<?xml version="1.0" encoding="UTF-8"?>
<testsuite xmlns:xsi="http://www.w3.org/2001/XMLSchema-instance" xsi:noNamespaceSchemaLocation="https://maven.apache.org/surefire/maven-surefire-plugin/xsd/surefire-test-report-3.0.xsd" version="3.0" name="org.apache.hadoop.ozone.client.rpc.TestOzoneRpcClientWithRatis" time="60.74" tests="123" errors="0" skipped="0" failures="1">
  <properties>
    <property name="awt.toolkit" value="sun.awt.X11.XToolkit"/>
    <property name="file.encoding.pkg" value="sun.io"/>
    <property name="java.specification.version" value="1.8"/>
    <property name="sun.cpu.isalist" value=""/>
    <property name="sun.jnu.encoding" value="UTF-8"/>
    <property name="gradle.enterprise.listener.surefire.forkId" value="1"/>
    <property name="java.class.path" value="/home/runner/work/ozone/ozone/hadoop-ozone/integration-test/target/test-classes:/home/runner/work/ozone/ozone/hadoop-ozone/integration-test/target/classes:/home/runner/.m2/repository/org/apache/ozone/ozone-common/1.5.0-SNAPSHOT/ozone-common-1.5.0-SNAPSHOT.jar:/home/runner/.m2/repository/io/grpc/grpc-netty/1.58.0/grpc-netty-1.58.0.jar:/home/runner/.m2/repository/io/grpc/grpc-core/1.58.0/grpc-core-1.58.0.jar:/home/runner/.m2/repository/com/google/android/annotations/4.1.1.4/annotations-4.1.1.4.jar:/home/runner/.m2/repository/org/codehaus/mojo/animal-sniffer-annotations/1.23/animal-sniffer-annotations-1.23.jar:/home/runner/.m2/repository/io/grpc/grpc-context/1.58.0/grpc-context-1.58.0.jar:/home/runner/.m2/repository/io/grpc/grpc-util/1.58.0/grpc-util-1.58.0.jar:/home/runner/.m2/repository/com/google/errorprone/error_prone_annotations/2.2.0/error_prone_annotations-2.2.0.jar:/home/runner/.m2/repository/io/perfmark/perfmark-api/0.26.0/perfmark-api-0.26.0.jar:/home/runner/.m2/repository/io/netty/netty-codec-http2/4.1.100.Final/netty-codec-http2-4.1.100.Final.jar:/home/runner/.m2/repository/io/netty/netty-common/4.1.100.Final/netty-common-4.1.100.Final.jar:/home/runner/.m2/repository/io/netty/netty-buffer/4.1.100.Final/netty-buffer-4.1.100.Final.jar:/home/runner/.m2/repository/io/netty/netty-codec-http/4.1.100.Final/netty-codec-http-4.1.100.Final.jar:/home/runner/.m2/repository/io/netty/netty-handler-proxy/4.1.100.Final/netty-handler-proxy-4.1.100.Final.jar:/home/runner/.m2/repository/io/netty/netty-codec-socks/4.1.100.Final/netty-codec-socks-4.1.100.Final.jar:/home/runner/.m2/repository/io/netty/netty-tcnative-boringssl-static/2.0.61.Final/netty-tcnative-boringssl-static-2.0.61.Final.jar:/home/runner/.m2/repository/io/netty/netty-tcnative-classes/2.0.61.Final/netty-tcnative-classes-2.0.61.Final.jar:/home/runner/.m2/repository/io/netty/netty-tcnative-boringssl-static/2.0.61.Final/netty-tcnative-boringssl-static-2.0.61.Final-linux-x86_64.jar:/home/runner/.m2/repository/io/netty/netty-tcnative-boringssl-static/2.0.61.Final/netty-tcnative-boringssl-static-2.0.61.Final-linux-aarch_64.jar:/home/runner/.m2/repository/io/netty/netty-tcnative-boringssl-static/2.0.61.Final/netty-tcnative-boringssl-static-2.0.61.Final-osx-x86_64.jar:/home/runner/.m2/repository/io/netty/netty-tcnative-boringssl-static/2.0.61.Final/netty-tcnative-boringssl-static-2.0.61.Final-osx-aarch_64.jar:/home/runner/.m2/repository/io/netty/netty-tcnative-boringssl-static/2.0.61.Final/netty-tcnative-boringssl-static-2.0.61.Final-windows-x86_64.jar:/home/runner/.m2/repository/org/apache/commons/commons-compress/1.25.0/commons-compress-1.25.0.jar:/home/runner/.m2/repository/org/apache/ozone/hdds-common/1.5.0-SNAPSHOT/hdds-common-1.5.0-SNAPSHOT.jar:/home/runner/.m2/repository/org/apache/ozone/hdds-client/1.5.0-SNAPSHOT/hdds-client-1.5.0-SNAPSHOT.jar:/home/runner/.m2/repository/org/apache/ozone/ozone-interface-client/1.5.0-SNAPSHOT/ozone-interface-client-1.5.0-SNAPSHOT.jar:/home/runner/.m2/repository/org/apache/hadoop/hadoop-hdfs-client/3.3.6/hadoop-hdfs-client-3.3.6.jar:/home/runner/.m2/repository/com/squareup/okhttp3/okhttp/4.12.0/okhttp-4.12.0.jar:/home/runner/.m2/repository/com/squareup/okio/okio/3.6.0/okio-3.6.0.jar:/home/runner/.m2/repository/com/squareup/okio/okio-jvm/3.6.0/okio-jvm-3.6.0.jar:/home/runner/.m2/repository/org/jetbrains/kotlin/kotlin-stdlib-jdk8/1.9.22/kotlin-stdlib-jdk8-1.9.22.jar:/home/runner/.m2/repository/org/jetbrains/kotlin/kotlin-stdlib-jdk7/1.9.22/kotlin-stdlib-jdk7-1.9.22.jar:/home/runner/.m2/repository/org/jetbrains/kotlin/kotlin-stdlib-common/1.9.22/kotlin-stdlib-common-1.9.22.jar:/home/runner/.m2/repository/org/apache/ozone/hdds-test-utils/1.5.0-SNAPSHOT/hdds-test-utils-1.5.0-SNAPSHOT.jar:/home/runner/.m2/repository/org/assertj/assertj-core/3.12.2/assertj-core-3.12.2.jar:/home/runner/.m2/repository/com/google/guava/guava/32.0.0-jre/guava-32.0.0-jre.jar:/home/runner/.m2/repository/com/google/guava/failureaccess/1.0.1/failureaccess-1.0.1.jar:/home/runner/.m2/repository/com/google/guava/listenablefuture/9999.0-empty-to-avoid-conflict-with-guava/listenablefuture-9999.0-empty-to-avoid-conflict-with-guava.jar:/home/runner/.m2/repository/com/google/code/findbugs/jsr305/3.0.0/jsr305-3.0.0.jar:/home/runner/.m2/repository/org/checkerframework/checker-qual/3.33.0/checker-qual-3.33.0.jar:/home/runner/.m2/repository/com/google/j2objc/j2objc-annotations/2.8/j2objc-annotations-2.8.jar:/home/runner/.m2/repository/commons-io/commons-io/2.11.0/commons-io-2.11.0.jar:/home/runner/.m2/repository/commons-logging/commons-logging/1.2/commons-logging-1.2.jar:/home/runner/.m2/repository/org/junit/jupiter/junit-jupiter-api/5.10.1/junit-jupiter-api-5.10.1.jar:/home/runner/.m2/repository/org/opentest4j/opentest4j/1.3.0/opentest4j-1.3.0.jar:/home/runner/.m2/repository/org/junit/platform/junit-platform-commons/1.10.1/junit-platform-commons-1.10.1.jar:/home/runner/.m2/repository/ch/qos/reload4j/reload4j/1.2.25/reload4j-1.2.25.jar:/home/runner/.m2/repository/org/slf4j/slf4j-api/2.0.10/slf4j-api-2.0.10.jar:/home/runner/.m2/repository/org/apache/logging/log4j/log4j-api/2.17.1/log4j-api-2.17.1.jar:/home/runner/.m2/repository/org/apache/ozone/hdds-server-scm/1.5.0-SNAPSHOT/hdds-server-scm-1.5.0-SNAPSHOT.jar:/home/runner/.m2/repository/com/google/protobuf/protobuf-java/2.5.0/protobuf-java-2.5.0.jar:/home/runner/.m2/repository/org/apache/ozone/hdds-container-service/1.5.0-SNAPSHOT/hdds-container-service-1.5.0-SNAPSHOT.jar:/home/runner/.m2/repository/org/apache/ozone/hdds-hadoop-dependency-server/1.5.0-SNAPSHOT/hdds-hadoop-dependency-server-1.5.0-SNAPSHOT.jar:/home/runner/.m2/repository/org/apache/hadoop/hadoop-hdfs/3.3.6/hadoop-hdfs-3.3.6.jar:/home/runner/.m2/repository/commons-daemon/commons-daemon/1.0.13/commons-daemon-1.0.13.jar:/home/runner/.m2/repository/org/apache/ozone/hdds-server-framework/1.5.0-SNAPSHOT/hdds-server-framework-1.5.0-SNAPSHOT.jar:/home/runner/.m2/repository/org/bouncycastle/bcprov-jdk15on/1.67/bcprov-jdk15on-1.67.jar:/home/runner/.m2/repository/io/dropwizard/metrics/metrics-core/3.2.4/metrics-core-3.2.4.jar:/home/runner/.m2/repository/org/apache/commons/commons-text/1.11.0/commons-text-1.11.0.jar:/home/runner/.m2/repository/org/apache/ozone/hdds-server-framework/1.5.0-SNAPSHOT/hdds-server-framework-1.5.0-SNAPSHOT-tests.jar:/home/runner/.m2/repository/org/apache/ozone/hdds-interface-server/1.5.0-SNAPSHOT/hdds-interface-server-1.5.0-SNAPSHOT.jar:/home/runner/.m2/repository/org/apache/ozone/hdds-interface-admin/1.5.0-SNAPSHOT/hdds-interface-admin-1.5.0-SNAPSHOT.jar:/home/runner/.m2/repository/org/apache/ozone/hdds-managed-rocksdb/1.5.0-SNAPSHOT/hdds-managed-rocksdb-1.5.0-SNAPSHOT.jar:/home/runner/.m2/repository/org/rocksdb/rocksdbjni/7.7.3/rocksdbjni-7.7.3.jar:/home/runner/.m2/repository/org/slf4j/slf4j-reload4j/2.0.10/slf4j-reload4j-2.0.10.jar:/home/runner/.m2/repository/org/apache/commons/commons-configuration2/2.8.0/commons-configuration2-2.8.0.jar:/home/runner/.m2/repository/commons-fileupload/commons-fileupload/1.5/commons-fileupload-1.5.jar:/home/runner/.m2/repository/org/apache/logging/log4j/log4j-core/2.17.1/log4j-core-2.17.1.jar:/home/runner/.m2/repository/com/lmax/disruptor/3.4.2/disruptor-3.4.2.jar:/home/runner/.m2/repository/org/eclipse/jetty/jetty-util/9.4.53.v20231009/jetty-util-9.4.53.v20231009.jar:/home/runner/.m2/repository/org/eclipse/jetty/jetty-server/9.4.53.v20231009/jetty-server-9.4.53.v20231009.jar:/home/runner/.m2/repository/org/eclipse/jetty/jetty-http/9.4.53.v20231009/jetty-http-9.4.53.v20231009.jar:/home/runner/.m2/repository/org/eclipse/jetty/jetty-io/9.4.53.v20231009/jetty-io-9.4.53.v20231009.jar:/home/runner/.m2/repository/org/eclipse/jetty/jetty-servlet/9.4.53.v20231009/jetty-servlet-9.4.53.v20231009.jar:/home/runner/.m2/repository/org/eclipse/jetty/jetty-security/9.4.53.v20231009/jetty-security-9.4.53.v20231009.jar:/home/runner/.m2/repository/org/eclipse/jetty/jetty-util-ajax/9.4.53.v20231009/jetty-util-ajax-9.4.53.v20231009.jar:/home/runner/.m2/repository/org/eclipse/jetty/jetty-webapp/9.4.53.v20231009/jetty-webapp-9.4.53.v20231009.jar:/home/runner/.m2/repository/org/eclipse/jetty/jetty-xml/9.4.53.v20231009/jetty-xml-9.4.53.v20231009.jar:/home/runner/.m2/repository/org/apache/ratis/ratis-server/3.0.1/ratis-server-3.0.1.jar:/home/runner/.m2/repository/org/apache/ratis/ratis-thirdparty-misc/1.0.5/ratis-thirdparty-misc-1.0.5.jar:/home/runner/.m2/repository/org/apache/ratis/ratis-proto/3.0.1/ratis-proto-3.0.1.jar:/home/runner/.m2/repository/org/apache/ratis/ratis-common/3.0.1/ratis-common-3.0.1.jar:/home/runner/.m2/repository/org/apache/ratis/ratis-client/3.0.1/ratis-client-3.0.1.jar:/home/runner/.m2/repository/org/apache/ratis/ratis-server-api/3.0.1/ratis-server-api-3.0.1.jar:/home/runner/.m2/repository/org/apache/ratis/ratis-metrics-api/3.0.1/ratis-metrics-api-3.0.1.jar:/home/runner/.m2/repository/org/apache/ratis/ratis-metrics-dropwizard3/3.0.1/ratis-metrics-dropwizard3-3.0.1.jar:/home/runner/.m2/repository/io/prometheus/simpleclient_dropwizard/0.16.0/simpleclient_dropwizard-0.16.0.jar:/home/runner/.m2/repository/io/prometheus/simpleclient/0.16.0/simpleclient-0.16.0.jar:/home/runner/.m2/repository/io/prometheus/simpleclient_common/0.16.0/simpleclient_common-0.16.0.jar:/home/runner/.m2/repository/com/fasterxml/jackson/datatype/jackson-datatype-jsr310/2.13.4/jackson-datatype-jsr310-2.13.4.jar:/home/runner/.m2/repository/com/fasterxml/jackson/core/jackson-core/2.13.4/jackson-core-2.13.4.jar:/home/runner/.m2/repository/org/apache/ozone/rocksdb-checkpoint-differ/1.5.0-SNAPSHOT/rocksdb-checkpoint-differ-1.5.0-SNAPSHOT.jar:/home/runner/.m2/repository/org/jgrapht/jgrapht-core/1.0.1/jgrapht-core-1.0.1.jar:/home/runner/.m2/repository/org/jgrapht/jgrapht-ext/1.0.1/jgrapht-ext-1.0.1.jar:/home/runner/.m2/repository/org/tinyjee/jgraphx/jgraphx/2.0.0.1/jgraphx-2.0.0.1.jar:/home/runner/.m2/repository/jgraph/jgraph/5.13.0.0/jgraph-5.13.0.0.jar:/home/runner/.m2/repository/org/antlr/antlr4-runtime/4.5.3/antlr4-runtime-4.5.3.jar:/home/runner/.m2/repository/org/apache/ozone/ozone-manager/1.5.0-SNAPSHOT/ozone-manager-1.5.0-SNAPSHOT.jar:/home/runner/.m2/repository/org/aspectj/aspectjrt/1.9.7/aspectjrt-1.9.7.jar:/home/runner/.m2/repository/org/aspectj/aspectjweaver/1.9.7/aspectjweaver-1.9.7.jar:/home/runner/.m2/repository/org/apache/ozone/hdds-interface-client/1.5.0-SNAPSHOT/hdds-interface-client-1.5.0-SNAPSHOT.jar:/home/runner/.m2/repository/org/apache/hadoop/thirdparty/hadoop-shaded-protobuf_3_7/1.1.1/hadoop-shaded-protobuf_3_7-1.1.1.jar:/home/runner/.m2/repository/org/apache/ozone/ozone-interface-storage/1.5.0-SNAPSHOT/ozone-interface-storage-1.5.0-SNAPSHOT.jar:/home/runner/.m2/repository/org/reflections/reflections/0.9.11/reflections-0.9.11.jar:/home/runner/.m2/repository/com/sun/jersey/jersey-client/1.19.4/jersey-client-1.19.4.jar:/home/runner/.m2/repository/org/codehaus/jackson/jackson-core-asl/1.9.13/jackson-core-asl-1.9.13.jar:/home/runner/.m2/repository/org/codehaus/jackson/jackson-mapper-asl/1.9.13/jackson-mapper-asl-1.9.13.jar:/home/runner/.m2/repository/org/codehaus/jackson/jackson-jaxrs/1.9.13/jackson-jaxrs-1.9.13.jar:/home/runner/.m2/repository/org/apache/ranger/ranger-intg/2.3.0/ranger-intg-2.3.0.jar:/home/runner/.m2/repository/org/apache/ranger/ranger-plugins-common/2.3.0/ranger-plugins-common-2.3.0.jar:/home/runner/.m2/repository/commons-lang/commons-lang/2.6/commons-lang-2.6.jar:/home/runner/.m2/repository/org/apache/ranger/ranger-plugins-cred/2.3.0/ranger-plugins-cred-2.3.0.jar:/home/runner/.m2/repository/org/apache/ranger/ranger-plugins-audit/2.3.0/ranger-plugins-audit-2.3.0.jar:/home/runner/.m2/repository/org/eclipse/jetty/jetty-client/9.4.53.v20231009/jetty-client-9.4.53.v20231009.jar:/home/runner/.m2/repository/org/apache/httpcomponents/httpmime/4.5.6/httpmime-4.5.6.jar:/home/runner/.m2/repository/org/apache/httpcomponents/httpcore-nio/4.4.16/httpcore-nio-4.4.16.jar:/home/runner/.m2/repository/org/apache/httpcomponents/httpasyncclient/4.1.3/httpasyncclient-4.1.3.jar:/home/runner/.m2/repository/com/carrotsearch/hppc/0.8.0/hppc-0.8.0.jar:/home/runner/.m2/repository/org/apache/orc/orc-core/1.5.8/orc-core-1.5.8.jar:/home/runner/.m2/repository/net/java/dev/jna/jna/5.2.0/jna-5.2.0.jar:/home/runner/.m2/repository/net/java/dev/jna/jna-platform/5.2.0/jna-platform-5.2.0.jar:/home/runner/.m2/repository/com/kstruct/gethostname4j/0.0.2/gethostname4j-0.0.2.jar:/home/runner/.m2/repository/org/apache/ranger/ranger-plugin-classloader/2.3.0/ranger-plugin-classloader-2.3.0.jar:/home/runner/.m2/repository/org/apache/ozone/hdds-rocks-native/1.5.0-SNAPSHOT/hdds-rocks-native-1.5.0-SNAPSHOT.jar:/home/runner/.m2/repository/org/apache/hadoop/hadoop-minikdc/3.3.6/hadoop-minikdc-3.3.6.jar:/home/runner/.m2/repository/org/apache/kerby/kerb-simplekdc/1.0.1/kerb-simplekdc-1.0.1.jar:/home/runner/.m2/repository/org/apache/kerby/kerb-client/1.0.1/kerb-client-1.0.1.jar:/home/runner/.m2/repository/org/apache/kerby/kerby-config/1.0.1/kerby-config-1.0.1.jar:/home/runner/.m2/repository/org/apache/kerby/kerb-common/1.0.1/kerb-common-1.0.1.jar:/home/runner/.m2/repository/org/apache/kerby/kerb-crypto/1.0.1/kerb-crypto-1.0.1.jar:/home/runner/.m2/repository/org/apache/kerby/kerb-util/1.0.1/kerb-util-1.0.1.jar:/home/runner/.m2/repository/org/apache/kerby/token-provider/1.0.1/token-provider-1.0.1.jar:/home/runner/.m2/repository/org/apache/kerby/kerb-admin/1.0.1/kerb-admin-1.0.1.jar:/home/runner/.m2/repository/org/apache/kerby/kerb-server/1.0.1/kerb-server-1.0.1.jar:/home/runner/.m2/repository/org/apache/kerby/kerb-identity/1.0.1/kerb-identity-1.0.1.jar:/home/runner/.m2/repository/org/apache/kerby/kerby-xdr/1.0.1/kerby-xdr-1.0.1.jar:/home/runner/.m2/repository/org/apache/ozone/ozone-s3gateway/1.5.0-SNAPSHOT/ozone-s3gateway-1.5.0-SNAPSHOT.jar:/home/runner/.m2/repository/org/javassist/javassist/3.21.0-GA/javassist-3.21.0-GA.jar:/home/runner/.m2/repository/org/jboss/weld/servlet/weld-servlet-shaded/3.1.9.Final/weld-servlet-shaded-3.1.9.Final.jar:/home/runner/.m2/repository/org/glassfish/jersey/containers/jersey-container-servlet-core/2.41/jersey-container-servlet-core-2.41.jar:/home/runner/.m2/repository/org/glassfish/hk2/external/jakarta.inject/2.6.1/jakarta.inject-2.6.1.jar:/home/runner/.m2/repository/org/glassfish/jersey/core/jersey-common/2.41/jersey-common-2.41.jar:/home/runner/.m2/repository/jakarta/ws/rs/jakarta.ws.rs-api/2.1.6/jakarta.ws.rs-api-2.1.6.jar:/home/runner/.m2/repository/org/glassfish/jersey/ext/cdi/jersey-cdi1x/2.41/jersey-cdi1x-2.41.jar:/home/runner/.m2/repository/org/glassfish/jersey/inject/jersey-hk2/2.41/jersey-hk2-2.41.jar:/home/runner/.m2/repository/org/glassfish/hk2/hk2-locator/2.6.1/hk2-locator-2.6.1.jar:/home/runner/.m2/repository/org/glassfish/jersey/media/jersey-media-jaxb/2.41/jersey-media-jaxb-2.41.jar:/home/runner/.m2/repository/org/glassfish/hk2/osgi-resource-locator/1.0.3/osgi-resource-locator-1.0.3.jar:/home/runner/.m2/repository/org/glassfish/hk2/hk2-api/2.5.0/hk2-api-2.5.0.jar:/home/runner/.m2/repository/org/glassfish/hk2/hk2-utils/2.5.0/hk2-utils-2.5.0.jar:/home/runner/.m2/repository/org/glassfish/hk2/external/aopalliance-repackaged/2.5.0/aopalliance-repackaged-2.5.0.jar:/home/runner/.m2/repository/com/fasterxml/jackson/dataformat/jackson-dataformat-xml/2.13.4/jackson-dataformat-xml-2.13.4.jar:/home/runner/.m2/repository/org/codehaus/woodstox/stax2-api/4.2.2/stax2-api-4.2.2.jar:/home/runner/.m2/repository/com/fasterxml/woodstox/woodstox-core/5.4.0/woodstox-core-5.4.0.jar:/home/runner/.m2/repository/com/fasterxml/jackson/module/jackson-module-jaxb-annotations/2.13.4/jackson-module-jaxb-annotations-2.13.4.jar:/home/runner/.m2/repository/javax/enterprise/cdi-api/2.0/cdi-api-2.0.jar:/home/runner/.m2/repository/javax/el/javax.el-api/3.0.0/javax.el-api-3.0.0.jar:/home/runner/.m2/repository/javax/interceptor/javax.interceptor-api/1.2/javax.interceptor-api-1.2.jar:/home/runner/.m2/repository/javax/inject/javax.inject/1/javax.inject-1.jar:/home/runner/.m2/repository/jakarta/xml/bind/jakarta.xml.bind-api/2.3.3/jakarta.xml.bind-api-2.3.3.jar:/home/runner/.m2/repository/org/glassfish/jaxb/jaxb-runtime/2.3.9/jaxb-runtime-2.3.9.jar:/home/runner/.m2/repository/org/glassfish/jaxb/txw2/2.3.9/txw2-2.3.9.jar:/home/runner/.m2/repository/com/sun/istack/istack-commons-runtime/3.0.12/istack-commons-runtime-3.0.12.jar:/home/runner/.m2/repository/com/sun/activation/jakarta.activation/1.2.2/jakarta.activation-1.2.2.jar:/home/runner/.m2/repository/jakarta/activation/jakarta.activation-api/1.2.2/jakarta.activation-api-1.2.2.jar:/home/runner/.m2/repository/io/grpc/grpc-protobuf/1.58.0/grpc-protobuf-1.58.0.jar:/home/runner/.m2/repository/com/google/api/grpc/proto-google-common-protos/2.22.0/proto-google-common-protos-2.22.0.jar:/home/runner/.m2/repository/io/grpc/grpc-protobuf-lite/1.58.0/grpc-protobuf-lite-1.58.0.jar:/home/runner/.m2/repository/io/grpc/grpc-stub/1.58.0/grpc-stub-1.58.0.jar:/home/runner/.m2/repository/io/netty/netty-transport/4.1.100.Final/netty-transport-4.1.100.Final.jar:/home/runner/.m2/repository/io/netty/netty-resolver/4.1.100.Final/netty-resolver-4.1.100.Final.jar:/home/runner/.m2/repository/org/apache/ozone/ozone-csi/1.5.0-SNAPSHOT/ozone-csi-1.5.0-SNAPSHOT.jar:/home/runner/.m2/repository/com/google/protobuf/protobuf-java-util/3.19.6/protobuf-java-util-3.19.6.jar:/home/runner/.m2/repository/com/google/code/gson/gson/2.9.0/gson-2.9.0.jar:/home/runner/.m2/repository/org/apache/ozone/hdds-config/1.5.0-SNAPSHOT/hdds-config-1.5.0-SNAPSHOT.jar:/home/runner/.m2/repository/io/netty/netty-transport-native-epoll/4.1.100.Final/netty-transport-native-epoll-4.1.100.Final-linux-x86_64.jar:/home/runner/.m2/repository/io/netty/netty-transport-classes-epoll/4.1.100.Final/netty-transport-classes-epoll-4.1.100.Final.jar:/home/runner/.m2/repository/io/netty/netty-transport-native-unix-common/4.1.100.Final/netty-transport-native-unix-common-4.1.100.Final.jar:/home/runner/.m2/repository/org/apache/ozone/ozone-recon/1.5.0-SNAPSHOT/ozone-recon-1.5.0-SNAPSHOT.jar:/home/runner/.m2/repository/org/apache/ozone/ozone-reconcodegen/1.5.0-SNAPSHOT/ozone-reconcodegen-1.5.0-SNAPSHOT.jar:/home/runner/.m2/repository/com/google/inject/guice/5.1.0/guice-5.1.0.jar:/home/runner/.m2/repository/aopalliance/aopalliance/1.0/aopalliance-1.0.jar:/home/runner/.m2/repository/com/google/inject/extensions/guice-assistedinject/5.1.0/guice-assistedinject-5.1.0.jar:/home/runner/.m2/repository/com/google/inject/extensions/guice-servlet/5.1.0/guice-servlet-5.1.0.jar:/home/runner/.m2/repository/org/glassfish/jersey/containers/jersey-container-servlet/2.41/jersey-container-servlet-2.41.jar:/home/runner/.m2/repository/org/glassfish/hk2/guice-bridge/2.5.0/guice-bridge-2.5.0.jar:/home/runner/.m2/repository/org/glassfish/jersey/core/jersey-server/2.41/jersey-server-2.41.jar:/home/runner/.m2/repository/org/glassfish/jersey/core/jersey-client/2.41/jersey-client-2.41.jar:/home/runner/.m2/repository/jakarta/annotation/jakarta.annotation-api/1.3.5/jakarta.annotation-api-1.3.5.jar:/home/runner/.m2/repository/jakarta/validation/jakarta.validation-api/2.0.2/jakarta.validation-api-2.0.2.jar:/home/runner/.m2/repository/org/glassfish/jersey/media/jersey-media-json-jackson/2.41/jersey-media-json-jackson-2.41.jar:/home/runner/.m2/repository/org/glassfish/jersey/ext/jersey-entity-filtering/2.41/jersey-entity-filtering-2.41.jar:/home/runner/.m2/repository/org/jooq/jooq/3.11.10/jooq-3.11.10.jar:/home/runner/.m2/repository/org/jooq/jooq-meta/3.11.10/jooq-meta-3.11.10.jar:/home/runner/.m2/repository/org/jooq/jooq-codegen/3.11.10/jooq-codegen-3.11.10.jar:/home/runner/.m2/repository/com/jolbox/bonecp/0.8.0.RELEASE/bonecp-0.8.0.RELEASE.jar:/home/runner/.m2/repository/org/apache/derby/derby/10.14.2.0/derby-10.14.2.0.jar:/home/runner/.m2/repository/org/xerial/sqlite-jdbc/3.44.1.0/sqlite-jdbc-3.44.1.0.jar:/home/runner/.m2/repository/org/springframework/spring-jdbc/5.3.27/spring-jdbc-5.3.27.jar:/home/runner/.m2/repository/org/springframework/spring-beans/5.3.27/spring-beans-5.3.27.jar:/home/runner/.m2/repository/org/springframework/spring-core/5.3.27/spring-core-5.3.27.jar:/home/runner/.m2/repository/org/springframework/spring-tx/5.3.27/spring-tx-5.3.27.jar:/home/runner/.m2/repository/org/apache/ozone/ozone-client/1.5.0-SNAPSHOT/ozone-client-1.5.0-SNAPSHOT.jar:/home/runner/.m2/repository/org/apache/ozone/hdds-erasurecode/1.5.0-SNAPSHOT/hdds-erasurecode-1.5.0-SNAPSHOT.jar:/home/runner/.m2/repository/org/apache/ozone/ozone-filesystem/1.5.0-SNAPSHOT/ozone-filesystem-1.5.0-SNAPSHOT.jar:/home/runner/.m2/repository/org/apache/ozone/ozone-filesystem-common/1.5.0-SNAPSHOT/ozone-filesystem-common-1.5.0-SNAPSHOT.jar:/home/runner/.m2/repository/org/apache/ozone/ozone-tools/1.5.0-SNAPSHOT/ozone-tools-1.5.0-SNAPSHOT.jar:/home/runner/.m2/repository/com/amazonaws/aws-java-sdk-core/1.12.632/aws-java-sdk-core-1.12.632.jar:/home/runner/.m2/repository/org/apache/httpcomponents/httpclient/4.5.13/httpclient-4.5.13.jar:/home/runner/.m2/repository/org/apache/httpcomponents/httpcore/4.4.16/httpcore-4.4.16.jar:/home/runner/.m2/repository/software/amazon/ion/ion-java/1.0.2/ion-java-1.0.2.jar:/home/runner/.m2/repository/com/fasterxml/jackson/dataformat/jackson-dataformat-cbor/2.13.4/jackson-dataformat-cbor-2.13.4.jar:/home/runner/.m2/repository/joda-time/joda-time/2.12.5/joda-time-2.12.5.jar:/home/runner/.m2/repository/com/amazonaws/aws-java-sdk-s3/1.12.632/aws-java-sdk-s3-1.12.632.jar:/home/runner/.m2/repository/com/amazonaws/aws-java-sdk-kms/1.12.632/aws-java-sdk-kms-1.12.632.jar:/home/runner/.m2/repository/com/amazonaws/jmespath-java/1.12.632/jmespath-java-1.12.632.jar:/home/runner/.m2/repository/org/kohsuke/metainf-services/metainf-services/1.8/metainf-services-1.8.jar:/home/runner/.m2/repository/org/apache/ozone/hdds-tools/1.5.0-SNAPSHOT/hdds-tools-1.5.0-SNAPSHOT.jar:/home/runner/.m2/repository/org/apache/ratis/ratis-tools/3.0.1/ratis-tools-3.0.1.jar:/home/runner/.m2/repository/commons-cli/commons-cli/1.6.0/commons-cli-1.6.0.jar:/home/runner/.m2/repository/org/apache/commons/commons-lang3/3.14.0/commons-lang3-3.14.0.jar:/home/runner/.m2/repository/org/apache/ozone/ozone-manager/1.5.0-SNAPSHOT/ozone-manager-1.5.0-SNAPSHOT-tests.jar:/home/runner/.m2/repository/org/apache/ozone/hdds-common/1.5.0-SNAPSHOT/hdds-common-1.5.0-SNAPSHOT-tests.jar:/home/runner/.m2/repository/org/apache/ozone/hdds-hadoop-dependency-client/1.5.0-SNAPSHOT/hdds-hadoop-dependency-client-1.5.0-SNAPSHOT.jar:/home/runner/.m2/repository/info/picocli/picocli/4.7.5/picocli-4.7.5.jar:/home/runner/.m2/repository/com/fasterxml/jackson/core/jackson-annotations/2.13.4/jackson-annotations-2.13.4.jar:/home/runner/.m2/repository/org/apache/ozone/hdds-annotation-processing/1.5.0-SNAPSHOT/hdds-annotation-processing-1.5.0-SNAPSHOT.jar:/home/runner/.m2/repository/javax/annotation/javax.annotation-api/1.3.2/javax.annotation-api-1.3.2.jar:/home/runner/.m2/repository/org/apache/ratis/ratis-netty/3.0.1/ratis-netty-3.0.1.jar:/home/runner/.m2/repository/org/apache/ratis/ratis-grpc/3.0.1/ratis-grpc-3.0.1.jar:/home/runner/.m2/repository/org/apache/commons/commons-pool2/2.6.0/commons-pool2-2.6.0.jar:/home/runner/.m2/repository/org/bouncycastle/bcpkix-jdk15on/1.67/bcpkix-jdk15on-1.67.jar:/home/runner/.m2/repository/commons-validator/commons-validator/1.6/commons-validator-1.6.jar:/home/runner/.m2/repository/commons-beanutils/commons-beanutils/1.9.4/commons-beanutils-1.9.4.jar:/home/runner/.m2/repository/commons-digester/commons-digester/1.8.1/commons-digester-1.8.1.jar:/home/runner/.m2/repository/commons-collections/commons-collections/3.2.2/commons-collections-3.2.2.jar:/home/runner/.m2/repository/io/jaegertracing/jaeger-client/1.6.0/jaeger-client-1.6.0.jar:/home/runner/.m2/repository/io/jaegertracing/jaeger-thrift/1.6.0/jaeger-thrift-1.6.0.jar:/home/runner/.m2/repository/org/apache/thrift/libthrift/0.14.1/libthrift-0.14.1.jar:/home/runner/.m2/repository/io/jaegertracing/jaeger-core/1.6.0/jaeger-core-1.6.0.jar:/home/runner/.m2/repository/io/jaegertracing/jaeger-tracerresolver/1.6.0/jaeger-tracerresolver-1.6.0.jar:/home/runner/.m2/repository/io/opentracing/contrib/opentracing-tracerresolver/0.1.8/opentracing-tracerresolver-0.1.8.jar:/home/runner/.m2/repository/org/jetbrains/kotlin/kotlin-stdlib/1.9.22/kotlin-stdlib-1.9.22.jar:/home/runner/.m2/repository/org/jetbrains/annotations/13.0/annotations-13.0.jar:/home/runner/.m2/repository/io/opentracing/opentracing-util/0.33.0/opentracing-util-0.33.0.jar:/home/runner/.m2/repository/io/opentracing/opentracing-api/0.33.0/opentracing-api-0.33.0.jar:/home/runner/.m2/repository/io/opentracing/opentracing-noop/0.33.0/opentracing-noop-0.33.0.jar:/home/runner/.m2/repository/org/yaml/snakeyaml/2.0/snakeyaml-2.0.jar:/home/runner/.m2/repository/io/grpc/grpc-api/1.58.0/grpc-api-1.58.0.jar:/home/runner/.m2/repository/junit/junit/4.13.1/junit-4.13.1.jar:/home/runner/.m2/repository/org/junit/jupiter/junit-jupiter-engine/5.10.1/junit-jupiter-engine-5.10.1.jar:/home/runner/.m2/repository/org/junit/platform/junit-platform-engine/1.10.1/junit-platform-engine-1.10.1.jar:/home/runner/.m2/repository/org/apiguardian/apiguardian-api/1.1.2/apiguardian-api-1.1.2.jar:/home/runner/.m2/repository/org/junit/vintage/junit-vintage-engine/5.10.1/junit-vintage-engine-5.10.1.jar:/home/runner/.m2/repository/org/junit/platform/junit-platform-launcher/1.10.1/junit-platform-launcher-1.10.1.jar:/home/runner/.m2/repository/org/apache/hadoop/hadoop-kms/3.3.6/hadoop-kms-3.3.6.jar:/home/runner/.m2/repository/org/apache/hadoop/hadoop-auth/3.3.6/hadoop-auth-3.3.6.jar:/home/runner/.m2/repository/com/nimbusds/nimbus-jose-jwt/9.8.1/nimbus-jose-jwt-9.8.1.jar:/home/runner/.m2/repository/com/github/stephenc/jcip/jcip-annotations/1.0-1/jcip-annotations-1.0-1.jar:/home/runner/.m2/repository/org/apache/zookeeper/zookeeper/3.7.2/zookeeper-3.7.2.jar:/home/runner/.m2/repository/org/apache/zookeeper/zookeeper-jute/3.7.2/zookeeper-jute-3.7.2.jar:/home/runner/.m2/repository/org/apache/yetus/audience-annotations/0.12.0/audience-annotations-0.12.0.jar:/home/runner/.m2/repository/org/apache/curator/curator-framework/4.2.0/curator-framework-4.2.0.jar:/home/runner/.m2/repository/org/apache/hadoop/thirdparty/hadoop-shaded-guava/1.1.1/hadoop-shaded-guava-1.1.1.jar:/home/runner/.m2/repository/com/sun/jersey/jersey-core/1.19.4/jersey-core-1.19.4.jar:/home/runner/.m2/repository/javax/ws/rs/jsr311-api/1.1.1/jsr311-api-1.1.1.jar:/home/runner/.m2/repository/com/sun/jersey/jersey-server/1.19.4/jersey-server-1.19.4.jar:/home/runner/.m2/repository/javax/servlet/javax.servlet-api/3.1.0/javax.servlet-api-3.1.0.jar:/home/runner/.m2/repository/org/apache/hadoop/hadoop-common/3.3.6/hadoop-common-3.3.6.jar:/home/runner/.m2/repository/org/apache/commons/commons-math3/3.1.1/commons-math3-3.1.1.jar:/home/runner/.m2/repository/commons-net/commons-net/3.10.0/commons-net-3.10.0.jar:/home/runner/.m2/repository/com/sun/jersey/jersey-servlet/1.19.4/jersey-servlet-1.19.4.jar:/home/runner/.m2/repository/com/github/pjfanning/jersey-json/1.20/jersey-json-1.20.jar:/home/runner/.m2/repository/org/codehaus/jettison/jettison/1.1/jettison-1.1.jar:/home/runner/.m2/repository/com/sun/xml/bind/jaxb-impl/2.2.3-1/jaxb-impl-2.2.3-1.jar:/home/runner/.m2/repository/com/google/re2j/re2j/1.1/re2j-1.1.jar:/home/runner/.m2/repository/com/jcraft/jsch/0.1.54/jsch-0.1.54.jar:/home/runner/.m2/repository/org/apache/curator/curator-client/4.2.0/curator-client-4.2.0.jar:/home/runner/.m2/repository/org/apache/curator/curator-recipes/5.2.0/curator-recipes-5.2.0.jar:/home/runner/.m2/repository/org/apache/kerby/kerb-core/1.0.1/kerb-core-1.0.1.jar:/home/runner/.m2/repository/org/apache/kerby/kerby-pkix/1.0.1/kerby-pkix-1.0.1.jar:/home/runner/.m2/repository/org/apache/kerby/kerby-asn1/1.0.1/kerby-asn1-1.0.1.jar:/home/runner/.m2/repository/org/apache/kerby/kerby-util/1.0.1/kerby-util-1.0.1.jar:/home/runner/.m2/repository/dnsjava/dnsjava/2.1.7/dnsjava-2.1.7.jar:/home/runner/.m2/repository/org/xerial/snappy/snappy-java/1.1.8.2/snappy-java-1.1.8.2.jar:/home/runner/.m2/repository/com/fasterxml/jackson/core/jackson-databind/2.13.4.2/jackson-databind-2.13.4.2.jar:/home/runner/.m2/repository/org/apache/hadoop/hadoop-kms/3.3.6/hadoop-kms-3.3.6-tests.jar:/home/runner/.m2/repository/org/apache/ozone/hdds-server-scm/1.5.0-SNAPSHOT/hdds-server-scm-1.5.0-SNAPSHOT-tests.jar:/home/runner/.m2/repository/org/apache/ozone/hdds-container-service/1.5.0-SNAPSHOT/hdds-container-service-1.5.0-SNAPSHOT-tests.jar:/home/runner/.m2/repository/com/github/luben/zstd-jni/1.5.2-5/zstd-jni-1.5.2-5.jar:/home/runner/.m2/repository/commons-codec/commons-codec/1.15/commons-codec-1.15.jar:/home/runner/.m2/repository/io/netty/netty-codec/4.1.100.Final/netty-codec-4.1.100.Final.jar:/home/runner/.m2/repository/io/netty/netty-handler/4.1.100.Final/netty-handler-4.1.100.Final.jar:/home/runner/.m2/repository/org/apache/ozone/hdds-hadoop-dependency-test/1.5.0-SNAPSHOT/hdds-hadoop-dependency-test-1.5.0-SNAPSHOT.jar:/home/runner/.m2/repository/org/apache/hadoop/hadoop-common/3.3.6/hadoop-common-3.3.6-tests.jar:/home/runner/.m2/repository/org/apache/hadoop/hadoop-hdfs/3.3.6/hadoop-hdfs-3.3.6-tests.jar:/home/runner/.m2/repository/org/junit/jupiter/junit-jupiter-params/5.10.1/junit-jupiter-params-5.10.1.jar:/home/runner/.m2/repository/org/mockito/mockito-core/4.11.0/mockito-core-4.11.0.jar:/home/runner/.m2/repository/net/bytebuddy/byte-buddy/1.12.19/byte-buddy-1.12.19.jar:/home/runner/.m2/repository/net/bytebuddy/byte-buddy-agent/1.12.19/byte-buddy-agent-1.12.19.jar:/home/runner/.m2/repository/org/objenesis/objenesis/1.0/objenesis-1.0.jar:/home/runner/.m2/repository/org/mockito/mockito-junit-jupiter/4.11.0/mockito-junit-jupiter-4.11.0.jar:/home/runner/.m2/repository/org/apache/hadoop/hadoop-distcp/3.3.6/hadoop-distcp-3.3.6.jar:/home/runner/.m2/repository/org/apache/hadoop/hadoop-mapreduce-client-jobclient/3.3.6/hadoop-mapreduce-client-jobclient-3.3.6.jar:/home/runner/.m2/repository/org/apache/hadoop/hadoop-mapreduce-client-common/3.3.6/hadoop-mapreduce-client-common-3.3.6.jar:/home/runner/.m2/repository/org/apache/hadoop/hadoop-yarn-common/3.3.6/hadoop-yarn-common-3.3.6.jar:/home/runner/.m2/repository/org/apache/hadoop/hadoop-yarn-api/3.3.6/hadoop-yarn-api-3.3.6.jar:/home/runner/.m2/repository/javax/xml/bind/jaxb-api/2.2.11/jaxb-api-2.2.11.jar:/home/runner/.m2/repository/com/sun/jersey/contribs/jersey-guice/1.19.4/jersey-guice-1.19.4.jar:/home/runner/.m2/repository/com/fasterxml/jackson/jaxrs/jackson-jaxrs-json-provider/2.13.4/jackson-jaxrs-json-provider-2.13.4.jar:/home/runner/.m2/repository/com/fasterxml/jackson/jaxrs/jackson-jaxrs-base/2.13.4/jackson-jaxrs-base-2.13.4.jar:/home/runner/.m2/repository/org/apache/hadoop/hadoop-yarn-client/3.3.6/hadoop-yarn-client-3.3.6.jar:/home/runner/.m2/repository/org/eclipse/jetty/websocket/websocket-client/9.4.51.v20230217/websocket-client-9.4.51.v20230217.jar:/home/runner/.m2/repository/org/eclipse/jetty/websocket/websocket-common/9.4.51.v20230217/websocket-common-9.4.51.v20230217.jar:/home/runner/.m2/repository/org/eclipse/jetty/websocket/websocket-api/9.4.51.v20230217/websocket-api-9.4.51.v20230217.jar:/home/runner/.m2/repository/org/jline/jline/3.9.0/jline-3.9.0.jar:/home/runner/.m2/repository/org/apache/hadoop/hadoop-mapreduce-client-core/3.3.6/hadoop-mapreduce-client-core-3.3.6.jar:/home/runner/.m2/repository/org/apache/avro/avro/1.7.7/avro-1.7.7.jar:/home/runner/.m2/repository/com/thoughtworks/paranamer/paranamer/2.3/paranamer-2.3.jar:/home/runner/.m2/repository/org/apache/hadoop/hadoop-annotations/3.3.6/hadoop-annotations-3.3.6.jar:/usr/lib/jvm/temurin-8-jdk-amd64/jre/../lib/tools.jar:/home/runner/.m2/repository/io/netty/netty/3.10.6.Final/netty-3.10.6.Final.jar:/home/runner/.m2/repository/org/apache/hadoop/hadoop-distcp/3.3.6/hadoop-distcp-3.3.6-tests.jar:/home/runner/.m2/repository/org/hamcrest/hamcrest/2.2/hamcrest-2.2.jar:/home/runner/.m2/repository/org/slf4j/jul-to-slf4j/2.0.10/jul-to-slf4j-2.0.10.jar:/home/runner/work/ozone/ozone/hadoop-ozone/integration-test/target/gradle-enterprise/test-listeners.jar:"/>
    <property name="java.vm.vendor" value="Temurin"/>
    <property name="sun.arch.data.model" value="64"/>
    <property name="test.build.dir" value="/home/runner/work/ozone/ozone/hadoop-ozone/integration-test/target/test-dir"/>
    <property name="test.cache.data" value=""/>
    <property name="java.vendor.url" value="https://adoptium.net/"/>
    <property name="user.timezone" value="Etc/UTC"/>
    <property name="maven-surefire-plugin.argLineAccessArgs" value=""/>
    <property name="os.name" value="Linux"/>
    <property name="java.vm.specification.version" value="1.8"/>
    <property name="test.build.data" value="/home/runner/work/ozone/ozone/hadoop-ozone/integration-test/target/test-dir"/>
    <property name="sun.java.launcher" value="SUN_STANDARD"/>
    <property name="sun.boot.library.path" value="/usr/lib/jvm/temurin-8-jdk-amd64/jre/lib/amd64"/>
    <property name="sun.java.command" value="/home/runner/work/ozone/ozone/hadoop-ozone/integration-test/target/surefire/surefirebooter-20240117074724001_155.jar /home/runner/work/ozone/ozone/hadoop-ozone/integration-test/target/surefire 2024-01-17T07-47-22_070-jvmRun1 surefire-20240117074724001_153tmp surefire_6-20240117074724001_154tmp"/>
    <property name="native.lib.tmp.dir" value="/tmp"/>
    <property name="surefire.test.class.path" value="/home/runner/work/ozone/ozone/hadoop-ozone/integration-test/target/test-classes:/home/runner/work/ozone/ozone/hadoop-ozone/integration-test/target/classes:/home/runner/.m2/repository/org/apache/ozone/ozone-common/1.5.0-SNAPSHOT/ozone-common-1.5.0-SNAPSHOT.jar:/home/runner/.m2/repository/io/grpc/grpc-netty/1.58.0/grpc-netty-1.58.0.jar:/home/runner/.m2/repository/io/grpc/grpc-core/1.58.0/grpc-core-1.58.0.jar:/home/runner/.m2/repository/com/google/android/annotations/4.1.1.4/annotations-4.1.1.4.jar:/home/runner/.m2/repository/org/codehaus/mojo/animal-sniffer-annotations/1.23/animal-sniffer-annotations-1.23.jar:/home/runner/.m2/repository/io/grpc/grpc-context/1.58.0/grpc-context-1.58.0.jar:/home/runner/.m2/repository/io/grpc/grpc-util/1.58.0/grpc-util-1.58.0.jar:/home/runner/.m2/repository/com/google/errorprone/error_prone_annotations/2.2.0/error_prone_annotations-2.2.0.jar:/home/runner/.m2/repository/io/perfmark/perfmark-api/0.26.0/perfmark-api-0.26.0.jar:/home/runner/.m2/repository/io/netty/netty-codec-http2/4.1.100.Final/netty-codec-http2-4.1.100.Final.jar:/home/runner/.m2/repository/io/netty/netty-common/4.1.100.Final/netty-common-4.1.100.Final.jar:/home/runner/.m2/repository/io/netty/netty-buffer/4.1.100.Final/netty-buffer-4.1.100.Final.jar:/home/runner/.m2/repository/io/netty/netty-codec-http/4.1.100.Final/netty-codec-http-4.1.100.Final.jar:/home/runner/.m2/repository/io/netty/netty-handler-proxy/4.1.100.Final/netty-handler-proxy-4.1.100.Final.jar:/home/runner/.m2/repository/io/netty/netty-codec-socks/4.1.100.Final/netty-codec-socks-4.1.100.Final.jar:/home/runner/.m2/repository/io/netty/netty-tcnative-boringssl-static/2.0.61.Final/netty-tcnative-boringssl-static-2.0.61.Final.jar:/home/runner/.m2/repository/io/netty/netty-tcnative-classes/2.0.61.Final/netty-tcnative-classes-2.0.61.Final.jar:/home/runner/.m2/repository/io/netty/netty-tcnative-boringssl-static/2.0.61.Final/netty-tcnative-boringssl-static-2.0.61.Final-linux-x86_64.jar:/home/runner/.m2/repository/io/netty/netty-tcnative-boringssl-static/2.0.61.Final/netty-tcnative-boringssl-static-2.0.61.Final-linux-aarch_64.jar:/home/runner/.m2/repository/io/netty/netty-tcnative-boringssl-static/2.0.61.Final/netty-tcnative-boringssl-static-2.0.61.Final-osx-x86_64.jar:/home/runner/.m2/repository/io/netty/netty-tcnative-boringssl-static/2.0.61.Final/netty-tcnative-boringssl-static-2.0.61.Final-osx-aarch_64.jar:/home/runner/.m2/repository/io/netty/netty-tcnative-boringssl-static/2.0.61.Final/netty-tcnative-boringssl-static-2.0.61.Final-windows-x86_64.jar:/home/runner/.m2/repository/org/apache/commons/commons-compress/1.25.0/commons-compress-1.25.0.jar:/home/runner/.m2/repository/org/apache/ozone/hdds-common/1.5.0-SNAPSHOT/hdds-common-1.5.0-SNAPSHOT.jar:/home/runner/.m2/repository/org/apache/ozone/hdds-client/1.5.0-SNAPSHOT/hdds-client-1.5.0-SNAPSHOT.jar:/home/runner/.m2/repository/org/apache/ozone/ozone-interface-client/1.5.0-SNAPSHOT/ozone-interface-client-1.5.0-SNAPSHOT.jar:/home/runner/.m2/repository/org/apache/hadoop/hadoop-hdfs-client/3.3.6/hadoop-hdfs-client-3.3.6.jar:/home/runner/.m2/repository/com/squareup/okhttp3/okhttp/4.12.0/okhttp-4.12.0.jar:/home/runner/.m2/repository/com/squareup/okio/okio/3.6.0/okio-3.6.0.jar:/home/runner/.m2/repository/com/squareup/okio/okio-jvm/3.6.0/okio-jvm-3.6.0.jar:/home/runner/.m2/repository/org/jetbrains/kotlin/kotlin-stdlib-jdk8/1.9.22/kotlin-stdlib-jdk8-1.9.22.jar:/home/runner/.m2/repository/org/jetbrains/kotlin/kotlin-stdlib-jdk7/1.9.22/kotlin-stdlib-jdk7-1.9.22.jar:/home/runner/.m2/repository/org/jetbrains/kotlin/kotlin-stdlib-common/1.9.22/kotlin-stdlib-common-1.9.22.jar:/home/runner/.m2/repository/org/apache/ozone/hdds-test-utils/1.5.0-SNAPSHOT/hdds-test-utils-1.5.0-SNAPSHOT.jar:/home/runner/.m2/repository/org/assertj/assertj-core/3.12.2/assertj-core-3.12.2.jar:/home/runner/.m2/repository/com/google/guava/guava/32.0.0-jre/guava-32.0.0-jre.jar:/home/runner/.m2/repository/com/google/guava/failureaccess/1.0.1/failureaccess-1.0.1.jar:/home/runner/.m2/repository/com/google/guava/listenablefuture/9999.0-empty-to-avoid-conflict-with-guava/listenablefuture-9999.0-empty-to-avoid-conflict-with-guava.jar:/home/runner/.m2/repository/com/google/code/findbugs/jsr305/3.0.0/jsr305-3.0.0.jar:/home/runner/.m2/repository/org/checkerframework/checker-qual/3.33.0/checker-qual-3.33.0.jar:/home/runner/.m2/repository/com/google/j2objc/j2objc-annotations/2.8/j2objc-annotations-2.8.jar:/home/runner/.m2/repository/commons-io/commons-io/2.11.0/commons-io-2.11.0.jar:/home/runner/.m2/repository/commons-logging/commons-logging/1.2/commons-logging-1.2.jar:/home/runner/.m2/repository/org/junit/jupiter/junit-jupiter-api/5.10.1/junit-jupiter-api-5.10.1.jar:/home/runner/.m2/repository/org/opentest4j/opentest4j/1.3.0/opentest4j-1.3.0.jar:/home/runner/.m2/repository/org/junit/platform/junit-platform-commons/1.10.1/junit-platform-commons-1.10.1.jar:/home/runner/.m2/repository/ch/qos/reload4j/reload4j/1.2.25/reload4j-1.2.25.jar:/home/runner/.m2/repository/org/slf4j/slf4j-api/2.0.10/slf4j-api-2.0.10.jar:/home/runner/.m2/repository/org/apache/logging/log4j/log4j-api/2.17.1/log4j-api-2.17.1.jar:/home/runner/.m2/repository/org/apache/ozone/hdds-server-scm/1.5.0-SNAPSHOT/hdds-server-scm-1.5.0-SNAPSHOT.jar:/home/runner/.m2/repository/com/google/protobuf/protobuf-java/2.5.0/protobuf-java-2.5.0.jar:/home/runner/.m2/repository/org/apache/ozone/hdds-container-service/1.5.0-SNAPSHOT/hdds-container-service-1.5.0-SNAPSHOT.jar:/home/runner/.m2/repository/org/apache/ozone/hdds-hadoop-dependency-server/1.5.0-SNAPSHOT/hdds-hadoop-dependency-server-1.5.0-SNAPSHOT.jar:/home/runner/.m2/repository/org/apache/hadoop/hadoop-hdfs/3.3.6/hadoop-hdfs-3.3.6.jar:/home/runner/.m2/repository/commons-daemon/commons-daemon/1.0.13/commons-daemon-1.0.13.jar:/home/runner/.m2/repository/org/apache/ozone/hdds-server-framework/1.5.0-SNAPSHOT/hdds-server-framework-1.5.0-SNAPSHOT.jar:/home/runner/.m2/repository/org/bouncycastle/bcprov-jdk15on/1.67/bcprov-jdk15on-1.67.jar:/home/runner/.m2/repository/io/dropwizard/metrics/metrics-core/3.2.4/metrics-core-3.2.4.jar:/home/runner/.m2/repository/org/apache/commons/commons-text/1.11.0/commons-text-1.11.0.jar:/home/runner/.m2/repository/org/apache/ozone/hdds-server-framework/1.5.0-SNAPSHOT/hdds-server-framework-1.5.0-SNAPSHOT-tests.jar:/home/runner/.m2/repository/org/apache/ozone/hdds-interface-server/1.5.0-SNAPSHOT/hdds-interface-server-1.5.0-SNAPSHOT.jar:/home/runner/.m2/repository/org/apache/ozone/hdds-interface-admin/1.5.0-SNAPSHOT/hdds-interface-admin-1.5.0-SNAPSHOT.jar:/home/runner/.m2/repository/org/apache/ozone/hdds-managed-rocksdb/1.5.0-SNAPSHOT/hdds-managed-rocksdb-1.5.0-SNAPSHOT.jar:/home/runner/.m2/repository/org/rocksdb/rocksdbjni/7.7.3/rocksdbjni-7.7.3.jar:/home/runner/.m2/repository/org/slf4j/slf4j-reload4j/2.0.10/slf4j-reload4j-2.0.10.jar:/home/runner/.m2/repository/org/apache/commons/commons-configuration2/2.8.0/commons-configuration2-2.8.0.jar:/home/runner/.m2/repository/commons-fileupload/commons-fileupload/1.5/commons-fileupload-1.5.jar:/home/runner/.m2/repository/org/apache/logging/log4j/log4j-core/2.17.1/log4j-core-2.17.1.jar:/home/runner/.m2/repository/com/lmax/disruptor/3.4.2/disruptor-3.4.2.jar:/home/runner/.m2/repository/org/eclipse/jetty/jetty-util/9.4.53.v20231009/jetty-util-9.4.53.v20231009.jar:/home/runner/.m2/repository/org/eclipse/jetty/jetty-server/9.4.53.v20231009/jetty-server-9.4.53.v20231009.jar:/home/runner/.m2/repository/org/eclipse/jetty/jetty-http/9.4.53.v20231009/jetty-http-9.4.53.v20231009.jar:/home/runner/.m2/repository/org/eclipse/jetty/jetty-io/9.4.53.v20231009/jetty-io-9.4.53.v20231009.jar:/home/runner/.m2/repository/org/eclipse/jetty/jetty-servlet/9.4.53.v20231009/jetty-servlet-9.4.53.v20231009.jar:/home/runner/.m2/repository/org/eclipse/jetty/jetty-security/9.4.53.v20231009/jetty-security-9.4.53.v20231009.jar:/home/runner/.m2/repository/org/eclipse/jetty/jetty-util-ajax/9.4.53.v20231009/jetty-util-ajax-9.4.53.v20231009.jar:/home/runner/.m2/repository/org/eclipse/jetty/jetty-webapp/9.4.53.v20231009/jetty-webapp-9.4.53.v20231009.jar:/home/runner/.m2/repository/org/eclipse/jetty/jetty-xml/9.4.53.v20231009/jetty-xml-9.4.53.v20231009.jar:/home/runner/.m2/repository/org/apache/ratis/ratis-server/3.0.1/ratis-server-3.0.1.jar:/home/runner/.m2/repository/org/apache/ratis/ratis-thirdparty-misc/1.0.5/ratis-thirdparty-misc-1.0.5.jar:/home/runner/.m2/repository/org/apache/ratis/ratis-proto/3.0.1/ratis-proto-3.0.1.jar:/home/runner/.m2/repository/org/apache/ratis/ratis-common/3.0.1/ratis-common-3.0.1.jar:/home/runner/.m2/repository/org/apache/ratis/ratis-client/3.0.1/ratis-client-3.0.1.jar:/home/runner/.m2/repository/org/apache/ratis/ratis-server-api/3.0.1/ratis-server-api-3.0.1.jar:/home/runner/.m2/repository/org/apache/ratis/ratis-metrics-api/3.0.1/ratis-metrics-api-3.0.1.jar:/home/runner/.m2/repository/org/apache/ratis/ratis-metrics-dropwizard3/3.0.1/ratis-metrics-dropwizard3-3.0.1.jar:/home/runner/.m2/repository/io/prometheus/simpleclient_dropwizard/0.16.0/simpleclient_dropwizard-0.16.0.jar:/home/runner/.m2/repository/io/prometheus/simpleclient/0.16.0/simpleclient-0.16.0.jar:/home/runner/.m2/repository/io/prometheus/simpleclient_common/0.16.0/simpleclient_common-0.16.0.jar:/home/runner/.m2/repository/com/fasterxml/jackson/datatype/jackson-datatype-jsr310/2.13.4/jackson-datatype-jsr310-2.13.4.jar:/home/runner/.m2/repository/com/fasterxml/jackson/core/jackson-core/2.13.4/jackson-core-2.13.4.jar:/home/runner/.m2/repository/org/apache/ozone/rocksdb-checkpoint-differ/1.5.0-SNAPSHOT/rocksdb-checkpoint-differ-1.5.0-SNAPSHOT.jar:/home/runner/.m2/repository/org/jgrapht/jgrapht-core/1.0.1/jgrapht-core-1.0.1.jar:/home/runner/.m2/repository/org/jgrapht/jgrapht-ext/1.0.1/jgrapht-ext-1.0.1.jar:/home/runner/.m2/repository/org/tinyjee/jgraphx/jgraphx/2.0.0.1/jgraphx-2.0.0.1.jar:/home/runner/.m2/repository/jgraph/jgraph/5.13.0.0/jgraph-5.13.0.0.jar:/home/runner/.m2/repository/org/antlr/antlr4-runtime/4.5.3/antlr4-runtime-4.5.3.jar:/home/runner/.m2/repository/org/apache/ozone/ozone-manager/1.5.0-SNAPSHOT/ozone-manager-1.5.0-SNAPSHOT.jar:/home/runner/.m2/repository/org/aspectj/aspectjrt/1.9.7/aspectjrt-1.9.7.jar:/home/runner/.m2/repository/org/aspectj/aspectjweaver/1.9.7/aspectjweaver-1.9.7.jar:/home/runner/.m2/repository/org/apache/ozone/hdds-interface-client/1.5.0-SNAPSHOT/hdds-interface-client-1.5.0-SNAPSHOT.jar:/home/runner/.m2/repository/org/apache/hadoop/thirdparty/hadoop-shaded-protobuf_3_7/1.1.1/hadoop-shaded-protobuf_3_7-1.1.1.jar:/home/runner/.m2/repository/org/apache/ozone/ozone-interface-storage/1.5.0-SNAPSHOT/ozone-interface-storage-1.5.0-SNAPSHOT.jar:/home/runner/.m2/repository/org/reflections/reflections/0.9.11/reflections-0.9.11.jar:/home/runner/.m2/repository/com/sun/jersey/jersey-client/1.19.4/jersey-client-1.19.4.jar:/home/runner/.m2/repository/org/codehaus/jackson/jackson-core-asl/1.9.13/jackson-core-asl-1.9.13.jar:/home/runner/.m2/repository/org/codehaus/jackson/jackson-mapper-asl/1.9.13/jackson-mapper-asl-1.9.13.jar:/home/runner/.m2/repository/org/codehaus/jackson/jackson-jaxrs/1.9.13/jackson-jaxrs-1.9.13.jar:/home/runner/.m2/repository/org/apache/ranger/ranger-intg/2.3.0/ranger-intg-2.3.0.jar:/home/runner/.m2/repository/org/apache/ranger/ranger-plugins-common/2.3.0/ranger-plugins-common-2.3.0.jar:/home/runner/.m2/repository/commons-lang/commons-lang/2.6/commons-lang-2.6.jar:/home/runner/.m2/repository/org/apache/ranger/ranger-plugins-cred/2.3.0/ranger-plugins-cred-2.3.0.jar:/home/runner/.m2/repository/org/apache/ranger/ranger-plugins-audit/2.3.0/ranger-plugins-audit-2.3.0.jar:/home/runner/.m2/repository/org/eclipse/jetty/jetty-client/9.4.53.v20231009/jetty-client-9.4.53.v20231009.jar:/home/runner/.m2/repository/org/apache/httpcomponents/httpmime/4.5.6/httpmime-4.5.6.jar:/home/runner/.m2/repository/org/apache/httpcomponents/httpcore-nio/4.4.16/httpcore-nio-4.4.16.jar:/home/runner/.m2/repository/org/apache/httpcomponents/httpasyncclient/4.1.3/httpasyncclient-4.1.3.jar:/home/runner/.m2/repository/com/carrotsearch/hppc/0.8.0/hppc-0.8.0.jar:/home/runner/.m2/repository/org/apache/orc/orc-core/1.5.8/orc-core-1.5.8.jar:/home/runner/.m2/repository/net/java/dev/jna/jna/5.2.0/jna-5.2.0.jar:/home/runner/.m2/repository/net/java/dev/jna/jna-platform/5.2.0/jna-platform-5.2.0.jar:/home/runner/.m2/repository/com/kstruct/gethostname4j/0.0.2/gethostname4j-0.0.2.jar:/home/runner/.m2/repository/org/apache/ranger/ranger-plugin-classloader/2.3.0/ranger-plugin-classloader-2.3.0.jar:/home/runner/.m2/repository/org/apache/ozone/hdds-rocks-native/1.5.0-SNAPSHOT/hdds-rocks-native-1.5.0-SNAPSHOT.jar:/home/runner/.m2/repository/org/apache/hadoop/hadoop-minikdc/3.3.6/hadoop-minikdc-3.3.6.jar:/home/runner/.m2/repository/org/apache/kerby/kerb-simplekdc/1.0.1/kerb-simplekdc-1.0.1.jar:/home/runner/.m2/repository/org/apache/kerby/kerb-client/1.0.1/kerb-client-1.0.1.jar:/home/runner/.m2/repository/org/apache/kerby/kerby-config/1.0.1/kerby-config-1.0.1.jar:/home/runner/.m2/repository/org/apache/kerby/kerb-common/1.0.1/kerb-common-1.0.1.jar:/home/runner/.m2/repository/org/apache/kerby/kerb-crypto/1.0.1/kerb-crypto-1.0.1.jar:/home/runner/.m2/repository/org/apache/kerby/kerb-util/1.0.1/kerb-util-1.0.1.jar:/home/runner/.m2/repository/org/apache/kerby/token-provider/1.0.1/token-provider-1.0.1.jar:/home/runner/.m2/repository/org/apache/kerby/kerb-admin/1.0.1/kerb-admin-1.0.1.jar:/home/runner/.m2/repository/org/apache/kerby/kerb-server/1.0.1/kerb-server-1.0.1.jar:/home/runner/.m2/repository/org/apache/kerby/kerb-identity/1.0.1/kerb-identity-1.0.1.jar:/home/runner/.m2/repository/org/apache/kerby/kerby-xdr/1.0.1/kerby-xdr-1.0.1.jar:/home/runner/.m2/repository/org/apache/ozone/ozone-s3gateway/1.5.0-SNAPSHOT/ozone-s3gateway-1.5.0-SNAPSHOT.jar:/home/runner/.m2/repository/org/javassist/javassist/3.21.0-GA/javassist-3.21.0-GA.jar:/home/runner/.m2/repository/org/jboss/weld/servlet/weld-servlet-shaded/3.1.9.Final/weld-servlet-shaded-3.1.9.Final.jar:/home/runner/.m2/repository/org/glassfish/jersey/containers/jersey-container-servlet-core/2.41/jersey-container-servlet-core-2.41.jar:/home/runner/.m2/repository/org/glassfish/hk2/external/jakarta.inject/2.6.1/jakarta.inject-2.6.1.jar:/home/runner/.m2/repository/org/glassfish/jersey/core/jersey-common/2.41/jersey-common-2.41.jar:/home/runner/.m2/repository/jakarta/ws/rs/jakarta.ws.rs-api/2.1.6/jakarta.ws.rs-api-2.1.6.jar:/home/runner/.m2/repository/org/glassfish/jersey/ext/cdi/jersey-cdi1x/2.41/jersey-cdi1x-2.41.jar:/home/runner/.m2/repository/org/glassfish/jersey/inject/jersey-hk2/2.41/jersey-hk2-2.41.jar:/home/runner/.m2/repository/org/glassfish/hk2/hk2-locator/2.6.1/hk2-locator-2.6.1.jar:/home/runner/.m2/repository/org/glassfish/jersey/media/jersey-media-jaxb/2.41/jersey-media-jaxb-2.41.jar:/home/runner/.m2/repository/org/glassfish/hk2/osgi-resource-locator/1.0.3/osgi-resource-locator-1.0.3.jar:/home/runner/.m2/repository/org/glassfish/hk2/hk2-api/2.5.0/hk2-api-2.5.0.jar:/home/runner/.m2/repository/org/glassfish/hk2/hk2-utils/2.5.0/hk2-utils-2.5.0.jar:/home/runner/.m2/repository/org/glassfish/hk2/external/aopalliance-repackaged/2.5.0/aopalliance-repackaged-2.5.0.jar:/home/runner/.m2/repository/com/fasterxml/jackson/dataformat/jackson-dataformat-xml/2.13.4/jackson-dataformat-xml-2.13.4.jar:/home/runner/.m2/repository/org/codehaus/woodstox/stax2-api/4.2.2/stax2-api-4.2.2.jar:/home/runner/.m2/repository/com/fasterxml/woodstox/woodstox-core/5.4.0/woodstox-core-5.4.0.jar:/home/runner/.m2/repository/com/fasterxml/jackson/module/jackson-module-jaxb-annotations/2.13.4/jackson-module-jaxb-annotations-2.13.4.jar:/home/runner/.m2/repository/javax/enterprise/cdi-api/2.0/cdi-api-2.0.jar:/home/runner/.m2/repository/javax/el/javax.el-api/3.0.0/javax.el-api-3.0.0.jar:/home/runner/.m2/repository/javax/interceptor/javax.interceptor-api/1.2/javax.interceptor-api-1.2.jar:/home/runner/.m2/repository/javax/inject/javax.inject/1/javax.inject-1.jar:/home/runner/.m2/repository/jakarta/xml/bind/jakarta.xml.bind-api/2.3.3/jakarta.xml.bind-api-2.3.3.jar:/home/runner/.m2/repository/org/glassfish/jaxb/jaxb-runtime/2.3.9/jaxb-runtime-2.3.9.jar:/home/runner/.m2/repository/org/glassfish/jaxb/txw2/2.3.9/txw2-2.3.9.jar:/home/runner/.m2/repository/com/sun/istack/istack-commons-runtime/3.0.12/istack-commons-runtime-3.0.12.jar:/home/runner/.m2/repository/com/sun/activation/jakarta.activation/1.2.2/jakarta.activation-1.2.2.jar:/home/runner/.m2/repository/jakarta/activation/jakarta.activation-api/1.2.2/jakarta.activation-api-1.2.2.jar:/home/runner/.m2/repository/io/grpc/grpc-protobuf/1.58.0/grpc-protobuf-1.58.0.jar:/home/runner/.m2/repository/com/google/api/grpc/proto-google-common-protos/2.22.0/proto-google-common-protos-2.22.0.jar:/home/runner/.m2/repository/io/grpc/grpc-protobuf-lite/1.58.0/grpc-protobuf-lite-1.58.0.jar:/home/runner/.m2/repository/io/grpc/grpc-stub/1.58.0/grpc-stub-1.58.0.jar:/home/runner/.m2/repository/io/netty/netty-transport/4.1.100.Final/netty-transport-4.1.100.Final.jar:/home/runner/.m2/repository/io/netty/netty-resolver/4.1.100.Final/netty-resolver-4.1.100.Final.jar:/home/runner/.m2/repository/org/apache/ozone/ozone-csi/1.5.0-SNAPSHOT/ozone-csi-1.5.0-SNAPSHOT.jar:/home/runner/.m2/repository/com/google/protobuf/protobuf-java-util/3.19.6/protobuf-java-util-3.19.6.jar:/home/runner/.m2/repository/com/google/code/gson/gson/2.9.0/gson-2.9.0.jar:/home/runner/.m2/repository/org/apache/ozone/hdds-config/1.5.0-SNAPSHOT/hdds-config-1.5.0-SNAPSHOT.jar:/home/runner/.m2/repository/io/netty/netty-transport-native-epoll/4.1.100.Final/netty-transport-native-epoll-4.1.100.Final-linux-x86_64.jar:/home/runner/.m2/repository/io/netty/netty-transport-classes-epoll/4.1.100.Final/netty-transport-classes-epoll-4.1.100.Final.jar:/home/runner/.m2/repository/io/netty/netty-transport-native-unix-common/4.1.100.Final/netty-transport-native-unix-common-4.1.100.Final.jar:/home/runner/.m2/repository/org/apache/ozone/ozone-recon/1.5.0-SNAPSHOT/ozone-recon-1.5.0-SNAPSHOT.jar:/home/runner/.m2/repository/org/apache/ozone/ozone-reconcodegen/1.5.0-SNAPSHOT/ozone-reconcodegen-1.5.0-SNAPSHOT.jar:/home/runner/.m2/repository/com/google/inject/guice/5.1.0/guice-5.1.0.jar:/home/runner/.m2/repository/aopalliance/aopalliance/1.0/aopalliance-1.0.jar:/home/runner/.m2/repository/com/google/inject/extensions/guice-assistedinject/5.1.0/guice-assistedinject-5.1.0.jar:/home/runner/.m2/repository/com/google/inject/extensions/guice-servlet/5.1.0/guice-servlet-5.1.0.jar:/home/runner/.m2/repository/org/glassfish/jersey/containers/jersey-container-servlet/2.41/jersey-container-servlet-2.41.jar:/home/runner/.m2/repository/org/glassfish/hk2/guice-bridge/2.5.0/guice-bridge-2.5.0.jar:/home/runner/.m2/repository/org/glassfish/jersey/core/jersey-server/2.41/jersey-server-2.41.jar:/home/runner/.m2/repository/org/glassfish/jersey/core/jersey-client/2.41/jersey-client-2.41.jar:/home/runner/.m2/repository/jakarta/annotation/jakarta.annotation-api/1.3.5/jakarta.annotation-api-1.3.5.jar:/home/runner/.m2/repository/jakarta/validation/jakarta.validation-api/2.0.2/jakarta.validation-api-2.0.2.jar:/home/runner/.m2/repository/org/glassfish/jersey/media/jersey-media-json-jackson/2.41/jersey-media-json-jackson-2.41.jar:/home/runner/.m2/repository/org/glassfish/jersey/ext/jersey-entity-filtering/2.41/jersey-entity-filtering-2.41.jar:/home/runner/.m2/repository/org/jooq/jooq/3.11.10/jooq-3.11.10.jar:/home/runner/.m2/repository/org/jooq/jooq-meta/3.11.10/jooq-meta-3.11.10.jar:/home/runner/.m2/repository/org/jooq/jooq-codegen/3.11.10/jooq-codegen-3.11.10.jar:/home/runner/.m2/repository/com/jolbox/bonecp/0.8.0.RELEASE/bonecp-0.8.0.RELEASE.jar:/home/runner/.m2/repository/org/apache/derby/derby/10.14.2.0/derby-10.14.2.0.jar:/home/runner/.m2/repository/org/xerial/sqlite-jdbc/3.44.1.0/sqlite-jdbc-3.44.1.0.jar:/home/runner/.m2/repository/org/springframework/spring-jdbc/5.3.27/spring-jdbc-5.3.27.jar:/home/runner/.m2/repository/org/springframework/spring-beans/5.3.27/spring-beans-5.3.27.jar:/home/runner/.m2/repository/org/springframework/spring-core/5.3.27/spring-core-5.3.27.jar:/home/runner/.m2/repository/org/springframework/spring-tx/5.3.27/spring-tx-5.3.27.jar:/home/runner/.m2/repository/org/apache/ozone/ozone-client/1.5.0-SNAPSHOT/ozone-client-1.5.0-SNAPSHOT.jar:/home/runner/.m2/repository/org/apache/ozone/hdds-erasurecode/1.5.0-SNAPSHOT/hdds-erasurecode-1.5.0-SNAPSHOT.jar:/home/runner/.m2/repository/org/apache/ozone/ozone-filesystem/1.5.0-SNAPSHOT/ozone-filesystem-1.5.0-SNAPSHOT.jar:/home/runner/.m2/repository/org/apache/ozone/ozone-filesystem-common/1.5.0-SNAPSHOT/ozone-filesystem-common-1.5.0-SNAPSHOT.jar:/home/runner/.m2/repository/org/apache/ozone/ozone-tools/1.5.0-SNAPSHOT/ozone-tools-1.5.0-SNAPSHOT.jar:/home/runner/.m2/repository/com/amazonaws/aws-java-sdk-core/1.12.632/aws-java-sdk-core-1.12.632.jar:/home/runner/.m2/repository/org/apache/httpcomponents/httpclient/4.5.13/httpclient-4.5.13.jar:/home/runner/.m2/repository/org/apache/httpcomponents/httpcore/4.4.16/httpcore-4.4.16.jar:/home/runner/.m2/repository/software/amazon/ion/ion-java/1.0.2/ion-java-1.0.2.jar:/home/runner/.m2/repository/com/fasterxml/jackson/dataformat/jackson-dataformat-cbor/2.13.4/jackson-dataformat-cbor-2.13.4.jar:/home/runner/.m2/repository/joda-time/joda-time/2.12.5/joda-time-2.12.5.jar:/home/runner/.m2/repository/com/amazonaws/aws-java-sdk-s3/1.12.632/aws-java-sdk-s3-1.12.632.jar:/home/runner/.m2/repository/com/amazonaws/aws-java-sdk-kms/1.12.632/aws-java-sdk-kms-1.12.632.jar:/home/runner/.m2/repository/com/amazonaws/jmespath-java/1.12.632/jmespath-java-1.12.632.jar:/home/runner/.m2/repository/org/kohsuke/metainf-services/metainf-services/1.8/metainf-services-1.8.jar:/home/runner/.m2/repository/org/apache/ozone/hdds-tools/1.5.0-SNAPSHOT/hdds-tools-1.5.0-SNAPSHOT.jar:/home/runner/.m2/repository/org/apache/ratis/ratis-tools/3.0.1/ratis-tools-3.0.1.jar:/home/runner/.m2/repository/commons-cli/commons-cli/1.6.0/commons-cli-1.6.0.jar:/home/runner/.m2/repository/org/apache/commons/commons-lang3/3.14.0/commons-lang3-3.14.0.jar:/home/runner/.m2/repository/org/apache/ozone/ozone-manager/1.5.0-SNAPSHOT/ozone-manager-1.5.0-SNAPSHOT-tests.jar:/home/runner/.m2/repository/org/apache/ozone/hdds-common/1.5.0-SNAPSHOT/hdds-common-1.5.0-SNAPSHOT-tests.jar:/home/runner/.m2/repository/org/apache/ozone/hdds-hadoop-dependency-client/1.5.0-SNAPSHOT/hdds-hadoop-dependency-client-1.5.0-SNAPSHOT.jar:/home/runner/.m2/repository/info/picocli/picocli/4.7.5/picocli-4.7.5.jar:/home/runner/.m2/repository/com/fasterxml/jackson/core/jackson-annotations/2.13.4/jackson-annotations-2.13.4.jar:/home/runner/.m2/repository/org/apache/ozone/hdds-annotation-processing/1.5.0-SNAPSHOT/hdds-annotation-processing-1.5.0-SNAPSHOT.jar:/home/runner/.m2/repository/javax/annotation/javax.annotation-api/1.3.2/javax.annotation-api-1.3.2.jar:/home/runner/.m2/repository/org/apache/ratis/ratis-netty/3.0.1/ratis-netty-3.0.1.jar:/home/runner/.m2/repository/org/apache/ratis/ratis-grpc/3.0.1/ratis-grpc-3.0.1.jar:/home/runner/.m2/repository/org/apache/commons/commons-pool2/2.6.0/commons-pool2-2.6.0.jar:/home/runner/.m2/repository/org/bouncycastle/bcpkix-jdk15on/1.67/bcpkix-jdk15on-1.67.jar:/home/runner/.m2/repository/commons-validator/commons-validator/1.6/commons-validator-1.6.jar:/home/runner/.m2/repository/commons-beanutils/commons-beanutils/1.9.4/commons-beanutils-1.9.4.jar:/home/runner/.m2/repository/commons-digester/commons-digester/1.8.1/commons-digester-1.8.1.jar:/home/runner/.m2/repository/commons-collections/commons-collections/3.2.2/commons-collections-3.2.2.jar:/home/runner/.m2/repository/io/jaegertracing/jaeger-client/1.6.0/jaeger-client-1.6.0.jar:/home/runner/.m2/repository/io/jaegertracing/jaeger-thrift/1.6.0/jaeger-thrift-1.6.0.jar:/home/runner/.m2/repository/org/apache/thrift/libthrift/0.14.1/libthrift-0.14.1.jar:/home/runner/.m2/repository/io/jaegertracing/jaeger-core/1.6.0/jaeger-core-1.6.0.jar:/home/runner/.m2/repository/io/jaegertracing/jaeger-tracerresolver/1.6.0/jaeger-tracerresolver-1.6.0.jar:/home/runner/.m2/repository/io/opentracing/contrib/opentracing-tracerresolver/0.1.8/opentracing-tracerresolver-0.1.8.jar:/home/runner/.m2/repository/org/jetbrains/kotlin/kotlin-stdlib/1.9.22/kotlin-stdlib-1.9.22.jar:/home/runner/.m2/repository/org/jetbrains/annotations/13.0/annotations-13.0.jar:/home/runner/.m2/repository/io/opentracing/opentracing-util/0.33.0/opentracing-util-0.33.0.jar:/home/runner/.m2/repository/io/opentracing/opentracing-api/0.33.0/opentracing-api-0.33.0.jar:/home/runner/.m2/repository/io/opentracing/opentracing-noop/0.33.0/opentracing-noop-0.33.0.jar:/home/runner/.m2/repository/org/yaml/snakeyaml/2.0/snakeyaml-2.0.jar:/home/runner/.m2/repository/io/grpc/grpc-api/1.58.0/grpc-api-1.58.0.jar:/home/runner/.m2/repository/junit/junit/4.13.1/junit-4.13.1.jar:/home/runner/.m2/repository/org/junit/jupiter/junit-jupiter-engine/5.10.1/junit-jupiter-engine-5.10.1.jar:/home/runner/.m2/repository/org/junit/platform/junit-platform-engine/1.10.1/junit-platform-engine-1.10.1.jar:/home/runner/.m2/repository/org/apiguardian/apiguardian-api/1.1.2/apiguardian-api-1.1.2.jar:/home/runner/.m2/repository/org/junit/vintage/junit-vintage-engine/5.10.1/junit-vintage-engine-5.10.1.jar:/home/runner/.m2/repository/org/junit/platform/junit-platform-launcher/1.10.1/junit-platform-launcher-1.10.1.jar:/home/runner/.m2/repository/org/apache/hadoop/hadoop-kms/3.3.6/hadoop-kms-3.3.6.jar:/home/runner/.m2/repository/org/apache/hadoop/hadoop-auth/3.3.6/hadoop-auth-3.3.6.jar:/home/runner/.m2/repository/com/nimbusds/nimbus-jose-jwt/9.8.1/nimbus-jose-jwt-9.8.1.jar:/home/runner/.m2/repository/com/github/stephenc/jcip/jcip-annotations/1.0-1/jcip-annotations-1.0-1.jar:/home/runner/.m2/repository/org/apache/zookeeper/zookeeper/3.7.2/zookeeper-3.7.2.jar:/home/runner/.m2/repository/org/apache/zookeeper/zookeeper-jute/3.7.2/zookeeper-jute-3.7.2.jar:/home/runner/.m2/repository/org/apache/yetus/audience-annotations/0.12.0/audience-annotations-0.12.0.jar:/home/runner/.m2/repository/org/apache/curator/curator-framework/4.2.0/curator-framework-4.2.0.jar:/home/runner/.m2/repository/org/apache/hadoop/thirdparty/hadoop-shaded-guava/1.1.1/hadoop-shaded-guava-1.1.1.jar:/home/runner/.m2/repository/com/sun/jersey/jersey-core/1.19.4/jersey-core-1.19.4.jar:/home/runner/.m2/repository/javax/ws/rs/jsr311-api/1.1.1/jsr311-api-1.1.1.jar:/home/runner/.m2/repository/com/sun/jersey/jersey-server/1.19.4/jersey-server-1.19.4.jar:/home/runner/.m2/repository/javax/servlet/javax.servlet-api/3.1.0/javax.servlet-api-3.1.0.jar:/home/runner/.m2/repository/org/apache/hadoop/hadoop-common/3.3.6/hadoop-common-3.3.6.jar:/home/runner/.m2/repository/org/apache/commons/commons-math3/3.1.1/commons-math3-3.1.1.jar:/home/runner/.m2/repository/commons-net/commons-net/3.10.0/commons-net-3.10.0.jar:/home/runner/.m2/repository/com/sun/jersey/jersey-servlet/1.19.4/jersey-servlet-1.19.4.jar:/home/runner/.m2/repository/com/github/pjfanning/jersey-json/1.20/jersey-json-1.20.jar:/home/runner/.m2/repository/org/codehaus/jettison/jettison/1.1/jettison-1.1.jar:/home/runner/.m2/repository/com/sun/xml/bind/jaxb-impl/2.2.3-1/jaxb-impl-2.2.3-1.jar:/home/runner/.m2/repository/com/google/re2j/re2j/1.1/re2j-1.1.jar:/home/runner/.m2/repository/com/jcraft/jsch/0.1.54/jsch-0.1.54.jar:/home/runner/.m2/repository/org/apache/curator/curator-client/4.2.0/curator-client-4.2.0.jar:/home/runner/.m2/repository/org/apache/curator/curator-recipes/5.2.0/curator-recipes-5.2.0.jar:/home/runner/.m2/repository/org/apache/kerby/kerb-core/1.0.1/kerb-core-1.0.1.jar:/home/runner/.m2/repository/org/apache/kerby/kerby-pkix/1.0.1/kerby-pkix-1.0.1.jar:/home/runner/.m2/repository/org/apache/kerby/kerby-asn1/1.0.1/kerby-asn1-1.0.1.jar:/home/runner/.m2/repository/org/apache/kerby/kerby-util/1.0.1/kerby-util-1.0.1.jar:/home/runner/.m2/repository/dnsjava/dnsjava/2.1.7/dnsjava-2.1.7.jar:/home/runner/.m2/repository/org/xerial/snappy/snappy-java/1.1.8.2/snappy-java-1.1.8.2.jar:/home/runner/.m2/repository/com/fasterxml/jackson/core/jackson-databind/2.13.4.2/jackson-databind-2.13.4.2.jar:/home/runner/.m2/repository/org/apache/hadoop/hadoop-kms/3.3.6/hadoop-kms-3.3.6-tests.jar:/home/runner/.m2/repository/org/apache/ozone/hdds-server-scm/1.5.0-SNAPSHOT/hdds-server-scm-1.5.0-SNAPSHOT-tests.jar:/home/runner/.m2/repository/org/apache/ozone/hdds-container-service/1.5.0-SNAPSHOT/hdds-container-service-1.5.0-SNAPSHOT-tests.jar:/home/runner/.m2/repository/com/github/luben/zstd-jni/1.5.2-5/zstd-jni-1.5.2-5.jar:/home/runner/.m2/repository/commons-codec/commons-codec/1.15/commons-codec-1.15.jar:/home/runner/.m2/repository/io/netty/netty-codec/4.1.100.Final/netty-codec-4.1.100.Final.jar:/home/runner/.m2/repository/io/netty/netty-handler/4.1.100.Final/netty-handler-4.1.100.Final.jar:/home/runner/.m2/repository/org/apache/ozone/hdds-hadoop-dependency-test/1.5.0-SNAPSHOT/hdds-hadoop-dependency-test-1.5.0-SNAPSHOT.jar:/home/runner/.m2/repository/org/apache/hadoop/hadoop-common/3.3.6/hadoop-common-3.3.6-tests.jar:/home/runner/.m2/repository/org/apache/hadoop/hadoop-hdfs/3.3.6/hadoop-hdfs-3.3.6-tests.jar:/home/runner/.m2/repository/org/junit/jupiter/junit-jupiter-params/5.10.1/junit-jupiter-params-5.10.1.jar:/home/runner/.m2/repository/org/mockito/mockito-core/4.11.0/mockito-core-4.11.0.jar:/home/runner/.m2/repository/net/bytebuddy/byte-buddy/1.12.19/byte-buddy-1.12.19.jar:/home/runner/.m2/repository/net/bytebuddy/byte-buddy-agent/1.12.19/byte-buddy-agent-1.12.19.jar:/home/runner/.m2/repository/org/objenesis/objenesis/1.0/objenesis-1.0.jar:/home/runner/.m2/repository/org/mockito/mockito-junit-jupiter/4.11.0/mockito-junit-jupiter-4.11.0.jar:/home/runner/.m2/repository/org/apache/hadoop/hadoop-distcp/3.3.6/hadoop-distcp-3.3.6.jar:/home/runner/.m2/repository/org/apache/hadoop/hadoop-mapreduce-client-jobclient/3.3.6/hadoop-mapreduce-client-jobclient-3.3.6.jar:/home/runner/.m2/repository/org/apache/hadoop/hadoop-mapreduce-client-common/3.3.6/hadoop-mapreduce-client-common-3.3.6.jar:/home/runner/.m2/repository/org/apache/hadoop/hadoop-yarn-common/3.3.6/hadoop-yarn-common-3.3.6.jar:/home/runner/.m2/repository/org/apache/hadoop/hadoop-yarn-api/3.3.6/hadoop-yarn-api-3.3.6.jar:/home/runner/.m2/repository/javax/xml/bind/jaxb-api/2.2.11/jaxb-api-2.2.11.jar:/home/runner/.m2/repository/com/sun/jersey/contribs/jersey-guice/1.19.4/jersey-guice-1.19.4.jar:/home/runner/.m2/repository/com/fasterxml/jackson/jaxrs/jackson-jaxrs-json-provider/2.13.4/jackson-jaxrs-json-provider-2.13.4.jar:/home/runner/.m2/repository/com/fasterxml/jackson/jaxrs/jackson-jaxrs-base/2.13.4/jackson-jaxrs-base-2.13.4.jar:/home/runner/.m2/repository/org/apache/hadoop/hadoop-yarn-client/3.3.6/hadoop-yarn-client-3.3.6.jar:/home/runner/.m2/repository/org/eclipse/jetty/websocket/websocket-client/9.4.51.v20230217/websocket-client-9.4.51.v20230217.jar:/home/runner/.m2/repository/org/eclipse/jetty/websocket/websocket-common/9.4.51.v20230217/websocket-common-9.4.51.v20230217.jar:/home/runner/.m2/repository/org/eclipse/jetty/websocket/websocket-api/9.4.51.v20230217/websocket-api-9.4.51.v20230217.jar:/home/runner/.m2/repository/org/jline/jline/3.9.0/jline-3.9.0.jar:/home/runner/.m2/repository/org/apache/hadoop/hadoop-mapreduce-client-core/3.3.6/hadoop-mapreduce-client-core-3.3.6.jar:/home/runner/.m2/repository/org/apache/avro/avro/1.7.7/avro-1.7.7.jar:/home/runner/.m2/repository/com/thoughtworks/paranamer/paranamer/2.3/paranamer-2.3.jar:/home/runner/.m2/repository/org/apache/hadoop/hadoop-annotations/3.3.6/hadoop-annotations-3.3.6.jar:/usr/lib/jvm/temurin-8-jdk-amd64/jre/../lib/tools.jar:/home/runner/.m2/repository/io/netty/netty/3.10.6.Final/netty-3.10.6.Final.jar:/home/runner/.m2/repository/org/apache/hadoop/hadoop-distcp/3.3.6/hadoop-distcp-3.3.6-tests.jar:/home/runner/.m2/repository/org/hamcrest/hamcrest/2.2/hamcrest-2.2.jar:/home/runner/.m2/repository/org/slf4j/jul-to-slf4j/2.0.10/jul-to-slf4j-2.0.10.jar:/home/runner/work/ozone/ozone/hadoop-ozone/integration-test/target/gradle-enterprise/test-listeners.jar:"/>
    <property name="sun.cpu.endian" value="little"/>
    <property name="user.home" value="/home/runner"/>
    <property name="user.language" value="en"/>
    <property name="java.specification.vendor" value="Oracle Corporation"/>
    <property name="java.home" value="/usr/lib/jvm/temurin-8-jdk-amd64/jre"/>
    <property name="java.security.krb5.conf" value="/home/runner/work/ozone/ozone/hadoop-ozone/integration-test/target/test-classes/krb5.conf"/>
    <property name="file.separator" value="/"/>
    <property name="basedir" value="/home/runner/work/ozone/ozone/hadoop-ozone/integration-test"/>
    <property name="line.separator" value="&#10;"/>
    <property name="java.vm.specification.vendor" value="Oracle Corporation"/>
    <property name="java.specification.name" value="Java Platform API Specification"/>
    <property name="skip.installnpx" value="true"/>
    <property name="java.awt.graphicsenv" value="sun.awt.X11GraphicsEnvironment"/>
    <property name="surefire.real.class.path" value="/home/runner/work/ozone/ozone/hadoop-ozone/integration-test/target/surefire/surefirebooter-20240117074724001_155.jar:/home/runner/.m2/repository/org/jacoco/org.jacoco.agent/0.8.5/org.jacoco.agent-0.8.5-runtime.jar"/>
    <property name="sun.boot.class.path" value="/usr/lib/jvm/temurin-8-jdk-amd64/jre/lib/resources.jar:/usr/lib/jvm/temurin-8-jdk-amd64/jre/lib/rt.jar:/usr/lib/jvm/temurin-8-jdk-amd64/jre/lib/sunrsasign.jar:/usr/lib/jvm/temurin-8-jdk-amd64/jre/lib/jsse.jar:/usr/lib/jvm/temurin-8-jdk-amd64/jre/lib/jce.jar:/usr/lib/jvm/temurin-8-jdk-amd64/jre/lib/charsets.jar:/usr/lib/jvm/temurin-8-jdk-amd64/jre/lib/jfr.jar:/usr/lib/jvm/temurin-8-jdk-amd64/jre/classes"/>
    <property name="hadoop.log.dir" value="/home/runner/work/ozone/ozone/hadoop-ozone/integration-test/target/log"/>
    <property name="sun.management.compiler" value="HotSpot 64-Bit Tiered Compilers"/>
    <property name="java.runtime.version" value="1.8.0_392-b08"/>
    <property name="skip.npx" value="true"/>
    <property name="user.name" value="runner"/>
    <property name="java.net.preferIPv4Stack" value="true"/>
    <property name="path.separator" value=":"/>
    <property name="java.security.egd" value="file:///dev/urandom"/>
    <property name="os.version" value="5.15.0-1053-azure"/>
    <property name="java.endorsed.dirs" value="/usr/lib/jvm/temurin-8-jdk-amd64/jre/lib/endorsed"/>
    <property name="java.runtime.name" value="OpenJDK Runtime Environment"/>
    <property name="com.gradle.maven.scan.extension.test.listener.junitplatform.NestedExecutionSafeDelegatingTestExecutionListener" value="46d9aec8"/>
    <property name="file.encoding" value="UTF-8"/>
    <property name="java.vm.name" value="OpenJDK 64-Bit Server VM"/>
    <property name="test.build.webapps" value=""/>
    <property name="localRepository" value="/home/runner/.m2/repository"/>
    <property name="gradle.enterprise.listener.port" value="39709"/>
    <property name="jetty.git.hash" value="27bde00a0b95a1d5bbee0eae7984f891d2d0f8c9"/>
    <property name="java.vendor.url.bug" value="https://github.com/adoptium/adoptium-support/issues"/>
    <property name="require.test.libhadoop" value=""/>
    <property name="java.io.tmpdir" value="/tmp"/>
    <property name="java.version" value="1.8.0_392"/>
    <property name="user.dir" value="/home/runner/work/ozone/ozone/hadoop-ozone/integration-test"/>
    <property name="os.arch" value="amd64"/>
    <property name="test.build.classes" value="/home/runner/work/ozone/ozone/hadoop-ozone/integration-test/target/test-classes"/>
    <property name="java.vm.specification.name" value="Java Virtual Machine Specification"/>
    <property name="java.awt.printerjob" value="sun.print.PSPrinterJob"/>
    <property name="sun.os.patch.level" value="unknown"/>
    <property name="org.apache.ratis.thirdparty.io.netty.allocator.useCacheForAllThreads" value="false"/>
    <property name="hadoop.tmp.dir" value="/home/runner/work/ozone/ozone/hadoop-ozone/integration-test/target/tmp"/>
    <property name="java.library.path" value="/usr/java/packages/lib/amd64:/usr/lib64:/lib64:/lib:/usr/lib"/>
    <property name="java.vendor" value="Temurin"/>
    <property name="java.vm.info" value="mixed mode"/>
    <property name="java.vm.version" value="25.392-b08"/>
    <property name="java.specification.maintenance.version" value="5"/>
    <property name="sun.io.unicode.encoding" value="UnicodeLittle"/>
    <property name="java.ext.dirs" value="/usr/lib/jvm/temurin-8-jdk-amd64/jre/lib/ext:/usr/java/packages/lib/ext"/>
    <property name="java.class.version" value="52.0"/>
  </properties>
  <testcase name="bucketUsedBytesOverWrite(BucketLayout)[1]" classname="org.apache.hadoop.ozone.client.rpc.TestOzoneRpcClientWithRatis" time="12.558">
    <system-out><![CDATA[2024-01-17 07:57:00,964 [main] WARN  server.ServerUtils (ServerUtils.java:getScmDbDir(155)) - ozone.scm.db.dirs is not configured. We recommend adding this setting. Falling back to ozone.metadata.dirs instead.
2024-01-17 07:57:01,269 [main] WARN  server.ServerUtils (ServerUtils.java:getScmDbDir(155)) - ozone.scm.db.dirs is not configured. We recommend adding this setting. Falling back to ozone.metadata.dirs instead.
2024-01-17 07:57:01,274 [main] INFO  ha.SCMHANodeDetails (SCMHANodeDetails.java:loadSCMHAConfig(207)) - ServiceID for StorageContainerManager is null
2024-01-17 07:57:01,281 [main] WARN  ha.SCMHANodeDetails (SCMHANodeDetails.java:validateSCMHAConfig(180)) - Default/Configured value of config ozone.scm.ratis.enable conflicts with the expected value. Default/Configured: true. Expected: false. Falling back to the expected value. Current State of SCM: SCM is running without Ratis. Ratis SCM -> Non Ratis SCM is not supported.
2024-01-17 07:57:01,282 [main] INFO  ha.SCMHANodeDetails (SCMHANodeDetails.java:loadSCMHAConfig(212)) - ozone.scm.default.service.id is not defined, falling back to ozone.scm.service.ids to find serviceID for StorageContainerManager if it is HA enabled cluster
2024-01-17 07:57:01,831 [main] WARN  utils.HAUtils (HAUtils.java:getMetaDir(339)) - ozone.scm.db.dirs is not configured. We recommend adding this setting. Falling back to ozone.metadata.dirs instead.
2024-01-17 07:57:01,949 [main] WARN  db.DBStoreBuilder (DBStoreBuilder.java:applyDBDefinition(167)) - ozone.scm.db.dirs is not configured. We recommend adding this setting. Falling back to ozone.metadata.dirs instead.
2024-01-17 07:57:01,957 [main] INFO  utils.LeakDetector (LeakDetector.java:start(73)) - Starting leak detector thread ManagedRocksObject0.
2024-01-17 07:57:02,152 [main] INFO  net.NodeSchemaLoader (NodeSchemaLoader.java:loadSchemaFromFile(129)) - Loading schema from [jar:file:/home/runner/.m2/repository/org/apache/ozone/hdds-common/1.5.0-SNAPSHOT/hdds-common-1.5.0-SNAPSHOT.jar!/network-topology-default.xml]
2024-01-17 07:57:02,154 [main] INFO  net.NodeSchemaLoader (NodeSchemaLoader.java:loadSchema(176)) - Loading network topology layer schema file
2024-01-17 07:57:02,192 [main] INFO  metrics.MetricRegistries (MetricRegistriesLoader.java:load(64)) - Loaded MetricRegistries class org.apache.ratis.metrics.dropwizard3.Dm3MetricRegistriesImpl
2024-01-17 07:57:02,204 [main] INFO  upgrade.AbstractLayoutVersionManager (AbstractLayoutVersionManager.java:init(83)) - Initializing Layout version manager with metadata layout = HADOOP_PRC_PORTS_IN_DATANODEDETAILS (version = 7), software layout = HADOOP_PRC_PORTS_IN_DATANODEDETAILS (version = 7)
2024-01-17 07:57:02,370 [main] INFO  ha.SequenceIdGenerator (SequenceIdGenerator.java:upgradeToSequenceId(370)) - upgrade localId to 113750153625600000
2024-01-17 07:57:02,372 [main] INFO  ha.SequenceIdGenerator (SequenceIdGenerator.java:upgradeToSequenceId(380)) - upgrade delTxnId to 0
2024-01-17 07:57:02,379 [main] INFO  ha.SequenceIdGenerator (SequenceIdGenerator.java:upgradeToSequenceId(397)) - upgrade containerId to 0
2024-01-17 07:57:02,383 [main] INFO  ha.SequenceIdGenerator (SequenceIdGenerator.java:upgradeToCertificateSequenceId(444)) - upgrade CertificateId to 2
2024-01-17 07:57:02,385 [main] INFO  ha.SequenceIdGenerator (SequenceIdGenerator.java:<init>(241)) - Init the HA SequenceIdGenerator.
2024-01-17 07:57:02,439 [main] INFO  node.SCMNodeManager (SCMNodeManager.java:<init>(173)) - Entering startup safe mode.
2024-01-17 07:57:02,451 [main] INFO  algorithms.ContainerPlacementPolicyFactory (ContainerPlacementPolicyFactory.java:getPolicyInternal(86)) - Create container placement policy of type org.apache.hadoop.hdds.scm.container.placement.algorithms.SCMContainerPlacementRackAware
2024-01-17 07:57:02,455 [main] INFO  algorithms.ContainerPlacementPolicyFactory (ContainerPlacementPolicyFactory.java:getPolicyInternal(86)) - Create container placement policy of type org.apache.hadoop.hdds.scm.container.placement.algorithms.SCMContainerPlacementRackScatter
2024-01-17 07:57:02,463 [main] INFO  pipeline.PipelineStateManagerImpl (PipelineStateManagerImpl.java:initialize(78)) - No pipeline exists in current db
2024-01-17 07:57:02,476 [main] INFO  algorithms.LeaderChoosePolicyFactory (LeaderChoosePolicyFactory.java:getPolicy(57)) - Create leader choose policy of type org.apache.hadoop.hdds.scm.pipeline.leader.choose.algorithms.MinLeaderCountChoosePolicy
2024-01-17 07:57:02,477 [main] INFO  algorithms.ContainerPlacementPolicyFactory (ContainerPlacementPolicyFactory.java:getPolicyInternal(86)) - Create container placement policy of type org.apache.hadoop.hdds.scm.container.placement.algorithms.SCMContainerPlacementRackScatter
2024-01-17 07:57:02,482 [main] INFO  ha.SCMServiceManager (SCMServiceManager.java:register(42)) - Registering service BackgroundPipelineCreator.
2024-01-17 07:57:02,482 [main] INFO  pipeline.BackgroundPipelineCreator (BackgroundPipelineCreator.java:start(127)) - Starting RatisPipelineUtilsThread.
2024-01-17 07:57:02,485 [main] INFO  BackgroundPipelineScrubber (BackgroundSCMService.java:start(68)) - Starting BackgroundPipelineScrubber Service.
2024-01-17 07:57:02,486 [main] INFO  ha.SCMServiceManager (SCMServiceManager.java:register(42)) - Registering service BackgroundPipelineScrubber.
2024-01-17 07:57:02,492 [main] INFO  ExpiredContainerReplicaOpScrubber (BackgroundSCMService.java:start(68)) - Starting ExpiredContainerReplicaOpScrubber Service.
2024-01-17 07:57:02,493 [main] INFO  ha.SCMServiceManager (SCMServiceManager.java:register(42)) - Registering service ExpiredContainerReplicaOpScrubber.
2024-01-17 07:57:02,517 [main] INFO  algorithms.PipelineChoosePolicyFactory (PipelineChoosePolicyFactory.java:createPipelineChoosePolicyFromClass(78)) - Create pipeline choose policy of type org.apache.hadoop.hdds.scm.pipeline.choose.algorithms.RandomPipelineChoosePolicy
2024-01-17 07:57:02,517 [main] INFO  algorithms.PipelineChoosePolicyFactory (PipelineChoosePolicyFactory.java:createPipelineChoosePolicyFromClass(78)) - Create pipeline choose policy of type org.apache.hadoop.hdds.scm.pipeline.choose.algorithms.RandomPipelineChoosePolicy
2024-01-17 07:57:02,542 [main] INFO  ha.SCMServiceManager (SCMServiceManager.java:register(42)) - Registering service SCMBlockDeletingService.
2024-01-17 07:57:02,644 [main] INFO  replication.ReplicationManager (ReplicationManager.java:start(294)) - Starting Replication Monitor Thread.
2024-01-17 07:57:02,647 [ReplicationMonitor] INFO  replication.ReplicationManager (ReplicationManager.java:processAll(369)) - Replication Manager is not ready to run until 3000ms after safemode exit
2024-01-17 07:57:02,647 [main] INFO  ha.SCMServiceManager (SCMServiceManager.java:register(42)) - Registering service ReplicationManager.
2024-01-17 07:57:02,657 [main] INFO  safemode.ContainerSafeModeRule (ContainerSafeModeRule.java:<init>(91)) - containers with one replica threshold count 0
2024-01-17 07:57:02,662 [main] INFO  safemode.HealthyPipelineSafeModeRule (HealthyPipelineSafeModeRule.java:initializeRule(176)) - Total pipeline count is 0, healthy pipeline threshold count is 1
2024-01-17 07:57:02,664 [main] INFO  safemode.OneReplicaPipelineSafeModeRule (OneReplicaPipelineSafeModeRule.java:initializeRule(193)) - Total pipeline count is 0, pipeline's with at least one datanode reported threshold count is 0
2024-01-17 07:57:02,704 [main] INFO  server.StorageContainerManager (StorageContainerManager.java:<init>(440)) - SCM start with adminUsers: [runner]
2024-01-17 07:57:02,904 [main] INFO  audit.AuditLogger (AuditLogger.java:refreshDebugCmdSet(130)) - Refresh DebugCmdSet for SCMAudit to [].
2024-01-17 07:57:02,936 [main] INFO  ipc.CallQueueManager (CallQueueManager.java:<init>(90)) - Using callQueue: class java.util.concurrent.LinkedBlockingQueue, queueCapacity: 10000, scheduler: class org.apache.hadoop.ipc.DefaultRpcScheduler, ipcBackoff: false.
2024-01-17 07:57:02,964 [main] INFO  ipc.Server (Server.java:<init>(1287)) - Listener at 0.0.0.0:15002
2024-01-17 07:57:02,966 [Socket Reader #1 for port 15002] INFO  ipc.Server (Server.java:run(1323)) - Starting Socket Reader #1 for port 15002
2024-01-17 07:57:03,017 [main] INFO  audit.AuditLogger (AuditLogger.java:refreshDebugCmdSet(130)) - Refresh DebugCmdSet for SCMAudit to [].
2024-01-17 07:57:03,023 [main] INFO  ipc.CallQueueManager (CallQueueManager.java:<init>(90)) - Using callQueue: class java.util.concurrent.LinkedBlockingQueue, queueCapacity: 10000, scheduler: class org.apache.hadoop.ipc.DefaultRpcScheduler, ipcBackoff: false.
2024-01-17 07:57:03,024 [main] INFO  ipc.Server (Server.java:<init>(1287)) - Listener at 0.0.0.0:15001
2024-01-17 07:57:03,025 [Socket Reader #1 for port 15001] INFO  ipc.Server (Server.java:run(1323)) - Starting Socket Reader #1 for port 15001
2024-01-17 07:57:03,052 [main] INFO  audit.AuditLogger (AuditLogger.java:refreshDebugCmdSet(130)) - Refresh DebugCmdSet for SCMAudit to [].
2024-01-17 07:57:03,064 [main] INFO  ipc.CallQueueManager (CallQueueManager.java:<init>(90)) - Using callQueue: class java.util.concurrent.LinkedBlockingQueue, queueCapacity: 10000, scheduler: class org.apache.hadoop.ipc.DefaultRpcScheduler, ipcBackoff: false.
2024-01-17 07:57:03,065 [main] INFO  ipc.Server (Server.java:<init>(1287)) - Listener at 0.0.0.0:15000
2024-01-17 07:57:03,066 [Socket Reader #1 for port 15000] INFO  ipc.Server (Server.java:run(1323)) - Starting Socket Reader #1 for port 15000
2024-01-17 07:57:03,111 [main] INFO  ha.SCMServiceManager (SCMServiceManager.java:register(42)) - Registering service ContainerBalancer.
2024-01-17 07:57:03,111 [main] INFO  server.StorageContainerManager (StorageContainerManager.java:<init>(453)) - 
Container Balancer status:
Key                            Value
Running                        false
Container Balancer Configuration values:
Key                                                Value
Threshold                                          10
Max Datanodes to Involve per Iteration(percent)    20
Max Size to Move per Iteration                     500GB
Max Size Entering Target per Iteration             26GB
Max Size Leaving Source per Iteration              26GB
Number of Iterations                               10
Time Limit for Single Container's Movement         65min
Time Limit for Single Container's Replication      50min
Interval between each Iteration                    70min
Whether to Enable Network Topology                 false
Whether to Trigger Refresh Datanode Usage Info     false
Container IDs to Exclude from Balancing            None
Datanodes Specified to be Balanced                 None
Datanodes Excluded from Balancing                  None

2024-01-17 07:57:03,112 [main] INFO  ha.SCMContext (SCMContext.java:updateSafeModeStatus(230)) - Update SafeModeStatus from SafeModeStatus{safeModeStatus=true, preCheckPassed=false} to SafeModeStatus{safeModeStatus=true, preCheckPassed=false}.
2024-01-17 07:57:03,115 [main] INFO  server.StorageContainerManager (StorageContainerManager.java:start(1546)) - StorageContainerLocationProtocol RPC server is listening at /0.0.0.0:15000
2024-01-17 07:57:03,168 [main] WARN  impl.MetricsConfig (MetricsConfig.java:loadFirst(136)) - Cannot locate configuration: tried hadoop-metrics2-storagecontainermanager.properties,hadoop-metrics2.properties
2024-01-17 07:57:03,178 [main] INFO  impl.MetricsSystemImpl (MetricsSystemImpl.java:startTimer(378)) - Scheduled Metric snapshot period at 10 second(s).
2024-01-17 07:57:03,178 [main] INFO  impl.MetricsSystemImpl (MetricsSystemImpl.java:start(191)) - StorageContainerManager metrics system started
2024-01-17 07:57:03,368 [main] INFO  server.SCMClientProtocolServer (SCMClientProtocolServer.java:start(202)) - RPC server for Client  is listening at /0.0.0.0:15000
2024-01-17 07:57:03,369 [IPC Server Responder] INFO  ipc.Server (Server.java:run(1562)) - IPC Server Responder: starting
2024-01-17 07:57:03,370 [IPC Server listener on 15000] INFO  ipc.Server (Server.java:run(1402)) - IPC Server listener on 15000: starting
2024-01-17 07:57:03,399 [main] INFO  server.StorageContainerManager (StorageContainerManager.java:start(1559)) - ScmBlockLocationProtocol RPC server is listening at /0.0.0.0:15001
2024-01-17 07:57:03,400 [main] INFO  server.SCMBlockProtocolServer (SCMBlockProtocolServer.java:start(160)) - RPC server for Block Protocol is listening at /0.0.0.0:15001
2024-01-17 07:57:03,400 [IPC Server Responder] INFO  ipc.Server (Server.java:run(1562)) - IPC Server Responder: starting
2024-01-17 07:57:03,400 [IPC Server listener on 15001] INFO  ipc.Server (Server.java:run(1402)) - IPC Server listener on 15001: starting
2024-01-17 07:57:03,409 [main] INFO  server.SCMDatanodeProtocolServer (SCMDatanodeProtocolServer.java:start(194)) - ScmDatanodeProtocol RPC server for DataNodes is listening at /0.0.0.0:15002
2024-01-17 07:57:03,410 [IPC Server Responder] INFO  ipc.Server (Server.java:run(1562)) - IPC Server Responder: starting
2024-01-17 07:57:03,410 [IPC Server listener on 15002] INFO  ipc.Server (Server.java:run(1402)) - IPC Server listener on 15002: starting
2024-01-17 07:57:03,428 [JvmPauseMonitor0] INFO  util.JvmPauseMonitor (JvmPauseMonitor.java:run(146)) - JvmPauseMonitor-f5b26993-81e9-45e4-a1ae-90dc391e4211: Started
2024-01-17 07:57:03,437 [main] INFO  http.BaseHttpServer (BaseHttpServer.java:newHttpServer2BuilderForOzone(223)) - Starting Web-server for scm at: http://0.0.0.0:15003
2024-01-17 07:57:03,437 [main] INFO  http.BaseHttpServer (BaseHttpServer.java:<init>(110)) - Hadoop Security Enabled: false Ozone Security Enabled: false Ozone HTTP Security Enabled: false 
2024-01-17 07:57:03,461 [main] INFO  util.log (Log.java:initialized(170)) - Logging initialized @4064ms to org.eclipse.jetty.util.log.Slf4jLog
2024-01-17 07:57:03,536 [main] WARN  server.AuthenticationFilter (AuthenticationFilter.java:constructSecretProvider(240)) - Unable to initialize FileSignerSecretProvider, falling back to use random secrets. Reason: Could not read signature secret file: /home/runner/hadoop-http-auth-signature-secret
2024-01-17 07:57:03,542 [main] INFO  http.HttpRequestLog (HttpRequestLog.java:getRequestLog(86)) - Http request log for http.requests.scm is not defined
2024-01-17 07:57:03,547 [main] INFO  http.HttpServer2 (HttpServer2.java:addGlobalFilter(1036)) - Added global filter 'safety' (class=org.apache.hadoop.hdds.server.http.HttpServer2$QuotingInputFilter)
2024-01-17 07:57:03,549 [main] INFO  http.HttpServer2 (HttpServer2.java:addFilter(1012)) - Added filter static_user_filter (class=org.apache.hadoop.http.lib.StaticUserWebFilter$StaticUserFilter) to context scm
2024-01-17 07:57:03,549 [main] INFO  http.HttpServer2 (HttpServer2.java:addFilter(1020)) - Added filter static_user_filter (class=org.apache.hadoop.http.lib.StaticUserWebFilter$StaticUserFilter) to context logs
2024-01-17 07:57:03,550 [main] INFO  http.HttpServer2 (HttpServer2.java:addFilter(1020)) - Added filter static_user_filter (class=org.apache.hadoop.http.lib.StaticUserWebFilter$StaticUserFilter) to context static
2024-01-17 07:57:03,574 [main] INFO  http.BaseHttpServer (BaseHttpServer.java:<init>(189)) - HTTP server of scm uses base directory /home/runner/work/ozone/ozone/hadoop-ozone/integration-test/target/test-dir/MiniOzoneClusterImpl-df80a8b8-78a2-47d1-a2cb-ee48e7cc81f7/ozone-meta/webserver
2024-01-17 07:57:03,575 [main] INFO  http.HttpServer2 (HttpServer2.java:bindListener(1236)) - Jetty bound to port 15003
2024-01-17 07:57:03,577 [main] INFO  server.Server (Server.java:doStart(375)) - jetty-9.4.53.v20231009; built: 2023-10-09T12:29:09.265Z; git: 27bde00a0b95a1d5bbee0eae7984f891d2d0f8c9; jvm 1.8.0_392-b08
2024-01-17 07:57:03,600 [main] INFO  server.session (DefaultSessionIdManager.java:doStart(334)) - DefaultSessionIdManager workerName=node0
2024-01-17 07:57:03,601 [main] INFO  server.session (DefaultSessionIdManager.java:doStart(339)) - No SessionScavenger set, using defaults
2024-01-17 07:57:03,602 [main] INFO  server.session (HouseKeeper.java:startScavenging(132)) - node0 Scavenging every 660000ms
2024-01-17 07:57:03,611 [main] INFO  handler.ContextHandler (ContextHandler.java:doStart(921)) - Started o.e.j.s.ServletContextHandler@5d8319a7{logs,/logs,file:///home/runner/work/ozone/ozone/hadoop-ozone/integration-test/target/log,AVAILABLE}
2024-01-17 07:57:03,612 [main] INFO  handler.ContextHandler (ContextHandler.java:doStart(921)) - Started o.e.j.s.ServletContextHandler@6fcf3192{static,/static,file:///home/runner/work/ozone/ozone/hadoop-ozone/integration-test/target/test-classes/webapps/static,AVAILABLE}
2024-01-17 07:57:03,640 [main] INFO  handler.ContextHandler (ContextHandler.java:doStart(921)) - Started o.e.j.w.WebAppContext@7335414e{scm,/,file:///home/runner/work/ozone/ozone/hadoop-ozone/integration-test/target/test-classes/webapps/scm/,AVAILABLE}{file:/home/runner/work/ozone/ozone/hadoop-ozone/integration-test/target/test-classes/webapps/scm}
2024-01-17 07:57:03,646 [main] INFO  server.AbstractConnector (AbstractConnector.java:doStart(333)) - Started ServerConnector@298154d4{HTTP/1.1, (http/1.1)}{0.0.0.0:15003}
2024-01-17 07:57:03,647 [main] INFO  server.Server (Server.java:doStart(415)) - Started @4249ms
2024-01-17 07:57:03,650 [main] INFO  impl.MetricsSinkAdapter (MetricsSinkAdapter.java:start(204)) - Sink prometheus started
2024-01-17 07:57:03,650 [main] INFO  impl.MetricsSystemImpl (MetricsSystemImpl.java:registerSink(305)) - Registered sink prometheus
2024-01-17 07:57:03,651 [main] INFO  http.BaseHttpServer (BaseHttpServer.java:updateConnectorAddress(354)) - HTTP server of scm listening at http://0.0.0.0:15003
2024-01-17 07:57:03,655 [main] WARN  server.ServerUtils (ServerUtils.java:getDBPath(311)) - ozone.om.db.dirs is not configured. We recommend adding this setting. Falling back to ozone.metadata.dirs instead.
2024-01-17 07:57:03,705 [main] INFO  audit.AuditLogger (AuditLogger.java:refreshDebugCmdSet(130)) - Refresh DebugCmdSet for OMAudit to [].
2024-01-17 07:57:03,761 [main] INFO  ha.OMHANodeDetails (OMHANodeDetails.java:loadOMHAConfig(115)) - ozone.om.internal.service.id is not defined, falling back to ozone.om.service.ids to find serviceID for OzoneManager if it is HA enabled cluster
2024-01-17 07:57:03,763 [main] INFO  ha.OMHANodeDetails (OMHANodeDetails.java:loadOMHAConfig(226)) - Configuration does not have ozone.om.address set. Falling back to the default OM address /127.0.0.1:15004
2024-01-17 07:57:03,764 [main] INFO  ha.OMHANodeDetails (OMHANodeDetails.java:getOMNodeDetailsForNonHA(254)) - OM Service ID is not set. Setting it to the default ID: omServiceIdDefault
2024-01-17 07:57:03,764 [main] INFO  ha.OMHANodeDetails (OMHANodeDetails.java:getOMNodeDetailsForNonHA(261)) - OM Node ID is not set. Setting it to the default ID: om1
2024-01-17 07:57:03,769 [main] WARN  server.ServerUtils (ServerUtils.java:getDBPath(311)) - ozone.om.db.dirs is not configured. We recommend adding this setting. Falling back to ozone.metadata.dirs instead.
2024-01-17 07:57:03,772 [main] INFO  upgrade.AbstractLayoutVersionManager (AbstractLayoutVersionManager.java:init(83)) - Initializing Layout version manager with metadata layout = QUOTA (version = 6), software layout = QUOTA (version = 6)
2024-01-17 07:57:03,837 [main] INFO  upgrade.OMLayoutVersionManager (OMLayoutVersionManager.java:lambda$0(113)) - Skipping Upgrade Action MockOmUpgradeAction since it has been finalized.
2024-01-17 07:57:03,838 [main] INFO  upgrade.OMLayoutVersionManager (OMLayoutVersionManager.java:lambda$0(113)) - Skipping Upgrade Action QuotaRepairUpgradeAction since it has been finalized.
2024-01-17 07:57:03,840 [main] WARN  server.ServerUtils (ServerUtils.java:getDBPath(311)) - ozone.om.db.dirs is not configured. We recommend adding this setting. Falling back to ozone.metadata.dirs instead.
2024-01-17 07:57:03,985 [main] INFO  proxy.SCMBlockLocationFailoverProxyProvider (SCMBlockLocationFailoverProxyProvider.java:<init>(115)) - Created block location fail-over proxy with 1 nodes: [nodeId=scmNodeId,nodeAddress=/0.0.0.0:15001]
2024-01-17 07:57:04,013 [main] INFO  proxy.SCMBlockLocationFailoverProxyProvider (SCMBlockLocationFailoverProxyProvider.java:<init>(115)) - Created block location fail-over proxy with 1 nodes: [nodeId=scmNodeId,nodeAddress=/0.0.0.0:15001]
2024-01-17 07:57:04,177 [main] INFO  om.OzoneManager (OzoneManager.java:<init>(673)) - OM start with adminUsers: [runner]
2024-01-17 07:57:04,194 [main] WARN  server.ServerUtils (ServerUtils.java:getDBPath(311)) - ozone.om.db.dirs is not configured. We recommend adding this setting. Falling back to ozone.metadata.dirs instead.
2024-01-17 07:57:04,220 [main] INFO  helpers.OmKeyInfo (OmKeyInfo.java:getCodec(71)) - OmKeyInfo.getCodec ignorePipeline = true
2024-01-17 07:57:04,440 [main] INFO  om.OzoneManager (OzoneManager.java:instantiateServices(805)) - S3 Multi-Tenancy is disabled
2024-01-17 07:57:04,464 [main] INFO  om.OmSnapshotManager (OmSnapshotManager.java:<init>(176)) - Ozone filesystem snapshot feature is enabled.
2024-01-17 07:57:04,470 [main] WARN  server.ServerUtils (ServerUtils.java:getDBPath(311)) - ozone.om.snapshot.diff.db.dir is not configured. We recommend adding this setting. Falling back to ozone.metadata.dirs instead.
2024-01-17 07:57:04,500 [main] INFO  utils.NativeLibraryLoader (NativeLibraryLoader.java:loadLibrary(108)) - Loading Library: ozone_rocksdb_tools
2024-01-17 07:57:04,501 [main] INFO  snapshot.SnapshotDiffManager (SnapshotDiffManager.java:closeExecutorService(1688)) - Shutting down executorService: 'SstDumpToolExecutor'
2024-01-17 07:57:04,548 [main] INFO  om.OzoneManager (OzoneManager.java:addS3GVolumeToDB(4429)) - Created Volume s3v With Owner runner required for S3Gateway operations.
2024-01-17 07:57:04,593 [main] WARN  server.ServerUtils (ServerUtils.java:getDefaultRatisDirectory(323)) - Storage directory for Ratis is not configured. It is a good idea to map this to an SSD disk. Falling back to ozone.metadata.dirs
2024-01-17 07:57:04,594 [main] WARN  utils.OzoneManagerRatisUtils (OzoneManagerRatisUtils.java:getOMRatisSnapshotDirectory(473)) - ozone.om.ratis.snapshot.dir is not configured. Falling back to ozone.metadata.dirs config
2024-01-17 07:57:04,605 [main] WARN  server.ServerUtils (ServerUtils.java:getDefaultRatisDirectory(323)) - Storage directory for Ratis is not configured. It is a good idea to map this to an SSD disk. Falling back to ozone.metadata.dirs
2024-01-17 07:57:04,621 [main] INFO  ratis.OzoneManagerRatisServer (OzoneManagerRatisServer.java:<init>(167)) - Instantiating OM Ratis server with groupID: omServiceIdDefault and peers: localhost:15007
2024-01-17 07:57:04,628 [main] INFO  ratis.OzoneManagerStateMachine (OzoneManagerStateMachine.java:loadSnapshotInfoFromDB(608)) - TransactionInfo not found in OM DB.
2024-01-17 07:57:04,677 [main] INFO  server.RaftServer (ConfUtils.java:logGet(46)) - raft.rpc.type = GRPC (default)
2024-01-17 07:57:04,684 [main] INFO  grpc.GrpcConfigKeys (ConfUtils.java:logFallback(53)) - raft.grpc.admin.host = null (fallback to raft.grpc.server.host)
2024-01-17 07:57:04,686 [main] INFO  grpc.GrpcConfigKeys (ConfUtils.java:logFallback(53)) - raft.grpc.admin.port = 15007 (fallback to raft.grpc.server.port)
2024-01-17 07:57:04,686 [main] INFO  grpc.GrpcConfigKeys (ConfUtils.java:logFallback(53)) - raft.grpc.client.host = null (fallback to raft.grpc.server.host)
2024-01-17 07:57:04,686 [main] INFO  grpc.GrpcConfigKeys (ConfUtils.java:logFallback(53)) - raft.grpc.client.port = 15007 (fallback to raft.grpc.server.port)
2024-01-17 07:57:04,687 [main] INFO  grpc.GrpcConfigKeys (ConfUtils.java:logGet(46)) - raft.grpc.server.host = null (default)
2024-01-17 07:57:04,687 [main] INFO  grpc.GrpcConfigKeys (ConfUtils.java:logGet(46)) - raft.grpc.server.port = 15007 (custom)
2024-01-17 07:57:04,688 [main] INFO  server.GrpcService (ConfUtils.java:logGet(46)) - raft.grpc.message.size.max = 4194304 (custom)
2024-01-17 07:57:04,688 [main] INFO  server.RaftServerConfigKeys (ConfUtils.java:logGet(46)) - raft.server.log.appender.buffer.byte-limit = 4194304 (custom)
2024-01-17 07:57:04,689 [main] INFO  server.GrpcService (ConfUtils.java:logGet(46)) - raft.grpc.flow.control.window = 1MB (=1048576) (default)
2024-01-17 07:57:04,690 [main] INFO  server.RaftServerConfigKeys (ConfUtils.java:logGet(46)) - raft.server.rpc.request.timeout = 3000ms (default)
2024-01-17 07:57:04,696 [main] INFO  grpc.GrpcConfigKeys (ConfUtils.java:logGet(46)) - raft.grpc.server.heartbeat.channel = true (default)
2024-01-17 07:57:04,699 [main] INFO  grpc.GrpcConfigKeys (ConfUtils.java:logGet(46)) - raft.grpc.server.async.request.thread.pool.cached = true (default)
2024-01-17 07:57:04,699 [main] INFO  grpc.GrpcConfigKeys (ConfUtils.java:logGet(46)) - raft.grpc.server.async.request.thread.pool.size = 32 (default)
2024-01-17 07:57:04,948 [main] INFO  impl.DataStreamServerImpl (ConfUtils.java:logGet(46)) - raft.datastream.type = DISABLED (default)
2024-01-17 07:57:04,950 [main] INFO  server.RaftServerConfigKeys (ConfUtils.java:logGet(46)) - raft.server.sleep.deviation.threshold = 300ms (default)
2024-01-17 07:57:04,951 [main] INFO  server.RaftServerConfigKeys (ConfUtils.java:logGet(46)) - raft.server.close.threshold = 60s (default)
2024-01-17 07:57:04,951 [main] INFO  server.RaftServerConfigKeys (ConfUtils.java:logGet(46)) - raft.server.leaderelection.leader.step-down.wait-time = 10s (default)
2024-01-17 07:57:04,952 [main] INFO  server.RaftServerConfigKeys (ConfUtils.java:logGet(46)) - raft.server.storage.dir = [/home/runner/work/ozone/ozone/hadoop-ozone/integration-test/target/test-dir/MiniOzoneClusterImpl-df80a8b8-78a2-47d1-a2cb-ee48e7cc81f7/ozone-meta/ratis] (custom)
2024-01-17 07:57:04,953 [main] INFO  server.RaftServerConfigKeys (ConfUtils.java:logGet(46)) - raft.server.threadpool.proxy.cached = true (default)
2024-01-17 07:57:04,953 [main] INFO  server.RaftServerConfigKeys (ConfUtils.java:logGet(46)) - raft.server.threadpool.proxy.size = 0 (default)
2024-01-17 07:57:04,958 [main] INFO  server.RaftServer (RaftServerProxy.java:addNew(100)) - om1: addNew group-C5BA1605619E:[om1|localhost:15007] returns group-C5BA1605619E:java.util.concurrent.CompletableFuture@7d63b66b[Not completed]
2024-01-17 07:57:04,959 [main] INFO  om.OzoneManager (OzoneManager.java:initializeRatisServer(2141)) - OzoneManager Ratis server initialized at port 15007
2024-01-17 07:57:04,962 [main] INFO  om.OzoneManager (OzoneManager.java:getRpcServer(1207)) - Creating RPC Server
2024-01-17 07:57:04,968 [om1-groupManagement] INFO  server.RaftServer$Division (RaftServerImpl.java:<init>(256)) - om1: new RaftServerImpl for group-C5BA1605619E:[om1|localhost:15007] with OzoneManagerStateMachine:uninitialized
2024-01-17 07:57:04,970 [om1-groupManagement] INFO  server.RaftServerConfigKeys (ConfUtils.java:logGet(46)) - raft.server.rpc.timeout.min = 1s (custom)
2024-01-17 07:57:04,970 [om1-groupManagement] INFO  server.RaftServerConfigKeys (ConfUtils.java:logGet(46)) - raft.server.rpc.timeout.max = 1200ms (custom)
2024-01-17 07:57:04,970 [om1-groupManagement] INFO  server.RaftServerConfigKeys (ConfUtils.java:logGet(46)) - raft.server.rpc.sleep.time = 25ms (default)
2024-01-17 07:57:04,971 [om1-groupManagement] INFO  server.RaftServerConfigKeys (ConfUtils.java:logGet(46)) - raft.server.rpc.slowness.timeout = 120s (custom)
2024-01-17 07:57:04,971 [om1-groupManagement] INFO  server.RaftServerConfigKeys (ConfUtils.java:logGet(46)) - raft.server.leaderelection.leader.step-down.wait-time = 10s (default)
2024-01-17 07:57:04,971 [om1-groupManagement] INFO  server.RaftServerConfigKeys (ConfUtils.java:logGet(46)) - raft.server.leaderelection.member.majority-add = false (default)
2024-01-17 07:57:04,971 [om1-groupManagement] INFO  server.RaftServerConfigKeys (ConfUtils.java:logGet(46)) - raft.server.sleep.deviation.threshold = 300ms (default)
2024-01-17 07:57:04,977 [om1-groupManagement] INFO  server.RaftServer$Division (ServerState.java:<init>(113)) - om1@group-C5BA1605619E: ConfigurationManager, init=-1: peers:[om1|localhost:15007]|listeners:[], old=null, confs=<EMPTY_MAP>
2024-01-17 07:57:04,990 [om1-groupManagement] INFO  server.RaftServerConfigKeys (ConfUtils.java:logGet(46)) - raft.server.notification.no-leader.timeout = 120s (custom)
2024-01-17 07:57:04,992 [om1-groupManagement] INFO  server.RaftServerConfigKeys (ConfUtils.java:logGet(46)) - raft.server.read.timeout = 10s (default)
2024-01-17 07:57:04,996 [om1-groupManagement] INFO  server.RaftServerConfigKeys (ConfUtils.java:logGet(46)) - raft.server.retrycache.expirytime = 300s (custom)
2024-01-17 07:57:04,996 [om1-groupManagement] INFO  server.RaftServerConfigKeys (ConfUtils.java:logGet(46)) - raft.server.retrycache.statistics.expirytime = 100ms (default)
2024-01-17 07:57:05,000 [om1-groupManagement] INFO  server.RaftServerConfigKeys (ConfUtils.java:logGet(46)) - raft.server.read.option = DEFAULT (default)
2024-01-17 07:57:05,000 [om1-groupManagement] INFO  server.RaftServerConfigKeys (ConfUtils.java:logGet(46)) - raft.server.read.read-after-write-consistent.write-index-cache.expiry-time = 60s (default)
2024-01-17 07:57:05,062 [om1-groupManagement] INFO  server.RaftServerConfigKeys (ConfUtils.java:logGet(46)) - raft.server.rpc.request.timeout = 3000ms (default)
2024-01-17 07:57:05,076 [om1-groupManagement] INFO  server.RaftServerConfigKeys (ConfUtils.java:logGet(46)) - raft.server.log.appender.install.snapshot.enabled = false (custom)
2024-01-17 07:57:05,077 [om1-groupManagement] INFO  server.RaftServerConfigKeys (ConfUtils.java:logGet(46)) - raft.server.threadpool.server.cached = true (default)
2024-01-17 07:57:05,079 [om1-groupManagement] INFO  server.RaftServerConfigKeys (ConfUtils.java:logGet(46)) - raft.server.threadpool.server.size = 0 (default)
2024-01-17 07:57:05,081 [om1-groupManagement] INFO  server.RaftServerConfigKeys (ConfUtils.java:logGet(46)) - raft.server.threadpool.client.cached = true (default)
2024-01-17 07:57:05,081 [om1-groupManagement] INFO  server.RaftServerConfigKeys (ConfUtils.java:logGet(46)) - raft.server.threadpool.client.size = 0 (default)
2024-01-17 07:57:05,505 [main] INFO  ipc.CallQueueManager (CallQueueManager.java:<init>(90)) - Using callQueue: class java.util.concurrent.LinkedBlockingQueue, queueCapacity: 2000, scheduler: class org.apache.hadoop.ipc.DefaultRpcScheduler, ipcBackoff: false.
2024-01-17 07:57:05,505 [main] INFO  ipc.Server (Server.java:<init>(1287)) - Listener at 127.0.0.1:15004
2024-01-17 07:57:05,506 [Socket Reader #1 for port 15004] INFO  ipc.Server (Server.java:run(1323)) - Starting Socket Reader #1 for port 15004
2024-01-17 07:57:05,531 [main] INFO  impl.MetricsSystemImpl (MetricsSystemImpl.java:init(158)) - OzoneManager metrics system started (again)
2024-01-17 07:57:05,541 [main] INFO  om.OzoneManager (OzoneManager.java:start(1629)) - OzoneManager RPC server is listening at localhost/127.0.0.1:15004
2024-01-17 07:57:05,542 [main] INFO  ratis.OzoneManagerRatisServer (OzoneManagerRatisServer.java:start(588)) - Starting OzoneManagerRatisServer om1 at port 15007
2024-01-17 07:57:05,545 [om1-impl-thread1] INFO  server.RaftServerConfigKeys (ConfUtils.java:logGet(46)) - raft.server.storage.free-space.min = 0MB (=0) (default)
2024-01-17 07:57:05,545 [om1-impl-thread1] INFO  server.RaftServerConfigKeys (ConfUtils.java:logGet(46)) - raft.server.log.corruption.policy = EXCEPTION (default)
2024-01-17 07:57:05,546 [om1-impl-thread1] INFO  server.RaftServerConfigKeys (ConfUtils.java:logGet(46)) - raft.server.storage.dir = [/home/runner/work/ozone/ozone/hadoop-ozone/integration-test/target/test-dir/MiniOzoneClusterImpl-df80a8b8-78a2-47d1-a2cb-ee48e7cc81f7/ozone-meta/ratis] (custom)
2024-01-17 07:57:05,549 [om1-impl-thread1] INFO  storage.RaftStorageDirectory (RaftStorageDirectoryImpl.java:analyzeStorage(138)) - The storage directory /home/runner/work/ozone/ozone/hadoop-ozone/integration-test/target/test-dir/MiniOzoneClusterImpl-df80a8b8-78a2-47d1-a2cb-ee48e7cc81f7/ozone-meta/ratis/bf265839-605b-3f16-9796-c5ba1605619e does not exist. Creating ...
2024-01-17 07:57:05,553 [om1-impl-thread1] INFO  storage.RaftStorageDirectory (RaftStorageDirectoryImpl.java:tryLock(228)) - Lock on /home/runner/work/ozone/ozone/hadoop-ozone/integration-test/target/test-dir/MiniOzoneClusterImpl-df80a8b8-78a2-47d1-a2cb-ee48e7cc81f7/ozone-meta/ratis/bf265839-605b-3f16-9796-c5ba1605619e/in_use.lock acquired by nodename 24650@fv-az1531-837
2024-01-17 07:57:05,558 [om1-impl-thread1] INFO  storage.RaftStorage (RaftStorageImpl.java:format(99)) - Storage directory /home/runner/work/ozone/ozone/hadoop-ozone/integration-test/target/test-dir/MiniOzoneClusterImpl-df80a8b8-78a2-47d1-a2cb-ee48e7cc81f7/ozone-meta/ratis/bf265839-605b-3f16-9796-c5ba1605619e has been successfully formatted.
2024-01-17 07:57:05,559 [om1-impl-thread1] WARN  util.FileUtils (LogUtils.java:supplyAndLog(63)) - Failed to Files.newInputStream /home/runner/work/ozone/ozone/hadoop-ozone/integration-test/target/test-dir/MiniOzoneClusterImpl-df80a8b8-78a2-47d1-a2cb-ee48e7cc81f7/ozone-meta/ratis/bf265839-605b-3f16-9796-c5ba1605619e/current/raft-meta.conf with options []: java.nio.file.NoSuchFileException: /home/runner/work/ozone/ozone/hadoop-ozone/integration-test/target/test-dir/MiniOzoneClusterImpl-df80a8b8-78a2-47d1-a2cb-ee48e7cc81f7/ozone-meta/ratis/bf265839-605b-3f16-9796-c5ba1605619e/current/raft-meta.conf
2024-01-17 07:57:05,561 [om1-impl-thread1] INFO  server.RaftServerConfigKeys (ConfUtils.java:logGet(46)) - raft.server.log.use.memory = false (default)
2024-01-17 07:57:05,567 [om1-impl-thread1] INFO  server.RaftServerConfigKeys (ConfUtils.java:logGet(46)) - raft.server.log.purge.gap = 1000000 (custom)
2024-01-17 07:57:05,567 [om1-impl-thread1] INFO  server.RaftServerConfigKeys (ConfUtils.java:logGet(46)) - raft.server.log.appender.buffer.byte-limit = 4194304 (custom)
2024-01-17 07:57:05,568 [om1-impl-thread1] INFO  server.RaftServerConfigKeys (ConfUtils.java:logGet(46)) - raft.server.log.statemachine.data.read.timeout = 1000ms (default)
2024-01-17 07:57:05,569 [om1-impl-thread1] INFO  server.RaftServerConfigKeys (ConfUtils.java:logGet(46)) - raft.server.log.purge.preservation.log.num = 0 (default)
2024-01-17 07:57:05,572 [om1-impl-thread1] INFO  server.RaftServerConfigKeys (ConfUtils.java:logGet(46)) - raft.server.log.segment.size.max = 4194304 (custom)
2024-01-17 07:57:05,577 [om1-impl-thread1] INFO  server.RaftServerConfigKeys (ConfUtils.java:logGet(46)) - raft.server.log.segment.cache.num.max = 2 (custom)
2024-01-17 07:57:05,577 [om1-impl-thread1] INFO  server.RaftServerConfigKeys (ConfUtils.java:logGet(46)) - raft.server.log.segment.cache.size.max = 200MB (=209715200) (default)
2024-01-17 07:57:05,577 [om1-impl-thread1] INFO  server.RaftServerConfigKeys (ConfUtils.java:logGet(46)) - raft.server.log.appender.buffer.byte-limit = 4194304 (custom)
2024-01-17 07:57:05,579 [om1-impl-thread1] INFO  util.AwaitToRun (AwaitToRun.java:start(81)) - Thread[om1@group-C5BA1605619E-cacheEviction-AwaitToRun,5,main] started
2024-01-17 07:57:05,583 [om1-impl-thread1] INFO  segmented.SegmentedRaftLogWorker (SegmentedRaftLogWorker.java:<init>(182)) - new om1@group-C5BA1605619E-SegmentedRaftLogWorker for RaftStorageImpl:Storage Directory /home/runner/work/ozone/ozone/hadoop-ozone/integration-test/target/test-dir/MiniOzoneClusterImpl-df80a8b8-78a2-47d1-a2cb-ee48e7cc81f7/ozone-meta/ratis/bf265839-605b-3f16-9796-c5ba1605619e
2024-01-17 07:57:05,583 [om1-impl-thread1] INFO  server.RaftServerConfigKeys (ConfUtils.java:logGet(46)) - raft.server.log.queue.byte-limit = 64MB (=67108864) (default)
2024-01-17 07:57:05,583 [om1-impl-thread1] INFO  server.RaftServerConfigKeys (ConfUtils.java:logGet(46)) - raft.server.log.queue.element-limit = 4096 (default)
2024-01-17 07:57:05,585 [om1-impl-thread1] INFO  server.RaftServerConfigKeys (ConfUtils.java:logGet(46)) - raft.server.log.segment.size.max = 4194304 (custom)
2024-01-17 07:57:05,585 [om1-impl-thread1] INFO  server.RaftServerConfigKeys (ConfUtils.java:logGet(46)) - raft.server.log.preallocated.size = 4194304 (custom)
2024-01-17 07:57:05,586 [om1-impl-thread1] INFO  server.RaftServerConfigKeys (ConfUtils.java:logGet(46)) - raft.server.log.force.sync.num = 128 (default)
2024-01-17 07:57:05,586 [om1-impl-thread1] INFO  server.RaftServerConfigKeys (ConfUtils.java:logGet(46)) - raft.server.log.statemachine.data.sync = true (default)
2024-01-17 07:57:05,587 [om1-impl-thread1] INFO  server.RaftServerConfigKeys (ConfUtils.java:logGet(46)) - raft.server.log.statemachine.data.sync.timeout = 10s (default)
2024-01-17 07:57:05,587 [om1-impl-thread1] INFO  server.RaftServerConfigKeys (ConfUtils.java:logGet(46)) - raft.server.log.statemachine.data.sync.timeout.retry = -1 (default)
2024-01-17 07:57:05,589 [om1-impl-thread1] INFO  server.RaftServerConfigKeys (ConfUtils.java:logGet(46)) - raft.server.log.write.buffer.size = 4194312 (custom)
2024-01-17 07:57:05,590 [om1-impl-thread1] INFO  server.RaftServerConfigKeys (ConfUtils.java:logGet(46)) - raft.server.log.appender.buffer.byte-limit = 4194304 (custom)
2024-01-17 07:57:05,590 [om1-impl-thread1] INFO  server.RaftServerConfigKeys (ConfUtils.java:logGet(46)) - raft.server.log.unsafe-flush.enabled = false (default)
2024-01-17 07:57:05,591 [om1-impl-thread1] INFO  server.RaftServerConfigKeys (ConfUtils.java:logGet(46)) - raft.server.log.async-flush.enabled = false (default)
2024-01-17 07:57:05,591 [om1-impl-thread1] INFO  server.RaftServerConfigKeys (ConfUtils.java:logGet(46)) - raft.server.log.statemachine.data.caching.enabled = false (default)
2024-01-17 07:57:05,595 [om1-impl-thread1] INFO  segmented.SegmentedRaftLogWorker (SegmentedRaftLogWorker.java:lambda$new$0(134)) - om1@group-C5BA1605619E-SegmentedRaftLogWorker: flushIndex: setUnconditionally 0 -> -1
2024-01-17 07:57:05,595 [om1-impl-thread1] INFO  segmented.SegmentedRaftLogWorker (SegmentedRaftLogWorker.java:lambda$new$0(134)) - om1@group-C5BA1605619E-SegmentedRaftLogWorker: safeCacheEvictIndex: setUnconditionally 0 -> -1
2024-01-17 07:57:05,596 [om1-impl-thread1] INFO  server.RaftServer$Division (RaftServerImpl.java:start(396)) - om1@group-C5BA1605619E: start as a follower, conf=-1: peers:[om1|localhost:15007]|listeners:[], old=null
2024-01-17 07:57:05,597 [om1-impl-thread1] INFO  server.RaftServer$Division (RaftServerImpl.java:setRole(383)) - om1@group-C5BA1605619E: changes role from      null to FOLLOWER at term 0 for startAsFollower
2024-01-17 07:57:05,598 [om1-impl-thread1] INFO  impl.RoleInfo (RoleInfo.java:updateAndGet(139)) - om1: start om1@group-C5BA1605619E-FollowerState
2024-01-17 07:57:05,598 [om1@group-C5BA1605619E-FollowerState] INFO  server.RaftServerConfigKeys (ConfUtils.java:logFallback(53)) - raft.server.rpc.first-election.timeout.min = 1s (fallback to raft.server.rpc.timeout.min)
2024-01-17 07:57:05,599 [om1@group-C5BA1605619E-FollowerState] INFO  server.RaftServerConfigKeys (ConfUtils.java:logFallback(53)) - raft.server.rpc.first-election.timeout.max = 1200ms (fallback to raft.server.rpc.timeout.max)
2024-01-17 07:57:05,600 [om1-impl-thread1] INFO  util.JmxRegister (JmxRegister.java:tryRegister(44)) - Successfully registered JMX Bean with object name Ratis:service=RaftServer,group=group-C5BA1605619E,id=om1
2024-01-17 07:57:05,601 [om1-impl-thread1] INFO  server.RaftServerConfigKeys (ConfUtils.java:logGet(46)) - raft.server.snapshot.trigger-when-stop.enabled = true (default)
2024-01-17 07:57:05,601 [om1-impl-thread1] INFO  server.RaftServerConfigKeys (ConfUtils.java:logGet(46)) - raft.server.snapshot.auto.trigger.enabled = true (custom)
2024-01-17 07:57:05,602 [om1-impl-thread1] INFO  server.RaftServerConfigKeys (ConfUtils.java:logGet(46)) - raft.server.snapshot.auto.trigger.threshold = 400000 (default)
2024-01-17 07:57:05,602 [om1-impl-thread1] INFO  server.RaftServerConfigKeys (ConfUtils.java:logGet(46)) - raft.server.snapshot.retention.file.num = -1 (default)
2024-01-17 07:57:05,602 [om1-impl-thread1] INFO  server.RaftServerConfigKeys (ConfUtils.java:logGet(46)) - raft.server.log.purge.upto.snapshot.index = true (custom)
2024-01-17 07:57:05,607 [main] INFO  server.RaftServer (RaftServerProxy.java:startImpl(406)) - om1: start RPC server
2024-01-17 07:57:05,642 [main] INFO  server.GrpcService (GrpcService.java:startImpl(302)) - om1: GrpcService started, listening on 15007
2024-01-17 07:57:05,643 [JvmPauseMonitor1] INFO  util.JvmPauseMonitor (JvmPauseMonitor.java:run(146)) - JvmPauseMonitor-om1: Started
2024-01-17 07:57:05,644 [main] INFO  om.OzoneManager (OzoneManager.java:start(1645)) - Version File has different layout version (6) than OM DB (null). That is expected if this OM has never been finalized to a newer layout version.
2024-01-17 07:57:05,664 [main] INFO  http.BaseHttpServer (BaseHttpServer.java:newHttpServer2BuilderForOzone(223)) - Starting Web-server for ozoneManager at: http://0.0.0.0:15005
2024-01-17 07:57:05,665 [main] INFO  http.BaseHttpServer (BaseHttpServer.java:<init>(110)) - Hadoop Security Enabled: false Ozone Security Enabled: false Ozone HTTP Security Enabled: false 
2024-01-17 07:57:05,666 [main] WARN  server.AuthenticationFilter (AuthenticationFilter.java:constructSecretProvider(240)) - Unable to initialize FileSignerSecretProvider, falling back to use random secrets. Reason: Could not read signature secret file: /home/runner/hadoop-http-auth-signature-secret
2024-01-17 07:57:05,667 [main] INFO  http.HttpRequestLog (HttpRequestLog.java:getRequestLog(86)) - Http request log for http.requests.ozoneManager is not defined
2024-01-17 07:57:05,669 [main] INFO  http.HttpServer2 (HttpServer2.java:addGlobalFilter(1036)) - Added global filter 'safety' (class=org.apache.hadoop.hdds.server.http.HttpServer2$QuotingInputFilter)
2024-01-17 07:57:05,670 [main] INFO  http.HttpServer2 (HttpServer2.java:addFilter(1012)) - Added filter static_user_filter (class=org.apache.hadoop.http.lib.StaticUserWebFilter$StaticUserFilter) to context ozoneManager
2024-01-17 07:57:05,670 [main] INFO  http.HttpServer2 (HttpServer2.java:addFilter(1020)) - Added filter static_user_filter (class=org.apache.hadoop.http.lib.StaticUserWebFilter$StaticUserFilter) to context logs
2024-01-17 07:57:05,670 [main] INFO  http.HttpServer2 (HttpServer2.java:addFilter(1020)) - Added filter static_user_filter (class=org.apache.hadoop.http.lib.StaticUserWebFilter$StaticUserFilter) to context static
2024-01-17 07:57:05,671 [main] INFO  http.BaseHttpServer (BaseHttpServer.java:<init>(189)) - HTTP server of ozoneManager uses base directory /home/runner/work/ozone/ozone/hadoop-ozone/integration-test/target/test-dir/MiniOzoneClusterImpl-df80a8b8-78a2-47d1-a2cb-ee48e7cc81f7/ozone-meta/webserver
2024-01-17 07:57:05,674 [main] INFO  http.HttpServer2 (HttpServer2.java:bindListener(1236)) - Jetty bound to port 15005
2024-01-17 07:57:05,674 [main] INFO  server.Server (Server.java:doStart(375)) - jetty-9.4.53.v20231009; built: 2023-10-09T12:29:09.265Z; git: 27bde00a0b95a1d5bbee0eae7984f891d2d0f8c9; jvm 1.8.0_392-b08
2024-01-17 07:57:05,675 [main] INFO  server.session (DefaultSessionIdManager.java:doStart(334)) - DefaultSessionIdManager workerName=node0
2024-01-17 07:57:05,675 [main] INFO  server.session (DefaultSessionIdManager.java:doStart(339)) - No SessionScavenger set, using defaults
2024-01-17 07:57:05,676 [main] INFO  server.session (HouseKeeper.java:startScavenging(132)) - node0 Scavenging every 660000ms
2024-01-17 07:57:05,677 [main] INFO  handler.ContextHandler (ContextHandler.java:doStart(921)) - Started o.e.j.s.ServletContextHandler@2b8acd9d{logs,/logs,file:///home/runner/work/ozone/ozone/hadoop-ozone/integration-test/target/log,AVAILABLE}
2024-01-17 07:57:05,677 [main] INFO  handler.ContextHandler (ContextHandler.java:doStart(921)) - Started o.e.j.s.ServletContextHandler@70835eaf{static,/static,file:///home/runner/work/ozone/ozone/hadoop-ozone/integration-test/target/test-classes/webapps/static,AVAILABLE}
2024-01-17 07:57:05,681 [main] INFO  handler.ContextHandler (ContextHandler.java:doStart(921)) - Started o.e.j.w.WebAppContext@563f000f{ozoneManager,/,file:///home/runner/work/ozone/ozone/hadoop-ozone/integration-test/target/test-classes/webapps/ozoneManager/,AVAILABLE}{file:/home/runner/work/ozone/ozone/hadoop-ozone/integration-test/target/test-classes/webapps/ozoneManager}
2024-01-17 07:57:05,682 [main] INFO  server.AbstractConnector (AbstractConnector.java:doStart(333)) - Started ServerConnector@4269bd17{HTTP/1.1, (http/1.1)}{0.0.0.0:15005}
2024-01-17 07:57:05,682 [main] INFO  server.Server (Server.java:doStart(415)) - Started @6285ms
2024-01-17 07:57:05,683 [main] WARN  impl.MetricsSystemImpl (MetricsSystemImpl.java:register(279)) - Sink prometheus already exists!
2024-01-17 07:57:05,683 [main] INFO  http.BaseHttpServer (BaseHttpServer.java:updateConnectorAddress(354)) - HTTP server of ozoneManager listening at http://0.0.0.0:15005
2024-01-17 07:57:05,683 [IPC Server Responder] INFO  ipc.Server (Server.java:run(1562)) - IPC Server Responder: starting
2024-01-17 07:57:05,684 [IPC Server listener on 15004] INFO  ipc.Server (Server.java:run(1402)) - IPC Server listener on 15004: starting
2024-01-17 07:57:05,687 [main] INFO  om.OzoneManager (OzoneManager.java:startTrashEmptier(2094)) - Trash Interval set to 0. Files deleted won't move to trash
2024-01-17 07:57:05,819 [main] INFO  db.CodecBuffer (CodecBuffer.java:set(62)) - Successfully set constructor to org.apache.hadoop.hdds.utils.db.CodecBuffer$$Lambda$994/641951917@6e83c9c9
2024-01-17 07:57:05,820 [main] WARN  dropwizard3.Dm3MetricRegistriesImpl (Dm3MetricRegistriesImpl.java:addReporterRegistration(113)) - New reporters are added after registries were created. Some metrics will be missing from the reporter. Please add reporter before adding any new registry.
2024-01-17 07:57:05,820 [main] WARN  dropwizard3.Dm3MetricRegistriesImpl (Dm3MetricRegistriesImpl.java:addReporterRegistration(113)) - New reporters are added after registries were created. Some metrics will be missing from the reporter. Please add reporter before adding any new registry.
2024-01-17 07:57:05,820 [main] INFO  impl.MetricsSystemImpl (MetricsSystemImpl.java:init(158)) - HddsDatanode metrics system started (again)
2024-01-17 07:57:05,835 [main] INFO  ozone.HddsDatanodeService (HddsDatanodeService.java:start(239)) - HddsDatanodeService host:fv-az1531-837.hsxikm2gdrvudnct5jqc1oiugc.ex.internal.cloudapp.net ip:10.1.0.6
2024-01-17 07:57:05,858 [main] INFO  upgrade.AbstractLayoutVersionManager (AbstractLayoutVersionManager.java:init(83)) - Initializing Layout version manager with metadata layout = HADOOP_PRC_PORTS_IN_DATANODEDETAILS (version = 7), software layout = HADOOP_PRC_PORTS_IN_DATANODEDETAILS (version = 7)
2024-01-17 07:57:05,861 [main] INFO  statemachine.DatanodeStateMachine (DatanodeStateMachine.java:getEndPointTaskThreadPoolSize(299)) - Datanode State Machine Task Thread Pool size 2
2024-01-17 07:57:05,905 [main] INFO  volume.HddsVolume (HddsVolume.java:<init>(125)) - Creating HddsVolume: /home/runner/work/ozone/ozone/hadoop-ozone/integration-test/target/test-dir/MiniOzoneClusterImpl-df80a8b8-78a2-47d1-a2cb-ee48e7cc81f7/datanode-0/data-0/containers/hdds of storage type : DISK capacity : 9223372036854775807
2024-01-17 07:57:05,908 [main] INFO  volume.MutableVolumeSet (MutableVolumeSet.java:initializeVolumeSet(173)) - Added Volume : /home/runner/work/ozone/ozone/hadoop-ozone/integration-test/target/test-dir/MiniOzoneClusterImpl-df80a8b8-78a2-47d1-a2cb-ee48e7cc81f7/datanode-0/data-0/containers/hdds to VolumeSet
2024-01-17 07:57:05,911 [main] INFO  volume.MutableVolumeSet (MutableVolumeSet.java:initializeVolumeSet(173)) - Added Volume : /home/runner/work/ozone/ozone/hadoop-ozone/integration-test/target/test-dir/MiniOzoneClusterImpl-df80a8b8-78a2-47d1-a2cb-ee48e7cc81f7/datanode-0/data/ratis to VolumeSet
2024-01-17 07:57:05,915 [main] INFO  ozoneimpl.OzoneContainer (HddsVolumeUtil.java:loadAllHddsVolumeDbStore(103)) - Load 1 volumes DbStore cost: 1ms
2024-01-17 07:57:05,924 [e98e7f84-7e90-42c0-bf2b-bf94ba8f7864-ContainerReader-0] INFO  ozoneimpl.ContainerReader (ContainerReader.java:readVolume(178)) - Finish verifying containers on volume /home/runner/work/ozone/ozone/hadoop-ozone/integration-test/target/test-dir/MiniOzoneClusterImpl-df80a8b8-78a2-47d1-a2cb-ee48e7cc81f7/datanode-0/data-0/containers/hdds
2024-01-17 07:57:05,924 [main] INFO  ozoneimpl.OzoneContainer (OzoneContainer.java:buildContainerSet(328)) - Build ContainerSet costs 0s
2024-01-17 07:57:05,967 [main] INFO  audit.AuditLogger (AuditLogger.java:refreshDebugCmdSet(130)) - Refresh DebugCmdSet for DNAudit to [].
2024-01-17 07:57:05,989 [main] INFO  server.RaftServer (ConfUtils.java:logGet(46)) - raft.rpc.type = GRPC (default)
2024-01-17 07:57:05,990 [main] INFO  grpc.GrpcConfigKeys (ConfUtils.java:logFallback(53)) - raft.grpc.admin.host = null (fallback to raft.grpc.server.host)
2024-01-17 07:57:05,990 [main] INFO  grpc.GrpcConfigKeys (ConfUtils.java:logGet(46)) - raft.grpc.admin.port = 15013 (custom)
2024-01-17 07:57:05,990 [main] INFO  grpc.GrpcConfigKeys (ConfUtils.java:logFallback(53)) - raft.grpc.client.host = null (fallback to raft.grpc.server.host)
2024-01-17 07:57:05,990 [main] INFO  grpc.GrpcConfigKeys (ConfUtils.java:logGet(46)) - raft.grpc.client.port = 15012 (custom)
2024-01-17 07:57:05,991 [main] INFO  grpc.GrpcConfigKeys (ConfUtils.java:logGet(46)) - raft.grpc.server.host = null (default)
2024-01-17 07:57:05,991 [main] INFO  grpc.GrpcConfigKeys (ConfUtils.java:logGet(46)) - raft.grpc.server.port = 15014 (custom)
2024-01-17 07:57:05,991 [main] INFO  server.GrpcService (ConfUtils.java:logGet(46)) - raft.grpc.message.size.max = 32MB (=33554432) (custom)
2024-01-17 07:57:05,991 [main] INFO  server.RaftServerConfigKeys (ConfUtils.java:logGet(46)) - raft.server.log.appender.buffer.byte-limit = 8388608 (custom)
2024-01-17 07:57:05,992 [main] INFO  server.GrpcService (ConfUtils.java:logGet(46)) - raft.grpc.flow.control.window = 5MB (=5242880) (custom)
2024-01-17 07:57:05,992 [main] INFO  server.RaftServerConfigKeys (ConfUtils.java:logGet(46)) - raft.server.rpc.request.timeout = 60s (custom)
2024-01-17 07:57:05,992 [main] INFO  grpc.GrpcConfigKeys (ConfUtils.java:logGet(46)) - raft.grpc.server.heartbeat.channel = true (default)
2024-01-17 07:57:05,992 [main] INFO  grpc.GrpcConfigKeys (ConfUtils.java:logGet(46)) - raft.grpc.server.async.request.thread.pool.cached = true (default)
2024-01-17 07:57:05,993 [main] INFO  grpc.GrpcConfigKeys (ConfUtils.java:logGet(46)) - raft.grpc.server.async.request.thread.pool.size = 32 (default)
2024-01-17 07:57:05,995 [main] INFO  impl.DataStreamServerImpl (ConfUtils.java:logGet(46)) - raft.datastream.type = NETTY (custom)
2024-01-17 07:57:06,005 [main] INFO  server.RaftServerConfigKeys (ConfUtils.java:logGet(46)) - raft.server.data-stream.async.request.thread.pool.cached = false (default)
2024-01-17 07:57:06,005 [main] INFO  server.RaftServerConfigKeys (ConfUtils.java:logGet(46)) - raft.server.data-stream.async.request.thread.pool.size = 20 (custom)
2024-01-17 07:57:06,006 [main] INFO  server.RaftServerConfigKeys (ConfUtils.java:logGet(46)) - raft.server.data-stream.async.write.thread.pool.size = 16 (default)
2024-01-17 07:57:06,006 [main] INFO  netty.NettyConfigKeys$DataStream (ConfUtils.java:logGet(46)) - raft.netty.dataStream.server.channel.inactive.grace-period = 10min (default)
2024-01-17 07:57:06,007 [main] INFO  server.RaftServerConfigKeys (ConfUtils.java:logGet(46)) - raft.server.data-stream.client.pool.size = 10 (default)
2024-01-17 07:57:06,009 [main] INFO  netty.NettyConfigKeys$DataStream (ConfUtils.java:logGet(46)) - raft.netty.dataStream.server.use-epoll = true (default)
2024-01-17 07:57:06,009 [main] INFO  netty.NettyConfigKeys$DataStream (ConfUtils.java:logGet(46)) - raft.netty.dataStream.server.boss-group.size = 0 (default)
2024-01-17 07:57:06,010 [main] INFO  netty.NettyUtils (NettyUtils.java:newEventLoopGroup(69)) - Create EpollEventLoopGroup for e98e7f84-7e90-42c0-bf2b-bf94ba8f7864-NettyServerStreamRpc-bossGroup; Thread size is 0.
2024-01-17 07:57:06,035 [main] INFO  netty.NettyConfigKeys$DataStream (ConfUtils.java:logGet(46)) - raft.netty.dataStream.server.worker-group.size = 0 (default)
2024-01-17 07:57:06,035 [main] INFO  netty.NettyUtils (NettyUtils.java:newEventLoopGroup(69)) - Create EpollEventLoopGroup for e98e7f84-7e90-42c0-bf2b-bf94ba8f7864-NettyServerStreamRpc-workerGroup; Thread size is 0.
2024-01-17 07:57:06,036 [main] INFO  netty.NettyConfigKeys$DataStream (ConfUtils.java:logGet(46)) - raft.netty.dataStream.server.tls.conf = null (default)
2024-01-17 07:57:06,038 [main] INFO  netty.NettyConfigKeys$DataStream (ConfUtils.java:logGet(46)) - raft.netty.dataStream.host = null (default)
2024-01-17 07:57:06,038 [main] INFO  netty.NettyConfigKeys$DataStream (ConfUtils.java:logGet(46)) - raft.netty.dataStream.port = 15015 (custom)
2024-01-17 07:57:06,042 [main] INFO  server.RaftServerConfigKeys (ConfUtils.java:logGet(46)) - raft.server.sleep.deviation.threshold = 300ms (default)
2024-01-17 07:57:06,042 [main] INFO  server.RaftServerConfigKeys (ConfUtils.java:logGet(46)) - raft.server.close.threshold = 60s (default)
2024-01-17 07:57:06,042 [main] INFO  server.RaftServerConfigKeys (ConfUtils.java:logGet(46)) - raft.server.leaderelection.leader.step-down.wait-time = 10s (default)
2024-01-17 07:57:06,042 [main] INFO  server.RaftServerConfigKeys (ConfUtils.java:logGet(46)) - raft.server.storage.dir = [/home/runner/work/ozone/ozone/hadoop-ozone/integration-test/target/test-dir/MiniOzoneClusterImpl-df80a8b8-78a2-47d1-a2cb-ee48e7cc81f7/datanode-0/data/ratis] (custom)
2024-01-17 07:57:06,043 [main] INFO  server.RaftServerConfigKeys (ConfUtils.java:logGet(46)) - raft.server.threadpool.proxy.cached = true (default)
2024-01-17 07:57:06,043 [main] INFO  server.RaftServerConfigKeys (ConfUtils.java:logGet(46)) - raft.server.threadpool.proxy.size = 0 (default)
2024-01-17 07:57:06,043 [e98e7f84-7e90-42c0-bf2b-bf94ba8f7864-impl-thread1] INFO  server.RaftServer (RaftServerProxy.java:initGroupDir(264)) - e98e7f84-7e90-42c0-bf2b-bf94ba8f7864: found a subdirectory /home/runner/work/ozone/ozone/hadoop-ozone/integration-test/target/test-dir/MiniOzoneClusterImpl-df80a8b8-78a2-47d1-a2cb-ee48e7cc81f7/datanode-0/data/ratis/tmp
2024-01-17 07:57:06,044 [e98e7f84-7e90-42c0-bf2b-bf94ba8f7864-impl-thread1] INFO  server.RaftServer (RaftServerProxy.java:initGroupDir(269)) - e98e7f84-7e90-42c0-bf2b-bf94ba8f7864: The directory /home/runner/work/ozone/ozone/hadoop-ozone/integration-test/target/test-dir/MiniOzoneClusterImpl-df80a8b8-78a2-47d1-a2cb-ee48e7cc81f7/datanode-0/data/ratis/tmp is not a group directory; ignoring it. 
2024-01-17 07:57:06,047 [main] INFO  replication.ReplicationServer (ReplicationServer.java:<init>(85)) - Initializing replication server with thread count = 10 queue length = 4096
2024-01-17 07:57:06,052 [e98e7f84-7e90-42c0-bf2b-bf94ba8f7864-NettyServerStreamRpc-bossGroup--thread1] INFO  logging.LoggingHandler (AbstractInternalLogger.java:log(148)) - [id: 0xc684c357] REGISTERED
2024-01-17 07:57:06,052 [e98e7f84-7e90-42c0-bf2b-bf94ba8f7864-NettyServerStreamRpc-bossGroup--thread1] INFO  logging.LoggingHandler (AbstractInternalLogger.java:log(148)) - [id: 0xc684c357] BIND: 0.0.0.0/0.0.0.0:15015
2024-01-17 07:57:06,052 [e98e7f84-7e90-42c0-bf2b-bf94ba8f7864-NettyServerStreamRpc-bossGroup--thread1] INFO  logging.LoggingHandler (AbstractInternalLogger.java:log(148)) - [id: 0xc684c357, L:/0.0.0.0:15015] ACTIVE
2024-01-17 07:57:06,062 [main] INFO  server.XceiverServerGrpc (XceiverServerGrpc.java:<init>(141)) - GrpcServer channel type EpollServerSocketChannel
2024-01-17 07:57:06,129 [main] INFO  replication.ReplicationSupervisor (ReplicationSupervisor.java:build(163)) - Initializing replication supervisor with thread count = 10
2024-01-17 07:57:06,130 [main] INFO  replication.ReplicationSupervisor (ReplicationSupervisor.java:nodeStateUpdated(317)) - Node state updated to IN_SERVICE, scaling executor pool size to 10
2024-01-17 07:57:06,167 [main] INFO  http.BaseHttpServer (BaseHttpServer.java:newHttpServer2BuilderForOzone(223)) - Starting Web-server for hddsDatanode at: http://0.0.0.0:15009
2024-01-17 07:57:06,167 [main] INFO  http.BaseHttpServer (BaseHttpServer.java:<init>(110)) - Hadoop Security Enabled: false Ozone Security Enabled: false Ozone HTTP Security Enabled: false 
2024-01-17 07:57:06,169 [main] WARN  server.AuthenticationFilter (AuthenticationFilter.java:constructSecretProvider(240)) - Unable to initialize FileSignerSecretProvider, falling back to use random secrets. Reason: Could not read signature secret file: /home/runner/hadoop-http-auth-signature-secret
2024-01-17 07:57:06,170 [main] INFO  http.HttpRequestLog (HttpRequestLog.java:getRequestLog(86)) - Http request log for http.requests.hddsDatanode is not defined
2024-01-17 07:57:06,172 [main] INFO  http.HttpServer2 (HttpServer2.java:addGlobalFilter(1036)) - Added global filter 'safety' (class=org.apache.hadoop.hdds.server.http.HttpServer2$QuotingInputFilter)
2024-01-17 07:57:06,173 [main] INFO  http.HttpServer2 (HttpServer2.java:addFilter(1012)) - Added filter static_user_filter (class=org.apache.hadoop.http.lib.StaticUserWebFilter$StaticUserFilter) to context hddsDatanode
2024-01-17 07:57:06,174 [main] INFO  http.HttpServer2 (HttpServer2.java:addFilter(1020)) - Added filter static_user_filter (class=org.apache.hadoop.http.lib.StaticUserWebFilter$StaticUserFilter) to context static
2024-01-17 07:57:06,174 [main] INFO  http.HttpServer2 (HttpServer2.java:addFilter(1020)) - Added filter static_user_filter (class=org.apache.hadoop.http.lib.StaticUserWebFilter$StaticUserFilter) to context logs
2024-01-17 07:57:06,175 [main] INFO  http.BaseHttpServer (BaseHttpServer.java:<init>(189)) - HTTP server of hddsDatanode uses base directory /home/runner/work/ozone/ozone/hadoop-ozone/integration-test/target/test-dir/MiniOzoneClusterImpl-df80a8b8-78a2-47d1-a2cb-ee48e7cc81f7/datanode-0/meta/webserver
2024-01-17 07:57:06,175 [main] INFO  http.HttpServer2 (HttpServer2.java:bindListener(1236)) - Jetty bound to port 15009
2024-01-17 07:57:06,175 [main] INFO  server.Server (Server.java:doStart(375)) - jetty-9.4.53.v20231009; built: 2023-10-09T12:29:09.265Z; git: 27bde00a0b95a1d5bbee0eae7984f891d2d0f8c9; jvm 1.8.0_392-b08
2024-01-17 07:57:06,181 [main] INFO  server.session (DefaultSessionIdManager.java:doStart(334)) - DefaultSessionIdManager workerName=node0
2024-01-17 07:57:06,181 [main] INFO  server.session (DefaultSessionIdManager.java:doStart(339)) - No SessionScavenger set, using defaults
2024-01-17 07:57:06,181 [main] INFO  server.session (HouseKeeper.java:startScavenging(132)) - node0 Scavenging every 600000ms
2024-01-17 07:57:06,182 [main] INFO  handler.ContextHandler (ContextHandler.java:doStart(921)) - Started o.e.j.s.ServletContextHandler@41c7487c{logs,/logs,file:///home/runner/work/ozone/ozone/hadoop-ozone/integration-test/target/log,AVAILABLE}
2024-01-17 07:57:06,182 [main] INFO  handler.ContextHandler (ContextHandler.java:doStart(921)) - Started o.e.j.s.ServletContextHandler@4c286ab9{static,/static,jar:file:/home/runner/.m2/repository/org/apache/ozone/hdds-container-service/1.5.0-SNAPSHOT/hdds-container-service-1.5.0-SNAPSHOT.jar!/webapps/static,AVAILABLE}
2024-01-17 07:57:06,227 [main] INFO  handler.ContextHandler (ContextHandler.java:doStart(921)) - Started o.e.j.w.WebAppContext@67aad9da{hddsDatanode,/,file:///home/runner/work/ozone/ozone/hadoop-ozone/integration-test/target/test-dir/MiniOzoneClusterImpl-df80a8b8-78a2-47d1-a2cb-ee48e7cc81f7/datanode-0/meta/webserver/jetty-0_0_0_0-15009-hdds-container-service-1_5_0-SNAPSHOT_jar-_-any-4961071541221444492/webapp/,AVAILABLE}{jar:file:/home/runner/.m2/repository/org/apache/ozone/hdds-container-service/1.5.0-SNAPSHOT/hdds-container-service-1.5.0-SNAPSHOT.jar!/webapps/hddsDatanode}
2024-01-17 07:57:06,228 [main] INFO  server.AbstractConnector (AbstractConnector.java:doStart(333)) - Started ServerConnector@1bbce377{HTTP/1.1, (http/1.1)}{0.0.0.0:15009}
2024-01-17 07:57:06,229 [main] INFO  server.Server (Server.java:doStart(415)) - Started @6831ms
2024-01-17 07:57:06,229 [main] WARN  impl.MetricsSystemImpl (MetricsSystemImpl.java:register(279)) - Sink prometheus already exists!
2024-01-17 07:57:06,230 [main] INFO  http.BaseHttpServer (BaseHttpServer.java:updateConnectorAddress(354)) - HTTP server of hddsDatanode listening at http://0.0.0.0:15009
2024-01-17 07:57:06,232 [main] INFO  ipc.CallQueueManager (CallQueueManager.java:<init>(90)) - Using callQueue: class java.util.concurrent.LinkedBlockingQueue, queueCapacity: 100, scheduler: class org.apache.hadoop.ipc.DefaultRpcScheduler, ipcBackoff: false.
2024-01-17 07:57:06,232 [main] INFO  ipc.Server (Server.java:<init>(1287)) - Listener at 0.0.0.0:15010
2024-01-17 07:57:06,233 [Socket Reader #1 for port 15010] INFO  ipc.Server (Server.java:run(1323)) - Starting Socket Reader #1 for port 15010
2024-01-17 07:57:06,235 [main] INFO  ozone.HddsDatanodeService (HddsDatanodeService.java:start(324)) - Datanode start with admins: [runner]
2024-01-17 07:57:06,236 [main] INFO  ozone.HddsDatanodeClientProtocolServer (HddsDatanodeClientProtocolServer.java:start(72)) - RPC server for Client /0.0.0.0:15010
2024-01-17 07:57:06,236 [IPC Server Responder] INFO  ipc.Server (Server.java:run(1562)) - IPC Server Responder: starting
2024-01-17 07:57:06,237 [IPC Server listener on 15010] INFO  ipc.Server (Server.java:run(1402)) - IPC Server listener on 15010: starting
2024-01-17 07:57:06,238 [main] WARN  dropwizard3.Dm3MetricRegistriesImpl (Dm3MetricRegistriesImpl.java:addReporterRegistration(113)) - New reporters are added after registries were created. Some metrics will be missing from the reporter. Please add reporter before adding any new registry.
2024-01-17 07:57:06,238 [main] WARN  dropwizard3.Dm3MetricRegistriesImpl (Dm3MetricRegistriesImpl.java:addReporterRegistration(113)) - New reporters are added after registries were created. Some metrics will be missing from the reporter. Please add reporter before adding any new registry.
2024-01-17 07:57:06,239 [main] INFO  impl.MetricsSystemImpl (MetricsSystemImpl.java:init(158)) - HddsDatanode metrics system started (again)
2024-01-17 07:57:06,238 [e98e7f84-7e90-42c0-bf2b-bf94ba8f7864-DatanodeStateMachineDaemonThread] INFO  statemachine.DatanodeStateMachine (DatanodeStateMachine.java:lambda$startDaemon$1(555)) - Ozone container server started.
2024-01-17 07:57:06,251 [main] INFO  ozone.HddsDatanodeService (HddsDatanodeService.java:start(239)) - HddsDatanodeService host:fv-az1531-837.hsxikm2gdrvudnct5jqc1oiugc.ex.internal.cloudapp.net ip:10.1.0.6
2024-01-17 07:57:06,272 [main] INFO  upgrade.AbstractLayoutVersionManager (AbstractLayoutVersionManager.java:init(83)) - Initializing Layout version manager with metadata layout = HADOOP_PRC_PORTS_IN_DATANODEDETAILS (version = 7), software layout = HADOOP_PRC_PORTS_IN_DATANODEDETAILS (version = 7)
2024-01-17 07:57:06,272 [main] INFO  statemachine.DatanodeStateMachine (DatanodeStateMachine.java:getEndPointTaskThreadPoolSize(299)) - Datanode State Machine Task Thread Pool size 2
2024-01-17 07:57:06,275 [main] INFO  volume.HddsVolume (HddsVolume.java:<init>(125)) - Creating HddsVolume: /home/runner/work/ozone/ozone/hadoop-ozone/integration-test/target/test-dir/MiniOzoneClusterImpl-df80a8b8-78a2-47d1-a2cb-ee48e7cc81f7/datanode-1/data-0/containers/hdds of storage type : DISK capacity : 9223372036854775807
2024-01-17 07:57:06,276 [main] INFO  volume.MutableVolumeSet (MutableVolumeSet.java:initializeVolumeSet(173)) - Added Volume : /home/runner/work/ozone/ozone/hadoop-ozone/integration-test/target/test-dir/MiniOzoneClusterImpl-df80a8b8-78a2-47d1-a2cb-ee48e7cc81f7/datanode-1/data-0/containers/hdds to VolumeSet
2024-01-17 07:57:06,277 [main] INFO  volume.MutableVolumeSet (MutableVolumeSet.java:initializeVolumeSet(173)) - Added Volume : /home/runner/work/ozone/ozone/hadoop-ozone/integration-test/target/test-dir/MiniOzoneClusterImpl-df80a8b8-78a2-47d1-a2cb-ee48e7cc81f7/datanode-1/data/ratis to VolumeSet
2024-01-17 07:57:06,278 [main] INFO  ozoneimpl.OzoneContainer (HddsVolumeUtil.java:loadAllHddsVolumeDbStore(103)) - Load 1 volumes DbStore cost: 0ms
2024-01-17 07:57:06,280 [597b9f4b-0aac-4425-bf2d-48884e3709f6-ContainerReader-0] INFO  ozoneimpl.ContainerReader (ContainerReader.java:readVolume(178)) - Finish verifying containers on volume /home/runner/work/ozone/ozone/hadoop-ozone/integration-test/target/test-dir/MiniOzoneClusterImpl-df80a8b8-78a2-47d1-a2cb-ee48e7cc81f7/datanode-1/data-0/containers/hdds
2024-01-17 07:57:06,281 [main] INFO  ozoneimpl.OzoneContainer (OzoneContainer.java:buildContainerSet(328)) - Build ContainerSet costs 0s
2024-01-17 07:57:06,285 [main] INFO  server.RaftServer (ConfUtils.java:logGet(46)) - raft.rpc.type = GRPC (default)
2024-01-17 07:57:06,285 [main] INFO  grpc.GrpcConfigKeys (ConfUtils.java:logFallback(53)) - raft.grpc.admin.host = null (fallback to raft.grpc.server.host)
2024-01-17 07:57:06,285 [main] INFO  grpc.GrpcConfigKeys (ConfUtils.java:logGet(46)) - raft.grpc.admin.port = 15022 (custom)
2024-01-17 07:57:06,287 [main] INFO  grpc.GrpcConfigKeys (ConfUtils.java:logFallback(53)) - raft.grpc.client.host = null (fallback to raft.grpc.server.host)
2024-01-17 07:57:06,287 [main] INFO  grpc.GrpcConfigKeys (ConfUtils.java:logGet(46)) - raft.grpc.client.port = 15021 (custom)
2024-01-17 07:57:06,288 [main] INFO  grpc.GrpcConfigKeys (ConfUtils.java:logGet(46)) - raft.grpc.server.host = null (default)
2024-01-17 07:57:06,288 [main] INFO  grpc.GrpcConfigKeys (ConfUtils.java:logGet(46)) - raft.grpc.server.port = 15023 (custom)
2024-01-17 07:57:06,288 [main] INFO  server.GrpcService (ConfUtils.java:logGet(46)) - raft.grpc.message.size.max = 32MB (=33554432) (custom)
2024-01-17 07:57:06,288 [main] INFO  server.RaftServerConfigKeys (ConfUtils.java:logGet(46)) - raft.server.log.appender.buffer.byte-limit = 8388608 (custom)
2024-01-17 07:57:06,288 [main] INFO  server.GrpcService (ConfUtils.java:logGet(46)) - raft.grpc.flow.control.window = 5MB (=5242880) (custom)
2024-01-17 07:57:06,288 [main] INFO  server.RaftServerConfigKeys (ConfUtils.java:logGet(46)) - raft.server.rpc.request.timeout = 60s (custom)
2024-01-17 07:57:06,289 [main] INFO  grpc.GrpcConfigKeys (ConfUtils.java:logGet(46)) - raft.grpc.server.heartbeat.channel = true (default)
2024-01-17 07:57:06,289 [main] INFO  grpc.GrpcConfigKeys (ConfUtils.java:logGet(46)) - raft.grpc.server.async.request.thread.pool.cached = true (default)
2024-01-17 07:57:06,289 [main] INFO  grpc.GrpcConfigKeys (ConfUtils.java:logGet(46)) - raft.grpc.server.async.request.thread.pool.size = 32 (default)
2024-01-17 07:57:06,291 [main] INFO  impl.DataStreamServerImpl (ConfUtils.java:logGet(46)) - raft.datastream.type = NETTY (custom)
2024-01-17 07:57:06,292 [main] INFO  server.RaftServerConfigKeys (ConfUtils.java:logGet(46)) - raft.server.data-stream.async.request.thread.pool.cached = false (default)
2024-01-17 07:57:06,292 [main] INFO  server.RaftServerConfigKeys (ConfUtils.java:logGet(46)) - raft.server.data-stream.async.request.thread.pool.size = 20 (custom)
2024-01-17 07:57:06,293 [main] INFO  server.RaftServerConfigKeys (ConfUtils.java:logGet(46)) - raft.server.data-stream.async.write.thread.pool.size = 16 (default)
2024-01-17 07:57:06,293 [main] INFO  netty.NettyConfigKeys$DataStream (ConfUtils.java:logGet(46)) - raft.netty.dataStream.server.channel.inactive.grace-period = 10min (default)
2024-01-17 07:57:06,293 [main] INFO  server.RaftServerConfigKeys (ConfUtils.java:logGet(46)) - raft.server.data-stream.client.pool.size = 10 (default)
2024-01-17 07:57:06,293 [main] INFO  netty.NettyConfigKeys$DataStream (ConfUtils.java:logGet(46)) - raft.netty.dataStream.server.use-epoll = true (default)
2024-01-17 07:57:06,294 [main] INFO  netty.NettyConfigKeys$DataStream (ConfUtils.java:logGet(46)) - raft.netty.dataStream.server.boss-group.size = 0 (default)
2024-01-17 07:57:06,294 [main] INFO  netty.NettyUtils (NettyUtils.java:newEventLoopGroup(69)) - Create EpollEventLoopGroup for 597b9f4b-0aac-4425-bf2d-48884e3709f6-NettyServerStreamRpc-bossGroup; Thread size is 0.
2024-01-17 07:57:06,294 [main] INFO  netty.NettyConfigKeys$DataStream (ConfUtils.java:logGet(46)) - raft.netty.dataStream.server.worker-group.size = 0 (default)
2024-01-17 07:57:06,295 [main] INFO  netty.NettyUtils (NettyUtils.java:newEventLoopGroup(69)) - Create EpollEventLoopGroup for 597b9f4b-0aac-4425-bf2d-48884e3709f6-NettyServerStreamRpc-workerGroup; Thread size is 0.
2024-01-17 07:57:06,295 [main] INFO  netty.NettyConfigKeys$DataStream (ConfUtils.java:logGet(46)) - raft.netty.dataStream.server.tls.conf = null (default)
2024-01-17 07:57:06,295 [main] INFO  netty.NettyConfigKeys$DataStream (ConfUtils.java:logGet(46)) - raft.netty.dataStream.host = null (default)
2024-01-17 07:57:06,296 [main] INFO  netty.NettyConfigKeys$DataStream (ConfUtils.java:logGet(46)) - raft.netty.dataStream.port = 15024 (custom)
2024-01-17 07:57:06,296 [main] INFO  server.RaftServerConfigKeys (ConfUtils.java:logGet(46)) - raft.server.sleep.deviation.threshold = 300ms (default)
2024-01-17 07:57:06,297 [main] INFO  server.RaftServerConfigKeys (ConfUtils.java:logGet(46)) - raft.server.close.threshold = 60s (default)
2024-01-17 07:57:06,297 [597b9f4b-0aac-4425-bf2d-48884e3709f6-NettyServerStreamRpc-bossGroup--thread1] INFO  logging.LoggingHandler (AbstractInternalLogger.java:log(148)) - [id: 0x12fbe867] REGISTERED
2024-01-17 07:57:06,298 [main] INFO  server.RaftServerConfigKeys (ConfUtils.java:logGet(46)) - raft.server.leaderelection.leader.step-down.wait-time = 10s (default)
2024-01-17 07:57:06,298 [597b9f4b-0aac-4425-bf2d-48884e3709f6-NettyServerStreamRpc-bossGroup--thread1] INFO  logging.LoggingHandler (AbstractInternalLogger.java:log(148)) - [id: 0x12fbe867] BIND: 0.0.0.0/0.0.0.0:15024
2024-01-17 07:57:06,298 [main] INFO  server.RaftServerConfigKeys (ConfUtils.java:logGet(46)) - raft.server.storage.dir = [/home/runner/work/ozone/ozone/hadoop-ozone/integration-test/target/test-dir/MiniOzoneClusterImpl-df80a8b8-78a2-47d1-a2cb-ee48e7cc81f7/datanode-1/data/ratis] (custom)
2024-01-17 07:57:06,299 [597b9f4b-0aac-4425-bf2d-48884e3709f6-NettyServerStreamRpc-bossGroup--thread1] INFO  logging.LoggingHandler (AbstractInternalLogger.java:log(148)) - [id: 0x12fbe867, L:/0.0.0.0:15024] ACTIVE
2024-01-17 07:57:06,299 [main] INFO  server.RaftServerConfigKeys (ConfUtils.java:logGet(46)) - raft.server.threadpool.proxy.cached = true (default)
2024-01-17 07:57:06,300 [main] INFO  server.RaftServerConfigKeys (ConfUtils.java:logGet(46)) - raft.server.threadpool.proxy.size = 0 (default)
2024-01-17 07:57:06,301 [597b9f4b-0aac-4425-bf2d-48884e3709f6-impl-thread1] INFO  server.RaftServer (RaftServerProxy.java:initGroupDir(264)) - 597b9f4b-0aac-4425-bf2d-48884e3709f6: found a subdirectory /home/runner/work/ozone/ozone/hadoop-ozone/integration-test/target/test-dir/MiniOzoneClusterImpl-df80a8b8-78a2-47d1-a2cb-ee48e7cc81f7/datanode-1/data/ratis/tmp
2024-01-17 07:57:06,301 [597b9f4b-0aac-4425-bf2d-48884e3709f6-impl-thread1] INFO  server.RaftServer (RaftServerProxy.java:initGroupDir(269)) - 597b9f4b-0aac-4425-bf2d-48884e3709f6: The directory /home/runner/work/ozone/ozone/hadoop-ozone/integration-test/target/test-dir/MiniOzoneClusterImpl-df80a8b8-78a2-47d1-a2cb-ee48e7cc81f7/datanode-1/data/ratis/tmp is not a group directory; ignoring it. 
2024-01-17 07:57:06,302 [main] INFO  replication.ReplicationServer (ReplicationServer.java:<init>(85)) - Initializing replication server with thread count = 10 queue length = 4096
2024-01-17 07:57:06,303 [main] INFO  server.XceiverServerGrpc (XceiverServerGrpc.java:<init>(141)) - GrpcServer channel type EpollServerSocketChannel
2024-01-17 07:57:06,310 [main] INFO  replication.ReplicationSupervisor (ReplicationSupervisor.java:build(163)) - Initializing replication supervisor with thread count = 10
2024-01-17 07:57:06,311 [main] INFO  replication.ReplicationSupervisor (ReplicationSupervisor.java:nodeStateUpdated(317)) - Node state updated to IN_SERVICE, scaling executor pool size to 10
2024-01-17 07:57:06,315 [main] INFO  http.BaseHttpServer (BaseHttpServer.java:newHttpServer2BuilderForOzone(223)) - Starting Web-server for hddsDatanode at: http://0.0.0.0:15018
2024-01-17 07:57:06,315 [main] INFO  http.BaseHttpServer (BaseHttpServer.java:<init>(110)) - Hadoop Security Enabled: false Ozone Security Enabled: false Ozone HTTP Security Enabled: false 
2024-01-17 07:57:06,317 [main] WARN  server.AuthenticationFilter (AuthenticationFilter.java:constructSecretProvider(240)) - Unable to initialize FileSignerSecretProvider, falling back to use random secrets. Reason: Could not read signature secret file: /home/runner/hadoop-http-auth-signature-secret
2024-01-17 07:57:06,318 [main] INFO  http.HttpRequestLog (HttpRequestLog.java:getRequestLog(86)) - Http request log for http.requests.hddsDatanode is not defined
2024-01-17 07:57:06,320 [main] INFO  http.HttpServer2 (HttpServer2.java:addGlobalFilter(1036)) - Added global filter 'safety' (class=org.apache.hadoop.hdds.server.http.HttpServer2$QuotingInputFilter)
2024-01-17 07:57:06,321 [main] INFO  http.HttpServer2 (HttpServer2.java:addFilter(1012)) - Added filter static_user_filter (class=org.apache.hadoop.http.lib.StaticUserWebFilter$StaticUserFilter) to context hddsDatanode
2024-01-17 07:57:06,321 [main] INFO  http.HttpServer2 (HttpServer2.java:addFilter(1020)) - Added filter static_user_filter (class=org.apache.hadoop.http.lib.StaticUserWebFilter$StaticUserFilter) to context static
2024-01-17 07:57:06,321 [main] INFO  http.HttpServer2 (HttpServer2.java:addFilter(1020)) - Added filter static_user_filter (class=org.apache.hadoop.http.lib.StaticUserWebFilter$StaticUserFilter) to context logs
2024-01-17 07:57:06,322 [main] INFO  http.BaseHttpServer (BaseHttpServer.java:<init>(189)) - HTTP server of hddsDatanode uses base directory /home/runner/work/ozone/ozone/hadoop-ozone/integration-test/target/test-dir/MiniOzoneClusterImpl-df80a8b8-78a2-47d1-a2cb-ee48e7cc81f7/datanode-1/meta/webserver
2024-01-17 07:57:06,323 [main] INFO  http.HttpServer2 (HttpServer2.java:bindListener(1236)) - Jetty bound to port 15018
2024-01-17 07:57:06,323 [main] INFO  server.Server (Server.java:doStart(375)) - jetty-9.4.53.v20231009; built: 2023-10-09T12:29:09.265Z; git: 27bde00a0b95a1d5bbee0eae7984f891d2d0f8c9; jvm 1.8.0_392-b08
2024-01-17 07:57:06,328 [main] INFO  server.session (DefaultSessionIdManager.java:doStart(334)) - DefaultSessionIdManager workerName=node0
2024-01-17 07:57:06,328 [main] INFO  server.session (DefaultSessionIdManager.java:doStart(339)) - No SessionScavenger set, using defaults
2024-01-17 07:57:06,328 [main] INFO  server.session (HouseKeeper.java:startScavenging(132)) - node0 Scavenging every 660000ms
2024-01-17 07:57:06,329 [main] INFO  handler.ContextHandler (ContextHandler.java:doStart(921)) - Started o.e.j.s.ServletContextHandler@31fcd2e3{logs,/logs,file:///home/runner/work/ozone/ozone/hadoop-ozone/integration-test/target/log,AVAILABLE}
2024-01-17 07:57:06,330 [main] INFO  handler.ContextHandler (ContextHandler.java:doStart(921)) - Started o.e.j.s.ServletContextHandler@7aba0b5a{static,/static,jar:file:/home/runner/.m2/repository/org/apache/ozone/hdds-container-service/1.5.0-SNAPSHOT/hdds-container-service-1.5.0-SNAPSHOT.jar!/webapps/static,AVAILABLE}
2024-01-17 07:57:06,336 [e98e7f84-7e90-42c0-bf2b-bf94ba8f7864-DatanodeStateMachineTaskThread-0] INFO  datanode.InitDatanodeState (InitDatanodeState.java:persistContainerDatanodeDetails(139)) - DatanodeDetails is persisted to /home/runner/work/ozone/ozone/hadoop-ozone/integration-test/target/test-dir/MiniOzoneClusterImpl-df80a8b8-78a2-47d1-a2cb-ee48e7cc81f7/datanode-0/meta/datanode.id
2024-01-17 07:57:06,371 [main] INFO  handler.ContextHandler (ContextHandler.java:doStart(921)) - Started o.e.j.w.WebAppContext@78da4136{hddsDatanode,/,file:///home/runner/work/ozone/ozone/hadoop-ozone/integration-test/target/test-dir/MiniOzoneClusterImpl-df80a8b8-78a2-47d1-a2cb-ee48e7cc81f7/datanode-1/meta/webserver/jetty-0_0_0_0-15018-hdds-container-service-1_5_0-SNAPSHOT_jar-_-any-907711275869454964/webapp/,AVAILABLE}{jar:file:/home/runner/.m2/repository/org/apache/ozone/hdds-container-service/1.5.0-SNAPSHOT/hdds-container-service-1.5.0-SNAPSHOT.jar!/webapps/hddsDatanode}
2024-01-17 07:57:06,372 [main] INFO  server.AbstractConnector (AbstractConnector.java:doStart(333)) - Started ServerConnector@3c746295{HTTP/1.1, (http/1.1)}{0.0.0.0:15018}
2024-01-17 07:57:06,373 [main] INFO  server.Server (Server.java:doStart(415)) - Started @6976ms
2024-01-17 07:57:06,374 [main] WARN  impl.MetricsSystemImpl (MetricsSystemImpl.java:register(279)) - Sink prometheus already exists!
2024-01-17 07:57:06,375 [main] INFO  http.BaseHttpServer (BaseHttpServer.java:updateConnectorAddress(354)) - HTTP server of hddsDatanode listening at http://0.0.0.0:15018
2024-01-17 07:57:06,375 [main] INFO  ipc.CallQueueManager (CallQueueManager.java:<init>(90)) - Using callQueue: class java.util.concurrent.LinkedBlockingQueue, queueCapacity: 100, scheduler: class org.apache.hadoop.ipc.DefaultRpcScheduler, ipcBackoff: false.
2024-01-17 07:57:06,375 [main] INFO  ipc.Server (Server.java:<init>(1287)) - Listener at 0.0.0.0:15019
2024-01-17 07:57:06,376 [Socket Reader #1 for port 15019] INFO  ipc.Server (Server.java:run(1323)) - Starting Socket Reader #1 for port 15019
2024-01-17 07:57:06,381 [main] INFO  ozone.HddsDatanodeService (HddsDatanodeService.java:start(324)) - Datanode start with admins: [runner]
2024-01-17 07:57:06,381 [main] INFO  ozone.HddsDatanodeClientProtocolServer (HddsDatanodeClientProtocolServer.java:start(72)) - RPC server for Client /0.0.0.0:15019
2024-01-17 07:57:06,382 [IPC Server Responder] INFO  ipc.Server (Server.java:run(1562)) - IPC Server Responder: starting
2024-01-17 07:57:06,382 [IPC Server listener on 15019] INFO  ipc.Server (Server.java:run(1402)) - IPC Server listener on 15019: starting
2024-01-17 07:57:06,388 [597b9f4b-0aac-4425-bf2d-48884e3709f6-DatanodeStateMachineDaemonThread] INFO  statemachine.DatanodeStateMachine (DatanodeStateMachine.java:lambda$startDaemon$1(555)) - Ozone container server started.
2024-01-17 07:57:06,388 [main] WARN  dropwizard3.Dm3MetricRegistriesImpl (Dm3MetricRegistriesImpl.java:addReporterRegistration(113)) - New reporters are added after registries were created. Some metrics will be missing from the reporter. Please add reporter before adding any new registry.
2024-01-17 07:57:06,389 [main] WARN  dropwizard3.Dm3MetricRegistriesImpl (Dm3MetricRegistriesImpl.java:addReporterRegistration(113)) - New reporters are added after registries were created. Some metrics will be missing from the reporter. Please add reporter before adding any new registry.
2024-01-17 07:57:06,389 [main] INFO  impl.MetricsSystemImpl (MetricsSystemImpl.java:init(158)) - HddsDatanode metrics system started (again)
2024-01-17 07:57:06,396 [597b9f4b-0aac-4425-bf2d-48884e3709f6-DatanodeStateMachineTaskThread-0] INFO  datanode.InitDatanodeState (InitDatanodeState.java:persistContainerDatanodeDetails(139)) - DatanodeDetails is persisted to /home/runner/work/ozone/ozone/hadoop-ozone/integration-test/target/test-dir/MiniOzoneClusterImpl-df80a8b8-78a2-47d1-a2cb-ee48e7cc81f7/datanode-1/meta/datanode.id
2024-01-17 07:57:06,402 [main] INFO  ozone.HddsDatanodeService (HddsDatanodeService.java:start(239)) - HddsDatanodeService host:fv-az1531-837.hsxikm2gdrvudnct5jqc1oiugc.ex.internal.cloudapp.net ip:10.1.0.6
2024-01-17 07:57:06,423 [main] INFO  upgrade.AbstractLayoutVersionManager (AbstractLayoutVersionManager.java:init(83)) - Initializing Layout version manager with metadata layout = HADOOP_PRC_PORTS_IN_DATANODEDETAILS (version = 7), software layout = HADOOP_PRC_PORTS_IN_DATANODEDETAILS (version = 7)
2024-01-17 07:57:06,423 [main] INFO  statemachine.DatanodeStateMachine (DatanodeStateMachine.java:getEndPointTaskThreadPoolSize(299)) - Datanode State Machine Task Thread Pool size 2
2024-01-17 07:57:06,426 [main] INFO  volume.HddsVolume (HddsVolume.java:<init>(125)) - Creating HddsVolume: /home/runner/work/ozone/ozone/hadoop-ozone/integration-test/target/test-dir/MiniOzoneClusterImpl-df80a8b8-78a2-47d1-a2cb-ee48e7cc81f7/datanode-2/data-0/containers/hdds of storage type : DISK capacity : 9223372036854775807
2024-01-17 07:57:06,426 [main] INFO  volume.MutableVolumeSet (MutableVolumeSet.java:initializeVolumeSet(173)) - Added Volume : /home/runner/work/ozone/ozone/hadoop-ozone/integration-test/target/test-dir/MiniOzoneClusterImpl-df80a8b8-78a2-47d1-a2cb-ee48e7cc81f7/datanode-2/data-0/containers/hdds to VolumeSet
2024-01-17 07:57:06,427 [main] INFO  volume.MutableVolumeSet (MutableVolumeSet.java:initializeVolumeSet(173)) - Added Volume : /home/runner/work/ozone/ozone/hadoop-ozone/integration-test/target/test-dir/MiniOzoneClusterImpl-df80a8b8-78a2-47d1-a2cb-ee48e7cc81f7/datanode-2/data/ratis to VolumeSet
2024-01-17 07:57:06,428 [main] INFO  ozoneimpl.OzoneContainer (HddsVolumeUtil.java:loadAllHddsVolumeDbStore(103)) - Load 1 volumes DbStore cost: 0ms
2024-01-17 07:57:06,428 [1bb81a9c-1547-435f-9d81-d5fca49fbc06-ContainerReader-0] INFO  ozoneimpl.ContainerReader (ContainerReader.java:readVolume(178)) - Finish verifying containers on volume /home/runner/work/ozone/ozone/hadoop-ozone/integration-test/target/test-dir/MiniOzoneClusterImpl-df80a8b8-78a2-47d1-a2cb-ee48e7cc81f7/datanode-2/data-0/containers/hdds
2024-01-17 07:57:06,428 [main] INFO  ozoneimpl.OzoneContainer (OzoneContainer.java:buildContainerSet(328)) - Build ContainerSet costs 0s
2024-01-17 07:57:06,431 [main] INFO  server.RaftServer (ConfUtils.java:logGet(46)) - raft.rpc.type = GRPC (default)
2024-01-17 07:57:06,432 [main] INFO  grpc.GrpcConfigKeys (ConfUtils.java:logFallback(53)) - raft.grpc.admin.host = null (fallback to raft.grpc.server.host)
2024-01-17 07:57:06,432 [main] INFO  grpc.GrpcConfigKeys (ConfUtils.java:logGet(46)) - raft.grpc.admin.port = 15031 (custom)
2024-01-17 07:57:06,432 [main] INFO  grpc.GrpcConfigKeys (ConfUtils.java:logFallback(53)) - raft.grpc.client.host = null (fallback to raft.grpc.server.host)
2024-01-17 07:57:06,432 [main] INFO  grpc.GrpcConfigKeys (ConfUtils.java:logGet(46)) - raft.grpc.client.port = 15030 (custom)
2024-01-17 07:57:06,432 [main] INFO  grpc.GrpcConfigKeys (ConfUtils.java:logGet(46)) - raft.grpc.server.host = null (default)
2024-01-17 07:57:06,432 [main] INFO  grpc.GrpcConfigKeys (ConfUtils.java:logGet(46)) - raft.grpc.server.port = 15032 (custom)
2024-01-17 07:57:06,433 [main] INFO  server.GrpcService (ConfUtils.java:logGet(46)) - raft.grpc.message.size.max = 32MB (=33554432) (custom)
2024-01-17 07:57:06,433 [main] INFO  server.RaftServerConfigKeys (ConfUtils.java:logGet(46)) - raft.server.log.appender.buffer.byte-limit = 8388608 (custom)
2024-01-17 07:57:06,433 [main] INFO  server.GrpcService (ConfUtils.java:logGet(46)) - raft.grpc.flow.control.window = 5MB (=5242880) (custom)
2024-01-17 07:57:06,433 [main] INFO  server.RaftServerConfigKeys (ConfUtils.java:logGet(46)) - raft.server.rpc.request.timeout = 60s (custom)
2024-01-17 07:57:06,434 [main] INFO  grpc.GrpcConfigKeys (ConfUtils.java:logGet(46)) - raft.grpc.server.heartbeat.channel = true (default)
2024-01-17 07:57:06,434 [main] INFO  grpc.GrpcConfigKeys (ConfUtils.java:logGet(46)) - raft.grpc.server.async.request.thread.pool.cached = true (default)
2024-01-17 07:57:06,434 [main] INFO  grpc.GrpcConfigKeys (ConfUtils.java:logGet(46)) - raft.grpc.server.async.request.thread.pool.size = 32 (default)
2024-01-17 07:57:06,436 [main] INFO  impl.DataStreamServerImpl (ConfUtils.java:logGet(46)) - raft.datastream.type = NETTY (custom)
2024-01-17 07:57:06,437 [main] INFO  server.RaftServerConfigKeys (ConfUtils.java:logGet(46)) - raft.server.data-stream.async.request.thread.pool.cached = false (default)
2024-01-17 07:57:06,437 [main] INFO  server.RaftServerConfigKeys (ConfUtils.java:logGet(46)) - raft.server.data-stream.async.request.thread.pool.size = 20 (custom)
2024-01-17 07:57:06,437 [main] INFO  server.RaftServerConfigKeys (ConfUtils.java:logGet(46)) - raft.server.data-stream.async.write.thread.pool.size = 16 (default)
2024-01-17 07:57:06,437 [main] INFO  netty.NettyConfigKeys$DataStream (ConfUtils.java:logGet(46)) - raft.netty.dataStream.server.channel.inactive.grace-period = 10min (default)
2024-01-17 07:57:06,437 [main] INFO  server.RaftServerConfigKeys (ConfUtils.java:logGet(46)) - raft.server.data-stream.client.pool.size = 10 (default)
2024-01-17 07:57:06,437 [main] INFO  netty.NettyConfigKeys$DataStream (ConfUtils.java:logGet(46)) - raft.netty.dataStream.server.use-epoll = true (default)
2024-01-17 07:57:06,438 [main] INFO  netty.NettyConfigKeys$DataStream (ConfUtils.java:logGet(46)) - raft.netty.dataStream.server.boss-group.size = 0 (default)
2024-01-17 07:57:06,438 [main] INFO  netty.NettyUtils (NettyUtils.java:newEventLoopGroup(69)) - Create EpollEventLoopGroup for 1bb81a9c-1547-435f-9d81-d5fca49fbc06-NettyServerStreamRpc-bossGroup; Thread size is 0.
2024-01-17 07:57:06,438 [main] INFO  netty.NettyConfigKeys$DataStream (ConfUtils.java:logGet(46)) - raft.netty.dataStream.server.worker-group.size = 0 (default)
2024-01-17 07:57:06,438 [main] INFO  netty.NettyUtils (NettyUtils.java:newEventLoopGroup(69)) - Create EpollEventLoopGroup for 1bb81a9c-1547-435f-9d81-d5fca49fbc06-NettyServerStreamRpc-workerGroup; Thread size is 0.
2024-01-17 07:57:06,439 [main] INFO  netty.NettyConfigKeys$DataStream (ConfUtils.java:logGet(46)) - raft.netty.dataStream.server.tls.conf = null (default)
2024-01-17 07:57:06,439 [main] INFO  netty.NettyConfigKeys$DataStream (ConfUtils.java:logGet(46)) - raft.netty.dataStream.host = null (default)
2024-01-17 07:57:06,439 [main] INFO  netty.NettyConfigKeys$DataStream (ConfUtils.java:logGet(46)) - raft.netty.dataStream.port = 15033 (custom)
2024-01-17 07:57:06,440 [main] INFO  server.RaftServerConfigKeys (ConfUtils.java:logGet(46)) - raft.server.sleep.deviation.threshold = 300ms (default)
2024-01-17 07:57:06,440 [main] INFO  server.RaftServerConfigKeys (ConfUtils.java:logGet(46)) - raft.server.close.threshold = 60s (default)
2024-01-17 07:57:06,441 [1bb81a9c-1547-435f-9d81-d5fca49fbc06-NettyServerStreamRpc-bossGroup--thread1] INFO  logging.LoggingHandler (AbstractInternalLogger.java:log(148)) - [id: 0x6cd31b3b] REGISTERED
2024-01-17 07:57:06,441 [1bb81a9c-1547-435f-9d81-d5fca49fbc06-NettyServerStreamRpc-bossGroup--thread1] INFO  logging.LoggingHandler (AbstractInternalLogger.java:log(148)) - [id: 0x6cd31b3b] BIND: 0.0.0.0/0.0.0.0:15033
2024-01-17 07:57:06,441 [main] INFO  server.RaftServerConfigKeys (ConfUtils.java:logGet(46)) - raft.server.leaderelection.leader.step-down.wait-time = 10s (default)
2024-01-17 07:57:06,442 [main] INFO  server.RaftServerConfigKeys (ConfUtils.java:logGet(46)) - raft.server.storage.dir = [/home/runner/work/ozone/ozone/hadoop-ozone/integration-test/target/test-dir/MiniOzoneClusterImpl-df80a8b8-78a2-47d1-a2cb-ee48e7cc81f7/datanode-2/data/ratis] (custom)
2024-01-17 07:57:06,442 [main] INFO  server.RaftServerConfigKeys (ConfUtils.java:logGet(46)) - raft.server.threadpool.proxy.cached = true (default)
2024-01-17 07:57:06,442 [main] INFO  server.RaftServerConfigKeys (ConfUtils.java:logGet(46)) - raft.server.threadpool.proxy.size = 0 (default)
2024-01-17 07:57:06,442 [1bb81a9c-1547-435f-9d81-d5fca49fbc06-NettyServerStreamRpc-bossGroup--thread1] INFO  logging.LoggingHandler (AbstractInternalLogger.java:log(148)) - [id: 0x6cd31b3b, L:/0.0.0.0:15033] ACTIVE
2024-01-17 07:57:06,442 [1bb81a9c-1547-435f-9d81-d5fca49fbc06-impl-thread1] INFO  server.RaftServer (RaftServerProxy.java:initGroupDir(264)) - 1bb81a9c-1547-435f-9d81-d5fca49fbc06: found a subdirectory /home/runner/work/ozone/ozone/hadoop-ozone/integration-test/target/test-dir/MiniOzoneClusterImpl-df80a8b8-78a2-47d1-a2cb-ee48e7cc81f7/datanode-2/data/ratis/tmp
2024-01-17 07:57:06,443 [1bb81a9c-1547-435f-9d81-d5fca49fbc06-impl-thread1] INFO  server.RaftServer (RaftServerProxy.java:initGroupDir(269)) - 1bb81a9c-1547-435f-9d81-d5fca49fbc06: The directory /home/runner/work/ozone/ozone/hadoop-ozone/integration-test/target/test-dir/MiniOzoneClusterImpl-df80a8b8-78a2-47d1-a2cb-ee48e7cc81f7/datanode-2/data/ratis/tmp is not a group directory; ignoring it. 
2024-01-17 07:57:06,443 [main] INFO  replication.ReplicationServer (ReplicationServer.java:<init>(85)) - Initializing replication server with thread count = 10 queue length = 4096
2024-01-17 07:57:06,444 [main] INFO  server.XceiverServerGrpc (XceiverServerGrpc.java:<init>(141)) - GrpcServer channel type EpollServerSocketChannel
2024-01-17 07:57:06,446 [main] INFO  replication.ReplicationSupervisor (ReplicationSupervisor.java:build(163)) - Initializing replication supervisor with thread count = 10
2024-01-17 07:57:06,447 [main] INFO  replication.ReplicationSupervisor (ReplicationSupervisor.java:nodeStateUpdated(317)) - Node state updated to IN_SERVICE, scaling executor pool size to 10
2024-01-17 07:57:06,450 [main] INFO  http.BaseHttpServer (BaseHttpServer.java:newHttpServer2BuilderForOzone(223)) - Starting Web-server for hddsDatanode at: http://0.0.0.0:15027
2024-01-17 07:57:06,450 [main] INFO  http.BaseHttpServer (BaseHttpServer.java:<init>(110)) - Hadoop Security Enabled: false Ozone Security Enabled: false Ozone HTTP Security Enabled: false 
2024-01-17 07:57:06,451 [main] WARN  server.AuthenticationFilter (AuthenticationFilter.java:constructSecretProvider(240)) - Unable to initialize FileSignerSecretProvider, falling back to use random secrets. Reason: Could not read signature secret file: /home/runner/hadoop-http-auth-signature-secret
2024-01-17 07:57:06,452 [main] INFO  http.HttpRequestLog (HttpRequestLog.java:getRequestLog(86)) - Http request log for http.requests.hddsDatanode is not defined
2024-01-17 07:57:06,453 [main] INFO  http.HttpServer2 (HttpServer2.java:addGlobalFilter(1036)) - Added global filter 'safety' (class=org.apache.hadoop.hdds.server.http.HttpServer2$QuotingInputFilter)
2024-01-17 07:57:06,454 [main] INFO  http.HttpServer2 (HttpServer2.java:addFilter(1012)) - Added filter static_user_filter (class=org.apache.hadoop.http.lib.StaticUserWebFilter$StaticUserFilter) to context hddsDatanode
2024-01-17 07:57:06,454 [main] INFO  http.HttpServer2 (HttpServer2.java:addFilter(1020)) - Added filter static_user_filter (class=org.apache.hadoop.http.lib.StaticUserWebFilter$StaticUserFilter) to context static
2024-01-17 07:57:06,454 [main] INFO  http.HttpServer2 (HttpServer2.java:addFilter(1020)) - Added filter static_user_filter (class=org.apache.hadoop.http.lib.StaticUserWebFilter$StaticUserFilter) to context logs
2024-01-17 07:57:06,455 [main] INFO  http.BaseHttpServer (BaseHttpServer.java:<init>(189)) - HTTP server of hddsDatanode uses base directory /home/runner/work/ozone/ozone/hadoop-ozone/integration-test/target/test-dir/MiniOzoneClusterImpl-df80a8b8-78a2-47d1-a2cb-ee48e7cc81f7/datanode-2/meta/webserver
2024-01-17 07:57:06,455 [main] INFO  http.HttpServer2 (HttpServer2.java:bindListener(1236)) - Jetty bound to port 15027
2024-01-17 07:57:06,455 [main] INFO  server.Server (Server.java:doStart(375)) - jetty-9.4.53.v20231009; built: 2023-10-09T12:29:09.265Z; git: 27bde00a0b95a1d5bbee0eae7984f891d2d0f8c9; jvm 1.8.0_392-b08
2024-01-17 07:57:06,458 [main] INFO  server.session (DefaultSessionIdManager.java:doStart(334)) - DefaultSessionIdManager workerName=node0
2024-01-17 07:57:06,458 [main] INFO  server.session (DefaultSessionIdManager.java:doStart(339)) - No SessionScavenger set, using defaults
2024-01-17 07:57:06,458 [main] INFO  server.session (HouseKeeper.java:startScavenging(132)) - node0 Scavenging every 660000ms
2024-01-17 07:57:06,459 [main] INFO  handler.ContextHandler (ContextHandler.java:doStart(921)) - Started o.e.j.s.ServletContextHandler@19ac8bc3{logs,/logs,file:///home/runner/work/ozone/ozone/hadoop-ozone/integration-test/target/log,AVAILABLE}
2024-01-17 07:57:06,459 [main] INFO  handler.ContextHandler (ContextHandler.java:doStart(921)) - Started o.e.j.s.ServletContextHandler@3f5df8d{static,/static,jar:file:/home/runner/.m2/repository/org/apache/ozone/hdds-container-service/1.5.0-SNAPSHOT/hdds-container-service-1.5.0-SNAPSHOT.jar!/webapps/static,AVAILABLE}
2024-01-17 07:57:06,493 [main] INFO  handler.ContextHandler (ContextHandler.java:doStart(921)) - Started o.e.j.w.WebAppContext@895f46b{hddsDatanode,/,file:///home/runner/work/ozone/ozone/hadoop-ozone/integration-test/target/test-dir/MiniOzoneClusterImpl-df80a8b8-78a2-47d1-a2cb-ee48e7cc81f7/datanode-2/meta/webserver/jetty-0_0_0_0-15027-hdds-container-service-1_5_0-SNAPSHOT_jar-_-any-6119591856548036842/webapp/,AVAILABLE}{jar:file:/home/runner/.m2/repository/org/apache/ozone/hdds-container-service/1.5.0-SNAPSHOT/hdds-container-service-1.5.0-SNAPSHOT.jar!/webapps/hddsDatanode}
2024-01-17 07:57:06,496 [main] INFO  server.AbstractConnector (AbstractConnector.java:doStart(333)) - Started ServerConnector@2dbb542f{HTTP/1.1, (http/1.1)}{0.0.0.0:15027}
2024-01-17 07:57:06,497 [main] INFO  server.Server (Server.java:doStart(415)) - Started @7099ms
2024-01-17 07:57:06,497 [main] WARN  impl.MetricsSystemImpl (MetricsSystemImpl.java:register(279)) - Sink prometheus already exists!
2024-01-17 07:57:06,498 [main] INFO  http.BaseHttpServer (BaseHttpServer.java:updateConnectorAddress(354)) - HTTP server of hddsDatanode listening at http://0.0.0.0:15027
2024-01-17 07:57:06,498 [main] INFO  ipc.CallQueueManager (CallQueueManager.java:<init>(90)) - Using callQueue: class java.util.concurrent.LinkedBlockingQueue, queueCapacity: 100, scheduler: class org.apache.hadoop.ipc.DefaultRpcScheduler, ipcBackoff: false.
2024-01-17 07:57:06,499 [main] INFO  ipc.Server (Server.java:<init>(1287)) - Listener at 0.0.0.0:15028
2024-01-17 07:57:06,499 [Socket Reader #1 for port 15028] INFO  ipc.Server (Server.java:run(1323)) - Starting Socket Reader #1 for port 15028
2024-01-17 07:57:06,501 [main] INFO  ozone.HddsDatanodeService (HddsDatanodeService.java:start(324)) - Datanode start with admins: [runner]
2024-01-17 07:57:06,501 [main] INFO  ozone.HddsDatanodeClientProtocolServer (HddsDatanodeClientProtocolServer.java:start(72)) - RPC server for Client /0.0.0.0:15028
2024-01-17 07:57:06,502 [IPC Server Responder] INFO  ipc.Server (Server.java:run(1562)) - IPC Server Responder: starting
2024-01-17 07:57:06,502 [IPC Server listener on 15028] INFO  ipc.Server (Server.java:run(1402)) - IPC Server listener on 15028: starting
2024-01-17 07:57:06,502 [1bb81a9c-1547-435f-9d81-d5fca49fbc06-DatanodeStateMachineDaemonThread] INFO  statemachine.DatanodeStateMachine (DatanodeStateMachine.java:lambda$startDaemon$1(555)) - Ozone container server started.
2024-01-17 07:57:06,502 [main] WARN  dropwizard3.Dm3MetricRegistriesImpl (Dm3MetricRegistriesImpl.java:addReporterRegistration(113)) - New reporters are added after registries were created. Some metrics will be missing from the reporter. Please add reporter before adding any new registry.
2024-01-17 07:57:06,503 [main] WARN  dropwizard3.Dm3MetricRegistriesImpl (Dm3MetricRegistriesImpl.java:addReporterRegistration(113)) - New reporters are added after registries were created. Some metrics will be missing from the reporter. Please add reporter before adding any new registry.
2024-01-17 07:57:06,503 [main] INFO  impl.MetricsSystemImpl (MetricsSystemImpl.java:init(158)) - HddsDatanode metrics system started (again)
2024-01-17 07:57:06,517 [main] INFO  ozone.HddsDatanodeService (HddsDatanodeService.java:start(239)) - HddsDatanodeService host:fv-az1531-837.hsxikm2gdrvudnct5jqc1oiugc.ex.internal.cloudapp.net ip:10.1.0.6
2024-01-17 07:57:06,519 [1bb81a9c-1547-435f-9d81-d5fca49fbc06-DatanodeStateMachineTaskThread-0] INFO  datanode.InitDatanodeState (InitDatanodeState.java:persistContainerDatanodeDetails(139)) - DatanodeDetails is persisted to /home/runner/work/ozone/ozone/hadoop-ozone/integration-test/target/test-dir/MiniOzoneClusterImpl-df80a8b8-78a2-47d1-a2cb-ee48e7cc81f7/datanode-2/meta/datanode.id
2024-01-17 07:57:06,547 [main] INFO  upgrade.AbstractLayoutVersionManager (AbstractLayoutVersionManager.java:init(83)) - Initializing Layout version manager with metadata layout = HADOOP_PRC_PORTS_IN_DATANODEDETAILS (version = 7), software layout = HADOOP_PRC_PORTS_IN_DATANODEDETAILS (version = 7)
2024-01-17 07:57:06,548 [main] INFO  statemachine.DatanodeStateMachine (DatanodeStateMachine.java:getEndPointTaskThreadPoolSize(299)) - Datanode State Machine Task Thread Pool size 2
2024-01-17 07:57:06,550 [main] INFO  volume.HddsVolume (HddsVolume.java:<init>(125)) - Creating HddsVolume: /home/runner/work/ozone/ozone/hadoop-ozone/integration-test/target/test-dir/MiniOzoneClusterImpl-df80a8b8-78a2-47d1-a2cb-ee48e7cc81f7/datanode-3/data-0/containers/hdds of storage type : DISK capacity : 9223372036854775807
2024-01-17 07:57:06,550 [main] INFO  volume.MutableVolumeSet (MutableVolumeSet.java:initializeVolumeSet(173)) - Added Volume : /home/runner/work/ozone/ozone/hadoop-ozone/integration-test/target/test-dir/MiniOzoneClusterImpl-df80a8b8-78a2-47d1-a2cb-ee48e7cc81f7/datanode-3/data-0/containers/hdds to VolumeSet
2024-01-17 07:57:06,551 [main] INFO  volume.MutableVolumeSet (MutableVolumeSet.java:initializeVolumeSet(173)) - Added Volume : /home/runner/work/ozone/ozone/hadoop-ozone/integration-test/target/test-dir/MiniOzoneClusterImpl-df80a8b8-78a2-47d1-a2cb-ee48e7cc81f7/datanode-3/data/ratis to VolumeSet
2024-01-17 07:57:06,552 [main] INFO  ozoneimpl.OzoneContainer (HddsVolumeUtil.java:loadAllHddsVolumeDbStore(103)) - Load 1 volumes DbStore cost: 0ms
2024-01-17 07:57:06,555 [4f4a0cbc-a9eb-44f0-8d97-06326de93701-ContainerReader-0] INFO  ozoneimpl.ContainerReader (ContainerReader.java:readVolume(178)) - Finish verifying containers on volume /home/runner/work/ozone/ozone/hadoop-ozone/integration-test/target/test-dir/MiniOzoneClusterImpl-df80a8b8-78a2-47d1-a2cb-ee48e7cc81f7/datanode-3/data-0/containers/hdds
2024-01-17 07:57:06,555 [main] INFO  ozoneimpl.OzoneContainer (OzoneContainer.java:buildContainerSet(328)) - Build ContainerSet costs 0s
2024-01-17 07:57:06,559 [main] INFO  server.RaftServer (ConfUtils.java:logGet(46)) - raft.rpc.type = GRPC (default)
2024-01-17 07:57:06,559 [main] INFO  grpc.GrpcConfigKeys (ConfUtils.java:logFallback(53)) - raft.grpc.admin.host = null (fallback to raft.grpc.server.host)
2024-01-17 07:57:06,560 [main] INFO  grpc.GrpcConfigKeys (ConfUtils.java:logGet(46)) - raft.grpc.admin.port = 15040 (custom)
2024-01-17 07:57:06,560 [main] INFO  grpc.GrpcConfigKeys (ConfUtils.java:logFallback(53)) - raft.grpc.client.host = null (fallback to raft.grpc.server.host)
2024-01-17 07:57:06,560 [main] INFO  grpc.GrpcConfigKeys (ConfUtils.java:logGet(46)) - raft.grpc.client.port = 15039 (custom)
2024-01-17 07:57:06,561 [main] INFO  grpc.GrpcConfigKeys (ConfUtils.java:logGet(46)) - raft.grpc.server.host = null (default)
2024-01-17 07:57:06,561 [main] INFO  grpc.GrpcConfigKeys (ConfUtils.java:logGet(46)) - raft.grpc.server.port = 15041 (custom)
2024-01-17 07:57:06,561 [main] INFO  server.GrpcService (ConfUtils.java:logGet(46)) - raft.grpc.message.size.max = 32MB (=33554432) (custom)
2024-01-17 07:57:06,561 [main] INFO  server.RaftServerConfigKeys (ConfUtils.java:logGet(46)) - raft.server.log.appender.buffer.byte-limit = 8388608 (custom)
2024-01-17 07:57:06,561 [main] INFO  server.GrpcService (ConfUtils.java:logGet(46)) - raft.grpc.flow.control.window = 5MB (=5242880) (custom)
2024-01-17 07:57:06,562 [main] INFO  server.RaftServerConfigKeys (ConfUtils.java:logGet(46)) - raft.server.rpc.request.timeout = 60s (custom)
2024-01-17 07:57:06,562 [main] INFO  grpc.GrpcConfigKeys (ConfUtils.java:logGet(46)) - raft.grpc.server.heartbeat.channel = true (default)
2024-01-17 07:57:06,562 [main] INFO  grpc.GrpcConfigKeys (ConfUtils.java:logGet(46)) - raft.grpc.server.async.request.thread.pool.cached = true (default)
2024-01-17 07:57:06,562 [main] INFO  grpc.GrpcConfigKeys (ConfUtils.java:logGet(46)) - raft.grpc.server.async.request.thread.pool.size = 32 (default)
2024-01-17 07:57:06,565 [main] INFO  impl.DataStreamServerImpl (ConfUtils.java:logGet(46)) - raft.datastream.type = NETTY (custom)
2024-01-17 07:57:06,565 [main] INFO  server.RaftServerConfigKeys (ConfUtils.java:logGet(46)) - raft.server.data-stream.async.request.thread.pool.cached = false (default)
2024-01-17 07:57:06,565 [main] INFO  server.RaftServerConfigKeys (ConfUtils.java:logGet(46)) - raft.server.data-stream.async.request.thread.pool.size = 20 (custom)
2024-01-17 07:57:06,566 [main] INFO  server.RaftServerConfigKeys (ConfUtils.java:logGet(46)) - raft.server.data-stream.async.write.thread.pool.size = 16 (default)
2024-01-17 07:57:06,566 [main] INFO  netty.NettyConfigKeys$DataStream (ConfUtils.java:logGet(46)) - raft.netty.dataStream.server.channel.inactive.grace-period = 10min (default)
2024-01-17 07:57:06,566 [main] INFO  server.RaftServerConfigKeys (ConfUtils.java:logGet(46)) - raft.server.data-stream.client.pool.size = 10 (default)
2024-01-17 07:57:06,566 [main] INFO  netty.NettyConfigKeys$DataStream (ConfUtils.java:logGet(46)) - raft.netty.dataStream.server.use-epoll = true (default)
2024-01-17 07:57:06,567 [main] INFO  netty.NettyConfigKeys$DataStream (ConfUtils.java:logGet(46)) - raft.netty.dataStream.server.boss-group.size = 0 (default)
2024-01-17 07:57:06,567 [main] INFO  netty.NettyUtils (NettyUtils.java:newEventLoopGroup(69)) - Create EpollEventLoopGroup for 4f4a0cbc-a9eb-44f0-8d97-06326de93701-NettyServerStreamRpc-bossGroup; Thread size is 0.
2024-01-17 07:57:06,567 [main] INFO  netty.NettyConfigKeys$DataStream (ConfUtils.java:logGet(46)) - raft.netty.dataStream.server.worker-group.size = 0 (default)
2024-01-17 07:57:06,568 [main] INFO  netty.NettyUtils (NettyUtils.java:newEventLoopGroup(69)) - Create EpollEventLoopGroup for 4f4a0cbc-a9eb-44f0-8d97-06326de93701-NettyServerStreamRpc-workerGroup; Thread size is 0.
2024-01-17 07:57:06,568 [main] INFO  netty.NettyConfigKeys$DataStream (ConfUtils.java:logGet(46)) - raft.netty.dataStream.server.tls.conf = null (default)
2024-01-17 07:57:06,568 [main] INFO  netty.NettyConfigKeys$DataStream (ConfUtils.java:logGet(46)) - raft.netty.dataStream.host = null (default)
2024-01-17 07:57:06,569 [main] INFO  netty.NettyConfigKeys$DataStream (ConfUtils.java:logGet(46)) - raft.netty.dataStream.port = 15042 (custom)
2024-01-17 07:57:06,569 [main] INFO  server.RaftServerConfigKeys (ConfUtils.java:logGet(46)) - raft.server.sleep.deviation.threshold = 300ms (default)
2024-01-17 07:57:06,570 [main] INFO  server.RaftServerConfigKeys (ConfUtils.java:logGet(46)) - raft.server.close.threshold = 60s (default)
2024-01-17 07:57:06,571 [main] INFO  server.RaftServerConfigKeys (ConfUtils.java:logGet(46)) - raft.server.leaderelection.leader.step-down.wait-time = 10s (default)
2024-01-17 07:57:06,571 [4f4a0cbc-a9eb-44f0-8d97-06326de93701-NettyServerStreamRpc-bossGroup--thread1] INFO  logging.LoggingHandler (AbstractInternalLogger.java:log(148)) - [id: 0x2279c299] REGISTERED
2024-01-17 07:57:06,571 [main] INFO  server.RaftServerConfigKeys (ConfUtils.java:logGet(46)) - raft.server.storage.dir = [/home/runner/work/ozone/ozone/hadoop-ozone/integration-test/target/test-dir/MiniOzoneClusterImpl-df80a8b8-78a2-47d1-a2cb-ee48e7cc81f7/datanode-3/data/ratis] (custom)
2024-01-17 07:57:06,571 [main] INFO  server.RaftServerConfigKeys (ConfUtils.java:logGet(46)) - raft.server.threadpool.proxy.cached = true (default)
2024-01-17 07:57:06,571 [main] INFO  server.RaftServerConfigKeys (ConfUtils.java:logGet(46)) - raft.server.threadpool.proxy.size = 0 (default)
2024-01-17 07:57:06,571 [4f4a0cbc-a9eb-44f0-8d97-06326de93701-NettyServerStreamRpc-bossGroup--thread1] INFO  logging.LoggingHandler (AbstractInternalLogger.java:log(148)) - [id: 0x2279c299] BIND: 0.0.0.0/0.0.0.0:15042
2024-01-17 07:57:06,572 [4f4a0cbc-a9eb-44f0-8d97-06326de93701-NettyServerStreamRpc-bossGroup--thread1] INFO  logging.LoggingHandler (AbstractInternalLogger.java:log(148)) - [id: 0x2279c299, L:/0.0.0.0:15042] ACTIVE
2024-01-17 07:57:06,572 [4f4a0cbc-a9eb-44f0-8d97-06326de93701-impl-thread1] INFO  server.RaftServer (RaftServerProxy.java:initGroupDir(264)) - 4f4a0cbc-a9eb-44f0-8d97-06326de93701: found a subdirectory /home/runner/work/ozone/ozone/hadoop-ozone/integration-test/target/test-dir/MiniOzoneClusterImpl-df80a8b8-78a2-47d1-a2cb-ee48e7cc81f7/datanode-3/data/ratis/tmp
2024-01-17 07:57:06,572 [4f4a0cbc-a9eb-44f0-8d97-06326de93701-impl-thread1] INFO  server.RaftServer (RaftServerProxy.java:initGroupDir(269)) - 4f4a0cbc-a9eb-44f0-8d97-06326de93701: The directory /home/runner/work/ozone/ozone/hadoop-ozone/integration-test/target/test-dir/MiniOzoneClusterImpl-df80a8b8-78a2-47d1-a2cb-ee48e7cc81f7/datanode-3/data/ratis/tmp is not a group directory; ignoring it. 
2024-01-17 07:57:06,572 [main] INFO  replication.ReplicationServer (ReplicationServer.java:<init>(85)) - Initializing replication server with thread count = 10 queue length = 4096
2024-01-17 07:57:06,573 [main] INFO  server.XceiverServerGrpc (XceiverServerGrpc.java:<init>(141)) - GrpcServer channel type EpollServerSocketChannel
2024-01-17 07:57:06,576 [main] INFO  replication.ReplicationSupervisor (ReplicationSupervisor.java:build(163)) - Initializing replication supervisor with thread count = 10
2024-01-17 07:57:06,576 [main] INFO  replication.ReplicationSupervisor (ReplicationSupervisor.java:nodeStateUpdated(317)) - Node state updated to IN_SERVICE, scaling executor pool size to 10
2024-01-17 07:57:06,580 [main] INFO  http.BaseHttpServer (BaseHttpServer.java:newHttpServer2BuilderForOzone(223)) - Starting Web-server for hddsDatanode at: http://0.0.0.0:15036
2024-01-17 07:57:06,580 [main] INFO  http.BaseHttpServer (BaseHttpServer.java:<init>(110)) - Hadoop Security Enabled: false Ozone Security Enabled: false Ozone HTTP Security Enabled: false 
2024-01-17 07:57:06,582 [main] WARN  server.AuthenticationFilter (AuthenticationFilter.java:constructSecretProvider(240)) - Unable to initialize FileSignerSecretProvider, falling back to use random secrets. Reason: Could not read signature secret file: /home/runner/hadoop-http-auth-signature-secret
2024-01-17 07:57:06,582 [main] INFO  http.HttpRequestLog (HttpRequestLog.java:getRequestLog(86)) - Http request log for http.requests.hddsDatanode is not defined
2024-01-17 07:57:06,583 [main] INFO  http.HttpServer2 (HttpServer2.java:addGlobalFilter(1036)) - Added global filter 'safety' (class=org.apache.hadoop.hdds.server.http.HttpServer2$QuotingInputFilter)
2024-01-17 07:57:06,584 [main] INFO  http.HttpServer2 (HttpServer2.java:addFilter(1012)) - Added filter static_user_filter (class=org.apache.hadoop.http.lib.StaticUserWebFilter$StaticUserFilter) to context hddsDatanode
2024-01-17 07:57:06,584 [main] INFO  http.HttpServer2 (HttpServer2.java:addFilter(1020)) - Added filter static_user_filter (class=org.apache.hadoop.http.lib.StaticUserWebFilter$StaticUserFilter) to context logs
2024-01-17 07:57:06,584 [main] INFO  http.HttpServer2 (HttpServer2.java:addFilter(1020)) - Added filter static_user_filter (class=org.apache.hadoop.http.lib.StaticUserWebFilter$StaticUserFilter) to context static
2024-01-17 07:57:06,585 [main] INFO  http.BaseHttpServer (BaseHttpServer.java:<init>(189)) - HTTP server of hddsDatanode uses base directory /home/runner/work/ozone/ozone/hadoop-ozone/integration-test/target/test-dir/MiniOzoneClusterImpl-df80a8b8-78a2-47d1-a2cb-ee48e7cc81f7/datanode-3/meta/webserver
2024-01-17 07:57:06,585 [main] INFO  http.HttpServer2 (HttpServer2.java:bindListener(1236)) - Jetty bound to port 15036
2024-01-17 07:57:06,586 [main] INFO  server.Server (Server.java:doStart(375)) - jetty-9.4.53.v20231009; built: 2023-10-09T12:29:09.265Z; git: 27bde00a0b95a1d5bbee0eae7984f891d2d0f8c9; jvm 1.8.0_392-b08
2024-01-17 07:57:06,587 [main] INFO  server.session (DefaultSessionIdManager.java:doStart(334)) - DefaultSessionIdManager workerName=node0
2024-01-17 07:57:06,587 [main] INFO  server.session (DefaultSessionIdManager.java:doStart(339)) - No SessionScavenger set, using defaults
2024-01-17 07:57:06,587 [main] INFO  server.session (HouseKeeper.java:startScavenging(132)) - node0 Scavenging every 600000ms
2024-01-17 07:57:06,588 [main] INFO  handler.ContextHandler (ContextHandler.java:doStart(921)) - Started o.e.j.s.ServletContextHandler@17c8a172{logs,/logs,file:///home/runner/work/ozone/ozone/hadoop-ozone/integration-test/target/log,AVAILABLE}
2024-01-17 07:57:06,588 [main] INFO  handler.ContextHandler (ContextHandler.java:doStart(921)) - Started o.e.j.s.ServletContextHandler@ca10f2a{static,/static,jar:file:/home/runner/.m2/repository/org/apache/ozone/hdds-container-service/1.5.0-SNAPSHOT/hdds-container-service-1.5.0-SNAPSHOT.jar!/webapps/static,AVAILABLE}
2024-01-17 07:57:06,624 [main] INFO  handler.ContextHandler (ContextHandler.java:doStart(921)) - Started o.e.j.w.WebAppContext@4771da0b{hddsDatanode,/,file:///home/runner/work/ozone/ozone/hadoop-ozone/integration-test/target/test-dir/MiniOzoneClusterImpl-df80a8b8-78a2-47d1-a2cb-ee48e7cc81f7/datanode-3/meta/webserver/jetty-0_0_0_0-15036-hdds-container-service-1_5_0-SNAPSHOT_jar-_-any-7145914512941808765/webapp/,AVAILABLE}{jar:file:/home/runner/.m2/repository/org/apache/ozone/hdds-container-service/1.5.0-SNAPSHOT/hdds-container-service-1.5.0-SNAPSHOT.jar!/webapps/hddsDatanode}
2024-01-17 07:57:06,625 [main] INFO  server.AbstractConnector (AbstractConnector.java:doStart(333)) - Started ServerConnector@14278bb5{HTTP/1.1, (http/1.1)}{0.0.0.0:15036}
2024-01-17 07:57:06,627 [main] INFO  server.Server (Server.java:doStart(415)) - Started @7230ms
2024-01-17 07:57:06,627 [main] WARN  impl.MetricsSystemImpl (MetricsSystemImpl.java:register(279)) - Sink prometheus already exists!
2024-01-17 07:57:06,628 [main] INFO  http.BaseHttpServer (BaseHttpServer.java:updateConnectorAddress(354)) - HTTP server of hddsDatanode listening at http://0.0.0.0:15036
2024-01-17 07:57:06,628 [main] INFO  ipc.CallQueueManager (CallQueueManager.java:<init>(90)) - Using callQueue: class java.util.concurrent.LinkedBlockingQueue, queueCapacity: 100, scheduler: class org.apache.hadoop.ipc.DefaultRpcScheduler, ipcBackoff: false.
2024-01-17 07:57:06,628 [main] INFO  ipc.Server (Server.java:<init>(1287)) - Listener at 0.0.0.0:15037
2024-01-17 07:57:06,629 [Socket Reader #1 for port 15037] INFO  ipc.Server (Server.java:run(1323)) - Starting Socket Reader #1 for port 15037
2024-01-17 07:57:06,637 [main] INFO  ozone.HddsDatanodeService (HddsDatanodeService.java:start(324)) - Datanode start with admins: [runner]
2024-01-17 07:57:06,637 [main] INFO  ozone.HddsDatanodeClientProtocolServer (HddsDatanodeClientProtocolServer.java:start(72)) - RPC server for Client /0.0.0.0:15037
2024-01-17 07:57:06,638 [IPC Server Responder] INFO  ipc.Server (Server.java:run(1562)) - IPC Server Responder: starting
2024-01-17 07:57:06,639 [IPC Server listener on 15037] INFO  ipc.Server (Server.java:run(1402)) - IPC Server listener on 15037: starting
2024-01-17 07:57:06,640 [4f4a0cbc-a9eb-44f0-8d97-06326de93701-DatanodeStateMachineDaemonThread] INFO  statemachine.DatanodeStateMachine (DatanodeStateMachine.java:lambda$startDaemon$1(555)) - Ozone container server started.
2024-01-17 07:57:06,641 [main] WARN  dropwizard3.Dm3MetricRegistriesImpl (Dm3MetricRegistriesImpl.java:addReporterRegistration(113)) - New reporters are added after registries were created. Some metrics will be missing from the reporter. Please add reporter before adding any new registry.
2024-01-17 07:57:06,641 [main] WARN  dropwizard3.Dm3MetricRegistriesImpl (Dm3MetricRegistriesImpl.java:addReporterRegistration(113)) - New reporters are added after registries were created. Some metrics will be missing from the reporter. Please add reporter before adding any new registry.
2024-01-17 07:57:06,641 [main] INFO  impl.MetricsSystemImpl (MetricsSystemImpl.java:init(158)) - HddsDatanode metrics system started (again)
2024-01-17 07:57:06,651 [main] INFO  ozone.HddsDatanodeService (HddsDatanodeService.java:start(239)) - HddsDatanodeService host:fv-az1531-837.hsxikm2gdrvudnct5jqc1oiugc.ex.internal.cloudapp.net ip:10.1.0.6
2024-01-17 07:57:06,658 [4f4a0cbc-a9eb-44f0-8d97-06326de93701-DatanodeStateMachineTaskThread-0] INFO  datanode.InitDatanodeState (InitDatanodeState.java:persistContainerDatanodeDetails(139)) - DatanodeDetails is persisted to /home/runner/work/ozone/ozone/hadoop-ozone/integration-test/target/test-dir/MiniOzoneClusterImpl-df80a8b8-78a2-47d1-a2cb-ee48e7cc81f7/datanode-3/meta/datanode.id
2024-01-17 07:57:06,674 [main] INFO  upgrade.AbstractLayoutVersionManager (AbstractLayoutVersionManager.java:init(83)) - Initializing Layout version manager with metadata layout = HADOOP_PRC_PORTS_IN_DATANODEDETAILS (version = 7), software layout = HADOOP_PRC_PORTS_IN_DATANODEDETAILS (version = 7)
2024-01-17 07:57:06,675 [main] INFO  statemachine.DatanodeStateMachine (DatanodeStateMachine.java:getEndPointTaskThreadPoolSize(299)) - Datanode State Machine Task Thread Pool size 2
2024-01-17 07:57:06,677 [main] INFO  volume.HddsVolume (HddsVolume.java:<init>(125)) - Creating HddsVolume: /home/runner/work/ozone/ozone/hadoop-ozone/integration-test/target/test-dir/MiniOzoneClusterImpl-df80a8b8-78a2-47d1-a2cb-ee48e7cc81f7/datanode-4/data-0/containers/hdds of storage type : DISK capacity : 9223372036854775807
2024-01-17 07:57:06,677 [main] INFO  volume.MutableVolumeSet (MutableVolumeSet.java:initializeVolumeSet(173)) - Added Volume : /home/runner/work/ozone/ozone/hadoop-ozone/integration-test/target/test-dir/MiniOzoneClusterImpl-df80a8b8-78a2-47d1-a2cb-ee48e7cc81f7/datanode-4/data-0/containers/hdds to VolumeSet
2024-01-17 07:57:06,678 [main] INFO  volume.MutableVolumeSet (MutableVolumeSet.java:initializeVolumeSet(173)) - Added Volume : /home/runner/work/ozone/ozone/hadoop-ozone/integration-test/target/test-dir/MiniOzoneClusterImpl-df80a8b8-78a2-47d1-a2cb-ee48e7cc81f7/datanode-4/data/ratis to VolumeSet
2024-01-17 07:57:06,679 [main] INFO  ozoneimpl.OzoneContainer (HddsVolumeUtil.java:loadAllHddsVolumeDbStore(103)) - Load 1 volumes DbStore cost: 0ms
2024-01-17 07:57:06,679 [0f18b96a-e4aa-46f4-b611-a6948cf06a42-ContainerReader-0] INFO  ozoneimpl.ContainerReader (ContainerReader.java:readVolume(178)) - Finish verifying containers on volume /home/runner/work/ozone/ozone/hadoop-ozone/integration-test/target/test-dir/MiniOzoneClusterImpl-df80a8b8-78a2-47d1-a2cb-ee48e7cc81f7/datanode-4/data-0/containers/hdds
2024-01-17 07:57:06,679 [main] INFO  ozoneimpl.OzoneContainer (OzoneContainer.java:buildContainerSet(328)) - Build ContainerSet costs 0s
2024-01-17 07:57:06,682 [main] INFO  server.RaftServer (ConfUtils.java:logGet(46)) - raft.rpc.type = GRPC (default)
2024-01-17 07:57:06,683 [main] INFO  grpc.GrpcConfigKeys (ConfUtils.java:logFallback(53)) - raft.grpc.admin.host = null (fallback to raft.grpc.server.host)
2024-01-17 07:57:06,683 [main] INFO  grpc.GrpcConfigKeys (ConfUtils.java:logGet(46)) - raft.grpc.admin.port = 15049 (custom)
2024-01-17 07:57:06,683 [main] INFO  grpc.GrpcConfigKeys (ConfUtils.java:logFallback(53)) - raft.grpc.client.host = null (fallback to raft.grpc.server.host)
2024-01-17 07:57:06,683 [main] INFO  grpc.GrpcConfigKeys (ConfUtils.java:logGet(46)) - raft.grpc.client.port = 15048 (custom)
2024-01-17 07:57:06,684 [main] INFO  grpc.GrpcConfigKeys (ConfUtils.java:logGet(46)) - raft.grpc.server.host = null (default)
2024-01-17 07:57:06,684 [main] INFO  grpc.GrpcConfigKeys (ConfUtils.java:logGet(46)) - raft.grpc.server.port = 15050 (custom)
2024-01-17 07:57:06,684 [main] INFO  server.GrpcService (ConfUtils.java:logGet(46)) - raft.grpc.message.size.max = 32MB (=33554432) (custom)
2024-01-17 07:57:06,684 [main] INFO  server.RaftServerConfigKeys (ConfUtils.java:logGet(46)) - raft.server.log.appender.buffer.byte-limit = 8388608 (custom)
2024-01-17 07:57:06,685 [main] INFO  server.GrpcService (ConfUtils.java:logGet(46)) - raft.grpc.flow.control.window = 5MB (=5242880) (custom)
2024-01-17 07:57:06,685 [main] INFO  server.RaftServerConfigKeys (ConfUtils.java:logGet(46)) - raft.server.rpc.request.timeout = 60s (custom)
2024-01-17 07:57:06,685 [main] INFO  grpc.GrpcConfigKeys (ConfUtils.java:logGet(46)) - raft.grpc.server.heartbeat.channel = true (default)
2024-01-17 07:57:06,685 [main] INFO  grpc.GrpcConfigKeys (ConfUtils.java:logGet(46)) - raft.grpc.server.async.request.thread.pool.cached = true (default)
2024-01-17 07:57:06,686 [main] INFO  grpc.GrpcConfigKeys (ConfUtils.java:logGet(46)) - raft.grpc.server.async.request.thread.pool.size = 32 (default)
2024-01-17 07:57:06,716 [main] INFO  impl.DataStreamServerImpl (ConfUtils.java:logGet(46)) - raft.datastream.type = NETTY (custom)
2024-01-17 07:57:06,716 [main] INFO  server.RaftServerConfigKeys (ConfUtils.java:logGet(46)) - raft.server.data-stream.async.request.thread.pool.cached = false (default)
2024-01-17 07:57:06,717 [main] INFO  server.RaftServerConfigKeys (ConfUtils.java:logGet(46)) - raft.server.data-stream.async.request.thread.pool.size = 20 (custom)
2024-01-17 07:57:06,717 [main] INFO  server.RaftServerConfigKeys (ConfUtils.java:logGet(46)) - raft.server.data-stream.async.write.thread.pool.size = 16 (default)
2024-01-17 07:57:06,717 [main] INFO  netty.NettyConfigKeys$DataStream (ConfUtils.java:logGet(46)) - raft.netty.dataStream.server.channel.inactive.grace-period = 10min (default)
2024-01-17 07:57:06,717 [main] INFO  server.RaftServerConfigKeys (ConfUtils.java:logGet(46)) - raft.server.data-stream.client.pool.size = 10 (default)
2024-01-17 07:57:06,718 [main] INFO  netty.NettyConfigKeys$DataStream (ConfUtils.java:logGet(46)) - raft.netty.dataStream.server.use-epoll = true (default)
2024-01-17 07:57:06,718 [main] INFO  netty.NettyConfigKeys$DataStream (ConfUtils.java:logGet(46)) - raft.netty.dataStream.server.boss-group.size = 0 (default)
2024-01-17 07:57:06,718 [main] INFO  netty.NettyUtils (NettyUtils.java:newEventLoopGroup(69)) - Create EpollEventLoopGroup for 0f18b96a-e4aa-46f4-b611-a6948cf06a42-NettyServerStreamRpc-bossGroup; Thread size is 0.
2024-01-17 07:57:06,719 [main] INFO  netty.NettyConfigKeys$DataStream (ConfUtils.java:logGet(46)) - raft.netty.dataStream.server.worker-group.size = 0 (default)
2024-01-17 07:57:06,719 [main] INFO  netty.NettyUtils (NettyUtils.java:newEventLoopGroup(69)) - Create EpollEventLoopGroup for 0f18b96a-e4aa-46f4-b611-a6948cf06a42-NettyServerStreamRpc-workerGroup; Thread size is 0.
2024-01-17 07:57:06,719 [main] INFO  netty.NettyConfigKeys$DataStream (ConfUtils.java:logGet(46)) - raft.netty.dataStream.server.tls.conf = null (default)
2024-01-17 07:57:06,720 [main] INFO  netty.NettyConfigKeys$DataStream (ConfUtils.java:logGet(46)) - raft.netty.dataStream.host = null (default)
2024-01-17 07:57:06,720 [main] INFO  netty.NettyConfigKeys$DataStream (ConfUtils.java:logGet(46)) - raft.netty.dataStream.port = 15051 (custom)
2024-01-17 07:57:06,720 [main] INFO  server.RaftServerConfigKeys (ConfUtils.java:logGet(46)) - raft.server.sleep.deviation.threshold = 300ms (default)
2024-01-17 07:57:06,722 [main] INFO  server.RaftServerConfigKeys (ConfUtils.java:logGet(46)) - raft.server.close.threshold = 60s (default)
2024-01-17 07:57:06,722 [main] INFO  server.RaftServerConfigKeys (ConfUtils.java:logGet(46)) - raft.server.leaderelection.leader.step-down.wait-time = 10s (default)
2024-01-17 07:57:06,721 [0f18b96a-e4aa-46f4-b611-a6948cf06a42-NettyServerStreamRpc-bossGroup--thread1] INFO  logging.LoggingHandler (AbstractInternalLogger.java:log(148)) - [id: 0xfb9fc621] REGISTERED
2024-01-17 07:57:06,722 [0f18b96a-e4aa-46f4-b611-a6948cf06a42-NettyServerStreamRpc-bossGroup--thread1] INFO  logging.LoggingHandler (AbstractInternalLogger.java:log(148)) - [id: 0xfb9fc621] BIND: 0.0.0.0/0.0.0.0:15051
2024-01-17 07:57:06,723 [0f18b96a-e4aa-46f4-b611-a6948cf06a42-NettyServerStreamRpc-bossGroup--thread1] INFO  logging.LoggingHandler (AbstractInternalLogger.java:log(148)) - [id: 0xfb9fc621, L:/0.0.0.0:15051] ACTIVE
2024-01-17 07:57:06,723 [main] INFO  server.RaftServerConfigKeys (ConfUtils.java:logGet(46)) - raft.server.storage.dir = [/home/runner/work/ozone/ozone/hadoop-ozone/integration-test/target/test-dir/MiniOzoneClusterImpl-df80a8b8-78a2-47d1-a2cb-ee48e7cc81f7/datanode-4/data/ratis] (custom)
2024-01-17 07:57:06,723 [main] INFO  server.RaftServerConfigKeys (ConfUtils.java:logGet(46)) - raft.server.threadpool.proxy.cached = true (default)
2024-01-17 07:57:06,723 [main] INFO  server.RaftServerConfigKeys (ConfUtils.java:logGet(46)) - raft.server.threadpool.proxy.size = 0 (default)
2024-01-17 07:57:06,724 [0f18b96a-e4aa-46f4-b611-a6948cf06a42-impl-thread1] INFO  server.RaftServer (RaftServerProxy.java:initGroupDir(264)) - 0f18b96a-e4aa-46f4-b611-a6948cf06a42: found a subdirectory /home/runner/work/ozone/ozone/hadoop-ozone/integration-test/target/test-dir/MiniOzoneClusterImpl-df80a8b8-78a2-47d1-a2cb-ee48e7cc81f7/datanode-4/data/ratis/tmp
2024-01-17 07:57:06,724 [0f18b96a-e4aa-46f4-b611-a6948cf06a42-impl-thread1] INFO  server.RaftServer (RaftServerProxy.java:initGroupDir(269)) - 0f18b96a-e4aa-46f4-b611-a6948cf06a42: The directory /home/runner/work/ozone/ozone/hadoop-ozone/integration-test/target/test-dir/MiniOzoneClusterImpl-df80a8b8-78a2-47d1-a2cb-ee48e7cc81f7/datanode-4/data/ratis/tmp is not a group directory; ignoring it. 
2024-01-17 07:57:06,724 [main] INFO  replication.ReplicationServer (ReplicationServer.java:<init>(85)) - Initializing replication server with thread count = 10 queue length = 4096
2024-01-17 07:57:06,726 [main] INFO  server.XceiverServerGrpc (XceiverServerGrpc.java:<init>(141)) - GrpcServer channel type EpollServerSocketChannel
2024-01-17 07:57:06,728 [main] INFO  replication.ReplicationSupervisor (ReplicationSupervisor.java:build(163)) - Initializing replication supervisor with thread count = 10
2024-01-17 07:57:06,728 [main] INFO  replication.ReplicationSupervisor (ReplicationSupervisor.java:nodeStateUpdated(317)) - Node state updated to IN_SERVICE, scaling executor pool size to 10
2024-01-17 07:57:06,731 [main] INFO  http.BaseHttpServer (BaseHttpServer.java:newHttpServer2BuilderForOzone(223)) - Starting Web-server for hddsDatanode at: http://0.0.0.0:15045
2024-01-17 07:57:06,731 [main] INFO  http.BaseHttpServer (BaseHttpServer.java:<init>(110)) - Hadoop Security Enabled: false Ozone Security Enabled: false Ozone HTTP Security Enabled: false 
2024-01-17 07:57:06,732 [main] WARN  server.AuthenticationFilter (AuthenticationFilter.java:constructSecretProvider(240)) - Unable to initialize FileSignerSecretProvider, falling back to use random secrets. Reason: Could not read signature secret file: /home/runner/hadoop-http-auth-signature-secret
2024-01-17 07:57:06,735 [main] INFO  http.HttpRequestLog (HttpRequestLog.java:getRequestLog(86)) - Http request log for http.requests.hddsDatanode is not defined
2024-01-17 07:57:06,736 [main] INFO  http.HttpServer2 (HttpServer2.java:addGlobalFilter(1036)) - Added global filter 'safety' (class=org.apache.hadoop.hdds.server.http.HttpServer2$QuotingInputFilter)
2024-01-17 07:57:06,739 [main] INFO  http.HttpServer2 (HttpServer2.java:addFilter(1012)) - Added filter static_user_filter (class=org.apache.hadoop.http.lib.StaticUserWebFilter$StaticUserFilter) to context hddsDatanode
2024-01-17 07:57:06,739 [main] INFO  http.HttpServer2 (HttpServer2.java:addFilter(1020)) - Added filter static_user_filter (class=org.apache.hadoop.http.lib.StaticUserWebFilter$StaticUserFilter) to context logs
2024-01-17 07:57:06,739 [main] INFO  http.HttpServer2 (HttpServer2.java:addFilter(1020)) - Added filter static_user_filter (class=org.apache.hadoop.http.lib.StaticUserWebFilter$StaticUserFilter) to context static
2024-01-17 07:57:06,740 [main] INFO  http.BaseHttpServer (BaseHttpServer.java:<init>(189)) - HTTP server of hddsDatanode uses base directory /home/runner/work/ozone/ozone/hadoop-ozone/integration-test/target/test-dir/MiniOzoneClusterImpl-df80a8b8-78a2-47d1-a2cb-ee48e7cc81f7/datanode-4/meta/webserver
2024-01-17 07:57:06,741 [main] INFO  http.HttpServer2 (HttpServer2.java:bindListener(1236)) - Jetty bound to port 15045
2024-01-17 07:57:06,741 [main] INFO  server.Server (Server.java:doStart(375)) - jetty-9.4.53.v20231009; built: 2023-10-09T12:29:09.265Z; git: 27bde00a0b95a1d5bbee0eae7984f891d2d0f8c9; jvm 1.8.0_392-b08
2024-01-17 07:57:06,750 [main] INFO  server.session (DefaultSessionIdManager.java:doStart(334)) - DefaultSessionIdManager workerName=node0
2024-01-17 07:57:06,751 [main] INFO  server.session (DefaultSessionIdManager.java:doStart(339)) - No SessionScavenger set, using defaults
2024-01-17 07:57:06,751 [main] INFO  server.session (HouseKeeper.java:startScavenging(132)) - node0 Scavenging every 600000ms
2024-01-17 07:57:06,752 [main] INFO  handler.ContextHandler (ContextHandler.java:doStart(921)) - Started o.e.j.s.ServletContextHandler@62702965{logs,/logs,file:///home/runner/work/ozone/ozone/hadoop-ozone/integration-test/target/log,AVAILABLE}
2024-01-17 07:57:06,752 [main] INFO  handler.ContextHandler (ContextHandler.java:doStart(921)) - Started o.e.j.s.ServletContextHandler@3f1e1a83{static,/static,jar:file:/home/runner/.m2/repository/org/apache/ozone/hdds-container-service/1.5.0-SNAPSHOT/hdds-container-service-1.5.0-SNAPSHOT.jar!/webapps/static,AVAILABLE}
2024-01-17 07:57:06,761 [om1@group-C5BA1605619E-FollowerState] INFO  impl.FollowerState (FollowerState.java:run(143)) - om1@group-C5BA1605619E-FollowerState: change to CANDIDATE, lastRpcElapsedTime:1163261806ns, electionTimeout:1161ms
2024-01-17 07:57:06,761 [om1@group-C5BA1605619E-FollowerState] INFO  impl.RoleInfo (RoleInfo.java:shutdownFollowerState(110)) - om1: shutdown om1@group-C5BA1605619E-FollowerState
2024-01-17 07:57:06,762 [om1@group-C5BA1605619E-FollowerState] INFO  server.RaftServer$Division (RaftServerImpl.java:setRole(383)) - om1@group-C5BA1605619E: changes role from  FOLLOWER to CANDIDATE at term 0 for changeToCandidate
2024-01-17 07:57:06,765 [om1@group-C5BA1605619E-FollowerState] INFO  server.RaftServerConfigKeys (ConfUtils.java:logGet(46)) - raft.server.leaderelection.pre-vote = true (default)
2024-01-17 07:57:06,765 [om1@group-C5BA1605619E-FollowerState] INFO  impl.RoleInfo (RoleInfo.java:updateAndGet(139)) - om1: start om1@group-C5BA1605619E-LeaderElection1
2024-01-17 07:57:06,771 [om1@group-C5BA1605619E-LeaderElection1] INFO  impl.LeaderElection (LeaderElection.java:askForVotes(321)) - om1@group-C5BA1605619E-LeaderElection1 PRE_VOTE round 0: submit vote requests at term 0 for -1: peers:[om1|localhost:15007]|listeners:[], old=null
2024-01-17 07:57:06,772 [om1@group-C5BA1605619E-LeaderElection1] INFO  impl.LeaderElection (LeaderElection.java:askForVotes(323)) - om1@group-C5BA1605619E-LeaderElection1 PRE_VOTE round 0: result PASSED (term=0)
2024-01-17 07:57:06,774 [om1@group-C5BA1605619E-LeaderElection1] INFO  impl.LeaderElection (LeaderElection.java:askForVotes(321)) - om1@group-C5BA1605619E-LeaderElection1 ELECTION round 0: submit vote requests at term 1 for -1: peers:[om1|localhost:15007]|listeners:[], old=null
2024-01-17 07:57:06,774 [om1@group-C5BA1605619E-LeaderElection1] INFO  impl.LeaderElection (LeaderElection.java:askForVotes(323)) - om1@group-C5BA1605619E-LeaderElection1 ELECTION round 0: result PASSED (term=1)
2024-01-17 07:57:06,774 [om1@group-C5BA1605619E-LeaderElection1] INFO  impl.RoleInfo (RoleInfo.java:shutdownLeaderElection(130)) - om1: shutdown om1@group-C5BA1605619E-LeaderElection1
2024-01-17 07:57:06,775 [om1@group-C5BA1605619E-LeaderElection1] INFO  server.RaftServer$Division (RaftServerImpl.java:setRole(383)) - om1@group-C5BA1605619E: changes role from CANDIDATE to LEADER at term 1 for changeToLeader
2024-01-17 07:57:06,781 [om1@group-C5BA1605619E-LeaderElection1] INFO  server.RaftServerConfigKeys (ConfUtils.java:logGet(46)) - raft.server.staging.catchup.gap = 1000 (default)
2024-01-17 07:57:06,784 [om1@group-C5BA1605619E-LeaderElection1] INFO  server.RaftServerConfigKeys (ConfUtils.java:logGet(46)) - raft.server.write.element-limit = 4096 (default)
2024-01-17 07:57:06,785 [om1@group-C5BA1605619E-LeaderElection1] INFO  server.RaftServerConfigKeys (ConfUtils.java:logGet(46)) - raft.server.write.byte-limit = 64MB (=67108864) (default)
2024-01-17 07:57:06,788 [om1@group-C5BA1605619E-LeaderElection1] INFO  server.RaftServerConfigKeys (ConfUtils.java:logGet(46)) - raft.server.watch.timeout = 10s (default)
2024-01-17 07:57:06,789 [om1@group-C5BA1605619E-LeaderElection1] INFO  server.RaftServerConfigKeys (ConfUtils.java:logGet(46)) - raft.server.watch.timeout.denomination = 1s (default)
2024-01-17 07:57:06,789 [om1@group-C5BA1605619E-LeaderElection1] INFO  server.RaftServerConfigKeys (ConfUtils.java:logGet(46)) - raft.server.watch.element-limit = 65536 (default)
2024-01-17 07:57:06,794 [om1@group-C5BA1605619E-LeaderElection1] INFO  server.RaftServerConfigKeys (ConfUtils.java:logGet(46)) - raft.server.read.leader.lease.enabled = false (default)
2024-01-17 07:57:06,796 [om1@group-C5BA1605619E-LeaderElection1] INFO  server.RaftServerConfigKeys (ConfUtils.java:logGet(46)) - raft.server.read.leader.lease.timeout.ratio = 0.9 (default)
2024-01-17 07:57:06,796 [om1@group-C5BA1605619E-LeaderElection1] INFO  server.RaftServerConfigKeys (ConfUtils.java:logGet(46)) - raft.server.rpc.timeout.min = 1s (custom)
2024-01-17 07:57:06,796 [om1@group-C5BA1605619E-LeaderElection1] INFO  server.RaftServerConfigKeys (ConfUtils.java:logGet(46)) - raft.server.write.element-limit = 4096 (default)
2024-01-17 07:57:06,797 [om1@group-C5BA1605619E-LeaderElection1] INFO  server.RaftServerConfigKeys (ConfUtils.java:logGet(46)) - raft.server.write.follower.gap.ratio.max = -1.0 (default)
2024-01-17 07:57:06,798 [om1@group-C5BA1605619E-LeaderElection1] INFO  impl.RoleInfo (RoleInfo.java:updateAndGet(139)) - om1: start om1@group-C5BA1605619E-LeaderStateImpl
2024-01-17 07:57:06,799 [om1@group-C5BA1605619E-LeaderElection1] INFO  server.RaftServer$Division (RaftServerImpl.java:setFirstElection(574)) - om1@group-C5BA1605619E: set firstElectionSinceStartup to false for becomeLeader
2024-01-17 07:57:06,799 [main] INFO  handler.ContextHandler (ContextHandler.java:doStart(921)) - Started o.e.j.w.WebAppContext@13e0a9d3{hddsDatanode,/,file:///home/runner/work/ozone/ozone/hadoop-ozone/integration-test/target/test-dir/MiniOzoneClusterImpl-df80a8b8-78a2-47d1-a2cb-ee48e7cc81f7/datanode-4/meta/webserver/jetty-0_0_0_0-15045-hdds-container-service-1_5_0-SNAPSHOT_jar-_-any-1833929213756396650/webapp/,AVAILABLE}{jar:file:/home/runner/.m2/repository/org/apache/ozone/hdds-container-service/1.5.0-SNAPSHOT/hdds-container-service-1.5.0-SNAPSHOT.jar!/webapps/hddsDatanode}
2024-01-17 07:57:06,801 [main] INFO  server.AbstractConnector (AbstractConnector.java:doStart(333)) - Started ServerConnector@23df6ad8{HTTP/1.1, (http/1.1)}{0.0.0.0:15045}
2024-01-17 07:57:06,802 [main] INFO  server.Server (Server.java:doStart(415)) - Started @7404ms
2024-01-17 07:57:06,802 [om1@group-C5BA1605619E-LeaderElection1] INFO  server.RaftServer$Division (ServerState.java:setLeader(269)) - om1@group-C5BA1605619E: change Leader from null to om1 at term 1 for becomeLeader, leader elected after 1809ms
2024-01-17 07:57:06,802 [main] WARN  impl.MetricsSystemImpl (MetricsSystemImpl.java:register(279)) - Sink prometheus already exists!
2024-01-17 07:57:06,806 [main] INFO  http.BaseHttpServer (BaseHttpServer.java:updateConnectorAddress(354)) - HTTP server of hddsDatanode listening at http://0.0.0.0:15045
2024-01-17 07:57:06,806 [main] INFO  ipc.CallQueueManager (CallQueueManager.java:<init>(90)) - Using callQueue: class java.util.concurrent.LinkedBlockingQueue, queueCapacity: 100, scheduler: class org.apache.hadoop.ipc.DefaultRpcScheduler, ipcBackoff: false.
2024-01-17 07:57:06,807 [main] INFO  ipc.Server (Server.java:<init>(1287)) - Listener at 0.0.0.0:15046
2024-01-17 07:57:06,815 [Socket Reader #1 for port 15046] INFO  ipc.Server (Server.java:run(1323)) - Starting Socket Reader #1 for port 15046
2024-01-17 07:57:06,823 [main] INFO  ozone.HddsDatanodeService (HddsDatanodeService.java:start(324)) - Datanode start with admins: [runner]
2024-01-17 07:57:06,823 [main] INFO  ozone.HddsDatanodeClientProtocolServer (HddsDatanodeClientProtocolServer.java:start(72)) - RPC server for Client /0.0.0.0:15046
2024-01-17 07:57:06,824 [IPC Server Responder] INFO  ipc.Server (Server.java:run(1562)) - IPC Server Responder: starting
2024-01-17 07:57:06,824 [IPC Server listener on 15046] INFO  ipc.Server (Server.java:run(1402)) - IPC Server listener on 15046: starting
2024-01-17 07:57:06,825 [0f18b96a-e4aa-46f4-b611-a6948cf06a42-DatanodeStateMachineDaemonThread] INFO  statemachine.DatanodeStateMachine (DatanodeStateMachine.java:lambda$startDaemon$1(555)) - Ozone container server started.
2024-01-17 07:57:06,825 [main] WARN  dropwizard3.Dm3MetricRegistriesImpl (Dm3MetricRegistriesImpl.java:addReporterRegistration(113)) - New reporters are added after registries were created. Some metrics will be missing from the reporter. Please add reporter before adding any new registry.
2024-01-17 07:57:06,825 [main] WARN  dropwizard3.Dm3MetricRegistriesImpl (Dm3MetricRegistriesImpl.java:addReporterRegistration(113)) - New reporters are added after registries were created. Some metrics will be missing from the reporter. Please add reporter before adding any new registry.
2024-01-17 07:57:06,825 [main] INFO  impl.MetricsSystemImpl (MetricsSystemImpl.java:init(158)) - HddsDatanode metrics system started (again)
2024-01-17 07:57:06,831 [om1@group-C5BA1605619E-LeaderElection1] INFO  segmented.SegmentedRaftLogWorker (SegmentedRaftLogWorker.java:startLogSegment(430)) - om1@group-C5BA1605619E-SegmentedRaftLogWorker: Starting segment from index:0
2024-01-17 07:57:06,842 [main] INFO  ozone.HddsDatanodeService (HddsDatanodeService.java:start(239)) - HddsDatanodeService host:fv-az1531-837.hsxikm2gdrvudnct5jqc1oiugc.ex.internal.cloudapp.net ip:10.1.0.6
2024-01-17 07:57:06,848 [om1@group-C5BA1605619E-SegmentedRaftLogWorker] INFO  segmented.BufferedWriteChannel (BufferedWriteChannel.java:open(62)) - open log_inprogress_0 at position 0
2024-01-17 07:57:06,857 [0f18b96a-e4aa-46f4-b611-a6948cf06a42-DatanodeStateMachineTaskThread-0] INFO  datanode.InitDatanodeState (InitDatanodeState.java:persistContainerDatanodeDetails(139)) - DatanodeDetails is persisted to /home/runner/work/ozone/ozone/hadoop-ozone/integration-test/target/test-dir/MiniOzoneClusterImpl-df80a8b8-78a2-47d1-a2cb-ee48e7cc81f7/datanode-4/meta/datanode.id
2024-01-17 07:57:06,861 [om1@group-C5BA1605619E-SegmentedRaftLogWorker] INFO  segmented.SegmentedRaftLogWorker (SegmentedRaftLogWorker.java:execute(634)) - om1@group-C5BA1605619E-SegmentedRaftLogWorker: created new log segment /home/runner/work/ozone/ozone/hadoop-ozone/integration-test/target/test-dir/MiniOzoneClusterImpl-df80a8b8-78a2-47d1-a2cb-ee48e7cc81f7/ozone-meta/ratis/bf265839-605b-3f16-9796-c5ba1605619e/current/log_inprogress_0
2024-01-17 07:57:06,861 [om1@group-C5BA1605619E-LeaderElection1] INFO  server.RaftServer$Division (ServerState.java:setRaftConf(386)) - om1@group-C5BA1605619E: set configuration 0: peers:[om1|localhost:15007]|listeners:[], old=null
2024-01-17 07:57:06,871 [main] INFO  upgrade.AbstractLayoutVersionManager (AbstractLayoutVersionManager.java:init(83)) - Initializing Layout version manager with metadata layout = HADOOP_PRC_PORTS_IN_DATANODEDETAILS (version = 7), software layout = HADOOP_PRC_PORTS_IN_DATANODEDETAILS (version = 7)
2024-01-17 07:57:06,872 [main] INFO  statemachine.DatanodeStateMachine (DatanodeStateMachine.java:getEndPointTaskThreadPoolSize(299)) - Datanode State Machine Task Thread Pool size 2
2024-01-17 07:57:06,875 [main] INFO  volume.HddsVolume (HddsVolume.java:<init>(125)) - Creating HddsVolume: /home/runner/work/ozone/ozone/hadoop-ozone/integration-test/target/test-dir/MiniOzoneClusterImpl-df80a8b8-78a2-47d1-a2cb-ee48e7cc81f7/datanode-5/data-0/containers/hdds of storage type : DISK capacity : 9223372036854775807
2024-01-17 07:57:06,876 [main] INFO  volume.MutableVolumeSet (MutableVolumeSet.java:initializeVolumeSet(173)) - Added Volume : /home/runner/work/ozone/ozone/hadoop-ozone/integration-test/target/test-dir/MiniOzoneClusterImpl-df80a8b8-78a2-47d1-a2cb-ee48e7cc81f7/datanode-5/data-0/containers/hdds to VolumeSet
2024-01-17 07:57:06,877 [main] INFO  volume.MutableVolumeSet (MutableVolumeSet.java:initializeVolumeSet(173)) - Added Volume : /home/runner/work/ozone/ozone/hadoop-ozone/integration-test/target/test-dir/MiniOzoneClusterImpl-df80a8b8-78a2-47d1-a2cb-ee48e7cc81f7/datanode-5/data/ratis to VolumeSet
2024-01-17 07:57:06,877 [main] INFO  ozoneimpl.OzoneContainer (HddsVolumeUtil.java:loadAllHddsVolumeDbStore(103)) - Load 1 volumes DbStore cost: 0ms
2024-01-17 07:57:06,879 [8d67fbbe-ad76-4934-bcfb-c8cae0dbbecb-ContainerReader-0] INFO  ozoneimpl.ContainerReader (ContainerReader.java:readVolume(178)) - Finish verifying containers on volume /home/runner/work/ozone/ozone/hadoop-ozone/integration-test/target/test-dir/MiniOzoneClusterImpl-df80a8b8-78a2-47d1-a2cb-ee48e7cc81f7/datanode-5/data-0/containers/hdds
2024-01-17 07:57:06,879 [main] INFO  ozoneimpl.OzoneContainer (OzoneContainer.java:buildContainerSet(328)) - Build ContainerSet costs 0s
2024-01-17 07:57:06,883 [main] INFO  server.RaftServer (ConfUtils.java:logGet(46)) - raft.rpc.type = GRPC (default)
2024-01-17 07:57:06,883 [main] INFO  grpc.GrpcConfigKeys (ConfUtils.java:logFallback(53)) - raft.grpc.admin.host = null (fallback to raft.grpc.server.host)
2024-01-17 07:57:06,883 [main] INFO  grpc.GrpcConfigKeys (ConfUtils.java:logGet(46)) - raft.grpc.admin.port = 15058 (custom)
2024-01-17 07:57:06,884 [main] INFO  grpc.GrpcConfigKeys (ConfUtils.java:logFallback(53)) - raft.grpc.client.host = null (fallback to raft.grpc.server.host)
2024-01-17 07:57:06,884 [main] INFO  grpc.GrpcConfigKeys (ConfUtils.java:logGet(46)) - raft.grpc.client.port = 15057 (custom)
2024-01-17 07:57:06,884 [main] INFO  grpc.GrpcConfigKeys (ConfUtils.java:logGet(46)) - raft.grpc.server.host = null (default)
2024-01-17 07:57:06,884 [main] INFO  grpc.GrpcConfigKeys (ConfUtils.java:logGet(46)) - raft.grpc.server.port = 15059 (custom)
2024-01-17 07:57:06,884 [main] INFO  server.GrpcService (ConfUtils.java:logGet(46)) - raft.grpc.message.size.max = 32MB (=33554432) (custom)
2024-01-17 07:57:06,885 [main] INFO  server.RaftServerConfigKeys (ConfUtils.java:logGet(46)) - raft.server.log.appender.buffer.byte-limit = 8388608 (custom)
2024-01-17 07:57:06,885 [main] INFO  server.GrpcService (ConfUtils.java:logGet(46)) - raft.grpc.flow.control.window = 5MB (=5242880) (custom)
2024-01-17 07:57:06,885 [main] INFO  server.RaftServerConfigKeys (ConfUtils.java:logGet(46)) - raft.server.rpc.request.timeout = 60s (custom)
2024-01-17 07:57:06,885 [main] INFO  grpc.GrpcConfigKeys (ConfUtils.java:logGet(46)) - raft.grpc.server.heartbeat.channel = true (default)
2024-01-17 07:57:06,885 [main] INFO  grpc.GrpcConfigKeys (ConfUtils.java:logGet(46)) - raft.grpc.server.async.request.thread.pool.cached = true (default)
2024-01-17 07:57:06,886 [main] INFO  grpc.GrpcConfigKeys (ConfUtils.java:logGet(46)) - raft.grpc.server.async.request.thread.pool.size = 32 (default)
2024-01-17 07:57:06,888 [main] INFO  impl.DataStreamServerImpl (ConfUtils.java:logGet(46)) - raft.datastream.type = NETTY (custom)
2024-01-17 07:57:06,889 [main] INFO  server.RaftServerConfigKeys (ConfUtils.java:logGet(46)) - raft.server.data-stream.async.request.thread.pool.cached = false (default)
2024-01-17 07:57:06,889 [main] INFO  server.RaftServerConfigKeys (ConfUtils.java:logGet(46)) - raft.server.data-stream.async.request.thread.pool.size = 20 (custom)
2024-01-17 07:57:06,889 [main] INFO  server.RaftServerConfigKeys (ConfUtils.java:logGet(46)) - raft.server.data-stream.async.write.thread.pool.size = 16 (default)
2024-01-17 07:57:06,889 [main] INFO  netty.NettyConfigKeys$DataStream (ConfUtils.java:logGet(46)) - raft.netty.dataStream.server.channel.inactive.grace-period = 10min (default)
2024-01-17 07:57:06,889 [main] INFO  server.RaftServerConfigKeys (ConfUtils.java:logGet(46)) - raft.server.data-stream.client.pool.size = 10 (default)
2024-01-17 07:57:06,890 [main] INFO  netty.NettyConfigKeys$DataStream (ConfUtils.java:logGet(46)) - raft.netty.dataStream.server.use-epoll = true (default)
2024-01-17 07:57:06,890 [main] INFO  netty.NettyConfigKeys$DataStream (ConfUtils.java:logGet(46)) - raft.netty.dataStream.server.boss-group.size = 0 (default)
2024-01-17 07:57:06,890 [main] INFO  netty.NettyUtils (NettyUtils.java:newEventLoopGroup(69)) - Create EpollEventLoopGroup for 8d67fbbe-ad76-4934-bcfb-c8cae0dbbecb-NettyServerStreamRpc-bossGroup; Thread size is 0.
2024-01-17 07:57:06,891 [main] INFO  netty.NettyConfigKeys$DataStream (ConfUtils.java:logGet(46)) - raft.netty.dataStream.server.worker-group.size = 0 (default)
2024-01-17 07:57:06,891 [main] INFO  netty.NettyUtils (NettyUtils.java:newEventLoopGroup(69)) - Create EpollEventLoopGroup for 8d67fbbe-ad76-4934-bcfb-c8cae0dbbecb-NettyServerStreamRpc-workerGroup; Thread size is 0.
2024-01-17 07:57:06,892 [main] INFO  netty.NettyConfigKeys$DataStream (ConfUtils.java:logGet(46)) - raft.netty.dataStream.server.tls.conf = null (default)
2024-01-17 07:57:06,892 [main] INFO  netty.NettyConfigKeys$DataStream (ConfUtils.java:logGet(46)) - raft.netty.dataStream.host = null (default)
2024-01-17 07:57:06,892 [main] INFO  netty.NettyConfigKeys$DataStream (ConfUtils.java:logGet(46)) - raft.netty.dataStream.port = 15060 (custom)
2024-01-17 07:57:06,895 [main] INFO  server.RaftServerConfigKeys (ConfUtils.java:logGet(46)) - raft.server.sleep.deviation.threshold = 300ms (default)
2024-01-17 07:57:06,895 [main] INFO  server.RaftServerConfigKeys (ConfUtils.java:logGet(46)) - raft.server.close.threshold = 60s (default)
2024-01-17 07:57:06,895 [main] INFO  server.RaftServerConfigKeys (ConfUtils.java:logGet(46)) - raft.server.leaderelection.leader.step-down.wait-time = 10s (default)
2024-01-17 07:57:06,895 [main] INFO  server.RaftServerConfigKeys (ConfUtils.java:logGet(46)) - raft.server.storage.dir = [/home/runner/work/ozone/ozone/hadoop-ozone/integration-test/target/test-dir/MiniOzoneClusterImpl-df80a8b8-78a2-47d1-a2cb-ee48e7cc81f7/datanode-5/data/ratis] (custom)
2024-01-17 07:57:06,896 [main] INFO  server.RaftServerConfigKeys (ConfUtils.java:logGet(46)) - raft.server.threadpool.proxy.cached = true (default)
2024-01-17 07:57:06,896 [main] INFO  server.RaftServerConfigKeys (ConfUtils.java:logGet(46)) - raft.server.threadpool.proxy.size = 0 (default)
2024-01-17 07:57:06,898 [8d67fbbe-ad76-4934-bcfb-c8cae0dbbecb-impl-thread1] INFO  server.RaftServer (RaftServerProxy.java:initGroupDir(264)) - 8d67fbbe-ad76-4934-bcfb-c8cae0dbbecb: found a subdirectory /home/runner/work/ozone/ozone/hadoop-ozone/integration-test/target/test-dir/MiniOzoneClusterImpl-df80a8b8-78a2-47d1-a2cb-ee48e7cc81f7/datanode-5/data/ratis/tmp
2024-01-17 07:57:06,899 [8d67fbbe-ad76-4934-bcfb-c8cae0dbbecb-impl-thread1] INFO  server.RaftServer (RaftServerProxy.java:initGroupDir(269)) - 8d67fbbe-ad76-4934-bcfb-c8cae0dbbecb: The directory /home/runner/work/ozone/ozone/hadoop-ozone/integration-test/target/test-dir/MiniOzoneClusterImpl-df80a8b8-78a2-47d1-a2cb-ee48e7cc81f7/datanode-5/data/ratis/tmp is not a group directory; ignoring it. 
2024-01-17 07:57:06,899 [8d67fbbe-ad76-4934-bcfb-c8cae0dbbecb-NettyServerStreamRpc-bossGroup--thread1] INFO  logging.LoggingHandler (AbstractInternalLogger.java:log(148)) - [id: 0xf2b671d0] REGISTERED
2024-01-17 07:57:06,899 [main] INFO  replication.ReplicationServer (ReplicationServer.java:<init>(85)) - Initializing replication server with thread count = 10 queue length = 4096
2024-01-17 07:57:06,899 [8d67fbbe-ad76-4934-bcfb-c8cae0dbbecb-NettyServerStreamRpc-bossGroup--thread1] INFO  logging.LoggingHandler (AbstractInternalLogger.java:log(148)) - [id: 0xf2b671d0] BIND: 0.0.0.0/0.0.0.0:15060
2024-01-17 07:57:06,900 [8d67fbbe-ad76-4934-bcfb-c8cae0dbbecb-NettyServerStreamRpc-bossGroup--thread1] INFO  logging.LoggingHandler (AbstractInternalLogger.java:log(148)) - [id: 0xf2b671d0, L:/0.0.0.0:15060] ACTIVE
2024-01-17 07:57:06,901 [main] INFO  server.XceiverServerGrpc (XceiverServerGrpc.java:<init>(141)) - GrpcServer channel type EpollServerSocketChannel
2024-01-17 07:57:06,903 [main] INFO  replication.ReplicationSupervisor (ReplicationSupervisor.java:build(163)) - Initializing replication supervisor with thread count = 10
2024-01-17 07:57:06,903 [main] INFO  replication.ReplicationSupervisor (ReplicationSupervisor.java:nodeStateUpdated(317)) - Node state updated to IN_SERVICE, scaling executor pool size to 10
2024-01-17 07:57:06,906 [main] INFO  http.BaseHttpServer (BaseHttpServer.java:newHttpServer2BuilderForOzone(223)) - Starting Web-server for hddsDatanode at: http://0.0.0.0:15054
2024-01-17 07:57:06,906 [main] INFO  http.BaseHttpServer (BaseHttpServer.java:<init>(110)) - Hadoop Security Enabled: false Ozone Security Enabled: false Ozone HTTP Security Enabled: false 
2024-01-17 07:57:06,908 [main] WARN  server.AuthenticationFilter (AuthenticationFilter.java:constructSecretProvider(240)) - Unable to initialize FileSignerSecretProvider, falling back to use random secrets. Reason: Could not read signature secret file: /home/runner/hadoop-http-auth-signature-secret
2024-01-17 07:57:06,909 [main] INFO  http.HttpRequestLog (HttpRequestLog.java:getRequestLog(86)) - Http request log for http.requests.hddsDatanode is not defined
2024-01-17 07:57:06,910 [main] INFO  http.HttpServer2 (HttpServer2.java:addGlobalFilter(1036)) - Added global filter 'safety' (class=org.apache.hadoop.hdds.server.http.HttpServer2$QuotingInputFilter)
2024-01-17 07:57:06,911 [main] INFO  http.HttpServer2 (HttpServer2.java:addFilter(1012)) - Added filter static_user_filter (class=org.apache.hadoop.http.lib.StaticUserWebFilter$StaticUserFilter) to context hddsDatanode
2024-01-17 07:57:06,911 [main] INFO  http.HttpServer2 (HttpServer2.java:addFilter(1020)) - Added filter static_user_filter (class=org.apache.hadoop.http.lib.StaticUserWebFilter$StaticUserFilter) to context static
2024-01-17 07:57:06,912 [main] INFO  http.HttpServer2 (HttpServer2.java:addFilter(1020)) - Added filter static_user_filter (class=org.apache.hadoop.http.lib.StaticUserWebFilter$StaticUserFilter) to context logs
2024-01-17 07:57:06,912 [main] INFO  http.BaseHttpServer (BaseHttpServer.java:<init>(189)) - HTTP server of hddsDatanode uses base directory /home/runner/work/ozone/ozone/hadoop-ozone/integration-test/target/test-dir/MiniOzoneClusterImpl-df80a8b8-78a2-47d1-a2cb-ee48e7cc81f7/datanode-5/meta/webserver
2024-01-17 07:57:06,913 [main] INFO  http.HttpServer2 (HttpServer2.java:bindListener(1236)) - Jetty bound to port 15054
2024-01-17 07:57:06,913 [main] INFO  server.Server (Server.java:doStart(375)) - jetty-9.4.53.v20231009; built: 2023-10-09T12:29:09.265Z; git: 27bde00a0b95a1d5bbee0eae7984f891d2d0f8c9; jvm 1.8.0_392-b08
2024-01-17 07:57:06,914 [main] INFO  server.session (DefaultSessionIdManager.java:doStart(334)) - DefaultSessionIdManager workerName=node0
2024-01-17 07:57:06,914 [main] INFO  server.session (DefaultSessionIdManager.java:doStart(339)) - No SessionScavenger set, using defaults
2024-01-17 07:57:06,914 [main] INFO  server.session (HouseKeeper.java:startScavenging(132)) - node0 Scavenging every 660000ms
2024-01-17 07:57:06,915 [main] INFO  handler.ContextHandler (ContextHandler.java:doStart(921)) - Started o.e.j.s.ServletContextHandler@3d3c0f97{logs,/logs,file:///home/runner/work/ozone/ozone/hadoop-ozone/integration-test/target/log,AVAILABLE}
2024-01-17 07:57:06,916 [main] INFO  handler.ContextHandler (ContextHandler.java:doStart(921)) - Started o.e.j.s.ServletContextHandler@77397cfa{static,/static,jar:file:/home/runner/.m2/repository/org/apache/ozone/hdds-container-service/1.5.0-SNAPSHOT/hdds-container-service-1.5.0-SNAPSHOT.jar!/webapps/static,AVAILABLE}
2024-01-17 07:57:06,958 [om1@group-C5BA1605619E-StateMachineUpdater] INFO  ratis.OzoneManagerStateMachine (OzoneManagerStateMachine.java:notifyConfigurationChanged(211)) - Received Configuration change notification from Ratis. New Peer list:
[id: "om1"
address: "localhost:15007"
startupRole: FOLLOWER
]
2024-01-17 07:57:06,959 [om1@group-C5BA1605619E-StateMachineUpdater] INFO  server.RaftServer$Division (LeaderStateImpl.java:isApplied(320)) - leader is ready since appliedIndex == 0 >= startIndex == 0
2024-01-17 07:57:06,960 [main] INFO  handler.ContextHandler (ContextHandler.java:doStart(921)) - Started o.e.j.w.WebAppContext@26385ac2{hddsDatanode,/,file:///home/runner/work/ozone/ozone/hadoop-ozone/integration-test/target/test-dir/MiniOzoneClusterImpl-df80a8b8-78a2-47d1-a2cb-ee48e7cc81f7/datanode-5/meta/webserver/jetty-0_0_0_0-15054-hdds-container-service-1_5_0-SNAPSHOT_jar-_-any-975053747269168045/webapp/,AVAILABLE}{jar:file:/home/runner/.m2/repository/org/apache/ozone/hdds-container-service/1.5.0-SNAPSHOT/hdds-container-service-1.5.0-SNAPSHOT.jar!/webapps/hddsDatanode}
2024-01-17 07:57:06,962 [main] INFO  server.AbstractConnector (AbstractConnector.java:doStart(333)) - Started ServerConnector@1112b12f{HTTP/1.1, (http/1.1)}{0.0.0.0:15054}
2024-01-17 07:57:06,962 [main] INFO  server.Server (Server.java:doStart(415)) - Started @7565ms
2024-01-17 07:57:06,962 [main] WARN  impl.MetricsSystemImpl (MetricsSystemImpl.java:register(279)) - Sink prometheus already exists!
2024-01-17 07:57:06,963 [main] INFO  http.BaseHttpServer (BaseHttpServer.java:updateConnectorAddress(354)) - HTTP server of hddsDatanode listening at http://0.0.0.0:15054
2024-01-17 07:57:06,963 [main] INFO  ipc.CallQueueManager (CallQueueManager.java:<init>(90)) - Using callQueue: class java.util.concurrent.LinkedBlockingQueue, queueCapacity: 100, scheduler: class org.apache.hadoop.ipc.DefaultRpcScheduler, ipcBackoff: false.
2024-01-17 07:57:06,963 [main] INFO  ipc.Server (Server.java:<init>(1287)) - Listener at 0.0.0.0:15055
2024-01-17 07:57:06,964 [Socket Reader #1 for port 15055] INFO  ipc.Server (Server.java:run(1323)) - Starting Socket Reader #1 for port 15055
2024-01-17 07:57:06,971 [main] INFO  ozone.HddsDatanodeService (HddsDatanodeService.java:start(324)) - Datanode start with admins: [runner]
2024-01-17 07:57:06,971 [main] INFO  ozone.HddsDatanodeClientProtocolServer (HddsDatanodeClientProtocolServer.java:start(72)) - RPC server for Client /0.0.0.0:15055
2024-01-17 07:57:06,971 [IPC Server Responder] INFO  ipc.Server (Server.java:run(1562)) - IPC Server Responder: starting
2024-01-17 07:57:06,975 [IPC Server listener on 15055] INFO  ipc.Server (Server.java:run(1402)) - IPC Server listener on 15055: starting
2024-01-17 07:57:06,976 [8d67fbbe-ad76-4934-bcfb-c8cae0dbbecb-DatanodeStateMachineDaemonThread] INFO  statemachine.DatanodeStateMachine (DatanodeStateMachine.java:lambda$startDaemon$1(555)) - Ozone container server started.
2024-01-17 07:57:06,976 [main] WARN  dropwizard3.Dm3MetricRegistriesImpl (Dm3MetricRegistriesImpl.java:addReporterRegistration(113)) - New reporters are added after registries were created. Some metrics will be missing from the reporter. Please add reporter before adding any new registry.
2024-01-17 07:57:06,976 [main] WARN  dropwizard3.Dm3MetricRegistriesImpl (Dm3MetricRegistriesImpl.java:addReporterRegistration(113)) - New reporters are added after registries were created. Some metrics will be missing from the reporter. Please add reporter before adding any new registry.
2024-01-17 07:57:06,976 [main] INFO  impl.MetricsSystemImpl (MetricsSystemImpl.java:init(158)) - HddsDatanode metrics system started (again)
2024-01-17 07:57:06,985 [main] INFO  ozone.HddsDatanodeService (HddsDatanodeService.java:start(239)) - HddsDatanodeService host:fv-az1531-837.hsxikm2gdrvudnct5jqc1oiugc.ex.internal.cloudapp.net ip:10.1.0.6
2024-01-17 07:57:06,989 [8d67fbbe-ad76-4934-bcfb-c8cae0dbbecb-DatanodeStateMachineTaskThread-0] INFO  datanode.InitDatanodeState (InitDatanodeState.java:persistContainerDatanodeDetails(139)) - DatanodeDetails is persisted to /home/runner/work/ozone/ozone/hadoop-ozone/integration-test/target/test-dir/MiniOzoneClusterImpl-df80a8b8-78a2-47d1-a2cb-ee48e7cc81f7/datanode-5/meta/datanode.id
2024-01-17 07:57:07,004 [main] INFO  upgrade.AbstractLayoutVersionManager (AbstractLayoutVersionManager.java:init(83)) - Initializing Layout version manager with metadata layout = HADOOP_PRC_PORTS_IN_DATANODEDETAILS (version = 7), software layout = HADOOP_PRC_PORTS_IN_DATANODEDETAILS (version = 7)
2024-01-17 07:57:07,005 [main] INFO  statemachine.DatanodeStateMachine (DatanodeStateMachine.java:getEndPointTaskThreadPoolSize(299)) - Datanode State Machine Task Thread Pool size 2
2024-01-17 07:57:07,008 [main] INFO  volume.HddsVolume (HddsVolume.java:<init>(125)) - Creating HddsVolume: /home/runner/work/ozone/ozone/hadoop-ozone/integration-test/target/test-dir/MiniOzoneClusterImpl-df80a8b8-78a2-47d1-a2cb-ee48e7cc81f7/datanode-6/data-0/containers/hdds of storage type : DISK capacity : 9223372036854775807
2024-01-17 07:57:07,008 [main] INFO  volume.MutableVolumeSet (MutableVolumeSet.java:initializeVolumeSet(173)) - Added Volume : /home/runner/work/ozone/ozone/hadoop-ozone/integration-test/target/test-dir/MiniOzoneClusterImpl-df80a8b8-78a2-47d1-a2cb-ee48e7cc81f7/datanode-6/data-0/containers/hdds to VolumeSet
2024-01-17 07:57:07,009 [main] INFO  volume.MutableVolumeSet (MutableVolumeSet.java:initializeVolumeSet(173)) - Added Volume : /home/runner/work/ozone/ozone/hadoop-ozone/integration-test/target/test-dir/MiniOzoneClusterImpl-df80a8b8-78a2-47d1-a2cb-ee48e7cc81f7/datanode-6/data/ratis to VolumeSet
2024-01-17 07:57:07,010 [main] INFO  ozoneimpl.OzoneContainer (HddsVolumeUtil.java:loadAllHddsVolumeDbStore(103)) - Load 1 volumes DbStore cost: 1ms
2024-01-17 07:57:07,011 [eb5c9b0d-19e6-4136-9089-8a3b0879ad33-ContainerReader-0] INFO  ozoneimpl.ContainerReader (ContainerReader.java:readVolume(178)) - Finish verifying containers on volume /home/runner/work/ozone/ozone/hadoop-ozone/integration-test/target/test-dir/MiniOzoneClusterImpl-df80a8b8-78a2-47d1-a2cb-ee48e7cc81f7/datanode-6/data-0/containers/hdds
2024-01-17 07:57:07,011 [main] INFO  ozoneimpl.OzoneContainer (OzoneContainer.java:buildContainerSet(328)) - Build ContainerSet costs 0s
2024-01-17 07:57:07,014 [main] INFO  server.RaftServer (ConfUtils.java:logGet(46)) - raft.rpc.type = GRPC (default)
2024-01-17 07:57:07,014 [main] INFO  grpc.GrpcConfigKeys (ConfUtils.java:logFallback(53)) - raft.grpc.admin.host = null (fallback to raft.grpc.server.host)
2024-01-17 07:57:07,014 [main] INFO  grpc.GrpcConfigKeys (ConfUtils.java:logGet(46)) - raft.grpc.admin.port = 15067 (custom)
2024-01-17 07:57:07,014 [main] INFO  grpc.GrpcConfigKeys (ConfUtils.java:logFallback(53)) - raft.grpc.client.host = null (fallback to raft.grpc.server.host)
2024-01-17 07:57:07,015 [main] INFO  grpc.GrpcConfigKeys (ConfUtils.java:logGet(46)) - raft.grpc.client.port = 15066 (custom)
2024-01-17 07:57:07,015 [main] INFO  grpc.GrpcConfigKeys (ConfUtils.java:logGet(46)) - raft.grpc.server.host = null (default)
2024-01-17 07:57:07,015 [main] INFO  grpc.GrpcConfigKeys (ConfUtils.java:logGet(46)) - raft.grpc.server.port = 15068 (custom)
2024-01-17 07:57:07,015 [main] INFO  server.GrpcService (ConfUtils.java:logGet(46)) - raft.grpc.message.size.max = 32MB (=33554432) (custom)
2024-01-17 07:57:07,015 [main] INFO  server.RaftServerConfigKeys (ConfUtils.java:logGet(46)) - raft.server.log.appender.buffer.byte-limit = 8388608 (custom)
2024-01-17 07:57:07,015 [main] INFO  server.GrpcService (ConfUtils.java:logGet(46)) - raft.grpc.flow.control.window = 5MB (=5242880) (custom)
2024-01-17 07:57:07,016 [main] INFO  server.RaftServerConfigKeys (ConfUtils.java:logGet(46)) - raft.server.rpc.request.timeout = 60s (custom)
2024-01-17 07:57:07,016 [main] INFO  grpc.GrpcConfigKeys (ConfUtils.java:logGet(46)) - raft.grpc.server.heartbeat.channel = true (default)
2024-01-17 07:57:07,016 [main] INFO  grpc.GrpcConfigKeys (ConfUtils.java:logGet(46)) - raft.grpc.server.async.request.thread.pool.cached = true (default)
2024-01-17 07:57:07,016 [main] INFO  grpc.GrpcConfigKeys (ConfUtils.java:logGet(46)) - raft.grpc.server.async.request.thread.pool.size = 32 (default)
2024-01-17 07:57:07,018 [main] INFO  impl.DataStreamServerImpl (ConfUtils.java:logGet(46)) - raft.datastream.type = NETTY (custom)
2024-01-17 07:57:07,019 [main] INFO  server.RaftServerConfigKeys (ConfUtils.java:logGet(46)) - raft.server.data-stream.async.request.thread.pool.cached = false (default)
2024-01-17 07:57:07,019 [main] INFO  server.RaftServerConfigKeys (ConfUtils.java:logGet(46)) - raft.server.data-stream.async.request.thread.pool.size = 20 (custom)
2024-01-17 07:57:07,019 [main] INFO  server.RaftServerConfigKeys (ConfUtils.java:logGet(46)) - raft.server.data-stream.async.write.thread.pool.size = 16 (default)
2024-01-17 07:57:07,019 [main] INFO  netty.NettyConfigKeys$DataStream (ConfUtils.java:logGet(46)) - raft.netty.dataStream.server.channel.inactive.grace-period = 10min (default)
2024-01-17 07:57:07,019 [main] INFO  server.RaftServerConfigKeys (ConfUtils.java:logGet(46)) - raft.server.data-stream.client.pool.size = 10 (default)
2024-01-17 07:57:07,020 [main] INFO  netty.NettyConfigKeys$DataStream (ConfUtils.java:logGet(46)) - raft.netty.dataStream.server.use-epoll = true (default)
2024-01-17 07:57:07,020 [main] INFO  netty.NettyConfigKeys$DataStream (ConfUtils.java:logGet(46)) - raft.netty.dataStream.server.boss-group.size = 0 (default)
2024-01-17 07:57:07,020 [main] INFO  netty.NettyUtils (NettyUtils.java:newEventLoopGroup(69)) - Create EpollEventLoopGroup for eb5c9b0d-19e6-4136-9089-8a3b0879ad33-NettyServerStreamRpc-bossGroup; Thread size is 0.
2024-01-17 07:57:07,020 [main] INFO  netty.NettyConfigKeys$DataStream (ConfUtils.java:logGet(46)) - raft.netty.dataStream.server.worker-group.size = 0 (default)
2024-01-17 07:57:07,020 [main] INFO  netty.NettyUtils (NettyUtils.java:newEventLoopGroup(69)) - Create EpollEventLoopGroup for eb5c9b0d-19e6-4136-9089-8a3b0879ad33-NettyServerStreamRpc-workerGroup; Thread size is 0.
2024-01-17 07:57:07,021 [main] INFO  netty.NettyConfigKeys$DataStream (ConfUtils.java:logGet(46)) - raft.netty.dataStream.server.tls.conf = null (default)
2024-01-17 07:57:07,021 [main] INFO  netty.NettyConfigKeys$DataStream (ConfUtils.java:logGet(46)) - raft.netty.dataStream.host = null (default)
2024-01-17 07:57:07,021 [main] INFO  netty.NettyConfigKeys$DataStream (ConfUtils.java:logGet(46)) - raft.netty.dataStream.port = 15069 (custom)
2024-01-17 07:57:07,022 [main] INFO  server.RaftServerConfigKeys (ConfUtils.java:logGet(46)) - raft.server.sleep.deviation.threshold = 300ms (default)
2024-01-17 07:57:07,022 [main] INFO  server.RaftServerConfigKeys (ConfUtils.java:logGet(46)) - raft.server.close.threshold = 60s (default)
2024-01-17 07:57:07,022 [main] INFO  server.RaftServerConfigKeys (ConfUtils.java:logGet(46)) - raft.server.leaderelection.leader.step-down.wait-time = 10s (default)
2024-01-17 07:57:07,023 [main] INFO  server.RaftServerConfigKeys (ConfUtils.java:logGet(46)) - raft.server.storage.dir = [/home/runner/work/ozone/ozone/hadoop-ozone/integration-test/target/test-dir/MiniOzoneClusterImpl-df80a8b8-78a2-47d1-a2cb-ee48e7cc81f7/datanode-6/data/ratis] (custom)
2024-01-17 07:57:07,023 [main] INFO  server.RaftServerConfigKeys (ConfUtils.java:logGet(46)) - raft.server.threadpool.proxy.cached = true (default)
2024-01-17 07:57:07,023 [main] INFO  server.RaftServerConfigKeys (ConfUtils.java:logGet(46)) - raft.server.threadpool.proxy.size = 0 (default)
2024-01-17 07:57:07,023 [eb5c9b0d-19e6-4136-9089-8a3b0879ad33-NettyServerStreamRpc-bossGroup--thread1] INFO  logging.LoggingHandler (AbstractInternalLogger.java:log(148)) - [id: 0xf2eda103] REGISTERED
2024-01-17 07:57:07,024 [eb5c9b0d-19e6-4136-9089-8a3b0879ad33-NettyServerStreamRpc-bossGroup--thread1] INFO  logging.LoggingHandler (AbstractInternalLogger.java:log(148)) - [id: 0xf2eda103] BIND: 0.0.0.0/0.0.0.0:15069
2024-01-17 07:57:07,024 [eb5c9b0d-19e6-4136-9089-8a3b0879ad33-NettyServerStreamRpc-bossGroup--thread1] INFO  logging.LoggingHandler (AbstractInternalLogger.java:log(148)) - [id: 0xf2eda103, L:/0.0.0.0:15069] ACTIVE
2024-01-17 07:57:07,024 [eb5c9b0d-19e6-4136-9089-8a3b0879ad33-impl-thread1] INFO  server.RaftServer (RaftServerProxy.java:initGroupDir(264)) - eb5c9b0d-19e6-4136-9089-8a3b0879ad33: found a subdirectory /home/runner/work/ozone/ozone/hadoop-ozone/integration-test/target/test-dir/MiniOzoneClusterImpl-df80a8b8-78a2-47d1-a2cb-ee48e7cc81f7/datanode-6/data/ratis/tmp
2024-01-17 07:57:07,025 [eb5c9b0d-19e6-4136-9089-8a3b0879ad33-impl-thread1] INFO  server.RaftServer (RaftServerProxy.java:initGroupDir(269)) - eb5c9b0d-19e6-4136-9089-8a3b0879ad33: The directory /home/runner/work/ozone/ozone/hadoop-ozone/integration-test/target/test-dir/MiniOzoneClusterImpl-df80a8b8-78a2-47d1-a2cb-ee48e7cc81f7/datanode-6/data/ratis/tmp is not a group directory; ignoring it. 
2024-01-17 07:57:07,025 [main] INFO  replication.ReplicationServer (ReplicationServer.java:<init>(85)) - Initializing replication server with thread count = 10 queue length = 4096
2024-01-17 07:57:07,026 [main] INFO  server.XceiverServerGrpc (XceiverServerGrpc.java:<init>(141)) - GrpcServer channel type EpollServerSocketChannel
2024-01-17 07:57:07,028 [main] INFO  replication.ReplicationSupervisor (ReplicationSupervisor.java:build(163)) - Initializing replication supervisor with thread count = 10
2024-01-17 07:57:07,028 [main] INFO  replication.ReplicationSupervisor (ReplicationSupervisor.java:nodeStateUpdated(317)) - Node state updated to IN_SERVICE, scaling executor pool size to 10
2024-01-17 07:57:07,030 [main] INFO  http.BaseHttpServer (BaseHttpServer.java:newHttpServer2BuilderForOzone(223)) - Starting Web-server for hddsDatanode at: http://0.0.0.0:15063
2024-01-17 07:57:07,030 [main] INFO  http.BaseHttpServer (BaseHttpServer.java:<init>(110)) - Hadoop Security Enabled: false Ozone Security Enabled: false Ozone HTTP Security Enabled: false 
2024-01-17 07:57:07,032 [main] WARN  server.AuthenticationFilter (AuthenticationFilter.java:constructSecretProvider(240)) - Unable to initialize FileSignerSecretProvider, falling back to use random secrets. Reason: Could not read signature secret file: /home/runner/hadoop-http-auth-signature-secret
2024-01-17 07:57:07,035 [main] INFO  http.HttpRequestLog (HttpRequestLog.java:getRequestLog(86)) - Http request log for http.requests.hddsDatanode is not defined
2024-01-17 07:57:07,037 [main] INFO  http.HttpServer2 (HttpServer2.java:addGlobalFilter(1036)) - Added global filter 'safety' (class=org.apache.hadoop.hdds.server.http.HttpServer2$QuotingInputFilter)
2024-01-17 07:57:07,038 [main] INFO  http.HttpServer2 (HttpServer2.java:addFilter(1012)) - Added filter static_user_filter (class=org.apache.hadoop.http.lib.StaticUserWebFilter$StaticUserFilter) to context hddsDatanode
2024-01-17 07:57:07,038 [main] INFO  http.HttpServer2 (HttpServer2.java:addFilter(1020)) - Added filter static_user_filter (class=org.apache.hadoop.http.lib.StaticUserWebFilter$StaticUserFilter) to context logs
2024-01-17 07:57:07,038 [main] INFO  http.HttpServer2 (HttpServer2.java:addFilter(1020)) - Added filter static_user_filter (class=org.apache.hadoop.http.lib.StaticUserWebFilter$StaticUserFilter) to context static
2024-01-17 07:57:07,039 [main] INFO  http.BaseHttpServer (BaseHttpServer.java:<init>(189)) - HTTP server of hddsDatanode uses base directory /home/runner/work/ozone/ozone/hadoop-ozone/integration-test/target/test-dir/MiniOzoneClusterImpl-df80a8b8-78a2-47d1-a2cb-ee48e7cc81f7/datanode-6/meta/webserver
2024-01-17 07:57:07,039 [main] INFO  http.HttpServer2 (HttpServer2.java:bindListener(1236)) - Jetty bound to port 15063
2024-01-17 07:57:07,039 [main] INFO  server.Server (Server.java:doStart(375)) - jetty-9.4.53.v20231009; built: 2023-10-09T12:29:09.265Z; git: 27bde00a0b95a1d5bbee0eae7984f891d2d0f8c9; jvm 1.8.0_392-b08
2024-01-17 07:57:07,040 [main] INFO  server.session (DefaultSessionIdManager.java:doStart(334)) - DefaultSessionIdManager workerName=node0
2024-01-17 07:57:07,040 [main] INFO  server.session (DefaultSessionIdManager.java:doStart(339)) - No SessionScavenger set, using defaults
2024-01-17 07:57:07,040 [main] INFO  server.session (HouseKeeper.java:startScavenging(132)) - node0 Scavenging every 660000ms
2024-01-17 07:57:07,043 [main] INFO  handler.ContextHandler (ContextHandler.java:doStart(921)) - Started o.e.j.s.ServletContextHandler@752f0fa6{logs,/logs,file:///home/runner/work/ozone/ozone/hadoop-ozone/integration-test/target/log,AVAILABLE}
2024-01-17 07:57:07,043 [main] INFO  handler.ContextHandler (ContextHandler.java:doStart(921)) - Started o.e.j.s.ServletContextHandler@19380c83{static,/static,jar:file:/home/runner/.m2/repository/org/apache/ozone/hdds-container-service/1.5.0-SNAPSHOT/hdds-container-service-1.5.0-SNAPSHOT.jar!/webapps/static,AVAILABLE}
2024-01-17 07:57:07,085 [main] INFO  handler.ContextHandler (ContextHandler.java:doStart(921)) - Started o.e.j.w.WebAppContext@6faf6f38{hddsDatanode,/,file:///home/runner/work/ozone/ozone/hadoop-ozone/integration-test/target/test-dir/MiniOzoneClusterImpl-df80a8b8-78a2-47d1-a2cb-ee48e7cc81f7/datanode-6/meta/webserver/jetty-0_0_0_0-15063-hdds-container-service-1_5_0-SNAPSHOT_jar-_-any-2804270521663880054/webapp/,AVAILABLE}{jar:file:/home/runner/.m2/repository/org/apache/ozone/hdds-container-service/1.5.0-SNAPSHOT/hdds-container-service-1.5.0-SNAPSHOT.jar!/webapps/hddsDatanode}
2024-01-17 07:57:07,112 [main] INFO  server.AbstractConnector (AbstractConnector.java:doStart(333)) - Started ServerConnector@5b031055{HTTP/1.1, (http/1.1)}{0.0.0.0:15063}
2024-01-17 07:57:07,112 [main] INFO  server.Server (Server.java:doStart(415)) - Started @7715ms
2024-01-17 07:57:07,112 [main] WARN  impl.MetricsSystemImpl (MetricsSystemImpl.java:register(279)) - Sink prometheus already exists!
2024-01-17 07:57:07,113 [main] INFO  http.BaseHttpServer (BaseHttpServer.java:updateConnectorAddress(354)) - HTTP server of hddsDatanode listening at http://0.0.0.0:15063
2024-01-17 07:57:07,113 [main] INFO  ipc.CallQueueManager (CallQueueManager.java:<init>(90)) - Using callQueue: class java.util.concurrent.LinkedBlockingQueue, queueCapacity: 100, scheduler: class org.apache.hadoop.ipc.DefaultRpcScheduler, ipcBackoff: false.
2024-01-17 07:57:07,114 [main] INFO  ipc.Server (Server.java:<init>(1287)) - Listener at 0.0.0.0:15064
2024-01-17 07:57:07,114 [Socket Reader #1 for port 15064] INFO  ipc.Server (Server.java:run(1323)) - Starting Socket Reader #1 for port 15064
2024-01-17 07:57:07,117 [main] INFO  ozone.HddsDatanodeService (HddsDatanodeService.java:start(324)) - Datanode start with admins: [runner]
2024-01-17 07:57:07,117 [main] INFO  ozone.HddsDatanodeClientProtocolServer (HddsDatanodeClientProtocolServer.java:start(72)) - RPC server for Client /0.0.0.0:15064
2024-01-17 07:57:07,117 [IPC Server Responder] INFO  ipc.Server (Server.java:run(1562)) - IPC Server Responder: starting
2024-01-17 07:57:07,117 [IPC Server listener on 15064] INFO  ipc.Server (Server.java:run(1402)) - IPC Server listener on 15064: starting
2024-01-17 07:57:07,119 [eb5c9b0d-19e6-4136-9089-8a3b0879ad33-DatanodeStateMachineDaemonThread] INFO  statemachine.DatanodeStateMachine (DatanodeStateMachine.java:lambda$startDaemon$1(555)) - Ozone container server started.
2024-01-17 07:57:07,120 [main] WARN  dropwizard3.Dm3MetricRegistriesImpl (Dm3MetricRegistriesImpl.java:addReporterRegistration(113)) - New reporters are added after registries were created. Some metrics will be missing from the reporter. Please add reporter before adding any new registry.
2024-01-17 07:57:07,121 [main] WARN  dropwizard3.Dm3MetricRegistriesImpl (Dm3MetricRegistriesImpl.java:addReporterRegistration(113)) - New reporters are added after registries were created. Some metrics will be missing from the reporter. Please add reporter before adding any new registry.
2024-01-17 07:57:07,121 [main] INFO  impl.MetricsSystemImpl (MetricsSystemImpl.java:init(158)) - HddsDatanode metrics system started (again)
2024-01-17 07:57:07,126 [eb5c9b0d-19e6-4136-9089-8a3b0879ad33-DatanodeStateMachineTaskThread-0] INFO  datanode.InitDatanodeState (InitDatanodeState.java:persistContainerDatanodeDetails(139)) - DatanodeDetails is persisted to /home/runner/work/ozone/ozone/hadoop-ozone/integration-test/target/test-dir/MiniOzoneClusterImpl-df80a8b8-78a2-47d1-a2cb-ee48e7cc81f7/datanode-6/meta/datanode.id
2024-01-17 07:57:07,131 [main] INFO  ozone.HddsDatanodeService (HddsDatanodeService.java:start(239)) - HddsDatanodeService host:fv-az1531-837.hsxikm2gdrvudnct5jqc1oiugc.ex.internal.cloudapp.net ip:10.1.0.6
2024-01-17 07:57:07,154 [main] INFO  upgrade.AbstractLayoutVersionManager (AbstractLayoutVersionManager.java:init(83)) - Initializing Layout version manager with metadata layout = HADOOP_PRC_PORTS_IN_DATANODEDETAILS (version = 7), software layout = HADOOP_PRC_PORTS_IN_DATANODEDETAILS (version = 7)
2024-01-17 07:57:07,154 [main] INFO  statemachine.DatanodeStateMachine (DatanodeStateMachine.java:getEndPointTaskThreadPoolSize(299)) - Datanode State Machine Task Thread Pool size 2
2024-01-17 07:57:07,156 [main] INFO  volume.HddsVolume (HddsVolume.java:<init>(125)) - Creating HddsVolume: /home/runner/work/ozone/ozone/hadoop-ozone/integration-test/target/test-dir/MiniOzoneClusterImpl-df80a8b8-78a2-47d1-a2cb-ee48e7cc81f7/datanode-7/data-0/containers/hdds of storage type : DISK capacity : 9223372036854775807
2024-01-17 07:57:07,156 [main] INFO  volume.MutableVolumeSet (MutableVolumeSet.java:initializeVolumeSet(173)) - Added Volume : /home/runner/work/ozone/ozone/hadoop-ozone/integration-test/target/test-dir/MiniOzoneClusterImpl-df80a8b8-78a2-47d1-a2cb-ee48e7cc81f7/datanode-7/data-0/containers/hdds to VolumeSet
2024-01-17 07:57:07,158 [main] INFO  volume.MutableVolumeSet (MutableVolumeSet.java:initializeVolumeSet(173)) - Added Volume : /home/runner/work/ozone/ozone/hadoop-ozone/integration-test/target/test-dir/MiniOzoneClusterImpl-df80a8b8-78a2-47d1-a2cb-ee48e7cc81f7/datanode-7/data/ratis to VolumeSet
2024-01-17 07:57:07,158 [main] INFO  ozoneimpl.OzoneContainer (HddsVolumeUtil.java:loadAllHddsVolumeDbStore(103)) - Load 1 volumes DbStore cost: 0ms
2024-01-17 07:57:07,159 [bdef3149-2cc3-439b-89a6-09b93146a606-ContainerReader-0] INFO  ozoneimpl.ContainerReader (ContainerReader.java:readVolume(178)) - Finish verifying containers on volume /home/runner/work/ozone/ozone/hadoop-ozone/integration-test/target/test-dir/MiniOzoneClusterImpl-df80a8b8-78a2-47d1-a2cb-ee48e7cc81f7/datanode-7/data-0/containers/hdds
2024-01-17 07:57:07,159 [main] INFO  ozoneimpl.OzoneContainer (OzoneContainer.java:buildContainerSet(328)) - Build ContainerSet costs 0s
2024-01-17 07:57:07,161 [main] INFO  server.RaftServer (ConfUtils.java:logGet(46)) - raft.rpc.type = GRPC (default)
2024-01-17 07:57:07,162 [main] INFO  grpc.GrpcConfigKeys (ConfUtils.java:logFallback(53)) - raft.grpc.admin.host = null (fallback to raft.grpc.server.host)
2024-01-17 07:57:07,162 [main] INFO  grpc.GrpcConfigKeys (ConfUtils.java:logGet(46)) - raft.grpc.admin.port = 15076 (custom)
2024-01-17 07:57:07,162 [main] INFO  grpc.GrpcConfigKeys (ConfUtils.java:logFallback(53)) - raft.grpc.client.host = null (fallback to raft.grpc.server.host)
2024-01-17 07:57:07,162 [main] INFO  grpc.GrpcConfigKeys (ConfUtils.java:logGet(46)) - raft.grpc.client.port = 15075 (custom)
2024-01-17 07:57:07,162 [main] INFO  grpc.GrpcConfigKeys (ConfUtils.java:logGet(46)) - raft.grpc.server.host = null (default)
2024-01-17 07:57:07,163 [main] INFO  grpc.GrpcConfigKeys (ConfUtils.java:logGet(46)) - raft.grpc.server.port = 15077 (custom)
2024-01-17 07:57:07,163 [main] INFO  server.GrpcService (ConfUtils.java:logGet(46)) - raft.grpc.message.size.max = 32MB (=33554432) (custom)
2024-01-17 07:57:07,163 [main] INFO  server.RaftServerConfigKeys (ConfUtils.java:logGet(46)) - raft.server.log.appender.buffer.byte-limit = 8388608 (custom)
2024-01-17 07:57:07,163 [main] INFO  server.GrpcService (ConfUtils.java:logGet(46)) - raft.grpc.flow.control.window = 5MB (=5242880) (custom)
2024-01-17 07:57:07,163 [main] INFO  server.RaftServerConfigKeys (ConfUtils.java:logGet(46)) - raft.server.rpc.request.timeout = 60s (custom)
2024-01-17 07:57:07,163 [main] INFO  grpc.GrpcConfigKeys (ConfUtils.java:logGet(46)) - raft.grpc.server.heartbeat.channel = true (default)
2024-01-17 07:57:07,164 [main] INFO  grpc.GrpcConfigKeys (ConfUtils.java:logGet(46)) - raft.grpc.server.async.request.thread.pool.cached = true (default)
2024-01-17 07:57:07,164 [main] INFO  grpc.GrpcConfigKeys (ConfUtils.java:logGet(46)) - raft.grpc.server.async.request.thread.pool.size = 32 (default)
2024-01-17 07:57:07,166 [main] INFO  impl.DataStreamServerImpl (ConfUtils.java:logGet(46)) - raft.datastream.type = NETTY (custom)
2024-01-17 07:57:07,167 [main] INFO  server.RaftServerConfigKeys (ConfUtils.java:logGet(46)) - raft.server.data-stream.async.request.thread.pool.cached = false (default)
2024-01-17 07:57:07,167 [main] INFO  server.RaftServerConfigKeys (ConfUtils.java:logGet(46)) - raft.server.data-stream.async.request.thread.pool.size = 20 (custom)
2024-01-17 07:57:07,167 [main] INFO  server.RaftServerConfigKeys (ConfUtils.java:logGet(46)) - raft.server.data-stream.async.write.thread.pool.size = 16 (default)
2024-01-17 07:57:07,167 [main] INFO  netty.NettyConfigKeys$DataStream (ConfUtils.java:logGet(46)) - raft.netty.dataStream.server.channel.inactive.grace-period = 10min (default)
2024-01-17 07:57:07,168 [main] INFO  server.RaftServerConfigKeys (ConfUtils.java:logGet(46)) - raft.server.data-stream.client.pool.size = 10 (default)
2024-01-17 07:57:07,168 [main] INFO  netty.NettyConfigKeys$DataStream (ConfUtils.java:logGet(46)) - raft.netty.dataStream.server.use-epoll = true (default)
2024-01-17 07:57:07,168 [main] INFO  netty.NettyConfigKeys$DataStream (ConfUtils.java:logGet(46)) - raft.netty.dataStream.server.boss-group.size = 0 (default)
2024-01-17 07:57:07,168 [main] INFO  netty.NettyUtils (NettyUtils.java:newEventLoopGroup(69)) - Create EpollEventLoopGroup for bdef3149-2cc3-439b-89a6-09b93146a606-NettyServerStreamRpc-bossGroup; Thread size is 0.
2024-01-17 07:57:07,169 [main] INFO  netty.NettyConfigKeys$DataStream (ConfUtils.java:logGet(46)) - raft.netty.dataStream.server.worker-group.size = 0 (default)
2024-01-17 07:57:07,169 [main] INFO  netty.NettyUtils (NettyUtils.java:newEventLoopGroup(69)) - Create EpollEventLoopGroup for bdef3149-2cc3-439b-89a6-09b93146a606-NettyServerStreamRpc-workerGroup; Thread size is 0.
2024-01-17 07:57:07,170 [main] INFO  netty.NettyConfigKeys$DataStream (ConfUtils.java:logGet(46)) - raft.netty.dataStream.server.tls.conf = null (default)
2024-01-17 07:57:07,170 [main] INFO  netty.NettyConfigKeys$DataStream (ConfUtils.java:logGet(46)) - raft.netty.dataStream.host = null (default)
2024-01-17 07:57:07,170 [main] INFO  netty.NettyConfigKeys$DataStream (ConfUtils.java:logGet(46)) - raft.netty.dataStream.port = 15078 (custom)
2024-01-17 07:57:07,171 [main] INFO  server.RaftServerConfigKeys (ConfUtils.java:logGet(46)) - raft.server.sleep.deviation.threshold = 300ms (default)
2024-01-17 07:57:07,175 [main] INFO  server.RaftServerConfigKeys (ConfUtils.java:logGet(46)) - raft.server.close.threshold = 60s (default)
2024-01-17 07:57:07,175 [bdef3149-2cc3-439b-89a6-09b93146a606-NettyServerStreamRpc-bossGroup--thread1] INFO  logging.LoggingHandler (AbstractInternalLogger.java:log(148)) - [id: 0x6d64490c] REGISTERED
2024-01-17 07:57:07,176 [bdef3149-2cc3-439b-89a6-09b93146a606-NettyServerStreamRpc-bossGroup--thread1] INFO  logging.LoggingHandler (AbstractInternalLogger.java:log(148)) - [id: 0x6d64490c] BIND: 0.0.0.0/0.0.0.0:15078
2024-01-17 07:57:07,176 [main] INFO  server.RaftServerConfigKeys (ConfUtils.java:logGet(46)) - raft.server.leaderelection.leader.step-down.wait-time = 10s (default)
2024-01-17 07:57:07,176 [bdef3149-2cc3-439b-89a6-09b93146a606-NettyServerStreamRpc-bossGroup--thread1] INFO  logging.LoggingHandler (AbstractInternalLogger.java:log(148)) - [id: 0x6d64490c, L:/0.0.0.0:15078] ACTIVE
2024-01-17 07:57:07,177 [main] INFO  server.RaftServerConfigKeys (ConfUtils.java:logGet(46)) - raft.server.storage.dir = [/home/runner/work/ozone/ozone/hadoop-ozone/integration-test/target/test-dir/MiniOzoneClusterImpl-df80a8b8-78a2-47d1-a2cb-ee48e7cc81f7/datanode-7/data/ratis] (custom)
2024-01-17 07:57:07,177 [main] INFO  server.RaftServerConfigKeys (ConfUtils.java:logGet(46)) - raft.server.threadpool.proxy.cached = true (default)
2024-01-17 07:57:07,177 [main] INFO  server.RaftServerConfigKeys (ConfUtils.java:logGet(46)) - raft.server.threadpool.proxy.size = 0 (default)
2024-01-17 07:57:07,177 [bdef3149-2cc3-439b-89a6-09b93146a606-impl-thread1] INFO  server.RaftServer (RaftServerProxy.java:initGroupDir(264)) - bdef3149-2cc3-439b-89a6-09b93146a606: found a subdirectory /home/runner/work/ozone/ozone/hadoop-ozone/integration-test/target/test-dir/MiniOzoneClusterImpl-df80a8b8-78a2-47d1-a2cb-ee48e7cc81f7/datanode-7/data/ratis/tmp
2024-01-17 07:57:07,177 [bdef3149-2cc3-439b-89a6-09b93146a606-impl-thread1] INFO  server.RaftServer (RaftServerProxy.java:initGroupDir(269)) - bdef3149-2cc3-439b-89a6-09b93146a606: The directory /home/runner/work/ozone/ozone/hadoop-ozone/integration-test/target/test-dir/MiniOzoneClusterImpl-df80a8b8-78a2-47d1-a2cb-ee48e7cc81f7/datanode-7/data/ratis/tmp is not a group directory; ignoring it. 
2024-01-17 07:57:07,178 [main] INFO  replication.ReplicationServer (ReplicationServer.java:<init>(85)) - Initializing replication server with thread count = 10 queue length = 4096
2024-01-17 07:57:07,180 [main] INFO  server.XceiverServerGrpc (XceiverServerGrpc.java:<init>(141)) - GrpcServer channel type EpollServerSocketChannel
2024-01-17 07:57:07,182 [main] INFO  replication.ReplicationSupervisor (ReplicationSupervisor.java:build(163)) - Initializing replication supervisor with thread count = 10
2024-01-17 07:57:07,182 [main] INFO  replication.ReplicationSupervisor (ReplicationSupervisor.java:nodeStateUpdated(317)) - Node state updated to IN_SERVICE, scaling executor pool size to 10
2024-01-17 07:57:07,187 [main] INFO  http.BaseHttpServer (BaseHttpServer.java:newHttpServer2BuilderForOzone(223)) - Starting Web-server for hddsDatanode at: http://0.0.0.0:15072
2024-01-17 07:57:07,187 [main] INFO  http.BaseHttpServer (BaseHttpServer.java:<init>(110)) - Hadoop Security Enabled: false Ozone Security Enabled: false Ozone HTTP Security Enabled: false 
2024-01-17 07:57:07,189 [main] WARN  server.AuthenticationFilter (AuthenticationFilter.java:constructSecretProvider(240)) - Unable to initialize FileSignerSecretProvider, falling back to use random secrets. Reason: Could not read signature secret file: /home/runner/hadoop-http-auth-signature-secret
2024-01-17 07:57:07,190 [main] INFO  http.HttpRequestLog (HttpRequestLog.java:getRequestLog(86)) - Http request log for http.requests.hddsDatanode is not defined
2024-01-17 07:57:07,191 [main] INFO  http.HttpServer2 (HttpServer2.java:addGlobalFilter(1036)) - Added global filter 'safety' (class=org.apache.hadoop.hdds.server.http.HttpServer2$QuotingInputFilter)
2024-01-17 07:57:07,192 [main] INFO  http.HttpServer2 (HttpServer2.java:addFilter(1012)) - Added filter static_user_filter (class=org.apache.hadoop.http.lib.StaticUserWebFilter$StaticUserFilter) to context hddsDatanode
2024-01-17 07:57:07,192 [main] INFO  http.HttpServer2 (HttpServer2.java:addFilter(1020)) - Added filter static_user_filter (class=org.apache.hadoop.http.lib.StaticUserWebFilter$StaticUserFilter) to context logs
2024-01-17 07:57:07,192 [main] INFO  http.HttpServer2 (HttpServer2.java:addFilter(1020)) - Added filter static_user_filter (class=org.apache.hadoop.http.lib.StaticUserWebFilter$StaticUserFilter) to context static
2024-01-17 07:57:07,193 [main] INFO  http.BaseHttpServer (BaseHttpServer.java:<init>(189)) - HTTP server of hddsDatanode uses base directory /home/runner/work/ozone/ozone/hadoop-ozone/integration-test/target/test-dir/MiniOzoneClusterImpl-df80a8b8-78a2-47d1-a2cb-ee48e7cc81f7/datanode-7/meta/webserver
2024-01-17 07:57:07,193 [main] INFO  http.HttpServer2 (HttpServer2.java:bindListener(1236)) - Jetty bound to port 15072
2024-01-17 07:57:07,193 [main] INFO  server.Server (Server.java:doStart(375)) - jetty-9.4.53.v20231009; built: 2023-10-09T12:29:09.265Z; git: 27bde00a0b95a1d5bbee0eae7984f891d2d0f8c9; jvm 1.8.0_392-b08
2024-01-17 07:57:07,194 [main] INFO  server.session (DefaultSessionIdManager.java:doStart(334)) - DefaultSessionIdManager workerName=node0
2024-01-17 07:57:07,194 [main] INFO  server.session (DefaultSessionIdManager.java:doStart(339)) - No SessionScavenger set, using defaults
2024-01-17 07:57:07,194 [main] INFO  server.session (HouseKeeper.java:startScavenging(132)) - node0 Scavenging every 660000ms
2024-01-17 07:57:07,195 [main] INFO  handler.ContextHandler (ContextHandler.java:doStart(921)) - Started o.e.j.s.ServletContextHandler@86173a0{logs,/logs,file:///home/runner/work/ozone/ozone/hadoop-ozone/integration-test/target/log,AVAILABLE}
2024-01-17 07:57:07,195 [main] INFO  handler.ContextHandler (ContextHandler.java:doStart(921)) - Started o.e.j.s.ServletContextHandler@28e12c6{static,/static,jar:file:/home/runner/.m2/repository/org/apache/ozone/hdds-container-service/1.5.0-SNAPSHOT/hdds-container-service-1.5.0-SNAPSHOT.jar!/webapps/static,AVAILABLE}
2024-01-17 07:57:07,229 [main] INFO  handler.ContextHandler (ContextHandler.java:doStart(921)) - Started o.e.j.w.WebAppContext@37b27c83{hddsDatanode,/,file:///home/runner/work/ozone/ozone/hadoop-ozone/integration-test/target/test-dir/MiniOzoneClusterImpl-df80a8b8-78a2-47d1-a2cb-ee48e7cc81f7/datanode-7/meta/webserver/jetty-0_0_0_0-15072-hdds-container-service-1_5_0-SNAPSHOT_jar-_-any-1974866426807055738/webapp/,AVAILABLE}{jar:file:/home/runner/.m2/repository/org/apache/ozone/hdds-container-service/1.5.0-SNAPSHOT/hdds-container-service-1.5.0-SNAPSHOT.jar!/webapps/hddsDatanode}
2024-01-17 07:57:07,231 [main] INFO  server.AbstractConnector (AbstractConnector.java:doStart(333)) - Started ServerConnector@6625d4aa{HTTP/1.1, (http/1.1)}{0.0.0.0:15072}
2024-01-17 07:57:07,231 [main] INFO  server.Server (Server.java:doStart(415)) - Started @7833ms
2024-01-17 07:57:07,231 [main] WARN  impl.MetricsSystemImpl (MetricsSystemImpl.java:register(279)) - Sink prometheus already exists!
2024-01-17 07:57:07,231 [main] INFO  http.BaseHttpServer (BaseHttpServer.java:updateConnectorAddress(354)) - HTTP server of hddsDatanode listening at http://0.0.0.0:15072
2024-01-17 07:57:07,232 [main] INFO  ipc.CallQueueManager (CallQueueManager.java:<init>(90)) - Using callQueue: class java.util.concurrent.LinkedBlockingQueue, queueCapacity: 100, scheduler: class org.apache.hadoop.ipc.DefaultRpcScheduler, ipcBackoff: false.
2024-01-17 07:57:07,232 [main] INFO  ipc.Server (Server.java:<init>(1287)) - Listener at 0.0.0.0:15073
2024-01-17 07:57:07,232 [Socket Reader #1 for port 15073] INFO  ipc.Server (Server.java:run(1323)) - Starting Socket Reader #1 for port 15073
2024-01-17 07:57:07,235 [main] INFO  ozone.HddsDatanodeService (HddsDatanodeService.java:start(324)) - Datanode start with admins: [runner]
2024-01-17 07:57:07,235 [main] INFO  ozone.HddsDatanodeClientProtocolServer (HddsDatanodeClientProtocolServer.java:start(72)) - RPC server for Client /0.0.0.0:15073
2024-01-17 07:57:07,235 [IPC Server Responder] INFO  ipc.Server (Server.java:run(1562)) - IPC Server Responder: starting
2024-01-17 07:57:07,235 [IPC Server listener on 15073] INFO  ipc.Server (Server.java:run(1402)) - IPC Server listener on 15073: starting
2024-01-17 07:57:07,237 [bdef3149-2cc3-439b-89a6-09b93146a606-DatanodeStateMachineDaemonThread] INFO  statemachine.DatanodeStateMachine (DatanodeStateMachine.java:lambda$startDaemon$1(555)) - Ozone container server started.
2024-01-17 07:57:07,238 [main] WARN  dropwizard3.Dm3MetricRegistriesImpl (Dm3MetricRegistriesImpl.java:addReporterRegistration(113)) - New reporters are added after registries were created. Some metrics will be missing from the reporter. Please add reporter before adding any new registry.
2024-01-17 07:57:07,238 [main] WARN  dropwizard3.Dm3MetricRegistriesImpl (Dm3MetricRegistriesImpl.java:addReporterRegistration(113)) - New reporters are added after registries were created. Some metrics will be missing from the reporter. Please add reporter before adding any new registry.
2024-01-17 07:57:07,238 [main] INFO  impl.MetricsSystemImpl (MetricsSystemImpl.java:init(158)) - HddsDatanode metrics system started (again)
2024-01-17 07:57:07,242 [bdef3149-2cc3-439b-89a6-09b93146a606-DatanodeStateMachineTaskThread-0] INFO  datanode.InitDatanodeState (InitDatanodeState.java:persistContainerDatanodeDetails(139)) - DatanodeDetails is persisted to /home/runner/work/ozone/ozone/hadoop-ozone/integration-test/target/test-dir/MiniOzoneClusterImpl-df80a8b8-78a2-47d1-a2cb-ee48e7cc81f7/datanode-7/meta/datanode.id
2024-01-17 07:57:07,248 [main] INFO  ozone.HddsDatanodeService (HddsDatanodeService.java:start(239)) - HddsDatanodeService host:fv-az1531-837.hsxikm2gdrvudnct5jqc1oiugc.ex.internal.cloudapp.net ip:10.1.0.6
2024-01-17 07:57:07,266 [main] INFO  upgrade.AbstractLayoutVersionManager (AbstractLayoutVersionManager.java:init(83)) - Initializing Layout version manager with metadata layout = HADOOP_PRC_PORTS_IN_DATANODEDETAILS (version = 7), software layout = HADOOP_PRC_PORTS_IN_DATANODEDETAILS (version = 7)
2024-01-17 07:57:07,266 [main] INFO  statemachine.DatanodeStateMachine (DatanodeStateMachine.java:getEndPointTaskThreadPoolSize(299)) - Datanode State Machine Task Thread Pool size 2
2024-01-17 07:57:07,268 [main] INFO  volume.HddsVolume (HddsVolume.java:<init>(125)) - Creating HddsVolume: /home/runner/work/ozone/ozone/hadoop-ozone/integration-test/target/test-dir/MiniOzoneClusterImpl-df80a8b8-78a2-47d1-a2cb-ee48e7cc81f7/datanode-8/data-0/containers/hdds of storage type : DISK capacity : 9223372036854775807
2024-01-17 07:57:07,268 [main] INFO  volume.MutableVolumeSet (MutableVolumeSet.java:initializeVolumeSet(173)) - Added Volume : /home/runner/work/ozone/ozone/hadoop-ozone/integration-test/target/test-dir/MiniOzoneClusterImpl-df80a8b8-78a2-47d1-a2cb-ee48e7cc81f7/datanode-8/data-0/containers/hdds to VolumeSet
2024-01-17 07:57:07,269 [main] INFO  volume.MutableVolumeSet (MutableVolumeSet.java:initializeVolumeSet(173)) - Added Volume : /home/runner/work/ozone/ozone/hadoop-ozone/integration-test/target/test-dir/MiniOzoneClusterImpl-df80a8b8-78a2-47d1-a2cb-ee48e7cc81f7/datanode-8/data/ratis to VolumeSet
2024-01-17 07:57:07,270 [main] INFO  ozoneimpl.OzoneContainer (HddsVolumeUtil.java:loadAllHddsVolumeDbStore(103)) - Load 1 volumes DbStore cost: 1ms
2024-01-17 07:57:07,270 [497ccbea-d6cf-4731-95da-fa3df448bf79-ContainerReader-0] INFO  ozoneimpl.ContainerReader (ContainerReader.java:readVolume(178)) - Finish verifying containers on volume /home/runner/work/ozone/ozone/hadoop-ozone/integration-test/target/test-dir/MiniOzoneClusterImpl-df80a8b8-78a2-47d1-a2cb-ee48e7cc81f7/datanode-8/data-0/containers/hdds
2024-01-17 07:57:07,270 [main] INFO  ozoneimpl.OzoneContainer (OzoneContainer.java:buildContainerSet(328)) - Build ContainerSet costs 0s
2024-01-17 07:57:07,273 [main] INFO  server.RaftServer (ConfUtils.java:logGet(46)) - raft.rpc.type = GRPC (default)
2024-01-17 07:57:07,273 [main] INFO  grpc.GrpcConfigKeys (ConfUtils.java:logFallback(53)) - raft.grpc.admin.host = null (fallback to raft.grpc.server.host)
2024-01-17 07:57:07,273 [main] INFO  grpc.GrpcConfigKeys (ConfUtils.java:logGet(46)) - raft.grpc.admin.port = 15085 (custom)
2024-01-17 07:57:07,273 [main] INFO  grpc.GrpcConfigKeys (ConfUtils.java:logFallback(53)) - raft.grpc.client.host = null (fallback to raft.grpc.server.host)
2024-01-17 07:57:07,274 [main] INFO  grpc.GrpcConfigKeys (ConfUtils.java:logGet(46)) - raft.grpc.client.port = 15084 (custom)
2024-01-17 07:57:07,274 [main] INFO  grpc.GrpcConfigKeys (ConfUtils.java:logGet(46)) - raft.grpc.server.host = null (default)
2024-01-17 07:57:07,274 [main] INFO  grpc.GrpcConfigKeys (ConfUtils.java:logGet(46)) - raft.grpc.server.port = 15086 (custom)
2024-01-17 07:57:07,274 [main] INFO  server.GrpcService (ConfUtils.java:logGet(46)) - raft.grpc.message.size.max = 32MB (=33554432) (custom)
2024-01-17 07:57:07,275 [main] INFO  server.RaftServerConfigKeys (ConfUtils.java:logGet(46)) - raft.server.log.appender.buffer.byte-limit = 8388608 (custom)
2024-01-17 07:57:07,275 [main] INFO  server.GrpcService (ConfUtils.java:logGet(46)) - raft.grpc.flow.control.window = 5MB (=5242880) (custom)
2024-01-17 07:57:07,275 [main] INFO  server.RaftServerConfigKeys (ConfUtils.java:logGet(46)) - raft.server.rpc.request.timeout = 60s (custom)
2024-01-17 07:57:07,275 [main] INFO  grpc.GrpcConfigKeys (ConfUtils.java:logGet(46)) - raft.grpc.server.heartbeat.channel = true (default)
2024-01-17 07:57:07,275 [main] INFO  grpc.GrpcConfigKeys (ConfUtils.java:logGet(46)) - raft.grpc.server.async.request.thread.pool.cached = true (default)
2024-01-17 07:57:07,276 [main] INFO  grpc.GrpcConfigKeys (ConfUtils.java:logGet(46)) - raft.grpc.server.async.request.thread.pool.size = 32 (default)
2024-01-17 07:57:07,278 [main] INFO  impl.DataStreamServerImpl (ConfUtils.java:logGet(46)) - raft.datastream.type = NETTY (custom)
2024-01-17 07:57:07,278 [main] INFO  server.RaftServerConfigKeys (ConfUtils.java:logGet(46)) - raft.server.data-stream.async.request.thread.pool.cached = false (default)
2024-01-17 07:57:07,278 [main] INFO  server.RaftServerConfigKeys (ConfUtils.java:logGet(46)) - raft.server.data-stream.async.request.thread.pool.size = 20 (custom)
2024-01-17 07:57:07,279 [main] INFO  server.RaftServerConfigKeys (ConfUtils.java:logGet(46)) - raft.server.data-stream.async.write.thread.pool.size = 16 (default)
2024-01-17 07:57:07,279 [main] INFO  netty.NettyConfigKeys$DataStream (ConfUtils.java:logGet(46)) - raft.netty.dataStream.server.channel.inactive.grace-period = 10min (default)
2024-01-17 07:57:07,279 [main] INFO  server.RaftServerConfigKeys (ConfUtils.java:logGet(46)) - raft.server.data-stream.client.pool.size = 10 (default)
2024-01-17 07:57:07,279 [main] INFO  netty.NettyConfigKeys$DataStream (ConfUtils.java:logGet(46)) - raft.netty.dataStream.server.use-epoll = true (default)
2024-01-17 07:57:07,280 [main] INFO  netty.NettyConfigKeys$DataStream (ConfUtils.java:logGet(46)) - raft.netty.dataStream.server.boss-group.size = 0 (default)
2024-01-17 07:57:07,280 [main] INFO  netty.NettyUtils (NettyUtils.java:newEventLoopGroup(69)) - Create EpollEventLoopGroup for 497ccbea-d6cf-4731-95da-fa3df448bf79-NettyServerStreamRpc-bossGroup; Thread size is 0.
2024-01-17 07:57:07,280 [main] INFO  netty.NettyConfigKeys$DataStream (ConfUtils.java:logGet(46)) - raft.netty.dataStream.server.worker-group.size = 0 (default)
2024-01-17 07:57:07,280 [main] INFO  netty.NettyUtils (NettyUtils.java:newEventLoopGroup(69)) - Create EpollEventLoopGroup for 497ccbea-d6cf-4731-95da-fa3df448bf79-NettyServerStreamRpc-workerGroup; Thread size is 0.
2024-01-17 07:57:07,281 [main] INFO  netty.NettyConfigKeys$DataStream (ConfUtils.java:logGet(46)) - raft.netty.dataStream.server.tls.conf = null (default)
2024-01-17 07:57:07,281 [main] INFO  netty.NettyConfigKeys$DataStream (ConfUtils.java:logGet(46)) - raft.netty.dataStream.host = null (default)
2024-01-17 07:57:07,281 [main] INFO  netty.NettyConfigKeys$DataStream (ConfUtils.java:logGet(46)) - raft.netty.dataStream.port = 15087 (custom)
2024-01-17 07:57:07,282 [main] INFO  server.RaftServerConfigKeys (ConfUtils.java:logGet(46)) - raft.server.sleep.deviation.threshold = 300ms (default)
2024-01-17 07:57:07,283 [main] INFO  server.RaftServerConfigKeys (ConfUtils.java:logGet(46)) - raft.server.close.threshold = 60s (default)
2024-01-17 07:57:07,284 [main] INFO  server.RaftServerConfigKeys (ConfUtils.java:logGet(46)) - raft.server.leaderelection.leader.step-down.wait-time = 10s (default)
2024-01-17 07:57:07,284 [497ccbea-d6cf-4731-95da-fa3df448bf79-NettyServerStreamRpc-bossGroup--thread1] INFO  logging.LoggingHandler (AbstractInternalLogger.java:log(148)) - [id: 0x598b6a63] REGISTERED
2024-01-17 07:57:07,284 [main] INFO  server.RaftServerConfigKeys (ConfUtils.java:logGet(46)) - raft.server.storage.dir = [/home/runner/work/ozone/ozone/hadoop-ozone/integration-test/target/test-dir/MiniOzoneClusterImpl-df80a8b8-78a2-47d1-a2cb-ee48e7cc81f7/datanode-8/data/ratis] (custom)
2024-01-17 07:57:07,285 [main] INFO  server.RaftServerConfigKeys (ConfUtils.java:logGet(46)) - raft.server.threadpool.proxy.cached = true (default)
2024-01-17 07:57:07,285 [main] INFO  server.RaftServerConfigKeys (ConfUtils.java:logGet(46)) - raft.server.threadpool.proxy.size = 0 (default)
2024-01-17 07:57:07,285 [497ccbea-d6cf-4731-95da-fa3df448bf79-NettyServerStreamRpc-bossGroup--thread1] INFO  logging.LoggingHandler (AbstractInternalLogger.java:log(148)) - [id: 0x598b6a63] BIND: 0.0.0.0/0.0.0.0:15087
2024-01-17 07:57:07,285 [497ccbea-d6cf-4731-95da-fa3df448bf79-NettyServerStreamRpc-bossGroup--thread1] INFO  logging.LoggingHandler (AbstractInternalLogger.java:log(148)) - [id: 0x598b6a63, L:/0.0.0.0:15087] ACTIVE
2024-01-17 07:57:07,286 [497ccbea-d6cf-4731-95da-fa3df448bf79-impl-thread1] INFO  server.RaftServer (RaftServerProxy.java:initGroupDir(264)) - 497ccbea-d6cf-4731-95da-fa3df448bf79: found a subdirectory /home/runner/work/ozone/ozone/hadoop-ozone/integration-test/target/test-dir/MiniOzoneClusterImpl-df80a8b8-78a2-47d1-a2cb-ee48e7cc81f7/datanode-8/data/ratis/tmp
2024-01-17 07:57:07,286 [497ccbea-d6cf-4731-95da-fa3df448bf79-impl-thread1] INFO  server.RaftServer (RaftServerProxy.java:initGroupDir(269)) - 497ccbea-d6cf-4731-95da-fa3df448bf79: The directory /home/runner/work/ozone/ozone/hadoop-ozone/integration-test/target/test-dir/MiniOzoneClusterImpl-df80a8b8-78a2-47d1-a2cb-ee48e7cc81f7/datanode-8/data/ratis/tmp is not a group directory; ignoring it. 
2024-01-17 07:57:07,286 [main] INFO  replication.ReplicationServer (ReplicationServer.java:<init>(85)) - Initializing replication server with thread count = 10 queue length = 4096
2024-01-17 07:57:07,287 [main] INFO  server.XceiverServerGrpc (XceiverServerGrpc.java:<init>(141)) - GrpcServer channel type EpollServerSocketChannel
2024-01-17 07:57:07,289 [main] INFO  replication.ReplicationSupervisor (ReplicationSupervisor.java:build(163)) - Initializing replication supervisor with thread count = 10
2024-01-17 07:57:07,289 [main] INFO  replication.ReplicationSupervisor (ReplicationSupervisor.java:nodeStateUpdated(317)) - Node state updated to IN_SERVICE, scaling executor pool size to 10
2024-01-17 07:57:07,300 [main] INFO  http.BaseHttpServer (BaseHttpServer.java:newHttpServer2BuilderForOzone(223)) - Starting Web-server for hddsDatanode at: http://0.0.0.0:15081
2024-01-17 07:57:07,300 [main] INFO  http.BaseHttpServer (BaseHttpServer.java:<init>(110)) - Hadoop Security Enabled: false Ozone Security Enabled: false Ozone HTTP Security Enabled: false 
2024-01-17 07:57:07,303 [main] WARN  server.AuthenticationFilter (AuthenticationFilter.java:constructSecretProvider(240)) - Unable to initialize FileSignerSecretProvider, falling back to use random secrets. Reason: Could not read signature secret file: /home/runner/hadoop-http-auth-signature-secret
2024-01-17 07:57:07,304 [main] INFO  http.HttpRequestLog (HttpRequestLog.java:getRequestLog(86)) - Http request log for http.requests.hddsDatanode is not defined
2024-01-17 07:57:07,305 [main] INFO  http.HttpServer2 (HttpServer2.java:addGlobalFilter(1036)) - Added global filter 'safety' (class=org.apache.hadoop.hdds.server.http.HttpServer2$QuotingInputFilter)
2024-01-17 07:57:07,306 [main] INFO  http.HttpServer2 (HttpServer2.java:addFilter(1012)) - Added filter static_user_filter (class=org.apache.hadoop.http.lib.StaticUserWebFilter$StaticUserFilter) to context hddsDatanode
2024-01-17 07:57:07,306 [main] INFO  http.HttpServer2 (HttpServer2.java:addFilter(1020)) - Added filter static_user_filter (class=org.apache.hadoop.http.lib.StaticUserWebFilter$StaticUserFilter) to context static
2024-01-17 07:57:07,306 [main] INFO  http.HttpServer2 (HttpServer2.java:addFilter(1020)) - Added filter static_user_filter (class=org.apache.hadoop.http.lib.StaticUserWebFilter$StaticUserFilter) to context logs
2024-01-17 07:57:07,309 [main] INFO  http.BaseHttpServer (BaseHttpServer.java:<init>(189)) - HTTP server of hddsDatanode uses base directory /home/runner/work/ozone/ozone/hadoop-ozone/integration-test/target/test-dir/MiniOzoneClusterImpl-df80a8b8-78a2-47d1-a2cb-ee48e7cc81f7/datanode-8/meta/webserver
2024-01-17 07:57:07,309 [main] INFO  http.HttpServer2 (HttpServer2.java:bindListener(1236)) - Jetty bound to port 15081
2024-01-17 07:57:07,309 [main] INFO  server.Server (Server.java:doStart(375)) - jetty-9.4.53.v20231009; built: 2023-10-09T12:29:09.265Z; git: 27bde00a0b95a1d5bbee0eae7984f891d2d0f8c9; jvm 1.8.0_392-b08
2024-01-17 07:57:07,315 [main] INFO  server.session (DefaultSessionIdManager.java:doStart(334)) - DefaultSessionIdManager workerName=node0
2024-01-17 07:57:07,316 [main] INFO  server.session (DefaultSessionIdManager.java:doStart(339)) - No SessionScavenger set, using defaults
2024-01-17 07:57:07,316 [main] INFO  server.session (HouseKeeper.java:startScavenging(132)) - node0 Scavenging every 660000ms
2024-01-17 07:57:07,317 [main] INFO  handler.ContextHandler (ContextHandler.java:doStart(921)) - Started o.e.j.s.ServletContextHandler@499b6ed{logs,/logs,file:///home/runner/work/ozone/ozone/hadoop-ozone/integration-test/target/log,AVAILABLE}
2024-01-17 07:57:07,318 [main] INFO  handler.ContextHandler (ContextHandler.java:doStart(921)) - Started o.e.j.s.ServletContextHandler@aae2f9e{static,/static,jar:file:/home/runner/.m2/repository/org/apache/ozone/hdds-container-service/1.5.0-SNAPSHOT/hdds-container-service-1.5.0-SNAPSHOT.jar!/webapps/static,AVAILABLE}
2024-01-17 07:57:07,355 [main] INFO  handler.ContextHandler (ContextHandler.java:doStart(921)) - Started o.e.j.w.WebAppContext@3f7ec3ff{hddsDatanode,/,file:///home/runner/work/ozone/ozone/hadoop-ozone/integration-test/target/test-dir/MiniOzoneClusterImpl-df80a8b8-78a2-47d1-a2cb-ee48e7cc81f7/datanode-8/meta/webserver/jetty-0_0_0_0-15081-hdds-container-service-1_5_0-SNAPSHOT_jar-_-any-2039519353718181874/webapp/,AVAILABLE}{jar:file:/home/runner/.m2/repository/org/apache/ozone/hdds-container-service/1.5.0-SNAPSHOT/hdds-container-service-1.5.0-SNAPSHOT.jar!/webapps/hddsDatanode}
2024-01-17 07:57:07,357 [main] INFO  server.AbstractConnector (AbstractConnector.java:doStart(333)) - Started ServerConnector@cb5840f{HTTP/1.1, (http/1.1)}{0.0.0.0:15081}
2024-01-17 07:57:07,358 [main] INFO  server.Server (Server.java:doStart(415)) - Started @7960ms
2024-01-17 07:57:07,358 [main] WARN  impl.MetricsSystemImpl (MetricsSystemImpl.java:register(279)) - Sink prometheus already exists!
2024-01-17 07:57:07,358 [main] INFO  http.BaseHttpServer (BaseHttpServer.java:updateConnectorAddress(354)) - HTTP server of hddsDatanode listening at http://0.0.0.0:15081
2024-01-17 07:57:07,359 [main] INFO  ipc.CallQueueManager (CallQueueManager.java:<init>(90)) - Using callQueue: class java.util.concurrent.LinkedBlockingQueue, queueCapacity: 100, scheduler: class org.apache.hadoop.ipc.DefaultRpcScheduler, ipcBackoff: false.
2024-01-17 07:57:07,359 [main] INFO  ipc.Server (Server.java:<init>(1287)) - Listener at 0.0.0.0:15082
2024-01-17 07:57:07,359 [Socket Reader #1 for port 15082] INFO  ipc.Server (Server.java:run(1323)) - Starting Socket Reader #1 for port 15082
2024-01-17 07:57:07,365 [main] INFO  ozone.HddsDatanodeService (HddsDatanodeService.java:start(324)) - Datanode start with admins: [runner]
2024-01-17 07:57:07,365 [main] INFO  ozone.HddsDatanodeClientProtocolServer (HddsDatanodeClientProtocolServer.java:start(72)) - RPC server for Client /0.0.0.0:15082
2024-01-17 07:57:07,365 [IPC Server Responder] INFO  ipc.Server (Server.java:run(1562)) - IPC Server Responder: starting
2024-01-17 07:57:07,365 [IPC Server listener on 15082] INFO  ipc.Server (Server.java:run(1402)) - IPC Server listener on 15082: starting
2024-01-17 07:57:07,366 [497ccbea-d6cf-4731-95da-fa3df448bf79-DatanodeStateMachineDaemonThread] INFO  statemachine.DatanodeStateMachine (DatanodeStateMachine.java:lambda$startDaemon$1(555)) - Ozone container server started.
2024-01-17 07:57:07,366 [main] WARN  dropwizard3.Dm3MetricRegistriesImpl (Dm3MetricRegistriesImpl.java:addReporterRegistration(113)) - New reporters are added after registries were created. Some metrics will be missing from the reporter. Please add reporter before adding any new registry.
2024-01-17 07:57:07,367 [main] WARN  dropwizard3.Dm3MetricRegistriesImpl (Dm3MetricRegistriesImpl.java:addReporterRegistration(113)) - New reporters are added after registries were created. Some metrics will be missing from the reporter. Please add reporter before adding any new registry.
2024-01-17 07:57:07,367 [main] INFO  impl.MetricsSystemImpl (MetricsSystemImpl.java:init(158)) - HddsDatanode metrics system started (again)
2024-01-17 07:57:07,372 [497ccbea-d6cf-4731-95da-fa3df448bf79-DatanodeStateMachineTaskThread-0] INFO  datanode.InitDatanodeState (InitDatanodeState.java:persistContainerDatanodeDetails(139)) - DatanodeDetails is persisted to /home/runner/work/ozone/ozone/hadoop-ozone/integration-test/target/test-dir/MiniOzoneClusterImpl-df80a8b8-78a2-47d1-a2cb-ee48e7cc81f7/datanode-8/meta/datanode.id
2024-01-17 07:57:07,378 [main] INFO  ozone.HddsDatanodeService (HddsDatanodeService.java:start(239)) - HddsDatanodeService host:fv-az1531-837.hsxikm2gdrvudnct5jqc1oiugc.ex.internal.cloudapp.net ip:10.1.0.6
2024-01-17 07:57:07,395 [main] INFO  upgrade.AbstractLayoutVersionManager (AbstractLayoutVersionManager.java:init(83)) - Initializing Layout version manager with metadata layout = HADOOP_PRC_PORTS_IN_DATANODEDETAILS (version = 7), software layout = HADOOP_PRC_PORTS_IN_DATANODEDETAILS (version = 7)
2024-01-17 07:57:07,396 [main] INFO  statemachine.DatanodeStateMachine (DatanodeStateMachine.java:getEndPointTaskThreadPoolSize(299)) - Datanode State Machine Task Thread Pool size 2
2024-01-17 07:57:07,398 [main] INFO  volume.HddsVolume (HddsVolume.java:<init>(125)) - Creating HddsVolume: /home/runner/work/ozone/ozone/hadoop-ozone/integration-test/target/test-dir/MiniOzoneClusterImpl-df80a8b8-78a2-47d1-a2cb-ee48e7cc81f7/datanode-9/data-0/containers/hdds of storage type : DISK capacity : 9223372036854775807
2024-01-17 07:57:07,398 [main] INFO  volume.MutableVolumeSet (MutableVolumeSet.java:initializeVolumeSet(173)) - Added Volume : /home/runner/work/ozone/ozone/hadoop-ozone/integration-test/target/test-dir/MiniOzoneClusterImpl-df80a8b8-78a2-47d1-a2cb-ee48e7cc81f7/datanode-9/data-0/containers/hdds to VolumeSet
2024-01-17 07:57:07,399 [main] INFO  volume.MutableVolumeSet (MutableVolumeSet.java:initializeVolumeSet(173)) - Added Volume : /home/runner/work/ozone/ozone/hadoop-ozone/integration-test/target/test-dir/MiniOzoneClusterImpl-df80a8b8-78a2-47d1-a2cb-ee48e7cc81f7/datanode-9/data/ratis to VolumeSet
2024-01-17 07:57:07,399 [main] INFO  ozoneimpl.OzoneContainer (HddsVolumeUtil.java:loadAllHddsVolumeDbStore(103)) - Load 1 volumes DbStore cost: 0ms
2024-01-17 07:57:07,399 [6291adf5-9e71-4549-84cb-13318527388a-ContainerReader-0] INFO  ozoneimpl.ContainerReader (ContainerReader.java:readVolume(178)) - Finish verifying containers on volume /home/runner/work/ozone/ozone/hadoop-ozone/integration-test/target/test-dir/MiniOzoneClusterImpl-df80a8b8-78a2-47d1-a2cb-ee48e7cc81f7/datanode-9/data-0/containers/hdds
2024-01-17 07:57:07,400 [main] INFO  ozoneimpl.OzoneContainer (OzoneContainer.java:buildContainerSet(328)) - Build ContainerSet costs 0s
2024-01-17 07:57:07,402 [main] INFO  server.RaftServer (ConfUtils.java:logGet(46)) - raft.rpc.type = GRPC (default)
2024-01-17 07:57:07,402 [main] INFO  grpc.GrpcConfigKeys (ConfUtils.java:logFallback(53)) - raft.grpc.admin.host = null (fallback to raft.grpc.server.host)
2024-01-17 07:57:07,402 [main] INFO  grpc.GrpcConfigKeys (ConfUtils.java:logGet(46)) - raft.grpc.admin.port = 15094 (custom)
2024-01-17 07:57:07,402 [main] INFO  grpc.GrpcConfigKeys (ConfUtils.java:logFallback(53)) - raft.grpc.client.host = null (fallback to raft.grpc.server.host)
2024-01-17 07:57:07,403 [main] INFO  grpc.GrpcConfigKeys (ConfUtils.java:logGet(46)) - raft.grpc.client.port = 15093 (custom)
2024-01-17 07:57:07,403 [main] INFO  grpc.GrpcConfigKeys (ConfUtils.java:logGet(46)) - raft.grpc.server.host = null (default)
2024-01-17 07:57:07,403 [main] INFO  grpc.GrpcConfigKeys (ConfUtils.java:logGet(46)) - raft.grpc.server.port = 15095 (custom)
2024-01-17 07:57:07,403 [main] INFO  server.GrpcService (ConfUtils.java:logGet(46)) - raft.grpc.message.size.max = 32MB (=33554432) (custom)
2024-01-17 07:57:07,403 [main] INFO  server.RaftServerConfigKeys (ConfUtils.java:logGet(46)) - raft.server.log.appender.buffer.byte-limit = 8388608 (custom)
2024-01-17 07:57:07,403 [main] INFO  server.GrpcService (ConfUtils.java:logGet(46)) - raft.grpc.flow.control.window = 5MB (=5242880) (custom)
2024-01-17 07:57:07,403 [main] INFO  server.RaftServerConfigKeys (ConfUtils.java:logGet(46)) - raft.server.rpc.request.timeout = 60s (custom)
2024-01-17 07:57:07,403 [main] INFO  grpc.GrpcConfigKeys (ConfUtils.java:logGet(46)) - raft.grpc.server.heartbeat.channel = true (default)
2024-01-17 07:57:07,404 [main] INFO  grpc.GrpcConfigKeys (ConfUtils.java:logGet(46)) - raft.grpc.server.async.request.thread.pool.cached = true (default)
2024-01-17 07:57:07,404 [main] INFO  grpc.GrpcConfigKeys (ConfUtils.java:logGet(46)) - raft.grpc.server.async.request.thread.pool.size = 32 (default)
2024-01-17 07:57:07,406 [main] INFO  impl.DataStreamServerImpl (ConfUtils.java:logGet(46)) - raft.datastream.type = NETTY (custom)
2024-01-17 07:57:07,406 [main] INFO  server.RaftServerConfigKeys (ConfUtils.java:logGet(46)) - raft.server.data-stream.async.request.thread.pool.cached = false (default)
2024-01-17 07:57:07,407 [main] INFO  server.RaftServerConfigKeys (ConfUtils.java:logGet(46)) - raft.server.data-stream.async.request.thread.pool.size = 20 (custom)
2024-01-17 07:57:07,407 [main] INFO  server.RaftServerConfigKeys (ConfUtils.java:logGet(46)) - raft.server.data-stream.async.write.thread.pool.size = 16 (default)
2024-01-17 07:57:07,407 [main] INFO  netty.NettyConfigKeys$DataStream (ConfUtils.java:logGet(46)) - raft.netty.dataStream.server.channel.inactive.grace-period = 10min (default)
2024-01-17 07:57:07,407 [main] INFO  server.RaftServerConfigKeys (ConfUtils.java:logGet(46)) - raft.server.data-stream.client.pool.size = 10 (default)
2024-01-17 07:57:07,407 [main] INFO  netty.NettyConfigKeys$DataStream (ConfUtils.java:logGet(46)) - raft.netty.dataStream.server.use-epoll = true (default)
2024-01-17 07:57:07,408 [main] INFO  netty.NettyConfigKeys$DataStream (ConfUtils.java:logGet(46)) - raft.netty.dataStream.server.boss-group.size = 0 (default)
2024-01-17 07:57:07,408 [main] INFO  netty.NettyUtils (NettyUtils.java:newEventLoopGroup(69)) - Create EpollEventLoopGroup for 6291adf5-9e71-4549-84cb-13318527388a-NettyServerStreamRpc-bossGroup; Thread size is 0.
2024-01-17 07:57:07,408 [main] INFO  netty.NettyConfigKeys$DataStream (ConfUtils.java:logGet(46)) - raft.netty.dataStream.server.worker-group.size = 0 (default)
2024-01-17 07:57:07,409 [main] INFO  netty.NettyUtils (NettyUtils.java:newEventLoopGroup(69)) - Create EpollEventLoopGroup for 6291adf5-9e71-4549-84cb-13318527388a-NettyServerStreamRpc-workerGroup; Thread size is 0.
2024-01-17 07:57:07,409 [main] INFO  netty.NettyConfigKeys$DataStream (ConfUtils.java:logGet(46)) - raft.netty.dataStream.server.tls.conf = null (default)
2024-01-17 07:57:07,409 [main] INFO  netty.NettyConfigKeys$DataStream (ConfUtils.java:logGet(46)) - raft.netty.dataStream.host = null (default)
2024-01-17 07:57:07,409 [main] INFO  netty.NettyConfigKeys$DataStream (ConfUtils.java:logGet(46)) - raft.netty.dataStream.port = 15096 (custom)
2024-01-17 07:57:07,410 [main] INFO  server.RaftServerConfigKeys (ConfUtils.java:logGet(46)) - raft.server.sleep.deviation.threshold = 300ms (default)
2024-01-17 07:57:07,411 [main] INFO  server.RaftServerConfigKeys (ConfUtils.java:logGet(46)) - raft.server.close.threshold = 60s (default)
2024-01-17 07:57:07,411 [6291adf5-9e71-4549-84cb-13318527388a-NettyServerStreamRpc-bossGroup--thread1] INFO  logging.LoggingHandler (AbstractInternalLogger.java:log(148)) - [id: 0xf29b3b8c] REGISTERED
2024-01-17 07:57:07,411 [main] INFO  server.RaftServerConfigKeys (ConfUtils.java:logGet(46)) - raft.server.leaderelection.leader.step-down.wait-time = 10s (default)
2024-01-17 07:57:07,411 [6291adf5-9e71-4549-84cb-13318527388a-NettyServerStreamRpc-bossGroup--thread1] INFO  logging.LoggingHandler (AbstractInternalLogger.java:log(148)) - [id: 0xf29b3b8c] BIND: 0.0.0.0/0.0.0.0:15096
2024-01-17 07:57:07,412 [main] INFO  server.RaftServerConfigKeys (ConfUtils.java:logGet(46)) - raft.server.storage.dir = [/home/runner/work/ozone/ozone/hadoop-ozone/integration-test/target/test-dir/MiniOzoneClusterImpl-df80a8b8-78a2-47d1-a2cb-ee48e7cc81f7/datanode-9/data/ratis] (custom)
2024-01-17 07:57:07,412 [6291adf5-9e71-4549-84cb-13318527388a-NettyServerStreamRpc-bossGroup--thread1] INFO  logging.LoggingHandler (AbstractInternalLogger.java:log(148)) - [id: 0xf29b3b8c, L:/0.0.0.0:15096] ACTIVE
2024-01-17 07:57:07,412 [main] INFO  server.RaftServerConfigKeys (ConfUtils.java:logGet(46)) - raft.server.threadpool.proxy.cached = true (default)
2024-01-17 07:57:07,412 [main] INFO  server.RaftServerConfigKeys (ConfUtils.java:logGet(46)) - raft.server.threadpool.proxy.size = 0 (default)
2024-01-17 07:57:07,412 [6291adf5-9e71-4549-84cb-13318527388a-impl-thread1] INFO  server.RaftServer (RaftServerProxy.java:initGroupDir(264)) - 6291adf5-9e71-4549-84cb-13318527388a: found a subdirectory /home/runner/work/ozone/ozone/hadoop-ozone/integration-test/target/test-dir/MiniOzoneClusterImpl-df80a8b8-78a2-47d1-a2cb-ee48e7cc81f7/datanode-9/data/ratis/tmp
2024-01-17 07:57:07,413 [6291adf5-9e71-4549-84cb-13318527388a-impl-thread1] INFO  server.RaftServer (RaftServerProxy.java:initGroupDir(269)) - 6291adf5-9e71-4549-84cb-13318527388a: The directory /home/runner/work/ozone/ozone/hadoop-ozone/integration-test/target/test-dir/MiniOzoneClusterImpl-df80a8b8-78a2-47d1-a2cb-ee48e7cc81f7/datanode-9/data/ratis/tmp is not a group directory; ignoring it. 
2024-01-17 07:57:07,413 [main] INFO  replication.ReplicationServer (ReplicationServer.java:<init>(85)) - Initializing replication server with thread count = 10 queue length = 4096
2024-01-17 07:57:07,414 [main] INFO  server.XceiverServerGrpc (XceiverServerGrpc.java:<init>(141)) - GrpcServer channel type EpollServerSocketChannel
2024-01-17 07:57:07,415 [main] INFO  replication.ReplicationSupervisor (ReplicationSupervisor.java:build(163)) - Initializing replication supervisor with thread count = 10
2024-01-17 07:57:07,416 [main] INFO  replication.ReplicationSupervisor (ReplicationSupervisor.java:nodeStateUpdated(317)) - Node state updated to IN_SERVICE, scaling executor pool size to 10
2024-01-17 07:57:07,418 [main] INFO  http.BaseHttpServer (BaseHttpServer.java:newHttpServer2BuilderForOzone(223)) - Starting Web-server for hddsDatanode at: http://0.0.0.0:15090
2024-01-17 07:57:07,418 [main] INFO  http.BaseHttpServer (BaseHttpServer.java:<init>(110)) - Hadoop Security Enabled: false Ozone Security Enabled: false Ozone HTTP Security Enabled: false 
2024-01-17 07:57:07,419 [main] WARN  server.AuthenticationFilter (AuthenticationFilter.java:constructSecretProvider(240)) - Unable to initialize FileSignerSecretProvider, falling back to use random secrets. Reason: Could not read signature secret file: /home/runner/hadoop-http-auth-signature-secret
2024-01-17 07:57:07,420 [main] INFO  http.HttpRequestLog (HttpRequestLog.java:getRequestLog(86)) - Http request log for http.requests.hddsDatanode is not defined
2024-01-17 07:57:07,421 [main] INFO  http.HttpServer2 (HttpServer2.java:addGlobalFilter(1036)) - Added global filter 'safety' (class=org.apache.hadoop.hdds.server.http.HttpServer2$QuotingInputFilter)
2024-01-17 07:57:07,421 [main] INFO  http.HttpServer2 (HttpServer2.java:addFilter(1012)) - Added filter static_user_filter (class=org.apache.hadoop.http.lib.StaticUserWebFilter$StaticUserFilter) to context hddsDatanode
2024-01-17 07:57:07,422 [main] INFO  http.HttpServer2 (HttpServer2.java:addFilter(1020)) - Added filter static_user_filter (class=org.apache.hadoop.http.lib.StaticUserWebFilter$StaticUserFilter) to context logs
2024-01-17 07:57:07,422 [main] INFO  http.HttpServer2 (HttpServer2.java:addFilter(1020)) - Added filter static_user_filter (class=org.apache.hadoop.http.lib.StaticUserWebFilter$StaticUserFilter) to context static
2024-01-17 07:57:07,422 [main] INFO  http.BaseHttpServer (BaseHttpServer.java:<init>(189)) - HTTP server of hddsDatanode uses base directory /home/runner/work/ozone/ozone/hadoop-ozone/integration-test/target/test-dir/MiniOzoneClusterImpl-df80a8b8-78a2-47d1-a2cb-ee48e7cc81f7/datanode-9/meta/webserver
2024-01-17 07:57:07,422 [main] INFO  http.HttpServer2 (HttpServer2.java:bindListener(1236)) - Jetty bound to port 15090
2024-01-17 07:57:07,423 [main] INFO  server.Server (Server.java:doStart(375)) - jetty-9.4.53.v20231009; built: 2023-10-09T12:29:09.265Z; git: 27bde00a0b95a1d5bbee0eae7984f891d2d0f8c9; jvm 1.8.0_392-b08
2024-01-17 07:57:07,426 [main] INFO  server.session (DefaultSessionIdManager.java:doStart(334)) - DefaultSessionIdManager workerName=node0
2024-01-17 07:57:07,426 [main] INFO  server.session (DefaultSessionIdManager.java:doStart(339)) - No SessionScavenger set, using defaults
2024-01-17 07:57:07,427 [main] INFO  server.session (HouseKeeper.java:startScavenging(132)) - node0 Scavenging every 600000ms
2024-01-17 07:57:07,427 [main] INFO  handler.ContextHandler (ContextHandler.java:doStart(921)) - Started o.e.j.s.ServletContextHandler@74c7bc5c{logs,/logs,file:///home/runner/work/ozone/ozone/hadoop-ozone/integration-test/target/log,AVAILABLE}
2024-01-17 07:57:07,428 [main] INFO  handler.ContextHandler (ContextHandler.java:doStart(921)) - Started o.e.j.s.ServletContextHandler@2e5855d5{static,/static,jar:file:/home/runner/.m2/repository/org/apache/ozone/hdds-container-service/1.5.0-SNAPSHOT/hdds-container-service-1.5.0-SNAPSHOT.jar!/webapps/static,AVAILABLE}
2024-01-17 07:57:07,460 [main] INFO  handler.ContextHandler (ContextHandler.java:doStart(921)) - Started o.e.j.w.WebAppContext@87e1b84{hddsDatanode,/,file:///home/runner/work/ozone/ozone/hadoop-ozone/integration-test/target/test-dir/MiniOzoneClusterImpl-df80a8b8-78a2-47d1-a2cb-ee48e7cc81f7/datanode-9/meta/webserver/jetty-0_0_0_0-15090-hdds-container-service-1_5_0-SNAPSHOT_jar-_-any-5460888899752385745/webapp/,AVAILABLE}{jar:file:/home/runner/.m2/repository/org/apache/ozone/hdds-container-service/1.5.0-SNAPSHOT/hdds-container-service-1.5.0-SNAPSHOT.jar!/webapps/hddsDatanode}
2024-01-17 07:57:07,462 [main] INFO  server.AbstractConnector (AbstractConnector.java:doStart(333)) - Started ServerConnector@1c4e3fe6{HTTP/1.1, (http/1.1)}{0.0.0.0:15090}
2024-01-17 07:57:07,462 [main] INFO  server.Server (Server.java:doStart(415)) - Started @8064ms
2024-01-17 07:57:07,462 [main] WARN  impl.MetricsSystemImpl (MetricsSystemImpl.java:register(279)) - Sink prometheus already exists!
2024-01-17 07:57:07,463 [main] INFO  http.BaseHttpServer (BaseHttpServer.java:updateConnectorAddress(354)) - HTTP server of hddsDatanode listening at http://0.0.0.0:15090
2024-01-17 07:57:07,463 [main] INFO  ipc.CallQueueManager (CallQueueManager.java:<init>(90)) - Using callQueue: class java.util.concurrent.LinkedBlockingQueue, queueCapacity: 100, scheduler: class org.apache.hadoop.ipc.DefaultRpcScheduler, ipcBackoff: false.
2024-01-17 07:57:07,463 [main] INFO  ipc.Server (Server.java:<init>(1287)) - Listener at 0.0.0.0:15091
2024-01-17 07:57:07,464 [Socket Reader #1 for port 15091] INFO  ipc.Server (Server.java:run(1323)) - Starting Socket Reader #1 for port 15091
2024-01-17 07:57:07,468 [main] INFO  ozone.HddsDatanodeService (HddsDatanodeService.java:start(324)) - Datanode start with admins: [runner]
2024-01-17 07:57:07,468 [main] INFO  ozone.HddsDatanodeClientProtocolServer (HddsDatanodeClientProtocolServer.java:start(72)) - RPC server for Client /0.0.0.0:15091
2024-01-17 07:57:07,469 [IPC Server Responder] INFO  ipc.Server (Server.java:run(1562)) - IPC Server Responder: starting
2024-01-17 07:57:07,471 [IPC Server listener on 15091] INFO  ipc.Server (Server.java:run(1402)) - IPC Server listener on 15091: starting
2024-01-17 07:57:07,476 [main] WARN  dropwizard3.Dm3MetricRegistriesImpl (Dm3MetricRegistriesImpl.java:addReporterRegistration(113)) - New reporters are added after registries were created. Some metrics will be missing from the reporter. Please add reporter before adding any new registry.
2024-01-17 07:57:07,476 [main] WARN  dropwizard3.Dm3MetricRegistriesImpl (Dm3MetricRegistriesImpl.java:addReporterRegistration(113)) - New reporters are added after registries were created. Some metrics will be missing from the reporter. Please add reporter before adding any new registry.
2024-01-17 07:57:07,476 [main] INFO  impl.MetricsSystemImpl (MetricsSystemImpl.java:init(158)) - HddsDatanode metrics system started (again)
2024-01-17 07:57:07,476 [6291adf5-9e71-4549-84cb-13318527388a-DatanodeStateMachineDaemonThread] INFO  statemachine.DatanodeStateMachine (DatanodeStateMachine.java:lambda$startDaemon$1(555)) - Ozone container server started.
2024-01-17 07:57:07,483 [6291adf5-9e71-4549-84cb-13318527388a-DatanodeStateMachineTaskThread-0] INFO  datanode.InitDatanodeState (InitDatanodeState.java:persistContainerDatanodeDetails(139)) - DatanodeDetails is persisted to /home/runner/work/ozone/ozone/hadoop-ozone/integration-test/target/test-dir/MiniOzoneClusterImpl-df80a8b8-78a2-47d1-a2cb-ee48e7cc81f7/datanode-9/meta/datanode.id
2024-01-17 07:57:07,488 [main] INFO  ozone.HddsDatanodeService (HddsDatanodeService.java:start(239)) - HddsDatanodeService host:fv-az1531-837.hsxikm2gdrvudnct5jqc1oiugc.ex.internal.cloudapp.net ip:10.1.0.6
2024-01-17 07:57:07,510 [main] INFO  upgrade.AbstractLayoutVersionManager (AbstractLayoutVersionManager.java:init(83)) - Initializing Layout version manager with metadata layout = HADOOP_PRC_PORTS_IN_DATANODEDETAILS (version = 7), software layout = HADOOP_PRC_PORTS_IN_DATANODEDETAILS (version = 7)
2024-01-17 07:57:07,510 [main] INFO  statemachine.DatanodeStateMachine (DatanodeStateMachine.java:getEndPointTaskThreadPoolSize(299)) - Datanode State Machine Task Thread Pool size 2
2024-01-17 07:57:07,512 [main] INFO  volume.HddsVolume (HddsVolume.java:<init>(125)) - Creating HddsVolume: /home/runner/work/ozone/ozone/hadoop-ozone/integration-test/target/test-dir/MiniOzoneClusterImpl-df80a8b8-78a2-47d1-a2cb-ee48e7cc81f7/datanode-10/data-0/containers/hdds of storage type : DISK capacity : 9223372036854775807
2024-01-17 07:57:07,512 [main] INFO  volume.MutableVolumeSet (MutableVolumeSet.java:initializeVolumeSet(173)) - Added Volume : /home/runner/work/ozone/ozone/hadoop-ozone/integration-test/target/test-dir/MiniOzoneClusterImpl-df80a8b8-78a2-47d1-a2cb-ee48e7cc81f7/datanode-10/data-0/containers/hdds to VolumeSet
2024-01-17 07:57:07,513 [main] INFO  volume.MutableVolumeSet (MutableVolumeSet.java:initializeVolumeSet(173)) - Added Volume : /home/runner/work/ozone/ozone/hadoop-ozone/integration-test/target/test-dir/MiniOzoneClusterImpl-df80a8b8-78a2-47d1-a2cb-ee48e7cc81f7/datanode-10/data/ratis to VolumeSet
2024-01-17 07:57:07,514 [main] INFO  ozoneimpl.OzoneContainer (HddsVolumeUtil.java:loadAllHddsVolumeDbStore(103)) - Load 1 volumes DbStore cost: 0ms
2024-01-17 07:57:07,514 [8e247bdf-a19d-4cdc-89de-9f1c8249c15f-ContainerReader-0] INFO  ozoneimpl.ContainerReader (ContainerReader.java:readVolume(178)) - Finish verifying containers on volume /home/runner/work/ozone/ozone/hadoop-ozone/integration-test/target/test-dir/MiniOzoneClusterImpl-df80a8b8-78a2-47d1-a2cb-ee48e7cc81f7/datanode-10/data-0/containers/hdds
2024-01-17 07:57:07,514 [main] INFO  ozoneimpl.OzoneContainer (OzoneContainer.java:buildContainerSet(328)) - Build ContainerSet costs 0s
2024-01-17 07:57:07,517 [main] INFO  server.RaftServer (ConfUtils.java:logGet(46)) - raft.rpc.type = GRPC (default)
2024-01-17 07:57:07,517 [main] INFO  grpc.GrpcConfigKeys (ConfUtils.java:logFallback(53)) - raft.grpc.admin.host = null (fallback to raft.grpc.server.host)
2024-01-17 07:57:07,517 [main] INFO  grpc.GrpcConfigKeys (ConfUtils.java:logGet(46)) - raft.grpc.admin.port = 15103 (custom)
2024-01-17 07:57:07,517 [main] INFO  grpc.GrpcConfigKeys (ConfUtils.java:logFallback(53)) - raft.grpc.client.host = null (fallback to raft.grpc.server.host)
2024-01-17 07:57:07,517 [main] INFO  grpc.GrpcConfigKeys (ConfUtils.java:logGet(46)) - raft.grpc.client.port = 15102 (custom)
2024-01-17 07:57:07,518 [main] INFO  grpc.GrpcConfigKeys (ConfUtils.java:logGet(46)) - raft.grpc.server.host = null (default)
2024-01-17 07:57:07,518 [main] INFO  grpc.GrpcConfigKeys (ConfUtils.java:logGet(46)) - raft.grpc.server.port = 15104 (custom)
2024-01-17 07:57:07,518 [main] INFO  server.GrpcService (ConfUtils.java:logGet(46)) - raft.grpc.message.size.max = 32MB (=33554432) (custom)
2024-01-17 07:57:07,518 [main] INFO  server.RaftServerConfigKeys (ConfUtils.java:logGet(46)) - raft.server.log.appender.buffer.byte-limit = 8388608 (custom)
2024-01-17 07:57:07,518 [main] INFO  server.GrpcService (ConfUtils.java:logGet(46)) - raft.grpc.flow.control.window = 5MB (=5242880) (custom)
2024-01-17 07:57:07,518 [main] INFO  server.RaftServerConfigKeys (ConfUtils.java:logGet(46)) - raft.server.rpc.request.timeout = 60s (custom)
2024-01-17 07:57:07,519 [main] INFO  grpc.GrpcConfigKeys (ConfUtils.java:logGet(46)) - raft.grpc.server.heartbeat.channel = true (default)
2024-01-17 07:57:07,519 [main] INFO  grpc.GrpcConfigKeys (ConfUtils.java:logGet(46)) - raft.grpc.server.async.request.thread.pool.cached = true (default)
2024-01-17 07:57:07,519 [main] INFO  grpc.GrpcConfigKeys (ConfUtils.java:logGet(46)) - raft.grpc.server.async.request.thread.pool.size = 32 (default)
2024-01-17 07:57:07,521 [main] INFO  impl.DataStreamServerImpl (ConfUtils.java:logGet(46)) - raft.datastream.type = NETTY (custom)
2024-01-17 07:57:07,522 [main] INFO  server.RaftServerConfigKeys (ConfUtils.java:logGet(46)) - raft.server.data-stream.async.request.thread.pool.cached = false (default)
2024-01-17 07:57:07,522 [main] INFO  server.RaftServerConfigKeys (ConfUtils.java:logGet(46)) - raft.server.data-stream.async.request.thread.pool.size = 20 (custom)
2024-01-17 07:57:07,522 [main] INFO  server.RaftServerConfigKeys (ConfUtils.java:logGet(46)) - raft.server.data-stream.async.write.thread.pool.size = 16 (default)
2024-01-17 07:57:07,522 [main] INFO  netty.NettyConfigKeys$DataStream (ConfUtils.java:logGet(46)) - raft.netty.dataStream.server.channel.inactive.grace-period = 10min (default)
2024-01-17 07:57:07,523 [main] INFO  server.RaftServerConfigKeys (ConfUtils.java:logGet(46)) - raft.server.data-stream.client.pool.size = 10 (default)
2024-01-17 07:57:07,523 [main] INFO  netty.NettyConfigKeys$DataStream (ConfUtils.java:logGet(46)) - raft.netty.dataStream.server.use-epoll = true (default)
2024-01-17 07:57:07,523 [main] INFO  netty.NettyConfigKeys$DataStream (ConfUtils.java:logGet(46)) - raft.netty.dataStream.server.boss-group.size = 0 (default)
2024-01-17 07:57:07,523 [main] INFO  netty.NettyUtils (NettyUtils.java:newEventLoopGroup(69)) - Create EpollEventLoopGroup for 8e247bdf-a19d-4cdc-89de-9f1c8249c15f-NettyServerStreamRpc-bossGroup; Thread size is 0.
2024-01-17 07:57:07,524 [main] INFO  netty.NettyConfigKeys$DataStream (ConfUtils.java:logGet(46)) - raft.netty.dataStream.server.worker-group.size = 0 (default)
2024-01-17 07:57:07,524 [main] INFO  netty.NettyUtils (NettyUtils.java:newEventLoopGroup(69)) - Create EpollEventLoopGroup for 8e247bdf-a19d-4cdc-89de-9f1c8249c15f-NettyServerStreamRpc-workerGroup; Thread size is 0.
2024-01-17 07:57:07,525 [main] INFO  netty.NettyConfigKeys$DataStream (ConfUtils.java:logGet(46)) - raft.netty.dataStream.server.tls.conf = null (default)
2024-01-17 07:57:07,525 [main] INFO  netty.NettyConfigKeys$DataStream (ConfUtils.java:logGet(46)) - raft.netty.dataStream.host = null (default)
2024-01-17 07:57:07,525 [main] INFO  netty.NettyConfigKeys$DataStream (ConfUtils.java:logGet(46)) - raft.netty.dataStream.port = 15105 (custom)
2024-01-17 07:57:07,525 [main] INFO  server.RaftServerConfigKeys (ConfUtils.java:logGet(46)) - raft.server.sleep.deviation.threshold = 300ms (default)
2024-01-17 07:57:07,526 [main] INFO  server.RaftServerConfigKeys (ConfUtils.java:logGet(46)) - raft.server.close.threshold = 60s (default)
2024-01-17 07:57:07,527 [main] INFO  server.RaftServerConfigKeys (ConfUtils.java:logGet(46)) - raft.server.leaderelection.leader.step-down.wait-time = 10s (default)
2024-01-17 07:57:07,527 [main] INFO  server.RaftServerConfigKeys (ConfUtils.java:logGet(46)) - raft.server.storage.dir = [/home/runner/work/ozone/ozone/hadoop-ozone/integration-test/target/test-dir/MiniOzoneClusterImpl-df80a8b8-78a2-47d1-a2cb-ee48e7cc81f7/datanode-10/data/ratis] (custom)
2024-01-17 07:57:07,527 [main] INFO  server.RaftServerConfigKeys (ConfUtils.java:logGet(46)) - raft.server.threadpool.proxy.cached = true (default)
2024-01-17 07:57:07,528 [main] INFO  server.RaftServerConfigKeys (ConfUtils.java:logGet(46)) - raft.server.threadpool.proxy.size = 0 (default)
2024-01-17 07:57:07,529 [8e247bdf-a19d-4cdc-89de-9f1c8249c15f-NettyServerStreamRpc-bossGroup--thread1] INFO  logging.LoggingHandler (AbstractInternalLogger.java:log(148)) - [id: 0x31d59b3f] REGISTERED
2024-01-17 07:57:07,529 [8e247bdf-a19d-4cdc-89de-9f1c8249c15f-NettyServerStreamRpc-bossGroup--thread1] INFO  logging.LoggingHandler (AbstractInternalLogger.java:log(148)) - [id: 0x31d59b3f] BIND: 0.0.0.0/0.0.0.0:15105
2024-01-17 07:57:07,529 [8e247bdf-a19d-4cdc-89de-9f1c8249c15f-NettyServerStreamRpc-bossGroup--thread1] INFO  logging.LoggingHandler (AbstractInternalLogger.java:log(148)) - [id: 0x31d59b3f, L:/0.0.0.0:15105] ACTIVE
2024-01-17 07:57:07,530 [8e247bdf-a19d-4cdc-89de-9f1c8249c15f-impl-thread1] INFO  server.RaftServer (RaftServerProxy.java:initGroupDir(264)) - 8e247bdf-a19d-4cdc-89de-9f1c8249c15f: found a subdirectory /home/runner/work/ozone/ozone/hadoop-ozone/integration-test/target/test-dir/MiniOzoneClusterImpl-df80a8b8-78a2-47d1-a2cb-ee48e7cc81f7/datanode-10/data/ratis/tmp
2024-01-17 07:57:07,530 [8e247bdf-a19d-4cdc-89de-9f1c8249c15f-impl-thread1] INFO  server.RaftServer (RaftServerProxy.java:initGroupDir(269)) - 8e247bdf-a19d-4cdc-89de-9f1c8249c15f: The directory /home/runner/work/ozone/ozone/hadoop-ozone/integration-test/target/test-dir/MiniOzoneClusterImpl-df80a8b8-78a2-47d1-a2cb-ee48e7cc81f7/datanode-10/data/ratis/tmp is not a group directory; ignoring it. 
2024-01-17 07:57:07,530 [main] INFO  replication.ReplicationServer (ReplicationServer.java:<init>(85)) - Initializing replication server with thread count = 10 queue length = 4096
2024-01-17 07:57:07,531 [main] INFO  server.XceiverServerGrpc (XceiverServerGrpc.java:<init>(141)) - GrpcServer channel type EpollServerSocketChannel
2024-01-17 07:57:07,533 [main] INFO  replication.ReplicationSupervisor (ReplicationSupervisor.java:build(163)) - Initializing replication supervisor with thread count = 10
2024-01-17 07:57:07,533 [main] INFO  replication.ReplicationSupervisor (ReplicationSupervisor.java:nodeStateUpdated(317)) - Node state updated to IN_SERVICE, scaling executor pool size to 10
2024-01-17 07:57:07,535 [main] INFO  http.BaseHttpServer (BaseHttpServer.java:newHttpServer2BuilderForOzone(223)) - Starting Web-server for hddsDatanode at: http://0.0.0.0:15099
2024-01-17 07:57:07,535 [main] INFO  http.BaseHttpServer (BaseHttpServer.java:<init>(110)) - Hadoop Security Enabled: false Ozone Security Enabled: false Ozone HTTP Security Enabled: false 
2024-01-17 07:57:07,537 [main] WARN  server.AuthenticationFilter (AuthenticationFilter.java:constructSecretProvider(240)) - Unable to initialize FileSignerSecretProvider, falling back to use random secrets. Reason: Could not read signature secret file: /home/runner/hadoop-http-auth-signature-secret
2024-01-17 07:57:07,539 [main] INFO  http.HttpRequestLog (HttpRequestLog.java:getRequestLog(86)) - Http request log for http.requests.hddsDatanode is not defined
2024-01-17 07:57:07,541 [main] INFO  http.HttpServer2 (HttpServer2.java:addGlobalFilter(1036)) - Added global filter 'safety' (class=org.apache.hadoop.hdds.server.http.HttpServer2$QuotingInputFilter)
2024-01-17 07:57:07,542 [main] INFO  http.HttpServer2 (HttpServer2.java:addFilter(1012)) - Added filter static_user_filter (class=org.apache.hadoop.http.lib.StaticUserWebFilter$StaticUserFilter) to context hddsDatanode
2024-01-17 07:57:07,542 [main] INFO  http.HttpServer2 (HttpServer2.java:addFilter(1020)) - Added filter static_user_filter (class=org.apache.hadoop.http.lib.StaticUserWebFilter$StaticUserFilter) to context static
2024-01-17 07:57:07,542 [main] INFO  http.HttpServer2 (HttpServer2.java:addFilter(1020)) - Added filter static_user_filter (class=org.apache.hadoop.http.lib.StaticUserWebFilter$StaticUserFilter) to context logs
2024-01-17 07:57:07,543 [main] INFO  http.BaseHttpServer (BaseHttpServer.java:<init>(189)) - HTTP server of hddsDatanode uses base directory /home/runner/work/ozone/ozone/hadoop-ozone/integration-test/target/test-dir/MiniOzoneClusterImpl-df80a8b8-78a2-47d1-a2cb-ee48e7cc81f7/datanode-10/meta/webserver
2024-01-17 07:57:07,543 [main] INFO  http.HttpServer2 (HttpServer2.java:bindListener(1236)) - Jetty bound to port 15099
2024-01-17 07:57:07,543 [main] INFO  server.Server (Server.java:doStart(375)) - jetty-9.4.53.v20231009; built: 2023-10-09T12:29:09.265Z; git: 27bde00a0b95a1d5bbee0eae7984f891d2d0f8c9; jvm 1.8.0_392-b08
2024-01-17 07:57:07,544 [main] INFO  server.session (DefaultSessionIdManager.java:doStart(334)) - DefaultSessionIdManager workerName=node0
2024-01-17 07:57:07,544 [main] INFO  server.session (DefaultSessionIdManager.java:doStart(339)) - No SessionScavenger set, using defaults
2024-01-17 07:57:07,545 [main] INFO  server.session (HouseKeeper.java:startScavenging(132)) - node0 Scavenging every 660000ms
2024-01-17 07:57:07,545 [main] INFO  handler.ContextHandler (ContextHandler.java:doStart(921)) - Started o.e.j.s.ServletContextHandler@589caa12{logs,/logs,file:///home/runner/work/ozone/ozone/hadoop-ozone/integration-test/target/log,AVAILABLE}
2024-01-17 07:57:07,546 [main] INFO  handler.ContextHandler (ContextHandler.java:doStart(921)) - Started o.e.j.s.ServletContextHandler@5e64b093{static,/static,jar:file:/home/runner/.m2/repository/org/apache/ozone/hdds-container-service/1.5.0-SNAPSHOT/hdds-container-service-1.5.0-SNAPSHOT.jar!/webapps/static,AVAILABLE}
2024-01-17 07:57:07,578 [main] INFO  handler.ContextHandler (ContextHandler.java:doStart(921)) - Started o.e.j.w.WebAppContext@d1171ec{hddsDatanode,/,file:///home/runner/work/ozone/ozone/hadoop-ozone/integration-test/target/test-dir/MiniOzoneClusterImpl-df80a8b8-78a2-47d1-a2cb-ee48e7cc81f7/datanode-10/meta/webserver/jetty-0_0_0_0-15099-hdds-container-service-1_5_0-SNAPSHOT_jar-_-any-5701226051323394552/webapp/,AVAILABLE}{jar:file:/home/runner/.m2/repository/org/apache/ozone/hdds-container-service/1.5.0-SNAPSHOT/hdds-container-service-1.5.0-SNAPSHOT.jar!/webapps/hddsDatanode}
2024-01-17 07:57:07,580 [main] INFO  server.AbstractConnector (AbstractConnector.java:doStart(333)) - Started ServerConnector@38fd32ff{HTTP/1.1, (http/1.1)}{0.0.0.0:15099}
2024-01-17 07:57:07,581 [main] INFO  server.Server (Server.java:doStart(415)) - Started @8183ms
2024-01-17 07:57:07,581 [main] WARN  impl.MetricsSystemImpl (MetricsSystemImpl.java:register(279)) - Sink prometheus already exists!
2024-01-17 07:57:07,581 [main] INFO  http.BaseHttpServer (BaseHttpServer.java:updateConnectorAddress(354)) - HTTP server of hddsDatanode listening at http://0.0.0.0:15099
2024-01-17 07:57:07,582 [main] INFO  ipc.CallQueueManager (CallQueueManager.java:<init>(90)) - Using callQueue: class java.util.concurrent.LinkedBlockingQueue, queueCapacity: 100, scheduler: class org.apache.hadoop.ipc.DefaultRpcScheduler, ipcBackoff: false.
2024-01-17 07:57:07,582 [main] INFO  ipc.Server (Server.java:<init>(1287)) - Listener at 0.0.0.0:15100
2024-01-17 07:57:07,582 [Socket Reader #1 for port 15100] INFO  ipc.Server (Server.java:run(1323)) - Starting Socket Reader #1 for port 15100
2024-01-17 07:57:07,585 [main] INFO  ozone.HddsDatanodeService (HddsDatanodeService.java:start(324)) - Datanode start with admins: [runner]
2024-01-17 07:57:07,585 [main] INFO  ozone.HddsDatanodeClientProtocolServer (HddsDatanodeClientProtocolServer.java:start(72)) - RPC server for Client /0.0.0.0:15100
2024-01-17 07:57:07,585 [IPC Server Responder] INFO  ipc.Server (Server.java:run(1562)) - IPC Server Responder: starting
2024-01-17 07:57:07,585 [IPC Server listener on 15100] INFO  ipc.Server (Server.java:run(1402)) - IPC Server listener on 15100: starting
2024-01-17 07:57:07,586 [8e247bdf-a19d-4cdc-89de-9f1c8249c15f-DatanodeStateMachineDaemonThread] INFO  statemachine.DatanodeStateMachine (DatanodeStateMachine.java:lambda$startDaemon$1(555)) - Ozone container server started.
2024-01-17 07:57:07,586 [main] WARN  dropwizard3.Dm3MetricRegistriesImpl (Dm3MetricRegistriesImpl.java:addReporterRegistration(113)) - New reporters are added after registries were created. Some metrics will be missing from the reporter. Please add reporter before adding any new registry.
2024-01-17 07:57:07,586 [main] WARN  dropwizard3.Dm3MetricRegistriesImpl (Dm3MetricRegistriesImpl.java:addReporterRegistration(113)) - New reporters are added after registries were created. Some metrics will be missing from the reporter. Please add reporter before adding any new registry.
2024-01-17 07:57:07,587 [main] INFO  impl.MetricsSystemImpl (MetricsSystemImpl.java:init(158)) - HddsDatanode metrics system started (again)
2024-01-17 07:57:07,591 [8e247bdf-a19d-4cdc-89de-9f1c8249c15f-DatanodeStateMachineTaskThread-0] INFO  datanode.InitDatanodeState (InitDatanodeState.java:persistContainerDatanodeDetails(139)) - DatanodeDetails is persisted to /home/runner/work/ozone/ozone/hadoop-ozone/integration-test/target/test-dir/MiniOzoneClusterImpl-df80a8b8-78a2-47d1-a2cb-ee48e7cc81f7/datanode-10/meta/datanode.id
2024-01-17 07:57:07,599 [main] INFO  ozone.HddsDatanodeService (HddsDatanodeService.java:start(239)) - HddsDatanodeService host:fv-az1531-837.hsxikm2gdrvudnct5jqc1oiugc.ex.internal.cloudapp.net ip:10.1.0.6
2024-01-17 07:57:07,618 [main] INFO  upgrade.AbstractLayoutVersionManager (AbstractLayoutVersionManager.java:init(83)) - Initializing Layout version manager with metadata layout = HADOOP_PRC_PORTS_IN_DATANODEDETAILS (version = 7), software layout = HADOOP_PRC_PORTS_IN_DATANODEDETAILS (version = 7)
2024-01-17 07:57:07,618 [main] INFO  statemachine.DatanodeStateMachine (DatanodeStateMachine.java:getEndPointTaskThreadPoolSize(299)) - Datanode State Machine Task Thread Pool size 2
2024-01-17 07:57:07,620 [main] INFO  volume.HddsVolume (HddsVolume.java:<init>(125)) - Creating HddsVolume: /home/runner/work/ozone/ozone/hadoop-ozone/integration-test/target/test-dir/MiniOzoneClusterImpl-df80a8b8-78a2-47d1-a2cb-ee48e7cc81f7/datanode-11/data-0/containers/hdds of storage type : DISK capacity : 9223372036854775807
2024-01-17 07:57:07,621 [main] INFO  volume.MutableVolumeSet (MutableVolumeSet.java:initializeVolumeSet(173)) - Added Volume : /home/runner/work/ozone/ozone/hadoop-ozone/integration-test/target/test-dir/MiniOzoneClusterImpl-df80a8b8-78a2-47d1-a2cb-ee48e7cc81f7/datanode-11/data-0/containers/hdds to VolumeSet
2024-01-17 07:57:07,621 [main] INFO  volume.MutableVolumeSet (MutableVolumeSet.java:initializeVolumeSet(173)) - Added Volume : /home/runner/work/ozone/ozone/hadoop-ozone/integration-test/target/test-dir/MiniOzoneClusterImpl-df80a8b8-78a2-47d1-a2cb-ee48e7cc81f7/datanode-11/data/ratis to VolumeSet
2024-01-17 07:57:07,622 [main] INFO  ozoneimpl.OzoneContainer (HddsVolumeUtil.java:loadAllHddsVolumeDbStore(103)) - Load 1 volumes DbStore cost: 0ms
2024-01-17 07:57:07,622 [2f83d896-2cfa-4348-ab65-ff7be0e3606c-ContainerReader-0] INFO  ozoneimpl.ContainerReader (ContainerReader.java:readVolume(178)) - Finish verifying containers on volume /home/runner/work/ozone/ozone/hadoop-ozone/integration-test/target/test-dir/MiniOzoneClusterImpl-df80a8b8-78a2-47d1-a2cb-ee48e7cc81f7/datanode-11/data-0/containers/hdds
2024-01-17 07:57:07,622 [main] INFO  ozoneimpl.OzoneContainer (OzoneContainer.java:buildContainerSet(328)) - Build ContainerSet costs 0s
2024-01-17 07:57:07,624 [main] INFO  server.RaftServer (ConfUtils.java:logGet(46)) - raft.rpc.type = GRPC (default)
2024-01-17 07:57:07,624 [main] INFO  grpc.GrpcConfigKeys (ConfUtils.java:logFallback(53)) - raft.grpc.admin.host = null (fallback to raft.grpc.server.host)
2024-01-17 07:57:07,625 [main] INFO  grpc.GrpcConfigKeys (ConfUtils.java:logGet(46)) - raft.grpc.admin.port = 15112 (custom)
2024-01-17 07:57:07,625 [main] INFO  grpc.GrpcConfigKeys (ConfUtils.java:logFallback(53)) - raft.grpc.client.host = null (fallback to raft.grpc.server.host)
2024-01-17 07:57:07,625 [main] INFO  grpc.GrpcConfigKeys (ConfUtils.java:logGet(46)) - raft.grpc.client.port = 15111 (custom)
2024-01-17 07:57:07,625 [main] INFO  grpc.GrpcConfigKeys (ConfUtils.java:logGet(46)) - raft.grpc.server.host = null (default)
2024-01-17 07:57:07,625 [main] INFO  grpc.GrpcConfigKeys (ConfUtils.java:logGet(46)) - raft.grpc.server.port = 15113 (custom)
2024-01-17 07:57:07,625 [main] INFO  server.GrpcService (ConfUtils.java:logGet(46)) - raft.grpc.message.size.max = 32MB (=33554432) (custom)
2024-01-17 07:57:07,625 [main] INFO  server.RaftServerConfigKeys (ConfUtils.java:logGet(46)) - raft.server.log.appender.buffer.byte-limit = 8388608 (custom)
2024-01-17 07:57:07,625 [main] INFO  server.GrpcService (ConfUtils.java:logGet(46)) - raft.grpc.flow.control.window = 5MB (=5242880) (custom)
2024-01-17 07:57:07,625 [main] INFO  server.RaftServerConfigKeys (ConfUtils.java:logGet(46)) - raft.server.rpc.request.timeout = 60s (custom)
2024-01-17 07:57:07,626 [main] INFO  grpc.GrpcConfigKeys (ConfUtils.java:logGet(46)) - raft.grpc.server.heartbeat.channel = true (default)
2024-01-17 07:57:07,626 [main] INFO  grpc.GrpcConfigKeys (ConfUtils.java:logGet(46)) - raft.grpc.server.async.request.thread.pool.cached = true (default)
2024-01-17 07:57:07,626 [main] INFO  grpc.GrpcConfigKeys (ConfUtils.java:logGet(46)) - raft.grpc.server.async.request.thread.pool.size = 32 (default)
2024-01-17 07:57:07,628 [main] INFO  impl.DataStreamServerImpl (ConfUtils.java:logGet(46)) - raft.datastream.type = NETTY (custom)
2024-01-17 07:57:07,629 [main] INFO  server.RaftServerConfigKeys (ConfUtils.java:logGet(46)) - raft.server.data-stream.async.request.thread.pool.cached = false (default)
2024-01-17 07:57:07,629 [main] INFO  server.RaftServerConfigKeys (ConfUtils.java:logGet(46)) - raft.server.data-stream.async.request.thread.pool.size = 20 (custom)
2024-01-17 07:57:07,629 [main] INFO  server.RaftServerConfigKeys (ConfUtils.java:logGet(46)) - raft.server.data-stream.async.write.thread.pool.size = 16 (default)
2024-01-17 07:57:07,629 [main] INFO  netty.NettyConfigKeys$DataStream (ConfUtils.java:logGet(46)) - raft.netty.dataStream.server.channel.inactive.grace-period = 10min (default)
2024-01-17 07:57:07,630 [main] INFO  server.RaftServerConfigKeys (ConfUtils.java:logGet(46)) - raft.server.data-stream.client.pool.size = 10 (default)
2024-01-17 07:57:07,630 [main] INFO  netty.NettyConfigKeys$DataStream (ConfUtils.java:logGet(46)) - raft.netty.dataStream.server.use-epoll = true (default)
2024-01-17 07:57:07,630 [main] INFO  netty.NettyConfigKeys$DataStream (ConfUtils.java:logGet(46)) - raft.netty.dataStream.server.boss-group.size = 0 (default)
2024-01-17 07:57:07,630 [main] INFO  netty.NettyUtils (NettyUtils.java:newEventLoopGroup(69)) - Create EpollEventLoopGroup for 2f83d896-2cfa-4348-ab65-ff7be0e3606c-NettyServerStreamRpc-bossGroup; Thread size is 0.
2024-01-17 07:57:07,631 [main] INFO  netty.NettyConfigKeys$DataStream (ConfUtils.java:logGet(46)) - raft.netty.dataStream.server.worker-group.size = 0 (default)
2024-01-17 07:57:07,631 [main] INFO  netty.NettyUtils (NettyUtils.java:newEventLoopGroup(69)) - Create EpollEventLoopGroup for 2f83d896-2cfa-4348-ab65-ff7be0e3606c-NettyServerStreamRpc-workerGroup; Thread size is 0.
2024-01-17 07:57:07,632 [main] INFO  netty.NettyConfigKeys$DataStream (ConfUtils.java:logGet(46)) - raft.netty.dataStream.server.tls.conf = null (default)
2024-01-17 07:57:07,632 [main] INFO  netty.NettyConfigKeys$DataStream (ConfUtils.java:logGet(46)) - raft.netty.dataStream.host = null (default)
2024-01-17 07:57:07,632 [main] INFO  netty.NettyConfigKeys$DataStream (ConfUtils.java:logGet(46)) - raft.netty.dataStream.port = 15114 (custom)
2024-01-17 07:57:07,633 [main] INFO  server.RaftServerConfigKeys (ConfUtils.java:logGet(46)) - raft.server.sleep.deviation.threshold = 300ms (default)
2024-01-17 07:57:07,634 [main] INFO  server.RaftServerConfigKeys (ConfUtils.java:logGet(46)) - raft.server.close.threshold = 60s (default)
2024-01-17 07:57:07,635 [main] INFO  server.RaftServerConfigKeys (ConfUtils.java:logGet(46)) - raft.server.leaderelection.leader.step-down.wait-time = 10s (default)
2024-01-17 07:57:07,635 [2f83d896-2cfa-4348-ab65-ff7be0e3606c-NettyServerStreamRpc-bossGroup--thread1] INFO  logging.LoggingHandler (AbstractInternalLogger.java:log(148)) - [id: 0xf37715d9] REGISTERED
2024-01-17 07:57:07,635 [2f83d896-2cfa-4348-ab65-ff7be0e3606c-NettyServerStreamRpc-bossGroup--thread1] INFO  logging.LoggingHandler (AbstractInternalLogger.java:log(148)) - [id: 0xf37715d9] BIND: 0.0.0.0/0.0.0.0:15114
2024-01-17 07:57:07,635 [2f83d896-2cfa-4348-ab65-ff7be0e3606c-NettyServerStreamRpc-bossGroup--thread1] INFO  logging.LoggingHandler (AbstractInternalLogger.java:log(148)) - [id: 0xf37715d9, L:/0.0.0.0:15114] ACTIVE
2024-01-17 07:57:07,635 [main] INFO  server.RaftServerConfigKeys (ConfUtils.java:logGet(46)) - raft.server.storage.dir = [/home/runner/work/ozone/ozone/hadoop-ozone/integration-test/target/test-dir/MiniOzoneClusterImpl-df80a8b8-78a2-47d1-a2cb-ee48e7cc81f7/datanode-11/data/ratis] (custom)
2024-01-17 07:57:07,636 [main] INFO  server.RaftServerConfigKeys (ConfUtils.java:logGet(46)) - raft.server.threadpool.proxy.cached = true (default)
2024-01-17 07:57:07,636 [main] INFO  server.RaftServerConfigKeys (ConfUtils.java:logGet(46)) - raft.server.threadpool.proxy.size = 0 (default)
2024-01-17 07:57:07,639 [2f83d896-2cfa-4348-ab65-ff7be0e3606c-impl-thread1] INFO  server.RaftServer (RaftServerProxy.java:initGroupDir(264)) - 2f83d896-2cfa-4348-ab65-ff7be0e3606c: found a subdirectory /home/runner/work/ozone/ozone/hadoop-ozone/integration-test/target/test-dir/MiniOzoneClusterImpl-df80a8b8-78a2-47d1-a2cb-ee48e7cc81f7/datanode-11/data/ratis/tmp
2024-01-17 07:57:07,639 [2f83d896-2cfa-4348-ab65-ff7be0e3606c-impl-thread1] INFO  server.RaftServer (RaftServerProxy.java:initGroupDir(269)) - 2f83d896-2cfa-4348-ab65-ff7be0e3606c: The directory /home/runner/work/ozone/ozone/hadoop-ozone/integration-test/target/test-dir/MiniOzoneClusterImpl-df80a8b8-78a2-47d1-a2cb-ee48e7cc81f7/datanode-11/data/ratis/tmp is not a group directory; ignoring it. 
2024-01-17 07:57:07,640 [main] INFO  replication.ReplicationServer (ReplicationServer.java:<init>(85)) - Initializing replication server with thread count = 10 queue length = 4096
2024-01-17 07:57:07,641 [main] INFO  server.XceiverServerGrpc (XceiverServerGrpc.java:<init>(141)) - GrpcServer channel type EpollServerSocketChannel
2024-01-17 07:57:07,644 [main] INFO  replication.ReplicationSupervisor (ReplicationSupervisor.java:build(163)) - Initializing replication supervisor with thread count = 10
2024-01-17 07:57:07,644 [main] INFO  replication.ReplicationSupervisor (ReplicationSupervisor.java:nodeStateUpdated(317)) - Node state updated to IN_SERVICE, scaling executor pool size to 10
2024-01-17 07:57:07,646 [main] INFO  http.BaseHttpServer (BaseHttpServer.java:newHttpServer2BuilderForOzone(223)) - Starting Web-server for hddsDatanode at: http://0.0.0.0:15108
2024-01-17 07:57:07,647 [main] INFO  http.BaseHttpServer (BaseHttpServer.java:<init>(110)) - Hadoop Security Enabled: false Ozone Security Enabled: false Ozone HTTP Security Enabled: false 
2024-01-17 07:57:07,648 [main] WARN  server.AuthenticationFilter (AuthenticationFilter.java:constructSecretProvider(240)) - Unable to initialize FileSignerSecretProvider, falling back to use random secrets. Reason: Could not read signature secret file: /home/runner/hadoop-http-auth-signature-secret
2024-01-17 07:57:07,649 [main] INFO  http.HttpRequestLog (HttpRequestLog.java:getRequestLog(86)) - Http request log for http.requests.hddsDatanode is not defined
2024-01-17 07:57:07,650 [main] INFO  http.HttpServer2 (HttpServer2.java:addGlobalFilter(1036)) - Added global filter 'safety' (class=org.apache.hadoop.hdds.server.http.HttpServer2$QuotingInputFilter)
2024-01-17 07:57:07,651 [main] INFO  http.HttpServer2 (HttpServer2.java:addFilter(1012)) - Added filter static_user_filter (class=org.apache.hadoop.http.lib.StaticUserWebFilter$StaticUserFilter) to context hddsDatanode
2024-01-17 07:57:07,651 [main] INFO  http.HttpServer2 (HttpServer2.java:addFilter(1020)) - Added filter static_user_filter (class=org.apache.hadoop.http.lib.StaticUserWebFilter$StaticUserFilter) to context logs
2024-01-17 07:57:07,651 [main] INFO  http.HttpServer2 (HttpServer2.java:addFilter(1020)) - Added filter static_user_filter (class=org.apache.hadoop.http.lib.StaticUserWebFilter$StaticUserFilter) to context static
2024-01-17 07:57:07,652 [main] INFO  http.BaseHttpServer (BaseHttpServer.java:<init>(189)) - HTTP server of hddsDatanode uses base directory /home/runner/work/ozone/ozone/hadoop-ozone/integration-test/target/test-dir/MiniOzoneClusterImpl-df80a8b8-78a2-47d1-a2cb-ee48e7cc81f7/datanode-11/meta/webserver
2024-01-17 07:57:07,652 [main] INFO  http.HttpServer2 (HttpServer2.java:bindListener(1236)) - Jetty bound to port 15108
2024-01-17 07:57:07,652 [main] INFO  server.Server (Server.java:doStart(375)) - jetty-9.4.53.v20231009; built: 2023-10-09T12:29:09.265Z; git: 27bde00a0b95a1d5bbee0eae7984f891d2d0f8c9; jvm 1.8.0_392-b08
2024-01-17 07:57:07,654 [main] INFO  server.session (DefaultSessionIdManager.java:doStart(334)) - DefaultSessionIdManager workerName=node0
2024-01-17 07:57:07,654 [main] INFO  server.session (DefaultSessionIdManager.java:doStart(339)) - No SessionScavenger set, using defaults
2024-01-17 07:57:07,654 [main] INFO  server.session (HouseKeeper.java:startScavenging(132)) - node0 Scavenging every 660000ms
2024-01-17 07:57:07,655 [main] INFO  handler.ContextHandler (ContextHandler.java:doStart(921)) - Started o.e.j.s.ServletContextHandler@14644607{logs,/logs,file:///home/runner/work/ozone/ozone/hadoop-ozone/integration-test/target/log,AVAILABLE}
2024-01-17 07:57:07,655 [main] INFO  handler.ContextHandler (ContextHandler.java:doStart(921)) - Started o.e.j.s.ServletContextHandler@78707c5b{static,/static,jar:file:/home/runner/.m2/repository/org/apache/ozone/hdds-container-service/1.5.0-SNAPSHOT/hdds-container-service-1.5.0-SNAPSHOT.jar!/webapps/static,AVAILABLE}
2024-01-17 07:57:07,695 [main] INFO  handler.ContextHandler (ContextHandler.java:doStart(921)) - Started o.e.j.w.WebAppContext@7d0e257f{hddsDatanode,/,file:///home/runner/work/ozone/ozone/hadoop-ozone/integration-test/target/test-dir/MiniOzoneClusterImpl-df80a8b8-78a2-47d1-a2cb-ee48e7cc81f7/datanode-11/meta/webserver/jetty-0_0_0_0-15108-hdds-container-service-1_5_0-SNAPSHOT_jar-_-any-5146721391618489319/webapp/,AVAILABLE}{jar:file:/home/runner/.m2/repository/org/apache/ozone/hdds-container-service/1.5.0-SNAPSHOT/hdds-container-service-1.5.0-SNAPSHOT.jar!/webapps/hddsDatanode}
2024-01-17 07:57:07,698 [main] INFO  server.AbstractConnector (AbstractConnector.java:doStart(333)) - Started ServerConnector@5024d48a{HTTP/1.1, (http/1.1)}{0.0.0.0:15108}
2024-01-17 07:57:07,698 [main] INFO  server.Server (Server.java:doStart(415)) - Started @8301ms
2024-01-17 07:57:07,698 [main] WARN  impl.MetricsSystemImpl (MetricsSystemImpl.java:register(279)) - Sink prometheus already exists!
2024-01-17 07:57:07,699 [main] INFO  http.BaseHttpServer (BaseHttpServer.java:updateConnectorAddress(354)) - HTTP server of hddsDatanode listening at http://0.0.0.0:15108
2024-01-17 07:57:07,701 [main] INFO  ipc.CallQueueManager (CallQueueManager.java:<init>(90)) - Using callQueue: class java.util.concurrent.LinkedBlockingQueue, queueCapacity: 100, scheduler: class org.apache.hadoop.ipc.DefaultRpcScheduler, ipcBackoff: false.
2024-01-17 07:57:07,702 [main] INFO  ipc.Server (Server.java:<init>(1287)) - Listener at 0.0.0.0:15109
2024-01-17 07:57:07,702 [Socket Reader #1 for port 15109] INFO  ipc.Server (Server.java:run(1323)) - Starting Socket Reader #1 for port 15109
2024-01-17 07:57:07,706 [main] INFO  ozone.HddsDatanodeService (HddsDatanodeService.java:start(324)) - Datanode start with admins: [runner]
2024-01-17 07:57:07,706 [main] INFO  ozone.HddsDatanodeClientProtocolServer (HddsDatanodeClientProtocolServer.java:start(72)) - RPC server for Client /0.0.0.0:15109
2024-01-17 07:57:07,707 [IPC Server Responder] INFO  ipc.Server (Server.java:run(1562)) - IPC Server Responder: starting
2024-01-17 07:57:07,712 [IPC Server listener on 15109] INFO  ipc.Server (Server.java:run(1402)) - IPC Server listener on 15109: starting
2024-01-17 07:57:07,719 [main] WARN  dropwizard3.Dm3MetricRegistriesImpl (Dm3MetricRegistriesImpl.java:addReporterRegistration(113)) - New reporters are added after registries were created. Some metrics will be missing from the reporter. Please add reporter before adding any new registry.
2024-01-17 07:57:07,719 [main] WARN  dropwizard3.Dm3MetricRegistriesImpl (Dm3MetricRegistriesImpl.java:addReporterRegistration(113)) - New reporters are added after registries were created. Some metrics will be missing from the reporter. Please add reporter before adding any new registry.
2024-01-17 07:57:07,719 [main] INFO  impl.MetricsSystemImpl (MetricsSystemImpl.java:init(158)) - HddsDatanode metrics system started (again)
2024-01-17 07:57:07,720 [2f83d896-2cfa-4348-ab65-ff7be0e3606c-DatanodeStateMachineDaemonThread] INFO  statemachine.DatanodeStateMachine (DatanodeStateMachine.java:lambda$startDaemon$1(555)) - Ozone container server started.
2024-01-17 07:57:07,729 [2f83d896-2cfa-4348-ab65-ff7be0e3606c-DatanodeStateMachineTaskThread-0] INFO  datanode.InitDatanodeState (InitDatanodeState.java:persistContainerDatanodeDetails(139)) - DatanodeDetails is persisted to /home/runner/work/ozone/ozone/hadoop-ozone/integration-test/target/test-dir/MiniOzoneClusterImpl-df80a8b8-78a2-47d1-a2cb-ee48e7cc81f7/datanode-11/meta/datanode.id
2024-01-17 07:57:07,732 [main] INFO  ozone.HddsDatanodeService (HddsDatanodeService.java:start(239)) - HddsDatanodeService host:fv-az1531-837.hsxikm2gdrvudnct5jqc1oiugc.ex.internal.cloudapp.net ip:10.1.0.6
2024-01-17 07:57:07,750 [main] INFO  upgrade.AbstractLayoutVersionManager (AbstractLayoutVersionManager.java:init(83)) - Initializing Layout version manager with metadata layout = HADOOP_PRC_PORTS_IN_DATANODEDETAILS (version = 7), software layout = HADOOP_PRC_PORTS_IN_DATANODEDETAILS (version = 7)
2024-01-17 07:57:07,751 [main] INFO  statemachine.DatanodeStateMachine (DatanodeStateMachine.java:getEndPointTaskThreadPoolSize(299)) - Datanode State Machine Task Thread Pool size 2
2024-01-17 07:57:07,753 [main] INFO  volume.HddsVolume (HddsVolume.java:<init>(125)) - Creating HddsVolume: /home/runner/work/ozone/ozone/hadoop-ozone/integration-test/target/test-dir/MiniOzoneClusterImpl-df80a8b8-78a2-47d1-a2cb-ee48e7cc81f7/datanode-12/data-0/containers/hdds of storage type : DISK capacity : 9223372036854775807
2024-01-17 07:57:07,753 [main] INFO  volume.MutableVolumeSet (MutableVolumeSet.java:initializeVolumeSet(173)) - Added Volume : /home/runner/work/ozone/ozone/hadoop-ozone/integration-test/target/test-dir/MiniOzoneClusterImpl-df80a8b8-78a2-47d1-a2cb-ee48e7cc81f7/datanode-12/data-0/containers/hdds to VolumeSet
2024-01-17 07:57:07,754 [main] INFO  volume.MutableVolumeSet (MutableVolumeSet.java:initializeVolumeSet(173)) - Added Volume : /home/runner/work/ozone/ozone/hadoop-ozone/integration-test/target/test-dir/MiniOzoneClusterImpl-df80a8b8-78a2-47d1-a2cb-ee48e7cc81f7/datanode-12/data/ratis to VolumeSet
2024-01-17 07:57:07,755 [main] INFO  ozoneimpl.OzoneContainer (HddsVolumeUtil.java:loadAllHddsVolumeDbStore(103)) - Load 1 volumes DbStore cost: 1ms
2024-01-17 07:57:07,755 [095610c8-62fc-4c22-bfcf-286f49511b09-ContainerReader-0] INFO  ozoneimpl.ContainerReader (ContainerReader.java:readVolume(178)) - Finish verifying containers on volume /home/runner/work/ozone/ozone/hadoop-ozone/integration-test/target/test-dir/MiniOzoneClusterImpl-df80a8b8-78a2-47d1-a2cb-ee48e7cc81f7/datanode-12/data-0/containers/hdds
2024-01-17 07:57:07,755 [main] INFO  ozoneimpl.OzoneContainer (OzoneContainer.java:buildContainerSet(328)) - Build ContainerSet costs 0s
2024-01-17 07:57:07,758 [main] INFO  server.RaftServer (ConfUtils.java:logGet(46)) - raft.rpc.type = GRPC (default)
2024-01-17 07:57:07,758 [main] INFO  grpc.GrpcConfigKeys (ConfUtils.java:logFallback(53)) - raft.grpc.admin.host = null (fallback to raft.grpc.server.host)
2024-01-17 07:57:07,758 [main] INFO  grpc.GrpcConfigKeys (ConfUtils.java:logGet(46)) - raft.grpc.admin.port = 15121 (custom)
2024-01-17 07:57:07,759 [main] INFO  grpc.GrpcConfigKeys (ConfUtils.java:logFallback(53)) - raft.grpc.client.host = null (fallback to raft.grpc.server.host)
2024-01-17 07:57:07,759 [main] INFO  grpc.GrpcConfigKeys (ConfUtils.java:logGet(46)) - raft.grpc.client.port = 15120 (custom)
2024-01-17 07:57:07,759 [main] INFO  grpc.GrpcConfigKeys (ConfUtils.java:logGet(46)) - raft.grpc.server.host = null (default)
2024-01-17 07:57:07,759 [main] INFO  grpc.GrpcConfigKeys (ConfUtils.java:logGet(46)) - raft.grpc.server.port = 15122 (custom)
2024-01-17 07:57:07,759 [main] INFO  server.GrpcService (ConfUtils.java:logGet(46)) - raft.grpc.message.size.max = 32MB (=33554432) (custom)
2024-01-17 07:57:07,759 [main] INFO  server.RaftServerConfigKeys (ConfUtils.java:logGet(46)) - raft.server.log.appender.buffer.byte-limit = 8388608 (custom)
2024-01-17 07:57:07,760 [main] INFO  server.GrpcService (ConfUtils.java:logGet(46)) - raft.grpc.flow.control.window = 5MB (=5242880) (custom)
2024-01-17 07:57:07,760 [main] INFO  server.RaftServerConfigKeys (ConfUtils.java:logGet(46)) - raft.server.rpc.request.timeout = 60s (custom)
2024-01-17 07:57:07,760 [main] INFO  grpc.GrpcConfigKeys (ConfUtils.java:logGet(46)) - raft.grpc.server.heartbeat.channel = true (default)
2024-01-17 07:57:07,760 [main] INFO  grpc.GrpcConfigKeys (ConfUtils.java:logGet(46)) - raft.grpc.server.async.request.thread.pool.cached = true (default)
2024-01-17 07:57:07,760 [main] INFO  grpc.GrpcConfigKeys (ConfUtils.java:logGet(46)) - raft.grpc.server.async.request.thread.pool.size = 32 (default)
2024-01-17 07:57:07,762 [main] INFO  impl.DataStreamServerImpl (ConfUtils.java:logGet(46)) - raft.datastream.type = NETTY (custom)
2024-01-17 07:57:07,763 [main] INFO  server.RaftServerConfigKeys (ConfUtils.java:logGet(46)) - raft.server.data-stream.async.request.thread.pool.cached = false (default)
2024-01-17 07:57:07,763 [main] INFO  server.RaftServerConfigKeys (ConfUtils.java:logGet(46)) - raft.server.data-stream.async.request.thread.pool.size = 20 (custom)
2024-01-17 07:57:07,763 [main] INFO  server.RaftServerConfigKeys (ConfUtils.java:logGet(46)) - raft.server.data-stream.async.write.thread.pool.size = 16 (default)
2024-01-17 07:57:07,763 [main] INFO  netty.NettyConfigKeys$DataStream (ConfUtils.java:logGet(46)) - raft.netty.dataStream.server.channel.inactive.grace-period = 10min (default)
2024-01-17 07:57:07,763 [main] INFO  server.RaftServerConfigKeys (ConfUtils.java:logGet(46)) - raft.server.data-stream.client.pool.size = 10 (default)
2024-01-17 07:57:07,764 [main] INFO  netty.NettyConfigKeys$DataStream (ConfUtils.java:logGet(46)) - raft.netty.dataStream.server.use-epoll = true (default)
2024-01-17 07:57:07,764 [main] INFO  netty.NettyConfigKeys$DataStream (ConfUtils.java:logGet(46)) - raft.netty.dataStream.server.boss-group.size = 0 (default)
2024-01-17 07:57:07,764 [main] INFO  netty.NettyUtils (NettyUtils.java:newEventLoopGroup(69)) - Create EpollEventLoopGroup for 095610c8-62fc-4c22-bfcf-286f49511b09-NettyServerStreamRpc-bossGroup; Thread size is 0.
2024-01-17 07:57:07,764 [main] INFO  netty.NettyConfigKeys$DataStream (ConfUtils.java:logGet(46)) - raft.netty.dataStream.server.worker-group.size = 0 (default)
2024-01-17 07:57:07,765 [main] INFO  netty.NettyUtils (NettyUtils.java:newEventLoopGroup(69)) - Create EpollEventLoopGroup for 095610c8-62fc-4c22-bfcf-286f49511b09-NettyServerStreamRpc-workerGroup; Thread size is 0.
2024-01-17 07:57:07,765 [main] INFO  netty.NettyConfigKeys$DataStream (ConfUtils.java:logGet(46)) - raft.netty.dataStream.server.tls.conf = null (default)
2024-01-17 07:57:07,765 [main] INFO  netty.NettyConfigKeys$DataStream (ConfUtils.java:logGet(46)) - raft.netty.dataStream.host = null (default)
2024-01-17 07:57:07,765 [main] INFO  netty.NettyConfigKeys$DataStream (ConfUtils.java:logGet(46)) - raft.netty.dataStream.port = 15123 (custom)
2024-01-17 07:57:07,766 [main] INFO  server.RaftServerConfigKeys (ConfUtils.java:logGet(46)) - raft.server.sleep.deviation.threshold = 300ms (default)
2024-01-17 07:57:07,767 [main] INFO  server.RaftServerConfigKeys (ConfUtils.java:logGet(46)) - raft.server.close.threshold = 60s (default)
2024-01-17 07:57:07,767 [095610c8-62fc-4c22-bfcf-286f49511b09-NettyServerStreamRpc-bossGroup--thread1] INFO  logging.LoggingHandler (AbstractInternalLogger.java:log(148)) - [id: 0xf375706a] REGISTERED
2024-01-17 07:57:07,767 [main] INFO  server.RaftServerConfigKeys (ConfUtils.java:logGet(46)) - raft.server.leaderelection.leader.step-down.wait-time = 10s (default)
2024-01-17 07:57:07,768 [095610c8-62fc-4c22-bfcf-286f49511b09-NettyServerStreamRpc-bossGroup--thread1] INFO  logging.LoggingHandler (AbstractInternalLogger.java:log(148)) - [id: 0xf375706a] BIND: 0.0.0.0/0.0.0.0:15123
2024-01-17 07:57:07,768 [main] INFO  server.RaftServerConfigKeys (ConfUtils.java:logGet(46)) - raft.server.storage.dir = [/home/runner/work/ozone/ozone/hadoop-ozone/integration-test/target/test-dir/MiniOzoneClusterImpl-df80a8b8-78a2-47d1-a2cb-ee48e7cc81f7/datanode-12/data/ratis] (custom)
2024-01-17 07:57:07,768 [095610c8-62fc-4c22-bfcf-286f49511b09-NettyServerStreamRpc-bossGroup--thread1] INFO  logging.LoggingHandler (AbstractInternalLogger.java:log(148)) - [id: 0xf375706a, L:/0.0.0.0:15123] ACTIVE
2024-01-17 07:57:07,768 [main] INFO  server.RaftServerConfigKeys (ConfUtils.java:logGet(46)) - raft.server.threadpool.proxy.cached = true (default)
2024-01-17 07:57:07,768 [main] INFO  server.RaftServerConfigKeys (ConfUtils.java:logGet(46)) - raft.server.threadpool.proxy.size = 0 (default)
2024-01-17 07:57:07,768 [095610c8-62fc-4c22-bfcf-286f49511b09-impl-thread1] INFO  server.RaftServer (RaftServerProxy.java:initGroupDir(264)) - 095610c8-62fc-4c22-bfcf-286f49511b09: found a subdirectory /home/runner/work/ozone/ozone/hadoop-ozone/integration-test/target/test-dir/MiniOzoneClusterImpl-df80a8b8-78a2-47d1-a2cb-ee48e7cc81f7/datanode-12/data/ratis/tmp
2024-01-17 07:57:07,769 [095610c8-62fc-4c22-bfcf-286f49511b09-impl-thread1] INFO  server.RaftServer (RaftServerProxy.java:initGroupDir(269)) - 095610c8-62fc-4c22-bfcf-286f49511b09: The directory /home/runner/work/ozone/ozone/hadoop-ozone/integration-test/target/test-dir/MiniOzoneClusterImpl-df80a8b8-78a2-47d1-a2cb-ee48e7cc81f7/datanode-12/data/ratis/tmp is not a group directory; ignoring it. 
2024-01-17 07:57:07,769 [main] INFO  replication.ReplicationServer (ReplicationServer.java:<init>(85)) - Initializing replication server with thread count = 10 queue length = 4096
2024-01-17 07:57:07,770 [main] INFO  server.XceiverServerGrpc (XceiverServerGrpc.java:<init>(141)) - GrpcServer channel type EpollServerSocketChannel
2024-01-17 07:57:07,771 [main] INFO  replication.ReplicationSupervisor (ReplicationSupervisor.java:build(163)) - Initializing replication supervisor with thread count = 10
2024-01-17 07:57:07,771 [main] INFO  replication.ReplicationSupervisor (ReplicationSupervisor.java:nodeStateUpdated(317)) - Node state updated to IN_SERVICE, scaling executor pool size to 10
2024-01-17 07:57:07,773 [main] INFO  http.BaseHttpServer (BaseHttpServer.java:newHttpServer2BuilderForOzone(223)) - Starting Web-server for hddsDatanode at: http://0.0.0.0:15117
2024-01-17 07:57:07,773 [main] INFO  http.BaseHttpServer (BaseHttpServer.java:<init>(110)) - Hadoop Security Enabled: false Ozone Security Enabled: false Ozone HTTP Security Enabled: false 
2024-01-17 07:57:07,774 [main] WARN  server.AuthenticationFilter (AuthenticationFilter.java:constructSecretProvider(240)) - Unable to initialize FileSignerSecretProvider, falling back to use random secrets. Reason: Could not read signature secret file: /home/runner/hadoop-http-auth-signature-secret
2024-01-17 07:57:07,774 [main] INFO  http.HttpRequestLog (HttpRequestLog.java:getRequestLog(86)) - Http request log for http.requests.hddsDatanode is not defined
2024-01-17 07:57:07,775 [main] INFO  http.HttpServer2 (HttpServer2.java:addGlobalFilter(1036)) - Added global filter 'safety' (class=org.apache.hadoop.hdds.server.http.HttpServer2$QuotingInputFilter)
2024-01-17 07:57:07,776 [main] INFO  http.HttpServer2 (HttpServer2.java:addFilter(1012)) - Added filter static_user_filter (class=org.apache.hadoop.http.lib.StaticUserWebFilter$StaticUserFilter) to context hddsDatanode
2024-01-17 07:57:07,776 [main] INFO  http.HttpServer2 (HttpServer2.java:addFilter(1020)) - Added filter static_user_filter (class=org.apache.hadoop.http.lib.StaticUserWebFilter$StaticUserFilter) to context logs
2024-01-17 07:57:07,776 [main] INFO  http.HttpServer2 (HttpServer2.java:addFilter(1020)) - Added filter static_user_filter (class=org.apache.hadoop.http.lib.StaticUserWebFilter$StaticUserFilter) to context static
2024-01-17 07:57:07,777 [main] INFO  http.BaseHttpServer (BaseHttpServer.java:<init>(189)) - HTTP server of hddsDatanode uses base directory /home/runner/work/ozone/ozone/hadoop-ozone/integration-test/target/test-dir/MiniOzoneClusterImpl-df80a8b8-78a2-47d1-a2cb-ee48e7cc81f7/datanode-12/meta/webserver
2024-01-17 07:57:07,777 [main] INFO  http.HttpServer2 (HttpServer2.java:bindListener(1236)) - Jetty bound to port 15117
2024-01-17 07:57:07,777 [main] INFO  server.Server (Server.java:doStart(375)) - jetty-9.4.53.v20231009; built: 2023-10-09T12:29:09.265Z; git: 27bde00a0b95a1d5bbee0eae7984f891d2d0f8c9; jvm 1.8.0_392-b08
2024-01-17 07:57:07,778 [main] INFO  server.session (DefaultSessionIdManager.java:doStart(334)) - DefaultSessionIdManager workerName=node0
2024-01-17 07:57:07,778 [main] INFO  server.session (DefaultSessionIdManager.java:doStart(339)) - No SessionScavenger set, using defaults
2024-01-17 07:57:07,778 [main] INFO  server.session (HouseKeeper.java:startScavenging(132)) - node0 Scavenging every 660000ms
2024-01-17 07:57:07,778 [main] INFO  handler.ContextHandler (ContextHandler.java:doStart(921)) - Started o.e.j.s.ServletContextHandler@a8424d1{logs,/logs,file:///home/runner/work/ozone/ozone/hadoop-ozone/integration-test/target/log,AVAILABLE}
2024-01-17 07:57:07,779 [main] INFO  handler.ContextHandler (ContextHandler.java:doStart(921)) - Started o.e.j.s.ServletContextHandler@386251be{static,/static,jar:file:/home/runner/.m2/repository/org/apache/ozone/hdds-container-service/1.5.0-SNAPSHOT/hdds-container-service-1.5.0-SNAPSHOT.jar!/webapps/static,AVAILABLE}
2024-01-17 07:57:07,812 [main] INFO  handler.ContextHandler (ContextHandler.java:doStart(921)) - Started o.e.j.w.WebAppContext@44fbcdf2{hddsDatanode,/,file:///home/runner/work/ozone/ozone/hadoop-ozone/integration-test/target/test-dir/MiniOzoneClusterImpl-df80a8b8-78a2-47d1-a2cb-ee48e7cc81f7/datanode-12/meta/webserver/jetty-0_0_0_0-15117-hdds-container-service-1_5_0-SNAPSHOT_jar-_-any-5642657673294709008/webapp/,AVAILABLE}{jar:file:/home/runner/.m2/repository/org/apache/ozone/hdds-container-service/1.5.0-SNAPSHOT/hdds-container-service-1.5.0-SNAPSHOT.jar!/webapps/hddsDatanode}
2024-01-17 07:57:07,815 [main] INFO  server.AbstractConnector (AbstractConnector.java:doStart(333)) - Started ServerConnector@34de5821{HTTP/1.1, (http/1.1)}{0.0.0.0:15117}
2024-01-17 07:57:07,815 [main] INFO  server.Server (Server.java:doStart(415)) - Started @8418ms
2024-01-17 07:57:07,816 [main] WARN  impl.MetricsSystemImpl (MetricsSystemImpl.java:register(279)) - Sink prometheus already exists!
2024-01-17 07:57:07,816 [main] INFO  http.BaseHttpServer (BaseHttpServer.java:updateConnectorAddress(354)) - HTTP server of hddsDatanode listening at http://0.0.0.0:15117
2024-01-17 07:57:07,816 [main] INFO  ipc.CallQueueManager (CallQueueManager.java:<init>(90)) - Using callQueue: class java.util.concurrent.LinkedBlockingQueue, queueCapacity: 100, scheduler: class org.apache.hadoop.ipc.DefaultRpcScheduler, ipcBackoff: false.
2024-01-17 07:57:07,817 [main] INFO  ipc.Server (Server.java:<init>(1287)) - Listener at 0.0.0.0:15118
2024-01-17 07:57:07,817 [Socket Reader #1 for port 15118] INFO  ipc.Server (Server.java:run(1323)) - Starting Socket Reader #1 for port 15118
2024-01-17 07:57:07,819 [main] INFO  ozone.HddsDatanodeService (HddsDatanodeService.java:start(324)) - Datanode start with admins: [runner]
2024-01-17 07:57:07,819 [main] INFO  ozone.HddsDatanodeClientProtocolServer (HddsDatanodeClientProtocolServer.java:start(72)) - RPC server for Client /0.0.0.0:15118
2024-01-17 07:57:07,820 [IPC Server Responder] INFO  ipc.Server (Server.java:run(1562)) - IPC Server Responder: starting
2024-01-17 07:57:07,820 [IPC Server listener on 15118] INFO  ipc.Server (Server.java:run(1402)) - IPC Server listener on 15118: starting
2024-01-17 07:57:07,824 [095610c8-62fc-4c22-bfcf-286f49511b09-DatanodeStateMachineDaemonThread] INFO  statemachine.DatanodeStateMachine (DatanodeStateMachine.java:lambda$startDaemon$1(555)) - Ozone container server started.
2024-01-17 07:57:07,825 [main] WARN  dropwizard3.Dm3MetricRegistriesImpl (Dm3MetricRegistriesImpl.java:addReporterRegistration(113)) - New reporters are added after registries were created. Some metrics will be missing from the reporter. Please add reporter before adding any new registry.
2024-01-17 07:57:07,825 [main] WARN  dropwizard3.Dm3MetricRegistriesImpl (Dm3MetricRegistriesImpl.java:addReporterRegistration(113)) - New reporters are added after registries were created. Some metrics will be missing from the reporter. Please add reporter before adding any new registry.
2024-01-17 07:57:07,825 [main] INFO  impl.MetricsSystemImpl (MetricsSystemImpl.java:init(158)) - HddsDatanode metrics system started (again)
2024-01-17 07:57:07,834 [main] INFO  ozone.HddsDatanodeService (HddsDatanodeService.java:start(239)) - HddsDatanodeService host:fv-az1531-837.hsxikm2gdrvudnct5jqc1oiugc.ex.internal.cloudapp.net ip:10.1.0.6
2024-01-17 07:57:07,836 [095610c8-62fc-4c22-bfcf-286f49511b09-DatanodeStateMachineTaskThread-0] INFO  datanode.InitDatanodeState (InitDatanodeState.java:persistContainerDatanodeDetails(139)) - DatanodeDetails is persisted to /home/runner/work/ozone/ozone/hadoop-ozone/integration-test/target/test-dir/MiniOzoneClusterImpl-df80a8b8-78a2-47d1-a2cb-ee48e7cc81f7/datanode-12/meta/datanode.id
2024-01-17 07:57:07,862 [main] INFO  upgrade.AbstractLayoutVersionManager (AbstractLayoutVersionManager.java:init(83)) - Initializing Layout version manager with metadata layout = HADOOP_PRC_PORTS_IN_DATANODEDETAILS (version = 7), software layout = HADOOP_PRC_PORTS_IN_DATANODEDETAILS (version = 7)
2024-01-17 07:57:07,863 [main] INFO  statemachine.DatanodeStateMachine (DatanodeStateMachine.java:getEndPointTaskThreadPoolSize(299)) - Datanode State Machine Task Thread Pool size 2
2024-01-17 07:57:07,864 [main] INFO  volume.HddsVolume (HddsVolume.java:<init>(125)) - Creating HddsVolume: /home/runner/work/ozone/ozone/hadoop-ozone/integration-test/target/test-dir/MiniOzoneClusterImpl-df80a8b8-78a2-47d1-a2cb-ee48e7cc81f7/datanode-13/data-0/containers/hdds of storage type : DISK capacity : 9223372036854775807
2024-01-17 07:57:07,865 [main] INFO  volume.MutableVolumeSet (MutableVolumeSet.java:initializeVolumeSet(173)) - Added Volume : /home/runner/work/ozone/ozone/hadoop-ozone/integration-test/target/test-dir/MiniOzoneClusterImpl-df80a8b8-78a2-47d1-a2cb-ee48e7cc81f7/datanode-13/data-0/containers/hdds to VolumeSet
2024-01-17 07:57:07,865 [main] INFO  volume.MutableVolumeSet (MutableVolumeSet.java:initializeVolumeSet(173)) - Added Volume : /home/runner/work/ozone/ozone/hadoop-ozone/integration-test/target/test-dir/MiniOzoneClusterImpl-df80a8b8-78a2-47d1-a2cb-ee48e7cc81f7/datanode-13/data/ratis to VolumeSet
2024-01-17 07:57:07,866 [main] INFO  ozoneimpl.OzoneContainer (HddsVolumeUtil.java:loadAllHddsVolumeDbStore(103)) - Load 1 volumes DbStore cost: 0ms
2024-01-17 07:57:07,871 [5865e1e6-01b8-4105-ae74-1d7d4234e7ae-ContainerReader-0] INFO  ozoneimpl.ContainerReader (ContainerReader.java:readVolume(178)) - Finish verifying containers on volume /home/runner/work/ozone/ozone/hadoop-ozone/integration-test/target/test-dir/MiniOzoneClusterImpl-df80a8b8-78a2-47d1-a2cb-ee48e7cc81f7/datanode-13/data-0/containers/hdds
2024-01-17 07:57:07,871 [main] INFO  ozoneimpl.OzoneContainer (OzoneContainer.java:buildContainerSet(328)) - Build ContainerSet costs 0s
2024-01-17 07:57:07,874 [main] INFO  server.RaftServer (ConfUtils.java:logGet(46)) - raft.rpc.type = GRPC (default)
2024-01-17 07:57:07,875 [main] INFO  grpc.GrpcConfigKeys (ConfUtils.java:logFallback(53)) - raft.grpc.admin.host = null (fallback to raft.grpc.server.host)
2024-01-17 07:57:07,875 [main] INFO  grpc.GrpcConfigKeys (ConfUtils.java:logGet(46)) - raft.grpc.admin.port = 15130 (custom)
2024-01-17 07:57:07,875 [main] INFO  grpc.GrpcConfigKeys (ConfUtils.java:logFallback(53)) - raft.grpc.client.host = null (fallback to raft.grpc.server.host)
2024-01-17 07:57:07,875 [main] INFO  grpc.GrpcConfigKeys (ConfUtils.java:logGet(46)) - raft.grpc.client.port = 15129 (custom)
2024-01-17 07:57:07,875 [main] INFO  grpc.GrpcConfigKeys (ConfUtils.java:logGet(46)) - raft.grpc.server.host = null (default)
2024-01-17 07:57:07,876 [main] INFO  grpc.GrpcConfigKeys (ConfUtils.java:logGet(46)) - raft.grpc.server.port = 15131 (custom)
2024-01-17 07:57:07,876 [main] INFO  server.GrpcService (ConfUtils.java:logGet(46)) - raft.grpc.message.size.max = 32MB (=33554432) (custom)
2024-01-17 07:57:07,876 [main] INFO  server.RaftServerConfigKeys (ConfUtils.java:logGet(46)) - raft.server.log.appender.buffer.byte-limit = 8388608 (custom)
2024-01-17 07:57:07,876 [main] INFO  server.GrpcService (ConfUtils.java:logGet(46)) - raft.grpc.flow.control.window = 5MB (=5242880) (custom)
2024-01-17 07:57:07,876 [main] INFO  server.RaftServerConfigKeys (ConfUtils.java:logGet(46)) - raft.server.rpc.request.timeout = 60s (custom)
2024-01-17 07:57:07,877 [main] INFO  grpc.GrpcConfigKeys (ConfUtils.java:logGet(46)) - raft.grpc.server.heartbeat.channel = true (default)
2024-01-17 07:57:07,877 [main] INFO  grpc.GrpcConfigKeys (ConfUtils.java:logGet(46)) - raft.grpc.server.async.request.thread.pool.cached = true (default)
2024-01-17 07:57:07,877 [main] INFO  grpc.GrpcConfigKeys (ConfUtils.java:logGet(46)) - raft.grpc.server.async.request.thread.pool.size = 32 (default)
2024-01-17 07:57:07,880 [main] INFO  impl.DataStreamServerImpl (ConfUtils.java:logGet(46)) - raft.datastream.type = NETTY (custom)
2024-01-17 07:57:07,880 [main] INFO  server.RaftServerConfigKeys (ConfUtils.java:logGet(46)) - raft.server.data-stream.async.request.thread.pool.cached = false (default)
2024-01-17 07:57:07,881 [main] INFO  server.RaftServerConfigKeys (ConfUtils.java:logGet(46)) - raft.server.data-stream.async.request.thread.pool.size = 20 (custom)
2024-01-17 07:57:07,881 [main] INFO  server.RaftServerConfigKeys (ConfUtils.java:logGet(46)) - raft.server.data-stream.async.write.thread.pool.size = 16 (default)
2024-01-17 07:57:07,881 [main] INFO  netty.NettyConfigKeys$DataStream (ConfUtils.java:logGet(46)) - raft.netty.dataStream.server.channel.inactive.grace-period = 10min (default)
2024-01-17 07:57:07,881 [main] INFO  server.RaftServerConfigKeys (ConfUtils.java:logGet(46)) - raft.server.data-stream.client.pool.size = 10 (default)
2024-01-17 07:57:07,881 [main] INFO  netty.NettyConfigKeys$DataStream (ConfUtils.java:logGet(46)) - raft.netty.dataStream.server.use-epoll = true (default)
2024-01-17 07:57:07,881 [main] INFO  netty.NettyConfigKeys$DataStream (ConfUtils.java:logGet(46)) - raft.netty.dataStream.server.boss-group.size = 0 (default)
2024-01-17 07:57:07,881 [main] INFO  netty.NettyUtils (NettyUtils.java:newEventLoopGroup(69)) - Create EpollEventLoopGroup for 5865e1e6-01b8-4105-ae74-1d7d4234e7ae-NettyServerStreamRpc-bossGroup; Thread size is 0.
2024-01-17 07:57:07,882 [main] INFO  netty.NettyConfigKeys$DataStream (ConfUtils.java:logGet(46)) - raft.netty.dataStream.server.worker-group.size = 0 (default)
2024-01-17 07:57:07,882 [main] INFO  netty.NettyUtils (NettyUtils.java:newEventLoopGroup(69)) - Create EpollEventLoopGroup for 5865e1e6-01b8-4105-ae74-1d7d4234e7ae-NettyServerStreamRpc-workerGroup; Thread size is 0.
2024-01-17 07:57:07,882 [main] INFO  netty.NettyConfigKeys$DataStream (ConfUtils.java:logGet(46)) - raft.netty.dataStream.server.tls.conf = null (default)
2024-01-17 07:57:07,882 [main] INFO  netty.NettyConfigKeys$DataStream (ConfUtils.java:logGet(46)) - raft.netty.dataStream.host = null (default)
2024-01-17 07:57:07,883 [main] INFO  netty.NettyConfigKeys$DataStream (ConfUtils.java:logGet(46)) - raft.netty.dataStream.port = 15132 (custom)
2024-01-17 07:57:07,883 [main] INFO  server.RaftServerConfigKeys (ConfUtils.java:logGet(46)) - raft.server.sleep.deviation.threshold = 300ms (default)
2024-01-17 07:57:07,884 [main] INFO  server.RaftServerConfigKeys (ConfUtils.java:logGet(46)) - raft.server.close.threshold = 60s (default)
2024-01-17 07:57:07,885 [5865e1e6-01b8-4105-ae74-1d7d4234e7ae-NettyServerStreamRpc-bossGroup--thread1] INFO  logging.LoggingHandler (AbstractInternalLogger.java:log(148)) - [id: 0x9630c627] REGISTERED
2024-01-17 07:57:07,885 [main] INFO  server.RaftServerConfigKeys (ConfUtils.java:logGet(46)) - raft.server.leaderelection.leader.step-down.wait-time = 10s (default)
2024-01-17 07:57:07,885 [5865e1e6-01b8-4105-ae74-1d7d4234e7ae-NettyServerStreamRpc-bossGroup--thread1] INFO  logging.LoggingHandler (AbstractInternalLogger.java:log(148)) - [id: 0x9630c627] BIND: 0.0.0.0/0.0.0.0:15132
2024-01-17 07:57:07,885 [main] INFO  server.RaftServerConfigKeys (ConfUtils.java:logGet(46)) - raft.server.storage.dir = [/home/runner/work/ozone/ozone/hadoop-ozone/integration-test/target/test-dir/MiniOzoneClusterImpl-df80a8b8-78a2-47d1-a2cb-ee48e7cc81f7/datanode-13/data/ratis] (custom)
2024-01-17 07:57:07,885 [5865e1e6-01b8-4105-ae74-1d7d4234e7ae-NettyServerStreamRpc-bossGroup--thread1] INFO  logging.LoggingHandler (AbstractInternalLogger.java:log(148)) - [id: 0x9630c627, L:/0.0.0.0:15132] ACTIVE
2024-01-17 07:57:07,885 [main] INFO  server.RaftServerConfigKeys (ConfUtils.java:logGet(46)) - raft.server.threadpool.proxy.cached = true (default)
2024-01-17 07:57:07,886 [main] INFO  server.RaftServerConfigKeys (ConfUtils.java:logGet(46)) - raft.server.threadpool.proxy.size = 0 (default)
2024-01-17 07:57:07,886 [5865e1e6-01b8-4105-ae74-1d7d4234e7ae-impl-thread1] INFO  server.RaftServer (RaftServerProxy.java:initGroupDir(264)) - 5865e1e6-01b8-4105-ae74-1d7d4234e7ae: found a subdirectory /home/runner/work/ozone/ozone/hadoop-ozone/integration-test/target/test-dir/MiniOzoneClusterImpl-df80a8b8-78a2-47d1-a2cb-ee48e7cc81f7/datanode-13/data/ratis/tmp
2024-01-17 07:57:07,886 [5865e1e6-01b8-4105-ae74-1d7d4234e7ae-impl-thread1] INFO  server.RaftServer (RaftServerProxy.java:initGroupDir(269)) - 5865e1e6-01b8-4105-ae74-1d7d4234e7ae: The directory /home/runner/work/ozone/ozone/hadoop-ozone/integration-test/target/test-dir/MiniOzoneClusterImpl-df80a8b8-78a2-47d1-a2cb-ee48e7cc81f7/datanode-13/data/ratis/tmp is not a group directory; ignoring it. 
2024-01-17 07:57:07,886 [main] INFO  replication.ReplicationServer (ReplicationServer.java:<init>(85)) - Initializing replication server with thread count = 10 queue length = 4096
2024-01-17 07:57:07,887 [main] INFO  server.XceiverServerGrpc (XceiverServerGrpc.java:<init>(141)) - GrpcServer channel type EpollServerSocketChannel
2024-01-17 07:57:07,889 [main] INFO  replication.ReplicationSupervisor (ReplicationSupervisor.java:build(163)) - Initializing replication supervisor with thread count = 10
2024-01-17 07:57:07,889 [main] INFO  replication.ReplicationSupervisor (ReplicationSupervisor.java:nodeStateUpdated(317)) - Node state updated to IN_SERVICE, scaling executor pool size to 10
2024-01-17 07:57:07,890 [main] INFO  http.BaseHttpServer (BaseHttpServer.java:newHttpServer2BuilderForOzone(223)) - Starting Web-server for hddsDatanode at: http://0.0.0.0:15126
2024-01-17 07:57:07,890 [main] INFO  http.BaseHttpServer (BaseHttpServer.java:<init>(110)) - Hadoop Security Enabled: false Ozone Security Enabled: false Ozone HTTP Security Enabled: false 
2024-01-17 07:57:07,892 [main] WARN  server.AuthenticationFilter (AuthenticationFilter.java:constructSecretProvider(240)) - Unable to initialize FileSignerSecretProvider, falling back to use random secrets. Reason: Could not read signature secret file: /home/runner/hadoop-http-auth-signature-secret
2024-01-17 07:57:07,894 [main] INFO  http.HttpRequestLog (HttpRequestLog.java:getRequestLog(86)) - Http request log for http.requests.hddsDatanode is not defined
2024-01-17 07:57:07,895 [main] INFO  http.HttpServer2 (HttpServer2.java:addGlobalFilter(1036)) - Added global filter 'safety' (class=org.apache.hadoop.hdds.server.http.HttpServer2$QuotingInputFilter)
2024-01-17 07:57:07,896 [main] INFO  http.HttpServer2 (HttpServer2.java:addFilter(1012)) - Added filter static_user_filter (class=org.apache.hadoop.http.lib.StaticUserWebFilter$StaticUserFilter) to context hddsDatanode
2024-01-17 07:57:07,897 [main] INFO  http.HttpServer2 (HttpServer2.java:addFilter(1020)) - Added filter static_user_filter (class=org.apache.hadoop.http.lib.StaticUserWebFilter$StaticUserFilter) to context static
2024-01-17 07:57:07,897 [main] INFO  http.HttpServer2 (HttpServer2.java:addFilter(1020)) - Added filter static_user_filter (class=org.apache.hadoop.http.lib.StaticUserWebFilter$StaticUserFilter) to context logs
2024-01-17 07:57:07,898 [main] INFO  http.BaseHttpServer (BaseHttpServer.java:<init>(189)) - HTTP server of hddsDatanode uses base directory /home/runner/work/ozone/ozone/hadoop-ozone/integration-test/target/test-dir/MiniOzoneClusterImpl-df80a8b8-78a2-47d1-a2cb-ee48e7cc81f7/datanode-13/meta/webserver
2024-01-17 07:57:07,898 [main] INFO  http.HttpServer2 (HttpServer2.java:bindListener(1236)) - Jetty bound to port 15126
2024-01-17 07:57:07,898 [main] INFO  server.Server (Server.java:doStart(375)) - jetty-9.4.53.v20231009; built: 2023-10-09T12:29:09.265Z; git: 27bde00a0b95a1d5bbee0eae7984f891d2d0f8c9; jvm 1.8.0_392-b08
2024-01-17 07:57:07,899 [main] INFO  server.session (DefaultSessionIdManager.java:doStart(334)) - DefaultSessionIdManager workerName=node0
2024-01-17 07:57:07,899 [main] INFO  server.session (DefaultSessionIdManager.java:doStart(339)) - No SessionScavenger set, using defaults
2024-01-17 07:57:07,900 [main] INFO  server.session (HouseKeeper.java:startScavenging(132)) - node0 Scavenging every 600000ms
2024-01-17 07:57:07,901 [main] INFO  handler.ContextHandler (ContextHandler.java:doStart(921)) - Started o.e.j.s.ServletContextHandler@5064fecc{logs,/logs,file:///home/runner/work/ozone/ozone/hadoop-ozone/integration-test/target/log,AVAILABLE}
2024-01-17 07:57:07,901 [main] INFO  handler.ContextHandler (ContextHandler.java:doStart(921)) - Started o.e.j.s.ServletContextHandler@48f345c{static,/static,jar:file:/home/runner/.m2/repository/org/apache/ozone/hdds-container-service/1.5.0-SNAPSHOT/hdds-container-service-1.5.0-SNAPSHOT.jar!/webapps/static,AVAILABLE}
2024-01-17 07:57:07,935 [main] INFO  handler.ContextHandler (ContextHandler.java:doStart(921)) - Started o.e.j.w.WebAppContext@2913fb8c{hddsDatanode,/,file:///home/runner/work/ozone/ozone/hadoop-ozone/integration-test/target/test-dir/MiniOzoneClusterImpl-df80a8b8-78a2-47d1-a2cb-ee48e7cc81f7/datanode-13/meta/webserver/jetty-0_0_0_0-15126-hdds-container-service-1_5_0-SNAPSHOT_jar-_-any-4400844742211915346/webapp/,AVAILABLE}{jar:file:/home/runner/.m2/repository/org/apache/ozone/hdds-container-service/1.5.0-SNAPSHOT/hdds-container-service-1.5.0-SNAPSHOT.jar!/webapps/hddsDatanode}
2024-01-17 07:57:07,937 [main] INFO  server.AbstractConnector (AbstractConnector.java:doStart(333)) - Started ServerConnector@e0649c{HTTP/1.1, (http/1.1)}{0.0.0.0:15126}
2024-01-17 07:57:07,937 [main] INFO  server.Server (Server.java:doStart(415)) - Started @8540ms
2024-01-17 07:57:07,937 [main] WARN  impl.MetricsSystemImpl (MetricsSystemImpl.java:register(279)) - Sink prometheus already exists!
2024-01-17 07:57:07,938 [main] INFO  http.BaseHttpServer (BaseHttpServer.java:updateConnectorAddress(354)) - HTTP server of hddsDatanode listening at http://0.0.0.0:15126
2024-01-17 07:57:07,938 [main] INFO  ipc.CallQueueManager (CallQueueManager.java:<init>(90)) - Using callQueue: class java.util.concurrent.LinkedBlockingQueue, queueCapacity: 100, scheduler: class org.apache.hadoop.ipc.DefaultRpcScheduler, ipcBackoff: false.
2024-01-17 07:57:07,938 [main] INFO  ipc.Server (Server.java:<init>(1287)) - Listener at 0.0.0.0:15127
2024-01-17 07:57:07,939 [Socket Reader #1 for port 15127] INFO  ipc.Server (Server.java:run(1323)) - Starting Socket Reader #1 for port 15127
2024-01-17 07:57:07,944 [main] INFO  ozone.HddsDatanodeService (HddsDatanodeService.java:start(324)) - Datanode start with admins: [runner]
2024-01-17 07:57:07,944 [main] INFO  ozone.HddsDatanodeClientProtocolServer (HddsDatanodeClientProtocolServer.java:start(72)) - RPC server for Client /0.0.0.0:15127
2024-01-17 07:57:07,944 [IPC Server Responder] INFO  ipc.Server (Server.java:run(1562)) - IPC Server Responder: starting
2024-01-17 07:57:07,944 [IPC Server listener on 15127] INFO  ipc.Server (Server.java:run(1402)) - IPC Server listener on 15127: starting
2024-01-17 07:57:07,945 [5865e1e6-01b8-4105-ae74-1d7d4234e7ae-DatanodeStateMachineDaemonThread] INFO  statemachine.DatanodeStateMachine (DatanodeStateMachine.java:lambda$startDaemon$1(555)) - Ozone container server started.
2024-01-17 07:57:07,947 [main] INFO  ozone.MiniOzoneClusterImpl (MiniOzoneClusterImpl.java:lambda$waitForClusterToBeReady$0(229)) - Waiting for nodes to be ready. Got 0 of 14 DN Heartbeats.
2024-01-17 07:57:07,948 [main] INFO  ozone.MiniOzoneClusterImpl (MiniOzoneClusterImpl.java:lambda$waitForClusterToBeReady$0(232)) - Waiting for cluster to exit safe mode
2024-01-17 07:57:07,948 [main] INFO  ozone.MiniOzoneClusterImpl (MiniOzoneClusterImpl.java:lambda$waitForClusterToBeReady$0(234)) - SCM became leader
2024-01-17 07:57:07,949 [5865e1e6-01b8-4105-ae74-1d7d4234e7ae-DatanodeStateMachineTaskThread-0] INFO  datanode.InitDatanodeState (InitDatanodeState.java:persistContainerDatanodeDetails(139)) - DatanodeDetails is persisted to /home/runner/work/ozone/ozone/hadoop-ozone/integration-test/target/test-dir/MiniOzoneClusterImpl-df80a8b8-78a2-47d1-a2cb-ee48e7cc81f7/datanode-13/meta/datanode.id
2024-01-17 07:57:08,325 [e98e7f84-7e90-42c0-bf2b-bf94ba8f7864-EndpointStateMachineTaskThread-/0.0.0.0:15002-0 ] INFO  utils.DatanodeStoreCache (DatanodeStoreCache.java:addDB(72)) - Added db /home/runner/work/ozone/ozone/hadoop-ozone/integration-test/target/test-dir/MiniOzoneClusterImpl-df80a8b8-78a2-47d1-a2cb-ee48e7cc81f7/datanode-0/data-0/containers/hdds/df80a8b8-78a2-47d1-a2cb-ee48e7cc81f7/DS-d05a5df9-a2db-4d36-8cad-1b1eb197e121/container.db to cache
2024-01-17 07:57:08,325 [e98e7f84-7e90-42c0-bf2b-bf94ba8f7864-EndpointStateMachineTaskThread-/0.0.0.0:15002-0 ] INFO  volume.HddsVolume (HddsVolume.java:createDbStore(420)) - SchemaV3 db is created and loaded at /home/runner/work/ozone/ozone/hadoop-ozone/integration-test/target/test-dir/MiniOzoneClusterImpl-df80a8b8-78a2-47d1-a2cb-ee48e7cc81f7/datanode-0/data-0/containers/hdds/df80a8b8-78a2-47d1-a2cb-ee48e7cc81f7/DS-d05a5df9-a2db-4d36-8cad-1b1eb197e121/container.db for volume DS-d05a5df9-a2db-4d36-8cad-1b1eb197e121
2024-01-17 07:57:08,328 [e98e7f84-7e90-42c0-bf2b-bf94ba8f7864-EndpointStateMachineTaskThread-/0.0.0.0:15002-0 ] INFO  volume.ThrottledAsyncChecker (ThrottledAsyncChecker.java:schedule(141)) - Scheduling a check for /home/runner/work/ozone/ozone/hadoop-ozone/integration-test/target/test-dir/MiniOzoneClusterImpl-df80a8b8-78a2-47d1-a2cb-ee48e7cc81f7/datanode-0/data-0/containers/hdds
2024-01-17 07:57:08,340 [e98e7f84-7e90-42c0-bf2b-bf94ba8f7864-EndpointStateMachineTaskThread-/0.0.0.0:15002-0 ] INFO  volume.StorageVolumeChecker (StorageVolumeChecker.java:checkAllVolumes(218)) - Scheduled health check for volume /home/runner/work/ozone/ozone/hadoop-ozone/integration-test/target/test-dir/MiniOzoneClusterImpl-df80a8b8-78a2-47d1-a2cb-ee48e7cc81f7/datanode-0/data-0/containers/hdds
2024-01-17 07:57:08,342 [e98e7f84-7e90-42c0-bf2b-bf94ba8f7864-EndpointStateMachineTaskThread-/0.0.0.0:15002-0 ] INFO  volume.ThrottledAsyncChecker (ThrottledAsyncChecker.java:schedule(141)) - Scheduling a check for /home/runner/work/ozone/ozone/hadoop-ozone/integration-test/target/test-dir/MiniOzoneClusterImpl-df80a8b8-78a2-47d1-a2cb-ee48e7cc81f7/datanode-0/data/ratis
2024-01-17 07:57:08,342 [e98e7f84-7e90-42c0-bf2b-bf94ba8f7864-EndpointStateMachineTaskThread-/0.0.0.0:15002-0 ] INFO  volume.StorageVolumeChecker (StorageVolumeChecker.java:checkAllVolumes(218)) - Scheduled health check for volume /home/runner/work/ozone/ozone/hadoop-ozone/integration-test/target/test-dir/MiniOzoneClusterImpl-df80a8b8-78a2-47d1-a2cb-ee48e7cc81f7/datanode-0/data/ratis
2024-01-17 07:57:08,343 [e98e7f84-7e90-42c0-bf2b-bf94ba8f7864-EndpointStateMachineTaskThread-/0.0.0.0:15002-0 ] INFO  ozoneimpl.OzoneContainer (OzoneContainer.java:start(457)) - Attempting to start container services.
2024-01-17 07:57:08,345 [e98e7f84-7e90-42c0-bf2b-bf94ba8f7864-EndpointStateMachineTaskThread-/0.0.0.0:15002-0 ] INFO  ozoneimpl.OzoneContainer (OzoneContainer.java:startContainerScrub(339)) - Scheduled background container scanners and the on-demand container scanner have been disabled.
2024-01-17 07:57:08,347 [e98e7f84-7e90-42c0-bf2b-bf94ba8f7864-EndpointStateMachineTaskThread-/0.0.0.0:15002-0 ] INFO  replication.ReplicationServer (ReplicationServer.java:start(139)) - ReplicationServer is started using port 15016
2024-01-17 07:57:08,348 [e98e7f84-7e90-42c0-bf2b-bf94ba8f7864-EndpointStateMachineTaskThread-/0.0.0.0:15002-0 ] INFO  ratis.XceiverServerRatis (XceiverServerRatis.java:start(549)) - Starting XceiverServerRatis e98e7f84-7e90-42c0-bf2b-bf94ba8f7864
2024-01-17 07:57:08,349 [e98e7f84-7e90-42c0-bf2b-bf94ba8f7864-EndpointStateMachineTaskThread-/0.0.0.0:15002-0 ] INFO  server.RaftServer (RaftServerProxy.java:startImpl(406)) - e98e7f84-7e90-42c0-bf2b-bf94ba8f7864: start RPC server
2024-01-17 07:57:08,351 [e98e7f84-7e90-42c0-bf2b-bf94ba8f7864-EndpointStateMachineTaskThread-/0.0.0.0:15002-0 ] INFO  server.GrpcService (GrpcService.java:startImpl(302)) - e98e7f84-7e90-42c0-bf2b-bf94ba8f7864: GrpcService started, listening on 15012
2024-01-17 07:57:08,353 [e98e7f84-7e90-42c0-bf2b-bf94ba8f7864-EndpointStateMachineTaskThread-/0.0.0.0:15002-0 ] INFO  server.GrpcService (GrpcService.java:startImpl(302)) - e98e7f84-7e90-42c0-bf2b-bf94ba8f7864: GrpcService started, listening on 15014
2024-01-17 07:57:08,355 [e98e7f84-7e90-42c0-bf2b-bf94ba8f7864-EndpointStateMachineTaskThread-/0.0.0.0:15002-0 ] INFO  server.GrpcService (GrpcService.java:startImpl(302)) - e98e7f84-7e90-42c0-bf2b-bf94ba8f7864: GrpcService started, listening on 15013
2024-01-17 07:57:08,355 [JvmPauseMonitor2] INFO  util.JvmPauseMonitor (JvmPauseMonitor.java:run(146)) - JvmPauseMonitor-e98e7f84-7e90-42c0-bf2b-bf94ba8f7864: Started
2024-01-17 07:57:08,356 [e98e7f84-7e90-42c0-bf2b-bf94ba8f7864-EndpointStateMachineTaskThread-/0.0.0.0:15002-0 ] INFO  ratis.XceiverServerRatis (XceiverServerRatis.java:getRealPort(575)) - XceiverServerRatis e98e7f84-7e90-42c0-bf2b-bf94ba8f7864 is started using port 15012 for RATIS
2024-01-17 07:57:08,356 [e98e7f84-7e90-42c0-bf2b-bf94ba8f7864-EndpointStateMachineTaskThread-/0.0.0.0:15002-0 ] INFO  ratis.XceiverServerRatis (XceiverServerRatis.java:getRealPort(575)) - XceiverServerRatis e98e7f84-7e90-42c0-bf2b-bf94ba8f7864 is started using port 15013 for RATIS_ADMIN
2024-01-17 07:57:08,356 [e98e7f84-7e90-42c0-bf2b-bf94ba8f7864-EndpointStateMachineTaskThread-/0.0.0.0:15002-0 ] INFO  ratis.XceiverServerRatis (XceiverServerRatis.java:getRealPort(575)) - XceiverServerRatis e98e7f84-7e90-42c0-bf2b-bf94ba8f7864 is started using port 15014 for RATIS_SERVER
2024-01-17 07:57:08,356 [e98e7f84-7e90-42c0-bf2b-bf94ba8f7864-EndpointStateMachineTaskThread-/0.0.0.0:15002-0 ] INFO  ratis.XceiverServerRatis (XceiverServerRatis.java:getRealPort(575)) - XceiverServerRatis e98e7f84-7e90-42c0-bf2b-bf94ba8f7864 is started using port 15015 for RATIS_DATASTREAM
2024-01-17 07:57:08,361 [e98e7f84-7e90-42c0-bf2b-bf94ba8f7864-BlockDeletingService#0] INFO  interfaces.ContainerDeletionChoosingPolicyTemplate (ContainerDeletionChoosingPolicyTemplate.java:chooseContainerForBlockDeletion(85)) - Chosen 0/5000 blocks from 0 candidate containers.
2024-01-17 07:57:08,423 [597b9f4b-0aac-4425-bf2d-48884e3709f6-EndpointStateMachineTaskThread-/0.0.0.0:15002-0 ] INFO  utils.DatanodeStoreCache (DatanodeStoreCache.java:addDB(72)) - Added db /home/runner/work/ozone/ozone/hadoop-ozone/integration-test/target/test-dir/MiniOzoneClusterImpl-df80a8b8-78a2-47d1-a2cb-ee48e7cc81f7/datanode-1/data-0/containers/hdds/df80a8b8-78a2-47d1-a2cb-ee48e7cc81f7/DS-09034f27-7b31-4ac7-9f70-21c2146baa22/container.db to cache
2024-01-17 07:57:08,424 [597b9f4b-0aac-4425-bf2d-48884e3709f6-EndpointStateMachineTaskThread-/0.0.0.0:15002-0 ] INFO  volume.HddsVolume (HddsVolume.java:createDbStore(420)) - SchemaV3 db is created and loaded at /home/runner/work/ozone/ozone/hadoop-ozone/integration-test/target/test-dir/MiniOzoneClusterImpl-df80a8b8-78a2-47d1-a2cb-ee48e7cc81f7/datanode-1/data-0/containers/hdds/df80a8b8-78a2-47d1-a2cb-ee48e7cc81f7/DS-09034f27-7b31-4ac7-9f70-21c2146baa22/container.db for volume DS-09034f27-7b31-4ac7-9f70-21c2146baa22
2024-01-17 07:57:08,426 [597b9f4b-0aac-4425-bf2d-48884e3709f6-EndpointStateMachineTaskThread-/0.0.0.0:15002-0 ] INFO  volume.ThrottledAsyncChecker (ThrottledAsyncChecker.java:schedule(141)) - Scheduling a check for /home/runner/work/ozone/ozone/hadoop-ozone/integration-test/target/test-dir/MiniOzoneClusterImpl-df80a8b8-78a2-47d1-a2cb-ee48e7cc81f7/datanode-1/data-0/containers/hdds
2024-01-17 07:57:08,427 [597b9f4b-0aac-4425-bf2d-48884e3709f6-EndpointStateMachineTaskThread-/0.0.0.0:15002-0 ] INFO  volume.StorageVolumeChecker (StorageVolumeChecker.java:checkAllVolumes(218)) - Scheduled health check for volume /home/runner/work/ozone/ozone/hadoop-ozone/integration-test/target/test-dir/MiniOzoneClusterImpl-df80a8b8-78a2-47d1-a2cb-ee48e7cc81f7/datanode-1/data-0/containers/hdds
2024-01-17 07:57:08,429 [597b9f4b-0aac-4425-bf2d-48884e3709f6-EndpointStateMachineTaskThread-/0.0.0.0:15002-0 ] INFO  volume.ThrottledAsyncChecker (ThrottledAsyncChecker.java:schedule(141)) - Scheduling a check for /home/runner/work/ozone/ozone/hadoop-ozone/integration-test/target/test-dir/MiniOzoneClusterImpl-df80a8b8-78a2-47d1-a2cb-ee48e7cc81f7/datanode-1/data/ratis
2024-01-17 07:57:08,429 [597b9f4b-0aac-4425-bf2d-48884e3709f6-EndpointStateMachineTaskThread-/0.0.0.0:15002-0 ] INFO  volume.StorageVolumeChecker (StorageVolumeChecker.java:checkAllVolumes(218)) - Scheduled health check for volume /home/runner/work/ozone/ozone/hadoop-ozone/integration-test/target/test-dir/MiniOzoneClusterImpl-df80a8b8-78a2-47d1-a2cb-ee48e7cc81f7/datanode-1/data/ratis
2024-01-17 07:57:08,430 [597b9f4b-0aac-4425-bf2d-48884e3709f6-EndpointStateMachineTaskThread-/0.0.0.0:15002-0 ] INFO  ozoneimpl.OzoneContainer (OzoneContainer.java:start(457)) - Attempting to start container services.
2024-01-17 07:57:08,430 [597b9f4b-0aac-4425-bf2d-48884e3709f6-EndpointStateMachineTaskThread-/0.0.0.0:15002-0 ] INFO  ozoneimpl.OzoneContainer (OzoneContainer.java:startContainerScrub(339)) - Scheduled background container scanners and the on-demand container scanner have been disabled.
2024-01-17 07:57:08,432 [597b9f4b-0aac-4425-bf2d-48884e3709f6-EndpointStateMachineTaskThread-/0.0.0.0:15002-0 ] INFO  replication.ReplicationServer (ReplicationServer.java:start(139)) - ReplicationServer is started using port 15025
2024-01-17 07:57:08,432 [597b9f4b-0aac-4425-bf2d-48884e3709f6-EndpointStateMachineTaskThread-/0.0.0.0:15002-0 ] INFO  ratis.XceiverServerRatis (XceiverServerRatis.java:start(549)) - Starting XceiverServerRatis 597b9f4b-0aac-4425-bf2d-48884e3709f6
2024-01-17 07:57:08,433 [597b9f4b-0aac-4425-bf2d-48884e3709f6-EndpointStateMachineTaskThread-/0.0.0.0:15002-0 ] INFO  server.RaftServer (RaftServerProxy.java:startImpl(406)) - 597b9f4b-0aac-4425-bf2d-48884e3709f6: start RPC server
2024-01-17 07:57:08,435 [597b9f4b-0aac-4425-bf2d-48884e3709f6-EndpointStateMachineTaskThread-/0.0.0.0:15002-0 ] INFO  server.GrpcService (GrpcService.java:startImpl(302)) - 597b9f4b-0aac-4425-bf2d-48884e3709f6: GrpcService started, listening on 15021
2024-01-17 07:57:08,437 [597b9f4b-0aac-4425-bf2d-48884e3709f6-EndpointStateMachineTaskThread-/0.0.0.0:15002-0 ] INFO  server.GrpcService (GrpcService.java:startImpl(302)) - 597b9f4b-0aac-4425-bf2d-48884e3709f6: GrpcService started, listening on 15023
2024-01-17 07:57:08,440 [597b9f4b-0aac-4425-bf2d-48884e3709f6-EndpointStateMachineTaskThread-/0.0.0.0:15002-0 ] INFO  server.GrpcService (GrpcService.java:startImpl(302)) - 597b9f4b-0aac-4425-bf2d-48884e3709f6: GrpcService started, listening on 15022
2024-01-17 07:57:08,440 [597b9f4b-0aac-4425-bf2d-48884e3709f6-EndpointStateMachineTaskThread-/0.0.0.0:15002-0 ] INFO  ratis.XceiverServerRatis (XceiverServerRatis.java:getRealPort(575)) - XceiverServerRatis 597b9f4b-0aac-4425-bf2d-48884e3709f6 is started using port 15021 for RATIS
2024-01-17 07:57:08,440 [JvmPauseMonitor3] INFO  util.JvmPauseMonitor (JvmPauseMonitor.java:run(146)) - JvmPauseMonitor-597b9f4b-0aac-4425-bf2d-48884e3709f6: Started
2024-01-17 07:57:08,440 [597b9f4b-0aac-4425-bf2d-48884e3709f6-EndpointStateMachineTaskThread-/0.0.0.0:15002-0 ] INFO  ratis.XceiverServerRatis (XceiverServerRatis.java:getRealPort(575)) - XceiverServerRatis 597b9f4b-0aac-4425-bf2d-48884e3709f6 is started using port 15022 for RATIS_ADMIN
2024-01-17 07:57:08,441 [597b9f4b-0aac-4425-bf2d-48884e3709f6-EndpointStateMachineTaskThread-/0.0.0.0:15002-0 ] INFO  ratis.XceiverServerRatis (XceiverServerRatis.java:getRealPort(575)) - XceiverServerRatis 597b9f4b-0aac-4425-bf2d-48884e3709f6 is started using port 15023 for RATIS_SERVER
2024-01-17 07:57:08,441 [597b9f4b-0aac-4425-bf2d-48884e3709f6-EndpointStateMachineTaskThread-/0.0.0.0:15002-0 ] INFO  ratis.XceiverServerRatis (XceiverServerRatis.java:getRealPort(575)) - XceiverServerRatis 597b9f4b-0aac-4425-bf2d-48884e3709f6 is started using port 15024 for RATIS_DATASTREAM
2024-01-17 07:57:08,445 [597b9f4b-0aac-4425-bf2d-48884e3709f6-BlockDeletingService#0] INFO  interfaces.ContainerDeletionChoosingPolicyTemplate (ContainerDeletionChoosingPolicyTemplate.java:chooseContainerForBlockDeletion(85)) - Chosen 0/5000 blocks from 0 candidate containers.
2024-01-17 07:57:08,547 [1bb81a9c-1547-435f-9d81-d5fca49fbc06-EndpointStateMachineTaskThread-/0.0.0.0:15002-0 ] INFO  utils.DatanodeStoreCache (DatanodeStoreCache.java:addDB(72)) - Added db /home/runner/work/ozone/ozone/hadoop-ozone/integration-test/target/test-dir/MiniOzoneClusterImpl-df80a8b8-78a2-47d1-a2cb-ee48e7cc81f7/datanode-2/data-0/containers/hdds/df80a8b8-78a2-47d1-a2cb-ee48e7cc81f7/DS-6c1ccc2e-a97a-4e67-9c63-b13ee0f95946/container.db to cache
2024-01-17 07:57:08,547 [1bb81a9c-1547-435f-9d81-d5fca49fbc06-EndpointStateMachineTaskThread-/0.0.0.0:15002-0 ] INFO  volume.HddsVolume (HddsVolume.java:createDbStore(420)) - SchemaV3 db is created and loaded at /home/runner/work/ozone/ozone/hadoop-ozone/integration-test/target/test-dir/MiniOzoneClusterImpl-df80a8b8-78a2-47d1-a2cb-ee48e7cc81f7/datanode-2/data-0/containers/hdds/df80a8b8-78a2-47d1-a2cb-ee48e7cc81f7/DS-6c1ccc2e-a97a-4e67-9c63-b13ee0f95946/container.db for volume DS-6c1ccc2e-a97a-4e67-9c63-b13ee0f95946
2024-01-17 07:57:08,549 [1bb81a9c-1547-435f-9d81-d5fca49fbc06-EndpointStateMachineTaskThread-/0.0.0.0:15002-0 ] INFO  volume.ThrottledAsyncChecker (ThrottledAsyncChecker.java:schedule(141)) - Scheduling a check for /home/runner/work/ozone/ozone/hadoop-ozone/integration-test/target/test-dir/MiniOzoneClusterImpl-df80a8b8-78a2-47d1-a2cb-ee48e7cc81f7/datanode-2/data-0/containers/hdds
2024-01-17 07:57:08,550 [1bb81a9c-1547-435f-9d81-d5fca49fbc06-EndpointStateMachineTaskThread-/0.0.0.0:15002-0 ] INFO  volume.StorageVolumeChecker (StorageVolumeChecker.java:checkAllVolumes(218)) - Scheduled health check for volume /home/runner/work/ozone/ozone/hadoop-ozone/integration-test/target/test-dir/MiniOzoneClusterImpl-df80a8b8-78a2-47d1-a2cb-ee48e7cc81f7/datanode-2/data-0/containers/hdds
2024-01-17 07:57:08,552 [1bb81a9c-1547-435f-9d81-d5fca49fbc06-EndpointStateMachineTaskThread-/0.0.0.0:15002-0 ] INFO  volume.ThrottledAsyncChecker (ThrottledAsyncChecker.java:schedule(141)) - Scheduling a check for /home/runner/work/ozone/ozone/hadoop-ozone/integration-test/target/test-dir/MiniOzoneClusterImpl-df80a8b8-78a2-47d1-a2cb-ee48e7cc81f7/datanode-2/data/ratis
2024-01-17 07:57:08,552 [1bb81a9c-1547-435f-9d81-d5fca49fbc06-EndpointStateMachineTaskThread-/0.0.0.0:15002-0 ] INFO  volume.StorageVolumeChecker (StorageVolumeChecker.java:checkAllVolumes(218)) - Scheduled health check for volume /home/runner/work/ozone/ozone/hadoop-ozone/integration-test/target/test-dir/MiniOzoneClusterImpl-df80a8b8-78a2-47d1-a2cb-ee48e7cc81f7/datanode-2/data/ratis
2024-01-17 07:57:08,553 [1bb81a9c-1547-435f-9d81-d5fca49fbc06-EndpointStateMachineTaskThread-/0.0.0.0:15002-0 ] INFO  ozoneimpl.OzoneContainer (OzoneContainer.java:start(457)) - Attempting to start container services.
2024-01-17 07:57:08,553 [1bb81a9c-1547-435f-9d81-d5fca49fbc06-EndpointStateMachineTaskThread-/0.0.0.0:15002-0 ] INFO  ozoneimpl.OzoneContainer (OzoneContainer.java:startContainerScrub(339)) - Scheduled background container scanners and the on-demand container scanner have been disabled.
2024-01-17 07:57:08,555 [1bb81a9c-1547-435f-9d81-d5fca49fbc06-EndpointStateMachineTaskThread-/0.0.0.0:15002-0 ] INFO  replication.ReplicationServer (ReplicationServer.java:start(139)) - ReplicationServer is started using port 15034
2024-01-17 07:57:08,555 [1bb81a9c-1547-435f-9d81-d5fca49fbc06-EndpointStateMachineTaskThread-/0.0.0.0:15002-0 ] INFO  ratis.XceiverServerRatis (XceiverServerRatis.java:start(549)) - Starting XceiverServerRatis 1bb81a9c-1547-435f-9d81-d5fca49fbc06
2024-01-17 07:57:08,556 [1bb81a9c-1547-435f-9d81-d5fca49fbc06-EndpointStateMachineTaskThread-/0.0.0.0:15002-0 ] INFO  server.RaftServer (RaftServerProxy.java:startImpl(406)) - 1bb81a9c-1547-435f-9d81-d5fca49fbc06: start RPC server
2024-01-17 07:57:08,558 [1bb81a9c-1547-435f-9d81-d5fca49fbc06-EndpointStateMachineTaskThread-/0.0.0.0:15002-0 ] INFO  server.GrpcService (GrpcService.java:startImpl(302)) - 1bb81a9c-1547-435f-9d81-d5fca49fbc06: GrpcService started, listening on 15030
2024-01-17 07:57:08,559 [1bb81a9c-1547-435f-9d81-d5fca49fbc06-EndpointStateMachineTaskThread-/0.0.0.0:15002-0 ] INFO  server.GrpcService (GrpcService.java:startImpl(302)) - 1bb81a9c-1547-435f-9d81-d5fca49fbc06: GrpcService started, listening on 15032
2024-01-17 07:57:08,561 [1bb81a9c-1547-435f-9d81-d5fca49fbc06-EndpointStateMachineTaskThread-/0.0.0.0:15002-0 ] INFO  server.GrpcService (GrpcService.java:startImpl(302)) - 1bb81a9c-1547-435f-9d81-d5fca49fbc06: GrpcService started, listening on 15031
2024-01-17 07:57:08,561 [1bb81a9c-1547-435f-9d81-d5fca49fbc06-EndpointStateMachineTaskThread-/0.0.0.0:15002-0 ] INFO  ratis.XceiverServerRatis (XceiverServerRatis.java:getRealPort(575)) - XceiverServerRatis 1bb81a9c-1547-435f-9d81-d5fca49fbc06 is started using port 15030 for RATIS
2024-01-17 07:57:08,561 [1bb81a9c-1547-435f-9d81-d5fca49fbc06-EndpointStateMachineTaskThread-/0.0.0.0:15002-0 ] INFO  ratis.XceiverServerRatis (XceiverServerRatis.java:getRealPort(575)) - XceiverServerRatis 1bb81a9c-1547-435f-9d81-d5fca49fbc06 is started using port 15031 for RATIS_ADMIN
2024-01-17 07:57:08,561 [1bb81a9c-1547-435f-9d81-d5fca49fbc06-EndpointStateMachineTaskThread-/0.0.0.0:15002-0 ] INFO  ratis.XceiverServerRatis (XceiverServerRatis.java:getRealPort(575)) - XceiverServerRatis 1bb81a9c-1547-435f-9d81-d5fca49fbc06 is started using port 15032 for RATIS_SERVER
2024-01-17 07:57:08,561 [1bb81a9c-1547-435f-9d81-d5fca49fbc06-EndpointStateMachineTaskThread-/0.0.0.0:15002-0 ] INFO  ratis.XceiverServerRatis (XceiverServerRatis.java:getRealPort(575)) - XceiverServerRatis 1bb81a9c-1547-435f-9d81-d5fca49fbc06 is started using port 15033 for RATIS_DATASTREAM
2024-01-17 07:57:08,562 [JvmPauseMonitor4] INFO  util.JvmPauseMonitor (JvmPauseMonitor.java:run(146)) - JvmPauseMonitor-1bb81a9c-1547-435f-9d81-d5fca49fbc06: Started
2024-01-17 07:57:08,566 [1bb81a9c-1547-435f-9d81-d5fca49fbc06-BlockDeletingService#0] INFO  interfaces.ContainerDeletionChoosingPolicyTemplate (ContainerDeletionChoosingPolicyTemplate.java:chooseContainerForBlockDeletion(85)) - Chosen 0/5000 blocks from 0 candidate containers.
2024-01-17 07:57:08,678 [4f4a0cbc-a9eb-44f0-8d97-06326de93701-EndpointStateMachineTaskThread-/0.0.0.0:15002-0 ] INFO  utils.DatanodeStoreCache (DatanodeStoreCache.java:addDB(72)) - Added db /home/runner/work/ozone/ozone/hadoop-ozone/integration-test/target/test-dir/MiniOzoneClusterImpl-df80a8b8-78a2-47d1-a2cb-ee48e7cc81f7/datanode-3/data-0/containers/hdds/df80a8b8-78a2-47d1-a2cb-ee48e7cc81f7/DS-642cc277-747f-4214-8994-6ffcba55f2a9/container.db to cache
2024-01-17 07:57:08,678 [4f4a0cbc-a9eb-44f0-8d97-06326de93701-EndpointStateMachineTaskThread-/0.0.0.0:15002-0 ] INFO  volume.HddsVolume (HddsVolume.java:createDbStore(420)) - SchemaV3 db is created and loaded at /home/runner/work/ozone/ozone/hadoop-ozone/integration-test/target/test-dir/MiniOzoneClusterImpl-df80a8b8-78a2-47d1-a2cb-ee48e7cc81f7/datanode-3/data-0/containers/hdds/df80a8b8-78a2-47d1-a2cb-ee48e7cc81f7/DS-642cc277-747f-4214-8994-6ffcba55f2a9/container.db for volume DS-642cc277-747f-4214-8994-6ffcba55f2a9
2024-01-17 07:57:08,680 [4f4a0cbc-a9eb-44f0-8d97-06326de93701-EndpointStateMachineTaskThread-/0.0.0.0:15002-0 ] INFO  volume.ThrottledAsyncChecker (ThrottledAsyncChecker.java:schedule(141)) - Scheduling a check for /home/runner/work/ozone/ozone/hadoop-ozone/integration-test/target/test-dir/MiniOzoneClusterImpl-df80a8b8-78a2-47d1-a2cb-ee48e7cc81f7/datanode-3/data-0/containers/hdds
2024-01-17 07:57:08,680 [4f4a0cbc-a9eb-44f0-8d97-06326de93701-EndpointStateMachineTaskThread-/0.0.0.0:15002-0 ] INFO  volume.StorageVolumeChecker (StorageVolumeChecker.java:checkAllVolumes(218)) - Scheduled health check for volume /home/runner/work/ozone/ozone/hadoop-ozone/integration-test/target/test-dir/MiniOzoneClusterImpl-df80a8b8-78a2-47d1-a2cb-ee48e7cc81f7/datanode-3/data-0/containers/hdds
2024-01-17 07:57:08,682 [4f4a0cbc-a9eb-44f0-8d97-06326de93701-EndpointStateMachineTaskThread-/0.0.0.0:15002-0 ] INFO  volume.ThrottledAsyncChecker (ThrottledAsyncChecker.java:schedule(141)) - Scheduling a check for /home/runner/work/ozone/ozone/hadoop-ozone/integration-test/target/test-dir/MiniOzoneClusterImpl-df80a8b8-78a2-47d1-a2cb-ee48e7cc81f7/datanode-3/data/ratis
2024-01-17 07:57:08,682 [4f4a0cbc-a9eb-44f0-8d97-06326de93701-EndpointStateMachineTaskThread-/0.0.0.0:15002-0 ] INFO  volume.StorageVolumeChecker (StorageVolumeChecker.java:checkAllVolumes(218)) - Scheduled health check for volume /home/runner/work/ozone/ozone/hadoop-ozone/integration-test/target/test-dir/MiniOzoneClusterImpl-df80a8b8-78a2-47d1-a2cb-ee48e7cc81f7/datanode-3/data/ratis
2024-01-17 07:57:08,683 [4f4a0cbc-a9eb-44f0-8d97-06326de93701-EndpointStateMachineTaskThread-/0.0.0.0:15002-0 ] INFO  ozoneimpl.OzoneContainer (OzoneContainer.java:start(457)) - Attempting to start container services.
2024-01-17 07:57:08,683 [4f4a0cbc-a9eb-44f0-8d97-06326de93701-EndpointStateMachineTaskThread-/0.0.0.0:15002-0 ] INFO  ozoneimpl.OzoneContainer (OzoneContainer.java:startContainerScrub(339)) - Scheduled background container scanners and the on-demand container scanner have been disabled.
2024-01-17 07:57:08,686 [4f4a0cbc-a9eb-44f0-8d97-06326de93701-EndpointStateMachineTaskThread-/0.0.0.0:15002-0 ] INFO  replication.ReplicationServer (ReplicationServer.java:start(139)) - ReplicationServer is started using port 15043
2024-01-17 07:57:08,686 [4f4a0cbc-a9eb-44f0-8d97-06326de93701-EndpointStateMachineTaskThread-/0.0.0.0:15002-0 ] INFO  ratis.XceiverServerRatis (XceiverServerRatis.java:start(549)) - Starting XceiverServerRatis 4f4a0cbc-a9eb-44f0-8d97-06326de93701
2024-01-17 07:57:08,686 [4f4a0cbc-a9eb-44f0-8d97-06326de93701-EndpointStateMachineTaskThread-/0.0.0.0:15002-0 ] INFO  server.RaftServer (RaftServerProxy.java:startImpl(406)) - 4f4a0cbc-a9eb-44f0-8d97-06326de93701: start RPC server
2024-01-17 07:57:08,688 [4f4a0cbc-a9eb-44f0-8d97-06326de93701-EndpointStateMachineTaskThread-/0.0.0.0:15002-0 ] INFO  server.GrpcService (GrpcService.java:startImpl(302)) - 4f4a0cbc-a9eb-44f0-8d97-06326de93701: GrpcService started, listening on 15039
2024-01-17 07:57:08,690 [4f4a0cbc-a9eb-44f0-8d97-06326de93701-EndpointStateMachineTaskThread-/0.0.0.0:15002-0 ] INFO  server.GrpcService (GrpcService.java:startImpl(302)) - 4f4a0cbc-a9eb-44f0-8d97-06326de93701: GrpcService started, listening on 15041
2024-01-17 07:57:08,697 [4f4a0cbc-a9eb-44f0-8d97-06326de93701-EndpointStateMachineTaskThread-/0.0.0.0:15002-0 ] INFO  server.GrpcService (GrpcService.java:startImpl(302)) - 4f4a0cbc-a9eb-44f0-8d97-06326de93701: GrpcService started, listening on 15040
2024-01-17 07:57:08,697 [4f4a0cbc-a9eb-44f0-8d97-06326de93701-EndpointStateMachineTaskThread-/0.0.0.0:15002-0 ] INFO  ratis.XceiverServerRatis (XceiverServerRatis.java:getRealPort(575)) - XceiverServerRatis 4f4a0cbc-a9eb-44f0-8d97-06326de93701 is started using port 15039 for RATIS
2024-01-17 07:57:08,697 [JvmPauseMonitor5] INFO  util.JvmPauseMonitor (JvmPauseMonitor.java:run(146)) - JvmPauseMonitor-4f4a0cbc-a9eb-44f0-8d97-06326de93701: Started
2024-01-17 07:57:08,697 [4f4a0cbc-a9eb-44f0-8d97-06326de93701-EndpointStateMachineTaskThread-/0.0.0.0:15002-0 ] INFO  ratis.XceiverServerRatis (XceiverServerRatis.java:getRealPort(575)) - XceiverServerRatis 4f4a0cbc-a9eb-44f0-8d97-06326de93701 is started using port 15040 for RATIS_ADMIN
2024-01-17 07:57:08,698 [4f4a0cbc-a9eb-44f0-8d97-06326de93701-EndpointStateMachineTaskThread-/0.0.0.0:15002-0 ] INFO  ratis.XceiverServerRatis (XceiverServerRatis.java:getRealPort(575)) - XceiverServerRatis 4f4a0cbc-a9eb-44f0-8d97-06326de93701 is started using port 15041 for RATIS_SERVER
2024-01-17 07:57:08,698 [4f4a0cbc-a9eb-44f0-8d97-06326de93701-EndpointStateMachineTaskThread-/0.0.0.0:15002-0 ] INFO  ratis.XceiverServerRatis (XceiverServerRatis.java:getRealPort(575)) - XceiverServerRatis 4f4a0cbc-a9eb-44f0-8d97-06326de93701 is started using port 15042 for RATIS_DATASTREAM
2024-01-17 07:57:08,701 [4f4a0cbc-a9eb-44f0-8d97-06326de93701-BlockDeletingService#0] INFO  interfaces.ContainerDeletionChoosingPolicyTemplate (ContainerDeletionChoosingPolicyTemplate.java:chooseContainerForBlockDeletion(85)) - Chosen 0/5000 blocks from 0 candidate containers.
2024-01-17 07:57:08,876 [0f18b96a-e4aa-46f4-b611-a6948cf06a42-EndpointStateMachineTaskThread-/0.0.0.0:15002-0 ] INFO  utils.DatanodeStoreCache (DatanodeStoreCache.java:addDB(72)) - Added db /home/runner/work/ozone/ozone/hadoop-ozone/integration-test/target/test-dir/MiniOzoneClusterImpl-df80a8b8-78a2-47d1-a2cb-ee48e7cc81f7/datanode-4/data-0/containers/hdds/df80a8b8-78a2-47d1-a2cb-ee48e7cc81f7/DS-40d6ad75-e1e6-4410-8dc8-51537665b949/container.db to cache
2024-01-17 07:57:08,876 [0f18b96a-e4aa-46f4-b611-a6948cf06a42-EndpointStateMachineTaskThread-/0.0.0.0:15002-0 ] INFO  volume.HddsVolume (HddsVolume.java:createDbStore(420)) - SchemaV3 db is created and loaded at /home/runner/work/ozone/ozone/hadoop-ozone/integration-test/target/test-dir/MiniOzoneClusterImpl-df80a8b8-78a2-47d1-a2cb-ee48e7cc81f7/datanode-4/data-0/containers/hdds/df80a8b8-78a2-47d1-a2cb-ee48e7cc81f7/DS-40d6ad75-e1e6-4410-8dc8-51537665b949/container.db for volume DS-40d6ad75-e1e6-4410-8dc8-51537665b949
2024-01-17 07:57:08,878 [0f18b96a-e4aa-46f4-b611-a6948cf06a42-EndpointStateMachineTaskThread-/0.0.0.0:15002-0 ] INFO  volume.ThrottledAsyncChecker (ThrottledAsyncChecker.java:schedule(141)) - Scheduling a check for /home/runner/work/ozone/ozone/hadoop-ozone/integration-test/target/test-dir/MiniOzoneClusterImpl-df80a8b8-78a2-47d1-a2cb-ee48e7cc81f7/datanode-4/data-0/containers/hdds
2024-01-17 07:57:08,878 [0f18b96a-e4aa-46f4-b611-a6948cf06a42-EndpointStateMachineTaskThread-/0.0.0.0:15002-0 ] INFO  volume.StorageVolumeChecker (StorageVolumeChecker.java:checkAllVolumes(218)) - Scheduled health check for volume /home/runner/work/ozone/ozone/hadoop-ozone/integration-test/target/test-dir/MiniOzoneClusterImpl-df80a8b8-78a2-47d1-a2cb-ee48e7cc81f7/datanode-4/data-0/containers/hdds
2024-01-17 07:57:08,880 [0f18b96a-e4aa-46f4-b611-a6948cf06a42-EndpointStateMachineTaskThread-/0.0.0.0:15002-0 ] INFO  volume.ThrottledAsyncChecker (ThrottledAsyncChecker.java:schedule(141)) - Scheduling a check for /home/runner/work/ozone/ozone/hadoop-ozone/integration-test/target/test-dir/MiniOzoneClusterImpl-df80a8b8-78a2-47d1-a2cb-ee48e7cc81f7/datanode-4/data/ratis
2024-01-17 07:57:08,880 [0f18b96a-e4aa-46f4-b611-a6948cf06a42-EndpointStateMachineTaskThread-/0.0.0.0:15002-0 ] INFO  volume.StorageVolumeChecker (StorageVolumeChecker.java:checkAllVolumes(218)) - Scheduled health check for volume /home/runner/work/ozone/ozone/hadoop-ozone/integration-test/target/test-dir/MiniOzoneClusterImpl-df80a8b8-78a2-47d1-a2cb-ee48e7cc81f7/datanode-4/data/ratis
2024-01-17 07:57:08,881 [0f18b96a-e4aa-46f4-b611-a6948cf06a42-EndpointStateMachineTaskThread-/0.0.0.0:15002-0 ] INFO  ozoneimpl.OzoneContainer (OzoneContainer.java:start(457)) - Attempting to start container services.
2024-01-17 07:57:08,881 [0f18b96a-e4aa-46f4-b611-a6948cf06a42-EndpointStateMachineTaskThread-/0.0.0.0:15002-0 ] INFO  ozoneimpl.OzoneContainer (OzoneContainer.java:startContainerScrub(339)) - Scheduled background container scanners and the on-demand container scanner have been disabled.
2024-01-17 07:57:08,882 [0f18b96a-e4aa-46f4-b611-a6948cf06a42-EndpointStateMachineTaskThread-/0.0.0.0:15002-0 ] INFO  replication.ReplicationServer (ReplicationServer.java:start(139)) - ReplicationServer is started using port 15052
2024-01-17 07:57:08,883 [0f18b96a-e4aa-46f4-b611-a6948cf06a42-EndpointStateMachineTaskThread-/0.0.0.0:15002-0 ] INFO  ratis.XceiverServerRatis (XceiverServerRatis.java:start(549)) - Starting XceiverServerRatis 0f18b96a-e4aa-46f4-b611-a6948cf06a42
2024-01-17 07:57:08,883 [0f18b96a-e4aa-46f4-b611-a6948cf06a42-EndpointStateMachineTaskThread-/0.0.0.0:15002-0 ] INFO  server.RaftServer (RaftServerProxy.java:startImpl(406)) - 0f18b96a-e4aa-46f4-b611-a6948cf06a42: start RPC server
2024-01-17 07:57:08,884 [0f18b96a-e4aa-46f4-b611-a6948cf06a42-EndpointStateMachineTaskThread-/0.0.0.0:15002-0 ] INFO  server.GrpcService (GrpcService.java:startImpl(302)) - 0f18b96a-e4aa-46f4-b611-a6948cf06a42: GrpcService started, listening on 15048
2024-01-17 07:57:08,885 [0f18b96a-e4aa-46f4-b611-a6948cf06a42-EndpointStateMachineTaskThread-/0.0.0.0:15002-0 ] INFO  server.GrpcService (GrpcService.java:startImpl(302)) - 0f18b96a-e4aa-46f4-b611-a6948cf06a42: GrpcService started, listening on 15050
2024-01-17 07:57:08,886 [0f18b96a-e4aa-46f4-b611-a6948cf06a42-EndpointStateMachineTaskThread-/0.0.0.0:15002-0 ] INFO  server.GrpcService (GrpcService.java:startImpl(302)) - 0f18b96a-e4aa-46f4-b611-a6948cf06a42: GrpcService started, listening on 15049
2024-01-17 07:57:08,886 [0f18b96a-e4aa-46f4-b611-a6948cf06a42-EndpointStateMachineTaskThread-/0.0.0.0:15002-0 ] INFO  ratis.XceiverServerRatis (XceiverServerRatis.java:getRealPort(575)) - XceiverServerRatis 0f18b96a-e4aa-46f4-b611-a6948cf06a42 is started using port 15048 for RATIS
2024-01-17 07:57:08,886 [JvmPauseMonitor6] INFO  util.JvmPauseMonitor (JvmPauseMonitor.java:run(146)) - JvmPauseMonitor-0f18b96a-e4aa-46f4-b611-a6948cf06a42: Started
2024-01-17 07:57:08,889 [0f18b96a-e4aa-46f4-b611-a6948cf06a42-EndpointStateMachineTaskThread-/0.0.0.0:15002-0 ] INFO  ratis.XceiverServerRatis (XceiverServerRatis.java:getRealPort(575)) - XceiverServerRatis 0f18b96a-e4aa-46f4-b611-a6948cf06a42 is started using port 15049 for RATIS_ADMIN
2024-01-17 07:57:08,890 [0f18b96a-e4aa-46f4-b611-a6948cf06a42-EndpointStateMachineTaskThread-/0.0.0.0:15002-0 ] INFO  ratis.XceiverServerRatis (XceiverServerRatis.java:getRealPort(575)) - XceiverServerRatis 0f18b96a-e4aa-46f4-b611-a6948cf06a42 is started using port 15050 for RATIS_SERVER
2024-01-17 07:57:08,890 [0f18b96a-e4aa-46f4-b611-a6948cf06a42-EndpointStateMachineTaskThread-/0.0.0.0:15002-0 ] INFO  ratis.XceiverServerRatis (XceiverServerRatis.java:getRealPort(575)) - XceiverServerRatis 0f18b96a-e4aa-46f4-b611-a6948cf06a42 is started using port 15051 for RATIS_DATASTREAM
2024-01-17 07:57:08,893 [0f18b96a-e4aa-46f4-b611-a6948cf06a42-BlockDeletingService#0] INFO  interfaces.ContainerDeletionChoosingPolicyTemplate (ContainerDeletionChoosingPolicyTemplate.java:chooseContainerForBlockDeletion(85)) - Chosen 0/5000 blocks from 0 candidate containers.
2024-01-17 07:57:08,948 [main] INFO  ozone.MiniOzoneClusterImpl (MiniOzoneClusterImpl.java:lambda$waitForClusterToBeReady$0(229)) - Waiting for nodes to be ready. Got 0 of 14 DN Heartbeats.
2024-01-17 07:57:08,948 [main] INFO  ozone.MiniOzoneClusterImpl (MiniOzoneClusterImpl.java:lambda$waitForClusterToBeReady$0(232)) - Waiting for cluster to exit safe mode
2024-01-17 07:57:08,948 [main] INFO  ozone.MiniOzoneClusterImpl (MiniOzoneClusterImpl.java:lambda$waitForClusterToBeReady$0(234)) - SCM became leader
2024-01-17 07:57:09,022 [8d67fbbe-ad76-4934-bcfb-c8cae0dbbecb-EndpointStateMachineTaskThread-/0.0.0.0:15002-0 ] INFO  utils.DatanodeStoreCache (DatanodeStoreCache.java:addDB(72)) - Added db /home/runner/work/ozone/ozone/hadoop-ozone/integration-test/target/test-dir/MiniOzoneClusterImpl-df80a8b8-78a2-47d1-a2cb-ee48e7cc81f7/datanode-5/data-0/containers/hdds/df80a8b8-78a2-47d1-a2cb-ee48e7cc81f7/DS-b2fb90b3-9e83-414d-952d-a892d424bc30/container.db to cache
2024-01-17 07:57:09,022 [8d67fbbe-ad76-4934-bcfb-c8cae0dbbecb-EndpointStateMachineTaskThread-/0.0.0.0:15002-0 ] INFO  volume.HddsVolume (HddsVolume.java:createDbStore(420)) - SchemaV3 db is created and loaded at /home/runner/work/ozone/ozone/hadoop-ozone/integration-test/target/test-dir/MiniOzoneClusterImpl-df80a8b8-78a2-47d1-a2cb-ee48e7cc81f7/datanode-5/data-0/containers/hdds/df80a8b8-78a2-47d1-a2cb-ee48e7cc81f7/DS-b2fb90b3-9e83-414d-952d-a892d424bc30/container.db for volume DS-b2fb90b3-9e83-414d-952d-a892d424bc30
2024-01-17 07:57:09,024 [8d67fbbe-ad76-4934-bcfb-c8cae0dbbecb-EndpointStateMachineTaskThread-/0.0.0.0:15002-0 ] INFO  volume.ThrottledAsyncChecker (ThrottledAsyncChecker.java:schedule(141)) - Scheduling a check for /home/runner/work/ozone/ozone/hadoop-ozone/integration-test/target/test-dir/MiniOzoneClusterImpl-df80a8b8-78a2-47d1-a2cb-ee48e7cc81f7/datanode-5/data-0/containers/hdds
2024-01-17 07:57:09,024 [8d67fbbe-ad76-4934-bcfb-c8cae0dbbecb-EndpointStateMachineTaskThread-/0.0.0.0:15002-0 ] INFO  volume.StorageVolumeChecker (StorageVolumeChecker.java:checkAllVolumes(218)) - Scheduled health check for volume /home/runner/work/ozone/ozone/hadoop-ozone/integration-test/target/test-dir/MiniOzoneClusterImpl-df80a8b8-78a2-47d1-a2cb-ee48e7cc81f7/datanode-5/data-0/containers/hdds
2024-01-17 07:57:09,026 [8d67fbbe-ad76-4934-bcfb-c8cae0dbbecb-EndpointStateMachineTaskThread-/0.0.0.0:15002-0 ] INFO  volume.ThrottledAsyncChecker (ThrottledAsyncChecker.java:schedule(141)) - Scheduling a check for /home/runner/work/ozone/ozone/hadoop-ozone/integration-test/target/test-dir/MiniOzoneClusterImpl-df80a8b8-78a2-47d1-a2cb-ee48e7cc81f7/datanode-5/data/ratis
2024-01-17 07:57:09,027 [8d67fbbe-ad76-4934-bcfb-c8cae0dbbecb-EndpointStateMachineTaskThread-/0.0.0.0:15002-0 ] INFO  volume.StorageVolumeChecker (StorageVolumeChecker.java:checkAllVolumes(218)) - Scheduled health check for volume /home/runner/work/ozone/ozone/hadoop-ozone/integration-test/target/test-dir/MiniOzoneClusterImpl-df80a8b8-78a2-47d1-a2cb-ee48e7cc81f7/datanode-5/data/ratis
2024-01-17 07:57:09,027 [8d67fbbe-ad76-4934-bcfb-c8cae0dbbecb-EndpointStateMachineTaskThread-/0.0.0.0:15002-0 ] INFO  ozoneimpl.OzoneContainer (OzoneContainer.java:start(457)) - Attempting to start container services.
2024-01-17 07:57:09,028 [8d67fbbe-ad76-4934-bcfb-c8cae0dbbecb-EndpointStateMachineTaskThread-/0.0.0.0:15002-0 ] INFO  ozoneimpl.OzoneContainer (OzoneContainer.java:startContainerScrub(339)) - Scheduled background container scanners and the on-demand container scanner have been disabled.
2024-01-17 07:57:09,029 [8d67fbbe-ad76-4934-bcfb-c8cae0dbbecb-EndpointStateMachineTaskThread-/0.0.0.0:15002-0 ] INFO  replication.ReplicationServer (ReplicationServer.java:start(139)) - ReplicationServer is started using port 15061
2024-01-17 07:57:09,029 [8d67fbbe-ad76-4934-bcfb-c8cae0dbbecb-EndpointStateMachineTaskThread-/0.0.0.0:15002-0 ] INFO  ratis.XceiverServerRatis (XceiverServerRatis.java:start(549)) - Starting XceiverServerRatis 8d67fbbe-ad76-4934-bcfb-c8cae0dbbecb
2024-01-17 07:57:09,029 [8d67fbbe-ad76-4934-bcfb-c8cae0dbbecb-EndpointStateMachineTaskThread-/0.0.0.0:15002-0 ] INFO  server.RaftServer (RaftServerProxy.java:startImpl(406)) - 8d67fbbe-ad76-4934-bcfb-c8cae0dbbecb: start RPC server
2024-01-17 07:57:09,030 [8d67fbbe-ad76-4934-bcfb-c8cae0dbbecb-EndpointStateMachineTaskThread-/0.0.0.0:15002-0 ] INFO  server.GrpcService (GrpcService.java:startImpl(302)) - 8d67fbbe-ad76-4934-bcfb-c8cae0dbbecb: GrpcService started, listening on 15057
2024-01-17 07:57:09,031 [8d67fbbe-ad76-4934-bcfb-c8cae0dbbecb-EndpointStateMachineTaskThread-/0.0.0.0:15002-0 ] INFO  server.GrpcService (GrpcService.java:startImpl(302)) - 8d67fbbe-ad76-4934-bcfb-c8cae0dbbecb: GrpcService started, listening on 15059
2024-01-17 07:57:09,032 [8d67fbbe-ad76-4934-bcfb-c8cae0dbbecb-EndpointStateMachineTaskThread-/0.0.0.0:15002-0 ] INFO  server.GrpcService (GrpcService.java:startImpl(302)) - 8d67fbbe-ad76-4934-bcfb-c8cae0dbbecb: GrpcService started, listening on 15058
2024-01-17 07:57:09,032 [8d67fbbe-ad76-4934-bcfb-c8cae0dbbecb-EndpointStateMachineTaskThread-/0.0.0.0:15002-0 ] INFO  ratis.XceiverServerRatis (XceiverServerRatis.java:getRealPort(575)) - XceiverServerRatis 8d67fbbe-ad76-4934-bcfb-c8cae0dbbecb is started using port 15057 for RATIS
2024-01-17 07:57:09,032 [JvmPauseMonitor7] INFO  util.JvmPauseMonitor (JvmPauseMonitor.java:run(146)) - JvmPauseMonitor-8d67fbbe-ad76-4934-bcfb-c8cae0dbbecb: Started
2024-01-17 07:57:09,032 [8d67fbbe-ad76-4934-bcfb-c8cae0dbbecb-EndpointStateMachineTaskThread-/0.0.0.0:15002-0 ] INFO  ratis.XceiverServerRatis (XceiverServerRatis.java:getRealPort(575)) - XceiverServerRatis 8d67fbbe-ad76-4934-bcfb-c8cae0dbbecb is started using port 15058 for RATIS_ADMIN
2024-01-17 07:57:09,033 [8d67fbbe-ad76-4934-bcfb-c8cae0dbbecb-EndpointStateMachineTaskThread-/0.0.0.0:15002-0 ] INFO  ratis.XceiverServerRatis (XceiverServerRatis.java:getRealPort(575)) - XceiverServerRatis 8d67fbbe-ad76-4934-bcfb-c8cae0dbbecb is started using port 15059 for RATIS_SERVER
2024-01-17 07:57:09,033 [8d67fbbe-ad76-4934-bcfb-c8cae0dbbecb-EndpointStateMachineTaskThread-/0.0.0.0:15002-0 ] INFO  ratis.XceiverServerRatis (XceiverServerRatis.java:getRealPort(575)) - XceiverServerRatis 8d67fbbe-ad76-4934-bcfb-c8cae0dbbecb is started using port 15060 for RATIS_DATASTREAM
2024-01-17 07:57:09,036 [8d67fbbe-ad76-4934-bcfb-c8cae0dbbecb-BlockDeletingService#0] INFO  interfaces.ContainerDeletionChoosingPolicyTemplate (ContainerDeletionChoosingPolicyTemplate.java:chooseContainerForBlockDeletion(85)) - Chosen 0/5000 blocks from 0 candidate containers.
2024-01-17 07:57:09,157 [eb5c9b0d-19e6-4136-9089-8a3b0879ad33-EndpointStateMachineTaskThread-/0.0.0.0:15002-0 ] INFO  utils.DatanodeStoreCache (DatanodeStoreCache.java:addDB(72)) - Added db /home/runner/work/ozone/ozone/hadoop-ozone/integration-test/target/test-dir/MiniOzoneClusterImpl-df80a8b8-78a2-47d1-a2cb-ee48e7cc81f7/datanode-6/data-0/containers/hdds/df80a8b8-78a2-47d1-a2cb-ee48e7cc81f7/DS-44ff3604-0aa2-409c-aa47-99af381a8923/container.db to cache
2024-01-17 07:57:09,158 [eb5c9b0d-19e6-4136-9089-8a3b0879ad33-EndpointStateMachineTaskThread-/0.0.0.0:15002-0 ] INFO  volume.HddsVolume (HddsVolume.java:createDbStore(420)) - SchemaV3 db is created and loaded at /home/runner/work/ozone/ozone/hadoop-ozone/integration-test/target/test-dir/MiniOzoneClusterImpl-df80a8b8-78a2-47d1-a2cb-ee48e7cc81f7/datanode-6/data-0/containers/hdds/df80a8b8-78a2-47d1-a2cb-ee48e7cc81f7/DS-44ff3604-0aa2-409c-aa47-99af381a8923/container.db for volume DS-44ff3604-0aa2-409c-aa47-99af381a8923
2024-01-17 07:57:09,160 [eb5c9b0d-19e6-4136-9089-8a3b0879ad33-EndpointStateMachineTaskThread-/0.0.0.0:15002-0 ] INFO  volume.ThrottledAsyncChecker (ThrottledAsyncChecker.java:schedule(141)) - Scheduling a check for /home/runner/work/ozone/ozone/hadoop-ozone/integration-test/target/test-dir/MiniOzoneClusterImpl-df80a8b8-78a2-47d1-a2cb-ee48e7cc81f7/datanode-6/data-0/containers/hdds
2024-01-17 07:57:09,160 [eb5c9b0d-19e6-4136-9089-8a3b0879ad33-EndpointStateMachineTaskThread-/0.0.0.0:15002-0 ] INFO  volume.StorageVolumeChecker (StorageVolumeChecker.java:checkAllVolumes(218)) - Scheduled health check for volume /home/runner/work/ozone/ozone/hadoop-ozone/integration-test/target/test-dir/MiniOzoneClusterImpl-df80a8b8-78a2-47d1-a2cb-ee48e7cc81f7/datanode-6/data-0/containers/hdds
2024-01-17 07:57:09,163 [eb5c9b0d-19e6-4136-9089-8a3b0879ad33-EndpointStateMachineTaskThread-/0.0.0.0:15002-0 ] INFO  volume.ThrottledAsyncChecker (ThrottledAsyncChecker.java:schedule(141)) - Scheduling a check for /home/runner/work/ozone/ozone/hadoop-ozone/integration-test/target/test-dir/MiniOzoneClusterImpl-df80a8b8-78a2-47d1-a2cb-ee48e7cc81f7/datanode-6/data/ratis
2024-01-17 07:57:09,163 [eb5c9b0d-19e6-4136-9089-8a3b0879ad33-EndpointStateMachineTaskThread-/0.0.0.0:15002-0 ] INFO  volume.StorageVolumeChecker (StorageVolumeChecker.java:checkAllVolumes(218)) - Scheduled health check for volume /home/runner/work/ozone/ozone/hadoop-ozone/integration-test/target/test-dir/MiniOzoneClusterImpl-df80a8b8-78a2-47d1-a2cb-ee48e7cc81f7/datanode-6/data/ratis
2024-01-17 07:57:09,164 [eb5c9b0d-19e6-4136-9089-8a3b0879ad33-EndpointStateMachineTaskThread-/0.0.0.0:15002-0 ] INFO  ozoneimpl.OzoneContainer (OzoneContainer.java:start(457)) - Attempting to start container services.
2024-01-17 07:57:09,164 [eb5c9b0d-19e6-4136-9089-8a3b0879ad33-EndpointStateMachineTaskThread-/0.0.0.0:15002-0 ] INFO  ozoneimpl.OzoneContainer (OzoneContainer.java:startContainerScrub(339)) - Scheduled background container scanners and the on-demand container scanner have been disabled.
2024-01-17 07:57:09,165 [eb5c9b0d-19e6-4136-9089-8a3b0879ad33-EndpointStateMachineTaskThread-/0.0.0.0:15002-0 ] INFO  replication.ReplicationServer (ReplicationServer.java:start(139)) - ReplicationServer is started using port 15070
2024-01-17 07:57:09,165 [eb5c9b0d-19e6-4136-9089-8a3b0879ad33-EndpointStateMachineTaskThread-/0.0.0.0:15002-0 ] INFO  ratis.XceiverServerRatis (XceiverServerRatis.java:start(549)) - Starting XceiverServerRatis eb5c9b0d-19e6-4136-9089-8a3b0879ad33
2024-01-17 07:57:09,166 [eb5c9b0d-19e6-4136-9089-8a3b0879ad33-EndpointStateMachineTaskThread-/0.0.0.0:15002-0 ] INFO  server.RaftServer (RaftServerProxy.java:startImpl(406)) - eb5c9b0d-19e6-4136-9089-8a3b0879ad33: start RPC server
2024-01-17 07:57:09,167 [eb5c9b0d-19e6-4136-9089-8a3b0879ad33-EndpointStateMachineTaskThread-/0.0.0.0:15002-0 ] INFO  server.GrpcService (GrpcService.java:startImpl(302)) - eb5c9b0d-19e6-4136-9089-8a3b0879ad33: GrpcService started, listening on 15066
2024-01-17 07:57:09,168 [eb5c9b0d-19e6-4136-9089-8a3b0879ad33-EndpointStateMachineTaskThread-/0.0.0.0:15002-0 ] INFO  server.GrpcService (GrpcService.java:startImpl(302)) - eb5c9b0d-19e6-4136-9089-8a3b0879ad33: GrpcService started, listening on 15068
2024-01-17 07:57:09,169 [eb5c9b0d-19e6-4136-9089-8a3b0879ad33-EndpointStateMachineTaskThread-/0.0.0.0:15002-0 ] INFO  server.GrpcService (GrpcService.java:startImpl(302)) - eb5c9b0d-19e6-4136-9089-8a3b0879ad33: GrpcService started, listening on 15067
2024-01-17 07:57:09,169 [eb5c9b0d-19e6-4136-9089-8a3b0879ad33-EndpointStateMachineTaskThread-/0.0.0.0:15002-0 ] INFO  ratis.XceiverServerRatis (XceiverServerRatis.java:getRealPort(575)) - XceiverServerRatis eb5c9b0d-19e6-4136-9089-8a3b0879ad33 is started using port 15066 for RATIS
2024-01-17 07:57:09,169 [eb5c9b0d-19e6-4136-9089-8a3b0879ad33-EndpointStateMachineTaskThread-/0.0.0.0:15002-0 ] INFO  ratis.XceiverServerRatis (XceiverServerRatis.java:getRealPort(575)) - XceiverServerRatis eb5c9b0d-19e6-4136-9089-8a3b0879ad33 is started using port 15067 for RATIS_ADMIN
2024-01-17 07:57:09,169 [eb5c9b0d-19e6-4136-9089-8a3b0879ad33-EndpointStateMachineTaskThread-/0.0.0.0:15002-0 ] INFO  ratis.XceiverServerRatis (XceiverServerRatis.java:getRealPort(575)) - XceiverServerRatis eb5c9b0d-19e6-4136-9089-8a3b0879ad33 is started using port 15068 for RATIS_SERVER
2024-01-17 07:57:09,169 [eb5c9b0d-19e6-4136-9089-8a3b0879ad33-EndpointStateMachineTaskThread-/0.0.0.0:15002-0 ] INFO  ratis.XceiverServerRatis (XceiverServerRatis.java:getRealPort(575)) - XceiverServerRatis eb5c9b0d-19e6-4136-9089-8a3b0879ad33 is started using port 15069 for RATIS_DATASTREAM
2024-01-17 07:57:09,169 [JvmPauseMonitor8] INFO  util.JvmPauseMonitor (JvmPauseMonitor.java:run(146)) - JvmPauseMonitor-eb5c9b0d-19e6-4136-9089-8a3b0879ad33: Started
2024-01-17 07:57:09,173 [eb5c9b0d-19e6-4136-9089-8a3b0879ad33-BlockDeletingService#0] INFO  interfaces.ContainerDeletionChoosingPolicyTemplate (ContainerDeletionChoosingPolicyTemplate.java:chooseContainerForBlockDeletion(85)) - Chosen 0/5000 blocks from 0 candidate containers.
2024-01-17 07:57:09,270 [bdef3149-2cc3-439b-89a6-09b93146a606-EndpointStateMachineTaskThread-/0.0.0.0:15002-0 ] INFO  utils.DatanodeStoreCache (DatanodeStoreCache.java:addDB(72)) - Added db /home/runner/work/ozone/ozone/hadoop-ozone/integration-test/target/test-dir/MiniOzoneClusterImpl-df80a8b8-78a2-47d1-a2cb-ee48e7cc81f7/datanode-7/data-0/containers/hdds/df80a8b8-78a2-47d1-a2cb-ee48e7cc81f7/DS-bd2eeb1c-dc96-47fc-b677-2770b6ce4e57/container.db to cache
2024-01-17 07:57:09,270 [bdef3149-2cc3-439b-89a6-09b93146a606-EndpointStateMachineTaskThread-/0.0.0.0:15002-0 ] INFO  volume.HddsVolume (HddsVolume.java:createDbStore(420)) - SchemaV3 db is created and loaded at /home/runner/work/ozone/ozone/hadoop-ozone/integration-test/target/test-dir/MiniOzoneClusterImpl-df80a8b8-78a2-47d1-a2cb-ee48e7cc81f7/datanode-7/data-0/containers/hdds/df80a8b8-78a2-47d1-a2cb-ee48e7cc81f7/DS-bd2eeb1c-dc96-47fc-b677-2770b6ce4e57/container.db for volume DS-bd2eeb1c-dc96-47fc-b677-2770b6ce4e57
2024-01-17 07:57:09,272 [bdef3149-2cc3-439b-89a6-09b93146a606-EndpointStateMachineTaskThread-/0.0.0.0:15002-0 ] INFO  volume.ThrottledAsyncChecker (ThrottledAsyncChecker.java:schedule(141)) - Scheduling a check for /home/runner/work/ozone/ozone/hadoop-ozone/integration-test/target/test-dir/MiniOzoneClusterImpl-df80a8b8-78a2-47d1-a2cb-ee48e7cc81f7/datanode-7/data-0/containers/hdds
2024-01-17 07:57:09,272 [bdef3149-2cc3-439b-89a6-09b93146a606-EndpointStateMachineTaskThread-/0.0.0.0:15002-0 ] INFO  volume.StorageVolumeChecker (StorageVolumeChecker.java:checkAllVolumes(218)) - Scheduled health check for volume /home/runner/work/ozone/ozone/hadoop-ozone/integration-test/target/test-dir/MiniOzoneClusterImpl-df80a8b8-78a2-47d1-a2cb-ee48e7cc81f7/datanode-7/data-0/containers/hdds
2024-01-17 07:57:09,274 [bdef3149-2cc3-439b-89a6-09b93146a606-EndpointStateMachineTaskThread-/0.0.0.0:15002-0 ] INFO  volume.ThrottledAsyncChecker (ThrottledAsyncChecker.java:schedule(141)) - Scheduling a check for /home/runner/work/ozone/ozone/hadoop-ozone/integration-test/target/test-dir/MiniOzoneClusterImpl-df80a8b8-78a2-47d1-a2cb-ee48e7cc81f7/datanode-7/data/ratis
2024-01-17 07:57:09,274 [bdef3149-2cc3-439b-89a6-09b93146a606-EndpointStateMachineTaskThread-/0.0.0.0:15002-0 ] INFO  volume.StorageVolumeChecker (StorageVolumeChecker.java:checkAllVolumes(218)) - Scheduled health check for volume /home/runner/work/ozone/ozone/hadoop-ozone/integration-test/target/test-dir/MiniOzoneClusterImpl-df80a8b8-78a2-47d1-a2cb-ee48e7cc81f7/datanode-7/data/ratis
2024-01-17 07:57:09,275 [bdef3149-2cc3-439b-89a6-09b93146a606-EndpointStateMachineTaskThread-/0.0.0.0:15002-0 ] INFO  ozoneimpl.OzoneContainer (OzoneContainer.java:start(457)) - Attempting to start container services.
2024-01-17 07:57:09,275 [bdef3149-2cc3-439b-89a6-09b93146a606-EndpointStateMachineTaskThread-/0.0.0.0:15002-0 ] INFO  ozoneimpl.OzoneContainer (OzoneContainer.java:startContainerScrub(339)) - Scheduled background container scanners and the on-demand container scanner have been disabled.
2024-01-17 07:57:09,276 [bdef3149-2cc3-439b-89a6-09b93146a606-EndpointStateMachineTaskThread-/0.0.0.0:15002-0 ] INFO  replication.ReplicationServer (ReplicationServer.java:start(139)) - ReplicationServer is started using port 15079
2024-01-17 07:57:09,277 [bdef3149-2cc3-439b-89a6-09b93146a606-EndpointStateMachineTaskThread-/0.0.0.0:15002-0 ] INFO  ratis.XceiverServerRatis (XceiverServerRatis.java:start(549)) - Starting XceiverServerRatis bdef3149-2cc3-439b-89a6-09b93146a606
2024-01-17 07:57:09,277 [bdef3149-2cc3-439b-89a6-09b93146a606-EndpointStateMachineTaskThread-/0.0.0.0:15002-0 ] INFO  server.RaftServer (RaftServerProxy.java:startImpl(406)) - bdef3149-2cc3-439b-89a6-09b93146a606: start RPC server
2024-01-17 07:57:09,279 [bdef3149-2cc3-439b-89a6-09b93146a606-EndpointStateMachineTaskThread-/0.0.0.0:15002-0 ] INFO  server.GrpcService (GrpcService.java:startImpl(302)) - bdef3149-2cc3-439b-89a6-09b93146a606: GrpcService started, listening on 15075
2024-01-17 07:57:09,280 [bdef3149-2cc3-439b-89a6-09b93146a606-EndpointStateMachineTaskThread-/0.0.0.0:15002-0 ] INFO  server.GrpcService (GrpcService.java:startImpl(302)) - bdef3149-2cc3-439b-89a6-09b93146a606: GrpcService started, listening on 15077
2024-01-17 07:57:09,283 [bdef3149-2cc3-439b-89a6-09b93146a606-EndpointStateMachineTaskThread-/0.0.0.0:15002-0 ] INFO  server.GrpcService (GrpcService.java:startImpl(302)) - bdef3149-2cc3-439b-89a6-09b93146a606: GrpcService started, listening on 15076
2024-01-17 07:57:09,283 [bdef3149-2cc3-439b-89a6-09b93146a606-EndpointStateMachineTaskThread-/0.0.0.0:15002-0 ] INFO  ratis.XceiverServerRatis (XceiverServerRatis.java:getRealPort(575)) - XceiverServerRatis bdef3149-2cc3-439b-89a6-09b93146a606 is started using port 15075 for RATIS
2024-01-17 07:57:09,283 [bdef3149-2cc3-439b-89a6-09b93146a606-EndpointStateMachineTaskThread-/0.0.0.0:15002-0 ] INFO  ratis.XceiverServerRatis (XceiverServerRatis.java:getRealPort(575)) - XceiverServerRatis bdef3149-2cc3-439b-89a6-09b93146a606 is started using port 15076 for RATIS_ADMIN
2024-01-17 07:57:09,283 [bdef3149-2cc3-439b-89a6-09b93146a606-EndpointStateMachineTaskThread-/0.0.0.0:15002-0 ] INFO  ratis.XceiverServerRatis (XceiverServerRatis.java:getRealPort(575)) - XceiverServerRatis bdef3149-2cc3-439b-89a6-09b93146a606 is started using port 15077 for RATIS_SERVER
2024-01-17 07:57:09,283 [bdef3149-2cc3-439b-89a6-09b93146a606-EndpointStateMachineTaskThread-/0.0.0.0:15002-0 ] INFO  ratis.XceiverServerRatis (XceiverServerRatis.java:getRealPort(575)) - XceiverServerRatis bdef3149-2cc3-439b-89a6-09b93146a606 is started using port 15078 for RATIS_DATASTREAM
2024-01-17 07:57:09,283 [JvmPauseMonitor9] INFO  util.JvmPauseMonitor (JvmPauseMonitor.java:run(146)) - JvmPauseMonitor-bdef3149-2cc3-439b-89a6-09b93146a606: Started
2024-01-17 07:57:09,286 [bdef3149-2cc3-439b-89a6-09b93146a606-BlockDeletingService#0] INFO  interfaces.ContainerDeletionChoosingPolicyTemplate (ContainerDeletionChoosingPolicyTemplate.java:chooseContainerForBlockDeletion(85)) - Chosen 0/5000 blocks from 0 candidate containers.
2024-01-17 07:57:09,399 [497ccbea-d6cf-4731-95da-fa3df448bf79-EndpointStateMachineTaskThread-/0.0.0.0:15002-0 ] INFO  utils.DatanodeStoreCache (DatanodeStoreCache.java:addDB(72)) - Added db /home/runner/work/ozone/ozone/hadoop-ozone/integration-test/target/test-dir/MiniOzoneClusterImpl-df80a8b8-78a2-47d1-a2cb-ee48e7cc81f7/datanode-8/data-0/containers/hdds/df80a8b8-78a2-47d1-a2cb-ee48e7cc81f7/DS-4d5f07f1-0fba-473e-b0d0-43eac4cadc03/container.db to cache
2024-01-17 07:57:09,399 [497ccbea-d6cf-4731-95da-fa3df448bf79-EndpointStateMachineTaskThread-/0.0.0.0:15002-0 ] INFO  volume.HddsVolume (HddsVolume.java:createDbStore(420)) - SchemaV3 db is created and loaded at /home/runner/work/ozone/ozone/hadoop-ozone/integration-test/target/test-dir/MiniOzoneClusterImpl-df80a8b8-78a2-47d1-a2cb-ee48e7cc81f7/datanode-8/data-0/containers/hdds/df80a8b8-78a2-47d1-a2cb-ee48e7cc81f7/DS-4d5f07f1-0fba-473e-b0d0-43eac4cadc03/container.db for volume DS-4d5f07f1-0fba-473e-b0d0-43eac4cadc03
2024-01-17 07:57:09,401 [497ccbea-d6cf-4731-95da-fa3df448bf79-EndpointStateMachineTaskThread-/0.0.0.0:15002-0 ] INFO  volume.ThrottledAsyncChecker (ThrottledAsyncChecker.java:schedule(141)) - Scheduling a check for /home/runner/work/ozone/ozone/hadoop-ozone/integration-test/target/test-dir/MiniOzoneClusterImpl-df80a8b8-78a2-47d1-a2cb-ee48e7cc81f7/datanode-8/data-0/containers/hdds
2024-01-17 07:57:09,401 [497ccbea-d6cf-4731-95da-fa3df448bf79-EndpointStateMachineTaskThread-/0.0.0.0:15002-0 ] INFO  volume.StorageVolumeChecker (StorageVolumeChecker.java:checkAllVolumes(218)) - Scheduled health check for volume /home/runner/work/ozone/ozone/hadoop-ozone/integration-test/target/test-dir/MiniOzoneClusterImpl-df80a8b8-78a2-47d1-a2cb-ee48e7cc81f7/datanode-8/data-0/containers/hdds
2024-01-17 07:57:09,403 [497ccbea-d6cf-4731-95da-fa3df448bf79-EndpointStateMachineTaskThread-/0.0.0.0:15002-0 ] INFO  volume.ThrottledAsyncChecker (ThrottledAsyncChecker.java:schedule(141)) - Scheduling a check for /home/runner/work/ozone/ozone/hadoop-ozone/integration-test/target/test-dir/MiniOzoneClusterImpl-df80a8b8-78a2-47d1-a2cb-ee48e7cc81f7/datanode-8/data/ratis
2024-01-17 07:57:09,403 [497ccbea-d6cf-4731-95da-fa3df448bf79-EndpointStateMachineTaskThread-/0.0.0.0:15002-0 ] INFO  volume.StorageVolumeChecker (StorageVolumeChecker.java:checkAllVolumes(218)) - Scheduled health check for volume /home/runner/work/ozone/ozone/hadoop-ozone/integration-test/target/test-dir/MiniOzoneClusterImpl-df80a8b8-78a2-47d1-a2cb-ee48e7cc81f7/datanode-8/data/ratis
2024-01-17 07:57:09,404 [497ccbea-d6cf-4731-95da-fa3df448bf79-EndpointStateMachineTaskThread-/0.0.0.0:15002-0 ] INFO  ozoneimpl.OzoneContainer (OzoneContainer.java:start(457)) - Attempting to start container services.
2024-01-17 07:57:09,405 [497ccbea-d6cf-4731-95da-fa3df448bf79-EndpointStateMachineTaskThread-/0.0.0.0:15002-0 ] INFO  ozoneimpl.OzoneContainer (OzoneContainer.java:startContainerScrub(339)) - Scheduled background container scanners and the on-demand container scanner have been disabled.
2024-01-17 07:57:09,408 [497ccbea-d6cf-4731-95da-fa3df448bf79-EndpointStateMachineTaskThread-/0.0.0.0:15002-0 ] INFO  replication.ReplicationServer (ReplicationServer.java:start(139)) - ReplicationServer is started using port 15088
2024-01-17 07:57:09,408 [497ccbea-d6cf-4731-95da-fa3df448bf79-EndpointStateMachineTaskThread-/0.0.0.0:15002-0 ] INFO  ratis.XceiverServerRatis (XceiverServerRatis.java:start(549)) - Starting XceiverServerRatis 497ccbea-d6cf-4731-95da-fa3df448bf79
2024-01-17 07:57:09,409 [497ccbea-d6cf-4731-95da-fa3df448bf79-EndpointStateMachineTaskThread-/0.0.0.0:15002-0 ] INFO  server.RaftServer (RaftServerProxy.java:startImpl(406)) - 497ccbea-d6cf-4731-95da-fa3df448bf79: start RPC server
2024-01-17 07:57:09,409 [497ccbea-d6cf-4731-95da-fa3df448bf79-EndpointStateMachineTaskThread-/0.0.0.0:15002-0 ] INFO  server.GrpcService (GrpcService.java:startImpl(302)) - 497ccbea-d6cf-4731-95da-fa3df448bf79: GrpcService started, listening on 15084
2024-01-17 07:57:09,410 [497ccbea-d6cf-4731-95da-fa3df448bf79-EndpointStateMachineTaskThread-/0.0.0.0:15002-0 ] INFO  server.GrpcService (GrpcService.java:startImpl(302)) - 497ccbea-d6cf-4731-95da-fa3df448bf79: GrpcService started, listening on 15086
2024-01-17 07:57:09,410 [497ccbea-d6cf-4731-95da-fa3df448bf79-EndpointStateMachineTaskThread-/0.0.0.0:15002-0 ] INFO  server.GrpcService (GrpcService.java:startImpl(302)) - 497ccbea-d6cf-4731-95da-fa3df448bf79: GrpcService started, listening on 15085
2024-01-17 07:57:09,410 [497ccbea-d6cf-4731-95da-fa3df448bf79-EndpointStateMachineTaskThread-/0.0.0.0:15002-0 ] INFO  ratis.XceiverServerRatis (XceiverServerRatis.java:getRealPort(575)) - XceiverServerRatis 497ccbea-d6cf-4731-95da-fa3df448bf79 is started using port 15084 for RATIS
2024-01-17 07:57:09,410 [497ccbea-d6cf-4731-95da-fa3df448bf79-EndpointStateMachineTaskThread-/0.0.0.0:15002-0 ] INFO  ratis.XceiverServerRatis (XceiverServerRatis.java:getRealPort(575)) - XceiverServerRatis 497ccbea-d6cf-4731-95da-fa3df448bf79 is started using port 15085 for RATIS_ADMIN
2024-01-17 07:57:09,410 [497ccbea-d6cf-4731-95da-fa3df448bf79-EndpointStateMachineTaskThread-/0.0.0.0:15002-0 ] INFO  ratis.XceiverServerRatis (XceiverServerRatis.java:getRealPort(575)) - XceiverServerRatis 497ccbea-d6cf-4731-95da-fa3df448bf79 is started using port 15086 for RATIS_SERVER
2024-01-17 07:57:09,410 [JvmPauseMonitor10] INFO  util.JvmPauseMonitor (JvmPauseMonitor.java:run(146)) - JvmPauseMonitor-497ccbea-d6cf-4731-95da-fa3df448bf79: Started
2024-01-17 07:57:09,410 [497ccbea-d6cf-4731-95da-fa3df448bf79-EndpointStateMachineTaskThread-/0.0.0.0:15002-0 ] INFO  ratis.XceiverServerRatis (XceiverServerRatis.java:getRealPort(575)) - XceiverServerRatis 497ccbea-d6cf-4731-95da-fa3df448bf79 is started using port 15087 for RATIS_DATASTREAM
2024-01-17 07:57:09,416 [497ccbea-d6cf-4731-95da-fa3df448bf79-BlockDeletingService#0] INFO  interfaces.ContainerDeletionChoosingPolicyTemplate (ContainerDeletionChoosingPolicyTemplate.java:chooseContainerForBlockDeletion(85)) - Chosen 0/5000 blocks from 0 candidate containers.
2024-01-17 07:57:09,506 [6291adf5-9e71-4549-84cb-13318527388a-EndpointStateMachineTaskThread-/0.0.0.0:15002-0 ] INFO  utils.DatanodeStoreCache (DatanodeStoreCache.java:addDB(72)) - Added db /home/runner/work/ozone/ozone/hadoop-ozone/integration-test/target/test-dir/MiniOzoneClusterImpl-df80a8b8-78a2-47d1-a2cb-ee48e7cc81f7/datanode-9/data-0/containers/hdds/df80a8b8-78a2-47d1-a2cb-ee48e7cc81f7/DS-d3f8dff3-fdb4-41f4-9ac6-203437a12f58/container.db to cache
2024-01-17 07:57:09,506 [6291adf5-9e71-4549-84cb-13318527388a-EndpointStateMachineTaskThread-/0.0.0.0:15002-0 ] INFO  volume.HddsVolume (HddsVolume.java:createDbStore(420)) - SchemaV3 db is created and loaded at /home/runner/work/ozone/ozone/hadoop-ozone/integration-test/target/test-dir/MiniOzoneClusterImpl-df80a8b8-78a2-47d1-a2cb-ee48e7cc81f7/datanode-9/data-0/containers/hdds/df80a8b8-78a2-47d1-a2cb-ee48e7cc81f7/DS-d3f8dff3-fdb4-41f4-9ac6-203437a12f58/container.db for volume DS-d3f8dff3-fdb4-41f4-9ac6-203437a12f58
2024-01-17 07:57:09,508 [6291adf5-9e71-4549-84cb-13318527388a-EndpointStateMachineTaskThread-/0.0.0.0:15002-0 ] INFO  volume.ThrottledAsyncChecker (ThrottledAsyncChecker.java:schedule(141)) - Scheduling a check for /home/runner/work/ozone/ozone/hadoop-ozone/integration-test/target/test-dir/MiniOzoneClusterImpl-df80a8b8-78a2-47d1-a2cb-ee48e7cc81f7/datanode-9/data-0/containers/hdds
2024-01-17 07:57:09,508 [6291adf5-9e71-4549-84cb-13318527388a-EndpointStateMachineTaskThread-/0.0.0.0:15002-0 ] INFO  volume.StorageVolumeChecker (StorageVolumeChecker.java:checkAllVolumes(218)) - Scheduled health check for volume /home/runner/work/ozone/ozone/hadoop-ozone/integration-test/target/test-dir/MiniOzoneClusterImpl-df80a8b8-78a2-47d1-a2cb-ee48e7cc81f7/datanode-9/data-0/containers/hdds
2024-01-17 07:57:09,510 [6291adf5-9e71-4549-84cb-13318527388a-EndpointStateMachineTaskThread-/0.0.0.0:15002-0 ] INFO  volume.ThrottledAsyncChecker (ThrottledAsyncChecker.java:schedule(141)) - Scheduling a check for /home/runner/work/ozone/ozone/hadoop-ozone/integration-test/target/test-dir/MiniOzoneClusterImpl-df80a8b8-78a2-47d1-a2cb-ee48e7cc81f7/datanode-9/data/ratis
2024-01-17 07:57:09,510 [6291adf5-9e71-4549-84cb-13318527388a-EndpointStateMachineTaskThread-/0.0.0.0:15002-0 ] INFO  volume.StorageVolumeChecker (StorageVolumeChecker.java:checkAllVolumes(218)) - Scheduled health check for volume /home/runner/work/ozone/ozone/hadoop-ozone/integration-test/target/test-dir/MiniOzoneClusterImpl-df80a8b8-78a2-47d1-a2cb-ee48e7cc81f7/datanode-9/data/ratis
2024-01-17 07:57:09,511 [6291adf5-9e71-4549-84cb-13318527388a-EndpointStateMachineTaskThread-/0.0.0.0:15002-0 ] INFO  ozoneimpl.OzoneContainer (OzoneContainer.java:start(457)) - Attempting to start container services.
2024-01-17 07:57:09,512 [6291adf5-9e71-4549-84cb-13318527388a-EndpointStateMachineTaskThread-/0.0.0.0:15002-0 ] INFO  ozoneimpl.OzoneContainer (OzoneContainer.java:startContainerScrub(339)) - Scheduled background container scanners and the on-demand container scanner have been disabled.
2024-01-17 07:57:09,512 [6291adf5-9e71-4549-84cb-13318527388a-EndpointStateMachineTaskThread-/0.0.0.0:15002-0 ] INFO  replication.ReplicationServer (ReplicationServer.java:start(139)) - ReplicationServer is started using port 15097
2024-01-17 07:57:09,512 [6291adf5-9e71-4549-84cb-13318527388a-EndpointStateMachineTaskThread-/0.0.0.0:15002-0 ] INFO  ratis.XceiverServerRatis (XceiverServerRatis.java:start(549)) - Starting XceiverServerRatis 6291adf5-9e71-4549-84cb-13318527388a
2024-01-17 07:57:09,514 [6291adf5-9e71-4549-84cb-13318527388a-EndpointStateMachineTaskThread-/0.0.0.0:15002-0 ] INFO  server.RaftServer (RaftServerProxy.java:startImpl(406)) - 6291adf5-9e71-4549-84cb-13318527388a: start RPC server
2024-01-17 07:57:09,514 [6291adf5-9e71-4549-84cb-13318527388a-EndpointStateMachineTaskThread-/0.0.0.0:15002-0 ] INFO  server.GrpcService (GrpcService.java:startImpl(302)) - 6291adf5-9e71-4549-84cb-13318527388a: GrpcService started, listening on 15093
2024-01-17 07:57:09,515 [6291adf5-9e71-4549-84cb-13318527388a-EndpointStateMachineTaskThread-/0.0.0.0:15002-0 ] INFO  server.GrpcService (GrpcService.java:startImpl(302)) - 6291adf5-9e71-4549-84cb-13318527388a: GrpcService started, listening on 15095
2024-01-17 07:57:09,515 [6291adf5-9e71-4549-84cb-13318527388a-EndpointStateMachineTaskThread-/0.0.0.0:15002-0 ] INFO  server.GrpcService (GrpcService.java:startImpl(302)) - 6291adf5-9e71-4549-84cb-13318527388a: GrpcService started, listening on 15094
2024-01-17 07:57:09,516 [6291adf5-9e71-4549-84cb-13318527388a-EndpointStateMachineTaskThread-/0.0.0.0:15002-0 ] INFO  ratis.XceiverServerRatis (XceiverServerRatis.java:getRealPort(575)) - XceiverServerRatis 6291adf5-9e71-4549-84cb-13318527388a is started using port 15093 for RATIS
2024-01-17 07:57:09,516 [6291adf5-9e71-4549-84cb-13318527388a-EndpointStateMachineTaskThread-/0.0.0.0:15002-0 ] INFO  ratis.XceiverServerRatis (XceiverServerRatis.java:getRealPort(575)) - XceiverServerRatis 6291adf5-9e71-4549-84cb-13318527388a is started using port 15094 for RATIS_ADMIN
2024-01-17 07:57:09,516 [6291adf5-9e71-4549-84cb-13318527388a-EndpointStateMachineTaskThread-/0.0.0.0:15002-0 ] INFO  ratis.XceiverServerRatis (XceiverServerRatis.java:getRealPort(575)) - XceiverServerRatis 6291adf5-9e71-4549-84cb-13318527388a is started using port 15095 for RATIS_SERVER
2024-01-17 07:57:09,516 [6291adf5-9e71-4549-84cb-13318527388a-EndpointStateMachineTaskThread-/0.0.0.0:15002-0 ] INFO  ratis.XceiverServerRatis (XceiverServerRatis.java:getRealPort(575)) - XceiverServerRatis 6291adf5-9e71-4549-84cb-13318527388a is started using port 15096 for RATIS_DATASTREAM
2024-01-17 07:57:09,516 [JvmPauseMonitor11] INFO  util.JvmPauseMonitor (JvmPauseMonitor.java:run(146)) - JvmPauseMonitor-6291adf5-9e71-4549-84cb-13318527388a: Started
2024-01-17 07:57:09,521 [6291adf5-9e71-4549-84cb-13318527388a-BlockDeletingService#0] INFO  interfaces.ContainerDeletionChoosingPolicyTemplate (ContainerDeletionChoosingPolicyTemplate.java:chooseContainerForBlockDeletion(85)) - Chosen 0/5000 blocks from 0 candidate containers.
2024-01-17 07:57:09,617 [8e247bdf-a19d-4cdc-89de-9f1c8249c15f-EndpointStateMachineTaskThread-/0.0.0.0:15002-0 ] INFO  utils.DatanodeStoreCache (DatanodeStoreCache.java:addDB(72)) - Added db /home/runner/work/ozone/ozone/hadoop-ozone/integration-test/target/test-dir/MiniOzoneClusterImpl-df80a8b8-78a2-47d1-a2cb-ee48e7cc81f7/datanode-10/data-0/containers/hdds/df80a8b8-78a2-47d1-a2cb-ee48e7cc81f7/DS-b5342737-a36d-412a-96ce-d151ba06f451/container.db to cache
2024-01-17 07:57:09,617 [8e247bdf-a19d-4cdc-89de-9f1c8249c15f-EndpointStateMachineTaskThread-/0.0.0.0:15002-0 ] INFO  volume.HddsVolume (HddsVolume.java:createDbStore(420)) - SchemaV3 db is created and loaded at /home/runner/work/ozone/ozone/hadoop-ozone/integration-test/target/test-dir/MiniOzoneClusterImpl-df80a8b8-78a2-47d1-a2cb-ee48e7cc81f7/datanode-10/data-0/containers/hdds/df80a8b8-78a2-47d1-a2cb-ee48e7cc81f7/DS-b5342737-a36d-412a-96ce-d151ba06f451/container.db for volume DS-b5342737-a36d-412a-96ce-d151ba06f451
2024-01-17 07:57:09,619 [8e247bdf-a19d-4cdc-89de-9f1c8249c15f-EndpointStateMachineTaskThread-/0.0.0.0:15002-0 ] INFO  volume.ThrottledAsyncChecker (ThrottledAsyncChecker.java:schedule(141)) - Scheduling a check for /home/runner/work/ozone/ozone/hadoop-ozone/integration-test/target/test-dir/MiniOzoneClusterImpl-df80a8b8-78a2-47d1-a2cb-ee48e7cc81f7/datanode-10/data-0/containers/hdds
2024-01-17 07:57:09,619 [8e247bdf-a19d-4cdc-89de-9f1c8249c15f-EndpointStateMachineTaskThread-/0.0.0.0:15002-0 ] INFO  volume.StorageVolumeChecker (StorageVolumeChecker.java:checkAllVolumes(218)) - Scheduled health check for volume /home/runner/work/ozone/ozone/hadoop-ozone/integration-test/target/test-dir/MiniOzoneClusterImpl-df80a8b8-78a2-47d1-a2cb-ee48e7cc81f7/datanode-10/data-0/containers/hdds
2024-01-17 07:57:09,621 [8e247bdf-a19d-4cdc-89de-9f1c8249c15f-EndpointStateMachineTaskThread-/0.0.0.0:15002-0 ] INFO  volume.ThrottledAsyncChecker (ThrottledAsyncChecker.java:schedule(141)) - Scheduling a check for /home/runner/work/ozone/ozone/hadoop-ozone/integration-test/target/test-dir/MiniOzoneClusterImpl-df80a8b8-78a2-47d1-a2cb-ee48e7cc81f7/datanode-10/data/ratis
2024-01-17 07:57:09,621 [8e247bdf-a19d-4cdc-89de-9f1c8249c15f-EndpointStateMachineTaskThread-/0.0.0.0:15002-0 ] INFO  volume.StorageVolumeChecker (StorageVolumeChecker.java:checkAllVolumes(218)) - Scheduled health check for volume /home/runner/work/ozone/ozone/hadoop-ozone/integration-test/target/test-dir/MiniOzoneClusterImpl-df80a8b8-78a2-47d1-a2cb-ee48e7cc81f7/datanode-10/data/ratis
2024-01-17 07:57:09,623 [8e247bdf-a19d-4cdc-89de-9f1c8249c15f-EndpointStateMachineTaskThread-/0.0.0.0:15002-0 ] INFO  ozoneimpl.OzoneContainer (OzoneContainer.java:start(457)) - Attempting to start container services.
2024-01-17 07:57:09,623 [8e247bdf-a19d-4cdc-89de-9f1c8249c15f-EndpointStateMachineTaskThread-/0.0.0.0:15002-0 ] INFO  ozoneimpl.OzoneContainer (OzoneContainer.java:startContainerScrub(339)) - Scheduled background container scanners and the on-demand container scanner have been disabled.
2024-01-17 07:57:09,623 [8e247bdf-a19d-4cdc-89de-9f1c8249c15f-EndpointStateMachineTaskThread-/0.0.0.0:15002-0 ] INFO  replication.ReplicationServer (ReplicationServer.java:start(139)) - ReplicationServer is started using port 15106
2024-01-17 07:57:09,623 [8e247bdf-a19d-4cdc-89de-9f1c8249c15f-EndpointStateMachineTaskThread-/0.0.0.0:15002-0 ] INFO  ratis.XceiverServerRatis (XceiverServerRatis.java:start(549)) - Starting XceiverServerRatis 8e247bdf-a19d-4cdc-89de-9f1c8249c15f
2024-01-17 07:57:09,624 [8e247bdf-a19d-4cdc-89de-9f1c8249c15f-EndpointStateMachineTaskThread-/0.0.0.0:15002-0 ] INFO  server.RaftServer (RaftServerProxy.java:startImpl(406)) - 8e247bdf-a19d-4cdc-89de-9f1c8249c15f: start RPC server
2024-01-17 07:57:09,624 [8e247bdf-a19d-4cdc-89de-9f1c8249c15f-EndpointStateMachineTaskThread-/0.0.0.0:15002-0 ] INFO  server.GrpcService (GrpcService.java:startImpl(302)) - 8e247bdf-a19d-4cdc-89de-9f1c8249c15f: GrpcService started, listening on 15102
2024-01-17 07:57:09,624 [8e247bdf-a19d-4cdc-89de-9f1c8249c15f-EndpointStateMachineTaskThread-/0.0.0.0:15002-0 ] INFO  server.GrpcService (GrpcService.java:startImpl(302)) - 8e247bdf-a19d-4cdc-89de-9f1c8249c15f: GrpcService started, listening on 15104
2024-01-17 07:57:09,625 [8e247bdf-a19d-4cdc-89de-9f1c8249c15f-EndpointStateMachineTaskThread-/0.0.0.0:15002-0 ] INFO  server.GrpcService (GrpcService.java:startImpl(302)) - 8e247bdf-a19d-4cdc-89de-9f1c8249c15f: GrpcService started, listening on 15103
2024-01-17 07:57:09,625 [8e247bdf-a19d-4cdc-89de-9f1c8249c15f-EndpointStateMachineTaskThread-/0.0.0.0:15002-0 ] INFO  ratis.XceiverServerRatis (XceiverServerRatis.java:getRealPort(575)) - XceiverServerRatis 8e247bdf-a19d-4cdc-89de-9f1c8249c15f is started using port 15102 for RATIS
2024-01-17 07:57:09,625 [JvmPauseMonitor12] INFO  util.JvmPauseMonitor (JvmPauseMonitor.java:run(146)) - JvmPauseMonitor-8e247bdf-a19d-4cdc-89de-9f1c8249c15f: Started
2024-01-17 07:57:09,625 [8e247bdf-a19d-4cdc-89de-9f1c8249c15f-EndpointStateMachineTaskThread-/0.0.0.0:15002-0 ] INFO  ratis.XceiverServerRatis (XceiverServerRatis.java:getRealPort(575)) - XceiverServerRatis 8e247bdf-a19d-4cdc-89de-9f1c8249c15f is started using port 15103 for RATIS_ADMIN
2024-01-17 07:57:09,626 [8e247bdf-a19d-4cdc-89de-9f1c8249c15f-EndpointStateMachineTaskThread-/0.0.0.0:15002-0 ] INFO  ratis.XceiverServerRatis (XceiverServerRatis.java:getRealPort(575)) - XceiverServerRatis 8e247bdf-a19d-4cdc-89de-9f1c8249c15f is started using port 15104 for RATIS_SERVER
2024-01-17 07:57:09,626 [8e247bdf-a19d-4cdc-89de-9f1c8249c15f-EndpointStateMachineTaskThread-/0.0.0.0:15002-0 ] INFO  ratis.XceiverServerRatis (XceiverServerRatis.java:getRealPort(575)) - XceiverServerRatis 8e247bdf-a19d-4cdc-89de-9f1c8249c15f is started using port 15105 for RATIS_DATASTREAM
2024-01-17 07:57:09,627 [8e247bdf-a19d-4cdc-89de-9f1c8249c15f-BlockDeletingService#0] INFO  interfaces.ContainerDeletionChoosingPolicyTemplate (ContainerDeletionChoosingPolicyTemplate.java:chooseContainerForBlockDeletion(85)) - Chosen 0/5000 blocks from 0 candidate containers.
2024-01-17 07:57:09,751 [2f83d896-2cfa-4348-ab65-ff7be0e3606c-EndpointStateMachineTaskThread-/0.0.0.0:15002-0 ] INFO  utils.DatanodeStoreCache (DatanodeStoreCache.java:addDB(72)) - Added db /home/runner/work/ozone/ozone/hadoop-ozone/integration-test/target/test-dir/MiniOzoneClusterImpl-df80a8b8-78a2-47d1-a2cb-ee48e7cc81f7/datanode-11/data-0/containers/hdds/df80a8b8-78a2-47d1-a2cb-ee48e7cc81f7/DS-9ee83f57-5885-4619-ae41-9e238b727d87/container.db to cache
2024-01-17 07:57:09,751 [2f83d896-2cfa-4348-ab65-ff7be0e3606c-EndpointStateMachineTaskThread-/0.0.0.0:15002-0 ] INFO  volume.HddsVolume (HddsVolume.java:createDbStore(420)) - SchemaV3 db is created and loaded at /home/runner/work/ozone/ozone/hadoop-ozone/integration-test/target/test-dir/MiniOzoneClusterImpl-df80a8b8-78a2-47d1-a2cb-ee48e7cc81f7/datanode-11/data-0/containers/hdds/df80a8b8-78a2-47d1-a2cb-ee48e7cc81f7/DS-9ee83f57-5885-4619-ae41-9e238b727d87/container.db for volume DS-9ee83f57-5885-4619-ae41-9e238b727d87
2024-01-17 07:57:09,753 [2f83d896-2cfa-4348-ab65-ff7be0e3606c-EndpointStateMachineTaskThread-/0.0.0.0:15002-0 ] INFO  volume.ThrottledAsyncChecker (ThrottledAsyncChecker.java:schedule(141)) - Scheduling a check for /home/runner/work/ozone/ozone/hadoop-ozone/integration-test/target/test-dir/MiniOzoneClusterImpl-df80a8b8-78a2-47d1-a2cb-ee48e7cc81f7/datanode-11/data-0/containers/hdds
2024-01-17 07:57:09,753 [2f83d896-2cfa-4348-ab65-ff7be0e3606c-EndpointStateMachineTaskThread-/0.0.0.0:15002-0 ] INFO  volume.StorageVolumeChecker (StorageVolumeChecker.java:checkAllVolumes(218)) - Scheduled health check for volume /home/runner/work/ozone/ozone/hadoop-ozone/integration-test/target/test-dir/MiniOzoneClusterImpl-df80a8b8-78a2-47d1-a2cb-ee48e7cc81f7/datanode-11/data-0/containers/hdds
2024-01-17 07:57:09,755 [2f83d896-2cfa-4348-ab65-ff7be0e3606c-EndpointStateMachineTaskThread-/0.0.0.0:15002-0 ] INFO  volume.ThrottledAsyncChecker (ThrottledAsyncChecker.java:schedule(141)) - Scheduling a check for /home/runner/work/ozone/ozone/hadoop-ozone/integration-test/target/test-dir/MiniOzoneClusterImpl-df80a8b8-78a2-47d1-a2cb-ee48e7cc81f7/datanode-11/data/ratis
2024-01-17 07:57:09,755 [2f83d896-2cfa-4348-ab65-ff7be0e3606c-EndpointStateMachineTaskThread-/0.0.0.0:15002-0 ] INFO  volume.StorageVolumeChecker (StorageVolumeChecker.java:checkAllVolumes(218)) - Scheduled health check for volume /home/runner/work/ozone/ozone/hadoop-ozone/integration-test/target/test-dir/MiniOzoneClusterImpl-df80a8b8-78a2-47d1-a2cb-ee48e7cc81f7/datanode-11/data/ratis
2024-01-17 07:57:09,756 [2f83d896-2cfa-4348-ab65-ff7be0e3606c-EndpointStateMachineTaskThread-/0.0.0.0:15002-0 ] INFO  ozoneimpl.OzoneContainer (OzoneContainer.java:start(457)) - Attempting to start container services.
2024-01-17 07:57:09,756 [2f83d896-2cfa-4348-ab65-ff7be0e3606c-EndpointStateMachineTaskThread-/0.0.0.0:15002-0 ] INFO  ozoneimpl.OzoneContainer (OzoneContainer.java:startContainerScrub(339)) - Scheduled background container scanners and the on-demand container scanner have been disabled.
2024-01-17 07:57:09,757 [2f83d896-2cfa-4348-ab65-ff7be0e3606c-EndpointStateMachineTaskThread-/0.0.0.0:15002-0 ] INFO  replication.ReplicationServer (ReplicationServer.java:start(139)) - ReplicationServer is started using port 15115
2024-01-17 07:57:09,757 [2f83d896-2cfa-4348-ab65-ff7be0e3606c-EndpointStateMachineTaskThread-/0.0.0.0:15002-0 ] INFO  ratis.XceiverServerRatis (XceiverServerRatis.java:start(549)) - Starting XceiverServerRatis 2f83d896-2cfa-4348-ab65-ff7be0e3606c
2024-01-17 07:57:09,758 [2f83d896-2cfa-4348-ab65-ff7be0e3606c-EndpointStateMachineTaskThread-/0.0.0.0:15002-0 ] INFO  server.RaftServer (RaftServerProxy.java:startImpl(406)) - 2f83d896-2cfa-4348-ab65-ff7be0e3606c: start RPC server
2024-01-17 07:57:09,758 [2f83d896-2cfa-4348-ab65-ff7be0e3606c-EndpointStateMachineTaskThread-/0.0.0.0:15002-0 ] INFO  server.GrpcService (GrpcService.java:startImpl(302)) - 2f83d896-2cfa-4348-ab65-ff7be0e3606c: GrpcService started, listening on 15111
2024-01-17 07:57:09,758 [2f83d896-2cfa-4348-ab65-ff7be0e3606c-EndpointStateMachineTaskThread-/0.0.0.0:15002-0 ] INFO  server.GrpcService (GrpcService.java:startImpl(302)) - 2f83d896-2cfa-4348-ab65-ff7be0e3606c: GrpcService started, listening on 15113
2024-01-17 07:57:09,759 [2f83d896-2cfa-4348-ab65-ff7be0e3606c-EndpointStateMachineTaskThread-/0.0.0.0:15002-0 ] INFO  server.GrpcService (GrpcService.java:startImpl(302)) - 2f83d896-2cfa-4348-ab65-ff7be0e3606c: GrpcService started, listening on 15112
2024-01-17 07:57:09,759 [2f83d896-2cfa-4348-ab65-ff7be0e3606c-EndpointStateMachineTaskThread-/0.0.0.0:15002-0 ] INFO  ratis.XceiverServerRatis (XceiverServerRatis.java:getRealPort(575)) - XceiverServerRatis 2f83d896-2cfa-4348-ab65-ff7be0e3606c is started using port 15111 for RATIS
2024-01-17 07:57:09,759 [JvmPauseMonitor13] INFO  util.JvmPauseMonitor (JvmPauseMonitor.java:run(146)) - JvmPauseMonitor-2f83d896-2cfa-4348-ab65-ff7be0e3606c: Started
2024-01-17 07:57:09,759 [2f83d896-2cfa-4348-ab65-ff7be0e3606c-EndpointStateMachineTaskThread-/0.0.0.0:15002-0 ] INFO  ratis.XceiverServerRatis (XceiverServerRatis.java:getRealPort(575)) - XceiverServerRatis 2f83d896-2cfa-4348-ab65-ff7be0e3606c is started using port 15112 for RATIS_ADMIN
2024-01-17 07:57:09,760 [2f83d896-2cfa-4348-ab65-ff7be0e3606c-EndpointStateMachineTaskThread-/0.0.0.0:15002-0 ] INFO  ratis.XceiverServerRatis (XceiverServerRatis.java:getRealPort(575)) - XceiverServerRatis 2f83d896-2cfa-4348-ab65-ff7be0e3606c is started using port 15113 for RATIS_SERVER
2024-01-17 07:57:09,760 [2f83d896-2cfa-4348-ab65-ff7be0e3606c-EndpointStateMachineTaskThread-/0.0.0.0:15002-0 ] INFO  ratis.XceiverServerRatis (XceiverServerRatis.java:getRealPort(575)) - XceiverServerRatis 2f83d896-2cfa-4348-ab65-ff7be0e3606c is started using port 15114 for RATIS_DATASTREAM
2024-01-17 07:57:09,761 [2f83d896-2cfa-4348-ab65-ff7be0e3606c-BlockDeletingService#0] INFO  interfaces.ContainerDeletionChoosingPolicyTemplate (ContainerDeletionChoosingPolicyTemplate.java:chooseContainerForBlockDeletion(85)) - Chosen 0/5000 blocks from 0 candidate containers.
2024-01-17 07:57:09,851 [095610c8-62fc-4c22-bfcf-286f49511b09-EndpointStateMachineTaskThread-/0.0.0.0:15002-0 ] INFO  utils.DatanodeStoreCache (DatanodeStoreCache.java:addDB(72)) - Added db /home/runner/work/ozone/ozone/hadoop-ozone/integration-test/target/test-dir/MiniOzoneClusterImpl-df80a8b8-78a2-47d1-a2cb-ee48e7cc81f7/datanode-12/data-0/containers/hdds/df80a8b8-78a2-47d1-a2cb-ee48e7cc81f7/DS-05b882d8-cd75-498c-9ad5-218f4300d1f6/container.db to cache
2024-01-17 07:57:09,851 [095610c8-62fc-4c22-bfcf-286f49511b09-EndpointStateMachineTaskThread-/0.0.0.0:15002-0 ] INFO  volume.HddsVolume (HddsVolume.java:createDbStore(420)) - SchemaV3 db is created and loaded at /home/runner/work/ozone/ozone/hadoop-ozone/integration-test/target/test-dir/MiniOzoneClusterImpl-df80a8b8-78a2-47d1-a2cb-ee48e7cc81f7/datanode-12/data-0/containers/hdds/df80a8b8-78a2-47d1-a2cb-ee48e7cc81f7/DS-05b882d8-cd75-498c-9ad5-218f4300d1f6/container.db for volume DS-05b882d8-cd75-498c-9ad5-218f4300d1f6
2024-01-17 07:57:09,852 [095610c8-62fc-4c22-bfcf-286f49511b09-EndpointStateMachineTaskThread-/0.0.0.0:15002-0 ] INFO  volume.ThrottledAsyncChecker (ThrottledAsyncChecker.java:schedule(141)) - Scheduling a check for /home/runner/work/ozone/ozone/hadoop-ozone/integration-test/target/test-dir/MiniOzoneClusterImpl-df80a8b8-78a2-47d1-a2cb-ee48e7cc81f7/datanode-12/data-0/containers/hdds
2024-01-17 07:57:09,852 [095610c8-62fc-4c22-bfcf-286f49511b09-EndpointStateMachineTaskThread-/0.0.0.0:15002-0 ] INFO  volume.StorageVolumeChecker (StorageVolumeChecker.java:checkAllVolumes(218)) - Scheduled health check for volume /home/runner/work/ozone/ozone/hadoop-ozone/integration-test/target/test-dir/MiniOzoneClusterImpl-df80a8b8-78a2-47d1-a2cb-ee48e7cc81f7/datanode-12/data-0/containers/hdds
2024-01-17 07:57:09,854 [095610c8-62fc-4c22-bfcf-286f49511b09-EndpointStateMachineTaskThread-/0.0.0.0:15002-0 ] INFO  volume.ThrottledAsyncChecker (ThrottledAsyncChecker.java:schedule(141)) - Scheduling a check for /home/runner/work/ozone/ozone/hadoop-ozone/integration-test/target/test-dir/MiniOzoneClusterImpl-df80a8b8-78a2-47d1-a2cb-ee48e7cc81f7/datanode-12/data/ratis
2024-01-17 07:57:09,854 [095610c8-62fc-4c22-bfcf-286f49511b09-EndpointStateMachineTaskThread-/0.0.0.0:15002-0 ] INFO  volume.StorageVolumeChecker (StorageVolumeChecker.java:checkAllVolumes(218)) - Scheduled health check for volume /home/runner/work/ozone/ozone/hadoop-ozone/integration-test/target/test-dir/MiniOzoneClusterImpl-df80a8b8-78a2-47d1-a2cb-ee48e7cc81f7/datanode-12/data/ratis
2024-01-17 07:57:09,855 [095610c8-62fc-4c22-bfcf-286f49511b09-EndpointStateMachineTaskThread-/0.0.0.0:15002-0 ] INFO  ozoneimpl.OzoneContainer (OzoneContainer.java:start(457)) - Attempting to start container services.
2024-01-17 07:57:09,856 [095610c8-62fc-4c22-bfcf-286f49511b09-EndpointStateMachineTaskThread-/0.0.0.0:15002-0 ] INFO  ozoneimpl.OzoneContainer (OzoneContainer.java:startContainerScrub(339)) - Scheduled background container scanners and the on-demand container scanner have been disabled.
2024-01-17 07:57:09,856 [095610c8-62fc-4c22-bfcf-286f49511b09-EndpointStateMachineTaskThread-/0.0.0.0:15002-0 ] INFO  replication.ReplicationServer (ReplicationServer.java:start(139)) - ReplicationServer is started using port 15124
2024-01-17 07:57:09,856 [095610c8-62fc-4c22-bfcf-286f49511b09-EndpointStateMachineTaskThread-/0.0.0.0:15002-0 ] INFO  ratis.XceiverServerRatis (XceiverServerRatis.java:start(549)) - Starting XceiverServerRatis 095610c8-62fc-4c22-bfcf-286f49511b09
2024-01-17 07:57:09,856 [095610c8-62fc-4c22-bfcf-286f49511b09-EndpointStateMachineTaskThread-/0.0.0.0:15002-0 ] INFO  server.RaftServer (RaftServerProxy.java:startImpl(406)) - 095610c8-62fc-4c22-bfcf-286f49511b09: start RPC server
2024-01-17 07:57:09,857 [095610c8-62fc-4c22-bfcf-286f49511b09-EndpointStateMachineTaskThread-/0.0.0.0:15002-0 ] INFO  server.GrpcService (GrpcService.java:startImpl(302)) - 095610c8-62fc-4c22-bfcf-286f49511b09: GrpcService started, listening on 15120
2024-01-17 07:57:09,862 [095610c8-62fc-4c22-bfcf-286f49511b09-EndpointStateMachineTaskThread-/0.0.0.0:15002-0 ] INFO  server.GrpcService (GrpcService.java:startImpl(302)) - 095610c8-62fc-4c22-bfcf-286f49511b09: GrpcService started, listening on 15122
2024-01-17 07:57:09,862 [095610c8-62fc-4c22-bfcf-286f49511b09-EndpointStateMachineTaskThread-/0.0.0.0:15002-0 ] INFO  server.GrpcService (GrpcService.java:startImpl(302)) - 095610c8-62fc-4c22-bfcf-286f49511b09: GrpcService started, listening on 15121
2024-01-17 07:57:09,863 [095610c8-62fc-4c22-bfcf-286f49511b09-EndpointStateMachineTaskThread-/0.0.0.0:15002-0 ] INFO  ratis.XceiverServerRatis (XceiverServerRatis.java:getRealPort(575)) - XceiverServerRatis 095610c8-62fc-4c22-bfcf-286f49511b09 is started using port 15120 for RATIS
2024-01-17 07:57:09,863 [JvmPauseMonitor14] INFO  util.JvmPauseMonitor (JvmPauseMonitor.java:run(146)) - JvmPauseMonitor-095610c8-62fc-4c22-bfcf-286f49511b09: Started
2024-01-17 07:57:09,863 [095610c8-62fc-4c22-bfcf-286f49511b09-EndpointStateMachineTaskThread-/0.0.0.0:15002-0 ] INFO  ratis.XceiverServerRatis (XceiverServerRatis.java:getRealPort(575)) - XceiverServerRatis 095610c8-62fc-4c22-bfcf-286f49511b09 is started using port 15121 for RATIS_ADMIN
2024-01-17 07:57:09,864 [095610c8-62fc-4c22-bfcf-286f49511b09-EndpointStateMachineTaskThread-/0.0.0.0:15002-0 ] INFO  ratis.XceiverServerRatis (XceiverServerRatis.java:getRealPort(575)) - XceiverServerRatis 095610c8-62fc-4c22-bfcf-286f49511b09 is started using port 15122 for RATIS_SERVER
2024-01-17 07:57:09,864 [095610c8-62fc-4c22-bfcf-286f49511b09-EndpointStateMachineTaskThread-/0.0.0.0:15002-0 ] INFO  ratis.XceiverServerRatis (XceiverServerRatis.java:getRealPort(575)) - XceiverServerRatis 095610c8-62fc-4c22-bfcf-286f49511b09 is started using port 15123 for RATIS_DATASTREAM
2024-01-17 07:57:09,865 [095610c8-62fc-4c22-bfcf-286f49511b09-BlockDeletingService#0] INFO  interfaces.ContainerDeletionChoosingPolicyTemplate (ContainerDeletionChoosingPolicyTemplate.java:chooseContainerForBlockDeletion(85)) - Chosen 0/5000 blocks from 0 candidate containers.
2024-01-17 07:57:09,948 [main] INFO  ozone.MiniOzoneClusterImpl (MiniOzoneClusterImpl.java:lambda$waitForClusterToBeReady$0(229)) - Waiting for nodes to be ready. Got 0 of 14 DN Heartbeats.
2024-01-17 07:57:09,949 [main] INFO  ozone.MiniOzoneClusterImpl (MiniOzoneClusterImpl.java:lambda$waitForClusterToBeReady$0(232)) - Waiting for cluster to exit safe mode
2024-01-17 07:57:09,950 [main] INFO  ozone.MiniOzoneClusterImpl (MiniOzoneClusterImpl.java:lambda$waitForClusterToBeReady$0(234)) - SCM became leader
2024-01-17 07:57:09,974 [5865e1e6-01b8-4105-ae74-1d7d4234e7ae-EndpointStateMachineTaskThread-/0.0.0.0:15002-0 ] INFO  utils.DatanodeStoreCache (DatanodeStoreCache.java:addDB(72)) - Added db /home/runner/work/ozone/ozone/hadoop-ozone/integration-test/target/test-dir/MiniOzoneClusterImpl-df80a8b8-78a2-47d1-a2cb-ee48e7cc81f7/datanode-13/data-0/containers/hdds/df80a8b8-78a2-47d1-a2cb-ee48e7cc81f7/DS-c5d1d38d-fb41-4899-84c2-906ab17a18a9/container.db to cache
2024-01-17 07:57:09,974 [5865e1e6-01b8-4105-ae74-1d7d4234e7ae-EndpointStateMachineTaskThread-/0.0.0.0:15002-0 ] INFO  volume.HddsVolume (HddsVolume.java:createDbStore(420)) - SchemaV3 db is created and loaded at /home/runner/work/ozone/ozone/hadoop-ozone/integration-test/target/test-dir/MiniOzoneClusterImpl-df80a8b8-78a2-47d1-a2cb-ee48e7cc81f7/datanode-13/data-0/containers/hdds/df80a8b8-78a2-47d1-a2cb-ee48e7cc81f7/DS-c5d1d38d-fb41-4899-84c2-906ab17a18a9/container.db for volume DS-c5d1d38d-fb41-4899-84c2-906ab17a18a9
2024-01-17 07:57:09,976 [5865e1e6-01b8-4105-ae74-1d7d4234e7ae-EndpointStateMachineTaskThread-/0.0.0.0:15002-0 ] INFO  volume.ThrottledAsyncChecker (ThrottledAsyncChecker.java:schedule(141)) - Scheduling a check for /home/runner/work/ozone/ozone/hadoop-ozone/integration-test/target/test-dir/MiniOzoneClusterImpl-df80a8b8-78a2-47d1-a2cb-ee48e7cc81f7/datanode-13/data-0/containers/hdds
2024-01-17 07:57:09,976 [5865e1e6-01b8-4105-ae74-1d7d4234e7ae-EndpointStateMachineTaskThread-/0.0.0.0:15002-0 ] INFO  volume.StorageVolumeChecker (StorageVolumeChecker.java:checkAllVolumes(218)) - Scheduled health check for volume /home/runner/work/ozone/ozone/hadoop-ozone/integration-test/target/test-dir/MiniOzoneClusterImpl-df80a8b8-78a2-47d1-a2cb-ee48e7cc81f7/datanode-13/data-0/containers/hdds
2024-01-17 07:57:09,980 [5865e1e6-01b8-4105-ae74-1d7d4234e7ae-EndpointStateMachineTaskThread-/0.0.0.0:15002-0 ] INFO  volume.ThrottledAsyncChecker (ThrottledAsyncChecker.java:schedule(141)) - Scheduling a check for /home/runner/work/ozone/ozone/hadoop-ozone/integration-test/target/test-dir/MiniOzoneClusterImpl-df80a8b8-78a2-47d1-a2cb-ee48e7cc81f7/datanode-13/data/ratis
2024-01-17 07:57:09,980 [5865e1e6-01b8-4105-ae74-1d7d4234e7ae-EndpointStateMachineTaskThread-/0.0.0.0:15002-0 ] INFO  volume.StorageVolumeChecker (StorageVolumeChecker.java:checkAllVolumes(218)) - Scheduled health check for volume /home/runner/work/ozone/ozone/hadoop-ozone/integration-test/target/test-dir/MiniOzoneClusterImpl-df80a8b8-78a2-47d1-a2cb-ee48e7cc81f7/datanode-13/data/ratis
2024-01-17 07:57:09,981 [5865e1e6-01b8-4105-ae74-1d7d4234e7ae-EndpointStateMachineTaskThread-/0.0.0.0:15002-0 ] INFO  ozoneimpl.OzoneContainer (OzoneContainer.java:start(457)) - Attempting to start container services.
2024-01-17 07:57:09,981 [5865e1e6-01b8-4105-ae74-1d7d4234e7ae-EndpointStateMachineTaskThread-/0.0.0.0:15002-0 ] INFO  ozoneimpl.OzoneContainer (OzoneContainer.java:startContainerScrub(339)) - Scheduled background container scanners and the on-demand container scanner have been disabled.
2024-01-17 07:57:09,982 [5865e1e6-01b8-4105-ae74-1d7d4234e7ae-EndpointStateMachineTaskThread-/0.0.0.0:15002-0 ] INFO  replication.ReplicationServer (ReplicationServer.java:start(139)) - ReplicationServer is started using port 15133
2024-01-17 07:57:09,982 [5865e1e6-01b8-4105-ae74-1d7d4234e7ae-EndpointStateMachineTaskThread-/0.0.0.0:15002-0 ] INFO  ratis.XceiverServerRatis (XceiverServerRatis.java:start(549)) - Starting XceiverServerRatis 5865e1e6-01b8-4105-ae74-1d7d4234e7ae
2024-01-17 07:57:09,983 [5865e1e6-01b8-4105-ae74-1d7d4234e7ae-EndpointStateMachineTaskThread-/0.0.0.0:15002-0 ] INFO  server.RaftServer (RaftServerProxy.java:startImpl(406)) - 5865e1e6-01b8-4105-ae74-1d7d4234e7ae: start RPC server
2024-01-17 07:57:09,984 [5865e1e6-01b8-4105-ae74-1d7d4234e7ae-EndpointStateMachineTaskThread-/0.0.0.0:15002-0 ] INFO  server.GrpcService (GrpcService.java:startImpl(302)) - 5865e1e6-01b8-4105-ae74-1d7d4234e7ae: GrpcService started, listening on 15129
2024-01-17 07:57:09,984 [5865e1e6-01b8-4105-ae74-1d7d4234e7ae-EndpointStateMachineTaskThread-/0.0.0.0:15002-0 ] INFO  server.GrpcService (GrpcService.java:startImpl(302)) - 5865e1e6-01b8-4105-ae74-1d7d4234e7ae: GrpcService started, listening on 15131
2024-01-17 07:57:09,984 [5865e1e6-01b8-4105-ae74-1d7d4234e7ae-EndpointStateMachineTaskThread-/0.0.0.0:15002-0 ] INFO  server.GrpcService (GrpcService.java:startImpl(302)) - 5865e1e6-01b8-4105-ae74-1d7d4234e7ae: GrpcService started, listening on 15130
2024-01-17 07:57:09,985 [5865e1e6-01b8-4105-ae74-1d7d4234e7ae-EndpointStateMachineTaskThread-/0.0.0.0:15002-0 ] INFO  ratis.XceiverServerRatis (XceiverServerRatis.java:getRealPort(575)) - XceiverServerRatis 5865e1e6-01b8-4105-ae74-1d7d4234e7ae is started using port 15129 for RATIS
2024-01-17 07:57:09,985 [5865e1e6-01b8-4105-ae74-1d7d4234e7ae-EndpointStateMachineTaskThread-/0.0.0.0:15002-0 ] INFO  ratis.XceiverServerRatis (XceiverServerRatis.java:getRealPort(575)) - XceiverServerRatis 5865e1e6-01b8-4105-ae74-1d7d4234e7ae is started using port 15130 for RATIS_ADMIN
2024-01-17 07:57:09,985 [5865e1e6-01b8-4105-ae74-1d7d4234e7ae-EndpointStateMachineTaskThread-/0.0.0.0:15002-0 ] INFO  ratis.XceiverServerRatis (XceiverServerRatis.java:getRealPort(575)) - XceiverServerRatis 5865e1e6-01b8-4105-ae74-1d7d4234e7ae is started using port 15131 for RATIS_SERVER
2024-01-17 07:57:09,985 [5865e1e6-01b8-4105-ae74-1d7d4234e7ae-EndpointStateMachineTaskThread-/0.0.0.0:15002-0 ] INFO  ratis.XceiverServerRatis (XceiverServerRatis.java:getRealPort(575)) - XceiverServerRatis 5865e1e6-01b8-4105-ae74-1d7d4234e7ae is started using port 15132 for RATIS_DATASTREAM
2024-01-17 07:57:09,985 [JvmPauseMonitor15] INFO  util.JvmPauseMonitor (JvmPauseMonitor.java:run(146)) - JvmPauseMonitor-5865e1e6-01b8-4105-ae74-1d7d4234e7ae: Started
2024-01-17 07:57:09,992 [5865e1e6-01b8-4105-ae74-1d7d4234e7ae-BlockDeletingService#0] INFO  interfaces.ContainerDeletionChoosingPolicyTemplate (ContainerDeletionChoosingPolicyTemplate.java:chooseContainerForBlockDeletion(85)) - Chosen 0/5000 blocks from 0 candidate containers.
2024-01-17 07:57:10,269 [IPC Server handler 6 on default port 15002] INFO  net.NetworkTopologyImpl (NetworkTopologyImpl.java:add(124)) - Added a new node: /default-rack/e98e7f84-7e90-42c0-bf2b-bf94ba8f7864
2024-01-17 07:57:10,271 [IPC Server handler 6 on default port 15002] INFO  node.SCMNodeManager (SCMNodeManager.java:register(417)) - Registered datanode: e98e7f84-7e90-42c0-bf2b-bf94ba8f7864{ip: 10.1.0.6, host: fv-az1531-837.hsxikm2gdrvudnct5jqc1oiugc.ex.internal.cloudapp.net, ports: [HTTP=15009, CLIENT_RPC=15010, REPLICATION=15016, RATIS=15012, RATIS_ADMIN=15013, RATIS_SERVER=15014, RATIS_DATASTREAM=15015, STANDALONE=15011], networkLocation: /default-rack, certSerialId: null, persistedOpState: null, persistedOpStateExpiryEpochSec: 0}
2024-01-17 07:57:10,274 [EventQueue-NewNodeForNewNodeHandler] INFO  pipeline.BackgroundPipelineCreator (BackgroundPipelineCreator.java:notifyEventTriggered(280)) - trigger a one-shot run on RatisPipelineUtilsThread.
2024-01-17 07:57:10,275 [EventQueue-NodeRegistrationContainerReportForContainerSafeModeRule] INFO  safemode.SCMSafeModeManager (SCMSafeModeManager.java:validateSafeModeExitRules(200)) - ContainerSafeModeRule rule is successfully validated
2024-01-17 07:57:10,276 [EventQueue-NodeRegistrationContainerReportForDataNodeSafeModeRule] INFO  safemode.SCMSafeModeManager (DataNodeSafeModeRule.java:process(71)) - SCM in safe mode. 1 DataNodes registered, 3 required.
2024-01-17 07:57:10,276 [EventQueue-PipelineReportForOneReplicaPipelineSafeModeRule] INFO  safemode.SCMSafeModeManager (SCMSafeModeManager.java:validateSafeModeExitRules(200)) - AtleastOneDatanodeReportedRule rule is successfully validated
2024-01-17 07:57:10,392 [IPC Server handler 38 on default port 15002] INFO  net.NetworkTopologyImpl (NetworkTopologyImpl.java:add(124)) - Added a new node: /default-rack/597b9f4b-0aac-4425-bf2d-48884e3709f6
2024-01-17 07:57:10,393 [IPC Server handler 38 on default port 15002] INFO  node.SCMNodeManager (SCMNodeManager.java:register(417)) - Registered datanode: 597b9f4b-0aac-4425-bf2d-48884e3709f6{ip: 10.1.0.6, host: fv-az1531-837.hsxikm2gdrvudnct5jqc1oiugc.ex.internal.cloudapp.net, ports: [HTTP=15018, CLIENT_RPC=15019, REPLICATION=15025, RATIS=15021, RATIS_ADMIN=15022, RATIS_SERVER=15023, RATIS_DATASTREAM=15024, STANDALONE=15020], networkLocation: /default-rack, certSerialId: null, persistedOpState: null, persistedOpStateExpiryEpochSec: 0}
2024-01-17 07:57:10,393 [EventQueue-NewNodeForNewNodeHandler] INFO  pipeline.BackgroundPipelineCreator (BackgroundPipelineCreator.java:notifyEventTriggered(280)) - trigger a one-shot run on RatisPipelineUtilsThread.
2024-01-17 07:57:10,393 [EventQueue-NodeRegistrationContainerReportForDataNodeSafeModeRule] INFO  safemode.SCMSafeModeManager (DataNodeSafeModeRule.java:process(71)) - SCM in safe mode. 2 DataNodes registered, 3 required.
2024-01-17 07:57:10,520 [IPC Server handler 0 on default port 15002] INFO  net.NetworkTopologyImpl (NetworkTopologyImpl.java:add(124)) - Added a new node: /default-rack/1bb81a9c-1547-435f-9d81-d5fca49fbc06
2024-01-17 07:57:10,521 [IPC Server handler 0 on default port 15002] INFO  node.SCMNodeManager (SCMNodeManager.java:register(417)) - Registered datanode: 1bb81a9c-1547-435f-9d81-d5fca49fbc06{ip: 10.1.0.6, host: fv-az1531-837.hsxikm2gdrvudnct5jqc1oiugc.ex.internal.cloudapp.net, ports: [HTTP=15027, CLIENT_RPC=15028, REPLICATION=15034, RATIS=15030, RATIS_ADMIN=15031, RATIS_SERVER=15032, RATIS_DATASTREAM=15033, STANDALONE=15029], networkLocation: /default-rack, certSerialId: null, persistedOpState: null, persistedOpStateExpiryEpochSec: 0}
2024-01-17 07:57:10,521 [EventQueue-NewNodeForNewNodeHandler] INFO  pipeline.BackgroundPipelineCreator (BackgroundPipelineCreator.java:notifyEventTriggered(280)) - trigger a one-shot run on RatisPipelineUtilsThread.
2024-01-17 07:57:10,521 [EventQueue-NodeRegistrationContainerReportForDataNodeSafeModeRule] INFO  safemode.SCMSafeModeManager (DataNodeSafeModeRule.java:process(71)) - SCM in safe mode. 3 DataNodes registered, 3 required.
2024-01-17 07:57:10,522 [EventQueue-NodeRegistrationContainerReportForDataNodeSafeModeRule] INFO  safemode.SCMSafeModeManager (SCMSafeModeManager.java:validateSafeModeExitRules(200)) - DataNodeSafeModeRule rule is successfully validated
2024-01-17 07:57:10,522 [EventQueue-NodeRegistrationContainerReportForDataNodeSafeModeRule] INFO  safemode.SCMSafeModeManager (SCMSafeModeManager.java:completePreCheck(229)) - All SCM safe mode pre check rules have passed
2024-01-17 07:57:10,522 [EventQueue-NodeRegistrationContainerReportForDataNodeSafeModeRule] INFO  ha.SCMContext (SCMContext.java:updateSafeModeStatus(230)) - Update SafeModeStatus from SafeModeStatus{safeModeStatus=true, preCheckPassed=false} to SafeModeStatus{safeModeStatus=true, preCheckPassed=true}.
2024-01-17 07:57:10,522 [EventQueue-NodeRegistrationContainerReportForDataNodeSafeModeRule] INFO  pipeline.BackgroundPipelineCreator (BackgroundPipelineCreator.java:notifyEventTriggered(280)) - trigger a one-shot run on RatisPipelineUtilsThread.
2024-01-17 07:57:10,528 [RatisPipelineUtilsThread-0] INFO  pipeline.RatisPipelineProvider (RatisPipelineProvider.java:lambda$create$0(206)) - Sending CreatePipelineCommand for pipeline:PipelineID=898a6340-e5a2-4f81-a996-8a4adbe0a429 to datanode:e98e7f84-7e90-42c0-bf2b-bf94ba8f7864
2024-01-17 07:57:10,529 [RatisPipelineUtilsThread-0] INFO  pipeline.RatisPipelineProvider (RatisPipelineProvider.java:lambda$create$0(206)) - Sending CreatePipelineCommand for pipeline:PipelineID=898a6340-e5a2-4f81-a996-8a4adbe0a429 to datanode:1bb81a9c-1547-435f-9d81-d5fca49fbc06
2024-01-17 07:57:10,529 [RatisPipelineUtilsThread-0] INFO  pipeline.RatisPipelineProvider (RatisPipelineProvider.java:lambda$create$0(206)) - Sending CreatePipelineCommand for pipeline:PipelineID=898a6340-e5a2-4f81-a996-8a4adbe0a429 to datanode:597b9f4b-0aac-4425-bf2d-48884e3709f6
2024-01-17 07:57:10,538 [RatisPipelineUtilsThread-0] INFO  pipeline.BackgroundPipelineCreator (BackgroundPipelineCreator.java:createPipelines(236)) - Created new pipeline Pipeline[ Id: 898a6340-e5a2-4f81-a996-8a4adbe0a429, Nodes: e98e7f84-7e90-42c0-bf2b-bf94ba8f7864(fv-az1531-837.hsxikm2gdrvudnct5jqc1oiugc.ex.internal.cloudapp.net/10.1.0.6)1bb81a9c-1547-435f-9d81-d5fca49fbc06(fv-az1531-837.hsxikm2gdrvudnct5jqc1oiugc.ex.internal.cloudapp.net/10.1.0.6)597b9f4b-0aac-4425-bf2d-48884e3709f6(fv-az1531-837.hsxikm2gdrvudnct5jqc1oiugc.ex.internal.cloudapp.net/10.1.0.6), ReplicationConfig: RATIS/THREE, State:ALLOCATED, leaderId:, CreationTimestamp2024-01-17T07:57:10.528Z[Etc/UTC]]
2024-01-17 07:57:10,538 [RatisPipelineUtilsThread-0] INFO  pipeline.RatisPipelineProvider (RatisPipelineProvider.java:lambda$create$0(206)) - Sending CreatePipelineCommand for pipeline:PipelineID=93550ce0-fabd-41bb-91c5-23da28c678cc to datanode:597b9f4b-0aac-4425-bf2d-48884e3709f6
2024-01-17 07:57:10,538 [RatisPipelineUtilsThread-0] INFO  pipeline.RatisPipelineProvider (RatisPipelineProvider.java:lambda$create$0(206)) - Sending CreatePipelineCommand for pipeline:PipelineID=93550ce0-fabd-41bb-91c5-23da28c678cc to datanode:e98e7f84-7e90-42c0-bf2b-bf94ba8f7864
2024-01-17 07:57:10,538 [RatisPipelineUtilsThread-0] INFO  pipeline.RatisPipelineProvider (RatisPipelineProvider.java:lambda$create$0(206)) - Sending CreatePipelineCommand for pipeline:PipelineID=93550ce0-fabd-41bb-91c5-23da28c678cc to datanode:1bb81a9c-1547-435f-9d81-d5fca49fbc06
2024-01-17 07:57:10,540 [RatisPipelineUtilsThread-0] INFO  pipeline.PipelineManagerImpl (PipelineManagerImpl.java:recordMetricsForPipeline(916)) - Pipeline: PipelineID=93550ce0-fabd-41bb-91c5-23da28c678cc contains same datanodes as previous pipelines: PipelineID=898a6340-e5a2-4f81-a996-8a4adbe0a429 nodeIds: 597b9f4b-0aac-4425-bf2d-48884e3709f6, e98e7f84-7e90-42c0-bf2b-bf94ba8f7864, 1bb81a9c-1547-435f-9d81-d5fca49fbc06
2024-01-17 07:57:10,540 [RatisPipelineUtilsThread-0] INFO  pipeline.BackgroundPipelineCreator (BackgroundPipelineCreator.java:createPipelines(236)) - Created new pipeline Pipeline[ Id: 93550ce0-fabd-41bb-91c5-23da28c678cc, Nodes: 597b9f4b-0aac-4425-bf2d-48884e3709f6(fv-az1531-837.hsxikm2gdrvudnct5jqc1oiugc.ex.internal.cloudapp.net/10.1.0.6)e98e7f84-7e90-42c0-bf2b-bf94ba8f7864(fv-az1531-837.hsxikm2gdrvudnct5jqc1oiugc.ex.internal.cloudapp.net/10.1.0.6)1bb81a9c-1547-435f-9d81-d5fca49fbc06(fv-az1531-837.hsxikm2gdrvudnct5jqc1oiugc.ex.internal.cloudapp.net/10.1.0.6), ReplicationConfig: RATIS/THREE, State:ALLOCATED, leaderId:, CreationTimestamp2024-01-17T07:57:10.538Z[Etc/UTC]]
2024-01-17 07:57:10,654 [IPC Server handler 2 on default port 15002] INFO  net.NetworkTopologyImpl (NetworkTopologyImpl.java:add(124)) - Added a new node: /default-rack/4f4a0cbc-a9eb-44f0-8d97-06326de93701
2024-01-17 07:57:10,656 [IPC Server handler 2 on default port 15002] INFO  node.SCMNodeManager (SCMNodeManager.java:register(417)) - Registered datanode: 4f4a0cbc-a9eb-44f0-8d97-06326de93701{ip: 10.1.0.6, host: fv-az1531-837.hsxikm2gdrvudnct5jqc1oiugc.ex.internal.cloudapp.net, ports: [HTTP=15036, CLIENT_RPC=15037, REPLICATION=15043, RATIS=15039, RATIS_ADMIN=15040, RATIS_SERVER=15041, RATIS_DATASTREAM=15042, STANDALONE=15038], networkLocation: /default-rack, certSerialId: null, persistedOpState: null, persistedOpStateExpiryEpochSec: 0}
2024-01-17 07:57:10,657 [EventQueue-NewNodeForNewNodeHandler] INFO  pipeline.BackgroundPipelineCreator (BackgroundPipelineCreator.java:notifyEventTriggered(280)) - trigger a one-shot run on RatisPipelineUtilsThread.
2024-01-17 07:57:10,855 [IPC Server handler 4 on default port 15002] INFO  net.NetworkTopologyImpl (NetworkTopologyImpl.java:add(124)) - Added a new node: /default-rack/0f18b96a-e4aa-46f4-b611-a6948cf06a42
2024-01-17 07:57:10,856 [IPC Server handler 4 on default port 15002] INFO  node.SCMNodeManager (SCMNodeManager.java:register(417)) - Registered datanode: 0f18b96a-e4aa-46f4-b611-a6948cf06a42{ip: 10.1.0.6, host: fv-az1531-837.hsxikm2gdrvudnct5jqc1oiugc.ex.internal.cloudapp.net, ports: [HTTP=15045, CLIENT_RPC=15046, REPLICATION=15052, RATIS=15048, RATIS_ADMIN=15049, RATIS_SERVER=15050, RATIS_DATASTREAM=15051, STANDALONE=15047], networkLocation: /default-rack, certSerialId: null, persistedOpState: null, persistedOpStateExpiryEpochSec: 0}
2024-01-17 07:57:10,856 [EventQueue-NewNodeForNewNodeHandler] INFO  pipeline.BackgroundPipelineCreator (BackgroundPipelineCreator.java:notifyEventTriggered(280)) - trigger a one-shot run on RatisPipelineUtilsThread.
2024-01-17 07:57:10,950 [main] INFO  ozone.MiniOzoneClusterImpl (MiniOzoneClusterImpl.java:lambda$waitForClusterToBeReady$0(229)) - Waiting for nodes to be ready. Got 5 of 14 DN Heartbeats.
2024-01-17 07:57:10,951 [main] INFO  ozone.MiniOzoneClusterImpl (MiniOzoneClusterImpl.java:lambda$waitForClusterToBeReady$0(232)) - Waiting for cluster to exit safe mode
2024-01-17 07:57:10,951 [main] INFO  ozone.MiniOzoneClusterImpl (MiniOzoneClusterImpl.java:lambda$waitForClusterToBeReady$0(234)) - SCM became leader
2024-01-17 07:57:10,988 [IPC Server handler 5 on default port 15002] INFO  net.NetworkTopologyImpl (NetworkTopologyImpl.java:add(124)) - Added a new node: /default-rack/8d67fbbe-ad76-4934-bcfb-c8cae0dbbecb
2024-01-17 07:57:10,989 [IPC Server handler 5 on default port 15002] INFO  node.SCMNodeManager (SCMNodeManager.java:register(417)) - Registered datanode: 8d67fbbe-ad76-4934-bcfb-c8cae0dbbecb{ip: 10.1.0.6, host: fv-az1531-837.hsxikm2gdrvudnct5jqc1oiugc.ex.internal.cloudapp.net, ports: [HTTP=15054, CLIENT_RPC=15055, REPLICATION=15061, RATIS=15057, RATIS_ADMIN=15058, RATIS_SERVER=15059, RATIS_DATASTREAM=15060, STANDALONE=15056], networkLocation: /default-rack, certSerialId: null, persistedOpState: null, persistedOpStateExpiryEpochSec: 0}
2024-01-17 07:57:10,989 [EventQueue-NewNodeForNewNodeHandler] INFO  pipeline.BackgroundPipelineCreator (BackgroundPipelineCreator.java:notifyEventTriggered(280)) - trigger a one-shot run on RatisPipelineUtilsThread.
2024-01-17 07:57:10,990 [RatisPipelineUtilsThread-0] INFO  pipeline.RatisPipelineProvider (RatisPipelineProvider.java:lambda$create$0(206)) - Sending CreatePipelineCommand for pipeline:PipelineID=6138af88-ca2e-4b90-8a8e-5156236736a0 to datanode:0f18b96a-e4aa-46f4-b611-a6948cf06a42
2024-01-17 07:57:10,991 [RatisPipelineUtilsThread-0] INFO  pipeline.RatisPipelineProvider (RatisPipelineProvider.java:lambda$create$0(206)) - Sending CreatePipelineCommand for pipeline:PipelineID=6138af88-ca2e-4b90-8a8e-5156236736a0 to datanode:4f4a0cbc-a9eb-44f0-8d97-06326de93701
2024-01-17 07:57:10,991 [RatisPipelineUtilsThread-0] INFO  pipeline.RatisPipelineProvider (RatisPipelineProvider.java:lambda$create$0(206)) - Sending CreatePipelineCommand for pipeline:PipelineID=6138af88-ca2e-4b90-8a8e-5156236736a0 to datanode:8d67fbbe-ad76-4934-bcfb-c8cae0dbbecb
2024-01-17 07:57:10,992 [RatisPipelineUtilsThread-0] INFO  pipeline.BackgroundPipelineCreator (BackgroundPipelineCreator.java:createPipelines(236)) - Created new pipeline Pipeline[ Id: 6138af88-ca2e-4b90-8a8e-5156236736a0, Nodes: 0f18b96a-e4aa-46f4-b611-a6948cf06a42(fv-az1531-837.hsxikm2gdrvudnct5jqc1oiugc.ex.internal.cloudapp.net/10.1.0.6)4f4a0cbc-a9eb-44f0-8d97-06326de93701(fv-az1531-837.hsxikm2gdrvudnct5jqc1oiugc.ex.internal.cloudapp.net/10.1.0.6)8d67fbbe-ad76-4934-bcfb-c8cae0dbbecb(fv-az1531-837.hsxikm2gdrvudnct5jqc1oiugc.ex.internal.cloudapp.net/10.1.0.6), ReplicationConfig: RATIS/THREE, State:ALLOCATED, leaderId:, CreationTimestamp2024-01-17T07:57:10.990Z[Etc/UTC]]
2024-01-17 07:57:10,992 [RatisPipelineUtilsThread-0] INFO  pipeline.RatisPipelineProvider (RatisPipelineProvider.java:lambda$create$0(206)) - Sending CreatePipelineCommand for pipeline:PipelineID=163fc6ed-ef43-4520-8ab8-fe8b27bbd9ec to datanode:0f18b96a-e4aa-46f4-b611-a6948cf06a42
2024-01-17 07:57:10,992 [RatisPipelineUtilsThread-0] INFO  pipeline.RatisPipelineProvider (RatisPipelineProvider.java:lambda$create$0(206)) - Sending CreatePipelineCommand for pipeline:PipelineID=163fc6ed-ef43-4520-8ab8-fe8b27bbd9ec to datanode:4f4a0cbc-a9eb-44f0-8d97-06326de93701
2024-01-17 07:57:10,993 [RatisPipelineUtilsThread-0] INFO  pipeline.RatisPipelineProvider (RatisPipelineProvider.java:lambda$create$0(206)) - Sending CreatePipelineCommand for pipeline:PipelineID=163fc6ed-ef43-4520-8ab8-fe8b27bbd9ec to datanode:8d67fbbe-ad76-4934-bcfb-c8cae0dbbecb
2024-01-17 07:57:10,994 [RatisPipelineUtilsThread-0] INFO  pipeline.PipelineManagerImpl (PipelineManagerImpl.java:recordMetricsForPipeline(916)) - Pipeline: PipelineID=163fc6ed-ef43-4520-8ab8-fe8b27bbd9ec contains same datanodes as previous pipelines: PipelineID=6138af88-ca2e-4b90-8a8e-5156236736a0 nodeIds: 0f18b96a-e4aa-46f4-b611-a6948cf06a42, 4f4a0cbc-a9eb-44f0-8d97-06326de93701, 8d67fbbe-ad76-4934-bcfb-c8cae0dbbecb
2024-01-17 07:57:10,994 [RatisPipelineUtilsThread-0] INFO  pipeline.BackgroundPipelineCreator (BackgroundPipelineCreator.java:createPipelines(236)) - Created new pipeline Pipeline[ Id: 163fc6ed-ef43-4520-8ab8-fe8b27bbd9ec, Nodes: 0f18b96a-e4aa-46f4-b611-a6948cf06a42(fv-az1531-837.hsxikm2gdrvudnct5jqc1oiugc.ex.internal.cloudapp.net/10.1.0.6)4f4a0cbc-a9eb-44f0-8d97-06326de93701(fv-az1531-837.hsxikm2gdrvudnct5jqc1oiugc.ex.internal.cloudapp.net/10.1.0.6)8d67fbbe-ad76-4934-bcfb-c8cae0dbbecb(fv-az1531-837.hsxikm2gdrvudnct5jqc1oiugc.ex.internal.cloudapp.net/10.1.0.6), ReplicationConfig: RATIS/THREE, State:ALLOCATED, leaderId:, CreationTimestamp2024-01-17T07:57:10.992Z[Etc/UTC]]
2024-01-17 07:57:11,126 [IPC Server handler 6 on default port 15002] INFO  net.NetworkTopologyImpl (NetworkTopologyImpl.java:add(124)) - Added a new node: /default-rack/eb5c9b0d-19e6-4136-9089-8a3b0879ad33
2024-01-17 07:57:11,127 [IPC Server handler 6 on default port 15002] INFO  node.SCMNodeManager (SCMNodeManager.java:register(417)) - Registered datanode: eb5c9b0d-19e6-4136-9089-8a3b0879ad33{ip: 10.1.0.6, host: fv-az1531-837.hsxikm2gdrvudnct5jqc1oiugc.ex.internal.cloudapp.net, ports: [HTTP=15063, CLIENT_RPC=15064, REPLICATION=15070, RATIS=15066, RATIS_ADMIN=15067, RATIS_SERVER=15068, RATIS_DATASTREAM=15069, STANDALONE=15065], networkLocation: /default-rack, certSerialId: null, persistedOpState: null, persistedOpStateExpiryEpochSec: 0}
2024-01-17 07:57:11,128 [EventQueue-NewNodeForNewNodeHandler] INFO  pipeline.BackgroundPipelineCreator (BackgroundPipelineCreator.java:notifyEventTriggered(280)) - trigger a one-shot run on RatisPipelineUtilsThread.
2024-01-17 07:57:11,241 [IPC Server handler 38 on default port 15002] INFO  net.NetworkTopologyImpl (NetworkTopologyImpl.java:add(124)) - Added a new node: /default-rack/bdef3149-2cc3-439b-89a6-09b93146a606
2024-01-17 07:57:11,242 [IPC Server handler 38 on default port 15002] INFO  node.SCMNodeManager (SCMNodeManager.java:register(417)) - Registered datanode: bdef3149-2cc3-439b-89a6-09b93146a606{ip: 10.1.0.6, host: fv-az1531-837.hsxikm2gdrvudnct5jqc1oiugc.ex.internal.cloudapp.net, ports: [HTTP=15072, CLIENT_RPC=15073, REPLICATION=15079, RATIS=15075, RATIS_ADMIN=15076, RATIS_SERVER=15077, RATIS_DATASTREAM=15078, STANDALONE=15074], networkLocation: /default-rack, certSerialId: null, persistedOpState: null, persistedOpStateExpiryEpochSec: 0}
2024-01-17 07:57:11,242 [EventQueue-NewNodeForNewNodeHandler] INFO  pipeline.BackgroundPipelineCreator (BackgroundPipelineCreator.java:notifyEventTriggered(280)) - trigger a one-shot run on RatisPipelineUtilsThread.
2024-01-17 07:57:11,372 [IPC Server handler 39 on default port 15002] INFO  net.NetworkTopologyImpl (NetworkTopologyImpl.java:add(124)) - Added a new node: /default-rack/497ccbea-d6cf-4731-95da-fa3df448bf79
2024-01-17 07:57:11,372 [IPC Server handler 39 on default port 15002] INFO  node.SCMNodeManager (SCMNodeManager.java:register(417)) - Registered datanode: 497ccbea-d6cf-4731-95da-fa3df448bf79{ip: 10.1.0.6, host: fv-az1531-837.hsxikm2gdrvudnct5jqc1oiugc.ex.internal.cloudapp.net, ports: [HTTP=15081, CLIENT_RPC=15082, REPLICATION=15088, RATIS=15084, RATIS_ADMIN=15085, RATIS_SERVER=15086, RATIS_DATASTREAM=15087, STANDALONE=15083], networkLocation: /default-rack, certSerialId: null, persistedOpState: null, persistedOpStateExpiryEpochSec: 0}
2024-01-17 07:57:11,373 [EventQueue-NewNodeForNewNodeHandler] INFO  pipeline.BackgroundPipelineCreator (BackgroundPipelineCreator.java:notifyEventTriggered(280)) - trigger a one-shot run on RatisPipelineUtilsThread.
2024-01-17 07:57:11,373 [RatisPipelineUtilsThread-0] INFO  pipeline.RatisPipelineProvider (RatisPipelineProvider.java:lambda$create$0(206)) - Sending CreatePipelineCommand for pipeline:PipelineID=3769c031-a691-4c45-a69e-e9e02e74b481 to datanode:bdef3149-2cc3-439b-89a6-09b93146a606
2024-01-17 07:57:11,373 [RatisPipelineUtilsThread-0] INFO  pipeline.RatisPipelineProvider (RatisPipelineProvider.java:lambda$create$0(206)) - Sending CreatePipelineCommand for pipeline:PipelineID=3769c031-a691-4c45-a69e-e9e02e74b481 to datanode:497ccbea-d6cf-4731-95da-fa3df448bf79
2024-01-17 07:57:11,373 [RatisPipelineUtilsThread-0] INFO  pipeline.RatisPipelineProvider (RatisPipelineProvider.java:lambda$create$0(206)) - Sending CreatePipelineCommand for pipeline:PipelineID=3769c031-a691-4c45-a69e-e9e02e74b481 to datanode:eb5c9b0d-19e6-4136-9089-8a3b0879ad33
2024-01-17 07:57:11,375 [RatisPipelineUtilsThread-0] INFO  pipeline.BackgroundPipelineCreator (BackgroundPipelineCreator.java:createPipelines(236)) - Created new pipeline Pipeline[ Id: 3769c031-a691-4c45-a69e-e9e02e74b481, Nodes: bdef3149-2cc3-439b-89a6-09b93146a606(fv-az1531-837.hsxikm2gdrvudnct5jqc1oiugc.ex.internal.cloudapp.net/10.1.0.6)497ccbea-d6cf-4731-95da-fa3df448bf79(fv-az1531-837.hsxikm2gdrvudnct5jqc1oiugc.ex.internal.cloudapp.net/10.1.0.6)eb5c9b0d-19e6-4136-9089-8a3b0879ad33(fv-az1531-837.hsxikm2gdrvudnct5jqc1oiugc.ex.internal.cloudapp.net/10.1.0.6), ReplicationConfig: RATIS/THREE, State:ALLOCATED, leaderId:, CreationTimestamp2024-01-17T07:57:11.373Z[Etc/UTC]]
2024-01-17 07:57:11,376 [RatisPipelineUtilsThread-0] INFO  pipeline.RatisPipelineProvider (RatisPipelineProvider.java:lambda$create$0(206)) - Sending CreatePipelineCommand for pipeline:PipelineID=7bf5b471-0bd1-4859-9a6c-b3d596291f39 to datanode:bdef3149-2cc3-439b-89a6-09b93146a606
2024-01-17 07:57:11,376 [RatisPipelineUtilsThread-0] INFO  pipeline.RatisPipelineProvider (RatisPipelineProvider.java:lambda$create$0(206)) - Sending CreatePipelineCommand for pipeline:PipelineID=7bf5b471-0bd1-4859-9a6c-b3d596291f39 to datanode:eb5c9b0d-19e6-4136-9089-8a3b0879ad33
2024-01-17 07:57:11,376 [RatisPipelineUtilsThread-0] INFO  pipeline.RatisPipelineProvider (RatisPipelineProvider.java:lambda$create$0(206)) - Sending CreatePipelineCommand for pipeline:PipelineID=7bf5b471-0bd1-4859-9a6c-b3d596291f39 to datanode:497ccbea-d6cf-4731-95da-fa3df448bf79
2024-01-17 07:57:11,377 [RatisPipelineUtilsThread-0] INFO  pipeline.PipelineManagerImpl (PipelineManagerImpl.java:recordMetricsForPipeline(916)) - Pipeline: PipelineID=7bf5b471-0bd1-4859-9a6c-b3d596291f39 contains same datanodes as previous pipelines: PipelineID=3769c031-a691-4c45-a69e-e9e02e74b481 nodeIds: bdef3149-2cc3-439b-89a6-09b93146a606, eb5c9b0d-19e6-4136-9089-8a3b0879ad33, 497ccbea-d6cf-4731-95da-fa3df448bf79
2024-01-17 07:57:11,377 [RatisPipelineUtilsThread-0] INFO  pipeline.BackgroundPipelineCreator (BackgroundPipelineCreator.java:createPipelines(236)) - Created new pipeline Pipeline[ Id: 7bf5b471-0bd1-4859-9a6c-b3d596291f39, Nodes: bdef3149-2cc3-439b-89a6-09b93146a606(fv-az1531-837.hsxikm2gdrvudnct5jqc1oiugc.ex.internal.cloudapp.net/10.1.0.6)eb5c9b0d-19e6-4136-9089-8a3b0879ad33(fv-az1531-837.hsxikm2gdrvudnct5jqc1oiugc.ex.internal.cloudapp.net/10.1.0.6)497ccbea-d6cf-4731-95da-fa3df448bf79(fv-az1531-837.hsxikm2gdrvudnct5jqc1oiugc.ex.internal.cloudapp.net/10.1.0.6), ReplicationConfig: RATIS/THREE, State:ALLOCATED, leaderId:, CreationTimestamp2024-01-17T07:57:11.376Z[Etc/UTC]]
2024-01-17 07:57:11,482 [IPC Server handler 1 on default port 15002] INFO  net.NetworkTopologyImpl (NetworkTopologyImpl.java:add(124)) - Added a new node: /default-rack/6291adf5-9e71-4549-84cb-13318527388a
2024-01-17 07:57:11,482 [IPC Server handler 1 on default port 15002] INFO  node.SCMNodeManager (SCMNodeManager.java:register(417)) - Registered datanode: 6291adf5-9e71-4549-84cb-13318527388a{ip: 10.1.0.6, host: fv-az1531-837.hsxikm2gdrvudnct5jqc1oiugc.ex.internal.cloudapp.net, ports: [HTTP=15090, CLIENT_RPC=15091, REPLICATION=15097, RATIS=15093, RATIS_ADMIN=15094, RATIS_SERVER=15095, RATIS_DATASTREAM=15096, STANDALONE=15092], networkLocation: /default-rack, certSerialId: null, persistedOpState: null, persistedOpStateExpiryEpochSec: 0}
2024-01-17 07:57:11,482 [EventQueue-NewNodeForNewNodeHandler] INFO  pipeline.BackgroundPipelineCreator (BackgroundPipelineCreator.java:notifyEventTriggered(280)) - trigger a one-shot run on RatisPipelineUtilsThread.
2024-01-17 07:57:11,592 [IPC Server handler 2 on default port 15002] INFO  net.NetworkTopologyImpl (NetworkTopologyImpl.java:add(124)) - Added a new node: /default-rack/8e247bdf-a19d-4cdc-89de-9f1c8249c15f
2024-01-17 07:57:11,592 [IPC Server handler 2 on default port 15002] INFO  node.SCMNodeManager (SCMNodeManager.java:register(417)) - Registered datanode: 8e247bdf-a19d-4cdc-89de-9f1c8249c15f{ip: 10.1.0.6, host: fv-az1531-837.hsxikm2gdrvudnct5jqc1oiugc.ex.internal.cloudapp.net, ports: [HTTP=15099, CLIENT_RPC=15100, REPLICATION=15106, RATIS=15102, RATIS_ADMIN=15103, RATIS_SERVER=15104, RATIS_DATASTREAM=15105, STANDALONE=15101], networkLocation: /default-rack, certSerialId: null, persistedOpState: null, persistedOpStateExpiryEpochSec: 0}
2024-01-17 07:57:11,592 [EventQueue-NewNodeForNewNodeHandler] INFO  pipeline.BackgroundPipelineCreator (BackgroundPipelineCreator.java:notifyEventTriggered(280)) - trigger a one-shot run on RatisPipelineUtilsThread.
2024-01-17 07:57:11,729 [IPC Server handler 3 on default port 15002] INFO  net.NetworkTopologyImpl (NetworkTopologyImpl.java:add(124)) - Added a new node: /default-rack/2f83d896-2cfa-4348-ab65-ff7be0e3606c
2024-01-17 07:57:11,729 [IPC Server handler 3 on default port 15002] INFO  node.SCMNodeManager (SCMNodeManager.java:register(417)) - Registered datanode: 2f83d896-2cfa-4348-ab65-ff7be0e3606c{ip: 10.1.0.6, host: fv-az1531-837.hsxikm2gdrvudnct5jqc1oiugc.ex.internal.cloudapp.net, ports: [HTTP=15108, CLIENT_RPC=15109, REPLICATION=15115, RATIS=15111, RATIS_ADMIN=15112, RATIS_SERVER=15113, RATIS_DATASTREAM=15114, STANDALONE=15110], networkLocation: /default-rack, certSerialId: null, persistedOpState: null, persistedOpStateExpiryEpochSec: 0}
2024-01-17 07:57:11,730 [EventQueue-NewNodeForNewNodeHandler] INFO  pipeline.BackgroundPipelineCreator (BackgroundPipelineCreator.java:notifyEventTriggered(280)) - trigger a one-shot run on RatisPipelineUtilsThread.
2024-01-17 07:57:11,731 [RatisPipelineUtilsThread-0] INFO  pipeline.RatisPipelineProvider (RatisPipelineProvider.java:lambda$create$0(206)) - Sending CreatePipelineCommand for pipeline:PipelineID=e2076a16-a9f8-45ca-b73a-dc3439cae577 to datanode:2f83d896-2cfa-4348-ab65-ff7be0e3606c
2024-01-17 07:57:11,731 [RatisPipelineUtilsThread-0] INFO  pipeline.RatisPipelineProvider (RatisPipelineProvider.java:lambda$create$0(206)) - Sending CreatePipelineCommand for pipeline:PipelineID=e2076a16-a9f8-45ca-b73a-dc3439cae577 to datanode:6291adf5-9e71-4549-84cb-13318527388a
2024-01-17 07:57:11,731 [RatisPipelineUtilsThread-0] INFO  pipeline.RatisPipelineProvider (RatisPipelineProvider.java:lambda$create$0(206)) - Sending CreatePipelineCommand for pipeline:PipelineID=e2076a16-a9f8-45ca-b73a-dc3439cae577 to datanode:8e247bdf-a19d-4cdc-89de-9f1c8249c15f
2024-01-17 07:57:11,732 [RatisPipelineUtilsThread-0] INFO  pipeline.BackgroundPipelineCreator (BackgroundPipelineCreator.java:createPipelines(236)) - Created new pipeline Pipeline[ Id: e2076a16-a9f8-45ca-b73a-dc3439cae577, Nodes: 2f83d896-2cfa-4348-ab65-ff7be0e3606c(fv-az1531-837.hsxikm2gdrvudnct5jqc1oiugc.ex.internal.cloudapp.net/10.1.0.6)6291adf5-9e71-4549-84cb-13318527388a(fv-az1531-837.hsxikm2gdrvudnct5jqc1oiugc.ex.internal.cloudapp.net/10.1.0.6)8e247bdf-a19d-4cdc-89de-9f1c8249c15f(fv-az1531-837.hsxikm2gdrvudnct5jqc1oiugc.ex.internal.cloudapp.net/10.1.0.6), ReplicationConfig: RATIS/THREE, State:ALLOCATED, leaderId:, CreationTimestamp2024-01-17T07:57:11.731Z[Etc/UTC]]
2024-01-17 07:57:11,733 [RatisPipelineUtilsThread-0] INFO  pipeline.RatisPipelineProvider (RatisPipelineProvider.java:lambda$create$0(206)) - Sending CreatePipelineCommand for pipeline:PipelineID=4a2e5a29-a7bd-4ea8-b9b8-0bef4ca69999 to datanode:8e247bdf-a19d-4cdc-89de-9f1c8249c15f
2024-01-17 07:57:11,733 [RatisPipelineUtilsThread-0] INFO  pipeline.RatisPipelineProvider (RatisPipelineProvider.java:lambda$create$0(206)) - Sending CreatePipelineCommand for pipeline:PipelineID=4a2e5a29-a7bd-4ea8-b9b8-0bef4ca69999 to datanode:6291adf5-9e71-4549-84cb-13318527388a
2024-01-17 07:57:11,733 [RatisPipelineUtilsThread-0] INFO  pipeline.RatisPipelineProvider (RatisPipelineProvider.java:lambda$create$0(206)) - Sending CreatePipelineCommand for pipeline:PipelineID=4a2e5a29-a7bd-4ea8-b9b8-0bef4ca69999 to datanode:2f83d896-2cfa-4348-ab65-ff7be0e3606c
2024-01-17 07:57:11,736 [RatisPipelineUtilsThread-0] INFO  pipeline.PipelineManagerImpl (PipelineManagerImpl.java:recordMetricsForPipeline(916)) - Pipeline: PipelineID=4a2e5a29-a7bd-4ea8-b9b8-0bef4ca69999 contains same datanodes as previous pipelines: PipelineID=e2076a16-a9f8-45ca-b73a-dc3439cae577 nodeIds: 8e247bdf-a19d-4cdc-89de-9f1c8249c15f, 6291adf5-9e71-4549-84cb-13318527388a, 2f83d896-2cfa-4348-ab65-ff7be0e3606c
2024-01-17 07:57:11,736 [RatisPipelineUtilsThread-0] INFO  pipeline.BackgroundPipelineCreator (BackgroundPipelineCreator.java:createPipelines(236)) - Created new pipeline Pipeline[ Id: 4a2e5a29-a7bd-4ea8-b9b8-0bef4ca69999, Nodes: 8e247bdf-a19d-4cdc-89de-9f1c8249c15f(fv-az1531-837.hsxikm2gdrvudnct5jqc1oiugc.ex.internal.cloudapp.net/10.1.0.6)6291adf5-9e71-4549-84cb-13318527388a(fv-az1531-837.hsxikm2gdrvudnct5jqc1oiugc.ex.internal.cloudapp.net/10.1.0.6)2f83d896-2cfa-4348-ab65-ff7be0e3606c(fv-az1531-837.hsxikm2gdrvudnct5jqc1oiugc.ex.internal.cloudapp.net/10.1.0.6), ReplicationConfig: RATIS/THREE, State:ALLOCATED, leaderId:, CreationTimestamp2024-01-17T07:57:11.733Z[Etc/UTC]]
2024-01-17 07:57:11,828 [IPC Server handler 4 on default port 15002] INFO  net.NetworkTopologyImpl (NetworkTopologyImpl.java:add(124)) - Added a new node: /default-rack/095610c8-62fc-4c22-bfcf-286f49511b09
2024-01-17 07:57:11,828 [IPC Server handler 4 on default port 15002] INFO  node.SCMNodeManager (SCMNodeManager.java:register(417)) - Registered datanode: 095610c8-62fc-4c22-bfcf-286f49511b09{ip: 10.1.0.6, host: fv-az1531-837.hsxikm2gdrvudnct5jqc1oiugc.ex.internal.cloudapp.net, ports: [HTTP=15117, CLIENT_RPC=15118, REPLICATION=15124, RATIS=15120, RATIS_ADMIN=15121, RATIS_SERVER=15122, RATIS_DATASTREAM=15123, STANDALONE=15119], networkLocation: /default-rack, certSerialId: null, persistedOpState: null, persistedOpStateExpiryEpochSec: 0}
2024-01-17 07:57:11,829 [EventQueue-NewNodeForNewNodeHandler] INFO  pipeline.BackgroundPipelineCreator (BackgroundPipelineCreator.java:notifyEventTriggered(280)) - trigger a one-shot run on RatisPipelineUtilsThread.
2024-01-17 07:57:11,950 [IPC Server handler 5 on default port 15002] INFO  net.NetworkTopologyImpl (NetworkTopologyImpl.java:add(124)) - Added a new node: /default-rack/5865e1e6-01b8-4105-ae74-1d7d4234e7ae
2024-01-17 07:57:11,950 [IPC Server handler 5 on default port 15002] INFO  node.SCMNodeManager (SCMNodeManager.java:register(417)) - Registered datanode: 5865e1e6-01b8-4105-ae74-1d7d4234e7ae{ip: 10.1.0.6, host: fv-az1531-837.hsxikm2gdrvudnct5jqc1oiugc.ex.internal.cloudapp.net, ports: [HTTP=15126, CLIENT_RPC=15127, REPLICATION=15133, RATIS=15129, RATIS_ADMIN=15130, RATIS_SERVER=15131, RATIS_DATASTREAM=15132, STANDALONE=15128], networkLocation: /default-rack, certSerialId: null, persistedOpState: null, persistedOpStateExpiryEpochSec: 0}
2024-01-17 07:57:11,951 [EventQueue-NewNodeForNewNodeHandler] INFO  pipeline.BackgroundPipelineCreator (BackgroundPipelineCreator.java:notifyEventTriggered(280)) - trigger a one-shot run on RatisPipelineUtilsThread.
2024-01-17 07:57:11,951 [main] INFO  ozone.MiniOzoneClusterImpl (MiniOzoneClusterImpl.java:lambda$waitForClusterToBeReady$0(229)) - Nodes are ready. Got 14 of 14 DN Heartbeats.
2024-01-17 07:57:11,952 [main] INFO  ozone.MiniOzoneClusterImpl (MiniOzoneClusterImpl.java:lambda$waitForClusterToBeReady$0(232)) - Waiting for cluster to exit safe mode
2024-01-17 07:57:11,952 [main] INFO  ozone.MiniOzoneClusterImpl (MiniOzoneClusterImpl.java:lambda$waitForClusterToBeReady$0(234)) - SCM became leader
2024-01-17 07:57:12,952 [main] INFO  ozone.MiniOzoneClusterImpl (MiniOzoneClusterImpl.java:lambda$waitForClusterToBeReady$0(229)) - Nodes are ready. Got 14 of 14 DN Heartbeats.
2024-01-17 07:57:12,952 [main] INFO  ozone.MiniOzoneClusterImpl (MiniOzoneClusterImpl.java:lambda$waitForClusterToBeReady$0(232)) - Waiting for cluster to exit safe mode
2024-01-17 07:57:12,952 [main] INFO  ozone.MiniOzoneClusterImpl (MiniOzoneClusterImpl.java:lambda$waitForClusterToBeReady$0(234)) - SCM became leader
2024-01-17 07:57:13,288 [e98e7f84-7e90-42c0-bf2b-bf94ba8f7864-PipelineCommandHandlerThread-0] INFO  server.RaftServer (RaftServerProxy.java:addNew(100)) - e98e7f84-7e90-42c0-bf2b-bf94ba8f7864: addNew group-8A4ADBE0A429:[e98e7f84-7e90-42c0-bf2b-bf94ba8f7864|10.1.0.6:15014, 597b9f4b-0aac-4425-bf2d-48884e3709f6|10.1.0.6:15023, 1bb81a9c-1547-435f-9d81-d5fca49fbc06|10.1.0.6:15032] returns group-8A4ADBE0A429:java.util.concurrent.CompletableFuture@6b199158[Not completed]
2024-01-17 07:57:13,310 [e98e7f84-7e90-42c0-bf2b-bf94ba8f7864-groupManagement] INFO  server.RaftServer$Division (RaftServerImpl.java:<init>(256)) - e98e7f84-7e90-42c0-bf2b-bf94ba8f7864: new RaftServerImpl for group-8A4ADBE0A429:[e98e7f84-7e90-42c0-bf2b-bf94ba8f7864|10.1.0.6:15014, 597b9f4b-0aac-4425-bf2d-48884e3709f6|10.1.0.6:15023, 1bb81a9c-1547-435f-9d81-d5fca49fbc06|10.1.0.6:15032] with ContainerStateMachine:uninitialized
2024-01-17 07:57:13,311 [e98e7f84-7e90-42c0-bf2b-bf94ba8f7864-groupManagement] INFO  server.RaftServerConfigKeys (ConfUtils.java:logGet(46)) - raft.server.rpc.timeout.min = 5s (custom)
2024-01-17 07:57:13,311 [e98e7f84-7e90-42c0-bf2b-bf94ba8f7864-groupManagement] INFO  server.RaftServerConfigKeys (ConfUtils.java:logGet(46)) - raft.server.rpc.timeout.max = 5200ms (custom)
2024-01-17 07:57:13,312 [e98e7f84-7e90-42c0-bf2b-bf94ba8f7864-groupManagement] INFO  server.RaftServerConfigKeys (ConfUtils.java:logGet(46)) - raft.server.rpc.sleep.time = 25ms (default)
2024-01-17 07:57:13,312 [e98e7f84-7e90-42c0-bf2b-bf94ba8f7864-groupManagement] INFO  server.RaftServerConfigKeys (ConfUtils.java:logGet(46)) - raft.server.rpc.slowness.timeout = 300s (custom)
2024-01-17 07:57:13,312 [e98e7f84-7e90-42c0-bf2b-bf94ba8f7864-groupManagement] INFO  server.RaftServerConfigKeys (ConfUtils.java:logGet(46)) - raft.server.leaderelection.leader.step-down.wait-time = 10s (default)
2024-01-17 07:57:13,312 [e98e7f84-7e90-42c0-bf2b-bf94ba8f7864-groupManagement] INFO  server.RaftServerConfigKeys (ConfUtils.java:logGet(46)) - raft.server.leaderelection.member.majority-add = false (default)
2024-01-17 07:57:13,313 [e98e7f84-7e90-42c0-bf2b-bf94ba8f7864-groupManagement] INFO  server.RaftServerConfigKeys (ConfUtils.java:logGet(46)) - raft.server.sleep.deviation.threshold = 300ms (default)
2024-01-17 07:57:13,313 [e98e7f84-7e90-42c0-bf2b-bf94ba8f7864-groupManagement] INFO  server.RaftServer$Division (ServerState.java:<init>(113)) - e98e7f84-7e90-42c0-bf2b-bf94ba8f7864@group-8A4ADBE0A429: ConfigurationManager, init=-1: peers:[e98e7f84-7e90-42c0-bf2b-bf94ba8f7864|10.1.0.6:15014, 597b9f4b-0aac-4425-bf2d-48884e3709f6|10.1.0.6:15023, 1bb81a9c-1547-435f-9d81-d5fca49fbc06|10.1.0.6:15032]|listeners:[], old=null, confs=<EMPTY_MAP>
2024-01-17 07:57:13,313 [e98e7f84-7e90-42c0-bf2b-bf94ba8f7864-groupManagement] INFO  server.RaftServerConfigKeys (ConfUtils.java:logGet(46)) - raft.server.notification.no-leader.timeout = 300s (custom)
2024-01-17 07:57:13,314 [e98e7f84-7e90-42c0-bf2b-bf94ba8f7864-groupManagement] INFO  server.RaftServerConfigKeys (ConfUtils.java:logGet(46)) - raft.server.read.timeout = 10s (default)
2024-01-17 07:57:13,314 [e98e7f84-7e90-42c0-bf2b-bf94ba8f7864-groupManagement] INFO  server.RaftServerConfigKeys (ConfUtils.java:logGet(46)) - raft.server.retrycache.expirytime = 600000ms (custom)
2024-01-17 07:57:13,314 [e98e7f84-7e90-42c0-bf2b-bf94ba8f7864-groupManagement] INFO  server.RaftServerConfigKeys (ConfUtils.java:logGet(46)) - raft.server.retrycache.statistics.expirytime = 100ms (default)
2024-01-17 07:57:13,315 [e98e7f84-7e90-42c0-bf2b-bf94ba8f7864-groupManagement] INFO  server.RaftServerConfigKeys (ConfUtils.java:logGet(46)) - raft.server.read.option = DEFAULT (default)
2024-01-17 07:57:13,315 [e98e7f84-7e90-42c0-bf2b-bf94ba8f7864-groupManagement] INFO  server.RaftServerConfigKeys (ConfUtils.java:logGet(46)) - raft.server.read.read-after-write-consistent.write-index-cache.expiry-time = 60s (default)
2024-01-17 07:57:13,327 [e98e7f84-7e90-42c0-bf2b-bf94ba8f7864-groupManagement] INFO  server.RaftServerConfigKeys (ConfUtils.java:logGet(46)) - raft.server.rpc.request.timeout = 60s (custom)
2024-01-17 07:57:13,328 [e98e7f84-7e90-42c0-bf2b-bf94ba8f7864-groupManagement] INFO  server.RaftServerConfigKeys (ConfUtils.java:logGet(46)) - raft.server.log.appender.install.snapshot.enabled = false (custom)
2024-01-17 07:57:13,328 [e98e7f84-7e90-42c0-bf2b-bf94ba8f7864-groupManagement] INFO  server.RaftServerConfigKeys (ConfUtils.java:logGet(46)) - raft.server.threadpool.server.cached = true (default)
2024-01-17 07:57:13,328 [e98e7f84-7e90-42c0-bf2b-bf94ba8f7864-groupManagement] INFO  server.RaftServerConfigKeys (ConfUtils.java:logGet(46)) - raft.server.threadpool.server.size = 0 (default)
2024-01-17 07:57:13,329 [e98e7f84-7e90-42c0-bf2b-bf94ba8f7864-groupManagement] INFO  server.RaftServerConfigKeys (ConfUtils.java:logGet(46)) - raft.server.threadpool.client.cached = true (default)
2024-01-17 07:57:13,329 [e98e7f84-7e90-42c0-bf2b-bf94ba8f7864-groupManagement] INFO  server.RaftServerConfigKeys (ConfUtils.java:logGet(46)) - raft.server.threadpool.client.size = 0 (default)
2024-01-17 07:57:13,329 [e98e7f84-7e90-42c0-bf2b-bf94ba8f7864-groupManagement] INFO  server.RaftServerConfigKeys (ConfUtils.java:logGet(46)) - raft.server.storage.free-space.min = 0MB (=0) (default)
2024-01-17 07:57:13,329 [e98e7f84-7e90-42c0-bf2b-bf94ba8f7864-groupManagement] INFO  server.RaftServerConfigKeys (ConfUtils.java:logGet(46)) - raft.server.log.corruption.policy = EXCEPTION (default)
2024-01-17 07:57:13,330 [e98e7f84-7e90-42c0-bf2b-bf94ba8f7864-groupManagement] INFO  server.RaftServerConfigKeys (ConfUtils.java:logGet(46)) - raft.server.storage.dir = [/home/runner/work/ozone/ozone/hadoop-ozone/integration-test/target/test-dir/MiniOzoneClusterImpl-df80a8b8-78a2-47d1-a2cb-ee48e7cc81f7/datanode-0/data/ratis] (custom)
2024-01-17 07:57:13,331 [e98e7f84-7e90-42c0-bf2b-bf94ba8f7864-groupManagement] INFO  storage.RaftStorageDirectory (RaftStorageDirectoryImpl.java:analyzeStorage(138)) - The storage directory /home/runner/work/ozone/ozone/hadoop-ozone/integration-test/target/test-dir/MiniOzoneClusterImpl-df80a8b8-78a2-47d1-a2cb-ee48e7cc81f7/datanode-0/data/ratis/898a6340-e5a2-4f81-a996-8a4adbe0a429 does not exist. Creating ...
2024-01-17 07:57:13,335 [e98e7f84-7e90-42c0-bf2b-bf94ba8f7864-groupManagement] INFO  storage.RaftStorageDirectory (RaftStorageDirectoryImpl.java:tryLock(228)) - Lock on /home/runner/work/ozone/ozone/hadoop-ozone/integration-test/target/test-dir/MiniOzoneClusterImpl-df80a8b8-78a2-47d1-a2cb-ee48e7cc81f7/datanode-0/data/ratis/898a6340-e5a2-4f81-a996-8a4adbe0a429/in_use.lock acquired by nodename 24650@fv-az1531-837
2024-01-17 07:57:13,336 [e98e7f84-7e90-42c0-bf2b-bf94ba8f7864-groupManagement] INFO  storage.RaftStorage (RaftStorageImpl.java:format(99)) - Storage directory /home/runner/work/ozone/ozone/hadoop-ozone/integration-test/target/test-dir/MiniOzoneClusterImpl-df80a8b8-78a2-47d1-a2cb-ee48e7cc81f7/datanode-0/data/ratis/898a6340-e5a2-4f81-a996-8a4adbe0a429 has been successfully formatted.
2024-01-17 07:57:13,339 [e98e7f84-7e90-42c0-bf2b-bf94ba8f7864-groupManagement] WARN  util.FileUtils (LogUtils.java:supplyAndLog(63)) - Failed to Files.newInputStream /home/runner/work/ozone/ozone/hadoop-ozone/integration-test/target/test-dir/MiniOzoneClusterImpl-df80a8b8-78a2-47d1-a2cb-ee48e7cc81f7/datanode-0/data/ratis/898a6340-e5a2-4f81-a996-8a4adbe0a429/current/raft-meta.conf with options []: java.nio.file.NoSuchFileException: /home/runner/work/ozone/ozone/hadoop-ozone/integration-test/target/test-dir/MiniOzoneClusterImpl-df80a8b8-78a2-47d1-a2cb-ee48e7cc81f7/datanode-0/data/ratis/898a6340-e5a2-4f81-a996-8a4adbe0a429/current/raft-meta.conf
2024-01-17 07:57:13,344 [e98e7f84-7e90-42c0-bf2b-bf94ba8f7864-groupManagement] INFO  ratis.ContainerStateMachine (ContainerStateMachine.java:loadSnapshot(287)) - group-8A4ADBE0A429: The snapshot info is null. Setting the last applied index to:(t:0, i:~)
2024-01-17 07:57:13,344 [e98e7f84-7e90-42c0-bf2b-bf94ba8f7864-groupManagement] INFO  server.RaftServerConfigKeys (ConfUtils.java:logGet(46)) - raft.server.log.use.memory = false (default)
2024-01-17 07:57:13,345 [e98e7f84-7e90-42c0-bf2b-bf94ba8f7864-groupManagement] INFO  server.RaftServerConfigKeys (ConfUtils.java:logGet(46)) - raft.server.log.purge.gap = 1000000 (custom)
2024-01-17 07:57:13,345 [e98e7f84-7e90-42c0-bf2b-bf94ba8f7864-groupManagement] INFO  server.RaftServerConfigKeys (ConfUtils.java:logGet(46)) - raft.server.log.appender.buffer.byte-limit = 8388608 (custom)
2024-01-17 07:57:13,345 [e98e7f84-7e90-42c0-bf2b-bf94ba8f7864-groupManagement] INFO  server.RaftServerConfigKeys (ConfUtils.java:logGet(46)) - raft.server.log.statemachine.data.read.timeout = 1000ms (default)
2024-01-17 07:57:13,345 [e98e7f84-7e90-42c0-bf2b-bf94ba8f7864-groupManagement] INFO  server.RaftServerConfigKeys (ConfUtils.java:logGet(46)) - raft.server.log.purge.preservation.log.num = 0 (default)
2024-01-17 07:57:13,363 [e98e7f84-7e90-42c0-bf2b-bf94ba8f7864-groupManagement] INFO  server.RaftServerConfigKeys (ConfUtils.java:logGet(46)) - raft.server.log.segment.size.max = 67108864 (custom)
2024-01-17 07:57:13,364 [e98e7f84-7e90-42c0-bf2b-bf94ba8f7864-groupManagement] INFO  server.RaftServerConfigKeys (ConfUtils.java:logGet(46)) - raft.server.log.segment.cache.num.max = 2 (custom)
2024-01-17 07:57:13,364 [e98e7f84-7e90-42c0-bf2b-bf94ba8f7864-groupManagement] INFO  server.RaftServerConfigKeys (ConfUtils.java:logGet(46)) - raft.server.log.segment.cache.size.max = 200MB (=209715200) (default)
2024-01-17 07:57:13,364 [e98e7f84-7e90-42c0-bf2b-bf94ba8f7864-groupManagement] INFO  server.RaftServerConfigKeys (ConfUtils.java:logGet(46)) - raft.server.log.appender.buffer.byte-limit = 8388608 (custom)
2024-01-17 07:57:13,364 [e98e7f84-7e90-42c0-bf2b-bf94ba8f7864-groupManagement] INFO  util.AwaitToRun (AwaitToRun.java:start(81)) - Thread[e98e7f84-7e90-42c0-bf2b-bf94ba8f7864@group-8A4ADBE0A429-cacheEviction-AwaitToRun,5,main] started
2024-01-17 07:57:13,364 [e98e7f84-7e90-42c0-bf2b-bf94ba8f7864-groupManagement] INFO  segmented.SegmentedRaftLogWorker (SegmentedRaftLogWorker.java:<init>(182)) - new e98e7f84-7e90-42c0-bf2b-bf94ba8f7864@group-8A4ADBE0A429-SegmentedRaftLogWorker for RaftStorageImpl:Storage Directory /home/runner/work/ozone/ozone/hadoop-ozone/integration-test/target/test-dir/MiniOzoneClusterImpl-df80a8b8-78a2-47d1-a2cb-ee48e7cc81f7/datanode-0/data/ratis/898a6340-e5a2-4f81-a996-8a4adbe0a429
2024-01-17 07:57:13,364 [e98e7f84-7e90-42c0-bf2b-bf94ba8f7864-groupManagement] INFO  server.RaftServerConfigKeys (ConfUtils.java:logGet(46)) - raft.server.log.queue.byte-limit = 4294967296 (custom)
2024-01-17 07:57:13,364 [e98e7f84-7e90-42c0-bf2b-bf94ba8f7864-groupManagement] INFO  server.RaftServerConfigKeys (ConfUtils.java:logGet(46)) - raft.server.log.queue.element-limit = 1024 (custom)
2024-01-17 07:57:13,365 [e98e7f84-7e90-42c0-bf2b-bf94ba8f7864-groupManagement] INFO  server.RaftServerConfigKeys (ConfUtils.java:logGet(46)) - raft.server.log.segment.size.max = 67108864 (custom)
2024-01-17 07:57:13,365 [e98e7f84-7e90-42c0-bf2b-bf94ba8f7864-groupManagement] INFO  server.RaftServerConfigKeys (ConfUtils.java:logGet(46)) - raft.server.log.preallocated.size = 4194304 (custom)
2024-01-17 07:57:13,365 [e98e7f84-7e90-42c0-bf2b-bf94ba8f7864-groupManagement] INFO  server.RaftServerConfigKeys (ConfUtils.java:logGet(46)) - raft.server.log.force.sync.num = 128 (default)
2024-01-17 07:57:13,365 [e98e7f84-7e90-42c0-bf2b-bf94ba8f7864-groupManagement] INFO  server.RaftServerConfigKeys (ConfUtils.java:logGet(46)) - raft.server.log.statemachine.data.sync = true (default)
2024-01-17 07:57:13,365 [e98e7f84-7e90-42c0-bf2b-bf94ba8f7864-groupManagement] INFO  server.RaftServerConfigKeys (ConfUtils.java:logGet(46)) - raft.server.log.statemachine.data.sync.timeout = 10s (default)
2024-01-17 07:57:13,365 [e98e7f84-7e90-42c0-bf2b-bf94ba8f7864-groupManagement] INFO  server.RaftServerConfigKeys (ConfUtils.java:logGet(46)) - raft.server.log.statemachine.data.sync.timeout.retry = 0 (custom)
2024-01-17 07:57:13,366 [e98e7f84-7e90-42c0-bf2b-bf94ba8f7864-groupManagement] INFO  server.RaftServerConfigKeys (ConfUtils.java:logGet(46)) - raft.server.log.write.buffer.size = 8388616 (custom)
2024-01-17 07:57:13,368 [e98e7f84-7e90-42c0-bf2b-bf94ba8f7864-groupManagement] INFO  server.RaftServerConfigKeys (ConfUtils.java:logGet(46)) - raft.server.log.appender.buffer.byte-limit = 8388608 (custom)
2024-01-17 07:57:13,368 [e98e7f84-7e90-42c0-bf2b-bf94ba8f7864-groupManagement] INFO  server.RaftServerConfigKeys (ConfUtils.java:logGet(46)) - raft.server.log.unsafe-flush.enabled = false (default)
2024-01-17 07:57:13,368 [e98e7f84-7e90-42c0-bf2b-bf94ba8f7864-groupManagement] INFO  server.RaftServerConfigKeys (ConfUtils.java:logGet(46)) - raft.server.log.async-flush.enabled = false (default)
2024-01-17 07:57:13,368 [e98e7f84-7e90-42c0-bf2b-bf94ba8f7864-groupManagement] INFO  server.RaftServerConfigKeys (ConfUtils.java:logGet(46)) - raft.server.log.statemachine.data.caching.enabled = true (custom)
2024-01-17 07:57:13,368 [e98e7f84-7e90-42c0-bf2b-bf94ba8f7864-groupManagement] INFO  segmented.SegmentedRaftLogWorker (SegmentedRaftLogWorker.java:lambda$new$0(134)) - e98e7f84-7e90-42c0-bf2b-bf94ba8f7864@group-8A4ADBE0A429-SegmentedRaftLogWorker: flushIndex: setUnconditionally 0 -> -1
2024-01-17 07:57:13,369 [e98e7f84-7e90-42c0-bf2b-bf94ba8f7864-groupManagement] INFO  segmented.SegmentedRaftLogWorker (SegmentedRaftLogWorker.java:lambda$new$0(134)) - e98e7f84-7e90-42c0-bf2b-bf94ba8f7864@group-8A4ADBE0A429-SegmentedRaftLogWorker: safeCacheEvictIndex: setUnconditionally 0 -> -1
2024-01-17 07:57:13,371 [e98e7f84-7e90-42c0-bf2b-bf94ba8f7864-groupManagement] INFO  server.RaftServer$Division (RaftServerImpl.java:start(396)) - e98e7f84-7e90-42c0-bf2b-bf94ba8f7864@group-8A4ADBE0A429: start as a follower, conf=-1: peers:[e98e7f84-7e90-42c0-bf2b-bf94ba8f7864|10.1.0.6:15014, 597b9f4b-0aac-4425-bf2d-48884e3709f6|10.1.0.6:15023, 1bb81a9c-1547-435f-9d81-d5fca49fbc06|10.1.0.6:15032]|listeners:[], old=null
2024-01-17 07:57:13,371 [e98e7f84-7e90-42c0-bf2b-bf94ba8f7864-groupManagement] INFO  server.RaftServer$Division (RaftServerImpl.java:setRole(383)) - e98e7f84-7e90-42c0-bf2b-bf94ba8f7864@group-8A4ADBE0A429: changes role from      null to FOLLOWER at term 0 for startAsFollower
2024-01-17 07:57:13,371 [e98e7f84-7e90-42c0-bf2b-bf94ba8f7864-groupManagement] INFO  impl.RoleInfo (RoleInfo.java:updateAndGet(139)) - e98e7f84-7e90-42c0-bf2b-bf94ba8f7864: start e98e7f84-7e90-42c0-bf2b-bf94ba8f7864@group-8A4ADBE0A429-FollowerState
2024-01-17 07:57:13,377 [e98e7f84-7e90-42c0-bf2b-bf94ba8f7864-groupManagement] INFO  util.JmxRegister (JmxRegister.java:tryRegister(44)) - Successfully registered JMX Bean with object name Ratis:service=RaftServer,group=group-8A4ADBE0A429,id=e98e7f84-7e90-42c0-bf2b-bf94ba8f7864
2024-01-17 07:57:13,377 [e98e7f84-7e90-42c0-bf2b-bf94ba8f7864-groupManagement] INFO  server.RaftServerConfigKeys (ConfUtils.java:logGet(46)) - raft.server.snapshot.trigger-when-stop.enabled = true (default)
2024-01-17 07:57:13,378 [e98e7f84-7e90-42c0-bf2b-bf94ba8f7864-groupManagement] INFO  server.RaftServerConfigKeys (ConfUtils.java:logGet(46)) - raft.server.snapshot.auto.trigger.enabled = true (custom)
2024-01-17 07:57:13,378 [e98e7f84-7e90-42c0-bf2b-bf94ba8f7864-groupManagement] INFO  server.RaftServerConfigKeys (ConfUtils.java:logGet(46)) - raft.server.snapshot.auto.trigger.threshold = 10000 (custom)
2024-01-17 07:57:13,378 [e98e7f84-7e90-42c0-bf2b-bf94ba8f7864-groupManagement] INFO  server.RaftServerConfigKeys (ConfUtils.java:logGet(46)) - raft.server.snapshot.retention.file.num = 5 (custom)
2024-01-17 07:57:13,378 [e98e7f84-7e90-42c0-bf2b-bf94ba8f7864-groupManagement] INFO  server.RaftServerConfigKeys (ConfUtils.java:logGet(46)) - raft.server.log.purge.upto.snapshot.index = false (default)
2024-01-17 07:57:13,379 [e98e7f84-7e90-42c0-bf2b-bf94ba8f7864@group-8A4ADBE0A429-FollowerState] INFO  server.RaftServerConfigKeys (ConfUtils.java:logFallback(53)) - raft.server.rpc.first-election.timeout.min = 5s (fallback to raft.server.rpc.timeout.min)
2024-01-17 07:57:13,379 [e98e7f84-7e90-42c0-bf2b-bf94ba8f7864@group-8A4ADBE0A429-FollowerState] INFO  server.RaftServerConfigKeys (ConfUtils.java:logFallback(53)) - raft.server.rpc.first-election.timeout.max = 5200ms (fallback to raft.server.rpc.timeout.max)
2024-01-17 07:57:13,401 [e98e7f84-7e90-42c0-bf2b-bf94ba8f7864-PipelineCommandHandlerThread-0] INFO  ratis.XceiverServerRatis (XceiverServerRatis.java:addGroup(842)) - Created group PipelineID=898a6340-e5a2-4f81-a996-8a4adbe0a429
2024-01-17 07:57:13,410 [597b9f4b-0aac-4425-bf2d-48884e3709f6-PipelineCommandHandlerThread-0] INFO  server.RaftServer (RaftServerProxy.java:addNew(100)) - 597b9f4b-0aac-4425-bf2d-48884e3709f6: addNew group-8A4ADBE0A429:[e98e7f84-7e90-42c0-bf2b-bf94ba8f7864|10.1.0.6:15014, 597b9f4b-0aac-4425-bf2d-48884e3709f6|10.1.0.6:15023, 1bb81a9c-1547-435f-9d81-d5fca49fbc06|10.1.0.6:15032] returns group-8A4ADBE0A429:java.util.concurrent.CompletableFuture@299a89c1[Not completed]
2024-01-17 07:57:13,412 [597b9f4b-0aac-4425-bf2d-48884e3709f6-groupManagement] INFO  server.RaftServer$Division (RaftServerImpl.java:<init>(256)) - 597b9f4b-0aac-4425-bf2d-48884e3709f6: new RaftServerImpl for group-8A4ADBE0A429:[e98e7f84-7e90-42c0-bf2b-bf94ba8f7864|10.1.0.6:15014, 597b9f4b-0aac-4425-bf2d-48884e3709f6|10.1.0.6:15023, 1bb81a9c-1547-435f-9d81-d5fca49fbc06|10.1.0.6:15032] with ContainerStateMachine:uninitialized
2024-01-17 07:57:13,412 [597b9f4b-0aac-4425-bf2d-48884e3709f6-groupManagement] INFO  server.RaftServerConfigKeys (ConfUtils.java:logGet(46)) - raft.server.rpc.timeout.min = 5s (custom)
2024-01-17 07:57:13,412 [597b9f4b-0aac-4425-bf2d-48884e3709f6-groupManagement] INFO  server.RaftServerConfigKeys (ConfUtils.java:logGet(46)) - raft.server.rpc.timeout.max = 5200ms (custom)
2024-01-17 07:57:13,412 [597b9f4b-0aac-4425-bf2d-48884e3709f6-groupManagement] INFO  server.RaftServerConfigKeys (ConfUtils.java:logGet(46)) - raft.server.rpc.sleep.time = 25ms (default)
2024-01-17 07:57:13,412 [597b9f4b-0aac-4425-bf2d-48884e3709f6-groupManagement] INFO  server.RaftServerConfigKeys (ConfUtils.java:logGet(46)) - raft.server.rpc.slowness.timeout = 300s (custom)
2024-01-17 07:57:13,412 [597b9f4b-0aac-4425-bf2d-48884e3709f6-groupManagement] INFO  server.RaftServerConfigKeys (ConfUtils.java:logGet(46)) - raft.server.leaderelection.leader.step-down.wait-time = 10s (default)
2024-01-17 07:57:13,412 [597b9f4b-0aac-4425-bf2d-48884e3709f6-groupManagement] INFO  server.RaftServerConfigKeys (ConfUtils.java:logGet(46)) - raft.server.leaderelection.member.majority-add = false (default)
2024-01-17 07:57:13,412 [597b9f4b-0aac-4425-bf2d-48884e3709f6-groupManagement] INFO  server.RaftServerConfigKeys (ConfUtils.java:logGet(46)) - raft.server.sleep.deviation.threshold = 300ms (default)
2024-01-17 07:57:13,412 [597b9f4b-0aac-4425-bf2d-48884e3709f6-groupManagement] INFO  server.RaftServer$Division (ServerState.java:<init>(113)) - 597b9f4b-0aac-4425-bf2d-48884e3709f6@group-8A4ADBE0A429: ConfigurationManager, init=-1: peers:[e98e7f84-7e90-42c0-bf2b-bf94ba8f7864|10.1.0.6:15014, 597b9f4b-0aac-4425-bf2d-48884e3709f6|10.1.0.6:15023, 1bb81a9c-1547-435f-9d81-d5fca49fbc06|10.1.0.6:15032]|listeners:[], old=null, confs=<EMPTY_MAP>
2024-01-17 07:57:13,412 [597b9f4b-0aac-4425-bf2d-48884e3709f6-groupManagement] INFO  server.RaftServerConfigKeys (ConfUtils.java:logGet(46)) - raft.server.notification.no-leader.timeout = 300s (custom)
2024-01-17 07:57:13,412 [597b9f4b-0aac-4425-bf2d-48884e3709f6-groupManagement] INFO  server.RaftServerConfigKeys (ConfUtils.java:logGet(46)) - raft.server.read.timeout = 10s (default)
2024-01-17 07:57:13,413 [597b9f4b-0aac-4425-bf2d-48884e3709f6-groupManagement] INFO  server.RaftServerConfigKeys (ConfUtils.java:logGet(46)) - raft.server.retrycache.expirytime = 600000ms (custom)
2024-01-17 07:57:13,413 [597b9f4b-0aac-4425-bf2d-48884e3709f6-groupManagement] INFO  server.RaftServerConfigKeys (ConfUtils.java:logGet(46)) - raft.server.retrycache.statistics.expirytime = 100ms (default)
2024-01-17 07:57:13,413 [597b9f4b-0aac-4425-bf2d-48884e3709f6-groupManagement] INFO  server.RaftServerConfigKeys (ConfUtils.java:logGet(46)) - raft.server.read.option = DEFAULT (default)
2024-01-17 07:57:13,413 [597b9f4b-0aac-4425-bf2d-48884e3709f6-groupManagement] INFO  server.RaftServerConfigKeys (ConfUtils.java:logGet(46)) - raft.server.read.read-after-write-consistent.write-index-cache.expiry-time = 60s (default)
2024-01-17 07:57:13,431 [597b9f4b-0aac-4425-bf2d-48884e3709f6-groupManagement] INFO  server.RaftServerConfigKeys (ConfUtils.java:logGet(46)) - raft.server.rpc.request.timeout = 60s (custom)
2024-01-17 07:57:13,432 [597b9f4b-0aac-4425-bf2d-48884e3709f6-groupManagement] INFO  server.RaftServerConfigKeys (ConfUtils.java:logGet(46)) - raft.server.log.appender.install.snapshot.enabled = false (custom)
2024-01-17 07:57:13,432 [597b9f4b-0aac-4425-bf2d-48884e3709f6-groupManagement] INFO  server.RaftServerConfigKeys (ConfUtils.java:logGet(46)) - raft.server.threadpool.server.cached = true (default)
2024-01-17 07:57:13,432 [597b9f4b-0aac-4425-bf2d-48884e3709f6-groupManagement] INFO  server.RaftServerConfigKeys (ConfUtils.java:logGet(46)) - raft.server.threadpool.server.size = 0 (default)
2024-01-17 07:57:13,432 [597b9f4b-0aac-4425-bf2d-48884e3709f6-groupManagement] INFO  server.RaftServerConfigKeys (ConfUtils.java:logGet(46)) - raft.server.threadpool.client.cached = true (default)
2024-01-17 07:57:13,432 [597b9f4b-0aac-4425-bf2d-48884e3709f6-groupManagement] INFO  server.RaftServerConfigKeys (ConfUtils.java:logGet(46)) - raft.server.threadpool.client.size = 0 (default)
2024-01-17 07:57:13,432 [597b9f4b-0aac-4425-bf2d-48884e3709f6-groupManagement] INFO  server.RaftServerConfigKeys (ConfUtils.java:logGet(46)) - raft.server.storage.free-space.min = 0MB (=0) (default)
2024-01-17 07:57:13,432 [597b9f4b-0aac-4425-bf2d-48884e3709f6-groupManagement] INFO  server.RaftServerConfigKeys (ConfUtils.java:logGet(46)) - raft.server.log.corruption.policy = EXCEPTION (default)
2024-01-17 07:57:13,432 [597b9f4b-0aac-4425-bf2d-48884e3709f6-groupManagement] INFO  server.RaftServerConfigKeys (ConfUtils.java:logGet(46)) - raft.server.storage.dir = [/home/runner/work/ozone/ozone/hadoop-ozone/integration-test/target/test-dir/MiniOzoneClusterImpl-df80a8b8-78a2-47d1-a2cb-ee48e7cc81f7/datanode-1/data/ratis] (custom)
2024-01-17 07:57:13,433 [597b9f4b-0aac-4425-bf2d-48884e3709f6-groupManagement] INFO  storage.RaftStorageDirectory (RaftStorageDirectoryImpl.java:analyzeStorage(138)) - The storage directory /home/runner/work/ozone/ozone/hadoop-ozone/integration-test/target/test-dir/MiniOzoneClusterImpl-df80a8b8-78a2-47d1-a2cb-ee48e7cc81f7/datanode-1/data/ratis/898a6340-e5a2-4f81-a996-8a4adbe0a429 does not exist. Creating ...
2024-01-17 07:57:13,434 [597b9f4b-0aac-4425-bf2d-48884e3709f6-groupManagement] INFO  storage.RaftStorageDirectory (RaftStorageDirectoryImpl.java:tryLock(228)) - Lock on /home/runner/work/ozone/ozone/hadoop-ozone/integration-test/target/test-dir/MiniOzoneClusterImpl-df80a8b8-78a2-47d1-a2cb-ee48e7cc81f7/datanode-1/data/ratis/898a6340-e5a2-4f81-a996-8a4adbe0a429/in_use.lock acquired by nodename 24650@fv-az1531-837
2024-01-17 07:57:13,435 [597b9f4b-0aac-4425-bf2d-48884e3709f6-groupManagement] INFO  storage.RaftStorage (RaftStorageImpl.java:format(99)) - Storage directory /home/runner/work/ozone/ozone/hadoop-ozone/integration-test/target/test-dir/MiniOzoneClusterImpl-df80a8b8-78a2-47d1-a2cb-ee48e7cc81f7/datanode-1/data/ratis/898a6340-e5a2-4f81-a996-8a4adbe0a429 has been successfully formatted.
2024-01-17 07:57:13,436 [597b9f4b-0aac-4425-bf2d-48884e3709f6-groupManagement] WARN  util.FileUtils (LogUtils.java:supplyAndLog(63)) - Failed to Files.newInputStream /home/runner/work/ozone/ozone/hadoop-ozone/integration-test/target/test-dir/MiniOzoneClusterImpl-df80a8b8-78a2-47d1-a2cb-ee48e7cc81f7/datanode-1/data/ratis/898a6340-e5a2-4f81-a996-8a4adbe0a429/current/raft-meta.conf with options []: java.nio.file.NoSuchFileException: /home/runner/work/ozone/ozone/hadoop-ozone/integration-test/target/test-dir/MiniOzoneClusterImpl-df80a8b8-78a2-47d1-a2cb-ee48e7cc81f7/datanode-1/data/ratis/898a6340-e5a2-4f81-a996-8a4adbe0a429/current/raft-meta.conf
2024-01-17 07:57:13,438 [597b9f4b-0aac-4425-bf2d-48884e3709f6-groupManagement] INFO  ratis.ContainerStateMachine (ContainerStateMachine.java:loadSnapshot(287)) - group-8A4ADBE0A429: The snapshot info is null. Setting the last applied index to:(t:0, i:~)
2024-01-17 07:57:13,439 [597b9f4b-0aac-4425-bf2d-48884e3709f6-groupManagement] INFO  server.RaftServerConfigKeys (ConfUtils.java:logGet(46)) - raft.server.log.use.memory = false (default)
2024-01-17 07:57:13,439 [597b9f4b-0aac-4425-bf2d-48884e3709f6-groupManagement] INFO  server.RaftServerConfigKeys (ConfUtils.java:logGet(46)) - raft.server.log.purge.gap = 1000000 (custom)
2024-01-17 07:57:13,439 [597b9f4b-0aac-4425-bf2d-48884e3709f6-groupManagement] INFO  server.RaftServerConfigKeys (ConfUtils.java:logGet(46)) - raft.server.log.appender.buffer.byte-limit = 8388608 (custom)
2024-01-17 07:57:13,439 [597b9f4b-0aac-4425-bf2d-48884e3709f6-groupManagement] INFO  server.RaftServerConfigKeys (ConfUtils.java:logGet(46)) - raft.server.log.statemachine.data.read.timeout = 1000ms (default)
2024-01-17 07:57:13,439 [597b9f4b-0aac-4425-bf2d-48884e3709f6-groupManagement] INFO  server.RaftServerConfigKeys (ConfUtils.java:logGet(46)) - raft.server.log.purge.preservation.log.num = 0 (default)
2024-01-17 07:57:13,443 [597b9f4b-0aac-4425-bf2d-48884e3709f6-groupManagement] INFO  server.RaftServerConfigKeys (ConfUtils.java:logGet(46)) - raft.server.log.segment.size.max = 67108864 (custom)
2024-01-17 07:57:13,444 [597b9f4b-0aac-4425-bf2d-48884e3709f6-groupManagement] INFO  server.RaftServerConfigKeys (ConfUtils.java:logGet(46)) - raft.server.log.segment.cache.num.max = 2 (custom)
2024-01-17 07:57:13,444 [597b9f4b-0aac-4425-bf2d-48884e3709f6-groupManagement] INFO  server.RaftServerConfigKeys (ConfUtils.java:logGet(46)) - raft.server.log.segment.cache.size.max = 200MB (=209715200) (default)
2024-01-17 07:57:13,444 [597b9f4b-0aac-4425-bf2d-48884e3709f6-groupManagement] INFO  server.RaftServerConfigKeys (ConfUtils.java:logGet(46)) - raft.server.log.appender.buffer.byte-limit = 8388608 (custom)
2024-01-17 07:57:13,444 [597b9f4b-0aac-4425-bf2d-48884e3709f6-groupManagement] INFO  util.AwaitToRun (AwaitToRun.java:start(81)) - Thread[597b9f4b-0aac-4425-bf2d-48884e3709f6@group-8A4ADBE0A429-cacheEviction-AwaitToRun,5,main] started
2024-01-17 07:57:13,445 [597b9f4b-0aac-4425-bf2d-48884e3709f6-groupManagement] INFO  segmented.SegmentedRaftLogWorker (SegmentedRaftLogWorker.java:<init>(182)) - new 597b9f4b-0aac-4425-bf2d-48884e3709f6@group-8A4ADBE0A429-SegmentedRaftLogWorker for RaftStorageImpl:Storage Directory /home/runner/work/ozone/ozone/hadoop-ozone/integration-test/target/test-dir/MiniOzoneClusterImpl-df80a8b8-78a2-47d1-a2cb-ee48e7cc81f7/datanode-1/data/ratis/898a6340-e5a2-4f81-a996-8a4adbe0a429
2024-01-17 07:57:13,445 [597b9f4b-0aac-4425-bf2d-48884e3709f6-groupManagement] INFO  server.RaftServerConfigKeys (ConfUtils.java:logGet(46)) - raft.server.log.queue.byte-limit = 4294967296 (custom)
2024-01-17 07:57:13,445 [597b9f4b-0aac-4425-bf2d-48884e3709f6-groupManagement] INFO  server.RaftServerConfigKeys (ConfUtils.java:logGet(46)) - raft.server.log.queue.element-limit = 1024 (custom)
2024-01-17 07:57:13,445 [597b9f4b-0aac-4425-bf2d-48884e3709f6-groupManagement] INFO  server.RaftServerConfigKeys (ConfUtils.java:logGet(46)) - raft.server.log.segment.size.max = 67108864 (custom)
2024-01-17 07:57:13,445 [597b9f4b-0aac-4425-bf2d-48884e3709f6-groupManagement] INFO  server.RaftServerConfigKeys (ConfUtils.java:logGet(46)) - raft.server.log.preallocated.size = 4194304 (custom)
2024-01-17 07:57:13,445 [597b9f4b-0aac-4425-bf2d-48884e3709f6-groupManagement] INFO  server.RaftServerConfigKeys (ConfUtils.java:logGet(46)) - raft.server.log.force.sync.num = 128 (default)
2024-01-17 07:57:13,445 [597b9f4b-0aac-4425-bf2d-48884e3709f6-groupManagement] INFO  server.RaftServerConfigKeys (ConfUtils.java:logGet(46)) - raft.server.log.statemachine.data.sync = true (default)
2024-01-17 07:57:13,446 [597b9f4b-0aac-4425-bf2d-48884e3709f6-groupManagement] INFO  server.RaftServerConfigKeys (ConfUtils.java:logGet(46)) - raft.server.log.statemachine.data.sync.timeout = 10s (default)
2024-01-17 07:57:13,446 [597b9f4b-0aac-4425-bf2d-48884e3709f6-groupManagement] INFO  server.RaftServerConfigKeys (ConfUtils.java:logGet(46)) - raft.server.log.statemachine.data.sync.timeout.retry = 0 (custom)
2024-01-17 07:57:13,446 [597b9f4b-0aac-4425-bf2d-48884e3709f6-groupManagement] INFO  server.RaftServerConfigKeys (ConfUtils.java:logGet(46)) - raft.server.log.write.buffer.size = 8388616 (custom)
2024-01-17 07:57:13,448 [597b9f4b-0aac-4425-bf2d-48884e3709f6-groupManagement] INFO  server.RaftServerConfigKeys (ConfUtils.java:logGet(46)) - raft.server.log.appender.buffer.byte-limit = 8388608 (custom)
2024-01-17 07:57:13,449 [597b9f4b-0aac-4425-bf2d-48884e3709f6-groupManagement] INFO  server.RaftServerConfigKeys (ConfUtils.java:logGet(46)) - raft.server.log.unsafe-flush.enabled = false (default)
2024-01-17 07:57:13,449 [597b9f4b-0aac-4425-bf2d-48884e3709f6-groupManagement] INFO  server.RaftServerConfigKeys (ConfUtils.java:logGet(46)) - raft.server.log.async-flush.enabled = false (default)
2024-01-17 07:57:13,449 [597b9f4b-0aac-4425-bf2d-48884e3709f6-groupManagement] INFO  server.RaftServerConfigKeys (ConfUtils.java:logGet(46)) - raft.server.log.statemachine.data.caching.enabled = true (custom)
2024-01-17 07:57:13,449 [597b9f4b-0aac-4425-bf2d-48884e3709f6-groupManagement] INFO  segmented.SegmentedRaftLogWorker (SegmentedRaftLogWorker.java:lambda$new$0(134)) - 597b9f4b-0aac-4425-bf2d-48884e3709f6@group-8A4ADBE0A429-SegmentedRaftLogWorker: flushIndex: setUnconditionally 0 -> -1
2024-01-17 07:57:13,449 [597b9f4b-0aac-4425-bf2d-48884e3709f6-groupManagement] INFO  segmented.SegmentedRaftLogWorker (SegmentedRaftLogWorker.java:lambda$new$0(134)) - 597b9f4b-0aac-4425-bf2d-48884e3709f6@group-8A4ADBE0A429-SegmentedRaftLogWorker: safeCacheEvictIndex: setUnconditionally 0 -> -1
2024-01-17 07:57:13,449 [597b9f4b-0aac-4425-bf2d-48884e3709f6-groupManagement] INFO  server.RaftServer$Division (RaftServerImpl.java:start(396)) - 597b9f4b-0aac-4425-bf2d-48884e3709f6@group-8A4ADBE0A429: start as a follower, conf=-1: peers:[e98e7f84-7e90-42c0-bf2b-bf94ba8f7864|10.1.0.6:15014, 597b9f4b-0aac-4425-bf2d-48884e3709f6|10.1.0.6:15023, 1bb81a9c-1547-435f-9d81-d5fca49fbc06|10.1.0.6:15032]|listeners:[], old=null
2024-01-17 07:57:13,449 [597b9f4b-0aac-4425-bf2d-48884e3709f6-groupManagement] INFO  server.RaftServer$Division (RaftServerImpl.java:setRole(383)) - 597b9f4b-0aac-4425-bf2d-48884e3709f6@group-8A4ADBE0A429: changes role from      null to FOLLOWER at term 0 for startAsFollower
2024-01-17 07:57:13,449 [597b9f4b-0aac-4425-bf2d-48884e3709f6-groupManagement] INFO  impl.RoleInfo (RoleInfo.java:updateAndGet(139)) - 597b9f4b-0aac-4425-bf2d-48884e3709f6: start 597b9f4b-0aac-4425-bf2d-48884e3709f6@group-8A4ADBE0A429-FollowerState
2024-01-17 07:57:13,450 [597b9f4b-0aac-4425-bf2d-48884e3709f6@group-8A4ADBE0A429-FollowerState] INFO  server.RaftServerConfigKeys (ConfUtils.java:logFallback(53)) - raft.server.rpc.first-election.timeout.min = 5s (fallback to raft.server.rpc.timeout.min)
2024-01-17 07:57:13,450 [597b9f4b-0aac-4425-bf2d-48884e3709f6-groupManagement] INFO  util.JmxRegister (JmxRegister.java:tryRegister(44)) - Successfully registered JMX Bean with object name Ratis:service=RaftServer,group=group-8A4ADBE0A429,id=597b9f4b-0aac-4425-bf2d-48884e3709f6
2024-01-17 07:57:13,451 [597b9f4b-0aac-4425-bf2d-48884e3709f6-groupManagement] INFO  server.RaftServerConfigKeys (ConfUtils.java:logGet(46)) - raft.server.snapshot.trigger-when-stop.enabled = true (default)
2024-01-17 07:57:13,451 [597b9f4b-0aac-4425-bf2d-48884e3709f6-groupManagement] INFO  server.RaftServerConfigKeys (ConfUtils.java:logGet(46)) - raft.server.snapshot.auto.trigger.enabled = true (custom)
2024-01-17 07:57:13,451 [597b9f4b-0aac-4425-bf2d-48884e3709f6-groupManagement] INFO  server.RaftServerConfigKeys (ConfUtils.java:logGet(46)) - raft.server.snapshot.auto.trigger.threshold = 10000 (custom)
2024-01-17 07:57:13,452 [597b9f4b-0aac-4425-bf2d-48884e3709f6-groupManagement] INFO  server.RaftServerConfigKeys (ConfUtils.java:logGet(46)) - raft.server.snapshot.retention.file.num = 5 (custom)
2024-01-17 07:57:13,452 [597b9f4b-0aac-4425-bf2d-48884e3709f6-groupManagement] INFO  server.RaftServerConfigKeys (ConfUtils.java:logGet(46)) - raft.server.log.purge.upto.snapshot.index = false (default)
2024-01-17 07:57:13,451 [597b9f4b-0aac-4425-bf2d-48884e3709f6@group-8A4ADBE0A429-FollowerState] INFO  server.RaftServerConfigKeys (ConfUtils.java:logFallback(53)) - raft.server.rpc.first-election.timeout.max = 5200ms (fallback to raft.server.rpc.timeout.max)
2024-01-17 07:57:13,453 [597b9f4b-0aac-4425-bf2d-48884e3709f6-PipelineCommandHandlerThread-0] INFO  ratis.XceiverServerRatis (XceiverServerRatis.java:addGroup(842)) - Created group PipelineID=898a6340-e5a2-4f81-a996-8a4adbe0a429
2024-01-17 07:57:13,520 [1bb81a9c-1547-435f-9d81-d5fca49fbc06-PipelineCommandHandlerThread-0] INFO  server.RaftServer (RaftServerProxy.java:addNew(100)) - 1bb81a9c-1547-435f-9d81-d5fca49fbc06: addNew group-8A4ADBE0A429:[e98e7f84-7e90-42c0-bf2b-bf94ba8f7864|10.1.0.6:15014, 597b9f4b-0aac-4425-bf2d-48884e3709f6|10.1.0.6:15023, 1bb81a9c-1547-435f-9d81-d5fca49fbc06|10.1.0.6:15032] returns group-8A4ADBE0A429:java.util.concurrent.CompletableFuture@22f2ce0c[Not completed]
2024-01-17 07:57:13,521 [1bb81a9c-1547-435f-9d81-d5fca49fbc06-groupManagement] INFO  server.RaftServer$Division (RaftServerImpl.java:<init>(256)) - 1bb81a9c-1547-435f-9d81-d5fca49fbc06: new RaftServerImpl for group-8A4ADBE0A429:[e98e7f84-7e90-42c0-bf2b-bf94ba8f7864|10.1.0.6:15014, 597b9f4b-0aac-4425-bf2d-48884e3709f6|10.1.0.6:15023, 1bb81a9c-1547-435f-9d81-d5fca49fbc06|10.1.0.6:15032] with ContainerStateMachine:uninitialized
2024-01-17 07:57:13,521 [1bb81a9c-1547-435f-9d81-d5fca49fbc06-groupManagement] INFO  server.RaftServerConfigKeys (ConfUtils.java:logGet(46)) - raft.server.rpc.timeout.min = 5s (custom)
2024-01-17 07:57:13,521 [1bb81a9c-1547-435f-9d81-d5fca49fbc06-groupManagement] INFO  server.RaftServerConfigKeys (ConfUtils.java:logGet(46)) - raft.server.rpc.timeout.max = 5200ms (custom)
2024-01-17 07:57:13,523 [1bb81a9c-1547-435f-9d81-d5fca49fbc06-groupManagement] INFO  server.RaftServerConfigKeys (ConfUtils.java:logGet(46)) - raft.server.rpc.sleep.time = 25ms (default)
2024-01-17 07:57:13,523 [1bb81a9c-1547-435f-9d81-d5fca49fbc06-groupManagement] INFO  server.RaftServerConfigKeys (ConfUtils.java:logGet(46)) - raft.server.rpc.slowness.timeout = 300s (custom)
2024-01-17 07:57:13,523 [1bb81a9c-1547-435f-9d81-d5fca49fbc06-groupManagement] INFO  server.RaftServerConfigKeys (ConfUtils.java:logGet(46)) - raft.server.leaderelection.leader.step-down.wait-time = 10s (default)
2024-01-17 07:57:13,523 [1bb81a9c-1547-435f-9d81-d5fca49fbc06-groupManagement] INFO  server.RaftServerConfigKeys (ConfUtils.java:logGet(46)) - raft.server.leaderelection.member.majority-add = false (default)
2024-01-17 07:57:13,523 [1bb81a9c-1547-435f-9d81-d5fca49fbc06-groupManagement] INFO  server.RaftServerConfigKeys (ConfUtils.java:logGet(46)) - raft.server.sleep.deviation.threshold = 300ms (default)
2024-01-17 07:57:13,523 [1bb81a9c-1547-435f-9d81-d5fca49fbc06-groupManagement] INFO  server.RaftServer$Division (ServerState.java:<init>(113)) - 1bb81a9c-1547-435f-9d81-d5fca49fbc06@group-8A4ADBE0A429: ConfigurationManager, init=-1: peers:[e98e7f84-7e90-42c0-bf2b-bf94ba8f7864|10.1.0.6:15014, 597b9f4b-0aac-4425-bf2d-48884e3709f6|10.1.0.6:15023, 1bb81a9c-1547-435f-9d81-d5fca49fbc06|10.1.0.6:15032]|listeners:[], old=null, confs=<EMPTY_MAP>
2024-01-17 07:57:13,523 [1bb81a9c-1547-435f-9d81-d5fca49fbc06-groupManagement] INFO  server.RaftServerConfigKeys (ConfUtils.java:logGet(46)) - raft.server.notification.no-leader.timeout = 300s (custom)
2024-01-17 07:57:13,523 [1bb81a9c-1547-435f-9d81-d5fca49fbc06-groupManagement] INFO  server.RaftServerConfigKeys (ConfUtils.java:logGet(46)) - raft.server.read.timeout = 10s (default)
2024-01-17 07:57:13,523 [1bb81a9c-1547-435f-9d81-d5fca49fbc06-groupManagement] INFO  server.RaftServerConfigKeys (ConfUtils.java:logGet(46)) - raft.server.retrycache.expirytime = 600000ms (custom)
2024-01-17 07:57:13,523 [1bb81a9c-1547-435f-9d81-d5fca49fbc06-groupManagement] INFO  server.RaftServerConfigKeys (ConfUtils.java:logGet(46)) - raft.server.retrycache.statistics.expirytime = 100ms (default)
2024-01-17 07:57:13,527 [1bb81a9c-1547-435f-9d81-d5fca49fbc06-groupManagement] INFO  server.RaftServerConfigKeys (ConfUtils.java:logGet(46)) - raft.server.read.option = DEFAULT (default)
2024-01-17 07:57:13,528 [1bb81a9c-1547-435f-9d81-d5fca49fbc06-groupManagement] INFO  server.RaftServerConfigKeys (ConfUtils.java:logGet(46)) - raft.server.read.read-after-write-consistent.write-index-cache.expiry-time = 60s (default)
2024-01-17 07:57:13,536 [1bb81a9c-1547-435f-9d81-d5fca49fbc06-groupManagement] INFO  server.RaftServerConfigKeys (ConfUtils.java:logGet(46)) - raft.server.rpc.request.timeout = 60s (custom)
2024-01-17 07:57:13,536 [1bb81a9c-1547-435f-9d81-d5fca49fbc06-groupManagement] INFO  server.RaftServerConfigKeys (ConfUtils.java:logGet(46)) - raft.server.log.appender.install.snapshot.enabled = false (custom)
2024-01-17 07:57:13,536 [1bb81a9c-1547-435f-9d81-d5fca49fbc06-groupManagement] INFO  server.RaftServerConfigKeys (ConfUtils.java:logGet(46)) - raft.server.threadpool.server.cached = true (default)
2024-01-17 07:57:13,536 [1bb81a9c-1547-435f-9d81-d5fca49fbc06-groupManagement] INFO  server.RaftServerConfigKeys (ConfUtils.java:logGet(46)) - raft.server.threadpool.server.size = 0 (default)
2024-01-17 07:57:13,536 [1bb81a9c-1547-435f-9d81-d5fca49fbc06-groupManagement] INFO  server.RaftServerConfigKeys (ConfUtils.java:logGet(46)) - raft.server.threadpool.client.cached = true (default)
2024-01-17 07:57:13,536 [1bb81a9c-1547-435f-9d81-d5fca49fbc06-groupManagement] INFO  server.RaftServerConfigKeys (ConfUtils.java:logGet(46)) - raft.server.threadpool.client.size = 0 (default)
2024-01-17 07:57:13,536 [1bb81a9c-1547-435f-9d81-d5fca49fbc06-groupManagement] INFO  server.RaftServerConfigKeys (ConfUtils.java:logGet(46)) - raft.server.storage.free-space.min = 0MB (=0) (default)
2024-01-17 07:57:13,537 [1bb81a9c-1547-435f-9d81-d5fca49fbc06-groupManagement] INFO  server.RaftServerConfigKeys (ConfUtils.java:logGet(46)) - raft.server.log.corruption.policy = EXCEPTION (default)
2024-01-17 07:57:13,537 [1bb81a9c-1547-435f-9d81-d5fca49fbc06-groupManagement] INFO  server.RaftServerConfigKeys (ConfUtils.java:logGet(46)) - raft.server.storage.dir = [/home/runner/work/ozone/ozone/hadoop-ozone/integration-test/target/test-dir/MiniOzoneClusterImpl-df80a8b8-78a2-47d1-a2cb-ee48e7cc81f7/datanode-2/data/ratis] (custom)
2024-01-17 07:57:13,537 [1bb81a9c-1547-435f-9d81-d5fca49fbc06-groupManagement] INFO  storage.RaftStorageDirectory (RaftStorageDirectoryImpl.java:analyzeStorage(138)) - The storage directory /home/runner/work/ozone/ozone/hadoop-ozone/integration-test/target/test-dir/MiniOzoneClusterImpl-df80a8b8-78a2-47d1-a2cb-ee48e7cc81f7/datanode-2/data/ratis/898a6340-e5a2-4f81-a996-8a4adbe0a429 does not exist. Creating ...
2024-01-17 07:57:13,538 [1bb81a9c-1547-435f-9d81-d5fca49fbc06-groupManagement] INFO  storage.RaftStorageDirectory (RaftStorageDirectoryImpl.java:tryLock(228)) - Lock on /home/runner/work/ozone/ozone/hadoop-ozone/integration-test/target/test-dir/MiniOzoneClusterImpl-df80a8b8-78a2-47d1-a2cb-ee48e7cc81f7/datanode-2/data/ratis/898a6340-e5a2-4f81-a996-8a4adbe0a429/in_use.lock acquired by nodename 24650@fv-az1531-837
2024-01-17 07:57:13,539 [1bb81a9c-1547-435f-9d81-d5fca49fbc06-groupManagement] INFO  storage.RaftStorage (RaftStorageImpl.java:format(99)) - Storage directory /home/runner/work/ozone/ozone/hadoop-ozone/integration-test/target/test-dir/MiniOzoneClusterImpl-df80a8b8-78a2-47d1-a2cb-ee48e7cc81f7/datanode-2/data/ratis/898a6340-e5a2-4f81-a996-8a4adbe0a429 has been successfully formatted.
2024-01-17 07:57:13,540 [1bb81a9c-1547-435f-9d81-d5fca49fbc06-groupManagement] WARN  util.FileUtils (LogUtils.java:supplyAndLog(63)) - Failed to Files.newInputStream /home/runner/work/ozone/ozone/hadoop-ozone/integration-test/target/test-dir/MiniOzoneClusterImpl-df80a8b8-78a2-47d1-a2cb-ee48e7cc81f7/datanode-2/data/ratis/898a6340-e5a2-4f81-a996-8a4adbe0a429/current/raft-meta.conf with options []: java.nio.file.NoSuchFileException: /home/runner/work/ozone/ozone/hadoop-ozone/integration-test/target/test-dir/MiniOzoneClusterImpl-df80a8b8-78a2-47d1-a2cb-ee48e7cc81f7/datanode-2/data/ratis/898a6340-e5a2-4f81-a996-8a4adbe0a429/current/raft-meta.conf
2024-01-17 07:57:13,541 [1bb81a9c-1547-435f-9d81-d5fca49fbc06-groupManagement] INFO  ratis.ContainerStateMachine (ContainerStateMachine.java:loadSnapshot(287)) - group-8A4ADBE0A429: The snapshot info is null. Setting the last applied index to:(t:0, i:~)
2024-01-17 07:57:13,541 [1bb81a9c-1547-435f-9d81-d5fca49fbc06-groupManagement] INFO  server.RaftServerConfigKeys (ConfUtils.java:logGet(46)) - raft.server.log.use.memory = false (default)
2024-01-17 07:57:13,541 [1bb81a9c-1547-435f-9d81-d5fca49fbc06-groupManagement] INFO  server.RaftServerConfigKeys (ConfUtils.java:logGet(46)) - raft.server.log.purge.gap = 1000000 (custom)
2024-01-17 07:57:13,541 [1bb81a9c-1547-435f-9d81-d5fca49fbc06-groupManagement] INFO  server.RaftServerConfigKeys (ConfUtils.java:logGet(46)) - raft.server.log.appender.buffer.byte-limit = 8388608 (custom)
2024-01-17 07:57:13,541 [1bb81a9c-1547-435f-9d81-d5fca49fbc06-groupManagement] INFO  server.RaftServerConfigKeys (ConfUtils.java:logGet(46)) - raft.server.log.statemachine.data.read.timeout = 1000ms (default)
2024-01-17 07:57:13,541 [1bb81a9c-1547-435f-9d81-d5fca49fbc06-groupManagement] INFO  server.RaftServerConfigKeys (ConfUtils.java:logGet(46)) - raft.server.log.purge.preservation.log.num = 0 (default)
2024-01-17 07:57:13,545 [1bb81a9c-1547-435f-9d81-d5fca49fbc06-groupManagement] INFO  server.RaftServerConfigKeys (ConfUtils.java:logGet(46)) - raft.server.log.segment.size.max = 67108864 (custom)
2024-01-17 07:57:13,546 [1bb81a9c-1547-435f-9d81-d5fca49fbc06-groupManagement] INFO  server.RaftServerConfigKeys (ConfUtils.java:logGet(46)) - raft.server.log.segment.cache.num.max = 2 (custom)
2024-01-17 07:57:13,546 [1bb81a9c-1547-435f-9d81-d5fca49fbc06-groupManagement] INFO  server.RaftServerConfigKeys (ConfUtils.java:logGet(46)) - raft.server.log.segment.cache.size.max = 200MB (=209715200) (default)
2024-01-17 07:57:13,546 [1bb81a9c-1547-435f-9d81-d5fca49fbc06-groupManagement] INFO  server.RaftServerConfigKeys (ConfUtils.java:logGet(46)) - raft.server.log.appender.buffer.byte-limit = 8388608 (custom)
2024-01-17 07:57:13,546 [1bb81a9c-1547-435f-9d81-d5fca49fbc06-groupManagement] INFO  util.AwaitToRun (AwaitToRun.java:start(81)) - Thread[1bb81a9c-1547-435f-9d81-d5fca49fbc06@group-8A4ADBE0A429-cacheEviction-AwaitToRun,5,main] started
2024-01-17 07:57:13,546 [1bb81a9c-1547-435f-9d81-d5fca49fbc06-groupManagement] INFO  segmented.SegmentedRaftLogWorker (SegmentedRaftLogWorker.java:<init>(182)) - new 1bb81a9c-1547-435f-9d81-d5fca49fbc06@group-8A4ADBE0A429-SegmentedRaftLogWorker for RaftStorageImpl:Storage Directory /home/runner/work/ozone/ozone/hadoop-ozone/integration-test/target/test-dir/MiniOzoneClusterImpl-df80a8b8-78a2-47d1-a2cb-ee48e7cc81f7/datanode-2/data/ratis/898a6340-e5a2-4f81-a996-8a4adbe0a429
2024-01-17 07:57:13,547 [1bb81a9c-1547-435f-9d81-d5fca49fbc06-groupManagement] INFO  server.RaftServerConfigKeys (ConfUtils.java:logGet(46)) - raft.server.log.queue.byte-limit = 4294967296 (custom)
2024-01-17 07:57:13,547 [1bb81a9c-1547-435f-9d81-d5fca49fbc06-groupManagement] INFO  server.RaftServerConfigKeys (ConfUtils.java:logGet(46)) - raft.server.log.queue.element-limit = 1024 (custom)
2024-01-17 07:57:13,547 [1bb81a9c-1547-435f-9d81-d5fca49fbc06-groupManagement] INFO  server.RaftServerConfigKeys (ConfUtils.java:logGet(46)) - raft.server.log.segment.size.max = 67108864 (custom)
2024-01-17 07:57:13,547 [1bb81a9c-1547-435f-9d81-d5fca49fbc06-groupManagement] INFO  server.RaftServerConfigKeys (ConfUtils.java:logGet(46)) - raft.server.log.preallocated.size = 4194304 (custom)
2024-01-17 07:57:13,547 [1bb81a9c-1547-435f-9d81-d5fca49fbc06-groupManagement] INFO  server.RaftServerConfigKeys (ConfUtils.java:logGet(46)) - raft.server.log.force.sync.num = 128 (default)
2024-01-17 07:57:13,547 [1bb81a9c-1547-435f-9d81-d5fca49fbc06-groupManagement] INFO  server.RaftServerConfigKeys (ConfUtils.java:logGet(46)) - raft.server.log.statemachine.data.sync = true (default)
2024-01-17 07:57:13,547 [1bb81a9c-1547-435f-9d81-d5fca49fbc06-groupManagement] INFO  server.RaftServerConfigKeys (ConfUtils.java:logGet(46)) - raft.server.log.statemachine.data.sync.timeout = 10s (default)
2024-01-17 07:57:13,547 [1bb81a9c-1547-435f-9d81-d5fca49fbc06-groupManagement] INFO  server.RaftServerConfigKeys (ConfUtils.java:logGet(46)) - raft.server.log.statemachine.data.sync.timeout.retry = 0 (custom)
2024-01-17 07:57:13,548 [1bb81a9c-1547-435f-9d81-d5fca49fbc06-groupManagement] INFO  server.RaftServerConfigKeys (ConfUtils.java:logGet(46)) - raft.server.log.write.buffer.size = 8388616 (custom)
2024-01-17 07:57:13,550 [1bb81a9c-1547-435f-9d81-d5fca49fbc06-groupManagement] INFO  server.RaftServerConfigKeys (ConfUtils.java:logGet(46)) - raft.server.log.appender.buffer.byte-limit = 8388608 (custom)
2024-01-17 07:57:13,550 [1bb81a9c-1547-435f-9d81-d5fca49fbc06-groupManagement] INFO  server.RaftServerConfigKeys (ConfUtils.java:logGet(46)) - raft.server.log.unsafe-flush.enabled = false (default)
2024-01-17 07:57:13,550 [1bb81a9c-1547-435f-9d81-d5fca49fbc06-groupManagement] INFO  server.RaftServerConfigKeys (ConfUtils.java:logGet(46)) - raft.server.log.async-flush.enabled = false (default)
2024-01-17 07:57:13,550 [1bb81a9c-1547-435f-9d81-d5fca49fbc06-groupManagement] INFO  server.RaftServerConfigKeys (ConfUtils.java:logGet(46)) - raft.server.log.statemachine.data.caching.enabled = true (custom)
2024-01-17 07:57:13,550 [1bb81a9c-1547-435f-9d81-d5fca49fbc06-groupManagement] INFO  segmented.SegmentedRaftLogWorker (SegmentedRaftLogWorker.java:lambda$new$0(134)) - 1bb81a9c-1547-435f-9d81-d5fca49fbc06@group-8A4ADBE0A429-SegmentedRaftLogWorker: flushIndex: setUnconditionally 0 -> -1
2024-01-17 07:57:13,550 [1bb81a9c-1547-435f-9d81-d5fca49fbc06-groupManagement] INFO  segmented.SegmentedRaftLogWorker (SegmentedRaftLogWorker.java:lambda$new$0(134)) - 1bb81a9c-1547-435f-9d81-d5fca49fbc06@group-8A4ADBE0A429-SegmentedRaftLogWorker: safeCacheEvictIndex: setUnconditionally 0 -> -1
2024-01-17 07:57:13,559 [1bb81a9c-1547-435f-9d81-d5fca49fbc06-groupManagement] INFO  server.RaftServer$Division (RaftServerImpl.java:start(396)) - 1bb81a9c-1547-435f-9d81-d5fca49fbc06@group-8A4ADBE0A429: start as a follower, conf=-1: peers:[e98e7f84-7e90-42c0-bf2b-bf94ba8f7864|10.1.0.6:15014, 597b9f4b-0aac-4425-bf2d-48884e3709f6|10.1.0.6:15023, 1bb81a9c-1547-435f-9d81-d5fca49fbc06|10.1.0.6:15032]|listeners:[], old=null
2024-01-17 07:57:13,559 [1bb81a9c-1547-435f-9d81-d5fca49fbc06-groupManagement] INFO  server.RaftServer$Division (RaftServerImpl.java:setRole(383)) - 1bb81a9c-1547-435f-9d81-d5fca49fbc06@group-8A4ADBE0A429: changes role from      null to FOLLOWER at term 0 for startAsFollower
2024-01-17 07:57:13,559 [1bb81a9c-1547-435f-9d81-d5fca49fbc06-groupManagement] INFO  impl.RoleInfo (RoleInfo.java:updateAndGet(139)) - 1bb81a9c-1547-435f-9d81-d5fca49fbc06: start 1bb81a9c-1547-435f-9d81-d5fca49fbc06@group-8A4ADBE0A429-FollowerState
2024-01-17 07:57:13,563 [1bb81a9c-1547-435f-9d81-d5fca49fbc06-groupManagement] INFO  util.JmxRegister (JmxRegister.java:tryRegister(44)) - Successfully registered JMX Bean with object name Ratis:service=RaftServer,group=group-8A4ADBE0A429,id=1bb81a9c-1547-435f-9d81-d5fca49fbc06
2024-01-17 07:57:13,563 [1bb81a9c-1547-435f-9d81-d5fca49fbc06-groupManagement] INFO  server.RaftServerConfigKeys (ConfUtils.java:logGet(46)) - raft.server.snapshot.trigger-when-stop.enabled = true (default)
2024-01-17 07:57:13,563 [1bb81a9c-1547-435f-9d81-d5fca49fbc06-groupManagement] INFO  server.RaftServerConfigKeys (ConfUtils.java:logGet(46)) - raft.server.snapshot.auto.trigger.enabled = true (custom)
2024-01-17 07:57:13,563 [1bb81a9c-1547-435f-9d81-d5fca49fbc06-groupManagement] INFO  server.RaftServerConfigKeys (ConfUtils.java:logGet(46)) - raft.server.snapshot.auto.trigger.threshold = 10000 (custom)
2024-01-17 07:57:13,563 [1bb81a9c-1547-435f-9d81-d5fca49fbc06-groupManagement] INFO  server.RaftServerConfigKeys (ConfUtils.java:logGet(46)) - raft.server.snapshot.retention.file.num = 5 (custom)
2024-01-17 07:57:13,563 [1bb81a9c-1547-435f-9d81-d5fca49fbc06-groupManagement] INFO  server.RaftServerConfigKeys (ConfUtils.java:logGet(46)) - raft.server.log.purge.upto.snapshot.index = false (default)
2024-01-17 07:57:13,563 [1bb81a9c-1547-435f-9d81-d5fca49fbc06@group-8A4ADBE0A429-FollowerState] INFO  server.RaftServerConfigKeys (ConfUtils.java:logFallback(53)) - raft.server.rpc.first-election.timeout.min = 5s (fallback to raft.server.rpc.timeout.min)
2024-01-17 07:57:13,567 [1bb81a9c-1547-435f-9d81-d5fca49fbc06@group-8A4ADBE0A429-FollowerState] INFO  server.RaftServerConfigKeys (ConfUtils.java:logFallback(53)) - raft.server.rpc.first-election.timeout.max = 5200ms (fallback to raft.server.rpc.timeout.max)
2024-01-17 07:57:13,580 [1bb81a9c-1547-435f-9d81-d5fca49fbc06-PipelineCommandHandlerThread-0] INFO  ratis.XceiverServerRatis (XceiverServerRatis.java:addGroup(842)) - Created group PipelineID=898a6340-e5a2-4f81-a996-8a4adbe0a429
2024-01-17 07:57:13,656 [4f4a0cbc-a9eb-44f0-8d97-06326de93701-PipelineCommandHandlerThread-0] INFO  server.RaftServer (RaftServerProxy.java:addNew(100)) - 4f4a0cbc-a9eb-44f0-8d97-06326de93701: addNew group-5156236736A0:[4f4a0cbc-a9eb-44f0-8d97-06326de93701|10.1.0.6:15041, 8d67fbbe-ad76-4934-bcfb-c8cae0dbbecb|10.1.0.6:15059, 0f18b96a-e4aa-46f4-b611-a6948cf06a42|10.1.0.6:15050] returns group-5156236736A0:java.util.concurrent.CompletableFuture@41d5a65e[Not completed]
2024-01-17 07:57:13,657 [4f4a0cbc-a9eb-44f0-8d97-06326de93701-groupManagement] INFO  server.RaftServer$Division (RaftServerImpl.java:<init>(256)) - 4f4a0cbc-a9eb-44f0-8d97-06326de93701: new RaftServerImpl for group-5156236736A0:[4f4a0cbc-a9eb-44f0-8d97-06326de93701|10.1.0.6:15041, 8d67fbbe-ad76-4934-bcfb-c8cae0dbbecb|10.1.0.6:15059, 0f18b96a-e4aa-46f4-b611-a6948cf06a42|10.1.0.6:15050] with ContainerStateMachine:uninitialized
2024-01-17 07:57:13,657 [4f4a0cbc-a9eb-44f0-8d97-06326de93701-groupManagement] INFO  server.RaftServerConfigKeys (ConfUtils.java:logGet(46)) - raft.server.rpc.timeout.min = 5s (custom)
2024-01-17 07:57:13,657 [4f4a0cbc-a9eb-44f0-8d97-06326de93701-groupManagement] INFO  server.RaftServerConfigKeys (ConfUtils.java:logGet(46)) - raft.server.rpc.timeout.max = 5200ms (custom)
2024-01-17 07:57:13,657 [4f4a0cbc-a9eb-44f0-8d97-06326de93701-groupManagement] INFO  server.RaftServerConfigKeys (ConfUtils.java:logGet(46)) - raft.server.rpc.sleep.time = 25ms (default)
2024-01-17 07:57:13,658 [4f4a0cbc-a9eb-44f0-8d97-06326de93701-groupManagement] INFO  server.RaftServerConfigKeys (ConfUtils.java:logGet(46)) - raft.server.rpc.slowness.timeout = 300s (custom)
2024-01-17 07:57:13,658 [4f4a0cbc-a9eb-44f0-8d97-06326de93701-groupManagement] INFO  server.RaftServerConfigKeys (ConfUtils.java:logGet(46)) - raft.server.leaderelection.leader.step-down.wait-time = 10s (default)
2024-01-17 07:57:13,658 [4f4a0cbc-a9eb-44f0-8d97-06326de93701-groupManagement] INFO  server.RaftServerConfigKeys (ConfUtils.java:logGet(46)) - raft.server.leaderelection.member.majority-add = false (default)
2024-01-17 07:57:13,658 [4f4a0cbc-a9eb-44f0-8d97-06326de93701-groupManagement] INFO  server.RaftServerConfigKeys (ConfUtils.java:logGet(46)) - raft.server.sleep.deviation.threshold = 300ms (default)
2024-01-17 07:57:13,658 [4f4a0cbc-a9eb-44f0-8d97-06326de93701-groupManagement] INFO  server.RaftServer$Division (ServerState.java:<init>(113)) - 4f4a0cbc-a9eb-44f0-8d97-06326de93701@group-5156236736A0: ConfigurationManager, init=-1: peers:[4f4a0cbc-a9eb-44f0-8d97-06326de93701|10.1.0.6:15041, 8d67fbbe-ad76-4934-bcfb-c8cae0dbbecb|10.1.0.6:15059, 0f18b96a-e4aa-46f4-b611-a6948cf06a42|10.1.0.6:15050]|listeners:[], old=null, confs=<EMPTY_MAP>
2024-01-17 07:57:13,658 [4f4a0cbc-a9eb-44f0-8d97-06326de93701-groupManagement] INFO  server.RaftServerConfigKeys (ConfUtils.java:logGet(46)) - raft.server.notification.no-leader.timeout = 300s (custom)
2024-01-17 07:57:13,658 [4f4a0cbc-a9eb-44f0-8d97-06326de93701-groupManagement] INFO  server.RaftServerConfigKeys (ConfUtils.java:logGet(46)) - raft.server.read.timeout = 10s (default)
2024-01-17 07:57:13,658 [4f4a0cbc-a9eb-44f0-8d97-06326de93701-groupManagement] INFO  server.RaftServerConfigKeys (ConfUtils.java:logGet(46)) - raft.server.retrycache.expirytime = 600000ms (custom)
2024-01-17 07:57:13,658 [4f4a0cbc-a9eb-44f0-8d97-06326de93701-groupManagement] INFO  server.RaftServerConfigKeys (ConfUtils.java:logGet(46)) - raft.server.retrycache.statistics.expirytime = 100ms (default)
2024-01-17 07:57:13,658 [4f4a0cbc-a9eb-44f0-8d97-06326de93701-groupManagement] INFO  server.RaftServerConfigKeys (ConfUtils.java:logGet(46)) - raft.server.read.option = DEFAULT (default)
2024-01-17 07:57:13,659 [4f4a0cbc-a9eb-44f0-8d97-06326de93701-groupManagement] INFO  server.RaftServerConfigKeys (ConfUtils.java:logGet(46)) - raft.server.read.read-after-write-consistent.write-index-cache.expiry-time = 60s (default)
2024-01-17 07:57:13,665 [4f4a0cbc-a9eb-44f0-8d97-06326de93701-groupManagement] INFO  server.RaftServerConfigKeys (ConfUtils.java:logGet(46)) - raft.server.rpc.request.timeout = 60s (custom)
2024-01-17 07:57:13,669 [4f4a0cbc-a9eb-44f0-8d97-06326de93701-groupManagement] INFO  server.RaftServerConfigKeys (ConfUtils.java:logGet(46)) - raft.server.log.appender.install.snapshot.enabled = false (custom)
2024-01-17 07:57:13,669 [4f4a0cbc-a9eb-44f0-8d97-06326de93701-groupManagement] INFO  server.RaftServerConfigKeys (ConfUtils.java:logGet(46)) - raft.server.threadpool.server.cached = true (default)
2024-01-17 07:57:13,670 [4f4a0cbc-a9eb-44f0-8d97-06326de93701-groupManagement] INFO  server.RaftServerConfigKeys (ConfUtils.java:logGet(46)) - raft.server.threadpool.server.size = 0 (default)
2024-01-17 07:57:13,670 [4f4a0cbc-a9eb-44f0-8d97-06326de93701-groupManagement] INFO  server.RaftServerConfigKeys (ConfUtils.java:logGet(46)) - raft.server.threadpool.client.cached = true (default)
2024-01-17 07:57:13,670 [4f4a0cbc-a9eb-44f0-8d97-06326de93701-groupManagement] INFO  server.RaftServerConfigKeys (ConfUtils.java:logGet(46)) - raft.server.threadpool.client.size = 0 (default)
2024-01-17 07:57:13,671 [4f4a0cbc-a9eb-44f0-8d97-06326de93701-groupManagement] INFO  server.RaftServerConfigKeys (ConfUtils.java:logGet(46)) - raft.server.storage.free-space.min = 0MB (=0) (default)
2024-01-17 07:57:13,671 [4f4a0cbc-a9eb-44f0-8d97-06326de93701-groupManagement] INFO  server.RaftServerConfigKeys (ConfUtils.java:logGet(46)) - raft.server.log.corruption.policy = EXCEPTION (default)
2024-01-17 07:57:13,672 [4f4a0cbc-a9eb-44f0-8d97-06326de93701-groupManagement] INFO  server.RaftServerConfigKeys (ConfUtils.java:logGet(46)) - raft.server.storage.dir = [/home/runner/work/ozone/ozone/hadoop-ozone/integration-test/target/test-dir/MiniOzoneClusterImpl-df80a8b8-78a2-47d1-a2cb-ee48e7cc81f7/datanode-3/data/ratis] (custom)
2024-01-17 07:57:13,672 [4f4a0cbc-a9eb-44f0-8d97-06326de93701-groupManagement] INFO  storage.RaftStorageDirectory (RaftStorageDirectoryImpl.java:analyzeStorage(138)) - The storage directory /home/runner/work/ozone/ozone/hadoop-ozone/integration-test/target/test-dir/MiniOzoneClusterImpl-df80a8b8-78a2-47d1-a2cb-ee48e7cc81f7/datanode-3/data/ratis/6138af88-ca2e-4b90-8a8e-5156236736a0 does not exist. Creating ...
2024-01-17 07:57:13,674 [4f4a0cbc-a9eb-44f0-8d97-06326de93701-groupManagement] INFO  storage.RaftStorageDirectory (RaftStorageDirectoryImpl.java:tryLock(228)) - Lock on /home/runner/work/ozone/ozone/hadoop-ozone/integration-test/target/test-dir/MiniOzoneClusterImpl-df80a8b8-78a2-47d1-a2cb-ee48e7cc81f7/datanode-3/data/ratis/6138af88-ca2e-4b90-8a8e-5156236736a0/in_use.lock acquired by nodename 24650@fv-az1531-837
2024-01-17 07:57:13,675 [4f4a0cbc-a9eb-44f0-8d97-06326de93701-groupManagement] INFO  storage.RaftStorage (RaftStorageImpl.java:format(99)) - Storage directory /home/runner/work/ozone/ozone/hadoop-ozone/integration-test/target/test-dir/MiniOzoneClusterImpl-df80a8b8-78a2-47d1-a2cb-ee48e7cc81f7/datanode-3/data/ratis/6138af88-ca2e-4b90-8a8e-5156236736a0 has been successfully formatted.
2024-01-17 07:57:13,676 [4f4a0cbc-a9eb-44f0-8d97-06326de93701-groupManagement] WARN  util.FileUtils (LogUtils.java:supplyAndLog(63)) - Failed to Files.newInputStream /home/runner/work/ozone/ozone/hadoop-ozone/integration-test/target/test-dir/MiniOzoneClusterImpl-df80a8b8-78a2-47d1-a2cb-ee48e7cc81f7/datanode-3/data/ratis/6138af88-ca2e-4b90-8a8e-5156236736a0/current/raft-meta.conf with options []: java.nio.file.NoSuchFileException: /home/runner/work/ozone/ozone/hadoop-ozone/integration-test/target/test-dir/MiniOzoneClusterImpl-df80a8b8-78a2-47d1-a2cb-ee48e7cc81f7/datanode-3/data/ratis/6138af88-ca2e-4b90-8a8e-5156236736a0/current/raft-meta.conf
2024-01-17 07:57:13,680 [4f4a0cbc-a9eb-44f0-8d97-06326de93701-groupManagement] INFO  ratis.ContainerStateMachine (ContainerStateMachine.java:loadSnapshot(287)) - group-5156236736A0: The snapshot info is null. Setting the last applied index to:(t:0, i:~)
2024-01-17 07:57:13,680 [4f4a0cbc-a9eb-44f0-8d97-06326de93701-groupManagement] INFO  server.RaftServerConfigKeys (ConfUtils.java:logGet(46)) - raft.server.log.use.memory = false (default)
2024-01-17 07:57:13,681 [4f4a0cbc-a9eb-44f0-8d97-06326de93701-groupManagement] INFO  server.RaftServerConfigKeys (ConfUtils.java:logGet(46)) - raft.server.log.purge.gap = 1000000 (custom)
2024-01-17 07:57:13,681 [4f4a0cbc-a9eb-44f0-8d97-06326de93701-groupManagement] INFO  server.RaftServerConfigKeys (ConfUtils.java:logGet(46)) - raft.server.log.appender.buffer.byte-limit = 8388608 (custom)
2024-01-17 07:57:13,681 [4f4a0cbc-a9eb-44f0-8d97-06326de93701-groupManagement] INFO  server.RaftServerConfigKeys (ConfUtils.java:logGet(46)) - raft.server.log.statemachine.data.read.timeout = 1000ms (default)
2024-01-17 07:57:13,682 [4f4a0cbc-a9eb-44f0-8d97-06326de93701-groupManagement] INFO  server.RaftServerConfigKeys (ConfUtils.java:logGet(46)) - raft.server.log.purge.preservation.log.num = 0 (default)
2024-01-17 07:57:13,688 [4f4a0cbc-a9eb-44f0-8d97-06326de93701-groupManagement] INFO  server.RaftServerConfigKeys (ConfUtils.java:logGet(46)) - raft.server.log.segment.size.max = 67108864 (custom)
2024-01-17 07:57:13,689 [4f4a0cbc-a9eb-44f0-8d97-06326de93701-groupManagement] INFO  server.RaftServerConfigKeys (ConfUtils.java:logGet(46)) - raft.server.log.segment.cache.num.max = 2 (custom)
2024-01-17 07:57:13,690 [4f4a0cbc-a9eb-44f0-8d97-06326de93701-groupManagement] INFO  server.RaftServerConfigKeys (ConfUtils.java:logGet(46)) - raft.server.log.segment.cache.size.max = 200MB (=209715200) (default)
2024-01-17 07:57:13,690 [4f4a0cbc-a9eb-44f0-8d97-06326de93701-groupManagement] INFO  server.RaftServerConfigKeys (ConfUtils.java:logGet(46)) - raft.server.log.appender.buffer.byte-limit = 8388608 (custom)
2024-01-17 07:57:13,691 [4f4a0cbc-a9eb-44f0-8d97-06326de93701-groupManagement] INFO  util.AwaitToRun (AwaitToRun.java:start(81)) - Thread[4f4a0cbc-a9eb-44f0-8d97-06326de93701@group-5156236736A0-cacheEviction-AwaitToRun,5,main] started
2024-01-17 07:57:13,692 [4f4a0cbc-a9eb-44f0-8d97-06326de93701-groupManagement] INFO  segmented.SegmentedRaftLogWorker (SegmentedRaftLogWorker.java:<init>(182)) - new 4f4a0cbc-a9eb-44f0-8d97-06326de93701@group-5156236736A0-SegmentedRaftLogWorker for RaftStorageImpl:Storage Directory /home/runner/work/ozone/ozone/hadoop-ozone/integration-test/target/test-dir/MiniOzoneClusterImpl-df80a8b8-78a2-47d1-a2cb-ee48e7cc81f7/datanode-3/data/ratis/6138af88-ca2e-4b90-8a8e-5156236736a0
2024-01-17 07:57:13,693 [4f4a0cbc-a9eb-44f0-8d97-06326de93701-groupManagement] INFO  server.RaftServerConfigKeys (ConfUtils.java:logGet(46)) - raft.server.log.queue.byte-limit = 4294967296 (custom)
2024-01-17 07:57:13,693 [4f4a0cbc-a9eb-44f0-8d97-06326de93701-groupManagement] INFO  server.RaftServerConfigKeys (ConfUtils.java:logGet(46)) - raft.server.log.queue.element-limit = 1024 (custom)
2024-01-17 07:57:13,693 [4f4a0cbc-a9eb-44f0-8d97-06326de93701-groupManagement] INFO  server.RaftServerConfigKeys (ConfUtils.java:logGet(46)) - raft.server.log.segment.size.max = 67108864 (custom)
2024-01-17 07:57:13,694 [4f4a0cbc-a9eb-44f0-8d97-06326de93701-groupManagement] INFO  server.RaftServerConfigKeys (ConfUtils.java:logGet(46)) - raft.server.log.preallocated.size = 4194304 (custom)
2024-01-17 07:57:13,694 [4f4a0cbc-a9eb-44f0-8d97-06326de93701-groupManagement] INFO  server.RaftServerConfigKeys (ConfUtils.java:logGet(46)) - raft.server.log.force.sync.num = 128 (default)
2024-01-17 07:57:13,694 [4f4a0cbc-a9eb-44f0-8d97-06326de93701-groupManagement] INFO  server.RaftServerConfigKeys (ConfUtils.java:logGet(46)) - raft.server.log.statemachine.data.sync = true (default)
2024-01-17 07:57:13,695 [4f4a0cbc-a9eb-44f0-8d97-06326de93701-groupManagement] INFO  server.RaftServerConfigKeys (ConfUtils.java:logGet(46)) - raft.server.log.statemachine.data.sync.timeout = 10s (default)
2024-01-17 07:57:13,695 [4f4a0cbc-a9eb-44f0-8d97-06326de93701-groupManagement] INFO  server.RaftServerConfigKeys (ConfUtils.java:logGet(46)) - raft.server.log.statemachine.data.sync.timeout.retry = 0 (custom)
2024-01-17 07:57:13,702 [4f4a0cbc-a9eb-44f0-8d97-06326de93701-groupManagement] INFO  server.RaftServerConfigKeys (ConfUtils.java:logGet(46)) - raft.server.log.write.buffer.size = 8388616 (custom)
2024-01-17 07:57:13,707 [4f4a0cbc-a9eb-44f0-8d97-06326de93701-groupManagement] INFO  server.RaftServerConfigKeys (ConfUtils.java:logGet(46)) - raft.server.log.appender.buffer.byte-limit = 8388608 (custom)
2024-01-17 07:57:13,707 [4f4a0cbc-a9eb-44f0-8d97-06326de93701-groupManagement] INFO  server.RaftServerConfigKeys (ConfUtils.java:logGet(46)) - raft.server.log.unsafe-flush.enabled = false (default)
2024-01-17 07:57:13,708 [4f4a0cbc-a9eb-44f0-8d97-06326de93701-groupManagement] INFO  server.RaftServerConfigKeys (ConfUtils.java:logGet(46)) - raft.server.log.async-flush.enabled = false (default)
2024-01-17 07:57:13,708 [4f4a0cbc-a9eb-44f0-8d97-06326de93701-groupManagement] INFO  server.RaftServerConfigKeys (ConfUtils.java:logGet(46)) - raft.server.log.statemachine.data.caching.enabled = true (custom)
2024-01-17 07:57:13,708 [4f4a0cbc-a9eb-44f0-8d97-06326de93701-groupManagement] INFO  segmented.SegmentedRaftLogWorker (SegmentedRaftLogWorker.java:lambda$new$0(134)) - 4f4a0cbc-a9eb-44f0-8d97-06326de93701@group-5156236736A0-SegmentedRaftLogWorker: flushIndex: setUnconditionally 0 -> -1
2024-01-17 07:57:13,709 [4f4a0cbc-a9eb-44f0-8d97-06326de93701-groupManagement] INFO  segmented.SegmentedRaftLogWorker (SegmentedRaftLogWorker.java:lambda$new$0(134)) - 4f4a0cbc-a9eb-44f0-8d97-06326de93701@group-5156236736A0-SegmentedRaftLogWorker: safeCacheEvictIndex: setUnconditionally 0 -> -1
2024-01-17 07:57:13,709 [4f4a0cbc-a9eb-44f0-8d97-06326de93701-groupManagement] INFO  server.RaftServer$Division (RaftServerImpl.java:start(396)) - 4f4a0cbc-a9eb-44f0-8d97-06326de93701@group-5156236736A0: start as a follower, conf=-1: peers:[4f4a0cbc-a9eb-44f0-8d97-06326de93701|10.1.0.6:15041, 8d67fbbe-ad76-4934-bcfb-c8cae0dbbecb|10.1.0.6:15059, 0f18b96a-e4aa-46f4-b611-a6948cf06a42|10.1.0.6:15050]|listeners:[], old=null
2024-01-17 07:57:13,709 [4f4a0cbc-a9eb-44f0-8d97-06326de93701-groupManagement] INFO  server.RaftServer$Division (RaftServerImpl.java:setRole(383)) - 4f4a0cbc-a9eb-44f0-8d97-06326de93701@group-5156236736A0: changes role from      null to FOLLOWER at term 0 for startAsFollower
2024-01-17 07:57:13,709 [4f4a0cbc-a9eb-44f0-8d97-06326de93701-groupManagement] INFO  impl.RoleInfo (RoleInfo.java:updateAndGet(139)) - 4f4a0cbc-a9eb-44f0-8d97-06326de93701: start 4f4a0cbc-a9eb-44f0-8d97-06326de93701@group-5156236736A0-FollowerState
2024-01-17 07:57:13,710 [4f4a0cbc-a9eb-44f0-8d97-06326de93701@group-5156236736A0-FollowerState] INFO  server.RaftServerConfigKeys (ConfUtils.java:logFallback(53)) - raft.server.rpc.first-election.timeout.min = 5s (fallback to raft.server.rpc.timeout.min)
2024-01-17 07:57:13,710 [4f4a0cbc-a9eb-44f0-8d97-06326de93701@group-5156236736A0-FollowerState] INFO  server.RaftServerConfigKeys (ConfUtils.java:logFallback(53)) - raft.server.rpc.first-election.timeout.max = 5200ms (fallback to raft.server.rpc.timeout.max)
2024-01-17 07:57:13,710 [4f4a0cbc-a9eb-44f0-8d97-06326de93701-groupManagement] INFO  util.JmxRegister (JmxRegister.java:tryRegister(44)) - Successfully registered JMX Bean with object name Ratis:service=RaftServer,group=group-5156236736A0,id=4f4a0cbc-a9eb-44f0-8d97-06326de93701
2024-01-17 07:57:13,711 [4f4a0cbc-a9eb-44f0-8d97-06326de93701-groupManagement] INFO  server.RaftServerConfigKeys (ConfUtils.java:logGet(46)) - raft.server.snapshot.trigger-when-stop.enabled = true (default)
2024-01-17 07:57:13,711 [4f4a0cbc-a9eb-44f0-8d97-06326de93701-groupManagement] INFO  server.RaftServerConfigKeys (ConfUtils.java:logGet(46)) - raft.server.snapshot.auto.trigger.enabled = true (custom)
2024-01-17 07:57:13,711 [4f4a0cbc-a9eb-44f0-8d97-06326de93701-groupManagement] INFO  server.RaftServerConfigKeys (ConfUtils.java:logGet(46)) - raft.server.snapshot.auto.trigger.threshold = 10000 (custom)
2024-01-17 07:57:13,711 [4f4a0cbc-a9eb-44f0-8d97-06326de93701-groupManagement] INFO  server.RaftServerConfigKeys (ConfUtils.java:logGet(46)) - raft.server.snapshot.retention.file.num = 5 (custom)
2024-01-17 07:57:13,711 [4f4a0cbc-a9eb-44f0-8d97-06326de93701-groupManagement] INFO  server.RaftServerConfigKeys (ConfUtils.java:logGet(46)) - raft.server.log.purge.upto.snapshot.index = false (default)
2024-01-17 07:57:13,713 [4f4a0cbc-a9eb-44f0-8d97-06326de93701-PipelineCommandHandlerThread-0] INFO  ratis.XceiverServerRatis (XceiverServerRatis.java:addGroup(842)) - Created group PipelineID=6138af88-ca2e-4b90-8a8e-5156236736a0
2024-01-17 07:57:13,843 [grpc-default-executor-3] INFO  server.RaftServer (RaftServerProxy.java:addNew(100)) - 0f18b96a-e4aa-46f4-b611-a6948cf06a42: addNew group-5156236736A0:[4f4a0cbc-a9eb-44f0-8d97-06326de93701|10.1.0.6:15041, 8d67fbbe-ad76-4934-bcfb-c8cae0dbbecb|10.1.0.6:15059, 0f18b96a-e4aa-46f4-b611-a6948cf06a42|10.1.0.6:15050] returns group-5156236736A0:java.util.concurrent.CompletableFuture@264fefba[Not completed]
2024-01-17 07:57:13,845 [0f18b96a-e4aa-46f4-b611-a6948cf06a42-groupManagement] INFO  server.RaftServer$Division (RaftServerImpl.java:<init>(256)) - 0f18b96a-e4aa-46f4-b611-a6948cf06a42: new RaftServerImpl for group-5156236736A0:[4f4a0cbc-a9eb-44f0-8d97-06326de93701|10.1.0.6:15041, 8d67fbbe-ad76-4934-bcfb-c8cae0dbbecb|10.1.0.6:15059, 0f18b96a-e4aa-46f4-b611-a6948cf06a42|10.1.0.6:15050] with ContainerStateMachine:uninitialized
2024-01-17 07:57:13,845 [0f18b96a-e4aa-46f4-b611-a6948cf06a42-groupManagement] INFO  server.RaftServerConfigKeys (ConfUtils.java:logGet(46)) - raft.server.rpc.timeout.min = 5s (custom)
2024-01-17 07:57:13,845 [0f18b96a-e4aa-46f4-b611-a6948cf06a42-groupManagement] INFO  server.RaftServerConfigKeys (ConfUtils.java:logGet(46)) - raft.server.rpc.timeout.max = 5200ms (custom)
2024-01-17 07:57:13,845 [0f18b96a-e4aa-46f4-b611-a6948cf06a42-groupManagement] INFO  server.RaftServerConfigKeys (ConfUtils.java:logGet(46)) - raft.server.rpc.sleep.time = 25ms (default)
2024-01-17 07:57:13,845 [0f18b96a-e4aa-46f4-b611-a6948cf06a42-groupManagement] INFO  server.RaftServerConfigKeys (ConfUtils.java:logGet(46)) - raft.server.rpc.slowness.timeout = 300s (custom)
2024-01-17 07:57:13,845 [0f18b96a-e4aa-46f4-b611-a6948cf06a42-groupManagement] INFO  server.RaftServerConfigKeys (ConfUtils.java:logGet(46)) - raft.server.leaderelection.leader.step-down.wait-time = 10s (default)
2024-01-17 07:57:13,845 [0f18b96a-e4aa-46f4-b611-a6948cf06a42-groupManagement] INFO  server.RaftServerConfigKeys (ConfUtils.java:logGet(46)) - raft.server.leaderelection.member.majority-add = false (default)
2024-01-17 07:57:13,845 [0f18b96a-e4aa-46f4-b611-a6948cf06a42-groupManagement] INFO  server.RaftServerConfigKeys (ConfUtils.java:logGet(46)) - raft.server.sleep.deviation.threshold = 300ms (default)
2024-01-17 07:57:13,845 [0f18b96a-e4aa-46f4-b611-a6948cf06a42-groupManagement] INFO  server.RaftServer$Division (ServerState.java:<init>(113)) - 0f18b96a-e4aa-46f4-b611-a6948cf06a42@group-5156236736A0: ConfigurationManager, init=-1: peers:[4f4a0cbc-a9eb-44f0-8d97-06326de93701|10.1.0.6:15041, 8d67fbbe-ad76-4934-bcfb-c8cae0dbbecb|10.1.0.6:15059, 0f18b96a-e4aa-46f4-b611-a6948cf06a42|10.1.0.6:15050]|listeners:[], old=null, confs=<EMPTY_MAP>
2024-01-17 07:57:13,845 [0f18b96a-e4aa-46f4-b611-a6948cf06a42-groupManagement] INFO  server.RaftServerConfigKeys (ConfUtils.java:logGet(46)) - raft.server.notification.no-leader.timeout = 300s (custom)
2024-01-17 07:57:13,845 [0f18b96a-e4aa-46f4-b611-a6948cf06a42-groupManagement] INFO  server.RaftServerConfigKeys (ConfUtils.java:logGet(46)) - raft.server.read.timeout = 10s (default)
2024-01-17 07:57:13,846 [0f18b96a-e4aa-46f4-b611-a6948cf06a42-groupManagement] INFO  server.RaftServerConfigKeys (ConfUtils.java:logGet(46)) - raft.server.retrycache.expirytime = 600000ms (custom)
2024-01-17 07:57:13,846 [0f18b96a-e4aa-46f4-b611-a6948cf06a42-groupManagement] INFO  server.RaftServerConfigKeys (ConfUtils.java:logGet(46)) - raft.server.retrycache.statistics.expirytime = 100ms (default)
2024-01-17 07:57:13,846 [0f18b96a-e4aa-46f4-b611-a6948cf06a42-groupManagement] INFO  server.RaftServerConfigKeys (ConfUtils.java:logGet(46)) - raft.server.read.option = DEFAULT (default)
2024-01-17 07:57:13,846 [0f18b96a-e4aa-46f4-b611-a6948cf06a42-groupManagement] INFO  server.RaftServerConfigKeys (ConfUtils.java:logGet(46)) - raft.server.read.read-after-write-consistent.write-index-cache.expiry-time = 60s (default)
2024-01-17 07:57:13,856 [0f18b96a-e4aa-46f4-b611-a6948cf06a42-PipelineCommandHandlerThread-0] INFO  server.RaftServer (RaftServerProxy.java:addNew(100)) - 0f18b96a-e4aa-46f4-b611-a6948cf06a42: addNew group-FE8B27BBD9EC:[4f4a0cbc-a9eb-44f0-8d97-06326de93701|10.1.0.6:15041, 8d67fbbe-ad76-4934-bcfb-c8cae0dbbecb|10.1.0.6:15059, 0f18b96a-e4aa-46f4-b611-a6948cf06a42|10.1.0.6:15050] returns group-FE8B27BBD9EC:java.util.concurrent.CompletableFuture@50724ede[Not completed]
2024-01-17 07:57:13,869 [0f18b96a-e4aa-46f4-b611-a6948cf06a42-groupManagement] INFO  server.RaftServerConfigKeys (ConfUtils.java:logGet(46)) - raft.server.rpc.request.timeout = 60s (custom)
2024-01-17 07:57:13,869 [0f18b96a-e4aa-46f4-b611-a6948cf06a42-groupManagement] INFO  server.RaftServerConfigKeys (ConfUtils.java:logGet(46)) - raft.server.log.appender.install.snapshot.enabled = false (custom)
2024-01-17 07:57:13,869 [0f18b96a-e4aa-46f4-b611-a6948cf06a42-groupManagement] INFO  server.RaftServerConfigKeys (ConfUtils.java:logGet(46)) - raft.server.threadpool.server.cached = true (default)
2024-01-17 07:57:13,869 [0f18b96a-e4aa-46f4-b611-a6948cf06a42-groupManagement] INFO  server.RaftServerConfigKeys (ConfUtils.java:logGet(46)) - raft.server.threadpool.server.size = 0 (default)
2024-01-17 07:57:13,870 [0f18b96a-e4aa-46f4-b611-a6948cf06a42-groupManagement] INFO  server.RaftServerConfigKeys (ConfUtils.java:logGet(46)) - raft.server.threadpool.client.cached = true (default)
2024-01-17 07:57:13,870 [0f18b96a-e4aa-46f4-b611-a6948cf06a42-groupManagement] INFO  server.RaftServerConfigKeys (ConfUtils.java:logGet(46)) - raft.server.threadpool.client.size = 0 (default)
2024-01-17 07:57:13,880 [0f18b96a-e4aa-46f4-b611-a6948cf06a42-groupManagement] INFO  server.RaftServer$Division (RaftServerImpl.java:<init>(256)) - 0f18b96a-e4aa-46f4-b611-a6948cf06a42: new RaftServerImpl for group-FE8B27BBD9EC:[4f4a0cbc-a9eb-44f0-8d97-06326de93701|10.1.0.6:15041, 8d67fbbe-ad76-4934-bcfb-c8cae0dbbecb|10.1.0.6:15059, 0f18b96a-e4aa-46f4-b611-a6948cf06a42|10.1.0.6:15050] with ContainerStateMachine:uninitialized
2024-01-17 07:57:13,887 [0f18b96a-e4aa-46f4-b611-a6948cf06a42-groupManagement] INFO  server.RaftServerConfigKeys (ConfUtils.java:logGet(46)) - raft.server.rpc.timeout.min = 5s (custom)
2024-01-17 07:57:13,887 [0f18b96a-e4aa-46f4-b611-a6948cf06a42-groupManagement] INFO  server.RaftServerConfigKeys (ConfUtils.java:logGet(46)) - raft.server.rpc.timeout.max = 5200ms (custom)
2024-01-17 07:57:13,887 [0f18b96a-e4aa-46f4-b611-a6948cf06a42-groupManagement] INFO  server.RaftServerConfigKeys (ConfUtils.java:logGet(46)) - raft.server.rpc.sleep.time = 25ms (default)
2024-01-17 07:57:13,887 [0f18b96a-e4aa-46f4-b611-a6948cf06a42-groupManagement] INFO  server.RaftServerConfigKeys (ConfUtils.java:logGet(46)) - raft.server.rpc.slowness.timeout = 300s (custom)
2024-01-17 07:57:13,887 [0f18b96a-e4aa-46f4-b611-a6948cf06a42-groupManagement] INFO  server.RaftServerConfigKeys (ConfUtils.java:logGet(46)) - raft.server.leaderelection.leader.step-down.wait-time = 10s (default)
2024-01-17 07:57:13,887 [0f18b96a-e4aa-46f4-b611-a6948cf06a42-groupManagement] INFO  server.RaftServerConfigKeys (ConfUtils.java:logGet(46)) - raft.server.leaderelection.member.majority-add = false (default)
2024-01-17 07:57:13,887 [0f18b96a-e4aa-46f4-b611-a6948cf06a42-groupManagement] INFO  server.RaftServerConfigKeys (ConfUtils.java:logGet(46)) - raft.server.sleep.deviation.threshold = 300ms (default)
2024-01-17 07:57:13,888 [0f18b96a-e4aa-46f4-b611-a6948cf06a42-groupManagement] INFO  server.RaftServer$Division (ServerState.java:<init>(113)) - 0f18b96a-e4aa-46f4-b611-a6948cf06a42@group-FE8B27BBD9EC: ConfigurationManager, init=-1: peers:[4f4a0cbc-a9eb-44f0-8d97-06326de93701|10.1.0.6:15041, 8d67fbbe-ad76-4934-bcfb-c8cae0dbbecb|10.1.0.6:15059, 0f18b96a-e4aa-46f4-b611-a6948cf06a42|10.1.0.6:15050]|listeners:[], old=null, confs=<EMPTY_MAP>
2024-01-17 07:57:13,888 [0f18b96a-e4aa-46f4-b611-a6948cf06a42-groupManagement] INFO  server.RaftServerConfigKeys (ConfUtils.java:logGet(46)) - raft.server.notification.no-leader.timeout = 300s (custom)
2024-01-17 07:57:13,888 [0f18b96a-e4aa-46f4-b611-a6948cf06a42-groupManagement] INFO  server.RaftServerConfigKeys (ConfUtils.java:logGet(46)) - raft.server.read.timeout = 10s (default)
2024-01-17 07:57:13,888 [0f18b96a-e4aa-46f4-b611-a6948cf06a42-groupManagement] INFO  server.RaftServerConfigKeys (ConfUtils.java:logGet(46)) - raft.server.retrycache.expirytime = 600000ms (custom)
2024-01-17 07:57:13,888 [0f18b96a-e4aa-46f4-b611-a6948cf06a42-groupManagement] INFO  server.RaftServerConfigKeys (ConfUtils.java:logGet(46)) - raft.server.retrycache.statistics.expirytime = 100ms (default)
2024-01-17 07:57:13,888 [0f18b96a-e4aa-46f4-b611-a6948cf06a42-groupManagement] INFO  server.RaftServerConfigKeys (ConfUtils.java:logGet(46)) - raft.server.read.option = DEFAULT (default)
2024-01-17 07:57:13,888 [0f18b96a-e4aa-46f4-b611-a6948cf06a42-groupManagement] INFO  server.RaftServerConfigKeys (ConfUtils.java:logGet(46)) - raft.server.read.read-after-write-consistent.write-index-cache.expiry-time = 60s (default)
2024-01-17 07:57:13,896 [0f18b96a-e4aa-46f4-b611-a6948cf06a42-groupManagement] INFO  server.RaftServerConfigKeys (ConfUtils.java:logGet(46)) - raft.server.rpc.request.timeout = 60s (custom)
2024-01-17 07:57:13,896 [0f18b96a-e4aa-46f4-b611-a6948cf06a42-groupManagement] INFO  server.RaftServerConfigKeys (ConfUtils.java:logGet(46)) - raft.server.log.appender.install.snapshot.enabled = false (custom)
2024-01-17 07:57:13,896 [0f18b96a-e4aa-46f4-b611-a6948cf06a42-groupManagement] INFO  server.RaftServerConfigKeys (ConfUtils.java:logGet(46)) - raft.server.threadpool.server.cached = true (default)
2024-01-17 07:57:13,897 [0f18b96a-e4aa-46f4-b611-a6948cf06a42-groupManagement] INFO  server.RaftServerConfigKeys (ConfUtils.java:logGet(46)) - raft.server.threadpool.server.size = 0 (default)
2024-01-17 07:57:13,897 [0f18b96a-e4aa-46f4-b611-a6948cf06a42-groupManagement] INFO  server.RaftServerConfigKeys (ConfUtils.java:logGet(46)) - raft.server.threadpool.client.cached = true (default)
2024-01-17 07:57:13,897 [0f18b96a-e4aa-46f4-b611-a6948cf06a42-groupManagement] INFO  server.RaftServerConfigKeys (ConfUtils.java:logGet(46)) - raft.server.threadpool.client.size = 0 (default)
2024-01-17 07:57:13,897 [0f18b96a-e4aa-46f4-b611-a6948cf06a42-groupManagement] INFO  server.RaftServerConfigKeys (ConfUtils.java:logGet(46)) - raft.server.storage.free-space.min = 0MB (=0) (default)
2024-01-17 07:57:13,897 [0f18b96a-e4aa-46f4-b611-a6948cf06a42-groupManagement] INFO  server.RaftServerConfigKeys (ConfUtils.java:logGet(46)) - raft.server.log.corruption.policy = EXCEPTION (default)
2024-01-17 07:57:13,897 [0f18b96a-e4aa-46f4-b611-a6948cf06a42-groupManagement] INFO  server.RaftServerConfigKeys (ConfUtils.java:logGet(46)) - raft.server.storage.dir = [/home/runner/work/ozone/ozone/hadoop-ozone/integration-test/target/test-dir/MiniOzoneClusterImpl-df80a8b8-78a2-47d1-a2cb-ee48e7cc81f7/datanode-4/data/ratis] (custom)
2024-01-17 07:57:13,897 [0f18b96a-e4aa-46f4-b611-a6948cf06a42-groupManagement] INFO  storage.RaftStorageDirectory (RaftStorageDirectoryImpl.java:analyzeStorage(138)) - The storage directory /home/runner/work/ozone/ozone/hadoop-ozone/integration-test/target/test-dir/MiniOzoneClusterImpl-df80a8b8-78a2-47d1-a2cb-ee48e7cc81f7/datanode-4/data/ratis/6138af88-ca2e-4b90-8a8e-5156236736a0 does not exist. Creating ...
2024-01-17 07:57:13,899 [0f18b96a-e4aa-46f4-b611-a6948cf06a42-groupManagement] INFO  storage.RaftStorageDirectory (RaftStorageDirectoryImpl.java:tryLock(228)) - Lock on /home/runner/work/ozone/ozone/hadoop-ozone/integration-test/target/test-dir/MiniOzoneClusterImpl-df80a8b8-78a2-47d1-a2cb-ee48e7cc81f7/datanode-4/data/ratis/6138af88-ca2e-4b90-8a8e-5156236736a0/in_use.lock acquired by nodename 24650@fv-az1531-837
2024-01-17 07:57:13,900 [0f18b96a-e4aa-46f4-b611-a6948cf06a42-groupManagement] INFO  storage.RaftStorage (RaftStorageImpl.java:format(99)) - Storage directory /home/runner/work/ozone/ozone/hadoop-ozone/integration-test/target/test-dir/MiniOzoneClusterImpl-df80a8b8-78a2-47d1-a2cb-ee48e7cc81f7/datanode-4/data/ratis/6138af88-ca2e-4b90-8a8e-5156236736a0 has been successfully formatted.
2024-01-17 07:57:13,901 [0f18b96a-e4aa-46f4-b611-a6948cf06a42-groupManagement] WARN  util.FileUtils (LogUtils.java:supplyAndLog(63)) - Failed to Files.newInputStream /home/runner/work/ozone/ozone/hadoop-ozone/integration-test/target/test-dir/MiniOzoneClusterImpl-df80a8b8-78a2-47d1-a2cb-ee48e7cc81f7/datanode-4/data/ratis/6138af88-ca2e-4b90-8a8e-5156236736a0/current/raft-meta.conf with options []: java.nio.file.NoSuchFileException: /home/runner/work/ozone/ozone/hadoop-ozone/integration-test/target/test-dir/MiniOzoneClusterImpl-df80a8b8-78a2-47d1-a2cb-ee48e7cc81f7/datanode-4/data/ratis/6138af88-ca2e-4b90-8a8e-5156236736a0/current/raft-meta.conf
2024-01-17 07:57:13,906 [0f18b96a-e4aa-46f4-b611-a6948cf06a42-groupManagement] INFO  ratis.ContainerStateMachine (ContainerStateMachine.java:loadSnapshot(287)) - group-5156236736A0: The snapshot info is null. Setting the last applied index to:(t:0, i:~)
2024-01-17 07:57:13,906 [0f18b96a-e4aa-46f4-b611-a6948cf06a42-groupManagement] INFO  server.RaftServerConfigKeys (ConfUtils.java:logGet(46)) - raft.server.log.use.memory = false (default)
2024-01-17 07:57:13,907 [0f18b96a-e4aa-46f4-b611-a6948cf06a42-groupManagement] INFO  server.RaftServerConfigKeys (ConfUtils.java:logGet(46)) - raft.server.log.purge.gap = 1000000 (custom)
2024-01-17 07:57:13,907 [0f18b96a-e4aa-46f4-b611-a6948cf06a42-groupManagement] INFO  server.RaftServerConfigKeys (ConfUtils.java:logGet(46)) - raft.server.log.appender.buffer.byte-limit = 8388608 (custom)
2024-01-17 07:57:13,907 [0f18b96a-e4aa-46f4-b611-a6948cf06a42-groupManagement] INFO  server.RaftServerConfigKeys (ConfUtils.java:logGet(46)) - raft.server.log.statemachine.data.read.timeout = 1000ms (default)
2024-01-17 07:57:13,907 [0f18b96a-e4aa-46f4-b611-a6948cf06a42-groupManagement] INFO  server.RaftServerConfigKeys (ConfUtils.java:logGet(46)) - raft.server.log.purge.preservation.log.num = 0 (default)
2024-01-17 07:57:13,910 [0f18b96a-e4aa-46f4-b611-a6948cf06a42-groupManagement] INFO  server.RaftServerConfigKeys (ConfUtils.java:logGet(46)) - raft.server.log.segment.size.max = 67108864 (custom)
2024-01-17 07:57:13,912 [0f18b96a-e4aa-46f4-b611-a6948cf06a42-groupManagement] INFO  server.RaftServerConfigKeys (ConfUtils.java:logGet(46)) - raft.server.log.segment.cache.num.max = 2 (custom)
2024-01-17 07:57:13,912 [0f18b96a-e4aa-46f4-b611-a6948cf06a42-groupManagement] INFO  server.RaftServerConfigKeys (ConfUtils.java:logGet(46)) - raft.server.log.segment.cache.size.max = 200MB (=209715200) (default)
2024-01-17 07:57:13,912 [0f18b96a-e4aa-46f4-b611-a6948cf06a42-groupManagement] INFO  server.RaftServerConfigKeys (ConfUtils.java:logGet(46)) - raft.server.log.appender.buffer.byte-limit = 8388608 (custom)
2024-01-17 07:57:13,912 [0f18b96a-e4aa-46f4-b611-a6948cf06a42-groupManagement] INFO  util.AwaitToRun (AwaitToRun.java:start(81)) - Thread[0f18b96a-e4aa-46f4-b611-a6948cf06a42@group-5156236736A0-cacheEviction-AwaitToRun,5,main] started
2024-01-17 07:57:13,913 [0f18b96a-e4aa-46f4-b611-a6948cf06a42-groupManagement] INFO  segmented.SegmentedRaftLogWorker (SegmentedRaftLogWorker.java:<init>(182)) - new 0f18b96a-e4aa-46f4-b611-a6948cf06a42@group-5156236736A0-SegmentedRaftLogWorker for RaftStorageImpl:Storage Directory /home/runner/work/ozone/ozone/hadoop-ozone/integration-test/target/test-dir/MiniOzoneClusterImpl-df80a8b8-78a2-47d1-a2cb-ee48e7cc81f7/datanode-4/data/ratis/6138af88-ca2e-4b90-8a8e-5156236736a0
2024-01-17 07:57:13,913 [0f18b96a-e4aa-46f4-b611-a6948cf06a42-groupManagement] INFO  server.RaftServerConfigKeys (ConfUtils.java:logGet(46)) - raft.server.log.queue.byte-limit = 4294967296 (custom)
2024-01-17 07:57:13,913 [0f18b96a-e4aa-46f4-b611-a6948cf06a42-groupManagement] INFO  server.RaftServerConfigKeys (ConfUtils.java:logGet(46)) - raft.server.log.queue.element-limit = 1024 (custom)
2024-01-17 07:57:13,913 [0f18b96a-e4aa-46f4-b611-a6948cf06a42-groupManagement] INFO  server.RaftServerConfigKeys (ConfUtils.java:logGet(46)) - raft.server.log.segment.size.max = 67108864 (custom)
2024-01-17 07:57:13,913 [0f18b96a-e4aa-46f4-b611-a6948cf06a42-groupManagement] INFO  server.RaftServerConfigKeys (ConfUtils.java:logGet(46)) - raft.server.log.preallocated.size = 4194304 (custom)
2024-01-17 07:57:13,913 [0f18b96a-e4aa-46f4-b611-a6948cf06a42-groupManagement] INFO  server.RaftServerConfigKeys (ConfUtils.java:logGet(46)) - raft.server.log.force.sync.num = 128 (default)
2024-01-17 07:57:13,913 [0f18b96a-e4aa-46f4-b611-a6948cf06a42-groupManagement] INFO  server.RaftServerConfigKeys (ConfUtils.java:logGet(46)) - raft.server.log.statemachine.data.sync = true (default)
2024-01-17 07:57:13,913 [0f18b96a-e4aa-46f4-b611-a6948cf06a42-groupManagement] INFO  server.RaftServerConfigKeys (ConfUtils.java:logGet(46)) - raft.server.log.statemachine.data.sync.timeout = 10s (default)
2024-01-17 07:57:13,913 [0f18b96a-e4aa-46f4-b611-a6948cf06a42-groupManagement] INFO  server.RaftServerConfigKeys (ConfUtils.java:logGet(46)) - raft.server.log.statemachine.data.sync.timeout.retry = 0 (custom)
2024-01-17 07:57:13,915 [0f18b96a-e4aa-46f4-b611-a6948cf06a42-groupManagement] INFO  server.RaftServerConfigKeys (ConfUtils.java:logGet(46)) - raft.server.log.write.buffer.size = 8388616 (custom)
2024-01-17 07:57:13,921 [0f18b96a-e4aa-46f4-b611-a6948cf06a42-groupManagement] INFO  server.RaftServerConfigKeys (ConfUtils.java:logGet(46)) - raft.server.log.appender.buffer.byte-limit = 8388608 (custom)
2024-01-17 07:57:13,922 [0f18b96a-e4aa-46f4-b611-a6948cf06a42-groupManagement] INFO  server.RaftServerConfigKeys (ConfUtils.java:logGet(46)) - raft.server.log.unsafe-flush.enabled = false (default)
2024-01-17 07:57:13,922 [0f18b96a-e4aa-46f4-b611-a6948cf06a42-groupManagement] INFO  server.RaftServerConfigKeys (ConfUtils.java:logGet(46)) - raft.server.log.async-flush.enabled = false (default)
2024-01-17 07:57:13,922 [0f18b96a-e4aa-46f4-b611-a6948cf06a42-groupManagement] INFO  server.RaftServerConfigKeys (ConfUtils.java:logGet(46)) - raft.server.log.statemachine.data.caching.enabled = true (custom)
2024-01-17 07:57:13,922 [0f18b96a-e4aa-46f4-b611-a6948cf06a42-groupManagement] INFO  segmented.SegmentedRaftLogWorker (SegmentedRaftLogWorker.java:lambda$new$0(134)) - 0f18b96a-e4aa-46f4-b611-a6948cf06a42@group-5156236736A0-SegmentedRaftLogWorker: flushIndex: setUnconditionally 0 -> -1
2024-01-17 07:57:13,922 [0f18b96a-e4aa-46f4-b611-a6948cf06a42-groupManagement] INFO  segmented.SegmentedRaftLogWorker (SegmentedRaftLogWorker.java:lambda$new$0(134)) - 0f18b96a-e4aa-46f4-b611-a6948cf06a42@group-5156236736A0-SegmentedRaftLogWorker: safeCacheEvictIndex: setUnconditionally 0 -> -1
2024-01-17 07:57:13,923 [0f18b96a-e4aa-46f4-b611-a6948cf06a42-groupManagement] INFO  server.RaftServer$Division (RaftServerImpl.java:start(396)) - 0f18b96a-e4aa-46f4-b611-a6948cf06a42@group-5156236736A0: start as a follower, conf=-1: peers:[4f4a0cbc-a9eb-44f0-8d97-06326de93701|10.1.0.6:15041, 8d67fbbe-ad76-4934-bcfb-c8cae0dbbecb|10.1.0.6:15059, 0f18b96a-e4aa-46f4-b611-a6948cf06a42|10.1.0.6:15050]|listeners:[], old=null
2024-01-17 07:57:13,924 [0f18b96a-e4aa-46f4-b611-a6948cf06a42-groupManagement] INFO  server.RaftServer$Division (RaftServerImpl.java:setRole(383)) - 0f18b96a-e4aa-46f4-b611-a6948cf06a42@group-5156236736A0: changes role from      null to FOLLOWER at term 0 for startAsFollower
2024-01-17 07:57:13,924 [0f18b96a-e4aa-46f4-b611-a6948cf06a42-groupManagement] INFO  impl.RoleInfo (RoleInfo.java:updateAndGet(139)) - 0f18b96a-e4aa-46f4-b611-a6948cf06a42: start 0f18b96a-e4aa-46f4-b611-a6948cf06a42@group-5156236736A0-FollowerState
2024-01-17 07:57:13,931 [0f18b96a-e4aa-46f4-b611-a6948cf06a42-groupManagement] INFO  util.JmxRegister (JmxRegister.java:tryRegister(44)) - Successfully registered JMX Bean with object name Ratis:service=RaftServer,group=group-5156236736A0,id=0f18b96a-e4aa-46f4-b611-a6948cf06a42
2024-01-17 07:57:13,931 [0f18b96a-e4aa-46f4-b611-a6948cf06a42-groupManagement] INFO  server.RaftServerConfigKeys (ConfUtils.java:logGet(46)) - raft.server.snapshot.trigger-when-stop.enabled = true (default)
2024-01-17 07:57:13,931 [0f18b96a-e4aa-46f4-b611-a6948cf06a42-groupManagement] INFO  server.RaftServerConfigKeys (ConfUtils.java:logGet(46)) - raft.server.snapshot.auto.trigger.enabled = true (custom)
2024-01-17 07:57:13,931 [0f18b96a-e4aa-46f4-b611-a6948cf06a42-groupManagement] INFO  server.RaftServerConfigKeys (ConfUtils.java:logGet(46)) - raft.server.snapshot.auto.trigger.threshold = 10000 (custom)
2024-01-17 07:57:13,931 [0f18b96a-e4aa-46f4-b611-a6948cf06a42-groupManagement] INFO  server.RaftServerConfigKeys (ConfUtils.java:logGet(46)) - raft.server.snapshot.retention.file.num = 5 (custom)
2024-01-17 07:57:13,932 [0f18b96a-e4aa-46f4-b611-a6948cf06a42-groupManagement] INFO  server.RaftServerConfigKeys (ConfUtils.java:logGet(46)) - raft.server.log.purge.upto.snapshot.index = false (default)
2024-01-17 07:57:13,932 [0f18b96a-e4aa-46f4-b611-a6948cf06a42@group-5156236736A0-FollowerState] INFO  server.RaftServerConfigKeys (ConfUtils.java:logFallback(53)) - raft.server.rpc.first-election.timeout.min = 5s (fallback to raft.server.rpc.timeout.min)
2024-01-17 07:57:13,933 [0f18b96a-e4aa-46f4-b611-a6948cf06a42@group-5156236736A0-FollowerState] INFO  server.RaftServerConfigKeys (ConfUtils.java:logFallback(53)) - raft.server.rpc.first-election.timeout.max = 5200ms (fallback to raft.server.rpc.timeout.max)
2024-01-17 07:57:13,953 [main] INFO  ozone.MiniOzoneClusterImpl (MiniOzoneClusterImpl.java:lambda$waitForClusterToBeReady$0(229)) - Nodes are ready. Got 14 of 14 DN Heartbeats.
2024-01-17 07:57:13,953 [main] INFO  ozone.MiniOzoneClusterImpl (MiniOzoneClusterImpl.java:lambda$waitForClusterToBeReady$0(232)) - Waiting for cluster to exit safe mode
2024-01-17 07:57:13,954 [main] INFO  ozone.MiniOzoneClusterImpl (MiniOzoneClusterImpl.java:lambda$waitForClusterToBeReady$0(234)) - SCM became leader
2024-01-17 07:57:13,981 [e98e7f84-7e90-42c0-bf2b-bf94ba8f7864-PipelineCommandHandlerThread-0] INFO  commandhandler.CreatePipelineCommandHandler (CreatePipelineCommandHandler.java:lambda$handle$2(124)) - Created Pipeline RATIS THREE PipelineID=898a6340-e5a2-4f81-a996-8a4adbe0a429.
2024-01-17 07:57:13,982 [e98e7f84-7e90-42c0-bf2b-bf94ba8f7864-PipelineCommandHandlerThread-0] INFO  server.RaftServer (RaftServerProxy.java:addNew(100)) - e98e7f84-7e90-42c0-bf2b-bf94ba8f7864: addNew group-23DA28C678CC:[e98e7f84-7e90-42c0-bf2b-bf94ba8f7864|10.1.0.6:15014, 597b9f4b-0aac-4425-bf2d-48884e3709f6|10.1.0.6:15023, 1bb81a9c-1547-435f-9d81-d5fca49fbc06|10.1.0.6:15032] returns group-23DA28C678CC:java.util.concurrent.CompletableFuture@47f35ddd[Not completed]
2024-01-17 07:57:13,983 [0f18b96a-e4aa-46f4-b611-a6948cf06a42-groupManagement] INFO  server.RaftServerConfigKeys (ConfUtils.java:logGet(46)) - raft.server.storage.free-space.min = 0MB (=0) (default)
2024-01-17 07:57:13,984 [0f18b96a-e4aa-46f4-b611-a6948cf06a42-groupManagement] INFO  server.RaftServerConfigKeys (ConfUtils.java:logGet(46)) - raft.server.log.corruption.policy = EXCEPTION (default)
2024-01-17 07:57:13,984 [0f18b96a-e4aa-46f4-b611-a6948cf06a42-groupManagement] INFO  server.RaftServerConfigKeys (ConfUtils.java:logGet(46)) - raft.server.storage.dir = [/home/runner/work/ozone/ozone/hadoop-ozone/integration-test/target/test-dir/MiniOzoneClusterImpl-df80a8b8-78a2-47d1-a2cb-ee48e7cc81f7/datanode-4/data/ratis] (custom)
2024-01-17 07:57:13,984 [0f18b96a-e4aa-46f4-b611-a6948cf06a42-groupManagement] INFO  storage.RaftStorageDirectory (RaftStorageDirectoryImpl.java:analyzeStorage(138)) - The storage directory /home/runner/work/ozone/ozone/hadoop-ozone/integration-test/target/test-dir/MiniOzoneClusterImpl-df80a8b8-78a2-47d1-a2cb-ee48e7cc81f7/datanode-4/data/ratis/163fc6ed-ef43-4520-8ab8-fe8b27bbd9ec does not exist. Creating ...
2024-01-17 07:57:13,985 [e98e7f84-7e90-42c0-bf2b-bf94ba8f7864-groupManagement] INFO  server.RaftServer$Division (RaftServerImpl.java:<init>(256)) - e98e7f84-7e90-42c0-bf2b-bf94ba8f7864: new RaftServerImpl for group-23DA28C678CC:[e98e7f84-7e90-42c0-bf2b-bf94ba8f7864|10.1.0.6:15014, 597b9f4b-0aac-4425-bf2d-48884e3709f6|10.1.0.6:15023, 1bb81a9c-1547-435f-9d81-d5fca49fbc06|10.1.0.6:15032] with ContainerStateMachine:uninitialized
2024-01-17 07:57:13,985 [e98e7f84-7e90-42c0-bf2b-bf94ba8f7864-groupManagement] INFO  server.RaftServerConfigKeys (ConfUtils.java:logGet(46)) - raft.server.rpc.timeout.min = 5s (custom)
2024-01-17 07:57:13,985 [e98e7f84-7e90-42c0-bf2b-bf94ba8f7864-groupManagement] INFO  server.RaftServerConfigKeys (ConfUtils.java:logGet(46)) - raft.server.rpc.timeout.max = 5200ms (custom)
2024-01-17 07:57:13,985 [e98e7f84-7e90-42c0-bf2b-bf94ba8f7864-groupManagement] INFO  server.RaftServerConfigKeys (ConfUtils.java:logGet(46)) - raft.server.rpc.sleep.time = 25ms (default)
2024-01-17 07:57:13,985 [e98e7f84-7e90-42c0-bf2b-bf94ba8f7864-groupManagement] INFO  server.RaftServerConfigKeys (ConfUtils.java:logGet(46)) - raft.server.rpc.slowness.timeout = 300s (custom)
2024-01-17 07:57:13,985 [e98e7f84-7e90-42c0-bf2b-bf94ba8f7864-groupManagement] INFO  server.RaftServerConfigKeys (ConfUtils.java:logGet(46)) - raft.server.leaderelection.leader.step-down.wait-time = 10s (default)
2024-01-17 07:57:13,986 [e98e7f84-7e90-42c0-bf2b-bf94ba8f7864-groupManagement] INFO  server.RaftServerConfigKeys (ConfUtils.java:logGet(46)) - raft.server.leaderelection.member.majority-add = false (default)
2024-01-17 07:57:13,986 [e98e7f84-7e90-42c0-bf2b-bf94ba8f7864-groupManagement] INFO  server.RaftServerConfigKeys (ConfUtils.java:logGet(46)) - raft.server.sleep.deviation.threshold = 300ms (default)
2024-01-17 07:57:13,986 [e98e7f84-7e90-42c0-bf2b-bf94ba8f7864-groupManagement] INFO  server.RaftServer$Division (ServerState.java:<init>(113)) - e98e7f84-7e90-42c0-bf2b-bf94ba8f7864@group-23DA28C678CC: ConfigurationManager, init=-1: peers:[e98e7f84-7e90-42c0-bf2b-bf94ba8f7864|10.1.0.6:15014, 597b9f4b-0aac-4425-bf2d-48884e3709f6|10.1.0.6:15023, 1bb81a9c-1547-435f-9d81-d5fca49fbc06|10.1.0.6:15032]|listeners:[], old=null, confs=<EMPTY_MAP>
2024-01-17 07:57:13,986 [e98e7f84-7e90-42c0-bf2b-bf94ba8f7864-groupManagement] INFO  server.RaftServerConfigKeys (ConfUtils.java:logGet(46)) - raft.server.notification.no-leader.timeout = 300s (custom)
2024-01-17 07:57:13,986 [e98e7f84-7e90-42c0-bf2b-bf94ba8f7864-groupManagement] INFO  server.RaftServerConfigKeys (ConfUtils.java:logGet(46)) - raft.server.read.timeout = 10s (default)
2024-01-17 07:57:13,986 [e98e7f84-7e90-42c0-bf2b-bf94ba8f7864-groupManagement] INFO  server.RaftServerConfigKeys (ConfUtils.java:logGet(46)) - raft.server.retrycache.expirytime = 600000ms (custom)
2024-01-17 07:57:13,986 [e98e7f84-7e90-42c0-bf2b-bf94ba8f7864-groupManagement] INFO  server.RaftServerConfigKeys (ConfUtils.java:logGet(46)) - raft.server.retrycache.statistics.expirytime = 100ms (default)
2024-01-17 07:57:13,986 [0f18b96a-e4aa-46f4-b611-a6948cf06a42-groupManagement] INFO  storage.RaftStorageDirectory (RaftStorageDirectoryImpl.java:tryLock(228)) - Lock on /home/runner/work/ozone/ozone/hadoop-ozone/integration-test/target/test-dir/MiniOzoneClusterImpl-df80a8b8-78a2-47d1-a2cb-ee48e7cc81f7/datanode-4/data/ratis/163fc6ed-ef43-4520-8ab8-fe8b27bbd9ec/in_use.lock acquired by nodename 24650@fv-az1531-837
2024-01-17 07:57:13,986 [e98e7f84-7e90-42c0-bf2b-bf94ba8f7864-groupManagement] INFO  server.RaftServerConfigKeys (ConfUtils.java:logGet(46)) - raft.server.read.option = DEFAULT (default)
2024-01-17 07:57:13,986 [e98e7f84-7e90-42c0-bf2b-bf94ba8f7864-groupManagement] INFO  server.RaftServerConfigKeys (ConfUtils.java:logGet(46)) - raft.server.read.read-after-write-consistent.write-index-cache.expiry-time = 60s (default)
2024-01-17 07:57:13,988 [0f18b96a-e4aa-46f4-b611-a6948cf06a42-groupManagement] INFO  storage.RaftStorage (RaftStorageImpl.java:format(99)) - Storage directory /home/runner/work/ozone/ozone/hadoop-ozone/integration-test/target/test-dir/MiniOzoneClusterImpl-df80a8b8-78a2-47d1-a2cb-ee48e7cc81f7/datanode-4/data/ratis/163fc6ed-ef43-4520-8ab8-fe8b27bbd9ec has been successfully formatted.
2024-01-17 07:57:13,989 [0f18b96a-e4aa-46f4-b611-a6948cf06a42-groupManagement] WARN  util.FileUtils (LogUtils.java:supplyAndLog(63)) - Failed to Files.newInputStream /home/runner/work/ozone/ozone/hadoop-ozone/integration-test/target/test-dir/MiniOzoneClusterImpl-df80a8b8-78a2-47d1-a2cb-ee48e7cc81f7/datanode-4/data/ratis/163fc6ed-ef43-4520-8ab8-fe8b27bbd9ec/current/raft-meta.conf with options []: java.nio.file.NoSuchFileException: /home/runner/work/ozone/ozone/hadoop-ozone/integration-test/target/test-dir/MiniOzoneClusterImpl-df80a8b8-78a2-47d1-a2cb-ee48e7cc81f7/datanode-4/data/ratis/163fc6ed-ef43-4520-8ab8-fe8b27bbd9ec/current/raft-meta.conf
2024-01-17 07:57:13,995 [e98e7f84-7e90-42c0-bf2b-bf94ba8f7864-groupManagement] INFO  server.RaftServerConfigKeys (ConfUtils.java:logGet(46)) - raft.server.rpc.request.timeout = 60s (custom)
2024-01-17 07:57:13,995 [e98e7f84-7e90-42c0-bf2b-bf94ba8f7864-groupManagement] INFO  server.RaftServerConfigKeys (ConfUtils.java:logGet(46)) - raft.server.log.appender.install.snapshot.enabled = false (custom)
2024-01-17 07:57:13,995 [e98e7f84-7e90-42c0-bf2b-bf94ba8f7864-groupManagement] INFO  server.RaftServerConfigKeys (ConfUtils.java:logGet(46)) - raft.server.threadpool.server.cached = true (default)
2024-01-17 07:57:13,995 [e98e7f84-7e90-42c0-bf2b-bf94ba8f7864-groupManagement] INFO  server.RaftServerConfigKeys (ConfUtils.java:logGet(46)) - raft.server.threadpool.server.size = 0 (default)
2024-01-17 07:57:13,995 [e98e7f84-7e90-42c0-bf2b-bf94ba8f7864-groupManagement] INFO  server.RaftServerConfigKeys (ConfUtils.java:logGet(46)) - raft.server.threadpool.client.cached = true (default)
2024-01-17 07:57:13,995 [e98e7f84-7e90-42c0-bf2b-bf94ba8f7864-groupManagement] INFO  server.RaftServerConfigKeys (ConfUtils.java:logGet(46)) - raft.server.threadpool.client.size = 0 (default)
2024-01-17 07:57:13,996 [e98e7f84-7e90-42c0-bf2b-bf94ba8f7864-groupManagement] INFO  server.RaftServerConfigKeys (ConfUtils.java:logGet(46)) - raft.server.storage.free-space.min = 0MB (=0) (default)
2024-01-17 07:57:13,996 [e98e7f84-7e90-42c0-bf2b-bf94ba8f7864-groupManagement] INFO  server.RaftServerConfigKeys (ConfUtils.java:logGet(46)) - raft.server.log.corruption.policy = EXCEPTION (default)
2024-01-17 07:57:13,996 [e98e7f84-7e90-42c0-bf2b-bf94ba8f7864-groupManagement] INFO  server.RaftServerConfigKeys (ConfUtils.java:logGet(46)) - raft.server.storage.dir = [/home/runner/work/ozone/ozone/hadoop-ozone/integration-test/target/test-dir/MiniOzoneClusterImpl-df80a8b8-78a2-47d1-a2cb-ee48e7cc81f7/datanode-0/data/ratis] (custom)
2024-01-17 07:57:13,996 [e98e7f84-7e90-42c0-bf2b-bf94ba8f7864-groupManagement] INFO  storage.RaftStorageDirectory (RaftStorageDirectoryImpl.java:analyzeStorage(138)) - The storage directory /home/runner/work/ozone/ozone/hadoop-ozone/integration-test/target/test-dir/MiniOzoneClusterImpl-df80a8b8-78a2-47d1-a2cb-ee48e7cc81f7/datanode-0/data/ratis/93550ce0-fabd-41bb-91c5-23da28c678cc does not exist. Creating ...
2024-01-17 07:57:13,985 [597b9f4b-0aac-4425-bf2d-48884e3709f6-PipelineCommandHandlerThread-0] INFO  commandhandler.CreatePipelineCommandHandler (CreatePipelineCommandHandler.java:lambda$handle$2(124)) - Created Pipeline RATIS THREE PipelineID=898a6340-e5a2-4f81-a996-8a4adbe0a429.
2024-01-17 07:57:14,000 [0f18b96a-e4aa-46f4-b611-a6948cf06a42-groupManagement] INFO  ratis.ContainerStateMachine (ContainerStateMachine.java:loadSnapshot(287)) - group-FE8B27BBD9EC: The snapshot info is null. Setting the last applied index to:(t:0, i:~)
2024-01-17 07:57:14,000 [0f18b96a-e4aa-46f4-b611-a6948cf06a42-groupManagement] INFO  server.RaftServerConfigKeys (ConfUtils.java:logGet(46)) - raft.server.log.use.memory = false (default)
2024-01-17 07:57:14,000 [597b9f4b-0aac-4425-bf2d-48884e3709f6-PipelineCommandHandlerThread-0] INFO  server.RaftServer (RaftServerProxy.java:addNew(100)) - 597b9f4b-0aac-4425-bf2d-48884e3709f6: addNew group-23DA28C678CC:[e98e7f84-7e90-42c0-bf2b-bf94ba8f7864|10.1.0.6:15014, 597b9f4b-0aac-4425-bf2d-48884e3709f6|10.1.0.6:15023, 1bb81a9c-1547-435f-9d81-d5fca49fbc06|10.1.0.6:15032] returns group-23DA28C678CC:java.util.concurrent.CompletableFuture@14aa576[Not completed]
2024-01-17 07:57:14,000 [0f18b96a-e4aa-46f4-b611-a6948cf06a42-groupManagement] INFO  server.RaftServerConfigKeys (ConfUtils.java:logGet(46)) - raft.server.log.purge.gap = 1000000 (custom)
2024-01-17 07:57:14,000 [0f18b96a-e4aa-46f4-b611-a6948cf06a42-groupManagement] INFO  server.RaftServerConfigKeys (ConfUtils.java:logGet(46)) - raft.server.log.appender.buffer.byte-limit = 8388608 (custom)
2024-01-17 07:57:14,001 [0f18b96a-e4aa-46f4-b611-a6948cf06a42-groupManagement] INFO  server.RaftServerConfigKeys (ConfUtils.java:logGet(46)) - raft.server.log.statemachine.data.read.timeout = 1000ms (default)
2024-01-17 07:57:14,001 [0f18b96a-e4aa-46f4-b611-a6948cf06a42-groupManagement] INFO  server.RaftServerConfigKeys (ConfUtils.java:logGet(46)) - raft.server.log.purge.preservation.log.num = 0 (default)
2024-01-17 07:57:14,001 [1bb81a9c-1547-435f-9d81-d5fca49fbc06-PipelineCommandHandlerThread-0] INFO  commandhandler.CreatePipelineCommandHandler (CreatePipelineCommandHandler.java:lambda$handle$2(124)) - Created Pipeline RATIS THREE PipelineID=898a6340-e5a2-4f81-a996-8a4adbe0a429.
2024-01-17 07:57:14,001 [597b9f4b-0aac-4425-bf2d-48884e3709f6-groupManagement] INFO  server.RaftServer$Division (RaftServerImpl.java:<init>(256)) - 597b9f4b-0aac-4425-bf2d-48884e3709f6: new RaftServerImpl for group-23DA28C678CC:[e98e7f84-7e90-42c0-bf2b-bf94ba8f7864|10.1.0.6:15014, 597b9f4b-0aac-4425-bf2d-48884e3709f6|10.1.0.6:15023, 1bb81a9c-1547-435f-9d81-d5fca49fbc06|10.1.0.6:15032] with ContainerStateMachine:uninitialized
2024-01-17 07:57:14,001 [597b9f4b-0aac-4425-bf2d-48884e3709f6-groupManagement] INFO  server.RaftServerConfigKeys (ConfUtils.java:logGet(46)) - raft.server.rpc.timeout.min = 5s (custom)
2024-01-17 07:57:14,001 [597b9f4b-0aac-4425-bf2d-48884e3709f6-groupManagement] INFO  server.RaftServerConfigKeys (ConfUtils.java:logGet(46)) - raft.server.rpc.timeout.max = 5200ms (custom)
2024-01-17 07:57:14,001 [597b9f4b-0aac-4425-bf2d-48884e3709f6-groupManagement] INFO  server.RaftServerConfigKeys (ConfUtils.java:logGet(46)) - raft.server.rpc.sleep.time = 25ms (default)
2024-01-17 07:57:14,002 [597b9f4b-0aac-4425-bf2d-48884e3709f6-groupManagement] INFO  server.RaftServerConfigKeys (ConfUtils.java:logGet(46)) - raft.server.rpc.slowness.timeout = 300s (custom)
2024-01-17 07:57:14,002 [597b9f4b-0aac-4425-bf2d-48884e3709f6-groupManagement] INFO  server.RaftServerConfigKeys (ConfUtils.java:logGet(46)) - raft.server.leaderelection.leader.step-down.wait-time = 10s (default)
2024-01-17 07:57:14,002 [597b9f4b-0aac-4425-bf2d-48884e3709f6-groupManagement] INFO  server.RaftServerConfigKeys (ConfUtils.java:logGet(46)) - raft.server.leaderelection.member.majority-add = false (default)
2024-01-17 07:57:14,002 [597b9f4b-0aac-4425-bf2d-48884e3709f6-groupManagement] INFO  server.RaftServerConfigKeys (ConfUtils.java:logGet(46)) - raft.server.sleep.deviation.threshold = 300ms (default)
2024-01-17 07:57:14,002 [597b9f4b-0aac-4425-bf2d-48884e3709f6-groupManagement] INFO  server.RaftServer$Division (ServerState.java:<init>(113)) - 597b9f4b-0aac-4425-bf2d-48884e3709f6@group-23DA28C678CC: ConfigurationManager, init=-1: peers:[e98e7f84-7e90-42c0-bf2b-bf94ba8f7864|10.1.0.6:15014, 597b9f4b-0aac-4425-bf2d-48884e3709f6|10.1.0.6:15023, 1bb81a9c-1547-435f-9d81-d5fca49fbc06|10.1.0.6:15032]|listeners:[], old=null, confs=<EMPTY_MAP>
2024-01-17 07:57:14,002 [597b9f4b-0aac-4425-bf2d-48884e3709f6-groupManagement] INFO  server.RaftServerConfigKeys (ConfUtils.java:logGet(46)) - raft.server.notification.no-leader.timeout = 300s (custom)
2024-01-17 07:57:14,002 [597b9f4b-0aac-4425-bf2d-48884e3709f6-groupManagement] INFO  server.RaftServerConfigKeys (ConfUtils.java:logGet(46)) - raft.server.read.timeout = 10s (default)
2024-01-17 07:57:14,002 [597b9f4b-0aac-4425-bf2d-48884e3709f6-groupManagement] INFO  server.RaftServerConfigKeys (ConfUtils.java:logGet(46)) - raft.server.retrycache.expirytime = 600000ms (custom)
2024-01-17 07:57:14,002 [597b9f4b-0aac-4425-bf2d-48884e3709f6-groupManagement] INFO  server.RaftServerConfigKeys (ConfUtils.java:logGet(46)) - raft.server.retrycache.statistics.expirytime = 100ms (default)
2024-01-17 07:57:14,002 [597b9f4b-0aac-4425-bf2d-48884e3709f6-groupManagement] INFO  server.RaftServerConfigKeys (ConfUtils.java:logGet(46)) - raft.server.read.option = DEFAULT (default)
2024-01-17 07:57:14,002 [597b9f4b-0aac-4425-bf2d-48884e3709f6-groupManagement] INFO  server.RaftServerConfigKeys (ConfUtils.java:logGet(46)) - raft.server.read.read-after-write-consistent.write-index-cache.expiry-time = 60s (default)
2024-01-17 07:57:14,003 [8d67fbbe-ad76-4934-bcfb-c8cae0dbbecb-PipelineCommandHandlerThread-0] INFO  server.RaftServer (RaftServerProxy.java:addNew(100)) - 8d67fbbe-ad76-4934-bcfb-c8cae0dbbecb: addNew group-5156236736A0:[4f4a0cbc-a9eb-44f0-8d97-06326de93701|10.1.0.6:15041, 8d67fbbe-ad76-4934-bcfb-c8cae0dbbecb|10.1.0.6:15059, 0f18b96a-e4aa-46f4-b611-a6948cf06a42|10.1.0.6:15050] returns group-5156236736A0:java.util.concurrent.CompletableFuture@477245fe[Not completed]
2024-01-17 07:57:14,006 [e98e7f84-7e90-42c0-bf2b-bf94ba8f7864-groupManagement] INFO  storage.RaftStorageDirectory (RaftStorageDirectoryImpl.java:tryLock(228)) - Lock on /home/runner/work/ozone/ozone/hadoop-ozone/integration-test/target/test-dir/MiniOzoneClusterImpl-df80a8b8-78a2-47d1-a2cb-ee48e7cc81f7/datanode-0/data/ratis/93550ce0-fabd-41bb-91c5-23da28c678cc/in_use.lock acquired by nodename 24650@fv-az1531-837
2024-01-17 07:57:14,007 [1bb81a9c-1547-435f-9d81-d5fca49fbc06-PipelineCommandHandlerThread-0] INFO  server.RaftServer (RaftServerProxy.java:addNew(100)) - 1bb81a9c-1547-435f-9d81-d5fca49fbc06: addNew group-23DA28C678CC:[e98e7f84-7e90-42c0-bf2b-bf94ba8f7864|10.1.0.6:15014, 597b9f4b-0aac-4425-bf2d-48884e3709f6|10.1.0.6:15023, 1bb81a9c-1547-435f-9d81-d5fca49fbc06|10.1.0.6:15032] returns group-23DA28C678CC:java.util.concurrent.CompletableFuture@7b27b1c4[Not completed]
2024-01-17 07:57:14,010 [1bb81a9c-1547-435f-9d81-d5fca49fbc06-groupManagement] INFO  server.RaftServer$Division (RaftServerImpl.java:<init>(256)) - 1bb81a9c-1547-435f-9d81-d5fca49fbc06: new RaftServerImpl for group-23DA28C678CC:[e98e7f84-7e90-42c0-bf2b-bf94ba8f7864|10.1.0.6:15014, 597b9f4b-0aac-4425-bf2d-48884e3709f6|10.1.0.6:15023, 1bb81a9c-1547-435f-9d81-d5fca49fbc06|10.1.0.6:15032] with ContainerStateMachine:uninitialized
2024-01-17 07:57:14,010 [1bb81a9c-1547-435f-9d81-d5fca49fbc06-groupManagement] INFO  server.RaftServerConfigKeys (ConfUtils.java:logGet(46)) - raft.server.rpc.timeout.min = 5s (custom)
2024-01-17 07:57:14,010 [1bb81a9c-1547-435f-9d81-d5fca49fbc06-groupManagement] INFO  server.RaftServerConfigKeys (ConfUtils.java:logGet(46)) - raft.server.rpc.timeout.max = 5200ms (custom)
2024-01-17 07:57:14,010 [1bb81a9c-1547-435f-9d81-d5fca49fbc06-groupManagement] INFO  server.RaftServerConfigKeys (ConfUtils.java:logGet(46)) - raft.server.rpc.sleep.time = 25ms (default)
2024-01-17 07:57:14,010 [1bb81a9c-1547-435f-9d81-d5fca49fbc06-groupManagement] INFO  server.RaftServerConfigKeys (ConfUtils.java:logGet(46)) - raft.server.rpc.slowness.timeout = 300s (custom)
2024-01-17 07:57:14,010 [1bb81a9c-1547-435f-9d81-d5fca49fbc06-groupManagement] INFO  server.RaftServerConfigKeys (ConfUtils.java:logGet(46)) - raft.server.leaderelection.leader.step-down.wait-time = 10s (default)
2024-01-17 07:57:14,010 [1bb81a9c-1547-435f-9d81-d5fca49fbc06-groupManagement] INFO  server.RaftServerConfigKeys (ConfUtils.java:logGet(46)) - raft.server.leaderelection.member.majority-add = false (default)
2024-01-17 07:57:14,010 [1bb81a9c-1547-435f-9d81-d5fca49fbc06-groupManagement] INFO  server.RaftServerConfigKeys (ConfUtils.java:logGet(46)) - raft.server.sleep.deviation.threshold = 300ms (default)
2024-01-17 07:57:14,010 [1bb81a9c-1547-435f-9d81-d5fca49fbc06-groupManagement] INFO  server.RaftServer$Division (ServerState.java:<init>(113)) - 1bb81a9c-1547-435f-9d81-d5fca49fbc06@group-23DA28C678CC: ConfigurationManager, init=-1: peers:[e98e7f84-7e90-42c0-bf2b-bf94ba8f7864|10.1.0.6:15014, 597b9f4b-0aac-4425-bf2d-48884e3709f6|10.1.0.6:15023, 1bb81a9c-1547-435f-9d81-d5fca49fbc06|10.1.0.6:15032]|listeners:[], old=null, confs=<EMPTY_MAP>
2024-01-17 07:57:14,010 [1bb81a9c-1547-435f-9d81-d5fca49fbc06-groupManagement] INFO  server.RaftServerConfigKeys (ConfUtils.java:logGet(46)) - raft.server.notification.no-leader.timeout = 300s (custom)
2024-01-17 07:57:14,010 [1bb81a9c-1547-435f-9d81-d5fca49fbc06-groupManagement] INFO  server.RaftServerConfigKeys (ConfUtils.java:logGet(46)) - raft.server.read.timeout = 10s (default)
2024-01-17 07:57:14,011 [1bb81a9c-1547-435f-9d81-d5fca49fbc06-groupManagement] INFO  server.RaftServerConfigKeys (ConfUtils.java:logGet(46)) - raft.server.retrycache.expirytime = 600000ms (custom)
2024-01-17 07:57:14,011 [1bb81a9c-1547-435f-9d81-d5fca49fbc06-groupManagement] INFO  server.RaftServerConfigKeys (ConfUtils.java:logGet(46)) - raft.server.retrycache.statistics.expirytime = 100ms (default)
2024-01-17 07:57:14,011 [1bb81a9c-1547-435f-9d81-d5fca49fbc06-groupManagement] INFO  server.RaftServerConfigKeys (ConfUtils.java:logGet(46)) - raft.server.read.option = DEFAULT (default)
2024-01-17 07:57:14,011 [1bb81a9c-1547-435f-9d81-d5fca49fbc06-groupManagement] INFO  server.RaftServerConfigKeys (ConfUtils.java:logGet(46)) - raft.server.read.read-after-write-consistent.write-index-cache.expiry-time = 60s (default)
2024-01-17 07:57:14,011 [e98e7f84-7e90-42c0-bf2b-bf94ba8f7864-groupManagement] INFO  storage.RaftStorage (RaftStorageImpl.java:format(99)) - Storage directory /home/runner/work/ozone/ozone/hadoop-ozone/integration-test/target/test-dir/MiniOzoneClusterImpl-df80a8b8-78a2-47d1-a2cb-ee48e7cc81f7/datanode-0/data/ratis/93550ce0-fabd-41bb-91c5-23da28c678cc has been successfully formatted.
2024-01-17 07:57:14,011 [e98e7f84-7e90-42c0-bf2b-bf94ba8f7864-groupManagement] WARN  util.FileUtils (LogUtils.java:supplyAndLog(63)) - Failed to Files.newInputStream /home/runner/work/ozone/ozone/hadoop-ozone/integration-test/target/test-dir/MiniOzoneClusterImpl-df80a8b8-78a2-47d1-a2cb-ee48e7cc81f7/datanode-0/data/ratis/93550ce0-fabd-41bb-91c5-23da28c678cc/current/raft-meta.conf with options []: java.nio.file.NoSuchFileException: /home/runner/work/ozone/ozone/hadoop-ozone/integration-test/target/test-dir/MiniOzoneClusterImpl-df80a8b8-78a2-47d1-a2cb-ee48e7cc81f7/datanode-0/data/ratis/93550ce0-fabd-41bb-91c5-23da28c678cc/current/raft-meta.conf
2024-01-17 07:57:14,012 [8d67fbbe-ad76-4934-bcfb-c8cae0dbbecb-groupManagement] INFO  server.RaftServer$Division (RaftServerImpl.java:<init>(256)) - 8d67fbbe-ad76-4934-bcfb-c8cae0dbbecb: new RaftServerImpl for group-5156236736A0:[4f4a0cbc-a9eb-44f0-8d97-06326de93701|10.1.0.6:15041, 8d67fbbe-ad76-4934-bcfb-c8cae0dbbecb|10.1.0.6:15059, 0f18b96a-e4aa-46f4-b611-a6948cf06a42|10.1.0.6:15050] with ContainerStateMachine:uninitialized
2024-01-17 07:57:14,012 [e98e7f84-7e90-42c0-bf2b-bf94ba8f7864-groupManagement] INFO  ratis.ContainerStateMachine (ContainerStateMachine.java:loadSnapshot(287)) - group-23DA28C678CC: The snapshot info is null. Setting the last applied index to:(t:0, i:~)
2024-01-17 07:57:14,012 [e98e7f84-7e90-42c0-bf2b-bf94ba8f7864-groupManagement] INFO  server.RaftServerConfigKeys (ConfUtils.java:logGet(46)) - raft.server.log.use.memory = false (default)
2024-01-17 07:57:14,013 [e98e7f84-7e90-42c0-bf2b-bf94ba8f7864-groupManagement] INFO  server.RaftServerConfigKeys (ConfUtils.java:logGet(46)) - raft.server.log.purge.gap = 1000000 (custom)
2024-01-17 07:57:14,013 [e98e7f84-7e90-42c0-bf2b-bf94ba8f7864-groupManagement] INFO  server.RaftServerConfigKeys (ConfUtils.java:logGet(46)) - raft.server.log.appender.buffer.byte-limit = 8388608 (custom)
2024-01-17 07:57:14,020 [e98e7f84-7e90-42c0-bf2b-bf94ba8f7864-groupManagement] INFO  server.RaftServerConfigKeys (ConfUtils.java:logGet(46)) - raft.server.log.statemachine.data.read.timeout = 1000ms (default)
2024-01-17 07:57:14,020 [e98e7f84-7e90-42c0-bf2b-bf94ba8f7864-groupManagement] INFO  server.RaftServerConfigKeys (ConfUtils.java:logGet(46)) - raft.server.log.purge.preservation.log.num = 0 (default)
2024-01-17 07:57:14,012 [8d67fbbe-ad76-4934-bcfb-c8cae0dbbecb-groupManagement] INFO  server.RaftServerConfigKeys (ConfUtils.java:logGet(46)) - raft.server.rpc.timeout.min = 5s (custom)
2024-01-17 07:57:14,020 [8d67fbbe-ad76-4934-bcfb-c8cae0dbbecb-groupManagement] INFO  server.RaftServerConfigKeys (ConfUtils.java:logGet(46)) - raft.server.rpc.timeout.max = 5200ms (custom)
2024-01-17 07:57:14,020 [8d67fbbe-ad76-4934-bcfb-c8cae0dbbecb-groupManagement] INFO  server.RaftServerConfigKeys (ConfUtils.java:logGet(46)) - raft.server.rpc.sleep.time = 25ms (default)
2024-01-17 07:57:14,020 [8d67fbbe-ad76-4934-bcfb-c8cae0dbbecb-groupManagement] INFO  server.RaftServerConfigKeys (ConfUtils.java:logGet(46)) - raft.server.rpc.slowness.timeout = 300s (custom)
2024-01-17 07:57:14,020 [8d67fbbe-ad76-4934-bcfb-c8cae0dbbecb-groupManagement] INFO  server.RaftServerConfigKeys (ConfUtils.java:logGet(46)) - raft.server.leaderelection.leader.step-down.wait-time = 10s (default)
2024-01-17 07:57:14,021 [8d67fbbe-ad76-4934-bcfb-c8cae0dbbecb-groupManagement] INFO  server.RaftServerConfigKeys (ConfUtils.java:logGet(46)) - raft.server.leaderelection.member.majority-add = false (default)
2024-01-17 07:57:14,021 [8d67fbbe-ad76-4934-bcfb-c8cae0dbbecb-groupManagement] INFO  server.RaftServerConfigKeys (ConfUtils.java:logGet(46)) - raft.server.sleep.deviation.threshold = 300ms (default)
2024-01-17 07:57:14,021 [8d67fbbe-ad76-4934-bcfb-c8cae0dbbecb-groupManagement] INFO  server.RaftServer$Division (ServerState.java:<init>(113)) - 8d67fbbe-ad76-4934-bcfb-c8cae0dbbecb@group-5156236736A0: ConfigurationManager, init=-1: peers:[4f4a0cbc-a9eb-44f0-8d97-06326de93701|10.1.0.6:15041, 8d67fbbe-ad76-4934-bcfb-c8cae0dbbecb|10.1.0.6:15059, 0f18b96a-e4aa-46f4-b611-a6948cf06a42|10.1.0.6:15050]|listeners:[], old=null, confs=<EMPTY_MAP>
2024-01-17 07:57:14,021 [8d67fbbe-ad76-4934-bcfb-c8cae0dbbecb-groupManagement] INFO  server.RaftServerConfigKeys (ConfUtils.java:logGet(46)) - raft.server.notification.no-leader.timeout = 300s (custom)
2024-01-17 07:57:14,021 [8d67fbbe-ad76-4934-bcfb-c8cae0dbbecb-groupManagement] INFO  server.RaftServerConfigKeys (ConfUtils.java:logGet(46)) - raft.server.read.timeout = 10s (default)
2024-01-17 07:57:14,021 [8d67fbbe-ad76-4934-bcfb-c8cae0dbbecb-groupManagement] INFO  server.RaftServerConfigKeys (ConfUtils.java:logGet(46)) - raft.server.retrycache.expirytime = 600000ms (custom)
2024-01-17 07:57:14,021 [8d67fbbe-ad76-4934-bcfb-c8cae0dbbecb-groupManagement] INFO  server.RaftServerConfigKeys (ConfUtils.java:logGet(46)) - raft.server.retrycache.statistics.expirytime = 100ms (default)
2024-01-17 07:57:14,021 [8d67fbbe-ad76-4934-bcfb-c8cae0dbbecb-groupManagement] INFO  server.RaftServerConfigKeys (ConfUtils.java:logGet(46)) - raft.server.read.option = DEFAULT (default)
2024-01-17 07:57:14,021 [8d67fbbe-ad76-4934-bcfb-c8cae0dbbecb-groupManagement] INFO  server.RaftServerConfigKeys (ConfUtils.java:logGet(46)) - raft.server.read.read-after-write-consistent.write-index-cache.expiry-time = 60s (default)
2024-01-17 07:57:14,045 [0f18b96a-e4aa-46f4-b611-a6948cf06a42-groupManagement] INFO  server.RaftServerConfigKeys (ConfUtils.java:logGet(46)) - raft.server.log.segment.size.max = 67108864 (custom)
2024-01-17 07:57:14,050 [0f18b96a-e4aa-46f4-b611-a6948cf06a42-groupManagement] INFO  server.RaftServerConfigKeys (ConfUtils.java:logGet(46)) - raft.server.log.segment.cache.num.max = 2 (custom)
2024-01-17 07:57:14,051 [0f18b96a-e4aa-46f4-b611-a6948cf06a42-groupManagement] INFO  server.RaftServerConfigKeys (ConfUtils.java:logGet(46)) - raft.server.log.segment.cache.size.max = 200MB (=209715200) (default)
2024-01-17 07:57:14,051 [0f18b96a-e4aa-46f4-b611-a6948cf06a42-groupManagement] INFO  server.RaftServerConfigKeys (ConfUtils.java:logGet(46)) - raft.server.log.appender.buffer.byte-limit = 8388608 (custom)
2024-01-17 07:57:14,061 [e98e7f84-7e90-42c0-bf2b-bf94ba8f7864-groupManagement] INFO  server.RaftServerConfigKeys (ConfUtils.java:logGet(46)) - raft.server.log.segment.size.max = 67108864 (custom)
2024-01-17 07:57:14,062 [0f18b96a-e4aa-46f4-b611-a6948cf06a42-groupManagement] INFO  util.AwaitToRun (AwaitToRun.java:start(81)) - Thread[0f18b96a-e4aa-46f4-b611-a6948cf06a42@group-FE8B27BBD9EC-cacheEviction-AwaitToRun,5,main] started
2024-01-17 07:57:14,063 [0f18b96a-e4aa-46f4-b611-a6948cf06a42-groupManagement] INFO  segmented.SegmentedRaftLogWorker (SegmentedRaftLogWorker.java:<init>(182)) - new 0f18b96a-e4aa-46f4-b611-a6948cf06a42@group-FE8B27BBD9EC-SegmentedRaftLogWorker for RaftStorageImpl:Storage Directory /home/runner/work/ozone/ozone/hadoop-ozone/integration-test/target/test-dir/MiniOzoneClusterImpl-df80a8b8-78a2-47d1-a2cb-ee48e7cc81f7/datanode-4/data/ratis/163fc6ed-ef43-4520-8ab8-fe8b27bbd9ec
2024-01-17 07:57:14,064 [0f18b96a-e4aa-46f4-b611-a6948cf06a42-groupManagement] INFO  server.RaftServerConfigKeys (ConfUtils.java:logGet(46)) - raft.server.log.queue.byte-limit = 4294967296 (custom)
2024-01-17 07:57:14,064 [4f4a0cbc-a9eb-44f0-8d97-06326de93701-PipelineCommandHandlerThread-0] INFO  commandhandler.CreatePipelineCommandHandler (CreatePipelineCommandHandler.java:lambda$handle$2(124)) - Created Pipeline RATIS THREE PipelineID=6138af88-ca2e-4b90-8a8e-5156236736a0.
2024-01-17 07:57:14,065 [4f4a0cbc-a9eb-44f0-8d97-06326de93701-PipelineCommandHandlerThread-0] INFO  server.RaftServer (RaftServerProxy.java:addNew(100)) - 4f4a0cbc-a9eb-44f0-8d97-06326de93701: addNew group-FE8B27BBD9EC:[4f4a0cbc-a9eb-44f0-8d97-06326de93701|10.1.0.6:15041, 8d67fbbe-ad76-4934-bcfb-c8cae0dbbecb|10.1.0.6:15059, 0f18b96a-e4aa-46f4-b611-a6948cf06a42|10.1.0.6:15050] returns group-FE8B27BBD9EC:java.util.concurrent.CompletableFuture@5bcc4d3[Not completed]
2024-01-17 07:57:14,064 [0f18b96a-e4aa-46f4-b611-a6948cf06a42-groupManagement] INFO  server.RaftServerConfigKeys (ConfUtils.java:logGet(46)) - raft.server.log.queue.element-limit = 1024 (custom)
2024-01-17 07:57:14,066 [4f4a0cbc-a9eb-44f0-8d97-06326de93701-groupManagement] INFO  server.RaftServer$Division (RaftServerImpl.java:<init>(256)) - 4f4a0cbc-a9eb-44f0-8d97-06326de93701: new RaftServerImpl for group-FE8B27BBD9EC:[4f4a0cbc-a9eb-44f0-8d97-06326de93701|10.1.0.6:15041, 8d67fbbe-ad76-4934-bcfb-c8cae0dbbecb|10.1.0.6:15059, 0f18b96a-e4aa-46f4-b611-a6948cf06a42|10.1.0.6:15050] with ContainerStateMachine:uninitialized
2024-01-17 07:57:14,067 [4f4a0cbc-a9eb-44f0-8d97-06326de93701-groupManagement] INFO  server.RaftServerConfigKeys (ConfUtils.java:logGet(46)) - raft.server.rpc.timeout.min = 5s (custom)
2024-01-17 07:57:14,067 [4f4a0cbc-a9eb-44f0-8d97-06326de93701-groupManagement] INFO  server.RaftServerConfigKeys (ConfUtils.java:logGet(46)) - raft.server.rpc.timeout.max = 5200ms (custom)
2024-01-17 07:57:14,067 [4f4a0cbc-a9eb-44f0-8d97-06326de93701-groupManagement] INFO  server.RaftServerConfigKeys (ConfUtils.java:logGet(46)) - raft.server.rpc.sleep.time = 25ms (default)
2024-01-17 07:57:14,067 [4f4a0cbc-a9eb-44f0-8d97-06326de93701-groupManagement] INFO  server.RaftServerConfigKeys (ConfUtils.java:logGet(46)) - raft.server.rpc.slowness.timeout = 300s (custom)
2024-01-17 07:57:14,067 [4f4a0cbc-a9eb-44f0-8d97-06326de93701-groupManagement] INFO  server.RaftServerConfigKeys (ConfUtils.java:logGet(46)) - raft.server.leaderelection.leader.step-down.wait-time = 10s (default)
2024-01-17 07:57:14,067 [4f4a0cbc-a9eb-44f0-8d97-06326de93701-groupManagement] INFO  server.RaftServerConfigKeys (ConfUtils.java:logGet(46)) - raft.server.leaderelection.member.majority-add = false (default)
2024-01-17 07:57:14,067 [4f4a0cbc-a9eb-44f0-8d97-06326de93701-groupManagement] INFO  server.RaftServerConfigKeys (ConfUtils.java:logGet(46)) - raft.server.sleep.deviation.threshold = 300ms (default)
2024-01-17 07:57:14,067 [4f4a0cbc-a9eb-44f0-8d97-06326de93701-groupManagement] INFO  server.RaftServer$Division (ServerState.java:<init>(113)) - 4f4a0cbc-a9eb-44f0-8d97-06326de93701@group-FE8B27BBD9EC: ConfigurationManager, init=-1: peers:[4f4a0cbc-a9eb-44f0-8d97-06326de93701|10.1.0.6:15041, 8d67fbbe-ad76-4934-bcfb-c8cae0dbbecb|10.1.0.6:15059, 0f18b96a-e4aa-46f4-b611-a6948cf06a42|10.1.0.6:15050]|listeners:[], old=null, confs=<EMPTY_MAP>
2024-01-17 07:57:14,068 [4f4a0cbc-a9eb-44f0-8d97-06326de93701-groupManagement] INFO  server.RaftServerConfigKeys (ConfUtils.java:logGet(46)) - raft.server.notification.no-leader.timeout = 300s (custom)
2024-01-17 07:57:14,068 [4f4a0cbc-a9eb-44f0-8d97-06326de93701-groupManagement] INFO  server.RaftServerConfigKeys (ConfUtils.java:logGet(46)) - raft.server.read.timeout = 10s (default)
2024-01-17 07:57:14,068 [4f4a0cbc-a9eb-44f0-8d97-06326de93701-groupManagement] INFO  server.RaftServerConfigKeys (ConfUtils.java:logGet(46)) - raft.server.retrycache.expirytime = 600000ms (custom)
2024-01-17 07:57:14,068 [4f4a0cbc-a9eb-44f0-8d97-06326de93701-groupManagement] INFO  server.RaftServerConfigKeys (ConfUtils.java:logGet(46)) - raft.server.retrycache.statistics.expirytime = 100ms (default)
2024-01-17 07:57:14,068 [4f4a0cbc-a9eb-44f0-8d97-06326de93701-groupManagement] INFO  server.RaftServerConfigKeys (ConfUtils.java:logGet(46)) - raft.server.read.option = DEFAULT (default)
2024-01-17 07:57:14,068 [4f4a0cbc-a9eb-44f0-8d97-06326de93701-groupManagement] INFO  server.RaftServerConfigKeys (ConfUtils.java:logGet(46)) - raft.server.read.read-after-write-consistent.write-index-cache.expiry-time = 60s (default)
2024-01-17 07:57:14,069 [0f18b96a-e4aa-46f4-b611-a6948cf06a42-groupManagement] INFO  server.RaftServerConfigKeys (ConfUtils.java:logGet(46)) - raft.server.log.segment.size.max = 67108864 (custom)
2024-01-17 07:57:14,070 [0f18b96a-e4aa-46f4-b611-a6948cf06a42-groupManagement] INFO  server.RaftServerConfigKeys (ConfUtils.java:logGet(46)) - raft.server.log.preallocated.size = 4194304 (custom)
2024-01-17 07:57:14,070 [0f18b96a-e4aa-46f4-b611-a6948cf06a42-groupManagement] INFO  server.RaftServerConfigKeys (ConfUtils.java:logGet(46)) - raft.server.log.force.sync.num = 128 (default)
2024-01-17 07:57:14,070 [0f18b96a-e4aa-46f4-b611-a6948cf06a42-groupManagement] INFO  server.RaftServerConfigKeys (ConfUtils.java:logGet(46)) - raft.server.log.statemachine.data.sync = true (default)
2024-01-17 07:57:14,071 [0f18b96a-e4aa-46f4-b611-a6948cf06a42-groupManagement] INFO  server.RaftServerConfigKeys (ConfUtils.java:logGet(46)) - raft.server.log.statemachine.data.sync.timeout = 10s (default)
2024-01-17 07:57:14,071 [0f18b96a-e4aa-46f4-b611-a6948cf06a42-groupManagement] INFO  server.RaftServerConfigKeys (ConfUtils.java:logGet(46)) - raft.server.log.statemachine.data.sync.timeout.retry = 0 (custom)
2024-01-17 07:57:14,076 [e98e7f84-7e90-42c0-bf2b-bf94ba8f7864-groupManagement] INFO  server.RaftServerConfigKeys (ConfUtils.java:logGet(46)) - raft.server.log.segment.cache.num.max = 2 (custom)
2024-01-17 07:57:14,076 [e98e7f84-7e90-42c0-bf2b-bf94ba8f7864-groupManagement] INFO  server.RaftServerConfigKeys (ConfUtils.java:logGet(46)) - raft.server.log.segment.cache.size.max = 200MB (=209715200) (default)
2024-01-17 07:57:14,076 [e98e7f84-7e90-42c0-bf2b-bf94ba8f7864-groupManagement] INFO  server.RaftServerConfigKeys (ConfUtils.java:logGet(46)) - raft.server.log.appender.buffer.byte-limit = 8388608 (custom)
2024-01-17 07:57:14,077 [e98e7f84-7e90-42c0-bf2b-bf94ba8f7864-groupManagement] INFO  util.AwaitToRun (AwaitToRun.java:start(81)) - Thread[e98e7f84-7e90-42c0-bf2b-bf94ba8f7864@group-23DA28C678CC-cacheEviction-AwaitToRun,5,main] started
2024-01-17 07:57:14,077 [e98e7f84-7e90-42c0-bf2b-bf94ba8f7864-groupManagement] INFO  segmented.SegmentedRaftLogWorker (SegmentedRaftLogWorker.java:<init>(182)) - new e98e7f84-7e90-42c0-bf2b-bf94ba8f7864@group-23DA28C678CC-SegmentedRaftLogWorker for RaftStorageImpl:Storage Directory /home/runner/work/ozone/ozone/hadoop-ozone/integration-test/target/test-dir/MiniOzoneClusterImpl-df80a8b8-78a2-47d1-a2cb-ee48e7cc81f7/datanode-0/data/ratis/93550ce0-fabd-41bb-91c5-23da28c678cc
2024-01-17 07:57:14,078 [e98e7f84-7e90-42c0-bf2b-bf94ba8f7864-groupManagement] INFO  server.RaftServerConfigKeys (ConfUtils.java:logGet(46)) - raft.server.log.queue.byte-limit = 4294967296 (custom)
2024-01-17 07:57:14,078 [e98e7f84-7e90-42c0-bf2b-bf94ba8f7864-groupManagement] INFO  server.RaftServerConfigKeys (ConfUtils.java:logGet(46)) - raft.server.log.queue.element-limit = 1024 (custom)
2024-01-17 07:57:14,078 [e98e7f84-7e90-42c0-bf2b-bf94ba8f7864-groupManagement] INFO  server.RaftServerConfigKeys (ConfUtils.java:logGet(46)) - raft.server.log.segment.size.max = 67108864 (custom)
2024-01-17 07:57:14,079 [e98e7f84-7e90-42c0-bf2b-bf94ba8f7864-groupManagement] INFO  server.RaftServerConfigKeys (ConfUtils.java:logGet(46)) - raft.server.log.preallocated.size = 4194304 (custom)
2024-01-17 07:57:14,079 [e98e7f84-7e90-42c0-bf2b-bf94ba8f7864-groupManagement] INFO  server.RaftServerConfigKeys (ConfUtils.java:logGet(46)) - raft.server.log.force.sync.num = 128 (default)
2024-01-17 07:57:14,079 [e98e7f84-7e90-42c0-bf2b-bf94ba8f7864-groupManagement] INFO  server.RaftServerConfigKeys (ConfUtils.java:logGet(46)) - raft.server.log.statemachine.data.sync = true (default)
2024-01-17 07:57:14,080 [e98e7f84-7e90-42c0-bf2b-bf94ba8f7864-groupManagement] INFO  server.RaftServerConfigKeys (ConfUtils.java:logGet(46)) - raft.server.log.statemachine.data.sync.timeout = 10s (default)
2024-01-17 07:57:14,080 [e98e7f84-7e90-42c0-bf2b-bf94ba8f7864-groupManagement] INFO  server.RaftServerConfigKeys (ConfUtils.java:logGet(46)) - raft.server.log.statemachine.data.sync.timeout.retry = 0 (custom)
2024-01-17 07:57:14,081 [0f18b96a-e4aa-46f4-b611-a6948cf06a42-groupManagement] INFO  server.RaftServerConfigKeys (ConfUtils.java:logGet(46)) - raft.server.log.write.buffer.size = 8388616 (custom)
2024-01-17 07:57:14,083 [0f18b96a-e4aa-46f4-b611-a6948cf06a42-groupManagement] INFO  server.RaftServerConfigKeys (ConfUtils.java:logGet(46)) - raft.server.log.appender.buffer.byte-limit = 8388608 (custom)
2024-01-17 07:57:14,083 [0f18b96a-e4aa-46f4-b611-a6948cf06a42-groupManagement] INFO  server.RaftServerConfigKeys (ConfUtils.java:logGet(46)) - raft.server.log.unsafe-flush.enabled = false (default)
2024-01-17 07:57:14,084 [0f18b96a-e4aa-46f4-b611-a6948cf06a42-groupManagement] INFO  server.RaftServerConfigKeys (ConfUtils.java:logGet(46)) - raft.server.log.async-flush.enabled = false (default)
2024-01-17 07:57:14,084 [0f18b96a-e4aa-46f4-b611-a6948cf06a42-groupManagement] INFO  server.RaftServerConfigKeys (ConfUtils.java:logGet(46)) - raft.server.log.statemachine.data.caching.enabled = true (custom)
2024-01-17 07:57:14,084 [0f18b96a-e4aa-46f4-b611-a6948cf06a42-groupManagement] INFO  segmented.SegmentedRaftLogWorker (SegmentedRaftLogWorker.java:lambda$new$0(134)) - 0f18b96a-e4aa-46f4-b611-a6948cf06a42@group-FE8B27BBD9EC-SegmentedRaftLogWorker: flushIndex: setUnconditionally 0 -> -1
2024-01-17 07:57:14,084 [0f18b96a-e4aa-46f4-b611-a6948cf06a42-groupManagement] INFO  segmented.SegmentedRaftLogWorker (SegmentedRaftLogWorker.java:lambda$new$0(134)) - 0f18b96a-e4aa-46f4-b611-a6948cf06a42@group-FE8B27BBD9EC-SegmentedRaftLogWorker: safeCacheEvictIndex: setUnconditionally 0 -> -1
2024-01-17 07:57:14,087 [0f18b96a-e4aa-46f4-b611-a6948cf06a42-groupManagement] INFO  server.RaftServer$Division (RaftServerImpl.java:start(396)) - 0f18b96a-e4aa-46f4-b611-a6948cf06a42@group-FE8B27BBD9EC: start as a follower, conf=-1: peers:[4f4a0cbc-a9eb-44f0-8d97-06326de93701|10.1.0.6:15041, 8d67fbbe-ad76-4934-bcfb-c8cae0dbbecb|10.1.0.6:15059, 0f18b96a-e4aa-46f4-b611-a6948cf06a42|10.1.0.6:15050]|listeners:[], old=null
2024-01-17 07:57:14,087 [0f18b96a-e4aa-46f4-b611-a6948cf06a42-groupManagement] INFO  server.RaftServer$Division (RaftServerImpl.java:setRole(383)) - 0f18b96a-e4aa-46f4-b611-a6948cf06a42@group-FE8B27BBD9EC: changes role from      null to FOLLOWER at term 0 for startAsFollower
2024-01-17 07:57:14,087 [0f18b96a-e4aa-46f4-b611-a6948cf06a42-groupManagement] INFO  impl.RoleInfo (RoleInfo.java:updateAndGet(139)) - 0f18b96a-e4aa-46f4-b611-a6948cf06a42: start 0f18b96a-e4aa-46f4-b611-a6948cf06a42@group-FE8B27BBD9EC-FollowerState
2024-01-17 07:57:14,090 [597b9f4b-0aac-4425-bf2d-48884e3709f6-groupManagement] INFO  server.RaftServerConfigKeys (ConfUtils.java:logGet(46)) - raft.server.rpc.request.timeout = 60s (custom)
2024-01-17 07:57:14,090 [597b9f4b-0aac-4425-bf2d-48884e3709f6-groupManagement] INFO  server.RaftServerConfigKeys (ConfUtils.java:logGet(46)) - raft.server.log.appender.install.snapshot.enabled = false (custom)
2024-01-17 07:57:14,090 [597b9f4b-0aac-4425-bf2d-48884e3709f6-groupManagement] INFO  server.RaftServerConfigKeys (ConfUtils.java:logGet(46)) - raft.server.threadpool.server.cached = true (default)
2024-01-17 07:57:14,090 [597b9f4b-0aac-4425-bf2d-48884e3709f6-groupManagement] INFO  server.RaftServerConfigKeys (ConfUtils.java:logGet(46)) - raft.server.threadpool.server.size = 0 (default)
2024-01-17 07:57:14,090 [597b9f4b-0aac-4425-bf2d-48884e3709f6-groupManagement] INFO  server.RaftServerConfigKeys (ConfUtils.java:logGet(46)) - raft.server.threadpool.client.cached = true (default)
2024-01-17 07:57:14,090 [597b9f4b-0aac-4425-bf2d-48884e3709f6-groupManagement] INFO  server.RaftServerConfigKeys (ConfUtils.java:logGet(46)) - raft.server.threadpool.client.size = 0 (default)
2024-01-17 07:57:14,090 [597b9f4b-0aac-4425-bf2d-48884e3709f6-groupManagement] INFO  server.RaftServerConfigKeys (ConfUtils.java:logGet(46)) - raft.server.storage.free-space.min = 0MB (=0) (default)
2024-01-17 07:57:14,090 [597b9f4b-0aac-4425-bf2d-48884e3709f6-groupManagement] INFO  server.RaftServerConfigKeys (ConfUtils.java:logGet(46)) - raft.server.log.corruption.policy = EXCEPTION (default)
2024-01-17 07:57:14,090 [597b9f4b-0aac-4425-bf2d-48884e3709f6-groupManagement] INFO  server.RaftServerConfigKeys (ConfUtils.java:logGet(46)) - raft.server.storage.dir = [/home/runner/work/ozone/ozone/hadoop-ozone/integration-test/target/test-dir/MiniOzoneClusterImpl-df80a8b8-78a2-47d1-a2cb-ee48e7cc81f7/datanode-1/data/ratis] (custom)
2024-01-17 07:57:14,091 [597b9f4b-0aac-4425-bf2d-48884e3709f6-groupManagement] INFO  storage.RaftStorageDirectory (RaftStorageDirectoryImpl.java:analyzeStorage(138)) - The storage directory /home/runner/work/ozone/ozone/hadoop-ozone/integration-test/target/test-dir/MiniOzoneClusterImpl-df80a8b8-78a2-47d1-a2cb-ee48e7cc81f7/datanode-1/data/ratis/93550ce0-fabd-41bb-91c5-23da28c678cc does not exist. Creating ...
2024-01-17 07:57:14,093 [597b9f4b-0aac-4425-bf2d-48884e3709f6-groupManagement] INFO  storage.RaftStorageDirectory (RaftStorageDirectoryImpl.java:tryLock(228)) - Lock on /home/runner/work/ozone/ozone/hadoop-ozone/integration-test/target/test-dir/MiniOzoneClusterImpl-df80a8b8-78a2-47d1-a2cb-ee48e7cc81f7/datanode-1/data/ratis/93550ce0-fabd-41bb-91c5-23da28c678cc/in_use.lock acquired by nodename 24650@fv-az1531-837
2024-01-17 07:57:14,093 [0f18b96a-e4aa-46f4-b611-a6948cf06a42-groupManagement] INFO  util.JmxRegister (JmxRegister.java:tryRegister(44)) - Successfully registered JMX Bean with object name Ratis:service=RaftServer,group=group-FE8B27BBD9EC,id=0f18b96a-e4aa-46f4-b611-a6948cf06a42
2024-01-17 07:57:14,094 [0f18b96a-e4aa-46f4-b611-a6948cf06a42-groupManagement] INFO  server.RaftServerConfigKeys (ConfUtils.java:logGet(46)) - raft.server.snapshot.trigger-when-stop.enabled = true (default)
2024-01-17 07:57:14,094 [0f18b96a-e4aa-46f4-b611-a6948cf06a42-groupManagement] INFO  server.RaftServerConfigKeys (ConfUtils.java:logGet(46)) - raft.server.snapshot.auto.trigger.enabled = true (custom)
2024-01-17 07:57:14,094 [0f18b96a-e4aa-46f4-b611-a6948cf06a42-groupManagement] INFO  server.RaftServerConfigKeys (ConfUtils.java:logGet(46)) - raft.server.snapshot.auto.trigger.threshold = 10000 (custom)
2024-01-17 07:57:14,094 [0f18b96a-e4aa-46f4-b611-a6948cf06a42-groupManagement] INFO  server.RaftServerConfigKeys (ConfUtils.java:logGet(46)) - raft.server.snapshot.retention.file.num = 5 (custom)
2024-01-17 07:57:14,094 [0f18b96a-e4aa-46f4-b611-a6948cf06a42-groupManagement] INFO  server.RaftServerConfigKeys (ConfUtils.java:logGet(46)) - raft.server.log.purge.upto.snapshot.index = false (default)
2024-01-17 07:57:14,093 [0f18b96a-e4aa-46f4-b611-a6948cf06a42@group-FE8B27BBD9EC-FollowerState] INFO  server.RaftServerConfigKeys (ConfUtils.java:logFallback(53)) - raft.server.rpc.first-election.timeout.min = 5s (fallback to raft.server.rpc.timeout.min)
2024-01-17 07:57:14,095 [0f18b96a-e4aa-46f4-b611-a6948cf06a42@group-FE8B27BBD9EC-FollowerState] INFO  server.RaftServerConfigKeys (ConfUtils.java:logFallback(53)) - raft.server.rpc.first-election.timeout.max = 5200ms (fallback to raft.server.rpc.timeout.max)
2024-01-17 07:57:14,095 [597b9f4b-0aac-4425-bf2d-48884e3709f6-groupManagement] INFO  storage.RaftStorage (RaftStorageImpl.java:format(99)) - Storage directory /home/runner/work/ozone/ozone/hadoop-ozone/integration-test/target/test-dir/MiniOzoneClusterImpl-df80a8b8-78a2-47d1-a2cb-ee48e7cc81f7/datanode-1/data/ratis/93550ce0-fabd-41bb-91c5-23da28c678cc has been successfully formatted.
2024-01-17 07:57:14,096 [597b9f4b-0aac-4425-bf2d-48884e3709f6-groupManagement] WARN  util.FileUtils (LogUtils.java:supplyAndLog(63)) - Failed to Files.newInputStream /home/runner/work/ozone/ozone/hadoop-ozone/integration-test/target/test-dir/MiniOzoneClusterImpl-df80a8b8-78a2-47d1-a2cb-ee48e7cc81f7/datanode-1/data/ratis/93550ce0-fabd-41bb-91c5-23da28c678cc/current/raft-meta.conf with options []: java.nio.file.NoSuchFileException: /home/runner/work/ozone/ozone/hadoop-ozone/integration-test/target/test-dir/MiniOzoneClusterImpl-df80a8b8-78a2-47d1-a2cb-ee48e7cc81f7/datanode-1/data/ratis/93550ce0-fabd-41bb-91c5-23da28c678cc/current/raft-meta.conf
2024-01-17 07:57:14,097 [e98e7f84-7e90-42c0-bf2b-bf94ba8f7864-groupManagement] INFO  server.RaftServerConfigKeys (ConfUtils.java:logGet(46)) - raft.server.log.write.buffer.size = 8388616 (custom)
2024-01-17 07:57:14,098 [1bb81a9c-1547-435f-9d81-d5fca49fbc06-groupManagement] INFO  server.RaftServerConfigKeys (ConfUtils.java:logGet(46)) - raft.server.rpc.request.timeout = 60s (custom)
2024-01-17 07:57:14,098 [1bb81a9c-1547-435f-9d81-d5fca49fbc06-groupManagement] INFO  server.RaftServerConfigKeys (ConfUtils.java:logGet(46)) - raft.server.log.appender.install.snapshot.enabled = false (custom)
2024-01-17 07:57:14,099 [1bb81a9c-1547-435f-9d81-d5fca49fbc06-groupManagement] INFO  server.RaftServerConfigKeys (ConfUtils.java:logGet(46)) - raft.server.threadpool.server.cached = true (default)
2024-01-17 07:57:14,099 [1bb81a9c-1547-435f-9d81-d5fca49fbc06-groupManagement] INFO  server.RaftServerConfigKeys (ConfUtils.java:logGet(46)) - raft.server.threadpool.server.size = 0 (default)
2024-01-17 07:57:14,100 [1bb81a9c-1547-435f-9d81-d5fca49fbc06-groupManagement] INFO  server.RaftServerConfigKeys (ConfUtils.java:logGet(46)) - raft.server.threadpool.client.cached = true (default)
2024-01-17 07:57:14,100 [0f18b96a-e4aa-46f4-b611-a6948cf06a42-PipelineCommandHandlerThread-0] INFO  ratis.XceiverServerRatis (XceiverServerRatis.java:addGroup(842)) - Created group PipelineID=163fc6ed-ef43-4520-8ab8-fe8b27bbd9ec
2024-01-17 07:57:14,100 [1bb81a9c-1547-435f-9d81-d5fca49fbc06-groupManagement] INFO  server.RaftServerConfigKeys (ConfUtils.java:logGet(46)) - raft.server.threadpool.client.size = 0 (default)
2024-01-17 07:57:14,100 [1bb81a9c-1547-435f-9d81-d5fca49fbc06-groupManagement] INFO  server.RaftServerConfigKeys (ConfUtils.java:logGet(46)) - raft.server.storage.free-space.min = 0MB (=0) (default)
2024-01-17 07:57:14,100 [1bb81a9c-1547-435f-9d81-d5fca49fbc06-groupManagement] INFO  server.RaftServerConfigKeys (ConfUtils.java:logGet(46)) - raft.server.log.corruption.policy = EXCEPTION (default)
2024-01-17 07:57:14,102 [1bb81a9c-1547-435f-9d81-d5fca49fbc06-groupManagement] INFO  server.RaftServerConfigKeys (ConfUtils.java:logGet(46)) - raft.server.storage.dir = [/home/runner/work/ozone/ozone/hadoop-ozone/integration-test/target/test-dir/MiniOzoneClusterImpl-df80a8b8-78a2-47d1-a2cb-ee48e7cc81f7/datanode-2/data/ratis] (custom)
2024-01-17 07:57:14,103 [1bb81a9c-1547-435f-9d81-d5fca49fbc06-groupManagement] INFO  storage.RaftStorageDirectory (RaftStorageDirectoryImpl.java:analyzeStorage(138)) - The storage directory /home/runner/work/ozone/ozone/hadoop-ozone/integration-test/target/test-dir/MiniOzoneClusterImpl-df80a8b8-78a2-47d1-a2cb-ee48e7cc81f7/datanode-2/data/ratis/93550ce0-fabd-41bb-91c5-23da28c678cc does not exist. Creating ...
2024-01-17 07:57:14,101 [597b9f4b-0aac-4425-bf2d-48884e3709f6-groupManagement] INFO  ratis.ContainerStateMachine (ContainerStateMachine.java:loadSnapshot(287)) - group-23DA28C678CC: The snapshot info is null. Setting the last applied index to:(t:0, i:~)
2024-01-17 07:57:14,104 [597b9f4b-0aac-4425-bf2d-48884e3709f6-groupManagement] INFO  server.RaftServerConfigKeys (ConfUtils.java:logGet(46)) - raft.server.log.use.memory = false (default)
2024-01-17 07:57:14,109 [1bb81a9c-1547-435f-9d81-d5fca49fbc06-groupManagement] INFO  storage.RaftStorageDirectory (RaftStorageDirectoryImpl.java:tryLock(228)) - Lock on /home/runner/work/ozone/ozone/hadoop-ozone/integration-test/target/test-dir/MiniOzoneClusterImpl-df80a8b8-78a2-47d1-a2cb-ee48e7cc81f7/datanode-2/data/ratis/93550ce0-fabd-41bb-91c5-23da28c678cc/in_use.lock acquired by nodename 24650@fv-az1531-837
2024-01-17 07:57:14,109 [e98e7f84-7e90-42c0-bf2b-bf94ba8f7864-groupManagement] INFO  server.RaftServerConfigKeys (ConfUtils.java:logGet(46)) - raft.server.log.appender.buffer.byte-limit = 8388608 (custom)
2024-01-17 07:57:14,114 [e98e7f84-7e90-42c0-bf2b-bf94ba8f7864-groupManagement] INFO  server.RaftServerConfigKeys (ConfUtils.java:logGet(46)) - raft.server.log.unsafe-flush.enabled = false (default)
2024-01-17 07:57:14,114 [e98e7f84-7e90-42c0-bf2b-bf94ba8f7864-groupManagement] INFO  server.RaftServerConfigKeys (ConfUtils.java:logGet(46)) - raft.server.log.async-flush.enabled = false (default)
2024-01-17 07:57:14,114 [e98e7f84-7e90-42c0-bf2b-bf94ba8f7864-groupManagement] INFO  server.RaftServerConfigKeys (ConfUtils.java:logGet(46)) - raft.server.log.statemachine.data.caching.enabled = true (custom)
2024-01-17 07:57:14,114 [e98e7f84-7e90-42c0-bf2b-bf94ba8f7864-groupManagement] INFO  segmented.SegmentedRaftLogWorker (SegmentedRaftLogWorker.java:lambda$new$0(134)) - e98e7f84-7e90-42c0-bf2b-bf94ba8f7864@group-23DA28C678CC-SegmentedRaftLogWorker: flushIndex: setUnconditionally 0 -> -1
2024-01-17 07:57:14,114 [e98e7f84-7e90-42c0-bf2b-bf94ba8f7864-groupManagement] INFO  segmented.SegmentedRaftLogWorker (SegmentedRaftLogWorker.java:lambda$new$0(134)) - e98e7f84-7e90-42c0-bf2b-bf94ba8f7864@group-23DA28C678CC-SegmentedRaftLogWorker: safeCacheEvictIndex: setUnconditionally 0 -> -1
2024-01-17 07:57:14,109 [8d67fbbe-ad76-4934-bcfb-c8cae0dbbecb-groupManagement] INFO  server.RaftServerConfigKeys (ConfUtils.java:logGet(46)) - raft.server.rpc.request.timeout = 60s (custom)
2024-01-17 07:57:14,114 [8d67fbbe-ad76-4934-bcfb-c8cae0dbbecb-groupManagement] INFO  server.RaftServerConfigKeys (ConfUtils.java:logGet(46)) - raft.server.log.appender.install.snapshot.enabled = false (custom)
2024-01-17 07:57:14,114 [8d67fbbe-ad76-4934-bcfb-c8cae0dbbecb-groupManagement] INFO  server.RaftServerConfigKeys (ConfUtils.java:logGet(46)) - raft.server.threadpool.server.cached = true (default)
2024-01-17 07:57:14,115 [8d67fbbe-ad76-4934-bcfb-c8cae0dbbecb-groupManagement] INFO  server.RaftServerConfigKeys (ConfUtils.java:logGet(46)) - raft.server.threadpool.server.size = 0 (default)
2024-01-17 07:57:14,115 [8d67fbbe-ad76-4934-bcfb-c8cae0dbbecb-groupManagement] INFO  server.RaftServerConfigKeys (ConfUtils.java:logGet(46)) - raft.server.threadpool.client.cached = true (default)
2024-01-17 07:57:14,115 [8d67fbbe-ad76-4934-bcfb-c8cae0dbbecb-groupManagement] INFO  server.RaftServerConfigKeys (ConfUtils.java:logGet(46)) - raft.server.threadpool.client.size = 0 (default)
2024-01-17 07:57:14,115 [8d67fbbe-ad76-4934-bcfb-c8cae0dbbecb-groupManagement] INFO  server.RaftServerConfigKeys (ConfUtils.java:logGet(46)) - raft.server.storage.free-space.min = 0MB (=0) (default)
2024-01-17 07:57:14,115 [8d67fbbe-ad76-4934-bcfb-c8cae0dbbecb-groupManagement] INFO  server.RaftServerConfigKeys (ConfUtils.java:logGet(46)) - raft.server.log.corruption.policy = EXCEPTION (default)
2024-01-17 07:57:14,115 [8d67fbbe-ad76-4934-bcfb-c8cae0dbbecb-groupManagement] INFO  server.RaftServerConfigKeys (ConfUtils.java:logGet(46)) - raft.server.storage.dir = [/home/runner/work/ozone/ozone/hadoop-ozone/integration-test/target/test-dir/MiniOzoneClusterImpl-df80a8b8-78a2-47d1-a2cb-ee48e7cc81f7/datanode-5/data/ratis] (custom)
2024-01-17 07:57:14,115 [8d67fbbe-ad76-4934-bcfb-c8cae0dbbecb-groupManagement] INFO  storage.RaftStorageDirectory (RaftStorageDirectoryImpl.java:analyzeStorage(138)) - The storage directory /home/runner/work/ozone/ozone/hadoop-ozone/integration-test/target/test-dir/MiniOzoneClusterImpl-df80a8b8-78a2-47d1-a2cb-ee48e7cc81f7/datanode-5/data/ratis/6138af88-ca2e-4b90-8a8e-5156236736a0 does not exist. Creating ...
2024-01-17 07:57:14,113 [597b9f4b-0aac-4425-bf2d-48884e3709f6-groupManagement] INFO  server.RaftServerConfigKeys (ConfUtils.java:logGet(46)) - raft.server.log.purge.gap = 1000000 (custom)
2024-01-17 07:57:14,116 [597b9f4b-0aac-4425-bf2d-48884e3709f6-groupManagement] INFO  server.RaftServerConfigKeys (ConfUtils.java:logGet(46)) - raft.server.log.appender.buffer.byte-limit = 8388608 (custom)
2024-01-17 07:57:14,116 [597b9f4b-0aac-4425-bf2d-48884e3709f6-groupManagement] INFO  server.RaftServerConfigKeys (ConfUtils.java:logGet(46)) - raft.server.log.statemachine.data.read.timeout = 1000ms (default)
2024-01-17 07:57:14,116 [597b9f4b-0aac-4425-bf2d-48884e3709f6-groupManagement] INFO  server.RaftServerConfigKeys (ConfUtils.java:logGet(46)) - raft.server.log.purge.preservation.log.num = 0 (default)
2024-01-17 07:57:14,116 [8d67fbbe-ad76-4934-bcfb-c8cae0dbbecb-groupManagement] INFO  storage.RaftStorageDirectory (RaftStorageDirectoryImpl.java:tryLock(228)) - Lock on /home/runner/work/ozone/ozone/hadoop-ozone/integration-test/target/test-dir/MiniOzoneClusterImpl-df80a8b8-78a2-47d1-a2cb-ee48e7cc81f7/datanode-5/data/ratis/6138af88-ca2e-4b90-8a8e-5156236736a0/in_use.lock acquired by nodename 24650@fv-az1531-837
2024-01-17 07:57:14,118 [1bb81a9c-1547-435f-9d81-d5fca49fbc06-groupManagement] INFO  storage.RaftStorage (RaftStorageImpl.java:format(99)) - Storage directory /home/runner/work/ozone/ozone/hadoop-ozone/integration-test/target/test-dir/MiniOzoneClusterImpl-df80a8b8-78a2-47d1-a2cb-ee48e7cc81f7/datanode-2/data/ratis/93550ce0-fabd-41bb-91c5-23da28c678cc has been successfully formatted.
2024-01-17 07:57:14,118 [1bb81a9c-1547-435f-9d81-d5fca49fbc06-groupManagement] WARN  util.FileUtils (LogUtils.java:supplyAndLog(63)) - Failed to Files.newInputStream /home/runner/work/ozone/ozone/hadoop-ozone/integration-test/target/test-dir/MiniOzoneClusterImpl-df80a8b8-78a2-47d1-a2cb-ee48e7cc81f7/datanode-2/data/ratis/93550ce0-fabd-41bb-91c5-23da28c678cc/current/raft-meta.conf with options []: java.nio.file.NoSuchFileException: /home/runner/work/ozone/ozone/hadoop-ozone/integration-test/target/test-dir/MiniOzoneClusterImpl-df80a8b8-78a2-47d1-a2cb-ee48e7cc81f7/datanode-2/data/ratis/93550ce0-fabd-41bb-91c5-23da28c678cc/current/raft-meta.conf
2024-01-17 07:57:14,118 [8d67fbbe-ad76-4934-bcfb-c8cae0dbbecb-groupManagement] INFO  storage.RaftStorage (RaftStorageImpl.java:format(99)) - Storage directory /home/runner/work/ozone/ozone/hadoop-ozone/integration-test/target/test-dir/MiniOzoneClusterImpl-df80a8b8-78a2-47d1-a2cb-ee48e7cc81f7/datanode-5/data/ratis/6138af88-ca2e-4b90-8a8e-5156236736a0 has been successfully formatted.
2024-01-17 07:57:14,119 [8d67fbbe-ad76-4934-bcfb-c8cae0dbbecb-groupManagement] WARN  util.FileUtils (LogUtils.java:supplyAndLog(63)) - Failed to Files.newInputStream /home/runner/work/ozone/ozone/hadoop-ozone/integration-test/target/test-dir/MiniOzoneClusterImpl-df80a8b8-78a2-47d1-a2cb-ee48e7cc81f7/datanode-5/data/ratis/6138af88-ca2e-4b90-8a8e-5156236736a0/current/raft-meta.conf with options []: java.nio.file.NoSuchFileException: /home/runner/work/ozone/ozone/hadoop-ozone/integration-test/target/test-dir/MiniOzoneClusterImpl-df80a8b8-78a2-47d1-a2cb-ee48e7cc81f7/datanode-5/data/ratis/6138af88-ca2e-4b90-8a8e-5156236736a0/current/raft-meta.conf
2024-01-17 07:57:14,119 [e98e7f84-7e90-42c0-bf2b-bf94ba8f7864-groupManagement] INFO  server.RaftServer$Division (RaftServerImpl.java:start(396)) - e98e7f84-7e90-42c0-bf2b-bf94ba8f7864@group-23DA28C678CC: start as a follower, conf=-1: peers:[e98e7f84-7e90-42c0-bf2b-bf94ba8f7864|10.1.0.6:15014, 597b9f4b-0aac-4425-bf2d-48884e3709f6|10.1.0.6:15023, 1bb81a9c-1547-435f-9d81-d5fca49fbc06|10.1.0.6:15032]|listeners:[], old=null
2024-01-17 07:57:14,119 [e98e7f84-7e90-42c0-bf2b-bf94ba8f7864-groupManagement] INFO  server.RaftServer$Division (RaftServerImpl.java:setRole(383)) - e98e7f84-7e90-42c0-bf2b-bf94ba8f7864@group-23DA28C678CC: changes role from      null to FOLLOWER at term 0 for startAsFollower
2024-01-17 07:57:14,119 [e98e7f84-7e90-42c0-bf2b-bf94ba8f7864-groupManagement] INFO  impl.RoleInfo (RoleInfo.java:updateAndGet(139)) - e98e7f84-7e90-42c0-bf2b-bf94ba8f7864: start e98e7f84-7e90-42c0-bf2b-bf94ba8f7864@group-23DA28C678CC-FollowerState
2024-01-17 07:57:14,124 [8d67fbbe-ad76-4934-bcfb-c8cae0dbbecb-groupManagement] INFO  ratis.ContainerStateMachine (ContainerStateMachine.java:loadSnapshot(287)) - group-5156236736A0: The snapshot info is null. Setting the last applied index to:(t:0, i:~)
2024-01-17 07:57:14,124 [8d67fbbe-ad76-4934-bcfb-c8cae0dbbecb-groupManagement] INFO  server.RaftServerConfigKeys (ConfUtils.java:logGet(46)) - raft.server.log.use.memory = false (default)
2024-01-17 07:57:14,124 [8d67fbbe-ad76-4934-bcfb-c8cae0dbbecb-groupManagement] INFO  server.RaftServerConfigKeys (ConfUtils.java:logGet(46)) - raft.server.log.purge.gap = 1000000 (custom)
2024-01-17 07:57:14,124 [8d67fbbe-ad76-4934-bcfb-c8cae0dbbecb-groupManagement] INFO  server.RaftServerConfigKeys (ConfUtils.java:logGet(46)) - raft.server.log.appender.buffer.byte-limit = 8388608 (custom)
2024-01-17 07:57:14,124 [8d67fbbe-ad76-4934-bcfb-c8cae0dbbecb-groupManagement] INFO  server.RaftServerConfigKeys (ConfUtils.java:logGet(46)) - raft.server.log.statemachine.data.read.timeout = 1000ms (default)
2024-01-17 07:57:14,125 [8d67fbbe-ad76-4934-bcfb-c8cae0dbbecb-groupManagement] INFO  server.RaftServerConfigKeys (ConfUtils.java:logGet(46)) - raft.server.log.purge.preservation.log.num = 0 (default)
2024-01-17 07:57:14,129 [e98e7f84-7e90-42c0-bf2b-bf94ba8f7864@group-23DA28C678CC-FollowerState] INFO  server.RaftServerConfigKeys (ConfUtils.java:logFallback(53)) - raft.server.rpc.first-election.timeout.min = 5s (fallback to raft.server.rpc.timeout.min)
2024-01-17 07:57:14,129 [e98e7f84-7e90-42c0-bf2b-bf94ba8f7864@group-23DA28C678CC-FollowerState] INFO  server.RaftServerConfigKeys (ConfUtils.java:logFallback(53)) - raft.server.rpc.first-election.timeout.max = 5200ms (fallback to raft.server.rpc.timeout.max)
2024-01-17 07:57:14,130 [eb5c9b0d-19e6-4136-9089-8a3b0879ad33-PipelineCommandHandlerThread-0] INFO  server.RaftServer (RaftServerProxy.java:addNew(100)) - eb5c9b0d-19e6-4136-9089-8a3b0879ad33: addNew group-E9E02E74B481:[eb5c9b0d-19e6-4136-9089-8a3b0879ad33|10.1.0.6:15068, 497ccbea-d6cf-4731-95da-fa3df448bf79|10.1.0.6:15086, bdef3149-2cc3-439b-89a6-09b93146a606|10.1.0.6:15077] returns group-E9E02E74B481:java.util.concurrent.CompletableFuture@66b05a0d[Not completed]
2024-01-17 07:57:14,131 [1bb81a9c-1547-435f-9d81-d5fca49fbc06-groupManagement] INFO  ratis.ContainerStateMachine (ContainerStateMachine.java:loadSnapshot(287)) - group-23DA28C678CC: The snapshot info is null. Setting the last applied index to:(t:0, i:~)
2024-01-17 07:57:14,131 [1bb81a9c-1547-435f-9d81-d5fca49fbc06-groupManagement] INFO  server.RaftServerConfigKeys (ConfUtils.java:logGet(46)) - raft.server.log.use.memory = false (default)
2024-01-17 07:57:14,131 [1bb81a9c-1547-435f-9d81-d5fca49fbc06-groupManagement] INFO  server.RaftServerConfigKeys (ConfUtils.java:logGet(46)) - raft.server.log.purge.gap = 1000000 (custom)
2024-01-17 07:57:14,131 [1bb81a9c-1547-435f-9d81-d5fca49fbc06-groupManagement] INFO  server.RaftServerConfigKeys (ConfUtils.java:logGet(46)) - raft.server.log.appender.buffer.byte-limit = 8388608 (custom)
2024-01-17 07:57:14,131 [1bb81a9c-1547-435f-9d81-d5fca49fbc06-groupManagement] INFO  server.RaftServerConfigKeys (ConfUtils.java:logGet(46)) - raft.server.log.statemachine.data.read.timeout = 1000ms (default)
2024-01-17 07:57:14,131 [1bb81a9c-1547-435f-9d81-d5fca49fbc06-groupManagement] INFO  server.RaftServerConfigKeys (ConfUtils.java:logGet(46)) - raft.server.log.purge.preservation.log.num = 0 (default)
2024-01-17 07:57:14,131 [e98e7f84-7e90-42c0-bf2b-bf94ba8f7864-groupManagement] INFO  util.JmxRegister (JmxRegister.java:tryRegister(44)) - Successfully registered JMX Bean with object name Ratis:service=RaftServer,group=group-23DA28C678CC,id=e98e7f84-7e90-42c0-bf2b-bf94ba8f7864
2024-01-17 07:57:14,132 [e98e7f84-7e90-42c0-bf2b-bf94ba8f7864-groupManagement] INFO  server.RaftServerConfigKeys (ConfUtils.java:logGet(46)) - raft.server.snapshot.trigger-when-stop.enabled = true (default)
2024-01-17 07:57:14,132 [e98e7f84-7e90-42c0-bf2b-bf94ba8f7864-groupManagement] INFO  server.RaftServerConfigKeys (ConfUtils.java:logGet(46)) - raft.server.snapshot.auto.trigger.enabled = true (custom)
2024-01-17 07:57:14,132 [e98e7f84-7e90-42c0-bf2b-bf94ba8f7864-groupManagement] INFO  server.RaftServerConfigKeys (ConfUtils.java:logGet(46)) - raft.server.snapshot.auto.trigger.threshold = 10000 (custom)
2024-01-17 07:57:14,132 [e98e7f84-7e90-42c0-bf2b-bf94ba8f7864-groupManagement] INFO  server.RaftServerConfigKeys (ConfUtils.java:logGet(46)) - raft.server.snapshot.retention.file.num = 5 (custom)
2024-01-17 07:57:14,132 [e98e7f84-7e90-42c0-bf2b-bf94ba8f7864-groupManagement] INFO  server.RaftServerConfigKeys (ConfUtils.java:logGet(46)) - raft.server.log.purge.upto.snapshot.index = false (default)
2024-01-17 07:57:14,133 [eb5c9b0d-19e6-4136-9089-8a3b0879ad33-groupManagement] INFO  server.RaftServer$Division (RaftServerImpl.java:<init>(256)) - eb5c9b0d-19e6-4136-9089-8a3b0879ad33: new RaftServerImpl for group-E9E02E74B481:[eb5c9b0d-19e6-4136-9089-8a3b0879ad33|10.1.0.6:15068, 497ccbea-d6cf-4731-95da-fa3df448bf79|10.1.0.6:15086, bdef3149-2cc3-439b-89a6-09b93146a606|10.1.0.6:15077] with ContainerStateMachine:uninitialized
2024-01-17 07:57:14,133 [eb5c9b0d-19e6-4136-9089-8a3b0879ad33-groupManagement] INFO  server.RaftServerConfigKeys (ConfUtils.java:logGet(46)) - raft.server.rpc.timeout.min = 5s (custom)
2024-01-17 07:57:14,133 [eb5c9b0d-19e6-4136-9089-8a3b0879ad33-groupManagement] INFO  server.RaftServerConfigKeys (ConfUtils.java:logGet(46)) - raft.server.rpc.timeout.max = 5200ms (custom)
2024-01-17 07:57:14,133 [eb5c9b0d-19e6-4136-9089-8a3b0879ad33-groupManagement] INFO  server.RaftServerConfigKeys (ConfUtils.java:logGet(46)) - raft.server.rpc.sleep.time = 25ms (default)
2024-01-17 07:57:14,133 [eb5c9b0d-19e6-4136-9089-8a3b0879ad33-groupManagement] INFO  server.RaftServerConfigKeys (ConfUtils.java:logGet(46)) - raft.server.rpc.slowness.timeout = 300s (custom)
2024-01-17 07:57:14,133 [eb5c9b0d-19e6-4136-9089-8a3b0879ad33-groupManagement] INFO  server.RaftServerConfigKeys (ConfUtils.java:logGet(46)) - raft.server.leaderelection.leader.step-down.wait-time = 10s (default)
2024-01-17 07:57:14,133 [eb5c9b0d-19e6-4136-9089-8a3b0879ad33-groupManagement] INFO  server.RaftServerConfigKeys (ConfUtils.java:logGet(46)) - raft.server.leaderelection.member.majority-add = false (default)
2024-01-17 07:57:14,133 [eb5c9b0d-19e6-4136-9089-8a3b0879ad33-groupManagement] INFO  server.RaftServerConfigKeys (ConfUtils.java:logGet(46)) - raft.server.sleep.deviation.threshold = 300ms (default)
2024-01-17 07:57:14,133 [eb5c9b0d-19e6-4136-9089-8a3b0879ad33-groupManagement] INFO  server.RaftServer$Division (ServerState.java:<init>(113)) - eb5c9b0d-19e6-4136-9089-8a3b0879ad33@group-E9E02E74B481: ConfigurationManager, init=-1: peers:[eb5c9b0d-19e6-4136-9089-8a3b0879ad33|10.1.0.6:15068, 497ccbea-d6cf-4731-95da-fa3df448bf79|10.1.0.6:15086, bdef3149-2cc3-439b-89a6-09b93146a606|10.1.0.6:15077]|listeners:[], old=null, confs=<EMPTY_MAP>
2024-01-17 07:57:14,136 [eb5c9b0d-19e6-4136-9089-8a3b0879ad33-groupManagement] INFO  server.RaftServerConfigKeys (ConfUtils.java:logGet(46)) - raft.server.notification.no-leader.timeout = 300s (custom)
2024-01-17 07:57:14,136 [eb5c9b0d-19e6-4136-9089-8a3b0879ad33-groupManagement] INFO  server.RaftServerConfigKeys (ConfUtils.java:logGet(46)) - raft.server.read.timeout = 10s (default)
2024-01-17 07:57:14,136 [eb5c9b0d-19e6-4136-9089-8a3b0879ad33-groupManagement] INFO  server.RaftServerConfigKeys (ConfUtils.java:logGet(46)) - raft.server.retrycache.expirytime = 600000ms (custom)
2024-01-17 07:57:14,136 [eb5c9b0d-19e6-4136-9089-8a3b0879ad33-groupManagement] INFO  server.RaftServerConfigKeys (ConfUtils.java:logGet(46)) - raft.server.retrycache.statistics.expirytime = 100ms (default)
2024-01-17 07:57:14,137 [eb5c9b0d-19e6-4136-9089-8a3b0879ad33-groupManagement] INFO  server.RaftServerConfigKeys (ConfUtils.java:logGet(46)) - raft.server.read.option = DEFAULT (default)
2024-01-17 07:57:14,137 [eb5c9b0d-19e6-4136-9089-8a3b0879ad33-groupManagement] INFO  server.RaftServerConfigKeys (ConfUtils.java:logGet(46)) - raft.server.read.read-after-write-consistent.write-index-cache.expiry-time = 60s (default)
2024-01-17 07:57:14,176 [e98e7f84-7e90-42c0-bf2b-bf94ba8f7864-PipelineCommandHandlerThread-0] INFO  ratis.XceiverServerRatis (XceiverServerRatis.java:addGroup(842)) - Created group PipelineID=93550ce0-fabd-41bb-91c5-23da28c678cc
2024-01-17 07:57:14,176 [grpc-default-executor-1] INFO  server.RaftServer (RaftServerProxy.java:addNew(100)) - 8d67fbbe-ad76-4934-bcfb-c8cae0dbbecb: addNew group-FE8B27BBD9EC:[4f4a0cbc-a9eb-44f0-8d97-06326de93701|10.1.0.6:15041, 8d67fbbe-ad76-4934-bcfb-c8cae0dbbecb|10.1.0.6:15059, 0f18b96a-e4aa-46f4-b611-a6948cf06a42|10.1.0.6:15050] returns group-FE8B27BBD9EC:java.util.concurrent.CompletableFuture@6e6fad86[Not completed]
2024-01-17 07:57:14,186 [597b9f4b-0aac-4425-bf2d-48884e3709f6-groupManagement] INFO  server.RaftServerConfigKeys (ConfUtils.java:logGet(46)) - raft.server.log.segment.size.max = 67108864 (custom)
2024-01-17 07:57:14,198 [597b9f4b-0aac-4425-bf2d-48884e3709f6-groupManagement] INFO  server.RaftServerConfigKeys (ConfUtils.java:logGet(46)) - raft.server.log.segment.cache.num.max = 2 (custom)
2024-01-17 07:57:14,199 [597b9f4b-0aac-4425-bf2d-48884e3709f6-groupManagement] INFO  server.RaftServerConfigKeys (ConfUtils.java:logGet(46)) - raft.server.log.segment.cache.size.max = 200MB (=209715200) (default)
2024-01-17 07:57:14,199 [597b9f4b-0aac-4425-bf2d-48884e3709f6-groupManagement] INFO  server.RaftServerConfigKeys (ConfUtils.java:logGet(46)) - raft.server.log.appender.buffer.byte-limit = 8388608 (custom)
2024-01-17 07:57:14,204 [8d67fbbe-ad76-4934-bcfb-c8cae0dbbecb-groupManagement] INFO  server.RaftServerConfigKeys (ConfUtils.java:logGet(46)) - raft.server.log.segment.size.max = 67108864 (custom)
2024-01-17 07:57:14,205 [597b9f4b-0aac-4425-bf2d-48884e3709f6-groupManagement] INFO  util.AwaitToRun (AwaitToRun.java:start(81)) - Thread[597b9f4b-0aac-4425-bf2d-48884e3709f6@group-23DA28C678CC-cacheEviction-AwaitToRun,5,main] started
2024-01-17 07:57:14,205 [597b9f4b-0aac-4425-bf2d-48884e3709f6-groupManagement] INFO  segmented.SegmentedRaftLogWorker (SegmentedRaftLogWorker.java:<init>(182)) - new 597b9f4b-0aac-4425-bf2d-48884e3709f6@group-23DA28C678CC-SegmentedRaftLogWorker for RaftStorageImpl:Storage Directory /home/runner/work/ozone/ozone/hadoop-ozone/integration-test/target/test-dir/MiniOzoneClusterImpl-df80a8b8-78a2-47d1-a2cb-ee48e7cc81f7/datanode-1/data/ratis/93550ce0-fabd-41bb-91c5-23da28c678cc
2024-01-17 07:57:14,205 [597b9f4b-0aac-4425-bf2d-48884e3709f6-groupManagement] INFO  server.RaftServerConfigKeys (ConfUtils.java:logGet(46)) - raft.server.log.queue.byte-limit = 4294967296 (custom)
2024-01-17 07:57:14,205 [597b9f4b-0aac-4425-bf2d-48884e3709f6-groupManagement] INFO  server.RaftServerConfigKeys (ConfUtils.java:logGet(46)) - raft.server.log.queue.element-limit = 1024 (custom)
2024-01-17 07:57:14,205 [597b9f4b-0aac-4425-bf2d-48884e3709f6-groupManagement] INFO  server.RaftServerConfigKeys (ConfUtils.java:logGet(46)) - raft.server.log.segment.size.max = 67108864 (custom)
2024-01-17 07:57:14,205 [597b9f4b-0aac-4425-bf2d-48884e3709f6-groupManagement] INFO  server.RaftServerConfigKeys (ConfUtils.java:logGet(46)) - raft.server.log.preallocated.size = 4194304 (custom)
2024-01-17 07:57:14,205 [597b9f4b-0aac-4425-bf2d-48884e3709f6-groupManagement] INFO  server.RaftServerConfigKeys (ConfUtils.java:logGet(46)) - raft.server.log.force.sync.num = 128 (default)
2024-01-17 07:57:14,205 [597b9f4b-0aac-4425-bf2d-48884e3709f6-groupManagement] INFO  server.RaftServerConfigKeys (ConfUtils.java:logGet(46)) - raft.server.log.statemachine.data.sync = true (default)
2024-01-17 07:57:14,206 [597b9f4b-0aac-4425-bf2d-48884e3709f6-groupManagement] INFO  server.RaftServerConfigKeys (ConfUtils.java:logGet(46)) - raft.server.log.statemachine.data.sync.timeout = 10s (default)
2024-01-17 07:57:14,206 [597b9f4b-0aac-4425-bf2d-48884e3709f6-groupManagement] INFO  server.RaftServerConfigKeys (ConfUtils.java:logGet(46)) - raft.server.log.statemachine.data.sync.timeout.retry = 0 (custom)
2024-01-17 07:57:14,207 [1bb81a9c-1547-435f-9d81-d5fca49fbc06-groupManagement] INFO  server.RaftServerConfigKeys (ConfUtils.java:logGet(46)) - raft.server.log.segment.size.max = 67108864 (custom)
2024-01-17 07:57:14,249 [8d67fbbe-ad76-4934-bcfb-c8cae0dbbecb-groupManagement] INFO  server.RaftServerConfigKeys (ConfUtils.java:logGet(46)) - raft.server.log.segment.cache.num.max = 2 (custom)
2024-01-17 07:57:14,249 [8d67fbbe-ad76-4934-bcfb-c8cae0dbbecb-groupManagement] INFO  server.RaftServerConfigKeys (ConfUtils.java:logGet(46)) - raft.server.log.segment.cache.size.max = 200MB (=209715200) (default)
2024-01-17 07:57:14,249 [8d67fbbe-ad76-4934-bcfb-c8cae0dbbecb-groupManagement] INFO  server.RaftServerConfigKeys (ConfUtils.java:logGet(46)) - raft.server.log.appender.buffer.byte-limit = 8388608 (custom)
2024-01-17 07:57:14,250 [597b9f4b-0aac-4425-bf2d-48884e3709f6-groupManagement] INFO  server.RaftServerConfigKeys (ConfUtils.java:logGet(46)) - raft.server.log.write.buffer.size = 8388616 (custom)
2024-01-17 07:57:14,252 [597b9f4b-0aac-4425-bf2d-48884e3709f6-groupManagement] INFO  server.RaftServerConfigKeys (ConfUtils.java:logGet(46)) - raft.server.log.appender.buffer.byte-limit = 8388608 (custom)
2024-01-17 07:57:14,252 [597b9f4b-0aac-4425-bf2d-48884e3709f6-groupManagement] INFO  server.RaftServerConfigKeys (ConfUtils.java:logGet(46)) - raft.server.log.unsafe-flush.enabled = false (default)
2024-01-17 07:57:14,252 [597b9f4b-0aac-4425-bf2d-48884e3709f6-groupManagement] INFO  server.RaftServerConfigKeys (ConfUtils.java:logGet(46)) - raft.server.log.async-flush.enabled = false (default)
2024-01-17 07:57:14,252 [597b9f4b-0aac-4425-bf2d-48884e3709f6-groupManagement] INFO  server.RaftServerConfigKeys (ConfUtils.java:logGet(46)) - raft.server.log.statemachine.data.caching.enabled = true (custom)
2024-01-17 07:57:14,252 [597b9f4b-0aac-4425-bf2d-48884e3709f6-groupManagement] INFO  segmented.SegmentedRaftLogWorker (SegmentedRaftLogWorker.java:lambda$new$0(134)) - 597b9f4b-0aac-4425-bf2d-48884e3709f6@group-23DA28C678CC-SegmentedRaftLogWorker: flushIndex: setUnconditionally 0 -> -1
2024-01-17 07:57:14,252 [597b9f4b-0aac-4425-bf2d-48884e3709f6-groupManagement] INFO  segmented.SegmentedRaftLogWorker (SegmentedRaftLogWorker.java:lambda$new$0(134)) - 597b9f4b-0aac-4425-bf2d-48884e3709f6@group-23DA28C678CC-SegmentedRaftLogWorker: safeCacheEvictIndex: setUnconditionally 0 -> -1
2024-01-17 07:57:14,253 [8d67fbbe-ad76-4934-bcfb-c8cae0dbbecb-groupManagement] INFO  util.AwaitToRun (AwaitToRun.java:start(81)) - Thread[8d67fbbe-ad76-4934-bcfb-c8cae0dbbecb@group-5156236736A0-cacheEviction-AwaitToRun,5,main] started
2024-01-17 07:57:14,253 [8d67fbbe-ad76-4934-bcfb-c8cae0dbbecb-groupManagement] INFO  segmented.SegmentedRaftLogWorker (SegmentedRaftLogWorker.java:<init>(182)) - new 8d67fbbe-ad76-4934-bcfb-c8cae0dbbecb@group-5156236736A0-SegmentedRaftLogWorker for RaftStorageImpl:Storage Directory /home/runner/work/ozone/ozone/hadoop-ozone/integration-test/target/test-dir/MiniOzoneClusterImpl-df80a8b8-78a2-47d1-a2cb-ee48e7cc81f7/datanode-5/data/ratis/6138af88-ca2e-4b90-8a8e-5156236736a0
2024-01-17 07:57:14,253 [8d67fbbe-ad76-4934-bcfb-c8cae0dbbecb-groupManagement] INFO  server.RaftServerConfigKeys (ConfUtils.java:logGet(46)) - raft.server.log.queue.byte-limit = 4294967296 (custom)
2024-01-17 07:57:14,253 [8d67fbbe-ad76-4934-bcfb-c8cae0dbbecb-groupManagement] INFO  server.RaftServerConfigKeys (ConfUtils.java:logGet(46)) - raft.server.log.queue.element-limit = 1024 (custom)
2024-01-17 07:57:14,253 [8d67fbbe-ad76-4934-bcfb-c8cae0dbbecb-groupManagement] INFO  server.RaftServerConfigKeys (ConfUtils.java:logGet(46)) - raft.server.log.segment.size.max = 67108864 (custom)
2024-01-17 07:57:14,253 [8d67fbbe-ad76-4934-bcfb-c8cae0dbbecb-groupManagement] INFO  server.RaftServerConfigKeys (ConfUtils.java:logGet(46)) - raft.server.log.preallocated.size = 4194304 (custom)
2024-01-17 07:57:14,253 [8d67fbbe-ad76-4934-bcfb-c8cae0dbbecb-groupManagement] INFO  server.RaftServerConfigKeys (ConfUtils.java:logGet(46)) - raft.server.log.force.sync.num = 128 (default)
2024-01-17 07:57:14,253 [8d67fbbe-ad76-4934-bcfb-c8cae0dbbecb-groupManagement] INFO  server.RaftServerConfigKeys (ConfUtils.java:logGet(46)) - raft.server.log.statemachine.data.sync = true (default)
2024-01-17 07:57:14,253 [8d67fbbe-ad76-4934-bcfb-c8cae0dbbecb-groupManagement] INFO  server.RaftServerConfigKeys (ConfUtils.java:logGet(46)) - raft.server.log.statemachine.data.sync.timeout = 10s (default)
2024-01-17 07:57:14,254 [8d67fbbe-ad76-4934-bcfb-c8cae0dbbecb-groupManagement] INFO  server.RaftServerConfigKeys (ConfUtils.java:logGet(46)) - raft.server.log.statemachine.data.sync.timeout.retry = 0 (custom)
2024-01-17 07:57:14,254 [1bb81a9c-1547-435f-9d81-d5fca49fbc06-groupManagement] INFO  server.RaftServerConfigKeys (ConfUtils.java:logGet(46)) - raft.server.log.segment.cache.num.max = 2 (custom)
2024-01-17 07:57:14,254 [1bb81a9c-1547-435f-9d81-d5fca49fbc06-groupManagement] INFO  server.RaftServerConfigKeys (ConfUtils.java:logGet(46)) - raft.server.log.segment.cache.size.max = 200MB (=209715200) (default)
2024-01-17 07:57:14,254 [1bb81a9c-1547-435f-9d81-d5fca49fbc06-groupManagement] INFO  server.RaftServerConfigKeys (ConfUtils.java:logGet(46)) - raft.server.log.appender.buffer.byte-limit = 8388608 (custom)
2024-01-17 07:57:14,256 [8d67fbbe-ad76-4934-bcfb-c8cae0dbbecb-groupManagement] INFO  server.RaftServerConfigKeys (ConfUtils.java:logGet(46)) - raft.server.log.write.buffer.size = 8388616 (custom)
2024-01-17 07:57:14,257 [8d67fbbe-ad76-4934-bcfb-c8cae0dbbecb-groupManagement] INFO  server.RaftServerConfigKeys (ConfUtils.java:logGet(46)) - raft.server.log.appender.buffer.byte-limit = 8388608 (custom)
2024-01-17 07:57:14,258 [8d67fbbe-ad76-4934-bcfb-c8cae0dbbecb-groupManagement] INFO  server.RaftServerConfigKeys (ConfUtils.java:logGet(46)) - raft.server.log.unsafe-flush.enabled = false (default)
2024-01-17 07:57:14,258 [8d67fbbe-ad76-4934-bcfb-c8cae0dbbecb-groupManagement] INFO  server.RaftServerConfigKeys (ConfUtils.java:logGet(46)) - raft.server.log.async-flush.enabled = false (default)
2024-01-17 07:57:14,258 [8d67fbbe-ad76-4934-bcfb-c8cae0dbbecb-groupManagement] INFO  server.RaftServerConfigKeys (ConfUtils.java:logGet(46)) - raft.server.log.statemachine.data.caching.enabled = true (custom)
2024-01-17 07:57:14,258 [8d67fbbe-ad76-4934-bcfb-c8cae0dbbecb-groupManagement] INFO  segmented.SegmentedRaftLogWorker (SegmentedRaftLogWorker.java:lambda$new$0(134)) - 8d67fbbe-ad76-4934-bcfb-c8cae0dbbecb@group-5156236736A0-SegmentedRaftLogWorker: flushIndex: setUnconditionally 0 -> -1
2024-01-17 07:57:14,258 [8d67fbbe-ad76-4934-bcfb-c8cae0dbbecb-groupManagement] INFO  segmented.SegmentedRaftLogWorker (SegmentedRaftLogWorker.java:lambda$new$0(134)) - 8d67fbbe-ad76-4934-bcfb-c8cae0dbbecb@group-5156236736A0-SegmentedRaftLogWorker: safeCacheEvictIndex: setUnconditionally 0 -> -1
2024-01-17 07:57:14,259 [1bb81a9c-1547-435f-9d81-d5fca49fbc06-groupManagement] INFO  util.AwaitToRun (AwaitToRun.java:start(81)) - Thread[1bb81a9c-1547-435f-9d81-d5fca49fbc06@group-23DA28C678CC-cacheEviction-AwaitToRun,5,main] started
2024-01-17 07:57:14,259 [1bb81a9c-1547-435f-9d81-d5fca49fbc06-groupManagement] INFO  segmented.SegmentedRaftLogWorker (SegmentedRaftLogWorker.java:<init>(182)) - new 1bb81a9c-1547-435f-9d81-d5fca49fbc06@group-23DA28C678CC-SegmentedRaftLogWorker for RaftStorageImpl:Storage Directory /home/runner/work/ozone/ozone/hadoop-ozone/integration-test/target/test-dir/MiniOzoneClusterImpl-df80a8b8-78a2-47d1-a2cb-ee48e7cc81f7/datanode-2/data/ratis/93550ce0-fabd-41bb-91c5-23da28c678cc
2024-01-17 07:57:14,259 [1bb81a9c-1547-435f-9d81-d5fca49fbc06-groupManagement] INFO  server.RaftServerConfigKeys (ConfUtils.java:logGet(46)) - raft.server.log.queue.byte-limit = 4294967296 (custom)
2024-01-17 07:57:14,259 [4f4a0cbc-a9eb-44f0-8d97-06326de93701-groupManagement] INFO  server.RaftServerConfigKeys (ConfUtils.java:logGet(46)) - raft.server.rpc.request.timeout = 60s (custom)
2024-01-17 07:57:14,259 [1bb81a9c-1547-435f-9d81-d5fca49fbc06-groupManagement] INFO  server.RaftServerConfigKeys (ConfUtils.java:logGet(46)) - raft.server.log.queue.element-limit = 1024 (custom)
2024-01-17 07:57:14,259 [1bb81a9c-1547-435f-9d81-d5fca49fbc06-groupManagement] INFO  server.RaftServerConfigKeys (ConfUtils.java:logGet(46)) - raft.server.log.segment.size.max = 67108864 (custom)
2024-01-17 07:57:14,259 [4f4a0cbc-a9eb-44f0-8d97-06326de93701-groupManagement] INFO  server.RaftServerConfigKeys (ConfUtils.java:logGet(46)) - raft.server.log.appender.install.snapshot.enabled = false (custom)
2024-01-17 07:57:14,259 [1bb81a9c-1547-435f-9d81-d5fca49fbc06-groupManagement] INFO  server.RaftServerConfigKeys (ConfUtils.java:logGet(46)) - raft.server.log.preallocated.size = 4194304 (custom)
2024-01-17 07:57:14,260 [1bb81a9c-1547-435f-9d81-d5fca49fbc06-groupManagement] INFO  server.RaftServerConfigKeys (ConfUtils.java:logGet(46)) - raft.server.log.force.sync.num = 128 (default)
2024-01-17 07:57:14,264 [1bb81a9c-1547-435f-9d81-d5fca49fbc06-groupManagement] INFO  server.RaftServerConfigKeys (ConfUtils.java:logGet(46)) - raft.server.log.statemachine.data.sync = true (default)
2024-01-17 07:57:14,264 [1bb81a9c-1547-435f-9d81-d5fca49fbc06-groupManagement] INFO  server.RaftServerConfigKeys (ConfUtils.java:logGet(46)) - raft.server.log.statemachine.data.sync.timeout = 10s (default)
2024-01-17 07:57:14,264 [1bb81a9c-1547-435f-9d81-d5fca49fbc06-groupManagement] INFO  server.RaftServerConfigKeys (ConfUtils.java:logGet(46)) - raft.server.log.statemachine.data.sync.timeout.retry = 0 (custom)
2024-01-17 07:57:14,260 [4f4a0cbc-a9eb-44f0-8d97-06326de93701-groupManagement] INFO  server.RaftServerConfigKeys (ConfUtils.java:logGet(46)) - raft.server.threadpool.server.cached = true (default)
2024-01-17 07:57:14,265 [4f4a0cbc-a9eb-44f0-8d97-06326de93701-groupManagement] INFO  server.RaftServerConfigKeys (ConfUtils.java:logGet(46)) - raft.server.threadpool.server.size = 0 (default)
2024-01-17 07:57:14,265 [4f4a0cbc-a9eb-44f0-8d97-06326de93701-groupManagement] INFO  server.RaftServerConfigKeys (ConfUtils.java:logGet(46)) - raft.server.threadpool.client.cached = true (default)
2024-01-17 07:57:14,265 [4f4a0cbc-a9eb-44f0-8d97-06326de93701-groupManagement] INFO  server.RaftServerConfigKeys (ConfUtils.java:logGet(46)) - raft.server.threadpool.client.size = 0 (default)
2024-01-17 07:57:14,265 [4f4a0cbc-a9eb-44f0-8d97-06326de93701-groupManagement] INFO  server.RaftServerConfigKeys (ConfUtils.java:logGet(46)) - raft.server.storage.free-space.min = 0MB (=0) (default)
2024-01-17 07:57:14,265 [4f4a0cbc-a9eb-44f0-8d97-06326de93701-groupManagement] INFO  server.RaftServerConfigKeys (ConfUtils.java:logGet(46)) - raft.server.log.corruption.policy = EXCEPTION (default)
2024-01-17 07:57:14,265 [4f4a0cbc-a9eb-44f0-8d97-06326de93701-groupManagement] INFO  server.RaftServerConfigKeys (ConfUtils.java:logGet(46)) - raft.server.storage.dir = [/home/runner/work/ozone/ozone/hadoop-ozone/integration-test/target/test-dir/MiniOzoneClusterImpl-df80a8b8-78a2-47d1-a2cb-ee48e7cc81f7/datanode-3/data/ratis] (custom)
2024-01-17 07:57:14,265 [bdef3149-2cc3-439b-89a6-09b93146a606-groupManagement] INFO  server.RaftServer$Division (RaftServerImpl.java:<init>(256)) - bdef3149-2cc3-439b-89a6-09b93146a606: new RaftServerImpl for group-E9E02E74B481:[eb5c9b0d-19e6-4136-9089-8a3b0879ad33|10.1.0.6:15068, 497ccbea-d6cf-4731-95da-fa3df448bf79|10.1.0.6:15086, bdef3149-2cc3-439b-89a6-09b93146a606|10.1.0.6:15077] with ContainerStateMachine:uninitialized
2024-01-17 07:57:14,266 [1bb81a9c-1547-435f-9d81-d5fca49fbc06-groupManagement] INFO  server.RaftServerConfigKeys (ConfUtils.java:logGet(46)) - raft.server.log.write.buffer.size = 8388616 (custom)
2024-01-17 07:57:14,268 [1bb81a9c-1547-435f-9d81-d5fca49fbc06-groupManagement] INFO  server.RaftServerConfigKeys (ConfUtils.java:logGet(46)) - raft.server.log.appender.buffer.byte-limit = 8388608 (custom)
2024-01-17 07:57:14,268 [1bb81a9c-1547-435f-9d81-d5fca49fbc06-groupManagement] INFO  server.RaftServerConfigKeys (ConfUtils.java:logGet(46)) - raft.server.log.unsafe-flush.enabled = false (default)
2024-01-17 07:57:14,268 [1bb81a9c-1547-435f-9d81-d5fca49fbc06-groupManagement] INFO  server.RaftServerConfigKeys (ConfUtils.java:logGet(46)) - raft.server.log.async-flush.enabled = false (default)
2024-01-17 07:57:14,268 [1bb81a9c-1547-435f-9d81-d5fca49fbc06-groupManagement] INFO  server.RaftServerConfigKeys (ConfUtils.java:logGet(46)) - raft.server.log.statemachine.data.caching.enabled = true (custom)
2024-01-17 07:57:14,268 [1bb81a9c-1547-435f-9d81-d5fca49fbc06-groupManagement] INFO  segmented.SegmentedRaftLogWorker (SegmentedRaftLogWorker.java:lambda$new$0(134)) - 1bb81a9c-1547-435f-9d81-d5fca49fbc06@group-23DA28C678CC-SegmentedRaftLogWorker: flushIndex: setUnconditionally 0 -> -1
2024-01-17 07:57:14,268 [1bb81a9c-1547-435f-9d81-d5fca49fbc06-groupManagement] INFO  segmented.SegmentedRaftLogWorker (SegmentedRaftLogWorker.java:lambda$new$0(134)) - 1bb81a9c-1547-435f-9d81-d5fca49fbc06@group-23DA28C678CC-SegmentedRaftLogWorker: safeCacheEvictIndex: setUnconditionally 0 -> -1
2024-01-17 07:57:14,264 [bdef3149-2cc3-439b-89a6-09b93146a606-PipelineCommandHandlerThread-0] INFO  server.RaftServer (RaftServerProxy.java:addNew(100)) - bdef3149-2cc3-439b-89a6-09b93146a606: addNew group-E9E02E74B481:[eb5c9b0d-19e6-4136-9089-8a3b0879ad33|10.1.0.6:15068, 497ccbea-d6cf-4731-95da-fa3df448bf79|10.1.0.6:15086, bdef3149-2cc3-439b-89a6-09b93146a606|10.1.0.6:15077] returns group-E9E02E74B481:java.util.concurrent.CompletableFuture@b9de647[Not completed]
2024-01-17 07:57:14,264 [eb5c9b0d-19e6-4136-9089-8a3b0879ad33-groupManagement] INFO  server.RaftServerConfigKeys (ConfUtils.java:logGet(46)) - raft.server.rpc.request.timeout = 60s (custom)
2024-01-17 07:57:14,269 [eb5c9b0d-19e6-4136-9089-8a3b0879ad33-groupManagement] INFO  server.RaftServerConfigKeys (ConfUtils.java:logGet(46)) - raft.server.log.appender.install.snapshot.enabled = false (custom)
2024-01-17 07:57:14,269 [eb5c9b0d-19e6-4136-9089-8a3b0879ad33-groupManagement] INFO  server.RaftServerConfigKeys (ConfUtils.java:logGet(46)) - raft.server.threadpool.server.cached = true (default)
2024-01-17 07:57:14,269 [eb5c9b0d-19e6-4136-9089-8a3b0879ad33-groupManagement] INFO  server.RaftServerConfigKeys (ConfUtils.java:logGet(46)) - raft.server.threadpool.server.size = 0 (default)
2024-01-17 07:57:14,269 [eb5c9b0d-19e6-4136-9089-8a3b0879ad33-groupManagement] INFO  server.RaftServerConfigKeys (ConfUtils.java:logGet(46)) - raft.server.threadpool.client.cached = true (default)
2024-01-17 07:57:14,269 [eb5c9b0d-19e6-4136-9089-8a3b0879ad33-groupManagement] INFO  server.RaftServerConfigKeys (ConfUtils.java:logGet(46)) - raft.server.threadpool.client.size = 0 (default)
2024-01-17 07:57:14,269 [eb5c9b0d-19e6-4136-9089-8a3b0879ad33-groupManagement] INFO  server.RaftServerConfigKeys (ConfUtils.java:logGet(46)) - raft.server.storage.free-space.min = 0MB (=0) (default)
2024-01-17 07:57:14,269 [eb5c9b0d-19e6-4136-9089-8a3b0879ad33-groupManagement] INFO  server.RaftServerConfigKeys (ConfUtils.java:logGet(46)) - raft.server.log.corruption.policy = EXCEPTION (default)
2024-01-17 07:57:14,269 [eb5c9b0d-19e6-4136-9089-8a3b0879ad33-groupManagement] INFO  server.RaftServerConfigKeys (ConfUtils.java:logGet(46)) - raft.server.storage.dir = [/home/runner/work/ozone/ozone/hadoop-ozone/integration-test/target/test-dir/MiniOzoneClusterImpl-df80a8b8-78a2-47d1-a2cb-ee48e7cc81f7/datanode-6/data/ratis] (custom)
2024-01-17 07:57:14,269 [eb5c9b0d-19e6-4136-9089-8a3b0879ad33-groupManagement] INFO  storage.RaftStorageDirectory (RaftStorageDirectoryImpl.java:analyzeStorage(138)) - The storage directory /home/runner/work/ozone/ozone/hadoop-ozone/integration-test/target/test-dir/MiniOzoneClusterImpl-df80a8b8-78a2-47d1-a2cb-ee48e7cc81f7/datanode-6/data/ratis/3769c031-a691-4c45-a69e-e9e02e74b481 does not exist. Creating ...
2024-01-17 07:57:14,260 [597b9f4b-0aac-4425-bf2d-48884e3709f6-groupManagement] INFO  server.RaftServer$Division (RaftServerImpl.java:start(396)) - 597b9f4b-0aac-4425-bf2d-48884e3709f6@group-23DA28C678CC: start as a follower, conf=-1: peers:[e98e7f84-7e90-42c0-bf2b-bf94ba8f7864|10.1.0.6:15014, 597b9f4b-0aac-4425-bf2d-48884e3709f6|10.1.0.6:15023, 1bb81a9c-1547-435f-9d81-d5fca49fbc06|10.1.0.6:15032]|listeners:[], old=null
2024-01-17 07:57:14,270 [597b9f4b-0aac-4425-bf2d-48884e3709f6-groupManagement] INFO  server.RaftServer$Division (RaftServerImpl.java:setRole(383)) - 597b9f4b-0aac-4425-bf2d-48884e3709f6@group-23DA28C678CC: changes role from      null to FOLLOWER at term 0 for startAsFollower
2024-01-17 07:57:14,266 [bdef3149-2cc3-439b-89a6-09b93146a606-groupManagement] INFO  server.RaftServerConfigKeys (ConfUtils.java:logGet(46)) - raft.server.rpc.timeout.min = 5s (custom)
2024-01-17 07:57:14,266 [4f4a0cbc-a9eb-44f0-8d97-06326de93701-groupManagement] INFO  storage.RaftStorageDirectory (RaftStorageDirectoryImpl.java:analyzeStorage(138)) - The storage directory /home/runner/work/ozone/ozone/hadoop-ozone/integration-test/target/test-dir/MiniOzoneClusterImpl-df80a8b8-78a2-47d1-a2cb-ee48e7cc81f7/datanode-3/data/ratis/163fc6ed-ef43-4520-8ab8-fe8b27bbd9ec does not exist. Creating ...
2024-01-17 07:57:14,270 [bdef3149-2cc3-439b-89a6-09b93146a606-groupManagement] INFO  server.RaftServerConfigKeys (ConfUtils.java:logGet(46)) - raft.server.rpc.timeout.max = 5200ms (custom)
2024-01-17 07:57:14,270 [bdef3149-2cc3-439b-89a6-09b93146a606-groupManagement] INFO  server.RaftServerConfigKeys (ConfUtils.java:logGet(46)) - raft.server.rpc.sleep.time = 25ms (default)
2024-01-17 07:57:14,270 [bdef3149-2cc3-439b-89a6-09b93146a606-groupManagement] INFO  server.RaftServerConfigKeys (ConfUtils.java:logGet(46)) - raft.server.rpc.slowness.timeout = 300s (custom)
2024-01-17 07:57:14,270 [bdef3149-2cc3-439b-89a6-09b93146a606-groupManagement] INFO  server.RaftServerConfigKeys (ConfUtils.java:logGet(46)) - raft.server.leaderelection.leader.step-down.wait-time = 10s (default)
2024-01-17 07:57:14,270 [bdef3149-2cc3-439b-89a6-09b93146a606-groupManagement] INFO  server.RaftServerConfigKeys (ConfUtils.java:logGet(46)) - raft.server.leaderelection.member.majority-add = false (default)
2024-01-17 07:57:14,270 [bdef3149-2cc3-439b-89a6-09b93146a606-groupManagement] INFO  server.RaftServerConfigKeys (ConfUtils.java:logGet(46)) - raft.server.sleep.deviation.threshold = 300ms (default)
2024-01-17 07:57:14,270 [eb5c9b0d-19e6-4136-9089-8a3b0879ad33-groupManagement] INFO  storage.RaftStorageDirectory (RaftStorageDirectoryImpl.java:tryLock(228)) - Lock on /home/runner/work/ozone/ozone/hadoop-ozone/integration-test/target/test-dir/MiniOzoneClusterImpl-df80a8b8-78a2-47d1-a2cb-ee48e7cc81f7/datanode-6/data/ratis/3769c031-a691-4c45-a69e-e9e02e74b481/in_use.lock acquired by nodename 24650@fv-az1531-837
2024-01-17 07:57:14,271 [4f4a0cbc-a9eb-44f0-8d97-06326de93701-groupManagement] INFO  storage.RaftStorageDirectory (RaftStorageDirectoryImpl.java:tryLock(228)) - Lock on /home/runner/work/ozone/ozone/hadoop-ozone/integration-test/target/test-dir/MiniOzoneClusterImpl-df80a8b8-78a2-47d1-a2cb-ee48e7cc81f7/datanode-3/data/ratis/163fc6ed-ef43-4520-8ab8-fe8b27bbd9ec/in_use.lock acquired by nodename 24650@fv-az1531-837
2024-01-17 07:57:14,271 [bdef3149-2cc3-439b-89a6-09b93146a606-groupManagement] INFO  server.RaftServer$Division (ServerState.java:<init>(113)) - bdef3149-2cc3-439b-89a6-09b93146a606@group-E9E02E74B481: ConfigurationManager, init=-1: peers:[eb5c9b0d-19e6-4136-9089-8a3b0879ad33|10.1.0.6:15068, 497ccbea-d6cf-4731-95da-fa3df448bf79|10.1.0.6:15086, bdef3149-2cc3-439b-89a6-09b93146a606|10.1.0.6:15077]|listeners:[], old=null, confs=<EMPTY_MAP>
2024-01-17 07:57:14,271 [bdef3149-2cc3-439b-89a6-09b93146a606-groupManagement] INFO  server.RaftServerConfigKeys (ConfUtils.java:logGet(46)) - raft.server.notification.no-leader.timeout = 300s (custom)
2024-01-17 07:57:14,271 [bdef3149-2cc3-439b-89a6-09b93146a606-groupManagement] INFO  server.RaftServerConfigKeys (ConfUtils.java:logGet(46)) - raft.server.read.timeout = 10s (default)
2024-01-17 07:57:14,271 [bdef3149-2cc3-439b-89a6-09b93146a606-groupManagement] INFO  server.RaftServerConfigKeys (ConfUtils.java:logGet(46)) - raft.server.retrycache.expirytime = 600000ms (custom)
2024-01-17 07:57:14,271 [bdef3149-2cc3-439b-89a6-09b93146a606-groupManagement] INFO  server.RaftServerConfigKeys (ConfUtils.java:logGet(46)) - raft.server.retrycache.statistics.expirytime = 100ms (default)
2024-01-17 07:57:14,272 [bdef3149-2cc3-439b-89a6-09b93146a606-groupManagement] INFO  server.RaftServerConfigKeys (ConfUtils.java:logGet(46)) - raft.server.read.option = DEFAULT (default)
2024-01-17 07:57:14,272 [bdef3149-2cc3-439b-89a6-09b93146a606-groupManagement] INFO  server.RaftServerConfigKeys (ConfUtils.java:logGet(46)) - raft.server.read.read-after-write-consistent.write-index-cache.expiry-time = 60s (default)
2024-01-17 07:57:14,272 [4f4a0cbc-a9eb-44f0-8d97-06326de93701-groupManagement] INFO  storage.RaftStorage (RaftStorageImpl.java:format(99)) - Storage directory /home/runner/work/ozone/ozone/hadoop-ozone/integration-test/target/test-dir/MiniOzoneClusterImpl-df80a8b8-78a2-47d1-a2cb-ee48e7cc81f7/datanode-3/data/ratis/163fc6ed-ef43-4520-8ab8-fe8b27bbd9ec has been successfully formatted.
2024-01-17 07:57:14,272 [4f4a0cbc-a9eb-44f0-8d97-06326de93701-groupManagement] WARN  util.FileUtils (LogUtils.java:supplyAndLog(63)) - Failed to Files.newInputStream /home/runner/work/ozone/ozone/hadoop-ozone/integration-test/target/test-dir/MiniOzoneClusterImpl-df80a8b8-78a2-47d1-a2cb-ee48e7cc81f7/datanode-3/data/ratis/163fc6ed-ef43-4520-8ab8-fe8b27bbd9ec/current/raft-meta.conf with options []: java.nio.file.NoSuchFileException: /home/runner/work/ozone/ozone/hadoop-ozone/integration-test/target/test-dir/MiniOzoneClusterImpl-df80a8b8-78a2-47d1-a2cb-ee48e7cc81f7/datanode-3/data/ratis/163fc6ed-ef43-4520-8ab8-fe8b27bbd9ec/current/raft-meta.conf
2024-01-17 07:57:14,273 [eb5c9b0d-19e6-4136-9089-8a3b0879ad33-groupManagement] INFO  storage.RaftStorage (RaftStorageImpl.java:format(99)) - Storage directory /home/runner/work/ozone/ozone/hadoop-ozone/integration-test/target/test-dir/MiniOzoneClusterImpl-df80a8b8-78a2-47d1-a2cb-ee48e7cc81f7/datanode-6/data/ratis/3769c031-a691-4c45-a69e-e9e02e74b481 has been successfully formatted.
2024-01-17 07:57:14,273 [eb5c9b0d-19e6-4136-9089-8a3b0879ad33-groupManagement] WARN  util.FileUtils (LogUtils.java:supplyAndLog(63)) - Failed to Files.newInputStream /home/runner/work/ozone/ozone/hadoop-ozone/integration-test/target/test-dir/MiniOzoneClusterImpl-df80a8b8-78a2-47d1-a2cb-ee48e7cc81f7/datanode-6/data/ratis/3769c031-a691-4c45-a69e-e9e02e74b481/current/raft-meta.conf with options []: java.nio.file.NoSuchFileException: /home/runner/work/ozone/ozone/hadoop-ozone/integration-test/target/test-dir/MiniOzoneClusterImpl-df80a8b8-78a2-47d1-a2cb-ee48e7cc81f7/datanode-6/data/ratis/3769c031-a691-4c45-a69e-e9e02e74b481/current/raft-meta.conf
2024-01-17 07:57:14,275 [1bb81a9c-1547-435f-9d81-d5fca49fbc06-groupManagement] INFO  server.RaftServer$Division (RaftServerImpl.java:start(396)) - 1bb81a9c-1547-435f-9d81-d5fca49fbc06@group-23DA28C678CC: start as a follower, conf=-1: peers:[e98e7f84-7e90-42c0-bf2b-bf94ba8f7864|10.1.0.6:15014, 597b9f4b-0aac-4425-bf2d-48884e3709f6|10.1.0.6:15023, 1bb81a9c-1547-435f-9d81-d5fca49fbc06|10.1.0.6:15032]|listeners:[], old=null
2024-01-17 07:57:14,275 [1bb81a9c-1547-435f-9d81-d5fca49fbc06-groupManagement] INFO  server.RaftServer$Division (RaftServerImpl.java:setRole(383)) - 1bb81a9c-1547-435f-9d81-d5fca49fbc06@group-23DA28C678CC: changes role from      null to FOLLOWER at term 0 for startAsFollower
2024-01-17 07:57:14,276 [8d67fbbe-ad76-4934-bcfb-c8cae0dbbecb-groupManagement] INFO  server.RaftServer$Division (RaftServerImpl.java:start(396)) - 8d67fbbe-ad76-4934-bcfb-c8cae0dbbecb@group-5156236736A0: start as a follower, conf=-1: peers:[4f4a0cbc-a9eb-44f0-8d97-06326de93701|10.1.0.6:15041, 8d67fbbe-ad76-4934-bcfb-c8cae0dbbecb|10.1.0.6:15059, 0f18b96a-e4aa-46f4-b611-a6948cf06a42|10.1.0.6:15050]|listeners:[], old=null
2024-01-17 07:57:14,276 [8d67fbbe-ad76-4934-bcfb-c8cae0dbbecb-groupManagement] INFO  server.RaftServer$Division (RaftServerImpl.java:setRole(383)) - 8d67fbbe-ad76-4934-bcfb-c8cae0dbbecb@group-5156236736A0: changes role from      null to FOLLOWER at term 0 for startAsFollower
2024-01-17 07:57:14,276 [8d67fbbe-ad76-4934-bcfb-c8cae0dbbecb-groupManagement] INFO  impl.RoleInfo (RoleInfo.java:updateAndGet(139)) - 8d67fbbe-ad76-4934-bcfb-c8cae0dbbecb: start 8d67fbbe-ad76-4934-bcfb-c8cae0dbbecb@group-5156236736A0-FollowerState
2024-01-17 07:57:14,277 [8d67fbbe-ad76-4934-bcfb-c8cae0dbbecb-groupManagement] INFO  util.JmxRegister (JmxRegister.java:tryRegister(44)) - Successfully registered JMX Bean with object name Ratis:service=RaftServer,group=group-5156236736A0,id=8d67fbbe-ad76-4934-bcfb-c8cae0dbbecb
2024-01-17 07:57:14,277 [8d67fbbe-ad76-4934-bcfb-c8cae0dbbecb-groupManagement] INFO  server.RaftServerConfigKeys (ConfUtils.java:logGet(46)) - raft.server.snapshot.trigger-when-stop.enabled = true (default)
2024-01-17 07:57:14,277 [8d67fbbe-ad76-4934-bcfb-c8cae0dbbecb-groupManagement] INFO  server.RaftServerConfigKeys (ConfUtils.java:logGet(46)) - raft.server.snapshot.auto.trigger.enabled = true (custom)
2024-01-17 07:57:14,277 [8d67fbbe-ad76-4934-bcfb-c8cae0dbbecb-groupManagement] INFO  server.RaftServerConfigKeys (ConfUtils.java:logGet(46)) - raft.server.snapshot.auto.trigger.threshold = 10000 (custom)
2024-01-17 07:57:14,277 [8d67fbbe-ad76-4934-bcfb-c8cae0dbbecb-groupManagement] INFO  server.RaftServerConfigKeys (ConfUtils.java:logGet(46)) - raft.server.snapshot.retention.file.num = 5 (custom)
2024-01-17 07:57:14,277 [8d67fbbe-ad76-4934-bcfb-c8cae0dbbecb-groupManagement] INFO  server.RaftServerConfigKeys (ConfUtils.java:logGet(46)) - raft.server.log.purge.upto.snapshot.index = false (default)
2024-01-17 07:57:14,278 [8d67fbbe-ad76-4934-bcfb-c8cae0dbbecb@group-5156236736A0-FollowerState] INFO  server.RaftServerConfigKeys (ConfUtils.java:logFallback(53)) - raft.server.rpc.first-election.timeout.min = 5s (fallback to raft.server.rpc.timeout.min)
2024-01-17 07:57:14,278 [8d67fbbe-ad76-4934-bcfb-c8cae0dbbecb@group-5156236736A0-FollowerState] INFO  server.RaftServerConfigKeys (ConfUtils.java:logFallback(53)) - raft.server.rpc.first-election.timeout.max = 5200ms (fallback to raft.server.rpc.timeout.max)
2024-01-17 07:57:14,279 [8d67fbbe-ad76-4934-bcfb-c8cae0dbbecb-PipelineCommandHandlerThread-0] INFO  ratis.XceiverServerRatis (XceiverServerRatis.java:addGroup(842)) - Created group PipelineID=6138af88-ca2e-4b90-8a8e-5156236736a0
2024-01-17 07:57:14,284 [8d67fbbe-ad76-4934-bcfb-c8cae0dbbecb-groupManagement] INFO  server.RaftServer$Division (RaftServerImpl.java:<init>(256)) - 8d67fbbe-ad76-4934-bcfb-c8cae0dbbecb: new RaftServerImpl for group-FE8B27BBD9EC:[4f4a0cbc-a9eb-44f0-8d97-06326de93701|10.1.0.6:15041, 8d67fbbe-ad76-4934-bcfb-c8cae0dbbecb|10.1.0.6:15059, 0f18b96a-e4aa-46f4-b611-a6948cf06a42|10.1.0.6:15050] with ContainerStateMachine:uninitialized
2024-01-17 07:57:14,284 [8d67fbbe-ad76-4934-bcfb-c8cae0dbbecb-groupManagement] INFO  server.RaftServerConfigKeys (ConfUtils.java:logGet(46)) - raft.server.rpc.timeout.min = 5s (custom)
2024-01-17 07:57:14,284 [8d67fbbe-ad76-4934-bcfb-c8cae0dbbecb-groupManagement] INFO  server.RaftServerConfigKeys (ConfUtils.java:logGet(46)) - raft.server.rpc.timeout.max = 5200ms (custom)
2024-01-17 07:57:14,284 [8d67fbbe-ad76-4934-bcfb-c8cae0dbbecb-groupManagement] INFO  server.RaftServerConfigKeys (ConfUtils.java:logGet(46)) - raft.server.rpc.sleep.time = 25ms (default)
2024-01-17 07:57:14,284 [8d67fbbe-ad76-4934-bcfb-c8cae0dbbecb-groupManagement] INFO  server.RaftServerConfigKeys (ConfUtils.java:logGet(46)) - raft.server.rpc.slowness.timeout = 300s (custom)
2024-01-17 07:57:14,284 [8d67fbbe-ad76-4934-bcfb-c8cae0dbbecb-groupManagement] INFO  server.RaftServerConfigKeys (ConfUtils.java:logGet(46)) - raft.server.leaderelection.leader.step-down.wait-time = 10s (default)
2024-01-17 07:57:14,284 [8d67fbbe-ad76-4934-bcfb-c8cae0dbbecb-groupManagement] INFO  server.RaftServerConfigKeys (ConfUtils.java:logGet(46)) - raft.server.leaderelection.member.majority-add = false (default)
2024-01-17 07:57:14,284 [8d67fbbe-ad76-4934-bcfb-c8cae0dbbecb-groupManagement] INFO  server.RaftServerConfigKeys (ConfUtils.java:logGet(46)) - raft.server.sleep.deviation.threshold = 300ms (default)
2024-01-17 07:57:14,285 [8d67fbbe-ad76-4934-bcfb-c8cae0dbbecb-groupManagement] INFO  server.RaftServer$Division (ServerState.java:<init>(113)) - 8d67fbbe-ad76-4934-bcfb-c8cae0dbbecb@group-FE8B27BBD9EC: ConfigurationManager, init=-1: peers:[4f4a0cbc-a9eb-44f0-8d97-06326de93701|10.1.0.6:15041, 8d67fbbe-ad76-4934-bcfb-c8cae0dbbecb|10.1.0.6:15059, 0f18b96a-e4aa-46f4-b611-a6948cf06a42|10.1.0.6:15050]|listeners:[], old=null, confs=<EMPTY_MAP>
2024-01-17 07:57:14,285 [8d67fbbe-ad76-4934-bcfb-c8cae0dbbecb-groupManagement] INFO  server.RaftServerConfigKeys (ConfUtils.java:logGet(46)) - raft.server.notification.no-leader.timeout = 300s (custom)
2024-01-17 07:57:14,285 [8d67fbbe-ad76-4934-bcfb-c8cae0dbbecb-groupManagement] INFO  server.RaftServerConfigKeys (ConfUtils.java:logGet(46)) - raft.server.read.timeout = 10s (default)
2024-01-17 07:57:14,285 [8d67fbbe-ad76-4934-bcfb-c8cae0dbbecb-groupManagement] INFO  server.RaftServerConfigKeys (ConfUtils.java:logGet(46)) - raft.server.retrycache.expirytime = 600000ms (custom)
2024-01-17 07:57:14,285 [8d67fbbe-ad76-4934-bcfb-c8cae0dbbecb-groupManagement] INFO  server.RaftServerConfigKeys (ConfUtils.java:logGet(46)) - raft.server.retrycache.statistics.expirytime = 100ms (default)
2024-01-17 07:57:14,285 [8d67fbbe-ad76-4934-bcfb-c8cae0dbbecb-groupManagement] INFO  server.RaftServerConfigKeys (ConfUtils.java:logGet(46)) - raft.server.read.option = DEFAULT (default)
2024-01-17 07:57:14,285 [8d67fbbe-ad76-4934-bcfb-c8cae0dbbecb-groupManagement] INFO  server.RaftServerConfigKeys (ConfUtils.java:logGet(46)) - raft.server.read.read-after-write-consistent.write-index-cache.expiry-time = 60s (default)
2024-01-17 07:57:14,280 [bdef3149-2cc3-439b-89a6-09b93146a606-groupManagement] INFO  server.RaftServerConfigKeys (ConfUtils.java:logGet(46)) - raft.server.rpc.request.timeout = 60s (custom)
2024-01-17 07:57:14,280 [597b9f4b-0aac-4425-bf2d-48884e3709f6-groupManagement] INFO  impl.RoleInfo (RoleInfo.java:updateAndGet(139)) - 597b9f4b-0aac-4425-bf2d-48884e3709f6: start 597b9f4b-0aac-4425-bf2d-48884e3709f6@group-23DA28C678CC-FollowerState
2024-01-17 07:57:14,279 [4f4a0cbc-a9eb-44f0-8d97-06326de93701-groupManagement] INFO  ratis.ContainerStateMachine (ContainerStateMachine.java:loadSnapshot(287)) - group-FE8B27BBD9EC: The snapshot info is null. Setting the last applied index to:(t:0, i:~)
2024-01-17 07:57:14,287 [4f4a0cbc-a9eb-44f0-8d97-06326de93701-groupManagement] INFO  server.RaftServerConfigKeys (ConfUtils.java:logGet(46)) - raft.server.log.use.memory = false (default)
2024-01-17 07:57:14,287 [4f4a0cbc-a9eb-44f0-8d97-06326de93701-groupManagement] INFO  server.RaftServerConfigKeys (ConfUtils.java:logGet(46)) - raft.server.log.purge.gap = 1000000 (custom)
2024-01-17 07:57:14,287 [4f4a0cbc-a9eb-44f0-8d97-06326de93701-groupManagement] INFO  server.RaftServerConfigKeys (ConfUtils.java:logGet(46)) - raft.server.log.appender.buffer.byte-limit = 8388608 (custom)
2024-01-17 07:57:14,287 [4f4a0cbc-a9eb-44f0-8d97-06326de93701-groupManagement] INFO  server.RaftServerConfigKeys (ConfUtils.java:logGet(46)) - raft.server.log.statemachine.data.read.timeout = 1000ms (default)
2024-01-17 07:57:14,287 [4f4a0cbc-a9eb-44f0-8d97-06326de93701-groupManagement] INFO  server.RaftServerConfigKeys (ConfUtils.java:logGet(46)) - raft.server.log.purge.preservation.log.num = 0 (default)
2024-01-17 07:57:14,286 [bdef3149-2cc3-439b-89a6-09b93146a606-groupManagement] INFO  server.RaftServerConfigKeys (ConfUtils.java:logGet(46)) - raft.server.log.appender.install.snapshot.enabled = false (custom)
2024-01-17 07:57:14,286 [1bb81a9c-1547-435f-9d81-d5fca49fbc06-groupManagement] INFO  impl.RoleInfo (RoleInfo.java:updateAndGet(139)) - 1bb81a9c-1547-435f-9d81-d5fca49fbc06: start 1bb81a9c-1547-435f-9d81-d5fca49fbc06@group-23DA28C678CC-FollowerState
2024-01-17 07:57:14,287 [bdef3149-2cc3-439b-89a6-09b93146a606-groupManagement] INFO  server.RaftServerConfigKeys (ConfUtils.java:logGet(46)) - raft.server.threadpool.server.cached = true (default)
2024-01-17 07:57:14,288 [bdef3149-2cc3-439b-89a6-09b93146a606-groupManagement] INFO  server.RaftServerConfigKeys (ConfUtils.java:logGet(46)) - raft.server.threadpool.server.size = 0 (default)
2024-01-17 07:57:14,288 [597b9f4b-0aac-4425-bf2d-48884e3709f6-groupManagement] INFO  util.JmxRegister (JmxRegister.java:tryRegister(44)) - Successfully registered JMX Bean with object name Ratis:service=RaftServer,group=group-23DA28C678CC,id=597b9f4b-0aac-4425-bf2d-48884e3709f6
2024-01-17 07:57:14,288 [597b9f4b-0aac-4425-bf2d-48884e3709f6-groupManagement] INFO  server.RaftServerConfigKeys (ConfUtils.java:logGet(46)) - raft.server.snapshot.trigger-when-stop.enabled = true (default)
2024-01-17 07:57:14,288 [597b9f4b-0aac-4425-bf2d-48884e3709f6-groupManagement] INFO  server.RaftServerConfigKeys (ConfUtils.java:logGet(46)) - raft.server.snapshot.auto.trigger.enabled = true (custom)
2024-01-17 07:57:14,288 [597b9f4b-0aac-4425-bf2d-48884e3709f6-groupManagement] INFO  server.RaftServerConfigKeys (ConfUtils.java:logGet(46)) - raft.server.snapshot.auto.trigger.threshold = 10000 (custom)
2024-01-17 07:57:14,288 [597b9f4b-0aac-4425-bf2d-48884e3709f6-groupManagement] INFO  server.RaftServerConfigKeys (ConfUtils.java:logGet(46)) - raft.server.snapshot.retention.file.num = 5 (custom)
2024-01-17 07:57:14,288 [597b9f4b-0aac-4425-bf2d-48884e3709f6-groupManagement] INFO  server.RaftServerConfigKeys (ConfUtils.java:logGet(46)) - raft.server.log.purge.upto.snapshot.index = false (default)
2024-01-17 07:57:14,288 [bdef3149-2cc3-439b-89a6-09b93146a606-groupManagement] INFO  server.RaftServerConfigKeys (ConfUtils.java:logGet(46)) - raft.server.threadpool.client.cached = true (default)
2024-01-17 07:57:14,296 [bdef3149-2cc3-439b-89a6-09b93146a606-groupManagement] INFO  server.RaftServerConfigKeys (ConfUtils.java:logGet(46)) - raft.server.threadpool.client.size = 0 (default)
2024-01-17 07:57:14,296 [1bb81a9c-1547-435f-9d81-d5fca49fbc06@group-23DA28C678CC-FollowerState] INFO  server.RaftServerConfigKeys (ConfUtils.java:logFallback(53)) - raft.server.rpc.first-election.timeout.min = 5s (fallback to raft.server.rpc.timeout.min)
2024-01-17 07:57:14,296 [1bb81a9c-1547-435f-9d81-d5fca49fbc06@group-23DA28C678CC-FollowerState] INFO  server.RaftServerConfigKeys (ConfUtils.java:logFallback(53)) - raft.server.rpc.first-election.timeout.max = 5200ms (fallback to raft.server.rpc.timeout.max)
2024-01-17 07:57:14,294 [597b9f4b-0aac-4425-bf2d-48884e3709f6@group-23DA28C678CC-FollowerState] INFO  server.RaftServerConfigKeys (ConfUtils.java:logFallback(53)) - raft.server.rpc.first-election.timeout.min = 5s (fallback to raft.server.rpc.timeout.min)
2024-01-17 07:57:14,297 [597b9f4b-0aac-4425-bf2d-48884e3709f6@group-23DA28C678CC-FollowerState] INFO  server.RaftServerConfigKeys (ConfUtils.java:logFallback(53)) - raft.server.rpc.first-election.timeout.max = 5200ms (fallback to raft.server.rpc.timeout.max)
2024-01-17 07:57:14,293 [eb5c9b0d-19e6-4136-9089-8a3b0879ad33-groupManagement] INFO  ratis.ContainerStateMachine (ContainerStateMachine.java:loadSnapshot(287)) - group-E9E02E74B481: The snapshot info is null. Setting the last applied index to:(t:0, i:~)
2024-01-17 07:57:14,298 [e98e7f84-7e90-42c0-bf2b-bf94ba8f7864-PipelineCommandHandlerThread-0] INFO  commandhandler.CreatePipelineCommandHandler (CreatePipelineCommandHandler.java:lambda$handle$2(124)) - Created Pipeline RATIS THREE PipelineID=93550ce0-fabd-41bb-91c5-23da28c678cc.
2024-01-17 07:57:14,298 [1bb81a9c-1547-435f-9d81-d5fca49fbc06-groupManagement] INFO  util.JmxRegister (JmxRegister.java:tryRegister(44)) - Successfully registered JMX Bean with object name Ratis:service=RaftServer,group=group-23DA28C678CC,id=1bb81a9c-1547-435f-9d81-d5fca49fbc06
2024-01-17 07:57:14,296 [bdef3149-2cc3-439b-89a6-09b93146a606-groupManagement] INFO  server.RaftServerConfigKeys (ConfUtils.java:logGet(46)) - raft.server.storage.free-space.min = 0MB (=0) (default)
2024-01-17 07:57:14,299 [bdef3149-2cc3-439b-89a6-09b93146a606-groupManagement] INFO  server.RaftServerConfigKeys (ConfUtils.java:logGet(46)) - raft.server.log.corruption.policy = EXCEPTION (default)
2024-01-17 07:57:14,300 [bdef3149-2cc3-439b-89a6-09b93146a606-groupManagement] INFO  server.RaftServerConfigKeys (ConfUtils.java:logGet(46)) - raft.server.storage.dir = [/home/runner/work/ozone/ozone/hadoop-ozone/integration-test/target/test-dir/MiniOzoneClusterImpl-df80a8b8-78a2-47d1-a2cb-ee48e7cc81f7/datanode-7/data/ratis] (custom)
2024-01-17 07:57:14,300 [bdef3149-2cc3-439b-89a6-09b93146a606-groupManagement] INFO  storage.RaftStorageDirectory (RaftStorageDirectoryImpl.java:analyzeStorage(138)) - The storage directory /home/runner/work/ozone/ozone/hadoop-ozone/integration-test/target/test-dir/MiniOzoneClusterImpl-df80a8b8-78a2-47d1-a2cb-ee48e7cc81f7/datanode-7/data/ratis/3769c031-a691-4c45-a69e-e9e02e74b481 does not exist. Creating ...
2024-01-17 07:57:14,299 [1bb81a9c-1547-435f-9d81-d5fca49fbc06-groupManagement] INFO  server.RaftServerConfigKeys (ConfUtils.java:logGet(46)) - raft.server.snapshot.trigger-when-stop.enabled = true (default)
2024-01-17 07:57:14,301 [1bb81a9c-1547-435f-9d81-d5fca49fbc06-groupManagement] INFO  server.RaftServerConfigKeys (ConfUtils.java:logGet(46)) - raft.server.snapshot.auto.trigger.enabled = true (custom)
2024-01-17 07:57:14,301 [1bb81a9c-1547-435f-9d81-d5fca49fbc06-groupManagement] INFO  server.RaftServerConfigKeys (ConfUtils.java:logGet(46)) - raft.server.snapshot.auto.trigger.threshold = 10000 (custom)
2024-01-17 07:57:14,299 [eb5c9b0d-19e6-4136-9089-8a3b0879ad33-groupManagement] INFO  server.RaftServerConfigKeys (ConfUtils.java:logGet(46)) - raft.server.log.use.memory = false (default)
2024-01-17 07:57:14,301 [eb5c9b0d-19e6-4136-9089-8a3b0879ad33-groupManagement] INFO  server.RaftServerConfigKeys (ConfUtils.java:logGet(46)) - raft.server.log.purge.gap = 1000000 (custom)
2024-01-17 07:57:14,301 [eb5c9b0d-19e6-4136-9089-8a3b0879ad33-groupManagement] INFO  server.RaftServerConfigKeys (ConfUtils.java:logGet(46)) - raft.server.log.appender.buffer.byte-limit = 8388608 (custom)
2024-01-17 07:57:14,301 [eb5c9b0d-19e6-4136-9089-8a3b0879ad33-groupManagement] INFO  server.RaftServerConfigKeys (ConfUtils.java:logGet(46)) - raft.server.log.statemachine.data.read.timeout = 1000ms (default)
2024-01-17 07:57:14,301 [eb5c9b0d-19e6-4136-9089-8a3b0879ad33-groupManagement] INFO  server.RaftServerConfigKeys (ConfUtils.java:logGet(46)) - raft.server.log.purge.preservation.log.num = 0 (default)
2024-01-17 07:57:14,301 [1bb81a9c-1547-435f-9d81-d5fca49fbc06-groupManagement] INFO  server.RaftServerConfigKeys (ConfUtils.java:logGet(46)) - raft.server.snapshot.retention.file.num = 5 (custom)
2024-01-17 07:57:14,301 [bdef3149-2cc3-439b-89a6-09b93146a606-groupManagement] INFO  storage.RaftStorageDirectory (RaftStorageDirectoryImpl.java:tryLock(228)) - Lock on /home/runner/work/ozone/ozone/hadoop-ozone/integration-test/target/test-dir/MiniOzoneClusterImpl-df80a8b8-78a2-47d1-a2cb-ee48e7cc81f7/datanode-7/data/ratis/3769c031-a691-4c45-a69e-e9e02e74b481/in_use.lock acquired by nodename 24650@fv-az1531-837
2024-01-17 07:57:14,302 [1bb81a9c-1547-435f-9d81-d5fca49fbc06-groupManagement] INFO  server.RaftServerConfigKeys (ConfUtils.java:logGet(46)) - raft.server.log.purge.upto.snapshot.index = false (default)
2024-01-17 07:57:14,303 [bdef3149-2cc3-439b-89a6-09b93146a606-groupManagement] INFO  storage.RaftStorage (RaftStorageImpl.java:format(99)) - Storage directory /home/runner/work/ozone/ozone/hadoop-ozone/integration-test/target/test-dir/MiniOzoneClusterImpl-df80a8b8-78a2-47d1-a2cb-ee48e7cc81f7/datanode-7/data/ratis/3769c031-a691-4c45-a69e-e9e02e74b481 has been successfully formatted.
2024-01-17 07:57:14,303 [bdef3149-2cc3-439b-89a6-09b93146a606-groupManagement] WARN  util.FileUtils (LogUtils.java:supplyAndLog(63)) - Failed to Files.newInputStream /home/runner/work/ozone/ozone/hadoop-ozone/integration-test/target/test-dir/MiniOzoneClusterImpl-df80a8b8-78a2-47d1-a2cb-ee48e7cc81f7/datanode-7/data/ratis/3769c031-a691-4c45-a69e-e9e02e74b481/current/raft-meta.conf with options []: java.nio.file.NoSuchFileException: /home/runner/work/ozone/ozone/hadoop-ozone/integration-test/target/test-dir/MiniOzoneClusterImpl-df80a8b8-78a2-47d1-a2cb-ee48e7cc81f7/datanode-7/data/ratis/3769c031-a691-4c45-a69e-e9e02e74b481/current/raft-meta.conf
2024-01-17 07:57:14,304 [bdef3149-2cc3-439b-89a6-09b93146a606-groupManagement] INFO  ratis.ContainerStateMachine (ContainerStateMachine.java:loadSnapshot(287)) - group-E9E02E74B481: The snapshot info is null. Setting the last applied index to:(t:0, i:~)
2024-01-17 07:57:14,304 [bdef3149-2cc3-439b-89a6-09b93146a606-groupManagement] INFO  server.RaftServerConfigKeys (ConfUtils.java:logGet(46)) - raft.server.log.use.memory = false (default)
2024-01-17 07:57:14,305 [bdef3149-2cc3-439b-89a6-09b93146a606-groupManagement] INFO  server.RaftServerConfigKeys (ConfUtils.java:logGet(46)) - raft.server.log.purge.gap = 1000000 (custom)
2024-01-17 07:57:14,305 [bdef3149-2cc3-439b-89a6-09b93146a606-groupManagement] INFO  server.RaftServerConfigKeys (ConfUtils.java:logGet(46)) - raft.server.log.appender.buffer.byte-limit = 8388608 (custom)
2024-01-17 07:57:14,305 [bdef3149-2cc3-439b-89a6-09b93146a606-groupManagement] INFO  server.RaftServerConfigKeys (ConfUtils.java:logGet(46)) - raft.server.log.statemachine.data.read.timeout = 1000ms (default)
2024-01-17 07:57:14,305 [bdef3149-2cc3-439b-89a6-09b93146a606-groupManagement] INFO  server.RaftServerConfigKeys (ConfUtils.java:logGet(46)) - raft.server.log.purge.preservation.log.num = 0 (default)
2024-01-17 07:57:14,314 [597b9f4b-0aac-4425-bf2d-48884e3709f6-PipelineCommandHandlerThread-0] INFO  ratis.XceiverServerRatis (XceiverServerRatis.java:addGroup(842)) - Created group PipelineID=93550ce0-fabd-41bb-91c5-23da28c678cc
2024-01-17 07:57:14,322 [1bb81a9c-1547-435f-9d81-d5fca49fbc06-PipelineCommandHandlerThread-0] INFO  ratis.XceiverServerRatis (XceiverServerRatis.java:addGroup(842)) - Created group PipelineID=93550ce0-fabd-41bb-91c5-23da28c678cc
2024-01-17 07:57:14,356 [4f4a0cbc-a9eb-44f0-8d97-06326de93701-groupManagement] INFO  server.RaftServerConfigKeys (ConfUtils.java:logGet(46)) - raft.server.log.segment.size.max = 67108864 (custom)
2024-01-17 07:57:14,361 [4f4a0cbc-a9eb-44f0-8d97-06326de93701-groupManagement] INFO  server.RaftServerConfigKeys (ConfUtils.java:logGet(46)) - raft.server.log.segment.cache.num.max = 2 (custom)
2024-01-17 07:57:14,361 [4f4a0cbc-a9eb-44f0-8d97-06326de93701-groupManagement] INFO  server.RaftServerConfigKeys (ConfUtils.java:logGet(46)) - raft.server.log.segment.cache.size.max = 200MB (=209715200) (default)
2024-01-17 07:57:14,361 [4f4a0cbc-a9eb-44f0-8d97-06326de93701-groupManagement] INFO  server.RaftServerConfigKeys (ConfUtils.java:logGet(46)) - raft.server.log.appender.buffer.byte-limit = 8388608 (custom)
2024-01-17 07:57:14,362 [eb5c9b0d-19e6-4136-9089-8a3b0879ad33-groupManagement] INFO  server.RaftServerConfigKeys (ConfUtils.java:logGet(46)) - raft.server.log.segment.size.max = 67108864 (custom)
2024-01-17 07:57:14,364 [eb5c9b0d-19e6-4136-9089-8a3b0879ad33-groupManagement] INFO  server.RaftServerConfigKeys (ConfUtils.java:logGet(46)) - raft.server.log.segment.cache.num.max = 2 (custom)
2024-01-17 07:57:14,364 [eb5c9b0d-19e6-4136-9089-8a3b0879ad33-groupManagement] INFO  server.RaftServerConfigKeys (ConfUtils.java:logGet(46)) - raft.server.log.segment.cache.size.max = 200MB (=209715200) (default)
2024-01-17 07:57:14,364 [eb5c9b0d-19e6-4136-9089-8a3b0879ad33-groupManagement] INFO  server.RaftServerConfigKeys (ConfUtils.java:logGet(46)) - raft.server.log.appender.buffer.byte-limit = 8388608 (custom)
2024-01-17 07:57:14,366 [8d67fbbe-ad76-4934-bcfb-c8cae0dbbecb-groupManagement] INFO  server.RaftServerConfigKeys (ConfUtils.java:logGet(46)) - raft.server.rpc.request.timeout = 60s (custom)
2024-01-17 07:57:14,366 [8d67fbbe-ad76-4934-bcfb-c8cae0dbbecb-groupManagement] INFO  server.RaftServerConfigKeys (ConfUtils.java:logGet(46)) - raft.server.log.appender.install.snapshot.enabled = false (custom)
2024-01-17 07:57:14,366 [8d67fbbe-ad76-4934-bcfb-c8cae0dbbecb-groupManagement] INFO  server.RaftServerConfigKeys (ConfUtils.java:logGet(46)) - raft.server.threadpool.server.cached = true (default)
2024-01-17 07:57:14,366 [8d67fbbe-ad76-4934-bcfb-c8cae0dbbecb-groupManagement] INFO  server.RaftServerConfigKeys (ConfUtils.java:logGet(46)) - raft.server.threadpool.server.size = 0 (default)
2024-01-17 07:57:14,366 [8d67fbbe-ad76-4934-bcfb-c8cae0dbbecb-groupManagement] INFO  server.RaftServerConfigKeys (ConfUtils.java:logGet(46)) - raft.server.threadpool.client.cached = true (default)
2024-01-17 07:57:14,366 [8d67fbbe-ad76-4934-bcfb-c8cae0dbbecb-groupManagement] INFO  server.RaftServerConfigKeys (ConfUtils.java:logGet(46)) - raft.server.threadpool.client.size = 0 (default)
2024-01-17 07:57:14,366 [8d67fbbe-ad76-4934-bcfb-c8cae0dbbecb-groupManagement] INFO  server.RaftServerConfigKeys (ConfUtils.java:logGet(46)) - raft.server.storage.free-space.min = 0MB (=0) (default)
2024-01-17 07:57:14,366 [8d67fbbe-ad76-4934-bcfb-c8cae0dbbecb-groupManagement] INFO  server.RaftServerConfigKeys (ConfUtils.java:logGet(46)) - raft.server.log.corruption.policy = EXCEPTION (default)
2024-01-17 07:57:14,366 [8d67fbbe-ad76-4934-bcfb-c8cae0dbbecb-groupManagement] INFO  server.RaftServerConfigKeys (ConfUtils.java:logGet(46)) - raft.server.storage.dir = [/home/runner/work/ozone/ozone/hadoop-ozone/integration-test/target/test-dir/MiniOzoneClusterImpl-df80a8b8-78a2-47d1-a2cb-ee48e7cc81f7/datanode-5/data/ratis] (custom)
2024-01-17 07:57:14,367 [8d67fbbe-ad76-4934-bcfb-c8cae0dbbecb-groupManagement] INFO  storage.RaftStorageDirectory (RaftStorageDirectoryImpl.java:analyzeStorage(138)) - The storage directory /home/runner/work/ozone/ozone/hadoop-ozone/integration-test/target/test-dir/MiniOzoneClusterImpl-df80a8b8-78a2-47d1-a2cb-ee48e7cc81f7/datanode-5/data/ratis/163fc6ed-ef43-4520-8ab8-fe8b27bbd9ec does not exist. Creating ...
2024-01-17 07:57:14,367 [bdef3149-2cc3-439b-89a6-09b93146a606-groupManagement] INFO  server.RaftServerConfigKeys (ConfUtils.java:logGet(46)) - raft.server.log.segment.size.max = 67108864 (custom)
2024-01-17 07:57:14,369 [bdef3149-2cc3-439b-89a6-09b93146a606-groupManagement] INFO  server.RaftServerConfigKeys (ConfUtils.java:logGet(46)) - raft.server.log.segment.cache.num.max = 2 (custom)
2024-01-17 07:57:14,370 [bdef3149-2cc3-439b-89a6-09b93146a606-groupManagement] INFO  server.RaftServerConfigKeys (ConfUtils.java:logGet(46)) - raft.server.log.segment.cache.size.max = 200MB (=209715200) (default)
2024-01-17 07:57:14,371 [bdef3149-2cc3-439b-89a6-09b93146a606-groupManagement] INFO  server.RaftServerConfigKeys (ConfUtils.java:logGet(46)) - raft.server.log.appender.buffer.byte-limit = 8388608 (custom)
2024-01-17 07:57:14,371 [8d67fbbe-ad76-4934-bcfb-c8cae0dbbecb-groupManagement] INFO  storage.RaftStorageDirectory (RaftStorageDirectoryImpl.java:tryLock(228)) - Lock on /home/runner/work/ozone/ozone/hadoop-ozone/integration-test/target/test-dir/MiniOzoneClusterImpl-df80a8b8-78a2-47d1-a2cb-ee48e7cc81f7/datanode-5/data/ratis/163fc6ed-ef43-4520-8ab8-fe8b27bbd9ec/in_use.lock acquired by nodename 24650@fv-az1531-837
2024-01-17 07:57:14,372 [4f4a0cbc-a9eb-44f0-8d97-06326de93701-groupManagement] INFO  util.AwaitToRun (AwaitToRun.java:start(81)) - Thread[4f4a0cbc-a9eb-44f0-8d97-06326de93701@group-FE8B27BBD9EC-cacheEviction-AwaitToRun,5,main] started
2024-01-17 07:57:14,372 [4f4a0cbc-a9eb-44f0-8d97-06326de93701-groupManagement] INFO  segmented.SegmentedRaftLogWorker (SegmentedRaftLogWorker.java:<init>(182)) - new 4f4a0cbc-a9eb-44f0-8d97-06326de93701@group-FE8B27BBD9EC-SegmentedRaftLogWorker for RaftStorageImpl:Storage Directory /home/runner/work/ozone/ozone/hadoop-ozone/integration-test/target/test-dir/MiniOzoneClusterImpl-df80a8b8-78a2-47d1-a2cb-ee48e7cc81f7/datanode-3/data/ratis/163fc6ed-ef43-4520-8ab8-fe8b27bbd9ec
2024-01-17 07:57:14,372 [4f4a0cbc-a9eb-44f0-8d97-06326de93701-groupManagement] INFO  server.RaftServerConfigKeys (ConfUtils.java:logGet(46)) - raft.server.log.queue.byte-limit = 4294967296 (custom)
2024-01-17 07:57:14,372 [4f4a0cbc-a9eb-44f0-8d97-06326de93701-groupManagement] INFO  server.RaftServerConfigKeys (ConfUtils.java:logGet(46)) - raft.server.log.queue.element-limit = 1024 (custom)
2024-01-17 07:57:14,372 [4f4a0cbc-a9eb-44f0-8d97-06326de93701-groupManagement] INFO  server.RaftServerConfigKeys (ConfUtils.java:logGet(46)) - raft.server.log.segment.size.max = 67108864 (custom)
2024-01-17 07:57:14,373 [4f4a0cbc-a9eb-44f0-8d97-06326de93701-groupManagement] INFO  server.RaftServerConfigKeys (ConfUtils.java:logGet(46)) - raft.server.log.preallocated.size = 4194304 (custom)
2024-01-17 07:57:14,373 [4f4a0cbc-a9eb-44f0-8d97-06326de93701-groupManagement] INFO  server.RaftServerConfigKeys (ConfUtils.java:logGet(46)) - raft.server.log.force.sync.num = 128 (default)
2024-01-17 07:57:14,373 [4f4a0cbc-a9eb-44f0-8d97-06326de93701-groupManagement] INFO  server.RaftServerConfigKeys (ConfUtils.java:logGet(46)) - raft.server.log.statemachine.data.sync = true (default)
2024-01-17 07:57:14,373 [4f4a0cbc-a9eb-44f0-8d97-06326de93701-groupManagement] INFO  server.RaftServerConfigKeys (ConfUtils.java:logGet(46)) - raft.server.log.statemachine.data.sync.timeout = 10s (default)
2024-01-17 07:57:14,373 [4f4a0cbc-a9eb-44f0-8d97-06326de93701-groupManagement] INFO  server.RaftServerConfigKeys (ConfUtils.java:logGet(46)) - raft.server.log.statemachine.data.sync.timeout.retry = 0 (custom)
2024-01-17 07:57:14,373 [4f4a0cbc-a9eb-44f0-8d97-06326de93701-groupManagement] INFO  server.RaftServerConfigKeys (ConfUtils.java:logGet(46)) - raft.server.log.write.buffer.size = 8388616 (custom)
2024-01-17 07:57:14,374 [bdef3149-2cc3-439b-89a6-09b93146a606-groupManagement] INFO  util.AwaitToRun (AwaitToRun.java:start(81)) - Thread[bdef3149-2cc3-439b-89a6-09b93146a606@group-E9E02E74B481-cacheEviction-AwaitToRun,5,main] started
2024-01-17 07:57:14,374 [bdef3149-2cc3-439b-89a6-09b93146a606-groupManagement] INFO  segmented.SegmentedRaftLogWorker (SegmentedRaftLogWorker.java:<init>(182)) - new bdef3149-2cc3-439b-89a6-09b93146a606@group-E9E02E74B481-SegmentedRaftLogWorker for RaftStorageImpl:Storage Directory /home/runner/work/ozone/ozone/hadoop-ozone/integration-test/target/test-dir/MiniOzoneClusterImpl-df80a8b8-78a2-47d1-a2cb-ee48e7cc81f7/datanode-7/data/ratis/3769c031-a691-4c45-a69e-e9e02e74b481
2024-01-17 07:57:14,374 [bdef3149-2cc3-439b-89a6-09b93146a606-groupManagement] INFO  server.RaftServerConfigKeys (ConfUtils.java:logGet(46)) - raft.server.log.queue.byte-limit = 4294967296 (custom)
2024-01-17 07:57:14,374 [bdef3149-2cc3-439b-89a6-09b93146a606-groupManagement] INFO  server.RaftServerConfigKeys (ConfUtils.java:logGet(46)) - raft.server.log.queue.element-limit = 1024 (custom)
2024-01-17 07:57:14,374 [bdef3149-2cc3-439b-89a6-09b93146a606-groupManagement] INFO  server.RaftServerConfigKeys (ConfUtils.java:logGet(46)) - raft.server.log.segment.size.max = 67108864 (custom)
2024-01-17 07:57:14,375 [bdef3149-2cc3-439b-89a6-09b93146a606-groupManagement] INFO  server.RaftServerConfigKeys (ConfUtils.java:logGet(46)) - raft.server.log.preallocated.size = 4194304 (custom)
2024-01-17 07:57:14,375 [bdef3149-2cc3-439b-89a6-09b93146a606-groupManagement] INFO  server.RaftServerConfigKeys (ConfUtils.java:logGet(46)) - raft.server.log.force.sync.num = 128 (default)
2024-01-17 07:57:14,375 [bdef3149-2cc3-439b-89a6-09b93146a606-groupManagement] INFO  server.RaftServerConfigKeys (ConfUtils.java:logGet(46)) - raft.server.log.statemachine.data.sync = true (default)
2024-01-17 07:57:14,375 [bdef3149-2cc3-439b-89a6-09b93146a606-groupManagement] INFO  server.RaftServerConfigKeys (ConfUtils.java:logGet(46)) - raft.server.log.statemachine.data.sync.timeout = 10s (default)
2024-01-17 07:57:14,375 [bdef3149-2cc3-439b-89a6-09b93146a606-groupManagement] INFO  server.RaftServerConfigKeys (ConfUtils.java:logGet(46)) - raft.server.log.statemachine.data.sync.timeout.retry = 0 (custom)
2024-01-17 07:57:14,374 [8d67fbbe-ad76-4934-bcfb-c8cae0dbbecb-groupManagement] INFO  storage.RaftStorage (RaftStorageImpl.java:format(99)) - Storage directory /home/runner/work/ozone/ozone/hadoop-ozone/integration-test/target/test-dir/MiniOzoneClusterImpl-df80a8b8-78a2-47d1-a2cb-ee48e7cc81f7/datanode-5/data/ratis/163fc6ed-ef43-4520-8ab8-fe8b27bbd9ec has been successfully formatted.
2024-01-17 07:57:14,375 [8d67fbbe-ad76-4934-bcfb-c8cae0dbbecb-groupManagement] WARN  util.FileUtils (LogUtils.java:supplyAndLog(63)) - Failed to Files.newInputStream /home/runner/work/ozone/ozone/hadoop-ozone/integration-test/target/test-dir/MiniOzoneClusterImpl-df80a8b8-78a2-47d1-a2cb-ee48e7cc81f7/datanode-5/data/ratis/163fc6ed-ef43-4520-8ab8-fe8b27bbd9ec/current/raft-meta.conf with options []: java.nio.file.NoSuchFileException: /home/runner/work/ozone/ozone/hadoop-ozone/integration-test/target/test-dir/MiniOzoneClusterImpl-df80a8b8-78a2-47d1-a2cb-ee48e7cc81f7/datanode-5/data/ratis/163fc6ed-ef43-4520-8ab8-fe8b27bbd9ec/current/raft-meta.conf
2024-01-17 07:57:14,376 [bdef3149-2cc3-439b-89a6-09b93146a606-groupManagement] INFO  server.RaftServerConfigKeys (ConfUtils.java:logGet(46)) - raft.server.log.write.buffer.size = 8388616 (custom)
2024-01-17 07:57:14,383 [eb5c9b0d-19e6-4136-9089-8a3b0879ad33-groupManagement] INFO  util.AwaitToRun (AwaitToRun.java:start(81)) - Thread[eb5c9b0d-19e6-4136-9089-8a3b0879ad33@group-E9E02E74B481-cacheEviction-AwaitToRun,5,main] started
2024-01-17 07:57:14,383 [4f4a0cbc-a9eb-44f0-8d97-06326de93701-groupManagement] INFO  server.RaftServerConfigKeys (ConfUtils.java:logGet(46)) - raft.server.log.appender.buffer.byte-limit = 8388608 (custom)
2024-01-17 07:57:14,383 [eb5c9b0d-19e6-4136-9089-8a3b0879ad33-groupManagement] INFO  segmented.SegmentedRaftLogWorker (SegmentedRaftLogWorker.java:<init>(182)) - new eb5c9b0d-19e6-4136-9089-8a3b0879ad33@group-E9E02E74B481-SegmentedRaftLogWorker for RaftStorageImpl:Storage Directory /home/runner/work/ozone/ozone/hadoop-ozone/integration-test/target/test-dir/MiniOzoneClusterImpl-df80a8b8-78a2-47d1-a2cb-ee48e7cc81f7/datanode-6/data/ratis/3769c031-a691-4c45-a69e-e9e02e74b481
2024-01-17 07:57:14,384 [eb5c9b0d-19e6-4136-9089-8a3b0879ad33-groupManagement] INFO  server.RaftServerConfigKeys (ConfUtils.java:logGet(46)) - raft.server.log.queue.byte-limit = 4294967296 (custom)
2024-01-17 07:57:14,384 [eb5c9b0d-19e6-4136-9089-8a3b0879ad33-groupManagement] INFO  server.RaftServerConfigKeys (ConfUtils.java:logGet(46)) - raft.server.log.queue.element-limit = 1024 (custom)
2024-01-17 07:57:14,384 [eb5c9b0d-19e6-4136-9089-8a3b0879ad33-groupManagement] INFO  server.RaftServerConfigKeys (ConfUtils.java:logGet(46)) - raft.server.log.segment.size.max = 67108864 (custom)
2024-01-17 07:57:14,384 [eb5c9b0d-19e6-4136-9089-8a3b0879ad33-groupManagement] INFO  server.RaftServerConfigKeys (ConfUtils.java:logGet(46)) - raft.server.log.preallocated.size = 4194304 (custom)
2024-01-17 07:57:14,384 [eb5c9b0d-19e6-4136-9089-8a3b0879ad33-groupManagement] INFO  server.RaftServerConfigKeys (ConfUtils.java:logGet(46)) - raft.server.log.force.sync.num = 128 (default)
2024-01-17 07:57:14,384 [8d67fbbe-ad76-4934-bcfb-c8cae0dbbecb-groupManagement] INFO  ratis.ContainerStateMachine (ContainerStateMachine.java:loadSnapshot(287)) - group-FE8B27BBD9EC: The snapshot info is null. Setting the last applied index to:(t:0, i:~)
2024-01-17 07:57:14,384 [8d67fbbe-ad76-4934-bcfb-c8cae0dbbecb-groupManagement] INFO  server.RaftServerConfigKeys (ConfUtils.java:logGet(46)) - raft.server.log.use.memory = false (default)
2024-01-17 07:57:14,385 [8d67fbbe-ad76-4934-bcfb-c8cae0dbbecb-groupManagement] INFO  server.RaftServerConfigKeys (ConfUtils.java:logGet(46)) - raft.server.log.purge.gap = 1000000 (custom)
2024-01-17 07:57:14,385 [8d67fbbe-ad76-4934-bcfb-c8cae0dbbecb-groupManagement] INFO  server.RaftServerConfigKeys (ConfUtils.java:logGet(46)) - raft.server.log.appender.buffer.byte-limit = 8388608 (custom)
2024-01-17 07:57:14,385 [8d67fbbe-ad76-4934-bcfb-c8cae0dbbecb-groupManagement] INFO  server.RaftServerConfigKeys (ConfUtils.java:logGet(46)) - raft.server.log.statemachine.data.read.timeout = 1000ms (default)
2024-01-17 07:57:14,385 [8d67fbbe-ad76-4934-bcfb-c8cae0dbbecb-groupManagement] INFO  server.RaftServerConfigKeys (ConfUtils.java:logGet(46)) - raft.server.log.purge.preservation.log.num = 0 (default)
2024-01-17 07:57:14,384 [eb5c9b0d-19e6-4136-9089-8a3b0879ad33-groupManagement] INFO  server.RaftServerConfigKeys (ConfUtils.java:logGet(46)) - raft.server.log.statemachine.data.sync = true (default)
2024-01-17 07:57:14,388 [eb5c9b0d-19e6-4136-9089-8a3b0879ad33-groupManagement] INFO  server.RaftServerConfigKeys (ConfUtils.java:logGet(46)) - raft.server.log.statemachine.data.sync.timeout = 10s (default)
2024-01-17 07:57:14,388 [eb5c9b0d-19e6-4136-9089-8a3b0879ad33-groupManagement] INFO  server.RaftServerConfigKeys (ConfUtils.java:logGet(46)) - raft.server.log.statemachine.data.sync.timeout.retry = 0 (custom)
2024-01-17 07:57:14,389 [4f4a0cbc-a9eb-44f0-8d97-06326de93701-groupManagement] INFO  server.RaftServerConfigKeys (ConfUtils.java:logGet(46)) - raft.server.log.unsafe-flush.enabled = false (default)
2024-01-17 07:57:14,389 [4f4a0cbc-a9eb-44f0-8d97-06326de93701-groupManagement] INFO  server.RaftServerConfigKeys (ConfUtils.java:logGet(46)) - raft.server.log.async-flush.enabled = false (default)
2024-01-17 07:57:14,389 [4f4a0cbc-a9eb-44f0-8d97-06326de93701-groupManagement] INFO  server.RaftServerConfigKeys (ConfUtils.java:logGet(46)) - raft.server.log.statemachine.data.caching.enabled = true (custom)
2024-01-17 07:57:14,389 [4f4a0cbc-a9eb-44f0-8d97-06326de93701-groupManagement] INFO  segmented.SegmentedRaftLogWorker (SegmentedRaftLogWorker.java:lambda$new$0(134)) - 4f4a0cbc-a9eb-44f0-8d97-06326de93701@group-FE8B27BBD9EC-SegmentedRaftLogWorker: flushIndex: setUnconditionally 0 -> -1
2024-01-17 07:57:14,389 [4f4a0cbc-a9eb-44f0-8d97-06326de93701-groupManagement] INFO  segmented.SegmentedRaftLogWorker (SegmentedRaftLogWorker.java:lambda$new$0(134)) - 4f4a0cbc-a9eb-44f0-8d97-06326de93701@group-FE8B27BBD9EC-SegmentedRaftLogWorker: safeCacheEvictIndex: setUnconditionally 0 -> -1
2024-01-17 07:57:14,391 [bdef3149-2cc3-439b-89a6-09b93146a606-groupManagement] INFO  server.RaftServerConfigKeys (ConfUtils.java:logGet(46)) - raft.server.log.appender.buffer.byte-limit = 8388608 (custom)
2024-01-17 07:57:14,391 [bdef3149-2cc3-439b-89a6-09b93146a606-groupManagement] INFO  server.RaftServerConfigKeys (ConfUtils.java:logGet(46)) - raft.server.log.unsafe-flush.enabled = false (default)
2024-01-17 07:57:14,391 [bdef3149-2cc3-439b-89a6-09b93146a606-groupManagement] INFO  server.RaftServerConfigKeys (ConfUtils.java:logGet(46)) - raft.server.log.async-flush.enabled = false (default)
2024-01-17 07:57:14,391 [bdef3149-2cc3-439b-89a6-09b93146a606-groupManagement] INFO  server.RaftServerConfigKeys (ConfUtils.java:logGet(46)) - raft.server.log.statemachine.data.caching.enabled = true (custom)
2024-01-17 07:57:14,391 [bdef3149-2cc3-439b-89a6-09b93146a606-groupManagement] INFO  segmented.SegmentedRaftLogWorker (SegmentedRaftLogWorker.java:lambda$new$0(134)) - bdef3149-2cc3-439b-89a6-09b93146a606@group-E9E02E74B481-SegmentedRaftLogWorker: flushIndex: setUnconditionally 0 -> -1
2024-01-17 07:57:14,391 [bdef3149-2cc3-439b-89a6-09b93146a606-groupManagement] INFO  segmented.SegmentedRaftLogWorker (SegmentedRaftLogWorker.java:lambda$new$0(134)) - bdef3149-2cc3-439b-89a6-09b93146a606@group-E9E02E74B481-SegmentedRaftLogWorker: safeCacheEvictIndex: setUnconditionally 0 -> -1
2024-01-17 07:57:14,394 [eb5c9b0d-19e6-4136-9089-8a3b0879ad33-groupManagement] INFO  server.RaftServerConfigKeys (ConfUtils.java:logGet(46)) - raft.server.log.write.buffer.size = 8388616 (custom)
2024-01-17 07:57:14,395 [8d67fbbe-ad76-4934-bcfb-c8cae0dbbecb-groupManagement] INFO  server.RaftServerConfigKeys (ConfUtils.java:logGet(46)) - raft.server.log.segment.size.max = 67108864 (custom)
2024-01-17 07:57:14,395 [8d67fbbe-ad76-4934-bcfb-c8cae0dbbecb-groupManagement] INFO  server.RaftServerConfigKeys (ConfUtils.java:logGet(46)) - raft.server.log.segment.cache.num.max = 2 (custom)
2024-01-17 07:57:14,395 [8d67fbbe-ad76-4934-bcfb-c8cae0dbbecb-groupManagement] INFO  server.RaftServerConfigKeys (ConfUtils.java:logGet(46)) - raft.server.log.segment.cache.size.max = 200MB (=209715200) (default)
2024-01-17 07:57:14,395 [8d67fbbe-ad76-4934-bcfb-c8cae0dbbecb-groupManagement] INFO  server.RaftServerConfigKeys (ConfUtils.java:logGet(46)) - raft.server.log.appender.buffer.byte-limit = 8388608 (custom)
2024-01-17 07:57:14,396 [eb5c9b0d-19e6-4136-9089-8a3b0879ad33-groupManagement] INFO  server.RaftServerConfigKeys (ConfUtils.java:logGet(46)) - raft.server.log.appender.buffer.byte-limit = 8388608 (custom)
2024-01-17 07:57:14,396 [eb5c9b0d-19e6-4136-9089-8a3b0879ad33-groupManagement] INFO  server.RaftServerConfigKeys (ConfUtils.java:logGet(46)) - raft.server.log.unsafe-flush.enabled = false (default)
2024-01-17 07:57:14,397 [eb5c9b0d-19e6-4136-9089-8a3b0879ad33-groupManagement] INFO  server.RaftServerConfigKeys (ConfUtils.java:logGet(46)) - raft.server.log.async-flush.enabled = false (default)
2024-01-17 07:57:14,397 [eb5c9b0d-19e6-4136-9089-8a3b0879ad33-groupManagement] INFO  server.RaftServerConfigKeys (ConfUtils.java:logGet(46)) - raft.server.log.statemachine.data.caching.enabled = true (custom)
2024-01-17 07:57:14,397 [eb5c9b0d-19e6-4136-9089-8a3b0879ad33-groupManagement] INFO  segmented.SegmentedRaftLogWorker (SegmentedRaftLogWorker.java:lambda$new$0(134)) - eb5c9b0d-19e6-4136-9089-8a3b0879ad33@group-E9E02E74B481-SegmentedRaftLogWorker: flushIndex: setUnconditionally 0 -> -1
2024-01-17 07:57:14,397 [eb5c9b0d-19e6-4136-9089-8a3b0879ad33-groupManagement] INFO  segmented.SegmentedRaftLogWorker (SegmentedRaftLogWorker.java:lambda$new$0(134)) - eb5c9b0d-19e6-4136-9089-8a3b0879ad33@group-E9E02E74B481-SegmentedRaftLogWorker: safeCacheEvictIndex: setUnconditionally 0 -> -1
2024-01-17 07:57:14,400 [4f4a0cbc-a9eb-44f0-8d97-06326de93701-groupManagement] INFO  server.RaftServer$Division (RaftServerImpl.java:start(396)) - 4f4a0cbc-a9eb-44f0-8d97-06326de93701@group-FE8B27BBD9EC: start as a follower, conf=-1: peers:[4f4a0cbc-a9eb-44f0-8d97-06326de93701|10.1.0.6:15041, 8d67fbbe-ad76-4934-bcfb-c8cae0dbbecb|10.1.0.6:15059, 0f18b96a-e4aa-46f4-b611-a6948cf06a42|10.1.0.6:15050]|listeners:[], old=null
2024-01-17 07:57:14,400 [4f4a0cbc-a9eb-44f0-8d97-06326de93701-groupManagement] INFO  server.RaftServer$Division (RaftServerImpl.java:setRole(383)) - 4f4a0cbc-a9eb-44f0-8d97-06326de93701@group-FE8B27BBD9EC: changes role from      null to FOLLOWER at term 0 for startAsFollower
2024-01-17 07:57:14,407 [497ccbea-d6cf-4731-95da-fa3df448bf79-PipelineCommandHandlerThread-0] INFO  server.RaftServer (RaftServerProxy.java:addNew(100)) - 497ccbea-d6cf-4731-95da-fa3df448bf79: addNew group-E9E02E74B481:[eb5c9b0d-19e6-4136-9089-8a3b0879ad33|10.1.0.6:15068, 497ccbea-d6cf-4731-95da-fa3df448bf79|10.1.0.6:15086, bdef3149-2cc3-439b-89a6-09b93146a606|10.1.0.6:15077] returns group-E9E02E74B481:java.util.concurrent.CompletableFuture@222a5913[Not completed]
2024-01-17 07:57:14,409 [eb5c9b0d-19e6-4136-9089-8a3b0879ad33-groupManagement] INFO  server.RaftServer$Division (RaftServerImpl.java:start(396)) - eb5c9b0d-19e6-4136-9089-8a3b0879ad33@group-E9E02E74B481: start as a follower, conf=-1: peers:[eb5c9b0d-19e6-4136-9089-8a3b0879ad33|10.1.0.6:15068, 497ccbea-d6cf-4731-95da-fa3df448bf79|10.1.0.6:15086, bdef3149-2cc3-439b-89a6-09b93146a606|10.1.0.6:15077]|listeners:[], old=null
2024-01-17 07:57:14,409 [eb5c9b0d-19e6-4136-9089-8a3b0879ad33-groupManagement] INFO  server.RaftServer$Division (RaftServerImpl.java:setRole(383)) - eb5c9b0d-19e6-4136-9089-8a3b0879ad33@group-E9E02E74B481: changes role from      null to FOLLOWER at term 0 for startAsFollower
2024-01-17 07:57:14,409 [eb5c9b0d-19e6-4136-9089-8a3b0879ad33-groupManagement] INFO  impl.RoleInfo (RoleInfo.java:updateAndGet(139)) - eb5c9b0d-19e6-4136-9089-8a3b0879ad33: start eb5c9b0d-19e6-4136-9089-8a3b0879ad33@group-E9E02E74B481-FollowerState
2024-01-17 07:57:14,409 [497ccbea-d6cf-4731-95da-fa3df448bf79-groupManagement] INFO  server.RaftServer$Division (RaftServerImpl.java:<init>(256)) - 497ccbea-d6cf-4731-95da-fa3df448bf79: new RaftServerImpl for group-E9E02E74B481:[eb5c9b0d-19e6-4136-9089-8a3b0879ad33|10.1.0.6:15068, 497ccbea-d6cf-4731-95da-fa3df448bf79|10.1.0.6:15086, bdef3149-2cc3-439b-89a6-09b93146a606|10.1.0.6:15077] with ContainerStateMachine:uninitialized
2024-01-17 07:57:14,409 [497ccbea-d6cf-4731-95da-fa3df448bf79-groupManagement] INFO  server.RaftServerConfigKeys (ConfUtils.java:logGet(46)) - raft.server.rpc.timeout.min = 5s (custom)
2024-01-17 07:57:14,409 [497ccbea-d6cf-4731-95da-fa3df448bf79-groupManagement] INFO  server.RaftServerConfigKeys (ConfUtils.java:logGet(46)) - raft.server.rpc.timeout.max = 5200ms (custom)
2024-01-17 07:57:14,409 [497ccbea-d6cf-4731-95da-fa3df448bf79-groupManagement] INFO  server.RaftServerConfigKeys (ConfUtils.java:logGet(46)) - raft.server.rpc.sleep.time = 25ms (default)
2024-01-17 07:57:14,409 [497ccbea-d6cf-4731-95da-fa3df448bf79-groupManagement] INFO  server.RaftServerConfigKeys (ConfUtils.java:logGet(46)) - raft.server.rpc.slowness.timeout = 300s (custom)
2024-01-17 07:57:14,410 [497ccbea-d6cf-4731-95da-fa3df448bf79-groupManagement] INFO  server.RaftServerConfigKeys (ConfUtils.java:logGet(46)) - raft.server.leaderelection.leader.step-down.wait-time = 10s (default)
2024-01-17 07:57:14,410 [497ccbea-d6cf-4731-95da-fa3df448bf79-groupManagement] INFO  server.RaftServerConfigKeys (ConfUtils.java:logGet(46)) - raft.server.leaderelection.member.majority-add = false (default)
2024-01-17 07:57:14,410 [497ccbea-d6cf-4731-95da-fa3df448bf79-groupManagement] INFO  server.RaftServerConfigKeys (ConfUtils.java:logGet(46)) - raft.server.sleep.deviation.threshold = 300ms (default)
2024-01-17 07:57:14,410 [497ccbea-d6cf-4731-95da-fa3df448bf79-groupManagement] INFO  server.RaftServer$Division (ServerState.java:<init>(113)) - 497ccbea-d6cf-4731-95da-fa3df448bf79@group-E9E02E74B481: ConfigurationManager, init=-1: peers:[eb5c9b0d-19e6-4136-9089-8a3b0879ad33|10.1.0.6:15068, 497ccbea-d6cf-4731-95da-fa3df448bf79|10.1.0.6:15086, bdef3149-2cc3-439b-89a6-09b93146a606|10.1.0.6:15077]|listeners:[], old=null, confs=<EMPTY_MAP>
2024-01-17 07:57:14,410 [497ccbea-d6cf-4731-95da-fa3df448bf79-groupManagement] INFO  server.RaftServerConfigKeys (ConfUtils.java:logGet(46)) - raft.server.notification.no-leader.timeout = 300s (custom)
2024-01-17 07:57:14,410 [497ccbea-d6cf-4731-95da-fa3df448bf79-groupManagement] INFO  server.RaftServerConfigKeys (ConfUtils.java:logGet(46)) - raft.server.read.timeout = 10s (default)
2024-01-17 07:57:14,410 [497ccbea-d6cf-4731-95da-fa3df448bf79-groupManagement] INFO  server.RaftServerConfigKeys (ConfUtils.java:logGet(46)) - raft.server.retrycache.expirytime = 600000ms (custom)
2024-01-17 07:57:14,410 [497ccbea-d6cf-4731-95da-fa3df448bf79-groupManagement] INFO  server.RaftServerConfigKeys (ConfUtils.java:logGet(46)) - raft.server.retrycache.statistics.expirytime = 100ms (default)
2024-01-17 07:57:14,410 [497ccbea-d6cf-4731-95da-fa3df448bf79-groupManagement] INFO  server.RaftServerConfigKeys (ConfUtils.java:logGet(46)) - raft.server.read.option = DEFAULT (default)
2024-01-17 07:57:14,410 [497ccbea-d6cf-4731-95da-fa3df448bf79-groupManagement] INFO  server.RaftServerConfigKeys (ConfUtils.java:logGet(46)) - raft.server.read.read-after-write-consistent.write-index-cache.expiry-time = 60s (default)
2024-01-17 07:57:14,411 [eb5c9b0d-19e6-4136-9089-8a3b0879ad33-groupManagement] INFO  util.JmxRegister (JmxRegister.java:tryRegister(44)) - Successfully registered JMX Bean with object name Ratis:service=RaftServer,group=group-E9E02E74B481,id=eb5c9b0d-19e6-4136-9089-8a3b0879ad33
2024-01-17 07:57:14,411 [eb5c9b0d-19e6-4136-9089-8a3b0879ad33-groupManagement] INFO  server.RaftServerConfigKeys (ConfUtils.java:logGet(46)) - raft.server.snapshot.trigger-when-stop.enabled = true (default)
2024-01-17 07:57:14,411 [eb5c9b0d-19e6-4136-9089-8a3b0879ad33-groupManagement] INFO  server.RaftServerConfigKeys (ConfUtils.java:logGet(46)) - raft.server.snapshot.auto.trigger.enabled = true (custom)
2024-01-17 07:57:14,411 [eb5c9b0d-19e6-4136-9089-8a3b0879ad33-groupManagement] INFO  server.RaftServerConfigKeys (ConfUtils.java:logGet(46)) - raft.server.snapshot.auto.trigger.threshold = 10000 (custom)
2024-01-17 07:57:14,411 [eb5c9b0d-19e6-4136-9089-8a3b0879ad33-groupManagement] INFO  server.RaftServerConfigKeys (ConfUtils.java:logGet(46)) - raft.server.snapshot.retention.file.num = 5 (custom)
2024-01-17 07:57:14,411 [eb5c9b0d-19e6-4136-9089-8a3b0879ad33-groupManagement] INFO  server.RaftServerConfigKeys (ConfUtils.java:logGet(46)) - raft.server.log.purge.upto.snapshot.index = false (default)
2024-01-17 07:57:14,412 [eb5c9b0d-19e6-4136-9089-8a3b0879ad33@group-E9E02E74B481-FollowerState] INFO  server.RaftServerConfigKeys (ConfUtils.java:logFallback(53)) - raft.server.rpc.first-election.timeout.min = 5s (fallback to raft.server.rpc.timeout.min)
2024-01-17 07:57:14,412 [eb5c9b0d-19e6-4136-9089-8a3b0879ad33@group-E9E02E74B481-FollowerState] INFO  server.RaftServerConfigKeys (ConfUtils.java:logFallback(53)) - raft.server.rpc.first-election.timeout.max = 5200ms (fallback to raft.server.rpc.timeout.max)
2024-01-17 07:57:14,413 [bdef3149-2cc3-439b-89a6-09b93146a606-groupManagement] INFO  server.RaftServer$Division (RaftServerImpl.java:start(396)) - bdef3149-2cc3-439b-89a6-09b93146a606@group-E9E02E74B481: start as a follower, conf=-1: peers:[eb5c9b0d-19e6-4136-9089-8a3b0879ad33|10.1.0.6:15068, 497ccbea-d6cf-4731-95da-fa3df448bf79|10.1.0.6:15086, bdef3149-2cc3-439b-89a6-09b93146a606|10.1.0.6:15077]|listeners:[], old=null
2024-01-17 07:57:14,413 [bdef3149-2cc3-439b-89a6-09b93146a606-groupManagement] INFO  server.RaftServer$Division (RaftServerImpl.java:setRole(383)) - bdef3149-2cc3-439b-89a6-09b93146a606@group-E9E02E74B481: changes role from      null to FOLLOWER at term 0 for startAsFollower
2024-01-17 07:57:14,413 [bdef3149-2cc3-439b-89a6-09b93146a606-groupManagement] INFO  impl.RoleInfo (RoleInfo.java:updateAndGet(139)) - bdef3149-2cc3-439b-89a6-09b93146a606: start bdef3149-2cc3-439b-89a6-09b93146a606@group-E9E02E74B481-FollowerState
2024-01-17 07:57:14,413 [bdef3149-2cc3-439b-89a6-09b93146a606-groupManagement] INFO  util.JmxRegister (JmxRegister.java:tryRegister(44)) - Successfully registered JMX Bean with object name Ratis:service=RaftServer,group=group-E9E02E74B481,id=bdef3149-2cc3-439b-89a6-09b93146a606
2024-01-17 07:57:14,413 [bdef3149-2cc3-439b-89a6-09b93146a606-groupManagement] INFO  server.RaftServerConfigKeys (ConfUtils.java:logGet(46)) - raft.server.snapshot.trigger-when-stop.enabled = true (default)
2024-01-17 07:57:14,414 [bdef3149-2cc3-439b-89a6-09b93146a606-groupManagement] INFO  server.RaftServerConfigKeys (ConfUtils.java:logGet(46)) - raft.server.snapshot.auto.trigger.enabled = true (custom)
2024-01-17 07:57:14,414 [bdef3149-2cc3-439b-89a6-09b93146a606-groupManagement] INFO  server.RaftServerConfigKeys (ConfUtils.java:logGet(46)) - raft.server.snapshot.auto.trigger.threshold = 10000 (custom)
2024-01-17 07:57:14,414 [bdef3149-2cc3-439b-89a6-09b93146a606-groupManagement] INFO  server.RaftServerConfigKeys (ConfUtils.java:logGet(46)) - raft.server.snapshot.retention.file.num = 5 (custom)
2024-01-17 07:57:14,414 [bdef3149-2cc3-439b-89a6-09b93146a606-groupManagement] INFO  server.RaftServerConfigKeys (ConfUtils.java:logGet(46)) - raft.server.log.purge.upto.snapshot.index = false (default)
2024-01-17 07:57:14,414 [bdef3149-2cc3-439b-89a6-09b93146a606@group-E9E02E74B481-FollowerState] INFO  server.RaftServerConfigKeys (ConfUtils.java:logFallback(53)) - raft.server.rpc.first-election.timeout.min = 5s (fallback to raft.server.rpc.timeout.min)
2024-01-17 07:57:14,415 [8d67fbbe-ad76-4934-bcfb-c8cae0dbbecb-groupManagement] INFO  util.AwaitToRun (AwaitToRun.java:start(81)) - Thread[8d67fbbe-ad76-4934-bcfb-c8cae0dbbecb@group-FE8B27BBD9EC-cacheEviction-AwaitToRun,5,main] started
2024-01-17 07:57:14,415 [bdef3149-2cc3-439b-89a6-09b93146a606@group-E9E02E74B481-FollowerState] INFO  server.RaftServerConfigKeys (ConfUtils.java:logFallback(53)) - raft.server.rpc.first-election.timeout.max = 5200ms (fallback to raft.server.rpc.timeout.max)
2024-01-17 07:57:14,415 [8d67fbbe-ad76-4934-bcfb-c8cae0dbbecb-groupManagement] INFO  segmented.SegmentedRaftLogWorker (SegmentedRaftLogWorker.java:<init>(182)) - new 8d67fbbe-ad76-4934-bcfb-c8cae0dbbecb@group-FE8B27BBD9EC-SegmentedRaftLogWorker for RaftStorageImpl:Storage Directory /home/runner/work/ozone/ozone/hadoop-ozone/integration-test/target/test-dir/MiniOzoneClusterImpl-df80a8b8-78a2-47d1-a2cb-ee48e7cc81f7/datanode-5/data/ratis/163fc6ed-ef43-4520-8ab8-fe8b27bbd9ec
2024-01-17 07:57:14,418 [8d67fbbe-ad76-4934-bcfb-c8cae0dbbecb-groupManagement] INFO  server.RaftServerConfigKeys (ConfUtils.java:logGet(46)) - raft.server.log.queue.byte-limit = 4294967296 (custom)
2024-01-17 07:57:14,418 [8d67fbbe-ad76-4934-bcfb-c8cae0dbbecb-groupManagement] INFO  server.RaftServerConfigKeys (ConfUtils.java:logGet(46)) - raft.server.log.queue.element-limit = 1024 (custom)
2024-01-17 07:57:14,418 [8d67fbbe-ad76-4934-bcfb-c8cae0dbbecb-groupManagement] INFO  server.RaftServerConfigKeys (ConfUtils.java:logGet(46)) - raft.server.log.segment.size.max = 67108864 (custom)
2024-01-17 07:57:14,418 [8d67fbbe-ad76-4934-bcfb-c8cae0dbbecb-groupManagement] INFO  server.RaftServerConfigKeys (ConfUtils.java:logGet(46)) - raft.server.log.preallocated.size = 4194304 (custom)
2024-01-17 07:57:14,418 [8d67fbbe-ad76-4934-bcfb-c8cae0dbbecb-groupManagement] INFO  server.RaftServerConfigKeys (ConfUtils.java:logGet(46)) - raft.server.log.force.sync.num = 128 (default)
2024-01-17 07:57:14,418 [8d67fbbe-ad76-4934-bcfb-c8cae0dbbecb-groupManagement] INFO  server.RaftServerConfigKeys (ConfUtils.java:logGet(46)) - raft.server.log.statemachine.data.sync = true (default)
2024-01-17 07:57:14,418 [8d67fbbe-ad76-4934-bcfb-c8cae0dbbecb-groupManagement] INFO  server.RaftServerConfigKeys (ConfUtils.java:logGet(46)) - raft.server.log.statemachine.data.sync.timeout = 10s (default)
2024-01-17 07:57:14,418 [8d67fbbe-ad76-4934-bcfb-c8cae0dbbecb-groupManagement] INFO  server.RaftServerConfigKeys (ConfUtils.java:logGet(46)) - raft.server.log.statemachine.data.sync.timeout.retry = 0 (custom)
2024-01-17 07:57:14,417 [4f4a0cbc-a9eb-44f0-8d97-06326de93701-groupManagement] INFO  impl.RoleInfo (RoleInfo.java:updateAndGet(139)) - 4f4a0cbc-a9eb-44f0-8d97-06326de93701: start 4f4a0cbc-a9eb-44f0-8d97-06326de93701@group-FE8B27BBD9EC-FollowerState
2024-01-17 07:57:14,417 [8d67fbbe-ad76-4934-bcfb-c8cae0dbbecb-PipelineCommandHandlerThread-0] INFO  commandhandler.CreatePipelineCommandHandler (CreatePipelineCommandHandler.java:lambda$handle$2(124)) - Created Pipeline RATIS THREE PipelineID=6138af88-ca2e-4b90-8a8e-5156236736a0.
2024-01-17 07:57:14,417 [597b9f4b-0aac-4425-bf2d-48884e3709f6-PipelineCommandHandlerThread-0] INFO  commandhandler.CreatePipelineCommandHandler (CreatePipelineCommandHandler.java:lambda$handle$2(124)) - Created Pipeline RATIS THREE PipelineID=93550ce0-fabd-41bb-91c5-23da28c678cc.
2024-01-17 07:57:14,422 [4f4a0cbc-a9eb-44f0-8d97-06326de93701@group-FE8B27BBD9EC-FollowerState] INFO  server.RaftServerConfigKeys (ConfUtils.java:logFallback(53)) - raft.server.rpc.first-election.timeout.min = 5s (fallback to raft.server.rpc.timeout.min)
2024-01-17 07:57:14,422 [4f4a0cbc-a9eb-44f0-8d97-06326de93701-groupManagement] INFO  util.JmxRegister (JmxRegister.java:tryRegister(44)) - Successfully registered JMX Bean with object name Ratis:service=RaftServer,group=group-FE8B27BBD9EC,id=4f4a0cbc-a9eb-44f0-8d97-06326de93701
2024-01-17 07:57:14,422 [4f4a0cbc-a9eb-44f0-8d97-06326de93701-groupManagement] INFO  server.RaftServerConfigKeys (ConfUtils.java:logGet(46)) - raft.server.snapshot.trigger-when-stop.enabled = true (default)
2024-01-17 07:57:14,425 [4f4a0cbc-a9eb-44f0-8d97-06326de93701-groupManagement] INFO  server.RaftServerConfigKeys (ConfUtils.java:logGet(46)) - raft.server.snapshot.auto.trigger.enabled = true (custom)
2024-01-17 07:57:14,425 [4f4a0cbc-a9eb-44f0-8d97-06326de93701-groupManagement] INFO  server.RaftServerConfigKeys (ConfUtils.java:logGet(46)) - raft.server.snapshot.auto.trigger.threshold = 10000 (custom)
2024-01-17 07:57:14,425 [4f4a0cbc-a9eb-44f0-8d97-06326de93701-groupManagement] INFO  server.RaftServerConfigKeys (ConfUtils.java:logGet(46)) - raft.server.snapshot.retention.file.num = 5 (custom)
2024-01-17 07:57:14,425 [4f4a0cbc-a9eb-44f0-8d97-06326de93701-groupManagement] INFO  server.RaftServerConfigKeys (ConfUtils.java:logGet(46)) - raft.server.log.purge.upto.snapshot.index = false (default)
2024-01-17 07:57:14,434 [8d67fbbe-ad76-4934-bcfb-c8cae0dbbecb-groupManagement] INFO  server.RaftServerConfigKeys (ConfUtils.java:logGet(46)) - raft.server.log.write.buffer.size = 8388616 (custom)
2024-01-17 07:57:14,435 [4f4a0cbc-a9eb-44f0-8d97-06326de93701@group-FE8B27BBD9EC-FollowerState] INFO  server.RaftServerConfigKeys (ConfUtils.java:logFallback(53)) - raft.server.rpc.first-election.timeout.max = 5200ms (fallback to raft.server.rpc.timeout.max)
2024-01-17 07:57:14,437 [8d67fbbe-ad76-4934-bcfb-c8cae0dbbecb-groupManagement] INFO  server.RaftServerConfigKeys (ConfUtils.java:logGet(46)) - raft.server.log.appender.buffer.byte-limit = 8388608 (custom)
2024-01-17 07:57:14,437 [8d67fbbe-ad76-4934-bcfb-c8cae0dbbecb-groupManagement] INFO  server.RaftServerConfigKeys (ConfUtils.java:logGet(46)) - raft.server.log.unsafe-flush.enabled = false (default)
2024-01-17 07:57:14,437 [8d67fbbe-ad76-4934-bcfb-c8cae0dbbecb-groupManagement] INFO  server.RaftServerConfigKeys (ConfUtils.java:logGet(46)) - raft.server.log.async-flush.enabled = false (default)
2024-01-17 07:57:14,437 [8d67fbbe-ad76-4934-bcfb-c8cae0dbbecb-groupManagement] INFO  server.RaftServerConfigKeys (ConfUtils.java:logGet(46)) - raft.server.log.statemachine.data.caching.enabled = true (custom)
2024-01-17 07:57:14,437 [8d67fbbe-ad76-4934-bcfb-c8cae0dbbecb-groupManagement] INFO  segmented.SegmentedRaftLogWorker (SegmentedRaftLogWorker.java:lambda$new$0(134)) - 8d67fbbe-ad76-4934-bcfb-c8cae0dbbecb@group-FE8B27BBD9EC-SegmentedRaftLogWorker: flushIndex: setUnconditionally 0 -> -1
2024-01-17 07:57:14,438 [8d67fbbe-ad76-4934-bcfb-c8cae0dbbecb-groupManagement] INFO  segmented.SegmentedRaftLogWorker (SegmentedRaftLogWorker.java:lambda$new$0(134)) - 8d67fbbe-ad76-4934-bcfb-c8cae0dbbecb@group-FE8B27BBD9EC-SegmentedRaftLogWorker: safeCacheEvictIndex: setUnconditionally 0 -> -1
2024-01-17 07:57:14,438 [eb5c9b0d-19e6-4136-9089-8a3b0879ad33-PipelineCommandHandlerThread-0] INFO  ratis.XceiverServerRatis (XceiverServerRatis.java:addGroup(842)) - Created group PipelineID=3769c031-a691-4c45-a69e-e9e02e74b481
2024-01-17 07:57:14,439 [4f4a0cbc-a9eb-44f0-8d97-06326de93701-PipelineCommandHandlerThread-0] INFO  ratis.XceiverServerRatis (XceiverServerRatis.java:addGroup(842)) - Created group PipelineID=163fc6ed-ef43-4520-8ab8-fe8b27bbd9ec
2024-01-17 07:57:14,451 [8d67fbbe-ad76-4934-bcfb-c8cae0dbbecb-groupManagement] INFO  server.RaftServer$Division (RaftServerImpl.java:start(396)) - 8d67fbbe-ad76-4934-bcfb-c8cae0dbbecb@group-FE8B27BBD9EC: start as a follower, conf=-1: peers:[4f4a0cbc-a9eb-44f0-8d97-06326de93701|10.1.0.6:15041, 8d67fbbe-ad76-4934-bcfb-c8cae0dbbecb|10.1.0.6:15059, 0f18b96a-e4aa-46f4-b611-a6948cf06a42|10.1.0.6:15050]|listeners:[], old=null
2024-01-17 07:57:14,451 [8d67fbbe-ad76-4934-bcfb-c8cae0dbbecb-groupManagement] INFO  server.RaftServer$Division (RaftServerImpl.java:setRole(383)) - 8d67fbbe-ad76-4934-bcfb-c8cae0dbbecb@group-FE8B27BBD9EC: changes role from      null to FOLLOWER at term 0 for startAsFollower
2024-01-17 07:57:14,451 [8d67fbbe-ad76-4934-bcfb-c8cae0dbbecb-groupManagement] INFO  impl.RoleInfo (RoleInfo.java:updateAndGet(139)) - 8d67fbbe-ad76-4934-bcfb-c8cae0dbbecb: start 8d67fbbe-ad76-4934-bcfb-c8cae0dbbecb@group-FE8B27BBD9EC-FollowerState
2024-01-17 07:57:14,452 [8d67fbbe-ad76-4934-bcfb-c8cae0dbbecb-groupManagement] INFO  util.JmxRegister (JmxRegister.java:tryRegister(44)) - Successfully registered JMX Bean with object name Ratis:service=RaftServer,group=group-FE8B27BBD9EC,id=8d67fbbe-ad76-4934-bcfb-c8cae0dbbecb
2024-01-17 07:57:14,452 [8d67fbbe-ad76-4934-bcfb-c8cae0dbbecb-groupManagement] INFO  server.RaftServerConfigKeys (ConfUtils.java:logGet(46)) - raft.server.snapshot.trigger-when-stop.enabled = true (default)
2024-01-17 07:57:14,452 [8d67fbbe-ad76-4934-bcfb-c8cae0dbbecb-groupManagement] INFO  server.RaftServerConfigKeys (ConfUtils.java:logGet(46)) - raft.server.snapshot.auto.trigger.enabled = true (custom)
2024-01-17 07:57:14,452 [8d67fbbe-ad76-4934-bcfb-c8cae0dbbecb-groupManagement] INFO  server.RaftServerConfigKeys (ConfUtils.java:logGet(46)) - raft.server.snapshot.auto.trigger.threshold = 10000 (custom)
2024-01-17 07:57:14,452 [8d67fbbe-ad76-4934-bcfb-c8cae0dbbecb-groupManagement] INFO  server.RaftServerConfigKeys (ConfUtils.java:logGet(46)) - raft.server.snapshot.retention.file.num = 5 (custom)
2024-01-17 07:57:14,452 [8d67fbbe-ad76-4934-bcfb-c8cae0dbbecb-groupManagement] INFO  server.RaftServerConfigKeys (ConfUtils.java:logGet(46)) - raft.server.log.purge.upto.snapshot.index = false (default)
2024-01-17 07:57:14,455 [8d67fbbe-ad76-4934-bcfb-c8cae0dbbecb@group-FE8B27BBD9EC-FollowerState] INFO  server.RaftServerConfigKeys (ConfUtils.java:logFallback(53)) - raft.server.rpc.first-election.timeout.min = 5s (fallback to raft.server.rpc.timeout.min)
2024-01-17 07:57:14,455 [8d67fbbe-ad76-4934-bcfb-c8cae0dbbecb@group-FE8B27BBD9EC-FollowerState] INFO  server.RaftServerConfigKeys (ConfUtils.java:logFallback(53)) - raft.server.rpc.first-election.timeout.max = 5200ms (fallback to raft.server.rpc.timeout.max)
2024-01-17 07:57:14,466 [bdef3149-2cc3-439b-89a6-09b93146a606-PipelineCommandHandlerThread-0] INFO  ratis.XceiverServerRatis (XceiverServerRatis.java:addGroup(842)) - Created group PipelineID=3769c031-a691-4c45-a69e-e9e02e74b481
2024-01-17 07:57:14,467 [497ccbea-d6cf-4731-95da-fa3df448bf79-groupManagement] INFO  server.RaftServerConfigKeys (ConfUtils.java:logGet(46)) - raft.server.rpc.request.timeout = 60s (custom)
2024-01-17 07:57:14,467 [497ccbea-d6cf-4731-95da-fa3df448bf79-groupManagement] INFO  server.RaftServerConfigKeys (ConfUtils.java:logGet(46)) - raft.server.log.appender.install.snapshot.enabled = false (custom)
2024-01-17 07:57:14,467 [497ccbea-d6cf-4731-95da-fa3df448bf79-groupManagement] INFO  server.RaftServerConfigKeys (ConfUtils.java:logGet(46)) - raft.server.threadpool.server.cached = true (default)
2024-01-17 07:57:14,467 [497ccbea-d6cf-4731-95da-fa3df448bf79-groupManagement] INFO  server.RaftServerConfigKeys (ConfUtils.java:logGet(46)) - raft.server.threadpool.server.size = 0 (default)
2024-01-17 07:57:14,467 [497ccbea-d6cf-4731-95da-fa3df448bf79-groupManagement] INFO  server.RaftServerConfigKeys (ConfUtils.java:logGet(46)) - raft.server.threadpool.client.cached = true (default)
2024-01-17 07:57:14,467 [497ccbea-d6cf-4731-95da-fa3df448bf79-groupManagement] INFO  server.RaftServerConfigKeys (ConfUtils.java:logGet(46)) - raft.server.threadpool.client.size = 0 (default)
2024-01-17 07:57:14,467 [497ccbea-d6cf-4731-95da-fa3df448bf79-groupManagement] INFO  server.RaftServerConfigKeys (ConfUtils.java:logGet(46)) - raft.server.storage.free-space.min = 0MB (=0) (default)
2024-01-17 07:57:14,468 [497ccbea-d6cf-4731-95da-fa3df448bf79-groupManagement] INFO  server.RaftServerConfigKeys (ConfUtils.java:logGet(46)) - raft.server.log.corruption.policy = EXCEPTION (default)
2024-01-17 07:57:14,468 [497ccbea-d6cf-4731-95da-fa3df448bf79-groupManagement] INFO  server.RaftServerConfigKeys (ConfUtils.java:logGet(46)) - raft.server.storage.dir = [/home/runner/work/ozone/ozone/hadoop-ozone/integration-test/target/test-dir/MiniOzoneClusterImpl-df80a8b8-78a2-47d1-a2cb-ee48e7cc81f7/datanode-8/data/ratis] (custom)
2024-01-17 07:57:14,468 [497ccbea-d6cf-4731-95da-fa3df448bf79-groupManagement] INFO  storage.RaftStorageDirectory (RaftStorageDirectoryImpl.java:analyzeStorage(138)) - The storage directory /home/runner/work/ozone/ozone/hadoop-ozone/integration-test/target/test-dir/MiniOzoneClusterImpl-df80a8b8-78a2-47d1-a2cb-ee48e7cc81f7/datanode-8/data/ratis/3769c031-a691-4c45-a69e-e9e02e74b481 does not exist. Creating ...
2024-01-17 07:57:14,471 [497ccbea-d6cf-4731-95da-fa3df448bf79-groupManagement] INFO  storage.RaftStorageDirectory (RaftStorageDirectoryImpl.java:tryLock(228)) - Lock on /home/runner/work/ozone/ozone/hadoop-ozone/integration-test/target/test-dir/MiniOzoneClusterImpl-df80a8b8-78a2-47d1-a2cb-ee48e7cc81f7/datanode-8/data/ratis/3769c031-a691-4c45-a69e-e9e02e74b481/in_use.lock acquired by nodename 24650@fv-az1531-837
2024-01-17 07:57:14,473 [497ccbea-d6cf-4731-95da-fa3df448bf79-groupManagement] INFO  storage.RaftStorage (RaftStorageImpl.java:format(99)) - Storage directory /home/runner/work/ozone/ozone/hadoop-ozone/integration-test/target/test-dir/MiniOzoneClusterImpl-df80a8b8-78a2-47d1-a2cb-ee48e7cc81f7/datanode-8/data/ratis/3769c031-a691-4c45-a69e-e9e02e74b481 has been successfully formatted.
2024-01-17 07:57:14,473 [497ccbea-d6cf-4731-95da-fa3df448bf79-groupManagement] WARN  util.FileUtils (LogUtils.java:supplyAndLog(63)) - Failed to Files.newInputStream /home/runner/work/ozone/ozone/hadoop-ozone/integration-test/target/test-dir/MiniOzoneClusterImpl-df80a8b8-78a2-47d1-a2cb-ee48e7cc81f7/datanode-8/data/ratis/3769c031-a691-4c45-a69e-e9e02e74b481/current/raft-meta.conf with options []: java.nio.file.NoSuchFileException: /home/runner/work/ozone/ozone/hadoop-ozone/integration-test/target/test-dir/MiniOzoneClusterImpl-df80a8b8-78a2-47d1-a2cb-ee48e7cc81f7/datanode-8/data/ratis/3769c031-a691-4c45-a69e-e9e02e74b481/current/raft-meta.conf
2024-01-17 07:57:14,475 [497ccbea-d6cf-4731-95da-fa3df448bf79-groupManagement] INFO  ratis.ContainerStateMachine (ContainerStateMachine.java:loadSnapshot(287)) - group-E9E02E74B481: The snapshot info is null. Setting the last applied index to:(t:0, i:~)
2024-01-17 07:57:14,475 [497ccbea-d6cf-4731-95da-fa3df448bf79-groupManagement] INFO  server.RaftServerConfigKeys (ConfUtils.java:logGet(46)) - raft.server.log.use.memory = false (default)
2024-01-17 07:57:14,475 [497ccbea-d6cf-4731-95da-fa3df448bf79-groupManagement] INFO  server.RaftServerConfigKeys (ConfUtils.java:logGet(46)) - raft.server.log.purge.gap = 1000000 (custom)
2024-01-17 07:57:14,475 [497ccbea-d6cf-4731-95da-fa3df448bf79-groupManagement] INFO  server.RaftServerConfigKeys (ConfUtils.java:logGet(46)) - raft.server.log.appender.buffer.byte-limit = 8388608 (custom)
2024-01-17 07:57:14,475 [497ccbea-d6cf-4731-95da-fa3df448bf79-groupManagement] INFO  server.RaftServerConfigKeys (ConfUtils.java:logGet(46)) - raft.server.log.statemachine.data.read.timeout = 1000ms (default)
2024-01-17 07:57:14,475 [497ccbea-d6cf-4731-95da-fa3df448bf79-groupManagement] INFO  server.RaftServerConfigKeys (ConfUtils.java:logGet(46)) - raft.server.log.purge.preservation.log.num = 0 (default)
2024-01-17 07:57:14,476 [1bb81a9c-1547-435f-9d81-d5fca49fbc06-PipelineCommandHandlerThread-0] INFO  commandhandler.CreatePipelineCommandHandler (CreatePipelineCommandHandler.java:lambda$handle$2(124)) - Created Pipeline RATIS THREE PipelineID=93550ce0-fabd-41bb-91c5-23da28c678cc.
2024-01-17 07:57:14,478 [0f18b96a-e4aa-46f4-b611-a6948cf06a42-PipelineCommandHandlerThread-0] INFO  commandhandler.CreatePipelineCommandHandler (CreatePipelineCommandHandler.java:lambda$handle$2(124)) - Created Pipeline RATIS THREE PipelineID=163fc6ed-ef43-4520-8ab8-fe8b27bbd9ec.
2024-01-17 07:57:14,480 [497ccbea-d6cf-4731-95da-fa3df448bf79-groupManagement] INFO  server.RaftServerConfigKeys (ConfUtils.java:logGet(46)) - raft.server.log.segment.size.max = 67108864 (custom)
2024-01-17 07:57:14,482 [497ccbea-d6cf-4731-95da-fa3df448bf79-groupManagement] INFO  server.RaftServerConfigKeys (ConfUtils.java:logGet(46)) - raft.server.log.segment.cache.num.max = 2 (custom)
2024-01-17 07:57:14,482 [497ccbea-d6cf-4731-95da-fa3df448bf79-groupManagement] INFO  server.RaftServerConfigKeys (ConfUtils.java:logGet(46)) - raft.server.log.segment.cache.size.max = 200MB (=209715200) (default)
2024-01-17 07:57:14,482 [497ccbea-d6cf-4731-95da-fa3df448bf79-groupManagement] INFO  server.RaftServerConfigKeys (ConfUtils.java:logGet(46)) - raft.server.log.appender.buffer.byte-limit = 8388608 (custom)
2024-01-17 07:57:14,482 [497ccbea-d6cf-4731-95da-fa3df448bf79-groupManagement] INFO  util.AwaitToRun (AwaitToRun.java:start(81)) - Thread[497ccbea-d6cf-4731-95da-fa3df448bf79@group-E9E02E74B481-cacheEviction-AwaitToRun,5,main] started
2024-01-17 07:57:14,483 [497ccbea-d6cf-4731-95da-fa3df448bf79-groupManagement] INFO  segmented.SegmentedRaftLogWorker (SegmentedRaftLogWorker.java:<init>(182)) - new 497ccbea-d6cf-4731-95da-fa3df448bf79@group-E9E02E74B481-SegmentedRaftLogWorker for RaftStorageImpl:Storage Directory /home/runner/work/ozone/ozone/hadoop-ozone/integration-test/target/test-dir/MiniOzoneClusterImpl-df80a8b8-78a2-47d1-a2cb-ee48e7cc81f7/datanode-8/data/ratis/3769c031-a691-4c45-a69e-e9e02e74b481
2024-01-17 07:57:14,483 [497ccbea-d6cf-4731-95da-fa3df448bf79-groupManagement] INFO  server.RaftServerConfigKeys (ConfUtils.java:logGet(46)) - raft.server.log.queue.byte-limit = 4294967296 (custom)
2024-01-17 07:57:14,485 [6291adf5-9e71-4549-84cb-13318527388a-PipelineCommandHandlerThread-0] INFO  server.RaftServer (RaftServerProxy.java:addNew(100)) - 6291adf5-9e71-4549-84cb-13318527388a: addNew group-DC3439CAE577:[2f83d896-2cfa-4348-ab65-ff7be0e3606c|10.1.0.6:15113, 6291adf5-9e71-4549-84cb-13318527388a|10.1.0.6:15095, 8e247bdf-a19d-4cdc-89de-9f1c8249c15f|10.1.0.6:15104] returns group-DC3439CAE577:java.util.concurrent.CompletableFuture@3ae29dd3[Not completed]
2024-01-17 07:57:14,491 [6291adf5-9e71-4549-84cb-13318527388a-groupManagement] INFO  server.RaftServer$Division (RaftServerImpl.java:<init>(256)) - 6291adf5-9e71-4549-84cb-13318527388a: new RaftServerImpl for group-DC3439CAE577:[2f83d896-2cfa-4348-ab65-ff7be0e3606c|10.1.0.6:15113, 6291adf5-9e71-4549-84cb-13318527388a|10.1.0.6:15095, 8e247bdf-a19d-4cdc-89de-9f1c8249c15f|10.1.0.6:15104] with ContainerStateMachine:uninitialized
2024-01-17 07:57:14,491 [6291adf5-9e71-4549-84cb-13318527388a-groupManagement] INFO  server.RaftServerConfigKeys (ConfUtils.java:logGet(46)) - raft.server.rpc.timeout.min = 5s (custom)
2024-01-17 07:57:14,491 [6291adf5-9e71-4549-84cb-13318527388a-groupManagement] INFO  server.RaftServerConfigKeys (ConfUtils.java:logGet(46)) - raft.server.rpc.timeout.max = 5200ms (custom)
2024-01-17 07:57:14,491 [6291adf5-9e71-4549-84cb-13318527388a-groupManagement] INFO  server.RaftServerConfigKeys (ConfUtils.java:logGet(46)) - raft.server.rpc.sleep.time = 25ms (default)
2024-01-17 07:57:14,491 [6291adf5-9e71-4549-84cb-13318527388a-groupManagement] INFO  server.RaftServerConfigKeys (ConfUtils.java:logGet(46)) - raft.server.rpc.slowness.timeout = 300s (custom)
2024-01-17 07:57:14,491 [6291adf5-9e71-4549-84cb-13318527388a-groupManagement] INFO  server.RaftServerConfigKeys (ConfUtils.java:logGet(46)) - raft.server.leaderelection.leader.step-down.wait-time = 10s (default)
2024-01-17 07:57:14,491 [6291adf5-9e71-4549-84cb-13318527388a-groupManagement] INFO  server.RaftServerConfigKeys (ConfUtils.java:logGet(46)) - raft.server.leaderelection.member.majority-add = false (default)
2024-01-17 07:57:14,491 [6291adf5-9e71-4549-84cb-13318527388a-groupManagement] INFO  server.RaftServerConfigKeys (ConfUtils.java:logGet(46)) - raft.server.sleep.deviation.threshold = 300ms (default)
2024-01-17 07:57:14,492 [6291adf5-9e71-4549-84cb-13318527388a-groupManagement] INFO  server.RaftServer$Division (ServerState.java:<init>(113)) - 6291adf5-9e71-4549-84cb-13318527388a@group-DC3439CAE577: ConfigurationManager, init=-1: peers:[2f83d896-2cfa-4348-ab65-ff7be0e3606c|10.1.0.6:15113, 6291adf5-9e71-4549-84cb-13318527388a|10.1.0.6:15095, 8e247bdf-a19d-4cdc-89de-9f1c8249c15f|10.1.0.6:15104]|listeners:[], old=null, confs=<EMPTY_MAP>
2024-01-17 07:57:14,492 [6291adf5-9e71-4549-84cb-13318527388a-groupManagement] INFO  server.RaftServerConfigKeys (ConfUtils.java:logGet(46)) - raft.server.notification.no-leader.timeout = 300s (custom)
2024-01-17 07:57:14,492 [6291adf5-9e71-4549-84cb-13318527388a-groupManagement] INFO  server.RaftServerConfigKeys (ConfUtils.java:logGet(46)) - raft.server.read.timeout = 10s (default)
2024-01-17 07:57:14,492 [6291adf5-9e71-4549-84cb-13318527388a-groupManagement] INFO  server.RaftServerConfigKeys (ConfUtils.java:logGet(46)) - raft.server.retrycache.expirytime = 600000ms (custom)
2024-01-17 07:57:14,492 [6291adf5-9e71-4549-84cb-13318527388a-groupManagement] INFO  server.RaftServerConfigKeys (ConfUtils.java:logGet(46)) - raft.server.retrycache.statistics.expirytime = 100ms (default)
2024-01-17 07:57:14,492 [6291adf5-9e71-4549-84cb-13318527388a-groupManagement] INFO  server.RaftServerConfigKeys (ConfUtils.java:logGet(46)) - raft.server.read.option = DEFAULT (default)
2024-01-17 07:57:14,492 [6291adf5-9e71-4549-84cb-13318527388a-groupManagement] INFO  server.RaftServerConfigKeys (ConfUtils.java:logGet(46)) - raft.server.read.read-after-write-consistent.write-index-cache.expiry-time = 60s (default)
2024-01-17 07:57:14,495 [6291adf5-9e71-4549-84cb-13318527388a-groupManagement] INFO  server.RaftServerConfigKeys (ConfUtils.java:logGet(46)) - raft.server.rpc.request.timeout = 60s (custom)
2024-01-17 07:57:14,495 [6291adf5-9e71-4549-84cb-13318527388a-groupManagement] INFO  server.RaftServerConfigKeys (ConfUtils.java:logGet(46)) - raft.server.log.appender.install.snapshot.enabled = false (custom)
2024-01-17 07:57:14,495 [6291adf5-9e71-4549-84cb-13318527388a-groupManagement] INFO  server.RaftServerConfigKeys (ConfUtils.java:logGet(46)) - raft.server.threadpool.server.cached = true (default)
2024-01-17 07:57:14,495 [6291adf5-9e71-4549-84cb-13318527388a-groupManagement] INFO  server.RaftServerConfigKeys (ConfUtils.java:logGet(46)) - raft.server.threadpool.server.size = 0 (default)
2024-01-17 07:57:14,486 [497ccbea-d6cf-4731-95da-fa3df448bf79-groupManagement] INFO  server.RaftServerConfigKeys (ConfUtils.java:logGet(46)) - raft.server.log.queue.element-limit = 1024 (custom)
2024-01-17 07:57:14,495 [497ccbea-d6cf-4731-95da-fa3df448bf79-groupManagement] INFO  server.RaftServerConfigKeys (ConfUtils.java:logGet(46)) - raft.server.log.segment.size.max = 67108864 (custom)
2024-01-17 07:57:14,495 [497ccbea-d6cf-4731-95da-fa3df448bf79-groupManagement] INFO  server.RaftServerConfigKeys (ConfUtils.java:logGet(46)) - raft.server.log.preallocated.size = 4194304 (custom)
2024-01-17 07:57:14,495 [497ccbea-d6cf-4731-95da-fa3df448bf79-groupManagement] INFO  server.RaftServerConfigKeys (ConfUtils.java:logGet(46)) - raft.server.log.force.sync.num = 128 (default)
2024-01-17 07:57:14,495 [497ccbea-d6cf-4731-95da-fa3df448bf79-groupManagement] INFO  server.RaftServerConfigKeys (ConfUtils.java:logGet(46)) - raft.server.log.statemachine.data.sync = true (default)
2024-01-17 07:57:14,495 [497ccbea-d6cf-4731-95da-fa3df448bf79-groupManagement] INFO  server.RaftServerConfigKeys (ConfUtils.java:logGet(46)) - raft.server.log.statemachine.data.sync.timeout = 10s (default)
2024-01-17 07:57:14,496 [497ccbea-d6cf-4731-95da-fa3df448bf79-groupManagement] INFO  server.RaftServerConfigKeys (ConfUtils.java:logGet(46)) - raft.server.log.statemachine.data.sync.timeout.retry = 0 (custom)
2024-01-17 07:57:14,496 [497ccbea-d6cf-4731-95da-fa3df448bf79-groupManagement] INFO  server.RaftServerConfigKeys (ConfUtils.java:logGet(46)) - raft.server.log.write.buffer.size = 8388616 (custom)
2024-01-17 07:57:14,501 [497ccbea-d6cf-4731-95da-fa3df448bf79-groupManagement] INFO  server.RaftServerConfigKeys (ConfUtils.java:logGet(46)) - raft.server.log.appender.buffer.byte-limit = 8388608 (custom)
2024-01-17 07:57:14,502 [497ccbea-d6cf-4731-95da-fa3df448bf79-groupManagement] INFO  server.RaftServerConfigKeys (ConfUtils.java:logGet(46)) - raft.server.log.unsafe-flush.enabled = false (default)
2024-01-17 07:57:14,502 [497ccbea-d6cf-4731-95da-fa3df448bf79-groupManagement] INFO  server.RaftServerConfigKeys (ConfUtils.java:logGet(46)) - raft.server.log.async-flush.enabled = false (default)
2024-01-17 07:57:14,502 [497ccbea-d6cf-4731-95da-fa3df448bf79-groupManagement] INFO  server.RaftServerConfigKeys (ConfUtils.java:logGet(46)) - raft.server.log.statemachine.data.caching.enabled = true (custom)
2024-01-17 07:57:14,502 [497ccbea-d6cf-4731-95da-fa3df448bf79-groupManagement] INFO  segmented.SegmentedRaftLogWorker (SegmentedRaftLogWorker.java:lambda$new$0(134)) - 497ccbea-d6cf-4731-95da-fa3df448bf79@group-E9E02E74B481-SegmentedRaftLogWorker: flushIndex: setUnconditionally 0 -> -1
2024-01-17 07:57:14,502 [497ccbea-d6cf-4731-95da-fa3df448bf79-groupManagement] INFO  segmented.SegmentedRaftLogWorker (SegmentedRaftLogWorker.java:lambda$new$0(134)) - 497ccbea-d6cf-4731-95da-fa3df448bf79@group-E9E02E74B481-SegmentedRaftLogWorker: safeCacheEvictIndex: setUnconditionally 0 -> -1
2024-01-17 07:57:14,502 [497ccbea-d6cf-4731-95da-fa3df448bf79-groupManagement] INFO  server.RaftServer$Division (RaftServerImpl.java:start(396)) - 497ccbea-d6cf-4731-95da-fa3df448bf79@group-E9E02E74B481: start as a follower, conf=-1: peers:[eb5c9b0d-19e6-4136-9089-8a3b0879ad33|10.1.0.6:15068, 497ccbea-d6cf-4731-95da-fa3df448bf79|10.1.0.6:15086, bdef3149-2cc3-439b-89a6-09b93146a606|10.1.0.6:15077]|listeners:[], old=null
2024-01-17 07:57:14,502 [497ccbea-d6cf-4731-95da-fa3df448bf79-groupManagement] INFO  server.RaftServer$Division (RaftServerImpl.java:setRole(383)) - 497ccbea-d6cf-4731-95da-fa3df448bf79@group-E9E02E74B481: changes role from      null to FOLLOWER at term 0 for startAsFollower
2024-01-17 07:57:14,502 [497ccbea-d6cf-4731-95da-fa3df448bf79-groupManagement] INFO  impl.RoleInfo (RoleInfo.java:updateAndGet(139)) - 497ccbea-d6cf-4731-95da-fa3df448bf79: start 497ccbea-d6cf-4731-95da-fa3df448bf79@group-E9E02E74B481-FollowerState
2024-01-17 07:57:14,503 [497ccbea-d6cf-4731-95da-fa3df448bf79-groupManagement] INFO  util.JmxRegister (JmxRegister.java:tryRegister(44)) - Successfully registered JMX Bean with object name Ratis:service=RaftServer,group=group-E9E02E74B481,id=497ccbea-d6cf-4731-95da-fa3df448bf79
2024-01-17 07:57:14,503 [497ccbea-d6cf-4731-95da-fa3df448bf79-groupManagement] INFO  server.RaftServerConfigKeys (ConfUtils.java:logGet(46)) - raft.server.snapshot.trigger-when-stop.enabled = true (default)
2024-01-17 07:57:14,503 [497ccbea-d6cf-4731-95da-fa3df448bf79-groupManagement] INFO  server.RaftServerConfigKeys (ConfUtils.java:logGet(46)) - raft.server.snapshot.auto.trigger.enabled = true (custom)
2024-01-17 07:57:14,503 [497ccbea-d6cf-4731-95da-fa3df448bf79-groupManagement] INFO  server.RaftServerConfigKeys (ConfUtils.java:logGet(46)) - raft.server.snapshot.auto.trigger.threshold = 10000 (custom)
2024-01-17 07:57:14,503 [497ccbea-d6cf-4731-95da-fa3df448bf79-groupManagement] INFO  server.RaftServerConfigKeys (ConfUtils.java:logGet(46)) - raft.server.snapshot.retention.file.num = 5 (custom)
2024-01-17 07:57:14,503 [497ccbea-d6cf-4731-95da-fa3df448bf79-groupManagement] INFO  server.RaftServerConfigKeys (ConfUtils.java:logGet(46)) - raft.server.log.purge.upto.snapshot.index = false (default)
2024-01-17 07:57:14,503 [497ccbea-d6cf-4731-95da-fa3df448bf79@group-E9E02E74B481-FollowerState] INFO  server.RaftServerConfigKeys (ConfUtils.java:logFallback(53)) - raft.server.rpc.first-election.timeout.min = 5s (fallback to raft.server.rpc.timeout.min)
2024-01-17 07:57:14,504 [497ccbea-d6cf-4731-95da-fa3df448bf79@group-E9E02E74B481-FollowerState] INFO  server.RaftServerConfigKeys (ConfUtils.java:logFallback(53)) - raft.server.rpc.first-election.timeout.max = 5200ms (fallback to raft.server.rpc.timeout.max)
2024-01-17 07:57:14,504 [6291adf5-9e71-4549-84cb-13318527388a-groupManagement] INFO  server.RaftServerConfigKeys (ConfUtils.java:logGet(46)) - raft.server.threadpool.client.cached = true (default)
2024-01-17 07:57:14,504 [6291adf5-9e71-4549-84cb-13318527388a-groupManagement] INFO  server.RaftServerConfigKeys (ConfUtils.java:logGet(46)) - raft.server.threadpool.client.size = 0 (default)
2024-01-17 07:57:14,504 [6291adf5-9e71-4549-84cb-13318527388a-groupManagement] INFO  server.RaftServerConfigKeys (ConfUtils.java:logGet(46)) - raft.server.storage.free-space.min = 0MB (=0) (default)
2024-01-17 07:57:14,504 [6291adf5-9e71-4549-84cb-13318527388a-groupManagement] INFO  server.RaftServerConfigKeys (ConfUtils.java:logGet(46)) - raft.server.log.corruption.policy = EXCEPTION (default)
2024-01-17 07:57:14,504 [6291adf5-9e71-4549-84cb-13318527388a-groupManagement] INFO  server.RaftServerConfigKeys (ConfUtils.java:logGet(46)) - raft.server.storage.dir = [/home/runner/work/ozone/ozone/hadoop-ozone/integration-test/target/test-dir/MiniOzoneClusterImpl-df80a8b8-78a2-47d1-a2cb-ee48e7cc81f7/datanode-9/data/ratis] (custom)
2024-01-17 07:57:14,505 [6291adf5-9e71-4549-84cb-13318527388a-groupManagement] INFO  storage.RaftStorageDirectory (RaftStorageDirectoryImpl.java:analyzeStorage(138)) - The storage directory /home/runner/work/ozone/ozone/hadoop-ozone/integration-test/target/test-dir/MiniOzoneClusterImpl-df80a8b8-78a2-47d1-a2cb-ee48e7cc81f7/datanode-9/data/ratis/e2076a16-a9f8-45ca-b73a-dc3439cae577 does not exist. Creating ...
2024-01-17 07:57:14,507 [6291adf5-9e71-4549-84cb-13318527388a-groupManagement] INFO  storage.RaftStorageDirectory (RaftStorageDirectoryImpl.java:tryLock(228)) - Lock on /home/runner/work/ozone/ozone/hadoop-ozone/integration-test/target/test-dir/MiniOzoneClusterImpl-df80a8b8-78a2-47d1-a2cb-ee48e7cc81f7/datanode-9/data/ratis/e2076a16-a9f8-45ca-b73a-dc3439cae577/in_use.lock acquired by nodename 24650@fv-az1531-837
2024-01-17 07:57:14,508 [497ccbea-d6cf-4731-95da-fa3df448bf79-PipelineCommandHandlerThread-0] INFO  ratis.XceiverServerRatis (XceiverServerRatis.java:addGroup(842)) - Created group PipelineID=3769c031-a691-4c45-a69e-e9e02e74b481
2024-01-17 07:57:14,516 [6291adf5-9e71-4549-84cb-13318527388a-groupManagement] INFO  storage.RaftStorage (RaftStorageImpl.java:format(99)) - Storage directory /home/runner/work/ozone/ozone/hadoop-ozone/integration-test/target/test-dir/MiniOzoneClusterImpl-df80a8b8-78a2-47d1-a2cb-ee48e7cc81f7/datanode-9/data/ratis/e2076a16-a9f8-45ca-b73a-dc3439cae577 has been successfully formatted.
2024-01-17 07:57:14,518 [6291adf5-9e71-4549-84cb-13318527388a-groupManagement] WARN  util.FileUtils (LogUtils.java:supplyAndLog(63)) - Failed to Files.newInputStream /home/runner/work/ozone/ozone/hadoop-ozone/integration-test/target/test-dir/MiniOzoneClusterImpl-df80a8b8-78a2-47d1-a2cb-ee48e7cc81f7/datanode-9/data/ratis/e2076a16-a9f8-45ca-b73a-dc3439cae577/current/raft-meta.conf with options []: java.nio.file.NoSuchFileException: /home/runner/work/ozone/ozone/hadoop-ozone/integration-test/target/test-dir/MiniOzoneClusterImpl-df80a8b8-78a2-47d1-a2cb-ee48e7cc81f7/datanode-9/data/ratis/e2076a16-a9f8-45ca-b73a-dc3439cae577/current/raft-meta.conf
2024-01-17 07:57:14,519 [6291adf5-9e71-4549-84cb-13318527388a-groupManagement] INFO  ratis.ContainerStateMachine (ContainerStateMachine.java:loadSnapshot(287)) - group-DC3439CAE577: The snapshot info is null. Setting the last applied index to:(t:0, i:~)
2024-01-17 07:57:14,519 [6291adf5-9e71-4549-84cb-13318527388a-groupManagement] INFO  server.RaftServerConfigKeys (ConfUtils.java:logGet(46)) - raft.server.log.use.memory = false (default)
2024-01-17 07:57:14,519 [6291adf5-9e71-4549-84cb-13318527388a-groupManagement] INFO  server.RaftServerConfigKeys (ConfUtils.java:logGet(46)) - raft.server.log.purge.gap = 1000000 (custom)
2024-01-17 07:57:14,519 [6291adf5-9e71-4549-84cb-13318527388a-groupManagement] INFO  server.RaftServerConfigKeys (ConfUtils.java:logGet(46)) - raft.server.log.appender.buffer.byte-limit = 8388608 (custom)
2024-01-17 07:57:14,519 [6291adf5-9e71-4549-84cb-13318527388a-groupManagement] INFO  server.RaftServerConfigKeys (ConfUtils.java:logGet(46)) - raft.server.log.statemachine.data.read.timeout = 1000ms (default)
2024-01-17 07:57:14,519 [6291adf5-9e71-4549-84cb-13318527388a-groupManagement] INFO  server.RaftServerConfigKeys (ConfUtils.java:logGet(46)) - raft.server.log.purge.preservation.log.num = 0 (default)
2024-01-17 07:57:14,522 [6291adf5-9e71-4549-84cb-13318527388a-groupManagement] INFO  server.RaftServerConfigKeys (ConfUtils.java:logGet(46)) - raft.server.log.segment.size.max = 67108864 (custom)
2024-01-17 07:57:14,523 [6291adf5-9e71-4549-84cb-13318527388a-groupManagement] INFO  server.RaftServerConfigKeys (ConfUtils.java:logGet(46)) - raft.server.log.segment.cache.num.max = 2 (custom)
2024-01-17 07:57:14,523 [6291adf5-9e71-4549-84cb-13318527388a-groupManagement] INFO  server.RaftServerConfigKeys (ConfUtils.java:logGet(46)) - raft.server.log.segment.cache.size.max = 200MB (=209715200) (default)
2024-01-17 07:57:14,523 [6291adf5-9e71-4549-84cb-13318527388a-groupManagement] INFO  server.RaftServerConfigKeys (ConfUtils.java:logGet(46)) - raft.server.log.appender.buffer.byte-limit = 8388608 (custom)
2024-01-17 07:57:14,532 [6291adf5-9e71-4549-84cb-13318527388a-groupManagement] INFO  util.AwaitToRun (AwaitToRun.java:start(81)) - Thread[6291adf5-9e71-4549-84cb-13318527388a@group-DC3439CAE577-cacheEviction-AwaitToRun,5,main] started
2024-01-17 07:57:14,532 [6291adf5-9e71-4549-84cb-13318527388a-groupManagement] INFO  segmented.SegmentedRaftLogWorker (SegmentedRaftLogWorker.java:<init>(182)) - new 6291adf5-9e71-4549-84cb-13318527388a@group-DC3439CAE577-SegmentedRaftLogWorker for RaftStorageImpl:Storage Directory /home/runner/work/ozone/ozone/hadoop-ozone/integration-test/target/test-dir/MiniOzoneClusterImpl-df80a8b8-78a2-47d1-a2cb-ee48e7cc81f7/datanode-9/data/ratis/e2076a16-a9f8-45ca-b73a-dc3439cae577
2024-01-17 07:57:14,532 [6291adf5-9e71-4549-84cb-13318527388a-groupManagement] INFO  server.RaftServerConfigKeys (ConfUtils.java:logGet(46)) - raft.server.log.queue.byte-limit = 4294967296 (custom)
2024-01-17 07:57:14,532 [6291adf5-9e71-4549-84cb-13318527388a-groupManagement] INFO  server.RaftServerConfigKeys (ConfUtils.java:logGet(46)) - raft.server.log.queue.element-limit = 1024 (custom)
2024-01-17 07:57:14,532 [6291adf5-9e71-4549-84cb-13318527388a-groupManagement] INFO  server.RaftServerConfigKeys (ConfUtils.java:logGet(46)) - raft.server.log.segment.size.max = 67108864 (custom)
2024-01-17 07:57:14,532 [6291adf5-9e71-4549-84cb-13318527388a-groupManagement] INFO  server.RaftServerConfigKeys (ConfUtils.java:logGet(46)) - raft.server.log.preallocated.size = 4194304 (custom)
2024-01-17 07:57:14,532 [6291adf5-9e71-4549-84cb-13318527388a-groupManagement] INFO  server.RaftServerConfigKeys (ConfUtils.java:logGet(46)) - raft.server.log.force.sync.num = 128 (default)
2024-01-17 07:57:14,532 [6291adf5-9e71-4549-84cb-13318527388a-groupManagement] INFO  server.RaftServerConfigKeys (ConfUtils.java:logGet(46)) - raft.server.log.statemachine.data.sync = true (default)
2024-01-17 07:57:14,532 [6291adf5-9e71-4549-84cb-13318527388a-groupManagement] INFO  server.RaftServerConfigKeys (ConfUtils.java:logGet(46)) - raft.server.log.statemachine.data.sync.timeout = 10s (default)
2024-01-17 07:57:14,532 [6291adf5-9e71-4549-84cb-13318527388a-groupManagement] INFO  server.RaftServerConfigKeys (ConfUtils.java:logGet(46)) - raft.server.log.statemachine.data.sync.timeout.retry = 0 (custom)
2024-01-17 07:57:14,533 [6291adf5-9e71-4549-84cb-13318527388a-groupManagement] INFO  server.RaftServerConfigKeys (ConfUtils.java:logGet(46)) - raft.server.log.write.buffer.size = 8388616 (custom)
2024-01-17 07:57:14,535 [6291adf5-9e71-4549-84cb-13318527388a-groupManagement] INFO  server.RaftServerConfigKeys (ConfUtils.java:logGet(46)) - raft.server.log.appender.buffer.byte-limit = 8388608 (custom)
2024-01-17 07:57:14,535 [6291adf5-9e71-4549-84cb-13318527388a-groupManagement] INFO  server.RaftServerConfigKeys (ConfUtils.java:logGet(46)) - raft.server.log.unsafe-flush.enabled = false (default)
2024-01-17 07:57:14,535 [6291adf5-9e71-4549-84cb-13318527388a-groupManagement] INFO  server.RaftServerConfigKeys (ConfUtils.java:logGet(46)) - raft.server.log.async-flush.enabled = false (default)
2024-01-17 07:57:14,535 [6291adf5-9e71-4549-84cb-13318527388a-groupManagement] INFO  server.RaftServerConfigKeys (ConfUtils.java:logGet(46)) - raft.server.log.statemachine.data.caching.enabled = true (custom)
2024-01-17 07:57:14,535 [6291adf5-9e71-4549-84cb-13318527388a-groupManagement] INFO  segmented.SegmentedRaftLogWorker (SegmentedRaftLogWorker.java:lambda$new$0(134)) - 6291adf5-9e71-4549-84cb-13318527388a@group-DC3439CAE577-SegmentedRaftLogWorker: flushIndex: setUnconditionally 0 -> -1
2024-01-17 07:57:14,536 [6291adf5-9e71-4549-84cb-13318527388a-groupManagement] INFO  segmented.SegmentedRaftLogWorker (SegmentedRaftLogWorker.java:lambda$new$0(134)) - 6291adf5-9e71-4549-84cb-13318527388a@group-DC3439CAE577-SegmentedRaftLogWorker: safeCacheEvictIndex: setUnconditionally 0 -> -1
2024-01-17 07:57:14,540 [6291adf5-9e71-4549-84cb-13318527388a-groupManagement] INFO  server.RaftServer$Division (RaftServerImpl.java:start(396)) - 6291adf5-9e71-4549-84cb-13318527388a@group-DC3439CAE577: start as a follower, conf=-1: peers:[2f83d896-2cfa-4348-ab65-ff7be0e3606c|10.1.0.6:15113, 6291adf5-9e71-4549-84cb-13318527388a|10.1.0.6:15095, 8e247bdf-a19d-4cdc-89de-9f1c8249c15f|10.1.0.6:15104]|listeners:[], old=null
2024-01-17 07:57:14,541 [6291adf5-9e71-4549-84cb-13318527388a-groupManagement] INFO  server.RaftServer$Division (RaftServerImpl.java:setRole(383)) - 6291adf5-9e71-4549-84cb-13318527388a@group-DC3439CAE577: changes role from      null to FOLLOWER at term 0 for startAsFollower
2024-01-17 07:57:14,541 [6291adf5-9e71-4549-84cb-13318527388a-groupManagement] INFO  impl.RoleInfo (RoleInfo.java:updateAndGet(139)) - 6291adf5-9e71-4549-84cb-13318527388a: start 6291adf5-9e71-4549-84cb-13318527388a@group-DC3439CAE577-FollowerState
2024-01-17 07:57:14,541 [6291adf5-9e71-4549-84cb-13318527388a-groupManagement] INFO  util.JmxRegister (JmxRegister.java:tryRegister(44)) - Successfully registered JMX Bean with object name Ratis:service=RaftServer,group=group-DC3439CAE577,id=6291adf5-9e71-4549-84cb-13318527388a
2024-01-17 07:57:14,541 [6291adf5-9e71-4549-84cb-13318527388a@group-DC3439CAE577-FollowerState] INFO  server.RaftServerConfigKeys (ConfUtils.java:logFallback(53)) - raft.server.rpc.first-election.timeout.min = 5s (fallback to raft.server.rpc.timeout.min)
2024-01-17 07:57:14,541 [6291adf5-9e71-4549-84cb-13318527388a-groupManagement] INFO  server.RaftServerConfigKeys (ConfUtils.java:logGet(46)) - raft.server.snapshot.trigger-when-stop.enabled = true (default)
2024-01-17 07:57:14,541 [6291adf5-9e71-4549-84cb-13318527388a-groupManagement] INFO  server.RaftServerConfigKeys (ConfUtils.java:logGet(46)) - raft.server.snapshot.auto.trigger.enabled = true (custom)
2024-01-17 07:57:14,541 [6291adf5-9e71-4549-84cb-13318527388a-groupManagement] INFO  server.RaftServerConfigKeys (ConfUtils.java:logGet(46)) - raft.server.snapshot.auto.trigger.threshold = 10000 (custom)
2024-01-17 07:57:14,541 [6291adf5-9e71-4549-84cb-13318527388a-groupManagement] INFO  server.RaftServerConfigKeys (ConfUtils.java:logGet(46)) - raft.server.snapshot.retention.file.num = 5 (custom)
2024-01-17 07:57:14,541 [6291adf5-9e71-4549-84cb-13318527388a-groupManagement] INFO  server.RaftServerConfigKeys (ConfUtils.java:logGet(46)) - raft.server.log.purge.upto.snapshot.index = false (default)
2024-01-17 07:57:14,542 [4f4a0cbc-a9eb-44f0-8d97-06326de93701-PipelineCommandHandlerThread-0] INFO  commandhandler.CreatePipelineCommandHandler (CreatePipelineCommandHandler.java:lambda$handle$2(124)) - Created Pipeline RATIS THREE PipelineID=163fc6ed-ef43-4520-8ab8-fe8b27bbd9ec.
2024-01-17 07:57:14,541 [6291adf5-9e71-4549-84cb-13318527388a@group-DC3439CAE577-FollowerState] INFO  server.RaftServerConfigKeys (ConfUtils.java:logFallback(53)) - raft.server.rpc.first-election.timeout.max = 5200ms (fallback to raft.server.rpc.timeout.max)
2024-01-17 07:57:14,549 [6291adf5-9e71-4549-84cb-13318527388a-PipelineCommandHandlerThread-0] INFO  ratis.XceiverServerRatis (XceiverServerRatis.java:addGroup(842)) - Created group PipelineID=e2076a16-a9f8-45ca-b73a-dc3439cae577
2024-01-17 07:57:14,571 [bdef3149-2cc3-439b-89a6-09b93146a606-PipelineCommandHandlerThread-0] INFO  commandhandler.CreatePipelineCommandHandler (CreatePipelineCommandHandler.java:lambda$handle$2(124)) - Created Pipeline RATIS THREE PipelineID=3769c031-a691-4c45-a69e-e9e02e74b481.
2024-01-17 07:57:14,573 [grpc-default-executor-2] INFO  server.RaftServer (RaftServerProxy.java:addNew(100)) - 2f83d896-2cfa-4348-ab65-ff7be0e3606c: addNew group-DC3439CAE577:[2f83d896-2cfa-4348-ab65-ff7be0e3606c|10.1.0.6:15113, 6291adf5-9e71-4549-84cb-13318527388a|10.1.0.6:15095, 8e247bdf-a19d-4cdc-89de-9f1c8249c15f|10.1.0.6:15104] returns group-DC3439CAE577:java.util.concurrent.CompletableFuture@7580594f[Not completed]
2024-01-17 07:57:14,574 [bdef3149-2cc3-439b-89a6-09b93146a606-PipelineCommandHandlerThread-0] INFO  server.RaftServer (RaftServerProxy.java:addNew(100)) - bdef3149-2cc3-439b-89a6-09b93146a606: addNew group-B3D596291F39:[eb5c9b0d-19e6-4136-9089-8a3b0879ad33|10.1.0.6:15068, 497ccbea-d6cf-4731-95da-fa3df448bf79|10.1.0.6:15086, bdef3149-2cc3-439b-89a6-09b93146a606|10.1.0.6:15077] returns group-B3D596291F39:java.util.concurrent.CompletableFuture@45d8ea01[Not completed]
2024-01-17 07:57:14,577 [bdef3149-2cc3-439b-89a6-09b93146a606-groupManagement] INFO  server.RaftServer$Division (RaftServerImpl.java:<init>(256)) - bdef3149-2cc3-439b-89a6-09b93146a606: new RaftServerImpl for group-B3D596291F39:[eb5c9b0d-19e6-4136-9089-8a3b0879ad33|10.1.0.6:15068, 497ccbea-d6cf-4731-95da-fa3df448bf79|10.1.0.6:15086, bdef3149-2cc3-439b-89a6-09b93146a606|10.1.0.6:15077] with ContainerStateMachine:uninitialized
2024-01-17 07:57:14,577 [bdef3149-2cc3-439b-89a6-09b93146a606-groupManagement] INFO  server.RaftServerConfigKeys (ConfUtils.java:logGet(46)) - raft.server.rpc.timeout.min = 5s (custom)
2024-01-17 07:57:14,577 [bdef3149-2cc3-439b-89a6-09b93146a606-groupManagement] INFO  server.RaftServerConfigKeys (ConfUtils.java:logGet(46)) - raft.server.rpc.timeout.max = 5200ms (custom)
2024-01-17 07:57:14,577 [bdef3149-2cc3-439b-89a6-09b93146a606-groupManagement] INFO  server.RaftServerConfigKeys (ConfUtils.java:logGet(46)) - raft.server.rpc.sleep.time = 25ms (default)
2024-01-17 07:57:14,577 [bdef3149-2cc3-439b-89a6-09b93146a606-groupManagement] INFO  server.RaftServerConfigKeys (ConfUtils.java:logGet(46)) - raft.server.rpc.slowness.timeout = 300s (custom)
2024-01-17 07:57:14,577 [bdef3149-2cc3-439b-89a6-09b93146a606-groupManagement] INFO  server.RaftServerConfigKeys (ConfUtils.java:logGet(46)) - raft.server.leaderelection.leader.step-down.wait-time = 10s (default)
2024-01-17 07:57:14,577 [bdef3149-2cc3-439b-89a6-09b93146a606-groupManagement] INFO  server.RaftServerConfigKeys (ConfUtils.java:logGet(46)) - raft.server.leaderelection.member.majority-add = false (default)
2024-01-17 07:57:14,578 [bdef3149-2cc3-439b-89a6-09b93146a606-groupManagement] INFO  server.RaftServerConfigKeys (ConfUtils.java:logGet(46)) - raft.server.sleep.deviation.threshold = 300ms (default)
2024-01-17 07:57:14,578 [bdef3149-2cc3-439b-89a6-09b93146a606-groupManagement] INFO  server.RaftServer$Division (ServerState.java:<init>(113)) - bdef3149-2cc3-439b-89a6-09b93146a606@group-B3D596291F39: ConfigurationManager, init=-1: peers:[eb5c9b0d-19e6-4136-9089-8a3b0879ad33|10.1.0.6:15068, 497ccbea-d6cf-4731-95da-fa3df448bf79|10.1.0.6:15086, bdef3149-2cc3-439b-89a6-09b93146a606|10.1.0.6:15077]|listeners:[], old=null, confs=<EMPTY_MAP>
2024-01-17 07:57:14,578 [bdef3149-2cc3-439b-89a6-09b93146a606-groupManagement] INFO  server.RaftServerConfigKeys (ConfUtils.java:logGet(46)) - raft.server.notification.no-leader.timeout = 300s (custom)
2024-01-17 07:57:14,578 [bdef3149-2cc3-439b-89a6-09b93146a606-groupManagement] INFO  server.RaftServerConfigKeys (ConfUtils.java:logGet(46)) - raft.server.read.timeout = 10s (default)
2024-01-17 07:57:14,578 [bdef3149-2cc3-439b-89a6-09b93146a606-groupManagement] INFO  server.RaftServerConfigKeys (ConfUtils.java:logGet(46)) - raft.server.retrycache.expirytime = 600000ms (custom)
2024-01-17 07:57:14,578 [bdef3149-2cc3-439b-89a6-09b93146a606-groupManagement] INFO  server.RaftServerConfigKeys (ConfUtils.java:logGet(46)) - raft.server.retrycache.statistics.expirytime = 100ms (default)
2024-01-17 07:57:14,578 [bdef3149-2cc3-439b-89a6-09b93146a606-groupManagement] INFO  server.RaftServerConfigKeys (ConfUtils.java:logGet(46)) - raft.server.read.option = DEFAULT (default)
2024-01-17 07:57:14,578 [bdef3149-2cc3-439b-89a6-09b93146a606-groupManagement] INFO  server.RaftServerConfigKeys (ConfUtils.java:logGet(46)) - raft.server.read.read-after-write-consistent.write-index-cache.expiry-time = 60s (default)
2024-01-17 07:57:14,581 [eb5c9b0d-19e6-4136-9089-8a3b0879ad33-PipelineCommandHandlerThread-0] INFO  commandhandler.CreatePipelineCommandHandler (CreatePipelineCommandHandler.java:lambda$handle$2(124)) - Created Pipeline RATIS THREE PipelineID=3769c031-a691-4c45-a69e-e9e02e74b481.
2024-01-17 07:57:14,581 [eb5c9b0d-19e6-4136-9089-8a3b0879ad33-PipelineCommandHandlerThread-0] INFO  server.RaftServer (RaftServerProxy.java:addNew(100)) - eb5c9b0d-19e6-4136-9089-8a3b0879ad33: addNew group-B3D596291F39:[eb5c9b0d-19e6-4136-9089-8a3b0879ad33|10.1.0.6:15068, 497ccbea-d6cf-4731-95da-fa3df448bf79|10.1.0.6:15086, bdef3149-2cc3-439b-89a6-09b93146a606|10.1.0.6:15077] returns group-B3D596291F39:java.util.concurrent.CompletableFuture@244e2004[Not completed]
2024-01-17 07:57:14,583 [2f83d896-2cfa-4348-ab65-ff7be0e3606c-groupManagement] INFO  server.RaftServer$Division (RaftServerImpl.java:<init>(256)) - 2f83d896-2cfa-4348-ab65-ff7be0e3606c: new RaftServerImpl for group-DC3439CAE577:[2f83d896-2cfa-4348-ab65-ff7be0e3606c|10.1.0.6:15113, 6291adf5-9e71-4549-84cb-13318527388a|10.1.0.6:15095, 8e247bdf-a19d-4cdc-89de-9f1c8249c15f|10.1.0.6:15104] with ContainerStateMachine:uninitialized
2024-01-17 07:57:14,583 [eb5c9b0d-19e6-4136-9089-8a3b0879ad33-groupManagement] INFO  server.RaftServer$Division (RaftServerImpl.java:<init>(256)) - eb5c9b0d-19e6-4136-9089-8a3b0879ad33: new RaftServerImpl for group-B3D596291F39:[eb5c9b0d-19e6-4136-9089-8a3b0879ad33|10.1.0.6:15068, 497ccbea-d6cf-4731-95da-fa3df448bf79|10.1.0.6:15086, bdef3149-2cc3-439b-89a6-09b93146a606|10.1.0.6:15077] with ContainerStateMachine:uninitialized
2024-01-17 07:57:14,583 [eb5c9b0d-19e6-4136-9089-8a3b0879ad33-groupManagement] INFO  server.RaftServerConfigKeys (ConfUtils.java:logGet(46)) - raft.server.rpc.timeout.min = 5s (custom)
2024-01-17 07:57:14,583 [eb5c9b0d-19e6-4136-9089-8a3b0879ad33-groupManagement] INFO  server.RaftServerConfigKeys (ConfUtils.java:logGet(46)) - raft.server.rpc.timeout.max = 5200ms (custom)
2024-01-17 07:57:14,583 [eb5c9b0d-19e6-4136-9089-8a3b0879ad33-groupManagement] INFO  server.RaftServerConfigKeys (ConfUtils.java:logGet(46)) - raft.server.rpc.sleep.time = 25ms (default)
2024-01-17 07:57:14,583 [eb5c9b0d-19e6-4136-9089-8a3b0879ad33-groupManagement] INFO  server.RaftServerConfigKeys (ConfUtils.java:logGet(46)) - raft.server.rpc.slowness.timeout = 300s (custom)
2024-01-17 07:57:14,583 [eb5c9b0d-19e6-4136-9089-8a3b0879ad33-groupManagement] INFO  server.RaftServerConfigKeys (ConfUtils.java:logGet(46)) - raft.server.leaderelection.leader.step-down.wait-time = 10s (default)
2024-01-17 07:57:14,583 [eb5c9b0d-19e6-4136-9089-8a3b0879ad33-groupManagement] INFO  server.RaftServerConfigKeys (ConfUtils.java:logGet(46)) - raft.server.leaderelection.member.majority-add = false (default)
2024-01-17 07:57:14,583 [eb5c9b0d-19e6-4136-9089-8a3b0879ad33-groupManagement] INFO  server.RaftServerConfigKeys (ConfUtils.java:logGet(46)) - raft.server.sleep.deviation.threshold = 300ms (default)
2024-01-17 07:57:14,583 [eb5c9b0d-19e6-4136-9089-8a3b0879ad33-groupManagement] INFO  server.RaftServer$Division (ServerState.java:<init>(113)) - eb5c9b0d-19e6-4136-9089-8a3b0879ad33@group-B3D596291F39: ConfigurationManager, init=-1: peers:[eb5c9b0d-19e6-4136-9089-8a3b0879ad33|10.1.0.6:15068, 497ccbea-d6cf-4731-95da-fa3df448bf79|10.1.0.6:15086, bdef3149-2cc3-439b-89a6-09b93146a606|10.1.0.6:15077]|listeners:[], old=null, confs=<EMPTY_MAP>
2024-01-17 07:57:14,583 [2f83d896-2cfa-4348-ab65-ff7be0e3606c-groupManagement] INFO  server.RaftServerConfigKeys (ConfUtils.java:logGet(46)) - raft.server.rpc.timeout.min = 5s (custom)
2024-01-17 07:57:14,583 [eb5c9b0d-19e6-4136-9089-8a3b0879ad33-groupManagement] INFO  server.RaftServerConfigKeys (ConfUtils.java:logGet(46)) - raft.server.notification.no-leader.timeout = 300s (custom)
2024-01-17 07:57:14,584 [eb5c9b0d-19e6-4136-9089-8a3b0879ad33-groupManagement] INFO  server.RaftServerConfigKeys (ConfUtils.java:logGet(46)) - raft.server.read.timeout = 10s (default)
2024-01-17 07:57:14,584 [eb5c9b0d-19e6-4136-9089-8a3b0879ad33-groupManagement] INFO  server.RaftServerConfigKeys (ConfUtils.java:logGet(46)) - raft.server.retrycache.expirytime = 600000ms (custom)
2024-01-17 07:57:14,584 [eb5c9b0d-19e6-4136-9089-8a3b0879ad33-groupManagement] INFO  server.RaftServerConfigKeys (ConfUtils.java:logGet(46)) - raft.server.retrycache.statistics.expirytime = 100ms (default)
2024-01-17 07:57:14,584 [eb5c9b0d-19e6-4136-9089-8a3b0879ad33-groupManagement] INFO  server.RaftServerConfigKeys (ConfUtils.java:logGet(46)) - raft.server.read.option = DEFAULT (default)
2024-01-17 07:57:14,584 [eb5c9b0d-19e6-4136-9089-8a3b0879ad33-groupManagement] INFO  server.RaftServerConfigKeys (ConfUtils.java:logGet(46)) - raft.server.read.read-after-write-consistent.write-index-cache.expiry-time = 60s (default)
2024-01-17 07:57:14,585 [2f83d896-2cfa-4348-ab65-ff7be0e3606c-groupManagement] INFO  server.RaftServerConfigKeys (ConfUtils.java:logGet(46)) - raft.server.rpc.timeout.max = 5200ms (custom)
2024-01-17 07:57:14,585 [2f83d896-2cfa-4348-ab65-ff7be0e3606c-groupManagement] INFO  server.RaftServerConfigKeys (ConfUtils.java:logGet(46)) - raft.server.rpc.sleep.time = 25ms (default)
2024-01-17 07:57:14,585 [2f83d896-2cfa-4348-ab65-ff7be0e3606c-groupManagement] INFO  server.RaftServerConfigKeys (ConfUtils.java:logGet(46)) - raft.server.rpc.slowness.timeout = 300s (custom)
2024-01-17 07:57:14,586 [2f83d896-2cfa-4348-ab65-ff7be0e3606c-groupManagement] INFO  server.RaftServerConfigKeys (ConfUtils.java:logGet(46)) - raft.server.leaderelection.leader.step-down.wait-time = 10s (default)
2024-01-17 07:57:14,586 [2f83d896-2cfa-4348-ab65-ff7be0e3606c-groupManagement] INFO  server.RaftServerConfigKeys (ConfUtils.java:logGet(46)) - raft.server.leaderelection.member.majority-add = false (default)
2024-01-17 07:57:14,591 [2f83d896-2cfa-4348-ab65-ff7be0e3606c-groupManagement] INFO  server.RaftServerConfigKeys (ConfUtils.java:logGet(46)) - raft.server.sleep.deviation.threshold = 300ms (default)
2024-01-17 07:57:14,591 [2f83d896-2cfa-4348-ab65-ff7be0e3606c-groupManagement] INFO  server.RaftServer$Division (ServerState.java:<init>(113)) - 2f83d896-2cfa-4348-ab65-ff7be0e3606c@group-DC3439CAE577: ConfigurationManager, init=-1: peers:[2f83d896-2cfa-4348-ab65-ff7be0e3606c|10.1.0.6:15113, 6291adf5-9e71-4549-84cb-13318527388a|10.1.0.6:15095, 8e247bdf-a19d-4cdc-89de-9f1c8249c15f|10.1.0.6:15104]|listeners:[], old=null, confs=<EMPTY_MAP>
2024-01-17 07:57:14,591 [2f83d896-2cfa-4348-ab65-ff7be0e3606c-groupManagement] INFO  server.RaftServerConfigKeys (ConfUtils.java:logGet(46)) - raft.server.notification.no-leader.timeout = 300s (custom)
2024-01-17 07:57:14,591 [2f83d896-2cfa-4348-ab65-ff7be0e3606c-groupManagement] INFO  server.RaftServerConfigKeys (ConfUtils.java:logGet(46)) - raft.server.read.timeout = 10s (default)
2024-01-17 07:57:14,591 [2f83d896-2cfa-4348-ab65-ff7be0e3606c-groupManagement] INFO  server.RaftServerConfigKeys (ConfUtils.java:logGet(46)) - raft.server.retrycache.expirytime = 600000ms (custom)
2024-01-17 07:57:14,600 [2f83d896-2cfa-4348-ab65-ff7be0e3606c-groupManagement] INFO  server.RaftServerConfigKeys (ConfUtils.java:logGet(46)) - raft.server.retrycache.statistics.expirytime = 100ms (default)
2024-01-17 07:57:14,601 [2f83d896-2cfa-4348-ab65-ff7be0e3606c-groupManagement] INFO  server.RaftServerConfigKeys (ConfUtils.java:logGet(46)) - raft.server.read.option = DEFAULT (default)
2024-01-17 07:57:14,599 [8e247bdf-a19d-4cdc-89de-9f1c8249c15f-groupManagement] INFO  server.RaftServer$Division (RaftServerImpl.java:<init>(256)) - 8e247bdf-a19d-4cdc-89de-9f1c8249c15f: new RaftServerImpl for group-DC3439CAE577:[2f83d896-2cfa-4348-ab65-ff7be0e3606c|10.1.0.6:15113, 6291adf5-9e71-4549-84cb-13318527388a|10.1.0.6:15095, 8e247bdf-a19d-4cdc-89de-9f1c8249c15f|10.1.0.6:15104] with ContainerStateMachine:uninitialized
2024-01-17 07:57:14,601 [8e247bdf-a19d-4cdc-89de-9f1c8249c15f-groupManagement] INFO  server.RaftServerConfigKeys (ConfUtils.java:logGet(46)) - raft.server.rpc.timeout.min = 5s (custom)
2024-01-17 07:57:14,601 [8e247bdf-a19d-4cdc-89de-9f1c8249c15f-groupManagement] INFO  server.RaftServerConfigKeys (ConfUtils.java:logGet(46)) - raft.server.rpc.timeout.max = 5200ms (custom)
2024-01-17 07:57:14,601 [8e247bdf-a19d-4cdc-89de-9f1c8249c15f-groupManagement] INFO  server.RaftServerConfigKeys (ConfUtils.java:logGet(46)) - raft.server.rpc.sleep.time = 25ms (default)
2024-01-17 07:57:14,601 [8e247bdf-a19d-4cdc-89de-9f1c8249c15f-groupManagement] INFO  server.RaftServerConfigKeys (ConfUtils.java:logGet(46)) - raft.server.rpc.slowness.timeout = 300s (custom)
2024-01-17 07:57:14,601 [8e247bdf-a19d-4cdc-89de-9f1c8249c15f-groupManagement] INFO  server.RaftServerConfigKeys (ConfUtils.java:logGet(46)) - raft.server.leaderelection.leader.step-down.wait-time = 10s (default)
2024-01-17 07:57:14,601 [8e247bdf-a19d-4cdc-89de-9f1c8249c15f-groupManagement] INFO  server.RaftServerConfigKeys (ConfUtils.java:logGet(46)) - raft.server.leaderelection.member.majority-add = false (default)
2024-01-17 07:57:14,601 [8e247bdf-a19d-4cdc-89de-9f1c8249c15f-groupManagement] INFO  server.RaftServerConfigKeys (ConfUtils.java:logGet(46)) - raft.server.sleep.deviation.threshold = 300ms (default)
2024-01-17 07:57:14,601 [8e247bdf-a19d-4cdc-89de-9f1c8249c15f-groupManagement] INFO  server.RaftServer$Division (ServerState.java:<init>(113)) - 8e247bdf-a19d-4cdc-89de-9f1c8249c15f@group-DC3439CAE577: ConfigurationManager, init=-1: peers:[2f83d896-2cfa-4348-ab65-ff7be0e3606c|10.1.0.6:15113, 6291adf5-9e71-4549-84cb-13318527388a|10.1.0.6:15095, 8e247bdf-a19d-4cdc-89de-9f1c8249c15f|10.1.0.6:15104]|listeners:[], old=null, confs=<EMPTY_MAP>
2024-01-17 07:57:14,601 [8e247bdf-a19d-4cdc-89de-9f1c8249c15f-groupManagement] INFO  server.RaftServerConfigKeys (ConfUtils.java:logGet(46)) - raft.server.notification.no-leader.timeout = 300s (custom)
2024-01-17 07:57:14,602 [8e247bdf-a19d-4cdc-89de-9f1c8249c15f-groupManagement] INFO  server.RaftServerConfigKeys (ConfUtils.java:logGet(46)) - raft.server.read.timeout = 10s (default)
2024-01-17 07:57:14,602 [8e247bdf-a19d-4cdc-89de-9f1c8249c15f-groupManagement] INFO  server.RaftServerConfigKeys (ConfUtils.java:logGet(46)) - raft.server.retrycache.expirytime = 600000ms (custom)
2024-01-17 07:57:14,602 [8e247bdf-a19d-4cdc-89de-9f1c8249c15f-groupManagement] INFO  server.RaftServerConfigKeys (ConfUtils.java:logGet(46)) - raft.server.retrycache.statistics.expirytime = 100ms (default)
2024-01-17 07:57:14,602 [8e247bdf-a19d-4cdc-89de-9f1c8249c15f-groupManagement] INFO  server.RaftServerConfigKeys (ConfUtils.java:logGet(46)) - raft.server.read.option = DEFAULT (default)
2024-01-17 07:57:14,602 [8e247bdf-a19d-4cdc-89de-9f1c8249c15f-groupManagement] INFO  server.RaftServerConfigKeys (ConfUtils.java:logGet(46)) - raft.server.read.read-after-write-consistent.write-index-cache.expiry-time = 60s (default)
2024-01-17 07:57:14,593 [8e247bdf-a19d-4cdc-89de-9f1c8249c15f-PipelineCommandHandlerThread-0] INFO  server.RaftServer (RaftServerProxy.java:addNew(100)) - 8e247bdf-a19d-4cdc-89de-9f1c8249c15f: addNew group-DC3439CAE577:[2f83d896-2cfa-4348-ab65-ff7be0e3606c|10.1.0.6:15113, 6291adf5-9e71-4549-84cb-13318527388a|10.1.0.6:15095, 8e247bdf-a19d-4cdc-89de-9f1c8249c15f|10.1.0.6:15104] returns group-DC3439CAE577:java.util.concurrent.CompletableFuture@1a3a05b0[Not completed]
2024-01-17 07:57:14,601 [497ccbea-d6cf-4731-95da-fa3df448bf79-PipelineCommandHandlerThread-0] INFO  commandhandler.CreatePipelineCommandHandler (CreatePipelineCommandHandler.java:lambda$handle$2(124)) - Created Pipeline RATIS THREE PipelineID=3769c031-a691-4c45-a69e-e9e02e74b481.
2024-01-17 07:57:14,603 [497ccbea-d6cf-4731-95da-fa3df448bf79-PipelineCommandHandlerThread-0] INFO  server.RaftServer (RaftServerProxy.java:addNew(100)) - 497ccbea-d6cf-4731-95da-fa3df448bf79: addNew group-B3D596291F39:[eb5c9b0d-19e6-4136-9089-8a3b0879ad33|10.1.0.6:15068, 497ccbea-d6cf-4731-95da-fa3df448bf79|10.1.0.6:15086, bdef3149-2cc3-439b-89a6-09b93146a606|10.1.0.6:15077] returns group-B3D596291F39:java.util.concurrent.CompletableFuture@6c819e18[Not completed]
2024-01-17 07:57:14,603 [2f83d896-2cfa-4348-ab65-ff7be0e3606c-groupManagement] INFO  server.RaftServerConfigKeys (ConfUtils.java:logGet(46)) - raft.server.read.read-after-write-consistent.write-index-cache.expiry-time = 60s (default)
2024-01-17 07:57:14,604 [497ccbea-d6cf-4731-95da-fa3df448bf79-groupManagement] INFO  server.RaftServer$Division (RaftServerImpl.java:<init>(256)) - 497ccbea-d6cf-4731-95da-fa3df448bf79: new RaftServerImpl for group-B3D596291F39:[eb5c9b0d-19e6-4136-9089-8a3b0879ad33|10.1.0.6:15068, 497ccbea-d6cf-4731-95da-fa3df448bf79|10.1.0.6:15086, bdef3149-2cc3-439b-89a6-09b93146a606|10.1.0.6:15077] with ContainerStateMachine:uninitialized
2024-01-17 07:57:14,604 [497ccbea-d6cf-4731-95da-fa3df448bf79-groupManagement] INFO  server.RaftServerConfigKeys (ConfUtils.java:logGet(46)) - raft.server.rpc.timeout.min = 5s (custom)
2024-01-17 07:57:14,604 [497ccbea-d6cf-4731-95da-fa3df448bf79-groupManagement] INFO  server.RaftServerConfigKeys (ConfUtils.java:logGet(46)) - raft.server.rpc.timeout.max = 5200ms (custom)
2024-01-17 07:57:14,604 [497ccbea-d6cf-4731-95da-fa3df448bf79-groupManagement] INFO  server.RaftServerConfigKeys (ConfUtils.java:logGet(46)) - raft.server.rpc.sleep.time = 25ms (default)
2024-01-17 07:57:14,604 [497ccbea-d6cf-4731-95da-fa3df448bf79-groupManagement] INFO  server.RaftServerConfigKeys (ConfUtils.java:logGet(46)) - raft.server.rpc.slowness.timeout = 300s (custom)
2024-01-17 07:57:14,604 [497ccbea-d6cf-4731-95da-fa3df448bf79-groupManagement] INFO  server.RaftServerConfigKeys (ConfUtils.java:logGet(46)) - raft.server.leaderelection.leader.step-down.wait-time = 10s (default)
2024-01-17 07:57:14,604 [497ccbea-d6cf-4731-95da-fa3df448bf79-groupManagement] INFO  server.RaftServerConfigKeys (ConfUtils.java:logGet(46)) - raft.server.leaderelection.member.majority-add = false (default)
2024-01-17 07:57:14,604 [497ccbea-d6cf-4731-95da-fa3df448bf79-groupManagement] INFO  server.RaftServerConfigKeys (ConfUtils.java:logGet(46)) - raft.server.sleep.deviation.threshold = 300ms (default)
2024-01-17 07:57:14,605 [497ccbea-d6cf-4731-95da-fa3df448bf79-groupManagement] INFO  server.RaftServer$Division (ServerState.java:<init>(113)) - 497ccbea-d6cf-4731-95da-fa3df448bf79@group-B3D596291F39: ConfigurationManager, init=-1: peers:[eb5c9b0d-19e6-4136-9089-8a3b0879ad33|10.1.0.6:15068, 497ccbea-d6cf-4731-95da-fa3df448bf79|10.1.0.6:15086, bdef3149-2cc3-439b-89a6-09b93146a606|10.1.0.6:15077]|listeners:[], old=null, confs=<EMPTY_MAP>
2024-01-17 07:57:14,605 [497ccbea-d6cf-4731-95da-fa3df448bf79-groupManagement] INFO  server.RaftServerConfigKeys (ConfUtils.java:logGet(46)) - raft.server.notification.no-leader.timeout = 300s (custom)
2024-01-17 07:57:14,605 [497ccbea-d6cf-4731-95da-fa3df448bf79-groupManagement] INFO  server.RaftServerConfigKeys (ConfUtils.java:logGet(46)) - raft.server.read.timeout = 10s (default)
2024-01-17 07:57:14,605 [497ccbea-d6cf-4731-95da-fa3df448bf79-groupManagement] INFO  server.RaftServerConfigKeys (ConfUtils.java:logGet(46)) - raft.server.retrycache.expirytime = 600000ms (custom)
2024-01-17 07:57:14,605 [497ccbea-d6cf-4731-95da-fa3df448bf79-groupManagement] INFO  server.RaftServerConfigKeys (ConfUtils.java:logGet(46)) - raft.server.retrycache.statistics.expirytime = 100ms (default)
2024-01-17 07:57:14,605 [497ccbea-d6cf-4731-95da-fa3df448bf79-groupManagement] INFO  server.RaftServerConfigKeys (ConfUtils.java:logGet(46)) - raft.server.read.option = DEFAULT (default)
2024-01-17 07:57:14,605 [497ccbea-d6cf-4731-95da-fa3df448bf79-groupManagement] INFO  server.RaftServerConfigKeys (ConfUtils.java:logGet(46)) - raft.server.read.read-after-write-consistent.write-index-cache.expiry-time = 60s (default)
2024-01-17 07:57:14,611 [bdef3149-2cc3-439b-89a6-09b93146a606-groupManagement] INFO  server.RaftServerConfigKeys (ConfUtils.java:logGet(46)) - raft.server.rpc.request.timeout = 60s (custom)
2024-01-17 07:57:14,611 [bdef3149-2cc3-439b-89a6-09b93146a606-groupManagement] INFO  server.RaftServerConfigKeys (ConfUtils.java:logGet(46)) - raft.server.log.appender.install.snapshot.enabled = false (custom)
2024-01-17 07:57:14,611 [bdef3149-2cc3-439b-89a6-09b93146a606-groupManagement] INFO  server.RaftServerConfigKeys (ConfUtils.java:logGet(46)) - raft.server.threadpool.server.cached = true (default)
2024-01-17 07:57:14,611 [bdef3149-2cc3-439b-89a6-09b93146a606-groupManagement] INFO  server.RaftServerConfigKeys (ConfUtils.java:logGet(46)) - raft.server.threadpool.server.size = 0 (default)
2024-01-17 07:57:14,611 [bdef3149-2cc3-439b-89a6-09b93146a606-groupManagement] INFO  server.RaftServerConfigKeys (ConfUtils.java:logGet(46)) - raft.server.threadpool.client.cached = true (default)
2024-01-17 07:57:14,611 [bdef3149-2cc3-439b-89a6-09b93146a606-groupManagement] INFO  server.RaftServerConfigKeys (ConfUtils.java:logGet(46)) - raft.server.threadpool.client.size = 0 (default)
2024-01-17 07:57:14,612 [bdef3149-2cc3-439b-89a6-09b93146a606-groupManagement] INFO  server.RaftServerConfigKeys (ConfUtils.java:logGet(46)) - raft.server.storage.free-space.min = 0MB (=0) (default)
2024-01-17 07:57:14,612 [bdef3149-2cc3-439b-89a6-09b93146a606-groupManagement] INFO  server.RaftServerConfigKeys (ConfUtils.java:logGet(46)) - raft.server.log.corruption.policy = EXCEPTION (default)
2024-01-17 07:57:14,612 [bdef3149-2cc3-439b-89a6-09b93146a606-groupManagement] INFO  server.RaftServerConfigKeys (ConfUtils.java:logGet(46)) - raft.server.storage.dir = [/home/runner/work/ozone/ozone/hadoop-ozone/integration-test/target/test-dir/MiniOzoneClusterImpl-df80a8b8-78a2-47d1-a2cb-ee48e7cc81f7/datanode-7/data/ratis] (custom)
2024-01-17 07:57:14,612 [bdef3149-2cc3-439b-89a6-09b93146a606-groupManagement] INFO  storage.RaftStorageDirectory (RaftStorageDirectoryImpl.java:analyzeStorage(138)) - The storage directory /home/runner/work/ozone/ozone/hadoop-ozone/integration-test/target/test-dir/MiniOzoneClusterImpl-df80a8b8-78a2-47d1-a2cb-ee48e7cc81f7/datanode-7/data/ratis/7bf5b471-0bd1-4859-9a6c-b3d596291f39 does not exist. Creating ...
2024-01-17 07:57:14,613 [bdef3149-2cc3-439b-89a6-09b93146a606-groupManagement] INFO  storage.RaftStorageDirectory (RaftStorageDirectoryImpl.java:tryLock(228)) - Lock on /home/runner/work/ozone/ozone/hadoop-ozone/integration-test/target/test-dir/MiniOzoneClusterImpl-df80a8b8-78a2-47d1-a2cb-ee48e7cc81f7/datanode-7/data/ratis/7bf5b471-0bd1-4859-9a6c-b3d596291f39/in_use.lock acquired by nodename 24650@fv-az1531-837
2024-01-17 07:57:14,614 [bdef3149-2cc3-439b-89a6-09b93146a606-groupManagement] INFO  storage.RaftStorage (RaftStorageImpl.java:format(99)) - Storage directory /home/runner/work/ozone/ozone/hadoop-ozone/integration-test/target/test-dir/MiniOzoneClusterImpl-df80a8b8-78a2-47d1-a2cb-ee48e7cc81f7/datanode-7/data/ratis/7bf5b471-0bd1-4859-9a6c-b3d596291f39 has been successfully formatted.
2024-01-17 07:57:14,614 [bdef3149-2cc3-439b-89a6-09b93146a606-groupManagement] WARN  util.FileUtils (LogUtils.java:supplyAndLog(63)) - Failed to Files.newInputStream /home/runner/work/ozone/ozone/hadoop-ozone/integration-test/target/test-dir/MiniOzoneClusterImpl-df80a8b8-78a2-47d1-a2cb-ee48e7cc81f7/datanode-7/data/ratis/7bf5b471-0bd1-4859-9a6c-b3d596291f39/current/raft-meta.conf with options []: java.nio.file.NoSuchFileException: /home/runner/work/ozone/ozone/hadoop-ozone/integration-test/target/test-dir/MiniOzoneClusterImpl-df80a8b8-78a2-47d1-a2cb-ee48e7cc81f7/datanode-7/data/ratis/7bf5b471-0bd1-4859-9a6c-b3d596291f39/current/raft-meta.conf
2024-01-17 07:57:14,615 [bdef3149-2cc3-439b-89a6-09b93146a606-groupManagement] INFO  ratis.ContainerStateMachine (ContainerStateMachine.java:loadSnapshot(287)) - group-B3D596291F39: The snapshot info is null. Setting the last applied index to:(t:0, i:~)
2024-01-17 07:57:14,616 [bdef3149-2cc3-439b-89a6-09b93146a606-groupManagement] INFO  server.RaftServerConfigKeys (ConfUtils.java:logGet(46)) - raft.server.log.use.memory = false (default)
2024-01-17 07:57:14,616 [bdef3149-2cc3-439b-89a6-09b93146a606-groupManagement] INFO  server.RaftServerConfigKeys (ConfUtils.java:logGet(46)) - raft.server.log.purge.gap = 1000000 (custom)
2024-01-17 07:57:14,616 [bdef3149-2cc3-439b-89a6-09b93146a606-groupManagement] INFO  server.RaftServerConfigKeys (ConfUtils.java:logGet(46)) - raft.server.log.appender.buffer.byte-limit = 8388608 (custom)
2024-01-17 07:57:14,616 [bdef3149-2cc3-439b-89a6-09b93146a606-groupManagement] INFO  server.RaftServerConfigKeys (ConfUtils.java:logGet(46)) - raft.server.log.statemachine.data.read.timeout = 1000ms (default)
2024-01-17 07:57:14,616 [bdef3149-2cc3-439b-89a6-09b93146a606-groupManagement] INFO  server.RaftServerConfigKeys (ConfUtils.java:logGet(46)) - raft.server.log.purge.preservation.log.num = 0 (default)
2024-01-17 07:57:14,623 [eb5c9b0d-19e6-4136-9089-8a3b0879ad33-groupManagement] INFO  server.RaftServerConfigKeys (ConfUtils.java:logGet(46)) - raft.server.rpc.request.timeout = 60s (custom)
2024-01-17 07:57:14,623 [eb5c9b0d-19e6-4136-9089-8a3b0879ad33-groupManagement] INFO  server.RaftServerConfigKeys (ConfUtils.java:logGet(46)) - raft.server.log.appender.install.snapshot.enabled = false (custom)
2024-01-17 07:57:14,623 [eb5c9b0d-19e6-4136-9089-8a3b0879ad33-groupManagement] INFO  server.RaftServerConfigKeys (ConfUtils.java:logGet(46)) - raft.server.threadpool.server.cached = true (default)
2024-01-17 07:57:14,623 [eb5c9b0d-19e6-4136-9089-8a3b0879ad33-groupManagement] INFO  server.RaftServerConfigKeys (ConfUtils.java:logGet(46)) - raft.server.threadpool.server.size = 0 (default)
2024-01-17 07:57:14,623 [eb5c9b0d-19e6-4136-9089-8a3b0879ad33-groupManagement] INFO  server.RaftServerConfigKeys (ConfUtils.java:logGet(46)) - raft.server.threadpool.client.cached = true (default)
2024-01-17 07:57:14,623 [eb5c9b0d-19e6-4136-9089-8a3b0879ad33-groupManagement] INFO  server.RaftServerConfigKeys (ConfUtils.java:logGet(46)) - raft.server.threadpool.client.size = 0 (default)
2024-01-17 07:57:14,623 [eb5c9b0d-19e6-4136-9089-8a3b0879ad33-groupManagement] INFO  server.RaftServerConfigKeys (ConfUtils.java:logGet(46)) - raft.server.storage.free-space.min = 0MB (=0) (default)
2024-01-17 07:57:14,624 [eb5c9b0d-19e6-4136-9089-8a3b0879ad33-groupManagement] INFO  server.RaftServerConfigKeys (ConfUtils.java:logGet(46)) - raft.server.log.corruption.policy = EXCEPTION (default)
2024-01-17 07:57:14,624 [eb5c9b0d-19e6-4136-9089-8a3b0879ad33-groupManagement] INFO  server.RaftServerConfigKeys (ConfUtils.java:logGet(46)) - raft.server.storage.dir = [/home/runner/work/ozone/ozone/hadoop-ozone/integration-test/target/test-dir/MiniOzoneClusterImpl-df80a8b8-78a2-47d1-a2cb-ee48e7cc81f7/datanode-6/data/ratis] (custom)
2024-01-17 07:57:14,624 [eb5c9b0d-19e6-4136-9089-8a3b0879ad33-groupManagement] INFO  storage.RaftStorageDirectory (RaftStorageDirectoryImpl.java:analyzeStorage(138)) - The storage directory /home/runner/work/ozone/ozone/hadoop-ozone/integration-test/target/test-dir/MiniOzoneClusterImpl-df80a8b8-78a2-47d1-a2cb-ee48e7cc81f7/datanode-6/data/ratis/7bf5b471-0bd1-4859-9a6c-b3d596291f39 does not exist. Creating ...
2024-01-17 07:57:14,626 [eb5c9b0d-19e6-4136-9089-8a3b0879ad33-groupManagement] INFO  storage.RaftStorageDirectory (RaftStorageDirectoryImpl.java:tryLock(228)) - Lock on /home/runner/work/ozone/ozone/hadoop-ozone/integration-test/target/test-dir/MiniOzoneClusterImpl-df80a8b8-78a2-47d1-a2cb-ee48e7cc81f7/datanode-6/data/ratis/7bf5b471-0bd1-4859-9a6c-b3d596291f39/in_use.lock acquired by nodename 24650@fv-az1531-837
2024-01-17 07:57:14,627 [eb5c9b0d-19e6-4136-9089-8a3b0879ad33-groupManagement] INFO  storage.RaftStorage (RaftStorageImpl.java:format(99)) - Storage directory /home/runner/work/ozone/ozone/hadoop-ozone/integration-test/target/test-dir/MiniOzoneClusterImpl-df80a8b8-78a2-47d1-a2cb-ee48e7cc81f7/datanode-6/data/ratis/7bf5b471-0bd1-4859-9a6c-b3d596291f39 has been successfully formatted.
2024-01-17 07:57:14,627 [eb5c9b0d-19e6-4136-9089-8a3b0879ad33-groupManagement] WARN  util.FileUtils (LogUtils.java:supplyAndLog(63)) - Failed to Files.newInputStream /home/runner/work/ozone/ozone/hadoop-ozone/integration-test/target/test-dir/MiniOzoneClusterImpl-df80a8b8-78a2-47d1-a2cb-ee48e7cc81f7/datanode-6/data/ratis/7bf5b471-0bd1-4859-9a6c-b3d596291f39/current/raft-meta.conf with options []: java.nio.file.NoSuchFileException: /home/runner/work/ozone/ozone/hadoop-ozone/integration-test/target/test-dir/MiniOzoneClusterImpl-df80a8b8-78a2-47d1-a2cb-ee48e7cc81f7/datanode-6/data/ratis/7bf5b471-0bd1-4859-9a6c-b3d596291f39/current/raft-meta.conf
2024-01-17 07:57:14,627 [eb5c9b0d-19e6-4136-9089-8a3b0879ad33-groupManagement] INFO  ratis.ContainerStateMachine (ContainerStateMachine.java:loadSnapshot(287)) - group-B3D596291F39: The snapshot info is null. Setting the last applied index to:(t:0, i:~)
2024-01-17 07:57:14,627 [eb5c9b0d-19e6-4136-9089-8a3b0879ad33-groupManagement] INFO  server.RaftServerConfigKeys (ConfUtils.java:logGet(46)) - raft.server.log.use.memory = false (default)
2024-01-17 07:57:14,628 [eb5c9b0d-19e6-4136-9089-8a3b0879ad33-groupManagement] INFO  server.RaftServerConfigKeys (ConfUtils.java:logGet(46)) - raft.server.log.purge.gap = 1000000 (custom)
2024-01-17 07:57:14,628 [eb5c9b0d-19e6-4136-9089-8a3b0879ad33-groupManagement] INFO  server.RaftServerConfigKeys (ConfUtils.java:logGet(46)) - raft.server.log.appender.buffer.byte-limit = 8388608 (custom)
2024-01-17 07:57:14,628 [eb5c9b0d-19e6-4136-9089-8a3b0879ad33-groupManagement] INFO  server.RaftServerConfigKeys (ConfUtils.java:logGet(46)) - raft.server.log.statemachine.data.read.timeout = 1000ms (default)
2024-01-17 07:57:14,628 [eb5c9b0d-19e6-4136-9089-8a3b0879ad33-groupManagement] INFO  server.RaftServerConfigKeys (ConfUtils.java:logGet(46)) - raft.server.log.purge.preservation.log.num = 0 (default)
2024-01-17 07:57:14,635 [8e247bdf-a19d-4cdc-89de-9f1c8249c15f-groupManagement] INFO  server.RaftServerConfigKeys (ConfUtils.java:logGet(46)) - raft.server.rpc.request.timeout = 60s (custom)
2024-01-17 07:57:14,635 [8e247bdf-a19d-4cdc-89de-9f1c8249c15f-groupManagement] INFO  server.RaftServerConfigKeys (ConfUtils.java:logGet(46)) - raft.server.log.appender.install.snapshot.enabled = false (custom)
2024-01-17 07:57:14,635 [8e247bdf-a19d-4cdc-89de-9f1c8249c15f-groupManagement] INFO  server.RaftServerConfigKeys (ConfUtils.java:logGet(46)) - raft.server.threadpool.server.cached = true (default)
2024-01-17 07:57:14,635 [8e247bdf-a19d-4cdc-89de-9f1c8249c15f-groupManagement] INFO  server.RaftServerConfigKeys (ConfUtils.java:logGet(46)) - raft.server.threadpool.server.size = 0 (default)
2024-01-17 07:57:14,635 [8e247bdf-a19d-4cdc-89de-9f1c8249c15f-groupManagement] INFO  server.RaftServerConfigKeys (ConfUtils.java:logGet(46)) - raft.server.threadpool.client.cached = true (default)
2024-01-17 07:57:14,635 [8e247bdf-a19d-4cdc-89de-9f1c8249c15f-groupManagement] INFO  server.RaftServerConfigKeys (ConfUtils.java:logGet(46)) - raft.server.threadpool.client.size = 0 (default)
2024-01-17 07:57:14,636 [8e247bdf-a19d-4cdc-89de-9f1c8249c15f-groupManagement] INFO  server.RaftServerConfigKeys (ConfUtils.java:logGet(46)) - raft.server.storage.free-space.min = 0MB (=0) (default)
2024-01-17 07:57:14,636 [8e247bdf-a19d-4cdc-89de-9f1c8249c15f-groupManagement] INFO  server.RaftServerConfigKeys (ConfUtils.java:logGet(46)) - raft.server.log.corruption.policy = EXCEPTION (default)
2024-01-17 07:57:14,636 [497ccbea-d6cf-4731-95da-fa3df448bf79-groupManagement] INFO  server.RaftServerConfigKeys (ConfUtils.java:logGet(46)) - raft.server.rpc.request.timeout = 60s (custom)
2024-01-17 07:57:14,636 [8e247bdf-a19d-4cdc-89de-9f1c8249c15f-groupManagement] INFO  server.RaftServerConfigKeys (ConfUtils.java:logGet(46)) - raft.server.storage.dir = [/home/runner/work/ozone/ozone/hadoop-ozone/integration-test/target/test-dir/MiniOzoneClusterImpl-df80a8b8-78a2-47d1-a2cb-ee48e7cc81f7/datanode-10/data/ratis] (custom)
2024-01-17 07:57:14,636 [8e247bdf-a19d-4cdc-89de-9f1c8249c15f-groupManagement] INFO  storage.RaftStorageDirectory (RaftStorageDirectoryImpl.java:analyzeStorage(138)) - The storage directory /home/runner/work/ozone/ozone/hadoop-ozone/integration-test/target/test-dir/MiniOzoneClusterImpl-df80a8b8-78a2-47d1-a2cb-ee48e7cc81f7/datanode-10/data/ratis/e2076a16-a9f8-45ca-b73a-dc3439cae577 does not exist. Creating ...
2024-01-17 07:57:14,636 [497ccbea-d6cf-4731-95da-fa3df448bf79-groupManagement] INFO  server.RaftServerConfigKeys (ConfUtils.java:logGet(46)) - raft.server.log.appender.install.snapshot.enabled = false (custom)
2024-01-17 07:57:14,636 [497ccbea-d6cf-4731-95da-fa3df448bf79-groupManagement] INFO  server.RaftServerConfigKeys (ConfUtils.java:logGet(46)) - raft.server.threadpool.server.cached = true (default)
2024-01-17 07:57:14,636 [497ccbea-d6cf-4731-95da-fa3df448bf79-groupManagement] INFO  server.RaftServerConfigKeys (ConfUtils.java:logGet(46)) - raft.server.threadpool.server.size = 0 (default)
2024-01-17 07:57:14,636 [497ccbea-d6cf-4731-95da-fa3df448bf79-groupManagement] INFO  server.RaftServerConfigKeys (ConfUtils.java:logGet(46)) - raft.server.threadpool.client.cached = true (default)
2024-01-17 07:57:14,636 [497ccbea-d6cf-4731-95da-fa3df448bf79-groupManagement] INFO  server.RaftServerConfigKeys (ConfUtils.java:logGet(46)) - raft.server.threadpool.client.size = 0 (default)
2024-01-17 07:57:14,636 [497ccbea-d6cf-4731-95da-fa3df448bf79-groupManagement] INFO  server.RaftServerConfigKeys (ConfUtils.java:logGet(46)) - raft.server.storage.free-space.min = 0MB (=0) (default)
2024-01-17 07:57:14,637 [497ccbea-d6cf-4731-95da-fa3df448bf79-groupManagement] INFO  server.RaftServerConfigKeys (ConfUtils.java:logGet(46)) - raft.server.log.corruption.policy = EXCEPTION (default)
2024-01-17 07:57:14,637 [497ccbea-d6cf-4731-95da-fa3df448bf79-groupManagement] INFO  server.RaftServerConfigKeys (ConfUtils.java:logGet(46)) - raft.server.storage.dir = [/home/runner/work/ozone/ozone/hadoop-ozone/integration-test/target/test-dir/MiniOzoneClusterImpl-df80a8b8-78a2-47d1-a2cb-ee48e7cc81f7/datanode-8/data/ratis] (custom)
2024-01-17 07:57:14,637 [497ccbea-d6cf-4731-95da-fa3df448bf79-groupManagement] INFO  storage.RaftStorageDirectory (RaftStorageDirectoryImpl.java:analyzeStorage(138)) - The storage directory /home/runner/work/ozone/ozone/hadoop-ozone/integration-test/target/test-dir/MiniOzoneClusterImpl-df80a8b8-78a2-47d1-a2cb-ee48e7cc81f7/datanode-8/data/ratis/7bf5b471-0bd1-4859-9a6c-b3d596291f39 does not exist. Creating ...
2024-01-17 07:57:14,638 [497ccbea-d6cf-4731-95da-fa3df448bf79-groupManagement] INFO  storage.RaftStorageDirectory (RaftStorageDirectoryImpl.java:tryLock(228)) - Lock on /home/runner/work/ozone/ozone/hadoop-ozone/integration-test/target/test-dir/MiniOzoneClusterImpl-df80a8b8-78a2-47d1-a2cb-ee48e7cc81f7/datanode-8/data/ratis/7bf5b471-0bd1-4859-9a6c-b3d596291f39/in_use.lock acquired by nodename 24650@fv-az1531-837
2024-01-17 07:57:14,638 [bdef3149-2cc3-439b-89a6-09b93146a606-groupManagement] INFO  server.RaftServerConfigKeys (ConfUtils.java:logGet(46)) - raft.server.log.segment.size.max = 67108864 (custom)
2024-01-17 07:57:14,638 [8e247bdf-a19d-4cdc-89de-9f1c8249c15f-groupManagement] INFO  storage.RaftStorageDirectory (RaftStorageDirectoryImpl.java:tryLock(228)) - Lock on /home/runner/work/ozone/ozone/hadoop-ozone/integration-test/target/test-dir/MiniOzoneClusterImpl-df80a8b8-78a2-47d1-a2cb-ee48e7cc81f7/datanode-10/data/ratis/e2076a16-a9f8-45ca-b73a-dc3439cae577/in_use.lock acquired by nodename 24650@fv-az1531-837
2024-01-17 07:57:14,640 [497ccbea-d6cf-4731-95da-fa3df448bf79-groupManagement] INFO  storage.RaftStorage (RaftStorageImpl.java:format(99)) - Storage directory /home/runner/work/ozone/ozone/hadoop-ozone/integration-test/target/test-dir/MiniOzoneClusterImpl-df80a8b8-78a2-47d1-a2cb-ee48e7cc81f7/datanode-8/data/ratis/7bf5b471-0bd1-4859-9a6c-b3d596291f39 has been successfully formatted.
2024-01-17 07:57:14,640 [bdef3149-2cc3-439b-89a6-09b93146a606-groupManagement] INFO  server.RaftServerConfigKeys (ConfUtils.java:logGet(46)) - raft.server.log.segment.cache.num.max = 2 (custom)
2024-01-17 07:57:14,640 [bdef3149-2cc3-439b-89a6-09b93146a606-groupManagement] INFO  server.RaftServerConfigKeys (ConfUtils.java:logGet(46)) - raft.server.log.segment.cache.size.max = 200MB (=209715200) (default)
2024-01-17 07:57:14,640 [bdef3149-2cc3-439b-89a6-09b93146a606-groupManagement] INFO  server.RaftServerConfigKeys (ConfUtils.java:logGet(46)) - raft.server.log.appender.buffer.byte-limit = 8388608 (custom)
2024-01-17 07:57:14,640 [8e247bdf-a19d-4cdc-89de-9f1c8249c15f-groupManagement] INFO  storage.RaftStorage (RaftStorageImpl.java:format(99)) - Storage directory /home/runner/work/ozone/ozone/hadoop-ozone/integration-test/target/test-dir/MiniOzoneClusterImpl-df80a8b8-78a2-47d1-a2cb-ee48e7cc81f7/datanode-10/data/ratis/e2076a16-a9f8-45ca-b73a-dc3439cae577 has been successfully formatted.
2024-01-17 07:57:14,641 [8e247bdf-a19d-4cdc-89de-9f1c8249c15f-groupManagement] WARN  util.FileUtils (LogUtils.java:supplyAndLog(63)) - Failed to Files.newInputStream /home/runner/work/ozone/ozone/hadoop-ozone/integration-test/target/test-dir/MiniOzoneClusterImpl-df80a8b8-78a2-47d1-a2cb-ee48e7cc81f7/datanode-10/data/ratis/e2076a16-a9f8-45ca-b73a-dc3439cae577/current/raft-meta.conf with options []: java.nio.file.NoSuchFileException: /home/runner/work/ozone/ozone/hadoop-ozone/integration-test/target/test-dir/MiniOzoneClusterImpl-df80a8b8-78a2-47d1-a2cb-ee48e7cc81f7/datanode-10/data/ratis/e2076a16-a9f8-45ca-b73a-dc3439cae577/current/raft-meta.conf
2024-01-17 07:57:14,640 [497ccbea-d6cf-4731-95da-fa3df448bf79-groupManagement] WARN  util.FileUtils (LogUtils.java:supplyAndLog(63)) - Failed to Files.newInputStream /home/runner/work/ozone/ozone/hadoop-ozone/integration-test/target/test-dir/MiniOzoneClusterImpl-df80a8b8-78a2-47d1-a2cb-ee48e7cc81f7/datanode-8/data/ratis/7bf5b471-0bd1-4859-9a6c-b3d596291f39/current/raft-meta.conf with options []: java.nio.file.NoSuchFileException: /home/runner/work/ozone/ozone/hadoop-ozone/integration-test/target/test-dir/MiniOzoneClusterImpl-df80a8b8-78a2-47d1-a2cb-ee48e7cc81f7/datanode-8/data/ratis/7bf5b471-0bd1-4859-9a6c-b3d596291f39/current/raft-meta.conf
2024-01-17 07:57:14,642 [eb5c9b0d-19e6-4136-9089-8a3b0879ad33-groupManagement] INFO  server.RaftServerConfigKeys (ConfUtils.java:logGet(46)) - raft.server.log.segment.size.max = 67108864 (custom)
2024-01-17 07:57:14,642 [eb5c9b0d-19e6-4136-9089-8a3b0879ad33-groupManagement] INFO  server.RaftServerConfigKeys (ConfUtils.java:logGet(46)) - raft.server.log.segment.cache.num.max = 2 (custom)
2024-01-17 07:57:14,643 [eb5c9b0d-19e6-4136-9089-8a3b0879ad33-groupManagement] INFO  server.RaftServerConfigKeys (ConfUtils.java:logGet(46)) - raft.server.log.segment.cache.size.max = 200MB (=209715200) (default)
2024-01-17 07:57:14,643 [eb5c9b0d-19e6-4136-9089-8a3b0879ad33-groupManagement] INFO  server.RaftServerConfigKeys (ConfUtils.java:logGet(46)) - raft.server.log.appender.buffer.byte-limit = 8388608 (custom)
2024-01-17 07:57:14,643 [bdef3149-2cc3-439b-89a6-09b93146a606-groupManagement] INFO  util.AwaitToRun (AwaitToRun.java:start(81)) - Thread[bdef3149-2cc3-439b-89a6-09b93146a606@group-B3D596291F39-cacheEviction-AwaitToRun,5,main] started
2024-01-17 07:57:14,643 [bdef3149-2cc3-439b-89a6-09b93146a606-groupManagement] INFO  segmented.SegmentedRaftLogWorker (SegmentedRaftLogWorker.java:<init>(182)) - new bdef3149-2cc3-439b-89a6-09b93146a606@group-B3D596291F39-SegmentedRaftLogWorker for RaftStorageImpl:Storage Directory /home/runner/work/ozone/ozone/hadoop-ozone/integration-test/target/test-dir/MiniOzoneClusterImpl-df80a8b8-78a2-47d1-a2cb-ee48e7cc81f7/datanode-7/data/ratis/7bf5b471-0bd1-4859-9a6c-b3d596291f39
2024-01-17 07:57:14,643 [bdef3149-2cc3-439b-89a6-09b93146a606-groupManagement] INFO  server.RaftServerConfigKeys (ConfUtils.java:logGet(46)) - raft.server.log.queue.byte-limit = 4294967296 (custom)
2024-01-17 07:57:14,644 [bdef3149-2cc3-439b-89a6-09b93146a606-groupManagement] INFO  server.RaftServerConfigKeys (ConfUtils.java:logGet(46)) - raft.server.log.queue.element-limit = 1024 (custom)
2024-01-17 07:57:14,644 [bdef3149-2cc3-439b-89a6-09b93146a606-groupManagement] INFO  server.RaftServerConfigKeys (ConfUtils.java:logGet(46)) - raft.server.log.segment.size.max = 67108864 (custom)
2024-01-17 07:57:14,644 [bdef3149-2cc3-439b-89a6-09b93146a606-groupManagement] INFO  server.RaftServerConfigKeys (ConfUtils.java:logGet(46)) - raft.server.log.preallocated.size = 4194304 (custom)
2024-01-17 07:57:14,644 [bdef3149-2cc3-439b-89a6-09b93146a606-groupManagement] INFO  server.RaftServerConfigKeys (ConfUtils.java:logGet(46)) - raft.server.log.force.sync.num = 128 (default)
2024-01-17 07:57:14,644 [bdef3149-2cc3-439b-89a6-09b93146a606-groupManagement] INFO  server.RaftServerConfigKeys (ConfUtils.java:logGet(46)) - raft.server.log.statemachine.data.sync = true (default)
2024-01-17 07:57:14,644 [bdef3149-2cc3-439b-89a6-09b93146a606-groupManagement] INFO  server.RaftServerConfigKeys (ConfUtils.java:logGet(46)) - raft.server.log.statemachine.data.sync.timeout = 10s (default)
2024-01-17 07:57:14,644 [bdef3149-2cc3-439b-89a6-09b93146a606-groupManagement] INFO  server.RaftServerConfigKeys (ConfUtils.java:logGet(46)) - raft.server.log.statemachine.data.sync.timeout.retry = 0 (custom)
2024-01-17 07:57:14,644 [bdef3149-2cc3-439b-89a6-09b93146a606-groupManagement] INFO  server.RaftServerConfigKeys (ConfUtils.java:logGet(46)) - raft.server.log.write.buffer.size = 8388616 (custom)
2024-01-17 07:57:14,647 [bdef3149-2cc3-439b-89a6-09b93146a606-groupManagement] INFO  server.RaftServerConfigKeys (ConfUtils.java:logGet(46)) - raft.server.log.appender.buffer.byte-limit = 8388608 (custom)
2024-01-17 07:57:14,647 [bdef3149-2cc3-439b-89a6-09b93146a606-groupManagement] INFO  server.RaftServerConfigKeys (ConfUtils.java:logGet(46)) - raft.server.log.unsafe-flush.enabled = false (default)
2024-01-17 07:57:14,647 [bdef3149-2cc3-439b-89a6-09b93146a606-groupManagement] INFO  server.RaftServerConfigKeys (ConfUtils.java:logGet(46)) - raft.server.log.async-flush.enabled = false (default)
2024-01-17 07:57:14,647 [bdef3149-2cc3-439b-89a6-09b93146a606-groupManagement] INFO  server.RaftServerConfigKeys (ConfUtils.java:logGet(46)) - raft.server.log.statemachine.data.caching.enabled = true (custom)
2024-01-17 07:57:14,647 [bdef3149-2cc3-439b-89a6-09b93146a606-groupManagement] INFO  segmented.SegmentedRaftLogWorker (SegmentedRaftLogWorker.java:lambda$new$0(134)) - bdef3149-2cc3-439b-89a6-09b93146a606@group-B3D596291F39-SegmentedRaftLogWorker: flushIndex: setUnconditionally 0 -> -1
2024-01-17 07:57:14,647 [bdef3149-2cc3-439b-89a6-09b93146a606-groupManagement] INFO  segmented.SegmentedRaftLogWorker (SegmentedRaftLogWorker.java:lambda$new$0(134)) - bdef3149-2cc3-439b-89a6-09b93146a606@group-B3D596291F39-SegmentedRaftLogWorker: safeCacheEvictIndex: setUnconditionally 0 -> -1
2024-01-17 07:57:14,648 [2f83d896-2cfa-4348-ab65-ff7be0e3606c-groupManagement] INFO  server.RaftServerConfigKeys (ConfUtils.java:logGet(46)) - raft.server.rpc.request.timeout = 60s (custom)
2024-01-17 07:57:14,648 [2f83d896-2cfa-4348-ab65-ff7be0e3606c-groupManagement] INFO  server.RaftServerConfigKeys (ConfUtils.java:logGet(46)) - raft.server.log.appender.install.snapshot.enabled = false (custom)
2024-01-17 07:57:14,648 [2f83d896-2cfa-4348-ab65-ff7be0e3606c-groupManagement] INFO  server.RaftServerConfigKeys (ConfUtils.java:logGet(46)) - raft.server.threadpool.server.cached = true (default)
2024-01-17 07:57:14,648 [2f83d896-2cfa-4348-ab65-ff7be0e3606c-groupManagement] INFO  server.RaftServerConfigKeys (ConfUtils.java:logGet(46)) - raft.server.threadpool.server.size = 0 (default)
2024-01-17 07:57:14,648 [2f83d896-2cfa-4348-ab65-ff7be0e3606c-groupManagement] INFO  server.RaftServerConfigKeys (ConfUtils.java:logGet(46)) - raft.server.threadpool.client.cached = true (default)
2024-01-17 07:57:14,648 [2f83d896-2cfa-4348-ab65-ff7be0e3606c-groupManagement] INFO  server.RaftServerConfigKeys (ConfUtils.java:logGet(46)) - raft.server.threadpool.client.size = 0 (default)
2024-01-17 07:57:14,648 [2f83d896-2cfa-4348-ab65-ff7be0e3606c-groupManagement] INFO  server.RaftServerConfigKeys (ConfUtils.java:logGet(46)) - raft.server.storage.free-space.min = 0MB (=0) (default)
2024-01-17 07:57:14,648 [2f83d896-2cfa-4348-ab65-ff7be0e3606c-groupManagement] INFO  server.RaftServerConfigKeys (ConfUtils.java:logGet(46)) - raft.server.log.corruption.policy = EXCEPTION (default)
2024-01-17 07:57:14,648 [2f83d896-2cfa-4348-ab65-ff7be0e3606c-groupManagement] INFO  server.RaftServerConfigKeys (ConfUtils.java:logGet(46)) - raft.server.storage.dir = [/home/runner/work/ozone/ozone/hadoop-ozone/integration-test/target/test-dir/MiniOzoneClusterImpl-df80a8b8-78a2-47d1-a2cb-ee48e7cc81f7/datanode-11/data/ratis] (custom)
2024-01-17 07:57:14,648 [2f83d896-2cfa-4348-ab65-ff7be0e3606c-groupManagement] INFO  storage.RaftStorageDirectory (RaftStorageDirectoryImpl.java:analyzeStorage(138)) - The storage directory /home/runner/work/ozone/ozone/hadoop-ozone/integration-test/target/test-dir/MiniOzoneClusterImpl-df80a8b8-78a2-47d1-a2cb-ee48e7cc81f7/datanode-11/data/ratis/e2076a16-a9f8-45ca-b73a-dc3439cae577 does not exist. Creating ...
2024-01-17 07:57:14,649 [2f83d896-2cfa-4348-ab65-ff7be0e3606c-groupManagement] INFO  storage.RaftStorageDirectory (RaftStorageDirectoryImpl.java:tryLock(228)) - Lock on /home/runner/work/ozone/ozone/hadoop-ozone/integration-test/target/test-dir/MiniOzoneClusterImpl-df80a8b8-78a2-47d1-a2cb-ee48e7cc81f7/datanode-11/data/ratis/e2076a16-a9f8-45ca-b73a-dc3439cae577/in_use.lock acquired by nodename 24650@fv-az1531-837
2024-01-17 07:57:14,651 [2f83d896-2cfa-4348-ab65-ff7be0e3606c-groupManagement] INFO  storage.RaftStorage (RaftStorageImpl.java:format(99)) - Storage directory /home/runner/work/ozone/ozone/hadoop-ozone/integration-test/target/test-dir/MiniOzoneClusterImpl-df80a8b8-78a2-47d1-a2cb-ee48e7cc81f7/datanode-11/data/ratis/e2076a16-a9f8-45ca-b73a-dc3439cae577 has been successfully formatted.
2024-01-17 07:57:14,651 [2f83d896-2cfa-4348-ab65-ff7be0e3606c-groupManagement] WARN  util.FileUtils (LogUtils.java:supplyAndLog(63)) - Failed to Files.newInputStream /home/runner/work/ozone/ozone/hadoop-ozone/integration-test/target/test-dir/MiniOzoneClusterImpl-df80a8b8-78a2-47d1-a2cb-ee48e7cc81f7/datanode-11/data/ratis/e2076a16-a9f8-45ca-b73a-dc3439cae577/current/raft-meta.conf with options []: java.nio.file.NoSuchFileException: /home/runner/work/ozone/ozone/hadoop-ozone/integration-test/target/test-dir/MiniOzoneClusterImpl-df80a8b8-78a2-47d1-a2cb-ee48e7cc81f7/datanode-11/data/ratis/e2076a16-a9f8-45ca-b73a-dc3439cae577/current/raft-meta.conf
2024-01-17 07:57:14,653 [bdef3149-2cc3-439b-89a6-09b93146a606-groupManagement] INFO  server.RaftServer$Division (RaftServerImpl.java:start(396)) - bdef3149-2cc3-439b-89a6-09b93146a606@group-B3D596291F39: start as a follower, conf=-1: peers:[eb5c9b0d-19e6-4136-9089-8a3b0879ad33|10.1.0.6:15068, 497ccbea-d6cf-4731-95da-fa3df448bf79|10.1.0.6:15086, bdef3149-2cc3-439b-89a6-09b93146a606|10.1.0.6:15077]|listeners:[], old=null
2024-01-17 07:57:14,653 [bdef3149-2cc3-439b-89a6-09b93146a606-groupManagement] INFO  server.RaftServer$Division (RaftServerImpl.java:setRole(383)) - bdef3149-2cc3-439b-89a6-09b93146a606@group-B3D596291F39: changes role from      null to FOLLOWER at term 0 for startAsFollower
2024-01-17 07:57:14,653 [bdef3149-2cc3-439b-89a6-09b93146a606-groupManagement] INFO  impl.RoleInfo (RoleInfo.java:updateAndGet(139)) - bdef3149-2cc3-439b-89a6-09b93146a606: start bdef3149-2cc3-439b-89a6-09b93146a606@group-B3D596291F39-FollowerState
2024-01-17 07:57:14,655 [eb5c9b0d-19e6-4136-9089-8a3b0879ad33-groupManagement] INFO  util.AwaitToRun (AwaitToRun.java:start(81)) - Thread[eb5c9b0d-19e6-4136-9089-8a3b0879ad33@group-B3D596291F39-cacheEviction-AwaitToRun,5,main] started
2024-01-17 07:57:14,655 [eb5c9b0d-19e6-4136-9089-8a3b0879ad33-groupManagement] INFO  segmented.SegmentedRaftLogWorker (SegmentedRaftLogWorker.java:<init>(182)) - new eb5c9b0d-19e6-4136-9089-8a3b0879ad33@group-B3D596291F39-SegmentedRaftLogWorker for RaftStorageImpl:Storage Directory /home/runner/work/ozone/ozone/hadoop-ozone/integration-test/target/test-dir/MiniOzoneClusterImpl-df80a8b8-78a2-47d1-a2cb-ee48e7cc81f7/datanode-6/data/ratis/7bf5b471-0bd1-4859-9a6c-b3d596291f39
2024-01-17 07:57:14,655 [bdef3149-2cc3-439b-89a6-09b93146a606-groupManagement] INFO  util.JmxRegister (JmxRegister.java:tryRegister(44)) - Successfully registered JMX Bean with object name Ratis:service=RaftServer,group=group-B3D596291F39,id=bdef3149-2cc3-439b-89a6-09b93146a606
2024-01-17 07:57:14,655 [bdef3149-2cc3-439b-89a6-09b93146a606-groupManagement] INFO  server.RaftServerConfigKeys (ConfUtils.java:logGet(46)) - raft.server.snapshot.trigger-when-stop.enabled = true (default)
2024-01-17 07:57:14,655 [bdef3149-2cc3-439b-89a6-09b93146a606-groupManagement] INFO  server.RaftServerConfigKeys (ConfUtils.java:logGet(46)) - raft.server.snapshot.auto.trigger.enabled = true (custom)
2024-01-17 07:57:14,655 [bdef3149-2cc3-439b-89a6-09b93146a606-groupManagement] INFO  server.RaftServerConfigKeys (ConfUtils.java:logGet(46)) - raft.server.snapshot.auto.trigger.threshold = 10000 (custom)
2024-01-17 07:57:14,656 [bdef3149-2cc3-439b-89a6-09b93146a606-groupManagement] INFO  server.RaftServerConfigKeys (ConfUtils.java:logGet(46)) - raft.server.snapshot.retention.file.num = 5 (custom)
2024-01-17 07:57:14,656 [bdef3149-2cc3-439b-89a6-09b93146a606-groupManagement] INFO  server.RaftServerConfigKeys (ConfUtils.java:logGet(46)) - raft.server.log.purge.upto.snapshot.index = false (default)
2024-01-17 07:57:14,655 [eb5c9b0d-19e6-4136-9089-8a3b0879ad33-groupManagement] INFO  server.RaftServerConfigKeys (ConfUtils.java:logGet(46)) - raft.server.log.queue.byte-limit = 4294967296 (custom)
2024-01-17 07:57:14,662 [eb5c9b0d-19e6-4136-9089-8a3b0879ad33-groupManagement] INFO  server.RaftServerConfigKeys (ConfUtils.java:logGet(46)) - raft.server.log.queue.element-limit = 1024 (custom)
2024-01-17 07:57:14,662 [eb5c9b0d-19e6-4136-9089-8a3b0879ad33-groupManagement] INFO  server.RaftServerConfigKeys (ConfUtils.java:logGet(46)) - raft.server.log.segment.size.max = 67108864 (custom)
2024-01-17 07:57:14,662 [eb5c9b0d-19e6-4136-9089-8a3b0879ad33-groupManagement] INFO  server.RaftServerConfigKeys (ConfUtils.java:logGet(46)) - raft.server.log.preallocated.size = 4194304 (custom)
2024-01-17 07:57:14,662 [eb5c9b0d-19e6-4136-9089-8a3b0879ad33-groupManagement] INFO  server.RaftServerConfigKeys (ConfUtils.java:logGet(46)) - raft.server.log.force.sync.num = 128 (default)
2024-01-17 07:57:14,662 [eb5c9b0d-19e6-4136-9089-8a3b0879ad33-groupManagement] INFO  server.RaftServerConfigKeys (ConfUtils.java:logGet(46)) - raft.server.log.statemachine.data.sync = true (default)
2024-01-17 07:57:14,662 [eb5c9b0d-19e6-4136-9089-8a3b0879ad33-groupManagement] INFO  server.RaftServerConfigKeys (ConfUtils.java:logGet(46)) - raft.server.log.statemachine.data.sync.timeout = 10s (default)
2024-01-17 07:57:14,663 [eb5c9b0d-19e6-4136-9089-8a3b0879ad33-groupManagement] INFO  server.RaftServerConfigKeys (ConfUtils.java:logGet(46)) - raft.server.log.statemachine.data.sync.timeout.retry = 0 (custom)
2024-01-17 07:57:14,662 [bdef3149-2cc3-439b-89a6-09b93146a606-PipelineCommandHandlerThread-0] INFO  ratis.XceiverServerRatis (XceiverServerRatis.java:addGroup(842)) - Created group PipelineID=7bf5b471-0bd1-4859-9a6c-b3d596291f39
2024-01-17 07:57:14,660 [2f83d896-2cfa-4348-ab65-ff7be0e3606c-groupManagement] INFO  ratis.ContainerStateMachine (ContainerStateMachine.java:loadSnapshot(287)) - group-DC3439CAE577: The snapshot info is null. Setting the last applied index to:(t:0, i:~)
2024-01-17 07:57:14,660 [8e247bdf-a19d-4cdc-89de-9f1c8249c15f-groupManagement] INFO  ratis.ContainerStateMachine (ContainerStateMachine.java:loadSnapshot(287)) - group-DC3439CAE577: The snapshot info is null. Setting the last applied index to:(t:0, i:~)
2024-01-17 07:57:14,667 [8e247bdf-a19d-4cdc-89de-9f1c8249c15f-groupManagement] INFO  server.RaftServerConfigKeys (ConfUtils.java:logGet(46)) - raft.server.log.use.memory = false (default)
2024-01-17 07:57:14,667 [eb5c9b0d-19e6-4136-9089-8a3b0879ad33-groupManagement] INFO  server.RaftServerConfigKeys (ConfUtils.java:logGet(46)) - raft.server.log.write.buffer.size = 8388616 (custom)
2024-01-17 07:57:14,660 [497ccbea-d6cf-4731-95da-fa3df448bf79-groupManagement] INFO  ratis.ContainerStateMachine (ContainerStateMachine.java:loadSnapshot(287)) - group-B3D596291F39: The snapshot info is null. Setting the last applied index to:(t:0, i:~)
2024-01-17 07:57:14,667 [497ccbea-d6cf-4731-95da-fa3df448bf79-groupManagement] INFO  server.RaftServerConfigKeys (ConfUtils.java:logGet(46)) - raft.server.log.use.memory = false (default)
2024-01-17 07:57:14,662 [bdef3149-2cc3-439b-89a6-09b93146a606@group-B3D596291F39-FollowerState] INFO  server.RaftServerConfigKeys (ConfUtils.java:logFallback(53)) - raft.server.rpc.first-election.timeout.min = 5s (fallback to raft.server.rpc.timeout.min)
2024-01-17 07:57:14,668 [bdef3149-2cc3-439b-89a6-09b93146a606@group-B3D596291F39-FollowerState] INFO  server.RaftServerConfigKeys (ConfUtils.java:logFallback(53)) - raft.server.rpc.first-election.timeout.max = 5200ms (fallback to raft.server.rpc.timeout.max)
2024-01-17 07:57:14,668 [8e247bdf-a19d-4cdc-89de-9f1c8249c15f-groupManagement] INFO  server.RaftServerConfigKeys (ConfUtils.java:logGet(46)) - raft.server.log.purge.gap = 1000000 (custom)
2024-01-17 07:57:14,668 [8e247bdf-a19d-4cdc-89de-9f1c8249c15f-groupManagement] INFO  server.RaftServerConfigKeys (ConfUtils.java:logGet(46)) - raft.server.log.appender.buffer.byte-limit = 8388608 (custom)
2024-01-17 07:57:14,668 [8e247bdf-a19d-4cdc-89de-9f1c8249c15f-groupManagement] INFO  server.RaftServerConfigKeys (ConfUtils.java:logGet(46)) - raft.server.log.statemachine.data.read.timeout = 1000ms (default)
2024-01-17 07:57:14,668 [8e247bdf-a19d-4cdc-89de-9f1c8249c15f-groupManagement] INFO  server.RaftServerConfigKeys (ConfUtils.java:logGet(46)) - raft.server.log.purge.preservation.log.num = 0 (default)
2024-01-17 07:57:14,668 [2f83d896-2cfa-4348-ab65-ff7be0e3606c-groupManagement] INFO  server.RaftServerConfigKeys (ConfUtils.java:logGet(46)) - raft.server.log.use.memory = false (default)
2024-01-17 07:57:14,669 [2f83d896-2cfa-4348-ab65-ff7be0e3606c-groupManagement] INFO  server.RaftServerConfigKeys (ConfUtils.java:logGet(46)) - raft.server.log.purge.gap = 1000000 (custom)
2024-01-17 07:57:14,669 [2f83d896-2cfa-4348-ab65-ff7be0e3606c-groupManagement] INFO  server.RaftServerConfigKeys (ConfUtils.java:logGet(46)) - raft.server.log.appender.buffer.byte-limit = 8388608 (custom)
2024-01-17 07:57:14,669 [2f83d896-2cfa-4348-ab65-ff7be0e3606c-groupManagement] INFO  server.RaftServerConfigKeys (ConfUtils.java:logGet(46)) - raft.server.log.statemachine.data.read.timeout = 1000ms (default)
2024-01-17 07:57:14,669 [2f83d896-2cfa-4348-ab65-ff7be0e3606c-groupManagement] INFO  server.RaftServerConfigKeys (ConfUtils.java:logGet(46)) - raft.server.log.purge.preservation.log.num = 0 (default)
2024-01-17 07:57:14,670 [497ccbea-d6cf-4731-95da-fa3df448bf79-groupManagement] INFO  server.RaftServerConfigKeys (ConfUtils.java:logGet(46)) - raft.server.log.purge.gap = 1000000 (custom)
2024-01-17 07:57:14,670 [497ccbea-d6cf-4731-95da-fa3df448bf79-groupManagement] INFO  server.RaftServerConfigKeys (ConfUtils.java:logGet(46)) - raft.server.log.appender.buffer.byte-limit = 8388608 (custom)
2024-01-17 07:57:14,670 [497ccbea-d6cf-4731-95da-fa3df448bf79-groupManagement] INFO  server.RaftServerConfigKeys (ConfUtils.java:logGet(46)) - raft.server.log.statemachine.data.read.timeout = 1000ms (default)
2024-01-17 07:57:14,670 [497ccbea-d6cf-4731-95da-fa3df448bf79-groupManagement] INFO  server.RaftServerConfigKeys (ConfUtils.java:logGet(46)) - raft.server.log.purge.preservation.log.num = 0 (default)
2024-01-17 07:57:14,675 [eb5c9b0d-19e6-4136-9089-8a3b0879ad33-groupManagement] INFO  server.RaftServerConfigKeys (ConfUtils.java:logGet(46)) - raft.server.log.appender.buffer.byte-limit = 8388608 (custom)
2024-01-17 07:57:14,675 [eb5c9b0d-19e6-4136-9089-8a3b0879ad33-groupManagement] INFO  server.RaftServerConfigKeys (ConfUtils.java:logGet(46)) - raft.server.log.unsafe-flush.enabled = false (default)
2024-01-17 07:57:14,675 [eb5c9b0d-19e6-4136-9089-8a3b0879ad33-groupManagement] INFO  server.RaftServerConfigKeys (ConfUtils.java:logGet(46)) - raft.server.log.async-flush.enabled = false (default)
2024-01-17 07:57:14,675 [eb5c9b0d-19e6-4136-9089-8a3b0879ad33-groupManagement] INFO  server.RaftServerConfigKeys (ConfUtils.java:logGet(46)) - raft.server.log.statemachine.data.caching.enabled = true (custom)
2024-01-17 07:57:14,675 [eb5c9b0d-19e6-4136-9089-8a3b0879ad33-groupManagement] INFO  segmented.SegmentedRaftLogWorker (SegmentedRaftLogWorker.java:lambda$new$0(134)) - eb5c9b0d-19e6-4136-9089-8a3b0879ad33@group-B3D596291F39-SegmentedRaftLogWorker: flushIndex: setUnconditionally 0 -> -1
2024-01-17 07:57:14,676 [eb5c9b0d-19e6-4136-9089-8a3b0879ad33-groupManagement] INFO  segmented.SegmentedRaftLogWorker (SegmentedRaftLogWorker.java:lambda$new$0(134)) - eb5c9b0d-19e6-4136-9089-8a3b0879ad33@group-B3D596291F39-SegmentedRaftLogWorker: safeCacheEvictIndex: setUnconditionally 0 -> -1
2024-01-17 07:57:14,679 [eb5c9b0d-19e6-4136-9089-8a3b0879ad33-groupManagement] INFO  server.RaftServer$Division (RaftServerImpl.java:start(396)) - eb5c9b0d-19e6-4136-9089-8a3b0879ad33@group-B3D596291F39: start as a follower, conf=-1: peers:[eb5c9b0d-19e6-4136-9089-8a3b0879ad33|10.1.0.6:15068, 497ccbea-d6cf-4731-95da-fa3df448bf79|10.1.0.6:15086, bdef3149-2cc3-439b-89a6-09b93146a606|10.1.0.6:15077]|listeners:[], old=null
2024-01-17 07:57:14,679 [eb5c9b0d-19e6-4136-9089-8a3b0879ad33-groupManagement] INFO  server.RaftServer$Division (RaftServerImpl.java:setRole(383)) - eb5c9b0d-19e6-4136-9089-8a3b0879ad33@group-B3D596291F39: changes role from      null to FOLLOWER at term 0 for startAsFollower
2024-01-17 07:57:14,679 [8e247bdf-a19d-4cdc-89de-9f1c8249c15f-groupManagement] INFO  server.RaftServerConfigKeys (ConfUtils.java:logGet(46)) - raft.server.log.segment.size.max = 67108864 (custom)
2024-01-17 07:57:14,679 [eb5c9b0d-19e6-4136-9089-8a3b0879ad33-groupManagement] INFO  impl.RoleInfo (RoleInfo.java:updateAndGet(139)) - eb5c9b0d-19e6-4136-9089-8a3b0879ad33: start eb5c9b0d-19e6-4136-9089-8a3b0879ad33@group-B3D596291F39-FollowerState
2024-01-17 07:57:14,682 [eb5c9b0d-19e6-4136-9089-8a3b0879ad33-groupManagement] INFO  util.JmxRegister (JmxRegister.java:tryRegister(44)) - Successfully registered JMX Bean with object name Ratis:service=RaftServer,group=group-B3D596291F39,id=eb5c9b0d-19e6-4136-9089-8a3b0879ad33
2024-01-17 07:57:14,682 [eb5c9b0d-19e6-4136-9089-8a3b0879ad33-groupManagement] INFO  server.RaftServerConfigKeys (ConfUtils.java:logGet(46)) - raft.server.snapshot.trigger-when-stop.enabled = true (default)
2024-01-17 07:57:14,682 [eb5c9b0d-19e6-4136-9089-8a3b0879ad33-groupManagement] INFO  server.RaftServerConfigKeys (ConfUtils.java:logGet(46)) - raft.server.snapshot.auto.trigger.enabled = true (custom)
2024-01-17 07:57:14,682 [eb5c9b0d-19e6-4136-9089-8a3b0879ad33-groupManagement] INFO  server.RaftServerConfigKeys (ConfUtils.java:logGet(46)) - raft.server.snapshot.auto.trigger.threshold = 10000 (custom)
2024-01-17 07:57:14,682 [eb5c9b0d-19e6-4136-9089-8a3b0879ad33-groupManagement] INFO  server.RaftServerConfigKeys (ConfUtils.java:logGet(46)) - raft.server.snapshot.retention.file.num = 5 (custom)
2024-01-17 07:57:14,682 [eb5c9b0d-19e6-4136-9089-8a3b0879ad33-groupManagement] INFO  server.RaftServerConfigKeys (ConfUtils.java:logGet(46)) - raft.server.log.purge.upto.snapshot.index = false (default)
2024-01-17 07:57:14,684 [eb5c9b0d-19e6-4136-9089-8a3b0879ad33@group-B3D596291F39-FollowerState] INFO  server.RaftServerConfigKeys (ConfUtils.java:logFallback(53)) - raft.server.rpc.first-election.timeout.min = 5s (fallback to raft.server.rpc.timeout.min)
2024-01-17 07:57:14,684 [eb5c9b0d-19e6-4136-9089-8a3b0879ad33@group-B3D596291F39-FollowerState] INFO  server.RaftServerConfigKeys (ConfUtils.java:logFallback(53)) - raft.server.rpc.first-election.timeout.max = 5200ms (fallback to raft.server.rpc.timeout.max)
2024-01-17 07:57:14,687 [8e247bdf-a19d-4cdc-89de-9f1c8249c15f-groupManagement] INFO  server.RaftServerConfigKeys (ConfUtils.java:logGet(46)) - raft.server.log.segment.cache.num.max = 2 (custom)
2024-01-17 07:57:14,687 [8e247bdf-a19d-4cdc-89de-9f1c8249c15f-groupManagement] INFO  server.RaftServerConfigKeys (ConfUtils.java:logGet(46)) - raft.server.log.segment.cache.size.max = 200MB (=209715200) (default)
2024-01-17 07:57:14,687 [8e247bdf-a19d-4cdc-89de-9f1c8249c15f-groupManagement] INFO  server.RaftServerConfigKeys (ConfUtils.java:logGet(46)) - raft.server.log.appender.buffer.byte-limit = 8388608 (custom)
2024-01-17 07:57:14,692 [8e247bdf-a19d-4cdc-89de-9f1c8249c15f-groupManagement] INFO  util.AwaitToRun (AwaitToRun.java:start(81)) - Thread[8e247bdf-a19d-4cdc-89de-9f1c8249c15f@group-DC3439CAE577-cacheEviction-AwaitToRun,5,main] started
2024-01-17 07:57:14,692 [8e247bdf-a19d-4cdc-89de-9f1c8249c15f-groupManagement] INFO  segmented.SegmentedRaftLogWorker (SegmentedRaftLogWorker.java:<init>(182)) - new 8e247bdf-a19d-4cdc-89de-9f1c8249c15f@group-DC3439CAE577-SegmentedRaftLogWorker for RaftStorageImpl:Storage Directory /home/runner/work/ozone/ozone/hadoop-ozone/integration-test/target/test-dir/MiniOzoneClusterImpl-df80a8b8-78a2-47d1-a2cb-ee48e7cc81f7/datanode-10/data/ratis/e2076a16-a9f8-45ca-b73a-dc3439cae577
2024-01-17 07:57:14,692 [8e247bdf-a19d-4cdc-89de-9f1c8249c15f-groupManagement] INFO  server.RaftServerConfigKeys (ConfUtils.java:logGet(46)) - raft.server.log.queue.byte-limit = 4294967296 (custom)
2024-01-17 07:57:14,692 [8e247bdf-a19d-4cdc-89de-9f1c8249c15f-groupManagement] INFO  server.RaftServerConfigKeys (ConfUtils.java:logGet(46)) - raft.server.log.queue.element-limit = 1024 (custom)
2024-01-17 07:57:14,693 [8e247bdf-a19d-4cdc-89de-9f1c8249c15f-groupManagement] INFO  server.RaftServerConfigKeys (ConfUtils.java:logGet(46)) - raft.server.log.segment.size.max = 67108864 (custom)
2024-01-17 07:57:14,693 [8e247bdf-a19d-4cdc-89de-9f1c8249c15f-groupManagement] INFO  server.RaftServerConfigKeys (ConfUtils.java:logGet(46)) - raft.server.log.preallocated.size = 4194304 (custom)
2024-01-17 07:57:14,693 [8e247bdf-a19d-4cdc-89de-9f1c8249c15f-groupManagement] INFO  server.RaftServerConfigKeys (ConfUtils.java:logGet(46)) - raft.server.log.force.sync.num = 128 (default)
2024-01-17 07:57:14,693 [8e247bdf-a19d-4cdc-89de-9f1c8249c15f-groupManagement] INFO  server.RaftServerConfigKeys (ConfUtils.java:logGet(46)) - raft.server.log.statemachine.data.sync = true (default)
2024-01-17 07:57:14,693 [8e247bdf-a19d-4cdc-89de-9f1c8249c15f-groupManagement] INFO  server.RaftServerConfigKeys (ConfUtils.java:logGet(46)) - raft.server.log.statemachine.data.sync.timeout = 10s (default)
2024-01-17 07:57:14,693 [8e247bdf-a19d-4cdc-89de-9f1c8249c15f-groupManagement] INFO  server.RaftServerConfigKeys (ConfUtils.java:logGet(46)) - raft.server.log.statemachine.data.sync.timeout.retry = 0 (custom)
2024-01-17 07:57:14,696 [2f83d896-2cfa-4348-ab65-ff7be0e3606c-groupManagement] INFO  server.RaftServerConfigKeys (ConfUtils.java:logGet(46)) - raft.server.log.segment.size.max = 67108864 (custom)
2024-01-17 07:57:14,697 [497ccbea-d6cf-4731-95da-fa3df448bf79-groupManagement] INFO  server.RaftServerConfigKeys (ConfUtils.java:logGet(46)) - raft.server.log.segment.size.max = 67108864 (custom)
2024-01-17 07:57:14,697 [8e247bdf-a19d-4cdc-89de-9f1c8249c15f-groupManagement] INFO  server.RaftServerConfigKeys (ConfUtils.java:logGet(46)) - raft.server.log.write.buffer.size = 8388616 (custom)
2024-01-17 07:57:14,700 [8e247bdf-a19d-4cdc-89de-9f1c8249c15f-groupManagement] INFO  server.RaftServerConfigKeys (ConfUtils.java:logGet(46)) - raft.server.log.appender.buffer.byte-limit = 8388608 (custom)
2024-01-17 07:57:14,700 [8e247bdf-a19d-4cdc-89de-9f1c8249c15f-groupManagement] INFO  server.RaftServerConfigKeys (ConfUtils.java:logGet(46)) - raft.server.log.unsafe-flush.enabled = false (default)
2024-01-17 07:57:14,700 [8e247bdf-a19d-4cdc-89de-9f1c8249c15f-groupManagement] INFO  server.RaftServerConfigKeys (ConfUtils.java:logGet(46)) - raft.server.log.async-flush.enabled = false (default)
2024-01-17 07:57:14,700 [8e247bdf-a19d-4cdc-89de-9f1c8249c15f-groupManagement] INFO  server.RaftServerConfigKeys (ConfUtils.java:logGet(46)) - raft.server.log.statemachine.data.caching.enabled = true (custom)
2024-01-17 07:57:14,700 [8e247bdf-a19d-4cdc-89de-9f1c8249c15f-groupManagement] INFO  segmented.SegmentedRaftLogWorker (SegmentedRaftLogWorker.java:lambda$new$0(134)) - 8e247bdf-a19d-4cdc-89de-9f1c8249c15f@group-DC3439CAE577-SegmentedRaftLogWorker: flushIndex: setUnconditionally 0 -> -1
2024-01-17 07:57:14,700 [8e247bdf-a19d-4cdc-89de-9f1c8249c15f-groupManagement] INFO  segmented.SegmentedRaftLogWorker (SegmentedRaftLogWorker.java:lambda$new$0(134)) - 8e247bdf-a19d-4cdc-89de-9f1c8249c15f@group-DC3439CAE577-SegmentedRaftLogWorker: safeCacheEvictIndex: setUnconditionally 0 -> -1
2024-01-17 07:57:14,700 [eb5c9b0d-19e6-4136-9089-8a3b0879ad33-PipelineCommandHandlerThread-0] INFO  ratis.XceiverServerRatis (XceiverServerRatis.java:addGroup(842)) - Created group PipelineID=7bf5b471-0bd1-4859-9a6c-b3d596291f39
2024-01-17 07:57:14,702 [2f83d896-2cfa-4348-ab65-ff7be0e3606c-groupManagement] INFO  server.RaftServerConfigKeys (ConfUtils.java:logGet(46)) - raft.server.log.segment.cache.num.max = 2 (custom)
2024-01-17 07:57:14,702 [2f83d896-2cfa-4348-ab65-ff7be0e3606c-groupManagement] INFO  server.RaftServerConfigKeys (ConfUtils.java:logGet(46)) - raft.server.log.segment.cache.size.max = 200MB (=209715200) (default)
2024-01-17 07:57:14,702 [2f83d896-2cfa-4348-ab65-ff7be0e3606c-groupManagement] INFO  server.RaftServerConfigKeys (ConfUtils.java:logGet(46)) - raft.server.log.appender.buffer.byte-limit = 8388608 (custom)
2024-01-17 07:57:14,703 [497ccbea-d6cf-4731-95da-fa3df448bf79-groupManagement] INFO  server.RaftServerConfigKeys (ConfUtils.java:logGet(46)) - raft.server.log.segment.cache.num.max = 2 (custom)
2024-01-17 07:57:14,703 [497ccbea-d6cf-4731-95da-fa3df448bf79-groupManagement] INFO  server.RaftServerConfigKeys (ConfUtils.java:logGet(46)) - raft.server.log.segment.cache.size.max = 200MB (=209715200) (default)
2024-01-17 07:57:14,703 [497ccbea-d6cf-4731-95da-fa3df448bf79-groupManagement] INFO  server.RaftServerConfigKeys (ConfUtils.java:logGet(46)) - raft.server.log.appender.buffer.byte-limit = 8388608 (custom)
2024-01-17 07:57:14,703 [8e247bdf-a19d-4cdc-89de-9f1c8249c15f-groupManagement] INFO  server.RaftServer$Division (RaftServerImpl.java:start(396)) - 8e247bdf-a19d-4cdc-89de-9f1c8249c15f@group-DC3439CAE577: start as a follower, conf=-1: peers:[2f83d896-2cfa-4348-ab65-ff7be0e3606c|10.1.0.6:15113, 6291adf5-9e71-4549-84cb-13318527388a|10.1.0.6:15095, 8e247bdf-a19d-4cdc-89de-9f1c8249c15f|10.1.0.6:15104]|listeners:[], old=null
2024-01-17 07:57:14,704 [8e247bdf-a19d-4cdc-89de-9f1c8249c15f-groupManagement] INFO  server.RaftServer$Division (RaftServerImpl.java:setRole(383)) - 8e247bdf-a19d-4cdc-89de-9f1c8249c15f@group-DC3439CAE577: changes role from      null to FOLLOWER at term 0 for startAsFollower
2024-01-17 07:57:14,705 [497ccbea-d6cf-4731-95da-fa3df448bf79-groupManagement] INFO  util.AwaitToRun (AwaitToRun.java:start(81)) - Thread[497ccbea-d6cf-4731-95da-fa3df448bf79@group-B3D596291F39-cacheEviction-AwaitToRun,5,main] started
2024-01-17 07:57:14,705 [497ccbea-d6cf-4731-95da-fa3df448bf79-groupManagement] INFO  segmented.SegmentedRaftLogWorker (SegmentedRaftLogWorker.java:<init>(182)) - new 497ccbea-d6cf-4731-95da-fa3df448bf79@group-B3D596291F39-SegmentedRaftLogWorker for RaftStorageImpl:Storage Directory /home/runner/work/ozone/ozone/hadoop-ozone/integration-test/target/test-dir/MiniOzoneClusterImpl-df80a8b8-78a2-47d1-a2cb-ee48e7cc81f7/datanode-8/data/ratis/7bf5b471-0bd1-4859-9a6c-b3d596291f39
2024-01-17 07:57:14,705 [497ccbea-d6cf-4731-95da-fa3df448bf79-groupManagement] INFO  server.RaftServerConfigKeys (ConfUtils.java:logGet(46)) - raft.server.log.queue.byte-limit = 4294967296 (custom)
2024-01-17 07:57:14,705 [497ccbea-d6cf-4731-95da-fa3df448bf79-groupManagement] INFO  server.RaftServerConfigKeys (ConfUtils.java:logGet(46)) - raft.server.log.queue.element-limit = 1024 (custom)
2024-01-17 07:57:14,705 [497ccbea-d6cf-4731-95da-fa3df448bf79-groupManagement] INFO  server.RaftServerConfigKeys (ConfUtils.java:logGet(46)) - raft.server.log.segment.size.max = 67108864 (custom)
2024-01-17 07:57:14,705 [497ccbea-d6cf-4731-95da-fa3df448bf79-groupManagement] INFO  server.RaftServerConfigKeys (ConfUtils.java:logGet(46)) - raft.server.log.preallocated.size = 4194304 (custom)
2024-01-17 07:57:14,705 [497ccbea-d6cf-4731-95da-fa3df448bf79-groupManagement] INFO  server.RaftServerConfigKeys (ConfUtils.java:logGet(46)) - raft.server.log.force.sync.num = 128 (default)
2024-01-17 07:57:14,705 [497ccbea-d6cf-4731-95da-fa3df448bf79-groupManagement] INFO  server.RaftServerConfigKeys (ConfUtils.java:logGet(46)) - raft.server.log.statemachine.data.sync = true (default)
2024-01-17 07:57:14,705 [497ccbea-d6cf-4731-95da-fa3df448bf79-groupManagement] INFO  server.RaftServerConfigKeys (ConfUtils.java:logGet(46)) - raft.server.log.statemachine.data.sync.timeout = 10s (default)
2024-01-17 07:57:14,705 [497ccbea-d6cf-4731-95da-fa3df448bf79-groupManagement] INFO  server.RaftServerConfigKeys (ConfUtils.java:logGet(46)) - raft.server.log.statemachine.data.sync.timeout.retry = 0 (custom)
2024-01-17 07:57:14,706 [497ccbea-d6cf-4731-95da-fa3df448bf79-groupManagement] INFO  server.RaftServerConfigKeys (ConfUtils.java:logGet(46)) - raft.server.log.write.buffer.size = 8388616 (custom)
2024-01-17 07:57:14,708 [497ccbea-d6cf-4731-95da-fa3df448bf79-groupManagement] INFO  server.RaftServerConfigKeys (ConfUtils.java:logGet(46)) - raft.server.log.appender.buffer.byte-limit = 8388608 (custom)
2024-01-17 07:57:14,709 [497ccbea-d6cf-4731-95da-fa3df448bf79-groupManagement] INFO  server.RaftServerConfigKeys (ConfUtils.java:logGet(46)) - raft.server.log.unsafe-flush.enabled = false (default)
2024-01-17 07:57:14,709 [497ccbea-d6cf-4731-95da-fa3df448bf79-groupManagement] INFO  server.RaftServerConfigKeys (ConfUtils.java:logGet(46)) - raft.server.log.async-flush.enabled = false (default)
2024-01-17 07:57:14,709 [497ccbea-d6cf-4731-95da-fa3df448bf79-groupManagement] INFO  server.RaftServerConfigKeys (ConfUtils.java:logGet(46)) - raft.server.log.statemachine.data.caching.enabled = true (custom)
2024-01-17 07:57:14,710 [497ccbea-d6cf-4731-95da-fa3df448bf79-groupManagement] INFO  segmented.SegmentedRaftLogWorker (SegmentedRaftLogWorker.java:lambda$new$0(134)) - 497ccbea-d6cf-4731-95da-fa3df448bf79@group-B3D596291F39-SegmentedRaftLogWorker: flushIndex: setUnconditionally 0 -> -1
2024-01-17 07:57:14,710 [497ccbea-d6cf-4731-95da-fa3df448bf79-groupManagement] INFO  segmented.SegmentedRaftLogWorker (SegmentedRaftLogWorker.java:lambda$new$0(134)) - 497ccbea-d6cf-4731-95da-fa3df448bf79@group-B3D596291F39-SegmentedRaftLogWorker: safeCacheEvictIndex: setUnconditionally 0 -> -1
2024-01-17 07:57:14,710 [2f83d896-2cfa-4348-ab65-ff7be0e3606c-groupManagement] INFO  util.AwaitToRun (AwaitToRun.java:start(81)) - Thread[2f83d896-2cfa-4348-ab65-ff7be0e3606c@group-DC3439CAE577-cacheEviction-AwaitToRun,5,main] started
2024-01-17 07:57:14,711 [2f83d896-2cfa-4348-ab65-ff7be0e3606c-groupManagement] INFO  segmented.SegmentedRaftLogWorker (SegmentedRaftLogWorker.java:<init>(182)) - new 2f83d896-2cfa-4348-ab65-ff7be0e3606c@group-DC3439CAE577-SegmentedRaftLogWorker for RaftStorageImpl:Storage Directory /home/runner/work/ozone/ozone/hadoop-ozone/integration-test/target/test-dir/MiniOzoneClusterImpl-df80a8b8-78a2-47d1-a2cb-ee48e7cc81f7/datanode-11/data/ratis/e2076a16-a9f8-45ca-b73a-dc3439cae577
2024-01-17 07:57:14,711 [2f83d896-2cfa-4348-ab65-ff7be0e3606c-groupManagement] INFO  server.RaftServerConfigKeys (ConfUtils.java:logGet(46)) - raft.server.log.queue.byte-limit = 4294967296 (custom)
2024-01-17 07:57:14,711 [2f83d896-2cfa-4348-ab65-ff7be0e3606c-groupManagement] INFO  server.RaftServerConfigKeys (ConfUtils.java:logGet(46)) - raft.server.log.queue.element-limit = 1024 (custom)
2024-01-17 07:57:14,711 [2f83d896-2cfa-4348-ab65-ff7be0e3606c-groupManagement] INFO  server.RaftServerConfigKeys (ConfUtils.java:logGet(46)) - raft.server.log.segment.size.max = 67108864 (custom)
2024-01-17 07:57:14,711 [2f83d896-2cfa-4348-ab65-ff7be0e3606c-groupManagement] INFO  server.RaftServerConfigKeys (ConfUtils.java:logGet(46)) - raft.server.log.preallocated.size = 4194304 (custom)
2024-01-17 07:57:14,711 [2f83d896-2cfa-4348-ab65-ff7be0e3606c-groupManagement] INFO  server.RaftServerConfigKeys (ConfUtils.java:logGet(46)) - raft.server.log.force.sync.num = 128 (default)
2024-01-17 07:57:14,711 [2f83d896-2cfa-4348-ab65-ff7be0e3606c-groupManagement] INFO  server.RaftServerConfigKeys (ConfUtils.java:logGet(46)) - raft.server.log.statemachine.data.sync = true (default)
2024-01-17 07:57:14,711 [2f83d896-2cfa-4348-ab65-ff7be0e3606c-groupManagement] INFO  server.RaftServerConfigKeys (ConfUtils.java:logGet(46)) - raft.server.log.statemachine.data.sync.timeout = 10s (default)
2024-01-17 07:57:14,711 [2f83d896-2cfa-4348-ab65-ff7be0e3606c-groupManagement] INFO  server.RaftServerConfigKeys (ConfUtils.java:logGet(46)) - raft.server.log.statemachine.data.sync.timeout.retry = 0 (custom)
2024-01-17 07:57:14,712 [2f83d896-2cfa-4348-ab65-ff7be0e3606c-groupManagement] INFO  server.RaftServerConfigKeys (ConfUtils.java:logGet(46)) - raft.server.log.write.buffer.size = 8388616 (custom)
2024-01-17 07:57:14,714 [2f83d896-2cfa-4348-ab65-ff7be0e3606c-groupManagement] INFO  server.RaftServerConfigKeys (ConfUtils.java:logGet(46)) - raft.server.log.appender.buffer.byte-limit = 8388608 (custom)
2024-01-17 07:57:14,714 [2f83d896-2cfa-4348-ab65-ff7be0e3606c-groupManagement] INFO  server.RaftServerConfigKeys (ConfUtils.java:logGet(46)) - raft.server.log.unsafe-flush.enabled = false (default)
2024-01-17 07:57:14,714 [2f83d896-2cfa-4348-ab65-ff7be0e3606c-groupManagement] INFO  server.RaftServerConfigKeys (ConfUtils.java:logGet(46)) - raft.server.log.async-flush.enabled = false (default)
2024-01-17 07:57:14,714 [2f83d896-2cfa-4348-ab65-ff7be0e3606c-groupManagement] INFO  server.RaftServerConfigKeys (ConfUtils.java:logGet(46)) - raft.server.log.statemachine.data.caching.enabled = true (custom)
2024-01-17 07:57:14,714 [2f83d896-2cfa-4348-ab65-ff7be0e3606c-groupManagement] INFO  segmented.SegmentedRaftLogWorker (SegmentedRaftLogWorker.java:lambda$new$0(134)) - 2f83d896-2cfa-4348-ab65-ff7be0e3606c@group-DC3439CAE577-SegmentedRaftLogWorker: flushIndex: setUnconditionally 0 -> -1
2024-01-17 07:57:14,714 [2f83d896-2cfa-4348-ab65-ff7be0e3606c-groupManagement] INFO  segmented.SegmentedRaftLogWorker (SegmentedRaftLogWorker.java:lambda$new$0(134)) - 2f83d896-2cfa-4348-ab65-ff7be0e3606c@group-DC3439CAE577-SegmentedRaftLogWorker: safeCacheEvictIndex: setUnconditionally 0 -> -1
2024-01-17 07:57:14,714 [2f83d896-2cfa-4348-ab65-ff7be0e3606c-groupManagement] INFO  server.RaftServer$Division (RaftServerImpl.java:start(396)) - 2f83d896-2cfa-4348-ab65-ff7be0e3606c@group-DC3439CAE577: start as a follower, conf=-1: peers:[2f83d896-2cfa-4348-ab65-ff7be0e3606c|10.1.0.6:15113, 6291adf5-9e71-4549-84cb-13318527388a|10.1.0.6:15095, 8e247bdf-a19d-4cdc-89de-9f1c8249c15f|10.1.0.6:15104]|listeners:[], old=null
2024-01-17 07:57:14,714 [2f83d896-2cfa-4348-ab65-ff7be0e3606c-groupManagement] INFO  server.RaftServer$Division (RaftServerImpl.java:setRole(383)) - 2f83d896-2cfa-4348-ab65-ff7be0e3606c@group-DC3439CAE577: changes role from      null to FOLLOWER at term 0 for startAsFollower
2024-01-17 07:57:14,715 [2f83d896-2cfa-4348-ab65-ff7be0e3606c-groupManagement] INFO  impl.RoleInfo (RoleInfo.java:updateAndGet(139)) - 2f83d896-2cfa-4348-ab65-ff7be0e3606c: start 2f83d896-2cfa-4348-ab65-ff7be0e3606c@group-DC3439CAE577-FollowerState
2024-01-17 07:57:14,715 [2f83d896-2cfa-4348-ab65-ff7be0e3606c@group-DC3439CAE577-FollowerState] INFO  server.RaftServerConfigKeys (ConfUtils.java:logFallback(53)) - raft.server.rpc.first-election.timeout.min = 5s (fallback to raft.server.rpc.timeout.min)
2024-01-17 07:57:14,715 [2f83d896-2cfa-4348-ab65-ff7be0e3606c@group-DC3439CAE577-FollowerState] INFO  server.RaftServerConfigKeys (ConfUtils.java:logFallback(53)) - raft.server.rpc.first-election.timeout.max = 5200ms (fallback to raft.server.rpc.timeout.max)
2024-01-17 07:57:14,716 [8e247bdf-a19d-4cdc-89de-9f1c8249c15f-groupManagement] INFO  impl.RoleInfo (RoleInfo.java:updateAndGet(139)) - 8e247bdf-a19d-4cdc-89de-9f1c8249c15f: start 8e247bdf-a19d-4cdc-89de-9f1c8249c15f@group-DC3439CAE577-FollowerState
2024-01-17 07:57:14,716 [8e247bdf-a19d-4cdc-89de-9f1c8249c15f@group-DC3439CAE577-FollowerState] INFO  server.RaftServerConfigKeys (ConfUtils.java:logFallback(53)) - raft.server.rpc.first-election.timeout.min = 5s (fallback to raft.server.rpc.timeout.min)
2024-01-17 07:57:14,716 [8e247bdf-a19d-4cdc-89de-9f1c8249c15f@group-DC3439CAE577-FollowerState] INFO  server.RaftServerConfigKeys (ConfUtils.java:logFallback(53)) - raft.server.rpc.first-election.timeout.max = 5200ms (fallback to raft.server.rpc.timeout.max)
2024-01-17 07:57:14,723 [497ccbea-d6cf-4731-95da-fa3df448bf79-groupManagement] INFO  server.RaftServer$Division (RaftServerImpl.java:start(396)) - 497ccbea-d6cf-4731-95da-fa3df448bf79@group-B3D596291F39: start as a follower, conf=-1: peers:[eb5c9b0d-19e6-4136-9089-8a3b0879ad33|10.1.0.6:15068, 497ccbea-d6cf-4731-95da-fa3df448bf79|10.1.0.6:15086, bdef3149-2cc3-439b-89a6-09b93146a606|10.1.0.6:15077]|listeners:[], old=null
2024-01-17 07:57:14,723 [497ccbea-d6cf-4731-95da-fa3df448bf79-groupManagement] INFO  server.RaftServer$Division (RaftServerImpl.java:setRole(383)) - 497ccbea-d6cf-4731-95da-fa3df448bf79@group-B3D596291F39: changes role from      null to FOLLOWER at term 0 for startAsFollower
2024-01-17 07:57:14,723 [497ccbea-d6cf-4731-95da-fa3df448bf79-groupManagement] INFO  impl.RoleInfo (RoleInfo.java:updateAndGet(139)) - 497ccbea-d6cf-4731-95da-fa3df448bf79: start 497ccbea-d6cf-4731-95da-fa3df448bf79@group-B3D596291F39-FollowerState
2024-01-17 07:57:14,723 [2f83d896-2cfa-4348-ab65-ff7be0e3606c-groupManagement] INFO  util.JmxRegister (JmxRegister.java:tryRegister(44)) - Successfully registered JMX Bean with object name Ratis:service=RaftServer,group=group-DC3439CAE577,id=2f83d896-2cfa-4348-ab65-ff7be0e3606c
2024-01-17 07:57:14,723 [2f83d896-2cfa-4348-ab65-ff7be0e3606c-groupManagement] INFO  server.RaftServerConfigKeys (ConfUtils.java:logGet(46)) - raft.server.snapshot.trigger-when-stop.enabled = true (default)
2024-01-17 07:57:14,723 [2f83d896-2cfa-4348-ab65-ff7be0e3606c-groupManagement] INFO  server.RaftServerConfigKeys (ConfUtils.java:logGet(46)) - raft.server.snapshot.auto.trigger.enabled = true (custom)
2024-01-17 07:57:14,723 [2f83d896-2cfa-4348-ab65-ff7be0e3606c-groupManagement] INFO  server.RaftServerConfigKeys (ConfUtils.java:logGet(46)) - raft.server.snapshot.auto.trigger.threshold = 10000 (custom)
2024-01-17 07:57:14,723 [2f83d896-2cfa-4348-ab65-ff7be0e3606c-groupManagement] INFO  server.RaftServerConfigKeys (ConfUtils.java:logGet(46)) - raft.server.snapshot.retention.file.num = 5 (custom)
2024-01-17 07:57:14,723 [2f83d896-2cfa-4348-ab65-ff7be0e3606c-groupManagement] INFO  server.RaftServerConfigKeys (ConfUtils.java:logGet(46)) - raft.server.log.purge.upto.snapshot.index = false (default)
2024-01-17 07:57:14,723 [497ccbea-d6cf-4731-95da-fa3df448bf79-groupManagement] INFO  util.JmxRegister (JmxRegister.java:tryRegister(44)) - Successfully registered JMX Bean with object name Ratis:service=RaftServer,group=group-B3D596291F39,id=497ccbea-d6cf-4731-95da-fa3df448bf79
2024-01-17 07:57:14,724 [497ccbea-d6cf-4731-95da-fa3df448bf79-groupManagement] INFO  server.RaftServerConfigKeys (ConfUtils.java:logGet(46)) - raft.server.snapshot.trigger-when-stop.enabled = true (default)
2024-01-17 07:57:14,724 [497ccbea-d6cf-4731-95da-fa3df448bf79-groupManagement] INFO  server.RaftServerConfigKeys (ConfUtils.java:logGet(46)) - raft.server.snapshot.auto.trigger.enabled = true (custom)
2024-01-17 07:57:14,724 [497ccbea-d6cf-4731-95da-fa3df448bf79-groupManagement] INFO  server.RaftServerConfigKeys (ConfUtils.java:logGet(46)) - raft.server.snapshot.auto.trigger.threshold = 10000 (custom)
2024-01-17 07:57:14,724 [497ccbea-d6cf-4731-95da-fa3df448bf79-groupManagement] INFO  server.RaftServerConfigKeys (ConfUtils.java:logGet(46)) - raft.server.snapshot.retention.file.num = 5 (custom)
2024-01-17 07:57:14,724 [497ccbea-d6cf-4731-95da-fa3df448bf79-groupManagement] INFO  server.RaftServerConfigKeys (ConfUtils.java:logGet(46)) - raft.server.log.purge.upto.snapshot.index = false (default)
2024-01-17 07:57:14,725 [497ccbea-d6cf-4731-95da-fa3df448bf79@group-B3D596291F39-FollowerState] INFO  server.RaftServerConfigKeys (ConfUtils.java:logFallback(53)) - raft.server.rpc.first-election.timeout.min = 5s (fallback to raft.server.rpc.timeout.min)
2024-01-17 07:57:14,725 [497ccbea-d6cf-4731-95da-fa3df448bf79@group-B3D596291F39-FollowerState] INFO  server.RaftServerConfigKeys (ConfUtils.java:logFallback(53)) - raft.server.rpc.first-election.timeout.max = 5200ms (fallback to raft.server.rpc.timeout.max)
2024-01-17 07:57:14,725 [8e247bdf-a19d-4cdc-89de-9f1c8249c15f-groupManagement] INFO  util.JmxRegister (JmxRegister.java:tryRegister(44)) - Successfully registered JMX Bean with object name Ratis:service=RaftServer,group=group-DC3439CAE577,id=8e247bdf-a19d-4cdc-89de-9f1c8249c15f
2024-01-17 07:57:14,725 [8e247bdf-a19d-4cdc-89de-9f1c8249c15f-groupManagement] INFO  server.RaftServerConfigKeys (ConfUtils.java:logGet(46)) - raft.server.snapshot.trigger-when-stop.enabled = true (default)
2024-01-17 07:57:14,725 [8e247bdf-a19d-4cdc-89de-9f1c8249c15f-groupManagement] INFO  server.RaftServerConfigKeys (ConfUtils.java:logGet(46)) - raft.server.snapshot.auto.trigger.enabled = true (custom)
2024-01-17 07:57:14,725 [8e247bdf-a19d-4cdc-89de-9f1c8249c15f-groupManagement] INFO  server.RaftServerConfigKeys (ConfUtils.java:logGet(46)) - raft.server.snapshot.auto.trigger.threshold = 10000 (custom)
2024-01-17 07:57:14,725 [8e247bdf-a19d-4cdc-89de-9f1c8249c15f-groupManagement] INFO  server.RaftServerConfigKeys (ConfUtils.java:logGet(46)) - raft.server.snapshot.retention.file.num = 5 (custom)
2024-01-17 07:57:14,725 [8e247bdf-a19d-4cdc-89de-9f1c8249c15f-groupManagement] INFO  server.RaftServerConfigKeys (ConfUtils.java:logGet(46)) - raft.server.log.purge.upto.snapshot.index = false (default)
2024-01-17 07:57:14,726 [497ccbea-d6cf-4731-95da-fa3df448bf79-PipelineCommandHandlerThread-0] INFO  ratis.XceiverServerRatis (XceiverServerRatis.java:addGroup(842)) - Created group PipelineID=7bf5b471-0bd1-4859-9a6c-b3d596291f39
2024-01-17 07:57:14,731 [2f83d896-2cfa-4348-ab65-ff7be0e3606c-PipelineCommandHandlerThread-0] INFO  server.RaftServer (RaftServerProxy.java:addNew(100)) - 2f83d896-2cfa-4348-ab65-ff7be0e3606c: addNew group-0BEF4CA69999:[2f83d896-2cfa-4348-ab65-ff7be0e3606c|10.1.0.6:15113, 6291adf5-9e71-4549-84cb-13318527388a|10.1.0.6:15095, 8e247bdf-a19d-4cdc-89de-9f1c8249c15f|10.1.0.6:15104] returns group-0BEF4CA69999:java.util.concurrent.CompletableFuture@53ea2613[Not completed]
2024-01-17 07:57:14,735 [8e247bdf-a19d-4cdc-89de-9f1c8249c15f-PipelineCommandHandlerThread-0] INFO  ratis.XceiverServerRatis (XceiverServerRatis.java:addGroup(842)) - Created group PipelineID=e2076a16-a9f8-45ca-b73a-dc3439cae577
2024-01-17 07:57:14,738 [2f83d896-2cfa-4348-ab65-ff7be0e3606c-groupManagement] INFO  server.RaftServer$Division (RaftServerImpl.java:<init>(256)) - 2f83d896-2cfa-4348-ab65-ff7be0e3606c: new RaftServerImpl for group-0BEF4CA69999:[2f83d896-2cfa-4348-ab65-ff7be0e3606c|10.1.0.6:15113, 6291adf5-9e71-4549-84cb-13318527388a|10.1.0.6:15095, 8e247bdf-a19d-4cdc-89de-9f1c8249c15f|10.1.0.6:15104] with ContainerStateMachine:uninitialized
2024-01-17 07:57:14,738 [2f83d896-2cfa-4348-ab65-ff7be0e3606c-groupManagement] INFO  server.RaftServerConfigKeys (ConfUtils.java:logGet(46)) - raft.server.rpc.timeout.min = 5s (custom)
2024-01-17 07:57:14,738 [2f83d896-2cfa-4348-ab65-ff7be0e3606c-groupManagement] INFO  server.RaftServerConfigKeys (ConfUtils.java:logGet(46)) - raft.server.rpc.timeout.max = 5200ms (custom)
2024-01-17 07:57:14,738 [2f83d896-2cfa-4348-ab65-ff7be0e3606c-groupManagement] INFO  server.RaftServerConfigKeys (ConfUtils.java:logGet(46)) - raft.server.rpc.sleep.time = 25ms (default)
2024-01-17 07:57:14,738 [2f83d896-2cfa-4348-ab65-ff7be0e3606c-groupManagement] INFO  server.RaftServerConfigKeys (ConfUtils.java:logGet(46)) - raft.server.rpc.slowness.timeout = 300s (custom)
2024-01-17 07:57:14,738 [2f83d896-2cfa-4348-ab65-ff7be0e3606c-groupManagement] INFO  server.RaftServerConfigKeys (ConfUtils.java:logGet(46)) - raft.server.leaderelection.leader.step-down.wait-time = 10s (default)
2024-01-17 07:57:14,738 [2f83d896-2cfa-4348-ab65-ff7be0e3606c-groupManagement] INFO  server.RaftServerConfigKeys (ConfUtils.java:logGet(46)) - raft.server.leaderelection.member.majority-add = false (default)
2024-01-17 07:57:14,738 [2f83d896-2cfa-4348-ab65-ff7be0e3606c-groupManagement] INFO  server.RaftServerConfigKeys (ConfUtils.java:logGet(46)) - raft.server.sleep.deviation.threshold = 300ms (default)
2024-01-17 07:57:14,738 [2f83d896-2cfa-4348-ab65-ff7be0e3606c-groupManagement] INFO  server.RaftServer$Division (ServerState.java:<init>(113)) - 2f83d896-2cfa-4348-ab65-ff7be0e3606c@group-0BEF4CA69999: ConfigurationManager, init=-1: peers:[2f83d896-2cfa-4348-ab65-ff7be0e3606c|10.1.0.6:15113, 6291adf5-9e71-4549-84cb-13318527388a|10.1.0.6:15095, 8e247bdf-a19d-4cdc-89de-9f1c8249c15f|10.1.0.6:15104]|listeners:[], old=null, confs=<EMPTY_MAP>
2024-01-17 07:57:14,738 [2f83d896-2cfa-4348-ab65-ff7be0e3606c-groupManagement] INFO  server.RaftServerConfigKeys (ConfUtils.java:logGet(46)) - raft.server.notification.no-leader.timeout = 300s (custom)
2024-01-17 07:57:14,738 [2f83d896-2cfa-4348-ab65-ff7be0e3606c-groupManagement] INFO  server.RaftServerConfigKeys (ConfUtils.java:logGet(46)) - raft.server.read.timeout = 10s (default)
2024-01-17 07:57:14,738 [2f83d896-2cfa-4348-ab65-ff7be0e3606c-groupManagement] INFO  server.RaftServerConfigKeys (ConfUtils.java:logGet(46)) - raft.server.retrycache.expirytime = 600000ms (custom)
2024-01-17 07:57:14,738 [2f83d896-2cfa-4348-ab65-ff7be0e3606c-groupManagement] INFO  server.RaftServerConfigKeys (ConfUtils.java:logGet(46)) - raft.server.retrycache.statistics.expirytime = 100ms (default)
2024-01-17 07:57:14,739 [2f83d896-2cfa-4348-ab65-ff7be0e3606c-groupManagement] INFO  server.RaftServerConfigKeys (ConfUtils.java:logGet(46)) - raft.server.read.option = DEFAULT (default)
2024-01-17 07:57:14,739 [2f83d896-2cfa-4348-ab65-ff7be0e3606c-groupManagement] INFO  server.RaftServerConfigKeys (ConfUtils.java:logGet(46)) - raft.server.read.read-after-write-consistent.write-index-cache.expiry-time = 60s (default)
2024-01-17 07:57:14,748 [2f83d896-2cfa-4348-ab65-ff7be0e3606c-groupManagement] INFO  server.RaftServerConfigKeys (ConfUtils.java:logGet(46)) - raft.server.rpc.request.timeout = 60s (custom)
2024-01-17 07:57:14,748 [2f83d896-2cfa-4348-ab65-ff7be0e3606c-groupManagement] INFO  server.RaftServerConfigKeys (ConfUtils.java:logGet(46)) - raft.server.log.appender.install.snapshot.enabled = false (custom)
2024-01-17 07:57:14,748 [2f83d896-2cfa-4348-ab65-ff7be0e3606c-groupManagement] INFO  server.RaftServerConfigKeys (ConfUtils.java:logGet(46)) - raft.server.threadpool.server.cached = true (default)
2024-01-17 07:57:14,748 [2f83d896-2cfa-4348-ab65-ff7be0e3606c-groupManagement] INFO  server.RaftServerConfigKeys (ConfUtils.java:logGet(46)) - raft.server.threadpool.server.size = 0 (default)
2024-01-17 07:57:14,748 [2f83d896-2cfa-4348-ab65-ff7be0e3606c-groupManagement] INFO  server.RaftServerConfigKeys (ConfUtils.java:logGet(46)) - raft.server.threadpool.client.cached = true (default)
2024-01-17 07:57:14,748 [2f83d896-2cfa-4348-ab65-ff7be0e3606c-groupManagement] INFO  server.RaftServerConfigKeys (ConfUtils.java:logGet(46)) - raft.server.threadpool.client.size = 0 (default)
2024-01-17 07:57:14,748 [2f83d896-2cfa-4348-ab65-ff7be0e3606c-groupManagement] INFO  server.RaftServerConfigKeys (ConfUtils.java:logGet(46)) - raft.server.storage.free-space.min = 0MB (=0) (default)
2024-01-17 07:57:14,748 [2f83d896-2cfa-4348-ab65-ff7be0e3606c-groupManagement] INFO  server.RaftServerConfigKeys (ConfUtils.java:logGet(46)) - raft.server.log.corruption.policy = EXCEPTION (default)
2024-01-17 07:57:14,748 [2f83d896-2cfa-4348-ab65-ff7be0e3606c-groupManagement] INFO  server.RaftServerConfigKeys (ConfUtils.java:logGet(46)) - raft.server.storage.dir = [/home/runner/work/ozone/ozone/hadoop-ozone/integration-test/target/test-dir/MiniOzoneClusterImpl-df80a8b8-78a2-47d1-a2cb-ee48e7cc81f7/datanode-11/data/ratis] (custom)
2024-01-17 07:57:14,748 [2f83d896-2cfa-4348-ab65-ff7be0e3606c-groupManagement] INFO  storage.RaftStorageDirectory (RaftStorageDirectoryImpl.java:analyzeStorage(138)) - The storage directory /home/runner/work/ozone/ozone/hadoop-ozone/integration-test/target/test-dir/MiniOzoneClusterImpl-df80a8b8-78a2-47d1-a2cb-ee48e7cc81f7/datanode-11/data/ratis/4a2e5a29-a7bd-4ea8-b9b8-0bef4ca69999 does not exist. Creating ...
2024-01-17 07:57:14,754 [bdef3149-2cc3-439b-89a6-09b93146a606-PipelineCommandHandlerThread-0] INFO  commandhandler.CreatePipelineCommandHandler (CreatePipelineCommandHandler.java:lambda$handle$2(124)) - Created Pipeline RATIS THREE PipelineID=7bf5b471-0bd1-4859-9a6c-b3d596291f39.
2024-01-17 07:57:14,755 [2f83d896-2cfa-4348-ab65-ff7be0e3606c-groupManagement] INFO  storage.RaftStorageDirectory (RaftStorageDirectoryImpl.java:tryLock(228)) - Lock on /home/runner/work/ozone/ozone/hadoop-ozone/integration-test/target/test-dir/MiniOzoneClusterImpl-df80a8b8-78a2-47d1-a2cb-ee48e7cc81f7/datanode-11/data/ratis/4a2e5a29-a7bd-4ea8-b9b8-0bef4ca69999/in_use.lock acquired by nodename 24650@fv-az1531-837
2024-01-17 07:57:14,759 [2f83d896-2cfa-4348-ab65-ff7be0e3606c-groupManagement] INFO  storage.RaftStorage (RaftStorageImpl.java:format(99)) - Storage directory /home/runner/work/ozone/ozone/hadoop-ozone/integration-test/target/test-dir/MiniOzoneClusterImpl-df80a8b8-78a2-47d1-a2cb-ee48e7cc81f7/datanode-11/data/ratis/4a2e5a29-a7bd-4ea8-b9b8-0bef4ca69999 has been successfully formatted.
2024-01-17 07:57:14,759 [2f83d896-2cfa-4348-ab65-ff7be0e3606c-groupManagement] WARN  util.FileUtils (LogUtils.java:supplyAndLog(63)) - Failed to Files.newInputStream /home/runner/work/ozone/ozone/hadoop-ozone/integration-test/target/test-dir/MiniOzoneClusterImpl-df80a8b8-78a2-47d1-a2cb-ee48e7cc81f7/datanode-11/data/ratis/4a2e5a29-a7bd-4ea8-b9b8-0bef4ca69999/current/raft-meta.conf with options []: java.nio.file.NoSuchFileException: /home/runner/work/ozone/ozone/hadoop-ozone/integration-test/target/test-dir/MiniOzoneClusterImpl-df80a8b8-78a2-47d1-a2cb-ee48e7cc81f7/datanode-11/data/ratis/4a2e5a29-a7bd-4ea8-b9b8-0bef4ca69999/current/raft-meta.conf
2024-01-17 07:57:14,762 [2f83d896-2cfa-4348-ab65-ff7be0e3606c-groupManagement] INFO  ratis.ContainerStateMachine (ContainerStateMachine.java:loadSnapshot(287)) - group-0BEF4CA69999: The snapshot info is null. Setting the last applied index to:(t:0, i:~)
2024-01-17 07:57:14,762 [2f83d896-2cfa-4348-ab65-ff7be0e3606c-groupManagement] INFO  server.RaftServerConfigKeys (ConfUtils.java:logGet(46)) - raft.server.log.use.memory = false (default)
2024-01-17 07:57:14,762 [2f83d896-2cfa-4348-ab65-ff7be0e3606c-groupManagement] INFO  server.RaftServerConfigKeys (ConfUtils.java:logGet(46)) - raft.server.log.purge.gap = 1000000 (custom)
2024-01-17 07:57:14,762 [2f83d896-2cfa-4348-ab65-ff7be0e3606c-groupManagement] INFO  server.RaftServerConfigKeys (ConfUtils.java:logGet(46)) - raft.server.log.appender.buffer.byte-limit = 8388608 (custom)
2024-01-17 07:57:14,762 [2f83d896-2cfa-4348-ab65-ff7be0e3606c-groupManagement] INFO  server.RaftServerConfigKeys (ConfUtils.java:logGet(46)) - raft.server.log.statemachine.data.read.timeout = 1000ms (default)
2024-01-17 07:57:14,762 [2f83d896-2cfa-4348-ab65-ff7be0e3606c-groupManagement] INFO  server.RaftServerConfigKeys (ConfUtils.java:logGet(46)) - raft.server.log.purge.preservation.log.num = 0 (default)
2024-01-17 07:57:14,764 [2f83d896-2cfa-4348-ab65-ff7be0e3606c-groupManagement] INFO  server.RaftServerConfigKeys (ConfUtils.java:logGet(46)) - raft.server.log.segment.size.max = 67108864 (custom)
2024-01-17 07:57:14,764 [2f83d896-2cfa-4348-ab65-ff7be0e3606c-groupManagement] INFO  server.RaftServerConfigKeys (ConfUtils.java:logGet(46)) - raft.server.log.segment.cache.num.max = 2 (custom)
2024-01-17 07:57:14,764 [2f83d896-2cfa-4348-ab65-ff7be0e3606c-groupManagement] INFO  server.RaftServerConfigKeys (ConfUtils.java:logGet(46)) - raft.server.log.segment.cache.size.max = 200MB (=209715200) (default)
2024-01-17 07:57:14,764 [2f83d896-2cfa-4348-ab65-ff7be0e3606c-groupManagement] INFO  server.RaftServerConfigKeys (ConfUtils.java:logGet(46)) - raft.server.log.appender.buffer.byte-limit = 8388608 (custom)
2024-01-17 07:57:14,765 [2f83d896-2cfa-4348-ab65-ff7be0e3606c-groupManagement] INFO  util.AwaitToRun (AwaitToRun.java:start(81)) - Thread[2f83d896-2cfa-4348-ab65-ff7be0e3606c@group-0BEF4CA69999-cacheEviction-AwaitToRun,5,main] started
2024-01-17 07:57:14,765 [2f83d896-2cfa-4348-ab65-ff7be0e3606c-groupManagement] INFO  segmented.SegmentedRaftLogWorker (SegmentedRaftLogWorker.java:<init>(182)) - new 2f83d896-2cfa-4348-ab65-ff7be0e3606c@group-0BEF4CA69999-SegmentedRaftLogWorker for RaftStorageImpl:Storage Directory /home/runner/work/ozone/ozone/hadoop-ozone/integration-test/target/test-dir/MiniOzoneClusterImpl-df80a8b8-78a2-47d1-a2cb-ee48e7cc81f7/datanode-11/data/ratis/4a2e5a29-a7bd-4ea8-b9b8-0bef4ca69999
2024-01-17 07:57:14,765 [2f83d896-2cfa-4348-ab65-ff7be0e3606c-groupManagement] INFO  server.RaftServerConfigKeys (ConfUtils.java:logGet(46)) - raft.server.log.queue.byte-limit = 4294967296 (custom)
2024-01-17 07:57:14,765 [2f83d896-2cfa-4348-ab65-ff7be0e3606c-groupManagement] INFO  server.RaftServerConfigKeys (ConfUtils.java:logGet(46)) - raft.server.log.queue.element-limit = 1024 (custom)
2024-01-17 07:57:14,765 [2f83d896-2cfa-4348-ab65-ff7be0e3606c-groupManagement] INFO  server.RaftServerConfigKeys (ConfUtils.java:logGet(46)) - raft.server.log.segment.size.max = 67108864 (custom)
2024-01-17 07:57:14,765 [2f83d896-2cfa-4348-ab65-ff7be0e3606c-groupManagement] INFO  server.RaftServerConfigKeys (ConfUtils.java:logGet(46)) - raft.server.log.preallocated.size = 4194304 (custom)
2024-01-17 07:57:14,765 [2f83d896-2cfa-4348-ab65-ff7be0e3606c-groupManagement] INFO  server.RaftServerConfigKeys (ConfUtils.java:logGet(46)) - raft.server.log.force.sync.num = 128 (default)
2024-01-17 07:57:14,765 [2f83d896-2cfa-4348-ab65-ff7be0e3606c-groupManagement] INFO  server.RaftServerConfigKeys (ConfUtils.java:logGet(46)) - raft.server.log.statemachine.data.sync = true (default)
2024-01-17 07:57:14,765 [2f83d896-2cfa-4348-ab65-ff7be0e3606c-groupManagement] INFO  server.RaftServerConfigKeys (ConfUtils.java:logGet(46)) - raft.server.log.statemachine.data.sync.timeout = 10s (default)
2024-01-17 07:57:14,765 [2f83d896-2cfa-4348-ab65-ff7be0e3606c-groupManagement] INFO  server.RaftServerConfigKeys (ConfUtils.java:logGet(46)) - raft.server.log.statemachine.data.sync.timeout.retry = 0 (custom)
2024-01-17 07:57:14,766 [2f83d896-2cfa-4348-ab65-ff7be0e3606c-groupManagement] INFO  server.RaftServerConfigKeys (ConfUtils.java:logGet(46)) - raft.server.log.write.buffer.size = 8388616 (custom)
2024-01-17 07:57:14,767 [2f83d896-2cfa-4348-ab65-ff7be0e3606c-groupManagement] INFO  server.RaftServerConfigKeys (ConfUtils.java:logGet(46)) - raft.server.log.appender.buffer.byte-limit = 8388608 (custom)
2024-01-17 07:57:14,767 [2f83d896-2cfa-4348-ab65-ff7be0e3606c-groupManagement] INFO  server.RaftServerConfigKeys (ConfUtils.java:logGet(46)) - raft.server.log.unsafe-flush.enabled = false (default)
2024-01-17 07:57:14,767 [2f83d896-2cfa-4348-ab65-ff7be0e3606c-groupManagement] INFO  server.RaftServerConfigKeys (ConfUtils.java:logGet(46)) - raft.server.log.async-flush.enabled = false (default)
2024-01-17 07:57:14,767 [2f83d896-2cfa-4348-ab65-ff7be0e3606c-groupManagement] INFO  server.RaftServerConfigKeys (ConfUtils.java:logGet(46)) - raft.server.log.statemachine.data.caching.enabled = true (custom)
2024-01-17 07:57:14,768 [2f83d896-2cfa-4348-ab65-ff7be0e3606c-groupManagement] INFO  segmented.SegmentedRaftLogWorker (SegmentedRaftLogWorker.java:lambda$new$0(134)) - 2f83d896-2cfa-4348-ab65-ff7be0e3606c@group-0BEF4CA69999-SegmentedRaftLogWorker: flushIndex: setUnconditionally 0 -> -1
2024-01-17 07:57:14,774 [2f83d896-2cfa-4348-ab65-ff7be0e3606c-groupManagement] INFO  segmented.SegmentedRaftLogWorker (SegmentedRaftLogWorker.java:lambda$new$0(134)) - 2f83d896-2cfa-4348-ab65-ff7be0e3606c@group-0BEF4CA69999-SegmentedRaftLogWorker: safeCacheEvictIndex: setUnconditionally 0 -> -1
2024-01-17 07:57:14,774 [2f83d896-2cfa-4348-ab65-ff7be0e3606c-groupManagement] INFO  server.RaftServer$Division (RaftServerImpl.java:start(396)) - 2f83d896-2cfa-4348-ab65-ff7be0e3606c@group-0BEF4CA69999: start as a follower, conf=-1: peers:[2f83d896-2cfa-4348-ab65-ff7be0e3606c|10.1.0.6:15113, 6291adf5-9e71-4549-84cb-13318527388a|10.1.0.6:15095, 8e247bdf-a19d-4cdc-89de-9f1c8249c15f|10.1.0.6:15104]|listeners:[], old=null
2024-01-17 07:57:14,774 [2f83d896-2cfa-4348-ab65-ff7be0e3606c-groupManagement] INFO  server.RaftServer$Division (RaftServerImpl.java:setRole(383)) - 2f83d896-2cfa-4348-ab65-ff7be0e3606c@group-0BEF4CA69999: changes role from      null to FOLLOWER at term 0 for startAsFollower
2024-01-17 07:57:14,774 [2f83d896-2cfa-4348-ab65-ff7be0e3606c-groupManagement] INFO  impl.RoleInfo (RoleInfo.java:updateAndGet(139)) - 2f83d896-2cfa-4348-ab65-ff7be0e3606c: start 2f83d896-2cfa-4348-ab65-ff7be0e3606c@group-0BEF4CA69999-FollowerState
2024-01-17 07:57:14,775 [2f83d896-2cfa-4348-ab65-ff7be0e3606c-groupManagement] INFO  util.JmxRegister (JmxRegister.java:tryRegister(44)) - Successfully registered JMX Bean with object name Ratis:service=RaftServer,group=group-0BEF4CA69999,id=2f83d896-2cfa-4348-ab65-ff7be0e3606c
2024-01-17 07:57:14,775 [2f83d896-2cfa-4348-ab65-ff7be0e3606c-groupManagement] INFO  server.RaftServerConfigKeys (ConfUtils.java:logGet(46)) - raft.server.snapshot.trigger-when-stop.enabled = true (default)
2024-01-17 07:57:14,775 [2f83d896-2cfa-4348-ab65-ff7be0e3606c-groupManagement] INFO  server.RaftServerConfigKeys (ConfUtils.java:logGet(46)) - raft.server.snapshot.auto.trigger.enabled = true (custom)
2024-01-17 07:57:14,775 [2f83d896-2cfa-4348-ab65-ff7be0e3606c-groupManagement] INFO  server.RaftServerConfigKeys (ConfUtils.java:logGet(46)) - raft.server.snapshot.auto.trigger.threshold = 10000 (custom)
2024-01-17 07:57:14,775 [2f83d896-2cfa-4348-ab65-ff7be0e3606c-groupManagement] INFO  server.RaftServerConfigKeys (ConfUtils.java:logGet(46)) - raft.server.snapshot.retention.file.num = 5 (custom)
2024-01-17 07:57:14,775 [2f83d896-2cfa-4348-ab65-ff7be0e3606c-groupManagement] INFO  server.RaftServerConfigKeys (ConfUtils.java:logGet(46)) - raft.server.log.purge.upto.snapshot.index = false (default)
2024-01-17 07:57:14,776 [2f83d896-2cfa-4348-ab65-ff7be0e3606c@group-0BEF4CA69999-FollowerState] INFO  server.RaftServerConfigKeys (ConfUtils.java:logFallback(53)) - raft.server.rpc.first-election.timeout.min = 5s (fallback to raft.server.rpc.timeout.min)
2024-01-17 07:57:14,776 [2f83d896-2cfa-4348-ab65-ff7be0e3606c@group-0BEF4CA69999-FollowerState] INFO  server.RaftServerConfigKeys (ConfUtils.java:logFallback(53)) - raft.server.rpc.first-election.timeout.max = 5200ms (fallback to raft.server.rpc.timeout.max)
2024-01-17 07:57:14,776 [2f83d896-2cfa-4348-ab65-ff7be0e3606c-PipelineCommandHandlerThread-0] INFO  ratis.XceiverServerRatis (XceiverServerRatis.java:addGroup(842)) - Created group PipelineID=4a2e5a29-a7bd-4ea8-b9b8-0bef4ca69999
2024-01-17 07:57:14,812 [eb5c9b0d-19e6-4136-9089-8a3b0879ad33-PipelineCommandHandlerThread-0] INFO  commandhandler.CreatePipelineCommandHandler (CreatePipelineCommandHandler.java:lambda$handle$2(124)) - Created Pipeline RATIS THREE PipelineID=7bf5b471-0bd1-4859-9a6c-b3d596291f39.
2024-01-17 07:57:14,814 [6291adf5-9e71-4549-84cb-13318527388a-PipelineCommandHandlerThread-0] INFO  commandhandler.CreatePipelineCommandHandler (CreatePipelineCommandHandler.java:lambda$handle$2(124)) - Created Pipeline RATIS THREE PipelineID=e2076a16-a9f8-45ca-b73a-dc3439cae577.
2024-01-17 07:57:14,814 [6291adf5-9e71-4549-84cb-13318527388a-PipelineCommandHandlerThread-0] INFO  server.RaftServer (RaftServerProxy.java:addNew(100)) - 6291adf5-9e71-4549-84cb-13318527388a: addNew group-0BEF4CA69999:[2f83d896-2cfa-4348-ab65-ff7be0e3606c|10.1.0.6:15113, 6291adf5-9e71-4549-84cb-13318527388a|10.1.0.6:15095, 8e247bdf-a19d-4cdc-89de-9f1c8249c15f|10.1.0.6:15104] returns group-0BEF4CA69999:java.util.concurrent.CompletableFuture@3f61f958[Not completed]
2024-01-17 07:57:14,818 [6291adf5-9e71-4549-84cb-13318527388a-groupManagement] INFO  server.RaftServer$Division (RaftServerImpl.java:<init>(256)) - 6291adf5-9e71-4549-84cb-13318527388a: new RaftServerImpl for group-0BEF4CA69999:[2f83d896-2cfa-4348-ab65-ff7be0e3606c|10.1.0.6:15113, 6291adf5-9e71-4549-84cb-13318527388a|10.1.0.6:15095, 8e247bdf-a19d-4cdc-89de-9f1c8249c15f|10.1.0.6:15104] with ContainerStateMachine:uninitialized
2024-01-17 07:57:14,818 [6291adf5-9e71-4549-84cb-13318527388a-groupManagement] INFO  server.RaftServerConfigKeys (ConfUtils.java:logGet(46)) - raft.server.rpc.timeout.min = 5s (custom)
2024-01-17 07:57:14,819 [6291adf5-9e71-4549-84cb-13318527388a-groupManagement] INFO  server.RaftServerConfigKeys (ConfUtils.java:logGet(46)) - raft.server.rpc.timeout.max = 5200ms (custom)
2024-01-17 07:57:14,819 [6291adf5-9e71-4549-84cb-13318527388a-groupManagement] INFO  server.RaftServerConfigKeys (ConfUtils.java:logGet(46)) - raft.server.rpc.sleep.time = 25ms (default)
2024-01-17 07:57:14,819 [6291adf5-9e71-4549-84cb-13318527388a-groupManagement] INFO  server.RaftServerConfigKeys (ConfUtils.java:logGet(46)) - raft.server.rpc.slowness.timeout = 300s (custom)
2024-01-17 07:57:14,819 [6291adf5-9e71-4549-84cb-13318527388a-groupManagement] INFO  server.RaftServerConfigKeys (ConfUtils.java:logGet(46)) - raft.server.leaderelection.leader.step-down.wait-time = 10s (default)
2024-01-17 07:57:14,819 [6291adf5-9e71-4549-84cb-13318527388a-groupManagement] INFO  server.RaftServerConfigKeys (ConfUtils.java:logGet(46)) - raft.server.leaderelection.member.majority-add = false (default)
2024-01-17 07:57:14,819 [6291adf5-9e71-4549-84cb-13318527388a-groupManagement] INFO  server.RaftServerConfigKeys (ConfUtils.java:logGet(46)) - raft.server.sleep.deviation.threshold = 300ms (default)
2024-01-17 07:57:14,819 [6291adf5-9e71-4549-84cb-13318527388a-groupManagement] INFO  server.RaftServer$Division (ServerState.java:<init>(113)) - 6291adf5-9e71-4549-84cb-13318527388a@group-0BEF4CA69999: ConfigurationManager, init=-1: peers:[2f83d896-2cfa-4348-ab65-ff7be0e3606c|10.1.0.6:15113, 6291adf5-9e71-4549-84cb-13318527388a|10.1.0.6:15095, 8e247bdf-a19d-4cdc-89de-9f1c8249c15f|10.1.0.6:15104]|listeners:[], old=null, confs=<EMPTY_MAP>
2024-01-17 07:57:14,819 [6291adf5-9e71-4549-84cb-13318527388a-groupManagement] INFO  server.RaftServerConfigKeys (ConfUtils.java:logGet(46)) - raft.server.notification.no-leader.timeout = 300s (custom)
2024-01-17 07:57:14,819 [6291adf5-9e71-4549-84cb-13318527388a-groupManagement] INFO  server.RaftServerConfigKeys (ConfUtils.java:logGet(46)) - raft.server.read.timeout = 10s (default)
2024-01-17 07:57:14,819 [6291adf5-9e71-4549-84cb-13318527388a-groupManagement] INFO  server.RaftServerConfigKeys (ConfUtils.java:logGet(46)) - raft.server.retrycache.expirytime = 600000ms (custom)
2024-01-17 07:57:14,819 [6291adf5-9e71-4549-84cb-13318527388a-groupManagement] INFO  server.RaftServerConfigKeys (ConfUtils.java:logGet(46)) - raft.server.retrycache.statistics.expirytime = 100ms (default)
2024-01-17 07:57:14,819 [6291adf5-9e71-4549-84cb-13318527388a-groupManagement] INFO  server.RaftServerConfigKeys (ConfUtils.java:logGet(46)) - raft.server.read.option = DEFAULT (default)
2024-01-17 07:57:14,820 [6291adf5-9e71-4549-84cb-13318527388a-groupManagement] INFO  server.RaftServerConfigKeys (ConfUtils.java:logGet(46)) - raft.server.read.read-after-write-consistent.write-index-cache.expiry-time = 60s (default)
2024-01-17 07:57:14,826 [grpc-default-executor-1] INFO  server.RaftServer (RaftServerProxy.java:addNew(100)) - 8e247bdf-a19d-4cdc-89de-9f1c8249c15f: addNew group-0BEF4CA69999:[2f83d896-2cfa-4348-ab65-ff7be0e3606c|10.1.0.6:15113, 6291adf5-9e71-4549-84cb-13318527388a|10.1.0.6:15095, 8e247bdf-a19d-4cdc-89de-9f1c8249c15f|10.1.0.6:15104] returns group-0BEF4CA69999:java.util.concurrent.CompletableFuture@13d37337[Not completed]
2024-01-17 07:57:14,827 [8e247bdf-a19d-4cdc-89de-9f1c8249c15f-groupManagement] INFO  server.RaftServer$Division (RaftServerImpl.java:<init>(256)) - 8e247bdf-a19d-4cdc-89de-9f1c8249c15f: new RaftServerImpl for group-0BEF4CA69999:[2f83d896-2cfa-4348-ab65-ff7be0e3606c|10.1.0.6:15113, 6291adf5-9e71-4549-84cb-13318527388a|10.1.0.6:15095, 8e247bdf-a19d-4cdc-89de-9f1c8249c15f|10.1.0.6:15104] with ContainerStateMachine:uninitialized
2024-01-17 07:57:14,827 [8e247bdf-a19d-4cdc-89de-9f1c8249c15f-groupManagement] INFO  server.RaftServerConfigKeys (ConfUtils.java:logGet(46)) - raft.server.rpc.timeout.min = 5s (custom)
2024-01-17 07:57:14,827 [8e247bdf-a19d-4cdc-89de-9f1c8249c15f-groupManagement] INFO  server.RaftServerConfigKeys (ConfUtils.java:logGet(46)) - raft.server.rpc.timeout.max = 5200ms (custom)
2024-01-17 07:57:14,827 [8e247bdf-a19d-4cdc-89de-9f1c8249c15f-groupManagement] INFO  server.RaftServerConfigKeys (ConfUtils.java:logGet(46)) - raft.server.rpc.sleep.time = 25ms (default)
2024-01-17 07:57:14,827 [8e247bdf-a19d-4cdc-89de-9f1c8249c15f-groupManagement] INFO  server.RaftServerConfigKeys (ConfUtils.java:logGet(46)) - raft.server.rpc.slowness.timeout = 300s (custom)
2024-01-17 07:57:14,828 [8e247bdf-a19d-4cdc-89de-9f1c8249c15f-groupManagement] INFO  server.RaftServerConfigKeys (ConfUtils.java:logGet(46)) - raft.server.leaderelection.leader.step-down.wait-time = 10s (default)
2024-01-17 07:57:14,828 [8e247bdf-a19d-4cdc-89de-9f1c8249c15f-groupManagement] INFO  server.RaftServerConfigKeys (ConfUtils.java:logGet(46)) - raft.server.leaderelection.member.majority-add = false (default)
2024-01-17 07:57:14,828 [8e247bdf-a19d-4cdc-89de-9f1c8249c15f-groupManagement] INFO  server.RaftServerConfigKeys (ConfUtils.java:logGet(46)) - raft.server.sleep.deviation.threshold = 300ms (default)
2024-01-17 07:57:14,828 [8e247bdf-a19d-4cdc-89de-9f1c8249c15f-groupManagement] INFO  server.RaftServer$Division (ServerState.java:<init>(113)) - 8e247bdf-a19d-4cdc-89de-9f1c8249c15f@group-0BEF4CA69999: ConfigurationManager, init=-1: peers:[2f83d896-2cfa-4348-ab65-ff7be0e3606c|10.1.0.6:15113, 6291adf5-9e71-4549-84cb-13318527388a|10.1.0.6:15095, 8e247bdf-a19d-4cdc-89de-9f1c8249c15f|10.1.0.6:15104]|listeners:[], old=null, confs=<EMPTY_MAP>
2024-01-17 07:57:14,828 [8e247bdf-a19d-4cdc-89de-9f1c8249c15f-groupManagement] INFO  server.RaftServerConfigKeys (ConfUtils.java:logGet(46)) - raft.server.notification.no-leader.timeout = 300s (custom)
2024-01-17 07:57:14,828 [8e247bdf-a19d-4cdc-89de-9f1c8249c15f-groupManagement] INFO  server.RaftServerConfigKeys (ConfUtils.java:logGet(46)) - raft.server.read.timeout = 10s (default)
2024-01-17 07:57:14,828 [8e247bdf-a19d-4cdc-89de-9f1c8249c15f-groupManagement] INFO  server.RaftServerConfigKeys (ConfUtils.java:logGet(46)) - raft.server.retrycache.expirytime = 600000ms (custom)
2024-01-17 07:57:14,828 [8e247bdf-a19d-4cdc-89de-9f1c8249c15f-groupManagement] INFO  server.RaftServerConfigKeys (ConfUtils.java:logGet(46)) - raft.server.retrycache.statistics.expirytime = 100ms (default)
2024-01-17 07:57:14,828 [8e247bdf-a19d-4cdc-89de-9f1c8249c15f-groupManagement] INFO  server.RaftServerConfigKeys (ConfUtils.java:logGet(46)) - raft.server.read.option = DEFAULT (default)
2024-01-17 07:57:14,828 [8e247bdf-a19d-4cdc-89de-9f1c8249c15f-groupManagement] INFO  server.RaftServerConfigKeys (ConfUtils.java:logGet(46)) - raft.server.read.read-after-write-consistent.write-index-cache.expiry-time = 60s (default)
2024-01-17 07:57:14,842 [6291adf5-9e71-4549-84cb-13318527388a-groupManagement] INFO  server.RaftServerConfigKeys (ConfUtils.java:logGet(46)) - raft.server.rpc.request.timeout = 60s (custom)
2024-01-17 07:57:14,842 [6291adf5-9e71-4549-84cb-13318527388a-groupManagement] INFO  server.RaftServerConfigKeys (ConfUtils.java:logGet(46)) - raft.server.log.appender.install.snapshot.enabled = false (custom)
2024-01-17 07:57:14,842 [6291adf5-9e71-4549-84cb-13318527388a-groupManagement] INFO  server.RaftServerConfigKeys (ConfUtils.java:logGet(46)) - raft.server.threadpool.server.cached = true (default)
2024-01-17 07:57:14,842 [6291adf5-9e71-4549-84cb-13318527388a-groupManagement] INFO  server.RaftServerConfigKeys (ConfUtils.java:logGet(46)) - raft.server.threadpool.server.size = 0 (default)
2024-01-17 07:57:14,842 [6291adf5-9e71-4549-84cb-13318527388a-groupManagement] INFO  server.RaftServerConfigKeys (ConfUtils.java:logGet(46)) - raft.server.threadpool.client.cached = true (default)
2024-01-17 07:57:14,843 [6291adf5-9e71-4549-84cb-13318527388a-groupManagement] INFO  server.RaftServerConfigKeys (ConfUtils.java:logGet(46)) - raft.server.threadpool.client.size = 0 (default)
2024-01-17 07:57:14,843 [6291adf5-9e71-4549-84cb-13318527388a-groupManagement] INFO  server.RaftServerConfigKeys (ConfUtils.java:logGet(46)) - raft.server.storage.free-space.min = 0MB (=0) (default)
2024-01-17 07:57:14,843 [6291adf5-9e71-4549-84cb-13318527388a-groupManagement] INFO  server.RaftServerConfigKeys (ConfUtils.java:logGet(46)) - raft.server.log.corruption.policy = EXCEPTION (default)
2024-01-17 07:57:14,843 [6291adf5-9e71-4549-84cb-13318527388a-groupManagement] INFO  server.RaftServerConfigKeys (ConfUtils.java:logGet(46)) - raft.server.storage.dir = [/home/runner/work/ozone/ozone/hadoop-ozone/integration-test/target/test-dir/MiniOzoneClusterImpl-df80a8b8-78a2-47d1-a2cb-ee48e7cc81f7/datanode-9/data/ratis] (custom)
2024-01-17 07:57:14,843 [6291adf5-9e71-4549-84cb-13318527388a-groupManagement] INFO  storage.RaftStorageDirectory (RaftStorageDirectoryImpl.java:analyzeStorage(138)) - The storage directory /home/runner/work/ozone/ozone/hadoop-ozone/integration-test/target/test-dir/MiniOzoneClusterImpl-df80a8b8-78a2-47d1-a2cb-ee48e7cc81f7/datanode-9/data/ratis/4a2e5a29-a7bd-4ea8-b9b8-0bef4ca69999 does not exist. Creating ...
2024-01-17 07:57:14,842 [8e247bdf-a19d-4cdc-89de-9f1c8249c15f-groupManagement] INFO  server.RaftServerConfigKeys (ConfUtils.java:logGet(46)) - raft.server.rpc.request.timeout = 60s (custom)
2024-01-17 07:57:14,844 [8e247bdf-a19d-4cdc-89de-9f1c8249c15f-groupManagement] INFO  server.RaftServerConfigKeys (ConfUtils.java:logGet(46)) - raft.server.log.appender.install.snapshot.enabled = false (custom)
2024-01-17 07:57:14,844 [8e247bdf-a19d-4cdc-89de-9f1c8249c15f-groupManagement] INFO  server.RaftServerConfigKeys (ConfUtils.java:logGet(46)) - raft.server.threadpool.server.cached = true (default)
2024-01-17 07:57:14,844 [8e247bdf-a19d-4cdc-89de-9f1c8249c15f-groupManagement] INFO  server.RaftServerConfigKeys (ConfUtils.java:logGet(46)) - raft.server.threadpool.server.size = 0 (default)
2024-01-17 07:57:14,844 [8e247bdf-a19d-4cdc-89de-9f1c8249c15f-groupManagement] INFO  server.RaftServerConfigKeys (ConfUtils.java:logGet(46)) - raft.server.threadpool.client.cached = true (default)
2024-01-17 07:57:14,844 [8e247bdf-a19d-4cdc-89de-9f1c8249c15f-groupManagement] INFO  server.RaftServerConfigKeys (ConfUtils.java:logGet(46)) - raft.server.threadpool.client.size = 0 (default)
2024-01-17 07:57:14,844 [8e247bdf-a19d-4cdc-89de-9f1c8249c15f-groupManagement] INFO  server.RaftServerConfigKeys (ConfUtils.java:logGet(46)) - raft.server.storage.free-space.min = 0MB (=0) (default)
2024-01-17 07:57:14,844 [8e247bdf-a19d-4cdc-89de-9f1c8249c15f-groupManagement] INFO  server.RaftServerConfigKeys (ConfUtils.java:logGet(46)) - raft.server.log.corruption.policy = EXCEPTION (default)
2024-01-17 07:57:14,844 [8e247bdf-a19d-4cdc-89de-9f1c8249c15f-groupManagement] INFO  server.RaftServerConfigKeys (ConfUtils.java:logGet(46)) - raft.server.storage.dir = [/home/runner/work/ozone/ozone/hadoop-ozone/integration-test/target/test-dir/MiniOzoneClusterImpl-df80a8b8-78a2-47d1-a2cb-ee48e7cc81f7/datanode-10/data/ratis] (custom)
2024-01-17 07:57:14,844 [8e247bdf-a19d-4cdc-89de-9f1c8249c15f-groupManagement] INFO  storage.RaftStorageDirectory (RaftStorageDirectoryImpl.java:analyzeStorage(138)) - The storage directory /home/runner/work/ozone/ozone/hadoop-ozone/integration-test/target/test-dir/MiniOzoneClusterImpl-df80a8b8-78a2-47d1-a2cb-ee48e7cc81f7/datanode-10/data/ratis/4a2e5a29-a7bd-4ea8-b9b8-0bef4ca69999 does not exist. Creating ...
2024-01-17 07:57:14,845 [6291adf5-9e71-4549-84cb-13318527388a-groupManagement] INFO  storage.RaftStorageDirectory (RaftStorageDirectoryImpl.java:tryLock(228)) - Lock on /home/runner/work/ozone/ozone/hadoop-ozone/integration-test/target/test-dir/MiniOzoneClusterImpl-df80a8b8-78a2-47d1-a2cb-ee48e7cc81f7/datanode-9/data/ratis/4a2e5a29-a7bd-4ea8-b9b8-0bef4ca69999/in_use.lock acquired by nodename 24650@fv-az1531-837
2024-01-17 07:57:14,846 [8e247bdf-a19d-4cdc-89de-9f1c8249c15f-groupManagement] INFO  storage.RaftStorageDirectory (RaftStorageDirectoryImpl.java:tryLock(228)) - Lock on /home/runner/work/ozone/ozone/hadoop-ozone/integration-test/target/test-dir/MiniOzoneClusterImpl-df80a8b8-78a2-47d1-a2cb-ee48e7cc81f7/datanode-10/data/ratis/4a2e5a29-a7bd-4ea8-b9b8-0bef4ca69999/in_use.lock acquired by nodename 24650@fv-az1531-837
2024-01-17 07:57:14,847 [6291adf5-9e71-4549-84cb-13318527388a-groupManagement] INFO  storage.RaftStorage (RaftStorageImpl.java:format(99)) - Storage directory /home/runner/work/ozone/ozone/hadoop-ozone/integration-test/target/test-dir/MiniOzoneClusterImpl-df80a8b8-78a2-47d1-a2cb-ee48e7cc81f7/datanode-9/data/ratis/4a2e5a29-a7bd-4ea8-b9b8-0bef4ca69999 has been successfully formatted.
2024-01-17 07:57:14,847 [6291adf5-9e71-4549-84cb-13318527388a-groupManagement] WARN  util.FileUtils (LogUtils.java:supplyAndLog(63)) - Failed to Files.newInputStream /home/runner/work/ozone/ozone/hadoop-ozone/integration-test/target/test-dir/MiniOzoneClusterImpl-df80a8b8-78a2-47d1-a2cb-ee48e7cc81f7/datanode-9/data/ratis/4a2e5a29-a7bd-4ea8-b9b8-0bef4ca69999/current/raft-meta.conf with options []: java.nio.file.NoSuchFileException: /home/runner/work/ozone/ozone/hadoop-ozone/integration-test/target/test-dir/MiniOzoneClusterImpl-df80a8b8-78a2-47d1-a2cb-ee48e7cc81f7/datanode-9/data/ratis/4a2e5a29-a7bd-4ea8-b9b8-0bef4ca69999/current/raft-meta.conf
2024-01-17 07:57:14,848 [6291adf5-9e71-4549-84cb-13318527388a-groupManagement] INFO  ratis.ContainerStateMachine (ContainerStateMachine.java:loadSnapshot(287)) - group-0BEF4CA69999: The snapshot info is null. Setting the last applied index to:(t:0, i:~)
2024-01-17 07:57:14,848 [6291adf5-9e71-4549-84cb-13318527388a-groupManagement] INFO  server.RaftServerConfigKeys (ConfUtils.java:logGet(46)) - raft.server.log.use.memory = false (default)
2024-01-17 07:57:14,848 [6291adf5-9e71-4549-84cb-13318527388a-groupManagement] INFO  server.RaftServerConfigKeys (ConfUtils.java:logGet(46)) - raft.server.log.purge.gap = 1000000 (custom)
2024-01-17 07:57:14,848 [8e247bdf-a19d-4cdc-89de-9f1c8249c15f-groupManagement] INFO  storage.RaftStorage (RaftStorageImpl.java:format(99)) - Storage directory /home/runner/work/ozone/ozone/hadoop-ozone/integration-test/target/test-dir/MiniOzoneClusterImpl-df80a8b8-78a2-47d1-a2cb-ee48e7cc81f7/datanode-10/data/ratis/4a2e5a29-a7bd-4ea8-b9b8-0bef4ca69999 has been successfully formatted.
2024-01-17 07:57:14,848 [8e247bdf-a19d-4cdc-89de-9f1c8249c15f-groupManagement] WARN  util.FileUtils (LogUtils.java:supplyAndLog(63)) - Failed to Files.newInputStream /home/runner/work/ozone/ozone/hadoop-ozone/integration-test/target/test-dir/MiniOzoneClusterImpl-df80a8b8-78a2-47d1-a2cb-ee48e7cc81f7/datanode-10/data/ratis/4a2e5a29-a7bd-4ea8-b9b8-0bef4ca69999/current/raft-meta.conf with options []: java.nio.file.NoSuchFileException: /home/runner/work/ozone/ozone/hadoop-ozone/integration-test/target/test-dir/MiniOzoneClusterImpl-df80a8b8-78a2-47d1-a2cb-ee48e7cc81f7/datanode-10/data/ratis/4a2e5a29-a7bd-4ea8-b9b8-0bef4ca69999/current/raft-meta.conf
2024-01-17 07:57:14,849 [8e247bdf-a19d-4cdc-89de-9f1c8249c15f-groupManagement] INFO  ratis.ContainerStateMachine (ContainerStateMachine.java:loadSnapshot(287)) - group-0BEF4CA69999: The snapshot info is null. Setting the last applied index to:(t:0, i:~)
2024-01-17 07:57:14,849 [8e247bdf-a19d-4cdc-89de-9f1c8249c15f-groupManagement] INFO  server.RaftServerConfigKeys (ConfUtils.java:logGet(46)) - raft.server.log.use.memory = false (default)
2024-01-17 07:57:14,849 [8e247bdf-a19d-4cdc-89de-9f1c8249c15f-groupManagement] INFO  server.RaftServerConfigKeys (ConfUtils.java:logGet(46)) - raft.server.log.purge.gap = 1000000 (custom)
2024-01-17 07:57:14,849 [8e247bdf-a19d-4cdc-89de-9f1c8249c15f-groupManagement] INFO  server.RaftServerConfigKeys (ConfUtils.java:logGet(46)) - raft.server.log.appender.buffer.byte-limit = 8388608 (custom)
2024-01-17 07:57:14,849 [8e247bdf-a19d-4cdc-89de-9f1c8249c15f-groupManagement] INFO  server.RaftServerConfigKeys (ConfUtils.java:logGet(46)) - raft.server.log.statemachine.data.read.timeout = 1000ms (default)
2024-01-17 07:57:14,849 [8e247bdf-a19d-4cdc-89de-9f1c8249c15f-groupManagement] INFO  server.RaftServerConfigKeys (ConfUtils.java:logGet(46)) - raft.server.log.purge.preservation.log.num = 0 (default)
2024-01-17 07:57:14,850 [6291adf5-9e71-4549-84cb-13318527388a-groupManagement] INFO  server.RaftServerConfigKeys (ConfUtils.java:logGet(46)) - raft.server.log.appender.buffer.byte-limit = 8388608 (custom)
2024-01-17 07:57:14,850 [6291adf5-9e71-4549-84cb-13318527388a-groupManagement] INFO  server.RaftServerConfigKeys (ConfUtils.java:logGet(46)) - raft.server.log.statemachine.data.read.timeout = 1000ms (default)
2024-01-17 07:57:14,850 [6291adf5-9e71-4549-84cb-13318527388a-groupManagement] INFO  server.RaftServerConfigKeys (ConfUtils.java:logGet(46)) - raft.server.log.purge.preservation.log.num = 0 (default)
2024-01-17 07:57:14,860 [497ccbea-d6cf-4731-95da-fa3df448bf79-PipelineCommandHandlerThread-0] INFO  commandhandler.CreatePipelineCommandHandler (CreatePipelineCommandHandler.java:lambda$handle$2(124)) - Created Pipeline RATIS THREE PipelineID=7bf5b471-0bd1-4859-9a6c-b3d596291f39.
2024-01-17 07:57:14,862 [6291adf5-9e71-4549-84cb-13318527388a-groupManagement] INFO  server.RaftServerConfigKeys (ConfUtils.java:logGet(46)) - raft.server.log.segment.size.max = 67108864 (custom)
2024-01-17 07:57:14,862 [8e247bdf-a19d-4cdc-89de-9f1c8249c15f-groupManagement] INFO  server.RaftServerConfigKeys (ConfUtils.java:logGet(46)) - raft.server.log.segment.size.max = 67108864 (custom)
2024-01-17 07:57:14,863 [6291adf5-9e71-4549-84cb-13318527388a-groupManagement] INFO  server.RaftServerConfigKeys (ConfUtils.java:logGet(46)) - raft.server.log.segment.cache.num.max = 2 (custom)
2024-01-17 07:57:14,863 [6291adf5-9e71-4549-84cb-13318527388a-groupManagement] INFO  server.RaftServerConfigKeys (ConfUtils.java:logGet(46)) - raft.server.log.segment.cache.size.max = 200MB (=209715200) (default)
2024-01-17 07:57:14,863 [6291adf5-9e71-4549-84cb-13318527388a-groupManagement] INFO  server.RaftServerConfigKeys (ConfUtils.java:logGet(46)) - raft.server.log.appender.buffer.byte-limit = 8388608 (custom)
2024-01-17 07:57:14,863 [8e247bdf-a19d-4cdc-89de-9f1c8249c15f-groupManagement] INFO  server.RaftServerConfigKeys (ConfUtils.java:logGet(46)) - raft.server.log.segment.cache.num.max = 2 (custom)
2024-01-17 07:57:14,864 [8e247bdf-a19d-4cdc-89de-9f1c8249c15f-groupManagement] INFO  server.RaftServerConfigKeys (ConfUtils.java:logGet(46)) - raft.server.log.segment.cache.size.max = 200MB (=209715200) (default)
2024-01-17 07:57:14,864 [8e247bdf-a19d-4cdc-89de-9f1c8249c15f-groupManagement] INFO  server.RaftServerConfigKeys (ConfUtils.java:logGet(46)) - raft.server.log.appender.buffer.byte-limit = 8388608 (custom)
2024-01-17 07:57:14,864 [8e247bdf-a19d-4cdc-89de-9f1c8249c15f-PipelineCommandHandlerThread-0] INFO  commandhandler.CreatePipelineCommandHandler (CreatePipelineCommandHandler.java:lambda$handle$2(124)) - Created Pipeline RATIS THREE PipelineID=e2076a16-a9f8-45ca-b73a-dc3439cae577.
2024-01-17 07:57:14,866 [6291adf5-9e71-4549-84cb-13318527388a-groupManagement] INFO  util.AwaitToRun (AwaitToRun.java:start(81)) - Thread[6291adf5-9e71-4549-84cb-13318527388a@group-0BEF4CA69999-cacheEviction-AwaitToRun,5,main] started
2024-01-17 07:57:14,866 [6291adf5-9e71-4549-84cb-13318527388a-groupManagement] INFO  segmented.SegmentedRaftLogWorker (SegmentedRaftLogWorker.java:<init>(182)) - new 6291adf5-9e71-4549-84cb-13318527388a@group-0BEF4CA69999-SegmentedRaftLogWorker for RaftStorageImpl:Storage Directory /home/runner/work/ozone/ozone/hadoop-ozone/integration-test/target/test-dir/MiniOzoneClusterImpl-df80a8b8-78a2-47d1-a2cb-ee48e7cc81f7/datanode-9/data/ratis/4a2e5a29-a7bd-4ea8-b9b8-0bef4ca69999
2024-01-17 07:57:14,866 [6291adf5-9e71-4549-84cb-13318527388a-groupManagement] INFO  server.RaftServerConfigKeys (ConfUtils.java:logGet(46)) - raft.server.log.queue.byte-limit = 4294967296 (custom)
2024-01-17 07:57:14,866 [6291adf5-9e71-4549-84cb-13318527388a-groupManagement] INFO  server.RaftServerConfigKeys (ConfUtils.java:logGet(46)) - raft.server.log.queue.element-limit = 1024 (custom)
2024-01-17 07:57:14,866 [6291adf5-9e71-4549-84cb-13318527388a-groupManagement] INFO  server.RaftServerConfigKeys (ConfUtils.java:logGet(46)) - raft.server.log.segment.size.max = 67108864 (custom)
2024-01-17 07:57:14,866 [6291adf5-9e71-4549-84cb-13318527388a-groupManagement] INFO  server.RaftServerConfigKeys (ConfUtils.java:logGet(46)) - raft.server.log.preallocated.size = 4194304 (custom)
2024-01-17 07:57:14,866 [6291adf5-9e71-4549-84cb-13318527388a-groupManagement] INFO  server.RaftServerConfigKeys (ConfUtils.java:logGet(46)) - raft.server.log.force.sync.num = 128 (default)
2024-01-17 07:57:14,867 [6291adf5-9e71-4549-84cb-13318527388a-groupManagement] INFO  server.RaftServerConfigKeys (ConfUtils.java:logGet(46)) - raft.server.log.statemachine.data.sync = true (default)
2024-01-17 07:57:14,867 [6291adf5-9e71-4549-84cb-13318527388a-groupManagement] INFO  server.RaftServerConfigKeys (ConfUtils.java:logGet(46)) - raft.server.log.statemachine.data.sync.timeout = 10s (default)
2024-01-17 07:57:14,867 [6291adf5-9e71-4549-84cb-13318527388a-groupManagement] INFO  server.RaftServerConfigKeys (ConfUtils.java:logGet(46)) - raft.server.log.statemachine.data.sync.timeout.retry = 0 (custom)
2024-01-17 07:57:14,867 [6291adf5-9e71-4549-84cb-13318527388a-groupManagement] INFO  server.RaftServerConfigKeys (ConfUtils.java:logGet(46)) - raft.server.log.write.buffer.size = 8388616 (custom)
2024-01-17 07:57:14,868 [8e247bdf-a19d-4cdc-89de-9f1c8249c15f-groupManagement] INFO  util.AwaitToRun (AwaitToRun.java:start(81)) - Thread[8e247bdf-a19d-4cdc-89de-9f1c8249c15f@group-0BEF4CA69999-cacheEviction-AwaitToRun,5,main] started
2024-01-17 07:57:14,868 [8e247bdf-a19d-4cdc-89de-9f1c8249c15f-groupManagement] INFO  segmented.SegmentedRaftLogWorker (SegmentedRaftLogWorker.java:<init>(182)) - new 8e247bdf-a19d-4cdc-89de-9f1c8249c15f@group-0BEF4CA69999-SegmentedRaftLogWorker for RaftStorageImpl:Storage Directory /home/runner/work/ozone/ozone/hadoop-ozone/integration-test/target/test-dir/MiniOzoneClusterImpl-df80a8b8-78a2-47d1-a2cb-ee48e7cc81f7/datanode-10/data/ratis/4a2e5a29-a7bd-4ea8-b9b8-0bef4ca69999
2024-01-17 07:57:14,869 [8e247bdf-a19d-4cdc-89de-9f1c8249c15f-groupManagement] INFO  server.RaftServerConfigKeys (ConfUtils.java:logGet(46)) - raft.server.log.queue.byte-limit = 4294967296 (custom)
2024-01-17 07:57:14,869 [8e247bdf-a19d-4cdc-89de-9f1c8249c15f-groupManagement] INFO  server.RaftServerConfigKeys (ConfUtils.java:logGet(46)) - raft.server.log.queue.element-limit = 1024 (custom)
2024-01-17 07:57:14,869 [8e247bdf-a19d-4cdc-89de-9f1c8249c15f-groupManagement] INFO  server.RaftServerConfigKeys (ConfUtils.java:logGet(46)) - raft.server.log.segment.size.max = 67108864 (custom)
2024-01-17 07:57:14,870 [8e247bdf-a19d-4cdc-89de-9f1c8249c15f-groupManagement] INFO  server.RaftServerConfigKeys (ConfUtils.java:logGet(46)) - raft.server.log.preallocated.size = 4194304 (custom)
2024-01-17 07:57:14,870 [6291adf5-9e71-4549-84cb-13318527388a-groupManagement] INFO  server.RaftServerConfigKeys (ConfUtils.java:logGet(46)) - raft.server.log.appender.buffer.byte-limit = 8388608 (custom)
2024-01-17 07:57:14,870 [6291adf5-9e71-4549-84cb-13318527388a-groupManagement] INFO  server.RaftServerConfigKeys (ConfUtils.java:logGet(46)) - raft.server.log.unsafe-flush.enabled = false (default)
2024-01-17 07:57:14,870 [6291adf5-9e71-4549-84cb-13318527388a-groupManagement] INFO  server.RaftServerConfigKeys (ConfUtils.java:logGet(46)) - raft.server.log.async-flush.enabled = false (default)
2024-01-17 07:57:14,870 [6291adf5-9e71-4549-84cb-13318527388a-groupManagement] INFO  server.RaftServerConfigKeys (ConfUtils.java:logGet(46)) - raft.server.log.statemachine.data.caching.enabled = true (custom)
2024-01-17 07:57:14,870 [6291adf5-9e71-4549-84cb-13318527388a-groupManagement] INFO  segmented.SegmentedRaftLogWorker (SegmentedRaftLogWorker.java:lambda$new$0(134)) - 6291adf5-9e71-4549-84cb-13318527388a@group-0BEF4CA69999-SegmentedRaftLogWorker: flushIndex: setUnconditionally 0 -> -1
2024-01-17 07:57:14,871 [6291adf5-9e71-4549-84cb-13318527388a-groupManagement] INFO  segmented.SegmentedRaftLogWorker (SegmentedRaftLogWorker.java:lambda$new$0(134)) - 6291adf5-9e71-4549-84cb-13318527388a@group-0BEF4CA69999-SegmentedRaftLogWorker: safeCacheEvictIndex: setUnconditionally 0 -> -1
2024-01-17 07:57:14,870 [8e247bdf-a19d-4cdc-89de-9f1c8249c15f-groupManagement] INFO  server.RaftServerConfigKeys (ConfUtils.java:logGet(46)) - raft.server.log.force.sync.num = 128 (default)
2024-01-17 07:57:14,871 [6291adf5-9e71-4549-84cb-13318527388a-groupManagement] INFO  server.RaftServer$Division (RaftServerImpl.java:start(396)) - 6291adf5-9e71-4549-84cb-13318527388a@group-0BEF4CA69999: start as a follower, conf=-1: peers:[2f83d896-2cfa-4348-ab65-ff7be0e3606c|10.1.0.6:15113, 6291adf5-9e71-4549-84cb-13318527388a|10.1.0.6:15095, 8e247bdf-a19d-4cdc-89de-9f1c8249c15f|10.1.0.6:15104]|listeners:[], old=null
2024-01-17 07:57:14,871 [6291adf5-9e71-4549-84cb-13318527388a-groupManagement] INFO  server.RaftServer$Division (RaftServerImpl.java:setRole(383)) - 6291adf5-9e71-4549-84cb-13318527388a@group-0BEF4CA69999: changes role from      null to FOLLOWER at term 0 for startAsFollower
2024-01-17 07:57:14,871 [6291adf5-9e71-4549-84cb-13318527388a-groupManagement] INFO  impl.RoleInfo (RoleInfo.java:updateAndGet(139)) - 6291adf5-9e71-4549-84cb-13318527388a: start 6291adf5-9e71-4549-84cb-13318527388a@group-0BEF4CA69999-FollowerState
2024-01-17 07:57:14,871 [8e247bdf-a19d-4cdc-89de-9f1c8249c15f-groupManagement] INFO  server.RaftServerConfigKeys (ConfUtils.java:logGet(46)) - raft.server.log.statemachine.data.sync = true (default)
2024-01-17 07:57:14,872 [8e247bdf-a19d-4cdc-89de-9f1c8249c15f-groupManagement] INFO  server.RaftServerConfigKeys (ConfUtils.java:logGet(46)) - raft.server.log.statemachine.data.sync.timeout = 10s (default)
2024-01-17 07:57:14,872 [8e247bdf-a19d-4cdc-89de-9f1c8249c15f-groupManagement] INFO  server.RaftServerConfigKeys (ConfUtils.java:logGet(46)) - raft.server.log.statemachine.data.sync.timeout.retry = 0 (custom)
2024-01-17 07:57:14,873 [8e247bdf-a19d-4cdc-89de-9f1c8249c15f-groupManagement] INFO  server.RaftServerConfigKeys (ConfUtils.java:logGet(46)) - raft.server.log.write.buffer.size = 8388616 (custom)
2024-01-17 07:57:14,874 [8e247bdf-a19d-4cdc-89de-9f1c8249c15f-groupManagement] INFO  server.RaftServerConfigKeys (ConfUtils.java:logGet(46)) - raft.server.log.appender.buffer.byte-limit = 8388608 (custom)
2024-01-17 07:57:14,874 [8e247bdf-a19d-4cdc-89de-9f1c8249c15f-groupManagement] INFO  server.RaftServerConfigKeys (ConfUtils.java:logGet(46)) - raft.server.log.unsafe-flush.enabled = false (default)
2024-01-17 07:57:14,875 [8e247bdf-a19d-4cdc-89de-9f1c8249c15f-groupManagement] INFO  server.RaftServerConfigKeys (ConfUtils.java:logGet(46)) - raft.server.log.async-flush.enabled = false (default)
2024-01-17 07:57:14,875 [8e247bdf-a19d-4cdc-89de-9f1c8249c15f-groupManagement] INFO  server.RaftServerConfigKeys (ConfUtils.java:logGet(46)) - raft.server.log.statemachine.data.caching.enabled = true (custom)
2024-01-17 07:57:14,875 [8e247bdf-a19d-4cdc-89de-9f1c8249c15f-groupManagement] INFO  segmented.SegmentedRaftLogWorker (SegmentedRaftLogWorker.java:lambda$new$0(134)) - 8e247bdf-a19d-4cdc-89de-9f1c8249c15f@group-0BEF4CA69999-SegmentedRaftLogWorker: flushIndex: setUnconditionally 0 -> -1
2024-01-17 07:57:14,875 [8e247bdf-a19d-4cdc-89de-9f1c8249c15f-groupManagement] INFO  segmented.SegmentedRaftLogWorker (SegmentedRaftLogWorker.java:lambda$new$0(134)) - 8e247bdf-a19d-4cdc-89de-9f1c8249c15f@group-0BEF4CA69999-SegmentedRaftLogWorker: safeCacheEvictIndex: setUnconditionally 0 -> -1
2024-01-17 07:57:14,877 [6291adf5-9e71-4549-84cb-13318527388a-groupManagement] INFO  util.JmxRegister (JmxRegister.java:tryRegister(44)) - Successfully registered JMX Bean with object name Ratis:service=RaftServer,group=group-0BEF4CA69999,id=6291adf5-9e71-4549-84cb-13318527388a
2024-01-17 07:57:14,877 [6291adf5-9e71-4549-84cb-13318527388a-groupManagement] INFO  server.RaftServerConfigKeys (ConfUtils.java:logGet(46)) - raft.server.snapshot.trigger-when-stop.enabled = true (default)
2024-01-17 07:57:14,877 [6291adf5-9e71-4549-84cb-13318527388a-groupManagement] INFO  server.RaftServerConfigKeys (ConfUtils.java:logGet(46)) - raft.server.snapshot.auto.trigger.enabled = true (custom)
2024-01-17 07:57:14,878 [6291adf5-9e71-4549-84cb-13318527388a-groupManagement] INFO  server.RaftServerConfigKeys (ConfUtils.java:logGet(46)) - raft.server.snapshot.auto.trigger.threshold = 10000 (custom)
2024-01-17 07:57:14,878 [6291adf5-9e71-4549-84cb-13318527388a-groupManagement] INFO  server.RaftServerConfigKeys (ConfUtils.java:logGet(46)) - raft.server.snapshot.retention.file.num = 5 (custom)
2024-01-17 07:57:14,878 [6291adf5-9e71-4549-84cb-13318527388a-groupManagement] INFO  server.RaftServerConfigKeys (ConfUtils.java:logGet(46)) - raft.server.log.purge.upto.snapshot.index = false (default)
2024-01-17 07:57:14,878 [6291adf5-9e71-4549-84cb-13318527388a@group-0BEF4CA69999-FollowerState] INFO  server.RaftServerConfigKeys (ConfUtils.java:logFallback(53)) - raft.server.rpc.first-election.timeout.min = 5s (fallback to raft.server.rpc.timeout.min)
2024-01-17 07:57:14,878 [6291adf5-9e71-4549-84cb-13318527388a@group-0BEF4CA69999-FollowerState] INFO  server.RaftServerConfigKeys (ConfUtils.java:logFallback(53)) - raft.server.rpc.first-election.timeout.max = 5200ms (fallback to raft.server.rpc.timeout.max)
2024-01-17 07:57:14,878 [8e247bdf-a19d-4cdc-89de-9f1c8249c15f-groupManagement] INFO  server.RaftServer$Division (RaftServerImpl.java:start(396)) - 8e247bdf-a19d-4cdc-89de-9f1c8249c15f@group-0BEF4CA69999: start as a follower, conf=-1: peers:[2f83d896-2cfa-4348-ab65-ff7be0e3606c|10.1.0.6:15113, 6291adf5-9e71-4549-84cb-13318527388a|10.1.0.6:15095, 8e247bdf-a19d-4cdc-89de-9f1c8249c15f|10.1.0.6:15104]|listeners:[], old=null
2024-01-17 07:57:14,879 [8e247bdf-a19d-4cdc-89de-9f1c8249c15f-groupManagement] INFO  server.RaftServer$Division (RaftServerImpl.java:setRole(383)) - 8e247bdf-a19d-4cdc-89de-9f1c8249c15f@group-0BEF4CA69999: changes role from      null to FOLLOWER at term 0 for startAsFollower
2024-01-17 07:57:14,879 [8e247bdf-a19d-4cdc-89de-9f1c8249c15f-groupManagement] INFO  impl.RoleInfo (RoleInfo.java:updateAndGet(139)) - 8e247bdf-a19d-4cdc-89de-9f1c8249c15f: start 8e247bdf-a19d-4cdc-89de-9f1c8249c15f@group-0BEF4CA69999-FollowerState
2024-01-17 07:57:14,879 [6291adf5-9e71-4549-84cb-13318527388a-PipelineCommandHandlerThread-0] INFO  ratis.XceiverServerRatis (XceiverServerRatis.java:addGroup(842)) - Created group PipelineID=4a2e5a29-a7bd-4ea8-b9b8-0bef4ca69999
2024-01-17 07:57:14,879 [8e247bdf-a19d-4cdc-89de-9f1c8249c15f@group-0BEF4CA69999-FollowerState] INFO  server.RaftServerConfigKeys (ConfUtils.java:logFallback(53)) - raft.server.rpc.first-election.timeout.min = 5s (fallback to raft.server.rpc.timeout.min)
2024-01-17 07:57:14,880 [8e247bdf-a19d-4cdc-89de-9f1c8249c15f@group-0BEF4CA69999-FollowerState] INFO  server.RaftServerConfigKeys (ConfUtils.java:logFallback(53)) - raft.server.rpc.first-election.timeout.max = 5200ms (fallback to raft.server.rpc.timeout.max)
2024-01-17 07:57:14,880 [8e247bdf-a19d-4cdc-89de-9f1c8249c15f-groupManagement] INFO  util.JmxRegister (JmxRegister.java:tryRegister(44)) - Successfully registered JMX Bean with object name Ratis:service=RaftServer,group=group-0BEF4CA69999,id=8e247bdf-a19d-4cdc-89de-9f1c8249c15f
2024-01-17 07:57:14,880 [8e247bdf-a19d-4cdc-89de-9f1c8249c15f-groupManagement] INFO  server.RaftServerConfigKeys (ConfUtils.java:logGet(46)) - raft.server.snapshot.trigger-when-stop.enabled = true (default)
2024-01-17 07:57:14,881 [8e247bdf-a19d-4cdc-89de-9f1c8249c15f-groupManagement] INFO  server.RaftServerConfigKeys (ConfUtils.java:logGet(46)) - raft.server.snapshot.auto.trigger.enabled = true (custom)
2024-01-17 07:57:14,881 [8e247bdf-a19d-4cdc-89de-9f1c8249c15f-groupManagement] INFO  server.RaftServerConfigKeys (ConfUtils.java:logGet(46)) - raft.server.snapshot.auto.trigger.threshold = 10000 (custom)
2024-01-17 07:57:14,881 [8e247bdf-a19d-4cdc-89de-9f1c8249c15f-groupManagement] INFO  server.RaftServerConfigKeys (ConfUtils.java:logGet(46)) - raft.server.snapshot.retention.file.num = 5 (custom)
2024-01-17 07:57:14,881 [8e247bdf-a19d-4cdc-89de-9f1c8249c15f-groupManagement] INFO  server.RaftServerConfigKeys (ConfUtils.java:logGet(46)) - raft.server.log.purge.upto.snapshot.index = false (default)
2024-01-17 07:57:14,917 [2f83d896-2cfa-4348-ab65-ff7be0e3606c-PipelineCommandHandlerThread-0] INFO  commandhandler.CreatePipelineCommandHandler (CreatePipelineCommandHandler.java:lambda$handle$2(124)) - Created Pipeline RATIS THREE PipelineID=4a2e5a29-a7bd-4ea8-b9b8-0bef4ca69999.
2024-01-17 07:57:14,923 [6291adf5-9e71-4549-84cb-13318527388a-PipelineCommandHandlerThread-0] INFO  commandhandler.CreatePipelineCommandHandler (CreatePipelineCommandHandler.java:lambda$handle$2(124)) - Created Pipeline RATIS THREE PipelineID=4a2e5a29-a7bd-4ea8-b9b8-0bef4ca69999.
2024-01-17 07:57:14,954 [main] INFO  ozone.MiniOzoneClusterImpl (MiniOzoneClusterImpl.java:lambda$waitForClusterToBeReady$0(229)) - Nodes are ready. Got 14 of 14 DN Heartbeats.
2024-01-17 07:57:14,954 [main] INFO  ozone.MiniOzoneClusterImpl (MiniOzoneClusterImpl.java:lambda$waitForClusterToBeReady$0(232)) - Waiting for cluster to exit safe mode
2024-01-17 07:57:14,954 [main] INFO  ozone.MiniOzoneClusterImpl (MiniOzoneClusterImpl.java:lambda$waitForClusterToBeReady$0(234)) - SCM became leader
2024-01-17 07:57:15,954 [main] INFO  ozone.MiniOzoneClusterImpl (MiniOzoneClusterImpl.java:lambda$waitForClusterToBeReady$0(229)) - Nodes are ready. Got 14 of 14 DN Heartbeats.
2024-01-17 07:57:15,955 [main] INFO  ozone.MiniOzoneClusterImpl (MiniOzoneClusterImpl.java:lambda$waitForClusterToBeReady$0(232)) - Waiting for cluster to exit safe mode
2024-01-17 07:57:15,955 [main] INFO  ozone.MiniOzoneClusterImpl (MiniOzoneClusterImpl.java:lambda$waitForClusterToBeReady$0(234)) - SCM became leader
2024-01-17 07:57:16,955 [main] INFO  ozone.MiniOzoneClusterImpl (MiniOzoneClusterImpl.java:lambda$waitForClusterToBeReady$0(229)) - Nodes are ready. Got 14 of 14 DN Heartbeats.
2024-01-17 07:57:16,955 [main] INFO  ozone.MiniOzoneClusterImpl (MiniOzoneClusterImpl.java:lambda$waitForClusterToBeReady$0(232)) - Waiting for cluster to exit safe mode
2024-01-17 07:57:16,955 [main] INFO  ozone.MiniOzoneClusterImpl (MiniOzoneClusterImpl.java:lambda$waitForClusterToBeReady$0(234)) - SCM became leader
2024-01-17 07:57:17,956 [main] INFO  ozone.MiniOzoneClusterImpl (MiniOzoneClusterImpl.java:lambda$waitForClusterToBeReady$0(229)) - Nodes are ready. Got 14 of 14 DN Heartbeats.
2024-01-17 07:57:17,956 [main] INFO  ozone.MiniOzoneClusterImpl (MiniOzoneClusterImpl.java:lambda$waitForClusterToBeReady$0(232)) - Waiting for cluster to exit safe mode
2024-01-17 07:57:17,956 [main] INFO  ozone.MiniOzoneClusterImpl (MiniOzoneClusterImpl.java:lambda$waitForClusterToBeReady$0(234)) - SCM became leader
2024-01-17 07:57:18,513 [e98e7f84-7e90-42c0-bf2b-bf94ba8f7864@group-8A4ADBE0A429-FollowerState] INFO  impl.FollowerState (FollowerState.java:run(143)) - e98e7f84-7e90-42c0-bf2b-bf94ba8f7864@group-8A4ADBE0A429-FollowerState: change to CANDIDATE, lastRpcElapsedTime:5141419863ns, electionTimeout:5133ms
2024-01-17 07:57:18,513 [e98e7f84-7e90-42c0-bf2b-bf94ba8f7864@group-8A4ADBE0A429-FollowerState] INFO  impl.RoleInfo (RoleInfo.java:shutdownFollowerState(110)) - e98e7f84-7e90-42c0-bf2b-bf94ba8f7864: shutdown e98e7f84-7e90-42c0-bf2b-bf94ba8f7864@group-8A4ADBE0A429-FollowerState
2024-01-17 07:57:18,513 [e98e7f84-7e90-42c0-bf2b-bf94ba8f7864@group-8A4ADBE0A429-FollowerState] INFO  server.RaftServer$Division (RaftServerImpl.java:setRole(383)) - e98e7f84-7e90-42c0-bf2b-bf94ba8f7864@group-8A4ADBE0A429: changes role from  FOLLOWER to CANDIDATE at term 0 for changeToCandidate
2024-01-17 07:57:18,513 [e98e7f84-7e90-42c0-bf2b-bf94ba8f7864@group-8A4ADBE0A429-FollowerState] INFO  server.RaftServerConfigKeys (ConfUtils.java:logGet(46)) - raft.server.leaderelection.pre-vote = true (default)
2024-01-17 07:57:18,513 [e98e7f84-7e90-42c0-bf2b-bf94ba8f7864@group-8A4ADBE0A429-FollowerState] INFO  impl.RoleInfo (RoleInfo.java:updateAndGet(139)) - e98e7f84-7e90-42c0-bf2b-bf94ba8f7864: start e98e7f84-7e90-42c0-bf2b-bf94ba8f7864@group-8A4ADBE0A429-LeaderElection2
2024-01-17 07:57:18,516 [e98e7f84-7e90-42c0-bf2b-bf94ba8f7864@group-8A4ADBE0A429-LeaderElection2] INFO  impl.LeaderElection (LeaderElection.java:askForVotes(321)) - e98e7f84-7e90-42c0-bf2b-bf94ba8f7864@group-8A4ADBE0A429-LeaderElection2 PRE_VOTE round 0: submit vote requests at term 0 for -1: peers:[e98e7f84-7e90-42c0-bf2b-bf94ba8f7864|10.1.0.6:15014, 597b9f4b-0aac-4425-bf2d-48884e3709f6|10.1.0.6:15023, 1bb81a9c-1547-435f-9d81-d5fca49fbc06|10.1.0.6:15032]|listeners:[], old=null
2024-01-17 07:57:18,520 [e98e7f84-7e90-42c0-bf2b-bf94ba8f7864@group-8A4ADBE0A429-LeaderElection2] INFO  server.RaftServerConfigKeys (ConfUtils.java:logFallback(53)) - raft.server.rpc.first-election.timeout.min = 5s (fallback to raft.server.rpc.timeout.min)
2024-01-17 07:57:18,520 [e98e7f84-7e90-42c0-bf2b-bf94ba8f7864@group-8A4ADBE0A429-LeaderElection2] INFO  server.RaftServerConfigKeys (ConfUtils.java:logFallback(53)) - raft.server.rpc.first-election.timeout.max = 5200ms (fallback to raft.server.rpc.timeout.max)
2024-01-17 07:57:18,520 [e98e7f84-7e90-42c0-bf2b-bf94ba8f7864@group-8A4ADBE0A429-LeaderElection2-1] INFO  server.GrpcServerProtocolClient (GrpcServerProtocolClient.java:<init>(65)) - Build channel for 597b9f4b-0aac-4425-bf2d-48884e3709f6|10.1.0.6:15023
2024-01-17 07:57:18,520 [e98e7f84-7e90-42c0-bf2b-bf94ba8f7864@group-8A4ADBE0A429-LeaderElection2-2] INFO  server.GrpcServerProtocolClient (GrpcServerProtocolClient.java:<init>(65)) - Build channel for 1bb81a9c-1547-435f-9d81-d5fca49fbc06|10.1.0.6:15032
2024-01-17 07:57:18,529 [grpc-default-executor-1] INFO  server.RaftServer$Division (RaftServerImpl.java:requestVote(1389)) - 597b9f4b-0aac-4425-bf2d-48884e3709f6@group-8A4ADBE0A429: receive requestVote(PRE_VOTE, e98e7f84-7e90-42c0-bf2b-bf94ba8f7864, group-8A4ADBE0A429, 0, (t:0, i:0))
2024-01-17 07:57:18,529 [grpc-default-executor-2] INFO  server.RaftServer$Division (RaftServerImpl.java:requestVote(1389)) - 1bb81a9c-1547-435f-9d81-d5fca49fbc06@group-8A4ADBE0A429: receive requestVote(PRE_VOTE, e98e7f84-7e90-42c0-bf2b-bf94ba8f7864, group-8A4ADBE0A429, 0, (t:0, i:0))
2024-01-17 07:57:18,530 [grpc-default-executor-2] INFO  impl.VoteContext (VoteContext.java:log(49)) - 1bb81a9c-1547-435f-9d81-d5fca49fbc06@group-8A4ADBE0A429-FOLLOWER: reject PRE_VOTE from e98e7f84-7e90-42c0-bf2b-bf94ba8f7864: our priority 1 > candidate's priority 0
2024-01-17 07:57:18,530 [grpc-default-executor-1] INFO  impl.VoteContext (VoteContext.java:log(49)) - 597b9f4b-0aac-4425-bf2d-48884e3709f6@group-8A4ADBE0A429-FOLLOWER: accept PRE_VOTE from e98e7f84-7e90-42c0-bf2b-bf94ba8f7864: our priority 0 <= candidate's priority 0
2024-01-17 07:57:18,533 [grpc-default-executor-2] INFO  server.RaftServer$Division (RaftServerImpl.java:requestVote(1422)) - 1bb81a9c-1547-435f-9d81-d5fca49fbc06@group-8A4ADBE0A429 replies to PRE_VOTE vote request: e98e7f84-7e90-42c0-bf2b-bf94ba8f7864<-1bb81a9c-1547-435f-9d81-d5fca49fbc06#0:FAIL-t0. Peer's state: 1bb81a9c-1547-435f-9d81-d5fca49fbc06@group-8A4ADBE0A429:t0, leader=null, voted=, raftlog=Memoized:1bb81a9c-1547-435f-9d81-d5fca49fbc06@group-8A4ADBE0A429-SegmentedRaftLog:OPENED:c-1, conf=-1: peers:[e98e7f84-7e90-42c0-bf2b-bf94ba8f7864|10.1.0.6:15014, 597b9f4b-0aac-4425-bf2d-48884e3709f6|10.1.0.6:15023, 1bb81a9c-1547-435f-9d81-d5fca49fbc06|10.1.0.6:15032]|listeners:[], old=null
2024-01-17 07:57:18,533 [grpc-default-executor-1] INFO  server.RaftServer$Division (RaftServerImpl.java:requestVote(1422)) - 597b9f4b-0aac-4425-bf2d-48884e3709f6@group-8A4ADBE0A429 replies to PRE_VOTE vote request: e98e7f84-7e90-42c0-bf2b-bf94ba8f7864<-597b9f4b-0aac-4425-bf2d-48884e3709f6#0:OK-t0. Peer's state: 597b9f4b-0aac-4425-bf2d-48884e3709f6@group-8A4ADBE0A429:t0, leader=null, voted=, raftlog=Memoized:597b9f4b-0aac-4425-bf2d-48884e3709f6@group-8A4ADBE0A429-SegmentedRaftLog:OPENED:c-1, conf=-1: peers:[e98e7f84-7e90-42c0-bf2b-bf94ba8f7864|10.1.0.6:15014, 597b9f4b-0aac-4425-bf2d-48884e3709f6|10.1.0.6:15023, 1bb81a9c-1547-435f-9d81-d5fca49fbc06|10.1.0.6:15032]|listeners:[], old=null
2024-01-17 07:57:18,537 [e98e7f84-7e90-42c0-bf2b-bf94ba8f7864@group-8A4ADBE0A429-LeaderElection2] INFO  impl.LeaderElection (LeaderElection.java:logAndReturn(89)) - e98e7f84-7e90-42c0-bf2b-bf94ba8f7864@group-8A4ADBE0A429-LeaderElection2: PRE_VOTE REJECTED received 1 response(s) and 0 exception(s):
2024-01-17 07:57:18,537 [e98e7f84-7e90-42c0-bf2b-bf94ba8f7864@group-8A4ADBE0A429-LeaderElection2] INFO  impl.LeaderElection (LeaderElection.java:logAndReturn(93)) -   Response 0: e98e7f84-7e90-42c0-bf2b-bf94ba8f7864<-1bb81a9c-1547-435f-9d81-d5fca49fbc06#0:FAIL-t0
2024-01-17 07:57:18,537 [e98e7f84-7e90-42c0-bf2b-bf94ba8f7864@group-8A4ADBE0A429-LeaderElection2] INFO  impl.LeaderElection (LeaderElection.java:askForVotes(323)) - e98e7f84-7e90-42c0-bf2b-bf94ba8f7864@group-8A4ADBE0A429-LeaderElection2 PRE_VOTE round 0: result REJECTED
2024-01-17 07:57:18,540 [e98e7f84-7e90-42c0-bf2b-bf94ba8f7864@group-8A4ADBE0A429-LeaderElection2] INFO  server.RaftServer$Division (RaftServerImpl.java:setRole(383)) - e98e7f84-7e90-42c0-bf2b-bf94ba8f7864@group-8A4ADBE0A429: changes role from CANDIDATE to FOLLOWER at term 0 for REJECTED
2024-01-17 07:57:18,540 [e98e7f84-7e90-42c0-bf2b-bf94ba8f7864@group-8A4ADBE0A429-LeaderElection2] INFO  impl.RoleInfo (RoleInfo.java:shutdownLeaderElection(130)) - e98e7f84-7e90-42c0-bf2b-bf94ba8f7864: shutdown e98e7f84-7e90-42c0-bf2b-bf94ba8f7864@group-8A4ADBE0A429-LeaderElection2
2024-01-17 07:57:18,540 [e98e7f84-7e90-42c0-bf2b-bf94ba8f7864@group-8A4ADBE0A429-LeaderElection2] INFO  impl.RoleInfo (RoleInfo.java:updateAndGet(139)) - e98e7f84-7e90-42c0-bf2b-bf94ba8f7864: start e98e7f84-7e90-42c0-bf2b-bf94ba8f7864@group-8A4ADBE0A429-FollowerState
2024-01-17 07:57:18,540 [e98e7f84-7e90-42c0-bf2b-bf94ba8f7864@group-8A4ADBE0A429-LeaderElection2] INFO  server.RaftServer$Division (RaftServerImpl.java:setFirstElection(574)) - e98e7f84-7e90-42c0-bf2b-bf94ba8f7864@group-8A4ADBE0A429: set firstElectionSinceStartup to false for REJECTED
2024-01-17 07:57:18,576 [597b9f4b-0aac-4425-bf2d-48884e3709f6@group-8A4ADBE0A429-FollowerState] INFO  server.RaftServerConfigKeys (ConfUtils.java:logFallback(53)) - raft.server.rpc.first-election.timeout.min = 5s (fallback to raft.server.rpc.timeout.min)
2024-01-17 07:57:18,576 [597b9f4b-0aac-4425-bf2d-48884e3709f6@group-8A4ADBE0A429-FollowerState] INFO  server.RaftServerConfigKeys (ConfUtils.java:logFallback(53)) - raft.server.rpc.first-election.timeout.max = 5200ms (fallback to raft.server.rpc.timeout.max)
2024-01-17 07:57:18,586 [1bb81a9c-1547-435f-9d81-d5fca49fbc06@group-8A4ADBE0A429-FollowerState] INFO  impl.FollowerState (FollowerState.java:run(143)) - 1bb81a9c-1547-435f-9d81-d5fca49fbc06@group-8A4ADBE0A429-FollowerState: change to CANDIDATE, lastRpcElapsedTime:5026679744ns, electionTimeout:5018ms
2024-01-17 07:57:18,587 [1bb81a9c-1547-435f-9d81-d5fca49fbc06@group-8A4ADBE0A429-FollowerState] INFO  impl.RoleInfo (RoleInfo.java:shutdownFollowerState(110)) - 1bb81a9c-1547-435f-9d81-d5fca49fbc06: shutdown 1bb81a9c-1547-435f-9d81-d5fca49fbc06@group-8A4ADBE0A429-FollowerState
2024-01-17 07:57:18,587 [1bb81a9c-1547-435f-9d81-d5fca49fbc06@group-8A4ADBE0A429-FollowerState] INFO  server.RaftServer$Division (RaftServerImpl.java:setRole(383)) - 1bb81a9c-1547-435f-9d81-d5fca49fbc06@group-8A4ADBE0A429: changes role from  FOLLOWER to CANDIDATE at term 0 for changeToCandidate
2024-01-17 07:57:18,587 [1bb81a9c-1547-435f-9d81-d5fca49fbc06@group-8A4ADBE0A429-FollowerState] INFO  server.RaftServerConfigKeys (ConfUtils.java:logGet(46)) - raft.server.leaderelection.pre-vote = true (default)
2024-01-17 07:57:18,587 [1bb81a9c-1547-435f-9d81-d5fca49fbc06@group-8A4ADBE0A429-FollowerState] INFO  impl.RoleInfo (RoleInfo.java:updateAndGet(139)) - 1bb81a9c-1547-435f-9d81-d5fca49fbc06: start 1bb81a9c-1547-435f-9d81-d5fca49fbc06@group-8A4ADBE0A429-LeaderElection3
2024-01-17 07:57:18,588 [1bb81a9c-1547-435f-9d81-d5fca49fbc06@group-8A4ADBE0A429-LeaderElection3] INFO  impl.LeaderElection (LeaderElection.java:askForVotes(321)) - 1bb81a9c-1547-435f-9d81-d5fca49fbc06@group-8A4ADBE0A429-LeaderElection3 PRE_VOTE round 0: submit vote requests at term 0 for -1: peers:[e98e7f84-7e90-42c0-bf2b-bf94ba8f7864|10.1.0.6:15014, 597b9f4b-0aac-4425-bf2d-48884e3709f6|10.1.0.6:15023, 1bb81a9c-1547-435f-9d81-d5fca49fbc06|10.1.0.6:15032]|listeners:[], old=null
2024-01-17 07:57:18,588 [1bb81a9c-1547-435f-9d81-d5fca49fbc06@group-8A4ADBE0A429-LeaderElection3-1] INFO  server.GrpcServerProtocolClient (GrpcServerProtocolClient.java:<init>(65)) - Build channel for e98e7f84-7e90-42c0-bf2b-bf94ba8f7864|10.1.0.6:15014
2024-01-17 07:57:18,588 [1bb81a9c-1547-435f-9d81-d5fca49fbc06@group-8A4ADBE0A429-LeaderElection3] INFO  server.RaftServerConfigKeys (ConfUtils.java:logFallback(53)) - raft.server.rpc.first-election.timeout.min = 5s (fallback to raft.server.rpc.timeout.min)
2024-01-17 07:57:18,589 [1bb81a9c-1547-435f-9d81-d5fca49fbc06@group-8A4ADBE0A429-LeaderElection3] INFO  server.RaftServerConfigKeys (ConfUtils.java:logFallback(53)) - raft.server.rpc.first-election.timeout.max = 5200ms (fallback to raft.server.rpc.timeout.max)
2024-01-17 07:57:18,589 [1bb81a9c-1547-435f-9d81-d5fca49fbc06@group-8A4ADBE0A429-LeaderElection3-2] INFO  server.GrpcServerProtocolClient (GrpcServerProtocolClient.java:<init>(65)) - Build channel for 597b9f4b-0aac-4425-bf2d-48884e3709f6|10.1.0.6:15023
2024-01-17 07:57:18,595 [grpc-default-executor-2] INFO  server.RaftServer$Division (RaftServerImpl.java:requestVote(1389)) - e98e7f84-7e90-42c0-bf2b-bf94ba8f7864@group-8A4ADBE0A429: receive requestVote(PRE_VOTE, 1bb81a9c-1547-435f-9d81-d5fca49fbc06, group-8A4ADBE0A429, 0, (t:0, i:0))
2024-01-17 07:57:18,595 [grpc-default-executor-1] INFO  server.RaftServer$Division (RaftServerImpl.java:requestVote(1389)) - 597b9f4b-0aac-4425-bf2d-48884e3709f6@group-8A4ADBE0A429: receive requestVote(PRE_VOTE, 1bb81a9c-1547-435f-9d81-d5fca49fbc06, group-8A4ADBE0A429, 0, (t:0, i:0))
2024-01-17 07:57:18,595 [grpc-default-executor-2] INFO  impl.VoteContext (VoteContext.java:log(49)) - e98e7f84-7e90-42c0-bf2b-bf94ba8f7864@group-8A4ADBE0A429-FOLLOWER: accept PRE_VOTE from 1bb81a9c-1547-435f-9d81-d5fca49fbc06: our priority 0 <= candidate's priority 1
2024-01-17 07:57:18,595 [grpc-default-executor-1] INFO  impl.VoteContext (VoteContext.java:log(49)) - 597b9f4b-0aac-4425-bf2d-48884e3709f6@group-8A4ADBE0A429-FOLLOWER: accept PRE_VOTE from 1bb81a9c-1547-435f-9d81-d5fca49fbc06: our priority 0 <= candidate's priority 1
2024-01-17 07:57:18,595 [grpc-default-executor-2] INFO  server.RaftServer$Division (RaftServerImpl.java:requestVote(1422)) - e98e7f84-7e90-42c0-bf2b-bf94ba8f7864@group-8A4ADBE0A429 replies to PRE_VOTE vote request: 1bb81a9c-1547-435f-9d81-d5fca49fbc06<-e98e7f84-7e90-42c0-bf2b-bf94ba8f7864#0:OK-t0. Peer's state: e98e7f84-7e90-42c0-bf2b-bf94ba8f7864@group-8A4ADBE0A429:t0, leader=null, voted=, raftlog=Memoized:e98e7f84-7e90-42c0-bf2b-bf94ba8f7864@group-8A4ADBE0A429-SegmentedRaftLog:OPENED:c-1, conf=-1: peers:[e98e7f84-7e90-42c0-bf2b-bf94ba8f7864|10.1.0.6:15014, 597b9f4b-0aac-4425-bf2d-48884e3709f6|10.1.0.6:15023, 1bb81a9c-1547-435f-9d81-d5fca49fbc06|10.1.0.6:15032]|listeners:[], old=null
2024-01-17 07:57:18,595 [grpc-default-executor-1] INFO  server.RaftServer$Division (RaftServerImpl.java:requestVote(1422)) - 597b9f4b-0aac-4425-bf2d-48884e3709f6@group-8A4ADBE0A429 replies to PRE_VOTE vote request: 1bb81a9c-1547-435f-9d81-d5fca49fbc06<-597b9f4b-0aac-4425-bf2d-48884e3709f6#0:OK-t0. Peer's state: 597b9f4b-0aac-4425-bf2d-48884e3709f6@group-8A4ADBE0A429:t0, leader=null, voted=, raftlog=Memoized:597b9f4b-0aac-4425-bf2d-48884e3709f6@group-8A4ADBE0A429-SegmentedRaftLog:OPENED:c-1, conf=-1: peers:[e98e7f84-7e90-42c0-bf2b-bf94ba8f7864|10.1.0.6:15014, 597b9f4b-0aac-4425-bf2d-48884e3709f6|10.1.0.6:15023, 1bb81a9c-1547-435f-9d81-d5fca49fbc06|10.1.0.6:15032]|listeners:[], old=null
2024-01-17 07:57:18,597 [1bb81a9c-1547-435f-9d81-d5fca49fbc06@group-8A4ADBE0A429-LeaderElection3] INFO  impl.LeaderElection (LeaderElection.java:logAndReturn(89)) - 1bb81a9c-1547-435f-9d81-d5fca49fbc06@group-8A4ADBE0A429-LeaderElection3: PRE_VOTE PASSED received 1 response(s) and 0 exception(s):
2024-01-17 07:57:18,597 [1bb81a9c-1547-435f-9d81-d5fca49fbc06@group-8A4ADBE0A429-LeaderElection3] INFO  impl.LeaderElection (LeaderElection.java:logAndReturn(93)) -   Response 0: 1bb81a9c-1547-435f-9d81-d5fca49fbc06<-597b9f4b-0aac-4425-bf2d-48884e3709f6#0:OK-t0
2024-01-17 07:57:18,598 [1bb81a9c-1547-435f-9d81-d5fca49fbc06@group-8A4ADBE0A429-LeaderElection3] INFO  impl.LeaderElection (LeaderElection.java:askForVotes(323)) - 1bb81a9c-1547-435f-9d81-d5fca49fbc06@group-8A4ADBE0A429-LeaderElection3 PRE_VOTE round 0: result PASSED
2024-01-17 07:57:18,601 [1bb81a9c-1547-435f-9d81-d5fca49fbc06@group-8A4ADBE0A429-LeaderElection3] INFO  impl.LeaderElection (LeaderElection.java:askForVotes(321)) - 1bb81a9c-1547-435f-9d81-d5fca49fbc06@group-8A4ADBE0A429-LeaderElection3 ELECTION round 0: submit vote requests at term 1 for -1: peers:[e98e7f84-7e90-42c0-bf2b-bf94ba8f7864|10.1.0.6:15014, 597b9f4b-0aac-4425-bf2d-48884e3709f6|10.1.0.6:15023, 1bb81a9c-1547-435f-9d81-d5fca49fbc06|10.1.0.6:15032]|listeners:[], old=null
2024-01-17 07:57:18,602 [1bb81a9c-1547-435f-9d81-d5fca49fbc06@group-8A4ADBE0A429-LeaderElection3] INFO  server.RaftServerConfigKeys (ConfUtils.java:logFallback(53)) - raft.server.rpc.first-election.timeout.min = 5s (fallback to raft.server.rpc.timeout.min)
2024-01-17 07:57:18,602 [1bb81a9c-1547-435f-9d81-d5fca49fbc06@group-8A4ADBE0A429-LeaderElection3] INFO  server.RaftServerConfigKeys (ConfUtils.java:logFallback(53)) - raft.server.rpc.first-election.timeout.max = 5200ms (fallback to raft.server.rpc.timeout.max)
2024-01-17 07:57:18,603 [grpc-default-executor-2] INFO  server.RaftServer$Division (RaftServerImpl.java:requestVote(1389)) - 597b9f4b-0aac-4425-bf2d-48884e3709f6@group-8A4ADBE0A429: receive requestVote(ELECTION, 1bb81a9c-1547-435f-9d81-d5fca49fbc06, group-8A4ADBE0A429, 1, (t:0, i:0))
2024-01-17 07:57:18,603 [grpc-default-executor-2] INFO  impl.VoteContext (VoteContext.java:log(49)) - 597b9f4b-0aac-4425-bf2d-48884e3709f6@group-8A4ADBE0A429-FOLLOWER: accept ELECTION from 1bb81a9c-1547-435f-9d81-d5fca49fbc06: our priority 0 <= candidate's priority 1
2024-01-17 07:57:18,603 [grpc-default-executor-2] INFO  server.RaftServer$Division (RaftServerImpl.java:setRole(383)) - 597b9f4b-0aac-4425-bf2d-48884e3709f6@group-8A4ADBE0A429: changes role from  FOLLOWER to FOLLOWER at term 1 for candidate:1bb81a9c-1547-435f-9d81-d5fca49fbc06
2024-01-17 07:57:18,603 [grpc-default-executor-2] INFO  impl.RoleInfo (RoleInfo.java:shutdownFollowerState(110)) - 597b9f4b-0aac-4425-bf2d-48884e3709f6: shutdown 597b9f4b-0aac-4425-bf2d-48884e3709f6@group-8A4ADBE0A429-FollowerState
2024-01-17 07:57:18,604 [grpc-default-executor-2] INFO  impl.RoleInfo (RoleInfo.java:updateAndGet(139)) - 597b9f4b-0aac-4425-bf2d-48884e3709f6: start 597b9f4b-0aac-4425-bf2d-48884e3709f6@group-8A4ADBE0A429-FollowerState
2024-01-17 07:57:18,604 [597b9f4b-0aac-4425-bf2d-48884e3709f6@group-8A4ADBE0A429-FollowerState] INFO  impl.FollowerState (FollowerState.java:run(152)) - 597b9f4b-0aac-4425-bf2d-48884e3709f6@group-8A4ADBE0A429-FollowerState was interrupted
2024-01-17 07:57:18,604 [grpc-default-executor-2] INFO  server.RaftServer$Division (RaftServerImpl.java:setFirstElection(574)) - 597b9f4b-0aac-4425-bf2d-48884e3709f6@group-8A4ADBE0A429: set firstElectionSinceStartup to false for candidate:1bb81a9c-1547-435f-9d81-d5fca49fbc06
2024-01-17 07:57:18,608 [grpc-default-executor-2] INFO  server.RaftServer$Division (RaftServerImpl.java:requestVote(1422)) - 597b9f4b-0aac-4425-bf2d-48884e3709f6@group-8A4ADBE0A429 replies to ELECTION vote request: 1bb81a9c-1547-435f-9d81-d5fca49fbc06<-597b9f4b-0aac-4425-bf2d-48884e3709f6#0:OK-t1. Peer's state: 597b9f4b-0aac-4425-bf2d-48884e3709f6@group-8A4ADBE0A429:t1, leader=null, voted=1bb81a9c-1547-435f-9d81-d5fca49fbc06, raftlog=Memoized:597b9f4b-0aac-4425-bf2d-48884e3709f6@group-8A4ADBE0A429-SegmentedRaftLog:OPENED:c-1, conf=-1: peers:[e98e7f84-7e90-42c0-bf2b-bf94ba8f7864|10.1.0.6:15014, 597b9f4b-0aac-4425-bf2d-48884e3709f6|10.1.0.6:15023, 1bb81a9c-1547-435f-9d81-d5fca49fbc06|10.1.0.6:15032]|listeners:[], old=null
2024-01-17 07:57:18,608 [grpc-default-executor-1] INFO  server.RaftServer$Division (RaftServerImpl.java:requestVote(1389)) - e98e7f84-7e90-42c0-bf2b-bf94ba8f7864@group-8A4ADBE0A429: receive requestVote(ELECTION, 1bb81a9c-1547-435f-9d81-d5fca49fbc06, group-8A4ADBE0A429, 1, (t:0, i:0))
2024-01-17 07:57:18,609 [grpc-default-executor-1] INFO  impl.VoteContext (VoteContext.java:log(49)) - e98e7f84-7e90-42c0-bf2b-bf94ba8f7864@group-8A4ADBE0A429-FOLLOWER: accept ELECTION from 1bb81a9c-1547-435f-9d81-d5fca49fbc06: our priority 0 <= candidate's priority 1
2024-01-17 07:57:18,609 [grpc-default-executor-1] INFO  server.RaftServer$Division (RaftServerImpl.java:setRole(383)) - e98e7f84-7e90-42c0-bf2b-bf94ba8f7864@group-8A4ADBE0A429: changes role from  FOLLOWER to FOLLOWER at term 1 for candidate:1bb81a9c-1547-435f-9d81-d5fca49fbc06
2024-01-17 07:57:18,609 [grpc-default-executor-1] INFO  impl.RoleInfo (RoleInfo.java:shutdownFollowerState(110)) - e98e7f84-7e90-42c0-bf2b-bf94ba8f7864: shutdown e98e7f84-7e90-42c0-bf2b-bf94ba8f7864@group-8A4ADBE0A429-FollowerState
2024-01-17 07:57:18,609 [grpc-default-executor-1] INFO  impl.RoleInfo (RoleInfo.java:updateAndGet(139)) - e98e7f84-7e90-42c0-bf2b-bf94ba8f7864: start e98e7f84-7e90-42c0-bf2b-bf94ba8f7864@group-8A4ADBE0A429-FollowerState
2024-01-17 07:57:18,609 [1bb81a9c-1547-435f-9d81-d5fca49fbc06@group-8A4ADBE0A429-LeaderElection3] INFO  impl.LeaderElection (LeaderElection.java:logAndReturn(89)) - 1bb81a9c-1547-435f-9d81-d5fca49fbc06@group-8A4ADBE0A429-LeaderElection3: ELECTION PASSED received 1 response(s) and 0 exception(s):
2024-01-17 07:57:18,609 [1bb81a9c-1547-435f-9d81-d5fca49fbc06@group-8A4ADBE0A429-LeaderElection3] INFO  impl.LeaderElection (LeaderElection.java:logAndReturn(93)) -   Response 0: 1bb81a9c-1547-435f-9d81-d5fca49fbc06<-597b9f4b-0aac-4425-bf2d-48884e3709f6#0:OK-t1
2024-01-17 07:57:18,609 [1bb81a9c-1547-435f-9d81-d5fca49fbc06@group-8A4ADBE0A429-LeaderElection3] INFO  impl.LeaderElection (LeaderElection.java:askForVotes(323)) - 1bb81a9c-1547-435f-9d81-d5fca49fbc06@group-8A4ADBE0A429-LeaderElection3 ELECTION round 0: result PASSED
2024-01-17 07:57:18,610 [1bb81a9c-1547-435f-9d81-d5fca49fbc06@group-8A4ADBE0A429-LeaderElection3] INFO  impl.RoleInfo (RoleInfo.java:shutdownLeaderElection(130)) - 1bb81a9c-1547-435f-9d81-d5fca49fbc06: shutdown 1bb81a9c-1547-435f-9d81-d5fca49fbc06@group-8A4ADBE0A429-LeaderElection3
2024-01-17 07:57:18,610 [1bb81a9c-1547-435f-9d81-d5fca49fbc06@group-8A4ADBE0A429-LeaderElection3] INFO  server.RaftServer$Division (RaftServerImpl.java:setRole(383)) - 1bb81a9c-1547-435f-9d81-d5fca49fbc06@group-8A4ADBE0A429: changes role from CANDIDATE to LEADER at term 1 for changeToLeader
2024-01-17 07:57:18,610 [1bb81a9c-1547-435f-9d81-d5fca49fbc06@group-8A4ADBE0A429-LeaderElection3] INFO  server.RaftServerConfigKeys (ConfUtils.java:logGet(46)) - raft.server.staging.catchup.gap = 1000 (default)
2024-01-17 07:57:18,610 [e98e7f84-7e90-42c0-bf2b-bf94ba8f7864@group-8A4ADBE0A429-FollowerState] INFO  impl.FollowerState (FollowerState.java:run(152)) - e98e7f84-7e90-42c0-bf2b-bf94ba8f7864@group-8A4ADBE0A429-FollowerState was interrupted
2024-01-17 07:57:18,611 [grpc-default-executor-1] INFO  server.RaftServer$Division (RaftServerImpl.java:requestVote(1422)) - e98e7f84-7e90-42c0-bf2b-bf94ba8f7864@group-8A4ADBE0A429 replies to ELECTION vote request: 1bb81a9c-1547-435f-9d81-d5fca49fbc06<-e98e7f84-7e90-42c0-bf2b-bf94ba8f7864#0:OK-t1. Peer's state: e98e7f84-7e90-42c0-bf2b-bf94ba8f7864@group-8A4ADBE0A429:t1, leader=null, voted=1bb81a9c-1547-435f-9d81-d5fca49fbc06, raftlog=Memoized:e98e7f84-7e90-42c0-bf2b-bf94ba8f7864@group-8A4ADBE0A429-SegmentedRaftLog:OPENED:c-1, conf=-1: peers:[e98e7f84-7e90-42c0-bf2b-bf94ba8f7864|10.1.0.6:15014, 597b9f4b-0aac-4425-bf2d-48884e3709f6|10.1.0.6:15023, 1bb81a9c-1547-435f-9d81-d5fca49fbc06|10.1.0.6:15032]|listeners:[], old=null
2024-01-17 07:57:18,611 [1bb81a9c-1547-435f-9d81-d5fca49fbc06@group-8A4ADBE0A429-LeaderElection3] INFO  server.RaftServerConfigKeys (ConfUtils.java:logGet(46)) - raft.server.write.element-limit = 1024 (custom)
2024-01-17 07:57:18,612 [1bb81a9c-1547-435f-9d81-d5fca49fbc06@group-8A4ADBE0A429-LeaderElection3] INFO  server.RaftServerConfigKeys (ConfUtils.java:logGet(46)) - raft.server.write.byte-limit = 1024 M (=1073741824) (custom)
2024-01-17 07:57:18,612 [1bb81a9c-1547-435f-9d81-d5fca49fbc06@group-8A4ADBE0A429-LeaderElection3] INFO  server.RaftServerConfigKeys (ConfUtils.java:logGet(46)) - raft.server.watch.timeout = 180s (custom)
2024-01-17 07:57:18,612 [1bb81a9c-1547-435f-9d81-d5fca49fbc06@group-8A4ADBE0A429-LeaderElection3] INFO  server.RaftServerConfigKeys (ConfUtils.java:logGet(46)) - raft.server.watch.timeout.denomination = 1s (default)
2024-01-17 07:57:18,612 [1bb81a9c-1547-435f-9d81-d5fca49fbc06@group-8A4ADBE0A429-LeaderElection3] INFO  server.RaftServerConfigKeys (ConfUtils.java:logGet(46)) - raft.server.watch.element-limit = 65536 (default)
2024-01-17 07:57:18,613 [1bb81a9c-1547-435f-9d81-d5fca49fbc06@group-8A4ADBE0A429-LeaderElection3] INFO  server.RaftServerConfigKeys (ConfUtils.java:logGet(46)) - raft.server.read.leader.lease.enabled = false (default)
2024-01-17 07:57:18,613 [1bb81a9c-1547-435f-9d81-d5fca49fbc06@group-8A4ADBE0A429-LeaderElection3] INFO  server.RaftServerConfigKeys (ConfUtils.java:logGet(46)) - raft.server.read.leader.lease.timeout.ratio = 0.9 (default)
2024-01-17 07:57:18,614 [1bb81a9c-1547-435f-9d81-d5fca49fbc06@group-8A4ADBE0A429-LeaderElection3] INFO  server.RaftServerConfigKeys (ConfUtils.java:logGet(46)) - raft.server.rpc.timeout.min = 5s (custom)
2024-01-17 07:57:18,614 [1bb81a9c-1547-435f-9d81-d5fca49fbc06@group-8A4ADBE0A429-LeaderElection3] INFO  server.RaftServerConfigKeys (ConfUtils.java:logGet(46)) - raft.server.write.element-limit = 1024 (custom)
2024-01-17 07:57:18,614 [1bb81a9c-1547-435f-9d81-d5fca49fbc06@group-8A4ADBE0A429-LeaderElection3] INFO  server.RaftServerConfigKeys (ConfUtils.java:logGet(46)) - raft.server.write.follower.gap.ratio.max = -1.0 (default)
2024-01-17 07:57:18,621 [1bb81a9c-1547-435f-9d81-d5fca49fbc06@group-8A4ADBE0A429-LeaderElection3] INFO  server.RaftServerConfigKeys (ConfUtils.java:logGet(46)) - raft.server.log.appender.snapshot.chunk.size.max = 16MB (=16777216) (default)
2024-01-17 07:57:18,622 [1bb81a9c-1547-435f-9d81-d5fca49fbc06@group-8A4ADBE0A429-LeaderElection3] INFO  server.RaftServerConfigKeys (ConfUtils.java:logGet(46)) - raft.server.log.appender.buffer.byte-limit = 8388608 (custom)
2024-01-17 07:57:18,622 [1bb81a9c-1547-435f-9d81-d5fca49fbc06@group-8A4ADBE0A429-LeaderElection3] INFO  server.RaftServerConfigKeys (ConfUtils.java:logGet(46)) - raft.server.log.appender.buffer.element-limit = 1 (custom)
2024-01-17 07:57:18,623 [1bb81a9c-1547-435f-9d81-d5fca49fbc06@group-8A4ADBE0A429-LeaderElection3] INFO  server.RaftServerConfigKeys (ConfUtils.java:logGet(46)) - raft.server.log.appender.wait-time.min = 0μs (custom)
2024-01-17 07:57:18,624 [1bb81a9c-1547-435f-9d81-d5fca49fbc06@group-8A4ADBE0A429-LeaderElection3] INFO  grpc.GrpcConfigKeys (ConfUtils.java:logGet(46)) - raft.grpc.server.leader.outstanding.appends.max = 8 (default)
2024-01-17 07:57:18,624 [1bb81a9c-1547-435f-9d81-d5fca49fbc06@group-8A4ADBE0A429-LeaderElection3] INFO  server.RaftServerConfigKeys (ConfUtils.java:logGet(46)) - raft.server.rpc.request.timeout = 60s (custom)
2024-01-17 07:57:18,625 [1bb81a9c-1547-435f-9d81-d5fca49fbc06@group-8A4ADBE0A429-LeaderElection3] INFO  grpc.GrpcConfigKeys (ConfUtils.java:logGet(46)) - raft.grpc.server.install_snapshot.request.element-limit = 8 (default)
2024-01-17 07:57:18,625 [1bb81a9c-1547-435f-9d81-d5fca49fbc06@group-8A4ADBE0A429-LeaderElection3] INFO  grpc.GrpcConfigKeys (ConfUtils.java:logGet(46)) - raft.grpc.server.install_snapshot.request.timeout = 3000ms (default)
2024-01-17 07:57:18,625 [1bb81a9c-1547-435f-9d81-d5fca49fbc06@group-8A4ADBE0A429-LeaderElection3] INFO  grpc.GrpcConfigKeys (ConfUtils.java:logGet(46)) - raft.grpc.server.log-message.batch.duration = 5s (default)
2024-01-17 07:57:18,625 [1bb81a9c-1547-435f-9d81-d5fca49fbc06@group-8A4ADBE0A429-LeaderElection3] INFO  server.RaftServerConfigKeys (ConfUtils.java:logGet(46)) - raft.server.log.appender.install.snapshot.enabled = false (custom)
2024-01-17 07:57:18,625 [1bb81a9c-1547-435f-9d81-d5fca49fbc06@group-8A4ADBE0A429-LeaderElection3] INFO  grpc.GrpcConfigKeys (ConfUtils.java:logGet(46)) - raft.grpc.server.heartbeat.channel = true (default)
2024-01-17 07:57:18,629 [1bb81a9c-1547-435f-9d81-d5fca49fbc06@group-8A4ADBE0A429-LeaderElection3] INFO  server.RaftServerConfigKeys (ConfUtils.java:logGet(46)) - raft.server.log.appender.snapshot.chunk.size.max = 16MB (=16777216) (default)
2024-01-17 07:57:18,629 [1bb81a9c-1547-435f-9d81-d5fca49fbc06@group-8A4ADBE0A429-LeaderElection3] INFO  server.RaftServerConfigKeys (ConfUtils.java:logGet(46)) - raft.server.log.appender.buffer.byte-limit = 8388608 (custom)
2024-01-17 07:57:18,629 [1bb81a9c-1547-435f-9d81-d5fca49fbc06@group-8A4ADBE0A429-LeaderElection3] INFO  server.RaftServerConfigKeys (ConfUtils.java:logGet(46)) - raft.server.log.appender.buffer.element-limit = 1 (custom)
2024-01-17 07:57:18,630 [1bb81a9c-1547-435f-9d81-d5fca49fbc06@group-8A4ADBE0A429-LeaderElection3] INFO  server.RaftServerConfigKeys (ConfUtils.java:logGet(46)) - raft.server.log.appender.wait-time.min = 0μs (custom)
2024-01-17 07:57:18,630 [1bb81a9c-1547-435f-9d81-d5fca49fbc06@group-8A4ADBE0A429-LeaderElection3] INFO  grpc.GrpcConfigKeys (ConfUtils.java:logGet(46)) - raft.grpc.server.leader.outstanding.appends.max = 8 (default)
2024-01-17 07:57:18,630 [1bb81a9c-1547-435f-9d81-d5fca49fbc06@group-8A4ADBE0A429-LeaderElection3] INFO  server.RaftServerConfigKeys (ConfUtils.java:logGet(46)) - raft.server.rpc.request.timeout = 60s (custom)
2024-01-17 07:57:18,630 [1bb81a9c-1547-435f-9d81-d5fca49fbc06@group-8A4ADBE0A429-LeaderElection3] INFO  grpc.GrpcConfigKeys (ConfUtils.java:logGet(46)) - raft.grpc.server.install_snapshot.request.element-limit = 8 (default)
2024-01-17 07:57:18,630 [1bb81a9c-1547-435f-9d81-d5fca49fbc06@group-8A4ADBE0A429-LeaderElection3] INFO  grpc.GrpcConfigKeys (ConfUtils.java:logGet(46)) - raft.grpc.server.install_snapshot.request.timeout = 3000ms (default)
2024-01-17 07:57:18,630 [1bb81a9c-1547-435f-9d81-d5fca49fbc06@group-8A4ADBE0A429-LeaderElection3] INFO  grpc.GrpcConfigKeys (ConfUtils.java:logGet(46)) - raft.grpc.server.log-message.batch.duration = 5s (default)
2024-01-17 07:57:18,630 [1bb81a9c-1547-435f-9d81-d5fca49fbc06@group-8A4ADBE0A429-LeaderElection3] INFO  server.RaftServerConfigKeys (ConfUtils.java:logGet(46)) - raft.server.log.appender.install.snapshot.enabled = false (custom)
2024-01-17 07:57:18,631 [1bb81a9c-1547-435f-9d81-d5fca49fbc06@group-8A4ADBE0A429-LeaderElection3] INFO  grpc.GrpcConfigKeys (ConfUtils.java:logGet(46)) - raft.grpc.server.heartbeat.channel = true (default)
2024-01-17 07:57:18,631 [1bb81a9c-1547-435f-9d81-d5fca49fbc06@group-8A4ADBE0A429-LeaderElection3] INFO  impl.RoleInfo (RoleInfo.java:updateAndGet(139)) - 1bb81a9c-1547-435f-9d81-d5fca49fbc06: start 1bb81a9c-1547-435f-9d81-d5fca49fbc06@group-8A4ADBE0A429-LeaderStateImpl
2024-01-17 07:57:18,632 [1bb81a9c-1547-435f-9d81-d5fca49fbc06@group-8A4ADBE0A429-LeaderElection3] INFO  server.RaftServer$Division (RaftServerImpl.java:setFirstElection(574)) - 1bb81a9c-1547-435f-9d81-d5fca49fbc06@group-8A4ADBE0A429: set firstElectionSinceStartup to false for becomeLeader
2024-01-17 07:57:18,632 [1bb81a9c-1547-435f-9d81-d5fca49fbc06@group-8A4ADBE0A429-LeaderElection3] INFO  ratis.XceiverServerRatis (XceiverServerRatis.java:handleLeaderChangedNotification(945)) - Leader change notification received for group: group-8A4ADBE0A429 with new leaderId: 1bb81a9c-1547-435f-9d81-d5fca49fbc06
2024-01-17 07:57:18,632 [1bb81a9c-1547-435f-9d81-d5fca49fbc06@group-8A4ADBE0A429-LeaderElection3] INFO  server.RaftServer$Division (ServerState.java:setLeader(269)) - 1bb81a9c-1547-435f-9d81-d5fca49fbc06@group-8A4ADBE0A429: change Leader from null to 1bb81a9c-1547-435f-9d81-d5fca49fbc06 at term 1 for becomeLeader, leader elected after 5108ms
2024-01-17 07:57:18,632 [1bb81a9c-1547-435f-9d81-d5fca49fbc06@group-8A4ADBE0A429-LeaderElection3] INFO  segmented.SegmentedRaftLogWorker (SegmentedRaftLogWorker.java:startLogSegment(430)) - 1bb81a9c-1547-435f-9d81-d5fca49fbc06@group-8A4ADBE0A429-SegmentedRaftLogWorker: Starting segment from index:0
2024-01-17 07:57:18,633 [1bb81a9c-1547-435f-9d81-d5fca49fbc06@group-8A4ADBE0A429-SegmentedRaftLogWorker] INFO  segmented.BufferedWriteChannel (BufferedWriteChannel.java:open(62)) - open log_inprogress_0 at position 0
2024-01-17 07:57:18,635 [EventQueue-PipelineReportForPipelineReportHandler] INFO  pipeline.PipelineReportHandler (PipelineReportHandler.java:processPipelineReport(136)) - Opened pipeline PipelineID=898a6340-e5a2-4f81-a996-8a4adbe0a429
2024-01-17 07:57:18,637 [1bb81a9c-1547-435f-9d81-d5fca49fbc06@group-8A4ADBE0A429-LeaderElection3] INFO  server.RaftServer$Division (ServerState.java:setRaftConf(386)) - 1bb81a9c-1547-435f-9d81-d5fca49fbc06@group-8A4ADBE0A429: set configuration 0: peers:[e98e7f84-7e90-42c0-bf2b-bf94ba8f7864|10.1.0.6:15014, 597b9f4b-0aac-4425-bf2d-48884e3709f6|10.1.0.6:15023, 1bb81a9c-1547-435f-9d81-d5fca49fbc06|10.1.0.6:15032]|listeners:[], old=null
2024-01-17 07:57:18,644 [EventQueue-OpenPipelineForHealthyPipelineSafeModeRule] INFO  safemode.SCMSafeModeManager (HealthyPipelineSafeModeRule.java:process(140)) - SCM in safe mode. Healthy pipelines reported count is 1, required healthy pipeline reported count is 1
2024-01-17 07:57:18,644 [EventQueue-OpenPipelineForHealthyPipelineSafeModeRule] INFO  safemode.SCMSafeModeManager (SCMSafeModeManager.java:validateSafeModeExitRules(200)) - HealthyPipelineSafeModeRule rule is successfully validated
2024-01-17 07:57:18,644 [EventQueue-OpenPipelineForHealthyPipelineSafeModeRule] INFO  safemode.SCMSafeModeManager (SCMSafeModeManager.java:validateSafeModeExitRules(215)) - ScmSafeModeManager, all rules are successfully validated
2024-01-17 07:57:18,645 [EventQueue-OpenPipelineForHealthyPipelineSafeModeRule] INFO  safemode.SCMSafeModeManager (SCMSafeModeManager.java:exitSafeMode(244)) - SCM exiting safe mode.
2024-01-17 07:57:18,645 [EventQueue-OpenPipelineForHealthyPipelineSafeModeRule] INFO  ha.SCMContext (SCMContext.java:updateSafeModeStatus(230)) - Update SafeModeStatus from SafeModeStatus{safeModeStatus=true, preCheckPassed=true} to SafeModeStatus{safeModeStatus=false, preCheckPassed=true}.
2024-01-17 07:57:18,645 [EventQueue-OpenPipelineForHealthyPipelineSafeModeRule] INFO  pipeline.BackgroundPipelineCreator (BackgroundPipelineCreator.java:notifyStatusChanged(258)) - Service BackgroundPipelineCreator transitions to RUNNING.
2024-01-17 07:57:18,645 [EventQueue-OpenPipelineForHealthyPipelineSafeModeRule] INFO  BackgroundPipelineScrubber (BackgroundSCMService.java:notifyStatusChanged(82)) - Service BackgroundPipelineScrubber transitions to RUNNING.
2024-01-17 07:57:18,645 [EventQueue-OpenPipelineForHealthyPipelineSafeModeRule] INFO  ExpiredContainerReplicaOpScrubber (BackgroundSCMService.java:notifyStatusChanged(82)) - Service ExpiredContainerReplicaOpScrubber transitions to RUNNING.
2024-01-17 07:57:18,645 [EventQueue-OpenPipelineForHealthyPipelineSafeModeRule] INFO  block.SCMBlockDeletingService (SCMBlockDeletingService.java:notifyStatusChanged(247)) - notifyStatusChanged:RUNNING
2024-01-17 07:57:18,645 [EventQueue-OpenPipelineForHealthyPipelineSafeModeRule] INFO  replication.ReplicationManager (ReplicationManager.java:notifyStatusChanged(1401)) - Service ReplicationManager transitions to RUNNING.
2024-01-17 07:57:18,649 [1bb81a9c-1547-435f-9d81-d5fca49fbc06@group-8A4ADBE0A429-SegmentedRaftLogWorker] INFO  segmented.SegmentedRaftLogWorker (SegmentedRaftLogWorker.java:execute(634)) - 1bb81a9c-1547-435f-9d81-d5fca49fbc06@group-8A4ADBE0A429-SegmentedRaftLogWorker: created new log segment /home/runner/work/ozone/ozone/hadoop-ozone/integration-test/target/test-dir/MiniOzoneClusterImpl-df80a8b8-78a2-47d1-a2cb-ee48e7cc81f7/datanode-2/data/ratis/898a6340-e5a2-4f81-a996-8a4adbe0a429/current/log_inprogress_0
2024-01-17 07:57:18,657 [EventQueue-OpenPipelineForHealthyPipelineSafeModeRule] WARN  balancer.ContainerBalancer (ContainerBalancer.java:shouldRun(134)) - Could not find persisted configuration for ContainerBalancer when checking if ContainerBalancer should run. ContainerBalancer should not run now.
2024-01-17 07:57:18,680 [597b9f4b-0aac-4425-bf2d-48884e3709f6-server-thread1] INFO  ratis.XceiverServerRatis (XceiverServerRatis.java:handleLeaderChangedNotification(945)) - Leader change notification received for group: group-8A4ADBE0A429 with new leaderId: 1bb81a9c-1547-435f-9d81-d5fca49fbc06
2024-01-17 07:57:18,681 [597b9f4b-0aac-4425-bf2d-48884e3709f6-server-thread1] INFO  server.RaftServer$Division (ServerState.java:setLeader(269)) - 597b9f4b-0aac-4425-bf2d-48884e3709f6@group-8A4ADBE0A429: change Leader from null to 1bb81a9c-1547-435f-9d81-d5fca49fbc06 at term 1 for appendEntries, leader elected after 5268ms
2024-01-17 07:57:18,681 [e98e7f84-7e90-42c0-bf2b-bf94ba8f7864-server-thread1] INFO  ratis.XceiverServerRatis (XceiverServerRatis.java:handleLeaderChangedNotification(945)) - Leader change notification received for group: group-8A4ADBE0A429 with new leaderId: 1bb81a9c-1547-435f-9d81-d5fca49fbc06
2024-01-17 07:57:18,681 [e98e7f84-7e90-42c0-bf2b-bf94ba8f7864-server-thread1] INFO  server.RaftServer$Division (ServerState.java:setLeader(269)) - e98e7f84-7e90-42c0-bf2b-bf94ba8f7864@group-8A4ADBE0A429: change Leader from null to 1bb81a9c-1547-435f-9d81-d5fca49fbc06 at term 1 for appendEntries, leader elected after 5368ms
2024-01-17 07:57:18,683 [597b9f4b-0aac-4425-bf2d-48884e3709f6-server-thread2] INFO  server.RaftServer$Division (ServerState.java:setRaftConf(386)) - 597b9f4b-0aac-4425-bf2d-48884e3709f6@group-8A4ADBE0A429: set configuration 0: peers:[e98e7f84-7e90-42c0-bf2b-bf94ba8f7864|10.1.0.6:15014, 597b9f4b-0aac-4425-bf2d-48884e3709f6|10.1.0.6:15023, 1bb81a9c-1547-435f-9d81-d5fca49fbc06|10.1.0.6:15032]|listeners:[], old=null
2024-01-17 07:57:18,684 [597b9f4b-0aac-4425-bf2d-48884e3709f6-server-thread2] INFO  segmented.SegmentedRaftLogWorker (SegmentedRaftLogWorker.java:startLogSegment(430)) - 597b9f4b-0aac-4425-bf2d-48884e3709f6@group-8A4ADBE0A429-SegmentedRaftLogWorker: Starting segment from index:0
2024-01-17 07:57:18,687 [e98e7f84-7e90-42c0-bf2b-bf94ba8f7864-server-thread2] INFO  server.RaftServer$Division (ServerState.java:setRaftConf(386)) - e98e7f84-7e90-42c0-bf2b-bf94ba8f7864@group-8A4ADBE0A429: set configuration 0: peers:[e98e7f84-7e90-42c0-bf2b-bf94ba8f7864|10.1.0.6:15014, 597b9f4b-0aac-4425-bf2d-48884e3709f6|10.1.0.6:15023, 1bb81a9c-1547-435f-9d81-d5fca49fbc06|10.1.0.6:15032]|listeners:[], old=null
2024-01-17 07:57:18,687 [e98e7f84-7e90-42c0-bf2b-bf94ba8f7864-server-thread2] INFO  segmented.SegmentedRaftLogWorker (SegmentedRaftLogWorker.java:startLogSegment(430)) - e98e7f84-7e90-42c0-bf2b-bf94ba8f7864@group-8A4ADBE0A429-SegmentedRaftLogWorker: Starting segment from index:0
2024-01-17 07:57:18,688 [e98e7f84-7e90-42c0-bf2b-bf94ba8f7864@group-8A4ADBE0A429-SegmentedRaftLogWorker] INFO  segmented.BufferedWriteChannel (BufferedWriteChannel.java:open(62)) - open log_inprogress_0 at position 0
2024-01-17 07:57:18,689 [597b9f4b-0aac-4425-bf2d-48884e3709f6@group-8A4ADBE0A429-SegmentedRaftLogWorker] INFO  segmented.BufferedWriteChannel (BufferedWriteChannel.java:open(62)) - open log_inprogress_0 at position 0
2024-01-17 07:57:18,701 [597b9f4b-0aac-4425-bf2d-48884e3709f6@group-8A4ADBE0A429-SegmentedRaftLogWorker] INFO  segmented.SegmentedRaftLogWorker (SegmentedRaftLogWorker.java:execute(634)) - 597b9f4b-0aac-4425-bf2d-48884e3709f6@group-8A4ADBE0A429-SegmentedRaftLogWorker: created new log segment /home/runner/work/ozone/ozone/hadoop-ozone/integration-test/target/test-dir/MiniOzoneClusterImpl-df80a8b8-78a2-47d1-a2cb-ee48e7cc81f7/datanode-1/data/ratis/898a6340-e5a2-4f81-a996-8a4adbe0a429/current/log_inprogress_0
2024-01-17 07:57:18,703 [e98e7f84-7e90-42c0-bf2b-bf94ba8f7864@group-8A4ADBE0A429-SegmentedRaftLogWorker] INFO  segmented.SegmentedRaftLogWorker (SegmentedRaftLogWorker.java:execute(634)) - e98e7f84-7e90-42c0-bf2b-bf94ba8f7864@group-8A4ADBE0A429-SegmentedRaftLogWorker: created new log segment /home/runner/work/ozone/ozone/hadoop-ozone/integration-test/target/test-dir/MiniOzoneClusterImpl-df80a8b8-78a2-47d1-a2cb-ee48e7cc81f7/datanode-0/data/ratis/898a6340-e5a2-4f81-a996-8a4adbe0a429/current/log_inprogress_0
2024-01-17 07:57:18,708 [1bb81a9c-1547-435f-9d81-d5fca49fbc06@group-8A4ADBE0A429-StateMachineUpdater] INFO  server.RaftServer$Division (LeaderStateImpl.java:isApplied(320)) - leader is ready since appliedIndex == 0 >= startIndex == 0
2024-01-17 07:57:18,878 [4f4a0cbc-a9eb-44f0-8d97-06326de93701@group-5156236736A0-FollowerState] INFO  impl.FollowerState (FollowerState.java:run(143)) - 4f4a0cbc-a9eb-44f0-8d97-06326de93701@group-5156236736A0-FollowerState: change to CANDIDATE, lastRpcElapsedTime:5168841352ns, electionTimeout:5168ms
2024-01-17 07:57:18,878 [4f4a0cbc-a9eb-44f0-8d97-06326de93701@group-5156236736A0-FollowerState] INFO  impl.RoleInfo (RoleInfo.java:shutdownFollowerState(110)) - 4f4a0cbc-a9eb-44f0-8d97-06326de93701: shutdown 4f4a0cbc-a9eb-44f0-8d97-06326de93701@group-5156236736A0-FollowerState
2024-01-17 07:57:18,878 [4f4a0cbc-a9eb-44f0-8d97-06326de93701@group-5156236736A0-FollowerState] INFO  server.RaftServer$Division (RaftServerImpl.java:setRole(383)) - 4f4a0cbc-a9eb-44f0-8d97-06326de93701@group-5156236736A0: changes role from  FOLLOWER to CANDIDATE at term 0 for changeToCandidate
2024-01-17 07:57:18,879 [4f4a0cbc-a9eb-44f0-8d97-06326de93701@group-5156236736A0-FollowerState] INFO  server.RaftServerConfigKeys (ConfUtils.java:logGet(46)) - raft.server.leaderelection.pre-vote = true (default)
2024-01-17 07:57:18,879 [4f4a0cbc-a9eb-44f0-8d97-06326de93701@group-5156236736A0-FollowerState] INFO  impl.RoleInfo (RoleInfo.java:updateAndGet(139)) - 4f4a0cbc-a9eb-44f0-8d97-06326de93701: start 4f4a0cbc-a9eb-44f0-8d97-06326de93701@group-5156236736A0-LeaderElection4
2024-01-17 07:57:18,881 [4f4a0cbc-a9eb-44f0-8d97-06326de93701@group-5156236736A0-LeaderElection4] INFO  impl.LeaderElection (LeaderElection.java:askForVotes(321)) - 4f4a0cbc-a9eb-44f0-8d97-06326de93701@group-5156236736A0-LeaderElection4 PRE_VOTE round 0: submit vote requests at term 0 for -1: peers:[4f4a0cbc-a9eb-44f0-8d97-06326de93701|10.1.0.6:15041, 8d67fbbe-ad76-4934-bcfb-c8cae0dbbecb|10.1.0.6:15059, 0f18b96a-e4aa-46f4-b611-a6948cf06a42|10.1.0.6:15050]|listeners:[], old=null
2024-01-17 07:57:18,882 [4f4a0cbc-a9eb-44f0-8d97-06326de93701@group-5156236736A0-LeaderElection4-1] INFO  server.GrpcServerProtocolClient (GrpcServerProtocolClient.java:<init>(65)) - Build channel for 8d67fbbe-ad76-4934-bcfb-c8cae0dbbecb|10.1.0.6:15059
2024-01-17 07:57:18,883 [4f4a0cbc-a9eb-44f0-8d97-06326de93701@group-5156236736A0-LeaderElection4-2] INFO  server.GrpcServerProtocolClient (GrpcServerProtocolClient.java:<init>(65)) - Build channel for 0f18b96a-e4aa-46f4-b611-a6948cf06a42|10.1.0.6:15050
2024-01-17 07:57:18,883 [4f4a0cbc-a9eb-44f0-8d97-06326de93701@group-5156236736A0-LeaderElection4] INFO  server.RaftServerConfigKeys (ConfUtils.java:logFallback(53)) - raft.server.rpc.first-election.timeout.min = 5s (fallback to raft.server.rpc.timeout.min)
2024-01-17 07:57:18,883 [4f4a0cbc-a9eb-44f0-8d97-06326de93701@group-5156236736A0-LeaderElection4] INFO  server.RaftServerConfigKeys (ConfUtils.java:logFallback(53)) - raft.server.rpc.first-election.timeout.max = 5200ms (fallback to raft.server.rpc.timeout.max)
2024-01-17 07:57:18,889 [grpc-default-executor-2] INFO  server.RaftServer$Division (RaftServerImpl.java:requestVote(1389)) - 8d67fbbe-ad76-4934-bcfb-c8cae0dbbecb@group-5156236736A0: receive requestVote(PRE_VOTE, 4f4a0cbc-a9eb-44f0-8d97-06326de93701, group-5156236736A0, 0, (t:0, i:0))
2024-01-17 07:57:18,889 [grpc-default-executor-3] INFO  server.RaftServer$Division (RaftServerImpl.java:requestVote(1389)) - 0f18b96a-e4aa-46f4-b611-a6948cf06a42@group-5156236736A0: receive requestVote(PRE_VOTE, 4f4a0cbc-a9eb-44f0-8d97-06326de93701, group-5156236736A0, 0, (t:0, i:0))
2024-01-17 07:57:18,890 [grpc-default-executor-2] INFO  impl.VoteContext (VoteContext.java:log(49)) - 8d67fbbe-ad76-4934-bcfb-c8cae0dbbecb@group-5156236736A0-FOLLOWER: accept PRE_VOTE from 4f4a0cbc-a9eb-44f0-8d97-06326de93701: our priority 0 <= candidate's priority 1
2024-01-17 07:57:18,890 [grpc-default-executor-3] INFO  impl.VoteContext (VoteContext.java:log(49)) - 0f18b96a-e4aa-46f4-b611-a6948cf06a42@group-5156236736A0-FOLLOWER: accept PRE_VOTE from 4f4a0cbc-a9eb-44f0-8d97-06326de93701: our priority 0 <= candidate's priority 1
2024-01-17 07:57:18,890 [grpc-default-executor-2] INFO  server.RaftServer$Division (RaftServerImpl.java:requestVote(1422)) - 8d67fbbe-ad76-4934-bcfb-c8cae0dbbecb@group-5156236736A0 replies to PRE_VOTE vote request: 4f4a0cbc-a9eb-44f0-8d97-06326de93701<-8d67fbbe-ad76-4934-bcfb-c8cae0dbbecb#0:OK-t0. Peer's state: 8d67fbbe-ad76-4934-bcfb-c8cae0dbbecb@group-5156236736A0:t0, leader=null, voted=, raftlog=Memoized:8d67fbbe-ad76-4934-bcfb-c8cae0dbbecb@group-5156236736A0-SegmentedRaftLog:OPENED:c-1, conf=-1: peers:[4f4a0cbc-a9eb-44f0-8d97-06326de93701|10.1.0.6:15041, 8d67fbbe-ad76-4934-bcfb-c8cae0dbbecb|10.1.0.6:15059, 0f18b96a-e4aa-46f4-b611-a6948cf06a42|10.1.0.6:15050]|listeners:[], old=null
2024-01-17 07:57:18,890 [grpc-default-executor-3] INFO  server.RaftServer$Division (RaftServerImpl.java:requestVote(1422)) - 0f18b96a-e4aa-46f4-b611-a6948cf06a42@group-5156236736A0 replies to PRE_VOTE vote request: 4f4a0cbc-a9eb-44f0-8d97-06326de93701<-0f18b96a-e4aa-46f4-b611-a6948cf06a42#0:OK-t0. Peer's state: 0f18b96a-e4aa-46f4-b611-a6948cf06a42@group-5156236736A0:t0, leader=null, voted=, raftlog=Memoized:0f18b96a-e4aa-46f4-b611-a6948cf06a42@group-5156236736A0-SegmentedRaftLog:OPENED:c-1, conf=-1: peers:[4f4a0cbc-a9eb-44f0-8d97-06326de93701|10.1.0.6:15041, 8d67fbbe-ad76-4934-bcfb-c8cae0dbbecb|10.1.0.6:15059, 0f18b96a-e4aa-46f4-b611-a6948cf06a42|10.1.0.6:15050]|listeners:[], old=null
2024-01-17 07:57:18,894 [4f4a0cbc-a9eb-44f0-8d97-06326de93701@group-5156236736A0-LeaderElection4] INFO  impl.LeaderElection (LeaderElection.java:logAndReturn(89)) - 4f4a0cbc-a9eb-44f0-8d97-06326de93701@group-5156236736A0-LeaderElection4: PRE_VOTE PASSED received 1 response(s) and 0 exception(s):
2024-01-17 07:57:18,894 [4f4a0cbc-a9eb-44f0-8d97-06326de93701@group-5156236736A0-LeaderElection4] INFO  impl.LeaderElection (LeaderElection.java:logAndReturn(93)) -   Response 0: 4f4a0cbc-a9eb-44f0-8d97-06326de93701<-0f18b96a-e4aa-46f4-b611-a6948cf06a42#0:OK-t0
2024-01-17 07:57:18,894 [4f4a0cbc-a9eb-44f0-8d97-06326de93701@group-5156236736A0-LeaderElection4] INFO  impl.LeaderElection (LeaderElection.java:askForVotes(323)) - 4f4a0cbc-a9eb-44f0-8d97-06326de93701@group-5156236736A0-LeaderElection4 PRE_VOTE round 0: result PASSED
2024-01-17 07:57:18,896 [4f4a0cbc-a9eb-44f0-8d97-06326de93701@group-5156236736A0-LeaderElection4] INFO  impl.LeaderElection (LeaderElection.java:askForVotes(321)) - 4f4a0cbc-a9eb-44f0-8d97-06326de93701@group-5156236736A0-LeaderElection4 ELECTION round 0: submit vote requests at term 1 for -1: peers:[4f4a0cbc-a9eb-44f0-8d97-06326de93701|10.1.0.6:15041, 8d67fbbe-ad76-4934-bcfb-c8cae0dbbecb|10.1.0.6:15059, 0f18b96a-e4aa-46f4-b611-a6948cf06a42|10.1.0.6:15050]|listeners:[], old=null
2024-01-17 07:57:18,900 [4f4a0cbc-a9eb-44f0-8d97-06326de93701@group-5156236736A0-LeaderElection4] INFO  server.RaftServerConfigKeys (ConfUtils.java:logFallback(53)) - raft.server.rpc.first-election.timeout.min = 5s (fallback to raft.server.rpc.timeout.min)
2024-01-17 07:57:18,901 [4f4a0cbc-a9eb-44f0-8d97-06326de93701@group-5156236736A0-LeaderElection4] INFO  server.RaftServerConfigKeys (ConfUtils.java:logFallback(53)) - raft.server.rpc.first-election.timeout.max = 5200ms (fallback to raft.server.rpc.timeout.max)
2024-01-17 07:57:18,901 [grpc-default-executor-3] INFO  server.RaftServer$Division (RaftServerImpl.java:requestVote(1389)) - 8d67fbbe-ad76-4934-bcfb-c8cae0dbbecb@group-5156236736A0: receive requestVote(ELECTION, 4f4a0cbc-a9eb-44f0-8d97-06326de93701, group-5156236736A0, 1, (t:0, i:0))
2024-01-17 07:57:18,903 [grpc-default-executor-3] INFO  impl.VoteContext (VoteContext.java:log(49)) - 8d67fbbe-ad76-4934-bcfb-c8cae0dbbecb@group-5156236736A0-FOLLOWER: accept ELECTION from 4f4a0cbc-a9eb-44f0-8d97-06326de93701: our priority 0 <= candidate's priority 1
2024-01-17 07:57:18,903 [grpc-default-executor-3] INFO  server.RaftServer$Division (RaftServerImpl.java:setRole(383)) - 8d67fbbe-ad76-4934-bcfb-c8cae0dbbecb@group-5156236736A0: changes role from  FOLLOWER to FOLLOWER at term 1 for candidate:4f4a0cbc-a9eb-44f0-8d97-06326de93701
2024-01-17 07:57:18,903 [grpc-default-executor-3] INFO  impl.RoleInfo (RoleInfo.java:shutdownFollowerState(110)) - 8d67fbbe-ad76-4934-bcfb-c8cae0dbbecb: shutdown 8d67fbbe-ad76-4934-bcfb-c8cae0dbbecb@group-5156236736A0-FollowerState
2024-01-17 07:57:18,903 [grpc-default-executor-3] INFO  impl.RoleInfo (RoleInfo.java:updateAndGet(139)) - 8d67fbbe-ad76-4934-bcfb-c8cae0dbbecb: start 8d67fbbe-ad76-4934-bcfb-c8cae0dbbecb@group-5156236736A0-FollowerState
2024-01-17 07:57:18,903 [8d67fbbe-ad76-4934-bcfb-c8cae0dbbecb@group-5156236736A0-FollowerState] INFO  impl.FollowerState (FollowerState.java:run(152)) - 8d67fbbe-ad76-4934-bcfb-c8cae0dbbecb@group-5156236736A0-FollowerState was interrupted
2024-01-17 07:57:18,907 [grpc-default-executor-3] INFO  server.RaftServer$Division (RaftServerImpl.java:setFirstElection(574)) - 8d67fbbe-ad76-4934-bcfb-c8cae0dbbecb@group-5156236736A0: set firstElectionSinceStartup to false for candidate:4f4a0cbc-a9eb-44f0-8d97-06326de93701
2024-01-17 07:57:18,907 [grpc-default-executor-2] INFO  server.RaftServer$Division (RaftServerImpl.java:requestVote(1389)) - 0f18b96a-e4aa-46f4-b611-a6948cf06a42@group-5156236736A0: receive requestVote(ELECTION, 4f4a0cbc-a9eb-44f0-8d97-06326de93701, group-5156236736A0, 1, (t:0, i:0))
2024-01-17 07:57:18,909 [grpc-default-executor-2] INFO  impl.VoteContext (VoteContext.java:log(49)) - 0f18b96a-e4aa-46f4-b611-a6948cf06a42@group-5156236736A0-FOLLOWER: accept ELECTION from 4f4a0cbc-a9eb-44f0-8d97-06326de93701: our priority 0 <= candidate's priority 1
2024-01-17 07:57:18,909 [grpc-default-executor-3] INFO  server.RaftServer$Division (RaftServerImpl.java:requestVote(1422)) - 8d67fbbe-ad76-4934-bcfb-c8cae0dbbecb@group-5156236736A0 replies to ELECTION vote request: 4f4a0cbc-a9eb-44f0-8d97-06326de93701<-8d67fbbe-ad76-4934-bcfb-c8cae0dbbecb#0:OK-t1. Peer's state: 8d67fbbe-ad76-4934-bcfb-c8cae0dbbecb@group-5156236736A0:t1, leader=null, voted=4f4a0cbc-a9eb-44f0-8d97-06326de93701, raftlog=Memoized:8d67fbbe-ad76-4934-bcfb-c8cae0dbbecb@group-5156236736A0-SegmentedRaftLog:OPENED:c-1, conf=-1: peers:[4f4a0cbc-a9eb-44f0-8d97-06326de93701|10.1.0.6:15041, 8d67fbbe-ad76-4934-bcfb-c8cae0dbbecb|10.1.0.6:15059, 0f18b96a-e4aa-46f4-b611-a6948cf06a42|10.1.0.6:15050]|listeners:[], old=null
2024-01-17 07:57:18,909 [grpc-default-executor-2] INFO  server.RaftServer$Division (RaftServerImpl.java:setRole(383)) - 0f18b96a-e4aa-46f4-b611-a6948cf06a42@group-5156236736A0: changes role from  FOLLOWER to FOLLOWER at term 1 for candidate:4f4a0cbc-a9eb-44f0-8d97-06326de93701
2024-01-17 07:57:18,909 [grpc-default-executor-2] INFO  impl.RoleInfo (RoleInfo.java:shutdownFollowerState(110)) - 0f18b96a-e4aa-46f4-b611-a6948cf06a42: shutdown 0f18b96a-e4aa-46f4-b611-a6948cf06a42@group-5156236736A0-FollowerState
2024-01-17 07:57:18,909 [grpc-default-executor-2] INFO  impl.RoleInfo (RoleInfo.java:updateAndGet(139)) - 0f18b96a-e4aa-46f4-b611-a6948cf06a42: start 0f18b96a-e4aa-46f4-b611-a6948cf06a42@group-5156236736A0-FollowerState
2024-01-17 07:57:18,909 [0f18b96a-e4aa-46f4-b611-a6948cf06a42@group-5156236736A0-FollowerState] INFO  impl.FollowerState (FollowerState.java:run(152)) - 0f18b96a-e4aa-46f4-b611-a6948cf06a42@group-5156236736A0-FollowerState was interrupted
2024-01-17 07:57:18,909 [grpc-default-executor-2] INFO  server.RaftServer$Division (RaftServerImpl.java:setFirstElection(574)) - 0f18b96a-e4aa-46f4-b611-a6948cf06a42@group-5156236736A0: set firstElectionSinceStartup to false for candidate:4f4a0cbc-a9eb-44f0-8d97-06326de93701
2024-01-17 07:57:18,910 [4f4a0cbc-a9eb-44f0-8d97-06326de93701@group-5156236736A0-LeaderElection4] INFO  impl.LeaderElection (LeaderElection.java:logAndReturn(89)) - 4f4a0cbc-a9eb-44f0-8d97-06326de93701@group-5156236736A0-LeaderElection4: ELECTION PASSED received 1 response(s) and 0 exception(s):
2024-01-17 07:57:18,910 [4f4a0cbc-a9eb-44f0-8d97-06326de93701@group-5156236736A0-LeaderElection4] INFO  impl.LeaderElection (LeaderElection.java:logAndReturn(93)) -   Response 0: 4f4a0cbc-a9eb-44f0-8d97-06326de93701<-8d67fbbe-ad76-4934-bcfb-c8cae0dbbecb#0:OK-t1
2024-01-17 07:57:18,910 [4f4a0cbc-a9eb-44f0-8d97-06326de93701@group-5156236736A0-LeaderElection4] INFO  impl.LeaderElection (LeaderElection.java:askForVotes(323)) - 4f4a0cbc-a9eb-44f0-8d97-06326de93701@group-5156236736A0-LeaderElection4 ELECTION round 0: result PASSED
2024-01-17 07:57:18,910 [4f4a0cbc-a9eb-44f0-8d97-06326de93701@group-5156236736A0-LeaderElection4] INFO  impl.RoleInfo (RoleInfo.java:shutdownLeaderElection(130)) - 4f4a0cbc-a9eb-44f0-8d97-06326de93701: shutdown 4f4a0cbc-a9eb-44f0-8d97-06326de93701@group-5156236736A0-LeaderElection4
2024-01-17 07:57:18,910 [4f4a0cbc-a9eb-44f0-8d97-06326de93701@group-5156236736A0-LeaderElection4] INFO  server.RaftServer$Division (RaftServerImpl.java:setRole(383)) - 4f4a0cbc-a9eb-44f0-8d97-06326de93701@group-5156236736A0: changes role from CANDIDATE to LEADER at term 1 for changeToLeader
2024-01-17 07:57:18,910 [4f4a0cbc-a9eb-44f0-8d97-06326de93701@group-5156236736A0-LeaderElection4] INFO  server.RaftServerConfigKeys (ConfUtils.java:logGet(46)) - raft.server.staging.catchup.gap = 1000 (default)
2024-01-17 07:57:18,911 [grpc-default-executor-2] INFO  server.RaftServer$Division (RaftServerImpl.java:requestVote(1422)) - 0f18b96a-e4aa-46f4-b611-a6948cf06a42@group-5156236736A0 replies to ELECTION vote request: 4f4a0cbc-a9eb-44f0-8d97-06326de93701<-0f18b96a-e4aa-46f4-b611-a6948cf06a42#0:OK-t1. Peer's state: 0f18b96a-e4aa-46f4-b611-a6948cf06a42@group-5156236736A0:t1, leader=null, voted=4f4a0cbc-a9eb-44f0-8d97-06326de93701, raftlog=Memoized:0f18b96a-e4aa-46f4-b611-a6948cf06a42@group-5156236736A0-SegmentedRaftLog:OPENED:c-1, conf=-1: peers:[4f4a0cbc-a9eb-44f0-8d97-06326de93701|10.1.0.6:15041, 8d67fbbe-ad76-4934-bcfb-c8cae0dbbecb|10.1.0.6:15059, 0f18b96a-e4aa-46f4-b611-a6948cf06a42|10.1.0.6:15050]|listeners:[], old=null
2024-01-17 07:57:18,912 [4f4a0cbc-a9eb-44f0-8d97-06326de93701@group-5156236736A0-LeaderElection4] INFO  server.RaftServerConfigKeys (ConfUtils.java:logGet(46)) - raft.server.write.element-limit = 1024 (custom)
2024-01-17 07:57:18,912 [4f4a0cbc-a9eb-44f0-8d97-06326de93701@group-5156236736A0-LeaderElection4] INFO  server.RaftServerConfigKeys (ConfUtils.java:logGet(46)) - raft.server.write.byte-limit = 1024 M (=1073741824) (custom)
2024-01-17 07:57:18,913 [4f4a0cbc-a9eb-44f0-8d97-06326de93701@group-5156236736A0-LeaderElection4] INFO  server.RaftServerConfigKeys (ConfUtils.java:logGet(46)) - raft.server.watch.timeout = 180s (custom)
2024-01-17 07:57:18,913 [4f4a0cbc-a9eb-44f0-8d97-06326de93701@group-5156236736A0-LeaderElection4] INFO  server.RaftServerConfigKeys (ConfUtils.java:logGet(46)) - raft.server.watch.timeout.denomination = 1s (default)
2024-01-17 07:57:18,913 [4f4a0cbc-a9eb-44f0-8d97-06326de93701@group-5156236736A0-LeaderElection4] INFO  server.RaftServerConfigKeys (ConfUtils.java:logGet(46)) - raft.server.watch.element-limit = 65536 (default)
2024-01-17 07:57:18,913 [4f4a0cbc-a9eb-44f0-8d97-06326de93701@group-5156236736A0-LeaderElection4] INFO  server.RaftServerConfigKeys (ConfUtils.java:logGet(46)) - raft.server.read.leader.lease.enabled = false (default)
2024-01-17 07:57:18,913 [4f4a0cbc-a9eb-44f0-8d97-06326de93701@group-5156236736A0-LeaderElection4] INFO  server.RaftServerConfigKeys (ConfUtils.java:logGet(46)) - raft.server.read.leader.lease.timeout.ratio = 0.9 (default)
2024-01-17 07:57:18,913 [4f4a0cbc-a9eb-44f0-8d97-06326de93701@group-5156236736A0-LeaderElection4] INFO  server.RaftServerConfigKeys (ConfUtils.java:logGet(46)) - raft.server.rpc.timeout.min = 5s (custom)
2024-01-17 07:57:18,913 [4f4a0cbc-a9eb-44f0-8d97-06326de93701@group-5156236736A0-LeaderElection4] INFO  server.RaftServerConfigKeys (ConfUtils.java:logGet(46)) - raft.server.write.element-limit = 1024 (custom)
2024-01-17 07:57:18,913 [4f4a0cbc-a9eb-44f0-8d97-06326de93701@group-5156236736A0-LeaderElection4] INFO  server.RaftServerConfigKeys (ConfUtils.java:logGet(46)) - raft.server.write.follower.gap.ratio.max = -1.0 (default)
2024-01-17 07:57:18,914 [4f4a0cbc-a9eb-44f0-8d97-06326de93701@group-5156236736A0-LeaderElection4] INFO  server.RaftServerConfigKeys (ConfUtils.java:logGet(46)) - raft.server.log.appender.snapshot.chunk.size.max = 16MB (=16777216) (default)
2024-01-17 07:57:18,914 [4f4a0cbc-a9eb-44f0-8d97-06326de93701@group-5156236736A0-LeaderElection4] INFO  server.RaftServerConfigKeys (ConfUtils.java:logGet(46)) - raft.server.log.appender.buffer.byte-limit = 8388608 (custom)
2024-01-17 07:57:18,914 [4f4a0cbc-a9eb-44f0-8d97-06326de93701@group-5156236736A0-LeaderElection4] INFO  server.RaftServerConfigKeys (ConfUtils.java:logGet(46)) - raft.server.log.appender.buffer.element-limit = 1 (custom)
2024-01-17 07:57:18,914 [4f4a0cbc-a9eb-44f0-8d97-06326de93701@group-5156236736A0-LeaderElection4] INFO  server.RaftServerConfigKeys (ConfUtils.java:logGet(46)) - raft.server.log.appender.wait-time.min = 0μs (custom)
2024-01-17 07:57:18,914 [4f4a0cbc-a9eb-44f0-8d97-06326de93701@group-5156236736A0-LeaderElection4] INFO  grpc.GrpcConfigKeys (ConfUtils.java:logGet(46)) - raft.grpc.server.leader.outstanding.appends.max = 8 (default)
2024-01-17 07:57:18,916 [4f4a0cbc-a9eb-44f0-8d97-06326de93701@group-5156236736A0-LeaderElection4] INFO  server.RaftServerConfigKeys (ConfUtils.java:logGet(46)) - raft.server.rpc.request.timeout = 60s (custom)
2024-01-17 07:57:18,916 [4f4a0cbc-a9eb-44f0-8d97-06326de93701@group-5156236736A0-LeaderElection4] INFO  grpc.GrpcConfigKeys (ConfUtils.java:logGet(46)) - raft.grpc.server.install_snapshot.request.element-limit = 8 (default)
2024-01-17 07:57:18,916 [4f4a0cbc-a9eb-44f0-8d97-06326de93701@group-5156236736A0-LeaderElection4] INFO  grpc.GrpcConfigKeys (ConfUtils.java:logGet(46)) - raft.grpc.server.install_snapshot.request.timeout = 3000ms (default)
2024-01-17 07:57:18,916 [4f4a0cbc-a9eb-44f0-8d97-06326de93701@group-5156236736A0-LeaderElection4] INFO  grpc.GrpcConfigKeys (ConfUtils.java:logGet(46)) - raft.grpc.server.log-message.batch.duration = 5s (default)
2024-01-17 07:57:18,916 [4f4a0cbc-a9eb-44f0-8d97-06326de93701@group-5156236736A0-LeaderElection4] INFO  server.RaftServerConfigKeys (ConfUtils.java:logGet(46)) - raft.server.log.appender.install.snapshot.enabled = false (custom)
2024-01-17 07:57:18,916 [4f4a0cbc-a9eb-44f0-8d97-06326de93701@group-5156236736A0-LeaderElection4] INFO  grpc.GrpcConfigKeys (ConfUtils.java:logGet(46)) - raft.grpc.server.heartbeat.channel = true (default)
2024-01-17 07:57:18,917 [4f4a0cbc-a9eb-44f0-8d97-06326de93701@group-5156236736A0-LeaderElection4] INFO  server.RaftServerConfigKeys (ConfUtils.java:logGet(46)) - raft.server.log.appender.snapshot.chunk.size.max = 16MB (=16777216) (default)
2024-01-17 07:57:18,917 [4f4a0cbc-a9eb-44f0-8d97-06326de93701@group-5156236736A0-LeaderElection4] INFO  server.RaftServerConfigKeys (ConfUtils.java:logGet(46)) - raft.server.log.appender.buffer.byte-limit = 8388608 (custom)
2024-01-17 07:57:18,917 [4f4a0cbc-a9eb-44f0-8d97-06326de93701@group-5156236736A0-LeaderElection4] INFO  server.RaftServerConfigKeys (ConfUtils.java:logGet(46)) - raft.server.log.appender.buffer.element-limit = 1 (custom)
2024-01-17 07:57:18,917 [4f4a0cbc-a9eb-44f0-8d97-06326de93701@group-5156236736A0-LeaderElection4] INFO  server.RaftServerConfigKeys (ConfUtils.java:logGet(46)) - raft.server.log.appender.wait-time.min = 0μs (custom)
2024-01-17 07:57:18,917 [4f4a0cbc-a9eb-44f0-8d97-06326de93701@group-5156236736A0-LeaderElection4] INFO  grpc.GrpcConfigKeys (ConfUtils.java:logGet(46)) - raft.grpc.server.leader.outstanding.appends.max = 8 (default)
2024-01-17 07:57:18,918 [4f4a0cbc-a9eb-44f0-8d97-06326de93701@group-5156236736A0-LeaderElection4] INFO  server.RaftServerConfigKeys (ConfUtils.java:logGet(46)) - raft.server.rpc.request.timeout = 60s (custom)
2024-01-17 07:57:18,918 [4f4a0cbc-a9eb-44f0-8d97-06326de93701@group-5156236736A0-LeaderElection4] INFO  grpc.GrpcConfigKeys (ConfUtils.java:logGet(46)) - raft.grpc.server.install_snapshot.request.element-limit = 8 (default)
2024-01-17 07:57:18,918 [4f4a0cbc-a9eb-44f0-8d97-06326de93701@group-5156236736A0-LeaderElection4] INFO  grpc.GrpcConfigKeys (ConfUtils.java:logGet(46)) - raft.grpc.server.install_snapshot.request.timeout = 3000ms (default)
2024-01-17 07:57:18,918 [4f4a0cbc-a9eb-44f0-8d97-06326de93701@group-5156236736A0-LeaderElection4] INFO  grpc.GrpcConfigKeys (ConfUtils.java:logGet(46)) - raft.grpc.server.log-message.batch.duration = 5s (default)
2024-01-17 07:57:18,918 [4f4a0cbc-a9eb-44f0-8d97-06326de93701@group-5156236736A0-LeaderElection4] INFO  server.RaftServerConfigKeys (ConfUtils.java:logGet(46)) - raft.server.log.appender.install.snapshot.enabled = false (custom)
2024-01-17 07:57:18,918 [4f4a0cbc-a9eb-44f0-8d97-06326de93701@group-5156236736A0-LeaderElection4] INFO  grpc.GrpcConfigKeys (ConfUtils.java:logGet(46)) - raft.grpc.server.heartbeat.channel = true (default)
2024-01-17 07:57:18,918 [4f4a0cbc-a9eb-44f0-8d97-06326de93701@group-5156236736A0-LeaderElection4] INFO  impl.RoleInfo (RoleInfo.java:updateAndGet(139)) - 4f4a0cbc-a9eb-44f0-8d97-06326de93701: start 4f4a0cbc-a9eb-44f0-8d97-06326de93701@group-5156236736A0-LeaderStateImpl
2024-01-17 07:57:18,918 [4f4a0cbc-a9eb-44f0-8d97-06326de93701@group-5156236736A0-LeaderElection4] INFO  server.RaftServer$Division (RaftServerImpl.java:setFirstElection(574)) - 4f4a0cbc-a9eb-44f0-8d97-06326de93701@group-5156236736A0: set firstElectionSinceStartup to false for becomeLeader
2024-01-17 07:57:18,918 [4f4a0cbc-a9eb-44f0-8d97-06326de93701@group-5156236736A0-LeaderElection4] INFO  ratis.XceiverServerRatis (XceiverServerRatis.java:handleLeaderChangedNotification(945)) - Leader change notification received for group: group-5156236736A0 with new leaderId: 4f4a0cbc-a9eb-44f0-8d97-06326de93701
2024-01-17 07:57:18,918 [4f4a0cbc-a9eb-44f0-8d97-06326de93701@group-5156236736A0-LeaderElection4] INFO  server.RaftServer$Division (ServerState.java:setLeader(269)) - 4f4a0cbc-a9eb-44f0-8d97-06326de93701@group-5156236736A0: change Leader from null to 4f4a0cbc-a9eb-44f0-8d97-06326de93701 at term 1 for becomeLeader, leader elected after 5260ms
2024-01-17 07:57:18,919 [4f4a0cbc-a9eb-44f0-8d97-06326de93701@group-5156236736A0-LeaderElection4] INFO  segmented.SegmentedRaftLogWorker (SegmentedRaftLogWorker.java:startLogSegment(430)) - 4f4a0cbc-a9eb-44f0-8d97-06326de93701@group-5156236736A0-SegmentedRaftLogWorker: Starting segment from index:0
2024-01-17 07:57:18,919 [4f4a0cbc-a9eb-44f0-8d97-06326de93701@group-5156236736A0-SegmentedRaftLogWorker] INFO  segmented.BufferedWriteChannel (BufferedWriteChannel.java:open(62)) - open log_inprogress_0 at position 0
2024-01-17 07:57:18,921 [EventQueue-PipelineReportForPipelineReportHandler] INFO  pipeline.PipelineReportHandler (PipelineReportHandler.java:processPipelineReport(136)) - Opened pipeline PipelineID=6138af88-ca2e-4b90-8a8e-5156236736a0
2024-01-17 07:57:18,923 [4f4a0cbc-a9eb-44f0-8d97-06326de93701@group-5156236736A0-LeaderElection4] INFO  server.RaftServer$Division (ServerState.java:setRaftConf(386)) - 4f4a0cbc-a9eb-44f0-8d97-06326de93701@group-5156236736A0: set configuration 0: peers:[4f4a0cbc-a9eb-44f0-8d97-06326de93701|10.1.0.6:15041, 8d67fbbe-ad76-4934-bcfb-c8cae0dbbecb|10.1.0.6:15059, 0f18b96a-e4aa-46f4-b611-a6948cf06a42|10.1.0.6:15050]|listeners:[], old=null
2024-01-17 07:57:18,926 [4f4a0cbc-a9eb-44f0-8d97-06326de93701@group-5156236736A0-SegmentedRaftLogWorker] INFO  segmented.SegmentedRaftLogWorker (SegmentedRaftLogWorker.java:execute(634)) - 4f4a0cbc-a9eb-44f0-8d97-06326de93701@group-5156236736A0-SegmentedRaftLogWorker: created new log segment /home/runner/work/ozone/ozone/hadoop-ozone/integration-test/target/test-dir/MiniOzoneClusterImpl-df80a8b8-78a2-47d1-a2cb-ee48e7cc81f7/datanode-3/data/ratis/6138af88-ca2e-4b90-8a8e-5156236736a0/current/log_inprogress_0
2024-01-17 07:57:18,929 [8d67fbbe-ad76-4934-bcfb-c8cae0dbbecb-server-thread2] INFO  ratis.XceiverServerRatis (XceiverServerRatis.java:handleLeaderChangedNotification(945)) - Leader change notification received for group: group-5156236736A0 with new leaderId: 4f4a0cbc-a9eb-44f0-8d97-06326de93701
2024-01-17 07:57:18,929 [8d67fbbe-ad76-4934-bcfb-c8cae0dbbecb-server-thread2] INFO  server.RaftServer$Division (ServerState.java:setLeader(269)) - 8d67fbbe-ad76-4934-bcfb-c8cae0dbbecb@group-5156236736A0: change Leader from null to 4f4a0cbc-a9eb-44f0-8d97-06326de93701 at term 1 for appendEntries, leader elected after 4908ms
2024-01-17 07:57:18,929 [0f18b96a-e4aa-46f4-b611-a6948cf06a42-server-thread1] INFO  ratis.XceiverServerRatis (XceiverServerRatis.java:handleLeaderChangedNotification(945)) - Leader change notification received for group: group-5156236736A0 with new leaderId: 4f4a0cbc-a9eb-44f0-8d97-06326de93701
2024-01-17 07:57:18,932 [8d67fbbe-ad76-4934-bcfb-c8cae0dbbecb-server-thread2] INFO  server.RaftServer$Division (ServerState.java:setRaftConf(386)) - 8d67fbbe-ad76-4934-bcfb-c8cae0dbbecb@group-5156236736A0: set configuration 0: peers:[4f4a0cbc-a9eb-44f0-8d97-06326de93701|10.1.0.6:15041, 8d67fbbe-ad76-4934-bcfb-c8cae0dbbecb|10.1.0.6:15059, 0f18b96a-e4aa-46f4-b611-a6948cf06a42|10.1.0.6:15050]|listeners:[], old=null
2024-01-17 07:57:18,933 [8d67fbbe-ad76-4934-bcfb-c8cae0dbbecb-server-thread2] INFO  segmented.SegmentedRaftLogWorker (SegmentedRaftLogWorker.java:startLogSegment(430)) - 8d67fbbe-ad76-4934-bcfb-c8cae0dbbecb@group-5156236736A0-SegmentedRaftLogWorker: Starting segment from index:0
2024-01-17 07:57:18,933 [8d67fbbe-ad76-4934-bcfb-c8cae0dbbecb@group-5156236736A0-SegmentedRaftLogWorker] INFO  segmented.BufferedWriteChannel (BufferedWriteChannel.java:open(62)) - open log_inprogress_0 at position 0
2024-01-17 07:57:18,933 [0f18b96a-e4aa-46f4-b611-a6948cf06a42-server-thread1] INFO  server.RaftServer$Division (ServerState.java:setLeader(269)) - 0f18b96a-e4aa-46f4-b611-a6948cf06a42@group-5156236736A0: change Leader from null to 4f4a0cbc-a9eb-44f0-8d97-06326de93701 at term 1 for appendEntries, leader elected after 5083ms
2024-01-17 07:57:18,935 [0f18b96a-e4aa-46f4-b611-a6948cf06a42-server-thread2] INFO  server.RaftServer$Division (ServerState.java:setRaftConf(386)) - 0f18b96a-e4aa-46f4-b611-a6948cf06a42@group-5156236736A0: set configuration 0: peers:[4f4a0cbc-a9eb-44f0-8d97-06326de93701|10.1.0.6:15041, 8d67fbbe-ad76-4934-bcfb-c8cae0dbbecb|10.1.0.6:15059, 0f18b96a-e4aa-46f4-b611-a6948cf06a42|10.1.0.6:15050]|listeners:[], old=null
2024-01-17 07:57:18,935 [0f18b96a-e4aa-46f4-b611-a6948cf06a42-server-thread2] INFO  segmented.SegmentedRaftLogWorker (SegmentedRaftLogWorker.java:startLogSegment(430)) - 0f18b96a-e4aa-46f4-b611-a6948cf06a42@group-5156236736A0-SegmentedRaftLogWorker: Starting segment from index:0
2024-01-17 07:57:18,936 [0f18b96a-e4aa-46f4-b611-a6948cf06a42@group-5156236736A0-SegmentedRaftLogWorker] INFO  segmented.BufferedWriteChannel (BufferedWriteChannel.java:open(62)) - open log_inprogress_0 at position 0
2024-01-17 07:57:18,943 [8d67fbbe-ad76-4934-bcfb-c8cae0dbbecb@group-5156236736A0-SegmentedRaftLogWorker] INFO  segmented.SegmentedRaftLogWorker (SegmentedRaftLogWorker.java:execute(634)) - 8d67fbbe-ad76-4934-bcfb-c8cae0dbbecb@group-5156236736A0-SegmentedRaftLogWorker: created new log segment /home/runner/work/ozone/ozone/hadoop-ozone/integration-test/target/test-dir/MiniOzoneClusterImpl-df80a8b8-78a2-47d1-a2cb-ee48e7cc81f7/datanode-5/data/ratis/6138af88-ca2e-4b90-8a8e-5156236736a0/current/log_inprogress_0
2024-01-17 07:57:18,948 [0f18b96a-e4aa-46f4-b611-a6948cf06a42@group-5156236736A0-SegmentedRaftLogWorker] INFO  segmented.SegmentedRaftLogWorker (SegmentedRaftLogWorker.java:execute(634)) - 0f18b96a-e4aa-46f4-b611-a6948cf06a42@group-5156236736A0-SegmentedRaftLogWorker: created new log segment /home/runner/work/ozone/ozone/hadoop-ozone/integration-test/target/test-dir/MiniOzoneClusterImpl-df80a8b8-78a2-47d1-a2cb-ee48e7cc81f7/datanode-4/data/ratis/6138af88-ca2e-4b90-8a8e-5156236736a0/current/log_inprogress_0
2024-01-17 07:57:18,948 [4f4a0cbc-a9eb-44f0-8d97-06326de93701@group-5156236736A0-StateMachineUpdater] INFO  server.RaftServer$Division (LeaderStateImpl.java:isApplied(320)) - leader is ready since appliedIndex == 0 >= startIndex == 0
2024-01-17 07:57:18,956 [main] INFO  ozone.MiniOzoneClusterImpl (MiniOzoneClusterImpl.java:lambda$waitForClusterToBeReady$0(229)) - Nodes are ready. Got 14 of 14 DN Heartbeats.
2024-01-17 07:57:18,956 [main] INFO  ozone.MiniOzoneClusterImpl (MiniOzoneClusterImpl.java:lambda$waitForClusterToBeReady$0(232)) - Cluster exits safe mode
2024-01-17 07:57:18,956 [main] INFO  ozone.MiniOzoneClusterImpl (MiniOzoneClusterImpl.java:lambda$waitForClusterToBeReady$0(234)) - SCM became leader
2024-01-17 07:57:18,974 [main] INFO  protocolPB.OmTransportFactory (OmTransportFactory.java:createFactory(62)) - Loading OM transport implementation org.apache.hadoop.ozone.om.protocolPB.Hadoop3OmTransportFactory as specified by configuration.
2024-01-17 07:57:19,192 [e98e7f84-7e90-42c0-bf2b-bf94ba8f7864@group-23DA28C678CC-FollowerState] INFO  impl.FollowerState (FollowerState.java:run(143)) - e98e7f84-7e90-42c0-bf2b-bf94ba8f7864@group-23DA28C678CC-FollowerState: change to CANDIDATE, lastRpcElapsedTime:5072459747ns, electionTimeout:5062ms
2024-01-17 07:57:19,192 [e98e7f84-7e90-42c0-bf2b-bf94ba8f7864@group-23DA28C678CC-FollowerState] INFO  impl.RoleInfo (RoleInfo.java:shutdownFollowerState(110)) - e98e7f84-7e90-42c0-bf2b-bf94ba8f7864: shutdown e98e7f84-7e90-42c0-bf2b-bf94ba8f7864@group-23DA28C678CC-FollowerState
2024-01-17 07:57:19,192 [e98e7f84-7e90-42c0-bf2b-bf94ba8f7864@group-23DA28C678CC-FollowerState] INFO  server.RaftServer$Division (RaftServerImpl.java:setRole(383)) - e98e7f84-7e90-42c0-bf2b-bf94ba8f7864@group-23DA28C678CC: changes role from  FOLLOWER to CANDIDATE at term 0 for changeToCandidate
2024-01-17 07:57:19,192 [e98e7f84-7e90-42c0-bf2b-bf94ba8f7864@group-23DA28C678CC-FollowerState] INFO  server.RaftServerConfigKeys (ConfUtils.java:logGet(46)) - raft.server.leaderelection.pre-vote = true (default)
2024-01-17 07:57:19,192 [e98e7f84-7e90-42c0-bf2b-bf94ba8f7864@group-23DA28C678CC-FollowerState] INFO  impl.RoleInfo (RoleInfo.java:updateAndGet(139)) - e98e7f84-7e90-42c0-bf2b-bf94ba8f7864: start e98e7f84-7e90-42c0-bf2b-bf94ba8f7864@group-23DA28C678CC-LeaderElection5
2024-01-17 07:57:19,205 [e98e7f84-7e90-42c0-bf2b-bf94ba8f7864@group-23DA28C678CC-LeaderElection5] INFO  impl.LeaderElection (LeaderElection.java:askForVotes(321)) - e98e7f84-7e90-42c0-bf2b-bf94ba8f7864@group-23DA28C678CC-LeaderElection5 PRE_VOTE round 0: submit vote requests at term 0 for -1: peers:[e98e7f84-7e90-42c0-bf2b-bf94ba8f7864|10.1.0.6:15014, 597b9f4b-0aac-4425-bf2d-48884e3709f6|10.1.0.6:15023, 1bb81a9c-1547-435f-9d81-d5fca49fbc06|10.1.0.6:15032]|listeners:[], old=null
2024-01-17 07:57:19,206 [e98e7f84-7e90-42c0-bf2b-bf94ba8f7864@group-23DA28C678CC-LeaderElection5] INFO  server.RaftServerConfigKeys (ConfUtils.java:logFallback(53)) - raft.server.rpc.first-election.timeout.min = 5s (fallback to raft.server.rpc.timeout.min)
2024-01-17 07:57:19,206 [e98e7f84-7e90-42c0-bf2b-bf94ba8f7864@group-23DA28C678CC-LeaderElection5] INFO  server.RaftServerConfigKeys (ConfUtils.java:logFallback(53)) - raft.server.rpc.first-election.timeout.max = 5200ms (fallback to raft.server.rpc.timeout.max)
2024-01-17 07:57:19,208 [grpc-default-executor-3] INFO  server.RaftServer$Division (RaftServerImpl.java:requestVote(1389)) - 1bb81a9c-1547-435f-9d81-d5fca49fbc06@group-23DA28C678CC: receive requestVote(PRE_VOTE, e98e7f84-7e90-42c0-bf2b-bf94ba8f7864, group-23DA28C678CC, 0, (t:0, i:0))
2024-01-17 07:57:19,208 [grpc-default-executor-3] INFO  impl.VoteContext (VoteContext.java:log(49)) - 1bb81a9c-1547-435f-9d81-d5fca49fbc06@group-23DA28C678CC-FOLLOWER: accept PRE_VOTE from e98e7f84-7e90-42c0-bf2b-bf94ba8f7864: our priority 0 <= candidate's priority 0
2024-01-17 07:57:19,208 [grpc-default-executor-2] INFO  server.RaftServer$Division (RaftServerImpl.java:requestVote(1389)) - 597b9f4b-0aac-4425-bf2d-48884e3709f6@group-23DA28C678CC: receive requestVote(PRE_VOTE, e98e7f84-7e90-42c0-bf2b-bf94ba8f7864, group-23DA28C678CC, 0, (t:0, i:0))
2024-01-17 07:57:19,208 [grpc-default-executor-3] INFO  server.RaftServer$Division (RaftServerImpl.java:requestVote(1422)) - 1bb81a9c-1547-435f-9d81-d5fca49fbc06@group-23DA28C678CC replies to PRE_VOTE vote request: e98e7f84-7e90-42c0-bf2b-bf94ba8f7864<-1bb81a9c-1547-435f-9d81-d5fca49fbc06#0:OK-t0. Peer's state: 1bb81a9c-1547-435f-9d81-d5fca49fbc06@group-23DA28C678CC:t0, leader=null, voted=, raftlog=Memoized:1bb81a9c-1547-435f-9d81-d5fca49fbc06@group-23DA28C678CC-SegmentedRaftLog:OPENED:c-1, conf=-1: peers:[e98e7f84-7e90-42c0-bf2b-bf94ba8f7864|10.1.0.6:15014, 597b9f4b-0aac-4425-bf2d-48884e3709f6|10.1.0.6:15023, 1bb81a9c-1547-435f-9d81-d5fca49fbc06|10.1.0.6:15032]|listeners:[], old=null
2024-01-17 07:57:19,208 [grpc-default-executor-2] INFO  impl.VoteContext (VoteContext.java:log(49)) - 597b9f4b-0aac-4425-bf2d-48884e3709f6@group-23DA28C678CC-FOLLOWER: reject PRE_VOTE from e98e7f84-7e90-42c0-bf2b-bf94ba8f7864: our priority 1 > candidate's priority 0
2024-01-17 07:57:19,209 [grpc-default-executor-2] INFO  server.RaftServer$Division (RaftServerImpl.java:requestVote(1422)) - 597b9f4b-0aac-4425-bf2d-48884e3709f6@group-23DA28C678CC replies to PRE_VOTE vote request: e98e7f84-7e90-42c0-bf2b-bf94ba8f7864<-597b9f4b-0aac-4425-bf2d-48884e3709f6#0:FAIL-t0. Peer's state: 597b9f4b-0aac-4425-bf2d-48884e3709f6@group-23DA28C678CC:t0, leader=null, voted=, raftlog=Memoized:597b9f4b-0aac-4425-bf2d-48884e3709f6@group-23DA28C678CC-SegmentedRaftLog:OPENED:c-1, conf=-1: peers:[e98e7f84-7e90-42c0-bf2b-bf94ba8f7864|10.1.0.6:15014, 597b9f4b-0aac-4425-bf2d-48884e3709f6|10.1.0.6:15023, 1bb81a9c-1547-435f-9d81-d5fca49fbc06|10.1.0.6:15032]|listeners:[], old=null
2024-01-17 07:57:19,210 [e98e7f84-7e90-42c0-bf2b-bf94ba8f7864@group-23DA28C678CC-LeaderElection5] INFO  impl.LeaderElection (LeaderElection.java:logAndReturn(89)) - e98e7f84-7e90-42c0-bf2b-bf94ba8f7864@group-23DA28C678CC-LeaderElection5: PRE_VOTE REJECTED received 1 response(s) and 0 exception(s):
2024-01-17 07:57:19,210 [e98e7f84-7e90-42c0-bf2b-bf94ba8f7864@group-23DA28C678CC-LeaderElection5] INFO  impl.LeaderElection (LeaderElection.java:logAndReturn(93)) -   Response 0: e98e7f84-7e90-42c0-bf2b-bf94ba8f7864<-597b9f4b-0aac-4425-bf2d-48884e3709f6#0:FAIL-t0
2024-01-17 07:57:19,210 [e98e7f84-7e90-42c0-bf2b-bf94ba8f7864@group-23DA28C678CC-LeaderElection5] INFO  impl.LeaderElection (LeaderElection.java:askForVotes(323)) - e98e7f84-7e90-42c0-bf2b-bf94ba8f7864@group-23DA28C678CC-LeaderElection5 PRE_VOTE round 0: result REJECTED
2024-01-17 07:57:19,210 [e98e7f84-7e90-42c0-bf2b-bf94ba8f7864@group-23DA28C678CC-LeaderElection5] INFO  server.RaftServer$Division (RaftServerImpl.java:setRole(383)) - e98e7f84-7e90-42c0-bf2b-bf94ba8f7864@group-23DA28C678CC: changes role from CANDIDATE to FOLLOWER at term 0 for REJECTED
2024-01-17 07:57:19,210 [e98e7f84-7e90-42c0-bf2b-bf94ba8f7864@group-23DA28C678CC-LeaderElection5] INFO  impl.RoleInfo (RoleInfo.java:shutdownLeaderElection(130)) - e98e7f84-7e90-42c0-bf2b-bf94ba8f7864: shutdown e98e7f84-7e90-42c0-bf2b-bf94ba8f7864@group-23DA28C678CC-LeaderElection5
2024-01-17 07:57:19,213 [e98e7f84-7e90-42c0-bf2b-bf94ba8f7864@group-23DA28C678CC-LeaderElection5] INFO  impl.RoleInfo (RoleInfo.java:updateAndGet(139)) - e98e7f84-7e90-42c0-bf2b-bf94ba8f7864: start e98e7f84-7e90-42c0-bf2b-bf94ba8f7864@group-23DA28C678CC-FollowerState
2024-01-17 07:57:19,213 [e98e7f84-7e90-42c0-bf2b-bf94ba8f7864@group-23DA28C678CC-LeaderElection5] INFO  server.RaftServer$Division (RaftServerImpl.java:setFirstElection(574)) - e98e7f84-7e90-42c0-bf2b-bf94ba8f7864@group-23DA28C678CC: set firstElectionSinceStartup to false for REJECTED
2024-01-17 07:57:19,218 [0f18b96a-e4aa-46f4-b611-a6948cf06a42@group-FE8B27BBD9EC-FollowerState] INFO  impl.FollowerState (FollowerState.java:run(143)) - 0f18b96a-e4aa-46f4-b611-a6948cf06a42@group-FE8B27BBD9EC-FollowerState: change to CANDIDATE, lastRpcElapsedTime:5130904877ns, electionTimeout:5123ms
2024-01-17 07:57:19,218 [0f18b96a-e4aa-46f4-b611-a6948cf06a42@group-FE8B27BBD9EC-FollowerState] INFO  impl.RoleInfo (RoleInfo.java:shutdownFollowerState(110)) - 0f18b96a-e4aa-46f4-b611-a6948cf06a42: shutdown 0f18b96a-e4aa-46f4-b611-a6948cf06a42@group-FE8B27BBD9EC-FollowerState
2024-01-17 07:57:19,218 [0f18b96a-e4aa-46f4-b611-a6948cf06a42@group-FE8B27BBD9EC-FollowerState] INFO  server.RaftServer$Division (RaftServerImpl.java:setRole(383)) - 0f18b96a-e4aa-46f4-b611-a6948cf06a42@group-FE8B27BBD9EC: changes role from  FOLLOWER to CANDIDATE at term 0 for changeToCandidate
2024-01-17 07:57:19,218 [0f18b96a-e4aa-46f4-b611-a6948cf06a42@group-FE8B27BBD9EC-FollowerState] INFO  server.RaftServerConfigKeys (ConfUtils.java:logGet(46)) - raft.server.leaderelection.pre-vote = true (default)
2024-01-17 07:57:19,218 [0f18b96a-e4aa-46f4-b611-a6948cf06a42@group-FE8B27BBD9EC-FollowerState] INFO  impl.RoleInfo (RoleInfo.java:updateAndGet(139)) - 0f18b96a-e4aa-46f4-b611-a6948cf06a42: start 0f18b96a-e4aa-46f4-b611-a6948cf06a42@group-FE8B27BBD9EC-LeaderElection6
2024-01-17 07:57:19,225 [0f18b96a-e4aa-46f4-b611-a6948cf06a42@group-FE8B27BBD9EC-LeaderElection6] INFO  impl.LeaderElection (LeaderElection.java:askForVotes(321)) - 0f18b96a-e4aa-46f4-b611-a6948cf06a42@group-FE8B27BBD9EC-LeaderElection6 PRE_VOTE round 0: submit vote requests at term 0 for -1: peers:[4f4a0cbc-a9eb-44f0-8d97-06326de93701|10.1.0.6:15041, 8d67fbbe-ad76-4934-bcfb-c8cae0dbbecb|10.1.0.6:15059, 0f18b96a-e4aa-46f4-b611-a6948cf06a42|10.1.0.6:15050]|listeners:[], old=null
2024-01-17 07:57:19,226 [0f18b96a-e4aa-46f4-b611-a6948cf06a42@group-FE8B27BBD9EC-LeaderElection6-1] INFO  server.GrpcServerProtocolClient (GrpcServerProtocolClient.java:<init>(65)) - Build channel for 4f4a0cbc-a9eb-44f0-8d97-06326de93701|10.1.0.6:15041
2024-01-17 07:57:19,226 [0f18b96a-e4aa-46f4-b611-a6948cf06a42@group-FE8B27BBD9EC-LeaderElection6] INFO  server.RaftServerConfigKeys (ConfUtils.java:logFallback(53)) - raft.server.rpc.first-election.timeout.min = 5s (fallback to raft.server.rpc.timeout.min)
2024-01-17 07:57:19,227 [0f18b96a-e4aa-46f4-b611-a6948cf06a42@group-FE8B27BBD9EC-LeaderElection6] INFO  server.RaftServerConfigKeys (ConfUtils.java:logFallback(53)) - raft.server.rpc.first-election.timeout.max = 5200ms (fallback to raft.server.rpc.timeout.max)
2024-01-17 07:57:19,226 [0f18b96a-e4aa-46f4-b611-a6948cf06a42@group-FE8B27BBD9EC-LeaderElection6-2] INFO  server.GrpcServerProtocolClient (GrpcServerProtocolClient.java:<init>(65)) - Build channel for 8d67fbbe-ad76-4934-bcfb-c8cae0dbbecb|10.1.0.6:15059
2024-01-17 07:57:19,232 [grpc-default-executor-3] INFO  server.RaftServer$Division (RaftServerImpl.java:requestVote(1389)) - 4f4a0cbc-a9eb-44f0-8d97-06326de93701@group-FE8B27BBD9EC: receive requestVote(PRE_VOTE, 0f18b96a-e4aa-46f4-b611-a6948cf06a42, group-FE8B27BBD9EC, 0, (t:0, i:0))
2024-01-17 07:57:19,232 [grpc-default-executor-3] INFO  impl.VoteContext (VoteContext.java:log(49)) - 4f4a0cbc-a9eb-44f0-8d97-06326de93701@group-FE8B27BBD9EC-FOLLOWER: accept PRE_VOTE from 0f18b96a-e4aa-46f4-b611-a6948cf06a42: our priority 0 <= candidate's priority 0
2024-01-17 07:57:19,232 [grpc-default-executor-3] INFO  server.RaftServer$Division (RaftServerImpl.java:requestVote(1422)) - 4f4a0cbc-a9eb-44f0-8d97-06326de93701@group-FE8B27BBD9EC replies to PRE_VOTE vote request: 0f18b96a-e4aa-46f4-b611-a6948cf06a42<-4f4a0cbc-a9eb-44f0-8d97-06326de93701#0:OK-t0. Peer's state: 4f4a0cbc-a9eb-44f0-8d97-06326de93701@group-FE8B27BBD9EC:t0, leader=null, voted=, raftlog=Memoized:4f4a0cbc-a9eb-44f0-8d97-06326de93701@group-FE8B27BBD9EC-SegmentedRaftLog:OPENED:c-1, conf=-1: peers:[4f4a0cbc-a9eb-44f0-8d97-06326de93701|10.1.0.6:15041, 8d67fbbe-ad76-4934-bcfb-c8cae0dbbecb|10.1.0.6:15059, 0f18b96a-e4aa-46f4-b611-a6948cf06a42|10.1.0.6:15050]|listeners:[], old=null
2024-01-17 07:57:19,233 [grpc-default-executor-3] INFO  server.RaftServer$Division (RaftServerImpl.java:requestVote(1389)) - 8d67fbbe-ad76-4934-bcfb-c8cae0dbbecb@group-FE8B27BBD9EC: receive requestVote(PRE_VOTE, 0f18b96a-e4aa-46f4-b611-a6948cf06a42, group-FE8B27BBD9EC, 0, (t:0, i:0))
2024-01-17 07:57:19,233 [grpc-default-executor-3] INFO  impl.VoteContext (VoteContext.java:log(49)) - 8d67fbbe-ad76-4934-bcfb-c8cae0dbbecb@group-FE8B27BBD9EC-FOLLOWER: reject PRE_VOTE from 0f18b96a-e4aa-46f4-b611-a6948cf06a42: our priority 1 > candidate's priority 0
2024-01-17 07:57:19,233 [grpc-default-executor-3] INFO  server.RaftServer$Division (RaftServerImpl.java:requestVote(1422)) - 8d67fbbe-ad76-4934-bcfb-c8cae0dbbecb@group-FE8B27BBD9EC replies to PRE_VOTE vote request: 0f18b96a-e4aa-46f4-b611-a6948cf06a42<-8d67fbbe-ad76-4934-bcfb-c8cae0dbbecb#0:FAIL-t0. Peer's state: 8d67fbbe-ad76-4934-bcfb-c8cae0dbbecb@group-FE8B27BBD9EC:t0, leader=null, voted=, raftlog=Memoized:8d67fbbe-ad76-4934-bcfb-c8cae0dbbecb@group-FE8B27BBD9EC-SegmentedRaftLog:OPENED:c-1, conf=-1: peers:[4f4a0cbc-a9eb-44f0-8d97-06326de93701|10.1.0.6:15041, 8d67fbbe-ad76-4934-bcfb-c8cae0dbbecb|10.1.0.6:15059, 0f18b96a-e4aa-46f4-b611-a6948cf06a42|10.1.0.6:15050]|listeners:[], old=null
2024-01-17 07:57:19,245 [0f18b96a-e4aa-46f4-b611-a6948cf06a42@group-FE8B27BBD9EC-LeaderElection6] INFO  impl.LeaderElection (LeaderElection.java:logAndReturn(89)) - 0f18b96a-e4aa-46f4-b611-a6948cf06a42@group-FE8B27BBD9EC-LeaderElection6: PRE_VOTE REJECTED received 2 response(s) and 0 exception(s):
2024-01-17 07:57:19,246 [0f18b96a-e4aa-46f4-b611-a6948cf06a42@group-FE8B27BBD9EC-LeaderElection6] INFO  impl.LeaderElection (LeaderElection.java:logAndReturn(93)) -   Response 0: 0f18b96a-e4aa-46f4-b611-a6948cf06a42<-4f4a0cbc-a9eb-44f0-8d97-06326de93701#0:OK-t0
2024-01-17 07:57:19,246 [0f18b96a-e4aa-46f4-b611-a6948cf06a42@group-FE8B27BBD9EC-LeaderElection6] INFO  impl.LeaderElection (LeaderElection.java:logAndReturn(93)) -   Response 1: 0f18b96a-e4aa-46f4-b611-a6948cf06a42<-8d67fbbe-ad76-4934-bcfb-c8cae0dbbecb#0:FAIL-t0
2024-01-17 07:57:19,246 [0f18b96a-e4aa-46f4-b611-a6948cf06a42@group-FE8B27BBD9EC-LeaderElection6] INFO  impl.LeaderElection (LeaderElection.java:askForVotes(323)) - 0f18b96a-e4aa-46f4-b611-a6948cf06a42@group-FE8B27BBD9EC-LeaderElection6 PRE_VOTE round 0: result REJECTED
2024-01-17 07:57:19,250 [0f18b96a-e4aa-46f4-b611-a6948cf06a42@group-FE8B27BBD9EC-LeaderElection6] INFO  server.RaftServer$Division (RaftServerImpl.java:setRole(383)) - 0f18b96a-e4aa-46f4-b611-a6948cf06a42@group-FE8B27BBD9EC: changes role from CANDIDATE to FOLLOWER at term 0 for REJECTED
2024-01-17 07:57:19,250 [0f18b96a-e4aa-46f4-b611-a6948cf06a42@group-FE8B27BBD9EC-LeaderElection6] INFO  impl.RoleInfo (RoleInfo.java:shutdownLeaderElection(130)) - 0f18b96a-e4aa-46f4-b611-a6948cf06a42: shutdown 0f18b96a-e4aa-46f4-b611-a6948cf06a42@group-FE8B27BBD9EC-LeaderElection6
2024-01-17 07:57:19,251 [0f18b96a-e4aa-46f4-b611-a6948cf06a42@group-FE8B27BBD9EC-LeaderElection6] INFO  impl.RoleInfo (RoleInfo.java:updateAndGet(139)) - 0f18b96a-e4aa-46f4-b611-a6948cf06a42: start 0f18b96a-e4aa-46f4-b611-a6948cf06a42@group-FE8B27BBD9EC-FollowerState
2024-01-17 07:57:19,251 [0f18b96a-e4aa-46f4-b611-a6948cf06a42@group-FE8B27BBD9EC-LeaderElection6] INFO  server.RaftServer$Division (RaftServerImpl.java:setFirstElection(574)) - 0f18b96a-e4aa-46f4-b611-a6948cf06a42@group-FE8B27BBD9EC: set firstElectionSinceStartup to false for REJECTED
2024-01-17 07:57:19,420 [main] INFO  rpc.RpcClient (RpcClient.java:createVolume(456)) - Creating Volume: 78bad62d-b219-4372-83c9-941931669e0a, with runner as owner and space quota set to -1 bytes, counts quota set to -1
2024-01-17 07:57:19,423 [1bb81a9c-1547-435f-9d81-d5fca49fbc06@group-23DA28C678CC-FollowerState] INFO  server.RaftServerConfigKeys (ConfUtils.java:logFallback(53)) - raft.server.rpc.first-election.timeout.min = 5s (fallback to raft.server.rpc.timeout.min)
2024-01-17 07:57:19,424 [1bb81a9c-1547-435f-9d81-d5fca49fbc06@group-23DA28C678CC-FollowerState] INFO  server.RaftServerConfigKeys (ConfUtils.java:logFallback(53)) - raft.server.rpc.first-election.timeout.max = 5200ms (fallback to raft.server.rpc.timeout.max)
2024-01-17 07:57:19,478 [597b9f4b-0aac-4425-bf2d-48884e3709f6@group-23DA28C678CC-FollowerState] INFO  impl.FollowerState (FollowerState.java:run(143)) - 597b9f4b-0aac-4425-bf2d-48884e3709f6@group-23DA28C678CC-FollowerState: change to CANDIDATE, lastRpcElapsedTime:5198138395ns, electionTimeout:5180ms
2024-01-17 07:57:19,479 [597b9f4b-0aac-4425-bf2d-48884e3709f6@group-23DA28C678CC-FollowerState] INFO  impl.RoleInfo (RoleInfo.java:shutdownFollowerState(110)) - 597b9f4b-0aac-4425-bf2d-48884e3709f6: shutdown 597b9f4b-0aac-4425-bf2d-48884e3709f6@group-23DA28C678CC-FollowerState
2024-01-17 07:57:19,479 [597b9f4b-0aac-4425-bf2d-48884e3709f6@group-23DA28C678CC-FollowerState] INFO  server.RaftServer$Division (RaftServerImpl.java:setRole(383)) - 597b9f4b-0aac-4425-bf2d-48884e3709f6@group-23DA28C678CC: changes role from  FOLLOWER to CANDIDATE at term 0 for changeToCandidate
2024-01-17 07:57:19,479 [597b9f4b-0aac-4425-bf2d-48884e3709f6@group-23DA28C678CC-FollowerState] INFO  server.RaftServerConfigKeys (ConfUtils.java:logGet(46)) - raft.server.leaderelection.pre-vote = true (default)
2024-01-17 07:57:19,479 [597b9f4b-0aac-4425-bf2d-48884e3709f6@group-23DA28C678CC-FollowerState] INFO  impl.RoleInfo (RoleInfo.java:updateAndGet(139)) - 597b9f4b-0aac-4425-bf2d-48884e3709f6: start 597b9f4b-0aac-4425-bf2d-48884e3709f6@group-23DA28C678CC-LeaderElection7
2024-01-17 07:57:19,484 [597b9f4b-0aac-4425-bf2d-48884e3709f6@group-23DA28C678CC-LeaderElection7] INFO  impl.LeaderElection (LeaderElection.java:askForVotes(321)) - 597b9f4b-0aac-4425-bf2d-48884e3709f6@group-23DA28C678CC-LeaderElection7 PRE_VOTE round 0: submit vote requests at term 0 for -1: peers:[e98e7f84-7e90-42c0-bf2b-bf94ba8f7864|10.1.0.6:15014, 597b9f4b-0aac-4425-bf2d-48884e3709f6|10.1.0.6:15023, 1bb81a9c-1547-435f-9d81-d5fca49fbc06|10.1.0.6:15032]|listeners:[], old=null
2024-01-17 07:57:19,487 [597b9f4b-0aac-4425-bf2d-48884e3709f6@group-23DA28C678CC-LeaderElection7-1] INFO  server.GrpcServerProtocolClient (GrpcServerProtocolClient.java:<init>(65)) - Build channel for e98e7f84-7e90-42c0-bf2b-bf94ba8f7864|10.1.0.6:15014
2024-01-17 07:57:19,491 [om1-OMStateMachineApplyTransactionThread - 0] INFO  volume.OMVolumeCreateRequest (OMVolumeCreateRequest.java:validateAndUpdateCache(198)) - created volume:78bad62d-b219-4372-83c9-941931669e0a for user:runner
2024-01-17 07:57:19,496 [597b9f4b-0aac-4425-bf2d-48884e3709f6@group-23DA28C678CC-LeaderElection7-2] INFO  server.GrpcServerProtocolClient (GrpcServerProtocolClient.java:<init>(65)) - Build channel for 1bb81a9c-1547-435f-9d81-d5fca49fbc06|10.1.0.6:15032
2024-01-17 07:57:19,498 [597b9f4b-0aac-4425-bf2d-48884e3709f6@group-23DA28C678CC-LeaderElection7] INFO  server.RaftServerConfigKeys (ConfUtils.java:logFallback(53)) - raft.server.rpc.first-election.timeout.min = 5s (fallback to raft.server.rpc.timeout.min)
2024-01-17 07:57:19,498 [597b9f4b-0aac-4425-bf2d-48884e3709f6@group-23DA28C678CC-LeaderElection7] INFO  server.RaftServerConfigKeys (ConfUtils.java:logFallback(53)) - raft.server.rpc.first-election.timeout.max = 5200ms (fallback to raft.server.rpc.timeout.max)
2024-01-17 07:57:19,508 [grpc-default-executor-2] INFO  server.RaftServer$Division (RaftServerImpl.java:requestVote(1389)) - 1bb81a9c-1547-435f-9d81-d5fca49fbc06@group-23DA28C678CC: receive requestVote(PRE_VOTE, 597b9f4b-0aac-4425-bf2d-48884e3709f6, group-23DA28C678CC, 0, (t:0, i:0))
2024-01-17 07:57:19,508 [grpc-default-executor-3] INFO  server.RaftServer$Division (RaftServerImpl.java:requestVote(1389)) - e98e7f84-7e90-42c0-bf2b-bf94ba8f7864@group-23DA28C678CC: receive requestVote(PRE_VOTE, 597b9f4b-0aac-4425-bf2d-48884e3709f6, group-23DA28C678CC, 0, (t:0, i:0))
2024-01-17 07:57:19,508 [grpc-default-executor-2] INFO  impl.VoteContext (VoteContext.java:log(49)) - 1bb81a9c-1547-435f-9d81-d5fca49fbc06@group-23DA28C678CC-FOLLOWER: accept PRE_VOTE from 597b9f4b-0aac-4425-bf2d-48884e3709f6: our priority 0 <= candidate's priority 1
2024-01-17 07:57:19,508 [grpc-default-executor-3] INFO  impl.VoteContext (VoteContext.java:log(49)) - e98e7f84-7e90-42c0-bf2b-bf94ba8f7864@group-23DA28C678CC-FOLLOWER: accept PRE_VOTE from 597b9f4b-0aac-4425-bf2d-48884e3709f6: our priority 0 <= candidate's priority 1
2024-01-17 07:57:19,508 [grpc-default-executor-2] INFO  server.RaftServer$Division (RaftServerImpl.java:requestVote(1422)) - 1bb81a9c-1547-435f-9d81-d5fca49fbc06@group-23DA28C678CC replies to PRE_VOTE vote request: 597b9f4b-0aac-4425-bf2d-48884e3709f6<-1bb81a9c-1547-435f-9d81-d5fca49fbc06#0:OK-t0. Peer's state: 1bb81a9c-1547-435f-9d81-d5fca49fbc06@group-23DA28C678CC:t0, leader=null, voted=, raftlog=Memoized:1bb81a9c-1547-435f-9d81-d5fca49fbc06@group-23DA28C678CC-SegmentedRaftLog:OPENED:c-1, conf=-1: peers:[e98e7f84-7e90-42c0-bf2b-bf94ba8f7864|10.1.0.6:15014, 597b9f4b-0aac-4425-bf2d-48884e3709f6|10.1.0.6:15023, 1bb81a9c-1547-435f-9d81-d5fca49fbc06|10.1.0.6:15032]|listeners:[], old=null
2024-01-17 07:57:19,508 [grpc-default-executor-3] INFO  server.RaftServer$Division (RaftServerImpl.java:requestVote(1422)) - e98e7f84-7e90-42c0-bf2b-bf94ba8f7864@group-23DA28C678CC replies to PRE_VOTE vote request: 597b9f4b-0aac-4425-bf2d-48884e3709f6<-e98e7f84-7e90-42c0-bf2b-bf94ba8f7864#0:OK-t0. Peer's state: e98e7f84-7e90-42c0-bf2b-bf94ba8f7864@group-23DA28C678CC:t0, leader=null, voted=, raftlog=Memoized:e98e7f84-7e90-42c0-bf2b-bf94ba8f7864@group-23DA28C678CC-SegmentedRaftLog:OPENED:c-1, conf=-1: peers:[e98e7f84-7e90-42c0-bf2b-bf94ba8f7864|10.1.0.6:15014, 597b9f4b-0aac-4425-bf2d-48884e3709f6|10.1.0.6:15023, 1bb81a9c-1547-435f-9d81-d5fca49fbc06|10.1.0.6:15032]|listeners:[], old=null
2024-01-17 07:57:19,508 [om1-OMDoubleBufferFlushThread] INFO  helpers.OmKeyInfo (OmKeyInfo.java:getCodec(71)) - OmKeyInfo.getCodec ignorePipeline = true
2024-01-17 07:57:19,508 [om1-OMDoubleBufferFlushThread] INFO  helpers.OmKeyInfo (OmKeyInfo.java:getCodec(71)) - OmKeyInfo.getCodec ignorePipeline = true
2024-01-17 07:57:19,508 [om1-OMDoubleBufferFlushThread] INFO  helpers.OmKeyInfo (OmKeyInfo.java:getCodec(71)) - OmKeyInfo.getCodec ignorePipeline = true
2024-01-17 07:57:19,508 [om1-OMDoubleBufferFlushThread] INFO  helpers.OmKeyInfo (OmKeyInfo.java:getCodec(71)) - OmKeyInfo.getCodec ignorePipeline = true
2024-01-17 07:57:19,508 [om1-OMDoubleBufferFlushThread] INFO  helpers.OmKeyInfo (OmKeyInfo.java:getCodec(71)) - OmKeyInfo.getCodec ignorePipeline = true
2024-01-17 07:57:19,510 [597b9f4b-0aac-4425-bf2d-48884e3709f6@group-23DA28C678CC-LeaderElection7] INFO  impl.LeaderElection (LeaderElection.java:logAndReturn(89)) - 597b9f4b-0aac-4425-bf2d-48884e3709f6@group-23DA28C678CC-LeaderElection7: PRE_VOTE PASSED received 1 response(s) and 0 exception(s):
2024-01-17 07:57:19,513 [597b9f4b-0aac-4425-bf2d-48884e3709f6@group-23DA28C678CC-LeaderElection7] INFO  impl.LeaderElection (LeaderElection.java:logAndReturn(93)) -   Response 0: 597b9f4b-0aac-4425-bf2d-48884e3709f6<-1bb81a9c-1547-435f-9d81-d5fca49fbc06#0:OK-t0
2024-01-17 07:57:19,513 [597b9f4b-0aac-4425-bf2d-48884e3709f6@group-23DA28C678CC-LeaderElection7] INFO  impl.LeaderElection (LeaderElection.java:askForVotes(323)) - 597b9f4b-0aac-4425-bf2d-48884e3709f6@group-23DA28C678CC-LeaderElection7 PRE_VOTE round 0: result PASSED
2024-01-17 07:57:19,513 [4f4a0cbc-a9eb-44f0-8d97-06326de93701@group-FE8B27BBD9EC-FollowerState] INFO  server.RaftServerConfigKeys (ConfUtils.java:logFallback(53)) - raft.server.rpc.first-election.timeout.min = 5s (fallback to raft.server.rpc.timeout.min)
2024-01-17 07:57:19,513 [4f4a0cbc-a9eb-44f0-8d97-06326de93701@group-FE8B27BBD9EC-FollowerState] INFO  server.RaftServerConfigKeys (ConfUtils.java:logFallback(53)) - raft.server.rpc.first-election.timeout.max = 5200ms (fallback to raft.server.rpc.timeout.max)
2024-01-17 07:57:19,515 [597b9f4b-0aac-4425-bf2d-48884e3709f6@group-23DA28C678CC-LeaderElection7] INFO  impl.LeaderElection (LeaderElection.java:askForVotes(321)) - 597b9f4b-0aac-4425-bf2d-48884e3709f6@group-23DA28C678CC-LeaderElection7 ELECTION round 0: submit vote requests at term 1 for -1: peers:[e98e7f84-7e90-42c0-bf2b-bf94ba8f7864|10.1.0.6:15014, 597b9f4b-0aac-4425-bf2d-48884e3709f6|10.1.0.6:15023, 1bb81a9c-1547-435f-9d81-d5fca49fbc06|10.1.0.6:15032]|listeners:[], old=null
2024-01-17 07:57:19,520 [grpc-default-executor-2] INFO  server.RaftServer$Division (RaftServerImpl.java:requestVote(1389)) - e98e7f84-7e90-42c0-bf2b-bf94ba8f7864@group-23DA28C678CC: receive requestVote(ELECTION, 597b9f4b-0aac-4425-bf2d-48884e3709f6, group-23DA28C678CC, 1, (t:0, i:0))
2024-01-17 07:57:19,520 [grpc-default-executor-2] INFO  impl.VoteContext (VoteContext.java:log(49)) - e98e7f84-7e90-42c0-bf2b-bf94ba8f7864@group-23DA28C678CC-FOLLOWER: accept ELECTION from 597b9f4b-0aac-4425-bf2d-48884e3709f6: our priority 0 <= candidate's priority 1
2024-01-17 07:57:19,520 [grpc-default-executor-2] INFO  server.RaftServer$Division (RaftServerImpl.java:setRole(383)) - e98e7f84-7e90-42c0-bf2b-bf94ba8f7864@group-23DA28C678CC: changes role from  FOLLOWER to FOLLOWER at term 1 for candidate:597b9f4b-0aac-4425-bf2d-48884e3709f6
2024-01-17 07:57:19,521 [grpc-default-executor-2] INFO  impl.RoleInfo (RoleInfo.java:shutdownFollowerState(110)) - e98e7f84-7e90-42c0-bf2b-bf94ba8f7864: shutdown e98e7f84-7e90-42c0-bf2b-bf94ba8f7864@group-23DA28C678CC-FollowerState
2024-01-17 07:57:19,522 [597b9f4b-0aac-4425-bf2d-48884e3709f6@group-23DA28C678CC-LeaderElection7] INFO  server.RaftServerConfigKeys (ConfUtils.java:logFallback(53)) - raft.server.rpc.first-election.timeout.min = 5s (fallback to raft.server.rpc.timeout.min)
2024-01-17 07:57:19,522 [597b9f4b-0aac-4425-bf2d-48884e3709f6@group-23DA28C678CC-LeaderElection7] INFO  server.RaftServerConfigKeys (ConfUtils.java:logFallback(53)) - raft.server.rpc.first-election.timeout.max = 5200ms (fallback to raft.server.rpc.timeout.max)
2024-01-17 07:57:19,522 [grpc-default-executor-2] INFO  impl.RoleInfo (RoleInfo.java:updateAndGet(139)) - e98e7f84-7e90-42c0-bf2b-bf94ba8f7864: start e98e7f84-7e90-42c0-bf2b-bf94ba8f7864@group-23DA28C678CC-FollowerState
2024-01-17 07:57:19,523 [e98e7f84-7e90-42c0-bf2b-bf94ba8f7864@group-23DA28C678CC-FollowerState] INFO  impl.FollowerState (FollowerState.java:run(152)) - e98e7f84-7e90-42c0-bf2b-bf94ba8f7864@group-23DA28C678CC-FollowerState was interrupted
2024-01-17 07:57:19,528 [grpc-default-executor-3] INFO  server.RaftServer$Division (RaftServerImpl.java:requestVote(1389)) - 1bb81a9c-1547-435f-9d81-d5fca49fbc06@group-23DA28C678CC: receive requestVote(ELECTION, 597b9f4b-0aac-4425-bf2d-48884e3709f6, group-23DA28C678CC, 1, (t:0, i:0))
2024-01-17 07:57:19,528 [grpc-default-executor-3] INFO  impl.VoteContext (VoteContext.java:log(49)) - 1bb81a9c-1547-435f-9d81-d5fca49fbc06@group-23DA28C678CC-FOLLOWER: accept ELECTION from 597b9f4b-0aac-4425-bf2d-48884e3709f6: our priority 0 <= candidate's priority 1
2024-01-17 07:57:19,528 [grpc-default-executor-3] INFO  server.RaftServer$Division (RaftServerImpl.java:setRole(383)) - 1bb81a9c-1547-435f-9d81-d5fca49fbc06@group-23DA28C678CC: changes role from  FOLLOWER to FOLLOWER at term 1 for candidate:597b9f4b-0aac-4425-bf2d-48884e3709f6
2024-01-17 07:57:19,528 [grpc-default-executor-3] INFO  impl.RoleInfo (RoleInfo.java:shutdownFollowerState(110)) - 1bb81a9c-1547-435f-9d81-d5fca49fbc06: shutdown 1bb81a9c-1547-435f-9d81-d5fca49fbc06@group-23DA28C678CC-FollowerState
2024-01-17 07:57:19,528 [grpc-default-executor-3] INFO  impl.RoleInfo (RoleInfo.java:updateAndGet(139)) - 1bb81a9c-1547-435f-9d81-d5fca49fbc06: start 1bb81a9c-1547-435f-9d81-d5fca49fbc06@group-23DA28C678CC-FollowerState
2024-01-17 07:57:19,529 [1bb81a9c-1547-435f-9d81-d5fca49fbc06@group-23DA28C678CC-FollowerState] INFO  impl.FollowerState (FollowerState.java:run(152)) - 1bb81a9c-1547-435f-9d81-d5fca49fbc06@group-23DA28C678CC-FollowerState was interrupted
2024-01-17 07:57:19,529 [grpc-default-executor-3] INFO  server.RaftServer$Division (RaftServerImpl.java:setFirstElection(574)) - 1bb81a9c-1547-435f-9d81-d5fca49fbc06@group-23DA28C678CC: set firstElectionSinceStartup to false for candidate:597b9f4b-0aac-4425-bf2d-48884e3709f6
2024-01-17 07:57:19,531 [eb5c9b0d-19e6-4136-9089-8a3b0879ad33@group-E9E02E74B481-FollowerState] INFO  impl.FollowerState (FollowerState.java:run(143)) - eb5c9b0d-19e6-4136-9089-8a3b0879ad33@group-E9E02E74B481-FollowerState: change to CANDIDATE, lastRpcElapsedTime:5121524595ns, electionTimeout:5117ms
2024-01-17 07:57:19,531 [eb5c9b0d-19e6-4136-9089-8a3b0879ad33@group-E9E02E74B481-FollowerState] INFO  impl.RoleInfo (RoleInfo.java:shutdownFollowerState(110)) - eb5c9b0d-19e6-4136-9089-8a3b0879ad33: shutdown eb5c9b0d-19e6-4136-9089-8a3b0879ad33@group-E9E02E74B481-FollowerState
2024-01-17 07:57:19,531 [eb5c9b0d-19e6-4136-9089-8a3b0879ad33@group-E9E02E74B481-FollowerState] INFO  server.RaftServer$Division (RaftServerImpl.java:setRole(383)) - eb5c9b0d-19e6-4136-9089-8a3b0879ad33@group-E9E02E74B481: changes role from  FOLLOWER to CANDIDATE at term 0 for changeToCandidate
2024-01-17 07:57:19,531 [eb5c9b0d-19e6-4136-9089-8a3b0879ad33@group-E9E02E74B481-FollowerState] INFO  server.RaftServerConfigKeys (ConfUtils.java:logGet(46)) - raft.server.leaderelection.pre-vote = true (default)
2024-01-17 07:57:19,531 [eb5c9b0d-19e6-4136-9089-8a3b0879ad33@group-E9E02E74B481-FollowerState] INFO  impl.RoleInfo (RoleInfo.java:updateAndGet(139)) - eb5c9b0d-19e6-4136-9089-8a3b0879ad33: start eb5c9b0d-19e6-4136-9089-8a3b0879ad33@group-E9E02E74B481-LeaderElection8
2024-01-17 07:57:19,531 [grpc-default-executor-2] INFO  server.RaftServer$Division (RaftServerImpl.java:requestVote(1422)) - e98e7f84-7e90-42c0-bf2b-bf94ba8f7864@group-23DA28C678CC replies to ELECTION vote request: 597b9f4b-0aac-4425-bf2d-48884e3709f6<-e98e7f84-7e90-42c0-bf2b-bf94ba8f7864#0:OK-t1. Peer's state: e98e7f84-7e90-42c0-bf2b-bf94ba8f7864@group-23DA28C678CC:t1, leader=null, voted=597b9f4b-0aac-4425-bf2d-48884e3709f6, raftlog=Memoized:e98e7f84-7e90-42c0-bf2b-bf94ba8f7864@group-23DA28C678CC-SegmentedRaftLog:OPENED:c-1, conf=-1: peers:[e98e7f84-7e90-42c0-bf2b-bf94ba8f7864|10.1.0.6:15014, 597b9f4b-0aac-4425-bf2d-48884e3709f6|10.1.0.6:15023, 1bb81a9c-1547-435f-9d81-d5fca49fbc06|10.1.0.6:15032]|listeners:[], old=null
2024-01-17 07:57:19,533 [grpc-default-executor-3] INFO  server.RaftServer$Division (RaftServerImpl.java:requestVote(1422)) - 1bb81a9c-1547-435f-9d81-d5fca49fbc06@group-23DA28C678CC replies to ELECTION vote request: 597b9f4b-0aac-4425-bf2d-48884e3709f6<-1bb81a9c-1547-435f-9d81-d5fca49fbc06#0:OK-t1. Peer's state: 1bb81a9c-1547-435f-9d81-d5fca49fbc06@group-23DA28C678CC:t1, leader=null, voted=597b9f4b-0aac-4425-bf2d-48884e3709f6, raftlog=Memoized:1bb81a9c-1547-435f-9d81-d5fca49fbc06@group-23DA28C678CC-SegmentedRaftLog:OPENED:c-1, conf=-1: peers:[e98e7f84-7e90-42c0-bf2b-bf94ba8f7864|10.1.0.6:15014, 597b9f4b-0aac-4425-bf2d-48884e3709f6|10.1.0.6:15023, 1bb81a9c-1547-435f-9d81-d5fca49fbc06|10.1.0.6:15032]|listeners:[], old=null
2024-01-17 07:57:19,533 [597b9f4b-0aac-4425-bf2d-48884e3709f6@group-23DA28C678CC-LeaderElection7] INFO  impl.LeaderElection (LeaderElection.java:logAndReturn(89)) - 597b9f4b-0aac-4425-bf2d-48884e3709f6@group-23DA28C678CC-LeaderElection7: ELECTION PASSED received 1 response(s) and 0 exception(s):
2024-01-17 07:57:19,533 [597b9f4b-0aac-4425-bf2d-48884e3709f6@group-23DA28C678CC-LeaderElection7] INFO  impl.LeaderElection (LeaderElection.java:logAndReturn(93)) -   Response 0: 597b9f4b-0aac-4425-bf2d-48884e3709f6<-e98e7f84-7e90-42c0-bf2b-bf94ba8f7864#0:OK-t1
2024-01-17 07:57:19,534 [597b9f4b-0aac-4425-bf2d-48884e3709f6@group-23DA28C678CC-LeaderElection7] INFO  impl.LeaderElection (LeaderElection.java:askForVotes(323)) - 597b9f4b-0aac-4425-bf2d-48884e3709f6@group-23DA28C678CC-LeaderElection7 ELECTION round 0: result PASSED
2024-01-17 07:57:19,534 [597b9f4b-0aac-4425-bf2d-48884e3709f6@group-23DA28C678CC-LeaderElection7] INFO  impl.RoleInfo (RoleInfo.java:shutdownLeaderElection(130)) - 597b9f4b-0aac-4425-bf2d-48884e3709f6: shutdown 597b9f4b-0aac-4425-bf2d-48884e3709f6@group-23DA28C678CC-LeaderElection7
2024-01-17 07:57:19,534 [597b9f4b-0aac-4425-bf2d-48884e3709f6@group-23DA28C678CC-LeaderElection7] INFO  server.RaftServer$Division (RaftServerImpl.java:setRole(383)) - 597b9f4b-0aac-4425-bf2d-48884e3709f6@group-23DA28C678CC: changes role from CANDIDATE to LEADER at term 1 for changeToLeader
2024-01-17 07:57:19,534 [597b9f4b-0aac-4425-bf2d-48884e3709f6@group-23DA28C678CC-LeaderElection7] INFO  server.RaftServerConfigKeys (ConfUtils.java:logGet(46)) - raft.server.staging.catchup.gap = 1000 (default)
2024-01-17 07:57:19,534 [597b9f4b-0aac-4425-bf2d-48884e3709f6@group-23DA28C678CC-LeaderElection7] INFO  server.RaftServerConfigKeys (ConfUtils.java:logGet(46)) - raft.server.write.element-limit = 1024 (custom)
2024-01-17 07:57:19,536 [597b9f4b-0aac-4425-bf2d-48884e3709f6@group-23DA28C678CC-LeaderElection7] INFO  server.RaftServerConfigKeys (ConfUtils.java:logGet(46)) - raft.server.write.byte-limit = 1024 M (=1073741824) (custom)
2024-01-17 07:57:19,536 [597b9f4b-0aac-4425-bf2d-48884e3709f6@group-23DA28C678CC-LeaderElection7] INFO  server.RaftServerConfigKeys (ConfUtils.java:logGet(46)) - raft.server.watch.timeout = 180s (custom)
2024-01-17 07:57:19,536 [597b9f4b-0aac-4425-bf2d-48884e3709f6@group-23DA28C678CC-LeaderElection7] INFO  server.RaftServerConfigKeys (ConfUtils.java:logGet(46)) - raft.server.watch.timeout.denomination = 1s (default)
2024-01-17 07:57:19,536 [597b9f4b-0aac-4425-bf2d-48884e3709f6@group-23DA28C678CC-LeaderElection7] INFO  server.RaftServerConfigKeys (ConfUtils.java:logGet(46)) - raft.server.watch.element-limit = 65536 (default)
2024-01-17 07:57:19,536 [597b9f4b-0aac-4425-bf2d-48884e3709f6@group-23DA28C678CC-LeaderElection7] INFO  server.RaftServerConfigKeys (ConfUtils.java:logGet(46)) - raft.server.read.leader.lease.enabled = false (default)
2024-01-17 07:57:19,537 [597b9f4b-0aac-4425-bf2d-48884e3709f6@group-23DA28C678CC-LeaderElection7] INFO  server.RaftServerConfigKeys (ConfUtils.java:logGet(46)) - raft.server.read.leader.lease.timeout.ratio = 0.9 (default)
2024-01-17 07:57:19,537 [597b9f4b-0aac-4425-bf2d-48884e3709f6@group-23DA28C678CC-LeaderElection7] INFO  server.RaftServerConfigKeys (ConfUtils.java:logGet(46)) - raft.server.rpc.timeout.min = 5s (custom)
2024-01-17 07:57:19,537 [597b9f4b-0aac-4425-bf2d-48884e3709f6@group-23DA28C678CC-LeaderElection7] INFO  server.RaftServerConfigKeys (ConfUtils.java:logGet(46)) - raft.server.write.element-limit = 1024 (custom)
2024-01-17 07:57:19,537 [597b9f4b-0aac-4425-bf2d-48884e3709f6@group-23DA28C678CC-LeaderElection7] INFO  server.RaftServerConfigKeys (ConfUtils.java:logGet(46)) - raft.server.write.follower.gap.ratio.max = -1.0 (default)
2024-01-17 07:57:19,539 [eb5c9b0d-19e6-4136-9089-8a3b0879ad33@group-E9E02E74B481-LeaderElection8] INFO  impl.LeaderElection (LeaderElection.java:askForVotes(321)) - eb5c9b0d-19e6-4136-9089-8a3b0879ad33@group-E9E02E74B481-LeaderElection8 PRE_VOTE round 0: submit vote requests at term 0 for -1: peers:[eb5c9b0d-19e6-4136-9089-8a3b0879ad33|10.1.0.6:15068, 497ccbea-d6cf-4731-95da-fa3df448bf79|10.1.0.6:15086, bdef3149-2cc3-439b-89a6-09b93146a606|10.1.0.6:15077]|listeners:[], old=null
2024-01-17 07:57:19,539 [eb5c9b0d-19e6-4136-9089-8a3b0879ad33@group-E9E02E74B481-LeaderElection8-1] INFO  server.GrpcServerProtocolClient (GrpcServerProtocolClient.java:<init>(65)) - Build channel for 497ccbea-d6cf-4731-95da-fa3df448bf79|10.1.0.6:15086
2024-01-17 07:57:19,539 [597b9f4b-0aac-4425-bf2d-48884e3709f6@group-23DA28C678CC-LeaderElection7] INFO  server.RaftServerConfigKeys (ConfUtils.java:logGet(46)) - raft.server.log.appender.snapshot.chunk.size.max = 16MB (=16777216) (default)
2024-01-17 07:57:19,540 [597b9f4b-0aac-4425-bf2d-48884e3709f6@group-23DA28C678CC-LeaderElection7] INFO  server.RaftServerConfigKeys (ConfUtils.java:logGet(46)) - raft.server.log.appender.buffer.byte-limit = 8388608 (custom)
2024-01-17 07:57:19,540 [597b9f4b-0aac-4425-bf2d-48884e3709f6@group-23DA28C678CC-LeaderElection7] INFO  server.RaftServerConfigKeys (ConfUtils.java:logGet(46)) - raft.server.log.appender.buffer.element-limit = 1 (custom)
2024-01-17 07:57:19,540 [eb5c9b0d-19e6-4136-9089-8a3b0879ad33@group-E9E02E74B481-LeaderElection8] INFO  server.RaftServerConfigKeys (ConfUtils.java:logFallback(53)) - raft.server.rpc.first-election.timeout.min = 5s (fallback to raft.server.rpc.timeout.min)
2024-01-17 07:57:19,540 [eb5c9b0d-19e6-4136-9089-8a3b0879ad33@group-E9E02E74B481-LeaderElection8] INFO  server.RaftServerConfigKeys (ConfUtils.java:logFallback(53)) - raft.server.rpc.first-election.timeout.max = 5200ms (fallback to raft.server.rpc.timeout.max)
2024-01-17 07:57:19,540 [main] INFO  rpc.RpcClient (RpcClient.java:createBucket(683)) - Creating Bucket: 78bad62d-b219-4372-83c9-941931669e0a/3a142247-2d3d-4037-8cae-3f92d7588fe7, with bucket layout OBJECT_STORE, runner as owner, Versioning true, Storage Type set to DISK and Encryption set to false, Replication Type set to server-side default replication type, Namespace Quota set to -1, Space Quota set to -1 
2024-01-17 07:57:19,541 [eb5c9b0d-19e6-4136-9089-8a3b0879ad33@group-E9E02E74B481-LeaderElection8-2] INFO  server.GrpcServerProtocolClient (GrpcServerProtocolClient.java:<init>(65)) - Build channel for bdef3149-2cc3-439b-89a6-09b93146a606|10.1.0.6:15077
2024-01-17 07:57:19,544 [597b9f4b-0aac-4425-bf2d-48884e3709f6@group-23DA28C678CC-LeaderElection7] INFO  server.RaftServerConfigKeys (ConfUtils.java:logGet(46)) - raft.server.log.appender.wait-time.min = 0μs (custom)
2024-01-17 07:57:19,544 [597b9f4b-0aac-4425-bf2d-48884e3709f6@group-23DA28C678CC-LeaderElection7] INFO  grpc.GrpcConfigKeys (ConfUtils.java:logGet(46)) - raft.grpc.server.leader.outstanding.appends.max = 8 (default)
2024-01-17 07:57:19,544 [597b9f4b-0aac-4425-bf2d-48884e3709f6@group-23DA28C678CC-LeaderElection7] INFO  server.RaftServerConfigKeys (ConfUtils.java:logGet(46)) - raft.server.rpc.request.timeout = 60s (custom)
2024-01-17 07:57:19,544 [597b9f4b-0aac-4425-bf2d-48884e3709f6@group-23DA28C678CC-LeaderElection7] INFO  grpc.GrpcConfigKeys (ConfUtils.java:logGet(46)) - raft.grpc.server.install_snapshot.request.element-limit = 8 (default)
2024-01-17 07:57:19,544 [597b9f4b-0aac-4425-bf2d-48884e3709f6@group-23DA28C678CC-LeaderElection7] INFO  grpc.GrpcConfigKeys (ConfUtils.java:logGet(46)) - raft.grpc.server.install_snapshot.request.timeout = 3000ms (default)
2024-01-17 07:57:19,544 [597b9f4b-0aac-4425-bf2d-48884e3709f6@group-23DA28C678CC-LeaderElection7] INFO  grpc.GrpcConfigKeys (ConfUtils.java:logGet(46)) - raft.grpc.server.log-message.batch.duration = 5s (default)
2024-01-17 07:57:19,544 [597b9f4b-0aac-4425-bf2d-48884e3709f6@group-23DA28C678CC-LeaderElection7] INFO  server.RaftServerConfigKeys (ConfUtils.java:logGet(46)) - raft.server.log.appender.install.snapshot.enabled = false (custom)
2024-01-17 07:57:19,544 [597b9f4b-0aac-4425-bf2d-48884e3709f6@group-23DA28C678CC-LeaderElection7] INFO  grpc.GrpcConfigKeys (ConfUtils.java:logGet(46)) - raft.grpc.server.heartbeat.channel = true (default)
2024-01-17 07:57:19,546 [597b9f4b-0aac-4425-bf2d-48884e3709f6@group-23DA28C678CC-LeaderElection7] INFO  server.RaftServerConfigKeys (ConfUtils.java:logGet(46)) - raft.server.log.appender.snapshot.chunk.size.max = 16MB (=16777216) (default)
2024-01-17 07:57:19,546 [597b9f4b-0aac-4425-bf2d-48884e3709f6@group-23DA28C678CC-LeaderElection7] INFO  server.RaftServerConfigKeys (ConfUtils.java:logGet(46)) - raft.server.log.appender.buffer.byte-limit = 8388608 (custom)
2024-01-17 07:57:19,546 [597b9f4b-0aac-4425-bf2d-48884e3709f6@group-23DA28C678CC-LeaderElection7] INFO  server.RaftServerConfigKeys (ConfUtils.java:logGet(46)) - raft.server.log.appender.buffer.element-limit = 1 (custom)
2024-01-17 07:57:19,546 [597b9f4b-0aac-4425-bf2d-48884e3709f6@group-23DA28C678CC-LeaderElection7] INFO  server.RaftServerConfigKeys (ConfUtils.java:logGet(46)) - raft.server.log.appender.wait-time.min = 0μs (custom)
2024-01-17 07:57:19,546 [597b9f4b-0aac-4425-bf2d-48884e3709f6@group-23DA28C678CC-LeaderElection7] INFO  grpc.GrpcConfigKeys (ConfUtils.java:logGet(46)) - raft.grpc.server.leader.outstanding.appends.max = 8 (default)
2024-01-17 07:57:19,546 [597b9f4b-0aac-4425-bf2d-48884e3709f6@group-23DA28C678CC-LeaderElection7] INFO  server.RaftServerConfigKeys (ConfUtils.java:logGet(46)) - raft.server.rpc.request.timeout = 60s (custom)
2024-01-17 07:57:19,546 [597b9f4b-0aac-4425-bf2d-48884e3709f6@group-23DA28C678CC-LeaderElection7] INFO  grpc.GrpcConfigKeys (ConfUtils.java:logGet(46)) - raft.grpc.server.install_snapshot.request.element-limit = 8 (default)
2024-01-17 07:57:19,546 [597b9f4b-0aac-4425-bf2d-48884e3709f6@group-23DA28C678CC-LeaderElection7] INFO  grpc.GrpcConfigKeys (ConfUtils.java:logGet(46)) - raft.grpc.server.install_snapshot.request.timeout = 3000ms (default)
2024-01-17 07:57:19,547 [597b9f4b-0aac-4425-bf2d-48884e3709f6@group-23DA28C678CC-LeaderElection7] INFO  grpc.GrpcConfigKeys (ConfUtils.java:logGet(46)) - raft.grpc.server.log-message.batch.duration = 5s (default)
2024-01-17 07:57:19,547 [597b9f4b-0aac-4425-bf2d-48884e3709f6@group-23DA28C678CC-LeaderElection7] INFO  server.RaftServerConfigKeys (ConfUtils.java:logGet(46)) - raft.server.log.appender.install.snapshot.enabled = false (custom)
2024-01-17 07:57:19,547 [597b9f4b-0aac-4425-bf2d-48884e3709f6@group-23DA28C678CC-LeaderElection7] INFO  grpc.GrpcConfigKeys (ConfUtils.java:logGet(46)) - raft.grpc.server.heartbeat.channel = true (default)
2024-01-17 07:57:19,547 [597b9f4b-0aac-4425-bf2d-48884e3709f6@group-23DA28C678CC-LeaderElection7] INFO  impl.RoleInfo (RoleInfo.java:updateAndGet(139)) - 597b9f4b-0aac-4425-bf2d-48884e3709f6: start 597b9f4b-0aac-4425-bf2d-48884e3709f6@group-23DA28C678CC-LeaderStateImpl
2024-01-17 07:57:19,547 [597b9f4b-0aac-4425-bf2d-48884e3709f6@group-23DA28C678CC-LeaderElection7] INFO  server.RaftServer$Division (RaftServerImpl.java:setFirstElection(574)) - 597b9f4b-0aac-4425-bf2d-48884e3709f6@group-23DA28C678CC: set firstElectionSinceStartup to false for becomeLeader
2024-01-17 07:57:19,547 [597b9f4b-0aac-4425-bf2d-48884e3709f6@group-23DA28C678CC-LeaderElection7] INFO  ratis.XceiverServerRatis (XceiverServerRatis.java:handleLeaderChangedNotification(945)) - Leader change notification received for group: group-23DA28C678CC with new leaderId: 597b9f4b-0aac-4425-bf2d-48884e3709f6
2024-01-17 07:57:19,547 [597b9f4b-0aac-4425-bf2d-48884e3709f6@group-23DA28C678CC-LeaderElection7] INFO  server.RaftServer$Division (ServerState.java:setLeader(269)) - 597b9f4b-0aac-4425-bf2d-48884e3709f6@group-23DA28C678CC: change Leader from null to 597b9f4b-0aac-4425-bf2d-48884e3709f6 at term 1 for becomeLeader, leader elected after 5545ms
2024-01-17 07:57:19,547 [597b9f4b-0aac-4425-bf2d-48884e3709f6@group-23DA28C678CC-LeaderElection7] INFO  segmented.SegmentedRaftLogWorker (SegmentedRaftLogWorker.java:startLogSegment(430)) - 597b9f4b-0aac-4425-bf2d-48884e3709f6@group-23DA28C678CC-SegmentedRaftLogWorker: Starting segment from index:0
2024-01-17 07:57:19,548 [597b9f4b-0aac-4425-bf2d-48884e3709f6@group-23DA28C678CC-SegmentedRaftLogWorker] INFO  segmented.BufferedWriteChannel (BufferedWriteChannel.java:open(62)) - open log_inprogress_0 at position 0
2024-01-17 07:57:19,549 [497ccbea-d6cf-4731-95da-fa3df448bf79@group-E9E02E74B481-FollowerState] INFO  impl.FollowerState (FollowerState.java:run(143)) - 497ccbea-d6cf-4731-95da-fa3df448bf79@group-E9E02E74B481-FollowerState: change to CANDIDATE, lastRpcElapsedTime:5046235057ns, electionTimeout:5045ms
2024-01-17 07:57:19,549 [497ccbea-d6cf-4731-95da-fa3df448bf79@group-E9E02E74B481-FollowerState] INFO  impl.RoleInfo (RoleInfo.java:shutdownFollowerState(110)) - 497ccbea-d6cf-4731-95da-fa3df448bf79: shutdown 497ccbea-d6cf-4731-95da-fa3df448bf79@group-E9E02E74B481-FollowerState
2024-01-17 07:57:19,549 [497ccbea-d6cf-4731-95da-fa3df448bf79@group-E9E02E74B481-FollowerState] INFO  server.RaftServer$Division (RaftServerImpl.java:setRole(383)) - 497ccbea-d6cf-4731-95da-fa3df448bf79@group-E9E02E74B481: changes role from  FOLLOWER to CANDIDATE at term 0 for changeToCandidate
2024-01-17 07:57:19,549 [497ccbea-d6cf-4731-95da-fa3df448bf79@group-E9E02E74B481-FollowerState] INFO  server.RaftServerConfigKeys (ConfUtils.java:logGet(46)) - raft.server.leaderelection.pre-vote = true (default)
2024-01-17 07:57:19,549 [497ccbea-d6cf-4731-95da-fa3df448bf79@group-E9E02E74B481-FollowerState] INFO  impl.RoleInfo (RoleInfo.java:updateAndGet(139)) - 497ccbea-d6cf-4731-95da-fa3df448bf79: start 497ccbea-d6cf-4731-95da-fa3df448bf79@group-E9E02E74B481-LeaderElection9
2024-01-17 07:57:19,551 [grpc-default-executor-3] INFO  server.RaftServer$Division (RaftServerImpl.java:requestVote(1389)) - bdef3149-2cc3-439b-89a6-09b93146a606@group-E9E02E74B481: receive requestVote(PRE_VOTE, eb5c9b0d-19e6-4136-9089-8a3b0879ad33, group-E9E02E74B481, 0, (t:0, i:0))
2024-01-17 07:57:19,552 [grpc-default-executor-3] INFO  impl.VoteContext (VoteContext.java:log(49)) - bdef3149-2cc3-439b-89a6-09b93146a606@group-E9E02E74B481-FOLLOWER: reject PRE_VOTE from eb5c9b0d-19e6-4136-9089-8a3b0879ad33: our priority 1 > candidate's priority 0
2024-01-17 07:57:19,552 [grpc-default-executor-3] INFO  server.RaftServer$Division (RaftServerImpl.java:requestVote(1422)) - bdef3149-2cc3-439b-89a6-09b93146a606@group-E9E02E74B481 replies to PRE_VOTE vote request: eb5c9b0d-19e6-4136-9089-8a3b0879ad33<-bdef3149-2cc3-439b-89a6-09b93146a606#0:FAIL-t0. Peer's state: bdef3149-2cc3-439b-89a6-09b93146a606@group-E9E02E74B481:t0, leader=null, voted=, raftlog=Memoized:bdef3149-2cc3-439b-89a6-09b93146a606@group-E9E02E74B481-SegmentedRaftLog:OPENED:c-1, conf=-1: peers:[eb5c9b0d-19e6-4136-9089-8a3b0879ad33|10.1.0.6:15068, 497ccbea-d6cf-4731-95da-fa3df448bf79|10.1.0.6:15086, bdef3149-2cc3-439b-89a6-09b93146a606|10.1.0.6:15077]|listeners:[], old=null
2024-01-17 07:57:19,553 [EventQueue-PipelineReportForPipelineReportHandler] INFO  pipeline.PipelineReportHandler (PipelineReportHandler.java:processPipelineReport(136)) - Opened pipeline PipelineID=93550ce0-fabd-41bb-91c5-23da28c678cc
2024-01-17 07:57:19,558 [597b9f4b-0aac-4425-bf2d-48884e3709f6@group-23DA28C678CC-SegmentedRaftLogWorker] INFO  segmented.SegmentedRaftLogWorker (SegmentedRaftLogWorker.java:execute(634)) - 597b9f4b-0aac-4425-bf2d-48884e3709f6@group-23DA28C678CC-SegmentedRaftLogWorker: created new log segment /home/runner/work/ozone/ozone/hadoop-ozone/integration-test/target/test-dir/MiniOzoneClusterImpl-df80a8b8-78a2-47d1-a2cb-ee48e7cc81f7/datanode-1/data/ratis/93550ce0-fabd-41bb-91c5-23da28c678cc/current/log_inprogress_0
2024-01-17 07:57:19,559 [grpc-default-executor-3] INFO  server.RaftServer$Division (RaftServerImpl.java:requestVote(1389)) - 497ccbea-d6cf-4731-95da-fa3df448bf79@group-E9E02E74B481: receive requestVote(PRE_VOTE, eb5c9b0d-19e6-4136-9089-8a3b0879ad33, group-E9E02E74B481, 0, (t:0, i:0))
2024-01-17 07:57:19,562 [597b9f4b-0aac-4425-bf2d-48884e3709f6@group-23DA28C678CC-LeaderElection7] INFO  server.RaftServer$Division (ServerState.java:setRaftConf(386)) - 597b9f4b-0aac-4425-bf2d-48884e3709f6@group-23DA28C678CC: set configuration 0: peers:[e98e7f84-7e90-42c0-bf2b-bf94ba8f7864|10.1.0.6:15014, 597b9f4b-0aac-4425-bf2d-48884e3709f6|10.1.0.6:15023, 1bb81a9c-1547-435f-9d81-d5fca49fbc06|10.1.0.6:15032]|listeners:[], old=null
2024-01-17 07:57:19,562 [bdef3149-2cc3-439b-89a6-09b93146a606@group-E9E02E74B481-FollowerState] INFO  impl.FollowerState (FollowerState.java:run(143)) - bdef3149-2cc3-439b-89a6-09b93146a606@group-E9E02E74B481-FollowerState: change to CANDIDATE, lastRpcElapsedTime:5149462911ns, electionTimeout:5138ms
2024-01-17 07:57:19,562 [bdef3149-2cc3-439b-89a6-09b93146a606@group-E9E02E74B481-FollowerState] INFO  impl.RoleInfo (RoleInfo.java:shutdownFollowerState(110)) - bdef3149-2cc3-439b-89a6-09b93146a606: shutdown bdef3149-2cc3-439b-89a6-09b93146a606@group-E9E02E74B481-FollowerState
2024-01-17 07:57:19,562 [bdef3149-2cc3-439b-89a6-09b93146a606@group-E9E02E74B481-FollowerState] INFO  server.RaftServer$Division (RaftServerImpl.java:setRole(383)) - bdef3149-2cc3-439b-89a6-09b93146a606@group-E9E02E74B481: changes role from  FOLLOWER to CANDIDATE at term 0 for changeToCandidate
2024-01-17 07:57:19,563 [grpc-default-executor-3] INFO  impl.VoteContext (VoteContext.java:log(49)) - 497ccbea-d6cf-4731-95da-fa3df448bf79@group-E9E02E74B481-CANDIDATE: accept PRE_VOTE from eb5c9b0d-19e6-4136-9089-8a3b0879ad33: our priority 0 <= candidate's priority 0
2024-01-17 07:57:19,563 [grpc-default-executor-3] INFO  server.RaftServer$Division (RaftServerImpl.java:requestVote(1422)) - 497ccbea-d6cf-4731-95da-fa3df448bf79@group-E9E02E74B481 replies to PRE_VOTE vote request: eb5c9b0d-19e6-4136-9089-8a3b0879ad33<-497ccbea-d6cf-4731-95da-fa3df448bf79#0:OK-t0. Peer's state: 497ccbea-d6cf-4731-95da-fa3df448bf79@group-E9E02E74B481:t0, leader=null, voted=, raftlog=Memoized:497ccbea-d6cf-4731-95da-fa3df448bf79@group-E9E02E74B481-SegmentedRaftLog:OPENED:c-1, conf=-1: peers:[eb5c9b0d-19e6-4136-9089-8a3b0879ad33|10.1.0.6:15068, 497ccbea-d6cf-4731-95da-fa3df448bf79|10.1.0.6:15086, bdef3149-2cc3-439b-89a6-09b93146a606|10.1.0.6:15077]|listeners:[], old=null
2024-01-17 07:57:19,566 [eb5c9b0d-19e6-4136-9089-8a3b0879ad33@group-E9E02E74B481-LeaderElection8] INFO  impl.LeaderElection (LeaderElection.java:logAndReturn(89)) - eb5c9b0d-19e6-4136-9089-8a3b0879ad33@group-E9E02E74B481-LeaderElection8: PRE_VOTE REJECTED received 1 response(s) and 0 exception(s):
2024-01-17 07:57:19,567 [497ccbea-d6cf-4731-95da-fa3df448bf79@group-E9E02E74B481-LeaderElection9] INFO  impl.LeaderElection (LeaderElection.java:askForVotes(321)) - 497ccbea-d6cf-4731-95da-fa3df448bf79@group-E9E02E74B481-LeaderElection9 PRE_VOTE round 0: submit vote requests at term 0 for -1: peers:[eb5c9b0d-19e6-4136-9089-8a3b0879ad33|10.1.0.6:15068, 497ccbea-d6cf-4731-95da-fa3df448bf79|10.1.0.6:15086, bdef3149-2cc3-439b-89a6-09b93146a606|10.1.0.6:15077]|listeners:[], old=null
2024-01-17 07:57:19,567 [eb5c9b0d-19e6-4136-9089-8a3b0879ad33@group-E9E02E74B481-LeaderElection8] INFO  impl.LeaderElection (LeaderElection.java:logAndReturn(93)) -   Response 0: eb5c9b0d-19e6-4136-9089-8a3b0879ad33<-bdef3149-2cc3-439b-89a6-09b93146a606#0:FAIL-t0
2024-01-17 07:57:19,567 [eb5c9b0d-19e6-4136-9089-8a3b0879ad33@group-E9E02E74B481-LeaderElection8] INFO  impl.LeaderElection (LeaderElection.java:askForVotes(323)) - eb5c9b0d-19e6-4136-9089-8a3b0879ad33@group-E9E02E74B481-LeaderElection8 PRE_VOTE round 0: result REJECTED
2024-01-17 07:57:19,567 [eb5c9b0d-19e6-4136-9089-8a3b0879ad33@group-E9E02E74B481-LeaderElection8] INFO  server.RaftServer$Division (RaftServerImpl.java:setRole(383)) - eb5c9b0d-19e6-4136-9089-8a3b0879ad33@group-E9E02E74B481: changes role from CANDIDATE to FOLLOWER at term 0 for REJECTED
2024-01-17 07:57:19,567 [eb5c9b0d-19e6-4136-9089-8a3b0879ad33@group-E9E02E74B481-LeaderElection8] INFO  impl.RoleInfo (RoleInfo.java:shutdownLeaderElection(130)) - eb5c9b0d-19e6-4136-9089-8a3b0879ad33: shutdown eb5c9b0d-19e6-4136-9089-8a3b0879ad33@group-E9E02E74B481-LeaderElection8
2024-01-17 07:57:19,567 [497ccbea-d6cf-4731-95da-fa3df448bf79@group-E9E02E74B481-LeaderElection9-1] INFO  server.GrpcServerProtocolClient (GrpcServerProtocolClient.java:<init>(65)) - Build channel for eb5c9b0d-19e6-4136-9089-8a3b0879ad33|10.1.0.6:15068
2024-01-17 07:57:19,567 [497ccbea-d6cf-4731-95da-fa3df448bf79@group-E9E02E74B481-LeaderElection9] INFO  server.RaftServerConfigKeys (ConfUtils.java:logFallback(53)) - raft.server.rpc.first-election.timeout.min = 5s (fallback to raft.server.rpc.timeout.min)
2024-01-17 07:57:19,568 [497ccbea-d6cf-4731-95da-fa3df448bf79@group-E9E02E74B481-LeaderElection9] INFO  server.RaftServerConfigKeys (ConfUtils.java:logFallback(53)) - raft.server.rpc.first-election.timeout.max = 5200ms (fallback to raft.server.rpc.timeout.max)
2024-01-17 07:57:19,570 [bdef3149-2cc3-439b-89a6-09b93146a606@group-E9E02E74B481-FollowerState] INFO  server.RaftServerConfigKeys (ConfUtils.java:logGet(46)) - raft.server.leaderelection.pre-vote = true (default)
2024-01-17 07:57:19,571 [bdef3149-2cc3-439b-89a6-09b93146a606@group-E9E02E74B481-FollowerState] INFO  impl.RoleInfo (RoleInfo.java:updateAndGet(139)) - bdef3149-2cc3-439b-89a6-09b93146a606: start bdef3149-2cc3-439b-89a6-09b93146a606@group-E9E02E74B481-LeaderElection10
2024-01-17 07:57:19,574 [8d67fbbe-ad76-4934-bcfb-c8cae0dbbecb@group-FE8B27BBD9EC-FollowerState] INFO  impl.FollowerState (FollowerState.java:run(143)) - 8d67fbbe-ad76-4934-bcfb-c8cae0dbbecb@group-FE8B27BBD9EC-FollowerState: change to CANDIDATE, lastRpcElapsedTime:5122034689ns, electionTimeout:5117ms
2024-01-17 07:57:19,574 [8d67fbbe-ad76-4934-bcfb-c8cae0dbbecb@group-FE8B27BBD9EC-FollowerState] INFO  impl.RoleInfo (RoleInfo.java:shutdownFollowerState(110)) - 8d67fbbe-ad76-4934-bcfb-c8cae0dbbecb: shutdown 8d67fbbe-ad76-4934-bcfb-c8cae0dbbecb@group-FE8B27BBD9EC-FollowerState
2024-01-17 07:57:19,574 [8d67fbbe-ad76-4934-bcfb-c8cae0dbbecb@group-FE8B27BBD9EC-FollowerState] INFO  server.RaftServer$Division (RaftServerImpl.java:setRole(383)) - 8d67fbbe-ad76-4934-bcfb-c8cae0dbbecb@group-FE8B27BBD9EC: changes role from  FOLLOWER to CANDIDATE at term 0 for changeToCandidate
2024-01-17 07:57:19,574 [8d67fbbe-ad76-4934-bcfb-c8cae0dbbecb@group-FE8B27BBD9EC-FollowerState] INFO  server.RaftServerConfigKeys (ConfUtils.java:logGet(46)) - raft.server.leaderelection.pre-vote = true (default)
2024-01-17 07:57:19,574 [8d67fbbe-ad76-4934-bcfb-c8cae0dbbecb@group-FE8B27BBD9EC-FollowerState] INFO  impl.RoleInfo (RoleInfo.java:updateAndGet(139)) - 8d67fbbe-ad76-4934-bcfb-c8cae0dbbecb: start 8d67fbbe-ad76-4934-bcfb-c8cae0dbbecb@group-FE8B27BBD9EC-LeaderElection11
2024-01-17 07:57:19,576 [eb5c9b0d-19e6-4136-9089-8a3b0879ad33@group-E9E02E74B481-LeaderElection8] INFO  impl.RoleInfo (RoleInfo.java:updateAndGet(139)) - eb5c9b0d-19e6-4136-9089-8a3b0879ad33: start eb5c9b0d-19e6-4136-9089-8a3b0879ad33@group-E9E02E74B481-FollowerState
2024-01-17 07:57:19,579 [eb5c9b0d-19e6-4136-9089-8a3b0879ad33@group-E9E02E74B481-LeaderElection8] INFO  server.RaftServer$Division (RaftServerImpl.java:setFirstElection(574)) - eb5c9b0d-19e6-4136-9089-8a3b0879ad33@group-E9E02E74B481: set firstElectionSinceStartup to false for REJECTED
2024-01-17 07:57:19,579 [8d67fbbe-ad76-4934-bcfb-c8cae0dbbecb@group-FE8B27BBD9EC-LeaderElection11] INFO  impl.LeaderElection (LeaderElection.java:askForVotes(321)) - 8d67fbbe-ad76-4934-bcfb-c8cae0dbbecb@group-FE8B27BBD9EC-LeaderElection11 PRE_VOTE round 0: submit vote requests at term 0 for -1: peers:[4f4a0cbc-a9eb-44f0-8d97-06326de93701|10.1.0.6:15041, 8d67fbbe-ad76-4934-bcfb-c8cae0dbbecb|10.1.0.6:15059, 0f18b96a-e4aa-46f4-b611-a6948cf06a42|10.1.0.6:15050]|listeners:[], old=null
2024-01-17 07:57:19,582 [grpc-default-executor-3] INFO  server.RaftServer$Division (RaftServerImpl.java:requestVote(1389)) - eb5c9b0d-19e6-4136-9089-8a3b0879ad33@group-E9E02E74B481: receive requestVote(PRE_VOTE, 497ccbea-d6cf-4731-95da-fa3df448bf79, group-E9E02E74B481, 0, (t:0, i:0))
2024-01-17 07:57:19,583 [grpc-default-executor-3] INFO  impl.VoteContext (VoteContext.java:log(49)) - eb5c9b0d-19e6-4136-9089-8a3b0879ad33@group-E9E02E74B481-FOLLOWER: accept PRE_VOTE from 497ccbea-d6cf-4731-95da-fa3df448bf79: our priority 0 <= candidate's priority 0
2024-01-17 07:57:19,583 [grpc-default-executor-3] INFO  server.RaftServer$Division (RaftServerImpl.java:requestVote(1422)) - eb5c9b0d-19e6-4136-9089-8a3b0879ad33@group-E9E02E74B481 replies to PRE_VOTE vote request: 497ccbea-d6cf-4731-95da-fa3df448bf79<-eb5c9b0d-19e6-4136-9089-8a3b0879ad33#0:OK-t0. Peer's state: eb5c9b0d-19e6-4136-9089-8a3b0879ad33@group-E9E02E74B481:t0, leader=null, voted=, raftlog=Memoized:eb5c9b0d-19e6-4136-9089-8a3b0879ad33@group-E9E02E74B481-SegmentedRaftLog:OPENED:c-1, conf=-1: peers:[eb5c9b0d-19e6-4136-9089-8a3b0879ad33|10.1.0.6:15068, 497ccbea-d6cf-4731-95da-fa3df448bf79|10.1.0.6:15086, bdef3149-2cc3-439b-89a6-09b93146a606|10.1.0.6:15077]|listeners:[], old=null
2024-01-17 07:57:19,583 [8d67fbbe-ad76-4934-bcfb-c8cae0dbbecb@group-FE8B27BBD9EC-LeaderElection11-1] INFO  server.GrpcServerProtocolClient (GrpcServerProtocolClient.java:<init>(65)) - Build channel for 4f4a0cbc-a9eb-44f0-8d97-06326de93701|10.1.0.6:15041
2024-01-17 07:57:19,585 [8d67fbbe-ad76-4934-bcfb-c8cae0dbbecb@group-FE8B27BBD9EC-LeaderElection11] INFO  server.RaftServerConfigKeys (ConfUtils.java:logFallback(53)) - raft.server.rpc.first-election.timeout.min = 5s (fallback to raft.server.rpc.timeout.min)
2024-01-17 07:57:19,585 [8d67fbbe-ad76-4934-bcfb-c8cae0dbbecb@group-FE8B27BBD9EC-LeaderElection11] INFO  server.RaftServerConfigKeys (ConfUtils.java:logFallback(53)) - raft.server.rpc.first-election.timeout.max = 5200ms (fallback to raft.server.rpc.timeout.max)
2024-01-17 07:57:19,585 [497ccbea-d6cf-4731-95da-fa3df448bf79@group-E9E02E74B481-LeaderElection9-2] INFO  server.GrpcServerProtocolClient (GrpcServerProtocolClient.java:<init>(65)) - Build channel for bdef3149-2cc3-439b-89a6-09b93146a606|10.1.0.6:15077
2024-01-17 07:57:19,587 [bdef3149-2cc3-439b-89a6-09b93146a606@group-E9E02E74B481-LeaderElection10] INFO  impl.LeaderElection (LeaderElection.java:askForVotes(321)) - bdef3149-2cc3-439b-89a6-09b93146a606@group-E9E02E74B481-LeaderElection10 PRE_VOTE round 0: submit vote requests at term 0 for -1: peers:[eb5c9b0d-19e6-4136-9089-8a3b0879ad33|10.1.0.6:15068, 497ccbea-d6cf-4731-95da-fa3df448bf79|10.1.0.6:15086, bdef3149-2cc3-439b-89a6-09b93146a606|10.1.0.6:15077]|listeners:[], old=null
2024-01-17 07:57:19,594 [8d67fbbe-ad76-4934-bcfb-c8cae0dbbecb@group-FE8B27BBD9EC-LeaderElection11-2] INFO  server.GrpcServerProtocolClient (GrpcServerProtocolClient.java:<init>(65)) - Build channel for 0f18b96a-e4aa-46f4-b611-a6948cf06a42|10.1.0.6:15050
2024-01-17 07:57:19,594 [bdef3149-2cc3-439b-89a6-09b93146a606@group-E9E02E74B481-LeaderElection10-1] INFO  server.GrpcServerProtocolClient (GrpcServerProtocolClient.java:<init>(65)) - Build channel for eb5c9b0d-19e6-4136-9089-8a3b0879ad33|10.1.0.6:15068
2024-01-17 07:57:19,599 [e98e7f84-7e90-42c0-bf2b-bf94ba8f7864-server-thread1] INFO  ratis.XceiverServerRatis (XceiverServerRatis.java:handleLeaderChangedNotification(945)) - Leader change notification received for group: group-23DA28C678CC with new leaderId: 597b9f4b-0aac-4425-bf2d-48884e3709f6
2024-01-17 07:57:19,599 [bdef3149-2cc3-439b-89a6-09b93146a606@group-E9E02E74B481-LeaderElection10] INFO  server.RaftServerConfigKeys (ConfUtils.java:logFallback(53)) - raft.server.rpc.first-election.timeout.min = 5s (fallback to raft.server.rpc.timeout.min)
2024-01-17 07:57:19,601 [bdef3149-2cc3-439b-89a6-09b93146a606@group-E9E02E74B481-LeaderElection10] INFO  server.RaftServerConfigKeys (ConfUtils.java:logFallback(53)) - raft.server.rpc.first-election.timeout.max = 5200ms (fallback to raft.server.rpc.timeout.max)
2024-01-17 07:57:19,601 [e98e7f84-7e90-42c0-bf2b-bf94ba8f7864-server-thread1] INFO  server.RaftServer$Division (ServerState.java:setLeader(269)) - e98e7f84-7e90-42c0-bf2b-bf94ba8f7864@group-23DA28C678CC: change Leader from null to 597b9f4b-0aac-4425-bf2d-48884e3709f6 at term 1 for appendEntries, leader elected after 5612ms
2024-01-17 07:57:19,602 [bdef3149-2cc3-439b-89a6-09b93146a606@group-E9E02E74B481-LeaderElection10-2] INFO  server.GrpcServerProtocolClient (GrpcServerProtocolClient.java:<init>(65)) - Build channel for 497ccbea-d6cf-4731-95da-fa3df448bf79|10.1.0.6:15086
2024-01-17 07:57:19,604 [e98e7f84-7e90-42c0-bf2b-bf94ba8f7864-server-thread1] INFO  server.RaftServer$Division (ServerState.java:setRaftConf(386)) - e98e7f84-7e90-42c0-bf2b-bf94ba8f7864@group-23DA28C678CC: set configuration 0: peers:[e98e7f84-7e90-42c0-bf2b-bf94ba8f7864|10.1.0.6:15014, 597b9f4b-0aac-4425-bf2d-48884e3709f6|10.1.0.6:15023, 1bb81a9c-1547-435f-9d81-d5fca49fbc06|10.1.0.6:15032]|listeners:[], old=null
2024-01-17 07:57:19,605 [e98e7f84-7e90-42c0-bf2b-bf94ba8f7864-server-thread1] INFO  segmented.SegmentedRaftLogWorker (SegmentedRaftLogWorker.java:startLogSegment(430)) - e98e7f84-7e90-42c0-bf2b-bf94ba8f7864@group-23DA28C678CC-SegmentedRaftLogWorker: Starting segment from index:0
2024-01-17 07:57:19,605 [e98e7f84-7e90-42c0-bf2b-bf94ba8f7864@group-23DA28C678CC-SegmentedRaftLogWorker] INFO  segmented.BufferedWriteChannel (BufferedWriteChannel.java:open(62)) - open log_inprogress_0 at position 0
2024-01-17 07:57:19,607 [om1-OMStateMachineApplyTransactionThread - 0] INFO  bucket.OMBucketCreateRequest (OMBucketCreateRequest.java:validateAndUpdateCache(296)) - created bucket: 3a142247-2d3d-4037-8cae-3f92d7588fe7 of layout OBJECT_STORE in volume: 78bad62d-b219-4372-83c9-941931669e0a
2024-01-17 07:57:19,609 [grpc-default-executor-4] INFO  server.RaftServer$Division (RaftServerImpl.java:requestVote(1389)) - bdef3149-2cc3-439b-89a6-09b93146a606@group-E9E02E74B481: receive requestVote(PRE_VOTE, 497ccbea-d6cf-4731-95da-fa3df448bf79, group-E9E02E74B481, 0, (t:0, i:0))
2024-01-17 07:57:19,614 [e98e7f84-7e90-42c0-bf2b-bf94ba8f7864@group-23DA28C678CC-SegmentedRaftLogWorker] INFO  segmented.SegmentedRaftLogWorker (SegmentedRaftLogWorker.java:execute(634)) - e98e7f84-7e90-42c0-bf2b-bf94ba8f7864@group-23DA28C678CC-SegmentedRaftLogWorker: created new log segment /home/runner/work/ozone/ozone/hadoop-ozone/integration-test/target/test-dir/MiniOzoneClusterImpl-df80a8b8-78a2-47d1-a2cb-ee48e7cc81f7/datanode-0/data/ratis/93550ce0-fabd-41bb-91c5-23da28c678cc/current/log_inprogress_0
2024-01-17 07:57:19,616 [grpc-default-executor-4] INFO  impl.VoteContext (VoteContext.java:log(49)) - bdef3149-2cc3-439b-89a6-09b93146a606@group-E9E02E74B481-CANDIDATE: reject PRE_VOTE from 497ccbea-d6cf-4731-95da-fa3df448bf79: our priority 1 > candidate's priority 0
2024-01-17 07:57:19,616 [grpc-default-executor-4] INFO  server.RaftServer$Division (RaftServerImpl.java:requestVote(1422)) - bdef3149-2cc3-439b-89a6-09b93146a606@group-E9E02E74B481 replies to PRE_VOTE vote request: 497ccbea-d6cf-4731-95da-fa3df448bf79<-bdef3149-2cc3-439b-89a6-09b93146a606#0:FAIL-t0. Peer's state: bdef3149-2cc3-439b-89a6-09b93146a606@group-E9E02E74B481:t0, leader=null, voted=, raftlog=Memoized:bdef3149-2cc3-439b-89a6-09b93146a606@group-E9E02E74B481-SegmentedRaftLog:OPENED:c-1, conf=-1: peers:[eb5c9b0d-19e6-4136-9089-8a3b0879ad33|10.1.0.6:15068, 497ccbea-d6cf-4731-95da-fa3df448bf79|10.1.0.6:15086, bdef3149-2cc3-439b-89a6-09b93146a606|10.1.0.6:15077]|listeners:[], old=null
2024-01-17 07:57:19,618 [grpc-default-executor-2] INFO  server.RaftServer$Division (RaftServerImpl.java:requestVote(1389)) - 4f4a0cbc-a9eb-44f0-8d97-06326de93701@group-FE8B27BBD9EC: receive requestVote(PRE_VOTE, 8d67fbbe-ad76-4934-bcfb-c8cae0dbbecb, group-FE8B27BBD9EC, 0, (t:0, i:0))
2024-01-17 07:57:19,618 [grpc-default-executor-2] INFO  impl.VoteContext (VoteContext.java:log(49)) - 4f4a0cbc-a9eb-44f0-8d97-06326de93701@group-FE8B27BBD9EC-FOLLOWER: accept PRE_VOTE from 8d67fbbe-ad76-4934-bcfb-c8cae0dbbecb: our priority 0 <= candidate's priority 1
2024-01-17 07:57:19,618 [grpc-default-executor-2] INFO  server.RaftServer$Division (RaftServerImpl.java:requestVote(1422)) - 4f4a0cbc-a9eb-44f0-8d97-06326de93701@group-FE8B27BBD9EC replies to PRE_VOTE vote request: 8d67fbbe-ad76-4934-bcfb-c8cae0dbbecb<-4f4a0cbc-a9eb-44f0-8d97-06326de93701#0:OK-t0. Peer's state: 4f4a0cbc-a9eb-44f0-8d97-06326de93701@group-FE8B27BBD9EC:t0, leader=null, voted=, raftlog=Memoized:4f4a0cbc-a9eb-44f0-8d97-06326de93701@group-FE8B27BBD9EC-SegmentedRaftLog:OPENED:c-1, conf=-1: peers:[4f4a0cbc-a9eb-44f0-8d97-06326de93701|10.1.0.6:15041, 8d67fbbe-ad76-4934-bcfb-c8cae0dbbecb|10.1.0.6:15059, 0f18b96a-e4aa-46f4-b611-a6948cf06a42|10.1.0.6:15050]|listeners:[], old=null
2024-01-17 07:57:19,620 [8d67fbbe-ad76-4934-bcfb-c8cae0dbbecb@group-FE8B27BBD9EC-LeaderElection11] INFO  impl.LeaderElection (LeaderElection.java:logAndReturn(89)) - 8d67fbbe-ad76-4934-bcfb-c8cae0dbbecb@group-FE8B27BBD9EC-LeaderElection11: PRE_VOTE PASSED received 1 response(s) and 0 exception(s):
2024-01-17 07:57:19,624 [8d67fbbe-ad76-4934-bcfb-c8cae0dbbecb@group-FE8B27BBD9EC-LeaderElection11] INFO  impl.LeaderElection (LeaderElection.java:logAndReturn(93)) -   Response 0: 8d67fbbe-ad76-4934-bcfb-c8cae0dbbecb<-4f4a0cbc-a9eb-44f0-8d97-06326de93701#0:OK-t0
2024-01-17 07:57:19,624 [8d67fbbe-ad76-4934-bcfb-c8cae0dbbecb@group-FE8B27BBD9EC-LeaderElection11] INFO  impl.LeaderElection (LeaderElection.java:askForVotes(323)) - 8d67fbbe-ad76-4934-bcfb-c8cae0dbbecb@group-FE8B27BBD9EC-LeaderElection11 PRE_VOTE round 0: result PASSED
2024-01-17 07:57:19,626 [8d67fbbe-ad76-4934-bcfb-c8cae0dbbecb@group-FE8B27BBD9EC-LeaderElection11] INFO  impl.LeaderElection (LeaderElection.java:askForVotes(321)) - 8d67fbbe-ad76-4934-bcfb-c8cae0dbbecb@group-FE8B27BBD9EC-LeaderElection11 ELECTION round 0: submit vote requests at term 1 for -1: peers:[4f4a0cbc-a9eb-44f0-8d97-06326de93701|10.1.0.6:15041, 8d67fbbe-ad76-4934-bcfb-c8cae0dbbecb|10.1.0.6:15059, 0f18b96a-e4aa-46f4-b611-a6948cf06a42|10.1.0.6:15050]|listeners:[], old=null
2024-01-17 07:57:19,627 [497ccbea-d6cf-4731-95da-fa3df448bf79@group-E9E02E74B481-LeaderElection9] INFO  impl.LeaderElection (LeaderElection.java:logAndReturn(89)) - 497ccbea-d6cf-4731-95da-fa3df448bf79@group-E9E02E74B481-LeaderElection9: PRE_VOTE REJECTED received 2 response(s) and 0 exception(s):
2024-01-17 07:57:19,627 [497ccbea-d6cf-4731-95da-fa3df448bf79@group-E9E02E74B481-LeaderElection9] INFO  impl.LeaderElection (LeaderElection.java:logAndReturn(93)) -   Response 0: 497ccbea-d6cf-4731-95da-fa3df448bf79<-eb5c9b0d-19e6-4136-9089-8a3b0879ad33#0:OK-t0
2024-01-17 07:57:19,627 [497ccbea-d6cf-4731-95da-fa3df448bf79@group-E9E02E74B481-LeaderElection9] INFO  impl.LeaderElection (LeaderElection.java:logAndReturn(93)) -   Response 1: 497ccbea-d6cf-4731-95da-fa3df448bf79<-bdef3149-2cc3-439b-89a6-09b93146a606#0:FAIL-t0
2024-01-17 07:57:19,631 [grpc-default-executor-4] INFO  server.RaftServer$Division (RaftServerImpl.java:requestVote(1389)) - 0f18b96a-e4aa-46f4-b611-a6948cf06a42@group-FE8B27BBD9EC: receive requestVote(PRE_VOTE, 8d67fbbe-ad76-4934-bcfb-c8cae0dbbecb, group-FE8B27BBD9EC, 0, (t:0, i:0))
2024-01-17 07:57:19,632 [grpc-default-executor-4] INFO  impl.VoteContext (VoteContext.java:log(49)) - 0f18b96a-e4aa-46f4-b611-a6948cf06a42@group-FE8B27BBD9EC-FOLLOWER: accept PRE_VOTE from 8d67fbbe-ad76-4934-bcfb-c8cae0dbbecb: our priority 0 <= candidate's priority 1
2024-01-17 07:57:19,632 [grpc-default-executor-4] INFO  server.RaftServer$Division (RaftServerImpl.java:requestVote(1422)) - 0f18b96a-e4aa-46f4-b611-a6948cf06a42@group-FE8B27BBD9EC replies to PRE_VOTE vote request: 8d67fbbe-ad76-4934-bcfb-c8cae0dbbecb<-0f18b96a-e4aa-46f4-b611-a6948cf06a42#0:OK-t0. Peer's state: 0f18b96a-e4aa-46f4-b611-a6948cf06a42@group-FE8B27BBD9EC:t0, leader=null, voted=, raftlog=Memoized:0f18b96a-e4aa-46f4-b611-a6948cf06a42@group-FE8B27BBD9EC-SegmentedRaftLog:OPENED:c-1, conf=-1: peers:[4f4a0cbc-a9eb-44f0-8d97-06326de93701|10.1.0.6:15041, 8d67fbbe-ad76-4934-bcfb-c8cae0dbbecb|10.1.0.6:15059, 0f18b96a-e4aa-46f4-b611-a6948cf06a42|10.1.0.6:15050]|listeners:[], old=null
2024-01-17 07:57:19,635 [8d67fbbe-ad76-4934-bcfb-c8cae0dbbecb@group-FE8B27BBD9EC-LeaderElection11] INFO  server.RaftServerConfigKeys (ConfUtils.java:logFallback(53)) - raft.server.rpc.first-election.timeout.min = 5s (fallback to raft.server.rpc.timeout.min)
2024-01-17 07:57:19,635 [8d67fbbe-ad76-4934-bcfb-c8cae0dbbecb@group-FE8B27BBD9EC-LeaderElection11] INFO  server.RaftServerConfigKeys (ConfUtils.java:logFallback(53)) - raft.server.rpc.first-election.timeout.max = 5200ms (fallback to raft.server.rpc.timeout.max)
2024-01-17 07:57:19,640 [497ccbea-d6cf-4731-95da-fa3df448bf79@group-E9E02E74B481-LeaderElection9] INFO  impl.LeaderElection (LeaderElection.java:askForVotes(323)) - 497ccbea-d6cf-4731-95da-fa3df448bf79@group-E9E02E74B481-LeaderElection9 PRE_VOTE round 0: result REJECTED
2024-01-17 07:57:19,652 [497ccbea-d6cf-4731-95da-fa3df448bf79@group-E9E02E74B481-LeaderElection9] INFO  server.RaftServer$Division (RaftServerImpl.java:setRole(383)) - 497ccbea-d6cf-4731-95da-fa3df448bf79@group-E9E02E74B481: changes role from CANDIDATE to FOLLOWER at term 0 for REJECTED
2024-01-17 07:57:19,652 [grpc-default-executor-5] INFO  server.RaftServer$Division (RaftServerImpl.java:requestVote(1389)) - 497ccbea-d6cf-4731-95da-fa3df448bf79@group-E9E02E74B481: receive requestVote(PRE_VOTE, bdef3149-2cc3-439b-89a6-09b93146a606, group-E9E02E74B481, 0, (t:0, i:0))
2024-01-17 07:57:19,651 [grpc-default-executor-1] INFO  server.RaftServer$Division (RaftServerImpl.java:requestVote(1389)) - eb5c9b0d-19e6-4136-9089-8a3b0879ad33@group-E9E02E74B481: receive requestVote(PRE_VOTE, bdef3149-2cc3-439b-89a6-09b93146a606, group-E9E02E74B481, 0, (t:0, i:0))
2024-01-17 07:57:19,652 [grpc-default-executor-1] INFO  impl.VoteContext (VoteContext.java:log(49)) - eb5c9b0d-19e6-4136-9089-8a3b0879ad33@group-E9E02E74B481-FOLLOWER: accept PRE_VOTE from bdef3149-2cc3-439b-89a6-09b93146a606: our priority 0 <= candidate's priority 1
2024-01-17 07:57:19,652 [grpc-default-executor-1] INFO  server.RaftServer$Division (RaftServerImpl.java:requestVote(1422)) - eb5c9b0d-19e6-4136-9089-8a3b0879ad33@group-E9E02E74B481 replies to PRE_VOTE vote request: bdef3149-2cc3-439b-89a6-09b93146a606<-eb5c9b0d-19e6-4136-9089-8a3b0879ad33#0:OK-t0. Peer's state: eb5c9b0d-19e6-4136-9089-8a3b0879ad33@group-E9E02E74B481:t0, leader=null, voted=, raftlog=Memoized:eb5c9b0d-19e6-4136-9089-8a3b0879ad33@group-E9E02E74B481-SegmentedRaftLog:OPENED:c-1, conf=-1: peers:[eb5c9b0d-19e6-4136-9089-8a3b0879ad33|10.1.0.6:15068, 497ccbea-d6cf-4731-95da-fa3df448bf79|10.1.0.6:15086, bdef3149-2cc3-439b-89a6-09b93146a606|10.1.0.6:15077]|listeners:[], old=null
2024-01-17 07:57:19,650 [grpc-default-executor-3] INFO  server.RaftServer$Division (RaftServerImpl.java:requestVote(1389)) - 4f4a0cbc-a9eb-44f0-8d97-06326de93701@group-FE8B27BBD9EC: receive requestVote(ELECTION, 8d67fbbe-ad76-4934-bcfb-c8cae0dbbecb, group-FE8B27BBD9EC, 1, (t:0, i:0))
2024-01-17 07:57:19,653 [grpc-default-executor-3] INFO  impl.VoteContext (VoteContext.java:log(49)) - 4f4a0cbc-a9eb-44f0-8d97-06326de93701@group-FE8B27BBD9EC-FOLLOWER: accept ELECTION from 8d67fbbe-ad76-4934-bcfb-c8cae0dbbecb: our priority 0 <= candidate's priority 1
2024-01-17 07:57:19,653 [grpc-default-executor-3] INFO  server.RaftServer$Division (RaftServerImpl.java:setRole(383)) - 4f4a0cbc-a9eb-44f0-8d97-06326de93701@group-FE8B27BBD9EC: changes role from  FOLLOWER to FOLLOWER at term 1 for candidate:8d67fbbe-ad76-4934-bcfb-c8cae0dbbecb
2024-01-17 07:57:19,653 [grpc-default-executor-3] INFO  impl.RoleInfo (RoleInfo.java:shutdownFollowerState(110)) - 4f4a0cbc-a9eb-44f0-8d97-06326de93701: shutdown 4f4a0cbc-a9eb-44f0-8d97-06326de93701@group-FE8B27BBD9EC-FollowerState
2024-01-17 07:57:19,653 [grpc-default-executor-3] INFO  impl.RoleInfo (RoleInfo.java:updateAndGet(139)) - 4f4a0cbc-a9eb-44f0-8d97-06326de93701: start 4f4a0cbc-a9eb-44f0-8d97-06326de93701@group-FE8B27BBD9EC-FollowerState
2024-01-17 07:57:19,643 [1bb81a9c-1547-435f-9d81-d5fca49fbc06-server-thread1] INFO  ratis.XceiverServerRatis (XceiverServerRatis.java:handleLeaderChangedNotification(945)) - Leader change notification received for group: group-23DA28C678CC with new leaderId: 597b9f4b-0aac-4425-bf2d-48884e3709f6
2024-01-17 07:57:19,653 [1bb81a9c-1547-435f-9d81-d5fca49fbc06-server-thread1] INFO  server.RaftServer$Division (ServerState.java:setLeader(269)) - 1bb81a9c-1547-435f-9d81-d5fca49fbc06@group-23DA28C678CC: change Leader from null to 597b9f4b-0aac-4425-bf2d-48884e3709f6 at term 1 for appendEntries, leader elected after 5632ms
2024-01-17 07:57:19,653 [4f4a0cbc-a9eb-44f0-8d97-06326de93701@group-FE8B27BBD9EC-FollowerState] INFO  impl.FollowerState (FollowerState.java:run(152)) - 4f4a0cbc-a9eb-44f0-8d97-06326de93701@group-FE8B27BBD9EC-FollowerState was interrupted
2024-01-17 07:57:19,652 [497ccbea-d6cf-4731-95da-fa3df448bf79@group-E9E02E74B481-LeaderElection9] INFO  impl.RoleInfo (RoleInfo.java:shutdownLeaderElection(130)) - 497ccbea-d6cf-4731-95da-fa3df448bf79: shutdown 497ccbea-d6cf-4731-95da-fa3df448bf79@group-E9E02E74B481-LeaderElection9
2024-01-17 07:57:19,656 [grpc-default-executor-1] INFO  server.RaftServer$Division (RaftServerImpl.java:requestVote(1389)) - 0f18b96a-e4aa-46f4-b611-a6948cf06a42@group-FE8B27BBD9EC: receive requestVote(ELECTION, 8d67fbbe-ad76-4934-bcfb-c8cae0dbbecb, group-FE8B27BBD9EC, 1, (t:0, i:0))
2024-01-17 07:57:19,656 [grpc-default-executor-3] INFO  server.RaftServer$Division (RaftServerImpl.java:setFirstElection(574)) - 4f4a0cbc-a9eb-44f0-8d97-06326de93701@group-FE8B27BBD9EC: set firstElectionSinceStartup to false for candidate:8d67fbbe-ad76-4934-bcfb-c8cae0dbbecb
2024-01-17 07:57:19,656 [grpc-default-executor-1] INFO  impl.VoteContext (VoteContext.java:log(49)) - 0f18b96a-e4aa-46f4-b611-a6948cf06a42@group-FE8B27BBD9EC-FOLLOWER: accept ELECTION from 8d67fbbe-ad76-4934-bcfb-c8cae0dbbecb: our priority 0 <= candidate's priority 1
2024-01-17 07:57:19,656 [grpc-default-executor-1] INFO  server.RaftServer$Division (RaftServerImpl.java:setRole(383)) - 0f18b96a-e4aa-46f4-b611-a6948cf06a42@group-FE8B27BBD9EC: changes role from  FOLLOWER to FOLLOWER at term 1 for candidate:8d67fbbe-ad76-4934-bcfb-c8cae0dbbecb
2024-01-17 07:57:19,656 [grpc-default-executor-1] INFO  impl.RoleInfo (RoleInfo.java:shutdownFollowerState(110)) - 0f18b96a-e4aa-46f4-b611-a6948cf06a42: shutdown 0f18b96a-e4aa-46f4-b611-a6948cf06a42@group-FE8B27BBD9EC-FollowerState
2024-01-17 07:57:19,656 [grpc-default-executor-1] INFO  impl.RoleInfo (RoleInfo.java:updateAndGet(139)) - 0f18b96a-e4aa-46f4-b611-a6948cf06a42: start 0f18b96a-e4aa-46f4-b611-a6948cf06a42@group-FE8B27BBD9EC-FollowerState
2024-01-17 07:57:19,656 [0f18b96a-e4aa-46f4-b611-a6948cf06a42@group-FE8B27BBD9EC-FollowerState] INFO  impl.FollowerState (FollowerState.java:run(152)) - 0f18b96a-e4aa-46f4-b611-a6948cf06a42@group-FE8B27BBD9EC-FollowerState was interrupted
2024-01-17 07:57:19,657 [grpc-default-executor-3] INFO  server.RaftServer$Division (RaftServerImpl.java:requestVote(1422)) - 4f4a0cbc-a9eb-44f0-8d97-06326de93701@group-FE8B27BBD9EC replies to ELECTION vote request: 8d67fbbe-ad76-4934-bcfb-c8cae0dbbecb<-4f4a0cbc-a9eb-44f0-8d97-06326de93701#0:OK-t1. Peer's state: 4f4a0cbc-a9eb-44f0-8d97-06326de93701@group-FE8B27BBD9EC:t1, leader=null, voted=8d67fbbe-ad76-4934-bcfb-c8cae0dbbecb, raftlog=Memoized:4f4a0cbc-a9eb-44f0-8d97-06326de93701@group-FE8B27BBD9EC-SegmentedRaftLog:OPENED:c-1, conf=-1: peers:[4f4a0cbc-a9eb-44f0-8d97-06326de93701|10.1.0.6:15041, 8d67fbbe-ad76-4934-bcfb-c8cae0dbbecb|10.1.0.6:15059, 0f18b96a-e4aa-46f4-b611-a6948cf06a42|10.1.0.6:15050]|listeners:[], old=null
2024-01-17 07:57:19,660 [8d67fbbe-ad76-4934-bcfb-c8cae0dbbecb@group-FE8B27BBD9EC-LeaderElection11] INFO  impl.LeaderElection (LeaderElection.java:logAndReturn(89)) - 8d67fbbe-ad76-4934-bcfb-c8cae0dbbecb@group-FE8B27BBD9EC-LeaderElection11: ELECTION PASSED received 1 response(s) and 0 exception(s):
2024-01-17 07:57:19,660 [8d67fbbe-ad76-4934-bcfb-c8cae0dbbecb@group-FE8B27BBD9EC-LeaderElection11] INFO  impl.LeaderElection (LeaderElection.java:logAndReturn(93)) -   Response 0: 8d67fbbe-ad76-4934-bcfb-c8cae0dbbecb<-4f4a0cbc-a9eb-44f0-8d97-06326de93701#0:OK-t1
2024-01-17 07:57:19,660 [8d67fbbe-ad76-4934-bcfb-c8cae0dbbecb@group-FE8B27BBD9EC-LeaderElection11] INFO  impl.LeaderElection (LeaderElection.java:askForVotes(323)) - 8d67fbbe-ad76-4934-bcfb-c8cae0dbbecb@group-FE8B27BBD9EC-LeaderElection11 ELECTION round 0: result PASSED
2024-01-17 07:57:19,660 [bdef3149-2cc3-439b-89a6-09b93146a606@group-E9E02E74B481-LeaderElection10] INFO  impl.LeaderElection (LeaderElection.java:logAndReturn(89)) - bdef3149-2cc3-439b-89a6-09b93146a606@group-E9E02E74B481-LeaderElection10: PRE_VOTE PASSED received 1 response(s) and 0 exception(s):
2024-01-17 07:57:19,660 [497ccbea-d6cf-4731-95da-fa3df448bf79@group-E9E02E74B481-LeaderElection9] INFO  impl.RoleInfo (RoleInfo.java:updateAndGet(139)) - 497ccbea-d6cf-4731-95da-fa3df448bf79: start 497ccbea-d6cf-4731-95da-fa3df448bf79@group-E9E02E74B481-FollowerState
2024-01-17 07:57:19,660 [bdef3149-2cc3-439b-89a6-09b93146a606@group-E9E02E74B481-LeaderElection10] INFO  impl.LeaderElection (LeaderElection.java:logAndReturn(93)) -   Response 0: bdef3149-2cc3-439b-89a6-09b93146a606<-eb5c9b0d-19e6-4136-9089-8a3b0879ad33#0:OK-t0
2024-01-17 07:57:19,660 [8d67fbbe-ad76-4934-bcfb-c8cae0dbbecb@group-FE8B27BBD9EC-LeaderElection11] INFO  impl.RoleInfo (RoleInfo.java:shutdownLeaderElection(130)) - 8d67fbbe-ad76-4934-bcfb-c8cae0dbbecb: shutdown 8d67fbbe-ad76-4934-bcfb-c8cae0dbbecb@group-FE8B27BBD9EC-LeaderElection11
2024-01-17 07:57:19,660 [8d67fbbe-ad76-4934-bcfb-c8cae0dbbecb@group-FE8B27BBD9EC-LeaderElection11] INFO  server.RaftServer$Division (RaftServerImpl.java:setRole(383)) - 8d67fbbe-ad76-4934-bcfb-c8cae0dbbecb@group-FE8B27BBD9EC: changes role from CANDIDATE to LEADER at term 1 for changeToLeader
2024-01-17 07:57:19,660 [8d67fbbe-ad76-4934-bcfb-c8cae0dbbecb@group-FE8B27BBD9EC-LeaderElection11] INFO  server.RaftServerConfigKeys (ConfUtils.java:logGet(46)) - raft.server.staging.catchup.gap = 1000 (default)
2024-01-17 07:57:19,660 [grpc-default-executor-1] INFO  server.RaftServer$Division (RaftServerImpl.java:requestVote(1422)) - 0f18b96a-e4aa-46f4-b611-a6948cf06a42@group-FE8B27BBD9EC replies to ELECTION vote request: 8d67fbbe-ad76-4934-bcfb-c8cae0dbbecb<-0f18b96a-e4aa-46f4-b611-a6948cf06a42#0:OK-t1. Peer's state: 0f18b96a-e4aa-46f4-b611-a6948cf06a42@group-FE8B27BBD9EC:t1, leader=null, voted=8d67fbbe-ad76-4934-bcfb-c8cae0dbbecb, raftlog=Memoized:0f18b96a-e4aa-46f4-b611-a6948cf06a42@group-FE8B27BBD9EC-SegmentedRaftLog:OPENED:c-1, conf=-1: peers:[4f4a0cbc-a9eb-44f0-8d97-06326de93701|10.1.0.6:15041, 8d67fbbe-ad76-4934-bcfb-c8cae0dbbecb|10.1.0.6:15059, 0f18b96a-e4aa-46f4-b611-a6948cf06a42|10.1.0.6:15050]|listeners:[], old=null
2024-01-17 07:57:19,667 [497ccbea-d6cf-4731-95da-fa3df448bf79@group-E9E02E74B481-LeaderElection9] INFO  server.RaftServer$Division (RaftServerImpl.java:setFirstElection(574)) - 497ccbea-d6cf-4731-95da-fa3df448bf79@group-E9E02E74B481: set firstElectionSinceStartup to false for REJECTED
2024-01-17 07:57:19,669 [bdef3149-2cc3-439b-89a6-09b93146a606@group-E9E02E74B481-LeaderElection10] INFO  impl.LeaderElection (LeaderElection.java:askForVotes(323)) - bdef3149-2cc3-439b-89a6-09b93146a606@group-E9E02E74B481-LeaderElection10 PRE_VOTE round 0: result PASSED
2024-01-17 07:57:19,671 [8d67fbbe-ad76-4934-bcfb-c8cae0dbbecb@group-FE8B27BBD9EC-LeaderElection11] INFO  server.RaftServerConfigKeys (ConfUtils.java:logGet(46)) - raft.server.write.element-limit = 1024 (custom)
2024-01-17 07:57:19,671 [8d67fbbe-ad76-4934-bcfb-c8cae0dbbecb@group-FE8B27BBD9EC-LeaderElection11] INFO  server.RaftServerConfigKeys (ConfUtils.java:logGet(46)) - raft.server.write.byte-limit = 1024 M (=1073741824) (custom)
2024-01-17 07:57:19,671 [8d67fbbe-ad76-4934-bcfb-c8cae0dbbecb@group-FE8B27BBD9EC-LeaderElection11] INFO  server.RaftServerConfigKeys (ConfUtils.java:logGet(46)) - raft.server.watch.timeout = 180s (custom)
2024-01-17 07:57:19,671 [grpc-default-executor-5] INFO  impl.VoteContext (VoteContext.java:log(49)) - 497ccbea-d6cf-4731-95da-fa3df448bf79@group-E9E02E74B481-FOLLOWER: accept PRE_VOTE from bdef3149-2cc3-439b-89a6-09b93146a606: our priority 0 <= candidate's priority 1
2024-01-17 07:57:19,672 [bdef3149-2cc3-439b-89a6-09b93146a606@group-E9E02E74B481-LeaderElection10] INFO  impl.LeaderElection (LeaderElection.java:askForVotes(321)) - bdef3149-2cc3-439b-89a6-09b93146a606@group-E9E02E74B481-LeaderElection10 ELECTION round 0: submit vote requests at term 1 for -1: peers:[eb5c9b0d-19e6-4136-9089-8a3b0879ad33|10.1.0.6:15068, 497ccbea-d6cf-4731-95da-fa3df448bf79|10.1.0.6:15086, bdef3149-2cc3-439b-89a6-09b93146a606|10.1.0.6:15077]|listeners:[], old=null
2024-01-17 07:57:19,672 [1bb81a9c-1547-435f-9d81-d5fca49fbc06-server-thread1] INFO  server.RaftServer$Division (ServerState.java:setRaftConf(386)) - 1bb81a9c-1547-435f-9d81-d5fca49fbc06@group-23DA28C678CC: set configuration 0: peers:[e98e7f84-7e90-42c0-bf2b-bf94ba8f7864|10.1.0.6:15014, 597b9f4b-0aac-4425-bf2d-48884e3709f6|10.1.0.6:15023, 1bb81a9c-1547-435f-9d81-d5fca49fbc06|10.1.0.6:15032]|listeners:[], old=null
2024-01-17 07:57:19,672 [grpc-default-executor-5] INFO  server.RaftServer$Division (RaftServerImpl.java:requestVote(1422)) - 497ccbea-d6cf-4731-95da-fa3df448bf79@group-E9E02E74B481 replies to PRE_VOTE vote request: bdef3149-2cc3-439b-89a6-09b93146a606<-497ccbea-d6cf-4731-95da-fa3df448bf79#0:OK-t0. Peer's state: 497ccbea-d6cf-4731-95da-fa3df448bf79@group-E9E02E74B481:t0, leader=null, voted=, raftlog=Memoized:497ccbea-d6cf-4731-95da-fa3df448bf79@group-E9E02E74B481-SegmentedRaftLog:OPENED:c-1, conf=-1: peers:[eb5c9b0d-19e6-4136-9089-8a3b0879ad33|10.1.0.6:15068, 497ccbea-d6cf-4731-95da-fa3df448bf79|10.1.0.6:15086, bdef3149-2cc3-439b-89a6-09b93146a606|10.1.0.6:15077]|listeners:[], old=null
2024-01-17 07:57:19,672 [1bb81a9c-1547-435f-9d81-d5fca49fbc06-server-thread1] INFO  segmented.SegmentedRaftLogWorker (SegmentedRaftLogWorker.java:startLogSegment(430)) - 1bb81a9c-1547-435f-9d81-d5fca49fbc06@group-23DA28C678CC-SegmentedRaftLogWorker: Starting segment from index:0
2024-01-17 07:57:19,672 [8d67fbbe-ad76-4934-bcfb-c8cae0dbbecb@group-FE8B27BBD9EC-LeaderElection11] INFO  server.RaftServerConfigKeys (ConfUtils.java:logGet(46)) - raft.server.watch.timeout.denomination = 1s (default)
2024-01-17 07:57:19,673 [8d67fbbe-ad76-4934-bcfb-c8cae0dbbecb@group-FE8B27BBD9EC-LeaderElection11] INFO  server.RaftServerConfigKeys (ConfUtils.java:logGet(46)) - raft.server.watch.element-limit = 65536 (default)
2024-01-17 07:57:19,673 [8d67fbbe-ad76-4934-bcfb-c8cae0dbbecb@group-FE8B27BBD9EC-LeaderElection11] INFO  server.RaftServerConfigKeys (ConfUtils.java:logGet(46)) - raft.server.read.leader.lease.enabled = false (default)
2024-01-17 07:57:19,673 [8d67fbbe-ad76-4934-bcfb-c8cae0dbbecb@group-FE8B27BBD9EC-LeaderElection11] INFO  server.RaftServerConfigKeys (ConfUtils.java:logGet(46)) - raft.server.read.leader.lease.timeout.ratio = 0.9 (default)
2024-01-17 07:57:19,673 [8d67fbbe-ad76-4934-bcfb-c8cae0dbbecb@group-FE8B27BBD9EC-LeaderElection11] INFO  server.RaftServerConfigKeys (ConfUtils.java:logGet(46)) - raft.server.rpc.timeout.min = 5s (custom)
2024-01-17 07:57:19,674 [8d67fbbe-ad76-4934-bcfb-c8cae0dbbecb@group-FE8B27BBD9EC-LeaderElection11] INFO  server.RaftServerConfigKeys (ConfUtils.java:logGet(46)) - raft.server.write.element-limit = 1024 (custom)
2024-01-17 07:57:19,674 [8d67fbbe-ad76-4934-bcfb-c8cae0dbbecb@group-FE8B27BBD9EC-LeaderElection11] INFO  server.RaftServerConfigKeys (ConfUtils.java:logGet(46)) - raft.server.write.follower.gap.ratio.max = -1.0 (default)
2024-01-17 07:57:19,674 [8d67fbbe-ad76-4934-bcfb-c8cae0dbbecb@group-FE8B27BBD9EC-LeaderElection11] INFO  server.RaftServerConfigKeys (ConfUtils.java:logGet(46)) - raft.server.log.appender.snapshot.chunk.size.max = 16MB (=16777216) (default)
2024-01-17 07:57:19,674 [8d67fbbe-ad76-4934-bcfb-c8cae0dbbecb@group-FE8B27BBD9EC-LeaderElection11] INFO  server.RaftServerConfigKeys (ConfUtils.java:logGet(46)) - raft.server.log.appender.buffer.byte-limit = 8388608 (custom)
2024-01-17 07:57:19,674 [8d67fbbe-ad76-4934-bcfb-c8cae0dbbecb@group-FE8B27BBD9EC-LeaderElection11] INFO  server.RaftServerConfigKeys (ConfUtils.java:logGet(46)) - raft.server.log.appender.buffer.element-limit = 1 (custom)
2024-01-17 07:57:19,677 [bdef3149-2cc3-439b-89a6-09b93146a606@group-E9E02E74B481-LeaderElection10] INFO  server.RaftServerConfigKeys (ConfUtils.java:logFallback(53)) - raft.server.rpc.first-election.timeout.min = 5s (fallback to raft.server.rpc.timeout.min)
2024-01-17 07:57:19,677 [bdef3149-2cc3-439b-89a6-09b93146a606@group-E9E02E74B481-LeaderElection10] INFO  server.RaftServerConfigKeys (ConfUtils.java:logFallback(53)) - raft.server.rpc.first-election.timeout.max = 5200ms (fallback to raft.server.rpc.timeout.max)
2024-01-17 07:57:19,680 [8d67fbbe-ad76-4934-bcfb-c8cae0dbbecb@group-FE8B27BBD9EC-LeaderElection11] INFO  server.RaftServerConfigKeys (ConfUtils.java:logGet(46)) - raft.server.log.appender.wait-time.min = 0μs (custom)
2024-01-17 07:57:19,680 [8d67fbbe-ad76-4934-bcfb-c8cae0dbbecb@group-FE8B27BBD9EC-LeaderElection11] INFO  grpc.GrpcConfigKeys (ConfUtils.java:logGet(46)) - raft.grpc.server.leader.outstanding.appends.max = 8 (default)
2024-01-17 07:57:19,680 [8d67fbbe-ad76-4934-bcfb-c8cae0dbbecb@group-FE8B27BBD9EC-LeaderElection11] INFO  server.RaftServerConfigKeys (ConfUtils.java:logGet(46)) - raft.server.rpc.request.timeout = 60s (custom)
2024-01-17 07:57:19,680 [8d67fbbe-ad76-4934-bcfb-c8cae0dbbecb@group-FE8B27BBD9EC-LeaderElection11] INFO  grpc.GrpcConfigKeys (ConfUtils.java:logGet(46)) - raft.grpc.server.install_snapshot.request.element-limit = 8 (default)
2024-01-17 07:57:19,680 [8d67fbbe-ad76-4934-bcfb-c8cae0dbbecb@group-FE8B27BBD9EC-LeaderElection11] INFO  grpc.GrpcConfigKeys (ConfUtils.java:logGet(46)) - raft.grpc.server.install_snapshot.request.timeout = 3000ms (default)
2024-01-17 07:57:19,681 [8d67fbbe-ad76-4934-bcfb-c8cae0dbbecb@group-FE8B27BBD9EC-LeaderElection11] INFO  grpc.GrpcConfigKeys (ConfUtils.java:logGet(46)) - raft.grpc.server.log-message.batch.duration = 5s (default)
2024-01-17 07:57:19,681 [8d67fbbe-ad76-4934-bcfb-c8cae0dbbecb@group-FE8B27BBD9EC-LeaderElection11] INFO  server.RaftServerConfigKeys (ConfUtils.java:logGet(46)) - raft.server.log.appender.install.snapshot.enabled = false (custom)
2024-01-17 07:57:19,681 [8d67fbbe-ad76-4934-bcfb-c8cae0dbbecb@group-FE8B27BBD9EC-LeaderElection11] INFO  grpc.GrpcConfigKeys (ConfUtils.java:logGet(46)) - raft.grpc.server.heartbeat.channel = true (default)
2024-01-17 07:57:19,682 [8d67fbbe-ad76-4934-bcfb-c8cae0dbbecb@group-FE8B27BBD9EC-LeaderElection11] INFO  server.RaftServerConfigKeys (ConfUtils.java:logGet(46)) - raft.server.log.appender.snapshot.chunk.size.max = 16MB (=16777216) (default)
2024-01-17 07:57:19,682 [8d67fbbe-ad76-4934-bcfb-c8cae0dbbecb@group-FE8B27BBD9EC-LeaderElection11] INFO  server.RaftServerConfigKeys (ConfUtils.java:logGet(46)) - raft.server.log.appender.buffer.byte-limit = 8388608 (custom)
2024-01-17 07:57:19,682 [8d67fbbe-ad76-4934-bcfb-c8cae0dbbecb@group-FE8B27BBD9EC-LeaderElection11] INFO  server.RaftServerConfigKeys (ConfUtils.java:logGet(46)) - raft.server.log.appender.buffer.element-limit = 1 (custom)
2024-01-17 07:57:19,682 [8d67fbbe-ad76-4934-bcfb-c8cae0dbbecb@group-FE8B27BBD9EC-LeaderElection11] INFO  server.RaftServerConfigKeys (ConfUtils.java:logGet(46)) - raft.server.log.appender.wait-time.min = 0μs (custom)
2024-01-17 07:57:19,682 [8d67fbbe-ad76-4934-bcfb-c8cae0dbbecb@group-FE8B27BBD9EC-LeaderElection11] INFO  grpc.GrpcConfigKeys (ConfUtils.java:logGet(46)) - raft.grpc.server.leader.outstanding.appends.max = 8 (default)
2024-01-17 07:57:19,682 [8d67fbbe-ad76-4934-bcfb-c8cae0dbbecb@group-FE8B27BBD9EC-LeaderElection11] INFO  server.RaftServerConfigKeys (ConfUtils.java:logGet(46)) - raft.server.rpc.request.timeout = 60s (custom)
2024-01-17 07:57:19,683 [8d67fbbe-ad76-4934-bcfb-c8cae0dbbecb@group-FE8B27BBD9EC-LeaderElection11] INFO  grpc.GrpcConfigKeys (ConfUtils.java:logGet(46)) - raft.grpc.server.install_snapshot.request.element-limit = 8 (default)
2024-01-17 07:57:19,683 [8d67fbbe-ad76-4934-bcfb-c8cae0dbbecb@group-FE8B27BBD9EC-LeaderElection11] INFO  grpc.GrpcConfigKeys (ConfUtils.java:logGet(46)) - raft.grpc.server.install_snapshot.request.timeout = 3000ms (default)
2024-01-17 07:57:19,683 [8d67fbbe-ad76-4934-bcfb-c8cae0dbbecb@group-FE8B27BBD9EC-LeaderElection11] INFO  grpc.GrpcConfigKeys (ConfUtils.java:logGet(46)) - raft.grpc.server.log-message.batch.duration = 5s (default)
2024-01-17 07:57:19,683 [8d67fbbe-ad76-4934-bcfb-c8cae0dbbecb@group-FE8B27BBD9EC-LeaderElection11] INFO  server.RaftServerConfigKeys (ConfUtils.java:logGet(46)) - raft.server.log.appender.install.snapshot.enabled = false (custom)
2024-01-17 07:57:19,683 [8d67fbbe-ad76-4934-bcfb-c8cae0dbbecb@group-FE8B27BBD9EC-LeaderElection11] INFO  grpc.GrpcConfigKeys (ConfUtils.java:logGet(46)) - raft.grpc.server.heartbeat.channel = true (default)
2024-01-17 07:57:19,683 [8d67fbbe-ad76-4934-bcfb-c8cae0dbbecb@group-FE8B27BBD9EC-LeaderElection11] INFO  impl.RoleInfo (RoleInfo.java:updateAndGet(139)) - 8d67fbbe-ad76-4934-bcfb-c8cae0dbbecb: start 8d67fbbe-ad76-4934-bcfb-c8cae0dbbecb@group-FE8B27BBD9EC-LeaderStateImpl
2024-01-17 07:57:19,683 [8d67fbbe-ad76-4934-bcfb-c8cae0dbbecb@group-FE8B27BBD9EC-LeaderElection11] INFO  server.RaftServer$Division (RaftServerImpl.java:setFirstElection(574)) - 8d67fbbe-ad76-4934-bcfb-c8cae0dbbecb@group-FE8B27BBD9EC: set firstElectionSinceStartup to false for becomeLeader
2024-01-17 07:57:19,683 [8d67fbbe-ad76-4934-bcfb-c8cae0dbbecb@group-FE8B27BBD9EC-LeaderElection11] INFO  ratis.XceiverServerRatis (XceiverServerRatis.java:handleLeaderChangedNotification(945)) - Leader change notification received for group: group-FE8B27BBD9EC with new leaderId: 8d67fbbe-ad76-4934-bcfb-c8cae0dbbecb
2024-01-17 07:57:19,684 [8d67fbbe-ad76-4934-bcfb-c8cae0dbbecb@group-FE8B27BBD9EC-LeaderElection11] INFO  server.RaftServer$Division (ServerState.java:setLeader(269)) - 8d67fbbe-ad76-4934-bcfb-c8cae0dbbecb@group-FE8B27BBD9EC: change Leader from null to 8d67fbbe-ad76-4934-bcfb-c8cae0dbbecb at term 1 for becomeLeader, leader elected after 5398ms
2024-01-17 07:57:19,684 [6291adf5-9e71-4549-84cb-13318527388a@group-DC3439CAE577-FollowerState] INFO  impl.FollowerState (FollowerState.java:run(143)) - 6291adf5-9e71-4549-84cb-13318527388a@group-DC3439CAE577-FollowerState: change to CANDIDATE, lastRpcElapsedTime:5143243320ns, electionTimeout:5141ms
2024-01-17 07:57:19,684 [6291adf5-9e71-4549-84cb-13318527388a@group-DC3439CAE577-FollowerState] INFO  impl.RoleInfo (RoleInfo.java:shutdownFollowerState(110)) - 6291adf5-9e71-4549-84cb-13318527388a: shutdown 6291adf5-9e71-4549-84cb-13318527388a@group-DC3439CAE577-FollowerState
2024-01-17 07:57:19,684 [6291adf5-9e71-4549-84cb-13318527388a@group-DC3439CAE577-FollowerState] INFO  server.RaftServer$Division (RaftServerImpl.java:setRole(383)) - 6291adf5-9e71-4549-84cb-13318527388a@group-DC3439CAE577: changes role from  FOLLOWER to CANDIDATE at term 0 for changeToCandidate
2024-01-17 07:57:19,684 [6291adf5-9e71-4549-84cb-13318527388a@group-DC3439CAE577-FollowerState] INFO  server.RaftServerConfigKeys (ConfUtils.java:logGet(46)) - raft.server.leaderelection.pre-vote = true (default)
2024-01-17 07:57:19,684 [6291adf5-9e71-4549-84cb-13318527388a@group-DC3439CAE577-FollowerState] INFO  impl.RoleInfo (RoleInfo.java:updateAndGet(139)) - 6291adf5-9e71-4549-84cb-13318527388a: start 6291adf5-9e71-4549-84cb-13318527388a@group-DC3439CAE577-LeaderElection12
2024-01-17 07:57:19,696 [EventQueue-PipelineReportForPipelineReportHandler] INFO  pipeline.PipelineReportHandler (PipelineReportHandler.java:processPipelineReport(136)) - Opened pipeline PipelineID=163fc6ed-ef43-4520-8ab8-fe8b27bbd9ec
2024-01-17 07:57:19,696 [8d67fbbe-ad76-4934-bcfb-c8cae0dbbecb@group-FE8B27BBD9EC-LeaderElection11] INFO  segmented.SegmentedRaftLogWorker (SegmentedRaftLogWorker.java:startLogSegment(430)) - 8d67fbbe-ad76-4934-bcfb-c8cae0dbbecb@group-FE8B27BBD9EC-SegmentedRaftLogWorker: Starting segment from index:0
2024-01-17 07:57:19,696 [8d67fbbe-ad76-4934-bcfb-c8cae0dbbecb@group-FE8B27BBD9EC-SegmentedRaftLogWorker] INFO  segmented.BufferedWriteChannel (BufferedWriteChannel.java:open(62)) - open log_inprogress_0 at position 0
2024-01-17 07:57:19,699 [1bb81a9c-1547-435f-9d81-d5fca49fbc06@group-23DA28C678CC-SegmentedRaftLogWorker] INFO  segmented.BufferedWriteChannel (BufferedWriteChannel.java:open(62)) - open log_inprogress_0 at position 0
2024-01-17 07:57:19,701 [grpc-default-executor-4] INFO  server.RaftServer$Division (RaftServerImpl.java:requestVote(1389)) - 497ccbea-d6cf-4731-95da-fa3df448bf79@group-E9E02E74B481: receive requestVote(ELECTION, bdef3149-2cc3-439b-89a6-09b93146a606, group-E9E02E74B481, 1, (t:0, i:0))
2024-01-17 07:57:19,701 [grpc-default-executor-4] INFO  impl.VoteContext (VoteContext.java:log(49)) - 497ccbea-d6cf-4731-95da-fa3df448bf79@group-E9E02E74B481-FOLLOWER: accept ELECTION from bdef3149-2cc3-439b-89a6-09b93146a606: our priority 0 <= candidate's priority 1
2024-01-17 07:57:19,702 [grpc-default-executor-4] INFO  server.RaftServer$Division (RaftServerImpl.java:setRole(383)) - 497ccbea-d6cf-4731-95da-fa3df448bf79@group-E9E02E74B481: changes role from  FOLLOWER to FOLLOWER at term 1 for candidate:bdef3149-2cc3-439b-89a6-09b93146a606
2024-01-17 07:57:19,702 [grpc-default-executor-4] INFO  impl.RoleInfo (RoleInfo.java:shutdownFollowerState(110)) - 497ccbea-d6cf-4731-95da-fa3df448bf79: shutdown 497ccbea-d6cf-4731-95da-fa3df448bf79@group-E9E02E74B481-FollowerState
2024-01-17 07:57:19,702 [grpc-default-executor-4] INFO  impl.RoleInfo (RoleInfo.java:updateAndGet(139)) - 497ccbea-d6cf-4731-95da-fa3df448bf79: start 497ccbea-d6cf-4731-95da-fa3df448bf79@group-E9E02E74B481-FollowerState
2024-01-17 07:57:19,702 [497ccbea-d6cf-4731-95da-fa3df448bf79@group-E9E02E74B481-FollowerState] INFO  impl.FollowerState (FollowerState.java:run(152)) - 497ccbea-d6cf-4731-95da-fa3df448bf79@group-E9E02E74B481-FollowerState was interrupted
2024-01-17 07:57:19,703 [grpc-default-executor-5] INFO  server.RaftServer$Division (RaftServerImpl.java:requestVote(1389)) - eb5c9b0d-19e6-4136-9089-8a3b0879ad33@group-E9E02E74B481: receive requestVote(ELECTION, bdef3149-2cc3-439b-89a6-09b93146a606, group-E9E02E74B481, 1, (t:0, i:0))
2024-01-17 07:57:19,703 [grpc-default-executor-5] INFO  impl.VoteContext (VoteContext.java:log(49)) - eb5c9b0d-19e6-4136-9089-8a3b0879ad33@group-E9E02E74B481-FOLLOWER: accept ELECTION from bdef3149-2cc3-439b-89a6-09b93146a606: our priority 0 <= candidate's priority 1
2024-01-17 07:57:19,707 [grpc-default-executor-5] INFO  server.RaftServer$Division (RaftServerImpl.java:setRole(383)) - eb5c9b0d-19e6-4136-9089-8a3b0879ad33@group-E9E02E74B481: changes role from  FOLLOWER to FOLLOWER at term 1 for candidate:bdef3149-2cc3-439b-89a6-09b93146a606
2024-01-17 07:57:19,707 [grpc-default-executor-5] INFO  impl.RoleInfo (RoleInfo.java:shutdownFollowerState(110)) - eb5c9b0d-19e6-4136-9089-8a3b0879ad33: shutdown eb5c9b0d-19e6-4136-9089-8a3b0879ad33@group-E9E02E74B481-FollowerState
2024-01-17 07:57:19,707 [grpc-default-executor-5] INFO  impl.RoleInfo (RoleInfo.java:updateAndGet(139)) - eb5c9b0d-19e6-4136-9089-8a3b0879ad33: start eb5c9b0d-19e6-4136-9089-8a3b0879ad33@group-E9E02E74B481-FollowerState
2024-01-17 07:57:19,707 [eb5c9b0d-19e6-4136-9089-8a3b0879ad33@group-E9E02E74B481-FollowerState] INFO  impl.FollowerState (FollowerState.java:run(152)) - eb5c9b0d-19e6-4136-9089-8a3b0879ad33@group-E9E02E74B481-FollowerState was interrupted
2024-01-17 07:57:19,707 [8d67fbbe-ad76-4934-bcfb-c8cae0dbbecb@group-FE8B27BBD9EC-LeaderElection11] INFO  server.RaftServer$Division (ServerState.java:setRaftConf(386)) - 8d67fbbe-ad76-4934-bcfb-c8cae0dbbecb@group-FE8B27BBD9EC: set configuration 0: peers:[4f4a0cbc-a9eb-44f0-8d97-06326de93701|10.1.0.6:15041, 8d67fbbe-ad76-4934-bcfb-c8cae0dbbecb|10.1.0.6:15059, 0f18b96a-e4aa-46f4-b611-a6948cf06a42|10.1.0.6:15050]|listeners:[], old=null
2024-01-17 07:57:19,708 [6291adf5-9e71-4549-84cb-13318527388a@group-DC3439CAE577-LeaderElection12] INFO  impl.LeaderElection (LeaderElection.java:askForVotes(321)) - 6291adf5-9e71-4549-84cb-13318527388a@group-DC3439CAE577-LeaderElection12 PRE_VOTE round 0: submit vote requests at term 0 for -1: peers:[2f83d896-2cfa-4348-ab65-ff7be0e3606c|10.1.0.6:15113, 6291adf5-9e71-4549-84cb-13318527388a|10.1.0.6:15095, 8e247bdf-a19d-4cdc-89de-9f1c8249c15f|10.1.0.6:15104]|listeners:[], old=null
2024-01-17 07:57:19,709 [8d67fbbe-ad76-4934-bcfb-c8cae0dbbecb@group-FE8B27BBD9EC-SegmentedRaftLogWorker] INFO  segmented.SegmentedRaftLogWorker (SegmentedRaftLogWorker.java:execute(634)) - 8d67fbbe-ad76-4934-bcfb-c8cae0dbbecb@group-FE8B27BBD9EC-SegmentedRaftLogWorker: created new log segment /home/runner/work/ozone/ozone/hadoop-ozone/integration-test/target/test-dir/MiniOzoneClusterImpl-df80a8b8-78a2-47d1-a2cb-ee48e7cc81f7/datanode-5/data/ratis/163fc6ed-ef43-4520-8ab8-fe8b27bbd9ec/current/log_inprogress_0
2024-01-17 07:57:19,709 [grpc-default-executor-4] INFO  server.RaftServer$Division (RaftServerImpl.java:requestVote(1422)) - 497ccbea-d6cf-4731-95da-fa3df448bf79@group-E9E02E74B481 replies to ELECTION vote request: bdef3149-2cc3-439b-89a6-09b93146a606<-497ccbea-d6cf-4731-95da-fa3df448bf79#0:OK-t1. Peer's state: 497ccbea-d6cf-4731-95da-fa3df448bf79@group-E9E02E74B481:t1, leader=null, voted=bdef3149-2cc3-439b-89a6-09b93146a606, raftlog=Memoized:497ccbea-d6cf-4731-95da-fa3df448bf79@group-E9E02E74B481-SegmentedRaftLog:OPENED:c-1, conf=-1: peers:[eb5c9b0d-19e6-4136-9089-8a3b0879ad33|10.1.0.6:15068, 497ccbea-d6cf-4731-95da-fa3df448bf79|10.1.0.6:15086, bdef3149-2cc3-439b-89a6-09b93146a606|10.1.0.6:15077]|listeners:[], old=null
2024-01-17 07:57:19,723 [6291adf5-9e71-4549-84cb-13318527388a@group-DC3439CAE577-LeaderElection12-2] INFO  server.GrpcServerProtocolClient (GrpcServerProtocolClient.java:<init>(65)) - Build channel for 8e247bdf-a19d-4cdc-89de-9f1c8249c15f|10.1.0.6:15104
2024-01-17 07:57:19,714 [597b9f4b-0aac-4425-bf2d-48884e3709f6@group-23DA28C678CC-StateMachineUpdater] INFO  server.RaftServer$Division (LeaderStateImpl.java:isApplied(320)) - leader is ready since appliedIndex == 0 >= startIndex == 0
2024-01-17 07:57:19,714 [1bb81a9c-1547-435f-9d81-d5fca49fbc06@group-23DA28C678CC-SegmentedRaftLogWorker] INFO  segmented.SegmentedRaftLogWorker (SegmentedRaftLogWorker.java:execute(634)) - 1bb81a9c-1547-435f-9d81-d5fca49fbc06@group-23DA28C678CC-SegmentedRaftLogWorker: created new log segment /home/runner/work/ozone/ozone/hadoop-ozone/integration-test/target/test-dir/MiniOzoneClusterImpl-df80a8b8-78a2-47d1-a2cb-ee48e7cc81f7/datanode-2/data/ratis/93550ce0-fabd-41bb-91c5-23da28c678cc/current/log_inprogress_0
2024-01-17 07:57:19,714 [grpc-default-executor-5] INFO  server.RaftServer$Division (RaftServerImpl.java:requestVote(1422)) - eb5c9b0d-19e6-4136-9089-8a3b0879ad33@group-E9E02E74B481 replies to ELECTION vote request: bdef3149-2cc3-439b-89a6-09b93146a606<-eb5c9b0d-19e6-4136-9089-8a3b0879ad33#0:OK-t1. Peer's state: eb5c9b0d-19e6-4136-9089-8a3b0879ad33@group-E9E02E74B481:t1, leader=null, voted=bdef3149-2cc3-439b-89a6-09b93146a606, raftlog=Memoized:eb5c9b0d-19e6-4136-9089-8a3b0879ad33@group-E9E02E74B481-SegmentedRaftLog:OPENED:c-1, conf=-1: peers:[eb5c9b0d-19e6-4136-9089-8a3b0879ad33|10.1.0.6:15068, 497ccbea-d6cf-4731-95da-fa3df448bf79|10.1.0.6:15086, bdef3149-2cc3-439b-89a6-09b93146a606|10.1.0.6:15077]|listeners:[], old=null
2024-01-17 07:57:19,713 [6291adf5-9e71-4549-84cb-13318527388a@group-DC3439CAE577-LeaderElection12] INFO  server.RaftServerConfigKeys (ConfUtils.java:logFallback(53)) - raft.server.rpc.first-election.timeout.min = 5s (fallback to raft.server.rpc.timeout.min)
2024-01-17 07:57:19,728 [6291adf5-9e71-4549-84cb-13318527388a@group-DC3439CAE577-LeaderElection12] INFO  server.RaftServerConfigKeys (ConfUtils.java:logFallback(53)) - raft.server.rpc.first-election.timeout.max = 5200ms (fallback to raft.server.rpc.timeout.max)
2024-01-17 07:57:19,712 [6291adf5-9e71-4549-84cb-13318527388a@group-DC3439CAE577-LeaderElection12-1] INFO  server.GrpcServerProtocolClient (GrpcServerProtocolClient.java:<init>(65)) - Build channel for 2f83d896-2cfa-4348-ab65-ff7be0e3606c|10.1.0.6:15113
2024-01-17 07:57:19,728 [bdef3149-2cc3-439b-89a6-09b93146a606@group-E9E02E74B481-LeaderElection10] INFO  impl.LeaderElection (LeaderElection.java:logAndReturn(89)) - bdef3149-2cc3-439b-89a6-09b93146a606@group-E9E02E74B481-LeaderElection10: ELECTION PASSED received 1 response(s) and 0 exception(s):
2024-01-17 07:57:19,731 [bdef3149-2cc3-439b-89a6-09b93146a606@group-E9E02E74B481-LeaderElection10] INFO  impl.LeaderElection (LeaderElection.java:logAndReturn(93)) -   Response 0: bdef3149-2cc3-439b-89a6-09b93146a606<-497ccbea-d6cf-4731-95da-fa3df448bf79#0:OK-t1
2024-01-17 07:57:19,731 [bdef3149-2cc3-439b-89a6-09b93146a606@group-E9E02E74B481-LeaderElection10] INFO  impl.LeaderElection (LeaderElection.java:askForVotes(323)) - bdef3149-2cc3-439b-89a6-09b93146a606@group-E9E02E74B481-LeaderElection10 ELECTION round 0: result PASSED
2024-01-17 07:57:19,731 [bdef3149-2cc3-439b-89a6-09b93146a606@group-E9E02E74B481-LeaderElection10] INFO  impl.RoleInfo (RoleInfo.java:shutdownLeaderElection(130)) - bdef3149-2cc3-439b-89a6-09b93146a606: shutdown bdef3149-2cc3-439b-89a6-09b93146a606@group-E9E02E74B481-LeaderElection10
2024-01-17 07:57:19,731 [bdef3149-2cc3-439b-89a6-09b93146a606@group-E9E02E74B481-LeaderElection10] INFO  server.RaftServer$Division (RaftServerImpl.java:setRole(383)) - bdef3149-2cc3-439b-89a6-09b93146a606@group-E9E02E74B481: changes role from CANDIDATE to LEADER at term 1 for changeToLeader
2024-01-17 07:57:19,731 [bdef3149-2cc3-439b-89a6-09b93146a606@group-E9E02E74B481-LeaderElection10] INFO  server.RaftServerConfigKeys (ConfUtils.java:logGet(46)) - raft.server.staging.catchup.gap = 1000 (default)
2024-01-17 07:57:19,732 [bdef3149-2cc3-439b-89a6-09b93146a606@group-E9E02E74B481-LeaderElection10] INFO  server.RaftServerConfigKeys (ConfUtils.java:logGet(46)) - raft.server.write.element-limit = 1024 (custom)
2024-01-17 07:57:19,732 [bdef3149-2cc3-439b-89a6-09b93146a606@group-E9E02E74B481-LeaderElection10] INFO  server.RaftServerConfigKeys (ConfUtils.java:logGet(46)) - raft.server.write.byte-limit = 1024 M (=1073741824) (custom)
2024-01-17 07:57:19,748 [IPC Server handler 0 on default port 15001] INFO  pipeline.RatisPipelineProvider (RatisPipelineProvider.java:lambda$create$0(206)) - Sending CreatePipelineCommand for pipeline:PipelineID=bd776b3f-42d9-424b-abf6-5756b4f363c0 to datanode:4f4a0cbc-a9eb-44f0-8d97-06326de93701
2024-01-17 07:57:19,751 [bdef3149-2cc3-439b-89a6-09b93146a606@group-E9E02E74B481-LeaderElection10] INFO  server.RaftServerConfigKeys (ConfUtils.java:logGet(46)) - raft.server.watch.timeout = 180s (custom)
2024-01-17 07:57:19,752 [bdef3149-2cc3-439b-89a6-09b93146a606@group-E9E02E74B481-LeaderElection10] INFO  server.RaftServerConfigKeys (ConfUtils.java:logGet(46)) - raft.server.watch.timeout.denomination = 1s (default)
2024-01-17 07:57:19,752 [bdef3149-2cc3-439b-89a6-09b93146a606@group-E9E02E74B481-LeaderElection10] INFO  server.RaftServerConfigKeys (ConfUtils.java:logGet(46)) - raft.server.watch.element-limit = 65536 (default)
2024-01-17 07:57:19,752 [bdef3149-2cc3-439b-89a6-09b93146a606@group-E9E02E74B481-LeaderElection10] INFO  server.RaftServerConfigKeys (ConfUtils.java:logGet(46)) - raft.server.read.leader.lease.enabled = false (default)
2024-01-17 07:57:19,752 [bdef3149-2cc3-439b-89a6-09b93146a606@group-E9E02E74B481-LeaderElection10] INFO  server.RaftServerConfigKeys (ConfUtils.java:logGet(46)) - raft.server.read.leader.lease.timeout.ratio = 0.9 (default)
2024-01-17 07:57:19,752 [bdef3149-2cc3-439b-89a6-09b93146a606@group-E9E02E74B481-LeaderElection10] INFO  server.RaftServerConfigKeys (ConfUtils.java:logGet(46)) - raft.server.rpc.timeout.min = 5s (custom)
2024-01-17 07:57:19,752 [bdef3149-2cc3-439b-89a6-09b93146a606@group-E9E02E74B481-LeaderElection10] INFO  server.RaftServerConfigKeys (ConfUtils.java:logGet(46)) - raft.server.write.element-limit = 1024 (custom)
2024-01-17 07:57:19,752 [bdef3149-2cc3-439b-89a6-09b93146a606@group-E9E02E74B481-LeaderElection10] INFO  server.RaftServerConfigKeys (ConfUtils.java:logGet(46)) - raft.server.write.follower.gap.ratio.max = -1.0 (default)
2024-01-17 07:57:19,754 [grpc-default-executor-5] INFO  server.RaftServer$Division (RaftServerImpl.java:requestVote(1389)) - 2f83d896-2cfa-4348-ab65-ff7be0e3606c@group-DC3439CAE577: receive requestVote(PRE_VOTE, 6291adf5-9e71-4549-84cb-13318527388a, group-DC3439CAE577, 0, (t:0, i:0))
2024-01-17 07:57:19,754 [grpc-default-executor-5] INFO  impl.VoteContext (VoteContext.java:log(49)) - 2f83d896-2cfa-4348-ab65-ff7be0e3606c@group-DC3439CAE577-FOLLOWER: reject PRE_VOTE from 6291adf5-9e71-4549-84cb-13318527388a: our priority 1 > candidate's priority 0
2024-01-17 07:57:19,754 [497ccbea-d6cf-4731-95da-fa3df448bf79@group-B3D596291F39-FollowerState] INFO  impl.FollowerState (FollowerState.java:run(143)) - 497ccbea-d6cf-4731-95da-fa3df448bf79@group-B3D596291F39-FollowerState: change to CANDIDATE, lastRpcElapsedTime:5031004334ns, electionTimeout:5029ms
2024-01-17 07:57:19,754 [497ccbea-d6cf-4731-95da-fa3df448bf79@group-B3D596291F39-FollowerState] INFO  impl.RoleInfo (RoleInfo.java:shutdownFollowerState(110)) - 497ccbea-d6cf-4731-95da-fa3df448bf79: shutdown 497ccbea-d6cf-4731-95da-fa3df448bf79@group-B3D596291F39-FollowerState
2024-01-17 07:57:19,754 [497ccbea-d6cf-4731-95da-fa3df448bf79@group-B3D596291F39-FollowerState] INFO  server.RaftServer$Division (RaftServerImpl.java:setRole(383)) - 497ccbea-d6cf-4731-95da-fa3df448bf79@group-B3D596291F39: changes role from  FOLLOWER to CANDIDATE at term 0 for changeToCandidate
2024-01-17 07:57:19,754 [grpc-default-executor-5] INFO  server.RaftServer$Division (RaftServerImpl.java:requestVote(1422)) - 2f83d896-2cfa-4348-ab65-ff7be0e3606c@group-DC3439CAE577 replies to PRE_VOTE vote request: 6291adf5-9e71-4549-84cb-13318527388a<-2f83d896-2cfa-4348-ab65-ff7be0e3606c#0:FAIL-t0. Peer's state: 2f83d896-2cfa-4348-ab65-ff7be0e3606c@group-DC3439CAE577:t0, leader=null, voted=, raftlog=Memoized:2f83d896-2cfa-4348-ab65-ff7be0e3606c@group-DC3439CAE577-SegmentedRaftLog:OPENED:c-1, conf=-1: peers:[2f83d896-2cfa-4348-ab65-ff7be0e3606c|10.1.0.6:15113, 6291adf5-9e71-4549-84cb-13318527388a|10.1.0.6:15095, 8e247bdf-a19d-4cdc-89de-9f1c8249c15f|10.1.0.6:15104]|listeners:[], old=null
2024-01-17 07:57:19,757 [bdef3149-2cc3-439b-89a6-09b93146a606@group-E9E02E74B481-LeaderElection10] INFO  server.RaftServerConfigKeys (ConfUtils.java:logGet(46)) - raft.server.log.appender.snapshot.chunk.size.max = 16MB (=16777216) (default)
2024-01-17 07:57:19,757 [bdef3149-2cc3-439b-89a6-09b93146a606@group-E9E02E74B481-LeaderElection10] INFO  server.RaftServerConfigKeys (ConfUtils.java:logGet(46)) - raft.server.log.appender.buffer.byte-limit = 8388608 (custom)
2024-01-17 07:57:19,757 [bdef3149-2cc3-439b-89a6-09b93146a606@group-E9E02E74B481-LeaderElection10] INFO  server.RaftServerConfigKeys (ConfUtils.java:logGet(46)) - raft.server.log.appender.buffer.element-limit = 1 (custom)
2024-01-17 07:57:19,759 [bdef3149-2cc3-439b-89a6-09b93146a606@group-E9E02E74B481-LeaderElection10] INFO  server.RaftServerConfigKeys (ConfUtils.java:logGet(46)) - raft.server.log.appender.wait-time.min = 0μs (custom)
2024-01-17 07:57:19,759 [bdef3149-2cc3-439b-89a6-09b93146a606@group-E9E02E74B481-LeaderElection10] INFO  grpc.GrpcConfigKeys (ConfUtils.java:logGet(46)) - raft.grpc.server.leader.outstanding.appends.max = 8 (default)
2024-01-17 07:57:19,759 [bdef3149-2cc3-439b-89a6-09b93146a606@group-E9E02E74B481-LeaderElection10] INFO  server.RaftServerConfigKeys (ConfUtils.java:logGet(46)) - raft.server.rpc.request.timeout = 60s (custom)
2024-01-17 07:57:19,759 [bdef3149-2cc3-439b-89a6-09b93146a606@group-E9E02E74B481-LeaderElection10] INFO  grpc.GrpcConfigKeys (ConfUtils.java:logGet(46)) - raft.grpc.server.install_snapshot.request.element-limit = 8 (default)
2024-01-17 07:57:19,759 [bdef3149-2cc3-439b-89a6-09b93146a606@group-E9E02E74B481-LeaderElection10] INFO  grpc.GrpcConfigKeys (ConfUtils.java:logGet(46)) - raft.grpc.server.install_snapshot.request.timeout = 3000ms (default)
2024-01-17 07:57:19,759 [bdef3149-2cc3-439b-89a6-09b93146a606@group-E9E02E74B481-LeaderElection10] INFO  grpc.GrpcConfigKeys (ConfUtils.java:logGet(46)) - raft.grpc.server.log-message.batch.duration = 5s (default)
2024-01-17 07:57:19,759 [bdef3149-2cc3-439b-89a6-09b93146a606@group-E9E02E74B481-LeaderElection10] INFO  server.RaftServerConfigKeys (ConfUtils.java:logGet(46)) - raft.server.log.appender.install.snapshot.enabled = false (custom)
2024-01-17 07:57:19,760 [bdef3149-2cc3-439b-89a6-09b93146a606@group-E9E02E74B481-LeaderElection10] INFO  grpc.GrpcConfigKeys (ConfUtils.java:logGet(46)) - raft.grpc.server.heartbeat.channel = true (default)
2024-01-17 07:57:19,760 [6291adf5-9e71-4549-84cb-13318527388a@group-DC3439CAE577-LeaderElection12] INFO  impl.LeaderElection (LeaderElection.java:logAndReturn(89)) - 6291adf5-9e71-4549-84cb-13318527388a@group-DC3439CAE577-LeaderElection12: PRE_VOTE REJECTED received 1 response(s) and 0 exception(s):
2024-01-17 07:57:19,760 [6291adf5-9e71-4549-84cb-13318527388a@group-DC3439CAE577-LeaderElection12] INFO  impl.LeaderElection (LeaderElection.java:logAndReturn(93)) -   Response 0: 6291adf5-9e71-4549-84cb-13318527388a<-2f83d896-2cfa-4348-ab65-ff7be0e3606c#0:FAIL-t0
2024-01-17 07:57:19,761 [grpc-default-executor-5] INFO  server.RaftServer$Division (RaftServerImpl.java:requestVote(1389)) - 8e247bdf-a19d-4cdc-89de-9f1c8249c15f@group-DC3439CAE577: receive requestVote(PRE_VOTE, 6291adf5-9e71-4549-84cb-13318527388a, group-DC3439CAE577, 0, (t:0, i:0))
2024-01-17 07:57:19,761 [grpc-default-executor-5] INFO  impl.VoteContext (VoteContext.java:log(49)) - 8e247bdf-a19d-4cdc-89de-9f1c8249c15f@group-DC3439CAE577-FOLLOWER: accept PRE_VOTE from 6291adf5-9e71-4549-84cb-13318527388a: our priority 0 <= candidate's priority 0
2024-01-17 07:57:19,761 [4f4a0cbc-a9eb-44f0-8d97-06326de93701-server-thread2] INFO  ratis.XceiverServerRatis (XceiverServerRatis.java:handleLeaderChangedNotification(945)) - Leader change notification received for group: group-FE8B27BBD9EC with new leaderId: 8d67fbbe-ad76-4934-bcfb-c8cae0dbbecb
2024-01-17 07:57:19,761 [grpc-default-executor-5] INFO  server.RaftServer$Division (RaftServerImpl.java:requestVote(1422)) - 8e247bdf-a19d-4cdc-89de-9f1c8249c15f@group-DC3439CAE577 replies to PRE_VOTE vote request: 6291adf5-9e71-4549-84cb-13318527388a<-8e247bdf-a19d-4cdc-89de-9f1c8249c15f#0:OK-t0. Peer's state: 8e247bdf-a19d-4cdc-89de-9f1c8249c15f@group-DC3439CAE577:t0, leader=null, voted=, raftlog=Memoized:8e247bdf-a19d-4cdc-89de-9f1c8249c15f@group-DC3439CAE577-SegmentedRaftLog:OPENED:c-1, conf=-1: peers:[2f83d896-2cfa-4348-ab65-ff7be0e3606c|10.1.0.6:15113, 6291adf5-9e71-4549-84cb-13318527388a|10.1.0.6:15095, 8e247bdf-a19d-4cdc-89de-9f1c8249c15f|10.1.0.6:15104]|listeners:[], old=null
2024-01-17 07:57:19,762 [4f4a0cbc-a9eb-44f0-8d97-06326de93701-server-thread2] INFO  server.RaftServer$Division (ServerState.java:setLeader(269)) - 4f4a0cbc-a9eb-44f0-8d97-06326de93701@group-FE8B27BBD9EC: change Leader from null to 8d67fbbe-ad76-4934-bcfb-c8cae0dbbecb at term 1 for appendEntries, leader elected after 5693ms
2024-01-17 07:57:19,764 [6291adf5-9e71-4549-84cb-13318527388a@group-DC3439CAE577-LeaderElection12] INFO  impl.LeaderElection (LeaderElection.java:askForVotes(323)) - 6291adf5-9e71-4549-84cb-13318527388a@group-DC3439CAE577-LeaderElection12 PRE_VOTE round 0: result REJECTED
2024-01-17 07:57:19,765 [6291adf5-9e71-4549-84cb-13318527388a@group-DC3439CAE577-LeaderElection12] INFO  server.RaftServer$Division (RaftServerImpl.java:setRole(383)) - 6291adf5-9e71-4549-84cb-13318527388a@group-DC3439CAE577: changes role from CANDIDATE to FOLLOWER at term 0 for REJECTED
2024-01-17 07:57:19,766 [6291adf5-9e71-4549-84cb-13318527388a@group-DC3439CAE577-LeaderElection12] INFO  impl.RoleInfo (RoleInfo.java:shutdownLeaderElection(130)) - 6291adf5-9e71-4549-84cb-13318527388a: shutdown 6291adf5-9e71-4549-84cb-13318527388a@group-DC3439CAE577-LeaderElection12
2024-01-17 07:57:19,766 [6291adf5-9e71-4549-84cb-13318527388a@group-DC3439CAE577-LeaderElection12] INFO  impl.RoleInfo (RoleInfo.java:updateAndGet(139)) - 6291adf5-9e71-4549-84cb-13318527388a: start 6291adf5-9e71-4549-84cb-13318527388a@group-DC3439CAE577-FollowerState
2024-01-17 07:57:19,764 [497ccbea-d6cf-4731-95da-fa3df448bf79@group-B3D596291F39-FollowerState] INFO  server.RaftServerConfigKeys (ConfUtils.java:logGet(46)) - raft.server.leaderelection.pre-vote = true (default)
2024-01-17 07:57:19,764 [0f18b96a-e4aa-46f4-b611-a6948cf06a42-server-thread1] INFO  ratis.XceiverServerRatis (XceiverServerRatis.java:handleLeaderChangedNotification(945)) - Leader change notification received for group: group-FE8B27BBD9EC with new leaderId: 8d67fbbe-ad76-4934-bcfb-c8cae0dbbecb
2024-01-17 07:57:19,766 [0f18b96a-e4aa-46f4-b611-a6948cf06a42-server-thread1] INFO  server.RaftServer$Division (ServerState.java:setLeader(269)) - 0f18b96a-e4aa-46f4-b611-a6948cf06a42@group-FE8B27BBD9EC: change Leader from null to 8d67fbbe-ad76-4934-bcfb-c8cae0dbbecb at term 1 for appendEntries, leader elected after 5876ms
2024-01-17 07:57:19,764 [bdef3149-2cc3-439b-89a6-09b93146a606@group-E9E02E74B481-LeaderElection10] INFO  server.RaftServerConfigKeys (ConfUtils.java:logGet(46)) - raft.server.log.appender.snapshot.chunk.size.max = 16MB (=16777216) (default)
2024-01-17 07:57:19,766 [497ccbea-d6cf-4731-95da-fa3df448bf79@group-B3D596291F39-FollowerState] INFO  impl.RoleInfo (RoleInfo.java:updateAndGet(139)) - 497ccbea-d6cf-4731-95da-fa3df448bf79: start 497ccbea-d6cf-4731-95da-fa3df448bf79@group-B3D596291F39-LeaderElection13
2024-01-17 07:57:19,766 [bdef3149-2cc3-439b-89a6-09b93146a606@group-E9E02E74B481-LeaderElection10] INFO  server.RaftServerConfigKeys (ConfUtils.java:logGet(46)) - raft.server.log.appender.buffer.byte-limit = 8388608 (custom)
2024-01-17 07:57:19,766 [bdef3149-2cc3-439b-89a6-09b93146a606@group-E9E02E74B481-LeaderElection10] INFO  server.RaftServerConfigKeys (ConfUtils.java:logGet(46)) - raft.server.log.appender.buffer.element-limit = 1 (custom)
2024-01-17 07:57:19,767 [6291adf5-9e71-4549-84cb-13318527388a@group-DC3439CAE577-LeaderElection12] INFO  server.RaftServer$Division (RaftServerImpl.java:setFirstElection(574)) - 6291adf5-9e71-4549-84cb-13318527388a@group-DC3439CAE577: set firstElectionSinceStartup to false for REJECTED
2024-01-17 07:57:19,767 [bdef3149-2cc3-439b-89a6-09b93146a606@group-E9E02E74B481-LeaderElection10] INFO  server.RaftServerConfigKeys (ConfUtils.java:logGet(46)) - raft.server.log.appender.wait-time.min = 0μs (custom)
2024-01-17 07:57:19,769 [bdef3149-2cc3-439b-89a6-09b93146a606@group-E9E02E74B481-LeaderElection10] INFO  grpc.GrpcConfigKeys (ConfUtils.java:logGet(46)) - raft.grpc.server.leader.outstanding.appends.max = 8 (default)
2024-01-17 07:57:19,769 [bdef3149-2cc3-439b-89a6-09b93146a606@group-E9E02E74B481-LeaderElection10] INFO  server.RaftServerConfigKeys (ConfUtils.java:logGet(46)) - raft.server.rpc.request.timeout = 60s (custom)
2024-01-17 07:57:19,769 [bdef3149-2cc3-439b-89a6-09b93146a606@group-E9E02E74B481-LeaderElection10] INFO  grpc.GrpcConfigKeys (ConfUtils.java:logGet(46)) - raft.grpc.server.install_snapshot.request.element-limit = 8 (default)
2024-01-17 07:57:19,769 [bdef3149-2cc3-439b-89a6-09b93146a606@group-E9E02E74B481-LeaderElection10] INFO  grpc.GrpcConfigKeys (ConfUtils.java:logGet(46)) - raft.grpc.server.install_snapshot.request.timeout = 3000ms (default)
2024-01-17 07:57:19,769 [bdef3149-2cc3-439b-89a6-09b93146a606@group-E9E02E74B481-LeaderElection10] INFO  grpc.GrpcConfigKeys (ConfUtils.java:logGet(46)) - raft.grpc.server.log-message.batch.duration = 5s (default)
2024-01-17 07:57:19,769 [bdef3149-2cc3-439b-89a6-09b93146a606@group-E9E02E74B481-LeaderElection10] INFO  server.RaftServerConfigKeys (ConfUtils.java:logGet(46)) - raft.server.log.appender.install.snapshot.enabled = false (custom)
2024-01-17 07:57:19,769 [bdef3149-2cc3-439b-89a6-09b93146a606@group-E9E02E74B481-LeaderElection10] INFO  grpc.GrpcConfigKeys (ConfUtils.java:logGet(46)) - raft.grpc.server.heartbeat.channel = true (default)
2024-01-17 07:57:19,769 [bdef3149-2cc3-439b-89a6-09b93146a606@group-E9E02E74B481-LeaderElection10] INFO  impl.RoleInfo (RoleInfo.java:updateAndGet(139)) - bdef3149-2cc3-439b-89a6-09b93146a606: start bdef3149-2cc3-439b-89a6-09b93146a606@group-E9E02E74B481-LeaderStateImpl
2024-01-17 07:57:19,769 [bdef3149-2cc3-439b-89a6-09b93146a606@group-E9E02E74B481-LeaderElection10] INFO  server.RaftServer$Division (RaftServerImpl.java:setFirstElection(574)) - bdef3149-2cc3-439b-89a6-09b93146a606@group-E9E02E74B481: set firstElectionSinceStartup to false for becomeLeader
2024-01-17 07:57:19,769 [bdef3149-2cc3-439b-89a6-09b93146a606@group-E9E02E74B481-LeaderElection10] INFO  ratis.XceiverServerRatis (XceiverServerRatis.java:handleLeaderChangedNotification(945)) - Leader change notification received for group: group-E9E02E74B481 with new leaderId: bdef3149-2cc3-439b-89a6-09b93146a606
2024-01-17 07:57:19,769 [bdef3149-2cc3-439b-89a6-09b93146a606@group-E9E02E74B481-LeaderElection10] INFO  server.RaftServer$Division (ServerState.java:setLeader(269)) - bdef3149-2cc3-439b-89a6-09b93146a606@group-E9E02E74B481: change Leader from null to bdef3149-2cc3-439b-89a6-09b93146a606 at term 1 for becomeLeader, leader elected after 5498ms
2024-01-17 07:57:19,769 [bdef3149-2cc3-439b-89a6-09b93146a606@group-E9E02E74B481-LeaderElection10] INFO  segmented.SegmentedRaftLogWorker (SegmentedRaftLogWorker.java:startLogSegment(430)) - bdef3149-2cc3-439b-89a6-09b93146a606@group-E9E02E74B481-SegmentedRaftLogWorker: Starting segment from index:0
2024-01-17 07:57:19,768 [0f18b96a-e4aa-46f4-b611-a6948cf06a42-server-thread2] INFO  server.RaftServer$Division (ServerState.java:setRaftConf(386)) - 0f18b96a-e4aa-46f4-b611-a6948cf06a42@group-FE8B27BBD9EC: set configuration 0: peers:[4f4a0cbc-a9eb-44f0-8d97-06326de93701|10.1.0.6:15041, 8d67fbbe-ad76-4934-bcfb-c8cae0dbbecb|10.1.0.6:15059, 0f18b96a-e4aa-46f4-b611-a6948cf06a42|10.1.0.6:15050]|listeners:[], old=null
2024-01-17 07:57:19,770 [0f18b96a-e4aa-46f4-b611-a6948cf06a42-server-thread2] INFO  segmented.SegmentedRaftLogWorker (SegmentedRaftLogWorker.java:startLogSegment(430)) - 0f18b96a-e4aa-46f4-b611-a6948cf06a42@group-FE8B27BBD9EC-SegmentedRaftLogWorker: Starting segment from index:0
2024-01-17 07:57:19,770 [bdef3149-2cc3-439b-89a6-09b93146a606@group-E9E02E74B481-SegmentedRaftLogWorker] INFO  segmented.BufferedWriteChannel (BufferedWriteChannel.java:open(62)) - open log_inprogress_0 at position 0
2024-01-17 07:57:19,771 [0f18b96a-e4aa-46f4-b611-a6948cf06a42@group-FE8B27BBD9EC-SegmentedRaftLogWorker] INFO  segmented.BufferedWriteChannel (BufferedWriteChannel.java:open(62)) - open log_inprogress_0 at position 0
2024-01-17 07:57:19,768 [4f4a0cbc-a9eb-44f0-8d97-06326de93701-server-thread2] INFO  server.RaftServer$Division (ServerState.java:setRaftConf(386)) - 4f4a0cbc-a9eb-44f0-8d97-06326de93701@group-FE8B27BBD9EC: set configuration 0: peers:[4f4a0cbc-a9eb-44f0-8d97-06326de93701|10.1.0.6:15041, 8d67fbbe-ad76-4934-bcfb-c8cae0dbbecb|10.1.0.6:15059, 0f18b96a-e4aa-46f4-b611-a6948cf06a42|10.1.0.6:15050]|listeners:[], old=null
2024-01-17 07:57:19,774 [4f4a0cbc-a9eb-44f0-8d97-06326de93701-server-thread2] INFO  segmented.SegmentedRaftLogWorker (SegmentedRaftLogWorker.java:startLogSegment(430)) - 4f4a0cbc-a9eb-44f0-8d97-06326de93701@group-FE8B27BBD9EC-SegmentedRaftLogWorker: Starting segment from index:0
2024-01-17 07:57:19,774 [4f4a0cbc-a9eb-44f0-8d97-06326de93701@group-FE8B27BBD9EC-SegmentedRaftLogWorker] INFO  segmented.BufferedWriteChannel (BufferedWriteChannel.java:open(62)) - open log_inprogress_0 at position 0
2024-01-17 07:57:19,776 [EventQueue-PipelineReportForPipelineReportHandler] INFO  pipeline.PipelineReportHandler (PipelineReportHandler.java:processPipelineReport(136)) - Opened pipeline PipelineID=3769c031-a691-4c45-a69e-e9e02e74b481
2024-01-17 07:57:19,780 [bdef3149-2cc3-439b-89a6-09b93146a606@group-E9E02E74B481-LeaderElection10] INFO  server.RaftServer$Division (ServerState.java:setRaftConf(386)) - bdef3149-2cc3-439b-89a6-09b93146a606@group-E9E02E74B481: set configuration 0: peers:[eb5c9b0d-19e6-4136-9089-8a3b0879ad33|10.1.0.6:15068, 497ccbea-d6cf-4731-95da-fa3df448bf79|10.1.0.6:15086, bdef3149-2cc3-439b-89a6-09b93146a606|10.1.0.6:15077]|listeners:[], old=null
2024-01-17 07:57:19,780 [497ccbea-d6cf-4731-95da-fa3df448bf79@group-B3D596291F39-LeaderElection13] INFO  impl.LeaderElection (LeaderElection.java:askForVotes(321)) - 497ccbea-d6cf-4731-95da-fa3df448bf79@group-B3D596291F39-LeaderElection13 PRE_VOTE round 0: submit vote requests at term 0 for -1: peers:[eb5c9b0d-19e6-4136-9089-8a3b0879ad33|10.1.0.6:15068, 497ccbea-d6cf-4731-95da-fa3df448bf79|10.1.0.6:15086, bdef3149-2cc3-439b-89a6-09b93146a606|10.1.0.6:15077]|listeners:[], old=null
2024-01-17 07:57:19,785 [0f18b96a-e4aa-46f4-b611-a6948cf06a42@group-FE8B27BBD9EC-SegmentedRaftLogWorker] INFO  segmented.SegmentedRaftLogWorker (SegmentedRaftLogWorker.java:execute(634)) - 0f18b96a-e4aa-46f4-b611-a6948cf06a42@group-FE8B27BBD9EC-SegmentedRaftLogWorker: created new log segment /home/runner/work/ozone/ozone/hadoop-ozone/integration-test/target/test-dir/MiniOzoneClusterImpl-df80a8b8-78a2-47d1-a2cb-ee48e7cc81f7/datanode-4/data/ratis/163fc6ed-ef43-4520-8ab8-fe8b27bbd9ec/current/log_inprogress_0
2024-01-17 07:57:19,786 [bdef3149-2cc3-439b-89a6-09b93146a606@group-E9E02E74B481-SegmentedRaftLogWorker] INFO  segmented.SegmentedRaftLogWorker (SegmentedRaftLogWorker.java:execute(634)) - bdef3149-2cc3-439b-89a6-09b93146a606@group-E9E02E74B481-SegmentedRaftLogWorker: created new log segment /home/runner/work/ozone/ozone/hadoop-ozone/integration-test/target/test-dir/MiniOzoneClusterImpl-df80a8b8-78a2-47d1-a2cb-ee48e7cc81f7/datanode-7/data/ratis/3769c031-a691-4c45-a69e-e9e02e74b481/current/log_inprogress_0
2024-01-17 07:57:19,787 [4f4a0cbc-a9eb-44f0-8d97-06326de93701@group-FE8B27BBD9EC-SegmentedRaftLogWorker] INFO  segmented.SegmentedRaftLogWorker (SegmentedRaftLogWorker.java:execute(634)) - 4f4a0cbc-a9eb-44f0-8d97-06326de93701@group-FE8B27BBD9EC-SegmentedRaftLogWorker: created new log segment /home/runner/work/ozone/ozone/hadoop-ozone/integration-test/target/test-dir/MiniOzoneClusterImpl-df80a8b8-78a2-47d1-a2cb-ee48e7cc81f7/datanode-3/data/ratis/163fc6ed-ef43-4520-8ab8-fe8b27bbd9ec/current/log_inprogress_0
2024-01-17 07:57:19,789 [grpc-default-executor-1] INFO  server.RaftServer$Division (RaftServerImpl.java:requestVote(1389)) - eb5c9b0d-19e6-4136-9089-8a3b0879ad33@group-B3D596291F39: receive requestVote(PRE_VOTE, 497ccbea-d6cf-4731-95da-fa3df448bf79, group-B3D596291F39, 0, (t:0, i:0))
2024-01-17 07:57:19,789 [grpc-default-executor-1] INFO  impl.VoteContext (VoteContext.java:log(49)) - eb5c9b0d-19e6-4136-9089-8a3b0879ad33@group-B3D596291F39-FOLLOWER: reject PRE_VOTE from 497ccbea-d6cf-4731-95da-fa3df448bf79: our priority 1 > candidate's priority 0
2024-01-17 07:57:19,789 [grpc-default-executor-1] INFO  server.RaftServer$Division (RaftServerImpl.java:requestVote(1422)) - eb5c9b0d-19e6-4136-9089-8a3b0879ad33@group-B3D596291F39 replies to PRE_VOTE vote request: 497ccbea-d6cf-4731-95da-fa3df448bf79<-eb5c9b0d-19e6-4136-9089-8a3b0879ad33#0:FAIL-t0. Peer's state: eb5c9b0d-19e6-4136-9089-8a3b0879ad33@group-B3D596291F39:t0, leader=null, voted=, raftlog=Memoized:eb5c9b0d-19e6-4136-9089-8a3b0879ad33@group-B3D596291F39-SegmentedRaftLog:OPENED:c-1, conf=-1: peers:[eb5c9b0d-19e6-4136-9089-8a3b0879ad33|10.1.0.6:15068, 497ccbea-d6cf-4731-95da-fa3df448bf79|10.1.0.6:15086, bdef3149-2cc3-439b-89a6-09b93146a606|10.1.0.6:15077]|listeners:[], old=null
2024-01-17 07:57:19,795 [497ccbea-d6cf-4731-95da-fa3df448bf79@group-B3D596291F39-LeaderElection13] INFO  server.RaftServerConfigKeys (ConfUtils.java:logFallback(53)) - raft.server.rpc.first-election.timeout.min = 5s (fallback to raft.server.rpc.timeout.min)
2024-01-17 07:57:19,795 [497ccbea-d6cf-4731-95da-fa3df448bf79@group-B3D596291F39-LeaderElection13] INFO  server.RaftServerConfigKeys (ConfUtils.java:logFallback(53)) - raft.server.rpc.first-election.timeout.max = 5200ms (fallback to raft.server.rpc.timeout.max)
2024-01-17 07:57:19,795 [497ccbea-d6cf-4731-95da-fa3df448bf79@group-B3D596291F39-LeaderElection13] INFO  impl.LeaderElection (LeaderElection.java:logAndReturn(89)) - 497ccbea-d6cf-4731-95da-fa3df448bf79@group-B3D596291F39-LeaderElection13: PRE_VOTE REJECTED received 1 response(s) and 0 exception(s):
2024-01-17 07:57:19,795 [497ccbea-d6cf-4731-95da-fa3df448bf79@group-B3D596291F39-LeaderElection13] INFO  impl.LeaderElection (LeaderElection.java:logAndReturn(93)) -   Response 0: 497ccbea-d6cf-4731-95da-fa3df448bf79<-eb5c9b0d-19e6-4136-9089-8a3b0879ad33#0:FAIL-t0
2024-01-17 07:57:19,795 [eb5c9b0d-19e6-4136-9089-8a3b0879ad33-server-thread2] INFO  ratis.XceiverServerRatis (XceiverServerRatis.java:handleLeaderChangedNotification(945)) - Leader change notification received for group: group-E9E02E74B481 with new leaderId: bdef3149-2cc3-439b-89a6-09b93146a606
2024-01-17 07:57:19,795 [eb5c9b0d-19e6-4136-9089-8a3b0879ad33-server-thread2] INFO  server.RaftServer$Division (ServerState.java:setLeader(269)) - eb5c9b0d-19e6-4136-9089-8a3b0879ad33@group-E9E02E74B481: change Leader from null to bdef3149-2cc3-439b-89a6-09b93146a606 at term 1 for appendEntries, leader elected after 5661ms
2024-01-17 07:57:19,799 [497ccbea-d6cf-4731-95da-fa3df448bf79-server-thread1] INFO  ratis.XceiverServerRatis (XceiverServerRatis.java:handleLeaderChangedNotification(945)) - Leader change notification received for group: group-E9E02E74B481 with new leaderId: bdef3149-2cc3-439b-89a6-09b93146a606
2024-01-17 07:57:19,801 [eb5c9b0d-19e6-4136-9089-8a3b0879ad33-server-thread1] INFO  server.RaftServer$Division (ServerState.java:setRaftConf(386)) - eb5c9b0d-19e6-4136-9089-8a3b0879ad33@group-E9E02E74B481: set configuration 0: peers:[eb5c9b0d-19e6-4136-9089-8a3b0879ad33|10.1.0.6:15068, 497ccbea-d6cf-4731-95da-fa3df448bf79|10.1.0.6:15086, bdef3149-2cc3-439b-89a6-09b93146a606|10.1.0.6:15077]|listeners:[], old=null
2024-01-17 07:57:19,801 [eb5c9b0d-19e6-4136-9089-8a3b0879ad33-server-thread1] INFO  segmented.SegmentedRaftLogWorker (SegmentedRaftLogWorker.java:startLogSegment(430)) - eb5c9b0d-19e6-4136-9089-8a3b0879ad33@group-E9E02E74B481-SegmentedRaftLogWorker: Starting segment from index:0
2024-01-17 07:57:19,802 [497ccbea-d6cf-4731-95da-fa3df448bf79-server-thread1] INFO  server.RaftServer$Division (ServerState.java:setLeader(269)) - 497ccbea-d6cf-4731-95da-fa3df448bf79@group-E9E02E74B481: change Leader from null to bdef3149-2cc3-439b-89a6-09b93146a606 at term 1 for appendEntries, leader elected after 5389ms
2024-01-17 07:57:19,802 [eb5c9b0d-19e6-4136-9089-8a3b0879ad33@group-E9E02E74B481-SegmentedRaftLogWorker] INFO  segmented.BufferedWriteChannel (BufferedWriteChannel.java:open(62)) - open log_inprogress_0 at position 0
2024-01-17 07:57:19,803 [grpc-default-executor-7] INFO  server.RaftServer$Division (RaftServerImpl.java:requestVote(1389)) - bdef3149-2cc3-439b-89a6-09b93146a606@group-B3D596291F39: receive requestVote(PRE_VOTE, 497ccbea-d6cf-4731-95da-fa3df448bf79, group-B3D596291F39, 0, (t:0, i:0))
2024-01-17 07:57:19,803 [grpc-default-executor-7] INFO  impl.VoteContext (VoteContext.java:log(49)) - bdef3149-2cc3-439b-89a6-09b93146a606@group-B3D596291F39-FOLLOWER: accept PRE_VOTE from 497ccbea-d6cf-4731-95da-fa3df448bf79: our priority 0 <= candidate's priority 0
2024-01-17 07:57:19,803 [grpc-default-executor-7] INFO  server.RaftServer$Division (RaftServerImpl.java:requestVote(1422)) - bdef3149-2cc3-439b-89a6-09b93146a606@group-B3D596291F39 replies to PRE_VOTE vote request: 497ccbea-d6cf-4731-95da-fa3df448bf79<-bdef3149-2cc3-439b-89a6-09b93146a606#0:OK-t0. Peer's state: bdef3149-2cc3-439b-89a6-09b93146a606@group-B3D596291F39:t0, leader=null, voted=, raftlog=Memoized:bdef3149-2cc3-439b-89a6-09b93146a606@group-B3D596291F39-SegmentedRaftLog:OPENED:c-1, conf=-1: peers:[eb5c9b0d-19e6-4136-9089-8a3b0879ad33|10.1.0.6:15068, 497ccbea-d6cf-4731-95da-fa3df448bf79|10.1.0.6:15086, bdef3149-2cc3-439b-89a6-09b93146a606|10.1.0.6:15077]|listeners:[], old=null
2024-01-17 07:57:19,807 [8d67fbbe-ad76-4934-bcfb-c8cae0dbbecb@group-FE8B27BBD9EC-StateMachineUpdater] INFO  server.RaftServer$Division (LeaderStateImpl.java:isApplied(320)) - leader is ready since appliedIndex == 0 >= startIndex == 0
2024-01-17 07:57:19,807 [497ccbea-d6cf-4731-95da-fa3df448bf79@group-B3D596291F39-LeaderElection13] INFO  impl.LeaderElection (LeaderElection.java:askForVotes(323)) - 497ccbea-d6cf-4731-95da-fa3df448bf79@group-B3D596291F39-LeaderElection13 PRE_VOTE round 0: result REJECTED
2024-01-17 07:57:19,807 [497ccbea-d6cf-4731-95da-fa3df448bf79@group-B3D596291F39-LeaderElection13] INFO  server.RaftServer$Division (RaftServerImpl.java:setRole(383)) - 497ccbea-d6cf-4731-95da-fa3df448bf79@group-B3D596291F39: changes role from CANDIDATE to FOLLOWER at term 0 for REJECTED
2024-01-17 07:57:19,807 [497ccbea-d6cf-4731-95da-fa3df448bf79@group-B3D596291F39-LeaderElection13] INFO  impl.RoleInfo (RoleInfo.java:shutdownLeaderElection(130)) - 497ccbea-d6cf-4731-95da-fa3df448bf79: shutdown 497ccbea-d6cf-4731-95da-fa3df448bf79@group-B3D596291F39-LeaderElection13
2024-01-17 07:57:19,807 [497ccbea-d6cf-4731-95da-fa3df448bf79@group-B3D596291F39-LeaderElection13] INFO  impl.RoleInfo (RoleInfo.java:updateAndGet(139)) - 497ccbea-d6cf-4731-95da-fa3df448bf79: start 497ccbea-d6cf-4731-95da-fa3df448bf79@group-B3D596291F39-FollowerState
2024-01-17 07:57:19,812 [497ccbea-d6cf-4731-95da-fa3df448bf79-server-thread2] INFO  server.RaftServer$Division (ServerState.java:setRaftConf(386)) - 497ccbea-d6cf-4731-95da-fa3df448bf79@group-E9E02E74B481: set configuration 0: peers:[eb5c9b0d-19e6-4136-9089-8a3b0879ad33|10.1.0.6:15068, 497ccbea-d6cf-4731-95da-fa3df448bf79|10.1.0.6:15086, bdef3149-2cc3-439b-89a6-09b93146a606|10.1.0.6:15077]|listeners:[], old=null
2024-01-17 07:57:19,812 [497ccbea-d6cf-4731-95da-fa3df448bf79-server-thread2] INFO  segmented.SegmentedRaftLogWorker (SegmentedRaftLogWorker.java:startLogSegment(430)) - 497ccbea-d6cf-4731-95da-fa3df448bf79@group-E9E02E74B481-SegmentedRaftLogWorker: Starting segment from index:0
2024-01-17 07:57:19,813 [eb5c9b0d-19e6-4136-9089-8a3b0879ad33@group-E9E02E74B481-SegmentedRaftLogWorker] INFO  segmented.SegmentedRaftLogWorker (SegmentedRaftLogWorker.java:execute(634)) - eb5c9b0d-19e6-4136-9089-8a3b0879ad33@group-E9E02E74B481-SegmentedRaftLogWorker: created new log segment /home/runner/work/ozone/ozone/hadoop-ozone/integration-test/target/test-dir/MiniOzoneClusterImpl-df80a8b8-78a2-47d1-a2cb-ee48e7cc81f7/datanode-6/data/ratis/3769c031-a691-4c45-a69e-e9e02e74b481/current/log_inprogress_0
2024-01-17 07:57:19,815 [497ccbea-d6cf-4731-95da-fa3df448bf79@group-B3D596291F39-LeaderElection13] INFO  server.RaftServer$Division (RaftServerImpl.java:setFirstElection(574)) - 497ccbea-d6cf-4731-95da-fa3df448bf79@group-B3D596291F39: set firstElectionSinceStartup to false for REJECTED
2024-01-17 07:57:19,817 [bdef3149-2cc3-439b-89a6-09b93146a606@group-B3D596291F39-FollowerState] INFO  server.RaftServerConfigKeys (ConfUtils.java:logFallback(53)) - raft.server.rpc.first-election.timeout.min = 5s (fallback to raft.server.rpc.timeout.min)
2024-01-17 07:57:19,817 [bdef3149-2cc3-439b-89a6-09b93146a606@group-B3D596291F39-FollowerState] INFO  server.RaftServerConfigKeys (ConfUtils.java:logFallback(53)) - raft.server.rpc.first-election.timeout.max = 5200ms (fallback to raft.server.rpc.timeout.max)
2024-01-17 07:57:19,821 [8e247bdf-a19d-4cdc-89de-9f1c8249c15f@group-DC3439CAE577-FollowerState] INFO  server.RaftServerConfigKeys (ConfUtils.java:logFallback(53)) - raft.server.rpc.first-election.timeout.min = 5s (fallback to raft.server.rpc.timeout.min)
2024-01-17 07:57:19,821 [8e247bdf-a19d-4cdc-89de-9f1c8249c15f@group-DC3439CAE577-FollowerState] INFO  server.RaftServerConfigKeys (ConfUtils.java:logFallback(53)) - raft.server.rpc.first-election.timeout.max = 5200ms (fallback to raft.server.rpc.timeout.max)
2024-01-17 07:57:19,822 [497ccbea-d6cf-4731-95da-fa3df448bf79@group-E9E02E74B481-SegmentedRaftLogWorker] INFO  segmented.BufferedWriteChannel (BufferedWriteChannel.java:open(62)) - open log_inprogress_0 at position 0
2024-01-17 07:57:19,834 [bdef3149-2cc3-439b-89a6-09b93146a606@group-E9E02E74B481-StateMachineUpdater] INFO  server.RaftServer$Division (LeaderStateImpl.java:isApplied(320)) - leader is ready since appliedIndex == 0 >= startIndex == 0
2024-01-17 07:57:19,835 [497ccbea-d6cf-4731-95da-fa3df448bf79@group-E9E02E74B481-SegmentedRaftLogWorker] INFO  segmented.SegmentedRaftLogWorker (SegmentedRaftLogWorker.java:execute(634)) - 497ccbea-d6cf-4731-95da-fa3df448bf79@group-E9E02E74B481-SegmentedRaftLogWorker: created new log segment /home/runner/work/ozone/ozone/hadoop-ozone/integration-test/target/test-dir/MiniOzoneClusterImpl-df80a8b8-78a2-47d1-a2cb-ee48e7cc81f7/datanode-8/data/ratis/3769c031-a691-4c45-a69e-e9e02e74b481/current/log_inprogress_0
2024-01-17 07:57:19,859 [2f83d896-2cfa-4348-ab65-ff7be0e3606c@group-DC3439CAE577-FollowerState] INFO  impl.FollowerState (FollowerState.java:run(143)) - 2f83d896-2cfa-4348-ab65-ff7be0e3606c@group-DC3439CAE577-FollowerState: change to CANDIDATE, lastRpcElapsedTime:5144912424ns, electionTimeout:5144ms
2024-01-17 07:57:19,860 [2f83d896-2cfa-4348-ab65-ff7be0e3606c@group-DC3439CAE577-FollowerState] INFO  impl.RoleInfo (RoleInfo.java:shutdownFollowerState(110)) - 2f83d896-2cfa-4348-ab65-ff7be0e3606c: shutdown 2f83d896-2cfa-4348-ab65-ff7be0e3606c@group-DC3439CAE577-FollowerState
2024-01-17 07:57:19,860 [2f83d896-2cfa-4348-ab65-ff7be0e3606c@group-DC3439CAE577-FollowerState] INFO  server.RaftServer$Division (RaftServerImpl.java:setRole(383)) - 2f83d896-2cfa-4348-ab65-ff7be0e3606c@group-DC3439CAE577: changes role from  FOLLOWER to CANDIDATE at term 0 for changeToCandidate
2024-01-17 07:57:19,860 [2f83d896-2cfa-4348-ab65-ff7be0e3606c@group-DC3439CAE577-FollowerState] INFO  server.RaftServerConfigKeys (ConfUtils.java:logGet(46)) - raft.server.leaderelection.pre-vote = true (default)
2024-01-17 07:57:19,860 [2f83d896-2cfa-4348-ab65-ff7be0e3606c@group-DC3439CAE577-FollowerState] INFO  impl.RoleInfo (RoleInfo.java:updateAndGet(139)) - 2f83d896-2cfa-4348-ab65-ff7be0e3606c: start 2f83d896-2cfa-4348-ab65-ff7be0e3606c@group-DC3439CAE577-LeaderElection14
2024-01-17 07:57:19,861 [2f83d896-2cfa-4348-ab65-ff7be0e3606c@group-DC3439CAE577-LeaderElection14] INFO  impl.LeaderElection (LeaderElection.java:askForVotes(321)) - 2f83d896-2cfa-4348-ab65-ff7be0e3606c@group-DC3439CAE577-LeaderElection14 PRE_VOTE round 0: submit vote requests at term 0 for -1: peers:[2f83d896-2cfa-4348-ab65-ff7be0e3606c|10.1.0.6:15113, 6291adf5-9e71-4549-84cb-13318527388a|10.1.0.6:15095, 8e247bdf-a19d-4cdc-89de-9f1c8249c15f|10.1.0.6:15104]|listeners:[], old=null
2024-01-17 07:57:19,861 [2f83d896-2cfa-4348-ab65-ff7be0e3606c@group-DC3439CAE577-LeaderElection14-1] INFO  server.GrpcServerProtocolClient (GrpcServerProtocolClient.java:<init>(65)) - Build channel for 6291adf5-9e71-4549-84cb-13318527388a|10.1.0.6:15095
2024-01-17 07:57:19,862 [2f83d896-2cfa-4348-ab65-ff7be0e3606c@group-DC3439CAE577-LeaderElection14-2] INFO  server.GrpcServerProtocolClient (GrpcServerProtocolClient.java:<init>(65)) - Build channel for 8e247bdf-a19d-4cdc-89de-9f1c8249c15f|10.1.0.6:15104
2024-01-17 07:57:19,862 [2f83d896-2cfa-4348-ab65-ff7be0e3606c@group-DC3439CAE577-LeaderElection14] INFO  server.RaftServerConfigKeys (ConfUtils.java:logFallback(53)) - raft.server.rpc.first-election.timeout.min = 5s (fallback to raft.server.rpc.timeout.min)
2024-01-17 07:57:19,862 [eb5c9b0d-19e6-4136-9089-8a3b0879ad33@group-B3D596291F39-FollowerState] INFO  impl.FollowerState (FollowerState.java:run(143)) - eb5c9b0d-19e6-4136-9089-8a3b0879ad33@group-B3D596291F39-FollowerState: change to CANDIDATE, lastRpcElapsedTime:5182767994ns, electionTimeout:5178ms
2024-01-17 07:57:19,862 [eb5c9b0d-19e6-4136-9089-8a3b0879ad33@group-B3D596291F39-FollowerState] INFO  impl.RoleInfo (RoleInfo.java:shutdownFollowerState(110)) - eb5c9b0d-19e6-4136-9089-8a3b0879ad33: shutdown eb5c9b0d-19e6-4136-9089-8a3b0879ad33@group-B3D596291F39-FollowerState
2024-01-17 07:57:19,862 [eb5c9b0d-19e6-4136-9089-8a3b0879ad33@group-B3D596291F39-FollowerState] INFO  server.RaftServer$Division (RaftServerImpl.java:setRole(383)) - eb5c9b0d-19e6-4136-9089-8a3b0879ad33@group-B3D596291F39: changes role from  FOLLOWER to CANDIDATE at term 0 for changeToCandidate
2024-01-17 07:57:19,862 [eb5c9b0d-19e6-4136-9089-8a3b0879ad33@group-B3D596291F39-FollowerState] INFO  server.RaftServerConfigKeys (ConfUtils.java:logGet(46)) - raft.server.leaderelection.pre-vote = true (default)
2024-01-17 07:57:19,862 [eb5c9b0d-19e6-4136-9089-8a3b0879ad33@group-B3D596291F39-FollowerState] INFO  impl.RoleInfo (RoleInfo.java:updateAndGet(139)) - eb5c9b0d-19e6-4136-9089-8a3b0879ad33: start eb5c9b0d-19e6-4136-9089-8a3b0879ad33@group-B3D596291F39-LeaderElection15
2024-01-17 07:57:19,862 [2f83d896-2cfa-4348-ab65-ff7be0e3606c@group-DC3439CAE577-LeaderElection14] INFO  server.RaftServerConfigKeys (ConfUtils.java:logFallback(53)) - raft.server.rpc.first-election.timeout.max = 5200ms (fallback to raft.server.rpc.timeout.max)
2024-01-17 07:57:19,865 [eb5c9b0d-19e6-4136-9089-8a3b0879ad33@group-B3D596291F39-LeaderElection15] INFO  impl.LeaderElection (LeaderElection.java:askForVotes(321)) - eb5c9b0d-19e6-4136-9089-8a3b0879ad33@group-B3D596291F39-LeaderElection15 PRE_VOTE round 0: submit vote requests at term 0 for -1: peers:[eb5c9b0d-19e6-4136-9089-8a3b0879ad33|10.1.0.6:15068, 497ccbea-d6cf-4731-95da-fa3df448bf79|10.1.0.6:15086, bdef3149-2cc3-439b-89a6-09b93146a606|10.1.0.6:15077]|listeners:[], old=null
2024-01-17 07:57:19,866 [eb5c9b0d-19e6-4136-9089-8a3b0879ad33@group-B3D596291F39-LeaderElection15] INFO  server.RaftServerConfigKeys (ConfUtils.java:logFallback(53)) - raft.server.rpc.first-election.timeout.min = 5s (fallback to raft.server.rpc.timeout.min)
2024-01-17 07:57:19,866 [eb5c9b0d-19e6-4136-9089-8a3b0879ad33@group-B3D596291F39-LeaderElection15] INFO  server.RaftServerConfigKeys (ConfUtils.java:logFallback(53)) - raft.server.rpc.first-election.timeout.max = 5200ms (fallback to raft.server.rpc.timeout.max)
2024-01-17 07:57:19,872 [grpc-default-executor-3] INFO  server.RaftServer$Division (RaftServerImpl.java:requestVote(1389)) - bdef3149-2cc3-439b-89a6-09b93146a606@group-B3D596291F39: receive requestVote(PRE_VOTE, eb5c9b0d-19e6-4136-9089-8a3b0879ad33, group-B3D596291F39, 0, (t:0, i:0))
2024-01-17 07:57:19,872 [grpc-default-executor-3] INFO  impl.VoteContext (VoteContext.java:log(49)) - bdef3149-2cc3-439b-89a6-09b93146a606@group-B3D596291F39-FOLLOWER: accept PRE_VOTE from eb5c9b0d-19e6-4136-9089-8a3b0879ad33: our priority 0 <= candidate's priority 1
2024-01-17 07:57:19,872 [grpc-default-executor-3] INFO  server.RaftServer$Division (RaftServerImpl.java:requestVote(1422)) - bdef3149-2cc3-439b-89a6-09b93146a606@group-B3D596291F39 replies to PRE_VOTE vote request: eb5c9b0d-19e6-4136-9089-8a3b0879ad33<-bdef3149-2cc3-439b-89a6-09b93146a606#0:OK-t0. Peer's state: bdef3149-2cc3-439b-89a6-09b93146a606@group-B3D596291F39:t0, leader=null, voted=, raftlog=Memoized:bdef3149-2cc3-439b-89a6-09b93146a606@group-B3D596291F39-SegmentedRaftLog:OPENED:c-1, conf=-1: peers:[eb5c9b0d-19e6-4136-9089-8a3b0879ad33|10.1.0.6:15068, 497ccbea-d6cf-4731-95da-fa3df448bf79|10.1.0.6:15086, bdef3149-2cc3-439b-89a6-09b93146a606|10.1.0.6:15077]|listeners:[], old=null
2024-01-17 07:57:19,873 [eb5c9b0d-19e6-4136-9089-8a3b0879ad33@group-B3D596291F39-LeaderElection15] INFO  impl.LeaderElection (LeaderElection.java:logAndReturn(89)) - eb5c9b0d-19e6-4136-9089-8a3b0879ad33@group-B3D596291F39-LeaderElection15: PRE_VOTE PASSED received 1 response(s) and 0 exception(s):
2024-01-17 07:57:19,873 [eb5c9b0d-19e6-4136-9089-8a3b0879ad33@group-B3D596291F39-LeaderElection15] INFO  impl.LeaderElection (LeaderElection.java:logAndReturn(93)) -   Response 0: eb5c9b0d-19e6-4136-9089-8a3b0879ad33<-bdef3149-2cc3-439b-89a6-09b93146a606#0:OK-t0
2024-01-17 07:57:19,873 [eb5c9b0d-19e6-4136-9089-8a3b0879ad33@group-B3D596291F39-LeaderElection15] INFO  impl.LeaderElection (LeaderElection.java:askForVotes(323)) - eb5c9b0d-19e6-4136-9089-8a3b0879ad33@group-B3D596291F39-LeaderElection15 PRE_VOTE round 0: result PASSED
2024-01-17 07:57:19,875 [eb5c9b0d-19e6-4136-9089-8a3b0879ad33@group-B3D596291F39-LeaderElection15] INFO  impl.LeaderElection (LeaderElection.java:askForVotes(321)) - eb5c9b0d-19e6-4136-9089-8a3b0879ad33@group-B3D596291F39-LeaderElection15 ELECTION round 0: submit vote requests at term 1 for -1: peers:[eb5c9b0d-19e6-4136-9089-8a3b0879ad33|10.1.0.6:15068, 497ccbea-d6cf-4731-95da-fa3df448bf79|10.1.0.6:15086, bdef3149-2cc3-439b-89a6-09b93146a606|10.1.0.6:15077]|listeners:[], old=null
2024-01-17 07:57:19,875 [eb5c9b0d-19e6-4136-9089-8a3b0879ad33@group-B3D596291F39-LeaderElection15] INFO  server.RaftServerConfigKeys (ConfUtils.java:logFallback(53)) - raft.server.rpc.first-election.timeout.min = 5s (fallback to raft.server.rpc.timeout.min)
2024-01-17 07:57:19,876 [eb5c9b0d-19e6-4136-9089-8a3b0879ad33@group-B3D596291F39-LeaderElection15] INFO  server.RaftServerConfigKeys (ConfUtils.java:logFallback(53)) - raft.server.rpc.first-election.timeout.max = 5200ms (fallback to raft.server.rpc.timeout.max)
2024-01-17 07:57:19,877 [grpc-default-executor-3] INFO  server.RaftServer$Division (RaftServerImpl.java:requestVote(1389)) - bdef3149-2cc3-439b-89a6-09b93146a606@group-B3D596291F39: receive requestVote(ELECTION, eb5c9b0d-19e6-4136-9089-8a3b0879ad33, group-B3D596291F39, 1, (t:0, i:0))
2024-01-17 07:57:19,877 [grpc-default-executor-3] INFO  impl.VoteContext (VoteContext.java:log(49)) - bdef3149-2cc3-439b-89a6-09b93146a606@group-B3D596291F39-FOLLOWER: accept ELECTION from eb5c9b0d-19e6-4136-9089-8a3b0879ad33: our priority 0 <= candidate's priority 1
2024-01-17 07:57:19,877 [grpc-default-executor-3] INFO  server.RaftServer$Division (RaftServerImpl.java:setRole(383)) - bdef3149-2cc3-439b-89a6-09b93146a606@group-B3D596291F39: changes role from  FOLLOWER to FOLLOWER at term 1 for candidate:eb5c9b0d-19e6-4136-9089-8a3b0879ad33
2024-01-17 07:57:19,877 [grpc-default-executor-3] INFO  impl.RoleInfo (RoleInfo.java:shutdownFollowerState(110)) - bdef3149-2cc3-439b-89a6-09b93146a606: shutdown bdef3149-2cc3-439b-89a6-09b93146a606@group-B3D596291F39-FollowerState
2024-01-17 07:57:19,877 [grpc-default-executor-3] INFO  impl.RoleInfo (RoleInfo.java:updateAndGet(139)) - bdef3149-2cc3-439b-89a6-09b93146a606: start bdef3149-2cc3-439b-89a6-09b93146a606@group-B3D596291F39-FollowerState
2024-01-17 07:57:19,877 [bdef3149-2cc3-439b-89a6-09b93146a606@group-B3D596291F39-FollowerState] INFO  impl.FollowerState (FollowerState.java:run(152)) - bdef3149-2cc3-439b-89a6-09b93146a606@group-B3D596291F39-FollowerState was interrupted
2024-01-17 07:57:19,878 [grpc-default-executor-4] INFO  server.RaftServer$Division (RaftServerImpl.java:requestVote(1389)) - 497ccbea-d6cf-4731-95da-fa3df448bf79@group-B3D596291F39: receive requestVote(PRE_VOTE, eb5c9b0d-19e6-4136-9089-8a3b0879ad33, group-B3D596291F39, 0, (t:0, i:0))
2024-01-17 07:57:19,878 [grpc-default-executor-5] INFO  server.RaftServer$Division (RaftServerImpl.java:requestVote(1389)) - 6291adf5-9e71-4549-84cb-13318527388a@group-DC3439CAE577: receive requestVote(PRE_VOTE, 2f83d896-2cfa-4348-ab65-ff7be0e3606c, group-DC3439CAE577, 0, (t:0, i:0))
2024-01-17 07:57:19,879 [grpc-default-executor-4] INFO  impl.VoteContext (VoteContext.java:log(49)) - 497ccbea-d6cf-4731-95da-fa3df448bf79@group-B3D596291F39-FOLLOWER: accept PRE_VOTE from eb5c9b0d-19e6-4136-9089-8a3b0879ad33: our priority 0 <= candidate's priority 1
2024-01-17 07:57:19,879 [grpc-default-executor-5] INFO  impl.VoteContext (VoteContext.java:log(49)) - 6291adf5-9e71-4549-84cb-13318527388a@group-DC3439CAE577-FOLLOWER: accept PRE_VOTE from 2f83d896-2cfa-4348-ab65-ff7be0e3606c: our priority 0 <= candidate's priority 1
2024-01-17 07:57:19,879 [grpc-default-executor-4] INFO  server.RaftServer$Division (RaftServerImpl.java:requestVote(1422)) - 497ccbea-d6cf-4731-95da-fa3df448bf79@group-B3D596291F39 replies to PRE_VOTE vote request: eb5c9b0d-19e6-4136-9089-8a3b0879ad33<-497ccbea-d6cf-4731-95da-fa3df448bf79#0:OK-t0. Peer's state: 497ccbea-d6cf-4731-95da-fa3df448bf79@group-B3D596291F39:t0, leader=null, voted=, raftlog=Memoized:497ccbea-d6cf-4731-95da-fa3df448bf79@group-B3D596291F39-SegmentedRaftLog:OPENED:c-1, conf=-1: peers:[eb5c9b0d-19e6-4136-9089-8a3b0879ad33|10.1.0.6:15068, 497ccbea-d6cf-4731-95da-fa3df448bf79|10.1.0.6:15086, bdef3149-2cc3-439b-89a6-09b93146a606|10.1.0.6:15077]|listeners:[], old=null
2024-01-17 07:57:19,879 [grpc-default-executor-5] INFO  server.RaftServer$Division (RaftServerImpl.java:requestVote(1422)) - 6291adf5-9e71-4549-84cb-13318527388a@group-DC3439CAE577 replies to PRE_VOTE vote request: 2f83d896-2cfa-4348-ab65-ff7be0e3606c<-6291adf5-9e71-4549-84cb-13318527388a#0:OK-t0. Peer's state: 6291adf5-9e71-4549-84cb-13318527388a@group-DC3439CAE577:t0, leader=null, voted=, raftlog=Memoized:6291adf5-9e71-4549-84cb-13318527388a@group-DC3439CAE577-SegmentedRaftLog:OPENED:c-1, conf=-1: peers:[2f83d896-2cfa-4348-ab65-ff7be0e3606c|10.1.0.6:15113, 6291adf5-9e71-4549-84cb-13318527388a|10.1.0.6:15095, 8e247bdf-a19d-4cdc-89de-9f1c8249c15f|10.1.0.6:15104]|listeners:[], old=null
2024-01-17 07:57:19,880 [grpc-default-executor-3] INFO  server.RaftServer$Division (RaftServerImpl.java:setFirstElection(574)) - bdef3149-2cc3-439b-89a6-09b93146a606@group-B3D596291F39: set firstElectionSinceStartup to false for candidate:eb5c9b0d-19e6-4136-9089-8a3b0879ad33
2024-01-17 07:57:19,880 [grpc-default-executor-7] INFO  server.RaftServer$Division (RaftServerImpl.java:requestVote(1389)) - 497ccbea-d6cf-4731-95da-fa3df448bf79@group-B3D596291F39: receive requestVote(ELECTION, eb5c9b0d-19e6-4136-9089-8a3b0879ad33, group-B3D596291F39, 1, (t:0, i:0))
2024-01-17 07:57:19,880 [grpc-default-executor-7] INFO  impl.VoteContext (VoteContext.java:log(49)) - 497ccbea-d6cf-4731-95da-fa3df448bf79@group-B3D596291F39-FOLLOWER: accept ELECTION from eb5c9b0d-19e6-4136-9089-8a3b0879ad33: our priority 0 <= candidate's priority 1
2024-01-17 07:57:19,881 [grpc-default-executor-7] INFO  server.RaftServer$Division (RaftServerImpl.java:setRole(383)) - 497ccbea-d6cf-4731-95da-fa3df448bf79@group-B3D596291F39: changes role from  FOLLOWER to FOLLOWER at term 1 for candidate:eb5c9b0d-19e6-4136-9089-8a3b0879ad33
2024-01-17 07:57:19,881 [grpc-default-executor-7] INFO  impl.RoleInfo (RoleInfo.java:shutdownFollowerState(110)) - 497ccbea-d6cf-4731-95da-fa3df448bf79: shutdown 497ccbea-d6cf-4731-95da-fa3df448bf79@group-B3D596291F39-FollowerState
2024-01-17 07:57:19,881 [grpc-default-executor-7] INFO  impl.RoleInfo (RoleInfo.java:updateAndGet(139)) - 497ccbea-d6cf-4731-95da-fa3df448bf79: start 497ccbea-d6cf-4731-95da-fa3df448bf79@group-B3D596291F39-FollowerState
2024-01-17 07:57:19,881 [2f83d896-2cfa-4348-ab65-ff7be0e3606c@group-DC3439CAE577-LeaderElection14] INFO  impl.LeaderElection (LeaderElection.java:logAndReturn(89)) - 2f83d896-2cfa-4348-ab65-ff7be0e3606c@group-DC3439CAE577-LeaderElection14: PRE_VOTE PASSED received 1 response(s) and 0 exception(s):
2024-01-17 07:57:19,881 [2f83d896-2cfa-4348-ab65-ff7be0e3606c@group-DC3439CAE577-LeaderElection14] INFO  impl.LeaderElection (LeaderElection.java:logAndReturn(93)) -   Response 0: 2f83d896-2cfa-4348-ab65-ff7be0e3606c<-6291adf5-9e71-4549-84cb-13318527388a#0:OK-t0
2024-01-17 07:57:19,881 [497ccbea-d6cf-4731-95da-fa3df448bf79@group-B3D596291F39-FollowerState] INFO  impl.FollowerState (FollowerState.java:run(152)) - 497ccbea-d6cf-4731-95da-fa3df448bf79@group-B3D596291F39-FollowerState was interrupted
2024-01-17 07:57:19,884 [2f83d896-2cfa-4348-ab65-ff7be0e3606c@group-DC3439CAE577-LeaderElection14] INFO  impl.LeaderElection (LeaderElection.java:askForVotes(323)) - 2f83d896-2cfa-4348-ab65-ff7be0e3606c@group-DC3439CAE577-LeaderElection14 PRE_VOTE round 0: result PASSED
2024-01-17 07:57:19,884 [grpc-default-executor-3] INFO  server.RaftServer$Division (RaftServerImpl.java:requestVote(1422)) - bdef3149-2cc3-439b-89a6-09b93146a606@group-B3D596291F39 replies to ELECTION vote request: eb5c9b0d-19e6-4136-9089-8a3b0879ad33<-bdef3149-2cc3-439b-89a6-09b93146a606#0:OK-t1. Peer's state: bdef3149-2cc3-439b-89a6-09b93146a606@group-B3D596291F39:t1, leader=null, voted=eb5c9b0d-19e6-4136-9089-8a3b0879ad33, raftlog=Memoized:bdef3149-2cc3-439b-89a6-09b93146a606@group-B3D596291F39-SegmentedRaftLog:OPENED:c-1, conf=-1: peers:[eb5c9b0d-19e6-4136-9089-8a3b0879ad33|10.1.0.6:15068, 497ccbea-d6cf-4731-95da-fa3df448bf79|10.1.0.6:15086, bdef3149-2cc3-439b-89a6-09b93146a606|10.1.0.6:15077]|listeners:[], old=null
2024-01-17 07:57:19,885 [2f83d896-2cfa-4348-ab65-ff7be0e3606c@group-DC3439CAE577-LeaderElection14] INFO  impl.LeaderElection (LeaderElection.java:askForVotes(321)) - 2f83d896-2cfa-4348-ab65-ff7be0e3606c@group-DC3439CAE577-LeaderElection14 ELECTION round 0: submit vote requests at term 1 for -1: peers:[2f83d896-2cfa-4348-ab65-ff7be0e3606c|10.1.0.6:15113, 6291adf5-9e71-4549-84cb-13318527388a|10.1.0.6:15095, 8e247bdf-a19d-4cdc-89de-9f1c8249c15f|10.1.0.6:15104]|listeners:[], old=null
2024-01-17 07:57:19,886 [2f83d896-2cfa-4348-ab65-ff7be0e3606c@group-DC3439CAE577-LeaderElection14] INFO  server.RaftServerConfigKeys (ConfUtils.java:logFallback(53)) - raft.server.rpc.first-election.timeout.min = 5s (fallback to raft.server.rpc.timeout.min)
2024-01-17 07:57:19,886 [2f83d896-2cfa-4348-ab65-ff7be0e3606c@group-DC3439CAE577-LeaderElection14] INFO  server.RaftServerConfigKeys (ConfUtils.java:logFallback(53)) - raft.server.rpc.first-election.timeout.max = 5200ms (fallback to raft.server.rpc.timeout.max)
2024-01-17 07:57:19,889 [6291adf5-9e71-4549-84cb-13318527388a@group-0BEF4CA69999-FollowerState] INFO  impl.FollowerState (FollowerState.java:run(143)) - 6291adf5-9e71-4549-84cb-13318527388a@group-0BEF4CA69999-FollowerState: change to CANDIDATE, lastRpcElapsedTime:5017734694ns, electionTimeout:5011ms
2024-01-17 07:57:19,889 [6291adf5-9e71-4549-84cb-13318527388a@group-0BEF4CA69999-FollowerState] INFO  impl.RoleInfo (RoleInfo.java:shutdownFollowerState(110)) - 6291adf5-9e71-4549-84cb-13318527388a: shutdown 6291adf5-9e71-4549-84cb-13318527388a@group-0BEF4CA69999-FollowerState
2024-01-17 07:57:19,889 [6291adf5-9e71-4549-84cb-13318527388a@group-0BEF4CA69999-FollowerState] INFO  server.RaftServer$Division (RaftServerImpl.java:setRole(383)) - 6291adf5-9e71-4549-84cb-13318527388a@group-0BEF4CA69999: changes role from  FOLLOWER to CANDIDATE at term 0 for changeToCandidate
2024-01-17 07:57:19,889 [6291adf5-9e71-4549-84cb-13318527388a@group-0BEF4CA69999-FollowerState] INFO  server.RaftServerConfigKeys (ConfUtils.java:logGet(46)) - raft.server.leaderelection.pre-vote = true (default)
2024-01-17 07:57:19,889 [6291adf5-9e71-4549-84cb-13318527388a@group-0BEF4CA69999-FollowerState] INFO  impl.RoleInfo (RoleInfo.java:updateAndGet(139)) - 6291adf5-9e71-4549-84cb-13318527388a: start 6291adf5-9e71-4549-84cb-13318527388a@group-0BEF4CA69999-LeaderElection16
2024-01-17 07:57:19,890 [eb5c9b0d-19e6-4136-9089-8a3b0879ad33@group-B3D596291F39-LeaderElection15] INFO  impl.LeaderElection (LeaderElection.java:logAndReturn(89)) - eb5c9b0d-19e6-4136-9089-8a3b0879ad33@group-B3D596291F39-LeaderElection15: ELECTION PASSED received 1 response(s) and 0 exception(s):
2024-01-17 07:57:19,890 [eb5c9b0d-19e6-4136-9089-8a3b0879ad33@group-B3D596291F39-LeaderElection15] INFO  impl.LeaderElection (LeaderElection.java:logAndReturn(93)) -   Response 0: eb5c9b0d-19e6-4136-9089-8a3b0879ad33<-bdef3149-2cc3-439b-89a6-09b93146a606#0:OK-t1
2024-01-17 07:57:19,890 [eb5c9b0d-19e6-4136-9089-8a3b0879ad33@group-B3D596291F39-LeaderElection15] INFO  impl.LeaderElection (LeaderElection.java:askForVotes(323)) - eb5c9b0d-19e6-4136-9089-8a3b0879ad33@group-B3D596291F39-LeaderElection15 ELECTION round 0: result PASSED
2024-01-17 07:57:19,890 [eb5c9b0d-19e6-4136-9089-8a3b0879ad33@group-B3D596291F39-LeaderElection15] INFO  impl.RoleInfo (RoleInfo.java:shutdownLeaderElection(130)) - eb5c9b0d-19e6-4136-9089-8a3b0879ad33: shutdown eb5c9b0d-19e6-4136-9089-8a3b0879ad33@group-B3D596291F39-LeaderElection15
2024-01-17 07:57:19,890 [eb5c9b0d-19e6-4136-9089-8a3b0879ad33@group-B3D596291F39-LeaderElection15] INFO  server.RaftServer$Division (RaftServerImpl.java:setRole(383)) - eb5c9b0d-19e6-4136-9089-8a3b0879ad33@group-B3D596291F39: changes role from CANDIDATE to LEADER at term 1 for changeToLeader
2024-01-17 07:57:19,890 [eb5c9b0d-19e6-4136-9089-8a3b0879ad33@group-B3D596291F39-LeaderElection15] INFO  server.RaftServerConfigKeys (ConfUtils.java:logGet(46)) - raft.server.staging.catchup.gap = 1000 (default)
2024-01-17 07:57:19,891 [grpc-default-executor-4] INFO  server.RaftServer$Division (RaftServerImpl.java:requestVote(1389)) - 6291adf5-9e71-4549-84cb-13318527388a@group-DC3439CAE577: receive requestVote(ELECTION, 2f83d896-2cfa-4348-ab65-ff7be0e3606c, group-DC3439CAE577, 1, (t:0, i:0))
2024-01-17 07:57:19,891 [eb5c9b0d-19e6-4136-9089-8a3b0879ad33@group-B3D596291F39-LeaderElection15] INFO  server.RaftServerConfigKeys (ConfUtils.java:logGet(46)) - raft.server.write.element-limit = 1024 (custom)
2024-01-17 07:57:19,891 [grpc-default-executor-4] INFO  impl.VoteContext (VoteContext.java:log(49)) - 6291adf5-9e71-4549-84cb-13318527388a@group-DC3439CAE577-FOLLOWER: accept ELECTION from 2f83d896-2cfa-4348-ab65-ff7be0e3606c: our priority 0 <= candidate's priority 1
2024-01-17 07:57:19,891 [grpc-default-executor-4] INFO  server.RaftServer$Division (RaftServerImpl.java:setRole(383)) - 6291adf5-9e71-4549-84cb-13318527388a@group-DC3439CAE577: changes role from  FOLLOWER to FOLLOWER at term 1 for candidate:2f83d896-2cfa-4348-ab65-ff7be0e3606c
2024-01-17 07:57:19,891 [grpc-default-executor-3] INFO  server.RaftServer$Division (RaftServerImpl.java:requestVote(1389)) - 8e247bdf-a19d-4cdc-89de-9f1c8249c15f@group-DC3439CAE577: receive requestVote(PRE_VOTE, 2f83d896-2cfa-4348-ab65-ff7be0e3606c, group-DC3439CAE577, 0, (t:0, i:0))
2024-01-17 07:57:19,891 [eb5c9b0d-19e6-4136-9089-8a3b0879ad33@group-B3D596291F39-LeaderElection15] INFO  server.RaftServerConfigKeys (ConfUtils.java:logGet(46)) - raft.server.write.byte-limit = 1024 M (=1073741824) (custom)
2024-01-17 07:57:19,895 [eb5c9b0d-19e6-4136-9089-8a3b0879ad33@group-B3D596291F39-LeaderElection15] INFO  server.RaftServerConfigKeys (ConfUtils.java:logGet(46)) - raft.server.watch.timeout = 180s (custom)
2024-01-17 07:57:19,895 [eb5c9b0d-19e6-4136-9089-8a3b0879ad33@group-B3D596291F39-LeaderElection15] INFO  server.RaftServerConfigKeys (ConfUtils.java:logGet(46)) - raft.server.watch.timeout.denomination = 1s (default)
2024-01-17 07:57:19,895 [eb5c9b0d-19e6-4136-9089-8a3b0879ad33@group-B3D596291F39-LeaderElection15] INFO  server.RaftServerConfigKeys (ConfUtils.java:logGet(46)) - raft.server.watch.element-limit = 65536 (default)
2024-01-17 07:57:19,895 [eb5c9b0d-19e6-4136-9089-8a3b0879ad33@group-B3D596291F39-LeaderElection15] INFO  server.RaftServerConfigKeys (ConfUtils.java:logGet(46)) - raft.server.read.leader.lease.enabled = false (default)
2024-01-17 07:57:19,895 [eb5c9b0d-19e6-4136-9089-8a3b0879ad33@group-B3D596291F39-LeaderElection15] INFO  server.RaftServerConfigKeys (ConfUtils.java:logGet(46)) - raft.server.read.leader.lease.timeout.ratio = 0.9 (default)
2024-01-17 07:57:19,895 [eb5c9b0d-19e6-4136-9089-8a3b0879ad33@group-B3D596291F39-LeaderElection15] INFO  server.RaftServerConfigKeys (ConfUtils.java:logGet(46)) - raft.server.rpc.timeout.min = 5s (custom)
2024-01-17 07:57:19,896 [eb5c9b0d-19e6-4136-9089-8a3b0879ad33@group-B3D596291F39-LeaderElection15] INFO  server.RaftServerConfigKeys (ConfUtils.java:logGet(46)) - raft.server.write.element-limit = 1024 (custom)
2024-01-17 07:57:19,896 [eb5c9b0d-19e6-4136-9089-8a3b0879ad33@group-B3D596291F39-LeaderElection15] INFO  server.RaftServerConfigKeys (ConfUtils.java:logGet(46)) - raft.server.write.follower.gap.ratio.max = -1.0 (default)
2024-01-17 07:57:19,896 [eb5c9b0d-19e6-4136-9089-8a3b0879ad33@group-B3D596291F39-LeaderElection15] INFO  server.RaftServerConfigKeys (ConfUtils.java:logGet(46)) - raft.server.log.appender.snapshot.chunk.size.max = 16MB (=16777216) (default)
2024-01-17 07:57:19,896 [eb5c9b0d-19e6-4136-9089-8a3b0879ad33@group-B3D596291F39-LeaderElection15] INFO  server.RaftServerConfigKeys (ConfUtils.java:logGet(46)) - raft.server.log.appender.buffer.byte-limit = 8388608 (custom)
2024-01-17 07:57:19,896 [eb5c9b0d-19e6-4136-9089-8a3b0879ad33@group-B3D596291F39-LeaderElection15] INFO  server.RaftServerConfigKeys (ConfUtils.java:logGet(46)) - raft.server.log.appender.buffer.element-limit = 1 (custom)
2024-01-17 07:57:19,896 [eb5c9b0d-19e6-4136-9089-8a3b0879ad33@group-B3D596291F39-LeaderElection15] INFO  server.RaftServerConfigKeys (ConfUtils.java:logGet(46)) - raft.server.log.appender.wait-time.min = 0μs (custom)
2024-01-17 07:57:19,897 [eb5c9b0d-19e6-4136-9089-8a3b0879ad33@group-B3D596291F39-LeaderElection15] INFO  grpc.GrpcConfigKeys (ConfUtils.java:logGet(46)) - raft.grpc.server.leader.outstanding.appends.max = 8 (default)
2024-01-17 07:57:19,897 [eb5c9b0d-19e6-4136-9089-8a3b0879ad33@group-B3D596291F39-LeaderElection15] INFO  server.RaftServerConfigKeys (ConfUtils.java:logGet(46)) - raft.server.rpc.request.timeout = 60s (custom)
2024-01-17 07:57:19,897 [eb5c9b0d-19e6-4136-9089-8a3b0879ad33@group-B3D596291F39-LeaderElection15] INFO  grpc.GrpcConfigKeys (ConfUtils.java:logGet(46)) - raft.grpc.server.install_snapshot.request.element-limit = 8 (default)
2024-01-17 07:57:19,897 [eb5c9b0d-19e6-4136-9089-8a3b0879ad33@group-B3D596291F39-LeaderElection15] INFO  grpc.GrpcConfigKeys (ConfUtils.java:logGet(46)) - raft.grpc.server.install_snapshot.request.timeout = 3000ms (default)
2024-01-17 07:57:19,897 [eb5c9b0d-19e6-4136-9089-8a3b0879ad33@group-B3D596291F39-LeaderElection15] INFO  grpc.GrpcConfigKeys (ConfUtils.java:logGet(46)) - raft.grpc.server.log-message.batch.duration = 5s (default)
2024-01-17 07:57:19,897 [eb5c9b0d-19e6-4136-9089-8a3b0879ad33@group-B3D596291F39-LeaderElection15] INFO  server.RaftServerConfigKeys (ConfUtils.java:logGet(46)) - raft.server.log.appender.install.snapshot.enabled = false (custom)
2024-01-17 07:57:19,897 [eb5c9b0d-19e6-4136-9089-8a3b0879ad33@group-B3D596291F39-LeaderElection15] INFO  grpc.GrpcConfigKeys (ConfUtils.java:logGet(46)) - raft.grpc.server.heartbeat.channel = true (default)
2024-01-17 07:57:19,898 [eb5c9b0d-19e6-4136-9089-8a3b0879ad33@group-B3D596291F39-LeaderElection15] INFO  server.RaftServerConfigKeys (ConfUtils.java:logGet(46)) - raft.server.log.appender.snapshot.chunk.size.max = 16MB (=16777216) (default)
2024-01-17 07:57:19,898 [eb5c9b0d-19e6-4136-9089-8a3b0879ad33@group-B3D596291F39-LeaderElection15] INFO  server.RaftServerConfigKeys (ConfUtils.java:logGet(46)) - raft.server.log.appender.buffer.byte-limit = 8388608 (custom)
2024-01-17 07:57:19,898 [eb5c9b0d-19e6-4136-9089-8a3b0879ad33@group-B3D596291F39-LeaderElection15] INFO  server.RaftServerConfigKeys (ConfUtils.java:logGet(46)) - raft.server.log.appender.buffer.element-limit = 1 (custom)
2024-01-17 07:57:19,898 [eb5c9b0d-19e6-4136-9089-8a3b0879ad33@group-B3D596291F39-LeaderElection15] INFO  server.RaftServerConfigKeys (ConfUtils.java:logGet(46)) - raft.server.log.appender.wait-time.min = 0μs (custom)
2024-01-17 07:57:19,899 [eb5c9b0d-19e6-4136-9089-8a3b0879ad33@group-B3D596291F39-LeaderElection15] INFO  grpc.GrpcConfigKeys (ConfUtils.java:logGet(46)) - raft.grpc.server.leader.outstanding.appends.max = 8 (default)
2024-01-17 07:57:19,899 [eb5c9b0d-19e6-4136-9089-8a3b0879ad33@group-B3D596291F39-LeaderElection15] INFO  server.RaftServerConfigKeys (ConfUtils.java:logGet(46)) - raft.server.rpc.request.timeout = 60s (custom)
2024-01-17 07:57:19,899 [eb5c9b0d-19e6-4136-9089-8a3b0879ad33@group-B3D596291F39-LeaderElection15] INFO  grpc.GrpcConfigKeys (ConfUtils.java:logGet(46)) - raft.grpc.server.install_snapshot.request.element-limit = 8 (default)
2024-01-17 07:57:19,899 [eb5c9b0d-19e6-4136-9089-8a3b0879ad33@group-B3D596291F39-LeaderElection15] INFO  grpc.GrpcConfigKeys (ConfUtils.java:logGet(46)) - raft.grpc.server.install_snapshot.request.timeout = 3000ms (default)
2024-01-17 07:57:19,895 [grpc-default-executor-3] INFO  impl.VoteContext (VoteContext.java:log(49)) - 8e247bdf-a19d-4cdc-89de-9f1c8249c15f@group-DC3439CAE577-FOLLOWER: accept PRE_VOTE from 2f83d896-2cfa-4348-ab65-ff7be0e3606c: our priority 0 <= candidate's priority 1
2024-01-17 07:57:19,899 [grpc-default-executor-3] INFO  server.RaftServer$Division (RaftServerImpl.java:requestVote(1422)) - 8e247bdf-a19d-4cdc-89de-9f1c8249c15f@group-DC3439CAE577 replies to PRE_VOTE vote request: 2f83d896-2cfa-4348-ab65-ff7be0e3606c<-8e247bdf-a19d-4cdc-89de-9f1c8249c15f#0:OK-t0. Peer's state: 8e247bdf-a19d-4cdc-89de-9f1c8249c15f@group-DC3439CAE577:t0, leader=null, voted=, raftlog=Memoized:8e247bdf-a19d-4cdc-89de-9f1c8249c15f@group-DC3439CAE577-SegmentedRaftLog:OPENED:c-1, conf=-1: peers:[2f83d896-2cfa-4348-ab65-ff7be0e3606c|10.1.0.6:15113, 6291adf5-9e71-4549-84cb-13318527388a|10.1.0.6:15095, 8e247bdf-a19d-4cdc-89de-9f1c8249c15f|10.1.0.6:15104]|listeners:[], old=null
2024-01-17 07:57:19,900 [eb5c9b0d-19e6-4136-9089-8a3b0879ad33@group-B3D596291F39-LeaderElection15] INFO  grpc.GrpcConfigKeys (ConfUtils.java:logGet(46)) - raft.grpc.server.log-message.batch.duration = 5s (default)
2024-01-17 07:57:19,900 [eb5c9b0d-19e6-4136-9089-8a3b0879ad33@group-B3D596291F39-LeaderElection15] INFO  server.RaftServerConfigKeys (ConfUtils.java:logGet(46)) - raft.server.log.appender.install.snapshot.enabled = false (custom)
2024-01-17 07:57:19,900 [eb5c9b0d-19e6-4136-9089-8a3b0879ad33@group-B3D596291F39-LeaderElection15] INFO  grpc.GrpcConfigKeys (ConfUtils.java:logGet(46)) - raft.grpc.server.heartbeat.channel = true (default)
2024-01-17 07:57:19,900 [eb5c9b0d-19e6-4136-9089-8a3b0879ad33@group-B3D596291F39-LeaderElection15] INFO  impl.RoleInfo (RoleInfo.java:updateAndGet(139)) - eb5c9b0d-19e6-4136-9089-8a3b0879ad33: start eb5c9b0d-19e6-4136-9089-8a3b0879ad33@group-B3D596291F39-LeaderStateImpl
2024-01-17 07:57:19,900 [eb5c9b0d-19e6-4136-9089-8a3b0879ad33@group-B3D596291F39-LeaderElection15] INFO  server.RaftServer$Division (RaftServerImpl.java:setFirstElection(574)) - eb5c9b0d-19e6-4136-9089-8a3b0879ad33@group-B3D596291F39: set firstElectionSinceStartup to false for becomeLeader
2024-01-17 07:57:19,900 [eb5c9b0d-19e6-4136-9089-8a3b0879ad33@group-B3D596291F39-LeaderElection15] INFO  ratis.XceiverServerRatis (XceiverServerRatis.java:handleLeaderChangedNotification(945)) - Leader change notification received for group: group-B3D596291F39 with new leaderId: eb5c9b0d-19e6-4136-9089-8a3b0879ad33
2024-01-17 07:57:19,900 [eb5c9b0d-19e6-4136-9089-8a3b0879ad33@group-B3D596291F39-LeaderElection15] INFO  server.RaftServer$Division (ServerState.java:setLeader(269)) - eb5c9b0d-19e6-4136-9089-8a3b0879ad33@group-B3D596291F39: change Leader from null to eb5c9b0d-19e6-4136-9089-8a3b0879ad33 at term 1 for becomeLeader, leader elected after 5316ms
2024-01-17 07:57:19,901 [eb5c9b0d-19e6-4136-9089-8a3b0879ad33@group-B3D596291F39-LeaderElection15] INFO  segmented.SegmentedRaftLogWorker (SegmentedRaftLogWorker.java:startLogSegment(430)) - eb5c9b0d-19e6-4136-9089-8a3b0879ad33@group-B3D596291F39-SegmentedRaftLogWorker: Starting segment from index:0
2024-01-17 07:57:19,901 [eb5c9b0d-19e6-4136-9089-8a3b0879ad33@group-B3D596291F39-SegmentedRaftLogWorker] INFO  segmented.BufferedWriteChannel (BufferedWriteChannel.java:open(62)) - open log_inprogress_0 at position 0
2024-01-17 07:57:19,902 [EventQueue-PipelineReportForPipelineReportHandler] INFO  pipeline.PipelineReportHandler (PipelineReportHandler.java:processPipelineReport(136)) - Opened pipeline PipelineID=7bf5b471-0bd1-4859-9a6c-b3d596291f39
2024-01-17 07:57:19,893 [6291adf5-9e71-4549-84cb-13318527388a@group-0BEF4CA69999-LeaderElection16] INFO  impl.LeaderElection (LeaderElection.java:askForVotes(321)) - 6291adf5-9e71-4549-84cb-13318527388a@group-0BEF4CA69999-LeaderElection16 PRE_VOTE round 0: submit vote requests at term 0 for -1: peers:[2f83d896-2cfa-4348-ab65-ff7be0e3606c|10.1.0.6:15113, 6291adf5-9e71-4549-84cb-13318527388a|10.1.0.6:15095, 8e247bdf-a19d-4cdc-89de-9f1c8249c15f|10.1.0.6:15104]|listeners:[], old=null
2024-01-17 07:57:19,891 [grpc-default-executor-4] INFO  impl.RoleInfo (RoleInfo.java:shutdownFollowerState(110)) - 6291adf5-9e71-4549-84cb-13318527388a: shutdown 6291adf5-9e71-4549-84cb-13318527388a@group-DC3439CAE577-FollowerState
2024-01-17 07:57:19,904 [grpc-default-executor-4] INFO  impl.RoleInfo (RoleInfo.java:updateAndGet(139)) - 6291adf5-9e71-4549-84cb-13318527388a: start 6291adf5-9e71-4549-84cb-13318527388a@group-DC3439CAE577-FollowerState
2024-01-17 07:57:19,905 [6291adf5-9e71-4549-84cb-13318527388a@group-DC3439CAE577-FollowerState] INFO  impl.FollowerState (FollowerState.java:run(152)) - 6291adf5-9e71-4549-84cb-13318527388a@group-DC3439CAE577-FollowerState was interrupted
2024-01-17 07:57:19,892 [grpc-default-executor-7] INFO  server.RaftServer$Division (RaftServerImpl.java:requestVote(1422)) - 497ccbea-d6cf-4731-95da-fa3df448bf79@group-B3D596291F39 replies to ELECTION vote request: eb5c9b0d-19e6-4136-9089-8a3b0879ad33<-497ccbea-d6cf-4731-95da-fa3df448bf79#0:OK-t1. Peer's state: 497ccbea-d6cf-4731-95da-fa3df448bf79@group-B3D596291F39:t1, leader=null, voted=eb5c9b0d-19e6-4136-9089-8a3b0879ad33, raftlog=Memoized:497ccbea-d6cf-4731-95da-fa3df448bf79@group-B3D596291F39-SegmentedRaftLog:OPENED:c-1, conf=-1: peers:[eb5c9b0d-19e6-4136-9089-8a3b0879ad33|10.1.0.6:15068, 497ccbea-d6cf-4731-95da-fa3df448bf79|10.1.0.6:15086, bdef3149-2cc3-439b-89a6-09b93146a606|10.1.0.6:15077]|listeners:[], old=null
2024-01-17 07:57:19,913 [grpc-default-executor-4] INFO  server.RaftServer$Division (RaftServerImpl.java:requestVote(1422)) - 6291adf5-9e71-4549-84cb-13318527388a@group-DC3439CAE577 replies to ELECTION vote request: 2f83d896-2cfa-4348-ab65-ff7be0e3606c<-6291adf5-9e71-4549-84cb-13318527388a#0:OK-t1. Peer's state: 6291adf5-9e71-4549-84cb-13318527388a@group-DC3439CAE577:t1, leader=null, voted=2f83d896-2cfa-4348-ab65-ff7be0e3606c, raftlog=Memoized:6291adf5-9e71-4549-84cb-13318527388a@group-DC3439CAE577-SegmentedRaftLog:OPENED:c-1, conf=-1: peers:[2f83d896-2cfa-4348-ab65-ff7be0e3606c|10.1.0.6:15113, 6291adf5-9e71-4549-84cb-13318527388a|10.1.0.6:15095, 8e247bdf-a19d-4cdc-89de-9f1c8249c15f|10.1.0.6:15104]|listeners:[], old=null
2024-01-17 07:57:19,913 [eb5c9b0d-19e6-4136-9089-8a3b0879ad33@group-B3D596291F39-LeaderElection15] INFO  server.RaftServer$Division (ServerState.java:setRaftConf(386)) - eb5c9b0d-19e6-4136-9089-8a3b0879ad33@group-B3D596291F39: set configuration 0: peers:[eb5c9b0d-19e6-4136-9089-8a3b0879ad33|10.1.0.6:15068, 497ccbea-d6cf-4731-95da-fa3df448bf79|10.1.0.6:15086, bdef3149-2cc3-439b-89a6-09b93146a606|10.1.0.6:15077]|listeners:[], old=null
2024-01-17 07:57:19,895 [grpc-default-executor-5] INFO  server.RaftServer$Division (RaftServerImpl.java:requestVote(1389)) - 8e247bdf-a19d-4cdc-89de-9f1c8249c15f@group-DC3439CAE577: receive requestVote(ELECTION, 2f83d896-2cfa-4348-ab65-ff7be0e3606c, group-DC3439CAE577, 1, (t:0, i:0))
2024-01-17 07:57:19,917 [grpc-default-executor-5] INFO  impl.VoteContext (VoteContext.java:log(49)) - 8e247bdf-a19d-4cdc-89de-9f1c8249c15f@group-DC3439CAE577-FOLLOWER: accept ELECTION from 2f83d896-2cfa-4348-ab65-ff7be0e3606c: our priority 0 <= candidate's priority 1
2024-01-17 07:57:19,917 [grpc-default-executor-5] INFO  server.RaftServer$Division (RaftServerImpl.java:setRole(383)) - 8e247bdf-a19d-4cdc-89de-9f1c8249c15f@group-DC3439CAE577: changes role from  FOLLOWER to FOLLOWER at term 1 for candidate:2f83d896-2cfa-4348-ab65-ff7be0e3606c
2024-01-17 07:57:19,917 [grpc-default-executor-5] INFO  impl.RoleInfo (RoleInfo.java:shutdownFollowerState(110)) - 8e247bdf-a19d-4cdc-89de-9f1c8249c15f: shutdown 8e247bdf-a19d-4cdc-89de-9f1c8249c15f@group-DC3439CAE577-FollowerState
2024-01-17 07:57:19,917 [grpc-default-executor-5] INFO  impl.RoleInfo (RoleInfo.java:updateAndGet(139)) - 8e247bdf-a19d-4cdc-89de-9f1c8249c15f: start 8e247bdf-a19d-4cdc-89de-9f1c8249c15f@group-DC3439CAE577-FollowerState
2024-01-17 07:57:19,917 [grpc-default-executor-7] INFO  server.RaftServer$Division (RaftServerImpl.java:requestVote(1389)) - 2f83d896-2cfa-4348-ab65-ff7be0e3606c@group-0BEF4CA69999: receive requestVote(PRE_VOTE, 6291adf5-9e71-4549-84cb-13318527388a, group-0BEF4CA69999, 0, (t:0, i:0))
2024-01-17 07:57:19,918 [grpc-default-executor-7] INFO  impl.VoteContext (VoteContext.java:log(49)) - 2f83d896-2cfa-4348-ab65-ff7be0e3606c@group-0BEF4CA69999-FOLLOWER: accept PRE_VOTE from 6291adf5-9e71-4549-84cb-13318527388a: our priority 0 <= candidate's priority 1
2024-01-17 07:57:19,918 [grpc-default-executor-7] INFO  server.RaftServer$Division (RaftServerImpl.java:requestVote(1422)) - 2f83d896-2cfa-4348-ab65-ff7be0e3606c@group-0BEF4CA69999 replies to PRE_VOTE vote request: 6291adf5-9e71-4549-84cb-13318527388a<-2f83d896-2cfa-4348-ab65-ff7be0e3606c#0:OK-t0. Peer's state: 2f83d896-2cfa-4348-ab65-ff7be0e3606c@group-0BEF4CA69999:t0, leader=null, voted=, raftlog=Memoized:2f83d896-2cfa-4348-ab65-ff7be0e3606c@group-0BEF4CA69999-SegmentedRaftLog:OPENED:c-1, conf=-1: peers:[2f83d896-2cfa-4348-ab65-ff7be0e3606c|10.1.0.6:15113, 6291adf5-9e71-4549-84cb-13318527388a|10.1.0.6:15095, 8e247bdf-a19d-4cdc-89de-9f1c8249c15f|10.1.0.6:15104]|listeners:[], old=null
2024-01-17 07:57:19,916 [grpc-default-executor-4] INFO  server.RaftServer$Division (RaftServerImpl.java:requestVote(1389)) - 8e247bdf-a19d-4cdc-89de-9f1c8249c15f@group-0BEF4CA69999: receive requestVote(PRE_VOTE, 6291adf5-9e71-4549-84cb-13318527388a, group-0BEF4CA69999, 0, (t:0, i:0))
2024-01-17 07:57:19,919 [grpc-default-executor-4] INFO  impl.VoteContext (VoteContext.java:log(49)) - 8e247bdf-a19d-4cdc-89de-9f1c8249c15f@group-0BEF4CA69999-FOLLOWER: accept PRE_VOTE from 6291adf5-9e71-4549-84cb-13318527388a: our priority 0 <= candidate's priority 1
2024-01-17 07:57:19,916 [2f83d896-2cfa-4348-ab65-ff7be0e3606c@group-DC3439CAE577-LeaderElection14] INFO  impl.LeaderElection (LeaderElection.java:logAndReturn(89)) - 2f83d896-2cfa-4348-ab65-ff7be0e3606c@group-DC3439CAE577-LeaderElection14: ELECTION PASSED received 1 response(s) and 0 exception(s):
2024-01-17 07:57:19,919 [grpc-default-executor-4] INFO  server.RaftServer$Division (RaftServerImpl.java:requestVote(1422)) - 8e247bdf-a19d-4cdc-89de-9f1c8249c15f@group-0BEF4CA69999 replies to PRE_VOTE vote request: 6291adf5-9e71-4549-84cb-13318527388a<-8e247bdf-a19d-4cdc-89de-9f1c8249c15f#0:OK-t0. Peer's state: 8e247bdf-a19d-4cdc-89de-9f1c8249c15f@group-0BEF4CA69999:t0, leader=null, voted=, raftlog=Memoized:8e247bdf-a19d-4cdc-89de-9f1c8249c15f@group-0BEF4CA69999-SegmentedRaftLog:OPENED:c-1, conf=-1: peers:[2f83d896-2cfa-4348-ab65-ff7be0e3606c|10.1.0.6:15113, 6291adf5-9e71-4549-84cb-13318527388a|10.1.0.6:15095, 8e247bdf-a19d-4cdc-89de-9f1c8249c15f|10.1.0.6:15104]|listeners:[], old=null
2024-01-17 07:57:19,919 [2f83d896-2cfa-4348-ab65-ff7be0e3606c@group-DC3439CAE577-LeaderElection14] INFO  impl.LeaderElection (LeaderElection.java:logAndReturn(93)) -   Response 0: 2f83d896-2cfa-4348-ab65-ff7be0e3606c<-6291adf5-9e71-4549-84cb-13318527388a#0:OK-t1
2024-01-17 07:57:19,915 [6291adf5-9e71-4549-84cb-13318527388a@group-0BEF4CA69999-LeaderElection16] INFO  server.RaftServerConfigKeys (ConfUtils.java:logFallback(53)) - raft.server.rpc.first-election.timeout.min = 5s (fallback to raft.server.rpc.timeout.min)
2024-01-17 07:57:19,919 [6291adf5-9e71-4549-84cb-13318527388a@group-0BEF4CA69999-LeaderElection16] INFO  server.RaftServerConfigKeys (ConfUtils.java:logFallback(53)) - raft.server.rpc.first-election.timeout.max = 5200ms (fallback to raft.server.rpc.timeout.max)
2024-01-17 07:57:19,919 [eb5c9b0d-19e6-4136-9089-8a3b0879ad33@group-B3D596291F39-SegmentedRaftLogWorker] INFO  segmented.SegmentedRaftLogWorker (SegmentedRaftLogWorker.java:execute(634)) - eb5c9b0d-19e6-4136-9089-8a3b0879ad33@group-B3D596291F39-SegmentedRaftLogWorker: created new log segment /home/runner/work/ozone/ozone/hadoop-ozone/integration-test/target/test-dir/MiniOzoneClusterImpl-df80a8b8-78a2-47d1-a2cb-ee48e7cc81f7/datanode-6/data/ratis/7bf5b471-0bd1-4859-9a6c-b3d596291f39/current/log_inprogress_0
2024-01-17 07:57:19,917 [8e247bdf-a19d-4cdc-89de-9f1c8249c15f@group-DC3439CAE577-FollowerState] INFO  impl.FollowerState (FollowerState.java:run(152)) - 8e247bdf-a19d-4cdc-89de-9f1c8249c15f@group-DC3439CAE577-FollowerState was interrupted
2024-01-17 07:57:19,922 [grpc-default-executor-5] INFO  server.RaftServer$Division (RaftServerImpl.java:setFirstElection(574)) - 8e247bdf-a19d-4cdc-89de-9f1c8249c15f@group-DC3439CAE577: set firstElectionSinceStartup to false for candidate:2f83d896-2cfa-4348-ab65-ff7be0e3606c
2024-01-17 07:57:19,923 [2f83d896-2cfa-4348-ab65-ff7be0e3606c@group-DC3439CAE577-LeaderElection14] INFO  impl.LeaderElection (LeaderElection.java:askForVotes(323)) - 2f83d896-2cfa-4348-ab65-ff7be0e3606c@group-DC3439CAE577-LeaderElection14 ELECTION round 0: result PASSED
2024-01-17 07:57:19,923 [2f83d896-2cfa-4348-ab65-ff7be0e3606c@group-DC3439CAE577-LeaderElection14] INFO  impl.RoleInfo (RoleInfo.java:shutdownLeaderElection(130)) - 2f83d896-2cfa-4348-ab65-ff7be0e3606c: shutdown 2f83d896-2cfa-4348-ab65-ff7be0e3606c@group-DC3439CAE577-LeaderElection14
2024-01-17 07:57:19,923 [2f83d896-2cfa-4348-ab65-ff7be0e3606c@group-DC3439CAE577-LeaderElection14] INFO  server.RaftServer$Division (RaftServerImpl.java:setRole(383)) - 2f83d896-2cfa-4348-ab65-ff7be0e3606c@group-DC3439CAE577: changes role from CANDIDATE to LEADER at term 1 for changeToLeader
2024-01-17 07:57:19,923 [2f83d896-2cfa-4348-ab65-ff7be0e3606c@group-DC3439CAE577-LeaderElection14] INFO  server.RaftServerConfigKeys (ConfUtils.java:logGet(46)) - raft.server.staging.catchup.gap = 1000 (default)
2024-01-17 07:57:19,923 [2f83d896-2cfa-4348-ab65-ff7be0e3606c@group-DC3439CAE577-LeaderElection14] INFO  server.RaftServerConfigKeys (ConfUtils.java:logGet(46)) - raft.server.write.element-limit = 1024 (custom)
2024-01-17 07:57:19,923 [2f83d896-2cfa-4348-ab65-ff7be0e3606c@group-DC3439CAE577-LeaderElection14] INFO  server.RaftServerConfigKeys (ConfUtils.java:logGet(46)) - raft.server.write.byte-limit = 1024 M (=1073741824) (custom)
2024-01-17 07:57:19,923 [6291adf5-9e71-4549-84cb-13318527388a@group-0BEF4CA69999-LeaderElection16] INFO  impl.LeaderElection (LeaderElection.java:logAndReturn(89)) - 6291adf5-9e71-4549-84cb-13318527388a@group-0BEF4CA69999-LeaderElection16: PRE_VOTE PASSED received 1 response(s) and 0 exception(s):
2024-01-17 07:57:19,924 [6291adf5-9e71-4549-84cb-13318527388a@group-0BEF4CA69999-LeaderElection16] INFO  impl.LeaderElection (LeaderElection.java:logAndReturn(93)) -   Response 0: 6291adf5-9e71-4549-84cb-13318527388a<-2f83d896-2cfa-4348-ab65-ff7be0e3606c#0:OK-t0
2024-01-17 07:57:19,924 [6291adf5-9e71-4549-84cb-13318527388a@group-0BEF4CA69999-LeaderElection16] INFO  impl.LeaderElection (LeaderElection.java:askForVotes(323)) - 6291adf5-9e71-4549-84cb-13318527388a@group-0BEF4CA69999-LeaderElection16 PRE_VOTE round 0: result PASSED
2024-01-17 07:57:19,924 [grpc-default-executor-5] INFO  server.RaftServer$Division (RaftServerImpl.java:requestVote(1422)) - 8e247bdf-a19d-4cdc-89de-9f1c8249c15f@group-DC3439CAE577 replies to ELECTION vote request: 2f83d896-2cfa-4348-ab65-ff7be0e3606c<-8e247bdf-a19d-4cdc-89de-9f1c8249c15f#0:OK-t1. Peer's state: 8e247bdf-a19d-4cdc-89de-9f1c8249c15f@group-DC3439CAE577:t1, leader=null, voted=2f83d896-2cfa-4348-ab65-ff7be0e3606c, raftlog=Memoized:8e247bdf-a19d-4cdc-89de-9f1c8249c15f@group-DC3439CAE577-SegmentedRaftLog:OPENED:c-1, conf=-1: peers:[2f83d896-2cfa-4348-ab65-ff7be0e3606c|10.1.0.6:15113, 6291adf5-9e71-4549-84cb-13318527388a|10.1.0.6:15095, 8e247bdf-a19d-4cdc-89de-9f1c8249c15f|10.1.0.6:15104]|listeners:[], old=null
2024-01-17 07:57:19,925 [2f83d896-2cfa-4348-ab65-ff7be0e3606c@group-DC3439CAE577-LeaderElection14] INFO  server.RaftServerConfigKeys (ConfUtils.java:logGet(46)) - raft.server.watch.timeout = 180s (custom)
2024-01-17 07:57:19,925 [2f83d896-2cfa-4348-ab65-ff7be0e3606c@group-DC3439CAE577-LeaderElection14] INFO  server.RaftServerConfigKeys (ConfUtils.java:logGet(46)) - raft.server.watch.timeout.denomination = 1s (default)
2024-01-17 07:57:19,925 [2f83d896-2cfa-4348-ab65-ff7be0e3606c@group-DC3439CAE577-LeaderElection14] INFO  server.RaftServerConfigKeys (ConfUtils.java:logGet(46)) - raft.server.watch.element-limit = 65536 (default)
2024-01-17 07:57:19,925 [2f83d896-2cfa-4348-ab65-ff7be0e3606c@group-DC3439CAE577-LeaderElection14] INFO  server.RaftServerConfigKeys (ConfUtils.java:logGet(46)) - raft.server.read.leader.lease.enabled = false (default)
2024-01-17 07:57:19,925 [2f83d896-2cfa-4348-ab65-ff7be0e3606c@group-DC3439CAE577-LeaderElection14] INFO  server.RaftServerConfigKeys (ConfUtils.java:logGet(46)) - raft.server.read.leader.lease.timeout.ratio = 0.9 (default)
2024-01-17 07:57:19,925 [2f83d896-2cfa-4348-ab65-ff7be0e3606c@group-DC3439CAE577-LeaderElection14] INFO  server.RaftServerConfigKeys (ConfUtils.java:logGet(46)) - raft.server.rpc.timeout.min = 5s (custom)
2024-01-17 07:57:19,926 [2f83d896-2cfa-4348-ab65-ff7be0e3606c@group-DC3439CAE577-LeaderElection14] INFO  server.RaftServerConfigKeys (ConfUtils.java:logGet(46)) - raft.server.write.element-limit = 1024 (custom)
2024-01-17 07:57:19,926 [2f83d896-2cfa-4348-ab65-ff7be0e3606c@group-DC3439CAE577-LeaderElection14] INFO  server.RaftServerConfigKeys (ConfUtils.java:logGet(46)) - raft.server.write.follower.gap.ratio.max = -1.0 (default)
2024-01-17 07:57:19,927 [6291adf5-9e71-4549-84cb-13318527388a@group-0BEF4CA69999-LeaderElection16] INFO  impl.LeaderElection (LeaderElection.java:askForVotes(321)) - 6291adf5-9e71-4549-84cb-13318527388a@group-0BEF4CA69999-LeaderElection16 ELECTION round 0: submit vote requests at term 1 for -1: peers:[2f83d896-2cfa-4348-ab65-ff7be0e3606c|10.1.0.6:15113, 6291adf5-9e71-4549-84cb-13318527388a|10.1.0.6:15095, 8e247bdf-a19d-4cdc-89de-9f1c8249c15f|10.1.0.6:15104]|listeners:[], old=null
2024-01-17 07:57:19,927 [2f83d896-2cfa-4348-ab65-ff7be0e3606c@group-DC3439CAE577-LeaderElection14] INFO  server.RaftServerConfigKeys (ConfUtils.java:logGet(46)) - raft.server.log.appender.snapshot.chunk.size.max = 16MB (=16777216) (default)
2024-01-17 07:57:19,927 [2f83d896-2cfa-4348-ab65-ff7be0e3606c@group-DC3439CAE577-LeaderElection14] INFO  server.RaftServerConfigKeys (ConfUtils.java:logGet(46)) - raft.server.log.appender.buffer.byte-limit = 8388608 (custom)
2024-01-17 07:57:19,928 [2f83d896-2cfa-4348-ab65-ff7be0e3606c@group-DC3439CAE577-LeaderElection14] INFO  server.RaftServerConfigKeys (ConfUtils.java:logGet(46)) - raft.server.log.appender.buffer.element-limit = 1 (custom)
2024-01-17 07:57:19,929 [2f83d896-2cfa-4348-ab65-ff7be0e3606c@group-DC3439CAE577-LeaderElection14] INFO  server.RaftServerConfigKeys (ConfUtils.java:logGet(46)) - raft.server.log.appender.wait-time.min = 0μs (custom)
2024-01-17 07:57:19,929 [2f83d896-2cfa-4348-ab65-ff7be0e3606c@group-DC3439CAE577-LeaderElection14] INFO  grpc.GrpcConfigKeys (ConfUtils.java:logGet(46)) - raft.grpc.server.leader.outstanding.appends.max = 8 (default)
2024-01-17 07:57:19,929 [2f83d896-2cfa-4348-ab65-ff7be0e3606c@group-DC3439CAE577-LeaderElection14] INFO  server.RaftServerConfigKeys (ConfUtils.java:logGet(46)) - raft.server.rpc.request.timeout = 60s (custom)
2024-01-17 07:57:19,929 [2f83d896-2cfa-4348-ab65-ff7be0e3606c@group-DC3439CAE577-LeaderElection14] INFO  grpc.GrpcConfigKeys (ConfUtils.java:logGet(46)) - raft.grpc.server.install_snapshot.request.element-limit = 8 (default)
2024-01-17 07:57:19,929 [2f83d896-2cfa-4348-ab65-ff7be0e3606c@group-DC3439CAE577-LeaderElection14] INFO  grpc.GrpcConfigKeys (ConfUtils.java:logGet(46)) - raft.grpc.server.install_snapshot.request.timeout = 3000ms (default)
2024-01-17 07:57:19,930 [2f83d896-2cfa-4348-ab65-ff7be0e3606c@group-DC3439CAE577-LeaderElection14] INFO  grpc.GrpcConfigKeys (ConfUtils.java:logGet(46)) - raft.grpc.server.log-message.batch.duration = 5s (default)
2024-01-17 07:57:19,930 [2f83d896-2cfa-4348-ab65-ff7be0e3606c@group-DC3439CAE577-LeaderElection14] INFO  server.RaftServerConfigKeys (ConfUtils.java:logGet(46)) - raft.server.log.appender.install.snapshot.enabled = false (custom)
2024-01-17 07:57:19,930 [2f83d896-2cfa-4348-ab65-ff7be0e3606c@group-DC3439CAE577-LeaderElection14] INFO  grpc.GrpcConfigKeys (ConfUtils.java:logGet(46)) - raft.grpc.server.heartbeat.channel = true (default)
2024-01-17 07:57:19,932 [2f83d896-2cfa-4348-ab65-ff7be0e3606c@group-DC3439CAE577-LeaderElection14] INFO  server.RaftServerConfigKeys (ConfUtils.java:logGet(46)) - raft.server.log.appender.snapshot.chunk.size.max = 16MB (=16777216) (default)
2024-01-17 07:57:19,932 [2f83d896-2cfa-4348-ab65-ff7be0e3606c@group-DC3439CAE577-LeaderElection14] INFO  server.RaftServerConfigKeys (ConfUtils.java:logGet(46)) - raft.server.log.appender.buffer.byte-limit = 8388608 (custom)
2024-01-17 07:57:19,932 [2f83d896-2cfa-4348-ab65-ff7be0e3606c@group-DC3439CAE577-LeaderElection14] INFO  server.RaftServerConfigKeys (ConfUtils.java:logGet(46)) - raft.server.log.appender.buffer.element-limit = 1 (custom)
2024-01-17 07:57:19,934 [grpc-default-executor-7] INFO  server.RaftServer$Division (RaftServerImpl.java:requestVote(1389)) - 2f83d896-2cfa-4348-ab65-ff7be0e3606c@group-0BEF4CA69999: receive requestVote(ELECTION, 6291adf5-9e71-4549-84cb-13318527388a, group-0BEF4CA69999, 1, (t:0, i:0))
2024-01-17 07:57:19,934 [grpc-default-executor-7] INFO  impl.VoteContext (VoteContext.java:log(49)) - 2f83d896-2cfa-4348-ab65-ff7be0e3606c@group-0BEF4CA69999-FOLLOWER: accept ELECTION from 6291adf5-9e71-4549-84cb-13318527388a: our priority 0 <= candidate's priority 1
2024-01-17 07:57:19,934 [grpc-default-executor-7] INFO  server.RaftServer$Division (RaftServerImpl.java:setRole(383)) - 2f83d896-2cfa-4348-ab65-ff7be0e3606c@group-0BEF4CA69999: changes role from  FOLLOWER to FOLLOWER at term 1 for candidate:6291adf5-9e71-4549-84cb-13318527388a
2024-01-17 07:57:19,934 [grpc-default-executor-7] INFO  impl.RoleInfo (RoleInfo.java:shutdownFollowerState(110)) - 2f83d896-2cfa-4348-ab65-ff7be0e3606c: shutdown 2f83d896-2cfa-4348-ab65-ff7be0e3606c@group-0BEF4CA69999-FollowerState
2024-01-17 07:57:19,935 [6291adf5-9e71-4549-84cb-13318527388a@group-0BEF4CA69999-LeaderElection16] INFO  server.RaftServerConfigKeys (ConfUtils.java:logFallback(53)) - raft.server.rpc.first-election.timeout.min = 5s (fallback to raft.server.rpc.timeout.min)
2024-01-17 07:57:19,935 [2f83d896-2cfa-4348-ab65-ff7be0e3606c@group-0BEF4CA69999-FollowerState] INFO  impl.FollowerState (FollowerState.java:run(152)) - 2f83d896-2cfa-4348-ab65-ff7be0e3606c@group-0BEF4CA69999-FollowerState was interrupted
2024-01-17 07:57:19,935 [6291adf5-9e71-4549-84cb-13318527388a@group-0BEF4CA69999-LeaderElection16] INFO  server.RaftServerConfigKeys (ConfUtils.java:logFallback(53)) - raft.server.rpc.first-election.timeout.max = 5200ms (fallback to raft.server.rpc.timeout.max)
2024-01-17 07:57:19,935 [grpc-default-executor-7] INFO  impl.RoleInfo (RoleInfo.java:updateAndGet(139)) - 2f83d896-2cfa-4348-ab65-ff7be0e3606c: start 2f83d896-2cfa-4348-ab65-ff7be0e3606c@group-0BEF4CA69999-FollowerState
2024-01-17 07:57:19,936 [grpc-default-executor-5] INFO  server.RaftServer$Division (RaftServerImpl.java:requestVote(1389)) - 8e247bdf-a19d-4cdc-89de-9f1c8249c15f@group-0BEF4CA69999: receive requestVote(ELECTION, 6291adf5-9e71-4549-84cb-13318527388a, group-0BEF4CA69999, 1, (t:0, i:0))
2024-01-17 07:57:19,939 [2f83d896-2cfa-4348-ab65-ff7be0e3606c@group-DC3439CAE577-LeaderElection14] INFO  server.RaftServerConfigKeys (ConfUtils.java:logGet(46)) - raft.server.log.appender.wait-time.min = 0μs (custom)
2024-01-17 07:57:19,939 [2f83d896-2cfa-4348-ab65-ff7be0e3606c@group-DC3439CAE577-LeaderElection14] INFO  grpc.GrpcConfigKeys (ConfUtils.java:logGet(46)) - raft.grpc.server.leader.outstanding.appends.max = 8 (default)
2024-01-17 07:57:19,939 [2f83d896-2cfa-4348-ab65-ff7be0e3606c@group-DC3439CAE577-LeaderElection14] INFO  server.RaftServerConfigKeys (ConfUtils.java:logGet(46)) - raft.server.rpc.request.timeout = 60s (custom)
2024-01-17 07:57:19,939 [2f83d896-2cfa-4348-ab65-ff7be0e3606c@group-DC3439CAE577-LeaderElection14] INFO  grpc.GrpcConfigKeys (ConfUtils.java:logGet(46)) - raft.grpc.server.install_snapshot.request.element-limit = 8 (default)
2024-01-17 07:57:19,939 [2f83d896-2cfa-4348-ab65-ff7be0e3606c@group-DC3439CAE577-LeaderElection14] INFO  grpc.GrpcConfigKeys (ConfUtils.java:logGet(46)) - raft.grpc.server.install_snapshot.request.timeout = 3000ms (default)
2024-01-17 07:57:19,939 [2f83d896-2cfa-4348-ab65-ff7be0e3606c@group-DC3439CAE577-LeaderElection14] INFO  grpc.GrpcConfigKeys (ConfUtils.java:logGet(46)) - raft.grpc.server.log-message.batch.duration = 5s (default)
2024-01-17 07:57:19,939 [2f83d896-2cfa-4348-ab65-ff7be0e3606c@group-DC3439CAE577-LeaderElection14] INFO  server.RaftServerConfigKeys (ConfUtils.java:logGet(46)) - raft.server.log.appender.install.snapshot.enabled = false (custom)
2024-01-17 07:57:19,940 [2f83d896-2cfa-4348-ab65-ff7be0e3606c@group-DC3439CAE577-LeaderElection14] INFO  grpc.GrpcConfigKeys (ConfUtils.java:logGet(46)) - raft.grpc.server.heartbeat.channel = true (default)
2024-01-17 07:57:19,940 [2f83d896-2cfa-4348-ab65-ff7be0e3606c@group-DC3439CAE577-LeaderElection14] INFO  impl.RoleInfo (RoleInfo.java:updateAndGet(139)) - 2f83d896-2cfa-4348-ab65-ff7be0e3606c: start 2f83d896-2cfa-4348-ab65-ff7be0e3606c@group-DC3439CAE577-LeaderStateImpl
2024-01-17 07:57:19,940 [2f83d896-2cfa-4348-ab65-ff7be0e3606c@group-DC3439CAE577-LeaderElection14] INFO  server.RaftServer$Division (RaftServerImpl.java:setFirstElection(574)) - 2f83d896-2cfa-4348-ab65-ff7be0e3606c@group-DC3439CAE577: set firstElectionSinceStartup to false for becomeLeader
2024-01-17 07:57:19,940 [2f83d896-2cfa-4348-ab65-ff7be0e3606c@group-DC3439CAE577-LeaderElection14] INFO  ratis.XceiverServerRatis (XceiverServerRatis.java:handleLeaderChangedNotification(945)) - Leader change notification received for group: group-DC3439CAE577 with new leaderId: 2f83d896-2cfa-4348-ab65-ff7be0e3606c
2024-01-17 07:57:19,941 [bdef3149-2cc3-439b-89a6-09b93146a606-server-thread2] INFO  ratis.XceiverServerRatis (XceiverServerRatis.java:handleLeaderChangedNotification(945)) - Leader change notification received for group: group-B3D596291F39 with new leaderId: eb5c9b0d-19e6-4136-9089-8a3b0879ad33
2024-01-17 07:57:19,941 [bdef3149-2cc3-439b-89a6-09b93146a606-server-thread2] INFO  server.RaftServer$Division (ServerState.java:setLeader(269)) - bdef3149-2cc3-439b-89a6-09b93146a606@group-B3D596291F39: change Leader from null to eb5c9b0d-19e6-4136-9089-8a3b0879ad33 at term 1 for appendEntries, leader elected after 5362ms
2024-01-17 07:57:19,944 [grpc-default-executor-5] INFO  impl.VoteContext (VoteContext.java:log(49)) - 8e247bdf-a19d-4cdc-89de-9f1c8249c15f@group-0BEF4CA69999-FOLLOWER: accept ELECTION from 6291adf5-9e71-4549-84cb-13318527388a: our priority 0 <= candidate's priority 1
2024-01-17 07:57:19,944 [grpc-default-executor-5] INFO  server.RaftServer$Division (RaftServerImpl.java:setRole(383)) - 8e247bdf-a19d-4cdc-89de-9f1c8249c15f@group-0BEF4CA69999: changes role from  FOLLOWER to FOLLOWER at term 1 for candidate:6291adf5-9e71-4549-84cb-13318527388a
2024-01-17 07:57:19,944 [grpc-default-executor-5] INFO  impl.RoleInfo (RoleInfo.java:shutdownFollowerState(110)) - 8e247bdf-a19d-4cdc-89de-9f1c8249c15f: shutdown 8e247bdf-a19d-4cdc-89de-9f1c8249c15f@group-0BEF4CA69999-FollowerState
2024-01-17 07:57:19,944 [497ccbea-d6cf-4731-95da-fa3df448bf79-server-thread1] INFO  ratis.XceiverServerRatis (XceiverServerRatis.java:handleLeaderChangedNotification(945)) - Leader change notification received for group: group-B3D596291F39 with new leaderId: eb5c9b0d-19e6-4136-9089-8a3b0879ad33
2024-01-17 07:57:19,944 [497ccbea-d6cf-4731-95da-fa3df448bf79-server-thread1] INFO  server.RaftServer$Division (ServerState.java:setLeader(269)) - 497ccbea-d6cf-4731-95da-fa3df448bf79@group-B3D596291F39: change Leader from null to eb5c9b0d-19e6-4136-9089-8a3b0879ad33 at term 1 for appendEntries, leader elected after 5339ms
2024-01-17 07:57:19,944 [bdef3149-2cc3-439b-89a6-09b93146a606-server-thread2] INFO  server.RaftServer$Division (ServerState.java:setRaftConf(386)) - bdef3149-2cc3-439b-89a6-09b93146a606@group-B3D596291F39: set configuration 0: peers:[eb5c9b0d-19e6-4136-9089-8a3b0879ad33|10.1.0.6:15068, 497ccbea-d6cf-4731-95da-fa3df448bf79|10.1.0.6:15086, bdef3149-2cc3-439b-89a6-09b93146a606|10.1.0.6:15077]|listeners:[], old=null
2024-01-17 07:57:19,945 [bdef3149-2cc3-439b-89a6-09b93146a606-server-thread2] INFO  segmented.SegmentedRaftLogWorker (SegmentedRaftLogWorker.java:startLogSegment(430)) - bdef3149-2cc3-439b-89a6-09b93146a606@group-B3D596291F39-SegmentedRaftLogWorker: Starting segment from index:0
2024-01-17 07:57:19,950 [grpc-default-executor-7] INFO  server.RaftServer$Division (RaftServerImpl.java:setFirstElection(574)) - 2f83d896-2cfa-4348-ab65-ff7be0e3606c@group-0BEF4CA69999: set firstElectionSinceStartup to false for candidate:6291adf5-9e71-4549-84cb-13318527388a
2024-01-17 07:57:19,951 [grpc-default-executor-5] INFO  impl.RoleInfo (RoleInfo.java:updateAndGet(139)) - 8e247bdf-a19d-4cdc-89de-9f1c8249c15f: start 8e247bdf-a19d-4cdc-89de-9f1c8249c15f@group-0BEF4CA69999-FollowerState
2024-01-17 07:57:19,951 [8e247bdf-a19d-4cdc-89de-9f1c8249c15f@group-0BEF4CA69999-FollowerState] INFO  impl.FollowerState (FollowerState.java:run(152)) - 8e247bdf-a19d-4cdc-89de-9f1c8249c15f@group-0BEF4CA69999-FollowerState was interrupted
2024-01-17 07:57:19,952 [bdef3149-2cc3-439b-89a6-09b93146a606@group-B3D596291F39-SegmentedRaftLogWorker] INFO  segmented.BufferedWriteChannel (BufferedWriteChannel.java:open(62)) - open log_inprogress_0 at position 0
2024-01-17 07:57:19,952 [grpc-default-executor-5] INFO  server.RaftServer$Division (RaftServerImpl.java:setFirstElection(574)) - 8e247bdf-a19d-4cdc-89de-9f1c8249c15f@group-0BEF4CA69999: set firstElectionSinceStartup to false for candidate:6291adf5-9e71-4549-84cb-13318527388a
2024-01-17 07:57:19,956 [2f83d896-2cfa-4348-ab65-ff7be0e3606c@group-DC3439CAE577-LeaderElection14] INFO  server.RaftServer$Division (ServerState.java:setLeader(269)) - 2f83d896-2cfa-4348-ab65-ff7be0e3606c@group-DC3439CAE577: change Leader from null to 2f83d896-2cfa-4348-ab65-ff7be0e3606c at term 1 for becomeLeader, leader elected after 5349ms
2024-01-17 07:57:19,956 [2f83d896-2cfa-4348-ab65-ff7be0e3606c@group-DC3439CAE577-LeaderElection14] INFO  segmented.SegmentedRaftLogWorker (SegmentedRaftLogWorker.java:startLogSegment(430)) - 2f83d896-2cfa-4348-ab65-ff7be0e3606c@group-DC3439CAE577-SegmentedRaftLogWorker: Starting segment from index:0
2024-01-17 07:57:19,957 [2f83d896-2cfa-4348-ab65-ff7be0e3606c@group-DC3439CAE577-SegmentedRaftLogWorker] INFO  segmented.BufferedWriteChannel (BufferedWriteChannel.java:open(62)) - open log_inprogress_0 at position 0
2024-01-17 07:57:19,957 [grpc-default-executor-5] INFO  server.RaftServer$Division (RaftServerImpl.java:requestVote(1422)) - 8e247bdf-a19d-4cdc-89de-9f1c8249c15f@group-0BEF4CA69999 replies to ELECTION vote request: 6291adf5-9e71-4549-84cb-13318527388a<-8e247bdf-a19d-4cdc-89de-9f1c8249c15f#0:OK-t1. Peer's state: 8e247bdf-a19d-4cdc-89de-9f1c8249c15f@group-0BEF4CA69999:t1, leader=null, voted=6291adf5-9e71-4549-84cb-13318527388a, raftlog=Memoized:8e247bdf-a19d-4cdc-89de-9f1c8249c15f@group-0BEF4CA69999-SegmentedRaftLog:OPENED:c-1, conf=-1: peers:[2f83d896-2cfa-4348-ab65-ff7be0e3606c|10.1.0.6:15113, 6291adf5-9e71-4549-84cb-13318527388a|10.1.0.6:15095, 8e247bdf-a19d-4cdc-89de-9f1c8249c15f|10.1.0.6:15104]|listeners:[], old=null
2024-01-17 07:57:19,958 [6291adf5-9e71-4549-84cb-13318527388a@group-0BEF4CA69999-LeaderElection16] INFO  impl.LeaderElection (LeaderElection.java:logAndReturn(89)) - 6291adf5-9e71-4549-84cb-13318527388a@group-0BEF4CA69999-LeaderElection16: ELECTION PASSED received 1 response(s) and 0 exception(s):
2024-01-17 07:57:19,958 [6291adf5-9e71-4549-84cb-13318527388a@group-0BEF4CA69999-LeaderElection16] INFO  impl.LeaderElection (LeaderElection.java:logAndReturn(93)) -   Response 0: 6291adf5-9e71-4549-84cb-13318527388a<-8e247bdf-a19d-4cdc-89de-9f1c8249c15f#0:OK-t1
2024-01-17 07:57:19,958 [6291adf5-9e71-4549-84cb-13318527388a@group-0BEF4CA69999-LeaderElection16] INFO  impl.LeaderElection (LeaderElection.java:askForVotes(323)) - 6291adf5-9e71-4549-84cb-13318527388a@group-0BEF4CA69999-LeaderElection16 ELECTION round 0: result PASSED
2024-01-17 07:57:19,958 [6291adf5-9e71-4549-84cb-13318527388a@group-0BEF4CA69999-LeaderElection16] INFO  impl.RoleInfo (RoleInfo.java:shutdownLeaderElection(130)) - 6291adf5-9e71-4549-84cb-13318527388a: shutdown 6291adf5-9e71-4549-84cb-13318527388a@group-0BEF4CA69999-LeaderElection16
2024-01-17 07:57:19,964 [497ccbea-d6cf-4731-95da-fa3df448bf79-server-thread2] INFO  server.RaftServer$Division (ServerState.java:setRaftConf(386)) - 497ccbea-d6cf-4731-95da-fa3df448bf79@group-B3D596291F39: set configuration 0: peers:[eb5c9b0d-19e6-4136-9089-8a3b0879ad33|10.1.0.6:15068, 497ccbea-d6cf-4731-95da-fa3df448bf79|10.1.0.6:15086, bdef3149-2cc3-439b-89a6-09b93146a606|10.1.0.6:15077]|listeners:[], old=null
2024-01-17 07:57:19,964 [497ccbea-d6cf-4731-95da-fa3df448bf79-server-thread2] INFO  segmented.SegmentedRaftLogWorker (SegmentedRaftLogWorker.java:startLogSegment(430)) - 497ccbea-d6cf-4731-95da-fa3df448bf79@group-B3D596291F39-SegmentedRaftLogWorker: Starting segment from index:0
2024-01-17 07:57:19,964 [497ccbea-d6cf-4731-95da-fa3df448bf79@group-B3D596291F39-SegmentedRaftLogWorker] INFO  segmented.BufferedWriteChannel (BufferedWriteChannel.java:open(62)) - open log_inprogress_0 at position 0
2024-01-17 07:57:19,965 [grpc-default-executor-7] INFO  server.RaftServer$Division (RaftServerImpl.java:requestVote(1422)) - 2f83d896-2cfa-4348-ab65-ff7be0e3606c@group-0BEF4CA69999 replies to ELECTION vote request: 6291adf5-9e71-4549-84cb-13318527388a<-2f83d896-2cfa-4348-ab65-ff7be0e3606c#0:OK-t1. Peer's state: 2f83d896-2cfa-4348-ab65-ff7be0e3606c@group-0BEF4CA69999:t1, leader=null, voted=6291adf5-9e71-4549-84cb-13318527388a, raftlog=Memoized:2f83d896-2cfa-4348-ab65-ff7be0e3606c@group-0BEF4CA69999-SegmentedRaftLog:OPENED:c-1, conf=-1: peers:[2f83d896-2cfa-4348-ab65-ff7be0e3606c|10.1.0.6:15113, 6291adf5-9e71-4549-84cb-13318527388a|10.1.0.6:15095, 8e247bdf-a19d-4cdc-89de-9f1c8249c15f|10.1.0.6:15104]|listeners:[], old=null
2024-01-17 07:57:19,965 [2f83d896-2cfa-4348-ab65-ff7be0e3606c@group-DC3439CAE577-LeaderElection14] INFO  server.RaftServer$Division (ServerState.java:setRaftConf(386)) - 2f83d896-2cfa-4348-ab65-ff7be0e3606c@group-DC3439CAE577: set configuration 0: peers:[2f83d896-2cfa-4348-ab65-ff7be0e3606c|10.1.0.6:15113, 6291adf5-9e71-4549-84cb-13318527388a|10.1.0.6:15095, 8e247bdf-a19d-4cdc-89de-9f1c8249c15f|10.1.0.6:15104]|listeners:[], old=null
2024-01-17 07:57:19,969 [6291adf5-9e71-4549-84cb-13318527388a@group-0BEF4CA69999-LeaderElection16] INFO  server.RaftServer$Division (RaftServerImpl.java:setRole(383)) - 6291adf5-9e71-4549-84cb-13318527388a@group-0BEF4CA69999: changes role from CANDIDATE to LEADER at term 1 for changeToLeader
2024-01-17 07:57:19,969 [6291adf5-9e71-4549-84cb-13318527388a@group-0BEF4CA69999-LeaderElection16] INFO  server.RaftServerConfigKeys (ConfUtils.java:logGet(46)) - raft.server.staging.catchup.gap = 1000 (default)
2024-01-17 07:57:19,969 [6291adf5-9e71-4549-84cb-13318527388a@group-0BEF4CA69999-LeaderElection16] INFO  server.RaftServerConfigKeys (ConfUtils.java:logGet(46)) - raft.server.write.element-limit = 1024 (custom)
2024-01-17 07:57:19,969 [6291adf5-9e71-4549-84cb-13318527388a@group-0BEF4CA69999-LeaderElection16] INFO  server.RaftServerConfigKeys (ConfUtils.java:logGet(46)) - raft.server.write.byte-limit = 1024 M (=1073741824) (custom)
2024-01-17 07:57:19,970 [6291adf5-9e71-4549-84cb-13318527388a@group-0BEF4CA69999-LeaderElection16] INFO  server.RaftServerConfigKeys (ConfUtils.java:logGet(46)) - raft.server.watch.timeout = 180s (custom)
2024-01-17 07:57:19,970 [6291adf5-9e71-4549-84cb-13318527388a@group-0BEF4CA69999-LeaderElection16] INFO  server.RaftServerConfigKeys (ConfUtils.java:logGet(46)) - raft.server.watch.timeout.denomination = 1s (default)
2024-01-17 07:57:19,970 [6291adf5-9e71-4549-84cb-13318527388a@group-0BEF4CA69999-LeaderElection16] INFO  server.RaftServerConfigKeys (ConfUtils.java:logGet(46)) - raft.server.watch.element-limit = 65536 (default)
2024-01-17 07:57:19,970 [6291adf5-9e71-4549-84cb-13318527388a@group-0BEF4CA69999-LeaderElection16] INFO  server.RaftServerConfigKeys (ConfUtils.java:logGet(46)) - raft.server.read.leader.lease.enabled = false (default)
2024-01-17 07:57:19,970 [6291adf5-9e71-4549-84cb-13318527388a@group-0BEF4CA69999-LeaderElection16] INFO  server.RaftServerConfigKeys (ConfUtils.java:logGet(46)) - raft.server.read.leader.lease.timeout.ratio = 0.9 (default)
2024-01-17 07:57:19,970 [6291adf5-9e71-4549-84cb-13318527388a@group-0BEF4CA69999-LeaderElection16] INFO  server.RaftServerConfigKeys (ConfUtils.java:logGet(46)) - raft.server.rpc.timeout.min = 5s (custom)
2024-01-17 07:57:19,970 [6291adf5-9e71-4549-84cb-13318527388a@group-0BEF4CA69999-LeaderElection16] INFO  server.RaftServerConfigKeys (ConfUtils.java:logGet(46)) - raft.server.write.element-limit = 1024 (custom)
2024-01-17 07:57:19,970 [6291adf5-9e71-4549-84cb-13318527388a@group-0BEF4CA69999-LeaderElection16] INFO  server.RaftServerConfigKeys (ConfUtils.java:logGet(46)) - raft.server.write.follower.gap.ratio.max = -1.0 (default)
2024-01-17 07:57:19,971 [6291adf5-9e71-4549-84cb-13318527388a@group-0BEF4CA69999-LeaderElection16] INFO  server.RaftServerConfigKeys (ConfUtils.java:logGet(46)) - raft.server.log.appender.snapshot.chunk.size.max = 16MB (=16777216) (default)
2024-01-17 07:57:19,971 [6291adf5-9e71-4549-84cb-13318527388a@group-0BEF4CA69999-LeaderElection16] INFO  server.RaftServerConfigKeys (ConfUtils.java:logGet(46)) - raft.server.log.appender.buffer.byte-limit = 8388608 (custom)
2024-01-17 07:57:19,971 [6291adf5-9e71-4549-84cb-13318527388a@group-0BEF4CA69999-LeaderElection16] INFO  server.RaftServerConfigKeys (ConfUtils.java:logGet(46)) - raft.server.log.appender.buffer.element-limit = 1 (custom)
2024-01-17 07:57:19,971 [6291adf5-9e71-4549-84cb-13318527388a@group-0BEF4CA69999-LeaderElection16] INFO  server.RaftServerConfigKeys (ConfUtils.java:logGet(46)) - raft.server.log.appender.wait-time.min = 0μs (custom)
2024-01-17 07:57:19,971 [6291adf5-9e71-4549-84cb-13318527388a@group-0BEF4CA69999-LeaderElection16] INFO  grpc.GrpcConfigKeys (ConfUtils.java:logGet(46)) - raft.grpc.server.leader.outstanding.appends.max = 8 (default)
2024-01-17 07:57:19,971 [6291adf5-9e71-4549-84cb-13318527388a@group-0BEF4CA69999-LeaderElection16] INFO  server.RaftServerConfigKeys (ConfUtils.java:logGet(46)) - raft.server.rpc.request.timeout = 60s (custom)
2024-01-17 07:57:19,971 [6291adf5-9e71-4549-84cb-13318527388a@group-0BEF4CA69999-LeaderElection16] INFO  grpc.GrpcConfigKeys (ConfUtils.java:logGet(46)) - raft.grpc.server.install_snapshot.request.element-limit = 8 (default)
2024-01-17 07:57:19,971 [6291adf5-9e71-4549-84cb-13318527388a@group-0BEF4CA69999-LeaderElection16] INFO  grpc.GrpcConfigKeys (ConfUtils.java:logGet(46)) - raft.grpc.server.install_snapshot.request.timeout = 3000ms (default)
2024-01-17 07:57:19,972 [6291adf5-9e71-4549-84cb-13318527388a@group-0BEF4CA69999-LeaderElection16] INFO  grpc.GrpcConfigKeys (ConfUtils.java:logGet(46)) - raft.grpc.server.log-message.batch.duration = 5s (default)
2024-01-17 07:57:19,972 [6291adf5-9e71-4549-84cb-13318527388a@group-0BEF4CA69999-LeaderElection16] INFO  server.RaftServerConfigKeys (ConfUtils.java:logGet(46)) - raft.server.log.appender.install.snapshot.enabled = false (custom)
2024-01-17 07:57:19,972 [6291adf5-9e71-4549-84cb-13318527388a@group-0BEF4CA69999-LeaderElection16] INFO  grpc.GrpcConfigKeys (ConfUtils.java:logGet(46)) - raft.grpc.server.heartbeat.channel = true (default)
2024-01-17 07:57:19,973 [EventQueue-PipelineReportForPipelineReportHandler] INFO  pipeline.PipelineReportHandler (PipelineReportHandler.java:processPipelineReport(136)) - Opened pipeline PipelineID=e2076a16-a9f8-45ca-b73a-dc3439cae577
2024-01-17 07:57:19,974 [6291adf5-9e71-4549-84cb-13318527388a@group-0BEF4CA69999-LeaderElection16] INFO  server.RaftServerConfigKeys (ConfUtils.java:logGet(46)) - raft.server.log.appender.snapshot.chunk.size.max = 16MB (=16777216) (default)
2024-01-17 07:57:19,974 [6291adf5-9e71-4549-84cb-13318527388a@group-0BEF4CA69999-LeaderElection16] INFO  server.RaftServerConfigKeys (ConfUtils.java:logGet(46)) - raft.server.log.appender.buffer.byte-limit = 8388608 (custom)
2024-01-17 07:57:19,974 [6291adf5-9e71-4549-84cb-13318527388a@group-0BEF4CA69999-LeaderElection16] INFO  server.RaftServerConfigKeys (ConfUtils.java:logGet(46)) - raft.server.log.appender.buffer.element-limit = 1 (custom)
2024-01-17 07:57:19,974 [6291adf5-9e71-4549-84cb-13318527388a@group-0BEF4CA69999-LeaderElection16] INFO  server.RaftServerConfigKeys (ConfUtils.java:logGet(46)) - raft.server.log.appender.wait-time.min = 0μs (custom)
2024-01-17 07:57:19,974 [6291adf5-9e71-4549-84cb-13318527388a@group-0BEF4CA69999-LeaderElection16] INFO  grpc.GrpcConfigKeys (ConfUtils.java:logGet(46)) - raft.grpc.server.leader.outstanding.appends.max = 8 (default)
2024-01-17 07:57:19,974 [6291adf5-9e71-4549-84cb-13318527388a@group-0BEF4CA69999-LeaderElection16] INFO  server.RaftServerConfigKeys (ConfUtils.java:logGet(46)) - raft.server.rpc.request.timeout = 60s (custom)
2024-01-17 07:57:19,974 [6291adf5-9e71-4549-84cb-13318527388a@group-0BEF4CA69999-LeaderElection16] INFO  grpc.GrpcConfigKeys (ConfUtils.java:logGet(46)) - raft.grpc.server.install_snapshot.request.element-limit = 8 (default)
2024-01-17 07:57:19,975 [6291adf5-9e71-4549-84cb-13318527388a@group-0BEF4CA69999-LeaderElection16] INFO  grpc.GrpcConfigKeys (ConfUtils.java:logGet(46)) - raft.grpc.server.install_snapshot.request.timeout = 3000ms (default)
2024-01-17 07:57:19,975 [6291adf5-9e71-4549-84cb-13318527388a@group-0BEF4CA69999-LeaderElection16] INFO  grpc.GrpcConfigKeys (ConfUtils.java:logGet(46)) - raft.grpc.server.log-message.batch.duration = 5s (default)
2024-01-17 07:57:19,975 [6291adf5-9e71-4549-84cb-13318527388a@group-0BEF4CA69999-LeaderElection16] INFO  server.RaftServerConfigKeys (ConfUtils.java:logGet(46)) - raft.server.log.appender.install.snapshot.enabled = false (custom)
2024-01-17 07:57:19,975 [6291adf5-9e71-4549-84cb-13318527388a@group-0BEF4CA69999-LeaderElection16] INFO  grpc.GrpcConfigKeys (ConfUtils.java:logGet(46)) - raft.grpc.server.heartbeat.channel = true (default)
2024-01-17 07:57:19,976 [6291adf5-9e71-4549-84cb-13318527388a@group-0BEF4CA69999-LeaderElection16] INFO  impl.RoleInfo (RoleInfo.java:updateAndGet(139)) - 6291adf5-9e71-4549-84cb-13318527388a: start 6291adf5-9e71-4549-84cb-13318527388a@group-0BEF4CA69999-LeaderStateImpl
2024-01-17 07:57:19,976 [6291adf5-9e71-4549-84cb-13318527388a@group-0BEF4CA69999-LeaderElection16] INFO  server.RaftServer$Division (RaftServerImpl.java:setFirstElection(574)) - 6291adf5-9e71-4549-84cb-13318527388a@group-0BEF4CA69999: set firstElectionSinceStartup to false for becomeLeader
2024-01-17 07:57:19,976 [6291adf5-9e71-4549-84cb-13318527388a@group-0BEF4CA69999-LeaderElection16] INFO  ratis.XceiverServerRatis (XceiverServerRatis.java:handleLeaderChangedNotification(945)) - Leader change notification received for group: group-0BEF4CA69999 with new leaderId: 6291adf5-9e71-4549-84cb-13318527388a
2024-01-17 07:57:19,976 [6291adf5-9e71-4549-84cb-13318527388a@group-0BEF4CA69999-LeaderElection16] INFO  server.RaftServer$Division (ServerState.java:setLeader(269)) - 6291adf5-9e71-4549-84cb-13318527388a@group-0BEF4CA69999: change Leader from null to 6291adf5-9e71-4549-84cb-13318527388a at term 1 for becomeLeader, leader elected after 5156ms
2024-01-17 07:57:19,976 [6291adf5-9e71-4549-84cb-13318527388a@group-0BEF4CA69999-LeaderElection16] INFO  segmented.SegmentedRaftLogWorker (SegmentedRaftLogWorker.java:startLogSegment(430)) - 6291adf5-9e71-4549-84cb-13318527388a@group-0BEF4CA69999-SegmentedRaftLogWorker: Starting segment from index:0
2024-01-17 07:57:19,978 [bdef3149-2cc3-439b-89a6-09b93146a606@group-B3D596291F39-SegmentedRaftLogWorker] INFO  segmented.SegmentedRaftLogWorker (SegmentedRaftLogWorker.java:execute(634)) - bdef3149-2cc3-439b-89a6-09b93146a606@group-B3D596291F39-SegmentedRaftLogWorker: created new log segment /home/runner/work/ozone/ozone/hadoop-ozone/integration-test/target/test-dir/MiniOzoneClusterImpl-df80a8b8-78a2-47d1-a2cb-ee48e7cc81f7/datanode-7/data/ratis/7bf5b471-0bd1-4859-9a6c-b3d596291f39/current/log_inprogress_0
2024-01-17 07:57:19,978 [497ccbea-d6cf-4731-95da-fa3df448bf79@group-B3D596291F39-SegmentedRaftLogWorker] INFO  segmented.SegmentedRaftLogWorker (SegmentedRaftLogWorker.java:execute(634)) - 497ccbea-d6cf-4731-95da-fa3df448bf79@group-B3D596291F39-SegmentedRaftLogWorker: created new log segment /home/runner/work/ozone/ozone/hadoop-ozone/integration-test/target/test-dir/MiniOzoneClusterImpl-df80a8b8-78a2-47d1-a2cb-ee48e7cc81f7/datanode-8/data/ratis/7bf5b471-0bd1-4859-9a6c-b3d596291f39/current/log_inprogress_0
2024-01-17 07:57:19,978 [2f83d896-2cfa-4348-ab65-ff7be0e3606c@group-DC3439CAE577-SegmentedRaftLogWorker] INFO  segmented.SegmentedRaftLogWorker (SegmentedRaftLogWorker.java:execute(634)) - 2f83d896-2cfa-4348-ab65-ff7be0e3606c@group-DC3439CAE577-SegmentedRaftLogWorker: created new log segment /home/runner/work/ozone/ozone/hadoop-ozone/integration-test/target/test-dir/MiniOzoneClusterImpl-df80a8b8-78a2-47d1-a2cb-ee48e7cc81f7/datanode-11/data/ratis/e2076a16-a9f8-45ca-b73a-dc3439cae577/current/log_inprogress_0
2024-01-17 07:57:19,981 [EventQueue-PipelineReportForPipelineReportHandler] INFO  pipeline.PipelineReportHandler (PipelineReportHandler.java:processPipelineReport(136)) - Opened pipeline PipelineID=4a2e5a29-a7bd-4ea8-b9b8-0bef4ca69999
2024-01-17 07:57:19,981 [6291adf5-9e71-4549-84cb-13318527388a@group-0BEF4CA69999-SegmentedRaftLogWorker] INFO  segmented.BufferedWriteChannel (BufferedWriteChannel.java:open(62)) - open log_inprogress_0 at position 0
2024-01-17 07:57:19,981 [6291adf5-9e71-4549-84cb-13318527388a@group-0BEF4CA69999-LeaderElection16] INFO  server.RaftServer$Division (ServerState.java:setRaftConf(386)) - 6291adf5-9e71-4549-84cb-13318527388a@group-0BEF4CA69999: set configuration 0: peers:[2f83d896-2cfa-4348-ab65-ff7be0e3606c|10.1.0.6:15113, 6291adf5-9e71-4549-84cb-13318527388a|10.1.0.6:15095, 8e247bdf-a19d-4cdc-89de-9f1c8249c15f|10.1.0.6:15104]|listeners:[], old=null
2024-01-17 07:57:19,984 [6291adf5-9e71-4549-84cb-13318527388a-server-thread1] INFO  ratis.XceiverServerRatis (XceiverServerRatis.java:handleLeaderChangedNotification(945)) - Leader change notification received for group: group-DC3439CAE577 with new leaderId: 2f83d896-2cfa-4348-ab65-ff7be0e3606c
2024-01-17 07:57:19,984 [6291adf5-9e71-4549-84cb-13318527388a-server-thread1] INFO  server.RaftServer$Division (ServerState.java:setLeader(269)) - 6291adf5-9e71-4549-84cb-13318527388a@group-DC3439CAE577: change Leader from null to 2f83d896-2cfa-4348-ab65-ff7be0e3606c at term 1 for appendEntries, leader elected after 5492ms
2024-01-17 07:57:19,989 [6291adf5-9e71-4549-84cb-13318527388a-server-thread2] INFO  server.RaftServer$Division (ServerState.java:setRaftConf(386)) - 6291adf5-9e71-4549-84cb-13318527388a@group-DC3439CAE577: set configuration 0: peers:[2f83d896-2cfa-4348-ab65-ff7be0e3606c|10.1.0.6:15113, 6291adf5-9e71-4549-84cb-13318527388a|10.1.0.6:15095, 8e247bdf-a19d-4cdc-89de-9f1c8249c15f|10.1.0.6:15104]|listeners:[], old=null
2024-01-17 07:57:19,989 [6291adf5-9e71-4549-84cb-13318527388a-server-thread2] INFO  segmented.SegmentedRaftLogWorker (SegmentedRaftLogWorker.java:startLogSegment(430)) - 6291adf5-9e71-4549-84cb-13318527388a@group-DC3439CAE577-SegmentedRaftLogWorker: Starting segment from index:0
2024-01-17 07:57:19,989 [6291adf5-9e71-4549-84cb-13318527388a@group-DC3439CAE577-SegmentedRaftLogWorker] INFO  segmented.BufferedWriteChannel (BufferedWriteChannel.java:open(62)) - open log_inprogress_0 at position 0
2024-01-17 07:57:19,990 [8e247bdf-a19d-4cdc-89de-9f1c8249c15f-server-thread1] INFO  ratis.XceiverServerRatis (XceiverServerRatis.java:handleLeaderChangedNotification(945)) - Leader change notification received for group: group-DC3439CAE577 with new leaderId: 2f83d896-2cfa-4348-ab65-ff7be0e3606c
2024-01-17 07:57:19,990 [8e247bdf-a19d-4cdc-89de-9f1c8249c15f-server-thread1] INFO  server.RaftServer$Division (ServerState.java:setLeader(269)) - 8e247bdf-a19d-4cdc-89de-9f1c8249c15f@group-DC3439CAE577: change Leader from null to 2f83d896-2cfa-4348-ab65-ff7be0e3606c at term 1 for appendEntries, leader elected after 5388ms
2024-01-17 07:57:19,991 [6291adf5-9e71-4549-84cb-13318527388a@group-0BEF4CA69999-SegmentedRaftLogWorker] INFO  segmented.SegmentedRaftLogWorker (SegmentedRaftLogWorker.java:execute(634)) - 6291adf5-9e71-4549-84cb-13318527388a@group-0BEF4CA69999-SegmentedRaftLogWorker: created new log segment /home/runner/work/ozone/ozone/hadoop-ozone/integration-test/target/test-dir/MiniOzoneClusterImpl-df80a8b8-78a2-47d1-a2cb-ee48e7cc81f7/datanode-9/data/ratis/4a2e5a29-a7bd-4ea8-b9b8-0bef4ca69999/current/log_inprogress_0
2024-01-17 07:57:19,994 [8e247bdf-a19d-4cdc-89de-9f1c8249c15f-server-thread1] INFO  server.RaftServer$Division (ServerState.java:setRaftConf(386)) - 8e247bdf-a19d-4cdc-89de-9f1c8249c15f@group-DC3439CAE577: set configuration 0: peers:[2f83d896-2cfa-4348-ab65-ff7be0e3606c|10.1.0.6:15113, 6291adf5-9e71-4549-84cb-13318527388a|10.1.0.6:15095, 8e247bdf-a19d-4cdc-89de-9f1c8249c15f|10.1.0.6:15104]|listeners:[], old=null
2024-01-17 07:57:19,994 [8e247bdf-a19d-4cdc-89de-9f1c8249c15f-server-thread1] INFO  segmented.SegmentedRaftLogWorker (SegmentedRaftLogWorker.java:startLogSegment(430)) - 8e247bdf-a19d-4cdc-89de-9f1c8249c15f@group-DC3439CAE577-SegmentedRaftLogWorker: Starting segment from index:0
2024-01-17 07:57:19,994 [8e247bdf-a19d-4cdc-89de-9f1c8249c15f@group-DC3439CAE577-SegmentedRaftLogWorker] INFO  segmented.BufferedWriteChannel (BufferedWriteChannel.java:open(62)) - open log_inprogress_0 at position 0
2024-01-17 07:57:19,994 [eb5c9b0d-19e6-4136-9089-8a3b0879ad33@group-B3D596291F39-StateMachineUpdater] INFO  server.RaftServer$Division (LeaderStateImpl.java:isApplied(320)) - leader is ready since appliedIndex == 0 >= startIndex == 0
2024-01-17 07:57:20,005 [2f83d896-2cfa-4348-ab65-ff7be0e3606c-server-thread1] INFO  ratis.XceiverServerRatis (XceiverServerRatis.java:handleLeaderChangedNotification(945)) - Leader change notification received for group: group-0BEF4CA69999 with new leaderId: 6291adf5-9e71-4549-84cb-13318527388a
2024-01-17 07:57:20,005 [2f83d896-2cfa-4348-ab65-ff7be0e3606c-server-thread1] INFO  server.RaftServer$Division (ServerState.java:setLeader(269)) - 2f83d896-2cfa-4348-ab65-ff7be0e3606c@group-0BEF4CA69999: change Leader from null to 6291adf5-9e71-4549-84cb-13318527388a at term 1 for appendEntries, leader elected after 5266ms
2024-01-17 07:57:20,006 [2f83d896-2cfa-4348-ab65-ff7be0e3606c-server-thread2] INFO  server.RaftServer$Division (ServerState.java:setRaftConf(386)) - 2f83d896-2cfa-4348-ab65-ff7be0e3606c@group-0BEF4CA69999: set configuration 0: peers:[2f83d896-2cfa-4348-ab65-ff7be0e3606c|10.1.0.6:15113, 6291adf5-9e71-4549-84cb-13318527388a|10.1.0.6:15095, 8e247bdf-a19d-4cdc-89de-9f1c8249c15f|10.1.0.6:15104]|listeners:[], old=null
2024-01-17 07:57:20,006 [2f83d896-2cfa-4348-ab65-ff7be0e3606c-server-thread2] INFO  segmented.SegmentedRaftLogWorker (SegmentedRaftLogWorker.java:startLogSegment(430)) - 2f83d896-2cfa-4348-ab65-ff7be0e3606c@group-0BEF4CA69999-SegmentedRaftLogWorker: Starting segment from index:0
2024-01-17 07:57:20,006 [8e247bdf-a19d-4cdc-89de-9f1c8249c15f@group-DC3439CAE577-SegmentedRaftLogWorker] INFO  segmented.SegmentedRaftLogWorker (SegmentedRaftLogWorker.java:execute(634)) - 8e247bdf-a19d-4cdc-89de-9f1c8249c15f@group-DC3439CAE577-SegmentedRaftLogWorker: created new log segment /home/runner/work/ozone/ozone/hadoop-ozone/integration-test/target/test-dir/MiniOzoneClusterImpl-df80a8b8-78a2-47d1-a2cb-ee48e7cc81f7/datanode-10/data/ratis/e2076a16-a9f8-45ca-b73a-dc3439cae577/current/log_inprogress_0
2024-01-17 07:57:20,006 [6291adf5-9e71-4549-84cb-13318527388a@group-DC3439CAE577-SegmentedRaftLogWorker] INFO  segmented.SegmentedRaftLogWorker (SegmentedRaftLogWorker.java:execute(634)) - 6291adf5-9e71-4549-84cb-13318527388a@group-DC3439CAE577-SegmentedRaftLogWorker: created new log segment /home/runner/work/ozone/ozone/hadoop-ozone/integration-test/target/test-dir/MiniOzoneClusterImpl-df80a8b8-78a2-47d1-a2cb-ee48e7cc81f7/datanode-9/data/ratis/e2076a16-a9f8-45ca-b73a-dc3439cae577/current/log_inprogress_0
2024-01-17 07:57:20,007 [8e247bdf-a19d-4cdc-89de-9f1c8249c15f-server-thread1] INFO  ratis.XceiverServerRatis (XceiverServerRatis.java:handleLeaderChangedNotification(945)) - Leader change notification received for group: group-0BEF4CA69999 with new leaderId: 6291adf5-9e71-4549-84cb-13318527388a
2024-01-17 07:57:20,007 [8e247bdf-a19d-4cdc-89de-9f1c8249c15f-server-thread1] INFO  server.RaftServer$Division (ServerState.java:setLeader(269)) - 8e247bdf-a19d-4cdc-89de-9f1c8249c15f@group-0BEF4CA69999: change Leader from null to 6291adf5-9e71-4549-84cb-13318527388a at term 1 for appendEntries, leader elected after 5179ms
2024-01-17 07:57:20,017 [2f83d896-2cfa-4348-ab65-ff7be0e3606c@group-0BEF4CA69999-SegmentedRaftLogWorker] INFO  segmented.BufferedWriteChannel (BufferedWriteChannel.java:open(62)) - open log_inprogress_0 at position 0
2024-01-17 07:57:20,020 [2f83d896-2cfa-4348-ab65-ff7be0e3606c@group-DC3439CAE577-StateMachineUpdater] INFO  server.RaftServer$Division (LeaderStateImpl.java:isApplied(320)) - leader is ready since appliedIndex == 0 >= startIndex == 0
2024-01-17 07:57:20,020 [8e247bdf-a19d-4cdc-89de-9f1c8249c15f-server-thread2] INFO  server.RaftServer$Division (ServerState.java:setRaftConf(386)) - 8e247bdf-a19d-4cdc-89de-9f1c8249c15f@group-0BEF4CA69999: set configuration 0: peers:[2f83d896-2cfa-4348-ab65-ff7be0e3606c|10.1.0.6:15113, 6291adf5-9e71-4549-84cb-13318527388a|10.1.0.6:15095, 8e247bdf-a19d-4cdc-89de-9f1c8249c15f|10.1.0.6:15104]|listeners:[], old=null
2024-01-17 07:57:20,021 [8e247bdf-a19d-4cdc-89de-9f1c8249c15f-server-thread2] INFO  segmented.SegmentedRaftLogWorker (SegmentedRaftLogWorker.java:startLogSegment(430)) - 8e247bdf-a19d-4cdc-89de-9f1c8249c15f@group-0BEF4CA69999-SegmentedRaftLogWorker: Starting segment from index:0
2024-01-17 07:57:20,021 [8e247bdf-a19d-4cdc-89de-9f1c8249c15f@group-0BEF4CA69999-SegmentedRaftLogWorker] INFO  segmented.BufferedWriteChannel (BufferedWriteChannel.java:open(62)) - open log_inprogress_0 at position 0
2024-01-17 07:57:20,027 [2f83d896-2cfa-4348-ab65-ff7be0e3606c@group-0BEF4CA69999-SegmentedRaftLogWorker] INFO  segmented.SegmentedRaftLogWorker (SegmentedRaftLogWorker.java:execute(634)) - 2f83d896-2cfa-4348-ab65-ff7be0e3606c@group-0BEF4CA69999-SegmentedRaftLogWorker: created new log segment /home/runner/work/ozone/ozone/hadoop-ozone/integration-test/target/test-dir/MiniOzoneClusterImpl-df80a8b8-78a2-47d1-a2cb-ee48e7cc81f7/datanode-11/data/ratis/4a2e5a29-a7bd-4ea8-b9b8-0bef4ca69999/current/log_inprogress_0
2024-01-17 07:57:20,033 [8e247bdf-a19d-4cdc-89de-9f1c8249c15f@group-0BEF4CA69999-SegmentedRaftLogWorker] INFO  segmented.SegmentedRaftLogWorker (SegmentedRaftLogWorker.java:execute(634)) - 8e247bdf-a19d-4cdc-89de-9f1c8249c15f@group-0BEF4CA69999-SegmentedRaftLogWorker: created new log segment /home/runner/work/ozone/ozone/hadoop-ozone/integration-test/target/test-dir/MiniOzoneClusterImpl-df80a8b8-78a2-47d1-a2cb-ee48e7cc81f7/datanode-10/data/ratis/4a2e5a29-a7bd-4ea8-b9b8-0bef4ca69999/current/log_inprogress_0
2024-01-17 07:57:20,034 [6291adf5-9e71-4549-84cb-13318527388a@group-0BEF4CA69999-StateMachineUpdater] INFO  server.RaftServer$Division (LeaderStateImpl.java:isApplied(320)) - leader is ready since appliedIndex == 0 >= startIndex == 0
2024-01-17 07:57:20,919 [4f4a0cbc-a9eb-44f0-8d97-06326de93701-PipelineCommandHandlerThread-0] INFO  server.RaftServer (RaftServerProxy.java:addNew(100)) - 4f4a0cbc-a9eb-44f0-8d97-06326de93701: addNew group-5756B4F363C0:[4f4a0cbc-a9eb-44f0-8d97-06326de93701|10.1.0.6:15041] returns group-5756B4F363C0:java.util.concurrent.CompletableFuture@66e56e12[Not completed]
2024-01-17 07:57:20,920 [4f4a0cbc-a9eb-44f0-8d97-06326de93701-groupManagement] INFO  server.RaftServer$Division (RaftServerImpl.java:<init>(256)) - 4f4a0cbc-a9eb-44f0-8d97-06326de93701: new RaftServerImpl for group-5756B4F363C0:[4f4a0cbc-a9eb-44f0-8d97-06326de93701|10.1.0.6:15041] with ContainerStateMachine:uninitialized
2024-01-17 07:57:20,920 [4f4a0cbc-a9eb-44f0-8d97-06326de93701-groupManagement] INFO  server.RaftServerConfigKeys (ConfUtils.java:logGet(46)) - raft.server.rpc.timeout.min = 5s (custom)
2024-01-17 07:57:20,920 [4f4a0cbc-a9eb-44f0-8d97-06326de93701-groupManagement] INFO  server.RaftServerConfigKeys (ConfUtils.java:logGet(46)) - raft.server.rpc.timeout.max = 5200ms (custom)
2024-01-17 07:57:20,920 [4f4a0cbc-a9eb-44f0-8d97-06326de93701-groupManagement] INFO  server.RaftServerConfigKeys (ConfUtils.java:logGet(46)) - raft.server.rpc.sleep.time = 25ms (default)
2024-01-17 07:57:20,920 [4f4a0cbc-a9eb-44f0-8d97-06326de93701-groupManagement] INFO  server.RaftServerConfigKeys (ConfUtils.java:logGet(46)) - raft.server.rpc.slowness.timeout = 300s (custom)
2024-01-17 07:57:20,920 [4f4a0cbc-a9eb-44f0-8d97-06326de93701-groupManagement] INFO  server.RaftServerConfigKeys (ConfUtils.java:logGet(46)) - raft.server.leaderelection.leader.step-down.wait-time = 10s (default)
2024-01-17 07:57:20,920 [4f4a0cbc-a9eb-44f0-8d97-06326de93701-groupManagement] INFO  server.RaftServerConfigKeys (ConfUtils.java:logGet(46)) - raft.server.leaderelection.member.majority-add = false (default)
2024-01-17 07:57:20,920 [4f4a0cbc-a9eb-44f0-8d97-06326de93701-groupManagement] INFO  server.RaftServerConfigKeys (ConfUtils.java:logGet(46)) - raft.server.sleep.deviation.threshold = 300ms (default)
2024-01-17 07:57:20,920 [4f4a0cbc-a9eb-44f0-8d97-06326de93701-groupManagement] INFO  server.RaftServer$Division (ServerState.java:<init>(113)) - 4f4a0cbc-a9eb-44f0-8d97-06326de93701@group-5756B4F363C0: ConfigurationManager, init=-1: peers:[4f4a0cbc-a9eb-44f0-8d97-06326de93701|10.1.0.6:15041]|listeners:[], old=null, confs=<EMPTY_MAP>
2024-01-17 07:57:20,920 [4f4a0cbc-a9eb-44f0-8d97-06326de93701-groupManagement] INFO  server.RaftServerConfigKeys (ConfUtils.java:logGet(46)) - raft.server.notification.no-leader.timeout = 300s (custom)
2024-01-17 07:57:20,920 [4f4a0cbc-a9eb-44f0-8d97-06326de93701-groupManagement] INFO  server.RaftServerConfigKeys (ConfUtils.java:logGet(46)) - raft.server.read.timeout = 10s (default)
2024-01-17 07:57:20,921 [4f4a0cbc-a9eb-44f0-8d97-06326de93701-groupManagement] INFO  server.RaftServerConfigKeys (ConfUtils.java:logGet(46)) - raft.server.retrycache.expirytime = 600000ms (custom)
2024-01-17 07:57:20,921 [4f4a0cbc-a9eb-44f0-8d97-06326de93701-groupManagement] INFO  server.RaftServerConfigKeys (ConfUtils.java:logGet(46)) - raft.server.retrycache.statistics.expirytime = 100ms (default)
2024-01-17 07:57:20,921 [4f4a0cbc-a9eb-44f0-8d97-06326de93701-groupManagement] INFO  server.RaftServerConfigKeys (ConfUtils.java:logGet(46)) - raft.server.read.option = DEFAULT (default)
2024-01-17 07:57:20,921 [4f4a0cbc-a9eb-44f0-8d97-06326de93701-groupManagement] INFO  server.RaftServerConfigKeys (ConfUtils.java:logGet(46)) - raft.server.read.read-after-write-consistent.write-index-cache.expiry-time = 60s (default)
2024-01-17 07:57:20,923 [4f4a0cbc-a9eb-44f0-8d97-06326de93701-groupManagement] INFO  server.RaftServerConfigKeys (ConfUtils.java:logGet(46)) - raft.server.rpc.request.timeout = 60s (custom)
2024-01-17 07:57:20,923 [4f4a0cbc-a9eb-44f0-8d97-06326de93701-groupManagement] INFO  server.RaftServerConfigKeys (ConfUtils.java:logGet(46)) - raft.server.log.appender.install.snapshot.enabled = false (custom)
2024-01-17 07:57:20,923 [4f4a0cbc-a9eb-44f0-8d97-06326de93701-groupManagement] INFO  server.RaftServerConfigKeys (ConfUtils.java:logGet(46)) - raft.server.threadpool.server.cached = true (default)
2024-01-17 07:57:20,923 [4f4a0cbc-a9eb-44f0-8d97-06326de93701-groupManagement] INFO  server.RaftServerConfigKeys (ConfUtils.java:logGet(46)) - raft.server.threadpool.server.size = 0 (default)
2024-01-17 07:57:20,923 [4f4a0cbc-a9eb-44f0-8d97-06326de93701-groupManagement] INFO  server.RaftServerConfigKeys (ConfUtils.java:logGet(46)) - raft.server.threadpool.client.cached = true (default)
2024-01-17 07:57:20,923 [4f4a0cbc-a9eb-44f0-8d97-06326de93701-groupManagement] INFO  server.RaftServerConfigKeys (ConfUtils.java:logGet(46)) - raft.server.threadpool.client.size = 0 (default)
2024-01-17 07:57:20,924 [4f4a0cbc-a9eb-44f0-8d97-06326de93701-groupManagement] INFO  server.RaftServerConfigKeys (ConfUtils.java:logGet(46)) - raft.server.storage.free-space.min = 0MB (=0) (default)
2024-01-17 07:57:20,924 [4f4a0cbc-a9eb-44f0-8d97-06326de93701-groupManagement] INFO  server.RaftServerConfigKeys (ConfUtils.java:logGet(46)) - raft.server.log.corruption.policy = EXCEPTION (default)
2024-01-17 07:57:20,924 [4f4a0cbc-a9eb-44f0-8d97-06326de93701-groupManagement] INFO  server.RaftServerConfigKeys (ConfUtils.java:logGet(46)) - raft.server.storage.dir = [/home/runner/work/ozone/ozone/hadoop-ozone/integration-test/target/test-dir/MiniOzoneClusterImpl-df80a8b8-78a2-47d1-a2cb-ee48e7cc81f7/datanode-3/data/ratis] (custom)
2024-01-17 07:57:20,924 [4f4a0cbc-a9eb-44f0-8d97-06326de93701-groupManagement] INFO  storage.RaftStorageDirectory (RaftStorageDirectoryImpl.java:analyzeStorage(138)) - The storage directory /home/runner/work/ozone/ozone/hadoop-ozone/integration-test/target/test-dir/MiniOzoneClusterImpl-df80a8b8-78a2-47d1-a2cb-ee48e7cc81f7/datanode-3/data/ratis/bd776b3f-42d9-424b-abf6-5756b4f363c0 does not exist. Creating ...
2024-01-17 07:57:20,925 [4f4a0cbc-a9eb-44f0-8d97-06326de93701-groupManagement] INFO  storage.RaftStorageDirectory (RaftStorageDirectoryImpl.java:tryLock(228)) - Lock on /home/runner/work/ozone/ozone/hadoop-ozone/integration-test/target/test-dir/MiniOzoneClusterImpl-df80a8b8-78a2-47d1-a2cb-ee48e7cc81f7/datanode-3/data/ratis/bd776b3f-42d9-424b-abf6-5756b4f363c0/in_use.lock acquired by nodename 24650@fv-az1531-837
2024-01-17 07:57:20,926 [4f4a0cbc-a9eb-44f0-8d97-06326de93701-groupManagement] INFO  storage.RaftStorage (RaftStorageImpl.java:format(99)) - Storage directory /home/runner/work/ozone/ozone/hadoop-ozone/integration-test/target/test-dir/MiniOzoneClusterImpl-df80a8b8-78a2-47d1-a2cb-ee48e7cc81f7/datanode-3/data/ratis/bd776b3f-42d9-424b-abf6-5756b4f363c0 has been successfully formatted.
2024-01-17 07:57:20,927 [4f4a0cbc-a9eb-44f0-8d97-06326de93701-groupManagement] WARN  util.FileUtils (LogUtils.java:supplyAndLog(63)) - Failed to Files.newInputStream /home/runner/work/ozone/ozone/hadoop-ozone/integration-test/target/test-dir/MiniOzoneClusterImpl-df80a8b8-78a2-47d1-a2cb-ee48e7cc81f7/datanode-3/data/ratis/bd776b3f-42d9-424b-abf6-5756b4f363c0/current/raft-meta.conf with options []: java.nio.file.NoSuchFileException: /home/runner/work/ozone/ozone/hadoop-ozone/integration-test/target/test-dir/MiniOzoneClusterImpl-df80a8b8-78a2-47d1-a2cb-ee48e7cc81f7/datanode-3/data/ratis/bd776b3f-42d9-424b-abf6-5756b4f363c0/current/raft-meta.conf
2024-01-17 07:57:20,927 [4f4a0cbc-a9eb-44f0-8d97-06326de93701-groupManagement] INFO  ratis.ContainerStateMachine (ContainerStateMachine.java:loadSnapshot(287)) - group-5756B4F363C0: The snapshot info is null. Setting the last applied index to:(t:0, i:~)
2024-01-17 07:57:20,927 [4f4a0cbc-a9eb-44f0-8d97-06326de93701-groupManagement] INFO  server.RaftServerConfigKeys (ConfUtils.java:logGet(46)) - raft.server.log.use.memory = false (default)
2024-01-17 07:57:20,928 [4f4a0cbc-a9eb-44f0-8d97-06326de93701-groupManagement] INFO  server.RaftServerConfigKeys (ConfUtils.java:logGet(46)) - raft.server.log.purge.gap = 1000000 (custom)
2024-01-17 07:57:20,928 [4f4a0cbc-a9eb-44f0-8d97-06326de93701-groupManagement] INFO  server.RaftServerConfigKeys (ConfUtils.java:logGet(46)) - raft.server.log.appender.buffer.byte-limit = 8388608 (custom)
2024-01-17 07:57:20,928 [4f4a0cbc-a9eb-44f0-8d97-06326de93701-groupManagement] INFO  server.RaftServerConfigKeys (ConfUtils.java:logGet(46)) - raft.server.log.statemachine.data.read.timeout = 1000ms (default)
2024-01-17 07:57:20,929 [4f4a0cbc-a9eb-44f0-8d97-06326de93701-groupManagement] INFO  server.RaftServerConfigKeys (ConfUtils.java:logGet(46)) - raft.server.log.purge.preservation.log.num = 0 (default)
2024-01-17 07:57:20,929 [EventQueue-PipelineReportForPipelineReportHandler] INFO  pipeline.PipelineReportHandler (PipelineReportHandler.java:processPipelineReport(136)) - Opened pipeline PipelineID=bd776b3f-42d9-424b-abf6-5756b4f363c0
2024-01-17 07:57:20,931 [4f4a0cbc-a9eb-44f0-8d97-06326de93701-groupManagement] INFO  server.RaftServerConfigKeys (ConfUtils.java:logGet(46)) - raft.server.log.segment.size.max = 67108864 (custom)
2024-01-17 07:57:20,931 [4f4a0cbc-a9eb-44f0-8d97-06326de93701-groupManagement] INFO  server.RaftServerConfigKeys (ConfUtils.java:logGet(46)) - raft.server.log.segment.cache.num.max = 2 (custom)
2024-01-17 07:57:20,931 [4f4a0cbc-a9eb-44f0-8d97-06326de93701-groupManagement] INFO  server.RaftServerConfigKeys (ConfUtils.java:logGet(46)) - raft.server.log.segment.cache.size.max = 200MB (=209715200) (default)
2024-01-17 07:57:20,931 [4f4a0cbc-a9eb-44f0-8d97-06326de93701-groupManagement] INFO  server.RaftServerConfigKeys (ConfUtils.java:logGet(46)) - raft.server.log.appender.buffer.byte-limit = 8388608 (custom)
2024-01-17 07:57:20,932 [4f4a0cbc-a9eb-44f0-8d97-06326de93701-groupManagement] INFO  util.AwaitToRun (AwaitToRun.java:start(81)) - Thread[4f4a0cbc-a9eb-44f0-8d97-06326de93701@group-5756B4F363C0-cacheEviction-AwaitToRun,5,main] started
2024-01-17 07:57:20,932 [4f4a0cbc-a9eb-44f0-8d97-06326de93701-groupManagement] INFO  segmented.SegmentedRaftLogWorker (SegmentedRaftLogWorker.java:<init>(182)) - new 4f4a0cbc-a9eb-44f0-8d97-06326de93701@group-5756B4F363C0-SegmentedRaftLogWorker for RaftStorageImpl:Storage Directory /home/runner/work/ozone/ozone/hadoop-ozone/integration-test/target/test-dir/MiniOzoneClusterImpl-df80a8b8-78a2-47d1-a2cb-ee48e7cc81f7/datanode-3/data/ratis/bd776b3f-42d9-424b-abf6-5756b4f363c0
2024-01-17 07:57:20,932 [4f4a0cbc-a9eb-44f0-8d97-06326de93701-groupManagement] INFO  server.RaftServerConfigKeys (ConfUtils.java:logGet(46)) - raft.server.log.queue.byte-limit = 4294967296 (custom)
2024-01-17 07:57:20,932 [4f4a0cbc-a9eb-44f0-8d97-06326de93701-groupManagement] INFO  server.RaftServerConfigKeys (ConfUtils.java:logGet(46)) - raft.server.log.queue.element-limit = 1024 (custom)
2024-01-17 07:57:20,932 [4f4a0cbc-a9eb-44f0-8d97-06326de93701-groupManagement] INFO  server.RaftServerConfigKeys (ConfUtils.java:logGet(46)) - raft.server.log.segment.size.max = 67108864 (custom)
2024-01-17 07:57:20,932 [4f4a0cbc-a9eb-44f0-8d97-06326de93701-groupManagement] INFO  server.RaftServerConfigKeys (ConfUtils.java:logGet(46)) - raft.server.log.preallocated.size = 4194304 (custom)
2024-01-17 07:57:20,932 [4f4a0cbc-a9eb-44f0-8d97-06326de93701-groupManagement] INFO  server.RaftServerConfigKeys (ConfUtils.java:logGet(46)) - raft.server.log.force.sync.num = 128 (default)
2024-01-17 07:57:20,932 [4f4a0cbc-a9eb-44f0-8d97-06326de93701-groupManagement] INFO  server.RaftServerConfigKeys (ConfUtils.java:logGet(46)) - raft.server.log.statemachine.data.sync = true (default)
2024-01-17 07:57:20,932 [4f4a0cbc-a9eb-44f0-8d97-06326de93701-groupManagement] INFO  server.RaftServerConfigKeys (ConfUtils.java:logGet(46)) - raft.server.log.statemachine.data.sync.timeout = 10s (default)
2024-01-17 07:57:20,932 [4f4a0cbc-a9eb-44f0-8d97-06326de93701-groupManagement] INFO  server.RaftServerConfigKeys (ConfUtils.java:logGet(46)) - raft.server.log.statemachine.data.sync.timeout.retry = 0 (custom)
2024-01-17 07:57:20,933 [4f4a0cbc-a9eb-44f0-8d97-06326de93701-groupManagement] INFO  server.RaftServerConfigKeys (ConfUtils.java:logGet(46)) - raft.server.log.write.buffer.size = 8388616 (custom)
2024-01-17 07:57:20,935 [4f4a0cbc-a9eb-44f0-8d97-06326de93701-groupManagement] INFO  server.RaftServerConfigKeys (ConfUtils.java:logGet(46)) - raft.server.log.appender.buffer.byte-limit = 8388608 (custom)
2024-01-17 07:57:20,935 [4f4a0cbc-a9eb-44f0-8d97-06326de93701-groupManagement] INFO  server.RaftServerConfigKeys (ConfUtils.java:logGet(46)) - raft.server.log.unsafe-flush.enabled = false (default)
2024-01-17 07:57:20,935 [4f4a0cbc-a9eb-44f0-8d97-06326de93701-groupManagement] INFO  server.RaftServerConfigKeys (ConfUtils.java:logGet(46)) - raft.server.log.async-flush.enabled = false (default)
2024-01-17 07:57:20,935 [4f4a0cbc-a9eb-44f0-8d97-06326de93701-groupManagement] INFO  server.RaftServerConfigKeys (ConfUtils.java:logGet(46)) - raft.server.log.statemachine.data.caching.enabled = true (custom)
2024-01-17 07:57:20,935 [4f4a0cbc-a9eb-44f0-8d97-06326de93701-groupManagement] INFO  segmented.SegmentedRaftLogWorker (SegmentedRaftLogWorker.java:lambda$new$0(134)) - 4f4a0cbc-a9eb-44f0-8d97-06326de93701@group-5756B4F363C0-SegmentedRaftLogWorker: flushIndex: setUnconditionally 0 -> -1
2024-01-17 07:57:20,935 [4f4a0cbc-a9eb-44f0-8d97-06326de93701-groupManagement] INFO  segmented.SegmentedRaftLogWorker (SegmentedRaftLogWorker.java:lambda$new$0(134)) - 4f4a0cbc-a9eb-44f0-8d97-06326de93701@group-5756B4F363C0-SegmentedRaftLogWorker: safeCacheEvictIndex: setUnconditionally 0 -> -1
2024-01-17 07:57:20,936 [4f4a0cbc-a9eb-44f0-8d97-06326de93701-groupManagement] INFO  server.RaftServer$Division (RaftServerImpl.java:start(396)) - 4f4a0cbc-a9eb-44f0-8d97-06326de93701@group-5756B4F363C0: start as a follower, conf=-1: peers:[4f4a0cbc-a9eb-44f0-8d97-06326de93701|10.1.0.6:15041]|listeners:[], old=null
2024-01-17 07:57:20,936 [4f4a0cbc-a9eb-44f0-8d97-06326de93701-groupManagement] INFO  server.RaftServer$Division (RaftServerImpl.java:setRole(383)) - 4f4a0cbc-a9eb-44f0-8d97-06326de93701@group-5756B4F363C0: changes role from      null to FOLLOWER at term 0 for startAsFollower
2024-01-17 07:57:20,936 [4f4a0cbc-a9eb-44f0-8d97-06326de93701-groupManagement] INFO  impl.RoleInfo (RoleInfo.java:updateAndGet(139)) - 4f4a0cbc-a9eb-44f0-8d97-06326de93701: start 4f4a0cbc-a9eb-44f0-8d97-06326de93701@group-5756B4F363C0-FollowerState
2024-01-17 07:57:20,936 [4f4a0cbc-a9eb-44f0-8d97-06326de93701@group-5756B4F363C0-FollowerState] INFO  server.RaftServerConfigKeys (ConfUtils.java:logFallback(53)) - raft.server.rpc.first-election.timeout.min = 5s (fallback to raft.server.rpc.timeout.min)
2024-01-17 07:57:20,936 [4f4a0cbc-a9eb-44f0-8d97-06326de93701@group-5756B4F363C0-FollowerState] INFO  server.RaftServerConfigKeys (ConfUtils.java:logFallback(53)) - raft.server.rpc.first-election.timeout.max = 5200ms (fallback to raft.server.rpc.timeout.max)
2024-01-17 07:57:20,936 [4f4a0cbc-a9eb-44f0-8d97-06326de93701-groupManagement] INFO  util.JmxRegister (JmxRegister.java:tryRegister(44)) - Successfully registered JMX Bean with object name Ratis:service=RaftServer,group=group-5756B4F363C0,id=4f4a0cbc-a9eb-44f0-8d97-06326de93701
2024-01-17 07:57:20,937 [4f4a0cbc-a9eb-44f0-8d97-06326de93701-groupManagement] INFO  server.RaftServerConfigKeys (ConfUtils.java:logGet(46)) - raft.server.snapshot.trigger-when-stop.enabled = true (default)
2024-01-17 07:57:20,937 [4f4a0cbc-a9eb-44f0-8d97-06326de93701-groupManagement] INFO  server.RaftServerConfigKeys (ConfUtils.java:logGet(46)) - raft.server.snapshot.auto.trigger.enabled = true (custom)
2024-01-17 07:57:20,937 [4f4a0cbc-a9eb-44f0-8d97-06326de93701-groupManagement] INFO  server.RaftServerConfigKeys (ConfUtils.java:logGet(46)) - raft.server.snapshot.auto.trigger.threshold = 10000 (custom)
2024-01-17 07:57:20,937 [4f4a0cbc-a9eb-44f0-8d97-06326de93701-groupManagement] INFO  server.RaftServerConfigKeys (ConfUtils.java:logGet(46)) - raft.server.snapshot.retention.file.num = 5 (custom)
2024-01-17 07:57:20,937 [4f4a0cbc-a9eb-44f0-8d97-06326de93701-groupManagement] INFO  server.RaftServerConfigKeys (ConfUtils.java:logGet(46)) - raft.server.log.purge.upto.snapshot.index = false (default)
2024-01-17 07:57:20,938 [4f4a0cbc-a9eb-44f0-8d97-06326de93701-PipelineCommandHandlerThread-0] INFO  ratis.XceiverServerRatis (XceiverServerRatis.java:addGroup(842)) - Created group PipelineID=bd776b3f-42d9-424b-abf6-5756b4f363c0
2024-01-17 07:57:20,938 [4f4a0cbc-a9eb-44f0-8d97-06326de93701-PipelineCommandHandlerThread-0] INFO  commandhandler.CreatePipelineCommandHandler (CreatePipelineCommandHandler.java:lambda$handle$2(124)) - Created Pipeline RATIS ONE PipelineID=bd776b3f-42d9-424b-abf6-5756b4f363c0.
2024-01-17 07:57:20,954 [IPC Server handler 0 on default port 15001] INFO  ha.SequenceIdGenerator (SequenceIdGenerator.java:getNextId(145)) - Allocate a batch for containerId, change lastId from 0 to 1000.
2024-01-17 07:57:20,961 [IPC Server handler 0 on default port 15001] WARN  ha.SequenceIdGenerator (SequenceIdGenerator.java:allocateBatch(258)) - Failed to allocate a batch for localId, expected lastId is 0, actual lastId is 113750153625600000.
2024-01-17 07:57:20,962 [IPC Server handler 0 on default port 15001] INFO  ha.SequenceIdGenerator (SequenceIdGenerator.java:getNextId(145)) - Allocate a batch for localId, change lastId from 113750153625600000 to 113750153625601000.
2024-01-17 07:57:21,032 [main] INFO  impl.MetricsSystemImpl (MetricsSystemImpl.java:init(158)) - XceiverClientMetrics metrics system started (again)
2024-01-17 07:57:21,033 [main] INFO  lib.Interns (Interns.java:removeEldestEntry(50)) - Metrics intern cache overflow at 2011 for MetricsSystem={MetricsSystem=MetricsInfoImpl{name=MetricsSystem, description=MetricsSystem}, MetricsSystem record=MetricsInfoImpl{name=MetricsSystem, description=MetricsSystem record}}
2024-01-17 07:57:21,094 [grpc-default-executor-7] ERROR impl.OrderedAsync (OrderedAsync.java:lambda$sendRequest$9(247)) - client-252FBF71677F: Failed* RaftClientRequest:client-252FBF71677F->4f4a0cbc-a9eb-44f0-8d97-06326de93701@group-5756B4F363C0, cid=41, seq=1*, Watch(0), null
java.util.concurrent.CompletionException: org.apache.ratis.protocol.exceptions.NotLeaderException: Server 4f4a0cbc-a9eb-44f0-8d97-06326de93701@group-5756B4F363C0 is not the leader
	at java.util.concurrent.CompletableFuture.encodeThrowable(CompletableFuture.java:292)
	at java.util.concurrent.CompletableFuture.completeThrowable(CompletableFuture.java:308)
	at java.util.concurrent.CompletableFuture.uniApply(CompletableFuture.java:607)
	at java.util.concurrent.CompletableFuture$UniApply.tryFire(CompletableFuture.java:591)
	at java.util.concurrent.CompletableFuture.postComplete(CompletableFuture.java:488)
	at java.util.concurrent.CompletableFuture.completeExceptionally(CompletableFuture.java:1990)
	at org.apache.ratis.grpc.client.GrpcClientProtocolClient$AsyncStreamObservers.completeReplyExceptionally(GrpcClientProtocolClient.java:394)
	at org.apache.ratis.grpc.client.GrpcClientProtocolClient$AsyncStreamObservers.access$000(GrpcClientProtocolClient.java:300)
	at org.apache.ratis.grpc.client.GrpcClientProtocolClient$AsyncStreamObservers$1.onNext(GrpcClientProtocolClient.java:314)
	at org.apache.ratis.grpc.client.GrpcClientProtocolClient$AsyncStreamObservers$1.onNext(GrpcClientProtocolClient.java:305)
	at org.apache.ratis.thirdparty.io.grpc.stub.ClientCalls$StreamObserverToCallListenerAdapter.onMessage(ClientCalls.java:468)
	at org.apache.ratis.thirdparty.io.grpc.ForwardingClientCallListener.onMessage(ForwardingClientCallListener.java:33)
	at org.apache.ratis.thirdparty.io.grpc.internal.ClientCallImpl$ClientStreamListenerImpl$1MessagesAvailable.runInternal(ClientCallImpl.java:660)
	at org.apache.ratis.thirdparty.io.grpc.internal.ClientCallImpl$ClientStreamListenerImpl$1MessagesAvailable.runInContext(ClientCallImpl.java:647)
	at org.apache.ratis.thirdparty.io.grpc.internal.ContextRunnable.run(ContextRunnable.java:37)
	at org.apache.ratis.thirdparty.io.grpc.internal.SerializingExecutor.run(SerializingExecutor.java:133)
	at java.util.concurrent.ThreadPoolExecutor.runWorker(ThreadPoolExecutor.java:1149)
	at java.util.concurrent.ThreadPoolExecutor$Worker.run(ThreadPoolExecutor.java:624)
	at java.lang.Thread.run(Thread.java:750)
Caused by: org.apache.ratis.protocol.exceptions.NotLeaderException: Server 4f4a0cbc-a9eb-44f0-8d97-06326de93701@group-5756B4F363C0 is not the leader
	at org.apache.ratis.client.impl.ClientProtoUtils.toRaftClientReply(ClientProtoUtils.java:397)
	at org.apache.ratis.grpc.client.GrpcClientProtocolClient$AsyncStreamObservers$1.onNext(GrpcClientProtocolClient.java:310)
	... 10 more
2024-01-17 07:57:25,691 [timer4] ERROR impl.OrderedAsync (OrderedAsync.java:lambda$sendRequest$9(247)) - client-252FBF71677F: Failed* RaftClientRequest:client-252FBF71677F->4f4a0cbc-a9eb-44f0-8d97-06326de93701@group-5756B4F363C0, cid=41, seq=1*, Watch(0), null
java.util.concurrent.CompletionException: org.apache.ratis.protocol.exceptions.AlreadyClosedException: client-252FBF71677F->4f4a0cbc-a9eb-44f0-8d97-06326de93701 is closed.
	at java.util.concurrent.CompletableFuture.encodeThrowable(CompletableFuture.java:292)
	at java.util.concurrent.CompletableFuture.completeThrowable(CompletableFuture.java:308)
	at java.util.concurrent.CompletableFuture.uniApply(CompletableFuture.java:607)
	at java.util.concurrent.CompletableFuture.uniApplyStage(CompletableFuture.java:628)
	at java.util.concurrent.CompletableFuture.thenApply(CompletableFuture.java:1996)
	at org.apache.ratis.client.impl.OrderedAsync.sendRequest(OrderedAsync.java:239)
	at org.apache.ratis.client.impl.OrderedAsync.sendRequestWithRetry(OrderedAsync.java:203)
	at org.apache.ratis.util.SlidingWindow$Client.sendOrDelayRequest(SlidingWindow.java:312)
	at org.apache.ratis.util.SlidingWindow$Client.retry(SlidingWindow.java:328)
	at org.apache.ratis.client.impl.OrderedAsync.lambda$scheduleWithTimeout$6(OrderedAsync.java:227)
	at org.apache.ratis.util.TimeoutTimer.lambda$onTimeout$2(TimeoutTimer.java:101)
	at org.apache.ratis.util.LogUtils.runAndLog(LogUtils.java:38)
	at org.apache.ratis.util.LogUtils$1.run(LogUtils.java:78)
	at org.apache.ratis.util.TimeoutTimer$Task.run(TimeoutTimer.java:55)
	at java.util.TimerThread.mainLoop(Timer.java:555)
	at java.util.TimerThread.run(Timer.java:505)
Caused by: org.apache.ratis.protocol.exceptions.AlreadyClosedException: client-252FBF71677F->4f4a0cbc-a9eb-44f0-8d97-06326de93701 is closed.
	at org.apache.ratis.grpc.client.GrpcClientProtocolClient$AsyncStreamObservers.onNext(GrpcClientProtocolClient.java:349)
	at org.apache.ratis.grpc.client.GrpcClientRpc.sendRequestAsync(GrpcClientRpc.java:71)
	... 11 more
2024-01-17 07:57:26,114 [4f4a0cbc-a9eb-44f0-8d97-06326de93701@group-5756B4F363C0-FollowerState] INFO  impl.FollowerState (FollowerState.java:run(143)) - 4f4a0cbc-a9eb-44f0-8d97-06326de93701@group-5756B4F363C0-FollowerState: change to CANDIDATE, lastRpcElapsedTime:5177782895ns, electionTimeout:5177ms
2024-01-17 07:57:26,114 [4f4a0cbc-a9eb-44f0-8d97-06326de93701@group-5756B4F363C0-FollowerState] INFO  impl.RoleInfo (RoleInfo.java:shutdownFollowerState(110)) - 4f4a0cbc-a9eb-44f0-8d97-06326de93701: shutdown 4f4a0cbc-a9eb-44f0-8d97-06326de93701@group-5756B4F363C0-FollowerState
2024-01-17 07:57:26,114 [4f4a0cbc-a9eb-44f0-8d97-06326de93701@group-5756B4F363C0-FollowerState] INFO  server.RaftServer$Division (RaftServerImpl.java:setRole(383)) - 4f4a0cbc-a9eb-44f0-8d97-06326de93701@group-5756B4F363C0: changes role from  FOLLOWER to CANDIDATE at term 0 for changeToCandidate
2024-01-17 07:57:26,114 [4f4a0cbc-a9eb-44f0-8d97-06326de93701@group-5756B4F363C0-FollowerState] INFO  server.RaftServerConfigKeys (ConfUtils.java:logGet(46)) - raft.server.leaderelection.pre-vote = true (default)
2024-01-17 07:57:26,114 [4f4a0cbc-a9eb-44f0-8d97-06326de93701@group-5756B4F363C0-FollowerState] INFO  impl.RoleInfo (RoleInfo.java:updateAndGet(139)) - 4f4a0cbc-a9eb-44f0-8d97-06326de93701: start 4f4a0cbc-a9eb-44f0-8d97-06326de93701@group-5756B4F363C0-LeaderElection17
2024-01-17 07:57:26,118 [4f4a0cbc-a9eb-44f0-8d97-06326de93701@group-5756B4F363C0-LeaderElection17] INFO  impl.LeaderElection (LeaderElection.java:askForVotes(321)) - 4f4a0cbc-a9eb-44f0-8d97-06326de93701@group-5756B4F363C0-LeaderElection17 PRE_VOTE round 0: submit vote requests at term 0 for -1: peers:[4f4a0cbc-a9eb-44f0-8d97-06326de93701|10.1.0.6:15041]|listeners:[], old=null
2024-01-17 07:57:26,118 [4f4a0cbc-a9eb-44f0-8d97-06326de93701@group-5756B4F363C0-LeaderElection17] INFO  impl.LeaderElection (LeaderElection.java:askForVotes(323)) - 4f4a0cbc-a9eb-44f0-8d97-06326de93701@group-5756B4F363C0-LeaderElection17 PRE_VOTE round 0: result PASSED (term=0)
2024-01-17 07:57:26,119 [4f4a0cbc-a9eb-44f0-8d97-06326de93701@group-5756B4F363C0-LeaderElection17] INFO  impl.LeaderElection (LeaderElection.java:askForVotes(321)) - 4f4a0cbc-a9eb-44f0-8d97-06326de93701@group-5756B4F363C0-LeaderElection17 ELECTION round 0: submit vote requests at term 1 for -1: peers:[4f4a0cbc-a9eb-44f0-8d97-06326de93701|10.1.0.6:15041]|listeners:[], old=null
2024-01-17 07:57:26,119 [4f4a0cbc-a9eb-44f0-8d97-06326de93701@group-5756B4F363C0-LeaderElection17] INFO  impl.LeaderElection (LeaderElection.java:askForVotes(323)) - 4f4a0cbc-a9eb-44f0-8d97-06326de93701@group-5756B4F363C0-LeaderElection17 ELECTION round 0: result PASSED (term=1)
2024-01-17 07:57:26,119 [4f4a0cbc-a9eb-44f0-8d97-06326de93701@group-5756B4F363C0-LeaderElection17] INFO  impl.RoleInfo (RoleInfo.java:shutdownLeaderElection(130)) - 4f4a0cbc-a9eb-44f0-8d97-06326de93701: shutdown 4f4a0cbc-a9eb-44f0-8d97-06326de93701@group-5756B4F363C0-LeaderElection17
2024-01-17 07:57:26,119 [4f4a0cbc-a9eb-44f0-8d97-06326de93701@group-5756B4F363C0-LeaderElection17] INFO  server.RaftServer$Division (RaftServerImpl.java:setRole(383)) - 4f4a0cbc-a9eb-44f0-8d97-06326de93701@group-5756B4F363C0: changes role from CANDIDATE to LEADER at term 1 for changeToLeader
2024-01-17 07:57:26,119 [4f4a0cbc-a9eb-44f0-8d97-06326de93701@group-5756B4F363C0-LeaderElection17] INFO  server.RaftServerConfigKeys (ConfUtils.java:logGet(46)) - raft.server.staging.catchup.gap = 1000 (default)
2024-01-17 07:57:26,120 [4f4a0cbc-a9eb-44f0-8d97-06326de93701@group-5756B4F363C0-LeaderElection17] INFO  server.RaftServerConfigKeys (ConfUtils.java:logGet(46)) - raft.server.write.element-limit = 1024 (custom)
2024-01-17 07:57:26,120 [4f4a0cbc-a9eb-44f0-8d97-06326de93701@group-5756B4F363C0-LeaderElection17] INFO  server.RaftServerConfigKeys (ConfUtils.java:logGet(46)) - raft.server.write.byte-limit = 1024 M (=1073741824) (custom)
2024-01-17 07:57:26,120 [4f4a0cbc-a9eb-44f0-8d97-06326de93701@group-5756B4F363C0-LeaderElection17] INFO  server.RaftServerConfigKeys (ConfUtils.java:logGet(46)) - raft.server.watch.timeout = 180s (custom)
2024-01-17 07:57:26,120 [4f4a0cbc-a9eb-44f0-8d97-06326de93701@group-5756B4F363C0-LeaderElection17] INFO  server.RaftServerConfigKeys (ConfUtils.java:logGet(46)) - raft.server.watch.timeout.denomination = 1s (default)
2024-01-17 07:57:26,120 [4f4a0cbc-a9eb-44f0-8d97-06326de93701@group-5756B4F363C0-LeaderElection17] INFO  server.RaftServerConfigKeys (ConfUtils.java:logGet(46)) - raft.server.watch.element-limit = 65536 (default)
2024-01-17 07:57:26,120 [4f4a0cbc-a9eb-44f0-8d97-06326de93701@group-5756B4F363C0-LeaderElection17] INFO  server.RaftServerConfigKeys (ConfUtils.java:logGet(46)) - raft.server.read.leader.lease.enabled = false (default)
2024-01-17 07:57:26,120 [4f4a0cbc-a9eb-44f0-8d97-06326de93701@group-5756B4F363C0-LeaderElection17] INFO  server.RaftServerConfigKeys (ConfUtils.java:logGet(46)) - raft.server.read.leader.lease.timeout.ratio = 0.9 (default)
2024-01-17 07:57:26,121 [4f4a0cbc-a9eb-44f0-8d97-06326de93701@group-5756B4F363C0-LeaderElection17] INFO  server.RaftServerConfigKeys (ConfUtils.java:logGet(46)) - raft.server.rpc.timeout.min = 5s (custom)
2024-01-17 07:57:26,121 [4f4a0cbc-a9eb-44f0-8d97-06326de93701@group-5756B4F363C0-LeaderElection17] INFO  server.RaftServerConfigKeys (ConfUtils.java:logGet(46)) - raft.server.write.element-limit = 1024 (custom)
2024-01-17 07:57:26,121 [4f4a0cbc-a9eb-44f0-8d97-06326de93701@group-5756B4F363C0-LeaderElection17] INFO  server.RaftServerConfigKeys (ConfUtils.java:logGet(46)) - raft.server.write.follower.gap.ratio.max = -1.0 (default)
2024-01-17 07:57:26,121 [4f4a0cbc-a9eb-44f0-8d97-06326de93701@group-5756B4F363C0-LeaderElection17] INFO  impl.RoleInfo (RoleInfo.java:updateAndGet(139)) - 4f4a0cbc-a9eb-44f0-8d97-06326de93701: start 4f4a0cbc-a9eb-44f0-8d97-06326de93701@group-5756B4F363C0-LeaderStateImpl
2024-01-17 07:57:26,121 [4f4a0cbc-a9eb-44f0-8d97-06326de93701@group-5756B4F363C0-LeaderElection17] INFO  server.RaftServer$Division (RaftServerImpl.java:setFirstElection(574)) - 4f4a0cbc-a9eb-44f0-8d97-06326de93701@group-5756B4F363C0: set firstElectionSinceStartup to false for becomeLeader
2024-01-17 07:57:26,121 [4f4a0cbc-a9eb-44f0-8d97-06326de93701@group-5756B4F363C0-LeaderElection17] INFO  ratis.XceiverServerRatis (XceiverServerRatis.java:handleLeaderChangedNotification(945)) - Leader change notification received for group: group-5756B4F363C0 with new leaderId: 4f4a0cbc-a9eb-44f0-8d97-06326de93701
2024-01-17 07:57:26,121 [4f4a0cbc-a9eb-44f0-8d97-06326de93701@group-5756B4F363C0-LeaderElection17] INFO  server.RaftServer$Division (ServerState.java:setLeader(269)) - 4f4a0cbc-a9eb-44f0-8d97-06326de93701@group-5756B4F363C0: change Leader from null to 4f4a0cbc-a9eb-44f0-8d97-06326de93701 at term 1 for becomeLeader, leader elected after 5200ms
2024-01-17 07:57:26,121 [4f4a0cbc-a9eb-44f0-8d97-06326de93701@group-5756B4F363C0-LeaderElection17] INFO  segmented.SegmentedRaftLogWorker (SegmentedRaftLogWorker.java:startLogSegment(430)) - 4f4a0cbc-a9eb-44f0-8d97-06326de93701@group-5756B4F363C0-SegmentedRaftLogWorker: Starting segment from index:0
2024-01-17 07:57:26,122 [4f4a0cbc-a9eb-44f0-8d97-06326de93701@group-5756B4F363C0-SegmentedRaftLogWorker] INFO  segmented.BufferedWriteChannel (BufferedWriteChannel.java:open(62)) - open log_inprogress_0 at position 0
2024-01-17 07:57:26,128 [4f4a0cbc-a9eb-44f0-8d97-06326de93701@group-5756B4F363C0-LeaderElection17] INFO  server.RaftServer$Division (ServerState.java:setRaftConf(386)) - 4f4a0cbc-a9eb-44f0-8d97-06326de93701@group-5756B4F363C0: set configuration 0: peers:[4f4a0cbc-a9eb-44f0-8d97-06326de93701|10.1.0.6:15041]|listeners:[], old=null
2024-01-17 07:57:26,130 [4f4a0cbc-a9eb-44f0-8d97-06326de93701@group-5756B4F363C0-SegmentedRaftLogWorker] INFO  segmented.SegmentedRaftLogWorker (SegmentedRaftLogWorker.java:execute(634)) - 4f4a0cbc-a9eb-44f0-8d97-06326de93701@group-5756B4F363C0-SegmentedRaftLogWorker: created new log segment /home/runner/work/ozone/ozone/hadoop-ozone/integration-test/target/test-dir/MiniOzoneClusterImpl-df80a8b8-78a2-47d1-a2cb-ee48e7cc81f7/datanode-3/data/ratis/bd776b3f-42d9-424b-abf6-5756b4f363c0/current/log_inprogress_0
2024-01-17 07:57:26,132 [4f4a0cbc-a9eb-44f0-8d97-06326de93701@group-5756B4F363C0-StateMachineUpdater] INFO  server.RaftServer$Division (LeaderStateImpl.java:isApplied(320)) - leader is ready since appliedIndex == 0 >= startIndex == 0
]]></system-out>
  </testcase>
  <testcase name="bucketUsedBytesOverWrite(BucketLayout)[2]" classname="org.apache.hadoop.ozone.client.rpc.TestOzoneRpcClientWithRatis" time="0.083">
    <system-out><![CDATA[2024-01-17 07:57:31,970 [main] INFO  rpc.RpcClient (RpcClient.java:createVolume(456)) - Creating Volume: a14d3bc6-186c-46dd-9723-fb76f5d6763c, with runner as owner and space quota set to -1 bytes, counts quota set to -1
2024-01-17 07:57:31,974 [om1-OMStateMachineApplyTransactionThread - 0] INFO  volume.OMVolumeCreateRequest (OMVolumeCreateRequest.java:validateAndUpdateCache(198)) - created volume:a14d3bc6-186c-46dd-9723-fb76f5d6763c for user:runner
2024-01-17 07:57:31,981 [main] INFO  rpc.RpcClient (RpcClient.java:createBucket(683)) - Creating Bucket: a14d3bc6-186c-46dd-9723-fb76f5d6763c/c6fbde2b-d57f-420a-9c8e-b90d1ea7bc5e, with bucket layout LEGACY, runner as owner, Versioning true, Storage Type set to DISK and Encryption set to false, Replication Type set to server-side default replication type, Namespace Quota set to -1, Space Quota set to -1 
2024-01-17 07:57:31,984 [om1-OMStateMachineApplyTransactionThread - 0] INFO  bucket.OMBucketCreateRequest (OMBucketCreateRequest.java:validateAndUpdateCache(296)) - created bucket: c6fbde2b-d57f-420a-9c8e-b90d1ea7bc5e of layout LEGACY in volume: a14d3bc6-186c-46dd-9723-fb76f5d6763c
]]></system-out>
  </testcase>
  <testcase name="bucketUsedBytesOverWrite(BucketLayout)[3]" classname="org.apache.hadoop.ozone.client.rpc.TestOzoneRpcClientWithRatis" time="0.078">
    <system-out><![CDATA[2024-01-17 07:57:32,047 [main] INFO  rpc.RpcClient (RpcClient.java:createVolume(456)) - Creating Volume: 770b5903-8621-48c6-b520-df666b515435, with runner as owner and space quota set to -1 bytes, counts quota set to -1
2024-01-17 07:57:32,051 [om1-OMStateMachineApplyTransactionThread - 0] INFO  volume.OMVolumeCreateRequest (OMVolumeCreateRequest.java:validateAndUpdateCache(198)) - created volume:770b5903-8621-48c6-b520-df666b515435 for user:runner
2024-01-17 07:57:32,054 [main] INFO  rpc.RpcClient (RpcClient.java:createBucket(683)) - Creating Bucket: 770b5903-8621-48c6-b520-df666b515435/2b311b02-da7e-4b15-88b8-595f42ad59e1, with bucket layout FILE_SYSTEM_OPTIMIZED, runner as owner, Versioning true, Storage Type set to DISK and Encryption set to false, Replication Type set to server-side default replication type, Namespace Quota set to -1, Space Quota set to -1 
2024-01-17 07:57:32,058 [om1-OMStateMachineApplyTransactionThread - 0] INFO  bucket.OMBucketCreateRequest (OMBucketCreateRequest.java:validateAndUpdateCache(296)) - created bucket: 2b311b02-da7e-4b15-88b8-595f42ad59e1 of layout FILE_SYSTEM_OPTIMIZED in volume: 770b5903-8621-48c6-b520-df666b515435
]]></system-out>
  </testcase>
  <testcase name="testAbortUploadFail" classname="org.apache.hadoop.ozone.client.rpc.TestOzoneRpcClientWithRatis" time="0.03">
    <system-out><![CDATA[2024-01-17 07:57:32,127 [main] INFO  rpc.RpcClient (RpcClient.java:createVolume(456)) - Creating Volume: 5f7e99d7-2a16-4804-8a80-e8de81f4d007, with runner as owner and space quota set to -1 bytes, counts quota set to -1
2024-01-17 07:57:32,129 [om1-OMStateMachineApplyTransactionThread - 0] INFO  volume.OMVolumeCreateRequest (OMVolumeCreateRequest.java:validateAndUpdateCache(198)) - created volume:5f7e99d7-2a16-4804-8a80-e8de81f4d007 for user:runner
2024-01-17 07:57:32,131 [main] INFO  rpc.RpcClient (RpcClient.java:createBucket(683)) - Creating Bucket: 5f7e99d7-2a16-4804-8a80-e8de81f4d007/8d0bc872-6721-4969-984c-c7bc774325f1, with server-side default bucket layout, runner as owner, Versioning false, Storage Type set to DISK and Encryption set to false, Replication Type set to server-side default replication type, Namespace Quota set to -1, Space Quota set to -1 
2024-01-17 07:57:32,133 [om1-OMStateMachineApplyTransactionThread - 0] INFO  bucket.OMBucketCreateRequest (OMBucketCreateRequest.java:validateAndUpdateCache(296)) - created bucket: 8d0bc872-6721-4969-984c-c7bc774325f1 of layout FILE_SYSTEM_OPTIMIZED in volume: 5f7e99d7-2a16-4804-8a80-e8de81f4d007
07:57:32.145 [om1-OMStateMachineApplyTransactionThread - 0] ERROR OMAudit - user=runner | ip=127.0.0.1 | op=ABORT_MULTIPART_UPLOAD {volume=5f7e99d7-2a16-4804-8a80-e8de81f4d007, bucket=8d0bc872-6721-4969-984c-c7bc774325f1, key=d18b7fd5-de8e-4025-848d-5b508e788075, dataSize=0, replicationType=NONE, replicationFactor=ZERO} | ret=FAILURE
org.apache.hadoop.ozone.om.exceptions.OMException: Abort Multipart Upload Failed: volume: 5f7e99d7-2a16-4804-8a80-e8de81f4d007bucket: 8d0bc872-6721-4969-984c-c7bc774325f1key: d18b7fd5-de8e-4025-848d-5b508e788075
	at org.apache.hadoop.ozone.om.request.s3.multipart.S3MultipartUploadAbortRequest.validateAndUpdateCache(S3MultipartUploadAbortRequest.java:158) ~[ozone-manager-1.5.0-SNAPSHOT.jar:?]
	at org.apache.hadoop.ozone.protocolPB.OzoneManagerRequestHandler.lambda$0(OzoneManagerRequestHandler.java:403) ~[ozone-manager-1.5.0-SNAPSHOT.jar:?]
	at org.apache.hadoop.util.MetricUtil.captureLatencyNs(MetricUtil.java:45) ~[hdds-common-1.5.0-SNAPSHOT.jar:?]
	at org.apache.hadoop.ozone.protocolPB.OzoneManagerRequestHandler.handleWriteRequest(OzoneManagerRequestHandler.java:399) ~[ozone-manager-1.5.0-SNAPSHOT.jar:?]
	at org.apache.hadoop.ozone.om.ratis.OzoneManagerStateMachine.runCommand(OzoneManagerStateMachine.java:559) ~[ozone-manager-1.5.0-SNAPSHOT.jar:?]
	at org.apache.hadoop.ozone.om.ratis.OzoneManagerStateMachine.lambda$1(OzoneManagerStateMachine.java:349) ~[ozone-manager-1.5.0-SNAPSHOT.jar:?]
	at java.util.concurrent.CompletableFuture$AsyncSupply.run(CompletableFuture.java:1604) [?:1.8.0_392]
	at java.util.concurrent.ThreadPoolExecutor.runWorker(ThreadPoolExecutor.java:1149) [?:1.8.0_392]
	at java.util.concurrent.ThreadPoolExecutor$Worker.run(ThreadPoolExecutor.java:624) [?:1.8.0_392]
	at java.lang.Thread.run(Thread.java:750) [?:1.8.0_392]
2024-01-17 07:57:32,153 [om1-OMStateMachineApplyTransactionThread - 0] ERROR multipart.S3MultipartUploadAbortRequest (S3MultipartUploadAbortRequest.java:validateAndUpdateCache(218)) - Abort Multipart request is failed for KeyName d18b7fd5-de8e-4025-848d-5b508e788075 in VolumeName/Bucket 5f7e99d7-2a16-4804-8a80-e8de81f4d007/8d0bc872-6721-4969-984c-c7bc774325f1
NO_SUCH_MULTIPART_UPLOAD_ERROR org.apache.hadoop.ozone.om.exceptions.OMException: Abort Multipart Upload Failed: volume: 5f7e99d7-2a16-4804-8a80-e8de81f4d007bucket: 8d0bc872-6721-4969-984c-c7bc774325f1key: d18b7fd5-de8e-4025-848d-5b508e788075
	at org.apache.hadoop.ozone.om.request.s3.multipart.S3MultipartUploadAbortRequest.validateAndUpdateCache(S3MultipartUploadAbortRequest.java:158)
	at org.apache.hadoop.ozone.protocolPB.OzoneManagerRequestHandler.lambda$0(OzoneManagerRequestHandler.java:403)
	at org.apache.hadoop.util.MetricUtil.captureLatencyNs(MetricUtil.java:45)
	at org.apache.hadoop.ozone.protocolPB.OzoneManagerRequestHandler.handleWriteRequest(OzoneManagerRequestHandler.java:399)
	at org.apache.hadoop.ozone.om.ratis.OzoneManagerStateMachine.runCommand(OzoneManagerStateMachine.java:559)
	at org.apache.hadoop.ozone.om.ratis.OzoneManagerStateMachine.lambda$1(OzoneManagerStateMachine.java:349)
	at java.util.concurrent.CompletableFuture$AsyncSupply.run(CompletableFuture.java:1604)
	at java.util.concurrent.ThreadPoolExecutor.runWorker(ThreadPoolExecutor.java:1149)
	at java.util.concurrent.ThreadPoolExecutor$Worker.run(ThreadPoolExecutor.java:624)
	at java.lang.Thread.run(Thread.java:750)
]]></system-out>
  </testcase>
  <testcase name="testAbortUploadFailWithInProgressPartUpload" classname="org.apache.hadoop.ozone.client.rpc.TestOzoneRpcClientWithRatis" time="0.077">
    <system-out><![CDATA[2024-01-17 07:57:32,157 [main] INFO  rpc.RpcClient (RpcClient.java:createVolume(456)) - Creating Volume: c1b18200-aad6-4935-9d4d-16781581cf40, with runner as owner and space quota set to -1 bytes, counts quota set to -1
2024-01-17 07:57:32,160 [om1-OMStateMachineApplyTransactionThread - 0] INFO  volume.OMVolumeCreateRequest (OMVolumeCreateRequest.java:validateAndUpdateCache(198)) - created volume:c1b18200-aad6-4935-9d4d-16781581cf40 for user:runner
2024-01-17 07:57:32,163 [main] INFO  rpc.RpcClient (RpcClient.java:createBucket(683)) - Creating Bucket: c1b18200-aad6-4935-9d4d-16781581cf40/d3bf1520-fd81-400d-b96b-ff9f10392385, with server-side default bucket layout, runner as owner, Versioning false, Storage Type set to DISK and Encryption set to false, Replication Type set to server-side default replication type, Namespace Quota set to -1, Space Quota set to -1 
2024-01-17 07:57:32,166 [om1-OMStateMachineApplyTransactionThread - 0] INFO  bucket.OMBucketCreateRequest (OMBucketCreateRequest.java:validateAndUpdateCache(296)) - created bucket: d3bf1520-fd81-400d-b96b-ff9f10392385 of layout FILE_SYSTEM_OPTIMIZED in volume: c1b18200-aad6-4935-9d4d-16781581cf40
07:57:32.231 [om1-OMStateMachineApplyTransactionThread - 0] ERROR OMAudit - user=runner | ip=127.0.0.1 | op=COMMIT_MULTIPART_UPLOAD_PARTKEY {volume=c1b18200-aad6-4935-9d4d-16781581cf40, bucket=d3bf1520-fd81-400d-b96b-ff9f10392385, key=37a1c357-4e20-4915-aba4-c683b4c32739, dataSize=4, replicationType=NONE, replicationFactor=ZERO, partNumber=1, partName=/c1b18200-aad6-4935-9d4d-16781581cf40/d3bf1520-fd81-400d-b96b-ff9f10392385/37a1c357-4e20-4915-aba4-c683b4c32739-722c5e06-3d5c-4633-baa7-d9f506d5921a-111770222734606343-1} | ret=FAILURE
org.apache.hadoop.ozone.om.exceptions.OMException: No such Multipart upload is with specified uploadId 722c5e06-3d5c-4633-baa7-d9f506d5921a-111770222734606343
	at org.apache.hadoop.ozone.om.request.s3.multipart.S3MultipartUploadCommitPartRequest.validateAndUpdateCache(S3MultipartUploadCommitPartRequest.java:190) ~[ozone-manager-1.5.0-SNAPSHOT.jar:?]
	at org.apache.hadoop.ozone.protocolPB.OzoneManagerRequestHandler.lambda$0(OzoneManagerRequestHandler.java:403) ~[ozone-manager-1.5.0-SNAPSHOT.jar:?]
	at org.apache.hadoop.util.MetricUtil.captureLatencyNs(MetricUtil.java:45) ~[hdds-common-1.5.0-SNAPSHOT.jar:?]
	at org.apache.hadoop.ozone.protocolPB.OzoneManagerRequestHandler.handleWriteRequest(OzoneManagerRequestHandler.java:399) ~[ozone-manager-1.5.0-SNAPSHOT.jar:?]
	at org.apache.hadoop.ozone.om.ratis.OzoneManagerStateMachine.runCommand(OzoneManagerStateMachine.java:559) ~[ozone-manager-1.5.0-SNAPSHOT.jar:?]
	at org.apache.hadoop.ozone.om.ratis.OzoneManagerStateMachine.lambda$1(OzoneManagerStateMachine.java:349) ~[ozone-manager-1.5.0-SNAPSHOT.jar:?]
	at java.util.concurrent.CompletableFuture$AsyncSupply.run(CompletableFuture.java:1604) [?:1.8.0_392]
	at java.util.concurrent.ThreadPoolExecutor.runWorker(ThreadPoolExecutor.java:1149) [?:1.8.0_392]
	at java.util.concurrent.ThreadPoolExecutor$Worker.run(ThreadPoolExecutor.java:624) [?:1.8.0_392]
	at java.lang.Thread.run(Thread.java:750) [?:1.8.0_392]
2024-01-17 07:57:32,231 [om1-OMStateMachineApplyTransactionThread - 0] ERROR multipart.S3MultipartUploadCommitPartRequest (S3MultipartUploadCommitPartRequest.java:logResult(330)) - MultipartUpload Commit is failed for Key:37a1c357-4e20-4915-aba4-c683b4c32739 in Volume/Bucket c1b18200-aad6-4935-9d4d-16781581cf40/d3bf1520-fd81-400d-b96b-ff9f10392385
NO_SUCH_MULTIPART_UPLOAD_ERROR org.apache.hadoop.ozone.om.exceptions.OMException: No such Multipart upload is with specified uploadId 722c5e06-3d5c-4633-baa7-d9f506d5921a-111770222734606343
	at org.apache.hadoop.ozone.om.request.s3.multipart.S3MultipartUploadCommitPartRequest.validateAndUpdateCache(S3MultipartUploadCommitPartRequest.java:190)
	at org.apache.hadoop.ozone.protocolPB.OzoneManagerRequestHandler.lambda$0(OzoneManagerRequestHandler.java:403)
	at org.apache.hadoop.util.MetricUtil.captureLatencyNs(MetricUtil.java:45)
	at org.apache.hadoop.ozone.protocolPB.OzoneManagerRequestHandler.handleWriteRequest(OzoneManagerRequestHandler.java:399)
	at org.apache.hadoop.ozone.om.ratis.OzoneManagerStateMachine.runCommand(OzoneManagerStateMachine.java:559)
	at org.apache.hadoop.ozone.om.ratis.OzoneManagerStateMachine.lambda$1(OzoneManagerStateMachine.java:349)
	at java.util.concurrent.CompletableFuture$AsyncSupply.run(CompletableFuture.java:1604)
	at java.util.concurrent.ThreadPoolExecutor.runWorker(ThreadPoolExecutor.java:1149)
	at java.util.concurrent.ThreadPoolExecutor$Worker.run(ThreadPoolExecutor.java:624)
	at java.lang.Thread.run(Thread.java:750)
]]></system-out>
  </testcase>
  <testcase name="testAbortUploadSuccessWithOutAnyParts" classname="org.apache.hadoop.ozone.client.rpc.TestOzoneRpcClientWithRatis" time="0.019">
    <system-out><![CDATA[2024-01-17 07:57:32,234 [main] INFO  rpc.RpcClient (RpcClient.java:createVolume(456)) - Creating Volume: 79c04f82-16b4-441f-9a06-3dff9c432d94, with runner as owner and space quota set to -1 bytes, counts quota set to -1
2024-01-17 07:57:32,237 [om1-OMStateMachineApplyTransactionThread - 0] INFO  volume.OMVolumeCreateRequest (OMVolumeCreateRequest.java:validateAndUpdateCache(198)) - created volume:79c04f82-16b4-441f-9a06-3dff9c432d94 for user:runner
2024-01-17 07:57:32,238 [main] INFO  rpc.RpcClient (RpcClient.java:createBucket(683)) - Creating Bucket: 79c04f82-16b4-441f-9a06-3dff9c432d94/08df063b-c65b-4c11-91ac-c8439f686509, with server-side default bucket layout, runner as owner, Versioning false, Storage Type set to DISK and Encryption set to false, Replication Type set to server-side default replication type, Namespace Quota set to -1, Space Quota set to -1 
2024-01-17 07:57:32,241 [om1-OMStateMachineApplyTransactionThread - 0] INFO  bucket.OMBucketCreateRequest (OMBucketCreateRequest.java:validateAndUpdateCache(296)) - created bucket: 08df063b-c65b-4c11-91ac-c8439f686509 of layout FILE_SYSTEM_OPTIMIZED in volume: 79c04f82-16b4-441f-9a06-3dff9c432d94
]]></system-out>
  </testcase>
  <testcase name="testAbortUploadSuccessWithParts" classname="org.apache.hadoop.ozone.client.rpc.TestOzoneRpcClientWithRatis" time="0.046">
    <system-out><![CDATA[2024-01-17 07:57:32,254 [main] INFO  rpc.RpcClient (RpcClient.java:createVolume(456)) - Creating Volume: cf2d7332-00a6-46d7-8c1b-faa1338b3f57, with runner as owner and space quota set to -1 bytes, counts quota set to -1
2024-01-17 07:57:32,256 [om1-OMStateMachineApplyTransactionThread - 0] INFO  volume.OMVolumeCreateRequest (OMVolumeCreateRequest.java:validateAndUpdateCache(198)) - created volume:cf2d7332-00a6-46d7-8c1b-faa1338b3f57 for user:runner
2024-01-17 07:57:32,258 [main] INFO  rpc.RpcClient (RpcClient.java:createBucket(683)) - Creating Bucket: cf2d7332-00a6-46d7-8c1b-faa1338b3f57/506282e0-3163-4396-b2e5-936ea8cd4dd8, with server-side default bucket layout, runner as owner, Versioning false, Storage Type set to DISK and Encryption set to false, Replication Type set to server-side default replication type, Namespace Quota set to -1, Space Quota set to -1 
2024-01-17 07:57:32,261 [om1-OMStateMachineApplyTransactionThread - 0] INFO  bucket.OMBucketCreateRequest (OMBucketCreateRequest.java:validateAndUpdateCache(296)) - created bucket: 506282e0-3163-4396-b2e5-936ea8cd4dd8 of layout FILE_SYSTEM_OPTIMIZED in volume: cf2d7332-00a6-46d7-8c1b-faa1338b3f57
]]></system-out>
  </testcase>
  <testcase name="testAclsAfterCallingSetBucketProperty" classname="org.apache.hadoop.ozone.client.rpc.TestOzoneRpcClientWithRatis" time="0.029">
    <system-out><![CDATA[2024-01-17 07:57:32,301 [main] INFO  rpc.RpcClient (RpcClient.java:createVolume(456)) - Creating Volume: d9edf0b5-946f-4683-9a01-33eacb316391, with runner as owner and space quota set to -1 bytes, counts quota set to -1
2024-01-17 07:57:32,303 [om1-OMStateMachineApplyTransactionThread - 0] INFO  volume.OMVolumeCreateRequest (OMVolumeCreateRequest.java:validateAndUpdateCache(198)) - created volume:d9edf0b5-946f-4683-9a01-33eacb316391 for user:runner
2024-01-17 07:57:32,306 [main] INFO  rpc.RpcClient (RpcClient.java:createBucket(683)) - Creating Bucket: d9edf0b5-946f-4683-9a01-33eacb316391/45f4a144-b1e8-4539-a4f4-165bc4084477, with server-side default bucket layout, runner as owner, Versioning false, Storage Type set to DISK and Encryption set to false, Replication Type set to server-side default replication type, Namespace Quota set to -1, Space Quota set to -1 
2024-01-17 07:57:32,308 [om1-OMStateMachineApplyTransactionThread - 0] INFO  bucket.OMBucketCreateRequest (OMBucketCreateRequest.java:validateAndUpdateCache(296)) - created bucket: 45f4a144-b1e8-4539-a4f4-165bc4084477 of layout FILE_SYSTEM_OPTIMIZED in volume: d9edf0b5-946f-4683-9a01-33eacb316391
]]></system-out>
  </testcase>
  <testcase name="testAddBucketAcl" classname="org.apache.hadoop.ozone.client.rpc.TestOzoneRpcClientWithRatis" time="0.056">
    <system-out><![CDATA[2024-01-17 07:57:32,331 [main] INFO  rpc.RpcClient (RpcClient.java:createVolume(456)) - Creating Volume: c8395739-9a29-4991-9eab-aba414661e4b, with runner as owner and space quota set to -1 bytes, counts quota set to -1
2024-01-17 07:57:32,333 [om1-OMStateMachineApplyTransactionThread - 0] INFO  volume.OMVolumeCreateRequest (OMVolumeCreateRequest.java:validateAndUpdateCache(198)) - created volume:c8395739-9a29-4991-9eab-aba414661e4b for user:runner
2024-01-17 07:57:32,335 [main] INFO  rpc.RpcClient (RpcClient.java:createBucket(683)) - Creating Bucket: c8395739-9a29-4991-9eab-aba414661e4b/5cfdab65-e031-4df7-afbe-f14c2223492d, with server-side default bucket layout, runner as owner, Versioning false, Storage Type set to DISK and Encryption set to false, Replication Type set to server-side default replication type, Namespace Quota set to -1, Space Quota set to -1 
2024-01-17 07:57:32,337 [om1-OMStateMachineApplyTransactionThread - 0] INFO  bucket.OMBucketCreateRequest (OMBucketCreateRequest.java:validateAndUpdateCache(296)) - created bucket: 5cfdab65-e031-4df7-afbe-f14c2223492d of layout FILE_SYSTEM_OPTIMIZED in volume: c8395739-9a29-4991-9eab-aba414661e4b
]]></system-out>
  </testcase>
  <testcase name="testBucketQuota(ReplicationConfig)[1]" classname="org.apache.hadoop.ozone.client.rpc.TestOzoneRpcClientWithRatis" time="0.415">
    <system-out><![CDATA[2024-01-17 07:57:32,391 [main] INFO  rpc.RpcClient (RpcClient.java:createVolume(456)) - Creating Volume: 9158d9a0-73ff-41e5-9cbe-6b998e093916, with runner as owner and space quota set to -1 bytes, counts quota set to -1
2024-01-17 07:57:32,394 [om1-OMStateMachineApplyTransactionThread - 0] INFO  volume.OMVolumeCreateRequest (OMVolumeCreateRequest.java:validateAndUpdateCache(198)) - created volume:9158d9a0-73ff-41e5-9cbe-6b998e093916 for user:runner
2024-01-17 07:57:32,396 [main] INFO  rpc.RpcClient (RpcClient.java:createBucket(683)) - Creating Bucket: 9158d9a0-73ff-41e5-9cbe-6b998e093916/e48affc8-f9b9-4cf9-819a-e0751bda6047, with server-side default bucket layout, runner as owner, Versioning false, Storage Type set to DISK and Encryption set to false, Replication Type set to server-side default replication type, Namespace Quota set to -1, Space Quota set to -1 
2024-01-17 07:57:32,399 [om1-OMStateMachineApplyTransactionThread - 0] INFO  bucket.OMBucketCreateRequest (OMBucketCreateRequest.java:validateAndUpdateCache(296)) - created bucket: e48affc8-f9b9-4cf9-819a-e0751bda6047 of layout FILE_SYSTEM_OPTIMIZED in volume: 9158d9a0-73ff-41e5-9cbe-6b998e093916
2024-01-17 07:57:32,445 [main] INFO  rpc.RpcClient (RpcClient.java:createVolume(456)) - Creating Volume: 9f4eaeae-d346-40f2-86b0-8ac3033cede1, with runner as owner and space quota set to -1 bytes, counts quota set to -1
2024-01-17 07:57:32,448 [om1-OMStateMachineApplyTransactionThread - 0] INFO  volume.OMVolumeCreateRequest (OMVolumeCreateRequest.java:validateAndUpdateCache(198)) - created volume:9f4eaeae-d346-40f2-86b0-8ac3033cede1 for user:runner
2024-01-17 07:57:32,449 [main] INFO  rpc.RpcClient (RpcClient.java:createBucket(683)) - Creating Bucket: 9f4eaeae-d346-40f2-86b0-8ac3033cede1/0f3af173-9fa7-4063-825c-292b4d6736dc, with server-side default bucket layout, runner as owner, Versioning false, Storage Type set to DISK and Encryption set to false, Replication Type set to server-side default replication type, Namespace Quota set to -1, Space Quota set to -1 
2024-01-17 07:57:32,451 [om1-OMStateMachineApplyTransactionThread - 0] INFO  bucket.OMBucketCreateRequest (OMBucketCreateRequest.java:validateAndUpdateCache(296)) - created bucket: 0f3af173-9fa7-4063-825c-292b4d6736dc of layout FILE_SYSTEM_OPTIMIZED in volume: 9f4eaeae-d346-40f2-86b0-8ac3033cede1
2024-01-17 07:57:32,513 [main] INFO  rpc.RpcClient (RpcClient.java:createVolume(456)) - Creating Volume: 6a309304-879d-4064-b95f-d9e0ab1236b9, with runner as owner and space quota set to -1 bytes, counts quota set to -1
2024-01-17 07:57:32,516 [om1-OMStateMachineApplyTransactionThread - 0] INFO  volume.OMVolumeCreateRequest (OMVolumeCreateRequest.java:validateAndUpdateCache(198)) - created volume:6a309304-879d-4064-b95f-d9e0ab1236b9 for user:runner
2024-01-17 07:57:32,518 [main] INFO  rpc.RpcClient (RpcClient.java:createBucket(683)) - Creating Bucket: 6a309304-879d-4064-b95f-d9e0ab1236b9/6a082e09-c688-41c8-b1a8-61fb462a8284, with server-side default bucket layout, runner as owner, Versioning false, Storage Type set to DISK and Encryption set to false, Replication Type set to server-side default replication type, Namespace Quota set to -1, Space Quota set to -1 
2024-01-17 07:57:32,520 [om1-OMStateMachineApplyTransactionThread - 0] INFO  bucket.OMBucketCreateRequest (OMBucketCreateRequest.java:validateAndUpdateCache(296)) - created bucket: 6a082e09-c688-41c8-b1a8-61fb462a8284 of layout FILE_SYSTEM_OPTIMIZED in volume: 6a309304-879d-4064-b95f-d9e0ab1236b9
2024-01-17 07:57:32,648 [main] INFO  rpc.RpcClient (RpcClient.java:createVolume(456)) - Creating Volume: 4c934a3e-95de-49c1-8808-34411d83f490, with runner as owner and space quota set to -1 bytes, counts quota set to -1
2024-01-17 07:57:32,650 [om1-OMStateMachineApplyTransactionThread - 0] INFO  volume.OMVolumeCreateRequest (OMVolumeCreateRequest.java:validateAndUpdateCache(198)) - created volume:4c934a3e-95de-49c1-8808-34411d83f490 for user:runner
2024-01-17 07:57:32,652 [main] INFO  rpc.RpcClient (RpcClient.java:createBucket(683)) - Creating Bucket: 4c934a3e-95de-49c1-8808-34411d83f490/25dc79fd-aa9b-4f15-9d4b-5ac0fd59d7e6, with server-side default bucket layout, runner as owner, Versioning false, Storage Type set to DISK and Encryption set to false, Replication Type set to server-side default replication type, Namespace Quota set to -1, Space Quota set to -1 
2024-01-17 07:57:32,654 [om1-OMStateMachineApplyTransactionThread - 0] INFO  bucket.OMBucketCreateRequest (OMBucketCreateRequest.java:validateAndUpdateCache(296)) - created bucket: 25dc79fd-aa9b-4f15-9d4b-5ac0fd59d7e6 of layout FILE_SYSTEM_OPTIMIZED in volume: 4c934a3e-95de-49c1-8808-34411d83f490
]]></system-out>
  </testcase>
  <testcase name="testBucketQuota(ReplicationConfig)[2]" classname="org.apache.hadoop.ozone.client.rpc.TestOzoneRpcClientWithRatis" time="2.617">
    <system-out><![CDATA[2024-01-17 07:57:32,807 [main] INFO  rpc.RpcClient (RpcClient.java:createVolume(456)) - Creating Volume: 04e0b270-baef-4742-9fc8-8b5d2014e732, with runner as owner and space quota set to -1 bytes, counts quota set to -1
2024-01-17 07:57:32,809 [om1-OMStateMachineApplyTransactionThread - 0] INFO  volume.OMVolumeCreateRequest (OMVolumeCreateRequest.java:validateAndUpdateCache(198)) - created volume:04e0b270-baef-4742-9fc8-8b5d2014e732 for user:runner
2024-01-17 07:57:32,811 [main] INFO  rpc.RpcClient (RpcClient.java:createBucket(683)) - Creating Bucket: 04e0b270-baef-4742-9fc8-8b5d2014e732/151176fa-5531-45fe-a6b0-68e5fa7c937a, with server-side default bucket layout, runner as owner, Versioning false, Storage Type set to DISK and Encryption set to false, Replication Type set to server-side default replication type, Namespace Quota set to -1, Space Quota set to -1 
2024-01-17 07:57:32,813 [om1-OMStateMachineApplyTransactionThread - 0] INFO  bucket.OMBucketCreateRequest (OMBucketCreateRequest.java:validateAndUpdateCache(296)) - created bucket: 151176fa-5531-45fe-a6b0-68e5fa7c937a of layout FILE_SYSTEM_OPTIMIZED in volume: 04e0b270-baef-4742-9fc8-8b5d2014e732
2024-01-17 07:57:32,852 [main] INFO  rpc.RpcClient (RpcClient.java:createVolume(456)) - Creating Volume: 6a840613-9c26-403c-94ab-f361a3fd38ee, with runner as owner and space quota set to -1 bytes, counts quota set to -1
2024-01-17 07:57:32,854 [om1-OMStateMachineApplyTransactionThread - 0] INFO  volume.OMVolumeCreateRequest (OMVolumeCreateRequest.java:validateAndUpdateCache(198)) - created volume:6a840613-9c26-403c-94ab-f361a3fd38ee for user:runner
2024-01-17 07:57:32,855 [main] INFO  rpc.RpcClient (RpcClient.java:createBucket(683)) - Creating Bucket: 6a840613-9c26-403c-94ab-f361a3fd38ee/daf190f6-3ed7-4115-9a06-8a7025862441, with server-side default bucket layout, runner as owner, Versioning false, Storage Type set to DISK and Encryption set to false, Replication Type set to server-side default replication type, Namespace Quota set to -1, Space Quota set to -1 
2024-01-17 07:57:32,857 [om1-OMStateMachineApplyTransactionThread - 0] INFO  bucket.OMBucketCreateRequest (OMBucketCreateRequest.java:validateAndUpdateCache(296)) - created bucket: daf190f6-3ed7-4115-9a06-8a7025862441 of layout FILE_SYSTEM_OPTIMIZED in volume: 6a840613-9c26-403c-94ab-f361a3fd38ee
2024-01-17 07:57:33,033 [main] INFO  rpc.RpcClient (RpcClient.java:createVolume(456)) - Creating Volume: 84dcb47c-14d8-406f-a248-b52ce20f4106, with runner as owner and space quota set to -1 bytes, counts quota set to -1
2024-01-17 07:57:33,035 [om1-OMStateMachineApplyTransactionThread - 0] INFO  volume.OMVolumeCreateRequest (OMVolumeCreateRequest.java:validateAndUpdateCache(198)) - created volume:84dcb47c-14d8-406f-a248-b52ce20f4106 for user:runner
2024-01-17 07:57:33,037 [main] INFO  rpc.RpcClient (RpcClient.java:createBucket(683)) - Creating Bucket: 84dcb47c-14d8-406f-a248-b52ce20f4106/ebe2d821-3abf-4971-83d8-b80668637fe1, with server-side default bucket layout, runner as owner, Versioning false, Storage Type set to DISK and Encryption set to false, Replication Type set to server-side default replication type, Namespace Quota set to -1, Space Quota set to -1 
2024-01-17 07:57:33,039 [om1-OMStateMachineApplyTransactionThread - 0] INFO  bucket.OMBucketCreateRequest (OMBucketCreateRequest.java:validateAndUpdateCache(296)) - created bucket: ebe2d821-3abf-4971-83d8-b80668637fe1 of layout FILE_SYSTEM_OPTIMIZED in volume: 84dcb47c-14d8-406f-a248-b52ce20f4106
2024-01-17 07:57:33,421 [main] INFO  rpc.RpcClient (RpcClient.java:createVolume(456)) - Creating Volume: 03f8b391-427e-454b-b7cd-cd7fdf0f4477, with runner as owner and space quota set to -1 bytes, counts quota set to -1
2024-01-17 07:57:33,423 [om1-OMStateMachineApplyTransactionThread - 0] INFO  volume.OMVolumeCreateRequest (OMVolumeCreateRequest.java:validateAndUpdateCache(198)) - created volume:03f8b391-427e-454b-b7cd-cd7fdf0f4477 for user:runner
2024-01-17 07:57:33,424 [main] INFO  rpc.RpcClient (RpcClient.java:createBucket(683)) - Creating Bucket: 03f8b391-427e-454b-b7cd-cd7fdf0f4477/100580ef-8e22-4bdd-b961-4e78031c5a9e, with server-side default bucket layout, runner as owner, Versioning false, Storage Type set to DISK and Encryption set to false, Replication Type set to server-side default replication type, Namespace Quota set to -1, Space Quota set to -1 
2024-01-17 07:57:33,426 [om1-OMStateMachineApplyTransactionThread - 0] INFO  bucket.OMBucketCreateRequest (OMBucketCreateRequest.java:validateAndUpdateCache(296)) - created bucket: 100580ef-8e22-4bdd-b961-4e78031c5a9e of layout FILE_SYSTEM_OPTIMIZED in volume: 03f8b391-427e-454b-b7cd-cd7fdf0f4477
2024-01-17 07:57:33,823 [main] INFO  rpc.RpcClient (RpcClient.java:createVolume(456)) - Creating Volume: f7918eb5-683e-43df-9175-8691dfc653b9, with runner as owner and space quota set to -1 bytes, counts quota set to -1
2024-01-17 07:57:33,825 [om1-OMStateMachineApplyTransactionThread - 0] INFO  volume.OMVolumeCreateRequest (OMVolumeCreateRequest.java:validateAndUpdateCache(198)) - created volume:f7918eb5-683e-43df-9175-8691dfc653b9 for user:runner
2024-01-17 07:57:33,828 [main] INFO  rpc.RpcClient (RpcClient.java:createBucket(683)) - Creating Bucket: f7918eb5-683e-43df-9175-8691dfc653b9/00324920-4c2a-4d39-8467-55e5c9b842b3, with server-side default bucket layout, runner as owner, Versioning false, Storage Type set to DISK and Encryption set to false, Replication Type set to server-side default replication type, Namespace Quota set to -1, Space Quota set to -1 
2024-01-17 07:57:33,830 [om1-OMStateMachineApplyTransactionThread - 0] INFO  bucket.OMBucketCreateRequest (OMBucketCreateRequest.java:validateAndUpdateCache(296)) - created bucket: 00324920-4c2a-4d39-8467-55e5c9b842b3 of layout FILE_SYSTEM_OPTIMIZED in volume: f7918eb5-683e-43df-9175-8691dfc653b9
2024-01-17 07:57:34,235 [main] INFO  rpc.RpcClient (RpcClient.java:createVolume(456)) - Creating Volume: 53e8b724-cbea-4d3a-9ef3-4123fec52e3d, with runner as owner and space quota set to -1 bytes, counts quota set to -1
2024-01-17 07:57:34,237 [om1-OMStateMachineApplyTransactionThread - 0] INFO  volume.OMVolumeCreateRequest (OMVolumeCreateRequest.java:validateAndUpdateCache(198)) - created volume:53e8b724-cbea-4d3a-9ef3-4123fec52e3d for user:runner
2024-01-17 07:57:34,239 [main] INFO  rpc.RpcClient (RpcClient.java:createBucket(683)) - Creating Bucket: 53e8b724-cbea-4d3a-9ef3-4123fec52e3d/e7f2db4a-7c12-4fab-b5fe-0b6312e7e263, with server-side default bucket layout, runner as owner, Versioning false, Storage Type set to DISK and Encryption set to false, Replication Type set to server-side default replication type, Namespace Quota set to -1, Space Quota set to -1 
2024-01-17 07:57:34,241 [om1-OMStateMachineApplyTransactionThread - 0] INFO  bucket.OMBucketCreateRequest (OMBucketCreateRequest.java:validateAndUpdateCache(296)) - created bucket: e7f2db4a-7c12-4fab-b5fe-0b6312e7e263 of layout FILE_SYSTEM_OPTIMIZED in volume: 53e8b724-cbea-4d3a-9ef3-4123fec52e3d
2024-01-17 07:57:34,593 [main] INFO  rpc.RpcClient (RpcClient.java:createVolume(456)) - Creating Volume: 4ec7416d-aacf-448b-87dd-8228b7eb6deb, with runner as owner and space quota set to -1 bytes, counts quota set to -1
2024-01-17 07:57:34,595 [om1-OMStateMachineApplyTransactionThread - 0] INFO  volume.OMVolumeCreateRequest (OMVolumeCreateRequest.java:validateAndUpdateCache(198)) - created volume:4ec7416d-aacf-448b-87dd-8228b7eb6deb for user:runner
2024-01-17 07:57:34,597 [main] INFO  rpc.RpcClient (RpcClient.java:createBucket(683)) - Creating Bucket: 4ec7416d-aacf-448b-87dd-8228b7eb6deb/00d9c8f4-a339-4220-ab47-5d344db3f606, with server-side default bucket layout, runner as owner, Versioning false, Storage Type set to DISK and Encryption set to false, Replication Type set to server-side default replication type, Namespace Quota set to -1, Space Quota set to -1 
2024-01-17 07:57:34,599 [om1-OMStateMachineApplyTransactionThread - 0] INFO  bucket.OMBucketCreateRequest (OMBucketCreateRequest.java:validateAndUpdateCache(296)) - created bucket: 00d9c8f4-a339-4220-ab47-5d344db3f606 of layout FILE_SYSTEM_OPTIMIZED in volume: 4ec7416d-aacf-448b-87dd-8228b7eb6deb
2024-01-17 07:57:35,063 [main] INFO  rpc.RpcClient (RpcClient.java:createVolume(456)) - Creating Volume: a9200e34-1f74-4e8d-bf6d-1b3e97e13fb0, with runner as owner and space quota set to -1 bytes, counts quota set to -1
2024-01-17 07:57:35,065 [om1-OMStateMachineApplyTransactionThread - 0] INFO  volume.OMVolumeCreateRequest (OMVolumeCreateRequest.java:validateAndUpdateCache(198)) - created volume:a9200e34-1f74-4e8d-bf6d-1b3e97e13fb0 for user:runner
2024-01-17 07:57:35,068 [main] INFO  rpc.RpcClient (RpcClient.java:createBucket(683)) - Creating Bucket: a9200e34-1f74-4e8d-bf6d-1b3e97e13fb0/a5c478eb-29d9-4cbd-8dff-458756546211, with server-side default bucket layout, runner as owner, Versioning false, Storage Type set to DISK and Encryption set to false, Replication Type set to server-side default replication type, Namespace Quota set to -1, Space Quota set to -1 
2024-01-17 07:57:35,069 [om1-OMStateMachineApplyTransactionThread - 0] INFO  bucket.OMBucketCreateRequest (OMBucketCreateRequest.java:validateAndUpdateCache(296)) - created bucket: a5c478eb-29d9-4cbd-8dff-458756546211 of layout FILE_SYSTEM_OPTIMIZED in volume: a9200e34-1f74-4e8d-bf6d-1b3e97e13fb0
]]></system-out>
  </testcase>
  <testcase name="testBucketQuota(ReplicationConfig)[3]" classname="org.apache.hadoop.ozone.client.rpc.TestOzoneRpcClientWithRatis" time="2.823">
    <system-out><![CDATA[2024-01-17 07:57:35,425 [main] INFO  rpc.RpcClient (RpcClient.java:createVolume(456)) - Creating Volume: 71769a07-f3a9-4228-99de-934e42bb09ca, with runner as owner and space quota set to -1 bytes, counts quota set to -1
2024-01-17 07:57:35,427 [om1-OMStateMachineApplyTransactionThread - 0] INFO  volume.OMVolumeCreateRequest (OMVolumeCreateRequest.java:validateAndUpdateCache(198)) - created volume:71769a07-f3a9-4228-99de-934e42bb09ca for user:runner
2024-01-17 07:57:35,429 [main] INFO  rpc.RpcClient (RpcClient.java:createBucket(683)) - Creating Bucket: 71769a07-f3a9-4228-99de-934e42bb09ca/efce85b5-7d43-4935-811b-2c6ff4a034fa, with server-side default bucket layout, runner as owner, Versioning false, Storage Type set to DISK and Encryption set to false, Replication Type set to server-side default replication type, Namespace Quota set to -1, Space Quota set to -1 
2024-01-17 07:57:35,431 [om1-OMStateMachineApplyTransactionThread - 0] INFO  bucket.OMBucketCreateRequest (OMBucketCreateRequest.java:validateAndUpdateCache(296)) - created bucket: efce85b5-7d43-4935-811b-2c6ff4a034fa of layout FILE_SYSTEM_OPTIMIZED in volume: 71769a07-f3a9-4228-99de-934e42bb09ca
2024-01-17 07:57:35,438 [IPC Server handler 1 on default port 15001] INFO  algorithms.SCMContainerPlacementRackScatter (SCMContainerPlacementRackScatter.java:chooseDatanodesInternal(370)) - Chosen nodes: [6291adf5-9e71-4549-84cb-13318527388a(fv-az1531-837.hsxikm2gdrvudnct5jqc1oiugc.ex.internal.cloudapp.net/10.1.0.6), 8e247bdf-a19d-4cdc-89de-9f1c8249c15f(fv-az1531-837.hsxikm2gdrvudnct5jqc1oiugc.ex.internal.cloudapp.net/10.1.0.6), 4f4a0cbc-a9eb-44f0-8d97-06326de93701(fv-az1531-837.hsxikm2gdrvudnct5jqc1oiugc.ex.internal.cloudapp.net/10.1.0.6), 5865e1e6-01b8-4105-ae74-1d7d4234e7ae(fv-az1531-837.hsxikm2gdrvudnct5jqc1oiugc.ex.internal.cloudapp.net/10.1.0.6), 497ccbea-d6cf-4731-95da-fa3df448bf79(fv-az1531-837.hsxikm2gdrvudnct5jqc1oiugc.ex.internal.cloudapp.net/10.1.0.6)]. isPolicySatisfied: true.
2024-01-17 07:57:35,440 [IPC Server handler 1 on default port 15001] INFO  pipeline.WritableECContainerProvider (WritableECContainerProvider.java:allocateContainer(211)) - Created and opened new pipeline Pipeline[ Id: 81feb7fa-8f67-468b-8a75-0f4166f23df4, Nodes: 6291adf5-9e71-4549-84cb-13318527388a(fv-az1531-837.hsxikm2gdrvudnct5jqc1oiugc.ex.internal.cloudapp.net/10.1.0.6)8e247bdf-a19d-4cdc-89de-9f1c8249c15f(fv-az1531-837.hsxikm2gdrvudnct5jqc1oiugc.ex.internal.cloudapp.net/10.1.0.6)4f4a0cbc-a9eb-44f0-8d97-06326de93701(fv-az1531-837.hsxikm2gdrvudnct5jqc1oiugc.ex.internal.cloudapp.net/10.1.0.6)5865e1e6-01b8-4105-ae74-1d7d4234e7ae(fv-az1531-837.hsxikm2gdrvudnct5jqc1oiugc.ex.internal.cloudapp.net/10.1.0.6)497ccbea-d6cf-4731-95da-fa3df448bf79(fv-az1531-837.hsxikm2gdrvudnct5jqc1oiugc.ex.internal.cloudapp.net/10.1.0.6), ReplicationConfig: EC{rs-3-2-1024k}, State:ALLOCATED, leaderId:, CreationTimestamp2024-01-17T07:57:35.438Z[Etc/UTC]]
2024-01-17 07:57:35,458 [main] WARN  erasurecode.ErasureCodeNative (ErasureCodeNative.java:<clinit>(55)) - ISA-L support is not available in your platform... using builtin-java codec where applicable
2024-01-17 07:57:35,546 [IPC Server handler 8 on default port 15001] INFO  algorithms.SCMContainerPlacementRackScatter (SCMContainerPlacementRackScatter.java:chooseDatanodesInternal(370)) - Chosen nodes: [bdef3149-2cc3-439b-89a6-09b93146a606(fv-az1531-837.hsxikm2gdrvudnct5jqc1oiugc.ex.internal.cloudapp.net/10.1.0.6), 0f18b96a-e4aa-46f4-b611-a6948cf06a42(fv-az1531-837.hsxikm2gdrvudnct5jqc1oiugc.ex.internal.cloudapp.net/10.1.0.6), 5865e1e6-01b8-4105-ae74-1d7d4234e7ae(fv-az1531-837.hsxikm2gdrvudnct5jqc1oiugc.ex.internal.cloudapp.net/10.1.0.6), 6291adf5-9e71-4549-84cb-13318527388a(fv-az1531-837.hsxikm2gdrvudnct5jqc1oiugc.ex.internal.cloudapp.net/10.1.0.6), 597b9f4b-0aac-4425-bf2d-48884e3709f6(fv-az1531-837.hsxikm2gdrvudnct5jqc1oiugc.ex.internal.cloudapp.net/10.1.0.6)]. isPolicySatisfied: true.
2024-01-17 07:57:35,548 [IPC Server handler 8 on default port 15001] INFO  pipeline.WritableECContainerProvider (WritableECContainerProvider.java:allocateContainer(211)) - Created and opened new pipeline Pipeline[ Id: 42d9fd65-28e9-4dda-b531-e1c9f4440012, Nodes: bdef3149-2cc3-439b-89a6-09b93146a606(fv-az1531-837.hsxikm2gdrvudnct5jqc1oiugc.ex.internal.cloudapp.net/10.1.0.6)0f18b96a-e4aa-46f4-b611-a6948cf06a42(fv-az1531-837.hsxikm2gdrvudnct5jqc1oiugc.ex.internal.cloudapp.net/10.1.0.6)5865e1e6-01b8-4105-ae74-1d7d4234e7ae(fv-az1531-837.hsxikm2gdrvudnct5jqc1oiugc.ex.internal.cloudapp.net/10.1.0.6)6291adf5-9e71-4549-84cb-13318527388a(fv-az1531-837.hsxikm2gdrvudnct5jqc1oiugc.ex.internal.cloudapp.net/10.1.0.6)597b9f4b-0aac-4425-bf2d-48884e3709f6(fv-az1531-837.hsxikm2gdrvudnct5jqc1oiugc.ex.internal.cloudapp.net/10.1.0.6), ReplicationConfig: EC{rs-3-2-1024k}, State:ALLOCATED, leaderId:, CreationTimestamp2024-01-17T07:57:35.546Z[Etc/UTC]]
2024-01-17 07:57:35,570 [main] INFO  rpc.RpcClient (RpcClient.java:createVolume(456)) - Creating Volume: b967b42d-1585-44ff-b801-128152b8034a, with runner as owner and space quota set to -1 bytes, counts quota set to -1
2024-01-17 07:57:35,571 [om1-OMStateMachineApplyTransactionThread - 0] INFO  volume.OMVolumeCreateRequest (OMVolumeCreateRequest.java:validateAndUpdateCache(198)) - created volume:b967b42d-1585-44ff-b801-128152b8034a for user:runner
2024-01-17 07:57:35,573 [main] INFO  rpc.RpcClient (RpcClient.java:createBucket(683)) - Creating Bucket: b967b42d-1585-44ff-b801-128152b8034a/c60a8ebb-2d49-4d5e-8595-5a13e95a1c3e, with server-side default bucket layout, runner as owner, Versioning false, Storage Type set to DISK and Encryption set to false, Replication Type set to server-side default replication type, Namespace Quota set to -1, Space Quota set to -1 
2024-01-17 07:57:35,583 [om1-OMStateMachineApplyTransactionThread - 0] INFO  bucket.OMBucketCreateRequest (OMBucketCreateRequest.java:validateAndUpdateCache(296)) - created bucket: c60a8ebb-2d49-4d5e-8595-5a13e95a1c3e of layout FILE_SYSTEM_OPTIMIZED in volume: b967b42d-1585-44ff-b801-128152b8034a
2024-01-17 07:57:35,587 [IPC Server handler 10 on default port 15001] INFO  algorithms.SCMContainerPlacementRackScatter (SCMContainerPlacementRackScatter.java:chooseDatanodesInternal(370)) - Chosen nodes: [8e247bdf-a19d-4cdc-89de-9f1c8249c15f(fv-az1531-837.hsxikm2gdrvudnct5jqc1oiugc.ex.internal.cloudapp.net/10.1.0.6), 2f83d896-2cfa-4348-ab65-ff7be0e3606c(fv-az1531-837.hsxikm2gdrvudnct5jqc1oiugc.ex.internal.cloudapp.net/10.1.0.6), 497ccbea-d6cf-4731-95da-fa3df448bf79(fv-az1531-837.hsxikm2gdrvudnct5jqc1oiugc.ex.internal.cloudapp.net/10.1.0.6), e98e7f84-7e90-42c0-bf2b-bf94ba8f7864(fv-az1531-837.hsxikm2gdrvudnct5jqc1oiugc.ex.internal.cloudapp.net/10.1.0.6), eb5c9b0d-19e6-4136-9089-8a3b0879ad33(fv-az1531-837.hsxikm2gdrvudnct5jqc1oiugc.ex.internal.cloudapp.net/10.1.0.6)]. isPolicySatisfied: true.
2024-01-17 07:57:35,589 [IPC Server handler 10 on default port 15001] INFO  pipeline.WritableECContainerProvider (WritableECContainerProvider.java:allocateContainer(211)) - Created and opened new pipeline Pipeline[ Id: fcc85ebe-0018-4604-a628-b7ef305991b1, Nodes: 8e247bdf-a19d-4cdc-89de-9f1c8249c15f(fv-az1531-837.hsxikm2gdrvudnct5jqc1oiugc.ex.internal.cloudapp.net/10.1.0.6)2f83d896-2cfa-4348-ab65-ff7be0e3606c(fv-az1531-837.hsxikm2gdrvudnct5jqc1oiugc.ex.internal.cloudapp.net/10.1.0.6)497ccbea-d6cf-4731-95da-fa3df448bf79(fv-az1531-837.hsxikm2gdrvudnct5jqc1oiugc.ex.internal.cloudapp.net/10.1.0.6)e98e7f84-7e90-42c0-bf2b-bf94ba8f7864(fv-az1531-837.hsxikm2gdrvudnct5jqc1oiugc.ex.internal.cloudapp.net/10.1.0.6)eb5c9b0d-19e6-4136-9089-8a3b0879ad33(fv-az1531-837.hsxikm2gdrvudnct5jqc1oiugc.ex.internal.cloudapp.net/10.1.0.6), ReplicationConfig: EC{rs-3-2-1024k}, State:ALLOCATED, leaderId:, CreationTimestamp2024-01-17T07:57:35.587Z[Etc/UTC]]
2024-01-17 07:57:35,687 [IPC Server handler 12 on default port 15001] INFO  algorithms.SCMContainerPlacementRackScatter (SCMContainerPlacementRackScatter.java:chooseDatanodesInternal(370)) - Chosen nodes: [0f18b96a-e4aa-46f4-b611-a6948cf06a42(fv-az1531-837.hsxikm2gdrvudnct5jqc1oiugc.ex.internal.cloudapp.net/10.1.0.6), 6291adf5-9e71-4549-84cb-13318527388a(fv-az1531-837.hsxikm2gdrvudnct5jqc1oiugc.ex.internal.cloudapp.net/10.1.0.6), 497ccbea-d6cf-4731-95da-fa3df448bf79(fv-az1531-837.hsxikm2gdrvudnct5jqc1oiugc.ex.internal.cloudapp.net/10.1.0.6), e98e7f84-7e90-42c0-bf2b-bf94ba8f7864(fv-az1531-837.hsxikm2gdrvudnct5jqc1oiugc.ex.internal.cloudapp.net/10.1.0.6), eb5c9b0d-19e6-4136-9089-8a3b0879ad33(fv-az1531-837.hsxikm2gdrvudnct5jqc1oiugc.ex.internal.cloudapp.net/10.1.0.6)]. isPolicySatisfied: true.
2024-01-17 07:57:35,689 [IPC Server handler 12 on default port 15001] INFO  pipeline.WritableECContainerProvider (WritableECContainerProvider.java:allocateContainer(211)) - Created and opened new pipeline Pipeline[ Id: dcd13dcc-4251-41c5-9261-260a4ff0a942, Nodes: 0f18b96a-e4aa-46f4-b611-a6948cf06a42(fv-az1531-837.hsxikm2gdrvudnct5jqc1oiugc.ex.internal.cloudapp.net/10.1.0.6)6291adf5-9e71-4549-84cb-13318527388a(fv-az1531-837.hsxikm2gdrvudnct5jqc1oiugc.ex.internal.cloudapp.net/10.1.0.6)497ccbea-d6cf-4731-95da-fa3df448bf79(fv-az1531-837.hsxikm2gdrvudnct5jqc1oiugc.ex.internal.cloudapp.net/10.1.0.6)e98e7f84-7e90-42c0-bf2b-bf94ba8f7864(fv-az1531-837.hsxikm2gdrvudnct5jqc1oiugc.ex.internal.cloudapp.net/10.1.0.6)eb5c9b0d-19e6-4136-9089-8a3b0879ad33(fv-az1531-837.hsxikm2gdrvudnct5jqc1oiugc.ex.internal.cloudapp.net/10.1.0.6), ReplicationConfig: EC{rs-3-2-1024k}, State:ALLOCATED, leaderId:, CreationTimestamp2024-01-17T07:57:35.687Z[Etc/UTC]]
2024-01-17 07:57:35,775 [main] INFO  rpc.RpcClient (RpcClient.java:createVolume(456)) - Creating Volume: 8a20d9ad-fa41-44cb-aa0c-ed2182ef9906, with runner as owner and space quota set to -1 bytes, counts quota set to -1
2024-01-17 07:57:35,777 [om1-OMStateMachineApplyTransactionThread - 0] INFO  volume.OMVolumeCreateRequest (OMVolumeCreateRequest.java:validateAndUpdateCache(198)) - created volume:8a20d9ad-fa41-44cb-aa0c-ed2182ef9906 for user:runner
2024-01-17 07:57:35,778 [main] INFO  rpc.RpcClient (RpcClient.java:createBucket(683)) - Creating Bucket: 8a20d9ad-fa41-44cb-aa0c-ed2182ef9906/29a5cfb5-574c-4af1-8acc-60ac7aee28f6, with server-side default bucket layout, runner as owner, Versioning false, Storage Type set to DISK and Encryption set to false, Replication Type set to server-side default replication type, Namespace Quota set to -1, Space Quota set to -1 
2024-01-17 07:57:35,780 [om1-OMStateMachineApplyTransactionThread - 0] INFO  bucket.OMBucketCreateRequest (OMBucketCreateRequest.java:validateAndUpdateCache(296)) - created bucket: 29a5cfb5-574c-4af1-8acc-60ac7aee28f6 of layout FILE_SYSTEM_OPTIMIZED in volume: 8a20d9ad-fa41-44cb-aa0c-ed2182ef9906
2024-01-17 07:57:35,784 [IPC Server handler 22 on default port 15001] INFO  algorithms.SCMContainerPlacementRackScatter (SCMContainerPlacementRackScatter.java:chooseDatanodesInternal(370)) - Chosen nodes: [4f4a0cbc-a9eb-44f0-8d97-06326de93701(fv-az1531-837.hsxikm2gdrvudnct5jqc1oiugc.ex.internal.cloudapp.net/10.1.0.6), 8d67fbbe-ad76-4934-bcfb-c8cae0dbbecb(fv-az1531-837.hsxikm2gdrvudnct5jqc1oiugc.ex.internal.cloudapp.net/10.1.0.6), 1bb81a9c-1547-435f-9d81-d5fca49fbc06(fv-az1531-837.hsxikm2gdrvudnct5jqc1oiugc.ex.internal.cloudapp.net/10.1.0.6), 6291adf5-9e71-4549-84cb-13318527388a(fv-az1531-837.hsxikm2gdrvudnct5jqc1oiugc.ex.internal.cloudapp.net/10.1.0.6), e98e7f84-7e90-42c0-bf2b-bf94ba8f7864(fv-az1531-837.hsxikm2gdrvudnct5jqc1oiugc.ex.internal.cloudapp.net/10.1.0.6)]. isPolicySatisfied: true.
2024-01-17 07:57:35,786 [IPC Server handler 22 on default port 15001] INFO  pipeline.WritableECContainerProvider (WritableECContainerProvider.java:allocateContainer(211)) - Created and opened new pipeline Pipeline[ Id: 7d63d09f-459f-4bb8-8030-3342db8e8fde, Nodes: 4f4a0cbc-a9eb-44f0-8d97-06326de93701(fv-az1531-837.hsxikm2gdrvudnct5jqc1oiugc.ex.internal.cloudapp.net/10.1.0.6)8d67fbbe-ad76-4934-bcfb-c8cae0dbbecb(fv-az1531-837.hsxikm2gdrvudnct5jqc1oiugc.ex.internal.cloudapp.net/10.1.0.6)1bb81a9c-1547-435f-9d81-d5fca49fbc06(fv-az1531-837.hsxikm2gdrvudnct5jqc1oiugc.ex.internal.cloudapp.net/10.1.0.6)6291adf5-9e71-4549-84cb-13318527388a(fv-az1531-837.hsxikm2gdrvudnct5jqc1oiugc.ex.internal.cloudapp.net/10.1.0.6)e98e7f84-7e90-42c0-bf2b-bf94ba8f7864(fv-az1531-837.hsxikm2gdrvudnct5jqc1oiugc.ex.internal.cloudapp.net/10.1.0.6), ReplicationConfig: EC{rs-3-2-1024k}, State:ALLOCATED, leaderId:, CreationTimestamp2024-01-17T07:57:35.784Z[Etc/UTC]]
2024-01-17 07:57:36,052 [main] INFO  rpc.RpcClient (RpcClient.java:createVolume(456)) - Creating Volume: 185d1d0b-e003-498f-b285-43b8d9169977, with runner as owner and space quota set to -1 bytes, counts quota set to -1
2024-01-17 07:57:36,054 [om1-OMStateMachineApplyTransactionThread - 0] INFO  volume.OMVolumeCreateRequest (OMVolumeCreateRequest.java:validateAndUpdateCache(198)) - created volume:185d1d0b-e003-498f-b285-43b8d9169977 for user:runner
2024-01-17 07:57:36,055 [main] INFO  rpc.RpcClient (RpcClient.java:createBucket(683)) - Creating Bucket: 185d1d0b-e003-498f-b285-43b8d9169977/a7499462-42d1-49de-afca-b03278d753cc, with server-side default bucket layout, runner as owner, Versioning false, Storage Type set to DISK and Encryption set to false, Replication Type set to server-side default replication type, Namespace Quota set to -1, Space Quota set to -1 
2024-01-17 07:57:36,057 [om1-OMStateMachineApplyTransactionThread - 0] INFO  bucket.OMBucketCreateRequest (OMBucketCreateRequest.java:validateAndUpdateCache(296)) - created bucket: a7499462-42d1-49de-afca-b03278d753cc of layout FILE_SYSTEM_OPTIMIZED in volume: 185d1d0b-e003-498f-b285-43b8d9169977
2024-01-17 07:57:36,253 [main] INFO  rpc.RpcClient (RpcClient.java:createVolume(456)) - Creating Volume: 1919e3b0-21a9-43c3-976f-7ea20c4e272e, with runner as owner and space quota set to -1 bytes, counts quota set to -1
2024-01-17 07:57:36,255 [om1-OMStateMachineApplyTransactionThread - 0] INFO  volume.OMVolumeCreateRequest (OMVolumeCreateRequest.java:validateAndUpdateCache(198)) - created volume:1919e3b0-21a9-43c3-976f-7ea20c4e272e for user:runner
2024-01-17 07:57:36,257 [main] INFO  rpc.RpcClient (RpcClient.java:createBucket(683)) - Creating Bucket: 1919e3b0-21a9-43c3-976f-7ea20c4e272e/f9f127c1-32a4-4a5b-83f0-8394bbe6598b, with server-side default bucket layout, runner as owner, Versioning false, Storage Type set to DISK and Encryption set to false, Replication Type set to server-side default replication type, Namespace Quota set to -1, Space Quota set to -1 
2024-01-17 07:57:36,259 [om1-OMStateMachineApplyTransactionThread - 0] INFO  bucket.OMBucketCreateRequest (OMBucketCreateRequest.java:validateAndUpdateCache(296)) - created bucket: f9f127c1-32a4-4a5b-83f0-8394bbe6598b of layout FILE_SYSTEM_OPTIMIZED in volume: 1919e3b0-21a9-43c3-976f-7ea20c4e272e
2024-01-17 07:57:36,469 [main] INFO  rpc.RpcClient (RpcClient.java:createVolume(456)) - Creating Volume: 56e246d7-8cb5-4258-aba6-a8a1db6cc671, with runner as owner and space quota set to -1 bytes, counts quota set to -1
2024-01-17 07:57:36,471 [om1-OMStateMachineApplyTransactionThread - 0] INFO  volume.OMVolumeCreateRequest (OMVolumeCreateRequest.java:validateAndUpdateCache(198)) - created volume:56e246d7-8cb5-4258-aba6-a8a1db6cc671 for user:runner
2024-01-17 07:57:36,473 [main] INFO  rpc.RpcClient (RpcClient.java:createBucket(683)) - Creating Bucket: 56e246d7-8cb5-4258-aba6-a8a1db6cc671/b7f43b50-b70a-4173-a86c-b2912765f5b3, with server-side default bucket layout, runner as owner, Versioning false, Storage Type set to DISK and Encryption set to false, Replication Type set to server-side default replication type, Namespace Quota set to -1, Space Quota set to -1 
2024-01-17 07:57:36,474 [om1-OMStateMachineApplyTransactionThread - 0] INFO  bucket.OMBucketCreateRequest (OMBucketCreateRequest.java:validateAndUpdateCache(296)) - created bucket: b7f43b50-b70a-4173-a86c-b2912765f5b3 of layout FILE_SYSTEM_OPTIMIZED in volume: 56e246d7-8cb5-4258-aba6-a8a1db6cc671
2024-01-17 07:57:36,668 [main] INFO  rpc.RpcClient (RpcClient.java:createVolume(456)) - Creating Volume: 9b2220e2-aeff-4f69-9055-fd937a1158c5, with runner as owner and space quota set to -1 bytes, counts quota set to -1
2024-01-17 07:57:36,670 [om1-OMStateMachineApplyTransactionThread - 0] INFO  volume.OMVolumeCreateRequest (OMVolumeCreateRequest.java:validateAndUpdateCache(198)) - created volume:9b2220e2-aeff-4f69-9055-fd937a1158c5 for user:runner
2024-01-17 07:57:36,671 [main] INFO  rpc.RpcClient (RpcClient.java:createBucket(683)) - Creating Bucket: 9b2220e2-aeff-4f69-9055-fd937a1158c5/961a46e9-baf0-4567-ba4e-023751b447a3, with server-side default bucket layout, runner as owner, Versioning false, Storage Type set to DISK and Encryption set to false, Replication Type set to server-side default replication type, Namespace Quota set to -1, Space Quota set to -1 
2024-01-17 07:57:36,673 [om1-OMStateMachineApplyTransactionThread - 0] INFO  bucket.OMBucketCreateRequest (OMBucketCreateRequest.java:validateAndUpdateCache(296)) - created bucket: 961a46e9-baf0-4567-ba4e-023751b447a3 of layout FILE_SYSTEM_OPTIMIZED in volume: 9b2220e2-aeff-4f69-9055-fd937a1158c5
2024-01-17 07:57:36,912 [main] INFO  rpc.RpcClient (RpcClient.java:createVolume(456)) - Creating Volume: 65153531-7eac-47d4-9d52-b583bae06655, with runner as owner and space quota set to -1 bytes, counts quota set to -1
2024-01-17 07:57:36,913 [om1-OMStateMachineApplyTransactionThread - 0] INFO  volume.OMVolumeCreateRequest (OMVolumeCreateRequest.java:validateAndUpdateCache(198)) - created volume:65153531-7eac-47d4-9d52-b583bae06655 for user:runner
2024-01-17 07:57:36,915 [main] INFO  rpc.RpcClient (RpcClient.java:createBucket(683)) - Creating Bucket: 65153531-7eac-47d4-9d52-b583bae06655/62e17587-0dba-4e30-af6f-76ae138c4d71, with server-side default bucket layout, runner as owner, Versioning false, Storage Type set to DISK and Encryption set to false, Replication Type set to server-side default replication type, Namespace Quota set to -1, Space Quota set to -1 
2024-01-17 07:57:36,917 [om1-OMStateMachineApplyTransactionThread - 0] INFO  bucket.OMBucketCreateRequest (OMBucketCreateRequest.java:validateAndUpdateCache(296)) - created bucket: 62e17587-0dba-4e30-af6f-76ae138c4d71 of layout FILE_SYSTEM_OPTIMIZED in volume: 65153531-7eac-47d4-9d52-b583bae06655
2024-01-17 07:57:37,160 [main] INFO  rpc.RpcClient (RpcClient.java:createVolume(456)) - Creating Volume: f3d99163-e026-45e4-a1c0-f446d4809bcf, with runner as owner and space quota set to -1 bytes, counts quota set to -1
2024-01-17 07:57:37,161 [om1-OMStateMachineApplyTransactionThread - 0] INFO  volume.OMVolumeCreateRequest (OMVolumeCreateRequest.java:validateAndUpdateCache(198)) - created volume:f3d99163-e026-45e4-a1c0-f446d4809bcf for user:runner
2024-01-17 07:57:37,163 [main] INFO  rpc.RpcClient (RpcClient.java:createBucket(683)) - Creating Bucket: f3d99163-e026-45e4-a1c0-f446d4809bcf/cb88ef6d-9c9d-4c96-9b38-83af212d3711, with server-side default bucket layout, runner as owner, Versioning false, Storage Type set to DISK and Encryption set to false, Replication Type set to server-side default replication type, Namespace Quota set to -1, Space Quota set to -1 
2024-01-17 07:57:37,165 [om1-OMStateMachineApplyTransactionThread - 0] INFO  bucket.OMBucketCreateRequest (OMBucketCreateRequest.java:validateAndUpdateCache(296)) - created bucket: cb88ef6d-9c9d-4c96-9b38-83af212d3711 of layout FILE_SYSTEM_OPTIMIZED in volume: f3d99163-e026-45e4-a1c0-f446d4809bcf
2024-01-17 07:57:37,452 [main] INFO  rpc.RpcClient (RpcClient.java:createVolume(456)) - Creating Volume: 6aadbd78-2117-4519-b1c3-7962e31b1d1e, with runner as owner and space quota set to -1 bytes, counts quota set to -1
2024-01-17 07:57:37,453 [om1-OMStateMachineApplyTransactionThread - 0] INFO  volume.OMVolumeCreateRequest (OMVolumeCreateRequest.java:validateAndUpdateCache(198)) - created volume:6aadbd78-2117-4519-b1c3-7962e31b1d1e for user:runner
2024-01-17 07:57:37,454 [main] INFO  rpc.RpcClient (RpcClient.java:createBucket(683)) - Creating Bucket: 6aadbd78-2117-4519-b1c3-7962e31b1d1e/0049b0f5-ebce-4117-a188-e91cb3ce93c0, with server-side default bucket layout, runner as owner, Versioning false, Storage Type set to DISK and Encryption set to false, Replication Type set to server-side default replication type, Namespace Quota set to -1, Space Quota set to -1 
2024-01-17 07:57:37,456 [om1-OMStateMachineApplyTransactionThread - 0] INFO  bucket.OMBucketCreateRequest (OMBucketCreateRequest.java:validateAndUpdateCache(296)) - created bucket: 0049b0f5-ebce-4117-a188-e91cb3ce93c0 of layout FILE_SYSTEM_OPTIMIZED in volume: 6aadbd78-2117-4519-b1c3-7962e31b1d1e
2024-01-17 07:57:37,710 [main] INFO  rpc.RpcClient (RpcClient.java:createVolume(456)) - Creating Volume: bf1f12f6-ab60-4725-acf1-391ddbe14e0c, with runner as owner and space quota set to -1 bytes, counts quota set to -1
2024-01-17 07:57:37,713 [om1-OMStateMachineApplyTransactionThread - 0] INFO  volume.OMVolumeCreateRequest (OMVolumeCreateRequest.java:validateAndUpdateCache(198)) - created volume:bf1f12f6-ab60-4725-acf1-391ddbe14e0c for user:runner
2024-01-17 07:57:37,714 [main] INFO  rpc.RpcClient (RpcClient.java:createBucket(683)) - Creating Bucket: bf1f12f6-ab60-4725-acf1-391ddbe14e0c/9b00fba3-04a2-44e3-aba8-a2678651bdba, with server-side default bucket layout, runner as owner, Versioning false, Storage Type set to DISK and Encryption set to false, Replication Type set to server-side default replication type, Namespace Quota set to -1, Space Quota set to -1 
2024-01-17 07:57:37,716 [om1-OMStateMachineApplyTransactionThread - 0] INFO  bucket.OMBucketCreateRequest (OMBucketCreateRequest.java:validateAndUpdateCache(296)) - created bucket: 9b00fba3-04a2-44e3-aba8-a2678651bdba of layout FILE_SYSTEM_OPTIMIZED in volume: bf1f12f6-ab60-4725-acf1-391ddbe14e0c
2024-01-17 07:57:37,981 [main] INFO  rpc.RpcClient (RpcClient.java:createVolume(456)) - Creating Volume: 41e8b078-ef78-4014-b349-ab02ef226bc3, with runner as owner and space quota set to -1 bytes, counts quota set to -1
2024-01-17 07:57:37,983 [om1-OMStateMachineApplyTransactionThread - 0] INFO  volume.OMVolumeCreateRequest (OMVolumeCreateRequest.java:validateAndUpdateCache(198)) - created volume:41e8b078-ef78-4014-b349-ab02ef226bc3 for user:runner
2024-01-17 07:57:37,984 [main] INFO  rpc.RpcClient (RpcClient.java:createBucket(683)) - Creating Bucket: 41e8b078-ef78-4014-b349-ab02ef226bc3/7f19d77d-9b82-4672-90ed-5ad9f1b593bf, with server-side default bucket layout, runner as owner, Versioning false, Storage Type set to DISK and Encryption set to false, Replication Type set to server-side default replication type, Namespace Quota set to -1, Space Quota set to -1 
2024-01-17 07:57:37,986 [om1-OMStateMachineApplyTransactionThread - 0] INFO  bucket.OMBucketCreateRequest (OMBucketCreateRequest.java:validateAndUpdateCache(296)) - created bucket: 7f19d77d-9b82-4672-90ed-5ad9f1b593bf of layout FILE_SYSTEM_OPTIMIZED in volume: 41e8b078-ef78-4014-b349-ab02ef226bc3
]]></system-out>
  </testcase>
  <testcase name="testBucketQuotaInNamespace" classname="org.apache.hadoop.ozone.client.rpc.TestOzoneRpcClientWithRatis" time="0.062">
    <system-out><![CDATA[2024-01-17 07:57:38,251 [main] INFO  rpc.RpcClient (RpcClient.java:createVolume(456)) - Creating Volume: 06dcb50d-d68a-4f3b-b0c4-c0558373dc22, with runner as owner and space quota set to -1 bytes, counts quota set to -1
2024-01-17 07:57:38,254 [om1-OMStateMachineApplyTransactionThread - 0] INFO  volume.OMVolumeCreateRequest (OMVolumeCreateRequest.java:validateAndUpdateCache(198)) - created volume:06dcb50d-d68a-4f3b-b0c4-c0558373dc22 for user:runner
2024-01-17 07:57:38,256 [main] INFO  rpc.RpcClient (RpcClient.java:createBucket(683)) - Creating Bucket: 06dcb50d-d68a-4f3b-b0c4-c0558373dc22/aa032f98-2624-493b-bced-30998ec73845, with server-side default bucket layout, runner as owner, Versioning false, Storage Type set to DISK and Encryption set to false, Replication Type set to server-side default replication type, Namespace Quota set to -1, Space Quota set to -1 
2024-01-17 07:57:38,257 [om1-OMStateMachineApplyTransactionThread - 0] INFO  bucket.OMBucketCreateRequest (OMBucketCreateRequest.java:validateAndUpdateCache(296)) - created bucket: aa032f98-2624-493b-bced-30998ec73845 of layout FILE_SYSTEM_OPTIMIZED in volume: 06dcb50d-d68a-4f3b-b0c4-c0558373dc22
07:57:38.294 [om1-OMStateMachineApplyTransactionThread - 0] ERROR OMAudit - user=runner | ip=127.0.0.1 | op=ALLOCATE_KEY {volume=06dcb50d-d68a-4f3b-b0c4-c0558373dc22, bucket=aa032f98-2624-493b-bced-30998ec73845, key=c580a14c-d808-4964-b325-66d2bde3dbbc, dataSize=12, replicationType=RATIS, replicationFactor=ONE} | ret=FAILURE
org.apache.hadoop.ozone.om.exceptions.OMException: The namespace quota of Bucket:aa032f98-2624-493b-bced-30998ec73845 exceeded: quotaInNamespace: 2 but namespace consumed: 3.
	at org.apache.hadoop.ozone.om.request.key.OMKeyRequest.checkBucketQuotaInNamespace(OMKeyRequest.java:653) ~[ozone-manager-1.5.0-SNAPSHOT.jar:?]
	at org.apache.hadoop.ozone.om.request.key.OMKeyCreateRequestWithFSO.validateAndUpdateCache(OMKeyCreateRequestWithFSO.java:182) ~[ozone-manager-1.5.0-SNAPSHOT.jar:?]
	at org.apache.hadoop.ozone.protocolPB.OzoneManagerRequestHandler.lambda$0(OzoneManagerRequestHandler.java:403) ~[ozone-manager-1.5.0-SNAPSHOT.jar:?]
	at org.apache.hadoop.util.MetricUtil.captureLatencyNs(MetricUtil.java:45) ~[hdds-common-1.5.0-SNAPSHOT.jar:?]
	at org.apache.hadoop.ozone.protocolPB.OzoneManagerRequestHandler.handleWriteRequest(OzoneManagerRequestHandler.java:399) ~[ozone-manager-1.5.0-SNAPSHOT.jar:?]
	at org.apache.hadoop.ozone.om.ratis.OzoneManagerStateMachine.runCommand(OzoneManagerStateMachine.java:559) ~[ozone-manager-1.5.0-SNAPSHOT.jar:?]
	at org.apache.hadoop.ozone.om.ratis.OzoneManagerStateMachine.lambda$1(OzoneManagerStateMachine.java:349) ~[ozone-manager-1.5.0-SNAPSHOT.jar:?]
	at java.util.concurrent.CompletableFuture$AsyncSupply.run(CompletableFuture.java:1604) [?:1.8.0_392]
	at java.util.concurrent.ThreadPoolExecutor.runWorker(ThreadPoolExecutor.java:1149) [?:1.8.0_392]
	at java.util.concurrent.ThreadPoolExecutor$Worker.run(ThreadPoolExecutor.java:624) [?:1.8.0_392]
	at java.lang.Thread.run(Thread.java:750) [?:1.8.0_392]
2024-01-17 07:57:38,294 [om1-OMStateMachineApplyTransactionThread - 0] ERROR key.OMKeyCreateRequest (OMKeyCreateRequest.java:logResult(382)) - Key creation failed. Volume:06dcb50d-d68a-4f3b-b0c4-c0558373dc22, Bucket:aa032f98-2624-493b-bced-30998ec73845, Key:c580a14c-d808-4964-b325-66d2bde3dbbc. 
QUOTA_EXCEEDED org.apache.hadoop.ozone.om.exceptions.OMException: The namespace quota of Bucket:aa032f98-2624-493b-bced-30998ec73845 exceeded: quotaInNamespace: 2 but namespace consumed: 3.
	at org.apache.hadoop.ozone.om.request.key.OMKeyRequest.checkBucketQuotaInNamespace(OMKeyRequest.java:653)
	at org.apache.hadoop.ozone.om.request.key.OMKeyCreateRequestWithFSO.validateAndUpdateCache(OMKeyCreateRequestWithFSO.java:182)
	at org.apache.hadoop.ozone.protocolPB.OzoneManagerRequestHandler.lambda$0(OzoneManagerRequestHandler.java:403)
	at org.apache.hadoop.util.MetricUtil.captureLatencyNs(MetricUtil.java:45)
	at org.apache.hadoop.ozone.protocolPB.OzoneManagerRequestHandler.handleWriteRequest(OzoneManagerRequestHandler.java:399)
	at org.apache.hadoop.ozone.om.ratis.OzoneManagerStateMachine.runCommand(OzoneManagerStateMachine.java:559)
	at org.apache.hadoop.ozone.om.ratis.OzoneManagerStateMachine.lambda$1(OzoneManagerStateMachine.java:349)
	at java.util.concurrent.CompletableFuture$AsyncSupply.run(CompletableFuture.java:1604)
	at java.util.concurrent.ThreadPoolExecutor.runWorker(ThreadPoolExecutor.java:1149)
	at java.util.concurrent.ThreadPoolExecutor$Worker.run(ThreadPoolExecutor.java:624)
	at java.lang.Thread.run(Thread.java:750)
]]></system-out>
  </testcase>
  <testcase name="testBucketSetOwner" classname="org.apache.hadoop.ozone.client.rpc.TestOzoneRpcClientWithRatis" time="0.032">
    <system-out><![CDATA[2024-01-17 07:57:38,314 [main] INFO  rpc.RpcClient (RpcClient.java:createVolume(456)) - Creating Volume: 5bc18113-d360-4b72-a4be-73299dbf53e1, with runner as owner and space quota set to -1 bytes, counts quota set to -1
2024-01-17 07:57:38,316 [om1-OMStateMachineApplyTransactionThread - 0] INFO  volume.OMVolumeCreateRequest (OMVolumeCreateRequest.java:validateAndUpdateCache(198)) - created volume:5bc18113-d360-4b72-a4be-73299dbf53e1 for user:runner
2024-01-17 07:57:38,320 [main] INFO  rpc.RpcClient (RpcClient.java:createBucket(683)) - Creating Bucket: 5bc18113-d360-4b72-a4be-73299dbf53e1/bc82e9dc-214f-4027-8412-67772bc8ac87, with server-side default bucket layout, runner as owner, Versioning false, Storage Type set to DISK and Encryption set to false, Replication Type set to server-side default replication type, Namespace Quota set to -1, Space Quota set to -1 
2024-01-17 07:57:38,322 [om1-OMStateMachineApplyTransactionThread - 0] INFO  bucket.OMBucketCreateRequest (OMBucketCreateRequest.java:validateAndUpdateCache(296)) - created bucket: bc82e9dc-214f-4027-8412-67772bc8ac87 of layout FILE_SYSTEM_OPTIMIZED in volume: 5bc18113-d360-4b72-a4be-73299dbf53e1
]]></system-out>
  </testcase>
  <testcase name="testBucketUsedBytes" classname="org.apache.hadoop.ozone.client.rpc.TestOzoneRpcClientWithRatis" time="0.046">
    <system-out><![CDATA[2024-01-17 07:57:38,346 [main] INFO  rpc.RpcClient (RpcClient.java:createVolume(456)) - Creating Volume: 8ea39fc6-5aa8-4f00-a784-916aaa16543b, with runner as owner and space quota set to -1 bytes, counts quota set to -1
2024-01-17 07:57:38,348 [om1-OMStateMachineApplyTransactionThread - 0] INFO  volume.OMVolumeCreateRequest (OMVolumeCreateRequest.java:validateAndUpdateCache(198)) - created volume:8ea39fc6-5aa8-4f00-a784-916aaa16543b for user:runner
2024-01-17 07:57:38,349 [main] INFO  rpc.RpcClient (RpcClient.java:createBucket(683)) - Creating Bucket: 8ea39fc6-5aa8-4f00-a784-916aaa16543b/bd6edf4e-7d8b-4da5-a957-4761040d6dca, with bucket layout OBJECT_STORE, runner as owner, Versioning false, Storage Type set to DISK and Encryption set to false, Replication Type set to server-side default replication type, Namespace Quota set to -1, Space Quota set to -1 
2024-01-17 07:57:38,350 [om1-OMStateMachineApplyTransactionThread - 0] INFO  bucket.OMBucketCreateRequest (OMBucketCreateRequest.java:validateAndUpdateCache(296)) - created bucket: bd6edf4e-7d8b-4da5-a957-4761040d6dca of layout OBJECT_STORE in volume: 8ea39fc6-5aa8-4f00-a784-916aaa16543b
]]></system-out>
  </testcase>
  <testcase name="testBucketUsedNamespace(BucketLayout)[1]" classname="org.apache.hadoop.ozone.client.rpc.TestOzoneRpcClientWithRatis" time="0.086">
    <system-out><![CDATA[2024-01-17 07:57:38,395 [main] INFO  rpc.RpcClient (RpcClient.java:createVolume(456)) - Creating Volume: 7fc3be69-a649-4394-ba76-cf3e2d025caa, with runner as owner and space quota set to -1 bytes, counts quota set to -1
2024-01-17 07:57:38,397 [om1-OMStateMachineApplyTransactionThread - 0] INFO  volume.OMVolumeCreateRequest (OMVolumeCreateRequest.java:validateAndUpdateCache(198)) - created volume:7fc3be69-a649-4394-ba76-cf3e2d025caa for user:runner
2024-01-17 07:57:38,399 [main] INFO  rpc.RpcClient (RpcClient.java:createBucket(683)) - Creating Bucket: 7fc3be69-a649-4394-ba76-cf3e2d025caa/0f4ef8b4-a151-4313-a9ff-8628c9324bbc, with bucket layout OBJECT_STORE, runner as owner, Versioning false, Storage Type set to DISK and Encryption set to false, Replication Type set to server-side default replication type, Namespace Quota set to -1, Space Quota set to -1 
2024-01-17 07:57:38,400 [om1-OMStateMachineApplyTransactionThread - 0] INFO  bucket.OMBucketCreateRequest (OMBucketCreateRequest.java:validateAndUpdateCache(296)) - created bucket: 0f4ef8b4-a151-4313-a9ff-8628c9324bbc of layout OBJECT_STORE in volume: 7fc3be69-a649-4394-ba76-cf3e2d025caa
2024-01-17 07:57:38,443 [main] INFO  protocolPB.OmTransportFactory (OmTransportFactory.java:createFactory(62)) - Loading OM transport implementation org.apache.hadoop.ozone.om.protocolPB.Hadoop3OmTransportFactory as specified by configuration.
]]></system-out>
  </testcase>
  <testcase name="testBucketUsedNamespace(BucketLayout)[2]" classname="org.apache.hadoop.ozone.client.rpc.TestOzoneRpcClientWithRatis" time="0.127">
    <system-out><![CDATA[2024-01-17 07:57:38,483 [main] INFO  rpc.RpcClient (RpcClient.java:createVolume(456)) - Creating Volume: a5072b42-39a1-45ac-8fd8-27c2e5af6964, with runner as owner and space quota set to -1 bytes, counts quota set to -1
2024-01-17 07:57:38,484 [om1-OMStateMachineApplyTransactionThread - 0] INFO  volume.OMVolumeCreateRequest (OMVolumeCreateRequest.java:validateAndUpdateCache(198)) - created volume:a5072b42-39a1-45ac-8fd8-27c2e5af6964 for user:runner
2024-01-17 07:57:38,486 [main] INFO  rpc.RpcClient (RpcClient.java:createBucket(683)) - Creating Bucket: a5072b42-39a1-45ac-8fd8-27c2e5af6964/54c753e5-27b8-4fd8-957c-6a9f915dad05, with bucket layout LEGACY, runner as owner, Versioning false, Storage Type set to DISK and Encryption set to false, Replication Type set to server-side default replication type, Namespace Quota set to -1, Space Quota set to -1 
2024-01-17 07:57:38,487 [om1-OMStateMachineApplyTransactionThread - 0] INFO  bucket.OMBucketCreateRequest (OMBucketCreateRequest.java:validateAndUpdateCache(296)) - created bucket: 54c753e5-27b8-4fd8-957c-6a9f915dad05 of layout LEGACY in volume: a5072b42-39a1-45ac-8fd8-27c2e5af6964
2024-01-17 07:57:38,532 [main] INFO  protocolPB.OmTransportFactory (OmTransportFactory.java:createFactory(62)) - Loading OM transport implementation org.apache.hadoop.ozone.om.protocolPB.Hadoop3OmTransportFactory as specified by configuration.
]]></system-out>
  </testcase>
  <testcase name="testBucketUsedNamespace(BucketLayout)[3]" classname="org.apache.hadoop.ozone.client.rpc.TestOzoneRpcClientWithRatis" time="0.096">
    <system-out><![CDATA[2024-01-17 07:57:38,611 [main] INFO  rpc.RpcClient (RpcClient.java:createVolume(456)) - Creating Volume: efb30133-bc4f-4482-8064-9124d0f2d5a9, with runner as owner and space quota set to -1 bytes, counts quota set to -1
2024-01-17 07:57:38,612 [om1-OMStateMachineApplyTransactionThread - 0] INFO  volume.OMVolumeCreateRequest (OMVolumeCreateRequest.java:validateAndUpdateCache(198)) - created volume:efb30133-bc4f-4482-8064-9124d0f2d5a9 for user:runner
2024-01-17 07:57:38,613 [main] INFO  rpc.RpcClient (RpcClient.java:createBucket(683)) - Creating Bucket: efb30133-bc4f-4482-8064-9124d0f2d5a9/11cb5230-ea2e-44f0-bae9-b07ecd242796, with bucket layout FILE_SYSTEM_OPTIMIZED, runner as owner, Versioning false, Storage Type set to DISK and Encryption set to false, Replication Type set to server-side default replication type, Namespace Quota set to -1, Space Quota set to -1 
2024-01-17 07:57:38,615 [om1-OMStateMachineApplyTransactionThread - 0] INFO  bucket.OMBucketCreateRequest (OMBucketCreateRequest.java:validateAndUpdateCache(296)) - created bucket: 11cb5230-ea2e-44f0-bae9-b07ecd242796 of layout FILE_SYSTEM_OPTIMIZED in volume: efb30133-bc4f-4482-8064-9124d0f2d5a9
2024-01-17 07:57:38,663 [main] INFO  protocolPB.OmTransportFactory (OmTransportFactory.java:createFactory(62)) - Loading OM transport implementation org.apache.hadoop.ozone.om.protocolPB.Hadoop3OmTransportFactory as specified by configuration.
]]></system-out>
  </testcase>
  <testcase name="testCheckUsedBytesQuota" classname="org.apache.hadoop.ozone.client.rpc.TestOzoneRpcClientWithRatis" time="0.461">
    <system-out><![CDATA[2024-01-17 07:57:38,708 [main] INFO  rpc.RpcClient (RpcClient.java:createVolume(456)) - Creating Volume: 7f99a843-acd0-446a-9179-d8db43052021, with runner as owner and space quota set to -1 bytes, counts quota set to -1
2024-01-17 07:57:38,709 [om1-OMStateMachineApplyTransactionThread - 0] INFO  volume.OMVolumeCreateRequest (OMVolumeCreateRequest.java:validateAndUpdateCache(198)) - created volume:7f99a843-acd0-446a-9179-d8db43052021 for user:runner
2024-01-17 07:57:38,710 [main] INFO  rpc.RpcClient (RpcClient.java:createBucket(683)) - Creating Bucket: 7f99a843-acd0-446a-9179-d8db43052021/cf74b48e-6817-474f-a587-1e21aafbb8c2, with server-side default bucket layout, runner as owner, Versioning false, Storage Type set to DISK and Encryption set to false, Replication Type set to server-side default replication type, Namespace Quota set to -1, Space Quota set to -1 
2024-01-17 07:57:38,712 [om1-OMStateMachineApplyTransactionThread - 0] INFO  bucket.OMBucketCreateRequest (OMBucketCreateRequest.java:validateAndUpdateCache(296)) - created bucket: cf74b48e-6817-474f-a587-1e21aafbb8c2 of layout FILE_SYSTEM_OPTIMIZED in volume: 7f99a843-acd0-446a-9179-d8db43052021
07:57:38.729 [om1-OMStateMachineApplyTransactionThread - 0] ERROR OMAudit - user=runner | ip=127.0.0.1 | op=ALLOCATE_KEY {volume=7f99a843-acd0-446a-9179-d8db43052021, bucket=cf74b48e-6817-474f-a587-1e21aafbb8c2, key=0f7e6fa6-5080-4204-918b-279b399f5f33, dataSize=12, replicationType=RATIS, replicationFactor=ONE} | ret=FAILURE
org.apache.hadoop.ozone.om.exceptions.OMException: The DiskSpace quota of bucket:cf74b48e-6817-474f-a587-1e21aafbb8c2 exceeded quotaInBytes: 1 Bytes but diskspace consumed: 4194304 Bytes.
	at org.apache.hadoop.ozone.om.request.key.OMKeyRequest.checkBucketQuotaInBytes(OMKeyRequest.java:634) ~[ozone-manager-1.5.0-SNAPSHOT.jar:?]
	at org.apache.hadoop.ozone.om.request.key.OMKeyCreateRequestWithFSO.validateAndUpdateCache(OMKeyCreateRequestWithFSO.java:180) ~[ozone-manager-1.5.0-SNAPSHOT.jar:?]
	at org.apache.hadoop.ozone.protocolPB.OzoneManagerRequestHandler.lambda$0(OzoneManagerRequestHandler.java:403) ~[ozone-manager-1.5.0-SNAPSHOT.jar:?]
	at org.apache.hadoop.util.MetricUtil.captureLatencyNs(MetricUtil.java:45) ~[hdds-common-1.5.0-SNAPSHOT.jar:?]
	at org.apache.hadoop.ozone.protocolPB.OzoneManagerRequestHandler.handleWriteRequest(OzoneManagerRequestHandler.java:399) ~[ozone-manager-1.5.0-SNAPSHOT.jar:?]
	at org.apache.hadoop.ozone.om.ratis.OzoneManagerStateMachine.runCommand(OzoneManagerStateMachine.java:559) ~[ozone-manager-1.5.0-SNAPSHOT.jar:?]
	at org.apache.hadoop.ozone.om.ratis.OzoneManagerStateMachine.lambda$1(OzoneManagerStateMachine.java:349) ~[ozone-manager-1.5.0-SNAPSHOT.jar:?]
	at java.util.concurrent.CompletableFuture$AsyncSupply.run(CompletableFuture.java:1604) [?:1.8.0_392]
	at java.util.concurrent.ThreadPoolExecutor.runWorker(ThreadPoolExecutor.java:1149) [?:1.8.0_392]
	at java.util.concurrent.ThreadPoolExecutor$Worker.run(ThreadPoolExecutor.java:624) [?:1.8.0_392]
	at java.lang.Thread.run(Thread.java:750) [?:1.8.0_392]
2024-01-17 07:57:38,729 [om1-OMStateMachineApplyTransactionThread - 0] ERROR key.OMKeyCreateRequest (OMKeyCreateRequest.java:logResult(382)) - Key creation failed. Volume:7f99a843-acd0-446a-9179-d8db43052021, Bucket:cf74b48e-6817-474f-a587-1e21aafbb8c2, Key:0f7e6fa6-5080-4204-918b-279b399f5f33. 
QUOTA_EXCEEDED org.apache.hadoop.ozone.om.exceptions.OMException: The DiskSpace quota of bucket:cf74b48e-6817-474f-a587-1e21aafbb8c2 exceeded quotaInBytes: 1 Bytes but diskspace consumed: 4194304 Bytes.
	at org.apache.hadoop.ozone.om.request.key.OMKeyRequest.checkBucketQuotaInBytes(OMKeyRequest.java:634)
	at org.apache.hadoop.ozone.om.request.key.OMKeyCreateRequestWithFSO.validateAndUpdateCache(OMKeyCreateRequestWithFSO.java:180)
	at org.apache.hadoop.ozone.protocolPB.OzoneManagerRequestHandler.lambda$0(OzoneManagerRequestHandler.java:403)
	at org.apache.hadoop.util.MetricUtil.captureLatencyNs(MetricUtil.java:45)
	at org.apache.hadoop.ozone.protocolPB.OzoneManagerRequestHandler.handleWriteRequest(OzoneManagerRequestHandler.java:399)
	at org.apache.hadoop.ozone.om.ratis.OzoneManagerStateMachine.runCommand(OzoneManagerStateMachine.java:559)
	at org.apache.hadoop.ozone.om.ratis.OzoneManagerStateMachine.lambda$1(OzoneManagerStateMachine.java:349)
	at java.util.concurrent.CompletableFuture$AsyncSupply.run(CompletableFuture.java:1604)
	at java.util.concurrent.ThreadPoolExecutor.runWorker(ThreadPoolExecutor.java:1149)
	at java.util.concurrent.ThreadPoolExecutor$Worker.run(ThreadPoolExecutor.java:624)
	at java.lang.Thread.run(Thread.java:750)
07:57:38.748 [om1-OMStateMachineApplyTransactionThread - 0] ERROR OMAudit - user=runner | ip=127.0.0.1 | op=CREATE_FILE {volume=7f99a843-acd0-446a-9179-d8db43052021, bucket=cf74b48e-6817-474f-a587-1e21aafbb8c2, key=70e49b51-6329-4c34-965b-0d21419beac5, dataSize=4194304, replicationType=RATIS, replicationFactor=ONE} | ret=FAILURE
org.apache.hadoop.ozone.om.exceptions.OMException: The DiskSpace quota of bucket:cf74b48e-6817-474f-a587-1e21aafbb8c2 exceeded quotaInBytes: 1 Bytes but diskspace consumed: 4194304 Bytes.
	at org.apache.hadoop.ozone.om.request.key.OMKeyRequest.checkBucketQuotaInBytes(OMKeyRequest.java:634) ~[ozone-manager-1.5.0-SNAPSHOT.jar:?]
	at org.apache.hadoop.ozone.om.request.file.OMFileCreateRequestWithFSO.validateAndUpdateCache(OMFileCreateRequestWithFSO.java:194) ~[ozone-manager-1.5.0-SNAPSHOT.jar:?]
	at org.apache.hadoop.ozone.protocolPB.OzoneManagerRequestHandler.lambda$0(OzoneManagerRequestHandler.java:403) ~[ozone-manager-1.5.0-SNAPSHOT.jar:?]
	at org.apache.hadoop.util.MetricUtil.captureLatencyNs(MetricUtil.java:45) ~[hdds-common-1.5.0-SNAPSHOT.jar:?]
	at org.apache.hadoop.ozone.protocolPB.OzoneManagerRequestHandler.handleWriteRequest(OzoneManagerRequestHandler.java:399) ~[ozone-manager-1.5.0-SNAPSHOT.jar:?]
	at org.apache.hadoop.ozone.om.ratis.OzoneManagerStateMachine.runCommand(OzoneManagerStateMachine.java:559) ~[ozone-manager-1.5.0-SNAPSHOT.jar:?]
	at org.apache.hadoop.ozone.om.ratis.OzoneManagerStateMachine.lambda$1(OzoneManagerStateMachine.java:349) ~[ozone-manager-1.5.0-SNAPSHOT.jar:?]
	at java.util.concurrent.CompletableFuture$AsyncSupply.run(CompletableFuture.java:1604) [?:1.8.0_392]
	at java.util.concurrent.ThreadPoolExecutor.runWorker(ThreadPoolExecutor.java:1149) [?:1.8.0_392]
	at java.util.concurrent.ThreadPoolExecutor$Worker.run(ThreadPoolExecutor.java:624) [?:1.8.0_392]
	at java.lang.Thread.run(Thread.java:750) [?:1.8.0_392]
2024-01-17 07:57:38,749 [om1-OMStateMachineApplyTransactionThread - 0] ERROR file.OMFileCreateRequestWithFSO (OMFileCreateRequestWithFSO.java:validateAndUpdateCache(254)) - File create failed. Volume:7f99a843-acd0-446a-9179-d8db43052021, Bucket:cf74b48e-6817-474f-a587-1e21aafbb8c2, Key:70e49b51-6329-4c34-965b-0d21419beac5.
QUOTA_EXCEEDED org.apache.hadoop.ozone.om.exceptions.OMException: The DiskSpace quota of bucket:cf74b48e-6817-474f-a587-1e21aafbb8c2 exceeded quotaInBytes: 1 Bytes but diskspace consumed: 4194304 Bytes.
	at org.apache.hadoop.ozone.om.request.key.OMKeyRequest.checkBucketQuotaInBytes(OMKeyRequest.java:634)
	at org.apache.hadoop.ozone.om.request.file.OMFileCreateRequestWithFSO.validateAndUpdateCache(OMFileCreateRequestWithFSO.java:194)
	at org.apache.hadoop.ozone.protocolPB.OzoneManagerRequestHandler.lambda$0(OzoneManagerRequestHandler.java:403)
	at org.apache.hadoop.util.MetricUtil.captureLatencyNs(MetricUtil.java:45)
	at org.apache.hadoop.ozone.protocolPB.OzoneManagerRequestHandler.handleWriteRequest(OzoneManagerRequestHandler.java:399)
	at org.apache.hadoop.ozone.om.ratis.OzoneManagerStateMachine.runCommand(OzoneManagerStateMachine.java:559)
	at org.apache.hadoop.ozone.om.ratis.OzoneManagerStateMachine.lambda$1(OzoneManagerStateMachine.java:349)
	at java.util.concurrent.CompletableFuture$AsyncSupply.run(CompletableFuture.java:1604)
	at java.util.concurrent.ThreadPoolExecutor.runWorker(ThreadPoolExecutor.java:1149)
	at java.util.concurrent.ThreadPoolExecutor$Worker.run(ThreadPoolExecutor.java:624)
	at java.lang.Thread.run(Thread.java:750)
2024-01-17 07:57:39,130 [om1-OMStateMachineApplyTransactionThread - 0] ERROR key.OMAllocateBlockRequestWithFSO (OMAllocateBlockRequestWithFSO.java:validateAndUpdateCache(174)) - Allocate Block failed. Volume:7f99a843-acd0-446a-9179-d8db43052021, Bucket:cf74b48e-6817-474f-a587-1e21aafbb8c2, OpenKey:/-9223372036854631168/-9223372036854630656/-9223372036854630656/7f3a3f78-a9d9-482e-b0f6-1775d2b7aa17/111770223165833293. Exception:{}
QUOTA_EXCEEDED org.apache.hadoop.ozone.om.exceptions.OMException: The DiskSpace quota of bucket:cf74b48e-6817-474f-a587-1e21aafbb8c2 exceeded quotaInBytes: 16777216 Bytes but diskspace consumed: 20971520 Bytes.
	at org.apache.hadoop.ozone.om.request.key.OMKeyRequest.checkBucketQuotaInBytes(OMKeyRequest.java:634)
	at org.apache.hadoop.ozone.om.request.key.OMAllocateBlockRequestWithFSO.validateAndUpdateCache(OMAllocateBlockRequestWithFSO.java:147)
	at org.apache.hadoop.ozone.protocolPB.OzoneManagerRequestHandler.lambda$0(OzoneManagerRequestHandler.java:403)
	at org.apache.hadoop.util.MetricUtil.captureLatencyNs(MetricUtil.java:45)
	at org.apache.hadoop.ozone.protocolPB.OzoneManagerRequestHandler.handleWriteRequest(OzoneManagerRequestHandler.java:399)
	at org.apache.hadoop.ozone.om.ratis.OzoneManagerStateMachine.runCommand(OzoneManagerStateMachine.java:559)
	at org.apache.hadoop.ozone.om.ratis.OzoneManagerStateMachine.lambda$1(OzoneManagerStateMachine.java:349)
	at java.util.concurrent.CompletableFuture$AsyncSupply.run(CompletableFuture.java:1604)
	at java.util.concurrent.ThreadPoolExecutor.runWorker(ThreadPoolExecutor.java:1149)
	at java.util.concurrent.ThreadPoolExecutor$Worker.run(ThreadPoolExecutor.java:624)
	at java.lang.Thread.run(Thread.java:750)
07:57:39.130 [om1-OMStateMachineApplyTransactionThread - 0] ERROR OMAudit - user=runner | ip=127.0.0.1 | op=ALLOCATE_BLOCK {volume=7f99a843-acd0-446a-9179-d8db43052021, bucket=cf74b48e-6817-474f-a587-1e21aafbb8c2, key=7f3a3f78-a9d9-482e-b0f6-1775d2b7aa17, dataSize=12, replicationType=RATIS, replicationFactor=ONE, clientID=111770223165833293} | ret=FAILURE
org.apache.hadoop.ozone.om.exceptions.OMException: The DiskSpace quota of bucket:cf74b48e-6817-474f-a587-1e21aafbb8c2 exceeded quotaInBytes: 16777216 Bytes but diskspace consumed: 20971520 Bytes.
	at org.apache.hadoop.ozone.om.request.key.OMKeyRequest.checkBucketQuotaInBytes(OMKeyRequest.java:634) ~[ozone-manager-1.5.0-SNAPSHOT.jar:?]
	at org.apache.hadoop.ozone.om.request.key.OMAllocateBlockRequestWithFSO.validateAndUpdateCache(OMAllocateBlockRequestWithFSO.java:147) ~[ozone-manager-1.5.0-SNAPSHOT.jar:?]
	at org.apache.hadoop.ozone.protocolPB.OzoneManagerRequestHandler.lambda$0(OzoneManagerRequestHandler.java:403) ~[ozone-manager-1.5.0-SNAPSHOT.jar:?]
	at org.apache.hadoop.util.MetricUtil.captureLatencyNs(MetricUtil.java:45) ~[hdds-common-1.5.0-SNAPSHOT.jar:?]
	at org.apache.hadoop.ozone.protocolPB.OzoneManagerRequestHandler.handleWriteRequest(OzoneManagerRequestHandler.java:399) ~[ozone-manager-1.5.0-SNAPSHOT.jar:?]
	at org.apache.hadoop.ozone.om.ratis.OzoneManagerStateMachine.runCommand(OzoneManagerStateMachine.java:559) ~[ozone-manager-1.5.0-SNAPSHOT.jar:?]
	at org.apache.hadoop.ozone.om.ratis.OzoneManagerStateMachine.lambda$1(OzoneManagerStateMachine.java:349) ~[ozone-manager-1.5.0-SNAPSHOT.jar:?]
	at java.util.concurrent.CompletableFuture$AsyncSupply.run(CompletableFuture.java:1604) [?:1.8.0_392]
	at java.util.concurrent.ThreadPoolExecutor.runWorker(ThreadPoolExecutor.java:1149) [?:1.8.0_392]
	at java.util.concurrent.ThreadPoolExecutor$Worker.run(ThreadPoolExecutor.java:624) [?:1.8.0_392]
	at java.lang.Thread.run(Thread.java:750) [?:1.8.0_392]
]]></system-out>
  </testcase>
  <testcase name="testCommitPartAfterCompleteUpload" classname="org.apache.hadoop.ozone.client.rpc.TestOzoneRpcClientWithRatis" time="0.341">
    <system-out><![CDATA[2024-01-17 07:57:39,169 [main] INFO  rpc.RpcClient (RpcClient.java:createVolume(456)) - Creating Volume: 8370d467-7606-49f7-a4fe-31d62b036d93, with runner as owner and space quota set to -1 bytes, counts quota set to -1
2024-01-17 07:57:39,171 [om1-OMStateMachineApplyTransactionThread - 0] INFO  volume.OMVolumeCreateRequest (OMVolumeCreateRequest.java:validateAndUpdateCache(198)) - created volume:8370d467-7606-49f7-a4fe-31d62b036d93 for user:runner
2024-01-17 07:57:39,172 [main] INFO  rpc.RpcClient (RpcClient.java:createBucket(683)) - Creating Bucket: 8370d467-7606-49f7-a4fe-31d62b036d93/87302917-963e-4633-9bb1-fa0eadee2d38, with server-side default bucket layout, runner as owner, Versioning false, Storage Type set to DISK and Encryption set to false, Replication Type set to server-side default replication type, Namespace Quota set to -1, Space Quota set to -1 
2024-01-17 07:57:39,174 [om1-OMStateMachineApplyTransactionThread - 0] INFO  bucket.OMBucketCreateRequest (OMBucketCreateRequest.java:validateAndUpdateCache(296)) - created bucket: 87302917-963e-4633-9bb1-fa0eadee2d38 of layout FILE_SYSTEM_OPTIMIZED in volume: 8370d467-7606-49f7-a4fe-31d62b036d93
2024-01-17 07:57:39,404 [IPC Server handler 35 on default port 15001] WARN  node.SCMNodeManager (SCMNodeManager.java:getNodesByAddress(1459)) - Cannot find node for address 127.0.0.1
07:57:39.509 [om1-OMStateMachineApplyTransactionThread - 0] ERROR OMAudit - user=runner | ip=127.0.0.1 | op=COMMIT_MULTIPART_UPLOAD_PARTKEY {volume=8370d467-7606-49f7-a4fe-31d62b036d93, bucket=87302917-963e-4633-9bb1-fa0eadee2d38, key=451fa6b2-d0e4-4958-92d3-bfdf0632127d, dataSize=5242880, replicationType=NONE, replicationFactor=ZERO, partNumber=2, partName=/8370d467-7606-49f7-a4fe-31d62b036d93/87302917-963e-4633-9bb1-fa0eadee2d38/451fa6b2-d0e4-4958-92d3-bfdf0632127d-9bd5f684-5259-4ea7-82e6-8971b8e97d05-111770223193358416-2} | ret=FAILURE
org.apache.hadoop.ozone.om.exceptions.OMException: No such Multipart upload is with specified uploadId 9bd5f684-5259-4ea7-82e6-8971b8e97d05-111770223193358416
	at org.apache.hadoop.ozone.om.request.s3.multipart.S3MultipartUploadCommitPartRequest.validateAndUpdateCache(S3MultipartUploadCommitPartRequest.java:190) ~[ozone-manager-1.5.0-SNAPSHOT.jar:?]
	at org.apache.hadoop.ozone.protocolPB.OzoneManagerRequestHandler.lambda$0(OzoneManagerRequestHandler.java:403) ~[ozone-manager-1.5.0-SNAPSHOT.jar:?]
	at org.apache.hadoop.util.MetricUtil.captureLatencyNs(MetricUtil.java:45) ~[hdds-common-1.5.0-SNAPSHOT.jar:?]
	at org.apache.hadoop.ozone.protocolPB.OzoneManagerRequestHandler.handleWriteRequest(OzoneManagerRequestHandler.java:399) ~[ozone-manager-1.5.0-SNAPSHOT.jar:?]
	at org.apache.hadoop.ozone.om.ratis.OzoneManagerStateMachine.runCommand(OzoneManagerStateMachine.java:559) ~[ozone-manager-1.5.0-SNAPSHOT.jar:?]
	at org.apache.hadoop.ozone.om.ratis.OzoneManagerStateMachine.lambda$1(OzoneManagerStateMachine.java:349) ~[ozone-manager-1.5.0-SNAPSHOT.jar:?]
	at java.util.concurrent.CompletableFuture$AsyncSupply.run(CompletableFuture.java:1604) [?:1.8.0_392]
	at java.util.concurrent.ThreadPoolExecutor.runWorker(ThreadPoolExecutor.java:1149) [?:1.8.0_392]
	at java.util.concurrent.ThreadPoolExecutor$Worker.run(ThreadPoolExecutor.java:624) [?:1.8.0_392]
	at java.lang.Thread.run(Thread.java:750) [?:1.8.0_392]
2024-01-17 07:57:39,509 [om1-OMStateMachineApplyTransactionThread - 0] ERROR multipart.S3MultipartUploadCommitPartRequest (S3MultipartUploadCommitPartRequest.java:logResult(330)) - MultipartUpload Commit is failed for Key:451fa6b2-d0e4-4958-92d3-bfdf0632127d in Volume/Bucket 8370d467-7606-49f7-a4fe-31d62b036d93/87302917-963e-4633-9bb1-fa0eadee2d38
NO_SUCH_MULTIPART_UPLOAD_ERROR org.apache.hadoop.ozone.om.exceptions.OMException: No such Multipart upload is with specified uploadId 9bd5f684-5259-4ea7-82e6-8971b8e97d05-111770223193358416
	at org.apache.hadoop.ozone.om.request.s3.multipart.S3MultipartUploadCommitPartRequest.validateAndUpdateCache(S3MultipartUploadCommitPartRequest.java:190)
	at org.apache.hadoop.ozone.protocolPB.OzoneManagerRequestHandler.lambda$0(OzoneManagerRequestHandler.java:403)
	at org.apache.hadoop.util.MetricUtil.captureLatencyNs(MetricUtil.java:45)
	at org.apache.hadoop.ozone.protocolPB.OzoneManagerRequestHandler.handleWriteRequest(OzoneManagerRequestHandler.java:399)
	at org.apache.hadoop.ozone.om.ratis.OzoneManagerStateMachine.runCommand(OzoneManagerStateMachine.java:559)
	at org.apache.hadoop.ozone.om.ratis.OzoneManagerStateMachine.lambda$1(OzoneManagerStateMachine.java:349)
	at java.util.concurrent.CompletableFuture$AsyncSupply.run(CompletableFuture.java:1604)
	at java.util.concurrent.ThreadPoolExecutor.runWorker(ThreadPoolExecutor.java:1149)
	at java.util.concurrent.ThreadPoolExecutor$Worker.run(ThreadPoolExecutor.java:624)
	at java.lang.Thread.run(Thread.java:750)
]]></system-out>
  </testcase>
  <testcase name="testCreateBucket" classname="org.apache.hadoop.ozone.client.rpc.TestOzoneRpcClientWithRatis" time="0.007">
    <system-out><![CDATA[2024-01-17 07:57:39,512 [main] INFO  rpc.RpcClient (RpcClient.java:createVolume(456)) - Creating Volume: c0bd0210-1c61-4b9b-bbe9-74f0f9ed43b8, with runner as owner and space quota set to -1 bytes, counts quota set to -1
2024-01-17 07:57:39,514 [om1-OMStateMachineApplyTransactionThread - 0] INFO  volume.OMVolumeCreateRequest (OMVolumeCreateRequest.java:validateAndUpdateCache(198)) - created volume:c0bd0210-1c61-4b9b-bbe9-74f0f9ed43b8 for user:runner
2024-01-17 07:57:39,516 [main] INFO  rpc.RpcClient (RpcClient.java:createBucket(683)) - Creating Bucket: c0bd0210-1c61-4b9b-bbe9-74f0f9ed43b8/f8ea3edb-c0c9-4319-be12-6683aa9474b7, with server-side default bucket layout, runner as owner, Versioning false, Storage Type set to DISK and Encryption set to false, Replication Type set to server-side default replication type, Namespace Quota set to -1, Space Quota set to -1 
2024-01-17 07:57:39,517 [om1-OMStateMachineApplyTransactionThread - 0] INFO  bucket.OMBucketCreateRequest (OMBucketCreateRequest.java:validateAndUpdateCache(296)) - created bucket: f8ea3edb-c0c9-4319-be12-6683aa9474b7 of layout FILE_SYSTEM_OPTIMIZED in volume: c0bd0210-1c61-4b9b-bbe9-74f0f9ed43b8
]]></system-out>
  </testcase>
  <testcase name="testCreateBucketWithAcls" classname="org.apache.hadoop.ozone.client.rpc.TestOzoneRpcClientWithRatis" time="0.009">
    <system-out><![CDATA[2024-01-17 07:57:39,521 [main] INFO  rpc.RpcClient (RpcClient.java:createVolume(456)) - Creating Volume: cb58f3d7-0e5f-4881-be6e-5822a88783b5, with runner as owner and space quota set to -1 bytes, counts quota set to -1
2024-01-17 07:57:39,523 [om1-OMStateMachineApplyTransactionThread - 0] INFO  volume.OMVolumeCreateRequest (OMVolumeCreateRequest.java:validateAndUpdateCache(198)) - created volume:cb58f3d7-0e5f-4881-be6e-5822a88783b5 for user:runner
2024-01-17 07:57:39,524 [main] INFO  rpc.RpcClient (RpcClient.java:createBucket(683)) - Creating Bucket: cb58f3d7-0e5f-4881-be6e-5822a88783b5/d8bf4363-51f2-4efc-87fd-fb982cd1e2fb, with server-side default bucket layout, runner as owner, Versioning false, Storage Type set to DISK and Encryption set to false, Replication Type set to server-side default replication type, Namespace Quota set to -1, Space Quota set to -1 
2024-01-17 07:57:39,526 [om1-OMStateMachineApplyTransactionThread - 0] INFO  bucket.OMBucketCreateRequest (OMBucketCreateRequest.java:validateAndUpdateCache(296)) - created bucket: d8bf4363-51f2-4efc-87fd-fb982cd1e2fb of layout FILE_SYSTEM_OPTIMIZED in volume: cb58f3d7-0e5f-4881-be6e-5822a88783b5
]]></system-out>
  </testcase>
  <testcase name="testCreateBucketWithAllArgument" classname="org.apache.hadoop.ozone.client.rpc.TestOzoneRpcClientWithRatis" time="0.01">
    <system-out><![CDATA[2024-01-17 07:57:39,530 [main] INFO  rpc.RpcClient (RpcClient.java:createVolume(456)) - Creating Volume: 88d0e3a6-7839-4cb1-badb-7a07af0aa58c, with runner as owner and space quota set to -1 bytes, counts quota set to -1
2024-01-17 07:57:39,532 [om1-OMStateMachineApplyTransactionThread - 0] INFO  volume.OMVolumeCreateRequest (OMVolumeCreateRequest.java:validateAndUpdateCache(198)) - created volume:88d0e3a6-7839-4cb1-badb-7a07af0aa58c for user:runner
2024-01-17 07:57:39,534 [main] INFO  rpc.RpcClient (RpcClient.java:createBucket(683)) - Creating Bucket: 88d0e3a6-7839-4cb1-badb-7a07af0aa58c/31708440-0969-4ba5-bc10-f2dfa35292e3, with server-side default bucket layout, runner as owner, Versioning true, Storage Type set to SSD and Encryption set to false, Replication Type set to EC, Namespace Quota set to -1, Space Quota set to -1 
2024-01-17 07:57:39,538 [om1-OMStateMachineApplyTransactionThread - 0] INFO  bucket.OMBucketCreateRequest (OMBucketCreateRequest.java:validateAndUpdateCache(296)) - created bucket: 31708440-0969-4ba5-bc10-f2dfa35292e3 of layout FILE_SYSTEM_OPTIMIZED in volume: 88d0e3a6-7839-4cb1-badb-7a07af0aa58c
]]></system-out>
  </testcase>
  <testcase name="testCreateBucketWithMetadata" classname="org.apache.hadoop.ozone.client.rpc.TestOzoneRpcClientWithRatis" time="0.011">
    <system-out><![CDATA[2024-01-17 07:57:39,541 [main] INFO  rpc.RpcClient (RpcClient.java:createVolume(456)) - Creating Volume: 1ac8458d-6c57-40d0-8dde-9f1e99ced0ab, with runner as owner and space quota set to -1 bytes, counts quota set to -1
2024-01-17 07:57:39,547 [om1-OMStateMachineApplyTransactionThread - 0] INFO  volume.OMVolumeCreateRequest (OMVolumeCreateRequest.java:validateAndUpdateCache(198)) - created volume:1ac8458d-6c57-40d0-8dde-9f1e99ced0ab for user:runner
2024-01-17 07:57:39,549 [main] INFO  rpc.RpcClient (RpcClient.java:createBucket(683)) - Creating Bucket: 1ac8458d-6c57-40d0-8dde-9f1e99ced0ab/2a4749b1-e291-46bd-b113-913b2422a37a, with server-side default bucket layout, runner as owner, Versioning false, Storage Type set to DISK and Encryption set to false, Replication Type set to server-side default replication type, Namespace Quota set to -1, Space Quota set to -1 
2024-01-17 07:57:39,551 [om1-OMStateMachineApplyTransactionThread - 0] INFO  bucket.OMBucketCreateRequest (OMBucketCreateRequest.java:validateAndUpdateCache(296)) - created bucket: 2a4749b1-e291-46bd-b113-913b2422a37a of layout FILE_SYSTEM_OPTIMIZED in volume: 1ac8458d-6c57-40d0-8dde-9f1e99ced0ab
]]></system-out>
  </testcase>
  <testcase name="testCreateBucketWithReplicationConfig" classname="org.apache.hadoop.ozone.client.rpc.TestOzoneRpcClientWithRatis" time="0.005">
    <system-out><![CDATA[2024-01-17 07:57:39,553 [main] INFO  rpc.RpcClient (RpcClient.java:createVolume(456)) - Creating Volume: 88fff788-c270-4ed1-8344-e631958020a5, with runner as owner and space quota set to -1 bytes, counts quota set to -1
2024-01-17 07:57:39,555 [om1-OMStateMachineApplyTransactionThread - 0] INFO  volume.OMVolumeCreateRequest (OMVolumeCreateRequest.java:validateAndUpdateCache(198)) - created volume:88fff788-c270-4ed1-8344-e631958020a5 for user:runner
2024-01-17 07:57:39,556 [main] INFO  rpc.RpcClient (RpcClient.java:createBucket(683)) - Creating Bucket: 88fff788-c270-4ed1-8344-e631958020a5/cbb4ec12-b7de-4478-b747-cc86d039dfa2, with server-side default bucket layout, runner as owner, Versioning false, Storage Type set to DISK and Encryption set to false, Replication Type set to EC, Namespace Quota set to -1, Space Quota set to -1 
2024-01-17 07:57:39,557 [om1-OMStateMachineApplyTransactionThread - 0] INFO  bucket.OMBucketCreateRequest (OMBucketCreateRequest.java:validateAndUpdateCache(296)) - created bucket: cbb4ec12-b7de-4478-b747-cc86d039dfa2 of layout FILE_SYSTEM_OPTIMIZED in volume: 88fff788-c270-4ed1-8344-e631958020a5
]]></system-out>
  </testcase>
  <testcase name="testCreateBucketWithStorageType" classname="org.apache.hadoop.ozone.client.rpc.TestOzoneRpcClientWithRatis" time="0.006">
    <system-out><![CDATA[2024-01-17 07:57:39,559 [main] INFO  rpc.RpcClient (RpcClient.java:createVolume(456)) - Creating Volume: 0a977c65-ec0b-4c22-869e-0d7f11112d67, with runner as owner and space quota set to -1 bytes, counts quota set to -1
2024-01-17 07:57:39,561 [om1-OMStateMachineApplyTransactionThread - 0] INFO  volume.OMVolumeCreateRequest (OMVolumeCreateRequest.java:validateAndUpdateCache(198)) - created volume:0a977c65-ec0b-4c22-869e-0d7f11112d67 for user:runner
2024-01-17 07:57:39,562 [main] INFO  rpc.RpcClient (RpcClient.java:createBucket(683)) - Creating Bucket: 0a977c65-ec0b-4c22-869e-0d7f11112d67/d3b95a32-d5ee-4d9c-9186-d5433a9c0486, with server-side default bucket layout, runner as owner, Versioning false, Storage Type set to SSD and Encryption set to false, Replication Type set to server-side default replication type, Namespace Quota set to -1, Space Quota set to -1 
2024-01-17 07:57:39,564 [om1-OMStateMachineApplyTransactionThread - 0] INFO  bucket.OMBucketCreateRequest (OMBucketCreateRequest.java:validateAndUpdateCache(296)) - created bucket: d3b95a32-d5ee-4d9c-9186-d5433a9c0486 of layout FILE_SYSTEM_OPTIMIZED in volume: 0a977c65-ec0b-4c22-869e-0d7f11112d67
]]></system-out>
  </testcase>
  <testcase name="testCreateBucketWithVersioning" classname="org.apache.hadoop.ozone.client.rpc.TestOzoneRpcClientWithRatis" time="0.006">
    <system-out><![CDATA[2024-01-17 07:57:39,566 [main] INFO  rpc.RpcClient (RpcClient.java:createVolume(456)) - Creating Volume: f2e0039d-95c9-4267-8b47-966f04d7557a, with runner as owner and space quota set to -1 bytes, counts quota set to -1
2024-01-17 07:57:39,567 [om1-OMStateMachineApplyTransactionThread - 0] INFO  volume.OMVolumeCreateRequest (OMVolumeCreateRequest.java:validateAndUpdateCache(198)) - created volume:f2e0039d-95c9-4267-8b47-966f04d7557a for user:runner
2024-01-17 07:57:39,570 [main] INFO  rpc.RpcClient (RpcClient.java:createBucket(683)) - Creating Bucket: f2e0039d-95c9-4267-8b47-966f04d7557a/a69958bf-7e21-404e-80a9-0fd797269a17, with server-side default bucket layout, runner as owner, Versioning true, Storage Type set to DISK and Encryption set to false, Replication Type set to server-side default replication type, Namespace Quota set to -1, Space Quota set to -1 
2024-01-17 07:57:39,571 [om1-OMStateMachineApplyTransactionThread - 0] INFO  bucket.OMBucketCreateRequest (OMBucketCreateRequest.java:validateAndUpdateCache(296)) - created bucket: a69958bf-7e21-404e-80a9-0fd797269a17 of layout FILE_SYSTEM_OPTIMIZED in volume: f2e0039d-95c9-4267-8b47-966f04d7557a
]]></system-out>
  </testcase>
  <testcase name="testCreateS3Bucket" classname="org.apache.hadoop.ozone.client.rpc.TestOzoneRpcClientWithRatis" time="0.009">
    <system-out><![CDATA[2024-01-17 07:57:39,578 [main] INFO  rpc.RpcClient (RpcClient.java:createBucket(683)) - Creating Bucket: s3v/d1026ef1-6489-413f-80bc-219bf98395ac, with bucket layout OBJECT_STORE, runner as owner, Versioning false, Storage Type set to DISK and Encryption set to false, Replication Type set to server-side default replication type, Namespace Quota set to -1, Space Quota set to -1 
2024-01-17 07:57:39,579 [om1-OMStateMachineApplyTransactionThread - 0] INFO  bucket.OMBucketCreateRequest (OMBucketCreateRequest.java:validateAndUpdateCache(296)) - created bucket: d1026ef1-6489-413f-80bc-219bf98395ac of layout OBJECT_STORE in volume: s3v
]]></system-out>
  </testcase>
  <testcase name="testCreateVolumeWithMetadata" classname="org.apache.hadoop.ozone.client.rpc.TestOzoneRpcClientWithRatis" time="0.004">
    <system-out><![CDATA[2024-01-17 07:57:39,583 [main] INFO  rpc.RpcClient (RpcClient.java:createVolume(456)) - Creating Volume: 5dbe4fff-821d-4863-8036-df86cd21f14c, with runner as owner and space quota set to -1 bytes, counts quota set to -1
2024-01-17 07:57:39,585 [om1-OMStateMachineApplyTransactionThread - 0] INFO  volume.OMVolumeCreateRequest (OMVolumeCreateRequest.java:validateAndUpdateCache(198)) - created volume:5dbe4fff-821d-4863-8036-df86cd21f14c for user:runner
]]></system-out>
  </testcase>
  <testcase name="testDefaultS3GVolumeExists" classname="org.apache.hadoop.ozone.client.rpc.TestOzoneRpcClientWithRatis" time="0.001"/>
  <testcase name="testDeleteBucket" classname="org.apache.hadoop.ozone.client.rpc.TestOzoneRpcClientWithRatis" time="0.01">
    <system-out><![CDATA[2024-01-17 07:57:39,589 [main] INFO  rpc.RpcClient (RpcClient.java:createVolume(456)) - Creating Volume: 7443cca1-4cb0-426e-9da1-5eff4f0a3723, with runner as owner and space quota set to -1 bytes, counts quota set to -1
2024-01-17 07:57:39,590 [om1-OMStateMachineApplyTransactionThread - 0] INFO  volume.OMVolumeCreateRequest (OMVolumeCreateRequest.java:validateAndUpdateCache(198)) - created volume:7443cca1-4cb0-426e-9da1-5eff4f0a3723 for user:runner
2024-01-17 07:57:39,592 [main] INFO  rpc.RpcClient (RpcClient.java:createBucket(683)) - Creating Bucket: 7443cca1-4cb0-426e-9da1-5eff4f0a3723/d6dd70fd-4c4d-4161-98b6-bceccbd354af, with server-side default bucket layout, runner as owner, Versioning false, Storage Type set to DISK and Encryption set to false, Replication Type set to server-side default replication type, Namespace Quota set to -1, Space Quota set to -1 
2024-01-17 07:57:39,593 [om1-OMStateMachineApplyTransactionThread - 0] INFO  bucket.OMBucketCreateRequest (OMBucketCreateRequest.java:validateAndUpdateCache(296)) - created bucket: d6dd70fd-4c4d-4161-98b6-bceccbd354af of layout FILE_SYSTEM_OPTIMIZED in volume: 7443cca1-4cb0-426e-9da1-5eff4f0a3723
07:57:39.598 [IPC Server handler 16 on default port 15004] ERROR OMAudit - user=runner | ip=127.0.0.1 | op=READ_BUCKET {volume=7443cca1-4cb0-426e-9da1-5eff4f0a3723, bucket=d6dd70fd-4c4d-4161-98b6-bceccbd354af} | ret=FAILURE
org.apache.hadoop.ozone.om.exceptions.OMException: Bucket not found
	at org.apache.hadoop.ozone.om.OzoneManager.getBucketOwner(OzoneManager.java:2533) ~[ozone-manager-1.5.0-SNAPSHOT.jar:?]
	at org.apache.hadoop.ozone.om.OzoneManager.getBucketOwner(OzoneManager.java:2501) ~[ozone-manager-1.5.0-SNAPSHOT.jar:?]
	at org.apache.hadoop.ozone.om.OmMetadataReader.checkAcls(OmMetadataReader.java:456) ~[ozone-manager-1.5.0-SNAPSHOT.jar:?]
	at org.apache.hadoop.ozone.om.OzoneManager.getBucketInfo(OzoneManager.java:2791) ~[ozone-manager-1.5.0-SNAPSHOT.jar:?]
	at org.apache.hadoop.ozone.protocolPB.OzoneManagerRequestHandler.infoBucket(OzoneManagerRequestHandler.java:601) ~[ozone-manager-1.5.0-SNAPSHOT.jar:?]
	at org.apache.hadoop.ozone.protocolPB.OzoneManagerRequestHandler.handleReadRequest(OzoneManagerRequestHandler.java:213) ~[ozone-manager-1.5.0-SNAPSHOT.jar:?]
	at org.apache.hadoop.ozone.protocolPB.OzoneManagerProtocolServerSideTranslatorPB.submitReadRequestToOM(OzoneManagerProtocolServerSideTranslatorPB.java:259) ~[ozone-manager-1.5.0-SNAPSHOT.jar:?]
	at org.apache.hadoop.ozone.protocolPB.OzoneManagerProtocolServerSideTranslatorPB.internalProcessRequest(OzoneManagerProtocolServerSideTranslatorPB.java:205) ~[ozone-manager-1.5.0-SNAPSHOT.jar:?]
	at org.apache.hadoop.ozone.protocolPB.OzoneManagerProtocolServerSideTranslatorPB.processRequest(OzoneManagerProtocolServerSideTranslatorPB.java:165) ~[ozone-manager-1.5.0-SNAPSHOT.jar:?]
	at org.apache.hadoop.hdds.server.OzoneProtocolMessageDispatcher.processRequest(OzoneProtocolMessageDispatcher.java:89) [hdds-server-framework-1.5.0-SNAPSHOT.jar:?]
	at org.apache.hadoop.ozone.protocolPB.OzoneManagerProtocolServerSideTranslatorPB.submitRequest(OzoneManagerProtocolServerSideTranslatorPB.java:156) [ozone-manager-1.5.0-SNAPSHOT.jar:?]
	at org.apache.hadoop.ozone.protocol.proto.OzoneManagerProtocolProtos$OzoneManagerService$2.callBlockingMethod(OzoneManagerProtocolProtos.java) [ozone-interface-client-1.5.0-SNAPSHOT.jar:?]
	at org.apache.hadoop.ipc.ProtobufRpcEngine$Server.processCall(ProtobufRpcEngine.java:484) [hadoop-common-3.3.6.jar:?]
	at org.apache.hadoop.ipc.ProtobufRpcEngine2$Server$ProtoBufRpcInvoker.call(ProtobufRpcEngine2.java:595) [hadoop-common-3.3.6.jar:?]
	at org.apache.hadoop.ipc.ProtobufRpcEngine2$Server$ProtoBufRpcInvoker.call(ProtobufRpcEngine2.java:573) [hadoop-common-3.3.6.jar:?]
	at org.apache.hadoop.ipc.RPC$Server.call(RPC.java:1227) [hadoop-common-3.3.6.jar:?]
	at org.apache.hadoop.ipc.Server$RpcCall.run(Server.java:1094) [hadoop-common-3.3.6.jar:?]
	at org.apache.hadoop.ipc.Server$RpcCall.run(Server.java:1017) [hadoop-common-3.3.6.jar:?]
	at java.security.AccessController.doPrivileged(Native Method) ~[?:1.8.0_392]
	at javax.security.auth.Subject.doAs(Subject.java:422) [?:1.8.0_392]
	at org.apache.hadoop.security.UserGroupInformation.doAs(UserGroupInformation.java:1899) [hadoop-common-3.3.6.jar:?]
	at org.apache.hadoop.ipc.Server$Handler.run(Server.java:3048) [hadoop-common-3.3.6.jar:?]
]]></system-out>
  </testcase>
  <testcase name="testDeleteBucketWithTheSamePrefix(BucketLayout)[1]" classname="org.apache.hadoop.ozone.client.rpc.TestOzoneRpcClientWithRatis" time="0.019">
    <system-out><![CDATA[2024-01-17 07:57:39,602 [main] INFO  rpc.RpcClient (RpcClient.java:createVolume(456)) - Creating Volume: 7056a939-7e34-44cc-b5a0-a0938fbf6221, with runner as owner and space quota set to -1 bytes, counts quota set to -1
2024-01-17 07:57:39,604 [om1-OMStateMachineApplyTransactionThread - 0] INFO  volume.OMVolumeCreateRequest (OMVolumeCreateRequest.java:validateAndUpdateCache(198)) - created volume:7056a939-7e34-44cc-b5a0-a0938fbf6221 for user:runner
2024-01-17 07:57:39,606 [main] INFO  rpc.RpcClient (RpcClient.java:createBucket(683)) - Creating Bucket: 7056a939-7e34-44cc-b5a0-a0938fbf6221/bucket1, with bucket layout OBJECT_STORE, runner as owner, Versioning false, Storage Type set to DISK and Encryption set to false, Replication Type set to server-side default replication type, Namespace Quota set to -1, Space Quota set to -1 
2024-01-17 07:57:39,607 [om1-OMStateMachineApplyTransactionThread - 0] INFO  bucket.OMBucketCreateRequest (OMBucketCreateRequest.java:validateAndUpdateCache(296)) - created bucket: bucket1 of layout OBJECT_STORE in volume: 7056a939-7e34-44cc-b5a0-a0938fbf6221
2024-01-17 07:57:39,608 [main] INFO  rpc.RpcClient (RpcClient.java:createBucket(683)) - Creating Bucket: 7056a939-7e34-44cc-b5a0-a0938fbf6221/bucket11, with bucket layout OBJECT_STORE, runner as owner, Versioning false, Storage Type set to DISK and Encryption set to false, Replication Type set to server-side default replication type, Namespace Quota set to -1, Space Quota set to -1 
2024-01-17 07:57:39,610 [om1-OMStateMachineApplyTransactionThread - 0] INFO  bucket.OMBucketCreateRequest (OMBucketCreateRequest.java:validateAndUpdateCache(296)) - created bucket: bucket11 of layout OBJECT_STORE in volume: 7056a939-7e34-44cc-b5a0-a0938fbf6221
07:57:39.619 [IPC Server handler 4 on default port 15004] ERROR OMAudit - user=runner | ip=127.0.0.1 | op=READ_BUCKET {volume=7056a939-7e34-44cc-b5a0-a0938fbf6221, bucket=bucket1} | ret=FAILURE
org.apache.hadoop.ozone.om.exceptions.OMException: Bucket not found
	at org.apache.hadoop.ozone.om.OzoneManager.getBucketOwner(OzoneManager.java:2533) ~[ozone-manager-1.5.0-SNAPSHOT.jar:?]
	at org.apache.hadoop.ozone.om.OzoneManager.getBucketOwner(OzoneManager.java:2501) ~[ozone-manager-1.5.0-SNAPSHOT.jar:?]
	at org.apache.hadoop.ozone.om.OmMetadataReader.checkAcls(OmMetadataReader.java:456) ~[ozone-manager-1.5.0-SNAPSHOT.jar:?]
	at org.apache.hadoop.ozone.om.OzoneManager.getBucketInfo(OzoneManager.java:2791) ~[ozone-manager-1.5.0-SNAPSHOT.jar:?]
	at org.apache.hadoop.ozone.protocolPB.OzoneManagerRequestHandler.infoBucket(OzoneManagerRequestHandler.java:601) ~[ozone-manager-1.5.0-SNAPSHOT.jar:?]
	at org.apache.hadoop.ozone.protocolPB.OzoneManagerRequestHandler.handleReadRequest(OzoneManagerRequestHandler.java:213) ~[ozone-manager-1.5.0-SNAPSHOT.jar:?]
	at org.apache.hadoop.ozone.protocolPB.OzoneManagerProtocolServerSideTranslatorPB.submitReadRequestToOM(OzoneManagerProtocolServerSideTranslatorPB.java:259) ~[ozone-manager-1.5.0-SNAPSHOT.jar:?]
	at org.apache.hadoop.ozone.protocolPB.OzoneManagerProtocolServerSideTranslatorPB.internalProcessRequest(OzoneManagerProtocolServerSideTranslatorPB.java:205) ~[ozone-manager-1.5.0-SNAPSHOT.jar:?]
	at org.apache.hadoop.ozone.protocolPB.OzoneManagerProtocolServerSideTranslatorPB.processRequest(OzoneManagerProtocolServerSideTranslatorPB.java:165) ~[ozone-manager-1.5.0-SNAPSHOT.jar:?]
	at org.apache.hadoop.hdds.server.OzoneProtocolMessageDispatcher.processRequest(OzoneProtocolMessageDispatcher.java:89) [hdds-server-framework-1.5.0-SNAPSHOT.jar:?]
	at org.apache.hadoop.ozone.protocolPB.OzoneManagerProtocolServerSideTranslatorPB.submitRequest(OzoneManagerProtocolServerSideTranslatorPB.java:156) [ozone-manager-1.5.0-SNAPSHOT.jar:?]
	at org.apache.hadoop.ozone.protocol.proto.OzoneManagerProtocolProtos$OzoneManagerService$2.callBlockingMethod(OzoneManagerProtocolProtos.java) [ozone-interface-client-1.5.0-SNAPSHOT.jar:?]
	at org.apache.hadoop.ipc.ProtobufRpcEngine$Server.processCall(ProtobufRpcEngine.java:484) [hadoop-common-3.3.6.jar:?]
	at org.apache.hadoop.ipc.ProtobufRpcEngine2$Server$ProtoBufRpcInvoker.call(ProtobufRpcEngine2.java:595) [hadoop-common-3.3.6.jar:?]
	at org.apache.hadoop.ipc.ProtobufRpcEngine2$Server$ProtoBufRpcInvoker.call(ProtobufRpcEngine2.java:573) [hadoop-common-3.3.6.jar:?]
	at org.apache.hadoop.ipc.RPC$Server.call(RPC.java:1227) [hadoop-common-3.3.6.jar:?]
	at org.apache.hadoop.ipc.Server$RpcCall.run(Server.java:1094) [hadoop-common-3.3.6.jar:?]
	at org.apache.hadoop.ipc.Server$RpcCall.run(Server.java:1017) [hadoop-common-3.3.6.jar:?]
	at java.security.AccessController.doPrivileged(Native Method) ~[?:1.8.0_392]
	at javax.security.auth.Subject.doAs(Subject.java:422) [?:1.8.0_392]
	at org.apache.hadoop.security.UserGroupInformation.doAs(UserGroupInformation.java:1899) [hadoop-common-3.3.6.jar:?]
	at org.apache.hadoop.ipc.Server$Handler.run(Server.java:3048) [hadoop-common-3.3.6.jar:?]
]]></system-out>
  </testcase>
  <testcase name="testDeleteBucketWithTheSamePrefix(BucketLayout)[2]" classname="org.apache.hadoop.ozone.client.rpc.TestOzoneRpcClientWithRatis" time="0.016">
    <system-out><![CDATA[2024-01-17 07:57:39,622 [main] INFO  rpc.RpcClient (RpcClient.java:createVolume(456)) - Creating Volume: a573f4b1-17c9-4c4e-9337-c6b05b05e32d, with runner as owner and space quota set to -1 bytes, counts quota set to -1
2024-01-17 07:57:39,623 [om1-OMStateMachineApplyTransactionThread - 0] INFO  volume.OMVolumeCreateRequest (OMVolumeCreateRequest.java:validateAndUpdateCache(198)) - created volume:a573f4b1-17c9-4c4e-9337-c6b05b05e32d for user:runner
2024-01-17 07:57:39,624 [main] INFO  rpc.RpcClient (RpcClient.java:createBucket(683)) - Creating Bucket: a573f4b1-17c9-4c4e-9337-c6b05b05e32d/bucket1, with bucket layout LEGACY, runner as owner, Versioning false, Storage Type set to DISK and Encryption set to false, Replication Type set to server-side default replication type, Namespace Quota set to -1, Space Quota set to -1 
2024-01-17 07:57:39,625 [om1-OMStateMachineApplyTransactionThread - 0] INFO  bucket.OMBucketCreateRequest (OMBucketCreateRequest.java:validateAndUpdateCache(296)) - created bucket: bucket1 of layout LEGACY in volume: a573f4b1-17c9-4c4e-9337-c6b05b05e32d
2024-01-17 07:57:39,626 [main] INFO  rpc.RpcClient (RpcClient.java:createBucket(683)) - Creating Bucket: a573f4b1-17c9-4c4e-9337-c6b05b05e32d/bucket11, with bucket layout LEGACY, runner as owner, Versioning false, Storage Type set to DISK and Encryption set to false, Replication Type set to server-side default replication type, Namespace Quota set to -1, Space Quota set to -1 
2024-01-17 07:57:39,627 [om1-OMStateMachineApplyTransactionThread - 0] INFO  bucket.OMBucketCreateRequest (OMBucketCreateRequest.java:validateAndUpdateCache(296)) - created bucket: bucket11 of layout LEGACY in volume: a573f4b1-17c9-4c4e-9337-c6b05b05e32d
07:57:39.636 [IPC Server handler 13 on default port 15004] ERROR OMAudit - user=runner | ip=127.0.0.1 | op=READ_BUCKET {volume=a573f4b1-17c9-4c4e-9337-c6b05b05e32d, bucket=bucket1} | ret=FAILURE
org.apache.hadoop.ozone.om.exceptions.OMException: Bucket not found
	at org.apache.hadoop.ozone.om.OzoneManager.getBucketOwner(OzoneManager.java:2533) ~[ozone-manager-1.5.0-SNAPSHOT.jar:?]
	at org.apache.hadoop.ozone.om.OzoneManager.getBucketOwner(OzoneManager.java:2501) ~[ozone-manager-1.5.0-SNAPSHOT.jar:?]
	at org.apache.hadoop.ozone.om.OmMetadataReader.checkAcls(OmMetadataReader.java:456) ~[ozone-manager-1.5.0-SNAPSHOT.jar:?]
	at org.apache.hadoop.ozone.om.OzoneManager.getBucketInfo(OzoneManager.java:2791) ~[ozone-manager-1.5.0-SNAPSHOT.jar:?]
	at org.apache.hadoop.ozone.protocolPB.OzoneManagerRequestHandler.infoBucket(OzoneManagerRequestHandler.java:601) ~[ozone-manager-1.5.0-SNAPSHOT.jar:?]
	at org.apache.hadoop.ozone.protocolPB.OzoneManagerRequestHandler.handleReadRequest(OzoneManagerRequestHandler.java:213) ~[ozone-manager-1.5.0-SNAPSHOT.jar:?]
	at org.apache.hadoop.ozone.protocolPB.OzoneManagerProtocolServerSideTranslatorPB.submitReadRequestToOM(OzoneManagerProtocolServerSideTranslatorPB.java:259) ~[ozone-manager-1.5.0-SNAPSHOT.jar:?]
	at org.apache.hadoop.ozone.protocolPB.OzoneManagerProtocolServerSideTranslatorPB.internalProcessRequest(OzoneManagerProtocolServerSideTranslatorPB.java:205) ~[ozone-manager-1.5.0-SNAPSHOT.jar:?]
	at org.apache.hadoop.ozone.protocolPB.OzoneManagerProtocolServerSideTranslatorPB.processRequest(OzoneManagerProtocolServerSideTranslatorPB.java:165) ~[ozone-manager-1.5.0-SNAPSHOT.jar:?]
	at org.apache.hadoop.hdds.server.OzoneProtocolMessageDispatcher.processRequest(OzoneProtocolMessageDispatcher.java:89) [hdds-server-framework-1.5.0-SNAPSHOT.jar:?]
	at org.apache.hadoop.ozone.protocolPB.OzoneManagerProtocolServerSideTranslatorPB.submitRequest(OzoneManagerProtocolServerSideTranslatorPB.java:156) [ozone-manager-1.5.0-SNAPSHOT.jar:?]
	at org.apache.hadoop.ozone.protocol.proto.OzoneManagerProtocolProtos$OzoneManagerService$2.callBlockingMethod(OzoneManagerProtocolProtos.java) [ozone-interface-client-1.5.0-SNAPSHOT.jar:?]
	at org.apache.hadoop.ipc.ProtobufRpcEngine$Server.processCall(ProtobufRpcEngine.java:484) [hadoop-common-3.3.6.jar:?]
	at org.apache.hadoop.ipc.ProtobufRpcEngine2$Server$ProtoBufRpcInvoker.call(ProtobufRpcEngine2.java:595) [hadoop-common-3.3.6.jar:?]
	at org.apache.hadoop.ipc.ProtobufRpcEngine2$Server$ProtoBufRpcInvoker.call(ProtobufRpcEngine2.java:573) [hadoop-common-3.3.6.jar:?]
	at org.apache.hadoop.ipc.RPC$Server.call(RPC.java:1227) [hadoop-common-3.3.6.jar:?]
	at org.apache.hadoop.ipc.Server$RpcCall.run(Server.java:1094) [hadoop-common-3.3.6.jar:?]
	at org.apache.hadoop.ipc.Server$RpcCall.run(Server.java:1017) [hadoop-common-3.3.6.jar:?]
	at java.security.AccessController.doPrivileged(Native Method) ~[?:1.8.0_392]
	at javax.security.auth.Subject.doAs(Subject.java:422) [?:1.8.0_392]
	at org.apache.hadoop.security.UserGroupInformation.doAs(UserGroupInformation.java:1899) [hadoop-common-3.3.6.jar:?]
	at org.apache.hadoop.ipc.Server$Handler.run(Server.java:3048) [hadoop-common-3.3.6.jar:?]
]]></system-out>
  </testcase>
  <testcase name="testDeleteBucketWithTheSamePrefix(BucketLayout)[3]" classname="org.apache.hadoop.ozone.client.rpc.TestOzoneRpcClientWithRatis" time="0.018">
    <system-out><![CDATA[2024-01-17 07:57:39,638 [main] INFO  rpc.RpcClient (RpcClient.java:createVolume(456)) - Creating Volume: ad363ad9-e6d8-4e6a-99fd-0ab3ee751b80, with runner as owner and space quota set to -1 bytes, counts quota set to -1
2024-01-17 07:57:39,640 [om1-OMStateMachineApplyTransactionThread - 0] INFO  volume.OMVolumeCreateRequest (OMVolumeCreateRequest.java:validateAndUpdateCache(198)) - created volume:ad363ad9-e6d8-4e6a-99fd-0ab3ee751b80 for user:runner
2024-01-17 07:57:39,641 [main] INFO  rpc.RpcClient (RpcClient.java:createBucket(683)) - Creating Bucket: ad363ad9-e6d8-4e6a-99fd-0ab3ee751b80/bucket1, with bucket layout FILE_SYSTEM_OPTIMIZED, runner as owner, Versioning false, Storage Type set to DISK and Encryption set to false, Replication Type set to server-side default replication type, Namespace Quota set to -1, Space Quota set to -1 
2024-01-17 07:57:39,642 [om1-OMStateMachineApplyTransactionThread - 0] INFO  bucket.OMBucketCreateRequest (OMBucketCreateRequest.java:validateAndUpdateCache(296)) - created bucket: bucket1 of layout FILE_SYSTEM_OPTIMIZED in volume: ad363ad9-e6d8-4e6a-99fd-0ab3ee751b80
2024-01-17 07:57:39,642 [main] INFO  rpc.RpcClient (RpcClient.java:createBucket(683)) - Creating Bucket: ad363ad9-e6d8-4e6a-99fd-0ab3ee751b80/bucket11, with bucket layout FILE_SYSTEM_OPTIMIZED, runner as owner, Versioning false, Storage Type set to DISK and Encryption set to false, Replication Type set to server-side default replication type, Namespace Quota set to -1, Space Quota set to -1 
2024-01-17 07:57:39,644 [om1-OMStateMachineApplyTransactionThread - 0] INFO  bucket.OMBucketCreateRequest (OMBucketCreateRequest.java:validateAndUpdateCache(296)) - created bucket: bucket11 of layout FILE_SYSTEM_OPTIMIZED in volume: ad363ad9-e6d8-4e6a-99fd-0ab3ee751b80
07:57:39.655 [IPC Server handler 3 on default port 15004] ERROR OMAudit - user=runner | ip=127.0.0.1 | op=READ_BUCKET {volume=ad363ad9-e6d8-4e6a-99fd-0ab3ee751b80, bucket=bucket1} | ret=FAILURE
org.apache.hadoop.ozone.om.exceptions.OMException: Bucket not found
	at org.apache.hadoop.ozone.om.OzoneManager.getBucketOwner(OzoneManager.java:2533) ~[ozone-manager-1.5.0-SNAPSHOT.jar:?]
	at org.apache.hadoop.ozone.om.OzoneManager.getBucketOwner(OzoneManager.java:2501) ~[ozone-manager-1.5.0-SNAPSHOT.jar:?]
	at org.apache.hadoop.ozone.om.OmMetadataReader.checkAcls(OmMetadataReader.java:456) ~[ozone-manager-1.5.0-SNAPSHOT.jar:?]
	at org.apache.hadoop.ozone.om.OzoneManager.getBucketInfo(OzoneManager.java:2791) ~[ozone-manager-1.5.0-SNAPSHOT.jar:?]
	at org.apache.hadoop.ozone.protocolPB.OzoneManagerRequestHandler.infoBucket(OzoneManagerRequestHandler.java:601) ~[ozone-manager-1.5.0-SNAPSHOT.jar:?]
	at org.apache.hadoop.ozone.protocolPB.OzoneManagerRequestHandler.handleReadRequest(OzoneManagerRequestHandler.java:213) ~[ozone-manager-1.5.0-SNAPSHOT.jar:?]
	at org.apache.hadoop.ozone.protocolPB.OzoneManagerProtocolServerSideTranslatorPB.submitReadRequestToOM(OzoneManagerProtocolServerSideTranslatorPB.java:259) ~[ozone-manager-1.5.0-SNAPSHOT.jar:?]
	at org.apache.hadoop.ozone.protocolPB.OzoneManagerProtocolServerSideTranslatorPB.internalProcessRequest(OzoneManagerProtocolServerSideTranslatorPB.java:205) ~[ozone-manager-1.5.0-SNAPSHOT.jar:?]
	at org.apache.hadoop.ozone.protocolPB.OzoneManagerProtocolServerSideTranslatorPB.processRequest(OzoneManagerProtocolServerSideTranslatorPB.java:165) ~[ozone-manager-1.5.0-SNAPSHOT.jar:?]
	at org.apache.hadoop.hdds.server.OzoneProtocolMessageDispatcher.processRequest(OzoneProtocolMessageDispatcher.java:89) [hdds-server-framework-1.5.0-SNAPSHOT.jar:?]
	at org.apache.hadoop.ozone.protocolPB.OzoneManagerProtocolServerSideTranslatorPB.submitRequest(OzoneManagerProtocolServerSideTranslatorPB.java:156) [ozone-manager-1.5.0-SNAPSHOT.jar:?]
	at org.apache.hadoop.ozone.protocol.proto.OzoneManagerProtocolProtos$OzoneManagerService$2.callBlockingMethod(OzoneManagerProtocolProtos.java) [ozone-interface-client-1.5.0-SNAPSHOT.jar:?]
	at org.apache.hadoop.ipc.ProtobufRpcEngine$Server.processCall(ProtobufRpcEngine.java:484) [hadoop-common-3.3.6.jar:?]
	at org.apache.hadoop.ipc.ProtobufRpcEngine2$Server$ProtoBufRpcInvoker.call(ProtobufRpcEngine2.java:595) [hadoop-common-3.3.6.jar:?]
	at org.apache.hadoop.ipc.ProtobufRpcEngine2$Server$ProtoBufRpcInvoker.call(ProtobufRpcEngine2.java:573) [hadoop-common-3.3.6.jar:?]
	at org.apache.hadoop.ipc.RPC$Server.call(RPC.java:1227) [hadoop-common-3.3.6.jar:?]
	at org.apache.hadoop.ipc.Server$RpcCall.run(Server.java:1094) [hadoop-common-3.3.6.jar:?]
	at org.apache.hadoop.ipc.Server$RpcCall.run(Server.java:1017) [hadoop-common-3.3.6.jar:?]
	at java.security.AccessController.doPrivileged(Native Method) ~[?:1.8.0_392]
	at javax.security.auth.Subject.doAs(Subject.java:422) [?:1.8.0_392]
	at org.apache.hadoop.security.UserGroupInformation.doAs(UserGroupInformation.java:1899) [hadoop-common-3.3.6.jar:?]
	at org.apache.hadoop.ipc.Server$Handler.run(Server.java:3048) [hadoop-common-3.3.6.jar:?]
]]></system-out>
  </testcase>
  <testcase name="testDeleteKey" classname="org.apache.hadoop.ozone.client.rpc.TestOzoneRpcClientWithRatis" time="0.027">
    <system-out><![CDATA[2024-01-17 07:57:39,657 [main] INFO  rpc.RpcClient (RpcClient.java:createVolume(456)) - Creating Volume: aaf04849-f22e-4e27-abd9-54bb2f80cccc, with runner as owner and space quota set to -1 bytes, counts quota set to -1
2024-01-17 07:57:39,659 [om1-OMStateMachineApplyTransactionThread - 0] INFO  volume.OMVolumeCreateRequest (OMVolumeCreateRequest.java:validateAndUpdateCache(198)) - created volume:aaf04849-f22e-4e27-abd9-54bb2f80cccc for user:runner
2024-01-17 07:57:39,660 [main] INFO  rpc.RpcClient (RpcClient.java:createBucket(683)) - Creating Bucket: aaf04849-f22e-4e27-abd9-54bb2f80cccc/689b5d73-6c2b-4b2e-9984-454769ca85c8, with server-side default bucket layout, runner as owner, Versioning false, Storage Type set to DISK and Encryption set to false, Replication Type set to server-side default replication type, Namespace Quota set to -1, Space Quota set to -1 
2024-01-17 07:57:39,662 [om1-OMStateMachineApplyTransactionThread - 0] INFO  bucket.OMBucketCreateRequest (OMBucketCreateRequest.java:validateAndUpdateCache(296)) - created bucket: 689b5d73-6c2b-4b2e-9984-454769ca85c8 of layout FILE_SYSTEM_OPTIMIZED in volume: aaf04849-f22e-4e27-abd9-54bb2f80cccc
2024-01-17 07:57:39,675 [IPC Server handler 27 on default port 15001] WARN  node.SCMNodeManager (SCMNodeManager.java:getNodesByAddress(1459)) - Cannot find node for address 127.0.0.1
07:57:39.683 [IPC Server handler 18 on default port 15004] ERROR OMAudit - user=runner | ip=127.0.0.1 | op=READ_KEY {volume=aaf04849-f22e-4e27-abd9-54bb2f80cccc, bucket=689b5d73-6c2b-4b2e-9984-454769ca85c8, key=7532eed2-c8ca-44d9-bf66-2ae8254d0cfe, dataSize=0, replicationConfig=null} | ret=FAILURE
org.apache.hadoop.ozone.om.exceptions.OMException: Key:7532eed2-c8ca-44d9-bf66-2ae8254d0cfe not found
	at org.apache.hadoop.ozone.om.KeyManagerImpl.readKeyInfo(KeyManagerImpl.java:477) ~[ozone-manager-1.5.0-SNAPSHOT.jar:?]
	at org.apache.hadoop.ozone.om.KeyManagerImpl.lambda$9(KeyManagerImpl.java:2045) ~[ozone-manager-1.5.0-SNAPSHOT.jar:?]
	at org.apache.hadoop.util.MetricUtil.captureLatencyNs(MetricUtil.java:45) ~[hdds-common-1.5.0-SNAPSHOT.jar:?]
	at org.apache.hadoop.ozone.om.KeyManagerImpl.getKeyInfo(KeyManagerImpl.java:2043) ~[ozone-manager-1.5.0-SNAPSHOT.jar:?]
	at org.apache.hadoop.ozone.om.OmMetadataReader.getKeyInfo(OmMetadataReader.java:190) ~[ozone-manager-1.5.0-SNAPSHOT.jar:?]
	at org.apache.hadoop.ozone.om.OzoneManager.getKeyInfo(OzoneManager.java:2869) ~[ozone-manager-1.5.0-SNAPSHOT.jar:?]
	at org.apache.hadoop.ozone.protocolPB.OzoneManagerRequestHandler.getKeyInfo(OzoneManagerRequestHandler.java:641) ~[ozone-manager-1.5.0-SNAPSHOT.jar:?]
	at org.apache.hadoop.ozone.protocolPB.OzoneManagerRequestHandler.handleReadRequest(OzoneManagerRequestHandler.java:328) ~[ozone-manager-1.5.0-SNAPSHOT.jar:?]
	at org.apache.hadoop.ozone.protocolPB.OzoneManagerProtocolServerSideTranslatorPB.submitReadRequestToOM(OzoneManagerProtocolServerSideTranslatorPB.java:259) ~[ozone-manager-1.5.0-SNAPSHOT.jar:?]
	at org.apache.hadoop.ozone.protocolPB.OzoneManagerProtocolServerSideTranslatorPB.internalProcessRequest(OzoneManagerProtocolServerSideTranslatorPB.java:205) ~[ozone-manager-1.5.0-SNAPSHOT.jar:?]
	at org.apache.hadoop.ozone.protocolPB.OzoneManagerProtocolServerSideTranslatorPB.processRequest(OzoneManagerProtocolServerSideTranslatorPB.java:165) ~[ozone-manager-1.5.0-SNAPSHOT.jar:?]
	at org.apache.hadoop.hdds.server.OzoneProtocolMessageDispatcher.processRequest(OzoneProtocolMessageDispatcher.java:89) [hdds-server-framework-1.5.0-SNAPSHOT.jar:?]
	at org.apache.hadoop.ozone.protocolPB.OzoneManagerProtocolServerSideTranslatorPB.submitRequest(OzoneManagerProtocolServerSideTranslatorPB.java:156) [ozone-manager-1.5.0-SNAPSHOT.jar:?]
	at org.apache.hadoop.ozone.protocol.proto.OzoneManagerProtocolProtos$OzoneManagerService$2.callBlockingMethod(OzoneManagerProtocolProtos.java) [ozone-interface-client-1.5.0-SNAPSHOT.jar:?]
	at org.apache.hadoop.ipc.ProtobufRpcEngine$Server.processCall(ProtobufRpcEngine.java:484) [hadoop-common-3.3.6.jar:?]
	at org.apache.hadoop.ipc.ProtobufRpcEngine2$Server$ProtoBufRpcInvoker.call(ProtobufRpcEngine2.java:595) [hadoop-common-3.3.6.jar:?]
	at org.apache.hadoop.ipc.ProtobufRpcEngine2$Server$ProtoBufRpcInvoker.call(ProtobufRpcEngine2.java:573) [hadoop-common-3.3.6.jar:?]
	at org.apache.hadoop.ipc.RPC$Server.call(RPC.java:1227) [hadoop-common-3.3.6.jar:?]
	at org.apache.hadoop.ipc.Server$RpcCall.run(Server.java:1094) [hadoop-common-3.3.6.jar:?]
	at org.apache.hadoop.ipc.Server$RpcCall.run(Server.java:1017) [hadoop-common-3.3.6.jar:?]
	at java.security.AccessController.doPrivileged(Native Method) ~[?:1.8.0_392]
	at javax.security.auth.Subject.doAs(Subject.java:422) [?:1.8.0_392]
	at org.apache.hadoop.security.UserGroupInformation.doAs(UserGroupInformation.java:1899) [hadoop-common-3.3.6.jar:?]
	at org.apache.hadoop.ipc.Server$Handler.run(Server.java:3048) [hadoop-common-3.3.6.jar:?]
]]></system-out>
  </testcase>
  <testcase name="testDeleteLinkedBucket" classname="org.apache.hadoop.ozone.client.rpc.TestOzoneRpcClientWithRatis" time="0.019">
    <system-out><![CDATA[2024-01-17 07:57:39,685 [main] INFO  rpc.RpcClient (RpcClient.java:createVolume(456)) - Creating Volume: acb2eaec-49bd-43b9-8277-2f495f2809c7, with runner as owner and space quota set to -1 bytes, counts quota set to -1
2024-01-17 07:57:39,687 [om1-OMStateMachineApplyTransactionThread - 0] INFO  volume.OMVolumeCreateRequest (OMVolumeCreateRequest.java:validateAndUpdateCache(198)) - created volume:acb2eaec-49bd-43b9-8277-2f495f2809c7 for user:runner
2024-01-17 07:57:39,688 [main] INFO  rpc.RpcClient (RpcClient.java:createBucket(683)) - Creating Bucket: acb2eaec-49bd-43b9-8277-2f495f2809c7/802c57f4-0a10-4f19-87e4-b621456ce083, with server-side default bucket layout, runner as owner, Versioning false, Storage Type set to DISK and Encryption set to false, Replication Type set to server-side default replication type, Namespace Quota set to -1, Space Quota set to -1 
2024-01-17 07:57:39,690 [om1-OMStateMachineApplyTransactionThread - 0] INFO  bucket.OMBucketCreateRequest (OMBucketCreateRequest.java:validateAndUpdateCache(296)) - created bucket: 802c57f4-0a10-4f19-87e4-b621456ce083 of layout FILE_SYSTEM_OPTIMIZED in volume: acb2eaec-49bd-43b9-8277-2f495f2809c7
2024-01-17 07:57:39,691 [main] INFO  rpc.RpcClient (RpcClient.java:createBucket(683)) - Creating Bucket: acb2eaec-49bd-43b9-8277-2f495f2809c7/ade2db41-423c-489b-a821-97301e104014, with server-side default bucket layout, runner as owner, Versioning false, Storage Type set to DISK and Encryption set to false, Replication Type set to server-side default replication type, Namespace Quota set to -1, Space Quota set to -1 
2024-01-17 07:57:39,692 [om1-OMStateMachineApplyTransactionThread - 0] INFO  bucket.OMBucketCreateRequest (OMBucketCreateRequest.java:validateAndUpdateCache(296)) - created bucket: ade2db41-423c-489b-a821-97301e104014 of layout FILE_SYSTEM_OPTIMIZED in volume: acb2eaec-49bd-43b9-8277-2f495f2809c7
07:57:39.696 [IPC Server handler 8 on default port 15004] ERROR OMAudit - user=runner | ip=127.0.0.1 | op=READ_BUCKET {volume=acb2eaec-49bd-43b9-8277-2f495f2809c7, bucket=802c57f4-0a10-4f19-87e4-b621456ce083} | ret=FAILURE
org.apache.hadoop.ozone.om.exceptions.OMException: Bucket not found
	at org.apache.hadoop.ozone.om.OzoneManager.getBucketOwner(OzoneManager.java:2533) ~[ozone-manager-1.5.0-SNAPSHOT.jar:?]
	at org.apache.hadoop.ozone.om.OzoneManager.getBucketOwner(OzoneManager.java:2501) ~[ozone-manager-1.5.0-SNAPSHOT.jar:?]
	at org.apache.hadoop.ozone.om.OmMetadataReader.checkAcls(OmMetadataReader.java:456) ~[ozone-manager-1.5.0-SNAPSHOT.jar:?]
	at org.apache.hadoop.ozone.om.OzoneManager.getBucketInfo(OzoneManager.java:2791) ~[ozone-manager-1.5.0-SNAPSHOT.jar:?]
	at org.apache.hadoop.ozone.protocolPB.OzoneManagerRequestHandler.infoBucket(OzoneManagerRequestHandler.java:601) ~[ozone-manager-1.5.0-SNAPSHOT.jar:?]
	at org.apache.hadoop.ozone.protocolPB.OzoneManagerRequestHandler.handleReadRequest(OzoneManagerRequestHandler.java:213) ~[ozone-manager-1.5.0-SNAPSHOT.jar:?]
	at org.apache.hadoop.ozone.protocolPB.OzoneManagerProtocolServerSideTranslatorPB.submitReadRequestToOM(OzoneManagerProtocolServerSideTranslatorPB.java:259) ~[ozone-manager-1.5.0-SNAPSHOT.jar:?]
	at org.apache.hadoop.ozone.protocolPB.OzoneManagerProtocolServerSideTranslatorPB.internalProcessRequest(OzoneManagerProtocolServerSideTranslatorPB.java:205) ~[ozone-manager-1.5.0-SNAPSHOT.jar:?]
	at org.apache.hadoop.ozone.protocolPB.OzoneManagerProtocolServerSideTranslatorPB.processRequest(OzoneManagerProtocolServerSideTranslatorPB.java:165) ~[ozone-manager-1.5.0-SNAPSHOT.jar:?]
	at org.apache.hadoop.hdds.server.OzoneProtocolMessageDispatcher.processRequest(OzoneProtocolMessageDispatcher.java:89) [hdds-server-framework-1.5.0-SNAPSHOT.jar:?]
	at org.apache.hadoop.ozone.protocolPB.OzoneManagerProtocolServerSideTranslatorPB.submitRequest(OzoneManagerProtocolServerSideTranslatorPB.java:156) [ozone-manager-1.5.0-SNAPSHOT.jar:?]
	at org.apache.hadoop.ozone.protocol.proto.OzoneManagerProtocolProtos$OzoneManagerService$2.callBlockingMethod(OzoneManagerProtocolProtos.java) [ozone-interface-client-1.5.0-SNAPSHOT.jar:?]
	at org.apache.hadoop.ipc.ProtobufRpcEngine$Server.processCall(ProtobufRpcEngine.java:484) [hadoop-common-3.3.6.jar:?]
	at org.apache.hadoop.ipc.ProtobufRpcEngine2$Server$ProtoBufRpcInvoker.call(ProtobufRpcEngine2.java:595) [hadoop-common-3.3.6.jar:?]
	at org.apache.hadoop.ipc.ProtobufRpcEngine2$Server$ProtoBufRpcInvoker.call(ProtobufRpcEngine2.java:573) [hadoop-common-3.3.6.jar:?]
	at org.apache.hadoop.ipc.RPC$Server.call(RPC.java:1227) [hadoop-common-3.3.6.jar:?]
	at org.apache.hadoop.ipc.Server$RpcCall.run(Server.java:1094) [hadoop-common-3.3.6.jar:?]
	at org.apache.hadoop.ipc.Server$RpcCall.run(Server.java:1017) [hadoop-common-3.3.6.jar:?]
	at java.security.AccessController.doPrivileged(Native Method) ~[?:1.8.0_392]
	at javax.security.auth.Subject.doAs(Subject.java:422) [?:1.8.0_392]
	at org.apache.hadoop.security.UserGroupInformation.doAs(UserGroupInformation.java:1899) [hadoop-common-3.3.6.jar:?]
	at org.apache.hadoop.ipc.Server$Handler.run(Server.java:3048) [hadoop-common-3.3.6.jar:?]
2024-01-17 07:57:39,697 [IPC Server handler 0 on default port 15004] WARN  om.OzoneManager (OzoneManager.java:resolveBucketLink(4311)) - Bucket 802c57f4-0a10-4f19-87e4-b621456ce083 not found in volume acb2eaec-49bd-43b9-8277-2f495f2809c7
07:57:39.701 [IPC Server handler 3 on default port 15004] ERROR OMAudit - user=runner | ip=127.0.0.1 | op=READ_BUCKET {volume=acb2eaec-49bd-43b9-8277-2f495f2809c7, bucket=ade2db41-423c-489b-a821-97301e104014} | ret=FAILURE
org.apache.hadoop.ozone.om.exceptions.OMException: Bucket not found
	at org.apache.hadoop.ozone.om.OzoneManager.getBucketOwner(OzoneManager.java:2533) ~[ozone-manager-1.5.0-SNAPSHOT.jar:?]
	at org.apache.hadoop.ozone.om.OzoneManager.getBucketOwner(OzoneManager.java:2501) ~[ozone-manager-1.5.0-SNAPSHOT.jar:?]
	at org.apache.hadoop.ozone.om.OmMetadataReader.checkAcls(OmMetadataReader.java:456) ~[ozone-manager-1.5.0-SNAPSHOT.jar:?]
	at org.apache.hadoop.ozone.om.OzoneManager.getBucketInfo(OzoneManager.java:2791) ~[ozone-manager-1.5.0-SNAPSHOT.jar:?]
	at org.apache.hadoop.ozone.protocolPB.OzoneManagerRequestHandler.infoBucket(OzoneManagerRequestHandler.java:601) ~[ozone-manager-1.5.0-SNAPSHOT.jar:?]
	at org.apache.hadoop.ozone.protocolPB.OzoneManagerRequestHandler.handleReadRequest(OzoneManagerRequestHandler.java:213) ~[ozone-manager-1.5.0-SNAPSHOT.jar:?]
	at org.apache.hadoop.ozone.protocolPB.OzoneManagerProtocolServerSideTranslatorPB.submitReadRequestToOM(OzoneManagerProtocolServerSideTranslatorPB.java:259) ~[ozone-manager-1.5.0-SNAPSHOT.jar:?]
	at org.apache.hadoop.ozone.protocolPB.OzoneManagerProtocolServerSideTranslatorPB.internalProcessRequest(OzoneManagerProtocolServerSideTranslatorPB.java:205) ~[ozone-manager-1.5.0-SNAPSHOT.jar:?]
	at org.apache.hadoop.ozone.protocolPB.OzoneManagerProtocolServerSideTranslatorPB.processRequest(OzoneManagerProtocolServerSideTranslatorPB.java:165) ~[ozone-manager-1.5.0-SNAPSHOT.jar:?]
	at org.apache.hadoop.hdds.server.OzoneProtocolMessageDispatcher.processRequest(OzoneProtocolMessageDispatcher.java:89) [hdds-server-framework-1.5.0-SNAPSHOT.jar:?]
	at org.apache.hadoop.ozone.protocolPB.OzoneManagerProtocolServerSideTranslatorPB.submitRequest(OzoneManagerProtocolServerSideTranslatorPB.java:156) [ozone-manager-1.5.0-SNAPSHOT.jar:?]
	at org.apache.hadoop.ozone.protocol.proto.OzoneManagerProtocolProtos$OzoneManagerService$2.callBlockingMethod(OzoneManagerProtocolProtos.java) [ozone-interface-client-1.5.0-SNAPSHOT.jar:?]
	at org.apache.hadoop.ipc.ProtobufRpcEngine$Server.processCall(ProtobufRpcEngine.java:484) [hadoop-common-3.3.6.jar:?]
	at org.apache.hadoop.ipc.ProtobufRpcEngine2$Server$ProtoBufRpcInvoker.call(ProtobufRpcEngine2.java:595) [hadoop-common-3.3.6.jar:?]
	at org.apache.hadoop.ipc.ProtobufRpcEngine2$Server$ProtoBufRpcInvoker.call(ProtobufRpcEngine2.java:573) [hadoop-common-3.3.6.jar:?]
	at org.apache.hadoop.ipc.RPC$Server.call(RPC.java:1227) [hadoop-common-3.3.6.jar:?]
	at org.apache.hadoop.ipc.Server$RpcCall.run(Server.java:1094) [hadoop-common-3.3.6.jar:?]
	at org.apache.hadoop.ipc.Server$RpcCall.run(Server.java:1017) [hadoop-common-3.3.6.jar:?]
	at java.security.AccessController.doPrivileged(Native Method) ~[?:1.8.0_392]
	at javax.security.auth.Subject.doAs(Subject.java:422) [?:1.8.0_392]
	at org.apache.hadoop.security.UserGroupInformation.doAs(UserGroupInformation.java:1899) [hadoop-common-3.3.6.jar:?]
	at org.apache.hadoop.ipc.Server$Handler.run(Server.java:3048) [hadoop-common-3.3.6.jar:?]
]]></system-out>
  </testcase>
  <testcase name="testDeleteS3Bucket" classname="org.apache.hadoop.ozone.client.rpc.TestOzoneRpcClientWithRatis" time="0.012">
    <system-out><![CDATA[2024-01-17 07:57:39,705 [main] INFO  rpc.RpcClient (RpcClient.java:createBucket(683)) - Creating Bucket: s3v/c84d3851-4bd7-4e62-94c3-ab1e2fc3508f, with bucket layout OBJECT_STORE, runner as owner, Versioning false, Storage Type set to DISK and Encryption set to false, Replication Type set to server-side default replication type, Namespace Quota set to -1, Space Quota set to -1 
2024-01-17 07:57:39,706 [om1-OMStateMachineApplyTransactionThread - 0] INFO  bucket.OMBucketCreateRequest (OMBucketCreateRequest.java:validateAndUpdateCache(296)) - created bucket: c84d3851-4bd7-4e62-94c3-ab1e2fc3508f of layout OBJECT_STORE in volume: s3v
07:57:39.715 [IPC Server handler 18 on default port 15004] ERROR OMAudit - user=runner | ip=127.0.0.1 | op=READ_BUCKET {volume=s3v, bucket=c84d3851-4bd7-4e62-94c3-ab1e2fc3508f} | ret=FAILURE
org.apache.hadoop.ozone.om.exceptions.OMException: Bucket not found
	at org.apache.hadoop.ozone.om.OzoneManager.getBucketOwner(OzoneManager.java:2533) ~[ozone-manager-1.5.0-SNAPSHOT.jar:?]
	at org.apache.hadoop.ozone.om.OzoneManager.getBucketOwner(OzoneManager.java:2501) ~[ozone-manager-1.5.0-SNAPSHOT.jar:?]
	at org.apache.hadoop.ozone.om.OmMetadataReader.checkAcls(OmMetadataReader.java:456) ~[ozone-manager-1.5.0-SNAPSHOT.jar:?]
	at org.apache.hadoop.ozone.om.OzoneManager.getBucketInfo(OzoneManager.java:2791) ~[ozone-manager-1.5.0-SNAPSHOT.jar:?]
	at org.apache.hadoop.ozone.protocolPB.OzoneManagerRequestHandler.infoBucket(OzoneManagerRequestHandler.java:601) ~[ozone-manager-1.5.0-SNAPSHOT.jar:?]
	at org.apache.hadoop.ozone.protocolPB.OzoneManagerRequestHandler.handleReadRequest(OzoneManagerRequestHandler.java:213) ~[ozone-manager-1.5.0-SNAPSHOT.jar:?]
	at org.apache.hadoop.ozone.protocolPB.OzoneManagerProtocolServerSideTranslatorPB.submitReadRequestToOM(OzoneManagerProtocolServerSideTranslatorPB.java:259) ~[ozone-manager-1.5.0-SNAPSHOT.jar:?]
	at org.apache.hadoop.ozone.protocolPB.OzoneManagerProtocolServerSideTranslatorPB.internalProcessRequest(OzoneManagerProtocolServerSideTranslatorPB.java:205) ~[ozone-manager-1.5.0-SNAPSHOT.jar:?]
	at org.apache.hadoop.ozone.protocolPB.OzoneManagerProtocolServerSideTranslatorPB.processRequest(OzoneManagerProtocolServerSideTranslatorPB.java:165) ~[ozone-manager-1.5.0-SNAPSHOT.jar:?]
	at org.apache.hadoop.hdds.server.OzoneProtocolMessageDispatcher.processRequest(OzoneProtocolMessageDispatcher.java:89) [hdds-server-framework-1.5.0-SNAPSHOT.jar:?]
	at org.apache.hadoop.ozone.protocolPB.OzoneManagerProtocolServerSideTranslatorPB.submitRequest(OzoneManagerProtocolServerSideTranslatorPB.java:156) [ozone-manager-1.5.0-SNAPSHOT.jar:?]
	at org.apache.hadoop.ozone.protocol.proto.OzoneManagerProtocolProtos$OzoneManagerService$2.callBlockingMethod(OzoneManagerProtocolProtos.java) [ozone-interface-client-1.5.0-SNAPSHOT.jar:?]
	at org.apache.hadoop.ipc.ProtobufRpcEngine$Server.processCall(ProtobufRpcEngine.java:484) [hadoop-common-3.3.6.jar:?]
	at org.apache.hadoop.ipc.ProtobufRpcEngine2$Server$ProtoBufRpcInvoker.call(ProtobufRpcEngine2.java:595) [hadoop-common-3.3.6.jar:?]
	at org.apache.hadoop.ipc.ProtobufRpcEngine2$Server$ProtoBufRpcInvoker.call(ProtobufRpcEngine2.java:573) [hadoop-common-3.3.6.jar:?]
	at org.apache.hadoop.ipc.RPC$Server.call(RPC.java:1227) [hadoop-common-3.3.6.jar:?]
	at org.apache.hadoop.ipc.Server$RpcCall.run(Server.java:1094) [hadoop-common-3.3.6.jar:?]
	at org.apache.hadoop.ipc.Server$RpcCall.run(Server.java:1017) [hadoop-common-3.3.6.jar:?]
	at java.security.AccessController.doPrivileged(Native Method) ~[?:1.8.0_392]
	at javax.security.auth.Subject.doAs(Subject.java:422) [?:1.8.0_392]
	at org.apache.hadoop.security.UserGroupInformation.doAs(UserGroupInformation.java:1899) [hadoop-common-3.3.6.jar:?]
	at org.apache.hadoop.ipc.Server$Handler.run(Server.java:3048) [hadoop-common-3.3.6.jar:?]
]]></system-out>
  </testcase>
  <testcase name="testDeleteS3NonExistingBucket" classname="org.apache.hadoop.ozone.client.rpc.TestOzoneRpcClientWithRatis" time="0.004">
    <system-out><![CDATA[07:57:39.719 [om1-OMStateMachineApplyTransactionThread - 0] ERROR OMAudit - user=runner | ip=127.0.0.1 | op=DELETE_BUCKET {volume=s3v, bucket=d98360ca-b117-4070-9acb-b13c3463cd7b} | ret=FAILURE
org.apache.hadoop.ozone.om.exceptions.OMException: Bucket not found
	at org.apache.hadoop.ozone.om.OzoneManager.getBucketOwner(OzoneManager.java:2533) ~[ozone-manager-1.5.0-SNAPSHOT.jar:?]
	at org.apache.hadoop.ozone.om.OzoneManager.getBucketOwner(OzoneManager.java:2501) ~[ozone-manager-1.5.0-SNAPSHOT.jar:?]
	at org.apache.hadoop.ozone.om.request.OMClientRequest.checkAcls(OMClientRequest.java:242) ~[ozone-manager-1.5.0-SNAPSHOT.jar:?]
	at org.apache.hadoop.ozone.om.request.bucket.OMBucketDeleteRequest.validateAndUpdateCache(OMBucketDeleteRequest.java:113) ~[ozone-manager-1.5.0-SNAPSHOT.jar:?]
	at org.apache.hadoop.ozone.protocolPB.OzoneManagerRequestHandler.lambda$0(OzoneManagerRequestHandler.java:403) ~[ozone-manager-1.5.0-SNAPSHOT.jar:?]
	at org.apache.hadoop.util.MetricUtil.captureLatencyNs(MetricUtil.java:45) ~[hdds-common-1.5.0-SNAPSHOT.jar:?]
	at org.apache.hadoop.ozone.protocolPB.OzoneManagerRequestHandler.handleWriteRequest(OzoneManagerRequestHandler.java:399) ~[ozone-manager-1.5.0-SNAPSHOT.jar:?]
	at org.apache.hadoop.ozone.om.ratis.OzoneManagerStateMachine.runCommand(OzoneManagerStateMachine.java:559) ~[ozone-manager-1.5.0-SNAPSHOT.jar:?]
	at org.apache.hadoop.ozone.om.ratis.OzoneManagerStateMachine.lambda$1(OzoneManagerStateMachine.java:349) ~[ozone-manager-1.5.0-SNAPSHOT.jar:?]
	at java.util.concurrent.CompletableFuture$AsyncSupply.run(CompletableFuture.java:1604) [?:1.8.0_392]
	at java.util.concurrent.ThreadPoolExecutor.runWorker(ThreadPoolExecutor.java:1149) [?:1.8.0_392]
	at java.util.concurrent.ThreadPoolExecutor$Worker.run(ThreadPoolExecutor.java:624) [?:1.8.0_392]
	at java.lang.Thread.run(Thread.java:750) [?:1.8.0_392]
2024-01-17 07:57:39,719 [om1-OMStateMachineApplyTransactionThread - 0] ERROR bucket.OMBucketDeleteRequest (OMBucketDeleteRequest.java:validateAndUpdateCache(227)) - Delete bucket failed for bucket:d98360ca-b117-4070-9acb-b13c3463cd7b in volume:s3v
BUCKET_NOT_FOUND org.apache.hadoop.ozone.om.exceptions.OMException: Bucket not found
	at org.apache.hadoop.ozone.om.OzoneManager.getBucketOwner(OzoneManager.java:2533)
	at org.apache.hadoop.ozone.om.OzoneManager.getBucketOwner(OzoneManager.java:2501)
	at org.apache.hadoop.ozone.om.request.OMClientRequest.checkAcls(OMClientRequest.java:242)
	at org.apache.hadoop.ozone.om.request.bucket.OMBucketDeleteRequest.validateAndUpdateCache(OMBucketDeleteRequest.java:113)
	at org.apache.hadoop.ozone.protocolPB.OzoneManagerRequestHandler.lambda$0(OzoneManagerRequestHandler.java:403)
	at org.apache.hadoop.util.MetricUtil.captureLatencyNs(MetricUtil.java:45)
	at org.apache.hadoop.ozone.protocolPB.OzoneManagerRequestHandler.handleWriteRequest(OzoneManagerRequestHandler.java:399)
	at org.apache.hadoop.ozone.om.ratis.OzoneManagerStateMachine.runCommand(OzoneManagerStateMachine.java:559)
	at org.apache.hadoop.ozone.om.ratis.OzoneManagerStateMachine.lambda$1(OzoneManagerStateMachine.java:349)
	at java.util.concurrent.CompletableFuture$AsyncSupply.run(CompletableFuture.java:1604)
	at java.util.concurrent.ThreadPoolExecutor.runWorker(ThreadPoolExecutor.java:1149)
	at java.util.concurrent.ThreadPoolExecutor$Worker.run(ThreadPoolExecutor.java:624)
	at java.lang.Thread.run(Thread.java:750)
]]></system-out>
  </testcase>
  <testcase name="testDeleteVolume" classname="org.apache.hadoop.ozone.client.rpc.TestOzoneRpcClientWithRatis" time="0.007">
    <system-out><![CDATA[2024-01-17 07:57:39,721 [main] INFO  rpc.RpcClient (RpcClient.java:createVolume(456)) - Creating Volume: 3616b182-5640-452e-8acb-96d6e9f12fe2, with runner as owner and space quota set to -1 bytes, counts quota set to -1
2024-01-17 07:57:39,723 [om1-OMStateMachineApplyTransactionThread - 0] INFO  volume.OMVolumeCreateRequest (OMVolumeCreateRequest.java:validateAndUpdateCache(198)) - created volume:3616b182-5640-452e-8acb-96d6e9f12fe2 for user:runner
07:57:39.727 [IPC Server handler 12 on default port 15004] ERROR OMAudit - user=runner | ip=127.0.0.1 | op=READ_VOLUME {volume=3616b182-5640-452e-8acb-96d6e9f12fe2} | ret=FAILURE
org.apache.hadoop.ozone.om.exceptions.OMException: Volume 3616b182-5640-452e-8acb-96d6e9f12fe2 is not found
	at org.apache.hadoop.ozone.om.OzoneManager.getVolumeOwner(OzoneManager.java:2486) ~[ozone-manager-1.5.0-SNAPSHOT.jar:?]
	at org.apache.hadoop.ozone.om.OzoneManager.getVolumeOwner(OzoneManager.java:2458) ~[ozone-manager-1.5.0-SNAPSHOT.jar:?]
	at org.apache.hadoop.ozone.om.OmMetadataReader.checkAcls(OmMetadataReader.java:455) ~[ozone-manager-1.5.0-SNAPSHOT.jar:?]
	at org.apache.hadoop.ozone.om.OzoneManager.getVolumeInfo(OzoneManager.java:2609) ~[ozone-manager-1.5.0-SNAPSHOT.jar:?]
	at org.apache.hadoop.ozone.protocolPB.OzoneManagerRequestHandler.infoVolume(OzoneManagerRequestHandler.java:527) ~[ozone-manager-1.5.0-SNAPSHOT.jar:?]
	at org.apache.hadoop.ozone.protocolPB.OzoneManagerRequestHandler.handleReadRequest(OzoneManagerRequestHandler.java:203) ~[ozone-manager-1.5.0-SNAPSHOT.jar:?]
	at org.apache.hadoop.ozone.protocolPB.OzoneManagerProtocolServerSideTranslatorPB.submitReadRequestToOM(OzoneManagerProtocolServerSideTranslatorPB.java:259) ~[ozone-manager-1.5.0-SNAPSHOT.jar:?]
	at org.apache.hadoop.ozone.protocolPB.OzoneManagerProtocolServerSideTranslatorPB.internalProcessRequest(OzoneManagerProtocolServerSideTranslatorPB.java:205) ~[ozone-manager-1.5.0-SNAPSHOT.jar:?]
	at org.apache.hadoop.ozone.protocolPB.OzoneManagerProtocolServerSideTranslatorPB.processRequest(OzoneManagerProtocolServerSideTranslatorPB.java:165) ~[ozone-manager-1.5.0-SNAPSHOT.jar:?]
	at org.apache.hadoop.hdds.server.OzoneProtocolMessageDispatcher.processRequest(OzoneProtocolMessageDispatcher.java:89) [hdds-server-framework-1.5.0-SNAPSHOT.jar:?]
	at org.apache.hadoop.ozone.protocolPB.OzoneManagerProtocolServerSideTranslatorPB.submitRequest(OzoneManagerProtocolServerSideTranslatorPB.java:156) [ozone-manager-1.5.0-SNAPSHOT.jar:?]
	at org.apache.hadoop.ozone.protocol.proto.OzoneManagerProtocolProtos$OzoneManagerService$2.callBlockingMethod(OzoneManagerProtocolProtos.java) [ozone-interface-client-1.5.0-SNAPSHOT.jar:?]
	at org.apache.hadoop.ipc.ProtobufRpcEngine$Server.processCall(ProtobufRpcEngine.java:484) [hadoop-common-3.3.6.jar:?]
	at org.apache.hadoop.ipc.ProtobufRpcEngine2$Server$ProtoBufRpcInvoker.call(ProtobufRpcEngine2.java:595) [hadoop-common-3.3.6.jar:?]
	at org.apache.hadoop.ipc.ProtobufRpcEngine2$Server$ProtoBufRpcInvoker.call(ProtobufRpcEngine2.java:573) [hadoop-common-3.3.6.jar:?]
	at org.apache.hadoop.ipc.RPC$Server.call(RPC.java:1227) [hadoop-common-3.3.6.jar:?]
	at org.apache.hadoop.ipc.Server$RpcCall.run(Server.java:1094) [hadoop-common-3.3.6.jar:?]
	at org.apache.hadoop.ipc.Server$RpcCall.run(Server.java:1017) [hadoop-common-3.3.6.jar:?]
	at java.security.AccessController.doPrivileged(Native Method) ~[?:1.8.0_392]
	at javax.security.auth.Subject.doAs(Subject.java:422) [?:1.8.0_392]
	at org.apache.hadoop.security.UserGroupInformation.doAs(UserGroupInformation.java:1899) [hadoop-common-3.3.6.jar:?]
	at org.apache.hadoop.ipc.Server$Handler.run(Server.java:3048) [hadoop-common-3.3.6.jar:?]
]]></system-out>
  </testcase>
  <testcase name="testDeletedKeyForGDPR" classname="org.apache.hadoop.ozone.client.rpc.TestOzoneRpcClientWithRatis" time="0.078">
    <system-out><![CDATA[2024-01-17 07:57:39,729 [main] INFO  rpc.RpcClient (RpcClient.java:createVolume(456)) - Creating Volume: d4e78dcc-b5c9-40b5-90df-56997fcb180a, with runner as owner and space quota set to -1 bytes, counts quota set to -1
2024-01-17 07:57:39,731 [om1-OMStateMachineApplyTransactionThread - 0] INFO  volume.OMVolumeCreateRequest (OMVolumeCreateRequest.java:validateAndUpdateCache(198)) - created volume:d4e78dcc-b5c9-40b5-90df-56997fcb180a for user:runner
2024-01-17 07:57:39,732 [main] INFO  rpc.RpcClient (RpcClient.java:createBucket(683)) - Creating Bucket: d4e78dcc-b5c9-40b5-90df-56997fcb180a/05033354-68c4-4346-a287-220559d38614, with server-side default bucket layout, runner as owner, Versioning false, Storage Type set to DISK and Encryption set to false, Replication Type set to server-side default replication type, Namespace Quota set to -1, Space Quota set to -1 
2024-01-17 07:57:39,734 [om1-OMStateMachineApplyTransactionThread - 0] INFO  bucket.OMBucketCreateRequest (OMBucketCreateRequest.java:validateAndUpdateCache(296)) - created bucket: 05033354-68c4-4346-a287-220559d38614 of layout FILE_SYSTEM_OPTIMIZED in volume: d4e78dcc-b5c9-40b5-90df-56997fcb180a
2024-01-17 07:57:39,782 [IPC Server handler 6 on default port 15001] WARN  node.SCMNodeManager (SCMNodeManager.java:getNodesByAddress(1459)) - Cannot find node for address 127.0.0.1
2024-01-17 07:57:39,784 [IPC Server handler 21 on default port 15001] WARN  node.SCMNodeManager (SCMNodeManager.java:getNodesByAddress(1459)) - Cannot find node for address 127.0.0.1
]]></system-out>
  </testcase>
  <testcase name="testFSOBucketUsedBytes" classname="org.apache.hadoop.ozone.client.rpc.TestOzoneRpcClientWithRatis" time="0.045">
    <system-out><![CDATA[2024-01-17 07:57:39,808 [main] INFO  rpc.RpcClient (RpcClient.java:createVolume(456)) - Creating Volume: 950523d4-73df-43e6-aedf-a2fee92dac0c, with runner as owner and space quota set to -1 bytes, counts quota set to -1
2024-01-17 07:57:39,809 [om1-OMStateMachineApplyTransactionThread - 0] INFO  volume.OMVolumeCreateRequest (OMVolumeCreateRequest.java:validateAndUpdateCache(198)) - created volume:950523d4-73df-43e6-aedf-a2fee92dac0c for user:runner
2024-01-17 07:57:39,811 [main] INFO  rpc.RpcClient (RpcClient.java:createBucket(683)) - Creating Bucket: 950523d4-73df-43e6-aedf-a2fee92dac0c/0c9cd638-f901-4de8-8e8b-0e949d504c81, with bucket layout FILE_SYSTEM_OPTIMIZED, runner as owner, Versioning false, Storage Type set to DISK and Encryption set to false, Replication Type set to server-side default replication type, Namespace Quota set to -1, Space Quota set to -1 
2024-01-17 07:57:39,812 [om1-OMStateMachineApplyTransactionThread - 0] INFO  bucket.OMBucketCreateRequest (OMBucketCreateRequest.java:validateAndUpdateCache(296)) - created bucket: 0c9cd638-f901-4de8-8e8b-0e949d504c81 of layout FILE_SYSTEM_OPTIMIZED in volume: 950523d4-73df-43e6-aedf-a2fee92dac0c
]]></system-out>
  </testcase>
  <testcase name="testGetKeyAndFileWithNetworkTopology" classname="org.apache.hadoop.ozone.client.rpc.TestOzoneRpcClientWithRatis" time="0.055">
    <system-out><![CDATA[2024-01-17 07:57:39,853 [main] INFO  rpc.RpcClient (RpcClient.java:createVolume(456)) - Creating Volume: 7822f476-d4f8-432b-9380-2a8f676d04e0, with runner as owner and space quota set to -1 bytes, counts quota set to -1
2024-01-17 07:57:39,855 [om1-OMStateMachineApplyTransactionThread - 0] INFO  volume.OMVolumeCreateRequest (OMVolumeCreateRequest.java:validateAndUpdateCache(198)) - created volume:7822f476-d4f8-432b-9380-2a8f676d04e0 for user:runner
2024-01-17 07:57:39,856 [main] INFO  rpc.RpcClient (RpcClient.java:createBucket(683)) - Creating Bucket: 7822f476-d4f8-432b-9380-2a8f676d04e0/063530de-efcc-4aad-862b-7037b7921868, with server-side default bucket layout, runner as owner, Versioning false, Storage Type set to DISK and Encryption set to false, Replication Type set to server-side default replication type, Namespace Quota set to -1, Space Quota set to -1 
2024-01-17 07:57:39,857 [om1-OMStateMachineApplyTransactionThread - 0] INFO  bucket.OMBucketCreateRequest (OMBucketCreateRequest.java:validateAndUpdateCache(296)) - created bucket: 063530de-efcc-4aad-862b-7037b7921868 of layout FILE_SYSTEM_OPTIMIZED in volume: 7822f476-d4f8-432b-9380-2a8f676d04e0
2024-01-17 07:57:39,874 [IPC Server handler 20 on default port 15001] WARN  node.SCMNodeManager (SCMNodeManager.java:getNodesByAddress(1459)) - Cannot find node for address 127.0.0.1
2024-01-17 07:57:39,882 [IPC Server handler 9 on default port 15001] WARN  node.SCMNodeManager (SCMNodeManager.java:getNodesByAddress(1459)) - Cannot find node for address 127.0.0.1
2024-01-17 07:57:39,886 [main] INFO  protocolPB.OmTransportFactory (OmTransportFactory.java:createFactory(62)) - Loading OM transport implementation org.apache.hadoop.ozone.om.protocolPB.Hadoop3OmTransportFactory as specified by configuration.
]]></system-out>
  </testcase>
  <testcase name="testGetKeyDetails" classname="org.apache.hadoop.ozone.client.rpc.TestOzoneRpcClientWithRatis" time="0.036">
    <system-out><![CDATA[2024-01-17 07:57:39,909 [main] INFO  rpc.RpcClient (RpcClient.java:createVolume(456)) - Creating Volume: 7fe523c6-ab82-41d5-b2dd-562d2e72df85, with runner as owner and space quota set to -1 bytes, counts quota set to -1
2024-01-17 07:57:39,911 [om1-OMStateMachineApplyTransactionThread - 0] INFO  volume.OMVolumeCreateRequest (OMVolumeCreateRequest.java:validateAndUpdateCache(198)) - created volume:7fe523c6-ab82-41d5-b2dd-562d2e72df85 for user:runner
2024-01-17 07:57:39,912 [main] INFO  rpc.RpcClient (RpcClient.java:createBucket(683)) - Creating Bucket: 7fe523c6-ab82-41d5-b2dd-562d2e72df85/824b43d5-e12e-47c7-81fd-5a0cf3f0948e, with server-side default bucket layout, runner as owner, Versioning false, Storage Type set to DISK and Encryption set to false, Replication Type set to server-side default replication type, Namespace Quota set to -1, Space Quota set to -1 
2024-01-17 07:57:39,913 [om1-OMStateMachineApplyTransactionThread - 0] INFO  bucket.OMBucketCreateRequest (OMBucketCreateRequest.java:validateAndUpdateCache(296)) - created bucket: 824b43d5-e12e-47c7-81fd-5a0cf3f0948e of layout FILE_SYSTEM_OPTIMIZED in volume: 7fe523c6-ab82-41d5-b2dd-562d2e72df85
2024-01-17 07:57:39,928 [IPC Server handler 35 on default port 15001] WARN  node.SCMNodeManager (SCMNodeManager.java:getNodesByAddress(1459)) - Cannot find node for address 127.0.0.1
]]></system-out>
  </testcase>
  <testcase name="testHeadObject" classname="org.apache.hadoop.ozone.client.rpc.TestOzoneRpcClientWithRatis" time="0.024">
    <system-out><![CDATA[2024-01-17 07:57:39,947 [main] INFO  rpc.RpcClient (RpcClient.java:createVolume(456)) - Creating Volume: 9fd748ea-e000-4f3c-b2f4-cd368caf22be, with runner as owner and space quota set to -1 bytes, counts quota set to -1
2024-01-17 07:57:39,948 [om1-OMStateMachineApplyTransactionThread - 0] INFO  volume.OMVolumeCreateRequest (OMVolumeCreateRequest.java:validateAndUpdateCache(198)) - created volume:9fd748ea-e000-4f3c-b2f4-cd368caf22be for user:runner
2024-01-17 07:57:39,950 [main] INFO  rpc.RpcClient (RpcClient.java:createBucket(683)) - Creating Bucket: 9fd748ea-e000-4f3c-b2f4-cd368caf22be/7db3a28c-19d3-4214-940a-a04b1791b2e3, with server-side default bucket layout, runner as owner, Versioning false, Storage Type set to DISK and Encryption set to false, Replication Type set to server-side default replication type, Namespace Quota set to -1, Space Quota set to -1 
2024-01-17 07:57:39,951 [om1-OMStateMachineApplyTransactionThread - 0] INFO  bucket.OMBucketCreateRequest (OMBucketCreateRequest.java:validateAndUpdateCache(296)) - created bucket: 7db3a28c-19d3-4214-940a-a04b1791b2e3 of layout FILE_SYSTEM_OPTIMIZED in volume: 9fd748ea-e000-4f3c-b2f4-cd368caf22be
07:57:39.968 [IPC Server handler 13 on default port 15004] ERROR OMAudit - user=runner | ip=127.0.0.1 | op=READ_KEY {volume=9fd748ea-e000-4f3c-b2f4-cd368caf22be, bucket=7db3a28c-19d3-4214-940a-a04b1791b2e3, key=584f87c6-296a-4257-9ca4-ecf708d9d995, dataSize=0, replicationConfig=null} | ret=FAILURE
org.apache.hadoop.ozone.om.exceptions.OMException: Key:584f87c6-296a-4257-9ca4-ecf708d9d995 not found
	at org.apache.hadoop.ozone.om.KeyManagerImpl.readKeyInfo(KeyManagerImpl.java:477) ~[ozone-manager-1.5.0-SNAPSHOT.jar:?]
	at org.apache.hadoop.ozone.om.KeyManagerImpl.lambda$9(KeyManagerImpl.java:2045) ~[ozone-manager-1.5.0-SNAPSHOT.jar:?]
	at org.apache.hadoop.util.MetricUtil.captureLatencyNs(MetricUtil.java:45) ~[hdds-common-1.5.0-SNAPSHOT.jar:?]
	at org.apache.hadoop.ozone.om.KeyManagerImpl.getKeyInfo(KeyManagerImpl.java:2043) ~[ozone-manager-1.5.0-SNAPSHOT.jar:?]
	at org.apache.hadoop.ozone.om.OmMetadataReader.getKeyInfo(OmMetadataReader.java:190) ~[ozone-manager-1.5.0-SNAPSHOT.jar:?]
	at org.apache.hadoop.ozone.om.OzoneManager.getKeyInfo(OzoneManager.java:2869) ~[ozone-manager-1.5.0-SNAPSHOT.jar:?]
	at org.apache.hadoop.ozone.protocolPB.OzoneManagerRequestHandler.getKeyInfo(OzoneManagerRequestHandler.java:641) ~[ozone-manager-1.5.0-SNAPSHOT.jar:?]
	at org.apache.hadoop.ozone.protocolPB.OzoneManagerRequestHandler.handleReadRequest(OzoneManagerRequestHandler.java:328) ~[ozone-manager-1.5.0-SNAPSHOT.jar:?]
	at org.apache.hadoop.ozone.protocolPB.OzoneManagerProtocolServerSideTranslatorPB.submitReadRequestToOM(OzoneManagerProtocolServerSideTranslatorPB.java:259) ~[ozone-manager-1.5.0-SNAPSHOT.jar:?]
	at org.apache.hadoop.ozone.protocolPB.OzoneManagerProtocolServerSideTranslatorPB.internalProcessRequest(OzoneManagerProtocolServerSideTranslatorPB.java:205) ~[ozone-manager-1.5.0-SNAPSHOT.jar:?]
	at org.apache.hadoop.ozone.protocolPB.OzoneManagerProtocolServerSideTranslatorPB.processRequest(OzoneManagerProtocolServerSideTranslatorPB.java:165) ~[ozone-manager-1.5.0-SNAPSHOT.jar:?]
	at org.apache.hadoop.hdds.server.OzoneProtocolMessageDispatcher.processRequest(OzoneProtocolMessageDispatcher.java:89) [hdds-server-framework-1.5.0-SNAPSHOT.jar:?]
	at org.apache.hadoop.ozone.protocolPB.OzoneManagerProtocolServerSideTranslatorPB.submitRequest(OzoneManagerProtocolServerSideTranslatorPB.java:156) [ozone-manager-1.5.0-SNAPSHOT.jar:?]
	at org.apache.hadoop.ozone.protocol.proto.OzoneManagerProtocolProtos$OzoneManagerService$2.callBlockingMethod(OzoneManagerProtocolProtos.java) [ozone-interface-client-1.5.0-SNAPSHOT.jar:?]
	at org.apache.hadoop.ipc.ProtobufRpcEngine$Server.processCall(ProtobufRpcEngine.java:484) [hadoop-common-3.3.6.jar:?]
	at org.apache.hadoop.ipc.ProtobufRpcEngine2$Server$ProtoBufRpcInvoker.call(ProtobufRpcEngine2.java:595) [hadoop-common-3.3.6.jar:?]
	at org.apache.hadoop.ipc.ProtobufRpcEngine2$Server$ProtoBufRpcInvoker.call(ProtobufRpcEngine2.java:573) [hadoop-common-3.3.6.jar:?]
	at org.apache.hadoop.ipc.RPC$Server.call(RPC.java:1227) [hadoop-common-3.3.6.jar:?]
	at org.apache.hadoop.ipc.Server$RpcCall.run(Server.java:1094) [hadoop-common-3.3.6.jar:?]
	at org.apache.hadoop.ipc.Server$RpcCall.run(Server.java:1017) [hadoop-common-3.3.6.jar:?]
	at java.security.AccessController.doPrivileged(Native Method) ~[?:1.8.0_392]
	at javax.security.auth.Subject.doAs(Subject.java:422) [?:1.8.0_392]
	at org.apache.hadoop.security.UserGroupInformation.doAs(UserGroupInformation.java:1899) [hadoop-common-3.3.6.jar:?]
	at org.apache.hadoop.ipc.Server$Handler.run(Server.java:3048) [hadoop-common-3.3.6.jar:?]
]]></system-out>
  </testcase>
  <testcase name="testInitiateMultipartUpload(ReplicationConfig)[1]" classname="org.apache.hadoop.ozone.client.rpc.TestOzoneRpcClientWithRatis" time="0.012">
    <system-out><![CDATA[2024-01-17 07:57:39,972 [main] INFO  rpc.RpcClient (RpcClient.java:createVolume(456)) - Creating Volume: 3fac1d16-163b-459b-b897-61e904ea3d55, with runner as owner and space quota set to -1 bytes, counts quota set to -1
2024-01-17 07:57:39,974 [om1-OMStateMachineApplyTransactionThread - 0] INFO  volume.OMVolumeCreateRequest (OMVolumeCreateRequest.java:validateAndUpdateCache(198)) - created volume:3fac1d16-163b-459b-b897-61e904ea3d55 for user:runner
2024-01-17 07:57:39,976 [main] INFO  rpc.RpcClient (RpcClient.java:createBucket(683)) - Creating Bucket: 3fac1d16-163b-459b-b897-61e904ea3d55/8dbecb5e-4cca-4de3-8098-a048953b7e78, with server-side default bucket layout, runner as owner, Versioning false, Storage Type set to DISK and Encryption set to false, Replication Type set to server-side default replication type, Namespace Quota set to -1, Space Quota set to -1 
2024-01-17 07:57:39,978 [om1-OMStateMachineApplyTransactionThread - 0] INFO  bucket.OMBucketCreateRequest (OMBucketCreateRequest.java:validateAndUpdateCache(296)) - created bucket: 8dbecb5e-4cca-4de3-8098-a048953b7e78 of layout FILE_SYSTEM_OPTIMIZED in volume: 3fac1d16-163b-459b-b897-61e904ea3d55
]]></system-out>
  </testcase>
  <testcase name="testInitiateMultipartUpload(ReplicationConfig)[2]" classname="org.apache.hadoop.ozone.client.rpc.TestOzoneRpcClientWithRatis" time="0.01">
    <system-out><![CDATA[2024-01-17 07:57:39,985 [main] INFO  rpc.RpcClient (RpcClient.java:createVolume(456)) - Creating Volume: 88e1243c-1e39-4e64-a576-0f3dfc689dd6, with runner as owner and space quota set to -1 bytes, counts quota set to -1
2024-01-17 07:57:39,987 [om1-OMStateMachineApplyTransactionThread - 0] INFO  volume.OMVolumeCreateRequest (OMVolumeCreateRequest.java:validateAndUpdateCache(198)) - created volume:88e1243c-1e39-4e64-a576-0f3dfc689dd6 for user:runner
2024-01-17 07:57:39,988 [main] INFO  rpc.RpcClient (RpcClient.java:createBucket(683)) - Creating Bucket: 88e1243c-1e39-4e64-a576-0f3dfc689dd6/fdf08c04-4372-40a2-af7a-bceae3167244, with server-side default bucket layout, runner as owner, Versioning false, Storage Type set to DISK and Encryption set to false, Replication Type set to server-side default replication type, Namespace Quota set to -1, Space Quota set to -1 
2024-01-17 07:57:39,989 [om1-OMStateMachineApplyTransactionThread - 0] INFO  bucket.OMBucketCreateRequest (OMBucketCreateRequest.java:validateAndUpdateCache(296)) - created bucket: fdf08c04-4372-40a2-af7a-bceae3167244 of layout FILE_SYSTEM_OPTIMIZED in volume: 88e1243c-1e39-4e64-a576-0f3dfc689dd6
]]></system-out>
  </testcase>
  <testcase name="testInitiateMultipartUpload(ReplicationConfig)[3]" classname="org.apache.hadoop.ozone.client.rpc.TestOzoneRpcClientWithRatis" time="0.014">
    <system-out><![CDATA[2024-01-17 07:57:39,996 [main] INFO  rpc.RpcClient (RpcClient.java:createVolume(456)) - Creating Volume: 378a0ce1-67f6-4c46-bc51-76b889c3c9b6, with runner as owner and space quota set to -1 bytes, counts quota set to -1
2024-01-17 07:57:39,998 [om1-OMStateMachineApplyTransactionThread - 0] INFO  volume.OMVolumeCreateRequest (OMVolumeCreateRequest.java:validateAndUpdateCache(198)) - created volume:378a0ce1-67f6-4c46-bc51-76b889c3c9b6 for user:runner
2024-01-17 07:57:39,999 [main] INFO  rpc.RpcClient (RpcClient.java:createBucket(683)) - Creating Bucket: 378a0ce1-67f6-4c46-bc51-76b889c3c9b6/4f1261e1-83cf-42d4-87e5-79b642232850, with server-side default bucket layout, runner as owner, Versioning false, Storage Type set to DISK and Encryption set to false, Replication Type set to server-side default replication type, Namespace Quota set to -1, Space Quota set to -1 
2024-01-17 07:57:40,003 [om1-OMStateMachineApplyTransactionThread - 0] INFO  bucket.OMBucketCreateRequest (OMBucketCreateRequest.java:validateAndUpdateCache(296)) - created bucket: 4f1261e1-83cf-42d4-87e5-79b642232850 of layout FILE_SYSTEM_OPTIMIZED in volume: 378a0ce1-67f6-4c46-bc51-76b889c3c9b6
]]></system-out>
  </testcase>
  <testcase name="testInitiateMultipartUploadWithDefaultReplication" classname="org.apache.hadoop.ozone.client.rpc.TestOzoneRpcClientWithRatis" time="0.009">
    <system-out><![CDATA[2024-01-17 07:57:40,011 [main] INFO  rpc.RpcClient (RpcClient.java:createVolume(456)) - Creating Volume: b97544dd-6a9b-48af-947f-8db3b11447de, with runner as owner and space quota set to -1 bytes, counts quota set to -1
2024-01-17 07:57:40,012 [om1-OMStateMachineApplyTransactionThread - 0] INFO  volume.OMVolumeCreateRequest (OMVolumeCreateRequest.java:validateAndUpdateCache(198)) - created volume:b97544dd-6a9b-48af-947f-8db3b11447de for user:runner
2024-01-17 07:57:40,013 [main] INFO  rpc.RpcClient (RpcClient.java:createBucket(683)) - Creating Bucket: b97544dd-6a9b-48af-947f-8db3b11447de/4c7f24df-c354-4b5d-8e3e-ef777f21bb35, with server-side default bucket layout, runner as owner, Versioning false, Storage Type set to DISK and Encryption set to false, Replication Type set to server-side default replication type, Namespace Quota set to -1, Space Quota set to -1 
2024-01-17 07:57:40,015 [om1-OMStateMachineApplyTransactionThread - 0] INFO  bucket.OMBucketCreateRequest (OMBucketCreateRequest.java:validateAndUpdateCache(296)) - created bucket: 4c7f24df-c354-4b5d-8e3e-ef777f21bb35 of layout FILE_SYSTEM_OPTIMIZED in volume: b97544dd-6a9b-48af-947f-8db3b11447de
]]></system-out>
  </testcase>
  <testcase name="testInvalidBucketCreation" classname="org.apache.hadoop.ozone.client.rpc.TestOzoneRpcClientWithRatis" time="0.004">
    <system-out><![CDATA[2024-01-17 07:57:40,022 [main] INFO  rpc.RpcClient (RpcClient.java:createVolume(456)) - Creating Volume: 398bad2a-257c-4a27-9010-b3428cbc3825, with runner as owner and space quota set to -1 bytes, counts quota set to -1
2024-01-17 07:57:40,023 [om1-OMStateMachineApplyTransactionThread - 0] INFO  volume.OMVolumeCreateRequest (OMVolumeCreateRequest.java:validateAndUpdateCache(198)) - created volume:398bad2a-257c-4a27-9010-b3428cbc3825 for user:runner
]]></system-out>
  </testcase>
  <testcase name="testKeyReadWriteForGDPR" classname="org.apache.hadoop.ozone.client.rpc.TestOzoneRpcClientWithRatis" time="0.041">
    <system-out><![CDATA[2024-01-17 07:57:40,027 [main] INFO  rpc.RpcClient (RpcClient.java:createVolume(456)) - Creating Volume: 2ffa40c6-a88f-4423-b745-afe9fea078d3, with runner as owner and space quota set to -1 bytes, counts quota set to -1
2024-01-17 07:57:40,028 [om1-OMStateMachineApplyTransactionThread - 0] INFO  volume.OMVolumeCreateRequest (OMVolumeCreateRequest.java:validateAndUpdateCache(198)) - created volume:2ffa40c6-a88f-4423-b745-afe9fea078d3 for user:runner
2024-01-17 07:57:40,030 [main] INFO  rpc.RpcClient (RpcClient.java:createBucket(683)) - Creating Bucket: 2ffa40c6-a88f-4423-b745-afe9fea078d3/86c364d2-3701-4aea-a67b-24cc762f9b2b, with bucket layout OBJECT_STORE, runner as owner, Versioning false, Storage Type set to DISK and Encryption set to false, Replication Type set to server-side default replication type, Namespace Quota set to -1, Space Quota set to -1 
2024-01-17 07:57:40,031 [om1-OMStateMachineApplyTransactionThread - 0] INFO  bucket.OMBucketCreateRequest (OMBucketCreateRequest.java:validateAndUpdateCache(296)) - created bucket: 86c364d2-3701-4aea-a67b-24cc762f9b2b of layout OBJECT_STORE in volume: 2ffa40c6-a88f-4423-b745-afe9fea078d3
2024-01-17 07:57:40,047 [IPC Server handler 29 on default port 15001] WARN  node.SCMNodeManager (SCMNodeManager.java:getNodesByAddress(1459)) - Cannot find node for address 127.0.0.1
2024-01-17 07:57:40,050 [IPC Server handler 36 on default port 15001] WARN  node.SCMNodeManager (SCMNodeManager.java:getNodesByAddress(1459)) - Cannot find node for address 127.0.0.1
2024-01-17 07:57:40,059 [IPC Server handler 34 on default port 15001] WARN  node.SCMNodeManager (SCMNodeManager.java:getNodesByAddress(1459)) - Cannot find node for address 127.0.0.1
2024-01-17 07:57:40,063 [IPC Server handler 25 on default port 15001] WARN  node.SCMNodeManager (SCMNodeManager.java:getNodesByAddress(1459)) - Cannot find node for address 127.0.0.1
]]></system-out>
  </testcase>
  <testcase name="testKeysRename" classname="org.apache.hadoop.ozone.client.rpc.TestOzoneRpcClientWithRatis" time="0.063">
    <system-out><![CDATA[2024-01-17 07:57:40,069 [main] INFO  rpc.RpcClient (RpcClient.java:createVolume(456)) - Creating Volume: 562c90a3-d37f-4c77-a693-03dead122b66, with runner as owner and space quota set to -1 bytes, counts quota set to -1
2024-01-17 07:57:40,070 [om1-OMStateMachineApplyTransactionThread - 0] INFO  volume.OMVolumeCreateRequest (OMVolumeCreateRequest.java:validateAndUpdateCache(198)) - created volume:562c90a3-d37f-4c77-a693-03dead122b66 for user:runner
2024-01-17 07:57:40,072 [main] INFO  rpc.RpcClient (RpcClient.java:createBucket(683)) - Creating Bucket: 562c90a3-d37f-4c77-a693-03dead122b66/7dc5cd29-afd5-49ea-bb33-f01fa09d191c, with bucket layout OBJECT_STORE, runner as owner, Versioning false, Storage Type set to DISK and Encryption set to false, Replication Type set to server-side default replication type, Namespace Quota set to -1, Space Quota set to -1 
2024-01-17 07:57:40,074 [om1-OMStateMachineApplyTransactionThread - 0] INFO  bucket.OMBucketCreateRequest (OMBucketCreateRequest.java:validateAndUpdateCache(296)) - created bucket: 7dc5cd29-afd5-49ea-bb33-f01fa09d191c of layout OBJECT_STORE in volume: 562c90a3-d37f-4c77-a693-03dead122b66
2024-01-17 07:57:40,087 [IPC Server handler 31 on default port 15001] WARN  node.SCMNodeManager (SCMNodeManager.java:getNodesByAddress(1459)) - Cannot find node for address 127.0.0.1
2024-01-17 07:57:40,109 [IPC Server handler 37 on default port 15001] WARN  node.SCMNodeManager (SCMNodeManager.java:getNodesByAddress(1459)) - Cannot find node for address 127.0.0.1
2024-01-17 07:57:40,124 [IPC Server handler 41 on default port 15001] WARN  node.SCMNodeManager (SCMNodeManager.java:getNodesByAddress(1459)) - Cannot find node for address 127.0.0.1
2024-01-17 07:57:40,126 [IPC Server handler 5 on default port 15001] WARN  node.SCMNodeManager (SCMNodeManager.java:getNodesByAddress(1459)) - Cannot find node for address 127.0.0.1
07:57:40.128 [IPC Server handler 2 on default port 15004] ERROR OMAudit - user=runner | ip=127.0.0.1 | op=READ_KEY {volume=562c90a3-d37f-4c77-a693-03dead122b66, bucket=7dc5cd29-afd5-49ea-bb33-f01fa09d191c, key=dir/file1, dataSize=0, replicationConfig=null} | ret=FAILURE
org.apache.hadoop.ozone.om.exceptions.OMException: Key:dir/file1 not found
	at org.apache.hadoop.ozone.om.KeyManagerImpl.readKeyInfo(KeyManagerImpl.java:477) ~[ozone-manager-1.5.0-SNAPSHOT.jar:?]
	at org.apache.hadoop.ozone.om.KeyManagerImpl.lambda$9(KeyManagerImpl.java:2045) ~[ozone-manager-1.5.0-SNAPSHOT.jar:?]
	at org.apache.hadoop.util.MetricUtil.captureLatencyNs(MetricUtil.java:45) ~[hdds-common-1.5.0-SNAPSHOT.jar:?]
	at org.apache.hadoop.ozone.om.KeyManagerImpl.getKeyInfo(KeyManagerImpl.java:2043) ~[ozone-manager-1.5.0-SNAPSHOT.jar:?]
	at org.apache.hadoop.ozone.om.OmMetadataReader.getKeyInfo(OmMetadataReader.java:190) ~[ozone-manager-1.5.0-SNAPSHOT.jar:?]
	at org.apache.hadoop.ozone.om.OzoneManager.getKeyInfo(OzoneManager.java:2869) ~[ozone-manager-1.5.0-SNAPSHOT.jar:?]
	at org.apache.hadoop.ozone.protocolPB.OzoneManagerRequestHandler.getKeyInfo(OzoneManagerRequestHandler.java:641) ~[ozone-manager-1.5.0-SNAPSHOT.jar:?]
	at org.apache.hadoop.ozone.protocolPB.OzoneManagerRequestHandler.handleReadRequest(OzoneManagerRequestHandler.java:328) ~[ozone-manager-1.5.0-SNAPSHOT.jar:?]
	at org.apache.hadoop.ozone.protocolPB.OzoneManagerProtocolServerSideTranslatorPB.submitReadRequestToOM(OzoneManagerProtocolServerSideTranslatorPB.java:259) ~[ozone-manager-1.5.0-SNAPSHOT.jar:?]
	at org.apache.hadoop.ozone.protocolPB.OzoneManagerProtocolServerSideTranslatorPB.internalProcessRequest(OzoneManagerProtocolServerSideTranslatorPB.java:205) ~[ozone-manager-1.5.0-SNAPSHOT.jar:?]
	at org.apache.hadoop.ozone.protocolPB.OzoneManagerProtocolServerSideTranslatorPB.processRequest(OzoneManagerProtocolServerSideTranslatorPB.java:165) ~[ozone-manager-1.5.0-SNAPSHOT.jar:?]
	at org.apache.hadoop.hdds.server.OzoneProtocolMessageDispatcher.processRequest(OzoneProtocolMessageDispatcher.java:89) [hdds-server-framework-1.5.0-SNAPSHOT.jar:?]
	at org.apache.hadoop.ozone.protocolPB.OzoneManagerProtocolServerSideTranslatorPB.submitRequest(OzoneManagerProtocolServerSideTranslatorPB.java:156) [ozone-manager-1.5.0-SNAPSHOT.jar:?]
	at org.apache.hadoop.ozone.protocol.proto.OzoneManagerProtocolProtos$OzoneManagerService$2.callBlockingMethod(OzoneManagerProtocolProtos.java) [ozone-interface-client-1.5.0-SNAPSHOT.jar:?]
	at org.apache.hadoop.ipc.ProtobufRpcEngine$Server.processCall(ProtobufRpcEngine.java:484) [hadoop-common-3.3.6.jar:?]
	at org.apache.hadoop.ipc.ProtobufRpcEngine2$Server$ProtoBufRpcInvoker.call(ProtobufRpcEngine2.java:595) [hadoop-common-3.3.6.jar:?]
	at org.apache.hadoop.ipc.ProtobufRpcEngine2$Server$ProtoBufRpcInvoker.call(ProtobufRpcEngine2.java:573) [hadoop-common-3.3.6.jar:?]
	at org.apache.hadoop.ipc.RPC$Server.call(RPC.java:1227) [hadoop-common-3.3.6.jar:?]
	at org.apache.hadoop.ipc.Server$RpcCall.run(Server.java:1094) [hadoop-common-3.3.6.jar:?]
	at org.apache.hadoop.ipc.Server$RpcCall.run(Server.java:1017) [hadoop-common-3.3.6.jar:?]
	at java.security.AccessController.doPrivileged(Native Method) ~[?:1.8.0_392]
	at javax.security.auth.Subject.doAs(Subject.java:422) [?:1.8.0_392]
	at org.apache.hadoop.security.UserGroupInformation.doAs(UserGroupInformation.java:1899) [hadoop-common-3.3.6.jar:?]
	at org.apache.hadoop.ipc.Server$Handler.run(Server.java:3048) [hadoop-common-3.3.6.jar:?]
07:57:40.130 [IPC Server handler 4 on default port 15004] ERROR OMAudit - user=runner | ip=127.0.0.1 | op=READ_KEY {volume=562c90a3-d37f-4c77-a693-03dead122b66, bucket=7dc5cd29-afd5-49ea-bb33-f01fa09d191c, key=dir/file2, dataSize=0, replicationConfig=null} | ret=FAILURE
org.apache.hadoop.ozone.om.exceptions.OMException: Key:dir/file2 not found
	at org.apache.hadoop.ozone.om.KeyManagerImpl.readKeyInfo(KeyManagerImpl.java:477) ~[ozone-manager-1.5.0-SNAPSHOT.jar:?]
	at org.apache.hadoop.ozone.om.KeyManagerImpl.lambda$9(KeyManagerImpl.java:2045) ~[ozone-manager-1.5.0-SNAPSHOT.jar:?]
	at org.apache.hadoop.util.MetricUtil.captureLatencyNs(MetricUtil.java:45) ~[hdds-common-1.5.0-SNAPSHOT.jar:?]
	at org.apache.hadoop.ozone.om.KeyManagerImpl.getKeyInfo(KeyManagerImpl.java:2043) ~[ozone-manager-1.5.0-SNAPSHOT.jar:?]
	at org.apache.hadoop.ozone.om.OmMetadataReader.getKeyInfo(OmMetadataReader.java:190) ~[ozone-manager-1.5.0-SNAPSHOT.jar:?]
	at org.apache.hadoop.ozone.om.OzoneManager.getKeyInfo(OzoneManager.java:2869) ~[ozone-manager-1.5.0-SNAPSHOT.jar:?]
	at org.apache.hadoop.ozone.protocolPB.OzoneManagerRequestHandler.getKeyInfo(OzoneManagerRequestHandler.java:641) ~[ozone-manager-1.5.0-SNAPSHOT.jar:?]
	at org.apache.hadoop.ozone.protocolPB.OzoneManagerRequestHandler.handleReadRequest(OzoneManagerRequestHandler.java:328) ~[ozone-manager-1.5.0-SNAPSHOT.jar:?]
	at org.apache.hadoop.ozone.protocolPB.OzoneManagerProtocolServerSideTranslatorPB.submitReadRequestToOM(OzoneManagerProtocolServerSideTranslatorPB.java:259) ~[ozone-manager-1.5.0-SNAPSHOT.jar:?]
	at org.apache.hadoop.ozone.protocolPB.OzoneManagerProtocolServerSideTranslatorPB.internalProcessRequest(OzoneManagerProtocolServerSideTranslatorPB.java:205) ~[ozone-manager-1.5.0-SNAPSHOT.jar:?]
	at org.apache.hadoop.ozone.protocolPB.OzoneManagerProtocolServerSideTranslatorPB.processRequest(OzoneManagerProtocolServerSideTranslatorPB.java:165) ~[ozone-manager-1.5.0-SNAPSHOT.jar:?]
	at org.apache.hadoop.hdds.server.OzoneProtocolMessageDispatcher.processRequest(OzoneProtocolMessageDispatcher.java:89) [hdds-server-framework-1.5.0-SNAPSHOT.jar:?]
	at org.apache.hadoop.ozone.protocolPB.OzoneManagerProtocolServerSideTranslatorPB.submitRequest(OzoneManagerProtocolServerSideTranslatorPB.java:156) [ozone-manager-1.5.0-SNAPSHOT.jar:?]
	at org.apache.hadoop.ozone.protocol.proto.OzoneManagerProtocolProtos$OzoneManagerService$2.callBlockingMethod(OzoneManagerProtocolProtos.java) [ozone-interface-client-1.5.0-SNAPSHOT.jar:?]
	at org.apache.hadoop.ipc.ProtobufRpcEngine$Server.processCall(ProtobufRpcEngine.java:484) [hadoop-common-3.3.6.jar:?]
	at org.apache.hadoop.ipc.ProtobufRpcEngine2$Server$ProtoBufRpcInvoker.call(ProtobufRpcEngine2.java:595) [hadoop-common-3.3.6.jar:?]
	at org.apache.hadoop.ipc.ProtobufRpcEngine2$Server$ProtoBufRpcInvoker.call(ProtobufRpcEngine2.java:573) [hadoop-common-3.3.6.jar:?]
	at org.apache.hadoop.ipc.RPC$Server.call(RPC.java:1227) [hadoop-common-3.3.6.jar:?]
	at org.apache.hadoop.ipc.Server$RpcCall.run(Server.java:1094) [hadoop-common-3.3.6.jar:?]
	at org.apache.hadoop.ipc.Server$RpcCall.run(Server.java:1017) [hadoop-common-3.3.6.jar:?]
	at java.security.AccessController.doPrivileged(Native Method) ~[?:1.8.0_392]
	at javax.security.auth.Subject.doAs(Subject.java:422) [?:1.8.0_392]
	at org.apache.hadoop.security.UserGroupInformation.doAs(UserGroupInformation.java:1899) [hadoop-common-3.3.6.jar:?]
	at org.apache.hadoop.ipc.Server$Handler.run(Server.java:3048) [hadoop-common-3.3.6.jar:?]
]]></system-out>
  </testcase>
  <testcase name="testKeysRenameFail" classname="org.apache.hadoop.ozone.client.rpc.TestOzoneRpcClientWithRatis" time="0.05">
    <system-out><![CDATA[2024-01-17 07:57:40,133 [main] INFO  rpc.RpcClient (RpcClient.java:createVolume(456)) - Creating Volume: 0ec96a85-d129-43ac-a604-a7eaa60c6193, with runner as owner and space quota set to -1 bytes, counts quota set to -1
2024-01-17 07:57:40,135 [om1-OMStateMachineApplyTransactionThread - 0] INFO  volume.OMVolumeCreateRequest (OMVolumeCreateRequest.java:validateAndUpdateCache(198)) - created volume:0ec96a85-d129-43ac-a604-a7eaa60c6193 for user:runner
2024-01-17 07:57:40,137 [main] INFO  rpc.RpcClient (RpcClient.java:createBucket(683)) - Creating Bucket: 0ec96a85-d129-43ac-a604-a7eaa60c6193/17aa8be1-c215-45c2-8d3d-a23a9bcceeda, with bucket layout OBJECT_STORE, runner as owner, Versioning false, Storage Type set to DISK and Encryption set to false, Replication Type set to server-side default replication type, Namespace Quota set to -1, Space Quota set to -1 
2024-01-17 07:57:40,139 [om1-OMStateMachineApplyTransactionThread - 0] INFO  bucket.OMBucketCreateRequest (OMBucketCreateRequest.java:validateAndUpdateCache(296)) - created bucket: 17aa8be1-c215-45c2-8d3d-a23a9bcceeda of layout OBJECT_STORE in volume: 0ec96a85-d129-43ac-a604-a7eaa60c6193
2024-01-17 07:57:40,175 [IPC Server handler 23 on default port 15001] WARN  node.SCMNodeManager (SCMNodeManager.java:getNodesByAddress(1459)) - Cannot find node for address 127.0.0.1
2024-01-17 07:57:40,177 [om1-OMStateMachineApplyTransactionThread - 0] ERROR key.OMKeysRenameRequest (OMKeysRenameRequest.java:validateAndUpdateCache(192)) - Received a request to rename a Key does not exist /0ec96a85-d129-43ac-a604-a7eaa60c6193/17aa8be1-c215-45c2-8d3d-a23a9bcceeda/dir/file2
2024-01-17 07:57:40,180 [IPC Server handler 38 on default port 15001] WARN  node.SCMNodeManager (SCMNodeManager.java:getNodesByAddress(1459)) - Cannot find node for address 127.0.0.1
07:57:40.181 [IPC Server handler 15 on default port 15004] ERROR OMAudit - user=runner | ip=127.0.0.1 | op=READ_KEY {volume=0ec96a85-d129-43ac-a604-a7eaa60c6193, bucket=17aa8be1-c215-45c2-8d3d-a23a9bcceeda, key=dir/file2, dataSize=0, replicationConfig=null} | ret=FAILURE
org.apache.hadoop.ozone.om.exceptions.OMException: Key:dir/file2 not found
	at org.apache.hadoop.ozone.om.KeyManagerImpl.readKeyInfo(KeyManagerImpl.java:477) ~[ozone-manager-1.5.0-SNAPSHOT.jar:?]
	at org.apache.hadoop.ozone.om.KeyManagerImpl.lambda$9(KeyManagerImpl.java:2045) ~[ozone-manager-1.5.0-SNAPSHOT.jar:?]
	at org.apache.hadoop.util.MetricUtil.captureLatencyNs(MetricUtil.java:45) ~[hdds-common-1.5.0-SNAPSHOT.jar:?]
	at org.apache.hadoop.ozone.om.KeyManagerImpl.getKeyInfo(KeyManagerImpl.java:2043) ~[ozone-manager-1.5.0-SNAPSHOT.jar:?]
	at org.apache.hadoop.ozone.om.OmMetadataReader.getKeyInfo(OmMetadataReader.java:190) ~[ozone-manager-1.5.0-SNAPSHOT.jar:?]
	at org.apache.hadoop.ozone.om.OzoneManager.getKeyInfo(OzoneManager.java:2869) ~[ozone-manager-1.5.0-SNAPSHOT.jar:?]
	at org.apache.hadoop.ozone.protocolPB.OzoneManagerRequestHandler.getKeyInfo(OzoneManagerRequestHandler.java:641) ~[ozone-manager-1.5.0-SNAPSHOT.jar:?]
	at org.apache.hadoop.ozone.protocolPB.OzoneManagerRequestHandler.handleReadRequest(OzoneManagerRequestHandler.java:328) ~[ozone-manager-1.5.0-SNAPSHOT.jar:?]
	at org.apache.hadoop.ozone.protocolPB.OzoneManagerProtocolServerSideTranslatorPB.submitReadRequestToOM(OzoneManagerProtocolServerSideTranslatorPB.java:259) ~[ozone-manager-1.5.0-SNAPSHOT.jar:?]
	at org.apache.hadoop.ozone.protocolPB.OzoneManagerProtocolServerSideTranslatorPB.internalProcessRequest(OzoneManagerProtocolServerSideTranslatorPB.java:205) ~[ozone-manager-1.5.0-SNAPSHOT.jar:?]
	at org.apache.hadoop.ozone.protocolPB.OzoneManagerProtocolServerSideTranslatorPB.processRequest(OzoneManagerProtocolServerSideTranslatorPB.java:165) ~[ozone-manager-1.5.0-SNAPSHOT.jar:?]
	at org.apache.hadoop.hdds.server.OzoneProtocolMessageDispatcher.processRequest(OzoneProtocolMessageDispatcher.java:89) [hdds-server-framework-1.5.0-SNAPSHOT.jar:?]
	at org.apache.hadoop.ozone.protocolPB.OzoneManagerProtocolServerSideTranslatorPB.submitRequest(OzoneManagerProtocolServerSideTranslatorPB.java:156) [ozone-manager-1.5.0-SNAPSHOT.jar:?]
	at org.apache.hadoop.ozone.protocol.proto.OzoneManagerProtocolProtos$OzoneManagerService$2.callBlockingMethod(OzoneManagerProtocolProtos.java) [ozone-interface-client-1.5.0-SNAPSHOT.jar:?]
	at org.apache.hadoop.ipc.ProtobufRpcEngine$Server.processCall(ProtobufRpcEngine.java:484) [hadoop-common-3.3.6.jar:?]
	at org.apache.hadoop.ipc.ProtobufRpcEngine2$Server$ProtoBufRpcInvoker.call(ProtobufRpcEngine2.java:595) [hadoop-common-3.3.6.jar:?]
	at org.apache.hadoop.ipc.ProtobufRpcEngine2$Server$ProtoBufRpcInvoker.call(ProtobufRpcEngine2.java:573) [hadoop-common-3.3.6.jar:?]
	at org.apache.hadoop.ipc.RPC$Server.call(RPC.java:1227) [hadoop-common-3.3.6.jar:?]
	at org.apache.hadoop.ipc.Server$RpcCall.run(Server.java:1094) [hadoop-common-3.3.6.jar:?]
	at org.apache.hadoop.ipc.Server$RpcCall.run(Server.java:1017) [hadoop-common-3.3.6.jar:?]
	at java.security.AccessController.doPrivileged(Native Method) ~[?:1.8.0_392]
	at javax.security.auth.Subject.doAs(Subject.java:422) [?:1.8.0_392]
	at org.apache.hadoop.security.UserGroupInformation.doAs(UserGroupInformation.java:1899) [hadoop-common-3.3.6.jar:?]
	at org.apache.hadoop.ipc.Server$Handler.run(Server.java:3048) [hadoop-common-3.3.6.jar:?]
]]></system-out>
  </testcase>
  <testcase name="testListBucket" classname="org.apache.hadoop.ozone.client.rpc.TestOzoneRpcClientWithRatis" time="0.718">
    <system-out><![CDATA[2024-01-17 07:57:40,183 [main] INFO  rpc.RpcClient (RpcClient.java:createVolume(456)) - Creating Volume: vol-a-79565, with runner as owner and space quota set to -1 bytes, counts quota set to -1
2024-01-17 07:57:40,186 [om1-OMStateMachineApplyTransactionThread - 0] INFO  volume.OMVolumeCreateRequest (OMVolumeCreateRequest.java:validateAndUpdateCache(198)) - created volume:vol-a-79565 for user:runner
2024-01-17 07:57:40,186 [main] INFO  rpc.RpcClient (RpcClient.java:createVolume(456)) - Creating Volume: vol-b-33677, with runner as owner and space quota set to -1 bytes, counts quota set to -1
2024-01-17 07:57:40,188 [om1-OMStateMachineApplyTransactionThread - 0] INFO  volume.OMVolumeCreateRequest (OMVolumeCreateRequest.java:validateAndUpdateCache(198)) - created volume:vol-b-33677 for user:runner
2024-01-17 07:57:40,190 [main] INFO  rpc.RpcClient (RpcClient.java:createBucket(683)) - Creating Bucket: vol-a-79565/bucket-a-0-41656, with server-side default bucket layout, runner as owner, Versioning false, Storage Type set to DISK and Encryption set to false, Replication Type set to server-side default replication type, Namespace Quota set to -1, Space Quota set to -1 
2024-01-17 07:57:40,191 [om1-OMStateMachineApplyTransactionThread - 0] INFO  bucket.OMBucketCreateRequest (OMBucketCreateRequest.java:validateAndUpdateCache(296)) - created bucket: bucket-a-0-41656 of layout FILE_SYSTEM_OPTIMIZED in volume: vol-a-79565
2024-01-17 07:57:40,218 [om1-OMStateMachineApplyTransactionThread - 0] WARN  snapshot.OMSnapshotCreateRequest (OMSnapshotCreateRequest.java:estimateBucketDataSize(337)) - DefaultReplicationConfig is not correctly set in OmBucketInfo for volume 'vol-a-79565' bucket 'bucket-a-0-41656'. Falling back to config default 'RATIS/THREE'
2024-01-17 07:57:40,225 [om1-OMStateMachineApplyTransactionThread - 0] INFO  snapshot.OMSnapshotCreateRequest (OMSnapshotCreateRequest.java:validateAndUpdateCache(218)) - Created snapshot: 's20240117-075740.203' with snapshotId: '3153ab09-91de-42ec-8bfd-18e8ce6596d5' under path 'vol-a-79565/bucket-a-0-41656'
2024-01-17 07:57:40,227 [main] INFO  rpc.RpcClient (RpcClient.java:createBucket(683)) - Creating Bucket: vol-b-33677/bucket-a-0-44295, with server-side default bucket layout, runner as owner, Versioning false, Storage Type set to DISK and Encryption set to false, Replication Type set to server-side default replication type, Namespace Quota set to -1, Space Quota set to -1 
2024-01-17 07:57:40,229 [om1-OMStateMachineApplyTransactionThread - 0] INFO  bucket.OMBucketCreateRequest (OMBucketCreateRequest.java:validateAndUpdateCache(296)) - created bucket: bucket-a-0-44295 of layout FILE_SYSTEM_OPTIMIZED in volume: vol-b-33677
2024-01-17 07:57:40,255 [om1-OMStateMachineApplyTransactionThread - 0] WARN  snapshot.OMSnapshotCreateRequest (OMSnapshotCreateRequest.java:estimateBucketDataSize(337)) - DefaultReplicationConfig is not correctly set in OmBucketInfo for volume 'vol-b-33677' bucket 'bucket-a-0-44295'. Falling back to config default 'RATIS/THREE'
2024-01-17 07:57:40,255 [om1-OMStateMachineApplyTransactionThread - 0] INFO  snapshot.OMSnapshotCreateRequest (OMSnapshotCreateRequest.java:validateAndUpdateCache(218)) - Created snapshot: 's20240117-075740.234' with snapshotId: '1e540e29-d397-4fcc-afd8-d254f629c5f4' under path 'vol-b-33677/bucket-a-0-44295'
2024-01-17 07:57:40,256 [main] INFO  rpc.RpcClient (RpcClient.java:createBucket(683)) - Creating Bucket: vol-a-79565/bucket-a-1-44713, with server-side default bucket layout, runner as owner, Versioning false, Storage Type set to DISK and Encryption set to false, Replication Type set to server-side default replication type, Namespace Quota set to -1, Space Quota set to -1 
2024-01-17 07:57:40,259 [om1-OMStateMachineApplyTransactionThread - 0] INFO  bucket.OMBucketCreateRequest (OMBucketCreateRequest.java:validateAndUpdateCache(296)) - created bucket: bucket-a-1-44713 of layout FILE_SYSTEM_OPTIMIZED in volume: vol-a-79565
2024-01-17 07:57:40,279 [om1-OMStateMachineApplyTransactionThread - 0] WARN  snapshot.OMSnapshotCreateRequest (OMSnapshotCreateRequest.java:estimateBucketDataSize(337)) - DefaultReplicationConfig is not correctly set in OmBucketInfo for volume 'vol-a-79565' bucket 'bucket-a-1-44713'. Falling back to config default 'RATIS/THREE'
2024-01-17 07:57:40,280 [om1-OMStateMachineApplyTransactionThread - 0] INFO  snapshot.OMSnapshotCreateRequest (OMSnapshotCreateRequest.java:validateAndUpdateCache(218)) - Created snapshot: 's20240117-075740.260' with snapshotId: 'f6a78694-6358-4e61-868e-02898bdeb54d' under path 'vol-a-79565/bucket-a-1-44713'
2024-01-17 07:57:40,281 [main] INFO  rpc.RpcClient (RpcClient.java:createBucket(683)) - Creating Bucket: vol-b-33677/bucket-a-1-53320, with server-side default bucket layout, runner as owner, Versioning false, Storage Type set to DISK and Encryption set to false, Replication Type set to server-side default replication type, Namespace Quota set to -1, Space Quota set to -1 
2024-01-17 07:57:40,283 [om1-OMStateMachineApplyTransactionThread - 0] INFO  bucket.OMBucketCreateRequest (OMBucketCreateRequest.java:validateAndUpdateCache(296)) - created bucket: bucket-a-1-53320 of layout FILE_SYSTEM_OPTIMIZED in volume: vol-b-33677
2024-01-17 07:57:40,284 [om1-OMDoubleBufferFlushThread] INFO  db.RDBCheckpointManager (RDBCheckpointManager.java:createCheckpoint(89)) - Created checkpoint in rocksDB at /home/runner/work/ozone/ozone/hadoop-ozone/integration-test/target/test-dir/MiniOzoneClusterImpl-df80a8b8-78a2-47d1-a2cb-ee48e7cc81f7/ozone-meta/db.snapshots/checkpointState/om.db-3153ab09-91de-42ec-8bfd-18e8ce6596d5 in 56 milliseconds
2024-01-17 07:57:40,291 [om1-OMDoubleBufferFlushThread] INFO  om.OmSnapshotManager (OmSnapshotManager.java:createOmSnapshotCheckpoint(463)) - Created checkpoint : /home/runner/work/ozone/ozone/hadoop-ozone/integration-test/target/test-dir/MiniOzoneClusterImpl-df80a8b8-78a2-47d1-a2cb-ee48e7cc81f7/ozone-meta/db.snapshots/checkpointState/om.db-3153ab09-91de-42ec-8bfd-18e8ce6596d5 for snapshot s20240117-075740.203
2024-01-17 07:57:40,311 [om1-OMStateMachineApplyTransactionThread - 0] WARN  snapshot.OMSnapshotCreateRequest (OMSnapshotCreateRequest.java:estimateBucketDataSize(337)) - DefaultReplicationConfig is not correctly set in OmBucketInfo for volume 'vol-b-33677' bucket 'bucket-a-1-53320'. Falling back to config default 'RATIS/THREE'
2024-01-17 07:57:40,312 [om1-OMStateMachineApplyTransactionThread - 0] INFO  snapshot.OMSnapshotCreateRequest (OMSnapshotCreateRequest.java:validateAndUpdateCache(218)) - Created snapshot: 's20240117-075740.284' with snapshotId: '735e1ce2-cee2-4a62-bb55-cdd8b4320143' under path 'vol-b-33677/bucket-a-1-53320'
2024-01-17 07:57:40,313 [om1-OMDoubleBufferFlushThread] INFO  db.RDBCheckpointManager (RDBCheckpointManager.java:createCheckpoint(89)) - Created checkpoint in rocksDB at /home/runner/work/ozone/ozone/hadoop-ozone/integration-test/target/test-dir/MiniOzoneClusterImpl-df80a8b8-78a2-47d1-a2cb-ee48e7cc81f7/ozone-meta/db.snapshots/checkpointState/om.db-1e540e29-d397-4fcc-afd8-d254f629c5f4 in 19 milliseconds
2024-01-17 07:57:40,313 [main] INFO  rpc.RpcClient (RpcClient.java:createBucket(683)) - Creating Bucket: vol-a-79565/bucket-a-2-22790, with server-side default bucket layout, runner as owner, Versioning false, Storage Type set to DISK and Encryption set to false, Replication Type set to server-side default replication type, Namespace Quota set to -1, Space Quota set to -1 
2024-01-17 07:57:40,314 [om1-OMDoubleBufferFlushThread] INFO  om.OmSnapshotManager (OmSnapshotManager.java:createOmSnapshotCheckpoint(463)) - Created checkpoint : /home/runner/work/ozone/ozone/hadoop-ozone/integration-test/target/test-dir/MiniOzoneClusterImpl-df80a8b8-78a2-47d1-a2cb-ee48e7cc81f7/ozone-meta/db.snapshots/checkpointState/om.db-1e540e29-d397-4fcc-afd8-d254f629c5f4 for snapshot s20240117-075740.234
2024-01-17 07:57:40,315 [om1-OMStateMachineApplyTransactionThread - 0] INFO  bucket.OMBucketCreateRequest (OMBucketCreateRequest.java:validateAndUpdateCache(296)) - created bucket: bucket-a-2-22790 of layout FILE_SYSTEM_OPTIMIZED in volume: vol-a-79565
2024-01-17 07:57:40,330 [om1-OMStateMachineApplyTransactionThread - 0] WARN  snapshot.OMSnapshotCreateRequest (OMSnapshotCreateRequest.java:estimateBucketDataSize(337)) - DefaultReplicationConfig is not correctly set in OmBucketInfo for volume 'vol-a-79565' bucket 'bucket-a-2-22790'. Falling back to config default 'RATIS/THREE'
2024-01-17 07:57:40,331 [om1-OMStateMachineApplyTransactionThread - 0] INFO  snapshot.OMSnapshotCreateRequest (OMSnapshotCreateRequest.java:validateAndUpdateCache(218)) - Created snapshot: 's20240117-075740.316' with snapshotId: 'db700eb8-75f6-48c3-92e5-a5c0edfb11cd' under path 'vol-a-79565/bucket-a-2-22790'
2024-01-17 07:57:40,332 [main] INFO  rpc.RpcClient (RpcClient.java:createBucket(683)) - Creating Bucket: vol-b-33677/bucket-a-2-61900, with server-side default bucket layout, runner as owner, Versioning false, Storage Type set to DISK and Encryption set to false, Replication Type set to server-side default replication type, Namespace Quota set to -1, Space Quota set to -1 
2024-01-17 07:57:40,333 [om1-OMStateMachineApplyTransactionThread - 0] INFO  bucket.OMBucketCreateRequest (OMBucketCreateRequest.java:validateAndUpdateCache(296)) - created bucket: bucket-a-2-61900 of layout FILE_SYSTEM_OPTIMIZED in volume: vol-b-33677
2024-01-17 07:57:40,334 [om1-OMDoubleBufferFlushThread] INFO  db.RDBCheckpointManager (RDBCheckpointManager.java:createCheckpoint(89)) - Created checkpoint in rocksDB at /home/runner/work/ozone/ozone/hadoop-ozone/integration-test/target/test-dir/MiniOzoneClusterImpl-df80a8b8-78a2-47d1-a2cb-ee48e7cc81f7/ozone-meta/db.snapshots/checkpointState/om.db-f6a78694-6358-4e61-868e-02898bdeb54d in 16 milliseconds
2024-01-17 07:57:40,335 [om1-OMDoubleBufferFlushThread] INFO  om.OmSnapshotManager (OmSnapshotManager.java:createOmSnapshotCheckpoint(463)) - Created checkpoint : /home/runner/work/ozone/ozone/hadoop-ozone/integration-test/target/test-dir/MiniOzoneClusterImpl-df80a8b8-78a2-47d1-a2cb-ee48e7cc81f7/ozone-meta/db.snapshots/checkpointState/om.db-f6a78694-6358-4e61-868e-02898bdeb54d for snapshot s20240117-075740.260
2024-01-17 07:57:40,350 [om1-OMStateMachineApplyTransactionThread - 0] WARN  snapshot.OMSnapshotCreateRequest (OMSnapshotCreateRequest.java:estimateBucketDataSize(337)) - DefaultReplicationConfig is not correctly set in OmBucketInfo for volume 'vol-b-33677' bucket 'bucket-a-2-61900'. Falling back to config default 'RATIS/THREE'
2024-01-17 07:57:40,350 [om1-OMStateMachineApplyTransactionThread - 0] INFO  snapshot.OMSnapshotCreateRequest (OMSnapshotCreateRequest.java:validateAndUpdateCache(218)) - Created snapshot: 's20240117-075740.334' with snapshotId: '431e83fb-583a-4749-b6a1-f5966f30e744' under path 'vol-b-33677/bucket-a-2-61900'
2024-01-17 07:57:40,351 [main] INFO  rpc.RpcClient (RpcClient.java:createBucket(683)) - Creating Bucket: vol-a-79565/bucket-a-3-58063, with server-side default bucket layout, runner as owner, Versioning false, Storage Type set to DISK and Encryption set to false, Replication Type set to server-side default replication type, Namespace Quota set to -1, Space Quota set to -1 
2024-01-17 07:57:40,352 [om1-OMStateMachineApplyTransactionThread - 0] INFO  bucket.OMBucketCreateRequest (OMBucketCreateRequest.java:validateAndUpdateCache(296)) - created bucket: bucket-a-3-58063 of layout FILE_SYSTEM_OPTIMIZED in volume: vol-a-79565
2024-01-17 07:57:40,355 [om1-OMDoubleBufferFlushThread] INFO  db.RDBCheckpointManager (RDBCheckpointManager.java:createCheckpoint(89)) - Created checkpoint in rocksDB at /home/runner/work/ozone/ozone/hadoop-ozone/integration-test/target/test-dir/MiniOzoneClusterImpl-df80a8b8-78a2-47d1-a2cb-ee48e7cc81f7/ozone-meta/db.snapshots/checkpointState/om.db-735e1ce2-cee2-4a62-bb55-cdd8b4320143 in 18 milliseconds
2024-01-17 07:57:40,356 [om1-OMDoubleBufferFlushThread] INFO  om.OmSnapshotManager (OmSnapshotManager.java:createOmSnapshotCheckpoint(463)) - Created checkpoint : /home/runner/work/ozone/ozone/hadoop-ozone/integration-test/target/test-dir/MiniOzoneClusterImpl-df80a8b8-78a2-47d1-a2cb-ee48e7cc81f7/ozone-meta/db.snapshots/checkpointState/om.db-735e1ce2-cee2-4a62-bb55-cdd8b4320143 for snapshot s20240117-075740.284
2024-01-17 07:57:40,369 [om1-OMStateMachineApplyTransactionThread - 0] WARN  snapshot.OMSnapshotCreateRequest (OMSnapshotCreateRequest.java:estimateBucketDataSize(337)) - DefaultReplicationConfig is not correctly set in OmBucketInfo for volume 'vol-a-79565' bucket 'bucket-a-3-58063'. Falling back to config default 'RATIS/THREE'
2024-01-17 07:57:40,369 [om1-OMStateMachineApplyTransactionThread - 0] INFO  snapshot.OMSnapshotCreateRequest (OMSnapshotCreateRequest.java:validateAndUpdateCache(218)) - Created snapshot: 's20240117-075740.353' with snapshotId: '74dfac7a-d831-4f67-9661-07e537396d1e' under path 'vol-a-79565/bucket-a-3-58063'
2024-01-17 07:57:40,370 [main] INFO  rpc.RpcClient (RpcClient.java:createBucket(683)) - Creating Bucket: vol-b-33677/bucket-a-3-55193, with server-side default bucket layout, runner as owner, Versioning false, Storage Type set to DISK and Encryption set to false, Replication Type set to server-side default replication type, Namespace Quota set to -1, Space Quota set to -1 
2024-01-17 07:57:40,372 [om1-OMStateMachineApplyTransactionThread - 0] INFO  bucket.OMBucketCreateRequest (OMBucketCreateRequest.java:validateAndUpdateCache(296)) - created bucket: bucket-a-3-55193 of layout FILE_SYSTEM_OPTIMIZED in volume: vol-b-33677
2024-01-17 07:57:40,374 [om1-OMDoubleBufferFlushThread] INFO  db.RDBCheckpointManager (RDBCheckpointManager.java:createCheckpoint(89)) - Created checkpoint in rocksDB at /home/runner/work/ozone/ozone/hadoop-ozone/integration-test/target/test-dir/MiniOzoneClusterImpl-df80a8b8-78a2-47d1-a2cb-ee48e7cc81f7/ozone-meta/db.snapshots/checkpointState/om.db-db700eb8-75f6-48c3-92e5-a5c0edfb11cd in 17 milliseconds
2024-01-17 07:57:40,375 [om1-OMDoubleBufferFlushThread] INFO  om.OmSnapshotManager (OmSnapshotManager.java:createOmSnapshotCheckpoint(463)) - Created checkpoint : /home/runner/work/ozone/ozone/hadoop-ozone/integration-test/target/test-dir/MiniOzoneClusterImpl-df80a8b8-78a2-47d1-a2cb-ee48e7cc81f7/ozone-meta/db.snapshots/checkpointState/om.db-db700eb8-75f6-48c3-92e5-a5c0edfb11cd for snapshot s20240117-075740.316
2024-01-17 07:57:40,393 [om1-OMStateMachineApplyTransactionThread - 0] WARN  snapshot.OMSnapshotCreateRequest (OMSnapshotCreateRequest.java:estimateBucketDataSize(337)) - DefaultReplicationConfig is not correctly set in OmBucketInfo for volume 'vol-b-33677' bucket 'bucket-a-3-55193'. Falling back to config default 'RATIS/THREE'
2024-01-17 07:57:40,393 [om1-OMStateMachineApplyTransactionThread - 0] INFO  snapshot.OMSnapshotCreateRequest (OMSnapshotCreateRequest.java:validateAndUpdateCache(218)) - Created snapshot: 's20240117-075740.373' with snapshotId: 'ddec91f6-8fc0-40ab-ba47-f19d6b3479c5' under path 'vol-b-33677/bucket-a-3-55193'
2024-01-17 07:57:40,394 [main] INFO  rpc.RpcClient (RpcClient.java:createBucket(683)) - Creating Bucket: vol-a-79565/bucket-a-4-30029, with server-side default bucket layout, runner as owner, Versioning false, Storage Type set to DISK and Encryption set to false, Replication Type set to server-side default replication type, Namespace Quota set to -1, Space Quota set to -1 
2024-01-17 07:57:40,395 [om1-OMStateMachineApplyTransactionThread - 0] INFO  bucket.OMBucketCreateRequest (OMBucketCreateRequest.java:validateAndUpdateCache(296)) - created bucket: bucket-a-4-30029 of layout FILE_SYSTEM_OPTIMIZED in volume: vol-a-79565
2024-01-17 07:57:40,396 [om1-OMDoubleBufferFlushThread] INFO  db.RDBCheckpointManager (RDBCheckpointManager.java:createCheckpoint(89)) - Created checkpoint in rocksDB at /home/runner/work/ozone/ozone/hadoop-ozone/integration-test/target/test-dir/MiniOzoneClusterImpl-df80a8b8-78a2-47d1-a2cb-ee48e7cc81f7/ozone-meta/db.snapshots/checkpointState/om.db-431e83fb-583a-4749-b6a1-f5966f30e744 in 18 milliseconds
2024-01-17 07:57:40,397 [om1-OMDoubleBufferFlushThread] INFO  om.OmSnapshotManager (OmSnapshotManager.java:createOmSnapshotCheckpoint(463)) - Created checkpoint : /home/runner/work/ozone/ozone/hadoop-ozone/integration-test/target/test-dir/MiniOzoneClusterImpl-df80a8b8-78a2-47d1-a2cb-ee48e7cc81f7/ozone-meta/db.snapshots/checkpointState/om.db-431e83fb-583a-4749-b6a1-f5966f30e744 for snapshot s20240117-075740.334
2024-01-17 07:57:40,411 [om1-OMStateMachineApplyTransactionThread - 0] WARN  snapshot.OMSnapshotCreateRequest (OMSnapshotCreateRequest.java:estimateBucketDataSize(337)) - DefaultReplicationConfig is not correctly set in OmBucketInfo for volume 'vol-a-79565' bucket 'bucket-a-4-30029'. Falling back to config default 'RATIS/THREE'
2024-01-17 07:57:40,411 [om1-OMStateMachineApplyTransactionThread - 0] INFO  snapshot.OMSnapshotCreateRequest (OMSnapshotCreateRequest.java:validateAndUpdateCache(218)) - Created snapshot: 's20240117-075740.396' with snapshotId: '6366ef6e-3d88-44a9-897b-77e41a7e4d61' under path 'vol-a-79565/bucket-a-4-30029'
2024-01-17 07:57:40,412 [main] INFO  rpc.RpcClient (RpcClient.java:createBucket(683)) - Creating Bucket: vol-b-33677/bucket-a-4-69595, with server-side default bucket layout, runner as owner, Versioning false, Storage Type set to DISK and Encryption set to false, Replication Type set to server-side default replication type, Namespace Quota set to -1, Space Quota set to -1 
2024-01-17 07:57:40,414 [om1-OMStateMachineApplyTransactionThread - 0] INFO  bucket.OMBucketCreateRequest (OMBucketCreateRequest.java:validateAndUpdateCache(296)) - created bucket: bucket-a-4-69595 of layout FILE_SYSTEM_OPTIMIZED in volume: vol-b-33677
2024-01-17 07:57:40,417 [om1-OMDoubleBufferFlushThread] INFO  db.RDBCheckpointManager (RDBCheckpointManager.java:createCheckpoint(89)) - Created checkpoint in rocksDB at /home/runner/work/ozone/ozone/hadoop-ozone/integration-test/target/test-dir/MiniOzoneClusterImpl-df80a8b8-78a2-47d1-a2cb-ee48e7cc81f7/ozone-meta/db.snapshots/checkpointState/om.db-74dfac7a-d831-4f67-9661-07e537396d1e in 18 milliseconds
2024-01-17 07:57:40,418 [om1-OMDoubleBufferFlushThread] INFO  om.OmSnapshotManager (OmSnapshotManager.java:createOmSnapshotCheckpoint(463)) - Created checkpoint : /home/runner/work/ozone/ozone/hadoop-ozone/integration-test/target/test-dir/MiniOzoneClusterImpl-df80a8b8-78a2-47d1-a2cb-ee48e7cc81f7/ozone-meta/db.snapshots/checkpointState/om.db-74dfac7a-d831-4f67-9661-07e537396d1e for snapshot s20240117-075740.353
2024-01-17 07:57:40,447 [om1-OMStateMachineApplyTransactionThread - 0] WARN  snapshot.OMSnapshotCreateRequest (OMSnapshotCreateRequest.java:estimateBucketDataSize(337)) - DefaultReplicationConfig is not correctly set in OmBucketInfo for volume 'vol-b-33677' bucket 'bucket-a-4-69595'. Falling back to config default 'RATIS/THREE'
2024-01-17 07:57:40,448 [om1-OMStateMachineApplyTransactionThread - 0] INFO  snapshot.OMSnapshotCreateRequest (OMSnapshotCreateRequest.java:validateAndUpdateCache(218)) - Created snapshot: 's20240117-075740.416' with snapshotId: 'a2e683a6-74b0-4027-b813-b65a162f73ea' under path 'vol-b-33677/bucket-a-4-69595'
2024-01-17 07:57:40,448 [main] INFO  rpc.RpcClient (RpcClient.java:createBucket(683)) - Creating Bucket: vol-a-79565/bucket-a-5-69583, with server-side default bucket layout, runner as owner, Versioning false, Storage Type set to DISK and Encryption set to false, Replication Type set to server-side default replication type, Namespace Quota set to -1, Space Quota set to -1 
2024-01-17 07:57:40,450 [om1-OMStateMachineApplyTransactionThread - 0] INFO  bucket.OMBucketCreateRequest (OMBucketCreateRequest.java:validateAndUpdateCache(296)) - created bucket: bucket-a-5-69583 of layout FILE_SYSTEM_OPTIMIZED in volume: vol-a-79565
2024-01-17 07:57:40,453 [om1-OMDoubleBufferFlushThread] INFO  db.RDBCheckpointManager (RDBCheckpointManager.java:createCheckpoint(89)) - Created checkpoint in rocksDB at /home/runner/work/ozone/ozone/hadoop-ozone/integration-test/target/test-dir/MiniOzoneClusterImpl-df80a8b8-78a2-47d1-a2cb-ee48e7cc81f7/ozone-meta/db.snapshots/checkpointState/om.db-ddec91f6-8fc0-40ab-ba47-f19d6b3479c5 in 33 milliseconds
2024-01-17 07:57:40,454 [om1-OMDoubleBufferFlushThread] INFO  om.OmSnapshotManager (OmSnapshotManager.java:createOmSnapshotCheckpoint(463)) - Created checkpoint : /home/runner/work/ozone/ozone/hadoop-ozone/integration-test/target/test-dir/MiniOzoneClusterImpl-df80a8b8-78a2-47d1-a2cb-ee48e7cc81f7/ozone-meta/db.snapshots/checkpointState/om.db-ddec91f6-8fc0-40ab-ba47-f19d6b3479c5 for snapshot s20240117-075740.373
2024-01-17 07:57:40,466 [om1-OMStateMachineApplyTransactionThread - 0] WARN  snapshot.OMSnapshotCreateRequest (OMSnapshotCreateRequest.java:estimateBucketDataSize(337)) - DefaultReplicationConfig is not correctly set in OmBucketInfo for volume 'vol-a-79565' bucket 'bucket-a-5-69583'. Falling back to config default 'RATIS/THREE'
2024-01-17 07:57:40,466 [om1-OMStateMachineApplyTransactionThread - 0] INFO  snapshot.OMSnapshotCreateRequest (OMSnapshotCreateRequest.java:validateAndUpdateCache(218)) - Created snapshot: 's20240117-075740.451' with snapshotId: '319de1e0-6dc7-4e8b-b443-49289f6dad7b' under path 'vol-a-79565/bucket-a-5-69583'
2024-01-17 07:57:40,467 [main] INFO  rpc.RpcClient (RpcClient.java:createBucket(683)) - Creating Bucket: vol-b-33677/bucket-a-5-98150, with server-side default bucket layout, runner as owner, Versioning false, Storage Type set to DISK and Encryption set to false, Replication Type set to server-side default replication type, Namespace Quota set to -1, Space Quota set to -1 
2024-01-17 07:57:40,469 [om1-OMStateMachineApplyTransactionThread - 0] INFO  bucket.OMBucketCreateRequest (OMBucketCreateRequest.java:validateAndUpdateCache(296)) - created bucket: bucket-a-5-98150 of layout FILE_SYSTEM_OPTIMIZED in volume: vol-b-33677
2024-01-17 07:57:40,471 [om1-OMDoubleBufferFlushThread] INFO  db.RDBCheckpointManager (RDBCheckpointManager.java:createCheckpoint(89)) - Created checkpoint in rocksDB at /home/runner/work/ozone/ozone/hadoop-ozone/integration-test/target/test-dir/MiniOzoneClusterImpl-df80a8b8-78a2-47d1-a2cb-ee48e7cc81f7/ozone-meta/db.snapshots/checkpointState/om.db-6366ef6e-3d88-44a9-897b-77e41a7e4d61 in 15 milliseconds
2024-01-17 07:57:40,472 [om1-OMDoubleBufferFlushThread] INFO  om.OmSnapshotManager (OmSnapshotManager.java:createOmSnapshotCheckpoint(463)) - Created checkpoint : /home/runner/work/ozone/ozone/hadoop-ozone/integration-test/target/test-dir/MiniOzoneClusterImpl-df80a8b8-78a2-47d1-a2cb-ee48e7cc81f7/ozone-meta/db.snapshots/checkpointState/om.db-6366ef6e-3d88-44a9-897b-77e41a7e4d61 for snapshot s20240117-075740.396
2024-01-17 07:57:40,485 [om1-OMStateMachineApplyTransactionThread - 0] WARN  snapshot.OMSnapshotCreateRequest (OMSnapshotCreateRequest.java:estimateBucketDataSize(337)) - DefaultReplicationConfig is not correctly set in OmBucketInfo for volume 'vol-b-33677' bucket 'bucket-a-5-98150'. Falling back to config default 'RATIS/THREE'
2024-01-17 07:57:40,485 [om1-OMStateMachineApplyTransactionThread - 0] INFO  snapshot.OMSnapshotCreateRequest (OMSnapshotCreateRequest.java:validateAndUpdateCache(218)) - Created snapshot: 's20240117-075740.470' with snapshotId: 'a2cb029b-b8f2-4fe8-b883-4a12b8cd8f0b' under path 'vol-b-33677/bucket-a-5-98150'
2024-01-17 07:57:40,485 [main] INFO  rpc.RpcClient (RpcClient.java:createBucket(683)) - Creating Bucket: vol-a-79565/bucket-a-6-19119, with server-side default bucket layout, runner as owner, Versioning false, Storage Type set to DISK and Encryption set to false, Replication Type set to server-side default replication type, Namespace Quota set to -1, Space Quota set to -1 
2024-01-17 07:57:40,487 [om1-OMStateMachineApplyTransactionThread - 0] INFO  bucket.OMBucketCreateRequest (OMBucketCreateRequest.java:validateAndUpdateCache(296)) - created bucket: bucket-a-6-19119 of layout FILE_SYSTEM_OPTIMIZED in volume: vol-a-79565
2024-01-17 07:57:40,489 [om1-OMDoubleBufferFlushThread] INFO  db.RDBCheckpointManager (RDBCheckpointManager.java:createCheckpoint(89)) - Created checkpoint in rocksDB at /home/runner/work/ozone/ozone/hadoop-ozone/integration-test/target/test-dir/MiniOzoneClusterImpl-df80a8b8-78a2-47d1-a2cb-ee48e7cc81f7/ozone-meta/db.snapshots/checkpointState/om.db-a2e683a6-74b0-4027-b813-b65a162f73ea in 14 milliseconds
2024-01-17 07:57:40,489 [om1-OMDoubleBufferFlushThread] INFO  om.OmSnapshotManager (OmSnapshotManager.java:createOmSnapshotCheckpoint(463)) - Created checkpoint : /home/runner/work/ozone/ozone/hadoop-ozone/integration-test/target/test-dir/MiniOzoneClusterImpl-df80a8b8-78a2-47d1-a2cb-ee48e7cc81f7/ozone-meta/db.snapshots/checkpointState/om.db-a2e683a6-74b0-4027-b813-b65a162f73ea for snapshot s20240117-075740.416
2024-01-17 07:57:40,503 [om1-OMStateMachineApplyTransactionThread - 0] WARN  snapshot.OMSnapshotCreateRequest (OMSnapshotCreateRequest.java:estimateBucketDataSize(337)) - DefaultReplicationConfig is not correctly set in OmBucketInfo for volume 'vol-a-79565' bucket 'bucket-a-6-19119'. Falling back to config default 'RATIS/THREE'
2024-01-17 07:57:40,503 [om1-OMStateMachineApplyTransactionThread - 0] INFO  snapshot.OMSnapshotCreateRequest (OMSnapshotCreateRequest.java:validateAndUpdateCache(218)) - Created snapshot: 's20240117-075740.488' with snapshotId: '6efef4b7-6c9e-436a-8759-f759a52b772f' under path 'vol-a-79565/bucket-a-6-19119'
2024-01-17 07:57:40,504 [main] INFO  rpc.RpcClient (RpcClient.java:createBucket(683)) - Creating Bucket: vol-b-33677/bucket-a-6-46774, with server-side default bucket layout, runner as owner, Versioning false, Storage Type set to DISK and Encryption set to false, Replication Type set to server-side default replication type, Namespace Quota set to -1, Space Quota set to -1 
2024-01-17 07:57:40,505 [om1-OMStateMachineApplyTransactionThread - 0] INFO  bucket.OMBucketCreateRequest (OMBucketCreateRequest.java:validateAndUpdateCache(296)) - created bucket: bucket-a-6-46774 of layout FILE_SYSTEM_OPTIMIZED in volume: vol-b-33677
2024-01-17 07:57:40,518 [om1-OMDoubleBufferFlushThread] INFO  db.RDBCheckpointManager (RDBCheckpointManager.java:createCheckpoint(89)) - Created checkpoint in rocksDB at /home/runner/work/ozone/ozone/hadoop-ozone/integration-test/target/test-dir/MiniOzoneClusterImpl-df80a8b8-78a2-47d1-a2cb-ee48e7cc81f7/ozone-meta/db.snapshots/checkpointState/om.db-319de1e0-6dc7-4e8b-b443-49289f6dad7b in 27 milliseconds
2024-01-17 07:57:40,518 [om1-OMDoubleBufferFlushThread] INFO  om.OmSnapshotManager (OmSnapshotManager.java:createOmSnapshotCheckpoint(463)) - Created checkpoint : /home/runner/work/ozone/ozone/hadoop-ozone/integration-test/target/test-dir/MiniOzoneClusterImpl-df80a8b8-78a2-47d1-a2cb-ee48e7cc81f7/ozone-meta/db.snapshots/checkpointState/om.db-319de1e0-6dc7-4e8b-b443-49289f6dad7b for snapshot s20240117-075740.451
2024-01-17 07:57:40,521 [om1-OMStateMachineApplyTransactionThread - 0] WARN  snapshot.OMSnapshotCreateRequest (OMSnapshotCreateRequest.java:estimateBucketDataSize(337)) - DefaultReplicationConfig is not correctly set in OmBucketInfo for volume 'vol-b-33677' bucket 'bucket-a-6-46774'. Falling back to config default 'RATIS/THREE'
2024-01-17 07:57:40,521 [om1-OMStateMachineApplyTransactionThread - 0] INFO  snapshot.OMSnapshotCreateRequest (OMSnapshotCreateRequest.java:validateAndUpdateCache(218)) - Created snapshot: 's20240117-075740.506' with snapshotId: '18547dd7-11b9-46ba-8501-fab469f5bc1d' under path 'vol-b-33677/bucket-a-6-46774'
2024-01-17 07:57:40,521 [main] INFO  rpc.RpcClient (RpcClient.java:createBucket(683)) - Creating Bucket: vol-a-79565/bucket-a-7-13195, with server-side default bucket layout, runner as owner, Versioning false, Storage Type set to DISK and Encryption set to false, Replication Type set to server-side default replication type, Namespace Quota set to -1, Space Quota set to -1 
2024-01-17 07:57:40,523 [om1-OMStateMachineApplyTransactionThread - 0] INFO  bucket.OMBucketCreateRequest (OMBucketCreateRequest.java:validateAndUpdateCache(296)) - created bucket: bucket-a-7-13195 of layout FILE_SYSTEM_OPTIMIZED in volume: vol-a-79565
2024-01-17 07:57:40,537 [om1-OMDoubleBufferFlushThread] INFO  db.RDBCheckpointManager (RDBCheckpointManager.java:createCheckpoint(89)) - Created checkpoint in rocksDB at /home/runner/work/ozone/ozone/hadoop-ozone/integration-test/target/test-dir/MiniOzoneClusterImpl-df80a8b8-78a2-47d1-a2cb-ee48e7cc81f7/ozone-meta/db.snapshots/checkpointState/om.db-a2cb029b-b8f2-4fe8-b883-4a12b8cd8f0b in 16 milliseconds
2024-01-17 07:57:40,539 [om1-OMDoubleBufferFlushThread] INFO  om.OmSnapshotManager (OmSnapshotManager.java:createOmSnapshotCheckpoint(463)) - Created checkpoint : /home/runner/work/ozone/ozone/hadoop-ozone/integration-test/target/test-dir/MiniOzoneClusterImpl-df80a8b8-78a2-47d1-a2cb-ee48e7cc81f7/ozone-meta/db.snapshots/checkpointState/om.db-a2cb029b-b8f2-4fe8-b883-4a12b8cd8f0b for snapshot s20240117-075740.470
2024-01-17 07:57:40,540 [om1-OMStateMachineApplyTransactionThread - 0] WARN  snapshot.OMSnapshotCreateRequest (OMSnapshotCreateRequest.java:estimateBucketDataSize(337)) - DefaultReplicationConfig is not correctly set in OmBucketInfo for volume 'vol-a-79565' bucket 'bucket-a-7-13195'. Falling back to config default 'RATIS/THREE'
2024-01-17 07:57:40,540 [om1-OMStateMachineApplyTransactionThread - 0] INFO  snapshot.OMSnapshotCreateRequest (OMSnapshotCreateRequest.java:validateAndUpdateCache(218)) - Created snapshot: 's20240117-075740.524' with snapshotId: '663ba8dc-bc0a-4931-b654-09cb1da2b331' under path 'vol-a-79565/bucket-a-7-13195'
2024-01-17 07:57:40,541 [main] INFO  rpc.RpcClient (RpcClient.java:createBucket(683)) - Creating Bucket: vol-b-33677/bucket-a-7-02811, with server-side default bucket layout, runner as owner, Versioning false, Storage Type set to DISK and Encryption set to false, Replication Type set to server-side default replication type, Namespace Quota set to -1, Space Quota set to -1 
2024-01-17 07:57:40,543 [om1-OMStateMachineApplyTransactionThread - 0] INFO  bucket.OMBucketCreateRequest (OMBucketCreateRequest.java:validateAndUpdateCache(296)) - created bucket: bucket-a-7-02811 of layout FILE_SYSTEM_OPTIMIZED in volume: vol-b-33677
2024-01-17 07:57:40,554 [om1-OMDoubleBufferFlushThread] INFO  db.RDBCheckpointManager (RDBCheckpointManager.java:createCheckpoint(89)) - Created checkpoint in rocksDB at /home/runner/work/ozone/ozone/hadoop-ozone/integration-test/target/test-dir/MiniOzoneClusterImpl-df80a8b8-78a2-47d1-a2cb-ee48e7cc81f7/ozone-meta/db.snapshots/checkpointState/om.db-6efef4b7-6c9e-436a-8759-f759a52b772f in 13 milliseconds
2024-01-17 07:57:40,555 [om1-OMDoubleBufferFlushThread] INFO  om.OmSnapshotManager (OmSnapshotManager.java:createOmSnapshotCheckpoint(463)) - Created checkpoint : /home/runner/work/ozone/ozone/hadoop-ozone/integration-test/target/test-dir/MiniOzoneClusterImpl-df80a8b8-78a2-47d1-a2cb-ee48e7cc81f7/ozone-meta/db.snapshots/checkpointState/om.db-6efef4b7-6c9e-436a-8759-f759a52b772f for snapshot s20240117-075740.488
2024-01-17 07:57:40,558 [om1-OMStateMachineApplyTransactionThread - 0] WARN  snapshot.OMSnapshotCreateRequest (OMSnapshotCreateRequest.java:estimateBucketDataSize(337)) - DefaultReplicationConfig is not correctly set in OmBucketInfo for volume 'vol-b-33677' bucket 'bucket-a-7-02811'. Falling back to config default 'RATIS/THREE'
2024-01-17 07:57:40,558 [om1-OMStateMachineApplyTransactionThread - 0] INFO  snapshot.OMSnapshotCreateRequest (OMSnapshotCreateRequest.java:validateAndUpdateCache(218)) - Created snapshot: 's20240117-075740.544' with snapshotId: 'b8115bb4-ca7b-4450-bb3b-1c15ed2ca54b' under path 'vol-b-33677/bucket-a-7-02811'
2024-01-17 07:57:40,559 [main] INFO  rpc.RpcClient (RpcClient.java:createBucket(683)) - Creating Bucket: vol-a-79565/bucket-a-8-28278, with server-side default bucket layout, runner as owner, Versioning false, Storage Type set to DISK and Encryption set to false, Replication Type set to server-side default replication type, Namespace Quota set to -1, Space Quota set to -1 
2024-01-17 07:57:40,561 [om1-OMStateMachineApplyTransactionThread - 0] INFO  bucket.OMBucketCreateRequest (OMBucketCreateRequest.java:validateAndUpdateCache(296)) - created bucket: bucket-a-8-28278 of layout FILE_SYSTEM_OPTIMIZED in volume: vol-a-79565
2024-01-17 07:57:40,594 [om1-OMDoubleBufferFlushThread] INFO  db.RDBCheckpointManager (RDBCheckpointManager.java:createCheckpoint(89)) - Created checkpoint in rocksDB at /home/runner/work/ozone/ozone/hadoop-ozone/integration-test/target/test-dir/MiniOzoneClusterImpl-df80a8b8-78a2-47d1-a2cb-ee48e7cc81f7/ozone-meta/db.snapshots/checkpointState/om.db-18547dd7-11b9-46ba-8501-fab469f5bc1d in 37 milliseconds
2024-01-17 07:57:40,595 [om1-OMDoubleBufferFlushThread] INFO  om.OmSnapshotManager (OmSnapshotManager.java:createOmSnapshotCheckpoint(463)) - Created checkpoint : /home/runner/work/ozone/ozone/hadoop-ozone/integration-test/target/test-dir/MiniOzoneClusterImpl-df80a8b8-78a2-47d1-a2cb-ee48e7cc81f7/ozone-meta/db.snapshots/checkpointState/om.db-18547dd7-11b9-46ba-8501-fab469f5bc1d for snapshot s20240117-075740.506
2024-01-17 07:57:40,603 [om1-OMStateMachineApplyTransactionThread - 0] WARN  snapshot.OMSnapshotCreateRequest (OMSnapshotCreateRequest.java:estimateBucketDataSize(337)) - DefaultReplicationConfig is not correctly set in OmBucketInfo for volume 'vol-a-79565' bucket 'bucket-a-8-28278'. Falling back to config default 'RATIS/THREE'
2024-01-17 07:57:40,604 [om1-OMStateMachineApplyTransactionThread - 0] INFO  snapshot.OMSnapshotCreateRequest (OMSnapshotCreateRequest.java:validateAndUpdateCache(218)) - Created snapshot: 's20240117-075740.563' with snapshotId: 'd388b467-ad2d-4562-bdef-fe38efa34ff9' under path 'vol-a-79565/bucket-a-8-28278'
2024-01-17 07:57:40,604 [main] INFO  rpc.RpcClient (RpcClient.java:createBucket(683)) - Creating Bucket: vol-b-33677/bucket-a-8-07291, with server-side default bucket layout, runner as owner, Versioning false, Storage Type set to DISK and Encryption set to false, Replication Type set to server-side default replication type, Namespace Quota set to -1, Space Quota set to -1 
2024-01-17 07:57:40,606 [om1-OMStateMachineApplyTransactionThread - 0] INFO  bucket.OMBucketCreateRequest (OMBucketCreateRequest.java:validateAndUpdateCache(296)) - created bucket: bucket-a-8-07291 of layout FILE_SYSTEM_OPTIMIZED in volume: vol-b-33677
2024-01-17 07:57:40,616 [om1-OMDoubleBufferFlushThread] INFO  db.RDBCheckpointManager (RDBCheckpointManager.java:createCheckpoint(89)) - Created checkpoint in rocksDB at /home/runner/work/ozone/ozone/hadoop-ozone/integration-test/target/test-dir/MiniOzoneClusterImpl-df80a8b8-78a2-47d1-a2cb-ee48e7cc81f7/ozone-meta/db.snapshots/checkpointState/om.db-663ba8dc-bc0a-4931-b654-09cb1da2b331 in 19 milliseconds
2024-01-17 07:57:40,616 [om1-OMDoubleBufferFlushThread] INFO  om.OmSnapshotManager (OmSnapshotManager.java:createOmSnapshotCheckpoint(463)) - Created checkpoint : /home/runner/work/ozone/ozone/hadoop-ozone/integration-test/target/test-dir/MiniOzoneClusterImpl-df80a8b8-78a2-47d1-a2cb-ee48e7cc81f7/ozone-meta/db.snapshots/checkpointState/om.db-663ba8dc-bc0a-4931-b654-09cb1da2b331 for snapshot s20240117-075740.524
2024-01-17 07:57:40,623 [om1-OMStateMachineApplyTransactionThread - 0] WARN  snapshot.OMSnapshotCreateRequest (OMSnapshotCreateRequest.java:estimateBucketDataSize(337)) - DefaultReplicationConfig is not correctly set in OmBucketInfo for volume 'vol-b-33677' bucket 'bucket-a-8-07291'. Falling back to config default 'RATIS/THREE'
2024-01-17 07:57:40,623 [om1-OMStateMachineApplyTransactionThread - 0] INFO  snapshot.OMSnapshotCreateRequest (OMSnapshotCreateRequest.java:validateAndUpdateCache(218)) - Created snapshot: 's20240117-075740.607' with snapshotId: 'bba61813-8d92-4e2d-8561-acd97ffe7844' under path 'vol-b-33677/bucket-a-8-07291'
2024-01-17 07:57:40,624 [main] INFO  rpc.RpcClient (RpcClient.java:createBucket(683)) - Creating Bucket: vol-a-79565/bucket-a-9-73283, with server-side default bucket layout, runner as owner, Versioning false, Storage Type set to DISK and Encryption set to false, Replication Type set to server-side default replication type, Namespace Quota set to -1, Space Quota set to -1 
2024-01-17 07:57:40,625 [om1-OMStateMachineApplyTransactionThread - 0] INFO  bucket.OMBucketCreateRequest (OMBucketCreateRequest.java:validateAndUpdateCache(296)) - created bucket: bucket-a-9-73283 of layout FILE_SYSTEM_OPTIMIZED in volume: vol-a-79565
2024-01-17 07:57:40,638 [om1-OMDoubleBufferFlushThread] INFO  db.RDBCheckpointManager (RDBCheckpointManager.java:createCheckpoint(89)) - Created checkpoint in rocksDB at /home/runner/work/ozone/ozone/hadoop-ozone/integration-test/target/test-dir/MiniOzoneClusterImpl-df80a8b8-78a2-47d1-a2cb-ee48e7cc81f7/ozone-meta/db.snapshots/checkpointState/om.db-b8115bb4-ca7b-4450-bb3b-1c15ed2ca54b in 19 milliseconds
2024-01-17 07:57:40,639 [om1-OMDoubleBufferFlushThread] INFO  om.OmSnapshotManager (OmSnapshotManager.java:createOmSnapshotCheckpoint(463)) - Created checkpoint : /home/runner/work/ozone/ozone/hadoop-ozone/integration-test/target/test-dir/MiniOzoneClusterImpl-df80a8b8-78a2-47d1-a2cb-ee48e7cc81f7/ozone-meta/db.snapshots/checkpointState/om.db-b8115bb4-ca7b-4450-bb3b-1c15ed2ca54b for snapshot s20240117-075740.544
2024-01-17 07:57:40,644 [om1-OMStateMachineApplyTransactionThread - 0] WARN  snapshot.OMSnapshotCreateRequest (OMSnapshotCreateRequest.java:estimateBucketDataSize(337)) - DefaultReplicationConfig is not correctly set in OmBucketInfo for volume 'vol-a-79565' bucket 'bucket-a-9-73283'. Falling back to config default 'RATIS/THREE'
2024-01-17 07:57:40,644 [om1-OMStateMachineApplyTransactionThread - 0] INFO  snapshot.OMSnapshotCreateRequest (OMSnapshotCreateRequest.java:validateAndUpdateCache(218)) - Created snapshot: 's20240117-075740.627' with snapshotId: '03f91925-a873-49b4-957c-427509b8fbbe' under path 'vol-a-79565/bucket-a-9-73283'
2024-01-17 07:57:40,645 [main] INFO  rpc.RpcClient (RpcClient.java:createBucket(683)) - Creating Bucket: vol-b-33677/bucket-a-9-08448, with server-side default bucket layout, runner as owner, Versioning false, Storage Type set to DISK and Encryption set to false, Replication Type set to server-side default replication type, Namespace Quota set to -1, Space Quota set to -1 
2024-01-17 07:57:40,647 [om1-OMStateMachineApplyTransactionThread - 0] INFO  bucket.OMBucketCreateRequest (OMBucketCreateRequest.java:validateAndUpdateCache(296)) - created bucket: bucket-a-9-08448 of layout FILE_SYSTEM_OPTIMIZED in volume: vol-b-33677
2024-01-17 07:57:40,656 [om1-OMDoubleBufferFlushThread] INFO  db.RDBCheckpointManager (RDBCheckpointManager.java:createCheckpoint(89)) - Created checkpoint in rocksDB at /home/runner/work/ozone/ozone/hadoop-ozone/integration-test/target/test-dir/MiniOzoneClusterImpl-df80a8b8-78a2-47d1-a2cb-ee48e7cc81f7/ozone-meta/db.snapshots/checkpointState/om.db-d388b467-ad2d-4562-bdef-fe38efa34ff9 in 16 milliseconds
2024-01-17 07:57:40,656 [om1-OMDoubleBufferFlushThread] INFO  om.OmSnapshotManager (OmSnapshotManager.java:createOmSnapshotCheckpoint(463)) - Created checkpoint : /home/runner/work/ozone/ozone/hadoop-ozone/integration-test/target/test-dir/MiniOzoneClusterImpl-df80a8b8-78a2-47d1-a2cb-ee48e7cc81f7/ozone-meta/db.snapshots/checkpointState/om.db-d388b467-ad2d-4562-bdef-fe38efa34ff9 for snapshot s20240117-075740.563
2024-01-17 07:57:40,663 [om1-OMStateMachineApplyTransactionThread - 0] WARN  snapshot.OMSnapshotCreateRequest (OMSnapshotCreateRequest.java:estimateBucketDataSize(337)) - DefaultReplicationConfig is not correctly set in OmBucketInfo for volume 'vol-b-33677' bucket 'bucket-a-9-08448'. Falling back to config default 'RATIS/THREE'
2024-01-17 07:57:40,663 [om1-OMStateMachineApplyTransactionThread - 0] INFO  snapshot.OMSnapshotCreateRequest (OMSnapshotCreateRequest.java:validateAndUpdateCache(218)) - Created snapshot: 's20240117-075740.648' with snapshotId: 'e0df7564-da1b-4916-a0d0-046ed760dc0f' under path 'vol-b-33677/bucket-a-9-08448'
2024-01-17 07:57:40,664 [main] INFO  rpc.RpcClient (RpcClient.java:createBucket(683)) - Creating Bucket: vol-a-79565/bucket-b-0-09293, with server-side default bucket layout, runner as owner, Versioning false, Storage Type set to DISK and Encryption set to false, Replication Type set to server-side default replication type, Namespace Quota set to -1, Space Quota set to -1 
2024-01-17 07:57:40,665 [om1-OMStateMachineApplyTransactionThread - 0] INFO  bucket.OMBucketCreateRequest (OMBucketCreateRequest.java:validateAndUpdateCache(296)) - created bucket: bucket-b-0-09293 of layout FILE_SYSTEM_OPTIMIZED in volume: vol-a-79565
2024-01-17 07:57:40,674 [om1-OMDoubleBufferFlushThread] INFO  db.RDBCheckpointManager (RDBCheckpointManager.java:createCheckpoint(89)) - Created checkpoint in rocksDB at /home/runner/work/ozone/ozone/hadoop-ozone/integration-test/target/test-dir/MiniOzoneClusterImpl-df80a8b8-78a2-47d1-a2cb-ee48e7cc81f7/ozone-meta/db.snapshots/checkpointState/om.db-bba61813-8d92-4e2d-8561-acd97ffe7844 in 15 milliseconds
2024-01-17 07:57:40,675 [om1-OMDoubleBufferFlushThread] INFO  om.OmSnapshotManager (OmSnapshotManager.java:createOmSnapshotCheckpoint(463)) - Created checkpoint : /home/runner/work/ozone/ozone/hadoop-ozone/integration-test/target/test-dir/MiniOzoneClusterImpl-df80a8b8-78a2-47d1-a2cb-ee48e7cc81f7/ozone-meta/db.snapshots/checkpointState/om.db-bba61813-8d92-4e2d-8561-acd97ffe7844 for snapshot s20240117-075740.607
2024-01-17 07:57:40,680 [om1-OMStateMachineApplyTransactionThread - 0] WARN  snapshot.OMSnapshotCreateRequest (OMSnapshotCreateRequest.java:estimateBucketDataSize(337)) - DefaultReplicationConfig is not correctly set in OmBucketInfo for volume 'vol-a-79565' bucket 'bucket-b-0-09293'. Falling back to config default 'RATIS/THREE'
2024-01-17 07:57:40,680 [om1-OMStateMachineApplyTransactionThread - 0] INFO  snapshot.OMSnapshotCreateRequest (OMSnapshotCreateRequest.java:validateAndUpdateCache(218)) - Created snapshot: 's20240117-075740.666' with snapshotId: '0f56cc2e-6ed8-45c0-9a63-767e28b2c965' under path 'vol-a-79565/bucket-b-0-09293'
2024-01-17 07:57:40,681 [main] INFO  rpc.RpcClient (RpcClient.java:createBucket(683)) - Creating Bucket: vol-b-33677/bucket-b-0-10362, with server-side default bucket layout, runner as owner, Versioning false, Storage Type set to DISK and Encryption set to false, Replication Type set to server-side default replication type, Namespace Quota set to -1, Space Quota set to -1 
2024-01-17 07:57:40,682 [om1-OMStateMachineApplyTransactionThread - 0] INFO  bucket.OMBucketCreateRequest (OMBucketCreateRequest.java:validateAndUpdateCache(296)) - created bucket: bucket-b-0-10362 of layout FILE_SYSTEM_OPTIMIZED in volume: vol-b-33677
2024-01-17 07:57:40,683 [main] INFO  rpc.RpcClient (RpcClient.java:createBucket(683)) - Creating Bucket: vol-a-79565/bucket-b-1-42275, with server-side default bucket layout, runner as owner, Versioning false, Storage Type set to DISK and Encryption set to false, Replication Type set to server-side default replication type, Namespace Quota set to -1, Space Quota set to -1 
2024-01-17 07:57:40,685 [om1-OMStateMachineApplyTransactionThread - 0] INFO  bucket.OMBucketCreateRequest (OMBucketCreateRequest.java:validateAndUpdateCache(296)) - created bucket: bucket-b-1-42275 of layout FILE_SYSTEM_OPTIMIZED in volume: vol-a-79565
2024-01-17 07:57:40,696 [om1-OMDoubleBufferFlushThread] INFO  db.RDBCheckpointManager (RDBCheckpointManager.java:createCheckpoint(89)) - Created checkpoint in rocksDB at /home/runner/work/ozone/ozone/hadoop-ozone/integration-test/target/test-dir/MiniOzoneClusterImpl-df80a8b8-78a2-47d1-a2cb-ee48e7cc81f7/ozone-meta/db.snapshots/checkpointState/om.db-03f91925-a873-49b4-957c-427509b8fbbe in 19 milliseconds
2024-01-17 07:57:40,697 [om1-OMDoubleBufferFlushThread] INFO  om.OmSnapshotManager (OmSnapshotManager.java:createOmSnapshotCheckpoint(463)) - Created checkpoint : /home/runner/work/ozone/ozone/hadoop-ozone/integration-test/target/test-dir/MiniOzoneClusterImpl-df80a8b8-78a2-47d1-a2cb-ee48e7cc81f7/ozone-meta/db.snapshots/checkpointState/om.db-03f91925-a873-49b4-957c-427509b8fbbe for snapshot s20240117-075740.627
2024-01-17 07:57:40,700 [om1-OMStateMachineApplyTransactionThread - 0] WARN  snapshot.OMSnapshotCreateRequest (OMSnapshotCreateRequest.java:estimateBucketDataSize(337)) - DefaultReplicationConfig is not correctly set in OmBucketInfo for volume 'vol-a-79565' bucket 'bucket-b-1-42275'. Falling back to config default 'RATIS/THREE'
2024-01-17 07:57:40,700 [om1-OMStateMachineApplyTransactionThread - 0] INFO  snapshot.OMSnapshotCreateRequest (OMSnapshotCreateRequest.java:validateAndUpdateCache(218)) - Created snapshot: 's20240117-075740.686' with snapshotId: 'f915dd76-1fe7-4657-9e4d-63d702e04063' under path 'vol-a-79565/bucket-b-1-42275'
2024-01-17 07:57:40,701 [main] INFO  rpc.RpcClient (RpcClient.java:createBucket(683)) - Creating Bucket: vol-b-33677/bucket-b-1-82792, with server-side default bucket layout, runner as owner, Versioning false, Storage Type set to DISK and Encryption set to false, Replication Type set to server-side default replication type, Namespace Quota set to -1, Space Quota set to -1 
2024-01-17 07:57:40,703 [om1-OMStateMachineApplyTransactionThread - 0] INFO  bucket.OMBucketCreateRequest (OMBucketCreateRequest.java:validateAndUpdateCache(296)) - created bucket: bucket-b-1-82792 of layout FILE_SYSTEM_OPTIMIZED in volume: vol-b-33677
2024-01-17 07:57:40,703 [main] INFO  rpc.RpcClient (RpcClient.java:createBucket(683)) - Creating Bucket: vol-a-79565/bucket-b-2-90989, with server-side default bucket layout, runner as owner, Versioning false, Storage Type set to DISK and Encryption set to false, Replication Type set to server-side default replication type, Namespace Quota set to -1, Space Quota set to -1 
2024-01-17 07:57:40,705 [om1-OMStateMachineApplyTransactionThread - 0] INFO  bucket.OMBucketCreateRequest (OMBucketCreateRequest.java:validateAndUpdateCache(296)) - created bucket: bucket-b-2-90989 of layout FILE_SYSTEM_OPTIMIZED in volume: vol-a-79565
2024-01-17 07:57:40,721 [om1-OMDoubleBufferFlushThread] INFO  db.RDBCheckpointManager (RDBCheckpointManager.java:createCheckpoint(89)) - Created checkpoint in rocksDB at /home/runner/work/ozone/ozone/hadoop-ozone/integration-test/target/test-dir/MiniOzoneClusterImpl-df80a8b8-78a2-47d1-a2cb-ee48e7cc81f7/ozone-meta/db.snapshots/checkpointState/om.db-e0df7564-da1b-4916-a0d0-046ed760dc0f in 22 milliseconds
2024-01-17 07:57:40,722 [om1-OMDoubleBufferFlushThread] INFO  om.OmSnapshotManager (OmSnapshotManager.java:createOmSnapshotCheckpoint(463)) - Created checkpoint : /home/runner/work/ozone/ozone/hadoop-ozone/integration-test/target/test-dir/MiniOzoneClusterImpl-df80a8b8-78a2-47d1-a2cb-ee48e7cc81f7/ozone-meta/db.snapshots/checkpointState/om.db-e0df7564-da1b-4916-a0d0-046ed760dc0f for snapshot s20240117-075740.648
2024-01-17 07:57:40,723 [om1-OMStateMachineApplyTransactionThread - 0] WARN  snapshot.OMSnapshotCreateRequest (OMSnapshotCreateRequest.java:estimateBucketDataSize(337)) - DefaultReplicationConfig is not correctly set in OmBucketInfo for volume 'vol-a-79565' bucket 'bucket-b-2-90989'. Falling back to config default 'RATIS/THREE'
2024-01-17 07:57:40,723 [om1-OMStateMachineApplyTransactionThread - 0] INFO  snapshot.OMSnapshotCreateRequest (OMSnapshotCreateRequest.java:validateAndUpdateCache(218)) - Created snapshot: 's20240117-075740.706' with snapshotId: 'a032b504-2ea5-4db3-a286-b43cadcd8545' under path 'vol-a-79565/bucket-b-2-90989'
2024-01-17 07:57:40,724 [main] INFO  rpc.RpcClient (RpcClient.java:createBucket(683)) - Creating Bucket: vol-b-33677/bucket-b-2-58339, with server-side default bucket layout, runner as owner, Versioning false, Storage Type set to DISK and Encryption set to false, Replication Type set to server-side default replication type, Namespace Quota set to -1, Space Quota set to -1 
2024-01-17 07:57:40,726 [om1-OMStateMachineApplyTransactionThread - 0] INFO  bucket.OMBucketCreateRequest (OMBucketCreateRequest.java:validateAndUpdateCache(296)) - created bucket: bucket-b-2-58339 of layout FILE_SYSTEM_OPTIMIZED in volume: vol-b-33677
2024-01-17 07:57:40,726 [main] INFO  rpc.RpcClient (RpcClient.java:createBucket(683)) - Creating Bucket: vol-a-79565/bucket-b-3-65003, with server-side default bucket layout, runner as owner, Versioning false, Storage Type set to DISK and Encryption set to false, Replication Type set to server-side default replication type, Namespace Quota set to -1, Space Quota set to -1 
2024-01-17 07:57:40,728 [om1-OMStateMachineApplyTransactionThread - 0] INFO  bucket.OMBucketCreateRequest (OMBucketCreateRequest.java:validateAndUpdateCache(296)) - created bucket: bucket-b-3-65003 of layout FILE_SYSTEM_OPTIMIZED in volume: vol-a-79565
2024-01-17 07:57:40,740 [om1-OMDoubleBufferFlushThread] INFO  db.RDBCheckpointManager (RDBCheckpointManager.java:createCheckpoint(89)) - Created checkpoint in rocksDB at /home/runner/work/ozone/ozone/hadoop-ozone/integration-test/target/test-dir/MiniOzoneClusterImpl-df80a8b8-78a2-47d1-a2cb-ee48e7cc81f7/ozone-meta/db.snapshots/checkpointState/om.db-0f56cc2e-6ed8-45c0-9a63-767e28b2c965 in 15 milliseconds
2024-01-17 07:57:40,741 [om1-OMDoubleBufferFlushThread] INFO  om.OmSnapshotManager (OmSnapshotManager.java:createOmSnapshotCheckpoint(463)) - Created checkpoint : /home/runner/work/ozone/ozone/hadoop-ozone/integration-test/target/test-dir/MiniOzoneClusterImpl-df80a8b8-78a2-47d1-a2cb-ee48e7cc81f7/ozone-meta/db.snapshots/checkpointState/om.db-0f56cc2e-6ed8-45c0-9a63-767e28b2c965 for snapshot s20240117-075740.666
2024-01-17 07:57:40,743 [om1-OMStateMachineApplyTransactionThread - 0] WARN  snapshot.OMSnapshotCreateRequest (OMSnapshotCreateRequest.java:estimateBucketDataSize(337)) - DefaultReplicationConfig is not correctly set in OmBucketInfo for volume 'vol-a-79565' bucket 'bucket-b-3-65003'. Falling back to config default 'RATIS/THREE'
2024-01-17 07:57:40,744 [om1-OMStateMachineApplyTransactionThread - 0] INFO  snapshot.OMSnapshotCreateRequest (OMSnapshotCreateRequest.java:validateAndUpdateCache(218)) - Created snapshot: 's20240117-075740.729' with snapshotId: '0c766474-bbee-4c43-bd46-36a7411cdeec' under path 'vol-a-79565/bucket-b-3-65003'
2024-01-17 07:57:40,744 [main] INFO  rpc.RpcClient (RpcClient.java:createBucket(683)) - Creating Bucket: vol-b-33677/bucket-b-3-55242, with server-side default bucket layout, runner as owner, Versioning false, Storage Type set to DISK and Encryption set to false, Replication Type set to server-side default replication type, Namespace Quota set to -1, Space Quota set to -1 
2024-01-17 07:57:40,746 [om1-OMStateMachineApplyTransactionThread - 0] INFO  bucket.OMBucketCreateRequest (OMBucketCreateRequest.java:validateAndUpdateCache(296)) - created bucket: bucket-b-3-55242 of layout FILE_SYSTEM_OPTIMIZED in volume: vol-b-33677
2024-01-17 07:57:40,747 [main] INFO  rpc.RpcClient (RpcClient.java:createBucket(683)) - Creating Bucket: vol-a-79565/bucket-b-4-49925, with server-side default bucket layout, runner as owner, Versioning false, Storage Type set to DISK and Encryption set to false, Replication Type set to server-side default replication type, Namespace Quota set to -1, Space Quota set to -1 
2024-01-17 07:57:40,748 [om1-OMStateMachineApplyTransactionThread - 0] INFO  bucket.OMBucketCreateRequest (OMBucketCreateRequest.java:validateAndUpdateCache(296)) - created bucket: bucket-b-4-49925 of layout FILE_SYSTEM_OPTIMIZED in volume: vol-a-79565
2024-01-17 07:57:40,762 [om1-OMDoubleBufferFlushThread] INFO  db.RDBCheckpointManager (RDBCheckpointManager.java:createCheckpoint(89)) - Created checkpoint in rocksDB at /home/runner/work/ozone/ozone/hadoop-ozone/integration-test/target/test-dir/MiniOzoneClusterImpl-df80a8b8-78a2-47d1-a2cb-ee48e7cc81f7/ozone-meta/db.snapshots/checkpointState/om.db-f915dd76-1fe7-4657-9e4d-63d702e04063 in 19 milliseconds
2024-01-17 07:57:40,763 [om1-OMDoubleBufferFlushThread] INFO  om.OmSnapshotManager (OmSnapshotManager.java:createOmSnapshotCheckpoint(463)) - Created checkpoint : /home/runner/work/ozone/ozone/hadoop-ozone/integration-test/target/test-dir/MiniOzoneClusterImpl-df80a8b8-78a2-47d1-a2cb-ee48e7cc81f7/ozone-meta/db.snapshots/checkpointState/om.db-f915dd76-1fe7-4657-9e4d-63d702e04063 for snapshot s20240117-075740.686
2024-01-17 07:57:40,764 [om1-OMStateMachineApplyTransactionThread - 0] WARN  snapshot.OMSnapshotCreateRequest (OMSnapshotCreateRequest.java:estimateBucketDataSize(337)) - DefaultReplicationConfig is not correctly set in OmBucketInfo for volume 'vol-a-79565' bucket 'bucket-b-4-49925'. Falling back to config default 'RATIS/THREE'
2024-01-17 07:57:40,764 [om1-OMStateMachineApplyTransactionThread - 0] INFO  snapshot.OMSnapshotCreateRequest (OMSnapshotCreateRequest.java:validateAndUpdateCache(218)) - Created snapshot: 's20240117-075740.749' with snapshotId: '9f7a9fdb-9f49-4175-a072-51b793839722' under path 'vol-a-79565/bucket-b-4-49925'
2024-01-17 07:57:40,765 [main] INFO  rpc.RpcClient (RpcClient.java:createBucket(683)) - Creating Bucket: vol-b-33677/bucket-b-4-73644, with server-side default bucket layout, runner as owner, Versioning false, Storage Type set to DISK and Encryption set to false, Replication Type set to server-side default replication type, Namespace Quota set to -1, Space Quota set to -1 
2024-01-17 07:57:40,766 [om1-OMStateMachineApplyTransactionThread - 0] INFO  bucket.OMBucketCreateRequest (OMBucketCreateRequest.java:validateAndUpdateCache(296)) - created bucket: bucket-b-4-73644 of layout FILE_SYSTEM_OPTIMIZED in volume: vol-b-33677
2024-01-17 07:57:40,767 [main] INFO  rpc.RpcClient (RpcClient.java:createBucket(683)) - Creating Bucket: vol-a-79565/bucket-b-5-91124, with server-side default bucket layout, runner as owner, Versioning false, Storage Type set to DISK and Encryption set to false, Replication Type set to server-side default replication type, Namespace Quota set to -1, Space Quota set to -1 
2024-01-17 07:57:40,768 [om1-OMStateMachineApplyTransactionThread - 0] INFO  bucket.OMBucketCreateRequest (OMBucketCreateRequest.java:validateAndUpdateCache(296)) - created bucket: bucket-b-5-91124 of layout FILE_SYSTEM_OPTIMIZED in volume: vol-a-79565
2024-01-17 07:57:40,784 [om1-OMStateMachineApplyTransactionThread - 0] WARN  snapshot.OMSnapshotCreateRequest (OMSnapshotCreateRequest.java:estimateBucketDataSize(337)) - DefaultReplicationConfig is not correctly set in OmBucketInfo for volume 'vol-a-79565' bucket 'bucket-b-5-91124'. Falling back to config default 'RATIS/THREE'
2024-01-17 07:57:40,784 [om1-OMDoubleBufferFlushThread] INFO  db.RDBCheckpointManager (RDBCheckpointManager.java:createCheckpoint(89)) - Created checkpoint in rocksDB at /home/runner/work/ozone/ozone/hadoop-ozone/integration-test/target/test-dir/MiniOzoneClusterImpl-df80a8b8-78a2-47d1-a2cb-ee48e7cc81f7/ozone-meta/db.snapshots/checkpointState/om.db-a032b504-2ea5-4db3-a286-b43cadcd8545 in 18 milliseconds
2024-01-17 07:57:40,784 [om1-OMStateMachineApplyTransactionThread - 0] INFO  snapshot.OMSnapshotCreateRequest (OMSnapshotCreateRequest.java:validateAndUpdateCache(218)) - Created snapshot: 's20240117-075740.769' with snapshotId: 'a28e4c8d-b8c9-40d9-851f-e18b3ace98cd' under path 'vol-a-79565/bucket-b-5-91124'
2024-01-17 07:57:40,785 [om1-OMDoubleBufferFlushThread] INFO  om.OmSnapshotManager (OmSnapshotManager.java:createOmSnapshotCheckpoint(463)) - Created checkpoint : /home/runner/work/ozone/ozone/hadoop-ozone/integration-test/target/test-dir/MiniOzoneClusterImpl-df80a8b8-78a2-47d1-a2cb-ee48e7cc81f7/ozone-meta/db.snapshots/checkpointState/om.db-a032b504-2ea5-4db3-a286-b43cadcd8545 for snapshot s20240117-075740.706
2024-01-17 07:57:40,785 [main] INFO  rpc.RpcClient (RpcClient.java:createBucket(683)) - Creating Bucket: vol-b-33677/bucket-b-5-21731, with server-side default bucket layout, runner as owner, Versioning false, Storage Type set to DISK and Encryption set to false, Replication Type set to server-side default replication type, Namespace Quota set to -1, Space Quota set to -1 
2024-01-17 07:57:40,787 [om1-OMStateMachineApplyTransactionThread - 0] INFO  bucket.OMBucketCreateRequest (OMBucketCreateRequest.java:validateAndUpdateCache(296)) - created bucket: bucket-b-5-21731 of layout FILE_SYSTEM_OPTIMIZED in volume: vol-b-33677
2024-01-17 07:57:40,787 [main] INFO  rpc.RpcClient (RpcClient.java:createBucket(683)) - Creating Bucket: vol-a-79565/bucket-b-6-08556, with server-side default bucket layout, runner as owner, Versioning false, Storage Type set to DISK and Encryption set to false, Replication Type set to server-side default replication type, Namespace Quota set to -1, Space Quota set to -1 
2024-01-17 07:57:40,789 [om1-OMStateMachineApplyTransactionThread - 0] INFO  bucket.OMBucketCreateRequest (OMBucketCreateRequest.java:validateAndUpdateCache(296)) - created bucket: bucket-b-6-08556 of layout FILE_SYSTEM_OPTIMIZED in volume: vol-a-79565
2024-01-17 07:57:40,804 [om1-OMStateMachineApplyTransactionThread - 0] WARN  snapshot.OMSnapshotCreateRequest (OMSnapshotCreateRequest.java:estimateBucketDataSize(337)) - DefaultReplicationConfig is not correctly set in OmBucketInfo for volume 'vol-a-79565' bucket 'bucket-b-6-08556'. Falling back to config default 'RATIS/THREE'
2024-01-17 07:57:40,805 [om1-OMStateMachineApplyTransactionThread - 0] INFO  snapshot.OMSnapshotCreateRequest (OMSnapshotCreateRequest.java:validateAndUpdateCache(218)) - Created snapshot: 's20240117-075740.790' with snapshotId: '11a0f52a-33a5-48f7-928f-8550944dae11' under path 'vol-a-79565/bucket-b-6-08556'
2024-01-17 07:57:40,805 [om1-OMDoubleBufferFlushThread] INFO  db.RDBCheckpointManager (RDBCheckpointManager.java:createCheckpoint(89)) - Created checkpoint in rocksDB at /home/runner/work/ozone/ozone/hadoop-ozone/integration-test/target/test-dir/MiniOzoneClusterImpl-df80a8b8-78a2-47d1-a2cb-ee48e7cc81f7/ozone-meta/db.snapshots/checkpointState/om.db-0c766474-bbee-4c43-bd46-36a7411cdeec in 18 milliseconds
2024-01-17 07:57:40,806 [main] INFO  rpc.RpcClient (RpcClient.java:createBucket(683)) - Creating Bucket: vol-b-33677/bucket-b-6-26917, with server-side default bucket layout, runner as owner, Versioning false, Storage Type set to DISK and Encryption set to false, Replication Type set to server-side default replication type, Namespace Quota set to -1, Space Quota set to -1 
2024-01-17 07:57:40,806 [om1-OMDoubleBufferFlushThread] INFO  om.OmSnapshotManager (OmSnapshotManager.java:createOmSnapshotCheckpoint(463)) - Created checkpoint : /home/runner/work/ozone/ozone/hadoop-ozone/integration-test/target/test-dir/MiniOzoneClusterImpl-df80a8b8-78a2-47d1-a2cb-ee48e7cc81f7/ozone-meta/db.snapshots/checkpointState/om.db-0c766474-bbee-4c43-bd46-36a7411cdeec for snapshot s20240117-075740.729
2024-01-17 07:57:40,808 [om1-OMStateMachineApplyTransactionThread - 0] INFO  bucket.OMBucketCreateRequest (OMBucketCreateRequest.java:validateAndUpdateCache(296)) - created bucket: bucket-b-6-26917 of layout FILE_SYSTEM_OPTIMIZED in volume: vol-b-33677
2024-01-17 07:57:40,809 [main] INFO  rpc.RpcClient (RpcClient.java:createBucket(683)) - Creating Bucket: vol-a-79565/bucket-b-7-79496, with server-side default bucket layout, runner as owner, Versioning false, Storage Type set to DISK and Encryption set to false, Replication Type set to server-side default replication type, Namespace Quota set to -1, Space Quota set to -1 
2024-01-17 07:57:40,810 [om1-OMStateMachineApplyTransactionThread - 0] INFO  bucket.OMBucketCreateRequest (OMBucketCreateRequest.java:validateAndUpdateCache(296)) - created bucket: bucket-b-7-79496 of layout FILE_SYSTEM_OPTIMIZED in volume: vol-a-79565
2024-01-17 07:57:40,826 [om1-OMStateMachineApplyTransactionThread - 0] WARN  snapshot.OMSnapshotCreateRequest (OMSnapshotCreateRequest.java:estimateBucketDataSize(337)) - DefaultReplicationConfig is not correctly set in OmBucketInfo for volume 'vol-a-79565' bucket 'bucket-b-7-79496'. Falling back to config default 'RATIS/THREE'
2024-01-17 07:57:40,826 [om1-OMStateMachineApplyTransactionThread - 0] INFO  snapshot.OMSnapshotCreateRequest (OMSnapshotCreateRequest.java:validateAndUpdateCache(218)) - Created snapshot: 's20240117-075740.811' with snapshotId: '82fc2ab8-a90c-4c52-8e21-ee3c07a9e5b4' under path 'vol-a-79565/bucket-b-7-79496'
2024-01-17 07:57:40,827 [main] INFO  rpc.RpcClient (RpcClient.java:createBucket(683)) - Creating Bucket: vol-b-33677/bucket-b-7-62932, with server-side default bucket layout, runner as owner, Versioning false, Storage Type set to DISK and Encryption set to false, Replication Type set to server-side default replication type, Namespace Quota set to -1, Space Quota set to -1 
2024-01-17 07:57:40,829 [om1-OMDoubleBufferFlushThread] INFO  db.RDBCheckpointManager (RDBCheckpointManager.java:createCheckpoint(89)) - Created checkpoint in rocksDB at /home/runner/work/ozone/ozone/hadoop-ozone/integration-test/target/test-dir/MiniOzoneClusterImpl-df80a8b8-78a2-47d1-a2cb-ee48e7cc81f7/ozone-meta/db.snapshots/checkpointState/om.db-9f7a9fdb-9f49-4175-a072-51b793839722 in 21 milliseconds
2024-01-17 07:57:40,829 [om1-OMStateMachineApplyTransactionThread - 0] INFO  bucket.OMBucketCreateRequest (OMBucketCreateRequest.java:validateAndUpdateCache(296)) - created bucket: bucket-b-7-62932 of layout FILE_SYSTEM_OPTIMIZED in volume: vol-b-33677
2024-01-17 07:57:40,830 [om1-OMDoubleBufferFlushThread] INFO  om.OmSnapshotManager (OmSnapshotManager.java:createOmSnapshotCheckpoint(463)) - Created checkpoint : /home/runner/work/ozone/ozone/hadoop-ozone/integration-test/target/test-dir/MiniOzoneClusterImpl-df80a8b8-78a2-47d1-a2cb-ee48e7cc81f7/ozone-meta/db.snapshots/checkpointState/om.db-9f7a9fdb-9f49-4175-a072-51b793839722 for snapshot s20240117-075740.749
2024-01-17 07:57:40,830 [main] INFO  rpc.RpcClient (RpcClient.java:createBucket(683)) - Creating Bucket: vol-a-79565/bucket-b-8-34647, with server-side default bucket layout, runner as owner, Versioning false, Storage Type set to DISK and Encryption set to false, Replication Type set to server-side default replication type, Namespace Quota set to -1, Space Quota set to -1 
2024-01-17 07:57:40,831 [om1-OMStateMachineApplyTransactionThread - 0] INFO  bucket.OMBucketCreateRequest (OMBucketCreateRequest.java:validateAndUpdateCache(296)) - created bucket: bucket-b-8-34647 of layout FILE_SYSTEM_OPTIMIZED in volume: vol-a-79565
2024-01-17 07:57:40,846 [om1-OMStateMachineApplyTransactionThread - 0] WARN  snapshot.OMSnapshotCreateRequest (OMSnapshotCreateRequest.java:estimateBucketDataSize(337)) - DefaultReplicationConfig is not correctly set in OmBucketInfo for volume 'vol-a-79565' bucket 'bucket-b-8-34647'. Falling back to config default 'RATIS/THREE'
2024-01-17 07:57:40,846 [om1-OMStateMachineApplyTransactionThread - 0] INFO  snapshot.OMSnapshotCreateRequest (OMSnapshotCreateRequest.java:validateAndUpdateCache(218)) - Created snapshot: 's20240117-075740.832' with snapshotId: '2f3c76d9-c1c0-4539-8a81-4cf3effcf84c' under path 'vol-a-79565/bucket-b-8-34647'
2024-01-17 07:57:40,847 [main] INFO  rpc.RpcClient (RpcClient.java:createBucket(683)) - Creating Bucket: vol-b-33677/bucket-b-8-85210, with server-side default bucket layout, runner as owner, Versioning false, Storage Type set to DISK and Encryption set to false, Replication Type set to server-side default replication type, Namespace Quota set to -1, Space Quota set to -1 
2024-01-17 07:57:40,849 [om1-OMStateMachineApplyTransactionThread - 0] INFO  bucket.OMBucketCreateRequest (OMBucketCreateRequest.java:validateAndUpdateCache(296)) - created bucket: bucket-b-8-85210 of layout FILE_SYSTEM_OPTIMIZED in volume: vol-b-33677
2024-01-17 07:57:40,849 [main] INFO  rpc.RpcClient (RpcClient.java:createBucket(683)) - Creating Bucket: vol-a-79565/bucket-b-9-26840, with server-side default bucket layout, runner as owner, Versioning false, Storage Type set to DISK and Encryption set to false, Replication Type set to server-side default replication type, Namespace Quota set to -1, Space Quota set to -1 
2024-01-17 07:57:40,850 [om1-OMDoubleBufferFlushThread] INFO  db.RDBCheckpointManager (RDBCheckpointManager.java:createCheckpoint(89)) - Created checkpoint in rocksDB at /home/runner/work/ozone/ozone/hadoop-ozone/integration-test/target/test-dir/MiniOzoneClusterImpl-df80a8b8-78a2-47d1-a2cb-ee48e7cc81f7/ozone-meta/db.snapshots/checkpointState/om.db-a28e4c8d-b8c9-40d9-851f-e18b3ace98cd in 18 milliseconds
2024-01-17 07:57:40,850 [om1-OMDoubleBufferFlushThread] INFO  om.OmSnapshotManager (OmSnapshotManager.java:createOmSnapshotCheckpoint(463)) - Created checkpoint : /home/runner/work/ozone/ozone/hadoop-ozone/integration-test/target/test-dir/MiniOzoneClusterImpl-df80a8b8-78a2-47d1-a2cb-ee48e7cc81f7/ozone-meta/db.snapshots/checkpointState/om.db-a28e4c8d-b8c9-40d9-851f-e18b3ace98cd for snapshot s20240117-075740.769
2024-01-17 07:57:40,852 [om1-OMStateMachineApplyTransactionThread - 0] INFO  bucket.OMBucketCreateRequest (OMBucketCreateRequest.java:validateAndUpdateCache(296)) - created bucket: bucket-b-9-26840 of layout FILE_SYSTEM_OPTIMIZED in volume: vol-a-79565
2024-01-17 07:57:40,867 [om1-OMStateMachineApplyTransactionThread - 0] WARN  snapshot.OMSnapshotCreateRequest (OMSnapshotCreateRequest.java:estimateBucketDataSize(337)) - DefaultReplicationConfig is not correctly set in OmBucketInfo for volume 'vol-a-79565' bucket 'bucket-b-9-26840'. Falling back to config default 'RATIS/THREE'
2024-01-17 07:57:40,867 [om1-OMStateMachineApplyTransactionThread - 0] INFO  snapshot.OMSnapshotCreateRequest (OMSnapshotCreateRequest.java:validateAndUpdateCache(218)) - Created snapshot: 's20240117-075740.853' with snapshotId: 'b7cc2555-eeb5-4572-8006-0d11d169ec66' under path 'vol-a-79565/bucket-b-9-26840'
2024-01-17 07:57:40,868 [main] INFO  rpc.RpcClient (RpcClient.java:createBucket(683)) - Creating Bucket: vol-b-33677/bucket-b-9-31928, with server-side default bucket layout, runner as owner, Versioning false, Storage Type set to DISK and Encryption set to false, Replication Type set to server-side default replication type, Namespace Quota set to -1, Space Quota set to -1 
2024-01-17 07:57:40,869 [om1-OMDoubleBufferFlushThread] INFO  db.RDBCheckpointManager (RDBCheckpointManager.java:createCheckpoint(89)) - Created checkpoint in rocksDB at /home/runner/work/ozone/ozone/hadoop-ozone/integration-test/target/test-dir/MiniOzoneClusterImpl-df80a8b8-78a2-47d1-a2cb-ee48e7cc81f7/ozone-meta/db.snapshots/checkpointState/om.db-11a0f52a-33a5-48f7-928f-8550944dae11 in 16 milliseconds
2024-01-17 07:57:40,870 [om1-OMStateMachineApplyTransactionThread - 0] INFO  bucket.OMBucketCreateRequest (OMBucketCreateRequest.java:validateAndUpdateCache(296)) - created bucket: bucket-b-9-31928 of layout FILE_SYSTEM_OPTIMIZED in volume: vol-b-33677
2024-01-17 07:57:40,870 [om1-OMDoubleBufferFlushThread] INFO  om.OmSnapshotManager (OmSnapshotManager.java:createOmSnapshotCheckpoint(463)) - Created checkpoint : /home/runner/work/ozone/ozone/hadoop-ozone/integration-test/target/test-dir/MiniOzoneClusterImpl-df80a8b8-78a2-47d1-a2cb-ee48e7cc81f7/ozone-meta/db.snapshots/checkpointState/om.db-11a0f52a-33a5-48f7-928f-8550944dae11 for snapshot s20240117-075740.790
2024-01-17 07:57:40,896 [om1-OMDoubleBufferFlushThread] INFO  db.RDBCheckpointManager (RDBCheckpointManager.java:createCheckpoint(89)) - Created checkpoint in rocksDB at /home/runner/work/ozone/ozone/hadoop-ozone/integration-test/target/test-dir/MiniOzoneClusterImpl-df80a8b8-78a2-47d1-a2cb-ee48e7cc81f7/ozone-meta/db.snapshots/checkpointState/om.db-82fc2ab8-a90c-4c52-8e21-ee3c07a9e5b4 in 24 milliseconds
2024-01-17 07:57:40,897 [om1-OMDoubleBufferFlushThread] INFO  om.OmSnapshotManager (OmSnapshotManager.java:createOmSnapshotCheckpoint(463)) - Created checkpoint : /home/runner/work/ozone/ozone/hadoop-ozone/integration-test/target/test-dir/MiniOzoneClusterImpl-df80a8b8-78a2-47d1-a2cb-ee48e7cc81f7/ozone-meta/db.snapshots/checkpointState/om.db-82fc2ab8-a90c-4c52-8e21-ee3c07a9e5b4 for snapshot s20240117-075740.811
]]></system-out>
  </testcase>
  <testcase name="testListBucketsOnEmptyVolume" classname="org.apache.hadoop.ozone.client.rpc.TestOzoneRpcClientWithRatis" time="0.004">
    <system-out><![CDATA[2024-01-17 07:57:40,901 [main] INFO  rpc.RpcClient (RpcClient.java:createVolume(456)) - Creating Volume: vol-empty, with runner as owner and space quota set to -1 bytes, counts quota set to -1
2024-01-17 07:57:40,902 [om1-OMStateMachineApplyTransactionThread - 0] INFO  volume.OMVolumeCreateRequest (OMVolumeCreateRequest.java:validateAndUpdateCache(198)) - created volume:vol-empty for user:runner
]]></system-out>
  </testcase>
  <testcase name="testListBucketsReplicationConfig" classname="org.apache.hadoop.ozone.client.rpc.TestOzoneRpcClientWithRatis" time="0.011">
    <system-out><![CDATA[2024-01-17 07:57:40,905 [main] INFO  rpc.RpcClient (RpcClient.java:createVolume(456)) - Creating Volume: b21760fa-6bc4-40dd-b3ed-2840590ec9c3, with runner as owner and space quota set to -1 bytes, counts quota set to -1
2024-01-17 07:57:40,906 [om1-OMStateMachineApplyTransactionThread - 0] INFO  volume.OMVolumeCreateRequest (OMVolumeCreateRequest.java:validateAndUpdateCache(198)) - created volume:b21760fa-6bc4-40dd-b3ed-2840590ec9c3 for user:runner
2024-01-17 07:57:40,908 [main] INFO  rpc.RpcClient (RpcClient.java:createBucket(683)) - Creating Bucket: b21760fa-6bc4-40dd-b3ed-2840590ec9c3/a5348808-a5c8-4656-89eb-8fe8576bae8e, with server-side default bucket layout, runner as owner, Versioning false, Storage Type set to DISK and Encryption set to false, Replication Type set to server-side default replication type, Namespace Quota set to -1, Space Quota set to -1 
2024-01-17 07:57:40,909 [om1-OMStateMachineApplyTransactionThread - 0] INFO  bucket.OMBucketCreateRequest (OMBucketCreateRequest.java:validateAndUpdateCache(296)) - created bucket: a5348808-a5c8-4656-89eb-8fe8576bae8e of layout FILE_SYSTEM_OPTIMIZED in volume: b21760fa-6bc4-40dd-b3ed-2840590ec9c3
2024-01-17 07:57:40,910 [main] INFO  rpc.RpcClient (RpcClient.java:createBucket(683)) - Creating Bucket: b21760fa-6bc4-40dd-b3ed-2840590ec9c3/ed6c80f6-715f-4187-a4c7-da795207c6aa, with server-side default bucket layout, runner as owner, Versioning false, Storage Type set to DISK and Encryption set to false, Replication Type set to EC, Namespace Quota set to -1, Space Quota set to -1 
2024-01-17 07:57:40,912 [om1-OMStateMachineApplyTransactionThread - 0] INFO  bucket.OMBucketCreateRequest (OMBucketCreateRequest.java:validateAndUpdateCache(296)) - created bucket: ed6c80f6-715f-4187-a4c7-da795207c6aa of layout FILE_SYSTEM_OPTIMIZED in volume: b21760fa-6bc4-40dd-b3ed-2840590ec9c3
2024-01-17 07:57:40,913 [main] INFO  rpc.RpcClient (RpcClient.java:createBucket(683)) - Creating Bucket: b21760fa-6bc4-40dd-b3ed-2840590ec9c3/eee5aac6-fb10-49aa-903a-0bc1bb2ac4a2, with server-side default bucket layout, runner as owner, Versioning false, Storage Type set to DISK and Encryption set to false, Replication Type set to RATIS, Namespace Quota set to -1, Space Quota set to -1 
2024-01-17 07:57:40,915 [om1-OMStateMachineApplyTransactionThread - 0] INFO  bucket.OMBucketCreateRequest (OMBucketCreateRequest.java:validateAndUpdateCache(296)) - created bucket: eee5aac6-fb10-49aa-903a-0bc1bb2ac4a2 of layout FILE_SYSTEM_OPTIMIZED in volume: b21760fa-6bc4-40dd-b3ed-2840590ec9c3
]]></system-out>
  </testcase>
  <testcase name="testListKey" classname="org.apache.hadoop.ozone.client.rpc.TestOzoneRpcClientWithRatis" time="0.934">
    <system-out><![CDATA[2024-01-17 07:57:40,917 [main] INFO  rpc.RpcClient (RpcClient.java:createVolume(456)) - Creating Volume: vol-a-63316, with runner as owner and space quota set to -1 bytes, counts quota set to -1
2024-01-17 07:57:40,918 [om1-OMDoubleBufferFlushThread] INFO  db.RDBCheckpointManager (RDBCheckpointManager.java:createCheckpoint(89)) - Created checkpoint in rocksDB at /home/runner/work/ozone/ozone/hadoop-ozone/integration-test/target/test-dir/MiniOzoneClusterImpl-df80a8b8-78a2-47d1-a2cb-ee48e7cc81f7/ozone-meta/db.snapshots/checkpointState/om.db-2f3c76d9-c1c0-4539-8a81-4cf3effcf84c in 18 milliseconds
2024-01-17 07:57:40,919 [om1-OMStateMachineApplyTransactionThread - 0] INFO  volume.OMVolumeCreateRequest (OMVolumeCreateRequest.java:validateAndUpdateCache(198)) - created volume:vol-a-63316 for user:runner
2024-01-17 07:57:40,919 [om1-OMDoubleBufferFlushThread] INFO  om.OmSnapshotManager (OmSnapshotManager.java:createOmSnapshotCheckpoint(463)) - Created checkpoint : /home/runner/work/ozone/ozone/hadoop-ozone/integration-test/target/test-dir/MiniOzoneClusterImpl-df80a8b8-78a2-47d1-a2cb-ee48e7cc81f7/ozone-meta/db.snapshots/checkpointState/om.db-2f3c76d9-c1c0-4539-8a81-4cf3effcf84c for snapshot s20240117-075740.832
2024-01-17 07:57:40,919 [main] INFO  rpc.RpcClient (RpcClient.java:createVolume(456)) - Creating Volume: vol-b-77268, with runner as owner and space quota set to -1 bytes, counts quota set to -1
2024-01-17 07:57:40,920 [om1-OMStateMachineApplyTransactionThread - 0] INFO  volume.OMVolumeCreateRequest (OMVolumeCreateRequest.java:validateAndUpdateCache(198)) - created volume:vol-b-77268 for user:runner
2024-01-17 07:57:40,922 [main] INFO  rpc.RpcClient (RpcClient.java:createBucket(683)) - Creating Bucket: vol-a-63316/buc-a-94079, with server-side default bucket layout, runner as owner, Versioning false, Storage Type set to DISK and Encryption set to false, Replication Type set to server-side default replication type, Namespace Quota set to -1, Space Quota set to -1 
2024-01-17 07:57:40,923 [om1-OMStateMachineApplyTransactionThread - 0] INFO  bucket.OMBucketCreateRequest (OMBucketCreateRequest.java:validateAndUpdateCache(296)) - created bucket: buc-a-94079 of layout FILE_SYSTEM_OPTIMIZED in volume: vol-a-63316
2024-01-17 07:57:40,924 [main] INFO  rpc.RpcClient (RpcClient.java:createBucket(683)) - Creating Bucket: vol-a-63316/buc-b-97222, with server-side default bucket layout, runner as owner, Versioning false, Storage Type set to DISK and Encryption set to false, Replication Type set to server-side default replication type, Namespace Quota set to -1, Space Quota set to -1 
2024-01-17 07:57:40,925 [om1-OMStateMachineApplyTransactionThread - 0] INFO  bucket.OMBucketCreateRequest (OMBucketCreateRequest.java:validateAndUpdateCache(296)) - created bucket: buc-b-97222 of layout FILE_SYSTEM_OPTIMIZED in volume: vol-a-63316
2024-01-17 07:57:40,925 [main] INFO  rpc.RpcClient (RpcClient.java:createBucket(683)) - Creating Bucket: vol-b-77268/buc-a-94079, with server-side default bucket layout, runner as owner, Versioning false, Storage Type set to DISK and Encryption set to false, Replication Type set to server-side default replication type, Namespace Quota set to -1, Space Quota set to -1 
2024-01-17 07:57:40,926 [om1-OMStateMachineApplyTransactionThread - 0] INFO  bucket.OMBucketCreateRequest (OMBucketCreateRequest.java:validateAndUpdateCache(296)) - created bucket: buc-a-94079 of layout FILE_SYSTEM_OPTIMIZED in volume: vol-b-77268
2024-01-17 07:57:40,927 [main] INFO  rpc.RpcClient (RpcClient.java:createBucket(683)) - Creating Bucket: vol-b-77268/buc-b-97222, with server-side default bucket layout, runner as owner, Versioning false, Storage Type set to DISK and Encryption set to false, Replication Type set to server-side default replication type, Namespace Quota set to -1, Space Quota set to -1 
2024-01-17 07:57:40,928 [om1-OMStateMachineApplyTransactionThread - 0] INFO  bucket.OMBucketCreateRequest (OMBucketCreateRequest.java:validateAndUpdateCache(296)) - created bucket: buc-b-97222 of layout FILE_SYSTEM_OPTIMIZED in volume: vol-b-77268
2024-01-17 07:57:40,945 [om1-OMDoubleBufferFlushThread] INFO  db.RDBCheckpointManager (RDBCheckpointManager.java:createCheckpoint(89)) - Created checkpoint in rocksDB at /home/runner/work/ozone/ozone/hadoop-ozone/integration-test/target/test-dir/MiniOzoneClusterImpl-df80a8b8-78a2-47d1-a2cb-ee48e7cc81f7/ozone-meta/db.snapshots/checkpointState/om.db-b7cc2555-eeb5-4572-8006-0d11d169ec66 in 24 milliseconds
2024-01-17 07:57:40,945 [om1-OMDoubleBufferFlushThread] INFO  om.OmSnapshotManager (OmSnapshotManager.java:createOmSnapshotCheckpoint(463)) - Created checkpoint : /home/runner/work/ozone/ozone/hadoop-ozone/integration-test/target/test-dir/MiniOzoneClusterImpl-df80a8b8-78a2-47d1-a2cb-ee48e7cc81f7/ozone-meta/db.snapshots/checkpointState/om.db-b7cc2555-eeb5-4572-8006-0d11d169ec66 for snapshot s20240117-075740.853
07:57:41.813 [IPC Server handler 10 on default port 15004] ERROR OMAudit - user=runner | ip=127.0.0.1 | op=GET_FILE_STATUS {volume=vol-a-63316, bucket=buc-a-94079, key=key-, dataSize=0, replicationConfig=null} | ret=FAILURE
org.apache.hadoop.ozone.om.exceptions.OMException: Unable to get file status: volume: vol-a-63316 bucket: buc-a-94079 key: key-
	at org.apache.hadoop.ozone.om.KeyManagerImpl.getOzoneFileStatusFSO(KeyManagerImpl.java:1386) ~[ozone-manager-1.5.0-SNAPSHOT.jar:?]
	at org.apache.hadoop.ozone.om.KeyManagerImpl.getFileStatus(KeyManagerImpl.java:1170) ~[ozone-manager-1.5.0-SNAPSHOT.jar:?]
	at org.apache.hadoop.ozone.om.OmMetadataReader.getFileStatus(OmMetadataReader.java:279) ~[ozone-manager-1.5.0-SNAPSHOT.jar:?]
	at org.apache.hadoop.ozone.om.OzoneManager.getFileStatus(OzoneManager.java:3634) ~[ozone-manager-1.5.0-SNAPSHOT.jar:?]
	at org.apache.hadoop.ozone.protocolPB.OzoneManagerRequestHandler.getOzoneFileStatus(OzoneManagerRequestHandler.java:1045) ~[ozone-manager-1.5.0-SNAPSHOT.jar:?]
	at org.apache.hadoop.ozone.protocolPB.OzoneManagerRequestHandler.handleReadRequest(OzoneManagerRequestHandler.java:268) ~[ozone-manager-1.5.0-SNAPSHOT.jar:?]
	at org.apache.hadoop.ozone.protocolPB.OzoneManagerProtocolServerSideTranslatorPB.submitReadRequestToOM(OzoneManagerProtocolServerSideTranslatorPB.java:259) ~[ozone-manager-1.5.0-SNAPSHOT.jar:?]
	at org.apache.hadoop.ozone.protocolPB.OzoneManagerProtocolServerSideTranslatorPB.internalProcessRequest(OzoneManagerProtocolServerSideTranslatorPB.java:205) ~[ozone-manager-1.5.0-SNAPSHOT.jar:?]
	at org.apache.hadoop.ozone.protocolPB.OzoneManagerProtocolServerSideTranslatorPB.processRequest(OzoneManagerProtocolServerSideTranslatorPB.java:165) ~[ozone-manager-1.5.0-SNAPSHOT.jar:?]
	at org.apache.hadoop.hdds.server.OzoneProtocolMessageDispatcher.processRequest(OzoneProtocolMessageDispatcher.java:89) [hdds-server-framework-1.5.0-SNAPSHOT.jar:?]
	at org.apache.hadoop.ozone.protocolPB.OzoneManagerProtocolServerSideTranslatorPB.submitRequest(OzoneManagerProtocolServerSideTranslatorPB.java:156) [ozone-manager-1.5.0-SNAPSHOT.jar:?]
	at org.apache.hadoop.ozone.protocol.proto.OzoneManagerProtocolProtos$OzoneManagerService$2.callBlockingMethod(OzoneManagerProtocolProtos.java) [ozone-interface-client-1.5.0-SNAPSHOT.jar:?]
	at org.apache.hadoop.ipc.ProtobufRpcEngine$Server.processCall(ProtobufRpcEngine.java:484) [hadoop-common-3.3.6.jar:?]
	at org.apache.hadoop.ipc.ProtobufRpcEngine2$Server$ProtoBufRpcInvoker.call(ProtobufRpcEngine2.java:595) [hadoop-common-3.3.6.jar:?]
	at org.apache.hadoop.ipc.ProtobufRpcEngine2$Server$ProtoBufRpcInvoker.call(ProtobufRpcEngine2.java:573) [hadoop-common-3.3.6.jar:?]
	at org.apache.hadoop.ipc.RPC$Server.call(RPC.java:1227) [hadoop-common-3.3.6.jar:?]
	at org.apache.hadoop.ipc.Server$RpcCall.run(Server.java:1094) [hadoop-common-3.3.6.jar:?]
	at org.apache.hadoop.ipc.Server$RpcCall.run(Server.java:1017) [hadoop-common-3.3.6.jar:?]
	at java.security.AccessController.doPrivileged(Native Method) ~[?:1.8.0_392]
	at javax.security.auth.Subject.doAs(Subject.java:422) [?:1.8.0_392]
	at org.apache.hadoop.security.UserGroupInformation.doAs(UserGroupInformation.java:1899) [hadoop-common-3.3.6.jar:?]
	at org.apache.hadoop.ipc.Server$Handler.run(Server.java:3048) [hadoop-common-3.3.6.jar:?]
07:57:41.822 [IPC Server handler 8 on default port 15004] ERROR OMAudit - user=runner | ip=127.0.0.1 | op=GET_FILE_STATUS {volume=vol-a-63316, bucket=buc-b-97222, key=key-, dataSize=0, replicationConfig=null} | ret=FAILURE
org.apache.hadoop.ozone.om.exceptions.OMException: Unable to get file status: volume: vol-a-63316 bucket: buc-b-97222 key: key-
	at org.apache.hadoop.ozone.om.KeyManagerImpl.getOzoneFileStatusFSO(KeyManagerImpl.java:1386) ~[ozone-manager-1.5.0-SNAPSHOT.jar:?]
	at org.apache.hadoop.ozone.om.KeyManagerImpl.getFileStatus(KeyManagerImpl.java:1170) ~[ozone-manager-1.5.0-SNAPSHOT.jar:?]
	at org.apache.hadoop.ozone.om.OmMetadataReader.getFileStatus(OmMetadataReader.java:279) ~[ozone-manager-1.5.0-SNAPSHOT.jar:?]
	at org.apache.hadoop.ozone.om.OzoneManager.getFileStatus(OzoneManager.java:3634) ~[ozone-manager-1.5.0-SNAPSHOT.jar:?]
	at org.apache.hadoop.ozone.protocolPB.OzoneManagerRequestHandler.getOzoneFileStatus(OzoneManagerRequestHandler.java:1045) ~[ozone-manager-1.5.0-SNAPSHOT.jar:?]
	at org.apache.hadoop.ozone.protocolPB.OzoneManagerRequestHandler.handleReadRequest(OzoneManagerRequestHandler.java:268) ~[ozone-manager-1.5.0-SNAPSHOT.jar:?]
	at org.apache.hadoop.ozone.protocolPB.OzoneManagerProtocolServerSideTranslatorPB.submitReadRequestToOM(OzoneManagerProtocolServerSideTranslatorPB.java:259) ~[ozone-manager-1.5.0-SNAPSHOT.jar:?]
	at org.apache.hadoop.ozone.protocolPB.OzoneManagerProtocolServerSideTranslatorPB.internalProcessRequest(OzoneManagerProtocolServerSideTranslatorPB.java:205) ~[ozone-manager-1.5.0-SNAPSHOT.jar:?]
	at org.apache.hadoop.ozone.protocolPB.OzoneManagerProtocolServerSideTranslatorPB.processRequest(OzoneManagerProtocolServerSideTranslatorPB.java:165) ~[ozone-manager-1.5.0-SNAPSHOT.jar:?]
	at org.apache.hadoop.hdds.server.OzoneProtocolMessageDispatcher.processRequest(OzoneProtocolMessageDispatcher.java:89) [hdds-server-framework-1.5.0-SNAPSHOT.jar:?]
	at org.apache.hadoop.ozone.protocolPB.OzoneManagerProtocolServerSideTranslatorPB.submitRequest(OzoneManagerProtocolServerSideTranslatorPB.java:156) [ozone-manager-1.5.0-SNAPSHOT.jar:?]
	at org.apache.hadoop.ozone.protocol.proto.OzoneManagerProtocolProtos$OzoneManagerService$2.callBlockingMethod(OzoneManagerProtocolProtos.java) [ozone-interface-client-1.5.0-SNAPSHOT.jar:?]
	at org.apache.hadoop.ipc.ProtobufRpcEngine$Server.processCall(ProtobufRpcEngine.java:484) [hadoop-common-3.3.6.jar:?]
	at org.apache.hadoop.ipc.ProtobufRpcEngine2$Server$ProtoBufRpcInvoker.call(ProtobufRpcEngine2.java:595) [hadoop-common-3.3.6.jar:?]
	at org.apache.hadoop.ipc.ProtobufRpcEngine2$Server$ProtoBufRpcInvoker.call(ProtobufRpcEngine2.java:573) [hadoop-common-3.3.6.jar:?]
	at org.apache.hadoop.ipc.RPC$Server.call(RPC.java:1227) [hadoop-common-3.3.6.jar:?]
	at org.apache.hadoop.ipc.Server$RpcCall.run(Server.java:1094) [hadoop-common-3.3.6.jar:?]
	at org.apache.hadoop.ipc.Server$RpcCall.run(Server.java:1017) [hadoop-common-3.3.6.jar:?]
	at java.security.AccessController.doPrivileged(Native Method) ~[?:1.8.0_392]
	at javax.security.auth.Subject.doAs(Subject.java:422) [?:1.8.0_392]
	at org.apache.hadoop.security.UserGroupInformation.doAs(UserGroupInformation.java:1899) [hadoop-common-3.3.6.jar:?]
	at org.apache.hadoop.ipc.Server$Handler.run(Server.java:3048) [hadoop-common-3.3.6.jar:?]
07:57:41.828 [IPC Server handler 3 on default port 15004] ERROR OMAudit - user=runner | ip=127.0.0.1 | op=GET_FILE_STATUS {volume=vol-b-77268, bucket=buc-a-94079, key=key-, dataSize=0, replicationConfig=null} | ret=FAILURE
org.apache.hadoop.ozone.om.exceptions.OMException: Unable to get file status: volume: vol-b-77268 bucket: buc-a-94079 key: key-
	at org.apache.hadoop.ozone.om.KeyManagerImpl.getOzoneFileStatusFSO(KeyManagerImpl.java:1386) ~[ozone-manager-1.5.0-SNAPSHOT.jar:?]
	at org.apache.hadoop.ozone.om.KeyManagerImpl.getFileStatus(KeyManagerImpl.java:1170) ~[ozone-manager-1.5.0-SNAPSHOT.jar:?]
	at org.apache.hadoop.ozone.om.OmMetadataReader.getFileStatus(OmMetadataReader.java:279) ~[ozone-manager-1.5.0-SNAPSHOT.jar:?]
	at org.apache.hadoop.ozone.om.OzoneManager.getFileStatus(OzoneManager.java:3634) ~[ozone-manager-1.5.0-SNAPSHOT.jar:?]
	at org.apache.hadoop.ozone.protocolPB.OzoneManagerRequestHandler.getOzoneFileStatus(OzoneManagerRequestHandler.java:1045) ~[ozone-manager-1.5.0-SNAPSHOT.jar:?]
	at org.apache.hadoop.ozone.protocolPB.OzoneManagerRequestHandler.handleReadRequest(OzoneManagerRequestHandler.java:268) ~[ozone-manager-1.5.0-SNAPSHOT.jar:?]
	at org.apache.hadoop.ozone.protocolPB.OzoneManagerProtocolServerSideTranslatorPB.submitReadRequestToOM(OzoneManagerProtocolServerSideTranslatorPB.java:259) ~[ozone-manager-1.5.0-SNAPSHOT.jar:?]
	at org.apache.hadoop.ozone.protocolPB.OzoneManagerProtocolServerSideTranslatorPB.internalProcessRequest(OzoneManagerProtocolServerSideTranslatorPB.java:205) ~[ozone-manager-1.5.0-SNAPSHOT.jar:?]
	at org.apache.hadoop.ozone.protocolPB.OzoneManagerProtocolServerSideTranslatorPB.processRequest(OzoneManagerProtocolServerSideTranslatorPB.java:165) ~[ozone-manager-1.5.0-SNAPSHOT.jar:?]
	at org.apache.hadoop.hdds.server.OzoneProtocolMessageDispatcher.processRequest(OzoneProtocolMessageDispatcher.java:89) [hdds-server-framework-1.5.0-SNAPSHOT.jar:?]
	at org.apache.hadoop.ozone.protocolPB.OzoneManagerProtocolServerSideTranslatorPB.submitRequest(OzoneManagerProtocolServerSideTranslatorPB.java:156) [ozone-manager-1.5.0-SNAPSHOT.jar:?]
	at org.apache.hadoop.ozone.protocol.proto.OzoneManagerProtocolProtos$OzoneManagerService$2.callBlockingMethod(OzoneManagerProtocolProtos.java) [ozone-interface-client-1.5.0-SNAPSHOT.jar:?]
	at org.apache.hadoop.ipc.ProtobufRpcEngine$Server.processCall(ProtobufRpcEngine.java:484) [hadoop-common-3.3.6.jar:?]
	at org.apache.hadoop.ipc.ProtobufRpcEngine2$Server$ProtoBufRpcInvoker.call(ProtobufRpcEngine2.java:595) [hadoop-common-3.3.6.jar:?]
	at org.apache.hadoop.ipc.ProtobufRpcEngine2$Server$ProtoBufRpcInvoker.call(ProtobufRpcEngine2.java:573) [hadoop-common-3.3.6.jar:?]
	at org.apache.hadoop.ipc.RPC$Server.call(RPC.java:1227) [hadoop-common-3.3.6.jar:?]
	at org.apache.hadoop.ipc.Server$RpcCall.run(Server.java:1094) [hadoop-common-3.3.6.jar:?]
	at org.apache.hadoop.ipc.Server$RpcCall.run(Server.java:1017) [hadoop-common-3.3.6.jar:?]
	at java.security.AccessController.doPrivileged(Native Method) ~[?:1.8.0_392]
	at javax.security.auth.Subject.doAs(Subject.java:422) [?:1.8.0_392]
	at org.apache.hadoop.security.UserGroupInformation.doAs(UserGroupInformation.java:1899) [hadoop-common-3.3.6.jar:?]
	at org.apache.hadoop.ipc.Server$Handler.run(Server.java:3048) [hadoop-common-3.3.6.jar:?]
07:57:41.835 [IPC Server handler 6 on default port 15004] ERROR OMAudit - user=runner | ip=127.0.0.1 | op=GET_FILE_STATUS {volume=vol-b-77268, bucket=buc-b-97222, key=key-, dataSize=0, replicationConfig=null} | ret=FAILURE
org.apache.hadoop.ozone.om.exceptions.OMException: Unable to get file status: volume: vol-b-77268 bucket: buc-b-97222 key: key-
	at org.apache.hadoop.ozone.om.KeyManagerImpl.getOzoneFileStatusFSO(KeyManagerImpl.java:1386) ~[ozone-manager-1.5.0-SNAPSHOT.jar:?]
	at org.apache.hadoop.ozone.om.KeyManagerImpl.getFileStatus(KeyManagerImpl.java:1170) ~[ozone-manager-1.5.0-SNAPSHOT.jar:?]
	at org.apache.hadoop.ozone.om.OmMetadataReader.getFileStatus(OmMetadataReader.java:279) ~[ozone-manager-1.5.0-SNAPSHOT.jar:?]
	at org.apache.hadoop.ozone.om.OzoneManager.getFileStatus(OzoneManager.java:3634) ~[ozone-manager-1.5.0-SNAPSHOT.jar:?]
	at org.apache.hadoop.ozone.protocolPB.OzoneManagerRequestHandler.getOzoneFileStatus(OzoneManagerRequestHandler.java:1045) ~[ozone-manager-1.5.0-SNAPSHOT.jar:?]
	at org.apache.hadoop.ozone.protocolPB.OzoneManagerRequestHandler.handleReadRequest(OzoneManagerRequestHandler.java:268) ~[ozone-manager-1.5.0-SNAPSHOT.jar:?]
	at org.apache.hadoop.ozone.protocolPB.OzoneManagerProtocolServerSideTranslatorPB.submitReadRequestToOM(OzoneManagerProtocolServerSideTranslatorPB.java:259) ~[ozone-manager-1.5.0-SNAPSHOT.jar:?]
	at org.apache.hadoop.ozone.protocolPB.OzoneManagerProtocolServerSideTranslatorPB.internalProcessRequest(OzoneManagerProtocolServerSideTranslatorPB.java:205) ~[ozone-manager-1.5.0-SNAPSHOT.jar:?]
	at org.apache.hadoop.ozone.protocolPB.OzoneManagerProtocolServerSideTranslatorPB.processRequest(OzoneManagerProtocolServerSideTranslatorPB.java:165) ~[ozone-manager-1.5.0-SNAPSHOT.jar:?]
	at org.apache.hadoop.hdds.server.OzoneProtocolMessageDispatcher.processRequest(OzoneProtocolMessageDispatcher.java:89) [hdds-server-framework-1.5.0-SNAPSHOT.jar:?]
	at org.apache.hadoop.ozone.protocolPB.OzoneManagerProtocolServerSideTranslatorPB.submitRequest(OzoneManagerProtocolServerSideTranslatorPB.java:156) [ozone-manager-1.5.0-SNAPSHOT.jar:?]
	at org.apache.hadoop.ozone.protocol.proto.OzoneManagerProtocolProtos$OzoneManagerService$2.callBlockingMethod(OzoneManagerProtocolProtos.java) [ozone-interface-client-1.5.0-SNAPSHOT.jar:?]
	at org.apache.hadoop.ipc.ProtobufRpcEngine$Server.processCall(ProtobufRpcEngine.java:484) [hadoop-common-3.3.6.jar:?]
	at org.apache.hadoop.ipc.ProtobufRpcEngine2$Server$ProtoBufRpcInvoker.call(ProtobufRpcEngine2.java:595) [hadoop-common-3.3.6.jar:?]
	at org.apache.hadoop.ipc.ProtobufRpcEngine2$Server$ProtoBufRpcInvoker.call(ProtobufRpcEngine2.java:573) [hadoop-common-3.3.6.jar:?]
	at org.apache.hadoop.ipc.RPC$Server.call(RPC.java:1227) [hadoop-common-3.3.6.jar:?]
	at org.apache.hadoop.ipc.Server$RpcCall.run(Server.java:1094) [hadoop-common-3.3.6.jar:?]
	at org.apache.hadoop.ipc.Server$RpcCall.run(Server.java:1017) [hadoop-common-3.3.6.jar:?]
	at java.security.AccessController.doPrivileged(Native Method) ~[?:1.8.0_392]
	at javax.security.auth.Subject.doAs(Subject.java:422) [?:1.8.0_392]
	at org.apache.hadoop.security.UserGroupInformation.doAs(UserGroupInformation.java:1899) [hadoop-common-3.3.6.jar:?]
	at org.apache.hadoop.ipc.Server$Handler.run(Server.java:3048) [hadoop-common-3.3.6.jar:?]
07:57:41.842 [IPC Server handler 5 on default port 15004] ERROR OMAudit - user=runner | ip=127.0.0.1 | op=GET_FILE_STATUS {volume=vol-a-63316, bucket=buc-a-94079, key=key-a-, dataSize=0, replicationConfig=null} | ret=FAILURE
org.apache.hadoop.ozone.om.exceptions.OMException: Unable to get file status: volume: vol-a-63316 bucket: buc-a-94079 key: key-a-
	at org.apache.hadoop.ozone.om.KeyManagerImpl.getOzoneFileStatusFSO(KeyManagerImpl.java:1386) ~[ozone-manager-1.5.0-SNAPSHOT.jar:?]
	at org.apache.hadoop.ozone.om.KeyManagerImpl.getFileStatus(KeyManagerImpl.java:1170) ~[ozone-manager-1.5.0-SNAPSHOT.jar:?]
	at org.apache.hadoop.ozone.om.OmMetadataReader.getFileStatus(OmMetadataReader.java:279) ~[ozone-manager-1.5.0-SNAPSHOT.jar:?]
	at org.apache.hadoop.ozone.om.OzoneManager.getFileStatus(OzoneManager.java:3634) ~[ozone-manager-1.5.0-SNAPSHOT.jar:?]
	at org.apache.hadoop.ozone.protocolPB.OzoneManagerRequestHandler.getOzoneFileStatus(OzoneManagerRequestHandler.java:1045) ~[ozone-manager-1.5.0-SNAPSHOT.jar:?]
	at org.apache.hadoop.ozone.protocolPB.OzoneManagerRequestHandler.handleReadRequest(OzoneManagerRequestHandler.java:268) ~[ozone-manager-1.5.0-SNAPSHOT.jar:?]
	at org.apache.hadoop.ozone.protocolPB.OzoneManagerProtocolServerSideTranslatorPB.submitReadRequestToOM(OzoneManagerProtocolServerSideTranslatorPB.java:259) ~[ozone-manager-1.5.0-SNAPSHOT.jar:?]
	at org.apache.hadoop.ozone.protocolPB.OzoneManagerProtocolServerSideTranslatorPB.internalProcessRequest(OzoneManagerProtocolServerSideTranslatorPB.java:205) ~[ozone-manager-1.5.0-SNAPSHOT.jar:?]
	at org.apache.hadoop.ozone.protocolPB.OzoneManagerProtocolServerSideTranslatorPB.processRequest(OzoneManagerProtocolServerSideTranslatorPB.java:165) ~[ozone-manager-1.5.0-SNAPSHOT.jar:?]
	at org.apache.hadoop.hdds.server.OzoneProtocolMessageDispatcher.processRequest(OzoneProtocolMessageDispatcher.java:89) [hdds-server-framework-1.5.0-SNAPSHOT.jar:?]
	at org.apache.hadoop.ozone.protocolPB.OzoneManagerProtocolServerSideTranslatorPB.submitRequest(OzoneManagerProtocolServerSideTranslatorPB.java:156) [ozone-manager-1.5.0-SNAPSHOT.jar:?]
	at org.apache.hadoop.ozone.protocol.proto.OzoneManagerProtocolProtos$OzoneManagerService$2.callBlockingMethod(OzoneManagerProtocolProtos.java) [ozone-interface-client-1.5.0-SNAPSHOT.jar:?]
	at org.apache.hadoop.ipc.ProtobufRpcEngine$Server.processCall(ProtobufRpcEngine.java:484) [hadoop-common-3.3.6.jar:?]
	at org.apache.hadoop.ipc.ProtobufRpcEngine2$Server$ProtoBufRpcInvoker.call(ProtobufRpcEngine2.java:595) [hadoop-common-3.3.6.jar:?]
	at org.apache.hadoop.ipc.ProtobufRpcEngine2$Server$ProtoBufRpcInvoker.call(ProtobufRpcEngine2.java:573) [hadoop-common-3.3.6.jar:?]
	at org.apache.hadoop.ipc.RPC$Server.call(RPC.java:1227) [hadoop-common-3.3.6.jar:?]
	at org.apache.hadoop.ipc.Server$RpcCall.run(Server.java:1094) [hadoop-common-3.3.6.jar:?]
	at org.apache.hadoop.ipc.Server$RpcCall.run(Server.java:1017) [hadoop-common-3.3.6.jar:?]
	at java.security.AccessController.doPrivileged(Native Method) ~[?:1.8.0_392]
	at javax.security.auth.Subject.doAs(Subject.java:422) [?:1.8.0_392]
	at org.apache.hadoop.security.UserGroupInformation.doAs(UserGroupInformation.java:1899) [hadoop-common-3.3.6.jar:?]
	at org.apache.hadoop.ipc.Server$Handler.run(Server.java:3048) [hadoop-common-3.3.6.jar:?]
07:57:41.849 [IPC Server handler 18 on default port 15004] ERROR OMAudit - user=runner | ip=127.0.0.1 | op=GET_FILE_STATUS {volume=vol-a-63316, bucket=buc-a-94079, key=key-b-, dataSize=0, replicationConfig=null} | ret=FAILURE
org.apache.hadoop.ozone.om.exceptions.OMException: Unable to get file status: volume: vol-a-63316 bucket: buc-a-94079 key: key-b-
	at org.apache.hadoop.ozone.om.KeyManagerImpl.getOzoneFileStatusFSO(KeyManagerImpl.java:1386) ~[ozone-manager-1.5.0-SNAPSHOT.jar:?]
	at org.apache.hadoop.ozone.om.KeyManagerImpl.getFileStatus(KeyManagerImpl.java:1170) ~[ozone-manager-1.5.0-SNAPSHOT.jar:?]
	at org.apache.hadoop.ozone.om.OmMetadataReader.getFileStatus(OmMetadataReader.java:279) ~[ozone-manager-1.5.0-SNAPSHOT.jar:?]
	at org.apache.hadoop.ozone.om.OzoneManager.getFileStatus(OzoneManager.java:3634) ~[ozone-manager-1.5.0-SNAPSHOT.jar:?]
	at org.apache.hadoop.ozone.protocolPB.OzoneManagerRequestHandler.getOzoneFileStatus(OzoneManagerRequestHandler.java:1045) ~[ozone-manager-1.5.0-SNAPSHOT.jar:?]
	at org.apache.hadoop.ozone.protocolPB.OzoneManagerRequestHandler.handleReadRequest(OzoneManagerRequestHandler.java:268) ~[ozone-manager-1.5.0-SNAPSHOT.jar:?]
	at org.apache.hadoop.ozone.protocolPB.OzoneManagerProtocolServerSideTranslatorPB.submitReadRequestToOM(OzoneManagerProtocolServerSideTranslatorPB.java:259) ~[ozone-manager-1.5.0-SNAPSHOT.jar:?]
	at org.apache.hadoop.ozone.protocolPB.OzoneManagerProtocolServerSideTranslatorPB.internalProcessRequest(OzoneManagerProtocolServerSideTranslatorPB.java:205) ~[ozone-manager-1.5.0-SNAPSHOT.jar:?]
	at org.apache.hadoop.ozone.protocolPB.OzoneManagerProtocolServerSideTranslatorPB.processRequest(OzoneManagerProtocolServerSideTranslatorPB.java:165) ~[ozone-manager-1.5.0-SNAPSHOT.jar:?]
	at org.apache.hadoop.hdds.server.OzoneProtocolMessageDispatcher.processRequest(OzoneProtocolMessageDispatcher.java:89) [hdds-server-framework-1.5.0-SNAPSHOT.jar:?]
	at org.apache.hadoop.ozone.protocolPB.OzoneManagerProtocolServerSideTranslatorPB.submitRequest(OzoneManagerProtocolServerSideTranslatorPB.java:156) [ozone-manager-1.5.0-SNAPSHOT.jar:?]
	at org.apache.hadoop.ozone.protocol.proto.OzoneManagerProtocolProtos$OzoneManagerService$2.callBlockingMethod(OzoneManagerProtocolProtos.java) [ozone-interface-client-1.5.0-SNAPSHOT.jar:?]
	at org.apache.hadoop.ipc.ProtobufRpcEngine$Server.processCall(ProtobufRpcEngine.java:484) [hadoop-common-3.3.6.jar:?]
	at org.apache.hadoop.ipc.ProtobufRpcEngine2$Server$ProtoBufRpcInvoker.call(ProtobufRpcEngine2.java:595) [hadoop-common-3.3.6.jar:?]
	at org.apache.hadoop.ipc.ProtobufRpcEngine2$Server$ProtoBufRpcInvoker.call(ProtobufRpcEngine2.java:573) [hadoop-common-3.3.6.jar:?]
	at org.apache.hadoop.ipc.RPC$Server.call(RPC.java:1227) [hadoop-common-3.3.6.jar:?]
	at org.apache.hadoop.ipc.Server$RpcCall.run(Server.java:1094) [hadoop-common-3.3.6.jar:?]
	at org.apache.hadoop.ipc.Server$RpcCall.run(Server.java:1017) [hadoop-common-3.3.6.jar:?]
	at java.security.AccessController.doPrivileged(Native Method) ~[?:1.8.0_392]
	at javax.security.auth.Subject.doAs(Subject.java:422) [?:1.8.0_392]
	at org.apache.hadoop.security.UserGroupInformation.doAs(UserGroupInformation.java:1899) [hadoop-common-3.3.6.jar:?]
	at org.apache.hadoop.ipc.Server$Handler.run(Server.java:3048) [hadoop-common-3.3.6.jar:?]
]]></system-out>
  </testcase>
  <testcase name="testListKeyOnEmptyBucket" classname="org.apache.hadoop.ozone.client.rpc.TestOzoneRpcClientWithRatis" time="0.008">
    <system-out><![CDATA[2024-01-17 07:57:41,852 [main] INFO  rpc.RpcClient (RpcClient.java:createVolume(456)) - Creating Volume: vol-12336, with runner as owner and space quota set to -1 bytes, counts quota set to -1
2024-01-17 07:57:41,854 [om1-OMStateMachineApplyTransactionThread - 0] INFO  volume.OMVolumeCreateRequest (OMVolumeCreateRequest.java:validateAndUpdateCache(198)) - created volume:vol-12336 for user:runner
2024-01-17 07:57:41,856 [main] INFO  rpc.RpcClient (RpcClient.java:createBucket(683)) - Creating Bucket: vol-12336/buc-51724, with server-side default bucket layout, runner as owner, Versioning false, Storage Type set to DISK and Encryption set to false, Replication Type set to server-side default replication type, Namespace Quota set to -1, Space Quota set to -1 
2024-01-17 07:57:41,857 [om1-OMStateMachineApplyTransactionThread - 0] INFO  bucket.OMBucketCreateRequest (OMBucketCreateRequest.java:validateAndUpdateCache(296)) - created bucket: buc-51724 of layout FILE_SYSTEM_OPTIMIZED in volume: vol-12336
]]></system-out>
  </testcase>
  <testcase name="testListMultipartUploadParts(ReplicationConfig)[1]" classname="org.apache.hadoop.ozone.client.rpc.TestOzoneRpcClientWithRatis" time="0.136">
    <system-out><![CDATA[2024-01-17 07:57:41,862 [main] INFO  rpc.RpcClient (RpcClient.java:createVolume(456)) - Creating Volume: e4683110-4317-4100-8678-cf927231da18, with runner as owner and space quota set to -1 bytes, counts quota set to -1
2024-01-17 07:57:41,864 [om1-OMStateMachineApplyTransactionThread - 0] INFO  volume.OMVolumeCreateRequest (OMVolumeCreateRequest.java:validateAndUpdateCache(198)) - created volume:e4683110-4317-4100-8678-cf927231da18 for user:runner
2024-01-17 07:57:41,865 [main] INFO  rpc.RpcClient (RpcClient.java:createBucket(683)) - Creating Bucket: e4683110-4317-4100-8678-cf927231da18/41fa1042-7d62-40a8-bce1-52ad09858c72, with server-side default bucket layout, runner as owner, Versioning false, Storage Type set to DISK and Encryption set to false, Replication Type set to server-side default replication type, Namespace Quota set to -1, Space Quota set to -1 
2024-01-17 07:57:41,866 [om1-OMStateMachineApplyTransactionThread - 0] INFO  bucket.OMBucketCreateRequest (OMBucketCreateRequest.java:validateAndUpdateCache(296)) - created bucket: 41fa1042-7d62-40a8-bce1-52ad09858c72 of layout FILE_SYSTEM_OPTIMIZED in volume: e4683110-4317-4100-8678-cf927231da18
2024-01-17 07:57:41,992 [IPC Server handler 16 on default port 15004] DEBUG db.CodecBuffer (CodecBuffer.java:setCapacity(328)) - setCapacity: 4096 -> 4587, max=2147483647
]]></system-out>
  </testcase>
  <testcase name="testListMultipartUploadParts(ReplicationConfig)[2]" classname="org.apache.hadoop.ozone.client.rpc.TestOzoneRpcClientWithRatis" time="0.223">
    <system-out><![CDATA[2024-01-17 07:57:41,999 [main] INFO  rpc.RpcClient (RpcClient.java:createVolume(456)) - Creating Volume: faa669c3-ece1-4efb-8db8-7fc1cbcb16c0, with runner as owner and space quota set to -1 bytes, counts quota set to -1
2024-01-17 07:57:42,000 [om1-OMStateMachineApplyTransactionThread - 0] INFO  volume.OMVolumeCreateRequest (OMVolumeCreateRequest.java:validateAndUpdateCache(198)) - created volume:faa669c3-ece1-4efb-8db8-7fc1cbcb16c0 for user:runner
2024-01-17 07:57:42,002 [main] INFO  rpc.RpcClient (RpcClient.java:createBucket(683)) - Creating Bucket: faa669c3-ece1-4efb-8db8-7fc1cbcb16c0/2fef6fef-c303-4b7b-b27b-c4f7c9340956, with server-side default bucket layout, runner as owner, Versioning false, Storage Type set to DISK and Encryption set to false, Replication Type set to server-side default replication type, Namespace Quota set to -1, Space Quota set to -1 
2024-01-17 07:57:42,003 [om1-OMStateMachineApplyTransactionThread - 0] INFO  bucket.OMBucketCreateRequest (OMBucketCreateRequest.java:validateAndUpdateCache(296)) - created bucket: 2fef6fef-c303-4b7b-b27b-c4f7c9340956 of layout FILE_SYSTEM_OPTIMIZED in volume: faa669c3-ece1-4efb-8db8-7fc1cbcb16c0
2024-01-17 07:57:42,218 [om1-OMStateMachineApplyTransactionThread - 0] DEBUG db.CodecBuffer (CodecBuffer.java:setCapacity(328)) - setCapacity: 4096 -> 5779, max=2147483647
2024-01-17 07:57:42,220 [IPC Server handler 13 on default port 15004] DEBUG db.CodecBuffer (CodecBuffer.java:setCapacity(328)) - setCapacity: 4096 -> 8622, max=2147483647
]]></system-out>
  </testcase>
  <testcase name="testListMultipartUploadParts(ReplicationConfig)[3]" classname="org.apache.hadoop.ozone.client.rpc.TestOzoneRpcClientWithRatis" time="0.153">
    <system-out><![CDATA[2024-01-17 07:57:42,222 [main] INFO  rpc.RpcClient (RpcClient.java:createVolume(456)) - Creating Volume: a6715a1f-e445-44e5-a18d-ff3069fa78da, with runner as owner and space quota set to -1 bytes, counts quota set to -1
2024-01-17 07:57:42,223 [om1-OMStateMachineApplyTransactionThread - 0] INFO  volume.OMVolumeCreateRequest (OMVolumeCreateRequest.java:validateAndUpdateCache(198)) - created volume:a6715a1f-e445-44e5-a18d-ff3069fa78da for user:runner
2024-01-17 07:57:42,224 [main] INFO  rpc.RpcClient (RpcClient.java:createBucket(683)) - Creating Bucket: a6715a1f-e445-44e5-a18d-ff3069fa78da/b93ccc6f-3eb9-4a4f-ac48-b4e4f91a3925, with server-side default bucket layout, runner as owner, Versioning false, Storage Type set to DISK and Encryption set to false, Replication Type set to server-side default replication type, Namespace Quota set to -1, Space Quota set to -1 
2024-01-17 07:57:42,227 [om1-OMStateMachineApplyTransactionThread - 0] INFO  bucket.OMBucketCreateRequest (OMBucketCreateRequest.java:validateAndUpdateCache(296)) - created bucket: b93ccc6f-3eb9-4a4f-ac48-b4e4f91a3925 of layout FILE_SYSTEM_OPTIMIZED in volume: a6715a1f-e445-44e5-a18d-ff3069fa78da
2024-01-17 07:57:42,371 [om1-OMStateMachineApplyTransactionThread - 0] DEBUG db.CodecBuffer (CodecBuffer.java:setCapacity(328)) - setCapacity: 4096 -> 4587, max=2147483647
2024-01-17 07:57:42,373 [IPC Server handler 5 on default port 15004] DEBUG db.CodecBuffer (CodecBuffer.java:setCapacity(328)) - setCapacity: 4096 -> 6827, max=2147483647
]]></system-out>
  </testcase>
  <testcase name="testListMultipartUploadPartsWithContinuation(ReplicationConfig)[1]" classname="org.apache.hadoop.ozone.client.rpc.TestOzoneRpcClientWithRatis" time="0.113">
    <system-out><![CDATA[2024-01-17 07:57:42,376 [main] INFO  rpc.RpcClient (RpcClient.java:createVolume(456)) - Creating Volume: 38e055ad-3894-4f35-807e-8f5270743819, with runner as owner and space quota set to -1 bytes, counts quota set to -1
2024-01-17 07:57:42,378 [om1-OMStateMachineApplyTransactionThread - 0] INFO  volume.OMVolumeCreateRequest (OMVolumeCreateRequest.java:validateAndUpdateCache(198)) - created volume:38e055ad-3894-4f35-807e-8f5270743819 for user:runner
2024-01-17 07:57:42,379 [main] INFO  rpc.RpcClient (RpcClient.java:createBucket(683)) - Creating Bucket: 38e055ad-3894-4f35-807e-8f5270743819/fec53299-e98b-4b40-9874-2fede8915657, with server-side default bucket layout, runner as owner, Versioning false, Storage Type set to DISK and Encryption set to false, Replication Type set to server-side default replication type, Namespace Quota set to -1, Space Quota set to -1 
2024-01-17 07:57:42,380 [om1-OMStateMachineApplyTransactionThread - 0] INFO  bucket.OMBucketCreateRequest (OMBucketCreateRequest.java:validateAndUpdateCache(296)) - created bucket: fec53299-e98b-4b40-9874-2fede8915657 of layout FILE_SYSTEM_OPTIMIZED in volume: 38e055ad-3894-4f35-807e-8f5270743819
2024-01-17 07:57:42,487 [IPC Server handler 9 on default port 15004] DEBUG db.CodecBuffer (CodecBuffer.java:setCapacity(328)) - setCapacity: 4096 -> 4587, max=2147483647
2024-01-17 07:57:42,488 [IPC Server handler 7 on default port 15004] DEBUG db.CodecBuffer (CodecBuffer.java:setCapacity(328)) - setCapacity: 4096 -> 4587, max=2147483647
]]></system-out>
  </testcase>
  <testcase name="testListMultipartUploadPartsWithContinuation(ReplicationConfig)[2]" classname="org.apache.hadoop.ozone.client.rpc.TestOzoneRpcClientWithRatis" time="0.187">
    <system-out><![CDATA[2024-01-17 07:57:42,490 [main] INFO  rpc.RpcClient (RpcClient.java:createVolume(456)) - Creating Volume: a234c197-74cf-4c0c-ad73-2cefe07ca25a, with runner as owner and space quota set to -1 bytes, counts quota set to -1
2024-01-17 07:57:42,492 [om1-OMStateMachineApplyTransactionThread - 0] INFO  volume.OMVolumeCreateRequest (OMVolumeCreateRequest.java:validateAndUpdateCache(198)) - created volume:a234c197-74cf-4c0c-ad73-2cefe07ca25a for user:runner
2024-01-17 07:57:42,494 [main] INFO  rpc.RpcClient (RpcClient.java:createBucket(683)) - Creating Bucket: a234c197-74cf-4c0c-ad73-2cefe07ca25a/8e077f50-ba61-404a-a9fd-b8bf22bef88d, with server-side default bucket layout, runner as owner, Versioning false, Storage Type set to DISK and Encryption set to false, Replication Type set to server-side default replication type, Namespace Quota set to -1, Space Quota set to -1 
2024-01-17 07:57:42,496 [om1-OMStateMachineApplyTransactionThread - 0] INFO  bucket.OMBucketCreateRequest (OMBucketCreateRequest.java:validateAndUpdateCache(296)) - created bucket: 8e077f50-ba61-404a-a9fd-b8bf22bef88d of layout FILE_SYSTEM_OPTIMIZED in volume: a234c197-74cf-4c0c-ad73-2cefe07ca25a
2024-01-17 07:57:42,673 [om1-OMStateMachineApplyTransactionThread - 0] DEBUG db.CodecBuffer (CodecBuffer.java:setCapacity(328)) - setCapacity: 4096 -> 5781, max=2147483647
2024-01-17 07:57:42,676 [IPC Server handler 6 on default port 15004] DEBUG db.CodecBuffer (CodecBuffer.java:setCapacity(328)) - setCapacity: 4096 -> 8622, max=2147483647
2024-01-17 07:57:42,677 [IPC Server handler 9 on default port 15004] DEBUG db.CodecBuffer (CodecBuffer.java:setCapacity(328)) - setCapacity: 4096 -> 8622, max=2147483647
]]></system-out>
  </testcase>
  <testcase name="testListMultipartUploadPartsWithContinuation(ReplicationConfig)[3]" classname="org.apache.hadoop.ozone.client.rpc.TestOzoneRpcClientWithRatis" time="0.141">
    <system-out><![CDATA[2024-01-17 07:57:42,679 [main] INFO  rpc.RpcClient (RpcClient.java:createVolume(456)) - Creating Volume: ee4c3a2f-9d35-4f0f-82b6-451afd8878f7, with runner as owner and space quota set to -1 bytes, counts quota set to -1
2024-01-17 07:57:42,680 [om1-OMStateMachineApplyTransactionThread - 0] INFO  volume.OMVolumeCreateRequest (OMVolumeCreateRequest.java:validateAndUpdateCache(198)) - created volume:ee4c3a2f-9d35-4f0f-82b6-451afd8878f7 for user:runner
2024-01-17 07:57:42,681 [main] INFO  rpc.RpcClient (RpcClient.java:createBucket(683)) - Creating Bucket: ee4c3a2f-9d35-4f0f-82b6-451afd8878f7/38ad56ed-0bd8-408d-ad56-ab168fbfeaf3, with server-side default bucket layout, runner as owner, Versioning false, Storage Type set to DISK and Encryption set to false, Replication Type set to server-side default replication type, Namespace Quota set to -1, Space Quota set to -1 
2024-01-17 07:57:42,683 [om1-OMStateMachineApplyTransactionThread - 0] INFO  bucket.OMBucketCreateRequest (OMBucketCreateRequest.java:validateAndUpdateCache(296)) - created bucket: 38ad56ed-0bd8-408d-ad56-ab168fbfeaf3 of layout FILE_SYSTEM_OPTIMIZED in volume: ee4c3a2f-9d35-4f0f-82b6-451afd8878f7
2024-01-17 07:57:42,815 [om1-OMStateMachineApplyTransactionThread - 0] DEBUG db.CodecBuffer (CodecBuffer.java:setCapacity(328)) - setCapacity: 4096 -> 4586, max=2147483647
2024-01-17 07:57:42,817 [IPC Server handler 1 on default port 15004] DEBUG db.CodecBuffer (CodecBuffer.java:setCapacity(328)) - setCapacity: 4096 -> 6826, max=2147483647
2024-01-17 07:57:42,818 [IPC Server handler 3 on default port 15004] DEBUG db.CodecBuffer (CodecBuffer.java:setCapacity(328)) - setCapacity: 4096 -> 6826, max=2147483647
]]></system-out>
  </testcase>
  <testcase name="testListPartsInvalidInput(int, int, String)[1]" classname="org.apache.hadoop.ozone.client.rpc.TestOzoneRpcClientWithRatis" time="0.012">
    <system-out><![CDATA[2024-01-17 07:57:42,846 [main] INFO  rpc.RpcClient (RpcClient.java:createVolume(456)) - Creating Volume: da43e7a1-f4d1-4061-983b-f69d3fc3b311, with runner as owner and space quota set to -1 bytes, counts quota set to -1
2024-01-17 07:57:42,847 [om1-OMStateMachineApplyTransactionThread - 0] INFO  volume.OMVolumeCreateRequest (OMVolumeCreateRequest.java:validateAndUpdateCache(198)) - created volume:da43e7a1-f4d1-4061-983b-f69d3fc3b311 for user:runner
2024-01-17 07:57:42,849 [main] INFO  rpc.RpcClient (RpcClient.java:createBucket(683)) - Creating Bucket: da43e7a1-f4d1-4061-983b-f69d3fc3b311/08dc5a98-ddb6-4041-be11-a4a3ec86705e, with server-side default bucket layout, runner as owner, Versioning false, Storage Type set to DISK and Encryption set to false, Replication Type set to server-side default replication type, Namespace Quota set to -1, Space Quota set to -1 
2024-01-17 07:57:42,851 [om1-OMStateMachineApplyTransactionThread - 0] INFO  bucket.OMBucketCreateRequest (OMBucketCreateRequest.java:validateAndUpdateCache(296)) - created bucket: 08dc5a98-ddb6-4041-be11-a4a3ec86705e of layout FILE_SYSTEM_OPTIMIZED in volume: da43e7a1-f4d1-4061-983b-f69d3fc3b311
]]></system-out>
  </testcase>
  <testcase name="testListPartsInvalidInput(int, int, String)[2]" classname="org.apache.hadoop.ozone.client.rpc.TestOzoneRpcClientWithRatis" time="0.006">
    <system-out><![CDATA[2024-01-17 07:57:42,858 [main] INFO  rpc.RpcClient (RpcClient.java:createVolume(456)) - Creating Volume: 94fc5efb-9ad3-42ad-a6ca-0baeb054c761, with runner as owner and space quota set to -1 bytes, counts quota set to -1
2024-01-17 07:57:42,860 [om1-OMStateMachineApplyTransactionThread - 0] INFO  volume.OMVolumeCreateRequest (OMVolumeCreateRequest.java:validateAndUpdateCache(198)) - created volume:94fc5efb-9ad3-42ad-a6ca-0baeb054c761 for user:runner
2024-01-17 07:57:42,861 [main] INFO  rpc.RpcClient (RpcClient.java:createBucket(683)) - Creating Bucket: 94fc5efb-9ad3-42ad-a6ca-0baeb054c761/7d4bbdca-8430-4e8e-b464-9918de79eb4f, with server-side default bucket layout, runner as owner, Versioning false, Storage Type set to DISK and Encryption set to false, Replication Type set to server-side default replication type, Namespace Quota set to -1, Space Quota set to -1 
2024-01-17 07:57:42,863 [om1-OMStateMachineApplyTransactionThread - 0] INFO  bucket.OMBucketCreateRequest (OMBucketCreateRequest.java:validateAndUpdateCache(296)) - created bucket: 7d4bbdca-8430-4e8e-b464-9918de79eb4f of layout FILE_SYSTEM_OPTIMIZED in volume: 94fc5efb-9ad3-42ad-a6ca-0baeb054c761
]]></system-out>
  </testcase>
  <testcase name="testListPartsWithInvalidUploadID" classname="org.apache.hadoop.ozone.client.rpc.TestOzoneRpcClientWithRatis" time="0.008">
    <system-out><![CDATA[2024-01-17 07:57:42,865 [main] INFO  rpc.RpcClient (RpcClient.java:createVolume(456)) - Creating Volume: 08cd9b35-7cfb-41cd-8c4d-c5c3f8ac35c3, with runner as owner and space quota set to -1 bytes, counts quota set to -1
2024-01-17 07:57:42,868 [om1-OMStateMachineApplyTransactionThread - 0] INFO  volume.OMVolumeCreateRequest (OMVolumeCreateRequest.java:validateAndUpdateCache(198)) - created volume:08cd9b35-7cfb-41cd-8c4d-c5c3f8ac35c3 for user:runner
2024-01-17 07:57:42,869 [main] INFO  rpc.RpcClient (RpcClient.java:createBucket(683)) - Creating Bucket: 08cd9b35-7cfb-41cd-8c4d-c5c3f8ac35c3/8096ff35-97b9-4c72-91d6-6206b482e758, with server-side default bucket layout, runner as owner, Versioning false, Storage Type set to DISK and Encryption set to false, Replication Type set to server-side default replication type, Namespace Quota set to -1, Space Quota set to -1 
2024-01-17 07:57:42,870 [om1-OMStateMachineApplyTransactionThread - 0] INFO  bucket.OMBucketCreateRequest (OMBucketCreateRequest.java:validateAndUpdateCache(296)) - created bucket: 8096ff35-97b9-4c72-91d6-6206b482e758 of layout FILE_SYSTEM_OPTIMIZED in volume: 08cd9b35-7cfb-41cd-8c4d-c5c3f8ac35c3
07:57:42.872 [IPC Server handler 16 on default port 15004] ERROR OMAudit - user=runner | ip=127.0.0.1 | op=LIST_MULTIPART_UPLOAD_PARTS {volume=08cd9b35-7cfb-41cd-8c4d-c5c3f8ac35c3, bucket=8096ff35-97b9-4c72-91d6-6206b482e758, key=e11d920a-6283-46f9-a13c-a4255c1c3923, uploadID=random, partNumberMarker=100, maxParts=2} | ret=FAILURE
org.apache.hadoop.ozone.om.exceptions.OMException: No Such Multipart upload exists for this key.
	at org.apache.hadoop.ozone.om.KeyManagerImpl.listParts(KeyManagerImpl.java:799) ~[ozone-manager-1.5.0-SNAPSHOT.jar:?]
	at org.apache.hadoop.ozone.om.OzoneManager.listParts(OzoneManager.java:3587) ~[ozone-manager-1.5.0-SNAPSHOT.jar:?]
	at org.apache.hadoop.ozone.protocolPB.OzoneManagerRequestHandler.listParts(OzoneManagerRequestHandler.java:957) ~[ozone-manager-1.5.0-SNAPSHOT.jar:?]
	at org.apache.hadoop.ozone.protocolPB.OzoneManagerRequestHandler.handleReadRequest(OzoneManagerRequestHandler.java:244) ~[ozone-manager-1.5.0-SNAPSHOT.jar:?]
	at org.apache.hadoop.ozone.protocolPB.OzoneManagerProtocolServerSideTranslatorPB.submitReadRequestToOM(OzoneManagerProtocolServerSideTranslatorPB.java:259) ~[ozone-manager-1.5.0-SNAPSHOT.jar:?]
	at org.apache.hadoop.ozone.protocolPB.OzoneManagerProtocolServerSideTranslatorPB.internalProcessRequest(OzoneManagerProtocolServerSideTranslatorPB.java:205) ~[ozone-manager-1.5.0-SNAPSHOT.jar:?]
	at org.apache.hadoop.ozone.protocolPB.OzoneManagerProtocolServerSideTranslatorPB.processRequest(OzoneManagerProtocolServerSideTranslatorPB.java:165) ~[ozone-manager-1.5.0-SNAPSHOT.jar:?]
	at org.apache.hadoop.hdds.server.OzoneProtocolMessageDispatcher.processRequest(OzoneProtocolMessageDispatcher.java:89) [hdds-server-framework-1.5.0-SNAPSHOT.jar:?]
	at org.apache.hadoop.ozone.protocolPB.OzoneManagerProtocolServerSideTranslatorPB.submitRequest(OzoneManagerProtocolServerSideTranslatorPB.java:156) [ozone-manager-1.5.0-SNAPSHOT.jar:?]
	at org.apache.hadoop.ozone.protocol.proto.OzoneManagerProtocolProtos$OzoneManagerService$2.callBlockingMethod(OzoneManagerProtocolProtos.java) [ozone-interface-client-1.5.0-SNAPSHOT.jar:?]
	at org.apache.hadoop.ipc.ProtobufRpcEngine$Server.processCall(ProtobufRpcEngine.java:484) [hadoop-common-3.3.6.jar:?]
	at org.apache.hadoop.ipc.ProtobufRpcEngine2$Server$ProtoBufRpcInvoker.call(ProtobufRpcEngine2.java:595) [hadoop-common-3.3.6.jar:?]
	at org.apache.hadoop.ipc.ProtobufRpcEngine2$Server$ProtoBufRpcInvoker.call(ProtobufRpcEngine2.java:573) [hadoop-common-3.3.6.jar:?]
	at org.apache.hadoop.ipc.RPC$Server.call(RPC.java:1227) [hadoop-common-3.3.6.jar:?]
	at org.apache.hadoop.ipc.Server$RpcCall.run(Server.java:1094) [hadoop-common-3.3.6.jar:?]
	at org.apache.hadoop.ipc.Server$RpcCall.run(Server.java:1017) [hadoop-common-3.3.6.jar:?]
	at java.security.AccessController.doPrivileged(Native Method) ~[?:1.8.0_392]
	at javax.security.auth.Subject.doAs(Subject.java:422) [?:1.8.0_392]
	at org.apache.hadoop.security.UserGroupInformation.doAs(UserGroupInformation.java:1899) [hadoop-common-3.3.6.jar:?]
	at org.apache.hadoop.ipc.Server$Handler.run(Server.java:3048) [hadoop-common-3.3.6.jar:?]
]]></system-out>
  </testcase>
  <testcase name="testListPartsWithPartMarkerGreaterThanPartCount" classname="org.apache.hadoop.ozone.client.rpc.TestOzoneRpcClientWithRatis" time="0.045">
    <system-out><![CDATA[2024-01-17 07:57:42,875 [main] INFO  rpc.RpcClient (RpcClient.java:createVolume(456)) - Creating Volume: 7b9401ab-baca-4bb1-ac14-5c0e8bfc3bb6, with runner as owner and space quota set to -1 bytes, counts quota set to -1
2024-01-17 07:57:42,876 [om1-OMStateMachineApplyTransactionThread - 0] INFO  volume.OMVolumeCreateRequest (OMVolumeCreateRequest.java:validateAndUpdateCache(198)) - created volume:7b9401ab-baca-4bb1-ac14-5c0e8bfc3bb6 for user:runner
2024-01-17 07:57:42,877 [main] INFO  rpc.RpcClient (RpcClient.java:createBucket(683)) - Creating Bucket: 7b9401ab-baca-4bb1-ac14-5c0e8bfc3bb6/d79c55d6-80b9-4c9b-b517-d445d67a8a6a, with server-side default bucket layout, runner as owner, Versioning false, Storage Type set to DISK and Encryption set to false, Replication Type set to server-side default replication type, Namespace Quota set to -1, Space Quota set to -1 
2024-01-17 07:57:42,879 [om1-OMStateMachineApplyTransactionThread - 0] INFO  bucket.OMBucketCreateRequest (OMBucketCreateRequest.java:validateAndUpdateCache(296)) - created bucket: d79c55d6-80b9-4c9b-b517-d445d67a8a6a of layout FILE_SYSTEM_OPTIMIZED in volume: 7b9401ab-baca-4bb1-ac14-5c0e8bfc3bb6
]]></system-out>
  </testcase>
  <testcase name="testListVolume" classname="org.apache.hadoop.ozone.client.rpc.TestOzoneRpcClientWithRatis" time="0.06">
    <system-out><![CDATA[2024-01-17 07:57:42,921 [main] INFO  rpc.RpcClient (RpcClient.java:createVolume(456)) - Creating Volume: vol-list-a-0-56761, with runner as owner and space quota set to -1 bytes, counts quota set to -1
2024-01-17 07:57:42,926 [om1-OMStateMachineApplyTransactionThread - 0] INFO  volume.OMVolumeCreateRequest (OMVolumeCreateRequest.java:validateAndUpdateCache(198)) - created volume:vol-list-a-0-56761 for user:runner
2024-01-17 07:57:42,927 [main] INFO  rpc.RpcClient (RpcClient.java:createVolume(456)) - Creating Volume: vol-list-a-1-48968, with runner as owner and space quota set to -1 bytes, counts quota set to -1
2024-01-17 07:57:42,929 [om1-OMStateMachineApplyTransactionThread - 0] INFO  volume.OMVolumeCreateRequest (OMVolumeCreateRequest.java:validateAndUpdateCache(198)) - created volume:vol-list-a-1-48968 for user:runner
2024-01-17 07:57:42,929 [main] INFO  rpc.RpcClient (RpcClient.java:createVolume(456)) - Creating Volume: vol-list-a-2-02667, with runner as owner and space quota set to -1 bytes, counts quota set to -1
2024-01-17 07:57:42,931 [om1-OMStateMachineApplyTransactionThread - 0] INFO  volume.OMVolumeCreateRequest (OMVolumeCreateRequest.java:validateAndUpdateCache(198)) - created volume:vol-list-a-2-02667 for user:runner
2024-01-17 07:57:42,931 [main] INFO  rpc.RpcClient (RpcClient.java:createVolume(456)) - Creating Volume: vol-list-a-3-63062, with runner as owner and space quota set to -1 bytes, counts quota set to -1
2024-01-17 07:57:42,932 [om1-OMStateMachineApplyTransactionThread - 0] INFO  volume.OMVolumeCreateRequest (OMVolumeCreateRequest.java:validateAndUpdateCache(198)) - created volume:vol-list-a-3-63062 for user:runner
2024-01-17 07:57:42,933 [main] INFO  rpc.RpcClient (RpcClient.java:createVolume(456)) - Creating Volume: vol-list-a-4-58301, with runner as owner and space quota set to -1 bytes, counts quota set to -1
2024-01-17 07:57:42,937 [om1-OMStateMachineApplyTransactionThread - 0] INFO  volume.OMVolumeCreateRequest (OMVolumeCreateRequest.java:validateAndUpdateCache(198)) - created volume:vol-list-a-4-58301 for user:runner
2024-01-17 07:57:42,938 [main] INFO  rpc.RpcClient (RpcClient.java:createVolume(456)) - Creating Volume: vol-list-a-5-55106, with runner as owner and space quota set to -1 bytes, counts quota set to -1
2024-01-17 07:57:42,940 [om1-OMStateMachineApplyTransactionThread - 0] INFO  volume.OMVolumeCreateRequest (OMVolumeCreateRequest.java:validateAndUpdateCache(198)) - created volume:vol-list-a-5-55106 for user:runner
2024-01-17 07:57:42,940 [main] INFO  rpc.RpcClient (RpcClient.java:createVolume(456)) - Creating Volume: vol-list-a-6-48349, with runner as owner and space quota set to -1 bytes, counts quota set to -1
2024-01-17 07:57:42,942 [om1-OMStateMachineApplyTransactionThread - 0] INFO  volume.OMVolumeCreateRequest (OMVolumeCreateRequest.java:validateAndUpdateCache(198)) - created volume:vol-list-a-6-48349 for user:runner
2024-01-17 07:57:42,943 [main] INFO  rpc.RpcClient (RpcClient.java:createVolume(456)) - Creating Volume: vol-list-a-7-62242, with runner as owner and space quota set to -1 bytes, counts quota set to -1
2024-01-17 07:57:42,944 [om1-OMStateMachineApplyTransactionThread - 0] INFO  volume.OMVolumeCreateRequest (OMVolumeCreateRequest.java:validateAndUpdateCache(198)) - created volume:vol-list-a-7-62242 for user:runner
2024-01-17 07:57:42,945 [main] INFO  rpc.RpcClient (RpcClient.java:createVolume(456)) - Creating Volume: vol-list-a-8-37819, with runner as owner and space quota set to -1 bytes, counts quota set to -1
2024-01-17 07:57:42,946 [om1-OMStateMachineApplyTransactionThread - 0] INFO  volume.OMVolumeCreateRequest (OMVolumeCreateRequest.java:validateAndUpdateCache(198)) - created volume:vol-list-a-8-37819 for user:runner
2024-01-17 07:57:42,947 [main] INFO  rpc.RpcClient (RpcClient.java:createVolume(456)) - Creating Volume: vol-list-a-9-15547, with runner as owner and space quota set to -1 bytes, counts quota set to -1
2024-01-17 07:57:42,948 [om1-OMStateMachineApplyTransactionThread - 0] INFO  volume.OMVolumeCreateRequest (OMVolumeCreateRequest.java:validateAndUpdateCache(198)) - created volume:vol-list-a-9-15547 for user:runner
2024-01-17 07:57:42,949 [main] INFO  rpc.RpcClient (RpcClient.java:createVolume(456)) - Creating Volume: vol-list-b-0-96398, with runner as owner and space quota set to -1 bytes, counts quota set to -1
2024-01-17 07:57:42,950 [om1-OMStateMachineApplyTransactionThread - 0] INFO  volume.OMVolumeCreateRequest (OMVolumeCreateRequest.java:validateAndUpdateCache(198)) - created volume:vol-list-b-0-96398 for user:runner
2024-01-17 07:57:42,951 [main] INFO  rpc.RpcClient (RpcClient.java:createVolume(456)) - Creating Volume: vol-list-b-1-72027, with runner as owner and space quota set to -1 bytes, counts quota set to -1
2024-01-17 07:57:42,952 [om1-OMStateMachineApplyTransactionThread - 0] INFO  volume.OMVolumeCreateRequest (OMVolumeCreateRequest.java:validateAndUpdateCache(198)) - created volume:vol-list-b-1-72027 for user:runner
2024-01-17 07:57:42,953 [main] INFO  rpc.RpcClient (RpcClient.java:createVolume(456)) - Creating Volume: vol-list-b-2-51911, with runner as owner and space quota set to -1 bytes, counts quota set to -1
2024-01-17 07:57:42,954 [om1-OMStateMachineApplyTransactionThread - 0] INFO  volume.OMVolumeCreateRequest (OMVolumeCreateRequest.java:validateAndUpdateCache(198)) - created volume:vol-list-b-2-51911 for user:runner
2024-01-17 07:57:42,955 [main] INFO  rpc.RpcClient (RpcClient.java:createVolume(456)) - Creating Volume: vol-list-b-3-30944, with runner as owner and space quota set to -1 bytes, counts quota set to -1
2024-01-17 07:57:42,957 [om1-OMStateMachineApplyTransactionThread - 0] INFO  volume.OMVolumeCreateRequest (OMVolumeCreateRequest.java:validateAndUpdateCache(198)) - created volume:vol-list-b-3-30944 for user:runner
2024-01-17 07:57:42,957 [main] INFO  rpc.RpcClient (RpcClient.java:createVolume(456)) - Creating Volume: vol-list-b-4-83299, with runner as owner and space quota set to -1 bytes, counts quota set to -1
2024-01-17 07:57:42,959 [om1-OMStateMachineApplyTransactionThread - 0] INFO  volume.OMVolumeCreateRequest (OMVolumeCreateRequest.java:validateAndUpdateCache(198)) - created volume:vol-list-b-4-83299 for user:runner
2024-01-17 07:57:42,959 [main] INFO  rpc.RpcClient (RpcClient.java:createVolume(456)) - Creating Volume: vol-list-b-5-93210, with runner as owner and space quota set to -1 bytes, counts quota set to -1
2024-01-17 07:57:42,961 [om1-OMStateMachineApplyTransactionThread - 0] INFO  volume.OMVolumeCreateRequest (OMVolumeCreateRequest.java:validateAndUpdateCache(198)) - created volume:vol-list-b-5-93210 for user:runner
2024-01-17 07:57:42,962 [main] INFO  rpc.RpcClient (RpcClient.java:createVolume(456)) - Creating Volume: vol-list-b-6-19831, with runner as owner and space quota set to -1 bytes, counts quota set to -1
2024-01-17 07:57:42,963 [om1-OMStateMachineApplyTransactionThread - 0] INFO  volume.OMVolumeCreateRequest (OMVolumeCreateRequest.java:validateAndUpdateCache(198)) - created volume:vol-list-b-6-19831 for user:runner
2024-01-17 07:57:42,964 [main] INFO  rpc.RpcClient (RpcClient.java:createVolume(456)) - Creating Volume: vol-list-b-7-30958, with runner as owner and space quota set to -1 bytes, counts quota set to -1
2024-01-17 07:57:42,965 [om1-OMStateMachineApplyTransactionThread - 0] INFO  volume.OMVolumeCreateRequest (OMVolumeCreateRequest.java:validateAndUpdateCache(198)) - created volume:vol-list-b-7-30958 for user:runner
2024-01-17 07:57:42,966 [main] INFO  rpc.RpcClient (RpcClient.java:createVolume(456)) - Creating Volume: vol-list-b-8-21108, with runner as owner and space quota set to -1 bytes, counts quota set to -1
2024-01-17 07:57:42,967 [om1-OMStateMachineApplyTransactionThread - 0] INFO  volume.OMVolumeCreateRequest (OMVolumeCreateRequest.java:validateAndUpdateCache(198)) - created volume:vol-list-b-8-21108 for user:runner
2024-01-17 07:57:42,968 [main] INFO  rpc.RpcClient (RpcClient.java:createVolume(456)) - Creating Volume: vol-list-b-9-28013, with runner as owner and space quota set to -1 bytes, counts quota set to -1
2024-01-17 07:57:42,970 [om1-OMStateMachineApplyTransactionThread - 0] INFO  volume.OMVolumeCreateRequest (OMVolumeCreateRequest.java:validateAndUpdateCache(198)) - created volume:vol-list-b-9-28013 for user:runner
]]></system-out>
  </testcase>
  <testcase name="testMissingParentBucketUsedNamespace(BucketLayout)[1]" classname="org.apache.hadoop.ozone.client.rpc.TestOzoneRpcClientWithRatis" time="0.016">
    <system-out><![CDATA[2024-01-17 07:57:42,983 [main] INFO  rpc.RpcClient (RpcClient.java:createVolume(456)) - Creating Volume: 89437ccd-f763-4de2-857f-184ce41b3e21, with runner as owner and space quota set to -1 bytes, counts quota set to -1
2024-01-17 07:57:42,984 [om1-OMStateMachineApplyTransactionThread - 0] INFO  volume.OMVolumeCreateRequest (OMVolumeCreateRequest.java:validateAndUpdateCache(198)) - created volume:89437ccd-f763-4de2-857f-184ce41b3e21 for user:runner
2024-01-17 07:57:42,985 [main] INFO  rpc.RpcClient (RpcClient.java:createBucket(683)) - Creating Bucket: 89437ccd-f763-4de2-857f-184ce41b3e21/b03039d8-180f-4187-bc49-c5000d6e9a58, with bucket layout OBJECT_STORE, runner as owner, Versioning false, Storage Type set to DISK and Encryption set to false, Replication Type set to server-side default replication type, Namespace Quota set to -1, Space Quota set to -1 
2024-01-17 07:57:42,986 [om1-OMStateMachineApplyTransactionThread - 0] INFO  bucket.OMBucketCreateRequest (OMBucketCreateRequest.java:validateAndUpdateCache(296)) - created bucket: b03039d8-180f-4187-bc49-c5000d6e9a58 of layout OBJECT_STORE in volume: 89437ccd-f763-4de2-857f-184ce41b3e21
]]></system-out>
  </testcase>
  <testcase name="testMissingParentBucketUsedNamespace(BucketLayout)[2]" classname="org.apache.hadoop.ozone.client.rpc.TestOzoneRpcClientWithRatis" time="0.016">
    <system-out><![CDATA[2024-01-17 07:57:43,000 [main] INFO  rpc.RpcClient (RpcClient.java:createVolume(456)) - Creating Volume: 3092a3b9-c405-4c28-8423-dea1f2743f12, with runner as owner and space quota set to -1 bytes, counts quota set to -1
2024-01-17 07:57:43,002 [om1-OMStateMachineApplyTransactionThread - 0] INFO  volume.OMVolumeCreateRequest (OMVolumeCreateRequest.java:validateAndUpdateCache(198)) - created volume:3092a3b9-c405-4c28-8423-dea1f2743f12 for user:runner
2024-01-17 07:57:43,003 [main] INFO  rpc.RpcClient (RpcClient.java:createBucket(683)) - Creating Bucket: 3092a3b9-c405-4c28-8423-dea1f2743f12/c33901eb-4efc-409b-8b06-6d49f1d0d467, with bucket layout LEGACY, runner as owner, Versioning false, Storage Type set to DISK and Encryption set to false, Replication Type set to server-side default replication type, Namespace Quota set to -1, Space Quota set to -1 
2024-01-17 07:57:43,005 [om1-OMStateMachineApplyTransactionThread - 0] INFO  bucket.OMBucketCreateRequest (OMBucketCreateRequest.java:validateAndUpdateCache(296)) - created bucket: c33901eb-4efc-409b-8b06-6d49f1d0d467 of layout LEGACY in volume: 3092a3b9-c405-4c28-8423-dea1f2743f12
]]></system-out>
  </testcase>
  <testcase name="testMissingParentBucketUsedNamespace(BucketLayout)[3]" classname="org.apache.hadoop.ozone.client.rpc.TestOzoneRpcClientWithRatis" time="0.025">
    <system-out><![CDATA[2024-01-17 07:57:43,017 [main] INFO  rpc.RpcClient (RpcClient.java:createVolume(456)) - Creating Volume: b3fc4971-657f-4264-94df-698844cde10a, with runner as owner and space quota set to -1 bytes, counts quota set to -1
2024-01-17 07:57:43,020 [om1-OMStateMachineApplyTransactionThread - 0] INFO  volume.OMVolumeCreateRequest (OMVolumeCreateRequest.java:validateAndUpdateCache(198)) - created volume:b3fc4971-657f-4264-94df-698844cde10a for user:runner
2024-01-17 07:57:43,021 [main] INFO  rpc.RpcClient (RpcClient.java:createBucket(683)) - Creating Bucket: b3fc4971-657f-4264-94df-698844cde10a/8630252d-4ded-4f0e-9625-d2322d79a20d, with bucket layout FILE_SYSTEM_OPTIMIZED, runner as owner, Versioning false, Storage Type set to DISK and Encryption set to false, Replication Type set to server-side default replication type, Namespace Quota set to -1, Space Quota set to -1 
2024-01-17 07:57:43,023 [om1-OMStateMachineApplyTransactionThread - 0] INFO  bucket.OMBucketCreateRequest (OMBucketCreateRequest.java:validateAndUpdateCache(296)) - created bucket: 8630252d-4ded-4f0e-9625-d2322d79a20d of layout FILE_SYSTEM_OPTIMIZED in volume: b3fc4971-657f-4264-94df-698844cde10a
]]></system-out>
  </testcase>
  <testcase name="testMultiPartUploadWithStream" classname="org.apache.hadoop.ozone.client.rpc.TestOzoneRpcClientWithRatis" time="0.228">
    <system-out><![CDATA[2024-01-17 07:57:43,044 [main] INFO  rpc.RpcClient (RpcClient.java:createVolume(456)) - Creating Volume: 72910372-42c2-4900-8049-557a7f5c7819, with runner as owner and space quota set to -1 bytes, counts quota set to -1
2024-01-17 07:57:43,045 [om1-OMStateMachineApplyTransactionThread - 0] INFO  volume.OMVolumeCreateRequest (OMVolumeCreateRequest.java:validateAndUpdateCache(198)) - created volume:72910372-42c2-4900-8049-557a7f5c7819 for user:runner
2024-01-17 07:57:43,046 [main] INFO  rpc.RpcClient (RpcClient.java:createBucket(683)) - Creating Bucket: 72910372-42c2-4900-8049-557a7f5c7819/6fd1845e-b626-4d66-9aaf-15a625817416, with server-side default bucket layout, runner as owner, Versioning false, Storage Type set to DISK and Encryption set to false, Replication Type set to server-side default replication type, Namespace Quota set to -1, Space Quota set to -1 
2024-01-17 07:57:43,047 [om1-OMStateMachineApplyTransactionThread - 0] INFO  bucket.OMBucketCreateRequest (OMBucketCreateRequest.java:validateAndUpdateCache(296)) - created bucket: 6fd1845e-b626-4d66-9aaf-15a625817416 of layout FILE_SYSTEM_OPTIMIZED in volume: 72910372-42c2-4900-8049-557a7f5c7819
2024-01-17 07:57:43,056 [IPC Server handler 56 on default port 15001] WARN  node.SCMNodeManager (SCMNodeManager.java:getNodesByAddress(1459)) - Cannot find node for address 127.0.0.1
2024-01-17 07:57:43,064 [main] INFO  client.DataStreamClient (ConfUtils.java:logGet(46)) - raft.datastream.type = NETTY (custom)
2024-01-17 07:57:43,068 [main] INFO  netty.NettyConfigKeys$DataStream (ConfUtils.java:logGet(46)) - raft.netty.dataStream.client.tls.conf = null (default)
2024-01-17 07:57:43,072 [main] INFO  netty.NettyConfigKeys$DataStream (ConfUtils.java:logGet(46)) - raft.netty.dataStream.client.worker-group.share = true (default)
2024-01-17 07:57:43,072 [main] INFO  netty.NettyConfigKeys$DataStream (ConfUtils.java:logGet(46)) - raft.netty.dataStream.client.worker-group.size = 8 (default)
2024-01-17 07:57:43,072 [main] INFO  netty.NettyConfigKeys$DataStream (ConfUtils.java:logGet(46)) - raft.netty.dataStream.client.use-epoll = true (default)
2024-01-17 07:57:43,073 [main] INFO  netty.NettyUtils (NettyUtils.java:newEventLoopGroup(69)) - Create EpollEventLoopGroup for NettyClientStreamRpc-workerGroup; Thread size is 8.
2024-01-17 07:57:43,076 [main] INFO  impl.DataStreamClientImpl (ConfUtils.java:logGet(46)) - raft.datastream.skip.send-forward = false (default)
2024-01-17 07:57:43,103 [8d67fbbe-ad76-4934-bcfb-c8cae0dbbecb-NettyServerStreamRpc-bossGroup--thread1] INFO  logging.LoggingHandler (AbstractInternalLogger.java:log(148)) - [id: 0xf2b671d0, L:/0.0.0.0:15060] READ: [id: 0x16926dea, L:/10.1.0.6:15060 - R:/10.1.0.6:57052]
2024-01-17 07:57:43,104 [8d67fbbe-ad76-4934-bcfb-c8cae0dbbecb-NettyServerStreamRpc-bossGroup--thread1] INFO  logging.LoggingHandler (AbstractInternalLogger.java:log(148)) - [id: 0xf2b671d0, L:/0.0.0.0:15060] READ COMPLETE
2024-01-17 07:57:43,127 [8d67fbbe-ad76-4934-bcfb-c8cae0dbbecb-NettyServerStreamRpc-workerGroup--thread1] INFO  client.DataStreamClient (ConfUtils.java:logGet(46)) - raft.datastream.type = NETTY (custom)
2024-01-17 07:57:43,129 [8d67fbbe-ad76-4934-bcfb-c8cae0dbbecb-NettyServerStreamRpc-workerGroup--thread1] INFO  netty.NettyConfigKeys$DataStream (ConfUtils.java:logGet(46)) - raft.netty.dataStream.client.tls.conf = null (default)
2024-01-17 07:57:43,131 [8d67fbbe-ad76-4934-bcfb-c8cae0dbbecb-NettyServerStreamRpc-workerGroup--thread1] INFO  netty.NettyConfigKeys$DataStream (ConfUtils.java:logGet(46)) - raft.netty.dataStream.client.worker-group.share = true (default)
2024-01-17 07:57:43,131 [8d67fbbe-ad76-4934-bcfb-c8cae0dbbecb-NettyServerStreamRpc-workerGroup--thread1] INFO  impl.DataStreamClientImpl (ConfUtils.java:logGet(46)) - raft.datastream.skip.send-forward = false (default)
2024-01-17 07:57:43,137 [0f18b96a-e4aa-46f4-b611-a6948cf06a42-NettyServerStreamRpc-bossGroup--thread1] INFO  logging.LoggingHandler (AbstractInternalLogger.java:log(148)) - [id: 0xfb9fc621, L:/0.0.0.0:15051] READ: [id: 0xc4482462, L:/10.1.0.6:15051 - R:/10.1.0.6:54240]
2024-01-17 07:57:43,141 [0f18b96a-e4aa-46f4-b611-a6948cf06a42-NettyServerStreamRpc-bossGroup--thread1] INFO  logging.LoggingHandler (AbstractInternalLogger.java:log(148)) - [id: 0xfb9fc621, L:/0.0.0.0:15051] READ COMPLETE
2024-01-17 07:57:43,143 [0f18b96a-e4aa-46f4-b611-a6948cf06a42-NettyServerStreamRpc-workerGroup--thread1] INFO  client.DataStreamClient (ConfUtils.java:logGet(46)) - raft.datastream.type = NETTY (custom)
2024-01-17 07:57:43,143 [0f18b96a-e4aa-46f4-b611-a6948cf06a42-NettyServerStreamRpc-workerGroup--thread1] INFO  netty.NettyConfigKeys$DataStream (ConfUtils.java:logGet(46)) - raft.netty.dataStream.client.tls.conf = null (default)
2024-01-17 07:57:43,143 [0f18b96a-e4aa-46f4-b611-a6948cf06a42-NettyServerStreamRpc-workerGroup--thread1] INFO  netty.NettyConfigKeys$DataStream (ConfUtils.java:logGet(46)) - raft.netty.dataStream.client.worker-group.share = true (default)
2024-01-17 07:57:43,144 [0f18b96a-e4aa-46f4-b611-a6948cf06a42-NettyServerStreamRpc-workerGroup--thread1] INFO  impl.DataStreamClientImpl (ConfUtils.java:logGet(46)) - raft.datastream.skip.send-forward = false (default)
2024-01-17 07:57:43,147 [4f4a0cbc-a9eb-44f0-8d97-06326de93701-NettyServerStreamRpc-bossGroup--thread1] INFO  logging.LoggingHandler (AbstractInternalLogger.java:log(148)) - [id: 0x2279c299, L:/0.0.0.0:15042] READ: [id: 0x9c1c6bf2, L:/10.1.0.6:15042 - R:/10.1.0.6:33078]
2024-01-17 07:57:43,148 [4f4a0cbc-a9eb-44f0-8d97-06326de93701-NettyServerStreamRpc-bossGroup--thread1] INFO  logging.LoggingHandler (AbstractInternalLogger.java:log(148)) - [id: 0x2279c299, L:/0.0.0.0:15042] READ COMPLETE
]]></system-out>
  </testcase>
  <testcase name="testMultipartPartNumberExceedingAllowedRange" classname="org.apache.hadoop.ozone.client.rpc.TestOzoneRpcClientWithRatis" time="0.019">
    <system-out><![CDATA[2024-01-17 07:57:43,272 [main] INFO  rpc.RpcClient (RpcClient.java:createVolume(456)) - Creating Volume: 06425dd6-7a9d-4765-b9d7-554e98ebb23a, with runner as owner and space quota set to -1 bytes, counts quota set to -1
2024-01-17 07:57:43,275 [om1-OMStateMachineApplyTransactionThread - 0] INFO  volume.OMVolumeCreateRequest (OMVolumeCreateRequest.java:validateAndUpdateCache(198)) - created volume:06425dd6-7a9d-4765-b9d7-554e98ebb23a for user:runner
2024-01-17 07:57:43,276 [main] INFO  rpc.RpcClient (RpcClient.java:createBucket(683)) - Creating Bucket: 06425dd6-7a9d-4765-b9d7-554e98ebb23a/4a1cb2a1-6888-4b7d-a7f1-837fae2fc604, with server-side default bucket layout, runner as owner, Versioning false, Storage Type set to DISK and Encryption set to false, Replication Type set to server-side default replication type, Namespace Quota set to -1, Space Quota set to -1 
2024-01-17 07:57:43,278 [om1-OMStateMachineApplyTransactionThread - 0] INFO  bucket.OMBucketCreateRequest (OMBucketCreateRequest.java:validateAndUpdateCache(296)) - created bucket: 4a1cb2a1-6888-4b7d-a7f1-837fae2fc604 of layout FILE_SYSTEM_OPTIMIZED in volume: 06425dd6-7a9d-4765-b9d7-554e98ebb23a
]]></system-out>
  </testcase>
  <testcase name="testMultipartUploadOverride(ReplicationConfig)[1]" classname="org.apache.hadoop.ozone.client.rpc.TestOzoneRpcClientWithRatis" time="0.323">
    <system-out><![CDATA[2024-01-17 07:57:43,330 [main] INFO  rpc.RpcClient (RpcClient.java:createVolume(456)) - Creating Volume: f2f41992-ed49-4c1a-81a3-7c4b40b7cb40, with runner as owner and space quota set to -1 bytes, counts quota set to -1
2024-01-17 07:57:43,333 [om1-OMStateMachineApplyTransactionThread - 0] INFO  volume.OMVolumeCreateRequest (OMVolumeCreateRequest.java:validateAndUpdateCache(198)) - created volume:f2f41992-ed49-4c1a-81a3-7c4b40b7cb40 for user:runner
2024-01-17 07:57:43,335 [main] INFO  rpc.RpcClient (RpcClient.java:createBucket(683)) - Creating Bucket: f2f41992-ed49-4c1a-81a3-7c4b40b7cb40/07ace82e-f909-4af4-bc1a-c7ed10048d41, with server-side default bucket layout, runner as owner, Versioning false, Storage Type set to DISK and Encryption set to false, Replication Type set to server-side default replication type, Namespace Quota set to -1, Space Quota set to -1 
2024-01-17 07:57:43,343 [om1-OMStateMachineApplyTransactionThread - 0] INFO  bucket.OMBucketCreateRequest (OMBucketCreateRequest.java:validateAndUpdateCache(296)) - created bucket: 07ace82e-f909-4af4-bc1a-c7ed10048d41 of layout FILE_SYSTEM_OPTIMIZED in volume: f2f41992-ed49-4c1a-81a3-7c4b40b7cb40
2024-01-17 07:57:43,443 [IPC Server handler 8 on default port 15001] WARN  node.SCMNodeManager (SCMNodeManager.java:getNodesByAddress(1459)) - Cannot find node for address 127.0.0.1
2024-01-17 07:57:43,599 [IPC Server handler 2 on default port 15001] WARN  node.SCMNodeManager (SCMNodeManager.java:getNodesByAddress(1459)) - Cannot find node for address 127.0.0.1
]]></system-out>
  </testcase>
  <testcase name="testMultipartUploadOverride(ReplicationConfig)[2]" classname="org.apache.hadoop.ozone.client.rpc.TestOzoneRpcClientWithRatis" time="0.399">
    <system-out><![CDATA[2024-01-17 07:57:43,654 [main] INFO  rpc.RpcClient (RpcClient.java:createVolume(456)) - Creating Volume: 9d3f6079-60c6-42b9-b121-5382b8a82d5e, with runner as owner and space quota set to -1 bytes, counts quota set to -1
2024-01-17 07:57:43,656 [om1-OMStateMachineApplyTransactionThread - 0] INFO  volume.OMVolumeCreateRequest (OMVolumeCreateRequest.java:validateAndUpdateCache(198)) - created volume:9d3f6079-60c6-42b9-b121-5382b8a82d5e for user:runner
2024-01-17 07:57:43,657 [main] INFO  rpc.RpcClient (RpcClient.java:createBucket(683)) - Creating Bucket: 9d3f6079-60c6-42b9-b121-5382b8a82d5e/df402e95-304f-46fb-bdb8-d101b3dae636, with server-side default bucket layout, runner as owner, Versioning false, Storage Type set to DISK and Encryption set to false, Replication Type set to server-side default replication type, Namespace Quota set to -1, Space Quota set to -1 
2024-01-17 07:57:43,658 [om1-OMStateMachineApplyTransactionThread - 0] INFO  bucket.OMBucketCreateRequest (OMBucketCreateRequest.java:validateAndUpdateCache(296)) - created bucket: df402e95-304f-46fb-bdb8-d101b3dae636 of layout FILE_SYSTEM_OPTIMIZED in volume: 9d3f6079-60c6-42b9-b121-5382b8a82d5e
2024-01-17 07:57:43,797 [om1-OMStateMachineApplyTransactionThread - 0] DEBUG db.CodecBuffer (CodecBuffer.java:setCapacity(328)) - setCapacity: 4096 -> 5789, max=2147483647
2024-01-17 07:57:43,799 [om1-OMStateMachineApplyTransactionThread - 0] DEBUG db.CodecBuffer (CodecBuffer.java:setCapacity(328)) - setCapacity: 4096 -> 7419, max=2147483647
2024-01-17 07:57:43,804 [IPC Server handler 23 on default port 15001] WARN  node.SCMNodeManager (SCMNodeManager.java:getNodesByAddress(1459)) - Cannot find node for address 127.0.0.1
2024-01-17 07:57:43,805 [IPC Server handler 38 on default port 15001] WARN  node.SCMNodeManager (SCMNodeManager.java:getNodesByAddress(1459)) - Cannot find node for address 127.0.0.1
2024-01-17 07:57:43,805 [IPC Server handler 40 on default port 15001] WARN  node.SCMNodeManager (SCMNodeManager.java:getNodesByAddress(1459)) - Cannot find node for address 127.0.0.1
2024-01-17 07:57:43,806 [IPC Server handler 19 on default port 15001] WARN  node.SCMNodeManager (SCMNodeManager.java:getNodesByAddress(1459)) - Cannot find node for address 127.0.0.1
2024-01-17 07:57:43,990 [om1-OMStateMachineApplyTransactionThread - 0] DEBUG db.CodecBuffer (CodecBuffer.java:setCapacity(328)) - setCapacity: 4096 -> 5780, max=2147483647
2024-01-17 07:57:43,993 [om1-OMStateMachineApplyTransactionThread - 0] DEBUG db.CodecBuffer (CodecBuffer.java:setCapacity(328)) - setCapacity: 4096 -> 7412, max=2147483647
2024-01-17 07:57:43,996 [IPC Server handler 71 on default port 15001] WARN  node.SCMNodeManager (SCMNodeManager.java:getNodesByAddress(1459)) - Cannot find node for address 127.0.0.1
2024-01-17 07:57:43,996 [IPC Server handler 50 on default port 15001] WARN  node.SCMNodeManager (SCMNodeManager.java:getNodesByAddress(1459)) - Cannot find node for address 127.0.0.1
]]></system-out>
  </testcase>
  <testcase name="testMultipartUploadOverride(ReplicationConfig)[3]" classname="org.apache.hadoop.ozone.client.rpc.TestOzoneRpcClientWithRatis" time="0.394">
    <system-out><![CDATA[2024-01-17 07:57:44,054 [main] INFO  rpc.RpcClient (RpcClient.java:createVolume(456)) - Creating Volume: 2f7bdfe9-4069-4a92-bddc-18e67aa24b8b, with runner as owner and space quota set to -1 bytes, counts quota set to -1
2024-01-17 07:57:44,056 [om1-OMStateMachineApplyTransactionThread - 0] INFO  volume.OMVolumeCreateRequest (OMVolumeCreateRequest.java:validateAndUpdateCache(198)) - created volume:2f7bdfe9-4069-4a92-bddc-18e67aa24b8b for user:runner
2024-01-17 07:57:44,057 [main] INFO  rpc.RpcClient (RpcClient.java:createBucket(683)) - Creating Bucket: 2f7bdfe9-4069-4a92-bddc-18e67aa24b8b/be9f68fc-549d-404a-b244-6af88f804149, with server-side default bucket layout, runner as owner, Versioning false, Storage Type set to DISK and Encryption set to false, Replication Type set to server-side default replication type, Namespace Quota set to -1, Space Quota set to -1 
2024-01-17 07:57:44,059 [om1-OMStateMachineApplyTransactionThread - 0] INFO  bucket.OMBucketCreateRequest (OMBucketCreateRequest.java:validateAndUpdateCache(296)) - created bucket: be9f68fc-549d-404a-b244-6af88f804149 of layout FILE_SYSTEM_OPTIMIZED in volume: 2f7bdfe9-4069-4a92-bddc-18e67aa24b8b
2024-01-17 07:57:44,154 [om1-OMStateMachineApplyTransactionThread - 0] DEBUG db.CodecBuffer (CodecBuffer.java:setCapacity(328)) - setCapacity: 4096 -> 4587, max=2147483647
2024-01-17 07:57:44,156 [om1-OMStateMachineApplyTransactionThread - 0] DEBUG db.CodecBuffer (CodecBuffer.java:setCapacity(328)) - setCapacity: 4096 -> 6821, max=2147483647
2024-01-17 07:57:44,160 [IPC Server handler 45 on default port 15001] WARN  node.SCMNodeManager (SCMNodeManager.java:getNodesByAddress(1459)) - Cannot find node for address 127.0.0.1
2024-01-17 07:57:44,161 [IPC Server handler 70 on default port 15001] WARN  node.SCMNodeManager (SCMNodeManager.java:getNodesByAddress(1459)) - Cannot find node for address 127.0.0.1
2024-01-17 07:57:44,161 [IPC Server handler 65 on default port 15001] WARN  node.SCMNodeManager (SCMNodeManager.java:getNodesByAddress(1459)) - Cannot find node for address 127.0.0.1
2024-01-17 07:57:44,385 [om1-OMStateMachineApplyTransactionThread - 0] DEBUG db.CodecBuffer (CodecBuffer.java:setCapacity(328)) - setCapacity: 4096 -> 4587, max=2147483647
2024-01-17 07:57:44,387 [om1-OMStateMachineApplyTransactionThread - 0] DEBUG db.CodecBuffer (CodecBuffer.java:setCapacity(328)) - setCapacity: 4096 -> 6821, max=2147483647
2024-01-17 07:57:44,391 [IPC Server handler 43 on default port 15001] WARN  node.SCMNodeManager (SCMNodeManager.java:getNodesByAddress(1459)) - Cannot find node for address 127.0.0.1
2024-01-17 07:57:44,391 [IPC Server handler 83 on default port 15001] WARN  node.SCMNodeManager (SCMNodeManager.java:getNodesByAddress(1459)) - Cannot find node for address 127.0.0.1
2024-01-17 07:57:44,392 [IPC Server handler 84 on default port 15001] WARN  node.SCMNodeManager (SCMNodeManager.java:getNodesByAddress(1459)) - Cannot find node for address 127.0.0.1
]]></system-out>
  </testcase>
  <testcase name="testMultipartUploadWithACL" classname="org.apache.hadoop.ozone.client.rpc.TestOzoneRpcClientWithRatis" time="0.238">
    <system-out><![CDATA[2024-01-17 07:57:44,450 [main] INFO  rpc.RpcClient (RpcClient.java:createVolume(456)) - Creating Volume: 40e6c253-45cb-40d0-b252-d304e46b9446, with runner as owner and space quota set to -1 bytes, counts quota set to -1
2024-01-17 07:57:44,452 [om1-OMStateMachineApplyTransactionThread - 0] INFO  volume.OMVolumeCreateRequest (OMVolumeCreateRequest.java:validateAndUpdateCache(198)) - created volume:40e6c253-45cb-40d0-b252-d304e46b9446 for user:runner
2024-01-17 07:57:44,453 [main] INFO  rpc.RpcClient (RpcClient.java:createBucket(683)) - Creating Bucket: 40e6c253-45cb-40d0-b252-d304e46b9446/c5aea8c1-9591-4012-a702-c20c682d8788, with bucket layout OBJECT_STORE, runner as owner, Versioning false, Storage Type set to DISK and Encryption set to false, Replication Type set to server-side default replication type, Namespace Quota set to -1, Space Quota set to -1 
2024-01-17 07:57:44,454 [om1-OMStateMachineApplyTransactionThread - 0] INFO  bucket.OMBucketCreateRequest (OMBucketCreateRequest.java:validateAndUpdateCache(296)) - created bucket: c5aea8c1-9591-4012-a702-c20c682d8788 of layout OBJECT_STORE in volume: 40e6c253-45cb-40d0-b252-d304e46b9446
2024-01-17 07:57:44,548 [om1-OMStateMachineApplyTransactionThread - 0] DEBUG db.CodecBuffer (CodecBuffer.java:setCapacity(328)) - setCapacity: 4096 -> 4113, max=2147483647
2024-01-17 07:57:44,552 [IPC Server handler 21 on default port 15001] WARN  node.SCMNodeManager (SCMNodeManager.java:getNodesByAddress(1459)) - Cannot find node for address 127.0.0.1
2024-01-17 07:57:44,605 [main] INFO  protocolPB.OmTransportFactory (OmTransportFactory.java:createFactory(62)) - Loading OM transport implementation org.apache.hadoop.ozone.om.protocolPB.Hadoop3OmTransportFactory as specified by configuration.
2024-01-17 07:57:44,636 [IPC Server handler 12 on default port 15004] WARN  om.OzoneManager (OmMetadataReader.java:checkAcls(555)) - User test-user doesn't have CREATE permission to access key Volume:40e6c253-45cb-40d0-b252-d304e46b9446 Bucket:c5aea8c1-9591-4012-a702-c20c682d8788 Key:bd668ad9-dd5d-40b0-8b80-b75a6c8ecc54
2024-01-17 07:57:44,685 [IPC Server handler 14 on default port 15004] WARN  om.OzoneManager (OmMetadataReader.java:checkAcls(555)) - User test-user doesn't have READ permission to access key Volume:40e6c253-45cb-40d0-b252-d304e46b9446 Bucket:c5aea8c1-9591-4012-a702-c20c682d8788 Key:b902310f-eade-4008-a663-9a0c3f32a9a8
07:57:44.686 [IPC Server handler 14 on default port 15004] ERROR OMAudit - user=test-user | ip=127.0.0.1 | op=READ_KEY {volume=40e6c253-45cb-40d0-b252-d304e46b9446, bucket=c5aea8c1-9591-4012-a702-c20c682d8788, key=b902310f-eade-4008-a663-9a0c3f32a9a8, dataSize=0, replicationConfig=null} | ret=FAILURE
org.apache.hadoop.ozone.om.exceptions.OMException: User test-user doesn't have READ permission to access key Volume:40e6c253-45cb-40d0-b252-d304e46b9446 Bucket:c5aea8c1-9591-4012-a702-c20c682d8788 Key:b902310f-eade-4008-a663-9a0c3f32a9a8
	at org.apache.hadoop.ozone.om.OmMetadataReader.checkAcls(OmMetadataReader.java:558) ~[ozone-manager-1.5.0-SNAPSHOT.jar:?]
	at org.apache.hadoop.ozone.om.OmMetadataReader.checkAcls(OmMetadataReader.java:533) ~[ozone-manager-1.5.0-SNAPSHOT.jar:?]
	at org.apache.hadoop.ozone.om.OzoneAclUtils.checkAllAcls(OzoneAclUtils.java:123) ~[ozone-manager-1.5.0-SNAPSHOT.jar:?]
	at org.apache.hadoop.ozone.om.OmMetadataReader.checkAcls(OmMetadataReader.java:495) ~[ozone-manager-1.5.0-SNAPSHOT.jar:?]
	at org.apache.hadoop.ozone.om.OmMetadataReader.lambda$3(OmMetadataReader.java:183) ~[ozone-manager-1.5.0-SNAPSHOT.jar:?]
	at org.apache.hadoop.util.MetricUtil.captureLatencyNs(MetricUtil.java:56) ~[hdds-common-1.5.0-SNAPSHOT.jar:?]
	at org.apache.hadoop.ozone.om.OmMetadataReader.getKeyInfo(OmMetadataReader.java:182) ~[ozone-manager-1.5.0-SNAPSHOT.jar:?]
	at org.apache.hadoop.ozone.om.OzoneManager.getKeyInfo(OzoneManager.java:2869) ~[ozone-manager-1.5.0-SNAPSHOT.jar:?]
	at org.apache.hadoop.ozone.protocolPB.OzoneManagerRequestHandler.getKeyInfo(OzoneManagerRequestHandler.java:641) ~[ozone-manager-1.5.0-SNAPSHOT.jar:?]
	at org.apache.hadoop.ozone.protocolPB.OzoneManagerRequestHandler.handleReadRequest(OzoneManagerRequestHandler.java:328) ~[ozone-manager-1.5.0-SNAPSHOT.jar:?]
	at org.apache.hadoop.ozone.protocolPB.OzoneManagerProtocolServerSideTranslatorPB.submitReadRequestToOM(OzoneManagerProtocolServerSideTranslatorPB.java:259) ~[ozone-manager-1.5.0-SNAPSHOT.jar:?]
	at org.apache.hadoop.ozone.protocolPB.OzoneManagerProtocolServerSideTranslatorPB.internalProcessRequest(OzoneManagerProtocolServerSideTranslatorPB.java:205) ~[ozone-manager-1.5.0-SNAPSHOT.jar:?]
	at org.apache.hadoop.ozone.protocolPB.OzoneManagerProtocolServerSideTranslatorPB.processRequest(OzoneManagerProtocolServerSideTranslatorPB.java:165) ~[ozone-manager-1.5.0-SNAPSHOT.jar:?]
	at org.apache.hadoop.hdds.server.OzoneProtocolMessageDispatcher.processRequest(OzoneProtocolMessageDispatcher.java:89) [hdds-server-framework-1.5.0-SNAPSHOT.jar:?]
	at org.apache.hadoop.ozone.protocolPB.OzoneManagerProtocolServerSideTranslatorPB.submitRequest(OzoneManagerProtocolServerSideTranslatorPB.java:156) [ozone-manager-1.5.0-SNAPSHOT.jar:?]
	at org.apache.hadoop.ozone.protocol.proto.OzoneManagerProtocolProtos$OzoneManagerService$2.callBlockingMethod(OzoneManagerProtocolProtos.java) [ozone-interface-client-1.5.0-SNAPSHOT.jar:?]
	at org.apache.hadoop.ipc.ProtobufRpcEngine$Server.processCall(ProtobufRpcEngine.java:484) [hadoop-common-3.3.6.jar:?]
	at org.apache.hadoop.ipc.ProtobufRpcEngine2$Server$ProtoBufRpcInvoker.call(ProtobufRpcEngine2.java:595) [hadoop-common-3.3.6.jar:?]
	at org.apache.hadoop.ipc.ProtobufRpcEngine2$Server$ProtoBufRpcInvoker.call(ProtobufRpcEngine2.java:573) [hadoop-common-3.3.6.jar:?]
	at org.apache.hadoop.ipc.RPC$Server.call(RPC.java:1227) [hadoop-common-3.3.6.jar:?]
	at org.apache.hadoop.ipc.Server$RpcCall.run(Server.java:1094) [hadoop-common-3.3.6.jar:?]
	at org.apache.hadoop.ipc.Server$RpcCall.run(Server.java:1017) [hadoop-common-3.3.6.jar:?]
	at java.security.AccessController.doPrivileged(Native Method) ~[?:1.8.0_392]
	at javax.security.auth.Subject.doAs(Subject.java:422) [?:1.8.0_392]
	at org.apache.hadoop.security.UserGroupInformation.doAs(UserGroupInformation.java:1899) [hadoop-common-3.3.6.jar:?]
	at org.apache.hadoop.ipc.Server$Handler.run(Server.java:3048) [hadoop-common-3.3.6.jar:?]
]]></system-out>
  </testcase>
  <testcase name="testMultipartUploadWithMissingParts" classname="org.apache.hadoop.ozone.client.rpc.TestOzoneRpcClientWithRatis" time="0.02">
    <system-out><![CDATA[2024-01-17 07:57:44,688 [main] INFO  rpc.RpcClient (RpcClient.java:createVolume(456)) - Creating Volume: 8278c70e-8dd7-411a-9909-911548849943, with runner as owner and space quota set to -1 bytes, counts quota set to -1
2024-01-17 07:57:44,689 [om1-OMStateMachineApplyTransactionThread - 0] INFO  volume.OMVolumeCreateRequest (OMVolumeCreateRequest.java:validateAndUpdateCache(198)) - created volume:8278c70e-8dd7-411a-9909-911548849943 for user:runner
2024-01-17 07:57:44,690 [main] INFO  rpc.RpcClient (RpcClient.java:createBucket(683)) - Creating Bucket: 8278c70e-8dd7-411a-9909-911548849943/62cccfea-6ad8-454d-bf5d-012e90b7fc94, with server-side default bucket layout, runner as owner, Versioning false, Storage Type set to DISK and Encryption set to false, Replication Type set to server-side default replication type, Namespace Quota set to -1, Space Quota set to -1 
2024-01-17 07:57:44,692 [om1-OMStateMachineApplyTransactionThread - 0] INFO  bucket.OMBucketCreateRequest (OMBucketCreateRequest.java:validateAndUpdateCache(296)) - created bucket: 62cccfea-6ad8-454d-bf5d-012e90b7fc94 of layout FILE_SYSTEM_OPTIMIZED in volume: 8278c70e-8dd7-411a-9909-911548849943
07:57:44.706 [om1-OMStateMachineApplyTransactionThread - 0] ERROR OMAudit - user=runner | ip=127.0.0.1 | op=COMPLETE_MULTIPART_UPLOAD {volume=8278c70e-8dd7-411a-9909-911548849943, bucket=62cccfea-6ad8-454d-bf5d-012e90b7fc94, key=09c774e1-0afc-4d54-b95e-79887779bc57, dataSize=0, replicationType=NONE, replicationFactor=ZERO, multipartList=[partNumber: 3 partName: "random" ]} | ret=FAILURE
org.apache.hadoop.ozone.om.exceptions.OMException: Complete Multipart Upload Failed: volume: 8278c70e-8dd7-411a-9909-911548849943 bucket: 62cccfea-6ad8-454d-bf5d-012e90b7fc94 key: 09c774e1-0afc-4d54-b95e-79887779bc57. Provided Part info is { random, 3}, whereas OM has partName null
	at org.apache.hadoop.ozone.om.request.s3.multipart.S3MultipartUploadCompleteRequest.getMultipartDataSize(S3MultipartUploadCompleteRequest.java:508) ~[ozone-manager-1.5.0-SNAPSHOT.jar:?]
	at org.apache.hadoop.ozone.om.request.s3.multipart.S3MultipartUploadCompleteRequest.validateAndUpdateCache(S3MultipartUploadCompleteRequest.java:193) ~[ozone-manager-1.5.0-SNAPSHOT.jar:?]
	at org.apache.hadoop.ozone.protocolPB.OzoneManagerRequestHandler.lambda$0(OzoneManagerRequestHandler.java:403) ~[ozone-manager-1.5.0-SNAPSHOT.jar:?]
	at org.apache.hadoop.util.MetricUtil.captureLatencyNs(MetricUtil.java:45) ~[hdds-common-1.5.0-SNAPSHOT.jar:?]
	at org.apache.hadoop.ozone.protocolPB.OzoneManagerRequestHandler.handleWriteRequest(OzoneManagerRequestHandler.java:399) ~[ozone-manager-1.5.0-SNAPSHOT.jar:?]
	at org.apache.hadoop.ozone.om.ratis.OzoneManagerStateMachine.runCommand(OzoneManagerStateMachine.java:559) ~[ozone-manager-1.5.0-SNAPSHOT.jar:?]
	at org.apache.hadoop.ozone.om.ratis.OzoneManagerStateMachine.lambda$1(OzoneManagerStateMachine.java:349) ~[ozone-manager-1.5.0-SNAPSHOT.jar:?]
	at java.util.concurrent.CompletableFuture$AsyncSupply.run(CompletableFuture.java:1604) [?:1.8.0_392]
	at java.util.concurrent.ThreadPoolExecutor.runWorker(ThreadPoolExecutor.java:1149) [?:1.8.0_392]
	at java.util.concurrent.ThreadPoolExecutor$Worker.run(ThreadPoolExecutor.java:624) [?:1.8.0_392]
	at java.lang.Thread.run(Thread.java:750) [?:1.8.0_392]
2024-01-17 07:57:44,707 [om1-OMStateMachineApplyTransactionThread - 0] ERROR multipart.S3MultipartUploadCompleteRequest (S3MultipartUploadCompleteRequest.java:logResult(347)) - MultipartUpload Complete request failed for Key: 09c774e1-0afc-4d54-b95e-79887779bc57 in Volume/Bucket 8278c70e-8dd7-411a-9909-911548849943/62cccfea-6ad8-454d-bf5d-012e90b7fc94
INVALID_PART org.apache.hadoop.ozone.om.exceptions.OMException: Complete Multipart Upload Failed: volume: 8278c70e-8dd7-411a-9909-911548849943 bucket: 62cccfea-6ad8-454d-bf5d-012e90b7fc94 key: 09c774e1-0afc-4d54-b95e-79887779bc57. Provided Part info is { random, 3}, whereas OM has partName null
	at org.apache.hadoop.ozone.om.request.s3.multipart.S3MultipartUploadCompleteRequest.getMultipartDataSize(S3MultipartUploadCompleteRequest.java:508)
	at org.apache.hadoop.ozone.om.request.s3.multipart.S3MultipartUploadCompleteRequest.validateAndUpdateCache(S3MultipartUploadCompleteRequest.java:193)
	at org.apache.hadoop.ozone.protocolPB.OzoneManagerRequestHandler.lambda$0(OzoneManagerRequestHandler.java:403)
	at org.apache.hadoop.util.MetricUtil.captureLatencyNs(MetricUtil.java:45)
	at org.apache.hadoop.ozone.protocolPB.OzoneManagerRequestHandler.handleWriteRequest(OzoneManagerRequestHandler.java:399)
	at org.apache.hadoop.ozone.om.ratis.OzoneManagerStateMachine.runCommand(OzoneManagerStateMachine.java:559)
	at org.apache.hadoop.ozone.om.ratis.OzoneManagerStateMachine.lambda$1(OzoneManagerStateMachine.java:349)
	at java.util.concurrent.CompletableFuture$AsyncSupply.run(CompletableFuture.java:1604)
	at java.util.concurrent.ThreadPoolExecutor.runWorker(ThreadPoolExecutor.java:1149)
	at java.util.concurrent.ThreadPoolExecutor$Worker.run(ThreadPoolExecutor.java:624)
	at java.lang.Thread.run(Thread.java:750)
]]></system-out>
  </testcase>
  <testcase name="testMultipartUploadWithPartsLessThanMinSize" classname="org.apache.hadoop.ozone.client.rpc.TestOzoneRpcClientWithRatis" time="0.033">
    <system-out><![CDATA[2024-01-17 07:57:44,708 [main] INFO  rpc.RpcClient (RpcClient.java:createVolume(456)) - Creating Volume: 0b9b81b3-2716-4482-a0e6-0ca1fb06f467, with runner as owner and space quota set to -1 bytes, counts quota set to -1
2024-01-17 07:57:44,711 [om1-OMStateMachineApplyTransactionThread - 0] INFO  volume.OMVolumeCreateRequest (OMVolumeCreateRequest.java:validateAndUpdateCache(198)) - created volume:0b9b81b3-2716-4482-a0e6-0ca1fb06f467 for user:runner
2024-01-17 07:57:44,712 [main] INFO  rpc.RpcClient (RpcClient.java:createBucket(683)) - Creating Bucket: 0b9b81b3-2716-4482-a0e6-0ca1fb06f467/62569873-393b-42d3-a5a6-e53fa3b0e30b, with server-side default bucket layout, runner as owner, Versioning false, Storage Type set to DISK and Encryption set to false, Replication Type set to server-side default replication type, Namespace Quota set to -1, Space Quota set to -1 
2024-01-17 07:57:44,714 [om1-OMStateMachineApplyTransactionThread - 0] INFO  bucket.OMBucketCreateRequest (OMBucketCreateRequest.java:validateAndUpdateCache(296)) - created bucket: 62569873-393b-42d3-a5a6-e53fa3b0e30b of layout FILE_SYSTEM_OPTIMIZED in volume: 0b9b81b3-2716-4482-a0e6-0ca1fb06f467
2024-01-17 07:57:44,740 [om1-OMStateMachineApplyTransactionThread - 0] ERROR multipart.S3MultipartUploadCompleteRequest (S3MultipartUploadCompleteRequest.java:getMultipartDataSize(527)) - MultipartUpload: /0b9b81b3-2716-4482-a0e6-0ca1fb06f467/62569873-393b-42d3-a5a6-e53fa3b0e30b/f10173a7-002d-46cd-ac39-195bc63ded83 Part number: 1 size 4  is less than minimum part size 5242880
07:57:44.740 [om1-OMStateMachineApplyTransactionThread - 0] ERROR OMAudit - user=runner | ip=127.0.0.1 | op=COMPLETE_MULTIPART_UPLOAD {volume=0b9b81b3-2716-4482-a0e6-0ca1fb06f467, bucket=62569873-393b-42d3-a5a6-e53fa3b0e30b, key=f10173a7-002d-46cd-ac39-195bc63ded83, dataSize=0, replicationType=NONE, replicationFactor=ZERO, multipartList=[partNumber: 1 partName: "/0b9b81b3-2716-4482-a0e6-0ca1fb06f467/62569873-393b-42d3-a5a6-e53fa3b0e30b/f10173a7-002d-46cd-ac39-195bc63ded83-91fa9843-3e06-4c21-bd5c-8c7474189122-111770223556362494-1" , partNumber: 2 partName: "/0b9b81b3-2716-4482-a0e6-0ca1fb06f467/62569873-393b-42d3-a5a6-e53fa3b0e30b/f10173a7-002d-46cd-ac39-195bc63ded83-91fa9843-3e06-4c21-bd5c-8c7474189122-111770223556362494-2" ]} | ret=FAILURE
org.apache.hadoop.ozone.om.exceptions.OMException: Complete Multipart Upload Failed: volume: 0b9b81b3-2716-4482-a0e6-0ca1fb06f467 bucket: 62569873-393b-42d3-a5a6-e53fa3b0e30b key: f10173a7-002d-46cd-ac39-195bc63ded83. Entity too small.
	at org.apache.hadoop.ozone.om.request.s3.multipart.S3MultipartUploadCompleteRequest.getMultipartDataSize(S3MultipartUploadCompleteRequest.java:531) ~[ozone-manager-1.5.0-SNAPSHOT.jar:?]
	at org.apache.hadoop.ozone.om.request.s3.multipart.S3MultipartUploadCompleteRequest.validateAndUpdateCache(S3MultipartUploadCompleteRequest.java:193) ~[ozone-manager-1.5.0-SNAPSHOT.jar:?]
	at org.apache.hadoop.ozone.protocolPB.OzoneManagerRequestHandler.lambda$0(OzoneManagerRequestHandler.java:403) ~[ozone-manager-1.5.0-SNAPSHOT.jar:?]
	at org.apache.hadoop.util.MetricUtil.captureLatencyNs(MetricUtil.java:45) ~[hdds-common-1.5.0-SNAPSHOT.jar:?]
	at org.apache.hadoop.ozone.protocolPB.OzoneManagerRequestHandler.handleWriteRequest(OzoneManagerRequestHandler.java:399) ~[ozone-manager-1.5.0-SNAPSHOT.jar:?]
	at org.apache.hadoop.ozone.om.ratis.OzoneManagerStateMachine.runCommand(OzoneManagerStateMachine.java:559) ~[ozone-manager-1.5.0-SNAPSHOT.jar:?]
	at org.apache.hadoop.ozone.om.ratis.OzoneManagerStateMachine.lambda$1(OzoneManagerStateMachine.java:349) ~[ozone-manager-1.5.0-SNAPSHOT.jar:?]
	at java.util.concurrent.CompletableFuture$AsyncSupply.run(CompletableFuture.java:1604) [?:1.8.0_392]
	at java.util.concurrent.ThreadPoolExecutor.runWorker(ThreadPoolExecutor.java:1149) [?:1.8.0_392]
	at java.util.concurrent.ThreadPoolExecutor$Worker.run(ThreadPoolExecutor.java:624) [?:1.8.0_392]
	at java.lang.Thread.run(Thread.java:750) [?:1.8.0_392]
2024-01-17 07:57:44,740 [om1-OMStateMachineApplyTransactionThread - 0] ERROR multipart.S3MultipartUploadCompleteRequest (S3MultipartUploadCompleteRequest.java:logResult(347)) - MultipartUpload Complete request failed for Key: f10173a7-002d-46cd-ac39-195bc63ded83 in Volume/Bucket 0b9b81b3-2716-4482-a0e6-0ca1fb06f467/62569873-393b-42d3-a5a6-e53fa3b0e30b
ENTITY_TOO_SMALL org.apache.hadoop.ozone.om.exceptions.OMException: Complete Multipart Upload Failed: volume: 0b9b81b3-2716-4482-a0e6-0ca1fb06f467 bucket: 62569873-393b-42d3-a5a6-e53fa3b0e30b key: f10173a7-002d-46cd-ac39-195bc63ded83. Entity too small.
	at org.apache.hadoop.ozone.om.request.s3.multipart.S3MultipartUploadCompleteRequest.getMultipartDataSize(S3MultipartUploadCompleteRequest.java:531)
	at org.apache.hadoop.ozone.om.request.s3.multipart.S3MultipartUploadCompleteRequest.validateAndUpdateCache(S3MultipartUploadCompleteRequest.java:193)
	at org.apache.hadoop.ozone.protocolPB.OzoneManagerRequestHandler.lambda$0(OzoneManagerRequestHandler.java:403)
	at org.apache.hadoop.util.MetricUtil.captureLatencyNs(MetricUtil.java:45)
	at org.apache.hadoop.ozone.protocolPB.OzoneManagerRequestHandler.handleWriteRequest(OzoneManagerRequestHandler.java:399)
	at org.apache.hadoop.ozone.om.ratis.OzoneManagerStateMachine.runCommand(OzoneManagerStateMachine.java:559)
	at org.apache.hadoop.ozone.om.ratis.OzoneManagerStateMachine.lambda$1(OzoneManagerStateMachine.java:349)
	at java.util.concurrent.CompletableFuture$AsyncSupply.run(CompletableFuture.java:1604)
	at java.util.concurrent.ThreadPoolExecutor.runWorker(ThreadPoolExecutor.java:1149)
	at java.util.concurrent.ThreadPoolExecutor$Worker.run(ThreadPoolExecutor.java:624)
	at java.lang.Thread.run(Thread.java:750)
]]></system-out>
  </testcase>
  <testcase name="testMultipartUploadWithPartsMisMatchWithIncorrectPartName" classname="org.apache.hadoop.ozone.client.rpc.TestOzoneRpcClientWithRatis" time="0.019">
    <system-out><![CDATA[2024-01-17 07:57:44,742 [main] INFO  rpc.RpcClient (RpcClient.java:createVolume(456)) - Creating Volume: 2f321c76-29b8-4eb6-a3f4-6f2141c9f8bf, with runner as owner and space quota set to -1 bytes, counts quota set to -1
2024-01-17 07:57:44,744 [om1-OMStateMachineApplyTransactionThread - 0] INFO  volume.OMVolumeCreateRequest (OMVolumeCreateRequest.java:validateAndUpdateCache(198)) - created volume:2f321c76-29b8-4eb6-a3f4-6f2141c9f8bf for user:runner
2024-01-17 07:57:44,745 [main] INFO  rpc.RpcClient (RpcClient.java:createBucket(683)) - Creating Bucket: 2f321c76-29b8-4eb6-a3f4-6f2141c9f8bf/ce97f2c8-7911-4bf2-8c12-df334fe62802, with server-side default bucket layout, runner as owner, Versioning false, Storage Type set to DISK and Encryption set to false, Replication Type set to server-side default replication type, Namespace Quota set to -1, Space Quota set to -1 
2024-01-17 07:57:44,746 [om1-OMStateMachineApplyTransactionThread - 0] INFO  bucket.OMBucketCreateRequest (OMBucketCreateRequest.java:validateAndUpdateCache(296)) - created bucket: ce97f2c8-7911-4bf2-8c12-df334fe62802 of layout FILE_SYSTEM_OPTIMIZED in volume: 2f321c76-29b8-4eb6-a3f4-6f2141c9f8bf
07:57:44.760 [om1-OMStateMachineApplyTransactionThread - 0] ERROR OMAudit - user=runner | ip=127.0.0.1 | op=COMPLETE_MULTIPART_UPLOAD {volume=2f321c76-29b8-4eb6-a3f4-6f2141c9f8bf, bucket=ce97f2c8-7911-4bf2-8c12-df334fe62802, key=54f1bd5d-094c-4a6d-b838-6a58d4fe7ad3, dataSize=0, replicationType=NONE, replicationFactor=ZERO, multipartList=[partNumber: 1 partName: "aa32a434-5cad-471a-88a0-c39747533dda" ]} | ret=FAILURE
org.apache.hadoop.ozone.om.exceptions.OMException: Complete Multipart Upload Failed: volume: 2f321c76-29b8-4eb6-a3f4-6f2141c9f8bf bucket: ce97f2c8-7911-4bf2-8c12-df334fe62802 key: 54f1bd5d-094c-4a6d-b838-6a58d4fe7ad3. Provided Part info is { aa32a434-5cad-471a-88a0-c39747533dda, 1}, whereas OM has partName /2f321c76-29b8-4eb6-a3f4-6f2141c9f8bf/ce97f2c8-7911-4bf2-8c12-df334fe62802/54f1bd5d-094c-4a6d-b838-6a58d4fe7ad3-90812502-0920-4d93-a6e6-c5b7bb68a7d1-111770223558459649-1
	at org.apache.hadoop.ozone.om.request.s3.multipart.S3MultipartUploadCompleteRequest.getMultipartDataSize(S3MultipartUploadCompleteRequest.java:508) ~[ozone-manager-1.5.0-SNAPSHOT.jar:?]
	at org.apache.hadoop.ozone.om.request.s3.multipart.S3MultipartUploadCompleteRequest.validateAndUpdateCache(S3MultipartUploadCompleteRequest.java:193) ~[ozone-manager-1.5.0-SNAPSHOT.jar:?]
	at org.apache.hadoop.ozone.protocolPB.OzoneManagerRequestHandler.lambda$0(OzoneManagerRequestHandler.java:403) ~[ozone-manager-1.5.0-SNAPSHOT.jar:?]
	at org.apache.hadoop.util.MetricUtil.captureLatencyNs(MetricUtil.java:45) ~[hdds-common-1.5.0-SNAPSHOT.jar:?]
	at org.apache.hadoop.ozone.protocolPB.OzoneManagerRequestHandler.handleWriteRequest(OzoneManagerRequestHandler.java:399) ~[ozone-manager-1.5.0-SNAPSHOT.jar:?]
	at org.apache.hadoop.ozone.om.ratis.OzoneManagerStateMachine.runCommand(OzoneManagerStateMachine.java:559) ~[ozone-manager-1.5.0-SNAPSHOT.jar:?]
	at org.apache.hadoop.ozone.om.ratis.OzoneManagerStateMachine.lambda$1(OzoneManagerStateMachine.java:349) ~[ozone-manager-1.5.0-SNAPSHOT.jar:?]
	at java.util.concurrent.CompletableFuture$AsyncSupply.run(CompletableFuture.java:1604) [?:1.8.0_392]
	at java.util.concurrent.ThreadPoolExecutor.runWorker(ThreadPoolExecutor.java:1149) [?:1.8.0_392]
	at java.util.concurrent.ThreadPoolExecutor$Worker.run(ThreadPoolExecutor.java:624) [?:1.8.0_392]
	at java.lang.Thread.run(Thread.java:750) [?:1.8.0_392]
2024-01-17 07:57:44,760 [om1-OMStateMachineApplyTransactionThread - 0] ERROR multipart.S3MultipartUploadCompleteRequest (S3MultipartUploadCompleteRequest.java:logResult(347)) - MultipartUpload Complete request failed for Key: 54f1bd5d-094c-4a6d-b838-6a58d4fe7ad3 in Volume/Bucket 2f321c76-29b8-4eb6-a3f4-6f2141c9f8bf/ce97f2c8-7911-4bf2-8c12-df334fe62802
INVALID_PART org.apache.hadoop.ozone.om.exceptions.OMException: Complete Multipart Upload Failed: volume: 2f321c76-29b8-4eb6-a3f4-6f2141c9f8bf bucket: ce97f2c8-7911-4bf2-8c12-df334fe62802 key: 54f1bd5d-094c-4a6d-b838-6a58d4fe7ad3. Provided Part info is { aa32a434-5cad-471a-88a0-c39747533dda, 1}, whereas OM has partName /2f321c76-29b8-4eb6-a3f4-6f2141c9f8bf/ce97f2c8-7911-4bf2-8c12-df334fe62802/54f1bd5d-094c-4a6d-b838-6a58d4fe7ad3-90812502-0920-4d93-a6e6-c5b7bb68a7d1-111770223558459649-1
	at org.apache.hadoop.ozone.om.request.s3.multipart.S3MultipartUploadCompleteRequest.getMultipartDataSize(S3MultipartUploadCompleteRequest.java:508)
	at org.apache.hadoop.ozone.om.request.s3.multipart.S3MultipartUploadCompleteRequest.validateAndUpdateCache(S3MultipartUploadCompleteRequest.java:193)
	at org.apache.hadoop.ozone.protocolPB.OzoneManagerRequestHandler.lambda$0(OzoneManagerRequestHandler.java:403)
	at org.apache.hadoop.util.MetricUtil.captureLatencyNs(MetricUtil.java:45)
	at org.apache.hadoop.ozone.protocolPB.OzoneManagerRequestHandler.handleWriteRequest(OzoneManagerRequestHandler.java:399)
	at org.apache.hadoop.ozone.om.ratis.OzoneManagerStateMachine.runCommand(OzoneManagerStateMachine.java:559)
	at org.apache.hadoop.ozone.om.ratis.OzoneManagerStateMachine.lambda$1(OzoneManagerStateMachine.java:349)
	at java.util.concurrent.CompletableFuture$AsyncSupply.run(CompletableFuture.java:1604)
	at java.util.concurrent.ThreadPoolExecutor.runWorker(ThreadPoolExecutor.java:1149)
	at java.util.concurrent.ThreadPoolExecutor$Worker.run(ThreadPoolExecutor.java:624)
	at java.lang.Thread.run(Thread.java:750)
]]></system-out>
  </testcase>
  <testcase name="testMultipartUploadWithPartsMisMatchWithListSizeDifferent" classname="org.apache.hadoop.ozone.client.rpc.TestOzoneRpcClientWithRatis" time="0.01">
    <system-out><![CDATA[2024-01-17 07:57:44,762 [main] INFO  rpc.RpcClient (RpcClient.java:createVolume(456)) - Creating Volume: 6754edc6-c81d-4d9d-98e2-08c2f74e567a, with runner as owner and space quota set to -1 bytes, counts quota set to -1
2024-01-17 07:57:44,763 [om1-OMStateMachineApplyTransactionThread - 0] INFO  volume.OMVolumeCreateRequest (OMVolumeCreateRequest.java:validateAndUpdateCache(198)) - created volume:6754edc6-c81d-4d9d-98e2-08c2f74e567a for user:runner
2024-01-17 07:57:44,764 [main] INFO  rpc.RpcClient (RpcClient.java:createBucket(683)) - Creating Bucket: 6754edc6-c81d-4d9d-98e2-08c2f74e567a/66e7e343-707e-4a2f-9b2e-9b0fb333971f, with server-side default bucket layout, runner as owner, Versioning false, Storage Type set to DISK and Encryption set to false, Replication Type set to server-side default replication type, Namespace Quota set to -1, Space Quota set to -1 
2024-01-17 07:57:44,765 [om1-OMStateMachineApplyTransactionThread - 0] INFO  bucket.OMBucketCreateRequest (OMBucketCreateRequest.java:validateAndUpdateCache(296)) - created bucket: 66e7e343-707e-4a2f-9b2e-9b0fb333971f of layout FILE_SYSTEM_OPTIMIZED in volume: 6754edc6-c81d-4d9d-98e2-08c2f74e567a
2024-01-17 07:57:44,770 [om1-OMStateMachineApplyTransactionThread - 0] ERROR multipart.S3MultipartUploadCompleteRequest (S3MultipartUploadCompleteRequest.java:validateAndUpdateCache(179)) - Complete MultipartUpload failed for key /6754edc6-c81d-4d9d-98e2-08c2f74e567a/66e7e343-707e-4a2f-9b2e-9b0fb333971f/1476566e-4c7f-4cf0-9001-27ece34e9acd , MPU Key has no parts in OM, parts given to upload are [partNumber: 1
partName: "246831b4-887a-4e78-98d1-2e47552daa2b"
]
07:57:44.770 [om1-OMStateMachineApplyTransactionThread - 0] ERROR OMAudit - user=runner | ip=127.0.0.1 | op=COMPLETE_MULTIPART_UPLOAD {volume=6754edc6-c81d-4d9d-98e2-08c2f74e567a, bucket=66e7e343-707e-4a2f-9b2e-9b0fb333971f, key=1476566e-4c7f-4cf0-9001-27ece34e9acd, dataSize=0, replicationType=NONE, replicationFactor=ZERO, multipartList=[partNumber: 1 partName: "246831b4-887a-4e78-98d1-2e47552daa2b" ]} | ret=FAILURE
org.apache.hadoop.ozone.om.exceptions.OMException: Complete Multipart Upload Failed: volume: 6754edc6-c81d-4d9d-98e2-08c2f74e567a bucket: 66e7e343-707e-4a2f-9b2e-9b0fb333971f key: 1476566e-4c7f-4cf0-9001-27ece34e9acd
	at org.apache.hadoop.ozone.om.request.s3.multipart.S3MultipartUploadCompleteRequest.validateAndUpdateCache(S3MultipartUploadCompleteRequest.java:182) ~[ozone-manager-1.5.0-SNAPSHOT.jar:?]
	at org.apache.hadoop.ozone.protocolPB.OzoneManagerRequestHandler.lambda$0(OzoneManagerRequestHandler.java:403) ~[ozone-manager-1.5.0-SNAPSHOT.jar:?]
	at org.apache.hadoop.util.MetricUtil.captureLatencyNs(MetricUtil.java:45) ~[hdds-common-1.5.0-SNAPSHOT.jar:?]
	at org.apache.hadoop.ozone.protocolPB.OzoneManagerRequestHandler.handleWriteRequest(OzoneManagerRequestHandler.java:399) ~[ozone-manager-1.5.0-SNAPSHOT.jar:?]
	at org.apache.hadoop.ozone.om.ratis.OzoneManagerStateMachine.runCommand(OzoneManagerStateMachine.java:559) ~[ozone-manager-1.5.0-SNAPSHOT.jar:?]
	at org.apache.hadoop.ozone.om.ratis.OzoneManagerStateMachine.lambda$1(OzoneManagerStateMachine.java:349) ~[ozone-manager-1.5.0-SNAPSHOT.jar:?]
	at java.util.concurrent.CompletableFuture$AsyncSupply.run(CompletableFuture.java:1604) [?:1.8.0_392]
	at java.util.concurrent.ThreadPoolExecutor.runWorker(ThreadPoolExecutor.java:1149) [?:1.8.0_392]
	at java.util.concurrent.ThreadPoolExecutor$Worker.run(ThreadPoolExecutor.java:624) [?:1.8.0_392]
	at java.lang.Thread.run(Thread.java:750) [?:1.8.0_392]
2024-01-17 07:57:44,770 [om1-OMStateMachineApplyTransactionThread - 0] ERROR multipart.S3MultipartUploadCompleteRequest (S3MultipartUploadCompleteRequest.java:logResult(347)) - MultipartUpload Complete request failed for Key: 1476566e-4c7f-4cf0-9001-27ece34e9acd in Volume/Bucket 6754edc6-c81d-4d9d-98e2-08c2f74e567a/66e7e343-707e-4a2f-9b2e-9b0fb333971f
INVALID_PART org.apache.hadoop.ozone.om.exceptions.OMException: Complete Multipart Upload Failed: volume: 6754edc6-c81d-4d9d-98e2-08c2f74e567a bucket: 66e7e343-707e-4a2f-9b2e-9b0fb333971f key: 1476566e-4c7f-4cf0-9001-27ece34e9acd
	at org.apache.hadoop.ozone.om.request.s3.multipart.S3MultipartUploadCompleteRequest.validateAndUpdateCache(S3MultipartUploadCompleteRequest.java:182)
	at org.apache.hadoop.ozone.protocolPB.OzoneManagerRequestHandler.lambda$0(OzoneManagerRequestHandler.java:403)
	at org.apache.hadoop.util.MetricUtil.captureLatencyNs(MetricUtil.java:45)
	at org.apache.hadoop.ozone.protocolPB.OzoneManagerRequestHandler.handleWriteRequest(OzoneManagerRequestHandler.java:399)
	at org.apache.hadoop.ozone.om.ratis.OzoneManagerStateMachine.runCommand(OzoneManagerStateMachine.java:559)
	at org.apache.hadoop.ozone.om.ratis.OzoneManagerStateMachine.lambda$1(OzoneManagerStateMachine.java:349)
	at java.util.concurrent.CompletableFuture$AsyncSupply.run(CompletableFuture.java:1604)
	at java.util.concurrent.ThreadPoolExecutor.runWorker(ThreadPoolExecutor.java:1149)
	at java.util.concurrent.ThreadPoolExecutor$Worker.run(ThreadPoolExecutor.java:624)
	at java.lang.Thread.run(Thread.java:750)
]]></system-out>
  </testcase>
  <testcase name="testNativeAclsForBucket" classname="org.apache.hadoop.ozone.client.rpc.TestOzoneRpcClientWithRatis" time="0.057">
    <system-out><![CDATA[2024-01-17 07:57:44,772 [main] INFO  rpc.RpcClient (RpcClient.java:createVolume(456)) - Creating Volume: 126ee0ae-01e0-4ac6-90f5-0646ef68d8a5, with runner as owner and space quota set to -1 bytes, counts quota set to -1
2024-01-17 07:57:44,773 [om1-OMStateMachineApplyTransactionThread - 0] INFO  volume.OMVolumeCreateRequest (OMVolumeCreateRequest.java:validateAndUpdateCache(198)) - created volume:126ee0ae-01e0-4ac6-90f5-0646ef68d8a5 for user:runner
2024-01-17 07:57:44,774 [main] INFO  rpc.RpcClient (RpcClient.java:createBucket(683)) - Creating Bucket: 126ee0ae-01e0-4ac6-90f5-0646ef68d8a5/336fd9c8-053a-4727-b975-1cc3b4d2d015, with server-side default bucket layout, runner as owner, Versioning false, Storage Type set to DISK and Encryption set to false, Replication Type set to server-side default replication type, Namespace Quota set to -1, Space Quota set to -1 
2024-01-17 07:57:44,775 [om1-OMStateMachineApplyTransactionThread - 0] INFO  bucket.OMBucketCreateRequest (OMBucketCreateRequest.java:validateAndUpdateCache(296)) - created bucket: 336fd9c8-053a-4727-b975-1cc3b4d2d015 of layout FILE_SYSTEM_OPTIMIZED in volume: 126ee0ae-01e0-4ac6-90f5-0646ef68d8a5
2024-01-17 07:57:44,826 [main] INFO  rpc.RpcClient (RpcClient.java:createBucket(683)) - Creating Bucket: 126ee0ae-01e0-4ac6-90f5-0646ef68d8a5/336fd9c8-053a-4727-b975-1cc3b4d2d015, with server-side default bucket layout, runner as owner, Versioning false, Storage Type set to DISK and Encryption set to false, Replication Type set to server-side default replication type, Namespace Quota set to -1, Space Quota set to -1 
2024-01-17 07:57:44,827 [om1-OMStateMachineApplyTransactionThread - 0] INFO  bucket.OMBucketCreateRequest (OMBucketCreateRequest.java:validateAndUpdateCache(296)) - created bucket: 336fd9c8-053a-4727-b975-1cc3b4d2d015 of layout FILE_SYSTEM_OPTIMIZED in volume: 126ee0ae-01e0-4ac6-90f5-0646ef68d8a5
]]></system-out>
  </testcase>
  <testcase name="testNativeAclsForKey" classname="org.apache.hadoop.ozone.client.rpc.TestOzoneRpcClientWithRatis" time="0.156">
    <system-out><![CDATA[2024-01-17 07:57:44,831 [main] INFO  rpc.RpcClient (RpcClient.java:createVolume(456)) - Creating Volume: b9671c46-6011-4dae-ab02-d70a1a8b5d94, with runner as owner and space quota set to -1 bytes, counts quota set to -1
2024-01-17 07:57:44,832 [om1-OMStateMachineApplyTransactionThread - 0] INFO  volume.OMVolumeCreateRequest (OMVolumeCreateRequest.java:validateAndUpdateCache(198)) - created volume:b9671c46-6011-4dae-ab02-d70a1a8b5d94 for user:runner
2024-01-17 07:57:44,833 [main] INFO  rpc.RpcClient (RpcClient.java:createBucket(683)) - Creating Bucket: b9671c46-6011-4dae-ab02-d70a1a8b5d94/09015e74-8e30-4da6-b80f-80b4441f4660, with server-side default bucket layout, runner as owner, Versioning false, Storage Type set to DISK and Encryption set to false, Replication Type set to server-side default replication type, Namespace Quota set to -1, Space Quota set to -1 
2024-01-17 07:57:44,835 [om1-OMStateMachineApplyTransactionThread - 0] INFO  bucket.OMBucketCreateRequest (OMBucketCreateRequest.java:validateAndUpdateCache(296)) - created bucket: 09015e74-8e30-4da6-b80f-80b4441f4660 of layout FILE_SYSTEM_OPTIMIZED in volume: b9671c46-6011-4dae-ab02-d70a1a8b5d94
]]></system-out>
  </testcase>
  <testcase name="testNativeAclsForPrefix" classname="org.apache.hadoop.ozone.client.rpc.TestOzoneRpcClientWithRatis" time="0.073">
    <system-out><![CDATA[2024-01-17 07:57:44,987 [main] INFO  rpc.RpcClient (RpcClient.java:createVolume(456)) - Creating Volume: 7bd104df-8b14-4cf2-8984-af8571f796ba, with runner as owner and space quota set to -1 bytes, counts quota set to -1
2024-01-17 07:57:44,988 [om1-OMStateMachineApplyTransactionThread - 0] INFO  volume.OMVolumeCreateRequest (OMVolumeCreateRequest.java:validateAndUpdateCache(198)) - created volume:7bd104df-8b14-4cf2-8984-af8571f796ba for user:runner
2024-01-17 07:57:44,989 [main] INFO  rpc.RpcClient (RpcClient.java:createBucket(683)) - Creating Bucket: 7bd104df-8b14-4cf2-8984-af8571f796ba/ea3f071e-7896-4c46-936d-3097eaf0881a, with server-side default bucket layout, runner as owner, Versioning false, Storage Type set to DISK and Encryption set to false, Replication Type set to server-side default replication type, Namespace Quota set to -1, Space Quota set to -1 
2024-01-17 07:57:44,991 [om1-OMStateMachineApplyTransactionThread - 0] INFO  bucket.OMBucketCreateRequest (OMBucketCreateRequest.java:validateAndUpdateCache(296)) - created bucket: ea3f071e-7896-4c46-936d-3097eaf0881a of layout FILE_SYSTEM_OPTIMIZED in volume: 7bd104df-8b14-4cf2-8984-af8571f796ba
]]></system-out>
  </testcase>
  <testcase name="testNativeAclsForVolume" classname="org.apache.hadoop.ozone.client.rpc.TestOzoneRpcClientWithRatis" time="0.046">
    <system-out><![CDATA[2024-01-17 07:57:45,061 [main] INFO  rpc.RpcClient (RpcClient.java:createVolume(456)) - Creating Volume: 3c00c092-35c4-433f-82e6-71687bde6a3d, with runner as owner and space quota set to -1 bytes, counts quota set to -1
2024-01-17 07:57:45,063 [om1-OMStateMachineApplyTransactionThread - 0] INFO  volume.OMVolumeCreateRequest (OMVolumeCreateRequest.java:validateAndUpdateCache(198)) - created volume:3c00c092-35c4-433f-82e6-71687bde6a3d for user:runner
]]></system-out>
  </testcase>
  <testcase name="testNoSuchUploadError" classname="org.apache.hadoop.ozone.client.rpc.TestOzoneRpcClientWithRatis" time="0.009">
    <system-out><![CDATA[2024-01-17 07:57:45,108 [main] INFO  rpc.RpcClient (RpcClient.java:createVolume(456)) - Creating Volume: d01baa08-9ae0-4c52-a911-b54b76bbc454, with runner as owner and space quota set to -1 bytes, counts quota set to -1
2024-01-17 07:57:45,110 [om1-OMStateMachineApplyTransactionThread - 0] INFO  volume.OMVolumeCreateRequest (OMVolumeCreateRequest.java:validateAndUpdateCache(198)) - created volume:d01baa08-9ae0-4c52-a911-b54b76bbc454 for user:runner
2024-01-17 07:57:45,112 [main] INFO  rpc.RpcClient (RpcClient.java:createBucket(683)) - Creating Bucket: d01baa08-9ae0-4c52-a911-b54b76bbc454/42847e23-e11f-4bb5-b1cb-e128732f5aa2, with server-side default bucket layout, runner as owner, Versioning false, Storage Type set to DISK and Encryption set to false, Replication Type set to server-side default replication type, Namespace Quota set to -1, Space Quota set to -1 
2024-01-17 07:57:45,113 [om1-OMStateMachineApplyTransactionThread - 0] INFO  bucket.OMBucketCreateRequest (OMBucketCreateRequest.java:validateAndUpdateCache(296)) - created bucket: 42847e23-e11f-4bb5-b1cb-e128732f5aa2 of layout FILE_SYSTEM_OPTIMIZED in volume: d01baa08-9ae0-4c52-a911-b54b76bbc454
07:57:45.116 [om1-OMStateMachineApplyTransactionThread - 0] ERROR OMAudit - user=runner | ip=127.0.0.1 | op=ALLOCATE_KEY {volume=d01baa08-9ae0-4c52-a911-b54b76bbc454, bucket=42847e23-e11f-4bb5-b1cb-e128732f5aa2, key=80497eb6-8834-4481-9b43-9c3100275ade, dataSize=12, replicationType=NONE, replicationFactor=ZERO} | ret=FAILURE
org.apache.hadoop.ozone.om.exceptions.OMException: No such Multipart upload is with specified uploadId random
	at org.apache.hadoop.ozone.om.request.key.OMKeyRequest.prepareMultipartFileInfo(OMKeyRequest.java:871) ~[ozone-manager-1.5.0-SNAPSHOT.jar:?]
	at org.apache.hadoop.ozone.om.request.key.OMKeyRequest.prepareFileInfo(OMKeyRequest.java:751) ~[ozone-manager-1.5.0-SNAPSHOT.jar:?]
	at org.apache.hadoop.ozone.om.request.key.OMKeyCreateRequestWithFSO.validateAndUpdateCache(OMKeyCreateRequestWithFSO.java:155) ~[ozone-manager-1.5.0-SNAPSHOT.jar:?]
	at org.apache.hadoop.ozone.protocolPB.OzoneManagerRequestHandler.lambda$0(OzoneManagerRequestHandler.java:403) ~[ozone-manager-1.5.0-SNAPSHOT.jar:?]
	at org.apache.hadoop.util.MetricUtil.captureLatencyNs(MetricUtil.java:45) ~[hdds-common-1.5.0-SNAPSHOT.jar:?]
	at org.apache.hadoop.ozone.protocolPB.OzoneManagerRequestHandler.handleWriteRequest(OzoneManagerRequestHandler.java:399) ~[ozone-manager-1.5.0-SNAPSHOT.jar:?]
	at org.apache.hadoop.ozone.om.ratis.OzoneManagerStateMachine.runCommand(OzoneManagerStateMachine.java:559) ~[ozone-manager-1.5.0-SNAPSHOT.jar:?]
	at org.apache.hadoop.ozone.om.ratis.OzoneManagerStateMachine.lambda$1(OzoneManagerStateMachine.java:349) ~[ozone-manager-1.5.0-SNAPSHOT.jar:?]
	at java.util.concurrent.CompletableFuture$AsyncSupply.run(CompletableFuture.java:1604) [?:1.8.0_392]
	at java.util.concurrent.ThreadPoolExecutor.runWorker(ThreadPoolExecutor.java:1149) [?:1.8.0_392]
	at java.util.concurrent.ThreadPoolExecutor$Worker.run(ThreadPoolExecutor.java:624) [?:1.8.0_392]
	at java.lang.Thread.run(Thread.java:750) [?:1.8.0_392]
2024-01-17 07:57:45,116 [om1-OMStateMachineApplyTransactionThread - 0] ERROR key.OMKeyCreateRequest (OMKeyCreateRequest.java:logResult(382)) - Key creation failed. Volume:d01baa08-9ae0-4c52-a911-b54b76bbc454, Bucket:42847e23-e11f-4bb5-b1cb-e128732f5aa2, Key:80497eb6-8834-4481-9b43-9c3100275ade. 
NO_SUCH_MULTIPART_UPLOAD_ERROR org.apache.hadoop.ozone.om.exceptions.OMException: No such Multipart upload is with specified uploadId random
	at org.apache.hadoop.ozone.om.request.key.OMKeyRequest.prepareMultipartFileInfo(OMKeyRequest.java:871)
	at org.apache.hadoop.ozone.om.request.key.OMKeyRequest.prepareFileInfo(OMKeyRequest.java:751)
	at org.apache.hadoop.ozone.om.request.key.OMKeyCreateRequestWithFSO.validateAndUpdateCache(OMKeyCreateRequestWithFSO.java:155)
	at org.apache.hadoop.ozone.protocolPB.OzoneManagerRequestHandler.lambda$0(OzoneManagerRequestHandler.java:403)
	at org.apache.hadoop.util.MetricUtil.captureLatencyNs(MetricUtil.java:45)
	at org.apache.hadoop.ozone.protocolPB.OzoneManagerRequestHandler.handleWriteRequest(OzoneManagerRequestHandler.java:399)
	at org.apache.hadoop.ozone.om.ratis.OzoneManagerStateMachine.runCommand(OzoneManagerStateMachine.java:559)
	at org.apache.hadoop.ozone.om.ratis.OzoneManagerStateMachine.lambda$1(OzoneManagerStateMachine.java:349)
	at java.util.concurrent.CompletableFuture$AsyncSupply.run(CompletableFuture.java:1604)
	at java.util.concurrent.ThreadPoolExecutor.runWorker(ThreadPoolExecutor.java:1149)
	at java.util.concurrent.ThreadPoolExecutor$Worker.run(ThreadPoolExecutor.java:624)
	at java.lang.Thread.run(Thread.java:750)
]]></system-out>
  </testcase>
  <testcase name="testOMClientProxyProvider" classname="org.apache.hadoop.ozone.client.rpc.TestOzoneRpcClientWithRatis" time="0.001"/>
  <testcase name="testParallelDeleteBucketAndCreateKey" classname="org.apache.hadoop.ozone.client.rpc.TestOzoneRpcClientWithRatis" time="2.044">
    <failure message="&#10;Expecting:&#10; &lt;&quot;&quot;&gt;&#10;to contain:&#10; &lt;&quot;Failed to write, Exception occurred&quot;&gt; " type="java.lang.AssertionError"><![CDATA[java.lang.AssertionError: 

Expecting:
 <"">
to contain:
 <"Failed to write, Exception occurred"> 
	at org.apache.hadoop.ozone.client.rpc.TestOzoneRpcClientWithRatis.testParallelDeleteBucketAndCreateKey(TestOzoneRpcClientWithRatis.java:347)
	at java.lang.reflect.Method.invoke(Method.java:498)
	at java.util.ArrayList.forEach(ArrayList.java:1259)
	at java.util.ArrayList.forEach(ArrayList.java:1259)
]]></failure>
    <system-out><![CDATA[2024-01-17 07:57:45,120 [main] INFO  rpc.RpcClient (RpcClient.java:createVolume(456)) - Creating Volume: 368134d5-cd1e-452e-8b09-80a3e5101391, with runner as owner and space quota set to -1 bytes, counts quota set to -1
2024-01-17 07:57:45,124 [om1-OMStateMachineApplyTransactionThread - 0] INFO  volume.OMVolumeCreateRequest (OMVolumeCreateRequest.java:validateAndUpdateCache(198)) - created volume:368134d5-cd1e-452e-8b09-80a3e5101391 for user:runner
2024-01-17 07:57:45,125 [main] INFO  rpc.RpcClient (RpcClient.java:createBucket(683)) - Creating Bucket: 368134d5-cd1e-452e-8b09-80a3e5101391/6078e4e3-4123-4da1-b512-8bbf82ca384e, with server-side default bucket layout, runner as owner, Versioning false, Storage Type set to DISK and Encryption set to false, Replication Type set to server-side default replication type, Namespace Quota set to -1, Space Quota set to -1 
2024-01-17 07:57:45,127 [om1-OMStateMachineApplyTransactionThread - 0] INFO  bucket.OMBucketCreateRequest (OMBucketCreateRequest.java:validateAndUpdateCache(296)) - created bucket: 6078e4e3-4123-4da1-b512-8bbf82ca384e of layout FILE_SYSTEM_OPTIMIZED in volume: 368134d5-cd1e-452e-8b09-80a3e5101391
2024-01-17 07:57:47,133 [main] INFO  rpc.RpcClient (RpcClient.java:createBucket(683)) - Creating Bucket: 368134d5-cd1e-452e-8b09-80a3e5101391/86ac21bd-5ef7-4921-a1c4-005e0ab51f2e, with server-side default bucket layout, runner as owner, Versioning false, Storage Type set to DISK and Encryption set to false, Replication Type set to server-side default replication type, Namespace Quota set to -1, Space Quota set to -1 
2024-01-17 07:57:47,134 [om1-OMStateMachineApplyTransactionThread - 0] INFO  bucket.OMBucketCreateRequest (OMBucketCreateRequest.java:validateAndUpdateCache(296)) - created bucket: 86ac21bd-5ef7-4921-a1c4-005e0ab51f2e of layout FILE_SYSTEM_OPTIMIZED in volume: 368134d5-cd1e-452e-8b09-80a3e5101391
]]></system-out>
  </testcase>
  <testcase name="testPutKey" classname="org.apache.hadoop.ozone.client.rpc.TestOzoneRpcClientWithRatis" time="0.18">
    <system-out><![CDATA[2024-01-17 07:57:47,170 [main] INFO  rpc.RpcClient (RpcClient.java:createVolume(456)) - Creating Volume: 8bce0087-37a2-4555-ad51-6f7ca61d9130, with runner as owner and space quota set to -1 bytes, counts quota set to -1
2024-01-17 07:57:47,171 [om1-OMStateMachineApplyTransactionThread - 0] INFO  volume.OMVolumeCreateRequest (OMVolumeCreateRequest.java:validateAndUpdateCache(198)) - created volume:8bce0087-37a2-4555-ad51-6f7ca61d9130 for user:runner
2024-01-17 07:57:47,173 [main] INFO  rpc.RpcClient (RpcClient.java:createBucket(683)) - Creating Bucket: 8bce0087-37a2-4555-ad51-6f7ca61d9130/cac62679-2b19-443d-a46c-3c71e7a95f56, with server-side default bucket layout, runner as owner, Versioning false, Storage Type set to DISK and Encryption set to false, Replication Type set to server-side default replication type, Namespace Quota set to -1, Space Quota set to -1 
2024-01-17 07:57:47,174 [om1-OMStateMachineApplyTransactionThread - 0] INFO  bucket.OMBucketCreateRequest (OMBucketCreateRequest.java:validateAndUpdateCache(296)) - created bucket: cac62679-2b19-443d-a46c-3c71e7a95f56 of layout FILE_SYSTEM_OPTIMIZED in volume: 8bce0087-37a2-4555-ad51-6f7ca61d9130
2024-01-17 07:57:47,185 [IPC Server handler 63 on default port 15001] WARN  node.SCMNodeManager (SCMNodeManager.java:getNodesByAddress(1459)) - Cannot find node for address 127.0.0.1
2024-01-17 07:57:47,187 [IPC Server handler 42 on default port 15001] WARN  node.SCMNodeManager (SCMNodeManager.java:getNodesByAddress(1459)) - Cannot find node for address 127.0.0.1
2024-01-17 07:57:47,201 [IPC Server handler 44 on default port 15001] WARN  node.SCMNodeManager (SCMNodeManager.java:getNodesByAddress(1459)) - Cannot find node for address 127.0.0.1
2024-01-17 07:57:47,203 [IPC Server handler 55 on default port 15001] WARN  node.SCMNodeManager (SCMNodeManager.java:getNodesByAddress(1459)) - Cannot find node for address 127.0.0.1
2024-01-17 07:57:47,217 [IPC Server handler 83 on default port 15001] WARN  node.SCMNodeManager (SCMNodeManager.java:getNodesByAddress(1459)) - Cannot find node for address 127.0.0.1
2024-01-17 07:57:47,220 [IPC Server handler 84 on default port 15001] WARN  node.SCMNodeManager (SCMNodeManager.java:getNodesByAddress(1459)) - Cannot find node for address 127.0.0.1
2024-01-17 07:57:47,238 [IPC Server handler 82 on default port 15001] WARN  node.SCMNodeManager (SCMNodeManager.java:getNodesByAddress(1459)) - Cannot find node for address 127.0.0.1
2024-01-17 07:57:47,240 [IPC Server handler 85 on default port 15001] WARN  node.SCMNodeManager (SCMNodeManager.java:getNodesByAddress(1459)) - Cannot find node for address 127.0.0.1
2024-01-17 07:57:47,257 [IPC Server handler 87 on default port 15001] WARN  node.SCMNodeManager (SCMNodeManager.java:getNodesByAddress(1459)) - Cannot find node for address 127.0.0.1
2024-01-17 07:57:47,259 [IPC Server handler 90 on default port 15001] WARN  node.SCMNodeManager (SCMNodeManager.java:getNodesByAddress(1459)) - Cannot find node for address 127.0.0.1
2024-01-17 07:57:47,276 [IPC Server handler 74 on default port 15001] WARN  node.SCMNodeManager (SCMNodeManager.java:getNodesByAddress(1459)) - Cannot find node for address 127.0.0.1
2024-01-17 07:57:47,277 [IPC Server handler 67 on default port 15001] WARN  node.SCMNodeManager (SCMNodeManager.java:getNodesByAddress(1459)) - Cannot find node for address 127.0.0.1
2024-01-17 07:57:47,294 [IPC Server handler 68 on default port 15001] WARN  node.SCMNodeManager (SCMNodeManager.java:getNodesByAddress(1459)) - Cannot find node for address 127.0.0.1
2024-01-17 07:57:47,296 [IPC Server handler 75 on default port 15001] WARN  node.SCMNodeManager (SCMNodeManager.java:getNodesByAddress(1459)) - Cannot find node for address 127.0.0.1
2024-01-17 07:57:47,310 [IPC Server handler 93 on default port 15001] WARN  node.SCMNodeManager (SCMNodeManager.java:getNodesByAddress(1459)) - Cannot find node for address 127.0.0.1
2024-01-17 07:57:47,312 [IPC Server handler 92 on default port 15001] WARN  node.SCMNodeManager (SCMNodeManager.java:getNodesByAddress(1459)) - Cannot find node for address 127.0.0.1
2024-01-17 07:57:47,328 [IPC Server handler 86 on default port 15001] WARN  node.SCMNodeManager (SCMNodeManager.java:getNodesByAddress(1459)) - Cannot find node for address 127.0.0.1
2024-01-17 07:57:47,329 [IPC Server handler 98 on default port 15001] WARN  node.SCMNodeManager (SCMNodeManager.java:getNodesByAddress(1459)) - Cannot find node for address 127.0.0.1
2024-01-17 07:57:47,342 [IPC Server handler 64 on default port 15001] WARN  node.SCMNodeManager (SCMNodeManager.java:getNodesByAddress(1459)) - Cannot find node for address 127.0.0.1
2024-01-17 07:57:47,345 [IPC Server handler 96 on default port 15001] WARN  node.SCMNodeManager (SCMNodeManager.java:getNodesByAddress(1459)) - Cannot find node for address 127.0.0.1
]]></system-out>
  </testcase>
  <testcase name="testPutKeyRatisOneNode" classname="org.apache.hadoop.ozone.client.rpc.TestOzoneRpcClientWithRatis" time="0.174">
    <system-out><![CDATA[2024-01-17 07:57:47,350 [main] INFO  rpc.RpcClient (RpcClient.java:createVolume(456)) - Creating Volume: 2e1fd873-5173-4ed9-a409-0fb9e684c7be, with runner as owner and space quota set to -1 bytes, counts quota set to -1
2024-01-17 07:57:47,352 [om1-OMStateMachineApplyTransactionThread - 0] INFO  volume.OMVolumeCreateRequest (OMVolumeCreateRequest.java:validateAndUpdateCache(198)) - created volume:2e1fd873-5173-4ed9-a409-0fb9e684c7be for user:runner
2024-01-17 07:57:47,353 [main] INFO  rpc.RpcClient (RpcClient.java:createBucket(683)) - Creating Bucket: 2e1fd873-5173-4ed9-a409-0fb9e684c7be/2bdd660f-5d2b-43e6-89c3-2eeed54a2559, with server-side default bucket layout, runner as owner, Versioning false, Storage Type set to DISK and Encryption set to false, Replication Type set to server-side default replication type, Namespace Quota set to -1, Space Quota set to -1 
2024-01-17 07:57:47,354 [om1-OMStateMachineApplyTransactionThread - 0] INFO  bucket.OMBucketCreateRequest (OMBucketCreateRequest.java:validateAndUpdateCache(296)) - created bucket: 2bdd660f-5d2b-43e6-89c3-2eeed54a2559 of layout FILE_SYSTEM_OPTIMIZED in volume: 2e1fd873-5173-4ed9-a409-0fb9e684c7be
2024-01-17 07:57:47,364 [IPC Server handler 95 on default port 15001] WARN  node.SCMNodeManager (SCMNodeManager.java:getNodesByAddress(1459)) - Cannot find node for address 127.0.0.1
2024-01-17 07:57:47,366 [IPC Server handler 91 on default port 15001] WARN  node.SCMNodeManager (SCMNodeManager.java:getNodesByAddress(1459)) - Cannot find node for address 127.0.0.1
2024-01-17 07:57:47,381 [IPC Server handler 77 on default port 15001] WARN  node.SCMNodeManager (SCMNodeManager.java:getNodesByAddress(1459)) - Cannot find node for address 127.0.0.1
2024-01-17 07:57:47,383 [IPC Server handler 60 on default port 15001] WARN  node.SCMNodeManager (SCMNodeManager.java:getNodesByAddress(1459)) - Cannot find node for address 127.0.0.1
2024-01-17 07:57:47,398 [IPC Server handler 99 on default port 15001] WARN  node.SCMNodeManager (SCMNodeManager.java:getNodesByAddress(1459)) - Cannot find node for address 127.0.0.1
2024-01-17 07:57:47,400 [IPC Server handler 0 on default port 15001] WARN  node.SCMNodeManager (SCMNodeManager.java:getNodesByAddress(1459)) - Cannot find node for address 127.0.0.1
2024-01-17 07:57:47,413 [IPC Server handler 1 on default port 15001] WARN  node.SCMNodeManager (SCMNodeManager.java:getNodesByAddress(1459)) - Cannot find node for address 127.0.0.1
2024-01-17 07:57:47,415 [IPC Server handler 4 on default port 15001] WARN  node.SCMNodeManager (SCMNodeManager.java:getNodesByAddress(1459)) - Cannot find node for address 127.0.0.1
2024-01-17 07:57:47,427 [IPC Server handler 10 on default port 15001] WARN  node.SCMNodeManager (SCMNodeManager.java:getNodesByAddress(1459)) - Cannot find node for address 127.0.0.1
2024-01-17 07:57:47,429 [IPC Server handler 12 on default port 15001] WARN  node.SCMNodeManager (SCMNodeManager.java:getNodesByAddress(1459)) - Cannot find node for address 127.0.0.1
2024-01-17 07:57:47,445 [IPC Server handler 24 on default port 15001] WARN  node.SCMNodeManager (SCMNodeManager.java:getNodesByAddress(1459)) - Cannot find node for address 127.0.0.1
2024-01-17 07:57:47,446 [IPC Server handler 18 on default port 15001] WARN  node.SCMNodeManager (SCMNodeManager.java:getNodesByAddress(1459)) - Cannot find node for address 127.0.0.1
2024-01-17 07:57:47,475 [IPC Server handler 32 on default port 15001] WARN  node.SCMNodeManager (SCMNodeManager.java:getNodesByAddress(1459)) - Cannot find node for address 127.0.0.1
2024-01-17 07:57:47,476 [IPC Server handler 27 on default port 15001] WARN  node.SCMNodeManager (SCMNodeManager.java:getNodesByAddress(1459)) - Cannot find node for address 127.0.0.1
2024-01-17 07:57:47,489 [IPC Server handler 6 on default port 15001] WARN  node.SCMNodeManager (SCMNodeManager.java:getNodesByAddress(1459)) - Cannot find node for address 127.0.0.1
2024-01-17 07:57:47,491 [IPC Server handler 21 on default port 15001] WARN  node.SCMNodeManager (SCMNodeManager.java:getNodesByAddress(1459)) - Cannot find node for address 127.0.0.1
2024-01-17 07:57:47,505 [IPC Server handler 33 on default port 15001] WARN  node.SCMNodeManager (SCMNodeManager.java:getNodesByAddress(1459)) - Cannot find node for address 127.0.0.1
2024-01-17 07:57:47,507 [IPC Server handler 28 on default port 15001] WARN  node.SCMNodeManager (SCMNodeManager.java:getNodesByAddress(1459)) - Cannot find node for address 127.0.0.1
2024-01-17 07:57:47,518 [IPC Server handler 20 on default port 15001] WARN  node.SCMNodeManager (SCMNodeManager.java:getNodesByAddress(1459)) - Cannot find node for address 127.0.0.1
2024-01-17 07:57:47,520 [IPC Server handler 9 on default port 15001] WARN  node.SCMNodeManager (SCMNodeManager.java:getNodesByAddress(1459)) - Cannot find node for address 127.0.0.1
]]></system-out>
  </testcase>
  <testcase name="testPutKeyRatisThreeNodes" classname="org.apache.hadoop.ozone.client.rpc.TestOzoneRpcClientWithRatis" time="0.236">
    <system-out><![CDATA[2024-01-17 07:57:47,526 [main] INFO  rpc.RpcClient (RpcClient.java:createVolume(456)) - Creating Volume: 67175f94-b815-400c-b62a-e4b0fb5e3684, with runner as owner and space quota set to -1 bytes, counts quota set to -1
2024-01-17 07:57:47,528 [om1-OMStateMachineApplyTransactionThread - 0] INFO  volume.OMVolumeCreateRequest (OMVolumeCreateRequest.java:validateAndUpdateCache(198)) - created volume:67175f94-b815-400c-b62a-e4b0fb5e3684 for user:runner
2024-01-17 07:57:47,529 [main] INFO  rpc.RpcClient (RpcClient.java:createBucket(683)) - Creating Bucket: 67175f94-b815-400c-b62a-e4b0fb5e3684/5b5ef9d3-cbaa-4f53-807d-1d30d5a2f031, with server-side default bucket layout, runner as owner, Versioning false, Storage Type set to DISK and Encryption set to false, Replication Type set to server-side default replication type, Namespace Quota set to -1, Space Quota set to -1 
2024-01-17 07:57:47,531 [om1-OMStateMachineApplyTransactionThread - 0] INFO  bucket.OMBucketCreateRequest (OMBucketCreateRequest.java:validateAndUpdateCache(296)) - created bucket: 5b5ef9d3-cbaa-4f53-807d-1d30d5a2f031 of layout FILE_SYSTEM_OPTIMIZED in volume: 67175f94-b815-400c-b62a-e4b0fb5e3684
2024-01-17 07:57:47,544 [IPC Server handler 35 on default port 15001] WARN  node.SCMNodeManager (SCMNodeManager.java:getNodesByAddress(1459)) - Cannot find node for address 127.0.0.1
2024-01-17 07:57:47,546 [IPC Server handler 15 on default port 15001] WARN  node.SCMNodeManager (SCMNodeManager.java:getNodesByAddress(1459)) - Cannot find node for address 127.0.0.1
2024-01-17 07:57:47,568 [IPC Server handler 29 on default port 15001] WARN  node.SCMNodeManager (SCMNodeManager.java:getNodesByAddress(1459)) - Cannot find node for address 127.0.0.1
2024-01-17 07:57:47,570 [IPC Server handler 36 on default port 15001] WARN  node.SCMNodeManager (SCMNodeManager.java:getNodesByAddress(1459)) - Cannot find node for address 127.0.0.1
2024-01-17 07:57:47,609 [IPC Server handler 25 on default port 15001] WARN  node.SCMNodeManager (SCMNodeManager.java:getNodesByAddress(1459)) - Cannot find node for address 127.0.0.1
2024-01-17 07:57:47,610 [IPC Server handler 3 on default port 15001] WARN  node.SCMNodeManager (SCMNodeManager.java:getNodesByAddress(1459)) - Cannot find node for address 127.0.0.1
2024-01-17 07:57:47,631 [IPC Server handler 14 on default port 15001] WARN  node.SCMNodeManager (SCMNodeManager.java:getNodesByAddress(1459)) - Cannot find node for address 127.0.0.1
2024-01-17 07:57:47,633 [IPC Server handler 37 on default port 15001] WARN  node.SCMNodeManager (SCMNodeManager.java:getNodesByAddress(1459)) - Cannot find node for address 127.0.0.1
2024-01-17 07:57:47,652 [IPC Server handler 5 on default port 15001] WARN  node.SCMNodeManager (SCMNodeManager.java:getNodesByAddress(1459)) - Cannot find node for address 127.0.0.1
2024-01-17 07:57:47,653 [IPC Server handler 39 on default port 15001] WARN  node.SCMNodeManager (SCMNodeManager.java:getNodesByAddress(1459)) - Cannot find node for address 127.0.0.1
2024-01-17 07:57:47,673 [IPC Server handler 38 on default port 15001] WARN  node.SCMNodeManager (SCMNodeManager.java:getNodesByAddress(1459)) - Cannot find node for address 127.0.0.1
2024-01-17 07:57:47,674 [IPC Server handler 40 on default port 15001] WARN  node.SCMNodeManager (SCMNodeManager.java:getNodesByAddress(1459)) - Cannot find node for address 127.0.0.1
2024-01-17 07:57:47,692 [IPC Server handler 13 on default port 15001] WARN  node.SCMNodeManager (SCMNodeManager.java:getNodesByAddress(1459)) - Cannot find node for address 127.0.0.1
2024-01-17 07:57:47,694 [IPC Server handler 72 on default port 15001] WARN  node.SCMNodeManager (SCMNodeManager.java:getNodesByAddress(1459)) - Cannot find node for address 127.0.0.1
2024-01-17 07:57:47,712 [IPC Server handler 56 on default port 15001] WARN  node.SCMNodeManager (SCMNodeManager.java:getNodesByAddress(1459)) - Cannot find node for address 127.0.0.1
2024-01-17 07:57:47,714 [IPC Server handler 58 on default port 15001] WARN  node.SCMNodeManager (SCMNodeManager.java:getNodesByAddress(1459)) - Cannot find node for address 127.0.0.1
2024-01-17 07:57:47,735 [IPC Server handler 50 on default port 15001] WARN  node.SCMNodeManager (SCMNodeManager.java:getNodesByAddress(1459)) - Cannot find node for address 127.0.0.1
2024-01-17 07:57:47,737 [IPC Server handler 52 on default port 15001] WARN  node.SCMNodeManager (SCMNodeManager.java:getNodesByAddress(1459)) - Cannot find node for address 127.0.0.1
2024-01-17 07:57:47,755 [IPC Server handler 61 on default port 15001] WARN  node.SCMNodeManager (SCMNodeManager.java:getNodesByAddress(1459)) - Cannot find node for address 127.0.0.1
2024-01-17 07:57:47,757 [IPC Server handler 45 on default port 15001] WARN  node.SCMNodeManager (SCMNodeManager.java:getNodesByAddress(1459)) - Cannot find node for address 127.0.0.1
]]></system-out>
  </testcase>
  <testcase name="testPutKeyRatisThreeNodesParallel" classname="org.apache.hadoop.ozone.client.rpc.TestOzoneRpcClientWithRatis" time="5.204">
    <system-out><![CDATA[2024-01-17 07:57:47,763 [main] INFO  rpc.RpcClient (RpcClient.java:createVolume(456)) - Creating Volume: 51eeb63c-7605-4122-8ec4-8f1287048b54, with runner as owner and space quota set to -1 bytes, counts quota set to -1
2024-01-17 07:57:47,764 [om1-OMStateMachineApplyTransactionThread - 0] INFO  volume.OMVolumeCreateRequest (OMVolumeCreateRequest.java:validateAndUpdateCache(198)) - created volume:51eeb63c-7605-4122-8ec4-8f1287048b54 for user:runner
2024-01-17 07:57:47,765 [main] INFO  rpc.RpcClient (RpcClient.java:createBucket(683)) - Creating Bucket: 51eeb63c-7605-4122-8ec4-8f1287048b54/57259207-97ed-4744-a053-f87a8581d600, with server-side default bucket layout, runner as owner, Versioning false, Storage Type set to DISK and Encryption set to false, Replication Type set to server-side default replication type, Namespace Quota set to -1, Space Quota set to -1 
2024-01-17 07:57:47,766 [om1-OMStateMachineApplyTransactionThread - 0] INFO  bucket.OMBucketCreateRequest (OMBucketCreateRequest.java:validateAndUpdateCache(296)) - created bucket: 57259207-97ed-4744-a053-f87a8581d600 of layout FILE_SYSTEM_OPTIMIZED in volume: 51eeb63c-7605-4122-8ec4-8f1287048b54
2024-01-17 07:57:48,410 [IPC Server handler 1 on default port 15001] WARN  node.SCMNodeManager (SCMNodeManager.java:getNodesByAddress(1459)) - Cannot find node for address 127.0.0.1
2024-01-17 07:57:48,411 [IPC Server handler 4 on default port 15001] WARN  node.SCMNodeManager (SCMNodeManager.java:getNodesByAddress(1459)) - Cannot find node for address 127.0.0.1
2024-01-17 07:57:48,412 [IPC Server handler 8 on default port 15001] WARN  node.SCMNodeManager (SCMNodeManager.java:getNodesByAddress(1459)) - Cannot find node for address 127.0.0.1
2024-01-17 07:57:48,415 [IPC Server handler 10 on default port 15001] WARN  node.SCMNodeManager (SCMNodeManager.java:getNodesByAddress(1459)) - Cannot find node for address 127.0.0.1
2024-01-17 07:57:48,415 [IPC Server handler 12 on default port 15001] WARN  node.SCMNodeManager (SCMNodeManager.java:getNodesByAddress(1459)) - Cannot find node for address 127.0.0.1
2024-01-17 07:57:48,416 [IPC Server handler 22 on default port 15001] WARN  node.SCMNodeManager (SCMNodeManager.java:getNodesByAddress(1459)) - Cannot find node for address 127.0.0.1
2024-01-17 07:57:48,575 [IPC Server handler 34 on default port 15001] WARN  node.SCMNodeManager (SCMNodeManager.java:getNodesByAddress(1459)) - Cannot find node for address 127.0.0.1
2024-01-17 07:57:48,576 [IPC Server handler 25 on default port 15001] WARN  node.SCMNodeManager (SCMNodeManager.java:getNodesByAddress(1459)) - Cannot find node for address 127.0.0.1
2024-01-17 07:57:48,577 [IPC Server handler 3 on default port 15001] WARN  node.SCMNodeManager (SCMNodeManager.java:getNodesByAddress(1459)) - Cannot find node for address 127.0.0.1
2024-01-17 07:57:48,578 [IPC Server handler 31 on default port 15001] WARN  node.SCMNodeManager (SCMNodeManager.java:getNodesByAddress(1459)) - Cannot find node for address 127.0.0.1
2024-01-17 07:57:48,580 [IPC Server handler 14 on default port 15001] WARN  node.SCMNodeManager (SCMNodeManager.java:getNodesByAddress(1459)) - Cannot find node for address 127.0.0.1
2024-01-17 07:57:48,581 [IPC Server handler 37 on default port 15001] WARN  node.SCMNodeManager (SCMNodeManager.java:getNodesByAddress(1459)) - Cannot find node for address 127.0.0.1
2024-01-17 07:57:48,581 [IPC Server handler 41 on default port 15001] WARN  node.SCMNodeManager (SCMNodeManager.java:getNodesByAddress(1459)) - Cannot find node for address 127.0.0.1
2024-01-17 07:57:48,582 [IPC Server handler 5 on default port 15001] WARN  node.SCMNodeManager (SCMNodeManager.java:getNodesByAddress(1459)) - Cannot find node for address 127.0.0.1
2024-01-17 07:57:49,442 [IPC Server handler 24 on default port 15001] WARN  node.SCMNodeManager (SCMNodeManager.java:getNodesByAddress(1459)) - Cannot find node for address 127.0.0.1
2024-01-17 07:57:49,443 [IPC Server handler 18 on default port 15001] WARN  node.SCMNodeManager (SCMNodeManager.java:getNodesByAddress(1459)) - Cannot find node for address 127.0.0.1
2024-01-17 07:57:49,445 [IPC Server handler 26 on default port 15001] WARN  node.SCMNodeManager (SCMNodeManager.java:getNodesByAddress(1459)) - Cannot find node for address 127.0.0.1
2024-01-17 07:57:49,445 [IPC Server handler 32 on default port 15001] WARN  node.SCMNodeManager (SCMNodeManager.java:getNodesByAddress(1459)) - Cannot find node for address 127.0.0.1
2024-01-17 07:57:49,448 [IPC Server handler 27 on default port 15001] WARN  node.SCMNodeManager (SCMNodeManager.java:getNodesByAddress(1459)) - Cannot find node for address 127.0.0.1
2024-01-17 07:57:49,449 [IPC Server handler 30 on default port 15001] WARN  node.SCMNodeManager (SCMNodeManager.java:getNodesByAddress(1459)) - Cannot find node for address 127.0.0.1
2024-01-17 07:57:49,450 [IPC Server handler 6 on default port 15001] WARN  node.SCMNodeManager (SCMNodeManager.java:getNodesByAddress(1459)) - Cannot find node for address 127.0.0.1
2024-01-17 07:57:49,450 [IPC Server handler 21 on default port 15001] WARN  node.SCMNodeManager (SCMNodeManager.java:getNodesByAddress(1459)) - Cannot find node for address 127.0.0.1
2024-01-17 07:57:49,543 [IPC Server handler 35 on default port 15001] WARN  node.SCMNodeManager (SCMNodeManager.java:getNodesByAddress(1459)) - Cannot find node for address 127.0.0.1
2024-01-17 07:57:49,545 [IPC Server handler 15 on default port 15001] WARN  node.SCMNodeManager (SCMNodeManager.java:getNodesByAddress(1459)) - Cannot find node for address 127.0.0.1
2024-01-17 07:57:49,546 [IPC Server handler 17 on default port 15001] WARN  node.SCMNodeManager (SCMNodeManager.java:getNodesByAddress(1459)) - Cannot find node for address 127.0.0.1
2024-01-17 07:57:49,548 [IPC Server handler 29 on default port 15001] WARN  node.SCMNodeManager (SCMNodeManager.java:getNodesByAddress(1459)) - Cannot find node for address 127.0.0.1
2024-01-17 07:57:49,549 [IPC Server handler 36 on default port 15001] WARN  node.SCMNodeManager (SCMNodeManager.java:getNodesByAddress(1459)) - Cannot find node for address 127.0.0.1
2024-01-17 07:57:49,550 [IPC Server handler 34 on default port 15001] WARN  node.SCMNodeManager (SCMNodeManager.java:getNodesByAddress(1459)) - Cannot find node for address 127.0.0.1
2024-01-17 07:57:50,336 [IPC Server handler 49 on default port 15001] WARN  node.SCMNodeManager (SCMNodeManager.java:getNodesByAddress(1459)) - Cannot find node for address 127.0.0.1
2024-01-17 07:57:50,336 [IPC Server handler 64 on default port 15001] WARN  node.SCMNodeManager (SCMNodeManager.java:getNodesByAddress(1459)) - Cannot find node for address 127.0.0.1
2024-01-17 07:57:50,337 [IPC Server handler 96 on default port 15001] WARN  node.SCMNodeManager (SCMNodeManager.java:getNodesByAddress(1459)) - Cannot find node for address 127.0.0.1
2024-01-17 07:57:50,342 [IPC Server handler 97 on default port 15001] WARN  node.SCMNodeManager (SCMNodeManager.java:getNodesByAddress(1459)) - Cannot find node for address 127.0.0.1
2024-01-17 07:57:50,344 [IPC Server handler 95 on default port 15001] WARN  node.SCMNodeManager (SCMNodeManager.java:getNodesByAddress(1459)) - Cannot find node for address 127.0.0.1
2024-01-17 07:57:50,345 [IPC Server handler 91 on default port 15001] WARN  node.SCMNodeManager (SCMNodeManager.java:getNodesByAddress(1459)) - Cannot find node for address 127.0.0.1
2024-01-17 07:57:50,388 [IPC Server handler 94 on default port 15001] WARN  node.SCMNodeManager (SCMNodeManager.java:getNodesByAddress(1459)) - Cannot find node for address 127.0.0.1
2024-01-17 07:57:50,388 [IPC Server handler 99 on default port 15001] WARN  node.SCMNodeManager (SCMNodeManager.java:getNodesByAddress(1459)) - Cannot find node for address 127.0.0.1
2024-01-17 07:57:50,390 [IPC Server handler 0 on default port 15001] WARN  node.SCMNodeManager (SCMNodeManager.java:getNodesByAddress(1459)) - Cannot find node for address 127.0.0.1
2024-01-17 07:57:50,393 [IPC Server handler 7 on default port 15001] WARN  node.SCMNodeManager (SCMNodeManager.java:getNodesByAddress(1459)) - Cannot find node for address 127.0.0.1
2024-01-17 07:57:50,394 [IPC Server handler 1 on default port 15001] WARN  node.SCMNodeManager (SCMNodeManager.java:getNodesByAddress(1459)) - Cannot find node for address 127.0.0.1
2024-01-17 07:57:50,394 [IPC Server handler 4 on default port 15001] WARN  node.SCMNodeManager (SCMNodeManager.java:getNodesByAddress(1459)) - Cannot find node for address 127.0.0.1
2024-01-17 07:57:51,394 [IPC Server handler 4 on default port 15001] WARN  node.SCMNodeManager (SCMNodeManager.java:getNodesByAddress(1459)) - Cannot find node for address 127.0.0.1
2024-01-17 07:57:51,395 [IPC Server handler 8 on default port 15001] WARN  node.SCMNodeManager (SCMNodeManager.java:getNodesByAddress(1459)) - Cannot find node for address 127.0.0.1
2024-01-17 07:57:51,397 [IPC Server handler 10 on default port 15001] WARN  node.SCMNodeManager (SCMNodeManager.java:getNodesByAddress(1459)) - Cannot find node for address 127.0.0.1
2024-01-17 07:57:51,398 [IPC Server handler 12 on default port 15001] WARN  node.SCMNodeManager (SCMNodeManager.java:getNodesByAddress(1459)) - Cannot find node for address 127.0.0.1
2024-01-17 07:57:51,401 [IPC Server handler 22 on default port 15001] WARN  node.SCMNodeManager (SCMNodeManager.java:getNodesByAddress(1459)) - Cannot find node for address 127.0.0.1
2024-01-17 07:57:51,402 [IPC Server handler 24 on default port 15001] WARN  node.SCMNodeManager (SCMNodeManager.java:getNodesByAddress(1459)) - Cannot find node for address 127.0.0.1
2024-01-17 07:57:51,402 [IPC Server handler 18 on default port 15001] WARN  node.SCMNodeManager (SCMNodeManager.java:getNodesByAddress(1459)) - Cannot find node for address 127.0.0.1
2024-01-17 07:57:51,403 [IPC Server handler 26 on default port 15001] WARN  node.SCMNodeManager (SCMNodeManager.java:getNodesByAddress(1459)) - Cannot find node for address 127.0.0.1
2024-01-17 07:57:51,419 [IPC Server handler 32 on default port 15001] WARN  node.SCMNodeManager (SCMNodeManager.java:getNodesByAddress(1459)) - Cannot find node for address 127.0.0.1
2024-01-17 07:57:51,420 [IPC Server handler 27 on default port 15001] WARN  node.SCMNodeManager (SCMNodeManager.java:getNodesByAddress(1459)) - Cannot find node for address 127.0.0.1
2024-01-17 07:57:51,421 [IPC Server handler 30 on default port 15001] WARN  node.SCMNodeManager (SCMNodeManager.java:getNodesByAddress(1459)) - Cannot find node for address 127.0.0.1
2024-01-17 07:57:51,423 [IPC Server handler 6 on default port 15001] WARN  node.SCMNodeManager (SCMNodeManager.java:getNodesByAddress(1459)) - Cannot find node for address 127.0.0.1
2024-01-17 07:57:51,424 [IPC Server handler 21 on default port 15001] WARN  node.SCMNodeManager (SCMNodeManager.java:getNodesByAddress(1459)) - Cannot find node for address 127.0.0.1
2024-01-17 07:57:51,425 [IPC Server handler 11 on default port 15001] WARN  node.SCMNodeManager (SCMNodeManager.java:getNodesByAddress(1459)) - Cannot find node for address 127.0.0.1
2024-01-17 07:57:52,722 [IPC Server handler 71 on default port 15001] WARN  node.SCMNodeManager (SCMNodeManager.java:getNodesByAddress(1459)) - Cannot find node for address 127.0.0.1
2024-01-17 07:57:52,723 [IPC Server handler 50 on default port 15001] WARN  node.SCMNodeManager (SCMNodeManager.java:getNodesByAddress(1459)) - Cannot find node for address 127.0.0.1
2024-01-17 07:57:52,724 [IPC Server handler 52 on default port 15001] WARN  node.SCMNodeManager (SCMNodeManager.java:getNodesByAddress(1459)) - Cannot find node for address 127.0.0.1
2024-01-17 07:57:52,726 [IPC Server handler 69 on default port 15001] WARN  node.SCMNodeManager (SCMNodeManager.java:getNodesByAddress(1459)) - Cannot find node for address 127.0.0.1
2024-01-17 07:57:52,727 [IPC Server handler 61 on default port 15001] WARN  node.SCMNodeManager (SCMNodeManager.java:getNodesByAddress(1459)) - Cannot find node for address 127.0.0.1
2024-01-17 07:57:52,728 [IPC Server handler 45 on default port 15001] WARN  node.SCMNodeManager (SCMNodeManager.java:getNodesByAddress(1459)) - Cannot find node for address 127.0.0.1
2024-01-17 07:57:52,854 [IPC Server handler 70 on default port 15001] WARN  node.SCMNodeManager (SCMNodeManager.java:getNodesByAddress(1459)) - Cannot find node for address 127.0.0.1
2024-01-17 07:57:52,855 [IPC Server handler 65 on default port 15001] WARN  node.SCMNodeManager (SCMNodeManager.java:getNodesByAddress(1459)) - Cannot find node for address 127.0.0.1
2024-01-17 07:57:52,855 [IPC Server handler 51 on default port 15001] WARN  node.SCMNodeManager (SCMNodeManager.java:getNodesByAddress(1459)) - Cannot find node for address 127.0.0.1
2024-01-17 07:57:52,858 [IPC Server handler 76 on default port 15001] WARN  node.SCMNodeManager (SCMNodeManager.java:getNodesByAddress(1459)) - Cannot find node for address 127.0.0.1
2024-01-17 07:57:52,858 [IPC Server handler 59 on default port 15001] WARN  node.SCMNodeManager (SCMNodeManager.java:getNodesByAddress(1459)) - Cannot find node for address 127.0.0.1
2024-01-17 07:57:52,859 [IPC Server handler 46 on default port 15001] WARN  node.SCMNodeManager (SCMNodeManager.java:getNodesByAddress(1459)) - Cannot find node for address 127.0.0.1
]]></system-out>
  </testcase>
  <testcase name="testPutKeyWithReplicationConfig(String, boolean)[1]" classname="org.apache.hadoop.ozone.client.rpc.TestOzoneRpcClientWithRatis" time="0.006">
    <system-out><![CDATA[2024-01-17 07:57:52,970 [main] INFO  rpc.RpcClient (RpcClient.java:createVolume(456)) - Creating Volume: 496820cc-e5c4-4a8e-961a-718d216c0561, with runner as owner and space quota set to -1 bytes, counts quota set to -1
2024-01-17 07:57:52,971 [om1-OMStateMachineApplyTransactionThread - 0] INFO  volume.OMVolumeCreateRequest (OMVolumeCreateRequest.java:validateAndUpdateCache(198)) - created volume:496820cc-e5c4-4a8e-961a-718d216c0561 for user:runner
2024-01-17 07:57:52,973 [main] INFO  rpc.RpcClient (RpcClient.java:createBucket(683)) - Creating Bucket: 496820cc-e5c4-4a8e-961a-718d216c0561/192f77f5-a123-47cf-b271-69b9cb02b5d8, with server-side default bucket layout, runner as owner, Versioning false, Storage Type set to DISK and Encryption set to false, Replication Type set to server-side default replication type, Namespace Quota set to -1, Space Quota set to -1 
2024-01-17 07:57:52,974 [om1-OMStateMachineApplyTransactionThread - 0] INFO  bucket.OMBucketCreateRequest (OMBucketCreateRequest.java:validateAndUpdateCache(296)) - created bucket: 192f77f5-a123-47cf-b271-69b9cb02b5d8 of layout FILE_SYSTEM_OPTIMIZED in volume: 496820cc-e5c4-4a8e-961a-718d216c0561
]]></system-out>
  </testcase>
  <testcase name="testPutKeyWithReplicationConfig(String, boolean)[2]" classname="org.apache.hadoop.ozone.client.rpc.TestOzoneRpcClientWithRatis" time="0.004">
    <system-out><![CDATA[2024-01-17 07:57:52,976 [main] INFO  rpc.RpcClient (RpcClient.java:createVolume(456)) - Creating Volume: c83c97b5-fffd-4d1e-a460-9139baeb31a8, with runner as owner and space quota set to -1 bytes, counts quota set to -1
2024-01-17 07:57:52,977 [om1-OMStateMachineApplyTransactionThread - 0] INFO  volume.OMVolumeCreateRequest (OMVolumeCreateRequest.java:validateAndUpdateCache(198)) - created volume:c83c97b5-fffd-4d1e-a460-9139baeb31a8 for user:runner
2024-01-17 07:57:52,978 [main] INFO  rpc.RpcClient (RpcClient.java:createBucket(683)) - Creating Bucket: c83c97b5-fffd-4d1e-a460-9139baeb31a8/074867d7-7fd0-4253-a0b2-908dcbd2eb66, with server-side default bucket layout, runner as owner, Versioning false, Storage Type set to DISK and Encryption set to false, Replication Type set to server-side default replication type, Namespace Quota set to -1, Space Quota set to -1 
2024-01-17 07:57:52,979 [om1-OMStateMachineApplyTransactionThread - 0] INFO  bucket.OMBucketCreateRequest (OMBucketCreateRequest.java:validateAndUpdateCache(296)) - created bucket: 074867d7-7fd0-4253-a0b2-908dcbd2eb66 of layout FILE_SYSTEM_OPTIMIZED in volume: c83c97b5-fffd-4d1e-a460-9139baeb31a8
]]></system-out>
  </testcase>
  <testcase name="testPutKeyWithReplicationConfig(String, boolean)[3]" classname="org.apache.hadoop.ozone.client.rpc.TestOzoneRpcClientWithRatis" time="0.018">
    <system-out><![CDATA[2024-01-17 07:57:52,981 [main] INFO  rpc.RpcClient (RpcClient.java:createVolume(456)) - Creating Volume: 7579707c-2df5-400e-8655-caa7510e6c82, with runner as owner and space quota set to -1 bytes, counts quota set to -1
2024-01-17 07:57:52,982 [om1-OMStateMachineApplyTransactionThread - 0] INFO  volume.OMVolumeCreateRequest (OMVolumeCreateRequest.java:validateAndUpdateCache(198)) - created volume:7579707c-2df5-400e-8655-caa7510e6c82 for user:runner
2024-01-17 07:57:52,983 [main] INFO  rpc.RpcClient (RpcClient.java:createBucket(683)) - Creating Bucket: 7579707c-2df5-400e-8655-caa7510e6c82/5771fd01-8e4d-4169-b7b9-be432b687a26, with server-side default bucket layout, runner as owner, Versioning false, Storage Type set to DISK and Encryption set to false, Replication Type set to server-side default replication type, Namespace Quota set to -1, Space Quota set to -1 
2024-01-17 07:57:52,984 [om1-OMStateMachineApplyTransactionThread - 0] INFO  bucket.OMBucketCreateRequest (OMBucketCreateRequest.java:validateAndUpdateCache(296)) - created bucket: 5771fd01-8e4d-4169-b7b9-be432b687a26 of layout FILE_SYSTEM_OPTIMIZED in volume: 7579707c-2df5-400e-8655-caa7510e6c82
2024-01-17 07:57:52,994 [IPC Server handler 47 on default port 15001] WARN  node.SCMNodeManager (SCMNodeManager.java:getNodesByAddress(1459)) - Cannot find node for address 127.0.0.1
2024-01-17 07:57:52,996 [IPC Server handler 79 on default port 15001] WARN  node.SCMNodeManager (SCMNodeManager.java:getNodesByAddress(1459)) - Cannot find node for address 127.0.0.1
]]></system-out>
  </testcase>
  <testcase name="testPutKeyWithReplicationConfig(String, boolean)[4]" classname="org.apache.hadoop.ozone.client.rpc.TestOzoneRpcClientWithRatis" time="0.075">
    <system-out><![CDATA[2024-01-17 07:57:52,999 [main] INFO  rpc.RpcClient (RpcClient.java:createVolume(456)) - Creating Volume: 8d0f77ec-be61-4c67-b07c-72460bed5b80, with runner as owner and space quota set to -1 bytes, counts quota set to -1
2024-01-17 07:57:53,001 [om1-OMStateMachineApplyTransactionThread - 0] INFO  volume.OMVolumeCreateRequest (OMVolumeCreateRequest.java:validateAndUpdateCache(198)) - created volume:8d0f77ec-be61-4c67-b07c-72460bed5b80 for user:runner
2024-01-17 07:57:53,002 [main] INFO  rpc.RpcClient (RpcClient.java:createBucket(683)) - Creating Bucket: 8d0f77ec-be61-4c67-b07c-72460bed5b80/74a41718-ab60-4e04-8ee8-fe42821d71b9, with server-side default bucket layout, runner as owner, Versioning false, Storage Type set to DISK and Encryption set to false, Replication Type set to server-side default replication type, Namespace Quota set to -1, Space Quota set to -1 
2024-01-17 07:57:53,002 [om1-OMStateMachineApplyTransactionThread - 0] INFO  bucket.OMBucketCreateRequest (OMBucketCreateRequest.java:validateAndUpdateCache(296)) - created bucket: 74a41718-ab60-4e04-8ee8-fe42821d71b9 of layout FILE_SYSTEM_OPTIMIZED in volume: 8d0f77ec-be61-4c67-b07c-72460bed5b80
2024-01-17 07:57:53,004 [IPC Server handler 57 on default port 15001] INFO  algorithms.SCMContainerPlacementRackScatter (SCMContainerPlacementRackScatter.java:chooseDatanodesInternal(370)) - Chosen nodes: [4f4a0cbc-a9eb-44f0-8d97-06326de93701(fv-az1531-837.hsxikm2gdrvudnct5jqc1oiugc.ex.internal.cloudapp.net/10.1.0.6), e98e7f84-7e90-42c0-bf2b-bf94ba8f7864(fv-az1531-837.hsxikm2gdrvudnct5jqc1oiugc.ex.internal.cloudapp.net/10.1.0.6), 5865e1e6-01b8-4105-ae74-1d7d4234e7ae(fv-az1531-837.hsxikm2gdrvudnct5jqc1oiugc.ex.internal.cloudapp.net/10.1.0.6), 1bb81a9c-1547-435f-9d81-d5fca49fbc06(fv-az1531-837.hsxikm2gdrvudnct5jqc1oiugc.ex.internal.cloudapp.net/10.1.0.6), 597b9f4b-0aac-4425-bf2d-48884e3709f6(fv-az1531-837.hsxikm2gdrvudnct5jqc1oiugc.ex.internal.cloudapp.net/10.1.0.6), 8d67fbbe-ad76-4934-bcfb-c8cae0dbbecb(fv-az1531-837.hsxikm2gdrvudnct5jqc1oiugc.ex.internal.cloudapp.net/10.1.0.6), bdef3149-2cc3-439b-89a6-09b93146a606(fv-az1531-837.hsxikm2gdrvudnct5jqc1oiugc.ex.internal.cloudapp.net/10.1.0.6), 8e247bdf-a19d-4cdc-89de-9f1c8249c15f(fv-az1531-837.hsxikm2gdrvudnct5jqc1oiugc.ex.internal.cloudapp.net/10.1.0.6), 497ccbea-d6cf-4731-95da-fa3df448bf79(fv-az1531-837.hsxikm2gdrvudnct5jqc1oiugc.ex.internal.cloudapp.net/10.1.0.6)]. isPolicySatisfied: true.
2024-01-17 07:57:53,006 [IPC Server handler 57 on default port 15001] INFO  pipeline.WritableECContainerProvider (WritableECContainerProvider.java:allocateContainer(211)) - Created and opened new pipeline Pipeline[ Id: a7e444ba-4f86-4e0a-a443-3c21104825bd, Nodes: 4f4a0cbc-a9eb-44f0-8d97-06326de93701(fv-az1531-837.hsxikm2gdrvudnct5jqc1oiugc.ex.internal.cloudapp.net/10.1.0.6)e98e7f84-7e90-42c0-bf2b-bf94ba8f7864(fv-az1531-837.hsxikm2gdrvudnct5jqc1oiugc.ex.internal.cloudapp.net/10.1.0.6)5865e1e6-01b8-4105-ae74-1d7d4234e7ae(fv-az1531-837.hsxikm2gdrvudnct5jqc1oiugc.ex.internal.cloudapp.net/10.1.0.6)1bb81a9c-1547-435f-9d81-d5fca49fbc06(fv-az1531-837.hsxikm2gdrvudnct5jqc1oiugc.ex.internal.cloudapp.net/10.1.0.6)597b9f4b-0aac-4425-bf2d-48884e3709f6(fv-az1531-837.hsxikm2gdrvudnct5jqc1oiugc.ex.internal.cloudapp.net/10.1.0.6)8d67fbbe-ad76-4934-bcfb-c8cae0dbbecb(fv-az1531-837.hsxikm2gdrvudnct5jqc1oiugc.ex.internal.cloudapp.net/10.1.0.6)bdef3149-2cc3-439b-89a6-09b93146a606(fv-az1531-837.hsxikm2gdrvudnct5jqc1oiugc.ex.internal.cloudapp.net/10.1.0.6)8e247bdf-a19d-4cdc-89de-9f1c8249c15f(fv-az1531-837.hsxikm2gdrvudnct5jqc1oiugc.ex.internal.cloudapp.net/10.1.0.6)497ccbea-d6cf-4731-95da-fa3df448bf79(fv-az1531-837.hsxikm2gdrvudnct5jqc1oiugc.ex.internal.cloudapp.net/10.1.0.6), ReplicationConfig: EC{rs-6-3-1024k}, State:ALLOCATED, leaderId:, CreationTimestamp2024-01-17T07:57:53.004Z[Etc/UTC]]
2024-01-17 07:57:53,067 [IPC Server handler 73 on default port 15001] WARN  node.SCMNodeManager (SCMNodeManager.java:getNodesByAddress(1459)) - Cannot find node for address 127.0.0.1
2024-01-17 07:57:53,070 [IPC Server handler 63 on default port 15001] WARN  node.SCMNodeManager (SCMNodeManager.java:getNodesByAddress(1459)) - Cannot find node for address 127.0.0.1
]]></system-out>
  </testcase>
  <testcase name="testPutKeyWithReplicationConfig(String, boolean)[5]" classname="org.apache.hadoop.ozone.client.rpc.TestOzoneRpcClientWithRatis" time="0.119">
    <system-out><![CDATA[2024-01-17 07:57:53,075 [main] INFO  rpc.RpcClient (RpcClient.java:createVolume(456)) - Creating Volume: 2a91b2eb-95e2-4dc2-a186-e1d7d0a6a8bd, with runner as owner and space quota set to -1 bytes, counts quota set to -1
2024-01-17 07:57:53,080 [om1-OMStateMachineApplyTransactionThread - 0] INFO  volume.OMVolumeCreateRequest (OMVolumeCreateRequest.java:validateAndUpdateCache(198)) - created volume:2a91b2eb-95e2-4dc2-a186-e1d7d0a6a8bd for user:runner
2024-01-17 07:57:53,081 [main] INFO  rpc.RpcClient (RpcClient.java:createBucket(683)) - Creating Bucket: 2a91b2eb-95e2-4dc2-a186-e1d7d0a6a8bd/5887b20a-82d6-4cf7-916a-aff7c72d11c3, with server-side default bucket layout, runner as owner, Versioning false, Storage Type set to DISK and Encryption set to false, Replication Type set to server-side default replication type, Namespace Quota set to -1, Space Quota set to -1 
2024-01-17 07:57:53,083 [om1-OMStateMachineApplyTransactionThread - 0] INFO  bucket.OMBucketCreateRequest (OMBucketCreateRequest.java:validateAndUpdateCache(296)) - created bucket: 5887b20a-82d6-4cf7-916a-aff7c72d11c3 of layout FILE_SYSTEM_OPTIMIZED in volume: 2a91b2eb-95e2-4dc2-a186-e1d7d0a6a8bd
2024-01-17 07:57:53,085 [IPC Server handler 42 on default port 15001] INFO  algorithms.SCMContainerPlacementRackScatter (SCMContainerPlacementRackScatter.java:chooseDatanodesInternal(370)) - Chosen nodes: [497ccbea-d6cf-4731-95da-fa3df448bf79(fv-az1531-837.hsxikm2gdrvudnct5jqc1oiugc.ex.internal.cloudapp.net/10.1.0.6), eb5c9b0d-19e6-4136-9089-8a3b0879ad33(fv-az1531-837.hsxikm2gdrvudnct5jqc1oiugc.ex.internal.cloudapp.net/10.1.0.6), e98e7f84-7e90-42c0-bf2b-bf94ba8f7864(fv-az1531-837.hsxikm2gdrvudnct5jqc1oiugc.ex.internal.cloudapp.net/10.1.0.6), 4f4a0cbc-a9eb-44f0-8d97-06326de93701(fv-az1531-837.hsxikm2gdrvudnct5jqc1oiugc.ex.internal.cloudapp.net/10.1.0.6), 597b9f4b-0aac-4425-bf2d-48884e3709f6(fv-az1531-837.hsxikm2gdrvudnct5jqc1oiugc.ex.internal.cloudapp.net/10.1.0.6), 0f18b96a-e4aa-46f4-b611-a6948cf06a42(fv-az1531-837.hsxikm2gdrvudnct5jqc1oiugc.ex.internal.cloudapp.net/10.1.0.6), 2f83d896-2cfa-4348-ab65-ff7be0e3606c(fv-az1531-837.hsxikm2gdrvudnct5jqc1oiugc.ex.internal.cloudapp.net/10.1.0.6), 8e247bdf-a19d-4cdc-89de-9f1c8249c15f(fv-az1531-837.hsxikm2gdrvudnct5jqc1oiugc.ex.internal.cloudapp.net/10.1.0.6), 1bb81a9c-1547-435f-9d81-d5fca49fbc06(fv-az1531-837.hsxikm2gdrvudnct5jqc1oiugc.ex.internal.cloudapp.net/10.1.0.6), 6291adf5-9e71-4549-84cb-13318527388a(fv-az1531-837.hsxikm2gdrvudnct5jqc1oiugc.ex.internal.cloudapp.net/10.1.0.6), 5865e1e6-01b8-4105-ae74-1d7d4234e7ae(fv-az1531-837.hsxikm2gdrvudnct5jqc1oiugc.ex.internal.cloudapp.net/10.1.0.6), bdef3149-2cc3-439b-89a6-09b93146a606(fv-az1531-837.hsxikm2gdrvudnct5jqc1oiugc.ex.internal.cloudapp.net/10.1.0.6), 8d67fbbe-ad76-4934-bcfb-c8cae0dbbecb(fv-az1531-837.hsxikm2gdrvudnct5jqc1oiugc.ex.internal.cloudapp.net/10.1.0.6), 095610c8-62fc-4c22-bfcf-286f49511b09(fv-az1531-837.hsxikm2gdrvudnct5jqc1oiugc.ex.internal.cloudapp.net/10.1.0.6)]. isPolicySatisfied: true.
2024-01-17 07:57:53,088 [IPC Server handler 42 on default port 15001] INFO  pipeline.WritableECContainerProvider (WritableECContainerProvider.java:allocateContainer(211)) - Created and opened new pipeline Pipeline[ Id: 89dd3504-6c34-4b5a-8598-39dee37055d8, Nodes: 497ccbea-d6cf-4731-95da-fa3df448bf79(fv-az1531-837.hsxikm2gdrvudnct5jqc1oiugc.ex.internal.cloudapp.net/10.1.0.6)eb5c9b0d-19e6-4136-9089-8a3b0879ad33(fv-az1531-837.hsxikm2gdrvudnct5jqc1oiugc.ex.internal.cloudapp.net/10.1.0.6)e98e7f84-7e90-42c0-bf2b-bf94ba8f7864(fv-az1531-837.hsxikm2gdrvudnct5jqc1oiugc.ex.internal.cloudapp.net/10.1.0.6)4f4a0cbc-a9eb-44f0-8d97-06326de93701(fv-az1531-837.hsxikm2gdrvudnct5jqc1oiugc.ex.internal.cloudapp.net/10.1.0.6)597b9f4b-0aac-4425-bf2d-48884e3709f6(fv-az1531-837.hsxikm2gdrvudnct5jqc1oiugc.ex.internal.cloudapp.net/10.1.0.6)0f18b96a-e4aa-46f4-b611-a6948cf06a42(fv-az1531-837.hsxikm2gdrvudnct5jqc1oiugc.ex.internal.cloudapp.net/10.1.0.6)2f83d896-2cfa-4348-ab65-ff7be0e3606c(fv-az1531-837.hsxikm2gdrvudnct5jqc1oiugc.ex.internal.cloudapp.net/10.1.0.6)8e247bdf-a19d-4cdc-89de-9f1c8249c15f(fv-az1531-837.hsxikm2gdrvudnct5jqc1oiugc.ex.internal.cloudapp.net/10.1.0.6)1bb81a9c-1547-435f-9d81-d5fca49fbc06(fv-az1531-837.hsxikm2gdrvudnct5jqc1oiugc.ex.internal.cloudapp.net/10.1.0.6)6291adf5-9e71-4549-84cb-13318527388a(fv-az1531-837.hsxikm2gdrvudnct5jqc1oiugc.ex.internal.cloudapp.net/10.1.0.6)5865e1e6-01b8-4105-ae74-1d7d4234e7ae(fv-az1531-837.hsxikm2gdrvudnct5jqc1oiugc.ex.internal.cloudapp.net/10.1.0.6)bdef3149-2cc3-439b-89a6-09b93146a606(fv-az1531-837.hsxikm2gdrvudnct5jqc1oiugc.ex.internal.cloudapp.net/10.1.0.6)8d67fbbe-ad76-4934-bcfb-c8cae0dbbecb(fv-az1531-837.hsxikm2gdrvudnct5jqc1oiugc.ex.internal.cloudapp.net/10.1.0.6)095610c8-62fc-4c22-bfcf-286f49511b09(fv-az1531-837.hsxikm2gdrvudnct5jqc1oiugc.ex.internal.cloudapp.net/10.1.0.6), ReplicationConfig: EC{rs-10-4-1024k}, State:ALLOCATED, leaderId:, CreationTimestamp2024-01-17T07:57:53.085Z[Etc/UTC]]
2024-01-17 07:57:53,108 [8d67fbbe-ad76-4934-bcfb-c8cae0dbbecb-NettyServerStreamRpc-workerGroup--thread1] INFO  server.DataStreamManagement (DataStreamManagement.java:lambda$cleanUpOnChannelInactive$9(445)) - Channel 16926dea is inactive, cleanup clientInvocationIds=[]
2024-01-17 07:57:53,188 [IPC Server handler 53 on default port 15001] WARN  node.SCMNodeManager (SCMNodeManager.java:getNodesByAddress(1459)) - Cannot find node for address 127.0.0.1
2024-01-17 07:57:53,191 [IPC Server handler 44 on default port 15001] WARN  node.SCMNodeManager (SCMNodeManager.java:getNodesByAddress(1459)) - Cannot find node for address 127.0.0.1
]]></system-out>
  </testcase>
  <testcase name="testReadKeyWithCorruptedData" classname="org.apache.hadoop.ozone.client.rpc.TestOzoneRpcClientWithRatis" time="0.095">
    <system-out><![CDATA[2024-01-17 07:57:53,196 [main] INFO  rpc.RpcClient (RpcClient.java:createVolume(456)) - Creating Volume: 7a2eac82-a303-416e-ad29-cb63c27518fa, with runner as owner and space quota set to -1 bytes, counts quota set to -1
2024-01-17 07:57:53,197 [om1-OMStateMachineApplyTransactionThread - 0] INFO  volume.OMVolumeCreateRequest (OMVolumeCreateRequest.java:validateAndUpdateCache(198)) - created volume:7a2eac82-a303-416e-ad29-cb63c27518fa for user:runner
2024-01-17 07:57:53,198 [main] INFO  rpc.RpcClient (RpcClient.java:createBucket(683)) - Creating Bucket: 7a2eac82-a303-416e-ad29-cb63c27518fa/a11c6a86-70f0-4eb0-aa87-afa4daecd0a1, with server-side default bucket layout, runner as owner, Versioning false, Storage Type set to DISK and Encryption set to false, Replication Type set to server-side default replication type, Namespace Quota set to -1, Space Quota set to -1 
2024-01-17 07:57:53,200 [om1-OMStateMachineApplyTransactionThread - 0] INFO  bucket.OMBucketCreateRequest (OMBucketCreateRequest.java:validateAndUpdateCache(296)) - created bucket: a11c6a86-70f0-4eb0-aa87-afa4daecd0a1 of layout FILE_SYSTEM_OPTIMIZED in volume: 7a2eac82-a303-416e-ad29-cb63c27518fa
2024-01-17 07:57:53,211 [IPC Server handler 83 on default port 15001] WARN  node.SCMNodeManager (SCMNodeManager.java:getNodesByAddress(1459)) - Cannot find node for address 127.0.0.1
2024-01-17 07:57:53,278 [IPC Server handler 48 on default port 15001] WARN  node.SCMNodeManager (SCMNodeManager.java:getNodesByAddress(1459)) - Cannot find node for address 127.0.0.1
2024-01-17 07:57:53,286 [main] ERROR scm.XceiverClientGrpc (XceiverClientGrpc.java:sendCommandWithRetry(443)) - Failed to execute command ReadChunk on the pipeline Pipeline[ Id: bd776b3f-42d9-424b-abf6-5756b4f363c0, Nodes: 4f4a0cbc-a9eb-44f0-8d97-06326de93701(fv-az1531-837.hsxikm2gdrvudnct5jqc1oiugc.ex.internal.cloudapp.net/10.1.0.6), ReplicationConfig: STANDALONE/ONE, State:OPEN, leaderId:4f4a0cbc-a9eb-44f0-8d97-06326de93701, CreationTimestamp2024-01-17T07:57:19.748Z[Etc/UTC]].
2024-01-17 07:57:53,288 [main] ERROR scm.XceiverClientGrpc (XceiverClientGrpc.java:sendCommandWithRetry(443)) - Failed to execute command ReadChunk on the pipeline Pipeline[ Id: bd776b3f-42d9-424b-abf6-5756b4f363c0, Nodes: 4f4a0cbc-a9eb-44f0-8d97-06326de93701(fv-az1531-837.hsxikm2gdrvudnct5jqc1oiugc.ex.internal.cloudapp.net/10.1.0.6), ReplicationConfig: STANDALONE/ONE, State:OPEN, leaderId:4f4a0cbc-a9eb-44f0-8d97-06326de93701, CreationTimestamp2024-01-17T07:57:19.748Z[Etc/UTC]].
2024-01-17 07:57:53,289 [main] ERROR scm.XceiverClientGrpc (XceiverClientGrpc.java:sendCommandWithRetry(443)) - Failed to execute command ReadChunk on the pipeline Pipeline[ Id: bd776b3f-42d9-424b-abf6-5756b4f363c0, Nodes: 4f4a0cbc-a9eb-44f0-8d97-06326de93701(fv-az1531-837.hsxikm2gdrvudnct5jqc1oiugc.ex.internal.cloudapp.net/10.1.0.6), ReplicationConfig: STANDALONE/ONE, State:OPEN, leaderId:4f4a0cbc-a9eb-44f0-8d97-06326de93701, CreationTimestamp2024-01-17T07:57:19.748Z[Etc/UTC]].
]]></system-out>
  </testcase>
  <testcase name="testReadKeyWithCorruptedDataWithMutiNodes" classname="org.apache.hadoop.ozone.client.rpc.TestOzoneRpcClientWithRatis" time="0.086">
    <system-out><![CDATA[2024-01-17 07:57:53,290 [main] INFO  rpc.RpcClient (RpcClient.java:createVolume(456)) - Creating Volume: c4241325-030b-464e-abea-af66c6e892a6, with runner as owner and space quota set to -1 bytes, counts quota set to -1
2024-01-17 07:57:53,292 [om1-OMStateMachineApplyTransactionThread - 0] INFO  volume.OMVolumeCreateRequest (OMVolumeCreateRequest.java:validateAndUpdateCache(198)) - created volume:c4241325-030b-464e-abea-af66c6e892a6 for user:runner
2024-01-17 07:57:53,293 [main] INFO  rpc.RpcClient (RpcClient.java:createBucket(683)) - Creating Bucket: c4241325-030b-464e-abea-af66c6e892a6/629a7e1a-47f6-4a20-874a-e2fda5d39179, with server-side default bucket layout, runner as owner, Versioning false, Storage Type set to DISK and Encryption set to false, Replication Type set to server-side default replication type, Namespace Quota set to -1, Space Quota set to -1 
2024-01-17 07:57:53,294 [om1-OMStateMachineApplyTransactionThread - 0] INFO  bucket.OMBucketCreateRequest (OMBucketCreateRequest.java:validateAndUpdateCache(296)) - created bucket: 629a7e1a-47f6-4a20-874a-e2fda5d39179 of layout FILE_SYSTEM_OPTIMIZED in volume: c4241325-030b-464e-abea-af66c6e892a6
2024-01-17 07:57:53,306 [IPC Server handler 92 on default port 15001] WARN  node.SCMNodeManager (SCMNodeManager.java:getNodesByAddress(1459)) - Cannot find node for address 127.0.0.1
2024-01-17 07:57:53,316 [IPC Server handler 80 on default port 15001] WARN  node.SCMNodeManager (SCMNodeManager.java:getNodesByAddress(1459)) - Cannot find node for address 127.0.0.1
2024-01-17 07:57:53,329 [IPC Server handler 86 on default port 15001] WARN  node.SCMNodeManager (SCMNodeManager.java:getNodesByAddress(1459)) - Cannot find node for address 127.0.0.1
2024-01-17 07:57:53,342 [IPC Server handler 97 on default port 15001] WARN  node.SCMNodeManager (SCMNodeManager.java:getNodesByAddress(1459)) - Cannot find node for address 127.0.0.1
2024-01-17 07:57:53,347 [main] ERROR scm.XceiverClientGrpc (XceiverClientGrpc.java:sendCommandWithRetry(443)) - Failed to execute command ReadChunk on the pipeline Pipeline[ Id: 4a2e5a29-a7bd-4ea8-b9b8-0bef4ca69999, Nodes: 8e247bdf-a19d-4cdc-89de-9f1c8249c15f(fv-az1531-837.hsxikm2gdrvudnct5jqc1oiugc.ex.internal.cloudapp.net/10.1.0.6)6291adf5-9e71-4549-84cb-13318527388a(fv-az1531-837.hsxikm2gdrvudnct5jqc1oiugc.ex.internal.cloudapp.net/10.1.0.6)2f83d896-2cfa-4348-ab65-ff7be0e3606c(fv-az1531-837.hsxikm2gdrvudnct5jqc1oiugc.ex.internal.cloudapp.net/10.1.0.6), ReplicationConfig: STANDALONE/THREE, State:OPEN, leaderId:6291adf5-9e71-4549-84cb-13318527388a, CreationTimestamp2024-01-17T07:57:11.733Z[Etc/UTC]].
2024-01-17 07:57:53,348 [main] WARN  storage.ContainerProtocolCalls (ContainerProtocolCalls.java:tryEachDatanode(150)) - Failed to read chunk 113750153625600398_chunk_1 (len=12) conID: 4 locID: 113750153625600398 bcsId: 220 from 6291adf5-9e71-4549-84cb-13318527388a(fv-az1531-837.hsxikm2gdrvudnct5jqc1oiugc.ex.internal.cloudapp.net/10.1.0.6); will try another datanode.
org.apache.hadoop.ozone.common.OzoneChecksumException: Checksum mismatch at index 0
	at org.apache.hadoop.ozone.common.ChecksumData.verifyChecksumDataMatches(ChecksumData.java:139)
	at org.apache.hadoop.ozone.common.Checksum.verifyChecksum(Checksum.java:300)
	at org.apache.hadoop.hdds.scm.storage.ChunkInputStream.validateChunk(ChunkInputStream.java:488)
	at org.apache.hadoop.hdds.scm.XceiverClientGrpc.sendCommandWithRetry(XceiverClientGrpc.java:400)
	at org.apache.hadoop.hdds.scm.XceiverClientGrpc.lambda$sendCommandWithTraceIDAndRetry$0(XceiverClientGrpc.java:340)
	at org.apache.hadoop.hdds.tracing.TracingUtil.executeInSpan(TracingUtil.java:169)
	at org.apache.hadoop.hdds.tracing.TracingUtil.executeInNewSpan(TracingUtil.java:149)
	at org.apache.hadoop.hdds.scm.XceiverClientGrpc.sendCommandWithTraceIDAndRetry(XceiverClientGrpc.java:335)
	at org.apache.hadoop.hdds.scm.XceiverClientGrpc.sendCommand(XceiverClientGrpc.java:316)
	at org.apache.hadoop.hdds.scm.storage.ContainerProtocolCalls.readChunk(ContainerProtocolCalls.java:327)
	at org.apache.hadoop.hdds.scm.storage.ContainerProtocolCalls.lambda$readChunk$2(ContainerProtocolCalls.java:314)
	at org.apache.hadoop.hdds.scm.storage.ContainerProtocolCalls.tryEachDatanode(ContainerProtocolCalls.java:146)
	at org.apache.hadoop.hdds.scm.storage.ContainerProtocolCalls.readChunk(ContainerProtocolCalls.java:313)
	at org.apache.hadoop.hdds.scm.storage.ChunkInputStream.readChunk(ChunkInputStream.java:425)
	at org.apache.hadoop.hdds.scm.storage.ChunkInputStream.readChunkDataIntoBuffers(ChunkInputStream.java:402)
	at org.apache.hadoop.hdds.scm.storage.ChunkInputStream.readChunkFromContainer(ChunkInputStream.java:387)
	at org.apache.hadoop.hdds.scm.storage.ChunkInputStream.prepareRead(ChunkInputStream.java:329)
	at org.apache.hadoop.hdds.scm.storage.ChunkInputStream.read(ChunkInputStream.java:173)
	at org.apache.hadoop.hdds.scm.storage.ByteArrayReader.readFromBlock(ByteArrayReader.java:54)
	at org.apache.hadoop.hdds.scm.storage.BlockInputStream.readWithStrategy(BlockInputStream.java:354)
	at org.apache.hadoop.hdds.scm.storage.ExtendedInputStream.read(ExtendedInputStream.java:56)
	at org.apache.hadoop.hdds.scm.storage.ByteArrayReader.readFromBlock(ByteArrayReader.java:54)
	at org.apache.hadoop.hdds.scm.storage.MultipartInputStream.readWithStrategy(MultipartInputStream.java:96)
	at org.apache.hadoop.hdds.scm.storage.ExtendedInputStream.read(ExtendedInputStream.java:56)
	at org.apache.hadoop.ozone.client.io.OzoneInputStream.read(OzoneInputStream.java:56)
	at java.io.InputStream.read(InputStream.java:101)
	at org.apache.hadoop.ozone.client.rpc.TestOzoneRpcClientAbstract.lambda$testReadKeyWithCorruptedDataWithMutiNodes$29(TestOzoneRpcClientAbstract.java:2084)
	at org.junit.jupiter.api.AssertThrows.assertThrows(AssertThrows.java:53)
	at org.junit.jupiter.api.AssertThrows.assertThrows(AssertThrows.java:35)
	at org.junit.jupiter.api.Assertions.assertThrows(Assertions.java:3115)
	at org.apache.hadoop.ozone.client.rpc.TestOzoneRpcClientAbstract.testReadKeyWithCorruptedDataWithMutiNodes(TestOzoneRpcClientAbstract.java:2081)
	at sun.reflect.NativeMethodAccessorImpl.invoke0(Native Method)
	at sun.reflect.NativeMethodAccessorImpl.invoke(NativeMethodAccessorImpl.java:62)
	at sun.reflect.DelegatingMethodAccessorImpl.invoke(DelegatingMethodAccessorImpl.java:43)
	at java.lang.reflect.Method.invoke(Method.java:498)
	at org.junit.platform.commons.util.ReflectionUtils.invokeMethod(ReflectionUtils.java:728)
	at org.junit.jupiter.engine.execution.MethodInvocation.proceed(MethodInvocation.java:60)
	at org.junit.jupiter.engine.execution.InvocationInterceptorChain$ValidatingInvocation.proceed(InvocationInterceptorChain.java:131)
	at org.junit.jupiter.engine.extension.TimeoutExtension.intercept(TimeoutExtension.java:156)
	at org.junit.jupiter.engine.extension.TimeoutExtension.interceptTestableMethod(TimeoutExtension.java:147)
	at org.junit.jupiter.engine.extension.TimeoutExtension.interceptTestMethod(TimeoutExtension.java:86)
	at org.junit.jupiter.engine.execution.InterceptingExecutableInvoker$ReflectiveInterceptorCall.lambda$ofVoidMethod$0(InterceptingExecutableInvoker.java:103)
	at org.junit.jupiter.engine.execution.InterceptingExecutableInvoker.lambda$invoke$0(InterceptingExecutableInvoker.java:93)
	at org.junit.jupiter.engine.execution.InvocationInterceptorChain$InterceptedInvocation.proceed(InvocationInterceptorChain.java:106)
	at org.junit.jupiter.engine.execution.InvocationInterceptorChain.proceed(InvocationInterceptorChain.java:64)
	at org.junit.jupiter.engine.execution.InvocationInterceptorChain.chainAndInvoke(InvocationInterceptorChain.java:45)
	at org.junit.jupiter.engine.execution.InvocationInterceptorChain.invoke(InvocationInterceptorChain.java:37)
	at org.junit.jupiter.engine.execution.InterceptingExecutableInvoker.invoke(InterceptingExecutableInvoker.java:92)
	at org.junit.jupiter.engine.execution.InterceptingExecutableInvoker.invoke(InterceptingExecutableInvoker.java:86)
	at org.junit.jupiter.engine.descriptor.TestMethodTestDescriptor.lambda$invokeTestMethod$7(TestMethodTestDescriptor.java:218)
	at org.junit.platform.engine.support.hierarchical.ThrowableCollector.execute(ThrowableCollector.java:73)
	at org.junit.jupiter.engine.descriptor.TestMethodTestDescriptor.invokeTestMethod(TestMethodTestDescriptor.java:214)
	at org.junit.jupiter.engine.descriptor.TestMethodTestDescriptor.execute(TestMethodTestDescriptor.java:139)
	at org.junit.jupiter.engine.descriptor.TestMethodTestDescriptor.execute(TestMethodTestDescriptor.java:69)
	at org.junit.platform.engine.support.hierarchical.NodeTestTask.lambda$executeRecursively$6(NodeTestTask.java:151)
	at org.junit.platform.engine.support.hierarchical.ThrowableCollector.execute(ThrowableCollector.java:73)
	at org.junit.platform.engine.support.hierarchical.NodeTestTask.lambda$executeRecursively$8(NodeTestTask.java:141)
	at org.junit.platform.engine.support.hierarchical.Node.around(Node.java:137)
	at org.junit.platform.engine.support.hierarchical.NodeTestTask.lambda$executeRecursively$9(NodeTestTask.java:139)
	at org.junit.platform.engine.support.hierarchical.ThrowableCollector.execute(ThrowableCollector.java:73)
	at org.junit.platform.engine.support.hierarchical.NodeTestTask.executeRecursively(NodeTestTask.java:138)
	at org.junit.platform.engine.support.hierarchical.NodeTestTask.execute(NodeTestTask.java:95)
	at java.util.ArrayList.forEach(ArrayList.java:1259)
	at org.junit.platform.engine.support.hierarchical.SameThreadHierarchicalTestExecutorService.invokeAll(SameThreadHierarchicalTestExecutorService.java:41)
	at org.junit.platform.engine.support.hierarchical.NodeTestTask.lambda$executeRecursively$6(NodeTestTask.java:155)
	at org.junit.platform.engine.support.hierarchical.ThrowableCollector.execute(ThrowableCollector.java:73)
	at org.junit.platform.engine.support.hierarchical.NodeTestTask.lambda$executeRecursively$8(NodeTestTask.java:141)
	at org.junit.platform.engine.support.hierarchical.Node.around(Node.java:137)
	at org.junit.platform.engine.support.hierarchical.NodeTestTask.lambda$executeRecursively$9(NodeTestTask.java:139)
	at org.junit.platform.engine.support.hierarchical.ThrowableCollector.execute(ThrowableCollector.java:73)
	at org.junit.platform.engine.support.hierarchical.NodeTestTask.executeRecursively(NodeTestTask.java:138)
	at org.junit.platform.engine.support.hierarchical.NodeTestTask.execute(NodeTestTask.java:95)
	at java.util.ArrayList.forEach(ArrayList.java:1259)
	at org.junit.platform.engine.support.hierarchical.SameThreadHierarchicalTestExecutorService.invokeAll(SameThreadHierarchicalTestExecutorService.java:41)
	at org.junit.platform.engine.support.hierarchical.NodeTestTask.lambda$executeRecursively$6(NodeTestTask.java:155)
	at org.junit.platform.engine.support.hierarchical.ThrowableCollector.execute(ThrowableCollector.java:73)
	at org.junit.platform.engine.support.hierarchical.NodeTestTask.lambda$executeRecursively$8(NodeTestTask.java:141)
	at org.junit.platform.engine.support.hierarchical.Node.around(Node.java:137)
	at org.junit.platform.engine.support.hierarchical.NodeTestTask.lambda$executeRecursively$9(NodeTestTask.java:139)
	at org.junit.platform.engine.support.hierarchical.ThrowableCollector.execute(ThrowableCollector.java:73)
	at org.junit.platform.engine.support.hierarchical.NodeTestTask.executeRecursively(NodeTestTask.java:138)
	at org.junit.platform.engine.support.hierarchical.NodeTestTask.execute(NodeTestTask.java:95)
	at org.junit.platform.engine.support.hierarchical.SameThreadHierarchicalTestExecutorService.submit(SameThreadHierarchicalTestExecutorService.java:35)
	at org.junit.platform.engine.support.hierarchical.HierarchicalTestExecutor.execute(HierarchicalTestExecutor.java:57)
	at org.junit.platform.engine.support.hierarchical.HierarchicalTestEngine.execute(HierarchicalTestEngine.java:54)
	at org.junit.platform.launcher.core.EngineExecutionOrchestrator.execute(EngineExecutionOrchestrator.java:198)
	at org.junit.platform.launcher.core.EngineExecutionOrchestrator.execute(EngineExecutionOrchestrator.java:169)
	at org.junit.platform.launcher.core.EngineExecutionOrchestrator.execute(EngineExecutionOrchestrator.java:93)
	at org.junit.platform.launcher.core.EngineExecutionOrchestrator.lambda$execute$0(EngineExecutionOrchestrator.java:58)
	at org.junit.platform.launcher.core.EngineExecutionOrchestrator.withInterceptedStreams(EngineExecutionOrchestrator.java:141)
	at org.junit.platform.launcher.core.EngineExecutionOrchestrator.execute(EngineExecutionOrchestrator.java:57)
	at org.junit.platform.launcher.core.DefaultLauncher.execute(DefaultLauncher.java:103)
	at org.junit.platform.launcher.core.DefaultLauncher.execute(DefaultLauncher.java:85)
	at org.junit.platform.launcher.core.DelegatingLauncher.execute(DelegatingLauncher.java:47)
	at org.apache.maven.surefire.junitplatform.LazyLauncher.execute(LazyLauncher.java:56)
	at org.apache.maven.surefire.junitplatform.JUnitPlatformProvider.execute(JUnitPlatformProvider.java:184)
	at org.apache.maven.surefire.junitplatform.JUnitPlatformProvider.invokeAllTests(JUnitPlatformProvider.java:148)
	at org.apache.maven.surefire.junitplatform.JUnitPlatformProvider.invoke(JUnitPlatformProvider.java:120)
	at org.apache.maven.surefire.booter.ForkedBooter.runSuitesInProcess(ForkedBooter.java:385)
	at org.apache.maven.surefire.booter.ForkedBooter.execute(ForkedBooter.java:162)
	at org.apache.maven.surefire.booter.ForkedBooter.run(ForkedBooter.java:507)
	at org.apache.maven.surefire.booter.ForkedBooter.main(ForkedBooter.java:495)
2024-01-17 07:57:53,353 [main] ERROR scm.XceiverClientGrpc (XceiverClientGrpc.java:sendCommandWithRetry(443)) - Failed to execute command ReadChunk on the pipeline Pipeline[ Id: 4a2e5a29-a7bd-4ea8-b9b8-0bef4ca69999, Nodes: 8e247bdf-a19d-4cdc-89de-9f1c8249c15f(fv-az1531-837.hsxikm2gdrvudnct5jqc1oiugc.ex.internal.cloudapp.net/10.1.0.6)6291adf5-9e71-4549-84cb-13318527388a(fv-az1531-837.hsxikm2gdrvudnct5jqc1oiugc.ex.internal.cloudapp.net/10.1.0.6)2f83d896-2cfa-4348-ab65-ff7be0e3606c(fv-az1531-837.hsxikm2gdrvudnct5jqc1oiugc.ex.internal.cloudapp.net/10.1.0.6), ReplicationConfig: STANDALONE/THREE, State:OPEN, leaderId:6291adf5-9e71-4549-84cb-13318527388a, CreationTimestamp2024-01-17T07:57:11.733Z[Etc/UTC]].
2024-01-17 07:57:53,353 [main] WARN  storage.ContainerProtocolCalls (ContainerProtocolCalls.java:tryEachDatanode(150)) - Failed to read chunk 113750153625600398_chunk_1 (len=12) conID: 4 locID: 113750153625600398 bcsId: 220 from 2f83d896-2cfa-4348-ab65-ff7be0e3606c(fv-az1531-837.hsxikm2gdrvudnct5jqc1oiugc.ex.internal.cloudapp.net/10.1.0.6); will try another datanode.
org.apache.hadoop.ozone.common.OzoneChecksumException: Checksum mismatch at index 0
	at org.apache.hadoop.ozone.common.ChecksumData.verifyChecksumDataMatches(ChecksumData.java:139)
	at org.apache.hadoop.ozone.common.Checksum.verifyChecksum(Checksum.java:300)
	at org.apache.hadoop.hdds.scm.storage.ChunkInputStream.validateChunk(ChunkInputStream.java:488)
	at org.apache.hadoop.hdds.scm.XceiverClientGrpc.sendCommandWithRetry(XceiverClientGrpc.java:400)
	at org.apache.hadoop.hdds.scm.XceiverClientGrpc.lambda$sendCommandWithTraceIDAndRetry$0(XceiverClientGrpc.java:340)
	at org.apache.hadoop.hdds.tracing.TracingUtil.executeInSpan(TracingUtil.java:169)
	at org.apache.hadoop.hdds.tracing.TracingUtil.executeInNewSpan(TracingUtil.java:149)
	at org.apache.hadoop.hdds.scm.XceiverClientGrpc.sendCommandWithTraceIDAndRetry(XceiverClientGrpc.java:335)
	at org.apache.hadoop.hdds.scm.XceiverClientGrpc.sendCommand(XceiverClientGrpc.java:316)
	at org.apache.hadoop.hdds.scm.storage.ContainerProtocolCalls.readChunk(ContainerProtocolCalls.java:327)
	at org.apache.hadoop.hdds.scm.storage.ContainerProtocolCalls.lambda$readChunk$2(ContainerProtocolCalls.java:314)
	at org.apache.hadoop.hdds.scm.storage.ContainerProtocolCalls.tryEachDatanode(ContainerProtocolCalls.java:146)
	at org.apache.hadoop.hdds.scm.storage.ContainerProtocolCalls.readChunk(ContainerProtocolCalls.java:313)
	at org.apache.hadoop.hdds.scm.storage.ChunkInputStream.readChunk(ChunkInputStream.java:425)
	at org.apache.hadoop.hdds.scm.storage.ChunkInputStream.readChunkDataIntoBuffers(ChunkInputStream.java:402)
	at org.apache.hadoop.hdds.scm.storage.ChunkInputStream.readChunkFromContainer(ChunkInputStream.java:387)
	at org.apache.hadoop.hdds.scm.storage.ChunkInputStream.prepareRead(ChunkInputStream.java:329)
	at org.apache.hadoop.hdds.scm.storage.ChunkInputStream.read(ChunkInputStream.java:173)
	at org.apache.hadoop.hdds.scm.storage.ByteArrayReader.readFromBlock(ByteArrayReader.java:54)
	at org.apache.hadoop.hdds.scm.storage.BlockInputStream.readWithStrategy(BlockInputStream.java:354)
	at org.apache.hadoop.hdds.scm.storage.ExtendedInputStream.read(ExtendedInputStream.java:56)
	at org.apache.hadoop.hdds.scm.storage.ByteArrayReader.readFromBlock(ByteArrayReader.java:54)
	at org.apache.hadoop.hdds.scm.storage.MultipartInputStream.readWithStrategy(MultipartInputStream.java:96)
	at org.apache.hadoop.hdds.scm.storage.ExtendedInputStream.read(ExtendedInputStream.java:56)
	at org.apache.hadoop.ozone.client.io.OzoneInputStream.read(OzoneInputStream.java:56)
	at java.io.InputStream.read(InputStream.java:101)
	at org.apache.hadoop.ozone.client.rpc.TestOzoneRpcClientAbstract.lambda$testReadKeyWithCorruptedDataWithMutiNodes$29(TestOzoneRpcClientAbstract.java:2084)
	at org.junit.jupiter.api.AssertThrows.assertThrows(AssertThrows.java:53)
	at org.junit.jupiter.api.AssertThrows.assertThrows(AssertThrows.java:35)
	at org.junit.jupiter.api.Assertions.assertThrows(Assertions.java:3115)
	at org.apache.hadoop.ozone.client.rpc.TestOzoneRpcClientAbstract.testReadKeyWithCorruptedDataWithMutiNodes(TestOzoneRpcClientAbstract.java:2081)
	at sun.reflect.NativeMethodAccessorImpl.invoke0(Native Method)
	at sun.reflect.NativeMethodAccessorImpl.invoke(NativeMethodAccessorImpl.java:62)
	at sun.reflect.DelegatingMethodAccessorImpl.invoke(DelegatingMethodAccessorImpl.java:43)
	at java.lang.reflect.Method.invoke(Method.java:498)
	at org.junit.platform.commons.util.ReflectionUtils.invokeMethod(ReflectionUtils.java:728)
	at org.junit.jupiter.engine.execution.MethodInvocation.proceed(MethodInvocation.java:60)
	at org.junit.jupiter.engine.execution.InvocationInterceptorChain$ValidatingInvocation.proceed(InvocationInterceptorChain.java:131)
	at org.junit.jupiter.engine.extension.TimeoutExtension.intercept(TimeoutExtension.java:156)
	at org.junit.jupiter.engine.extension.TimeoutExtension.interceptTestableMethod(TimeoutExtension.java:147)
	at org.junit.jupiter.engine.extension.TimeoutExtension.interceptTestMethod(TimeoutExtension.java:86)
	at org.junit.jupiter.engine.execution.InterceptingExecutableInvoker$ReflectiveInterceptorCall.lambda$ofVoidMethod$0(InterceptingExecutableInvoker.java:103)
	at org.junit.jupiter.engine.execution.InterceptingExecutableInvoker.lambda$invoke$0(InterceptingExecutableInvoker.java:93)
	at org.junit.jupiter.engine.execution.InvocationInterceptorChain$InterceptedInvocation.proceed(InvocationInterceptorChain.java:106)
	at org.junit.jupiter.engine.execution.InvocationInterceptorChain.proceed(InvocationInterceptorChain.java:64)
	at org.junit.jupiter.engine.execution.InvocationInterceptorChain.chainAndInvoke(InvocationInterceptorChain.java:45)
	at org.junit.jupiter.engine.execution.InvocationInterceptorChain.invoke(InvocationInterceptorChain.java:37)
	at org.junit.jupiter.engine.execution.InterceptingExecutableInvoker.invoke(InterceptingExecutableInvoker.java:92)
	at org.junit.jupiter.engine.execution.InterceptingExecutableInvoker.invoke(InterceptingExecutableInvoker.java:86)
	at org.junit.jupiter.engine.descriptor.TestMethodTestDescriptor.lambda$invokeTestMethod$7(TestMethodTestDescriptor.java:218)
	at org.junit.platform.engine.support.hierarchical.ThrowableCollector.execute(ThrowableCollector.java:73)
	at org.junit.jupiter.engine.descriptor.TestMethodTestDescriptor.invokeTestMethod(TestMethodTestDescriptor.java:214)
	at org.junit.jupiter.engine.descriptor.TestMethodTestDescriptor.execute(TestMethodTestDescriptor.java:139)
	at org.junit.jupiter.engine.descriptor.TestMethodTestDescriptor.execute(TestMethodTestDescriptor.java:69)
	at org.junit.platform.engine.support.hierarchical.NodeTestTask.lambda$executeRecursively$6(NodeTestTask.java:151)
	at org.junit.platform.engine.support.hierarchical.ThrowableCollector.execute(ThrowableCollector.java:73)
	at org.junit.platform.engine.support.hierarchical.NodeTestTask.lambda$executeRecursively$8(NodeTestTask.java:141)
	at org.junit.platform.engine.support.hierarchical.Node.around(Node.java:137)
	at org.junit.platform.engine.support.hierarchical.NodeTestTask.lambda$executeRecursively$9(NodeTestTask.java:139)
	at org.junit.platform.engine.support.hierarchical.ThrowableCollector.execute(ThrowableCollector.java:73)
	at org.junit.platform.engine.support.hierarchical.NodeTestTask.executeRecursively(NodeTestTask.java:138)
	at org.junit.platform.engine.support.hierarchical.NodeTestTask.execute(NodeTestTask.java:95)
	at java.util.ArrayList.forEach(ArrayList.java:1259)
	at org.junit.platform.engine.support.hierarchical.SameThreadHierarchicalTestExecutorService.invokeAll(SameThreadHierarchicalTestExecutorService.java:41)
	at org.junit.platform.engine.support.hierarchical.NodeTestTask.lambda$executeRecursively$6(NodeTestTask.java:155)
	at org.junit.platform.engine.support.hierarchical.ThrowableCollector.execute(ThrowableCollector.java:73)
	at org.junit.platform.engine.support.hierarchical.NodeTestTask.lambda$executeRecursively$8(NodeTestTask.java:141)
	at org.junit.platform.engine.support.hierarchical.Node.around(Node.java:137)
	at org.junit.platform.engine.support.hierarchical.NodeTestTask.lambda$executeRecursively$9(NodeTestTask.java:139)
	at org.junit.platform.engine.support.hierarchical.ThrowableCollector.execute(ThrowableCollector.java:73)
	at org.junit.platform.engine.support.hierarchical.NodeTestTask.executeRecursively(NodeTestTask.java:138)
	at org.junit.platform.engine.support.hierarchical.NodeTestTask.execute(NodeTestTask.java:95)
	at java.util.ArrayList.forEach(ArrayList.java:1259)
	at org.junit.platform.engine.support.hierarchical.SameThreadHierarchicalTestExecutorService.invokeAll(SameThreadHierarchicalTestExecutorService.java:41)
	at org.junit.platform.engine.support.hierarchical.NodeTestTask.lambda$executeRecursively$6(NodeTestTask.java:155)
	at org.junit.platform.engine.support.hierarchical.ThrowableCollector.execute(ThrowableCollector.java:73)
	at org.junit.platform.engine.support.hierarchical.NodeTestTask.lambda$executeRecursively$8(NodeTestTask.java:141)
	at org.junit.platform.engine.support.hierarchical.Node.around(Node.java:137)
	at org.junit.platform.engine.support.hierarchical.NodeTestTask.lambda$executeRecursively$9(NodeTestTask.java:139)
	at org.junit.platform.engine.support.hierarchical.ThrowableCollector.execute(ThrowableCollector.java:73)
	at org.junit.platform.engine.support.hierarchical.NodeTestTask.executeRecursively(NodeTestTask.java:138)
	at org.junit.platform.engine.support.hierarchical.NodeTestTask.execute(NodeTestTask.java:95)
	at org.junit.platform.engine.support.hierarchical.SameThreadHierarchicalTestExecutorService.submit(SameThreadHierarchicalTestExecutorService.java:35)
	at org.junit.platform.engine.support.hierarchical.HierarchicalTestExecutor.execute(HierarchicalTestExecutor.java:57)
	at org.junit.platform.engine.support.hierarchical.HierarchicalTestEngine.execute(HierarchicalTestEngine.java:54)
	at org.junit.platform.launcher.core.EngineExecutionOrchestrator.execute(EngineExecutionOrchestrator.java:198)
	at org.junit.platform.launcher.core.EngineExecutionOrchestrator.execute(EngineExecutionOrchestrator.java:169)
	at org.junit.platform.launcher.core.EngineExecutionOrchestrator.execute(EngineExecutionOrchestrator.java:93)
	at org.junit.platform.launcher.core.EngineExecutionOrchestrator.lambda$execute$0(EngineExecutionOrchestrator.java:58)
	at org.junit.platform.launcher.core.EngineExecutionOrchestrator.withInterceptedStreams(EngineExecutionOrchestrator.java:141)
	at org.junit.platform.launcher.core.EngineExecutionOrchestrator.execute(EngineExecutionOrchestrator.java:57)
	at org.junit.platform.launcher.core.DefaultLauncher.execute(DefaultLauncher.java:103)
	at org.junit.platform.launcher.core.DefaultLauncher.execute(DefaultLauncher.java:85)
	at org.junit.platform.launcher.core.DelegatingLauncher.execute(DelegatingLauncher.java:47)
	at org.apache.maven.surefire.junitplatform.LazyLauncher.execute(LazyLauncher.java:56)
	at org.apache.maven.surefire.junitplatform.JUnitPlatformProvider.execute(JUnitPlatformProvider.java:184)
	at org.apache.maven.surefire.junitplatform.JUnitPlatformProvider.invokeAllTests(JUnitPlatformProvider.java:148)
	at org.apache.maven.surefire.junitplatform.JUnitPlatformProvider.invoke(JUnitPlatformProvider.java:120)
	at org.apache.maven.surefire.booter.ForkedBooter.runSuitesInProcess(ForkedBooter.java:385)
	at org.apache.maven.surefire.booter.ForkedBooter.execute(ForkedBooter.java:162)
	at org.apache.maven.surefire.booter.ForkedBooter.run(ForkedBooter.java:507)
	at org.apache.maven.surefire.booter.ForkedBooter.main(ForkedBooter.java:495)
2024-01-17 07:57:53,357 [main] ERROR scm.XceiverClientGrpc (XceiverClientGrpc.java:sendCommandWithRetry(443)) - Failed to execute command ReadChunk on the pipeline Pipeline[ Id: 4a2e5a29-a7bd-4ea8-b9b8-0bef4ca69999, Nodes: 8e247bdf-a19d-4cdc-89de-9f1c8249c15f(fv-az1531-837.hsxikm2gdrvudnct5jqc1oiugc.ex.internal.cloudapp.net/10.1.0.6)6291adf5-9e71-4549-84cb-13318527388a(fv-az1531-837.hsxikm2gdrvudnct5jqc1oiugc.ex.internal.cloudapp.net/10.1.0.6)2f83d896-2cfa-4348-ab65-ff7be0e3606c(fv-az1531-837.hsxikm2gdrvudnct5jqc1oiugc.ex.internal.cloudapp.net/10.1.0.6), ReplicationConfig: STANDALONE/THREE, State:OPEN, leaderId:6291adf5-9e71-4549-84cb-13318527388a, CreationTimestamp2024-01-17T07:57:11.733Z[Etc/UTC]].
2024-01-17 07:57:53,359 [main] ERROR scm.XceiverClientGrpc (XceiverClientGrpc.java:sendCommandWithRetry(443)) - Failed to execute command ReadChunk on the pipeline Pipeline[ Id: 4a2e5a29-a7bd-4ea8-b9b8-0bef4ca69999, Nodes: 8e247bdf-a19d-4cdc-89de-9f1c8249c15f(fv-az1531-837.hsxikm2gdrvudnct5jqc1oiugc.ex.internal.cloudapp.net/10.1.0.6)6291adf5-9e71-4549-84cb-13318527388a(fv-az1531-837.hsxikm2gdrvudnct5jqc1oiugc.ex.internal.cloudapp.net/10.1.0.6)2f83d896-2cfa-4348-ab65-ff7be0e3606c(fv-az1531-837.hsxikm2gdrvudnct5jqc1oiugc.ex.internal.cloudapp.net/10.1.0.6), ReplicationConfig: STANDALONE/THREE, State:OPEN, leaderId:6291adf5-9e71-4549-84cb-13318527388a, CreationTimestamp2024-01-17T07:57:11.733Z[Etc/UTC]].
2024-01-17 07:57:53,359 [main] WARN  storage.ContainerProtocolCalls (ContainerProtocolCalls.java:tryEachDatanode(150)) - Failed to read chunk 113750153625600398_chunk_1 (len=12) conID: 4 locID: 113750153625600398 bcsId: 220 from 6291adf5-9e71-4549-84cb-13318527388a(fv-az1531-837.hsxikm2gdrvudnct5jqc1oiugc.ex.internal.cloudapp.net/10.1.0.6); will try another datanode.
org.apache.hadoop.ozone.common.OzoneChecksumException: Checksum mismatch at index 0
	at org.apache.hadoop.ozone.common.ChecksumData.verifyChecksumDataMatches(ChecksumData.java:139)
	at org.apache.hadoop.ozone.common.Checksum.verifyChecksum(Checksum.java:300)
	at org.apache.hadoop.hdds.scm.storage.ChunkInputStream.validateChunk(ChunkInputStream.java:488)
	at org.apache.hadoop.hdds.scm.XceiverClientGrpc.sendCommandWithRetry(XceiverClientGrpc.java:400)
	at org.apache.hadoop.hdds.scm.XceiverClientGrpc.lambda$sendCommandWithTraceIDAndRetry$0(XceiverClientGrpc.java:340)
	at org.apache.hadoop.hdds.tracing.TracingUtil.executeInSpan(TracingUtil.java:169)
	at org.apache.hadoop.hdds.tracing.TracingUtil.executeInNewSpan(TracingUtil.java:149)
	at org.apache.hadoop.hdds.scm.XceiverClientGrpc.sendCommandWithTraceIDAndRetry(XceiverClientGrpc.java:335)
	at org.apache.hadoop.hdds.scm.XceiverClientGrpc.sendCommand(XceiverClientGrpc.java:316)
	at org.apache.hadoop.hdds.scm.storage.ContainerProtocolCalls.readChunk(ContainerProtocolCalls.java:327)
	at org.apache.hadoop.hdds.scm.storage.ContainerProtocolCalls.lambda$readChunk$2(ContainerProtocolCalls.java:314)
	at org.apache.hadoop.hdds.scm.storage.ContainerProtocolCalls.tryEachDatanode(ContainerProtocolCalls.java:146)
	at org.apache.hadoop.hdds.scm.storage.ContainerProtocolCalls.readChunk(ContainerProtocolCalls.java:313)
	at org.apache.hadoop.hdds.scm.storage.ChunkInputStream.readChunk(ChunkInputStream.java:425)
	at org.apache.hadoop.hdds.scm.storage.ChunkInputStream.readChunkDataIntoBuffers(ChunkInputStream.java:402)
	at org.apache.hadoop.hdds.scm.storage.ChunkInputStream.readChunkFromContainer(ChunkInputStream.java:387)
	at org.apache.hadoop.hdds.scm.storage.ChunkInputStream.prepareRead(ChunkInputStream.java:319)
	at org.apache.hadoop.hdds.scm.storage.ChunkInputStream.read(ChunkInputStream.java:173)
	at org.apache.hadoop.hdds.scm.storage.ByteArrayReader.readFromBlock(ByteArrayReader.java:54)
	at org.apache.hadoop.hdds.scm.storage.BlockInputStream.readWithStrategy(BlockInputStream.java:354)
	at org.apache.hadoop.hdds.scm.storage.ExtendedInputStream.read(ExtendedInputStream.java:56)
	at org.apache.hadoop.hdds.scm.storage.ByteArrayReader.readFromBlock(ByteArrayReader.java:54)
	at org.apache.hadoop.hdds.scm.storage.MultipartInputStream.readWithStrategy(MultipartInputStream.java:96)
	at org.apache.hadoop.hdds.scm.storage.ExtendedInputStream.read(ExtendedInputStream.java:56)
	at org.apache.hadoop.ozone.client.io.OzoneInputStream.read(OzoneInputStream.java:56)
	at java.io.InputStream.read(InputStream.java:101)
	at org.apache.hadoop.ozone.client.rpc.TestOzoneRpcClientAbstract.lambda$testReadKeyWithCorruptedDataWithMutiNodes$29(TestOzoneRpcClientAbstract.java:2084)
	at org.junit.jupiter.api.AssertThrows.assertThrows(AssertThrows.java:53)
	at org.junit.jupiter.api.AssertThrows.assertThrows(AssertThrows.java:35)
	at org.junit.jupiter.api.Assertions.assertThrows(Assertions.java:3115)
	at org.apache.hadoop.ozone.client.rpc.TestOzoneRpcClientAbstract.testReadKeyWithCorruptedDataWithMutiNodes(TestOzoneRpcClientAbstract.java:2081)
	at sun.reflect.NativeMethodAccessorImpl.invoke0(Native Method)
	at sun.reflect.NativeMethodAccessorImpl.invoke(NativeMethodAccessorImpl.java:62)
	at sun.reflect.DelegatingMethodAccessorImpl.invoke(DelegatingMethodAccessorImpl.java:43)
	at java.lang.reflect.Method.invoke(Method.java:498)
	at org.junit.platform.commons.util.ReflectionUtils.invokeMethod(ReflectionUtils.java:728)
	at org.junit.jupiter.engine.execution.MethodInvocation.proceed(MethodInvocation.java:60)
	at org.junit.jupiter.engine.execution.InvocationInterceptorChain$ValidatingInvocation.proceed(InvocationInterceptorChain.java:131)
	at org.junit.jupiter.engine.extension.TimeoutExtension.intercept(TimeoutExtension.java:156)
	at org.junit.jupiter.engine.extension.TimeoutExtension.interceptTestableMethod(TimeoutExtension.java:147)
	at org.junit.jupiter.engine.extension.TimeoutExtension.interceptTestMethod(TimeoutExtension.java:86)
	at org.junit.jupiter.engine.execution.InterceptingExecutableInvoker$ReflectiveInterceptorCall.lambda$ofVoidMethod$0(InterceptingExecutableInvoker.java:103)
	at org.junit.jupiter.engine.execution.InterceptingExecutableInvoker.lambda$invoke$0(InterceptingExecutableInvoker.java:93)
	at org.junit.jupiter.engine.execution.InvocationInterceptorChain$InterceptedInvocation.proceed(InvocationInterceptorChain.java:106)
	at org.junit.jupiter.engine.execution.InvocationInterceptorChain.proceed(InvocationInterceptorChain.java:64)
	at org.junit.jupiter.engine.execution.InvocationInterceptorChain.chainAndInvoke(InvocationInterceptorChain.java:45)
	at org.junit.jupiter.engine.execution.InvocationInterceptorChain.invoke(InvocationInterceptorChain.java:37)
	at org.junit.jupiter.engine.execution.InterceptingExecutableInvoker.invoke(InterceptingExecutableInvoker.java:92)
	at org.junit.jupiter.engine.execution.InterceptingExecutableInvoker.invoke(InterceptingExecutableInvoker.java:86)
	at org.junit.jupiter.engine.descriptor.TestMethodTestDescriptor.lambda$invokeTestMethod$7(TestMethodTestDescriptor.java:218)
	at org.junit.platform.engine.support.hierarchical.ThrowableCollector.execute(ThrowableCollector.java:73)
	at org.junit.jupiter.engine.descriptor.TestMethodTestDescriptor.invokeTestMethod(TestMethodTestDescriptor.java:214)
	at org.junit.jupiter.engine.descriptor.TestMethodTestDescriptor.execute(TestMethodTestDescriptor.java:139)
	at org.junit.jupiter.engine.descriptor.TestMethodTestDescriptor.execute(TestMethodTestDescriptor.java:69)
	at org.junit.platform.engine.support.hierarchical.NodeTestTask.lambda$executeRecursively$6(NodeTestTask.java:151)
	at org.junit.platform.engine.support.hierarchical.ThrowableCollector.execute(ThrowableCollector.java:73)
	at org.junit.platform.engine.support.hierarchical.NodeTestTask.lambda$executeRecursively$8(NodeTestTask.java:141)
	at org.junit.platform.engine.support.hierarchical.Node.around(Node.java:137)
	at org.junit.platform.engine.support.hierarchical.NodeTestTask.lambda$executeRecursively$9(NodeTestTask.java:139)
	at org.junit.platform.engine.support.hierarchical.ThrowableCollector.execute(ThrowableCollector.java:73)
	at org.junit.platform.engine.support.hierarchical.NodeTestTask.executeRecursively(NodeTestTask.java:138)
	at org.junit.platform.engine.support.hierarchical.NodeTestTask.execute(NodeTestTask.java:95)
	at java.util.ArrayList.forEach(ArrayList.java:1259)
	at org.junit.platform.engine.support.hierarchical.SameThreadHierarchicalTestExecutorService.invokeAll(SameThreadHierarchicalTestExecutorService.java:41)
	at org.junit.platform.engine.support.hierarchical.NodeTestTask.lambda$executeRecursively$6(NodeTestTask.java:155)
	at org.junit.platform.engine.support.hierarchical.ThrowableCollector.execute(ThrowableCollector.java:73)
	at org.junit.platform.engine.support.hierarchical.NodeTestTask.lambda$executeRecursively$8(NodeTestTask.java:141)
	at org.junit.platform.engine.support.hierarchical.Node.around(Node.java:137)
	at org.junit.platform.engine.support.hierarchical.NodeTestTask.lambda$executeRecursively$9(NodeTestTask.java:139)
	at org.junit.platform.engine.support.hierarchical.ThrowableCollector.execute(ThrowableCollector.java:73)
	at org.junit.platform.engine.support.hierarchical.NodeTestTask.executeRecursively(NodeTestTask.java:138)
	at org.junit.platform.engine.support.hierarchical.NodeTestTask.execute(NodeTestTask.java:95)
	at java.util.ArrayList.forEach(ArrayList.java:1259)
	at org.junit.platform.engine.support.hierarchical.SameThreadHierarchicalTestExecutorService.invokeAll(SameThreadHierarchicalTestExecutorService.java:41)
	at org.junit.platform.engine.support.hierarchical.NodeTestTask.lambda$executeRecursively$6(NodeTestTask.java:155)
	at org.junit.platform.engine.support.hierarchical.ThrowableCollector.execute(ThrowableCollector.java:73)
	at org.junit.platform.engine.support.hierarchical.NodeTestTask.lambda$executeRecursively$8(NodeTestTask.java:141)
	at org.junit.platform.engine.support.hierarchical.Node.around(Node.java:137)
	at org.junit.platform.engine.support.hierarchical.NodeTestTask.lambda$executeRecursively$9(NodeTestTask.java:139)
	at org.junit.platform.engine.support.hierarchical.ThrowableCollector.execute(ThrowableCollector.java:73)
	at org.junit.platform.engine.support.hierarchical.NodeTestTask.executeRecursively(NodeTestTask.java:138)
	at org.junit.platform.engine.support.hierarchical.NodeTestTask.execute(NodeTestTask.java:95)
	at org.junit.platform.engine.support.hierarchical.SameThreadHierarchicalTestExecutorService.submit(SameThreadHierarchicalTestExecutorService.java:35)
	at org.junit.platform.engine.support.hierarchical.HierarchicalTestExecutor.execute(HierarchicalTestExecutor.java:57)
	at org.junit.platform.engine.support.hierarchical.HierarchicalTestEngine.execute(HierarchicalTestEngine.java:54)
	at org.junit.platform.launcher.core.EngineExecutionOrchestrator.execute(EngineExecutionOrchestrator.java:198)
	at org.junit.platform.launcher.core.EngineExecutionOrchestrator.execute(EngineExecutionOrchestrator.java:169)
	at org.junit.platform.launcher.core.EngineExecutionOrchestrator.execute(EngineExecutionOrchestrator.java:93)
	at org.junit.platform.launcher.core.EngineExecutionOrchestrator.lambda$execute$0(EngineExecutionOrchestrator.java:58)
	at org.junit.platform.launcher.core.EngineExecutionOrchestrator.withInterceptedStreams(EngineExecutionOrchestrator.java:141)
	at org.junit.platform.launcher.core.EngineExecutionOrchestrator.execute(EngineExecutionOrchestrator.java:57)
	at org.junit.platform.launcher.core.DefaultLauncher.execute(DefaultLauncher.java:103)
	at org.junit.platform.launcher.core.DefaultLauncher.execute(DefaultLauncher.java:85)
	at org.junit.platform.launcher.core.DelegatingLauncher.execute(DelegatingLauncher.java:47)
	at org.apache.maven.surefire.junitplatform.LazyLauncher.execute(LazyLauncher.java:56)
	at org.apache.maven.surefire.junitplatform.JUnitPlatformProvider.execute(JUnitPlatformProvider.java:184)
	at org.apache.maven.surefire.junitplatform.JUnitPlatformProvider.invokeAllTests(JUnitPlatformProvider.java:148)
	at org.apache.maven.surefire.junitplatform.JUnitPlatformProvider.invoke(JUnitPlatformProvider.java:120)
	at org.apache.maven.surefire.booter.ForkedBooter.runSuitesInProcess(ForkedBooter.java:385)
	at org.apache.maven.surefire.booter.ForkedBooter.execute(ForkedBooter.java:162)
	at org.apache.maven.surefire.booter.ForkedBooter.run(ForkedBooter.java:507)
	at org.apache.maven.surefire.booter.ForkedBooter.main(ForkedBooter.java:495)
2024-01-17 07:57:53,363 [main] ERROR scm.XceiverClientGrpc (XceiverClientGrpc.java:sendCommandWithRetry(443)) - Failed to execute command ReadChunk on the pipeline Pipeline[ Id: 4a2e5a29-a7bd-4ea8-b9b8-0bef4ca69999, Nodes: 8e247bdf-a19d-4cdc-89de-9f1c8249c15f(fv-az1531-837.hsxikm2gdrvudnct5jqc1oiugc.ex.internal.cloudapp.net/10.1.0.6)6291adf5-9e71-4549-84cb-13318527388a(fv-az1531-837.hsxikm2gdrvudnct5jqc1oiugc.ex.internal.cloudapp.net/10.1.0.6)2f83d896-2cfa-4348-ab65-ff7be0e3606c(fv-az1531-837.hsxikm2gdrvudnct5jqc1oiugc.ex.internal.cloudapp.net/10.1.0.6), ReplicationConfig: STANDALONE/THREE, State:OPEN, leaderId:6291adf5-9e71-4549-84cb-13318527388a, CreationTimestamp2024-01-17T07:57:11.733Z[Etc/UTC]].
2024-01-17 07:57:53,363 [main] WARN  storage.ContainerProtocolCalls (ContainerProtocolCalls.java:tryEachDatanode(150)) - Failed to read chunk 113750153625600398_chunk_1 (len=12) conID: 4 locID: 113750153625600398 bcsId: 220 from 2f83d896-2cfa-4348-ab65-ff7be0e3606c(fv-az1531-837.hsxikm2gdrvudnct5jqc1oiugc.ex.internal.cloudapp.net/10.1.0.6); will try another datanode.
org.apache.hadoop.ozone.common.OzoneChecksumException: Checksum mismatch at index 0
	at org.apache.hadoop.ozone.common.ChecksumData.verifyChecksumDataMatches(ChecksumData.java:139)
	at org.apache.hadoop.ozone.common.Checksum.verifyChecksum(Checksum.java:300)
	at org.apache.hadoop.hdds.scm.storage.ChunkInputStream.validateChunk(ChunkInputStream.java:488)
	at org.apache.hadoop.hdds.scm.XceiverClientGrpc.sendCommandWithRetry(XceiverClientGrpc.java:400)
	at org.apache.hadoop.hdds.scm.XceiverClientGrpc.lambda$sendCommandWithTraceIDAndRetry$0(XceiverClientGrpc.java:340)
	at org.apache.hadoop.hdds.tracing.TracingUtil.executeInSpan(TracingUtil.java:169)
	at org.apache.hadoop.hdds.tracing.TracingUtil.executeInNewSpan(TracingUtil.java:149)
	at org.apache.hadoop.hdds.scm.XceiverClientGrpc.sendCommandWithTraceIDAndRetry(XceiverClientGrpc.java:335)
	at org.apache.hadoop.hdds.scm.XceiverClientGrpc.sendCommand(XceiverClientGrpc.java:316)
	at org.apache.hadoop.hdds.scm.storage.ContainerProtocolCalls.readChunk(ContainerProtocolCalls.java:327)
	at org.apache.hadoop.hdds.scm.storage.ContainerProtocolCalls.lambda$readChunk$2(ContainerProtocolCalls.java:314)
	at org.apache.hadoop.hdds.scm.storage.ContainerProtocolCalls.tryEachDatanode(ContainerProtocolCalls.java:146)
	at org.apache.hadoop.hdds.scm.storage.ContainerProtocolCalls.readChunk(ContainerProtocolCalls.java:313)
	at org.apache.hadoop.hdds.scm.storage.ChunkInputStream.readChunk(ChunkInputStream.java:425)
	at org.apache.hadoop.hdds.scm.storage.ChunkInputStream.readChunkDataIntoBuffers(ChunkInputStream.java:402)
	at org.apache.hadoop.hdds.scm.storage.ChunkInputStream.readChunkFromContainer(ChunkInputStream.java:387)
	at org.apache.hadoop.hdds.scm.storage.ChunkInputStream.prepareRead(ChunkInputStream.java:319)
	at org.apache.hadoop.hdds.scm.storage.ChunkInputStream.read(ChunkInputStream.java:173)
	at org.apache.hadoop.hdds.scm.storage.ByteArrayReader.readFromBlock(ByteArrayReader.java:54)
	at org.apache.hadoop.hdds.scm.storage.BlockInputStream.readWithStrategy(BlockInputStream.java:354)
	at org.apache.hadoop.hdds.scm.storage.ExtendedInputStream.read(ExtendedInputStream.java:56)
	at org.apache.hadoop.hdds.scm.storage.ByteArrayReader.readFromBlock(ByteArrayReader.java:54)
	at org.apache.hadoop.hdds.scm.storage.MultipartInputStream.readWithStrategy(MultipartInputStream.java:96)
	at org.apache.hadoop.hdds.scm.storage.ExtendedInputStream.read(ExtendedInputStream.java:56)
	at org.apache.hadoop.ozone.client.io.OzoneInputStream.read(OzoneInputStream.java:56)
	at java.io.InputStream.read(InputStream.java:101)
	at org.apache.hadoop.ozone.client.rpc.TestOzoneRpcClientAbstract.lambda$testReadKeyWithCorruptedDataWithMutiNodes$29(TestOzoneRpcClientAbstract.java:2084)
	at org.junit.jupiter.api.AssertThrows.assertThrows(AssertThrows.java:53)
	at org.junit.jupiter.api.AssertThrows.assertThrows(AssertThrows.java:35)
	at org.junit.jupiter.api.Assertions.assertThrows(Assertions.java:3115)
	at org.apache.hadoop.ozone.client.rpc.TestOzoneRpcClientAbstract.testReadKeyWithCorruptedDataWithMutiNodes(TestOzoneRpcClientAbstract.java:2081)
	at sun.reflect.NativeMethodAccessorImpl.invoke0(Native Method)
	at sun.reflect.NativeMethodAccessorImpl.invoke(NativeMethodAccessorImpl.java:62)
	at sun.reflect.DelegatingMethodAccessorImpl.invoke(DelegatingMethodAccessorImpl.java:43)
	at java.lang.reflect.Method.invoke(Method.java:498)
	at org.junit.platform.commons.util.ReflectionUtils.invokeMethod(ReflectionUtils.java:728)
	at org.junit.jupiter.engine.execution.MethodInvocation.proceed(MethodInvocation.java:60)
	at org.junit.jupiter.engine.execution.InvocationInterceptorChain$ValidatingInvocation.proceed(InvocationInterceptorChain.java:131)
	at org.junit.jupiter.engine.extension.TimeoutExtension.intercept(TimeoutExtension.java:156)
	at org.junit.jupiter.engine.extension.TimeoutExtension.interceptTestableMethod(TimeoutExtension.java:147)
	at org.junit.jupiter.engine.extension.TimeoutExtension.interceptTestMethod(TimeoutExtension.java:86)
	at org.junit.jupiter.engine.execution.InterceptingExecutableInvoker$ReflectiveInterceptorCall.lambda$ofVoidMethod$0(InterceptingExecutableInvoker.java:103)
	at org.junit.jupiter.engine.execution.InterceptingExecutableInvoker.lambda$invoke$0(InterceptingExecutableInvoker.java:93)
	at org.junit.jupiter.engine.execution.InvocationInterceptorChain$InterceptedInvocation.proceed(InvocationInterceptorChain.java:106)
	at org.junit.jupiter.engine.execution.InvocationInterceptorChain.proceed(InvocationInterceptorChain.java:64)
	at org.junit.jupiter.engine.execution.InvocationInterceptorChain.chainAndInvoke(InvocationInterceptorChain.java:45)
	at org.junit.jupiter.engine.execution.InvocationInterceptorChain.invoke(InvocationInterceptorChain.java:37)
	at org.junit.jupiter.engine.execution.InterceptingExecutableInvoker.invoke(InterceptingExecutableInvoker.java:92)
	at org.junit.jupiter.engine.execution.InterceptingExecutableInvoker.invoke(InterceptingExecutableInvoker.java:86)
	at org.junit.jupiter.engine.descriptor.TestMethodTestDescriptor.lambda$invokeTestMethod$7(TestMethodTestDescriptor.java:218)
	at org.junit.platform.engine.support.hierarchical.ThrowableCollector.execute(ThrowableCollector.java:73)
	at org.junit.jupiter.engine.descriptor.TestMethodTestDescriptor.invokeTestMethod(TestMethodTestDescriptor.java:214)
	at org.junit.jupiter.engine.descriptor.TestMethodTestDescriptor.execute(TestMethodTestDescriptor.java:139)
	at org.junit.jupiter.engine.descriptor.TestMethodTestDescriptor.execute(TestMethodTestDescriptor.java:69)
	at org.junit.platform.engine.support.hierarchical.NodeTestTask.lambda$executeRecursively$6(NodeTestTask.java:151)
	at org.junit.platform.engine.support.hierarchical.ThrowableCollector.execute(ThrowableCollector.java:73)
	at org.junit.platform.engine.support.hierarchical.NodeTestTask.lambda$executeRecursively$8(NodeTestTask.java:141)
	at org.junit.platform.engine.support.hierarchical.Node.around(Node.java:137)
	at org.junit.platform.engine.support.hierarchical.NodeTestTask.lambda$executeRecursively$9(NodeTestTask.java:139)
	at org.junit.platform.engine.support.hierarchical.ThrowableCollector.execute(ThrowableCollector.java:73)
	at org.junit.platform.engine.support.hierarchical.NodeTestTask.executeRecursively(NodeTestTask.java:138)
	at org.junit.platform.engine.support.hierarchical.NodeTestTask.execute(NodeTestTask.java:95)
	at java.util.ArrayList.forEach(ArrayList.java:1259)
	at org.junit.platform.engine.support.hierarchical.SameThreadHierarchicalTestExecutorService.invokeAll(SameThreadHierarchicalTestExecutorService.java:41)
	at org.junit.platform.engine.support.hierarchical.NodeTestTask.lambda$executeRecursively$6(NodeTestTask.java:155)
	at org.junit.platform.engine.support.hierarchical.ThrowableCollector.execute(ThrowableCollector.java:73)
	at org.junit.platform.engine.support.hierarchical.NodeTestTask.lambda$executeRecursively$8(NodeTestTask.java:141)
	at org.junit.platform.engine.support.hierarchical.Node.around(Node.java:137)
	at org.junit.platform.engine.support.hierarchical.NodeTestTask.lambda$executeRecursively$9(NodeTestTask.java:139)
	at org.junit.platform.engine.support.hierarchical.ThrowableCollector.execute(ThrowableCollector.java:73)
	at org.junit.platform.engine.support.hierarchical.NodeTestTask.executeRecursively(NodeTestTask.java:138)
	at org.junit.platform.engine.support.hierarchical.NodeTestTask.execute(NodeTestTask.java:95)
	at java.util.ArrayList.forEach(ArrayList.java:1259)
	at org.junit.platform.engine.support.hierarchical.SameThreadHierarchicalTestExecutorService.invokeAll(SameThreadHierarchicalTestExecutorService.java:41)
	at org.junit.platform.engine.support.hierarchical.NodeTestTask.lambda$executeRecursively$6(NodeTestTask.java:155)
	at org.junit.platform.engine.support.hierarchical.ThrowableCollector.execute(ThrowableCollector.java:73)
	at org.junit.platform.engine.support.hierarchical.NodeTestTask.lambda$executeRecursively$8(NodeTestTask.java:141)
	at org.junit.platform.engine.support.hierarchical.Node.around(Node.java:137)
	at org.junit.platform.engine.support.hierarchical.NodeTestTask.lambda$executeRecursively$9(NodeTestTask.java:139)
	at org.junit.platform.engine.support.hierarchical.ThrowableCollector.execute(ThrowableCollector.java:73)
	at org.junit.platform.engine.support.hierarchical.NodeTestTask.executeRecursively(NodeTestTask.java:138)
	at org.junit.platform.engine.support.hierarchical.NodeTestTask.execute(NodeTestTask.java:95)
	at org.junit.platform.engine.support.hierarchical.SameThreadHierarchicalTestExecutorService.submit(SameThreadHierarchicalTestExecutorService.java:35)
	at org.junit.platform.engine.support.hierarchical.HierarchicalTestExecutor.execute(HierarchicalTestExecutor.java:57)
	at org.junit.platform.engine.support.hierarchical.HierarchicalTestEngine.execute(HierarchicalTestEngine.java:54)
	at org.junit.platform.launcher.core.EngineExecutionOrchestrator.execute(EngineExecutionOrchestrator.java:198)
	at org.junit.platform.launcher.core.EngineExecutionOrchestrator.execute(EngineExecutionOrchestrator.java:169)
	at org.junit.platform.launcher.core.EngineExecutionOrchestrator.execute(EngineExecutionOrchestrator.java:93)
	at org.junit.platform.launcher.core.EngineExecutionOrchestrator.lambda$execute$0(EngineExecutionOrchestrator.java:58)
	at org.junit.platform.launcher.core.EngineExecutionOrchestrator.withInterceptedStreams(EngineExecutionOrchestrator.java:141)
	at org.junit.platform.launcher.core.EngineExecutionOrchestrator.execute(EngineExecutionOrchestrator.java:57)
	at org.junit.platform.launcher.core.DefaultLauncher.execute(DefaultLauncher.java:103)
	at org.junit.platform.launcher.core.DefaultLauncher.execute(DefaultLauncher.java:85)
	at org.junit.platform.launcher.core.DelegatingLauncher.execute(DelegatingLauncher.java:47)
	at org.apache.maven.surefire.junitplatform.LazyLauncher.execute(LazyLauncher.java:56)
	at org.apache.maven.surefire.junitplatform.JUnitPlatformProvider.execute(JUnitPlatformProvider.java:184)
	at org.apache.maven.surefire.junitplatform.JUnitPlatformProvider.invokeAllTests(JUnitPlatformProvider.java:148)
	at org.apache.maven.surefire.junitplatform.JUnitPlatformProvider.invoke(JUnitPlatformProvider.java:120)
	at org.apache.maven.surefire.booter.ForkedBooter.runSuitesInProcess(ForkedBooter.java:385)
	at org.apache.maven.surefire.booter.ForkedBooter.execute(ForkedBooter.java:162)
	at org.apache.maven.surefire.booter.ForkedBooter.run(ForkedBooter.java:507)
	at org.apache.maven.surefire.booter.ForkedBooter.main(ForkedBooter.java:495)
2024-01-17 07:57:53,366 [main] ERROR scm.XceiverClientGrpc (XceiverClientGrpc.java:sendCommandWithRetry(443)) - Failed to execute command ReadChunk on the pipeline Pipeline[ Id: 4a2e5a29-a7bd-4ea8-b9b8-0bef4ca69999, Nodes: 8e247bdf-a19d-4cdc-89de-9f1c8249c15f(fv-az1531-837.hsxikm2gdrvudnct5jqc1oiugc.ex.internal.cloudapp.net/10.1.0.6)6291adf5-9e71-4549-84cb-13318527388a(fv-az1531-837.hsxikm2gdrvudnct5jqc1oiugc.ex.internal.cloudapp.net/10.1.0.6)2f83d896-2cfa-4348-ab65-ff7be0e3606c(fv-az1531-837.hsxikm2gdrvudnct5jqc1oiugc.ex.internal.cloudapp.net/10.1.0.6), ReplicationConfig: STANDALONE/THREE, State:OPEN, leaderId:6291adf5-9e71-4549-84cb-13318527388a, CreationTimestamp2024-01-17T07:57:11.733Z[Etc/UTC]].
2024-01-17 07:57:53,368 [main] ERROR scm.XceiverClientGrpc (XceiverClientGrpc.java:sendCommandWithRetry(443)) - Failed to execute command ReadChunk on the pipeline Pipeline[ Id: 4a2e5a29-a7bd-4ea8-b9b8-0bef4ca69999, Nodes: 8e247bdf-a19d-4cdc-89de-9f1c8249c15f(fv-az1531-837.hsxikm2gdrvudnct5jqc1oiugc.ex.internal.cloudapp.net/10.1.0.6)6291adf5-9e71-4549-84cb-13318527388a(fv-az1531-837.hsxikm2gdrvudnct5jqc1oiugc.ex.internal.cloudapp.net/10.1.0.6)2f83d896-2cfa-4348-ab65-ff7be0e3606c(fv-az1531-837.hsxikm2gdrvudnct5jqc1oiugc.ex.internal.cloudapp.net/10.1.0.6), ReplicationConfig: STANDALONE/THREE, State:OPEN, leaderId:6291adf5-9e71-4549-84cb-13318527388a, CreationTimestamp2024-01-17T07:57:11.733Z[Etc/UTC]].
2024-01-17 07:57:53,369 [main] WARN  storage.ContainerProtocolCalls (ContainerProtocolCalls.java:tryEachDatanode(150)) - Failed to read chunk 113750153625600398_chunk_1 (len=12) conID: 4 locID: 113750153625600398 bcsId: 220 from 6291adf5-9e71-4549-84cb-13318527388a(fv-az1531-837.hsxikm2gdrvudnct5jqc1oiugc.ex.internal.cloudapp.net/10.1.0.6); will try another datanode.
org.apache.hadoop.ozone.common.OzoneChecksumException: Checksum mismatch at index 0
	at org.apache.hadoop.ozone.common.ChecksumData.verifyChecksumDataMatches(ChecksumData.java:139)
	at org.apache.hadoop.ozone.common.Checksum.verifyChecksum(Checksum.java:300)
	at org.apache.hadoop.hdds.scm.storage.ChunkInputStream.validateChunk(ChunkInputStream.java:488)
	at org.apache.hadoop.hdds.scm.XceiverClientGrpc.sendCommandWithRetry(XceiverClientGrpc.java:400)
	at org.apache.hadoop.hdds.scm.XceiverClientGrpc.lambda$sendCommandWithTraceIDAndRetry$0(XceiverClientGrpc.java:340)
	at org.apache.hadoop.hdds.tracing.TracingUtil.executeInSpan(TracingUtil.java:169)
	at org.apache.hadoop.hdds.tracing.TracingUtil.executeInNewSpan(TracingUtil.java:149)
	at org.apache.hadoop.hdds.scm.XceiverClientGrpc.sendCommandWithTraceIDAndRetry(XceiverClientGrpc.java:335)
	at org.apache.hadoop.hdds.scm.XceiverClientGrpc.sendCommand(XceiverClientGrpc.java:316)
	at org.apache.hadoop.hdds.scm.storage.ContainerProtocolCalls.readChunk(ContainerProtocolCalls.java:327)
	at org.apache.hadoop.hdds.scm.storage.ContainerProtocolCalls.lambda$readChunk$2(ContainerProtocolCalls.java:314)
	at org.apache.hadoop.hdds.scm.storage.ContainerProtocolCalls.tryEachDatanode(ContainerProtocolCalls.java:146)
	at org.apache.hadoop.hdds.scm.storage.ContainerProtocolCalls.readChunk(ContainerProtocolCalls.java:313)
	at org.apache.hadoop.hdds.scm.storage.ChunkInputStream.readChunk(ChunkInputStream.java:425)
	at org.apache.hadoop.hdds.scm.storage.ChunkInputStream.readChunkDataIntoBuffers(ChunkInputStream.java:402)
	at org.apache.hadoop.hdds.scm.storage.ChunkInputStream.readChunkFromContainer(ChunkInputStream.java:387)
	at org.apache.hadoop.hdds.scm.storage.ChunkInputStream.prepareRead(ChunkInputStream.java:319)
	at org.apache.hadoop.hdds.scm.storage.ChunkInputStream.read(ChunkInputStream.java:173)
	at org.apache.hadoop.hdds.scm.storage.ByteArrayReader.readFromBlock(ByteArrayReader.java:54)
	at org.apache.hadoop.hdds.scm.storage.BlockInputStream.readWithStrategy(BlockInputStream.java:354)
	at org.apache.hadoop.hdds.scm.storage.ExtendedInputStream.read(ExtendedInputStream.java:56)
	at org.apache.hadoop.hdds.scm.storage.ByteArrayReader.readFromBlock(ByteArrayReader.java:54)
	at org.apache.hadoop.hdds.scm.storage.MultipartInputStream.readWithStrategy(MultipartInputStream.java:96)
	at org.apache.hadoop.hdds.scm.storage.ExtendedInputStream.read(ExtendedInputStream.java:56)
	at org.apache.hadoop.ozone.client.io.OzoneInputStream.read(OzoneInputStream.java:56)
	at java.io.InputStream.read(InputStream.java:101)
	at org.apache.hadoop.ozone.client.rpc.TestOzoneRpcClientAbstract.lambda$testReadKeyWithCorruptedDataWithMutiNodes$29(TestOzoneRpcClientAbstract.java:2084)
	at org.junit.jupiter.api.AssertThrows.assertThrows(AssertThrows.java:53)
	at org.junit.jupiter.api.AssertThrows.assertThrows(AssertThrows.java:35)
	at org.junit.jupiter.api.Assertions.assertThrows(Assertions.java:3115)
	at org.apache.hadoop.ozone.client.rpc.TestOzoneRpcClientAbstract.testReadKeyWithCorruptedDataWithMutiNodes(TestOzoneRpcClientAbstract.java:2081)
	at sun.reflect.NativeMethodAccessorImpl.invoke0(Native Method)
	at sun.reflect.NativeMethodAccessorImpl.invoke(NativeMethodAccessorImpl.java:62)
	at sun.reflect.DelegatingMethodAccessorImpl.invoke(DelegatingMethodAccessorImpl.java:43)
	at java.lang.reflect.Method.invoke(Method.java:498)
	at org.junit.platform.commons.util.ReflectionUtils.invokeMethod(ReflectionUtils.java:728)
	at org.junit.jupiter.engine.execution.MethodInvocation.proceed(MethodInvocation.java:60)
	at org.junit.jupiter.engine.execution.InvocationInterceptorChain$ValidatingInvocation.proceed(InvocationInterceptorChain.java:131)
	at org.junit.jupiter.engine.extension.TimeoutExtension.intercept(TimeoutExtension.java:156)
	at org.junit.jupiter.engine.extension.TimeoutExtension.interceptTestableMethod(TimeoutExtension.java:147)
	at org.junit.jupiter.engine.extension.TimeoutExtension.interceptTestMethod(TimeoutExtension.java:86)
	at org.junit.jupiter.engine.execution.InterceptingExecutableInvoker$ReflectiveInterceptorCall.lambda$ofVoidMethod$0(InterceptingExecutableInvoker.java:103)
	at org.junit.jupiter.engine.execution.InterceptingExecutableInvoker.lambda$invoke$0(InterceptingExecutableInvoker.java:93)
	at org.junit.jupiter.engine.execution.InvocationInterceptorChain$InterceptedInvocation.proceed(InvocationInterceptorChain.java:106)
	at org.junit.jupiter.engine.execution.InvocationInterceptorChain.proceed(InvocationInterceptorChain.java:64)
	at org.junit.jupiter.engine.execution.InvocationInterceptorChain.chainAndInvoke(InvocationInterceptorChain.java:45)
	at org.junit.jupiter.engine.execution.InvocationInterceptorChain.invoke(InvocationInterceptorChain.java:37)
	at org.junit.jupiter.engine.execution.InterceptingExecutableInvoker.invoke(InterceptingExecutableInvoker.java:92)
	at org.junit.jupiter.engine.execution.InterceptingExecutableInvoker.invoke(InterceptingExecutableInvoker.java:86)
	at org.junit.jupiter.engine.descriptor.TestMethodTestDescriptor.lambda$invokeTestMethod$7(TestMethodTestDescriptor.java:218)
	at org.junit.platform.engine.support.hierarchical.ThrowableCollector.execute(ThrowableCollector.java:73)
	at org.junit.jupiter.engine.descriptor.TestMethodTestDescriptor.invokeTestMethod(TestMethodTestDescriptor.java:214)
	at org.junit.jupiter.engine.descriptor.TestMethodTestDescriptor.execute(TestMethodTestDescriptor.java:139)
	at org.junit.jupiter.engine.descriptor.TestMethodTestDescriptor.execute(TestMethodTestDescriptor.java:69)
	at org.junit.platform.engine.support.hierarchical.NodeTestTask.lambda$executeRecursively$6(NodeTestTask.java:151)
	at org.junit.platform.engine.support.hierarchical.ThrowableCollector.execute(ThrowableCollector.java:73)
	at org.junit.platform.engine.support.hierarchical.NodeTestTask.lambda$executeRecursively$8(NodeTestTask.java:141)
	at org.junit.platform.engine.support.hierarchical.Node.around(Node.java:137)
	at org.junit.platform.engine.support.hierarchical.NodeTestTask.lambda$executeRecursively$9(NodeTestTask.java:139)
	at org.junit.platform.engine.support.hierarchical.ThrowableCollector.execute(ThrowableCollector.java:73)
	at org.junit.platform.engine.support.hierarchical.NodeTestTask.executeRecursively(NodeTestTask.java:138)
	at org.junit.platform.engine.support.hierarchical.NodeTestTask.execute(NodeTestTask.java:95)
	at java.util.ArrayList.forEach(ArrayList.java:1259)
	at org.junit.platform.engine.support.hierarchical.SameThreadHierarchicalTestExecutorService.invokeAll(SameThreadHierarchicalTestExecutorService.java:41)
	at org.junit.platform.engine.support.hierarchical.NodeTestTask.lambda$executeRecursively$6(NodeTestTask.java:155)
	at org.junit.platform.engine.support.hierarchical.ThrowableCollector.execute(ThrowableCollector.java:73)
	at org.junit.platform.engine.support.hierarchical.NodeTestTask.lambda$executeRecursively$8(NodeTestTask.java:141)
	at org.junit.platform.engine.support.hierarchical.Node.around(Node.java:137)
	at org.junit.platform.engine.support.hierarchical.NodeTestTask.lambda$executeRecursively$9(NodeTestTask.java:139)
	at org.junit.platform.engine.support.hierarchical.ThrowableCollector.execute(ThrowableCollector.java:73)
	at org.junit.platform.engine.support.hierarchical.NodeTestTask.executeRecursively(NodeTestTask.java:138)
	at org.junit.platform.engine.support.hierarchical.NodeTestTask.execute(NodeTestTask.java:95)
	at java.util.ArrayList.forEach(ArrayList.java:1259)
	at org.junit.platform.engine.support.hierarchical.SameThreadHierarchicalTestExecutorService.invokeAll(SameThreadHierarchicalTestExecutorService.java:41)
	at org.junit.platform.engine.support.hierarchical.NodeTestTask.lambda$executeRecursively$6(NodeTestTask.java:155)
	at org.junit.platform.engine.support.hierarchical.ThrowableCollector.execute(ThrowableCollector.java:73)
	at org.junit.platform.engine.support.hierarchical.NodeTestTask.lambda$executeRecursively$8(NodeTestTask.java:141)
	at org.junit.platform.engine.support.hierarchical.Node.around(Node.java:137)
	at org.junit.platform.engine.support.hierarchical.NodeTestTask.lambda$executeRecursively$9(NodeTestTask.java:139)
	at org.junit.platform.engine.support.hierarchical.ThrowableCollector.execute(ThrowableCollector.java:73)
	at org.junit.platform.engine.support.hierarchical.NodeTestTask.executeRecursively(NodeTestTask.java:138)
	at org.junit.platform.engine.support.hierarchical.NodeTestTask.execute(NodeTestTask.java:95)
	at org.junit.platform.engine.support.hierarchical.SameThreadHierarchicalTestExecutorService.submit(SameThreadHierarchicalTestExecutorService.java:35)
	at org.junit.platform.engine.support.hierarchical.HierarchicalTestExecutor.execute(HierarchicalTestExecutor.java:57)
	at org.junit.platform.engine.support.hierarchical.HierarchicalTestEngine.execute(HierarchicalTestEngine.java:54)
	at org.junit.platform.launcher.core.EngineExecutionOrchestrator.execute(EngineExecutionOrchestrator.java:198)
	at org.junit.platform.launcher.core.EngineExecutionOrchestrator.execute(EngineExecutionOrchestrator.java:169)
	at org.junit.platform.launcher.core.EngineExecutionOrchestrator.execute(EngineExecutionOrchestrator.java:93)
	at org.junit.platform.launcher.core.EngineExecutionOrchestrator.lambda$execute$0(EngineExecutionOrchestrator.java:58)
	at org.junit.platform.launcher.core.EngineExecutionOrchestrator.withInterceptedStreams(EngineExecutionOrchestrator.java:141)
	at org.junit.platform.launcher.core.EngineExecutionOrchestrator.execute(EngineExecutionOrchestrator.java:57)
	at org.junit.platform.launcher.core.DefaultLauncher.execute(DefaultLauncher.java:103)
	at org.junit.platform.launcher.core.DefaultLauncher.execute(DefaultLauncher.java:85)
	at org.junit.platform.launcher.core.DelegatingLauncher.execute(DelegatingLauncher.java:47)
	at org.apache.maven.surefire.junitplatform.LazyLauncher.execute(LazyLauncher.java:56)
	at org.apache.maven.surefire.junitplatform.JUnitPlatformProvider.execute(JUnitPlatformProvider.java:184)
	at org.apache.maven.surefire.junitplatform.JUnitPlatformProvider.invokeAllTests(JUnitPlatformProvider.java:148)
	at org.apache.maven.surefire.junitplatform.JUnitPlatformProvider.invoke(JUnitPlatformProvider.java:120)
	at org.apache.maven.surefire.booter.ForkedBooter.runSuitesInProcess(ForkedBooter.java:385)
	at org.apache.maven.surefire.booter.ForkedBooter.execute(ForkedBooter.java:162)
	at org.apache.maven.surefire.booter.ForkedBooter.run(ForkedBooter.java:507)
	at org.apache.maven.surefire.booter.ForkedBooter.main(ForkedBooter.java:495)
2024-01-17 07:57:53,372 [main] ERROR scm.XceiverClientGrpc (XceiverClientGrpc.java:sendCommandWithRetry(443)) - Failed to execute command ReadChunk on the pipeline Pipeline[ Id: 4a2e5a29-a7bd-4ea8-b9b8-0bef4ca69999, Nodes: 8e247bdf-a19d-4cdc-89de-9f1c8249c15f(fv-az1531-837.hsxikm2gdrvudnct5jqc1oiugc.ex.internal.cloudapp.net/10.1.0.6)6291adf5-9e71-4549-84cb-13318527388a(fv-az1531-837.hsxikm2gdrvudnct5jqc1oiugc.ex.internal.cloudapp.net/10.1.0.6)2f83d896-2cfa-4348-ab65-ff7be0e3606c(fv-az1531-837.hsxikm2gdrvudnct5jqc1oiugc.ex.internal.cloudapp.net/10.1.0.6), ReplicationConfig: STANDALONE/THREE, State:OPEN, leaderId:6291adf5-9e71-4549-84cb-13318527388a, CreationTimestamp2024-01-17T07:57:11.733Z[Etc/UTC]].
2024-01-17 07:57:53,372 [main] WARN  storage.ContainerProtocolCalls (ContainerProtocolCalls.java:tryEachDatanode(150)) - Failed to read chunk 113750153625600398_chunk_1 (len=12) conID: 4 locID: 113750153625600398 bcsId: 220 from 2f83d896-2cfa-4348-ab65-ff7be0e3606c(fv-az1531-837.hsxikm2gdrvudnct5jqc1oiugc.ex.internal.cloudapp.net/10.1.0.6); will try another datanode.
org.apache.hadoop.ozone.common.OzoneChecksumException: Checksum mismatch at index 0
	at org.apache.hadoop.ozone.common.ChecksumData.verifyChecksumDataMatches(ChecksumData.java:139)
	at org.apache.hadoop.ozone.common.Checksum.verifyChecksum(Checksum.java:300)
	at org.apache.hadoop.hdds.scm.storage.ChunkInputStream.validateChunk(ChunkInputStream.java:488)
	at org.apache.hadoop.hdds.scm.XceiverClientGrpc.sendCommandWithRetry(XceiverClientGrpc.java:400)
	at org.apache.hadoop.hdds.scm.XceiverClientGrpc.lambda$sendCommandWithTraceIDAndRetry$0(XceiverClientGrpc.java:340)
	at org.apache.hadoop.hdds.tracing.TracingUtil.executeInSpan(TracingUtil.java:169)
	at org.apache.hadoop.hdds.tracing.TracingUtil.executeInNewSpan(TracingUtil.java:149)
	at org.apache.hadoop.hdds.scm.XceiverClientGrpc.sendCommandWithTraceIDAndRetry(XceiverClientGrpc.java:335)
	at org.apache.hadoop.hdds.scm.XceiverClientGrpc.sendCommand(XceiverClientGrpc.java:316)
	at org.apache.hadoop.hdds.scm.storage.ContainerProtocolCalls.readChunk(ContainerProtocolCalls.java:327)
	at org.apache.hadoop.hdds.scm.storage.ContainerProtocolCalls.lambda$readChunk$2(ContainerProtocolCalls.java:314)
	at org.apache.hadoop.hdds.scm.storage.ContainerProtocolCalls.tryEachDatanode(ContainerProtocolCalls.java:146)
	at org.apache.hadoop.hdds.scm.storage.ContainerProtocolCalls.readChunk(ContainerProtocolCalls.java:313)
	at org.apache.hadoop.hdds.scm.storage.ChunkInputStream.readChunk(ChunkInputStream.java:425)
	at org.apache.hadoop.hdds.scm.storage.ChunkInputStream.readChunkDataIntoBuffers(ChunkInputStream.java:402)
	at org.apache.hadoop.hdds.scm.storage.ChunkInputStream.readChunkFromContainer(ChunkInputStream.java:387)
	at org.apache.hadoop.hdds.scm.storage.ChunkInputStream.prepareRead(ChunkInputStream.java:319)
	at org.apache.hadoop.hdds.scm.storage.ChunkInputStream.read(ChunkInputStream.java:173)
	at org.apache.hadoop.hdds.scm.storage.ByteArrayReader.readFromBlock(ByteArrayReader.java:54)
	at org.apache.hadoop.hdds.scm.storage.BlockInputStream.readWithStrategy(BlockInputStream.java:354)
	at org.apache.hadoop.hdds.scm.storage.ExtendedInputStream.read(ExtendedInputStream.java:56)
	at org.apache.hadoop.hdds.scm.storage.ByteArrayReader.readFromBlock(ByteArrayReader.java:54)
	at org.apache.hadoop.hdds.scm.storage.MultipartInputStream.readWithStrategy(MultipartInputStream.java:96)
	at org.apache.hadoop.hdds.scm.storage.ExtendedInputStream.read(ExtendedInputStream.java:56)
	at org.apache.hadoop.ozone.client.io.OzoneInputStream.read(OzoneInputStream.java:56)
	at java.io.InputStream.read(InputStream.java:101)
	at org.apache.hadoop.ozone.client.rpc.TestOzoneRpcClientAbstract.lambda$testReadKeyWithCorruptedDataWithMutiNodes$29(TestOzoneRpcClientAbstract.java:2084)
	at org.junit.jupiter.api.AssertThrows.assertThrows(AssertThrows.java:53)
	at org.junit.jupiter.api.AssertThrows.assertThrows(AssertThrows.java:35)
	at org.junit.jupiter.api.Assertions.assertThrows(Assertions.java:3115)
	at org.apache.hadoop.ozone.client.rpc.TestOzoneRpcClientAbstract.testReadKeyWithCorruptedDataWithMutiNodes(TestOzoneRpcClientAbstract.java:2081)
	at sun.reflect.NativeMethodAccessorImpl.invoke0(Native Method)
	at sun.reflect.NativeMethodAccessorImpl.invoke(NativeMethodAccessorImpl.java:62)
	at sun.reflect.DelegatingMethodAccessorImpl.invoke(DelegatingMethodAccessorImpl.java:43)
	at java.lang.reflect.Method.invoke(Method.java:498)
	at org.junit.platform.commons.util.ReflectionUtils.invokeMethod(ReflectionUtils.java:728)
	at org.junit.jupiter.engine.execution.MethodInvocation.proceed(MethodInvocation.java:60)
	at org.junit.jupiter.engine.execution.InvocationInterceptorChain$ValidatingInvocation.proceed(InvocationInterceptorChain.java:131)
	at org.junit.jupiter.engine.extension.TimeoutExtension.intercept(TimeoutExtension.java:156)
	at org.junit.jupiter.engine.extension.TimeoutExtension.interceptTestableMethod(TimeoutExtension.java:147)
	at org.junit.jupiter.engine.extension.TimeoutExtension.interceptTestMethod(TimeoutExtension.java:86)
	at org.junit.jupiter.engine.execution.InterceptingExecutableInvoker$ReflectiveInterceptorCall.lambda$ofVoidMethod$0(InterceptingExecutableInvoker.java:103)
	at org.junit.jupiter.engine.execution.InterceptingExecutableInvoker.lambda$invoke$0(InterceptingExecutableInvoker.java:93)
	at org.junit.jupiter.engine.execution.InvocationInterceptorChain$InterceptedInvocation.proceed(InvocationInterceptorChain.java:106)
	at org.junit.jupiter.engine.execution.InvocationInterceptorChain.proceed(InvocationInterceptorChain.java:64)
	at org.junit.jupiter.engine.execution.InvocationInterceptorChain.chainAndInvoke(InvocationInterceptorChain.java:45)
	at org.junit.jupiter.engine.execution.InvocationInterceptorChain.invoke(InvocationInterceptorChain.java:37)
	at org.junit.jupiter.engine.execution.InterceptingExecutableInvoker.invoke(InterceptingExecutableInvoker.java:92)
	at org.junit.jupiter.engine.execution.InterceptingExecutableInvoker.invoke(InterceptingExecutableInvoker.java:86)
	at org.junit.jupiter.engine.descriptor.TestMethodTestDescriptor.lambda$invokeTestMethod$7(TestMethodTestDescriptor.java:218)
	at org.junit.platform.engine.support.hierarchical.ThrowableCollector.execute(ThrowableCollector.java:73)
	at org.junit.jupiter.engine.descriptor.TestMethodTestDescriptor.invokeTestMethod(TestMethodTestDescriptor.java:214)
	at org.junit.jupiter.engine.descriptor.TestMethodTestDescriptor.execute(TestMethodTestDescriptor.java:139)
	at org.junit.jupiter.engine.descriptor.TestMethodTestDescriptor.execute(TestMethodTestDescriptor.java:69)
	at org.junit.platform.engine.support.hierarchical.NodeTestTask.lambda$executeRecursively$6(NodeTestTask.java:151)
	at org.junit.platform.engine.support.hierarchical.ThrowableCollector.execute(ThrowableCollector.java:73)
	at org.junit.platform.engine.support.hierarchical.NodeTestTask.lambda$executeRecursively$8(NodeTestTask.java:141)
	at org.junit.platform.engine.support.hierarchical.Node.around(Node.java:137)
	at org.junit.platform.engine.support.hierarchical.NodeTestTask.lambda$executeRecursively$9(NodeTestTask.java:139)
	at org.junit.platform.engine.support.hierarchical.ThrowableCollector.execute(ThrowableCollector.java:73)
	at org.junit.platform.engine.support.hierarchical.NodeTestTask.executeRecursively(NodeTestTask.java:138)
	at org.junit.platform.engine.support.hierarchical.NodeTestTask.execute(NodeTestTask.java:95)
	at java.util.ArrayList.forEach(ArrayList.java:1259)
	at org.junit.platform.engine.support.hierarchical.SameThreadHierarchicalTestExecutorService.invokeAll(SameThreadHierarchicalTestExecutorService.java:41)
	at org.junit.platform.engine.support.hierarchical.NodeTestTask.lambda$executeRecursively$6(NodeTestTask.java:155)
	at org.junit.platform.engine.support.hierarchical.ThrowableCollector.execute(ThrowableCollector.java:73)
	at org.junit.platform.engine.support.hierarchical.NodeTestTask.lambda$executeRecursively$8(NodeTestTask.java:141)
	at org.junit.platform.engine.support.hierarchical.Node.around(Node.java:137)
	at org.junit.platform.engine.support.hierarchical.NodeTestTask.lambda$executeRecursively$9(NodeTestTask.java:139)
	at org.junit.platform.engine.support.hierarchical.ThrowableCollector.execute(ThrowableCollector.java:73)
	at org.junit.platform.engine.support.hierarchical.NodeTestTask.executeRecursively(NodeTestTask.java:138)
	at org.junit.platform.engine.support.hierarchical.NodeTestTask.execute(NodeTestTask.java:95)
	at java.util.ArrayList.forEach(ArrayList.java:1259)
	at org.junit.platform.engine.support.hierarchical.SameThreadHierarchicalTestExecutorService.invokeAll(SameThreadHierarchicalTestExecutorService.java:41)
	at org.junit.platform.engine.support.hierarchical.NodeTestTask.lambda$executeRecursively$6(NodeTestTask.java:155)
	at org.junit.platform.engine.support.hierarchical.ThrowableCollector.execute(ThrowableCollector.java:73)
	at org.junit.platform.engine.support.hierarchical.NodeTestTask.lambda$executeRecursively$8(NodeTestTask.java:141)
	at org.junit.platform.engine.support.hierarchical.Node.around(Node.java:137)
	at org.junit.platform.engine.support.hierarchical.NodeTestTask.lambda$executeRecursively$9(NodeTestTask.java:139)
	at org.junit.platform.engine.support.hierarchical.ThrowableCollector.execute(ThrowableCollector.java:73)
	at org.junit.platform.engine.support.hierarchical.NodeTestTask.executeRecursively(NodeTestTask.java:138)
	at org.junit.platform.engine.support.hierarchical.NodeTestTask.execute(NodeTestTask.java:95)
	at org.junit.platform.engine.support.hierarchical.SameThreadHierarchicalTestExecutorService.submit(SameThreadHierarchicalTestExecutorService.java:35)
	at org.junit.platform.engine.support.hierarchical.HierarchicalTestExecutor.execute(HierarchicalTestExecutor.java:57)
	at org.junit.platform.engine.support.hierarchical.HierarchicalTestEngine.execute(HierarchicalTestEngine.java:54)
	at org.junit.platform.launcher.core.EngineExecutionOrchestrator.execute(EngineExecutionOrchestrator.java:198)
	at org.junit.platform.launcher.core.EngineExecutionOrchestrator.execute(EngineExecutionOrchestrator.java:169)
	at org.junit.platform.launcher.core.EngineExecutionOrchestrator.execute(EngineExecutionOrchestrator.java:93)
	at org.junit.platform.launcher.core.EngineExecutionOrchestrator.lambda$execute$0(EngineExecutionOrchestrator.java:58)
	at org.junit.platform.launcher.core.EngineExecutionOrchestrator.withInterceptedStreams(EngineExecutionOrchestrator.java:141)
	at org.junit.platform.launcher.core.EngineExecutionOrchestrator.execute(EngineExecutionOrchestrator.java:57)
	at org.junit.platform.launcher.core.DefaultLauncher.execute(DefaultLauncher.java:103)
	at org.junit.platform.launcher.core.DefaultLauncher.execute(DefaultLauncher.java:85)
	at org.junit.platform.launcher.core.DelegatingLauncher.execute(DelegatingLauncher.java:47)
	at org.apache.maven.surefire.junitplatform.LazyLauncher.execute(LazyLauncher.java:56)
	at org.apache.maven.surefire.junitplatform.JUnitPlatformProvider.execute(JUnitPlatformProvider.java:184)
	at org.apache.maven.surefire.junitplatform.JUnitPlatformProvider.invokeAllTests(JUnitPlatformProvider.java:148)
	at org.apache.maven.surefire.junitplatform.JUnitPlatformProvider.invoke(JUnitPlatformProvider.java:120)
	at org.apache.maven.surefire.booter.ForkedBooter.runSuitesInProcess(ForkedBooter.java:385)
	at org.apache.maven.surefire.booter.ForkedBooter.execute(ForkedBooter.java:162)
	at org.apache.maven.surefire.booter.ForkedBooter.run(ForkedBooter.java:507)
	at org.apache.maven.surefire.booter.ForkedBooter.main(ForkedBooter.java:495)
2024-01-17 07:57:53,375 [main] ERROR scm.XceiverClientGrpc (XceiverClientGrpc.java:sendCommandWithRetry(443)) - Failed to execute command ReadChunk on the pipeline Pipeline[ Id: 4a2e5a29-a7bd-4ea8-b9b8-0bef4ca69999, Nodes: 8e247bdf-a19d-4cdc-89de-9f1c8249c15f(fv-az1531-837.hsxikm2gdrvudnct5jqc1oiugc.ex.internal.cloudapp.net/10.1.0.6)6291adf5-9e71-4549-84cb-13318527388a(fv-az1531-837.hsxikm2gdrvudnct5jqc1oiugc.ex.internal.cloudapp.net/10.1.0.6)2f83d896-2cfa-4348-ab65-ff7be0e3606c(fv-az1531-837.hsxikm2gdrvudnct5jqc1oiugc.ex.internal.cloudapp.net/10.1.0.6), ReplicationConfig: STANDALONE/THREE, State:OPEN, leaderId:6291adf5-9e71-4549-84cb-13318527388a, CreationTimestamp2024-01-17T07:57:11.733Z[Etc/UTC]].
]]></system-out>
  </testcase>
  <testcase name="testReadKeyWithVerifyChecksumFlagDisable" classname="org.apache.hadoop.ozone.client.rpc.TestOzoneRpcClientWithRatis" time="0.054">
    <system-out><![CDATA[2024-01-17 07:57:53,376 [main] INFO  rpc.RpcClient (RpcClient.java:createVolume(456)) - Creating Volume: 8ad4fded-6eb2-4704-98f3-8cc0b94dca78, with runner as owner and space quota set to -1 bytes, counts quota set to -1
2024-01-17 07:57:53,378 [om1-OMStateMachineApplyTransactionThread - 0] INFO  volume.OMVolumeCreateRequest (OMVolumeCreateRequest.java:validateAndUpdateCache(198)) - created volume:8ad4fded-6eb2-4704-98f3-8cc0b94dca78 for user:runner
2024-01-17 07:57:53,380 [main] INFO  rpc.RpcClient (RpcClient.java:createBucket(683)) - Creating Bucket: 8ad4fded-6eb2-4704-98f3-8cc0b94dca78/5a6bfb4f-bbd8-40da-817e-95777df9e614, with server-side default bucket layout, runner as owner, Versioning false, Storage Type set to DISK and Encryption set to false, Replication Type set to server-side default replication type, Namespace Quota set to -1, Space Quota set to -1 
2024-01-17 07:57:53,381 [om1-OMStateMachineApplyTransactionThread - 0] INFO  bucket.OMBucketCreateRequest (OMBucketCreateRequest.java:validateAndUpdateCache(296)) - created bucket: 5a6bfb4f-bbd8-40da-817e-95777df9e614 of layout FILE_SYSTEM_OPTIMIZED in volume: 8ad4fded-6eb2-4704-98f3-8cc0b94dca78
2024-01-17 07:57:53,389 [IPC Server handler 99 on default port 15001] WARN  node.SCMNodeManager (SCMNodeManager.java:getNodesByAddress(1459)) - Cannot find node for address 127.0.0.1
2024-01-17 07:57:53,411 [main] INFO  protocolPB.OmTransportFactory (OmTransportFactory.java:createFactory(62)) - Loading OM transport implementation org.apache.hadoop.ozone.om.protocolPB.Hadoop3OmTransportFactory as specified by configuration.
]]></system-out>
  </testcase>
  <testcase name="testReadKeyWithVerifyChecksumFlagEnable" classname="org.apache.hadoop.ozone.client.rpc.TestOzoneRpcClientWithRatis" time="0.062">
    <system-out><![CDATA[2024-01-17 07:57:53,431 [main] INFO  rpc.RpcClient (RpcClient.java:createVolume(456)) - Creating Volume: 40f1b069-560a-40a1-9d72-2cd4c8b29487, with runner as owner and space quota set to -1 bytes, counts quota set to -1
2024-01-17 07:57:53,432 [om1-OMStateMachineApplyTransactionThread - 0] INFO  volume.OMVolumeCreateRequest (OMVolumeCreateRequest.java:validateAndUpdateCache(198)) - created volume:40f1b069-560a-40a1-9d72-2cd4c8b29487 for user:runner
2024-01-17 07:57:53,433 [main] INFO  rpc.RpcClient (RpcClient.java:createBucket(683)) - Creating Bucket: 40f1b069-560a-40a1-9d72-2cd4c8b29487/5d488043-9678-4ce4-9d19-e24377b2c513, with server-side default bucket layout, runner as owner, Versioning false, Storage Type set to DISK and Encryption set to false, Replication Type set to server-side default replication type, Namespace Quota set to -1, Space Quota set to -1 
2024-01-17 07:57:53,437 [om1-OMStateMachineApplyTransactionThread - 0] INFO  bucket.OMBucketCreateRequest (OMBucketCreateRequest.java:validateAndUpdateCache(296)) - created bucket: 5d488043-9678-4ce4-9d19-e24377b2c513 of layout FILE_SYSTEM_OPTIMIZED in volume: 40f1b069-560a-40a1-9d72-2cd4c8b29487
2024-01-17 07:57:53,448 [IPC Server handler 28 on default port 15001] WARN  node.SCMNodeManager (SCMNodeManager.java:getNodesByAddress(1459)) - Cannot find node for address 127.0.0.1
2024-01-17 07:57:53,472 [main] INFO  protocolPB.OmTransportFactory (OmTransportFactory.java:createFactory(62)) - Loading OM transport implementation org.apache.hadoop.ozone.om.protocolPB.Hadoop3OmTransportFactory as specified by configuration.
2024-01-17 07:57:53,488 [main] ERROR scm.XceiverClientGrpc (XceiverClientGrpc.java:sendCommandWithRetry(443)) - Failed to execute command ReadChunk on the pipeline Pipeline[ Id: bd776b3f-42d9-424b-abf6-5756b4f363c0, Nodes: 4f4a0cbc-a9eb-44f0-8d97-06326de93701(fv-az1531-837.hsxikm2gdrvudnct5jqc1oiugc.ex.internal.cloudapp.net/10.1.0.6), ReplicationConfig: STANDALONE/ONE, State:OPEN, leaderId:4f4a0cbc-a9eb-44f0-8d97-06326de93701, CreationTimestamp2024-01-17T07:57:19.748Z[Etc/UTC]].
2024-01-17 07:57:53,490 [main] ERROR scm.XceiverClientGrpc (XceiverClientGrpc.java:sendCommandWithRetry(443)) - Failed to execute command ReadChunk on the pipeline Pipeline[ Id: bd776b3f-42d9-424b-abf6-5756b4f363c0, Nodes: 4f4a0cbc-a9eb-44f0-8d97-06326de93701(fv-az1531-837.hsxikm2gdrvudnct5jqc1oiugc.ex.internal.cloudapp.net/10.1.0.6), ReplicationConfig: STANDALONE/ONE, State:OPEN, leaderId:4f4a0cbc-a9eb-44f0-8d97-06326de93701, CreationTimestamp2024-01-17T07:57:19.748Z[Etc/UTC]].
2024-01-17 07:57:53,491 [main] ERROR scm.XceiverClientGrpc (XceiverClientGrpc.java:sendCommandWithRetry(443)) - Failed to execute command ReadChunk on the pipeline Pipeline[ Id: bd776b3f-42d9-424b-abf6-5756b4f363c0, Nodes: 4f4a0cbc-a9eb-44f0-8d97-06326de93701(fv-az1531-837.hsxikm2gdrvudnct5jqc1oiugc.ex.internal.cloudapp.net/10.1.0.6), ReplicationConfig: STANDALONE/ONE, State:OPEN, leaderId:4f4a0cbc-a9eb-44f0-8d97-06326de93701, CreationTimestamp2024-01-17T07:57:19.748Z[Etc/UTC]].
]]></system-out>
  </testcase>
  <testcase name="testRemoveBucketAcl" classname="org.apache.hadoop.ozone.client.rpc.TestOzoneRpcClientWithRatis" time="0.009">
    <system-out><![CDATA[2024-01-17 07:57:53,493 [main] INFO  rpc.RpcClient (RpcClient.java:createVolume(456)) - Creating Volume: 3e56becc-bf0c-4f10-b203-42ec945b8e90, with runner as owner and space quota set to -1 bytes, counts quota set to -1
2024-01-17 07:57:53,495 [om1-OMStateMachineApplyTransactionThread - 0] INFO  volume.OMVolumeCreateRequest (OMVolumeCreateRequest.java:validateAndUpdateCache(198)) - created volume:3e56becc-bf0c-4f10-b203-42ec945b8e90 for user:runner
2024-01-17 07:57:53,496 [main] INFO  rpc.RpcClient (RpcClient.java:createBucket(683)) - Creating Bucket: 3e56becc-bf0c-4f10-b203-42ec945b8e90/1169e51a-1bf1-4830-a3fb-87644c800fc0, with server-side default bucket layout, runner as owner, Versioning false, Storage Type set to DISK and Encryption set to false, Replication Type set to server-side default replication type, Namespace Quota set to -1, Space Quota set to -1 
2024-01-17 07:57:53,497 [om1-OMStateMachineApplyTransactionThread - 0] INFO  bucket.OMBucketCreateRequest (OMBucketCreateRequest.java:validateAndUpdateCache(296)) - created bucket: 1169e51a-1bf1-4830-a3fb-87644c800fc0 of layout FILE_SYSTEM_OPTIMIZED in volume: 3e56becc-bf0c-4f10-b203-42ec945b8e90
]]></system-out>
  </testcase>
  <testcase name="testRemoveBucketAclUsingRpcClientRemoveAcl" classname="org.apache.hadoop.ozone.client.rpc.TestOzoneRpcClientWithRatis" time="0.009">
    <system-out><![CDATA[2024-01-17 07:57:53,503 [main] INFO  rpc.RpcClient (RpcClient.java:createVolume(456)) - Creating Volume: b06789e1-e57c-4088-997a-2846ad0d1941, with runner as owner and space quota set to -1 bytes, counts quota set to -1
2024-01-17 07:57:53,504 [om1-OMStateMachineApplyTransactionThread - 0] INFO  volume.OMVolumeCreateRequest (OMVolumeCreateRequest.java:validateAndUpdateCache(198)) - created volume:b06789e1-e57c-4088-997a-2846ad0d1941 for user:runner
2024-01-17 07:57:53,505 [main] INFO  rpc.RpcClient (RpcClient.java:createBucket(683)) - Creating Bucket: b06789e1-e57c-4088-997a-2846ad0d1941/13d2d7f4-3339-4a07-b0d1-6bd457c164b9, with server-side default bucket layout, runner as owner, Versioning false, Storage Type set to DISK and Encryption set to false, Replication Type set to server-side default replication type, Namespace Quota set to -1, Space Quota set to -1 
2024-01-17 07:57:53,506 [om1-OMStateMachineApplyTransactionThread - 0] INFO  bucket.OMBucketCreateRequest (OMBucketCreateRequest.java:validateAndUpdateCache(296)) - created bucket: 13d2d7f4-3339-4a07-b0d1-6bd457c164b9 of layout FILE_SYSTEM_OPTIMIZED in volume: b06789e1-e57c-4088-997a-2846ad0d1941
]]></system-out>
  </testcase>
  <testcase name="testRenameKey" classname="org.apache.hadoop.ozone.client.rpc.TestOzoneRpcClientWithRatis" time="0.035">
    <system-out><![CDATA[2024-01-17 07:57:53,511 [main] INFO  rpc.RpcClient (RpcClient.java:createVolume(456)) - Creating Volume: 5e658317-4907-45d9-91d5-a48425d2daad, with runner as owner and space quota set to -1 bytes, counts quota set to -1
2024-01-17 07:57:53,513 [om1-OMStateMachineApplyTransactionThread - 0] INFO  volume.OMVolumeCreateRequest (OMVolumeCreateRequest.java:validateAndUpdateCache(198)) - created volume:5e658317-4907-45d9-91d5-a48425d2daad for user:runner
2024-01-17 07:57:53,514 [main] INFO  rpc.RpcClient (RpcClient.java:createBucket(683)) - Creating Bucket: 5e658317-4907-45d9-91d5-a48425d2daad/f0e4dc5a-3fa5-4fd2-b79a-9ff693c47456, with server-side default bucket layout, runner as owner, Versioning false, Storage Type set to DISK and Encryption set to false, Replication Type set to server-side default replication type, Namespace Quota set to -1, Space Quota set to -1 
2024-01-17 07:57:53,515 [om1-OMStateMachineApplyTransactionThread - 0] INFO  bucket.OMBucketCreateRequest (OMBucketCreateRequest.java:validateAndUpdateCache(296)) - created bucket: f0e4dc5a-3fa5-4fd2-b79a-9ff693c47456 of layout FILE_SYSTEM_OPTIMIZED in volume: 5e658317-4907-45d9-91d5-a48425d2daad
2024-01-17 07:57:53,525 [IPC Server handler 16 on default port 15001] WARN  node.SCMNodeManager (SCMNodeManager.java:getNodesByAddress(1459)) - Cannot find node for address 127.0.0.1
2024-01-17 07:57:53,537 [IPC Server handler 9 on default port 15001] WARN  node.SCMNodeManager (SCMNodeManager.java:getNodesByAddress(1459)) - Cannot find node for address 127.0.0.1
07:57:53.544 [IPC Server handler 10 on default port 15004] ERROR OMAudit - user=runner | ip=127.0.0.1 | op=READ_KEY {volume=5e658317-4907-45d9-91d5-a48425d2daad, bucket=f0e4dc5a-3fa5-4fd2-b79a-9ff693c47456, key=ae1d4144-dfac-42d2-9196-523a26875251, dataSize=0, replicationConfig=null} | ret=FAILURE
org.apache.hadoop.ozone.om.exceptions.OMException: Key:ae1d4144-dfac-42d2-9196-523a26875251 not found
	at org.apache.hadoop.ozone.om.KeyManagerImpl.readKeyInfo(KeyManagerImpl.java:477) ~[ozone-manager-1.5.0-SNAPSHOT.jar:?]
	at org.apache.hadoop.ozone.om.KeyManagerImpl.lambda$9(KeyManagerImpl.java:2045) ~[ozone-manager-1.5.0-SNAPSHOT.jar:?]
	at org.apache.hadoop.util.MetricUtil.captureLatencyNs(MetricUtil.java:45) ~[hdds-common-1.5.0-SNAPSHOT.jar:?]
	at org.apache.hadoop.ozone.om.KeyManagerImpl.getKeyInfo(KeyManagerImpl.java:2043) ~[ozone-manager-1.5.0-SNAPSHOT.jar:?]
	at org.apache.hadoop.ozone.om.OmMetadataReader.getKeyInfo(OmMetadataReader.java:190) ~[ozone-manager-1.5.0-SNAPSHOT.jar:?]
	at org.apache.hadoop.ozone.om.OzoneManager.getKeyInfo(OzoneManager.java:2869) ~[ozone-manager-1.5.0-SNAPSHOT.jar:?]
	at org.apache.hadoop.ozone.protocolPB.OzoneManagerRequestHandler.getKeyInfo(OzoneManagerRequestHandler.java:641) ~[ozone-manager-1.5.0-SNAPSHOT.jar:?]
	at org.apache.hadoop.ozone.protocolPB.OzoneManagerRequestHandler.handleReadRequest(OzoneManagerRequestHandler.java:328) ~[ozone-manager-1.5.0-SNAPSHOT.jar:?]
	at org.apache.hadoop.ozone.protocolPB.OzoneManagerProtocolServerSideTranslatorPB.submitReadRequestToOM(OzoneManagerProtocolServerSideTranslatorPB.java:259) ~[ozone-manager-1.5.0-SNAPSHOT.jar:?]
	at org.apache.hadoop.ozone.protocolPB.OzoneManagerProtocolServerSideTranslatorPB.internalProcessRequest(OzoneManagerProtocolServerSideTranslatorPB.java:205) ~[ozone-manager-1.5.0-SNAPSHOT.jar:?]
	at org.apache.hadoop.ozone.protocolPB.OzoneManagerProtocolServerSideTranslatorPB.processRequest(OzoneManagerProtocolServerSideTranslatorPB.java:165) ~[ozone-manager-1.5.0-SNAPSHOT.jar:?]
	at org.apache.hadoop.hdds.server.OzoneProtocolMessageDispatcher.processRequest(OzoneProtocolMessageDispatcher.java:89) [hdds-server-framework-1.5.0-SNAPSHOT.jar:?]
	at org.apache.hadoop.ozone.protocolPB.OzoneManagerProtocolServerSideTranslatorPB.submitRequest(OzoneManagerProtocolServerSideTranslatorPB.java:156) [ozone-manager-1.5.0-SNAPSHOT.jar:?]
	at org.apache.hadoop.ozone.protocol.proto.OzoneManagerProtocolProtos$OzoneManagerService$2.callBlockingMethod(OzoneManagerProtocolProtos.java) [ozone-interface-client-1.5.0-SNAPSHOT.jar:?]
	at org.apache.hadoop.ipc.ProtobufRpcEngine$Server.processCall(ProtobufRpcEngine.java:484) [hadoop-common-3.3.6.jar:?]
	at org.apache.hadoop.ipc.ProtobufRpcEngine2$Server$ProtoBufRpcInvoker.call(ProtobufRpcEngine2.java:595) [hadoop-common-3.3.6.jar:?]
	at org.apache.hadoop.ipc.ProtobufRpcEngine2$Server$ProtoBufRpcInvoker.call(ProtobufRpcEngine2.java:573) [hadoop-common-3.3.6.jar:?]
	at org.apache.hadoop.ipc.RPC$Server.call(RPC.java:1227) [hadoop-common-3.3.6.jar:?]
	at org.apache.hadoop.ipc.Server$RpcCall.run(Server.java:1094) [hadoop-common-3.3.6.jar:?]
	at org.apache.hadoop.ipc.Server$RpcCall.run(Server.java:1017) [hadoop-common-3.3.6.jar:?]
	at java.security.AccessController.doPrivileged(Native Method) ~[?:1.8.0_392]
	at javax.security.auth.Subject.doAs(Subject.java:422) [?:1.8.0_392]
	at org.apache.hadoop.security.UserGroupInformation.doAs(UserGroupInformation.java:1899) [hadoop-common-3.3.6.jar:?]
	at org.apache.hadoop.ipc.Server$Handler.run(Server.java:3048) [hadoop-common-3.3.6.jar:?]
2024-01-17 07:57:53,545 [IPC Server handler 29 on default port 15001] WARN  node.SCMNodeManager (SCMNodeManager.java:getNodesByAddress(1459)) - Cannot find node for address 127.0.0.1
]]></system-out>
  </testcase>
  <testcase name="testSetAndClrQuota" classname="org.apache.hadoop.ozone.client.rpc.TestOzoneRpcClientWithRatis" time="0.056">
    <system-out><![CDATA[2024-01-17 07:57:53,547 [main] INFO  rpc.RpcClient (RpcClient.java:createVolume(456)) - Creating Volume: 703ea97d-f2f5-406b-ad51-7c9d52995054, with runner as owner and space quota set to -1 bytes, counts quota set to -1
2024-01-17 07:57:53,549 [om1-OMStateMachineApplyTransactionThread - 0] INFO  volume.OMVolumeCreateRequest (OMVolumeCreateRequest.java:validateAndUpdateCache(198)) - created volume:703ea97d-f2f5-406b-ad51-7c9d52995054 for user:runner
2024-01-17 07:57:53,550 [main] INFO  rpc.RpcClient (RpcClient.java:createBucket(683)) - Creating Bucket: 703ea97d-f2f5-406b-ad51-7c9d52995054/76568291-6154-4330-a8ee-d0730bcc9c0a, with server-side default bucket layout, runner as owner, Versioning false, Storage Type set to DISK and Encryption set to false, Replication Type set to server-side default replication type, Namespace Quota set to -1, Space Quota set to -1 
2024-01-17 07:57:53,551 [om1-OMStateMachineApplyTransactionThread - 0] INFO  bucket.OMBucketCreateRequest (OMBucketCreateRequest.java:validateAndUpdateCache(296)) - created bucket: 76568291-6154-4330-a8ee-d0730bcc9c0a of layout FILE_SYSTEM_OPTIMIZED in volume: 703ea97d-f2f5-406b-ad51-7c9d52995054
2024-01-17 07:57:53,561 [main] INFO  rpc.RpcClient (RpcClient.java:createBucket(683)) - Creating Bucket: 703ea97d-f2f5-406b-ad51-7c9d52995054/db959131-648d-402f-bafd-993b038aa6f8, with server-side default bucket layout, runner as owner, Versioning false, Storage Type set to DISK and Encryption set to false, Replication Type set to server-side default replication type, Namespace Quota set to -1, Space Quota set to -1 
2024-01-17 07:57:53,562 [om1-OMStateMachineApplyTransactionThread - 0] INFO  bucket.OMBucketCreateRequest (OMBucketCreateRequest.java:validateAndUpdateCache(296)) - created bucket: db959131-648d-402f-bafd-993b038aa6f8 of layout FILE_SYSTEM_OPTIMIZED in volume: 703ea97d-f2f5-406b-ad51-7c9d52995054
07:57:53.571 [om1-OMStateMachineApplyTransactionThread - 0] ERROR OMAudit - user=runner | ip=127.0.0.1 | op=UPDATE_BUCKET {volume=703ea97d-f2f5-406b-ad51-7c9d52995054, bucket=76568291-6154-4330-a8ee-d0730bcc9c0a, gdprEnabled=null, isVersionEnabled=null} | ret=FAILURE
org.apache.hadoop.ozone.om.exceptions.OMException: Can not clear bucket spaceQuota because volume spaceQuota is not cleared.
	at org.apache.hadoop.ozone.om.request.bucket.OMBucketSetPropertyRequest.checkQuotaBytesValid(OMBucketSetPropertyRequest.java:269) ~[ozone-manager-1.5.0-SNAPSHOT.jar:?]
	at org.apache.hadoop.ozone.om.request.bucket.OMBucketSetPropertyRequest.validateAndUpdateCache(OMBucketSetPropertyRequest.java:177) ~[ozone-manager-1.5.0-SNAPSHOT.jar:?]
	at org.apache.hadoop.ozone.protocolPB.OzoneManagerRequestHandler.lambda$0(OzoneManagerRequestHandler.java:403) ~[ozone-manager-1.5.0-SNAPSHOT.jar:?]
	at org.apache.hadoop.util.MetricUtil.captureLatencyNs(MetricUtil.java:45) ~[hdds-common-1.5.0-SNAPSHOT.jar:?]
	at org.apache.hadoop.ozone.protocolPB.OzoneManagerRequestHandler.handleWriteRequest(OzoneManagerRequestHandler.java:399) ~[ozone-manager-1.5.0-SNAPSHOT.jar:?]
	at org.apache.hadoop.ozone.om.ratis.OzoneManagerStateMachine.runCommand(OzoneManagerStateMachine.java:559) ~[ozone-manager-1.5.0-SNAPSHOT.jar:?]
	at org.apache.hadoop.ozone.om.ratis.OzoneManagerStateMachine.lambda$1(OzoneManagerStateMachine.java:349) ~[ozone-manager-1.5.0-SNAPSHOT.jar:?]
	at java.util.concurrent.CompletableFuture$AsyncSupply.run(CompletableFuture.java:1604) [?:1.8.0_392]
	at java.util.concurrent.ThreadPoolExecutor.runWorker(ThreadPoolExecutor.java:1149) [?:1.8.0_392]
	at java.util.concurrent.ThreadPoolExecutor$Worker.run(ThreadPoolExecutor.java:624) [?:1.8.0_392]
	at java.lang.Thread.run(Thread.java:750) [?:1.8.0_392]
2024-01-17 07:57:53,572 [om1-OMStateMachineApplyTransactionThread - 0] ERROR bucket.OMBucketSetPropertyRequest (OMBucketSetPropertyRequest.java:validateAndUpdateCache(229)) - Setting bucket property failed for bucket:76568291-6154-4330-a8ee-d0730bcc9c0a in volume:703ea97d-f2f5-406b-ad51-7c9d52995054
QUOTA_ERROR org.apache.hadoop.ozone.om.exceptions.OMException: Can not clear bucket spaceQuota because volume spaceQuota is not cleared.
	at org.apache.hadoop.ozone.om.request.bucket.OMBucketSetPropertyRequest.checkQuotaBytesValid(OMBucketSetPropertyRequest.java:269)
	at org.apache.hadoop.ozone.om.request.bucket.OMBucketSetPropertyRequest.validateAndUpdateCache(OMBucketSetPropertyRequest.java:177)
	at org.apache.hadoop.ozone.protocolPB.OzoneManagerRequestHandler.lambda$0(OzoneManagerRequestHandler.java:403)
	at org.apache.hadoop.util.MetricUtil.captureLatencyNs(MetricUtil.java:45)
	at org.apache.hadoop.ozone.protocolPB.OzoneManagerRequestHandler.handleWriteRequest(OzoneManagerRequestHandler.java:399)
	at org.apache.hadoop.ozone.om.ratis.OzoneManagerStateMachine.runCommand(OzoneManagerStateMachine.java:559)
	at org.apache.hadoop.ozone.om.ratis.OzoneManagerStateMachine.lambda$1(OzoneManagerStateMachine.java:349)
	at java.util.concurrent.CompletableFuture$AsyncSupply.run(CompletableFuture.java:1604)
	at java.util.concurrent.ThreadPoolExecutor.runWorker(ThreadPoolExecutor.java:1149)
	at java.util.concurrent.ThreadPoolExecutor$Worker.run(ThreadPoolExecutor.java:624)
	at java.lang.Thread.run(Thread.java:750)
]]></system-out>
  </testcase>
  <testcase name="testSetBucketQuotaIllegal" classname="org.apache.hadoop.ozone.client.rpc.TestOzoneRpcClientWithRatis" time="0.014">
    <system-out><![CDATA[2024-01-17 07:57:53,604 [main] INFO  rpc.RpcClient (RpcClient.java:createVolume(456)) - Creating Volume: e1763834-d94f-470e-b9e4-f860400016f9, with runner as owner and space quota set to -1 bytes, counts quota set to -1
2024-01-17 07:57:53,606 [om1-OMStateMachineApplyTransactionThread - 0] INFO  volume.OMVolumeCreateRequest (OMVolumeCreateRequest.java:validateAndUpdateCache(198)) - created volume:e1763834-d94f-470e-b9e4-f860400016f9 for user:runner
2024-01-17 07:57:53,607 [main] INFO  rpc.RpcClient (RpcClient.java:createBucket(683)) - Creating Bucket: e1763834-d94f-470e-b9e4-f860400016f9/64f33122-f903-4cf0-953d-4cd2eb2aa1e6, with server-side default bucket layout, runner as owner, Versioning false, Storage Type set to DISK and Encryption set to false, Replication Type set to server-side default replication type, Namespace Quota set to -1, Space Quota set to -1 
2024-01-17 07:57:53,609 [om1-OMStateMachineApplyTransactionThread - 0] INFO  bucket.OMBucketCreateRequest (OMBucketCreateRequest.java:validateAndUpdateCache(296)) - created bucket: 64f33122-f903-4cf0-953d-4cd2eb2aa1e6 of layout FILE_SYSTEM_OPTIMIZED in volume: e1763834-d94f-470e-b9e4-f860400016f9
]]></system-out>
  </testcase>
  <testcase name="testSetBucketStorageType" classname="org.apache.hadoop.ozone.client.rpc.TestOzoneRpcClientWithRatis" time="0.008">
    <system-out><![CDATA[2024-01-17 07:57:53,620 [main] INFO  rpc.RpcClient (RpcClient.java:createVolume(456)) - Creating Volume: 76310861-49ec-44fb-a1ee-3620dcbf7564, with runner as owner and space quota set to -1 bytes, counts quota set to -1
2024-01-17 07:57:53,622 [om1-OMStateMachineApplyTransactionThread - 0] INFO  volume.OMVolumeCreateRequest (OMVolumeCreateRequest.java:validateAndUpdateCache(198)) - created volume:76310861-49ec-44fb-a1ee-3620dcbf7564 for user:runner
2024-01-17 07:57:53,623 [main] INFO  rpc.RpcClient (RpcClient.java:createBucket(683)) - Creating Bucket: 76310861-49ec-44fb-a1ee-3620dcbf7564/040b92d8-4df9-44a5-a689-bf9a8b82cb41, with server-side default bucket layout, runner as owner, Versioning false, Storage Type set to DISK and Encryption set to false, Replication Type set to server-side default replication type, Namespace Quota set to -1, Space Quota set to -1 
2024-01-17 07:57:53,625 [om1-OMStateMachineApplyTransactionThread - 0] INFO  bucket.OMBucketCreateRequest (OMBucketCreateRequest.java:validateAndUpdateCache(296)) - created bucket: 040b92d8-4df9-44a5-a689-bf9a8b82cb41 of layout FILE_SYSTEM_OPTIMIZED in volume: 76310861-49ec-44fb-a1ee-3620dcbf7564
]]></system-out>
  </testcase>
  <testcase name="testSetBucketVersioning" classname="org.apache.hadoop.ozone.client.rpc.TestOzoneRpcClientWithRatis" time="0.007">
    <system-out><![CDATA[2024-01-17 07:57:53,629 [main] INFO  rpc.RpcClient (RpcClient.java:createVolume(456)) - Creating Volume: ce6f14a1-a1a7-4539-a198-f11a0a44a8ce, with runner as owner and space quota set to -1 bytes, counts quota set to -1
2024-01-17 07:57:53,630 [om1-OMStateMachineApplyTransactionThread - 0] INFO  volume.OMVolumeCreateRequest (OMVolumeCreateRequest.java:validateAndUpdateCache(198)) - created volume:ce6f14a1-a1a7-4539-a198-f11a0a44a8ce for user:runner
2024-01-17 07:57:53,632 [main] INFO  rpc.RpcClient (RpcClient.java:createBucket(683)) - Creating Bucket: ce6f14a1-a1a7-4539-a198-f11a0a44a8ce/96e69da6-f3d8-42e6-9d33-823a26b2a9a5, with server-side default bucket layout, runner as owner, Versioning false, Storage Type set to DISK and Encryption set to false, Replication Type set to server-side default replication type, Namespace Quota set to -1, Space Quota set to -1 
2024-01-17 07:57:53,633 [om1-OMStateMachineApplyTransactionThread - 0] INFO  bucket.OMBucketCreateRequest (OMBucketCreateRequest.java:validateAndUpdateCache(296)) - created bucket: 96e69da6-f3d8-42e6-9d33-823a26b2a9a5 of layout FILE_SYSTEM_OPTIMIZED in volume: ce6f14a1-a1a7-4539-a198-f11a0a44a8ce
]]></system-out>
  </testcase>
  <testcase name="testSetECReplicationConfigOnBucket" classname="org.apache.hadoop.ozone.client.rpc.TestOzoneRpcClientWithRatis" time="0.011">
    <system-out><![CDATA[2024-01-17 07:57:53,638 [main] INFO  rpc.RpcClient (RpcClient.java:createVolume(456)) - Creating Volume: 40900c5b-4f06-417f-a619-aedb5ab4e281, with runner as owner and space quota set to -1 bytes, counts quota set to -1
2024-01-17 07:57:53,639 [om1-OMStateMachineApplyTransactionThread - 0] INFO  volume.OMVolumeCreateRequest (OMVolumeCreateRequest.java:validateAndUpdateCache(198)) - created volume:40900c5b-4f06-417f-a619-aedb5ab4e281 for user:runner
2024-01-17 07:57:53,641 [main] INFO  rpc.RpcClient (RpcClient.java:createBucket(683)) - Creating Bucket: 40900c5b-4f06-417f-a619-aedb5ab4e281/4a6fe50b-19a3-495c-b41f-0446acd172e4, with server-side default bucket layout, runner as owner, Versioning true, Storage Type set to DISK and Encryption set to false, Replication Type set to STAND_ALONE, Namespace Quota set to -1, Space Quota set to -1 
2024-01-17 07:57:53,642 [om1-OMStateMachineApplyTransactionThread - 0] INFO  bucket.OMBucketCreateRequest (OMBucketCreateRequest.java:validateAndUpdateCache(296)) - created bucket: 4a6fe50b-19a3-495c-b41f-0446acd172e4 of layout FILE_SYSTEM_OPTIMIZED in volume: 40900c5b-4f06-417f-a619-aedb5ab4e281
]]></system-out>
  </testcase>
  <testcase name="testSetS3VolumeAcl" classname="org.apache.hadoop.ozone.client.rpc.TestOzoneRpcClientWithRatis" time="0.003"/>
  <testcase name="testSetVolumeQuota" classname="org.apache.hadoop.ozone.client.rpc.TestOzoneRpcClientWithRatis" time="0.006">
    <system-out><![CDATA[2024-01-17 07:57:53,654 [main] INFO  rpc.RpcClient (RpcClient.java:createVolume(456)) - Creating Volume: 6ee29fd7-e809-4d93-b5e1-145321a0520a, with runner as owner and space quota set to -1 bytes, counts quota set to -1
2024-01-17 07:57:53,655 [om1-OMStateMachineApplyTransactionThread - 0] INFO  volume.OMVolumeCreateRequest (OMVolumeCreateRequest.java:validateAndUpdateCache(198)) - created volume:6ee29fd7-e809-4d93-b5e1-145321a0520a for user:runner
]]></system-out>
  </testcase>
  <testcase name="testSetVolumeQuotaIllegal" classname="org.apache.hadoop.ozone.client.rpc.TestOzoneRpcClientWithRatis" time="0.007">
    <system-out><![CDATA[2024-01-17 07:57:53,662 [main] INFO  rpc.RpcClient (RpcClient.java:createVolume(456)) - Creating Volume: 8d9a7c00-9d55-4bb2-b893-0394bcaeb495, with runner as owner and space quota set to -1 bytes, counts quota set to -1
2024-01-17 07:57:53,663 [om1-OMStateMachineApplyTransactionThread - 0] INFO  volume.OMVolumeCreateRequest (OMVolumeCreateRequest.java:validateAndUpdateCache(198)) - created volume:8d9a7c00-9d55-4bb2-b893-0394bcaeb495 for user:runner
]]></system-out>
  </testcase>
  <testcase name="testUploadPartOverride(ReplicationConfig)[1]" classname="org.apache.hadoop.ozone.client.rpc.TestOzoneRpcClientWithRatis" time="0.031">
    <system-out><![CDATA[2024-01-17 07:57:53,671 [main] INFO  rpc.RpcClient (RpcClient.java:createVolume(456)) - Creating Volume: 3e4b4703-2d6c-43c8-a2fc-0abc3f16041b, with runner as owner and space quota set to -1 bytes, counts quota set to -1
2024-01-17 07:57:53,673 [om1-OMStateMachineApplyTransactionThread - 0] INFO  volume.OMVolumeCreateRequest (OMVolumeCreateRequest.java:validateAndUpdateCache(198)) - created volume:3e4b4703-2d6c-43c8-a2fc-0abc3f16041b for user:runner
2024-01-17 07:57:53,675 [main] INFO  rpc.RpcClient (RpcClient.java:createBucket(683)) - Creating Bucket: 3e4b4703-2d6c-43c8-a2fc-0abc3f16041b/dee34a2b-d8ce-4233-a970-2b92c350bc08, with server-side default bucket layout, runner as owner, Versioning false, Storage Type set to DISK and Encryption set to false, Replication Type set to server-side default replication type, Namespace Quota set to -1, Space Quota set to -1 
2024-01-17 07:57:53,678 [om1-OMStateMachineApplyTransactionThread - 0] INFO  bucket.OMBucketCreateRequest (OMBucketCreateRequest.java:validateAndUpdateCache(296)) - created bucket: dee34a2b-d8ce-4233-a970-2b92c350bc08 of layout FILE_SYSTEM_OPTIMIZED in volume: 3e4b4703-2d6c-43c8-a2fc-0abc3f16041b
]]></system-out>
  </testcase>
  <testcase name="testUploadPartOverride(ReplicationConfig)[2]" classname="org.apache.hadoop.ozone.client.rpc.TestOzoneRpcClientWithRatis" time="0.037">
    <system-out><![CDATA[2024-01-17 07:57:53,703 [main] INFO  rpc.RpcClient (RpcClient.java:createVolume(456)) - Creating Volume: 8541e767-17db-4963-b572-7357983cb1ff, with runner as owner and space quota set to -1 bytes, counts quota set to -1
2024-01-17 07:57:53,705 [om1-OMStateMachineApplyTransactionThread - 0] INFO  volume.OMVolumeCreateRequest (OMVolumeCreateRequest.java:validateAndUpdateCache(198)) - created volume:8541e767-17db-4963-b572-7357983cb1ff for user:runner
2024-01-17 07:57:53,706 [main] INFO  rpc.RpcClient (RpcClient.java:createBucket(683)) - Creating Bucket: 8541e767-17db-4963-b572-7357983cb1ff/6f27868a-73db-4f6b-9980-dc8d93accffc, with server-side default bucket layout, runner as owner, Versioning false, Storage Type set to DISK and Encryption set to false, Replication Type set to server-side default replication type, Namespace Quota set to -1, Space Quota set to -1 
2024-01-17 07:57:53,707 [om1-OMStateMachineApplyTransactionThread - 0] INFO  bucket.OMBucketCreateRequest (OMBucketCreateRequest.java:validateAndUpdateCache(296)) - created bucket: 6f27868a-73db-4f6b-9980-dc8d93accffc of layout FILE_SYSTEM_OPTIMIZED in volume: 8541e767-17db-4963-b572-7357983cb1ff
]]></system-out>
  </testcase>
  <testcase name="testUploadPartOverride(ReplicationConfig)[3]" classname="org.apache.hadoop.ozone.client.rpc.TestOzoneRpcClientWithRatis" time="0.045">
    <system-out><![CDATA[2024-01-17 07:57:53,741 [main] INFO  rpc.RpcClient (RpcClient.java:createVolume(456)) - Creating Volume: 9c887f03-6a9f-47bc-a3d2-a6c78f3401dd, with runner as owner and space quota set to -1 bytes, counts quota set to -1
2024-01-17 07:57:53,742 [om1-OMStateMachineApplyTransactionThread - 0] INFO  volume.OMVolumeCreateRequest (OMVolumeCreateRequest.java:validateAndUpdateCache(198)) - created volume:9c887f03-6a9f-47bc-a3d2-a6c78f3401dd for user:runner
2024-01-17 07:57:53,743 [main] INFO  rpc.RpcClient (RpcClient.java:createBucket(683)) - Creating Bucket: 9c887f03-6a9f-47bc-a3d2-a6c78f3401dd/e36cdf41-d651-4d1e-8469-d6e5c91c4452, with server-side default bucket layout, runner as owner, Versioning false, Storage Type set to DISK and Encryption set to false, Replication Type set to server-side default replication type, Namespace Quota set to -1, Space Quota set to -1 
2024-01-17 07:57:53,745 [om1-OMStateMachineApplyTransactionThread - 0] INFO  bucket.OMBucketCreateRequest (OMBucketCreateRequest.java:validateAndUpdateCache(296)) - created bucket: e36cdf41-d651-4d1e-8469-d6e5c91c4452 of layout FILE_SYSTEM_OPTIMIZED in volume: 9c887f03-6a9f-47bc-a3d2-a6c78f3401dd
]]></system-out>
  </testcase>
  <testcase name="testUploadPartWithNoOverride(ReplicationConfig)[1]" classname="org.apache.hadoop.ozone.client.rpc.TestOzoneRpcClientWithRatis" time="0.019">
    <system-out><![CDATA[2024-01-17 07:57:53,788 [main] INFO  rpc.RpcClient (RpcClient.java:createVolume(456)) - Creating Volume: 855856c2-77dc-4e7a-8d08-53c424240aba, with runner as owner and space quota set to -1 bytes, counts quota set to -1
2024-01-17 07:57:53,790 [om1-OMStateMachineApplyTransactionThread - 0] INFO  volume.OMVolumeCreateRequest (OMVolumeCreateRequest.java:validateAndUpdateCache(198)) - created volume:855856c2-77dc-4e7a-8d08-53c424240aba for user:runner
2024-01-17 07:57:53,791 [main] INFO  rpc.RpcClient (RpcClient.java:createBucket(683)) - Creating Bucket: 855856c2-77dc-4e7a-8d08-53c424240aba/818a2637-f923-4391-8314-151f9543ae5c, with server-side default bucket layout, runner as owner, Versioning false, Storage Type set to DISK and Encryption set to false, Replication Type set to server-side default replication type, Namespace Quota set to -1, Space Quota set to -1 
2024-01-17 07:57:53,793 [om1-OMStateMachineApplyTransactionThread - 0] INFO  bucket.OMBucketCreateRequest (OMBucketCreateRequest.java:validateAndUpdateCache(296)) - created bucket: 818a2637-f923-4391-8314-151f9543ae5c of layout FILE_SYSTEM_OPTIMIZED in volume: 855856c2-77dc-4e7a-8d08-53c424240aba
]]></system-out>
  </testcase>
  <testcase name="testUploadPartWithNoOverride(ReplicationConfig)[2]" classname="org.apache.hadoop.ozone.client.rpc.TestOzoneRpcClientWithRatis" time="0.023">
    <system-out><![CDATA[2024-01-17 07:57:53,807 [main] INFO  rpc.RpcClient (RpcClient.java:createVolume(456)) - Creating Volume: 5d75f23c-346d-4300-b3fe-04019b6ba920, with runner as owner and space quota set to -1 bytes, counts quota set to -1
2024-01-17 07:57:53,810 [om1-OMStateMachineApplyTransactionThread - 0] INFO  volume.OMVolumeCreateRequest (OMVolumeCreateRequest.java:validateAndUpdateCache(198)) - created volume:5d75f23c-346d-4300-b3fe-04019b6ba920 for user:runner
2024-01-17 07:57:53,811 [main] INFO  rpc.RpcClient (RpcClient.java:createBucket(683)) - Creating Bucket: 5d75f23c-346d-4300-b3fe-04019b6ba920/57a3b01a-3824-44c2-93b5-01a275a4f921, with server-side default bucket layout, runner as owner, Versioning false, Storage Type set to DISK and Encryption set to false, Replication Type set to server-side default replication type, Namespace Quota set to -1, Space Quota set to -1 
2024-01-17 07:57:53,813 [om1-OMStateMachineApplyTransactionThread - 0] INFO  bucket.OMBucketCreateRequest (OMBucketCreateRequest.java:validateAndUpdateCache(296)) - created bucket: 57a3b01a-3824-44c2-93b5-01a275a4f921 of layout FILE_SYSTEM_OPTIMIZED in volume: 5d75f23c-346d-4300-b3fe-04019b6ba920
]]></system-out>
  </testcase>
  <testcase name="testUploadPartWithNoOverride(ReplicationConfig)[3]" classname="org.apache.hadoop.ozone.client.rpc.TestOzoneRpcClientWithRatis" time="0.021">
    <system-out><![CDATA[2024-01-17 07:57:53,831 [main] INFO  rpc.RpcClient (RpcClient.java:createVolume(456)) - Creating Volume: 2d45de8f-dc14-4c37-9e15-09d2d6be84aa, with runner as owner and space quota set to -1 bytes, counts quota set to -1
2024-01-17 07:57:53,833 [om1-OMStateMachineApplyTransactionThread - 0] INFO  volume.OMVolumeCreateRequest (OMVolumeCreateRequest.java:validateAndUpdateCache(198)) - created volume:2d45de8f-dc14-4c37-9e15-09d2d6be84aa for user:runner
2024-01-17 07:57:53,834 [main] INFO  rpc.RpcClient (RpcClient.java:createBucket(683)) - Creating Bucket: 2d45de8f-dc14-4c37-9e15-09d2d6be84aa/36e9e5ac-11e5-4cf5-b1dd-bc11f8c4e413, with server-side default bucket layout, runner as owner, Versioning false, Storage Type set to DISK and Encryption set to false, Replication Type set to server-side default replication type, Namespace Quota set to -1, Space Quota set to -1 
2024-01-17 07:57:53,835 [om1-OMStateMachineApplyTransactionThread - 0] INFO  bucket.OMBucketCreateRequest (OMBucketCreateRequest.java:validateAndUpdateCache(296)) - created bucket: 36e9e5ac-11e5-4cf5-b1dd-bc11f8c4e413 of layout FILE_SYSTEM_OPTIMIZED in volume: 2d45de8f-dc14-4c37-9e15-09d2d6be84aa
]]></system-out>
  </testcase>
  <testcase name="testUploadWithStreamAndMemoryMappedBuffer" classname="org.apache.hadoop.ozone.client.rpc.TestOzoneRpcClientWithRatis" time="0.079">
    <system-out><![CDATA[2024-01-17 07:57:53,854 [main] INFO  rpc.RpcClient (RpcClient.java:createVolume(456)) - Creating Volume: vol-8206e8ac-addc-40ca-ad86-acbe2997c532, with runner as owner and space quota set to -1 bytes, counts quota set to -1
2024-01-17 07:57:53,855 [om1-OMStateMachineApplyTransactionThread - 0] INFO  volume.OMVolumeCreateRequest (OMVolumeCreateRequest.java:validateAndUpdateCache(198)) - created volume:vol-8206e8ac-addc-40ca-ad86-acbe2997c532 for user:runner
2024-01-17 07:57:53,856 [main] INFO  rpc.RpcClient (RpcClient.java:createBucket(683)) - Creating Bucket: vol-8206e8ac-addc-40ca-ad86-acbe2997c532/buck-4e2cfeac-5b14-4360-a72b-d168669a5336, with server-side default bucket layout, runner as owner, Versioning false, Storage Type set to DISK and Encryption set to false, Replication Type set to RATIS, Namespace Quota set to -1, Space Quota set to -1 
2024-01-17 07:57:53,857 [om1-OMStateMachineApplyTransactionThread - 0] INFO  bucket.OMBucketCreateRequest (OMBucketCreateRequest.java:validateAndUpdateCache(296)) - created bucket: buck-4e2cfeac-5b14-4360-a72b-d168669a5336 of layout FILE_SYSTEM_OPTIMIZED in volume: vol-8206e8ac-addc-40ca-ad86-acbe2997c532
2024-01-17 07:57:53,859 [IPC Server handler 46 on default port 15001] WARN  node.SCMNodeManager (SCMNodeManager.java:getNodesByAddress(1459)) - Cannot find node for address 127.0.0.1
2024-01-17 07:57:53,862 [main] INFO  client.DataStreamClient (ConfUtils.java:logGet(46)) - raft.datastream.type = NETTY (custom)
2024-01-17 07:57:53,862 [main] INFO  netty.NettyConfigKeys$DataStream (ConfUtils.java:logGet(46)) - raft.netty.dataStream.client.tls.conf = null (default)
2024-01-17 07:57:53,862 [main] INFO  netty.NettyConfigKeys$DataStream (ConfUtils.java:logGet(46)) - raft.netty.dataStream.client.worker-group.share = true (default)
2024-01-17 07:57:53,863 [main] INFO  impl.DataStreamClientImpl (ConfUtils.java:logGet(46)) - raft.datastream.skip.send-forward = false (default)
2024-01-17 07:57:53,866 [4f4a0cbc-a9eb-44f0-8d97-06326de93701-NettyServerStreamRpc-bossGroup--thread1] INFO  logging.LoggingHandler (AbstractInternalLogger.java:log(148)) - [id: 0x2279c299, L:/0.0.0.0:15042] READ: [id: 0xe9cb84bb, L:/10.1.0.6:15042 - R:/10.1.0.6:53670]
2024-01-17 07:57:53,867 [4f4a0cbc-a9eb-44f0-8d97-06326de93701-NettyServerStreamRpc-bossGroup--thread1] INFO  logging.LoggingHandler (AbstractInternalLogger.java:log(148)) - [id: 0x2279c299, L:/0.0.0.0:15042] READ COMPLETE
2024-01-17 07:57:53,868 [4f4a0cbc-a9eb-44f0-8d97-06326de93701-NettyServerStreamRpc-workerGroup--thread2] INFO  client.DataStreamClient (ConfUtils.java:logGet(46)) - raft.datastream.type = NETTY (custom)
2024-01-17 07:57:53,868 [4f4a0cbc-a9eb-44f0-8d97-06326de93701-NettyServerStreamRpc-workerGroup--thread2] INFO  netty.NettyConfigKeys$DataStream (ConfUtils.java:logGet(46)) - raft.netty.dataStream.client.tls.conf = null (default)
2024-01-17 07:57:53,868 [4f4a0cbc-a9eb-44f0-8d97-06326de93701-NettyServerStreamRpc-workerGroup--thread2] INFO  netty.NettyConfigKeys$DataStream (ConfUtils.java:logGet(46)) - raft.netty.dataStream.client.worker-group.share = true (default)
2024-01-17 07:57:53,868 [4f4a0cbc-a9eb-44f0-8d97-06326de93701-NettyServerStreamRpc-workerGroup--thread2] INFO  impl.DataStreamClientImpl (ConfUtils.java:logGet(46)) - raft.datastream.skip.send-forward = false (default)
2024-01-17 07:57:53,871 [8d67fbbe-ad76-4934-bcfb-c8cae0dbbecb-NettyServerStreamRpc-bossGroup--thread1] INFO  logging.LoggingHandler (AbstractInternalLogger.java:log(148)) - [id: 0xf2b671d0, L:/0.0.0.0:15060] READ: [id: 0xa02f1e95, L:/10.1.0.6:15060 - R:/10.1.0.6:53622]
2024-01-17 07:57:53,871 [8d67fbbe-ad76-4934-bcfb-c8cae0dbbecb-NettyServerStreamRpc-bossGroup--thread1] INFO  logging.LoggingHandler (AbstractInternalLogger.java:log(148)) - [id: 0xf2b671d0, L:/0.0.0.0:15060] READ COMPLETE
2024-01-17 07:57:53,872 [8d67fbbe-ad76-4934-bcfb-c8cae0dbbecb-NettyServerStreamRpc-workerGroup--thread2] INFO  client.DataStreamClient (ConfUtils.java:logGet(46)) - raft.datastream.type = NETTY (custom)
2024-01-17 07:57:53,872 [8d67fbbe-ad76-4934-bcfb-c8cae0dbbecb-NettyServerStreamRpc-workerGroup--thread2] INFO  netty.NettyConfigKeys$DataStream (ConfUtils.java:logGet(46)) - raft.netty.dataStream.client.tls.conf = null (default)
2024-01-17 07:57:53,872 [8d67fbbe-ad76-4934-bcfb-c8cae0dbbecb-NettyServerStreamRpc-workerGroup--thread2] INFO  netty.NettyConfigKeys$DataStream (ConfUtils.java:logGet(46)) - raft.netty.dataStream.client.worker-group.share = true (default)
2024-01-17 07:57:53,872 [8d67fbbe-ad76-4934-bcfb-c8cae0dbbecb-NettyServerStreamRpc-workerGroup--thread2] INFO  impl.DataStreamClientImpl (ConfUtils.java:logGet(46)) - raft.datastream.skip.send-forward = false (default)
2024-01-17 07:57:53,879 [0f18b96a-e4aa-46f4-b611-a6948cf06a42-NettyServerStreamRpc-bossGroup--thread1] INFO  logging.LoggingHandler (AbstractInternalLogger.java:log(148)) - [id: 0xfb9fc621, L:/0.0.0.0:15051] READ: [id: 0x981e8ac9, L:/10.1.0.6:15051 - R:/10.1.0.6:33618]
2024-01-17 07:57:53,884 [0f18b96a-e4aa-46f4-b611-a6948cf06a42-NettyServerStreamRpc-bossGroup--thread1] INFO  logging.LoggingHandler (AbstractInternalLogger.java:log(148)) - [id: 0xfb9fc621, L:/0.0.0.0:15051] READ COMPLETE
2024-01-17 07:57:53,926 [IPC Server handler 62 on default port 15001] WARN  node.SCMNodeManager (SCMNodeManager.java:getNodesByAddress(1459)) - Cannot find node for address 127.0.0.1
]]></system-out>
  </testcase>
  <testcase name="testUsedBytesWithUploadPart" classname="org.apache.hadoop.ozone.client.rpc.TestOzoneRpcClientWithRatis" time="0.195">
    <system-out><![CDATA[2024-01-17 07:57:54,009 [main] INFO  rpc.RpcClient (RpcClient.java:createVolume(456)) - Creating Volume: 5788da49-4492-4de1-b30a-e7db1217a7d4, with runner as owner and space quota set to -1 bytes, counts quota set to -1
2024-01-17 07:57:54,010 [om1-OMStateMachineApplyTransactionThread - 0] INFO  volume.OMVolumeCreateRequest (OMVolumeCreateRequest.java:validateAndUpdateCache(198)) - created volume:5788da49-4492-4de1-b30a-e7db1217a7d4 for user:runner
2024-01-17 07:57:54,012 [main] INFO  rpc.RpcClient (RpcClient.java:createBucket(683)) - Creating Bucket: 5788da49-4492-4de1-b30a-e7db1217a7d4/b49ff9bd-95d0-4f80-af2d-81bc49e5a7ad, with server-side default bucket layout, runner as owner, Versioning false, Storage Type set to DISK and Encryption set to false, Replication Type set to server-side default replication type, Namespace Quota set to -1, Space Quota set to -1 
2024-01-17 07:57:54,013 [om1-OMStateMachineApplyTransactionThread - 0] INFO  bucket.OMBucketCreateRequest (OMBucketCreateRequest.java:validateAndUpdateCache(296)) - created bucket: b49ff9bd-95d0-4f80-af2d-81bc49e5a7ad of layout FILE_SYSTEM_OPTIMIZED in volume: 5788da49-4492-4de1-b30a-e7db1217a7d4
]]></system-out>
  </testcase>
  <testcase name="testValidateBlockLengthWithCommitKey" classname="org.apache.hadoop.ozone.client.rpc.TestOzoneRpcClientWithRatis" time="0.015">
    <system-out><![CDATA[2024-01-17 07:57:54,129 [main] INFO  rpc.RpcClient (RpcClient.java:createVolume(456)) - Creating Volume: af8ec018-dd78-4da6-bb84-16c6adb480a9, with runner as owner and space quota set to -1 bytes, counts quota set to -1
2024-01-17 07:57:54,131 [om1-OMStateMachineApplyTransactionThread - 0] INFO  volume.OMVolumeCreateRequest (OMVolumeCreateRequest.java:validateAndUpdateCache(198)) - created volume:af8ec018-dd78-4da6-bb84-16c6adb480a9 for user:runner
2024-01-17 07:57:54,132 [main] INFO  rpc.RpcClient (RpcClient.java:createBucket(683)) - Creating Bucket: af8ec018-dd78-4da6-bb84-16c6adb480a9/23dea57e-1926-4625-8550-d78528838b3b, with server-side default bucket layout, runner as owner, Versioning false, Storage Type set to DISK and Encryption set to false, Replication Type set to server-side default replication type, Namespace Quota set to -1, Space Quota set to -1 
2024-01-17 07:57:54,133 [om1-OMStateMachineApplyTransactionThread - 0] INFO  bucket.OMBucketCreateRequest (OMBucketCreateRequest.java:validateAndUpdateCache(296)) - created bucket: 23dea57e-1926-4625-8550-d78528838b3b of layout FILE_SYSTEM_OPTIMIZED in volume: af8ec018-dd78-4da6-bb84-16c6adb480a9
]]></system-out>
  </testcase>
  <testcase name="testVolumeSetOwner" classname="org.apache.hadoop.ozone.client.rpc.TestOzoneRpcClientWithRatis" time="0.01">
    <system-out><![CDATA[2024-01-17 07:57:54,145 [main] INFO  rpc.RpcClient (RpcClient.java:createVolume(456)) - Creating Volume: 596722f1-5362-4d9a-a56a-204af9c456fc, with runner as owner and space quota set to -1 bytes, counts quota set to -1
2024-01-17 07:57:54,147 [om1-OMStateMachineApplyTransactionThread - 0] INFO  volume.OMVolumeCreateRequest (OMVolumeCreateRequest.java:validateAndUpdateCache(198)) - created volume:596722f1-5362-4d9a-a56a-204af9c456fc for user:runner
2024-01-17 07:57:54,154 [om1-OMStateMachineApplyTransactionThread - 0] WARN  volume.OMVolumeSetOwnerRequest (OMVolumeSetOwnerRequest.java:validateAndUpdateCache(133)) - Volume '596722f1-5362-4d9a-a56a-204af9c456fc' owner is already user 'someRandomUser1'.
]]></system-out>
  </testcase>
  <testcase name="testVolumeUsedNamespace" classname="org.apache.hadoop.ozone.client.rpc.TestOzoneRpcClientWithRatis" time="0.021">
    <system-out><![CDATA[2024-01-17 07:57:54,156 [main] INFO  rpc.RpcClient (RpcClient.java:createVolume(456)) - Creating Volume: c2c83d3c-c938-45e4-b4e1-685a342de571, with runner as owner and space quota set to -1 bytes, counts quota set to 1
2024-01-17 07:57:54,158 [om1-OMStateMachineApplyTransactionThread - 0] INFO  volume.OMVolumeCreateRequest (OMVolumeCreateRequest.java:validateAndUpdateCache(198)) - created volume:c2c83d3c-c938-45e4-b4e1-685a342de571 for user:runner
2024-01-17 07:57:54,159 [main] INFO  rpc.RpcClient (RpcClient.java:createBucket(683)) - Creating Bucket: c2c83d3c-c938-45e4-b4e1-685a342de571/f2f1fb8f-5ef0-4817-85b6-abf176e610b4, with server-side default bucket layout, runner as owner, Versioning false, Storage Type set to DISK and Encryption set to false, Replication Type set to server-side default replication type, Namespace Quota set to -1, Space Quota set to -1 
2024-01-17 07:57:54,161 [om1-OMStateMachineApplyTransactionThread - 0] INFO  bucket.OMBucketCreateRequest (OMBucketCreateRequest.java:validateAndUpdateCache(296)) - created bucket: f2f1fb8f-5ef0-4817-85b6-abf176e610b4 of layout FILE_SYSTEM_OPTIMIZED in volume: c2c83d3c-c938-45e4-b4e1-685a342de571
2024-01-17 07:57:54,162 [main] INFO  rpc.RpcClient (RpcClient.java:createBucket(683)) - Creating Bucket: c2c83d3c-c938-45e4-b4e1-685a342de571/70a1890a-a9ff-4918-bd98-03b7e8f1ca0a, with server-side default bucket layout, runner as owner, Versioning false, Storage Type set to DISK and Encryption set to false, Replication Type set to server-side default replication type, Namespace Quota set to -1, Space Quota set to -1 
07:57:54.163 [om1-OMStateMachineApplyTransactionThread - 0] ERROR OMAudit - user=runner | ip=127.0.0.1 | op=CREATE_BUCKET {volume=c2c83d3c-c938-45e4-b4e1-685a342de571, bucket=70a1890a-a9ff-4918-bd98-03b7e8f1ca0a, bucketLayout=FILE_SYSTEM_OPTIMIZED, gdprEnabled=null, acls=[user:runner:a[ACCESS], group:docker:a[ACCESS], group:adm:a[ACCESS], group:systemd-journal:a[ACCESS]], isVersionEnabled=false, storageType=DISK, creationTime=1705478274162, bucketEncryptionKey=null, modificationTime=1705478274162, usedBytes=0, usedNamespace=0} | ret=FAILURE
org.apache.hadoop.ozone.om.exceptions.OMException: The namespace quota of Volume:c2c83d3c-c938-45e4-b4e1-685a342de571 exceeded: quotaInNamespace: 1 but namespace consumed: 2.
	at org.apache.hadoop.ozone.om.request.bucket.OMBucketCreateRequest.checkQuotaInNamespace(OMBucketCreateRequest.java:383) ~[ozone-manager-1.5.0-SNAPSHOT.jar:?]
	at org.apache.hadoop.ozone.om.request.bucket.OMBucketCreateRequest.validateAndUpdateCache(OMBucketCreateRequest.java:256) ~[ozone-manager-1.5.0-SNAPSHOT.jar:?]
	at org.apache.hadoop.ozone.protocolPB.OzoneManagerRequestHandler.lambda$0(OzoneManagerRequestHandler.java:403) ~[ozone-manager-1.5.0-SNAPSHOT.jar:?]
	at org.apache.hadoop.util.MetricUtil.captureLatencyNs(MetricUtil.java:45) ~[hdds-common-1.5.0-SNAPSHOT.jar:?]
	at org.apache.hadoop.ozone.protocolPB.OzoneManagerRequestHandler.handleWriteRequest(OzoneManagerRequestHandler.java:399) ~[ozone-manager-1.5.0-SNAPSHOT.jar:?]
	at org.apache.hadoop.ozone.om.ratis.OzoneManagerStateMachine.runCommand(OzoneManagerStateMachine.java:559) ~[ozone-manager-1.5.0-SNAPSHOT.jar:?]
	at org.apache.hadoop.ozone.om.ratis.OzoneManagerStateMachine.lambda$1(OzoneManagerStateMachine.java:349) ~[ozone-manager-1.5.0-SNAPSHOT.jar:?]
	at java.util.concurrent.CompletableFuture$AsyncSupply.run(CompletableFuture.java:1604) [?:1.8.0_392]
	at java.util.concurrent.ThreadPoolExecutor.runWorker(ThreadPoolExecutor.java:1149) [?:1.8.0_392]
	at java.util.concurrent.ThreadPoolExecutor$Worker.run(ThreadPoolExecutor.java:624) [?:1.8.0_392]
	at java.lang.Thread.run(Thread.java:750) [?:1.8.0_392]
2024-01-17 07:57:54,163 [om1-OMStateMachineApplyTransactionThread - 0] ERROR bucket.OMBucketCreateRequest (OMBucketCreateRequest.java:validateAndUpdateCache(308)) - Bucket creation failed for bucket:70a1890a-a9ff-4918-bd98-03b7e8f1ca0a in volume:c2c83d3c-c938-45e4-b4e1-685a342de571
QUOTA_EXCEEDED org.apache.hadoop.ozone.om.exceptions.OMException: The namespace quota of Volume:c2c83d3c-c938-45e4-b4e1-685a342de571 exceeded: quotaInNamespace: 1 but namespace consumed: 2.
	at org.apache.hadoop.ozone.om.request.bucket.OMBucketCreateRequest.checkQuotaInNamespace(OMBucketCreateRequest.java:383)
	at org.apache.hadoop.ozone.om.request.bucket.OMBucketCreateRequest.validateAndUpdateCache(OMBucketCreateRequest.java:256)
	at org.apache.hadoop.ozone.protocolPB.OzoneManagerRequestHandler.lambda$0(OzoneManagerRequestHandler.java:403)
	at org.apache.hadoop.util.MetricUtil.captureLatencyNs(MetricUtil.java:45)
	at org.apache.hadoop.ozone.protocolPB.OzoneManagerRequestHandler.handleWriteRequest(OzoneManagerRequestHandler.java:399)
	at org.apache.hadoop.ozone.om.ratis.OzoneManagerStateMachine.runCommand(OzoneManagerStateMachine.java:559)
	at org.apache.hadoop.ozone.om.ratis.OzoneManagerStateMachine.lambda$1(OzoneManagerStateMachine.java:349)
	at java.util.concurrent.CompletableFuture$AsyncSupply.run(CompletableFuture.java:1604)
	at java.util.concurrent.ThreadPoolExecutor.runWorker(ThreadPoolExecutor.java:1149)
	at java.util.concurrent.ThreadPoolExecutor$Worker.run(ThreadPoolExecutor.java:624)
	at java.lang.Thread.run(Thread.java:750)
2024-01-17 07:57:54,167 [main] INFO  rpc.RpcClient (RpcClient.java:createVolume(456)) - Creating Volume: 30c8d81c-2e44-4b79-9027-26a2ba8cfe59, with runner as owner and space quota set to -1 bytes, counts quota set to -1
2024-01-17 07:57:54,168 [om1-OMStateMachineApplyTransactionThread - 0] INFO  volume.OMVolumeCreateRequest (OMVolumeCreateRequest.java:validateAndUpdateCache(198)) - created volume:30c8d81c-2e44-4b79-9027-26a2ba8cfe59 for user:runner
2024-01-17 07:57:54,170 [main] INFO  rpc.RpcClient (RpcClient.java:createBucket(683)) - Creating Bucket: 30c8d81c-2e44-4b79-9027-26a2ba8cfe59/174a1a6a-fdcf-4c64-bf34-4ba17a8ca327, with server-side default bucket layout, runner as owner, Versioning false, Storage Type set to DISK and Encryption set to false, Replication Type set to server-side default replication type, Namespace Quota set to -1, Space Quota set to -1 
2024-01-17 07:57:54,171 [om1-OMStateMachineApplyTransactionThread - 0] INFO  bucket.OMBucketCreateRequest (OMBucketCreateRequest.java:validateAndUpdateCache(296)) - created bucket: 174a1a6a-fdcf-4c64-bf34-4ba17a8ca327 of layout FILE_SYSTEM_OPTIMIZED in volume: 30c8d81c-2e44-4b79-9027-26a2ba8cfe59
2024-01-17 07:57:54,175 [om1-OMStateMachineApplyTransactionThread - 0] DEBUG db.CodecBuffer (CodecBuffer.java:setCapacity(328)) - setCapacity: 4096 -> 4587, max=2147483647
]]></system-out>
  </testcase>
</testsuite>