<?xml version="1.0" encoding="UTF-8"?>
<testsuite xmlns:xsi="http://www.w3.org/2001/XMLSchema-instance" xsi:noNamespaceSchemaLocation="https://maven.apache.org/surefire/maven-surefire-plugin/xsd/surefire-test-report.xsd" name="org.apache.hadoop.ozone.client.rpc.TestBlockOutputStreamWithFailures" time="458.278" tests="8" errors="0" skipped="0" failures="1">
  <properties>
    <property name="awt.toolkit" value="sun.awt.X11.XToolkit"/>
    <property name="file.encoding.pkg" value="sun.io"/>
    <property name="java.specification.version" value="1.8"/>
    <property name="sun.cpu.isalist" value=""/>
    <property name="sun.jnu.encoding" value="ANSI_X3.4-1968"/>
    <property name="java.class.path" value="/github/workspace/mnt/ozone/hadoop-ozone/integration-test/target/test-classes:/github/workspace/mnt/ozone/hadoop-ozone/integration-test/target/classes:/home/user/.m2/repository/org/apache/hadoop/hadoop-ozone-common/1.1.0-SNAPSHOT/hadoop-ozone-common-1.1.0-SNAPSHOT.jar:/home/user/.m2/repository/org/apache/commons/commons-compress/1.4.1/commons-compress-1.4.1.jar:/home/user/.m2/repository/org/tukaani/xz/1.0/xz-1.0.jar:/home/user/.m2/repository/org/apache/hadoop/hadoop-hdds-common/1.1.0-SNAPSHOT/hadoop-hdds-common-1.1.0-SNAPSHOT.jar:/home/user/.m2/repository/org/apache/hadoop/hadoop-hdds-client/1.1.0-SNAPSHOT/hadoop-hdds-client-1.1.0-SNAPSHOT.jar:/home/user/.m2/repository/org/apache/hadoop/hadoop-ozone-interface-client/1.1.0-SNAPSHOT/hadoop-ozone-interface-client-1.1.0-SNAPSHOT.jar:/home/user/.m2/repository/org/apache/hadoop/hadoop-hdds-test-utils/1.1.0-SNAPSHOT/hadoop-hdds-test-utils-1.1.0-SNAPSHOT.jar:/home/user/.m2/repository/com/google/guava/guava/28.2-jre/guava-28.2-jre.jar:/home/user/.m2/repository/com/google/guava/failureaccess/1.0.1/failureaccess-1.0.1.jar:/home/user/.m2/repository/com/google/guava/listenablefuture/9999.0-empty-to-avoid-conflict-with-guava/listenablefuture-9999.0-empty-to-avoid-conflict-with-guava.jar:/home/user/.m2/repository/com/google/code/findbugs/jsr305/3.0.0/jsr305-3.0.0.jar:/home/user/.m2/repository/org/checkerframework/checker-qual/2.10.0/checker-qual-2.10.0.jar:/home/user/.m2/repository/com/google/errorprone/error_prone_annotations/2.2.0/error_prone_annotations-2.2.0.jar:/home/user/.m2/repository/com/google/j2objc/j2objc-annotations/1.3/j2objc-annotations-1.3.jar:/home/user/.m2/repository/commons-io/commons-io/2.5/commons-io-2.5.jar:/home/user/.m2/repository/commons-logging/commons-logging/1.2/commons-logging-1.2.jar:/home/user/.m2/repository/log4j/log4j/1.2.17/log4j-1.2.17.jar:/home/user/.m2/repository/org/slf4j/slf4j-api/1.7.25/slf4j-api-1.7.25.jar:/home/user/.m2/repository/org/apache/hadoop/hadoop-hdds-server-scm/1.1.0-SNAPSHOT/hadoop-hdds-server-scm-1.1.0-SNAPSHOT.jar:/home/user/.m2/repository/org/apache/hadoop/hadoop-hdds-container-service/1.1.0-SNAPSHOT/hadoop-hdds-container-service-1.1.0-SNAPSHOT.jar:/home/user/.m2/repository/org/apache/hadoop/hadoop-hdds-hadoop-dependency-server/1.1.0-SNAPSHOT/hadoop-hdds-hadoop-dependency-server-1.1.0-SNAPSHOT.jar:/home/user/.m2/repository/org/apache/hadoop/hadoop-hdfs/3.2.1/hadoop-hdfs-3.2.1.jar:/home/user/.m2/repository/org/apache/hadoop/hadoop-hdds-server-framework/1.1.0-SNAPSHOT/hadoop-hdds-server-framework-1.1.0-SNAPSHOT.jar:/home/user/.m2/repository/org/apache/hadoop/hadoop-hdds-interface-server/1.1.0-SNAPSHOT/hadoop-hdds-interface-server-1.1.0-SNAPSHOT.jar:/home/user/.m2/repository/org/apache/hadoop/hadoop-hdds-interface-admin/1.1.0-SNAPSHOT/hadoop-hdds-interface-admin-1.1.0-SNAPSHOT.jar:/home/user/.m2/repository/org/eclipse/jetty/jetty-servlet/9.4.34.v20201102/jetty-servlet-9.4.34.v20201102.jar:/home/user/.m2/repository/org/eclipse/jetty/jetty-security/9.4.34.v20201102/jetty-security-9.4.34.v20201102.jar:/home/user/.m2/repository/org/rocksdb/rocksdbjni/6.8.1/rocksdbjni-6.8.1.jar:/home/user/.m2/repository/io/prometheus/simpleclient_dropwizard/0.7.0/simpleclient_dropwizard-0.7.0.jar:/home/user/.m2/repository/io/prometheus/simpleclient/0.7.0/simpleclient-0.7.0.jar:/home/user/.m2/repository/io/prometheus/simpleclient_common/0.7.0/simpleclient_common-0.7.0.jar:/home/user/.m2/repository/com/fasterxml/jackson/datatype/jackson-datatype-jsr310/2.10.3/jackson-datatype-jsr310-2.10.3.jar:/home/user/.m2/repository/io/dropwizard/metrics/metrics-core/3.2.4/metrics-core-3.2.4.jar:/home/user/.m2/repository/org/apache/hadoop/hadoop-hdfs-client/3.2.1/hadoop-hdfs-client-3.2.1.jar:/home/user/.m2/repository/org/bouncycastle/bcprov-jdk15on/1.60/bcprov-jdk15on-1.60.jar:/home/user/.m2/repository/org/apache/hadoop/hadoop-ozone-ozone-manager/1.1.0-SNAPSHOT/hadoop-ozone-ozone-manager-1.1.0-SNAPSHOT.jar:/home/user/.m2/repository/org/apache/hadoop/hadoop-hdds-interface-client/1.1.0-SNAPSHOT/hadoop-hdds-interface-client-1.1.0-SNAPSHOT.jar:/home/user/.m2/repository/org/apache/ratis/ratis-thirdparty-misc/0.6.0-SNAPSHOT/ratis-thirdparty-misc-0.6.0-SNAPSHOT.jar:/home/user/.m2/repository/org/apache/hadoop/hadoop-ozone-interface-storage/1.1.0-SNAPSHOT/hadoop-ozone-interface-storage-1.1.0-SNAPSHOT.jar:/home/user/.m2/repository/org/apache/hadoop/hadoop-minikdc/3.2.1/hadoop-minikdc-3.2.1.jar:/home/user/.m2/repository/org/apache/kerby/kerb-simplekdc/1.0.1/kerb-simplekdc-1.0.1.jar:/home/user/.m2/repository/org/apache/kerby/kerb-client/1.0.1/kerb-client-1.0.1.jar:/home/user/.m2/repository/org/apache/kerby/kerby-config/1.0.1/kerby-config-1.0.1.jar:/home/user/.m2/repository/org/apache/kerby/kerb-core/1.0.1/kerb-core-1.0.1.jar:/home/user/.m2/repository/org/apache/kerby/kerby-pkix/1.0.1/kerby-pkix-1.0.1.jar:/home/user/.m2/repository/org/apache/kerby/kerby-asn1/1.0.1/kerby-asn1-1.0.1.jar:/home/user/.m2/repository/org/apache/kerby/kerby-util/1.0.1/kerby-util-1.0.1.jar:/home/user/.m2/repository/org/apache/kerby/kerb-common/1.0.1/kerb-common-1.0.1.jar:/home/user/.m2/repository/org/apache/kerby/kerb-crypto/1.0.1/kerb-crypto-1.0.1.jar:/home/user/.m2/repository/org/apache/kerby/kerb-util/1.0.1/kerb-util-1.0.1.jar:/home/user/.m2/repository/org/apache/kerby/token-provider/1.0.1/token-provider-1.0.1.jar:/home/user/.m2/repository/org/apache/kerby/kerb-admin/1.0.1/kerb-admin-1.0.1.jar:/home/user/.m2/repository/org/apache/kerby/kerb-server/1.0.1/kerb-server-1.0.1.jar:/home/user/.m2/repository/org/apache/kerby/kerb-identity/1.0.1/kerb-identity-1.0.1.jar:/home/user/.m2/repository/org/apache/kerby/kerby-xdr/1.0.1/kerby-xdr-1.0.1.jar:/home/user/.m2/repository/org/slf4j/slf4j-log4j12/1.7.25/slf4j-log4j12-1.7.25.jar:/home/user/.m2/repository/org/apache/hadoop/hadoop-ozone-s3gateway/1.1.0-SNAPSHOT/hadoop-ozone-s3gateway-1.1.0-SNAPSHOT.jar:/home/user/.m2/repository/org/jboss/weld/servlet/weld-servlet/2.4.7.Final/weld-servlet-2.4.7.Final.jar:/home/user/.m2/repository/org/glassfish/jersey/containers/jersey-container-servlet-core/2.27/jersey-container-servlet-core-2.27.jar:/home/user/.m2/repository/org/glassfish/hk2/external/javax.inject/2.5.0-b42/javax.inject-2.5.0-b42.jar:/home/user/.m2/repository/org/glassfish/jersey/core/jersey-common/2.27/jersey-common-2.27.jar:/home/user/.m2/repository/org/glassfish/hk2/osgi-resource-locator/1.0.1/osgi-resource-locator-1.0.1.jar:/home/user/.m2/repository/javax/ws/rs/javax.ws.rs-api/2.1/javax.ws.rs-api-2.1.jar:/home/user/.m2/repository/org/glassfish/jersey/ext/cdi/jersey-cdi1x/2.27/jersey-cdi1x-2.27.jar:/home/user/.m2/repository/org/glassfish/jersey/inject/jersey-hk2/2.27/jersey-hk2-2.27.jar:/home/user/.m2/repository/org/glassfish/hk2/hk2-locator/2.5.0-b42/hk2-locator-2.5.0-b42.jar:/home/user/.m2/repository/org/javassist/javassist/3.22.0-CR2/javassist-3.22.0-CR2.jar:/home/user/.m2/repository/org/glassfish/hk2/hk2-api/2.5.0/hk2-api-2.5.0.jar:/home/user/.m2/repository/org/glassfish/hk2/external/jakarta.inject/2.5.0/jakarta.inject-2.5.0.jar:/home/user/.m2/repository/org/glassfish/hk2/hk2-utils/2.5.0/hk2-utils-2.5.0.jar:/home/user/.m2/repository/jakarta/annotation/jakarta.annotation-api/1.3.4/jakarta.annotation-api-1.3.4.jar:/home/user/.m2/repository/org/glassfish/hk2/external/aopalliance-repackaged/2.5.0/aopalliance-repackaged-2.5.0.jar:/home/user/.m2/repository/com/fasterxml/jackson/dataformat/jackson-dataformat-xml/2.10.3/jackson-dataformat-xml-2.10.3.jar:/home/user/.m2/repository/com/fasterxml/jackson/core/jackson-core/2.10.3/jackson-core-2.10.3.jar:/home/user/.m2/repository/com/fasterxml/jackson/module/jackson-module-jaxb-annotations/2.10.3/jackson-module-jaxb-annotations-2.10.3.jar:/home/user/.m2/repository/jakarta/xml/bind/jakarta.xml.bind-api/2.3.2/jakarta.xml.bind-api-2.3.2.jar:/home/user/.m2/repository/jakarta/activation/jakarta.activation-api/1.2.1/jakarta.activation-api-1.2.1.jar:/home/user/.m2/repository/org/codehaus/woodstox/stax2-api/3.1.4/stax2-api-3.1.4.jar:/home/user/.m2/repository/com/fasterxml/woodstox/woodstox-core/5.0.3/woodstox-core-5.0.3.jar:/home/user/.m2/repository/javax/enterprise/cdi-api/1.2/cdi-api-1.2.jar:/home/user/.m2/repository/javax/el/javax.el-api/3.0.0/javax.el-api-3.0.0.jar:/home/user/.m2/repository/javax/interceptor/javax.interceptor-api/1.2/javax.interceptor-api-1.2.jar:/home/user/.m2/repository/javax/inject/javax.inject/1/javax.inject-1.jar:/home/user/.m2/repository/com/sun/xml/bind/jaxb-impl/2.3.0.1/jaxb-impl-2.3.0.1.jar:/home/user/.m2/repository/com/sun/xml/bind/jaxb-core/2.3.0.1/jaxb-core-2.3.0.1.jar:/home/user/.m2/repository/javax/xml/bind/jaxb-api/2.3.0/jaxb-api-2.3.0.jar:/home/user/.m2/repository/javax/activation/activation/1.1.1/activation-1.1.1.jar:/home/user/.m2/repository/org/apache/hadoop/hadoop-ozone-csi/1.1.0-SNAPSHOT/hadoop-ozone-csi-1.1.0-SNAPSHOT.jar:/home/user/.m2/repository/com/google/protobuf/protobuf-java-util/3.11.0/protobuf-java-util-3.11.0.jar:/home/user/.m2/repository/com/google/code/gson/gson/2.2.4/gson-2.2.4.jar:/home/user/.m2/repository/org/apache/hadoop/hadoop-hdds-config/1.1.0-SNAPSHOT/hadoop-hdds-config-1.1.0-SNAPSHOT.jar:/home/user/.m2/repository/com/google/protobuf/protobuf-java/2.5.0/protobuf-java-2.5.0.jar:/home/user/.m2/repository/io/grpc/grpc-netty/1.29.0/grpc-netty-1.29.0.jar:/home/user/.m2/repository/io/grpc/grpc-core/1.29.0/grpc-core-1.29.0.jar:/home/user/.m2/repository/com/google/android/annotations/4.1.1.4/annotations-4.1.1.4.jar:/home/user/.m2/repository/io/perfmark/perfmark-api/0.19.0/perfmark-api-0.19.0.jar:/home/user/.m2/repository/io/netty/netty-codec-http2/4.1.48.Final/netty-codec-http2-4.1.48.Final.jar:/home/user/.m2/repository/io/netty/netty-codec/4.1.48.Final/netty-codec-4.1.48.Final.jar:/home/user/.m2/repository/io/netty/netty-handler/4.1.48.Final/netty-handler-4.1.48.Final.jar:/home/user/.m2/repository/io/netty/netty-codec-http/4.1.48.Final/netty-codec-http-4.1.48.Final.jar:/home/user/.m2/repository/io/netty/netty-handler-proxy/4.1.48.Final/netty-handler-proxy-4.1.48.Final.jar:/home/user/.m2/repository/io/netty/netty-codec-socks/4.1.48.Final/netty-codec-socks-4.1.48.Final.jar:/home/user/.m2/repository/io/netty/netty-transport-native-epoll/4.1.48.Final/netty-transport-native-epoll-4.1.48.Final.jar:/home/user/.m2/repository/io/netty/netty-common/4.1.48.Final/netty-common-4.1.48.Final.jar:/home/user/.m2/repository/io/netty/netty-buffer/4.1.48.Final/netty-buffer-4.1.48.Final.jar:/home/user/.m2/repository/io/netty/netty-transport/4.1.48.Final/netty-transport-4.1.48.Final.jar:/home/user/.m2/repository/io/netty/netty-resolver/4.1.48.Final/netty-resolver-4.1.48.Final.jar:/home/user/.m2/repository/io/netty/netty-transport-native-unix-common/4.1.48.Final/netty-transport-native-unix-common-4.1.48.Final.jar:/home/user/.m2/repository/io/grpc/grpc-protobuf/1.29.0/grpc-protobuf-1.29.0.jar:/home/user/.m2/repository/io/grpc/grpc-api/1.29.0/grpc-api-1.29.0.jar:/home/user/.m2/repository/io/grpc/grpc-context/1.29.0/grpc-context-1.29.0.jar:/home/user/.m2/repository/org/codehaus/mojo/animal-sniffer-annotations/1.18/animal-sniffer-annotations-1.18.jar:/home/user/.m2/repository/com/google/api/grpc/proto-google-common-protos/1.17.0/proto-google-common-protos-1.17.0.jar:/home/user/.m2/repository/io/grpc/grpc-protobuf-lite/1.29.0/grpc-protobuf-lite-1.29.0.jar:/home/user/.m2/repository/io/grpc/grpc-stub/1.29.0/grpc-stub-1.29.0.jar:/home/user/.m2/repository/org/apache/hadoop/hadoop-ozone-recon/1.1.0-SNAPSHOT/hadoop-ozone-recon-1.1.0-SNAPSHOT.jar:/home/user/.m2/repository/org/apache/hadoop/hadoop-ozone-reconcodegen/1.1.0-SNAPSHOT/hadoop-ozone-reconcodegen-1.1.0-SNAPSHOT.jar:/home/user/.m2/repository/com/google/inject/extensions/guice-multibindings/4.0/guice-multibindings-4.0.jar:/home/user/.m2/repository/com/google/inject/guice/4.0/guice-4.0.jar:/home/user/.m2/repository/aopalliance/aopalliance/1.0/aopalliance-1.0.jar:/home/user/.m2/repository/com/google/inject/extensions/guice-assistedinject/4.0/guice-assistedinject-4.0.jar:/home/user/.m2/repository/com/google/inject/extensions/guice-servlet/4.0/guice-servlet-4.0.jar:/home/user/.m2/repository/org/glassfish/jersey/containers/jersey-container-servlet/2.27/jersey-container-servlet-2.27.jar:/home/user/.m2/repository/org/glassfish/hk2/guice-bridge/2.5.0/guice-bridge-2.5.0.jar:/home/user/.m2/repository/org/glassfish/jersey/core/jersey-server/2.27/jersey-server-2.27.jar:/home/user/.m2/repository/org/glassfish/jersey/core/jersey-client/2.27/jersey-client-2.27.jar:/home/user/.m2/repository/org/glassfish/jersey/media/jersey-media-jaxb/2.27/jersey-media-jaxb-2.27.jar:/home/user/.m2/repository/javax/validation/validation-api/1.1.0.Final/validation-api-1.1.0.Final.jar:/home/user/.m2/repository/org/glassfish/jersey/media/jersey-media-json-jackson/2.27/jersey-media-json-jackson-2.27.jar:/home/user/.m2/repository/org/glassfish/jersey/ext/jersey-entity-filtering/2.27/jersey-entity-filtering-2.27.jar:/home/user/.m2/repository/org/jooq/jooq/3.11.10/jooq-3.11.10.jar:/home/user/.m2/repository/org/jooq/jooq-meta/3.11.10/jooq-meta-3.11.10.jar:/home/user/.m2/repository/org/jooq/jooq-codegen/3.11.10/jooq-codegen-3.11.10.jar:/home/user/.m2/repository/com/jolbox/bonecp/0.8.0.RELEASE/bonecp-0.8.0.RELEASE.jar:/home/user/.m2/repository/org/apache/derby/derby/10.14.2.0/derby-10.14.2.0.jar:/home/user/.m2/repository/org/xerial/sqlite-jdbc/3.25.2/sqlite-jdbc-3.25.2.jar:/home/user/.m2/repository/org/springframework/spring-jdbc/5.2.5.RELEASE/spring-jdbc-5.2.5.RELEASE.jar:/home/user/.m2/repository/org/springframework/spring-beans/5.2.5.RELEASE/spring-beans-5.2.5.RELEASE.jar:/home/user/.m2/repository/org/springframework/spring-core/5.2.5.RELEASE/spring-core-5.2.5.RELEASE.jar:/home/user/.m2/repository/org/springframework/spring-jcl/5.2.5.RELEASE/spring-jcl-5.2.5.RELEASE.jar:/home/user/.m2/repository/org/springframework/spring-tx/5.2.5.RELEASE/spring-tx-5.2.5.RELEASE.jar:/home/user/.m2/repository/org/apache/hadoop/hadoop-ozone-client/1.1.0-SNAPSHOT/hadoop-ozone-client-1.1.0-SNAPSHOT.jar:/home/user/.m2/repository/org/apache/hadoop/hadoop-ozone-filesystem/1.1.0-SNAPSHOT/hadoop-ozone-filesystem-1.1.0-SNAPSHOT.jar:/home/user/.m2/repository/org/apache/hadoop/hadoop-ozone-filesystem-common/1.1.0-SNAPSHOT/hadoop-ozone-filesystem-common-1.1.0-SNAPSHOT.jar:/home/user/.m2/repository/org/apache/hadoop/hadoop-ozone-tools/1.1.0-SNAPSHOT/hadoop-ozone-tools-1.1.0-SNAPSHOT.jar:/home/user/.m2/repository/org/apache/ratis/ratis-tools/1.1.0-913f5a4-SNAPSHOT/ratis-tools-1.1.0-913f5a4-SNAPSHOT.jar:/home/user/.m2/repository/org/apache/ratis/ratis-proto/1.1.0-913f5a4-SNAPSHOT/ratis-proto-1.1.0-913f5a4-SNAPSHOT.jar:/home/user/.m2/repository/org/apache/ratis/ratis-common/1.1.0-913f5a4-SNAPSHOT/ratis-common-1.1.0-913f5a4-SNAPSHOT.jar:/home/user/.m2/repository/com/amazonaws/aws-java-sdk-core/1.11.615/aws-java-sdk-core-1.11.615.jar:/home/user/.m2/repository/org/apache/httpcomponents/httpclient/4.5.13/httpclient-4.5.13.jar:/home/user/.m2/repository/org/apache/httpcomponents/httpcore/4.4.13/httpcore-4.4.13.jar:/home/user/.m2/repository/software/amazon/ion/ion-java/1.0.2/ion-java-1.0.2.jar:/home/user/.m2/repository/com/fasterxml/jackson/dataformat/jackson-dataformat-cbor/2.10.3/jackson-dataformat-cbor-2.10.3.jar:/home/user/.m2/repository/joda-time/joda-time/2.8.1/joda-time-2.8.1.jar:/home/user/.m2/repository/com/amazonaws/aws-java-sdk-s3/1.11.615/aws-java-sdk-s3-1.11.615.jar:/home/user/.m2/repository/com/amazonaws/aws-java-sdk-kms/1.11.615/aws-java-sdk-kms-1.11.615.jar:/home/user/.m2/repository/com/amazonaws/jmespath-java/1.11.615/jmespath-java-1.11.615.jar:/home/user/.m2/repository/org/kohsuke/metainf-services/metainf-services/1.8/metainf-services-1.8.jar:/home/user/.m2/repository/org/apache/hadoop/hadoop-hdds-tools/1.1.0-SNAPSHOT/hadoop-hdds-tools-1.1.0-SNAPSHOT.jar:/home/user/.m2/repository/commons-cli/commons-cli/1.2/commons-cli-1.2.jar:/home/user/.m2/repository/org/apache/commons/commons-lang3/3.7/commons-lang3-3.7.jar:/home/user/.m2/repository/org/apache/hadoop/hadoop-ozone-ozone-manager/1.1.0-SNAPSHOT/hadoop-ozone-ozone-manager-1.1.0-SNAPSHOT-tests.jar:/home/user/.m2/repository/org/apache/hadoop/hadoop-hdds-common/1.1.0-SNAPSHOT/hadoop-hdds-common-1.1.0-SNAPSHOT-tests.jar:/home/user/.m2/repository/org/apache/hadoop/hadoop-hdds-hadoop-dependency-client/1.1.0-SNAPSHOT/hadoop-hdds-hadoop-dependency-client-1.1.0-SNAPSHOT.jar:/home/user/.m2/repository/info/picocli/picocli/4.4.0/picocli-4.4.0.jar:/home/user/.m2/repository/com/fasterxml/jackson/core/jackson-annotations/2.10.3/jackson-annotations-2.10.3.jar:/home/user/.m2/repository/javax/annotation/javax.annotation-api/1.2/javax.annotation-api-1.2.jar:/home/user/.m2/repository/org/fusesource/leveldbjni/leveldbjni-all/1.8/leveldbjni-all-1.8.jar:/home/user/.m2/repository/org/apache/ratis/ratis-server/1.1.0-913f5a4-SNAPSHOT/ratis-server-1.1.0-913f5a4-SNAPSHOT.jar:/home/user/.m2/repository/org/apache/ratis/ratis-client/1.1.0-913f5a4-SNAPSHOT/ratis-client-1.1.0-913f5a4-SNAPSHOT.jar:/home/user/.m2/repository/org/apache/ratis/ratis-metrics/1.1.0-913f5a4-SNAPSHOT/ratis-metrics-1.1.0-913f5a4-SNAPSHOT.jar:/home/user/.m2/repository/org/apache/ratis/ratis-netty/1.1.0-913f5a4-SNAPSHOT/ratis-netty-1.1.0-913f5a4-SNAPSHOT.jar:/home/user/.m2/repository/org/apache/ratis/ratis-grpc/1.1.0-913f5a4-SNAPSHOT/ratis-grpc-1.1.0-913f5a4-SNAPSHOT.jar:/home/user/.m2/repository/org/apache/logging/log4j/log4j-api/2.13.3/log4j-api-2.13.3.jar:/home/user/.m2/repository/org/apache/logging/log4j/log4j-core/2.13.3/log4j-core-2.13.3.jar:/home/user/.m2/repository/com/lmax/disruptor/3.4.2/disruptor-3.4.2.jar:/home/user/.m2/repository/org/apache/commons/commons-pool2/2.6.0/commons-pool2-2.6.0.jar:/home/user/.m2/repository/org/bouncycastle/bcpkix-jdk15on/1.60/bcpkix-jdk15on-1.60.jar:/home/user/.m2/repository/commons-validator/commons-validator/1.6/commons-validator-1.6.jar:/home/user/.m2/repository/commons-beanutils/commons-beanutils/1.9.4/commons-beanutils-1.9.4.jar:/home/user/.m2/repository/commons-digester/commons-digester/1.8.1/commons-digester-1.8.1.jar:/home/user/.m2/repository/commons-collections/commons-collections/3.2.2/commons-collections-3.2.2.jar:/home/user/.m2/repository/io/jaegertracing/jaeger-client/1.2.0/jaeger-client-1.2.0.jar:/home/user/.m2/repository/io/jaegertracing/jaeger-thrift/1.2.0/jaeger-thrift-1.2.0.jar:/home/user/.m2/repository/org/apache/thrift/libthrift/0.13.0/libthrift-0.13.0.jar:/home/user/.m2/repository/com/squareup/okhttp3/okhttp/4.2.2/okhttp-4.2.2.jar:/home/user/.m2/repository/com/squareup/okio/okio/2.2.2/okio-2.2.2.jar:/home/user/.m2/repository/org/jetbrains/kotlin/kotlin-stdlib/1.3.50/kotlin-stdlib-1.3.50.jar:/home/user/.m2/repository/org/jetbrains/kotlin/kotlin-stdlib-common/1.3.50/kotlin-stdlib-common-1.3.50.jar:/home/user/.m2/repository/org/jetbrains/annotations/13.0/annotations-13.0.jar:/home/user/.m2/repository/io/jaegertracing/jaeger-core/1.2.0/jaeger-core-1.2.0.jar:/home/user/.m2/repository/io/jaegertracing/jaeger-tracerresolver/1.2.0/jaeger-tracerresolver-1.2.0.jar:/home/user/.m2/repository/io/opentracing/contrib/opentracing-tracerresolver/0.1.8/opentracing-tracerresolver-0.1.8.jar:/home/user/.m2/repository/io/opentracing/opentracing-util/0.33.0/opentracing-util-0.33.0.jar:/home/user/.m2/repository/io/opentracing/opentracing-api/0.33.0/opentracing-api-0.33.0.jar:/home/user/.m2/repository/io/opentracing/opentracing-noop/0.33.0/opentracing-noop-0.33.0.jar:/home/user/.m2/repository/org/yaml/snakeyaml/1.16/snakeyaml-1.16.jar:/home/user/.m2/repository/junit/junit/4.11/junit-4.11.jar:/home/user/.m2/repository/org/hamcrest/hamcrest-core/1.3/hamcrest-core-1.3.jar:/home/user/.m2/repository/org/openjdk/jmh/jmh-core/1.19/jmh-core-1.19.jar:/home/user/.m2/repository/net/sf/jopt-simple/jopt-simple/4.6/jopt-simple-4.6.jar:/home/user/.m2/repository/org/apache/commons/commons-math3/3.1.1/commons-math3-3.1.1.jar:/home/user/.m2/repository/org/openjdk/jmh/jmh-generator-annprocess/1.19/jmh-generator-annprocess-1.19.jar:/home/user/.m2/repository/org/mockito/mockito-all/1.8.5/mockito-all-1.8.5.jar:/home/user/.m2/repository/org/apache/hadoop/hadoop-kms/3.2.1/hadoop-kms-3.2.1.jar:/home/user/.m2/repository/org/apache/hadoop/hadoop-auth/3.2.1/hadoop-auth-3.2.1.jar:/home/user/.m2/repository/com/nimbusds/nimbus-jose-jwt/7.9/nimbus-jose-jwt-7.9.jar:/home/user/.m2/repository/com/github/stephenc/jcip/jcip-annotations/1.0-1/jcip-annotations-1.0-1.jar:/home/user/.m2/repository/net/minidev/json-smart/2.3/json-smart-2.3.jar:/home/user/.m2/repository/net/minidev/accessors-smart/1.2/accessors-smart-1.2.jar:/home/user/.m2/repository/org/ow2/asm/asm/5.0.4/asm-5.0.4.jar:/home/user/.m2/repository/org/apache/zookeeper/zookeeper/3.4.13/zookeeper-3.4.13.jar:/home/user/.m2/repository/org/apache/yetus/audience-annotations/0.5.0/audience-annotations-0.5.0.jar:/home/user/.m2/repository/org/apache/curator/curator-framework/2.13.0/curator-framework-2.13.0.jar:/home/user/.m2/repository/com/sun/jersey/jersey-core/1.19/jersey-core-1.19.jar:/home/user/.m2/repository/javax/ws/rs/jsr311-api/1.1.1/jsr311-api-1.1.1.jar:/home/user/.m2/repository/com/sun/jersey/jersey-server/1.19/jersey-server-1.19.jar:/home/user/.m2/repository/javax/servlet/javax.servlet-api/3.1.0/javax.servlet-api-3.1.0.jar:/home/user/.m2/repository/org/eclipse/jetty/jetty-server/9.4.34.v20201102/jetty-server-9.4.34.v20201102.jar:/home/user/.m2/repository/org/eclipse/jetty/jetty-http/9.4.34.v20201102/jetty-http-9.4.34.v20201102.jar:/home/user/.m2/repository/org/eclipse/jetty/jetty-io/9.4.34.v20201102/jetty-io-9.4.34.v20201102.jar:/home/user/.m2/repository/org/eclipse/jetty/jetty-webapp/9.4.34.v20201102/jetty-webapp-9.4.34.v20201102.jar:/home/user/.m2/repository/org/eclipse/jetty/jetty-xml/9.4.34.v20201102/jetty-xml-9.4.34.v20201102.jar:/home/user/.m2/repository/org/apache/hadoop/hadoop-common/3.2.1/hadoop-common-3.2.1.jar:/home/user/.m2/repository/commons-net/commons-net/3.6/commons-net-3.6.jar:/home/user/.m2/repository/com/sun/jersey/jersey-servlet/1.19/jersey-servlet-1.19.jar:/home/user/.m2/repository/com/sun/jersey/jersey-json/1.19/jersey-json-1.19.jar:/home/user/.m2/repository/org/codehaus/jettison/jettison/1.1/jettison-1.1.jar:/home/user/.m2/repository/org/codehaus/jackson/jackson-jaxrs/1.9.2/jackson-jaxrs-1.9.2.jar:/home/user/.m2/repository/org/codehaus/jackson/jackson-xc/1.9.2/jackson-xc-1.9.2.jar:/home/user/.m2/repository/org/apache/commons/commons-configuration2/2.1.1/commons-configuration2-2.1.1.jar:/home/user/.m2/repository/org/apache/commons/commons-text/1.4/commons-text-1.4.jar:/home/user/.m2/repository/com/google/re2j/re2j/1.1/re2j-1.1.jar:/home/user/.m2/repository/com/jcraft/jsch/0.1.54/jsch-0.1.54.jar:/home/user/.m2/repository/org/apache/curator/curator-client/2.13.0/curator-client-2.13.0.jar:/home/user/.m2/repository/org/apache/curator/curator-recipes/2.13.0/curator-recipes-2.13.0.jar:/home/user/.m2/repository/dnsjava/dnsjava/2.1.7/dnsjava-2.1.7.jar:/home/user/.m2/repository/org/slf4j/jul-to-slf4j/1.7.25/jul-to-slf4j-1.7.25.jar:/home/user/.m2/repository/org/eclipse/jetty/jetty-util/9.4.34.v20201102/jetty-util-9.4.34.v20201102.jar:/home/user/.m2/repository/com/fasterxml/jackson/core/jackson-databind/2.10.3/jackson-databind-2.10.3.jar:/home/user/.m2/repository/org/apache/hadoop/hadoop-kms/3.2.1/hadoop-kms-3.2.1-tests.jar:/home/user/.m2/repository/org/apache/hadoop/hadoop-hdds-server-scm/1.1.0-SNAPSHOT/hadoop-hdds-server-scm-1.1.0-SNAPSHOT-tests.jar:/home/user/.m2/repository/org/apache/hadoop/hadoop-hdds-container-service/1.1.0-SNAPSHOT/hadoop-hdds-container-service-1.1.0-SNAPSHOT-tests.jar:/home/user/.m2/repository/commons-codec/commons-codec/1.11/commons-codec-1.11.jar:/home/user/.m2/repository/org/apache/hadoop/hadoop-hdds-hadoop-dependency-test/1.1.0-SNAPSHOT/hadoop-hdds-hadoop-dependency-test-1.1.0-SNAPSHOT.jar:/home/user/.m2/repository/org/apache/hadoop/hadoop-common/3.2.1/hadoop-common-3.2.1-tests.jar:/home/user/.m2/repository/org/apache/hadoop/hadoop-hdfs/3.2.1/hadoop-hdfs-3.2.1-tests.jar:/home/user/.m2/repository/org/eclipse/jetty/jetty-util-ajax/9.4.34.v20201102/jetty-util-ajax-9.4.34.v20201102.jar:/home/user/.m2/repository/commons-daemon/commons-daemon/1.0.13/commons-daemon-1.0.13.jar:/home/user/.m2/repository/io/netty/netty/3.10.5.Final/netty-3.10.5.Final.jar:/home/user/.m2/repository/io/netty/netty-all/4.1.48.Final/netty-all-4.1.48.Final.jar:/home/user/.m2/repository/org/apache/htrace/htrace-core4/4.1.0-incubating/htrace-core4-4.1.0-incubating.jar:/home/user/.m2/repository/org/apache/hadoop/hadoop-distcp/3.2.1/hadoop-distcp-3.2.1.jar:/home/user/.m2/repository/org/apache/hadoop/hadoop-mapreduce-client-jobclient/3.2.1/hadoop-mapreduce-client-jobclient-3.2.1.jar:/home/user/.m2/repository/org/apache/hadoop/hadoop-mapreduce-client-common/3.2.1/hadoop-mapreduce-client-common-3.2.1.jar:/home/user/.m2/repository/org/apache/hadoop/hadoop-yarn-common/3.2.1/hadoop-yarn-common-3.2.1.jar:/home/user/.m2/repository/org/apache/hadoop/hadoop-yarn-api/3.2.1/hadoop-yarn-api-3.2.1.jar:/home/user/.m2/repository/com/sun/jersey/jersey-client/1.19/jersey-client-1.19.jar:/home/user/.m2/repository/com/sun/jersey/contribs/jersey-guice/1.19/jersey-guice-1.19.jar:/home/user/.m2/repository/com/fasterxml/jackson/jaxrs/jackson-jaxrs-json-provider/2.10.3/jackson-jaxrs-json-provider-2.10.3.jar:/home/user/.m2/repository/com/fasterxml/jackson/jaxrs/jackson-jaxrs-base/2.10.3/jackson-jaxrs-base-2.10.3.jar:/home/user/.m2/repository/org/apache/hadoop/hadoop-yarn-client/3.2.1/hadoop-yarn-client-3.2.1.jar:/home/user/.m2/repository/org/apache/hadoop/hadoop-mapreduce-client-core/3.2.1/hadoop-mapreduce-client-core-3.2.1.jar:/home/user/.m2/repository/org/apache/avro/avro/1.7.7/avro-1.7.7.jar:/home/user/.m2/repository/org/codehaus/jackson/jackson-core-asl/1.9.13/jackson-core-asl-1.9.13.jar:/home/user/.m2/repository/org/codehaus/jackson/jackson-mapper-asl/1.9.13/jackson-mapper-asl-1.9.13.jar:/home/user/.m2/repository/com/thoughtworks/paranamer/paranamer/2.3/paranamer-2.3.jar:/home/user/.m2/repository/org/xerial/snappy/snappy-java/1.0.5/snappy-java-1.0.5.jar:/home/user/.m2/repository/org/apache/hadoop/hadoop-annotations/3.2.1/hadoop-annotations-3.2.1.jar:/usr/lib/jvm/java-1.8.0-openjdk-1.8.0.232.b09-0.el7_7.x86_64/jre/../lib/tools.jar:/home/user/.m2/repository/org/apache/hadoop/hadoop-distcp/3.2.1/hadoop-distcp-3.2.1-tests.jar:"/>
    <property name="java.vm.vendor" value="Oracle Corporation"/>
    <property name="sun.arch.data.model" value="64"/>
    <property name="test.build.dir" value="/github/workspace/mnt/ozone/hadoop-ozone/integration-test/target/test-dir"/>
    <property name="test.cache.data" value=""/>
    <property name="java.vendor.url" value="http://java.oracle.com/"/>
    <property name="user.timezone" value=""/>
    <property name="java.vm.specification.version" value="1.8"/>
    <property name="os.name" value="Linux"/>
    <property name="test.build.data" value="/github/workspace/mnt/ozone/hadoop-ozone/integration-test/target/test-dir"/>
    <property name="user.country" value="US"/>
    <property name="sun.java.launcher" value="SUN_STANDARD"/>
    <property name="sun.boot.library.path" value="/usr/lib/jvm/java-1.8.0-openjdk-1.8.0.232.b09-0.el7_7.x86_64/jre/lib/amd64"/>
    <property name="sun.java.command" value="/github/workspace/mnt/ozone/hadoop-ozone/integration-test/target/surefire/surefirebooter7714452604322479532.jar /github/workspace/mnt/ozone/hadoop-ozone/integration-test/target/surefire 2020-11-27T01-18-02_892-jvmRun1 surefire8414396528105208475tmp surefire_125627107696351127151tmp"/>
    <property name="surefire.test.class.path" value="/github/workspace/mnt/ozone/hadoop-ozone/integration-test/target/test-classes:/github/workspace/mnt/ozone/hadoop-ozone/integration-test/target/classes:/home/user/.m2/repository/org/apache/hadoop/hadoop-ozone-common/1.1.0-SNAPSHOT/hadoop-ozone-common-1.1.0-SNAPSHOT.jar:/home/user/.m2/repository/org/apache/commons/commons-compress/1.4.1/commons-compress-1.4.1.jar:/home/user/.m2/repository/org/tukaani/xz/1.0/xz-1.0.jar:/home/user/.m2/repository/org/apache/hadoop/hadoop-hdds-common/1.1.0-SNAPSHOT/hadoop-hdds-common-1.1.0-SNAPSHOT.jar:/home/user/.m2/repository/org/apache/hadoop/hadoop-hdds-client/1.1.0-SNAPSHOT/hadoop-hdds-client-1.1.0-SNAPSHOT.jar:/home/user/.m2/repository/org/apache/hadoop/hadoop-ozone-interface-client/1.1.0-SNAPSHOT/hadoop-ozone-interface-client-1.1.0-SNAPSHOT.jar:/home/user/.m2/repository/org/apache/hadoop/hadoop-hdds-test-utils/1.1.0-SNAPSHOT/hadoop-hdds-test-utils-1.1.0-SNAPSHOT.jar:/home/user/.m2/repository/com/google/guava/guava/28.2-jre/guava-28.2-jre.jar:/home/user/.m2/repository/com/google/guava/failureaccess/1.0.1/failureaccess-1.0.1.jar:/home/user/.m2/repository/com/google/guava/listenablefuture/9999.0-empty-to-avoid-conflict-with-guava/listenablefuture-9999.0-empty-to-avoid-conflict-with-guava.jar:/home/user/.m2/repository/com/google/code/findbugs/jsr305/3.0.0/jsr305-3.0.0.jar:/home/user/.m2/repository/org/checkerframework/checker-qual/2.10.0/checker-qual-2.10.0.jar:/home/user/.m2/repository/com/google/errorprone/error_prone_annotations/2.2.0/error_prone_annotations-2.2.0.jar:/home/user/.m2/repository/com/google/j2objc/j2objc-annotations/1.3/j2objc-annotations-1.3.jar:/home/user/.m2/repository/commons-io/commons-io/2.5/commons-io-2.5.jar:/home/user/.m2/repository/commons-logging/commons-logging/1.2/commons-logging-1.2.jar:/home/user/.m2/repository/log4j/log4j/1.2.17/log4j-1.2.17.jar:/home/user/.m2/repository/org/slf4j/slf4j-api/1.7.25/slf4j-api-1.7.25.jar:/home/user/.m2/repository/org/apache/hadoop/hadoop-hdds-server-scm/1.1.0-SNAPSHOT/hadoop-hdds-server-scm-1.1.0-SNAPSHOT.jar:/home/user/.m2/repository/org/apache/hadoop/hadoop-hdds-container-service/1.1.0-SNAPSHOT/hadoop-hdds-container-service-1.1.0-SNAPSHOT.jar:/home/user/.m2/repository/org/apache/hadoop/hadoop-hdds-hadoop-dependency-server/1.1.0-SNAPSHOT/hadoop-hdds-hadoop-dependency-server-1.1.0-SNAPSHOT.jar:/home/user/.m2/repository/org/apache/hadoop/hadoop-hdfs/3.2.1/hadoop-hdfs-3.2.1.jar:/home/user/.m2/repository/org/apache/hadoop/hadoop-hdds-server-framework/1.1.0-SNAPSHOT/hadoop-hdds-server-framework-1.1.0-SNAPSHOT.jar:/home/user/.m2/repository/org/apache/hadoop/hadoop-hdds-interface-server/1.1.0-SNAPSHOT/hadoop-hdds-interface-server-1.1.0-SNAPSHOT.jar:/home/user/.m2/repository/org/apache/hadoop/hadoop-hdds-interface-admin/1.1.0-SNAPSHOT/hadoop-hdds-interface-admin-1.1.0-SNAPSHOT.jar:/home/user/.m2/repository/org/eclipse/jetty/jetty-servlet/9.4.34.v20201102/jetty-servlet-9.4.34.v20201102.jar:/home/user/.m2/repository/org/eclipse/jetty/jetty-security/9.4.34.v20201102/jetty-security-9.4.34.v20201102.jar:/home/user/.m2/repository/org/rocksdb/rocksdbjni/6.8.1/rocksdbjni-6.8.1.jar:/home/user/.m2/repository/io/prometheus/simpleclient_dropwizard/0.7.0/simpleclient_dropwizard-0.7.0.jar:/home/user/.m2/repository/io/prometheus/simpleclient/0.7.0/simpleclient-0.7.0.jar:/home/user/.m2/repository/io/prometheus/simpleclient_common/0.7.0/simpleclient_common-0.7.0.jar:/home/user/.m2/repository/com/fasterxml/jackson/datatype/jackson-datatype-jsr310/2.10.3/jackson-datatype-jsr310-2.10.3.jar:/home/user/.m2/repository/io/dropwizard/metrics/metrics-core/3.2.4/metrics-core-3.2.4.jar:/home/user/.m2/repository/org/apache/hadoop/hadoop-hdfs-client/3.2.1/hadoop-hdfs-client-3.2.1.jar:/home/user/.m2/repository/org/bouncycastle/bcprov-jdk15on/1.60/bcprov-jdk15on-1.60.jar:/home/user/.m2/repository/org/apache/hadoop/hadoop-ozone-ozone-manager/1.1.0-SNAPSHOT/hadoop-ozone-ozone-manager-1.1.0-SNAPSHOT.jar:/home/user/.m2/repository/org/apache/hadoop/hadoop-hdds-interface-client/1.1.0-SNAPSHOT/hadoop-hdds-interface-client-1.1.0-SNAPSHOT.jar:/home/user/.m2/repository/org/apache/ratis/ratis-thirdparty-misc/0.6.0-SNAPSHOT/ratis-thirdparty-misc-0.6.0-SNAPSHOT.jar:/home/user/.m2/repository/org/apache/hadoop/hadoop-ozone-interface-storage/1.1.0-SNAPSHOT/hadoop-ozone-interface-storage-1.1.0-SNAPSHOT.jar:/home/user/.m2/repository/org/apache/hadoop/hadoop-minikdc/3.2.1/hadoop-minikdc-3.2.1.jar:/home/user/.m2/repository/org/apache/kerby/kerb-simplekdc/1.0.1/kerb-simplekdc-1.0.1.jar:/home/user/.m2/repository/org/apache/kerby/kerb-client/1.0.1/kerb-client-1.0.1.jar:/home/user/.m2/repository/org/apache/kerby/kerby-config/1.0.1/kerby-config-1.0.1.jar:/home/user/.m2/repository/org/apache/kerby/kerb-core/1.0.1/kerb-core-1.0.1.jar:/home/user/.m2/repository/org/apache/kerby/kerby-pkix/1.0.1/kerby-pkix-1.0.1.jar:/home/user/.m2/repository/org/apache/kerby/kerby-asn1/1.0.1/kerby-asn1-1.0.1.jar:/home/user/.m2/repository/org/apache/kerby/kerby-util/1.0.1/kerby-util-1.0.1.jar:/home/user/.m2/repository/org/apache/kerby/kerb-common/1.0.1/kerb-common-1.0.1.jar:/home/user/.m2/repository/org/apache/kerby/kerb-crypto/1.0.1/kerb-crypto-1.0.1.jar:/home/user/.m2/repository/org/apache/kerby/kerb-util/1.0.1/kerb-util-1.0.1.jar:/home/user/.m2/repository/org/apache/kerby/token-provider/1.0.1/token-provider-1.0.1.jar:/home/user/.m2/repository/org/apache/kerby/kerb-admin/1.0.1/kerb-admin-1.0.1.jar:/home/user/.m2/repository/org/apache/kerby/kerb-server/1.0.1/kerb-server-1.0.1.jar:/home/user/.m2/repository/org/apache/kerby/kerb-identity/1.0.1/kerb-identity-1.0.1.jar:/home/user/.m2/repository/org/apache/kerby/kerby-xdr/1.0.1/kerby-xdr-1.0.1.jar:/home/user/.m2/repository/org/slf4j/slf4j-log4j12/1.7.25/slf4j-log4j12-1.7.25.jar:/home/user/.m2/repository/org/apache/hadoop/hadoop-ozone-s3gateway/1.1.0-SNAPSHOT/hadoop-ozone-s3gateway-1.1.0-SNAPSHOT.jar:/home/user/.m2/repository/org/jboss/weld/servlet/weld-servlet/2.4.7.Final/weld-servlet-2.4.7.Final.jar:/home/user/.m2/repository/org/glassfish/jersey/containers/jersey-container-servlet-core/2.27/jersey-container-servlet-core-2.27.jar:/home/user/.m2/repository/org/glassfish/hk2/external/javax.inject/2.5.0-b42/javax.inject-2.5.0-b42.jar:/home/user/.m2/repository/org/glassfish/jersey/core/jersey-common/2.27/jersey-common-2.27.jar:/home/user/.m2/repository/org/glassfish/hk2/osgi-resource-locator/1.0.1/osgi-resource-locator-1.0.1.jar:/home/user/.m2/repository/javax/ws/rs/javax.ws.rs-api/2.1/javax.ws.rs-api-2.1.jar:/home/user/.m2/repository/org/glassfish/jersey/ext/cdi/jersey-cdi1x/2.27/jersey-cdi1x-2.27.jar:/home/user/.m2/repository/org/glassfish/jersey/inject/jersey-hk2/2.27/jersey-hk2-2.27.jar:/home/user/.m2/repository/org/glassfish/hk2/hk2-locator/2.5.0-b42/hk2-locator-2.5.0-b42.jar:/home/user/.m2/repository/org/javassist/javassist/3.22.0-CR2/javassist-3.22.0-CR2.jar:/home/user/.m2/repository/org/glassfish/hk2/hk2-api/2.5.0/hk2-api-2.5.0.jar:/home/user/.m2/repository/org/glassfish/hk2/external/jakarta.inject/2.5.0/jakarta.inject-2.5.0.jar:/home/user/.m2/repository/org/glassfish/hk2/hk2-utils/2.5.0/hk2-utils-2.5.0.jar:/home/user/.m2/repository/jakarta/annotation/jakarta.annotation-api/1.3.4/jakarta.annotation-api-1.3.4.jar:/home/user/.m2/repository/org/glassfish/hk2/external/aopalliance-repackaged/2.5.0/aopalliance-repackaged-2.5.0.jar:/home/user/.m2/repository/com/fasterxml/jackson/dataformat/jackson-dataformat-xml/2.10.3/jackson-dataformat-xml-2.10.3.jar:/home/user/.m2/repository/com/fasterxml/jackson/core/jackson-core/2.10.3/jackson-core-2.10.3.jar:/home/user/.m2/repository/com/fasterxml/jackson/module/jackson-module-jaxb-annotations/2.10.3/jackson-module-jaxb-annotations-2.10.3.jar:/home/user/.m2/repository/jakarta/xml/bind/jakarta.xml.bind-api/2.3.2/jakarta.xml.bind-api-2.3.2.jar:/home/user/.m2/repository/jakarta/activation/jakarta.activation-api/1.2.1/jakarta.activation-api-1.2.1.jar:/home/user/.m2/repository/org/codehaus/woodstox/stax2-api/3.1.4/stax2-api-3.1.4.jar:/home/user/.m2/repository/com/fasterxml/woodstox/woodstox-core/5.0.3/woodstox-core-5.0.3.jar:/home/user/.m2/repository/javax/enterprise/cdi-api/1.2/cdi-api-1.2.jar:/home/user/.m2/repository/javax/el/javax.el-api/3.0.0/javax.el-api-3.0.0.jar:/home/user/.m2/repository/javax/interceptor/javax.interceptor-api/1.2/javax.interceptor-api-1.2.jar:/home/user/.m2/repository/javax/inject/javax.inject/1/javax.inject-1.jar:/home/user/.m2/repository/com/sun/xml/bind/jaxb-impl/2.3.0.1/jaxb-impl-2.3.0.1.jar:/home/user/.m2/repository/com/sun/xml/bind/jaxb-core/2.3.0.1/jaxb-core-2.3.0.1.jar:/home/user/.m2/repository/javax/xml/bind/jaxb-api/2.3.0/jaxb-api-2.3.0.jar:/home/user/.m2/repository/javax/activation/activation/1.1.1/activation-1.1.1.jar:/home/user/.m2/repository/org/apache/hadoop/hadoop-ozone-csi/1.1.0-SNAPSHOT/hadoop-ozone-csi-1.1.0-SNAPSHOT.jar:/home/user/.m2/repository/com/google/protobuf/protobuf-java-util/3.11.0/protobuf-java-util-3.11.0.jar:/home/user/.m2/repository/com/google/code/gson/gson/2.2.4/gson-2.2.4.jar:/home/user/.m2/repository/org/apache/hadoop/hadoop-hdds-config/1.1.0-SNAPSHOT/hadoop-hdds-config-1.1.0-SNAPSHOT.jar:/home/user/.m2/repository/com/google/protobuf/protobuf-java/2.5.0/protobuf-java-2.5.0.jar:/home/user/.m2/repository/io/grpc/grpc-netty/1.29.0/grpc-netty-1.29.0.jar:/home/user/.m2/repository/io/grpc/grpc-core/1.29.0/grpc-core-1.29.0.jar:/home/user/.m2/repository/com/google/android/annotations/4.1.1.4/annotations-4.1.1.4.jar:/home/user/.m2/repository/io/perfmark/perfmark-api/0.19.0/perfmark-api-0.19.0.jar:/home/user/.m2/repository/io/netty/netty-codec-http2/4.1.48.Final/netty-codec-http2-4.1.48.Final.jar:/home/user/.m2/repository/io/netty/netty-codec/4.1.48.Final/netty-codec-4.1.48.Final.jar:/home/user/.m2/repository/io/netty/netty-handler/4.1.48.Final/netty-handler-4.1.48.Final.jar:/home/user/.m2/repository/io/netty/netty-codec-http/4.1.48.Final/netty-codec-http-4.1.48.Final.jar:/home/user/.m2/repository/io/netty/netty-handler-proxy/4.1.48.Final/netty-handler-proxy-4.1.48.Final.jar:/home/user/.m2/repository/io/netty/netty-codec-socks/4.1.48.Final/netty-codec-socks-4.1.48.Final.jar:/home/user/.m2/repository/io/netty/netty-transport-native-epoll/4.1.48.Final/netty-transport-native-epoll-4.1.48.Final.jar:/home/user/.m2/repository/io/netty/netty-common/4.1.48.Final/netty-common-4.1.48.Final.jar:/home/user/.m2/repository/io/netty/netty-buffer/4.1.48.Final/netty-buffer-4.1.48.Final.jar:/home/user/.m2/repository/io/netty/netty-transport/4.1.48.Final/netty-transport-4.1.48.Final.jar:/home/user/.m2/repository/io/netty/netty-resolver/4.1.48.Final/netty-resolver-4.1.48.Final.jar:/home/user/.m2/repository/io/netty/netty-transport-native-unix-common/4.1.48.Final/netty-transport-native-unix-common-4.1.48.Final.jar:/home/user/.m2/repository/io/grpc/grpc-protobuf/1.29.0/grpc-protobuf-1.29.0.jar:/home/user/.m2/repository/io/grpc/grpc-api/1.29.0/grpc-api-1.29.0.jar:/home/user/.m2/repository/io/grpc/grpc-context/1.29.0/grpc-context-1.29.0.jar:/home/user/.m2/repository/org/codehaus/mojo/animal-sniffer-annotations/1.18/animal-sniffer-annotations-1.18.jar:/home/user/.m2/repository/com/google/api/grpc/proto-google-common-protos/1.17.0/proto-google-common-protos-1.17.0.jar:/home/user/.m2/repository/io/grpc/grpc-protobuf-lite/1.29.0/grpc-protobuf-lite-1.29.0.jar:/home/user/.m2/repository/io/grpc/grpc-stub/1.29.0/grpc-stub-1.29.0.jar:/home/user/.m2/repository/org/apache/hadoop/hadoop-ozone-recon/1.1.0-SNAPSHOT/hadoop-ozone-recon-1.1.0-SNAPSHOT.jar:/home/user/.m2/repository/org/apache/hadoop/hadoop-ozone-reconcodegen/1.1.0-SNAPSHOT/hadoop-ozone-reconcodegen-1.1.0-SNAPSHOT.jar:/home/user/.m2/repository/com/google/inject/extensions/guice-multibindings/4.0/guice-multibindings-4.0.jar:/home/user/.m2/repository/com/google/inject/guice/4.0/guice-4.0.jar:/home/user/.m2/repository/aopalliance/aopalliance/1.0/aopalliance-1.0.jar:/home/user/.m2/repository/com/google/inject/extensions/guice-assistedinject/4.0/guice-assistedinject-4.0.jar:/home/user/.m2/repository/com/google/inject/extensions/guice-servlet/4.0/guice-servlet-4.0.jar:/home/user/.m2/repository/org/glassfish/jersey/containers/jersey-container-servlet/2.27/jersey-container-servlet-2.27.jar:/home/user/.m2/repository/org/glassfish/hk2/guice-bridge/2.5.0/guice-bridge-2.5.0.jar:/home/user/.m2/repository/org/glassfish/jersey/core/jersey-server/2.27/jersey-server-2.27.jar:/home/user/.m2/repository/org/glassfish/jersey/core/jersey-client/2.27/jersey-client-2.27.jar:/home/user/.m2/repository/org/glassfish/jersey/media/jersey-media-jaxb/2.27/jersey-media-jaxb-2.27.jar:/home/user/.m2/repository/javax/validation/validation-api/1.1.0.Final/validation-api-1.1.0.Final.jar:/home/user/.m2/repository/org/glassfish/jersey/media/jersey-media-json-jackson/2.27/jersey-media-json-jackson-2.27.jar:/home/user/.m2/repository/org/glassfish/jersey/ext/jersey-entity-filtering/2.27/jersey-entity-filtering-2.27.jar:/home/user/.m2/repository/org/jooq/jooq/3.11.10/jooq-3.11.10.jar:/home/user/.m2/repository/org/jooq/jooq-meta/3.11.10/jooq-meta-3.11.10.jar:/home/user/.m2/repository/org/jooq/jooq-codegen/3.11.10/jooq-codegen-3.11.10.jar:/home/user/.m2/repository/com/jolbox/bonecp/0.8.0.RELEASE/bonecp-0.8.0.RELEASE.jar:/home/user/.m2/repository/org/apache/derby/derby/10.14.2.0/derby-10.14.2.0.jar:/home/user/.m2/repository/org/xerial/sqlite-jdbc/3.25.2/sqlite-jdbc-3.25.2.jar:/home/user/.m2/repository/org/springframework/spring-jdbc/5.2.5.RELEASE/spring-jdbc-5.2.5.RELEASE.jar:/home/user/.m2/repository/org/springframework/spring-beans/5.2.5.RELEASE/spring-beans-5.2.5.RELEASE.jar:/home/user/.m2/repository/org/springframework/spring-core/5.2.5.RELEASE/spring-core-5.2.5.RELEASE.jar:/home/user/.m2/repository/org/springframework/spring-jcl/5.2.5.RELEASE/spring-jcl-5.2.5.RELEASE.jar:/home/user/.m2/repository/org/springframework/spring-tx/5.2.5.RELEASE/spring-tx-5.2.5.RELEASE.jar:/home/user/.m2/repository/org/apache/hadoop/hadoop-ozone-client/1.1.0-SNAPSHOT/hadoop-ozone-client-1.1.0-SNAPSHOT.jar:/home/user/.m2/repository/org/apache/hadoop/hadoop-ozone-filesystem/1.1.0-SNAPSHOT/hadoop-ozone-filesystem-1.1.0-SNAPSHOT.jar:/home/user/.m2/repository/org/apache/hadoop/hadoop-ozone-filesystem-common/1.1.0-SNAPSHOT/hadoop-ozone-filesystem-common-1.1.0-SNAPSHOT.jar:/home/user/.m2/repository/org/apache/hadoop/hadoop-ozone-tools/1.1.0-SNAPSHOT/hadoop-ozone-tools-1.1.0-SNAPSHOT.jar:/home/user/.m2/repository/org/apache/ratis/ratis-tools/1.1.0-913f5a4-SNAPSHOT/ratis-tools-1.1.0-913f5a4-SNAPSHOT.jar:/home/user/.m2/repository/org/apache/ratis/ratis-proto/1.1.0-913f5a4-SNAPSHOT/ratis-proto-1.1.0-913f5a4-SNAPSHOT.jar:/home/user/.m2/repository/org/apache/ratis/ratis-common/1.1.0-913f5a4-SNAPSHOT/ratis-common-1.1.0-913f5a4-SNAPSHOT.jar:/home/user/.m2/repository/com/amazonaws/aws-java-sdk-core/1.11.615/aws-java-sdk-core-1.11.615.jar:/home/user/.m2/repository/org/apache/httpcomponents/httpclient/4.5.13/httpclient-4.5.13.jar:/home/user/.m2/repository/org/apache/httpcomponents/httpcore/4.4.13/httpcore-4.4.13.jar:/home/user/.m2/repository/software/amazon/ion/ion-java/1.0.2/ion-java-1.0.2.jar:/home/user/.m2/repository/com/fasterxml/jackson/dataformat/jackson-dataformat-cbor/2.10.3/jackson-dataformat-cbor-2.10.3.jar:/home/user/.m2/repository/joda-time/joda-time/2.8.1/joda-time-2.8.1.jar:/home/user/.m2/repository/com/amazonaws/aws-java-sdk-s3/1.11.615/aws-java-sdk-s3-1.11.615.jar:/home/user/.m2/repository/com/amazonaws/aws-java-sdk-kms/1.11.615/aws-java-sdk-kms-1.11.615.jar:/home/user/.m2/repository/com/amazonaws/jmespath-java/1.11.615/jmespath-java-1.11.615.jar:/home/user/.m2/repository/org/kohsuke/metainf-services/metainf-services/1.8/metainf-services-1.8.jar:/home/user/.m2/repository/org/apache/hadoop/hadoop-hdds-tools/1.1.0-SNAPSHOT/hadoop-hdds-tools-1.1.0-SNAPSHOT.jar:/home/user/.m2/repository/commons-cli/commons-cli/1.2/commons-cli-1.2.jar:/home/user/.m2/repository/org/apache/commons/commons-lang3/3.7/commons-lang3-3.7.jar:/home/user/.m2/repository/org/apache/hadoop/hadoop-ozone-ozone-manager/1.1.0-SNAPSHOT/hadoop-ozone-ozone-manager-1.1.0-SNAPSHOT-tests.jar:/home/user/.m2/repository/org/apache/hadoop/hadoop-hdds-common/1.1.0-SNAPSHOT/hadoop-hdds-common-1.1.0-SNAPSHOT-tests.jar:/home/user/.m2/repository/org/apache/hadoop/hadoop-hdds-hadoop-dependency-client/1.1.0-SNAPSHOT/hadoop-hdds-hadoop-dependency-client-1.1.0-SNAPSHOT.jar:/home/user/.m2/repository/info/picocli/picocli/4.4.0/picocli-4.4.0.jar:/home/user/.m2/repository/com/fasterxml/jackson/core/jackson-annotations/2.10.3/jackson-annotations-2.10.3.jar:/home/user/.m2/repository/javax/annotation/javax.annotation-api/1.2/javax.annotation-api-1.2.jar:/home/user/.m2/repository/org/fusesource/leveldbjni/leveldbjni-all/1.8/leveldbjni-all-1.8.jar:/home/user/.m2/repository/org/apache/ratis/ratis-server/1.1.0-913f5a4-SNAPSHOT/ratis-server-1.1.0-913f5a4-SNAPSHOT.jar:/home/user/.m2/repository/org/apache/ratis/ratis-client/1.1.0-913f5a4-SNAPSHOT/ratis-client-1.1.0-913f5a4-SNAPSHOT.jar:/home/user/.m2/repository/org/apache/ratis/ratis-metrics/1.1.0-913f5a4-SNAPSHOT/ratis-metrics-1.1.0-913f5a4-SNAPSHOT.jar:/home/user/.m2/repository/org/apache/ratis/ratis-netty/1.1.0-913f5a4-SNAPSHOT/ratis-netty-1.1.0-913f5a4-SNAPSHOT.jar:/home/user/.m2/repository/org/apache/ratis/ratis-grpc/1.1.0-913f5a4-SNAPSHOT/ratis-grpc-1.1.0-913f5a4-SNAPSHOT.jar:/home/user/.m2/repository/org/apache/logging/log4j/log4j-api/2.13.3/log4j-api-2.13.3.jar:/home/user/.m2/repository/org/apache/logging/log4j/log4j-core/2.13.3/log4j-core-2.13.3.jar:/home/user/.m2/repository/com/lmax/disruptor/3.4.2/disruptor-3.4.2.jar:/home/user/.m2/repository/org/apache/commons/commons-pool2/2.6.0/commons-pool2-2.6.0.jar:/home/user/.m2/repository/org/bouncycastle/bcpkix-jdk15on/1.60/bcpkix-jdk15on-1.60.jar:/home/user/.m2/repository/commons-validator/commons-validator/1.6/commons-validator-1.6.jar:/home/user/.m2/repository/commons-beanutils/commons-beanutils/1.9.4/commons-beanutils-1.9.4.jar:/home/user/.m2/repository/commons-digester/commons-digester/1.8.1/commons-digester-1.8.1.jar:/home/user/.m2/repository/commons-collections/commons-collections/3.2.2/commons-collections-3.2.2.jar:/home/user/.m2/repository/io/jaegertracing/jaeger-client/1.2.0/jaeger-client-1.2.0.jar:/home/user/.m2/repository/io/jaegertracing/jaeger-thrift/1.2.0/jaeger-thrift-1.2.0.jar:/home/user/.m2/repository/org/apache/thrift/libthrift/0.13.0/libthrift-0.13.0.jar:/home/user/.m2/repository/com/squareup/okhttp3/okhttp/4.2.2/okhttp-4.2.2.jar:/home/user/.m2/repository/com/squareup/okio/okio/2.2.2/okio-2.2.2.jar:/home/user/.m2/repository/org/jetbrains/kotlin/kotlin-stdlib/1.3.50/kotlin-stdlib-1.3.50.jar:/home/user/.m2/repository/org/jetbrains/kotlin/kotlin-stdlib-common/1.3.50/kotlin-stdlib-common-1.3.50.jar:/home/user/.m2/repository/org/jetbrains/annotations/13.0/annotations-13.0.jar:/home/user/.m2/repository/io/jaegertracing/jaeger-core/1.2.0/jaeger-core-1.2.0.jar:/home/user/.m2/repository/io/jaegertracing/jaeger-tracerresolver/1.2.0/jaeger-tracerresolver-1.2.0.jar:/home/user/.m2/repository/io/opentracing/contrib/opentracing-tracerresolver/0.1.8/opentracing-tracerresolver-0.1.8.jar:/home/user/.m2/repository/io/opentracing/opentracing-util/0.33.0/opentracing-util-0.33.0.jar:/home/user/.m2/repository/io/opentracing/opentracing-api/0.33.0/opentracing-api-0.33.0.jar:/home/user/.m2/repository/io/opentracing/opentracing-noop/0.33.0/opentracing-noop-0.33.0.jar:/home/user/.m2/repository/org/yaml/snakeyaml/1.16/snakeyaml-1.16.jar:/home/user/.m2/repository/junit/junit/4.11/junit-4.11.jar:/home/user/.m2/repository/org/hamcrest/hamcrest-core/1.3/hamcrest-core-1.3.jar:/home/user/.m2/repository/org/openjdk/jmh/jmh-core/1.19/jmh-core-1.19.jar:/home/user/.m2/repository/net/sf/jopt-simple/jopt-simple/4.6/jopt-simple-4.6.jar:/home/user/.m2/repository/org/apache/commons/commons-math3/3.1.1/commons-math3-3.1.1.jar:/home/user/.m2/repository/org/openjdk/jmh/jmh-generator-annprocess/1.19/jmh-generator-annprocess-1.19.jar:/home/user/.m2/repository/org/mockito/mockito-all/1.8.5/mockito-all-1.8.5.jar:/home/user/.m2/repository/org/apache/hadoop/hadoop-kms/3.2.1/hadoop-kms-3.2.1.jar:/home/user/.m2/repository/org/apache/hadoop/hadoop-auth/3.2.1/hadoop-auth-3.2.1.jar:/home/user/.m2/repository/com/nimbusds/nimbus-jose-jwt/7.9/nimbus-jose-jwt-7.9.jar:/home/user/.m2/repository/com/github/stephenc/jcip/jcip-annotations/1.0-1/jcip-annotations-1.0-1.jar:/home/user/.m2/repository/net/minidev/json-smart/2.3/json-smart-2.3.jar:/home/user/.m2/repository/net/minidev/accessors-smart/1.2/accessors-smart-1.2.jar:/home/user/.m2/repository/org/ow2/asm/asm/5.0.4/asm-5.0.4.jar:/home/user/.m2/repository/org/apache/zookeeper/zookeeper/3.4.13/zookeeper-3.4.13.jar:/home/user/.m2/repository/org/apache/yetus/audience-annotations/0.5.0/audience-annotations-0.5.0.jar:/home/user/.m2/repository/org/apache/curator/curator-framework/2.13.0/curator-framework-2.13.0.jar:/home/user/.m2/repository/com/sun/jersey/jersey-core/1.19/jersey-core-1.19.jar:/home/user/.m2/repository/javax/ws/rs/jsr311-api/1.1.1/jsr311-api-1.1.1.jar:/home/user/.m2/repository/com/sun/jersey/jersey-server/1.19/jersey-server-1.19.jar:/home/user/.m2/repository/javax/servlet/javax.servlet-api/3.1.0/javax.servlet-api-3.1.0.jar:/home/user/.m2/repository/org/eclipse/jetty/jetty-server/9.4.34.v20201102/jetty-server-9.4.34.v20201102.jar:/home/user/.m2/repository/org/eclipse/jetty/jetty-http/9.4.34.v20201102/jetty-http-9.4.34.v20201102.jar:/home/user/.m2/repository/org/eclipse/jetty/jetty-io/9.4.34.v20201102/jetty-io-9.4.34.v20201102.jar:/home/user/.m2/repository/org/eclipse/jetty/jetty-webapp/9.4.34.v20201102/jetty-webapp-9.4.34.v20201102.jar:/home/user/.m2/repository/org/eclipse/jetty/jetty-xml/9.4.34.v20201102/jetty-xml-9.4.34.v20201102.jar:/home/user/.m2/repository/org/apache/hadoop/hadoop-common/3.2.1/hadoop-common-3.2.1.jar:/home/user/.m2/repository/commons-net/commons-net/3.6/commons-net-3.6.jar:/home/user/.m2/repository/com/sun/jersey/jersey-servlet/1.19/jersey-servlet-1.19.jar:/home/user/.m2/repository/com/sun/jersey/jersey-json/1.19/jersey-json-1.19.jar:/home/user/.m2/repository/org/codehaus/jettison/jettison/1.1/jettison-1.1.jar:/home/user/.m2/repository/org/codehaus/jackson/jackson-jaxrs/1.9.2/jackson-jaxrs-1.9.2.jar:/home/user/.m2/repository/org/codehaus/jackson/jackson-xc/1.9.2/jackson-xc-1.9.2.jar:/home/user/.m2/repository/org/apache/commons/commons-configuration2/2.1.1/commons-configuration2-2.1.1.jar:/home/user/.m2/repository/org/apache/commons/commons-text/1.4/commons-text-1.4.jar:/home/user/.m2/repository/com/google/re2j/re2j/1.1/re2j-1.1.jar:/home/user/.m2/repository/com/jcraft/jsch/0.1.54/jsch-0.1.54.jar:/home/user/.m2/repository/org/apache/curator/curator-client/2.13.0/curator-client-2.13.0.jar:/home/user/.m2/repository/org/apache/curator/curator-recipes/2.13.0/curator-recipes-2.13.0.jar:/home/user/.m2/repository/dnsjava/dnsjava/2.1.7/dnsjava-2.1.7.jar:/home/user/.m2/repository/org/slf4j/jul-to-slf4j/1.7.25/jul-to-slf4j-1.7.25.jar:/home/user/.m2/repository/org/eclipse/jetty/jetty-util/9.4.34.v20201102/jetty-util-9.4.34.v20201102.jar:/home/user/.m2/repository/com/fasterxml/jackson/core/jackson-databind/2.10.3/jackson-databind-2.10.3.jar:/home/user/.m2/repository/org/apache/hadoop/hadoop-kms/3.2.1/hadoop-kms-3.2.1-tests.jar:/home/user/.m2/repository/org/apache/hadoop/hadoop-hdds-server-scm/1.1.0-SNAPSHOT/hadoop-hdds-server-scm-1.1.0-SNAPSHOT-tests.jar:/home/user/.m2/repository/org/apache/hadoop/hadoop-hdds-container-service/1.1.0-SNAPSHOT/hadoop-hdds-container-service-1.1.0-SNAPSHOT-tests.jar:/home/user/.m2/repository/commons-codec/commons-codec/1.11/commons-codec-1.11.jar:/home/user/.m2/repository/org/apache/hadoop/hadoop-hdds-hadoop-dependency-test/1.1.0-SNAPSHOT/hadoop-hdds-hadoop-dependency-test-1.1.0-SNAPSHOT.jar:/home/user/.m2/repository/org/apache/hadoop/hadoop-common/3.2.1/hadoop-common-3.2.1-tests.jar:/home/user/.m2/repository/org/apache/hadoop/hadoop-hdfs/3.2.1/hadoop-hdfs-3.2.1-tests.jar:/home/user/.m2/repository/org/eclipse/jetty/jetty-util-ajax/9.4.34.v20201102/jetty-util-ajax-9.4.34.v20201102.jar:/home/user/.m2/repository/commons-daemon/commons-daemon/1.0.13/commons-daemon-1.0.13.jar:/home/user/.m2/repository/io/netty/netty/3.10.5.Final/netty-3.10.5.Final.jar:/home/user/.m2/repository/io/netty/netty-all/4.1.48.Final/netty-all-4.1.48.Final.jar:/home/user/.m2/repository/org/apache/htrace/htrace-core4/4.1.0-incubating/htrace-core4-4.1.0-incubating.jar:/home/user/.m2/repository/org/apache/hadoop/hadoop-distcp/3.2.1/hadoop-distcp-3.2.1.jar:/home/user/.m2/repository/org/apache/hadoop/hadoop-mapreduce-client-jobclient/3.2.1/hadoop-mapreduce-client-jobclient-3.2.1.jar:/home/user/.m2/repository/org/apache/hadoop/hadoop-mapreduce-client-common/3.2.1/hadoop-mapreduce-client-common-3.2.1.jar:/home/user/.m2/repository/org/apache/hadoop/hadoop-yarn-common/3.2.1/hadoop-yarn-common-3.2.1.jar:/home/user/.m2/repository/org/apache/hadoop/hadoop-yarn-api/3.2.1/hadoop-yarn-api-3.2.1.jar:/home/user/.m2/repository/com/sun/jersey/jersey-client/1.19/jersey-client-1.19.jar:/home/user/.m2/repository/com/sun/jersey/contribs/jersey-guice/1.19/jersey-guice-1.19.jar:/home/user/.m2/repository/com/fasterxml/jackson/jaxrs/jackson-jaxrs-json-provider/2.10.3/jackson-jaxrs-json-provider-2.10.3.jar:/home/user/.m2/repository/com/fasterxml/jackson/jaxrs/jackson-jaxrs-base/2.10.3/jackson-jaxrs-base-2.10.3.jar:/home/user/.m2/repository/org/apache/hadoop/hadoop-yarn-client/3.2.1/hadoop-yarn-client-3.2.1.jar:/home/user/.m2/repository/org/apache/hadoop/hadoop-mapreduce-client-core/3.2.1/hadoop-mapreduce-client-core-3.2.1.jar:/home/user/.m2/repository/org/apache/avro/avro/1.7.7/avro-1.7.7.jar:/home/user/.m2/repository/org/codehaus/jackson/jackson-core-asl/1.9.13/jackson-core-asl-1.9.13.jar:/home/user/.m2/repository/org/codehaus/jackson/jackson-mapper-asl/1.9.13/jackson-mapper-asl-1.9.13.jar:/home/user/.m2/repository/com/thoughtworks/paranamer/paranamer/2.3/paranamer-2.3.jar:/home/user/.m2/repository/org/xerial/snappy/snappy-java/1.0.5/snappy-java-1.0.5.jar:/home/user/.m2/repository/org/apache/hadoop/hadoop-annotations/3.2.1/hadoop-annotations-3.2.1.jar:/usr/lib/jvm/java-1.8.0-openjdk-1.8.0.232.b09-0.el7_7.x86_64/jre/../lib/tools.jar:/home/user/.m2/repository/org/apache/hadoop/hadoop-distcp/3.2.1/hadoop-distcp-3.2.1-tests.jar:"/>
    <property name="sun.cpu.endian" value="little"/>
    <property name="user.home" value="/home/user"/>
    <property name="user.language" value="en"/>
    <property name="java.specification.vendor" value="Oracle Corporation"/>
    <property name="java.home" value="/usr/lib/jvm/java-1.8.0-openjdk-1.8.0.232.b09-0.el7_7.x86_64/jre"/>
    <property name="java.security.krb5.conf" value="/github/workspace/mnt/ozone/hadoop-ozone/integration-test/target/test-classes/krb5.conf"/>
    <property name="basedir" value="/github/workspace/mnt/ozone/hadoop-ozone/integration-test"/>
    <property name="file.separator" value="/"/>
    <property name="line.separator" value="&#10;"/>
    <property name="java.vm.specification.vendor" value="Oracle Corporation"/>
    <property name="java.specification.name" value="Java Platform API Specification"/>
    <property name="java.awt.graphicsenv" value="sun.awt.X11GraphicsEnvironment"/>
    <property name="skip.installnpx" value="true"/>
    <property name="surefire.real.class.path" value="/github/workspace/mnt/ozone/hadoop-ozone/integration-test/target/surefire/surefirebooter7714452604322479532.jar:/home/user/.m2/repository/org/jacoco/org.jacoco.agent/0.8.5/org.jacoco.agent-0.8.5-runtime.jar"/>
    <property name="hadoop.log.dir" value="/github/workspace/mnt/ozone/hadoop-ozone/integration-test/target/log"/>
    <property name="sun.boot.class.path" value="/usr/lib/jvm/java-1.8.0-openjdk-1.8.0.232.b09-0.el7_7.x86_64/jre/lib/resources.jar:/usr/lib/jvm/java-1.8.0-openjdk-1.8.0.232.b09-0.el7_7.x86_64/jre/lib/rt.jar:/usr/lib/jvm/java-1.8.0-openjdk-1.8.0.232.b09-0.el7_7.x86_64/jre/lib/sunrsasign.jar:/usr/lib/jvm/java-1.8.0-openjdk-1.8.0.232.b09-0.el7_7.x86_64/jre/lib/jsse.jar:/usr/lib/jvm/java-1.8.0-openjdk-1.8.0.232.b09-0.el7_7.x86_64/jre/lib/jce.jar:/usr/lib/jvm/java-1.8.0-openjdk-1.8.0.232.b09-0.el7_7.x86_64/jre/lib/charsets.jar:/usr/lib/jvm/java-1.8.0-openjdk-1.8.0.232.b09-0.el7_7.x86_64/jre/lib/jfr.jar:/usr/lib/jvm/java-1.8.0-openjdk-1.8.0.232.b09-0.el7_7.x86_64/jre/classes"/>
    <property name="sun.management.compiler" value="HotSpot 64-Bit Tiered Compilers"/>
    <property name="skip.npx" value="true"/>
    <property name="java.runtime.version" value="1.8.0_232-b09"/>
    <property name="java.net.preferIPv4Stack" value="true"/>
    <property name="user.name" value="jenkins1001"/>
    <property name="path.separator" value=":"/>
    <property name="java.security.egd" value="file:///dev/urandom"/>
    <property name="os.version" value="5.4.0-1031-azure"/>
    <property name="java.endorsed.dirs" value="/usr/lib/jvm/java-1.8.0-openjdk-1.8.0.232.b09-0.el7_7.x86_64/jre/lib/endorsed"/>
    <property name="java.runtime.name" value="OpenJDK Runtime Environment"/>
    <property name="file.encoding" value="ANSI_X3.4-1968"/>
    <property name="java.vm.name" value="OpenJDK 64-Bit Server VM"/>
    <property name="test.build.webapps" value=""/>
    <property name="localRepository" value="/home/user/.m2/repository"/>
    <property name="java.vendor.url.bug" value="http://bugreport.sun.com/bugreport/"/>
    <property name="java.io.tmpdir" value="/tmp"/>
    <property name="require.test.libhadoop" value=""/>
    <property name="java.version" value="1.8.0_232"/>
    <property name="user.dir" value="/github/workspace/mnt/ozone/hadoop-ozone/integration-test"/>
    <property name="os.arch" value="amd64"/>
    <property name="java.vm.specification.name" value="Java Virtual Machine Specification"/>
    <property name="test.build.classes" value="/github/workspace/mnt/ozone/hadoop-ozone/integration-test/target/test-classes"/>
    <property name="java.awt.printerjob" value="sun.print.PSPrinterJob"/>
    <property name="sun.os.patch.level" value="unknown"/>
    <property name="hadoop.tmp.dir" value="/github/workspace/mnt/ozone/hadoop-ozone/integration-test/target/tmp"/>
    <property name="java.library.path" value="/usr/lib:/usr/java/packages/lib/amd64:/usr/lib64:/lib64:/lib:/usr/lib"/>
    <property name="java.vm.info" value="mixed mode"/>
    <property name="java.vendor" value="Oracle Corporation"/>
    <property name="java.vm.version" value="25.232-b09"/>
    <property name="java.ext.dirs" value="/usr/lib/jvm/java-1.8.0-openjdk-1.8.0.232.b09-0.el7_7.x86_64/jre/lib/ext:/usr/java/packages/lib/ext"/>
    <property name="sun.io.unicode.encoding" value="UnicodeLittle"/>
    <property name="java.class.version" value="52.0"/>
  </properties>
  <testcase name="test2DatanodesFailure" classname="org.apache.hadoop.ozone.client.rpc.TestBlockOutputStreamWithFailures" time="67.773"/>
  <testcase name="testDatanodeFailureWithPreAllocation" classname="org.apache.hadoop.ozone.client.rpc.TestBlockOutputStreamWithFailures" time="92.967"/>
  <testcase name="testDatanodeFailureWithSingleNodeRatis" classname="org.apache.hadoop.ozone.client.rpc.TestBlockOutputStreamWithFailures" time="87.629"/>
  <testcase name="testWatchForCommitWithSingleNodeRatis" classname="org.apache.hadoop.ozone.client.rpc.TestBlockOutputStreamWithFailures" time="43.749"/>
  <testcase name="testWatchForCommitDatanodeFailure" classname="org.apache.hadoop.ozone.client.rpc.TestBlockOutputStreamWithFailures" time="54.178">
    <failure message="expected:&lt;2&gt; but was:&lt;3&gt;" type="java.lang.AssertionError"><![CDATA[java.lang.AssertionError: expected:<2> but was:<3>
	at org.junit.Assert.fail(Assert.java:88)
	at org.junit.Assert.failNotEquals(Assert.java:743)
	at org.junit.Assert.assertEquals(Assert.java:118)
	at org.junit.Assert.assertEquals(Assert.java:555)
	at org.junit.Assert.assertEquals(Assert.java:542)
	at org.apache.hadoop.ozone.client.rpc.TestBlockOutputStreamWithFailures.testWatchForCommitDatanodeFailure(TestBlockOutputStreamWithFailures.java:324)
	at sun.reflect.NativeMethodAccessorImpl.invoke0(Native Method)
	at sun.reflect.NativeMethodAccessorImpl.invoke(NativeMethodAccessorImpl.java:62)
	at sun.reflect.DelegatingMethodAccessorImpl.invoke(DelegatingMethodAccessorImpl.java:43)
	at java.lang.reflect.Method.invoke(Method.java:498)
	at org.junit.runners.model.FrameworkMethod$1.runReflectiveCall(FrameworkMethod.java:47)
	at org.junit.internal.runners.model.ReflectiveCallable.run(ReflectiveCallable.java:12)
	at org.junit.runners.model.FrameworkMethod.invokeExplosively(FrameworkMethod.java:44)
	at org.junit.internal.runners.statements.InvokeMethod.evaluate(InvokeMethod.java:17)
	at org.junit.internal.runners.statements.RunBefores.evaluate(RunBefores.java:26)
	at org.junit.internal.runners.statements.RunAfters.evaluate(RunAfters.java:27)
	at org.junit.internal.runners.statements.FailOnTimeout$StatementThread.run(FailOnTimeout.java:74)
]]></failure>
    <system-out><![CDATA[2020-11-27 01:37:25,940 [Thread-2341] WARN  server.ServerUtils (ServerUtils.java:getScmDbDir(148)) - ozone.scm.db.dirs is not configured. We recommend adding this setting. Falling back to ozone.metadata.dirs instead.
2020-11-27 01:37:25,942 [Thread-2341] WARN  server.ServerUtils (ServerUtils.java:getScmDbDir(148)) - ozone.scm.db.dirs is not configured. We recommend adding this setting. Falling back to ozone.metadata.dirs instead.
2020-11-27 01:37:25,943 [Thread-2341] WARN  db.DBStoreBuilder (DBStoreBuilder.java:applyDBDefinition(145)) - ozone.scm.db.dirs is not configured. We recommend adding this setting. Falling back to ozone.metadata.dirs instead.
2020-11-27 01:37:25,969 [Thread-2341] INFO  net.NodeSchemaLoader (NodeSchemaLoader.java:loadSchemaFromFile(126)) - Loading file from sun.misc.CompoundEnumeration@6c08fb25
2020-11-27 01:37:25,969 [Thread-2341] INFO  net.NodeSchemaLoader (NodeSchemaLoader.java:loadSchema(172)) - Loading network topology layer schema file
2020-11-27 01:37:25,972 [Thread-2341] WARN  server.ServerUtils (ServerUtils.java:sanitizeUserArgs(67)) - ozone.scm.dead.node.interval value = 10000 is smaller than min = 20000 based on the key value of ozone.scm.stale.node.interval, reset to the min value 20000.
2020-11-27 01:37:25,976 [Thread-2341] INFO  node.SCMNodeManager (SCMNodeManager.java:<init>(120)) - Entering startup safe mode.
2020-11-27 01:37:25,977 [Thread-2341] INFO  algorithms.ContainerPlacementPolicyFactory (ContainerPlacementPolicyFactory.java:getPolicy(60)) - Create container placement policy of type org.apache.hadoop.hdds.scm.container.placement.algorithms.SCMContainerPlacementRandom
2020-11-27 01:37:25,977 [Thread-2341] INFO  algorithms.LeaderChoosePolicyFactory (LeaderChoosePolicyFactory.java:getPolicy(57)) - Create leader choose policy of type org.apache.hadoop.hdds.scm.pipeline.leader.choose.algorithms.DefaultLeaderChoosePolicy
2020-11-27 01:37:25,977 [Thread-2341] INFO  pipeline.SCMPipelineManager (SCMPipelineManager.java:initializePipelineState(161)) - No pipeline exists in current db
2020-11-27 01:37:25,977 [Thread-2341] INFO  algorithms.PipelineChoosePolicyFactory (PipelineChoosePolicyFactory.java:createPipelineChoosePolicyFromClass(75)) - Create pipeline choose policy of type org.apache.hadoop.hdds.scm.pipeline.choose.algorithms.RandomPipelineChoosePolicy
2020-11-27 01:37:25,978 [Thread-2341] INFO  safemode.HealthyPipelineSafeModeRule (HealthyPipelineSafeModeRule.java:<init>(89)) - Total pipeline count is 0, healthy pipeline threshold count is 0
2020-11-27 01:37:25,979 [Thread-2341] INFO  safemode.OneReplicaPipelineSafeModeRule (OneReplicaPipelineSafeModeRule.java:<init>(84)) - Total pipeline count is 0, pipeline's with at least one datanode reported threshold count is 0
2020-11-27 01:37:25,981 [Thread-2341] INFO  ipc.CallQueueManager (CallQueueManager.java:<init>(84)) - Using callQueue: class java.util.concurrent.LinkedBlockingQueue, queueCapacity: 2000, scheduler: class org.apache.hadoop.ipc.DefaultRpcScheduler, ipcBackoff: false.
2020-11-27 01:37:25,982 [Socket Reader #1 for port 0] INFO  ipc.Server (Server.java:run(1219)) - Starting Socket Reader #1 for port 0
2020-11-27 01:37:25,983 [Listener at 0.0.0.0/36615] INFO  ipc.CallQueueManager (CallQueueManager.java:<init>(84)) - Using callQueue: class java.util.concurrent.LinkedBlockingQueue, queueCapacity: 2000, scheduler: class org.apache.hadoop.ipc.DefaultRpcScheduler, ipcBackoff: false.
2020-11-27 01:37:25,983 [Socket Reader #1 for port 0] INFO  ipc.Server (Server.java:run(1219)) - Starting Socket Reader #1 for port 0
2020-11-27 01:37:25,989 [Listener at 0.0.0.0/46021] INFO  ipc.CallQueueManager (CallQueueManager.java:<init>(84)) - Using callQueue: class java.util.concurrent.LinkedBlockingQueue, queueCapacity: 2000, scheduler: class org.apache.hadoop.ipc.DefaultRpcScheduler, ipcBackoff: false.
2020-11-27 01:37:25,990 [Socket Reader #1 for port 0] INFO  ipc.Server (Server.java:run(1219)) - Starting Socket Reader #1 for port 0
2020-11-27 01:37:25,998 [Listener at 0.0.0.0/45513] INFO  http.BaseHttpServer (BaseHttpServer.java:newHttpServer2BuilderForOzone(207)) - Starting Web-server for scm at: http://0.0.0.0:0
2020-11-27 01:37:25,998 [Listener at 0.0.0.0/45513] INFO  http.BaseHttpServer (BaseHttpServer.java:<init>(106)) - Hadoop Security Enabled: false Ozone Security Enabled: false Ozone HTTP Security Enabled: false 
2020-11-27 01:37:25,999 [Listener at 0.0.0.0/45513] INFO  server.AuthenticationFilter (AuthenticationFilter.java:constructSecretProvider(240)) - Unable to initialize FileSignerSecretProvider, falling back to use random secrets.
2020-11-27 01:37:25,999 [Listener at 0.0.0.0/45513] WARN  http.HttpRequestLog (HttpRequestLog.java:getRequestLog(103)) - Jetty request log can only be enabled using Log4j
2020-11-27 01:37:26,000 [Listener at 0.0.0.0/45513] INFO  http.HttpServer2 (HttpServer2.java:addGlobalFilter(1019)) - Added global filter 'safety' (class=org.apache.hadoop.hdds.server.http.HttpServer2$QuotingInputFilter)
2020-11-27 01:37:26,000 [Listener at 0.0.0.0/45513] INFO  http.HttpServer2 (HttpServer2.java:addFilter(995)) - Added filter static_user_filter (class=org.apache.hadoop.http.lib.StaticUserWebFilter$StaticUserFilter) to context scm
2020-11-27 01:37:26,000 [Listener at 0.0.0.0/45513] INFO  http.HttpServer2 (HttpServer2.java:addFilter(1003)) - Added filter static_user_filter (class=org.apache.hadoop.http.lib.StaticUserWebFilter$StaticUserFilter) to context logs
2020-11-27 01:37:26,000 [Listener at 0.0.0.0/45513] INFO  http.HttpServer2 (HttpServer2.java:addFilter(1003)) - Added filter static_user_filter (class=org.apache.hadoop.http.lib.StaticUserWebFilter$StaticUserFilter) to context static
2020-11-27 01:37:26,003 [Listener at 0.0.0.0/45513] INFO  server.StorageContainerManager (StorageContainerManager.java:start(780)) - StorageContainerLocationProtocol RPC server is listening at /0.0.0.0:45513
2020-11-27 01:37:26,004 [Listener at 0.0.0.0/45513] WARN  impl.MetricsConfig (MetricsConfig.java:loadFirst(134)) - Cannot locate configuration: tried hadoop-metrics2-storagecontainermanager.properties,hadoop-metrics2.properties
2020-11-27 01:37:26,005 [Listener at 0.0.0.0/45513] INFO  impl.MetricsSystemImpl (MetricsSystemImpl.java:startTimer(374)) - Scheduled Metric snapshot period at 10 second(s).
2020-11-27 01:37:26,005 [Listener at 0.0.0.0/45513] INFO  impl.MetricsSystemImpl (MetricsSystemImpl.java:start(191)) - StorageContainerManager metrics system started
2020-11-27 01:37:26,097 [Listener at 0.0.0.0/45513] WARN  impl.MetricsSystemImpl (MetricsSystemImpl.java:register(276)) - Sink prometheus already exists!
2020-11-27 01:37:26,118 [Listener at 0.0.0.0/45513] INFO  server.SCMClientProtocolServer (SCMClientProtocolServer.java:start(156)) - RPC server for Client  is listening at /0.0.0.0:45513
2020-11-27 01:37:26,118 [IPC Server Responder] INFO  ipc.Server (Server.java:run(1460)) - IPC Server Responder: starting
2020-11-27 01:37:26,128 [IPC Server listener on 0] INFO  ipc.Server (Server.java:run(1298)) - IPC Server listener on 0: starting
2020-11-27 01:37:26,136 [Listener at 0.0.0.0/45513] INFO  server.StorageContainerManager (StorageContainerManager.java:start(792)) - ScmBlockLocationProtocol RPC server is listening at /0.0.0.0:46021
2020-11-27 01:37:26,137 [Listener at 0.0.0.0/45513] INFO  server.SCMBlockProtocolServer (SCMBlockProtocolServer.java:start(150)) - RPC server for Block Protocol is listening at /0.0.0.0:46021
2020-11-27 01:37:26,137 [IPC Server Responder] INFO  ipc.Server (Server.java:run(1460)) - IPC Server Responder: starting
2020-11-27 01:37:26,137 [IPC Server listener on 0] INFO  ipc.Server (Server.java:run(1298)) - IPC Server listener on 0: starting
2020-11-27 01:37:26,139 [Listener at 0.0.0.0/45513] INFO  server.StorageContainerManager (StorageContainerManager.java:start(798)) - ScmDatanodeProtocl RPC server is listening at /0.0.0.0:36615
2020-11-27 01:37:26,139 [Listener at 0.0.0.0/45513] INFO  server.SCMDatanodeProtocolServer (SCMDatanodeProtocolServer.java:start(172)) - RPC server for DataNodes is listening at /0.0.0.0:36615
2020-11-27 01:37:26,140 [IPC Server Responder] INFO  ipc.Server (Server.java:run(1460)) - IPC Server Responder: starting
2020-11-27 01:37:26,140 [IPC Server listener on 0] INFO  ipc.Server (Server.java:run(1298)) - IPC Server listener on 0: starting
2020-11-27 01:37:26,142 [Listener at 0.0.0.0/45513] INFO  http.HttpServer2 (HttpServer2.java:bindListener(1237)) - Jetty bound to port 34873
2020-11-27 01:37:26,142 [Listener at 0.0.0.0/45513] INFO  server.Server (Server.java:doStart(375)) - jetty-9.4.34.v20201102; built: 2020-11-02T14:15:39.302Z; git: e46af88704a893fc12cb0e3bf46e2c7b48a009e7; jvm 1.8.0_232-b09
2020-11-27 01:37:26,145 [Listener at 0.0.0.0/45513] INFO  server.session (DefaultSessionIdManager.java:doStart(334)) - DefaultSessionIdManager workerName=node0
2020-11-27 01:37:26,145 [Listener at 0.0.0.0/45513] INFO  server.session (DefaultSessionIdManager.java:doStart(339)) - No SessionScavenger set, using defaults
2020-11-27 01:37:26,145 [Listener at 0.0.0.0/45513] INFO  server.session (HouseKeeper.java:startScavenging(132)) - node0 Scavenging every 600000ms
2020-11-27 01:37:26,146 [Listener at 0.0.0.0/45513] INFO  handler.ContextHandler (ContextHandler.java:doStart(916)) - Started o.e.j.s.ServletContextHandler@46ef64b{logs,/logs,file:///github/workspace/mnt/ozone/hadoop-ozone/integration-test/target/log,AVAILABLE}
2020-11-27 01:37:26,146 [Listener at 0.0.0.0/45513] INFO  handler.ContextHandler (ContextHandler.java:doStart(916)) - Started o.e.j.s.ServletContextHandler@66528e47{static,/static,file:///github/workspace/mnt/ozone/hadoop-ozone/integration-test/target/test-classes/webapps/static,AVAILABLE}
2020-11-27 01:37:26,149 [Listener at 0.0.0.0/45513] INFO  handler.ContextHandler (ContextHandler.java:doStart(916)) - Started o.e.j.w.WebAppContext@36b1f084{scm,/,file:///github/workspace/mnt/ozone/hadoop-ozone/integration-test/target/test-classes/webapps/scm/,AVAILABLE}{file:/github/workspace/mnt/ozone/hadoop-ozone/integration-test/target/test-classes/webapps/scm}
2020-11-27 01:37:26,151 [Listener at 0.0.0.0/45513] INFO  server.AbstractConnector (AbstractConnector.java:doStart(331)) - Started ServerConnector@664656db{HTTP/1.1, (http/1.1)}{0.0.0.0:34873}
2020-11-27 01:37:26,151 [Listener at 0.0.0.0/45513] INFO  server.Server (Server.java:doStart(415)) - Started @293242ms
2020-11-27 01:37:26,151 [Listener at 0.0.0.0/45513] WARN  impl.MetricsSystemImpl (MetricsSystemImpl.java:register(276)) - Sink prometheus already exists!
2020-11-27 01:37:26,157 [Listener at 0.0.0.0/45513] INFO  http.BaseHttpServer (BaseHttpServer.java:updateConnectorAddress(327)) - HTTP server of scm listening at http://0.0.0.0:34873
2020-11-27 01:37:26,157 [Listener at 0.0.0.0/45513] WARN  server.ServerUtils (ServerUtils.java:getDBPath(225)) - ozone.om.db.dirs is not configured. We recommend adding this setting. Falling back to ozone.metadata.dirs instead.
2020-11-27 01:37:26,158 [org.apache.hadoop.util.JvmPauseMonitor$Monitor@30c93373] INFO  util.JvmPauseMonitor (JvmPauseMonitor.java:run(188)) - Starting JVM pause monitor
2020-11-27 01:37:26,158 [Listener at 0.0.0.0/45513] INFO  ha.OMHANodeDetails (OMHANodeDetails.java:loadOMHAConfig(104)) - ozone.om.internal.service.id is not defined, falling back to ozone.om.service.ids to find serviceID for OzoneManager if it is HA enabled cluster
2020-11-27 01:37:26,159 [Listener at 0.0.0.0/45513] INFO  ha.OMHANodeDetails (OMHANodeDetails.java:loadOMHAConfig(213)) - Configuration either no ozone.om.address set. Falling back to the default OM address /127.0.0.1:0
2020-11-27 01:37:26,159 [Listener at 0.0.0.0/45513] INFO  ha.OMHANodeDetails (OMHANodeDetails.java:getOMNodeDetails(241)) - OM Service ID is not set. Setting it to the default ID: omServiceIdDefault
2020-11-27 01:37:26,159 [Listener at 0.0.0.0/45513] WARN  server.ServerUtils (ServerUtils.java:getDBPath(225)) - ozone.om.db.dirs is not configured. We recommend adding this setting. Falling back to ozone.metadata.dirs instead.
2020-11-27 01:37:26,159 [Listener at 0.0.0.0/45513] WARN  server.ServerUtils (ServerUtils.java:getDBPath(225)) - ozone.om.db.dirs is not configured. We recommend adding this setting. Falling back to ozone.metadata.dirs instead.
2020-11-27 01:37:26,167 [Listener at 0.0.0.0/45513] WARN  server.ServerUtils (ServerUtils.java:getDBPath(225)) - ozone.om.db.dirs is not configured. We recommend adding this setting. Falling back to ozone.metadata.dirs instead.
2020-11-27 01:37:26,169 [Listener at 0.0.0.0/45513] INFO  codec.OmKeyInfoCodec (OmKeyInfoCodec.java:<init>(41)) - OmKeyInfoCodec ignorePipeline = true
2020-11-27 01:37:26,169 [Listener at 0.0.0.0/45513] INFO  codec.RepeatedOmKeyInfoCodec (RepeatedOmKeyInfoCodec.java:<init>(40)) - RepeatedOmKeyInfoCodec ignorePipeline = true
2020-11-27 01:37:26,216 [Listener at 0.0.0.0/45513] INFO  om.OzoneManager (OzoneManager.java:addS3GVolumeToDB(3741)) - Created Volume s3v With Owner jenkins1001 required for S3Gateway operations.
2020-11-27 01:37:26,217 [Listener at 0.0.0.0/45513] INFO  ipc.CallQueueManager (CallQueueManager.java:<init>(84)) - Using callQueue: class java.util.concurrent.LinkedBlockingQueue, queueCapacity: 2000, scheduler: class org.apache.hadoop.ipc.DefaultRpcScheduler, ipcBackoff: false.
2020-11-27 01:37:26,218 [Socket Reader #1 for port 0] INFO  ipc.Server (Server.java:run(1219)) - Starting Socket Reader #1 for port 0
2020-11-27 01:37:26,232 [Listener at 127.0.0.1/40963] INFO  impl.MetricsSystemImpl (MetricsSystemImpl.java:init(158)) - OzoneManager metrics system started (again)
2020-11-27 01:37:26,233 [Listener at 127.0.0.1/40963] INFO  om.OzoneManager (OzoneManager.java:start(1144)) - OzoneManager RPC server is listening at localhost/127.0.0.1:40963
2020-11-27 01:37:26,237 [Listener at 127.0.0.1/40963] INFO  http.BaseHttpServer (BaseHttpServer.java:newHttpServer2BuilderForOzone(207)) - Starting Web-server for ozoneManager at: http://0.0.0.0:0
2020-11-27 01:37:26,237 [Listener at 127.0.0.1/40963] INFO  http.BaseHttpServer (BaseHttpServer.java:<init>(106)) - Hadoop Security Enabled: false Ozone Security Enabled: false Ozone HTTP Security Enabled: false 
2020-11-27 01:37:26,238 [Listener at 127.0.0.1/40963] INFO  server.AuthenticationFilter (AuthenticationFilter.java:constructSecretProvider(240)) - Unable to initialize FileSignerSecretProvider, falling back to use random secrets.
2020-11-27 01:37:26,238 [Listener at 127.0.0.1/40963] WARN  http.HttpRequestLog (HttpRequestLog.java:getRequestLog(103)) - Jetty request log can only be enabled using Log4j
2020-11-27 01:37:26,239 [Listener at 127.0.0.1/40963] INFO  http.HttpServer2 (HttpServer2.java:addGlobalFilter(1019)) - Added global filter 'safety' (class=org.apache.hadoop.hdds.server.http.HttpServer2$QuotingInputFilter)
2020-11-27 01:37:26,239 [Listener at 127.0.0.1/40963] INFO  http.HttpServer2 (HttpServer2.java:addFilter(995)) - Added filter static_user_filter (class=org.apache.hadoop.http.lib.StaticUserWebFilter$StaticUserFilter) to context ozoneManager
2020-11-27 01:37:26,239 [Listener at 127.0.0.1/40963] INFO  http.HttpServer2 (HttpServer2.java:addFilter(1003)) - Added filter static_user_filter (class=org.apache.hadoop.http.lib.StaticUserWebFilter$StaticUserFilter) to context logs
2020-11-27 01:37:26,239 [Listener at 127.0.0.1/40963] INFO  http.HttpServer2 (HttpServer2.java:addFilter(1003)) - Added filter static_user_filter (class=org.apache.hadoop.http.lib.StaticUserWebFilter$StaticUserFilter) to context static
2020-11-27 01:37:26,240 [Listener at 127.0.0.1/40963] INFO  http.HttpServer2 (HttpServer2.java:bindListener(1237)) - Jetty bound to port 33325
2020-11-27 01:37:26,240 [Listener at 127.0.0.1/40963] INFO  server.Server (Server.java:doStart(375)) - jetty-9.4.34.v20201102; built: 2020-11-02T14:15:39.302Z; git: e46af88704a893fc12cb0e3bf46e2c7b48a009e7; jvm 1.8.0_232-b09
2020-11-27 01:37:26,241 [Listener at 127.0.0.1/40963] INFO  server.session (DefaultSessionIdManager.java:doStart(334)) - DefaultSessionIdManager workerName=node0
2020-11-27 01:37:26,241 [Listener at 127.0.0.1/40963] INFO  server.session (DefaultSessionIdManager.java:doStart(339)) - No SessionScavenger set, using defaults
2020-11-27 01:37:26,241 [Listener at 127.0.0.1/40963] INFO  server.session (HouseKeeper.java:startScavenging(132)) - node0 Scavenging every 600000ms
2020-11-27 01:37:26,242 [Listener at 127.0.0.1/40963] INFO  handler.ContextHandler (ContextHandler.java:doStart(916)) - Started o.e.j.s.ServletContextHandler@8b45173{logs,/logs,file:///github/workspace/mnt/ozone/hadoop-ozone/integration-test/target/log,AVAILABLE}
2020-11-27 01:37:26,242 [Listener at 127.0.0.1/40963] INFO  handler.ContextHandler (ContextHandler.java:doStart(916)) - Started o.e.j.s.ServletContextHandler@332484f9{static,/static,file:///github/workspace/mnt/ozone/hadoop-ozone/integration-test/target/test-classes/webapps/static,AVAILABLE}
2020-11-27 01:37:26,244 [Listener at 127.0.0.1/40963] INFO  handler.ContextHandler (ContextHandler.java:doStart(916)) - Started o.e.j.w.WebAppContext@5b7703fc{ozoneManager,/,file:///github/workspace/mnt/ozone/hadoop-ozone/integration-test/target/test-classes/webapps/ozoneManager/,AVAILABLE}{file:/github/workspace/mnt/ozone/hadoop-ozone/integration-test/target/test-classes/webapps/ozoneManager}
2020-11-27 01:37:26,245 [Listener at 127.0.0.1/40963] INFO  server.AbstractConnector (AbstractConnector.java:doStart(331)) - Started ServerConnector@2c814bbe{HTTP/1.1, (http/1.1)}{0.0.0.0:33325}
2020-11-27 01:37:26,246 [Listener at 127.0.0.1/40963] INFO  server.Server (Server.java:doStart(415)) - Started @293337ms
2020-11-27 01:37:26,246 [Listener at 127.0.0.1/40963] WARN  impl.MetricsSystemImpl (MetricsSystemImpl.java:register(276)) - Sink prometheus already exists!
2020-11-27 01:37:26,250 [Listener at 127.0.0.1/40963] INFO  http.BaseHttpServer (BaseHttpServer.java:updateConnectorAddress(327)) - HTTP server of ozoneManager listening at http://0.0.0.0:33325
2020-11-27 01:37:26,250 [IPC Server Responder] INFO  ipc.Server (Server.java:run(1460)) - IPC Server Responder: starting
2020-11-27 01:37:26,251 [IPC Server listener on 0] INFO  ipc.Server (Server.java:run(1298)) - IPC Server listener on 0: starting
2020-11-27 01:37:26,258 [Listener at 127.0.0.1/40963] INFO  om.OzoneManager (OzoneManager.java:startTrashEmptier(1269)) - Trash Interval set to 0. Files deleted will not move to trash
2020-11-27 01:37:26,258 [org.apache.hadoop.util.JvmPauseMonitor$Monitor@5f590e86] INFO  util.JvmPauseMonitor (JvmPauseMonitor.java:run(188)) - Starting JVM pause monitor
2020-11-27 01:37:26,277 [Listener at 127.0.0.1/40963] INFO  impl.MetricsSystemImpl (MetricsSystemImpl.java:init(158)) - HddsDatanode metrics system started (again)
2020-11-27 01:37:26,278 [Listener at 127.0.0.1/40963] INFO  ozone.HddsDatanodeService (HddsDatanodeService.java:start(217)) - HddsDatanodeService host:3bf31645156d ip:172.17.0.2
2020-11-27 01:37:26,284 [Listener at 127.0.0.1/40963] INFO  volume.HddsVolume (HddsVolume.java:<init>(176)) - Creating Volume: /github/workspace/mnt/ozone/hadoop-ozone/integration-test/target/test-dir/MiniOzoneClusterImpl-7befb19c-4ec9-4b73-94e9-5feb4aa859dd/datanode-0/data-0/containers/hdds of storage type : DISK and capacity : 9223372036854775807
2020-11-27 01:37:26,285 [Listener at 127.0.0.1/40963] INFO  volume.MutableVolumeSet (MutableVolumeSet.java:initializeVolumeSet(179)) - Added Volume : /github/workspace/mnt/ozone/hadoop-ozone/integration-test/target/test-dir/MiniOzoneClusterImpl-7befb19c-4ec9-4b73-94e9-5feb4aa859dd/datanode-0/data-0/containers/hdds to VolumeSet
2020-11-27 01:37:26,285 [Listener at 127.0.0.1/40963] INFO  volume.ThrottledAsyncChecker (ThrottledAsyncChecker.java:schedule(141)) - Scheduling a check for /github/workspace/mnt/ozone/hadoop-ozone/integration-test/target/test-dir/MiniOzoneClusterImpl-7befb19c-4ec9-4b73-94e9-5feb4aa859dd/datanode-0/data-0/containers/hdds
2020-11-27 01:37:26,285 [Listener at 127.0.0.1/40963] INFO  volume.HddsVolumeChecker (HddsVolumeChecker.java:checkAllVolumes(200)) - Scheduled health check for volume /github/workspace/mnt/ozone/hadoop-ozone/integration-test/target/test-dir/MiniOzoneClusterImpl-7befb19c-4ec9-4b73-94e9-5feb4aa859dd/datanode-0/data-0/containers/hdds
2020-11-27 01:37:26,298 [Thread-2464] INFO  ozoneimpl.ContainerReader (ContainerReader.java:readVolume(123)) - Start to verify containers on volume /github/workspace/mnt/ozone/hadoop-ozone/integration-test/target/test-dir/MiniOzoneClusterImpl-7befb19c-4ec9-4b73-94e9-5feb4aa859dd/datanode-0/data-0/containers/hdds
2020-11-27 01:37:26,298 [Thread-2464] INFO  ozoneimpl.ContainerReader (ContainerReader.java:readVolume(148)) - Finish verifying containers on volume /github/workspace/mnt/ozone/hadoop-ozone/integration-test/target/test-dir/MiniOzoneClusterImpl-7befb19c-4ec9-4b73-94e9-5feb4aa859dd/datanode-0/data-0/containers/hdds
2020-11-27 01:37:26,298 [Listener at 127.0.0.1/40963] INFO  ozoneimpl.OzoneContainer (OzoneContainer.java:buildContainerSet(194)) - Build ContainerSet costs 0s
2020-11-27 01:37:26,300 [Listener at 127.0.0.1/40963] INFO  impl.RaftServerProxy (ConfUtils.java:logGet(44)) - raft.rpc.type = GRPC (default)
2020-11-27 01:37:26,300 [Listener at 127.0.0.1/40963] INFO  grpc.GrpcFactory (GrpcFactory.java:checkPooledByteBufAllocatorUseCacheForAllThreads(45)) - PERFORMANCE WARNING: useCacheForAllThreads is true that may cause Netty to create a lot garbage objects and, as a result, trigger GC.
	It is recommended to disable useCacheForAllThreads by setting -Dorg.apache.ratis.thirdparty.io.netty.allocator.useCacheForAllThreads=false in command line.
2020-11-27 01:37:26,300 [Listener at 127.0.0.1/40963] INFO  grpc.GrpcConfigKeys (ConfUtils.java:logGet(44)) - raft.grpc.server.port = 0 (default)
2020-11-27 01:37:26,300 [Listener at 127.0.0.1/40963] INFO  server.GrpcService (ConfUtils.java:logGet(44)) - raft.grpc.message.size.max = 32MB (=33554432) (custom)
2020-11-27 01:37:26,300 [Listener at 127.0.0.1/40963] INFO  server.RaftServerConfigKeys (ConfUtils.java:logGet(44)) - raft.server.log.appender.buffer.byte-limit = 33554432 (custom)
2020-11-27 01:37:26,300 [Listener at 127.0.0.1/40963] INFO  server.GrpcService (ConfUtils.java:logGet(44)) - raft.grpc.flow.control.window = 5MB (=5242880) (custom)
2020-11-27 01:37:26,300 [Listener at 127.0.0.1/40963] INFO  server.RaftServerConfigKeys (ConfUtils.java:logGet(44)) - raft.server.rpc.request.timeout = 3000ms (default)
2020-11-27 01:37:26,301 [Listener at 127.0.0.1/40963] INFO  impl.DataStreamServerImpl (ConfUtils.java:logGet(44)) - raft.datastream.type = DISABLED (default)
2020-11-27 01:37:26,301 [Listener at 127.0.0.1/40963] INFO  server.RaftServerConfigKeys (ConfUtils.java:logGet(44)) - raft.server.storage.dir = [/github/workspace/mnt/ozone/hadoop-ozone/integration-test/target/test-dir/MiniOzoneClusterImpl-7befb19c-4ec9-4b73-94e9-5feb4aa859dd/datanode-0/data/ratis] (custom)
2020-11-27 01:37:26,309 [Listener at 127.0.0.1/40963] INFO  http.BaseHttpServer (BaseHttpServer.java:newHttpServer2BuilderForOzone(207)) - Starting Web-server for hddsDatanode at: http://0.0.0.0:0
2020-11-27 01:37:26,309 [Listener at 127.0.0.1/40963] INFO  http.BaseHttpServer (BaseHttpServer.java:<init>(106)) - Hadoop Security Enabled: false Ozone Security Enabled: false Ozone HTTP Security Enabled: false 
2020-11-27 01:37:26,313 [Listener at 127.0.0.1/40963] INFO  server.AuthenticationFilter (AuthenticationFilter.java:constructSecretProvider(240)) - Unable to initialize FileSignerSecretProvider, falling back to use random secrets.
2020-11-27 01:37:26,313 [Listener at 127.0.0.1/40963] WARN  http.HttpRequestLog (HttpRequestLog.java:getRequestLog(103)) - Jetty request log can only be enabled using Log4j
2020-11-27 01:37:26,314 [Listener at 127.0.0.1/40963] INFO  http.HttpServer2 (HttpServer2.java:addGlobalFilter(1019)) - Added global filter 'safety' (class=org.apache.hadoop.hdds.server.http.HttpServer2$QuotingInputFilter)
2020-11-27 01:37:26,314 [Listener at 127.0.0.1/40963] INFO  http.HttpServer2 (HttpServer2.java:addFilter(995)) - Added filter static_user_filter (class=org.apache.hadoop.http.lib.StaticUserWebFilter$StaticUserFilter) to context hddsDatanode
2020-11-27 01:37:26,314 [Listener at 127.0.0.1/40963] INFO  http.HttpServer2 (HttpServer2.java:addFilter(1003)) - Added filter static_user_filter (class=org.apache.hadoop.http.lib.StaticUserWebFilter$StaticUserFilter) to context logs
2020-11-27 01:37:26,314 [Listener at 127.0.0.1/40963] INFO  http.HttpServer2 (HttpServer2.java:addFilter(1003)) - Added filter static_user_filter (class=org.apache.hadoop.http.lib.StaticUserWebFilter$StaticUserFilter) to context static
2020-11-27 01:37:26,315 [Listener at 127.0.0.1/40963] INFO  http.HttpServer2 (HttpServer2.java:bindListener(1237)) - Jetty bound to port 36963
2020-11-27 01:37:26,315 [Listener at 127.0.0.1/40963] INFO  server.Server (Server.java:doStart(375)) - jetty-9.4.34.v20201102; built: 2020-11-02T14:15:39.302Z; git: e46af88704a893fc12cb0e3bf46e2c7b48a009e7; jvm 1.8.0_232-b09
2020-11-27 01:37:26,316 [Listener at 127.0.0.1/40963] INFO  server.session (DefaultSessionIdManager.java:doStart(334)) - DefaultSessionIdManager workerName=node0
2020-11-27 01:37:26,316 [Listener at 127.0.0.1/40963] INFO  server.session (DefaultSessionIdManager.java:doStart(339)) - No SessionScavenger set, using defaults
2020-11-27 01:37:26,316 [Listener at 127.0.0.1/40963] INFO  server.session (HouseKeeper.java:startScavenging(132)) - node0 Scavenging every 660000ms
2020-11-27 01:37:26,317 [Listener at 127.0.0.1/40963] INFO  handler.ContextHandler (ContextHandler.java:doStart(916)) - Started o.e.j.s.ServletContextHandler@2619200{logs,/logs,file:///github/workspace/mnt/ozone/hadoop-ozone/integration-test/target/log,AVAILABLE}
2020-11-27 01:37:26,317 [Listener at 127.0.0.1/40963] INFO  handler.ContextHandler (ContextHandler.java:doStart(916)) - Started o.e.j.s.ServletContextHandler@7e5a6073{static,/static,jar:file:/home/user/.m2/repository/org/apache/hadoop/hadoop-hdds-container-service/1.1.0-SNAPSHOT/hadoop-hdds-container-service-1.1.0-SNAPSHOT.jar!/webapps/static,AVAILABLE}
2020-11-27 01:37:26,479 [Listener at 127.0.0.1/40963] INFO  handler.ContextHandler (ContextHandler.java:doStart(916)) - Started o.e.j.w.WebAppContext@667f6550{hddsDatanode,/,file:///tmp/jetty-0_0_0_0-36963-hadoop-hdds-container-service-1_1_0-SNAPSHOT_jar-_-any-8436576252179322321/webapp/,AVAILABLE}{jar:file:/home/user/.m2/repository/org/apache/hadoop/hadoop-hdds-container-service/1.1.0-SNAPSHOT/hadoop-hdds-container-service-1.1.0-SNAPSHOT.jar!/webapps/hddsDatanode}
2020-11-27 01:37:26,481 [Listener at 127.0.0.1/40963] INFO  server.AbstractConnector (AbstractConnector.java:doStart(331)) - Started ServerConnector@1722c359{HTTP/1.1, (http/1.1)}{0.0.0.0:36963}
2020-11-27 01:37:26,481 [Listener at 127.0.0.1/40963] INFO  server.Server (Server.java:doStart(415)) - Started @293572ms
2020-11-27 01:37:26,481 [Listener at 127.0.0.1/40963] WARN  impl.MetricsSystemImpl (MetricsSystemImpl.java:register(276)) - Sink prometheus already exists!
2020-11-27 01:37:26,488 [Listener at 127.0.0.1/40963] INFO  http.BaseHttpServer (BaseHttpServer.java:updateConnectorAddress(327)) - HTTP server of hddsDatanode listening at http://0.0.0.0:36963
2020-11-27 01:37:26,488 [Listener at 127.0.0.1/40963] INFO  impl.MetricsSystemImpl (MetricsSystemImpl.java:init(158)) - HddsDatanode metrics system started (again)
2020-11-27 01:37:26,489 [Listener at 127.0.0.1/40963] INFO  ozone.HddsDatanodeService (HddsDatanodeService.java:start(217)) - HddsDatanodeService host:3bf31645156d ip:172.17.0.2
2020-11-27 01:37:26,492 [Listener at 127.0.0.1/40963] INFO  volume.HddsVolume (HddsVolume.java:<init>(176)) - Creating Volume: /github/workspace/mnt/ozone/hadoop-ozone/integration-test/target/test-dir/MiniOzoneClusterImpl-7befb19c-4ec9-4b73-94e9-5feb4aa859dd/datanode-1/data-0/containers/hdds of storage type : DISK and capacity : 9223372036854775807
2020-11-27 01:37:26,492 [Listener at 127.0.0.1/40963] INFO  volume.MutableVolumeSet (MutableVolumeSet.java:initializeVolumeSet(179)) - Added Volume : /github/workspace/mnt/ozone/hadoop-ozone/integration-test/target/test-dir/MiniOzoneClusterImpl-7befb19c-4ec9-4b73-94e9-5feb4aa859dd/datanode-1/data-0/containers/hdds to VolumeSet
2020-11-27 01:37:26,493 [Listener at 127.0.0.1/40963] INFO  volume.ThrottledAsyncChecker (ThrottledAsyncChecker.java:schedule(141)) - Scheduling a check for /github/workspace/mnt/ozone/hadoop-ozone/integration-test/target/test-dir/MiniOzoneClusterImpl-7befb19c-4ec9-4b73-94e9-5feb4aa859dd/datanode-1/data-0/containers/hdds
2020-11-27 01:37:26,493 [Listener at 127.0.0.1/40963] INFO  volume.HddsVolumeChecker (HddsVolumeChecker.java:checkAllVolumes(200)) - Scheduled health check for volume /github/workspace/mnt/ozone/hadoop-ozone/integration-test/target/test-dir/MiniOzoneClusterImpl-7befb19c-4ec9-4b73-94e9-5feb4aa859dd/datanode-1/data-0/containers/hdds
2020-11-27 01:37:26,507 [Thread-2473] INFO  ozoneimpl.ContainerReader (ContainerReader.java:readVolume(123)) - Start to verify containers on volume /github/workspace/mnt/ozone/hadoop-ozone/integration-test/target/test-dir/MiniOzoneClusterImpl-7befb19c-4ec9-4b73-94e9-5feb4aa859dd/datanode-1/data-0/containers/hdds
2020-11-27 01:37:26,507 [Thread-2473] INFO  ozoneimpl.ContainerReader (ContainerReader.java:readVolume(148)) - Finish verifying containers on volume /github/workspace/mnt/ozone/hadoop-ozone/integration-test/target/test-dir/MiniOzoneClusterImpl-7befb19c-4ec9-4b73-94e9-5feb4aa859dd/datanode-1/data-0/containers/hdds
2020-11-27 01:37:26,507 [Listener at 127.0.0.1/40963] INFO  ozoneimpl.OzoneContainer (OzoneContainer.java:buildContainerSet(194)) - Build ContainerSet costs 0s
2020-11-27 01:37:26,509 [Listener at 127.0.0.1/40963] INFO  impl.RaftServerProxy (ConfUtils.java:logGet(44)) - raft.rpc.type = GRPC (default)
2020-11-27 01:37:26,509 [Listener at 127.0.0.1/40963] INFO  grpc.GrpcFactory (GrpcFactory.java:checkPooledByteBufAllocatorUseCacheForAllThreads(45)) - PERFORMANCE WARNING: useCacheForAllThreads is true that may cause Netty to create a lot garbage objects and, as a result, trigger GC.
	It is recommended to disable useCacheForAllThreads by setting -Dorg.apache.ratis.thirdparty.io.netty.allocator.useCacheForAllThreads=false in command line.
2020-11-27 01:37:26,509 [Listener at 127.0.0.1/40963] INFO  grpc.GrpcConfigKeys (ConfUtils.java:logGet(44)) - raft.grpc.server.port = 0 (default)
2020-11-27 01:37:26,509 [Listener at 127.0.0.1/40963] INFO  server.GrpcService (ConfUtils.java:logGet(44)) - raft.grpc.message.size.max = 32MB (=33554432) (custom)
2020-11-27 01:37:26,509 [Listener at 127.0.0.1/40963] INFO  server.RaftServerConfigKeys (ConfUtils.java:logGet(44)) - raft.server.log.appender.buffer.byte-limit = 33554432 (custom)
2020-11-27 01:37:26,509 [Listener at 127.0.0.1/40963] INFO  server.GrpcService (ConfUtils.java:logGet(44)) - raft.grpc.flow.control.window = 5MB (=5242880) (custom)
2020-11-27 01:37:26,509 [Listener at 127.0.0.1/40963] INFO  server.RaftServerConfigKeys (ConfUtils.java:logGet(44)) - raft.server.rpc.request.timeout = 3000ms (default)
2020-11-27 01:37:26,510 [Listener at 127.0.0.1/40963] INFO  impl.DataStreamServerImpl (ConfUtils.java:logGet(44)) - raft.datastream.type = DISABLED (default)
2020-11-27 01:37:26,510 [Listener at 127.0.0.1/40963] INFO  server.RaftServerConfigKeys (ConfUtils.java:logGet(44)) - raft.server.storage.dir = [/github/workspace/mnt/ozone/hadoop-ozone/integration-test/target/test-dir/MiniOzoneClusterImpl-7befb19c-4ec9-4b73-94e9-5feb4aa859dd/datanode-1/data/ratis] (custom)
2020-11-27 01:37:26,516 [Listener at 127.0.0.1/40963] INFO  http.BaseHttpServer (BaseHttpServer.java:newHttpServer2BuilderForOzone(207)) - Starting Web-server for hddsDatanode at: http://0.0.0.0:0
2020-11-27 01:37:26,516 [Listener at 127.0.0.1/40963] INFO  http.BaseHttpServer (BaseHttpServer.java:<init>(106)) - Hadoop Security Enabled: false Ozone Security Enabled: false Ozone HTTP Security Enabled: false 
2020-11-27 01:37:26,517 [Listener at 127.0.0.1/40963] INFO  server.AuthenticationFilter (AuthenticationFilter.java:constructSecretProvider(240)) - Unable to initialize FileSignerSecretProvider, falling back to use random secrets.
2020-11-27 01:37:26,519 [Datanode State Machine Task Thread - 0] INFO  datanode.InitDatanodeState (InitDatanodeState.java:persistContainerDatanodeDetails(145)) - DatanodeDetails is persisted to /github/workspace/mnt/ozone/hadoop-ozone/integration-test/target/test-dir/MiniOzoneClusterImpl-7befb19c-4ec9-4b73-94e9-5feb4aa859dd/datanode-0/meta/datanode.id
2020-11-27 01:37:26,519 [Listener at 127.0.0.1/40963] WARN  http.HttpRequestLog (HttpRequestLog.java:getRequestLog(103)) - Jetty request log can only be enabled using Log4j
2020-11-27 01:37:26,519 [org.apache.hadoop.util.JvmPauseMonitor$Monitor@4cdd4537] INFO  util.JvmPauseMonitor (JvmPauseMonitor.java:run(188)) - Starting JVM pause monitor
2020-11-27 01:37:26,519 [Listener at 127.0.0.1/40963] INFO  http.HttpServer2 (HttpServer2.java:addGlobalFilter(1019)) - Added global filter 'safety' (class=org.apache.hadoop.hdds.server.http.HttpServer2$QuotingInputFilter)
2020-11-27 01:37:26,520 [Listener at 127.0.0.1/40963] INFO  http.HttpServer2 (HttpServer2.java:addFilter(995)) - Added filter static_user_filter (class=org.apache.hadoop.http.lib.StaticUserWebFilter$StaticUserFilter) to context hddsDatanode
2020-11-27 01:37:26,520 [Listener at 127.0.0.1/40963] INFO  http.HttpServer2 (HttpServer2.java:addFilter(1003)) - Added filter static_user_filter (class=org.apache.hadoop.http.lib.StaticUserWebFilter$StaticUserFilter) to context logs
2020-11-27 01:37:26,520 [Listener at 127.0.0.1/40963] INFO  http.HttpServer2 (HttpServer2.java:addFilter(1003)) - Added filter static_user_filter (class=org.apache.hadoop.http.lib.StaticUserWebFilter$StaticUserFilter) to context static
2020-11-27 01:37:26,522 [Listener at 127.0.0.1/40963] INFO  http.HttpServer2 (HttpServer2.java:bindListener(1237)) - Jetty bound to port 37193
2020-11-27 01:37:26,522 [Listener at 127.0.0.1/40963] INFO  server.Server (Server.java:doStart(375)) - jetty-9.4.34.v20201102; built: 2020-11-02T14:15:39.302Z; git: e46af88704a893fc12cb0e3bf46e2c7b48a009e7; jvm 1.8.0_232-b09
2020-11-27 01:37:26,523 [Listener at 127.0.0.1/40963] INFO  server.session (DefaultSessionIdManager.java:doStart(334)) - DefaultSessionIdManager workerName=node0
2020-11-27 01:37:26,523 [Listener at 127.0.0.1/40963] INFO  server.session (DefaultSessionIdManager.java:doStart(339)) - No SessionScavenger set, using defaults
2020-11-27 01:37:26,523 [Listener at 127.0.0.1/40963] INFO  server.session (HouseKeeper.java:startScavenging(132)) - node0 Scavenging every 600000ms
2020-11-27 01:37:26,524 [Listener at 127.0.0.1/40963] INFO  handler.ContextHandler (ContextHandler.java:doStart(916)) - Started o.e.j.s.ServletContextHandler@5091d2c4{logs,/logs,file:///github/workspace/mnt/ozone/hadoop-ozone/integration-test/target/log,AVAILABLE}
2020-11-27 01:37:26,524 [Listener at 127.0.0.1/40963] INFO  handler.ContextHandler (ContextHandler.java:doStart(916)) - Started o.e.j.s.ServletContextHandler@1bb35bb6{static,/static,jar:file:/home/user/.m2/repository/org/apache/hadoop/hadoop-hdds-container-service/1.1.0-SNAPSHOT/hadoop-hdds-container-service-1.1.0-SNAPSHOT.jar!/webapps/static,AVAILABLE}
2020-11-27 01:37:26,683 [Listener at 127.0.0.1/40963] INFO  handler.ContextHandler (ContextHandler.java:doStart(916)) - Started o.e.j.w.WebAppContext@64c4352d{hddsDatanode,/,file:///tmp/jetty-0_0_0_0-37193-hadoop-hdds-container-service-1_1_0-SNAPSHOT_jar-_-any-6254123760705947575/webapp/,AVAILABLE}{jar:file:/home/user/.m2/repository/org/apache/hadoop/hadoop-hdds-container-service/1.1.0-SNAPSHOT/hadoop-hdds-container-service-1.1.0-SNAPSHOT.jar!/webapps/hddsDatanode}
2020-11-27 01:37:26,685 [Listener at 127.0.0.1/40963] INFO  server.AbstractConnector (AbstractConnector.java:doStart(331)) - Started ServerConnector@66ca9ac3{HTTP/1.1, (http/1.1)}{0.0.0.0:37193}
2020-11-27 01:37:26,685 [Listener at 127.0.0.1/40963] INFO  server.Server (Server.java:doStart(415)) - Started @293776ms
2020-11-27 01:37:26,685 [Listener at 127.0.0.1/40963] WARN  impl.MetricsSystemImpl (MetricsSystemImpl.java:register(276)) - Sink prometheus already exists!
2020-11-27 01:37:26,688 [Listener at 127.0.0.1/40963] INFO  http.BaseHttpServer (BaseHttpServer.java:updateConnectorAddress(327)) - HTTP server of hddsDatanode listening at http://0.0.0.0:37193
2020-11-27 01:37:26,689 [Listener at 127.0.0.1/40963] INFO  impl.MetricsSystemImpl (MetricsSystemImpl.java:init(158)) - HddsDatanode metrics system started (again)
2020-11-27 01:37:26,691 [Listener at 127.0.0.1/40963] INFO  ozone.HddsDatanodeService (HddsDatanodeService.java:start(217)) - HddsDatanodeService host:3bf31645156d ip:172.17.0.2
2020-11-27 01:37:26,694 [Listener at 127.0.0.1/40963] INFO  volume.HddsVolume (HddsVolume.java:<init>(176)) - Creating Volume: /github/workspace/mnt/ozone/hadoop-ozone/integration-test/target/test-dir/MiniOzoneClusterImpl-7befb19c-4ec9-4b73-94e9-5feb4aa859dd/datanode-2/data-0/containers/hdds of storage type : DISK and capacity : 9223372036854775807
2020-11-27 01:37:26,695 [Listener at 127.0.0.1/40963] INFO  volume.MutableVolumeSet (MutableVolumeSet.java:initializeVolumeSet(179)) - Added Volume : /github/workspace/mnt/ozone/hadoop-ozone/integration-test/target/test-dir/MiniOzoneClusterImpl-7befb19c-4ec9-4b73-94e9-5feb4aa859dd/datanode-2/data-0/containers/hdds to VolumeSet
2020-11-27 01:37:26,695 [Listener at 127.0.0.1/40963] INFO  volume.ThrottledAsyncChecker (ThrottledAsyncChecker.java:schedule(141)) - Scheduling a check for /github/workspace/mnt/ozone/hadoop-ozone/integration-test/target/test-dir/MiniOzoneClusterImpl-7befb19c-4ec9-4b73-94e9-5feb4aa859dd/datanode-2/data-0/containers/hdds
2020-11-27 01:37:26,695 [Datanode State Machine Task Thread - 0] INFO  datanode.InitDatanodeState (InitDatanodeState.java:persistContainerDatanodeDetails(145)) - DatanodeDetails is persisted to /github/workspace/mnt/ozone/hadoop-ozone/integration-test/target/test-dir/MiniOzoneClusterImpl-7befb19c-4ec9-4b73-94e9-5feb4aa859dd/datanode-1/meta/datanode.id
2020-11-27 01:37:26,695 [Listener at 127.0.0.1/40963] INFO  volume.HddsVolumeChecker (HddsVolumeChecker.java:checkAllVolumes(200)) - Scheduled health check for volume /github/workspace/mnt/ozone/hadoop-ozone/integration-test/target/test-dir/MiniOzoneClusterImpl-7befb19c-4ec9-4b73-94e9-5feb4aa859dd/datanode-2/data-0/containers/hdds
2020-11-27 01:37:26,703 [org.apache.hadoop.util.JvmPauseMonitor$Monitor@481c20d1] INFO  util.JvmPauseMonitor (JvmPauseMonitor.java:run(188)) - Starting JVM pause monitor
2020-11-27 01:37:26,709 [Thread-2486] INFO  ozoneimpl.ContainerReader (ContainerReader.java:readVolume(123)) - Start to verify containers on volume /github/workspace/mnt/ozone/hadoop-ozone/integration-test/target/test-dir/MiniOzoneClusterImpl-7befb19c-4ec9-4b73-94e9-5feb4aa859dd/datanode-2/data-0/containers/hdds
2020-11-27 01:37:26,709 [Thread-2486] INFO  ozoneimpl.ContainerReader (ContainerReader.java:readVolume(148)) - Finish verifying containers on volume /github/workspace/mnt/ozone/hadoop-ozone/integration-test/target/test-dir/MiniOzoneClusterImpl-7befb19c-4ec9-4b73-94e9-5feb4aa859dd/datanode-2/data-0/containers/hdds
2020-11-27 01:37:26,709 [Listener at 127.0.0.1/40963] INFO  ozoneimpl.OzoneContainer (OzoneContainer.java:buildContainerSet(194)) - Build ContainerSet costs 0s
2020-11-27 01:37:26,710 [Listener at 127.0.0.1/40963] INFO  impl.RaftServerProxy (ConfUtils.java:logGet(44)) - raft.rpc.type = GRPC (default)
2020-11-27 01:37:26,710 [Listener at 127.0.0.1/40963] INFO  grpc.GrpcFactory (GrpcFactory.java:checkPooledByteBufAllocatorUseCacheForAllThreads(45)) - PERFORMANCE WARNING: useCacheForAllThreads is true that may cause Netty to create a lot garbage objects and, as a result, trigger GC.
	It is recommended to disable useCacheForAllThreads by setting -Dorg.apache.ratis.thirdparty.io.netty.allocator.useCacheForAllThreads=false in command line.
2020-11-27 01:37:26,710 [Listener at 127.0.0.1/40963] INFO  grpc.GrpcConfigKeys (ConfUtils.java:logGet(44)) - raft.grpc.server.port = 0 (default)
2020-11-27 01:37:26,710 [Listener at 127.0.0.1/40963] INFO  server.GrpcService (ConfUtils.java:logGet(44)) - raft.grpc.message.size.max = 32MB (=33554432) (custom)
2020-11-27 01:37:26,711 [Listener at 127.0.0.1/40963] INFO  server.RaftServerConfigKeys (ConfUtils.java:logGet(44)) - raft.server.log.appender.buffer.byte-limit = 33554432 (custom)
2020-11-27 01:37:26,711 [Listener at 127.0.0.1/40963] INFO  server.GrpcService (ConfUtils.java:logGet(44)) - raft.grpc.flow.control.window = 5MB (=5242880) (custom)
2020-11-27 01:37:26,711 [Listener at 127.0.0.1/40963] INFO  server.RaftServerConfigKeys (ConfUtils.java:logGet(44)) - raft.server.rpc.request.timeout = 3000ms (default)
2020-11-27 01:37:26,712 [Listener at 127.0.0.1/40963] INFO  impl.DataStreamServerImpl (ConfUtils.java:logGet(44)) - raft.datastream.type = DISABLED (default)
2020-11-27 01:37:26,712 [Listener at 127.0.0.1/40963] INFO  server.RaftServerConfigKeys (ConfUtils.java:logGet(44)) - raft.server.storage.dir = [/github/workspace/mnt/ozone/hadoop-ozone/integration-test/target/test-dir/MiniOzoneClusterImpl-7befb19c-4ec9-4b73-94e9-5feb4aa859dd/datanode-2/data/ratis] (custom)
2020-11-27 01:37:26,716 [Listener at 127.0.0.1/40963] INFO  http.BaseHttpServer (BaseHttpServer.java:newHttpServer2BuilderForOzone(207)) - Starting Web-server for hddsDatanode at: http://0.0.0.0:0
2020-11-27 01:37:26,716 [Listener at 127.0.0.1/40963] INFO  http.BaseHttpServer (BaseHttpServer.java:<init>(106)) - Hadoop Security Enabled: false Ozone Security Enabled: false Ozone HTTP Security Enabled: false 
2020-11-27 01:37:26,717 [Listener at 127.0.0.1/40963] INFO  server.AuthenticationFilter (AuthenticationFilter.java:constructSecretProvider(240)) - Unable to initialize FileSignerSecretProvider, falling back to use random secrets.
2020-11-27 01:37:26,717 [Listener at 127.0.0.1/40963] WARN  http.HttpRequestLog (HttpRequestLog.java:getRequestLog(103)) - Jetty request log can only be enabled using Log4j
2020-11-27 01:37:26,718 [Listener at 127.0.0.1/40963] INFO  http.HttpServer2 (HttpServer2.java:addGlobalFilter(1019)) - Added global filter 'safety' (class=org.apache.hadoop.hdds.server.http.HttpServer2$QuotingInputFilter)
2020-11-27 01:37:26,718 [Listener at 127.0.0.1/40963] INFO  http.HttpServer2 (HttpServer2.java:addFilter(995)) - Added filter static_user_filter (class=org.apache.hadoop.http.lib.StaticUserWebFilter$StaticUserFilter) to context hddsDatanode
2020-11-27 01:37:26,718 [Listener at 127.0.0.1/40963] INFO  http.HttpServer2 (HttpServer2.java:addFilter(1003)) - Added filter static_user_filter (class=org.apache.hadoop.http.lib.StaticUserWebFilter$StaticUserFilter) to context static
2020-11-27 01:37:26,718 [Listener at 127.0.0.1/40963] INFO  http.HttpServer2 (HttpServer2.java:addFilter(1003)) - Added filter static_user_filter (class=org.apache.hadoop.http.lib.StaticUserWebFilter$StaticUserFilter) to context logs
2020-11-27 01:37:26,719 [Listener at 127.0.0.1/40963] INFO  http.HttpServer2 (HttpServer2.java:bindListener(1237)) - Jetty bound to port 33733
2020-11-27 01:37:26,719 [Listener at 127.0.0.1/40963] INFO  server.Server (Server.java:doStart(375)) - jetty-9.4.34.v20201102; built: 2020-11-02T14:15:39.302Z; git: e46af88704a893fc12cb0e3bf46e2c7b48a009e7; jvm 1.8.0_232-b09
2020-11-27 01:37:26,720 [Listener at 127.0.0.1/40963] INFO  server.session (DefaultSessionIdManager.java:doStart(334)) - DefaultSessionIdManager workerName=node0
2020-11-27 01:37:26,720 [Listener at 127.0.0.1/40963] INFO  server.session (DefaultSessionIdManager.java:doStart(339)) - No SessionScavenger set, using defaults
2020-11-27 01:37:26,720 [Listener at 127.0.0.1/40963] INFO  server.session (HouseKeeper.java:startScavenging(132)) - node0 Scavenging every 660000ms
2020-11-27 01:37:26,721 [Listener at 127.0.0.1/40963] INFO  handler.ContextHandler (ContextHandler.java:doStart(916)) - Started o.e.j.s.ServletContextHandler@557dec46{logs,/logs,file:///github/workspace/mnt/ozone/hadoop-ozone/integration-test/target/log,AVAILABLE}
2020-11-27 01:37:26,721 [Listener at 127.0.0.1/40963] INFO  handler.ContextHandler (ContextHandler.java:doStart(916)) - Started o.e.j.s.ServletContextHandler@585d0b4e{static,/static,jar:file:/home/user/.m2/repository/org/apache/hadoop/hadoop-hdds-container-service/1.1.0-SNAPSHOT/hadoop-hdds-container-service-1.1.0-SNAPSHOT.jar!/webapps/static,AVAILABLE}
2020-11-27 01:37:26,877 [Listener at 127.0.0.1/40963] INFO  handler.ContextHandler (ContextHandler.java:doStart(916)) - Started o.e.j.w.WebAppContext@38f0fbd4{hddsDatanode,/,file:///tmp/jetty-0_0_0_0-33733-hadoop-hdds-container-service-1_1_0-SNAPSHOT_jar-_-any-3534620520138147074/webapp/,AVAILABLE}{jar:file:/home/user/.m2/repository/org/apache/hadoop/hadoop-hdds-container-service/1.1.0-SNAPSHOT/hadoop-hdds-container-service-1.1.0-SNAPSHOT.jar!/webapps/hddsDatanode}
2020-11-27 01:37:26,879 [Listener at 127.0.0.1/40963] INFO  server.AbstractConnector (AbstractConnector.java:doStart(331)) - Started ServerConnector@1b6c6587{HTTP/1.1, (http/1.1)}{0.0.0.0:33733}
2020-11-27 01:37:26,879 [Listener at 127.0.0.1/40963] INFO  server.Server (Server.java:doStart(415)) - Started @293970ms
2020-11-27 01:37:26,879 [Listener at 127.0.0.1/40963] WARN  impl.MetricsSystemImpl (MetricsSystemImpl.java:register(276)) - Sink prometheus already exists!
2020-11-27 01:37:26,885 [Listener at 127.0.0.1/40963] INFO  http.BaseHttpServer (BaseHttpServer.java:updateConnectorAddress(327)) - HTTP server of hddsDatanode listening at http://0.0.0.0:33733
2020-11-27 01:37:26,885 [Listener at 127.0.0.1/40963] INFO  impl.MetricsSystemImpl (MetricsSystemImpl.java:init(158)) - HddsDatanode metrics system started (again)
2020-11-27 01:37:26,887 [Listener at 127.0.0.1/40963] INFO  ozone.HddsDatanodeService (HddsDatanodeService.java:start(217)) - HddsDatanodeService host:3bf31645156d ip:172.17.0.2
2020-11-27 01:37:26,888 [Listener at 127.0.0.1/40963] INFO  volume.HddsVolume (HddsVolume.java:<init>(176)) - Creating Volume: /github/workspace/mnt/ozone/hadoop-ozone/integration-test/target/test-dir/MiniOzoneClusterImpl-7befb19c-4ec9-4b73-94e9-5feb4aa859dd/datanode-3/data-0/containers/hdds of storage type : DISK and capacity : 9223372036854775807
2020-11-27 01:37:26,888 [Listener at 127.0.0.1/40963] INFO  volume.MutableVolumeSet (MutableVolumeSet.java:initializeVolumeSet(179)) - Added Volume : /github/workspace/mnt/ozone/hadoop-ozone/integration-test/target/test-dir/MiniOzoneClusterImpl-7befb19c-4ec9-4b73-94e9-5feb4aa859dd/datanode-3/data-0/containers/hdds to VolumeSet
2020-11-27 01:37:26,888 [Listener at 127.0.0.1/40963] INFO  volume.ThrottledAsyncChecker (ThrottledAsyncChecker.java:schedule(141)) - Scheduling a check for /github/workspace/mnt/ozone/hadoop-ozone/integration-test/target/test-dir/MiniOzoneClusterImpl-7befb19c-4ec9-4b73-94e9-5feb4aa859dd/datanode-3/data-0/containers/hdds
2020-11-27 01:37:26,889 [Listener at 127.0.0.1/40963] INFO  volume.HddsVolumeChecker (HddsVolumeChecker.java:checkAllVolumes(200)) - Scheduled health check for volume /github/workspace/mnt/ozone/hadoop-ozone/integration-test/target/test-dir/MiniOzoneClusterImpl-7befb19c-4ec9-4b73-94e9-5feb4aa859dd/datanode-3/data-0/containers/hdds
2020-11-27 01:37:26,904 [org.apache.hadoop.util.JvmPauseMonitor$Monitor@1c8cd5cd] INFO  util.JvmPauseMonitor (JvmPauseMonitor.java:run(188)) - Starting JVM pause monitor
2020-11-27 01:37:26,905 [Thread-2497] INFO  ozoneimpl.ContainerReader (ContainerReader.java:readVolume(123)) - Start to verify containers on volume /github/workspace/mnt/ozone/hadoop-ozone/integration-test/target/test-dir/MiniOzoneClusterImpl-7befb19c-4ec9-4b73-94e9-5feb4aa859dd/datanode-3/data-0/containers/hdds
2020-11-27 01:37:26,905 [Thread-2497] INFO  ozoneimpl.ContainerReader (ContainerReader.java:readVolume(148)) - Finish verifying containers on volume /github/workspace/mnt/ozone/hadoop-ozone/integration-test/target/test-dir/MiniOzoneClusterImpl-7befb19c-4ec9-4b73-94e9-5feb4aa859dd/datanode-3/data-0/containers/hdds
2020-11-27 01:37:26,905 [Listener at 127.0.0.1/40963] INFO  ozoneimpl.OzoneContainer (OzoneContainer.java:buildContainerSet(194)) - Build ContainerSet costs 0s
2020-11-27 01:37:26,907 [Listener at 127.0.0.1/40963] INFO  impl.RaftServerProxy (ConfUtils.java:logGet(44)) - raft.rpc.type = GRPC (default)
2020-11-27 01:37:26,907 [Listener at 127.0.0.1/40963] INFO  grpc.GrpcFactory (GrpcFactory.java:checkPooledByteBufAllocatorUseCacheForAllThreads(45)) - PERFORMANCE WARNING: useCacheForAllThreads is true that may cause Netty to create a lot garbage objects and, as a result, trigger GC.
	It is recommended to disable useCacheForAllThreads by setting -Dorg.apache.ratis.thirdparty.io.netty.allocator.useCacheForAllThreads=false in command line.
2020-11-27 01:37:26,907 [Listener at 127.0.0.1/40963] INFO  grpc.GrpcConfigKeys (ConfUtils.java:logGet(44)) - raft.grpc.server.port = 0 (default)
2020-11-27 01:37:26,907 [Listener at 127.0.0.1/40963] INFO  server.GrpcService (ConfUtils.java:logGet(44)) - raft.grpc.message.size.max = 32MB (=33554432) (custom)
2020-11-27 01:37:26,907 [Listener at 127.0.0.1/40963] INFO  server.RaftServerConfigKeys (ConfUtils.java:logGet(44)) - raft.server.log.appender.buffer.byte-limit = 33554432 (custom)
2020-11-27 01:37:26,907 [Listener at 127.0.0.1/40963] INFO  server.GrpcService (ConfUtils.java:logGet(44)) - raft.grpc.flow.control.window = 5MB (=5242880) (custom)
2020-11-27 01:37:26,907 [Listener at 127.0.0.1/40963] INFO  server.RaftServerConfigKeys (ConfUtils.java:logGet(44)) - raft.server.rpc.request.timeout = 3000ms (default)
2020-11-27 01:37:26,908 [Listener at 127.0.0.1/40963] INFO  impl.DataStreamServerImpl (ConfUtils.java:logGet(44)) - raft.datastream.type = DISABLED (default)
2020-11-27 01:37:26,908 [Listener at 127.0.0.1/40963] INFO  server.RaftServerConfigKeys (ConfUtils.java:logGet(44)) - raft.server.storage.dir = [/github/workspace/mnt/ozone/hadoop-ozone/integration-test/target/test-dir/MiniOzoneClusterImpl-7befb19c-4ec9-4b73-94e9-5feb4aa859dd/datanode-3/data/ratis] (custom)
2020-11-27 01:37:26,911 [Datanode State Machine Task Thread - 0] INFO  datanode.InitDatanodeState (InitDatanodeState.java:persistContainerDatanodeDetails(145)) - DatanodeDetails is persisted to /github/workspace/mnt/ozone/hadoop-ozone/integration-test/target/test-dir/MiniOzoneClusterImpl-7befb19c-4ec9-4b73-94e9-5feb4aa859dd/datanode-2/meta/datanode.id
2020-11-27 01:37:26,912 [Listener at 127.0.0.1/40963] INFO  http.BaseHttpServer (BaseHttpServer.java:newHttpServer2BuilderForOzone(207)) - Starting Web-server for hddsDatanode at: http://0.0.0.0:0
2020-11-27 01:37:26,913 [Listener at 127.0.0.1/40963] INFO  http.BaseHttpServer (BaseHttpServer.java:<init>(106)) - Hadoop Security Enabled: false Ozone Security Enabled: false Ozone HTTP Security Enabled: false 
2020-11-27 01:37:26,913 [Listener at 127.0.0.1/40963] INFO  server.AuthenticationFilter (AuthenticationFilter.java:constructSecretProvider(240)) - Unable to initialize FileSignerSecretProvider, falling back to use random secrets.
2020-11-27 01:37:26,914 [Listener at 127.0.0.1/40963] WARN  http.HttpRequestLog (HttpRequestLog.java:getRequestLog(103)) - Jetty request log can only be enabled using Log4j
2020-11-27 01:37:26,914 [Listener at 127.0.0.1/40963] INFO  http.HttpServer2 (HttpServer2.java:addGlobalFilter(1019)) - Added global filter 'safety' (class=org.apache.hadoop.hdds.server.http.HttpServer2$QuotingInputFilter)
2020-11-27 01:37:26,915 [Listener at 127.0.0.1/40963] INFO  http.HttpServer2 (HttpServer2.java:addFilter(995)) - Added filter static_user_filter (class=org.apache.hadoop.http.lib.StaticUserWebFilter$StaticUserFilter) to context hddsDatanode
2020-11-27 01:37:26,915 [Listener at 127.0.0.1/40963] INFO  http.HttpServer2 (HttpServer2.java:addFilter(1003)) - Added filter static_user_filter (class=org.apache.hadoop.http.lib.StaticUserWebFilter$StaticUserFilter) to context static
2020-11-27 01:37:26,915 [Listener at 127.0.0.1/40963] INFO  http.HttpServer2 (HttpServer2.java:addFilter(1003)) - Added filter static_user_filter (class=org.apache.hadoop.http.lib.StaticUserWebFilter$StaticUserFilter) to context logs
2020-11-27 01:37:26,915 [Listener at 127.0.0.1/40963] INFO  http.HttpServer2 (HttpServer2.java:bindListener(1237)) - Jetty bound to port 44785
2020-11-27 01:37:26,915 [Listener at 127.0.0.1/40963] INFO  server.Server (Server.java:doStart(375)) - jetty-9.4.34.v20201102; built: 2020-11-02T14:15:39.302Z; git: e46af88704a893fc12cb0e3bf46e2c7b48a009e7; jvm 1.8.0_232-b09
2020-11-27 01:37:26,917 [Listener at 127.0.0.1/40963] INFO  server.session (DefaultSessionIdManager.java:doStart(334)) - DefaultSessionIdManager workerName=node0
2020-11-27 01:37:26,917 [Listener at 127.0.0.1/40963] INFO  server.session (DefaultSessionIdManager.java:doStart(339)) - No SessionScavenger set, using defaults
2020-11-27 01:37:26,917 [Listener at 127.0.0.1/40963] INFO  server.session (HouseKeeper.java:startScavenging(132)) - node0 Scavenging every 600000ms
2020-11-27 01:37:26,918 [Listener at 127.0.0.1/40963] INFO  handler.ContextHandler (ContextHandler.java:doStart(916)) - Started o.e.j.s.ServletContextHandler@335493c9{logs,/logs,file:///github/workspace/mnt/ozone/hadoop-ozone/integration-test/target/log,AVAILABLE}
2020-11-27 01:37:26,918 [Listener at 127.0.0.1/40963] INFO  handler.ContextHandler (ContextHandler.java:doStart(916)) - Started o.e.j.s.ServletContextHandler@2a3eb0db{static,/static,jar:file:/home/user/.m2/repository/org/apache/hadoop/hadoop-hdds-container-service/1.1.0-SNAPSHOT/hadoop-hdds-container-service-1.1.0-SNAPSHOT.jar!/webapps/static,AVAILABLE}
2020-11-27 01:37:27,073 [Listener at 127.0.0.1/40963] INFO  handler.ContextHandler (ContextHandler.java:doStart(916)) - Started o.e.j.w.WebAppContext@2684b808{hddsDatanode,/,file:///tmp/jetty-0_0_0_0-44785-hadoop-hdds-container-service-1_1_0-SNAPSHOT_jar-_-any-4623521846670816552/webapp/,AVAILABLE}{jar:file:/home/user/.m2/repository/org/apache/hadoop/hadoop-hdds-container-service/1.1.0-SNAPSHOT/hadoop-hdds-container-service-1.1.0-SNAPSHOT.jar!/webapps/hddsDatanode}
2020-11-27 01:37:27,074 [Listener at 127.0.0.1/40963] INFO  server.AbstractConnector (AbstractConnector.java:doStart(331)) - Started ServerConnector@169e55b9{HTTP/1.1, (http/1.1)}{0.0.0.0:44785}
2020-11-27 01:37:27,074 [Listener at 127.0.0.1/40963] INFO  server.Server (Server.java:doStart(415)) - Started @294165ms
2020-11-27 01:37:27,074 [Listener at 127.0.0.1/40963] WARN  impl.MetricsSystemImpl (MetricsSystemImpl.java:register(276)) - Sink prometheus already exists!
2020-11-27 01:37:27,083 [Listener at 127.0.0.1/40963] INFO  http.BaseHttpServer (BaseHttpServer.java:updateConnectorAddress(327)) - HTTP server of hddsDatanode listening at http://0.0.0.0:44785
2020-11-27 01:37:27,084 [Listener at 127.0.0.1/40963] INFO  impl.MetricsSystemImpl (MetricsSystemImpl.java:init(158)) - HddsDatanode metrics system started (again)
2020-11-27 01:37:27,086 [Listener at 127.0.0.1/40963] INFO  ozone.HddsDatanodeService (HddsDatanodeService.java:start(217)) - HddsDatanodeService host:3bf31645156d ip:172.17.0.2
2020-11-27 01:37:27,087 [Listener at 127.0.0.1/40963] INFO  volume.HddsVolume (HddsVolume.java:<init>(176)) - Creating Volume: /github/workspace/mnt/ozone/hadoop-ozone/integration-test/target/test-dir/MiniOzoneClusterImpl-7befb19c-4ec9-4b73-94e9-5feb4aa859dd/datanode-4/data-0/containers/hdds of storage type : DISK and capacity : 9223372036854775807
2020-11-27 01:37:27,088 [Listener at 127.0.0.1/40963] INFO  volume.MutableVolumeSet (MutableVolumeSet.java:initializeVolumeSet(179)) - Added Volume : /github/workspace/mnt/ozone/hadoop-ozone/integration-test/target/test-dir/MiniOzoneClusterImpl-7befb19c-4ec9-4b73-94e9-5feb4aa859dd/datanode-4/data-0/containers/hdds to VolumeSet
2020-11-27 01:37:27,088 [Listener at 127.0.0.1/40963] INFO  volume.ThrottledAsyncChecker (ThrottledAsyncChecker.java:schedule(141)) - Scheduling a check for /github/workspace/mnt/ozone/hadoop-ozone/integration-test/target/test-dir/MiniOzoneClusterImpl-7befb19c-4ec9-4b73-94e9-5feb4aa859dd/datanode-4/data-0/containers/hdds
2020-11-27 01:37:27,100 [org.apache.hadoop.util.JvmPauseMonitor$Monitor@5b4171a5] INFO  util.JvmPauseMonitor (JvmPauseMonitor.java:run(188)) - Starting JVM pause monitor
2020-11-27 01:37:27,101 [Datanode State Machine Task Thread - 0] INFO  datanode.InitDatanodeState (InitDatanodeState.java:persistContainerDatanodeDetails(145)) - DatanodeDetails is persisted to /github/workspace/mnt/ozone/hadoop-ozone/integration-test/target/test-dir/MiniOzoneClusterImpl-7befb19c-4ec9-4b73-94e9-5feb4aa859dd/datanode-3/meta/datanode.id
2020-11-27 01:37:27,102 [Listener at 127.0.0.1/40963] INFO  volume.HddsVolumeChecker (HddsVolumeChecker.java:checkAllVolumes(200)) - Scheduled health check for volume /github/workspace/mnt/ozone/hadoop-ozone/integration-test/target/test-dir/MiniOzoneClusterImpl-7befb19c-4ec9-4b73-94e9-5feb4aa859dd/datanode-4/data-0/containers/hdds
2020-11-27 01:37:27,115 [Thread-2508] INFO  ozoneimpl.ContainerReader (ContainerReader.java:readVolume(123)) - Start to verify containers on volume /github/workspace/mnt/ozone/hadoop-ozone/integration-test/target/test-dir/MiniOzoneClusterImpl-7befb19c-4ec9-4b73-94e9-5feb4aa859dd/datanode-4/data-0/containers/hdds
2020-11-27 01:37:27,115 [Thread-2508] INFO  ozoneimpl.ContainerReader (ContainerReader.java:readVolume(148)) - Finish verifying containers on volume /github/workspace/mnt/ozone/hadoop-ozone/integration-test/target/test-dir/MiniOzoneClusterImpl-7befb19c-4ec9-4b73-94e9-5feb4aa859dd/datanode-4/data-0/containers/hdds
2020-11-27 01:37:27,115 [Listener at 127.0.0.1/40963] INFO  ozoneimpl.OzoneContainer (OzoneContainer.java:buildContainerSet(194)) - Build ContainerSet costs 0s
2020-11-27 01:37:27,117 [Listener at 127.0.0.1/40963] INFO  impl.RaftServerProxy (ConfUtils.java:logGet(44)) - raft.rpc.type = GRPC (default)
2020-11-27 01:37:27,117 [Listener at 127.0.0.1/40963] INFO  grpc.GrpcFactory (GrpcFactory.java:checkPooledByteBufAllocatorUseCacheForAllThreads(45)) - PERFORMANCE WARNING: useCacheForAllThreads is true that may cause Netty to create a lot garbage objects and, as a result, trigger GC.
	It is recommended to disable useCacheForAllThreads by setting -Dorg.apache.ratis.thirdparty.io.netty.allocator.useCacheForAllThreads=false in command line.
2020-11-27 01:37:27,117 [Listener at 127.0.0.1/40963] INFO  grpc.GrpcConfigKeys (ConfUtils.java:logGet(44)) - raft.grpc.server.port = 0 (default)
2020-11-27 01:37:27,117 [Listener at 127.0.0.1/40963] INFO  server.GrpcService (ConfUtils.java:logGet(44)) - raft.grpc.message.size.max = 32MB (=33554432) (custom)
2020-11-27 01:37:27,117 [Listener at 127.0.0.1/40963] INFO  server.RaftServerConfigKeys (ConfUtils.java:logGet(44)) - raft.server.log.appender.buffer.byte-limit = 33554432 (custom)
2020-11-27 01:37:27,117 [Listener at 127.0.0.1/40963] INFO  server.GrpcService (ConfUtils.java:logGet(44)) - raft.grpc.flow.control.window = 5MB (=5242880) (custom)
2020-11-27 01:37:27,117 [Listener at 127.0.0.1/40963] INFO  server.RaftServerConfigKeys (ConfUtils.java:logGet(44)) - raft.server.rpc.request.timeout = 3000ms (default)
2020-11-27 01:37:27,118 [Listener at 127.0.0.1/40963] INFO  impl.DataStreamServerImpl (ConfUtils.java:logGet(44)) - raft.datastream.type = DISABLED (default)
2020-11-27 01:37:27,118 [Listener at 127.0.0.1/40963] INFO  server.RaftServerConfigKeys (ConfUtils.java:logGet(44)) - raft.server.storage.dir = [/github/workspace/mnt/ozone/hadoop-ozone/integration-test/target/test-dir/MiniOzoneClusterImpl-7befb19c-4ec9-4b73-94e9-5feb4aa859dd/datanode-4/data/ratis] (custom)
2020-11-27 01:37:27,122 [Listener at 127.0.0.1/40963] INFO  http.BaseHttpServer (BaseHttpServer.java:newHttpServer2BuilderForOzone(207)) - Starting Web-server for hddsDatanode at: http://0.0.0.0:0
2020-11-27 01:37:27,123 [Listener at 127.0.0.1/40963] INFO  http.BaseHttpServer (BaseHttpServer.java:<init>(106)) - Hadoop Security Enabled: false Ozone Security Enabled: false Ozone HTTP Security Enabled: false 
2020-11-27 01:37:27,123 [Listener at 127.0.0.1/40963] INFO  server.AuthenticationFilter (AuthenticationFilter.java:constructSecretProvider(240)) - Unable to initialize FileSignerSecretProvider, falling back to use random secrets.
2020-11-27 01:37:27,124 [Listener at 127.0.0.1/40963] WARN  http.HttpRequestLog (HttpRequestLog.java:getRequestLog(103)) - Jetty request log can only be enabled using Log4j
2020-11-27 01:37:27,124 [Listener at 127.0.0.1/40963] INFO  http.HttpServer2 (HttpServer2.java:addGlobalFilter(1019)) - Added global filter 'safety' (class=org.apache.hadoop.hdds.server.http.HttpServer2$QuotingInputFilter)
2020-11-27 01:37:27,125 [Listener at 127.0.0.1/40963] INFO  http.HttpServer2 (HttpServer2.java:addFilter(995)) - Added filter static_user_filter (class=org.apache.hadoop.http.lib.StaticUserWebFilter$StaticUserFilter) to context hddsDatanode
2020-11-27 01:37:27,125 [Listener at 127.0.0.1/40963] INFO  http.HttpServer2 (HttpServer2.java:addFilter(1003)) - Added filter static_user_filter (class=org.apache.hadoop.http.lib.StaticUserWebFilter$StaticUserFilter) to context static
2020-11-27 01:37:27,125 [Listener at 127.0.0.1/40963] INFO  http.HttpServer2 (HttpServer2.java:addFilter(1003)) - Added filter static_user_filter (class=org.apache.hadoop.http.lib.StaticUserWebFilter$StaticUserFilter) to context logs
2020-11-27 01:37:27,125 [Listener at 127.0.0.1/40963] INFO  http.HttpServer2 (HttpServer2.java:bindListener(1237)) - Jetty bound to port 45007
2020-11-27 01:37:27,125 [Listener at 127.0.0.1/40963] INFO  server.Server (Server.java:doStart(375)) - jetty-9.4.34.v20201102; built: 2020-11-02T14:15:39.302Z; git: e46af88704a893fc12cb0e3bf46e2c7b48a009e7; jvm 1.8.0_232-b09
2020-11-27 01:37:27,127 [Listener at 127.0.0.1/40963] INFO  server.session (DefaultSessionIdManager.java:doStart(334)) - DefaultSessionIdManager workerName=node0
2020-11-27 01:37:27,127 [Listener at 127.0.0.1/40963] INFO  server.session (DefaultSessionIdManager.java:doStart(339)) - No SessionScavenger set, using defaults
2020-11-27 01:37:27,127 [Listener at 127.0.0.1/40963] INFO  server.session (HouseKeeper.java:startScavenging(132)) - node0 Scavenging every 600000ms
2020-11-27 01:37:27,128 [Listener at 127.0.0.1/40963] INFO  handler.ContextHandler (ContextHandler.java:doStart(916)) - Started o.e.j.s.ServletContextHandler@7816ddea{logs,/logs,file:///github/workspace/mnt/ozone/hadoop-ozone/integration-test/target/log,AVAILABLE}
2020-11-27 01:37:27,128 [Listener at 127.0.0.1/40963] INFO  handler.ContextHandler (ContextHandler.java:doStart(916)) - Started o.e.j.s.ServletContextHandler@4830ada5{static,/static,jar:file:/home/user/.m2/repository/org/apache/hadoop/hadoop-hdds-container-service/1.1.0-SNAPSHOT/hadoop-hdds-container-service-1.1.0-SNAPSHOT.jar!/webapps/static,AVAILABLE}
2020-11-27 01:37:27,283 [Listener at 127.0.0.1/40963] INFO  handler.ContextHandler (ContextHandler.java:doStart(916)) - Started o.e.j.w.WebAppContext@3e95a9b4{hddsDatanode,/,file:///tmp/jetty-0_0_0_0-45007-hadoop-hdds-container-service-1_1_0-SNAPSHOT_jar-_-any-3674390213401942272/webapp/,AVAILABLE}{jar:file:/home/user/.m2/repository/org/apache/hadoop/hadoop-hdds-container-service/1.1.0-SNAPSHOT/hadoop-hdds-container-service-1.1.0-SNAPSHOT.jar!/webapps/hddsDatanode}
2020-11-27 01:37:27,285 [Listener at 127.0.0.1/40963] INFO  server.AbstractConnector (AbstractConnector.java:doStart(331)) - Started ServerConnector@a5b518f{HTTP/1.1, (http/1.1)}{0.0.0.0:45007}
2020-11-27 01:37:27,285 [Listener at 127.0.0.1/40963] INFO  server.Server (Server.java:doStart(415)) - Started @294376ms
2020-11-27 01:37:27,285 [Listener at 127.0.0.1/40963] WARN  impl.MetricsSystemImpl (MetricsSystemImpl.java:register(276)) - Sink prometheus already exists!
2020-11-27 01:37:27,288 [Listener at 127.0.0.1/40963] INFO  http.BaseHttpServer (BaseHttpServer.java:updateConnectorAddress(327)) - HTTP server of hddsDatanode listening at http://0.0.0.0:45007
2020-11-27 01:37:27,290 [Listener at 127.0.0.1/40963] INFO  impl.MetricsSystemImpl (MetricsSystemImpl.java:init(158)) - HddsDatanode metrics system started (again)
2020-11-27 01:37:27,291 [Listener at 127.0.0.1/40963] INFO  ozone.HddsDatanodeService (HddsDatanodeService.java:start(217)) - HddsDatanodeService host:3bf31645156d ip:172.17.0.2
2020-11-27 01:37:27,301 [Listener at 127.0.0.1/40963] INFO  volume.HddsVolume (HddsVolume.java:<init>(176)) - Creating Volume: /github/workspace/mnt/ozone/hadoop-ozone/integration-test/target/test-dir/MiniOzoneClusterImpl-7befb19c-4ec9-4b73-94e9-5feb4aa859dd/datanode-5/data-0/containers/hdds of storage type : DISK and capacity : 9223372036854775807
2020-11-27 01:37:27,301 [Listener at 127.0.0.1/40963] INFO  volume.MutableVolumeSet (MutableVolumeSet.java:initializeVolumeSet(179)) - Added Volume : /github/workspace/mnt/ozone/hadoop-ozone/integration-test/target/test-dir/MiniOzoneClusterImpl-7befb19c-4ec9-4b73-94e9-5feb4aa859dd/datanode-5/data-0/containers/hdds to VolumeSet
2020-11-27 01:37:27,301 [Listener at 127.0.0.1/40963] INFO  volume.ThrottledAsyncChecker (ThrottledAsyncChecker.java:schedule(141)) - Scheduling a check for /github/workspace/mnt/ozone/hadoop-ozone/integration-test/target/test-dir/MiniOzoneClusterImpl-7befb19c-4ec9-4b73-94e9-5feb4aa859dd/datanode-5/data-0/containers/hdds
2020-11-27 01:37:27,304 [Listener at 127.0.0.1/40963] INFO  volume.HddsVolumeChecker (HddsVolumeChecker.java:checkAllVolumes(200)) - Scheduled health check for volume /github/workspace/mnt/ozone/hadoop-ozone/integration-test/target/test-dir/MiniOzoneClusterImpl-7befb19c-4ec9-4b73-94e9-5feb4aa859dd/datanode-5/data-0/containers/hdds
2020-11-27 01:37:27,321 [Thread-2517] INFO  ozoneimpl.ContainerReader (ContainerReader.java:readVolume(123)) - Start to verify containers on volume /github/workspace/mnt/ozone/hadoop-ozone/integration-test/target/test-dir/MiniOzoneClusterImpl-7befb19c-4ec9-4b73-94e9-5feb4aa859dd/datanode-5/data-0/containers/hdds
2020-11-27 01:37:27,321 [Thread-2517] INFO  ozoneimpl.ContainerReader (ContainerReader.java:readVolume(148)) - Finish verifying containers on volume /github/workspace/mnt/ozone/hadoop-ozone/integration-test/target/test-dir/MiniOzoneClusterImpl-7befb19c-4ec9-4b73-94e9-5feb4aa859dd/datanode-5/data-0/containers/hdds
2020-11-27 01:37:27,321 [Listener at 127.0.0.1/40963] INFO  ozoneimpl.OzoneContainer (OzoneContainer.java:buildContainerSet(194)) - Build ContainerSet costs 0s
2020-11-27 01:37:27,322 [org.apache.hadoop.util.JvmPauseMonitor$Monitor@a40014a] INFO  util.JvmPauseMonitor (JvmPauseMonitor.java:run(188)) - Starting JVM pause monitor
2020-11-27 01:37:27,323 [Datanode State Machine Task Thread - 0] INFO  datanode.InitDatanodeState (InitDatanodeState.java:persistContainerDatanodeDetails(145)) - DatanodeDetails is persisted to /github/workspace/mnt/ozone/hadoop-ozone/integration-test/target/test-dir/MiniOzoneClusterImpl-7befb19c-4ec9-4b73-94e9-5feb4aa859dd/datanode-4/meta/datanode.id
2020-11-27 01:37:27,323 [Listener at 127.0.0.1/40963] INFO  impl.RaftServerProxy (ConfUtils.java:logGet(44)) - raft.rpc.type = GRPC (default)
2020-11-27 01:37:27,323 [Listener at 127.0.0.1/40963] INFO  grpc.GrpcFactory (GrpcFactory.java:checkPooledByteBufAllocatorUseCacheForAllThreads(45)) - PERFORMANCE WARNING: useCacheForAllThreads is true that may cause Netty to create a lot garbage objects and, as a result, trigger GC.
	It is recommended to disable useCacheForAllThreads by setting -Dorg.apache.ratis.thirdparty.io.netty.allocator.useCacheForAllThreads=false in command line.
2020-11-27 01:37:27,323 [Listener at 127.0.0.1/40963] INFO  grpc.GrpcConfigKeys (ConfUtils.java:logGet(44)) - raft.grpc.server.port = 0 (default)
2020-11-27 01:37:27,323 [Listener at 127.0.0.1/40963] INFO  server.GrpcService (ConfUtils.java:logGet(44)) - raft.grpc.message.size.max = 32MB (=33554432) (custom)
2020-11-27 01:37:27,323 [Listener at 127.0.0.1/40963] INFO  server.RaftServerConfigKeys (ConfUtils.java:logGet(44)) - raft.server.log.appender.buffer.byte-limit = 33554432 (custom)
2020-11-27 01:37:27,323 [Listener at 127.0.0.1/40963] INFO  server.GrpcService (ConfUtils.java:logGet(44)) - raft.grpc.flow.control.window = 5MB (=5242880) (custom)
2020-11-27 01:37:27,323 [Listener at 127.0.0.1/40963] INFO  server.RaftServerConfigKeys (ConfUtils.java:logGet(44)) - raft.server.rpc.request.timeout = 3000ms (default)
2020-11-27 01:37:27,324 [Listener at 127.0.0.1/40963] INFO  impl.DataStreamServerImpl (ConfUtils.java:logGet(44)) - raft.datastream.type = DISABLED (default)
2020-11-27 01:37:27,324 [Listener at 127.0.0.1/40963] INFO  server.RaftServerConfigKeys (ConfUtils.java:logGet(44)) - raft.server.storage.dir = [/github/workspace/mnt/ozone/hadoop-ozone/integration-test/target/test-dir/MiniOzoneClusterImpl-7befb19c-4ec9-4b73-94e9-5feb4aa859dd/datanode-5/data/ratis] (custom)
2020-11-27 01:37:27,332 [Listener at 127.0.0.1/40963] INFO  http.BaseHttpServer (BaseHttpServer.java:newHttpServer2BuilderForOzone(207)) - Starting Web-server for hddsDatanode at: http://0.0.0.0:0
2020-11-27 01:37:27,332 [Listener at 127.0.0.1/40963] INFO  http.BaseHttpServer (BaseHttpServer.java:<init>(106)) - Hadoop Security Enabled: false Ozone Security Enabled: false Ozone HTTP Security Enabled: false 
2020-11-27 01:37:27,333 [Listener at 127.0.0.1/40963] INFO  server.AuthenticationFilter (AuthenticationFilter.java:constructSecretProvider(240)) - Unable to initialize FileSignerSecretProvider, falling back to use random secrets.
2020-11-27 01:37:27,333 [Listener at 127.0.0.1/40963] WARN  http.HttpRequestLog (HttpRequestLog.java:getRequestLog(103)) - Jetty request log can only be enabled using Log4j
2020-11-27 01:37:27,334 [Listener at 127.0.0.1/40963] INFO  http.HttpServer2 (HttpServer2.java:addGlobalFilter(1019)) - Added global filter 'safety' (class=org.apache.hadoop.hdds.server.http.HttpServer2$QuotingInputFilter)
2020-11-27 01:37:27,334 [Listener at 127.0.0.1/40963] INFO  http.HttpServer2 (HttpServer2.java:addFilter(995)) - Added filter static_user_filter (class=org.apache.hadoop.http.lib.StaticUserWebFilter$StaticUserFilter) to context hddsDatanode
2020-11-27 01:37:27,335 [Listener at 127.0.0.1/40963] INFO  http.HttpServer2 (HttpServer2.java:addFilter(1003)) - Added filter static_user_filter (class=org.apache.hadoop.http.lib.StaticUserWebFilter$StaticUserFilter) to context logs
2020-11-27 01:37:27,335 [Listener at 127.0.0.1/40963] INFO  http.HttpServer2 (HttpServer2.java:addFilter(1003)) - Added filter static_user_filter (class=org.apache.hadoop.http.lib.StaticUserWebFilter$StaticUserFilter) to context static
2020-11-27 01:37:27,335 [Listener at 127.0.0.1/40963] INFO  http.HttpServer2 (HttpServer2.java:bindListener(1237)) - Jetty bound to port 46101
2020-11-27 01:37:27,335 [Listener at 127.0.0.1/40963] INFO  server.Server (Server.java:doStart(375)) - jetty-9.4.34.v20201102; built: 2020-11-02T14:15:39.302Z; git: e46af88704a893fc12cb0e3bf46e2c7b48a009e7; jvm 1.8.0_232-b09
2020-11-27 01:37:27,336 [Listener at 127.0.0.1/40963] INFO  server.session (DefaultSessionIdManager.java:doStart(334)) - DefaultSessionIdManager workerName=node0
2020-11-27 01:37:27,336 [Listener at 127.0.0.1/40963] INFO  server.session (DefaultSessionIdManager.java:doStart(339)) - No SessionScavenger set, using defaults
2020-11-27 01:37:27,337 [Listener at 127.0.0.1/40963] INFO  server.session (HouseKeeper.java:startScavenging(132)) - node0 Scavenging every 660000ms
2020-11-27 01:37:27,337 [Listener at 127.0.0.1/40963] INFO  handler.ContextHandler (ContextHandler.java:doStart(916)) - Started o.e.j.s.ServletContextHandler@15ff2d2b{logs,/logs,file:///github/workspace/mnt/ozone/hadoop-ozone/integration-test/target/log,AVAILABLE}
2020-11-27 01:37:27,337 [Listener at 127.0.0.1/40963] INFO  handler.ContextHandler (ContextHandler.java:doStart(916)) - Started o.e.j.s.ServletContextHandler@3bd5eaf0{static,/static,jar:file:/home/user/.m2/repository/org/apache/hadoop/hadoop-hdds-container-service/1.1.0-SNAPSHOT/hadoop-hdds-container-service-1.1.0-SNAPSHOT.jar!/webapps/static,AVAILABLE}
2020-11-27 01:37:27,488 [Listener at 127.0.0.1/40963] INFO  handler.ContextHandler (ContextHandler.java:doStart(916)) - Started o.e.j.w.WebAppContext@7cf5218{hddsDatanode,/,file:///tmp/jetty-0_0_0_0-46101-hadoop-hdds-container-service-1_1_0-SNAPSHOT_jar-_-any-9133512478654186046/webapp/,AVAILABLE}{jar:file:/home/user/.m2/repository/org/apache/hadoop/hadoop-hdds-container-service/1.1.0-SNAPSHOT/hadoop-hdds-container-service-1.1.0-SNAPSHOT.jar!/webapps/hddsDatanode}
2020-11-27 01:37:27,490 [Listener at 127.0.0.1/40963] INFO  server.AbstractConnector (AbstractConnector.java:doStart(331)) - Started ServerConnector@3df18e8d{HTTP/1.1, (http/1.1)}{0.0.0.0:46101}
2020-11-27 01:37:27,490 [Listener at 127.0.0.1/40963] INFO  server.Server (Server.java:doStart(415)) - Started @294581ms
2020-11-27 01:37:27,490 [Listener at 127.0.0.1/40963] WARN  impl.MetricsSystemImpl (MetricsSystemImpl.java:register(276)) - Sink prometheus already exists!
2020-11-27 01:37:27,493 [Listener at 127.0.0.1/40963] INFO  http.BaseHttpServer (BaseHttpServer.java:updateConnectorAddress(327)) - HTTP server of hddsDatanode listening at http://0.0.0.0:46101
2020-11-27 01:37:27,494 [Listener at 127.0.0.1/40963] INFO  impl.MetricsSystemImpl (MetricsSystemImpl.java:init(158)) - HddsDatanode metrics system started (again)
2020-11-27 01:37:27,497 [Listener at 127.0.0.1/40963] INFO  ozone.HddsDatanodeService (HddsDatanodeService.java:start(217)) - HddsDatanodeService host:3bf31645156d ip:172.17.0.2
2020-11-27 01:37:27,500 [org.apache.hadoop.util.JvmPauseMonitor$Monitor@7ddc7f3] INFO  util.JvmPauseMonitor (JvmPauseMonitor.java:run(188)) - Starting JVM pause monitor
2020-11-27 01:37:27,501 [Datanode State Machine Task Thread - 0] INFO  datanode.InitDatanodeState (InitDatanodeState.java:persistContainerDatanodeDetails(145)) - DatanodeDetails is persisted to /github/workspace/mnt/ozone/hadoop-ozone/integration-test/target/test-dir/MiniOzoneClusterImpl-7befb19c-4ec9-4b73-94e9-5feb4aa859dd/datanode-5/meta/datanode.id
2020-11-27 01:37:27,502 [Listener at 127.0.0.1/40963] INFO  volume.HddsVolume (HddsVolume.java:<init>(176)) - Creating Volume: /github/workspace/mnt/ozone/hadoop-ozone/integration-test/target/test-dir/MiniOzoneClusterImpl-7befb19c-4ec9-4b73-94e9-5feb4aa859dd/datanode-6/data-0/containers/hdds of storage type : DISK and capacity : 9223372036854775807
2020-11-27 01:37:27,502 [Listener at 127.0.0.1/40963] INFO  volume.MutableVolumeSet (MutableVolumeSet.java:initializeVolumeSet(179)) - Added Volume : /github/workspace/mnt/ozone/hadoop-ozone/integration-test/target/test-dir/MiniOzoneClusterImpl-7befb19c-4ec9-4b73-94e9-5feb4aa859dd/datanode-6/data-0/containers/hdds to VolumeSet
2020-11-27 01:37:27,502 [Listener at 127.0.0.1/40963] INFO  volume.ThrottledAsyncChecker (ThrottledAsyncChecker.java:schedule(141)) - Scheduling a check for /github/workspace/mnt/ozone/hadoop-ozone/integration-test/target/test-dir/MiniOzoneClusterImpl-7befb19c-4ec9-4b73-94e9-5feb4aa859dd/datanode-6/data-0/containers/hdds
2020-11-27 01:37:27,503 [Listener at 127.0.0.1/40963] INFO  volume.HddsVolumeChecker (HddsVolumeChecker.java:checkAllVolumes(200)) - Scheduled health check for volume /github/workspace/mnt/ozone/hadoop-ozone/integration-test/target/test-dir/MiniOzoneClusterImpl-7befb19c-4ec9-4b73-94e9-5feb4aa859dd/datanode-6/data-0/containers/hdds
2020-11-27 01:37:27,516 [Thread-2530] INFO  ozoneimpl.ContainerReader (ContainerReader.java:readVolume(123)) - Start to verify containers on volume /github/workspace/mnt/ozone/hadoop-ozone/integration-test/target/test-dir/MiniOzoneClusterImpl-7befb19c-4ec9-4b73-94e9-5feb4aa859dd/datanode-6/data-0/containers/hdds
2020-11-27 01:37:27,517 [Thread-2530] INFO  ozoneimpl.ContainerReader (ContainerReader.java:readVolume(148)) - Finish verifying containers on volume /github/workspace/mnt/ozone/hadoop-ozone/integration-test/target/test-dir/MiniOzoneClusterImpl-7befb19c-4ec9-4b73-94e9-5feb4aa859dd/datanode-6/data-0/containers/hdds
2020-11-27 01:37:27,517 [Listener at 127.0.0.1/40963] INFO  ozoneimpl.OzoneContainer (OzoneContainer.java:buildContainerSet(194)) - Build ContainerSet costs 0s
2020-11-27 01:37:27,518 [Listener at 127.0.0.1/40963] INFO  impl.RaftServerProxy (ConfUtils.java:logGet(44)) - raft.rpc.type = GRPC (default)
2020-11-27 01:37:27,518 [Listener at 127.0.0.1/40963] INFO  grpc.GrpcFactory (GrpcFactory.java:checkPooledByteBufAllocatorUseCacheForAllThreads(45)) - PERFORMANCE WARNING: useCacheForAllThreads is true that may cause Netty to create a lot garbage objects and, as a result, trigger GC.
	It is recommended to disable useCacheForAllThreads by setting -Dorg.apache.ratis.thirdparty.io.netty.allocator.useCacheForAllThreads=false in command line.
2020-11-27 01:37:27,518 [Listener at 127.0.0.1/40963] INFO  grpc.GrpcConfigKeys (ConfUtils.java:logGet(44)) - raft.grpc.server.port = 0 (default)
2020-11-27 01:37:27,518 [Listener at 127.0.0.1/40963] INFO  server.GrpcService (ConfUtils.java:logGet(44)) - raft.grpc.message.size.max = 32MB (=33554432) (custom)
2020-11-27 01:37:27,518 [Listener at 127.0.0.1/40963] INFO  server.RaftServerConfigKeys (ConfUtils.java:logGet(44)) - raft.server.log.appender.buffer.byte-limit = 33554432 (custom)
2020-11-27 01:37:27,518 [Listener at 127.0.0.1/40963] INFO  server.GrpcService (ConfUtils.java:logGet(44)) - raft.grpc.flow.control.window = 5MB (=5242880) (custom)
2020-11-27 01:37:27,519 [Listener at 127.0.0.1/40963] INFO  server.RaftServerConfigKeys (ConfUtils.java:logGet(44)) - raft.server.rpc.request.timeout = 3000ms (default)
2020-11-27 01:37:27,519 [Listener at 127.0.0.1/40963] INFO  impl.DataStreamServerImpl (ConfUtils.java:logGet(44)) - raft.datastream.type = DISABLED (default)
2020-11-27 01:37:27,520 [Listener at 127.0.0.1/40963] INFO  server.RaftServerConfigKeys (ConfUtils.java:logGet(44)) - raft.server.storage.dir = [/github/workspace/mnt/ozone/hadoop-ozone/integration-test/target/test-dir/MiniOzoneClusterImpl-7befb19c-4ec9-4b73-94e9-5feb4aa859dd/datanode-6/data/ratis] (custom)
2020-11-27 01:37:27,524 [Listener at 127.0.0.1/40963] INFO  http.BaseHttpServer (BaseHttpServer.java:newHttpServer2BuilderForOzone(207)) - Starting Web-server for hddsDatanode at: http://0.0.0.0:0
2020-11-27 01:37:27,524 [Listener at 127.0.0.1/40963] INFO  http.BaseHttpServer (BaseHttpServer.java:<init>(106)) - Hadoop Security Enabled: false Ozone Security Enabled: false Ozone HTTP Security Enabled: false 
2020-11-27 01:37:27,525 [Listener at 127.0.0.1/40963] INFO  server.AuthenticationFilter (AuthenticationFilter.java:constructSecretProvider(240)) - Unable to initialize FileSignerSecretProvider, falling back to use random secrets.
2020-11-27 01:37:27,525 [Listener at 127.0.0.1/40963] WARN  http.HttpRequestLog (HttpRequestLog.java:getRequestLog(103)) - Jetty request log can only be enabled using Log4j
2020-11-27 01:37:27,526 [Listener at 127.0.0.1/40963] INFO  http.HttpServer2 (HttpServer2.java:addGlobalFilter(1019)) - Added global filter 'safety' (class=org.apache.hadoop.hdds.server.http.HttpServer2$QuotingInputFilter)
2020-11-27 01:37:27,526 [Listener at 127.0.0.1/40963] INFO  http.HttpServer2 (HttpServer2.java:addFilter(995)) - Added filter static_user_filter (class=org.apache.hadoop.http.lib.StaticUserWebFilter$StaticUserFilter) to context hddsDatanode
2020-11-27 01:37:27,526 [Listener at 127.0.0.1/40963] INFO  http.HttpServer2 (HttpServer2.java:addFilter(1003)) - Added filter static_user_filter (class=org.apache.hadoop.http.lib.StaticUserWebFilter$StaticUserFilter) to context static
2020-11-27 01:37:27,527 [Listener at 127.0.0.1/40963] INFO  http.HttpServer2 (HttpServer2.java:addFilter(1003)) - Added filter static_user_filter (class=org.apache.hadoop.http.lib.StaticUserWebFilter$StaticUserFilter) to context logs
2020-11-27 01:37:27,527 [Listener at 127.0.0.1/40963] INFO  http.HttpServer2 (HttpServer2.java:bindListener(1237)) - Jetty bound to port 38071
2020-11-27 01:37:27,527 [Listener at 127.0.0.1/40963] INFO  server.Server (Server.java:doStart(375)) - jetty-9.4.34.v20201102; built: 2020-11-02T14:15:39.302Z; git: e46af88704a893fc12cb0e3bf46e2c7b48a009e7; jvm 1.8.0_232-b09
2020-11-27 01:37:27,528 [Listener at 127.0.0.1/40963] INFO  server.session (DefaultSessionIdManager.java:doStart(334)) - DefaultSessionIdManager workerName=node0
2020-11-27 01:37:27,528 [Listener at 127.0.0.1/40963] INFO  server.session (DefaultSessionIdManager.java:doStart(339)) - No SessionScavenger set, using defaults
2020-11-27 01:37:27,528 [Listener at 127.0.0.1/40963] INFO  server.session (HouseKeeper.java:startScavenging(132)) - node0 Scavenging every 660000ms
2020-11-27 01:37:27,529 [Listener at 127.0.0.1/40963] INFO  handler.ContextHandler (ContextHandler.java:doStart(916)) - Started o.e.j.s.ServletContextHandler@7c344a86{logs,/logs,file:///github/workspace/mnt/ozone/hadoop-ozone/integration-test/target/log,AVAILABLE}
2020-11-27 01:37:27,529 [Listener at 127.0.0.1/40963] INFO  handler.ContextHandler (ContextHandler.java:doStart(916)) - Started o.e.j.s.ServletContextHandler@2230e8a0{static,/static,jar:file:/home/user/.m2/repository/org/apache/hadoop/hadoop-hdds-container-service/1.1.0-SNAPSHOT/hadoop-hdds-container-service-1.1.0-SNAPSHOT.jar!/webapps/static,AVAILABLE}
2020-11-27 01:37:27,680 [Listener at 127.0.0.1/40963] INFO  handler.ContextHandler (ContextHandler.java:doStart(916)) - Started o.e.j.w.WebAppContext@7439b294{hddsDatanode,/,file:///tmp/jetty-0_0_0_0-38071-hadoop-hdds-container-service-1_1_0-SNAPSHOT_jar-_-any-6121440845657419933/webapp/,AVAILABLE}{jar:file:/home/user/.m2/repository/org/apache/hadoop/hadoop-hdds-container-service/1.1.0-SNAPSHOT/hadoop-hdds-container-service-1.1.0-SNAPSHOT.jar!/webapps/hddsDatanode}
2020-11-27 01:37:27,681 [Listener at 127.0.0.1/40963] INFO  server.AbstractConnector (AbstractConnector.java:doStart(331)) - Started ServerConnector@63c75591{HTTP/1.1, (http/1.1)}{0.0.0.0:38071}
2020-11-27 01:37:27,682 [Listener at 127.0.0.1/40963] INFO  server.Server (Server.java:doStart(415)) - Started @294773ms
2020-11-27 01:37:27,682 [Listener at 127.0.0.1/40963] WARN  impl.MetricsSystemImpl (MetricsSystemImpl.java:register(276)) - Sink prometheus already exists!
2020-11-27 01:37:27,685 [Listener at 127.0.0.1/40963] INFO  http.BaseHttpServer (BaseHttpServer.java:updateConnectorAddress(327)) - HTTP server of hddsDatanode listening at http://0.0.0.0:38071
2020-11-27 01:37:27,686 [Listener at 127.0.0.1/40963] INFO  ozone.MiniOzoneClusterImpl (MiniOzoneClusterImpl.java:lambda$waitForClusterToBeReady$0(178)) - Waiting for nodes to be ready. Got 0 of 7 DN Heartbeats.
2020-11-27 01:37:27,687 [Listener at 127.0.0.1/40963] INFO  ozone.MiniOzoneClusterImpl (MiniOzoneClusterImpl.java:lambda$waitForClusterToBeReady$0(181)) - Waiting for cluster to exit safe mode
2020-11-27 01:37:27,695 [org.apache.hadoop.util.JvmPauseMonitor$Monitor@5601de54] INFO  util.JvmPauseMonitor (JvmPauseMonitor.java:run(188)) - Starting JVM pause monitor
2020-11-27 01:37:27,696 [Datanode State Machine Task Thread - 0] INFO  datanode.InitDatanodeState (InitDatanodeState.java:persistContainerDatanodeDetails(145)) - DatanodeDetails is persisted to /github/workspace/mnt/ozone/hadoop-ozone/integration-test/target/test-dir/MiniOzoneClusterImpl-7befb19c-4ec9-4b73-94e9-5feb4aa859dd/datanode-6/meta/datanode.id
2020-11-27 01:37:28,524 [EndpointStateMachine task thread for /0.0.0.0:36615 - 0 ] INFO  ozoneimpl.OzoneContainer (OzoneContainer.java:start(243)) - Attempting to start container services.
2020-11-27 01:37:28,524 [EndpointStateMachine task thread for /0.0.0.0:36615 - 0 ] INFO  ozoneimpl.OzoneContainer (OzoneContainer.java:startContainerScrub(207)) - Background container scanner has been disabled.
2020-11-27 01:37:28,524 [EndpointStateMachine task thread for /0.0.0.0:36615 - 0 ] INFO  ratis.XceiverServerRatis (XceiverServerRatis.java:start(456)) - Starting XceiverServerRatis 03f5e28f-1ccf-47de-881e-8ae7723c653b at port 0
2020-11-27 01:37:28,525 [EndpointStateMachine task thread for /0.0.0.0:36615 - 0 ] INFO  impl.RaftServerProxy (RaftServerProxy.java:lambda$start$3(321)) - 03f5e28f-1ccf-47de-881e-8ae7723c653b: start RPC server
2020-11-27 01:37:28,526 [EndpointStateMachine task thread for /0.0.0.0:36615 - 0 ] INFO  server.GrpcService (GrpcService.java:startImpl(177)) - 03f5e28f-1ccf-47de-881e-8ae7723c653b: GrpcService started, listening on 0.0.0.0/0.0.0.0:40701
2020-11-27 01:37:28,526 [EndpointStateMachine task thread for /0.0.0.0:36615 - 0 ] INFO  ratis.XceiverServerRatis (XceiverServerRatis.java:start(468)) - XceiverServerRatis 03f5e28f-1ccf-47de-881e-8ae7723c653b is started using port 40701
2020-11-27 01:37:28,527 [EndpointStateMachine task thread for /0.0.0.0:36615 - 0 ] INFO  server.XceiverServerGrpc (XceiverServerGrpc.java:start(145)) - XceiverServerGrpc 03f5e28f-1ccf-47de-881e-8ae7723c653b is started using port 35871
2020-11-27 01:37:28,527 [org.apache.ratis.server.JvmPauseMonitor@393f0c74-Monitor] INFO  server.RaftServerConfigKeys (ConfUtils.java:logGet(44)) - raft.server.leaderelection.leader.step-down.wait-time = 10s (default)
2020-11-27 01:37:28,527 [org.apache.ratis.server.JvmPauseMonitor@393f0c74-Monitor] INFO  server.RaftServerConfigKeys (ConfUtils.java:logGet(44)) - raft.server.rpc.slowness.timeout = 300000ms (custom)
2020-11-27 01:37:28,527 [org.apache.ratis.server.JvmPauseMonitor@393f0c74-Monitor] INFO  server.JvmPauseMonitor (JvmPauseMonitor.java:run(129)) - Starting Ratis JVM pause monitor
2020-11-27 01:37:28,687 [Listener at 127.0.0.1/40963] INFO  ozone.MiniOzoneClusterImpl (MiniOzoneClusterImpl.java:lambda$waitForClusterToBeReady$0(178)) - Waiting for nodes to be ready. Got 0 of 7 DN Heartbeats.
2020-11-27 01:37:28,687 [Listener at 127.0.0.1/40963] INFO  ozone.MiniOzoneClusterImpl (MiniOzoneClusterImpl.java:lambda$waitForClusterToBeReady$0(181)) - Waiting for cluster to exit safe mode
2020-11-27 01:37:28,698 [EndpointStateMachine task thread for /0.0.0.0:36615 - 0 ] INFO  ozoneimpl.OzoneContainer (OzoneContainer.java:start(243)) - Attempting to start container services.
2020-11-27 01:37:28,699 [EndpointStateMachine task thread for /0.0.0.0:36615 - 0 ] INFO  ozoneimpl.OzoneContainer (OzoneContainer.java:startContainerScrub(207)) - Background container scanner has been disabled.
2020-11-27 01:37:28,699 [EndpointStateMachine task thread for /0.0.0.0:36615 - 0 ] INFO  ratis.XceiverServerRatis (XceiverServerRatis.java:start(456)) - Starting XceiverServerRatis 24a428e6-ab73-4f5b-a870-5f8cec721e35 at port 0
2020-11-27 01:37:28,700 [EndpointStateMachine task thread for /0.0.0.0:36615 - 0 ] INFO  impl.RaftServerProxy (RaftServerProxy.java:lambda$start$3(321)) - 24a428e6-ab73-4f5b-a870-5f8cec721e35: start RPC server
2020-11-27 01:37:28,700 [EndpointStateMachine task thread for /0.0.0.0:36615 - 0 ] INFO  server.GrpcService (GrpcService.java:startImpl(177)) - 24a428e6-ab73-4f5b-a870-5f8cec721e35: GrpcService started, listening on 0.0.0.0/0.0.0.0:43409
2020-11-27 01:37:28,701 [EndpointStateMachine task thread for /0.0.0.0:36615 - 0 ] INFO  ratis.XceiverServerRatis (XceiverServerRatis.java:start(468)) - XceiverServerRatis 24a428e6-ab73-4f5b-a870-5f8cec721e35 is started using port 43409
2020-11-27 01:37:28,702 [EndpointStateMachine task thread for /0.0.0.0:36615 - 0 ] INFO  server.XceiverServerGrpc (XceiverServerGrpc.java:start(145)) - XceiverServerGrpc 24a428e6-ab73-4f5b-a870-5f8cec721e35 is started using port 45099
2020-11-27 01:37:28,702 [org.apache.ratis.server.JvmPauseMonitor@232eb19d-Monitor] INFO  server.RaftServerConfigKeys (ConfUtils.java:logGet(44)) - raft.server.leaderelection.leader.step-down.wait-time = 10s (default)
2020-11-27 01:37:28,702 [org.apache.ratis.server.JvmPauseMonitor@232eb19d-Monitor] INFO  server.RaftServerConfigKeys (ConfUtils.java:logGet(44)) - raft.server.rpc.slowness.timeout = 300000ms (custom)
2020-11-27 01:37:28,702 [org.apache.ratis.server.JvmPauseMonitor@232eb19d-Monitor] INFO  server.JvmPauseMonitor (JvmPauseMonitor.java:run(129)) - Starting Ratis JVM pause monitor
2020-11-27 01:37:28,910 [EndpointStateMachine task thread for /0.0.0.0:36615 - 0 ] INFO  ozoneimpl.OzoneContainer (OzoneContainer.java:start(243)) - Attempting to start container services.
2020-11-27 01:37:28,910 [EndpointStateMachine task thread for /0.0.0.0:36615 - 0 ] INFO  ozoneimpl.OzoneContainer (OzoneContainer.java:startContainerScrub(207)) - Background container scanner has been disabled.
2020-11-27 01:37:28,910 [EndpointStateMachine task thread for /0.0.0.0:36615 - 0 ] INFO  ratis.XceiverServerRatis (XceiverServerRatis.java:start(456)) - Starting XceiverServerRatis fadf6fe5-11c1-4da6-9372-0a456385f570 at port 0
2020-11-27 01:37:28,910 [EndpointStateMachine task thread for /0.0.0.0:36615 - 0 ] INFO  impl.RaftServerProxy (RaftServerProxy.java:lambda$start$3(321)) - fadf6fe5-11c1-4da6-9372-0a456385f570: start RPC server
2020-11-27 01:37:28,911 [EndpointStateMachine task thread for /0.0.0.0:36615 - 0 ] INFO  server.GrpcService (GrpcService.java:startImpl(177)) - fadf6fe5-11c1-4da6-9372-0a456385f570: GrpcService started, listening on 0.0.0.0/0.0.0.0:44925
2020-11-27 01:37:28,911 [EndpointStateMachine task thread for /0.0.0.0:36615 - 0 ] INFO  ratis.XceiverServerRatis (XceiverServerRatis.java:start(468)) - XceiverServerRatis fadf6fe5-11c1-4da6-9372-0a456385f570 is started using port 44925
2020-11-27 01:37:28,914 [org.apache.ratis.server.JvmPauseMonitor@7770821-Monitor] INFO  server.RaftServerConfigKeys (ConfUtils.java:logGet(44)) - raft.server.leaderelection.leader.step-down.wait-time = 10s (default)
2020-11-27 01:37:28,915 [org.apache.ratis.server.JvmPauseMonitor@7770821-Monitor] INFO  server.RaftServerConfigKeys (ConfUtils.java:logGet(44)) - raft.server.rpc.slowness.timeout = 300000ms (custom)
2020-11-27 01:37:28,915 [org.apache.ratis.server.JvmPauseMonitor@7770821-Monitor] INFO  server.JvmPauseMonitor (JvmPauseMonitor.java:run(129)) - Starting Ratis JVM pause monitor
2020-11-27 01:37:28,915 [EndpointStateMachine task thread for /0.0.0.0:36615 - 0 ] INFO  server.XceiverServerGrpc (XceiverServerGrpc.java:start(145)) - XceiverServerGrpc fadf6fe5-11c1-4da6-9372-0a456385f570 is started using port 44497
2020-11-27 01:37:29,104 [EndpointStateMachine task thread for /0.0.0.0:36615 - 0 ] INFO  ozoneimpl.OzoneContainer (OzoneContainer.java:start(243)) - Attempting to start container services.
2020-11-27 01:37:29,104 [EndpointStateMachine task thread for /0.0.0.0:36615 - 0 ] INFO  ozoneimpl.OzoneContainer (OzoneContainer.java:startContainerScrub(207)) - Background container scanner has been disabled.
2020-11-27 01:37:29,104 [EndpointStateMachine task thread for /0.0.0.0:36615 - 0 ] INFO  ratis.XceiverServerRatis (XceiverServerRatis.java:start(456)) - Starting XceiverServerRatis d247a803-3982-4a1e-9d5c-2cb5c984a205 at port 0
2020-11-27 01:37:29,105 [EndpointStateMachine task thread for /0.0.0.0:36615 - 0 ] INFO  impl.RaftServerProxy (RaftServerProxy.java:lambda$start$3(321)) - d247a803-3982-4a1e-9d5c-2cb5c984a205: start RPC server
2020-11-27 01:37:29,105 [EndpointStateMachine task thread for /0.0.0.0:36615 - 0 ] INFO  server.GrpcService (GrpcService.java:startImpl(177)) - d247a803-3982-4a1e-9d5c-2cb5c984a205: GrpcService started, listening on 0.0.0.0/0.0.0.0:42885
2020-11-27 01:37:29,106 [EndpointStateMachine task thread for /0.0.0.0:36615 - 0 ] INFO  ratis.XceiverServerRatis (XceiverServerRatis.java:start(468)) - XceiverServerRatis d247a803-3982-4a1e-9d5c-2cb5c984a205 is started using port 42885
2020-11-27 01:37:29,106 [org.apache.ratis.server.JvmPauseMonitor@38eba884-Monitor] INFO  server.RaftServerConfigKeys (ConfUtils.java:logGet(44)) - raft.server.leaderelection.leader.step-down.wait-time = 10s (default)
2020-11-27 01:37:29,106 [org.apache.ratis.server.JvmPauseMonitor@38eba884-Monitor] INFO  server.RaftServerConfigKeys (ConfUtils.java:logGet(44)) - raft.server.rpc.slowness.timeout = 300000ms (custom)
2020-11-27 01:37:29,106 [org.apache.ratis.server.JvmPauseMonitor@38eba884-Monitor] INFO  server.JvmPauseMonitor (JvmPauseMonitor.java:run(129)) - Starting Ratis JVM pause monitor
2020-11-27 01:37:29,106 [EndpointStateMachine task thread for /0.0.0.0:36615 - 0 ] INFO  server.XceiverServerGrpc (XceiverServerGrpc.java:start(145)) - XceiverServerGrpc d247a803-3982-4a1e-9d5c-2cb5c984a205 is started using port 37223
2020-11-27 01:37:29,325 [EndpointStateMachine task thread for /0.0.0.0:36615 - 0 ] INFO  ozoneimpl.OzoneContainer (OzoneContainer.java:start(243)) - Attempting to start container services.
2020-11-27 01:37:29,325 [EndpointStateMachine task thread for /0.0.0.0:36615 - 0 ] INFO  ozoneimpl.OzoneContainer (OzoneContainer.java:startContainerScrub(207)) - Background container scanner has been disabled.
2020-11-27 01:37:29,325 [EndpointStateMachine task thread for /0.0.0.0:36615 - 0 ] INFO  ratis.XceiverServerRatis (XceiverServerRatis.java:start(456)) - Starting XceiverServerRatis 525ac4ff-a043-43ae-b658-3dd89705e4a8 at port 0
2020-11-27 01:37:29,327 [EndpointStateMachine task thread for /0.0.0.0:36615 - 0 ] INFO  impl.RaftServerProxy (RaftServerProxy.java:lambda$start$3(321)) - 525ac4ff-a043-43ae-b658-3dd89705e4a8: start RPC server
2020-11-27 01:37:29,328 [EndpointStateMachine task thread for /0.0.0.0:36615 - 0 ] INFO  server.GrpcService (GrpcService.java:startImpl(177)) - 525ac4ff-a043-43ae-b658-3dd89705e4a8: GrpcService started, listening on 0.0.0.0/0.0.0.0:44141
2020-11-27 01:37:29,328 [EndpointStateMachine task thread for /0.0.0.0:36615 - 0 ] INFO  ratis.XceiverServerRatis (XceiverServerRatis.java:start(468)) - XceiverServerRatis 525ac4ff-a043-43ae-b658-3dd89705e4a8 is started using port 44141
2020-11-27 01:37:29,328 [org.apache.ratis.server.JvmPauseMonitor@6a58e4ee-Monitor] INFO  server.RaftServerConfigKeys (ConfUtils.java:logGet(44)) - raft.server.leaderelection.leader.step-down.wait-time = 10s (default)
2020-11-27 01:37:29,329 [EndpointStateMachine task thread for /0.0.0.0:36615 - 0 ] INFO  server.XceiverServerGrpc (XceiverServerGrpc.java:start(145)) - XceiverServerGrpc 525ac4ff-a043-43ae-b658-3dd89705e4a8 is started using port 37395
2020-11-27 01:37:29,329 [org.apache.ratis.server.JvmPauseMonitor@6a58e4ee-Monitor] INFO  server.RaftServerConfigKeys (ConfUtils.java:logGet(44)) - raft.server.rpc.slowness.timeout = 300000ms (custom)
2020-11-27 01:37:29,329 [org.apache.ratis.server.JvmPauseMonitor@6a58e4ee-Monitor] INFO  server.JvmPauseMonitor (JvmPauseMonitor.java:run(129)) - Starting Ratis JVM pause monitor
2020-11-27 01:37:29,505 [EndpointStateMachine task thread for /0.0.0.0:36615 - 0 ] INFO  ozoneimpl.OzoneContainer (OzoneContainer.java:start(243)) - Attempting to start container services.
2020-11-27 01:37:29,505 [EndpointStateMachine task thread for /0.0.0.0:36615 - 0 ] INFO  ozoneimpl.OzoneContainer (OzoneContainer.java:startContainerScrub(207)) - Background container scanner has been disabled.
2020-11-27 01:37:29,505 [EndpointStateMachine task thread for /0.0.0.0:36615 - 0 ] INFO  ratis.XceiverServerRatis (XceiverServerRatis.java:start(456)) - Starting XceiverServerRatis eda6bd80-3bc8-486f-b21b-103a464f444a at port 0
2020-11-27 01:37:29,506 [EndpointStateMachine task thread for /0.0.0.0:36615 - 0 ] INFO  impl.RaftServerProxy (RaftServerProxy.java:lambda$start$3(321)) - eda6bd80-3bc8-486f-b21b-103a464f444a: start RPC server
2020-11-27 01:37:29,507 [EndpointStateMachine task thread for /0.0.0.0:36615 - 0 ] INFO  server.GrpcService (GrpcService.java:startImpl(177)) - eda6bd80-3bc8-486f-b21b-103a464f444a: GrpcService started, listening on 0.0.0.0/0.0.0.0:43699
2020-11-27 01:37:29,507 [EndpointStateMachine task thread for /0.0.0.0:36615 - 0 ] INFO  ratis.XceiverServerRatis (XceiverServerRatis.java:start(468)) - XceiverServerRatis eda6bd80-3bc8-486f-b21b-103a464f444a is started using port 43699
2020-11-27 01:37:29,507 [org.apache.ratis.server.JvmPauseMonitor@20ac6a95-Monitor] INFO  server.RaftServerConfigKeys (ConfUtils.java:logGet(44)) - raft.server.leaderelection.leader.step-down.wait-time = 10s (default)
2020-11-27 01:37:29,507 [EndpointStateMachine task thread for /0.0.0.0:36615 - 0 ] INFO  server.XceiverServerGrpc (XceiverServerGrpc.java:start(145)) - XceiverServerGrpc eda6bd80-3bc8-486f-b21b-103a464f444a is started using port 42237
2020-11-27 01:37:29,507 [org.apache.ratis.server.JvmPauseMonitor@20ac6a95-Monitor] INFO  server.RaftServerConfigKeys (ConfUtils.java:logGet(44)) - raft.server.rpc.slowness.timeout = 300000ms (custom)
2020-11-27 01:37:29,507 [org.apache.ratis.server.JvmPauseMonitor@20ac6a95-Monitor] INFO  server.JvmPauseMonitor (JvmPauseMonitor.java:run(129)) - Starting Ratis JVM pause monitor
2020-11-27 01:37:29,687 [Listener at 127.0.0.1/40963] INFO  ozone.MiniOzoneClusterImpl (MiniOzoneClusterImpl.java:lambda$waitForClusterToBeReady$0(178)) - Waiting for nodes to be ready. Got 0 of 7 DN Heartbeats.
2020-11-27 01:37:29,687 [Listener at 127.0.0.1/40963] INFO  ozone.MiniOzoneClusterImpl (MiniOzoneClusterImpl.java:lambda$waitForClusterToBeReady$0(181)) - Waiting for cluster to exit safe mode
2020-11-27 01:37:29,701 [EndpointStateMachine task thread for /0.0.0.0:36615 - 0 ] INFO  ozoneimpl.OzoneContainer (OzoneContainer.java:start(243)) - Attempting to start container services.
2020-11-27 01:37:29,701 [EndpointStateMachine task thread for /0.0.0.0:36615 - 0 ] INFO  ozoneimpl.OzoneContainer (OzoneContainer.java:startContainerScrub(207)) - Background container scanner has been disabled.
2020-11-27 01:37:29,701 [EndpointStateMachine task thread for /0.0.0.0:36615 - 0 ] INFO  ratis.XceiverServerRatis (XceiverServerRatis.java:start(456)) - Starting XceiverServerRatis 5b456079-358f-469d-9a4b-1e41f0af00c2 at port 0
2020-11-27 01:37:29,702 [EndpointStateMachine task thread for /0.0.0.0:36615 - 0 ] INFO  impl.RaftServerProxy (RaftServerProxy.java:lambda$start$3(321)) - 5b456079-358f-469d-9a4b-1e41f0af00c2: start RPC server
2020-11-27 01:37:29,702 [EndpointStateMachine task thread for /0.0.0.0:36615 - 0 ] INFO  server.GrpcService (GrpcService.java:startImpl(177)) - 5b456079-358f-469d-9a4b-1e41f0af00c2: GrpcService started, listening on 0.0.0.0/0.0.0.0:39765
2020-11-27 01:37:29,703 [EndpointStateMachine task thread for /0.0.0.0:36615 - 0 ] INFO  ratis.XceiverServerRatis (XceiverServerRatis.java:start(468)) - XceiverServerRatis 5b456079-358f-469d-9a4b-1e41f0af00c2 is started using port 39765
2020-11-27 01:37:29,703 [org.apache.ratis.server.JvmPauseMonitor@4d437dcc-Monitor] INFO  server.RaftServerConfigKeys (ConfUtils.java:logGet(44)) - raft.server.leaderelection.leader.step-down.wait-time = 10s (default)
2020-11-27 01:37:29,703 [EndpointStateMachine task thread for /0.0.0.0:36615 - 0 ] INFO  server.XceiverServerGrpc (XceiverServerGrpc.java:start(145)) - XceiverServerGrpc 5b456079-358f-469d-9a4b-1e41f0af00c2 is started using port 34363
2020-11-27 01:37:29,703 [org.apache.ratis.server.JvmPauseMonitor@4d437dcc-Monitor] INFO  server.RaftServerConfigKeys (ConfUtils.java:logGet(44)) - raft.server.rpc.slowness.timeout = 300000ms (custom)
2020-11-27 01:37:29,705 [org.apache.ratis.server.JvmPauseMonitor@4d437dcc-Monitor] INFO  server.JvmPauseMonitor (JvmPauseMonitor.java:run(129)) - Starting Ratis JVM pause monitor
2020-11-27 01:37:30,518 [IPC Server handler 2 on default port 36615] INFO  net.NetworkTopologyImpl (NetworkTopologyImpl.java:add(111)) - Added a new node: /default-rack/03f5e28f-1ccf-47de-881e-8ae7723c653b
2020-11-27 01:37:30,521 [IPC Server handler 2 on default port 36615] INFO  node.SCMNodeManager (SCMNodeManager.java:register(282)) - Registered Data node : 03f5e28f-1ccf-47de-881e-8ae7723c653b{ip: 172.17.0.2, host: 3bf31645156d, networkLocation: /default-rack, certSerialId: null}
2020-11-27 01:37:30,522 [RatisPipelineUtilsThread] INFO  pipeline.RatisPipelineProvider (RatisPipelineProvider.java:lambda$create$0(161)) - Sending CreatePipelineCommand for pipeline:PipelineID=2cfdab94-7f9d-49b6-a8d8-0cbe121e3df4 to datanode:03f5e28f-1ccf-47de-881e-8ae7723c653b
2020-11-27 01:37:30,522 [RatisPipelineUtilsThread] INFO  pipeline.PipelineStateManager (PipelineStateManager.java:addPipeline(54)) - Created pipeline Pipeline[ Id: 2cfdab94-7f9d-49b6-a8d8-0cbe121e3df4, Nodes: 03f5e28f-1ccf-47de-881e-8ae7723c653b{ip: 172.17.0.2, host: 3bf31645156d, networkLocation: /default-rack, certSerialId: null}, Type:RATIS, Factor:ONE, State:ALLOCATED, leaderId:, CreationTimestamp2020-11-27T01:37:30.522Z]
2020-11-27 01:37:30,523 [EventQueue-NodeRegistrationContainerReportForDataNodeSafeModeRule] INFO  safemode.SCMSafeModeManager (DataNodeSafeModeRule.java:process(71)) - SCM in safe mode. 1 DataNodes registered, 1 required.
2020-11-27 01:37:30,523 [EventQueue-NodeRegistrationContainerReportForDataNodeSafeModeRule] INFO  safemode.SCMSafeModeManager (SCMSafeModeManager.java:validateSafeModeExitRules(214)) - DataNodeSafeModeRule rule is successfully validated
2020-11-27 01:37:30,523 [EventQueue-NodeRegistrationContainerReportForDataNodeSafeModeRule] INFO  safemode.SCMSafeModeManager (SCMSafeModeManager.java:completePreCheck(242)) - All SCM safe mode pre check rules have passed
2020-11-27 01:37:30,528 [EventQueue-NodeRegistrationContainerReportForContainerSafeModeRule] INFO  safemode.SCMSafeModeManager (SCMSafeModeManager.java:validateSafeModeExitRules(214)) - ContainerSafeModeRule rule is successfully validated
2020-11-27 01:37:30,528 [RatisPipelineUtilsThread] WARN  pipeline.PipelinePlacementPolicy (PipelinePlacementPolicy.java:filterViableNodes(138)) - Pipeline creation failed due to no sufficient healthy datanodes. Required 3. Found 1.
2020-11-27 01:37:30,528 [EventQueue-PipelineReportForOneReplicaPipelineSafeModeRule] INFO  safemode.SCMSafeModeManager (SCMSafeModeManager.java:validateSafeModeExitRules(214)) - AtleastOneDatanodeReportedRule rule is successfully validated
2020-11-27 01:37:30,688 [Listener at 127.0.0.1/40963] INFO  ozone.MiniOzoneClusterImpl (MiniOzoneClusterImpl.java:lambda$waitForClusterToBeReady$0(178)) - Waiting for nodes to be ready. Got 1 of 7 DN Heartbeats.
2020-11-27 01:37:30,688 [Listener at 127.0.0.1/40963] INFO  ozone.MiniOzoneClusterImpl (MiniOzoneClusterImpl.java:lambda$waitForClusterToBeReady$0(181)) - Waiting for cluster to exit safe mode
2020-11-27 01:37:30,696 [IPC Server handler 3 on default port 36615] INFO  net.NetworkTopologyImpl (NetworkTopologyImpl.java:add(111)) - Added a new node: /default-rack/24a428e6-ab73-4f5b-a870-5f8cec721e35
2020-11-27 01:37:30,696 [IPC Server handler 3 on default port 36615] INFO  node.SCMNodeManager (SCMNodeManager.java:register(282)) - Registered Data node : 24a428e6-ab73-4f5b-a870-5f8cec721e35{ip: 172.17.0.2, host: 3bf31645156d, networkLocation: /default-rack, certSerialId: null}
2020-11-27 01:37:30,696 [EventQueue-NodeRegistrationContainerReportForDataNodeSafeModeRule] INFO  safemode.SCMSafeModeManager (SCMSafeModeManager.java:validateSafeModeExitRules(214)) - DataNodeSafeModeRule rule is successfully validated
2020-11-27 01:37:30,697 [RatisPipelineUtilsThread] INFO  pipeline.RatisPipelineProvider (RatisPipelineProvider.java:lambda$create$0(161)) - Sending CreatePipelineCommand for pipeline:PipelineID=1b13b7f1-6258-4fa6-a04d-3dc0f12f9db3 to datanode:24a428e6-ab73-4f5b-a870-5f8cec721e35
2020-11-27 01:37:30,697 [EventQueue-NodeRegistrationContainerReportForContainerSafeModeRule] INFO  safemode.SCMSafeModeManager (SCMSafeModeManager.java:validateSafeModeExitRules(214)) - ContainerSafeModeRule rule is successfully validated
2020-11-27 01:37:30,697 [EventQueue-PipelineReportForOneReplicaPipelineSafeModeRule] INFO  safemode.SCMSafeModeManager (SCMSafeModeManager.java:validateSafeModeExitRules(214)) - AtleastOneDatanodeReportedRule rule is successfully validated
2020-11-27 01:37:30,697 [RatisPipelineUtilsThread] INFO  pipeline.PipelineStateManager (PipelineStateManager.java:addPipeline(54)) - Created pipeline Pipeline[ Id: 1b13b7f1-6258-4fa6-a04d-3dc0f12f9db3, Nodes: 24a428e6-ab73-4f5b-a870-5f8cec721e35{ip: 172.17.0.2, host: 3bf31645156d, networkLocation: /default-rack, certSerialId: null}, Type:RATIS, Factor:ONE, State:ALLOCATED, leaderId:, CreationTimestamp2020-11-27T01:37:30.697Z]
2020-11-27 01:37:30,697 [RatisPipelineUtilsThread] WARN  pipeline.PipelinePlacementPolicy (PipelinePlacementPolicy.java:filterViableNodes(138)) - Pipeline creation failed due to no sufficient healthy datanodes. Required 3. Found 2.
2020-11-27 01:37:30,905 [IPC Server handler 4 on default port 36615] INFO  net.NetworkTopologyImpl (NetworkTopologyImpl.java:add(111)) - Added a new node: /default-rack/fadf6fe5-11c1-4da6-9372-0a456385f570
2020-11-27 01:37:30,906 [IPC Server handler 4 on default port 36615] INFO  node.SCMNodeManager (SCMNodeManager.java:register(282)) - Registered Data node : fadf6fe5-11c1-4da6-9372-0a456385f570{ip: 172.17.0.2, host: 3bf31645156d, networkLocation: /default-rack, certSerialId: null}
2020-11-27 01:37:30,906 [EventQueue-NodeRegistrationContainerReportForDataNodeSafeModeRule] INFO  safemode.SCMSafeModeManager (SCMSafeModeManager.java:validateSafeModeExitRules(214)) - DataNodeSafeModeRule rule is successfully validated
2020-11-27 01:37:30,906 [RatisPipelineUtilsThread] INFO  pipeline.RatisPipelineProvider (RatisPipelineProvider.java:lambda$create$0(161)) - Sending CreatePipelineCommand for pipeline:PipelineID=a3c6bac2-4b9d-4d8f-9e5c-54b732c6fda1 to datanode:fadf6fe5-11c1-4da6-9372-0a456385f570
2020-11-27 01:37:30,907 [RatisPipelineUtilsThread] INFO  pipeline.PipelineStateManager (PipelineStateManager.java:addPipeline(54)) - Created pipeline Pipeline[ Id: a3c6bac2-4b9d-4d8f-9e5c-54b732c6fda1, Nodes: fadf6fe5-11c1-4da6-9372-0a456385f570{ip: 172.17.0.2, host: 3bf31645156d, networkLocation: /default-rack, certSerialId: null}, Type:RATIS, Factor:ONE, State:ALLOCATED, leaderId:, CreationTimestamp2020-11-27T01:37:30.906Z]
2020-11-27 01:37:30,907 [RatisPipelineUtilsThread] INFO  pipeline.RatisPipelineProvider (RatisPipelineProvider.java:lambda$create$0(161)) - Sending CreatePipelineCommand for pipeline:PipelineID=f811b82f-7be0-4efd-be02-560f50b45583 to datanode:24a428e6-ab73-4f5b-a870-5f8cec721e35
2020-11-27 01:37:30,907 [RatisPipelineUtilsThread] INFO  pipeline.RatisPipelineProvider (RatisPipelineProvider.java:lambda$create$0(161)) - Sending CreatePipelineCommand for pipeline:PipelineID=f811b82f-7be0-4efd-be02-560f50b45583 to datanode:03f5e28f-1ccf-47de-881e-8ae7723c653b
2020-11-27 01:37:30,907 [RatisPipelineUtilsThread] INFO  pipeline.RatisPipelineProvider (RatisPipelineProvider.java:lambda$create$0(161)) - Sending CreatePipelineCommand for pipeline:PipelineID=f811b82f-7be0-4efd-be02-560f50b45583 to datanode:fadf6fe5-11c1-4da6-9372-0a456385f570
2020-11-27 01:37:30,907 [RatisPipelineUtilsThread] INFO  pipeline.PipelineStateManager (PipelineStateManager.java:addPipeline(54)) - Created pipeline Pipeline[ Id: f811b82f-7be0-4efd-be02-560f50b45583, Nodes: 24a428e6-ab73-4f5b-a870-5f8cec721e35{ip: 172.17.0.2, host: 3bf31645156d, networkLocation: /default-rack, certSerialId: null}03f5e28f-1ccf-47de-881e-8ae7723c653b{ip: 172.17.0.2, host: 3bf31645156d, networkLocation: /default-rack, certSerialId: null}fadf6fe5-11c1-4da6-9372-0a456385f570{ip: 172.17.0.2, host: 3bf31645156d, networkLocation: /default-rack, certSerialId: null}, Type:RATIS, Factor:THREE, State:ALLOCATED, leaderId:, CreationTimestamp2020-11-27T01:37:30.907Z]
2020-11-27 01:37:30,907 [RatisPipelineUtilsThread] INFO  pipeline.RatisPipelineProvider (RatisPipelineProvider.java:lambda$create$0(161)) - Sending CreatePipelineCommand for pipeline:PipelineID=6ad1acc2-e1ba-4f36-9a9d-c21560ef9fab to datanode:24a428e6-ab73-4f5b-a870-5f8cec721e35
2020-11-27 01:37:30,907 [RatisPipelineUtilsThread] INFO  pipeline.RatisPipelineProvider (RatisPipelineProvider.java:lambda$create$0(161)) - Sending CreatePipelineCommand for pipeline:PipelineID=6ad1acc2-e1ba-4f36-9a9d-c21560ef9fab to datanode:03f5e28f-1ccf-47de-881e-8ae7723c653b
2020-11-27 01:37:30,907 [RatisPipelineUtilsThread] INFO  pipeline.RatisPipelineProvider (RatisPipelineProvider.java:lambda$create$0(161)) - Sending CreatePipelineCommand for pipeline:PipelineID=6ad1acc2-e1ba-4f36-9a9d-c21560ef9fab to datanode:fadf6fe5-11c1-4da6-9372-0a456385f570
2020-11-27 01:37:30,908 [RatisPipelineUtilsThread] INFO  pipeline.PipelineStateManager (PipelineStateManager.java:addPipeline(54)) - Created pipeline Pipeline[ Id: 6ad1acc2-e1ba-4f36-9a9d-c21560ef9fab, Nodes: 24a428e6-ab73-4f5b-a870-5f8cec721e35{ip: 172.17.0.2, host: 3bf31645156d, networkLocation: /default-rack, certSerialId: null}03f5e28f-1ccf-47de-881e-8ae7723c653b{ip: 172.17.0.2, host: 3bf31645156d, networkLocation: /default-rack, certSerialId: null}fadf6fe5-11c1-4da6-9372-0a456385f570{ip: 172.17.0.2, host: 3bf31645156d, networkLocation: /default-rack, certSerialId: null}, Type:RATIS, Factor:THREE, State:ALLOCATED, leaderId:, CreationTimestamp2020-11-27T01:37:30.907Z]
2020-11-27 01:37:30,908 [RatisPipelineUtilsThread] INFO  pipeline.SCMPipelineManager (SCMPipelineManager.java:recordMetricsForPipeline(243)) - Pipeline: PipelineID=6ad1acc2-e1ba-4f36-9a9d-c21560ef9fab contains same datanodes as previous pipelines: PipelineID=f811b82f-7be0-4efd-be02-560f50b45583 nodeIds: 24a428e6-ab73-4f5b-a870-5f8cec721e35, 03f5e28f-1ccf-47de-881e-8ae7723c653b, fadf6fe5-11c1-4da6-9372-0a456385f570
2020-11-27 01:37:30,908 [EventQueue-PipelineReportForOneReplicaPipelineSafeModeRule] INFO  safemode.SCMSafeModeManager (SCMSafeModeManager.java:validateSafeModeExitRules(214)) - AtleastOneDatanodeReportedRule rule is successfully validated
2020-11-27 01:37:30,908 [EventQueue-NodeRegistrationContainerReportForContainerSafeModeRule] INFO  safemode.SCMSafeModeManager (SCMSafeModeManager.java:validateSafeModeExitRules(214)) - ContainerSafeModeRule rule is successfully validated
2020-11-27 01:37:31,101 [IPC Server handler 5 on default port 36615] INFO  net.NetworkTopologyImpl (NetworkTopologyImpl.java:add(111)) - Added a new node: /default-rack/d247a803-3982-4a1e-9d5c-2cb5c984a205
2020-11-27 01:37:31,101 [IPC Server handler 5 on default port 36615] INFO  node.SCMNodeManager (SCMNodeManager.java:register(282)) - Registered Data node : d247a803-3982-4a1e-9d5c-2cb5c984a205{ip: 172.17.0.2, host: 3bf31645156d, networkLocation: /default-rack, certSerialId: null}
2020-11-27 01:37:31,102 [EventQueue-NodeRegistrationContainerReportForContainerSafeModeRule] INFO  safemode.SCMSafeModeManager (SCMSafeModeManager.java:validateSafeModeExitRules(214)) - ContainerSafeModeRule rule is successfully validated
2020-11-27 01:37:31,102 [EventQueue-PipelineReportForOneReplicaPipelineSafeModeRule] INFO  safemode.SCMSafeModeManager (SCMSafeModeManager.java:validateSafeModeExitRules(214)) - AtleastOneDatanodeReportedRule rule is successfully validated
2020-11-27 01:37:31,102 [EventQueue-NodeRegistrationContainerReportForDataNodeSafeModeRule] INFO  safemode.SCMSafeModeManager (SCMSafeModeManager.java:validateSafeModeExitRules(214)) - DataNodeSafeModeRule rule is successfully validated
2020-11-27 01:37:31,102 [RatisPipelineUtilsThread] INFO  pipeline.RatisPipelineProvider (RatisPipelineProvider.java:lambda$create$0(161)) - Sending CreatePipelineCommand for pipeline:PipelineID=e1b218e9-10ac-44f1-8155-ae32bd2d6bb6 to datanode:d247a803-3982-4a1e-9d5c-2cb5c984a205
2020-11-27 01:37:31,103 [RatisPipelineUtilsThread] INFO  pipeline.PipelineStateManager (PipelineStateManager.java:addPipeline(54)) - Created pipeline Pipeline[ Id: e1b218e9-10ac-44f1-8155-ae32bd2d6bb6, Nodes: d247a803-3982-4a1e-9d5c-2cb5c984a205{ip: 172.17.0.2, host: 3bf31645156d, networkLocation: /default-rack, certSerialId: null}, Type:RATIS, Factor:ONE, State:ALLOCATED, leaderId:, CreationTimestamp2020-11-27T01:37:31.102Z]
2020-11-27 01:37:31,323 [IPC Server handler 0 on default port 36615] INFO  net.NetworkTopologyImpl (NetworkTopologyImpl.java:add(111)) - Added a new node: /default-rack/525ac4ff-a043-43ae-b658-3dd89705e4a8
2020-11-27 01:37:31,323 [IPC Server handler 0 on default port 36615] INFO  node.SCMNodeManager (SCMNodeManager.java:register(282)) - Registered Data node : 525ac4ff-a043-43ae-b658-3dd89705e4a8{ip: 172.17.0.2, host: 3bf31645156d, networkLocation: /default-rack, certSerialId: null}
2020-11-27 01:37:31,323 [EventQueue-PipelineReportForOneReplicaPipelineSafeModeRule] INFO  safemode.SCMSafeModeManager (SCMSafeModeManager.java:validateSafeModeExitRules(214)) - AtleastOneDatanodeReportedRule rule is successfully validated
2020-11-27 01:37:31,323 [EventQueue-NodeRegistrationContainerReportForDataNodeSafeModeRule] INFO  safemode.SCMSafeModeManager (SCMSafeModeManager.java:validateSafeModeExitRules(214)) - DataNodeSafeModeRule rule is successfully validated
2020-11-27 01:37:31,323 [RatisPipelineUtilsThread] INFO  pipeline.RatisPipelineProvider (RatisPipelineProvider.java:lambda$create$0(161)) - Sending CreatePipelineCommand for pipeline:PipelineID=5249168d-d0a0-4681-94ef-1a46c086db31 to datanode:525ac4ff-a043-43ae-b658-3dd89705e4a8
2020-11-27 01:37:31,323 [EventQueue-NodeRegistrationContainerReportForContainerSafeModeRule] INFO  safemode.SCMSafeModeManager (SCMSafeModeManager.java:validateSafeModeExitRules(214)) - ContainerSafeModeRule rule is successfully validated
2020-11-27 01:37:31,324 [RatisPipelineUtilsThread] INFO  pipeline.PipelineStateManager (PipelineStateManager.java:addPipeline(54)) - Created pipeline Pipeline[ Id: 5249168d-d0a0-4681-94ef-1a46c086db31, Nodes: 525ac4ff-a043-43ae-b658-3dd89705e4a8{ip: 172.17.0.2, host: 3bf31645156d, networkLocation: /default-rack, certSerialId: null}, Type:RATIS, Factor:ONE, State:ALLOCATED, leaderId:, CreationTimestamp2020-11-27T01:37:31.323Z]
2020-11-27 01:37:31,502 [IPC Server handler 1 on default port 36615] INFO  net.NetworkTopologyImpl (NetworkTopologyImpl.java:add(111)) - Added a new node: /default-rack/eda6bd80-3bc8-486f-b21b-103a464f444a
2020-11-27 01:37:31,502 [IPC Server handler 1 on default port 36615] INFO  node.SCMNodeManager (SCMNodeManager.java:register(282)) - Registered Data node : eda6bd80-3bc8-486f-b21b-103a464f444a{ip: 172.17.0.2, host: 3bf31645156d, networkLocation: /default-rack, certSerialId: null}
2020-11-27 01:37:31,502 [EventQueue-PipelineReportForOneReplicaPipelineSafeModeRule] INFO  safemode.SCMSafeModeManager (SCMSafeModeManager.java:validateSafeModeExitRules(214)) - AtleastOneDatanodeReportedRule rule is successfully validated
2020-11-27 01:37:31,502 [EventQueue-NodeRegistrationContainerReportForContainerSafeModeRule] INFO  safemode.SCMSafeModeManager (SCMSafeModeManager.java:validateSafeModeExitRules(214)) - ContainerSafeModeRule rule is successfully validated
2020-11-27 01:37:31,503 [EventQueue-NodeRegistrationContainerReportForDataNodeSafeModeRule] INFO  safemode.SCMSafeModeManager (SCMSafeModeManager.java:validateSafeModeExitRules(214)) - DataNodeSafeModeRule rule is successfully validated
2020-11-27 01:37:31,503 [RatisPipelineUtilsThread] INFO  pipeline.RatisPipelineProvider (RatisPipelineProvider.java:lambda$create$0(161)) - Sending CreatePipelineCommand for pipeline:PipelineID=3ada5360-e935-4676-ab5a-2b8f084d8951 to datanode:eda6bd80-3bc8-486f-b21b-103a464f444a
2020-11-27 01:37:31,503 [RatisPipelineUtilsThread] INFO  pipeline.PipelineStateManager (PipelineStateManager.java:addPipeline(54)) - Created pipeline Pipeline[ Id: 3ada5360-e935-4676-ab5a-2b8f084d8951, Nodes: eda6bd80-3bc8-486f-b21b-103a464f444a{ip: 172.17.0.2, host: 3bf31645156d, networkLocation: /default-rack, certSerialId: null}, Type:RATIS, Factor:ONE, State:ALLOCATED, leaderId:, CreationTimestamp2020-11-27T01:37:31.503Z]
2020-11-27 01:37:31,504 [RatisPipelineUtilsThread] INFO  pipeline.RatisPipelineProvider (RatisPipelineProvider.java:lambda$create$0(161)) - Sending CreatePipelineCommand for pipeline:PipelineID=17ccad59-30bb-45e7-92be-977a4cf7e56e to datanode:d247a803-3982-4a1e-9d5c-2cb5c984a205
2020-11-27 01:37:31,504 [RatisPipelineUtilsThread] INFO  pipeline.RatisPipelineProvider (RatisPipelineProvider.java:lambda$create$0(161)) - Sending CreatePipelineCommand for pipeline:PipelineID=17ccad59-30bb-45e7-92be-977a4cf7e56e to datanode:525ac4ff-a043-43ae-b658-3dd89705e4a8
2020-11-27 01:37:31,504 [RatisPipelineUtilsThread] INFO  pipeline.RatisPipelineProvider (RatisPipelineProvider.java:lambda$create$0(161)) - Sending CreatePipelineCommand for pipeline:PipelineID=17ccad59-30bb-45e7-92be-977a4cf7e56e to datanode:eda6bd80-3bc8-486f-b21b-103a464f444a
2020-11-27 01:37:31,504 [RatisPipelineUtilsThread] INFO  pipeline.PipelineStateManager (PipelineStateManager.java:addPipeline(54)) - Created pipeline Pipeline[ Id: 17ccad59-30bb-45e7-92be-977a4cf7e56e, Nodes: d247a803-3982-4a1e-9d5c-2cb5c984a205{ip: 172.17.0.2, host: 3bf31645156d, networkLocation: /default-rack, certSerialId: null}525ac4ff-a043-43ae-b658-3dd89705e4a8{ip: 172.17.0.2, host: 3bf31645156d, networkLocation: /default-rack, certSerialId: null}eda6bd80-3bc8-486f-b21b-103a464f444a{ip: 172.17.0.2, host: 3bf31645156d, networkLocation: /default-rack, certSerialId: null}, Type:RATIS, Factor:THREE, State:ALLOCATED, leaderId:, CreationTimestamp2020-11-27T01:37:31.504Z]
2020-11-27 01:37:31,504 [RatisPipelineUtilsThread] INFO  pipeline.RatisPipelineProvider (RatisPipelineProvider.java:lambda$create$0(161)) - Sending CreatePipelineCommand for pipeline:PipelineID=0becb242-989c-45d7-a586-b33f8c582359 to datanode:d247a803-3982-4a1e-9d5c-2cb5c984a205
2020-11-27 01:37:31,505 [RatisPipelineUtilsThread] INFO  pipeline.RatisPipelineProvider (RatisPipelineProvider.java:lambda$create$0(161)) - Sending CreatePipelineCommand for pipeline:PipelineID=0becb242-989c-45d7-a586-b33f8c582359 to datanode:525ac4ff-a043-43ae-b658-3dd89705e4a8
2020-11-27 01:37:31,505 [RatisPipelineUtilsThread] INFO  pipeline.RatisPipelineProvider (RatisPipelineProvider.java:lambda$create$0(161)) - Sending CreatePipelineCommand for pipeline:PipelineID=0becb242-989c-45d7-a586-b33f8c582359 to datanode:eda6bd80-3bc8-486f-b21b-103a464f444a
2020-11-27 01:37:31,505 [RatisPipelineUtilsThread] INFO  pipeline.PipelineStateManager (PipelineStateManager.java:addPipeline(54)) - Created pipeline Pipeline[ Id: 0becb242-989c-45d7-a586-b33f8c582359, Nodes: d247a803-3982-4a1e-9d5c-2cb5c984a205{ip: 172.17.0.2, host: 3bf31645156d, networkLocation: /default-rack, certSerialId: null}525ac4ff-a043-43ae-b658-3dd89705e4a8{ip: 172.17.0.2, host: 3bf31645156d, networkLocation: /default-rack, certSerialId: null}eda6bd80-3bc8-486f-b21b-103a464f444a{ip: 172.17.0.2, host: 3bf31645156d, networkLocation: /default-rack, certSerialId: null}, Type:RATIS, Factor:THREE, State:ALLOCATED, leaderId:, CreationTimestamp2020-11-27T01:37:31.504Z]
2020-11-27 01:37:31,505 [RatisPipelineUtilsThread] INFO  pipeline.SCMPipelineManager (SCMPipelineManager.java:recordMetricsForPipeline(243)) - Pipeline: PipelineID=0becb242-989c-45d7-a586-b33f8c582359 contains same datanodes as previous pipelines: PipelineID=17ccad59-30bb-45e7-92be-977a4cf7e56e nodeIds: d247a803-3982-4a1e-9d5c-2cb5c984a205, 525ac4ff-a043-43ae-b658-3dd89705e4a8, eda6bd80-3bc8-486f-b21b-103a464f444a
2020-11-27 01:37:31,688 [Listener at 127.0.0.1/40963] INFO  ozone.MiniOzoneClusterImpl (MiniOzoneClusterImpl.java:lambda$waitForClusterToBeReady$0(178)) - Waiting for nodes to be ready. Got 6 of 7 DN Heartbeats.
2020-11-27 01:37:31,688 [Listener at 127.0.0.1/40963] INFO  ozone.MiniOzoneClusterImpl (MiniOzoneClusterImpl.java:lambda$waitForClusterToBeReady$0(181)) - Waiting for cluster to exit safe mode
2020-11-27 01:37:31,696 [IPC Server handler 3 on default port 36615] INFO  net.NetworkTopologyImpl (NetworkTopologyImpl.java:add(111)) - Added a new node: /default-rack/5b456079-358f-469d-9a4b-1e41f0af00c2
2020-11-27 01:37:31,696 [IPC Server handler 3 on default port 36615] INFO  node.SCMNodeManager (SCMNodeManager.java:register(282)) - Registered Data node : 5b456079-358f-469d-9a4b-1e41f0af00c2{ip: 172.17.0.2, host: 3bf31645156d, networkLocation: /default-rack, certSerialId: null}
2020-11-27 01:37:31,696 [EventQueue-PipelineReportForOneReplicaPipelineSafeModeRule] INFO  safemode.SCMSafeModeManager (SCMSafeModeManager.java:validateSafeModeExitRules(214)) - AtleastOneDatanodeReportedRule rule is successfully validated
2020-11-27 01:37:31,697 [EventQueue-NodeRegistrationContainerReportForDataNodeSafeModeRule] INFO  safemode.SCMSafeModeManager (SCMSafeModeManager.java:validateSafeModeExitRules(214)) - DataNodeSafeModeRule rule is successfully validated
2020-11-27 01:37:31,697 [EventQueue-NodeRegistrationContainerReportForContainerSafeModeRule] INFO  safemode.SCMSafeModeManager (SCMSafeModeManager.java:validateSafeModeExitRules(214)) - ContainerSafeModeRule rule is successfully validated
2020-11-27 01:37:31,698 [RatisPipelineUtilsThread] INFO  pipeline.RatisPipelineProvider (RatisPipelineProvider.java:lambda$create$0(161)) - Sending CreatePipelineCommand for pipeline:PipelineID=ca55c6d7-b416-4613-abcf-00fcdb166a45 to datanode:5b456079-358f-469d-9a4b-1e41f0af00c2
2020-11-27 01:37:31,698 [RatisPipelineUtilsThread] INFO  pipeline.PipelineStateManager (PipelineStateManager.java:addPipeline(54)) - Created pipeline Pipeline[ Id: ca55c6d7-b416-4613-abcf-00fcdb166a45, Nodes: 5b456079-358f-469d-9a4b-1e41f0af00c2{ip: 172.17.0.2, host: 3bf31645156d, networkLocation: /default-rack, certSerialId: null}, Type:RATIS, Factor:ONE, State:ALLOCATED, leaderId:, CreationTimestamp2020-11-27T01:37:31.698Z]
2020-11-27 01:37:32,689 [Listener at 127.0.0.1/40963] INFO  ozone.MiniOzoneClusterImpl (MiniOzoneClusterImpl.java:lambda$waitForClusterToBeReady$0(178)) - Nodes are ready. Got 7 of 7 DN Heartbeats.
2020-11-27 01:37:32,689 [Listener at 127.0.0.1/40963] INFO  ozone.MiniOzoneClusterImpl (MiniOzoneClusterImpl.java:lambda$waitForClusterToBeReady$0(181)) - Waiting for cluster to exit safe mode
2020-11-27 01:37:33,519 [Command processor thread] INFO  impl.RaftServerProxy (RaftServerProxy.java:addNew(93)) - 03f5e28f-1ccf-47de-881e-8ae7723c653b: addNew group-0CBE121E3DF4:[03f5e28f-1ccf-47de-881e-8ae7723c653b|rpc:172.17.0.2:40701] returns group-0CBE121E3DF4:java.util.concurrent.CompletableFuture@2eacb009[Not completed]
2020-11-27 01:37:33,520 [pool-645-thread-1] INFO  impl.RaftServerImpl (RaftServerImpl.java:<init>(121)) - 03f5e28f-1ccf-47de-881e-8ae7723c653b: new RaftServerImpl for group-0CBE121E3DF4:[03f5e28f-1ccf-47de-881e-8ae7723c653b|rpc:172.17.0.2:40701] with ContainerStateMachine:uninitialized
2020-11-27 01:37:33,521 [pool-645-thread-1] INFO  server.RaftServerConfigKeys (ConfUtils.java:logGet(44)) - raft.server.rpc.timeout.min = 5s (custom)
2020-11-27 01:37:33,521 [pool-645-thread-1] INFO  server.RaftServerConfigKeys (ConfUtils.java:logGet(44)) - raft.server.rpc.timeout.max = 5200ms (custom)
2020-11-27 01:37:33,521 [pool-645-thread-1] INFO  server.RaftServerConfigKeys (ConfUtils.java:logGet(44)) - raft.server.rpc.slowness.timeout = 300000ms (custom)
2020-11-27 01:37:33,521 [pool-645-thread-1] INFO  server.RaftServerConfigKeys (ConfUtils.java:logGet(44)) - raft.server.leaderelection.leader.step-down.wait-time = 10s (default)
2020-11-27 01:37:33,521 [pool-645-thread-1] INFO  server.RaftServerConfigKeys (ConfUtils.java:logGet(44)) - raft.server.sleep.deviation.threshold = 300 (default)
2020-11-27 01:37:33,521 [pool-645-thread-1] INFO  server.RaftServerConfigKeys (ConfUtils.java:logGet(44)) - raft.server.log.appender.install.snapshot.enabled = false (custom)
2020-11-27 01:37:33,521 [pool-645-thread-1] INFO  impl.RaftServerImpl (ServerState.java:<init>(104)) - 03f5e28f-1ccf-47de-881e-8ae7723c653b@group-0CBE121E3DF4: ConfigurationManager, init=-1: [03f5e28f-1ccf-47de-881e-8ae7723c653b|rpc:172.17.0.2:40701], old=null, confs=<EMPTY_MAP>
2020-11-27 01:37:33,521 [pool-645-thread-1] INFO  server.RaftServerConfigKeys (ConfUtils.java:logGet(44)) - raft.server.storage.dir = [/github/workspace/mnt/ozone/hadoop-ozone/integration-test/target/test-dir/MiniOzoneClusterImpl-7befb19c-4ec9-4b73-94e9-5feb4aa859dd/datanode-0/data/ratis] (custom)
2020-11-27 01:37:33,522 [pool-645-thread-1] INFO  server.RaftServerConfigKeys (ConfUtils.java:logGet(44)) - raft.server.log.corruption.policy = EXCEPTION (default)
2020-11-27 01:37:33,522 [pool-645-thread-1] INFO  storage.RaftStorageDirectory (RaftStorageDirectory.java:analyzeStorage(261)) - The storage directory /github/workspace/mnt/ozone/hadoop-ozone/integration-test/target/test-dir/MiniOzoneClusterImpl-7befb19c-4ec9-4b73-94e9-5feb4aa859dd/datanode-0/data/ratis/2cfdab94-7f9d-49b6-a8d8-0cbe121e3df4 does not exist. Creating ...
2020-11-27 01:37:33,523 [pool-645-thread-1] INFO  storage.RaftStorageDirectory (RaftStorageDirectory.java:tryLock(343)) - Lock on /github/workspace/mnt/ozone/hadoop-ozone/integration-test/target/test-dir/MiniOzoneClusterImpl-7befb19c-4ec9-4b73-94e9-5feb4aa859dd/datanode-0/data/ratis/2cfdab94-7f9d-49b6-a8d8-0cbe121e3df4/in_use.lock acquired by nodename 18347@3bf31645156d
2020-11-27 01:37:33,525 [pool-645-thread-1] INFO  storage.RaftStorage (RaftStorage.java:format(85)) - Storage directory /github/workspace/mnt/ozone/hadoop-ozone/integration-test/target/test-dir/MiniOzoneClusterImpl-7befb19c-4ec9-4b73-94e9-5feb4aa859dd/datanode-0/data/ratis/2cfdab94-7f9d-49b6-a8d8-0cbe121e3df4 has been successfully formatted.
2020-11-27 01:37:33,526 [pool-645-thread-1] INFO  ratis.ContainerStateMachine (ContainerStateMachine.java:loadSnapshot(225)) - group-0CBE121E3DF4: The snapshot info is null. Setting the last applied indexto:(t:0, i:~)
2020-11-27 01:37:33,526 [pool-645-thread-1] INFO  server.RaftServerConfigKeys (ConfUtils.java:logGet(44)) - raft.server.notification.no-leader.timeout = 300000ms (custom)
2020-11-27 01:37:33,526 [pool-645-thread-1] INFO  server.RaftServerConfigKeys (ConfUtils.java:logGet(44)) - raft.server.log.use.memory = false (default)
2020-11-27 01:37:33,526 [pool-645-thread-1] INFO  server.RaftServerConfigKeys (ConfUtils.java:logGet(44)) - raft.server.log.purge.gap = 1000000 (custom)
2020-11-27 01:37:33,526 [pool-645-thread-1] INFO  metrics.RatisMetrics (RatisMetrics.java:lambda$create$0(36)) - Creating Metrics Registry : ratis.log_worker.03f5e28f-1ccf-47de-881e-8ae7723c653b@group-0CBE121E3DF4
2020-11-27 01:37:33,527 [EventQueue-PipelineReportForOneReplicaPipelineSafeModeRule] INFO  safemode.SCMSafeModeManager (SCMSafeModeManager.java:validateSafeModeExitRules(214)) - AtleastOneDatanodeReportedRule rule is successfully validated
2020-11-27 01:37:33,527 [EventQueue-PipelineReportForPipelineReportHandler] INFO  pipeline.PipelineStateManager (PipelineStateManager.java:openPipeline(132)) - Pipeline Pipeline[ Id: 2cfdab94-7f9d-49b6-a8d8-0cbe121e3df4, Nodes: 03f5e28f-1ccf-47de-881e-8ae7723c653b{ip: 172.17.0.2, host: 3bf31645156d, networkLocation: /default-rack, certSerialId: null}, Type:RATIS, Factor:ONE, State:ALLOCATED, leaderId:03f5e28f-1ccf-47de-881e-8ae7723c653b, CreationTimestamp2020-11-27T01:37:30.522Z] moved to OPEN state
2020-11-27 01:37:33,529 [EventQueue-OpenPipelineForHealthyPipelineSafeModeRule] INFO  safemode.SCMSafeModeManager (HealthyPipelineSafeModeRule.java:process(128)) - SCM in safe mode. Healthy pipelines reported count is 0, required healthy pipeline reported count is 1
2020-11-27 01:37:33,532 [pool-645-thread-1] INFO  server.RaftServerConfigKeys (ConfUtils.java:logGet(44)) - raft.server.log.appender.buffer.byte-limit = 33554432 (custom)
2020-11-27 01:37:33,532 [pool-645-thread-1] INFO  server.RaftServerConfigKeys (ConfUtils.java:logGet(44)) - raft.server.log.segment.size.max = 1048576 (custom)
2020-11-27 01:37:33,533 [pool-645-thread-1] INFO  server.RaftServerConfigKeys (ConfUtils.java:logGet(44)) - raft.server.log.segment.cache.num.max = 2 (custom)
2020-11-27 01:37:33,533 [pool-645-thread-1] INFO  segmented.SegmentedRaftLogWorker (SegmentedRaftLogWorker.java:<init>(180)) - new 03f5e28f-1ccf-47de-881e-8ae7723c653b@group-0CBE121E3DF4-SegmentedRaftLogWorker for RaftStorage:Storage Directory /github/workspace/mnt/ozone/hadoop-ozone/integration-test/target/test-dir/MiniOzoneClusterImpl-7befb19c-4ec9-4b73-94e9-5feb4aa859dd/datanode-0/data/ratis/2cfdab94-7f9d-49b6-a8d8-0cbe121e3df4
2020-11-27 01:37:33,533 [pool-645-thread-1] INFO  server.RaftServerConfigKeys (ConfUtils.java:logGet(44)) - raft.server.log.queue.byte-limit = 2147483647 (custom)
2020-11-27 01:37:33,533 [pool-645-thread-1] INFO  server.RaftServerConfigKeys (ConfUtils.java:logGet(44)) - raft.server.log.queue.element-limit = 1024 (custom)
2020-11-27 01:37:33,533 [pool-645-thread-1] INFO  server.RaftServerConfigKeys (ConfUtils.java:logGet(44)) - raft.server.log.segment.size.max = 1048576 (custom)
2020-11-27 01:37:33,534 [pool-645-thread-1] INFO  server.RaftServerConfigKeys (ConfUtils.java:logGet(44)) - raft.server.log.preallocated.size = 16384 (custom)
2020-11-27 01:37:33,534 [pool-645-thread-1] INFO  server.RaftServerConfigKeys (ConfUtils.java:logGet(44)) - raft.server.log.write.buffer.size = 1048576 (custom)
2020-11-27 01:37:33,534 [pool-645-thread-1] INFO  server.RaftServerConfigKeys (ConfUtils.java:logGet(44)) - raft.server.log.force.sync.num = 128 (default)
2020-11-27 01:37:33,534 [pool-645-thread-1] INFO  server.RaftServerConfigKeys (ConfUtils.java:logGet(44)) - raft.server.log.statemachine.data.sync = true (default)
2020-11-27 01:37:33,534 [pool-645-thread-1] INFO  server.RaftServerConfigKeys (ConfUtils.java:logGet(44)) - raft.server.log.statemachine.data.sync.timeout = 10s (default)
2020-11-27 01:37:33,534 [pool-645-thread-1] INFO  server.RaftServerConfigKeys (ConfUtils.java:logGet(44)) - raft.server.log.statemachine.data.sync.timeout.retry = -1 (default)
2020-11-27 01:37:33,536 [pool-645-thread-1] INFO  server.RaftServerConfigKeys (ConfUtils.java:logGet(44)) - raft.server.log.statemachine.data.caching.enabled = true (custom)
2020-11-27 01:37:33,537 [pool-645-thread-1] INFO  segmented.SegmentedRaftLogWorker (SegmentedRaftLogWorker.java:lambda$new$0(129)) - 03f5e28f-1ccf-47de-881e-8ae7723c653b@group-0CBE121E3DF4-SegmentedRaftLogWorker: flushIndex: setUnconditionally 0 -> -1
2020-11-27 01:37:33,537 [pool-645-thread-1] INFO  segmented.SegmentedRaftLogWorker (SegmentedRaftLogWorker.java:lambda$new$0(129)) - 03f5e28f-1ccf-47de-881e-8ae7723c653b@group-0CBE121E3DF4-SegmentedRaftLogWorker: safeCacheEvictIndex: setUnconditionally 0 -> -1
2020-11-27 01:37:33,537 [pool-645-thread-1] INFO  server.RaftServerConfigKeys (ConfUtils.java:logGet(44)) - raft.server.snapshot.auto.trigger.enabled = true (custom)
2020-11-27 01:37:33,537 [pool-645-thread-1] INFO  server.RaftServerConfigKeys (ConfUtils.java:logGet(44)) - raft.server.snapshot.auto.trigger.threshold = 10000 (custom)
2020-11-27 01:37:33,537 [pool-645-thread-1] INFO  server.RaftServerConfigKeys (ConfUtils.java:logGet(44)) - raft.server.snapshot.retention.file.num = 5 (custom)
2020-11-27 01:37:33,537 [pool-645-thread-1] INFO  server.RaftServerConfigKeys (ConfUtils.java:logGet(44)) - raft.server.log.purge.upto.snapshot.index = false (default)
2020-11-27 01:37:33,537 [pool-645-thread-1] INFO  server.RaftServerConfigKeys (ConfUtils.java:logGet(44)) - raft.server.retrycache.expirytime = 600000ms (custom)
2020-11-27 01:37:33,537 [pool-645-thread-1] INFO  metrics.RatisMetrics (RatisMetrics.java:lambda$create$0(36)) - Creating Metrics Registry : ratis.leader_election.03f5e28f-1ccf-47de-881e-8ae7723c653b@group-0CBE121E3DF4
2020-11-27 01:37:33,538 [pool-645-thread-1] INFO  metrics.RatisMetrics (RatisMetrics.java:lambda$create$0(36)) - Creating Metrics Registry : ratis.server.03f5e28f-1ccf-47de-881e-8ae7723c653b@group-0CBE121E3DF4
2020-11-27 01:37:33,539 [pool-645-thread-1] INFO  impl.RaftServerImpl (RaftServerImpl.java:start(215)) - 03f5e28f-1ccf-47de-881e-8ae7723c653b@group-0CBE121E3DF4: start as a follower, conf=-1: [03f5e28f-1ccf-47de-881e-8ae7723c653b|rpc:172.17.0.2:40701], old=null
2020-11-27 01:37:33,540 [pool-645-thread-1] INFO  impl.RaftServerImpl (RaftServerImpl.java:setRole(204)) - 03f5e28f-1ccf-47de-881e-8ae7723c653b@group-0CBE121E3DF4: changes role from      null to FOLLOWER at term 0 for startAsFollower
2020-11-27 01:37:33,540 [pool-645-thread-1] INFO  impl.RoleInfo (RoleInfo.java:updateAndGet(143)) - 03f5e28f-1ccf-47de-881e-8ae7723c653b: start 03f5e28f-1ccf-47de-881e-8ae7723c653b@group-0CBE121E3DF4-FollowerState
2020-11-27 01:37:33,540 [pool-645-thread-1] INFO  util.JmxRegister (JmxRegister.java:tryRegister(44)) - Successfully registered JMX Bean with object name Ratis:service=RaftServer,group=group-0CBE121E3DF4,id=03f5e28f-1ccf-47de-881e-8ae7723c653b
2020-11-27 01:37:33,540 [pool-645-thread-1] INFO  metrics.RatisMetrics (RatisMetrics.java:lambda$create$0(36)) - Creating Metrics Registry : ratis.state_machine.03f5e28f-1ccf-47de-881e-8ae7723c653b@group-0CBE121E3DF4
2020-11-27 01:37:33,541 [Command processor thread] INFO  commandhandler.CreatePipelineCommandHandler (CreatePipelineCommandHandler.java:handle(106)) - Created Pipeline RATIS ONE PipelineID=2cfdab94-7f9d-49b6-a8d8-0cbe121e3df4.
2020-11-27 01:37:33,541 [Command processor thread] INFO  impl.RaftServerProxy (RaftServerProxy.java:addNew(93)) - 03f5e28f-1ccf-47de-881e-8ae7723c653b: addNew group-560F50B45583:[fadf6fe5-11c1-4da6-9372-0a456385f570|rpc:172.17.0.2:44925, 03f5e28f-1ccf-47de-881e-8ae7723c653b|rpc:172.17.0.2:40701, 24a428e6-ab73-4f5b-a870-5f8cec721e35|rpc:172.17.0.2:43409] returns group-560F50B45583:java.util.concurrent.CompletableFuture@2a933104[Not completed]
2020-11-27 01:37:33,542 [pool-645-thread-1] INFO  impl.RaftServerImpl (RaftServerImpl.java:<init>(121)) - 03f5e28f-1ccf-47de-881e-8ae7723c653b: new RaftServerImpl for group-560F50B45583:[fadf6fe5-11c1-4da6-9372-0a456385f570|rpc:172.17.0.2:44925, 03f5e28f-1ccf-47de-881e-8ae7723c653b|rpc:172.17.0.2:40701, 24a428e6-ab73-4f5b-a870-5f8cec721e35|rpc:172.17.0.2:43409] with ContainerStateMachine:uninitialized
2020-11-27 01:37:33,542 [pool-645-thread-1] INFO  server.RaftServerConfigKeys (ConfUtils.java:logGet(44)) - raft.server.rpc.timeout.min = 5s (custom)
2020-11-27 01:37:33,542 [pool-645-thread-1] INFO  server.RaftServerConfigKeys (ConfUtils.java:logGet(44)) - raft.server.rpc.timeout.max = 5200ms (custom)
2020-11-27 01:37:33,542 [pool-645-thread-1] INFO  server.RaftServerConfigKeys (ConfUtils.java:logGet(44)) - raft.server.rpc.slowness.timeout = 300000ms (custom)
2020-11-27 01:37:33,542 [pool-645-thread-1] INFO  server.RaftServerConfigKeys (ConfUtils.java:logGet(44)) - raft.server.leaderelection.leader.step-down.wait-time = 10s (default)
2020-11-27 01:37:33,542 [pool-645-thread-1] INFO  server.RaftServerConfigKeys (ConfUtils.java:logGet(44)) - raft.server.sleep.deviation.threshold = 300 (default)
2020-11-27 01:37:33,542 [pool-645-thread-1] INFO  server.RaftServerConfigKeys (ConfUtils.java:logGet(44)) - raft.server.log.appender.install.snapshot.enabled = false (custom)
2020-11-27 01:37:33,543 [pool-645-thread-1] INFO  impl.RaftServerImpl (ServerState.java:<init>(104)) - 03f5e28f-1ccf-47de-881e-8ae7723c653b@group-560F50B45583: ConfigurationManager, init=-1: [fadf6fe5-11c1-4da6-9372-0a456385f570|rpc:172.17.0.2:44925, 03f5e28f-1ccf-47de-881e-8ae7723c653b|rpc:172.17.0.2:40701, 24a428e6-ab73-4f5b-a870-5f8cec721e35|rpc:172.17.0.2:43409], old=null, confs=<EMPTY_MAP>
2020-11-27 01:37:33,543 [pool-645-thread-1] INFO  server.RaftServerConfigKeys (ConfUtils.java:logGet(44)) - raft.server.storage.dir = [/github/workspace/mnt/ozone/hadoop-ozone/integration-test/target/test-dir/MiniOzoneClusterImpl-7befb19c-4ec9-4b73-94e9-5feb4aa859dd/datanode-0/data/ratis] (custom)
2020-11-27 01:37:33,543 [pool-645-thread-1] INFO  server.RaftServerConfigKeys (ConfUtils.java:logGet(44)) - raft.server.log.corruption.policy = EXCEPTION (default)
2020-11-27 01:37:33,543 [pool-645-thread-1] INFO  storage.RaftStorageDirectory (RaftStorageDirectory.java:analyzeStorage(261)) - The storage directory /github/workspace/mnt/ozone/hadoop-ozone/integration-test/target/test-dir/MiniOzoneClusterImpl-7befb19c-4ec9-4b73-94e9-5feb4aa859dd/datanode-0/data/ratis/f811b82f-7be0-4efd-be02-560f50b45583 does not exist. Creating ...
2020-11-27 01:37:33,544 [pool-645-thread-1] INFO  storage.RaftStorageDirectory (RaftStorageDirectory.java:tryLock(343)) - Lock on /github/workspace/mnt/ozone/hadoop-ozone/integration-test/target/test-dir/MiniOzoneClusterImpl-7befb19c-4ec9-4b73-94e9-5feb4aa859dd/datanode-0/data/ratis/f811b82f-7be0-4efd-be02-560f50b45583/in_use.lock acquired by nodename 18347@3bf31645156d
2020-11-27 01:37:33,545 [pool-645-thread-1] INFO  storage.RaftStorage (RaftStorage.java:format(85)) - Storage directory /github/workspace/mnt/ozone/hadoop-ozone/integration-test/target/test-dir/MiniOzoneClusterImpl-7befb19c-4ec9-4b73-94e9-5feb4aa859dd/datanode-0/data/ratis/f811b82f-7be0-4efd-be02-560f50b45583 has been successfully formatted.
2020-11-27 01:37:33,545 [pool-645-thread-1] INFO  ratis.ContainerStateMachine (ContainerStateMachine.java:loadSnapshot(225)) - group-560F50B45583: The snapshot info is null. Setting the last applied indexto:(t:0, i:~)
2020-11-27 01:37:33,545 [pool-645-thread-1] INFO  server.RaftServerConfigKeys (ConfUtils.java:logGet(44)) - raft.server.notification.no-leader.timeout = 300000ms (custom)
2020-11-27 01:37:33,545 [pool-645-thread-1] INFO  server.RaftServerConfigKeys (ConfUtils.java:logGet(44)) - raft.server.log.use.memory = false (default)
2020-11-27 01:37:33,546 [pool-645-thread-1] INFO  server.RaftServerConfigKeys (ConfUtils.java:logGet(44)) - raft.server.log.purge.gap = 1000000 (custom)
2020-11-27 01:37:33,546 [pool-645-thread-1] INFO  metrics.RatisMetrics (RatisMetrics.java:lambda$create$0(36)) - Creating Metrics Registry : ratis.log_worker.03f5e28f-1ccf-47de-881e-8ae7723c653b@group-560F50B45583
2020-11-27 01:37:33,546 [EventQueue-OpenPipelineForHealthyPipelineSafeModeRule] INFO  safemode.SCMSafeModeManager (HealthyPipelineSafeModeRule.java:process(128)) - SCM in safe mode. Healthy pipelines reported count is 0, required healthy pipeline reported count is 1
2020-11-27 01:37:33,546 [EventQueue-PipelineReportForOneReplicaPipelineSafeModeRule] INFO  safemode.SCMSafeModeManager (SCMSafeModeManager.java:validateSafeModeExitRules(214)) - AtleastOneDatanodeReportedRule rule is successfully validated
2020-11-27 01:37:33,546 [pool-645-thread-1] INFO  server.RaftServerConfigKeys (ConfUtils.java:logGet(44)) - raft.server.log.appender.buffer.byte-limit = 33554432 (custom)
2020-11-27 01:37:33,546 [pool-645-thread-1] INFO  server.RaftServerConfigKeys (ConfUtils.java:logGet(44)) - raft.server.log.segment.size.max = 1048576 (custom)
2020-11-27 01:37:33,547 [pool-645-thread-1] INFO  server.RaftServerConfigKeys (ConfUtils.java:logGet(44)) - raft.server.log.segment.cache.num.max = 2 (custom)
2020-11-27 01:37:33,547 [pool-645-thread-1] INFO  segmented.SegmentedRaftLogWorker (SegmentedRaftLogWorker.java:<init>(180)) - new 03f5e28f-1ccf-47de-881e-8ae7723c653b@group-560F50B45583-SegmentedRaftLogWorker for RaftStorage:Storage Directory /github/workspace/mnt/ozone/hadoop-ozone/integration-test/target/test-dir/MiniOzoneClusterImpl-7befb19c-4ec9-4b73-94e9-5feb4aa859dd/datanode-0/data/ratis/f811b82f-7be0-4efd-be02-560f50b45583
2020-11-27 01:37:33,547 [pool-645-thread-1] INFO  server.RaftServerConfigKeys (ConfUtils.java:logGet(44)) - raft.server.log.queue.byte-limit = 2147483647 (custom)
2020-11-27 01:37:33,547 [pool-645-thread-1] INFO  server.RaftServerConfigKeys (ConfUtils.java:logGet(44)) - raft.server.log.queue.element-limit = 1024 (custom)
2020-11-27 01:37:33,547 [pool-645-thread-1] INFO  server.RaftServerConfigKeys (ConfUtils.java:logGet(44)) - raft.server.log.segment.size.max = 1048576 (custom)
2020-11-27 01:37:33,547 [pool-645-thread-1] INFO  server.RaftServerConfigKeys (ConfUtils.java:logGet(44)) - raft.server.log.preallocated.size = 16384 (custom)
2020-11-27 01:37:33,547 [pool-645-thread-1] INFO  server.RaftServerConfigKeys (ConfUtils.java:logGet(44)) - raft.server.log.write.buffer.size = 1048576 (custom)
2020-11-27 01:37:33,547 [pool-645-thread-1] INFO  server.RaftServerConfigKeys (ConfUtils.java:logGet(44)) - raft.server.log.force.sync.num = 128 (default)
2020-11-27 01:37:33,548 [pool-645-thread-1] INFO  server.RaftServerConfigKeys (ConfUtils.java:logGet(44)) - raft.server.log.statemachine.data.sync = true (default)
2020-11-27 01:37:33,548 [pool-645-thread-1] INFO  server.RaftServerConfigKeys (ConfUtils.java:logGet(44)) - raft.server.log.statemachine.data.sync.timeout = 10s (default)
2020-11-27 01:37:33,548 [pool-645-thread-1] INFO  server.RaftServerConfigKeys (ConfUtils.java:logGet(44)) - raft.server.log.statemachine.data.sync.timeout.retry = -1 (default)
2020-11-27 01:37:33,550 [pool-645-thread-1] INFO  server.RaftServerConfigKeys (ConfUtils.java:logGet(44)) - raft.server.log.statemachine.data.caching.enabled = true (custom)
2020-11-27 01:37:33,550 [pool-645-thread-1] INFO  segmented.SegmentedRaftLogWorker (SegmentedRaftLogWorker.java:lambda$new$0(129)) - 03f5e28f-1ccf-47de-881e-8ae7723c653b@group-560F50B45583-SegmentedRaftLogWorker: flushIndex: setUnconditionally 0 -> -1
2020-11-27 01:37:33,550 [pool-645-thread-1] INFO  segmented.SegmentedRaftLogWorker (SegmentedRaftLogWorker.java:lambda$new$0(129)) - 03f5e28f-1ccf-47de-881e-8ae7723c653b@group-560F50B45583-SegmentedRaftLogWorker: safeCacheEvictIndex: setUnconditionally 0 -> -1
2020-11-27 01:37:33,551 [pool-645-thread-1] INFO  server.RaftServerConfigKeys (ConfUtils.java:logGet(44)) - raft.server.snapshot.auto.trigger.enabled = true (custom)
2020-11-27 01:37:33,551 [pool-645-thread-1] INFO  server.RaftServerConfigKeys (ConfUtils.java:logGet(44)) - raft.server.snapshot.auto.trigger.threshold = 10000 (custom)
2020-11-27 01:37:33,551 [pool-645-thread-1] INFO  server.RaftServerConfigKeys (ConfUtils.java:logGet(44)) - raft.server.snapshot.retention.file.num = 5 (custom)
2020-11-27 01:37:33,551 [pool-645-thread-1] INFO  server.RaftServerConfigKeys (ConfUtils.java:logGet(44)) - raft.server.log.purge.upto.snapshot.index = false (default)
2020-11-27 01:37:33,551 [pool-645-thread-1] INFO  server.RaftServerConfigKeys (ConfUtils.java:logGet(44)) - raft.server.retrycache.expirytime = 600000ms (custom)
2020-11-27 01:37:33,551 [pool-645-thread-1] INFO  metrics.RatisMetrics (RatisMetrics.java:lambda$create$0(36)) - Creating Metrics Registry : ratis.leader_election.03f5e28f-1ccf-47de-881e-8ae7723c653b@group-560F50B45583
2020-11-27 01:37:33,552 [pool-645-thread-1] INFO  metrics.RatisMetrics (RatisMetrics.java:lambda$create$0(36)) - Creating Metrics Registry : ratis.server.03f5e28f-1ccf-47de-881e-8ae7723c653b@group-560F50B45583
2020-11-27 01:37:33,553 [pool-645-thread-1] INFO  impl.RaftServerImpl (RaftServerImpl.java:start(215)) - 03f5e28f-1ccf-47de-881e-8ae7723c653b@group-560F50B45583: start as a follower, conf=-1: [fadf6fe5-11c1-4da6-9372-0a456385f570|rpc:172.17.0.2:44925, 03f5e28f-1ccf-47de-881e-8ae7723c653b|rpc:172.17.0.2:40701, 24a428e6-ab73-4f5b-a870-5f8cec721e35|rpc:172.17.0.2:43409], old=null
2020-11-27 01:37:33,553 [pool-645-thread-1] INFO  impl.RaftServerImpl (RaftServerImpl.java:setRole(204)) - 03f5e28f-1ccf-47de-881e-8ae7723c653b@group-560F50B45583: changes role from      null to FOLLOWER at term 0 for startAsFollower
2020-11-27 01:37:33,553 [pool-645-thread-1] INFO  impl.RoleInfo (RoleInfo.java:updateAndGet(143)) - 03f5e28f-1ccf-47de-881e-8ae7723c653b: start 03f5e28f-1ccf-47de-881e-8ae7723c653b@group-560F50B45583-FollowerState
2020-11-27 01:37:33,554 [pool-645-thread-1] INFO  util.JmxRegister (JmxRegister.java:tryRegister(44)) - Successfully registered JMX Bean with object name Ratis:service=RaftServer,group=group-560F50B45583,id=03f5e28f-1ccf-47de-881e-8ae7723c653b
2020-11-27 01:37:33,554 [pool-645-thread-1] INFO  metrics.RatisMetrics (RatisMetrics.java:lambda$create$0(36)) - Creating Metrics Registry : ratis.state_machine.03f5e28f-1ccf-47de-881e-8ae7723c653b@group-560F50B45583
2020-11-27 01:37:33,555 [Command processor thread] INFO  metrics.RatisMetrics (RatisMetrics.java:lambda$create$0(36)) - Creating Metrics Registry : ratis.client_message_metrics.client-20C0ACED52E3->24a428e6-ab73-4f5b-a870-5f8cec721e35
2020-11-27 01:37:33,570 [grpc-default-executor-6] INFO  metrics.RatisMetrics (RatisMetrics.java:lambda$create$0(36)) - Creating Metrics Registry : ratis.server_message_metrics.24a428e6-ab73-4f5b-a870-5f8cec721e35
2020-11-27 01:37:33,571 [grpc-default-executor-6] INFO  impl.RaftServerProxy (RaftServerProxy.java:addNew(93)) - 24a428e6-ab73-4f5b-a870-5f8cec721e35: addNew group-560F50B45583:[fadf6fe5-11c1-4da6-9372-0a456385f570|rpc:172.17.0.2:44925|dataStream:, 03f5e28f-1ccf-47de-881e-8ae7723c653b|rpc:172.17.0.2:40701|dataStream:, 24a428e6-ab73-4f5b-a870-5f8cec721e35|rpc:172.17.0.2:43409|dataStream:] returns group-560F50B45583:java.util.concurrent.CompletableFuture@43a6ccbc[Not completed]
2020-11-27 01:37:33,572 [pool-660-thread-1] INFO  impl.RaftServerImpl (RaftServerImpl.java:<init>(121)) - 24a428e6-ab73-4f5b-a870-5f8cec721e35: new RaftServerImpl for group-560F50B45583:[fadf6fe5-11c1-4da6-9372-0a456385f570|rpc:172.17.0.2:44925|dataStream:, 03f5e28f-1ccf-47de-881e-8ae7723c653b|rpc:172.17.0.2:40701|dataStream:, 24a428e6-ab73-4f5b-a870-5f8cec721e35|rpc:172.17.0.2:43409|dataStream:] with ContainerStateMachine:uninitialized
2020-11-27 01:37:33,572 [pool-660-thread-1] INFO  server.RaftServerConfigKeys (ConfUtils.java:logGet(44)) - raft.server.rpc.timeout.min = 5s (custom)
2020-11-27 01:37:33,572 [pool-660-thread-1] INFO  server.RaftServerConfigKeys (ConfUtils.java:logGet(44)) - raft.server.rpc.timeout.max = 5200ms (custom)
2020-11-27 01:37:33,572 [pool-660-thread-1] INFO  server.RaftServerConfigKeys (ConfUtils.java:logGet(44)) - raft.server.rpc.slowness.timeout = 300000ms (custom)
2020-11-27 01:37:33,572 [pool-660-thread-1] INFO  server.RaftServerConfigKeys (ConfUtils.java:logGet(44)) - raft.server.leaderelection.leader.step-down.wait-time = 10s (default)
2020-11-27 01:37:33,572 [pool-660-thread-1] INFO  server.RaftServerConfigKeys (ConfUtils.java:logGet(44)) - raft.server.sleep.deviation.threshold = 300 (default)
2020-11-27 01:37:33,572 [pool-660-thread-1] INFO  server.RaftServerConfigKeys (ConfUtils.java:logGet(44)) - raft.server.log.appender.install.snapshot.enabled = false (custom)
2020-11-27 01:37:33,573 [pool-660-thread-1] INFO  impl.RaftServerImpl (ServerState.java:<init>(104)) - 24a428e6-ab73-4f5b-a870-5f8cec721e35@group-560F50B45583: ConfigurationManager, init=-1: [fadf6fe5-11c1-4da6-9372-0a456385f570|rpc:172.17.0.2:44925|dataStream:, 03f5e28f-1ccf-47de-881e-8ae7723c653b|rpc:172.17.0.2:40701|dataStream:, 24a428e6-ab73-4f5b-a870-5f8cec721e35|rpc:172.17.0.2:43409|dataStream:], old=null, confs=<EMPTY_MAP>
2020-11-27 01:37:33,573 [pool-660-thread-1] INFO  server.RaftServerConfigKeys (ConfUtils.java:logGet(44)) - raft.server.storage.dir = [/github/workspace/mnt/ozone/hadoop-ozone/integration-test/target/test-dir/MiniOzoneClusterImpl-7befb19c-4ec9-4b73-94e9-5feb4aa859dd/datanode-1/data/ratis] (custom)
2020-11-27 01:37:33,573 [pool-660-thread-1] INFO  server.RaftServerConfigKeys (ConfUtils.java:logGet(44)) - raft.server.log.corruption.policy = EXCEPTION (default)
2020-11-27 01:37:33,573 [pool-660-thread-1] INFO  storage.RaftStorageDirectory (RaftStorageDirectory.java:analyzeStorage(261)) - The storage directory /github/workspace/mnt/ozone/hadoop-ozone/integration-test/target/test-dir/MiniOzoneClusterImpl-7befb19c-4ec9-4b73-94e9-5feb4aa859dd/datanode-1/data/ratis/f811b82f-7be0-4efd-be02-560f50b45583 does not exist. Creating ...
2020-11-27 01:37:33,574 [pool-660-thread-1] INFO  storage.RaftStorageDirectory (RaftStorageDirectory.java:tryLock(343)) - Lock on /github/workspace/mnt/ozone/hadoop-ozone/integration-test/target/test-dir/MiniOzoneClusterImpl-7befb19c-4ec9-4b73-94e9-5feb4aa859dd/datanode-1/data/ratis/f811b82f-7be0-4efd-be02-560f50b45583/in_use.lock acquired by nodename 18347@3bf31645156d
2020-11-27 01:37:33,576 [pool-660-thread-1] INFO  storage.RaftStorage (RaftStorage.java:format(85)) - Storage directory /github/workspace/mnt/ozone/hadoop-ozone/integration-test/target/test-dir/MiniOzoneClusterImpl-7befb19c-4ec9-4b73-94e9-5feb4aa859dd/datanode-1/data/ratis/f811b82f-7be0-4efd-be02-560f50b45583 has been successfully formatted.
2020-11-27 01:37:33,576 [pool-660-thread-1] INFO  ratis.ContainerStateMachine (ContainerStateMachine.java:loadSnapshot(225)) - group-560F50B45583: The snapshot info is null. Setting the last applied indexto:(t:0, i:~)
2020-11-27 01:37:33,577 [pool-660-thread-1] INFO  server.RaftServerConfigKeys (ConfUtils.java:logGet(44)) - raft.server.notification.no-leader.timeout = 300000ms (custom)
2020-11-27 01:37:33,577 [pool-660-thread-1] INFO  server.RaftServerConfigKeys (ConfUtils.java:logGet(44)) - raft.server.log.use.memory = false (default)
2020-11-27 01:37:33,577 [pool-660-thread-1] INFO  server.RaftServerConfigKeys (ConfUtils.java:logGet(44)) - raft.server.log.purge.gap = 1000000 (custom)
2020-11-27 01:37:33,577 [pool-660-thread-1] INFO  metrics.RatisMetrics (RatisMetrics.java:lambda$create$0(36)) - Creating Metrics Registry : ratis.log_worker.24a428e6-ab73-4f5b-a870-5f8cec721e35@group-560F50B45583
2020-11-27 01:37:33,577 [EventQueue-PipelineReportForOneReplicaPipelineSafeModeRule] INFO  safemode.SCMSafeModeManager (SCMSafeModeManager.java:validateSafeModeExitRules(214)) - AtleastOneDatanodeReportedRule rule is successfully validated
2020-11-27 01:37:33,577 [pool-660-thread-1] INFO  server.RaftServerConfigKeys (ConfUtils.java:logGet(44)) - raft.server.log.appender.buffer.byte-limit = 33554432 (custom)
2020-11-27 01:37:33,577 [pool-660-thread-1] INFO  server.RaftServerConfigKeys (ConfUtils.java:logGet(44)) - raft.server.log.segment.size.max = 1048576 (custom)
2020-11-27 01:37:33,578 [pool-660-thread-1] INFO  server.RaftServerConfigKeys (ConfUtils.java:logGet(44)) - raft.server.log.segment.cache.num.max = 2 (custom)
2020-11-27 01:37:33,578 [pool-660-thread-1] INFO  segmented.SegmentedRaftLogWorker (SegmentedRaftLogWorker.java:<init>(180)) - new 24a428e6-ab73-4f5b-a870-5f8cec721e35@group-560F50B45583-SegmentedRaftLogWorker for RaftStorage:Storage Directory /github/workspace/mnt/ozone/hadoop-ozone/integration-test/target/test-dir/MiniOzoneClusterImpl-7befb19c-4ec9-4b73-94e9-5feb4aa859dd/datanode-1/data/ratis/f811b82f-7be0-4efd-be02-560f50b45583
2020-11-27 01:37:33,578 [pool-660-thread-1] INFO  server.RaftServerConfigKeys (ConfUtils.java:logGet(44)) - raft.server.log.queue.byte-limit = 2147483647 (custom)
2020-11-27 01:37:33,578 [pool-660-thread-1] INFO  server.RaftServerConfigKeys (ConfUtils.java:logGet(44)) - raft.server.log.queue.element-limit = 1024 (custom)
2020-11-27 01:37:33,578 [pool-660-thread-1] INFO  server.RaftServerConfigKeys (ConfUtils.java:logGet(44)) - raft.server.log.segment.size.max = 1048576 (custom)
2020-11-27 01:37:33,578 [pool-660-thread-1] INFO  server.RaftServerConfigKeys (ConfUtils.java:logGet(44)) - raft.server.log.preallocated.size = 16384 (custom)
2020-11-27 01:37:33,578 [pool-660-thread-1] INFO  server.RaftServerConfigKeys (ConfUtils.java:logGet(44)) - raft.server.log.write.buffer.size = 1048576 (custom)
2020-11-27 01:37:33,579 [pool-660-thread-1] INFO  server.RaftServerConfigKeys (ConfUtils.java:logGet(44)) - raft.server.log.force.sync.num = 128 (default)
2020-11-27 01:37:33,579 [pool-660-thread-1] INFO  server.RaftServerConfigKeys (ConfUtils.java:logGet(44)) - raft.server.log.statemachine.data.sync = true (default)
2020-11-27 01:37:33,579 [pool-660-thread-1] INFO  server.RaftServerConfigKeys (ConfUtils.java:logGet(44)) - raft.server.log.statemachine.data.sync.timeout = 10s (default)
2020-11-27 01:37:33,579 [pool-660-thread-1] INFO  server.RaftServerConfigKeys (ConfUtils.java:logGet(44)) - raft.server.log.statemachine.data.sync.timeout.retry = -1 (default)
2020-11-27 01:37:33,581 [pool-660-thread-1] INFO  server.RaftServerConfigKeys (ConfUtils.java:logGet(44)) - raft.server.log.statemachine.data.caching.enabled = true (custom)
2020-11-27 01:37:33,581 [pool-660-thread-1] INFO  segmented.SegmentedRaftLogWorker (SegmentedRaftLogWorker.java:lambda$new$0(129)) - 24a428e6-ab73-4f5b-a870-5f8cec721e35@group-560F50B45583-SegmentedRaftLogWorker: flushIndex: setUnconditionally 0 -> -1
2020-11-27 01:37:33,581 [pool-660-thread-1] INFO  segmented.SegmentedRaftLogWorker (SegmentedRaftLogWorker.java:lambda$new$0(129)) - 24a428e6-ab73-4f5b-a870-5f8cec721e35@group-560F50B45583-SegmentedRaftLogWorker: safeCacheEvictIndex: setUnconditionally 0 -> -1
2020-11-27 01:37:33,582 [pool-660-thread-1] INFO  server.RaftServerConfigKeys (ConfUtils.java:logGet(44)) - raft.server.snapshot.auto.trigger.enabled = true (custom)
2020-11-27 01:37:33,582 [pool-660-thread-1] INFO  server.RaftServerConfigKeys (ConfUtils.java:logGet(44)) - raft.server.snapshot.auto.trigger.threshold = 10000 (custom)
2020-11-27 01:37:33,582 [pool-660-thread-1] INFO  server.RaftServerConfigKeys (ConfUtils.java:logGet(44)) - raft.server.snapshot.retention.file.num = 5 (custom)
2020-11-27 01:37:33,582 [pool-660-thread-1] INFO  server.RaftServerConfigKeys (ConfUtils.java:logGet(44)) - raft.server.log.purge.upto.snapshot.index = false (default)
2020-11-27 01:37:33,582 [pool-660-thread-1] INFO  server.RaftServerConfigKeys (ConfUtils.java:logGet(44)) - raft.server.retrycache.expirytime = 600000ms (custom)
2020-11-27 01:37:33,582 [pool-660-thread-1] INFO  metrics.RatisMetrics (RatisMetrics.java:lambda$create$0(36)) - Creating Metrics Registry : ratis.leader_election.24a428e6-ab73-4f5b-a870-5f8cec721e35@group-560F50B45583
2020-11-27 01:37:33,583 [pool-660-thread-1] INFO  metrics.RatisMetrics (RatisMetrics.java:lambda$create$0(36)) - Creating Metrics Registry : ratis.server.24a428e6-ab73-4f5b-a870-5f8cec721e35@group-560F50B45583
2020-11-27 01:37:33,584 [pool-660-thread-1] INFO  impl.RaftServerImpl (RaftServerImpl.java:start(215)) - 24a428e6-ab73-4f5b-a870-5f8cec721e35@group-560F50B45583: start as a follower, conf=-1: [fadf6fe5-11c1-4da6-9372-0a456385f570|rpc:172.17.0.2:44925|dataStream:, 03f5e28f-1ccf-47de-881e-8ae7723c653b|rpc:172.17.0.2:40701|dataStream:, 24a428e6-ab73-4f5b-a870-5f8cec721e35|rpc:172.17.0.2:43409|dataStream:], old=null
2020-11-27 01:37:33,584 [pool-660-thread-1] INFO  impl.RaftServerImpl (RaftServerImpl.java:setRole(204)) - 24a428e6-ab73-4f5b-a870-5f8cec721e35@group-560F50B45583: changes role from      null to FOLLOWER at term 0 for startAsFollower
2020-11-27 01:37:33,584 [pool-660-thread-1] INFO  impl.RoleInfo (RoleInfo.java:updateAndGet(143)) - 24a428e6-ab73-4f5b-a870-5f8cec721e35: start 24a428e6-ab73-4f5b-a870-5f8cec721e35@group-560F50B45583-FollowerState
2020-11-27 01:37:33,585 [pool-660-thread-1] INFO  util.JmxRegister (JmxRegister.java:tryRegister(44)) - Successfully registered JMX Bean with object name Ratis:service=RaftServer,group=group-560F50B45583,id=24a428e6-ab73-4f5b-a870-5f8cec721e35
2020-11-27 01:37:33,585 [pool-660-thread-1] INFO  metrics.RatisMetrics (RatisMetrics.java:lambda$create$0(36)) - Creating Metrics Registry : ratis.state_machine.24a428e6-ab73-4f5b-a870-5f8cec721e35@group-560F50B45583
2020-11-27 01:37:33,591 [Command processor thread] INFO  metrics.RatisMetrics (RatisMetrics.java:lambda$create$0(36)) - Creating Metrics Registry : ratis.client_message_metrics.client-361EF02EDC04->fadf6fe5-11c1-4da6-9372-0a456385f570
2020-11-27 01:37:33,599 [grpc-default-executor-6] INFO  metrics.RatisMetrics (RatisMetrics.java:lambda$create$0(36)) - Creating Metrics Registry : ratis.server_message_metrics.fadf6fe5-11c1-4da6-9372-0a456385f570
2020-11-27 01:37:33,600 [grpc-default-executor-6] INFO  impl.RaftServerProxy (RaftServerProxy.java:addNew(93)) - fadf6fe5-11c1-4da6-9372-0a456385f570: addNew group-560F50B45583:[fadf6fe5-11c1-4da6-9372-0a456385f570|rpc:172.17.0.2:44925|dataStream:, 03f5e28f-1ccf-47de-881e-8ae7723c653b|rpc:172.17.0.2:40701|dataStream:, 24a428e6-ab73-4f5b-a870-5f8cec721e35|rpc:172.17.0.2:43409|dataStream:] returns group-560F50B45583:java.util.concurrent.CompletableFuture@159239e4[Not completed]
2020-11-27 01:37:33,601 [pool-677-thread-1] INFO  impl.RaftServerImpl (RaftServerImpl.java:<init>(121)) - fadf6fe5-11c1-4da6-9372-0a456385f570: new RaftServerImpl for group-560F50B45583:[fadf6fe5-11c1-4da6-9372-0a456385f570|rpc:172.17.0.2:44925|dataStream:, 03f5e28f-1ccf-47de-881e-8ae7723c653b|rpc:172.17.0.2:40701|dataStream:, 24a428e6-ab73-4f5b-a870-5f8cec721e35|rpc:172.17.0.2:43409|dataStream:] with ContainerStateMachine:uninitialized
2020-11-27 01:37:33,602 [pool-677-thread-1] INFO  server.RaftServerConfigKeys (ConfUtils.java:logGet(44)) - raft.server.rpc.timeout.min = 5s (custom)
2020-11-27 01:37:33,602 [pool-677-thread-1] INFO  server.RaftServerConfigKeys (ConfUtils.java:logGet(44)) - raft.server.rpc.timeout.max = 5200ms (custom)
2020-11-27 01:37:33,602 [pool-677-thread-1] INFO  server.RaftServerConfigKeys (ConfUtils.java:logGet(44)) - raft.server.rpc.slowness.timeout = 300000ms (custom)
2020-11-27 01:37:33,602 [pool-677-thread-1] INFO  server.RaftServerConfigKeys (ConfUtils.java:logGet(44)) - raft.server.leaderelection.leader.step-down.wait-time = 10s (default)
2020-11-27 01:37:33,602 [pool-677-thread-1] INFO  server.RaftServerConfigKeys (ConfUtils.java:logGet(44)) - raft.server.sleep.deviation.threshold = 300 (default)
2020-11-27 01:37:33,602 [pool-677-thread-1] INFO  server.RaftServerConfigKeys (ConfUtils.java:logGet(44)) - raft.server.log.appender.install.snapshot.enabled = false (custom)
2020-11-27 01:37:33,602 [pool-677-thread-1] INFO  impl.RaftServerImpl (ServerState.java:<init>(104)) - fadf6fe5-11c1-4da6-9372-0a456385f570@group-560F50B45583: ConfigurationManager, init=-1: [fadf6fe5-11c1-4da6-9372-0a456385f570|rpc:172.17.0.2:44925|dataStream:, 03f5e28f-1ccf-47de-881e-8ae7723c653b|rpc:172.17.0.2:40701|dataStream:, 24a428e6-ab73-4f5b-a870-5f8cec721e35|rpc:172.17.0.2:43409|dataStream:], old=null, confs=<EMPTY_MAP>
2020-11-27 01:37:33,602 [pool-677-thread-1] INFO  server.RaftServerConfigKeys (ConfUtils.java:logGet(44)) - raft.server.storage.dir = [/github/workspace/mnt/ozone/hadoop-ozone/integration-test/target/test-dir/MiniOzoneClusterImpl-7befb19c-4ec9-4b73-94e9-5feb4aa859dd/datanode-2/data/ratis] (custom)
2020-11-27 01:37:33,602 [pool-677-thread-1] INFO  server.RaftServerConfigKeys (ConfUtils.java:logGet(44)) - raft.server.log.corruption.policy = EXCEPTION (default)
2020-11-27 01:37:33,603 [pool-677-thread-1] INFO  storage.RaftStorageDirectory (RaftStorageDirectory.java:analyzeStorage(261)) - The storage directory /github/workspace/mnt/ozone/hadoop-ozone/integration-test/target/test-dir/MiniOzoneClusterImpl-7befb19c-4ec9-4b73-94e9-5feb4aa859dd/datanode-2/data/ratis/f811b82f-7be0-4efd-be02-560f50b45583 does not exist. Creating ...
2020-11-27 01:37:33,604 [pool-677-thread-1] INFO  storage.RaftStorageDirectory (RaftStorageDirectory.java:tryLock(343)) - Lock on /github/workspace/mnt/ozone/hadoop-ozone/integration-test/target/test-dir/MiniOzoneClusterImpl-7befb19c-4ec9-4b73-94e9-5feb4aa859dd/datanode-2/data/ratis/f811b82f-7be0-4efd-be02-560f50b45583/in_use.lock acquired by nodename 18347@3bf31645156d
2020-11-27 01:37:33,604 [pool-677-thread-1] INFO  storage.RaftStorage (RaftStorage.java:format(85)) - Storage directory /github/workspace/mnt/ozone/hadoop-ozone/integration-test/target/test-dir/MiniOzoneClusterImpl-7befb19c-4ec9-4b73-94e9-5feb4aa859dd/datanode-2/data/ratis/f811b82f-7be0-4efd-be02-560f50b45583 has been successfully formatted.
2020-11-27 01:37:33,605 [pool-677-thread-1] INFO  ratis.ContainerStateMachine (ContainerStateMachine.java:loadSnapshot(225)) - group-560F50B45583: The snapshot info is null. Setting the last applied indexto:(t:0, i:~)
2020-11-27 01:37:33,605 [pool-677-thread-1] INFO  server.RaftServerConfigKeys (ConfUtils.java:logGet(44)) - raft.server.notification.no-leader.timeout = 300000ms (custom)
2020-11-27 01:37:33,606 [pool-677-thread-1] INFO  server.RaftServerConfigKeys (ConfUtils.java:logGet(44)) - raft.server.log.use.memory = false (default)
2020-11-27 01:37:33,606 [pool-677-thread-1] INFO  server.RaftServerConfigKeys (ConfUtils.java:logGet(44)) - raft.server.log.purge.gap = 1000000 (custom)
2020-11-27 01:37:33,606 [EventQueue-PipelineReportForOneReplicaPipelineSafeModeRule] INFO  safemode.SCMSafeModeManager (SCMSafeModeManager.java:validateSafeModeExitRules(214)) - AtleastOneDatanodeReportedRule rule is successfully validated
2020-11-27 01:37:33,606 [pool-677-thread-1] INFO  metrics.RatisMetrics (RatisMetrics.java:lambda$create$0(36)) - Creating Metrics Registry : ratis.log_worker.fadf6fe5-11c1-4da6-9372-0a456385f570@group-560F50B45583
2020-11-27 01:37:33,606 [pool-677-thread-1] INFO  server.RaftServerConfigKeys (ConfUtils.java:logGet(44)) - raft.server.log.appender.buffer.byte-limit = 33554432 (custom)
2020-11-27 01:37:33,606 [pool-677-thread-1] INFO  server.RaftServerConfigKeys (ConfUtils.java:logGet(44)) - raft.server.log.segment.size.max = 1048576 (custom)
2020-11-27 01:37:33,607 [pool-677-thread-1] INFO  server.RaftServerConfigKeys (ConfUtils.java:logGet(44)) - raft.server.log.segment.cache.num.max = 2 (custom)
2020-11-27 01:37:33,607 [pool-677-thread-1] INFO  segmented.SegmentedRaftLogWorker (SegmentedRaftLogWorker.java:<init>(180)) - new fadf6fe5-11c1-4da6-9372-0a456385f570@group-560F50B45583-SegmentedRaftLogWorker for RaftStorage:Storage Directory /github/workspace/mnt/ozone/hadoop-ozone/integration-test/target/test-dir/MiniOzoneClusterImpl-7befb19c-4ec9-4b73-94e9-5feb4aa859dd/datanode-2/data/ratis/f811b82f-7be0-4efd-be02-560f50b45583
2020-11-27 01:37:33,607 [pool-677-thread-1] INFO  server.RaftServerConfigKeys (ConfUtils.java:logGet(44)) - raft.server.log.queue.byte-limit = 2147483647 (custom)
2020-11-27 01:37:33,608 [pool-677-thread-1] INFO  server.RaftServerConfigKeys (ConfUtils.java:logGet(44)) - raft.server.log.queue.element-limit = 1024 (custom)
2020-11-27 01:37:33,608 [pool-677-thread-1] INFO  server.RaftServerConfigKeys (ConfUtils.java:logGet(44)) - raft.server.log.segment.size.max = 1048576 (custom)
2020-11-27 01:37:33,608 [pool-677-thread-1] INFO  server.RaftServerConfigKeys (ConfUtils.java:logGet(44)) - raft.server.log.preallocated.size = 16384 (custom)
2020-11-27 01:37:33,608 [pool-677-thread-1] INFO  server.RaftServerConfigKeys (ConfUtils.java:logGet(44)) - raft.server.log.write.buffer.size = 1048576 (custom)
2020-11-27 01:37:33,608 [pool-677-thread-1] INFO  server.RaftServerConfigKeys (ConfUtils.java:logGet(44)) - raft.server.log.force.sync.num = 128 (default)
2020-11-27 01:37:33,608 [pool-677-thread-1] INFO  server.RaftServerConfigKeys (ConfUtils.java:logGet(44)) - raft.server.log.statemachine.data.sync = true (default)
2020-11-27 01:37:33,608 [pool-677-thread-1] INFO  server.RaftServerConfigKeys (ConfUtils.java:logGet(44)) - raft.server.log.statemachine.data.sync.timeout = 10s (default)
2020-11-27 01:37:33,608 [pool-677-thread-1] INFO  server.RaftServerConfigKeys (ConfUtils.java:logGet(44)) - raft.server.log.statemachine.data.sync.timeout.retry = -1 (default)
2020-11-27 01:37:33,611 [pool-677-thread-1] INFO  server.RaftServerConfigKeys (ConfUtils.java:logGet(44)) - raft.server.log.statemachine.data.caching.enabled = true (custom)
2020-11-27 01:37:33,611 [pool-677-thread-1] INFO  segmented.SegmentedRaftLogWorker (SegmentedRaftLogWorker.java:lambda$new$0(129)) - fadf6fe5-11c1-4da6-9372-0a456385f570@group-560F50B45583-SegmentedRaftLogWorker: flushIndex: setUnconditionally 0 -> -1
2020-11-27 01:37:33,611 [pool-677-thread-1] INFO  segmented.SegmentedRaftLogWorker (SegmentedRaftLogWorker.java:lambda$new$0(129)) - fadf6fe5-11c1-4da6-9372-0a456385f570@group-560F50B45583-SegmentedRaftLogWorker: safeCacheEvictIndex: setUnconditionally 0 -> -1
2020-11-27 01:37:33,612 [pool-677-thread-1] INFO  server.RaftServerConfigKeys (ConfUtils.java:logGet(44)) - raft.server.snapshot.auto.trigger.enabled = true (custom)
2020-11-27 01:37:33,612 [pool-677-thread-1] INFO  server.RaftServerConfigKeys (ConfUtils.java:logGet(44)) - raft.server.snapshot.auto.trigger.threshold = 10000 (custom)
2020-11-27 01:37:33,612 [pool-677-thread-1] INFO  server.RaftServerConfigKeys (ConfUtils.java:logGet(44)) - raft.server.snapshot.retention.file.num = 5 (custom)
2020-11-27 01:37:33,612 [pool-677-thread-1] INFO  server.RaftServerConfigKeys (ConfUtils.java:logGet(44)) - raft.server.log.purge.upto.snapshot.index = false (default)
2020-11-27 01:37:33,612 [pool-677-thread-1] INFO  server.RaftServerConfigKeys (ConfUtils.java:logGet(44)) - raft.server.retrycache.expirytime = 600000ms (custom)
2020-11-27 01:37:33,612 [pool-677-thread-1] INFO  metrics.RatisMetrics (RatisMetrics.java:lambda$create$0(36)) - Creating Metrics Registry : ratis.leader_election.fadf6fe5-11c1-4da6-9372-0a456385f570@group-560F50B45583
2020-11-27 01:37:33,613 [pool-677-thread-1] INFO  metrics.RatisMetrics (RatisMetrics.java:lambda$create$0(36)) - Creating Metrics Registry : ratis.server.fadf6fe5-11c1-4da6-9372-0a456385f570@group-560F50B45583
2020-11-27 01:37:33,615 [pool-677-thread-1] INFO  impl.RaftServerImpl (RaftServerImpl.java:start(215)) - fadf6fe5-11c1-4da6-9372-0a456385f570@group-560F50B45583: start as a follower, conf=-1: [fadf6fe5-11c1-4da6-9372-0a456385f570|rpc:172.17.0.2:44925|dataStream:, 03f5e28f-1ccf-47de-881e-8ae7723c653b|rpc:172.17.0.2:40701|dataStream:, 24a428e6-ab73-4f5b-a870-5f8cec721e35|rpc:172.17.0.2:43409|dataStream:], old=null
2020-11-27 01:37:33,615 [pool-677-thread-1] INFO  impl.RaftServerImpl (RaftServerImpl.java:setRole(204)) - fadf6fe5-11c1-4da6-9372-0a456385f570@group-560F50B45583: changes role from      null to FOLLOWER at term 0 for startAsFollower
2020-11-27 01:37:33,615 [pool-677-thread-1] INFO  impl.RoleInfo (RoleInfo.java:updateAndGet(143)) - fadf6fe5-11c1-4da6-9372-0a456385f570: start fadf6fe5-11c1-4da6-9372-0a456385f570@group-560F50B45583-FollowerState
2020-11-27 01:37:33,615 [pool-677-thread-1] INFO  util.JmxRegister (JmxRegister.java:tryRegister(44)) - Successfully registered JMX Bean with object name Ratis:service=RaftServer,group=group-560F50B45583,id=fadf6fe5-11c1-4da6-9372-0a456385f570
2020-11-27 01:37:33,615 [pool-677-thread-1] INFO  metrics.RatisMetrics (RatisMetrics.java:lambda$create$0(36)) - Creating Metrics Registry : ratis.state_machine.fadf6fe5-11c1-4da6-9372-0a456385f570@group-560F50B45583
2020-11-27 01:37:33,619 [Command processor thread] INFO  commandhandler.CreatePipelineCommandHandler (CreatePipelineCommandHandler.java:handle(106)) - Created Pipeline RATIS THREE PipelineID=f811b82f-7be0-4efd-be02-560f50b45583.
2020-11-27 01:37:33,619 [Command processor thread] INFO  impl.RaftServerProxy (RaftServerProxy.java:addNew(93)) - 03f5e28f-1ccf-47de-881e-8ae7723c653b: addNew group-C21560EF9FAB:[fadf6fe5-11c1-4da6-9372-0a456385f570|rpc:172.17.0.2:44925, 03f5e28f-1ccf-47de-881e-8ae7723c653b|rpc:172.17.0.2:40701, 24a428e6-ab73-4f5b-a870-5f8cec721e35|rpc:172.17.0.2:43409] returns group-C21560EF9FAB:java.util.concurrent.CompletableFuture@18253ac[Not completed]
2020-11-27 01:37:33,620 [pool-645-thread-1] INFO  impl.RaftServerImpl (RaftServerImpl.java:<init>(121)) - 03f5e28f-1ccf-47de-881e-8ae7723c653b: new RaftServerImpl for group-C21560EF9FAB:[fadf6fe5-11c1-4da6-9372-0a456385f570|rpc:172.17.0.2:44925, 03f5e28f-1ccf-47de-881e-8ae7723c653b|rpc:172.17.0.2:40701, 24a428e6-ab73-4f5b-a870-5f8cec721e35|rpc:172.17.0.2:43409] with ContainerStateMachine:uninitialized
2020-11-27 01:37:33,620 [pool-645-thread-1] INFO  server.RaftServerConfigKeys (ConfUtils.java:logGet(44)) - raft.server.rpc.timeout.min = 5s (custom)
2020-11-27 01:37:33,620 [pool-645-thread-1] INFO  server.RaftServerConfigKeys (ConfUtils.java:logGet(44)) - raft.server.rpc.timeout.max = 5200ms (custom)
2020-11-27 01:37:33,620 [pool-645-thread-1] INFO  server.RaftServerConfigKeys (ConfUtils.java:logGet(44)) - raft.server.rpc.slowness.timeout = 300000ms (custom)
2020-11-27 01:37:33,620 [pool-645-thread-1] INFO  server.RaftServerConfigKeys (ConfUtils.java:logGet(44)) - raft.server.leaderelection.leader.step-down.wait-time = 10s (default)
2020-11-27 01:37:33,620 [pool-645-thread-1] INFO  server.RaftServerConfigKeys (ConfUtils.java:logGet(44)) - raft.server.sleep.deviation.threshold = 300 (default)
2020-11-27 01:37:33,620 [pool-645-thread-1] INFO  server.RaftServerConfigKeys (ConfUtils.java:logGet(44)) - raft.server.log.appender.install.snapshot.enabled = false (custom)
2020-11-27 01:37:33,620 [pool-645-thread-1] INFO  impl.RaftServerImpl (ServerState.java:<init>(104)) - 03f5e28f-1ccf-47de-881e-8ae7723c653b@group-C21560EF9FAB: ConfigurationManager, init=-1: [fadf6fe5-11c1-4da6-9372-0a456385f570|rpc:172.17.0.2:44925, 03f5e28f-1ccf-47de-881e-8ae7723c653b|rpc:172.17.0.2:40701, 24a428e6-ab73-4f5b-a870-5f8cec721e35|rpc:172.17.0.2:43409], old=null, confs=<EMPTY_MAP>
2020-11-27 01:37:33,620 [pool-645-thread-1] INFO  server.RaftServerConfigKeys (ConfUtils.java:logGet(44)) - raft.server.storage.dir = [/github/workspace/mnt/ozone/hadoop-ozone/integration-test/target/test-dir/MiniOzoneClusterImpl-7befb19c-4ec9-4b73-94e9-5feb4aa859dd/datanode-0/data/ratis] (custom)
2020-11-27 01:37:33,621 [pool-645-thread-1] INFO  server.RaftServerConfigKeys (ConfUtils.java:logGet(44)) - raft.server.log.corruption.policy = EXCEPTION (default)
2020-11-27 01:37:33,621 [pool-645-thread-1] INFO  storage.RaftStorageDirectory (RaftStorageDirectory.java:analyzeStorage(261)) - The storage directory /github/workspace/mnt/ozone/hadoop-ozone/integration-test/target/test-dir/MiniOzoneClusterImpl-7befb19c-4ec9-4b73-94e9-5feb4aa859dd/datanode-0/data/ratis/6ad1acc2-e1ba-4f36-9a9d-c21560ef9fab does not exist. Creating ...
2020-11-27 01:37:33,622 [pool-645-thread-1] INFO  storage.RaftStorageDirectory (RaftStorageDirectory.java:tryLock(343)) - Lock on /github/workspace/mnt/ozone/hadoop-ozone/integration-test/target/test-dir/MiniOzoneClusterImpl-7befb19c-4ec9-4b73-94e9-5feb4aa859dd/datanode-0/data/ratis/6ad1acc2-e1ba-4f36-9a9d-c21560ef9fab/in_use.lock acquired by nodename 18347@3bf31645156d
2020-11-27 01:37:33,622 [pool-645-thread-1] INFO  storage.RaftStorage (RaftStorage.java:format(85)) - Storage directory /github/workspace/mnt/ozone/hadoop-ozone/integration-test/target/test-dir/MiniOzoneClusterImpl-7befb19c-4ec9-4b73-94e9-5feb4aa859dd/datanode-0/data/ratis/6ad1acc2-e1ba-4f36-9a9d-c21560ef9fab has been successfully formatted.
2020-11-27 01:37:33,623 [pool-645-thread-1] INFO  ratis.ContainerStateMachine (ContainerStateMachine.java:loadSnapshot(225)) - group-C21560EF9FAB: The snapshot info is null. Setting the last applied indexto:(t:0, i:~)
2020-11-27 01:37:33,623 [pool-645-thread-1] INFO  server.RaftServerConfigKeys (ConfUtils.java:logGet(44)) - raft.server.notification.no-leader.timeout = 300000ms (custom)
2020-11-27 01:37:33,623 [pool-645-thread-1] INFO  server.RaftServerConfigKeys (ConfUtils.java:logGet(44)) - raft.server.log.use.memory = false (default)
2020-11-27 01:37:33,623 [pool-645-thread-1] INFO  server.RaftServerConfigKeys (ConfUtils.java:logGet(44)) - raft.server.log.purge.gap = 1000000 (custom)
2020-11-27 01:37:33,623 [pool-645-thread-1] INFO  metrics.RatisMetrics (RatisMetrics.java:lambda$create$0(36)) - Creating Metrics Registry : ratis.log_worker.03f5e28f-1ccf-47de-881e-8ae7723c653b@group-C21560EF9FAB
2020-11-27 01:37:33,623 [EventQueue-OpenPipelineForHealthyPipelineSafeModeRule] INFO  safemode.SCMSafeModeManager (HealthyPipelineSafeModeRule.java:process(128)) - SCM in safe mode. Healthy pipelines reported count is 0, required healthy pipeline reported count is 1
2020-11-27 01:37:33,623 [EventQueue-PipelineReportForOneReplicaPipelineSafeModeRule] INFO  safemode.SCMSafeModeManager (SCMSafeModeManager.java:validateSafeModeExitRules(214)) - AtleastOneDatanodeReportedRule rule is successfully validated
2020-11-27 01:37:33,624 [pool-645-thread-1] INFO  server.RaftServerConfigKeys (ConfUtils.java:logGet(44)) - raft.server.log.appender.buffer.byte-limit = 33554432 (custom)
2020-11-27 01:37:33,624 [pool-645-thread-1] INFO  server.RaftServerConfigKeys (ConfUtils.java:logGet(44)) - raft.server.log.segment.size.max = 1048576 (custom)
2020-11-27 01:37:33,625 [pool-645-thread-1] INFO  server.RaftServerConfigKeys (ConfUtils.java:logGet(44)) - raft.server.log.segment.cache.num.max = 2 (custom)
2020-11-27 01:37:33,625 [pool-645-thread-1] INFO  segmented.SegmentedRaftLogWorker (SegmentedRaftLogWorker.java:<init>(180)) - new 03f5e28f-1ccf-47de-881e-8ae7723c653b@group-C21560EF9FAB-SegmentedRaftLogWorker for RaftStorage:Storage Directory /github/workspace/mnt/ozone/hadoop-ozone/integration-test/target/test-dir/MiniOzoneClusterImpl-7befb19c-4ec9-4b73-94e9-5feb4aa859dd/datanode-0/data/ratis/6ad1acc2-e1ba-4f36-9a9d-c21560ef9fab
2020-11-27 01:37:33,625 [pool-645-thread-1] INFO  server.RaftServerConfigKeys (ConfUtils.java:logGet(44)) - raft.server.log.queue.byte-limit = 2147483647 (custom)
2020-11-27 01:37:33,625 [pool-645-thread-1] INFO  server.RaftServerConfigKeys (ConfUtils.java:logGet(44)) - raft.server.log.queue.element-limit = 1024 (custom)
2020-11-27 01:37:33,625 [pool-645-thread-1] INFO  server.RaftServerConfigKeys (ConfUtils.java:logGet(44)) - raft.server.log.segment.size.max = 1048576 (custom)
2020-11-27 01:37:33,625 [pool-645-thread-1] INFO  server.RaftServerConfigKeys (ConfUtils.java:logGet(44)) - raft.server.log.preallocated.size = 16384 (custom)
2020-11-27 01:37:33,625 [pool-645-thread-1] INFO  server.RaftServerConfigKeys (ConfUtils.java:logGet(44)) - raft.server.log.write.buffer.size = 1048576 (custom)
2020-11-27 01:37:33,625 [pool-645-thread-1] INFO  server.RaftServerConfigKeys (ConfUtils.java:logGet(44)) - raft.server.log.force.sync.num = 128 (default)
2020-11-27 01:37:33,625 [pool-645-thread-1] INFO  server.RaftServerConfigKeys (ConfUtils.java:logGet(44)) - raft.server.log.statemachine.data.sync = true (default)
2020-11-27 01:37:33,626 [pool-645-thread-1] INFO  server.RaftServerConfigKeys (ConfUtils.java:logGet(44)) - raft.server.log.statemachine.data.sync.timeout = 10s (default)
2020-11-27 01:37:33,626 [pool-645-thread-1] INFO  server.RaftServerConfigKeys (ConfUtils.java:logGet(44)) - raft.server.log.statemachine.data.sync.timeout.retry = -1 (default)
2020-11-27 01:37:33,628 [pool-645-thread-1] INFO  server.RaftServerConfigKeys (ConfUtils.java:logGet(44)) - raft.server.log.statemachine.data.caching.enabled = true (custom)
2020-11-27 01:37:33,628 [pool-645-thread-1] INFO  segmented.SegmentedRaftLogWorker (SegmentedRaftLogWorker.java:lambda$new$0(129)) - 03f5e28f-1ccf-47de-881e-8ae7723c653b@group-C21560EF9FAB-SegmentedRaftLogWorker: flushIndex: setUnconditionally 0 -> -1
2020-11-27 01:37:33,628 [pool-645-thread-1] INFO  segmented.SegmentedRaftLogWorker (SegmentedRaftLogWorker.java:lambda$new$0(129)) - 03f5e28f-1ccf-47de-881e-8ae7723c653b@group-C21560EF9FAB-SegmentedRaftLogWorker: safeCacheEvictIndex: setUnconditionally 0 -> -1
2020-11-27 01:37:33,632 [pool-645-thread-1] INFO  server.RaftServerConfigKeys (ConfUtils.java:logGet(44)) - raft.server.snapshot.auto.trigger.enabled = true (custom)
2020-11-27 01:37:33,632 [pool-645-thread-1] INFO  server.RaftServerConfigKeys (ConfUtils.java:logGet(44)) - raft.server.snapshot.auto.trigger.threshold = 10000 (custom)
2020-11-27 01:37:33,632 [pool-645-thread-1] INFO  server.RaftServerConfigKeys (ConfUtils.java:logGet(44)) - raft.server.snapshot.retention.file.num = 5 (custom)
2020-11-27 01:37:33,632 [pool-645-thread-1] INFO  server.RaftServerConfigKeys (ConfUtils.java:logGet(44)) - raft.server.log.purge.upto.snapshot.index = false (default)
2020-11-27 01:37:33,632 [pool-645-thread-1] INFO  server.RaftServerConfigKeys (ConfUtils.java:logGet(44)) - raft.server.retrycache.expirytime = 600000ms (custom)
2020-11-27 01:37:33,632 [pool-645-thread-1] INFO  metrics.RatisMetrics (RatisMetrics.java:lambda$create$0(36)) - Creating Metrics Registry : ratis.leader_election.03f5e28f-1ccf-47de-881e-8ae7723c653b@group-C21560EF9FAB
2020-11-27 01:37:33,633 [pool-645-thread-1] INFO  metrics.RatisMetrics (RatisMetrics.java:lambda$create$0(36)) - Creating Metrics Registry : ratis.server.03f5e28f-1ccf-47de-881e-8ae7723c653b@group-C21560EF9FAB
2020-11-27 01:37:33,634 [pool-645-thread-1] INFO  impl.RaftServerImpl (RaftServerImpl.java:start(215)) - 03f5e28f-1ccf-47de-881e-8ae7723c653b@group-C21560EF9FAB: start as a follower, conf=-1: [fadf6fe5-11c1-4da6-9372-0a456385f570|rpc:172.17.0.2:44925, 03f5e28f-1ccf-47de-881e-8ae7723c653b|rpc:172.17.0.2:40701, 24a428e6-ab73-4f5b-a870-5f8cec721e35|rpc:172.17.0.2:43409], old=null
2020-11-27 01:37:33,635 [pool-645-thread-1] INFO  impl.RaftServerImpl (RaftServerImpl.java:setRole(204)) - 03f5e28f-1ccf-47de-881e-8ae7723c653b@group-C21560EF9FAB: changes role from      null to FOLLOWER at term 0 for startAsFollower
2020-11-27 01:37:33,635 [pool-645-thread-1] INFO  impl.RoleInfo (RoleInfo.java:updateAndGet(143)) - 03f5e28f-1ccf-47de-881e-8ae7723c653b: start 03f5e28f-1ccf-47de-881e-8ae7723c653b@group-C21560EF9FAB-FollowerState
2020-11-27 01:37:33,635 [pool-645-thread-1] INFO  util.JmxRegister (JmxRegister.java:tryRegister(44)) - Successfully registered JMX Bean with object name Ratis:service=RaftServer,group=group-C21560EF9FAB,id=03f5e28f-1ccf-47de-881e-8ae7723c653b
2020-11-27 01:37:33,635 [pool-645-thread-1] INFO  metrics.RatisMetrics (RatisMetrics.java:lambda$create$0(36)) - Creating Metrics Registry : ratis.state_machine.03f5e28f-1ccf-47de-881e-8ae7723c653b@group-C21560EF9FAB
2020-11-27 01:37:33,637 [Command processor thread] INFO  metrics.RatisMetrics (RatisMetrics.java:lambda$create$0(36)) - Creating Metrics Registry : ratis.client_message_metrics.client-224613EF586A->24a428e6-ab73-4f5b-a870-5f8cec721e35
2020-11-27 01:37:33,641 [grpc-default-executor-6] INFO  impl.RaftServerProxy (RaftServerProxy.java:addNew(93)) - 24a428e6-ab73-4f5b-a870-5f8cec721e35: addNew group-C21560EF9FAB:[fadf6fe5-11c1-4da6-9372-0a456385f570|rpc:172.17.0.2:44925|dataStream:, 03f5e28f-1ccf-47de-881e-8ae7723c653b|rpc:172.17.0.2:40701|dataStream:, 24a428e6-ab73-4f5b-a870-5f8cec721e35|rpc:172.17.0.2:43409|dataStream:] returns group-C21560EF9FAB:java.util.concurrent.CompletableFuture@5bc79c66[Not completed]
2020-11-27 01:37:33,642 [pool-660-thread-1] INFO  impl.RaftServerImpl (RaftServerImpl.java:<init>(121)) - 24a428e6-ab73-4f5b-a870-5f8cec721e35: new RaftServerImpl for group-C21560EF9FAB:[fadf6fe5-11c1-4da6-9372-0a456385f570|rpc:172.17.0.2:44925|dataStream:, 03f5e28f-1ccf-47de-881e-8ae7723c653b|rpc:172.17.0.2:40701|dataStream:, 24a428e6-ab73-4f5b-a870-5f8cec721e35|rpc:172.17.0.2:43409|dataStream:] with ContainerStateMachine:uninitialized
2020-11-27 01:37:33,642 [pool-660-thread-1] INFO  server.RaftServerConfigKeys (ConfUtils.java:logGet(44)) - raft.server.rpc.timeout.min = 5s (custom)
2020-11-27 01:37:33,642 [pool-660-thread-1] INFO  server.RaftServerConfigKeys (ConfUtils.java:logGet(44)) - raft.server.rpc.timeout.max = 5200ms (custom)
2020-11-27 01:37:33,642 [pool-660-thread-1] INFO  server.RaftServerConfigKeys (ConfUtils.java:logGet(44)) - raft.server.rpc.slowness.timeout = 300000ms (custom)
2020-11-27 01:37:33,642 [pool-660-thread-1] INFO  server.RaftServerConfigKeys (ConfUtils.java:logGet(44)) - raft.server.leaderelection.leader.step-down.wait-time = 10s (default)
2020-11-27 01:37:33,642 [pool-660-thread-1] INFO  server.RaftServerConfigKeys (ConfUtils.java:logGet(44)) - raft.server.sleep.deviation.threshold = 300 (default)
2020-11-27 01:37:33,642 [pool-660-thread-1] INFO  server.RaftServerConfigKeys (ConfUtils.java:logGet(44)) - raft.server.log.appender.install.snapshot.enabled = false (custom)
2020-11-27 01:37:33,642 [pool-660-thread-1] INFO  impl.RaftServerImpl (ServerState.java:<init>(104)) - 24a428e6-ab73-4f5b-a870-5f8cec721e35@group-C21560EF9FAB: ConfigurationManager, init=-1: [fadf6fe5-11c1-4da6-9372-0a456385f570|rpc:172.17.0.2:44925|dataStream:, 03f5e28f-1ccf-47de-881e-8ae7723c653b|rpc:172.17.0.2:40701|dataStream:, 24a428e6-ab73-4f5b-a870-5f8cec721e35|rpc:172.17.0.2:43409|dataStream:], old=null, confs=<EMPTY_MAP>
2020-11-27 01:37:33,642 [pool-660-thread-1] INFO  server.RaftServerConfigKeys (ConfUtils.java:logGet(44)) - raft.server.storage.dir = [/github/workspace/mnt/ozone/hadoop-ozone/integration-test/target/test-dir/MiniOzoneClusterImpl-7befb19c-4ec9-4b73-94e9-5feb4aa859dd/datanode-1/data/ratis] (custom)
2020-11-27 01:37:33,642 [pool-660-thread-1] INFO  server.RaftServerConfigKeys (ConfUtils.java:logGet(44)) - raft.server.log.corruption.policy = EXCEPTION (default)
2020-11-27 01:37:33,643 [pool-660-thread-1] INFO  storage.RaftStorageDirectory (RaftStorageDirectory.java:analyzeStorage(261)) - The storage directory /github/workspace/mnt/ozone/hadoop-ozone/integration-test/target/test-dir/MiniOzoneClusterImpl-7befb19c-4ec9-4b73-94e9-5feb4aa859dd/datanode-1/data/ratis/6ad1acc2-e1ba-4f36-9a9d-c21560ef9fab does not exist. Creating ...
2020-11-27 01:37:33,644 [pool-660-thread-1] INFO  storage.RaftStorageDirectory (RaftStorageDirectory.java:tryLock(343)) - Lock on /github/workspace/mnt/ozone/hadoop-ozone/integration-test/target/test-dir/MiniOzoneClusterImpl-7befb19c-4ec9-4b73-94e9-5feb4aa859dd/datanode-1/data/ratis/6ad1acc2-e1ba-4f36-9a9d-c21560ef9fab/in_use.lock acquired by nodename 18347@3bf31645156d
2020-11-27 01:37:33,646 [pool-660-thread-1] INFO  storage.RaftStorage (RaftStorage.java:format(85)) - Storage directory /github/workspace/mnt/ozone/hadoop-ozone/integration-test/target/test-dir/MiniOzoneClusterImpl-7befb19c-4ec9-4b73-94e9-5feb4aa859dd/datanode-1/data/ratis/6ad1acc2-e1ba-4f36-9a9d-c21560ef9fab has been successfully formatted.
2020-11-27 01:37:33,648 [pool-660-thread-1] INFO  ratis.ContainerStateMachine (ContainerStateMachine.java:loadSnapshot(225)) - group-C21560EF9FAB: The snapshot info is null. Setting the last applied indexto:(t:0, i:~)
2020-11-27 01:37:33,648 [pool-660-thread-1] INFO  server.RaftServerConfigKeys (ConfUtils.java:logGet(44)) - raft.server.notification.no-leader.timeout = 300000ms (custom)
2020-11-27 01:37:33,648 [pool-660-thread-1] INFO  server.RaftServerConfigKeys (ConfUtils.java:logGet(44)) - raft.server.log.use.memory = false (default)
2020-11-27 01:37:33,649 [pool-660-thread-1] INFO  server.RaftServerConfigKeys (ConfUtils.java:logGet(44)) - raft.server.log.purge.gap = 1000000 (custom)
2020-11-27 01:37:33,649 [pool-660-thread-1] INFO  metrics.RatisMetrics (RatisMetrics.java:lambda$create$0(36)) - Creating Metrics Registry : ratis.log_worker.24a428e6-ab73-4f5b-a870-5f8cec721e35@group-C21560EF9FAB
2020-11-27 01:37:33,649 [pool-660-thread-1] INFO  server.RaftServerConfigKeys (ConfUtils.java:logGet(44)) - raft.server.log.appender.buffer.byte-limit = 33554432 (custom)
2020-11-27 01:37:33,649 [pool-660-thread-1] INFO  server.RaftServerConfigKeys (ConfUtils.java:logGet(44)) - raft.server.log.segment.size.max = 1048576 (custom)
2020-11-27 01:37:33,650 [EventQueue-PipelineReportForOneReplicaPipelineSafeModeRule] INFO  safemode.SCMSafeModeManager (SCMSafeModeManager.java:validateSafeModeExitRules(214)) - AtleastOneDatanodeReportedRule rule is successfully validated
2020-11-27 01:37:33,651 [pool-660-thread-1] INFO  server.RaftServerConfigKeys (ConfUtils.java:logGet(44)) - raft.server.log.segment.cache.num.max = 2 (custom)
2020-11-27 01:37:33,651 [pool-660-thread-1] INFO  segmented.SegmentedRaftLogWorker (SegmentedRaftLogWorker.java:<init>(180)) - new 24a428e6-ab73-4f5b-a870-5f8cec721e35@group-C21560EF9FAB-SegmentedRaftLogWorker for RaftStorage:Storage Directory /github/workspace/mnt/ozone/hadoop-ozone/integration-test/target/test-dir/MiniOzoneClusterImpl-7befb19c-4ec9-4b73-94e9-5feb4aa859dd/datanode-1/data/ratis/6ad1acc2-e1ba-4f36-9a9d-c21560ef9fab
2020-11-27 01:37:33,652 [pool-660-thread-1] INFO  server.RaftServerConfigKeys (ConfUtils.java:logGet(44)) - raft.server.log.queue.byte-limit = 2147483647 (custom)
2020-11-27 01:37:33,652 [pool-660-thread-1] INFO  server.RaftServerConfigKeys (ConfUtils.java:logGet(44)) - raft.server.log.queue.element-limit = 1024 (custom)
2020-11-27 01:37:33,652 [pool-660-thread-1] INFO  server.RaftServerConfigKeys (ConfUtils.java:logGet(44)) - raft.server.log.segment.size.max = 1048576 (custom)
2020-11-27 01:37:33,652 [pool-660-thread-1] INFO  server.RaftServerConfigKeys (ConfUtils.java:logGet(44)) - raft.server.log.preallocated.size = 16384 (custom)
2020-11-27 01:37:33,652 [pool-660-thread-1] INFO  server.RaftServerConfigKeys (ConfUtils.java:logGet(44)) - raft.server.log.write.buffer.size = 1048576 (custom)
2020-11-27 01:37:33,652 [pool-660-thread-1] INFO  server.RaftServerConfigKeys (ConfUtils.java:logGet(44)) - raft.server.log.force.sync.num = 128 (default)
2020-11-27 01:37:33,652 [pool-660-thread-1] INFO  server.RaftServerConfigKeys (ConfUtils.java:logGet(44)) - raft.server.log.statemachine.data.sync = true (default)
2020-11-27 01:37:33,652 [pool-660-thread-1] INFO  server.RaftServerConfigKeys (ConfUtils.java:logGet(44)) - raft.server.log.statemachine.data.sync.timeout = 10s (default)
2020-11-27 01:37:33,652 [pool-660-thread-1] INFO  server.RaftServerConfigKeys (ConfUtils.java:logGet(44)) - raft.server.log.statemachine.data.sync.timeout.retry = -1 (default)
2020-11-27 01:37:33,655 [pool-660-thread-1] INFO  server.RaftServerConfigKeys (ConfUtils.java:logGet(44)) - raft.server.log.statemachine.data.caching.enabled = true (custom)
2020-11-27 01:37:33,655 [pool-660-thread-1] INFO  segmented.SegmentedRaftLogWorker (SegmentedRaftLogWorker.java:lambda$new$0(129)) - 24a428e6-ab73-4f5b-a870-5f8cec721e35@group-C21560EF9FAB-SegmentedRaftLogWorker: flushIndex: setUnconditionally 0 -> -1
2020-11-27 01:37:33,655 [pool-660-thread-1] INFO  segmented.SegmentedRaftLogWorker (SegmentedRaftLogWorker.java:lambda$new$0(129)) - 24a428e6-ab73-4f5b-a870-5f8cec721e35@group-C21560EF9FAB-SegmentedRaftLogWorker: safeCacheEvictIndex: setUnconditionally 0 -> -1
2020-11-27 01:37:33,655 [pool-660-thread-1] INFO  server.RaftServerConfigKeys (ConfUtils.java:logGet(44)) - raft.server.snapshot.auto.trigger.enabled = true (custom)
2020-11-27 01:37:33,655 [pool-660-thread-1] INFO  server.RaftServerConfigKeys (ConfUtils.java:logGet(44)) - raft.server.snapshot.auto.trigger.threshold = 10000 (custom)
2020-11-27 01:37:33,655 [pool-660-thread-1] INFO  server.RaftServerConfigKeys (ConfUtils.java:logGet(44)) - raft.server.snapshot.retention.file.num = 5 (custom)
2020-11-27 01:37:33,655 [pool-660-thread-1] INFO  server.RaftServerConfigKeys (ConfUtils.java:logGet(44)) - raft.server.log.purge.upto.snapshot.index = false (default)
2020-11-27 01:37:33,655 [pool-660-thread-1] INFO  server.RaftServerConfigKeys (ConfUtils.java:logGet(44)) - raft.server.retrycache.expirytime = 600000ms (custom)
2020-11-27 01:37:33,655 [pool-660-thread-1] INFO  metrics.RatisMetrics (RatisMetrics.java:lambda$create$0(36)) - Creating Metrics Registry : ratis.leader_election.24a428e6-ab73-4f5b-a870-5f8cec721e35@group-C21560EF9FAB
2020-11-27 01:37:33,656 [pool-660-thread-1] INFO  metrics.RatisMetrics (RatisMetrics.java:lambda$create$0(36)) - Creating Metrics Registry : ratis.server.24a428e6-ab73-4f5b-a870-5f8cec721e35@group-C21560EF9FAB
2020-11-27 01:37:33,658 [pool-660-thread-1] INFO  impl.RaftServerImpl (RaftServerImpl.java:start(215)) - 24a428e6-ab73-4f5b-a870-5f8cec721e35@group-C21560EF9FAB: start as a follower, conf=-1: [fadf6fe5-11c1-4da6-9372-0a456385f570|rpc:172.17.0.2:44925|dataStream:, 03f5e28f-1ccf-47de-881e-8ae7723c653b|rpc:172.17.0.2:40701|dataStream:, 24a428e6-ab73-4f5b-a870-5f8cec721e35|rpc:172.17.0.2:43409|dataStream:], old=null
2020-11-27 01:37:33,658 [pool-660-thread-1] INFO  impl.RaftServerImpl (RaftServerImpl.java:setRole(204)) - 24a428e6-ab73-4f5b-a870-5f8cec721e35@group-C21560EF9FAB: changes role from      null to FOLLOWER at term 0 for startAsFollower
2020-11-27 01:37:33,658 [pool-660-thread-1] INFO  impl.RoleInfo (RoleInfo.java:updateAndGet(143)) - 24a428e6-ab73-4f5b-a870-5f8cec721e35: start 24a428e6-ab73-4f5b-a870-5f8cec721e35@group-C21560EF9FAB-FollowerState
2020-11-27 01:37:33,658 [pool-660-thread-1] INFO  util.JmxRegister (JmxRegister.java:tryRegister(44)) - Successfully registered JMX Bean with object name Ratis:service=RaftServer,group=group-C21560EF9FAB,id=24a428e6-ab73-4f5b-a870-5f8cec721e35
2020-11-27 01:37:33,658 [pool-660-thread-1] INFO  metrics.RatisMetrics (RatisMetrics.java:lambda$create$0(36)) - Creating Metrics Registry : ratis.state_machine.24a428e6-ab73-4f5b-a870-5f8cec721e35@group-C21560EF9FAB
2020-11-27 01:37:33,671 [Command processor thread] INFO  metrics.RatisMetrics (RatisMetrics.java:lambda$create$0(36)) - Creating Metrics Registry : ratis.client_message_metrics.client-63B04552E17B->fadf6fe5-11c1-4da6-9372-0a456385f570
2020-11-27 01:37:33,676 [grpc-default-executor-6] INFO  impl.RaftServerProxy (RaftServerProxy.java:addNew(93)) - fadf6fe5-11c1-4da6-9372-0a456385f570: addNew group-C21560EF9FAB:[fadf6fe5-11c1-4da6-9372-0a456385f570|rpc:172.17.0.2:44925|dataStream:, 03f5e28f-1ccf-47de-881e-8ae7723c653b|rpc:172.17.0.2:40701|dataStream:, 24a428e6-ab73-4f5b-a870-5f8cec721e35|rpc:172.17.0.2:43409|dataStream:] returns group-C21560EF9FAB:java.util.concurrent.CompletableFuture@47975bac[Not completed]
2020-11-27 01:37:33,677 [pool-677-thread-1] INFO  impl.RaftServerImpl (RaftServerImpl.java:<init>(121)) - fadf6fe5-11c1-4da6-9372-0a456385f570: new RaftServerImpl for group-C21560EF9FAB:[fadf6fe5-11c1-4da6-9372-0a456385f570|rpc:172.17.0.2:44925|dataStream:, 03f5e28f-1ccf-47de-881e-8ae7723c653b|rpc:172.17.0.2:40701|dataStream:, 24a428e6-ab73-4f5b-a870-5f8cec721e35|rpc:172.17.0.2:43409|dataStream:] with ContainerStateMachine:uninitialized
2020-11-27 01:37:33,677 [pool-677-thread-1] INFO  server.RaftServerConfigKeys (ConfUtils.java:logGet(44)) - raft.server.rpc.timeout.min = 5s (custom)
2020-11-27 01:37:33,677 [pool-677-thread-1] INFO  server.RaftServerConfigKeys (ConfUtils.java:logGet(44)) - raft.server.rpc.timeout.max = 5200ms (custom)
2020-11-27 01:37:33,677 [pool-677-thread-1] INFO  server.RaftServerConfigKeys (ConfUtils.java:logGet(44)) - raft.server.rpc.slowness.timeout = 300000ms (custom)
2020-11-27 01:37:33,677 [pool-677-thread-1] INFO  server.RaftServerConfigKeys (ConfUtils.java:logGet(44)) - raft.server.leaderelection.leader.step-down.wait-time = 10s (default)
2020-11-27 01:37:33,677 [pool-677-thread-1] INFO  server.RaftServerConfigKeys (ConfUtils.java:logGet(44)) - raft.server.sleep.deviation.threshold = 300 (default)
2020-11-27 01:37:33,677 [pool-677-thread-1] INFO  server.RaftServerConfigKeys (ConfUtils.java:logGet(44)) - raft.server.log.appender.install.snapshot.enabled = false (custom)
2020-11-27 01:37:33,677 [pool-677-thread-1] INFO  impl.RaftServerImpl (ServerState.java:<init>(104)) - fadf6fe5-11c1-4da6-9372-0a456385f570@group-C21560EF9FAB: ConfigurationManager, init=-1: [fadf6fe5-11c1-4da6-9372-0a456385f570|rpc:172.17.0.2:44925|dataStream:, 03f5e28f-1ccf-47de-881e-8ae7723c653b|rpc:172.17.0.2:40701|dataStream:, 24a428e6-ab73-4f5b-a870-5f8cec721e35|rpc:172.17.0.2:43409|dataStream:], old=null, confs=<EMPTY_MAP>
2020-11-27 01:37:33,677 [pool-677-thread-1] INFO  server.RaftServerConfigKeys (ConfUtils.java:logGet(44)) - raft.server.storage.dir = [/github/workspace/mnt/ozone/hadoop-ozone/integration-test/target/test-dir/MiniOzoneClusterImpl-7befb19c-4ec9-4b73-94e9-5feb4aa859dd/datanode-2/data/ratis] (custom)
2020-11-27 01:37:33,677 [pool-677-thread-1] INFO  server.RaftServerConfigKeys (ConfUtils.java:logGet(44)) - raft.server.log.corruption.policy = EXCEPTION (default)
2020-11-27 01:37:33,677 [pool-677-thread-1] INFO  storage.RaftStorageDirectory (RaftStorageDirectory.java:analyzeStorage(261)) - The storage directory /github/workspace/mnt/ozone/hadoop-ozone/integration-test/target/test-dir/MiniOzoneClusterImpl-7befb19c-4ec9-4b73-94e9-5feb4aa859dd/datanode-2/data/ratis/6ad1acc2-e1ba-4f36-9a9d-c21560ef9fab does not exist. Creating ...
2020-11-27 01:37:33,678 [pool-677-thread-1] INFO  storage.RaftStorageDirectory (RaftStorageDirectory.java:tryLock(343)) - Lock on /github/workspace/mnt/ozone/hadoop-ozone/integration-test/target/test-dir/MiniOzoneClusterImpl-7befb19c-4ec9-4b73-94e9-5feb4aa859dd/datanode-2/data/ratis/6ad1acc2-e1ba-4f36-9a9d-c21560ef9fab/in_use.lock acquired by nodename 18347@3bf31645156d
2020-11-27 01:37:33,679 [pool-677-thread-1] INFO  storage.RaftStorage (RaftStorage.java:format(85)) - Storage directory /github/workspace/mnt/ozone/hadoop-ozone/integration-test/target/test-dir/MiniOzoneClusterImpl-7befb19c-4ec9-4b73-94e9-5feb4aa859dd/datanode-2/data/ratis/6ad1acc2-e1ba-4f36-9a9d-c21560ef9fab has been successfully formatted.
2020-11-27 01:37:33,680 [pool-677-thread-1] INFO  ratis.ContainerStateMachine (ContainerStateMachine.java:loadSnapshot(225)) - group-C21560EF9FAB: The snapshot info is null. Setting the last applied indexto:(t:0, i:~)
2020-11-27 01:37:33,680 [pool-677-thread-1] INFO  server.RaftServerConfigKeys (ConfUtils.java:logGet(44)) - raft.server.notification.no-leader.timeout = 300000ms (custom)
2020-11-27 01:37:33,680 [pool-677-thread-1] INFO  server.RaftServerConfigKeys (ConfUtils.java:logGet(44)) - raft.server.log.use.memory = false (default)
2020-11-27 01:37:33,680 [EventQueue-PipelineReportForOneReplicaPipelineSafeModeRule] INFO  safemode.SCMSafeModeManager (SCMSafeModeManager.java:validateSafeModeExitRules(214)) - AtleastOneDatanodeReportedRule rule is successfully validated
2020-11-27 01:37:33,681 [pool-677-thread-1] INFO  server.RaftServerConfigKeys (ConfUtils.java:logGet(44)) - raft.server.log.purge.gap = 1000000 (custom)
2020-11-27 01:37:33,681 [pool-677-thread-1] INFO  metrics.RatisMetrics (RatisMetrics.java:lambda$create$0(36)) - Creating Metrics Registry : ratis.log_worker.fadf6fe5-11c1-4da6-9372-0a456385f570@group-C21560EF9FAB
2020-11-27 01:37:33,681 [pool-677-thread-1] INFO  server.RaftServerConfigKeys (ConfUtils.java:logGet(44)) - raft.server.log.appender.buffer.byte-limit = 33554432 (custom)
2020-11-27 01:37:33,681 [pool-677-thread-1] INFO  server.RaftServerConfigKeys (ConfUtils.java:logGet(44)) - raft.server.log.segment.size.max = 1048576 (custom)
2020-11-27 01:37:33,682 [pool-677-thread-1] INFO  server.RaftServerConfigKeys (ConfUtils.java:logGet(44)) - raft.server.log.segment.cache.num.max = 2 (custom)
2020-11-27 01:37:33,682 [pool-677-thread-1] INFO  segmented.SegmentedRaftLogWorker (SegmentedRaftLogWorker.java:<init>(180)) - new fadf6fe5-11c1-4da6-9372-0a456385f570@group-C21560EF9FAB-SegmentedRaftLogWorker for RaftStorage:Storage Directory /github/workspace/mnt/ozone/hadoop-ozone/integration-test/target/test-dir/MiniOzoneClusterImpl-7befb19c-4ec9-4b73-94e9-5feb4aa859dd/datanode-2/data/ratis/6ad1acc2-e1ba-4f36-9a9d-c21560ef9fab
2020-11-27 01:37:33,682 [pool-677-thread-1] INFO  server.RaftServerConfigKeys (ConfUtils.java:logGet(44)) - raft.server.log.queue.byte-limit = 2147483647 (custom)
2020-11-27 01:37:33,682 [pool-677-thread-1] INFO  server.RaftServerConfigKeys (ConfUtils.java:logGet(44)) - raft.server.log.queue.element-limit = 1024 (custom)
2020-11-27 01:37:33,682 [pool-677-thread-1] INFO  server.RaftServerConfigKeys (ConfUtils.java:logGet(44)) - raft.server.log.segment.size.max = 1048576 (custom)
2020-11-27 01:37:33,682 [pool-677-thread-1] INFO  server.RaftServerConfigKeys (ConfUtils.java:logGet(44)) - raft.server.log.preallocated.size = 16384 (custom)
2020-11-27 01:37:33,682 [pool-677-thread-1] INFO  server.RaftServerConfigKeys (ConfUtils.java:logGet(44)) - raft.server.log.write.buffer.size = 1048576 (custom)
2020-11-27 01:37:33,682 [pool-677-thread-1] INFO  server.RaftServerConfigKeys (ConfUtils.java:logGet(44)) - raft.server.log.force.sync.num = 128 (default)
2020-11-27 01:37:33,682 [pool-677-thread-1] INFO  server.RaftServerConfigKeys (ConfUtils.java:logGet(44)) - raft.server.log.statemachine.data.sync = true (default)
2020-11-27 01:37:33,682 [pool-677-thread-1] INFO  server.RaftServerConfigKeys (ConfUtils.java:logGet(44)) - raft.server.log.statemachine.data.sync.timeout = 10s (default)
2020-11-27 01:37:33,682 [pool-677-thread-1] INFO  server.RaftServerConfigKeys (ConfUtils.java:logGet(44)) - raft.server.log.statemachine.data.sync.timeout.retry = -1 (default)
2020-11-27 01:37:33,686 [pool-677-thread-1] INFO  server.RaftServerConfigKeys (ConfUtils.java:logGet(44)) - raft.server.log.statemachine.data.caching.enabled = true (custom)
2020-11-27 01:37:33,686 [pool-677-thread-1] INFO  segmented.SegmentedRaftLogWorker (SegmentedRaftLogWorker.java:lambda$new$0(129)) - fadf6fe5-11c1-4da6-9372-0a456385f570@group-C21560EF9FAB-SegmentedRaftLogWorker: flushIndex: setUnconditionally 0 -> -1
2020-11-27 01:37:33,686 [pool-677-thread-1] INFO  segmented.SegmentedRaftLogWorker (SegmentedRaftLogWorker.java:lambda$new$0(129)) - fadf6fe5-11c1-4da6-9372-0a456385f570@group-C21560EF9FAB-SegmentedRaftLogWorker: safeCacheEvictIndex: setUnconditionally 0 -> -1
2020-11-27 01:37:33,688 [pool-677-thread-1] INFO  server.RaftServerConfigKeys (ConfUtils.java:logGet(44)) - raft.server.snapshot.auto.trigger.enabled = true (custom)
2020-11-27 01:37:33,688 [pool-677-thread-1] INFO  server.RaftServerConfigKeys (ConfUtils.java:logGet(44)) - raft.server.snapshot.auto.trigger.threshold = 10000 (custom)
2020-11-27 01:37:33,688 [pool-677-thread-1] INFO  server.RaftServerConfigKeys (ConfUtils.java:logGet(44)) - raft.server.snapshot.retention.file.num = 5 (custom)
2020-11-27 01:37:33,688 [pool-677-thread-1] INFO  server.RaftServerConfigKeys (ConfUtils.java:logGet(44)) - raft.server.log.purge.upto.snapshot.index = false (default)
2020-11-27 01:37:33,688 [pool-677-thread-1] INFO  server.RaftServerConfigKeys (ConfUtils.java:logGet(44)) - raft.server.retrycache.expirytime = 600000ms (custom)
2020-11-27 01:37:33,689 [pool-677-thread-1] INFO  metrics.RatisMetrics (RatisMetrics.java:lambda$create$0(36)) - Creating Metrics Registry : ratis.leader_election.fadf6fe5-11c1-4da6-9372-0a456385f570@group-C21560EF9FAB
2020-11-27 01:37:33,689 [Listener at 127.0.0.1/40963] INFO  ozone.MiniOzoneClusterImpl (MiniOzoneClusterImpl.java:lambda$waitForClusterToBeReady$0(178)) - Nodes are ready. Got 7 of 7 DN Heartbeats.
2020-11-27 01:37:33,689 [Listener at 127.0.0.1/40963] INFO  ozone.MiniOzoneClusterImpl (MiniOzoneClusterImpl.java:lambda$waitForClusterToBeReady$0(181)) - Waiting for cluster to exit safe mode
2020-11-27 01:37:33,689 [pool-677-thread-1] INFO  metrics.RatisMetrics (RatisMetrics.java:lambda$create$0(36)) - Creating Metrics Registry : ratis.server.fadf6fe5-11c1-4da6-9372-0a456385f570@group-C21560EF9FAB
2020-11-27 01:37:33,691 [pool-677-thread-1] INFO  impl.RaftServerImpl (RaftServerImpl.java:start(215)) - fadf6fe5-11c1-4da6-9372-0a456385f570@group-C21560EF9FAB: start as a follower, conf=-1: [fadf6fe5-11c1-4da6-9372-0a456385f570|rpc:172.17.0.2:44925|dataStream:, 03f5e28f-1ccf-47de-881e-8ae7723c653b|rpc:172.17.0.2:40701|dataStream:, 24a428e6-ab73-4f5b-a870-5f8cec721e35|rpc:172.17.0.2:43409|dataStream:], old=null
2020-11-27 01:37:33,691 [pool-677-thread-1] INFO  impl.RaftServerImpl (RaftServerImpl.java:setRole(204)) - fadf6fe5-11c1-4da6-9372-0a456385f570@group-C21560EF9FAB: changes role from      null to FOLLOWER at term 0 for startAsFollower
2020-11-27 01:37:33,691 [pool-677-thread-1] INFO  impl.RoleInfo (RoleInfo.java:updateAndGet(143)) - fadf6fe5-11c1-4da6-9372-0a456385f570: start fadf6fe5-11c1-4da6-9372-0a456385f570@group-C21560EF9FAB-FollowerState
2020-11-27 01:37:33,692 [pool-677-thread-1] INFO  util.JmxRegister (JmxRegister.java:tryRegister(44)) - Successfully registered JMX Bean with object name Ratis:service=RaftServer,group=group-C21560EF9FAB,id=fadf6fe5-11c1-4da6-9372-0a456385f570
2020-11-27 01:37:33,692 [pool-677-thread-1] INFO  metrics.RatisMetrics (RatisMetrics.java:lambda$create$0(36)) - Creating Metrics Registry : ratis.state_machine.fadf6fe5-11c1-4da6-9372-0a456385f570@group-C21560EF9FAB
2020-11-27 01:37:33,695 [Command processor thread] INFO  impl.RaftServerProxy (RaftServerProxy.java:addNew(93)) - 24a428e6-ab73-4f5b-a870-5f8cec721e35: addNew group-3DC0F12F9DB3:[24a428e6-ab73-4f5b-a870-5f8cec721e35|rpc:172.17.0.2:43409] returns group-3DC0F12F9DB3:java.util.concurrent.CompletableFuture@2bc44182[Not completed]
2020-11-27 01:37:33,695 [pool-660-thread-1] INFO  impl.RaftServerImpl (RaftServerImpl.java:<init>(121)) - 24a428e6-ab73-4f5b-a870-5f8cec721e35: new RaftServerImpl for group-3DC0F12F9DB3:[24a428e6-ab73-4f5b-a870-5f8cec721e35|rpc:172.17.0.2:43409] with ContainerStateMachine:uninitialized
2020-11-27 01:37:33,695 [pool-660-thread-1] INFO  server.RaftServerConfigKeys (ConfUtils.java:logGet(44)) - raft.server.rpc.timeout.min = 5s (custom)
2020-11-27 01:37:33,695 [pool-660-thread-1] INFO  server.RaftServerConfigKeys (ConfUtils.java:logGet(44)) - raft.server.rpc.timeout.max = 5200ms (custom)
2020-11-27 01:37:33,695 [pool-660-thread-1] INFO  server.RaftServerConfigKeys (ConfUtils.java:logGet(44)) - raft.server.rpc.slowness.timeout = 300000ms (custom)
2020-11-27 01:37:33,695 [pool-660-thread-1] INFO  server.RaftServerConfigKeys (ConfUtils.java:logGet(44)) - raft.server.leaderelection.leader.step-down.wait-time = 10s (default)
2020-11-27 01:37:33,696 [pool-660-thread-1] INFO  server.RaftServerConfigKeys (ConfUtils.java:logGet(44)) - raft.server.sleep.deviation.threshold = 300 (default)
2020-11-27 01:37:33,696 [pool-660-thread-1] INFO  server.RaftServerConfigKeys (ConfUtils.java:logGet(44)) - raft.server.log.appender.install.snapshot.enabled = false (custom)
2020-11-27 01:37:33,696 [pool-660-thread-1] INFO  impl.RaftServerImpl (ServerState.java:<init>(104)) - 24a428e6-ab73-4f5b-a870-5f8cec721e35@group-3DC0F12F9DB3: ConfigurationManager, init=-1: [24a428e6-ab73-4f5b-a870-5f8cec721e35|rpc:172.17.0.2:43409], old=null, confs=<EMPTY_MAP>
2020-11-27 01:37:33,696 [pool-660-thread-1] INFO  server.RaftServerConfigKeys (ConfUtils.java:logGet(44)) - raft.server.storage.dir = [/github/workspace/mnt/ozone/hadoop-ozone/integration-test/target/test-dir/MiniOzoneClusterImpl-7befb19c-4ec9-4b73-94e9-5feb4aa859dd/datanode-1/data/ratis] (custom)
2020-11-27 01:37:33,696 [pool-660-thread-1] INFO  server.RaftServerConfigKeys (ConfUtils.java:logGet(44)) - raft.server.log.corruption.policy = EXCEPTION (default)
2020-11-27 01:37:33,696 [pool-660-thread-1] INFO  storage.RaftStorageDirectory (RaftStorageDirectory.java:analyzeStorage(261)) - The storage directory /github/workspace/mnt/ozone/hadoop-ozone/integration-test/target/test-dir/MiniOzoneClusterImpl-7befb19c-4ec9-4b73-94e9-5feb4aa859dd/datanode-1/data/ratis/1b13b7f1-6258-4fa6-a04d-3dc0f12f9db3 does not exist. Creating ...
2020-11-27 01:37:33,698 [pool-660-thread-1] INFO  storage.RaftStorageDirectory (RaftStorageDirectory.java:tryLock(343)) - Lock on /github/workspace/mnt/ozone/hadoop-ozone/integration-test/target/test-dir/MiniOzoneClusterImpl-7befb19c-4ec9-4b73-94e9-5feb4aa859dd/datanode-1/data/ratis/1b13b7f1-6258-4fa6-a04d-3dc0f12f9db3/in_use.lock acquired by nodename 18347@3bf31645156d
2020-11-27 01:37:33,699 [pool-660-thread-1] INFO  storage.RaftStorage (RaftStorage.java:format(85)) - Storage directory /github/workspace/mnt/ozone/hadoop-ozone/integration-test/target/test-dir/MiniOzoneClusterImpl-7befb19c-4ec9-4b73-94e9-5feb4aa859dd/datanode-1/data/ratis/1b13b7f1-6258-4fa6-a04d-3dc0f12f9db3 has been successfully formatted.
2020-11-27 01:37:33,699 [pool-660-thread-1] INFO  ratis.ContainerStateMachine (ContainerStateMachine.java:loadSnapshot(225)) - group-3DC0F12F9DB3: The snapshot info is null. Setting the last applied indexto:(t:0, i:~)
2020-11-27 01:37:33,699 [pool-660-thread-1] INFO  server.RaftServerConfigKeys (ConfUtils.java:logGet(44)) - raft.server.notification.no-leader.timeout = 300000ms (custom)
2020-11-27 01:37:33,699 [pool-660-thread-1] INFO  server.RaftServerConfigKeys (ConfUtils.java:logGet(44)) - raft.server.log.use.memory = false (default)
2020-11-27 01:37:33,700 [pool-660-thread-1] INFO  server.RaftServerConfigKeys (ConfUtils.java:logGet(44)) - raft.server.log.purge.gap = 1000000 (custom)
2020-11-27 01:37:33,700 [pool-660-thread-1] INFO  metrics.RatisMetrics (RatisMetrics.java:lambda$create$0(36)) - Creating Metrics Registry : ratis.log_worker.24a428e6-ab73-4f5b-a870-5f8cec721e35@group-3DC0F12F9DB3
2020-11-27 01:37:33,700 [pool-660-thread-1] INFO  server.RaftServerConfigKeys (ConfUtils.java:logGet(44)) - raft.server.log.appender.buffer.byte-limit = 33554432 (custom)
2020-11-27 01:37:33,700 [pool-660-thread-1] INFO  server.RaftServerConfigKeys (ConfUtils.java:logGet(44)) - raft.server.log.segment.size.max = 1048576 (custom)
2020-11-27 01:37:33,701 [pool-660-thread-1] INFO  server.RaftServerConfigKeys (ConfUtils.java:logGet(44)) - raft.server.log.segment.cache.num.max = 2 (custom)
2020-11-27 01:37:33,701 [pool-660-thread-1] INFO  segmented.SegmentedRaftLogWorker (SegmentedRaftLogWorker.java:<init>(180)) - new 24a428e6-ab73-4f5b-a870-5f8cec721e35@group-3DC0F12F9DB3-SegmentedRaftLogWorker for RaftStorage:Storage Directory /github/workspace/mnt/ozone/hadoop-ozone/integration-test/target/test-dir/MiniOzoneClusterImpl-7befb19c-4ec9-4b73-94e9-5feb4aa859dd/datanode-1/data/ratis/1b13b7f1-6258-4fa6-a04d-3dc0f12f9db3
2020-11-27 01:37:33,701 [pool-660-thread-1] INFO  server.RaftServerConfigKeys (ConfUtils.java:logGet(44)) - raft.server.log.queue.byte-limit = 2147483647 (custom)
2020-11-27 01:37:33,701 [pool-660-thread-1] INFO  server.RaftServerConfigKeys (ConfUtils.java:logGet(44)) - raft.server.log.queue.element-limit = 1024 (custom)
2020-11-27 01:37:33,701 [pool-660-thread-1] INFO  server.RaftServerConfigKeys (ConfUtils.java:logGet(44)) - raft.server.log.segment.size.max = 1048576 (custom)
2020-11-27 01:37:33,701 [pool-660-thread-1] INFO  server.RaftServerConfigKeys (ConfUtils.java:logGet(44)) - raft.server.log.preallocated.size = 16384 (custom)
2020-11-27 01:37:33,701 [pool-660-thread-1] INFO  server.RaftServerConfigKeys (ConfUtils.java:logGet(44)) - raft.server.log.write.buffer.size = 1048576 (custom)
2020-11-27 01:37:33,701 [pool-660-thread-1] INFO  server.RaftServerConfigKeys (ConfUtils.java:logGet(44)) - raft.server.log.force.sync.num = 128 (default)
2020-11-27 01:37:33,701 [pool-660-thread-1] INFO  server.RaftServerConfigKeys (ConfUtils.java:logGet(44)) - raft.server.log.statemachine.data.sync = true (default)
2020-11-27 01:37:33,701 [pool-660-thread-1] INFO  server.RaftServerConfigKeys (ConfUtils.java:logGet(44)) - raft.server.log.statemachine.data.sync.timeout = 10s (default)
2020-11-27 01:37:33,701 [pool-660-thread-1] INFO  server.RaftServerConfigKeys (ConfUtils.java:logGet(44)) - raft.server.log.statemachine.data.sync.timeout.retry = -1 (default)
2020-11-27 01:37:33,703 [pool-660-thread-1] INFO  server.RaftServerConfigKeys (ConfUtils.java:logGet(44)) - raft.server.log.statemachine.data.caching.enabled = true (custom)
2020-11-27 01:37:33,713 [pool-660-thread-1] INFO  segmented.SegmentedRaftLogWorker (SegmentedRaftLogWorker.java:lambda$new$0(129)) - 24a428e6-ab73-4f5b-a870-5f8cec721e35@group-3DC0F12F9DB3-SegmentedRaftLogWorker: flushIndex: setUnconditionally 0 -> -1
2020-11-27 01:37:33,713 [pool-660-thread-1] INFO  segmented.SegmentedRaftLogWorker (SegmentedRaftLogWorker.java:lambda$new$0(129)) - 24a428e6-ab73-4f5b-a870-5f8cec721e35@group-3DC0F12F9DB3-SegmentedRaftLogWorker: safeCacheEvictIndex: setUnconditionally 0 -> -1
2020-11-27 01:37:33,714 [pool-660-thread-1] INFO  server.RaftServerConfigKeys (ConfUtils.java:logGet(44)) - raft.server.snapshot.auto.trigger.enabled = true (custom)
2020-11-27 01:37:33,714 [pool-660-thread-1] INFO  server.RaftServerConfigKeys (ConfUtils.java:logGet(44)) - raft.server.snapshot.auto.trigger.threshold = 10000 (custom)
2020-11-27 01:37:33,714 [pool-660-thread-1] INFO  server.RaftServerConfigKeys (ConfUtils.java:logGet(44)) - raft.server.snapshot.retention.file.num = 5 (custom)
2020-11-27 01:37:33,714 [pool-660-thread-1] INFO  server.RaftServerConfigKeys (ConfUtils.java:logGet(44)) - raft.server.log.purge.upto.snapshot.index = false (default)
2020-11-27 01:37:33,714 [pool-660-thread-1] INFO  server.RaftServerConfigKeys (ConfUtils.java:logGet(44)) - raft.server.retrycache.expirytime = 600000ms (custom)
2020-11-27 01:37:33,714 [pool-660-thread-1] INFO  metrics.RatisMetrics (RatisMetrics.java:lambda$create$0(36)) - Creating Metrics Registry : ratis.leader_election.24a428e6-ab73-4f5b-a870-5f8cec721e35@group-3DC0F12F9DB3
2020-11-27 01:37:33,714 [pool-660-thread-1] INFO  metrics.RatisMetrics (RatisMetrics.java:lambda$create$0(36)) - Creating Metrics Registry : ratis.server.24a428e6-ab73-4f5b-a870-5f8cec721e35@group-3DC0F12F9DB3
2020-11-27 01:37:33,716 [org.apache.ratis.server.JvmPauseMonitor@4d437dcc-Monitor] WARN  server.JvmPauseMonitor (JvmPauseMonitor.java:run(141)) - Detected pause in JVM or host machine (eg GC): pause of approximately 10ms
No GCs detected
2020-11-27 01:37:33,719 [EventQueue-PipelineReportForOneReplicaPipelineSafeModeRule] INFO  safemode.SCMSafeModeManager (SCMSafeModeManager.java:validateSafeModeExitRules(214)) - AtleastOneDatanodeReportedRule rule is successfully validated
2020-11-27 01:37:33,719 [EventQueue-PipelineReportForPipelineReportHandler] INFO  pipeline.PipelineStateManager (PipelineStateManager.java:openPipeline(132)) - Pipeline Pipeline[ Id: 1b13b7f1-6258-4fa6-a04d-3dc0f12f9db3, Nodes: 24a428e6-ab73-4f5b-a870-5f8cec721e35{ip: 172.17.0.2, host: 3bf31645156d, networkLocation: /default-rack, certSerialId: null}, Type:RATIS, Factor:ONE, State:ALLOCATED, leaderId:24a428e6-ab73-4f5b-a870-5f8cec721e35, CreationTimestamp2020-11-27T01:37:30.697Z] moved to OPEN state
2020-11-27 01:37:33,720 [EventQueue-OpenPipelineForHealthyPipelineSafeModeRule] INFO  safemode.SCMSafeModeManager (HealthyPipelineSafeModeRule.java:process(128)) - SCM in safe mode. Healthy pipelines reported count is 0, required healthy pipeline reported count is 1
2020-11-27 01:37:33,720 [pool-660-thread-1] INFO  impl.RaftServerImpl (RaftServerImpl.java:start(215)) - 24a428e6-ab73-4f5b-a870-5f8cec721e35@group-3DC0F12F9DB3: start as a follower, conf=-1: [24a428e6-ab73-4f5b-a870-5f8cec721e35|rpc:172.17.0.2:43409], old=null
2020-11-27 01:37:33,720 [pool-660-thread-1] INFO  impl.RaftServerImpl (RaftServerImpl.java:setRole(204)) - 24a428e6-ab73-4f5b-a870-5f8cec721e35@group-3DC0F12F9DB3: changes role from      null to FOLLOWER at term 0 for startAsFollower
2020-11-27 01:37:33,720 [pool-660-thread-1] INFO  impl.RoleInfo (RoleInfo.java:updateAndGet(143)) - 24a428e6-ab73-4f5b-a870-5f8cec721e35: start 24a428e6-ab73-4f5b-a870-5f8cec721e35@group-3DC0F12F9DB3-FollowerState
2020-11-27 01:37:33,721 [pool-660-thread-1] INFO  util.JmxRegister (JmxRegister.java:tryRegister(44)) - Successfully registered JMX Bean with object name Ratis:service=RaftServer,group=group-3DC0F12F9DB3,id=24a428e6-ab73-4f5b-a870-5f8cec721e35
2020-11-27 01:37:33,721 [pool-660-thread-1] INFO  metrics.RatisMetrics (RatisMetrics.java:lambda$create$0(36)) - Creating Metrics Registry : ratis.state_machine.24a428e6-ab73-4f5b-a870-5f8cec721e35@group-3DC0F12F9DB3
2020-11-27 01:37:33,729 [Command processor thread] INFO  commandhandler.CreatePipelineCommandHandler (CreatePipelineCommandHandler.java:handle(106)) - Created Pipeline RATIS THREE PipelineID=6ad1acc2-e1ba-4f36-9a9d-c21560ef9fab.
2020-11-27 01:37:33,729 [Command processor thread] INFO  commandhandler.CreatePipelineCommandHandler (CreatePipelineCommandHandler.java:handle(106)) - Created Pipeline RATIS ONE PipelineID=1b13b7f1-6258-4fa6-a04d-3dc0f12f9db3.
2020-11-27 01:37:33,905 [Command processor thread] INFO  impl.RaftServerProxy (RaftServerProxy.java:addNew(93)) - fadf6fe5-11c1-4da6-9372-0a456385f570: addNew group-54B732C6FDA1:[fadf6fe5-11c1-4da6-9372-0a456385f570|rpc:172.17.0.2:44925] returns group-54B732C6FDA1:java.util.concurrent.CompletableFuture@2cff6f7b[Not completed]
2020-11-27 01:37:33,906 [pool-677-thread-1] INFO  impl.RaftServerImpl (RaftServerImpl.java:<init>(121)) - fadf6fe5-11c1-4da6-9372-0a456385f570: new RaftServerImpl for group-54B732C6FDA1:[fadf6fe5-11c1-4da6-9372-0a456385f570|rpc:172.17.0.2:44925] with ContainerStateMachine:uninitialized
2020-11-27 01:37:33,906 [pool-677-thread-1] INFO  server.RaftServerConfigKeys (ConfUtils.java:logGet(44)) - raft.server.rpc.timeout.min = 5s (custom)
2020-11-27 01:37:33,906 [pool-677-thread-1] INFO  server.RaftServerConfigKeys (ConfUtils.java:logGet(44)) - raft.server.rpc.timeout.max = 5200ms (custom)
2020-11-27 01:37:33,906 [pool-677-thread-1] INFO  server.RaftServerConfigKeys (ConfUtils.java:logGet(44)) - raft.server.rpc.slowness.timeout = 300000ms (custom)
2020-11-27 01:37:33,906 [pool-677-thread-1] INFO  server.RaftServerConfigKeys (ConfUtils.java:logGet(44)) - raft.server.leaderelection.leader.step-down.wait-time = 10s (default)
2020-11-27 01:37:33,906 [pool-677-thread-1] INFO  server.RaftServerConfigKeys (ConfUtils.java:logGet(44)) - raft.server.sleep.deviation.threshold = 300 (default)
2020-11-27 01:37:33,906 [pool-677-thread-1] INFO  server.RaftServerConfigKeys (ConfUtils.java:logGet(44)) - raft.server.log.appender.install.snapshot.enabled = false (custom)
2020-11-27 01:37:33,906 [pool-677-thread-1] INFO  impl.RaftServerImpl (ServerState.java:<init>(104)) - fadf6fe5-11c1-4da6-9372-0a456385f570@group-54B732C6FDA1: ConfigurationManager, init=-1: [fadf6fe5-11c1-4da6-9372-0a456385f570|rpc:172.17.0.2:44925], old=null, confs=<EMPTY_MAP>
2020-11-27 01:37:33,906 [pool-677-thread-1] INFO  server.RaftServerConfigKeys (ConfUtils.java:logGet(44)) - raft.server.storage.dir = [/github/workspace/mnt/ozone/hadoop-ozone/integration-test/target/test-dir/MiniOzoneClusterImpl-7befb19c-4ec9-4b73-94e9-5feb4aa859dd/datanode-2/data/ratis] (custom)
2020-11-27 01:37:33,907 [pool-677-thread-1] INFO  server.RaftServerConfigKeys (ConfUtils.java:logGet(44)) - raft.server.log.corruption.policy = EXCEPTION (default)
2020-11-27 01:37:33,907 [pool-677-thread-1] INFO  storage.RaftStorageDirectory (RaftStorageDirectory.java:analyzeStorage(261)) - The storage directory /github/workspace/mnt/ozone/hadoop-ozone/integration-test/target/test-dir/MiniOzoneClusterImpl-7befb19c-4ec9-4b73-94e9-5feb4aa859dd/datanode-2/data/ratis/a3c6bac2-4b9d-4d8f-9e5c-54b732c6fda1 does not exist. Creating ...
2020-11-27 01:37:33,908 [pool-677-thread-1] INFO  storage.RaftStorageDirectory (RaftStorageDirectory.java:tryLock(343)) - Lock on /github/workspace/mnt/ozone/hadoop-ozone/integration-test/target/test-dir/MiniOzoneClusterImpl-7befb19c-4ec9-4b73-94e9-5feb4aa859dd/datanode-2/data/ratis/a3c6bac2-4b9d-4d8f-9e5c-54b732c6fda1/in_use.lock acquired by nodename 18347@3bf31645156d
2020-11-27 01:37:33,912 [pool-677-thread-1] INFO  storage.RaftStorage (RaftStorage.java:format(85)) - Storage directory /github/workspace/mnt/ozone/hadoop-ozone/integration-test/target/test-dir/MiniOzoneClusterImpl-7befb19c-4ec9-4b73-94e9-5feb4aa859dd/datanode-2/data/ratis/a3c6bac2-4b9d-4d8f-9e5c-54b732c6fda1 has been successfully formatted.
2020-11-27 01:37:33,913 [pool-677-thread-1] INFO  ratis.ContainerStateMachine (ContainerStateMachine.java:loadSnapshot(225)) - group-54B732C6FDA1: The snapshot info is null. Setting the last applied indexto:(t:0, i:~)
2020-11-27 01:37:33,913 [pool-677-thread-1] INFO  server.RaftServerConfigKeys (ConfUtils.java:logGet(44)) - raft.server.notification.no-leader.timeout = 300000ms (custom)
2020-11-27 01:37:33,913 [EventQueue-PipelineReportForPipelineReportHandler] INFO  pipeline.PipelineStateManager (PipelineStateManager.java:openPipeline(132)) - Pipeline Pipeline[ Id: a3c6bac2-4b9d-4d8f-9e5c-54b732c6fda1, Nodes: fadf6fe5-11c1-4da6-9372-0a456385f570{ip: 172.17.0.2, host: 3bf31645156d, networkLocation: /default-rack, certSerialId: null}, Type:RATIS, Factor:ONE, State:ALLOCATED, leaderId:fadf6fe5-11c1-4da6-9372-0a456385f570, CreationTimestamp2020-11-27T01:37:30.906Z] moved to OPEN state
2020-11-27 01:37:33,914 [pool-677-thread-1] INFO  server.RaftServerConfigKeys (ConfUtils.java:logGet(44)) - raft.server.log.use.memory = false (default)
2020-11-27 01:37:33,914 [pool-677-thread-1] INFO  server.RaftServerConfigKeys (ConfUtils.java:logGet(44)) - raft.server.log.purge.gap = 1000000 (custom)
2020-11-27 01:37:33,914 [pool-677-thread-1] INFO  metrics.RatisMetrics (RatisMetrics.java:lambda$create$0(36)) - Creating Metrics Registry : ratis.log_worker.fadf6fe5-11c1-4da6-9372-0a456385f570@group-54B732C6FDA1
2020-11-27 01:37:33,913 [EventQueue-PipelineReportForOneReplicaPipelineSafeModeRule] INFO  safemode.SCMSafeModeManager (SCMSafeModeManager.java:validateSafeModeExitRules(214)) - AtleastOneDatanodeReportedRule rule is successfully validated
2020-11-27 01:37:33,914 [EventQueue-OpenPipelineForHealthyPipelineSafeModeRule] INFO  safemode.SCMSafeModeManager (HealthyPipelineSafeModeRule.java:process(128)) - SCM in safe mode. Healthy pipelines reported count is 0, required healthy pipeline reported count is 1
2020-11-27 01:37:33,914 [pool-677-thread-1] INFO  server.RaftServerConfigKeys (ConfUtils.java:logGet(44)) - raft.server.log.appender.buffer.byte-limit = 33554432 (custom)
2020-11-27 01:37:33,914 [pool-677-thread-1] INFO  server.RaftServerConfigKeys (ConfUtils.java:logGet(44)) - raft.server.log.segment.size.max = 1048576 (custom)
2020-11-27 01:37:33,915 [pool-677-thread-1] INFO  server.RaftServerConfigKeys (ConfUtils.java:logGet(44)) - raft.server.log.segment.cache.num.max = 2 (custom)
2020-11-27 01:37:33,915 [pool-677-thread-1] INFO  segmented.SegmentedRaftLogWorker (SegmentedRaftLogWorker.java:<init>(180)) - new fadf6fe5-11c1-4da6-9372-0a456385f570@group-54B732C6FDA1-SegmentedRaftLogWorker for RaftStorage:Storage Directory /github/workspace/mnt/ozone/hadoop-ozone/integration-test/target/test-dir/MiniOzoneClusterImpl-7befb19c-4ec9-4b73-94e9-5feb4aa859dd/datanode-2/data/ratis/a3c6bac2-4b9d-4d8f-9e5c-54b732c6fda1
2020-11-27 01:37:33,915 [pool-677-thread-1] INFO  server.RaftServerConfigKeys (ConfUtils.java:logGet(44)) - raft.server.log.queue.byte-limit = 2147483647 (custom)
2020-11-27 01:37:33,915 [pool-677-thread-1] INFO  server.RaftServerConfigKeys (ConfUtils.java:logGet(44)) - raft.server.log.queue.element-limit = 1024 (custom)
2020-11-27 01:37:33,915 [pool-677-thread-1] INFO  server.RaftServerConfigKeys (ConfUtils.java:logGet(44)) - raft.server.log.segment.size.max = 1048576 (custom)
2020-11-27 01:37:33,915 [pool-677-thread-1] INFO  server.RaftServerConfigKeys (ConfUtils.java:logGet(44)) - raft.server.log.preallocated.size = 16384 (custom)
2020-11-27 01:37:33,915 [pool-677-thread-1] INFO  server.RaftServerConfigKeys (ConfUtils.java:logGet(44)) - raft.server.log.write.buffer.size = 1048576 (custom)
2020-11-27 01:37:33,915 [pool-677-thread-1] INFO  server.RaftServerConfigKeys (ConfUtils.java:logGet(44)) - raft.server.log.force.sync.num = 128 (default)
2020-11-27 01:37:33,915 [pool-677-thread-1] INFO  server.RaftServerConfigKeys (ConfUtils.java:logGet(44)) - raft.server.log.statemachine.data.sync = true (default)
2020-11-27 01:37:33,916 [pool-677-thread-1] INFO  server.RaftServerConfigKeys (ConfUtils.java:logGet(44)) - raft.server.log.statemachine.data.sync.timeout = 10s (default)
2020-11-27 01:37:33,916 [pool-677-thread-1] INFO  server.RaftServerConfigKeys (ConfUtils.java:logGet(44)) - raft.server.log.statemachine.data.sync.timeout.retry = -1 (default)
2020-11-27 01:37:33,918 [pool-677-thread-1] INFO  server.RaftServerConfigKeys (ConfUtils.java:logGet(44)) - raft.server.log.statemachine.data.caching.enabled = true (custom)
2020-11-27 01:37:33,918 [pool-677-thread-1] INFO  segmented.SegmentedRaftLogWorker (SegmentedRaftLogWorker.java:lambda$new$0(129)) - fadf6fe5-11c1-4da6-9372-0a456385f570@group-54B732C6FDA1-SegmentedRaftLogWorker: flushIndex: setUnconditionally 0 -> -1
2020-11-27 01:37:33,918 [pool-677-thread-1] INFO  segmented.SegmentedRaftLogWorker (SegmentedRaftLogWorker.java:lambda$new$0(129)) - fadf6fe5-11c1-4da6-9372-0a456385f570@group-54B732C6FDA1-SegmentedRaftLogWorker: safeCacheEvictIndex: setUnconditionally 0 -> -1
2020-11-27 01:37:33,919 [pool-677-thread-1] INFO  server.RaftServerConfigKeys (ConfUtils.java:logGet(44)) - raft.server.snapshot.auto.trigger.enabled = true (custom)
2020-11-27 01:37:33,919 [pool-677-thread-1] INFO  server.RaftServerConfigKeys (ConfUtils.java:logGet(44)) - raft.server.snapshot.auto.trigger.threshold = 10000 (custom)
2020-11-27 01:37:33,919 [pool-677-thread-1] INFO  server.RaftServerConfigKeys (ConfUtils.java:logGet(44)) - raft.server.snapshot.retention.file.num = 5 (custom)
2020-11-27 01:37:33,920 [pool-677-thread-1] INFO  server.RaftServerConfigKeys (ConfUtils.java:logGet(44)) - raft.server.log.purge.upto.snapshot.index = false (default)
2020-11-27 01:37:33,920 [pool-677-thread-1] INFO  server.RaftServerConfigKeys (ConfUtils.java:logGet(44)) - raft.server.retrycache.expirytime = 600000ms (custom)
2020-11-27 01:37:33,920 [pool-677-thread-1] INFO  metrics.RatisMetrics (RatisMetrics.java:lambda$create$0(36)) - Creating Metrics Registry : ratis.leader_election.fadf6fe5-11c1-4da6-9372-0a456385f570@group-54B732C6FDA1
2020-11-27 01:37:33,920 [pool-677-thread-1] INFO  metrics.RatisMetrics (RatisMetrics.java:lambda$create$0(36)) - Creating Metrics Registry : ratis.server.fadf6fe5-11c1-4da6-9372-0a456385f570@group-54B732C6FDA1
2020-11-27 01:37:33,922 [pool-677-thread-1] INFO  impl.RaftServerImpl (RaftServerImpl.java:start(215)) - fadf6fe5-11c1-4da6-9372-0a456385f570@group-54B732C6FDA1: start as a follower, conf=-1: [fadf6fe5-11c1-4da6-9372-0a456385f570|rpc:172.17.0.2:44925], old=null
2020-11-27 01:37:33,922 [pool-677-thread-1] INFO  impl.RaftServerImpl (RaftServerImpl.java:setRole(204)) - fadf6fe5-11c1-4da6-9372-0a456385f570@group-54B732C6FDA1: changes role from      null to FOLLOWER at term 0 for startAsFollower
2020-11-27 01:37:33,922 [pool-677-thread-1] INFO  impl.RoleInfo (RoleInfo.java:updateAndGet(143)) - fadf6fe5-11c1-4da6-9372-0a456385f570: start fadf6fe5-11c1-4da6-9372-0a456385f570@group-54B732C6FDA1-FollowerState
2020-11-27 01:37:33,922 [pool-677-thread-1] INFO  util.JmxRegister (JmxRegister.java:tryRegister(44)) - Successfully registered JMX Bean with object name Ratis:service=RaftServer,group=group-54B732C6FDA1,id=fadf6fe5-11c1-4da6-9372-0a456385f570
2020-11-27 01:37:33,922 [pool-677-thread-1] INFO  metrics.RatisMetrics (RatisMetrics.java:lambda$create$0(36)) - Creating Metrics Registry : ratis.state_machine.fadf6fe5-11c1-4da6-9372-0a456385f570@group-54B732C6FDA1
2020-11-27 01:37:33,923 [Command processor thread] INFO  commandhandler.CreatePipelineCommandHandler (CreatePipelineCommandHandler.java:handle(106)) - Created Pipeline RATIS ONE PipelineID=a3c6bac2-4b9d-4d8f-9e5c-54b732c6fda1.
2020-11-27 01:37:34,103 [Command processor thread] INFO  impl.RaftServerProxy (RaftServerProxy.java:addNew(93)) - d247a803-3982-4a1e-9d5c-2cb5c984a205: addNew group-AE32BD2D6BB6:[d247a803-3982-4a1e-9d5c-2cb5c984a205|rpc:172.17.0.2:42885] returns group-AE32BD2D6BB6:java.util.concurrent.CompletableFuture@3112799b[Not completed]
2020-11-27 01:37:34,104 [pool-693-thread-1] INFO  impl.RaftServerImpl (RaftServerImpl.java:<init>(121)) - d247a803-3982-4a1e-9d5c-2cb5c984a205: new RaftServerImpl for group-AE32BD2D6BB6:[d247a803-3982-4a1e-9d5c-2cb5c984a205|rpc:172.17.0.2:42885] with ContainerStateMachine:uninitialized
2020-11-27 01:37:34,105 [pool-693-thread-1] INFO  server.RaftServerConfigKeys (ConfUtils.java:logGet(44)) - raft.server.rpc.timeout.min = 5s (custom)
2020-11-27 01:37:34,105 [pool-693-thread-1] INFO  server.RaftServerConfigKeys (ConfUtils.java:logGet(44)) - raft.server.rpc.timeout.max = 5200ms (custom)
2020-11-27 01:37:34,105 [pool-693-thread-1] INFO  server.RaftServerConfigKeys (ConfUtils.java:logGet(44)) - raft.server.rpc.slowness.timeout = 300000ms (custom)
2020-11-27 01:37:34,106 [pool-693-thread-1] INFO  server.RaftServerConfigKeys (ConfUtils.java:logGet(44)) - raft.server.leaderelection.leader.step-down.wait-time = 10s (default)
2020-11-27 01:37:34,106 [pool-693-thread-1] INFO  server.RaftServerConfigKeys (ConfUtils.java:logGet(44)) - raft.server.sleep.deviation.threshold = 300 (default)
2020-11-27 01:37:34,107 [pool-693-thread-1] INFO  server.RaftServerConfigKeys (ConfUtils.java:logGet(44)) - raft.server.log.appender.install.snapshot.enabled = false (custom)
2020-11-27 01:37:34,107 [pool-693-thread-1] INFO  impl.RaftServerImpl (ServerState.java:<init>(104)) - d247a803-3982-4a1e-9d5c-2cb5c984a205@group-AE32BD2D6BB6: ConfigurationManager, init=-1: [d247a803-3982-4a1e-9d5c-2cb5c984a205|rpc:172.17.0.2:42885], old=null, confs=<EMPTY_MAP>
2020-11-27 01:37:34,107 [pool-693-thread-1] INFO  server.RaftServerConfigKeys (ConfUtils.java:logGet(44)) - raft.server.storage.dir = [/github/workspace/mnt/ozone/hadoop-ozone/integration-test/target/test-dir/MiniOzoneClusterImpl-7befb19c-4ec9-4b73-94e9-5feb4aa859dd/datanode-3/data/ratis] (custom)
2020-11-27 01:37:34,107 [pool-693-thread-1] INFO  server.RaftServerConfigKeys (ConfUtils.java:logGet(44)) - raft.server.log.corruption.policy = EXCEPTION (default)
2020-11-27 01:37:34,108 [pool-693-thread-1] INFO  storage.RaftStorageDirectory (RaftStorageDirectory.java:analyzeStorage(261)) - The storage directory /github/workspace/mnt/ozone/hadoop-ozone/integration-test/target/test-dir/MiniOzoneClusterImpl-7befb19c-4ec9-4b73-94e9-5feb4aa859dd/datanode-3/data/ratis/e1b218e9-10ac-44f1-8155-ae32bd2d6bb6 does not exist. Creating ...
2020-11-27 01:37:34,108 [pool-693-thread-1] INFO  storage.RaftStorageDirectory (RaftStorageDirectory.java:tryLock(343)) - Lock on /github/workspace/mnt/ozone/hadoop-ozone/integration-test/target/test-dir/MiniOzoneClusterImpl-7befb19c-4ec9-4b73-94e9-5feb4aa859dd/datanode-3/data/ratis/e1b218e9-10ac-44f1-8155-ae32bd2d6bb6/in_use.lock acquired by nodename 18347@3bf31645156d
2020-11-27 01:37:34,110 [pool-693-thread-1] INFO  storage.RaftStorage (RaftStorage.java:format(85)) - Storage directory /github/workspace/mnt/ozone/hadoop-ozone/integration-test/target/test-dir/MiniOzoneClusterImpl-7befb19c-4ec9-4b73-94e9-5feb4aa859dd/datanode-3/data/ratis/e1b218e9-10ac-44f1-8155-ae32bd2d6bb6 has been successfully formatted.
2020-11-27 01:37:34,111 [pool-693-thread-1] INFO  ratis.ContainerStateMachine (ContainerStateMachine.java:loadSnapshot(225)) - group-AE32BD2D6BB6: The snapshot info is null. Setting the last applied indexto:(t:0, i:~)
2020-11-27 01:37:34,111 [pool-693-thread-1] INFO  server.RaftServerConfigKeys (ConfUtils.java:logGet(44)) - raft.server.notification.no-leader.timeout = 300000ms (custom)
2020-11-27 01:37:34,111 [pool-693-thread-1] INFO  server.RaftServerConfigKeys (ConfUtils.java:logGet(44)) - raft.server.log.use.memory = false (default)
2020-11-27 01:37:34,111 [pool-693-thread-1] INFO  server.RaftServerConfigKeys (ConfUtils.java:logGet(44)) - raft.server.log.purge.gap = 1000000 (custom)
2020-11-27 01:37:34,111 [pool-693-thread-1] INFO  metrics.RatisMetrics (RatisMetrics.java:lambda$create$0(36)) - Creating Metrics Registry : ratis.log_worker.d247a803-3982-4a1e-9d5c-2cb5c984a205@group-AE32BD2D6BB6
2020-11-27 01:37:34,111 [EventQueue-PipelineReportForPipelineReportHandler] INFO  pipeline.PipelineStateManager (PipelineStateManager.java:openPipeline(132)) - Pipeline Pipeline[ Id: e1b218e9-10ac-44f1-8155-ae32bd2d6bb6, Nodes: d247a803-3982-4a1e-9d5c-2cb5c984a205{ip: 172.17.0.2, host: 3bf31645156d, networkLocation: /default-rack, certSerialId: null}, Type:RATIS, Factor:ONE, State:ALLOCATED, leaderId:d247a803-3982-4a1e-9d5c-2cb5c984a205, CreationTimestamp2020-11-27T01:37:31.102Z] moved to OPEN state
2020-11-27 01:37:34,111 [pool-693-thread-1] INFO  server.RaftServerConfigKeys (ConfUtils.java:logGet(44)) - raft.server.log.appender.buffer.byte-limit = 33554432 (custom)
2020-11-27 01:37:34,112 [pool-693-thread-1] INFO  server.RaftServerConfigKeys (ConfUtils.java:logGet(44)) - raft.server.log.segment.size.max = 1048576 (custom)
2020-11-27 01:37:34,112 [EventQueue-OpenPipelineForHealthyPipelineSafeModeRule] INFO  safemode.SCMSafeModeManager (HealthyPipelineSafeModeRule.java:process(128)) - SCM in safe mode. Healthy pipelines reported count is 0, required healthy pipeline reported count is 1
2020-11-27 01:37:34,111 [EventQueue-PipelineReportForOneReplicaPipelineSafeModeRule] INFO  safemode.SCMSafeModeManager (SCMSafeModeManager.java:validateSafeModeExitRules(214)) - AtleastOneDatanodeReportedRule rule is successfully validated
2020-11-27 01:37:34,112 [pool-693-thread-1] INFO  server.RaftServerConfigKeys (ConfUtils.java:logGet(44)) - raft.server.log.segment.cache.num.max = 2 (custom)
2020-11-27 01:37:34,112 [pool-693-thread-1] INFO  segmented.SegmentedRaftLogWorker (SegmentedRaftLogWorker.java:<init>(180)) - new d247a803-3982-4a1e-9d5c-2cb5c984a205@group-AE32BD2D6BB6-SegmentedRaftLogWorker for RaftStorage:Storage Directory /github/workspace/mnt/ozone/hadoop-ozone/integration-test/target/test-dir/MiniOzoneClusterImpl-7befb19c-4ec9-4b73-94e9-5feb4aa859dd/datanode-3/data/ratis/e1b218e9-10ac-44f1-8155-ae32bd2d6bb6
2020-11-27 01:37:34,112 [pool-693-thread-1] INFO  server.RaftServerConfigKeys (ConfUtils.java:logGet(44)) - raft.server.log.queue.byte-limit = 2147483647 (custom)
2020-11-27 01:37:34,113 [pool-693-thread-1] INFO  server.RaftServerConfigKeys (ConfUtils.java:logGet(44)) - raft.server.log.queue.element-limit = 1024 (custom)
2020-11-27 01:37:34,113 [pool-693-thread-1] INFO  server.RaftServerConfigKeys (ConfUtils.java:logGet(44)) - raft.server.log.segment.size.max = 1048576 (custom)
2020-11-27 01:37:34,113 [pool-693-thread-1] INFO  server.RaftServerConfigKeys (ConfUtils.java:logGet(44)) - raft.server.log.preallocated.size = 16384 (custom)
2020-11-27 01:37:34,113 [pool-693-thread-1] INFO  server.RaftServerConfigKeys (ConfUtils.java:logGet(44)) - raft.server.log.write.buffer.size = 1048576 (custom)
2020-11-27 01:37:34,113 [pool-693-thread-1] INFO  server.RaftServerConfigKeys (ConfUtils.java:logGet(44)) - raft.server.log.force.sync.num = 128 (default)
2020-11-27 01:37:34,113 [pool-693-thread-1] INFO  server.RaftServerConfigKeys (ConfUtils.java:logGet(44)) - raft.server.log.statemachine.data.sync = true (default)
2020-11-27 01:37:34,113 [pool-693-thread-1] INFO  server.RaftServerConfigKeys (ConfUtils.java:logGet(44)) - raft.server.log.statemachine.data.sync.timeout = 10s (default)
2020-11-27 01:37:34,113 [pool-693-thread-1] INFO  server.RaftServerConfigKeys (ConfUtils.java:logGet(44)) - raft.server.log.statemachine.data.sync.timeout.retry = -1 (default)
2020-11-27 01:37:34,115 [pool-693-thread-1] INFO  server.RaftServerConfigKeys (ConfUtils.java:logGet(44)) - raft.server.log.statemachine.data.caching.enabled = true (custom)
2020-11-27 01:37:34,115 [pool-693-thread-1] INFO  segmented.SegmentedRaftLogWorker (SegmentedRaftLogWorker.java:lambda$new$0(129)) - d247a803-3982-4a1e-9d5c-2cb5c984a205@group-AE32BD2D6BB6-SegmentedRaftLogWorker: flushIndex: setUnconditionally 0 -> -1
2020-11-27 01:37:34,115 [pool-693-thread-1] INFO  segmented.SegmentedRaftLogWorker (SegmentedRaftLogWorker.java:lambda$new$0(129)) - d247a803-3982-4a1e-9d5c-2cb5c984a205@group-AE32BD2D6BB6-SegmentedRaftLogWorker: safeCacheEvictIndex: setUnconditionally 0 -> -1
2020-11-27 01:37:34,115 [pool-693-thread-1] INFO  server.RaftServerConfigKeys (ConfUtils.java:logGet(44)) - raft.server.snapshot.auto.trigger.enabled = true (custom)
2020-11-27 01:37:34,115 [pool-693-thread-1] INFO  server.RaftServerConfigKeys (ConfUtils.java:logGet(44)) - raft.server.snapshot.auto.trigger.threshold = 10000 (custom)
2020-11-27 01:37:34,115 [pool-693-thread-1] INFO  server.RaftServerConfigKeys (ConfUtils.java:logGet(44)) - raft.server.snapshot.retention.file.num = 5 (custom)
2020-11-27 01:37:34,115 [pool-693-thread-1] INFO  server.RaftServerConfigKeys (ConfUtils.java:logGet(44)) - raft.server.log.purge.upto.snapshot.index = false (default)
2020-11-27 01:37:34,115 [pool-693-thread-1] INFO  server.RaftServerConfigKeys (ConfUtils.java:logGet(44)) - raft.server.retrycache.expirytime = 600000ms (custom)
2020-11-27 01:37:34,116 [pool-693-thread-1] INFO  metrics.RatisMetrics (RatisMetrics.java:lambda$create$0(36)) - Creating Metrics Registry : ratis.leader_election.d247a803-3982-4a1e-9d5c-2cb5c984a205@group-AE32BD2D6BB6
2020-11-27 01:37:34,116 [pool-693-thread-1] INFO  metrics.RatisMetrics (RatisMetrics.java:lambda$create$0(36)) - Creating Metrics Registry : ratis.server.d247a803-3982-4a1e-9d5c-2cb5c984a205@group-AE32BD2D6BB6
2020-11-27 01:37:34,118 [pool-693-thread-1] INFO  impl.RaftServerImpl (RaftServerImpl.java:start(215)) - d247a803-3982-4a1e-9d5c-2cb5c984a205@group-AE32BD2D6BB6: start as a follower, conf=-1: [d247a803-3982-4a1e-9d5c-2cb5c984a205|rpc:172.17.0.2:42885], old=null
2020-11-27 01:37:34,118 [pool-693-thread-1] INFO  impl.RaftServerImpl (RaftServerImpl.java:setRole(204)) - d247a803-3982-4a1e-9d5c-2cb5c984a205@group-AE32BD2D6BB6: changes role from      null to FOLLOWER at term 0 for startAsFollower
2020-11-27 01:37:34,118 [pool-693-thread-1] INFO  impl.RoleInfo (RoleInfo.java:updateAndGet(143)) - d247a803-3982-4a1e-9d5c-2cb5c984a205: start d247a803-3982-4a1e-9d5c-2cb5c984a205@group-AE32BD2D6BB6-FollowerState
2020-11-27 01:37:34,118 [pool-693-thread-1] INFO  util.JmxRegister (JmxRegister.java:tryRegister(44)) - Successfully registered JMX Bean with object name Ratis:service=RaftServer,group=group-AE32BD2D6BB6,id=d247a803-3982-4a1e-9d5c-2cb5c984a205
2020-11-27 01:37:34,118 [pool-693-thread-1] INFO  metrics.RatisMetrics (RatisMetrics.java:lambda$create$0(36)) - Creating Metrics Registry : ratis.state_machine.d247a803-3982-4a1e-9d5c-2cb5c984a205@group-AE32BD2D6BB6
2020-11-27 01:37:34,119 [Command processor thread] INFO  commandhandler.CreatePipelineCommandHandler (CreatePipelineCommandHandler.java:handle(106)) - Created Pipeline RATIS ONE PipelineID=e1b218e9-10ac-44f1-8155-ae32bd2d6bb6.
2020-11-27 01:37:34,119 [Command processor thread] INFO  impl.RaftServerProxy (RaftServerProxy.java:addNew(93)) - d247a803-3982-4a1e-9d5c-2cb5c984a205: addNew group-977A4CF7E56E:[d247a803-3982-4a1e-9d5c-2cb5c984a205|rpc:172.17.0.2:42885, 525ac4ff-a043-43ae-b658-3dd89705e4a8|rpc:172.17.0.2:44141, eda6bd80-3bc8-486f-b21b-103a464f444a|rpc:172.17.0.2:43699] returns group-977A4CF7E56E:java.util.concurrent.CompletableFuture@352deb61[Not completed]
2020-11-27 01:37:34,120 [pool-693-thread-1] INFO  impl.RaftServerImpl (RaftServerImpl.java:<init>(121)) - d247a803-3982-4a1e-9d5c-2cb5c984a205: new RaftServerImpl for group-977A4CF7E56E:[d247a803-3982-4a1e-9d5c-2cb5c984a205|rpc:172.17.0.2:42885, 525ac4ff-a043-43ae-b658-3dd89705e4a8|rpc:172.17.0.2:44141, eda6bd80-3bc8-486f-b21b-103a464f444a|rpc:172.17.0.2:43699] with ContainerStateMachine:uninitialized
2020-11-27 01:37:34,120 [pool-693-thread-1] INFO  server.RaftServerConfigKeys (ConfUtils.java:logGet(44)) - raft.server.rpc.timeout.min = 5s (custom)
2020-11-27 01:37:34,120 [pool-693-thread-1] INFO  server.RaftServerConfigKeys (ConfUtils.java:logGet(44)) - raft.server.rpc.timeout.max = 5200ms (custom)
2020-11-27 01:37:34,120 [pool-693-thread-1] INFO  server.RaftServerConfigKeys (ConfUtils.java:logGet(44)) - raft.server.rpc.slowness.timeout = 300000ms (custom)
2020-11-27 01:37:34,120 [pool-693-thread-1] INFO  server.RaftServerConfigKeys (ConfUtils.java:logGet(44)) - raft.server.leaderelection.leader.step-down.wait-time = 10s (default)
2020-11-27 01:37:34,120 [pool-693-thread-1] INFO  server.RaftServerConfigKeys (ConfUtils.java:logGet(44)) - raft.server.sleep.deviation.threshold = 300 (default)
2020-11-27 01:37:34,120 [pool-693-thread-1] INFO  server.RaftServerConfigKeys (ConfUtils.java:logGet(44)) - raft.server.log.appender.install.snapshot.enabled = false (custom)
2020-11-27 01:37:34,120 [pool-693-thread-1] INFO  impl.RaftServerImpl (ServerState.java:<init>(104)) - d247a803-3982-4a1e-9d5c-2cb5c984a205@group-977A4CF7E56E: ConfigurationManager, init=-1: [d247a803-3982-4a1e-9d5c-2cb5c984a205|rpc:172.17.0.2:42885, 525ac4ff-a043-43ae-b658-3dd89705e4a8|rpc:172.17.0.2:44141, eda6bd80-3bc8-486f-b21b-103a464f444a|rpc:172.17.0.2:43699], old=null, confs=<EMPTY_MAP>
2020-11-27 01:37:34,120 [pool-693-thread-1] INFO  server.RaftServerConfigKeys (ConfUtils.java:logGet(44)) - raft.server.storage.dir = [/github/workspace/mnt/ozone/hadoop-ozone/integration-test/target/test-dir/MiniOzoneClusterImpl-7befb19c-4ec9-4b73-94e9-5feb4aa859dd/datanode-3/data/ratis] (custom)
2020-11-27 01:37:34,120 [pool-693-thread-1] INFO  server.RaftServerConfigKeys (ConfUtils.java:logGet(44)) - raft.server.log.corruption.policy = EXCEPTION (default)
2020-11-27 01:37:34,121 [pool-693-thread-1] INFO  storage.RaftStorageDirectory (RaftStorageDirectory.java:analyzeStorage(261)) - The storage directory /github/workspace/mnt/ozone/hadoop-ozone/integration-test/target/test-dir/MiniOzoneClusterImpl-7befb19c-4ec9-4b73-94e9-5feb4aa859dd/datanode-3/data/ratis/17ccad59-30bb-45e7-92be-977a4cf7e56e does not exist. Creating ...
2020-11-27 01:37:34,122 [pool-693-thread-1] INFO  storage.RaftStorageDirectory (RaftStorageDirectory.java:tryLock(343)) - Lock on /github/workspace/mnt/ozone/hadoop-ozone/integration-test/target/test-dir/MiniOzoneClusterImpl-7befb19c-4ec9-4b73-94e9-5feb4aa859dd/datanode-3/data/ratis/17ccad59-30bb-45e7-92be-977a4cf7e56e/in_use.lock acquired by nodename 18347@3bf31645156d
2020-11-27 01:37:34,123 [pool-693-thread-1] INFO  storage.RaftStorage (RaftStorage.java:format(85)) - Storage directory /github/workspace/mnt/ozone/hadoop-ozone/integration-test/target/test-dir/MiniOzoneClusterImpl-7befb19c-4ec9-4b73-94e9-5feb4aa859dd/datanode-3/data/ratis/17ccad59-30bb-45e7-92be-977a4cf7e56e has been successfully formatted.
2020-11-27 01:37:34,123 [pool-693-thread-1] INFO  ratis.ContainerStateMachine (ContainerStateMachine.java:loadSnapshot(225)) - group-977A4CF7E56E: The snapshot info is null. Setting the last applied indexto:(t:0, i:~)
2020-11-27 01:37:34,123 [pool-693-thread-1] INFO  server.RaftServerConfigKeys (ConfUtils.java:logGet(44)) - raft.server.notification.no-leader.timeout = 300000ms (custom)
2020-11-27 01:37:34,123 [pool-693-thread-1] INFO  server.RaftServerConfigKeys (ConfUtils.java:logGet(44)) - raft.server.log.use.memory = false (default)
2020-11-27 01:37:34,123 [pool-693-thread-1] INFO  server.RaftServerConfigKeys (ConfUtils.java:logGet(44)) - raft.server.log.purge.gap = 1000000 (custom)
2020-11-27 01:37:34,124 [pool-693-thread-1] INFO  metrics.RatisMetrics (RatisMetrics.java:lambda$create$0(36)) - Creating Metrics Registry : ratis.log_worker.d247a803-3982-4a1e-9d5c-2cb5c984a205@group-977A4CF7E56E
2020-11-27 01:37:34,123 [EventQueue-OpenPipelineForHealthyPipelineSafeModeRule] INFO  safemode.SCMSafeModeManager (HealthyPipelineSafeModeRule.java:process(128)) - SCM in safe mode. Healthy pipelines reported count is 0, required healthy pipeline reported count is 1
2020-11-27 01:37:34,123 [EventQueue-PipelineReportForOneReplicaPipelineSafeModeRule] INFO  safemode.SCMSafeModeManager (SCMSafeModeManager.java:validateSafeModeExitRules(214)) - AtleastOneDatanodeReportedRule rule is successfully validated
2020-11-27 01:37:34,124 [pool-693-thread-1] INFO  server.RaftServerConfigKeys (ConfUtils.java:logGet(44)) - raft.server.log.appender.buffer.byte-limit = 33554432 (custom)
2020-11-27 01:37:34,124 [pool-693-thread-1] INFO  server.RaftServerConfigKeys (ConfUtils.java:logGet(44)) - raft.server.log.segment.size.max = 1048576 (custom)
2020-11-27 01:37:34,125 [pool-693-thread-1] INFO  server.RaftServerConfigKeys (ConfUtils.java:logGet(44)) - raft.server.log.segment.cache.num.max = 2 (custom)
2020-11-27 01:37:34,125 [pool-693-thread-1] INFO  segmented.SegmentedRaftLogWorker (SegmentedRaftLogWorker.java:<init>(180)) - new d247a803-3982-4a1e-9d5c-2cb5c984a205@group-977A4CF7E56E-SegmentedRaftLogWorker for RaftStorage:Storage Directory /github/workspace/mnt/ozone/hadoop-ozone/integration-test/target/test-dir/MiniOzoneClusterImpl-7befb19c-4ec9-4b73-94e9-5feb4aa859dd/datanode-3/data/ratis/17ccad59-30bb-45e7-92be-977a4cf7e56e
2020-11-27 01:37:34,125 [pool-693-thread-1] INFO  server.RaftServerConfigKeys (ConfUtils.java:logGet(44)) - raft.server.log.queue.byte-limit = 2147483647 (custom)
2020-11-27 01:37:34,125 [pool-693-thread-1] INFO  server.RaftServerConfigKeys (ConfUtils.java:logGet(44)) - raft.server.log.queue.element-limit = 1024 (custom)
2020-11-27 01:37:34,125 [pool-693-thread-1] INFO  server.RaftServerConfigKeys (ConfUtils.java:logGet(44)) - raft.server.log.segment.size.max = 1048576 (custom)
2020-11-27 01:37:34,125 [pool-693-thread-1] INFO  server.RaftServerConfigKeys (ConfUtils.java:logGet(44)) - raft.server.log.preallocated.size = 16384 (custom)
2020-11-27 01:37:34,125 [pool-693-thread-1] INFO  server.RaftServerConfigKeys (ConfUtils.java:logGet(44)) - raft.server.log.write.buffer.size = 1048576 (custom)
2020-11-27 01:37:34,125 [pool-693-thread-1] INFO  server.RaftServerConfigKeys (ConfUtils.java:logGet(44)) - raft.server.log.force.sync.num = 128 (default)
2020-11-27 01:37:34,125 [pool-693-thread-1] INFO  server.RaftServerConfigKeys (ConfUtils.java:logGet(44)) - raft.server.log.statemachine.data.sync = true (default)
2020-11-27 01:37:34,125 [pool-693-thread-1] INFO  server.RaftServerConfigKeys (ConfUtils.java:logGet(44)) - raft.server.log.statemachine.data.sync.timeout = 10s (default)
2020-11-27 01:37:34,125 [pool-693-thread-1] INFO  server.RaftServerConfigKeys (ConfUtils.java:logGet(44)) - raft.server.log.statemachine.data.sync.timeout.retry = -1 (default)
2020-11-27 01:37:34,127 [pool-693-thread-1] INFO  server.RaftServerConfigKeys (ConfUtils.java:logGet(44)) - raft.server.log.statemachine.data.caching.enabled = true (custom)
2020-11-27 01:37:34,127 [pool-693-thread-1] INFO  segmented.SegmentedRaftLogWorker (SegmentedRaftLogWorker.java:lambda$new$0(129)) - d247a803-3982-4a1e-9d5c-2cb5c984a205@group-977A4CF7E56E-SegmentedRaftLogWorker: flushIndex: setUnconditionally 0 -> -1
2020-11-27 01:37:34,127 [pool-693-thread-1] INFO  segmented.SegmentedRaftLogWorker (SegmentedRaftLogWorker.java:lambda$new$0(129)) - d247a803-3982-4a1e-9d5c-2cb5c984a205@group-977A4CF7E56E-SegmentedRaftLogWorker: safeCacheEvictIndex: setUnconditionally 0 -> -1
2020-11-27 01:37:34,128 [pool-693-thread-1] INFO  server.RaftServerConfigKeys (ConfUtils.java:logGet(44)) - raft.server.snapshot.auto.trigger.enabled = true (custom)
2020-11-27 01:37:34,128 [pool-693-thread-1] INFO  server.RaftServerConfigKeys (ConfUtils.java:logGet(44)) - raft.server.snapshot.auto.trigger.threshold = 10000 (custom)
2020-11-27 01:37:34,128 [pool-693-thread-1] INFO  server.RaftServerConfigKeys (ConfUtils.java:logGet(44)) - raft.server.snapshot.retention.file.num = 5 (custom)
2020-11-27 01:37:34,128 [pool-693-thread-1] INFO  server.RaftServerConfigKeys (ConfUtils.java:logGet(44)) - raft.server.log.purge.upto.snapshot.index = false (default)
2020-11-27 01:37:34,128 [pool-693-thread-1] INFO  server.RaftServerConfigKeys (ConfUtils.java:logGet(44)) - raft.server.retrycache.expirytime = 600000ms (custom)
2020-11-27 01:37:34,128 [pool-693-thread-1] INFO  metrics.RatisMetrics (RatisMetrics.java:lambda$create$0(36)) - Creating Metrics Registry : ratis.leader_election.d247a803-3982-4a1e-9d5c-2cb5c984a205@group-977A4CF7E56E
2020-11-27 01:37:34,129 [pool-693-thread-1] INFO  metrics.RatisMetrics (RatisMetrics.java:lambda$create$0(36)) - Creating Metrics Registry : ratis.server.d247a803-3982-4a1e-9d5c-2cb5c984a205@group-977A4CF7E56E
2020-11-27 01:37:34,130 [pool-693-thread-1] INFO  impl.RaftServerImpl (RaftServerImpl.java:start(215)) - d247a803-3982-4a1e-9d5c-2cb5c984a205@group-977A4CF7E56E: start as a follower, conf=-1: [d247a803-3982-4a1e-9d5c-2cb5c984a205|rpc:172.17.0.2:42885, 525ac4ff-a043-43ae-b658-3dd89705e4a8|rpc:172.17.0.2:44141, eda6bd80-3bc8-486f-b21b-103a464f444a|rpc:172.17.0.2:43699], old=null
2020-11-27 01:37:34,130 [pool-693-thread-1] INFO  impl.RaftServerImpl (RaftServerImpl.java:setRole(204)) - d247a803-3982-4a1e-9d5c-2cb5c984a205@group-977A4CF7E56E: changes role from      null to FOLLOWER at term 0 for startAsFollower
2020-11-27 01:37:34,131 [pool-693-thread-1] INFO  impl.RoleInfo (RoleInfo.java:updateAndGet(143)) - d247a803-3982-4a1e-9d5c-2cb5c984a205: start d247a803-3982-4a1e-9d5c-2cb5c984a205@group-977A4CF7E56E-FollowerState
2020-11-27 01:37:34,131 [pool-693-thread-1] INFO  util.JmxRegister (JmxRegister.java:tryRegister(44)) - Successfully registered JMX Bean with object name Ratis:service=RaftServer,group=group-977A4CF7E56E,id=d247a803-3982-4a1e-9d5c-2cb5c984a205
2020-11-27 01:37:34,131 [pool-693-thread-1] INFO  metrics.RatisMetrics (RatisMetrics.java:lambda$create$0(36)) - Creating Metrics Registry : ratis.state_machine.d247a803-3982-4a1e-9d5c-2cb5c984a205@group-977A4CF7E56E
2020-11-27 01:37:34,132 [Command processor thread] INFO  metrics.RatisMetrics (RatisMetrics.java:lambda$create$0(36)) - Creating Metrics Registry : ratis.client_message_metrics.client-60C4697DEACA->525ac4ff-a043-43ae-b658-3dd89705e4a8
2020-11-27 01:37:34,137 [grpc-default-executor-6] INFO  metrics.RatisMetrics (RatisMetrics.java:lambda$create$0(36)) - Creating Metrics Registry : ratis.server_message_metrics.525ac4ff-a043-43ae-b658-3dd89705e4a8
2020-11-27 01:37:34,139 [grpc-default-executor-6] INFO  impl.RaftServerProxy (RaftServerProxy.java:addNew(93)) - 525ac4ff-a043-43ae-b658-3dd89705e4a8: addNew group-977A4CF7E56E:[d247a803-3982-4a1e-9d5c-2cb5c984a205|rpc:172.17.0.2:42885|dataStream:, 525ac4ff-a043-43ae-b658-3dd89705e4a8|rpc:172.17.0.2:44141|dataStream:, eda6bd80-3bc8-486f-b21b-103a464f444a|rpc:172.17.0.2:43699|dataStream:] returns group-977A4CF7E56E:java.util.concurrent.CompletableFuture@30fdb10b[Not completed]
2020-11-27 01:37:34,140 [pool-709-thread-1] INFO  impl.RaftServerImpl (RaftServerImpl.java:<init>(121)) - 525ac4ff-a043-43ae-b658-3dd89705e4a8: new RaftServerImpl for group-977A4CF7E56E:[d247a803-3982-4a1e-9d5c-2cb5c984a205|rpc:172.17.0.2:42885|dataStream:, 525ac4ff-a043-43ae-b658-3dd89705e4a8|rpc:172.17.0.2:44141|dataStream:, eda6bd80-3bc8-486f-b21b-103a464f444a|rpc:172.17.0.2:43699|dataStream:] with ContainerStateMachine:uninitialized
2020-11-27 01:37:34,141 [pool-709-thread-1] INFO  server.RaftServerConfigKeys (ConfUtils.java:logGet(44)) - raft.server.rpc.timeout.min = 5s (custom)
2020-11-27 01:37:34,141 [pool-709-thread-1] INFO  server.RaftServerConfigKeys (ConfUtils.java:logGet(44)) - raft.server.rpc.timeout.max = 5200ms (custom)
2020-11-27 01:37:34,141 [pool-709-thread-1] INFO  server.RaftServerConfigKeys (ConfUtils.java:logGet(44)) - raft.server.rpc.slowness.timeout = 300000ms (custom)
2020-11-27 01:37:34,141 [pool-709-thread-1] INFO  server.RaftServerConfigKeys (ConfUtils.java:logGet(44)) - raft.server.leaderelection.leader.step-down.wait-time = 10s (default)
2020-11-27 01:37:34,141 [pool-709-thread-1] INFO  server.RaftServerConfigKeys (ConfUtils.java:logGet(44)) - raft.server.sleep.deviation.threshold = 300 (default)
2020-11-27 01:37:34,141 [pool-709-thread-1] INFO  server.RaftServerConfigKeys (ConfUtils.java:logGet(44)) - raft.server.log.appender.install.snapshot.enabled = false (custom)
2020-11-27 01:37:34,141 [pool-709-thread-1] INFO  impl.RaftServerImpl (ServerState.java:<init>(104)) - 525ac4ff-a043-43ae-b658-3dd89705e4a8@group-977A4CF7E56E: ConfigurationManager, init=-1: [d247a803-3982-4a1e-9d5c-2cb5c984a205|rpc:172.17.0.2:42885|dataStream:, 525ac4ff-a043-43ae-b658-3dd89705e4a8|rpc:172.17.0.2:44141|dataStream:, eda6bd80-3bc8-486f-b21b-103a464f444a|rpc:172.17.0.2:43699|dataStream:], old=null, confs=<EMPTY_MAP>
2020-11-27 01:37:34,141 [pool-709-thread-1] INFO  server.RaftServerConfigKeys (ConfUtils.java:logGet(44)) - raft.server.storage.dir = [/github/workspace/mnt/ozone/hadoop-ozone/integration-test/target/test-dir/MiniOzoneClusterImpl-7befb19c-4ec9-4b73-94e9-5feb4aa859dd/datanode-4/data/ratis] (custom)
2020-11-27 01:37:34,142 [pool-709-thread-1] INFO  server.RaftServerConfigKeys (ConfUtils.java:logGet(44)) - raft.server.log.corruption.policy = EXCEPTION (default)
2020-11-27 01:37:34,142 [pool-709-thread-1] INFO  storage.RaftStorageDirectory (RaftStorageDirectory.java:analyzeStorage(261)) - The storage directory /github/workspace/mnt/ozone/hadoop-ozone/integration-test/target/test-dir/MiniOzoneClusterImpl-7befb19c-4ec9-4b73-94e9-5feb4aa859dd/datanode-4/data/ratis/17ccad59-30bb-45e7-92be-977a4cf7e56e does not exist. Creating ...
2020-11-27 01:37:34,143 [pool-709-thread-1] INFO  storage.RaftStorageDirectory (RaftStorageDirectory.java:tryLock(343)) - Lock on /github/workspace/mnt/ozone/hadoop-ozone/integration-test/target/test-dir/MiniOzoneClusterImpl-7befb19c-4ec9-4b73-94e9-5feb4aa859dd/datanode-4/data/ratis/17ccad59-30bb-45e7-92be-977a4cf7e56e/in_use.lock acquired by nodename 18347@3bf31645156d
2020-11-27 01:37:34,143 [pool-709-thread-1] INFO  storage.RaftStorage (RaftStorage.java:format(85)) - Storage directory /github/workspace/mnt/ozone/hadoop-ozone/integration-test/target/test-dir/MiniOzoneClusterImpl-7befb19c-4ec9-4b73-94e9-5feb4aa859dd/datanode-4/data/ratis/17ccad59-30bb-45e7-92be-977a4cf7e56e has been successfully formatted.
2020-11-27 01:37:34,144 [pool-709-thread-1] INFO  ratis.ContainerStateMachine (ContainerStateMachine.java:loadSnapshot(225)) - group-977A4CF7E56E: The snapshot info is null. Setting the last applied indexto:(t:0, i:~)
2020-11-27 01:37:34,144 [pool-709-thread-1] INFO  server.RaftServerConfigKeys (ConfUtils.java:logGet(44)) - raft.server.notification.no-leader.timeout = 300000ms (custom)
2020-11-27 01:37:34,144 [pool-709-thread-1] INFO  server.RaftServerConfigKeys (ConfUtils.java:logGet(44)) - raft.server.log.use.memory = false (default)
2020-11-27 01:37:34,145 [pool-709-thread-1] INFO  server.RaftServerConfigKeys (ConfUtils.java:logGet(44)) - raft.server.log.purge.gap = 1000000 (custom)
2020-11-27 01:37:34,145 [EventQueue-PipelineReportForOneReplicaPipelineSafeModeRule] INFO  safemode.SCMSafeModeManager (SCMSafeModeManager.java:validateSafeModeExitRules(214)) - AtleastOneDatanodeReportedRule rule is successfully validated
2020-11-27 01:37:34,145 [pool-709-thread-1] INFO  metrics.RatisMetrics (RatisMetrics.java:lambda$create$0(36)) - Creating Metrics Registry : ratis.log_worker.525ac4ff-a043-43ae-b658-3dd89705e4a8@group-977A4CF7E56E
2020-11-27 01:37:34,145 [pool-709-thread-1] INFO  server.RaftServerConfigKeys (ConfUtils.java:logGet(44)) - raft.server.log.appender.buffer.byte-limit = 33554432 (custom)
2020-11-27 01:37:34,145 [pool-709-thread-1] INFO  server.RaftServerConfigKeys (ConfUtils.java:logGet(44)) - raft.server.log.segment.size.max = 1048576 (custom)
2020-11-27 01:37:34,146 [pool-709-thread-1] INFO  server.RaftServerConfigKeys (ConfUtils.java:logGet(44)) - raft.server.log.segment.cache.num.max = 2 (custom)
2020-11-27 01:37:34,146 [pool-709-thread-1] INFO  segmented.SegmentedRaftLogWorker (SegmentedRaftLogWorker.java:<init>(180)) - new 525ac4ff-a043-43ae-b658-3dd89705e4a8@group-977A4CF7E56E-SegmentedRaftLogWorker for RaftStorage:Storage Directory /github/workspace/mnt/ozone/hadoop-ozone/integration-test/target/test-dir/MiniOzoneClusterImpl-7befb19c-4ec9-4b73-94e9-5feb4aa859dd/datanode-4/data/ratis/17ccad59-30bb-45e7-92be-977a4cf7e56e
2020-11-27 01:37:34,146 [pool-709-thread-1] INFO  server.RaftServerConfigKeys (ConfUtils.java:logGet(44)) - raft.server.log.queue.byte-limit = 2147483647 (custom)
2020-11-27 01:37:34,146 [pool-709-thread-1] INFO  server.RaftServerConfigKeys (ConfUtils.java:logGet(44)) - raft.server.log.queue.element-limit = 1024 (custom)
2020-11-27 01:37:34,146 [pool-709-thread-1] INFO  server.RaftServerConfigKeys (ConfUtils.java:logGet(44)) - raft.server.log.segment.size.max = 1048576 (custom)
2020-11-27 01:37:34,146 [pool-709-thread-1] INFO  server.RaftServerConfigKeys (ConfUtils.java:logGet(44)) - raft.server.log.preallocated.size = 16384 (custom)
2020-11-27 01:37:34,147 [pool-709-thread-1] INFO  server.RaftServerConfigKeys (ConfUtils.java:logGet(44)) - raft.server.log.write.buffer.size = 1048576 (custom)
2020-11-27 01:37:34,147 [pool-709-thread-1] INFO  server.RaftServerConfigKeys (ConfUtils.java:logGet(44)) - raft.server.log.force.sync.num = 128 (default)
2020-11-27 01:37:34,147 [pool-709-thread-1] INFO  server.RaftServerConfigKeys (ConfUtils.java:logGet(44)) - raft.server.log.statemachine.data.sync = true (default)
2020-11-27 01:37:34,147 [pool-709-thread-1] INFO  server.RaftServerConfigKeys (ConfUtils.java:logGet(44)) - raft.server.log.statemachine.data.sync.timeout = 10s (default)
2020-11-27 01:37:34,147 [pool-709-thread-1] INFO  server.RaftServerConfigKeys (ConfUtils.java:logGet(44)) - raft.server.log.statemachine.data.sync.timeout.retry = -1 (default)
2020-11-27 01:37:34,149 [pool-709-thread-1] INFO  server.RaftServerConfigKeys (ConfUtils.java:logGet(44)) - raft.server.log.statemachine.data.caching.enabled = true (custom)
2020-11-27 01:37:34,149 [pool-709-thread-1] INFO  segmented.SegmentedRaftLogWorker (SegmentedRaftLogWorker.java:lambda$new$0(129)) - 525ac4ff-a043-43ae-b658-3dd89705e4a8@group-977A4CF7E56E-SegmentedRaftLogWorker: flushIndex: setUnconditionally 0 -> -1
2020-11-27 01:37:34,149 [pool-709-thread-1] INFO  segmented.SegmentedRaftLogWorker (SegmentedRaftLogWorker.java:lambda$new$0(129)) - 525ac4ff-a043-43ae-b658-3dd89705e4a8@group-977A4CF7E56E-SegmentedRaftLogWorker: safeCacheEvictIndex: setUnconditionally 0 -> -1
2020-11-27 01:37:34,149 [pool-709-thread-1] INFO  server.RaftServerConfigKeys (ConfUtils.java:logGet(44)) - raft.server.snapshot.auto.trigger.enabled = true (custom)
2020-11-27 01:37:34,149 [pool-709-thread-1] INFO  server.RaftServerConfigKeys (ConfUtils.java:logGet(44)) - raft.server.snapshot.auto.trigger.threshold = 10000 (custom)
2020-11-27 01:37:34,149 [pool-709-thread-1] INFO  server.RaftServerConfigKeys (ConfUtils.java:logGet(44)) - raft.server.snapshot.retention.file.num = 5 (custom)
2020-11-27 01:37:34,149 [pool-709-thread-1] INFO  server.RaftServerConfigKeys (ConfUtils.java:logGet(44)) - raft.server.log.purge.upto.snapshot.index = false (default)
2020-11-27 01:37:34,149 [pool-709-thread-1] INFO  server.RaftServerConfigKeys (ConfUtils.java:logGet(44)) - raft.server.retrycache.expirytime = 600000ms (custom)
2020-11-27 01:37:34,150 [pool-709-thread-1] INFO  metrics.RatisMetrics (RatisMetrics.java:lambda$create$0(36)) - Creating Metrics Registry : ratis.leader_election.525ac4ff-a043-43ae-b658-3dd89705e4a8@group-977A4CF7E56E
2020-11-27 01:37:34,150 [pool-709-thread-1] INFO  metrics.RatisMetrics (RatisMetrics.java:lambda$create$0(36)) - Creating Metrics Registry : ratis.server.525ac4ff-a043-43ae-b658-3dd89705e4a8@group-977A4CF7E56E
2020-11-27 01:37:34,152 [pool-709-thread-1] INFO  impl.RaftServerImpl (RaftServerImpl.java:start(215)) - 525ac4ff-a043-43ae-b658-3dd89705e4a8@group-977A4CF7E56E: start as a follower, conf=-1: [d247a803-3982-4a1e-9d5c-2cb5c984a205|rpc:172.17.0.2:42885|dataStream:, 525ac4ff-a043-43ae-b658-3dd89705e4a8|rpc:172.17.0.2:44141|dataStream:, eda6bd80-3bc8-486f-b21b-103a464f444a|rpc:172.17.0.2:43699|dataStream:], old=null
2020-11-27 01:37:34,152 [pool-709-thread-1] INFO  impl.RaftServerImpl (RaftServerImpl.java:setRole(204)) - 525ac4ff-a043-43ae-b658-3dd89705e4a8@group-977A4CF7E56E: changes role from      null to FOLLOWER at term 0 for startAsFollower
2020-11-27 01:37:34,152 [pool-709-thread-1] INFO  impl.RoleInfo (RoleInfo.java:updateAndGet(143)) - 525ac4ff-a043-43ae-b658-3dd89705e4a8: start 525ac4ff-a043-43ae-b658-3dd89705e4a8@group-977A4CF7E56E-FollowerState
2020-11-27 01:37:34,152 [pool-709-thread-1] INFO  util.JmxRegister (JmxRegister.java:tryRegister(44)) - Successfully registered JMX Bean with object name Ratis:service=RaftServer,group=group-977A4CF7E56E,id=525ac4ff-a043-43ae-b658-3dd89705e4a8
2020-11-27 01:37:34,152 [pool-709-thread-1] INFO  metrics.RatisMetrics (RatisMetrics.java:lambda$create$0(36)) - Creating Metrics Registry : ratis.state_machine.525ac4ff-a043-43ae-b658-3dd89705e4a8@group-977A4CF7E56E
2020-11-27 01:37:34,161 [Command processor thread] INFO  metrics.RatisMetrics (RatisMetrics.java:lambda$create$0(36)) - Creating Metrics Registry : ratis.client_message_metrics.client-FE94E37CFFB9->eda6bd80-3bc8-486f-b21b-103a464f444a
2020-11-27 01:37:34,167 [grpc-default-executor-6] INFO  metrics.RatisMetrics (RatisMetrics.java:lambda$create$0(36)) - Creating Metrics Registry : ratis.server_message_metrics.eda6bd80-3bc8-486f-b21b-103a464f444a
2020-11-27 01:37:34,168 [grpc-default-executor-6] INFO  impl.RaftServerProxy (RaftServerProxy.java:addNew(93)) - eda6bd80-3bc8-486f-b21b-103a464f444a: addNew group-977A4CF7E56E:[d247a803-3982-4a1e-9d5c-2cb5c984a205|rpc:172.17.0.2:42885|dataStream:, 525ac4ff-a043-43ae-b658-3dd89705e4a8|rpc:172.17.0.2:44141|dataStream:, eda6bd80-3bc8-486f-b21b-103a464f444a|rpc:172.17.0.2:43699|dataStream:] returns group-977A4CF7E56E:java.util.concurrent.CompletableFuture@4fd670d5[Not completed]
2020-11-27 01:37:34,169 [pool-725-thread-1] INFO  impl.RaftServerImpl (RaftServerImpl.java:<init>(121)) - eda6bd80-3bc8-486f-b21b-103a464f444a: new RaftServerImpl for group-977A4CF7E56E:[d247a803-3982-4a1e-9d5c-2cb5c984a205|rpc:172.17.0.2:42885|dataStream:, 525ac4ff-a043-43ae-b658-3dd89705e4a8|rpc:172.17.0.2:44141|dataStream:, eda6bd80-3bc8-486f-b21b-103a464f444a|rpc:172.17.0.2:43699|dataStream:] with ContainerStateMachine:uninitialized
2020-11-27 01:37:34,170 [pool-725-thread-1] INFO  server.RaftServerConfigKeys (ConfUtils.java:logGet(44)) - raft.server.rpc.timeout.min = 5s (custom)
2020-11-27 01:37:34,170 [pool-725-thread-1] INFO  server.RaftServerConfigKeys (ConfUtils.java:logGet(44)) - raft.server.rpc.timeout.max = 5200ms (custom)
2020-11-27 01:37:34,170 [pool-725-thread-1] INFO  server.RaftServerConfigKeys (ConfUtils.java:logGet(44)) - raft.server.rpc.slowness.timeout = 300000ms (custom)
2020-11-27 01:37:34,170 [pool-725-thread-1] INFO  server.RaftServerConfigKeys (ConfUtils.java:logGet(44)) - raft.server.leaderelection.leader.step-down.wait-time = 10s (default)
2020-11-27 01:37:34,170 [pool-725-thread-1] INFO  server.RaftServerConfigKeys (ConfUtils.java:logGet(44)) - raft.server.sleep.deviation.threshold = 300 (default)
2020-11-27 01:37:34,170 [pool-725-thread-1] INFO  server.RaftServerConfigKeys (ConfUtils.java:logGet(44)) - raft.server.log.appender.install.snapshot.enabled = false (custom)
2020-11-27 01:37:34,170 [pool-725-thread-1] INFO  impl.RaftServerImpl (ServerState.java:<init>(104)) - eda6bd80-3bc8-486f-b21b-103a464f444a@group-977A4CF7E56E: ConfigurationManager, init=-1: [d247a803-3982-4a1e-9d5c-2cb5c984a205|rpc:172.17.0.2:42885|dataStream:, 525ac4ff-a043-43ae-b658-3dd89705e4a8|rpc:172.17.0.2:44141|dataStream:, eda6bd80-3bc8-486f-b21b-103a464f444a|rpc:172.17.0.2:43699|dataStream:], old=null, confs=<EMPTY_MAP>
2020-11-27 01:37:34,170 [pool-725-thread-1] INFO  server.RaftServerConfigKeys (ConfUtils.java:logGet(44)) - raft.server.storage.dir = [/github/workspace/mnt/ozone/hadoop-ozone/integration-test/target/test-dir/MiniOzoneClusterImpl-7befb19c-4ec9-4b73-94e9-5feb4aa859dd/datanode-5/data/ratis] (custom)
2020-11-27 01:37:34,170 [pool-725-thread-1] INFO  server.RaftServerConfigKeys (ConfUtils.java:logGet(44)) - raft.server.log.corruption.policy = EXCEPTION (default)
2020-11-27 01:37:34,171 [pool-725-thread-1] INFO  storage.RaftStorageDirectory (RaftStorageDirectory.java:analyzeStorage(261)) - The storage directory /github/workspace/mnt/ozone/hadoop-ozone/integration-test/target/test-dir/MiniOzoneClusterImpl-7befb19c-4ec9-4b73-94e9-5feb4aa859dd/datanode-5/data/ratis/17ccad59-30bb-45e7-92be-977a4cf7e56e does not exist. Creating ...
2020-11-27 01:37:34,172 [pool-725-thread-1] INFO  storage.RaftStorageDirectory (RaftStorageDirectory.java:tryLock(343)) - Lock on /github/workspace/mnt/ozone/hadoop-ozone/integration-test/target/test-dir/MiniOzoneClusterImpl-7befb19c-4ec9-4b73-94e9-5feb4aa859dd/datanode-5/data/ratis/17ccad59-30bb-45e7-92be-977a4cf7e56e/in_use.lock acquired by nodename 18347@3bf31645156d
2020-11-27 01:37:34,177 [pool-725-thread-1] INFO  storage.RaftStorage (RaftStorage.java:format(85)) - Storage directory /github/workspace/mnt/ozone/hadoop-ozone/integration-test/target/test-dir/MiniOzoneClusterImpl-7befb19c-4ec9-4b73-94e9-5feb4aa859dd/datanode-5/data/ratis/17ccad59-30bb-45e7-92be-977a4cf7e56e has been successfully formatted.
2020-11-27 01:37:34,178 [pool-725-thread-1] INFO  ratis.ContainerStateMachine (ContainerStateMachine.java:loadSnapshot(225)) - group-977A4CF7E56E: The snapshot info is null. Setting the last applied indexto:(t:0, i:~)
2020-11-27 01:37:34,178 [pool-725-thread-1] INFO  server.RaftServerConfigKeys (ConfUtils.java:logGet(44)) - raft.server.notification.no-leader.timeout = 300000ms (custom)
2020-11-27 01:37:34,178 [pool-725-thread-1] INFO  server.RaftServerConfigKeys (ConfUtils.java:logGet(44)) - raft.server.log.use.memory = false (default)
2020-11-27 01:37:34,178 [pool-725-thread-1] INFO  server.RaftServerConfigKeys (ConfUtils.java:logGet(44)) - raft.server.log.purge.gap = 1000000 (custom)
2020-11-27 01:37:34,178 [pool-725-thread-1] INFO  metrics.RatisMetrics (RatisMetrics.java:lambda$create$0(36)) - Creating Metrics Registry : ratis.log_worker.eda6bd80-3bc8-486f-b21b-103a464f444a@group-977A4CF7E56E
2020-11-27 01:37:34,178 [EventQueue-PipelineReportForOneReplicaPipelineSafeModeRule] INFO  safemode.SCMSafeModeManager (SCMSafeModeManager.java:validateSafeModeExitRules(214)) - AtleastOneDatanodeReportedRule rule is successfully validated
2020-11-27 01:37:34,178 [pool-725-thread-1] INFO  server.RaftServerConfigKeys (ConfUtils.java:logGet(44)) - raft.server.log.appender.buffer.byte-limit = 33554432 (custom)
2020-11-27 01:37:34,179 [pool-725-thread-1] INFO  server.RaftServerConfigKeys (ConfUtils.java:logGet(44)) - raft.server.log.segment.size.max = 1048576 (custom)
2020-11-27 01:37:34,179 [pool-725-thread-1] INFO  server.RaftServerConfigKeys (ConfUtils.java:logGet(44)) - raft.server.log.segment.cache.num.max = 2 (custom)
2020-11-27 01:37:34,179 [pool-725-thread-1] INFO  segmented.SegmentedRaftLogWorker (SegmentedRaftLogWorker.java:<init>(180)) - new eda6bd80-3bc8-486f-b21b-103a464f444a@group-977A4CF7E56E-SegmentedRaftLogWorker for RaftStorage:Storage Directory /github/workspace/mnt/ozone/hadoop-ozone/integration-test/target/test-dir/MiniOzoneClusterImpl-7befb19c-4ec9-4b73-94e9-5feb4aa859dd/datanode-5/data/ratis/17ccad59-30bb-45e7-92be-977a4cf7e56e
2020-11-27 01:37:34,180 [pool-725-thread-1] INFO  server.RaftServerConfigKeys (ConfUtils.java:logGet(44)) - raft.server.log.queue.byte-limit = 2147483647 (custom)
2020-11-27 01:37:34,180 [pool-725-thread-1] INFO  server.RaftServerConfigKeys (ConfUtils.java:logGet(44)) - raft.server.log.queue.element-limit = 1024 (custom)
2020-11-27 01:37:34,180 [pool-725-thread-1] INFO  server.RaftServerConfigKeys (ConfUtils.java:logGet(44)) - raft.server.log.segment.size.max = 1048576 (custom)
2020-11-27 01:37:34,180 [pool-725-thread-1] INFO  server.RaftServerConfigKeys (ConfUtils.java:logGet(44)) - raft.server.log.preallocated.size = 16384 (custom)
2020-11-27 01:37:34,180 [pool-725-thread-1] INFO  server.RaftServerConfigKeys (ConfUtils.java:logGet(44)) - raft.server.log.write.buffer.size = 1048576 (custom)
2020-11-27 01:37:34,180 [pool-725-thread-1] INFO  server.RaftServerConfigKeys (ConfUtils.java:logGet(44)) - raft.server.log.force.sync.num = 128 (default)
2020-11-27 01:37:34,180 [pool-725-thread-1] INFO  server.RaftServerConfigKeys (ConfUtils.java:logGet(44)) - raft.server.log.statemachine.data.sync = true (default)
2020-11-27 01:37:34,180 [pool-725-thread-1] INFO  server.RaftServerConfigKeys (ConfUtils.java:logGet(44)) - raft.server.log.statemachine.data.sync.timeout = 10s (default)
2020-11-27 01:37:34,180 [pool-725-thread-1] INFO  server.RaftServerConfigKeys (ConfUtils.java:logGet(44)) - raft.server.log.statemachine.data.sync.timeout.retry = -1 (default)
2020-11-27 01:37:34,182 [pool-725-thread-1] INFO  server.RaftServerConfigKeys (ConfUtils.java:logGet(44)) - raft.server.log.statemachine.data.caching.enabled = true (custom)
2020-11-27 01:37:34,182 [pool-725-thread-1] INFO  segmented.SegmentedRaftLogWorker (SegmentedRaftLogWorker.java:lambda$new$0(129)) - eda6bd80-3bc8-486f-b21b-103a464f444a@group-977A4CF7E56E-SegmentedRaftLogWorker: flushIndex: setUnconditionally 0 -> -1
2020-11-27 01:37:34,182 [pool-725-thread-1] INFO  segmented.SegmentedRaftLogWorker (SegmentedRaftLogWorker.java:lambda$new$0(129)) - eda6bd80-3bc8-486f-b21b-103a464f444a@group-977A4CF7E56E-SegmentedRaftLogWorker: safeCacheEvictIndex: setUnconditionally 0 -> -1
2020-11-27 01:37:34,182 [pool-725-thread-1] INFO  server.RaftServerConfigKeys (ConfUtils.java:logGet(44)) - raft.server.snapshot.auto.trigger.enabled = true (custom)
2020-11-27 01:37:34,182 [pool-725-thread-1] INFO  server.RaftServerConfigKeys (ConfUtils.java:logGet(44)) - raft.server.snapshot.auto.trigger.threshold = 10000 (custom)
2020-11-27 01:37:34,183 [pool-725-thread-1] INFO  server.RaftServerConfigKeys (ConfUtils.java:logGet(44)) - raft.server.snapshot.retention.file.num = 5 (custom)
2020-11-27 01:37:34,183 [pool-725-thread-1] INFO  server.RaftServerConfigKeys (ConfUtils.java:logGet(44)) - raft.server.log.purge.upto.snapshot.index = false (default)
2020-11-27 01:37:34,183 [pool-725-thread-1] INFO  server.RaftServerConfigKeys (ConfUtils.java:logGet(44)) - raft.server.retrycache.expirytime = 600000ms (custom)
2020-11-27 01:37:34,183 [pool-725-thread-1] INFO  metrics.RatisMetrics (RatisMetrics.java:lambda$create$0(36)) - Creating Metrics Registry : ratis.leader_election.eda6bd80-3bc8-486f-b21b-103a464f444a@group-977A4CF7E56E
2020-11-27 01:37:34,183 [pool-725-thread-1] INFO  metrics.RatisMetrics (RatisMetrics.java:lambda$create$0(36)) - Creating Metrics Registry : ratis.server.eda6bd80-3bc8-486f-b21b-103a464f444a@group-977A4CF7E56E
2020-11-27 01:37:34,185 [pool-725-thread-1] INFO  impl.RaftServerImpl (RaftServerImpl.java:start(215)) - eda6bd80-3bc8-486f-b21b-103a464f444a@group-977A4CF7E56E: start as a follower, conf=-1: [d247a803-3982-4a1e-9d5c-2cb5c984a205|rpc:172.17.0.2:42885|dataStream:, 525ac4ff-a043-43ae-b658-3dd89705e4a8|rpc:172.17.0.2:44141|dataStream:, eda6bd80-3bc8-486f-b21b-103a464f444a|rpc:172.17.0.2:43699|dataStream:], old=null
2020-11-27 01:37:34,185 [pool-725-thread-1] INFO  impl.RaftServerImpl (RaftServerImpl.java:setRole(204)) - eda6bd80-3bc8-486f-b21b-103a464f444a@group-977A4CF7E56E: changes role from      null to FOLLOWER at term 0 for startAsFollower
2020-11-27 01:37:34,185 [pool-725-thread-1] INFO  impl.RoleInfo (RoleInfo.java:updateAndGet(143)) - eda6bd80-3bc8-486f-b21b-103a464f444a: start eda6bd80-3bc8-486f-b21b-103a464f444a@group-977A4CF7E56E-FollowerState
2020-11-27 01:37:34,185 [pool-725-thread-1] INFO  util.JmxRegister (JmxRegister.java:tryRegister(44)) - Successfully registered JMX Bean with object name Ratis:service=RaftServer,group=group-977A4CF7E56E,id=eda6bd80-3bc8-486f-b21b-103a464f444a
2020-11-27 01:37:34,185 [pool-725-thread-1] INFO  metrics.RatisMetrics (RatisMetrics.java:lambda$create$0(36)) - Creating Metrics Registry : ratis.state_machine.eda6bd80-3bc8-486f-b21b-103a464f444a@group-977A4CF7E56E
2020-11-27 01:37:34,197 [Command processor thread] INFO  commandhandler.CreatePipelineCommandHandler (CreatePipelineCommandHandler.java:handle(106)) - Created Pipeline RATIS THREE PipelineID=17ccad59-30bb-45e7-92be-977a4cf7e56e.
2020-11-27 01:37:34,197 [Command processor thread] INFO  impl.RaftServerProxy (RaftServerProxy.java:addNew(93)) - d247a803-3982-4a1e-9d5c-2cb5c984a205: addNew group-B33F8C582359:[d247a803-3982-4a1e-9d5c-2cb5c984a205|rpc:172.17.0.2:42885, 525ac4ff-a043-43ae-b658-3dd89705e4a8|rpc:172.17.0.2:44141, eda6bd80-3bc8-486f-b21b-103a464f444a|rpc:172.17.0.2:43699] returns group-B33F8C582359:java.util.concurrent.CompletableFuture@40a8b55a[Not completed]
2020-11-27 01:37:34,198 [pool-693-thread-1] INFO  impl.RaftServerImpl (RaftServerImpl.java:<init>(121)) - d247a803-3982-4a1e-9d5c-2cb5c984a205: new RaftServerImpl for group-B33F8C582359:[d247a803-3982-4a1e-9d5c-2cb5c984a205|rpc:172.17.0.2:42885, 525ac4ff-a043-43ae-b658-3dd89705e4a8|rpc:172.17.0.2:44141, eda6bd80-3bc8-486f-b21b-103a464f444a|rpc:172.17.0.2:43699] with ContainerStateMachine:uninitialized
2020-11-27 01:37:34,198 [pool-693-thread-1] INFO  server.RaftServerConfigKeys (ConfUtils.java:logGet(44)) - raft.server.rpc.timeout.min = 5s (custom)
2020-11-27 01:37:34,198 [pool-693-thread-1] INFO  server.RaftServerConfigKeys (ConfUtils.java:logGet(44)) - raft.server.rpc.timeout.max = 5200ms (custom)
2020-11-27 01:37:34,198 [pool-693-thread-1] INFO  server.RaftServerConfigKeys (ConfUtils.java:logGet(44)) - raft.server.rpc.slowness.timeout = 300000ms (custom)
2020-11-27 01:37:34,198 [pool-693-thread-1] INFO  server.RaftServerConfigKeys (ConfUtils.java:logGet(44)) - raft.server.leaderelection.leader.step-down.wait-time = 10s (default)
2020-11-27 01:37:34,198 [pool-693-thread-1] INFO  server.RaftServerConfigKeys (ConfUtils.java:logGet(44)) - raft.server.sleep.deviation.threshold = 300 (default)
2020-11-27 01:37:34,198 [pool-693-thread-1] INFO  server.RaftServerConfigKeys (ConfUtils.java:logGet(44)) - raft.server.log.appender.install.snapshot.enabled = false (custom)
2020-11-27 01:37:34,198 [pool-693-thread-1] INFO  impl.RaftServerImpl (ServerState.java:<init>(104)) - d247a803-3982-4a1e-9d5c-2cb5c984a205@group-B33F8C582359: ConfigurationManager, init=-1: [d247a803-3982-4a1e-9d5c-2cb5c984a205|rpc:172.17.0.2:42885, 525ac4ff-a043-43ae-b658-3dd89705e4a8|rpc:172.17.0.2:44141, eda6bd80-3bc8-486f-b21b-103a464f444a|rpc:172.17.0.2:43699], old=null, confs=<EMPTY_MAP>
2020-11-27 01:37:34,198 [pool-693-thread-1] INFO  server.RaftServerConfigKeys (ConfUtils.java:logGet(44)) - raft.server.storage.dir = [/github/workspace/mnt/ozone/hadoop-ozone/integration-test/target/test-dir/MiniOzoneClusterImpl-7befb19c-4ec9-4b73-94e9-5feb4aa859dd/datanode-3/data/ratis] (custom)
2020-11-27 01:37:34,198 [pool-693-thread-1] INFO  server.RaftServerConfigKeys (ConfUtils.java:logGet(44)) - raft.server.log.corruption.policy = EXCEPTION (default)
2020-11-27 01:37:34,198 [pool-693-thread-1] INFO  storage.RaftStorageDirectory (RaftStorageDirectory.java:analyzeStorage(261)) - The storage directory /github/workspace/mnt/ozone/hadoop-ozone/integration-test/target/test-dir/MiniOzoneClusterImpl-7befb19c-4ec9-4b73-94e9-5feb4aa859dd/datanode-3/data/ratis/0becb242-989c-45d7-a586-b33f8c582359 does not exist. Creating ...
2020-11-27 01:37:34,199 [pool-693-thread-1] INFO  storage.RaftStorageDirectory (RaftStorageDirectory.java:tryLock(343)) - Lock on /github/workspace/mnt/ozone/hadoop-ozone/integration-test/target/test-dir/MiniOzoneClusterImpl-7befb19c-4ec9-4b73-94e9-5feb4aa859dd/datanode-3/data/ratis/0becb242-989c-45d7-a586-b33f8c582359/in_use.lock acquired by nodename 18347@3bf31645156d
2020-11-27 01:37:34,201 [pool-693-thread-1] INFO  storage.RaftStorage (RaftStorage.java:format(85)) - Storage directory /github/workspace/mnt/ozone/hadoop-ozone/integration-test/target/test-dir/MiniOzoneClusterImpl-7befb19c-4ec9-4b73-94e9-5feb4aa859dd/datanode-3/data/ratis/0becb242-989c-45d7-a586-b33f8c582359 has been successfully formatted.
2020-11-27 01:37:34,201 [pool-693-thread-1] INFO  ratis.ContainerStateMachine (ContainerStateMachine.java:loadSnapshot(225)) - group-B33F8C582359: The snapshot info is null. Setting the last applied indexto:(t:0, i:~)
2020-11-27 01:37:34,201 [pool-693-thread-1] INFO  server.RaftServerConfigKeys (ConfUtils.java:logGet(44)) - raft.server.notification.no-leader.timeout = 300000ms (custom)
2020-11-27 01:37:34,201 [pool-693-thread-1] INFO  server.RaftServerConfigKeys (ConfUtils.java:logGet(44)) - raft.server.log.use.memory = false (default)
2020-11-27 01:37:34,201 [pool-693-thread-1] INFO  server.RaftServerConfigKeys (ConfUtils.java:logGet(44)) - raft.server.log.purge.gap = 1000000 (custom)
2020-11-27 01:37:34,201 [pool-693-thread-1] INFO  metrics.RatisMetrics (RatisMetrics.java:lambda$create$0(36)) - Creating Metrics Registry : ratis.log_worker.d247a803-3982-4a1e-9d5c-2cb5c984a205@group-B33F8C582359
2020-11-27 01:37:34,202 [EventQueue-PipelineReportForOneReplicaPipelineSafeModeRule] INFO  safemode.SCMSafeModeManager (SCMSafeModeManager.java:validateSafeModeExitRules(214)) - AtleastOneDatanodeReportedRule rule is successfully validated
2020-11-27 01:37:34,202 [EventQueue-OpenPipelineForHealthyPipelineSafeModeRule] INFO  safemode.SCMSafeModeManager (HealthyPipelineSafeModeRule.java:process(128)) - SCM in safe mode. Healthy pipelines reported count is 0, required healthy pipeline reported count is 1
2020-11-27 01:37:34,202 [pool-693-thread-1] INFO  server.RaftServerConfigKeys (ConfUtils.java:logGet(44)) - raft.server.log.appender.buffer.byte-limit = 33554432 (custom)
2020-11-27 01:37:34,202 [pool-693-thread-1] INFO  server.RaftServerConfigKeys (ConfUtils.java:logGet(44)) - raft.server.log.segment.size.max = 1048576 (custom)
2020-11-27 01:37:34,203 [pool-693-thread-1] INFO  server.RaftServerConfigKeys (ConfUtils.java:logGet(44)) - raft.server.log.segment.cache.num.max = 2 (custom)
2020-11-27 01:37:34,203 [pool-693-thread-1] INFO  segmented.SegmentedRaftLogWorker (SegmentedRaftLogWorker.java:<init>(180)) - new d247a803-3982-4a1e-9d5c-2cb5c984a205@group-B33F8C582359-SegmentedRaftLogWorker for RaftStorage:Storage Directory /github/workspace/mnt/ozone/hadoop-ozone/integration-test/target/test-dir/MiniOzoneClusterImpl-7befb19c-4ec9-4b73-94e9-5feb4aa859dd/datanode-3/data/ratis/0becb242-989c-45d7-a586-b33f8c582359
2020-11-27 01:37:34,203 [pool-693-thread-1] INFO  server.RaftServerConfigKeys (ConfUtils.java:logGet(44)) - raft.server.log.queue.byte-limit = 2147483647 (custom)
2020-11-27 01:37:34,203 [pool-693-thread-1] INFO  server.RaftServerConfigKeys (ConfUtils.java:logGet(44)) - raft.server.log.queue.element-limit = 1024 (custom)
2020-11-27 01:37:34,203 [pool-693-thread-1] INFO  server.RaftServerConfigKeys (ConfUtils.java:logGet(44)) - raft.server.log.segment.size.max = 1048576 (custom)
2020-11-27 01:37:34,203 [pool-693-thread-1] INFO  server.RaftServerConfigKeys (ConfUtils.java:logGet(44)) - raft.server.log.preallocated.size = 16384 (custom)
2020-11-27 01:37:34,203 [pool-693-thread-1] INFO  server.RaftServerConfigKeys (ConfUtils.java:logGet(44)) - raft.server.log.write.buffer.size = 1048576 (custom)
2020-11-27 01:37:34,203 [pool-693-thread-1] INFO  server.RaftServerConfigKeys (ConfUtils.java:logGet(44)) - raft.server.log.force.sync.num = 128 (default)
2020-11-27 01:37:34,204 [pool-693-thread-1] INFO  server.RaftServerConfigKeys (ConfUtils.java:logGet(44)) - raft.server.log.statemachine.data.sync = true (default)
2020-11-27 01:37:34,204 [pool-693-thread-1] INFO  server.RaftServerConfigKeys (ConfUtils.java:logGet(44)) - raft.server.log.statemachine.data.sync.timeout = 10s (default)
2020-11-27 01:37:34,204 [pool-693-thread-1] INFO  server.RaftServerConfigKeys (ConfUtils.java:logGet(44)) - raft.server.log.statemachine.data.sync.timeout.retry = -1 (default)
2020-11-27 01:37:34,206 [pool-693-thread-1] INFO  server.RaftServerConfigKeys (ConfUtils.java:logGet(44)) - raft.server.log.statemachine.data.caching.enabled = true (custom)
2020-11-27 01:37:34,206 [pool-693-thread-1] INFO  segmented.SegmentedRaftLogWorker (SegmentedRaftLogWorker.java:lambda$new$0(129)) - d247a803-3982-4a1e-9d5c-2cb5c984a205@group-B33F8C582359-SegmentedRaftLogWorker: flushIndex: setUnconditionally 0 -> -1
2020-11-27 01:37:34,206 [pool-693-thread-1] INFO  segmented.SegmentedRaftLogWorker (SegmentedRaftLogWorker.java:lambda$new$0(129)) - d247a803-3982-4a1e-9d5c-2cb5c984a205@group-B33F8C582359-SegmentedRaftLogWorker: safeCacheEvictIndex: setUnconditionally 0 -> -1
2020-11-27 01:37:34,212 [pool-693-thread-1] INFO  server.RaftServerConfigKeys (ConfUtils.java:logGet(44)) - raft.server.snapshot.auto.trigger.enabled = true (custom)
2020-11-27 01:37:34,212 [pool-693-thread-1] INFO  server.RaftServerConfigKeys (ConfUtils.java:logGet(44)) - raft.server.snapshot.auto.trigger.threshold = 10000 (custom)
2020-11-27 01:37:34,212 [pool-693-thread-1] INFO  server.RaftServerConfigKeys (ConfUtils.java:logGet(44)) - raft.server.snapshot.retention.file.num = 5 (custom)
2020-11-27 01:37:34,212 [pool-693-thread-1] INFO  server.RaftServerConfigKeys (ConfUtils.java:logGet(44)) - raft.server.log.purge.upto.snapshot.index = false (default)
2020-11-27 01:37:34,212 [pool-693-thread-1] INFO  server.RaftServerConfigKeys (ConfUtils.java:logGet(44)) - raft.server.retrycache.expirytime = 600000ms (custom)
2020-11-27 01:37:34,212 [pool-693-thread-1] INFO  metrics.RatisMetrics (RatisMetrics.java:lambda$create$0(36)) - Creating Metrics Registry : ratis.leader_election.d247a803-3982-4a1e-9d5c-2cb5c984a205@group-B33F8C582359
2020-11-27 01:37:34,213 [pool-693-thread-1] INFO  metrics.RatisMetrics (RatisMetrics.java:lambda$create$0(36)) - Creating Metrics Registry : ratis.server.d247a803-3982-4a1e-9d5c-2cb5c984a205@group-B33F8C582359
2020-11-27 01:37:34,215 [pool-693-thread-1] INFO  impl.RaftServerImpl (RaftServerImpl.java:start(215)) - d247a803-3982-4a1e-9d5c-2cb5c984a205@group-B33F8C582359: start as a follower, conf=-1: [d247a803-3982-4a1e-9d5c-2cb5c984a205|rpc:172.17.0.2:42885, 525ac4ff-a043-43ae-b658-3dd89705e4a8|rpc:172.17.0.2:44141, eda6bd80-3bc8-486f-b21b-103a464f444a|rpc:172.17.0.2:43699], old=null
2020-11-27 01:37:34,215 [pool-693-thread-1] INFO  impl.RaftServerImpl (RaftServerImpl.java:setRole(204)) - d247a803-3982-4a1e-9d5c-2cb5c984a205@group-B33F8C582359: changes role from      null to FOLLOWER at term 0 for startAsFollower
2020-11-27 01:37:34,215 [pool-693-thread-1] INFO  impl.RoleInfo (RoleInfo.java:updateAndGet(143)) - d247a803-3982-4a1e-9d5c-2cb5c984a205: start d247a803-3982-4a1e-9d5c-2cb5c984a205@group-B33F8C582359-FollowerState
2020-11-27 01:37:34,215 [pool-693-thread-1] INFO  util.JmxRegister (JmxRegister.java:tryRegister(44)) - Successfully registered JMX Bean with object name Ratis:service=RaftServer,group=group-B33F8C582359,id=d247a803-3982-4a1e-9d5c-2cb5c984a205
2020-11-27 01:37:34,215 [pool-693-thread-1] INFO  metrics.RatisMetrics (RatisMetrics.java:lambda$create$0(36)) - Creating Metrics Registry : ratis.state_machine.d247a803-3982-4a1e-9d5c-2cb5c984a205@group-B33F8C582359
2020-11-27 01:37:34,217 [Command processor thread] INFO  metrics.RatisMetrics (RatisMetrics.java:lambda$create$0(36)) - Creating Metrics Registry : ratis.client_message_metrics.client-94750192C7CC->525ac4ff-a043-43ae-b658-3dd89705e4a8
2020-11-27 01:37:34,223 [grpc-default-executor-6] INFO  impl.RaftServerProxy (RaftServerProxy.java:addNew(93)) - 525ac4ff-a043-43ae-b658-3dd89705e4a8: addNew group-B33F8C582359:[d247a803-3982-4a1e-9d5c-2cb5c984a205|rpc:172.17.0.2:42885|dataStream:, 525ac4ff-a043-43ae-b658-3dd89705e4a8|rpc:172.17.0.2:44141|dataStream:, eda6bd80-3bc8-486f-b21b-103a464f444a|rpc:172.17.0.2:43699|dataStream:] returns group-B33F8C582359:java.util.concurrent.CompletableFuture@1e72004a[Not completed]
2020-11-27 01:37:34,223 [pool-709-thread-1] INFO  impl.RaftServerImpl (RaftServerImpl.java:<init>(121)) - 525ac4ff-a043-43ae-b658-3dd89705e4a8: new RaftServerImpl for group-B33F8C582359:[d247a803-3982-4a1e-9d5c-2cb5c984a205|rpc:172.17.0.2:42885|dataStream:, 525ac4ff-a043-43ae-b658-3dd89705e4a8|rpc:172.17.0.2:44141|dataStream:, eda6bd80-3bc8-486f-b21b-103a464f444a|rpc:172.17.0.2:43699|dataStream:] with ContainerStateMachine:uninitialized
2020-11-27 01:37:34,223 [pool-709-thread-1] INFO  server.RaftServerConfigKeys (ConfUtils.java:logGet(44)) - raft.server.rpc.timeout.min = 5s (custom)
2020-11-27 01:37:34,223 [pool-709-thread-1] INFO  server.RaftServerConfigKeys (ConfUtils.java:logGet(44)) - raft.server.rpc.timeout.max = 5200ms (custom)
2020-11-27 01:37:34,223 [pool-709-thread-1] INFO  server.RaftServerConfigKeys (ConfUtils.java:logGet(44)) - raft.server.rpc.slowness.timeout = 300000ms (custom)
2020-11-27 01:37:34,223 [pool-709-thread-1] INFO  server.RaftServerConfigKeys (ConfUtils.java:logGet(44)) - raft.server.leaderelection.leader.step-down.wait-time = 10s (default)
2020-11-27 01:37:34,223 [pool-709-thread-1] INFO  server.RaftServerConfigKeys (ConfUtils.java:logGet(44)) - raft.server.sleep.deviation.threshold = 300 (default)
2020-11-27 01:37:34,224 [pool-709-thread-1] INFO  server.RaftServerConfigKeys (ConfUtils.java:logGet(44)) - raft.server.log.appender.install.snapshot.enabled = false (custom)
2020-11-27 01:37:34,224 [pool-709-thread-1] INFO  impl.RaftServerImpl (ServerState.java:<init>(104)) - 525ac4ff-a043-43ae-b658-3dd89705e4a8@group-B33F8C582359: ConfigurationManager, init=-1: [d247a803-3982-4a1e-9d5c-2cb5c984a205|rpc:172.17.0.2:42885|dataStream:, 525ac4ff-a043-43ae-b658-3dd89705e4a8|rpc:172.17.0.2:44141|dataStream:, eda6bd80-3bc8-486f-b21b-103a464f444a|rpc:172.17.0.2:43699|dataStream:], old=null, confs=<EMPTY_MAP>
2020-11-27 01:37:34,224 [pool-709-thread-1] INFO  server.RaftServerConfigKeys (ConfUtils.java:logGet(44)) - raft.server.storage.dir = [/github/workspace/mnt/ozone/hadoop-ozone/integration-test/target/test-dir/MiniOzoneClusterImpl-7befb19c-4ec9-4b73-94e9-5feb4aa859dd/datanode-4/data/ratis] (custom)
2020-11-27 01:37:34,224 [pool-709-thread-1] INFO  server.RaftServerConfigKeys (ConfUtils.java:logGet(44)) - raft.server.log.corruption.policy = EXCEPTION (default)
2020-11-27 01:37:34,224 [pool-709-thread-1] INFO  storage.RaftStorageDirectory (RaftStorageDirectory.java:analyzeStorage(261)) - The storage directory /github/workspace/mnt/ozone/hadoop-ozone/integration-test/target/test-dir/MiniOzoneClusterImpl-7befb19c-4ec9-4b73-94e9-5feb4aa859dd/datanode-4/data/ratis/0becb242-989c-45d7-a586-b33f8c582359 does not exist. Creating ...
2020-11-27 01:37:34,225 [pool-709-thread-1] INFO  storage.RaftStorageDirectory (RaftStorageDirectory.java:tryLock(343)) - Lock on /github/workspace/mnt/ozone/hadoop-ozone/integration-test/target/test-dir/MiniOzoneClusterImpl-7befb19c-4ec9-4b73-94e9-5feb4aa859dd/datanode-4/data/ratis/0becb242-989c-45d7-a586-b33f8c582359/in_use.lock acquired by nodename 18347@3bf31645156d
2020-11-27 01:37:34,226 [pool-709-thread-1] INFO  storage.RaftStorage (RaftStorage.java:format(85)) - Storage directory /github/workspace/mnt/ozone/hadoop-ozone/integration-test/target/test-dir/MiniOzoneClusterImpl-7befb19c-4ec9-4b73-94e9-5feb4aa859dd/datanode-4/data/ratis/0becb242-989c-45d7-a586-b33f8c582359 has been successfully formatted.
2020-11-27 01:37:34,226 [pool-709-thread-1] INFO  ratis.ContainerStateMachine (ContainerStateMachine.java:loadSnapshot(225)) - group-B33F8C582359: The snapshot info is null. Setting the last applied indexto:(t:0, i:~)
2020-11-27 01:37:34,226 [pool-709-thread-1] INFO  server.RaftServerConfigKeys (ConfUtils.java:logGet(44)) - raft.server.notification.no-leader.timeout = 300000ms (custom)
2020-11-27 01:37:34,227 [pool-709-thread-1] INFO  server.RaftServerConfigKeys (ConfUtils.java:logGet(44)) - raft.server.log.use.memory = false (default)
2020-11-27 01:37:34,227 [pool-709-thread-1] INFO  server.RaftServerConfigKeys (ConfUtils.java:logGet(44)) - raft.server.log.purge.gap = 1000000 (custom)
2020-11-27 01:37:34,227 [pool-709-thread-1] INFO  metrics.RatisMetrics (RatisMetrics.java:lambda$create$0(36)) - Creating Metrics Registry : ratis.log_worker.525ac4ff-a043-43ae-b658-3dd89705e4a8@group-B33F8C582359
2020-11-27 01:37:34,227 [EventQueue-PipelineReportForOneReplicaPipelineSafeModeRule] INFO  safemode.SCMSafeModeManager (SCMSafeModeManager.java:validateSafeModeExitRules(214)) - AtleastOneDatanodeReportedRule rule is successfully validated
2020-11-27 01:37:34,227 [pool-709-thread-1] INFO  server.RaftServerConfigKeys (ConfUtils.java:logGet(44)) - raft.server.log.appender.buffer.byte-limit = 33554432 (custom)
2020-11-27 01:37:34,227 [pool-709-thread-1] INFO  server.RaftServerConfigKeys (ConfUtils.java:logGet(44)) - raft.server.log.segment.size.max = 1048576 (custom)
2020-11-27 01:37:34,228 [pool-709-thread-1] INFO  server.RaftServerConfigKeys (ConfUtils.java:logGet(44)) - raft.server.log.segment.cache.num.max = 2 (custom)
2020-11-27 01:37:34,228 [pool-709-thread-1] INFO  segmented.SegmentedRaftLogWorker (SegmentedRaftLogWorker.java:<init>(180)) - new 525ac4ff-a043-43ae-b658-3dd89705e4a8@group-B33F8C582359-SegmentedRaftLogWorker for RaftStorage:Storage Directory /github/workspace/mnt/ozone/hadoop-ozone/integration-test/target/test-dir/MiniOzoneClusterImpl-7befb19c-4ec9-4b73-94e9-5feb4aa859dd/datanode-4/data/ratis/0becb242-989c-45d7-a586-b33f8c582359
2020-11-27 01:37:34,228 [pool-709-thread-1] INFO  server.RaftServerConfigKeys (ConfUtils.java:logGet(44)) - raft.server.log.queue.byte-limit = 2147483647 (custom)
2020-11-27 01:37:34,228 [pool-709-thread-1] INFO  server.RaftServerConfigKeys (ConfUtils.java:logGet(44)) - raft.server.log.queue.element-limit = 1024 (custom)
2020-11-27 01:37:34,228 [pool-709-thread-1] INFO  server.RaftServerConfigKeys (ConfUtils.java:logGet(44)) - raft.server.log.segment.size.max = 1048576 (custom)
2020-11-27 01:37:34,228 [pool-709-thread-1] INFO  server.RaftServerConfigKeys (ConfUtils.java:logGet(44)) - raft.server.log.preallocated.size = 16384 (custom)
2020-11-27 01:37:34,228 [pool-709-thread-1] INFO  server.RaftServerConfigKeys (ConfUtils.java:logGet(44)) - raft.server.log.write.buffer.size = 1048576 (custom)
2020-11-27 01:37:34,228 [pool-709-thread-1] INFO  server.RaftServerConfigKeys (ConfUtils.java:logGet(44)) - raft.server.log.force.sync.num = 128 (default)
2020-11-27 01:37:34,228 [pool-709-thread-1] INFO  server.RaftServerConfigKeys (ConfUtils.java:logGet(44)) - raft.server.log.statemachine.data.sync = true (default)
2020-11-27 01:37:34,228 [pool-709-thread-1] INFO  server.RaftServerConfigKeys (ConfUtils.java:logGet(44)) - raft.server.log.statemachine.data.sync.timeout = 10s (default)
2020-11-27 01:37:34,229 [pool-709-thread-1] INFO  server.RaftServerConfigKeys (ConfUtils.java:logGet(44)) - raft.server.log.statemachine.data.sync.timeout.retry = -1 (default)
2020-11-27 01:37:34,231 [pool-709-thread-1] INFO  server.RaftServerConfigKeys (ConfUtils.java:logGet(44)) - raft.server.log.statemachine.data.caching.enabled = true (custom)
2020-11-27 01:37:34,231 [pool-709-thread-1] INFO  segmented.SegmentedRaftLogWorker (SegmentedRaftLogWorker.java:lambda$new$0(129)) - 525ac4ff-a043-43ae-b658-3dd89705e4a8@group-B33F8C582359-SegmentedRaftLogWorker: flushIndex: setUnconditionally 0 -> -1
2020-11-27 01:37:34,231 [pool-709-thread-1] INFO  segmented.SegmentedRaftLogWorker (SegmentedRaftLogWorker.java:lambda$new$0(129)) - 525ac4ff-a043-43ae-b658-3dd89705e4a8@group-B33F8C582359-SegmentedRaftLogWorker: safeCacheEvictIndex: setUnconditionally 0 -> -1
2020-11-27 01:37:34,231 [pool-709-thread-1] INFO  server.RaftServerConfigKeys (ConfUtils.java:logGet(44)) - raft.server.snapshot.auto.trigger.enabled = true (custom)
2020-11-27 01:37:34,232 [pool-709-thread-1] INFO  server.RaftServerConfigKeys (ConfUtils.java:logGet(44)) - raft.server.snapshot.auto.trigger.threshold = 10000 (custom)
2020-11-27 01:37:34,232 [pool-709-thread-1] INFO  server.RaftServerConfigKeys (ConfUtils.java:logGet(44)) - raft.server.snapshot.retention.file.num = 5 (custom)
2020-11-27 01:37:34,232 [pool-709-thread-1] INFO  server.RaftServerConfigKeys (ConfUtils.java:logGet(44)) - raft.server.log.purge.upto.snapshot.index = false (default)
2020-11-27 01:37:34,232 [pool-709-thread-1] INFO  server.RaftServerConfigKeys (ConfUtils.java:logGet(44)) - raft.server.retrycache.expirytime = 600000ms (custom)
2020-11-27 01:37:34,232 [pool-709-thread-1] INFO  metrics.RatisMetrics (RatisMetrics.java:lambda$create$0(36)) - Creating Metrics Registry : ratis.leader_election.525ac4ff-a043-43ae-b658-3dd89705e4a8@group-B33F8C582359
2020-11-27 01:37:34,232 [pool-709-thread-1] INFO  metrics.RatisMetrics (RatisMetrics.java:lambda$create$0(36)) - Creating Metrics Registry : ratis.server.525ac4ff-a043-43ae-b658-3dd89705e4a8@group-B33F8C582359
2020-11-27 01:37:34,234 [pool-709-thread-1] INFO  impl.RaftServerImpl (RaftServerImpl.java:start(215)) - 525ac4ff-a043-43ae-b658-3dd89705e4a8@group-B33F8C582359: start as a follower, conf=-1: [d247a803-3982-4a1e-9d5c-2cb5c984a205|rpc:172.17.0.2:42885|dataStream:, 525ac4ff-a043-43ae-b658-3dd89705e4a8|rpc:172.17.0.2:44141|dataStream:, eda6bd80-3bc8-486f-b21b-103a464f444a|rpc:172.17.0.2:43699|dataStream:], old=null
2020-11-27 01:37:34,234 [pool-709-thread-1] INFO  impl.RaftServerImpl (RaftServerImpl.java:setRole(204)) - 525ac4ff-a043-43ae-b658-3dd89705e4a8@group-B33F8C582359: changes role from      null to FOLLOWER at term 0 for startAsFollower
2020-11-27 01:37:34,234 [pool-709-thread-1] INFO  impl.RoleInfo (RoleInfo.java:updateAndGet(143)) - 525ac4ff-a043-43ae-b658-3dd89705e4a8: start 525ac4ff-a043-43ae-b658-3dd89705e4a8@group-B33F8C582359-FollowerState
2020-11-27 01:37:34,234 [pool-709-thread-1] INFO  util.JmxRegister (JmxRegister.java:tryRegister(44)) - Successfully registered JMX Bean with object name Ratis:service=RaftServer,group=group-B33F8C582359,id=525ac4ff-a043-43ae-b658-3dd89705e4a8
2020-11-27 01:37:34,234 [pool-709-thread-1] INFO  metrics.RatisMetrics (RatisMetrics.java:lambda$create$0(36)) - Creating Metrics Registry : ratis.state_machine.525ac4ff-a043-43ae-b658-3dd89705e4a8@group-B33F8C582359
2020-11-27 01:37:34,240 [Command processor thread] INFO  metrics.RatisMetrics (RatisMetrics.java:lambda$create$0(36)) - Creating Metrics Registry : ratis.client_message_metrics.client-DAEE9253E667->eda6bd80-3bc8-486f-b21b-103a464f444a
2020-11-27 01:37:34,244 [grpc-default-executor-6] INFO  impl.RaftServerProxy (RaftServerProxy.java:addNew(93)) - eda6bd80-3bc8-486f-b21b-103a464f444a: addNew group-B33F8C582359:[d247a803-3982-4a1e-9d5c-2cb5c984a205|rpc:172.17.0.2:42885|dataStream:, 525ac4ff-a043-43ae-b658-3dd89705e4a8|rpc:172.17.0.2:44141|dataStream:, eda6bd80-3bc8-486f-b21b-103a464f444a|rpc:172.17.0.2:43699|dataStream:] returns group-B33F8C582359:java.util.concurrent.CompletableFuture@56fb9d75[Not completed]
2020-11-27 01:37:34,245 [pool-725-thread-1] INFO  impl.RaftServerImpl (RaftServerImpl.java:<init>(121)) - eda6bd80-3bc8-486f-b21b-103a464f444a: new RaftServerImpl for group-B33F8C582359:[d247a803-3982-4a1e-9d5c-2cb5c984a205|rpc:172.17.0.2:42885|dataStream:, 525ac4ff-a043-43ae-b658-3dd89705e4a8|rpc:172.17.0.2:44141|dataStream:, eda6bd80-3bc8-486f-b21b-103a464f444a|rpc:172.17.0.2:43699|dataStream:] with ContainerStateMachine:uninitialized
2020-11-27 01:37:34,245 [pool-725-thread-1] INFO  server.RaftServerConfigKeys (ConfUtils.java:logGet(44)) - raft.server.rpc.timeout.min = 5s (custom)
2020-11-27 01:37:34,245 [pool-725-thread-1] INFO  server.RaftServerConfigKeys (ConfUtils.java:logGet(44)) - raft.server.rpc.timeout.max = 5200ms (custom)
2020-11-27 01:37:34,245 [pool-725-thread-1] INFO  server.RaftServerConfigKeys (ConfUtils.java:logGet(44)) - raft.server.rpc.slowness.timeout = 300000ms (custom)
2020-11-27 01:37:34,245 [pool-725-thread-1] INFO  server.RaftServerConfigKeys (ConfUtils.java:logGet(44)) - raft.server.leaderelection.leader.step-down.wait-time = 10s (default)
2020-11-27 01:37:34,245 [pool-725-thread-1] INFO  server.RaftServerConfigKeys (ConfUtils.java:logGet(44)) - raft.server.sleep.deviation.threshold = 300 (default)
2020-11-27 01:37:34,245 [pool-725-thread-1] INFO  server.RaftServerConfigKeys (ConfUtils.java:logGet(44)) - raft.server.log.appender.install.snapshot.enabled = false (custom)
2020-11-27 01:37:34,245 [pool-725-thread-1] INFO  impl.RaftServerImpl (ServerState.java:<init>(104)) - eda6bd80-3bc8-486f-b21b-103a464f444a@group-B33F8C582359: ConfigurationManager, init=-1: [d247a803-3982-4a1e-9d5c-2cb5c984a205|rpc:172.17.0.2:42885|dataStream:, 525ac4ff-a043-43ae-b658-3dd89705e4a8|rpc:172.17.0.2:44141|dataStream:, eda6bd80-3bc8-486f-b21b-103a464f444a|rpc:172.17.0.2:43699|dataStream:], old=null, confs=<EMPTY_MAP>
2020-11-27 01:37:34,245 [pool-725-thread-1] INFO  server.RaftServerConfigKeys (ConfUtils.java:logGet(44)) - raft.server.storage.dir = [/github/workspace/mnt/ozone/hadoop-ozone/integration-test/target/test-dir/MiniOzoneClusterImpl-7befb19c-4ec9-4b73-94e9-5feb4aa859dd/datanode-5/data/ratis] (custom)
2020-11-27 01:37:34,245 [pool-725-thread-1] INFO  server.RaftServerConfigKeys (ConfUtils.java:logGet(44)) - raft.server.log.corruption.policy = EXCEPTION (default)
2020-11-27 01:37:34,246 [pool-725-thread-1] INFO  storage.RaftStorageDirectory (RaftStorageDirectory.java:analyzeStorage(261)) - The storage directory /github/workspace/mnt/ozone/hadoop-ozone/integration-test/target/test-dir/MiniOzoneClusterImpl-7befb19c-4ec9-4b73-94e9-5feb4aa859dd/datanode-5/data/ratis/0becb242-989c-45d7-a586-b33f8c582359 does not exist. Creating ...
2020-11-27 01:37:34,246 [pool-725-thread-1] INFO  storage.RaftStorageDirectory (RaftStorageDirectory.java:tryLock(343)) - Lock on /github/workspace/mnt/ozone/hadoop-ozone/integration-test/target/test-dir/MiniOzoneClusterImpl-7befb19c-4ec9-4b73-94e9-5feb4aa859dd/datanode-5/data/ratis/0becb242-989c-45d7-a586-b33f8c582359/in_use.lock acquired by nodename 18347@3bf31645156d
2020-11-27 01:37:34,247 [pool-725-thread-1] INFO  storage.RaftStorage (RaftStorage.java:format(85)) - Storage directory /github/workspace/mnt/ozone/hadoop-ozone/integration-test/target/test-dir/MiniOzoneClusterImpl-7befb19c-4ec9-4b73-94e9-5feb4aa859dd/datanode-5/data/ratis/0becb242-989c-45d7-a586-b33f8c582359 has been successfully formatted.
2020-11-27 01:37:34,247 [pool-725-thread-1] INFO  ratis.ContainerStateMachine (ContainerStateMachine.java:loadSnapshot(225)) - group-B33F8C582359: The snapshot info is null. Setting the last applied indexto:(t:0, i:~)
2020-11-27 01:37:34,248 [pool-725-thread-1] INFO  server.RaftServerConfigKeys (ConfUtils.java:logGet(44)) - raft.server.notification.no-leader.timeout = 300000ms (custom)
2020-11-27 01:37:34,248 [pool-725-thread-1] INFO  server.RaftServerConfigKeys (ConfUtils.java:logGet(44)) - raft.server.log.use.memory = false (default)
2020-11-27 01:37:34,248 [pool-725-thread-1] INFO  server.RaftServerConfigKeys (ConfUtils.java:logGet(44)) - raft.server.log.purge.gap = 1000000 (custom)
2020-11-27 01:37:34,248 [pool-725-thread-1] INFO  metrics.RatisMetrics (RatisMetrics.java:lambda$create$0(36)) - Creating Metrics Registry : ratis.log_worker.eda6bd80-3bc8-486f-b21b-103a464f444a@group-B33F8C582359
2020-11-27 01:37:34,248 [pool-725-thread-1] INFO  server.RaftServerConfigKeys (ConfUtils.java:logGet(44)) - raft.server.log.appender.buffer.byte-limit = 33554432 (custom)
2020-11-27 01:37:34,248 [EventQueue-PipelineReportForOneReplicaPipelineSafeModeRule] INFO  safemode.SCMSafeModeManager (SCMSafeModeManager.java:validateSafeModeExitRules(214)) - AtleastOneDatanodeReportedRule rule is successfully validated
2020-11-27 01:37:34,248 [pool-725-thread-1] INFO  server.RaftServerConfigKeys (ConfUtils.java:logGet(44)) - raft.server.log.segment.size.max = 1048576 (custom)
2020-11-27 01:37:34,249 [pool-725-thread-1] INFO  server.RaftServerConfigKeys (ConfUtils.java:logGet(44)) - raft.server.log.segment.cache.num.max = 2 (custom)
2020-11-27 01:37:34,249 [pool-725-thread-1] INFO  segmented.SegmentedRaftLogWorker (SegmentedRaftLogWorker.java:<init>(180)) - new eda6bd80-3bc8-486f-b21b-103a464f444a@group-B33F8C582359-SegmentedRaftLogWorker for RaftStorage:Storage Directory /github/workspace/mnt/ozone/hadoop-ozone/integration-test/target/test-dir/MiniOzoneClusterImpl-7befb19c-4ec9-4b73-94e9-5feb4aa859dd/datanode-5/data/ratis/0becb242-989c-45d7-a586-b33f8c582359
2020-11-27 01:37:34,249 [pool-725-thread-1] INFO  server.RaftServerConfigKeys (ConfUtils.java:logGet(44)) - raft.server.log.queue.byte-limit = 2147483647 (custom)
2020-11-27 01:37:34,249 [pool-725-thread-1] INFO  server.RaftServerConfigKeys (ConfUtils.java:logGet(44)) - raft.server.log.queue.element-limit = 1024 (custom)
2020-11-27 01:37:34,249 [pool-725-thread-1] INFO  server.RaftServerConfigKeys (ConfUtils.java:logGet(44)) - raft.server.log.segment.size.max = 1048576 (custom)
2020-11-27 01:37:34,249 [pool-725-thread-1] INFO  server.RaftServerConfigKeys (ConfUtils.java:logGet(44)) - raft.server.log.preallocated.size = 16384 (custom)
2020-11-27 01:37:34,249 [pool-725-thread-1] INFO  server.RaftServerConfigKeys (ConfUtils.java:logGet(44)) - raft.server.log.write.buffer.size = 1048576 (custom)
2020-11-27 01:37:34,249 [pool-725-thread-1] INFO  server.RaftServerConfigKeys (ConfUtils.java:logGet(44)) - raft.server.log.force.sync.num = 128 (default)
2020-11-27 01:37:34,249 [pool-725-thread-1] INFO  server.RaftServerConfigKeys (ConfUtils.java:logGet(44)) - raft.server.log.statemachine.data.sync = true (default)
2020-11-27 01:37:34,249 [pool-725-thread-1] INFO  server.RaftServerConfigKeys (ConfUtils.java:logGet(44)) - raft.server.log.statemachine.data.sync.timeout = 10s (default)
2020-11-27 01:37:34,250 [pool-725-thread-1] INFO  server.RaftServerConfigKeys (ConfUtils.java:logGet(44)) - raft.server.log.statemachine.data.sync.timeout.retry = -1 (default)
2020-11-27 01:37:34,252 [pool-725-thread-1] INFO  server.RaftServerConfigKeys (ConfUtils.java:logGet(44)) - raft.server.log.statemachine.data.caching.enabled = true (custom)
2020-11-27 01:37:34,252 [pool-725-thread-1] INFO  segmented.SegmentedRaftLogWorker (SegmentedRaftLogWorker.java:lambda$new$0(129)) - eda6bd80-3bc8-486f-b21b-103a464f444a@group-B33F8C582359-SegmentedRaftLogWorker: flushIndex: setUnconditionally 0 -> -1
2020-11-27 01:37:34,252 [pool-725-thread-1] INFO  segmented.SegmentedRaftLogWorker (SegmentedRaftLogWorker.java:lambda$new$0(129)) - eda6bd80-3bc8-486f-b21b-103a464f444a@group-B33F8C582359-SegmentedRaftLogWorker: safeCacheEvictIndex: setUnconditionally 0 -> -1
2020-11-27 01:37:34,253 [pool-725-thread-1] INFO  server.RaftServerConfigKeys (ConfUtils.java:logGet(44)) - raft.server.snapshot.auto.trigger.enabled = true (custom)
2020-11-27 01:37:34,253 [pool-725-thread-1] INFO  server.RaftServerConfigKeys (ConfUtils.java:logGet(44)) - raft.server.snapshot.auto.trigger.threshold = 10000 (custom)
2020-11-27 01:37:34,253 [pool-725-thread-1] INFO  server.RaftServerConfigKeys (ConfUtils.java:logGet(44)) - raft.server.snapshot.retention.file.num = 5 (custom)
2020-11-27 01:37:34,253 [pool-725-thread-1] INFO  server.RaftServerConfigKeys (ConfUtils.java:logGet(44)) - raft.server.log.purge.upto.snapshot.index = false (default)
2020-11-27 01:37:34,253 [pool-725-thread-1] INFO  server.RaftServerConfigKeys (ConfUtils.java:logGet(44)) - raft.server.retrycache.expirytime = 600000ms (custom)
2020-11-27 01:37:34,253 [pool-725-thread-1] INFO  metrics.RatisMetrics (RatisMetrics.java:lambda$create$0(36)) - Creating Metrics Registry : ratis.leader_election.eda6bd80-3bc8-486f-b21b-103a464f444a@group-B33F8C582359
2020-11-27 01:37:34,254 [pool-725-thread-1] INFO  metrics.RatisMetrics (RatisMetrics.java:lambda$create$0(36)) - Creating Metrics Registry : ratis.server.eda6bd80-3bc8-486f-b21b-103a464f444a@group-B33F8C582359
2020-11-27 01:37:34,255 [pool-725-thread-1] INFO  impl.RaftServerImpl (RaftServerImpl.java:start(215)) - eda6bd80-3bc8-486f-b21b-103a464f444a@group-B33F8C582359: start as a follower, conf=-1: [d247a803-3982-4a1e-9d5c-2cb5c984a205|rpc:172.17.0.2:42885|dataStream:, 525ac4ff-a043-43ae-b658-3dd89705e4a8|rpc:172.17.0.2:44141|dataStream:, eda6bd80-3bc8-486f-b21b-103a464f444a|rpc:172.17.0.2:43699|dataStream:], old=null
2020-11-27 01:37:34,255 [pool-725-thread-1] INFO  impl.RaftServerImpl (RaftServerImpl.java:setRole(204)) - eda6bd80-3bc8-486f-b21b-103a464f444a@group-B33F8C582359: changes role from      null to FOLLOWER at term 0 for startAsFollower
2020-11-27 01:37:34,255 [pool-725-thread-1] INFO  impl.RoleInfo (RoleInfo.java:updateAndGet(143)) - eda6bd80-3bc8-486f-b21b-103a464f444a: start eda6bd80-3bc8-486f-b21b-103a464f444a@group-B33F8C582359-FollowerState
2020-11-27 01:37:34,255 [pool-725-thread-1] INFO  util.JmxRegister (JmxRegister.java:tryRegister(44)) - Successfully registered JMX Bean with object name Ratis:service=RaftServer,group=group-B33F8C582359,id=eda6bd80-3bc8-486f-b21b-103a464f444a
2020-11-27 01:37:34,255 [pool-725-thread-1] INFO  metrics.RatisMetrics (RatisMetrics.java:lambda$create$0(36)) - Creating Metrics Registry : ratis.state_machine.eda6bd80-3bc8-486f-b21b-103a464f444a@group-B33F8C582359
2020-11-27 01:37:34,260 [Command processor thread] INFO  commandhandler.CreatePipelineCommandHandler (CreatePipelineCommandHandler.java:handle(106)) - Created Pipeline RATIS THREE PipelineID=0becb242-989c-45d7-a586-b33f8c582359.
2020-11-27 01:37:34,321 [Command processor thread] INFO  impl.RaftServerProxy (RaftServerProxy.java:addNew(93)) - 525ac4ff-a043-43ae-b658-3dd89705e4a8: addNew group-1A46C086DB31:[525ac4ff-a043-43ae-b658-3dd89705e4a8|rpc:172.17.0.2:44141] returns group-1A46C086DB31:java.util.concurrent.CompletableFuture@211bf164[Not completed]
2020-11-27 01:37:34,322 [pool-709-thread-1] INFO  impl.RaftServerImpl (RaftServerImpl.java:<init>(121)) - 525ac4ff-a043-43ae-b658-3dd89705e4a8: new RaftServerImpl for group-1A46C086DB31:[525ac4ff-a043-43ae-b658-3dd89705e4a8|rpc:172.17.0.2:44141] with ContainerStateMachine:uninitialized
2020-11-27 01:37:34,322 [pool-709-thread-1] INFO  server.RaftServerConfigKeys (ConfUtils.java:logGet(44)) - raft.server.rpc.timeout.min = 5s (custom)
2020-11-27 01:37:34,322 [pool-709-thread-1] INFO  server.RaftServerConfigKeys (ConfUtils.java:logGet(44)) - raft.server.rpc.timeout.max = 5200ms (custom)
2020-11-27 01:37:34,322 [pool-709-thread-1] INFO  server.RaftServerConfigKeys (ConfUtils.java:logGet(44)) - raft.server.rpc.slowness.timeout = 300000ms (custom)
2020-11-27 01:37:34,322 [pool-709-thread-1] INFO  server.RaftServerConfigKeys (ConfUtils.java:logGet(44)) - raft.server.leaderelection.leader.step-down.wait-time = 10s (default)
2020-11-27 01:37:34,322 [pool-709-thread-1] INFO  server.RaftServerConfigKeys (ConfUtils.java:logGet(44)) - raft.server.sleep.deviation.threshold = 300 (default)
2020-11-27 01:37:34,322 [pool-709-thread-1] INFO  server.RaftServerConfigKeys (ConfUtils.java:logGet(44)) - raft.server.log.appender.install.snapshot.enabled = false (custom)
2020-11-27 01:37:34,322 [pool-709-thread-1] INFO  impl.RaftServerImpl (ServerState.java:<init>(104)) - 525ac4ff-a043-43ae-b658-3dd89705e4a8@group-1A46C086DB31: ConfigurationManager, init=-1: [525ac4ff-a043-43ae-b658-3dd89705e4a8|rpc:172.17.0.2:44141], old=null, confs=<EMPTY_MAP>
2020-11-27 01:37:34,323 [pool-709-thread-1] INFO  server.RaftServerConfigKeys (ConfUtils.java:logGet(44)) - raft.server.storage.dir = [/github/workspace/mnt/ozone/hadoop-ozone/integration-test/target/test-dir/MiniOzoneClusterImpl-7befb19c-4ec9-4b73-94e9-5feb4aa859dd/datanode-4/data/ratis] (custom)
2020-11-27 01:37:34,323 [pool-709-thread-1] INFO  server.RaftServerConfigKeys (ConfUtils.java:logGet(44)) - raft.server.log.corruption.policy = EXCEPTION (default)
2020-11-27 01:37:34,323 [pool-709-thread-1] INFO  storage.RaftStorageDirectory (RaftStorageDirectory.java:analyzeStorage(261)) - The storage directory /github/workspace/mnt/ozone/hadoop-ozone/integration-test/target/test-dir/MiniOzoneClusterImpl-7befb19c-4ec9-4b73-94e9-5feb4aa859dd/datanode-4/data/ratis/5249168d-d0a0-4681-94ef-1a46c086db31 does not exist. Creating ...
2020-11-27 01:37:34,324 [pool-709-thread-1] INFO  storage.RaftStorageDirectory (RaftStorageDirectory.java:tryLock(343)) - Lock on /github/workspace/mnt/ozone/hadoop-ozone/integration-test/target/test-dir/MiniOzoneClusterImpl-7befb19c-4ec9-4b73-94e9-5feb4aa859dd/datanode-4/data/ratis/5249168d-d0a0-4681-94ef-1a46c086db31/in_use.lock acquired by nodename 18347@3bf31645156d
2020-11-27 01:37:34,326 [pool-709-thread-1] INFO  storage.RaftStorage (RaftStorage.java:format(85)) - Storage directory /github/workspace/mnt/ozone/hadoop-ozone/integration-test/target/test-dir/MiniOzoneClusterImpl-7befb19c-4ec9-4b73-94e9-5feb4aa859dd/datanode-4/data/ratis/5249168d-d0a0-4681-94ef-1a46c086db31 has been successfully formatted.
2020-11-27 01:37:34,326 [pool-709-thread-1] INFO  ratis.ContainerStateMachine (ContainerStateMachine.java:loadSnapshot(225)) - group-1A46C086DB31: The snapshot info is null. Setting the last applied indexto:(t:0, i:~)
2020-11-27 01:37:34,327 [pool-709-thread-1] INFO  server.RaftServerConfigKeys (ConfUtils.java:logGet(44)) - raft.server.notification.no-leader.timeout = 300000ms (custom)
2020-11-27 01:37:34,327 [pool-709-thread-1] INFO  server.RaftServerConfigKeys (ConfUtils.java:logGet(44)) - raft.server.log.use.memory = false (default)
2020-11-27 01:37:34,327 [pool-709-thread-1] INFO  server.RaftServerConfigKeys (ConfUtils.java:logGet(44)) - raft.server.log.purge.gap = 1000000 (custom)
2020-11-27 01:37:34,327 [pool-709-thread-1] INFO  metrics.RatisMetrics (RatisMetrics.java:lambda$create$0(36)) - Creating Metrics Registry : ratis.log_worker.525ac4ff-a043-43ae-b658-3dd89705e4a8@group-1A46C086DB31
2020-11-27 01:37:34,327 [EventQueue-PipelineReportForPipelineReportHandler] INFO  pipeline.PipelineStateManager (PipelineStateManager.java:openPipeline(132)) - Pipeline Pipeline[ Id: 5249168d-d0a0-4681-94ef-1a46c086db31, Nodes: 525ac4ff-a043-43ae-b658-3dd89705e4a8{ip: 172.17.0.2, host: 3bf31645156d, networkLocation: /default-rack, certSerialId: null}, Type:RATIS, Factor:ONE, State:ALLOCATED, leaderId:525ac4ff-a043-43ae-b658-3dd89705e4a8, CreationTimestamp2020-11-27T01:37:31.323Z] moved to OPEN state
2020-11-27 01:37:34,327 [EventQueue-PipelineReportForOneReplicaPipelineSafeModeRule] INFO  safemode.SCMSafeModeManager (SCMSafeModeManager.java:validateSafeModeExitRules(214)) - AtleastOneDatanodeReportedRule rule is successfully validated
2020-11-27 01:37:34,328 [EventQueue-OpenPipelineForHealthyPipelineSafeModeRule] INFO  safemode.SCMSafeModeManager (HealthyPipelineSafeModeRule.java:process(128)) - SCM in safe mode. Healthy pipelines reported count is 0, required healthy pipeline reported count is 1
2020-11-27 01:37:34,328 [pool-709-thread-1] INFO  server.RaftServerConfigKeys (ConfUtils.java:logGet(44)) - raft.server.log.appender.buffer.byte-limit = 33554432 (custom)
2020-11-27 01:37:34,328 [pool-709-thread-1] INFO  server.RaftServerConfigKeys (ConfUtils.java:logGet(44)) - raft.server.log.segment.size.max = 1048576 (custom)
2020-11-27 01:37:34,330 [pool-709-thread-1] INFO  server.RaftServerConfigKeys (ConfUtils.java:logGet(44)) - raft.server.log.segment.cache.num.max = 2 (custom)
2020-11-27 01:37:34,330 [pool-709-thread-1] INFO  segmented.SegmentedRaftLogWorker (SegmentedRaftLogWorker.java:<init>(180)) - new 525ac4ff-a043-43ae-b658-3dd89705e4a8@group-1A46C086DB31-SegmentedRaftLogWorker for RaftStorage:Storage Directory /github/workspace/mnt/ozone/hadoop-ozone/integration-test/target/test-dir/MiniOzoneClusterImpl-7befb19c-4ec9-4b73-94e9-5feb4aa859dd/datanode-4/data/ratis/5249168d-d0a0-4681-94ef-1a46c086db31
2020-11-27 01:37:34,330 [pool-709-thread-1] INFO  server.RaftServerConfigKeys (ConfUtils.java:logGet(44)) - raft.server.log.queue.byte-limit = 2147483647 (custom)
2020-11-27 01:37:34,330 [pool-709-thread-1] INFO  server.RaftServerConfigKeys (ConfUtils.java:logGet(44)) - raft.server.log.queue.element-limit = 1024 (custom)
2020-11-27 01:37:34,330 [pool-709-thread-1] INFO  server.RaftServerConfigKeys (ConfUtils.java:logGet(44)) - raft.server.log.segment.size.max = 1048576 (custom)
2020-11-27 01:37:34,330 [pool-709-thread-1] INFO  server.RaftServerConfigKeys (ConfUtils.java:logGet(44)) - raft.server.log.preallocated.size = 16384 (custom)
2020-11-27 01:37:34,330 [pool-709-thread-1] INFO  server.RaftServerConfigKeys (ConfUtils.java:logGet(44)) - raft.server.log.write.buffer.size = 1048576 (custom)
2020-11-27 01:37:34,330 [pool-709-thread-1] INFO  server.RaftServerConfigKeys (ConfUtils.java:logGet(44)) - raft.server.log.force.sync.num = 128 (default)
2020-11-27 01:37:34,330 [pool-709-thread-1] INFO  server.RaftServerConfigKeys (ConfUtils.java:logGet(44)) - raft.server.log.statemachine.data.sync = true (default)
2020-11-27 01:37:34,330 [pool-709-thread-1] INFO  server.RaftServerConfigKeys (ConfUtils.java:logGet(44)) - raft.server.log.statemachine.data.sync.timeout = 10s (default)
2020-11-27 01:37:34,330 [pool-709-thread-1] INFO  server.RaftServerConfigKeys (ConfUtils.java:logGet(44)) - raft.server.log.statemachine.data.sync.timeout.retry = -1 (default)
2020-11-27 01:37:34,332 [pool-709-thread-1] INFO  server.RaftServerConfigKeys (ConfUtils.java:logGet(44)) - raft.server.log.statemachine.data.caching.enabled = true (custom)
2020-11-27 01:37:34,332 [pool-709-thread-1] INFO  segmented.SegmentedRaftLogWorker (SegmentedRaftLogWorker.java:lambda$new$0(129)) - 525ac4ff-a043-43ae-b658-3dd89705e4a8@group-1A46C086DB31-SegmentedRaftLogWorker: flushIndex: setUnconditionally 0 -> -1
2020-11-27 01:37:34,332 [pool-709-thread-1] INFO  segmented.SegmentedRaftLogWorker (SegmentedRaftLogWorker.java:lambda$new$0(129)) - 525ac4ff-a043-43ae-b658-3dd89705e4a8@group-1A46C086DB31-SegmentedRaftLogWorker: safeCacheEvictIndex: setUnconditionally 0 -> -1
2020-11-27 01:37:34,332 [pool-709-thread-1] INFO  server.RaftServerConfigKeys (ConfUtils.java:logGet(44)) - raft.server.snapshot.auto.trigger.enabled = true (custom)
2020-11-27 01:37:34,333 [pool-709-thread-1] INFO  server.RaftServerConfigKeys (ConfUtils.java:logGet(44)) - raft.server.snapshot.auto.trigger.threshold = 10000 (custom)
2020-11-27 01:37:34,333 [pool-709-thread-1] INFO  server.RaftServerConfigKeys (ConfUtils.java:logGet(44)) - raft.server.snapshot.retention.file.num = 5 (custom)
2020-11-27 01:37:34,333 [pool-709-thread-1] INFO  server.RaftServerConfigKeys (ConfUtils.java:logGet(44)) - raft.server.log.purge.upto.snapshot.index = false (default)
2020-11-27 01:37:34,333 [pool-709-thread-1] INFO  server.RaftServerConfigKeys (ConfUtils.java:logGet(44)) - raft.server.retrycache.expirytime = 600000ms (custom)
2020-11-27 01:37:34,333 [pool-709-thread-1] INFO  metrics.RatisMetrics (RatisMetrics.java:lambda$create$0(36)) - Creating Metrics Registry : ratis.leader_election.525ac4ff-a043-43ae-b658-3dd89705e4a8@group-1A46C086DB31
2020-11-27 01:37:34,333 [pool-709-thread-1] INFO  metrics.RatisMetrics (RatisMetrics.java:lambda$create$0(36)) - Creating Metrics Registry : ratis.server.525ac4ff-a043-43ae-b658-3dd89705e4a8@group-1A46C086DB31
2020-11-27 01:37:34,335 [pool-709-thread-1] INFO  impl.RaftServerImpl (RaftServerImpl.java:start(215)) - 525ac4ff-a043-43ae-b658-3dd89705e4a8@group-1A46C086DB31: start as a follower, conf=-1: [525ac4ff-a043-43ae-b658-3dd89705e4a8|rpc:172.17.0.2:44141], old=null
2020-11-27 01:37:34,335 [pool-709-thread-1] INFO  impl.RaftServerImpl (RaftServerImpl.java:setRole(204)) - 525ac4ff-a043-43ae-b658-3dd89705e4a8@group-1A46C086DB31: changes role from      null to FOLLOWER at term 0 for startAsFollower
2020-11-27 01:37:34,335 [pool-709-thread-1] INFO  impl.RoleInfo (RoleInfo.java:updateAndGet(143)) - 525ac4ff-a043-43ae-b658-3dd89705e4a8: start 525ac4ff-a043-43ae-b658-3dd89705e4a8@group-1A46C086DB31-FollowerState
2020-11-27 01:37:34,335 [pool-709-thread-1] INFO  util.JmxRegister (JmxRegister.java:tryRegister(44)) - Successfully registered JMX Bean with object name Ratis:service=RaftServer,group=group-1A46C086DB31,id=525ac4ff-a043-43ae-b658-3dd89705e4a8
2020-11-27 01:37:34,335 [pool-709-thread-1] INFO  metrics.RatisMetrics (RatisMetrics.java:lambda$create$0(36)) - Creating Metrics Registry : ratis.state_machine.525ac4ff-a043-43ae-b658-3dd89705e4a8@group-1A46C086DB31
2020-11-27 01:37:34,336 [Command processor thread] INFO  commandhandler.CreatePipelineCommandHandler (CreatePipelineCommandHandler.java:handle(106)) - Created Pipeline RATIS ONE PipelineID=5249168d-d0a0-4681-94ef-1a46c086db31.
2020-11-27 01:37:34,501 [Command processor thread] INFO  impl.RaftServerProxy (RaftServerProxy.java:addNew(93)) - eda6bd80-3bc8-486f-b21b-103a464f444a: addNew group-2B8F084D8951:[eda6bd80-3bc8-486f-b21b-103a464f444a|rpc:172.17.0.2:43699] returns group-2B8F084D8951:java.util.concurrent.CompletableFuture@5f633aaa[Not completed]
2020-11-27 01:37:34,502 [pool-725-thread-1] INFO  impl.RaftServerImpl (RaftServerImpl.java:<init>(121)) - eda6bd80-3bc8-486f-b21b-103a464f444a: new RaftServerImpl for group-2B8F084D8951:[eda6bd80-3bc8-486f-b21b-103a464f444a|rpc:172.17.0.2:43699] with ContainerStateMachine:uninitialized
2020-11-27 01:37:34,502 [pool-725-thread-1] INFO  server.RaftServerConfigKeys (ConfUtils.java:logGet(44)) - raft.server.rpc.timeout.min = 5s (custom)
2020-11-27 01:37:34,502 [pool-725-thread-1] INFO  server.RaftServerConfigKeys (ConfUtils.java:logGet(44)) - raft.server.rpc.timeout.max = 5200ms (custom)
2020-11-27 01:37:34,502 [pool-725-thread-1] INFO  server.RaftServerConfigKeys (ConfUtils.java:logGet(44)) - raft.server.rpc.slowness.timeout = 300000ms (custom)
2020-11-27 01:37:34,502 [pool-725-thread-1] INFO  server.RaftServerConfigKeys (ConfUtils.java:logGet(44)) - raft.server.leaderelection.leader.step-down.wait-time = 10s (default)
2020-11-27 01:37:34,502 [pool-725-thread-1] INFO  server.RaftServerConfigKeys (ConfUtils.java:logGet(44)) - raft.server.sleep.deviation.threshold = 300 (default)
2020-11-27 01:37:34,502 [pool-725-thread-1] INFO  server.RaftServerConfigKeys (ConfUtils.java:logGet(44)) - raft.server.log.appender.install.snapshot.enabled = false (custom)
2020-11-27 01:37:34,502 [pool-725-thread-1] INFO  impl.RaftServerImpl (ServerState.java:<init>(104)) - eda6bd80-3bc8-486f-b21b-103a464f444a@group-2B8F084D8951: ConfigurationManager, init=-1: [eda6bd80-3bc8-486f-b21b-103a464f444a|rpc:172.17.0.2:43699], old=null, confs=<EMPTY_MAP>
2020-11-27 01:37:34,502 [pool-725-thread-1] INFO  server.RaftServerConfigKeys (ConfUtils.java:logGet(44)) - raft.server.storage.dir = [/github/workspace/mnt/ozone/hadoop-ozone/integration-test/target/test-dir/MiniOzoneClusterImpl-7befb19c-4ec9-4b73-94e9-5feb4aa859dd/datanode-5/data/ratis] (custom)
2020-11-27 01:37:34,502 [pool-725-thread-1] INFO  server.RaftServerConfigKeys (ConfUtils.java:logGet(44)) - raft.server.log.corruption.policy = EXCEPTION (default)
2020-11-27 01:37:34,502 [pool-725-thread-1] INFO  storage.RaftStorageDirectory (RaftStorageDirectory.java:analyzeStorage(261)) - The storage directory /github/workspace/mnt/ozone/hadoop-ozone/integration-test/target/test-dir/MiniOzoneClusterImpl-7befb19c-4ec9-4b73-94e9-5feb4aa859dd/datanode-5/data/ratis/3ada5360-e935-4676-ab5a-2b8f084d8951 does not exist. Creating ...
2020-11-27 01:37:34,503 [pool-725-thread-1] INFO  storage.RaftStorageDirectory (RaftStorageDirectory.java:tryLock(343)) - Lock on /github/workspace/mnt/ozone/hadoop-ozone/integration-test/target/test-dir/MiniOzoneClusterImpl-7befb19c-4ec9-4b73-94e9-5feb4aa859dd/datanode-5/data/ratis/3ada5360-e935-4676-ab5a-2b8f084d8951/in_use.lock acquired by nodename 18347@3bf31645156d
2020-11-27 01:37:34,505 [pool-725-thread-1] INFO  storage.RaftStorage (RaftStorage.java:format(85)) - Storage directory /github/workspace/mnt/ozone/hadoop-ozone/integration-test/target/test-dir/MiniOzoneClusterImpl-7befb19c-4ec9-4b73-94e9-5feb4aa859dd/datanode-5/data/ratis/3ada5360-e935-4676-ab5a-2b8f084d8951 has been successfully formatted.
2020-11-27 01:37:34,505 [pool-725-thread-1] INFO  ratis.ContainerStateMachine (ContainerStateMachine.java:loadSnapshot(225)) - group-2B8F084D8951: The snapshot info is null. Setting the last applied indexto:(t:0, i:~)
2020-11-27 01:37:34,505 [pool-725-thread-1] INFO  server.RaftServerConfigKeys (ConfUtils.java:logGet(44)) - raft.server.notification.no-leader.timeout = 300000ms (custom)
2020-11-27 01:37:34,506 [pool-725-thread-1] INFO  server.RaftServerConfigKeys (ConfUtils.java:logGet(44)) - raft.server.log.use.memory = false (default)
2020-11-27 01:37:34,506 [pool-725-thread-1] INFO  server.RaftServerConfigKeys (ConfUtils.java:logGet(44)) - raft.server.log.purge.gap = 1000000 (custom)
2020-11-27 01:37:34,506 [pool-725-thread-1] INFO  metrics.RatisMetrics (RatisMetrics.java:lambda$create$0(36)) - Creating Metrics Registry : ratis.log_worker.eda6bd80-3bc8-486f-b21b-103a464f444a@group-2B8F084D8951
2020-11-27 01:37:34,506 [EventQueue-PipelineReportForOneReplicaPipelineSafeModeRule] INFO  safemode.SCMSafeModeManager (SCMSafeModeManager.java:validateSafeModeExitRules(214)) - AtleastOneDatanodeReportedRule rule is successfully validated
2020-11-27 01:37:34,506 [pool-725-thread-1] INFO  server.RaftServerConfigKeys (ConfUtils.java:logGet(44)) - raft.server.log.appender.buffer.byte-limit = 33554432 (custom)
2020-11-27 01:37:34,506 [pool-725-thread-1] INFO  server.RaftServerConfigKeys (ConfUtils.java:logGet(44)) - raft.server.log.segment.size.max = 1048576 (custom)
2020-11-27 01:37:34,506 [EventQueue-PipelineReportForPipelineReportHandler] INFO  pipeline.PipelineStateManager (PipelineStateManager.java:openPipeline(132)) - Pipeline Pipeline[ Id: 3ada5360-e935-4676-ab5a-2b8f084d8951, Nodes: eda6bd80-3bc8-486f-b21b-103a464f444a{ip: 172.17.0.2, host: 3bf31645156d, networkLocation: /default-rack, certSerialId: null}, Type:RATIS, Factor:ONE, State:ALLOCATED, leaderId:eda6bd80-3bc8-486f-b21b-103a464f444a, CreationTimestamp2020-11-27T01:37:31.503Z] moved to OPEN state
2020-11-27 01:37:34,507 [EventQueue-OpenPipelineForHealthyPipelineSafeModeRule] INFO  safemode.SCMSafeModeManager (HealthyPipelineSafeModeRule.java:process(128)) - SCM in safe mode. Healthy pipelines reported count is 0, required healthy pipeline reported count is 1
2020-11-27 01:37:34,507 [pool-725-thread-1] INFO  server.RaftServerConfigKeys (ConfUtils.java:logGet(44)) - raft.server.log.segment.cache.num.max = 2 (custom)
2020-11-27 01:37:34,507 [pool-725-thread-1] INFO  segmented.SegmentedRaftLogWorker (SegmentedRaftLogWorker.java:<init>(180)) - new eda6bd80-3bc8-486f-b21b-103a464f444a@group-2B8F084D8951-SegmentedRaftLogWorker for RaftStorage:Storage Directory /github/workspace/mnt/ozone/hadoop-ozone/integration-test/target/test-dir/MiniOzoneClusterImpl-7befb19c-4ec9-4b73-94e9-5feb4aa859dd/datanode-5/data/ratis/3ada5360-e935-4676-ab5a-2b8f084d8951
2020-11-27 01:37:34,508 [pool-725-thread-1] INFO  server.RaftServerConfigKeys (ConfUtils.java:logGet(44)) - raft.server.log.queue.byte-limit = 2147483647 (custom)
2020-11-27 01:37:34,508 [pool-725-thread-1] INFO  server.RaftServerConfigKeys (ConfUtils.java:logGet(44)) - raft.server.log.queue.element-limit = 1024 (custom)
2020-11-27 01:37:34,508 [pool-725-thread-1] INFO  server.RaftServerConfigKeys (ConfUtils.java:logGet(44)) - raft.server.log.segment.size.max = 1048576 (custom)
2020-11-27 01:37:34,508 [pool-725-thread-1] INFO  server.RaftServerConfigKeys (ConfUtils.java:logGet(44)) - raft.server.log.preallocated.size = 16384 (custom)
2020-11-27 01:37:34,508 [pool-725-thread-1] INFO  server.RaftServerConfigKeys (ConfUtils.java:logGet(44)) - raft.server.log.write.buffer.size = 1048576 (custom)
2020-11-27 01:37:34,508 [pool-725-thread-1] INFO  server.RaftServerConfigKeys (ConfUtils.java:logGet(44)) - raft.server.log.force.sync.num = 128 (default)
2020-11-27 01:37:34,508 [pool-725-thread-1] INFO  server.RaftServerConfigKeys (ConfUtils.java:logGet(44)) - raft.server.log.statemachine.data.sync = true (default)
2020-11-27 01:37:34,508 [pool-725-thread-1] INFO  server.RaftServerConfigKeys (ConfUtils.java:logGet(44)) - raft.server.log.statemachine.data.sync.timeout = 10s (default)
2020-11-27 01:37:34,508 [pool-725-thread-1] INFO  server.RaftServerConfigKeys (ConfUtils.java:logGet(44)) - raft.server.log.statemachine.data.sync.timeout.retry = -1 (default)
2020-11-27 01:37:34,510 [pool-725-thread-1] INFO  server.RaftServerConfigKeys (ConfUtils.java:logGet(44)) - raft.server.log.statemachine.data.caching.enabled = true (custom)
2020-11-27 01:37:34,510 [pool-725-thread-1] INFO  segmented.SegmentedRaftLogWorker (SegmentedRaftLogWorker.java:lambda$new$0(129)) - eda6bd80-3bc8-486f-b21b-103a464f444a@group-2B8F084D8951-SegmentedRaftLogWorker: flushIndex: setUnconditionally 0 -> -1
2020-11-27 01:37:34,510 [pool-725-thread-1] INFO  segmented.SegmentedRaftLogWorker (SegmentedRaftLogWorker.java:lambda$new$0(129)) - eda6bd80-3bc8-486f-b21b-103a464f444a@group-2B8F084D8951-SegmentedRaftLogWorker: safeCacheEvictIndex: setUnconditionally 0 -> -1
2020-11-27 01:37:34,510 [pool-725-thread-1] INFO  server.RaftServerConfigKeys (ConfUtils.java:logGet(44)) - raft.server.snapshot.auto.trigger.enabled = true (custom)
2020-11-27 01:37:34,511 [pool-725-thread-1] INFO  server.RaftServerConfigKeys (ConfUtils.java:logGet(44)) - raft.server.snapshot.auto.trigger.threshold = 10000 (custom)
2020-11-27 01:37:34,511 [pool-725-thread-1] INFO  server.RaftServerConfigKeys (ConfUtils.java:logGet(44)) - raft.server.snapshot.retention.file.num = 5 (custom)
2020-11-27 01:37:34,511 [pool-725-thread-1] INFO  server.RaftServerConfigKeys (ConfUtils.java:logGet(44)) - raft.server.log.purge.upto.snapshot.index = false (default)
2020-11-27 01:37:34,511 [pool-725-thread-1] INFO  server.RaftServerConfigKeys (ConfUtils.java:logGet(44)) - raft.server.retrycache.expirytime = 600000ms (custom)
2020-11-27 01:37:34,511 [pool-725-thread-1] INFO  metrics.RatisMetrics (RatisMetrics.java:lambda$create$0(36)) - Creating Metrics Registry : ratis.leader_election.eda6bd80-3bc8-486f-b21b-103a464f444a@group-2B8F084D8951
2020-11-27 01:37:34,512 [pool-725-thread-1] INFO  metrics.RatisMetrics (RatisMetrics.java:lambda$create$0(36)) - Creating Metrics Registry : ratis.server.eda6bd80-3bc8-486f-b21b-103a464f444a@group-2B8F084D8951
2020-11-27 01:37:34,514 [pool-725-thread-1] INFO  impl.RaftServerImpl (RaftServerImpl.java:start(215)) - eda6bd80-3bc8-486f-b21b-103a464f444a@group-2B8F084D8951: start as a follower, conf=-1: [eda6bd80-3bc8-486f-b21b-103a464f444a|rpc:172.17.0.2:43699], old=null
2020-11-27 01:37:34,514 [pool-725-thread-1] INFO  impl.RaftServerImpl (RaftServerImpl.java:setRole(204)) - eda6bd80-3bc8-486f-b21b-103a464f444a@group-2B8F084D8951: changes role from      null to FOLLOWER at term 0 for startAsFollower
2020-11-27 01:37:34,514 [pool-725-thread-1] INFO  impl.RoleInfo (RoleInfo.java:updateAndGet(143)) - eda6bd80-3bc8-486f-b21b-103a464f444a: start eda6bd80-3bc8-486f-b21b-103a464f444a@group-2B8F084D8951-FollowerState
2020-11-27 01:37:34,514 [pool-725-thread-1] INFO  util.JmxRegister (JmxRegister.java:tryRegister(44)) - Successfully registered JMX Bean with object name Ratis:service=RaftServer,group=group-2B8F084D8951,id=eda6bd80-3bc8-486f-b21b-103a464f444a
2020-11-27 01:37:34,514 [pool-725-thread-1] INFO  metrics.RatisMetrics (RatisMetrics.java:lambda$create$0(36)) - Creating Metrics Registry : ratis.state_machine.eda6bd80-3bc8-486f-b21b-103a464f444a@group-2B8F084D8951
2020-11-27 01:37:34,515 [Command processor thread] INFO  commandhandler.CreatePipelineCommandHandler (CreatePipelineCommandHandler.java:handle(106)) - Created Pipeline RATIS ONE PipelineID=3ada5360-e935-4676-ab5a-2b8f084d8951.
2020-11-27 01:37:34,689 [Listener at 127.0.0.1/40963] INFO  ozone.MiniOzoneClusterImpl (MiniOzoneClusterImpl.java:lambda$waitForClusterToBeReady$0(178)) - Nodes are ready. Got 7 of 7 DN Heartbeats.
2020-11-27 01:37:34,689 [Listener at 127.0.0.1/40963] INFO  ozone.MiniOzoneClusterImpl (MiniOzoneClusterImpl.java:lambda$waitForClusterToBeReady$0(181)) - Waiting for cluster to exit safe mode
2020-11-27 01:37:34,697 [Command processor thread] INFO  impl.RaftServerProxy (RaftServerProxy.java:addNew(93)) - 5b456079-358f-469d-9a4b-1e41f0af00c2: addNew group-00FCDB166A45:[5b456079-358f-469d-9a4b-1e41f0af00c2|rpc:172.17.0.2:39765] returns group-00FCDB166A45:java.util.concurrent.CompletableFuture@18ea86f0[Not completed]
2020-11-27 01:37:34,698 [pool-741-thread-1] INFO  impl.RaftServerImpl (RaftServerImpl.java:<init>(121)) - 5b456079-358f-469d-9a4b-1e41f0af00c2: new RaftServerImpl for group-00FCDB166A45:[5b456079-358f-469d-9a4b-1e41f0af00c2|rpc:172.17.0.2:39765] with ContainerStateMachine:uninitialized
2020-11-27 01:37:34,700 [pool-741-thread-1] INFO  server.RaftServerConfigKeys (ConfUtils.java:logGet(44)) - raft.server.rpc.timeout.min = 5s (custom)
2020-11-27 01:37:34,700 [pool-741-thread-1] INFO  server.RaftServerConfigKeys (ConfUtils.java:logGet(44)) - raft.server.rpc.timeout.max = 5200ms (custom)
2020-11-27 01:37:34,700 [pool-741-thread-1] INFO  server.RaftServerConfigKeys (ConfUtils.java:logGet(44)) - raft.server.rpc.slowness.timeout = 300000ms (custom)
2020-11-27 01:37:34,700 [pool-741-thread-1] INFO  server.RaftServerConfigKeys (ConfUtils.java:logGet(44)) - raft.server.leaderelection.leader.step-down.wait-time = 10s (default)
2020-11-27 01:37:34,700 [pool-741-thread-1] INFO  server.RaftServerConfigKeys (ConfUtils.java:logGet(44)) - raft.server.sleep.deviation.threshold = 300 (default)
2020-11-27 01:37:34,700 [pool-741-thread-1] INFO  server.RaftServerConfigKeys (ConfUtils.java:logGet(44)) - raft.server.log.appender.install.snapshot.enabled = false (custom)
2020-11-27 01:37:34,700 [pool-741-thread-1] INFO  impl.RaftServerImpl (ServerState.java:<init>(104)) - 5b456079-358f-469d-9a4b-1e41f0af00c2@group-00FCDB166A45: ConfigurationManager, init=-1: [5b456079-358f-469d-9a4b-1e41f0af00c2|rpc:172.17.0.2:39765], old=null, confs=<EMPTY_MAP>
2020-11-27 01:37:34,701 [pool-741-thread-1] INFO  server.RaftServerConfigKeys (ConfUtils.java:logGet(44)) - raft.server.storage.dir = [/github/workspace/mnt/ozone/hadoop-ozone/integration-test/target/test-dir/MiniOzoneClusterImpl-7befb19c-4ec9-4b73-94e9-5feb4aa859dd/datanode-6/data/ratis] (custom)
2020-11-27 01:37:34,701 [pool-741-thread-1] INFO  server.RaftServerConfigKeys (ConfUtils.java:logGet(44)) - raft.server.log.corruption.policy = EXCEPTION (default)
2020-11-27 01:37:34,701 [pool-741-thread-1] INFO  storage.RaftStorageDirectory (RaftStorageDirectory.java:analyzeStorage(261)) - The storage directory /github/workspace/mnt/ozone/hadoop-ozone/integration-test/target/test-dir/MiniOzoneClusterImpl-7befb19c-4ec9-4b73-94e9-5feb4aa859dd/datanode-6/data/ratis/ca55c6d7-b416-4613-abcf-00fcdb166a45 does not exist. Creating ...
2020-11-27 01:37:34,702 [pool-741-thread-1] INFO  storage.RaftStorageDirectory (RaftStorageDirectory.java:tryLock(343)) - Lock on /github/workspace/mnt/ozone/hadoop-ozone/integration-test/target/test-dir/MiniOzoneClusterImpl-7befb19c-4ec9-4b73-94e9-5feb4aa859dd/datanode-6/data/ratis/ca55c6d7-b416-4613-abcf-00fcdb166a45/in_use.lock acquired by nodename 18347@3bf31645156d
2020-11-27 01:37:34,703 [pool-741-thread-1] INFO  storage.RaftStorage (RaftStorage.java:format(85)) - Storage directory /github/workspace/mnt/ozone/hadoop-ozone/integration-test/target/test-dir/MiniOzoneClusterImpl-7befb19c-4ec9-4b73-94e9-5feb4aa859dd/datanode-6/data/ratis/ca55c6d7-b416-4613-abcf-00fcdb166a45 has been successfully formatted.
2020-11-27 01:37:34,705 [pool-741-thread-1] INFO  ratis.ContainerStateMachine (ContainerStateMachine.java:loadSnapshot(225)) - group-00FCDB166A45: The snapshot info is null. Setting the last applied indexto:(t:0, i:~)
2020-11-27 01:37:34,705 [pool-741-thread-1] INFO  server.RaftServerConfigKeys (ConfUtils.java:logGet(44)) - raft.server.notification.no-leader.timeout = 300000ms (custom)
2020-11-27 01:37:34,705 [pool-741-thread-1] INFO  server.RaftServerConfigKeys (ConfUtils.java:logGet(44)) - raft.server.log.use.memory = false (default)
2020-11-27 01:37:34,705 [pool-741-thread-1] INFO  server.RaftServerConfigKeys (ConfUtils.java:logGet(44)) - raft.server.log.purge.gap = 1000000 (custom)
2020-11-27 01:37:34,705 [pool-741-thread-1] INFO  metrics.RatisMetrics (RatisMetrics.java:lambda$create$0(36)) - Creating Metrics Registry : ratis.log_worker.5b456079-358f-469d-9a4b-1e41f0af00c2@group-00FCDB166A45
2020-11-27 01:37:34,706 [EventQueue-PipelineReportForPipelineReportHandler] INFO  pipeline.PipelineStateManager (PipelineStateManager.java:openPipeline(132)) - Pipeline Pipeline[ Id: ca55c6d7-b416-4613-abcf-00fcdb166a45, Nodes: 5b456079-358f-469d-9a4b-1e41f0af00c2{ip: 172.17.0.2, host: 3bf31645156d, networkLocation: /default-rack, certSerialId: null}, Type:RATIS, Factor:ONE, State:ALLOCATED, leaderId:5b456079-358f-469d-9a4b-1e41f0af00c2, CreationTimestamp2020-11-27T01:37:31.698Z] moved to OPEN state
2020-11-27 01:37:34,706 [EventQueue-OpenPipelineForHealthyPipelineSafeModeRule] INFO  safemode.SCMSafeModeManager (HealthyPipelineSafeModeRule.java:process(128)) - SCM in safe mode. Healthy pipelines reported count is 0, required healthy pipeline reported count is 1
2020-11-27 01:37:34,706 [EventQueue-PipelineReportForOneReplicaPipelineSafeModeRule] INFO  safemode.SCMSafeModeManager (SCMSafeModeManager.java:validateSafeModeExitRules(214)) - AtleastOneDatanodeReportedRule rule is successfully validated
2020-11-27 01:37:34,707 [pool-741-thread-1] INFO  server.RaftServerConfigKeys (ConfUtils.java:logGet(44)) - raft.server.log.appender.buffer.byte-limit = 33554432 (custom)
2020-11-27 01:37:34,707 [pool-741-thread-1] INFO  server.RaftServerConfigKeys (ConfUtils.java:logGet(44)) - raft.server.log.segment.size.max = 1048576 (custom)
2020-11-27 01:37:34,707 [pool-741-thread-1] INFO  server.RaftServerConfigKeys (ConfUtils.java:logGet(44)) - raft.server.log.segment.cache.num.max = 2 (custom)
2020-11-27 01:37:34,708 [pool-741-thread-1] INFO  segmented.SegmentedRaftLogWorker (SegmentedRaftLogWorker.java:<init>(180)) - new 5b456079-358f-469d-9a4b-1e41f0af00c2@group-00FCDB166A45-SegmentedRaftLogWorker for RaftStorage:Storage Directory /github/workspace/mnt/ozone/hadoop-ozone/integration-test/target/test-dir/MiniOzoneClusterImpl-7befb19c-4ec9-4b73-94e9-5feb4aa859dd/datanode-6/data/ratis/ca55c6d7-b416-4613-abcf-00fcdb166a45
2020-11-27 01:37:34,708 [pool-741-thread-1] INFO  server.RaftServerConfigKeys (ConfUtils.java:logGet(44)) - raft.server.log.queue.byte-limit = 2147483647 (custom)
2020-11-27 01:37:34,708 [pool-741-thread-1] INFO  server.RaftServerConfigKeys (ConfUtils.java:logGet(44)) - raft.server.log.queue.element-limit = 1024 (custom)
2020-11-27 01:37:34,708 [pool-741-thread-1] INFO  server.RaftServerConfigKeys (ConfUtils.java:logGet(44)) - raft.server.log.segment.size.max = 1048576 (custom)
2020-11-27 01:37:34,708 [pool-741-thread-1] INFO  server.RaftServerConfigKeys (ConfUtils.java:logGet(44)) - raft.server.log.preallocated.size = 16384 (custom)
2020-11-27 01:37:34,708 [pool-741-thread-1] INFO  server.RaftServerConfigKeys (ConfUtils.java:logGet(44)) - raft.server.log.write.buffer.size = 1048576 (custom)
2020-11-27 01:37:34,708 [pool-741-thread-1] INFO  server.RaftServerConfigKeys (ConfUtils.java:logGet(44)) - raft.server.log.force.sync.num = 128 (default)
2020-11-27 01:37:34,708 [pool-741-thread-1] INFO  server.RaftServerConfigKeys (ConfUtils.java:logGet(44)) - raft.server.log.statemachine.data.sync = true (default)
2020-11-27 01:37:34,708 [pool-741-thread-1] INFO  server.RaftServerConfigKeys (ConfUtils.java:logGet(44)) - raft.server.log.statemachine.data.sync.timeout = 10s (default)
2020-11-27 01:37:34,708 [pool-741-thread-1] INFO  server.RaftServerConfigKeys (ConfUtils.java:logGet(44)) - raft.server.log.statemachine.data.sync.timeout.retry = -1 (default)
2020-11-27 01:37:34,711 [pool-741-thread-1] INFO  server.RaftServerConfigKeys (ConfUtils.java:logGet(44)) - raft.server.log.statemachine.data.caching.enabled = true (custom)
2020-11-27 01:37:34,711 [pool-741-thread-1] INFO  segmented.SegmentedRaftLogWorker (SegmentedRaftLogWorker.java:lambda$new$0(129)) - 5b456079-358f-469d-9a4b-1e41f0af00c2@group-00FCDB166A45-SegmentedRaftLogWorker: flushIndex: setUnconditionally 0 -> -1
2020-11-27 01:37:34,711 [pool-741-thread-1] INFO  segmented.SegmentedRaftLogWorker (SegmentedRaftLogWorker.java:lambda$new$0(129)) - 5b456079-358f-469d-9a4b-1e41f0af00c2@group-00FCDB166A45-SegmentedRaftLogWorker: safeCacheEvictIndex: setUnconditionally 0 -> -1
2020-11-27 01:37:34,711 [pool-741-thread-1] INFO  server.RaftServerConfigKeys (ConfUtils.java:logGet(44)) - raft.server.snapshot.auto.trigger.enabled = true (custom)
2020-11-27 01:37:34,711 [pool-741-thread-1] INFO  server.RaftServerConfigKeys (ConfUtils.java:logGet(44)) - raft.server.snapshot.auto.trigger.threshold = 10000 (custom)
2020-11-27 01:37:34,711 [pool-741-thread-1] INFO  server.RaftServerConfigKeys (ConfUtils.java:logGet(44)) - raft.server.snapshot.retention.file.num = 5 (custom)
2020-11-27 01:37:34,711 [pool-741-thread-1] INFO  server.RaftServerConfigKeys (ConfUtils.java:logGet(44)) - raft.server.log.purge.upto.snapshot.index = false (default)
2020-11-27 01:37:34,711 [pool-741-thread-1] INFO  server.RaftServerConfigKeys (ConfUtils.java:logGet(44)) - raft.server.retrycache.expirytime = 600000ms (custom)
2020-11-27 01:37:34,712 [pool-741-thread-1] INFO  metrics.RatisMetrics (RatisMetrics.java:lambda$create$0(36)) - Creating Metrics Registry : ratis.leader_election.5b456079-358f-469d-9a4b-1e41f0af00c2@group-00FCDB166A45
2020-11-27 01:37:34,712 [pool-741-thread-1] INFO  metrics.RatisMetrics (RatisMetrics.java:lambda$create$0(36)) - Creating Metrics Registry : ratis.server.5b456079-358f-469d-9a4b-1e41f0af00c2@group-00FCDB166A45
2020-11-27 01:37:34,714 [pool-741-thread-1] INFO  impl.RaftServerImpl (RaftServerImpl.java:start(215)) - 5b456079-358f-469d-9a4b-1e41f0af00c2@group-00FCDB166A45: start as a follower, conf=-1: [5b456079-358f-469d-9a4b-1e41f0af00c2|rpc:172.17.0.2:39765], old=null
2020-11-27 01:37:34,714 [pool-741-thread-1] INFO  impl.RaftServerImpl (RaftServerImpl.java:setRole(204)) - 5b456079-358f-469d-9a4b-1e41f0af00c2@group-00FCDB166A45: changes role from      null to FOLLOWER at term 0 for startAsFollower
2020-11-27 01:37:34,714 [pool-741-thread-1] INFO  impl.RoleInfo (RoleInfo.java:updateAndGet(143)) - 5b456079-358f-469d-9a4b-1e41f0af00c2: start 5b456079-358f-469d-9a4b-1e41f0af00c2@group-00FCDB166A45-FollowerState
2020-11-27 01:37:34,714 [pool-741-thread-1] INFO  util.JmxRegister (JmxRegister.java:tryRegister(44)) - Successfully registered JMX Bean with object name Ratis:service=RaftServer,group=group-00FCDB166A45,id=5b456079-358f-469d-9a4b-1e41f0af00c2
2020-11-27 01:37:34,715 [pool-741-thread-1] INFO  metrics.RatisMetrics (RatisMetrics.java:lambda$create$0(36)) - Creating Metrics Registry : ratis.state_machine.5b456079-358f-469d-9a4b-1e41f0af00c2@group-00FCDB166A45
2020-11-27 01:37:34,717 [Command processor thread] INFO  commandhandler.CreatePipelineCommandHandler (CreatePipelineCommandHandler.java:handle(106)) - Created Pipeline RATIS ONE PipelineID=ca55c6d7-b416-4613-abcf-00fcdb166a45.
2020-11-27 01:37:35,689 [Listener at 127.0.0.1/40963] INFO  ozone.MiniOzoneClusterImpl (MiniOzoneClusterImpl.java:lambda$waitForClusterToBeReady$0(178)) - Nodes are ready. Got 7 of 7 DN Heartbeats.
2020-11-27 01:37:35,690 [Listener at 127.0.0.1/40963] INFO  ozone.MiniOzoneClusterImpl (MiniOzoneClusterImpl.java:lambda$waitForClusterToBeReady$0(181)) - Waiting for cluster to exit safe mode
2020-11-27 01:37:36,690 [Listener at 127.0.0.1/40963] INFO  ozone.MiniOzoneClusterImpl (MiniOzoneClusterImpl.java:lambda$waitForClusterToBeReady$0(178)) - Nodes are ready. Got 7 of 7 DN Heartbeats.
2020-11-27 01:37:36,690 [Listener at 127.0.0.1/40963] INFO  ozone.MiniOzoneClusterImpl (MiniOzoneClusterImpl.java:lambda$waitForClusterToBeReady$0(181)) - Waiting for cluster to exit safe mode
2020-11-27 01:37:37,690 [Listener at 127.0.0.1/40963] INFO  ozone.MiniOzoneClusterImpl (MiniOzoneClusterImpl.java:lambda$waitForClusterToBeReady$0(178)) - Nodes are ready. Got 7 of 7 DN Heartbeats.
2020-11-27 01:37:37,690 [Listener at 127.0.0.1/40963] INFO  ozone.MiniOzoneClusterImpl (MiniOzoneClusterImpl.java:lambda$waitForClusterToBeReady$0(181)) - Waiting for cluster to exit safe mode
2020-11-27 01:37:38,619 [Thread-2574] INFO  impl.FollowerState (FollowerState.java:run(128)) - 03f5e28f-1ccf-47de-881e-8ae7723c653b@group-560F50B45583-FollowerState: change to CANDIDATE, lastRpcTime:5065ms, electionTimeout:5065ms
2020-11-27 01:37:38,619 [Thread-2574] INFO  impl.RoleInfo (RoleInfo.java:shutdownFollowerState(121)) - 03f5e28f-1ccf-47de-881e-8ae7723c653b: shutdown 03f5e28f-1ccf-47de-881e-8ae7723c653b@group-560F50B45583-FollowerState
2020-11-27 01:37:38,619 [Thread-2574] INFO  impl.RaftServerImpl (RaftServerImpl.java:setRole(204)) - 03f5e28f-1ccf-47de-881e-8ae7723c653b@group-560F50B45583: changes role from  FOLLOWER to CANDIDATE at term 0 for changeToCandidate
2020-11-27 01:37:38,619 [Thread-2574] INFO  impl.RoleInfo (RoleInfo.java:updateAndGet(143)) - 03f5e28f-1ccf-47de-881e-8ae7723c653b: start 03f5e28f-1ccf-47de-881e-8ae7723c653b@group-560F50B45583-LeaderElection65
2020-11-27 01:37:38,625 [03f5e28f-1ccf-47de-881e-8ae7723c653b@group-560F50B45583-LeaderElection65] INFO  impl.LeaderElection (LeaderElection.java:askForVotes(215)) - 03f5e28f-1ccf-47de-881e-8ae7723c653b@group-560F50B45583-LeaderElection65: begin an election at term 1 for -1: [fadf6fe5-11c1-4da6-9372-0a456385f570|rpc:172.17.0.2:44925, 03f5e28f-1ccf-47de-881e-8ae7723c653b|rpc:172.17.0.2:40701, 24a428e6-ab73-4f5b-a870-5f8cec721e35|rpc:172.17.0.2:43409], old=null
2020-11-27 01:37:38,631 [grpc-default-executor-1] INFO  impl.RaftServerImpl (RaftServerImpl.java:setRole(204)) - fadf6fe5-11c1-4da6-9372-0a456385f570@group-560F50B45583: changes role from  FOLLOWER to FOLLOWER at term 1 for recognizeCandidate:03f5e28f-1ccf-47de-881e-8ae7723c653b
2020-11-27 01:37:38,631 [grpc-default-executor-1] INFO  impl.RoleInfo (RoleInfo.java:shutdownFollowerState(121)) - fadf6fe5-11c1-4da6-9372-0a456385f570: shutdown fadf6fe5-11c1-4da6-9372-0a456385f570@group-560F50B45583-FollowerState
2020-11-27 01:37:38,631 [grpc-default-executor-1] INFO  impl.RoleInfo (RoleInfo.java:updateAndGet(143)) - fadf6fe5-11c1-4da6-9372-0a456385f570: start fadf6fe5-11c1-4da6-9372-0a456385f570@group-560F50B45583-FollowerState
2020-11-27 01:37:38,631 [Thread-2579] INFO  impl.FollowerState (FollowerState.java:run(137)) - fadf6fe5-11c1-4da6-9372-0a456385f570@group-560F50B45583-FollowerState was interrupted: {}
java.lang.InterruptedException: sleep interrupted
	at java.lang.Thread.sleep(Native Method)
	at org.apache.ratis.util.JavaUtils.sleep(JavaUtils.java:250)
	at org.apache.ratis.server.impl.FollowerState.run(FollowerState.java:116)
2020-11-27 01:37:38,632 [grpc-default-executor-1] INFO  impl.RaftServerImpl (RaftServerImpl.java:requestVote(963)) -  FOLLOWER fadf6fe5-11c1-4da6-9372-0a456385f570@group-560F50B45583:t1, leader=null, voted=null, raftlog=fadf6fe5-11c1-4da6-9372-0a456385f570@group-560F50B45583-SegmentedRaftLog:OPENED:c-1,f-1,i0, conf=-1: [fadf6fe5-11c1-4da6-9372-0a456385f570|rpc:172.17.0.2:44925|dataStream:, 03f5e28f-1ccf-47de-881e-8ae7723c653b|rpc:172.17.0.2:40701|dataStream:, 24a428e6-ab73-4f5b-a870-5f8cec721e35|rpc:172.17.0.2:43409|dataStream:], old=null RUNNING priority:0 candidate:03f5e28f-1ccf-47de-881e-8ae7723c653b|rpc:172.17.0.2:40701|dataStream: candidatePriority:0 compare:0
2020-11-27 01:37:38,637 [grpc-default-executor-1] INFO  impl.RaftServerImpl (RaftServerImpl.java:setRole(204)) - 24a428e6-ab73-4f5b-a870-5f8cec721e35@group-560F50B45583: changes role from  FOLLOWER to FOLLOWER at term 1 for recognizeCandidate:03f5e28f-1ccf-47de-881e-8ae7723c653b
2020-11-27 01:37:38,637 [grpc-default-executor-1] INFO  impl.RoleInfo (RoleInfo.java:shutdownFollowerState(121)) - 24a428e6-ab73-4f5b-a870-5f8cec721e35: shutdown 24a428e6-ab73-4f5b-a870-5f8cec721e35@group-560F50B45583-FollowerState
2020-11-27 01:37:38,637 [grpc-default-executor-1] INFO  impl.RoleInfo (RoleInfo.java:updateAndGet(143)) - 24a428e6-ab73-4f5b-a870-5f8cec721e35: start 24a428e6-ab73-4f5b-a870-5f8cec721e35@group-560F50B45583-FollowerState
2020-11-27 01:37:38,637 [Thread-2576] INFO  impl.FollowerState (FollowerState.java:run(137)) - 24a428e6-ab73-4f5b-a870-5f8cec721e35@group-560F50B45583-FollowerState was interrupted: {}
java.lang.InterruptedException: sleep interrupted
	at java.lang.Thread.sleep(Native Method)
	at org.apache.ratis.util.JavaUtils.sleep(JavaUtils.java:250)
	at org.apache.ratis.server.impl.FollowerState.run(FollowerState.java:116)
2020-11-27 01:37:38,637 [grpc-default-executor-1] INFO  impl.RaftServerImpl (RaftServerImpl.java:requestVote(963)) -  FOLLOWER 24a428e6-ab73-4f5b-a870-5f8cec721e35@group-560F50B45583:t1, leader=null, voted=null, raftlog=24a428e6-ab73-4f5b-a870-5f8cec721e35@group-560F50B45583-SegmentedRaftLog:OPENED:c-1,f-1,i0, conf=-1: [fadf6fe5-11c1-4da6-9372-0a456385f570|rpc:172.17.0.2:44925|dataStream:, 03f5e28f-1ccf-47de-881e-8ae7723c653b|rpc:172.17.0.2:40701|dataStream:, 24a428e6-ab73-4f5b-a870-5f8cec721e35|rpc:172.17.0.2:43409|dataStream:], old=null RUNNING priority:0 candidate:03f5e28f-1ccf-47de-881e-8ae7723c653b|rpc:172.17.0.2:40701|dataStream: candidatePriority:0 compare:0
2020-11-27 01:37:38,639 [03f5e28f-1ccf-47de-881e-8ae7723c653b@group-560F50B45583-LeaderElection65] INFO  impl.LeaderElection (LeaderElection.java:logAndReturn(65)) - 03f5e28f-1ccf-47de-881e-8ae7723c653b@group-560F50B45583-LeaderElection65: Election PASSED; received 1 response(s) [03f5e28f-1ccf-47de-881e-8ae7723c653b<-fadf6fe5-11c1-4da6-9372-0a456385f570#0:OK-t1] and 0 exception(s); 03f5e28f-1ccf-47de-881e-8ae7723c653b@group-560F50B45583:t1, leader=null, voted=03f5e28f-1ccf-47de-881e-8ae7723c653b, raftlog=03f5e28f-1ccf-47de-881e-8ae7723c653b@group-560F50B45583-SegmentedRaftLog:OPENED:c-1,f-1,i0, conf=-1: [fadf6fe5-11c1-4da6-9372-0a456385f570|rpc:172.17.0.2:44925, 03f5e28f-1ccf-47de-881e-8ae7723c653b|rpc:172.17.0.2:40701, 24a428e6-ab73-4f5b-a870-5f8cec721e35|rpc:172.17.0.2:43409], old=null
2020-11-27 01:37:38,639 [03f5e28f-1ccf-47de-881e-8ae7723c653b@group-560F50B45583-LeaderElection65] INFO  impl.RoleInfo (RoleInfo.java:shutdownLeaderElection(134)) - 03f5e28f-1ccf-47de-881e-8ae7723c653b: shutdown 03f5e28f-1ccf-47de-881e-8ae7723c653b@group-560F50B45583-LeaderElection65
2020-11-27 01:37:38,639 [03f5e28f-1ccf-47de-881e-8ae7723c653b@group-560F50B45583-LeaderElection65] INFO  impl.RaftServerImpl (RaftServerImpl.java:setRole(204)) - 03f5e28f-1ccf-47de-881e-8ae7723c653b@group-560F50B45583: changes role from CANDIDATE to LEADER at term 1 for changeToLeader
2020-11-27 01:37:38,639 [03f5e28f-1ccf-47de-881e-8ae7723c653b@group-560F50B45583-LeaderElection65] INFO  ratis.XceiverServerRatis (XceiverServerRatis.java:handleLeaderChangedNotification(854)) - Leader change notification received for group: group-560F50B45583 with new leaderId: 03f5e28f-1ccf-47de-881e-8ae7723c653b
2020-11-27 01:37:38,639 [03f5e28f-1ccf-47de-881e-8ae7723c653b@group-560F50B45583-LeaderElection65] INFO  impl.RaftServerImpl (ServerState.java:setLeader(256)) - 03f5e28f-1ccf-47de-881e-8ae7723c653b@group-560F50B45583: change Leader from null to 03f5e28f-1ccf-47de-881e-8ae7723c653b at term 1 for becomeLeader, leader elected after 5093ms
2020-11-27 01:37:38,639 [03f5e28f-1ccf-47de-881e-8ae7723c653b@group-560F50B45583-LeaderElection65] INFO  server.RaftServerConfigKeys (ConfUtils.java:logGet(44)) - raft.server.staging.catchup.gap = 1000 (default)
2020-11-27 01:37:38,639 [03f5e28f-1ccf-47de-881e-8ae7723c653b@group-560F50B45583-LeaderElection65] INFO  server.RaftServerConfigKeys (ConfUtils.java:logGet(44)) - raft.server.rpc.sleep.time = 25ms (default)
2020-11-27 01:37:38,639 [03f5e28f-1ccf-47de-881e-8ae7723c653b@group-560F50B45583-LeaderElection65] INFO  metrics.RatisMetrics (RatisMetrics.java:lambda$create$0(36)) - Creating Metrics Registry : ratis.log_appender.03f5e28f-1ccf-47de-881e-8ae7723c653b@group-560F50B45583
2020-11-27 01:37:38,639 [03f5e28f-1ccf-47de-881e-8ae7723c653b@group-560F50B45583-LeaderElection65] INFO  server.RaftServerConfigKeys (ConfUtils.java:logGet(44)) - raft.server.write.element-limit = 1024 (custom)
2020-11-27 01:37:38,639 [03f5e28f-1ccf-47de-881e-8ae7723c653b@group-560F50B45583-LeaderElection65] INFO  server.RaftServerConfigKeys (ConfUtils.java:logGet(44)) - raft.server.write.byte-limit = 1073741824 (custom)
2020-11-27 01:37:38,642 [EventQueue-PipelineReportForPipelineReportHandler] INFO  pipeline.PipelineStateManager (PipelineStateManager.java:openPipeline(132)) - Pipeline Pipeline[ Id: f811b82f-7be0-4efd-be02-560f50b45583, Nodes: 24a428e6-ab73-4f5b-a870-5f8cec721e35{ip: 172.17.0.2, host: 3bf31645156d, networkLocation: /default-rack, certSerialId: null}03f5e28f-1ccf-47de-881e-8ae7723c653b{ip: 172.17.0.2, host: 3bf31645156d, networkLocation: /default-rack, certSerialId: null}fadf6fe5-11c1-4da6-9372-0a456385f570{ip: 172.17.0.2, host: 3bf31645156d, networkLocation: /default-rack, certSerialId: null}, Type:RATIS, Factor:THREE, State:ALLOCATED, leaderId:03f5e28f-1ccf-47de-881e-8ae7723c653b, CreationTimestamp2020-11-27T01:37:30.907Z] moved to OPEN state
2020-11-27 01:37:38,643 [EventQueue-PipelineReportForOneReplicaPipelineSafeModeRule] INFO  safemode.SCMSafeModeManager (SCMSafeModeManager.java:validateSafeModeExitRules(214)) - AtleastOneDatanodeReportedRule rule is successfully validated
2020-11-27 01:37:38,643 [EventQueue-OpenPipelineForHealthyPipelineSafeModeRule] INFO  safemode.SCMSafeModeManager (HealthyPipelineSafeModeRule.java:process(128)) - SCM in safe mode. Healthy pipelines reported count is 1, required healthy pipeline reported count is 1
2020-11-27 01:37:38,643 [EventQueue-OpenPipelineForHealthyPipelineSafeModeRule] INFO  safemode.SCMSafeModeManager (SCMSafeModeManager.java:validateSafeModeExitRules(214)) - HealthyPipelineSafeModeRule rule is successfully validated
2020-11-27 01:37:38,643 [EventQueue-OpenPipelineForHealthyPipelineSafeModeRule] INFO  safemode.SCMSafeModeManager (SCMSafeModeManager.java:validateSafeModeExitRules(228)) - ScmSafeModeManager, all rules are successfully validated
2020-11-27 01:37:38,643 [EventQueue-OpenPipelineForHealthyPipelineSafeModeRule] INFO  safemode.SCMSafeModeManager (SCMSafeModeManager.java:exitSafeMode(257)) - SCM exiting safe mode.
2020-11-27 01:37:38,647 [03f5e28f-1ccf-47de-881e-8ae7723c653b@group-560F50B45583-LeaderElection65] INFO  server.RaftServerConfigKeys (ConfUtils.java:logGet(44)) - raft.server.watch.timeout = 3000ms (custom)
2020-11-27 01:37:38,647 [03f5e28f-1ccf-47de-881e-8ae7723c653b@group-560F50B45583-LeaderElection65] INFO  server.RaftServerConfigKeys (ConfUtils.java:logGet(44)) - raft.server.watch.timeout.denomination = 1s (default)
2020-11-27 01:37:38,647 [03f5e28f-1ccf-47de-881e-8ae7723c653b@group-560F50B45583-LeaderElection65] INFO  server.RaftServerConfigKeys (ConfUtils.java:logGet(44)) - raft.server.watch.element-limit = 65536 (default)
2020-11-27 01:37:38,647 [03f5e28f-1ccf-47de-881e-8ae7723c653b@group-560F50B45583-LeaderElection65] INFO  server.RaftServerConfigKeys (ConfUtils.java:logGet(44)) - raft.server.log.appender.snapshot.chunk.size.max = 16MB (=16777216) (default)
2020-11-27 01:37:38,647 [03f5e28f-1ccf-47de-881e-8ae7723c653b@group-560F50B45583-LeaderElection65] INFO  server.RaftServerConfigKeys (ConfUtils.java:logGet(44)) - raft.server.log.appender.buffer.byte-limit = 33554432 (custom)
2020-11-27 01:37:38,647 [03f5e28f-1ccf-47de-881e-8ae7723c653b@group-560F50B45583-LeaderElection65] INFO  server.RaftServerConfigKeys (ConfUtils.java:logGet(44)) - raft.server.log.appender.buffer.element-limit = 1 (custom)
2020-11-27 01:37:38,647 [03f5e28f-1ccf-47de-881e-8ae7723c653b@group-560F50B45583-LeaderElection65] INFO  grpc.GrpcConfigKeys (ConfUtils.java:logGet(44)) - raft.grpc.server.leader.outstanding.appends.max = 128 (default)
2020-11-27 01:37:38,647 [03f5e28f-1ccf-47de-881e-8ae7723c653b@group-560F50B45583-LeaderElection65] INFO  server.RaftServerConfigKeys (ConfUtils.java:logGet(44)) - raft.server.rpc.request.timeout = 3000ms (default)
2020-11-27 01:37:38,648 [03f5e28f-1ccf-47de-881e-8ae7723c653b@group-560F50B45583-LeaderElection65] INFO  server.RaftServerConfigKeys (ConfUtils.java:logGet(44)) - raft.server.log.appender.install.snapshot.enabled = false (custom)
2020-11-27 01:37:38,648 [03f5e28f-1ccf-47de-881e-8ae7723c653b@group-560F50B45583-LeaderElection65] INFO  metrics.RatisMetrics (RatisMetrics.java:lambda$create$0(36)) - Creating Metrics Registry : ratis_grpc.log_appender.03f5e28f-1ccf-47de-881e-8ae7723c653b@group-560F50B45583
2020-11-27 01:37:38,650 [03f5e28f-1ccf-47de-881e-8ae7723c653b@group-560F50B45583-LeaderElection65] INFO  server.RaftServerConfigKeys (ConfUtils.java:logGet(44)) - raft.server.log.appender.snapshot.chunk.size.max = 16MB (=16777216) (default)
2020-11-27 01:37:38,650 [03f5e28f-1ccf-47de-881e-8ae7723c653b@group-560F50B45583-LeaderElection65] INFO  server.RaftServerConfigKeys (ConfUtils.java:logGet(44)) - raft.server.log.appender.buffer.byte-limit = 33554432 (custom)
2020-11-27 01:37:38,650 [03f5e28f-1ccf-47de-881e-8ae7723c653b@group-560F50B45583-LeaderElection65] INFO  server.RaftServerConfigKeys (ConfUtils.java:logGet(44)) - raft.server.log.appender.buffer.element-limit = 1 (custom)
2020-11-27 01:37:38,650 [03f5e28f-1ccf-47de-881e-8ae7723c653b@group-560F50B45583-LeaderElection65] INFO  grpc.GrpcConfigKeys (ConfUtils.java:logGet(44)) - raft.grpc.server.leader.outstanding.appends.max = 128 (default)
2020-11-27 01:37:38,650 [03f5e28f-1ccf-47de-881e-8ae7723c653b@group-560F50B45583-LeaderElection65] INFO  server.RaftServerConfigKeys (ConfUtils.java:logGet(44)) - raft.server.rpc.request.timeout = 3000ms (default)
2020-11-27 01:37:38,650 [03f5e28f-1ccf-47de-881e-8ae7723c653b@group-560F50B45583-LeaderElection65] INFO  server.RaftServerConfigKeys (ConfUtils.java:logGet(44)) - raft.server.log.appender.install.snapshot.enabled = false (custom)
2020-11-27 01:37:38,652 [03f5e28f-1ccf-47de-881e-8ae7723c653b@group-560F50B45583-LeaderElection65] INFO  impl.RoleInfo (RoleInfo.java:updateAndGet(143)) - 03f5e28f-1ccf-47de-881e-8ae7723c653b: start 03f5e28f-1ccf-47de-881e-8ae7723c653b@group-560F50B45583-LeaderState
2020-11-27 01:37:38,652 [03f5e28f-1ccf-47de-881e-8ae7723c653b@group-560F50B45583-LeaderElection65] INFO  segmented.SegmentedRaftLogWorker (SegmentedRaftLogWorker.java:startLogSegment(398)) - 03f5e28f-1ccf-47de-881e-8ae7723c653b@group-560F50B45583-SegmentedRaftLogWorker: Starting segment from index:0
2020-11-27 01:37:38,658 [03f5e28f-1ccf-47de-881e-8ae7723c653b@group-560F50B45583-LeaderElection65] INFO  impl.RaftServerImpl (ServerState.java:setRaftConf(374)) - 03f5e28f-1ccf-47de-881e-8ae7723c653b@group-560F50B45583: set configuration 0: [fadf6fe5-11c1-4da6-9372-0a456385f570|rpc:172.17.0.2:44925|dataStream:, 03f5e28f-1ccf-47de-881e-8ae7723c653b|rpc:172.17.0.2:40701|dataStream:, 24a428e6-ab73-4f5b-a870-5f8cec721e35|rpc:172.17.0.2:43409|dataStream:], old=null at 0
2020-11-27 01:37:38,658 [03f5e28f-1ccf-47de-881e-8ae7723c653b@group-560F50B45583-SegmentedRaftLogWorker] INFO  segmented.SegmentedRaftLogWorker (SegmentedRaftLogWorker.java:execute(597)) - 03f5e28f-1ccf-47de-881e-8ae7723c653b@group-560F50B45583-SegmentedRaftLogWorker: created new log segment /github/workspace/mnt/ozone/hadoop-ozone/integration-test/target/test-dir/MiniOzoneClusterImpl-7befb19c-4ec9-4b73-94e9-5feb4aa859dd/datanode-0/data/ratis/f811b82f-7be0-4efd-be02-560f50b45583/current/log_inprogress_0
2020-11-27 01:37:38,662 [Thread-2572] INFO  impl.FollowerState (FollowerState.java:run(128)) - 03f5e28f-1ccf-47de-881e-8ae7723c653b@group-0CBE121E3DF4-FollowerState: change to CANDIDATE, lastRpcTime:5122ms, electionTimeout:5122ms
2020-11-27 01:37:38,665 [Thread-2572] INFO  impl.RoleInfo (RoleInfo.java:shutdownFollowerState(121)) - 03f5e28f-1ccf-47de-881e-8ae7723c653b: shutdown 03f5e28f-1ccf-47de-881e-8ae7723c653b@group-0CBE121E3DF4-FollowerState
2020-11-27 01:37:38,665 [Thread-2572] INFO  impl.RaftServerImpl (RaftServerImpl.java:setRole(204)) - 03f5e28f-1ccf-47de-881e-8ae7723c653b@group-0CBE121E3DF4: changes role from  FOLLOWER to CANDIDATE at term 0 for changeToCandidate
2020-11-27 01:37:38,665 [Thread-2572] INFO  impl.RoleInfo (RoleInfo.java:updateAndGet(143)) - 03f5e28f-1ccf-47de-881e-8ae7723c653b: start 03f5e28f-1ccf-47de-881e-8ae7723c653b@group-0CBE121E3DF4-LeaderElection66
2020-11-27 01:37:38,666 [grpc-default-executor-1] INFO  ratis.XceiverServerRatis (XceiverServerRatis.java:handleLeaderChangedNotification(854)) - Leader change notification received for group: group-560F50B45583 with new leaderId: 03f5e28f-1ccf-47de-881e-8ae7723c653b
2020-11-27 01:37:38,667 [grpc-default-executor-1] INFO  impl.RaftServerImpl (ServerState.java:setLeader(256)) - fadf6fe5-11c1-4da6-9372-0a456385f570@group-560F50B45583: change Leader from null to 03f5e28f-1ccf-47de-881e-8ae7723c653b at term 1 for appendEntries, leader elected after 5061ms
2020-11-27 01:37:38,675 [03f5e28f-1ccf-47de-881e-8ae7723c653b@group-0CBE121E3DF4-LeaderElection66] INFO  impl.LeaderElection (LeaderElection.java:askForVotes(215)) - 03f5e28f-1ccf-47de-881e-8ae7723c653b@group-0CBE121E3DF4-LeaderElection66: begin an election at term 1 for -1: [03f5e28f-1ccf-47de-881e-8ae7723c653b|rpc:172.17.0.2:40701], old=null
2020-11-27 01:37:38,675 [03f5e28f-1ccf-47de-881e-8ae7723c653b@group-0CBE121E3DF4-LeaderElection66] INFO  impl.RoleInfo (RoleInfo.java:shutdownLeaderElection(134)) - 03f5e28f-1ccf-47de-881e-8ae7723c653b: shutdown 03f5e28f-1ccf-47de-881e-8ae7723c653b@group-0CBE121E3DF4-LeaderElection66
2020-11-27 01:37:38,675 [03f5e28f-1ccf-47de-881e-8ae7723c653b@group-0CBE121E3DF4-LeaderElection66] INFO  impl.RaftServerImpl (RaftServerImpl.java:setRole(204)) - 03f5e28f-1ccf-47de-881e-8ae7723c653b@group-0CBE121E3DF4: changes role from CANDIDATE to LEADER at term 1 for changeToLeader
2020-11-27 01:37:38,675 [03f5e28f-1ccf-47de-881e-8ae7723c653b@group-0CBE121E3DF4-LeaderElection66] INFO  ratis.XceiverServerRatis (XceiverServerRatis.java:handleLeaderChangedNotification(854)) - Leader change notification received for group: group-0CBE121E3DF4 with new leaderId: 03f5e28f-1ccf-47de-881e-8ae7723c653b
2020-11-27 01:37:38,676 [03f5e28f-1ccf-47de-881e-8ae7723c653b@group-0CBE121E3DF4-LeaderElection66] INFO  impl.RaftServerImpl (ServerState.java:setLeader(256)) - 03f5e28f-1ccf-47de-881e-8ae7723c653b@group-0CBE121E3DF4: change Leader from null to 03f5e28f-1ccf-47de-881e-8ae7723c653b at term 1 for becomeLeader, leader elected after 5149ms
2020-11-27 01:37:38,677 [03f5e28f-1ccf-47de-881e-8ae7723c653b@group-0CBE121E3DF4-LeaderElection66] INFO  server.RaftServerConfigKeys (ConfUtils.java:logGet(44)) - raft.server.staging.catchup.gap = 1000 (default)
2020-11-27 01:37:38,678 [grpc-default-executor-1] INFO  ratis.XceiverServerRatis (XceiverServerRatis.java:handleLeaderChangedNotification(854)) - Leader change notification received for group: group-560F50B45583 with new leaderId: 03f5e28f-1ccf-47de-881e-8ae7723c653b
2020-11-27 01:37:38,678 [grpc-default-executor-1] INFO  impl.RaftServerImpl (ServerState.java:setLeader(256)) - 24a428e6-ab73-4f5b-a870-5f8cec721e35@group-560F50B45583: change Leader from null to 03f5e28f-1ccf-47de-881e-8ae7723c653b at term 1 for appendEntries, leader elected after 5101ms
2020-11-27 01:37:38,678 [grpc-default-executor-8] INFO  impl.RaftServerImpl (ServerState.java:setRaftConf(374)) - fadf6fe5-11c1-4da6-9372-0a456385f570@group-560F50B45583: set configuration 0: [fadf6fe5-11c1-4da6-9372-0a456385f570|rpc:172.17.0.2:44925|dataStream:, 03f5e28f-1ccf-47de-881e-8ae7723c653b|rpc:172.17.0.2:40701|dataStream:, 24a428e6-ab73-4f5b-a870-5f8cec721e35|rpc:172.17.0.2:43409|dataStream:], old=null at 0
2020-11-27 01:37:38,679 [grpc-default-executor-8] INFO  segmented.SegmentedRaftLogWorker (SegmentedRaftLogWorker.java:startLogSegment(398)) - fadf6fe5-11c1-4da6-9372-0a456385f570@group-560F50B45583-SegmentedRaftLogWorker: Starting segment from index:0
2020-11-27 01:37:38,679 [03f5e28f-1ccf-47de-881e-8ae7723c653b@group-0CBE121E3DF4-LeaderElection66] INFO  server.RaftServerConfigKeys (ConfUtils.java:logGet(44)) - raft.server.rpc.sleep.time = 25ms (default)
2020-11-27 01:37:38,679 [grpc-default-executor-1] INFO  impl.RaftServerImpl (ServerState.java:setRaftConf(374)) - 24a428e6-ab73-4f5b-a870-5f8cec721e35@group-560F50B45583: set configuration 0: [fadf6fe5-11c1-4da6-9372-0a456385f570|rpc:172.17.0.2:44925|dataStream:, 03f5e28f-1ccf-47de-881e-8ae7723c653b|rpc:172.17.0.2:40701|dataStream:, 24a428e6-ab73-4f5b-a870-5f8cec721e35|rpc:172.17.0.2:43409|dataStream:], old=null at 0
2020-11-27 01:37:38,680 [grpc-default-executor-1] INFO  segmented.SegmentedRaftLogWorker (SegmentedRaftLogWorker.java:startLogSegment(398)) - 24a428e6-ab73-4f5b-a870-5f8cec721e35@group-560F50B45583-SegmentedRaftLogWorker: Starting segment from index:0
2020-11-27 01:37:38,681 [03f5e28f-1ccf-47de-881e-8ae7723c653b@group-0CBE121E3DF4-LeaderElection66] INFO  metrics.RatisMetrics (RatisMetrics.java:lambda$create$0(36)) - Creating Metrics Registry : ratis.log_appender.03f5e28f-1ccf-47de-881e-8ae7723c653b@group-0CBE121E3DF4
2020-11-27 01:37:38,681 [24a428e6-ab73-4f5b-a870-5f8cec721e35@group-560F50B45583-SegmentedRaftLogWorker] INFO  segmented.SegmentedRaftLogWorker (SegmentedRaftLogWorker.java:execute(597)) - 24a428e6-ab73-4f5b-a870-5f8cec721e35@group-560F50B45583-SegmentedRaftLogWorker: created new log segment /github/workspace/mnt/ozone/hadoop-ozone/integration-test/target/test-dir/MiniOzoneClusterImpl-7befb19c-4ec9-4b73-94e9-5feb4aa859dd/datanode-1/data/ratis/f811b82f-7be0-4efd-be02-560f50b45583/current/log_inprogress_0
2020-11-27 01:37:38,689 [03f5e28f-1ccf-47de-881e-8ae7723c653b@group-0CBE121E3DF4-LeaderElection66] INFO  server.RaftServerConfigKeys (ConfUtils.java:logGet(44)) - raft.server.write.element-limit = 1024 (custom)
2020-11-27 01:37:38,689 [03f5e28f-1ccf-47de-881e-8ae7723c653b@group-0CBE121E3DF4-LeaderElection66] INFO  server.RaftServerConfigKeys (ConfUtils.java:logGet(44)) - raft.server.write.byte-limit = 1073741824 (custom)
2020-11-27 01:37:38,690 [fadf6fe5-11c1-4da6-9372-0a456385f570@group-560F50B45583-SegmentedRaftLogWorker] INFO  segmented.SegmentedRaftLogWorker (SegmentedRaftLogWorker.java:execute(597)) - fadf6fe5-11c1-4da6-9372-0a456385f570@group-560F50B45583-SegmentedRaftLogWorker: created new log segment /github/workspace/mnt/ozone/hadoop-ozone/integration-test/target/test-dir/MiniOzoneClusterImpl-7befb19c-4ec9-4b73-94e9-5feb4aa859dd/datanode-2/data/ratis/f811b82f-7be0-4efd-be02-560f50b45583/current/log_inprogress_0
2020-11-27 01:37:38,691 [Listener at 127.0.0.1/40963] INFO  ozone.MiniOzoneClusterImpl (MiniOzoneClusterImpl.java:lambda$waitForClusterToBeReady$0(178)) - Nodes are ready. Got 7 of 7 DN Heartbeats.
2020-11-27 01:37:38,691 [Listener at 127.0.0.1/40963] INFO  ozone.MiniOzoneClusterImpl (MiniOzoneClusterImpl.java:lambda$waitForClusterToBeReady$0(181)) - Cluster exits safe mode
2020-11-27 01:37:38,700 [03f5e28f-1ccf-47de-881e-8ae7723c653b@group-0CBE121E3DF4-LeaderElection66] INFO  server.RaftServerConfigKeys (ConfUtils.java:logGet(44)) - raft.server.watch.timeout = 3000ms (custom)
2020-11-27 01:37:38,700 [03f5e28f-1ccf-47de-881e-8ae7723c653b@group-0CBE121E3DF4-LeaderElection66] INFO  server.RaftServerConfigKeys (ConfUtils.java:logGet(44)) - raft.server.watch.timeout.denomination = 1s (default)
2020-11-27 01:37:38,700 [03f5e28f-1ccf-47de-881e-8ae7723c653b@group-0CBE121E3DF4-LeaderElection66] INFO  server.RaftServerConfigKeys (ConfUtils.java:logGet(44)) - raft.server.watch.element-limit = 65536 (default)
2020-11-27 01:37:38,700 [03f5e28f-1ccf-47de-881e-8ae7723c653b@group-0CBE121E3DF4-LeaderElection66] INFO  impl.RoleInfo (RoleInfo.java:updateAndGet(143)) - 03f5e28f-1ccf-47de-881e-8ae7723c653b: start 03f5e28f-1ccf-47de-881e-8ae7723c653b@group-0CBE121E3DF4-LeaderState
2020-11-27 01:37:38,702 [03f5e28f-1ccf-47de-881e-8ae7723c653b@group-0CBE121E3DF4-LeaderElection66] INFO  segmented.SegmentedRaftLogWorker (SegmentedRaftLogWorker.java:startLogSegment(398)) - 03f5e28f-1ccf-47de-881e-8ae7723c653b@group-0CBE121E3DF4-SegmentedRaftLogWorker: Starting segment from index:0
2020-11-27 01:37:38,705 [03f5e28f-1ccf-47de-881e-8ae7723c653b@group-0CBE121E3DF4-LeaderElection66] INFO  impl.RaftServerImpl (ServerState.java:setRaftConf(374)) - 03f5e28f-1ccf-47de-881e-8ae7723c653b@group-0CBE121E3DF4: set configuration 0: [03f5e28f-1ccf-47de-881e-8ae7723c653b|rpc:172.17.0.2:40701|dataStream:], old=null at 0
2020-11-27 01:37:38,711 [03f5e28f-1ccf-47de-881e-8ae7723c653b@group-0CBE121E3DF4-SegmentedRaftLogWorker] INFO  segmented.SegmentedRaftLogWorker (SegmentedRaftLogWorker.java:execute(597)) - 03f5e28f-1ccf-47de-881e-8ae7723c653b@group-0CBE121E3DF4-SegmentedRaftLogWorker: created new log segment /github/workspace/mnt/ozone/hadoop-ozone/integration-test/target/test-dir/MiniOzoneClusterImpl-7befb19c-4ec9-4b73-94e9-5feb4aa859dd/datanode-0/data/ratis/2cfdab94-7f9d-49b6-a8d8-0cbe121e3df4/current/log_inprogress_0
2020-11-27 01:37:38,720 [Listener at 127.0.0.1/40963] INFO  rpc.RpcClient (RpcClient.java:createVolume(272)) - Creating Volume: testblockoutputstream, with jenkins1001 as owner.
2020-11-27 01:37:38,722 [IPC Server handler 1 on default port 40963] INFO  volume.OMVolumeCreateRequest (OMVolumeCreateRequest.java:validateAndUpdateCache(196)) - created volume:testblockoutputstream for user:jenkins1001
2020-11-27 01:37:38,726 [Thread-2590] INFO  impl.FollowerState (FollowerState.java:run(128)) - 24a428e6-ab73-4f5b-a870-5f8cec721e35@group-3DC0F12F9DB3-FollowerState: change to CANDIDATE, lastRpcTime:5005ms, electionTimeout:5004ms
2020-11-27 01:37:38,726 [Thread-2590] INFO  impl.RoleInfo (RoleInfo.java:shutdownFollowerState(121)) - 24a428e6-ab73-4f5b-a870-5f8cec721e35: shutdown 24a428e6-ab73-4f5b-a870-5f8cec721e35@group-3DC0F12F9DB3-FollowerState
2020-11-27 01:37:38,726 [Thread-2590] INFO  impl.RaftServerImpl (RaftServerImpl.java:setRole(204)) - 24a428e6-ab73-4f5b-a870-5f8cec721e35@group-3DC0F12F9DB3: changes role from  FOLLOWER to CANDIDATE at term 0 for changeToCandidate
2020-11-27 01:37:38,726 [Thread-2590] INFO  impl.RoleInfo (RoleInfo.java:updateAndGet(143)) - 24a428e6-ab73-4f5b-a870-5f8cec721e35: start 24a428e6-ab73-4f5b-a870-5f8cec721e35@group-3DC0F12F9DB3-LeaderElection67
2020-11-27 01:37:38,732 [Listener at 127.0.0.1/40963] INFO  rpc.RpcClient (RpcClient.java:createBucket(425)) - Creating Bucket: testblockoutputstream/testblockoutputstream, with Versioning false and Storage Type set to DISK and Encryption set to false 
2020-11-27 01:37:38,736 [24a428e6-ab73-4f5b-a870-5f8cec721e35@group-3DC0F12F9DB3-LeaderElection67] INFO  impl.LeaderElection (LeaderElection.java:askForVotes(215)) - 24a428e6-ab73-4f5b-a870-5f8cec721e35@group-3DC0F12F9DB3-LeaderElection67: begin an election at term 1 for -1: [24a428e6-ab73-4f5b-a870-5f8cec721e35|rpc:172.17.0.2:43409], old=null
2020-11-27 01:37:38,736 [24a428e6-ab73-4f5b-a870-5f8cec721e35@group-3DC0F12F9DB3-LeaderElection67] INFO  impl.RoleInfo (RoleInfo.java:shutdownLeaderElection(134)) - 24a428e6-ab73-4f5b-a870-5f8cec721e35: shutdown 24a428e6-ab73-4f5b-a870-5f8cec721e35@group-3DC0F12F9DB3-LeaderElection67
2020-11-27 01:37:38,736 [24a428e6-ab73-4f5b-a870-5f8cec721e35@group-3DC0F12F9DB3-LeaderElection67] INFO  impl.RaftServerImpl (RaftServerImpl.java:setRole(204)) - 24a428e6-ab73-4f5b-a870-5f8cec721e35@group-3DC0F12F9DB3: changes role from CANDIDATE to LEADER at term 1 for changeToLeader
2020-11-27 01:37:38,736 [24a428e6-ab73-4f5b-a870-5f8cec721e35@group-3DC0F12F9DB3-LeaderElection67] INFO  ratis.XceiverServerRatis (XceiverServerRatis.java:handleLeaderChangedNotification(854)) - Leader change notification received for group: group-3DC0F12F9DB3 with new leaderId: 24a428e6-ab73-4f5b-a870-5f8cec721e35
2020-11-27 01:37:38,737 [24a428e6-ab73-4f5b-a870-5f8cec721e35@group-3DC0F12F9DB3-LeaderElection67] INFO  impl.RaftServerImpl (ServerState.java:setLeader(256)) - 24a428e6-ab73-4f5b-a870-5f8cec721e35@group-3DC0F12F9DB3: change Leader from null to 24a428e6-ab73-4f5b-a870-5f8cec721e35 at term 1 for becomeLeader, leader elected after 5037ms
2020-11-27 01:37:38,737 [24a428e6-ab73-4f5b-a870-5f8cec721e35@group-3DC0F12F9DB3-LeaderElection67] INFO  server.RaftServerConfigKeys (ConfUtils.java:logGet(44)) - raft.server.staging.catchup.gap = 1000 (default)
2020-11-27 01:37:38,738 [24a428e6-ab73-4f5b-a870-5f8cec721e35@group-3DC0F12F9DB3-LeaderElection67] INFO  server.RaftServerConfigKeys (ConfUtils.java:logGet(44)) - raft.server.rpc.sleep.time = 25ms (default)
2020-11-27 01:37:38,739 [24a428e6-ab73-4f5b-a870-5f8cec721e35@group-3DC0F12F9DB3-LeaderElection67] INFO  metrics.RatisMetrics (RatisMetrics.java:lambda$create$0(36)) - Creating Metrics Registry : ratis.log_appender.24a428e6-ab73-4f5b-a870-5f8cec721e35@group-3DC0F12F9DB3
2020-11-27 01:37:38,740 [24a428e6-ab73-4f5b-a870-5f8cec721e35@group-3DC0F12F9DB3-LeaderElection67] INFO  server.RaftServerConfigKeys (ConfUtils.java:logGet(44)) - raft.server.write.element-limit = 1024 (custom)
2020-11-27 01:37:38,740 [24a428e6-ab73-4f5b-a870-5f8cec721e35@group-3DC0F12F9DB3-LeaderElection67] INFO  server.RaftServerConfigKeys (ConfUtils.java:logGet(44)) - raft.server.write.byte-limit = 1073741824 (custom)
2020-11-27 01:37:38,740 [24a428e6-ab73-4f5b-a870-5f8cec721e35@group-3DC0F12F9DB3-LeaderElection67] INFO  server.RaftServerConfigKeys (ConfUtils.java:logGet(44)) - raft.server.watch.timeout = 3000ms (custom)
2020-11-27 01:37:38,740 [24a428e6-ab73-4f5b-a870-5f8cec721e35@group-3DC0F12F9DB3-LeaderElection67] INFO  server.RaftServerConfigKeys (ConfUtils.java:logGet(44)) - raft.server.watch.timeout.denomination = 1s (default)
2020-11-27 01:37:38,740 [24a428e6-ab73-4f5b-a870-5f8cec721e35@group-3DC0F12F9DB3-LeaderElection67] INFO  server.RaftServerConfigKeys (ConfUtils.java:logGet(44)) - raft.server.watch.element-limit = 65536 (default)
2020-11-27 01:37:38,740 [24a428e6-ab73-4f5b-a870-5f8cec721e35@group-3DC0F12F9DB3-LeaderElection67] INFO  impl.RoleInfo (RoleInfo.java:updateAndGet(143)) - 24a428e6-ab73-4f5b-a870-5f8cec721e35: start 24a428e6-ab73-4f5b-a870-5f8cec721e35@group-3DC0F12F9DB3-LeaderState
2020-11-27 01:37:38,741 [24a428e6-ab73-4f5b-a870-5f8cec721e35@group-3DC0F12F9DB3-LeaderElection67] INFO  segmented.SegmentedRaftLogWorker (SegmentedRaftLogWorker.java:startLogSegment(398)) - 24a428e6-ab73-4f5b-a870-5f8cec721e35@group-3DC0F12F9DB3-SegmentedRaftLogWorker: Starting segment from index:0
2020-11-27 01:37:38,742 [24a428e6-ab73-4f5b-a870-5f8cec721e35@group-3DC0F12F9DB3-LeaderElection67] INFO  impl.RaftServerImpl (ServerState.java:setRaftConf(374)) - 24a428e6-ab73-4f5b-a870-5f8cec721e35@group-3DC0F12F9DB3: set configuration 0: [24a428e6-ab73-4f5b-a870-5f8cec721e35|rpc:172.17.0.2:43409|dataStream:], old=null at 0
2020-11-27 01:37:38,747 [24a428e6-ab73-4f5b-a870-5f8cec721e35@group-3DC0F12F9DB3-SegmentedRaftLogWorker] INFO  segmented.SegmentedRaftLogWorker (SegmentedRaftLogWorker.java:execute(597)) - 24a428e6-ab73-4f5b-a870-5f8cec721e35@group-3DC0F12F9DB3-SegmentedRaftLogWorker: created new log segment /github/workspace/mnt/ozone/hadoop-ozone/integration-test/target/test-dir/MiniOzoneClusterImpl-7befb19c-4ec9-4b73-94e9-5feb4aa859dd/datanode-1/data/ratis/1b13b7f1-6258-4fa6-a04d-3dc0f12f9db3/current/log_inprogress_0
2020-11-27 01:37:38,751 [Thread-2584] INFO  impl.FollowerState (FollowerState.java:run(128)) - 24a428e6-ab73-4f5b-a870-5f8cec721e35@group-C21560EF9FAB-FollowerState: change to CANDIDATE, lastRpcTime:5093ms, electionTimeout:5091ms
2020-11-27 01:37:38,751 [Thread-2584] INFO  impl.RoleInfo (RoleInfo.java:shutdownFollowerState(121)) - 24a428e6-ab73-4f5b-a870-5f8cec721e35: shutdown 24a428e6-ab73-4f5b-a870-5f8cec721e35@group-C21560EF9FAB-FollowerState
2020-11-27 01:37:38,751 [Thread-2584] INFO  impl.RaftServerImpl (RaftServerImpl.java:setRole(204)) - 24a428e6-ab73-4f5b-a870-5f8cec721e35@group-C21560EF9FAB: changes role from  FOLLOWER to CANDIDATE at term 0 for changeToCandidate
2020-11-27 01:37:38,751 [Thread-2584] INFO  impl.RoleInfo (RoleInfo.java:updateAndGet(143)) - 24a428e6-ab73-4f5b-a870-5f8cec721e35: start 24a428e6-ab73-4f5b-a870-5f8cec721e35@group-C21560EF9FAB-LeaderElection68
2020-11-27 01:37:38,752 [Listener at 127.0.0.1/40963] INFO  metrics.RatisMetrics (RatisMetrics.java:lambda$create$0(36)) - Creating Metrics Registry : ratis.client_message_metrics.client-FE73946587A3->03f5e28f-1ccf-47de-881e-8ae7723c653b
2020-11-27 01:37:38,756 [grpc-default-executor-1] INFO  metrics.RatisMetrics (RatisMetrics.java:lambda$create$0(36)) - Creating Metrics Registry : ratis.server_message_metrics.03f5e28f-1ccf-47de-881e-8ae7723c653b
2020-11-27 01:37:38,762 [24a428e6-ab73-4f5b-a870-5f8cec721e35@group-C21560EF9FAB-LeaderElection68] INFO  impl.LeaderElection (LeaderElection.java:askForVotes(215)) - 24a428e6-ab73-4f5b-a870-5f8cec721e35@group-C21560EF9FAB-LeaderElection68: begin an election at term 1 for -1: [fadf6fe5-11c1-4da6-9372-0a456385f570|rpc:172.17.0.2:44925|dataStream:, 03f5e28f-1ccf-47de-881e-8ae7723c653b|rpc:172.17.0.2:40701|dataStream:, 24a428e6-ab73-4f5b-a870-5f8cec721e35|rpc:172.17.0.2:43409|dataStream:], old=null
2020-11-27 01:37:38,773 [grpc-default-executor-1] INFO  impl.RaftServerImpl (RaftServerImpl.java:setRole(204)) - fadf6fe5-11c1-4da6-9372-0a456385f570@group-C21560EF9FAB: changes role from  FOLLOWER to FOLLOWER at term 1 for recognizeCandidate:24a428e6-ab73-4f5b-a870-5f8cec721e35
2020-11-27 01:37:38,773 [grpc-default-executor-1] INFO  impl.RoleInfo (RoleInfo.java:shutdownFollowerState(121)) - fadf6fe5-11c1-4da6-9372-0a456385f570: shutdown fadf6fe5-11c1-4da6-9372-0a456385f570@group-C21560EF9FAB-FollowerState
2020-11-27 01:37:38,773 [grpc-default-executor-1] INFO  impl.RoleInfo (RoleInfo.java:updateAndGet(143)) - fadf6fe5-11c1-4da6-9372-0a456385f570: start fadf6fe5-11c1-4da6-9372-0a456385f570@group-C21560EF9FAB-FollowerState
2020-11-27 01:37:38,773 [Thread-2587] INFO  impl.FollowerState (FollowerState.java:run(137)) - fadf6fe5-11c1-4da6-9372-0a456385f570@group-C21560EF9FAB-FollowerState was interrupted: {}
java.lang.InterruptedException: sleep interrupted
	at java.lang.Thread.sleep(Native Method)
	at org.apache.ratis.util.JavaUtils.sleep(JavaUtils.java:250)
	at org.apache.ratis.server.impl.FollowerState.run(FollowerState.java:116)
2020-11-27 01:37:38,773 [grpc-default-executor-1] INFO  impl.RaftServerImpl (RaftServerImpl.java:requestVote(963)) -  FOLLOWER fadf6fe5-11c1-4da6-9372-0a456385f570@group-C21560EF9FAB:t1, leader=null, voted=null, raftlog=fadf6fe5-11c1-4da6-9372-0a456385f570@group-C21560EF9FAB-SegmentedRaftLog:OPENED:c-1,f-1,i0, conf=-1: [fadf6fe5-11c1-4da6-9372-0a456385f570|rpc:172.17.0.2:44925|dataStream:, 03f5e28f-1ccf-47de-881e-8ae7723c653b|rpc:172.17.0.2:40701|dataStream:, 24a428e6-ab73-4f5b-a870-5f8cec721e35|rpc:172.17.0.2:43409|dataStream:], old=null RUNNING priority:0 candidate:24a428e6-ab73-4f5b-a870-5f8cec721e35|rpc:172.17.0.2:43409|dataStream: candidatePriority:0 compare:0
2020-11-27 01:37:38,783 [24a428e6-ab73-4f5b-a870-5f8cec721e35@group-C21560EF9FAB-LeaderElection68] INFO  impl.LeaderElection (LeaderElection.java:logAndReturn(65)) - 24a428e6-ab73-4f5b-a870-5f8cec721e35@group-C21560EF9FAB-LeaderElection68: Election PASSED; received 1 response(s) [24a428e6-ab73-4f5b-a870-5f8cec721e35<-fadf6fe5-11c1-4da6-9372-0a456385f570#0:OK-t1] and 0 exception(s); 24a428e6-ab73-4f5b-a870-5f8cec721e35@group-C21560EF9FAB:t1, leader=null, voted=24a428e6-ab73-4f5b-a870-5f8cec721e35, raftlog=24a428e6-ab73-4f5b-a870-5f8cec721e35@group-C21560EF9FAB-SegmentedRaftLog:OPENED:c-1,f-1,i0, conf=-1: [fadf6fe5-11c1-4da6-9372-0a456385f570|rpc:172.17.0.2:44925|dataStream:, 03f5e28f-1ccf-47de-881e-8ae7723c653b|rpc:172.17.0.2:40701|dataStream:, 24a428e6-ab73-4f5b-a870-5f8cec721e35|rpc:172.17.0.2:43409|dataStream:], old=null
2020-11-27 01:37:38,783 [24a428e6-ab73-4f5b-a870-5f8cec721e35@group-C21560EF9FAB-LeaderElection68] INFO  impl.RoleInfo (RoleInfo.java:shutdownLeaderElection(134)) - 24a428e6-ab73-4f5b-a870-5f8cec721e35: shutdown 24a428e6-ab73-4f5b-a870-5f8cec721e35@group-C21560EF9FAB-LeaderElection68
2020-11-27 01:37:38,783 [24a428e6-ab73-4f5b-a870-5f8cec721e35@group-C21560EF9FAB-LeaderElection68] INFO  impl.RaftServerImpl (RaftServerImpl.java:setRole(204)) - 24a428e6-ab73-4f5b-a870-5f8cec721e35@group-C21560EF9FAB: changes role from CANDIDATE to LEADER at term 1 for changeToLeader
2020-11-27 01:37:38,783 [24a428e6-ab73-4f5b-a870-5f8cec721e35@group-C21560EF9FAB-LeaderElection68] INFO  ratis.XceiverServerRatis (XceiverServerRatis.java:handleLeaderChangedNotification(854)) - Leader change notification received for group: group-C21560EF9FAB with new leaderId: 24a428e6-ab73-4f5b-a870-5f8cec721e35
2020-11-27 01:37:38,783 [24a428e6-ab73-4f5b-a870-5f8cec721e35@group-C21560EF9FAB-LeaderElection68] INFO  impl.RaftServerImpl (ServerState.java:setLeader(256)) - 24a428e6-ab73-4f5b-a870-5f8cec721e35@group-C21560EF9FAB: change Leader from null to 24a428e6-ab73-4f5b-a870-5f8cec721e35 at term 1 for becomeLeader, leader elected after 5134ms
2020-11-27 01:37:38,783 [24a428e6-ab73-4f5b-a870-5f8cec721e35@group-C21560EF9FAB-LeaderElection68] INFO  server.RaftServerConfigKeys (ConfUtils.java:logGet(44)) - raft.server.staging.catchup.gap = 1000 (default)
2020-11-27 01:37:38,783 [24a428e6-ab73-4f5b-a870-5f8cec721e35@group-C21560EF9FAB-LeaderElection68] INFO  server.RaftServerConfigKeys (ConfUtils.java:logGet(44)) - raft.server.rpc.sleep.time = 25ms (default)
2020-11-27 01:37:38,783 [24a428e6-ab73-4f5b-a870-5f8cec721e35@group-C21560EF9FAB-LeaderElection68] INFO  metrics.RatisMetrics (RatisMetrics.java:lambda$create$0(36)) - Creating Metrics Registry : ratis.log_appender.24a428e6-ab73-4f5b-a870-5f8cec721e35@group-C21560EF9FAB
2020-11-27 01:37:38,783 [24a428e6-ab73-4f5b-a870-5f8cec721e35@group-C21560EF9FAB-LeaderElection68] INFO  server.RaftServerConfigKeys (ConfUtils.java:logGet(44)) - raft.server.write.element-limit = 1024 (custom)
2020-11-27 01:37:38,783 [24a428e6-ab73-4f5b-a870-5f8cec721e35@group-C21560EF9FAB-LeaderElection68] INFO  server.RaftServerConfigKeys (ConfUtils.java:logGet(44)) - raft.server.write.byte-limit = 1073741824 (custom)
2020-11-27 01:37:38,785 [24a428e6-ab73-4f5b-a870-5f8cec721e35@group-C21560EF9FAB-LeaderElection68] INFO  server.RaftServerConfigKeys (ConfUtils.java:logGet(44)) - raft.server.watch.timeout = 3000ms (custom)
2020-11-27 01:37:38,785 [24a428e6-ab73-4f5b-a870-5f8cec721e35@group-C21560EF9FAB-LeaderElection68] INFO  server.RaftServerConfigKeys (ConfUtils.java:logGet(44)) - raft.server.watch.timeout.denomination = 1s (default)
2020-11-27 01:37:38,785 [24a428e6-ab73-4f5b-a870-5f8cec721e35@group-C21560EF9FAB-LeaderElection68] INFO  server.RaftServerConfigKeys (ConfUtils.java:logGet(44)) - raft.server.watch.element-limit = 65536 (default)
2020-11-27 01:37:38,786 [24a428e6-ab73-4f5b-a870-5f8cec721e35@group-C21560EF9FAB-LeaderElection68] INFO  server.RaftServerConfigKeys (ConfUtils.java:logGet(44)) - raft.server.log.appender.snapshot.chunk.size.max = 16MB (=16777216) (default)
2020-11-27 01:37:38,794 [grpc-default-executor-6] INFO  impl.RaftServerImpl (RaftServerImpl.java:setRole(204)) - 03f5e28f-1ccf-47de-881e-8ae7723c653b@group-C21560EF9FAB: changes role from  FOLLOWER to FOLLOWER at term 1 for recognizeCandidate:24a428e6-ab73-4f5b-a870-5f8cec721e35
2020-11-27 01:37:38,795 [grpc-default-executor-6] INFO  impl.RoleInfo (RoleInfo.java:shutdownFollowerState(121)) - 03f5e28f-1ccf-47de-881e-8ae7723c653b: shutdown 03f5e28f-1ccf-47de-881e-8ae7723c653b@group-C21560EF9FAB-FollowerState
2020-11-27 01:37:38,795 [grpc-default-executor-6] INFO  impl.RoleInfo (RoleInfo.java:updateAndGet(143)) - 03f5e28f-1ccf-47de-881e-8ae7723c653b: start 03f5e28f-1ccf-47de-881e-8ae7723c653b@group-C21560EF9FAB-FollowerState
2020-11-27 01:37:38,786 [EventQueue-PipelineReportForPipelineReportHandler] INFO  pipeline.PipelineStateManager (PipelineStateManager.java:openPipeline(132)) - Pipeline Pipeline[ Id: 6ad1acc2-e1ba-4f36-9a9d-c21560ef9fab, Nodes: 24a428e6-ab73-4f5b-a870-5f8cec721e35{ip: 172.17.0.2, host: 3bf31645156d, networkLocation: /default-rack, certSerialId: null}03f5e28f-1ccf-47de-881e-8ae7723c653b{ip: 172.17.0.2, host: 3bf31645156d, networkLocation: /default-rack, certSerialId: null}fadf6fe5-11c1-4da6-9372-0a456385f570{ip: 172.17.0.2, host: 3bf31645156d, networkLocation: /default-rack, certSerialId: null}, Type:RATIS, Factor:THREE, State:ALLOCATED, leaderId:24a428e6-ab73-4f5b-a870-5f8cec721e35, CreationTimestamp2020-11-27T01:37:30.907Z] moved to OPEN state
2020-11-27 01:37:38,795 [24a428e6-ab73-4f5b-a870-5f8cec721e35@group-C21560EF9FAB-LeaderElection68] INFO  server.RaftServerConfigKeys (ConfUtils.java:logGet(44)) - raft.server.log.appender.buffer.byte-limit = 33554432 (custom)
2020-11-27 01:37:38,795 [24a428e6-ab73-4f5b-a870-5f8cec721e35@group-C21560EF9FAB-LeaderElection68] INFO  server.RaftServerConfigKeys (ConfUtils.java:logGet(44)) - raft.server.log.appender.buffer.element-limit = 1 (custom)
2020-11-27 01:37:38,796 [Thread-2582] INFO  impl.FollowerState (FollowerState.java:run(137)) - 03f5e28f-1ccf-47de-881e-8ae7723c653b@group-C21560EF9FAB-FollowerState was interrupted: {}
java.lang.InterruptedException: sleep interrupted
	at java.lang.Thread.sleep(Native Method)
	at org.apache.ratis.util.JavaUtils.sleep(JavaUtils.java:250)
	at org.apache.ratis.server.impl.FollowerState.run(FollowerState.java:116)
2020-11-27 01:37:38,804 [grpc-default-executor-6] INFO  impl.RaftServerImpl (RaftServerImpl.java:requestVote(963)) -  FOLLOWER 03f5e28f-1ccf-47de-881e-8ae7723c653b@group-C21560EF9FAB:t1, leader=null, voted=null, raftlog=03f5e28f-1ccf-47de-881e-8ae7723c653b@group-C21560EF9FAB-SegmentedRaftLog:OPENED:c-1,f-1,i0, conf=-1: [fadf6fe5-11c1-4da6-9372-0a456385f570|rpc:172.17.0.2:44925, 03f5e28f-1ccf-47de-881e-8ae7723c653b|rpc:172.17.0.2:40701, 24a428e6-ab73-4f5b-a870-5f8cec721e35|rpc:172.17.0.2:43409], old=null RUNNING priority:0 candidate:24a428e6-ab73-4f5b-a870-5f8cec721e35|rpc:172.17.0.2:43409 candidatePriority:0 compare:0
2020-11-27 01:37:38,812 [24a428e6-ab73-4f5b-a870-5f8cec721e35@group-C21560EF9FAB-LeaderElection68] INFO  grpc.GrpcConfigKeys (ConfUtils.java:logGet(44)) - raft.grpc.server.leader.outstanding.appends.max = 128 (default)
2020-11-27 01:37:38,812 [24a428e6-ab73-4f5b-a870-5f8cec721e35@group-C21560EF9FAB-LeaderElection68] INFO  server.RaftServerConfigKeys (ConfUtils.java:logGet(44)) - raft.server.rpc.request.timeout = 3000ms (default)
2020-11-27 01:37:38,812 [24a428e6-ab73-4f5b-a870-5f8cec721e35@group-C21560EF9FAB-LeaderElection68] INFO  server.RaftServerConfigKeys (ConfUtils.java:logGet(44)) - raft.server.log.appender.install.snapshot.enabled = false (custom)
2020-11-27 01:37:38,812 [24a428e6-ab73-4f5b-a870-5f8cec721e35@group-C21560EF9FAB-LeaderElection68] INFO  metrics.RatisMetrics (RatisMetrics.java:lambda$create$0(36)) - Creating Metrics Registry : ratis_grpc.log_appender.24a428e6-ab73-4f5b-a870-5f8cec721e35@group-C21560EF9FAB
2020-11-27 01:37:38,814 [24a428e6-ab73-4f5b-a870-5f8cec721e35@group-C21560EF9FAB-LeaderElection68] INFO  server.RaftServerConfigKeys (ConfUtils.java:logGet(44)) - raft.server.log.appender.snapshot.chunk.size.max = 16MB (=16777216) (default)
2020-11-27 01:37:38,814 [24a428e6-ab73-4f5b-a870-5f8cec721e35@group-C21560EF9FAB-LeaderElection68] INFO  server.RaftServerConfigKeys (ConfUtils.java:logGet(44)) - raft.server.log.appender.buffer.byte-limit = 33554432 (custom)
2020-11-27 01:37:38,814 [24a428e6-ab73-4f5b-a870-5f8cec721e35@group-C21560EF9FAB-LeaderElection68] INFO  server.RaftServerConfigKeys (ConfUtils.java:logGet(44)) - raft.server.log.appender.buffer.element-limit = 1 (custom)
2020-11-27 01:37:38,814 [24a428e6-ab73-4f5b-a870-5f8cec721e35@group-C21560EF9FAB-LeaderElection68] INFO  grpc.GrpcConfigKeys (ConfUtils.java:logGet(44)) - raft.grpc.server.leader.outstanding.appends.max = 128 (default)
2020-11-27 01:37:38,814 [24a428e6-ab73-4f5b-a870-5f8cec721e35@group-C21560EF9FAB-LeaderElection68] INFO  server.RaftServerConfigKeys (ConfUtils.java:logGet(44)) - raft.server.rpc.request.timeout = 3000ms (default)
2020-11-27 01:37:38,815 [24a428e6-ab73-4f5b-a870-5f8cec721e35@group-C21560EF9FAB-LeaderElection68] INFO  server.RaftServerConfigKeys (ConfUtils.java:logGet(44)) - raft.server.log.appender.install.snapshot.enabled = false (custom)
2020-11-27 01:37:38,819 [24a428e6-ab73-4f5b-a870-5f8cec721e35@group-C21560EF9FAB-LeaderElection68] INFO  impl.RoleInfo (RoleInfo.java:updateAndGet(143)) - 24a428e6-ab73-4f5b-a870-5f8cec721e35: start 24a428e6-ab73-4f5b-a870-5f8cec721e35@group-C21560EF9FAB-LeaderState
2020-11-27 01:37:38,834 [org.apache.ratis.server.JvmPauseMonitor@6a58e4ee-Monitor] WARN  server.JvmPauseMonitor (JvmPauseMonitor.java:run(141)) - Detected pause in JVM or host machine (eg GC): pause of approximately 2ms
No GCs detected
2020-11-27 01:37:38,839 [24a428e6-ab73-4f5b-a870-5f8cec721e35@group-C21560EF9FAB-LeaderElection68] INFO  segmented.SegmentedRaftLogWorker (SegmentedRaftLogWorker.java:startLogSegment(398)) - 24a428e6-ab73-4f5b-a870-5f8cec721e35@group-C21560EF9FAB-SegmentedRaftLogWorker: Starting segment from index:0
2020-11-27 01:37:38,847 [24a428e6-ab73-4f5b-a870-5f8cec721e35@group-C21560EF9FAB-SegmentedRaftLogWorker] INFO  segmented.SegmentedRaftLogWorker (SegmentedRaftLogWorker.java:execute(597)) - 24a428e6-ab73-4f5b-a870-5f8cec721e35@group-C21560EF9FAB-SegmentedRaftLogWorker: created new log segment /github/workspace/mnt/ozone/hadoop-ozone/integration-test/target/test-dir/MiniOzoneClusterImpl-7befb19c-4ec9-4b73-94e9-5feb4aa859dd/datanode-1/data/ratis/6ad1acc2-e1ba-4f36-9a9d-c21560ef9fab/current/log_inprogress_0
2020-11-27 01:37:38,853 [24a428e6-ab73-4f5b-a870-5f8cec721e35@group-C21560EF9FAB-LeaderElection68] INFO  impl.RaftServerImpl (ServerState.java:setRaftConf(374)) - 24a428e6-ab73-4f5b-a870-5f8cec721e35@group-C21560EF9FAB: set configuration 0: [fadf6fe5-11c1-4da6-9372-0a456385f570|rpc:172.17.0.2:44925|dataStream:, 03f5e28f-1ccf-47de-881e-8ae7723c653b|rpc:172.17.0.2:40701|dataStream:, 24a428e6-ab73-4f5b-a870-5f8cec721e35|rpc:172.17.0.2:43409|dataStream:], old=null at 0
2020-11-27 01:37:38,882 [grpc-default-executor-6] INFO  ratis.XceiverServerRatis (XceiverServerRatis.java:handleLeaderChangedNotification(854)) - Leader change notification received for group: group-C21560EF9FAB with new leaderId: 24a428e6-ab73-4f5b-a870-5f8cec721e35
2020-11-27 01:37:38,882 [grpc-default-executor-6] INFO  impl.RaftServerImpl (ServerState.java:setLeader(256)) - fadf6fe5-11c1-4da6-9372-0a456385f570@group-C21560EF9FAB: change Leader from null to 24a428e6-ab73-4f5b-a870-5f8cec721e35 at term 1 for appendEntries, leader elected after 5201ms
2020-11-27 01:37:38,894 [grpc-default-executor-3] INFO  ratis.XceiverServerRatis (XceiverServerRatis.java:handleLeaderChangedNotification(854)) - Leader change notification received for group: group-C21560EF9FAB with new leaderId: 24a428e6-ab73-4f5b-a870-5f8cec721e35
2020-11-27 01:37:38,894 [grpc-default-executor-3] INFO  impl.RaftServerImpl (ServerState.java:setLeader(256)) - 03f5e28f-1ccf-47de-881e-8ae7723c653b@group-C21560EF9FAB: change Leader from null to 24a428e6-ab73-4f5b-a870-5f8cec721e35 at term 1 for appendEntries, leader elected after 5271ms
2020-11-27 01:37:38,895 [grpc-default-executor-1] INFO  impl.RaftServerImpl (ServerState.java:setRaftConf(374)) - fadf6fe5-11c1-4da6-9372-0a456385f570@group-C21560EF9FAB: set configuration 0: [fadf6fe5-11c1-4da6-9372-0a456385f570|rpc:172.17.0.2:44925|dataStream:, 03f5e28f-1ccf-47de-881e-8ae7723c653b|rpc:172.17.0.2:40701|dataStream:, 24a428e6-ab73-4f5b-a870-5f8cec721e35|rpc:172.17.0.2:43409|dataStream:], old=null at 0
2020-11-27 01:37:38,898 [grpc-default-executor-3] INFO  impl.RaftServerImpl (ServerState.java:setRaftConf(374)) - 03f5e28f-1ccf-47de-881e-8ae7723c653b@group-C21560EF9FAB: set configuration 0: [fadf6fe5-11c1-4da6-9372-0a456385f570|rpc:172.17.0.2:44925|dataStream:, 03f5e28f-1ccf-47de-881e-8ae7723c653b|rpc:172.17.0.2:40701|dataStream:, 24a428e6-ab73-4f5b-a870-5f8cec721e35|rpc:172.17.0.2:43409|dataStream:], old=null at 0
2020-11-27 01:37:38,898 [grpc-default-executor-3] INFO  segmented.SegmentedRaftLogWorker (SegmentedRaftLogWorker.java:startLogSegment(398)) - 03f5e28f-1ccf-47de-881e-8ae7723c653b@group-C21560EF9FAB-SegmentedRaftLogWorker: Starting segment from index:0
2020-11-27 01:37:38,899 [grpc-default-executor-1] INFO  segmented.SegmentedRaftLogWorker (SegmentedRaftLogWorker.java:startLogSegment(398)) - fadf6fe5-11c1-4da6-9372-0a456385f570@group-C21560EF9FAB-SegmentedRaftLogWorker: Starting segment from index:0
2020-11-27 01:37:38,900 [03f5e28f-1ccf-47de-881e-8ae7723c653b@group-C21560EF9FAB-SegmentedRaftLogWorker] INFO  segmented.SegmentedRaftLogWorker (SegmentedRaftLogWorker.java:execute(597)) - 03f5e28f-1ccf-47de-881e-8ae7723c653b@group-C21560EF9FAB-SegmentedRaftLogWorker: created new log segment /github/workspace/mnt/ozone/hadoop-ozone/integration-test/target/test-dir/MiniOzoneClusterImpl-7befb19c-4ec9-4b73-94e9-5feb4aa859dd/datanode-0/data/ratis/6ad1acc2-e1ba-4f36-9a9d-c21560ef9fab/current/log_inprogress_0
2020-11-27 01:37:38,906 [fadf6fe5-11c1-4da6-9372-0a456385f570@group-C21560EF9FAB-SegmentedRaftLogWorker] INFO  segmented.SegmentedRaftLogWorker (SegmentedRaftLogWorker.java:execute(597)) - fadf6fe5-11c1-4da6-9372-0a456385f570@group-C21560EF9FAB-SegmentedRaftLogWorker: created new log segment /github/workspace/mnt/ozone/hadoop-ozone/integration-test/target/test-dir/MiniOzoneClusterImpl-7befb19c-4ec9-4b73-94e9-5feb4aa859dd/datanode-2/data/ratis/6ad1acc2-e1ba-4f36-9a9d-c21560ef9fab/current/log_inprogress_0
2020-11-27 01:37:38,919 [org.apache.ratis.server.JvmPauseMonitor@7770821-Monitor] WARN  server.JvmPauseMonitor (JvmPauseMonitor.java:run(141)) - Detected pause in JVM or host machine (eg GC): pause of approximately 2ms
No GCs detected
2020-11-27 01:37:38,998 [Thread-2592] INFO  impl.FollowerState (FollowerState.java:run(128)) - fadf6fe5-11c1-4da6-9372-0a456385f570@group-54B732C6FDA1-FollowerState: change to CANDIDATE, lastRpcTime:5076ms, electionTimeout:5076ms
2020-11-27 01:37:38,999 [Thread-2592] INFO  impl.RoleInfo (RoleInfo.java:shutdownFollowerState(121)) - fadf6fe5-11c1-4da6-9372-0a456385f570: shutdown fadf6fe5-11c1-4da6-9372-0a456385f570@group-54B732C6FDA1-FollowerState
2020-11-27 01:37:38,999 [Thread-2592] INFO  impl.RaftServerImpl (RaftServerImpl.java:setRole(204)) - fadf6fe5-11c1-4da6-9372-0a456385f570@group-54B732C6FDA1: changes role from  FOLLOWER to CANDIDATE at term 0 for changeToCandidate
2020-11-27 01:37:38,999 [Thread-2592] INFO  impl.RoleInfo (RoleInfo.java:updateAndGet(143)) - fadf6fe5-11c1-4da6-9372-0a456385f570: start fadf6fe5-11c1-4da6-9372-0a456385f570@group-54B732C6FDA1-LeaderElection69
2020-11-27 01:37:39,012 [fadf6fe5-11c1-4da6-9372-0a456385f570@group-54B732C6FDA1-LeaderElection69] INFO  impl.LeaderElection (LeaderElection.java:askForVotes(215)) - fadf6fe5-11c1-4da6-9372-0a456385f570@group-54B732C6FDA1-LeaderElection69: begin an election at term 1 for -1: [fadf6fe5-11c1-4da6-9372-0a456385f570|rpc:172.17.0.2:44925], old=null
2020-11-27 01:37:39,013 [fadf6fe5-11c1-4da6-9372-0a456385f570@group-54B732C6FDA1-LeaderElection69] INFO  impl.RoleInfo (RoleInfo.java:shutdownLeaderElection(134)) - fadf6fe5-11c1-4da6-9372-0a456385f570: shutdown fadf6fe5-11c1-4da6-9372-0a456385f570@group-54B732C6FDA1-LeaderElection69
2020-11-27 01:37:39,013 [fadf6fe5-11c1-4da6-9372-0a456385f570@group-54B732C6FDA1-LeaderElection69] INFO  impl.RaftServerImpl (RaftServerImpl.java:setRole(204)) - fadf6fe5-11c1-4da6-9372-0a456385f570@group-54B732C6FDA1: changes role from CANDIDATE to LEADER at term 1 for changeToLeader
2020-11-27 01:37:39,013 [fadf6fe5-11c1-4da6-9372-0a456385f570@group-54B732C6FDA1-LeaderElection69] INFO  ratis.XceiverServerRatis (XceiverServerRatis.java:handleLeaderChangedNotification(854)) - Leader change notification received for group: group-54B732C6FDA1 with new leaderId: fadf6fe5-11c1-4da6-9372-0a456385f570
2020-11-27 01:37:39,013 [fadf6fe5-11c1-4da6-9372-0a456385f570@group-54B732C6FDA1-LeaderElection69] INFO  impl.RaftServerImpl (ServerState.java:setLeader(256)) - fadf6fe5-11c1-4da6-9372-0a456385f570@group-54B732C6FDA1: change Leader from null to fadf6fe5-11c1-4da6-9372-0a456385f570 at term 1 for becomeLeader, leader elected after 5099ms
2020-11-27 01:37:39,016 [fadf6fe5-11c1-4da6-9372-0a456385f570@group-54B732C6FDA1-LeaderElection69] INFO  server.RaftServerConfigKeys (ConfUtils.java:logGet(44)) - raft.server.staging.catchup.gap = 1000 (default)
2020-11-27 01:37:39,016 [fadf6fe5-11c1-4da6-9372-0a456385f570@group-54B732C6FDA1-LeaderElection69] INFO  server.RaftServerConfigKeys (ConfUtils.java:logGet(44)) - raft.server.rpc.sleep.time = 25ms (default)
2020-11-27 01:37:39,016 [fadf6fe5-11c1-4da6-9372-0a456385f570@group-54B732C6FDA1-LeaderElection69] INFO  metrics.RatisMetrics (RatisMetrics.java:lambda$create$0(36)) - Creating Metrics Registry : ratis.log_appender.fadf6fe5-11c1-4da6-9372-0a456385f570@group-54B732C6FDA1
2020-11-27 01:37:39,016 [fadf6fe5-11c1-4da6-9372-0a456385f570@group-54B732C6FDA1-LeaderElection69] INFO  server.RaftServerConfigKeys (ConfUtils.java:logGet(44)) - raft.server.write.element-limit = 1024 (custom)
2020-11-27 01:37:39,016 [fadf6fe5-11c1-4da6-9372-0a456385f570@group-54B732C6FDA1-LeaderElection69] INFO  server.RaftServerConfigKeys (ConfUtils.java:logGet(44)) - raft.server.write.byte-limit = 1073741824 (custom)
2020-11-27 01:37:39,017 [fadf6fe5-11c1-4da6-9372-0a456385f570@group-54B732C6FDA1-LeaderElection69] INFO  server.RaftServerConfigKeys (ConfUtils.java:logGet(44)) - raft.server.watch.timeout = 3000ms (custom)
2020-11-27 01:37:39,017 [fadf6fe5-11c1-4da6-9372-0a456385f570@group-54B732C6FDA1-LeaderElection69] INFO  server.RaftServerConfigKeys (ConfUtils.java:logGet(44)) - raft.server.watch.timeout.denomination = 1s (default)
2020-11-27 01:37:39,017 [fadf6fe5-11c1-4da6-9372-0a456385f570@group-54B732C6FDA1-LeaderElection69] INFO  server.RaftServerConfigKeys (ConfUtils.java:logGet(44)) - raft.server.watch.element-limit = 65536 (default)
2020-11-27 01:37:39,017 [fadf6fe5-11c1-4da6-9372-0a456385f570@group-54B732C6FDA1-LeaderElection69] INFO  impl.RoleInfo (RoleInfo.java:updateAndGet(143)) - fadf6fe5-11c1-4da6-9372-0a456385f570: start fadf6fe5-11c1-4da6-9372-0a456385f570@group-54B732C6FDA1-LeaderState
2020-11-27 01:37:39,018 [fadf6fe5-11c1-4da6-9372-0a456385f570@group-54B732C6FDA1-LeaderElection69] INFO  segmented.SegmentedRaftLogWorker (SegmentedRaftLogWorker.java:startLogSegment(398)) - fadf6fe5-11c1-4da6-9372-0a456385f570@group-54B732C6FDA1-SegmentedRaftLogWorker: Starting segment from index:0
2020-11-27 01:37:39,019 [fadf6fe5-11c1-4da6-9372-0a456385f570@group-54B732C6FDA1-LeaderElection69] INFO  impl.RaftServerImpl (ServerState.java:setRaftConf(374)) - fadf6fe5-11c1-4da6-9372-0a456385f570@group-54B732C6FDA1: set configuration 0: [fadf6fe5-11c1-4da6-9372-0a456385f570|rpc:172.17.0.2:44925|dataStream:], old=null at 0
2020-11-27 01:37:39,020 [fadf6fe5-11c1-4da6-9372-0a456385f570@group-54B732C6FDA1-SegmentedRaftLogWorker] INFO  segmented.SegmentedRaftLogWorker (SegmentedRaftLogWorker.java:execute(597)) - fadf6fe5-11c1-4da6-9372-0a456385f570@group-54B732C6FDA1-SegmentedRaftLogWorker: created new log segment /github/workspace/mnt/ozone/hadoop-ozone/integration-test/target/test-dir/MiniOzoneClusterImpl-7befb19c-4ec9-4b73-94e9-5feb4aa859dd/datanode-2/data/ratis/a3c6bac2-4b9d-4d8f-9e5c-54b732c6fda1/current/log_inprogress_0
2020-11-27 01:37:39,175 [Thread-2596] INFO  impl.FollowerState (FollowerState.java:run(128)) - d247a803-3982-4a1e-9d5c-2cb5c984a205@group-977A4CF7E56E-FollowerState: change to CANDIDATE, lastRpcTime:5044ms, electionTimeout:5044ms
2020-11-27 01:37:39,176 [Thread-2596] INFO  impl.RoleInfo (RoleInfo.java:shutdownFollowerState(121)) - d247a803-3982-4a1e-9d5c-2cb5c984a205: shutdown d247a803-3982-4a1e-9d5c-2cb5c984a205@group-977A4CF7E56E-FollowerState
2020-11-27 01:37:39,176 [Thread-2596] INFO  impl.RaftServerImpl (RaftServerImpl.java:setRole(204)) - d247a803-3982-4a1e-9d5c-2cb5c984a205@group-977A4CF7E56E: changes role from  FOLLOWER to CANDIDATE at term 0 for changeToCandidate
2020-11-27 01:37:39,176 [Thread-2596] INFO  impl.RoleInfo (RoleInfo.java:updateAndGet(143)) - d247a803-3982-4a1e-9d5c-2cb5c984a205: start d247a803-3982-4a1e-9d5c-2cb5c984a205@group-977A4CF7E56E-LeaderElection70
2020-11-27 01:37:39,180 [d247a803-3982-4a1e-9d5c-2cb5c984a205@group-977A4CF7E56E-LeaderElection70] INFO  impl.LeaderElection (LeaderElection.java:askForVotes(215)) - d247a803-3982-4a1e-9d5c-2cb5c984a205@group-977A4CF7E56E-LeaderElection70: begin an election at term 1 for -1: [d247a803-3982-4a1e-9d5c-2cb5c984a205|rpc:172.17.0.2:42885, 525ac4ff-a043-43ae-b658-3dd89705e4a8|rpc:172.17.0.2:44141, eda6bd80-3bc8-486f-b21b-103a464f444a|rpc:172.17.0.2:43699], old=null
2020-11-27 01:37:39,191 [grpc-default-executor-3] INFO  impl.RaftServerImpl (RaftServerImpl.java:setRole(204)) - eda6bd80-3bc8-486f-b21b-103a464f444a@group-977A4CF7E56E: changes role from  FOLLOWER to FOLLOWER at term 1 for recognizeCandidate:d247a803-3982-4a1e-9d5c-2cb5c984a205
2020-11-27 01:37:39,191 [grpc-default-executor-3] INFO  impl.RoleInfo (RoleInfo.java:shutdownFollowerState(121)) - eda6bd80-3bc8-486f-b21b-103a464f444a: shutdown eda6bd80-3bc8-486f-b21b-103a464f444a@group-977A4CF7E56E-FollowerState
2020-11-27 01:37:39,191 [grpc-default-executor-3] INFO  impl.RoleInfo (RoleInfo.java:updateAndGet(143)) - eda6bd80-3bc8-486f-b21b-103a464f444a: start eda6bd80-3bc8-486f-b21b-103a464f444a@group-977A4CF7E56E-FollowerState
2020-11-27 01:37:39,191 [Thread-2601] INFO  impl.FollowerState (FollowerState.java:run(137)) - eda6bd80-3bc8-486f-b21b-103a464f444a@group-977A4CF7E56E-FollowerState was interrupted: {}
java.lang.InterruptedException: sleep interrupted
	at java.lang.Thread.sleep(Native Method)
	at org.apache.ratis.util.JavaUtils.sleep(JavaUtils.java:250)
	at org.apache.ratis.server.impl.FollowerState.run(FollowerState.java:116)
2020-11-27 01:37:39,191 [grpc-default-executor-3] INFO  impl.RaftServerImpl (RaftServerImpl.java:requestVote(963)) -  FOLLOWER eda6bd80-3bc8-486f-b21b-103a464f444a@group-977A4CF7E56E:t1, leader=null, voted=null, raftlog=eda6bd80-3bc8-486f-b21b-103a464f444a@group-977A4CF7E56E-SegmentedRaftLog:OPENED:c-1,f-1,i0, conf=-1: [d247a803-3982-4a1e-9d5c-2cb5c984a205|rpc:172.17.0.2:42885|dataStream:, 525ac4ff-a043-43ae-b658-3dd89705e4a8|rpc:172.17.0.2:44141|dataStream:, eda6bd80-3bc8-486f-b21b-103a464f444a|rpc:172.17.0.2:43699|dataStream:], old=null RUNNING priority:0 candidate:d247a803-3982-4a1e-9d5c-2cb5c984a205|rpc:172.17.0.2:42885|dataStream: candidatePriority:0 compare:0
2020-11-27 01:37:39,193 [grpc-default-executor-6] INFO  impl.RaftServerImpl (RaftServerImpl.java:setRole(204)) - 525ac4ff-a043-43ae-b658-3dd89705e4a8@group-977A4CF7E56E: changes role from  FOLLOWER to FOLLOWER at term 1 for recognizeCandidate:d247a803-3982-4a1e-9d5c-2cb5c984a205
2020-11-27 01:37:39,193 [grpc-default-executor-6] INFO  impl.RoleInfo (RoleInfo.java:shutdownFollowerState(121)) - 525ac4ff-a043-43ae-b658-3dd89705e4a8: shutdown 525ac4ff-a043-43ae-b658-3dd89705e4a8@group-977A4CF7E56E-FollowerState
2020-11-27 01:37:39,193 [grpc-default-executor-6] INFO  impl.RoleInfo (RoleInfo.java:updateAndGet(143)) - 525ac4ff-a043-43ae-b658-3dd89705e4a8: start 525ac4ff-a043-43ae-b658-3dd89705e4a8@group-977A4CF7E56E-FollowerState
2020-11-27 01:37:39,193 [Thread-2598] INFO  impl.FollowerState (FollowerState.java:run(137)) - 525ac4ff-a043-43ae-b658-3dd89705e4a8@group-977A4CF7E56E-FollowerState was interrupted: {}
java.lang.InterruptedException: sleep interrupted
	at java.lang.Thread.sleep(Native Method)
	at org.apache.ratis.util.JavaUtils.sleep(JavaUtils.java:250)
	at org.apache.ratis.server.impl.FollowerState.run(FollowerState.java:116)
2020-11-27 01:37:39,193 [grpc-default-executor-6] INFO  impl.RaftServerImpl (RaftServerImpl.java:requestVote(963)) -  FOLLOWER 525ac4ff-a043-43ae-b658-3dd89705e4a8@group-977A4CF7E56E:t1, leader=null, voted=null, raftlog=525ac4ff-a043-43ae-b658-3dd89705e4a8@group-977A4CF7E56E-SegmentedRaftLog:OPENED:c-1,f-1,i0, conf=-1: [d247a803-3982-4a1e-9d5c-2cb5c984a205|rpc:172.17.0.2:42885|dataStream:, 525ac4ff-a043-43ae-b658-3dd89705e4a8|rpc:172.17.0.2:44141|dataStream:, eda6bd80-3bc8-486f-b21b-103a464f444a|rpc:172.17.0.2:43699|dataStream:], old=null RUNNING priority:0 candidate:d247a803-3982-4a1e-9d5c-2cb5c984a205|rpc:172.17.0.2:42885|dataStream: candidatePriority:0 compare:0
2020-11-27 01:37:39,195 [d247a803-3982-4a1e-9d5c-2cb5c984a205@group-977A4CF7E56E-LeaderElection70] INFO  impl.LeaderElection (LeaderElection.java:logAndReturn(65)) - d247a803-3982-4a1e-9d5c-2cb5c984a205@group-977A4CF7E56E-LeaderElection70: Election PASSED; received 1 response(s) [d247a803-3982-4a1e-9d5c-2cb5c984a205<-eda6bd80-3bc8-486f-b21b-103a464f444a#0:OK-t1] and 0 exception(s); d247a803-3982-4a1e-9d5c-2cb5c984a205@group-977A4CF7E56E:t1, leader=null, voted=d247a803-3982-4a1e-9d5c-2cb5c984a205, raftlog=d247a803-3982-4a1e-9d5c-2cb5c984a205@group-977A4CF7E56E-SegmentedRaftLog:OPENED:c-1,f-1,i0, conf=-1: [d247a803-3982-4a1e-9d5c-2cb5c984a205|rpc:172.17.0.2:42885, 525ac4ff-a043-43ae-b658-3dd89705e4a8|rpc:172.17.0.2:44141, eda6bd80-3bc8-486f-b21b-103a464f444a|rpc:172.17.0.2:43699], old=null
2020-11-27 01:37:39,195 [d247a803-3982-4a1e-9d5c-2cb5c984a205@group-977A4CF7E56E-LeaderElection70] INFO  impl.RoleInfo (RoleInfo.java:shutdownLeaderElection(134)) - d247a803-3982-4a1e-9d5c-2cb5c984a205: shutdown d247a803-3982-4a1e-9d5c-2cb5c984a205@group-977A4CF7E56E-LeaderElection70
2020-11-27 01:37:39,195 [d247a803-3982-4a1e-9d5c-2cb5c984a205@group-977A4CF7E56E-LeaderElection70] INFO  impl.RaftServerImpl (RaftServerImpl.java:setRole(204)) - d247a803-3982-4a1e-9d5c-2cb5c984a205@group-977A4CF7E56E: changes role from CANDIDATE to LEADER at term 1 for changeToLeader
2020-11-27 01:37:39,195 [d247a803-3982-4a1e-9d5c-2cb5c984a205@group-977A4CF7E56E-LeaderElection70] INFO  ratis.XceiverServerRatis (XceiverServerRatis.java:handleLeaderChangedNotification(854)) - Leader change notification received for group: group-977A4CF7E56E with new leaderId: d247a803-3982-4a1e-9d5c-2cb5c984a205
2020-11-27 01:37:39,195 [d247a803-3982-4a1e-9d5c-2cb5c984a205@group-977A4CF7E56E-LeaderElection70] INFO  impl.RaftServerImpl (ServerState.java:setLeader(256)) - d247a803-3982-4a1e-9d5c-2cb5c984a205@group-977A4CF7E56E: change Leader from null to d247a803-3982-4a1e-9d5c-2cb5c984a205 at term 1 for becomeLeader, leader elected after 5072ms
2020-11-27 01:37:39,196 [d247a803-3982-4a1e-9d5c-2cb5c984a205@group-977A4CF7E56E-LeaderElection70] INFO  server.RaftServerConfigKeys (ConfUtils.java:logGet(44)) - raft.server.staging.catchup.gap = 1000 (default)
2020-11-27 01:37:39,196 [d247a803-3982-4a1e-9d5c-2cb5c984a205@group-977A4CF7E56E-LeaderElection70] INFO  server.RaftServerConfigKeys (ConfUtils.java:logGet(44)) - raft.server.rpc.sleep.time = 25ms (default)
2020-11-27 01:37:39,196 [d247a803-3982-4a1e-9d5c-2cb5c984a205@group-977A4CF7E56E-LeaderElection70] INFO  metrics.RatisMetrics (RatisMetrics.java:lambda$create$0(36)) - Creating Metrics Registry : ratis.log_appender.d247a803-3982-4a1e-9d5c-2cb5c984a205@group-977A4CF7E56E
2020-11-27 01:37:39,196 [d247a803-3982-4a1e-9d5c-2cb5c984a205@group-977A4CF7E56E-LeaderElection70] INFO  server.RaftServerConfigKeys (ConfUtils.java:logGet(44)) - raft.server.write.element-limit = 1024 (custom)
2020-11-27 01:37:39,196 [d247a803-3982-4a1e-9d5c-2cb5c984a205@group-977A4CF7E56E-LeaderElection70] INFO  server.RaftServerConfigKeys (ConfUtils.java:logGet(44)) - raft.server.write.byte-limit = 1073741824 (custom)
2020-11-27 01:37:39,196 [d247a803-3982-4a1e-9d5c-2cb5c984a205@group-977A4CF7E56E-LeaderElection70] INFO  server.RaftServerConfigKeys (ConfUtils.java:logGet(44)) - raft.server.watch.timeout = 3000ms (custom)
2020-11-27 01:37:39,196 [d247a803-3982-4a1e-9d5c-2cb5c984a205@group-977A4CF7E56E-LeaderElection70] INFO  server.RaftServerConfigKeys (ConfUtils.java:logGet(44)) - raft.server.watch.timeout.denomination = 1s (default)
2020-11-27 01:37:39,197 [d247a803-3982-4a1e-9d5c-2cb5c984a205@group-977A4CF7E56E-LeaderElection70] INFO  server.RaftServerConfigKeys (ConfUtils.java:logGet(44)) - raft.server.watch.element-limit = 65536 (default)
2020-11-27 01:37:39,197 [d247a803-3982-4a1e-9d5c-2cb5c984a205@group-977A4CF7E56E-LeaderElection70] INFO  server.RaftServerConfigKeys (ConfUtils.java:logGet(44)) - raft.server.log.appender.snapshot.chunk.size.max = 16MB (=16777216) (default)
2020-11-27 01:37:39,197 [d247a803-3982-4a1e-9d5c-2cb5c984a205@group-977A4CF7E56E-LeaderElection70] INFO  server.RaftServerConfigKeys (ConfUtils.java:logGet(44)) - raft.server.log.appender.buffer.byte-limit = 33554432 (custom)
2020-11-27 01:37:39,197 [d247a803-3982-4a1e-9d5c-2cb5c984a205@group-977A4CF7E56E-LeaderElection70] INFO  server.RaftServerConfigKeys (ConfUtils.java:logGet(44)) - raft.server.log.appender.buffer.element-limit = 1 (custom)
2020-11-27 01:37:39,197 [d247a803-3982-4a1e-9d5c-2cb5c984a205@group-977A4CF7E56E-LeaderElection70] INFO  grpc.GrpcConfigKeys (ConfUtils.java:logGet(44)) - raft.grpc.server.leader.outstanding.appends.max = 128 (default)
2020-11-27 01:37:39,197 [d247a803-3982-4a1e-9d5c-2cb5c984a205@group-977A4CF7E56E-LeaderElection70] INFO  server.RaftServerConfigKeys (ConfUtils.java:logGet(44)) - raft.server.rpc.request.timeout = 3000ms (default)
2020-11-27 01:37:39,197 [d247a803-3982-4a1e-9d5c-2cb5c984a205@group-977A4CF7E56E-LeaderElection70] INFO  server.RaftServerConfigKeys (ConfUtils.java:logGet(44)) - raft.server.log.appender.install.snapshot.enabled = false (custom)
2020-11-27 01:37:39,197 [d247a803-3982-4a1e-9d5c-2cb5c984a205@group-977A4CF7E56E-LeaderElection70] INFO  metrics.RatisMetrics (RatisMetrics.java:lambda$create$0(36)) - Creating Metrics Registry : ratis_grpc.log_appender.d247a803-3982-4a1e-9d5c-2cb5c984a205@group-977A4CF7E56E
2020-11-27 01:37:39,199 [d247a803-3982-4a1e-9d5c-2cb5c984a205@group-977A4CF7E56E-LeaderElection70] INFO  server.RaftServerConfigKeys (ConfUtils.java:logGet(44)) - raft.server.log.appender.snapshot.chunk.size.max = 16MB (=16777216) (default)
2020-11-27 01:37:39,199 [d247a803-3982-4a1e-9d5c-2cb5c984a205@group-977A4CF7E56E-LeaderElection70] INFO  server.RaftServerConfigKeys (ConfUtils.java:logGet(44)) - raft.server.log.appender.buffer.byte-limit = 33554432 (custom)
2020-11-27 01:37:39,199 [d247a803-3982-4a1e-9d5c-2cb5c984a205@group-977A4CF7E56E-LeaderElection70] INFO  server.RaftServerConfigKeys (ConfUtils.java:logGet(44)) - raft.server.log.appender.buffer.element-limit = 1 (custom)
2020-11-27 01:37:39,199 [d247a803-3982-4a1e-9d5c-2cb5c984a205@group-977A4CF7E56E-LeaderElection70] INFO  grpc.GrpcConfigKeys (ConfUtils.java:logGet(44)) - raft.grpc.server.leader.outstanding.appends.max = 128 (default)
2020-11-27 01:37:39,199 [d247a803-3982-4a1e-9d5c-2cb5c984a205@group-977A4CF7E56E-LeaderElection70] INFO  server.RaftServerConfigKeys (ConfUtils.java:logGet(44)) - raft.server.rpc.request.timeout = 3000ms (default)
2020-11-27 01:37:39,199 [d247a803-3982-4a1e-9d5c-2cb5c984a205@group-977A4CF7E56E-LeaderElection70] INFO  server.RaftServerConfigKeys (ConfUtils.java:logGet(44)) - raft.server.log.appender.install.snapshot.enabled = false (custom)
2020-11-27 01:37:39,201 [EventQueue-PipelineReportForPipelineReportHandler] INFO  pipeline.PipelineStateManager (PipelineStateManager.java:openPipeline(132)) - Pipeline Pipeline[ Id: 17ccad59-30bb-45e7-92be-977a4cf7e56e, Nodes: d247a803-3982-4a1e-9d5c-2cb5c984a205{ip: 172.17.0.2, host: 3bf31645156d, networkLocation: /default-rack, certSerialId: null}525ac4ff-a043-43ae-b658-3dd89705e4a8{ip: 172.17.0.2, host: 3bf31645156d, networkLocation: /default-rack, certSerialId: null}eda6bd80-3bc8-486f-b21b-103a464f444a{ip: 172.17.0.2, host: 3bf31645156d, networkLocation: /default-rack, certSerialId: null}, Type:RATIS, Factor:THREE, State:ALLOCATED, leaderId:d247a803-3982-4a1e-9d5c-2cb5c984a205, CreationTimestamp2020-11-27T01:37:31.504Z] moved to OPEN state
2020-11-27 01:37:39,202 [d247a803-3982-4a1e-9d5c-2cb5c984a205@group-977A4CF7E56E-LeaderElection70] INFO  impl.RoleInfo (RoleInfo.java:updateAndGet(143)) - d247a803-3982-4a1e-9d5c-2cb5c984a205: start d247a803-3982-4a1e-9d5c-2cb5c984a205@group-977A4CF7E56E-LeaderState
2020-11-27 01:37:39,202 [d247a803-3982-4a1e-9d5c-2cb5c984a205@group-977A4CF7E56E-LeaderElection70] INFO  segmented.SegmentedRaftLogWorker (SegmentedRaftLogWorker.java:startLogSegment(398)) - d247a803-3982-4a1e-9d5c-2cb5c984a205@group-977A4CF7E56E-SegmentedRaftLogWorker: Starting segment from index:0
2020-11-27 01:37:39,204 [d247a803-3982-4a1e-9d5c-2cb5c984a205@group-977A4CF7E56E-SegmentedRaftLogWorker] INFO  segmented.SegmentedRaftLogWorker (SegmentedRaftLogWorker.java:execute(597)) - d247a803-3982-4a1e-9d5c-2cb5c984a205@group-977A4CF7E56E-SegmentedRaftLogWorker: created new log segment /github/workspace/mnt/ozone/hadoop-ozone/integration-test/target/test-dir/MiniOzoneClusterImpl-7befb19c-4ec9-4b73-94e9-5feb4aa859dd/datanode-3/data/ratis/17ccad59-30bb-45e7-92be-977a4cf7e56e/current/log_inprogress_0
2020-11-27 01:37:39,206 [Thread-2594] INFO  impl.FollowerState (FollowerState.java:run(128)) - d247a803-3982-4a1e-9d5c-2cb5c984a205@group-AE32BD2D6BB6-FollowerState: change to CANDIDATE, lastRpcTime:5088ms, electionTimeout:5088ms
2020-11-27 01:37:39,207 [Thread-2594] INFO  impl.RoleInfo (RoleInfo.java:shutdownFollowerState(121)) - d247a803-3982-4a1e-9d5c-2cb5c984a205: shutdown d247a803-3982-4a1e-9d5c-2cb5c984a205@group-AE32BD2D6BB6-FollowerState
2020-11-27 01:37:39,207 [Thread-2594] INFO  impl.RaftServerImpl (RaftServerImpl.java:setRole(204)) - d247a803-3982-4a1e-9d5c-2cb5c984a205@group-AE32BD2D6BB6: changes role from  FOLLOWER to CANDIDATE at term 0 for changeToCandidate
2020-11-27 01:37:39,208 [Thread-2594] INFO  impl.RoleInfo (RoleInfo.java:updateAndGet(143)) - d247a803-3982-4a1e-9d5c-2cb5c984a205: start d247a803-3982-4a1e-9d5c-2cb5c984a205@group-AE32BD2D6BB6-LeaderElection71
2020-11-27 01:37:39,208 [d247a803-3982-4a1e-9d5c-2cb5c984a205@group-977A4CF7E56E-LeaderElection70] INFO  impl.RaftServerImpl (ServerState.java:setRaftConf(374)) - d247a803-3982-4a1e-9d5c-2cb5c984a205@group-977A4CF7E56E: set configuration 0: [d247a803-3982-4a1e-9d5c-2cb5c984a205|rpc:172.17.0.2:42885|dataStream:, 525ac4ff-a043-43ae-b658-3dd89705e4a8|rpc:172.17.0.2:44141|dataStream:, eda6bd80-3bc8-486f-b21b-103a464f444a|rpc:172.17.0.2:43699|dataStream:], old=null at 0
2020-11-27 01:37:39,216 [d247a803-3982-4a1e-9d5c-2cb5c984a205@group-AE32BD2D6BB6-LeaderElection71] INFO  impl.LeaderElection (LeaderElection.java:askForVotes(215)) - d247a803-3982-4a1e-9d5c-2cb5c984a205@group-AE32BD2D6BB6-LeaderElection71: begin an election at term 1 for -1: [d247a803-3982-4a1e-9d5c-2cb5c984a205|rpc:172.17.0.2:42885], old=null
2020-11-27 01:37:39,217 [d247a803-3982-4a1e-9d5c-2cb5c984a205@group-AE32BD2D6BB6-LeaderElection71] INFO  impl.RoleInfo (RoleInfo.java:shutdownLeaderElection(134)) - d247a803-3982-4a1e-9d5c-2cb5c984a205: shutdown d247a803-3982-4a1e-9d5c-2cb5c984a205@group-AE32BD2D6BB6-LeaderElection71
2020-11-27 01:37:39,217 [d247a803-3982-4a1e-9d5c-2cb5c984a205@group-AE32BD2D6BB6-LeaderElection71] INFO  impl.RaftServerImpl (RaftServerImpl.java:setRole(204)) - d247a803-3982-4a1e-9d5c-2cb5c984a205@group-AE32BD2D6BB6: changes role from CANDIDATE to LEADER at term 1 for changeToLeader
2020-11-27 01:37:39,217 [d247a803-3982-4a1e-9d5c-2cb5c984a205@group-AE32BD2D6BB6-LeaderElection71] INFO  ratis.XceiverServerRatis (XceiverServerRatis.java:handleLeaderChangedNotification(854)) - Leader change notification received for group: group-AE32BD2D6BB6 with new leaderId: d247a803-3982-4a1e-9d5c-2cb5c984a205
2020-11-27 01:37:39,217 [d247a803-3982-4a1e-9d5c-2cb5c984a205@group-AE32BD2D6BB6-LeaderElection71] INFO  impl.RaftServerImpl (ServerState.java:setLeader(256)) - d247a803-3982-4a1e-9d5c-2cb5c984a205@group-AE32BD2D6BB6: change Leader from null to d247a803-3982-4a1e-9d5c-2cb5c984a205 at term 1 for becomeLeader, leader elected after 5106ms
2020-11-27 01:37:39,218 [d247a803-3982-4a1e-9d5c-2cb5c984a205@group-AE32BD2D6BB6-LeaderElection71] INFO  server.RaftServerConfigKeys (ConfUtils.java:logGet(44)) - raft.server.staging.catchup.gap = 1000 (default)
2020-11-27 01:37:39,218 [d247a803-3982-4a1e-9d5c-2cb5c984a205@group-AE32BD2D6BB6-LeaderElection71] INFO  server.RaftServerConfigKeys (ConfUtils.java:logGet(44)) - raft.server.rpc.sleep.time = 25ms (default)
2020-11-27 01:37:39,218 [d247a803-3982-4a1e-9d5c-2cb5c984a205@group-AE32BD2D6BB6-LeaderElection71] INFO  metrics.RatisMetrics (RatisMetrics.java:lambda$create$0(36)) - Creating Metrics Registry : ratis.log_appender.d247a803-3982-4a1e-9d5c-2cb5c984a205@group-AE32BD2D6BB6
2020-11-27 01:37:39,218 [d247a803-3982-4a1e-9d5c-2cb5c984a205@group-AE32BD2D6BB6-LeaderElection71] INFO  server.RaftServerConfigKeys (ConfUtils.java:logGet(44)) - raft.server.write.element-limit = 1024 (custom)
2020-11-27 01:37:39,218 [d247a803-3982-4a1e-9d5c-2cb5c984a205@group-AE32BD2D6BB6-LeaderElection71] INFO  server.RaftServerConfigKeys (ConfUtils.java:logGet(44)) - raft.server.write.byte-limit = 1073741824 (custom)
2020-11-27 01:37:39,220 [grpc-default-executor-6] INFO  ratis.XceiverServerRatis (XceiverServerRatis.java:handleLeaderChangedNotification(854)) - Leader change notification received for group: group-977A4CF7E56E with new leaderId: d247a803-3982-4a1e-9d5c-2cb5c984a205
2020-11-27 01:37:39,220 [grpc-default-executor-6] INFO  impl.RaftServerImpl (ServerState.java:setLeader(256)) - eda6bd80-3bc8-486f-b21b-103a464f444a@group-977A4CF7E56E: change Leader from null to d247a803-3982-4a1e-9d5c-2cb5c984a205 at term 1 for appendEntries, leader elected after 5042ms
2020-11-27 01:37:39,229 [grpc-default-executor-1] INFO  ratis.XceiverServerRatis (XceiverServerRatis.java:handleLeaderChangedNotification(854)) - Leader change notification received for group: group-977A4CF7E56E with new leaderId: d247a803-3982-4a1e-9d5c-2cb5c984a205
2020-11-27 01:37:39,229 [grpc-default-executor-1] INFO  impl.RaftServerImpl (ServerState.java:setLeader(256)) - 525ac4ff-a043-43ae-b658-3dd89705e4a8@group-977A4CF7E56E: change Leader from null to d247a803-3982-4a1e-9d5c-2cb5c984a205 at term 1 for appendEntries, leader elected after 5084ms
2020-11-27 01:37:39,230 [grpc-default-executor-1] INFO  impl.RaftServerImpl (ServerState.java:setRaftConf(374)) - 525ac4ff-a043-43ae-b658-3dd89705e4a8@group-977A4CF7E56E: set configuration 0: [d247a803-3982-4a1e-9d5c-2cb5c984a205|rpc:172.17.0.2:42885|dataStream:, 525ac4ff-a043-43ae-b658-3dd89705e4a8|rpc:172.17.0.2:44141|dataStream:, eda6bd80-3bc8-486f-b21b-103a464f444a|rpc:172.17.0.2:43699|dataStream:], old=null at 0
2020-11-27 01:37:39,232 [grpc-default-executor-3] INFO  impl.RaftServerImpl (ServerState.java:setRaftConf(374)) - eda6bd80-3bc8-486f-b21b-103a464f444a@group-977A4CF7E56E: set configuration 0: [d247a803-3982-4a1e-9d5c-2cb5c984a205|rpc:172.17.0.2:42885|dataStream:, 525ac4ff-a043-43ae-b658-3dd89705e4a8|rpc:172.17.0.2:44141|dataStream:, eda6bd80-3bc8-486f-b21b-103a464f444a|rpc:172.17.0.2:43699|dataStream:], old=null at 0
2020-11-27 01:37:39,232 [grpc-default-executor-1] INFO  segmented.SegmentedRaftLogWorker (SegmentedRaftLogWorker.java:startLogSegment(398)) - 525ac4ff-a043-43ae-b658-3dd89705e4a8@group-977A4CF7E56E-SegmentedRaftLogWorker: Starting segment from index:0
2020-11-27 01:37:39,233 [grpc-default-executor-3] INFO  segmented.SegmentedRaftLogWorker (SegmentedRaftLogWorker.java:startLogSegment(398)) - eda6bd80-3bc8-486f-b21b-103a464f444a@group-977A4CF7E56E-SegmentedRaftLogWorker: Starting segment from index:0
2020-11-27 01:37:39,235 [525ac4ff-a043-43ae-b658-3dd89705e4a8@group-977A4CF7E56E-SegmentedRaftLogWorker] INFO  segmented.SegmentedRaftLogWorker (SegmentedRaftLogWorker.java:execute(597)) - 525ac4ff-a043-43ae-b658-3dd89705e4a8@group-977A4CF7E56E-SegmentedRaftLogWorker: created new log segment /github/workspace/mnt/ozone/hadoop-ozone/integration-test/target/test-dir/MiniOzoneClusterImpl-7befb19c-4ec9-4b73-94e9-5feb4aa859dd/datanode-4/data/ratis/17ccad59-30bb-45e7-92be-977a4cf7e56e/current/log_inprogress_0
2020-11-27 01:37:39,237 [d247a803-3982-4a1e-9d5c-2cb5c984a205@group-AE32BD2D6BB6-LeaderElection71] INFO  server.RaftServerConfigKeys (ConfUtils.java:logGet(44)) - raft.server.watch.timeout = 3000ms (custom)
2020-11-27 01:37:39,237 [d247a803-3982-4a1e-9d5c-2cb5c984a205@group-AE32BD2D6BB6-LeaderElection71] INFO  server.RaftServerConfigKeys (ConfUtils.java:logGet(44)) - raft.server.watch.timeout.denomination = 1s (default)
2020-11-27 01:37:39,237 [d247a803-3982-4a1e-9d5c-2cb5c984a205@group-AE32BD2D6BB6-LeaderElection71] INFO  server.RaftServerConfigKeys (ConfUtils.java:logGet(44)) - raft.server.watch.element-limit = 65536 (default)
2020-11-27 01:37:39,237 [d247a803-3982-4a1e-9d5c-2cb5c984a205@group-AE32BD2D6BB6-LeaderElection71] INFO  impl.RoleInfo (RoleInfo.java:updateAndGet(143)) - d247a803-3982-4a1e-9d5c-2cb5c984a205: start d247a803-3982-4a1e-9d5c-2cb5c984a205@group-AE32BD2D6BB6-LeaderState
2020-11-27 01:37:39,239 [eda6bd80-3bc8-486f-b21b-103a464f444a@group-977A4CF7E56E-SegmentedRaftLogWorker] INFO  segmented.SegmentedRaftLogWorker (SegmentedRaftLogWorker.java:execute(597)) - eda6bd80-3bc8-486f-b21b-103a464f444a@group-977A4CF7E56E-SegmentedRaftLogWorker: created new log segment /github/workspace/mnt/ozone/hadoop-ozone/integration-test/target/test-dir/MiniOzoneClusterImpl-7befb19c-4ec9-4b73-94e9-5feb4aa859dd/datanode-5/data/ratis/17ccad59-30bb-45e7-92be-977a4cf7e56e/current/log_inprogress_0
2020-11-27 01:37:39,240 [d247a803-3982-4a1e-9d5c-2cb5c984a205@group-AE32BD2D6BB6-LeaderElection71] INFO  segmented.SegmentedRaftLogWorker (SegmentedRaftLogWorker.java:startLogSegment(398)) - d247a803-3982-4a1e-9d5c-2cb5c984a205@group-AE32BD2D6BB6-SegmentedRaftLogWorker: Starting segment from index:0
2020-11-27 01:37:39,241 [d247a803-3982-4a1e-9d5c-2cb5c984a205@group-AE32BD2D6BB6-LeaderElection71] INFO  impl.RaftServerImpl (ServerState.java:setRaftConf(374)) - d247a803-3982-4a1e-9d5c-2cb5c984a205@group-AE32BD2D6BB6: set configuration 0: [d247a803-3982-4a1e-9d5c-2cb5c984a205|rpc:172.17.0.2:42885|dataStream:], old=null at 0
2020-11-27 01:37:39,244 [d247a803-3982-4a1e-9d5c-2cb5c984a205@group-AE32BD2D6BB6-SegmentedRaftLogWorker] INFO  segmented.SegmentedRaftLogWorker (SegmentedRaftLogWorker.java:execute(597)) - d247a803-3982-4a1e-9d5c-2cb5c984a205@group-AE32BD2D6BB6-SegmentedRaftLogWorker: created new log segment /github/workspace/mnt/ozone/hadoop-ozone/integration-test/target/test-dir/MiniOzoneClusterImpl-7befb19c-4ec9-4b73-94e9-5feb4aa859dd/datanode-3/data/ratis/e1b218e9-10ac-44f1-8155-ae32bd2d6bb6/current/log_inprogress_0
2020-11-27 01:37:39,288 [Thread-2609] INFO  impl.FollowerState (FollowerState.java:run(128)) - eda6bd80-3bc8-486f-b21b-103a464f444a@group-B33F8C582359-FollowerState: change to CANDIDATE, lastRpcTime:5032ms, electionTimeout:5032ms
2020-11-27 01:37:39,288 [Thread-2609] INFO  impl.RoleInfo (RoleInfo.java:shutdownFollowerState(121)) - eda6bd80-3bc8-486f-b21b-103a464f444a: shutdown eda6bd80-3bc8-486f-b21b-103a464f444a@group-B33F8C582359-FollowerState
2020-11-27 01:37:39,288 [Thread-2609] INFO  impl.RaftServerImpl (RaftServerImpl.java:setRole(204)) - eda6bd80-3bc8-486f-b21b-103a464f444a@group-B33F8C582359: changes role from  FOLLOWER to CANDIDATE at term 0 for changeToCandidate
2020-11-27 01:37:39,288 [Thread-2609] INFO  impl.RoleInfo (RoleInfo.java:updateAndGet(143)) - eda6bd80-3bc8-486f-b21b-103a464f444a: start eda6bd80-3bc8-486f-b21b-103a464f444a@group-B33F8C582359-LeaderElection72
2020-11-27 01:37:39,295 [eda6bd80-3bc8-486f-b21b-103a464f444a@group-B33F8C582359-LeaderElection72] INFO  impl.LeaderElection (LeaderElection.java:askForVotes(215)) - eda6bd80-3bc8-486f-b21b-103a464f444a@group-B33F8C582359-LeaderElection72: begin an election at term 1 for -1: [d247a803-3982-4a1e-9d5c-2cb5c984a205|rpc:172.17.0.2:42885|dataStream:, 525ac4ff-a043-43ae-b658-3dd89705e4a8|rpc:172.17.0.2:44141|dataStream:, eda6bd80-3bc8-486f-b21b-103a464f444a|rpc:172.17.0.2:43699|dataStream:], old=null
2020-11-27 01:37:39,302 [grpc-default-executor-3] INFO  metrics.RatisMetrics (RatisMetrics.java:lambda$create$0(36)) - Creating Metrics Registry : ratis.server_message_metrics.d247a803-3982-4a1e-9d5c-2cb5c984a205
2020-11-27 01:37:39,304 [grpc-default-executor-1] INFO  impl.RaftServerImpl (RaftServerImpl.java:setRole(204)) - 525ac4ff-a043-43ae-b658-3dd89705e4a8@group-B33F8C582359: changes role from  FOLLOWER to FOLLOWER at term 1 for recognizeCandidate:eda6bd80-3bc8-486f-b21b-103a464f444a
2020-11-27 01:37:39,304 [grpc-default-executor-1] INFO  impl.RoleInfo (RoleInfo.java:shutdownFollowerState(121)) - 525ac4ff-a043-43ae-b658-3dd89705e4a8: shutdown 525ac4ff-a043-43ae-b658-3dd89705e4a8@group-B33F8C582359-FollowerState
2020-11-27 01:37:39,304 [grpc-default-executor-1] INFO  impl.RoleInfo (RoleInfo.java:updateAndGet(143)) - 525ac4ff-a043-43ae-b658-3dd89705e4a8: start 525ac4ff-a043-43ae-b658-3dd89705e4a8@group-B33F8C582359-FollowerState
2020-11-27 01:37:39,304 [Thread-2606] INFO  impl.FollowerState (FollowerState.java:run(137)) - 525ac4ff-a043-43ae-b658-3dd89705e4a8@group-B33F8C582359-FollowerState was interrupted: {}
java.lang.InterruptedException: sleep interrupted
	at java.lang.Thread.sleep(Native Method)
	at org.apache.ratis.util.JavaUtils.sleep(JavaUtils.java:250)
	at org.apache.ratis.server.impl.FollowerState.run(FollowerState.java:116)
2020-11-27 01:37:39,304 [grpc-default-executor-1] INFO  impl.RaftServerImpl (RaftServerImpl.java:requestVote(963)) -  FOLLOWER 525ac4ff-a043-43ae-b658-3dd89705e4a8@group-B33F8C582359:t1, leader=null, voted=null, raftlog=525ac4ff-a043-43ae-b658-3dd89705e4a8@group-B33F8C582359-SegmentedRaftLog:OPENED:c-1,f-1,i0, conf=-1: [d247a803-3982-4a1e-9d5c-2cb5c984a205|rpc:172.17.0.2:42885|dataStream:, 525ac4ff-a043-43ae-b658-3dd89705e4a8|rpc:172.17.0.2:44141|dataStream:, eda6bd80-3bc8-486f-b21b-103a464f444a|rpc:172.17.0.2:43699|dataStream:], old=null RUNNING priority:0 candidate:eda6bd80-3bc8-486f-b21b-103a464f444a|rpc:172.17.0.2:43699|dataStream: candidatePriority:0 compare:0
2020-11-27 01:37:39,310 [grpc-default-executor-3] INFO  impl.RaftServerImpl (RaftServerImpl.java:setRole(204)) - d247a803-3982-4a1e-9d5c-2cb5c984a205@group-B33F8C582359: changes role from  FOLLOWER to FOLLOWER at term 1 for recognizeCandidate:eda6bd80-3bc8-486f-b21b-103a464f444a
2020-11-27 01:37:39,310 [grpc-default-executor-3] INFO  impl.RoleInfo (RoleInfo.java:shutdownFollowerState(121)) - d247a803-3982-4a1e-9d5c-2cb5c984a205: shutdown d247a803-3982-4a1e-9d5c-2cb5c984a205@group-B33F8C582359-FollowerState
2020-11-27 01:37:39,310 [grpc-default-executor-3] INFO  impl.RoleInfo (RoleInfo.java:updateAndGet(143)) - d247a803-3982-4a1e-9d5c-2cb5c984a205: start d247a803-3982-4a1e-9d5c-2cb5c984a205@group-B33F8C582359-FollowerState
2020-11-27 01:37:39,310 [Thread-2604] INFO  impl.FollowerState (FollowerState.java:run(137)) - d247a803-3982-4a1e-9d5c-2cb5c984a205@group-B33F8C582359-FollowerState was interrupted: {}
java.lang.InterruptedException: sleep interrupted
	at java.lang.Thread.sleep(Native Method)
	at org.apache.ratis.util.JavaUtils.sleep(JavaUtils.java:250)
	at org.apache.ratis.server.impl.FollowerState.run(FollowerState.java:116)
2020-11-27 01:37:39,311 [grpc-default-executor-3] INFO  impl.RaftServerImpl (RaftServerImpl.java:requestVote(963)) -  FOLLOWER d247a803-3982-4a1e-9d5c-2cb5c984a205@group-B33F8C582359:t1, leader=null, voted=null, raftlog=d247a803-3982-4a1e-9d5c-2cb5c984a205@group-B33F8C582359-SegmentedRaftLog:OPENED:c-1,f-1,i0, conf=-1: [d247a803-3982-4a1e-9d5c-2cb5c984a205|rpc:172.17.0.2:42885, 525ac4ff-a043-43ae-b658-3dd89705e4a8|rpc:172.17.0.2:44141, eda6bd80-3bc8-486f-b21b-103a464f444a|rpc:172.17.0.2:43699], old=null RUNNING priority:0 candidate:eda6bd80-3bc8-486f-b21b-103a464f444a|rpc:172.17.0.2:43699 candidatePriority:0 compare:0
2020-11-27 01:37:39,318 [eda6bd80-3bc8-486f-b21b-103a464f444a@group-B33F8C582359-LeaderElection72] INFO  impl.LeaderElection (LeaderElection.java:logAndReturn(65)) - eda6bd80-3bc8-486f-b21b-103a464f444a@group-B33F8C582359-LeaderElection72: Election PASSED; received 1 response(s) [eda6bd80-3bc8-486f-b21b-103a464f444a<-525ac4ff-a043-43ae-b658-3dd89705e4a8#0:OK-t1] and 0 exception(s); eda6bd80-3bc8-486f-b21b-103a464f444a@group-B33F8C582359:t1, leader=null, voted=eda6bd80-3bc8-486f-b21b-103a464f444a, raftlog=eda6bd80-3bc8-486f-b21b-103a464f444a@group-B33F8C582359-SegmentedRaftLog:OPENED:c-1,f-1,i0, conf=-1: [d247a803-3982-4a1e-9d5c-2cb5c984a205|rpc:172.17.0.2:42885|dataStream:, 525ac4ff-a043-43ae-b658-3dd89705e4a8|rpc:172.17.0.2:44141|dataStream:, eda6bd80-3bc8-486f-b21b-103a464f444a|rpc:172.17.0.2:43699|dataStream:], old=null
2020-11-27 01:37:39,318 [eda6bd80-3bc8-486f-b21b-103a464f444a@group-B33F8C582359-LeaderElection72] INFO  impl.RoleInfo (RoleInfo.java:shutdownLeaderElection(134)) - eda6bd80-3bc8-486f-b21b-103a464f444a: shutdown eda6bd80-3bc8-486f-b21b-103a464f444a@group-B33F8C582359-LeaderElection72
2020-11-27 01:37:39,318 [eda6bd80-3bc8-486f-b21b-103a464f444a@group-B33F8C582359-LeaderElection72] INFO  impl.RaftServerImpl (RaftServerImpl.java:setRole(204)) - eda6bd80-3bc8-486f-b21b-103a464f444a@group-B33F8C582359: changes role from CANDIDATE to LEADER at term 1 for changeToLeader
2020-11-27 01:37:39,318 [eda6bd80-3bc8-486f-b21b-103a464f444a@group-B33F8C582359-LeaderElection72] INFO  ratis.XceiverServerRatis (XceiverServerRatis.java:handleLeaderChangedNotification(854)) - Leader change notification received for group: group-B33F8C582359 with new leaderId: eda6bd80-3bc8-486f-b21b-103a464f444a
2020-11-27 01:37:39,318 [eda6bd80-3bc8-486f-b21b-103a464f444a@group-B33F8C582359-LeaderElection72] INFO  impl.RaftServerImpl (ServerState.java:setLeader(256)) - eda6bd80-3bc8-486f-b21b-103a464f444a@group-B33F8C582359: change Leader from null to eda6bd80-3bc8-486f-b21b-103a464f444a at term 1 for becomeLeader, leader elected after 5070ms
2020-11-27 01:37:39,318 [eda6bd80-3bc8-486f-b21b-103a464f444a@group-B33F8C582359-LeaderElection72] INFO  server.RaftServerConfigKeys (ConfUtils.java:logGet(44)) - raft.server.staging.catchup.gap = 1000 (default)
2020-11-27 01:37:39,318 [eda6bd80-3bc8-486f-b21b-103a464f444a@group-B33F8C582359-LeaderElection72] INFO  server.RaftServerConfigKeys (ConfUtils.java:logGet(44)) - raft.server.rpc.sleep.time = 25ms (default)
2020-11-27 01:37:39,318 [eda6bd80-3bc8-486f-b21b-103a464f444a@group-B33F8C582359-LeaderElection72] INFO  metrics.RatisMetrics (RatisMetrics.java:lambda$create$0(36)) - Creating Metrics Registry : ratis.log_appender.eda6bd80-3bc8-486f-b21b-103a464f444a@group-B33F8C582359
2020-11-27 01:37:39,318 [eda6bd80-3bc8-486f-b21b-103a464f444a@group-B33F8C582359-LeaderElection72] INFO  server.RaftServerConfigKeys (ConfUtils.java:logGet(44)) - raft.server.write.element-limit = 1024 (custom)
2020-11-27 01:37:39,318 [eda6bd80-3bc8-486f-b21b-103a464f444a@group-B33F8C582359-LeaderElection72] INFO  server.RaftServerConfigKeys (ConfUtils.java:logGet(44)) - raft.server.write.byte-limit = 1073741824 (custom)
2020-11-27 01:37:39,319 [eda6bd80-3bc8-486f-b21b-103a464f444a@group-B33F8C582359-LeaderElection72] INFO  server.RaftServerConfigKeys (ConfUtils.java:logGet(44)) - raft.server.watch.timeout = 3000ms (custom)
2020-11-27 01:37:39,319 [eda6bd80-3bc8-486f-b21b-103a464f444a@group-B33F8C582359-LeaderElection72] INFO  server.RaftServerConfigKeys (ConfUtils.java:logGet(44)) - raft.server.watch.timeout.denomination = 1s (default)
2020-11-27 01:37:39,319 [eda6bd80-3bc8-486f-b21b-103a464f444a@group-B33F8C582359-LeaderElection72] INFO  server.RaftServerConfigKeys (ConfUtils.java:logGet(44)) - raft.server.watch.element-limit = 65536 (default)
2020-11-27 01:37:39,319 [eda6bd80-3bc8-486f-b21b-103a464f444a@group-B33F8C582359-LeaderElection72] INFO  server.RaftServerConfigKeys (ConfUtils.java:logGet(44)) - raft.server.log.appender.snapshot.chunk.size.max = 16MB (=16777216) (default)
2020-11-27 01:37:39,319 [eda6bd80-3bc8-486f-b21b-103a464f444a@group-B33F8C582359-LeaderElection72] INFO  server.RaftServerConfigKeys (ConfUtils.java:logGet(44)) - raft.server.log.appender.buffer.byte-limit = 33554432 (custom)
2020-11-27 01:37:39,319 [eda6bd80-3bc8-486f-b21b-103a464f444a@group-B33F8C582359-LeaderElection72] INFO  server.RaftServerConfigKeys (ConfUtils.java:logGet(44)) - raft.server.log.appender.buffer.element-limit = 1 (custom)
2020-11-27 01:37:39,319 [eda6bd80-3bc8-486f-b21b-103a464f444a@group-B33F8C582359-LeaderElection72] INFO  grpc.GrpcConfigKeys (ConfUtils.java:logGet(44)) - raft.grpc.server.leader.outstanding.appends.max = 128 (default)
2020-11-27 01:37:39,319 [eda6bd80-3bc8-486f-b21b-103a464f444a@group-B33F8C582359-LeaderElection72] INFO  server.RaftServerConfigKeys (ConfUtils.java:logGet(44)) - raft.server.rpc.request.timeout = 3000ms (default)
2020-11-27 01:37:39,320 [eda6bd80-3bc8-486f-b21b-103a464f444a@group-B33F8C582359-LeaderElection72] INFO  server.RaftServerConfigKeys (ConfUtils.java:logGet(44)) - raft.server.log.appender.install.snapshot.enabled = false (custom)
2020-11-27 01:37:39,320 [eda6bd80-3bc8-486f-b21b-103a464f444a@group-B33F8C582359-LeaderElection72] INFO  metrics.RatisMetrics (RatisMetrics.java:lambda$create$0(36)) - Creating Metrics Registry : ratis_grpc.log_appender.eda6bd80-3bc8-486f-b21b-103a464f444a@group-B33F8C582359
2020-11-27 01:37:39,324 [EventQueue-PipelineReportForPipelineReportHandler] INFO  pipeline.PipelineStateManager (PipelineStateManager.java:openPipeline(132)) - Pipeline Pipeline[ Id: 0becb242-989c-45d7-a586-b33f8c582359, Nodes: d247a803-3982-4a1e-9d5c-2cb5c984a205{ip: 172.17.0.2, host: 3bf31645156d, networkLocation: /default-rack, certSerialId: null}525ac4ff-a043-43ae-b658-3dd89705e4a8{ip: 172.17.0.2, host: 3bf31645156d, networkLocation: /default-rack, certSerialId: null}eda6bd80-3bc8-486f-b21b-103a464f444a{ip: 172.17.0.2, host: 3bf31645156d, networkLocation: /default-rack, certSerialId: null}, Type:RATIS, Factor:THREE, State:ALLOCATED, leaderId:eda6bd80-3bc8-486f-b21b-103a464f444a, CreationTimestamp2020-11-27T01:37:31.504Z] moved to OPEN state
2020-11-27 01:37:39,326 [eda6bd80-3bc8-486f-b21b-103a464f444a@group-B33F8C582359-LeaderElection72] INFO  server.RaftServerConfigKeys (ConfUtils.java:logGet(44)) - raft.server.log.appender.snapshot.chunk.size.max = 16MB (=16777216) (default)
2020-11-27 01:37:39,326 [eda6bd80-3bc8-486f-b21b-103a464f444a@group-B33F8C582359-LeaderElection72] INFO  server.RaftServerConfigKeys (ConfUtils.java:logGet(44)) - raft.server.log.appender.buffer.byte-limit = 33554432 (custom)
2020-11-27 01:37:39,326 [eda6bd80-3bc8-486f-b21b-103a464f444a@group-B33F8C582359-LeaderElection72] INFO  server.RaftServerConfigKeys (ConfUtils.java:logGet(44)) - raft.server.log.appender.buffer.element-limit = 1 (custom)
2020-11-27 01:37:39,326 [eda6bd80-3bc8-486f-b21b-103a464f444a@group-B33F8C582359-LeaderElection72] INFO  grpc.GrpcConfigKeys (ConfUtils.java:logGet(44)) - raft.grpc.server.leader.outstanding.appends.max = 128 (default)
2020-11-27 01:37:39,327 [eda6bd80-3bc8-486f-b21b-103a464f444a@group-B33F8C582359-LeaderElection72] INFO  server.RaftServerConfigKeys (ConfUtils.java:logGet(44)) - raft.server.rpc.request.timeout = 3000ms (default)
2020-11-27 01:37:39,327 [eda6bd80-3bc8-486f-b21b-103a464f444a@group-B33F8C582359-LeaderElection72] INFO  server.RaftServerConfigKeys (ConfUtils.java:logGet(44)) - raft.server.log.appender.install.snapshot.enabled = false (custom)
2020-11-27 01:37:39,328 [eda6bd80-3bc8-486f-b21b-103a464f444a@group-B33F8C582359-LeaderElection72] INFO  impl.RoleInfo (RoleInfo.java:updateAndGet(143)) - eda6bd80-3bc8-486f-b21b-103a464f444a: start eda6bd80-3bc8-486f-b21b-103a464f444a@group-B33F8C582359-LeaderState
2020-11-27 01:37:39,329 [eda6bd80-3bc8-486f-b21b-103a464f444a@group-B33F8C582359-LeaderElection72] INFO  segmented.SegmentedRaftLogWorker (SegmentedRaftLogWorker.java:startLogSegment(398)) - eda6bd80-3bc8-486f-b21b-103a464f444a@group-B33F8C582359-SegmentedRaftLogWorker: Starting segment from index:0
2020-11-27 01:37:39,331 [eda6bd80-3bc8-486f-b21b-103a464f444a@group-B33F8C582359-LeaderElection72] INFO  impl.RaftServerImpl (ServerState.java:setRaftConf(374)) - eda6bd80-3bc8-486f-b21b-103a464f444a@group-B33F8C582359: set configuration 0: [d247a803-3982-4a1e-9d5c-2cb5c984a205|rpc:172.17.0.2:42885|dataStream:, 525ac4ff-a043-43ae-b658-3dd89705e4a8|rpc:172.17.0.2:44141|dataStream:, eda6bd80-3bc8-486f-b21b-103a464f444a|rpc:172.17.0.2:43699|dataStream:], old=null at 0
2020-11-27 01:37:39,331 [eda6bd80-3bc8-486f-b21b-103a464f444a@group-B33F8C582359-SegmentedRaftLogWorker] INFO  segmented.SegmentedRaftLogWorker (SegmentedRaftLogWorker.java:execute(597)) - eda6bd80-3bc8-486f-b21b-103a464f444a@group-B33F8C582359-SegmentedRaftLogWorker: created new log segment /github/workspace/mnt/ozone/hadoop-ozone/integration-test/target/test-dir/MiniOzoneClusterImpl-7befb19c-4ec9-4b73-94e9-5feb4aa859dd/datanode-5/data/ratis/0becb242-989c-45d7-a586-b33f8c582359/current/log_inprogress_0
2020-11-27 01:37:39,339 [Thread-2612] INFO  impl.FollowerState (FollowerState.java:run(128)) - 525ac4ff-a043-43ae-b658-3dd89705e4a8@group-1A46C086DB31-FollowerState: change to CANDIDATE, lastRpcTime:5003ms, electionTimeout:5003ms
2020-11-27 01:37:39,340 [grpc-default-executor-1] INFO  ratis.XceiverServerRatis (XceiverServerRatis.java:handleLeaderChangedNotification(854)) - Leader change notification received for group: group-B33F8C582359 with new leaderId: eda6bd80-3bc8-486f-b21b-103a464f444a
2020-11-27 01:37:39,340 [grpc-default-executor-1] INFO  impl.RaftServerImpl (ServerState.java:setLeader(256)) - 525ac4ff-a043-43ae-b658-3dd89705e4a8@group-B33F8C582359: change Leader from null to eda6bd80-3bc8-486f-b21b-103a464f444a at term 1 for appendEntries, leader elected after 5113ms
2020-11-27 01:37:39,342 [grpc-default-executor-3] INFO  ratis.XceiverServerRatis (XceiverServerRatis.java:handleLeaderChangedNotification(854)) - Leader change notification received for group: group-B33F8C582359 with new leaderId: eda6bd80-3bc8-486f-b21b-103a464f444a
2020-11-27 01:37:39,342 [grpc-default-executor-3] INFO  impl.RaftServerImpl (ServerState.java:setLeader(256)) - d247a803-3982-4a1e-9d5c-2cb5c984a205@group-B33F8C582359: change Leader from null to eda6bd80-3bc8-486f-b21b-103a464f444a at term 1 for appendEntries, leader elected after 5140ms
2020-11-27 01:37:39,342 [Thread-2612] INFO  impl.RoleInfo (RoleInfo.java:shutdownFollowerState(121)) - 525ac4ff-a043-43ae-b658-3dd89705e4a8: shutdown 525ac4ff-a043-43ae-b658-3dd89705e4a8@group-1A46C086DB31-FollowerState
2020-11-27 01:37:39,342 [Thread-2612] INFO  impl.RaftServerImpl (RaftServerImpl.java:setRole(204)) - 525ac4ff-a043-43ae-b658-3dd89705e4a8@group-1A46C086DB31: changes role from  FOLLOWER to CANDIDATE at term 0 for changeToCandidate
2020-11-27 01:37:39,349 [Thread-2612] INFO  impl.RoleInfo (RoleInfo.java:updateAndGet(143)) - 525ac4ff-a043-43ae-b658-3dd89705e4a8: start 525ac4ff-a043-43ae-b658-3dd89705e4a8@group-1A46C086DB31-LeaderElection73
2020-11-27 01:37:39,350 [grpc-default-executor-1] INFO  impl.RaftServerImpl (ServerState.java:setRaftConf(374)) - 525ac4ff-a043-43ae-b658-3dd89705e4a8@group-B33F8C582359: set configuration 0: [d247a803-3982-4a1e-9d5c-2cb5c984a205|rpc:172.17.0.2:42885|dataStream:, 525ac4ff-a043-43ae-b658-3dd89705e4a8|rpc:172.17.0.2:44141|dataStream:, eda6bd80-3bc8-486f-b21b-103a464f444a|rpc:172.17.0.2:43699|dataStream:], old=null at 0
2020-11-27 01:37:39,350 [grpc-default-executor-1] INFO  segmented.SegmentedRaftLogWorker (SegmentedRaftLogWorker.java:startLogSegment(398)) - 525ac4ff-a043-43ae-b658-3dd89705e4a8@group-B33F8C582359-SegmentedRaftLogWorker: Starting segment from index:0
2020-11-27 01:37:39,355 [525ac4ff-a043-43ae-b658-3dd89705e4a8@group-B33F8C582359-SegmentedRaftLogWorker] INFO  segmented.SegmentedRaftLogWorker (SegmentedRaftLogWorker.java:execute(597)) - 525ac4ff-a043-43ae-b658-3dd89705e4a8@group-B33F8C582359-SegmentedRaftLogWorker: created new log segment /github/workspace/mnt/ozone/hadoop-ozone/integration-test/target/test-dir/MiniOzoneClusterImpl-7befb19c-4ec9-4b73-94e9-5feb4aa859dd/datanode-4/data/ratis/0becb242-989c-45d7-a586-b33f8c582359/current/log_inprogress_0
2020-11-27 01:37:39,357 [grpc-default-executor-3] INFO  impl.RaftServerImpl (ServerState.java:setRaftConf(374)) - d247a803-3982-4a1e-9d5c-2cb5c984a205@group-B33F8C582359: set configuration 0: [d247a803-3982-4a1e-9d5c-2cb5c984a205|rpc:172.17.0.2:42885|dataStream:, 525ac4ff-a043-43ae-b658-3dd89705e4a8|rpc:172.17.0.2:44141|dataStream:, eda6bd80-3bc8-486f-b21b-103a464f444a|rpc:172.17.0.2:43699|dataStream:], old=null at 0
2020-11-27 01:37:39,358 [525ac4ff-a043-43ae-b658-3dd89705e4a8@group-1A46C086DB31-LeaderElection73] INFO  impl.LeaderElection (LeaderElection.java:askForVotes(215)) - 525ac4ff-a043-43ae-b658-3dd89705e4a8@group-1A46C086DB31-LeaderElection73: begin an election at term 1 for -1: [525ac4ff-a043-43ae-b658-3dd89705e4a8|rpc:172.17.0.2:44141], old=null
2020-11-27 01:37:39,358 [525ac4ff-a043-43ae-b658-3dd89705e4a8@group-1A46C086DB31-LeaderElection73] INFO  impl.RoleInfo (RoleInfo.java:shutdownLeaderElection(134)) - 525ac4ff-a043-43ae-b658-3dd89705e4a8: shutdown 525ac4ff-a043-43ae-b658-3dd89705e4a8@group-1A46C086DB31-LeaderElection73
2020-11-27 01:37:39,358 [525ac4ff-a043-43ae-b658-3dd89705e4a8@group-1A46C086DB31-LeaderElection73] INFO  impl.RaftServerImpl (RaftServerImpl.java:setRole(204)) - 525ac4ff-a043-43ae-b658-3dd89705e4a8@group-1A46C086DB31: changes role from CANDIDATE to LEADER at term 1 for changeToLeader
2020-11-27 01:37:39,358 [525ac4ff-a043-43ae-b658-3dd89705e4a8@group-1A46C086DB31-LeaderElection73] INFO  ratis.XceiverServerRatis (XceiverServerRatis.java:handleLeaderChangedNotification(854)) - Leader change notification received for group: group-1A46C086DB31 with new leaderId: 525ac4ff-a043-43ae-b658-3dd89705e4a8
2020-11-27 01:37:39,359 [525ac4ff-a043-43ae-b658-3dd89705e4a8@group-1A46C086DB31-LeaderElection73] INFO  impl.RaftServerImpl (ServerState.java:setLeader(256)) - 525ac4ff-a043-43ae-b658-3dd89705e4a8@group-1A46C086DB31: change Leader from null to 525ac4ff-a043-43ae-b658-3dd89705e4a8 at term 1 for becomeLeader, leader elected after 5031ms
2020-11-27 01:37:39,359 [525ac4ff-a043-43ae-b658-3dd89705e4a8@group-1A46C086DB31-LeaderElection73] INFO  server.RaftServerConfigKeys (ConfUtils.java:logGet(44)) - raft.server.staging.catchup.gap = 1000 (default)
2020-11-27 01:37:39,359 [525ac4ff-a043-43ae-b658-3dd89705e4a8@group-1A46C086DB31-LeaderElection73] INFO  server.RaftServerConfigKeys (ConfUtils.java:logGet(44)) - raft.server.rpc.sleep.time = 25ms (default)
2020-11-27 01:37:39,359 [525ac4ff-a043-43ae-b658-3dd89705e4a8@group-1A46C086DB31-LeaderElection73] INFO  metrics.RatisMetrics (RatisMetrics.java:lambda$create$0(36)) - Creating Metrics Registry : ratis.log_appender.525ac4ff-a043-43ae-b658-3dd89705e4a8@group-1A46C086DB31
2020-11-27 01:37:39,360 [525ac4ff-a043-43ae-b658-3dd89705e4a8@group-1A46C086DB31-LeaderElection73] INFO  server.RaftServerConfigKeys (ConfUtils.java:logGet(44)) - raft.server.write.element-limit = 1024 (custom)
2020-11-27 01:37:39,360 [525ac4ff-a043-43ae-b658-3dd89705e4a8@group-1A46C086DB31-LeaderElection73] INFO  server.RaftServerConfigKeys (ConfUtils.java:logGet(44)) - raft.server.write.byte-limit = 1073741824 (custom)
2020-11-27 01:37:39,360 [grpc-default-executor-3] INFO  segmented.SegmentedRaftLogWorker (SegmentedRaftLogWorker.java:startLogSegment(398)) - d247a803-3982-4a1e-9d5c-2cb5c984a205@group-B33F8C582359-SegmentedRaftLogWorker: Starting segment from index:0
2020-11-27 01:37:39,361 [525ac4ff-a043-43ae-b658-3dd89705e4a8@group-1A46C086DB31-LeaderElection73] INFO  server.RaftServerConfigKeys (ConfUtils.java:logGet(44)) - raft.server.watch.timeout = 3000ms (custom)
2020-11-27 01:37:39,361 [525ac4ff-a043-43ae-b658-3dd89705e4a8@group-1A46C086DB31-LeaderElection73] INFO  server.RaftServerConfigKeys (ConfUtils.java:logGet(44)) - raft.server.watch.timeout.denomination = 1s (default)
2020-11-27 01:37:39,361 [525ac4ff-a043-43ae-b658-3dd89705e4a8@group-1A46C086DB31-LeaderElection73] INFO  server.RaftServerConfigKeys (ConfUtils.java:logGet(44)) - raft.server.watch.element-limit = 65536 (default)
2020-11-27 01:37:39,361 [525ac4ff-a043-43ae-b658-3dd89705e4a8@group-1A46C086DB31-LeaderElection73] INFO  impl.RoleInfo (RoleInfo.java:updateAndGet(143)) - 525ac4ff-a043-43ae-b658-3dd89705e4a8: start 525ac4ff-a043-43ae-b658-3dd89705e4a8@group-1A46C086DB31-LeaderState
2020-11-27 01:37:39,362 [525ac4ff-a043-43ae-b658-3dd89705e4a8@group-1A46C086DB31-LeaderElection73] INFO  segmented.SegmentedRaftLogWorker (SegmentedRaftLogWorker.java:startLogSegment(398)) - 525ac4ff-a043-43ae-b658-3dd89705e4a8@group-1A46C086DB31-SegmentedRaftLogWorker: Starting segment from index:0
2020-11-27 01:37:39,365 [d247a803-3982-4a1e-9d5c-2cb5c984a205@group-B33F8C582359-SegmentedRaftLogWorker] INFO  segmented.SegmentedRaftLogWorker (SegmentedRaftLogWorker.java:execute(597)) - d247a803-3982-4a1e-9d5c-2cb5c984a205@group-B33F8C582359-SegmentedRaftLogWorker: created new log segment /github/workspace/mnt/ozone/hadoop-ozone/integration-test/target/test-dir/MiniOzoneClusterImpl-7befb19c-4ec9-4b73-94e9-5feb4aa859dd/datanode-3/data/ratis/0becb242-989c-45d7-a586-b33f8c582359/current/log_inprogress_0
2020-11-27 01:37:39,366 [525ac4ff-a043-43ae-b658-3dd89705e4a8@group-1A46C086DB31-SegmentedRaftLogWorker] INFO  segmented.SegmentedRaftLogWorker (SegmentedRaftLogWorker.java:execute(597)) - 525ac4ff-a043-43ae-b658-3dd89705e4a8@group-1A46C086DB31-SegmentedRaftLogWorker: created new log segment /github/workspace/mnt/ozone/hadoop-ozone/integration-test/target/test-dir/MiniOzoneClusterImpl-7befb19c-4ec9-4b73-94e9-5feb4aa859dd/datanode-4/data/ratis/5249168d-d0a0-4681-94ef-1a46c086db31/current/log_inprogress_0
2020-11-27 01:37:39,372 [525ac4ff-a043-43ae-b658-3dd89705e4a8@group-1A46C086DB31-LeaderElection73] INFO  impl.RaftServerImpl (ServerState.java:setRaftConf(374)) - 525ac4ff-a043-43ae-b658-3dd89705e4a8@group-1A46C086DB31: set configuration 0: [525ac4ff-a043-43ae-b658-3dd89705e4a8|rpc:172.17.0.2:44141|dataStream:], old=null at 0
2020-11-27 01:37:39,561 [Thread-2614] INFO  impl.FollowerState (FollowerState.java:run(128)) - eda6bd80-3bc8-486f-b21b-103a464f444a@group-2B8F084D8951-FollowerState: change to CANDIDATE, lastRpcTime:5047ms, electionTimeout:5047ms
2020-11-27 01:37:39,562 [Thread-2614] INFO  impl.RoleInfo (RoleInfo.java:shutdownFollowerState(121)) - eda6bd80-3bc8-486f-b21b-103a464f444a: shutdown eda6bd80-3bc8-486f-b21b-103a464f444a@group-2B8F084D8951-FollowerState
2020-11-27 01:37:39,562 [Thread-2614] INFO  impl.RaftServerImpl (RaftServerImpl.java:setRole(204)) - eda6bd80-3bc8-486f-b21b-103a464f444a@group-2B8F084D8951: changes role from  FOLLOWER to CANDIDATE at term 0 for changeToCandidate
2020-11-27 01:37:39,562 [Thread-2614] INFO  impl.RoleInfo (RoleInfo.java:updateAndGet(143)) - eda6bd80-3bc8-486f-b21b-103a464f444a: start eda6bd80-3bc8-486f-b21b-103a464f444a@group-2B8F084D8951-LeaderElection74
2020-11-27 01:37:39,569 [eda6bd80-3bc8-486f-b21b-103a464f444a@group-2B8F084D8951-LeaderElection74] INFO  impl.LeaderElection (LeaderElection.java:askForVotes(215)) - eda6bd80-3bc8-486f-b21b-103a464f444a@group-2B8F084D8951-LeaderElection74: begin an election at term 1 for -1: [eda6bd80-3bc8-486f-b21b-103a464f444a|rpc:172.17.0.2:43699], old=null
2020-11-27 01:37:39,569 [eda6bd80-3bc8-486f-b21b-103a464f444a@group-2B8F084D8951-LeaderElection74] INFO  impl.RoleInfo (RoleInfo.java:shutdownLeaderElection(134)) - eda6bd80-3bc8-486f-b21b-103a464f444a: shutdown eda6bd80-3bc8-486f-b21b-103a464f444a@group-2B8F084D8951-LeaderElection74
2020-11-27 01:37:39,570 [eda6bd80-3bc8-486f-b21b-103a464f444a@group-2B8F084D8951-LeaderElection74] INFO  impl.RaftServerImpl (RaftServerImpl.java:setRole(204)) - eda6bd80-3bc8-486f-b21b-103a464f444a@group-2B8F084D8951: changes role from CANDIDATE to LEADER at term 1 for changeToLeader
2020-11-27 01:37:39,570 [eda6bd80-3bc8-486f-b21b-103a464f444a@group-2B8F084D8951-LeaderElection74] INFO  ratis.XceiverServerRatis (XceiverServerRatis.java:handleLeaderChangedNotification(854)) - Leader change notification received for group: group-2B8F084D8951 with new leaderId: eda6bd80-3bc8-486f-b21b-103a464f444a
2020-11-27 01:37:39,570 [eda6bd80-3bc8-486f-b21b-103a464f444a@group-2B8F084D8951-LeaderElection74] INFO  impl.RaftServerImpl (ServerState.java:setLeader(256)) - eda6bd80-3bc8-486f-b21b-103a464f444a@group-2B8F084D8951: change Leader from null to eda6bd80-3bc8-486f-b21b-103a464f444a at term 1 for becomeLeader, leader elected after 5064ms
2020-11-27 01:37:39,570 [eda6bd80-3bc8-486f-b21b-103a464f444a@group-2B8F084D8951-LeaderElection74] INFO  server.RaftServerConfigKeys (ConfUtils.java:logGet(44)) - raft.server.staging.catchup.gap = 1000 (default)
2020-11-27 01:37:39,570 [eda6bd80-3bc8-486f-b21b-103a464f444a@group-2B8F084D8951-LeaderElection74] INFO  server.RaftServerConfigKeys (ConfUtils.java:logGet(44)) - raft.server.rpc.sleep.time = 25ms (default)
2020-11-27 01:37:39,570 [eda6bd80-3bc8-486f-b21b-103a464f444a@group-2B8F084D8951-LeaderElection74] INFO  metrics.RatisMetrics (RatisMetrics.java:lambda$create$0(36)) - Creating Metrics Registry : ratis.log_appender.eda6bd80-3bc8-486f-b21b-103a464f444a@group-2B8F084D8951
2020-11-27 01:37:39,570 [eda6bd80-3bc8-486f-b21b-103a464f444a@group-2B8F084D8951-LeaderElection74] INFO  server.RaftServerConfigKeys (ConfUtils.java:logGet(44)) - raft.server.write.element-limit = 1024 (custom)
2020-11-27 01:37:39,571 [eda6bd80-3bc8-486f-b21b-103a464f444a@group-2B8F084D8951-LeaderElection74] INFO  server.RaftServerConfigKeys (ConfUtils.java:logGet(44)) - raft.server.write.byte-limit = 1073741824 (custom)
2020-11-27 01:37:39,571 [eda6bd80-3bc8-486f-b21b-103a464f444a@group-2B8F084D8951-LeaderElection74] INFO  server.RaftServerConfigKeys (ConfUtils.java:logGet(44)) - raft.server.watch.timeout = 3000ms (custom)
2020-11-27 01:37:39,571 [eda6bd80-3bc8-486f-b21b-103a464f444a@group-2B8F084D8951-LeaderElection74] INFO  server.RaftServerConfigKeys (ConfUtils.java:logGet(44)) - raft.server.watch.timeout.denomination = 1s (default)
2020-11-27 01:37:39,571 [eda6bd80-3bc8-486f-b21b-103a464f444a@group-2B8F084D8951-LeaderElection74] INFO  server.RaftServerConfigKeys (ConfUtils.java:logGet(44)) - raft.server.watch.element-limit = 65536 (default)
2020-11-27 01:37:39,571 [eda6bd80-3bc8-486f-b21b-103a464f444a@group-2B8F084D8951-LeaderElection74] INFO  impl.RoleInfo (RoleInfo.java:updateAndGet(143)) - eda6bd80-3bc8-486f-b21b-103a464f444a: start eda6bd80-3bc8-486f-b21b-103a464f444a@group-2B8F084D8951-LeaderState
2020-11-27 01:37:39,572 [eda6bd80-3bc8-486f-b21b-103a464f444a@group-2B8F084D8951-LeaderElection74] INFO  segmented.SegmentedRaftLogWorker (SegmentedRaftLogWorker.java:startLogSegment(398)) - eda6bd80-3bc8-486f-b21b-103a464f444a@group-2B8F084D8951-SegmentedRaftLogWorker: Starting segment from index:0
2020-11-27 01:37:39,572 [eda6bd80-3bc8-486f-b21b-103a464f444a@group-2B8F084D8951-LeaderElection74] INFO  impl.RaftServerImpl (ServerState.java:setRaftConf(374)) - eda6bd80-3bc8-486f-b21b-103a464f444a@group-2B8F084D8951: set configuration 0: [eda6bd80-3bc8-486f-b21b-103a464f444a|rpc:172.17.0.2:43699|dataStream:], old=null at 0
2020-11-27 01:37:39,573 [eda6bd80-3bc8-486f-b21b-103a464f444a@group-2B8F084D8951-SegmentedRaftLogWorker] INFO  segmented.SegmentedRaftLogWorker (SegmentedRaftLogWorker.java:execute(597)) - eda6bd80-3bc8-486f-b21b-103a464f444a@group-2B8F084D8951-SegmentedRaftLogWorker: created new log segment /github/workspace/mnt/ozone/hadoop-ozone/integration-test/target/test-dir/MiniOzoneClusterImpl-7befb19c-4ec9-4b73-94e9-5feb4aa859dd/datanode-5/data/ratis/3ada5360-e935-4676-ab5a-2b8f084d8951/current/log_inprogress_0
2020-11-27 01:37:39,836 [Datanode State Machine Thread - 0] INFO  statemachine.DatanodeStateMachine (DatanodeStateMachine.java:lambda$startDaemon$0(406)) - Ozone container server started.
2020-11-27 01:37:39,860 [Thread-2616] INFO  impl.FollowerState (FollowerState.java:run(128)) - 5b456079-358f-469d-9a4b-1e41f0af00c2@group-00FCDB166A45-FollowerState: change to CANDIDATE, lastRpcTime:5145ms, electionTimeout:5145ms
2020-11-27 01:37:39,860 [Thread-2616] INFO  impl.RoleInfo (RoleInfo.java:shutdownFollowerState(121)) - 5b456079-358f-469d-9a4b-1e41f0af00c2: shutdown 5b456079-358f-469d-9a4b-1e41f0af00c2@group-00FCDB166A45-FollowerState
2020-11-27 01:37:39,860 [Thread-2616] INFO  impl.RaftServerImpl (RaftServerImpl.java:setRole(204)) - 5b456079-358f-469d-9a4b-1e41f0af00c2@group-00FCDB166A45: changes role from  FOLLOWER to CANDIDATE at term 0 for changeToCandidate
2020-11-27 01:37:39,860 [Thread-2616] INFO  impl.RoleInfo (RoleInfo.java:updateAndGet(143)) - 5b456079-358f-469d-9a4b-1e41f0af00c2: start 5b456079-358f-469d-9a4b-1e41f0af00c2@group-00FCDB166A45-LeaderElection75
2020-11-27 01:37:39,864 [5b456079-358f-469d-9a4b-1e41f0af00c2@group-00FCDB166A45-LeaderElection75] INFO  impl.LeaderElection (LeaderElection.java:askForVotes(215)) - 5b456079-358f-469d-9a4b-1e41f0af00c2@group-00FCDB166A45-LeaderElection75: begin an election at term 1 for -1: [5b456079-358f-469d-9a4b-1e41f0af00c2|rpc:172.17.0.2:39765], old=null
2020-11-27 01:37:39,864 [5b456079-358f-469d-9a4b-1e41f0af00c2@group-00FCDB166A45-LeaderElection75] INFO  impl.RoleInfo (RoleInfo.java:shutdownLeaderElection(134)) - 5b456079-358f-469d-9a4b-1e41f0af00c2: shutdown 5b456079-358f-469d-9a4b-1e41f0af00c2@group-00FCDB166A45-LeaderElection75
2020-11-27 01:37:39,864 [5b456079-358f-469d-9a4b-1e41f0af00c2@group-00FCDB166A45-LeaderElection75] INFO  impl.RaftServerImpl (RaftServerImpl.java:setRole(204)) - 5b456079-358f-469d-9a4b-1e41f0af00c2@group-00FCDB166A45: changes role from CANDIDATE to LEADER at term 1 for changeToLeader
2020-11-27 01:37:39,864 [5b456079-358f-469d-9a4b-1e41f0af00c2@group-00FCDB166A45-LeaderElection75] INFO  ratis.XceiverServerRatis (XceiverServerRatis.java:handleLeaderChangedNotification(854)) - Leader change notification received for group: group-00FCDB166A45 with new leaderId: 5b456079-358f-469d-9a4b-1e41f0af00c2
2020-11-27 01:37:39,864 [5b456079-358f-469d-9a4b-1e41f0af00c2@group-00FCDB166A45-LeaderElection75] INFO  impl.RaftServerImpl (ServerState.java:setLeader(256)) - 5b456079-358f-469d-9a4b-1e41f0af00c2@group-00FCDB166A45: change Leader from null to 5b456079-358f-469d-9a4b-1e41f0af00c2 at term 1 for becomeLeader, leader elected after 5158ms
2020-11-27 01:37:39,864 [5b456079-358f-469d-9a4b-1e41f0af00c2@group-00FCDB166A45-LeaderElection75] INFO  server.RaftServerConfigKeys (ConfUtils.java:logGet(44)) - raft.server.staging.catchup.gap = 1000 (default)
2020-11-27 01:37:39,864 [5b456079-358f-469d-9a4b-1e41f0af00c2@group-00FCDB166A45-LeaderElection75] INFO  server.RaftServerConfigKeys (ConfUtils.java:logGet(44)) - raft.server.rpc.sleep.time = 25ms (default)
2020-11-27 01:37:39,865 [5b456079-358f-469d-9a4b-1e41f0af00c2@group-00FCDB166A45-LeaderElection75] INFO  metrics.RatisMetrics (RatisMetrics.java:lambda$create$0(36)) - Creating Metrics Registry : ratis.log_appender.5b456079-358f-469d-9a4b-1e41f0af00c2@group-00FCDB166A45
2020-11-27 01:37:39,865 [5b456079-358f-469d-9a4b-1e41f0af00c2@group-00FCDB166A45-LeaderElection75] INFO  server.RaftServerConfigKeys (ConfUtils.java:logGet(44)) - raft.server.write.element-limit = 1024 (custom)
2020-11-27 01:37:39,865 [5b456079-358f-469d-9a4b-1e41f0af00c2@group-00FCDB166A45-LeaderElection75] INFO  server.RaftServerConfigKeys (ConfUtils.java:logGet(44)) - raft.server.write.byte-limit = 1073741824 (custom)
2020-11-27 01:37:39,866 [5b456079-358f-469d-9a4b-1e41f0af00c2@group-00FCDB166A45-LeaderElection75] INFO  server.RaftServerConfigKeys (ConfUtils.java:logGet(44)) - raft.server.watch.timeout = 3000ms (custom)
2020-11-27 01:37:39,866 [5b456079-358f-469d-9a4b-1e41f0af00c2@group-00FCDB166A45-LeaderElection75] INFO  server.RaftServerConfigKeys (ConfUtils.java:logGet(44)) - raft.server.watch.timeout.denomination = 1s (default)
2020-11-27 01:37:39,866 [5b456079-358f-469d-9a4b-1e41f0af00c2@group-00FCDB166A45-LeaderElection75] INFO  server.RaftServerConfigKeys (ConfUtils.java:logGet(44)) - raft.server.watch.element-limit = 65536 (default)
2020-11-27 01:37:39,866 [5b456079-358f-469d-9a4b-1e41f0af00c2@group-00FCDB166A45-LeaderElection75] INFO  impl.RoleInfo (RoleInfo.java:updateAndGet(143)) - 5b456079-358f-469d-9a4b-1e41f0af00c2: start 5b456079-358f-469d-9a4b-1e41f0af00c2@group-00FCDB166A45-LeaderState
2020-11-27 01:37:39,866 [5b456079-358f-469d-9a4b-1e41f0af00c2@group-00FCDB166A45-LeaderElection75] INFO  segmented.SegmentedRaftLogWorker (SegmentedRaftLogWorker.java:startLogSegment(398)) - 5b456079-358f-469d-9a4b-1e41f0af00c2@group-00FCDB166A45-SegmentedRaftLogWorker: Starting segment from index:0
2020-11-27 01:37:39,867 [5b456079-358f-469d-9a4b-1e41f0af00c2@group-00FCDB166A45-LeaderElection75] INFO  impl.RaftServerImpl (ServerState.java:setRaftConf(374)) - 5b456079-358f-469d-9a4b-1e41f0af00c2@group-00FCDB166A45: set configuration 0: [5b456079-358f-469d-9a4b-1e41f0af00c2|rpc:172.17.0.2:39765|dataStream:], old=null at 0
2020-11-27 01:37:39,868 [5b456079-358f-469d-9a4b-1e41f0af00c2@group-00FCDB166A45-SegmentedRaftLogWorker] INFO  segmented.SegmentedRaftLogWorker (SegmentedRaftLogWorker.java:execute(597)) - 5b456079-358f-469d-9a4b-1e41f0af00c2@group-00FCDB166A45-SegmentedRaftLogWorker: created new log segment /github/workspace/mnt/ozone/hadoop-ozone/integration-test/target/test-dir/MiniOzoneClusterImpl-7befb19c-4ec9-4b73-94e9-5feb4aa859dd/datanode-6/data/ratis/ca55c6d7-b416-4613-abcf-00fcdb166a45/current/log_inprogress_0
2020-11-27 01:37:41,648 [EventQueue-Delayed safe mode statusForReplicationManager] INFO  container.ReplicationManager (ReplicationManager.java:start(178)) - Starting Replication Monitor Thread.
2020-11-27 01:37:41,650 [ReplicationMonitor] INFO  container.ReplicationManager (ReplicationManager.java:run(242)) - Replication Monitor Thread took 1 milliseconds for processing 1 containers.
2020-11-27 01:37:43,930 [Listener at 127.0.0.1/40963] INFO  ozoneimpl.OzoneContainer (OzoneContainer.java:stop(257)) - Attempting to stop container services.
2020-11-27 01:37:43,930 [Listener at 127.0.0.1/40963] INFO  impl.RaftServerProxy (RaftServerProxy.java:lambda$close$4(338)) - 24a428e6-ab73-4f5b-a870-5f8cec721e35: close
2020-11-27 01:37:43,930 [Listener at 127.0.0.1/40963] INFO  impl.RaftServerImpl (RaftServerImpl.java:lambda$shutdown$3(328)) - 24a428e6-ab73-4f5b-a870-5f8cec721e35@group-C21560EF9FAB: shutdown
2020-11-27 01:37:43,930 [Listener at 127.0.0.1/40963] INFO  util.JmxRegister (JmxRegister.java:unregister(73)) - Successfully un-registered JMX Bean with object name Ratis:service=RaftServer,group=group-C21560EF9FAB,id=24a428e6-ab73-4f5b-a870-5f8cec721e35
2020-11-27 01:37:43,930 [Listener at 127.0.0.1/40963] INFO  impl.RoleInfo (RoleInfo.java:shutdownLeaderState(104)) - 24a428e6-ab73-4f5b-a870-5f8cec721e35: shutdown 24a428e6-ab73-4f5b-a870-5f8cec721e35@group-C21560EF9FAB-LeaderState
2020-11-27 01:37:43,931 [Listener at 127.0.0.1/40963] INFO  metrics.RatisMetrics (RatisMetrics.java:unregister(43)) - Unregistering Metrics Registry : ratis_grpc.log_appender.24a428e6-ab73-4f5b-a870-5f8cec721e35@group-C21560EF9FAB
2020-11-27 01:37:43,930 [ForkJoinPool.commonPool-worker-0] INFO  impl.RaftServerImpl (RaftServerImpl.java:lambda$shutdown$3(328)) - 24a428e6-ab73-4f5b-a870-5f8cec721e35@group-560F50B45583: shutdown
2020-11-27 01:37:43,931 [org.apache.ratis.server.impl.LogAppender$AppenderDaemon$$Lambda$473/1564135286@42c839fa] WARN  server.GrpcLogAppender (GrpcLogAppender.java:mayWait(168)) - 24a428e6-ab73-4f5b-a870-5f8cec721e35@group-C21560EF9FAB->fadf6fe5-11c1-4da6-9372-0a456385f570-GrpcLogAppender: Wait interrupted by java.lang.InterruptedException
2020-11-27 01:37:43,931 [Listener at 127.0.0.1/40963] INFO  metrics.RatisMetrics (RatisMetrics.java:unregister(43)) - Unregistering Metrics Registry : ratis_grpc.log_appender.24a428e6-ab73-4f5b-a870-5f8cec721e35@group-C21560EF9FAB
2020-11-27 01:37:43,931 [Listener at 127.0.0.1/40963] INFO  impl.PendingRequests (PendingRequests.java:sendNotLeaderResponses(250)) - 24a428e6-ab73-4f5b-a870-5f8cec721e35@group-C21560EF9FAB-PendingRequests: sendNotLeaderResponses
2020-11-27 01:37:43,931 [Listener at 127.0.0.1/40963] INFO  metrics.RatisMetrics (RatisMetrics.java:unregister(43)) - Unregistering Metrics Registry : ratis.log_appender.24a428e6-ab73-4f5b-a870-5f8cec721e35@group-C21560EF9FAB
2020-11-27 01:37:43,931 [Listener at 127.0.0.1/40963] INFO  metrics.RatisMetrics (RatisMetrics.java:unregister(43)) - Unregistering Metrics Registry : ratis.server.24a428e6-ab73-4f5b-a870-5f8cec721e35@group-C21560EF9FAB
2020-11-27 01:37:43,932 [Listener at 127.0.0.1/40963] INFO  impl.StateMachineUpdater (StateMachineUpdater.java:stopAndJoin(147)) - 24a428e6-ab73-4f5b-a870-5f8cec721e35@group-C21560EF9FAB-StateMachineUpdater: set stopIndex = 0
2020-11-27 01:37:43,931 [grpc-default-executor-1] INFO  server.GrpcServerProtocolService (GrpcServerProtocolService.java:onCompleted(138)) - fadf6fe5-11c1-4da6-9372-0a456385f570: Completed APPEND_ENTRIES, lastRequest: 24a428e6-ab73-4f5b-a870-5f8cec721e35->fadf6fe5-11c1-4da6-9372-0a456385f570#1-t1, previous=(t:0, i:0), leaderCommit=0, initializing? false, entries: size=1, first=(t:1, i:0), CONFIGURATIONENTRY
2020-11-27 01:37:43,931 [ForkJoinPool.commonPool-worker-0] INFO  util.JmxRegister (JmxRegister.java:unregister(73)) - Successfully un-registered JMX Bean with object name Ratis:service=RaftServer,group=group-560F50B45583,id=24a428e6-ab73-4f5b-a870-5f8cec721e35
2020-11-27 01:37:43,933 [ForkJoinPool.commonPool-worker-0] INFO  impl.RoleInfo (RoleInfo.java:shutdownFollowerState(121)) - 24a428e6-ab73-4f5b-a870-5f8cec721e35: shutdown 24a428e6-ab73-4f5b-a870-5f8cec721e35@group-560F50B45583-FollowerState
2020-11-27 01:37:43,933 [ForkJoinPool.commonPool-worker-0] INFO  impl.StateMachineUpdater (StateMachineUpdater.java:stopAndJoin(147)) - 24a428e6-ab73-4f5b-a870-5f8cec721e35@group-560F50B45583-StateMachineUpdater: set stopIndex = 15
2020-11-27 01:37:43,933 [Thread-2621] INFO  impl.FollowerState (FollowerState.java:run(137)) - 24a428e6-ab73-4f5b-a870-5f8cec721e35@group-560F50B45583-FollowerState was interrupted: {}
java.lang.InterruptedException: sleep interrupted
	at java.lang.Thread.sleep(Native Method)
	at org.apache.ratis.util.JavaUtils.sleep(JavaUtils.java:250)
	at org.apache.ratis.server.impl.FollowerState.run(FollowerState.java:116)
2020-11-27 01:37:43,934 [org.apache.ratis.server.impl.LogAppender$AppenderDaemon$$Lambda$473/1564135286@2c714152] WARN  server.GrpcLogAppender (GrpcLogAppender.java:mayWait(168)) - 24a428e6-ab73-4f5b-a870-5f8cec721e35@group-C21560EF9FAB->03f5e28f-1ccf-47de-881e-8ae7723c653b-GrpcLogAppender: Wait interrupted by java.lang.InterruptedException
2020-11-27 01:37:43,935 [grpc-default-executor-3] INFO  server.GrpcServerProtocolService (GrpcServerProtocolService.java:onCompleted(138)) - 03f5e28f-1ccf-47de-881e-8ae7723c653b: Completed APPEND_ENTRIES, lastRequest: 24a428e6-ab73-4f5b-a870-5f8cec721e35->03f5e28f-1ccf-47de-881e-8ae7723c653b#1-t1, previous=(t:0, i:0), leaderCommit=0, initializing? false, entries: size=1, first=(t:1, i:0), CONFIGURATIONENTRY
2020-11-27 01:37:43,935 [24a428e6-ab73-4f5b-a870-5f8cec721e35@group-C21560EF9FAB-StateMachineUpdater] INFO  ratis.ContainerStateMachine (ContainerStateMachine.java:takeSnapshot(293)) - group-C21560EF9FAB: Taking a snapshot at:(t:1, i:0) file /github/workspace/mnt/ozone/hadoop-ozone/integration-test/target/test-dir/MiniOzoneClusterImpl-7befb19c-4ec9-4b73-94e9-5feb4aa859dd/datanode-1/data/ratis/6ad1acc2-e1ba-4f36-9a9d-c21560ef9fab/sm/snapshot.1_0
2020-11-27 01:37:43,936 [24a428e6-ab73-4f5b-a870-5f8cec721e35@group-C21560EF9FAB-StateMachineUpdater] INFO  ratis.ContainerStateMachine (ContainerStateMachine.java:takeSnapshot(304)) - group-C21560EF9FAB: Finished taking a snapshot at:(t:1, i:0) file:/github/workspace/mnt/ozone/hadoop-ozone/integration-test/target/test-dir/MiniOzoneClusterImpl-7befb19c-4ec9-4b73-94e9-5feb4aa859dd/datanode-1/data/ratis/6ad1acc2-e1ba-4f36-9a9d-c21560ef9fab/sm/snapshot.1_0 time:0
2020-11-27 01:37:43,936 [24a428e6-ab73-4f5b-a870-5f8cec721e35@group-C21560EF9FAB-StateMachineUpdater] INFO  impl.StateMachineUpdater (StateMachineUpdater.java:takeSnapshot(278)) - 24a428e6-ab73-4f5b-a870-5f8cec721e35@group-C21560EF9FAB-StateMachineUpdater: Took a snapshot at index 0
2020-11-27 01:37:43,936 [24a428e6-ab73-4f5b-a870-5f8cec721e35@group-C21560EF9FAB-StateMachineUpdater] INFO  impl.StateMachineUpdater (StateMachineUpdater.java:lambda$new$0(87)) - 24a428e6-ab73-4f5b-a870-5f8cec721e35@group-C21560EF9FAB-StateMachineUpdater: snapshotIndex: updateIncreasingly -1 -> 0
2020-11-27 01:37:43,936 [24a428e6-ab73-4f5b-a870-5f8cec721e35@group-C21560EF9FAB-StateMachineUpdater] INFO  metrics.RatisMetrics (RatisMetrics.java:unregister(43)) - Unregistering Metrics Registry : ratis.state_machine.24a428e6-ab73-4f5b-a870-5f8cec721e35@group-C21560EF9FAB
2020-11-27 01:37:43,936 [Listener at 127.0.0.1/40963] INFO  impl.RaftServerImpl (ServerState.java:close(406)) - 24a428e6-ab73-4f5b-a870-5f8cec721e35@group-C21560EF9FAB: closes. applyIndex: 0
2020-11-27 01:37:43,937 [24a428e6-ab73-4f5b-a870-5f8cec721e35@group-C21560EF9FAB-SegmentedRaftLogWorker] INFO  segmented.SegmentedRaftLogWorker (SegmentedRaftLogWorker.java:run(329)) - 24a428e6-ab73-4f5b-a870-5f8cec721e35@group-C21560EF9FAB-SegmentedRaftLogWorker was interrupted, exiting. There are 0 tasks remaining in the queue.
2020-11-27 01:37:43,938 [Listener at 127.0.0.1/40963] INFO  segmented.SegmentedRaftLogWorker (SegmentedRaftLogWorker.java:close(235)) - 24a428e6-ab73-4f5b-a870-5f8cec721e35@group-C21560EF9FAB-SegmentedRaftLogWorker close()
2020-11-27 01:37:43,941 [Listener at 127.0.0.1/40963] INFO  metrics.RatisMetrics (RatisMetrics.java:unregister(43)) - Unregistering Metrics Registry : ratis.log_worker.24a428e6-ab73-4f5b-a870-5f8cec721e35@group-C21560EF9FAB
2020-11-27 01:37:43,942 [Listener at 127.0.0.1/40963] INFO  metrics.RatisMetrics (RatisMetrics.java:unregister(43)) - Unregistering Metrics Registry : ratis.leader_election.24a428e6-ab73-4f5b-a870-5f8cec721e35@group-C21560EF9FAB
2020-11-27 01:37:43,942 [Listener at 127.0.0.1/40963] INFO  metrics.RatisMetrics (RatisMetrics.java:unregister(43)) - Unregistering Metrics Registry : ratis.server.24a428e6-ab73-4f5b-a870-5f8cec721e35@group-C21560EF9FAB
2020-11-27 01:37:43,943 [grpc-default-executor-1] INFO  server.GrpcLogAppender (GrpcLogAppender.java:onCompleted(337)) - 24a428e6-ab73-4f5b-a870-5f8cec721e35@group-C21560EF9FAB->03f5e28f-1ccf-47de-881e-8ae7723c653b-AppendLogResponseHandler: follower responses appendEntries COMPLETED
2020-11-27 01:37:43,943 [grpc-default-executor-6] INFO  server.GrpcLogAppender (GrpcLogAppender.java:onCompleted(337)) - 24a428e6-ab73-4f5b-a870-5f8cec721e35@group-C21560EF9FAB->fadf6fe5-11c1-4da6-9372-0a456385f570-AppendLogResponseHandler: follower responses appendEntries COMPLETED
2020-11-27 01:37:43,942 [24a428e6-ab73-4f5b-a870-5f8cec721e35@group-560F50B45583-StateMachineUpdater] INFO  ratis.ContainerStateMachine (ContainerStateMachine.java:takeSnapshot(293)) - group-560F50B45583: Taking a snapshot at:(t:1, i:15) file /github/workspace/mnt/ozone/hadoop-ozone/integration-test/target/test-dir/MiniOzoneClusterImpl-7befb19c-4ec9-4b73-94e9-5feb4aa859dd/datanode-1/data/ratis/f811b82f-7be0-4efd-be02-560f50b45583/sm/snapshot.1_15
2020-11-27 01:37:43,943 [grpc-default-executor-6] INFO  impl.FollowerInfo (FollowerInfo.java:lambda$new$0(51)) - 24a428e6-ab73-4f5b-a870-5f8cec721e35@group-C21560EF9FAB->fadf6fe5-11c1-4da6-9372-0a456385f570: nextIndex: updateUnconditionally 1 -> 0
2020-11-27 01:37:43,943 [grpc-default-executor-1] INFO  impl.FollowerInfo (FollowerInfo.java:lambda$new$0(51)) - 24a428e6-ab73-4f5b-a870-5f8cec721e35@group-C21560EF9FAB->03f5e28f-1ccf-47de-881e-8ae7723c653b: nextIndex: updateUnconditionally 1 -> 0
2020-11-27 01:37:43,944 [24a428e6-ab73-4f5b-a870-5f8cec721e35@group-560F50B45583-StateMachineUpdater] INFO  ratis.ContainerStateMachine (ContainerStateMachine.java:takeSnapshot(304)) - group-560F50B45583: Finished taking a snapshot at:(t:1, i:15) file:/github/workspace/mnt/ozone/hadoop-ozone/integration-test/target/test-dir/MiniOzoneClusterImpl-7befb19c-4ec9-4b73-94e9-5feb4aa859dd/datanode-1/data/ratis/f811b82f-7be0-4efd-be02-560f50b45583/sm/snapshot.1_15 time:1
2020-11-27 01:37:43,944 [24a428e6-ab73-4f5b-a870-5f8cec721e35@group-560F50B45583-StateMachineUpdater] INFO  impl.StateMachineUpdater (StateMachineUpdater.java:takeSnapshot(278)) - 24a428e6-ab73-4f5b-a870-5f8cec721e35@group-560F50B45583-StateMachineUpdater: Took a snapshot at index 15
2020-11-27 01:37:43,944 [24a428e6-ab73-4f5b-a870-5f8cec721e35@group-560F50B45583-StateMachineUpdater] INFO  impl.StateMachineUpdater (StateMachineUpdater.java:lambda$new$0(87)) - 24a428e6-ab73-4f5b-a870-5f8cec721e35@group-560F50B45583-StateMachineUpdater: snapshotIndex: updateIncreasingly -1 -> 15
2020-11-27 01:37:43,944 [24a428e6-ab73-4f5b-a870-5f8cec721e35@group-560F50B45583-StateMachineUpdater] INFO  metrics.RatisMetrics (RatisMetrics.java:unregister(43)) - Unregistering Metrics Registry : ratis.state_machine.24a428e6-ab73-4f5b-a870-5f8cec721e35@group-560F50B45583
2020-11-27 01:37:43,944 [ForkJoinPool.commonPool-worker-0] INFO  impl.RaftServerImpl (ServerState.java:close(406)) - 24a428e6-ab73-4f5b-a870-5f8cec721e35@group-560F50B45583: closes. applyIndex: 15
2020-11-27 01:37:43,945 [24a428e6-ab73-4f5b-a870-5f8cec721e35@group-560F50B45583-SegmentedRaftLogWorker] INFO  segmented.SegmentedRaftLogWorker (SegmentedRaftLogWorker.java:run(329)) - 24a428e6-ab73-4f5b-a870-5f8cec721e35@group-560F50B45583-SegmentedRaftLogWorker was interrupted, exiting. There are 0 tasks remaining in the queue.
2020-11-27 01:37:43,945 [ForkJoinPool.commonPool-worker-0] INFO  segmented.SegmentedRaftLogWorker (SegmentedRaftLogWorker.java:close(235)) - 24a428e6-ab73-4f5b-a870-5f8cec721e35@group-560F50B45583-SegmentedRaftLogWorker close()
2020-11-27 01:37:43,946 [ForkJoinPool.commonPool-worker-0] INFO  metrics.RatisMetrics (RatisMetrics.java:unregister(43)) - Unregistering Metrics Registry : ratis.log_worker.24a428e6-ab73-4f5b-a870-5f8cec721e35@group-560F50B45583
2020-11-27 01:37:43,946 [ForkJoinPool.commonPool-worker-0] INFO  metrics.RatisMetrics (RatisMetrics.java:unregister(43)) - Unregistering Metrics Registry : ratis.leader_election.24a428e6-ab73-4f5b-a870-5f8cec721e35@group-560F50B45583
2020-11-27 01:37:43,946 [ForkJoinPool.commonPool-worker-0] INFO  metrics.RatisMetrics (RatisMetrics.java:unregister(43)) - Unregistering Metrics Registry : ratis.server.24a428e6-ab73-4f5b-a870-5f8cec721e35@group-560F50B45583
2020-11-27 01:37:43,946 [ForkJoinPool.commonPool-worker-0] INFO  impl.RaftServerImpl (RaftServerImpl.java:lambda$shutdown$3(328)) - 24a428e6-ab73-4f5b-a870-5f8cec721e35@group-3DC0F12F9DB3: shutdown
2020-11-27 01:37:43,946 [ForkJoinPool.commonPool-worker-0] INFO  util.JmxRegister (JmxRegister.java:unregister(73)) - Successfully un-registered JMX Bean with object name Ratis:service=RaftServer,group=group-3DC0F12F9DB3,id=24a428e6-ab73-4f5b-a870-5f8cec721e35
2020-11-27 01:37:43,946 [ForkJoinPool.commonPool-worker-0] INFO  impl.RoleInfo (RoleInfo.java:shutdownLeaderState(104)) - 24a428e6-ab73-4f5b-a870-5f8cec721e35: shutdown 24a428e6-ab73-4f5b-a870-5f8cec721e35@group-3DC0F12F9DB3-LeaderState
2020-11-27 01:37:43,946 [ForkJoinPool.commonPool-worker-0] INFO  impl.PendingRequests (PendingRequests.java:sendNotLeaderResponses(250)) - 24a428e6-ab73-4f5b-a870-5f8cec721e35@group-3DC0F12F9DB3-PendingRequests: sendNotLeaderResponses
2020-11-27 01:37:43,946 [ForkJoinPool.commonPool-worker-0] INFO  metrics.RatisMetrics (RatisMetrics.java:unregister(43)) - Unregistering Metrics Registry : ratis.log_appender.24a428e6-ab73-4f5b-a870-5f8cec721e35@group-3DC0F12F9DB3
2020-11-27 01:37:43,947 [ForkJoinPool.commonPool-worker-0] INFO  metrics.RatisMetrics (RatisMetrics.java:unregister(43)) - Unregistering Metrics Registry : ratis.server.24a428e6-ab73-4f5b-a870-5f8cec721e35@group-3DC0F12F9DB3
2020-11-27 01:37:43,947 [ForkJoinPool.commonPool-worker-0] INFO  impl.StateMachineUpdater (StateMachineUpdater.java:stopAndJoin(147)) - 24a428e6-ab73-4f5b-a870-5f8cec721e35@group-3DC0F12F9DB3-StateMachineUpdater: set stopIndex = 0
2020-11-27 01:37:43,948 [24a428e6-ab73-4f5b-a870-5f8cec721e35@group-3DC0F12F9DB3-StateMachineUpdater] INFO  ratis.ContainerStateMachine (ContainerStateMachine.java:takeSnapshot(293)) - group-3DC0F12F9DB3: Taking a snapshot at:(t:1, i:0) file /github/workspace/mnt/ozone/hadoop-ozone/integration-test/target/test-dir/MiniOzoneClusterImpl-7befb19c-4ec9-4b73-94e9-5feb4aa859dd/datanode-1/data/ratis/1b13b7f1-6258-4fa6-a04d-3dc0f12f9db3/sm/snapshot.1_0
2020-11-27 01:37:43,948 [24a428e6-ab73-4f5b-a870-5f8cec721e35@group-3DC0F12F9DB3-StateMachineUpdater] INFO  ratis.ContainerStateMachine (ContainerStateMachine.java:takeSnapshot(304)) - group-3DC0F12F9DB3: Finished taking a snapshot at:(t:1, i:0) file:/github/workspace/mnt/ozone/hadoop-ozone/integration-test/target/test-dir/MiniOzoneClusterImpl-7befb19c-4ec9-4b73-94e9-5feb4aa859dd/datanode-1/data/ratis/1b13b7f1-6258-4fa6-a04d-3dc0f12f9db3/sm/snapshot.1_0 time:1
2020-11-27 01:37:43,948 [24a428e6-ab73-4f5b-a870-5f8cec721e35@group-3DC0F12F9DB3-StateMachineUpdater] INFO  impl.StateMachineUpdater (StateMachineUpdater.java:takeSnapshot(278)) - 24a428e6-ab73-4f5b-a870-5f8cec721e35@group-3DC0F12F9DB3-StateMachineUpdater: Took a snapshot at index 0
2020-11-27 01:37:43,948 [24a428e6-ab73-4f5b-a870-5f8cec721e35@group-3DC0F12F9DB3-StateMachineUpdater] INFO  impl.StateMachineUpdater (StateMachineUpdater.java:lambda$new$0(87)) - 24a428e6-ab73-4f5b-a870-5f8cec721e35@group-3DC0F12F9DB3-StateMachineUpdater: snapshotIndex: updateIncreasingly -1 -> 0
2020-11-27 01:37:43,949 [24a428e6-ab73-4f5b-a870-5f8cec721e35@group-3DC0F12F9DB3-StateMachineUpdater] INFO  metrics.RatisMetrics (RatisMetrics.java:unregister(43)) - Unregistering Metrics Registry : ratis.state_machine.24a428e6-ab73-4f5b-a870-5f8cec721e35@group-3DC0F12F9DB3
2020-11-27 01:37:43,949 [ForkJoinPool.commonPool-worker-0] INFO  impl.RaftServerImpl (ServerState.java:close(406)) - 24a428e6-ab73-4f5b-a870-5f8cec721e35@group-3DC0F12F9DB3: closes. applyIndex: 0
2020-11-27 01:37:43,949 [24a428e6-ab73-4f5b-a870-5f8cec721e35@group-3DC0F12F9DB3-SegmentedRaftLogWorker] INFO  segmented.SegmentedRaftLogWorker (SegmentedRaftLogWorker.java:run(329)) - 24a428e6-ab73-4f5b-a870-5f8cec721e35@group-3DC0F12F9DB3-SegmentedRaftLogWorker was interrupted, exiting. There are 0 tasks remaining in the queue.
2020-11-27 01:37:43,950 [ForkJoinPool.commonPool-worker-0] INFO  segmented.SegmentedRaftLogWorker (SegmentedRaftLogWorker.java:close(235)) - 24a428e6-ab73-4f5b-a870-5f8cec721e35@group-3DC0F12F9DB3-SegmentedRaftLogWorker close()
2020-11-27 01:37:43,951 [ForkJoinPool.commonPool-worker-0] INFO  metrics.RatisMetrics (RatisMetrics.java:unregister(43)) - Unregistering Metrics Registry : ratis.log_worker.24a428e6-ab73-4f5b-a870-5f8cec721e35@group-3DC0F12F9DB3
2020-11-27 01:37:43,951 [ForkJoinPool.commonPool-worker-0] INFO  metrics.RatisMetrics (RatisMetrics.java:unregister(43)) - Unregistering Metrics Registry : ratis.leader_election.24a428e6-ab73-4f5b-a870-5f8cec721e35@group-3DC0F12F9DB3
2020-11-27 01:37:43,952 [ForkJoinPool.commonPool-worker-0] INFO  metrics.RatisMetrics (RatisMetrics.java:unregister(43)) - Unregistering Metrics Registry : ratis.server.24a428e6-ab73-4f5b-a870-5f8cec721e35@group-3DC0F12F9DB3
2020-11-27 01:37:43,952 [Listener at 127.0.0.1/40963] INFO  server.GrpcService (GrpcService.java:closeImpl(184)) - 24a428e6-ab73-4f5b-a870-5f8cec721e35: shutdown server with port 43409 now
2020-11-27 01:37:43,955 [grpc-default-executor-6] WARN  server.GrpcServerProtocolService (LogUtils.java:warn(122)) - 24a428e6-ab73-4f5b-a870-5f8cec721e35: installSnapshot onError, lastRequest: 03f5e28f-1ccf-47de-881e-8ae7723c653b->24a428e6-ab73-4f5b-a870-5f8cec721e35#40-t1, previous=(t:1, i:14), leaderCommit=13, initializing? false, entries: size=1, first=(t:1, i:15), METADATAENTRY(c:13): org.apache.ratis.thirdparty.io.grpc.StatusRuntimeException: CANCELLED: cancelled before receiving half close
2020-11-27 01:37:43,956 [grpc-default-executor-1] WARN  server.GrpcLogAppender (LogUtils.java:warn(122)) - 03f5e28f-1ccf-47de-881e-8ae7723c653b@group-560F50B45583->24a428e6-ab73-4f5b-a870-5f8cec721e35-AppendLogResponseHandler: Failed appendEntries: org.apache.ratis.thirdparty.io.grpc.StatusRuntimeException: CANCELLED: HTTP/2 error code: CANCEL
Received Rst Stream
2020-11-27 01:37:43,957 [grpc-default-executor-1] INFO  impl.FollowerInfo (FollowerInfo.java:lambda$new$0(51)) - 03f5e28f-1ccf-47de-881e-8ae7723c653b@group-560F50B45583->24a428e6-ab73-4f5b-a870-5f8cec721e35: nextIndex: updateUnconditionally 16 -> 15
2020-11-27 01:37:43,959 [Listener at 127.0.0.1/40963] INFO  server.GrpcService (GrpcService.java:closeImpl(193)) - 24a428e6-ab73-4f5b-a870-5f8cec721e35: shutdown server with port 43409 successfully
2020-11-27 01:37:43,960 [Listener at 127.0.0.1/40963] INFO  utils.BackgroundService (BackgroundService.java:shutdown(132)) - Shutting down service BlockDeletingService
2020-11-27 01:37:43,964 [grpc-default-executor-6] WARN  server.GrpcLogAppender (LogUtils.java:warn(122)) - 03f5e28f-1ccf-47de-881e-8ae7723c653b@group-560F50B45583->24a428e6-ab73-4f5b-a870-5f8cec721e35-AppendLogResponseHandler: Failed appendEntries: org.apache.ratis.thirdparty.io.grpc.StatusRuntimeException: UNAVAILABLE: io exception
2020-11-27 01:37:43,965 [grpc-default-executor-6] INFO  impl.FollowerInfo (FollowerInfo.java:lambda$new$0(51)) - 03f5e28f-1ccf-47de-881e-8ae7723c653b@group-560F50B45583->24a428e6-ab73-4f5b-a870-5f8cec721e35: nextIndex: updateUnconditionally 16 -> 15
2020-11-27 01:37:43,968 [Listener at 127.0.0.1/40963] INFO  statemachine.DatanodeStateMachine (DatanodeStateMachine.java:stopDaemon(459)) - Ozone container server stopped.
2020-11-27 01:37:43,976 [Listener at 127.0.0.1/40963] INFO  handler.ContextHandler (ContextHandler.java:doStop(1154)) - Stopped o.e.j.w.WebAppContext@64c4352d{hddsDatanode,/,null,STOPPED}{jar:file:/home/user/.m2/repository/org/apache/hadoop/hadoop-hdds-container-service/1.1.0-SNAPSHOT/hadoop-hdds-container-service-1.1.0-SNAPSHOT.jar!/webapps/hddsDatanode}
2020-11-27 01:37:43,981 [Listener at 127.0.0.1/40963] INFO  server.AbstractConnector (AbstractConnector.java:doStop(381)) - Stopped ServerConnector@66ca9ac3{HTTP/1.1, (http/1.1)}{0.0.0.0:0}
2020-11-27 01:37:43,981 [Listener at 127.0.0.1/40963] INFO  server.session (HouseKeeper.java:stopScavenging(149)) - node0 Stopped scavenging
2020-11-27 01:37:43,986 [Listener at 127.0.0.1/40963] INFO  handler.ContextHandler (ContextHandler.java:doStop(1154)) - Stopped o.e.j.s.ServletContextHandler@1bb35bb6{static,/static,jar:file:/home/user/.m2/repository/org/apache/hadoop/hadoop-hdds-container-service/1.1.0-SNAPSHOT/hadoop-hdds-container-service-1.1.0-SNAPSHOT.jar!/webapps/static,STOPPED}
2020-11-27 01:37:43,986 [Listener at 127.0.0.1/40963] INFO  handler.ContextHandler (ContextHandler.java:doStop(1154)) - Stopped o.e.j.s.ServletContextHandler@5091d2c4{logs,/logs,file:///github/workspace/mnt/ozone/hadoop-ozone/integration-test/target/log,STOPPED}
2020-11-27 01:37:43,989 [grpc-default-executor-3] WARN  server.GrpcLogAppender (LogUtils.java:warn(122)) - 03f5e28f-1ccf-47de-881e-8ae7723c653b@group-560F50B45583->24a428e6-ab73-4f5b-a870-5f8cec721e35-AppendLogResponseHandler: Failed appendEntries: org.apache.ratis.thirdparty.io.grpc.StatusRuntimeException: UNAVAILABLE: io exception
2020-11-27 01:37:43,989 [grpc-default-executor-3] INFO  impl.FollowerInfo (FollowerInfo.java:lambda$new$0(51)) - 03f5e28f-1ccf-47de-881e-8ae7723c653b@group-560F50B45583->24a428e6-ab73-4f5b-a870-5f8cec721e35: nextIndex: updateUnconditionally 16 -> 15
2020-11-27 01:37:43,992 [grpc-default-executor-6] WARN  server.GrpcLogAppender (LogUtils.java:warn(122)) - 03f5e28f-1ccf-47de-881e-8ae7723c653b@group-560F50B45583->24a428e6-ab73-4f5b-a870-5f8cec721e35-AppendLogResponseHandler: Failed appendEntries: org.apache.ratis.thirdparty.io.grpc.StatusRuntimeException: UNAVAILABLE: io exception
2020-11-27 01:37:43,993 [grpc-default-executor-6] INFO  impl.FollowerInfo (FollowerInfo.java:lambda$new$0(51)) - 03f5e28f-1ccf-47de-881e-8ae7723c653b@group-560F50B45583->24a428e6-ab73-4f5b-a870-5f8cec721e35: nextIndex: updateUnconditionally 16 -> 15
2020-11-27 01:37:43,997 [grpc-default-executor-6] WARN  server.GrpcLogAppender (LogUtils.java:warn(122)) - 03f5e28f-1ccf-47de-881e-8ae7723c653b@group-560F50B45583->24a428e6-ab73-4f5b-a870-5f8cec721e35-AppendLogResponseHandler: Failed appendEntries: org.apache.ratis.thirdparty.io.grpc.StatusRuntimeException: UNAVAILABLE: io exception
2020-11-27 01:37:43,997 [grpc-default-executor-6] INFO  impl.FollowerInfo (FollowerInfo.java:lambda$new$0(51)) - 03f5e28f-1ccf-47de-881e-8ae7723c653b@group-560F50B45583->24a428e6-ab73-4f5b-a870-5f8cec721e35: nextIndex: updateUnconditionally 16 -> 15
2020-11-27 01:37:43,999 [grpc-default-executor-6] WARN  server.GrpcLogAppender (LogUtils.java:warn(122)) - 03f5e28f-1ccf-47de-881e-8ae7723c653b@group-560F50B45583->24a428e6-ab73-4f5b-a870-5f8cec721e35-AppendLogResponseHandler: Failed appendEntries: org.apache.ratis.thirdparty.io.grpc.StatusRuntimeException: UNAVAILABLE: io exception
2020-11-27 01:37:43,999 [grpc-default-executor-6] INFO  impl.FollowerInfo (FollowerInfo.java:lambda$new$0(51)) - 03f5e28f-1ccf-47de-881e-8ae7723c653b@group-560F50B45583->24a428e6-ab73-4f5b-a870-5f8cec721e35: nextIndex: updateUnconditionally 16 -> 15
2020-11-27 01:37:44,001 [grpc-default-executor-6] WARN  server.GrpcLogAppender (LogUtils.java:warn(122)) - 03f5e28f-1ccf-47de-881e-8ae7723c653b@group-560F50B45583->24a428e6-ab73-4f5b-a870-5f8cec721e35-AppendLogResponseHandler: Failed appendEntries: org.apache.ratis.thirdparty.io.grpc.StatusRuntimeException: UNAVAILABLE: io exception
2020-11-27 01:37:44,001 [grpc-default-executor-6] INFO  impl.FollowerInfo (FollowerInfo.java:lambda$new$0(51)) - 03f5e28f-1ccf-47de-881e-8ae7723c653b@group-560F50B45583->24a428e6-ab73-4f5b-a870-5f8cec721e35: nextIndex: updateUnconditionally 16 -> 15
2020-11-27 01:37:44,007 [grpc-default-executor-3] WARN  server.GrpcLogAppender (LogUtils.java:warn(122)) - 03f5e28f-1ccf-47de-881e-8ae7723c653b@group-560F50B45583->24a428e6-ab73-4f5b-a870-5f8cec721e35-AppendLogResponseHandler: Failed appendEntries: org.apache.ratis.thirdparty.io.grpc.StatusRuntimeException: UNAVAILABLE: io exception
2020-11-27 01:37:44,008 [grpc-default-executor-3] INFO  impl.FollowerInfo (FollowerInfo.java:lambda$new$0(51)) - 03f5e28f-1ccf-47de-881e-8ae7723c653b@group-560F50B45583->24a428e6-ab73-4f5b-a870-5f8cec721e35: nextIndex: updateUnconditionally 16 -> 15
2020-11-27 01:37:44,011 [grpc-default-executor-3] WARN  server.GrpcLogAppender (LogUtils.java:warn(122)) - 03f5e28f-1ccf-47de-881e-8ae7723c653b@group-560F50B45583->24a428e6-ab73-4f5b-a870-5f8cec721e35-AppendLogResponseHandler: Failed appendEntries: org.apache.ratis.thirdparty.io.grpc.StatusRuntimeException: UNAVAILABLE: io exception
2020-11-27 01:37:44,011 [grpc-default-executor-3] INFO  impl.FollowerInfo (FollowerInfo.java:lambda$new$0(51)) - 03f5e28f-1ccf-47de-881e-8ae7723c653b@group-560F50B45583->24a428e6-ab73-4f5b-a870-5f8cec721e35: nextIndex: updateUnconditionally 16 -> 15
2020-11-27 01:37:44,017 [grpc-default-executor-3] WARN  server.GrpcLogAppender (LogUtils.java:warn(122)) - 03f5e28f-1ccf-47de-881e-8ae7723c653b@group-560F50B45583->24a428e6-ab73-4f5b-a870-5f8cec721e35-AppendLogResponseHandler: Failed appendEntries: org.apache.ratis.thirdparty.io.grpc.StatusRuntimeException: UNAVAILABLE: io exception
2020-11-27 01:37:44,018 [grpc-default-executor-3] INFO  impl.FollowerInfo (FollowerInfo.java:lambda$new$0(51)) - 03f5e28f-1ccf-47de-881e-8ae7723c653b@group-560F50B45583->24a428e6-ab73-4f5b-a870-5f8cec721e35: nextIndex: updateUnconditionally 16 -> 15
2020-11-27 01:37:44,019 [grpc-default-executor-3] WARN  server.GrpcLogAppender (LogUtils.java:warn(122)) - 03f5e28f-1ccf-47de-881e-8ae7723c653b@group-560F50B45583->24a428e6-ab73-4f5b-a870-5f8cec721e35-AppendLogResponseHandler: Failed appendEntries: org.apache.ratis.thirdparty.io.grpc.StatusRuntimeException: UNAVAILABLE: io exception
2020-11-27 01:37:44,019 [grpc-default-executor-3] INFO  impl.FollowerInfo (FollowerInfo.java:lambda$new$0(51)) - 03f5e28f-1ccf-47de-881e-8ae7723c653b@group-560F50B45583->24a428e6-ab73-4f5b-a870-5f8cec721e35: nextIndex: updateUnconditionally 16 -> 15
2020-11-27 01:37:44,022 [grpc-default-executor-3] WARN  server.GrpcLogAppender (LogUtils.java:warn(122)) - 03f5e28f-1ccf-47de-881e-8ae7723c653b@group-560F50B45583->24a428e6-ab73-4f5b-a870-5f8cec721e35-AppendLogResponseHandler: Failed appendEntries: org.apache.ratis.thirdparty.io.grpc.StatusRuntimeException: UNAVAILABLE: io exception
2020-11-27 01:37:44,023 [grpc-default-executor-3] INFO  impl.FollowerInfo (FollowerInfo.java:lambda$new$0(51)) - 03f5e28f-1ccf-47de-881e-8ae7723c653b@group-560F50B45583->24a428e6-ab73-4f5b-a870-5f8cec721e35: nextIndex: updateUnconditionally 16 -> 15
2020-11-27 01:37:44,024 [grpc-default-executor-3] WARN  server.GrpcLogAppender (LogUtils.java:warn(122)) - 03f5e28f-1ccf-47de-881e-8ae7723c653b@group-560F50B45583->24a428e6-ab73-4f5b-a870-5f8cec721e35-AppendLogResponseHandler: Failed appendEntries: org.apache.ratis.thirdparty.io.grpc.StatusRuntimeException: UNAVAILABLE: io exception
2020-11-27 01:37:44,024 [grpc-default-executor-3] INFO  impl.FollowerInfo (FollowerInfo.java:lambda$new$0(51)) - 03f5e28f-1ccf-47de-881e-8ae7723c653b@group-560F50B45583->24a428e6-ab73-4f5b-a870-5f8cec721e35: nextIndex: updateUnconditionally 16 -> 15
2020-11-27 01:37:46,524 [grpc-default-executor-3] WARN  server.GrpcLogAppender (LogUtils.java:warn(122)) - 03f5e28f-1ccf-47de-881e-8ae7723c653b@group-560F50B45583->24a428e6-ab73-4f5b-a870-5f8cec721e35-AppendLogResponseHandler: Failed appendEntries: org.apache.ratis.thirdparty.io.grpc.StatusRuntimeException: UNAVAILABLE: io exception
2020-11-27 01:37:46,525 [grpc-default-executor-3] INFO  impl.FollowerInfo (FollowerInfo.java:lambda$new$0(51)) - 03f5e28f-1ccf-47de-881e-8ae7723c653b@group-560F50B45583->24a428e6-ab73-4f5b-a870-5f8cec721e35: nextIndex: updateUnconditionally 16 -> 15
2020-11-27 01:37:46,526 [grpc-default-executor-3] WARN  server.GrpcLogAppender (LogUtils.java:warn(122)) - 03f5e28f-1ccf-47de-881e-8ae7723c653b@group-560F50B45583->24a428e6-ab73-4f5b-a870-5f8cec721e35-AppendLogResponseHandler: Failed appendEntries: org.apache.ratis.thirdparty.io.grpc.StatusRuntimeException: UNAVAILABLE: io exception
2020-11-27 01:37:46,526 [grpc-default-executor-3] INFO  impl.FollowerInfo (FollowerInfo.java:lambda$new$0(51)) - 03f5e28f-1ccf-47de-881e-8ae7723c653b@group-560F50B45583->24a428e6-ab73-4f5b-a870-5f8cec721e35: nextIndex: updateUnconditionally 16 -> 15
2020-11-27 01:37:47,032 [Listener at 127.0.0.1/40963] WARN  scm.XceiverClientRatis (XceiverClientRatis.java:watchForCommit(266)) - 3 way commit failed on pipeline Pipeline[ Id: f811b82f-7be0-4efd-be02-560f50b45583, Nodes: 24a428e6-ab73-4f5b-a870-5f8cec721e35{ip: 172.17.0.2, host: 3bf31645156d, networkLocation: /default-rack, certSerialId: null}03f5e28f-1ccf-47de-881e-8ae7723c653b{ip: 172.17.0.2, host: 3bf31645156d, networkLocation: /default-rack, certSerialId: null}fadf6fe5-11c1-4da6-9372-0a456385f570{ip: 172.17.0.2, host: 3bf31645156d, networkLocation: /default-rack, certSerialId: null}, Type:RATIS, Factor:THREE, State:OPEN, leaderId:03f5e28f-1ccf-47de-881e-8ae7723c653b, CreationTimestamp2020-11-27T01:37:30.907Z]
java.util.concurrent.ExecutionException: org.apache.ratis.protocol.exceptions.TimeoutIOException: Request #175 timeout 3000ms
	at java.util.concurrent.CompletableFuture.reportGet(CompletableFuture.java:357)
	at java.util.concurrent.CompletableFuture.get(CompletableFuture.java:1908)
	at org.apache.hadoop.hdds.scm.XceiverClientRatis.watchForCommit(XceiverClientRatis.java:263)
	at org.apache.hadoop.hdds.scm.storage.CommitWatcher.watchForCommit(CommitWatcher.java:199)
	at org.apache.hadoop.hdds.scm.storage.CommitWatcher.watchOnLastIndex(CommitWatcher.java:166)
	at org.apache.hadoop.hdds.scm.storage.BlockOutputStream.watchForCommit(BlockOutputStream.java:382)
	at org.apache.hadoop.hdds.scm.storage.BlockOutputStream.handleFlush(BlockOutputStream.java:534)
	at org.apache.hadoop.hdds.scm.storage.BlockOutputStream.close(BlockOutputStream.java:548)
	at org.apache.hadoop.ozone.client.io.BlockOutputStreamEntry.close(BlockOutputStreamEntry.java:129)
	at org.apache.hadoop.ozone.client.io.KeyOutputStream.handleStreamAction(KeyOutputStream.java:501)
	at org.apache.hadoop.ozone.client.io.KeyOutputStream.handleFlushOrClose(KeyOutputStream.java:471)
	at org.apache.hadoop.ozone.client.io.KeyOutputStream.handleWrite(KeyOutputStream.java:238)
	at org.apache.hadoop.ozone.client.io.KeyOutputStream.write(KeyOutputStream.java:214)
	at org.apache.hadoop.ozone.client.io.OzoneOutputStream.write(OzoneOutputStream.java:49)
	at java.io.OutputStream.write(OutputStream.java:75)
	at org.apache.hadoop.ozone.client.rpc.TestBlockOutputStreamWithFailures.testWatchForCommitDatanodeFailure(TestBlockOutputStreamWithFailures.java:320)
	at sun.reflect.NativeMethodAccessorImpl.invoke0(Native Method)
	at sun.reflect.NativeMethodAccessorImpl.invoke(NativeMethodAccessorImpl.java:62)
	at sun.reflect.DelegatingMethodAccessorImpl.invoke(DelegatingMethodAccessorImpl.java:43)
	at java.lang.reflect.Method.invoke(Method.java:498)
	at org.junit.runners.model.FrameworkMethod$1.runReflectiveCall(FrameworkMethod.java:47)
	at org.junit.internal.runners.model.ReflectiveCallable.run(ReflectiveCallable.java:12)
	at org.junit.runners.model.FrameworkMethod.invokeExplosively(FrameworkMethod.java:44)
	at org.junit.internal.runners.statements.InvokeMethod.evaluate(InvokeMethod.java:17)
	at org.junit.internal.runners.statements.RunBefores.evaluate(RunBefores.java:26)
	at org.junit.internal.runners.statements.RunAfters.evaluate(RunAfters.java:27)
	at org.junit.internal.runners.statements.FailOnTimeout$StatementThread.run(FailOnTimeout.java:74)
Caused by: org.apache.ratis.protocol.exceptions.TimeoutIOException: Request #175 timeout 3000ms
	at org.apache.ratis.grpc.client.GrpcClientProtocolClient$AsyncStreamObservers.lambda$timeoutCheck$5(GrpcClientProtocolClient.java:337)
	at java.util.Optional.ifPresent(Optional.java:159)
	at org.apache.ratis.grpc.client.GrpcClientProtocolClient$AsyncStreamObservers.handleReplyFuture(GrpcClientProtocolClient.java:342)
	at org.apache.ratis.grpc.client.GrpcClientProtocolClient$AsyncStreamObservers.timeoutCheck(GrpcClientProtocolClient.java:337)
	at org.apache.ratis.grpc.client.GrpcClientProtocolClient$AsyncStreamObservers.lambda$onNext$1(GrpcClientProtocolClient.java:326)
	at org.apache.ratis.util.TimeoutScheduler.lambda$onTimeout$0(TimeoutScheduler.java:141)
	at org.apache.ratis.util.TimeoutScheduler.lambda$onTimeout$1(TimeoutScheduler.java:155)
	at org.apache.ratis.util.LogUtils.runAndLog(LogUtils.java:38)
	at org.apache.ratis.util.LogUtils$1.run(LogUtils.java:79)
	at java.util.concurrent.Executors$RunnableAdapter.call(Executors.java:511)
	at java.util.concurrent.FutureTask.run(FutureTask.java:266)
	at java.util.concurrent.ScheduledThreadPoolExecutor$ScheduledFutureTask.access$201(ScheduledThreadPoolExecutor.java:180)
	at java.util.concurrent.ScheduledThreadPoolExecutor$ScheduledFutureTask.run(ScheduledThreadPoolExecutor.java:293)
	at java.util.concurrent.ThreadPoolExecutor.runWorker(ThreadPoolExecutor.java:1149)
	at java.util.concurrent.ThreadPoolExecutor$Worker.run(ThreadPoolExecutor.java:624)
	at java.lang.Thread.run(Thread.java:748)
2020-11-27 01:37:47,036 [Listener at 127.0.0.1/40963] INFO  scm.XceiverClientRatis (XceiverClientRatis.java:lambda$watchForCommit$6(284)) - Could not commit index 22 on pipeline Pipeline[ Id: f811b82f-7be0-4efd-be02-560f50b45583, Nodes: 24a428e6-ab73-4f5b-a870-5f8cec721e35{ip: 172.17.0.2, host: 3bf31645156d, networkLocation: /default-rack, certSerialId: null}03f5e28f-1ccf-47de-881e-8ae7723c653b{ip: 172.17.0.2, host: 3bf31645156d, networkLocation: /default-rack, certSerialId: null}fadf6fe5-11c1-4da6-9372-0a456385f570{ip: 172.17.0.2, host: 3bf31645156d, networkLocation: /default-rack, certSerialId: null}, Type:RATIS, Factor:THREE, State:OPEN, leaderId:03f5e28f-1ccf-47de-881e-8ae7723c653b, CreationTimestamp2020-11-27T01:37:30.907Z] to all the nodes. Server 24a428e6-ab73-4f5b-a870-5f8cec721e35 has failed. Committed by majority.
2020-11-27 01:37:47,036 [Listener at 127.0.0.1/40963] WARN  storage.BlockOutputStream (BlockOutputStream.java:watchForCommit(388)) - Failed to commit BlockId conID: 1 locID: 105279721226108941 bcsId: 22 on Pipeline[ Id: f811b82f-7be0-4efd-be02-560f50b45583, Nodes: 24a428e6-ab73-4f5b-a870-5f8cec721e35{ip: 172.17.0.2, host: 3bf31645156d, networkLocation: /default-rack, certSerialId: null}03f5e28f-1ccf-47de-881e-8ae7723c653b{ip: 172.17.0.2, host: 3bf31645156d, networkLocation: /default-rack, certSerialId: null}fadf6fe5-11c1-4da6-9372-0a456385f570{ip: 172.17.0.2, host: 3bf31645156d, networkLocation: /default-rack, certSerialId: null}, Type:RATIS, Factor:THREE, State:OPEN, leaderId:03f5e28f-1ccf-47de-881e-8ae7723c653b, CreationTimestamp2020-11-27T01:37:30.907Z]. Failed nodes: [24a428e6-ab73-4f5b-a870-5f8cec721e35{ip: null, host: null, networkLocation: /default-rack, certSerialId: null}]
2020-11-27 01:37:47,042 [Listener at 127.0.0.1/40963] INFO  metrics.RatisMetrics (RatisMetrics.java:lambda$create$0(36)) - Creating Metrics Registry : ratis.client_message_metrics.client-67DAB07756F6->24a428e6-ab73-4f5b-a870-5f8cec721e35
2020-11-27 01:37:47,595 [Thread-2774] INFO  client.GrpcClientProtocolService (GrpcClientProtocolService.java:lambda$processClientRequest$0(289)) - Failed RaftClientRequest:client-FE73946587A3->03f5e28f-1ccf-47de-881e-8ae7723c653b@group-560F50B45583, cid=175, seq=0, Watch-ALL_COMMITTED(22), Message:<EMPTY>, reply=RaftClientReply:client-FE73946587A3->03f5e28f-1ccf-47de-881e-8ae7723c653b@group-560F50B45583, cid=175, FAILED org.apache.ratis.protocol.exceptions.NotReplicatedException: Request with call Id 175 and log index 22 is not yet replicated to ALL_COMMITTED, logIndex=22, commits[03f5e28f-1ccf-47de-881e-8ae7723c653b:c24, fadf6fe5-11c1-4da6-9372-0a456385f570:c24, 24a428e6-ab73-4f5b-a870-5f8cec721e35:c15]
2020-11-27 01:37:48,909 [EventQueue-StaleNodeForStaleNodeHandler] INFO  node.StaleNodeHandler (StaleNodeHandler.java:onMessage(58)) - Datanode 24a428e6-ab73-4f5b-a870-5f8cec721e35{ip: 172.17.0.2, host: 3bf31645156d, networkLocation: /default-rack, certSerialId: null} moved to stale state. Finalizing its pipelines [PipelineID=6ad1acc2-e1ba-4f36-9a9d-c21560ef9fab, PipelineID=f811b82f-7be0-4efd-be02-560f50b45583, PipelineID=1b13b7f1-6258-4fa6-a04d-3dc0f12f9db3]
2020-11-27 01:37:48,909 [EventQueue-StaleNodeForStaleNodeHandler] INFO  pipeline.SCMPipelineManager (SCMPipelineManager.java:finalizeAndDestroyPipeline(482)) - Destroying pipeline:Pipeline[ Id: 6ad1acc2-e1ba-4f36-9a9d-c21560ef9fab, Nodes: 24a428e6-ab73-4f5b-a870-5f8cec721e35{ip: 172.17.0.2, host: 3bf31645156d, networkLocation: /default-rack, certSerialId: null}03f5e28f-1ccf-47de-881e-8ae7723c653b{ip: 172.17.0.2, host: 3bf31645156d, networkLocation: /default-rack, certSerialId: null}fadf6fe5-11c1-4da6-9372-0a456385f570{ip: 172.17.0.2, host: 3bf31645156d, networkLocation: /default-rack, certSerialId: null}, Type:RATIS, Factor:THREE, State:OPEN, leaderId:24a428e6-ab73-4f5b-a870-5f8cec721e35, CreationTimestamp2020-11-27T01:37:30.907Z]
2020-11-27 01:37:48,909 [EventQueue-StaleNodeForStaleNodeHandler] INFO  pipeline.PipelineStateManager (PipelineStateManager.java:finalizePipeline(121)) - Pipeline Pipeline[ Id: 6ad1acc2-e1ba-4f36-9a9d-c21560ef9fab, Nodes: 24a428e6-ab73-4f5b-a870-5f8cec721e35{ip: 172.17.0.2, host: 3bf31645156d, networkLocation: /default-rack, certSerialId: null}03f5e28f-1ccf-47de-881e-8ae7723c653b{ip: 172.17.0.2, host: 3bf31645156d, networkLocation: /default-rack, certSerialId: null}fadf6fe5-11c1-4da6-9372-0a456385f570{ip: 172.17.0.2, host: 3bf31645156d, networkLocation: /default-rack, certSerialId: null}, Type:RATIS, Factor:THREE, State:CLOSED, leaderId:24a428e6-ab73-4f5b-a870-5f8cec721e35, CreationTimestamp2020-11-27T01:37:30.907Z] moved to CLOSED state
2020-11-27 01:37:48,910 [EventQueue-StaleNodeForStaleNodeHandler] INFO  pipeline.SCMPipelineManager (SCMPipelineManager.java:finalizeAndDestroyPipeline(482)) - Destroying pipeline:Pipeline[ Id: f811b82f-7be0-4efd-be02-560f50b45583, Nodes: 24a428e6-ab73-4f5b-a870-5f8cec721e35{ip: 172.17.0.2, host: 3bf31645156d, networkLocation: /default-rack, certSerialId: null}03f5e28f-1ccf-47de-881e-8ae7723c653b{ip: 172.17.0.2, host: 3bf31645156d, networkLocation: /default-rack, certSerialId: null}fadf6fe5-11c1-4da6-9372-0a456385f570{ip: 172.17.0.2, host: 3bf31645156d, networkLocation: /default-rack, certSerialId: null}, Type:RATIS, Factor:THREE, State:OPEN, leaderId:03f5e28f-1ccf-47de-881e-8ae7723c653b, CreationTimestamp2020-11-27T01:37:30.907Z]
2020-11-27 01:37:48,910 [EventQueue-CloseContainerForCloseContainerEventHandler] INFO  container.CloseContainerEventHandler (CloseContainerEventHandler.java:onMessage(61)) - Close container Event triggered for container : #2
2020-11-27 01:37:48,910 [EventQueue-StaleNodeForStaleNodeHandler] INFO  pipeline.PipelineStateManager (PipelineStateManager.java:finalizePipeline(121)) - Pipeline Pipeline[ Id: f811b82f-7be0-4efd-be02-560f50b45583, Nodes: 24a428e6-ab73-4f5b-a870-5f8cec721e35{ip: 172.17.0.2, host: 3bf31645156d, networkLocation: /default-rack, certSerialId: null}03f5e28f-1ccf-47de-881e-8ae7723c653b{ip: 172.17.0.2, host: 3bf31645156d, networkLocation: /default-rack, certSerialId: null}fadf6fe5-11c1-4da6-9372-0a456385f570{ip: 172.17.0.2, host: 3bf31645156d, networkLocation: /default-rack, certSerialId: null}, Type:RATIS, Factor:THREE, State:CLOSED, leaderId:03f5e28f-1ccf-47de-881e-8ae7723c653b, CreationTimestamp2020-11-27T01:37:30.907Z] moved to CLOSED state
2020-11-27 01:37:48,911 [EventQueue-StaleNodeForStaleNodeHandler] INFO  pipeline.SCMPipelineManager (SCMPipelineManager.java:finalizeAndDestroyPipeline(482)) - Destroying pipeline:Pipeline[ Id: 1b13b7f1-6258-4fa6-a04d-3dc0f12f9db3, Nodes: 24a428e6-ab73-4f5b-a870-5f8cec721e35{ip: 172.17.0.2, host: 3bf31645156d, networkLocation: /default-rack, certSerialId: null}, Type:RATIS, Factor:ONE, State:OPEN, leaderId:24a428e6-ab73-4f5b-a870-5f8cec721e35, CreationTimestamp2020-11-27T01:37:30.697Z]
2020-11-27 01:37:48,911 [EventQueue-StaleNodeForStaleNodeHandler] INFO  pipeline.PipelineStateManager (PipelineStateManager.java:finalizePipeline(121)) - Pipeline Pipeline[ Id: 1b13b7f1-6258-4fa6-a04d-3dc0f12f9db3, Nodes: 24a428e6-ab73-4f5b-a870-5f8cec721e35{ip: 172.17.0.2, host: 3bf31645156d, networkLocation: /default-rack, certSerialId: null}, Type:RATIS, Factor:ONE, State:CLOSED, leaderId:24a428e6-ab73-4f5b-a870-5f8cec721e35, CreationTimestamp2020-11-27T01:37:30.697Z] moved to CLOSED state
2020-11-27 01:37:48,911 [EventQueue-CloseContainerForCloseContainerEventHandler] INFO  container.CloseContainerEventHandler (CloseContainerEventHandler.java:onMessage(61)) - Close container Event triggered for container : #1
2020-11-27 01:37:49,025 [grpc-default-executor-3] WARN  server.GrpcLogAppender (LogUtils.java:warn(122)) - 03f5e28f-1ccf-47de-881e-8ae7723c653b@group-560F50B45583->24a428e6-ab73-4f5b-a870-5f8cec721e35-AppendLogResponseHandler: Failed appendEntries: org.apache.ratis.thirdparty.io.grpc.StatusRuntimeException: UNAVAILABLE: io exception
2020-11-27 01:37:49,027 [grpc-default-executor-3] INFO  impl.FollowerInfo (FollowerInfo.java:lambda$new$0(51)) - 03f5e28f-1ccf-47de-881e-8ae7723c653b@group-560F50B45583->24a428e6-ab73-4f5b-a870-5f8cec721e35: nextIndex: updateUnconditionally 16 -> 15
2020-11-27 01:37:50,013 [Command processor thread] ERROR commandhandler.CloseContainerCommandHandler (CloseContainerCommandHandler.java:handle(85)) - Container #2 does not exist in datanode. Container close failed.
2020-11-27 01:37:50,836 [Command processor thread] ERROR commandhandler.CloseContainerCommandHandler (CloseContainerCommandHandler.java:handle(85)) - Container #2 does not exist in datanode. Container close failed.
2020-11-27 01:37:50,845 [grpc-default-executor-6] WARN  server.GrpcLogAppender (LogUtils.java:warn(122)) - 03f5e28f-1ccf-47de-881e-8ae7723c653b@group-560F50B45583->24a428e6-ab73-4f5b-a870-5f8cec721e35-AppendLogResponseHandler: Failed appendEntries: org.apache.ratis.thirdparty.io.grpc.StatusRuntimeException: UNAVAILABLE: io exception
2020-11-27 01:37:50,845 [grpc-default-executor-6] INFO  impl.FollowerInfo (FollowerInfo.java:lambda$new$0(51)) - 03f5e28f-1ccf-47de-881e-8ae7723c653b@group-560F50B45583->24a428e6-ab73-4f5b-a870-5f8cec721e35: nextIndex: updateUnconditionally 16 -> 15
2020-11-27 01:37:50,851 [grpc-default-executor-6] WARN  server.GrpcLogAppender (LogUtils.java:warn(122)) - 03f5e28f-1ccf-47de-881e-8ae7723c653b@group-560F50B45583->24a428e6-ab73-4f5b-a870-5f8cec721e35-AppendLogResponseHandler: Failed appendEntries: org.apache.ratis.thirdparty.io.grpc.StatusRuntimeException: UNAVAILABLE: io exception
2020-11-27 01:37:50,852 [grpc-default-executor-6] INFO  impl.FollowerInfo (FollowerInfo.java:lambda$new$0(51)) - 03f5e28f-1ccf-47de-881e-8ae7723c653b@group-560F50B45583->24a428e6-ab73-4f5b-a870-5f8cec721e35: nextIndex: updateUnconditionally 16 -> 15
2020-11-27 01:37:50,853 [RatisApplyTransactionExecutor 1] INFO  keyvalue.KeyValueContainer (KeyValueContainer.java:flushAndSyncDB(388)) - Container 1 is synced with bcsId 22.
2020-11-27 01:37:50,854 [RatisApplyTransactionExecutor 1] INFO  keyvalue.KeyValueContainer (KeyValueContainer.java:flushAndSyncDB(388)) - Container 1 is synced with bcsId 22.
2020-11-27 01:37:50,855 [RatisApplyTransactionExecutor 1] INFO  keyvalue.KeyValueContainer (KeyValueContainer.java:close(326)) - Container 1 is closed with bcsId 22.
2020-11-27 01:37:50,857 [EventQueue-IncrementalContainerReportForIncrementalContainerReportHandler] INFO  container.IncrementalContainerReportHandler (AbstractContainerReportHandler.java:updateContainerState(215)) - Moving container #1 to CLOSED state, datanode 03f5e28f-1ccf-47de-881e-8ae7723c653b{ip: 172.17.0.2, host: 3bf31645156d, networkLocation: /default-rack, certSerialId: null} reported CLOSED replica.
2020-11-27 01:37:50,858 [RatisApplyTransactionExecutor 1] INFO  keyvalue.KeyValueContainer (KeyValueContainer.java:flushAndSyncDB(388)) - Container 1 is synced with bcsId 22.
2020-11-27 01:37:50,858 [RatisApplyTransactionExecutor 1] INFO  keyvalue.KeyValueContainer (KeyValueContainer.java:flushAndSyncDB(388)) - Container 1 is synced with bcsId 22.
2020-11-27 01:37:50,858 [grpc-default-executor-6] WARN  server.GrpcLogAppender (LogUtils.java:warn(122)) - 03f5e28f-1ccf-47de-881e-8ae7723c653b@group-560F50B45583->24a428e6-ab73-4f5b-a870-5f8cec721e35-AppendLogResponseHandler: Failed appendEntries: org.apache.ratis.thirdparty.io.grpc.StatusRuntimeException: UNAVAILABLE: io exception
2020-11-27 01:37:50,858 [grpc-default-executor-6] INFO  impl.FollowerInfo (FollowerInfo.java:lambda$new$0(51)) - 03f5e28f-1ccf-47de-881e-8ae7723c653b@group-560F50B45583->24a428e6-ab73-4f5b-a870-5f8cec721e35: nextIndex: updateUnconditionally 16 -> 15
2020-11-27 01:37:50,860 [RatisApplyTransactionExecutor 1] INFO  keyvalue.KeyValueContainer (KeyValueContainer.java:close(326)) - Container 1 is closed with bcsId 22.
2020-11-27 01:37:50,860 [grpc-default-executor-3] WARN  server.GrpcLogAppender (LogUtils.java:warn(122)) - 03f5e28f-1ccf-47de-881e-8ae7723c653b@group-560F50B45583->24a428e6-ab73-4f5b-a870-5f8cec721e35-AppendLogResponseHandler: Failed appendEntries: org.apache.ratis.thirdparty.io.grpc.StatusRuntimeException: UNAVAILABLE: io exception
2020-11-27 01:37:50,861 [grpc-default-executor-3] INFO  impl.FollowerInfo (FollowerInfo.java:lambda$new$0(51)) - 03f5e28f-1ccf-47de-881e-8ae7723c653b@group-560F50B45583->24a428e6-ab73-4f5b-a870-5f8cec721e35: nextIndex: updateUnconditionally 16 -> 15
2020-11-27 01:37:51,839 [org.apache.ratis.server.JvmPauseMonitor@6a58e4ee-Monitor] WARN  server.JvmPauseMonitor (JvmPauseMonitor.java:run(141)) - Detected pause in JVM or host machine (eg GC): pause of approximately 1ms
No GCs detected
2020-11-27 01:37:51,925 [java.util.concurrent.ThreadPoolExecutor$Worker@3741e830[State = -1, empty queue]] INFO  metrics.RatisMetrics (RatisMetrics.java:lambda$create$0(36)) - Creating Metrics Registry : ratis.client_message_metrics.client-67DAB07756F6->fadf6fe5-11c1-4da6-9372-0a456385f570
2020-11-27 01:37:53,359 [grpc-default-executor-6] WARN  server.GrpcLogAppender (LogUtils.java:warn(122)) - 03f5e28f-1ccf-47de-881e-8ae7723c653b@group-560F50B45583->24a428e6-ab73-4f5b-a870-5f8cec721e35-AppendLogResponseHandler: Failed appendEntries: org.apache.ratis.thirdparty.io.grpc.StatusRuntimeException: UNAVAILABLE: io exception
2020-11-27 01:37:53,360 [grpc-default-executor-6] INFO  impl.FollowerInfo (FollowerInfo.java:lambda$new$0(51)) - 03f5e28f-1ccf-47de-881e-8ae7723c653b@group-560F50B45583->24a428e6-ab73-4f5b-a870-5f8cec721e35: nextIndex: updateUnconditionally 16 -> 15
2020-11-27 01:37:53,362 [grpc-default-executor-3] WARN  server.GrpcLogAppender (LogUtils.java:warn(122)) - 03f5e28f-1ccf-47de-881e-8ae7723c653b@group-560F50B45583->24a428e6-ab73-4f5b-a870-5f8cec721e35-AppendLogResponseHandler: Failed appendEntries: org.apache.ratis.thirdparty.io.grpc.StatusRuntimeException: UNAVAILABLE: io exception
2020-11-27 01:37:53,362 [grpc-default-executor-3] INFO  impl.FollowerInfo (FollowerInfo.java:lambda$new$0(51)) - 03f5e28f-1ccf-47de-881e-8ae7723c653b@group-560F50B45583->24a428e6-ab73-4f5b-a870-5f8cec721e35: nextIndex: updateUnconditionally 16 -> 15
2020-11-27 01:37:54,209 [Thread-2645] INFO  impl.FollowerState (FollowerState.java:run(128)) - 03f5e28f-1ccf-47de-881e-8ae7723c653b@group-C21560EF9FAB-FollowerState: change to CANDIDATE, lastRpcTime:10288ms, electionTimeout:5183ms
2020-11-27 01:37:54,209 [Thread-2645] INFO  impl.RoleInfo (RoleInfo.java:shutdownFollowerState(121)) - 03f5e28f-1ccf-47de-881e-8ae7723c653b: shutdown 03f5e28f-1ccf-47de-881e-8ae7723c653b@group-C21560EF9FAB-FollowerState
2020-11-27 01:37:54,209 [Thread-2645] INFO  impl.RaftServerImpl (RaftServerImpl.java:setRole(204)) - 03f5e28f-1ccf-47de-881e-8ae7723c653b@group-C21560EF9FAB: changes role from  FOLLOWER to CANDIDATE at term 1 for changeToCandidate
2020-11-27 01:37:54,209 [Thread-2643] INFO  impl.FollowerState (FollowerState.java:run(128)) - fadf6fe5-11c1-4da6-9372-0a456385f570@group-C21560EF9FAB-FollowerState: change to CANDIDATE, lastRpcTime:10290ms, electionTimeout:5161ms
2020-11-27 01:37:54,209 [Thread-2645] INFO  impl.RoleInfo (RoleInfo.java:updateAndGet(143)) - 03f5e28f-1ccf-47de-881e-8ae7723c653b: start 03f5e28f-1ccf-47de-881e-8ae7723c653b@group-C21560EF9FAB-LeaderElection76
2020-11-27 01:37:54,210 [Thread-2643] INFO  impl.RoleInfo (RoleInfo.java:shutdownFollowerState(121)) - fadf6fe5-11c1-4da6-9372-0a456385f570: shutdown fadf6fe5-11c1-4da6-9372-0a456385f570@group-C21560EF9FAB-FollowerState
2020-11-27 01:37:54,210 [Thread-2643] INFO  impl.RaftServerImpl (RaftServerImpl.java:setRole(204)) - fadf6fe5-11c1-4da6-9372-0a456385f570@group-C21560EF9FAB: changes role from  FOLLOWER to CANDIDATE at term 1 for changeToCandidate
2020-11-27 01:37:54,210 [Thread-2643] INFO  impl.RoleInfo (RoleInfo.java:updateAndGet(143)) - fadf6fe5-11c1-4da6-9372-0a456385f570: start fadf6fe5-11c1-4da6-9372-0a456385f570@group-C21560EF9FAB-LeaderElection77
2020-11-27 01:37:54,211 [03f5e28f-1ccf-47de-881e-8ae7723c653b@group-C21560EF9FAB-LeaderElection76] INFO  impl.RaftServerImpl (ServerState.java:setLeader(256)) - 03f5e28f-1ccf-47de-881e-8ae7723c653b@group-C21560EF9FAB: change Leader from 24a428e6-ab73-4f5b-a870-5f8cec721e35 to null at term 1 for initElection
2020-11-27 01:37:54,211 [fadf6fe5-11c1-4da6-9372-0a456385f570@group-C21560EF9FAB-LeaderElection77] INFO  impl.RaftServerImpl (ServerState.java:setLeader(256)) - fadf6fe5-11c1-4da6-9372-0a456385f570@group-C21560EF9FAB: change Leader from 24a428e6-ab73-4f5b-a870-5f8cec721e35 to null at term 1 for initElection
2020-11-27 01:37:54,212 [03f5e28f-1ccf-47de-881e-8ae7723c653b@group-C21560EF9FAB-LeaderElection76] INFO  impl.LeaderElection (LeaderElection.java:askForVotes(215)) - 03f5e28f-1ccf-47de-881e-8ae7723c653b@group-C21560EF9FAB-LeaderElection76: begin an election at term 2 for 0: [fadf6fe5-11c1-4da6-9372-0a456385f570|rpc:172.17.0.2:44925|dataStream:, 03f5e28f-1ccf-47de-881e-8ae7723c653b|rpc:172.17.0.2:40701|dataStream:, 24a428e6-ab73-4f5b-a870-5f8cec721e35|rpc:172.17.0.2:43409|dataStream:], old=null
2020-11-27 01:37:54,212 [fadf6fe5-11c1-4da6-9372-0a456385f570@group-C21560EF9FAB-LeaderElection77] INFO  impl.LeaderElection (LeaderElection.java:askForVotes(215)) - fadf6fe5-11c1-4da6-9372-0a456385f570@group-C21560EF9FAB-LeaderElection77: begin an election at term 2 for 0: [fadf6fe5-11c1-4da6-9372-0a456385f570|rpc:172.17.0.2:44925|dataStream:, 03f5e28f-1ccf-47de-881e-8ae7723c653b|rpc:172.17.0.2:40701|dataStream:, 24a428e6-ab73-4f5b-a870-5f8cec721e35|rpc:172.17.0.2:43409|dataStream:], old=null
2020-11-27 01:37:54,213 [03f5e28f-1ccf-47de-881e-8ae7723c653b@group-C21560EF9FAB-LeaderElection76] INFO  impl.LeaderElection (LogUtils.java:infoOrTrace(137)) - 03f5e28f-1ccf-47de-881e-8ae7723c653b@group-C21560EF9FAB-LeaderElection76 got exception when requesting votes: java.util.concurrent.ExecutionException: org.apache.ratis.thirdparty.io.grpc.StatusRuntimeException: UNAVAILABLE: io exception
2020-11-27 01:37:54,220 [fadf6fe5-11c1-4da6-9372-0a456385f570@group-C21560EF9FAB-LeaderElection77] INFO  impl.LeaderElection (LogUtils.java:infoOrTrace(137)) - fadf6fe5-11c1-4da6-9372-0a456385f570@group-C21560EF9FAB-LeaderElection77 got exception when requesting votes: java.util.concurrent.ExecutionException: org.apache.ratis.thirdparty.io.grpc.StatusRuntimeException: UNAVAILABLE: io exception
2020-11-27 01:37:54,221 [03f5e28f-1ccf-47de-881e-8ae7723c653b@group-C21560EF9FAB-LeaderElection76] INFO  impl.LeaderElection (LeaderElection.java:logAndReturn(65)) - 03f5e28f-1ccf-47de-881e-8ae7723c653b@group-C21560EF9FAB-LeaderElection76: Election REJECTED; received 1 response(s) [03f5e28f-1ccf-47de-881e-8ae7723c653b<-fadf6fe5-11c1-4da6-9372-0a456385f570#0:FAIL-t2] and 1 exception(s); 03f5e28f-1ccf-47de-881e-8ae7723c653b@group-C21560EF9FAB:t2, leader=null, voted=03f5e28f-1ccf-47de-881e-8ae7723c653b, raftlog=03f5e28f-1ccf-47de-881e-8ae7723c653b@group-C21560EF9FAB-SegmentedRaftLog:OPENED:c0,f0,i0, conf=0: [fadf6fe5-11c1-4da6-9372-0a456385f570|rpc:172.17.0.2:44925|dataStream:, 03f5e28f-1ccf-47de-881e-8ae7723c653b|rpc:172.17.0.2:40701|dataStream:, 24a428e6-ab73-4f5b-a870-5f8cec721e35|rpc:172.17.0.2:43409|dataStream:], old=null
2020-11-27 01:37:54,221 [03f5e28f-1ccf-47de-881e-8ae7723c653b@group-C21560EF9FAB-LeaderElection76] INFO  impl.LeaderElection (LogUtils.java:infoOrTrace(137)) -   Exception 0: java.util.concurrent.ExecutionException: org.apache.ratis.thirdparty.io.grpc.StatusRuntimeException: UNAVAILABLE: io exception
2020-11-27 01:37:54,222 [03f5e28f-1ccf-47de-881e-8ae7723c653b@group-C21560EF9FAB-LeaderElection76] INFO  impl.RaftServerImpl (RaftServerImpl.java:setRole(204)) - 03f5e28f-1ccf-47de-881e-8ae7723c653b@group-C21560EF9FAB: changes role from CANDIDATE to FOLLOWER at term 2 for DISCOVERED_A_NEW_TERM
2020-11-27 01:37:54,222 [03f5e28f-1ccf-47de-881e-8ae7723c653b@group-C21560EF9FAB-LeaderElection76] INFO  impl.RoleInfo (RoleInfo.java:shutdownLeaderElection(134)) - 03f5e28f-1ccf-47de-881e-8ae7723c653b: shutdown 03f5e28f-1ccf-47de-881e-8ae7723c653b@group-C21560EF9FAB-LeaderElection76
2020-11-27 01:37:54,222 [03f5e28f-1ccf-47de-881e-8ae7723c653b@group-C21560EF9FAB-LeaderElection76] INFO  impl.RoleInfo (RoleInfo.java:updateAndGet(143)) - 03f5e28f-1ccf-47de-881e-8ae7723c653b: start 03f5e28f-1ccf-47de-881e-8ae7723c653b@group-C21560EF9FAB-FollowerState
2020-11-27 01:37:54,225 [fadf6fe5-11c1-4da6-9372-0a456385f570@group-C21560EF9FAB-LeaderElection77] INFO  impl.LeaderElection (LeaderElection.java:logAndReturn(65)) - fadf6fe5-11c1-4da6-9372-0a456385f570@group-C21560EF9FAB-LeaderElection77: Election REJECTED; received 1 response(s) [fadf6fe5-11c1-4da6-9372-0a456385f570<-03f5e28f-1ccf-47de-881e-8ae7723c653b#0:FAIL-t2] and 1 exception(s); fadf6fe5-11c1-4da6-9372-0a456385f570@group-C21560EF9FAB:t2, leader=null, voted=fadf6fe5-11c1-4da6-9372-0a456385f570, raftlog=fadf6fe5-11c1-4da6-9372-0a456385f570@group-C21560EF9FAB-SegmentedRaftLog:OPENED:c0,f0,i0, conf=0: [fadf6fe5-11c1-4da6-9372-0a456385f570|rpc:172.17.0.2:44925|dataStream:, 03f5e28f-1ccf-47de-881e-8ae7723c653b|rpc:172.17.0.2:40701|dataStream:, 24a428e6-ab73-4f5b-a870-5f8cec721e35|rpc:172.17.0.2:43409|dataStream:], old=null
2020-11-27 01:37:54,225 [fadf6fe5-11c1-4da6-9372-0a456385f570@group-C21560EF9FAB-LeaderElection77] INFO  impl.LeaderElection (LogUtils.java:infoOrTrace(137)) -   Exception 0: java.util.concurrent.ExecutionException: org.apache.ratis.thirdparty.io.grpc.StatusRuntimeException: UNAVAILABLE: io exception
2020-11-27 01:37:54,225 [fadf6fe5-11c1-4da6-9372-0a456385f570@group-C21560EF9FAB-LeaderElection77] INFO  impl.RaftServerImpl (RaftServerImpl.java:setRole(204)) - fadf6fe5-11c1-4da6-9372-0a456385f570@group-C21560EF9FAB: changes role from CANDIDATE to FOLLOWER at term 2 for DISCOVERED_A_NEW_TERM
2020-11-27 01:37:54,225 [fadf6fe5-11c1-4da6-9372-0a456385f570@group-C21560EF9FAB-LeaderElection77] INFO  impl.RoleInfo (RoleInfo.java:shutdownLeaderElection(134)) - fadf6fe5-11c1-4da6-9372-0a456385f570: shutdown fadf6fe5-11c1-4da6-9372-0a456385f570@group-C21560EF9FAB-LeaderElection77
2020-11-27 01:37:54,225 [fadf6fe5-11c1-4da6-9372-0a456385f570@group-C21560EF9FAB-LeaderElection77] INFO  impl.RoleInfo (RoleInfo.java:updateAndGet(143)) - fadf6fe5-11c1-4da6-9372-0a456385f570: start fadf6fe5-11c1-4da6-9372-0a456385f570@group-C21560EF9FAB-FollowerState
2020-11-27 01:37:55,862 [grpc-default-executor-3] WARN  server.GrpcLogAppender (LogUtils.java:warn(122)) - 03f5e28f-1ccf-47de-881e-8ae7723c653b@group-560F50B45583->24a428e6-ab73-4f5b-a870-5f8cec721e35-AppendLogResponseHandler: Failed appendEntries: org.apache.ratis.thirdparty.io.grpc.StatusRuntimeException: UNAVAILABLE: io exception
2020-11-27 01:37:55,863 [grpc-default-executor-3] INFO  impl.FollowerInfo (FollowerInfo.java:lambda$new$0(51)) - 03f5e28f-1ccf-47de-881e-8ae7723c653b@group-560F50B45583->24a428e6-ab73-4f5b-a870-5f8cec721e35: nextIndex: updateUnconditionally 16 -> 15
2020-11-27 01:37:58,363 [grpc-default-executor-6] WARN  server.GrpcLogAppender (LogUtils.java:warn(122)) - 03f5e28f-1ccf-47de-881e-8ae7723c653b@group-560F50B45583->24a428e6-ab73-4f5b-a870-5f8cec721e35-AppendLogResponseHandler: Failed appendEntries: org.apache.ratis.thirdparty.io.grpc.StatusRuntimeException: UNAVAILABLE: io exception
2020-11-27 01:37:58,363 [grpc-default-executor-6] INFO  impl.FollowerInfo (FollowerInfo.java:lambda$new$0(51)) - 03f5e28f-1ccf-47de-881e-8ae7723c653b@group-560F50B45583->24a428e6-ab73-4f5b-a870-5f8cec721e35: nextIndex: updateUnconditionally 16 -> 15
2020-11-27 01:37:58,923 [EventQueue-DeadNodeForDeadNodeHandler] INFO  node.DeadNodeHandler (DeadNodeHandler.java:onMessage(77)) - A dead datanode is detected. 24a428e6-ab73-4f5b-a870-5f8cec721e35{ip: 172.17.0.2, host: 3bf31645156d, networkLocation: /default-rack, certSerialId: null}
2020-11-27 01:37:58,923 [EventQueue-DeadNodeForDeadNodeHandler] INFO  pipeline.SCMPipelineManager (SCMPipelineManager.java:finalizeAndDestroyPipeline(482)) - Destroying pipeline:Pipeline[ Id: 6ad1acc2-e1ba-4f36-9a9d-c21560ef9fab, Nodes: 24a428e6-ab73-4f5b-a870-5f8cec721e35{ip: 172.17.0.2, host: 3bf31645156d, networkLocation: /default-rack, certSerialId: null}03f5e28f-1ccf-47de-881e-8ae7723c653b{ip: 172.17.0.2, host: 3bf31645156d, networkLocation: /default-rack, certSerialId: null}fadf6fe5-11c1-4da6-9372-0a456385f570{ip: 172.17.0.2, host: 3bf31645156d, networkLocation: /default-rack, certSerialId: null}, Type:RATIS, Factor:THREE, State:CLOSED, leaderId:24a428e6-ab73-4f5b-a870-5f8cec721e35, CreationTimestamp2020-11-27T01:37:30.907Z]
2020-11-27 01:37:58,924 [EventQueue-DeadNodeForDeadNodeHandler] INFO  pipeline.RatisPipelineProvider (RatisPipelineProvider.java:lambda$close$1(199)) - Send pipeline:PipelineID=6ad1acc2-e1ba-4f36-9a9d-c21560ef9fab close command to datanode 24a428e6-ab73-4f5b-a870-5f8cec721e35
2020-11-27 01:37:58,924 [EventQueue-DeadNodeForDeadNodeHandler] INFO  pipeline.RatisPipelineProvider (RatisPipelineProvider.java:lambda$close$1(199)) - Send pipeline:PipelineID=6ad1acc2-e1ba-4f36-9a9d-c21560ef9fab close command to datanode 03f5e28f-1ccf-47de-881e-8ae7723c653b
2020-11-27 01:37:58,924 [EventQueue-DeadNodeForDeadNodeHandler] INFO  pipeline.RatisPipelineProvider (RatisPipelineProvider.java:lambda$close$1(199)) - Send pipeline:PipelineID=6ad1acc2-e1ba-4f36-9a9d-c21560ef9fab close command to datanode fadf6fe5-11c1-4da6-9372-0a456385f570
2020-11-27 01:37:58,924 [EventQueue-DeadNodeForDeadNodeHandler] INFO  pipeline.PipelineStateManager (PipelineStateManager.java:removePipeline(106)) - Pipeline Pipeline[ Id: 6ad1acc2-e1ba-4f36-9a9d-c21560ef9fab, Nodes: 24a428e6-ab73-4f5b-a870-5f8cec721e35{ip: 172.17.0.2, host: 3bf31645156d, networkLocation: /default-rack, certSerialId: null}03f5e28f-1ccf-47de-881e-8ae7723c653b{ip: 172.17.0.2, host: 3bf31645156d, networkLocation: /default-rack, certSerialId: null}fadf6fe5-11c1-4da6-9372-0a456385f570{ip: 172.17.0.2, host: 3bf31645156d, networkLocation: /default-rack, certSerialId: null}, Type:RATIS, Factor:THREE, State:CLOSED, leaderId:24a428e6-ab73-4f5b-a870-5f8cec721e35, CreationTimestamp2020-11-27T01:37:30.907Z] removed from db
2020-11-27 01:37:58,925 [EventQueue-DeadNodeForDeadNodeHandler] INFO  pipeline.SCMPipelineManager (SCMPipelineManager.java:finalizeAndDestroyPipeline(482)) - Destroying pipeline:Pipeline[ Id: f811b82f-7be0-4efd-be02-560f50b45583, Nodes: 24a428e6-ab73-4f5b-a870-5f8cec721e35{ip: 172.17.0.2, host: 3bf31645156d, networkLocation: /default-rack, certSerialId: null}03f5e28f-1ccf-47de-881e-8ae7723c653b{ip: 172.17.0.2, host: 3bf31645156d, networkLocation: /default-rack, certSerialId: null}fadf6fe5-11c1-4da6-9372-0a456385f570{ip: 172.17.0.2, host: 3bf31645156d, networkLocation: /default-rack, certSerialId: null}, Type:RATIS, Factor:THREE, State:CLOSED, leaderId:03f5e28f-1ccf-47de-881e-8ae7723c653b, CreationTimestamp2020-11-27T01:37:30.907Z]
2020-11-27 01:37:58,926 [RatisPipelineUtilsThread] INFO  pipeline.RatisPipelineProvider (RatisPipelineProvider.java:lambda$create$0(161)) - Sending CreatePipelineCommand for pipeline:PipelineID=30d8af58-a360-44d1-be5e-076b8dc24dac to datanode:03f5e28f-1ccf-47de-881e-8ae7723c653b
2020-11-27 01:37:58,926 [RatisPipelineUtilsThread] INFO  pipeline.RatisPipelineProvider (RatisPipelineProvider.java:lambda$create$0(161)) - Sending CreatePipelineCommand for pipeline:PipelineID=30d8af58-a360-44d1-be5e-076b8dc24dac to datanode:5b456079-358f-469d-9a4b-1e41f0af00c2
2020-11-27 01:37:58,926 [RatisPipelineUtilsThread] INFO  pipeline.RatisPipelineProvider (RatisPipelineProvider.java:lambda$create$0(161)) - Sending CreatePipelineCommand for pipeline:PipelineID=30d8af58-a360-44d1-be5e-076b8dc24dac to datanode:fadf6fe5-11c1-4da6-9372-0a456385f570
2020-11-27 01:37:58,926 [RatisPipelineUtilsThread] INFO  pipeline.PipelineStateManager (PipelineStateManager.java:addPipeline(54)) - Created pipeline Pipeline[ Id: 30d8af58-a360-44d1-be5e-076b8dc24dac, Nodes: 03f5e28f-1ccf-47de-881e-8ae7723c653b{ip: 172.17.0.2, host: 3bf31645156d, networkLocation: /default-rack, certSerialId: null}5b456079-358f-469d-9a4b-1e41f0af00c2{ip: 172.17.0.2, host: 3bf31645156d, networkLocation: /default-rack, certSerialId: null}fadf6fe5-11c1-4da6-9372-0a456385f570{ip: 172.17.0.2, host: 3bf31645156d, networkLocation: /default-rack, certSerialId: null}, Type:RATIS, Factor:THREE, State:ALLOCATED, leaderId:, CreationTimestamp2020-11-27T01:37:58.926Z]
2020-11-27 01:37:58,927 [RatisPipelineUtilsThread] INFO  pipeline.RatisPipelineProvider (RatisPipelineProvider.java:lambda$create$0(161)) - Sending CreatePipelineCommand for pipeline:PipelineID=3c6fe38f-4820-47fc-90c2-cb66f6db5a4a to datanode:03f5e28f-1ccf-47de-881e-8ae7723c653b
2020-11-27 01:37:58,927 [RatisPipelineUtilsThread] INFO  pipeline.RatisPipelineProvider (RatisPipelineProvider.java:lambda$create$0(161)) - Sending CreatePipelineCommand for pipeline:PipelineID=3c6fe38f-4820-47fc-90c2-cb66f6db5a4a to datanode:5b456079-358f-469d-9a4b-1e41f0af00c2
2020-11-27 01:37:58,927 [RatisPipelineUtilsThread] INFO  pipeline.RatisPipelineProvider (RatisPipelineProvider.java:lambda$create$0(161)) - Sending CreatePipelineCommand for pipeline:PipelineID=3c6fe38f-4820-47fc-90c2-cb66f6db5a4a to datanode:fadf6fe5-11c1-4da6-9372-0a456385f570
2020-11-27 01:37:58,927 [RatisPipelineUtilsThread] INFO  pipeline.PipelineStateManager (PipelineStateManager.java:addPipeline(54)) - Created pipeline Pipeline[ Id: 3c6fe38f-4820-47fc-90c2-cb66f6db5a4a, Nodes: 03f5e28f-1ccf-47de-881e-8ae7723c653b{ip: 172.17.0.2, host: 3bf31645156d, networkLocation: /default-rack, certSerialId: null}5b456079-358f-469d-9a4b-1e41f0af00c2{ip: 172.17.0.2, host: 3bf31645156d, networkLocation: /default-rack, certSerialId: null}fadf6fe5-11c1-4da6-9372-0a456385f570{ip: 172.17.0.2, host: 3bf31645156d, networkLocation: /default-rack, certSerialId: null}, Type:RATIS, Factor:THREE, State:ALLOCATED, leaderId:, CreationTimestamp2020-11-27T01:37:58.927Z]
2020-11-27 01:37:58,927 [RatisPipelineUtilsThread] INFO  pipeline.SCMPipelineManager (SCMPipelineManager.java:recordMetricsForPipeline(243)) - Pipeline: PipelineID=3c6fe38f-4820-47fc-90c2-cb66f6db5a4a contains same datanodes as previous pipelines: PipelineID=30d8af58-a360-44d1-be5e-076b8dc24dac nodeIds: 03f5e28f-1ccf-47de-881e-8ae7723c653b, 5b456079-358f-469d-9a4b-1e41f0af00c2, fadf6fe5-11c1-4da6-9372-0a456385f570
2020-11-27 01:37:58,927 [EventQueue-DeadNodeForDeadNodeHandler] INFO  pipeline.RatisPipelineProvider (RatisPipelineProvider.java:lambda$close$1(199)) - Send pipeline:PipelineID=f811b82f-7be0-4efd-be02-560f50b45583 close command to datanode 24a428e6-ab73-4f5b-a870-5f8cec721e35
2020-11-27 01:37:58,928 [EventQueue-DeadNodeForDeadNodeHandler] INFO  pipeline.RatisPipelineProvider (RatisPipelineProvider.java:lambda$close$1(199)) - Send pipeline:PipelineID=f811b82f-7be0-4efd-be02-560f50b45583 close command to datanode 03f5e28f-1ccf-47de-881e-8ae7723c653b
2020-11-27 01:37:58,928 [EventQueue-DeadNodeForDeadNodeHandler] INFO  pipeline.RatisPipelineProvider (RatisPipelineProvider.java:lambda$close$1(199)) - Send pipeline:PipelineID=f811b82f-7be0-4efd-be02-560f50b45583 close command to datanode fadf6fe5-11c1-4da6-9372-0a456385f570
2020-11-27 01:37:58,928 [EventQueue-DeadNodeForDeadNodeHandler] INFO  pipeline.PipelineStateManager (PipelineStateManager.java:removePipeline(106)) - Pipeline Pipeline[ Id: f811b82f-7be0-4efd-be02-560f50b45583, Nodes: 24a428e6-ab73-4f5b-a870-5f8cec721e35{ip: 172.17.0.2, host: 3bf31645156d, networkLocation: /default-rack, certSerialId: null}03f5e28f-1ccf-47de-881e-8ae7723c653b{ip: 172.17.0.2, host: 3bf31645156d, networkLocation: /default-rack, certSerialId: null}fadf6fe5-11c1-4da6-9372-0a456385f570{ip: 172.17.0.2, host: 3bf31645156d, networkLocation: /default-rack, certSerialId: null}, Type:RATIS, Factor:THREE, State:CLOSED, leaderId:03f5e28f-1ccf-47de-881e-8ae7723c653b, CreationTimestamp2020-11-27T01:37:30.907Z] removed from db
2020-11-27 01:37:58,928 [EventQueue-DeadNodeForDeadNodeHandler] INFO  pipeline.SCMPipelineManager (SCMPipelineManager.java:finalizeAndDestroyPipeline(482)) - Destroying pipeline:Pipeline[ Id: 1b13b7f1-6258-4fa6-a04d-3dc0f12f9db3, Nodes: 24a428e6-ab73-4f5b-a870-5f8cec721e35{ip: 172.17.0.2, host: 3bf31645156d, networkLocation: /default-rack, certSerialId: null}, Type:RATIS, Factor:ONE, State:CLOSED, leaderId:24a428e6-ab73-4f5b-a870-5f8cec721e35, CreationTimestamp2020-11-27T01:37:30.697Z]
2020-11-27 01:37:58,928 [EventQueue-DeadNodeForDeadNodeHandler] INFO  pipeline.RatisPipelineProvider (RatisPipelineProvider.java:lambda$close$1(199)) - Send pipeline:PipelineID=1b13b7f1-6258-4fa6-a04d-3dc0f12f9db3 close command to datanode 24a428e6-ab73-4f5b-a870-5f8cec721e35
2020-11-27 01:37:58,929 [EventQueue-DeadNodeForDeadNodeHandler] INFO  pipeline.PipelineStateManager (PipelineStateManager.java:removePipeline(106)) - Pipeline Pipeline[ Id: 1b13b7f1-6258-4fa6-a04d-3dc0f12f9db3, Nodes: 24a428e6-ab73-4f5b-a870-5f8cec721e35{ip: 172.17.0.2, host: 3bf31645156d, networkLocation: /default-rack, certSerialId: null}, Type:RATIS, Factor:ONE, State:CLOSED, leaderId:24a428e6-ab73-4f5b-a870-5f8cec721e35, CreationTimestamp2020-11-27T01:37:30.697Z] removed from db
2020-11-27 01:37:59,382 [Thread-2798] INFO  impl.FollowerState (FollowerState.java:run(128)) - 03f5e28f-1ccf-47de-881e-8ae7723c653b@group-C21560EF9FAB-FollowerState: change to CANDIDATE, lastRpcTime:5160ms, electionTimeout:5158ms
2020-11-27 01:37:59,382 [Thread-2798] INFO  impl.RoleInfo (RoleInfo.java:shutdownFollowerState(121)) - 03f5e28f-1ccf-47de-881e-8ae7723c653b: shutdown 03f5e28f-1ccf-47de-881e-8ae7723c653b@group-C21560EF9FAB-FollowerState
2020-11-27 01:37:59,382 [Thread-2798] INFO  impl.RaftServerImpl (RaftServerImpl.java:setRole(204)) - 03f5e28f-1ccf-47de-881e-8ae7723c653b@group-C21560EF9FAB: changes role from  FOLLOWER to CANDIDATE at term 2 for changeToCandidate
2020-11-27 01:37:59,383 [Thread-2798] INFO  impl.RoleInfo (RoleInfo.java:updateAndGet(143)) - 03f5e28f-1ccf-47de-881e-8ae7723c653b: start 03f5e28f-1ccf-47de-881e-8ae7723c653b@group-C21560EF9FAB-LeaderElection78
2020-11-27 01:37:59,389 [03f5e28f-1ccf-47de-881e-8ae7723c653b@group-C21560EF9FAB-LeaderElection78] INFO  impl.LeaderElection (LeaderElection.java:askForVotes(215)) - 03f5e28f-1ccf-47de-881e-8ae7723c653b@group-C21560EF9FAB-LeaderElection78: begin an election at term 3 for 0: [fadf6fe5-11c1-4da6-9372-0a456385f570|rpc:172.17.0.2:44925|dataStream:, 03f5e28f-1ccf-47de-881e-8ae7723c653b|rpc:172.17.0.2:40701|dataStream:, 24a428e6-ab73-4f5b-a870-5f8cec721e35|rpc:172.17.0.2:43409|dataStream:], old=null
2020-11-27 01:37:59,390 [grpc-default-executor-3] INFO  impl.RaftServerImpl (RaftServerImpl.java:setRole(204)) - fadf6fe5-11c1-4da6-9372-0a456385f570@group-C21560EF9FAB: changes role from  FOLLOWER to FOLLOWER at term 3 for recognizeCandidate:03f5e28f-1ccf-47de-881e-8ae7723c653b
2020-11-27 01:37:59,390 [grpc-default-executor-3] INFO  impl.RoleInfo (RoleInfo.java:shutdownFollowerState(121)) - fadf6fe5-11c1-4da6-9372-0a456385f570: shutdown fadf6fe5-11c1-4da6-9372-0a456385f570@group-C21560EF9FAB-FollowerState
2020-11-27 01:37:59,390 [grpc-default-executor-3] INFO  impl.RoleInfo (RoleInfo.java:updateAndGet(143)) - fadf6fe5-11c1-4da6-9372-0a456385f570: start fadf6fe5-11c1-4da6-9372-0a456385f570@group-C21560EF9FAB-FollowerState
2020-11-27 01:37:59,390 [Thread-2799] INFO  impl.FollowerState (FollowerState.java:run(137)) - fadf6fe5-11c1-4da6-9372-0a456385f570@group-C21560EF9FAB-FollowerState was interrupted: {}
java.lang.InterruptedException: sleep interrupted
	at java.lang.Thread.sleep(Native Method)
	at org.apache.ratis.util.JavaUtils.sleep(JavaUtils.java:250)
	at org.apache.ratis.server.impl.FollowerState.run(FollowerState.java:116)
2020-11-27 01:37:59,391 [grpc-default-executor-3] INFO  impl.RaftServerImpl (RaftServerImpl.java:requestVote(963)) -  FOLLOWER fadf6fe5-11c1-4da6-9372-0a456385f570@group-C21560EF9FAB:t3, leader=null, voted=null, raftlog=fadf6fe5-11c1-4da6-9372-0a456385f570@group-C21560EF9FAB-SegmentedRaftLog:OPENED:c0,f0,i0, conf=0: [fadf6fe5-11c1-4da6-9372-0a456385f570|rpc:172.17.0.2:44925|dataStream:, 03f5e28f-1ccf-47de-881e-8ae7723c653b|rpc:172.17.0.2:40701|dataStream:, 24a428e6-ab73-4f5b-a870-5f8cec721e35|rpc:172.17.0.2:43409|dataStream:], old=null RUNNING priority:0 candidate:03f5e28f-1ccf-47de-881e-8ae7723c653b|rpc:172.17.0.2:40701|dataStream: candidatePriority:0 compare:0
2020-11-27 01:37:59,391 [03f5e28f-1ccf-47de-881e-8ae7723c653b@group-C21560EF9FAB-LeaderElection78] INFO  impl.LeaderElection (LogUtils.java:infoOrTrace(137)) - 03f5e28f-1ccf-47de-881e-8ae7723c653b@group-C21560EF9FAB-LeaderElection78 got exception when requesting votes: java.util.concurrent.ExecutionException: org.apache.ratis.thirdparty.io.grpc.StatusRuntimeException: UNAVAILABLE: io exception
2020-11-27 01:37:59,393 [03f5e28f-1ccf-47de-881e-8ae7723c653b@group-C21560EF9FAB-LeaderElection78] INFO  impl.LeaderElection (LeaderElection.java:logAndReturn(65)) - 03f5e28f-1ccf-47de-881e-8ae7723c653b@group-C21560EF9FAB-LeaderElection78: Election PASSED; received 1 response(s) [03f5e28f-1ccf-47de-881e-8ae7723c653b<-fadf6fe5-11c1-4da6-9372-0a456385f570#0:OK-t3] and 1 exception(s); 03f5e28f-1ccf-47de-881e-8ae7723c653b@group-C21560EF9FAB:t3, leader=null, voted=03f5e28f-1ccf-47de-881e-8ae7723c653b, raftlog=03f5e28f-1ccf-47de-881e-8ae7723c653b@group-C21560EF9FAB-SegmentedRaftLog:OPENED:c0,f0,i0, conf=0: [fadf6fe5-11c1-4da6-9372-0a456385f570|rpc:172.17.0.2:44925|dataStream:, 03f5e28f-1ccf-47de-881e-8ae7723c653b|rpc:172.17.0.2:40701|dataStream:, 24a428e6-ab73-4f5b-a870-5f8cec721e35|rpc:172.17.0.2:43409|dataStream:], old=null
2020-11-27 01:37:59,393 [03f5e28f-1ccf-47de-881e-8ae7723c653b@group-C21560EF9FAB-LeaderElection78] INFO  impl.LeaderElection (LogUtils.java:infoOrTrace(137)) -   Exception 0: java.util.concurrent.ExecutionException: org.apache.ratis.thirdparty.io.grpc.StatusRuntimeException: UNAVAILABLE: io exception
2020-11-27 01:37:59,393 [03f5e28f-1ccf-47de-881e-8ae7723c653b@group-C21560EF9FAB-LeaderElection78] INFO  impl.RoleInfo (RoleInfo.java:shutdownLeaderElection(134)) - 03f5e28f-1ccf-47de-881e-8ae7723c653b: shutdown 03f5e28f-1ccf-47de-881e-8ae7723c653b@group-C21560EF9FAB-LeaderElection78
2020-11-27 01:37:59,394 [03f5e28f-1ccf-47de-881e-8ae7723c653b@group-C21560EF9FAB-LeaderElection78] INFO  impl.RaftServerImpl (RaftServerImpl.java:setRole(204)) - 03f5e28f-1ccf-47de-881e-8ae7723c653b@group-C21560EF9FAB: changes role from CANDIDATE to LEADER at term 3 for changeToLeader
2020-11-27 01:37:59,394 [03f5e28f-1ccf-47de-881e-8ae7723c653b@group-C21560EF9FAB-LeaderElection78] INFO  ratis.XceiverServerRatis (XceiverServerRatis.java:handleLeaderChangedNotification(854)) - Leader change notification received for group: group-C21560EF9FAB with new leaderId: 03f5e28f-1ccf-47de-881e-8ae7723c653b
2020-11-27 01:37:59,394 [03f5e28f-1ccf-47de-881e-8ae7723c653b@group-C21560EF9FAB-LeaderElection78] INFO  impl.RaftServerImpl (ServerState.java:setLeader(256)) - 03f5e28f-1ccf-47de-881e-8ae7723c653b@group-C21560EF9FAB: change Leader from null to 03f5e28f-1ccf-47de-881e-8ae7723c653b at term 3 for becomeLeader, leader elected after 5182ms
2020-11-27 01:37:59,394 [03f5e28f-1ccf-47de-881e-8ae7723c653b@group-C21560EF9FAB-LeaderElection78] INFO  server.RaftServerConfigKeys (ConfUtils.java:logGet(44)) - raft.server.staging.catchup.gap = 1000 (default)
2020-11-27 01:37:59,394 [03f5e28f-1ccf-47de-881e-8ae7723c653b@group-C21560EF9FAB-LeaderElection78] INFO  server.RaftServerConfigKeys (ConfUtils.java:logGet(44)) - raft.server.rpc.sleep.time = 25ms (default)
2020-11-27 01:37:59,394 [03f5e28f-1ccf-47de-881e-8ae7723c653b@group-C21560EF9FAB-LeaderElection78] INFO  metrics.RatisMetrics (RatisMetrics.java:lambda$create$0(36)) - Creating Metrics Registry : ratis.log_appender.03f5e28f-1ccf-47de-881e-8ae7723c653b@group-C21560EF9FAB
2020-11-27 01:37:59,394 [03f5e28f-1ccf-47de-881e-8ae7723c653b@group-C21560EF9FAB-LeaderElection78] INFO  server.RaftServerConfigKeys (ConfUtils.java:logGet(44)) - raft.server.write.element-limit = 1024 (custom)
2020-11-27 01:37:59,394 [03f5e28f-1ccf-47de-881e-8ae7723c653b@group-C21560EF9FAB-LeaderElection78] INFO  server.RaftServerConfigKeys (ConfUtils.java:logGet(44)) - raft.server.write.byte-limit = 1073741824 (custom)
2020-11-27 01:37:59,395 [03f5e28f-1ccf-47de-881e-8ae7723c653b@group-C21560EF9FAB-LeaderElection78] INFO  server.RaftServerConfigKeys (ConfUtils.java:logGet(44)) - raft.server.watch.timeout = 3000ms (custom)
2020-11-27 01:37:59,395 [03f5e28f-1ccf-47de-881e-8ae7723c653b@group-C21560EF9FAB-LeaderElection78] INFO  server.RaftServerConfigKeys (ConfUtils.java:logGet(44)) - raft.server.watch.timeout.denomination = 1s (default)
2020-11-27 01:37:59,395 [03f5e28f-1ccf-47de-881e-8ae7723c653b@group-C21560EF9FAB-LeaderElection78] INFO  server.RaftServerConfigKeys (ConfUtils.java:logGet(44)) - raft.server.watch.element-limit = 65536 (default)
2020-11-27 01:37:59,395 [03f5e28f-1ccf-47de-881e-8ae7723c653b@group-C21560EF9FAB-LeaderElection78] INFO  server.RaftServerConfigKeys (ConfUtils.java:logGet(44)) - raft.server.log.appender.snapshot.chunk.size.max = 16MB (=16777216) (default)
2020-11-27 01:37:59,395 [03f5e28f-1ccf-47de-881e-8ae7723c653b@group-C21560EF9FAB-LeaderElection78] INFO  server.RaftServerConfigKeys (ConfUtils.java:logGet(44)) - raft.server.log.appender.buffer.byte-limit = 33554432 (custom)
2020-11-27 01:37:59,395 [03f5e28f-1ccf-47de-881e-8ae7723c653b@group-C21560EF9FAB-LeaderElection78] INFO  server.RaftServerConfigKeys (ConfUtils.java:logGet(44)) - raft.server.log.appender.buffer.element-limit = 1 (custom)
2020-11-27 01:37:59,396 [03f5e28f-1ccf-47de-881e-8ae7723c653b@group-C21560EF9FAB-LeaderElection78] INFO  grpc.GrpcConfigKeys (ConfUtils.java:logGet(44)) - raft.grpc.server.leader.outstanding.appends.max = 128 (default)
2020-11-27 01:37:59,396 [03f5e28f-1ccf-47de-881e-8ae7723c653b@group-C21560EF9FAB-LeaderElection78] INFO  server.RaftServerConfigKeys (ConfUtils.java:logGet(44)) - raft.server.rpc.request.timeout = 3000ms (default)
2020-11-27 01:37:59,396 [03f5e28f-1ccf-47de-881e-8ae7723c653b@group-C21560EF9FAB-LeaderElection78] INFO  server.RaftServerConfigKeys (ConfUtils.java:logGet(44)) - raft.server.log.appender.install.snapshot.enabled = false (custom)
2020-11-27 01:37:59,396 [03f5e28f-1ccf-47de-881e-8ae7723c653b@group-C21560EF9FAB-LeaderElection78] INFO  metrics.RatisMetrics (RatisMetrics.java:lambda$create$0(36)) - Creating Metrics Registry : ratis_grpc.log_appender.03f5e28f-1ccf-47de-881e-8ae7723c653b@group-C21560EF9FAB
2020-11-27 01:37:59,398 [03f5e28f-1ccf-47de-881e-8ae7723c653b@group-C21560EF9FAB-LeaderElection78] INFO  server.RaftServerConfigKeys (ConfUtils.java:logGet(44)) - raft.server.log.appender.snapshot.chunk.size.max = 16MB (=16777216) (default)
2020-11-27 01:37:59,398 [03f5e28f-1ccf-47de-881e-8ae7723c653b@group-C21560EF9FAB-LeaderElection78] INFO  server.RaftServerConfigKeys (ConfUtils.java:logGet(44)) - raft.server.log.appender.buffer.byte-limit = 33554432 (custom)
2020-11-27 01:37:59,398 [03f5e28f-1ccf-47de-881e-8ae7723c653b@group-C21560EF9FAB-LeaderElection78] INFO  server.RaftServerConfigKeys (ConfUtils.java:logGet(44)) - raft.server.log.appender.buffer.element-limit = 1 (custom)
2020-11-27 01:37:59,398 [03f5e28f-1ccf-47de-881e-8ae7723c653b@group-C21560EF9FAB-LeaderElection78] INFO  grpc.GrpcConfigKeys (ConfUtils.java:logGet(44)) - raft.grpc.server.leader.outstanding.appends.max = 128 (default)
2020-11-27 01:37:59,398 [03f5e28f-1ccf-47de-881e-8ae7723c653b@group-C21560EF9FAB-LeaderElection78] INFO  server.RaftServerConfigKeys (ConfUtils.java:logGet(44)) - raft.server.rpc.request.timeout = 3000ms (default)
2020-11-27 01:37:59,398 [03f5e28f-1ccf-47de-881e-8ae7723c653b@group-C21560EF9FAB-LeaderElection78] INFO  server.RaftServerConfigKeys (ConfUtils.java:logGet(44)) - raft.server.log.appender.install.snapshot.enabled = false (custom)
2020-11-27 01:37:59,400 [03f5e28f-1ccf-47de-881e-8ae7723c653b@group-C21560EF9FAB-LeaderElection78] INFO  impl.RoleInfo (RoleInfo.java:updateAndGet(143)) - 03f5e28f-1ccf-47de-881e-8ae7723c653b: start 03f5e28f-1ccf-47de-881e-8ae7723c653b@group-C21560EF9FAB-LeaderState
2020-11-27 01:37:59,400 [03f5e28f-1ccf-47de-881e-8ae7723c653b@group-C21560EF9FAB-LeaderElection78] INFO  segmented.SegmentedRaftLogWorker (SegmentedRaftLogWorker.java:rollLogSegment(403)) - 03f5e28f-1ccf-47de-881e-8ae7723c653b@group-C21560EF9FAB-SegmentedRaftLogWorker: Rolling segment log-0_0 to index:0
2020-11-27 01:37:59,401 [03f5e28f-1ccf-47de-881e-8ae7723c653b@group-C21560EF9FAB-SegmentedRaftLogWorker] INFO  segmented.SegmentedRaftLogWorker (SegmentedRaftLogWorker.java:execute(554)) - 03f5e28f-1ccf-47de-881e-8ae7723c653b@group-C21560EF9FAB-SegmentedRaftLogWorker: Rolled log segment from /github/workspace/mnt/ozone/hadoop-ozone/integration-test/target/test-dir/MiniOzoneClusterImpl-7befb19c-4ec9-4b73-94e9-5feb4aa859dd/datanode-0/data/ratis/6ad1acc2-e1ba-4f36-9a9d-c21560ef9fab/current/log_inprogress_0 to /github/workspace/mnt/ozone/hadoop-ozone/integration-test/target/test-dir/MiniOzoneClusterImpl-7befb19c-4ec9-4b73-94e9-5feb4aa859dd/datanode-0/data/ratis/6ad1acc2-e1ba-4f36-9a9d-c21560ef9fab/current/log_0-0
2020-11-27 01:37:59,402 [03f5e28f-1ccf-47de-881e-8ae7723c653b@group-C21560EF9FAB-SegmentedRaftLogWorker] INFO  segmented.SegmentedRaftLogWorker (SegmentedRaftLogWorker.java:execute(597)) - 03f5e28f-1ccf-47de-881e-8ae7723c653b@group-C21560EF9FAB-SegmentedRaftLogWorker: created new log segment /github/workspace/mnt/ozone/hadoop-ozone/integration-test/target/test-dir/MiniOzoneClusterImpl-7befb19c-4ec9-4b73-94e9-5feb4aa859dd/datanode-0/data/ratis/6ad1acc2-e1ba-4f36-9a9d-c21560ef9fab/current/log_inprogress_1
2020-11-27 01:37:59,403 [03f5e28f-1ccf-47de-881e-8ae7723c653b@group-C21560EF9FAB-LeaderElection78] INFO  impl.RaftServerImpl (ServerState.java:setRaftConf(374)) - 03f5e28f-1ccf-47de-881e-8ae7723c653b@group-C21560EF9FAB: set configuration 1: [fadf6fe5-11c1-4da6-9372-0a456385f570|rpc:172.17.0.2:44925|dataStream:, 03f5e28f-1ccf-47de-881e-8ae7723c653b|rpc:172.17.0.2:40701|dataStream:, 24a428e6-ab73-4f5b-a870-5f8cec721e35|rpc:172.17.0.2:43409|dataStream:], old=null at 1
2020-11-27 01:37:59,405 [grpc-default-executor-3] WARN  server.GrpcLogAppender (LogUtils.java:warn(122)) - 03f5e28f-1ccf-47de-881e-8ae7723c653b@group-C21560EF9FAB->24a428e6-ab73-4f5b-a870-5f8cec721e35-AppendLogResponseHandler: Failed appendEntries: org.apache.ratis.thirdparty.io.grpc.StatusRuntimeException: UNAVAILABLE: io exception
2020-11-27 01:37:59,406 [grpc-default-executor-1] INFO  ratis.XceiverServerRatis (XceiverServerRatis.java:handleLeaderChangedNotification(854)) - Leader change notification received for group: group-C21560EF9FAB with new leaderId: 03f5e28f-1ccf-47de-881e-8ae7723c653b
2020-11-27 01:37:59,406 [grpc-default-executor-1] INFO  impl.RaftServerImpl (ServerState.java:setLeader(256)) - fadf6fe5-11c1-4da6-9372-0a456385f570@group-C21560EF9FAB: change Leader from null to 03f5e28f-1ccf-47de-881e-8ae7723c653b at term 3 for appendEntries, leader elected after 5195ms
2020-11-27 01:37:59,413 [grpc-default-executor-3] WARN  server.GrpcLogAppender (GrpcLogAppender.java:resetClient(107)) - 03f5e28f-1ccf-47de-881e-8ae7723c653b@group-C21560EF9FAB->24a428e6-ab73-4f5b-a870-5f8cec721e35-GrpcLogAppender: Leader has not got in touch with Follower 03f5e28f-1ccf-47de-881e-8ae7723c653b@group-C21560EF9FAB->24a428e6-ab73-4f5b-a870-5f8cec721e35(c-1,m0,n2, attendVote=true, lastRpcSendTime=7, lastRpcResponseTime=5217) yet, just keep nextIndex unchanged and retry.
2020-11-27 01:37:59,413 [grpc-default-executor-1] INFO  impl.RaftServerImpl (ServerState.java:setRaftConf(374)) - fadf6fe5-11c1-4da6-9372-0a456385f570@group-C21560EF9FAB: set configuration 1: [fadf6fe5-11c1-4da6-9372-0a456385f570|rpc:172.17.0.2:44925|dataStream:, 03f5e28f-1ccf-47de-881e-8ae7723c653b|rpc:172.17.0.2:40701|dataStream:, 24a428e6-ab73-4f5b-a870-5f8cec721e35|rpc:172.17.0.2:43409|dataStream:], old=null at 1
2020-11-27 01:37:59,413 [grpc-default-executor-1] INFO  segmented.SegmentedRaftLogWorker (SegmentedRaftLogWorker.java:rollLogSegment(403)) - fadf6fe5-11c1-4da6-9372-0a456385f570@group-C21560EF9FAB-SegmentedRaftLogWorker: Rolling segment log-0_0 to index:0
2020-11-27 01:37:59,414 [fadf6fe5-11c1-4da6-9372-0a456385f570@group-C21560EF9FAB-SegmentedRaftLogWorker] INFO  segmented.SegmentedRaftLogWorker (SegmentedRaftLogWorker.java:execute(554)) - fadf6fe5-11c1-4da6-9372-0a456385f570@group-C21560EF9FAB-SegmentedRaftLogWorker: Rolled log segment from /github/workspace/mnt/ozone/hadoop-ozone/integration-test/target/test-dir/MiniOzoneClusterImpl-7befb19c-4ec9-4b73-94e9-5feb4aa859dd/datanode-2/data/ratis/6ad1acc2-e1ba-4f36-9a9d-c21560ef9fab/current/log_inprogress_0 to /github/workspace/mnt/ozone/hadoop-ozone/integration-test/target/test-dir/MiniOzoneClusterImpl-7befb19c-4ec9-4b73-94e9-5feb4aa859dd/datanode-2/data/ratis/6ad1acc2-e1ba-4f36-9a9d-c21560ef9fab/current/log_0-0
2020-11-27 01:37:59,416 [fadf6fe5-11c1-4da6-9372-0a456385f570@group-C21560EF9FAB-SegmentedRaftLogWorker] INFO  segmented.SegmentedRaftLogWorker (SegmentedRaftLogWorker.java:execute(597)) - fadf6fe5-11c1-4da6-9372-0a456385f570@group-C21560EF9FAB-SegmentedRaftLogWorker: created new log segment /github/workspace/mnt/ozone/hadoop-ozone/integration-test/target/test-dir/MiniOzoneClusterImpl-7befb19c-4ec9-4b73-94e9-5feb4aa859dd/datanode-2/data/ratis/6ad1acc2-e1ba-4f36-9a9d-c21560ef9fab/current/log_inprogress_1
2020-11-27 01:37:59,423 [grpc-default-executor-3] WARN  server.GrpcLogAppender (LogUtils.java:warn(122)) - 03f5e28f-1ccf-47de-881e-8ae7723c653b@group-C21560EF9FAB->24a428e6-ab73-4f5b-a870-5f8cec721e35-AppendLogResponseHandler: Failed appendEntries: org.apache.ratis.thirdparty.io.grpc.StatusRuntimeException: UNAVAILABLE: io exception
2020-11-27 01:37:59,423 [grpc-default-executor-3] WARN  server.GrpcLogAppender (GrpcLogAppender.java:resetClient(107)) - 03f5e28f-1ccf-47de-881e-8ae7723c653b@group-C21560EF9FAB->24a428e6-ab73-4f5b-a870-5f8cec721e35-GrpcLogAppender: Leader has not got in touch with Follower 03f5e28f-1ccf-47de-881e-8ae7723c653b@group-C21560EF9FAB->24a428e6-ab73-4f5b-a870-5f8cec721e35(c-1,m0,n3, attendVote=true, lastRpcSendTime=17, lastRpcResponseTime=5227) yet, just keep nextIndex unchanged and retry.
2020-11-27 01:38:00,856 [Command processor thread] INFO  impl.RaftServerProxy (RaftServerProxy.java:remove(104)) - 03f5e28f-1ccf-47de-881e-8ae7723c653b: remove    LEADER 03f5e28f-1ccf-47de-881e-8ae7723c653b@group-C21560EF9FAB:t3, leader=03f5e28f-1ccf-47de-881e-8ae7723c653b, voted=03f5e28f-1ccf-47de-881e-8ae7723c653b, raftlog=03f5e28f-1ccf-47de-881e-8ae7723c653b@group-C21560EF9FAB-SegmentedRaftLog:OPENED:c2,f2,i2, conf=1: [fadf6fe5-11c1-4da6-9372-0a456385f570|rpc:172.17.0.2:44925|dataStream:, 03f5e28f-1ccf-47de-881e-8ae7723c653b|rpc:172.17.0.2:40701|dataStream:, 24a428e6-ab73-4f5b-a870-5f8cec721e35|rpc:172.17.0.2:43409|dataStream:], old=null RUNNING
2020-11-27 01:38:00,856 [Command processor thread] INFO  impl.RaftServerImpl (RaftServerImpl.java:lambda$shutdown$3(328)) - 03f5e28f-1ccf-47de-881e-8ae7723c653b@group-C21560EF9FAB: shutdown
2020-11-27 01:38:00,856 [Command processor thread] INFO  util.JmxRegister (JmxRegister.java:unregister(73)) - Successfully un-registered JMX Bean with object name Ratis:service=RaftServer,group=group-C21560EF9FAB,id=03f5e28f-1ccf-47de-881e-8ae7723c653b
2020-11-27 01:38:00,856 [Command processor thread] INFO  impl.RoleInfo (RoleInfo.java:shutdownLeaderState(104)) - 03f5e28f-1ccf-47de-881e-8ae7723c653b: shutdown 03f5e28f-1ccf-47de-881e-8ae7723c653b@group-C21560EF9FAB-LeaderState
2020-11-27 01:38:00,857 [Command processor thread] INFO  metrics.RatisMetrics (RatisMetrics.java:unregister(43)) - Unregistering Metrics Registry : ratis_grpc.log_appender.03f5e28f-1ccf-47de-881e-8ae7723c653b@group-C21560EF9FAB
2020-11-27 01:38:00,857 [Command processor thread] INFO  metrics.RatisMetrics (RatisMetrics.java:unregister(43)) - Unregistering Metrics Registry : ratis_grpc.log_appender.03f5e28f-1ccf-47de-881e-8ae7723c653b@group-C21560EF9FAB
2020-11-27 01:38:00,857 [org.apache.ratis.server.impl.LogAppender$AppenderDaemon$$Lambda$473/1564135286@292c1624] WARN  server.GrpcLogAppender (GrpcLogAppender.java:mayWait(168)) - 03f5e28f-1ccf-47de-881e-8ae7723c653b@group-C21560EF9FAB->fadf6fe5-11c1-4da6-9372-0a456385f570-GrpcLogAppender: Wait interrupted by java.lang.InterruptedException
2020-11-27 01:38:00,857 [Command processor thread] INFO  impl.PendingRequests (PendingRequests.java:sendNotLeaderResponses(250)) - 03f5e28f-1ccf-47de-881e-8ae7723c653b@group-C21560EF9FAB-PendingRequests: sendNotLeaderResponses
2020-11-27 01:38:00,857 [org.apache.ratis.server.impl.LogAppender$AppenderDaemon$$Lambda$473/1564135286@69fa34c2] WARN  server.GrpcLogAppender (GrpcLogAppender.java:mayWait(168)) - 03f5e28f-1ccf-47de-881e-8ae7723c653b@group-C21560EF9FAB->24a428e6-ab73-4f5b-a870-5f8cec721e35-GrpcLogAppender: Wait interrupted by java.lang.InterruptedException
2020-11-27 01:38:00,859 [Command processor thread] INFO  metrics.RatisMetrics (RatisMetrics.java:unregister(43)) - Unregistering Metrics Registry : ratis.log_appender.03f5e28f-1ccf-47de-881e-8ae7723c653b@group-C21560EF9FAB
2020-11-27 01:38:00,860 [grpc-default-executor-1] INFO  server.GrpcServerProtocolService (GrpcServerProtocolService.java:onCompleted(138)) - fadf6fe5-11c1-4da6-9372-0a456385f570: Completed APPEND_ENTRIES, lastRequest: 03f5e28f-1ccf-47de-881e-8ae7723c653b->fadf6fe5-11c1-4da6-9372-0a456385f570#2-t3, previous=(t:3, i:1), leaderCommit=1, initializing? false, entries: size=1, first=(t:3, i:2), METADATAENTRY(c:1)
2020-11-27 01:38:00,860 [Command processor thread] INFO  metrics.RatisMetrics (RatisMetrics.java:unregister(43)) - Unregistering Metrics Registry : ratis.server.03f5e28f-1ccf-47de-881e-8ae7723c653b@group-C21560EF9FAB
2020-11-27 01:38:00,861 [grpc-default-executor-3] INFO  server.GrpcLogAppender (GrpcLogAppender.java:onCompleted(337)) - 03f5e28f-1ccf-47de-881e-8ae7723c653b@group-C21560EF9FAB->fadf6fe5-11c1-4da6-9372-0a456385f570-AppendLogResponseHandler: follower responses appendEntries COMPLETED
2020-11-27 01:38:00,861 [grpc-default-executor-3] INFO  impl.FollowerInfo (FollowerInfo.java:lambda$new$0(51)) - 03f5e28f-1ccf-47de-881e-8ae7723c653b@group-C21560EF9FAB->fadf6fe5-11c1-4da6-9372-0a456385f570: nextIndex: updateUnconditionally 3 -> 2
2020-11-27 01:38:00,862 [Command processor thread] INFO  impl.StateMachineUpdater (StateMachineUpdater.java:stopAndJoin(147)) - 03f5e28f-1ccf-47de-881e-8ae7723c653b@group-C21560EF9FAB-StateMachineUpdater: set stopIndex = 2
2020-11-27 01:38:00,863 [03f5e28f-1ccf-47de-881e-8ae7723c653b@group-C21560EF9FAB-StateMachineUpdater] INFO  ratis.ContainerStateMachine (ContainerStateMachine.java:takeSnapshot(293)) - group-C21560EF9FAB: Taking a snapshot at:(t:3, i:2) file /github/workspace/mnt/ozone/hadoop-ozone/integration-test/target/test-dir/MiniOzoneClusterImpl-7befb19c-4ec9-4b73-94e9-5feb4aa859dd/datanode-0/data/ratis/6ad1acc2-e1ba-4f36-9a9d-c21560ef9fab/sm/snapshot.3_2
2020-11-27 01:38:00,863 [grpc-default-executor-1] WARN  server.GrpcLogAppender (LogUtils.java:warn(122)) - 03f5e28f-1ccf-47de-881e-8ae7723c653b@group-560F50B45583->24a428e6-ab73-4f5b-a870-5f8cec721e35-AppendLogResponseHandler: Failed appendEntries: org.apache.ratis.thirdparty.io.grpc.StatusRuntimeException: UNAVAILABLE: io exception
2020-11-27 01:38:00,864 [grpc-default-executor-1] INFO  impl.FollowerInfo (FollowerInfo.java:lambda$new$0(51)) - 03f5e28f-1ccf-47de-881e-8ae7723c653b@group-560F50B45583->24a428e6-ab73-4f5b-a870-5f8cec721e35: nextIndex: updateUnconditionally 16 -> 15
2020-11-27 01:38:00,864 [03f5e28f-1ccf-47de-881e-8ae7723c653b@group-C21560EF9FAB-StateMachineUpdater] INFO  ratis.ContainerStateMachine (ContainerStateMachine.java:takeSnapshot(304)) - group-C21560EF9FAB: Finished taking a snapshot at:(t:3, i:2) file:/github/workspace/mnt/ozone/hadoop-ozone/integration-test/target/test-dir/MiniOzoneClusterImpl-7befb19c-4ec9-4b73-94e9-5feb4aa859dd/datanode-0/data/ratis/6ad1acc2-e1ba-4f36-9a9d-c21560ef9fab/sm/snapshot.3_2 time:1
2020-11-27 01:38:00,864 [03f5e28f-1ccf-47de-881e-8ae7723c653b@group-C21560EF9FAB-StateMachineUpdater] INFO  impl.StateMachineUpdater (StateMachineUpdater.java:takeSnapshot(278)) - 03f5e28f-1ccf-47de-881e-8ae7723c653b@group-C21560EF9FAB-StateMachineUpdater: Took a snapshot at index 2
2020-11-27 01:38:00,864 [03f5e28f-1ccf-47de-881e-8ae7723c653b@group-C21560EF9FAB-StateMachineUpdater] INFO  impl.StateMachineUpdater (StateMachineUpdater.java:lambda$new$0(87)) - 03f5e28f-1ccf-47de-881e-8ae7723c653b@group-C21560EF9FAB-StateMachineUpdater: snapshotIndex: updateIncreasingly -1 -> 2
2020-11-27 01:38:00,864 [03f5e28f-1ccf-47de-881e-8ae7723c653b@group-C21560EF9FAB-StateMachineUpdater] INFO  metrics.RatisMetrics (RatisMetrics.java:unregister(43)) - Unregistering Metrics Registry : ratis.state_machine.03f5e28f-1ccf-47de-881e-8ae7723c653b@group-C21560EF9FAB
2020-11-27 01:38:00,864 [Command processor thread] INFO  impl.RaftServerImpl (ServerState.java:close(406)) - 03f5e28f-1ccf-47de-881e-8ae7723c653b@group-C21560EF9FAB: closes. applyIndex: 2
2020-11-27 01:38:00,865 [03f5e28f-1ccf-47de-881e-8ae7723c653b@group-C21560EF9FAB-SegmentedRaftLogWorker] INFO  segmented.SegmentedRaftLogWorker (SegmentedRaftLogWorker.java:run(329)) - 03f5e28f-1ccf-47de-881e-8ae7723c653b@group-C21560EF9FAB-SegmentedRaftLogWorker was interrupted, exiting. There are 0 tasks remaining in the queue.
2020-11-27 01:38:00,865 [Command processor thread] INFO  segmented.SegmentedRaftLogWorker (SegmentedRaftLogWorker.java:close(235)) - 03f5e28f-1ccf-47de-881e-8ae7723c653b@group-C21560EF9FAB-SegmentedRaftLogWorker close()
2020-11-27 01:38:00,866 [Command processor thread] INFO  metrics.RatisMetrics (RatisMetrics.java:unregister(43)) - Unregistering Metrics Registry : ratis.log_worker.03f5e28f-1ccf-47de-881e-8ae7723c653b@group-C21560EF9FAB
2020-11-27 01:38:00,866 [Command processor thread] INFO  metrics.RatisMetrics (RatisMetrics.java:unregister(43)) - Unregistering Metrics Registry : ratis.leader_election.03f5e28f-1ccf-47de-881e-8ae7723c653b@group-C21560EF9FAB
2020-11-27 01:38:00,866 [Command processor thread] INFO  metrics.RatisMetrics (RatisMetrics.java:unregister(43)) - Unregistering Metrics Registry : ratis.server.03f5e28f-1ccf-47de-881e-8ae7723c653b@group-C21560EF9FAB
2020-11-27 01:38:00,867 [Command processor thread] INFO  impl.RaftServerImpl (RaftServerImpl.java:groupRemove(299)) - 03f5e28f-1ccf-47de-881e-8ae7723c653b@group-C21560EF9FAB: Succeed to remove RaftStorageDirectory Storage Directory /github/workspace/mnt/ozone/hadoop-ozone/integration-test/target/test-dir/MiniOzoneClusterImpl-7befb19c-4ec9-4b73-94e9-5feb4aa859dd/datanode-0/data/ratis/6ad1acc2-e1ba-4f36-9a9d-c21560ef9fab
2020-11-27 01:38:00,867 [Command processor thread] INFO  commandhandler.ClosePipelineCommandHandler (ClosePipelineCommandHandler.java:handle(75)) - Close Pipeline PipelineID=6ad1acc2-e1ba-4f36-9a9d-c21560ef9fab command on datanode 03f5e28f-1ccf-47de-881e-8ae7723c653b.
2020-11-27 01:38:00,868 [Command processor thread] INFO  impl.RaftServerProxy (RaftServerProxy.java:addNew(93)) - 03f5e28f-1ccf-47de-881e-8ae7723c653b: addNew group-076B8DC24DAC:[fadf6fe5-11c1-4da6-9372-0a456385f570|rpc:172.17.0.2:44925, 03f5e28f-1ccf-47de-881e-8ae7723c653b|rpc:172.17.0.2:40701, 5b456079-358f-469d-9a4b-1e41f0af00c2|rpc:172.17.0.2:39765] returns group-076B8DC24DAC:java.util.concurrent.CompletableFuture@524ead66[Not completed]
2020-11-27 01:38:00,868 [pool-645-thread-1] INFO  impl.RaftServerImpl (RaftServerImpl.java:<init>(121)) - 03f5e28f-1ccf-47de-881e-8ae7723c653b: new RaftServerImpl for group-076B8DC24DAC:[fadf6fe5-11c1-4da6-9372-0a456385f570|rpc:172.17.0.2:44925, 03f5e28f-1ccf-47de-881e-8ae7723c653b|rpc:172.17.0.2:40701, 5b456079-358f-469d-9a4b-1e41f0af00c2|rpc:172.17.0.2:39765] with ContainerStateMachine:uninitialized
2020-11-27 01:38:00,868 [pool-645-thread-1] INFO  server.RaftServerConfigKeys (ConfUtils.java:logGet(44)) - raft.server.rpc.timeout.min = 5s (custom)
2020-11-27 01:38:00,868 [pool-645-thread-1] INFO  server.RaftServerConfigKeys (ConfUtils.java:logGet(44)) - raft.server.rpc.timeout.max = 5200ms (custom)
2020-11-27 01:38:00,868 [pool-645-thread-1] INFO  server.RaftServerConfigKeys (ConfUtils.java:logGet(44)) - raft.server.rpc.slowness.timeout = 300000ms (custom)
2020-11-27 01:38:00,868 [pool-645-thread-1] INFO  server.RaftServerConfigKeys (ConfUtils.java:logGet(44)) - raft.server.leaderelection.leader.step-down.wait-time = 10s (default)
2020-11-27 01:38:00,869 [pool-645-thread-1] INFO  server.RaftServerConfigKeys (ConfUtils.java:logGet(44)) - raft.server.sleep.deviation.threshold = 300 (default)
2020-11-27 01:38:00,869 [pool-645-thread-1] INFO  server.RaftServerConfigKeys (ConfUtils.java:logGet(44)) - raft.server.log.appender.install.snapshot.enabled = false (custom)
2020-11-27 01:38:00,869 [pool-645-thread-1] INFO  impl.RaftServerImpl (ServerState.java:<init>(104)) - 03f5e28f-1ccf-47de-881e-8ae7723c653b@group-076B8DC24DAC: ConfigurationManager, init=-1: [fadf6fe5-11c1-4da6-9372-0a456385f570|rpc:172.17.0.2:44925, 03f5e28f-1ccf-47de-881e-8ae7723c653b|rpc:172.17.0.2:40701, 5b456079-358f-469d-9a4b-1e41f0af00c2|rpc:172.17.0.2:39765], old=null, confs=<EMPTY_MAP>
2020-11-27 01:38:00,869 [pool-645-thread-1] INFO  server.RaftServerConfigKeys (ConfUtils.java:logGet(44)) - raft.server.storage.dir = [/github/workspace/mnt/ozone/hadoop-ozone/integration-test/target/test-dir/MiniOzoneClusterImpl-7befb19c-4ec9-4b73-94e9-5feb4aa859dd/datanode-0/data/ratis] (custom)
2020-11-27 01:38:00,869 [pool-645-thread-1] INFO  server.RaftServerConfigKeys (ConfUtils.java:logGet(44)) - raft.server.log.corruption.policy = EXCEPTION (default)
2020-11-27 01:38:00,869 [pool-645-thread-1] INFO  storage.RaftStorageDirectory (RaftStorageDirectory.java:analyzeStorage(261)) - The storage directory /github/workspace/mnt/ozone/hadoop-ozone/integration-test/target/test-dir/MiniOzoneClusterImpl-7befb19c-4ec9-4b73-94e9-5feb4aa859dd/datanode-0/data/ratis/30d8af58-a360-44d1-be5e-076b8dc24dac does not exist. Creating ...
2020-11-27 01:38:00,870 [pool-645-thread-1] INFO  storage.RaftStorageDirectory (RaftStorageDirectory.java:tryLock(343)) - Lock on /github/workspace/mnt/ozone/hadoop-ozone/integration-test/target/test-dir/MiniOzoneClusterImpl-7befb19c-4ec9-4b73-94e9-5feb4aa859dd/datanode-0/data/ratis/30d8af58-a360-44d1-be5e-076b8dc24dac/in_use.lock acquired by nodename 18347@3bf31645156d
2020-11-27 01:38:00,871 [pool-645-thread-1] INFO  storage.RaftStorage (RaftStorage.java:format(85)) - Storage directory /github/workspace/mnt/ozone/hadoop-ozone/integration-test/target/test-dir/MiniOzoneClusterImpl-7befb19c-4ec9-4b73-94e9-5feb4aa859dd/datanode-0/data/ratis/30d8af58-a360-44d1-be5e-076b8dc24dac has been successfully formatted.
2020-11-27 01:38:00,871 [pool-645-thread-1] INFO  ratis.ContainerStateMachine (ContainerStateMachine.java:loadSnapshot(225)) - group-076B8DC24DAC: The snapshot info is null. Setting the last applied indexto:(t:0, i:~)
2020-11-27 01:38:00,871 [pool-645-thread-1] INFO  server.RaftServerConfigKeys (ConfUtils.java:logGet(44)) - raft.server.notification.no-leader.timeout = 300000ms (custom)
2020-11-27 01:38:00,871 [pool-645-thread-1] INFO  server.RaftServerConfigKeys (ConfUtils.java:logGet(44)) - raft.server.log.use.memory = false (default)
2020-11-27 01:38:00,872 [pool-645-thread-1] INFO  server.RaftServerConfigKeys (ConfUtils.java:logGet(44)) - raft.server.log.purge.gap = 1000000 (custom)
2020-11-27 01:38:00,872 [pool-645-thread-1] INFO  metrics.RatisMetrics (RatisMetrics.java:lambda$create$0(36)) - Creating Metrics Registry : ratis.log_worker.03f5e28f-1ccf-47de-881e-8ae7723c653b@group-076B8DC24DAC
2020-11-27 01:38:00,872 [pool-645-thread-1] INFO  server.RaftServerConfigKeys (ConfUtils.java:logGet(44)) - raft.server.log.appender.buffer.byte-limit = 33554432 (custom)
2020-11-27 01:38:00,872 [pool-645-thread-1] INFO  server.RaftServerConfigKeys (ConfUtils.java:logGet(44)) - raft.server.log.segment.size.max = 1048576 (custom)
2020-11-27 01:38:00,873 [pool-645-thread-1] INFO  server.RaftServerConfigKeys (ConfUtils.java:logGet(44)) - raft.server.log.segment.cache.num.max = 2 (custom)
2020-11-27 01:38:00,873 [pool-645-thread-1] INFO  segmented.SegmentedRaftLogWorker (SegmentedRaftLogWorker.java:<init>(180)) - new 03f5e28f-1ccf-47de-881e-8ae7723c653b@group-076B8DC24DAC-SegmentedRaftLogWorker for RaftStorage:Storage Directory /github/workspace/mnt/ozone/hadoop-ozone/integration-test/target/test-dir/MiniOzoneClusterImpl-7befb19c-4ec9-4b73-94e9-5feb4aa859dd/datanode-0/data/ratis/30d8af58-a360-44d1-be5e-076b8dc24dac
2020-11-27 01:38:00,873 [pool-645-thread-1] INFO  server.RaftServerConfigKeys (ConfUtils.java:logGet(44)) - raft.server.log.queue.byte-limit = 2147483647 (custom)
2020-11-27 01:38:00,873 [pool-645-thread-1] INFO  server.RaftServerConfigKeys (ConfUtils.java:logGet(44)) - raft.server.log.queue.element-limit = 1024 (custom)
2020-11-27 01:38:00,873 [pool-645-thread-1] INFO  server.RaftServerConfigKeys (ConfUtils.java:logGet(44)) - raft.server.log.segment.size.max = 1048576 (custom)
2020-11-27 01:38:00,873 [pool-645-thread-1] INFO  server.RaftServerConfigKeys (ConfUtils.java:logGet(44)) - raft.server.log.preallocated.size = 16384 (custom)
2020-11-27 01:38:00,873 [pool-645-thread-1] INFO  server.RaftServerConfigKeys (ConfUtils.java:logGet(44)) - raft.server.log.write.buffer.size = 1048576 (custom)
2020-11-27 01:38:00,873 [pool-645-thread-1] INFO  server.RaftServerConfigKeys (ConfUtils.java:logGet(44)) - raft.server.log.force.sync.num = 128 (default)
2020-11-27 01:38:00,873 [pool-645-thread-1] INFO  server.RaftServerConfigKeys (ConfUtils.java:logGet(44)) - raft.server.log.statemachine.data.sync = true (default)
2020-11-27 01:38:00,873 [pool-645-thread-1] INFO  server.RaftServerConfigKeys (ConfUtils.java:logGet(44)) - raft.server.log.statemachine.data.sync.timeout = 10s (default)
2020-11-27 01:38:00,873 [pool-645-thread-1] INFO  server.RaftServerConfigKeys (ConfUtils.java:logGet(44)) - raft.server.log.statemachine.data.sync.timeout.retry = -1 (default)
2020-11-27 01:38:00,876 [pool-645-thread-1] INFO  server.RaftServerConfigKeys (ConfUtils.java:logGet(44)) - raft.server.log.statemachine.data.caching.enabled = true (custom)
2020-11-27 01:38:00,876 [pool-645-thread-1] INFO  segmented.SegmentedRaftLogWorker (SegmentedRaftLogWorker.java:lambda$new$0(129)) - 03f5e28f-1ccf-47de-881e-8ae7723c653b@group-076B8DC24DAC-SegmentedRaftLogWorker: flushIndex: setUnconditionally 0 -> -1
2020-11-27 01:38:00,876 [pool-645-thread-1] INFO  segmented.SegmentedRaftLogWorker (SegmentedRaftLogWorker.java:lambda$new$0(129)) - 03f5e28f-1ccf-47de-881e-8ae7723c653b@group-076B8DC24DAC-SegmentedRaftLogWorker: safeCacheEvictIndex: setUnconditionally 0 -> -1
2020-11-27 01:38:00,876 [pool-645-thread-1] INFO  server.RaftServerConfigKeys (ConfUtils.java:logGet(44)) - raft.server.snapshot.auto.trigger.enabled = true (custom)
2020-11-27 01:38:00,876 [pool-645-thread-1] INFO  server.RaftServerConfigKeys (ConfUtils.java:logGet(44)) - raft.server.snapshot.auto.trigger.threshold = 10000 (custom)
2020-11-27 01:38:00,876 [pool-645-thread-1] INFO  server.RaftServerConfigKeys (ConfUtils.java:logGet(44)) - raft.server.snapshot.retention.file.num = 5 (custom)
2020-11-27 01:38:00,877 [pool-645-thread-1] INFO  server.RaftServerConfigKeys (ConfUtils.java:logGet(44)) - raft.server.log.purge.upto.snapshot.index = false (default)
2020-11-27 01:38:00,877 [pool-645-thread-1] INFO  server.RaftServerConfigKeys (ConfUtils.java:logGet(44)) - raft.server.retrycache.expirytime = 600000ms (custom)
2020-11-27 01:38:00,877 [pool-645-thread-1] INFO  metrics.RatisMetrics (RatisMetrics.java:lambda$create$0(36)) - Creating Metrics Registry : ratis.leader_election.03f5e28f-1ccf-47de-881e-8ae7723c653b@group-076B8DC24DAC
2020-11-27 01:38:00,877 [pool-645-thread-1] INFO  metrics.RatisMetrics (RatisMetrics.java:lambda$create$0(36)) - Creating Metrics Registry : ratis.server.03f5e28f-1ccf-47de-881e-8ae7723c653b@group-076B8DC24DAC
2020-11-27 01:38:00,879 [pool-645-thread-1] INFO  impl.RaftServerImpl (RaftServerImpl.java:start(215)) - 03f5e28f-1ccf-47de-881e-8ae7723c653b@group-076B8DC24DAC: start as a follower, conf=-1: [fadf6fe5-11c1-4da6-9372-0a456385f570|rpc:172.17.0.2:44925, 03f5e28f-1ccf-47de-881e-8ae7723c653b|rpc:172.17.0.2:40701, 5b456079-358f-469d-9a4b-1e41f0af00c2|rpc:172.17.0.2:39765], old=null
2020-11-27 01:38:00,879 [pool-645-thread-1] INFO  impl.RaftServerImpl (RaftServerImpl.java:setRole(204)) - 03f5e28f-1ccf-47de-881e-8ae7723c653b@group-076B8DC24DAC: changes role from      null to FOLLOWER at term 0 for startAsFollower
2020-11-27 01:38:00,879 [pool-645-thread-1] INFO  impl.RoleInfo (RoleInfo.java:updateAndGet(143)) - 03f5e28f-1ccf-47de-881e-8ae7723c653b: start 03f5e28f-1ccf-47de-881e-8ae7723c653b@group-076B8DC24DAC-FollowerState
2020-11-27 01:38:00,882 [pool-645-thread-1] INFO  util.JmxRegister (JmxRegister.java:tryRegister(44)) - Successfully registered JMX Bean with object name Ratis:service=RaftServer,group=group-076B8DC24DAC,id=03f5e28f-1ccf-47de-881e-8ae7723c653b
2020-11-27 01:38:00,882 [pool-645-thread-1] INFO  metrics.RatisMetrics (RatisMetrics.java:lambda$create$0(36)) - Creating Metrics Registry : ratis.state_machine.03f5e28f-1ccf-47de-881e-8ae7723c653b@group-076B8DC24DAC
2020-11-27 01:38:00,883 [Command processor thread] INFO  metrics.RatisMetrics (RatisMetrics.java:lambda$create$0(36)) - Creating Metrics Registry : ratis.client_message_metrics.client-7718E7F37F56->5b456079-358f-469d-9a4b-1e41f0af00c2
2020-11-27 01:38:00,890 [grpc-default-executor-1] INFO  metrics.RatisMetrics (RatisMetrics.java:lambda$create$0(36)) - Creating Metrics Registry : ratis.server_message_metrics.5b456079-358f-469d-9a4b-1e41f0af00c2
2020-11-27 01:38:00,892 [grpc-default-executor-1] INFO  impl.RaftServerProxy (RaftServerProxy.java:addNew(93)) - 5b456079-358f-469d-9a4b-1e41f0af00c2: addNew group-076B8DC24DAC:[fadf6fe5-11c1-4da6-9372-0a456385f570|rpc:172.17.0.2:44925|dataStream:, 03f5e28f-1ccf-47de-881e-8ae7723c653b|rpc:172.17.0.2:40701|dataStream:, 5b456079-358f-469d-9a4b-1e41f0af00c2|rpc:172.17.0.2:39765|dataStream:] returns group-076B8DC24DAC:java.util.concurrent.CompletableFuture@5190c85[Not completed]
2020-11-27 01:38:00,893 [pool-741-thread-1] INFO  impl.RaftServerImpl (RaftServerImpl.java:<init>(121)) - 5b456079-358f-469d-9a4b-1e41f0af00c2: new RaftServerImpl for group-076B8DC24DAC:[fadf6fe5-11c1-4da6-9372-0a456385f570|rpc:172.17.0.2:44925|dataStream:, 03f5e28f-1ccf-47de-881e-8ae7723c653b|rpc:172.17.0.2:40701|dataStream:, 5b456079-358f-469d-9a4b-1e41f0af00c2|rpc:172.17.0.2:39765|dataStream:] with ContainerStateMachine:uninitialized
2020-11-27 01:38:00,893 [pool-741-thread-1] INFO  server.RaftServerConfigKeys (ConfUtils.java:logGet(44)) - raft.server.rpc.timeout.min = 5s (custom)
2020-11-27 01:38:00,893 [pool-741-thread-1] INFO  server.RaftServerConfigKeys (ConfUtils.java:logGet(44)) - raft.server.rpc.timeout.max = 5200ms (custom)
2020-11-27 01:38:00,893 [pool-741-thread-1] INFO  server.RaftServerConfigKeys (ConfUtils.java:logGet(44)) - raft.server.rpc.slowness.timeout = 300000ms (custom)
2020-11-27 01:38:00,893 [pool-741-thread-1] INFO  server.RaftServerConfigKeys (ConfUtils.java:logGet(44)) - raft.server.leaderelection.leader.step-down.wait-time = 10s (default)
2020-11-27 01:38:00,893 [pool-741-thread-1] INFO  server.RaftServerConfigKeys (ConfUtils.java:logGet(44)) - raft.server.sleep.deviation.threshold = 300 (default)
2020-11-27 01:38:00,893 [pool-741-thread-1] INFO  server.RaftServerConfigKeys (ConfUtils.java:logGet(44)) - raft.server.log.appender.install.snapshot.enabled = false (custom)
2020-11-27 01:38:00,893 [pool-741-thread-1] INFO  impl.RaftServerImpl (ServerState.java:<init>(104)) - 5b456079-358f-469d-9a4b-1e41f0af00c2@group-076B8DC24DAC: ConfigurationManager, init=-1: [fadf6fe5-11c1-4da6-9372-0a456385f570|rpc:172.17.0.2:44925|dataStream:, 03f5e28f-1ccf-47de-881e-8ae7723c653b|rpc:172.17.0.2:40701|dataStream:, 5b456079-358f-469d-9a4b-1e41f0af00c2|rpc:172.17.0.2:39765|dataStream:], old=null, confs=<EMPTY_MAP>
2020-11-27 01:38:00,894 [pool-741-thread-1] INFO  server.RaftServerConfigKeys (ConfUtils.java:logGet(44)) - raft.server.storage.dir = [/github/workspace/mnt/ozone/hadoop-ozone/integration-test/target/test-dir/MiniOzoneClusterImpl-7befb19c-4ec9-4b73-94e9-5feb4aa859dd/datanode-6/data/ratis] (custom)
2020-11-27 01:38:00,894 [pool-741-thread-1] INFO  server.RaftServerConfigKeys (ConfUtils.java:logGet(44)) - raft.server.log.corruption.policy = EXCEPTION (default)
2020-11-27 01:38:00,894 [pool-741-thread-1] INFO  storage.RaftStorageDirectory (RaftStorageDirectory.java:analyzeStorage(261)) - The storage directory /github/workspace/mnt/ozone/hadoop-ozone/integration-test/target/test-dir/MiniOzoneClusterImpl-7befb19c-4ec9-4b73-94e9-5feb4aa859dd/datanode-6/data/ratis/30d8af58-a360-44d1-be5e-076b8dc24dac does not exist. Creating ...
2020-11-27 01:38:00,895 [pool-741-thread-1] INFO  storage.RaftStorageDirectory (RaftStorageDirectory.java:tryLock(343)) - Lock on /github/workspace/mnt/ozone/hadoop-ozone/integration-test/target/test-dir/MiniOzoneClusterImpl-7befb19c-4ec9-4b73-94e9-5feb4aa859dd/datanode-6/data/ratis/30d8af58-a360-44d1-be5e-076b8dc24dac/in_use.lock acquired by nodename 18347@3bf31645156d
2020-11-27 01:38:00,896 [pool-741-thread-1] INFO  storage.RaftStorage (RaftStorage.java:format(85)) - Storage directory /github/workspace/mnt/ozone/hadoop-ozone/integration-test/target/test-dir/MiniOzoneClusterImpl-7befb19c-4ec9-4b73-94e9-5feb4aa859dd/datanode-6/data/ratis/30d8af58-a360-44d1-be5e-076b8dc24dac has been successfully formatted.
2020-11-27 01:38:00,896 [pool-741-thread-1] INFO  ratis.ContainerStateMachine (ContainerStateMachine.java:loadSnapshot(225)) - group-076B8DC24DAC: The snapshot info is null. Setting the last applied indexto:(t:0, i:~)
2020-11-27 01:38:00,896 [pool-741-thread-1] INFO  server.RaftServerConfigKeys (ConfUtils.java:logGet(44)) - raft.server.notification.no-leader.timeout = 300000ms (custom)
2020-11-27 01:38:00,896 [pool-741-thread-1] INFO  server.RaftServerConfigKeys (ConfUtils.java:logGet(44)) - raft.server.log.use.memory = false (default)
2020-11-27 01:38:00,897 [pool-741-thread-1] INFO  server.RaftServerConfigKeys (ConfUtils.java:logGet(44)) - raft.server.log.purge.gap = 1000000 (custom)
2020-11-27 01:38:00,897 [pool-741-thread-1] INFO  metrics.RatisMetrics (RatisMetrics.java:lambda$create$0(36)) - Creating Metrics Registry : ratis.log_worker.5b456079-358f-469d-9a4b-1e41f0af00c2@group-076B8DC24DAC
2020-11-27 01:38:00,897 [pool-741-thread-1] INFO  server.RaftServerConfigKeys (ConfUtils.java:logGet(44)) - raft.server.log.appender.buffer.byte-limit = 33554432 (custom)
2020-11-27 01:38:00,897 [pool-741-thread-1] INFO  server.RaftServerConfigKeys (ConfUtils.java:logGet(44)) - raft.server.log.segment.size.max = 1048576 (custom)
2020-11-27 01:38:00,898 [pool-741-thread-1] INFO  server.RaftServerConfigKeys (ConfUtils.java:logGet(44)) - raft.server.log.segment.cache.num.max = 2 (custom)
2020-11-27 01:38:00,898 [pool-741-thread-1] INFO  segmented.SegmentedRaftLogWorker (SegmentedRaftLogWorker.java:<init>(180)) - new 5b456079-358f-469d-9a4b-1e41f0af00c2@group-076B8DC24DAC-SegmentedRaftLogWorker for RaftStorage:Storage Directory /github/workspace/mnt/ozone/hadoop-ozone/integration-test/target/test-dir/MiniOzoneClusterImpl-7befb19c-4ec9-4b73-94e9-5feb4aa859dd/datanode-6/data/ratis/30d8af58-a360-44d1-be5e-076b8dc24dac
2020-11-27 01:38:00,898 [pool-741-thread-1] INFO  server.RaftServerConfigKeys (ConfUtils.java:logGet(44)) - raft.server.log.queue.byte-limit = 2147483647 (custom)
2020-11-27 01:38:00,898 [pool-741-thread-1] INFO  server.RaftServerConfigKeys (ConfUtils.java:logGet(44)) - raft.server.log.queue.element-limit = 1024 (custom)
2020-11-27 01:38:00,898 [pool-741-thread-1] INFO  server.RaftServerConfigKeys (ConfUtils.java:logGet(44)) - raft.server.log.segment.size.max = 1048576 (custom)
2020-11-27 01:38:00,898 [pool-741-thread-1] INFO  server.RaftServerConfigKeys (ConfUtils.java:logGet(44)) - raft.server.log.preallocated.size = 16384 (custom)
2020-11-27 01:38:00,898 [pool-741-thread-1] INFO  server.RaftServerConfigKeys (ConfUtils.java:logGet(44)) - raft.server.log.write.buffer.size = 1048576 (custom)
2020-11-27 01:38:00,898 [pool-741-thread-1] INFO  server.RaftServerConfigKeys (ConfUtils.java:logGet(44)) - raft.server.log.force.sync.num = 128 (default)
2020-11-27 01:38:00,898 [pool-741-thread-1] INFO  server.RaftServerConfigKeys (ConfUtils.java:logGet(44)) - raft.server.log.statemachine.data.sync = true (default)
2020-11-27 01:38:00,898 [pool-741-thread-1] INFO  server.RaftServerConfigKeys (ConfUtils.java:logGet(44)) - raft.server.log.statemachine.data.sync.timeout = 10s (default)
2020-11-27 01:38:00,898 [pool-741-thread-1] INFO  server.RaftServerConfigKeys (ConfUtils.java:logGet(44)) - raft.server.log.statemachine.data.sync.timeout.retry = -1 (default)
2020-11-27 01:38:00,901 [pool-741-thread-1] INFO  server.RaftServerConfigKeys (ConfUtils.java:logGet(44)) - raft.server.log.statemachine.data.caching.enabled = true (custom)
2020-11-27 01:38:00,901 [pool-741-thread-1] INFO  segmented.SegmentedRaftLogWorker (SegmentedRaftLogWorker.java:lambda$new$0(129)) - 5b456079-358f-469d-9a4b-1e41f0af00c2@group-076B8DC24DAC-SegmentedRaftLogWorker: flushIndex: setUnconditionally 0 -> -1
2020-11-27 01:38:00,901 [pool-741-thread-1] INFO  segmented.SegmentedRaftLogWorker (SegmentedRaftLogWorker.java:lambda$new$0(129)) - 5b456079-358f-469d-9a4b-1e41f0af00c2@group-076B8DC24DAC-SegmentedRaftLogWorker: safeCacheEvictIndex: setUnconditionally 0 -> -1
2020-11-27 01:38:00,901 [pool-741-thread-1] INFO  server.RaftServerConfigKeys (ConfUtils.java:logGet(44)) - raft.server.snapshot.auto.trigger.enabled = true (custom)
2020-11-27 01:38:00,901 [pool-741-thread-1] INFO  server.RaftServerConfigKeys (ConfUtils.java:logGet(44)) - raft.server.snapshot.auto.trigger.threshold = 10000 (custom)
2020-11-27 01:38:00,902 [pool-741-thread-1] INFO  server.RaftServerConfigKeys (ConfUtils.java:logGet(44)) - raft.server.snapshot.retention.file.num = 5 (custom)
2020-11-27 01:38:00,902 [pool-741-thread-1] INFO  server.RaftServerConfigKeys (ConfUtils.java:logGet(44)) - raft.server.log.purge.upto.snapshot.index = false (default)
2020-11-27 01:38:00,902 [pool-741-thread-1] INFO  server.RaftServerConfigKeys (ConfUtils.java:logGet(44)) - raft.server.retrycache.expirytime = 600000ms (custom)
2020-11-27 01:38:00,902 [pool-741-thread-1] INFO  metrics.RatisMetrics (RatisMetrics.java:lambda$create$0(36)) - Creating Metrics Registry : ratis.leader_election.5b456079-358f-469d-9a4b-1e41f0af00c2@group-076B8DC24DAC
2020-11-27 01:38:00,902 [pool-741-thread-1] INFO  metrics.RatisMetrics (RatisMetrics.java:lambda$create$0(36)) - Creating Metrics Registry : ratis.server.5b456079-358f-469d-9a4b-1e41f0af00c2@group-076B8DC24DAC
2020-11-27 01:38:00,905 [pool-741-thread-1] INFO  impl.RaftServerImpl (RaftServerImpl.java:start(215)) - 5b456079-358f-469d-9a4b-1e41f0af00c2@group-076B8DC24DAC: start as a follower, conf=-1: [fadf6fe5-11c1-4da6-9372-0a456385f570|rpc:172.17.0.2:44925|dataStream:, 03f5e28f-1ccf-47de-881e-8ae7723c653b|rpc:172.17.0.2:40701|dataStream:, 5b456079-358f-469d-9a4b-1e41f0af00c2|rpc:172.17.0.2:39765|dataStream:], old=null
2020-11-27 01:38:00,905 [pool-741-thread-1] INFO  impl.RaftServerImpl (RaftServerImpl.java:setRole(204)) - 5b456079-358f-469d-9a4b-1e41f0af00c2@group-076B8DC24DAC: changes role from      null to FOLLOWER at term 0 for startAsFollower
2020-11-27 01:38:00,905 [pool-741-thread-1] INFO  impl.RoleInfo (RoleInfo.java:updateAndGet(143)) - 5b456079-358f-469d-9a4b-1e41f0af00c2: start 5b456079-358f-469d-9a4b-1e41f0af00c2@group-076B8DC24DAC-FollowerState
2020-11-27 01:38:00,905 [pool-741-thread-1] INFO  util.JmxRegister (JmxRegister.java:tryRegister(44)) - Successfully registered JMX Bean with object name Ratis:service=RaftServer,group=group-076B8DC24DAC,id=5b456079-358f-469d-9a4b-1e41f0af00c2
2020-11-27 01:38:00,906 [pool-741-thread-1] INFO  metrics.RatisMetrics (RatisMetrics.java:lambda$create$0(36)) - Creating Metrics Registry : ratis.state_machine.5b456079-358f-469d-9a4b-1e41f0af00c2@group-076B8DC24DAC
2020-11-27 01:38:00,912 [Command processor thread] INFO  metrics.RatisMetrics (RatisMetrics.java:lambda$create$0(36)) - Creating Metrics Registry : ratis.client_message_metrics.client-AF0A1E9DEDAE->fadf6fe5-11c1-4da6-9372-0a456385f570
2020-11-27 01:38:00,918 [grpc-default-executor-1] INFO  impl.RaftServerProxy (RaftServerProxy.java:addNew(93)) - fadf6fe5-11c1-4da6-9372-0a456385f570: addNew group-076B8DC24DAC:[fadf6fe5-11c1-4da6-9372-0a456385f570|rpc:172.17.0.2:44925|dataStream:, 03f5e28f-1ccf-47de-881e-8ae7723c653b|rpc:172.17.0.2:40701|dataStream:, 5b456079-358f-469d-9a4b-1e41f0af00c2|rpc:172.17.0.2:39765|dataStream:] returns group-076B8DC24DAC:java.util.concurrent.CompletableFuture@724f21f2[Not completed]
2020-11-27 01:38:00,919 [pool-677-thread-1] INFO  impl.RaftServerImpl (RaftServerImpl.java:<init>(121)) - fadf6fe5-11c1-4da6-9372-0a456385f570: new RaftServerImpl for group-076B8DC24DAC:[fadf6fe5-11c1-4da6-9372-0a456385f570|rpc:172.17.0.2:44925|dataStream:, 03f5e28f-1ccf-47de-881e-8ae7723c653b|rpc:172.17.0.2:40701|dataStream:, 5b456079-358f-469d-9a4b-1e41f0af00c2|rpc:172.17.0.2:39765|dataStream:] with ContainerStateMachine:uninitialized
2020-11-27 01:38:00,919 [pool-677-thread-1] INFO  server.RaftServerConfigKeys (ConfUtils.java:logGet(44)) - raft.server.rpc.timeout.min = 5s (custom)
2020-11-27 01:38:00,919 [pool-677-thread-1] INFO  server.RaftServerConfigKeys (ConfUtils.java:logGet(44)) - raft.server.rpc.timeout.max = 5200ms (custom)
2020-11-27 01:38:00,919 [pool-677-thread-1] INFO  server.RaftServerConfigKeys (ConfUtils.java:logGet(44)) - raft.server.rpc.slowness.timeout = 300000ms (custom)
2020-11-27 01:38:00,919 [pool-677-thread-1] INFO  server.RaftServerConfigKeys (ConfUtils.java:logGet(44)) - raft.server.leaderelection.leader.step-down.wait-time = 10s (default)
2020-11-27 01:38:00,919 [pool-677-thread-1] INFO  server.RaftServerConfigKeys (ConfUtils.java:logGet(44)) - raft.server.sleep.deviation.threshold = 300 (default)
2020-11-27 01:38:00,919 [pool-677-thread-1] INFO  server.RaftServerConfigKeys (ConfUtils.java:logGet(44)) - raft.server.log.appender.install.snapshot.enabled = false (custom)
2020-11-27 01:38:00,919 [pool-677-thread-1] INFO  impl.RaftServerImpl (ServerState.java:<init>(104)) - fadf6fe5-11c1-4da6-9372-0a456385f570@group-076B8DC24DAC: ConfigurationManager, init=-1: [fadf6fe5-11c1-4da6-9372-0a456385f570|rpc:172.17.0.2:44925|dataStream:, 03f5e28f-1ccf-47de-881e-8ae7723c653b|rpc:172.17.0.2:40701|dataStream:, 5b456079-358f-469d-9a4b-1e41f0af00c2|rpc:172.17.0.2:39765|dataStream:], old=null, confs=<EMPTY_MAP>
2020-11-27 01:38:00,919 [pool-677-thread-1] INFO  server.RaftServerConfigKeys (ConfUtils.java:logGet(44)) - raft.server.storage.dir = [/github/workspace/mnt/ozone/hadoop-ozone/integration-test/target/test-dir/MiniOzoneClusterImpl-7befb19c-4ec9-4b73-94e9-5feb4aa859dd/datanode-2/data/ratis] (custom)
2020-11-27 01:38:00,920 [pool-677-thread-1] INFO  server.RaftServerConfigKeys (ConfUtils.java:logGet(44)) - raft.server.log.corruption.policy = EXCEPTION (default)
2020-11-27 01:38:00,920 [pool-677-thread-1] INFO  storage.RaftStorageDirectory (RaftStorageDirectory.java:analyzeStorage(261)) - The storage directory /github/workspace/mnt/ozone/hadoop-ozone/integration-test/target/test-dir/MiniOzoneClusterImpl-7befb19c-4ec9-4b73-94e9-5feb4aa859dd/datanode-2/data/ratis/30d8af58-a360-44d1-be5e-076b8dc24dac does not exist. Creating ...
2020-11-27 01:38:00,920 [pool-677-thread-1] INFO  storage.RaftStorageDirectory (RaftStorageDirectory.java:tryLock(343)) - Lock on /github/workspace/mnt/ozone/hadoop-ozone/integration-test/target/test-dir/MiniOzoneClusterImpl-7befb19c-4ec9-4b73-94e9-5feb4aa859dd/datanode-2/data/ratis/30d8af58-a360-44d1-be5e-076b8dc24dac/in_use.lock acquired by nodename 18347@3bf31645156d
2020-11-27 01:38:00,921 [pool-677-thread-1] INFO  storage.RaftStorage (RaftStorage.java:format(85)) - Storage directory /github/workspace/mnt/ozone/hadoop-ozone/integration-test/target/test-dir/MiniOzoneClusterImpl-7befb19c-4ec9-4b73-94e9-5feb4aa859dd/datanode-2/data/ratis/30d8af58-a360-44d1-be5e-076b8dc24dac has been successfully formatted.
2020-11-27 01:38:00,921 [pool-677-thread-1] INFO  ratis.ContainerStateMachine (ContainerStateMachine.java:loadSnapshot(225)) - group-076B8DC24DAC: The snapshot info is null. Setting the last applied indexto:(t:0, i:~)
2020-11-27 01:38:00,922 [pool-677-thread-1] INFO  server.RaftServerConfigKeys (ConfUtils.java:logGet(44)) - raft.server.notification.no-leader.timeout = 300000ms (custom)
2020-11-27 01:38:00,922 [pool-677-thread-1] INFO  server.RaftServerConfigKeys (ConfUtils.java:logGet(44)) - raft.server.log.use.memory = false (default)
2020-11-27 01:38:00,922 [pool-677-thread-1] INFO  server.RaftServerConfigKeys (ConfUtils.java:logGet(44)) - raft.server.log.purge.gap = 1000000 (custom)
2020-11-27 01:38:00,922 [pool-677-thread-1] INFO  metrics.RatisMetrics (RatisMetrics.java:lambda$create$0(36)) - Creating Metrics Registry : ratis.log_worker.fadf6fe5-11c1-4da6-9372-0a456385f570@group-076B8DC24DAC
2020-11-27 01:38:00,922 [pool-677-thread-1] INFO  server.RaftServerConfigKeys (ConfUtils.java:logGet(44)) - raft.server.log.appender.buffer.byte-limit = 33554432 (custom)
2020-11-27 01:38:00,922 [pool-677-thread-1] INFO  server.RaftServerConfigKeys (ConfUtils.java:logGet(44)) - raft.server.log.segment.size.max = 1048576 (custom)
2020-11-27 01:38:00,923 [pool-677-thread-1] INFO  server.RaftServerConfigKeys (ConfUtils.java:logGet(44)) - raft.server.log.segment.cache.num.max = 2 (custom)
2020-11-27 01:38:00,923 [pool-677-thread-1] INFO  segmented.SegmentedRaftLogWorker (SegmentedRaftLogWorker.java:<init>(180)) - new fadf6fe5-11c1-4da6-9372-0a456385f570@group-076B8DC24DAC-SegmentedRaftLogWorker for RaftStorage:Storage Directory /github/workspace/mnt/ozone/hadoop-ozone/integration-test/target/test-dir/MiniOzoneClusterImpl-7befb19c-4ec9-4b73-94e9-5feb4aa859dd/datanode-2/data/ratis/30d8af58-a360-44d1-be5e-076b8dc24dac
2020-11-27 01:38:00,923 [pool-677-thread-1] INFO  server.RaftServerConfigKeys (ConfUtils.java:logGet(44)) - raft.server.log.queue.byte-limit = 2147483647 (custom)
2020-11-27 01:38:00,923 [pool-677-thread-1] INFO  server.RaftServerConfigKeys (ConfUtils.java:logGet(44)) - raft.server.log.queue.element-limit = 1024 (custom)
2020-11-27 01:38:00,923 [pool-677-thread-1] INFO  server.RaftServerConfigKeys (ConfUtils.java:logGet(44)) - raft.server.log.segment.size.max = 1048576 (custom)
2020-11-27 01:38:00,923 [pool-677-thread-1] INFO  server.RaftServerConfigKeys (ConfUtils.java:logGet(44)) - raft.server.log.preallocated.size = 16384 (custom)
2020-11-27 01:38:00,923 [pool-677-thread-1] INFO  server.RaftServerConfigKeys (ConfUtils.java:logGet(44)) - raft.server.log.write.buffer.size = 1048576 (custom)
2020-11-27 01:38:00,923 [pool-677-thread-1] INFO  server.RaftServerConfigKeys (ConfUtils.java:logGet(44)) - raft.server.log.force.sync.num = 128 (default)
2020-11-27 01:38:00,923 [pool-677-thread-1] INFO  server.RaftServerConfigKeys (ConfUtils.java:logGet(44)) - raft.server.log.statemachine.data.sync = true (default)
2020-11-27 01:38:00,923 [pool-677-thread-1] INFO  server.RaftServerConfigKeys (ConfUtils.java:logGet(44)) - raft.server.log.statemachine.data.sync.timeout = 10s (default)
2020-11-27 01:38:00,923 [pool-677-thread-1] INFO  server.RaftServerConfigKeys (ConfUtils.java:logGet(44)) - raft.server.log.statemachine.data.sync.timeout.retry = -1 (default)
2020-11-27 01:38:00,926 [pool-677-thread-1] INFO  server.RaftServerConfigKeys (ConfUtils.java:logGet(44)) - raft.server.log.statemachine.data.caching.enabled = true (custom)
2020-11-27 01:38:00,926 [pool-677-thread-1] INFO  segmented.SegmentedRaftLogWorker (SegmentedRaftLogWorker.java:lambda$new$0(129)) - fadf6fe5-11c1-4da6-9372-0a456385f570@group-076B8DC24DAC-SegmentedRaftLogWorker: flushIndex: setUnconditionally 0 -> -1
2020-11-27 01:38:00,926 [pool-677-thread-1] INFO  segmented.SegmentedRaftLogWorker (SegmentedRaftLogWorker.java:lambda$new$0(129)) - fadf6fe5-11c1-4da6-9372-0a456385f570@group-076B8DC24DAC-SegmentedRaftLogWorker: safeCacheEvictIndex: setUnconditionally 0 -> -1
2020-11-27 01:38:00,926 [pool-677-thread-1] INFO  server.RaftServerConfigKeys (ConfUtils.java:logGet(44)) - raft.server.snapshot.auto.trigger.enabled = true (custom)
2020-11-27 01:38:00,926 [pool-677-thread-1] INFO  server.RaftServerConfigKeys (ConfUtils.java:logGet(44)) - raft.server.snapshot.auto.trigger.threshold = 10000 (custom)
2020-11-27 01:38:00,926 [pool-677-thread-1] INFO  server.RaftServerConfigKeys (ConfUtils.java:logGet(44)) - raft.server.snapshot.retention.file.num = 5 (custom)
2020-11-27 01:38:00,926 [pool-677-thread-1] INFO  server.RaftServerConfigKeys (ConfUtils.java:logGet(44)) - raft.server.log.purge.upto.snapshot.index = false (default)
2020-11-27 01:38:00,927 [pool-677-thread-1] INFO  server.RaftServerConfigKeys (ConfUtils.java:logGet(44)) - raft.server.retrycache.expirytime = 600000ms (custom)
2020-11-27 01:38:00,927 [pool-677-thread-1] INFO  metrics.RatisMetrics (RatisMetrics.java:lambda$create$0(36)) - Creating Metrics Registry : ratis.leader_election.fadf6fe5-11c1-4da6-9372-0a456385f570@group-076B8DC24DAC
2020-11-27 01:38:00,927 [pool-677-thread-1] INFO  metrics.RatisMetrics (RatisMetrics.java:lambda$create$0(36)) - Creating Metrics Registry : ratis.server.fadf6fe5-11c1-4da6-9372-0a456385f570@group-076B8DC24DAC
2020-11-27 01:38:00,929 [pool-677-thread-1] INFO  impl.RaftServerImpl (RaftServerImpl.java:start(215)) - fadf6fe5-11c1-4da6-9372-0a456385f570@group-076B8DC24DAC: start as a follower, conf=-1: [fadf6fe5-11c1-4da6-9372-0a456385f570|rpc:172.17.0.2:44925|dataStream:, 03f5e28f-1ccf-47de-881e-8ae7723c653b|rpc:172.17.0.2:40701|dataStream:, 5b456079-358f-469d-9a4b-1e41f0af00c2|rpc:172.17.0.2:39765|dataStream:], old=null
2020-11-27 01:38:00,929 [pool-677-thread-1] INFO  impl.RaftServerImpl (RaftServerImpl.java:setRole(204)) - fadf6fe5-11c1-4da6-9372-0a456385f570@group-076B8DC24DAC: changes role from      null to FOLLOWER at term 0 for startAsFollower
2020-11-27 01:38:00,929 [pool-677-thread-1] INFO  impl.RoleInfo (RoleInfo.java:updateAndGet(143)) - fadf6fe5-11c1-4da6-9372-0a456385f570: start fadf6fe5-11c1-4da6-9372-0a456385f570@group-076B8DC24DAC-FollowerState
2020-11-27 01:38:00,929 [pool-677-thread-1] INFO  util.JmxRegister (JmxRegister.java:tryRegister(44)) - Successfully registered JMX Bean with object name Ratis:service=RaftServer,group=group-076B8DC24DAC,id=fadf6fe5-11c1-4da6-9372-0a456385f570
2020-11-27 01:38:00,929 [pool-677-thread-1] INFO  metrics.RatisMetrics (RatisMetrics.java:lambda$create$0(36)) - Creating Metrics Registry : ratis.state_machine.fadf6fe5-11c1-4da6-9372-0a456385f570@group-076B8DC24DAC
2020-11-27 01:38:00,934 [Command processor thread] INFO  commandhandler.CreatePipelineCommandHandler (CreatePipelineCommandHandler.java:handle(106)) - Created Pipeline RATIS THREE PipelineID=30d8af58-a360-44d1-be5e-076b8dc24dac.
2020-11-27 01:38:00,934 [Command processor thread] INFO  impl.RaftServerProxy (RaftServerProxy.java:addNew(93)) - 03f5e28f-1ccf-47de-881e-8ae7723c653b: addNew group-CB66F6DB5A4A:[fadf6fe5-11c1-4da6-9372-0a456385f570|rpc:172.17.0.2:44925, 03f5e28f-1ccf-47de-881e-8ae7723c653b|rpc:172.17.0.2:40701, 5b456079-358f-469d-9a4b-1e41f0af00c2|rpc:172.17.0.2:39765] returns group-CB66F6DB5A4A:java.util.concurrent.CompletableFuture@1dcf9a07[Not completed]
2020-11-27 01:38:00,935 [pool-645-thread-1] INFO  impl.RaftServerImpl (RaftServerImpl.java:<init>(121)) - 03f5e28f-1ccf-47de-881e-8ae7723c653b: new RaftServerImpl for group-CB66F6DB5A4A:[fadf6fe5-11c1-4da6-9372-0a456385f570|rpc:172.17.0.2:44925, 03f5e28f-1ccf-47de-881e-8ae7723c653b|rpc:172.17.0.2:40701, 5b456079-358f-469d-9a4b-1e41f0af00c2|rpc:172.17.0.2:39765] with ContainerStateMachine:uninitialized
2020-11-27 01:38:00,936 [pool-645-thread-1] INFO  server.RaftServerConfigKeys (ConfUtils.java:logGet(44)) - raft.server.rpc.timeout.min = 5s (custom)
2020-11-27 01:38:00,936 [pool-645-thread-1] INFO  server.RaftServerConfigKeys (ConfUtils.java:logGet(44)) - raft.server.rpc.timeout.max = 5200ms (custom)
2020-11-27 01:38:00,936 [pool-645-thread-1] INFO  server.RaftServerConfigKeys (ConfUtils.java:logGet(44)) - raft.server.rpc.slowness.timeout = 300000ms (custom)
2020-11-27 01:38:00,936 [pool-645-thread-1] INFO  server.RaftServerConfigKeys (ConfUtils.java:logGet(44)) - raft.server.leaderelection.leader.step-down.wait-time = 10s (default)
2020-11-27 01:38:00,936 [pool-645-thread-1] INFO  server.RaftServerConfigKeys (ConfUtils.java:logGet(44)) - raft.server.sleep.deviation.threshold = 300 (default)
2020-11-27 01:38:00,936 [pool-645-thread-1] INFO  server.RaftServerConfigKeys (ConfUtils.java:logGet(44)) - raft.server.log.appender.install.snapshot.enabled = false (custom)
2020-11-27 01:38:00,936 [pool-645-thread-1] INFO  impl.RaftServerImpl (ServerState.java:<init>(104)) - 03f5e28f-1ccf-47de-881e-8ae7723c653b@group-CB66F6DB5A4A: ConfigurationManager, init=-1: [fadf6fe5-11c1-4da6-9372-0a456385f570|rpc:172.17.0.2:44925, 03f5e28f-1ccf-47de-881e-8ae7723c653b|rpc:172.17.0.2:40701, 5b456079-358f-469d-9a4b-1e41f0af00c2|rpc:172.17.0.2:39765], old=null, confs=<EMPTY_MAP>
2020-11-27 01:38:00,936 [pool-645-thread-1] INFO  server.RaftServerConfigKeys (ConfUtils.java:logGet(44)) - raft.server.storage.dir = [/github/workspace/mnt/ozone/hadoop-ozone/integration-test/target/test-dir/MiniOzoneClusterImpl-7befb19c-4ec9-4b73-94e9-5feb4aa859dd/datanode-0/data/ratis] (custom)
2020-11-27 01:38:00,936 [pool-645-thread-1] INFO  server.RaftServerConfigKeys (ConfUtils.java:logGet(44)) - raft.server.log.corruption.policy = EXCEPTION (default)
2020-11-27 01:38:00,936 [pool-645-thread-1] INFO  storage.RaftStorageDirectory (RaftStorageDirectory.java:analyzeStorage(261)) - The storage directory /github/workspace/mnt/ozone/hadoop-ozone/integration-test/target/test-dir/MiniOzoneClusterImpl-7befb19c-4ec9-4b73-94e9-5feb4aa859dd/datanode-0/data/ratis/3c6fe38f-4820-47fc-90c2-cb66f6db5a4a does not exist. Creating ...
2020-11-27 01:38:00,937 [pool-645-thread-1] INFO  storage.RaftStorageDirectory (RaftStorageDirectory.java:tryLock(343)) - Lock on /github/workspace/mnt/ozone/hadoop-ozone/integration-test/target/test-dir/MiniOzoneClusterImpl-7befb19c-4ec9-4b73-94e9-5feb4aa859dd/datanode-0/data/ratis/3c6fe38f-4820-47fc-90c2-cb66f6db5a4a/in_use.lock acquired by nodename 18347@3bf31645156d
2020-11-27 01:38:00,938 [pool-645-thread-1] INFO  storage.RaftStorage (RaftStorage.java:format(85)) - Storage directory /github/workspace/mnt/ozone/hadoop-ozone/integration-test/target/test-dir/MiniOzoneClusterImpl-7befb19c-4ec9-4b73-94e9-5feb4aa859dd/datanode-0/data/ratis/3c6fe38f-4820-47fc-90c2-cb66f6db5a4a has been successfully formatted.
2020-11-27 01:38:00,939 [pool-645-thread-1] INFO  ratis.ContainerStateMachine (ContainerStateMachine.java:loadSnapshot(225)) - group-CB66F6DB5A4A: The snapshot info is null. Setting the last applied indexto:(t:0, i:~)
2020-11-27 01:38:00,939 [pool-645-thread-1] INFO  server.RaftServerConfigKeys (ConfUtils.java:logGet(44)) - raft.server.notification.no-leader.timeout = 300000ms (custom)
2020-11-27 01:38:00,939 [pool-645-thread-1] INFO  server.RaftServerConfigKeys (ConfUtils.java:logGet(44)) - raft.server.log.use.memory = false (default)
2020-11-27 01:38:00,939 [pool-645-thread-1] INFO  server.RaftServerConfigKeys (ConfUtils.java:logGet(44)) - raft.server.log.purge.gap = 1000000 (custom)
2020-11-27 01:38:00,939 [pool-645-thread-1] INFO  metrics.RatisMetrics (RatisMetrics.java:lambda$create$0(36)) - Creating Metrics Registry : ratis.log_worker.03f5e28f-1ccf-47de-881e-8ae7723c653b@group-CB66F6DB5A4A
2020-11-27 01:38:00,940 [pool-645-thread-1] INFO  server.RaftServerConfigKeys (ConfUtils.java:logGet(44)) - raft.server.log.appender.buffer.byte-limit = 33554432 (custom)
2020-11-27 01:38:00,940 [pool-645-thread-1] INFO  server.RaftServerConfigKeys (ConfUtils.java:logGet(44)) - raft.server.log.segment.size.max = 1048576 (custom)
2020-11-27 01:38:00,940 [pool-645-thread-1] INFO  server.RaftServerConfigKeys (ConfUtils.java:logGet(44)) - raft.server.log.segment.cache.num.max = 2 (custom)
2020-11-27 01:38:00,941 [pool-645-thread-1] INFO  segmented.SegmentedRaftLogWorker (SegmentedRaftLogWorker.java:<init>(180)) - new 03f5e28f-1ccf-47de-881e-8ae7723c653b@group-CB66F6DB5A4A-SegmentedRaftLogWorker for RaftStorage:Storage Directory /github/workspace/mnt/ozone/hadoop-ozone/integration-test/target/test-dir/MiniOzoneClusterImpl-7befb19c-4ec9-4b73-94e9-5feb4aa859dd/datanode-0/data/ratis/3c6fe38f-4820-47fc-90c2-cb66f6db5a4a
2020-11-27 01:38:00,941 [pool-645-thread-1] INFO  server.RaftServerConfigKeys (ConfUtils.java:logGet(44)) - raft.server.log.queue.byte-limit = 2147483647 (custom)
2020-11-27 01:38:00,941 [pool-645-thread-1] INFO  server.RaftServerConfigKeys (ConfUtils.java:logGet(44)) - raft.server.log.queue.element-limit = 1024 (custom)
2020-11-27 01:38:00,941 [pool-645-thread-1] INFO  server.RaftServerConfigKeys (ConfUtils.java:logGet(44)) - raft.server.log.segment.size.max = 1048576 (custom)
2020-11-27 01:38:00,941 [pool-645-thread-1] INFO  server.RaftServerConfigKeys (ConfUtils.java:logGet(44)) - raft.server.log.preallocated.size = 16384 (custom)
2020-11-27 01:38:00,941 [pool-645-thread-1] INFO  server.RaftServerConfigKeys (ConfUtils.java:logGet(44)) - raft.server.log.write.buffer.size = 1048576 (custom)
2020-11-27 01:38:00,941 [pool-645-thread-1] INFO  server.RaftServerConfigKeys (ConfUtils.java:logGet(44)) - raft.server.log.force.sync.num = 128 (default)
2020-11-27 01:38:00,941 [pool-645-thread-1] INFO  server.RaftServerConfigKeys (ConfUtils.java:logGet(44)) - raft.server.log.statemachine.data.sync = true (default)
2020-11-27 01:38:00,941 [pool-645-thread-1] INFO  server.RaftServerConfigKeys (ConfUtils.java:logGet(44)) - raft.server.log.statemachine.data.sync.timeout = 10s (default)
2020-11-27 01:38:00,941 [pool-645-thread-1] INFO  server.RaftServerConfigKeys (ConfUtils.java:logGet(44)) - raft.server.log.statemachine.data.sync.timeout.retry = -1 (default)
2020-11-27 01:38:00,943 [pool-645-thread-1] INFO  server.RaftServerConfigKeys (ConfUtils.java:logGet(44)) - raft.server.log.statemachine.data.caching.enabled = true (custom)
2020-11-27 01:38:00,949 [pool-645-thread-1] INFO  segmented.SegmentedRaftLogWorker (SegmentedRaftLogWorker.java:lambda$new$0(129)) - 03f5e28f-1ccf-47de-881e-8ae7723c653b@group-CB66F6DB5A4A-SegmentedRaftLogWorker: flushIndex: setUnconditionally 0 -> -1
2020-11-27 01:38:00,949 [pool-645-thread-1] INFO  segmented.SegmentedRaftLogWorker (SegmentedRaftLogWorker.java:lambda$new$0(129)) - 03f5e28f-1ccf-47de-881e-8ae7723c653b@group-CB66F6DB5A4A-SegmentedRaftLogWorker: safeCacheEvictIndex: setUnconditionally 0 -> -1
2020-11-27 01:38:00,949 [pool-645-thread-1] INFO  server.RaftServerConfigKeys (ConfUtils.java:logGet(44)) - raft.server.snapshot.auto.trigger.enabled = true (custom)
2020-11-27 01:38:00,949 [pool-645-thread-1] INFO  server.RaftServerConfigKeys (ConfUtils.java:logGet(44)) - raft.server.snapshot.auto.trigger.threshold = 10000 (custom)
2020-11-27 01:38:00,949 [pool-645-thread-1] INFO  server.RaftServerConfigKeys (ConfUtils.java:logGet(44)) - raft.server.snapshot.retention.file.num = 5 (custom)
2020-11-27 01:38:00,949 [pool-645-thread-1] INFO  server.RaftServerConfigKeys (ConfUtils.java:logGet(44)) - raft.server.log.purge.upto.snapshot.index = false (default)
2020-11-27 01:38:00,950 [pool-645-thread-1] INFO  server.RaftServerConfigKeys (ConfUtils.java:logGet(44)) - raft.server.retrycache.expirytime = 600000ms (custom)
2020-11-27 01:38:00,950 [pool-645-thread-1] INFO  metrics.RatisMetrics (RatisMetrics.java:lambda$create$0(36)) - Creating Metrics Registry : ratis.leader_election.03f5e28f-1ccf-47de-881e-8ae7723c653b@group-CB66F6DB5A4A
2020-11-27 01:38:00,950 [pool-645-thread-1] INFO  metrics.RatisMetrics (RatisMetrics.java:lambda$create$0(36)) - Creating Metrics Registry : ratis.server.03f5e28f-1ccf-47de-881e-8ae7723c653b@group-CB66F6DB5A4A
2020-11-27 01:38:00,952 [pool-645-thread-1] INFO  impl.RaftServerImpl (RaftServerImpl.java:start(215)) - 03f5e28f-1ccf-47de-881e-8ae7723c653b@group-CB66F6DB5A4A: start as a follower, conf=-1: [fadf6fe5-11c1-4da6-9372-0a456385f570|rpc:172.17.0.2:44925, 03f5e28f-1ccf-47de-881e-8ae7723c653b|rpc:172.17.0.2:40701, 5b456079-358f-469d-9a4b-1e41f0af00c2|rpc:172.17.0.2:39765], old=null
2020-11-27 01:38:00,952 [pool-645-thread-1] INFO  impl.RaftServerImpl (RaftServerImpl.java:setRole(204)) - 03f5e28f-1ccf-47de-881e-8ae7723c653b@group-CB66F6DB5A4A: changes role from      null to FOLLOWER at term 0 for startAsFollower
2020-11-27 01:38:00,952 [pool-645-thread-1] INFO  impl.RoleInfo (RoleInfo.java:updateAndGet(143)) - 03f5e28f-1ccf-47de-881e-8ae7723c653b: start 03f5e28f-1ccf-47de-881e-8ae7723c653b@group-CB66F6DB5A4A-FollowerState
2020-11-27 01:38:00,952 [pool-645-thread-1] INFO  util.JmxRegister (JmxRegister.java:tryRegister(44)) - Successfully registered JMX Bean with object name Ratis:service=RaftServer,group=group-CB66F6DB5A4A,id=03f5e28f-1ccf-47de-881e-8ae7723c653b
2020-11-27 01:38:00,952 [pool-645-thread-1] INFO  metrics.RatisMetrics (RatisMetrics.java:lambda$create$0(36)) - Creating Metrics Registry : ratis.state_machine.03f5e28f-1ccf-47de-881e-8ae7723c653b@group-CB66F6DB5A4A
2020-11-27 01:38:00,957 [Command processor thread] INFO  metrics.RatisMetrics (RatisMetrics.java:lambda$create$0(36)) - Creating Metrics Registry : ratis.client_message_metrics.client-BC007FB89A4E->5b456079-358f-469d-9a4b-1e41f0af00c2
2020-11-27 01:38:00,961 [grpc-default-executor-1] INFO  impl.RaftServerProxy (RaftServerProxy.java:addNew(93)) - 5b456079-358f-469d-9a4b-1e41f0af00c2: addNew group-CB66F6DB5A4A:[fadf6fe5-11c1-4da6-9372-0a456385f570|rpc:172.17.0.2:44925|dataStream:, 03f5e28f-1ccf-47de-881e-8ae7723c653b|rpc:172.17.0.2:40701|dataStream:, 5b456079-358f-469d-9a4b-1e41f0af00c2|rpc:172.17.0.2:39765|dataStream:] returns group-CB66F6DB5A4A:java.util.concurrent.CompletableFuture@3f7f661a[Not completed]
2020-11-27 01:38:00,965 [pool-741-thread-1] INFO  impl.RaftServerImpl (RaftServerImpl.java:<init>(121)) - 5b456079-358f-469d-9a4b-1e41f0af00c2: new RaftServerImpl for group-CB66F6DB5A4A:[fadf6fe5-11c1-4da6-9372-0a456385f570|rpc:172.17.0.2:44925|dataStream:, 03f5e28f-1ccf-47de-881e-8ae7723c653b|rpc:172.17.0.2:40701|dataStream:, 5b456079-358f-469d-9a4b-1e41f0af00c2|rpc:172.17.0.2:39765|dataStream:] with ContainerStateMachine:uninitialized
2020-11-27 01:38:00,965 [pool-741-thread-1] INFO  server.RaftServerConfigKeys (ConfUtils.java:logGet(44)) - raft.server.rpc.timeout.min = 5s (custom)
2020-11-27 01:38:00,965 [pool-741-thread-1] INFO  server.RaftServerConfigKeys (ConfUtils.java:logGet(44)) - raft.server.rpc.timeout.max = 5200ms (custom)
2020-11-27 01:38:00,965 [pool-741-thread-1] INFO  server.RaftServerConfigKeys (ConfUtils.java:logGet(44)) - raft.server.rpc.slowness.timeout = 300000ms (custom)
2020-11-27 01:38:00,965 [pool-741-thread-1] INFO  server.RaftServerConfigKeys (ConfUtils.java:logGet(44)) - raft.server.leaderelection.leader.step-down.wait-time = 10s (default)
2020-11-27 01:38:00,966 [pool-741-thread-1] INFO  server.RaftServerConfigKeys (ConfUtils.java:logGet(44)) - raft.server.sleep.deviation.threshold = 300 (default)
2020-11-27 01:38:00,966 [pool-741-thread-1] INFO  server.RaftServerConfigKeys (ConfUtils.java:logGet(44)) - raft.server.log.appender.install.snapshot.enabled = false (custom)
2020-11-27 01:38:00,966 [pool-741-thread-1] INFO  impl.RaftServerImpl (ServerState.java:<init>(104)) - 5b456079-358f-469d-9a4b-1e41f0af00c2@group-CB66F6DB5A4A: ConfigurationManager, init=-1: [fadf6fe5-11c1-4da6-9372-0a456385f570|rpc:172.17.0.2:44925|dataStream:, 03f5e28f-1ccf-47de-881e-8ae7723c653b|rpc:172.17.0.2:40701|dataStream:, 5b456079-358f-469d-9a4b-1e41f0af00c2|rpc:172.17.0.2:39765|dataStream:], old=null, confs=<EMPTY_MAP>
2020-11-27 01:38:00,966 [pool-741-thread-1] INFO  server.RaftServerConfigKeys (ConfUtils.java:logGet(44)) - raft.server.storage.dir = [/github/workspace/mnt/ozone/hadoop-ozone/integration-test/target/test-dir/MiniOzoneClusterImpl-7befb19c-4ec9-4b73-94e9-5feb4aa859dd/datanode-6/data/ratis] (custom)
2020-11-27 01:38:00,966 [pool-741-thread-1] INFO  server.RaftServerConfigKeys (ConfUtils.java:logGet(44)) - raft.server.log.corruption.policy = EXCEPTION (default)
2020-11-27 01:38:00,966 [pool-741-thread-1] INFO  storage.RaftStorageDirectory (RaftStorageDirectory.java:analyzeStorage(261)) - The storage directory /github/workspace/mnt/ozone/hadoop-ozone/integration-test/target/test-dir/MiniOzoneClusterImpl-7befb19c-4ec9-4b73-94e9-5feb4aa859dd/datanode-6/data/ratis/3c6fe38f-4820-47fc-90c2-cb66f6db5a4a does not exist. Creating ...
2020-11-27 01:38:00,967 [pool-741-thread-1] INFO  storage.RaftStorageDirectory (RaftStorageDirectory.java:tryLock(343)) - Lock on /github/workspace/mnt/ozone/hadoop-ozone/integration-test/target/test-dir/MiniOzoneClusterImpl-7befb19c-4ec9-4b73-94e9-5feb4aa859dd/datanode-6/data/ratis/3c6fe38f-4820-47fc-90c2-cb66f6db5a4a/in_use.lock acquired by nodename 18347@3bf31645156d
2020-11-27 01:38:00,969 [pool-741-thread-1] INFO  storage.RaftStorage (RaftStorage.java:format(85)) - Storage directory /github/workspace/mnt/ozone/hadoop-ozone/integration-test/target/test-dir/MiniOzoneClusterImpl-7befb19c-4ec9-4b73-94e9-5feb4aa859dd/datanode-6/data/ratis/3c6fe38f-4820-47fc-90c2-cb66f6db5a4a has been successfully formatted.
2020-11-27 01:38:00,969 [pool-741-thread-1] INFO  ratis.ContainerStateMachine (ContainerStateMachine.java:loadSnapshot(225)) - group-CB66F6DB5A4A: The snapshot info is null. Setting the last applied indexto:(t:0, i:~)
2020-11-27 01:38:00,970 [pool-741-thread-1] INFO  server.RaftServerConfigKeys (ConfUtils.java:logGet(44)) - raft.server.notification.no-leader.timeout = 300000ms (custom)
2020-11-27 01:38:00,970 [pool-741-thread-1] INFO  server.RaftServerConfigKeys (ConfUtils.java:logGet(44)) - raft.server.log.use.memory = false (default)
2020-11-27 01:38:00,970 [pool-741-thread-1] INFO  server.RaftServerConfigKeys (ConfUtils.java:logGet(44)) - raft.server.log.purge.gap = 1000000 (custom)
2020-11-27 01:38:00,970 [pool-741-thread-1] INFO  metrics.RatisMetrics (RatisMetrics.java:lambda$create$0(36)) - Creating Metrics Registry : ratis.log_worker.5b456079-358f-469d-9a4b-1e41f0af00c2@group-CB66F6DB5A4A
2020-11-27 01:38:00,970 [pool-741-thread-1] INFO  server.RaftServerConfigKeys (ConfUtils.java:logGet(44)) - raft.server.log.appender.buffer.byte-limit = 33554432 (custom)
2020-11-27 01:38:00,971 [pool-741-thread-1] INFO  server.RaftServerConfigKeys (ConfUtils.java:logGet(44)) - raft.server.log.segment.size.max = 1048576 (custom)
2020-11-27 01:38:00,972 [pool-741-thread-1] INFO  server.RaftServerConfigKeys (ConfUtils.java:logGet(44)) - raft.server.log.segment.cache.num.max = 2 (custom)
2020-11-27 01:38:00,972 [pool-741-thread-1] INFO  segmented.SegmentedRaftLogWorker (SegmentedRaftLogWorker.java:<init>(180)) - new 5b456079-358f-469d-9a4b-1e41f0af00c2@group-CB66F6DB5A4A-SegmentedRaftLogWorker for RaftStorage:Storage Directory /github/workspace/mnt/ozone/hadoop-ozone/integration-test/target/test-dir/MiniOzoneClusterImpl-7befb19c-4ec9-4b73-94e9-5feb4aa859dd/datanode-6/data/ratis/3c6fe38f-4820-47fc-90c2-cb66f6db5a4a
2020-11-27 01:38:00,972 [pool-741-thread-1] INFO  server.RaftServerConfigKeys (ConfUtils.java:logGet(44)) - raft.server.log.queue.byte-limit = 2147483647 (custom)
2020-11-27 01:38:00,972 [pool-741-thread-1] INFO  server.RaftServerConfigKeys (ConfUtils.java:logGet(44)) - raft.server.log.queue.element-limit = 1024 (custom)
2020-11-27 01:38:00,973 [pool-741-thread-1] INFO  server.RaftServerConfigKeys (ConfUtils.java:logGet(44)) - raft.server.log.segment.size.max = 1048576 (custom)
2020-11-27 01:38:00,973 [pool-741-thread-1] INFO  server.RaftServerConfigKeys (ConfUtils.java:logGet(44)) - raft.server.log.preallocated.size = 16384 (custom)
2020-11-27 01:38:00,973 [pool-741-thread-1] INFO  server.RaftServerConfigKeys (ConfUtils.java:logGet(44)) - raft.server.log.write.buffer.size = 1048576 (custom)
2020-11-27 01:38:00,973 [pool-741-thread-1] INFO  server.RaftServerConfigKeys (ConfUtils.java:logGet(44)) - raft.server.log.force.sync.num = 128 (default)
2020-11-27 01:38:00,973 [pool-741-thread-1] INFO  server.RaftServerConfigKeys (ConfUtils.java:logGet(44)) - raft.server.log.statemachine.data.sync = true (default)
2020-11-27 01:38:00,973 [pool-741-thread-1] INFO  server.RaftServerConfigKeys (ConfUtils.java:logGet(44)) - raft.server.log.statemachine.data.sync.timeout = 10s (default)
2020-11-27 01:38:00,973 [pool-741-thread-1] INFO  server.RaftServerConfigKeys (ConfUtils.java:logGet(44)) - raft.server.log.statemachine.data.sync.timeout.retry = -1 (default)
2020-11-27 01:38:00,979 [pool-741-thread-1] INFO  server.RaftServerConfigKeys (ConfUtils.java:logGet(44)) - raft.server.log.statemachine.data.caching.enabled = true (custom)
2020-11-27 01:38:00,980 [pool-741-thread-1] INFO  segmented.SegmentedRaftLogWorker (SegmentedRaftLogWorker.java:lambda$new$0(129)) - 5b456079-358f-469d-9a4b-1e41f0af00c2@group-CB66F6DB5A4A-SegmentedRaftLogWorker: flushIndex: setUnconditionally 0 -> -1
2020-11-27 01:38:00,980 [pool-741-thread-1] INFO  segmented.SegmentedRaftLogWorker (SegmentedRaftLogWorker.java:lambda$new$0(129)) - 5b456079-358f-469d-9a4b-1e41f0af00c2@group-CB66F6DB5A4A-SegmentedRaftLogWorker: safeCacheEvictIndex: setUnconditionally 0 -> -1
2020-11-27 01:38:00,984 [pool-741-thread-1] INFO  server.RaftServerConfigKeys (ConfUtils.java:logGet(44)) - raft.server.snapshot.auto.trigger.enabled = true (custom)
2020-11-27 01:38:00,984 [pool-741-thread-1] INFO  server.RaftServerConfigKeys (ConfUtils.java:logGet(44)) - raft.server.snapshot.auto.trigger.threshold = 10000 (custom)
2020-11-27 01:38:00,984 [pool-741-thread-1] INFO  server.RaftServerConfigKeys (ConfUtils.java:logGet(44)) - raft.server.snapshot.retention.file.num = 5 (custom)
2020-11-27 01:38:00,984 [pool-741-thread-1] INFO  server.RaftServerConfigKeys (ConfUtils.java:logGet(44)) - raft.server.log.purge.upto.snapshot.index = false (default)
2020-11-27 01:38:00,984 [pool-741-thread-1] INFO  server.RaftServerConfigKeys (ConfUtils.java:logGet(44)) - raft.server.retrycache.expirytime = 600000ms (custom)
2020-11-27 01:38:00,985 [pool-741-thread-1] INFO  metrics.RatisMetrics (RatisMetrics.java:lambda$create$0(36)) - Creating Metrics Registry : ratis.leader_election.5b456079-358f-469d-9a4b-1e41f0af00c2@group-CB66F6DB5A4A
2020-11-27 01:38:00,985 [pool-741-thread-1] INFO  metrics.RatisMetrics (RatisMetrics.java:lambda$create$0(36)) - Creating Metrics Registry : ratis.server.5b456079-358f-469d-9a4b-1e41f0af00c2@group-CB66F6DB5A4A
2020-11-27 01:38:00,987 [pool-741-thread-1] INFO  impl.RaftServerImpl (RaftServerImpl.java:start(215)) - 5b456079-358f-469d-9a4b-1e41f0af00c2@group-CB66F6DB5A4A: start as a follower, conf=-1: [fadf6fe5-11c1-4da6-9372-0a456385f570|rpc:172.17.0.2:44925|dataStream:, 03f5e28f-1ccf-47de-881e-8ae7723c653b|rpc:172.17.0.2:40701|dataStream:, 5b456079-358f-469d-9a4b-1e41f0af00c2|rpc:172.17.0.2:39765|dataStream:], old=null
2020-11-27 01:38:00,987 [pool-741-thread-1] INFO  impl.RaftServerImpl (RaftServerImpl.java:setRole(204)) - 5b456079-358f-469d-9a4b-1e41f0af00c2@group-CB66F6DB5A4A: changes role from      null to FOLLOWER at term 0 for startAsFollower
2020-11-27 01:38:00,987 [pool-741-thread-1] INFO  impl.RoleInfo (RoleInfo.java:updateAndGet(143)) - 5b456079-358f-469d-9a4b-1e41f0af00c2: start 5b456079-358f-469d-9a4b-1e41f0af00c2@group-CB66F6DB5A4A-FollowerState
2020-11-27 01:38:00,987 [pool-741-thread-1] INFO  util.JmxRegister (JmxRegister.java:tryRegister(44)) - Successfully registered JMX Bean with object name Ratis:service=RaftServer,group=group-CB66F6DB5A4A,id=5b456079-358f-469d-9a4b-1e41f0af00c2
2020-11-27 01:38:00,987 [pool-741-thread-1] INFO  metrics.RatisMetrics (RatisMetrics.java:lambda$create$0(36)) - Creating Metrics Registry : ratis.state_machine.5b456079-358f-469d-9a4b-1e41f0af00c2@group-CB66F6DB5A4A
2020-11-27 01:38:00,995 [Command processor thread] INFO  metrics.RatisMetrics (RatisMetrics.java:lambda$create$0(36)) - Creating Metrics Registry : ratis.client_message_metrics.client-07F8AD4A0197->fadf6fe5-11c1-4da6-9372-0a456385f570
2020-11-27 01:38:01,002 [grpc-default-executor-1] INFO  impl.RaftServerProxy (RaftServerProxy.java:addNew(93)) - fadf6fe5-11c1-4da6-9372-0a456385f570: addNew group-CB66F6DB5A4A:[fadf6fe5-11c1-4da6-9372-0a456385f570|rpc:172.17.0.2:44925|dataStream:, 03f5e28f-1ccf-47de-881e-8ae7723c653b|rpc:172.17.0.2:40701|dataStream:, 5b456079-358f-469d-9a4b-1e41f0af00c2|rpc:172.17.0.2:39765|dataStream:] returns group-CB66F6DB5A4A:java.util.concurrent.CompletableFuture@183ba254[Not completed]
2020-11-27 01:38:01,003 [pool-677-thread-1] INFO  impl.RaftServerImpl (RaftServerImpl.java:<init>(121)) - fadf6fe5-11c1-4da6-9372-0a456385f570: new RaftServerImpl for group-CB66F6DB5A4A:[fadf6fe5-11c1-4da6-9372-0a456385f570|rpc:172.17.0.2:44925|dataStream:, 03f5e28f-1ccf-47de-881e-8ae7723c653b|rpc:172.17.0.2:40701|dataStream:, 5b456079-358f-469d-9a4b-1e41f0af00c2|rpc:172.17.0.2:39765|dataStream:] with ContainerStateMachine:uninitialized
2020-11-27 01:38:01,003 [pool-677-thread-1] INFO  server.RaftServerConfigKeys (ConfUtils.java:logGet(44)) - raft.server.rpc.timeout.min = 5s (custom)
2020-11-27 01:38:01,003 [pool-677-thread-1] INFO  server.RaftServerConfigKeys (ConfUtils.java:logGet(44)) - raft.server.rpc.timeout.max = 5200ms (custom)
2020-11-27 01:38:01,003 [pool-677-thread-1] INFO  server.RaftServerConfigKeys (ConfUtils.java:logGet(44)) - raft.server.rpc.slowness.timeout = 300000ms (custom)
2020-11-27 01:38:01,003 [pool-677-thread-1] INFO  server.RaftServerConfigKeys (ConfUtils.java:logGet(44)) - raft.server.leaderelection.leader.step-down.wait-time = 10s (default)
2020-11-27 01:38:01,003 [pool-677-thread-1] INFO  server.RaftServerConfigKeys (ConfUtils.java:logGet(44)) - raft.server.sleep.deviation.threshold = 300 (default)
2020-11-27 01:38:01,003 [pool-677-thread-1] INFO  server.RaftServerConfigKeys (ConfUtils.java:logGet(44)) - raft.server.log.appender.install.snapshot.enabled = false (custom)
2020-11-27 01:38:01,003 [pool-677-thread-1] INFO  impl.RaftServerImpl (ServerState.java:<init>(104)) - fadf6fe5-11c1-4da6-9372-0a456385f570@group-CB66F6DB5A4A: ConfigurationManager, init=-1: [fadf6fe5-11c1-4da6-9372-0a456385f570|rpc:172.17.0.2:44925|dataStream:, 03f5e28f-1ccf-47de-881e-8ae7723c653b|rpc:172.17.0.2:40701|dataStream:, 5b456079-358f-469d-9a4b-1e41f0af00c2|rpc:172.17.0.2:39765|dataStream:], old=null, confs=<EMPTY_MAP>
2020-11-27 01:38:01,003 [pool-677-thread-1] INFO  server.RaftServerConfigKeys (ConfUtils.java:logGet(44)) - raft.server.storage.dir = [/github/workspace/mnt/ozone/hadoop-ozone/integration-test/target/test-dir/MiniOzoneClusterImpl-7befb19c-4ec9-4b73-94e9-5feb4aa859dd/datanode-2/data/ratis] (custom)
2020-11-27 01:38:01,004 [pool-677-thread-1] INFO  server.RaftServerConfigKeys (ConfUtils.java:logGet(44)) - raft.server.log.corruption.policy = EXCEPTION (default)
2020-11-27 01:38:01,004 [pool-677-thread-1] INFO  storage.RaftStorageDirectory (RaftStorageDirectory.java:analyzeStorage(261)) - The storage directory /github/workspace/mnt/ozone/hadoop-ozone/integration-test/target/test-dir/MiniOzoneClusterImpl-7befb19c-4ec9-4b73-94e9-5feb4aa859dd/datanode-2/data/ratis/3c6fe38f-4820-47fc-90c2-cb66f6db5a4a does not exist. Creating ...
2020-11-27 01:38:01,005 [pool-677-thread-1] INFO  storage.RaftStorageDirectory (RaftStorageDirectory.java:tryLock(343)) - Lock on /github/workspace/mnt/ozone/hadoop-ozone/integration-test/target/test-dir/MiniOzoneClusterImpl-7befb19c-4ec9-4b73-94e9-5feb4aa859dd/datanode-2/data/ratis/3c6fe38f-4820-47fc-90c2-cb66f6db5a4a/in_use.lock acquired by nodename 18347@3bf31645156d
2020-11-27 01:38:01,006 [pool-677-thread-1] INFO  storage.RaftStorage (RaftStorage.java:format(85)) - Storage directory /github/workspace/mnt/ozone/hadoop-ozone/integration-test/target/test-dir/MiniOzoneClusterImpl-7befb19c-4ec9-4b73-94e9-5feb4aa859dd/datanode-2/data/ratis/3c6fe38f-4820-47fc-90c2-cb66f6db5a4a has been successfully formatted.
2020-11-27 01:38:01,007 [pool-677-thread-1] INFO  ratis.ContainerStateMachine (ContainerStateMachine.java:loadSnapshot(225)) - group-CB66F6DB5A4A: The snapshot info is null. Setting the last applied indexto:(t:0, i:~)
2020-11-27 01:38:01,007 [pool-677-thread-1] INFO  server.RaftServerConfigKeys (ConfUtils.java:logGet(44)) - raft.server.notification.no-leader.timeout = 300000ms (custom)
2020-11-27 01:38:01,007 [pool-677-thread-1] INFO  server.RaftServerConfigKeys (ConfUtils.java:logGet(44)) - raft.server.log.use.memory = false (default)
2020-11-27 01:38:01,008 [pool-677-thread-1] INFO  server.RaftServerConfigKeys (ConfUtils.java:logGet(44)) - raft.server.log.purge.gap = 1000000 (custom)
2020-11-27 01:38:01,008 [pool-677-thread-1] INFO  metrics.RatisMetrics (RatisMetrics.java:lambda$create$0(36)) - Creating Metrics Registry : ratis.log_worker.fadf6fe5-11c1-4da6-9372-0a456385f570@group-CB66F6DB5A4A
2020-11-27 01:38:01,008 [pool-677-thread-1] INFO  server.RaftServerConfigKeys (ConfUtils.java:logGet(44)) - raft.server.log.appender.buffer.byte-limit = 33554432 (custom)
2020-11-27 01:38:01,008 [pool-677-thread-1] INFO  server.RaftServerConfigKeys (ConfUtils.java:logGet(44)) - raft.server.log.segment.size.max = 1048576 (custom)
2020-11-27 01:38:01,009 [pool-677-thread-1] INFO  server.RaftServerConfigKeys (ConfUtils.java:logGet(44)) - raft.server.log.segment.cache.num.max = 2 (custom)
2020-11-27 01:38:01,009 [pool-677-thread-1] INFO  segmented.SegmentedRaftLogWorker (SegmentedRaftLogWorker.java:<init>(180)) - new fadf6fe5-11c1-4da6-9372-0a456385f570@group-CB66F6DB5A4A-SegmentedRaftLogWorker for RaftStorage:Storage Directory /github/workspace/mnt/ozone/hadoop-ozone/integration-test/target/test-dir/MiniOzoneClusterImpl-7befb19c-4ec9-4b73-94e9-5feb4aa859dd/datanode-2/data/ratis/3c6fe38f-4820-47fc-90c2-cb66f6db5a4a
2020-11-27 01:38:01,009 [pool-677-thread-1] INFO  server.RaftServerConfigKeys (ConfUtils.java:logGet(44)) - raft.server.log.queue.byte-limit = 2147483647 (custom)
2020-11-27 01:38:01,009 [pool-677-thread-1] INFO  server.RaftServerConfigKeys (ConfUtils.java:logGet(44)) - raft.server.log.queue.element-limit = 1024 (custom)
2020-11-27 01:38:01,009 [pool-677-thread-1] INFO  server.RaftServerConfigKeys (ConfUtils.java:logGet(44)) - raft.server.log.segment.size.max = 1048576 (custom)
2020-11-27 01:38:01,009 [pool-677-thread-1] INFO  server.RaftServerConfigKeys (ConfUtils.java:logGet(44)) - raft.server.log.preallocated.size = 16384 (custom)
2020-11-27 01:38:01,009 [pool-677-thread-1] INFO  server.RaftServerConfigKeys (ConfUtils.java:logGet(44)) - raft.server.log.write.buffer.size = 1048576 (custom)
2020-11-27 01:38:01,009 [pool-677-thread-1] INFO  server.RaftServerConfigKeys (ConfUtils.java:logGet(44)) - raft.server.log.force.sync.num = 128 (default)
2020-11-27 01:38:01,009 [pool-677-thread-1] INFO  server.RaftServerConfigKeys (ConfUtils.java:logGet(44)) - raft.server.log.statemachine.data.sync = true (default)
2020-11-27 01:38:01,009 [pool-677-thread-1] INFO  server.RaftServerConfigKeys (ConfUtils.java:logGet(44)) - raft.server.log.statemachine.data.sync.timeout = 10s (default)
2020-11-27 01:38:01,009 [pool-677-thread-1] INFO  server.RaftServerConfigKeys (ConfUtils.java:logGet(44)) - raft.server.log.statemachine.data.sync.timeout.retry = -1 (default)
2020-11-27 01:38:01,014 [pool-677-thread-1] INFO  server.RaftServerConfigKeys (ConfUtils.java:logGet(44)) - raft.server.log.statemachine.data.caching.enabled = true (custom)
2020-11-27 01:38:01,014 [pool-677-thread-1] INFO  segmented.SegmentedRaftLogWorker (SegmentedRaftLogWorker.java:lambda$new$0(129)) - fadf6fe5-11c1-4da6-9372-0a456385f570@group-CB66F6DB5A4A-SegmentedRaftLogWorker: flushIndex: setUnconditionally 0 -> -1
2020-11-27 01:38:01,014 [pool-677-thread-1] INFO  segmented.SegmentedRaftLogWorker (SegmentedRaftLogWorker.java:lambda$new$0(129)) - fadf6fe5-11c1-4da6-9372-0a456385f570@group-CB66F6DB5A4A-SegmentedRaftLogWorker: safeCacheEvictIndex: setUnconditionally 0 -> -1
2020-11-27 01:38:01,016 [pool-677-thread-1] INFO  server.RaftServerConfigKeys (ConfUtils.java:logGet(44)) - raft.server.snapshot.auto.trigger.enabled = true (custom)
2020-11-27 01:38:01,016 [pool-677-thread-1] INFO  server.RaftServerConfigKeys (ConfUtils.java:logGet(44)) - raft.server.snapshot.auto.trigger.threshold = 10000 (custom)
2020-11-27 01:38:01,016 [pool-677-thread-1] INFO  server.RaftServerConfigKeys (ConfUtils.java:logGet(44)) - raft.server.snapshot.retention.file.num = 5 (custom)
2020-11-27 01:38:01,016 [pool-677-thread-1] INFO  server.RaftServerConfigKeys (ConfUtils.java:logGet(44)) - raft.server.log.purge.upto.snapshot.index = false (default)
2020-11-27 01:38:01,016 [pool-677-thread-1] INFO  server.RaftServerConfigKeys (ConfUtils.java:logGet(44)) - raft.server.retrycache.expirytime = 600000ms (custom)
2020-11-27 01:38:01,017 [pool-677-thread-1] INFO  metrics.RatisMetrics (RatisMetrics.java:lambda$create$0(36)) - Creating Metrics Registry : ratis.leader_election.fadf6fe5-11c1-4da6-9372-0a456385f570@group-CB66F6DB5A4A
2020-11-27 01:38:01,017 [pool-677-thread-1] INFO  metrics.RatisMetrics (RatisMetrics.java:lambda$create$0(36)) - Creating Metrics Registry : ratis.server.fadf6fe5-11c1-4da6-9372-0a456385f570@group-CB66F6DB5A4A
2020-11-27 01:38:01,019 [pool-677-thread-1] INFO  impl.RaftServerImpl (RaftServerImpl.java:start(215)) - fadf6fe5-11c1-4da6-9372-0a456385f570@group-CB66F6DB5A4A: start as a follower, conf=-1: [fadf6fe5-11c1-4da6-9372-0a456385f570|rpc:172.17.0.2:44925|dataStream:, 03f5e28f-1ccf-47de-881e-8ae7723c653b|rpc:172.17.0.2:40701|dataStream:, 5b456079-358f-469d-9a4b-1e41f0af00c2|rpc:172.17.0.2:39765|dataStream:], old=null
2020-11-27 01:38:01,019 [pool-677-thread-1] INFO  impl.RaftServerImpl (RaftServerImpl.java:setRole(204)) - fadf6fe5-11c1-4da6-9372-0a456385f570@group-CB66F6DB5A4A: changes role from      null to FOLLOWER at term 0 for startAsFollower
2020-11-27 01:38:01,019 [pool-677-thread-1] INFO  impl.RoleInfo (RoleInfo.java:updateAndGet(143)) - fadf6fe5-11c1-4da6-9372-0a456385f570: start fadf6fe5-11c1-4da6-9372-0a456385f570@group-CB66F6DB5A4A-FollowerState
2020-11-27 01:38:01,020 [pool-677-thread-1] INFO  util.JmxRegister (JmxRegister.java:tryRegister(44)) - Successfully registered JMX Bean with object name Ratis:service=RaftServer,group=group-CB66F6DB5A4A,id=fadf6fe5-11c1-4da6-9372-0a456385f570
2020-11-27 01:38:01,020 [pool-677-thread-1] INFO  metrics.RatisMetrics (RatisMetrics.java:lambda$create$0(36)) - Creating Metrics Registry : ratis.state_machine.fadf6fe5-11c1-4da6-9372-0a456385f570@group-CB66F6DB5A4A
2020-11-27 01:38:01,026 [Command processor thread] INFO  commandhandler.CreatePipelineCommandHandler (CreatePipelineCommandHandler.java:handle(106)) - Created Pipeline RATIS THREE PipelineID=3c6fe38f-4820-47fc-90c2-cb66f6db5a4a.
2020-11-27 01:38:01,027 [Command processor thread] INFO  impl.RaftServerProxy (RaftServerProxy.java:remove(104)) - 03f5e28f-1ccf-47de-881e-8ae7723c653b: remove    LEADER 03f5e28f-1ccf-47de-881e-8ae7723c653b@group-560F50B45583:t1, leader=03f5e28f-1ccf-47de-881e-8ae7723c653b, voted=03f5e28f-1ccf-47de-881e-8ae7723c653b, raftlog=03f5e28f-1ccf-47de-881e-8ae7723c653b@group-560F50B45583-SegmentedRaftLog:OPENED:c26,f26,i26, conf=0: [fadf6fe5-11c1-4da6-9372-0a456385f570|rpc:172.17.0.2:44925|dataStream:, 03f5e28f-1ccf-47de-881e-8ae7723c653b|rpc:172.17.0.2:40701|dataStream:, 24a428e6-ab73-4f5b-a870-5f8cec721e35|rpc:172.17.0.2:43409|dataStream:], old=null RUNNING
2020-11-27 01:38:01,027 [Command processor thread] INFO  impl.RaftServerImpl (RaftServerImpl.java:lambda$shutdown$3(328)) - 03f5e28f-1ccf-47de-881e-8ae7723c653b@group-560F50B45583: shutdown
2020-11-27 01:38:01,027 [Command processor thread] INFO  util.JmxRegister (JmxRegister.java:unregister(73)) - Successfully un-registered JMX Bean with object name Ratis:service=RaftServer,group=group-560F50B45583,id=03f5e28f-1ccf-47de-881e-8ae7723c653b
2020-11-27 01:38:01,027 [Command processor thread] INFO  impl.RoleInfo (RoleInfo.java:shutdownLeaderState(104)) - 03f5e28f-1ccf-47de-881e-8ae7723c653b: shutdown 03f5e28f-1ccf-47de-881e-8ae7723c653b@group-560F50B45583-LeaderState
2020-11-27 01:38:01,027 [Command processor thread] INFO  metrics.RatisMetrics (RatisMetrics.java:unregister(43)) - Unregistering Metrics Registry : ratis_grpc.log_appender.03f5e28f-1ccf-47de-881e-8ae7723c653b@group-560F50B45583
2020-11-27 01:38:01,027 [Command processor thread] INFO  metrics.RatisMetrics (RatisMetrics.java:unregister(43)) - Unregistering Metrics Registry : ratis_grpc.log_appender.03f5e28f-1ccf-47de-881e-8ae7723c653b@group-560F50B45583
2020-11-27 01:38:01,027 [org.apache.ratis.server.impl.LogAppender$AppenderDaemon$$Lambda$473/1564135286@6947232c] WARN  server.GrpcLogAppender (GrpcLogAppender.java:mayWait(168)) - 03f5e28f-1ccf-47de-881e-8ae7723c653b@group-560F50B45583->fadf6fe5-11c1-4da6-9372-0a456385f570-GrpcLogAppender: Wait interrupted by java.lang.InterruptedException
2020-11-27 01:38:01,027 [org.apache.ratis.server.impl.LogAppender$AppenderDaemon$$Lambda$473/1564135286@65a75a5d] WARN  server.GrpcLogAppender (GrpcLogAppender.java:mayWait(168)) - 03f5e28f-1ccf-47de-881e-8ae7723c653b@group-560F50B45583->24a428e6-ab73-4f5b-a870-5f8cec721e35-GrpcLogAppender: Wait interrupted by java.lang.InterruptedException
2020-11-27 01:38:01,027 [Command processor thread] INFO  impl.PendingRequests (PendingRequests.java:sendNotLeaderResponses(250)) - 03f5e28f-1ccf-47de-881e-8ae7723c653b@group-560F50B45583-PendingRequests: sendNotLeaderResponses
2020-11-27 01:38:01,027 [grpc-default-executor-1] INFO  server.GrpcServerProtocolService (GrpcServerProtocolService.java:onCompleted(138)) - fadf6fe5-11c1-4da6-9372-0a456385f570: Completed APPEND_ENTRIES, lastRequest: 03f5e28f-1ccf-47de-881e-8ae7723c653b->fadf6fe5-11c1-4da6-9372-0a456385f570#571-t1, previous=(t:1, i:25), leaderCommit=25, initializing? false, entries: size=1, first=(t:1, i:26), METADATAENTRY(c:25)
2020-11-27 01:38:01,029 [Command processor thread] INFO  metrics.RatisMetrics (RatisMetrics.java:unregister(43)) - Unregistering Metrics Registry : ratis.log_appender.03f5e28f-1ccf-47de-881e-8ae7723c653b@group-560F50B45583
2020-11-27 01:38:01,029 [Command processor thread] INFO  metrics.RatisMetrics (RatisMetrics.java:unregister(43)) - Unregistering Metrics Registry : ratis.server.03f5e28f-1ccf-47de-881e-8ae7723c653b@group-560F50B45583
2020-11-27 01:38:01,030 [03f5e28f-1ccf-47de-881e-8ae7723c653b@group-560F50B45583-StateMachineUpdater] INFO  ratis.ContainerStateMachine (ContainerStateMachine.java:takeSnapshot(293)) - group-560F50B45583: Taking a snapshot at:(t:1, i:26) file /github/workspace/mnt/ozone/hadoop-ozone/integration-test/target/test-dir/MiniOzoneClusterImpl-7befb19c-4ec9-4b73-94e9-5feb4aa859dd/datanode-0/data/ratis/f811b82f-7be0-4efd-be02-560f50b45583/sm/snapshot.1_26
2020-11-27 01:38:01,031 [Command processor thread] INFO  impl.StateMachineUpdater (StateMachineUpdater.java:stopAndJoin(147)) - 03f5e28f-1ccf-47de-881e-8ae7723c653b@group-560F50B45583-StateMachineUpdater: set stopIndex = 26
2020-11-27 01:38:01,031 [grpc-default-executor-1] INFO  server.GrpcLogAppender (GrpcLogAppender.java:onCompleted(337)) - 03f5e28f-1ccf-47de-881e-8ae7723c653b@group-560F50B45583->fadf6fe5-11c1-4da6-9372-0a456385f570-AppendLogResponseHandler: follower responses appendEntries COMPLETED
2020-11-27 01:38:01,031 [grpc-default-executor-1] INFO  impl.FollowerInfo (FollowerInfo.java:lambda$new$0(51)) - 03f5e28f-1ccf-47de-881e-8ae7723c653b@group-560F50B45583->fadf6fe5-11c1-4da6-9372-0a456385f570: nextIndex: updateUnconditionally 27 -> 26
2020-11-27 01:38:01,031 [03f5e28f-1ccf-47de-881e-8ae7723c653b@group-560F50B45583-StateMachineUpdater] INFO  ratis.ContainerStateMachine (ContainerStateMachine.java:takeSnapshot(304)) - group-560F50B45583: Finished taking a snapshot at:(t:1, i:26) file:/github/workspace/mnt/ozone/hadoop-ozone/integration-test/target/test-dir/MiniOzoneClusterImpl-7befb19c-4ec9-4b73-94e9-5feb4aa859dd/datanode-0/data/ratis/f811b82f-7be0-4efd-be02-560f50b45583/sm/snapshot.1_26 time:1
2020-11-27 01:38:01,031 [03f5e28f-1ccf-47de-881e-8ae7723c653b@group-560F50B45583-StateMachineUpdater] INFO  impl.StateMachineUpdater (StateMachineUpdater.java:takeSnapshot(278)) - 03f5e28f-1ccf-47de-881e-8ae7723c653b@group-560F50B45583-StateMachineUpdater: Took a snapshot at index 26
2020-11-27 01:38:01,031 [03f5e28f-1ccf-47de-881e-8ae7723c653b@group-560F50B45583-StateMachineUpdater] INFO  impl.StateMachineUpdater (StateMachineUpdater.java:lambda$new$0(87)) - 03f5e28f-1ccf-47de-881e-8ae7723c653b@group-560F50B45583-StateMachineUpdater: snapshotIndex: updateIncreasingly -1 -> 26
2020-11-27 01:38:01,032 [03f5e28f-1ccf-47de-881e-8ae7723c653b@group-560F50B45583-StateMachineUpdater] INFO  metrics.RatisMetrics (RatisMetrics.java:unregister(43)) - Unregistering Metrics Registry : ratis.state_machine.03f5e28f-1ccf-47de-881e-8ae7723c653b@group-560F50B45583
2020-11-27 01:38:01,032 [Command processor thread] INFO  impl.RaftServerImpl (ServerState.java:close(406)) - 03f5e28f-1ccf-47de-881e-8ae7723c653b@group-560F50B45583: closes. applyIndex: 26
2020-11-27 01:38:01,032 [03f5e28f-1ccf-47de-881e-8ae7723c653b@group-560F50B45583-SegmentedRaftLogWorker] INFO  segmented.SegmentedRaftLogWorker (SegmentedRaftLogWorker.java:run(329)) - 03f5e28f-1ccf-47de-881e-8ae7723c653b@group-560F50B45583-SegmentedRaftLogWorker was interrupted, exiting. There are 0 tasks remaining in the queue.
2020-11-27 01:38:01,032 [Command processor thread] INFO  segmented.SegmentedRaftLogWorker (SegmentedRaftLogWorker.java:close(235)) - 03f5e28f-1ccf-47de-881e-8ae7723c653b@group-560F50B45583-SegmentedRaftLogWorker close()
2020-11-27 01:38:01,033 [Command processor thread] INFO  metrics.RatisMetrics (RatisMetrics.java:unregister(43)) - Unregistering Metrics Registry : ratis.log_worker.03f5e28f-1ccf-47de-881e-8ae7723c653b@group-560F50B45583
2020-11-27 01:38:01,033 [Command processor thread] INFO  metrics.RatisMetrics (RatisMetrics.java:unregister(43)) - Unregistering Metrics Registry : ratis.leader_election.03f5e28f-1ccf-47de-881e-8ae7723c653b@group-560F50B45583
2020-11-27 01:38:01,033 [Command processor thread] INFO  metrics.RatisMetrics (RatisMetrics.java:unregister(43)) - Unregistering Metrics Registry : ratis.server.03f5e28f-1ccf-47de-881e-8ae7723c653b@group-560F50B45583
2020-11-27 01:38:01,034 [Command processor thread] INFO  impl.RaftServerImpl (RaftServerImpl.java:groupRemove(299)) - 03f5e28f-1ccf-47de-881e-8ae7723c653b@group-560F50B45583: Succeed to remove RaftStorageDirectory Storage Directory /github/workspace/mnt/ozone/hadoop-ozone/integration-test/target/test-dir/MiniOzoneClusterImpl-7befb19c-4ec9-4b73-94e9-5feb4aa859dd/datanode-0/data/ratis/f811b82f-7be0-4efd-be02-560f50b45583
2020-11-27 01:38:01,034 [Command processor thread] INFO  commandhandler.ClosePipelineCommandHandler (ClosePipelineCommandHandler.java:handle(75)) - Close Pipeline PipelineID=f811b82f-7be0-4efd-be02-560f50b45583 command on datanode 03f5e28f-1ccf-47de-881e-8ae7723c653b.
2020-11-27 01:38:01,034 [Command processor thread] WARN  impl.RaftServerProxy (RaftServerProxy.java:remove(99)) - 03f5e28f-1ccf-47de-881e-8ae7723c653b: does not contain group: group-C21560EF9FAB
2020-11-27 01:38:01,034 [Command processor thread] ERROR commandhandler.ClosePipelineCommandHandler (ClosePipelineCommandHandler.java:handle(78)) - Can't close pipeline PipelineID=6ad1acc2-e1ba-4f36-9a9d-c21560ef9fab
java.io.IOException: 03f5e28f-1ccf-47de-881e-8ae7723c653b: Group group-C21560EF9FAB not found.
	at org.apache.hadoop.ozone.container.common.transport.server.ratis.XceiverServerRatis.removeGroup(XceiverServerRatis.java:774)
	at org.apache.hadoop.ozone.container.common.statemachine.commandhandler.ClosePipelineCommandHandler.handle(ClosePipelineCommandHandler.java:74)
	at org.apache.hadoop.ozone.container.common.statemachine.commandhandler.CommandDispatcher.handle(CommandDispatcher.java:99)
	at org.apache.hadoop.ozone.container.common.statemachine.DatanodeStateMachine.lambda$initCommandHandlerThread$2(DatanodeStateMachine.java:496)
	at java.lang.Thread.run(Thread.java:748)
Caused by: org.apache.ratis.protocol.exceptions.GroupMismatchException: 03f5e28f-1ccf-47de-881e-8ae7723c653b: Group group-C21560EF9FAB not found.
	at org.apache.ratis.server.impl.RaftServerProxy.groupRemoveAsync(RaftServerProxy.java:445)
	at org.apache.ratis.server.impl.RaftServerProxy.groupManagementAsync(RaftServerProxy.java:401)
	at org.apache.ratis.server.impl.RaftServerProxy.groupManagement(RaftServerProxy.java:381)
	at org.apache.hadoop.ozone.container.common.transport.server.ratis.XceiverServerRatis.removeGroup(XceiverServerRatis.java:772)
	... 4 more
2020-11-27 01:38:01,036 [Command processor thread] WARN  impl.RaftServerProxy (RaftServerProxy.java:remove(99)) - 03f5e28f-1ccf-47de-881e-8ae7723c653b: does not contain group: group-560F50B45583
2020-11-27 01:38:01,036 [Command processor thread] ERROR commandhandler.ClosePipelineCommandHandler (ClosePipelineCommandHandler.java:handle(78)) - Can't close pipeline PipelineID=f811b82f-7be0-4efd-be02-560f50b45583
java.io.IOException: 03f5e28f-1ccf-47de-881e-8ae7723c653b: Group group-560F50B45583 not found.
	at org.apache.hadoop.ozone.container.common.transport.server.ratis.XceiverServerRatis.removeGroup(XceiverServerRatis.java:774)
	at org.apache.hadoop.ozone.container.common.statemachine.commandhandler.ClosePipelineCommandHandler.handle(ClosePipelineCommandHandler.java:74)
	at org.apache.hadoop.ozone.container.common.statemachine.commandhandler.CommandDispatcher.handle(CommandDispatcher.java:99)
	at org.apache.hadoop.ozone.container.common.statemachine.DatanodeStateMachine.lambda$initCommandHandlerThread$2(DatanodeStateMachine.java:496)
	at java.lang.Thread.run(Thread.java:748)
Caused by: org.apache.ratis.protocol.exceptions.GroupMismatchException: 03f5e28f-1ccf-47de-881e-8ae7723c653b: Group group-560F50B45583 not found.
	at org.apache.ratis.server.impl.RaftServerProxy.groupRemoveAsync(RaftServerProxy.java:445)
	at org.apache.ratis.server.impl.RaftServerProxy.groupManagementAsync(RaftServerProxy.java:401)
	at org.apache.ratis.server.impl.RaftServerProxy.groupManagement(RaftServerProxy.java:381)
	at org.apache.hadoop.ozone.container.common.transport.server.ratis.XceiverServerRatis.removeGroup(XceiverServerRatis.java:772)
	... 4 more
2020-11-27 01:38:01,037 [Command processor thread] WARN  impl.RaftServerProxy (RaftServerProxy.java:remove(99)) - 03f5e28f-1ccf-47de-881e-8ae7723c653b: does not contain group: group-560F50B45583
2020-11-27 01:38:01,037 [Command processor thread] ERROR commandhandler.ClosePipelineCommandHandler (ClosePipelineCommandHandler.java:handle(78)) - Can't close pipeline PipelineID=f811b82f-7be0-4efd-be02-560f50b45583
java.io.IOException: 03f5e28f-1ccf-47de-881e-8ae7723c653b: Group group-560F50B45583 not found.
	at org.apache.hadoop.ozone.container.common.transport.server.ratis.XceiverServerRatis.removeGroup(XceiverServerRatis.java:774)
	at org.apache.hadoop.ozone.container.common.statemachine.commandhandler.ClosePipelineCommandHandler.handle(ClosePipelineCommandHandler.java:74)
	at org.apache.hadoop.ozone.container.common.statemachine.commandhandler.CommandDispatcher.handle(CommandDispatcher.java:99)
	at org.apache.hadoop.ozone.container.common.statemachine.DatanodeStateMachine.lambda$initCommandHandlerThread$2(DatanodeStateMachine.java:496)
	at java.lang.Thread.run(Thread.java:748)
Caused by: org.apache.ratis.protocol.exceptions.GroupMismatchException: 03f5e28f-1ccf-47de-881e-8ae7723c653b: Group group-560F50B45583 not found.
	at org.apache.ratis.server.impl.RaftServerProxy.groupRemoveAsync(RaftServerProxy.java:445)
	at org.apache.ratis.server.impl.RaftServerProxy.groupManagementAsync(RaftServerProxy.java:401)
	at org.apache.ratis.server.impl.RaftServerProxy.groupManagement(RaftServerProxy.java:381)
	at org.apache.hadoop.ozone.container.common.transport.server.ratis.XceiverServerRatis.removeGroup(XceiverServerRatis.java:772)
	... 4 more
2020-11-27 01:38:01,862 [Command processor thread] INFO  impl.RaftServerProxy (RaftServerProxy.java:remove(104)) - fadf6fe5-11c1-4da6-9372-0a456385f570: remove  FOLLOWER fadf6fe5-11c1-4da6-9372-0a456385f570@group-C21560EF9FAB:t3, leader=03f5e28f-1ccf-47de-881e-8ae7723c653b, voted=03f5e28f-1ccf-47de-881e-8ae7723c653b, raftlog=fadf6fe5-11c1-4da6-9372-0a456385f570@group-C21560EF9FAB-SegmentedRaftLog:OPENED:c1,f2,i2, conf=1: [fadf6fe5-11c1-4da6-9372-0a456385f570|rpc:172.17.0.2:44925|dataStream:, 03f5e28f-1ccf-47de-881e-8ae7723c653b|rpc:172.17.0.2:40701|dataStream:, 24a428e6-ab73-4f5b-a870-5f8cec721e35|rpc:172.17.0.2:43409|dataStream:], old=null RUNNING
2020-11-27 01:38:01,862 [Command processor thread] INFO  impl.RaftServerImpl (RaftServerImpl.java:lambda$shutdown$3(328)) - fadf6fe5-11c1-4da6-9372-0a456385f570@group-C21560EF9FAB: shutdown
2020-11-27 01:38:01,862 [Command processor thread] INFO  util.JmxRegister (JmxRegister.java:unregister(73)) - Successfully un-registered JMX Bean with object name Ratis:service=RaftServer,group=group-C21560EF9FAB,id=fadf6fe5-11c1-4da6-9372-0a456385f570
2020-11-27 01:38:01,862 [Command processor thread] INFO  impl.RoleInfo (RoleInfo.java:shutdownFollowerState(121)) - fadf6fe5-11c1-4da6-9372-0a456385f570: shutdown fadf6fe5-11c1-4da6-9372-0a456385f570@group-C21560EF9FAB-FollowerState
2020-11-27 01:38:01,863 [Command processor thread] INFO  impl.StateMachineUpdater (StateMachineUpdater.java:stopAndJoin(147)) - fadf6fe5-11c1-4da6-9372-0a456385f570@group-C21560EF9FAB-StateMachineUpdater: set stopIndex = 1
2020-11-27 01:38:01,863 [Thread-2819] INFO  impl.FollowerState (FollowerState.java:run(137)) - fadf6fe5-11c1-4da6-9372-0a456385f570@group-C21560EF9FAB-FollowerState was interrupted: {}
java.lang.InterruptedException: sleep interrupted
	at java.lang.Thread.sleep(Native Method)
	at org.apache.ratis.util.JavaUtils.sleep(JavaUtils.java:250)
	at org.apache.ratis.server.impl.FollowerState.run(FollowerState.java:116)
2020-11-27 01:38:01,864 [fadf6fe5-11c1-4da6-9372-0a456385f570@group-C21560EF9FAB-StateMachineUpdater] INFO  ratis.ContainerStateMachine (ContainerStateMachine.java:takeSnapshot(293)) - group-C21560EF9FAB: Taking a snapshot at:(t:3, i:1) file /github/workspace/mnt/ozone/hadoop-ozone/integration-test/target/test-dir/MiniOzoneClusterImpl-7befb19c-4ec9-4b73-94e9-5feb4aa859dd/datanode-2/data/ratis/6ad1acc2-e1ba-4f36-9a9d-c21560ef9fab/sm/snapshot.3_1
2020-11-27 01:38:01,865 [fadf6fe5-11c1-4da6-9372-0a456385f570@group-C21560EF9FAB-StateMachineUpdater] INFO  ratis.ContainerStateMachine (ContainerStateMachine.java:takeSnapshot(304)) - group-C21560EF9FAB: Finished taking a snapshot at:(t:3, i:1) file:/github/workspace/mnt/ozone/hadoop-ozone/integration-test/target/test-dir/MiniOzoneClusterImpl-7befb19c-4ec9-4b73-94e9-5feb4aa859dd/datanode-2/data/ratis/6ad1acc2-e1ba-4f36-9a9d-c21560ef9fab/sm/snapshot.3_1 time:1
2020-11-27 01:38:01,866 [fadf6fe5-11c1-4da6-9372-0a456385f570@group-C21560EF9FAB-StateMachineUpdater] INFO  impl.StateMachineUpdater (StateMachineUpdater.java:takeSnapshot(278)) - fadf6fe5-11c1-4da6-9372-0a456385f570@group-C21560EF9FAB-StateMachineUpdater: Took a snapshot at index 1
2020-11-27 01:38:01,866 [fadf6fe5-11c1-4da6-9372-0a456385f570@group-C21560EF9FAB-StateMachineUpdater] INFO  impl.StateMachineUpdater (StateMachineUpdater.java:lambda$new$0(87)) - fadf6fe5-11c1-4da6-9372-0a456385f570@group-C21560EF9FAB-StateMachineUpdater: snapshotIndex: updateIncreasingly -1 -> 1
2020-11-27 01:38:01,866 [fadf6fe5-11c1-4da6-9372-0a456385f570@group-C21560EF9FAB-StateMachineUpdater] INFO  metrics.RatisMetrics (RatisMetrics.java:unregister(43)) - Unregistering Metrics Registry : ratis.state_machine.fadf6fe5-11c1-4da6-9372-0a456385f570@group-C21560EF9FAB
2020-11-27 01:38:01,866 [Command processor thread] INFO  impl.RaftServerImpl (ServerState.java:close(406)) - fadf6fe5-11c1-4da6-9372-0a456385f570@group-C21560EF9FAB: closes. applyIndex: 1
2020-11-27 01:38:01,866 [fadf6fe5-11c1-4da6-9372-0a456385f570@group-C21560EF9FAB-SegmentedRaftLogWorker] INFO  segmented.SegmentedRaftLogWorker (SegmentedRaftLogWorker.java:run(329)) - fadf6fe5-11c1-4da6-9372-0a456385f570@group-C21560EF9FAB-SegmentedRaftLogWorker was interrupted, exiting. There are 0 tasks remaining in the queue.
2020-11-27 01:38:01,867 [Command processor thread] INFO  segmented.SegmentedRaftLogWorker (SegmentedRaftLogWorker.java:close(235)) - fadf6fe5-11c1-4da6-9372-0a456385f570@group-C21560EF9FAB-SegmentedRaftLogWorker close()
2020-11-27 01:38:01,868 [Command processor thread] INFO  metrics.RatisMetrics (RatisMetrics.java:unregister(43)) - Unregistering Metrics Registry : ratis.log_worker.fadf6fe5-11c1-4da6-9372-0a456385f570@group-C21560EF9FAB
2020-11-27 01:38:01,868 [Command processor thread] INFO  metrics.RatisMetrics (RatisMetrics.java:unregister(43)) - Unregistering Metrics Registry : ratis.leader_election.fadf6fe5-11c1-4da6-9372-0a456385f570@group-C21560EF9FAB
2020-11-27 01:38:01,868 [Command processor thread] INFO  metrics.RatisMetrics (RatisMetrics.java:unregister(43)) - Unregistering Metrics Registry : ratis.server.fadf6fe5-11c1-4da6-9372-0a456385f570@group-C21560EF9FAB
2020-11-27 01:38:01,868 [Command processor thread] INFO  impl.RaftServerImpl (RaftServerImpl.java:groupRemove(299)) - fadf6fe5-11c1-4da6-9372-0a456385f570@group-C21560EF9FAB: Succeed to remove RaftStorageDirectory Storage Directory /github/workspace/mnt/ozone/hadoop-ozone/integration-test/target/test-dir/MiniOzoneClusterImpl-7befb19c-4ec9-4b73-94e9-5feb4aa859dd/datanode-2/data/ratis/6ad1acc2-e1ba-4f36-9a9d-c21560ef9fab
2020-11-27 01:38:01,868 [Command processor thread] INFO  commandhandler.ClosePipelineCommandHandler (ClosePipelineCommandHandler.java:handle(75)) - Close Pipeline PipelineID=6ad1acc2-e1ba-4f36-9a9d-c21560ef9fab command on datanode fadf6fe5-11c1-4da6-9372-0a456385f570.
2020-11-27 01:38:01,869 [Command processor thread] INFO  impl.RaftServerProxy (RaftServerProxy.java:remove(104)) - fadf6fe5-11c1-4da6-9372-0a456385f570: remove  FOLLOWER fadf6fe5-11c1-4da6-9372-0a456385f570@group-560F50B45583:t1, leader=03f5e28f-1ccf-47de-881e-8ae7723c653b, voted=03f5e28f-1ccf-47de-881e-8ae7723c653b, raftlog=fadf6fe5-11c1-4da6-9372-0a456385f570@group-560F50B45583-SegmentedRaftLog:OPENED:c26,f26,i26, conf=0: [fadf6fe5-11c1-4da6-9372-0a456385f570|rpc:172.17.0.2:44925|dataStream:, 03f5e28f-1ccf-47de-881e-8ae7723c653b|rpc:172.17.0.2:40701|dataStream:, 24a428e6-ab73-4f5b-a870-5f8cec721e35|rpc:172.17.0.2:43409|dataStream:], old=null RUNNING
2020-11-27 01:38:01,869 [Command processor thread] INFO  impl.RaftServerImpl (RaftServerImpl.java:lambda$shutdown$3(328)) - fadf6fe5-11c1-4da6-9372-0a456385f570@group-560F50B45583: shutdown
2020-11-27 01:38:01,869 [Command processor thread] INFO  util.JmxRegister (JmxRegister.java:unregister(73)) - Successfully un-registered JMX Bean with object name Ratis:service=RaftServer,group=group-560F50B45583,id=fadf6fe5-11c1-4da6-9372-0a456385f570
2020-11-27 01:38:01,869 [Command processor thread] INFO  impl.RoleInfo (RoleInfo.java:shutdownFollowerState(121)) - fadf6fe5-11c1-4da6-9372-0a456385f570: shutdown fadf6fe5-11c1-4da6-9372-0a456385f570@group-560F50B45583-FollowerState
2020-11-27 01:38:01,869 [Thread-2620] INFO  impl.FollowerState (FollowerState.java:run(137)) - fadf6fe5-11c1-4da6-9372-0a456385f570@group-560F50B45583-FollowerState was interrupted: {}
java.lang.InterruptedException: sleep interrupted
	at java.lang.Thread.sleep(Native Method)
	at org.apache.ratis.util.JavaUtils.sleep(JavaUtils.java:250)
	at org.apache.ratis.server.impl.FollowerState.run(FollowerState.java:116)
2020-11-27 01:38:01,869 [fadf6fe5-11c1-4da6-9372-0a456385f570@group-560F50B45583-StateMachineUpdater] INFO  ratis.ContainerStateMachine (ContainerStateMachine.java:takeSnapshot(293)) - group-560F50B45583: Taking a snapshot at:(t:1, i:26) file /github/workspace/mnt/ozone/hadoop-ozone/integration-test/target/test-dir/MiniOzoneClusterImpl-7befb19c-4ec9-4b73-94e9-5feb4aa859dd/datanode-2/data/ratis/f811b82f-7be0-4efd-be02-560f50b45583/sm/snapshot.1_26
2020-11-27 01:38:01,870 [Command processor thread] INFO  impl.StateMachineUpdater (StateMachineUpdater.java:stopAndJoin(147)) - fadf6fe5-11c1-4da6-9372-0a456385f570@group-560F50B45583-StateMachineUpdater: set stopIndex = 26
2020-11-27 01:38:01,870 [fadf6fe5-11c1-4da6-9372-0a456385f570@group-560F50B45583-StateMachineUpdater] INFO  ratis.ContainerStateMachine (ContainerStateMachine.java:takeSnapshot(304)) - group-560F50B45583: Finished taking a snapshot at:(t:1, i:26) file:/github/workspace/mnt/ozone/hadoop-ozone/integration-test/target/test-dir/MiniOzoneClusterImpl-7befb19c-4ec9-4b73-94e9-5feb4aa859dd/datanode-2/data/ratis/f811b82f-7be0-4efd-be02-560f50b45583/sm/snapshot.1_26 time:1
2020-11-27 01:38:01,870 [fadf6fe5-11c1-4da6-9372-0a456385f570@group-560F50B45583-StateMachineUpdater] INFO  impl.StateMachineUpdater (StateMachineUpdater.java:takeSnapshot(278)) - fadf6fe5-11c1-4da6-9372-0a456385f570@group-560F50B45583-StateMachineUpdater: Took a snapshot at index 26
2020-11-27 01:38:01,871 [fadf6fe5-11c1-4da6-9372-0a456385f570@group-560F50B45583-StateMachineUpdater] INFO  impl.StateMachineUpdater (StateMachineUpdater.java:lambda$new$0(87)) - fadf6fe5-11c1-4da6-9372-0a456385f570@group-560F50B45583-StateMachineUpdater: snapshotIndex: updateIncreasingly -1 -> 26
2020-11-27 01:38:01,871 [fadf6fe5-11c1-4da6-9372-0a456385f570@group-560F50B45583-StateMachineUpdater] INFO  metrics.RatisMetrics (RatisMetrics.java:unregister(43)) - Unregistering Metrics Registry : ratis.state_machine.fadf6fe5-11c1-4da6-9372-0a456385f570@group-560F50B45583
2020-11-27 01:38:01,871 [Command processor thread] INFO  impl.RaftServerImpl (ServerState.java:close(406)) - fadf6fe5-11c1-4da6-9372-0a456385f570@group-560F50B45583: closes. applyIndex: 26
2020-11-27 01:38:01,871 [fadf6fe5-11c1-4da6-9372-0a456385f570@group-560F50B45583-SegmentedRaftLogWorker] INFO  segmented.SegmentedRaftLogWorker (SegmentedRaftLogWorker.java:run(329)) - fadf6fe5-11c1-4da6-9372-0a456385f570@group-560F50B45583-SegmentedRaftLogWorker was interrupted, exiting. There are 0 tasks remaining in the queue.
2020-11-27 01:38:01,872 [Command processor thread] INFO  segmented.SegmentedRaftLogWorker (SegmentedRaftLogWorker.java:close(235)) - fadf6fe5-11c1-4da6-9372-0a456385f570@group-560F50B45583-SegmentedRaftLogWorker close()
2020-11-27 01:38:01,872 [Command processor thread] INFO  metrics.RatisMetrics (RatisMetrics.java:unregister(43)) - Unregistering Metrics Registry : ratis.log_worker.fadf6fe5-11c1-4da6-9372-0a456385f570@group-560F50B45583
2020-11-27 01:38:01,873 [Command processor thread] INFO  metrics.RatisMetrics (RatisMetrics.java:unregister(43)) - Unregistering Metrics Registry : ratis.leader_election.fadf6fe5-11c1-4da6-9372-0a456385f570@group-560F50B45583
2020-11-27 01:38:01,873 [Command processor thread] INFO  metrics.RatisMetrics (RatisMetrics.java:unregister(43)) - Unregistering Metrics Registry : ratis.server.fadf6fe5-11c1-4da6-9372-0a456385f570@group-560F50B45583
2020-11-27 01:38:01,873 [Command processor thread] INFO  impl.RaftServerImpl (RaftServerImpl.java:groupRemove(299)) - fadf6fe5-11c1-4da6-9372-0a456385f570@group-560F50B45583: Succeed to remove RaftStorageDirectory Storage Directory /github/workspace/mnt/ozone/hadoop-ozone/integration-test/target/test-dir/MiniOzoneClusterImpl-7befb19c-4ec9-4b73-94e9-5feb4aa859dd/datanode-2/data/ratis/f811b82f-7be0-4efd-be02-560f50b45583
2020-11-27 01:38:01,873 [Command processor thread] INFO  commandhandler.ClosePipelineCommandHandler (ClosePipelineCommandHandler.java:handle(75)) - Close Pipeline PipelineID=f811b82f-7be0-4efd-be02-560f50b45583 command on datanode fadf6fe5-11c1-4da6-9372-0a456385f570.
2020-11-27 01:38:01,873 [Command processor thread] WARN  impl.RaftServerProxy (RaftServerProxy.java:remove(99)) - fadf6fe5-11c1-4da6-9372-0a456385f570: does not contain group: group-C21560EF9FAB
2020-11-27 01:38:01,873 [Command processor thread] ERROR commandhandler.ClosePipelineCommandHandler (ClosePipelineCommandHandler.java:handle(78)) - Can't close pipeline PipelineID=6ad1acc2-e1ba-4f36-9a9d-c21560ef9fab
java.io.IOException: fadf6fe5-11c1-4da6-9372-0a456385f570: Group group-C21560EF9FAB not found.
	at org.apache.hadoop.ozone.container.common.transport.server.ratis.XceiverServerRatis.removeGroup(XceiverServerRatis.java:774)
	at org.apache.hadoop.ozone.container.common.statemachine.commandhandler.ClosePipelineCommandHandler.handle(ClosePipelineCommandHandler.java:74)
	at org.apache.hadoop.ozone.container.common.statemachine.commandhandler.CommandDispatcher.handle(CommandDispatcher.java:99)
	at org.apache.hadoop.ozone.container.common.statemachine.DatanodeStateMachine.lambda$initCommandHandlerThread$2(DatanodeStateMachine.java:496)
	at java.lang.Thread.run(Thread.java:748)
Caused by: org.apache.ratis.protocol.exceptions.GroupMismatchException: fadf6fe5-11c1-4da6-9372-0a456385f570: Group group-C21560EF9FAB not found.
	at org.apache.ratis.server.impl.RaftServerProxy.groupRemoveAsync(RaftServerProxy.java:445)
	at org.apache.ratis.server.impl.RaftServerProxy.groupManagementAsync(RaftServerProxy.java:401)
	at org.apache.ratis.server.impl.RaftServerProxy.groupManagement(RaftServerProxy.java:381)
	at org.apache.hadoop.ozone.container.common.transport.server.ratis.XceiverServerRatis.removeGroup(XceiverServerRatis.java:772)
	... 4 more
2020-11-27 01:38:01,873 [Command processor thread] WARN  impl.RaftServerProxy (RaftServerProxy.java:remove(99)) - fadf6fe5-11c1-4da6-9372-0a456385f570: does not contain group: group-560F50B45583
2020-11-27 01:38:01,874 [Command processor thread] ERROR commandhandler.ClosePipelineCommandHandler (ClosePipelineCommandHandler.java:handle(78)) - Can't close pipeline PipelineID=f811b82f-7be0-4efd-be02-560f50b45583
java.io.IOException: fadf6fe5-11c1-4da6-9372-0a456385f570: Group group-560F50B45583 not found.
	at org.apache.hadoop.ozone.container.common.transport.server.ratis.XceiverServerRatis.removeGroup(XceiverServerRatis.java:774)
	at org.apache.hadoop.ozone.container.common.statemachine.commandhandler.ClosePipelineCommandHandler.handle(ClosePipelineCommandHandler.java:74)
	at org.apache.hadoop.ozone.container.common.statemachine.commandhandler.CommandDispatcher.handle(CommandDispatcher.java:99)
	at org.apache.hadoop.ozone.container.common.statemachine.DatanodeStateMachine.lambda$initCommandHandlerThread$2(DatanodeStateMachine.java:496)
	at java.lang.Thread.run(Thread.java:748)
Caused by: org.apache.ratis.protocol.exceptions.GroupMismatchException: fadf6fe5-11c1-4da6-9372-0a456385f570: Group group-560F50B45583 not found.
	at org.apache.ratis.server.impl.RaftServerProxy.groupRemoveAsync(RaftServerProxy.java:445)
	at org.apache.ratis.server.impl.RaftServerProxy.groupManagementAsync(RaftServerProxy.java:401)
	at org.apache.ratis.server.impl.RaftServerProxy.groupManagement(RaftServerProxy.java:381)
	at org.apache.hadoop.ozone.container.common.transport.server.ratis.XceiverServerRatis.removeGroup(XceiverServerRatis.java:772)
	... 4 more
2020-11-27 01:38:02,939 [Command processor thread] WARN  impl.RaftServerProxy (RaftServerProxy.java:remove(99)) - 03f5e28f-1ccf-47de-881e-8ae7723c653b: does not contain group: group-560F50B45583
2020-11-27 01:38:02,939 [Command processor thread] ERROR commandhandler.ClosePipelineCommandHandler (ClosePipelineCommandHandler.java:handle(78)) - Can't close pipeline PipelineID=f811b82f-7be0-4efd-be02-560f50b45583
java.io.IOException: 03f5e28f-1ccf-47de-881e-8ae7723c653b: Group group-560F50B45583 not found.
	at org.apache.hadoop.ozone.container.common.transport.server.ratis.XceiverServerRatis.removeGroup(XceiverServerRatis.java:774)
	at org.apache.hadoop.ozone.container.common.statemachine.commandhandler.ClosePipelineCommandHandler.handle(ClosePipelineCommandHandler.java:74)
	at org.apache.hadoop.ozone.container.common.statemachine.commandhandler.CommandDispatcher.handle(CommandDispatcher.java:99)
	at org.apache.hadoop.ozone.container.common.statemachine.DatanodeStateMachine.lambda$initCommandHandlerThread$2(DatanodeStateMachine.java:496)
	at java.lang.Thread.run(Thread.java:748)
Caused by: org.apache.ratis.protocol.exceptions.GroupMismatchException: 03f5e28f-1ccf-47de-881e-8ae7723c653b: Group group-560F50B45583 not found.
	at org.apache.ratis.server.impl.RaftServerProxy.groupRemoveAsync(RaftServerProxy.java:445)
	at org.apache.ratis.server.impl.RaftServerProxy.groupManagementAsync(RaftServerProxy.java:401)
	at org.apache.ratis.server.impl.RaftServerProxy.groupManagement(RaftServerProxy.java:381)
	at org.apache.hadoop.ozone.container.common.transport.server.ratis.XceiverServerRatis.removeGroup(XceiverServerRatis.java:772)
	... 4 more
2020-11-27 01:38:03,007 [Command processor thread] WARN  impl.RaftServerProxy (RaftServerProxy.java:remove(99)) - fadf6fe5-11c1-4da6-9372-0a456385f570: does not contain group: group-C21560EF9FAB
2020-11-27 01:38:03,007 [Command processor thread] ERROR commandhandler.ClosePipelineCommandHandler (ClosePipelineCommandHandler.java:handle(78)) - Can't close pipeline PipelineID=6ad1acc2-e1ba-4f36-9a9d-c21560ef9fab
java.io.IOException: fadf6fe5-11c1-4da6-9372-0a456385f570: Group group-C21560EF9FAB not found.
	at org.apache.hadoop.ozone.container.common.transport.server.ratis.XceiverServerRatis.removeGroup(XceiverServerRatis.java:774)
	at org.apache.hadoop.ozone.container.common.statemachine.commandhandler.ClosePipelineCommandHandler.handle(ClosePipelineCommandHandler.java:74)
	at org.apache.hadoop.ozone.container.common.statemachine.commandhandler.CommandDispatcher.handle(CommandDispatcher.java:99)
	at org.apache.hadoop.ozone.container.common.statemachine.DatanodeStateMachine.lambda$initCommandHandlerThread$2(DatanodeStateMachine.java:496)
	at java.lang.Thread.run(Thread.java:748)
Caused by: org.apache.ratis.protocol.exceptions.GroupMismatchException: fadf6fe5-11c1-4da6-9372-0a456385f570: Group group-C21560EF9FAB not found.
	at org.apache.ratis.server.impl.RaftServerProxy.groupRemoveAsync(RaftServerProxy.java:445)
	at org.apache.ratis.server.impl.RaftServerProxy.groupManagementAsync(RaftServerProxy.java:401)
	at org.apache.ratis.server.impl.RaftServerProxy.groupManagement(RaftServerProxy.java:381)
	at org.apache.hadoop.ozone.container.common.transport.server.ratis.XceiverServerRatis.removeGroup(XceiverServerRatis.java:772)
	... 4 more
2020-11-27 01:38:03,007 [Command processor thread] WARN  impl.RaftServerProxy (RaftServerProxy.java:remove(99)) - fadf6fe5-11c1-4da6-9372-0a456385f570: does not contain group: group-560F50B45583
2020-11-27 01:38:03,007 [Command processor thread] ERROR commandhandler.ClosePipelineCommandHandler (ClosePipelineCommandHandler.java:handle(78)) - Can't close pipeline PipelineID=f811b82f-7be0-4efd-be02-560f50b45583
java.io.IOException: fadf6fe5-11c1-4da6-9372-0a456385f570: Group group-560F50B45583 not found.
	at org.apache.hadoop.ozone.container.common.transport.server.ratis.XceiverServerRatis.removeGroup(XceiverServerRatis.java:774)
	at org.apache.hadoop.ozone.container.common.statemachine.commandhandler.ClosePipelineCommandHandler.handle(ClosePipelineCommandHandler.java:74)
	at org.apache.hadoop.ozone.container.common.statemachine.commandhandler.CommandDispatcher.handle(CommandDispatcher.java:99)
	at org.apache.hadoop.ozone.container.common.statemachine.DatanodeStateMachine.lambda$initCommandHandlerThread$2(DatanodeStateMachine.java:496)
	at java.lang.Thread.run(Thread.java:748)
Caused by: org.apache.ratis.protocol.exceptions.GroupMismatchException: fadf6fe5-11c1-4da6-9372-0a456385f570: Group group-560F50B45583 not found.
	at org.apache.ratis.server.impl.RaftServerProxy.groupRemoveAsync(RaftServerProxy.java:445)
	at org.apache.ratis.server.impl.RaftServerProxy.groupManagementAsync(RaftServerProxy.java:401)
	at org.apache.ratis.server.impl.RaftServerProxy.groupManagement(RaftServerProxy.java:381)
	at org.apache.hadoop.ozone.container.common.transport.server.ratis.XceiverServerRatis.removeGroup(XceiverServerRatis.java:772)
	... 4 more
2020-11-27 01:38:04,716 [grpc-default-executor-6] ERROR storage.BlockOutputStream (BlockOutputStream.java:lambda$writeChunkToContainer$3(677)) - writing chunk failed 105279721769402383_chunk_1 blockID conID: 2 locID: 105279721769402383 bcsId: 0 with exception org.apache.ratis.protocol.exceptions.AlreadyClosedException: SlidingWindow$Client:client-67DAB07756F6->RAFT is closed.
2020-11-27 01:38:04,719 [Listener at 127.0.0.1/40963] WARN  io.KeyOutputStream (KeyOutputStream.java:handleException(312)) - Encountered exception java.io.IOException: Unexpected Storage Container Exception: java.util.concurrent.CompletionException: java.util.concurrent.CompletionException: org.apache.ratis.protocol.exceptions.AlreadyClosedException: SlidingWindow$Client:client-67DAB07756F6->RAFT is closed. on the pipeline Pipeline[ Id: 6ad1acc2-e1ba-4f36-9a9d-c21560ef9fab, Nodes: 24a428e6-ab73-4f5b-a870-5f8cec721e35{ip: 172.17.0.2, host: 3bf31645156d, networkLocation: /default-rack, certSerialId: null}03f5e28f-1ccf-47de-881e-8ae7723c653b{ip: 172.17.0.2, host: 3bf31645156d, networkLocation: /default-rack, certSerialId: null}fadf6fe5-11c1-4da6-9372-0a456385f570{ip: 172.17.0.2, host: 3bf31645156d, networkLocation: /default-rack, certSerialId: null}, Type:RATIS, Factor:THREE, State:OPEN, leaderId:24a428e6-ab73-4f5b-a870-5f8cec721e35, CreationTimestamp2020-11-27T01:37:30.907Z]. The last committed block length is 0, uncommitted data length is 100 retry count 0
2020-11-27 01:38:04,720 [Listener at 127.0.0.1/40963] INFO  io.BlockOutputStreamEntryPool (BlockOutputStreamEntryPool.java:allocateNewBlock(241)) - Allocating block with ExcludeList {datanodes = [], containerIds = [], pipelineIds = [PipelineID=6ad1acc2-e1ba-4f36-9a9d-c21560ef9fab]}
2020-11-27 01:38:04,738 [Listener at 127.0.0.1/40963] INFO  metrics.RatisMetrics (RatisMetrics.java:lambda$create$0(36)) - Creating Metrics Registry : ratis.client_message_metrics.client-C9EFF144AD96->eda6bd80-3bc8-486f-b21b-103a464f444a
2020-11-27 01:38:04,823 [Listener at 127.0.0.1/40963] INFO  ozone.MiniOzoneClusterImpl (MiniOzoneClusterImpl.java:shutdown(388)) - Shutting down the Mini Ozone Cluster
2020-11-27 01:38:04,824 [Listener at 127.0.0.1/40963] INFO  ozone.MiniOzoneClusterImpl (MiniOzoneClusterImpl.java:stop(403)) - Stopping the Mini Ozone Cluster
2020-11-27 01:38:04,824 [Listener at 127.0.0.1/40963] INFO  ozone.MiniOzoneClusterImpl (MiniOzoneClusterImpl.java:stopOM(485)) - Stopping the OzoneManager
2020-11-27 01:38:04,824 [Listener at 127.0.0.1/40963] INFO  ipc.Server (Server.java:stop(3359)) - Stopping server on 40963
2020-11-27 01:38:04,829 [Listener at 127.0.0.1/40963] INFO  ratis.OzoneManagerDoubleBuffer (OzoneManagerDoubleBuffer.java:stop(457)) - Stopping OMDoubleBuffer flush thread
2020-11-27 01:38:04,829 [OMDoubleBufferFlushThread] INFO  ratis.OzoneManagerDoubleBuffer (OzoneManagerDoubleBuffer.java:flushTransactions(356)) - OMDoubleBuffer flush thread OMDoubleBufferFlushThread is interrupted and will exit. OMDoubleBufferFlushThread
2020-11-27 01:38:04,829 [IPC Server listener on 0] INFO  ipc.Server (Server.java:run(1330)) - Stopping IPC Server listener on 0
2020-11-27 01:38:04,829 [IPC Server Responder] INFO  ipc.Server (Server.java:run(1465)) - Stopping IPC Server Responder
2020-11-27 01:38:04,831 [Listener at 127.0.0.1/40963] INFO  utils.BackgroundService (BackgroundService.java:shutdown(132)) - Shutting down service KeyDeletingService
2020-11-27 01:38:04,832 [Listener at 127.0.0.1/40963] INFO  handler.ContextHandler (ContextHandler.java:doStop(1154)) - Stopped o.e.j.w.WebAppContext@5b7703fc{ozoneManager,/,null,STOPPED}{file:/github/workspace/mnt/ozone/hadoop-ozone/integration-test/target/test-classes/webapps/ozoneManager}
2020-11-27 01:38:04,833 [Listener at 127.0.0.1/40963] INFO  server.AbstractConnector (AbstractConnector.java:doStop(381)) - Stopped ServerConnector@2c814bbe{HTTP/1.1, (http/1.1)}{0.0.0.0:0}
2020-11-27 01:38:04,833 [Listener at 127.0.0.1/40963] INFO  server.session (HouseKeeper.java:stopScavenging(149)) - node0 Stopped scavenging
2020-11-27 01:38:04,833 [Listener at 127.0.0.1/40963] INFO  handler.ContextHandler (ContextHandler.java:doStop(1154)) - Stopped o.e.j.s.ServletContextHandler@332484f9{static,/static,file:///github/workspace/mnt/ozone/hadoop-ozone/integration-test/target/test-classes/webapps/static,STOPPED}
2020-11-27 01:38:04,833 [Listener at 127.0.0.1/40963] INFO  handler.ContextHandler (ContextHandler.java:doStop(1154)) - Stopped o.e.j.s.ServletContextHandler@8b45173{logs,/logs,file:///github/workspace/mnt/ozone/hadoop-ozone/integration-test/target/log,STOPPED}
2020-11-27 01:38:04,835 [Listener at 127.0.0.1/40963] INFO  ozone.MiniOzoneClusterImpl (MiniOzoneClusterImpl.java:stopDatanodes(462)) - Stopping the HddsDatanodes
2020-11-27 01:38:05,006 [Datanode State Machine Thread - 0] INFO  statemachine.DatanodeStateMachine (DatanodeStateMachine.java:lambda$startDaemon$0(406)) - Ozone container server started.
2020-11-27 01:38:05,798 [Datanode State Machine Thread - 0] INFO  statemachine.DatanodeStateMachine (DatanodeStateMachine.java:lambda$startDaemon$0(406)) - Ozone container server started.
2020-11-27 01:38:05,930 [Thread-2835] INFO  impl.FollowerState (FollowerState.java:run(128)) - fadf6fe5-11c1-4da6-9372-0a456385f570@group-076B8DC24DAC-FollowerState: change to CANDIDATE, lastRpcTime:5001ms, electionTimeout:5001ms
2020-11-27 01:38:05,931 [Thread-2835] INFO  impl.RoleInfo (RoleInfo.java:shutdownFollowerState(121)) - fadf6fe5-11c1-4da6-9372-0a456385f570: shutdown fadf6fe5-11c1-4da6-9372-0a456385f570@group-076B8DC24DAC-FollowerState
2020-11-27 01:38:05,931 [Thread-2835] INFO  impl.RaftServerImpl (RaftServerImpl.java:setRole(204)) - fadf6fe5-11c1-4da6-9372-0a456385f570@group-076B8DC24DAC: changes role from  FOLLOWER to CANDIDATE at term 0 for changeToCandidate
2020-11-27 01:38:05,931 [Thread-2835] INFO  impl.RoleInfo (RoleInfo.java:updateAndGet(143)) - fadf6fe5-11c1-4da6-9372-0a456385f570: start fadf6fe5-11c1-4da6-9372-0a456385f570@group-076B8DC24DAC-LeaderElection79
2020-11-27 01:38:05,938 [Thread-2832] INFO  impl.FollowerState (FollowerState.java:run(128)) - 5b456079-358f-469d-9a4b-1e41f0af00c2@group-076B8DC24DAC-FollowerState: change to CANDIDATE, lastRpcTime:5032ms, electionTimeout:5032ms
2020-11-27 01:38:05,938 [Thread-2832] INFO  impl.RoleInfo (RoleInfo.java:shutdownFollowerState(121)) - 5b456079-358f-469d-9a4b-1e41f0af00c2: shutdown 5b456079-358f-469d-9a4b-1e41f0af00c2@group-076B8DC24DAC-FollowerState
2020-11-27 01:38:05,939 [Thread-2832] INFO  impl.RaftServerImpl (RaftServerImpl.java:setRole(204)) - 5b456079-358f-469d-9a4b-1e41f0af00c2@group-076B8DC24DAC: changes role from  FOLLOWER to CANDIDATE at term 0 for changeToCandidate
2020-11-27 01:38:05,939 [Thread-2832] INFO  impl.RoleInfo (RoleInfo.java:updateAndGet(143)) - 5b456079-358f-469d-9a4b-1e41f0af00c2: start 5b456079-358f-469d-9a4b-1e41f0af00c2@group-076B8DC24DAC-LeaderElection80
2020-11-27 01:38:05,940 [fadf6fe5-11c1-4da6-9372-0a456385f570@group-076B8DC24DAC-LeaderElection79] INFO  impl.LeaderElection (LeaderElection.java:askForVotes(215)) - fadf6fe5-11c1-4da6-9372-0a456385f570@group-076B8DC24DAC-LeaderElection79: begin an election at term 1 for -1: [fadf6fe5-11c1-4da6-9372-0a456385f570|rpc:172.17.0.2:44925|dataStream:, 03f5e28f-1ccf-47de-881e-8ae7723c653b|rpc:172.17.0.2:40701|dataStream:, 5b456079-358f-469d-9a4b-1e41f0af00c2|rpc:172.17.0.2:39765|dataStream:], old=null
2020-11-27 01:38:05,947 [grpc-default-executor-1] INFO  impl.RaftServerImpl (RaftServerImpl.java:setRole(204)) - 03f5e28f-1ccf-47de-881e-8ae7723c653b@group-076B8DC24DAC: changes role from  FOLLOWER to FOLLOWER at term 1 for recognizeCandidate:fadf6fe5-11c1-4da6-9372-0a456385f570
2020-11-27 01:38:05,947 [grpc-default-executor-1] INFO  impl.RoleInfo (RoleInfo.java:shutdownFollowerState(121)) - 03f5e28f-1ccf-47de-881e-8ae7723c653b: shutdown 03f5e28f-1ccf-47de-881e-8ae7723c653b@group-076B8DC24DAC-FollowerState
2020-11-27 01:38:05,947 [grpc-default-executor-1] INFO  impl.RoleInfo (RoleInfo.java:updateAndGet(143)) - 03f5e28f-1ccf-47de-881e-8ae7723c653b: start 03f5e28f-1ccf-47de-881e-8ae7723c653b@group-076B8DC24DAC-FollowerState
2020-11-27 01:38:05,947 [Thread-2830] INFO  impl.FollowerState (FollowerState.java:run(137)) - 03f5e28f-1ccf-47de-881e-8ae7723c653b@group-076B8DC24DAC-FollowerState was interrupted: {}
java.lang.InterruptedException: sleep interrupted
	at java.lang.Thread.sleep(Native Method)
	at org.apache.ratis.util.JavaUtils.sleep(JavaUtils.java:250)
	at org.apache.ratis.server.impl.FollowerState.run(FollowerState.java:116)
2020-11-27 01:38:05,947 [5b456079-358f-469d-9a4b-1e41f0af00c2@group-076B8DC24DAC-LeaderElection80] INFO  impl.LeaderElection (LeaderElection.java:askForVotes(215)) - 5b456079-358f-469d-9a4b-1e41f0af00c2@group-076B8DC24DAC-LeaderElection80: begin an election at term 1 for -1: [fadf6fe5-11c1-4da6-9372-0a456385f570|rpc:172.17.0.2:44925|dataStream:, 03f5e28f-1ccf-47de-881e-8ae7723c653b|rpc:172.17.0.2:40701|dataStream:, 5b456079-358f-469d-9a4b-1e41f0af00c2|rpc:172.17.0.2:39765|dataStream:], old=null
2020-11-27 01:38:05,948 [grpc-default-executor-1] INFO  impl.RaftServerImpl (RaftServerImpl.java:requestVote(963)) -  FOLLOWER 03f5e28f-1ccf-47de-881e-8ae7723c653b@group-076B8DC24DAC:t1, leader=null, voted=null, raftlog=03f5e28f-1ccf-47de-881e-8ae7723c653b@group-076B8DC24DAC-SegmentedRaftLog:OPENED:c-1,f-1,i0, conf=-1: [fadf6fe5-11c1-4da6-9372-0a456385f570|rpc:172.17.0.2:44925, 03f5e28f-1ccf-47de-881e-8ae7723c653b|rpc:172.17.0.2:40701, 5b456079-358f-469d-9a4b-1e41f0af00c2|rpc:172.17.0.2:39765], old=null RUNNING priority:0 candidate:fadf6fe5-11c1-4da6-9372-0a456385f570|rpc:172.17.0.2:44925 candidatePriority:0 compare:0
2020-11-27 01:38:05,956 [fadf6fe5-11c1-4da6-9372-0a456385f570@group-076B8DC24DAC-LeaderElection79] INFO  impl.LeaderElection (LeaderElection.java:logAndReturn(65)) - fadf6fe5-11c1-4da6-9372-0a456385f570@group-076B8DC24DAC-LeaderElection79: Election PASSED; received 1 response(s) [fadf6fe5-11c1-4da6-9372-0a456385f570<-03f5e28f-1ccf-47de-881e-8ae7723c653b#0:OK-t1] and 0 exception(s); fadf6fe5-11c1-4da6-9372-0a456385f570@group-076B8DC24DAC:t1, leader=null, voted=fadf6fe5-11c1-4da6-9372-0a456385f570, raftlog=fadf6fe5-11c1-4da6-9372-0a456385f570@group-076B8DC24DAC-SegmentedRaftLog:OPENED:c-1,f-1,i0, conf=-1: [fadf6fe5-11c1-4da6-9372-0a456385f570|rpc:172.17.0.2:44925|dataStream:, 03f5e28f-1ccf-47de-881e-8ae7723c653b|rpc:172.17.0.2:40701|dataStream:, 5b456079-358f-469d-9a4b-1e41f0af00c2|rpc:172.17.0.2:39765|dataStream:], old=null
2020-11-27 01:38:05,956 [fadf6fe5-11c1-4da6-9372-0a456385f570@group-076B8DC24DAC-LeaderElection79] INFO  impl.RoleInfo (RoleInfo.java:shutdownLeaderElection(134)) - fadf6fe5-11c1-4da6-9372-0a456385f570: shutdown fadf6fe5-11c1-4da6-9372-0a456385f570@group-076B8DC24DAC-LeaderElection79
2020-11-27 01:38:05,957 [fadf6fe5-11c1-4da6-9372-0a456385f570@group-076B8DC24DAC-LeaderElection79] INFO  impl.RaftServerImpl (RaftServerImpl.java:setRole(204)) - fadf6fe5-11c1-4da6-9372-0a456385f570@group-076B8DC24DAC: changes role from CANDIDATE to LEADER at term 1 for changeToLeader
2020-11-27 01:38:05,957 [fadf6fe5-11c1-4da6-9372-0a456385f570@group-076B8DC24DAC-LeaderElection79] INFO  ratis.XceiverServerRatis (XceiverServerRatis.java:handleLeaderChangedNotification(854)) - Leader change notification received for group: group-076B8DC24DAC with new leaderId: fadf6fe5-11c1-4da6-9372-0a456385f570
2020-11-27 01:38:05,957 [fadf6fe5-11c1-4da6-9372-0a456385f570@group-076B8DC24DAC-LeaderElection79] INFO  impl.RaftServerImpl (ServerState.java:setLeader(256)) - fadf6fe5-11c1-4da6-9372-0a456385f570@group-076B8DC24DAC: change Leader from null to fadf6fe5-11c1-4da6-9372-0a456385f570 at term 1 for becomeLeader, leader elected after 5035ms
2020-11-27 01:38:05,957 [fadf6fe5-11c1-4da6-9372-0a456385f570@group-076B8DC24DAC-LeaderElection79] INFO  server.RaftServerConfigKeys (ConfUtils.java:logGet(44)) - raft.server.staging.catchup.gap = 1000 (default)
2020-11-27 01:38:05,957 [fadf6fe5-11c1-4da6-9372-0a456385f570@group-076B8DC24DAC-LeaderElection79] INFO  server.RaftServerConfigKeys (ConfUtils.java:logGet(44)) - raft.server.rpc.sleep.time = 25ms (default)
2020-11-27 01:38:05,957 [fadf6fe5-11c1-4da6-9372-0a456385f570@group-076B8DC24DAC-LeaderElection79] INFO  metrics.RatisMetrics (RatisMetrics.java:lambda$create$0(36)) - Creating Metrics Registry : ratis.log_appender.fadf6fe5-11c1-4da6-9372-0a456385f570@group-076B8DC24DAC
2020-11-27 01:38:05,959 [fadf6fe5-11c1-4da6-9372-0a456385f570@group-076B8DC24DAC-LeaderElection79] INFO  server.RaftServerConfigKeys (ConfUtils.java:logGet(44)) - raft.server.write.element-limit = 1024 (custom)
2020-11-27 01:38:05,959 [fadf6fe5-11c1-4da6-9372-0a456385f570@group-076B8DC24DAC-LeaderElection79] INFO  server.RaftServerConfigKeys (ConfUtils.java:logGet(44)) - raft.server.write.byte-limit = 1073741824 (custom)
2020-11-27 01:38:05,959 [fadf6fe5-11c1-4da6-9372-0a456385f570@group-076B8DC24DAC-LeaderElection79] INFO  server.RaftServerConfigKeys (ConfUtils.java:logGet(44)) - raft.server.watch.timeout = 3000ms (custom)
2020-11-27 01:38:05,959 [fadf6fe5-11c1-4da6-9372-0a456385f570@group-076B8DC24DAC-LeaderElection79] INFO  server.RaftServerConfigKeys (ConfUtils.java:logGet(44)) - raft.server.watch.timeout.denomination = 1s (default)
2020-11-27 01:38:05,959 [fadf6fe5-11c1-4da6-9372-0a456385f570@group-076B8DC24DAC-LeaderElection79] INFO  server.RaftServerConfigKeys (ConfUtils.java:logGet(44)) - raft.server.watch.element-limit = 65536 (default)
2020-11-27 01:38:05,960 [fadf6fe5-11c1-4da6-9372-0a456385f570@group-076B8DC24DAC-LeaderElection79] INFO  server.RaftServerConfigKeys (ConfUtils.java:logGet(44)) - raft.server.log.appender.snapshot.chunk.size.max = 16MB (=16777216) (default)
2020-11-27 01:38:05,960 [fadf6fe5-11c1-4da6-9372-0a456385f570@group-076B8DC24DAC-LeaderElection79] INFO  server.RaftServerConfigKeys (ConfUtils.java:logGet(44)) - raft.server.log.appender.buffer.byte-limit = 33554432 (custom)
2020-11-27 01:38:05,960 [fadf6fe5-11c1-4da6-9372-0a456385f570@group-076B8DC24DAC-LeaderElection79] INFO  server.RaftServerConfigKeys (ConfUtils.java:logGet(44)) - raft.server.log.appender.buffer.element-limit = 1 (custom)
2020-11-27 01:38:05,960 [fadf6fe5-11c1-4da6-9372-0a456385f570@group-076B8DC24DAC-LeaderElection79] INFO  grpc.GrpcConfigKeys (ConfUtils.java:logGet(44)) - raft.grpc.server.leader.outstanding.appends.max = 128 (default)
2020-11-27 01:38:05,960 [fadf6fe5-11c1-4da6-9372-0a456385f570@group-076B8DC24DAC-LeaderElection79] INFO  server.RaftServerConfigKeys (ConfUtils.java:logGet(44)) - raft.server.rpc.request.timeout = 3000ms (default)
2020-11-27 01:38:05,960 [fadf6fe5-11c1-4da6-9372-0a456385f570@group-076B8DC24DAC-LeaderElection79] INFO  server.RaftServerConfigKeys (ConfUtils.java:logGet(44)) - raft.server.log.appender.install.snapshot.enabled = false (custom)
2020-11-27 01:38:05,960 [fadf6fe5-11c1-4da6-9372-0a456385f570@group-076B8DC24DAC-LeaderElection79] INFO  metrics.RatisMetrics (RatisMetrics.java:lambda$create$0(36)) - Creating Metrics Registry : ratis_grpc.log_appender.fadf6fe5-11c1-4da6-9372-0a456385f570@group-076B8DC24DAC
2020-11-27 01:38:05,963 [fadf6fe5-11c1-4da6-9372-0a456385f570@group-076B8DC24DAC-LeaderElection79] INFO  server.RaftServerConfigKeys (ConfUtils.java:logGet(44)) - raft.server.log.appender.snapshot.chunk.size.max = 16MB (=16777216) (default)
2020-11-27 01:38:05,963 [fadf6fe5-11c1-4da6-9372-0a456385f570@group-076B8DC24DAC-LeaderElection79] INFO  server.RaftServerConfigKeys (ConfUtils.java:logGet(44)) - raft.server.log.appender.buffer.byte-limit = 33554432 (custom)
2020-11-27 01:38:05,963 [fadf6fe5-11c1-4da6-9372-0a456385f570@group-076B8DC24DAC-LeaderElection79] INFO  server.RaftServerConfigKeys (ConfUtils.java:logGet(44)) - raft.server.log.appender.buffer.element-limit = 1 (custom)
2020-11-27 01:38:05,963 [fadf6fe5-11c1-4da6-9372-0a456385f570@group-076B8DC24DAC-LeaderElection79] INFO  grpc.GrpcConfigKeys (ConfUtils.java:logGet(44)) - raft.grpc.server.leader.outstanding.appends.max = 128 (default)
2020-11-27 01:38:05,963 [fadf6fe5-11c1-4da6-9372-0a456385f570@group-076B8DC24DAC-LeaderElection79] INFO  server.RaftServerConfigKeys (ConfUtils.java:logGet(44)) - raft.server.rpc.request.timeout = 3000ms (default)
2020-11-27 01:38:05,964 [fadf6fe5-11c1-4da6-9372-0a456385f570@group-076B8DC24DAC-LeaderElection79] INFO  server.RaftServerConfigKeys (ConfUtils.java:logGet(44)) - raft.server.log.appender.install.snapshot.enabled = false (custom)
2020-11-27 01:38:05,965 [fadf6fe5-11c1-4da6-9372-0a456385f570@group-076B8DC24DAC-LeaderElection79] INFO  impl.RoleInfo (RoleInfo.java:updateAndGet(143)) - fadf6fe5-11c1-4da6-9372-0a456385f570: start fadf6fe5-11c1-4da6-9372-0a456385f570@group-076B8DC24DAC-LeaderState
2020-11-27 01:38:05,966 [fadf6fe5-11c1-4da6-9372-0a456385f570@group-076B8DC24DAC-LeaderElection79] INFO  segmented.SegmentedRaftLogWorker (SegmentedRaftLogWorker.java:startLogSegment(398)) - fadf6fe5-11c1-4da6-9372-0a456385f570@group-076B8DC24DAC-SegmentedRaftLogWorker: Starting segment from index:0
2020-11-27 01:38:05,967 [fadf6fe5-11c1-4da6-9372-0a456385f570@group-076B8DC24DAC-SegmentedRaftLogWorker] INFO  segmented.SegmentedRaftLogWorker (SegmentedRaftLogWorker.java:execute(597)) - fadf6fe5-11c1-4da6-9372-0a456385f570@group-076B8DC24DAC-SegmentedRaftLogWorker: created new log segment /github/workspace/mnt/ozone/hadoop-ozone/integration-test/target/test-dir/MiniOzoneClusterImpl-7befb19c-4ec9-4b73-94e9-5feb4aa859dd/datanode-2/data/ratis/30d8af58-a360-44d1-be5e-076b8dc24dac/current/log_inprogress_0
2020-11-27 01:38:05,982 [fadf6fe5-11c1-4da6-9372-0a456385f570@group-076B8DC24DAC-LeaderElection79] INFO  impl.RaftServerImpl (ServerState.java:setRaftConf(374)) - fadf6fe5-11c1-4da6-9372-0a456385f570@group-076B8DC24DAC: set configuration 0: [fadf6fe5-11c1-4da6-9372-0a456385f570|rpc:172.17.0.2:44925|dataStream:, 03f5e28f-1ccf-47de-881e-8ae7723c653b|rpc:172.17.0.2:40701|dataStream:, 5b456079-358f-469d-9a4b-1e41f0af00c2|rpc:172.17.0.2:39765|dataStream:], old=null at 0
2020-11-27 01:38:05,999 [grpc-default-executor-6] INFO  impl.RaftServerImpl (RaftServerImpl.java:requestVote(953)) - fadf6fe5-11c1-4da6-9372-0a456385f570@group-076B8DC24DAC-   LEADER: Withhold vote from candidate 5b456079-358f-469d-9a4b-1e41f0af00c2 with term 1. State: leader=fadf6fe5-11c1-4da6-9372-0a456385f570, term=1, lastRpcElapsed=null
2020-11-27 01:38:06,002 [grpc-default-executor-6] INFO  ratis.XceiverServerRatis (XceiverServerRatis.java:handleLeaderChangedNotification(854)) - Leader change notification received for group: group-076B8DC24DAC with new leaderId: fadf6fe5-11c1-4da6-9372-0a456385f570
2020-11-27 01:38:06,002 [grpc-default-executor-6] INFO  impl.RaftServerImpl (ServerState.java:setLeader(256)) - 03f5e28f-1ccf-47de-881e-8ae7723c653b@group-076B8DC24DAC: change Leader from null to fadf6fe5-11c1-4da6-9372-0a456385f570 at term 1 for appendEntries, leader elected after 5130ms
2020-11-27 01:38:06,002 [5b456079-358f-469d-9a4b-1e41f0af00c2@group-076B8DC24DAC-LeaderElection80] INFO  impl.LeaderElection (LeaderElection.java:logAndReturn(65)) - 5b456079-358f-469d-9a4b-1e41f0af00c2@group-076B8DC24DAC-LeaderElection80: Election REJECTED; received 2 response(s) [5b456079-358f-469d-9a4b-1e41f0af00c2<-fadf6fe5-11c1-4da6-9372-0a456385f570#0:FAIL-t1, 5b456079-358f-469d-9a4b-1e41f0af00c2<-03f5e28f-1ccf-47de-881e-8ae7723c653b#0:FAIL-t1] and 0 exception(s); 5b456079-358f-469d-9a4b-1e41f0af00c2@group-076B8DC24DAC:t1, leader=null, voted=5b456079-358f-469d-9a4b-1e41f0af00c2, raftlog=5b456079-358f-469d-9a4b-1e41f0af00c2@group-076B8DC24DAC-SegmentedRaftLog:OPENED:c-1,f-1,i0, conf=-1: [fadf6fe5-11c1-4da6-9372-0a456385f570|rpc:172.17.0.2:44925|dataStream:, 03f5e28f-1ccf-47de-881e-8ae7723c653b|rpc:172.17.0.2:40701|dataStream:, 5b456079-358f-469d-9a4b-1e41f0af00c2|rpc:172.17.0.2:39765|dataStream:], old=null
2020-11-27 01:38:06,003 [5b456079-358f-469d-9a4b-1e41f0af00c2@group-076B8DC24DAC-LeaderElection80] INFO  impl.RaftServerImpl (RaftServerImpl.java:setRole(204)) - 5b456079-358f-469d-9a4b-1e41f0af00c2@group-076B8DC24DAC: changes role from CANDIDATE to FOLLOWER at term 1 for DISCOVERED_A_NEW_TERM
2020-11-27 01:38:06,003 [5b456079-358f-469d-9a4b-1e41f0af00c2@group-076B8DC24DAC-LeaderElection80] INFO  impl.RoleInfo (RoleInfo.java:shutdownLeaderElection(134)) - 5b456079-358f-469d-9a4b-1e41f0af00c2: shutdown 5b456079-358f-469d-9a4b-1e41f0af00c2@group-076B8DC24DAC-LeaderElection80
2020-11-27 01:38:06,003 [5b456079-358f-469d-9a4b-1e41f0af00c2@group-076B8DC24DAC-LeaderElection80] INFO  impl.RoleInfo (RoleInfo.java:updateAndGet(143)) - 5b456079-358f-469d-9a4b-1e41f0af00c2: start 5b456079-358f-469d-9a4b-1e41f0af00c2@group-076B8DC24DAC-FollowerState
2020-11-27 01:38:06,006 [grpc-default-executor-6] INFO  impl.RaftServerImpl (ServerState.java:setRaftConf(374)) - 03f5e28f-1ccf-47de-881e-8ae7723c653b@group-076B8DC24DAC: set configuration 0: [fadf6fe5-11c1-4da6-9372-0a456385f570|rpc:172.17.0.2:44925|dataStream:, 03f5e28f-1ccf-47de-881e-8ae7723c653b|rpc:172.17.0.2:40701|dataStream:, 5b456079-358f-469d-9a4b-1e41f0af00c2|rpc:172.17.0.2:39765|dataStream:], old=null at 0
2020-11-27 01:38:06,006 [grpc-default-executor-3] INFO  ratis.XceiverServerRatis (XceiverServerRatis.java:handleLeaderChangedNotification(854)) - Leader change notification received for group: group-076B8DC24DAC with new leaderId: fadf6fe5-11c1-4da6-9372-0a456385f570
2020-11-27 01:38:06,006 [grpc-default-executor-3] INFO  impl.RaftServerImpl (ServerState.java:setLeader(256)) - 5b456079-358f-469d-9a4b-1e41f0af00c2@group-076B8DC24DAC: change Leader from null to fadf6fe5-11c1-4da6-9372-0a456385f570 at term 1 for appendEntries, leader elected after 5110ms
2020-11-27 01:38:06,010 [grpc-default-executor-6] INFO  segmented.SegmentedRaftLogWorker (SegmentedRaftLogWorker.java:startLogSegment(398)) - 03f5e28f-1ccf-47de-881e-8ae7723c653b@group-076B8DC24DAC-SegmentedRaftLogWorker: Starting segment from index:0
2020-11-27 01:38:06,012 [grpc-default-executor-3] INFO  impl.RaftServerImpl (ServerState.java:setRaftConf(374)) - 5b456079-358f-469d-9a4b-1e41f0af00c2@group-076B8DC24DAC: set configuration 0: [fadf6fe5-11c1-4da6-9372-0a456385f570|rpc:172.17.0.2:44925|dataStream:, 03f5e28f-1ccf-47de-881e-8ae7723c653b|rpc:172.17.0.2:40701|dataStream:, 5b456079-358f-469d-9a4b-1e41f0af00c2|rpc:172.17.0.2:39765|dataStream:], old=null at 0
2020-11-27 01:38:06,017 [grpc-default-executor-3] INFO  segmented.SegmentedRaftLogWorker (SegmentedRaftLogWorker.java:startLogSegment(398)) - 5b456079-358f-469d-9a4b-1e41f0af00c2@group-076B8DC24DAC-SegmentedRaftLogWorker: Starting segment from index:0
2020-11-27 01:38:06,018 [03f5e28f-1ccf-47de-881e-8ae7723c653b@group-076B8DC24DAC-SegmentedRaftLogWorker] INFO  segmented.SegmentedRaftLogWorker (SegmentedRaftLogWorker.java:execute(597)) - 03f5e28f-1ccf-47de-881e-8ae7723c653b@group-076B8DC24DAC-SegmentedRaftLogWorker: created new log segment /github/workspace/mnt/ozone/hadoop-ozone/integration-test/target/test-dir/MiniOzoneClusterImpl-7befb19c-4ec9-4b73-94e9-5feb4aa859dd/datanode-0/data/ratis/30d8af58-a360-44d1-be5e-076b8dc24dac/current/log_inprogress_0
2020-11-27 01:38:06,019 [5b456079-358f-469d-9a4b-1e41f0af00c2@group-076B8DC24DAC-SegmentedRaftLogWorker] INFO  segmented.SegmentedRaftLogWorker (SegmentedRaftLogWorker.java:execute(597)) - 5b456079-358f-469d-9a4b-1e41f0af00c2@group-076B8DC24DAC-SegmentedRaftLogWorker: created new log segment /github/workspace/mnt/ozone/hadoop-ozone/integration-test/target/test-dir/MiniOzoneClusterImpl-7befb19c-4ec9-4b73-94e9-5feb4aa859dd/datanode-6/data/ratis/30d8af58-a360-44d1-be5e-076b8dc24dac/current/log_inprogress_0
2020-11-27 01:38:06,065 [Thread-2843] INFO  impl.FollowerState (FollowerState.java:run(128)) - fadf6fe5-11c1-4da6-9372-0a456385f570@group-CB66F6DB5A4A-FollowerState: change to CANDIDATE, lastRpcTime:5046ms, electionTimeout:5044ms
2020-11-27 01:38:06,066 [Thread-2843] INFO  impl.RoleInfo (RoleInfo.java:shutdownFollowerState(121)) - fadf6fe5-11c1-4da6-9372-0a456385f570: shutdown fadf6fe5-11c1-4da6-9372-0a456385f570@group-CB66F6DB5A4A-FollowerState
2020-11-27 01:38:06,066 [Thread-2843] INFO  impl.RaftServerImpl (RaftServerImpl.java:setRole(204)) - fadf6fe5-11c1-4da6-9372-0a456385f570@group-CB66F6DB5A4A: changes role from  FOLLOWER to CANDIDATE at term 0 for changeToCandidate
2020-11-27 01:38:06,066 [Thread-2843] INFO  impl.RoleInfo (RoleInfo.java:updateAndGet(143)) - fadf6fe5-11c1-4da6-9372-0a456385f570: start fadf6fe5-11c1-4da6-9372-0a456385f570@group-CB66F6DB5A4A-LeaderElection81
2020-11-27 01:38:06,069 [fadf6fe5-11c1-4da6-9372-0a456385f570@group-CB66F6DB5A4A-LeaderElection81] INFO  impl.LeaderElection (LeaderElection.java:askForVotes(215)) - fadf6fe5-11c1-4da6-9372-0a456385f570@group-CB66F6DB5A4A-LeaderElection81: begin an election at term 1 for -1: [fadf6fe5-11c1-4da6-9372-0a456385f570|rpc:172.17.0.2:44925|dataStream:, 03f5e28f-1ccf-47de-881e-8ae7723c653b|rpc:172.17.0.2:40701|dataStream:, 5b456079-358f-469d-9a4b-1e41f0af00c2|rpc:172.17.0.2:39765|dataStream:], old=null
2020-11-27 01:38:06,070 [grpc-default-executor-8] INFO  impl.RaftServerImpl (RaftServerImpl.java:setRole(204)) - 03f5e28f-1ccf-47de-881e-8ae7723c653b@group-CB66F6DB5A4A: changes role from  FOLLOWER to FOLLOWER at term 1 for recognizeCandidate:fadf6fe5-11c1-4da6-9372-0a456385f570
2020-11-27 01:38:06,071 [grpc-default-executor-8] INFO  impl.RoleInfo (RoleInfo.java:shutdownFollowerState(121)) - 03f5e28f-1ccf-47de-881e-8ae7723c653b: shutdown 03f5e28f-1ccf-47de-881e-8ae7723c653b@group-CB66F6DB5A4A-FollowerState
2020-11-27 01:38:06,071 [grpc-default-executor-8] INFO  impl.RoleInfo (RoleInfo.java:updateAndGet(143)) - 03f5e28f-1ccf-47de-881e-8ae7723c653b: start 03f5e28f-1ccf-47de-881e-8ae7723c653b@group-CB66F6DB5A4A-FollowerState
2020-11-27 01:38:06,071 [Thread-2838] INFO  impl.FollowerState (FollowerState.java:run(137)) - 03f5e28f-1ccf-47de-881e-8ae7723c653b@group-CB66F6DB5A4A-FollowerState was interrupted: {}
java.lang.InterruptedException: sleep interrupted
	at java.lang.Thread.sleep(Native Method)
	at org.apache.ratis.util.JavaUtils.sleep(JavaUtils.java:250)
	at org.apache.ratis.server.impl.FollowerState.run(FollowerState.java:116)
2020-11-27 01:38:06,071 [grpc-default-executor-8] INFO  impl.RaftServerImpl (RaftServerImpl.java:requestVote(963)) -  FOLLOWER 03f5e28f-1ccf-47de-881e-8ae7723c653b@group-CB66F6DB5A4A:t1, leader=null, voted=null, raftlog=03f5e28f-1ccf-47de-881e-8ae7723c653b@group-CB66F6DB5A4A-SegmentedRaftLog:OPENED:c-1,f-1,i0, conf=-1: [fadf6fe5-11c1-4da6-9372-0a456385f570|rpc:172.17.0.2:44925, 03f5e28f-1ccf-47de-881e-8ae7723c653b|rpc:172.17.0.2:40701, 5b456079-358f-469d-9a4b-1e41f0af00c2|rpc:172.17.0.2:39765], old=null RUNNING priority:0 candidate:fadf6fe5-11c1-4da6-9372-0a456385f570|rpc:172.17.0.2:44925 candidatePriority:0 compare:0
2020-11-27 01:38:06,080 [fadf6fe5-11c1-4da6-9372-0a456385f570@group-CB66F6DB5A4A-LeaderElection81] INFO  impl.LeaderElection (LeaderElection.java:logAndReturn(65)) - fadf6fe5-11c1-4da6-9372-0a456385f570@group-CB66F6DB5A4A-LeaderElection81: Election PASSED; received 1 response(s) [fadf6fe5-11c1-4da6-9372-0a456385f570<-03f5e28f-1ccf-47de-881e-8ae7723c653b#0:OK-t1] and 0 exception(s); fadf6fe5-11c1-4da6-9372-0a456385f570@group-CB66F6DB5A4A:t1, leader=null, voted=fadf6fe5-11c1-4da6-9372-0a456385f570, raftlog=fadf6fe5-11c1-4da6-9372-0a456385f570@group-CB66F6DB5A4A-SegmentedRaftLog:OPENED:c-1,f-1,i0, conf=-1: [fadf6fe5-11c1-4da6-9372-0a456385f570|rpc:172.17.0.2:44925|dataStream:, 03f5e28f-1ccf-47de-881e-8ae7723c653b|rpc:172.17.0.2:40701|dataStream:, 5b456079-358f-469d-9a4b-1e41f0af00c2|rpc:172.17.0.2:39765|dataStream:], old=null
2020-11-27 01:38:06,080 [fadf6fe5-11c1-4da6-9372-0a456385f570@group-CB66F6DB5A4A-LeaderElection81] INFO  impl.RoleInfo (RoleInfo.java:shutdownLeaderElection(134)) - fadf6fe5-11c1-4da6-9372-0a456385f570: shutdown fadf6fe5-11c1-4da6-9372-0a456385f570@group-CB66F6DB5A4A-LeaderElection81
2020-11-27 01:38:06,080 [fadf6fe5-11c1-4da6-9372-0a456385f570@group-CB66F6DB5A4A-LeaderElection81] INFO  impl.RaftServerImpl (RaftServerImpl.java:setRole(204)) - fadf6fe5-11c1-4da6-9372-0a456385f570@group-CB66F6DB5A4A: changes role from CANDIDATE to LEADER at term 1 for changeToLeader
2020-11-27 01:38:06,080 [fadf6fe5-11c1-4da6-9372-0a456385f570@group-CB66F6DB5A4A-LeaderElection81] INFO  ratis.XceiverServerRatis (XceiverServerRatis.java:handleLeaderChangedNotification(854)) - Leader change notification received for group: group-CB66F6DB5A4A with new leaderId: fadf6fe5-11c1-4da6-9372-0a456385f570
2020-11-27 01:38:06,080 [fadf6fe5-11c1-4da6-9372-0a456385f570@group-CB66F6DB5A4A-LeaderElection81] INFO  impl.RaftServerImpl (ServerState.java:setLeader(256)) - fadf6fe5-11c1-4da6-9372-0a456385f570@group-CB66F6DB5A4A: change Leader from null to fadf6fe5-11c1-4da6-9372-0a456385f570 at term 1 for becomeLeader, leader elected after 5072ms
2020-11-27 01:38:06,080 [fadf6fe5-11c1-4da6-9372-0a456385f570@group-CB66F6DB5A4A-LeaderElection81] INFO  server.RaftServerConfigKeys (ConfUtils.java:logGet(44)) - raft.server.staging.catchup.gap = 1000 (default)
2020-11-27 01:38:06,080 [fadf6fe5-11c1-4da6-9372-0a456385f570@group-CB66F6DB5A4A-LeaderElection81] INFO  server.RaftServerConfigKeys (ConfUtils.java:logGet(44)) - raft.server.rpc.sleep.time = 25ms (default)
2020-11-27 01:38:06,080 [fadf6fe5-11c1-4da6-9372-0a456385f570@group-CB66F6DB5A4A-LeaderElection81] INFO  metrics.RatisMetrics (RatisMetrics.java:lambda$create$0(36)) - Creating Metrics Registry : ratis.log_appender.fadf6fe5-11c1-4da6-9372-0a456385f570@group-CB66F6DB5A4A
2020-11-27 01:38:06,081 [fadf6fe5-11c1-4da6-9372-0a456385f570@group-CB66F6DB5A4A-LeaderElection81] INFO  server.RaftServerConfigKeys (ConfUtils.java:logGet(44)) - raft.server.write.element-limit = 1024 (custom)
2020-11-27 01:38:06,081 [fadf6fe5-11c1-4da6-9372-0a456385f570@group-CB66F6DB5A4A-LeaderElection81] INFO  server.RaftServerConfigKeys (ConfUtils.java:logGet(44)) - raft.server.write.byte-limit = 1073741824 (custom)
2020-11-27 01:38:06,081 [grpc-default-executor-8] INFO  impl.RaftServerImpl (RaftServerImpl.java:setRole(204)) - 5b456079-358f-469d-9a4b-1e41f0af00c2@group-CB66F6DB5A4A: changes role from  FOLLOWER to FOLLOWER at term 1 for recognizeCandidate:fadf6fe5-11c1-4da6-9372-0a456385f570
2020-11-27 01:38:06,081 [grpc-default-executor-8] INFO  impl.RoleInfo (RoleInfo.java:shutdownFollowerState(121)) - 5b456079-358f-469d-9a4b-1e41f0af00c2: shutdown 5b456079-358f-469d-9a4b-1e41f0af00c2@group-CB66F6DB5A4A-FollowerState
2020-11-27 01:38:06,081 [grpc-default-executor-8] INFO  impl.RoleInfo (RoleInfo.java:updateAndGet(143)) - 5b456079-358f-469d-9a4b-1e41f0af00c2: start 5b456079-358f-469d-9a4b-1e41f0af00c2@group-CB66F6DB5A4A-FollowerState
2020-11-27 01:38:06,081 [Thread-2840] INFO  impl.FollowerState (FollowerState.java:run(137)) - 5b456079-358f-469d-9a4b-1e41f0af00c2@group-CB66F6DB5A4A-FollowerState was interrupted: {}
java.lang.InterruptedException: sleep interrupted
	at java.lang.Thread.sleep(Native Method)
	at org.apache.ratis.util.JavaUtils.sleep(JavaUtils.java:250)
	at org.apache.ratis.server.impl.FollowerState.run(FollowerState.java:116)
2020-11-27 01:38:06,081 [fadf6fe5-11c1-4da6-9372-0a456385f570@group-CB66F6DB5A4A-LeaderElection81] INFO  server.RaftServerConfigKeys (ConfUtils.java:logGet(44)) - raft.server.watch.timeout = 3000ms (custom)
2020-11-27 01:38:06,081 [fadf6fe5-11c1-4da6-9372-0a456385f570@group-CB66F6DB5A4A-LeaderElection81] INFO  server.RaftServerConfigKeys (ConfUtils.java:logGet(44)) - raft.server.watch.timeout.denomination = 1s (default)
2020-11-27 01:38:06,081 [fadf6fe5-11c1-4da6-9372-0a456385f570@group-CB66F6DB5A4A-LeaderElection81] INFO  server.RaftServerConfigKeys (ConfUtils.java:logGet(44)) - raft.server.watch.element-limit = 65536 (default)
2020-11-27 01:38:06,081 [fadf6fe5-11c1-4da6-9372-0a456385f570@group-CB66F6DB5A4A-LeaderElection81] INFO  server.RaftServerConfigKeys (ConfUtils.java:logGet(44)) - raft.server.log.appender.snapshot.chunk.size.max = 16MB (=16777216) (default)
2020-11-27 01:38:06,082 [fadf6fe5-11c1-4da6-9372-0a456385f570@group-CB66F6DB5A4A-LeaderElection81] INFO  server.RaftServerConfigKeys (ConfUtils.java:logGet(44)) - raft.server.log.appender.buffer.byte-limit = 33554432 (custom)
2020-11-27 01:38:06,082 [fadf6fe5-11c1-4da6-9372-0a456385f570@group-CB66F6DB5A4A-LeaderElection81] INFO  server.RaftServerConfigKeys (ConfUtils.java:logGet(44)) - raft.server.log.appender.buffer.element-limit = 1 (custom)
2020-11-27 01:38:06,085 [fadf6fe5-11c1-4da6-9372-0a456385f570@group-CB66F6DB5A4A-LeaderElection81] INFO  grpc.GrpcConfigKeys (ConfUtils.java:logGet(44)) - raft.grpc.server.leader.outstanding.appends.max = 128 (default)
2020-11-27 01:38:06,085 [fadf6fe5-11c1-4da6-9372-0a456385f570@group-CB66F6DB5A4A-LeaderElection81] INFO  server.RaftServerConfigKeys (ConfUtils.java:logGet(44)) - raft.server.rpc.request.timeout = 3000ms (default)
2020-11-27 01:38:06,085 [fadf6fe5-11c1-4da6-9372-0a456385f570@group-CB66F6DB5A4A-LeaderElection81] INFO  server.RaftServerConfigKeys (ConfUtils.java:logGet(44)) - raft.server.log.appender.install.snapshot.enabled = false (custom)
2020-11-27 01:38:06,085 [fadf6fe5-11c1-4da6-9372-0a456385f570@group-CB66F6DB5A4A-LeaderElection81] INFO  metrics.RatisMetrics (RatisMetrics.java:lambda$create$0(36)) - Creating Metrics Registry : ratis_grpc.log_appender.fadf6fe5-11c1-4da6-9372-0a456385f570@group-CB66F6DB5A4A
2020-11-27 01:38:06,085 [grpc-default-executor-8] INFO  impl.RaftServerImpl (RaftServerImpl.java:requestVote(963)) -  FOLLOWER 5b456079-358f-469d-9a4b-1e41f0af00c2@group-CB66F6DB5A4A:t1, leader=null, voted=null, raftlog=5b456079-358f-469d-9a4b-1e41f0af00c2@group-CB66F6DB5A4A-SegmentedRaftLog:OPENED:c-1,f-1,i0, conf=-1: [fadf6fe5-11c1-4da6-9372-0a456385f570|rpc:172.17.0.2:44925|dataStream:, 03f5e28f-1ccf-47de-881e-8ae7723c653b|rpc:172.17.0.2:40701|dataStream:, 5b456079-358f-469d-9a4b-1e41f0af00c2|rpc:172.17.0.2:39765|dataStream:], old=null RUNNING priority:0 candidate:fadf6fe5-11c1-4da6-9372-0a456385f570|rpc:172.17.0.2:44925|dataStream: candidatePriority:0 compare:0
2020-11-27 01:38:06,087 [fadf6fe5-11c1-4da6-9372-0a456385f570@group-CB66F6DB5A4A-LeaderElection81] INFO  server.RaftServerConfigKeys (ConfUtils.java:logGet(44)) - raft.server.log.appender.snapshot.chunk.size.max = 16MB (=16777216) (default)
2020-11-27 01:38:06,087 [fadf6fe5-11c1-4da6-9372-0a456385f570@group-CB66F6DB5A4A-LeaderElection81] INFO  server.RaftServerConfigKeys (ConfUtils.java:logGet(44)) - raft.server.log.appender.buffer.byte-limit = 33554432 (custom)
2020-11-27 01:38:06,087 [fadf6fe5-11c1-4da6-9372-0a456385f570@group-CB66F6DB5A4A-LeaderElection81] INFO  server.RaftServerConfigKeys (ConfUtils.java:logGet(44)) - raft.server.log.appender.buffer.element-limit = 1 (custom)
2020-11-27 01:38:06,087 [fadf6fe5-11c1-4da6-9372-0a456385f570@group-CB66F6DB5A4A-LeaderElection81] INFO  grpc.GrpcConfigKeys (ConfUtils.java:logGet(44)) - raft.grpc.server.leader.outstanding.appends.max = 128 (default)
2020-11-27 01:38:06,088 [fadf6fe5-11c1-4da6-9372-0a456385f570@group-CB66F6DB5A4A-LeaderElection81] INFO  server.RaftServerConfigKeys (ConfUtils.java:logGet(44)) - raft.server.rpc.request.timeout = 3000ms (default)
2020-11-27 01:38:06,088 [fadf6fe5-11c1-4da6-9372-0a456385f570@group-CB66F6DB5A4A-LeaderElection81] INFO  server.RaftServerConfigKeys (ConfUtils.java:logGet(44)) - raft.server.log.appender.install.snapshot.enabled = false (custom)
2020-11-27 01:38:06,089 [fadf6fe5-11c1-4da6-9372-0a456385f570@group-CB66F6DB5A4A-LeaderElection81] INFO  impl.RoleInfo (RoleInfo.java:updateAndGet(143)) - fadf6fe5-11c1-4da6-9372-0a456385f570: start fadf6fe5-11c1-4da6-9372-0a456385f570@group-CB66F6DB5A4A-LeaderState
2020-11-27 01:38:06,090 [fadf6fe5-11c1-4da6-9372-0a456385f570@group-CB66F6DB5A4A-LeaderElection81] INFO  segmented.SegmentedRaftLogWorker (SegmentedRaftLogWorker.java:startLogSegment(398)) - fadf6fe5-11c1-4da6-9372-0a456385f570@group-CB66F6DB5A4A-SegmentedRaftLogWorker: Starting segment from index:0
2020-11-27 01:38:06,091 [fadf6fe5-11c1-4da6-9372-0a456385f570@group-CB66F6DB5A4A-LeaderElection81] INFO  impl.RaftServerImpl (ServerState.java:setRaftConf(374)) - fadf6fe5-11c1-4da6-9372-0a456385f570@group-CB66F6DB5A4A: set configuration 0: [fadf6fe5-11c1-4da6-9372-0a456385f570|rpc:172.17.0.2:44925|dataStream:, 03f5e28f-1ccf-47de-881e-8ae7723c653b|rpc:172.17.0.2:40701|dataStream:, 5b456079-358f-469d-9a4b-1e41f0af00c2|rpc:172.17.0.2:39765|dataStream:], old=null at 0
2020-11-27 01:38:06,092 [fadf6fe5-11c1-4da6-9372-0a456385f570@group-CB66F6DB5A4A-SegmentedRaftLogWorker] INFO  segmented.SegmentedRaftLogWorker (SegmentedRaftLogWorker.java:execute(597)) - fadf6fe5-11c1-4da6-9372-0a456385f570@group-CB66F6DB5A4A-SegmentedRaftLogWorker: created new log segment /github/workspace/mnt/ozone/hadoop-ozone/integration-test/target/test-dir/MiniOzoneClusterImpl-7befb19c-4ec9-4b73-94e9-5feb4aa859dd/datanode-2/data/ratis/3c6fe38f-4820-47fc-90c2-cb66f6db5a4a/current/log_inprogress_0
2020-11-27 01:38:06,098 [grpc-default-executor-8] INFO  ratis.XceiverServerRatis (XceiverServerRatis.java:handleLeaderChangedNotification(854)) - Leader change notification received for group: group-CB66F6DB5A4A with new leaderId: fadf6fe5-11c1-4da6-9372-0a456385f570
2020-11-27 01:38:06,098 [grpc-default-executor-8] INFO  impl.RaftServerImpl (ServerState.java:setLeader(256)) - 5b456079-358f-469d-9a4b-1e41f0af00c2@group-CB66F6DB5A4A: change Leader from null to fadf6fe5-11c1-4da6-9372-0a456385f570 at term 1 for appendEntries, leader elected after 5128ms
2020-11-27 01:38:06,105 [grpc-default-executor-8] INFO  impl.RaftServerImpl (ServerState.java:setRaftConf(374)) - 5b456079-358f-469d-9a4b-1e41f0af00c2@group-CB66F6DB5A4A: set configuration 0: [fadf6fe5-11c1-4da6-9372-0a456385f570|rpc:172.17.0.2:44925|dataStream:, 03f5e28f-1ccf-47de-881e-8ae7723c653b|rpc:172.17.0.2:40701|dataStream:, 5b456079-358f-469d-9a4b-1e41f0af00c2|rpc:172.17.0.2:39765|dataStream:], old=null at 0
2020-11-27 01:38:06,106 [grpc-default-executor-8] INFO  segmented.SegmentedRaftLogWorker (SegmentedRaftLogWorker.java:startLogSegment(398)) - 5b456079-358f-469d-9a4b-1e41f0af00c2@group-CB66F6DB5A4A-SegmentedRaftLogWorker: Starting segment from index:0
2020-11-27 01:38:06,107 [5b456079-358f-469d-9a4b-1e41f0af00c2@group-CB66F6DB5A4A-SegmentedRaftLogWorker] INFO  segmented.SegmentedRaftLogWorker (SegmentedRaftLogWorker.java:execute(597)) - 5b456079-358f-469d-9a4b-1e41f0af00c2@group-CB66F6DB5A4A-SegmentedRaftLogWorker: created new log segment /github/workspace/mnt/ozone/hadoop-ozone/integration-test/target/test-dir/MiniOzoneClusterImpl-7befb19c-4ec9-4b73-94e9-5feb4aa859dd/datanode-6/data/ratis/3c6fe38f-4820-47fc-90c2-cb66f6db5a4a/current/log_inprogress_0
2020-11-27 01:38:06,110 [grpc-default-executor-3] INFO  ratis.XceiverServerRatis (XceiverServerRatis.java:handleLeaderChangedNotification(854)) - Leader change notification received for group: group-CB66F6DB5A4A with new leaderId: fadf6fe5-11c1-4da6-9372-0a456385f570
2020-11-27 01:38:06,110 [grpc-default-executor-3] INFO  impl.RaftServerImpl (ServerState.java:setLeader(256)) - 03f5e28f-1ccf-47de-881e-8ae7723c653b@group-CB66F6DB5A4A: change Leader from null to fadf6fe5-11c1-4da6-9372-0a456385f570 at term 1 for appendEntries, leader elected after 5170ms
2020-11-27 01:38:06,111 [grpc-default-executor-3] INFO  impl.RaftServerImpl (ServerState.java:setRaftConf(374)) - 03f5e28f-1ccf-47de-881e-8ae7723c653b@group-CB66F6DB5A4A: set configuration 0: [fadf6fe5-11c1-4da6-9372-0a456385f570|rpc:172.17.0.2:44925|dataStream:, 03f5e28f-1ccf-47de-881e-8ae7723c653b|rpc:172.17.0.2:40701|dataStream:, 5b456079-358f-469d-9a4b-1e41f0af00c2|rpc:172.17.0.2:39765|dataStream:], old=null at 0
2020-11-27 01:38:06,114 [grpc-default-executor-3] INFO  segmented.SegmentedRaftLogWorker (SegmentedRaftLogWorker.java:startLogSegment(398)) - 03f5e28f-1ccf-47de-881e-8ae7723c653b@group-CB66F6DB5A4A-SegmentedRaftLogWorker: Starting segment from index:0
2020-11-27 01:38:06,116 [03f5e28f-1ccf-47de-881e-8ae7723c653b@group-CB66F6DB5A4A-SegmentedRaftLogWorker] INFO  segmented.SegmentedRaftLogWorker (SegmentedRaftLogWorker.java:execute(597)) - 03f5e28f-1ccf-47de-881e-8ae7723c653b@group-CB66F6DB5A4A-SegmentedRaftLogWorker: created new log segment /github/workspace/mnt/ozone/hadoop-ozone/integration-test/target/test-dir/MiniOzoneClusterImpl-7befb19c-4ec9-4b73-94e9-5feb4aa859dd/datanode-0/data/ratis/3c6fe38f-4820-47fc-90c2-cb66f6db5a4a/current/log_inprogress_0
2020-11-27 01:38:07,116 [org.apache.ratis.server.JvmPauseMonitor@38eba884-Monitor] WARN  server.JvmPauseMonitor (JvmPauseMonitor.java:run(141)) - Detected pause in JVM or host machine (eg GC): pause of approximately 1ms
No GCs detected
2020-11-27 01:38:09,836 [ForkJoinPool.commonPool-worker-1] INFO  ozoneimpl.OzoneContainer (OzoneContainer.java:stop(257)) - Attempting to stop container services.
2020-11-27 01:38:09,836 [Listener at 127.0.0.1/40963] INFO  ozoneimpl.OzoneContainer (OzoneContainer.java:stop(257)) - Attempting to stop container services.
2020-11-27 01:38:09,836 [ForkJoinPool.commonPool-worker-1] INFO  impl.RaftServerProxy (RaftServerProxy.java:lambda$close$4(338)) - fadf6fe5-11c1-4da6-9372-0a456385f570: close
2020-11-27 01:38:09,836 [Listener at 127.0.0.1/40963] INFO  impl.RaftServerProxy (RaftServerProxy.java:lambda$close$4(338)) - 525ac4ff-a043-43ae-b658-3dd89705e4a8: close
2020-11-27 01:38:09,837 [Listener at 127.0.0.1/40963] INFO  impl.RaftServerImpl (RaftServerImpl.java:lambda$shutdown$3(328)) - 525ac4ff-a043-43ae-b658-3dd89705e4a8@group-977A4CF7E56E: shutdown
2020-11-27 01:38:09,837 [Listener at 127.0.0.1/40963] INFO  util.JmxRegister (JmxRegister.java:unregister(73)) - Successfully un-registered JMX Bean with object name Ratis:service=RaftServer,group=group-977A4CF7E56E,id=525ac4ff-a043-43ae-b658-3dd89705e4a8
2020-11-27 01:38:09,837 [Listener at 127.0.0.1/40963] INFO  impl.RoleInfo (RoleInfo.java:shutdownFollowerState(121)) - 525ac4ff-a043-43ae-b658-3dd89705e4a8: shutdown 525ac4ff-a043-43ae-b658-3dd89705e4a8@group-977A4CF7E56E-FollowerState
2020-11-27 01:38:09,837 [Listener at 127.0.0.1/40963] INFO  impl.StateMachineUpdater (StateMachineUpdater.java:stopAndJoin(147)) - 525ac4ff-a043-43ae-b658-3dd89705e4a8@group-977A4CF7E56E-StateMachineUpdater: set stopIndex = 0
2020-11-27 01:38:09,836 [ForkJoinPool.commonPool-worker-1] INFO  impl.RaftServerImpl (RaftServerImpl.java:lambda$shutdown$3(328)) - fadf6fe5-11c1-4da6-9372-0a456385f570@group-CB66F6DB5A4A: shutdown
2020-11-27 01:38:09,837 [Thread-2704] INFO  impl.FollowerState (FollowerState.java:run(137)) - 525ac4ff-a043-43ae-b658-3dd89705e4a8@group-977A4CF7E56E-FollowerState was interrupted: {}
java.lang.InterruptedException: sleep interrupted
	at java.lang.Thread.sleep(Native Method)
	at org.apache.ratis.util.JavaUtils.sleep(JavaUtils.java:250)
	at org.apache.ratis.server.impl.FollowerState.run(FollowerState.java:116)
2020-11-27 01:38:09,838 [ForkJoinPool.commonPool-worker-1] INFO  util.JmxRegister (JmxRegister.java:unregister(73)) - Successfully un-registered JMX Bean with object name Ratis:service=RaftServer,group=group-CB66F6DB5A4A,id=fadf6fe5-11c1-4da6-9372-0a456385f570
2020-11-27 01:38:09,838 [ForkJoinPool.commonPool-worker-1] INFO  impl.RoleInfo (RoleInfo.java:shutdownLeaderState(104)) - fadf6fe5-11c1-4da6-9372-0a456385f570: shutdown fadf6fe5-11c1-4da6-9372-0a456385f570@group-CB66F6DB5A4A-LeaderState
2020-11-27 01:38:09,838 [ForkJoinPool.commonPool-worker-1] INFO  metrics.RatisMetrics (RatisMetrics.java:unregister(43)) - Unregistering Metrics Registry : ratis_grpc.log_appender.fadf6fe5-11c1-4da6-9372-0a456385f570@group-CB66F6DB5A4A
2020-11-27 01:38:09,838 [525ac4ff-a043-43ae-b658-3dd89705e4a8@group-977A4CF7E56E-StateMachineUpdater] INFO  ratis.ContainerStateMachine (ContainerStateMachine.java:takeSnapshot(293)) - group-977A4CF7E56E: Taking a snapshot at:(t:1, i:0) file /github/workspace/mnt/ozone/hadoop-ozone/integration-test/target/test-dir/MiniOzoneClusterImpl-7befb19c-4ec9-4b73-94e9-5feb4aa859dd/datanode-4/data/ratis/17ccad59-30bb-45e7-92be-977a4cf7e56e/sm/snapshot.1_0
2020-11-27 01:38:09,838 [org.apache.ratis.server.impl.LogAppender$AppenderDaemon$$Lambda$473/1564135286@e6445ae] WARN  server.GrpcLogAppender (GrpcLogAppender.java:mayWait(168)) - fadf6fe5-11c1-4da6-9372-0a456385f570@group-CB66F6DB5A4A->03f5e28f-1ccf-47de-881e-8ae7723c653b-GrpcLogAppender: Wait interrupted by java.lang.InterruptedException
2020-11-27 01:38:09,838 [ForkJoinPool.commonPool-worker-1] INFO  metrics.RatisMetrics (RatisMetrics.java:unregister(43)) - Unregistering Metrics Registry : ratis_grpc.log_appender.fadf6fe5-11c1-4da6-9372-0a456385f570@group-CB66F6DB5A4A
2020-11-27 01:38:09,839 [ForkJoinPool.commonPool-worker-1] INFO  impl.PendingRequests (PendingRequests.java:sendNotLeaderResponses(250)) - fadf6fe5-11c1-4da6-9372-0a456385f570@group-CB66F6DB5A4A-PendingRequests: sendNotLeaderResponses
2020-11-27 01:38:09,839 [ForkJoinPool.commonPool-worker-1] INFO  metrics.RatisMetrics (RatisMetrics.java:unregister(43)) - Unregistering Metrics Registry : ratis.log_appender.fadf6fe5-11c1-4da6-9372-0a456385f570@group-CB66F6DB5A4A
2020-11-27 01:38:09,839 [ForkJoinPool.commonPool-worker-1] INFO  metrics.RatisMetrics (RatisMetrics.java:unregister(43)) - Unregistering Metrics Registry : ratis.server.fadf6fe5-11c1-4da6-9372-0a456385f570@group-CB66F6DB5A4A
2020-11-27 01:38:09,840 [ForkJoinPool.commonPool-worker-1] INFO  impl.StateMachineUpdater (StateMachineUpdater.java:stopAndJoin(147)) - fadf6fe5-11c1-4da6-9372-0a456385f570@group-CB66F6DB5A4A-StateMachineUpdater: set stopIndex = 0
2020-11-27 01:38:09,840 [org.apache.ratis.server.impl.LogAppender$AppenderDaemon$$Lambda$473/1564135286@3ed67ff5] WARN  server.GrpcLogAppender (GrpcLogAppender.java:mayWait(168)) - fadf6fe5-11c1-4da6-9372-0a456385f570@group-CB66F6DB5A4A->5b456079-358f-469d-9a4b-1e41f0af00c2-GrpcLogAppender: Wait interrupted by java.lang.InterruptedException
2020-11-27 01:38:09,840 [grpc-default-executor-3] INFO  server.GrpcServerProtocolService (GrpcServerProtocolService.java:onCompleted(138)) - 03f5e28f-1ccf-47de-881e-8ae7723c653b: Completed APPEND_ENTRIES, lastRequest: fadf6fe5-11c1-4da6-9372-0a456385f570->03f5e28f-1ccf-47de-881e-8ae7723c653b#1-t1, previous=(t:0, i:0), leaderCommit=0, initializing? false, entries: size=1, first=(t:1, i:0), CONFIGURATIONENTRY
2020-11-27 01:38:09,840 [fadf6fe5-11c1-4da6-9372-0a456385f570@group-CB66F6DB5A4A-StateMachineUpdater] INFO  ratis.ContainerStateMachine (ContainerStateMachine.java:takeSnapshot(293)) - group-CB66F6DB5A4A: Taking a snapshot at:(t:1, i:0) file /github/workspace/mnt/ozone/hadoop-ozone/integration-test/target/test-dir/MiniOzoneClusterImpl-7befb19c-4ec9-4b73-94e9-5feb4aa859dd/datanode-2/data/ratis/3c6fe38f-4820-47fc-90c2-cb66f6db5a4a/sm/snapshot.1_0
2020-11-27 01:38:09,840 [525ac4ff-a043-43ae-b658-3dd89705e4a8@group-977A4CF7E56E-StateMachineUpdater] INFO  ratis.ContainerStateMachine (ContainerStateMachine.java:takeSnapshot(304)) - group-977A4CF7E56E: Finished taking a snapshot at:(t:1, i:0) file:/github/workspace/mnt/ozone/hadoop-ozone/integration-test/target/test-dir/MiniOzoneClusterImpl-7befb19c-4ec9-4b73-94e9-5feb4aa859dd/datanode-4/data/ratis/17ccad59-30bb-45e7-92be-977a4cf7e56e/sm/snapshot.1_0 time:3
2020-11-27 01:38:09,840 [525ac4ff-a043-43ae-b658-3dd89705e4a8@group-977A4CF7E56E-StateMachineUpdater] INFO  impl.StateMachineUpdater (StateMachineUpdater.java:takeSnapshot(278)) - 525ac4ff-a043-43ae-b658-3dd89705e4a8@group-977A4CF7E56E-StateMachineUpdater: Took a snapshot at index 0
2020-11-27 01:38:09,840 [525ac4ff-a043-43ae-b658-3dd89705e4a8@group-977A4CF7E56E-StateMachineUpdater] INFO  impl.StateMachineUpdater (StateMachineUpdater.java:lambda$new$0(87)) - 525ac4ff-a043-43ae-b658-3dd89705e4a8@group-977A4CF7E56E-StateMachineUpdater: snapshotIndex: updateIncreasingly -1 -> 0
2020-11-27 01:38:09,841 [525ac4ff-a043-43ae-b658-3dd89705e4a8@group-977A4CF7E56E-StateMachineUpdater] INFO  metrics.RatisMetrics (RatisMetrics.java:unregister(43)) - Unregistering Metrics Registry : ratis.state_machine.525ac4ff-a043-43ae-b658-3dd89705e4a8@group-977A4CF7E56E
2020-11-27 01:38:09,841 [fadf6fe5-11c1-4da6-9372-0a456385f570@group-CB66F6DB5A4A-StateMachineUpdater] INFO  ratis.ContainerStateMachine (ContainerStateMachine.java:takeSnapshot(304)) - group-CB66F6DB5A4A: Finished taking a snapshot at:(t:1, i:0) file:/github/workspace/mnt/ozone/hadoop-ozone/integration-test/target/test-dir/MiniOzoneClusterImpl-7befb19c-4ec9-4b73-94e9-5feb4aa859dd/datanode-2/data/ratis/3c6fe38f-4820-47fc-90c2-cb66f6db5a4a/sm/snapshot.1_0 time:0
2020-11-27 01:38:09,841 [fadf6fe5-11c1-4da6-9372-0a456385f570@group-CB66F6DB5A4A-StateMachineUpdater] INFO  impl.StateMachineUpdater (StateMachineUpdater.java:takeSnapshot(278)) - fadf6fe5-11c1-4da6-9372-0a456385f570@group-CB66F6DB5A4A-StateMachineUpdater: Took a snapshot at index 0
2020-11-27 01:38:09,841 [fadf6fe5-11c1-4da6-9372-0a456385f570@group-CB66F6DB5A4A-StateMachineUpdater] INFO  impl.StateMachineUpdater (StateMachineUpdater.java:lambda$new$0(87)) - fadf6fe5-11c1-4da6-9372-0a456385f570@group-CB66F6DB5A4A-StateMachineUpdater: snapshotIndex: updateIncreasingly -1 -> 0
2020-11-27 01:38:09,841 [fadf6fe5-11c1-4da6-9372-0a456385f570@group-CB66F6DB5A4A-StateMachineUpdater] INFO  metrics.RatisMetrics (RatisMetrics.java:unregister(43)) - Unregistering Metrics Registry : ratis.state_machine.fadf6fe5-11c1-4da6-9372-0a456385f570@group-CB66F6DB5A4A
2020-11-27 01:38:09,841 [Listener at 127.0.0.1/40963] INFO  impl.RaftServerImpl (ServerState.java:close(406)) - 525ac4ff-a043-43ae-b658-3dd89705e4a8@group-977A4CF7E56E: closes. applyIndex: 0
2020-11-27 01:38:09,841 [525ac4ff-a043-43ae-b658-3dd89705e4a8@group-977A4CF7E56E-SegmentedRaftLogWorker] INFO  segmented.SegmentedRaftLogWorker (SegmentedRaftLogWorker.java:run(329)) - 525ac4ff-a043-43ae-b658-3dd89705e4a8@group-977A4CF7E56E-SegmentedRaftLogWorker was interrupted, exiting. There are 0 tasks remaining in the queue.
2020-11-27 01:38:09,842 [grpc-default-executor-3] INFO  server.GrpcServerProtocolService (GrpcServerProtocolService.java:onCompleted(138)) - 5b456079-358f-469d-9a4b-1e41f0af00c2: Completed APPEND_ENTRIES, lastRequest: fadf6fe5-11c1-4da6-9372-0a456385f570->5b456079-358f-469d-9a4b-1e41f0af00c2#1-t1, previous=(t:0, i:0), leaderCommit=0, initializing? false, entries: size=1, first=(t:1, i:0), CONFIGURATIONENTRY
2020-11-27 01:38:09,843 [Listener at 127.0.0.1/40963] INFO  segmented.SegmentedRaftLogWorker (SegmentedRaftLogWorker.java:close(235)) - 525ac4ff-a043-43ae-b658-3dd89705e4a8@group-977A4CF7E56E-SegmentedRaftLogWorker close()
2020-11-27 01:38:09,844 [grpc-default-executor-8] INFO  server.GrpcLogAppender (GrpcLogAppender.java:onCompleted(337)) - fadf6fe5-11c1-4da6-9372-0a456385f570@group-CB66F6DB5A4A->03f5e28f-1ccf-47de-881e-8ae7723c653b-AppendLogResponseHandler: follower responses appendEntries COMPLETED
2020-11-27 01:38:09,844 [grpc-default-executor-8] INFO  impl.FollowerInfo (FollowerInfo.java:lambda$new$0(51)) - fadf6fe5-11c1-4da6-9372-0a456385f570@group-CB66F6DB5A4A->03f5e28f-1ccf-47de-881e-8ae7723c653b: nextIndex: updateUnconditionally 1 -> 0
2020-11-27 01:38:09,844 [Listener at 127.0.0.1/40963] INFO  metrics.RatisMetrics (RatisMetrics.java:unregister(43)) - Unregistering Metrics Registry : ratis.log_worker.525ac4ff-a043-43ae-b658-3dd89705e4a8@group-977A4CF7E56E
2020-11-27 01:38:09,845 [Listener at 127.0.0.1/40963] INFO  metrics.RatisMetrics (RatisMetrics.java:unregister(43)) - Unregistering Metrics Registry : ratis.leader_election.525ac4ff-a043-43ae-b658-3dd89705e4a8@group-977A4CF7E56E
2020-11-27 01:38:09,845 [Listener at 127.0.0.1/40963] INFO  metrics.RatisMetrics (RatisMetrics.java:unregister(43)) - Unregistering Metrics Registry : ratis.server.525ac4ff-a043-43ae-b658-3dd89705e4a8@group-977A4CF7E56E
2020-11-27 01:38:09,845 [Listener at 127.0.0.1/40963] INFO  impl.RaftServerImpl (RaftServerImpl.java:lambda$shutdown$3(328)) - 525ac4ff-a043-43ae-b658-3dd89705e4a8@group-1A46C086DB31: shutdown
2020-11-27 01:38:09,845 [Listener at 127.0.0.1/40963] INFO  util.JmxRegister (JmxRegister.java:unregister(73)) - Successfully un-registered JMX Bean with object name Ratis:service=RaftServer,group=group-1A46C086DB31,id=525ac4ff-a043-43ae-b658-3dd89705e4a8
2020-11-27 01:38:09,845 [Listener at 127.0.0.1/40963] INFO  impl.RoleInfo (RoleInfo.java:shutdownLeaderState(104)) - 525ac4ff-a043-43ae-b658-3dd89705e4a8: shutdown 525ac4ff-a043-43ae-b658-3dd89705e4a8@group-1A46C086DB31-LeaderState
2020-11-27 01:38:09,845 [Listener at 127.0.0.1/40963] INFO  impl.PendingRequests (PendingRequests.java:sendNotLeaderResponses(250)) - 525ac4ff-a043-43ae-b658-3dd89705e4a8@group-1A46C086DB31-PendingRequests: sendNotLeaderResponses
2020-11-27 01:38:09,845 [Listener at 127.0.0.1/40963] INFO  metrics.RatisMetrics (RatisMetrics.java:unregister(43)) - Unregistering Metrics Registry : ratis.log_appender.525ac4ff-a043-43ae-b658-3dd89705e4a8@group-1A46C086DB31
2020-11-27 01:38:09,845 [Listener at 127.0.0.1/40963] INFO  metrics.RatisMetrics (RatisMetrics.java:unregister(43)) - Unregistering Metrics Registry : ratis.server.525ac4ff-a043-43ae-b658-3dd89705e4a8@group-1A46C086DB31
2020-11-27 01:38:09,846 [Listener at 127.0.0.1/40963] INFO  impl.StateMachineUpdater (StateMachineUpdater.java:stopAndJoin(147)) - 525ac4ff-a043-43ae-b658-3dd89705e4a8@group-1A46C086DB31-StateMachineUpdater: set stopIndex = 0
2020-11-27 01:38:09,844 [grpc-default-executor-8] INFO  server.GrpcLogAppender (GrpcLogAppender.java:onCompleted(337)) - fadf6fe5-11c1-4da6-9372-0a456385f570@group-CB66F6DB5A4A->5b456079-358f-469d-9a4b-1e41f0af00c2-AppendLogResponseHandler: follower responses appendEntries COMPLETED
2020-11-27 01:38:09,847 [grpc-default-executor-8] INFO  impl.FollowerInfo (FollowerInfo.java:lambda$new$0(51)) - fadf6fe5-11c1-4da6-9372-0a456385f570@group-CB66F6DB5A4A->5b456079-358f-469d-9a4b-1e41f0af00c2: nextIndex: updateUnconditionally 1 -> 0
2020-11-27 01:38:09,847 [ForkJoinPool.commonPool-worker-1] INFO  impl.RaftServerImpl (ServerState.java:close(406)) - fadf6fe5-11c1-4da6-9372-0a456385f570@group-CB66F6DB5A4A: closes. applyIndex: 0
2020-11-27 01:38:09,847 [525ac4ff-a043-43ae-b658-3dd89705e4a8@group-1A46C086DB31-StateMachineUpdater] INFO  ratis.ContainerStateMachine (ContainerStateMachine.java:takeSnapshot(293)) - group-1A46C086DB31: Taking a snapshot at:(t:1, i:0) file /github/workspace/mnt/ozone/hadoop-ozone/integration-test/target/test-dir/MiniOzoneClusterImpl-7befb19c-4ec9-4b73-94e9-5feb4aa859dd/datanode-4/data/ratis/5249168d-d0a0-4681-94ef-1a46c086db31/sm/snapshot.1_0
2020-11-27 01:38:09,847 [fadf6fe5-11c1-4da6-9372-0a456385f570@group-CB66F6DB5A4A-SegmentedRaftLogWorker] INFO  segmented.SegmentedRaftLogWorker (SegmentedRaftLogWorker.java:run(329)) - fadf6fe5-11c1-4da6-9372-0a456385f570@group-CB66F6DB5A4A-SegmentedRaftLogWorker was interrupted, exiting. There are 0 tasks remaining in the queue.
2020-11-27 01:38:09,848 [525ac4ff-a043-43ae-b658-3dd89705e4a8@group-1A46C086DB31-StateMachineUpdater] INFO  ratis.ContainerStateMachine (ContainerStateMachine.java:takeSnapshot(304)) - group-1A46C086DB31: Finished taking a snapshot at:(t:1, i:0) file:/github/workspace/mnt/ozone/hadoop-ozone/integration-test/target/test-dir/MiniOzoneClusterImpl-7befb19c-4ec9-4b73-94e9-5feb4aa859dd/datanode-4/data/ratis/5249168d-d0a0-4681-94ef-1a46c086db31/sm/snapshot.1_0 time:1
2020-11-27 01:38:09,848 [525ac4ff-a043-43ae-b658-3dd89705e4a8@group-1A46C086DB31-StateMachineUpdater] INFO  impl.StateMachineUpdater (StateMachineUpdater.java:takeSnapshot(278)) - 525ac4ff-a043-43ae-b658-3dd89705e4a8@group-1A46C086DB31-StateMachineUpdater: Took a snapshot at index 0
2020-11-27 01:38:09,848 [525ac4ff-a043-43ae-b658-3dd89705e4a8@group-1A46C086DB31-StateMachineUpdater] INFO  impl.StateMachineUpdater (StateMachineUpdater.java:lambda$new$0(87)) - 525ac4ff-a043-43ae-b658-3dd89705e4a8@group-1A46C086DB31-StateMachineUpdater: snapshotIndex: updateIncreasingly -1 -> 0
2020-11-27 01:38:09,848 [525ac4ff-a043-43ae-b658-3dd89705e4a8@group-1A46C086DB31-StateMachineUpdater] INFO  metrics.RatisMetrics (RatisMetrics.java:unregister(43)) - Unregistering Metrics Registry : ratis.state_machine.525ac4ff-a043-43ae-b658-3dd89705e4a8@group-1A46C086DB31
2020-11-27 01:38:09,848 [Listener at 127.0.0.1/40963] INFO  impl.RaftServerImpl (ServerState.java:close(406)) - 525ac4ff-a043-43ae-b658-3dd89705e4a8@group-1A46C086DB31: closes. applyIndex: 0
2020-11-27 01:38:09,848 [525ac4ff-a043-43ae-b658-3dd89705e4a8@group-1A46C086DB31-SegmentedRaftLogWorker] INFO  segmented.SegmentedRaftLogWorker (SegmentedRaftLogWorker.java:run(329)) - 525ac4ff-a043-43ae-b658-3dd89705e4a8@group-1A46C086DB31-SegmentedRaftLogWorker was interrupted, exiting. There are 0 tasks remaining in the queue.
2020-11-27 01:38:09,848 [ForkJoinPool.commonPool-worker-1] INFO  segmented.SegmentedRaftLogWorker (SegmentedRaftLogWorker.java:close(235)) - fadf6fe5-11c1-4da6-9372-0a456385f570@group-CB66F6DB5A4A-SegmentedRaftLogWorker close()
2020-11-27 01:38:09,849 [Listener at 127.0.0.1/40963] INFO  segmented.SegmentedRaftLogWorker (SegmentedRaftLogWorker.java:close(235)) - 525ac4ff-a043-43ae-b658-3dd89705e4a8@group-1A46C086DB31-SegmentedRaftLogWorker close()
2020-11-27 01:38:09,849 [ForkJoinPool.commonPool-worker-1] INFO  metrics.RatisMetrics (RatisMetrics.java:unregister(43)) - Unregistering Metrics Registry : ratis.log_worker.fadf6fe5-11c1-4da6-9372-0a456385f570@group-CB66F6DB5A4A
2020-11-27 01:38:09,852 [ForkJoinPool.commonPool-worker-1] INFO  metrics.RatisMetrics (RatisMetrics.java:unregister(43)) - Unregistering Metrics Registry : ratis.leader_election.fadf6fe5-11c1-4da6-9372-0a456385f570@group-CB66F6DB5A4A
2020-11-27 01:38:09,852 [ForkJoinPool.commonPool-worker-1] INFO  metrics.RatisMetrics (RatisMetrics.java:unregister(43)) - Unregistering Metrics Registry : ratis.server.fadf6fe5-11c1-4da6-9372-0a456385f570@group-CB66F6DB5A4A
2020-11-27 01:38:09,852 [Listener at 127.0.0.1/40963] INFO  metrics.RatisMetrics (RatisMetrics.java:unregister(43)) - Unregistering Metrics Registry : ratis.log_worker.525ac4ff-a043-43ae-b658-3dd89705e4a8@group-1A46C086DB31
2020-11-27 01:38:09,852 [ForkJoinPool.commonPool-worker-1] INFO  impl.RaftServerImpl (RaftServerImpl.java:lambda$shutdown$3(328)) - fadf6fe5-11c1-4da6-9372-0a456385f570@group-54B732C6FDA1: shutdown
2020-11-27 01:38:09,852 [ForkJoinPool.commonPool-worker-1] INFO  util.JmxRegister (JmxRegister.java:unregister(73)) - Successfully un-registered JMX Bean with object name Ratis:service=RaftServer,group=group-54B732C6FDA1,id=fadf6fe5-11c1-4da6-9372-0a456385f570
2020-11-27 01:38:09,853 [ForkJoinPool.commonPool-worker-1] INFO  impl.RoleInfo (RoleInfo.java:shutdownLeaderState(104)) - fadf6fe5-11c1-4da6-9372-0a456385f570: shutdown fadf6fe5-11c1-4da6-9372-0a456385f570@group-54B732C6FDA1-LeaderState
2020-11-27 01:38:09,852 [Listener at 127.0.0.1/40963] INFO  metrics.RatisMetrics (RatisMetrics.java:unregister(43)) - Unregistering Metrics Registry : ratis.leader_election.525ac4ff-a043-43ae-b658-3dd89705e4a8@group-1A46C086DB31
2020-11-27 01:38:09,853 [ForkJoinPool.commonPool-worker-1] INFO  impl.PendingRequests (PendingRequests.java:sendNotLeaderResponses(250)) - fadf6fe5-11c1-4da6-9372-0a456385f570@group-54B732C6FDA1-PendingRequests: sendNotLeaderResponses
2020-11-27 01:38:09,853 [Listener at 127.0.0.1/40963] INFO  metrics.RatisMetrics (RatisMetrics.java:unregister(43)) - Unregistering Metrics Registry : ratis.server.525ac4ff-a043-43ae-b658-3dd89705e4a8@group-1A46C086DB31
2020-11-27 01:38:09,853 [Listener at 127.0.0.1/40963] INFO  impl.RaftServerImpl (RaftServerImpl.java:lambda$shutdown$3(328)) - 525ac4ff-a043-43ae-b658-3dd89705e4a8@group-B33F8C582359: shutdown
2020-11-27 01:38:09,853 [ForkJoinPool.commonPool-worker-1] INFO  metrics.RatisMetrics (RatisMetrics.java:unregister(43)) - Unregistering Metrics Registry : ratis.log_appender.fadf6fe5-11c1-4da6-9372-0a456385f570@group-54B732C6FDA1
2020-11-27 01:38:09,853 [Listener at 127.0.0.1/40963] INFO  util.JmxRegister (JmxRegister.java:unregister(73)) - Successfully un-registered JMX Bean with object name Ratis:service=RaftServer,group=group-B33F8C582359,id=525ac4ff-a043-43ae-b658-3dd89705e4a8
2020-11-27 01:38:09,853 [Listener at 127.0.0.1/40963] INFO  impl.RoleInfo (RoleInfo.java:shutdownFollowerState(121)) - 525ac4ff-a043-43ae-b658-3dd89705e4a8: shutdown 525ac4ff-a043-43ae-b658-3dd89705e4a8@group-B33F8C582359-FollowerState
2020-11-27 01:38:09,853 [ForkJoinPool.commonPool-worker-1] INFO  metrics.RatisMetrics (RatisMetrics.java:unregister(43)) - Unregistering Metrics Registry : ratis.server.fadf6fe5-11c1-4da6-9372-0a456385f570@group-54B732C6FDA1
2020-11-27 01:38:09,854 [Thread-2717] INFO  impl.FollowerState (FollowerState.java:run(137)) - 525ac4ff-a043-43ae-b658-3dd89705e4a8@group-B33F8C582359-FollowerState was interrupted: {}
java.lang.InterruptedException: sleep interrupted
	at java.lang.Thread.sleep(Native Method)
	at org.apache.ratis.util.JavaUtils.sleep(JavaUtils.java:250)
	at org.apache.ratis.server.impl.FollowerState.run(FollowerState.java:116)
2020-11-27 01:38:09,856 [Listener at 127.0.0.1/40963] INFO  impl.StateMachineUpdater (StateMachineUpdater.java:stopAndJoin(147)) - 525ac4ff-a043-43ae-b658-3dd89705e4a8@group-B33F8C582359-StateMachineUpdater: set stopIndex = 4
2020-11-27 01:38:09,857 [525ac4ff-a043-43ae-b658-3dd89705e4a8@group-B33F8C582359-StateMachineUpdater] INFO  ratis.ContainerStateMachine (ContainerStateMachine.java:takeSnapshot(293)) - group-B33F8C582359: Taking a snapshot at:(t:1, i:4) file /github/workspace/mnt/ozone/hadoop-ozone/integration-test/target/test-dir/MiniOzoneClusterImpl-7befb19c-4ec9-4b73-94e9-5feb4aa859dd/datanode-4/data/ratis/0becb242-989c-45d7-a586-b33f8c582359/sm/snapshot.1_4
2020-11-27 01:38:09,858 [525ac4ff-a043-43ae-b658-3dd89705e4a8@group-B33F8C582359-StateMachineUpdater] INFO  ratis.ContainerStateMachine (ContainerStateMachine.java:takeSnapshot(304)) - group-B33F8C582359: Finished taking a snapshot at:(t:1, i:4) file:/github/workspace/mnt/ozone/hadoop-ozone/integration-test/target/test-dir/MiniOzoneClusterImpl-7befb19c-4ec9-4b73-94e9-5feb4aa859dd/datanode-4/data/ratis/0becb242-989c-45d7-a586-b33f8c582359/sm/snapshot.1_4 time:1
2020-11-27 01:38:09,858 [525ac4ff-a043-43ae-b658-3dd89705e4a8@group-B33F8C582359-StateMachineUpdater] INFO  impl.StateMachineUpdater (StateMachineUpdater.java:takeSnapshot(278)) - 525ac4ff-a043-43ae-b658-3dd89705e4a8@group-B33F8C582359-StateMachineUpdater: Took a snapshot at index 4
2020-11-27 01:38:09,858 [525ac4ff-a043-43ae-b658-3dd89705e4a8@group-B33F8C582359-StateMachineUpdater] INFO  impl.StateMachineUpdater (StateMachineUpdater.java:lambda$new$0(87)) - 525ac4ff-a043-43ae-b658-3dd89705e4a8@group-B33F8C582359-StateMachineUpdater: snapshotIndex: updateIncreasingly -1 -> 4
2020-11-27 01:38:09,858 [525ac4ff-a043-43ae-b658-3dd89705e4a8@group-B33F8C582359-StateMachineUpdater] INFO  metrics.RatisMetrics (RatisMetrics.java:unregister(43)) - Unregistering Metrics Registry : ratis.state_machine.525ac4ff-a043-43ae-b658-3dd89705e4a8@group-B33F8C582359
2020-11-27 01:38:09,858 [Listener at 127.0.0.1/40963] INFO  impl.RaftServerImpl (ServerState.java:close(406)) - 525ac4ff-a043-43ae-b658-3dd89705e4a8@group-B33F8C582359: closes. applyIndex: 4
2020-11-27 01:38:09,858 [525ac4ff-a043-43ae-b658-3dd89705e4a8@group-B33F8C582359-SegmentedRaftLogWorker] INFO  segmented.SegmentedRaftLogWorker (SegmentedRaftLogWorker.java:run(329)) - 525ac4ff-a043-43ae-b658-3dd89705e4a8@group-B33F8C582359-SegmentedRaftLogWorker was interrupted, exiting. There are 0 tasks remaining in the queue.
2020-11-27 01:38:09,859 [Listener at 127.0.0.1/40963] INFO  segmented.SegmentedRaftLogWorker (SegmentedRaftLogWorker.java:close(235)) - 525ac4ff-a043-43ae-b658-3dd89705e4a8@group-B33F8C582359-SegmentedRaftLogWorker close()
2020-11-27 01:38:09,859 [Listener at 127.0.0.1/40963] INFO  metrics.RatisMetrics (RatisMetrics.java:unregister(43)) - Unregistering Metrics Registry : ratis.log_worker.525ac4ff-a043-43ae-b658-3dd89705e4a8@group-B33F8C582359
2020-11-27 01:38:09,859 [Listener at 127.0.0.1/40963] INFO  metrics.RatisMetrics (RatisMetrics.java:unregister(43)) - Unregistering Metrics Registry : ratis.leader_election.525ac4ff-a043-43ae-b658-3dd89705e4a8@group-B33F8C582359
2020-11-27 01:38:09,859 [Listener at 127.0.0.1/40963] INFO  metrics.RatisMetrics (RatisMetrics.java:unregister(43)) - Unregistering Metrics Registry : ratis.server.525ac4ff-a043-43ae-b658-3dd89705e4a8@group-B33F8C582359
2020-11-27 01:38:09,859 [Listener at 127.0.0.1/40963] INFO  server.GrpcService (GrpcService.java:closeImpl(184)) - 525ac4ff-a043-43ae-b658-3dd89705e4a8: shutdown server with port 44141 now
2020-11-27 01:38:09,860 [grpc-default-executor-3] WARN  server.GrpcServerProtocolService (LogUtils.java:warn(122)) - 525ac4ff-a043-43ae-b658-3dd89705e4a8: installSnapshot onError, lastRequest: d247a803-3982-4a1e-9d5c-2cb5c984a205->525ac4ff-a043-43ae-b658-3dd89705e4a8#1-t1, previous=(t:0, i:0), leaderCommit=0, initializing? false, entries: size=1, first=(t:1, i:0), CONFIGURATIONENTRY: org.apache.ratis.thirdparty.io.grpc.StatusRuntimeException: CANCELLED: cancelled before receiving half close
2020-11-27 01:38:09,861 [ForkJoinPool.commonPool-worker-1] INFO  impl.StateMachineUpdater (StateMachineUpdater.java:stopAndJoin(147)) - fadf6fe5-11c1-4da6-9372-0a456385f570@group-54B732C6FDA1-StateMachineUpdater: set stopIndex = 0
2020-11-27 01:38:09,863 [grpc-default-executor-8] WARN  server.GrpcLogAppender (LogUtils.java:warn(122)) - d247a803-3982-4a1e-9d5c-2cb5c984a205@group-977A4CF7E56E->525ac4ff-a043-43ae-b658-3dd89705e4a8-AppendLogResponseHandler: Failed appendEntries: org.apache.ratis.thirdparty.io.grpc.StatusRuntimeException: CANCELLED: HTTP/2 error code: CANCEL
Received Rst Stream
2020-11-27 01:38:09,863 [Listener at 127.0.0.1/40963] INFO  server.GrpcService (GrpcService.java:closeImpl(193)) - 525ac4ff-a043-43ae-b658-3dd89705e4a8: shutdown server with port 44141 successfully
2020-11-27 01:38:09,862 [fadf6fe5-11c1-4da6-9372-0a456385f570@group-54B732C6FDA1-StateMachineUpdater] INFO  ratis.ContainerStateMachine (ContainerStateMachine.java:takeSnapshot(293)) - group-54B732C6FDA1: Taking a snapshot at:(t:1, i:0) file /github/workspace/mnt/ozone/hadoop-ozone/integration-test/target/test-dir/MiniOzoneClusterImpl-7befb19c-4ec9-4b73-94e9-5feb4aa859dd/datanode-2/data/ratis/a3c6bac2-4b9d-4d8f-9e5c-54b732c6fda1/sm/snapshot.1_0
2020-11-27 01:38:09,863 [grpc-default-executor-1] WARN  server.GrpcServerProtocolService (LogUtils.java:warn(122)) - 525ac4ff-a043-43ae-b658-3dd89705e4a8: installSnapshot onError, lastRequest: eda6bd80-3bc8-486f-b21b-103a464f444a->525ac4ff-a043-43ae-b658-3dd89705e4a8#18-t1, previous=(t:1, i:3), leaderCommit=2, initializing? false, entries: size=1, first=(t:1, i:4), METADATAENTRY(c:2): org.apache.ratis.thirdparty.io.grpc.StatusRuntimeException: CANCELLED: cancelled before receiving half close
2020-11-27 01:38:09,864 [grpc-default-executor-6] WARN  server.GrpcLogAppender (LogUtils.java:warn(122)) - eda6bd80-3bc8-486f-b21b-103a464f444a@group-B33F8C582359->525ac4ff-a043-43ae-b658-3dd89705e4a8-AppendLogResponseHandler: Failed appendEntries: org.apache.ratis.thirdparty.io.grpc.StatusRuntimeException: CANCELLED: HTTP/2 error code: CANCEL
Received Rst Stream
2020-11-27 01:38:09,865 [grpc-default-executor-6] INFO  impl.FollowerInfo (FollowerInfo.java:lambda$new$0(51)) - eda6bd80-3bc8-486f-b21b-103a464f444a@group-B33F8C582359->525ac4ff-a043-43ae-b658-3dd89705e4a8: nextIndex: updateUnconditionally 5 -> 4
2020-11-27 01:38:09,863 [grpc-default-executor-8] WARN  server.GrpcLogAppender (GrpcLogAppender.java:resetClient(107)) - d247a803-3982-4a1e-9d5c-2cb5c984a205@group-977A4CF7E56E->525ac4ff-a043-43ae-b658-3dd89705e4a8-GrpcLogAppender: Leader has not got in touch with Follower d247a803-3982-4a1e-9d5c-2cb5c984a205@group-977A4CF7E56E->525ac4ff-a043-43ae-b658-3dd89705e4a8(c0,m0,n1, attendVote=true, lastRpcSendTime=595, lastRpcResponseTime=593) yet, just keep nextIndex unchanged and retry.
2020-11-27 01:38:09,866 [fadf6fe5-11c1-4da6-9372-0a456385f570@group-54B732C6FDA1-StateMachineUpdater] INFO  ratis.ContainerStateMachine (ContainerStateMachine.java:takeSnapshot(304)) - group-54B732C6FDA1: Finished taking a snapshot at:(t:1, i:0) file:/github/workspace/mnt/ozone/hadoop-ozone/integration-test/target/test-dir/MiniOzoneClusterImpl-7befb19c-4ec9-4b73-94e9-5feb4aa859dd/datanode-2/data/ratis/a3c6bac2-4b9d-4d8f-9e5c-54b732c6fda1/sm/snapshot.1_0 time:3
2020-11-27 01:38:09,866 [fadf6fe5-11c1-4da6-9372-0a456385f570@group-54B732C6FDA1-StateMachineUpdater] INFO  impl.StateMachineUpdater (StateMachineUpdater.java:takeSnapshot(278)) - fadf6fe5-11c1-4da6-9372-0a456385f570@group-54B732C6FDA1-StateMachineUpdater: Took a snapshot at index 0
2020-11-27 01:38:09,866 [fadf6fe5-11c1-4da6-9372-0a456385f570@group-54B732C6FDA1-StateMachineUpdater] INFO  impl.StateMachineUpdater (StateMachineUpdater.java:lambda$new$0(87)) - fadf6fe5-11c1-4da6-9372-0a456385f570@group-54B732C6FDA1-StateMachineUpdater: snapshotIndex: updateIncreasingly -1 -> 0
2020-11-27 01:38:09,866 [fadf6fe5-11c1-4da6-9372-0a456385f570@group-54B732C6FDA1-StateMachineUpdater] INFO  metrics.RatisMetrics (RatisMetrics.java:unregister(43)) - Unregistering Metrics Registry : ratis.state_machine.fadf6fe5-11c1-4da6-9372-0a456385f570@group-54B732C6FDA1
2020-11-27 01:38:09,867 [Listener at 127.0.0.1/40963] INFO  utils.BackgroundService (BackgroundService.java:shutdown(132)) - Shutting down service BlockDeletingService
2020-11-27 01:38:09,871 [ForkJoinPool.commonPool-worker-1] INFO  impl.RaftServerImpl (ServerState.java:close(406)) - fadf6fe5-11c1-4da6-9372-0a456385f570@group-54B732C6FDA1: closes. applyIndex: 0
2020-11-27 01:38:09,873 [fadf6fe5-11c1-4da6-9372-0a456385f570@group-54B732C6FDA1-SegmentedRaftLogWorker] INFO  segmented.SegmentedRaftLogWorker (SegmentedRaftLogWorker.java:run(329)) - fadf6fe5-11c1-4da6-9372-0a456385f570@group-54B732C6FDA1-SegmentedRaftLogWorker was interrupted, exiting. There are 0 tasks remaining in the queue.
2020-11-27 01:38:09,874 [ForkJoinPool.commonPool-worker-1] INFO  segmented.SegmentedRaftLogWorker (SegmentedRaftLogWorker.java:close(235)) - fadf6fe5-11c1-4da6-9372-0a456385f570@group-54B732C6FDA1-SegmentedRaftLogWorker close()
2020-11-27 01:38:09,874 [grpc-default-executor-6] WARN  server.GrpcLogAppender (LogUtils.java:warn(122)) - eda6bd80-3bc8-486f-b21b-103a464f444a@group-B33F8C582359->525ac4ff-a043-43ae-b658-3dd89705e4a8-AppendLogResponseHandler: Failed appendEntries: org.apache.ratis.thirdparty.io.grpc.StatusRuntimeException: UNAVAILABLE: io exception
2020-11-27 01:38:09,874 [ForkJoinPool.commonPool-worker-1] INFO  metrics.RatisMetrics (RatisMetrics.java:unregister(43)) - Unregistering Metrics Registry : ratis.log_worker.fadf6fe5-11c1-4da6-9372-0a456385f570@group-54B732C6FDA1
2020-11-27 01:38:09,875 [ForkJoinPool.commonPool-worker-1] INFO  metrics.RatisMetrics (RatisMetrics.java:unregister(43)) - Unregistering Metrics Registry : ratis.leader_election.fadf6fe5-11c1-4da6-9372-0a456385f570@group-54B732C6FDA1
2020-11-27 01:38:09,875 [ForkJoinPool.commonPool-worker-1] INFO  metrics.RatisMetrics (RatisMetrics.java:unregister(43)) - Unregistering Metrics Registry : ratis.server.fadf6fe5-11c1-4da6-9372-0a456385f570@group-54B732C6FDA1
2020-11-27 01:38:09,875 [ForkJoinPool.commonPool-worker-1] INFO  impl.RaftServerImpl (RaftServerImpl.java:lambda$shutdown$3(328)) - fadf6fe5-11c1-4da6-9372-0a456385f570@group-076B8DC24DAC: shutdown
2020-11-27 01:38:09,875 [grpc-default-executor-6] INFO  impl.FollowerInfo (FollowerInfo.java:lambda$new$0(51)) - eda6bd80-3bc8-486f-b21b-103a464f444a@group-B33F8C582359->525ac4ff-a043-43ae-b658-3dd89705e4a8: nextIndex: updateUnconditionally 5 -> 4
2020-11-27 01:38:09,875 [ForkJoinPool.commonPool-worker-1] INFO  util.JmxRegister (JmxRegister.java:unregister(73)) - Successfully un-registered JMX Bean with object name Ratis:service=RaftServer,group=group-076B8DC24DAC,id=fadf6fe5-11c1-4da6-9372-0a456385f570
2020-11-27 01:38:09,876 [ForkJoinPool.commonPool-worker-1] INFO  impl.RoleInfo (RoleInfo.java:shutdownLeaderState(104)) - fadf6fe5-11c1-4da6-9372-0a456385f570: shutdown fadf6fe5-11c1-4da6-9372-0a456385f570@group-076B8DC24DAC-LeaderState
2020-11-27 01:38:09,876 [ForkJoinPool.commonPool-worker-1] INFO  metrics.RatisMetrics (RatisMetrics.java:unregister(43)) - Unregistering Metrics Registry : ratis_grpc.log_appender.fadf6fe5-11c1-4da6-9372-0a456385f570@group-076B8DC24DAC
2020-11-27 01:38:09,876 [org.apache.ratis.server.impl.LogAppender$AppenderDaemon$$Lambda$473/1564135286@6887dcce] WARN  server.GrpcLogAppender (GrpcLogAppender.java:mayWait(168)) - fadf6fe5-11c1-4da6-9372-0a456385f570@group-076B8DC24DAC->03f5e28f-1ccf-47de-881e-8ae7723c653b-GrpcLogAppender: Wait interrupted by java.lang.InterruptedException
2020-11-27 01:38:09,877 [grpc-default-executor-6] INFO  server.GrpcServerProtocolService (GrpcServerProtocolService.java:onCompleted(138)) - 03f5e28f-1ccf-47de-881e-8ae7723c653b: Completed APPEND_ENTRIES, lastRequest: fadf6fe5-11c1-4da6-9372-0a456385f570->03f5e28f-1ccf-47de-881e-8ae7723c653b#1-t1, previous=(t:0, i:0), leaderCommit=-1, initializing? false, entries: size=1, first=(t:1, i:0), CONFIGURATIONENTRY
2020-11-27 01:38:09,877 [grpc-default-executor-8] INFO  server.GrpcLogAppender (GrpcLogAppender.java:onCompleted(337)) - fadf6fe5-11c1-4da6-9372-0a456385f570@group-076B8DC24DAC->03f5e28f-1ccf-47de-881e-8ae7723c653b-AppendLogResponseHandler: follower responses appendEntries COMPLETED
2020-11-27 01:38:09,877 [grpc-default-executor-8] INFO  impl.FollowerInfo (FollowerInfo.java:lambda$new$0(51)) - fadf6fe5-11c1-4da6-9372-0a456385f570@group-076B8DC24DAC->03f5e28f-1ccf-47de-881e-8ae7723c653b: nextIndex: updateUnconditionally 1 -> 0
2020-11-27 01:38:09,877 [ForkJoinPool.commonPool-worker-1] INFO  metrics.RatisMetrics (RatisMetrics.java:unregister(43)) - Unregistering Metrics Registry : ratis_grpc.log_appender.fadf6fe5-11c1-4da6-9372-0a456385f570@group-076B8DC24DAC
2020-11-27 01:38:09,877 [ForkJoinPool.commonPool-worker-1] INFO  impl.PendingRequests (PendingRequests.java:sendNotLeaderResponses(250)) - fadf6fe5-11c1-4da6-9372-0a456385f570@group-076B8DC24DAC-PendingRequests: sendNotLeaderResponses
2020-11-27 01:38:09,878 [ForkJoinPool.commonPool-worker-1] INFO  metrics.RatisMetrics (RatisMetrics.java:unregister(43)) - Unregistering Metrics Registry : ratis.log_appender.fadf6fe5-11c1-4da6-9372-0a456385f570@group-076B8DC24DAC
2020-11-27 01:38:09,878 [ForkJoinPool.commonPool-worker-1] INFO  metrics.RatisMetrics (RatisMetrics.java:unregister(43)) - Unregistering Metrics Registry : ratis.server.fadf6fe5-11c1-4da6-9372-0a456385f570@group-076B8DC24DAC
2020-11-27 01:38:09,879 [fadf6fe5-11c1-4da6-9372-0a456385f570@group-076B8DC24DAC-StateMachineUpdater] INFO  ratis.ContainerStateMachine (ContainerStateMachine.java:takeSnapshot(293)) - group-076B8DC24DAC: Taking a snapshot at:(t:1, i:0) file /github/workspace/mnt/ozone/hadoop-ozone/integration-test/target/test-dir/MiniOzoneClusterImpl-7befb19c-4ec9-4b73-94e9-5feb4aa859dd/datanode-2/data/ratis/30d8af58-a360-44d1-be5e-076b8dc24dac/sm/snapshot.1_0
2020-11-27 01:38:09,879 [ForkJoinPool.commonPool-worker-1] INFO  impl.StateMachineUpdater (StateMachineUpdater.java:stopAndJoin(147)) - fadf6fe5-11c1-4da6-9372-0a456385f570@group-076B8DC24DAC-StateMachineUpdater: set stopIndex = 0
2020-11-27 01:38:09,877 [Listener at 127.0.0.1/40963] INFO  statemachine.DatanodeStateMachine (DatanodeStateMachine.java:stopDaemon(459)) - Ozone container server stopped.
2020-11-27 01:38:09,879 [fadf6fe5-11c1-4da6-9372-0a456385f570@group-076B8DC24DAC-StateMachineUpdater] INFO  ratis.ContainerStateMachine (ContainerStateMachine.java:takeSnapshot(304)) - group-076B8DC24DAC: Finished taking a snapshot at:(t:1, i:0) file:/github/workspace/mnt/ozone/hadoop-ozone/integration-test/target/test-dir/MiniOzoneClusterImpl-7befb19c-4ec9-4b73-94e9-5feb4aa859dd/datanode-2/data/ratis/30d8af58-a360-44d1-be5e-076b8dc24dac/sm/snapshot.1_0 time:1
2020-11-27 01:38:09,880 [fadf6fe5-11c1-4da6-9372-0a456385f570@group-076B8DC24DAC-StateMachineUpdater] INFO  impl.StateMachineUpdater (StateMachineUpdater.java:takeSnapshot(278)) - fadf6fe5-11c1-4da6-9372-0a456385f570@group-076B8DC24DAC-StateMachineUpdater: Took a snapshot at index 0
2020-11-27 01:38:09,880 [fadf6fe5-11c1-4da6-9372-0a456385f570@group-076B8DC24DAC-StateMachineUpdater] INFO  impl.StateMachineUpdater (StateMachineUpdater.java:lambda$new$0(87)) - fadf6fe5-11c1-4da6-9372-0a456385f570@group-076B8DC24DAC-StateMachineUpdater: snapshotIndex: updateIncreasingly -1 -> 0
2020-11-27 01:38:09,880 [fadf6fe5-11c1-4da6-9372-0a456385f570@group-076B8DC24DAC-StateMachineUpdater] INFO  metrics.RatisMetrics (RatisMetrics.java:unregister(43)) - Unregistering Metrics Registry : ratis.state_machine.fadf6fe5-11c1-4da6-9372-0a456385f570@group-076B8DC24DAC
2020-11-27 01:38:09,880 [ForkJoinPool.commonPool-worker-1] INFO  impl.RaftServerImpl (ServerState.java:close(406)) - fadf6fe5-11c1-4da6-9372-0a456385f570@group-076B8DC24DAC: closes. applyIndex: 0
2020-11-27 01:38:09,877 [org.apache.ratis.server.impl.LogAppender$AppenderDaemon$$Lambda$473/1564135286@3ec4f4a7] WARN  server.GrpcLogAppender (GrpcLogAppender.java:mayWait(168)) - fadf6fe5-11c1-4da6-9372-0a456385f570@group-076B8DC24DAC->5b456079-358f-469d-9a4b-1e41f0af00c2-GrpcLogAppender: Wait interrupted by java.lang.InterruptedException
2020-11-27 01:38:09,880 [fadf6fe5-11c1-4da6-9372-0a456385f570@group-076B8DC24DAC-SegmentedRaftLogWorker] INFO  segmented.SegmentedRaftLogWorker (SegmentedRaftLogWorker.java:run(329)) - fadf6fe5-11c1-4da6-9372-0a456385f570@group-076B8DC24DAC-SegmentedRaftLogWorker was interrupted, exiting. There are 0 tasks remaining in the queue.
2020-11-27 01:38:09,880 [ForkJoinPool.commonPool-worker-1] INFO  segmented.SegmentedRaftLogWorker (SegmentedRaftLogWorker.java:close(235)) - fadf6fe5-11c1-4da6-9372-0a456385f570@group-076B8DC24DAC-SegmentedRaftLogWorker close()
2020-11-27 01:38:09,881 [grpc-default-executor-8] INFO  server.GrpcServerProtocolService (GrpcServerProtocolService.java:onCompleted(138)) - 5b456079-358f-469d-9a4b-1e41f0af00c2: Completed APPEND_ENTRIES, lastRequest: fadf6fe5-11c1-4da6-9372-0a456385f570->5b456079-358f-469d-9a4b-1e41f0af00c2#1-t1, previous=(t:0, i:0), leaderCommit=0, initializing? false, entries: size=1, first=(t:1, i:0), CONFIGURATIONENTRY
2020-11-27 01:38:09,881 [ForkJoinPool.commonPool-worker-1] INFO  metrics.RatisMetrics (RatisMetrics.java:unregister(43)) - Unregistering Metrics Registry : ratis.log_worker.fadf6fe5-11c1-4da6-9372-0a456385f570@group-076B8DC24DAC
2020-11-27 01:38:09,881 [grpc-default-executor-6] INFO  server.GrpcLogAppender (GrpcLogAppender.java:onCompleted(337)) - fadf6fe5-11c1-4da6-9372-0a456385f570@group-076B8DC24DAC->5b456079-358f-469d-9a4b-1e41f0af00c2-AppendLogResponseHandler: follower responses appendEntries COMPLETED
2020-11-27 01:38:09,882 [grpc-default-executor-6] INFO  impl.FollowerInfo (FollowerInfo.java:lambda$new$0(51)) - fadf6fe5-11c1-4da6-9372-0a456385f570@group-076B8DC24DAC->5b456079-358f-469d-9a4b-1e41f0af00c2: nextIndex: updateUnconditionally 1 -> 0
2020-11-27 01:38:09,882 [ForkJoinPool.commonPool-worker-1] INFO  metrics.RatisMetrics (RatisMetrics.java:unregister(43)) - Unregistering Metrics Registry : ratis.leader_election.fadf6fe5-11c1-4da6-9372-0a456385f570@group-076B8DC24DAC
2020-11-27 01:38:09,883 [ForkJoinPool.commonPool-worker-1] INFO  metrics.RatisMetrics (RatisMetrics.java:unregister(43)) - Unregistering Metrics Registry : ratis.server.fadf6fe5-11c1-4da6-9372-0a456385f570@group-076B8DC24DAC
2020-11-27 01:38:09,883 [ForkJoinPool.commonPool-worker-1] INFO  server.GrpcService (GrpcService.java:closeImpl(184)) - fadf6fe5-11c1-4da6-9372-0a456385f570: shutdown server with port 44925 now
2020-11-27 01:38:09,887 [ForkJoinPool.commonPool-worker-1] INFO  server.GrpcService (GrpcService.java:closeImpl(193)) - fadf6fe5-11c1-4da6-9372-0a456385f570: shutdown server with port 44925 successfully
2020-11-27 01:38:09,894 [ForkJoinPool.commonPool-worker-1] INFO  utils.BackgroundService (BackgroundService.java:shutdown(132)) - Shutting down service BlockDeletingService
2020-11-27 01:38:09,895 [ForkJoinPool.commonPool-worker-1] INFO  statemachine.DatanodeStateMachine (DatanodeStateMachine.java:stopDaemon(459)) - Ozone container server stopped.
2020-11-27 01:38:09,897 [Listener at 127.0.0.1/40963] INFO  handler.ContextHandler (ContextHandler.java:doStop(1154)) - Stopped o.e.j.w.WebAppContext@3e95a9b4{hddsDatanode,/,null,STOPPED}{jar:file:/home/user/.m2/repository/org/apache/hadoop/hadoop-hdds-container-service/1.1.0-SNAPSHOT/hadoop-hdds-container-service-1.1.0-SNAPSHOT.jar!/webapps/hddsDatanode}
2020-11-27 01:38:09,898 [Listener at 127.0.0.1/40963] INFO  server.AbstractConnector (AbstractConnector.java:doStop(381)) - Stopped ServerConnector@a5b518f{HTTP/1.1, (http/1.1)}{0.0.0.0:0}
2020-11-27 01:38:09,898 [Listener at 127.0.0.1/40963] INFO  server.session (HouseKeeper.java:stopScavenging(149)) - node0 Stopped scavenging
2020-11-27 01:38:09,898 [Listener at 127.0.0.1/40963] INFO  handler.ContextHandler (ContextHandler.java:doStop(1154)) - Stopped o.e.j.s.ServletContextHandler@4830ada5{static,/static,jar:file:/home/user/.m2/repository/org/apache/hadoop/hadoop-hdds-container-service/1.1.0-SNAPSHOT/hadoop-hdds-container-service-1.1.0-SNAPSHOT.jar!/webapps/static,STOPPED}
2020-11-27 01:38:09,898 [Listener at 127.0.0.1/40963] INFO  handler.ContextHandler (ContextHandler.java:doStop(1154)) - Stopped o.e.j.s.ServletContextHandler@7816ddea{logs,/logs,file:///github/workspace/mnt/ozone/hadoop-ozone/integration-test/target/log,STOPPED}
2020-11-27 01:38:09,906 [ForkJoinPool.commonPool-worker-1] INFO  handler.ContextHandler (ContextHandler.java:doStop(1154)) - Stopped o.e.j.w.WebAppContext@38f0fbd4{hddsDatanode,/,null,STOPPED}{jar:file:/home/user/.m2/repository/org/apache/hadoop/hadoop-hdds-container-service/1.1.0-SNAPSHOT/hadoop-hdds-container-service-1.1.0-SNAPSHOT.jar!/webapps/hddsDatanode}
2020-11-27 01:38:09,908 [ForkJoinPool.commonPool-worker-1] INFO  server.AbstractConnector (AbstractConnector.java:doStop(381)) - Stopped ServerConnector@1b6c6587{HTTP/1.1, (http/1.1)}{0.0.0.0:0}
2020-11-27 01:38:09,908 [ForkJoinPool.commonPool-worker-1] INFO  server.session (HouseKeeper.java:stopScavenging(149)) - node0 Stopped scavenging
2020-11-27 01:38:09,913 [ForkJoinPool.commonPool-worker-1] INFO  handler.ContextHandler (ContextHandler.java:doStop(1154)) - Stopped o.e.j.s.ServletContextHandler@585d0b4e{static,/static,jar:file:/home/user/.m2/repository/org/apache/hadoop/hadoop-hdds-container-service/1.1.0-SNAPSHOT/hadoop-hdds-container-service-1.1.0-SNAPSHOT.jar!/webapps/static,STOPPED}
2020-11-27 01:38:09,913 [ForkJoinPool.commonPool-worker-1] INFO  handler.ContextHandler (ContextHandler.java:doStop(1154)) - Stopped o.e.j.s.ServletContextHandler@557dec46{logs,/logs,file:///github/workspace/mnt/ozone/hadoop-ozone/integration-test/target/log,STOPPED}
2020-11-27 01:38:09,940 [Datanode State Machine Thread - 0] INFO  statemachine.DatanodeStateMachine (DatanodeStateMachine.java:lambda$startDaemon$0(406)) - Ozone container server started.
2020-11-27 01:38:10,793 [Datanode State Machine Thread - 0] INFO  statemachine.DatanodeStateMachine (DatanodeStateMachine.java:lambda$startDaemon$0(406)) - Ozone container server started.
2020-11-27 01:38:11,772 [grpc-default-executor-1] WARN  server.GrpcLogAppender (LogUtils.java:warn(122)) - d247a803-3982-4a1e-9d5c-2cb5c984a205@group-977A4CF7E56E->525ac4ff-a043-43ae-b658-3dd89705e4a8-AppendLogResponseHandler: Failed appendEntries: org.apache.ratis.thirdparty.io.grpc.StatusRuntimeException: UNAVAILABLE: io exception
2020-11-27 01:38:11,773 [grpc-default-executor-1] WARN  server.GrpcLogAppender (GrpcLogAppender.java:resetClient(107)) - d247a803-3982-4a1e-9d5c-2cb5c984a205@group-977A4CF7E56E->525ac4ff-a043-43ae-b658-3dd89705e4a8-GrpcLogAppender: Leader has not got in touch with Follower d247a803-3982-4a1e-9d5c-2cb5c984a205@group-977A4CF7E56E->525ac4ff-a043-43ae-b658-3dd89705e4a8(c0,m0,n1, attendVote=true, lastRpcSendTime=2, lastRpcResponseTime=2503) yet, just keep nextIndex unchanged and retry.
2020-11-27 01:38:12,374 [grpc-default-executor-1] WARN  server.GrpcLogAppender (LogUtils.java:warn(122)) - eda6bd80-3bc8-486f-b21b-103a464f444a@group-B33F8C582359->525ac4ff-a043-43ae-b658-3dd89705e4a8-AppendLogResponseHandler: Failed appendEntries: org.apache.ratis.thirdparty.io.grpc.StatusRuntimeException: UNAVAILABLE: io exception
2020-11-27 01:38:12,374 [grpc-default-executor-1] INFO  impl.FollowerInfo (FollowerInfo.java:lambda$new$0(51)) - eda6bd80-3bc8-486f-b21b-103a464f444a@group-B33F8C582359->525ac4ff-a043-43ae-b658-3dd89705e4a8: nextIndex: updateUnconditionally 5 -> 4
2020-11-27 01:38:14,043 [EventQueue-StaleNodeForStaleNodeHandler] INFO  node.StaleNodeHandler (StaleNodeHandler.java:onMessage(58)) - Datanode fadf6fe5-11c1-4da6-9372-0a456385f570{ip: 172.17.0.2, host: 3bf31645156d, networkLocation: /default-rack, certSerialId: null} moved to stale state. Finalizing its pipelines [PipelineID=3c6fe38f-4820-47fc-90c2-cb66f6db5a4a, PipelineID=a3c6bac2-4b9d-4d8f-9e5c-54b732c6fda1, PipelineID=30d8af58-a360-44d1-be5e-076b8dc24dac]
2020-11-27 01:38:14,043 [EventQueue-StaleNodeForStaleNodeHandler] INFO  pipeline.SCMPipelineManager (SCMPipelineManager.java:finalizeAndDestroyPipeline(482)) - Destroying pipeline:Pipeline[ Id: 3c6fe38f-4820-47fc-90c2-cb66f6db5a4a, Nodes: 03f5e28f-1ccf-47de-881e-8ae7723c653b{ip: 172.17.0.2, host: 3bf31645156d, networkLocation: /default-rack, certSerialId: null}5b456079-358f-469d-9a4b-1e41f0af00c2{ip: 172.17.0.2, host: 3bf31645156d, networkLocation: /default-rack, certSerialId: null}fadf6fe5-11c1-4da6-9372-0a456385f570{ip: 172.17.0.2, host: 3bf31645156d, networkLocation: /default-rack, certSerialId: null}, Type:RATIS, Factor:THREE, State:ALLOCATED, leaderId:, CreationTimestamp2020-11-27T01:37:58.927Z]
2020-11-27 01:38:14,043 [EventQueue-StaleNodeForStaleNodeHandler] INFO  pipeline.PipelineStateManager (PipelineStateManager.java:finalizePipeline(121)) - Pipeline Pipeline[ Id: 3c6fe38f-4820-47fc-90c2-cb66f6db5a4a, Nodes: 03f5e28f-1ccf-47de-881e-8ae7723c653b{ip: 172.17.0.2, host: 3bf31645156d, networkLocation: /default-rack, certSerialId: null}5b456079-358f-469d-9a4b-1e41f0af00c2{ip: 172.17.0.2, host: 3bf31645156d, networkLocation: /default-rack, certSerialId: null}fadf6fe5-11c1-4da6-9372-0a456385f570{ip: 172.17.0.2, host: 3bf31645156d, networkLocation: /default-rack, certSerialId: null}, Type:RATIS, Factor:THREE, State:CLOSED, leaderId:, CreationTimestamp2020-11-27T01:37:58.927Z] moved to CLOSED state
2020-11-27 01:38:14,044 [EventQueue-StaleNodeForStaleNodeHandler] INFO  pipeline.SCMPipelineManager (SCMPipelineManager.java:finalizeAndDestroyPipeline(482)) - Destroying pipeline:Pipeline[ Id: a3c6bac2-4b9d-4d8f-9e5c-54b732c6fda1, Nodes: fadf6fe5-11c1-4da6-9372-0a456385f570{ip: 172.17.0.2, host: 3bf31645156d, networkLocation: /default-rack, certSerialId: null}, Type:RATIS, Factor:ONE, State:OPEN, leaderId:fadf6fe5-11c1-4da6-9372-0a456385f570, CreationTimestamp2020-11-27T01:37:30.906Z]
2020-11-27 01:38:14,044 [EventQueue-StaleNodeForStaleNodeHandler] INFO  pipeline.PipelineStateManager (PipelineStateManager.java:finalizePipeline(121)) - Pipeline Pipeline[ Id: a3c6bac2-4b9d-4d8f-9e5c-54b732c6fda1, Nodes: fadf6fe5-11c1-4da6-9372-0a456385f570{ip: 172.17.0.2, host: 3bf31645156d, networkLocation: /default-rack, certSerialId: null}, Type:RATIS, Factor:ONE, State:CLOSED, leaderId:fadf6fe5-11c1-4da6-9372-0a456385f570, CreationTimestamp2020-11-27T01:37:30.906Z] moved to CLOSED state
2020-11-27 01:38:14,044 [EventQueue-StaleNodeForStaleNodeHandler] INFO  pipeline.SCMPipelineManager (SCMPipelineManager.java:finalizeAndDestroyPipeline(482)) - Destroying pipeline:Pipeline[ Id: 30d8af58-a360-44d1-be5e-076b8dc24dac, Nodes: 03f5e28f-1ccf-47de-881e-8ae7723c653b{ip: 172.17.0.2, host: 3bf31645156d, networkLocation: /default-rack, certSerialId: null}5b456079-358f-469d-9a4b-1e41f0af00c2{ip: 172.17.0.2, host: 3bf31645156d, networkLocation: /default-rack, certSerialId: null}fadf6fe5-11c1-4da6-9372-0a456385f570{ip: 172.17.0.2, host: 3bf31645156d, networkLocation: /default-rack, certSerialId: null}, Type:RATIS, Factor:THREE, State:ALLOCATED, leaderId:, CreationTimestamp2020-11-27T01:37:58.926Z]
2020-11-27 01:38:14,044 [EventQueue-StaleNodeForStaleNodeHandler] INFO  pipeline.PipelineStateManager (PipelineStateManager.java:finalizePipeline(121)) - Pipeline Pipeline[ Id: 30d8af58-a360-44d1-be5e-076b8dc24dac, Nodes: 03f5e28f-1ccf-47de-881e-8ae7723c653b{ip: 172.17.0.2, host: 3bf31645156d, networkLocation: /default-rack, certSerialId: null}5b456079-358f-469d-9a4b-1e41f0af00c2{ip: 172.17.0.2, host: 3bf31645156d, networkLocation: /default-rack, certSerialId: null}fadf6fe5-11c1-4da6-9372-0a456385f570{ip: 172.17.0.2, host: 3bf31645156d, networkLocation: /default-rack, certSerialId: null}, Type:RATIS, Factor:THREE, State:CLOSED, leaderId:, CreationTimestamp2020-11-27T01:37:58.926Z] moved to CLOSED state
2020-11-27 01:38:14,271 [grpc-default-executor-1] WARN  server.GrpcLogAppender (LogUtils.java:warn(122)) - d247a803-3982-4a1e-9d5c-2cb5c984a205@group-977A4CF7E56E->525ac4ff-a043-43ae-b658-3dd89705e4a8-AppendLogResponseHandler: Failed appendEntries: org.apache.ratis.thirdparty.io.grpc.StatusRuntimeException: UNAVAILABLE: io exception
2020-11-27 01:38:14,272 [grpc-default-executor-1] WARN  server.GrpcLogAppender (GrpcLogAppender.java:resetClient(107)) - d247a803-3982-4a1e-9d5c-2cb5c984a205@group-977A4CF7E56E->525ac4ff-a043-43ae-b658-3dd89705e4a8-GrpcLogAppender: Leader has not got in touch with Follower d247a803-3982-4a1e-9d5c-2cb5c984a205@group-977A4CF7E56E->525ac4ff-a043-43ae-b658-3dd89705e4a8(c0,m0,n1, attendVote=true, lastRpcSendTime=0, lastRpcResponseTime=5002) yet, just keep nextIndex unchanged and retry.
2020-11-27 01:38:14,844 [EventQueue-StaleNodeForStaleNodeHandler] INFO  node.StaleNodeHandler (StaleNodeHandler.java:onMessage(58)) - Datanode 525ac4ff-a043-43ae-b658-3dd89705e4a8{ip: 172.17.0.2, host: 3bf31645156d, networkLocation: /default-rack, certSerialId: null} moved to stale state. Finalizing its pipelines [PipelineID=17ccad59-30bb-45e7-92be-977a4cf7e56e, PipelineID=5249168d-d0a0-4681-94ef-1a46c086db31, PipelineID=0becb242-989c-45d7-a586-b33f8c582359]
2020-11-27 01:38:14,844 [EventQueue-StaleNodeForStaleNodeHandler] INFO  pipeline.SCMPipelineManager (SCMPipelineManager.java:finalizeAndDestroyPipeline(482)) - Destroying pipeline:Pipeline[ Id: 17ccad59-30bb-45e7-92be-977a4cf7e56e, Nodes: d247a803-3982-4a1e-9d5c-2cb5c984a205{ip: 172.17.0.2, host: 3bf31645156d, networkLocation: /default-rack, certSerialId: null}525ac4ff-a043-43ae-b658-3dd89705e4a8{ip: 172.17.0.2, host: 3bf31645156d, networkLocation: /default-rack, certSerialId: null}eda6bd80-3bc8-486f-b21b-103a464f444a{ip: 172.17.0.2, host: 3bf31645156d, networkLocation: /default-rack, certSerialId: null}, Type:RATIS, Factor:THREE, State:OPEN, leaderId:d247a803-3982-4a1e-9d5c-2cb5c984a205, CreationTimestamp2020-11-27T01:37:31.504Z]
2020-11-27 01:38:14,844 [EventQueue-StaleNodeForStaleNodeHandler] INFO  pipeline.PipelineStateManager (PipelineStateManager.java:finalizePipeline(121)) - Pipeline Pipeline[ Id: 17ccad59-30bb-45e7-92be-977a4cf7e56e, Nodes: d247a803-3982-4a1e-9d5c-2cb5c984a205{ip: 172.17.0.2, host: 3bf31645156d, networkLocation: /default-rack, certSerialId: null}525ac4ff-a043-43ae-b658-3dd89705e4a8{ip: 172.17.0.2, host: 3bf31645156d, networkLocation: /default-rack, certSerialId: null}eda6bd80-3bc8-486f-b21b-103a464f444a{ip: 172.17.0.2, host: 3bf31645156d, networkLocation: /default-rack, certSerialId: null}, Type:RATIS, Factor:THREE, State:CLOSED, leaderId:d247a803-3982-4a1e-9d5c-2cb5c984a205, CreationTimestamp2020-11-27T01:37:31.504Z] moved to CLOSED state
2020-11-27 01:38:14,845 [EventQueue-StaleNodeForStaleNodeHandler] INFO  pipeline.SCMPipelineManager (SCMPipelineManager.java:finalizeAndDestroyPipeline(482)) - Destroying pipeline:Pipeline[ Id: 5249168d-d0a0-4681-94ef-1a46c086db31, Nodes: 525ac4ff-a043-43ae-b658-3dd89705e4a8{ip: 172.17.0.2, host: 3bf31645156d, networkLocation: /default-rack, certSerialId: null}, Type:RATIS, Factor:ONE, State:OPEN, leaderId:525ac4ff-a043-43ae-b658-3dd89705e4a8, CreationTimestamp2020-11-27T01:37:31.323Z]
2020-11-27 01:38:14,845 [EventQueue-StaleNodeForStaleNodeHandler] INFO  pipeline.PipelineStateManager (PipelineStateManager.java:finalizePipeline(121)) - Pipeline Pipeline[ Id: 5249168d-d0a0-4681-94ef-1a46c086db31, Nodes: 525ac4ff-a043-43ae-b658-3dd89705e4a8{ip: 172.17.0.2, host: 3bf31645156d, networkLocation: /default-rack, certSerialId: null}, Type:RATIS, Factor:ONE, State:CLOSED, leaderId:525ac4ff-a043-43ae-b658-3dd89705e4a8, CreationTimestamp2020-11-27T01:37:31.323Z] moved to CLOSED state
2020-11-27 01:38:14,845 [EventQueue-StaleNodeForStaleNodeHandler] INFO  pipeline.SCMPipelineManager (SCMPipelineManager.java:finalizeAndDestroyPipeline(482)) - Destroying pipeline:Pipeline[ Id: 0becb242-989c-45d7-a586-b33f8c582359, Nodes: d247a803-3982-4a1e-9d5c-2cb5c984a205{ip: 172.17.0.2, host: 3bf31645156d, networkLocation: /default-rack, certSerialId: null}525ac4ff-a043-43ae-b658-3dd89705e4a8{ip: 172.17.0.2, host: 3bf31645156d, networkLocation: /default-rack, certSerialId: null}eda6bd80-3bc8-486f-b21b-103a464f444a{ip: 172.17.0.2, host: 3bf31645156d, networkLocation: /default-rack, certSerialId: null}, Type:RATIS, Factor:THREE, State:OPEN, leaderId:eda6bd80-3bc8-486f-b21b-103a464f444a, CreationTimestamp2020-11-27T01:37:31.504Z]
2020-11-27 01:38:14,845 [EventQueue-StaleNodeForStaleNodeHandler] INFO  pipeline.PipelineStateManager (PipelineStateManager.java:finalizePipeline(121)) - Pipeline Pipeline[ Id: 0becb242-989c-45d7-a586-b33f8c582359, Nodes: d247a803-3982-4a1e-9d5c-2cb5c984a205{ip: 172.17.0.2, host: 3bf31645156d, networkLocation: /default-rack, certSerialId: null}525ac4ff-a043-43ae-b658-3dd89705e4a8{ip: 172.17.0.2, host: 3bf31645156d, networkLocation: /default-rack, certSerialId: null}eda6bd80-3bc8-486f-b21b-103a464f444a{ip: 172.17.0.2, host: 3bf31645156d, networkLocation: /default-rack, certSerialId: null}, Type:RATIS, Factor:THREE, State:CLOSED, leaderId:eda6bd80-3bc8-486f-b21b-103a464f444a, CreationTimestamp2020-11-27T01:37:31.504Z] moved to CLOSED state
2020-11-27 01:38:14,846 [EventQueue-CloseContainerForCloseContainerEventHandler] INFO  container.CloseContainerEventHandler (CloseContainerEventHandler.java:onMessage(61)) - Close container Event triggered for container : #3
2020-11-27 01:38:14,874 [grpc-default-executor-1] WARN  server.GrpcLogAppender (LogUtils.java:warn(122)) - eda6bd80-3bc8-486f-b21b-103a464f444a@group-B33F8C582359->525ac4ff-a043-43ae-b658-3dd89705e4a8-AppendLogResponseHandler: Failed appendEntries: org.apache.ratis.thirdparty.io.grpc.StatusRuntimeException: UNAVAILABLE: io exception
2020-11-27 01:38:14,874 [grpc-default-executor-1] INFO  impl.FollowerInfo (FollowerInfo.java:lambda$new$0(51)) - eda6bd80-3bc8-486f-b21b-103a464f444a@group-B33F8C582359->525ac4ff-a043-43ae-b658-3dd89705e4a8: nextIndex: updateUnconditionally 5 -> 4
2020-11-27 01:38:14,900 [Listener at 127.0.0.1/40963] INFO  ozoneimpl.OzoneContainer (OzoneContainer.java:stop(257)) - Attempting to stop container services.
2020-11-27 01:38:14,900 [Listener at 127.0.0.1/40963] INFO  impl.RaftServerProxy (RaftServerProxy.java:lambda$close$4(338)) - d247a803-3982-4a1e-9d5c-2cb5c984a205: close
2020-11-27 01:38:14,900 [Listener at 127.0.0.1/40963] INFO  impl.RaftServerImpl (RaftServerImpl.java:lambda$shutdown$3(328)) - d247a803-3982-4a1e-9d5c-2cb5c984a205@group-977A4CF7E56E: shutdown
2020-11-27 01:38:14,901 [Listener at 127.0.0.1/40963] INFO  util.JmxRegister (JmxRegister.java:unregister(73)) - Successfully un-registered JMX Bean with object name Ratis:service=RaftServer,group=group-977A4CF7E56E,id=d247a803-3982-4a1e-9d5c-2cb5c984a205
2020-11-27 01:38:14,901 [Listener at 127.0.0.1/40963] INFO  impl.RoleInfo (RoleInfo.java:shutdownLeaderState(104)) - d247a803-3982-4a1e-9d5c-2cb5c984a205: shutdown d247a803-3982-4a1e-9d5c-2cb5c984a205@group-977A4CF7E56E-LeaderState
2020-11-27 01:38:14,901 [Listener at 127.0.0.1/40963] INFO  metrics.RatisMetrics (RatisMetrics.java:unregister(43)) - Unregistering Metrics Registry : ratis_grpc.log_appender.d247a803-3982-4a1e-9d5c-2cb5c984a205@group-977A4CF7E56E
2020-11-27 01:38:14,901 [Listener at 127.0.0.1/40963] INFO  metrics.RatisMetrics (RatisMetrics.java:unregister(43)) - Unregistering Metrics Registry : ratis_grpc.log_appender.d247a803-3982-4a1e-9d5c-2cb5c984a205@group-977A4CF7E56E
2020-11-27 01:38:14,901 [org.apache.ratis.server.impl.LogAppender$AppenderDaemon$$Lambda$473/1564135286@58406636] WARN  server.GrpcLogAppender (GrpcLogAppender.java:mayWait(168)) - d247a803-3982-4a1e-9d5c-2cb5c984a205@group-977A4CF7E56E->525ac4ff-a043-43ae-b658-3dd89705e4a8-GrpcLogAppender: Wait interrupted by java.lang.InterruptedException
2020-11-27 01:38:14,901 [org.apache.ratis.server.impl.LogAppender$AppenderDaemon$$Lambda$473/1564135286@7b2aa18f] WARN  server.GrpcLogAppender (GrpcLogAppender.java:mayWait(168)) - d247a803-3982-4a1e-9d5c-2cb5c984a205@group-977A4CF7E56E->eda6bd80-3bc8-486f-b21b-103a464f444a-GrpcLogAppender: Wait interrupted by java.lang.InterruptedException
2020-11-27 01:38:14,901 [Listener at 127.0.0.1/40963] INFO  impl.PendingRequests (PendingRequests.java:sendNotLeaderResponses(250)) - d247a803-3982-4a1e-9d5c-2cb5c984a205@group-977A4CF7E56E-PendingRequests: sendNotLeaderResponses
2020-11-27 01:38:14,902 [grpc-default-executor-1] INFO  server.GrpcServerProtocolService (GrpcServerProtocolService.java:onCompleted(138)) - eda6bd80-3bc8-486f-b21b-103a464f444a: Completed APPEND_ENTRIES, lastRequest: d247a803-3982-4a1e-9d5c-2cb5c984a205->eda6bd80-3bc8-486f-b21b-103a464f444a#1-t1, previous=(t:0, i:0), leaderCommit=0, initializing? false, entries: size=1, first=(t:1, i:0), CONFIGURATIONENTRY
2020-11-27 01:38:14,902 [Listener at 127.0.0.1/40963] INFO  metrics.RatisMetrics (RatisMetrics.java:unregister(43)) - Unregistering Metrics Registry : ratis.log_appender.d247a803-3982-4a1e-9d5c-2cb5c984a205@group-977A4CF7E56E
2020-11-27 01:38:14,902 [Listener at 127.0.0.1/40963] INFO  metrics.RatisMetrics (RatisMetrics.java:unregister(43)) - Unregistering Metrics Registry : ratis.server.d247a803-3982-4a1e-9d5c-2cb5c984a205@group-977A4CF7E56E
2020-11-27 01:38:14,904 [Listener at 127.0.0.1/40963] INFO  impl.StateMachineUpdater (StateMachineUpdater.java:stopAndJoin(147)) - d247a803-3982-4a1e-9d5c-2cb5c984a205@group-977A4CF7E56E-StateMachineUpdater: set stopIndex = 0
2020-11-27 01:38:14,904 [d247a803-3982-4a1e-9d5c-2cb5c984a205@group-977A4CF7E56E-StateMachineUpdater] INFO  ratis.ContainerStateMachine (ContainerStateMachine.java:takeSnapshot(293)) - group-977A4CF7E56E: Taking a snapshot at:(t:1, i:0) file /github/workspace/mnt/ozone/hadoop-ozone/integration-test/target/test-dir/MiniOzoneClusterImpl-7befb19c-4ec9-4b73-94e9-5feb4aa859dd/datanode-3/data/ratis/17ccad59-30bb-45e7-92be-977a4cf7e56e/sm/snapshot.1_0
2020-11-27 01:38:14,904 [grpc-default-executor-6] INFO  server.GrpcLogAppender (GrpcLogAppender.java:onCompleted(337)) - d247a803-3982-4a1e-9d5c-2cb5c984a205@group-977A4CF7E56E->eda6bd80-3bc8-486f-b21b-103a464f444a-AppendLogResponseHandler: follower responses appendEntries COMPLETED
2020-11-27 01:38:14,904 [grpc-default-executor-6] INFO  impl.FollowerInfo (FollowerInfo.java:lambda$new$0(51)) - d247a803-3982-4a1e-9d5c-2cb5c984a205@group-977A4CF7E56E->eda6bd80-3bc8-486f-b21b-103a464f444a: nextIndex: updateUnconditionally 1 -> 0
2020-11-27 01:38:14,907 [d247a803-3982-4a1e-9d5c-2cb5c984a205@group-977A4CF7E56E-StateMachineUpdater] INFO  ratis.ContainerStateMachine (ContainerStateMachine.java:takeSnapshot(304)) - group-977A4CF7E56E: Finished taking a snapshot at:(t:1, i:0) file:/github/workspace/mnt/ozone/hadoop-ozone/integration-test/target/test-dir/MiniOzoneClusterImpl-7befb19c-4ec9-4b73-94e9-5feb4aa859dd/datanode-3/data/ratis/17ccad59-30bb-45e7-92be-977a4cf7e56e/sm/snapshot.1_0 time:3
2020-11-27 01:38:14,907 [d247a803-3982-4a1e-9d5c-2cb5c984a205@group-977A4CF7E56E-StateMachineUpdater] INFO  impl.StateMachineUpdater (StateMachineUpdater.java:takeSnapshot(278)) - d247a803-3982-4a1e-9d5c-2cb5c984a205@group-977A4CF7E56E-StateMachineUpdater: Took a snapshot at index 0
2020-11-27 01:38:14,907 [d247a803-3982-4a1e-9d5c-2cb5c984a205@group-977A4CF7E56E-StateMachineUpdater] INFO  impl.StateMachineUpdater (StateMachineUpdater.java:lambda$new$0(87)) - d247a803-3982-4a1e-9d5c-2cb5c984a205@group-977A4CF7E56E-StateMachineUpdater: snapshotIndex: updateIncreasingly -1 -> 0
2020-11-27 01:38:14,907 [d247a803-3982-4a1e-9d5c-2cb5c984a205@group-977A4CF7E56E-StateMachineUpdater] INFO  metrics.RatisMetrics (RatisMetrics.java:unregister(43)) - Unregistering Metrics Registry : ratis.state_machine.d247a803-3982-4a1e-9d5c-2cb5c984a205@group-977A4CF7E56E
2020-11-27 01:38:14,907 [Listener at 127.0.0.1/40963] INFO  impl.RaftServerImpl (ServerState.java:close(406)) - d247a803-3982-4a1e-9d5c-2cb5c984a205@group-977A4CF7E56E: closes. applyIndex: 0
2020-11-27 01:38:14,907 [d247a803-3982-4a1e-9d5c-2cb5c984a205@group-977A4CF7E56E-SegmentedRaftLogWorker] INFO  segmented.SegmentedRaftLogWorker (SegmentedRaftLogWorker.java:run(329)) - d247a803-3982-4a1e-9d5c-2cb5c984a205@group-977A4CF7E56E-SegmentedRaftLogWorker was interrupted, exiting. There are 0 tasks remaining in the queue.
2020-11-27 01:38:14,908 [Listener at 127.0.0.1/40963] INFO  segmented.SegmentedRaftLogWorker (SegmentedRaftLogWorker.java:close(235)) - d247a803-3982-4a1e-9d5c-2cb5c984a205@group-977A4CF7E56E-SegmentedRaftLogWorker close()
2020-11-27 01:38:14,908 [Listener at 127.0.0.1/40963] INFO  metrics.RatisMetrics (RatisMetrics.java:unregister(43)) - Unregistering Metrics Registry : ratis.log_worker.d247a803-3982-4a1e-9d5c-2cb5c984a205@group-977A4CF7E56E
2020-11-27 01:38:14,908 [Listener at 127.0.0.1/40963] INFO  metrics.RatisMetrics (RatisMetrics.java:unregister(43)) - Unregistering Metrics Registry : ratis.leader_election.d247a803-3982-4a1e-9d5c-2cb5c984a205@group-977A4CF7E56E
2020-11-27 01:38:14,908 [Listener at 127.0.0.1/40963] INFO  metrics.RatisMetrics (RatisMetrics.java:unregister(43)) - Unregistering Metrics Registry : ratis.server.d247a803-3982-4a1e-9d5c-2cb5c984a205@group-977A4CF7E56E
2020-11-27 01:38:14,908 [Listener at 127.0.0.1/40963] INFO  impl.RaftServerImpl (RaftServerImpl.java:lambda$shutdown$3(328)) - d247a803-3982-4a1e-9d5c-2cb5c984a205@group-AE32BD2D6BB6: shutdown
2020-11-27 01:38:14,908 [Listener at 127.0.0.1/40963] INFO  util.JmxRegister (JmxRegister.java:unregister(73)) - Successfully un-registered JMX Bean with object name Ratis:service=RaftServer,group=group-AE32BD2D6BB6,id=d247a803-3982-4a1e-9d5c-2cb5c984a205
2020-11-27 01:38:14,909 [Listener at 127.0.0.1/40963] INFO  impl.RoleInfo (RoleInfo.java:shutdownLeaderState(104)) - d247a803-3982-4a1e-9d5c-2cb5c984a205: shutdown d247a803-3982-4a1e-9d5c-2cb5c984a205@group-AE32BD2D6BB6-LeaderState
2020-11-27 01:38:14,909 [Listener at 127.0.0.1/40963] INFO  impl.PendingRequests (PendingRequests.java:sendNotLeaderResponses(250)) - d247a803-3982-4a1e-9d5c-2cb5c984a205@group-AE32BD2D6BB6-PendingRequests: sendNotLeaderResponses
2020-11-27 01:38:14,909 [Listener at 127.0.0.1/40963] INFO  metrics.RatisMetrics (RatisMetrics.java:unregister(43)) - Unregistering Metrics Registry : ratis.log_appender.d247a803-3982-4a1e-9d5c-2cb5c984a205@group-AE32BD2D6BB6
2020-11-27 01:38:14,909 [Listener at 127.0.0.1/40963] INFO  metrics.RatisMetrics (RatisMetrics.java:unregister(43)) - Unregistering Metrics Registry : ratis.server.d247a803-3982-4a1e-9d5c-2cb5c984a205@group-AE32BD2D6BB6
2020-11-27 01:38:14,910 [Listener at 127.0.0.1/40963] INFO  impl.StateMachineUpdater (StateMachineUpdater.java:stopAndJoin(147)) - d247a803-3982-4a1e-9d5c-2cb5c984a205@group-AE32BD2D6BB6-StateMachineUpdater: set stopIndex = 0
2020-11-27 01:38:14,910 [d247a803-3982-4a1e-9d5c-2cb5c984a205@group-AE32BD2D6BB6-StateMachineUpdater] INFO  ratis.ContainerStateMachine (ContainerStateMachine.java:takeSnapshot(293)) - group-AE32BD2D6BB6: Taking a snapshot at:(t:1, i:0) file /github/workspace/mnt/ozone/hadoop-ozone/integration-test/target/test-dir/MiniOzoneClusterImpl-7befb19c-4ec9-4b73-94e9-5feb4aa859dd/datanode-3/data/ratis/e1b218e9-10ac-44f1-8155-ae32bd2d6bb6/sm/snapshot.1_0
2020-11-27 01:38:14,911 [d247a803-3982-4a1e-9d5c-2cb5c984a205@group-AE32BD2D6BB6-StateMachineUpdater] INFO  ratis.ContainerStateMachine (ContainerStateMachine.java:takeSnapshot(304)) - group-AE32BD2D6BB6: Finished taking a snapshot at:(t:1, i:0) file:/github/workspace/mnt/ozone/hadoop-ozone/integration-test/target/test-dir/MiniOzoneClusterImpl-7befb19c-4ec9-4b73-94e9-5feb4aa859dd/datanode-3/data/ratis/e1b218e9-10ac-44f1-8155-ae32bd2d6bb6/sm/snapshot.1_0 time:1
2020-11-27 01:38:14,911 [d247a803-3982-4a1e-9d5c-2cb5c984a205@group-AE32BD2D6BB6-StateMachineUpdater] INFO  impl.StateMachineUpdater (StateMachineUpdater.java:takeSnapshot(278)) - d247a803-3982-4a1e-9d5c-2cb5c984a205@group-AE32BD2D6BB6-StateMachineUpdater: Took a snapshot at index 0
2020-11-27 01:38:14,911 [d247a803-3982-4a1e-9d5c-2cb5c984a205@group-AE32BD2D6BB6-StateMachineUpdater] INFO  impl.StateMachineUpdater (StateMachineUpdater.java:lambda$new$0(87)) - d247a803-3982-4a1e-9d5c-2cb5c984a205@group-AE32BD2D6BB6-StateMachineUpdater: snapshotIndex: updateIncreasingly -1 -> 0
2020-11-27 01:38:14,911 [d247a803-3982-4a1e-9d5c-2cb5c984a205@group-AE32BD2D6BB6-StateMachineUpdater] INFO  metrics.RatisMetrics (RatisMetrics.java:unregister(43)) - Unregistering Metrics Registry : ratis.state_machine.d247a803-3982-4a1e-9d5c-2cb5c984a205@group-AE32BD2D6BB6
2020-11-27 01:38:14,911 [Listener at 127.0.0.1/40963] INFO  impl.RaftServerImpl (ServerState.java:close(406)) - d247a803-3982-4a1e-9d5c-2cb5c984a205@group-AE32BD2D6BB6: closes. applyIndex: 0
2020-11-27 01:38:14,912 [d247a803-3982-4a1e-9d5c-2cb5c984a205@group-AE32BD2D6BB6-SegmentedRaftLogWorker] INFO  segmented.SegmentedRaftLogWorker (SegmentedRaftLogWorker.java:run(329)) - d247a803-3982-4a1e-9d5c-2cb5c984a205@group-AE32BD2D6BB6-SegmentedRaftLogWorker was interrupted, exiting. There are 0 tasks remaining in the queue.
2020-11-27 01:38:14,912 [Listener at 127.0.0.1/40963] INFO  segmented.SegmentedRaftLogWorker (SegmentedRaftLogWorker.java:close(235)) - d247a803-3982-4a1e-9d5c-2cb5c984a205@group-AE32BD2D6BB6-SegmentedRaftLogWorker close()
2020-11-27 01:38:14,912 [Listener at 127.0.0.1/40963] INFO  metrics.RatisMetrics (RatisMetrics.java:unregister(43)) - Unregistering Metrics Registry : ratis.log_worker.d247a803-3982-4a1e-9d5c-2cb5c984a205@group-AE32BD2D6BB6
2020-11-27 01:38:14,912 [Listener at 127.0.0.1/40963] INFO  metrics.RatisMetrics (RatisMetrics.java:unregister(43)) - Unregistering Metrics Registry : ratis.leader_election.d247a803-3982-4a1e-9d5c-2cb5c984a205@group-AE32BD2D6BB6
2020-11-27 01:38:14,912 [Listener at 127.0.0.1/40963] INFO  metrics.RatisMetrics (RatisMetrics.java:unregister(43)) - Unregistering Metrics Registry : ratis.server.d247a803-3982-4a1e-9d5c-2cb5c984a205@group-AE32BD2D6BB6
2020-11-27 01:38:14,912 [Listener at 127.0.0.1/40963] INFO  impl.RaftServerImpl (RaftServerImpl.java:lambda$shutdown$3(328)) - d247a803-3982-4a1e-9d5c-2cb5c984a205@group-B33F8C582359: shutdown
2020-11-27 01:38:14,912 [Listener at 127.0.0.1/40963] INFO  util.JmxRegister (JmxRegister.java:unregister(73)) - Successfully un-registered JMX Bean with object name Ratis:service=RaftServer,group=group-B33F8C582359,id=d247a803-3982-4a1e-9d5c-2cb5c984a205
2020-11-27 01:38:14,913 [Listener at 127.0.0.1/40963] INFO  impl.RoleInfo (RoleInfo.java:shutdownFollowerState(121)) - d247a803-3982-4a1e-9d5c-2cb5c984a205: shutdown d247a803-3982-4a1e-9d5c-2cb5c984a205@group-B33F8C582359-FollowerState
2020-11-27 01:38:14,913 [Thread-2718] INFO  impl.FollowerState (FollowerState.java:run(137)) - d247a803-3982-4a1e-9d5c-2cb5c984a205@group-B33F8C582359-FollowerState was interrupted: {}
java.lang.InterruptedException: sleep interrupted
	at java.lang.Thread.sleep(Native Method)
	at org.apache.ratis.util.JavaUtils.sleep(JavaUtils.java:250)
	at org.apache.ratis.server.impl.FollowerState.run(FollowerState.java:116)
2020-11-27 01:38:14,913 [d247a803-3982-4a1e-9d5c-2cb5c984a205@group-B33F8C582359-StateMachineUpdater] INFO  ratis.ContainerStateMachine (ContainerStateMachine.java:takeSnapshot(293)) - group-B33F8C582359: Taking a snapshot at:(t:1, i:4) file /github/workspace/mnt/ozone/hadoop-ozone/integration-test/target/test-dir/MiniOzoneClusterImpl-7befb19c-4ec9-4b73-94e9-5feb4aa859dd/datanode-3/data/ratis/0becb242-989c-45d7-a586-b33f8c582359/sm/snapshot.1_4
2020-11-27 01:38:14,913 [Listener at 127.0.0.1/40963] INFO  impl.StateMachineUpdater (StateMachineUpdater.java:stopAndJoin(147)) - d247a803-3982-4a1e-9d5c-2cb5c984a205@group-B33F8C582359-StateMachineUpdater: set stopIndex = 4
2020-11-27 01:38:14,914 [d247a803-3982-4a1e-9d5c-2cb5c984a205@group-B33F8C582359-StateMachineUpdater] INFO  ratis.ContainerStateMachine (ContainerStateMachine.java:takeSnapshot(304)) - group-B33F8C582359: Finished taking a snapshot at:(t:1, i:4) file:/github/workspace/mnt/ozone/hadoop-ozone/integration-test/target/test-dir/MiniOzoneClusterImpl-7befb19c-4ec9-4b73-94e9-5feb4aa859dd/datanode-3/data/ratis/0becb242-989c-45d7-a586-b33f8c582359/sm/snapshot.1_4 time:0
2020-11-27 01:38:14,914 [d247a803-3982-4a1e-9d5c-2cb5c984a205@group-B33F8C582359-StateMachineUpdater] INFO  impl.StateMachineUpdater (StateMachineUpdater.java:takeSnapshot(278)) - d247a803-3982-4a1e-9d5c-2cb5c984a205@group-B33F8C582359-StateMachineUpdater: Took a snapshot at index 4
2020-11-27 01:38:14,914 [d247a803-3982-4a1e-9d5c-2cb5c984a205@group-B33F8C582359-StateMachineUpdater] INFO  impl.StateMachineUpdater (StateMachineUpdater.java:lambda$new$0(87)) - d247a803-3982-4a1e-9d5c-2cb5c984a205@group-B33F8C582359-StateMachineUpdater: snapshotIndex: updateIncreasingly -1 -> 4
2020-11-27 01:38:14,914 [d247a803-3982-4a1e-9d5c-2cb5c984a205@group-B33F8C582359-StateMachineUpdater] INFO  metrics.RatisMetrics (RatisMetrics.java:unregister(43)) - Unregistering Metrics Registry : ratis.state_machine.d247a803-3982-4a1e-9d5c-2cb5c984a205@group-B33F8C582359
2020-11-27 01:38:14,914 [Listener at 127.0.0.1/40963] INFO  impl.RaftServerImpl (ServerState.java:close(406)) - d247a803-3982-4a1e-9d5c-2cb5c984a205@group-B33F8C582359: closes. applyIndex: 4
2020-11-27 01:38:14,915 [ForkJoinPool.commonPool-worker-1] INFO  ozoneimpl.OzoneContainer (OzoneContainer.java:stop(257)) - Attempting to stop container services.
2020-11-27 01:38:14,915 [d247a803-3982-4a1e-9d5c-2cb5c984a205@group-B33F8C582359-SegmentedRaftLogWorker] INFO  segmented.SegmentedRaftLogWorker (SegmentedRaftLogWorker.java:run(329)) - d247a803-3982-4a1e-9d5c-2cb5c984a205@group-B33F8C582359-SegmentedRaftLogWorker was interrupted, exiting. There are 0 tasks remaining in the queue.
2020-11-27 01:38:14,915 [Listener at 127.0.0.1/40963] INFO  segmented.SegmentedRaftLogWorker (SegmentedRaftLogWorker.java:close(235)) - d247a803-3982-4a1e-9d5c-2cb5c984a205@group-B33F8C582359-SegmentedRaftLogWorker close()
2020-11-27 01:38:14,915 [ForkJoinPool.commonPool-worker-1] INFO  impl.RaftServerProxy (RaftServerProxy.java:lambda$close$4(338)) - 03f5e28f-1ccf-47de-881e-8ae7723c653b: close
2020-11-27 01:38:14,915 [Listener at 127.0.0.1/40963] INFO  metrics.RatisMetrics (RatisMetrics.java:unregister(43)) - Unregistering Metrics Registry : ratis.log_worker.d247a803-3982-4a1e-9d5c-2cb5c984a205@group-B33F8C582359
2020-11-27 01:38:14,915 [ForkJoinPool.commonPool-worker-1] INFO  impl.RaftServerImpl (RaftServerImpl.java:lambda$shutdown$3(328)) - 03f5e28f-1ccf-47de-881e-8ae7723c653b@group-CB66F6DB5A4A: shutdown
2020-11-27 01:38:14,915 [Listener at 127.0.0.1/40963] INFO  metrics.RatisMetrics (RatisMetrics.java:unregister(43)) - Unregistering Metrics Registry : ratis.leader_election.d247a803-3982-4a1e-9d5c-2cb5c984a205@group-B33F8C582359
2020-11-27 01:38:14,915 [ForkJoinPool.commonPool-worker-1] INFO  util.JmxRegister (JmxRegister.java:unregister(73)) - Successfully un-registered JMX Bean with object name Ratis:service=RaftServer,group=group-CB66F6DB5A4A,id=03f5e28f-1ccf-47de-881e-8ae7723c653b
2020-11-27 01:38:14,916 [ForkJoinPool.commonPool-worker-1] INFO  impl.RoleInfo (RoleInfo.java:shutdownFollowerState(121)) - 03f5e28f-1ccf-47de-881e-8ae7723c653b: shutdown 03f5e28f-1ccf-47de-881e-8ae7723c653b@group-CB66F6DB5A4A-FollowerState
2020-11-27 01:38:14,916 [Listener at 127.0.0.1/40963] INFO  metrics.RatisMetrics (RatisMetrics.java:unregister(43)) - Unregistering Metrics Registry : ratis.server.d247a803-3982-4a1e-9d5c-2cb5c984a205@group-B33F8C582359
2020-11-27 01:38:14,916 [Listener at 127.0.0.1/40963] INFO  server.GrpcService (GrpcService.java:closeImpl(184)) - d247a803-3982-4a1e-9d5c-2cb5c984a205: shutdown server with port 42885 now
2020-11-27 01:38:14,916 [03f5e28f-1ccf-47de-881e-8ae7723c653b@group-CB66F6DB5A4A-StateMachineUpdater] INFO  ratis.ContainerStateMachine (ContainerStateMachine.java:takeSnapshot(293)) - group-CB66F6DB5A4A: Taking a snapshot at:(t:1, i:0) file /github/workspace/mnt/ozone/hadoop-ozone/integration-test/target/test-dir/MiniOzoneClusterImpl-7befb19c-4ec9-4b73-94e9-5feb4aa859dd/datanode-0/data/ratis/3c6fe38f-4820-47fc-90c2-cb66f6db5a4a/sm/snapshot.1_0
2020-11-27 01:38:14,916 [Thread-2892] INFO  impl.FollowerState (FollowerState.java:run(137)) - 03f5e28f-1ccf-47de-881e-8ae7723c653b@group-CB66F6DB5A4A-FollowerState was interrupted: {}
java.lang.InterruptedException: sleep interrupted
	at java.lang.Thread.sleep(Native Method)
	at org.apache.ratis.util.JavaUtils.sleep(JavaUtils.java:250)
	at org.apache.ratis.server.impl.FollowerState.run(FollowerState.java:116)
2020-11-27 01:38:14,916 [ForkJoinPool.commonPool-worker-1] INFO  impl.StateMachineUpdater (StateMachineUpdater.java:stopAndJoin(147)) - 03f5e28f-1ccf-47de-881e-8ae7723c653b@group-CB66F6DB5A4A-StateMachineUpdater: set stopIndex = 0
2020-11-27 01:38:14,925 [03f5e28f-1ccf-47de-881e-8ae7723c653b@group-CB66F6DB5A4A-StateMachineUpdater] INFO  ratis.ContainerStateMachine (ContainerStateMachine.java:takeSnapshot(304)) - group-CB66F6DB5A4A: Finished taking a snapshot at:(t:1, i:0) file:/github/workspace/mnt/ozone/hadoop-ozone/integration-test/target/test-dir/MiniOzoneClusterImpl-7befb19c-4ec9-4b73-94e9-5feb4aa859dd/datanode-0/data/ratis/3c6fe38f-4820-47fc-90c2-cb66f6db5a4a/sm/snapshot.1_0 time:8
2020-11-27 01:38:14,925 [03f5e28f-1ccf-47de-881e-8ae7723c653b@group-CB66F6DB5A4A-StateMachineUpdater] INFO  impl.StateMachineUpdater (StateMachineUpdater.java:takeSnapshot(278)) - 03f5e28f-1ccf-47de-881e-8ae7723c653b@group-CB66F6DB5A4A-StateMachineUpdater: Took a snapshot at index 0
2020-11-27 01:38:14,925 [03f5e28f-1ccf-47de-881e-8ae7723c653b@group-CB66F6DB5A4A-StateMachineUpdater] INFO  impl.StateMachineUpdater (StateMachineUpdater.java:lambda$new$0(87)) - 03f5e28f-1ccf-47de-881e-8ae7723c653b@group-CB66F6DB5A4A-StateMachineUpdater: snapshotIndex: updateIncreasingly -1 -> 0
2020-11-27 01:38:14,925 [03f5e28f-1ccf-47de-881e-8ae7723c653b@group-CB66F6DB5A4A-StateMachineUpdater] INFO  metrics.RatisMetrics (RatisMetrics.java:unregister(43)) - Unregistering Metrics Registry : ratis.state_machine.03f5e28f-1ccf-47de-881e-8ae7723c653b@group-CB66F6DB5A4A
2020-11-27 01:38:14,925 [ForkJoinPool.commonPool-worker-1] INFO  impl.RaftServerImpl (ServerState.java:close(406)) - 03f5e28f-1ccf-47de-881e-8ae7723c653b@group-CB66F6DB5A4A: closes. applyIndex: 0
2020-11-27 01:38:14,925 [03f5e28f-1ccf-47de-881e-8ae7723c653b@group-CB66F6DB5A4A-SegmentedRaftLogWorker] INFO  segmented.SegmentedRaftLogWorker (SegmentedRaftLogWorker.java:run(329)) - 03f5e28f-1ccf-47de-881e-8ae7723c653b@group-CB66F6DB5A4A-SegmentedRaftLogWorker was interrupted, exiting. There are 0 tasks remaining in the queue.
2020-11-27 01:38:14,925 [grpc-default-executor-1] WARN  server.GrpcServerProtocolService (LogUtils.java:warn(122)) - d247a803-3982-4a1e-9d5c-2cb5c984a205: installSnapshot onError, lastRequest: eda6bd80-3bc8-486f-b21b-103a464f444a->d247a803-3982-4a1e-9d5c-2cb5c984a205#19-t1, previous=(t:1, i:3), leaderCommit=2, initializing? false, entries: size=1, first=(t:1, i:4), METADATAENTRY(c:2): org.apache.ratis.thirdparty.io.grpc.StatusRuntimeException: CANCELLED: cancelled before receiving half close
2020-11-27 01:38:14,926 [ForkJoinPool.commonPool-worker-1] INFO  segmented.SegmentedRaftLogWorker (SegmentedRaftLogWorker.java:close(235)) - 03f5e28f-1ccf-47de-881e-8ae7723c653b@group-CB66F6DB5A4A-SegmentedRaftLogWorker close()
2020-11-27 01:38:14,929 [ForkJoinPool.commonPool-worker-1] INFO  metrics.RatisMetrics (RatisMetrics.java:unregister(43)) - Unregistering Metrics Registry : ratis.log_worker.03f5e28f-1ccf-47de-881e-8ae7723c653b@group-CB66F6DB5A4A
2020-11-27 01:38:14,930 [ForkJoinPool.commonPool-worker-1] INFO  metrics.RatisMetrics (RatisMetrics.java:unregister(43)) - Unregistering Metrics Registry : ratis.leader_election.03f5e28f-1ccf-47de-881e-8ae7723c653b@group-CB66F6DB5A4A
2020-11-27 01:38:14,930 [ForkJoinPool.commonPool-worker-1] INFO  metrics.RatisMetrics (RatisMetrics.java:unregister(43)) - Unregistering Metrics Registry : ratis.server.03f5e28f-1ccf-47de-881e-8ae7723c653b@group-CB66F6DB5A4A
2020-11-27 01:38:14,930 [grpc-default-executor-1] WARN  server.GrpcLogAppender (LogUtils.java:warn(122)) - eda6bd80-3bc8-486f-b21b-103a464f444a@group-B33F8C582359->d247a803-3982-4a1e-9d5c-2cb5c984a205-AppendLogResponseHandler: Failed appendEntries: org.apache.ratis.thirdparty.io.grpc.StatusRuntimeException: CANCELLED: HTTP/2 error code: CANCEL
Received Rst Stream
2020-11-27 01:38:14,930 [ForkJoinPool.commonPool-worker-1] INFO  impl.RaftServerImpl (RaftServerImpl.java:lambda$shutdown$3(328)) - 03f5e28f-1ccf-47de-881e-8ae7723c653b@group-076B8DC24DAC: shutdown
2020-11-27 01:38:14,930 [ForkJoinPool.commonPool-worker-1] INFO  util.JmxRegister (JmxRegister.java:unregister(73)) - Successfully un-registered JMX Bean with object name Ratis:service=RaftServer,group=group-076B8DC24DAC,id=03f5e28f-1ccf-47de-881e-8ae7723c653b
2020-11-27 01:38:14,930 [ForkJoinPool.commonPool-worker-1] INFO  impl.RoleInfo (RoleInfo.java:shutdownFollowerState(121)) - 03f5e28f-1ccf-47de-881e-8ae7723c653b: shutdown 03f5e28f-1ccf-47de-881e-8ae7723c653b@group-076B8DC24DAC-FollowerState
2020-11-27 01:38:14,930 [ForkJoinPool.commonPool-worker-1] INFO  impl.StateMachineUpdater (StateMachineUpdater.java:stopAndJoin(147)) - 03f5e28f-1ccf-47de-881e-8ae7723c653b@group-076B8DC24DAC-StateMachineUpdater: set stopIndex = 0
2020-11-27 01:38:14,930 [Thread-2877] INFO  impl.FollowerState (FollowerState.java:run(137)) - 03f5e28f-1ccf-47de-881e-8ae7723c653b@group-076B8DC24DAC-FollowerState was interrupted: {}
java.lang.InterruptedException: sleep interrupted
	at java.lang.Thread.sleep(Native Method)
	at org.apache.ratis.util.JavaUtils.sleep(JavaUtils.java:250)
	at org.apache.ratis.server.impl.FollowerState.run(FollowerState.java:116)
2020-11-27 01:38:14,931 [Listener at 127.0.0.1/40963] INFO  server.GrpcService (GrpcService.java:closeImpl(193)) - d247a803-3982-4a1e-9d5c-2cb5c984a205: shutdown server with port 42885 successfully
2020-11-27 01:38:14,930 [grpc-default-executor-1] INFO  impl.FollowerInfo (FollowerInfo.java:lambda$new$0(51)) - eda6bd80-3bc8-486f-b21b-103a464f444a@group-B33F8C582359->d247a803-3982-4a1e-9d5c-2cb5c984a205: nextIndex: updateUnconditionally 5 -> 4
2020-11-27 01:38:14,931 [03f5e28f-1ccf-47de-881e-8ae7723c653b@group-076B8DC24DAC-StateMachineUpdater] INFO  ratis.ContainerStateMachine (ContainerStateMachine.java:takeSnapshot(293)) - group-076B8DC24DAC: Taking a snapshot at:(t:1, i:0) file /github/workspace/mnt/ozone/hadoop-ozone/integration-test/target/test-dir/MiniOzoneClusterImpl-7befb19c-4ec9-4b73-94e9-5feb4aa859dd/datanode-0/data/ratis/30d8af58-a360-44d1-be5e-076b8dc24dac/sm/snapshot.1_0
2020-11-27 01:38:14,932 [Listener at 127.0.0.1/40963] INFO  utils.BackgroundService (BackgroundService.java:shutdown(132)) - Shutting down service BlockDeletingService
2020-11-27 01:38:14,932 [03f5e28f-1ccf-47de-881e-8ae7723c653b@group-076B8DC24DAC-StateMachineUpdater] INFO  ratis.ContainerStateMachine (ContainerStateMachine.java:takeSnapshot(304)) - group-076B8DC24DAC: Finished taking a snapshot at:(t:1, i:0) file:/github/workspace/mnt/ozone/hadoop-ozone/integration-test/target/test-dir/MiniOzoneClusterImpl-7befb19c-4ec9-4b73-94e9-5feb4aa859dd/datanode-0/data/ratis/30d8af58-a360-44d1-be5e-076b8dc24dac/sm/snapshot.1_0 time:2
2020-11-27 01:38:14,933 [03f5e28f-1ccf-47de-881e-8ae7723c653b@group-076B8DC24DAC-StateMachineUpdater] INFO  impl.StateMachineUpdater (StateMachineUpdater.java:takeSnapshot(278)) - 03f5e28f-1ccf-47de-881e-8ae7723c653b@group-076B8DC24DAC-StateMachineUpdater: Took a snapshot at index 0
2020-11-27 01:38:14,934 [03f5e28f-1ccf-47de-881e-8ae7723c653b@group-076B8DC24DAC-StateMachineUpdater] INFO  impl.StateMachineUpdater (StateMachineUpdater.java:lambda$new$0(87)) - 03f5e28f-1ccf-47de-881e-8ae7723c653b@group-076B8DC24DAC-StateMachineUpdater: snapshotIndex: updateIncreasingly -1 -> 0
2020-11-27 01:38:14,934 [Listener at 127.0.0.1/40963] INFO  statemachine.DatanodeStateMachine (DatanodeStateMachine.java:stopDaemon(459)) - Ozone container server stopped.
2020-11-27 01:38:14,934 [03f5e28f-1ccf-47de-881e-8ae7723c653b@group-076B8DC24DAC-StateMachineUpdater] INFO  metrics.RatisMetrics (RatisMetrics.java:unregister(43)) - Unregistering Metrics Registry : ratis.state_machine.03f5e28f-1ccf-47de-881e-8ae7723c653b@group-076B8DC24DAC
2020-11-27 01:38:14,934 [ForkJoinPool.commonPool-worker-1] INFO  impl.RaftServerImpl (ServerState.java:close(406)) - 03f5e28f-1ccf-47de-881e-8ae7723c653b@group-076B8DC24DAC: closes. applyIndex: 0
2020-11-27 01:38:14,934 [03f5e28f-1ccf-47de-881e-8ae7723c653b@group-076B8DC24DAC-SegmentedRaftLogWorker] INFO  segmented.SegmentedRaftLogWorker (SegmentedRaftLogWorker.java:run(329)) - 03f5e28f-1ccf-47de-881e-8ae7723c653b@group-076B8DC24DAC-SegmentedRaftLogWorker was interrupted, exiting. There are 0 tasks remaining in the queue.
2020-11-27 01:38:14,935 [ForkJoinPool.commonPool-worker-1] INFO  segmented.SegmentedRaftLogWorker (SegmentedRaftLogWorker.java:close(235)) - 03f5e28f-1ccf-47de-881e-8ae7723c653b@group-076B8DC24DAC-SegmentedRaftLogWorker close()
2020-11-27 01:38:14,937 [grpc-default-executor-6] WARN  server.GrpcLogAppender (LogUtils.java:warn(122)) - eda6bd80-3bc8-486f-b21b-103a464f444a@group-B33F8C582359->d247a803-3982-4a1e-9d5c-2cb5c984a205-AppendLogResponseHandler: Failed appendEntries: org.apache.ratis.thirdparty.io.grpc.StatusRuntimeException: UNAVAILABLE: io exception
2020-11-27 01:38:14,938 [grpc-default-executor-6] INFO  impl.FollowerInfo (FollowerInfo.java:lambda$new$0(51)) - eda6bd80-3bc8-486f-b21b-103a464f444a@group-B33F8C582359->d247a803-3982-4a1e-9d5c-2cb5c984a205: nextIndex: updateUnconditionally 5 -> 4
2020-11-27 01:38:14,941 [ForkJoinPool.commonPool-worker-1] INFO  metrics.RatisMetrics (RatisMetrics.java:unregister(43)) - Unregistering Metrics Registry : ratis.log_worker.03f5e28f-1ccf-47de-881e-8ae7723c653b@group-076B8DC24DAC
2020-11-27 01:38:14,941 [ForkJoinPool.commonPool-worker-1] INFO  metrics.RatisMetrics (RatisMetrics.java:unregister(43)) - Unregistering Metrics Registry : ratis.leader_election.03f5e28f-1ccf-47de-881e-8ae7723c653b@group-076B8DC24DAC
2020-11-27 01:38:14,941 [ForkJoinPool.commonPool-worker-1] INFO  metrics.RatisMetrics (RatisMetrics.java:unregister(43)) - Unregistering Metrics Registry : ratis.server.03f5e28f-1ccf-47de-881e-8ae7723c653b@group-076B8DC24DAC
2020-11-27 01:38:14,941 [ForkJoinPool.commonPool-worker-1] INFO  impl.RaftServerImpl (RaftServerImpl.java:lambda$shutdown$3(328)) - 03f5e28f-1ccf-47de-881e-8ae7723c653b@group-0CBE121E3DF4: shutdown
2020-11-27 01:38:14,941 [ForkJoinPool.commonPool-worker-1] INFO  util.JmxRegister (JmxRegister.java:unregister(73)) - Successfully un-registered JMX Bean with object name Ratis:service=RaftServer,group=group-0CBE121E3DF4,id=03f5e28f-1ccf-47de-881e-8ae7723c653b
2020-11-27 01:38:14,941 [ForkJoinPool.commonPool-worker-1] INFO  impl.RoleInfo (RoleInfo.java:shutdownLeaderState(104)) - 03f5e28f-1ccf-47de-881e-8ae7723c653b: shutdown 03f5e28f-1ccf-47de-881e-8ae7723c653b@group-0CBE121E3DF4-LeaderState
2020-11-27 01:38:14,941 [ForkJoinPool.commonPool-worker-1] INFO  impl.PendingRequests (PendingRequests.java:sendNotLeaderResponses(250)) - 03f5e28f-1ccf-47de-881e-8ae7723c653b@group-0CBE121E3DF4-PendingRequests: sendNotLeaderResponses
2020-11-27 01:38:14,942 [ForkJoinPool.commonPool-worker-1] INFO  metrics.RatisMetrics (RatisMetrics.java:unregister(43)) - Unregistering Metrics Registry : ratis.log_appender.03f5e28f-1ccf-47de-881e-8ae7723c653b@group-0CBE121E3DF4
2020-11-27 01:38:14,942 [ForkJoinPool.commonPool-worker-1] INFO  metrics.RatisMetrics (RatisMetrics.java:unregister(43)) - Unregistering Metrics Registry : ratis.server.03f5e28f-1ccf-47de-881e-8ae7723c653b@group-0CBE121E3DF4
2020-11-27 01:38:14,942 [ForkJoinPool.commonPool-worker-1] INFO  impl.StateMachineUpdater (StateMachineUpdater.java:stopAndJoin(147)) - 03f5e28f-1ccf-47de-881e-8ae7723c653b@group-0CBE121E3DF4-StateMachineUpdater: set stopIndex = 0
2020-11-27 01:38:14,943 [03f5e28f-1ccf-47de-881e-8ae7723c653b@group-0CBE121E3DF4-StateMachineUpdater] INFO  ratis.ContainerStateMachine (ContainerStateMachine.java:takeSnapshot(293)) - group-0CBE121E3DF4: Taking a snapshot at:(t:1, i:0) file /github/workspace/mnt/ozone/hadoop-ozone/integration-test/target/test-dir/MiniOzoneClusterImpl-7befb19c-4ec9-4b73-94e9-5feb4aa859dd/datanode-0/data/ratis/2cfdab94-7f9d-49b6-a8d8-0cbe121e3df4/sm/snapshot.1_0
2020-11-27 01:38:14,943 [03f5e28f-1ccf-47de-881e-8ae7723c653b@group-0CBE121E3DF4-StateMachineUpdater] INFO  ratis.ContainerStateMachine (ContainerStateMachine.java:takeSnapshot(304)) - group-0CBE121E3DF4: Finished taking a snapshot at:(t:1, i:0) file:/github/workspace/mnt/ozone/hadoop-ozone/integration-test/target/test-dir/MiniOzoneClusterImpl-7befb19c-4ec9-4b73-94e9-5feb4aa859dd/datanode-0/data/ratis/2cfdab94-7f9d-49b6-a8d8-0cbe121e3df4/sm/snapshot.1_0 time:1
2020-11-27 01:38:14,944 [03f5e28f-1ccf-47de-881e-8ae7723c653b@group-0CBE121E3DF4-StateMachineUpdater] INFO  impl.StateMachineUpdater (StateMachineUpdater.java:takeSnapshot(278)) - 03f5e28f-1ccf-47de-881e-8ae7723c653b@group-0CBE121E3DF4-StateMachineUpdater: Took a snapshot at index 0
2020-11-27 01:38:14,944 [03f5e28f-1ccf-47de-881e-8ae7723c653b@group-0CBE121E3DF4-StateMachineUpdater] INFO  impl.StateMachineUpdater (StateMachineUpdater.java:lambda$new$0(87)) - 03f5e28f-1ccf-47de-881e-8ae7723c653b@group-0CBE121E3DF4-StateMachineUpdater: snapshotIndex: updateIncreasingly -1 -> 0
2020-11-27 01:38:14,944 [03f5e28f-1ccf-47de-881e-8ae7723c653b@group-0CBE121E3DF4-StateMachineUpdater] INFO  metrics.RatisMetrics (RatisMetrics.java:unregister(43)) - Unregistering Metrics Registry : ratis.state_machine.03f5e28f-1ccf-47de-881e-8ae7723c653b@group-0CBE121E3DF4
2020-11-27 01:38:14,944 [ForkJoinPool.commonPool-worker-1] INFO  impl.RaftServerImpl (ServerState.java:close(406)) - 03f5e28f-1ccf-47de-881e-8ae7723c653b@group-0CBE121E3DF4: closes. applyIndex: 0
2020-11-27 01:38:14,944 [03f5e28f-1ccf-47de-881e-8ae7723c653b@group-0CBE121E3DF4-SegmentedRaftLogWorker] INFO  segmented.SegmentedRaftLogWorker (SegmentedRaftLogWorker.java:run(329)) - 03f5e28f-1ccf-47de-881e-8ae7723c653b@group-0CBE121E3DF4-SegmentedRaftLogWorker was interrupted, exiting. There are 0 tasks remaining in the queue.
2020-11-27 01:38:14,944 [ForkJoinPool.commonPool-worker-1] INFO  segmented.SegmentedRaftLogWorker (SegmentedRaftLogWorker.java:close(235)) - 03f5e28f-1ccf-47de-881e-8ae7723c653b@group-0CBE121E3DF4-SegmentedRaftLogWorker close()
2020-11-27 01:38:14,945 [ForkJoinPool.commonPool-worker-1] INFO  metrics.RatisMetrics (RatisMetrics.java:unregister(43)) - Unregistering Metrics Registry : ratis.log_worker.03f5e28f-1ccf-47de-881e-8ae7723c653b@group-0CBE121E3DF4
2020-11-27 01:38:14,945 [ForkJoinPool.commonPool-worker-1] INFO  metrics.RatisMetrics (RatisMetrics.java:unregister(43)) - Unregistering Metrics Registry : ratis.leader_election.03f5e28f-1ccf-47de-881e-8ae7723c653b@group-0CBE121E3DF4
2020-11-27 01:38:14,945 [ForkJoinPool.commonPool-worker-1] INFO  metrics.RatisMetrics (RatisMetrics.java:unregister(43)) - Unregistering Metrics Registry : ratis.server.03f5e28f-1ccf-47de-881e-8ae7723c653b@group-0CBE121E3DF4
2020-11-27 01:38:14,945 [ForkJoinPool.commonPool-worker-1] INFO  server.GrpcService (GrpcService.java:closeImpl(184)) - 03f5e28f-1ccf-47de-881e-8ae7723c653b: shutdown server with port 40701 now
2020-11-27 01:38:14,947 [grpc-default-executor-1] WARN  client.GrpcClientProtocolService (LogUtils.java:warn(122)) - 1-UnorderedRequestStreamObserver1: onError: org.apache.ratis.thirdparty.io.grpc.StatusRuntimeException: CANCELLED: cancelled before receiving half close
2020-11-27 01:38:14,947 [ForkJoinPool.commonPool-worker-1] INFO  server.GrpcService (GrpcService.java:closeImpl(193)) - 03f5e28f-1ccf-47de-881e-8ae7723c653b: shutdown server with port 40701 successfully
2020-11-27 01:38:14,949 [ForkJoinPool.commonPool-worker-1] INFO  utils.BackgroundService (BackgroundService.java:shutdown(132)) - Shutting down service BlockDeletingService
2020-11-27 01:38:14,951 [Listener at 127.0.0.1/40963] INFO  handler.ContextHandler (ContextHandler.java:doStop(1154)) - Stopped o.e.j.w.WebAppContext@2684b808{hddsDatanode,/,null,STOPPED}{jar:file:/home/user/.m2/repository/org/apache/hadoop/hadoop-hdds-container-service/1.1.0-SNAPSHOT/hadoop-hdds-container-service-1.1.0-SNAPSHOT.jar!/webapps/hddsDatanode}
2020-11-27 01:38:14,952 [ForkJoinPool.commonPool-worker-1] INFO  statemachine.DatanodeStateMachine (DatanodeStateMachine.java:stopDaemon(459)) - Ozone container server stopped.
2020-11-27 01:38:14,956 [Listener at 127.0.0.1/40963] INFO  server.AbstractConnector (AbstractConnector.java:doStop(381)) - Stopped ServerConnector@169e55b9{HTTP/1.1, (http/1.1)}{0.0.0.0:0}
2020-11-27 01:38:14,957 [Listener at 127.0.0.1/40963] INFO  server.session (HouseKeeper.java:stopScavenging(149)) - node0 Stopped scavenging
2020-11-27 01:38:14,957 [Listener at 127.0.0.1/40963] INFO  handler.ContextHandler (ContextHandler.java:doStop(1154)) - Stopped o.e.j.s.ServletContextHandler@2a3eb0db{static,/static,jar:file:/home/user/.m2/repository/org/apache/hadoop/hadoop-hdds-container-service/1.1.0-SNAPSHOT/hadoop-hdds-container-service-1.1.0-SNAPSHOT.jar!/webapps/static,STOPPED}
2020-11-27 01:38:14,957 [Listener at 127.0.0.1/40963] INFO  handler.ContextHandler (ContextHandler.java:doStop(1154)) - Stopped o.e.j.s.ServletContextHandler@335493c9{logs,/logs,file:///github/workspace/mnt/ozone/hadoop-ozone/integration-test/target/log,STOPPED}
2020-11-27 01:38:14,969 [ForkJoinPool.commonPool-worker-1] INFO  handler.ContextHandler (ContextHandler.java:doStop(1154)) - Stopped o.e.j.w.WebAppContext@667f6550{hddsDatanode,/,null,STOPPED}{jar:file:/home/user/.m2/repository/org/apache/hadoop/hadoop-hdds-container-service/1.1.0-SNAPSHOT/hadoop-hdds-container-service-1.1.0-SNAPSHOT.jar!/webapps/hddsDatanode}
2020-11-27 01:38:14,969 [ForkJoinPool.commonPool-worker-1] INFO  server.AbstractConnector (AbstractConnector.java:doStop(381)) - Stopped ServerConnector@1722c359{HTTP/1.1, (http/1.1)}{0.0.0.0:0}
2020-11-27 01:38:14,969 [ForkJoinPool.commonPool-worker-1] INFO  server.session (HouseKeeper.java:stopScavenging(149)) - node0 Stopped scavenging
2020-11-27 01:38:14,970 [ForkJoinPool.commonPool-worker-1] INFO  handler.ContextHandler (ContextHandler.java:doStop(1154)) - Stopped o.e.j.s.ServletContextHandler@7e5a6073{static,/static,jar:file:/home/user/.m2/repository/org/apache/hadoop/hadoop-hdds-container-service/1.1.0-SNAPSHOT/hadoop-hdds-container-service-1.1.0-SNAPSHOT.jar!/webapps/static,STOPPED}
2020-11-27 01:38:14,971 [ForkJoinPool.commonPool-worker-1] INFO  handler.ContextHandler (ContextHandler.java:doStop(1154)) - Stopped o.e.j.s.ServletContextHandler@2619200{logs,/logs,file:///github/workspace/mnt/ozone/hadoop-ozone/integration-test/target/log,STOPPED}
2020-11-27 01:38:14,975 [Datanode State Machine Thread - 0] INFO  statemachine.DatanodeStateMachine (DatanodeStateMachine.java:lambda$startDaemon$0(406)) - Ozone container server started.
2020-11-27 01:38:15,790 [Datanode State Machine Thread - 0] INFO  statemachine.DatanodeStateMachine (DatanodeStateMachine.java:lambda$startDaemon$0(406)) - Ozone container server started.
2020-11-27 01:38:16,102 [Thread-2884] INFO  impl.FollowerState (FollowerState.java:run(128)) - 5b456079-358f-469d-9a4b-1e41f0af00c2@group-076B8DC24DAC-FollowerState: change to CANDIDATE, lastRpcTime:7577ms, electionTimeout:5081ms
2020-11-27 01:38:16,102 [Thread-2884] INFO  impl.RoleInfo (RoleInfo.java:shutdownFollowerState(121)) - 5b456079-358f-469d-9a4b-1e41f0af00c2: shutdown 5b456079-358f-469d-9a4b-1e41f0af00c2@group-076B8DC24DAC-FollowerState
2020-11-27 01:38:16,102 [Thread-2884] INFO  impl.RaftServerImpl (RaftServerImpl.java:setRole(204)) - 5b456079-358f-469d-9a4b-1e41f0af00c2@group-076B8DC24DAC: changes role from  FOLLOWER to CANDIDATE at term 1 for changeToCandidate
2020-11-27 01:38:16,103 [Thread-2884] INFO  impl.RoleInfo (RoleInfo.java:updateAndGet(143)) - 5b456079-358f-469d-9a4b-1e41f0af00c2: start 5b456079-358f-469d-9a4b-1e41f0af00c2@group-076B8DC24DAC-LeaderElection82
2020-11-27 01:38:16,104 [5b456079-358f-469d-9a4b-1e41f0af00c2@group-076B8DC24DAC-LeaderElection82] INFO  impl.RaftServerImpl (ServerState.java:setLeader(256)) - 5b456079-358f-469d-9a4b-1e41f0af00c2@group-076B8DC24DAC: change Leader from fadf6fe5-11c1-4da6-9372-0a456385f570 to null at term 1 for initElection
2020-11-27 01:38:16,105 [5b456079-358f-469d-9a4b-1e41f0af00c2@group-076B8DC24DAC-LeaderElection82] INFO  impl.LeaderElection (LeaderElection.java:askForVotes(215)) - 5b456079-358f-469d-9a4b-1e41f0af00c2@group-076B8DC24DAC-LeaderElection82: begin an election at term 2 for 0: [fadf6fe5-11c1-4da6-9372-0a456385f570|rpc:172.17.0.2:44925|dataStream:, 03f5e28f-1ccf-47de-881e-8ae7723c653b|rpc:172.17.0.2:40701|dataStream:, 5b456079-358f-469d-9a4b-1e41f0af00c2|rpc:172.17.0.2:39765|dataStream:], old=null
2020-11-27 01:38:16,109 [5b456079-358f-469d-9a4b-1e41f0af00c2@group-076B8DC24DAC-LeaderElection82] INFO  impl.LeaderElection (LogUtils.java:infoOrTrace(137)) - 5b456079-358f-469d-9a4b-1e41f0af00c2@group-076B8DC24DAC-LeaderElection82 got exception when requesting votes: java.util.concurrent.ExecutionException: org.apache.ratis.thirdparty.io.grpc.StatusRuntimeException: UNAVAILABLE: io exception
2020-11-27 01:38:16,113 [5b456079-358f-469d-9a4b-1e41f0af00c2@group-076B8DC24DAC-LeaderElection82] INFO  impl.LeaderElection (LogUtils.java:infoOrTrace(137)) - 5b456079-358f-469d-9a4b-1e41f0af00c2@group-076B8DC24DAC-LeaderElection82 got exception when requesting votes: java.util.concurrent.ExecutionException: org.apache.ratis.thirdparty.io.grpc.StatusRuntimeException: UNAVAILABLE: io exception
2020-11-27 01:38:16,113 [5b456079-358f-469d-9a4b-1e41f0af00c2@group-076B8DC24DAC-LeaderElection82] INFO  impl.LeaderElection (LeaderElection.java:logAndReturn(65)) - 5b456079-358f-469d-9a4b-1e41f0af00c2@group-076B8DC24DAC-LeaderElection82: Election REJECTED; received 0 response(s) [] and 2 exception(s); 5b456079-358f-469d-9a4b-1e41f0af00c2@group-076B8DC24DAC:t2, leader=null, voted=5b456079-358f-469d-9a4b-1e41f0af00c2, raftlog=5b456079-358f-469d-9a4b-1e41f0af00c2@group-076B8DC24DAC-SegmentedRaftLog:OPENED:c0,f0,i0, conf=0: [fadf6fe5-11c1-4da6-9372-0a456385f570|rpc:172.17.0.2:44925|dataStream:, 03f5e28f-1ccf-47de-881e-8ae7723c653b|rpc:172.17.0.2:40701|dataStream:, 5b456079-358f-469d-9a4b-1e41f0af00c2|rpc:172.17.0.2:39765|dataStream:], old=null
2020-11-27 01:38:16,113 [5b456079-358f-469d-9a4b-1e41f0af00c2@group-076B8DC24DAC-LeaderElection82] INFO  impl.LeaderElection (LogUtils.java:infoOrTrace(137)) -   Exception 0: java.util.concurrent.ExecutionException: org.apache.ratis.thirdparty.io.grpc.StatusRuntimeException: UNAVAILABLE: io exception
2020-11-27 01:38:16,113 [5b456079-358f-469d-9a4b-1e41f0af00c2@group-076B8DC24DAC-LeaderElection82] INFO  impl.LeaderElection (LogUtils.java:infoOrTrace(137)) -   Exception 1: java.util.concurrent.ExecutionException: org.apache.ratis.thirdparty.io.grpc.StatusRuntimeException: UNAVAILABLE: io exception
2020-11-27 01:38:16,113 [5b456079-358f-469d-9a4b-1e41f0af00c2@group-076B8DC24DAC-LeaderElection82] INFO  impl.RaftServerImpl (RaftServerImpl.java:setRole(204)) - 5b456079-358f-469d-9a4b-1e41f0af00c2@group-076B8DC24DAC: changes role from CANDIDATE to FOLLOWER at term 2 for DISCOVERED_A_NEW_TERM
2020-11-27 01:38:16,113 [5b456079-358f-469d-9a4b-1e41f0af00c2@group-076B8DC24DAC-LeaderElection82] INFO  impl.RoleInfo (RoleInfo.java:shutdownLeaderElection(134)) - 5b456079-358f-469d-9a4b-1e41f0af00c2: shutdown 5b456079-358f-469d-9a4b-1e41f0af00c2@group-076B8DC24DAC-LeaderElection82
2020-11-27 01:38:16,113 [5b456079-358f-469d-9a4b-1e41f0af00c2@group-076B8DC24DAC-LeaderElection82] INFO  impl.RoleInfo (RoleInfo.java:updateAndGet(143)) - 5b456079-358f-469d-9a4b-1e41f0af00c2: start 5b456079-358f-469d-9a4b-1e41f0af00c2@group-076B8DC24DAC-FollowerState
2020-11-27 01:38:16,289 [Thread-2894] INFO  impl.FollowerState (FollowerState.java:run(128)) - 5b456079-358f-469d-9a4b-1e41f0af00c2@group-CB66F6DB5A4A-FollowerState: change to CANDIDATE, lastRpcTime:7677ms, electionTimeout:5097ms
2020-11-27 01:38:16,290 [Thread-2894] INFO  impl.RoleInfo (RoleInfo.java:shutdownFollowerState(121)) - 5b456079-358f-469d-9a4b-1e41f0af00c2: shutdown 5b456079-358f-469d-9a4b-1e41f0af00c2@group-CB66F6DB5A4A-FollowerState
2020-11-27 01:38:16,290 [Thread-2894] INFO  impl.RaftServerImpl (RaftServerImpl.java:setRole(204)) - 5b456079-358f-469d-9a4b-1e41f0af00c2@group-CB66F6DB5A4A: changes role from  FOLLOWER to CANDIDATE at term 1 for changeToCandidate
2020-11-27 01:38:16,290 [Thread-2894] INFO  impl.RoleInfo (RoleInfo.java:updateAndGet(143)) - 5b456079-358f-469d-9a4b-1e41f0af00c2: start 5b456079-358f-469d-9a4b-1e41f0af00c2@group-CB66F6DB5A4A-LeaderElection83
2020-11-27 01:38:16,291 [5b456079-358f-469d-9a4b-1e41f0af00c2@group-CB66F6DB5A4A-LeaderElection83] INFO  impl.RaftServerImpl (ServerState.java:setLeader(256)) - 5b456079-358f-469d-9a4b-1e41f0af00c2@group-CB66F6DB5A4A: change Leader from fadf6fe5-11c1-4da6-9372-0a456385f570 to null at term 1 for initElection
2020-11-27 01:38:16,293 [5b456079-358f-469d-9a4b-1e41f0af00c2@group-CB66F6DB5A4A-LeaderElection83] INFO  impl.LeaderElection (LeaderElection.java:askForVotes(215)) - 5b456079-358f-469d-9a4b-1e41f0af00c2@group-CB66F6DB5A4A-LeaderElection83: begin an election at term 2 for 0: [fadf6fe5-11c1-4da6-9372-0a456385f570|rpc:172.17.0.2:44925|dataStream:, 03f5e28f-1ccf-47de-881e-8ae7723c653b|rpc:172.17.0.2:40701|dataStream:, 5b456079-358f-469d-9a4b-1e41f0af00c2|rpc:172.17.0.2:39765|dataStream:], old=null
2020-11-27 01:38:16,294 [5b456079-358f-469d-9a4b-1e41f0af00c2@group-CB66F6DB5A4A-LeaderElection83] INFO  impl.LeaderElection (LogUtils.java:infoOrTrace(137)) - 5b456079-358f-469d-9a4b-1e41f0af00c2@group-CB66F6DB5A4A-LeaderElection83 got exception when requesting votes: java.util.concurrent.ExecutionException: org.apache.ratis.thirdparty.io.grpc.StatusRuntimeException: UNAVAILABLE: io exception
2020-11-27 01:38:16,297 [5b456079-358f-469d-9a4b-1e41f0af00c2@group-CB66F6DB5A4A-LeaderElection83] INFO  impl.LeaderElection (LogUtils.java:infoOrTrace(137)) - 5b456079-358f-469d-9a4b-1e41f0af00c2@group-CB66F6DB5A4A-LeaderElection83 got exception when requesting votes: java.util.concurrent.ExecutionException: org.apache.ratis.thirdparty.io.grpc.StatusRuntimeException: UNAVAILABLE: io exception
2020-11-27 01:38:16,297 [5b456079-358f-469d-9a4b-1e41f0af00c2@group-CB66F6DB5A4A-LeaderElection83] INFO  impl.LeaderElection (LeaderElection.java:logAndReturn(65)) - 5b456079-358f-469d-9a4b-1e41f0af00c2@group-CB66F6DB5A4A-LeaderElection83: Election REJECTED; received 0 response(s) [] and 2 exception(s); 5b456079-358f-469d-9a4b-1e41f0af00c2@group-CB66F6DB5A4A:t2, leader=null, voted=5b456079-358f-469d-9a4b-1e41f0af00c2, raftlog=5b456079-358f-469d-9a4b-1e41f0af00c2@group-CB66F6DB5A4A-SegmentedRaftLog:OPENED:c0,f0,i0, conf=0: [fadf6fe5-11c1-4da6-9372-0a456385f570|rpc:172.17.0.2:44925|dataStream:, 03f5e28f-1ccf-47de-881e-8ae7723c653b|rpc:172.17.0.2:40701|dataStream:, 5b456079-358f-469d-9a4b-1e41f0af00c2|rpc:172.17.0.2:39765|dataStream:], old=null
2020-11-27 01:38:16,297 [5b456079-358f-469d-9a4b-1e41f0af00c2@group-CB66F6DB5A4A-LeaderElection83] INFO  impl.LeaderElection (LogUtils.java:infoOrTrace(137)) -   Exception 0: java.util.concurrent.ExecutionException: org.apache.ratis.thirdparty.io.grpc.StatusRuntimeException: UNAVAILABLE: io exception
2020-11-27 01:38:16,297 [5b456079-358f-469d-9a4b-1e41f0af00c2@group-CB66F6DB5A4A-LeaderElection83] INFO  impl.LeaderElection (LogUtils.java:infoOrTrace(137)) -   Exception 1: java.util.concurrent.ExecutionException: org.apache.ratis.thirdparty.io.grpc.StatusRuntimeException: UNAVAILABLE: io exception
2020-11-27 01:38:16,297 [5b456079-358f-469d-9a4b-1e41f0af00c2@group-CB66F6DB5A4A-LeaderElection83] INFO  impl.RaftServerImpl (RaftServerImpl.java:setRole(204)) - 5b456079-358f-469d-9a4b-1e41f0af00c2@group-CB66F6DB5A4A: changes role from CANDIDATE to FOLLOWER at term 2 for DISCOVERED_A_NEW_TERM
2020-11-27 01:38:16,297 [5b456079-358f-469d-9a4b-1e41f0af00c2@group-CB66F6DB5A4A-LeaderElection83] INFO  impl.RoleInfo (RoleInfo.java:shutdownLeaderElection(134)) - 5b456079-358f-469d-9a4b-1e41f0af00c2: shutdown 5b456079-358f-469d-9a4b-1e41f0af00c2@group-CB66F6DB5A4A-LeaderElection83
2020-11-27 01:38:16,297 [5b456079-358f-469d-9a4b-1e41f0af00c2@group-CB66F6DB5A4A-LeaderElection83] INFO  impl.RoleInfo (RoleInfo.java:updateAndGet(143)) - 5b456079-358f-469d-9a4b-1e41f0af00c2: start 5b456079-358f-469d-9a4b-1e41f0af00c2@group-CB66F6DB5A4A-FollowerState
2020-11-27 01:38:17,374 [grpc-default-executor-6] WARN  server.GrpcLogAppender (LogUtils.java:warn(122)) - eda6bd80-3bc8-486f-b21b-103a464f444a@group-B33F8C582359->525ac4ff-a043-43ae-b658-3dd89705e4a8-AppendLogResponseHandler: Failed appendEntries: org.apache.ratis.thirdparty.io.grpc.StatusRuntimeException: UNAVAILABLE: io exception
2020-11-27 01:38:17,375 [grpc-default-executor-6] INFO  impl.FollowerInfo (FollowerInfo.java:lambda$new$0(51)) - eda6bd80-3bc8-486f-b21b-103a464f444a@group-B33F8C582359->525ac4ff-a043-43ae-b658-3dd89705e4a8: nextIndex: updateUnconditionally 5 -> 4
2020-11-27 01:38:17,437 [grpc-default-executor-6] WARN  server.GrpcLogAppender (LogUtils.java:warn(122)) - eda6bd80-3bc8-486f-b21b-103a464f444a@group-B33F8C582359->d247a803-3982-4a1e-9d5c-2cb5c984a205-AppendLogResponseHandler: Failed appendEntries: org.apache.ratis.thirdparty.io.grpc.StatusRuntimeException: UNAVAILABLE: io exception
2020-11-27 01:38:17,438 [grpc-default-executor-6] INFO  impl.FollowerInfo (FollowerInfo.java:lambda$new$0(51)) - eda6bd80-3bc8-486f-b21b-103a464f444a@group-B33F8C582359->d247a803-3982-4a1e-9d5c-2cb5c984a205: nextIndex: updateUnconditionally 5 -> 4
2020-11-27 01:38:18,950 [EventQueue-StaleNodeForStaleNodeHandler] INFO  node.StaleNodeHandler (StaleNodeHandler.java:onMessage(58)) - Datanode 03f5e28f-1ccf-47de-881e-8ae7723c653b{ip: 172.17.0.2, host: 3bf31645156d, networkLocation: /default-rack, certSerialId: null} moved to stale state. Finalizing its pipelines [PipelineID=3c6fe38f-4820-47fc-90c2-cb66f6db5a4a, PipelineID=30d8af58-a360-44d1-be5e-076b8dc24dac, PipelineID=2cfdab94-7f9d-49b6-a8d8-0cbe121e3df4]
2020-11-27 01:38:18,951 [EventQueue-StaleNodeForStaleNodeHandler] INFO  pipeline.SCMPipelineManager (SCMPipelineManager.java:finalizeAndDestroyPipeline(482)) - Destroying pipeline:Pipeline[ Id: 3c6fe38f-4820-47fc-90c2-cb66f6db5a4a, Nodes: 03f5e28f-1ccf-47de-881e-8ae7723c653b{ip: 172.17.0.2, host: 3bf31645156d, networkLocation: /default-rack, certSerialId: null}5b456079-358f-469d-9a4b-1e41f0af00c2{ip: 172.17.0.2, host: 3bf31645156d, networkLocation: /default-rack, certSerialId: null}fadf6fe5-11c1-4da6-9372-0a456385f570{ip: 172.17.0.2, host: 3bf31645156d, networkLocation: /default-rack, certSerialId: null}, Type:RATIS, Factor:THREE, State:CLOSED, leaderId:, CreationTimestamp2020-11-27T01:37:58.927Z]
2020-11-27 01:38:18,951 [EventQueue-StaleNodeForStaleNodeHandler] INFO  pipeline.SCMPipelineManager (SCMPipelineManager.java:finalizeAndDestroyPipeline(482)) - Destroying pipeline:Pipeline[ Id: 30d8af58-a360-44d1-be5e-076b8dc24dac, Nodes: 03f5e28f-1ccf-47de-881e-8ae7723c653b{ip: 172.17.0.2, host: 3bf31645156d, networkLocation: /default-rack, certSerialId: null}5b456079-358f-469d-9a4b-1e41f0af00c2{ip: 172.17.0.2, host: 3bf31645156d, networkLocation: /default-rack, certSerialId: null}fadf6fe5-11c1-4da6-9372-0a456385f570{ip: 172.17.0.2, host: 3bf31645156d, networkLocation: /default-rack, certSerialId: null}, Type:RATIS, Factor:THREE, State:CLOSED, leaderId:, CreationTimestamp2020-11-27T01:37:58.926Z]
2020-11-27 01:38:18,951 [EventQueue-StaleNodeForStaleNodeHandler] INFO  pipeline.SCMPipelineManager (SCMPipelineManager.java:finalizeAndDestroyPipeline(482)) - Destroying pipeline:Pipeline[ Id: 2cfdab94-7f9d-49b6-a8d8-0cbe121e3df4, Nodes: 03f5e28f-1ccf-47de-881e-8ae7723c653b{ip: 172.17.0.2, host: 3bf31645156d, networkLocation: /default-rack, certSerialId: null}, Type:RATIS, Factor:ONE, State:OPEN, leaderId:03f5e28f-1ccf-47de-881e-8ae7723c653b, CreationTimestamp2020-11-27T01:37:30.522Z]
2020-11-27 01:38:18,951 [EventQueue-StaleNodeForStaleNodeHandler] INFO  pipeline.PipelineStateManager (PipelineStateManager.java:finalizePipeline(121)) - Pipeline Pipeline[ Id: 2cfdab94-7f9d-49b6-a8d8-0cbe121e3df4, Nodes: 03f5e28f-1ccf-47de-881e-8ae7723c653b{ip: 172.17.0.2, host: 3bf31645156d, networkLocation: /default-rack, certSerialId: null}, Type:RATIS, Factor:ONE, State:CLOSED, leaderId:03f5e28f-1ccf-47de-881e-8ae7723c653b, CreationTimestamp2020-11-27T01:37:30.522Z] moved to CLOSED state
2020-11-27 01:38:19,852 [EventQueue-StaleNodeForStaleNodeHandler] INFO  node.StaleNodeHandler (StaleNodeHandler.java:onMessage(58)) - Datanode d247a803-3982-4a1e-9d5c-2cb5c984a205{ip: 172.17.0.2, host: 3bf31645156d, networkLocation: /default-rack, certSerialId: null} moved to stale state. Finalizing its pipelines [PipelineID=17ccad59-30bb-45e7-92be-977a4cf7e56e, PipelineID=e1b218e9-10ac-44f1-8155-ae32bd2d6bb6, PipelineID=0becb242-989c-45d7-a586-b33f8c582359]
2020-11-27 01:38:19,852 [EventQueue-StaleNodeForStaleNodeHandler] INFO  pipeline.SCMPipelineManager (SCMPipelineManager.java:finalizeAndDestroyPipeline(482)) - Destroying pipeline:Pipeline[ Id: 17ccad59-30bb-45e7-92be-977a4cf7e56e, Nodes: d247a803-3982-4a1e-9d5c-2cb5c984a205{ip: 172.17.0.2, host: 3bf31645156d, networkLocation: /default-rack, certSerialId: null}525ac4ff-a043-43ae-b658-3dd89705e4a8{ip: 172.17.0.2, host: 3bf31645156d, networkLocation: /default-rack, certSerialId: null}eda6bd80-3bc8-486f-b21b-103a464f444a{ip: 172.17.0.2, host: 3bf31645156d, networkLocation: /default-rack, certSerialId: null}, Type:RATIS, Factor:THREE, State:CLOSED, leaderId:d247a803-3982-4a1e-9d5c-2cb5c984a205, CreationTimestamp2020-11-27T01:37:31.504Z]
2020-11-27 01:38:19,853 [EventQueue-StaleNodeForStaleNodeHandler] INFO  pipeline.SCMPipelineManager (SCMPipelineManager.java:finalizeAndDestroyPipeline(482)) - Destroying pipeline:Pipeline[ Id: e1b218e9-10ac-44f1-8155-ae32bd2d6bb6, Nodes: d247a803-3982-4a1e-9d5c-2cb5c984a205{ip: 172.17.0.2, host: 3bf31645156d, networkLocation: /default-rack, certSerialId: null}, Type:RATIS, Factor:ONE, State:OPEN, leaderId:d247a803-3982-4a1e-9d5c-2cb5c984a205, CreationTimestamp2020-11-27T01:37:31.102Z]
2020-11-27 01:38:19,853 [EventQueue-StaleNodeForStaleNodeHandler] INFO  pipeline.PipelineStateManager (PipelineStateManager.java:finalizePipeline(121)) - Pipeline Pipeline[ Id: e1b218e9-10ac-44f1-8155-ae32bd2d6bb6, Nodes: d247a803-3982-4a1e-9d5c-2cb5c984a205{ip: 172.17.0.2, host: 3bf31645156d, networkLocation: /default-rack, certSerialId: null}, Type:RATIS, Factor:ONE, State:CLOSED, leaderId:d247a803-3982-4a1e-9d5c-2cb5c984a205, CreationTimestamp2020-11-27T01:37:31.102Z] moved to CLOSED state
2020-11-27 01:38:19,853 [EventQueue-StaleNodeForStaleNodeHandler] INFO  pipeline.SCMPipelineManager (SCMPipelineManager.java:finalizeAndDestroyPipeline(482)) - Destroying pipeline:Pipeline[ Id: 0becb242-989c-45d7-a586-b33f8c582359, Nodes: d247a803-3982-4a1e-9d5c-2cb5c984a205{ip: 172.17.0.2, host: 3bf31645156d, networkLocation: /default-rack, certSerialId: null}525ac4ff-a043-43ae-b658-3dd89705e4a8{ip: 172.17.0.2, host: 3bf31645156d, networkLocation: /default-rack, certSerialId: null}eda6bd80-3bc8-486f-b21b-103a464f444a{ip: 172.17.0.2, host: 3bf31645156d, networkLocation: /default-rack, certSerialId: null}, Type:RATIS, Factor:THREE, State:CLOSED, leaderId:eda6bd80-3bc8-486f-b21b-103a464f444a, CreationTimestamp2020-11-27T01:37:31.504Z]
2020-11-27 01:38:19,875 [grpc-default-executor-6] WARN  server.GrpcLogAppender (LogUtils.java:warn(122)) - eda6bd80-3bc8-486f-b21b-103a464f444a@group-B33F8C582359->525ac4ff-a043-43ae-b658-3dd89705e4a8-AppendLogResponseHandler: Failed appendEntries: org.apache.ratis.thirdparty.io.grpc.StatusRuntimeException: UNAVAILABLE: io exception
2020-11-27 01:38:19,875 [grpc-default-executor-6] INFO  impl.FollowerInfo (FollowerInfo.java:lambda$new$0(51)) - eda6bd80-3bc8-486f-b21b-103a464f444a@group-B33F8C582359->525ac4ff-a043-43ae-b658-3dd89705e4a8: nextIndex: updateUnconditionally 5 -> 4
2020-11-27 01:38:19,938 [grpc-default-executor-6] WARN  server.GrpcLogAppender (LogUtils.java:warn(122)) - eda6bd80-3bc8-486f-b21b-103a464f444a@group-B33F8C582359->d247a803-3982-4a1e-9d5c-2cb5c984a205-AppendLogResponseHandler: Failed appendEntries: org.apache.ratis.thirdparty.io.grpc.StatusRuntimeException: UNAVAILABLE: io exception
2020-11-27 01:38:19,938 [grpc-default-executor-6] INFO  impl.FollowerInfo (FollowerInfo.java:lambda$new$0(51)) - eda6bd80-3bc8-486f-b21b-103a464f444a@group-B33F8C582359->d247a803-3982-4a1e-9d5c-2cb5c984a205: nextIndex: updateUnconditionally 5 -> 4
2020-11-27 01:38:19,965 [Listener at 127.0.0.1/40963] INFO  ozoneimpl.OzoneContainer (OzoneContainer.java:stop(257)) - Attempting to stop container services.
2020-11-27 01:38:19,965 [Listener at 127.0.0.1/40963] INFO  impl.RaftServerProxy (RaftServerProxy.java:lambda$close$4(338)) - 5b456079-358f-469d-9a4b-1e41f0af00c2: close
2020-11-27 01:38:19,965 [Listener at 127.0.0.1/40963] INFO  impl.RaftServerImpl (RaftServerImpl.java:lambda$shutdown$3(328)) - 5b456079-358f-469d-9a4b-1e41f0af00c2@group-00FCDB166A45: shutdown
2020-11-27 01:38:19,965 [Listener at 127.0.0.1/40963] INFO  util.JmxRegister (JmxRegister.java:unregister(73)) - Successfully un-registered JMX Bean with object name Ratis:service=RaftServer,group=group-00FCDB166A45,id=5b456079-358f-469d-9a4b-1e41f0af00c2
2020-11-27 01:38:19,966 [Listener at 127.0.0.1/40963] INFO  impl.RoleInfo (RoleInfo.java:shutdownLeaderState(104)) - 5b456079-358f-469d-9a4b-1e41f0af00c2: shutdown 5b456079-358f-469d-9a4b-1e41f0af00c2@group-00FCDB166A45-LeaderState
2020-11-27 01:38:19,966 [Listener at 127.0.0.1/40963] INFO  impl.PendingRequests (PendingRequests.java:sendNotLeaderResponses(250)) - 5b456079-358f-469d-9a4b-1e41f0af00c2@group-00FCDB166A45-PendingRequests: sendNotLeaderResponses
2020-11-27 01:38:19,966 [Listener at 127.0.0.1/40963] INFO  metrics.RatisMetrics (RatisMetrics.java:unregister(43)) - Unregistering Metrics Registry : ratis.log_appender.5b456079-358f-469d-9a4b-1e41f0af00c2@group-00FCDB166A45
2020-11-27 01:38:19,966 [Listener at 127.0.0.1/40963] INFO  metrics.RatisMetrics (RatisMetrics.java:unregister(43)) - Unregistering Metrics Registry : ratis.server.5b456079-358f-469d-9a4b-1e41f0af00c2@group-00FCDB166A45
2020-11-27 01:38:19,967 [Listener at 127.0.0.1/40963] INFO  impl.StateMachineUpdater (StateMachineUpdater.java:stopAndJoin(147)) - 5b456079-358f-469d-9a4b-1e41f0af00c2@group-00FCDB166A45-StateMachineUpdater: set stopIndex = 0
2020-11-27 01:38:19,968 [5b456079-358f-469d-9a4b-1e41f0af00c2@group-00FCDB166A45-StateMachineUpdater] INFO  ratis.ContainerStateMachine (ContainerStateMachine.java:takeSnapshot(293)) - group-00FCDB166A45: Taking a snapshot at:(t:1, i:0) file /github/workspace/mnt/ozone/hadoop-ozone/integration-test/target/test-dir/MiniOzoneClusterImpl-7befb19c-4ec9-4b73-94e9-5feb4aa859dd/datanode-6/data/ratis/ca55c6d7-b416-4613-abcf-00fcdb166a45/sm/snapshot.1_0
2020-11-27 01:38:19,968 [5b456079-358f-469d-9a4b-1e41f0af00c2@group-00FCDB166A45-StateMachineUpdater] INFO  ratis.ContainerStateMachine (ContainerStateMachine.java:takeSnapshot(304)) - group-00FCDB166A45: Finished taking a snapshot at:(t:1, i:0) file:/github/workspace/mnt/ozone/hadoop-ozone/integration-test/target/test-dir/MiniOzoneClusterImpl-7befb19c-4ec9-4b73-94e9-5feb4aa859dd/datanode-6/data/ratis/ca55c6d7-b416-4613-abcf-00fcdb166a45/sm/snapshot.1_0 time:1
2020-11-27 01:38:19,969 [5b456079-358f-469d-9a4b-1e41f0af00c2@group-00FCDB166A45-StateMachineUpdater] INFO  impl.StateMachineUpdater (StateMachineUpdater.java:takeSnapshot(278)) - 5b456079-358f-469d-9a4b-1e41f0af00c2@group-00FCDB166A45-StateMachineUpdater: Took a snapshot at index 0
2020-11-27 01:38:19,969 [5b456079-358f-469d-9a4b-1e41f0af00c2@group-00FCDB166A45-StateMachineUpdater] INFO  impl.StateMachineUpdater (StateMachineUpdater.java:lambda$new$0(87)) - 5b456079-358f-469d-9a4b-1e41f0af00c2@group-00FCDB166A45-StateMachineUpdater: snapshotIndex: updateIncreasingly -1 -> 0
2020-11-27 01:38:19,969 [5b456079-358f-469d-9a4b-1e41f0af00c2@group-00FCDB166A45-StateMachineUpdater] INFO  metrics.RatisMetrics (RatisMetrics.java:unregister(43)) - Unregistering Metrics Registry : ratis.state_machine.5b456079-358f-469d-9a4b-1e41f0af00c2@group-00FCDB166A45
2020-11-27 01:38:19,969 [Listener at 127.0.0.1/40963] INFO  impl.RaftServerImpl (ServerState.java:close(406)) - 5b456079-358f-469d-9a4b-1e41f0af00c2@group-00FCDB166A45: closes. applyIndex: 0
2020-11-27 01:38:19,969 [5b456079-358f-469d-9a4b-1e41f0af00c2@group-00FCDB166A45-SegmentedRaftLogWorker] INFO  segmented.SegmentedRaftLogWorker (SegmentedRaftLogWorker.java:run(329)) - 5b456079-358f-469d-9a4b-1e41f0af00c2@group-00FCDB166A45-SegmentedRaftLogWorker was interrupted, exiting. There are 0 tasks remaining in the queue.
2020-11-27 01:38:19,970 [Listener at 127.0.0.1/40963] INFO  segmented.SegmentedRaftLogWorker (SegmentedRaftLogWorker.java:close(235)) - 5b456079-358f-469d-9a4b-1e41f0af00c2@group-00FCDB166A45-SegmentedRaftLogWorker close()
2020-11-27 01:38:19,970 [Listener at 127.0.0.1/40963] INFO  metrics.RatisMetrics (RatisMetrics.java:unregister(43)) - Unregistering Metrics Registry : ratis.log_worker.5b456079-358f-469d-9a4b-1e41f0af00c2@group-00FCDB166A45
2020-11-27 01:38:19,970 [Listener at 127.0.0.1/40963] INFO  metrics.RatisMetrics (RatisMetrics.java:unregister(43)) - Unregistering Metrics Registry : ratis.leader_election.5b456079-358f-469d-9a4b-1e41f0af00c2@group-00FCDB166A45
2020-11-27 01:38:19,971 [Listener at 127.0.0.1/40963] INFO  metrics.RatisMetrics (RatisMetrics.java:unregister(43)) - Unregistering Metrics Registry : ratis.server.5b456079-358f-469d-9a4b-1e41f0af00c2@group-00FCDB166A45
2020-11-27 01:38:19,971 [Listener at 127.0.0.1/40963] INFO  impl.RaftServerImpl (RaftServerImpl.java:lambda$shutdown$3(328)) - 5b456079-358f-469d-9a4b-1e41f0af00c2@group-CB66F6DB5A4A: shutdown
2020-11-27 01:38:19,971 [Listener at 127.0.0.1/40963] INFO  util.JmxRegister (JmxRegister.java:unregister(73)) - Successfully un-registered JMX Bean with object name Ratis:service=RaftServer,group=group-CB66F6DB5A4A,id=5b456079-358f-469d-9a4b-1e41f0af00c2
2020-11-27 01:38:19,971 [Listener at 127.0.0.1/40963] INFO  impl.RoleInfo (RoleInfo.java:shutdownFollowerState(121)) - 5b456079-358f-469d-9a4b-1e41f0af00c2: shutdown 5b456079-358f-469d-9a4b-1e41f0af00c2@group-CB66F6DB5A4A-FollowerState
2020-11-27 01:38:19,971 [Listener at 127.0.0.1/40963] INFO  impl.StateMachineUpdater (StateMachineUpdater.java:stopAndJoin(147)) - 5b456079-358f-469d-9a4b-1e41f0af00c2@group-CB66F6DB5A4A-StateMachineUpdater: set stopIndex = 0
2020-11-27 01:38:19,972 [5b456079-358f-469d-9a4b-1e41f0af00c2@group-CB66F6DB5A4A-StateMachineUpdater] INFO  ratis.ContainerStateMachine (ContainerStateMachine.java:takeSnapshot(293)) - group-CB66F6DB5A4A: Taking a snapshot at:(t:1, i:0) file /github/workspace/mnt/ozone/hadoop-ozone/integration-test/target/test-dir/MiniOzoneClusterImpl-7befb19c-4ec9-4b73-94e9-5feb4aa859dd/datanode-6/data/ratis/3c6fe38f-4820-47fc-90c2-cb66f6db5a4a/sm/snapshot.1_0
2020-11-27 01:38:19,971 [Thread-2925] INFO  impl.FollowerState (FollowerState.java:run(137)) - 5b456079-358f-469d-9a4b-1e41f0af00c2@group-CB66F6DB5A4A-FollowerState was interrupted: {}
java.lang.InterruptedException: sleep interrupted
	at java.lang.Thread.sleep(Native Method)
	at org.apache.ratis.util.JavaUtils.sleep(JavaUtils.java:250)
	at org.apache.ratis.server.impl.FollowerState.run(FollowerState.java:116)
2020-11-27 01:38:19,973 [5b456079-358f-469d-9a4b-1e41f0af00c2@group-CB66F6DB5A4A-StateMachineUpdater] INFO  ratis.ContainerStateMachine (ContainerStateMachine.java:takeSnapshot(304)) - group-CB66F6DB5A4A: Finished taking a snapshot at:(t:1, i:0) file:/github/workspace/mnt/ozone/hadoop-ozone/integration-test/target/test-dir/MiniOzoneClusterImpl-7befb19c-4ec9-4b73-94e9-5feb4aa859dd/datanode-6/data/ratis/3c6fe38f-4820-47fc-90c2-cb66f6db5a4a/sm/snapshot.1_0 time:1
2020-11-27 01:38:19,973 [5b456079-358f-469d-9a4b-1e41f0af00c2@group-CB66F6DB5A4A-StateMachineUpdater] INFO  impl.StateMachineUpdater (StateMachineUpdater.java:takeSnapshot(278)) - 5b456079-358f-469d-9a4b-1e41f0af00c2@group-CB66F6DB5A4A-StateMachineUpdater: Took a snapshot at index 0
2020-11-27 01:38:19,973 [5b456079-358f-469d-9a4b-1e41f0af00c2@group-CB66F6DB5A4A-StateMachineUpdater] INFO  impl.StateMachineUpdater (StateMachineUpdater.java:lambda$new$0(87)) - 5b456079-358f-469d-9a4b-1e41f0af00c2@group-CB66F6DB5A4A-StateMachineUpdater: snapshotIndex: updateIncreasingly -1 -> 0
2020-11-27 01:38:19,973 [5b456079-358f-469d-9a4b-1e41f0af00c2@group-CB66F6DB5A4A-StateMachineUpdater] INFO  metrics.RatisMetrics (RatisMetrics.java:unregister(43)) - Unregistering Metrics Registry : ratis.state_machine.5b456079-358f-469d-9a4b-1e41f0af00c2@group-CB66F6DB5A4A
2020-11-27 01:38:19,973 [Listener at 127.0.0.1/40963] INFO  impl.RaftServerImpl (ServerState.java:close(406)) - 5b456079-358f-469d-9a4b-1e41f0af00c2@group-CB66F6DB5A4A: closes. applyIndex: 0
2020-11-27 01:38:19,974 [5b456079-358f-469d-9a4b-1e41f0af00c2@group-CB66F6DB5A4A-SegmentedRaftLogWorker] INFO  segmented.SegmentedRaftLogWorker (SegmentedRaftLogWorker.java:run(329)) - 5b456079-358f-469d-9a4b-1e41f0af00c2@group-CB66F6DB5A4A-SegmentedRaftLogWorker was interrupted, exiting. There are 0 tasks remaining in the queue.
2020-11-27 01:38:19,974 [Listener at 127.0.0.1/40963] INFO  segmented.SegmentedRaftLogWorker (SegmentedRaftLogWorker.java:close(235)) - 5b456079-358f-469d-9a4b-1e41f0af00c2@group-CB66F6DB5A4A-SegmentedRaftLogWorker close()
2020-11-27 01:38:19,975 [Listener at 127.0.0.1/40963] INFO  metrics.RatisMetrics (RatisMetrics.java:unregister(43)) - Unregistering Metrics Registry : ratis.log_worker.5b456079-358f-469d-9a4b-1e41f0af00c2@group-CB66F6DB5A4A
2020-11-27 01:38:19,975 [ForkJoinPool.commonPool-worker-1] INFO  ozoneimpl.OzoneContainer (OzoneContainer.java:stop(257)) - Attempting to stop container services.
2020-11-27 01:38:19,975 [Listener at 127.0.0.1/40963] INFO  metrics.RatisMetrics (RatisMetrics.java:unregister(43)) - Unregistering Metrics Registry : ratis.leader_election.5b456079-358f-469d-9a4b-1e41f0af00c2@group-CB66F6DB5A4A
2020-11-27 01:38:19,975 [ForkJoinPool.commonPool-worker-1] INFO  impl.RaftServerProxy (RaftServerProxy.java:lambda$close$4(338)) - eda6bd80-3bc8-486f-b21b-103a464f444a: close
2020-11-27 01:38:19,975 [Listener at 127.0.0.1/40963] INFO  metrics.RatisMetrics (RatisMetrics.java:unregister(43)) - Unregistering Metrics Registry : ratis.server.5b456079-358f-469d-9a4b-1e41f0af00c2@group-CB66F6DB5A4A
2020-11-27 01:38:19,975 [Listener at 127.0.0.1/40963] INFO  impl.RaftServerImpl (RaftServerImpl.java:lambda$shutdown$3(328)) - 5b456079-358f-469d-9a4b-1e41f0af00c2@group-076B8DC24DAC: shutdown
2020-11-27 01:38:19,976 [Listener at 127.0.0.1/40963] INFO  util.JmxRegister (JmxRegister.java:unregister(73)) - Successfully un-registered JMX Bean with object name Ratis:service=RaftServer,group=group-076B8DC24DAC,id=5b456079-358f-469d-9a4b-1e41f0af00c2
2020-11-27 01:38:19,976 [Listener at 127.0.0.1/40963] INFO  impl.RoleInfo (RoleInfo.java:shutdownFollowerState(121)) - 5b456079-358f-469d-9a4b-1e41f0af00c2: shutdown 5b456079-358f-469d-9a4b-1e41f0af00c2@group-076B8DC24DAC-FollowerState
2020-11-27 01:38:19,976 [5b456079-358f-469d-9a4b-1e41f0af00c2@group-076B8DC24DAC-StateMachineUpdater] INFO  ratis.ContainerStateMachine (ContainerStateMachine.java:takeSnapshot(293)) - group-076B8DC24DAC: Taking a snapshot at:(t:1, i:0) file /github/workspace/mnt/ozone/hadoop-ozone/integration-test/target/test-dir/MiniOzoneClusterImpl-7befb19c-4ec9-4b73-94e9-5feb4aa859dd/datanode-6/data/ratis/30d8af58-a360-44d1-be5e-076b8dc24dac/sm/snapshot.1_0
2020-11-27 01:38:19,977 [Listener at 127.0.0.1/40963] INFO  impl.StateMachineUpdater (StateMachineUpdater.java:stopAndJoin(147)) - 5b456079-358f-469d-9a4b-1e41f0af00c2@group-076B8DC24DAC-StateMachineUpdater: set stopIndex = 0
2020-11-27 01:38:19,977 [Thread-2921] INFO  impl.FollowerState (FollowerState.java:run(137)) - 5b456079-358f-469d-9a4b-1e41f0af00c2@group-076B8DC24DAC-FollowerState was interrupted: {}
java.lang.InterruptedException: sleep interrupted
	at java.lang.Thread.sleep(Native Method)
	at org.apache.ratis.util.JavaUtils.sleep(JavaUtils.java:250)
	at org.apache.ratis.server.impl.FollowerState.run(FollowerState.java:116)
2020-11-27 01:38:19,975 [ForkJoinPool.commonPool-worker-1] INFO  impl.RaftServerImpl (RaftServerImpl.java:lambda$shutdown$3(328)) - eda6bd80-3bc8-486f-b21b-103a464f444a@group-2B8F084D8951: shutdown
2020-11-27 01:38:19,977 [ForkJoinPool.commonPool-worker-1] INFO  util.JmxRegister (JmxRegister.java:unregister(73)) - Successfully un-registered JMX Bean with object name Ratis:service=RaftServer,group=group-2B8F084D8951,id=eda6bd80-3bc8-486f-b21b-103a464f444a
2020-11-27 01:38:19,977 [ForkJoinPool.commonPool-worker-1] INFO  impl.RoleInfo (RoleInfo.java:shutdownLeaderState(104)) - eda6bd80-3bc8-486f-b21b-103a464f444a: shutdown eda6bd80-3bc8-486f-b21b-103a464f444a@group-2B8F084D8951-LeaderState
2020-11-27 01:38:19,977 [ForkJoinPool.commonPool-worker-1] INFO  impl.PendingRequests (PendingRequests.java:sendNotLeaderResponses(250)) - eda6bd80-3bc8-486f-b21b-103a464f444a@group-2B8F084D8951-PendingRequests: sendNotLeaderResponses
2020-11-27 01:38:19,977 [ForkJoinPool.commonPool-worker-1] INFO  metrics.RatisMetrics (RatisMetrics.java:unregister(43)) - Unregistering Metrics Registry : ratis.log_appender.eda6bd80-3bc8-486f-b21b-103a464f444a@group-2B8F084D8951
2020-11-27 01:38:19,977 [ForkJoinPool.commonPool-worker-1] INFO  metrics.RatisMetrics (RatisMetrics.java:unregister(43)) - Unregistering Metrics Registry : ratis.server.eda6bd80-3bc8-486f-b21b-103a464f444a@group-2B8F084D8951
2020-11-27 01:38:19,978 [ForkJoinPool.commonPool-worker-1] INFO  impl.StateMachineUpdater (StateMachineUpdater.java:stopAndJoin(147)) - eda6bd80-3bc8-486f-b21b-103a464f444a@group-2B8F084D8951-StateMachineUpdater: set stopIndex = 0
2020-11-27 01:38:19,977 [5b456079-358f-469d-9a4b-1e41f0af00c2@group-076B8DC24DAC-StateMachineUpdater] INFO  ratis.ContainerStateMachine (ContainerStateMachine.java:takeSnapshot(304)) - group-076B8DC24DAC: Finished taking a snapshot at:(t:1, i:0) file:/github/workspace/mnt/ozone/hadoop-ozone/integration-test/target/test-dir/MiniOzoneClusterImpl-7befb19c-4ec9-4b73-94e9-5feb4aa859dd/datanode-6/data/ratis/30d8af58-a360-44d1-be5e-076b8dc24dac/sm/snapshot.1_0 time:0
2020-11-27 01:38:19,979 [5b456079-358f-469d-9a4b-1e41f0af00c2@group-076B8DC24DAC-StateMachineUpdater] INFO  impl.StateMachineUpdater (StateMachineUpdater.java:takeSnapshot(278)) - 5b456079-358f-469d-9a4b-1e41f0af00c2@group-076B8DC24DAC-StateMachineUpdater: Took a snapshot at index 0
2020-11-27 01:38:19,979 [eda6bd80-3bc8-486f-b21b-103a464f444a@group-2B8F084D8951-StateMachineUpdater] INFO  ratis.ContainerStateMachine (ContainerStateMachine.java:takeSnapshot(293)) - group-2B8F084D8951: Taking a snapshot at:(t:1, i:0) file /github/workspace/mnt/ozone/hadoop-ozone/integration-test/target/test-dir/MiniOzoneClusterImpl-7befb19c-4ec9-4b73-94e9-5feb4aa859dd/datanode-5/data/ratis/3ada5360-e935-4676-ab5a-2b8f084d8951/sm/snapshot.1_0
2020-11-27 01:38:19,979 [5b456079-358f-469d-9a4b-1e41f0af00c2@group-076B8DC24DAC-StateMachineUpdater] INFO  impl.StateMachineUpdater (StateMachineUpdater.java:lambda$new$0(87)) - 5b456079-358f-469d-9a4b-1e41f0af00c2@group-076B8DC24DAC-StateMachineUpdater: snapshotIndex: updateIncreasingly -1 -> 0
2020-11-27 01:38:19,979 [5b456079-358f-469d-9a4b-1e41f0af00c2@group-076B8DC24DAC-StateMachineUpdater] INFO  metrics.RatisMetrics (RatisMetrics.java:unregister(43)) - Unregistering Metrics Registry : ratis.state_machine.5b456079-358f-469d-9a4b-1e41f0af00c2@group-076B8DC24DAC
2020-11-27 01:38:19,979 [Listener at 127.0.0.1/40963] INFO  impl.RaftServerImpl (ServerState.java:close(406)) - 5b456079-358f-469d-9a4b-1e41f0af00c2@group-076B8DC24DAC: closes. applyIndex: 0
2020-11-27 01:38:19,980 [eda6bd80-3bc8-486f-b21b-103a464f444a@group-2B8F084D8951-StateMachineUpdater] INFO  ratis.ContainerStateMachine (ContainerStateMachine.java:takeSnapshot(304)) - group-2B8F084D8951: Finished taking a snapshot at:(t:1, i:0) file:/github/workspace/mnt/ozone/hadoop-ozone/integration-test/target/test-dir/MiniOzoneClusterImpl-7befb19c-4ec9-4b73-94e9-5feb4aa859dd/datanode-5/data/ratis/3ada5360-e935-4676-ab5a-2b8f084d8951/sm/snapshot.1_0 time:1
2020-11-27 01:38:19,980 [eda6bd80-3bc8-486f-b21b-103a464f444a@group-2B8F084D8951-StateMachineUpdater] INFO  impl.StateMachineUpdater (StateMachineUpdater.java:takeSnapshot(278)) - eda6bd80-3bc8-486f-b21b-103a464f444a@group-2B8F084D8951-StateMachineUpdater: Took a snapshot at index 0
2020-11-27 01:38:19,980 [eda6bd80-3bc8-486f-b21b-103a464f444a@group-2B8F084D8951-StateMachineUpdater] INFO  impl.StateMachineUpdater (StateMachineUpdater.java:lambda$new$0(87)) - eda6bd80-3bc8-486f-b21b-103a464f444a@group-2B8F084D8951-StateMachineUpdater: snapshotIndex: updateIncreasingly -1 -> 0
2020-11-27 01:38:19,980 [eda6bd80-3bc8-486f-b21b-103a464f444a@group-2B8F084D8951-StateMachineUpdater] INFO  metrics.RatisMetrics (RatisMetrics.java:unregister(43)) - Unregistering Metrics Registry : ratis.state_machine.eda6bd80-3bc8-486f-b21b-103a464f444a@group-2B8F084D8951
2020-11-27 01:38:19,980 [ForkJoinPool.commonPool-worker-1] INFO  impl.RaftServerImpl (ServerState.java:close(406)) - eda6bd80-3bc8-486f-b21b-103a464f444a@group-2B8F084D8951: closes. applyIndex: 0
2020-11-27 01:38:19,980 [5b456079-358f-469d-9a4b-1e41f0af00c2@group-076B8DC24DAC-SegmentedRaftLogWorker] INFO  segmented.SegmentedRaftLogWorker (SegmentedRaftLogWorker.java:run(329)) - 5b456079-358f-469d-9a4b-1e41f0af00c2@group-076B8DC24DAC-SegmentedRaftLogWorker was interrupted, exiting. There are 0 tasks remaining in the queue.
2020-11-27 01:38:19,980 [eda6bd80-3bc8-486f-b21b-103a464f444a@group-2B8F084D8951-SegmentedRaftLogWorker] INFO  segmented.SegmentedRaftLogWorker (SegmentedRaftLogWorker.java:run(329)) - eda6bd80-3bc8-486f-b21b-103a464f444a@group-2B8F084D8951-SegmentedRaftLogWorker was interrupted, exiting. There are 0 tasks remaining in the queue.
2020-11-27 01:38:19,981 [ForkJoinPool.commonPool-worker-1] INFO  segmented.SegmentedRaftLogWorker (SegmentedRaftLogWorker.java:close(235)) - eda6bd80-3bc8-486f-b21b-103a464f444a@group-2B8F084D8951-SegmentedRaftLogWorker close()
2020-11-27 01:38:19,981 [Listener at 127.0.0.1/40963] INFO  segmented.SegmentedRaftLogWorker (SegmentedRaftLogWorker.java:close(235)) - 5b456079-358f-469d-9a4b-1e41f0af00c2@group-076B8DC24DAC-SegmentedRaftLogWorker close()
2020-11-27 01:38:19,981 [ForkJoinPool.commonPool-worker-1] INFO  metrics.RatisMetrics (RatisMetrics.java:unregister(43)) - Unregistering Metrics Registry : ratis.log_worker.eda6bd80-3bc8-486f-b21b-103a464f444a@group-2B8F084D8951
2020-11-27 01:38:19,984 [Listener at 127.0.0.1/40963] INFO  metrics.RatisMetrics (RatisMetrics.java:unregister(43)) - Unregistering Metrics Registry : ratis.log_worker.5b456079-358f-469d-9a4b-1e41f0af00c2@group-076B8DC24DAC
2020-11-27 01:38:19,984 [ForkJoinPool.commonPool-worker-1] INFO  metrics.RatisMetrics (RatisMetrics.java:unregister(43)) - Unregistering Metrics Registry : ratis.leader_election.eda6bd80-3bc8-486f-b21b-103a464f444a@group-2B8F084D8951
2020-11-27 01:38:19,985 [ForkJoinPool.commonPool-worker-1] INFO  metrics.RatisMetrics (RatisMetrics.java:unregister(43)) - Unregistering Metrics Registry : ratis.server.eda6bd80-3bc8-486f-b21b-103a464f444a@group-2B8F084D8951
2020-11-27 01:38:19,985 [ForkJoinPool.commonPool-worker-1] INFO  impl.RaftServerImpl (RaftServerImpl.java:lambda$shutdown$3(328)) - eda6bd80-3bc8-486f-b21b-103a464f444a@group-977A4CF7E56E: shutdown
2020-11-27 01:38:19,985 [ForkJoinPool.commonPool-worker-1] INFO  util.JmxRegister (JmxRegister.java:unregister(73)) - Successfully un-registered JMX Bean with object name Ratis:service=RaftServer,group=group-977A4CF7E56E,id=eda6bd80-3bc8-486f-b21b-103a464f444a
2020-11-27 01:38:19,985 [ForkJoinPool.commonPool-worker-1] INFO  impl.RoleInfo (RoleInfo.java:shutdownFollowerState(121)) - eda6bd80-3bc8-486f-b21b-103a464f444a: shutdown eda6bd80-3bc8-486f-b21b-103a464f444a@group-977A4CF7E56E-FollowerState
2020-11-27 01:38:19,985 [ForkJoinPool.commonPool-worker-1] INFO  impl.StateMachineUpdater (StateMachineUpdater.java:stopAndJoin(147)) - eda6bd80-3bc8-486f-b21b-103a464f444a@group-977A4CF7E56E-StateMachineUpdater: set stopIndex = 0
2020-11-27 01:38:19,985 [Listener at 127.0.0.1/40963] INFO  metrics.RatisMetrics (RatisMetrics.java:unregister(43)) - Unregistering Metrics Registry : ratis.leader_election.5b456079-358f-469d-9a4b-1e41f0af00c2@group-076B8DC24DAC
2020-11-27 01:38:19,985 [Listener at 127.0.0.1/40963] INFO  metrics.RatisMetrics (RatisMetrics.java:unregister(43)) - Unregistering Metrics Registry : ratis.server.5b456079-358f-469d-9a4b-1e41f0af00c2@group-076B8DC24DAC
2020-11-27 01:38:19,985 [Thread-2703] INFO  impl.FollowerState (FollowerState.java:run(137)) - eda6bd80-3bc8-486f-b21b-103a464f444a@group-977A4CF7E56E-FollowerState was interrupted: {}
java.lang.InterruptedException: sleep interrupted
	at java.lang.Thread.sleep(Native Method)
	at org.apache.ratis.util.JavaUtils.sleep(JavaUtils.java:250)
	at org.apache.ratis.server.impl.FollowerState.run(FollowerState.java:116)
2020-11-27 01:38:19,986 [Listener at 127.0.0.1/40963] INFO  server.GrpcService (GrpcService.java:closeImpl(184)) - 5b456079-358f-469d-9a4b-1e41f0af00c2: shutdown server with port 39765 now
2020-11-27 01:38:19,985 [eda6bd80-3bc8-486f-b21b-103a464f444a@group-977A4CF7E56E-StateMachineUpdater] INFO  ratis.ContainerStateMachine (ContainerStateMachine.java:takeSnapshot(293)) - group-977A4CF7E56E: Taking a snapshot at:(t:1, i:0) file /github/workspace/mnt/ozone/hadoop-ozone/integration-test/target/test-dir/MiniOzoneClusterImpl-7befb19c-4ec9-4b73-94e9-5feb4aa859dd/datanode-5/data/ratis/17ccad59-30bb-45e7-92be-977a4cf7e56e/sm/snapshot.1_0
2020-11-27 01:38:19,987 [eda6bd80-3bc8-486f-b21b-103a464f444a@group-977A4CF7E56E-StateMachineUpdater] INFO  ratis.ContainerStateMachine (ContainerStateMachine.java:takeSnapshot(304)) - group-977A4CF7E56E: Finished taking a snapshot at:(t:1, i:0) file:/github/workspace/mnt/ozone/hadoop-ozone/integration-test/target/test-dir/MiniOzoneClusterImpl-7befb19c-4ec9-4b73-94e9-5feb4aa859dd/datanode-5/data/ratis/17ccad59-30bb-45e7-92be-977a4cf7e56e/sm/snapshot.1_0 time:1
2020-11-27 01:38:19,987 [eda6bd80-3bc8-486f-b21b-103a464f444a@group-977A4CF7E56E-StateMachineUpdater] INFO  impl.StateMachineUpdater (StateMachineUpdater.java:takeSnapshot(278)) - eda6bd80-3bc8-486f-b21b-103a464f444a@group-977A4CF7E56E-StateMachineUpdater: Took a snapshot at index 0
2020-11-27 01:38:19,987 [eda6bd80-3bc8-486f-b21b-103a464f444a@group-977A4CF7E56E-StateMachineUpdater] INFO  impl.StateMachineUpdater (StateMachineUpdater.java:lambda$new$0(87)) - eda6bd80-3bc8-486f-b21b-103a464f444a@group-977A4CF7E56E-StateMachineUpdater: snapshotIndex: updateIncreasingly -1 -> 0
2020-11-27 01:38:19,987 [eda6bd80-3bc8-486f-b21b-103a464f444a@group-977A4CF7E56E-StateMachineUpdater] INFO  metrics.RatisMetrics (RatisMetrics.java:unregister(43)) - Unregistering Metrics Registry : ratis.state_machine.eda6bd80-3bc8-486f-b21b-103a464f444a@group-977A4CF7E56E
2020-11-27 01:38:19,988 [ForkJoinPool.commonPool-worker-1] INFO  impl.RaftServerImpl (ServerState.java:close(406)) - eda6bd80-3bc8-486f-b21b-103a464f444a@group-977A4CF7E56E: closes. applyIndex: 0
2020-11-27 01:38:19,988 [eda6bd80-3bc8-486f-b21b-103a464f444a@group-977A4CF7E56E-SegmentedRaftLogWorker] INFO  segmented.SegmentedRaftLogWorker (SegmentedRaftLogWorker.java:run(329)) - eda6bd80-3bc8-486f-b21b-103a464f444a@group-977A4CF7E56E-SegmentedRaftLogWorker was interrupted, exiting. There are 0 tasks remaining in the queue.
2020-11-27 01:38:19,988 [ForkJoinPool.commonPool-worker-1] INFO  segmented.SegmentedRaftLogWorker (SegmentedRaftLogWorker.java:close(235)) - eda6bd80-3bc8-486f-b21b-103a464f444a@group-977A4CF7E56E-SegmentedRaftLogWorker close()
2020-11-27 01:38:19,988 [ForkJoinPool.commonPool-worker-1] INFO  metrics.RatisMetrics (RatisMetrics.java:unregister(43)) - Unregistering Metrics Registry : ratis.log_worker.eda6bd80-3bc8-486f-b21b-103a464f444a@group-977A4CF7E56E
2020-11-27 01:38:19,988 [ForkJoinPool.commonPool-worker-1] INFO  metrics.RatisMetrics (RatisMetrics.java:unregister(43)) - Unregistering Metrics Registry : ratis.leader_election.eda6bd80-3bc8-486f-b21b-103a464f444a@group-977A4CF7E56E
2020-11-27 01:38:19,988 [ForkJoinPool.commonPool-worker-1] INFO  metrics.RatisMetrics (RatisMetrics.java:unregister(43)) - Unregistering Metrics Registry : ratis.server.eda6bd80-3bc8-486f-b21b-103a464f444a@group-977A4CF7E56E
2020-11-27 01:38:19,988 [ForkJoinPool.commonPool-worker-1] INFO  impl.RaftServerImpl (RaftServerImpl.java:lambda$shutdown$3(328)) - eda6bd80-3bc8-486f-b21b-103a464f444a@group-B33F8C582359: shutdown
2020-11-27 01:38:19,988 [ForkJoinPool.commonPool-worker-1] INFO  util.JmxRegister (JmxRegister.java:unregister(73)) - Successfully un-registered JMX Bean with object name Ratis:service=RaftServer,group=group-B33F8C582359,id=eda6bd80-3bc8-486f-b21b-103a464f444a
2020-11-27 01:38:19,989 [ForkJoinPool.commonPool-worker-1] INFO  impl.RoleInfo (RoleInfo.java:shutdownLeaderState(104)) - eda6bd80-3bc8-486f-b21b-103a464f444a: shutdown eda6bd80-3bc8-486f-b21b-103a464f444a@group-B33F8C582359-LeaderState
2020-11-27 01:38:19,989 [ForkJoinPool.commonPool-worker-1] INFO  metrics.RatisMetrics (RatisMetrics.java:unregister(43)) - Unregistering Metrics Registry : ratis_grpc.log_appender.eda6bd80-3bc8-486f-b21b-103a464f444a@group-B33F8C582359
2020-11-27 01:38:19,989 [ForkJoinPool.commonPool-worker-1] INFO  metrics.RatisMetrics (RatisMetrics.java:unregister(43)) - Unregistering Metrics Registry : ratis_grpc.log_appender.eda6bd80-3bc8-486f-b21b-103a464f444a@group-B33F8C582359
2020-11-27 01:38:19,989 [org.apache.ratis.server.impl.LogAppender$AppenderDaemon$$Lambda$473/1564135286@1e0c1e78] WARN  server.GrpcLogAppender (GrpcLogAppender.java:mayWait(168)) - eda6bd80-3bc8-486f-b21b-103a464f444a@group-B33F8C582359->d247a803-3982-4a1e-9d5c-2cb5c984a205-GrpcLogAppender: Wait interrupted by java.lang.InterruptedException
2020-11-27 01:38:19,989 [org.apache.ratis.server.impl.LogAppender$AppenderDaemon$$Lambda$473/1564135286@2593ec52] WARN  server.GrpcLogAppender (GrpcLogAppender.java:mayWait(168)) - eda6bd80-3bc8-486f-b21b-103a464f444a@group-B33F8C582359->525ac4ff-a043-43ae-b658-3dd89705e4a8-GrpcLogAppender: Wait interrupted by java.lang.InterruptedException
2020-11-27 01:38:19,989 [ForkJoinPool.commonPool-worker-1] INFO  impl.PendingRequests (PendingRequests.java:sendNotLeaderResponses(250)) - eda6bd80-3bc8-486f-b21b-103a464f444a@group-B33F8C582359-PendingRequests: sendNotLeaderResponses
2020-11-27 01:38:19,996 [ForkJoinPool.commonPool-worker-1] INFO  metrics.RatisMetrics (RatisMetrics.java:unregister(43)) - Unregistering Metrics Registry : ratis.log_appender.eda6bd80-3bc8-486f-b21b-103a464f444a@group-B33F8C582359
2020-11-27 01:38:19,996 [ForkJoinPool.commonPool-worker-1] INFO  metrics.RatisMetrics (RatisMetrics.java:unregister(43)) - Unregistering Metrics Registry : ratis.server.eda6bd80-3bc8-486f-b21b-103a464f444a@group-B33F8C582359
2020-11-27 01:38:19,996 [Listener at 127.0.0.1/40963] INFO  server.GrpcService (GrpcService.java:closeImpl(193)) - 5b456079-358f-469d-9a4b-1e41f0af00c2: shutdown server with port 39765 successfully
2020-11-27 01:38:19,998 [Listener at 127.0.0.1/40963] INFO  utils.BackgroundService (BackgroundService.java:shutdown(132)) - Shutting down service BlockDeletingService
2020-11-27 01:38:19,999 [eda6bd80-3bc8-486f-b21b-103a464f444a@group-B33F8C582359-StateMachineUpdater] INFO  ratis.ContainerStateMachine (ContainerStateMachine.java:takeSnapshot(293)) - group-B33F8C582359: Taking a snapshot at:(t:1, i:4) file /github/workspace/mnt/ozone/hadoop-ozone/integration-test/target/test-dir/MiniOzoneClusterImpl-7befb19c-4ec9-4b73-94e9-5feb4aa859dd/datanode-5/data/ratis/0becb242-989c-45d7-a586-b33f8c582359/sm/snapshot.1_4
2020-11-27 01:38:19,999 [ForkJoinPool.commonPool-worker-1] INFO  impl.StateMachineUpdater (StateMachineUpdater.java:stopAndJoin(147)) - eda6bd80-3bc8-486f-b21b-103a464f444a@group-B33F8C582359-StateMachineUpdater: set stopIndex = 4
2020-11-27 01:38:19,999 [eda6bd80-3bc8-486f-b21b-103a464f444a@group-B33F8C582359-StateMachineUpdater] INFO  ratis.ContainerStateMachine (ContainerStateMachine.java:takeSnapshot(304)) - group-B33F8C582359: Finished taking a snapshot at:(t:1, i:4) file:/github/workspace/mnt/ozone/hadoop-ozone/integration-test/target/test-dir/MiniOzoneClusterImpl-7befb19c-4ec9-4b73-94e9-5feb4aa859dd/datanode-5/data/ratis/0becb242-989c-45d7-a586-b33f8c582359/sm/snapshot.1_4 time:1
2020-11-27 01:38:20,000 [eda6bd80-3bc8-486f-b21b-103a464f444a@group-B33F8C582359-StateMachineUpdater] INFO  impl.StateMachineUpdater (StateMachineUpdater.java:takeSnapshot(278)) - eda6bd80-3bc8-486f-b21b-103a464f444a@group-B33F8C582359-StateMachineUpdater: Took a snapshot at index 4
2020-11-27 01:38:20,000 [eda6bd80-3bc8-486f-b21b-103a464f444a@group-B33F8C582359-StateMachineUpdater] INFO  impl.StateMachineUpdater (StateMachineUpdater.java:lambda$new$0(87)) - eda6bd80-3bc8-486f-b21b-103a464f444a@group-B33F8C582359-StateMachineUpdater: snapshotIndex: updateIncreasingly -1 -> 4
2020-11-27 01:38:20,000 [eda6bd80-3bc8-486f-b21b-103a464f444a@group-B33F8C582359-StateMachineUpdater] INFO  metrics.RatisMetrics (RatisMetrics.java:unregister(43)) - Unregistering Metrics Registry : ratis.state_machine.eda6bd80-3bc8-486f-b21b-103a464f444a@group-B33F8C582359
2020-11-27 01:38:20,000 [ForkJoinPool.commonPool-worker-1] INFO  impl.RaftServerImpl (ServerState.java:close(406)) - eda6bd80-3bc8-486f-b21b-103a464f444a@group-B33F8C582359: closes. applyIndex: 4
2020-11-27 01:38:20,002 [eda6bd80-3bc8-486f-b21b-103a464f444a@group-B33F8C582359-SegmentedRaftLogWorker] INFO  segmented.SegmentedRaftLogWorker (SegmentedRaftLogWorker.java:run(329)) - eda6bd80-3bc8-486f-b21b-103a464f444a@group-B33F8C582359-SegmentedRaftLogWorker was interrupted, exiting. There are 0 tasks remaining in the queue.
2020-11-27 01:38:20,002 [Listener at 127.0.0.1/40963] INFO  statemachine.DatanodeStateMachine (DatanodeStateMachine.java:stopDaemon(459)) - Ozone container server stopped.
2020-11-27 01:38:20,002 [ForkJoinPool.commonPool-worker-1] INFO  segmented.SegmentedRaftLogWorker (SegmentedRaftLogWorker.java:close(235)) - eda6bd80-3bc8-486f-b21b-103a464f444a@group-B33F8C582359-SegmentedRaftLogWorker close()
2020-11-27 01:38:20,002 [ForkJoinPool.commonPool-worker-1] INFO  metrics.RatisMetrics (RatisMetrics.java:unregister(43)) - Unregistering Metrics Registry : ratis.log_worker.eda6bd80-3bc8-486f-b21b-103a464f444a@group-B33F8C582359
2020-11-27 01:38:20,002 [ForkJoinPool.commonPool-worker-1] INFO  metrics.RatisMetrics (RatisMetrics.java:unregister(43)) - Unregistering Metrics Registry : ratis.leader_election.eda6bd80-3bc8-486f-b21b-103a464f444a@group-B33F8C582359
2020-11-27 01:38:20,003 [ForkJoinPool.commonPool-worker-1] INFO  metrics.RatisMetrics (RatisMetrics.java:unregister(43)) - Unregistering Metrics Registry : ratis.server.eda6bd80-3bc8-486f-b21b-103a464f444a@group-B33F8C582359
2020-11-27 01:38:20,003 [ForkJoinPool.commonPool-worker-1] INFO  server.GrpcService (GrpcService.java:closeImpl(184)) - eda6bd80-3bc8-486f-b21b-103a464f444a: shutdown server with port 43699 now
2020-11-27 01:38:20,004 [grpc-default-executor-1] WARN  client.GrpcClientProtocolService (LogUtils.java:warn(122)) - 1-UnorderedRequestStreamObserver1: onError: org.apache.ratis.thirdparty.io.grpc.StatusRuntimeException: CANCELLED: cancelled before receiving half close
2020-11-27 01:38:20,013 [ForkJoinPool.commonPool-worker-1] INFO  server.GrpcService (GrpcService.java:closeImpl(193)) - eda6bd80-3bc8-486f-b21b-103a464f444a: shutdown server with port 43699 successfully
2020-11-27 01:38:20,013 [Listener at 127.0.0.1/40963] INFO  handler.ContextHandler (ContextHandler.java:doStop(1154)) - Stopped o.e.j.w.WebAppContext@7439b294{hddsDatanode,/,null,STOPPED}{jar:file:/home/user/.m2/repository/org/apache/hadoop/hadoop-hdds-container-service/1.1.0-SNAPSHOT/hadoop-hdds-container-service-1.1.0-SNAPSHOT.jar!/webapps/hddsDatanode}
2020-11-27 01:38:20,015 [ForkJoinPool.commonPool-worker-1] INFO  utils.BackgroundService (BackgroundService.java:shutdown(132)) - Shutting down service BlockDeletingService
2020-11-27 01:38:20,017 [ForkJoinPool.commonPool-worker-1] INFO  statemachine.DatanodeStateMachine (DatanodeStateMachine.java:stopDaemon(459)) - Ozone container server stopped.
2020-11-27 01:38:20,017 [Listener at 127.0.0.1/40963] INFO  server.AbstractConnector (AbstractConnector.java:doStop(381)) - Stopped ServerConnector@63c75591{HTTP/1.1, (http/1.1)}{0.0.0.0:0}
2020-11-27 01:38:20,017 [Listener at 127.0.0.1/40963] INFO  server.session (HouseKeeper.java:stopScavenging(149)) - node0 Stopped scavenging
2020-11-27 01:38:20,017 [Listener at 127.0.0.1/40963] INFO  handler.ContextHandler (ContextHandler.java:doStop(1154)) - Stopped o.e.j.s.ServletContextHandler@2230e8a0{static,/static,jar:file:/home/user/.m2/repository/org/apache/hadoop/hadoop-hdds-container-service/1.1.0-SNAPSHOT/hadoop-hdds-container-service-1.1.0-SNAPSHOT.jar!/webapps/static,STOPPED}
2020-11-27 01:38:20,017 [Listener at 127.0.0.1/40963] INFO  handler.ContextHandler (ContextHandler.java:doStop(1154)) - Stopped o.e.j.s.ServletContextHandler@7c344a86{logs,/logs,file:///github/workspace/mnt/ozone/hadoop-ozone/integration-test/target/log,STOPPED}
2020-11-27 01:38:20,029 [ForkJoinPool.commonPool-worker-1] INFO  handler.ContextHandler (ContextHandler.java:doStop(1154)) - Stopped o.e.j.w.WebAppContext@7cf5218{hddsDatanode,/,null,STOPPED}{jar:file:/home/user/.m2/repository/org/apache/hadoop/hadoop-hdds-container-service/1.1.0-SNAPSHOT/hadoop-hdds-container-service-1.1.0-SNAPSHOT.jar!/webapps/hddsDatanode}
2020-11-27 01:38:20,030 [ForkJoinPool.commonPool-worker-1] INFO  server.AbstractConnector (AbstractConnector.java:doStop(381)) - Stopped ServerConnector@3df18e8d{HTTP/1.1, (http/1.1)}{0.0.0.0:0}
2020-11-27 01:38:20,030 [ForkJoinPool.commonPool-worker-1] INFO  server.session (HouseKeeper.java:stopScavenging(149)) - node0 Stopped scavenging
2020-11-27 01:38:20,030 [ForkJoinPool.commonPool-worker-1] INFO  handler.ContextHandler (ContextHandler.java:doStop(1154)) - Stopped o.e.j.s.ServletContextHandler@3bd5eaf0{static,/static,jar:file:/home/user/.m2/repository/org/apache/hadoop/hadoop-hdds-container-service/1.1.0-SNAPSHOT/hadoop-hdds-container-service-1.1.0-SNAPSHOT.jar!/webapps/static,STOPPED}
2020-11-27 01:38:20,031 [ForkJoinPool.commonPool-worker-1] INFO  handler.ContextHandler (ContextHandler.java:doStop(1154)) - Stopped o.e.j.s.ServletContextHandler@15ff2d2b{logs,/logs,file:///github/workspace/mnt/ozone/hadoop-ozone/integration-test/target/log,STOPPED}
2020-11-27 01:38:20,031 [Listener at 127.0.0.1/40963] INFO  ozone.MiniOzoneClusterImpl (MiniOzoneClusterImpl.java:stopSCM(477)) - Stopping the StorageContainerManager
2020-11-27 01:38:20,031 [Listener at 127.0.0.1/40963] INFO  server.StorageContainerManager (StorageContainerManager.java:stop(823)) - Stopping Replication Manager Service.
2020-11-27 01:38:20,031 [Listener at 127.0.0.1/40963] INFO  container.ReplicationManager (ReplicationManager.java:stop(219)) - Stopping Replication Monitor Thread.
2020-11-27 01:38:20,032 [Listener at 127.0.0.1/40963] INFO  server.StorageContainerManager (StorageContainerManager.java:stop(830)) - Stopping Lease Manager of the command watchers
2020-11-27 01:38:20,032 [Listener at 127.0.0.1/40963] INFO  server.StorageContainerManager (StorageContainerManager.java:stop(837)) - Stopping datanode service RPC server
2020-11-27 01:38:20,032 [CommandWatcher-LeaseManager#LeaseMonitor] ERROR lease.LeaseManager (LeaseManager.java:run(238)) - Execution was interrupted 
java.lang.InterruptedException: sleep interrupted
	at java.lang.Thread.sleep(Native Method)
	at org.apache.hadoop.ozone.lease.LeaseManager$LeaseMonitor.run(LeaseManager.java:234)
	at java.lang.Thread.run(Thread.java:748)
2020-11-27 01:38:20,032 [Listener at 127.0.0.1/40963] INFO  server.SCMDatanodeProtocolServer (SCMDatanodeProtocolServer.java:stop(361)) - Stopping the RPC server for DataNodes
2020-11-27 01:38:20,032 [Listener at 127.0.0.1/40963] INFO  ipc.Server (Server.java:stop(3359)) - Stopping server on 36615
2020-11-27 01:38:20,033 [IPC Server listener on 0] INFO  ipc.Server (Server.java:run(1330)) - Stopping IPC Server listener on 0
2020-11-27 01:38:20,034 [IPC Server Responder] INFO  ipc.Server (Server.java:run(1465)) - Stopping IPC Server Responder
2020-11-27 01:38:20,052 [SCM Heartbeat Processing Thread - 0] WARN  node.NodeStateManager (NodeStateManager.java:scheduleNextHealthCheck(661)) - Current Thread is interrupted, shutting down HB processing thread for Node Manager.
2020-11-27 01:38:20,052 [Listener at 127.0.0.1/40963] INFO  server.StorageContainerManager (StorageContainerManager.java:stop(845)) - Stopping block service RPC server
2020-11-27 01:38:20,053 [Listener at 127.0.0.1/40963] INFO  server.SCMBlockProtocolServer (SCMBlockProtocolServer.java:stop(159)) - Stopping the RPC server for Block Protocol
2020-11-27 01:38:20,053 [Listener at 127.0.0.1/40963] INFO  ipc.Server (Server.java:stop(3359)) - Stopping server on 46021
2020-11-27 01:38:20,054 [IPC Server listener on 0] INFO  ipc.Server (Server.java:run(1330)) - Stopping IPC Server listener on 0
2020-11-27 01:38:20,055 [IPC Server Responder] INFO  ipc.Server (Server.java:run(1465)) - Stopping IPC Server Responder
2020-11-27 01:38:20,055 [Listener at 127.0.0.1/40963] INFO  server.StorageContainerManager (StorageContainerManager.java:stop(852)) - Stopping the StorageContainerLocationProtocol RPC server
2020-11-27 01:38:20,055 [Listener at 127.0.0.1/40963] INFO  server.SCMClientProtocolServer (SCMClientProtocolServer.java:stop(165)) - Stopping the RPC server for Client Protocol
2020-11-27 01:38:20,055 [Listener at 127.0.0.1/40963] INFO  ipc.Server (Server.java:stop(3359)) - Stopping server on 45513
2020-11-27 01:38:20,056 [IPC Server listener on 0] INFO  ipc.Server (Server.java:run(1330)) - Stopping IPC Server listener on 0
2020-11-27 01:38:20,057 [IPC Server Responder] INFO  ipc.Server (Server.java:run(1465)) - Stopping IPC Server Responder
2020-11-27 01:38:20,057 [Listener at 127.0.0.1/40963] INFO  server.StorageContainerManager (StorageContainerManager.java:stop(859)) - Stopping Storage Container Manager HTTP server.
2020-11-27 01:38:20,058 [Listener at 127.0.0.1/40963] INFO  handler.ContextHandler (ContextHandler.java:doStop(1154)) - Stopped o.e.j.w.WebAppContext@36b1f084{scm,/,null,STOPPED}{file:/github/workspace/mnt/ozone/hadoop-ozone/integration-test/target/test-classes/webapps/scm}
2020-11-27 01:38:20,058 [Listener at 127.0.0.1/40963] INFO  server.AbstractConnector (AbstractConnector.java:doStop(381)) - Stopped ServerConnector@664656db{HTTP/1.1, (http/1.1)}{0.0.0.0:0}
2020-11-27 01:38:20,059 [Listener at 127.0.0.1/40963] INFO  server.session (HouseKeeper.java:stopScavenging(149)) - node0 Stopped scavenging
2020-11-27 01:38:20,059 [Listener at 127.0.0.1/40963] INFO  handler.ContextHandler (ContextHandler.java:doStop(1154)) - Stopped o.e.j.s.ServletContextHandler@66528e47{static,/static,file:///github/workspace/mnt/ozone/hadoop-ozone/integration-test/target/test-classes/webapps/static,STOPPED}
2020-11-27 01:38:20,059 [Listener at 127.0.0.1/40963] INFO  handler.ContextHandler (ContextHandler.java:doStop(1154)) - Stopped o.e.j.s.ServletContextHandler@46ef64b{logs,/logs,file:///github/workspace/mnt/ozone/hadoop-ozone/integration-test/target/log,STOPPED}
2020-11-27 01:38:20,060 [Listener at 127.0.0.1/40963] INFO  server.StorageContainerManager (StorageContainerManager.java:stop(870)) - Stopping Block Manager Service.
2020-11-27 01:38:20,060 [Listener at 127.0.0.1/40963] INFO  utils.BackgroundService (BackgroundService.java:shutdown(132)) - Shutting down service SCMBlockDeletingService
2020-11-27 01:38:20,060 [Listener at 127.0.0.1/40963] INFO  utils.BackgroundService (BackgroundService.java:shutdown(132)) - Shutting down service SCMBlockDeletingService
2020-11-27 01:38:20,061 [Listener at 127.0.0.1/40963] INFO  server.StorageContainerManager (StorageContainerManager.java:stop(895)) - Stopping SCM Event Queue.
2020-11-27 01:38:20,063 [Listener at 127.0.0.1/40963] INFO  impl.MetricsSystemImpl (MetricsSystemImpl.java:stop(210)) - Stopping HddsDatanode metrics system...
2020-11-27 01:38:20,070 [Listener at 127.0.0.1/40963] INFO  impl.MetricsSystemImpl (MetricsSystemImpl.java:stop(216)) - HddsDatanode metrics system stopped.
]]></system-out>
    <system-err><![CDATA[Nov 27, 2020 1:37:33 AM org.apache.ratis.thirdparty.io.grpc.internal.ManagedChannelOrphanWrapper$ManagedChannelReference cleanQueue
SEVERE: *~*~*~ Channel ManagedChannelImpl{logId=967, target=172.17.0.2:38753} was not shutdown properly!!! ~*~*~*
    Make sure to call shutdown()/shutdownNow() and wait until awaitTermination() returns true.
java.lang.RuntimeException: ManagedChannel allocation site
	at org.apache.ratis.thirdparty.io.grpc.internal.ManagedChannelOrphanWrapper$ManagedChannelReference.<init>(ManagedChannelOrphanWrapper.java:93)
	at org.apache.ratis.thirdparty.io.grpc.internal.ManagedChannelOrphanWrapper.<init>(ManagedChannelOrphanWrapper.java:53)
	at org.apache.ratis.thirdparty.io.grpc.internal.ManagedChannelOrphanWrapper.<init>(ManagedChannelOrphanWrapper.java:44)
	at org.apache.ratis.thirdparty.io.grpc.internal.AbstractManagedChannelImplBuilder.build(AbstractManagedChannelImplBuilder.java:518)
	at org.apache.hadoop.hdds.scm.XceiverClientGrpc.connectToDatanode(XceiverClientGrpc.java:193)
	at org.apache.hadoop.hdds.scm.XceiverClientGrpc.connect(XceiverClientGrpc.java:142)
	at org.apache.hadoop.hdds.scm.XceiverClientManager$2.call(XceiverClientManager.java:240)
	at org.apache.hadoop.hdds.scm.XceiverClientManager$2.call(XceiverClientManager.java:224)
	at com.google.common.cache.LocalCache$LocalManualCache$1.load(LocalCache.java:4876)
	at com.google.common.cache.LocalCache$LoadingValueReference.loadFuture(LocalCache.java:3529)
	at com.google.common.cache.LocalCache$Segment.loadSync(LocalCache.java:2278)
	at com.google.common.cache.LocalCache$Segment.lockedGetOrLoad(LocalCache.java:2155)
	at com.google.common.cache.LocalCache$Segment.get(LocalCache.java:2045)
	at com.google.common.cache.LocalCache.get(LocalCache.java:3951)
	at com.google.common.cache.LocalCache$LocalManualCache.get(LocalCache.java:4871)
	at org.apache.hadoop.hdds.scm.XceiverClientManager.getClient(XceiverClientManager.java:224)
	at org.apache.hadoop.hdds.scm.XceiverClientManager.acquireClient(XceiverClientManager.java:170)
	at org.apache.hadoop.hdds.scm.XceiverClientManager.acquireClientForReadData(XceiverClientManager.java:159)
	at org.apache.hadoop.hdds.scm.storage.BlockInputStream.getChunkInfos(BlockInputStream.java:185)
	at org.apache.hadoop.hdds.scm.storage.BlockInputStream.initialize(BlockInputStream.java:134)
	at org.apache.hadoop.hdds.scm.storage.BlockInputStream.read(BlockInputStream.java:252)
	at org.apache.hadoop.ozone.client.io.KeyInputStream.read(KeyInputStream.java:197)
	at org.apache.hadoop.ozone.client.io.OzoneInputStream.read(OzoneInputStream.java:47)
	at java.io.InputStream.read(InputStream.java:101)
	at org.apache.hadoop.ozone.container.TestHelper.validateData(TestHelper.java:125)
	at org.apache.hadoop.ozone.client.rpc.TestBlockOutputStreamWithFailures.validateData(TestBlockOutputStreamWithFailures.java:870)
	at org.apache.hadoop.ozone.client.rpc.TestBlockOutputStreamWithFailures.testWatchForCommitWithSingleNodeRatis(TestBlockOutputStreamWithFailures.java:667)
	at sun.reflect.NativeMethodAccessorImpl.invoke0(Native Method)
	at sun.reflect.NativeMethodAccessorImpl.invoke(NativeMethodAccessorImpl.java:62)
	at sun.reflect.DelegatingMethodAccessorImpl.invoke(DelegatingMethodAccessorImpl.java:43)
	at java.lang.reflect.Method.invoke(Method.java:498)
	at org.junit.runners.model.FrameworkMethod$1.runReflectiveCall(FrameworkMethod.java:47)
	at org.junit.internal.runners.model.ReflectiveCallable.run(ReflectiveCallable.java:12)
	at org.junit.runners.model.FrameworkMethod.invokeExplosively(FrameworkMethod.java:44)
	at org.junit.internal.runners.statements.InvokeMethod.evaluate(InvokeMethod.java:17)
	at org.junit.internal.runners.statements.RunBefores.evaluate(RunBefores.java:26)
	at org.junit.internal.runners.statements.RunAfters.evaluate(RunAfters.java:27)
	at org.junit.internal.runners.statements.FailOnTimeout$StatementThread.run(FailOnTimeout.java:74)

Nov 27, 2020 1:37:33 AM org.apache.ratis.thirdparty.io.grpc.internal.ManagedChannelOrphanWrapper$ManagedChannelReference cleanQueue
SEVERE: *~*~*~ Channel ManagedChannelImpl{logId=972, target=172.17.0.2:39089} was not shutdown properly!!! ~*~*~*
    Make sure to call shutdown()/shutdownNow() and wait until awaitTermination() returns true.
java.lang.RuntimeException: ManagedChannel allocation site
	at org.apache.ratis.thirdparty.io.grpc.internal.ManagedChannelOrphanWrapper$ManagedChannelReference.<init>(ManagedChannelOrphanWrapper.java:93)
	at org.apache.ratis.thirdparty.io.grpc.internal.ManagedChannelOrphanWrapper.<init>(ManagedChannelOrphanWrapper.java:53)
	at org.apache.ratis.thirdparty.io.grpc.internal.ManagedChannelOrphanWrapper.<init>(ManagedChannelOrphanWrapper.java:44)
	at org.apache.ratis.thirdparty.io.grpc.internal.AbstractManagedChannelImplBuilder.build(AbstractManagedChannelImplBuilder.java:518)
	at org.apache.hadoop.hdds.scm.XceiverClientGrpc.connectToDatanode(XceiverClientGrpc.java:193)
	at org.apache.hadoop.hdds.scm.XceiverClientGrpc.connect(XceiverClientGrpc.java:142)
	at org.apache.hadoop.hdds.scm.XceiverClientManager$2.call(XceiverClientManager.java:240)
	at org.apache.hadoop.hdds.scm.XceiverClientManager$2.call(XceiverClientManager.java:224)
	at com.google.common.cache.LocalCache$LocalManualCache$1.load(LocalCache.java:4876)
	at com.google.common.cache.LocalCache$LoadingValueReference.loadFuture(LocalCache.java:3529)
	at com.google.common.cache.LocalCache$Segment.loadSync(LocalCache.java:2278)
	at com.google.common.cache.LocalCache$Segment.lockedGetOrLoad(LocalCache.java:2155)
	at com.google.common.cache.LocalCache$Segment.get(LocalCache.java:2045)
	at com.google.common.cache.LocalCache.get(LocalCache.java:3951)
	at com.google.common.cache.LocalCache$LocalManualCache.get(LocalCache.java:4871)
	at org.apache.hadoop.hdds.scm.XceiverClientManager.getClient(XceiverClientManager.java:224)
	at org.apache.hadoop.hdds.scm.XceiverClientManager.acquireClient(XceiverClientManager.java:170)
	at org.apache.hadoop.hdds.scm.XceiverClientManager.acquireClientForReadData(XceiverClientManager.java:159)
	at org.apache.hadoop.hdds.scm.storage.BlockInputStream.getChunkInfos(BlockInputStream.java:185)
	at org.apache.hadoop.hdds.scm.storage.BlockInputStream.initialize(BlockInputStream.java:134)
	at org.apache.hadoop.hdds.scm.storage.BlockInputStream.read(BlockInputStream.java:252)
	at org.apache.hadoop.ozone.client.io.KeyInputStream.read(KeyInputStream.java:197)
	at org.apache.hadoop.ozone.client.io.OzoneInputStream.read(OzoneInputStream.java:47)
	at java.io.InputStream.read(InputStream.java:101)
	at org.apache.hadoop.ozone.container.TestHelper.validateData(TestHelper.java:125)
	at org.apache.hadoop.ozone.client.rpc.TestBlockOutputStreamWithFailures.validateData(TestBlockOutputStreamWithFailures.java:870)
	at org.apache.hadoop.ozone.client.rpc.TestBlockOutputStreamWithFailures.testWatchForCommitWithSingleNodeRatis(TestBlockOutputStreamWithFailures.java:667)
	at sun.reflect.NativeMethodAccessorImpl.invoke0(Native Method)
	at sun.reflect.NativeMethodAccessorImpl.invoke(NativeMethodAccessorImpl.java:62)
	at sun.reflect.DelegatingMethodAccessorImpl.invoke(DelegatingMethodAccessorImpl.java:43)
	at java.lang.reflect.Method.invoke(Method.java:498)
	at org.junit.runners.model.FrameworkMethod$1.runReflectiveCall(FrameworkMethod.java:47)
	at org.junit.internal.runners.model.ReflectiveCallable.run(ReflectiveCallable.java:12)
	at org.junit.runners.model.FrameworkMethod.invokeExplosively(FrameworkMethod.java:44)
	at org.junit.internal.runners.statements.InvokeMethod.evaluate(InvokeMethod.java:17)
	at org.junit.internal.runners.statements.RunBefores.evaluate(RunBefores.java:26)
	at org.junit.internal.runners.statements.RunAfters.evaluate(RunAfters.java:27)
	at org.junit.internal.runners.statements.FailOnTimeout$StatementThread.run(FailOnTimeout.java:74)

Nov 27, 2020 1:37:33 AM org.apache.ratis.thirdparty.io.grpc.internal.ManagedChannelOrphanWrapper$ManagedChannelReference cleanQueue
SEVERE: *~*~*~ Channel ManagedChannelImpl{logId=962, target=172.17.0.2:40329} was not shutdown properly!!! ~*~*~*
    Make sure to call shutdown()/shutdownNow() and wait until awaitTermination() returns true.
java.lang.RuntimeException: ManagedChannel allocation site
	at org.apache.ratis.thirdparty.io.grpc.internal.ManagedChannelOrphanWrapper$ManagedChannelReference.<init>(ManagedChannelOrphanWrapper.java:93)
	at org.apache.ratis.thirdparty.io.grpc.internal.ManagedChannelOrphanWrapper.<init>(ManagedChannelOrphanWrapper.java:53)
	at org.apache.ratis.thirdparty.io.grpc.internal.ManagedChannelOrphanWrapper.<init>(ManagedChannelOrphanWrapper.java:44)
	at org.apache.ratis.thirdparty.io.grpc.internal.AbstractManagedChannelImplBuilder.build(AbstractManagedChannelImplBuilder.java:518)
	at org.apache.ratis.grpc.client.GrpcClientProtocolClient.<init>(GrpcClientProtocolClient.java:133)
	at org.apache.ratis.grpc.client.GrpcClientRpc.lambda$new$0(GrpcClientRpc.java:56)
	at org.apache.ratis.util.PeerProxyMap$PeerAndProxy.lambda$getProxy$0(PeerProxyMap.java:63)
	at org.apache.ratis.util.LifeCycle.startAndTransition(LifeCycle.java:222)
	at org.apache.ratis.util.PeerProxyMap$PeerAndProxy.getProxy(PeerProxyMap.java:62)
	at org.apache.ratis.util.PeerProxyMap.getProxy(PeerProxyMap.java:114)
	at org.apache.ratis.grpc.client.GrpcClientRpc.sendRequestAsync(GrpcClientRpc.java:67)
	at org.apache.ratis.client.impl.OrderedAsync.sendRequest(OrderedAsync.java:234)
	at org.apache.ratis.client.impl.OrderedAsync.sendRequestWithRetry(OrderedAsync.java:188)
	at org.apache.ratis.util.SlidingWindow$Client.sendOrDelayRequest(SlidingWindow.java:278)
	at org.apache.ratis.util.SlidingWindow$Client.submitNewRequest(SlidingWindow.java:257)
	at org.apache.ratis.client.impl.OrderedAsync.send(OrderedAsync.java:169)
	at org.apache.ratis.client.impl.OrderedAsync.newInstance(OrderedAsync.java:117)
	at org.apache.ratis.client.impl.RaftClientImpl.lambda$new$0(RaftClientImpl.java:154)
	at org.apache.ratis.util.MemoizedSupplier.get(MemoizedSupplier.java:62)
	at org.apache.ratis.client.impl.RaftClientImpl.getOrderedAsync(RaftClientImpl.java:206)
	at org.apache.ratis.client.impl.AsyncImpl.send(AsyncImpl.java:39)
	at org.apache.ratis.client.impl.AsyncImpl.send(AsyncImpl.java:44)
	at org.apache.hadoop.hdds.scm.XceiverClientRatis.lambda$sendRequestAsync$3(XceiverClientRatis.java:225)
	at org.apache.hadoop.hdds.tracing.TracingUtil.executeInNewSpan(TracingUtil.java:159)
	at org.apache.hadoop.hdds.scm.XceiverClientRatis.sendRequestAsync(XceiverClientRatis.java:210)
	at org.apache.hadoop.hdds.scm.XceiverClientRatis.sendCommandAsync(XceiverClientRatis.java:306)
	at org.apache.hadoop.hdds.scm.storage.ContainerProtocolCalls.writeChunkAsync(ContainerProtocolCalls.java:304)
	at org.apache.hadoop.hdds.scm.storage.BlockOutputStream.writeChunkToContainer(BlockOutputStream.java:665)
	at org.apache.hadoop.hdds.scm.storage.BlockOutputStream.writeChunk(BlockOutputStream.java:507)
	at org.apache.hadoop.hdds.scm.storage.BlockOutputStream.writeOnRetry(BlockOutputStream.java:318)
	at org.apache.hadoop.ozone.client.io.BlockOutputStreamEntry.writeOnRetry(BlockOutputStreamEntry.java:186)
	at org.apache.hadoop.ozone.client.io.KeyOutputStream.writeToOutputStream(KeyOutputStream.java:254)
	at org.apache.hadoop.ozone.client.io.KeyOutputStream.handleWrite(KeyOutputStream.java:234)
	at org.apache.hadoop.ozone.client.io.KeyOutputStream.handleRetry(KeyOutputStream.java:417)
	at org.apache.hadoop.ozone.client.io.KeyOutputStream.handleException(KeyOutputStream.java:362)
	at org.apache.hadoop.ozone.client.io.KeyOutputStream.handleFlushOrClose(KeyOutputStream.java:473)
	at org.apache.hadoop.ozone.client.io.KeyOutputStream.handleWrite(KeyOutputStream.java:238)
	at org.apache.hadoop.ozone.client.io.KeyOutputStream.write(KeyOutputStream.java:214)
	at org.apache.hadoop.ozone.client.io.OzoneOutputStream.write(OzoneOutputStream.java:49)
	at java.io.OutputStream.write(OutputStream.java:75)
	at org.apache.hadoop.ozone.client.rpc.TestBlockOutputStreamWithFailures.testWatchForCommitWithSingleNodeRatis(TestBlockOutputStreamWithFailures.java:643)
	at sun.reflect.NativeMethodAccessorImpl.invoke0(Native Method)
	at sun.reflect.NativeMethodAccessorImpl.invoke(NativeMethodAccessorImpl.java:62)
	at sun.reflect.DelegatingMethodAccessorImpl.invoke(DelegatingMethodAccessorImpl.java:43)
	at java.lang.reflect.Method.invoke(Method.java:498)
	at org.junit.runners.model.FrameworkMethod$1.runReflectiveCall(FrameworkMethod.java:47)
	at org.junit.internal.runners.model.ReflectiveCallable.run(ReflectiveCallable.java:12)
	at org.junit.runners.model.FrameworkMethod.invokeExplosively(FrameworkMethod.java:44)
	at org.junit.internal.runners.statements.InvokeMethod.evaluate(InvokeMethod.java:17)
	at org.junit.internal.runners.statements.RunBefores.evaluate(RunBefores.java:26)
	at org.junit.internal.runners.statements.RunAfters.evaluate(RunAfters.java:27)
	at org.junit.internal.runners.statements.FailOnTimeout$StatementThread.run(FailOnTimeout.java:74)

Nov 27, 2020 1:37:33 AM org.apache.ratis.thirdparty.io.grpc.internal.ManagedChannelOrphanWrapper$ManagedChannelReference cleanQueue
SEVERE: *~*~*~ Channel ManagedChannelImpl{logId=957, target=172.17.0.2:37369} was not shutdown properly!!! ~*~*~*
    Make sure to call shutdown()/shutdownNow() and wait until awaitTermination() returns true.
java.lang.RuntimeException: ManagedChannel allocation site
	at org.apache.ratis.thirdparty.io.grpc.internal.ManagedChannelOrphanWrapper$ManagedChannelReference.<init>(ManagedChannelOrphanWrapper.java:93)
	at org.apache.ratis.thirdparty.io.grpc.internal.ManagedChannelOrphanWrapper.<init>(ManagedChannelOrphanWrapper.java:53)
	at org.apache.ratis.thirdparty.io.grpc.internal.ManagedChannelOrphanWrapper.<init>(ManagedChannelOrphanWrapper.java:44)
	at org.apache.ratis.thirdparty.io.grpc.internal.AbstractManagedChannelImplBuilder.build(AbstractManagedChannelImplBuilder.java:518)
	at org.apache.ratis.grpc.client.GrpcClientProtocolClient.<init>(GrpcClientProtocolClient.java:133)
	at org.apache.ratis.grpc.client.GrpcClientRpc.lambda$new$0(GrpcClientRpc.java:56)
	at org.apache.ratis.util.PeerProxyMap$PeerAndProxy.lambda$getProxy$0(PeerProxyMap.java:63)
	at org.apache.ratis.util.LifeCycle.startAndTransition(LifeCycle.java:222)
	at org.apache.ratis.util.PeerProxyMap$PeerAndProxy.getProxy(PeerProxyMap.java:62)
	at org.apache.ratis.util.PeerProxyMap.getProxy(PeerProxyMap.java:114)
	at org.apache.ratis.grpc.client.GrpcClientRpc.sendRequestAsync(GrpcClientRpc.java:67)
	at org.apache.ratis.client.impl.OrderedAsync.sendRequest(OrderedAsync.java:234)
	at org.apache.ratis.client.impl.OrderedAsync.sendRequestWithRetry(OrderedAsync.java:188)
	at org.apache.ratis.util.SlidingWindow$Client.sendOrDelayRequest(SlidingWindow.java:278)
	at org.apache.ratis.util.SlidingWindow$Client.retry(SlidingWindow.java:294)
	at org.apache.ratis.client.impl.OrderedAsync.lambda$scheduleWithTimeout$7(OrderedAsync.java:221)
	at org.apache.ratis.util.TimeoutScheduler.lambda$onTimeout$0(TimeoutScheduler.java:141)
	at org.apache.ratis.util.TimeoutScheduler.lambda$onTimeout$1(TimeoutScheduler.java:155)
	at org.apache.ratis.util.LogUtils.runAndLog(LogUtils.java:38)
	at org.apache.ratis.util.LogUtils$1.run(LogUtils.java:79)
	at java.util.concurrent.Executors$RunnableAdapter.call(Executors.java:511)
	at java.util.concurrent.FutureTask.run(FutureTask.java:266)
	at java.util.concurrent.ScheduledThreadPoolExecutor$ScheduledFutureTask.access$201(ScheduledThreadPoolExecutor.java:180)
	at java.util.concurrent.ScheduledThreadPoolExecutor$ScheduledFutureTask.run(ScheduledThreadPoolExecutor.java:293)
	at java.util.concurrent.ThreadPoolExecutor.runWorker(ThreadPoolExecutor.java:1149)
	at java.util.concurrent.ThreadPoolExecutor$Worker.run(ThreadPoolExecutor.java:624)
	at java.lang.Thread.run(Thread.java:748)

]]></system-err>
  </testcase>
  <testcase name="testFailureWithPrimeSizedData" classname="org.apache.hadoop.ozone.client.rpc.TestBlockOutputStreamWithFailures" time="38.172"/>
  <testcase name="testWatchForCommitWithCloseContainerException" classname="org.apache.hadoop.ozone.client.rpc.TestBlockOutputStreamWithFailures" time="38.104"/>
  <testcase name="testExceptionDuringClose" classname="org.apache.hadoop.ozone.client.rpc.TestBlockOutputStreamWithFailures" time="35.49"/>
</testsuite>