<?xml version="1.0" encoding="UTF-8"?>
<testsuite xmlns:xsi="http://www.w3.org/2001/XMLSchema-instance" xsi:noNamespaceSchemaLocation="https://maven.apache.org/surefire/maven-surefire-plugin/xsd/surefire-test-report-3.0.xsd" version="3.0" name="org.apache.hadoop.ozone.om.TestAddRemoveOzoneManager" time="136.195" tests="3" errors="0" skipped="0" failures="1">
  <properties>
    <property name="java.specification.version" value="17"/>
    <property name="sun.jnu.encoding" value="UTF-8"/>
    <property name="java.class.path" value="/home/runner/work/ozone/ozone/hadoop-ozone/integration-test/target/test-classes:/home/runner/work/ozone/ozone/hadoop-ozone/integration-test/target/classes:/home/runner/work/ozone/ozone/hadoop-ozone/common/target/ozone-common-1.5.0-SNAPSHOT.jar:/home/runner/.m2/repository/io/grpc/grpc-netty/1.58.0/grpc-netty-1.58.0.jar:/home/runner/.m2/repository/io/grpc/grpc-core/1.58.0/grpc-core-1.58.0.jar:/home/runner/.m2/repository/com/google/android/annotations/4.1.1.4/annotations-4.1.1.4.jar:/home/runner/.m2/repository/org/codehaus/mojo/animal-sniffer-annotations/1.23/animal-sniffer-annotations-1.23.jar:/home/runner/.m2/repository/io/grpc/grpc-context/1.58.0/grpc-context-1.58.0.jar:/home/runner/.m2/repository/io/grpc/grpc-util/1.58.0/grpc-util-1.58.0.jar:/home/runner/.m2/repository/com/google/errorprone/error_prone_annotations/2.29.2/error_prone_annotations-2.29.2.jar:/home/runner/.m2/repository/io/perfmark/perfmark-api/0.26.0/perfmark-api-0.26.0.jar:/home/runner/.m2/repository/io/netty/netty-codec-http2/4.1.109.Final/netty-codec-http2-4.1.109.Final.jar:/home/runner/.m2/repository/io/netty/netty-codec-http/4.1.109.Final/netty-codec-http-4.1.109.Final.jar:/home/runner/.m2/repository/io/netty/netty-handler-proxy/4.1.109.Final/netty-handler-proxy-4.1.109.Final.jar:/home/runner/.m2/repository/io/netty/netty-codec-socks/4.1.109.Final/netty-codec-socks-4.1.109.Final.jar:/home/runner/.m2/repository/io/netty/netty-tcnative-boringssl-static/2.0.65.Final/netty-tcnative-boringssl-static-2.0.65.Final.jar:/home/runner/.m2/repository/io/netty/netty-tcnative-classes/2.0.65.Final/netty-tcnative-classes-2.0.65.Final.jar:/home/runner/.m2/repository/io/netty/netty-tcnative-boringssl-static/2.0.65.Final/netty-tcnative-boringssl-static-2.0.65.Final-linux-x86_64.jar:/home/runner/.m2/repository/io/netty/netty-tcnative-boringssl-static/2.0.65.Final/netty-tcnative-boringssl-static-2.0.65.Final-linux-aarch_64.jar:/home/runner/.m2/repository/io/netty/netty-tcnative-boringssl-static/2.0.65.Final/netty-tcnative-boringssl-static-2.0.65.Final-osx-x86_64.jar:/home/runner/.m2/repository/io/netty/netty-tcnative-boringssl-static/2.0.65.Final/netty-tcnative-boringssl-static-2.0.65.Final-osx-aarch_64.jar:/home/runner/.m2/repository/io/netty/netty-tcnative-boringssl-static/2.0.65.Final/netty-tcnative-boringssl-static-2.0.65.Final-windows-x86_64.jar:/home/runner/.m2/repository/org/apache/commons/commons-compress/1.27.1/commons-compress-1.27.1.jar:/home/runner/work/ozone/ozone/hadoop-hdds/common/target/hdds-common-1.5.0-SNAPSHOT.jar:/home/runner/work/ozone/ozone/hadoop-hdds/client/target/hdds-client-1.5.0-SNAPSHOT.jar:/home/runner/work/ozone/ozone/hadoop-hdds/config/target/hdds-config-1.5.0-SNAPSHOT.jar:/home/runner/work/ozone/ozone/hadoop-hdds/interface-client/target/hdds-interface-client-1.5.0-SNAPSHOT.jar:/home/runner/.m2/repository/org/apache/hadoop/thirdparty/hadoop-shaded-protobuf_3_7/1.1.1/hadoop-shaded-protobuf_3_7-1.1.1.jar:/home/runner/work/ozone/ozone/hadoop-ozone/interface-client/target/ozone-interface-client-1.5.0-SNAPSHOT.jar:/home/runner/.m2/repository/org/apache/hadoop/hadoop-hdfs-client/3.3.6/hadoop-hdfs-client-3.3.6.jar:/home/runner/.m2/repository/com/squareup/okhttp3/okhttp/4.12.0/okhttp-4.12.0.jar:/home/runner/.m2/repository/com/squareup/okio/okio/3.6.0/okio-3.6.0.jar:/home/runner/.m2/repository/com/squareup/okio/okio-jvm/3.6.0/okio-jvm-3.6.0.jar:/home/runner/.m2/repository/org/jetbrains/kotlin/kotlin-stdlib-jdk8/1.9.25/kotlin-stdlib-jdk8-1.9.25.jar:/home/runner/.m2/repository/org/jetbrains/kotlin/kotlin-stdlib-jdk7/1.9.25/kotlin-stdlib-jdk7-1.9.25.jar:/home/runner/.m2/repository/org/jetbrains/kotlin/kotlin-stdlib-common/1.9.25/kotlin-stdlib-common-1.9.25.jar:/home/runner/.m2/repository/org/apache/httpcomponents/httpclient/4.5.14/httpclient-4.5.14.jar:/home/runner/.m2/repository/org/apache/httpcomponents/httpcore/4.4.16/httpcore-4.4.16.jar:/home/runner/.m2/repository/org/apache/ratis/ratis-common/3.1.0/ratis-common-3.1.0.jar:/home/runner/.m2/repository/org/apache/ratis/ratis-proto/3.1.0/ratis-proto-3.1.0.jar:/home/runner/.m2/repository/org/apache/ratis/ratis-thirdparty-misc/1.0.6/ratis-thirdparty-misc-1.0.6.jar:/home/runner/.m2/repository/org/slf4j/slf4j-api/2.0.16/slf4j-api-2.0.16.jar:/home/runner/.m2/repository/com/fasterxml/jackson/core/jackson-annotations/2.16.2/jackson-annotations-2.16.2.jar:/home/runner/.m2/repository/com/fasterxml/jackson/core/jackson-databind/2.16.2/jackson-databind-2.16.2.jar:/home/runner/.m2/repository/com/github/stephenc/jcip/jcip-annotations/1.0-1/jcip-annotations-1.0-1.jar:/home/runner/.m2/repository/com/google/guava/guava/32.1.3-jre/guava-32.1.3-jre.jar:/home/runner/.m2/repository/com/google/guava/failureaccess/1.0.1/failureaccess-1.0.1.jar:/home/runner/.m2/repository/com/google/guava/listenablefuture/9999.0-empty-to-avoid-conflict-with-guava/listenablefuture-9999.0-empty-to-avoid-conflict-with-guava.jar:/home/runner/.m2/repository/org/checkerframework/checker-qual/3.37.0/checker-qual-3.37.0.jar:/home/runner/.m2/repository/com/google/j2objc/j2objc-annotations/2.8/j2objc-annotations-2.8.jar:/home/runner/.m2/repository/com/google/protobuf/protobuf-java/2.5.0/protobuf-java-2.5.0.jar:/home/runner/.m2/repository/io/grpc/grpc-api/1.58.0/grpc-api-1.58.0.jar:/home/runner/.m2/repository/io/grpc/grpc-stub/1.58.0/grpc-stub-1.58.0.jar:/home/runner/.m2/repository/io/netty/netty-common/4.1.109.Final/netty-common-4.1.109.Final.jar:/home/runner/.m2/repository/io/netty/netty-handler/4.1.109.Final/netty-handler-4.1.109.Final.jar:/home/runner/.m2/repository/io/netty/netty-resolver/4.1.109.Final/netty-resolver-4.1.109.Final.jar:/home/runner/.m2/repository/jakarta/annotation/jakarta.annotation-api/2.1.1/jakarta.annotation-api-2.1.1.jar:/home/runner/work/ozone/ozone/hadoop-hdds/test-utils/target/hdds-test-utils-1.5.0-SNAPSHOT.jar:/home/runner/.m2/repository/org/assertj/assertj-core/3.26.3/assertj-core-3.26.3.jar:/home/runner/.m2/repository/net/bytebuddy/byte-buddy/1.14.18/byte-buddy-1.14.18.jar:/home/runner/.m2/repository/commons-io/commons-io/2.16.1/commons-io-2.16.1.jar:/home/runner/.m2/repository/commons-logging/commons-logging/1.2/commons-logging-1.2.jar:/home/runner/.m2/repository/org/junit/jupiter/junit-jupiter-api/5.10.3/junit-jupiter-api-5.10.3.jar:/home/runner/.m2/repository/org/opentest4j/opentest4j/1.3.0/opentest4j-1.3.0.jar:/home/runner/.m2/repository/org/junit/platform/junit-platform-commons/1.10.3/junit-platform-commons-1.10.3.jar:/home/runner/.m2/repository/ch/qos/reload4j/reload4j/1.2.25/reload4j-1.2.25.jar:/home/runner/.m2/repository/org/apache/logging/log4j/log4j-api/2.24.0/log4j-api-2.24.0.jar:/home/runner/work/ozone/ozone/hadoop-hdds/server-scm/target/hdds-server-scm-1.5.0-SNAPSHOT.jar:/home/runner/work/ozone/ozone/hadoop-hdds/container-service/target/hdds-container-service-1.5.0-SNAPSHOT.jar:/home/runner/work/ozone/ozone/hadoop-hdds/hadoop-dependency-server/target/hdds-hadoop-dependency-server-1.5.0-SNAPSHOT.jar:/home/runner/.m2/repository/com/nimbusds/nimbus-jose-jwt/9.40/nimbus-jose-jwt-9.40.jar:/home/runner/.m2/repository/org/apache/hadoop/hadoop-hdfs/3.3.6/hadoop-hdfs-3.3.6.jar:/home/runner/.m2/repository/commons-daemon/commons-daemon/1.4.0/commons-daemon-1.4.0.jar:/home/runner/.m2/repository/org/apache/kerby/kerb-core/1.0.1/kerb-core-1.0.1.jar:/home/runner/.m2/repository/org/apache/kerby/kerby-pkix/1.0.1/kerby-pkix-1.0.1.jar:/home/runner/.m2/repository/org/apache/kerby/kerby-asn1/1.0.1/kerby-asn1-1.0.1.jar:/home/runner/.m2/repository/org/apache/kerby/kerb-util/1.0.1/kerb-util-1.0.1.jar:/home/runner/.m2/repository/org/apache/kerby/kerby-config/1.0.1/kerby-config-1.0.1.jar:/home/runner/.m2/repository/org/apache/kerby/kerb-crypto/1.0.1/kerb-crypto-1.0.1.jar:/home/runner/.m2/repository/org/xerial/snappy/snappy-java/1.1.10.6/snappy-java-1.1.10.6.jar:/home/runner/work/ozone/ozone/hadoop-hdds/interface-admin/target/hdds-interface-admin-1.5.0-SNAPSHOT.jar:/home/runner/work/ozone/ozone/hadoop-hdds/interface-server/target/hdds-interface-server-1.5.0-SNAPSHOT.jar:/home/runner/work/ozone/ozone/hadoop-hdds/framework/target/hdds-server-framework-1.5.0-SNAPSHOT.jar:/home/runner/.m2/repository/org/apache/ratis/ratis-client/3.1.0/ratis-client-3.1.0.jar:/home/runner/.m2/repository/org/apache/ratis/ratis-grpc/3.1.0/ratis-grpc-3.1.0.jar:/home/runner/.m2/repository/org/apache/ratis/ratis-netty/3.1.0/ratis-netty-3.1.0.jar:/home/runner/.m2/repository/org/apache/ratis/ratis-server-api/3.1.0/ratis-server-api-3.1.0.jar:/home/runner/.m2/repository/org/bouncycastle/bcpkix-jdk18on/1.78.1/bcpkix-jdk18on-1.78.1.jar:/home/runner/.m2/repository/org/bouncycastle/bcprov-jdk18on/1.78.1/bcprov-jdk18on-1.78.1.jar:/home/runner/.m2/repository/io/dropwizard/metrics/metrics-core/3.2.6/metrics-core-3.2.6.jar:/home/runner/.m2/repository/org/apache/commons/commons-text/1.12.0/commons-text-1.12.0.jar:/home/runner/.m2/repository/org/eclipse/jetty/jetty-webapp/9.4.56.v20240826/jetty-webapp-9.4.56.v20240826.jar:/home/runner/.m2/repository/org/eclipse/jetty/jetty-xml/9.4.56.v20240826/jetty-xml-9.4.56.v20240826.jar:/home/runner/.m2/repository/com/fasterxml/jackson/core/jackson-core/2.16.2/jackson-core-2.16.2.jar:/home/runner/.m2/repository/info/picocli/picocli/4.7.5/picocli-4.7.5.jar:/home/runner/.m2/repository/javax/servlet/javax.servlet-api/3.1.0/javax.servlet-api-3.1.0.jar:/home/runner/.m2/repository/commons-collections/commons-collections/3.2.2/commons-collections-3.2.2.jar:/home/runner/work/ozone/ozone/hadoop-hdds/framework/target/hdds-server-framework-1.5.0-SNAPSHOT-tests.jar:/home/runner/work/ozone/ozone/hadoop-hdds/managed-rocksdb/target/hdds-managed-rocksdb-1.5.0-SNAPSHOT.jar:/home/runner/.m2/repository/org/slf4j/slf4j-reload4j/2.0.16/slf4j-reload4j-2.0.16.jar:/home/runner/.m2/repository/org/apache/commons/commons-configuration2/2.10.1/commons-configuration2-2.10.1.jar:/home/runner/.m2/repository/commons-codec/commons-codec/1.17.0/commons-codec-1.17.0.jar:/home/runner/.m2/repository/commons-fileupload/commons-fileupload/1.5/commons-fileupload-1.5.jar:/home/runner/.m2/repository/commons-validator/commons-validator/1.6/commons-validator-1.6.jar:/home/runner/.m2/repository/commons-beanutils/commons-beanutils/1.9.4/commons-beanutils-1.9.4.jar:/home/runner/.m2/repository/commons-digester/commons-digester/1.8.1/commons-digester-1.8.1.jar:/home/runner/.m2/repository/org/apache/logging/log4j/log4j-core/2.24.0/log4j-core-2.24.0.jar:/home/runner/.m2/repository/com/lmax/disruptor/3.4.4/disruptor-3.4.4.jar:/home/runner/.m2/repository/org/eclipse/jetty/jetty-http/9.4.56.v20240826/jetty-http-9.4.56.v20240826.jar:/home/runner/.m2/repository/org/eclipse/jetty/jetty-io/9.4.56.v20240826/jetty-io-9.4.56.v20240826.jar:/home/runner/.m2/repository/org/eclipse/jetty/jetty-util/9.4.56.v20240826/jetty-util-9.4.56.v20240826.jar:/home/runner/.m2/repository/org/eclipse/jetty/jetty-server/9.4.56.v20240826/jetty-server-9.4.56.v20240826.jar:/home/runner/.m2/repository/org/eclipse/jetty/jetty-servlet/9.4.56.v20240826/jetty-servlet-9.4.56.v20240826.jar:/home/runner/.m2/repository/org/eclipse/jetty/jetty-security/9.4.56.v20240826/jetty-security-9.4.56.v20240826.jar:/home/runner/.m2/repository/org/eclipse/jetty/jetty-util-ajax/9.4.56.v20240826/jetty-util-ajax-9.4.56.v20240826.jar:/home/runner/.m2/repository/org/glassfish/jersey/core/jersey-server/2.45/jersey-server-2.45.jar:/home/runner/.m2/repository/org/glassfish/jersey/core/jersey-client/2.45/jersey-client-2.45.jar:/home/runner/.m2/repository/org/glassfish/jersey/containers/jersey-container-servlet-core/2.45/jersey-container-servlet-core-2.45.jar:/home/runner/.m2/repository/org/rocksdb/rocksdbjni/7.7.3/rocksdbjni-7.7.3.jar:/home/runner/.m2/repository/org/apache/ratis/ratis-metrics-api/3.1.0/ratis-metrics-api-3.1.0.jar:/home/runner/.m2/repository/org/apache/ratis/ratis-metrics-dropwizard3/3.1.0/ratis-metrics-dropwizard3-3.1.0.jar:/home/runner/.m2/repository/io/opentracing/opentracing-api/0.33.0/opentracing-api-0.33.0.jar:/home/runner/.m2/repository/io/prometheus/simpleclient/0.16.0/simpleclient-0.16.0.jar:/home/runner/.m2/repository/io/prometheus/simpleclient_dropwizard/0.16.0/simpleclient_dropwizard-0.16.0.jar:/home/runner/.m2/repository/io/prometheus/simpleclient_common/0.16.0/simpleclient_common-0.16.0.jar:/home/runner/.m2/repository/com/fasterxml/jackson/datatype/jackson-datatype-jsr310/2.16.2/jackson-datatype-jsr310-2.16.2.jar:/home/runner/.m2/repository/com/github/jnr/jnr-constants/0.10.4/jnr-constants-0.10.4.jar:/home/runner/.m2/repository/com/github/jnr/jnr-posix/3.1.19/jnr-posix-3.1.19.jar:/home/runner/.m2/repository/com/github/jnr/jnr-ffi/2.2.16/jnr-ffi-2.2.16.jar:/home/runner/.m2/repository/com/github/jnr/jffi/1.3.13/jffi-1.3.13.jar:/home/runner/.m2/repository/com/github/jnr/jffi/1.3.13/jffi-1.3.13-native.jar:/home/runner/.m2/repository/org/ow2/asm/asm/9.2/asm-9.2.jar:/home/runner/.m2/repository/org/ow2/asm/asm-commons/9.2/asm-commons-9.2.jar:/home/runner/.m2/repository/org/ow2/asm/asm-analysis/9.2/asm-analysis-9.2.jar:/home/runner/.m2/repository/org/ow2/asm/asm-tree/9.2/asm-tree-9.2.jar:/home/runner/.m2/repository/org/ow2/asm/asm-util/9.2/asm-util-9.2.jar:/home/runner/.m2/repository/com/github/jnr/jnr-a64asm/1.0.0/jnr-a64asm-1.0.0.jar:/home/runner/.m2/repository/com/github/jnr/jnr-x86asm/1.0.2/jnr-x86asm-1.0.2.jar:/home/runner/.m2/repository/com/google/code/gson/gson/2.10.1/gson-2.10.1.jar:/home/runner/work/ozone/ozone/hadoop-hdds/rocksdb-checkpoint-differ/target/rocksdb-checkpoint-differ-1.5.0-SNAPSHOT.jar:/home/runner/.m2/repository/org/jgrapht/jgrapht-core/1.4.0/jgrapht-core-1.4.0.jar:/home/runner/.m2/repository/org/jheaps/jheaps/0.11/jheaps-0.11.jar:/home/runner/.m2/repository/org/jgrapht/jgrapht-ext/1.4.0/jgrapht-ext-1.4.0.jar:/home/runner/.m2/repository/com/github/vlsi/mxgraph/jgraphx/3.9.12/jgraphx-3.9.12.jar:/home/runner/.m2/repository/jakarta/ws/rs/jakarta.ws.rs-api/2.1.6/jakarta.ws.rs-api-2.1.6.jar:/home/runner/work/ozone/ozone/hadoop-ozone/ozone-manager/target/ozone-manager-1.5.0-SNAPSHOT.jar:/home/runner/.m2/repository/org/aspectj/aspectjrt/1.9.7/aspectjrt-1.9.7.jar:/home/runner/.m2/repository/org/aspectj/aspectjweaver/1.9.7/aspectjweaver-1.9.7.jar:/home/runner/work/ozone/ozone/hadoop-ozone/interface-storage/target/ozone-interface-storage-1.5.0-SNAPSHOT.jar:/home/runner/.m2/repository/org/apache/kerby/kerby-util/1.0.1/kerby-util-1.0.1.jar:/home/runner/.m2/repository/io/netty/netty-transport/4.1.109.Final/netty-transport-4.1.109.Final.jar:/home/runner/.m2/repository/org/reflections/reflections/0.10.2/reflections-0.10.2.jar:/home/runner/.m2/repository/com/sun/jersey/jersey-client/1.19.4/jersey-client-1.19.4.jar:/home/runner/.m2/repository/jakarta/xml/bind/jakarta.xml.bind-api/2.3.3/jakarta.xml.bind-api-2.3.3.jar:/home/runner/.m2/repository/org/codehaus/jackson/jackson-core-asl/1.9.13/jackson-core-asl-1.9.13.jar:/home/runner/.m2/repository/org/codehaus/jackson/jackson-mapper-asl/1.9.13/jackson-mapper-asl-1.9.13.jar:/home/runner/.m2/repository/org/codehaus/jackson/jackson-jaxrs/1.9.13/jackson-jaxrs-1.9.13.jar:/home/runner/.m2/repository/org/apache/ranger/ranger-plugins-common/2.3.0/ranger-plugins-common-2.3.0.jar:/home/runner/.m2/repository/commons-lang/commons-lang/2.6/commons-lang-2.6.jar:/home/runner/.m2/repository/org/apache/ranger/ranger-plugins-cred/2.3.0/ranger-plugins-cred-2.3.0.jar:/home/runner/.m2/repository/org/apache/ranger/ranger-plugins-audit/2.3.0/ranger-plugins-audit-2.3.0.jar:/home/runner/.m2/repository/org/eclipse/jetty/jetty-client/9.4.56.v20240826/jetty-client-9.4.56.v20240826.jar:/home/runner/.m2/repository/org/apache/httpcomponents/httpmime/4.5.6/httpmime-4.5.6.jar:/home/runner/.m2/repository/org/apache/httpcomponents/httpcore-nio/4.4.16/httpcore-nio-4.4.16.jar:/home/runner/.m2/repository/org/apache/httpcomponents/httpasyncclient/4.1.3/httpasyncclient-4.1.3.jar:/home/runner/.m2/repository/com/carrotsearch/hppc/0.8.0/hppc-0.8.0.jar:/home/runner/.m2/repository/org/apache/orc/orc-core/1.5.8/orc-core-1.5.8.jar:/home/runner/.m2/repository/net/java/dev/jna/jna/5.2.0/jna-5.2.0.jar:/home/runner/.m2/repository/net/java/dev/jna/jna-platform/5.2.0/jna-platform-5.2.0.jar:/home/runner/.m2/repository/com/kstruct/gethostname4j/0.0.2/gethostname4j-0.0.2.jar:/home/runner/.m2/repository/org/apache/ranger/ranger-plugin-classloader/2.3.0/ranger-plugin-classloader-2.3.0.jar:/home/runner/.m2/repository/org/apache/ranger/ranger-intg/2.3.0/ranger-intg-2.3.0.jar:/home/runner/work/ozone/ozone/hadoop-hdds/rocks-native/target/hdds-rocks-native-1.5.0-SNAPSHOT.jar:/home/runner/.m2/repository/org/apache/hadoop/hadoop-minikdc/3.3.6/hadoop-minikdc-3.3.6.jar:/home/runner/.m2/repository/org/apache/kerby/kerb-simplekdc/1.0.1/kerb-simplekdc-1.0.1.jar:/home/runner/.m2/repository/org/apache/kerby/kerb-client/1.0.1/kerb-client-1.0.1.jar:/home/runner/.m2/repository/org/apache/kerby/kerb-common/1.0.1/kerb-common-1.0.1.jar:/home/runner/.m2/repository/org/apache/kerby/token-provider/1.0.1/token-provider-1.0.1.jar:/home/runner/.m2/repository/org/apache/kerby/kerb-admin/1.0.1/kerb-admin-1.0.1.jar:/home/runner/.m2/repository/org/apache/kerby/kerb-server/1.0.1/kerb-server-1.0.1.jar:/home/runner/.m2/repository/org/apache/kerby/kerb-identity/1.0.1/kerb-identity-1.0.1.jar:/home/runner/.m2/repository/org/apache/kerby/kerby-xdr/1.0.1/kerby-xdr-1.0.1.jar:/home/runner/.m2/repository/junit/junit/4.13.2/junit-4.13.2.jar:/home/runner/.m2/repository/org/hamcrest/hamcrest-core/1.3/hamcrest-core-1.3.jar:/home/runner/work/ozone/ozone/hadoop-ozone/s3gateway/target/ozone-s3gateway-1.5.0-SNAPSHOT.jar:/home/runner/.m2/repository/org/javassist/javassist/3.30.2-GA/javassist-3.30.2-GA.jar:/home/runner/.m2/repository/org/jboss/weld/servlet/weld-servlet-shaded/3.1.9.Final/weld-servlet-shaded-3.1.9.Final.jar:/home/runner/.m2/repository/org/glassfish/jersey/core/jersey-common/2.45/jersey-common-2.45.jar:/home/runner/.m2/repository/org/glassfish/hk2/osgi-resource-locator/1.0.3/osgi-resource-locator-1.0.3.jar:/home/runner/.m2/repository/org/glassfish/jersey/ext/cdi/jersey-cdi1x/2.45/jersey-cdi1x-2.45.jar:/home/runner/.m2/repository/org/glassfish/jersey/inject/jersey-hk2/2.45/jersey-hk2-2.45.jar:/home/runner/.m2/repository/org/glassfish/hk2/hk2-locator/2.6.1/hk2-locator-2.6.1.jar:/home/runner/.m2/repository/org/glassfish/jersey/media/jersey-media-jaxb/2.45/jersey-media-jaxb-2.45.jar:/home/runner/.m2/repository/org/glassfish/hk2/hk2-api/2.6.1/hk2-api-2.6.1.jar:/home/runner/.m2/repository/org/glassfish/hk2/hk2-utils/2.6.1/hk2-utils-2.6.1.jar:/home/runner/.m2/repository/org/glassfish/hk2/external/aopalliance-repackaged/2.6.1/aopalliance-repackaged-2.6.1.jar:/home/runner/.m2/repository/com/fasterxml/jackson/dataformat/jackson-dataformat-xml/2.16.2/jackson-dataformat-xml-2.16.2.jar:/home/runner/.m2/repository/org/codehaus/woodstox/stax2-api/4.2.2/stax2-api-4.2.2.jar:/home/runner/.m2/repository/com/fasterxml/woodstox/woodstox-core/5.4.0/woodstox-core-5.4.0.jar:/home/runner/.m2/repository/com/fasterxml/jackson/module/jackson-module-jaxb-annotations/2.16.2/jackson-module-jaxb-annotations-2.16.2.jar:/home/runner/.m2/repository/javax/annotation/javax.annotation-api/1.3.2/javax.annotation-api-1.3.2.jar:/home/runner/.m2/repository/javax/enterprise/cdi-api/2.0/cdi-api-2.0.jar:/home/runner/.m2/repository/javax/el/javax.el-api/3.0.0/javax.el-api-3.0.0.jar:/home/runner/.m2/repository/javax/interceptor/javax.interceptor-api/1.2/javax.interceptor-api-1.2.jar:/home/runner/.m2/repository/org/glassfish/jaxb/jaxb-runtime/2.3.9/jaxb-runtime-2.3.9.jar:/home/runner/.m2/repository/org/glassfish/jaxb/txw2/2.3.9/txw2-2.3.9.jar:/home/runner/.m2/repository/com/sun/istack/istack-commons-runtime/3.0.12/istack-commons-runtime-3.0.12.jar:/home/runner/.m2/repository/com/sun/activation/jakarta.activation/1.2.2/jakarta.activation-1.2.2.jar:/home/runner/.m2/repository/jakarta/activation/jakarta.activation-api/1.2.2/jakarta.activation-api-1.2.2.jar:/home/runner/.m2/repository/io/grpc/grpc-protobuf/1.58.0/grpc-protobuf-1.58.0.jar:/home/runner/.m2/repository/com/google/api/grpc/proto-google-common-protos/2.22.0/proto-google-common-protos-2.22.0.jar:/home/runner/.m2/repository/io/grpc/grpc-protobuf-lite/1.58.0/grpc-protobuf-lite-1.58.0.jar:/home/runner/.m2/repository/io/opentracing/opentracing-noop/0.33.0/opentracing-noop-0.33.0.jar:/home/runner/.m2/repository/io/opentracing/opentracing-util/0.33.0/opentracing-util-0.33.0.jar:/home/runner/work/ozone/ozone/hadoop-ozone/csi/target/ozone-csi-1.5.0-SNAPSHOT.jar:/home/runner/.m2/repository/com/google/protobuf/protobuf-java-util/3.19.6/protobuf-java-util-3.19.6.jar:/home/runner/.m2/repository/io/netty/netty-transport-classes-epoll/4.1.109.Final/netty-transport-classes-epoll-4.1.109.Final.jar:/home/runner/.m2/repository/io/netty/netty-transport-native-epoll/4.1.109.Final/netty-transport-native-epoll-4.1.109.Final-linux-x86_64.jar:/home/runner/.m2/repository/io/netty/netty-transport-native-unix-common/4.1.109.Final/netty-transport-native-unix-common-4.1.109.Final.jar:/home/runner/work/ozone/ozone/hadoop-ozone/recon/target/ozone-recon-1.5.0-SNAPSHOT.jar:/home/runner/work/ozone/ozone/hadoop-ozone/recon-codegen/target/ozone-reconcodegen-1.5.0-SNAPSHOT.jar:/home/runner/.m2/repository/aopalliance/aopalliance/1.0/aopalliance-1.0.jar:/home/runner/.m2/repository/com/google/inject/guice/6.0.0/guice-6.0.0.jar:/home/runner/.m2/repository/jakarta/inject/jakarta.inject-api/2.0.1/jakarta.inject-api-2.0.1.jar:/home/runner/.m2/repository/com/google/inject/extensions/guice-assistedinject/6.0.0/guice-assistedinject-6.0.0.jar:/home/runner/.m2/repository/com/google/inject/extensions/guice-servlet/6.0.0/guice-servlet-6.0.0.jar:/home/runner/.m2/repository/org/glassfish/jersey/containers/jersey-container-servlet/2.45/jersey-container-servlet-2.45.jar:/home/runner/.m2/repository/org/glassfish/hk2/guice-bridge/2.6.1/guice-bridge-2.6.1.jar:/home/runner/.m2/repository/org/glassfish/hk2/external/jakarta.inject/2.6.1/jakarta.inject-2.6.1.jar:/home/runner/.m2/repository/org/glassfish/jersey/media/jersey-media-json-jackson/2.45/jersey-media-json-jackson-2.45.jar:/home/runner/.m2/repository/org/glassfish/jersey/ext/jersey-entity-filtering/2.45/jersey-entity-filtering-2.45.jar:/home/runner/.m2/repository/org/jooq/jooq/3.11.10/jooq-3.11.10.jar:/home/runner/.m2/repository/org/jooq/jooq-meta/3.11.10/jooq-meta-3.11.10.jar:/home/runner/.m2/repository/org/jooq/jooq-codegen/3.11.10/jooq-codegen-3.11.10.jar:/home/runner/.m2/repository/com/jolbox/bonecp/0.8.0.RELEASE/bonecp-0.8.0.RELEASE.jar:/home/runner/.m2/repository/org/apache/derby/derby/10.14.2.0/derby-10.14.2.0.jar:/home/runner/.m2/repository/org/xerial/sqlite-jdbc/3.46.1.0/sqlite-jdbc-3.46.1.0.jar:/home/runner/.m2/repository/org/springframework/spring-core/5.3.39/spring-core-5.3.39.jar:/home/runner/.m2/repository/org/springframework/spring-jdbc/5.3.39/spring-jdbc-5.3.39.jar:/home/runner/.m2/repository/org/springframework/spring-beans/5.3.39/spring-beans-5.3.39.jar:/home/runner/.m2/repository/org/springframework/spring-tx/5.3.39/spring-tx-5.3.39.jar:/home/runner/.m2/repository/jakarta/validation/jakarta.validation-api/2.0.2/jakarta.validation-api-2.0.2.jar:/home/runner/.m2/repository/javax/inject/javax.inject/1/javax.inject-1.jar:/home/runner/work/ozone/ozone/hadoop-ozone/client/target/ozone-client-1.5.0-SNAPSHOT.jar:/home/runner/work/ozone/ozone/hadoop-hdds/erasurecode/target/hdds-erasurecode-1.5.0-SNAPSHOT.jar:/home/runner/work/ozone/ozone/hadoop-ozone/ozonefs/target/ozone-filesystem-1.5.0-SNAPSHOT.jar:/home/runner/work/ozone/ozone/hadoop-ozone/ozonefs-common/target/ozone-filesystem-common-1.5.0-SNAPSHOT.jar:/home/runner/work/ozone/ozone/hadoop-ozone/tools/target/ozone-tools-1.5.0-SNAPSHOT.jar:/home/runner/.m2/repository/org/apache/ratis/ratis-tools/3.1.0/ratis-tools-3.1.0.jar:/home/runner/.m2/repository/com/amazonaws/aws-java-sdk-core/1.12.661/aws-java-sdk-core-1.12.661.jar:/home/runner/.m2/repository/com/fasterxml/jackson/dataformat/jackson-dataformat-cbor/2.16.2/jackson-dataformat-cbor-2.16.2.jar:/home/runner/.m2/repository/joda-time/joda-time/2.12.7/joda-time-2.12.7.jar:/home/runner/.m2/repository/com/amazonaws/aws-java-sdk-s3/1.12.661/aws-java-sdk-s3-1.12.661.jar:/home/runner/.m2/repository/com/amazonaws/aws-java-sdk-kms/1.12.661/aws-java-sdk-kms-1.12.661.jar:/home/runner/.m2/repository/com/amazonaws/jmespath-java/1.12.661/jmespath-java-1.12.661.jar:/home/runner/.m2/repository/org/kohsuke/metainf-services/metainf-services/1.11/metainf-services-1.11.jar:/home/runner/work/ozone/ozone/hadoop-hdds/tools/target/hdds-tools-1.5.0-SNAPSHOT.jar:/home/runner/.m2/repository/commons-cli/commons-cli/1.8.0/commons-cli-1.8.0.jar:/home/runner/.m2/repository/org/apache/commons/commons-lang3/3.14.0/commons-lang3-3.14.0.jar:/home/runner/work/ozone/ozone/hadoop-ozone/ozone-manager/target/ozone-manager-1.5.0-SNAPSHOT-tests.jar:/home/runner/work/ozone/ozone/hadoop-hdds/common/target/hdds-common-1.5.0-SNAPSHOT-tests.jar:/home/runner/work/ozone/ozone/hadoop-hdds/hadoop-dependency-client/target/hdds-hadoop-dependency-client-1.5.0-SNAPSHOT.jar:/home/runner/work/ozone/ozone/hadoop-hdds/annotations/target/hdds-annotation-processing-1.5.0-SNAPSHOT.jar:/home/runner/.m2/repository/org/bouncycastle/bcutil-jdk18on/1.78.1/bcutil-jdk18on-1.78.1.jar:/home/runner/.m2/repository/io/jaegertracing/jaeger-client/1.8.1/jaeger-client-1.8.1.jar:/home/runner/.m2/repository/io/jaegertracing/jaeger-thrift/1.8.1/jaeger-thrift-1.8.1.jar:/home/runner/.m2/repository/org/apache/thrift/libthrift/0.15.0/libthrift-0.15.0.jar:/home/runner/.m2/repository/io/jaegertracing/jaeger-tracerresolver/1.8.1/jaeger-tracerresolver-1.8.1.jar:/home/runner/.m2/repository/io/opentracing/contrib/opentracing-tracerresolver/0.1.8/opentracing-tracerresolver-0.1.8.jar:/home/runner/.m2/repository/io/jaegertracing/jaeger-core/1.8.1/jaeger-core-1.8.1.jar:/home/runner/.m2/repository/org/jetbrains/kotlin/kotlin-stdlib/1.9.25/kotlin-stdlib-1.9.25.jar:/home/runner/.m2/repository/org/jetbrains/annotations/13.0/annotations-13.0.jar:/home/runner/.m2/repository/org/yaml/snakeyaml/2.0/snakeyaml-2.0.jar:/home/runner/.m2/repository/org/junit/platform/junit-platform-launcher/1.10.3/junit-platform-launcher-1.10.3.jar:/home/runner/.m2/repository/org/junit/platform/junit-platform-engine/1.10.3/junit-platform-engine-1.10.3.jar:/home/runner/.m2/repository/org/apiguardian/apiguardian-api/1.1.2/apiguardian-api-1.1.2.jar:/home/runner/.m2/repository/org/apache/hadoop/hadoop-kms/3.3.6/hadoop-kms-3.3.6.jar:/home/runner/.m2/repository/org/apache/hadoop/hadoop-auth/3.3.6/hadoop-auth-3.3.6.jar:/home/runner/.m2/repository/org/apache/zookeeper/zookeeper/3.8.4/zookeeper-3.8.4.jar:/home/runner/.m2/repository/org/apache/zookeeper/zookeeper-jute/3.8.4/zookeeper-jute-3.8.4.jar:/home/runner/.m2/repository/org/apache/yetus/audience-annotations/0.12.0/audience-annotations-0.12.0.jar:/home/runner/.m2/repository/org/apache/curator/curator-framework/4.2.0/curator-framework-4.2.0.jar:/home/runner/.m2/repository/org/apache/hadoop/thirdparty/hadoop-shaded-guava/1.2.0/hadoop-shaded-guava-1.2.0.jar:/home/runner/.m2/repository/com/sun/jersey/jersey-core/1.19.4/jersey-core-1.19.4.jar:/home/runner/.m2/repository/javax/ws/rs/jsr311-api/1.1.1/jsr311-api-1.1.1.jar:/home/runner/.m2/repository/com/sun/jersey/jersey-server/1.19.4/jersey-server-1.19.4.jar:/home/runner/.m2/repository/org/apache/hadoop/hadoop-common/3.3.6/hadoop-common-3.3.6.jar:/home/runner/.m2/repository/org/apache/commons/commons-math3/3.6.1/commons-math3-3.6.1.jar:/home/runner/.m2/repository/commons-net/commons-net/3.11.1/commons-net-3.11.1.jar:/home/runner/.m2/repository/com/sun/jersey/jersey-servlet/1.19.4/jersey-servlet-1.19.4.jar:/home/runner/.m2/repository/com/github/pjfanning/jersey-json/1.20/jersey-json-1.20.jar:/home/runner/.m2/repository/org/codehaus/jettison/jettison/1.1/jettison-1.1.jar:/home/runner/.m2/repository/com/sun/xml/bind/jaxb-impl/2.2.3-1/jaxb-impl-2.2.3-1.jar:/home/runner/.m2/repository/com/google/re2j/re2j/1.7/re2j-1.7.jar:/home/runner/.m2/repository/com/jcraft/jsch/0.1.55/jsch-0.1.55.jar:/home/runner/.m2/repository/org/apache/curator/curator-client/4.2.0/curator-client-4.2.0.jar:/home/runner/.m2/repository/org/apache/curator/curator-recipes/5.2.0/curator-recipes-5.2.0.jar:/home/runner/.m2/repository/com/google/code/findbugs/jsr305/3.0.2/jsr305-3.0.2.jar:/home/runner/.m2/repository/dnsjava/dnsjava/2.1.9/dnsjava-2.1.9.jar:/home/runner/.m2/repository/org/apache/hadoop/hadoop-kms/3.3.6/hadoop-kms-3.3.6-tests.jar:/home/runner/work/ozone/ozone/hadoop-hdds/server-scm/target/hdds-server-scm-1.5.0-SNAPSHOT-tests.jar:/home/runner/work/ozone/ozone/hadoop-hdds/container-service/target/hdds-container-service-1.5.0-SNAPSHOT-tests.jar:/home/runner/.m2/repository/com/github/luben/zstd-jni/1.5.6-4/zstd-jni-1.5.6-4.jar:/home/runner/.m2/repository/io/netty/netty-buffer/4.1.109.Final/netty-buffer-4.1.109.Final.jar:/home/runner/.m2/repository/io/netty/netty-codec/4.1.109.Final/netty-codec-4.1.109.Final.jar:/home/runner/work/ozone/ozone/hadoop-hdds/hadoop-dependency-test/target/hdds-hadoop-dependency-test-1.5.0-SNAPSHOT.jar:/home/runner/.m2/repository/org/apache/hadoop/hadoop-common/3.3.6/hadoop-common-3.3.6-tests.jar:/home/runner/.m2/repository/org/apache/hadoop/hadoop-hdfs/3.3.6/hadoop-hdfs-3.3.6-tests.jar:/home/runner/.m2/repository/org/junit/jupiter/junit-jupiter-engine/5.10.3/junit-jupiter-engine-5.10.3.jar:/home/runner/.m2/repository/org/junit/jupiter/junit-jupiter-params/5.10.3/junit-jupiter-params-5.10.3.jar:/home/runner/.m2/repository/org/mockito/mockito-core/4.11.0/mockito-core-4.11.0.jar:/home/runner/.m2/repository/net/bytebuddy/byte-buddy-agent/1.12.19/byte-buddy-agent-1.12.19.jar:/home/runner/.m2/repository/org/objenesis/objenesis/3.3/objenesis-3.3.jar:/home/runner/.m2/repository/org/mockito/mockito-inline/4.11.0/mockito-inline-4.11.0.jar:/home/runner/.m2/repository/org/mockito/mockito-junit-jupiter/4.11.0/mockito-junit-jupiter-4.11.0.jar:/home/runner/.m2/repository/org/apache/hadoop/hadoop-distcp/3.3.6/hadoop-distcp-3.3.6.jar:/home/runner/.m2/repository/org/apache/hadoop/hadoop-mapreduce-client-jobclient/3.3.6/hadoop-mapreduce-client-jobclient-3.3.6.jar:/home/runner/.m2/repository/org/apache/hadoop/hadoop-mapreduce-client-common/3.3.6/hadoop-mapreduce-client-common-3.3.6.jar:/home/runner/.m2/repository/org/apache/hadoop/hadoop-yarn-common/3.3.6/hadoop-yarn-common-3.3.6.jar:/home/runner/.m2/repository/org/apache/hadoop/hadoop-yarn-api/3.3.6/hadoop-yarn-api-3.3.6.jar:/home/runner/.m2/repository/javax/xml/bind/jaxb-api/2.2.11/jaxb-api-2.2.11.jar:/home/runner/.m2/repository/com/sun/jersey/contribs/jersey-guice/1.19.4/jersey-guice-1.19.4.jar:/home/runner/.m2/repository/com/fasterxml/jackson/jaxrs/jackson-jaxrs-json-provider/2.16.2/jackson-jaxrs-json-provider-2.16.2.jar:/home/runner/.m2/repository/com/fasterxml/jackson/jaxrs/jackson-jaxrs-base/2.16.2/jackson-jaxrs-base-2.16.2.jar:/home/runner/.m2/repository/org/apache/hadoop/hadoop-yarn-client/3.3.6/hadoop-yarn-client-3.3.6.jar:/home/runner/.m2/repository/org/eclipse/jetty/websocket/websocket-client/9.4.51.v20230217/websocket-client-9.4.51.v20230217.jar:/home/runner/.m2/repository/org/eclipse/jetty/websocket/websocket-common/9.4.51.v20230217/websocket-common-9.4.51.v20230217.jar:/home/runner/.m2/repository/org/eclipse/jetty/websocket/websocket-api/9.4.51.v20230217/websocket-api-9.4.51.v20230217.jar:/home/runner/.m2/repository/org/jline/jline/3.9.0/jline-3.9.0.jar:/home/runner/.m2/repository/org/apache/hadoop/hadoop-mapreduce-client-core/3.3.6/hadoop-mapreduce-client-core-3.3.6.jar:/home/runner/.m2/repository/org/apache/avro/avro/1.7.7/avro-1.7.7.jar:/home/runner/.m2/repository/com/thoughtworks/paranamer/paranamer/2.3/paranamer-2.3.jar:/home/runner/.m2/repository/org/apache/hadoop/hadoop-annotations/3.3.6/hadoop-annotations-3.3.6.jar:/home/runner/.m2/repository/io/netty/netty/3.10.6.Final/netty-3.10.6.Final.jar:/home/runner/.m2/repository/org/apache/hadoop/hadoop-distcp/3.3.6/hadoop-distcp-3.3.6-tests.jar:/home/runner/.m2/repository/org/apache/ratis/ratis-server/3.1.0/ratis-server-3.1.0.jar:/home/runner/.m2/repository/org/hamcrest/hamcrest/2.2/hamcrest-2.2.jar:/home/runner/.m2/repository/org/slf4j/jul-to-slf4j/2.0.16/jul-to-slf4j-2.0.16.jar:/home/runner/work/ozone/ozone/hadoop-ozone/integration-test/target/gradle-enterprise/test-listeners.jar:"/>
    <property name="java.vm.vendor" value="Eclipse Adoptium"/>
    <property name="sun.arch.data.model" value="64"/>
    <property name="test.build.dir" value="/home/runner/work/ozone/ozone/hadoop-ozone/integration-test/target/test-dir"/>
    <property name="test.cache.data" value=""/>
    <property name="java.vendor.url" value="https://adoptium.net/"/>
    <property name="user.timezone" value="Etc/UTC"/>
    <property name="maven-surefire-plugin.argLineAccessArgs" value=" --add-opens java.management/com.sun.jmx.mbeanserver=ALL-UNNAMED --add-exports java.management/com.sun.jmx.mbeanserver=ALL-UNNAMED --add-opens java.base/java.nio=ALL-UNNAMED --add-opens java.base/java.lang=ALL-UNNAMED --add-opens java.base/java.lang.reflect=ALL-UNNAMED"/>
    <property name="os.name" value="Linux"/>
    <property name="java.vm.specification.version" value="17"/>
    <property name="test.build.data" value="/home/runner/work/ozone/ozone/hadoop-ozone/integration-test/target/test-dir"/>
    <property name="sun.java.launcher" value="SUN_STANDARD"/>
    <property name="sun.boot.library.path" value="/usr/lib/jvm/temurin-17-jdk-amd64/lib"/>
    <property name="sun.java.command" value="/home/runner/work/ozone/ozone/hadoop-ozone/integration-test/target/surefire/surefirebooter17720976104195827621.jar /home/runner/work/ozone/ozone/hadoop-ozone/integration-test/target/surefire 2024-09-18T12-14-45_794-jvmRun1 surefire18444392248584072277tmp surefire_1903452350259014471759tmp"/>
    <property name="jdk.debug" value="release"/>
    <property name="native.lib.tmp.dir" value="/tmp"/>
    <property name="surefire.test.class.path" value="/home/runner/work/ozone/ozone/hadoop-ozone/integration-test/target/test-classes:/home/runner/work/ozone/ozone/hadoop-ozone/integration-test/target/classes:/home/runner/work/ozone/ozone/hadoop-ozone/common/target/ozone-common-1.5.0-SNAPSHOT.jar:/home/runner/.m2/repository/io/grpc/grpc-netty/1.58.0/grpc-netty-1.58.0.jar:/home/runner/.m2/repository/io/grpc/grpc-core/1.58.0/grpc-core-1.58.0.jar:/home/runner/.m2/repository/com/google/android/annotations/4.1.1.4/annotations-4.1.1.4.jar:/home/runner/.m2/repository/org/codehaus/mojo/animal-sniffer-annotations/1.23/animal-sniffer-annotations-1.23.jar:/home/runner/.m2/repository/io/grpc/grpc-context/1.58.0/grpc-context-1.58.0.jar:/home/runner/.m2/repository/io/grpc/grpc-util/1.58.0/grpc-util-1.58.0.jar:/home/runner/.m2/repository/com/google/errorprone/error_prone_annotations/2.29.2/error_prone_annotations-2.29.2.jar:/home/runner/.m2/repository/io/perfmark/perfmark-api/0.26.0/perfmark-api-0.26.0.jar:/home/runner/.m2/repository/io/netty/netty-codec-http2/4.1.109.Final/netty-codec-http2-4.1.109.Final.jar:/home/runner/.m2/repository/io/netty/netty-codec-http/4.1.109.Final/netty-codec-http-4.1.109.Final.jar:/home/runner/.m2/repository/io/netty/netty-handler-proxy/4.1.109.Final/netty-handler-proxy-4.1.109.Final.jar:/home/runner/.m2/repository/io/netty/netty-codec-socks/4.1.109.Final/netty-codec-socks-4.1.109.Final.jar:/home/runner/.m2/repository/io/netty/netty-tcnative-boringssl-static/2.0.65.Final/netty-tcnative-boringssl-static-2.0.65.Final.jar:/home/runner/.m2/repository/io/netty/netty-tcnative-classes/2.0.65.Final/netty-tcnative-classes-2.0.65.Final.jar:/home/runner/.m2/repository/io/netty/netty-tcnative-boringssl-static/2.0.65.Final/netty-tcnative-boringssl-static-2.0.65.Final-linux-x86_64.jar:/home/runner/.m2/repository/io/netty/netty-tcnative-boringssl-static/2.0.65.Final/netty-tcnative-boringssl-static-2.0.65.Final-linux-aarch_64.jar:/home/runner/.m2/repository/io/netty/netty-tcnative-boringssl-static/2.0.65.Final/netty-tcnative-boringssl-static-2.0.65.Final-osx-x86_64.jar:/home/runner/.m2/repository/io/netty/netty-tcnative-boringssl-static/2.0.65.Final/netty-tcnative-boringssl-static-2.0.65.Final-osx-aarch_64.jar:/home/runner/.m2/repository/io/netty/netty-tcnative-boringssl-static/2.0.65.Final/netty-tcnative-boringssl-static-2.0.65.Final-windows-x86_64.jar:/home/runner/.m2/repository/org/apache/commons/commons-compress/1.27.1/commons-compress-1.27.1.jar:/home/runner/work/ozone/ozone/hadoop-hdds/common/target/hdds-common-1.5.0-SNAPSHOT.jar:/home/runner/work/ozone/ozone/hadoop-hdds/client/target/hdds-client-1.5.0-SNAPSHOT.jar:/home/runner/work/ozone/ozone/hadoop-hdds/config/target/hdds-config-1.5.0-SNAPSHOT.jar:/home/runner/work/ozone/ozone/hadoop-hdds/interface-client/target/hdds-interface-client-1.5.0-SNAPSHOT.jar:/home/runner/.m2/repository/org/apache/hadoop/thirdparty/hadoop-shaded-protobuf_3_7/1.1.1/hadoop-shaded-protobuf_3_7-1.1.1.jar:/home/runner/work/ozone/ozone/hadoop-ozone/interface-client/target/ozone-interface-client-1.5.0-SNAPSHOT.jar:/home/runner/.m2/repository/org/apache/hadoop/hadoop-hdfs-client/3.3.6/hadoop-hdfs-client-3.3.6.jar:/home/runner/.m2/repository/com/squareup/okhttp3/okhttp/4.12.0/okhttp-4.12.0.jar:/home/runner/.m2/repository/com/squareup/okio/okio/3.6.0/okio-3.6.0.jar:/home/runner/.m2/repository/com/squareup/okio/okio-jvm/3.6.0/okio-jvm-3.6.0.jar:/home/runner/.m2/repository/org/jetbrains/kotlin/kotlin-stdlib-jdk8/1.9.25/kotlin-stdlib-jdk8-1.9.25.jar:/home/runner/.m2/repository/org/jetbrains/kotlin/kotlin-stdlib-jdk7/1.9.25/kotlin-stdlib-jdk7-1.9.25.jar:/home/runner/.m2/repository/org/jetbrains/kotlin/kotlin-stdlib-common/1.9.25/kotlin-stdlib-common-1.9.25.jar:/home/runner/.m2/repository/org/apache/httpcomponents/httpclient/4.5.14/httpclient-4.5.14.jar:/home/runner/.m2/repository/org/apache/httpcomponents/httpcore/4.4.16/httpcore-4.4.16.jar:/home/runner/.m2/repository/org/apache/ratis/ratis-common/3.1.0/ratis-common-3.1.0.jar:/home/runner/.m2/repository/org/apache/ratis/ratis-proto/3.1.0/ratis-proto-3.1.0.jar:/home/runner/.m2/repository/org/apache/ratis/ratis-thirdparty-misc/1.0.6/ratis-thirdparty-misc-1.0.6.jar:/home/runner/.m2/repository/org/slf4j/slf4j-api/2.0.16/slf4j-api-2.0.16.jar:/home/runner/.m2/repository/com/fasterxml/jackson/core/jackson-annotations/2.16.2/jackson-annotations-2.16.2.jar:/home/runner/.m2/repository/com/fasterxml/jackson/core/jackson-databind/2.16.2/jackson-databind-2.16.2.jar:/home/runner/.m2/repository/com/github/stephenc/jcip/jcip-annotations/1.0-1/jcip-annotations-1.0-1.jar:/home/runner/.m2/repository/com/google/guava/guava/32.1.3-jre/guava-32.1.3-jre.jar:/home/runner/.m2/repository/com/google/guava/failureaccess/1.0.1/failureaccess-1.0.1.jar:/home/runner/.m2/repository/com/google/guava/listenablefuture/9999.0-empty-to-avoid-conflict-with-guava/listenablefuture-9999.0-empty-to-avoid-conflict-with-guava.jar:/home/runner/.m2/repository/org/checkerframework/checker-qual/3.37.0/checker-qual-3.37.0.jar:/home/runner/.m2/repository/com/google/j2objc/j2objc-annotations/2.8/j2objc-annotations-2.8.jar:/home/runner/.m2/repository/com/google/protobuf/protobuf-java/2.5.0/protobuf-java-2.5.0.jar:/home/runner/.m2/repository/io/grpc/grpc-api/1.58.0/grpc-api-1.58.0.jar:/home/runner/.m2/repository/io/grpc/grpc-stub/1.58.0/grpc-stub-1.58.0.jar:/home/runner/.m2/repository/io/netty/netty-common/4.1.109.Final/netty-common-4.1.109.Final.jar:/home/runner/.m2/repository/io/netty/netty-handler/4.1.109.Final/netty-handler-4.1.109.Final.jar:/home/runner/.m2/repository/io/netty/netty-resolver/4.1.109.Final/netty-resolver-4.1.109.Final.jar:/home/runner/.m2/repository/jakarta/annotation/jakarta.annotation-api/2.1.1/jakarta.annotation-api-2.1.1.jar:/home/runner/work/ozone/ozone/hadoop-hdds/test-utils/target/hdds-test-utils-1.5.0-SNAPSHOT.jar:/home/runner/.m2/repository/org/assertj/assertj-core/3.26.3/assertj-core-3.26.3.jar:/home/runner/.m2/repository/net/bytebuddy/byte-buddy/1.14.18/byte-buddy-1.14.18.jar:/home/runner/.m2/repository/commons-io/commons-io/2.16.1/commons-io-2.16.1.jar:/home/runner/.m2/repository/commons-logging/commons-logging/1.2/commons-logging-1.2.jar:/home/runner/.m2/repository/org/junit/jupiter/junit-jupiter-api/5.10.3/junit-jupiter-api-5.10.3.jar:/home/runner/.m2/repository/org/opentest4j/opentest4j/1.3.0/opentest4j-1.3.0.jar:/home/runner/.m2/repository/org/junit/platform/junit-platform-commons/1.10.3/junit-platform-commons-1.10.3.jar:/home/runner/.m2/repository/ch/qos/reload4j/reload4j/1.2.25/reload4j-1.2.25.jar:/home/runner/.m2/repository/org/apache/logging/log4j/log4j-api/2.24.0/log4j-api-2.24.0.jar:/home/runner/work/ozone/ozone/hadoop-hdds/server-scm/target/hdds-server-scm-1.5.0-SNAPSHOT.jar:/home/runner/work/ozone/ozone/hadoop-hdds/container-service/target/hdds-container-service-1.5.0-SNAPSHOT.jar:/home/runner/work/ozone/ozone/hadoop-hdds/hadoop-dependency-server/target/hdds-hadoop-dependency-server-1.5.0-SNAPSHOT.jar:/home/runner/.m2/repository/com/nimbusds/nimbus-jose-jwt/9.40/nimbus-jose-jwt-9.40.jar:/home/runner/.m2/repository/org/apache/hadoop/hadoop-hdfs/3.3.6/hadoop-hdfs-3.3.6.jar:/home/runner/.m2/repository/commons-daemon/commons-daemon/1.4.0/commons-daemon-1.4.0.jar:/home/runner/.m2/repository/org/apache/kerby/kerb-core/1.0.1/kerb-core-1.0.1.jar:/home/runner/.m2/repository/org/apache/kerby/kerby-pkix/1.0.1/kerby-pkix-1.0.1.jar:/home/runner/.m2/repository/org/apache/kerby/kerby-asn1/1.0.1/kerby-asn1-1.0.1.jar:/home/runner/.m2/repository/org/apache/kerby/kerb-util/1.0.1/kerb-util-1.0.1.jar:/home/runner/.m2/repository/org/apache/kerby/kerby-config/1.0.1/kerby-config-1.0.1.jar:/home/runner/.m2/repository/org/apache/kerby/kerb-crypto/1.0.1/kerb-crypto-1.0.1.jar:/home/runner/.m2/repository/org/xerial/snappy/snappy-java/1.1.10.6/snappy-java-1.1.10.6.jar:/home/runner/work/ozone/ozone/hadoop-hdds/interface-admin/target/hdds-interface-admin-1.5.0-SNAPSHOT.jar:/home/runner/work/ozone/ozone/hadoop-hdds/interface-server/target/hdds-interface-server-1.5.0-SNAPSHOT.jar:/home/runner/work/ozone/ozone/hadoop-hdds/framework/target/hdds-server-framework-1.5.0-SNAPSHOT.jar:/home/runner/.m2/repository/org/apache/ratis/ratis-client/3.1.0/ratis-client-3.1.0.jar:/home/runner/.m2/repository/org/apache/ratis/ratis-grpc/3.1.0/ratis-grpc-3.1.0.jar:/home/runner/.m2/repository/org/apache/ratis/ratis-netty/3.1.0/ratis-netty-3.1.0.jar:/home/runner/.m2/repository/org/apache/ratis/ratis-server-api/3.1.0/ratis-server-api-3.1.0.jar:/home/runner/.m2/repository/org/bouncycastle/bcpkix-jdk18on/1.78.1/bcpkix-jdk18on-1.78.1.jar:/home/runner/.m2/repository/org/bouncycastle/bcprov-jdk18on/1.78.1/bcprov-jdk18on-1.78.1.jar:/home/runner/.m2/repository/io/dropwizard/metrics/metrics-core/3.2.6/metrics-core-3.2.6.jar:/home/runner/.m2/repository/org/apache/commons/commons-text/1.12.0/commons-text-1.12.0.jar:/home/runner/.m2/repository/org/eclipse/jetty/jetty-webapp/9.4.56.v20240826/jetty-webapp-9.4.56.v20240826.jar:/home/runner/.m2/repository/org/eclipse/jetty/jetty-xml/9.4.56.v20240826/jetty-xml-9.4.56.v20240826.jar:/home/runner/.m2/repository/com/fasterxml/jackson/core/jackson-core/2.16.2/jackson-core-2.16.2.jar:/home/runner/.m2/repository/info/picocli/picocli/4.7.5/picocli-4.7.5.jar:/home/runner/.m2/repository/javax/servlet/javax.servlet-api/3.1.0/javax.servlet-api-3.1.0.jar:/home/runner/.m2/repository/commons-collections/commons-collections/3.2.2/commons-collections-3.2.2.jar:/home/runner/work/ozone/ozone/hadoop-hdds/framework/target/hdds-server-framework-1.5.0-SNAPSHOT-tests.jar:/home/runner/work/ozone/ozone/hadoop-hdds/managed-rocksdb/target/hdds-managed-rocksdb-1.5.0-SNAPSHOT.jar:/home/runner/.m2/repository/org/slf4j/slf4j-reload4j/2.0.16/slf4j-reload4j-2.0.16.jar:/home/runner/.m2/repository/org/apache/commons/commons-configuration2/2.10.1/commons-configuration2-2.10.1.jar:/home/runner/.m2/repository/commons-codec/commons-codec/1.17.0/commons-codec-1.17.0.jar:/home/runner/.m2/repository/commons-fileupload/commons-fileupload/1.5/commons-fileupload-1.5.jar:/home/runner/.m2/repository/commons-validator/commons-validator/1.6/commons-validator-1.6.jar:/home/runner/.m2/repository/commons-beanutils/commons-beanutils/1.9.4/commons-beanutils-1.9.4.jar:/home/runner/.m2/repository/commons-digester/commons-digester/1.8.1/commons-digester-1.8.1.jar:/home/runner/.m2/repository/org/apache/logging/log4j/log4j-core/2.24.0/log4j-core-2.24.0.jar:/home/runner/.m2/repository/com/lmax/disruptor/3.4.4/disruptor-3.4.4.jar:/home/runner/.m2/repository/org/eclipse/jetty/jetty-http/9.4.56.v20240826/jetty-http-9.4.56.v20240826.jar:/home/runner/.m2/repository/org/eclipse/jetty/jetty-io/9.4.56.v20240826/jetty-io-9.4.56.v20240826.jar:/home/runner/.m2/repository/org/eclipse/jetty/jetty-util/9.4.56.v20240826/jetty-util-9.4.56.v20240826.jar:/home/runner/.m2/repository/org/eclipse/jetty/jetty-server/9.4.56.v20240826/jetty-server-9.4.56.v20240826.jar:/home/runner/.m2/repository/org/eclipse/jetty/jetty-servlet/9.4.56.v20240826/jetty-servlet-9.4.56.v20240826.jar:/home/runner/.m2/repository/org/eclipse/jetty/jetty-security/9.4.56.v20240826/jetty-security-9.4.56.v20240826.jar:/home/runner/.m2/repository/org/eclipse/jetty/jetty-util-ajax/9.4.56.v20240826/jetty-util-ajax-9.4.56.v20240826.jar:/home/runner/.m2/repository/org/glassfish/jersey/core/jersey-server/2.45/jersey-server-2.45.jar:/home/runner/.m2/repository/org/glassfish/jersey/core/jersey-client/2.45/jersey-client-2.45.jar:/home/runner/.m2/repository/org/glassfish/jersey/containers/jersey-container-servlet-core/2.45/jersey-container-servlet-core-2.45.jar:/home/runner/.m2/repository/org/rocksdb/rocksdbjni/7.7.3/rocksdbjni-7.7.3.jar:/home/runner/.m2/repository/org/apache/ratis/ratis-metrics-api/3.1.0/ratis-metrics-api-3.1.0.jar:/home/runner/.m2/repository/org/apache/ratis/ratis-metrics-dropwizard3/3.1.0/ratis-metrics-dropwizard3-3.1.0.jar:/home/runner/.m2/repository/io/opentracing/opentracing-api/0.33.0/opentracing-api-0.33.0.jar:/home/runner/.m2/repository/io/prometheus/simpleclient/0.16.0/simpleclient-0.16.0.jar:/home/runner/.m2/repository/io/prometheus/simpleclient_dropwizard/0.16.0/simpleclient_dropwizard-0.16.0.jar:/home/runner/.m2/repository/io/prometheus/simpleclient_common/0.16.0/simpleclient_common-0.16.0.jar:/home/runner/.m2/repository/com/fasterxml/jackson/datatype/jackson-datatype-jsr310/2.16.2/jackson-datatype-jsr310-2.16.2.jar:/home/runner/.m2/repository/com/github/jnr/jnr-constants/0.10.4/jnr-constants-0.10.4.jar:/home/runner/.m2/repository/com/github/jnr/jnr-posix/3.1.19/jnr-posix-3.1.19.jar:/home/runner/.m2/repository/com/github/jnr/jnr-ffi/2.2.16/jnr-ffi-2.2.16.jar:/home/runner/.m2/repository/com/github/jnr/jffi/1.3.13/jffi-1.3.13.jar:/home/runner/.m2/repository/com/github/jnr/jffi/1.3.13/jffi-1.3.13-native.jar:/home/runner/.m2/repository/org/ow2/asm/asm/9.2/asm-9.2.jar:/home/runner/.m2/repository/org/ow2/asm/asm-commons/9.2/asm-commons-9.2.jar:/home/runner/.m2/repository/org/ow2/asm/asm-analysis/9.2/asm-analysis-9.2.jar:/home/runner/.m2/repository/org/ow2/asm/asm-tree/9.2/asm-tree-9.2.jar:/home/runner/.m2/repository/org/ow2/asm/asm-util/9.2/asm-util-9.2.jar:/home/runner/.m2/repository/com/github/jnr/jnr-a64asm/1.0.0/jnr-a64asm-1.0.0.jar:/home/runner/.m2/repository/com/github/jnr/jnr-x86asm/1.0.2/jnr-x86asm-1.0.2.jar:/home/runner/.m2/repository/com/google/code/gson/gson/2.10.1/gson-2.10.1.jar:/home/runner/work/ozone/ozone/hadoop-hdds/rocksdb-checkpoint-differ/target/rocksdb-checkpoint-differ-1.5.0-SNAPSHOT.jar:/home/runner/.m2/repository/org/jgrapht/jgrapht-core/1.4.0/jgrapht-core-1.4.0.jar:/home/runner/.m2/repository/org/jheaps/jheaps/0.11/jheaps-0.11.jar:/home/runner/.m2/repository/org/jgrapht/jgrapht-ext/1.4.0/jgrapht-ext-1.4.0.jar:/home/runner/.m2/repository/com/github/vlsi/mxgraph/jgraphx/3.9.12/jgraphx-3.9.12.jar:/home/runner/.m2/repository/jakarta/ws/rs/jakarta.ws.rs-api/2.1.6/jakarta.ws.rs-api-2.1.6.jar:/home/runner/work/ozone/ozone/hadoop-ozone/ozone-manager/target/ozone-manager-1.5.0-SNAPSHOT.jar:/home/runner/.m2/repository/org/aspectj/aspectjrt/1.9.7/aspectjrt-1.9.7.jar:/home/runner/.m2/repository/org/aspectj/aspectjweaver/1.9.7/aspectjweaver-1.9.7.jar:/home/runner/work/ozone/ozone/hadoop-ozone/interface-storage/target/ozone-interface-storage-1.5.0-SNAPSHOT.jar:/home/runner/.m2/repository/org/apache/kerby/kerby-util/1.0.1/kerby-util-1.0.1.jar:/home/runner/.m2/repository/io/netty/netty-transport/4.1.109.Final/netty-transport-4.1.109.Final.jar:/home/runner/.m2/repository/org/reflections/reflections/0.10.2/reflections-0.10.2.jar:/home/runner/.m2/repository/com/sun/jersey/jersey-client/1.19.4/jersey-client-1.19.4.jar:/home/runner/.m2/repository/jakarta/xml/bind/jakarta.xml.bind-api/2.3.3/jakarta.xml.bind-api-2.3.3.jar:/home/runner/.m2/repository/org/codehaus/jackson/jackson-core-asl/1.9.13/jackson-core-asl-1.9.13.jar:/home/runner/.m2/repository/org/codehaus/jackson/jackson-mapper-asl/1.9.13/jackson-mapper-asl-1.9.13.jar:/home/runner/.m2/repository/org/codehaus/jackson/jackson-jaxrs/1.9.13/jackson-jaxrs-1.9.13.jar:/home/runner/.m2/repository/org/apache/ranger/ranger-plugins-common/2.3.0/ranger-plugins-common-2.3.0.jar:/home/runner/.m2/repository/commons-lang/commons-lang/2.6/commons-lang-2.6.jar:/home/runner/.m2/repository/org/apache/ranger/ranger-plugins-cred/2.3.0/ranger-plugins-cred-2.3.0.jar:/home/runner/.m2/repository/org/apache/ranger/ranger-plugins-audit/2.3.0/ranger-plugins-audit-2.3.0.jar:/home/runner/.m2/repository/org/eclipse/jetty/jetty-client/9.4.56.v20240826/jetty-client-9.4.56.v20240826.jar:/home/runner/.m2/repository/org/apache/httpcomponents/httpmime/4.5.6/httpmime-4.5.6.jar:/home/runner/.m2/repository/org/apache/httpcomponents/httpcore-nio/4.4.16/httpcore-nio-4.4.16.jar:/home/runner/.m2/repository/org/apache/httpcomponents/httpasyncclient/4.1.3/httpasyncclient-4.1.3.jar:/home/runner/.m2/repository/com/carrotsearch/hppc/0.8.0/hppc-0.8.0.jar:/home/runner/.m2/repository/org/apache/orc/orc-core/1.5.8/orc-core-1.5.8.jar:/home/runner/.m2/repository/net/java/dev/jna/jna/5.2.0/jna-5.2.0.jar:/home/runner/.m2/repository/net/java/dev/jna/jna-platform/5.2.0/jna-platform-5.2.0.jar:/home/runner/.m2/repository/com/kstruct/gethostname4j/0.0.2/gethostname4j-0.0.2.jar:/home/runner/.m2/repository/org/apache/ranger/ranger-plugin-classloader/2.3.0/ranger-plugin-classloader-2.3.0.jar:/home/runner/.m2/repository/org/apache/ranger/ranger-intg/2.3.0/ranger-intg-2.3.0.jar:/home/runner/work/ozone/ozone/hadoop-hdds/rocks-native/target/hdds-rocks-native-1.5.0-SNAPSHOT.jar:/home/runner/.m2/repository/org/apache/hadoop/hadoop-minikdc/3.3.6/hadoop-minikdc-3.3.6.jar:/home/runner/.m2/repository/org/apache/kerby/kerb-simplekdc/1.0.1/kerb-simplekdc-1.0.1.jar:/home/runner/.m2/repository/org/apache/kerby/kerb-client/1.0.1/kerb-client-1.0.1.jar:/home/runner/.m2/repository/org/apache/kerby/kerb-common/1.0.1/kerb-common-1.0.1.jar:/home/runner/.m2/repository/org/apache/kerby/token-provider/1.0.1/token-provider-1.0.1.jar:/home/runner/.m2/repository/org/apache/kerby/kerb-admin/1.0.1/kerb-admin-1.0.1.jar:/home/runner/.m2/repository/org/apache/kerby/kerb-server/1.0.1/kerb-server-1.0.1.jar:/home/runner/.m2/repository/org/apache/kerby/kerb-identity/1.0.1/kerb-identity-1.0.1.jar:/home/runner/.m2/repository/org/apache/kerby/kerby-xdr/1.0.1/kerby-xdr-1.0.1.jar:/home/runner/.m2/repository/junit/junit/4.13.2/junit-4.13.2.jar:/home/runner/.m2/repository/org/hamcrest/hamcrest-core/1.3/hamcrest-core-1.3.jar:/home/runner/work/ozone/ozone/hadoop-ozone/s3gateway/target/ozone-s3gateway-1.5.0-SNAPSHOT.jar:/home/runner/.m2/repository/org/javassist/javassist/3.30.2-GA/javassist-3.30.2-GA.jar:/home/runner/.m2/repository/org/jboss/weld/servlet/weld-servlet-shaded/3.1.9.Final/weld-servlet-shaded-3.1.9.Final.jar:/home/runner/.m2/repository/org/glassfish/jersey/core/jersey-common/2.45/jersey-common-2.45.jar:/home/runner/.m2/repository/org/glassfish/hk2/osgi-resource-locator/1.0.3/osgi-resource-locator-1.0.3.jar:/home/runner/.m2/repository/org/glassfish/jersey/ext/cdi/jersey-cdi1x/2.45/jersey-cdi1x-2.45.jar:/home/runner/.m2/repository/org/glassfish/jersey/inject/jersey-hk2/2.45/jersey-hk2-2.45.jar:/home/runner/.m2/repository/org/glassfish/hk2/hk2-locator/2.6.1/hk2-locator-2.6.1.jar:/home/runner/.m2/repository/org/glassfish/jersey/media/jersey-media-jaxb/2.45/jersey-media-jaxb-2.45.jar:/home/runner/.m2/repository/org/glassfish/hk2/hk2-api/2.6.1/hk2-api-2.6.1.jar:/home/runner/.m2/repository/org/glassfish/hk2/hk2-utils/2.6.1/hk2-utils-2.6.1.jar:/home/runner/.m2/repository/org/glassfish/hk2/external/aopalliance-repackaged/2.6.1/aopalliance-repackaged-2.6.1.jar:/home/runner/.m2/repository/com/fasterxml/jackson/dataformat/jackson-dataformat-xml/2.16.2/jackson-dataformat-xml-2.16.2.jar:/home/runner/.m2/repository/org/codehaus/woodstox/stax2-api/4.2.2/stax2-api-4.2.2.jar:/home/runner/.m2/repository/com/fasterxml/woodstox/woodstox-core/5.4.0/woodstox-core-5.4.0.jar:/home/runner/.m2/repository/com/fasterxml/jackson/module/jackson-module-jaxb-annotations/2.16.2/jackson-module-jaxb-annotations-2.16.2.jar:/home/runner/.m2/repository/javax/annotation/javax.annotation-api/1.3.2/javax.annotation-api-1.3.2.jar:/home/runner/.m2/repository/javax/enterprise/cdi-api/2.0/cdi-api-2.0.jar:/home/runner/.m2/repository/javax/el/javax.el-api/3.0.0/javax.el-api-3.0.0.jar:/home/runner/.m2/repository/javax/interceptor/javax.interceptor-api/1.2/javax.interceptor-api-1.2.jar:/home/runner/.m2/repository/org/glassfish/jaxb/jaxb-runtime/2.3.9/jaxb-runtime-2.3.9.jar:/home/runner/.m2/repository/org/glassfish/jaxb/txw2/2.3.9/txw2-2.3.9.jar:/home/runner/.m2/repository/com/sun/istack/istack-commons-runtime/3.0.12/istack-commons-runtime-3.0.12.jar:/home/runner/.m2/repository/com/sun/activation/jakarta.activation/1.2.2/jakarta.activation-1.2.2.jar:/home/runner/.m2/repository/jakarta/activation/jakarta.activation-api/1.2.2/jakarta.activation-api-1.2.2.jar:/home/runner/.m2/repository/io/grpc/grpc-protobuf/1.58.0/grpc-protobuf-1.58.0.jar:/home/runner/.m2/repository/com/google/api/grpc/proto-google-common-protos/2.22.0/proto-google-common-protos-2.22.0.jar:/home/runner/.m2/repository/io/grpc/grpc-protobuf-lite/1.58.0/grpc-protobuf-lite-1.58.0.jar:/home/runner/.m2/repository/io/opentracing/opentracing-noop/0.33.0/opentracing-noop-0.33.0.jar:/home/runner/.m2/repository/io/opentracing/opentracing-util/0.33.0/opentracing-util-0.33.0.jar:/home/runner/work/ozone/ozone/hadoop-ozone/csi/target/ozone-csi-1.5.0-SNAPSHOT.jar:/home/runner/.m2/repository/com/google/protobuf/protobuf-java-util/3.19.6/protobuf-java-util-3.19.6.jar:/home/runner/.m2/repository/io/netty/netty-transport-classes-epoll/4.1.109.Final/netty-transport-classes-epoll-4.1.109.Final.jar:/home/runner/.m2/repository/io/netty/netty-transport-native-epoll/4.1.109.Final/netty-transport-native-epoll-4.1.109.Final-linux-x86_64.jar:/home/runner/.m2/repository/io/netty/netty-transport-native-unix-common/4.1.109.Final/netty-transport-native-unix-common-4.1.109.Final.jar:/home/runner/work/ozone/ozone/hadoop-ozone/recon/target/ozone-recon-1.5.0-SNAPSHOT.jar:/home/runner/work/ozone/ozone/hadoop-ozone/recon-codegen/target/ozone-reconcodegen-1.5.0-SNAPSHOT.jar:/home/runner/.m2/repository/aopalliance/aopalliance/1.0/aopalliance-1.0.jar:/home/runner/.m2/repository/com/google/inject/guice/6.0.0/guice-6.0.0.jar:/home/runner/.m2/repository/jakarta/inject/jakarta.inject-api/2.0.1/jakarta.inject-api-2.0.1.jar:/home/runner/.m2/repository/com/google/inject/extensions/guice-assistedinject/6.0.0/guice-assistedinject-6.0.0.jar:/home/runner/.m2/repository/com/google/inject/extensions/guice-servlet/6.0.0/guice-servlet-6.0.0.jar:/home/runner/.m2/repository/org/glassfish/jersey/containers/jersey-container-servlet/2.45/jersey-container-servlet-2.45.jar:/home/runner/.m2/repository/org/glassfish/hk2/guice-bridge/2.6.1/guice-bridge-2.6.1.jar:/home/runner/.m2/repository/org/glassfish/hk2/external/jakarta.inject/2.6.1/jakarta.inject-2.6.1.jar:/home/runner/.m2/repository/org/glassfish/jersey/media/jersey-media-json-jackson/2.45/jersey-media-json-jackson-2.45.jar:/home/runner/.m2/repository/org/glassfish/jersey/ext/jersey-entity-filtering/2.45/jersey-entity-filtering-2.45.jar:/home/runner/.m2/repository/org/jooq/jooq/3.11.10/jooq-3.11.10.jar:/home/runner/.m2/repository/org/jooq/jooq-meta/3.11.10/jooq-meta-3.11.10.jar:/home/runner/.m2/repository/org/jooq/jooq-codegen/3.11.10/jooq-codegen-3.11.10.jar:/home/runner/.m2/repository/com/jolbox/bonecp/0.8.0.RELEASE/bonecp-0.8.0.RELEASE.jar:/home/runner/.m2/repository/org/apache/derby/derby/10.14.2.0/derby-10.14.2.0.jar:/home/runner/.m2/repository/org/xerial/sqlite-jdbc/3.46.1.0/sqlite-jdbc-3.46.1.0.jar:/home/runner/.m2/repository/org/springframework/spring-core/5.3.39/spring-core-5.3.39.jar:/home/runner/.m2/repository/org/springframework/spring-jdbc/5.3.39/spring-jdbc-5.3.39.jar:/home/runner/.m2/repository/org/springframework/spring-beans/5.3.39/spring-beans-5.3.39.jar:/home/runner/.m2/repository/org/springframework/spring-tx/5.3.39/spring-tx-5.3.39.jar:/home/runner/.m2/repository/jakarta/validation/jakarta.validation-api/2.0.2/jakarta.validation-api-2.0.2.jar:/home/runner/.m2/repository/javax/inject/javax.inject/1/javax.inject-1.jar:/home/runner/work/ozone/ozone/hadoop-ozone/client/target/ozone-client-1.5.0-SNAPSHOT.jar:/home/runner/work/ozone/ozone/hadoop-hdds/erasurecode/target/hdds-erasurecode-1.5.0-SNAPSHOT.jar:/home/runner/work/ozone/ozone/hadoop-ozone/ozonefs/target/ozone-filesystem-1.5.0-SNAPSHOT.jar:/home/runner/work/ozone/ozone/hadoop-ozone/ozonefs-common/target/ozone-filesystem-common-1.5.0-SNAPSHOT.jar:/home/runner/work/ozone/ozone/hadoop-ozone/tools/target/ozone-tools-1.5.0-SNAPSHOT.jar:/home/runner/.m2/repository/org/apache/ratis/ratis-tools/3.1.0/ratis-tools-3.1.0.jar:/home/runner/.m2/repository/com/amazonaws/aws-java-sdk-core/1.12.661/aws-java-sdk-core-1.12.661.jar:/home/runner/.m2/repository/com/fasterxml/jackson/dataformat/jackson-dataformat-cbor/2.16.2/jackson-dataformat-cbor-2.16.2.jar:/home/runner/.m2/repository/joda-time/joda-time/2.12.7/joda-time-2.12.7.jar:/home/runner/.m2/repository/com/amazonaws/aws-java-sdk-s3/1.12.661/aws-java-sdk-s3-1.12.661.jar:/home/runner/.m2/repository/com/amazonaws/aws-java-sdk-kms/1.12.661/aws-java-sdk-kms-1.12.661.jar:/home/runner/.m2/repository/com/amazonaws/jmespath-java/1.12.661/jmespath-java-1.12.661.jar:/home/runner/.m2/repository/org/kohsuke/metainf-services/metainf-services/1.11/metainf-services-1.11.jar:/home/runner/work/ozone/ozone/hadoop-hdds/tools/target/hdds-tools-1.5.0-SNAPSHOT.jar:/home/runner/.m2/repository/commons-cli/commons-cli/1.8.0/commons-cli-1.8.0.jar:/home/runner/.m2/repository/org/apache/commons/commons-lang3/3.14.0/commons-lang3-3.14.0.jar:/home/runner/work/ozone/ozone/hadoop-ozone/ozone-manager/target/ozone-manager-1.5.0-SNAPSHOT-tests.jar:/home/runner/work/ozone/ozone/hadoop-hdds/common/target/hdds-common-1.5.0-SNAPSHOT-tests.jar:/home/runner/work/ozone/ozone/hadoop-hdds/hadoop-dependency-client/target/hdds-hadoop-dependency-client-1.5.0-SNAPSHOT.jar:/home/runner/work/ozone/ozone/hadoop-hdds/annotations/target/hdds-annotation-processing-1.5.0-SNAPSHOT.jar:/home/runner/.m2/repository/org/bouncycastle/bcutil-jdk18on/1.78.1/bcutil-jdk18on-1.78.1.jar:/home/runner/.m2/repository/io/jaegertracing/jaeger-client/1.8.1/jaeger-client-1.8.1.jar:/home/runner/.m2/repository/io/jaegertracing/jaeger-thrift/1.8.1/jaeger-thrift-1.8.1.jar:/home/runner/.m2/repository/org/apache/thrift/libthrift/0.15.0/libthrift-0.15.0.jar:/home/runner/.m2/repository/io/jaegertracing/jaeger-tracerresolver/1.8.1/jaeger-tracerresolver-1.8.1.jar:/home/runner/.m2/repository/io/opentracing/contrib/opentracing-tracerresolver/0.1.8/opentracing-tracerresolver-0.1.8.jar:/home/runner/.m2/repository/io/jaegertracing/jaeger-core/1.8.1/jaeger-core-1.8.1.jar:/home/runner/.m2/repository/org/jetbrains/kotlin/kotlin-stdlib/1.9.25/kotlin-stdlib-1.9.25.jar:/home/runner/.m2/repository/org/jetbrains/annotations/13.0/annotations-13.0.jar:/home/runner/.m2/repository/org/yaml/snakeyaml/2.0/snakeyaml-2.0.jar:/home/runner/.m2/repository/org/junit/platform/junit-platform-launcher/1.10.3/junit-platform-launcher-1.10.3.jar:/home/runner/.m2/repository/org/junit/platform/junit-platform-engine/1.10.3/junit-platform-engine-1.10.3.jar:/home/runner/.m2/repository/org/apiguardian/apiguardian-api/1.1.2/apiguardian-api-1.1.2.jar:/home/runner/.m2/repository/org/apache/hadoop/hadoop-kms/3.3.6/hadoop-kms-3.3.6.jar:/home/runner/.m2/repository/org/apache/hadoop/hadoop-auth/3.3.6/hadoop-auth-3.3.6.jar:/home/runner/.m2/repository/org/apache/zookeeper/zookeeper/3.8.4/zookeeper-3.8.4.jar:/home/runner/.m2/repository/org/apache/zookeeper/zookeeper-jute/3.8.4/zookeeper-jute-3.8.4.jar:/home/runner/.m2/repository/org/apache/yetus/audience-annotations/0.12.0/audience-annotations-0.12.0.jar:/home/runner/.m2/repository/org/apache/curator/curator-framework/4.2.0/curator-framework-4.2.0.jar:/home/runner/.m2/repository/org/apache/hadoop/thirdparty/hadoop-shaded-guava/1.2.0/hadoop-shaded-guava-1.2.0.jar:/home/runner/.m2/repository/com/sun/jersey/jersey-core/1.19.4/jersey-core-1.19.4.jar:/home/runner/.m2/repository/javax/ws/rs/jsr311-api/1.1.1/jsr311-api-1.1.1.jar:/home/runner/.m2/repository/com/sun/jersey/jersey-server/1.19.4/jersey-server-1.19.4.jar:/home/runner/.m2/repository/org/apache/hadoop/hadoop-common/3.3.6/hadoop-common-3.3.6.jar:/home/runner/.m2/repository/org/apache/commons/commons-math3/3.6.1/commons-math3-3.6.1.jar:/home/runner/.m2/repository/commons-net/commons-net/3.11.1/commons-net-3.11.1.jar:/home/runner/.m2/repository/com/sun/jersey/jersey-servlet/1.19.4/jersey-servlet-1.19.4.jar:/home/runner/.m2/repository/com/github/pjfanning/jersey-json/1.20/jersey-json-1.20.jar:/home/runner/.m2/repository/org/codehaus/jettison/jettison/1.1/jettison-1.1.jar:/home/runner/.m2/repository/com/sun/xml/bind/jaxb-impl/2.2.3-1/jaxb-impl-2.2.3-1.jar:/home/runner/.m2/repository/com/google/re2j/re2j/1.7/re2j-1.7.jar:/home/runner/.m2/repository/com/jcraft/jsch/0.1.55/jsch-0.1.55.jar:/home/runner/.m2/repository/org/apache/curator/curator-client/4.2.0/curator-client-4.2.0.jar:/home/runner/.m2/repository/org/apache/curator/curator-recipes/5.2.0/curator-recipes-5.2.0.jar:/home/runner/.m2/repository/com/google/code/findbugs/jsr305/3.0.2/jsr305-3.0.2.jar:/home/runner/.m2/repository/dnsjava/dnsjava/2.1.9/dnsjava-2.1.9.jar:/home/runner/.m2/repository/org/apache/hadoop/hadoop-kms/3.3.6/hadoop-kms-3.3.6-tests.jar:/home/runner/work/ozone/ozone/hadoop-hdds/server-scm/target/hdds-server-scm-1.5.0-SNAPSHOT-tests.jar:/home/runner/work/ozone/ozone/hadoop-hdds/container-service/target/hdds-container-service-1.5.0-SNAPSHOT-tests.jar:/home/runner/.m2/repository/com/github/luben/zstd-jni/1.5.6-4/zstd-jni-1.5.6-4.jar:/home/runner/.m2/repository/io/netty/netty-buffer/4.1.109.Final/netty-buffer-4.1.109.Final.jar:/home/runner/.m2/repository/io/netty/netty-codec/4.1.109.Final/netty-codec-4.1.109.Final.jar:/home/runner/work/ozone/ozone/hadoop-hdds/hadoop-dependency-test/target/hdds-hadoop-dependency-test-1.5.0-SNAPSHOT.jar:/home/runner/.m2/repository/org/apache/hadoop/hadoop-common/3.3.6/hadoop-common-3.3.6-tests.jar:/home/runner/.m2/repository/org/apache/hadoop/hadoop-hdfs/3.3.6/hadoop-hdfs-3.3.6-tests.jar:/home/runner/.m2/repository/org/junit/jupiter/junit-jupiter-engine/5.10.3/junit-jupiter-engine-5.10.3.jar:/home/runner/.m2/repository/org/junit/jupiter/junit-jupiter-params/5.10.3/junit-jupiter-params-5.10.3.jar:/home/runner/.m2/repository/org/mockito/mockito-core/4.11.0/mockito-core-4.11.0.jar:/home/runner/.m2/repository/net/bytebuddy/byte-buddy-agent/1.12.19/byte-buddy-agent-1.12.19.jar:/home/runner/.m2/repository/org/objenesis/objenesis/3.3/objenesis-3.3.jar:/home/runner/.m2/repository/org/mockito/mockito-inline/4.11.0/mockito-inline-4.11.0.jar:/home/runner/.m2/repository/org/mockito/mockito-junit-jupiter/4.11.0/mockito-junit-jupiter-4.11.0.jar:/home/runner/.m2/repository/org/apache/hadoop/hadoop-distcp/3.3.6/hadoop-distcp-3.3.6.jar:/home/runner/.m2/repository/org/apache/hadoop/hadoop-mapreduce-client-jobclient/3.3.6/hadoop-mapreduce-client-jobclient-3.3.6.jar:/home/runner/.m2/repository/org/apache/hadoop/hadoop-mapreduce-client-common/3.3.6/hadoop-mapreduce-client-common-3.3.6.jar:/home/runner/.m2/repository/org/apache/hadoop/hadoop-yarn-common/3.3.6/hadoop-yarn-common-3.3.6.jar:/home/runner/.m2/repository/org/apache/hadoop/hadoop-yarn-api/3.3.6/hadoop-yarn-api-3.3.6.jar:/home/runner/.m2/repository/javax/xml/bind/jaxb-api/2.2.11/jaxb-api-2.2.11.jar:/home/runner/.m2/repository/com/sun/jersey/contribs/jersey-guice/1.19.4/jersey-guice-1.19.4.jar:/home/runner/.m2/repository/com/fasterxml/jackson/jaxrs/jackson-jaxrs-json-provider/2.16.2/jackson-jaxrs-json-provider-2.16.2.jar:/home/runner/.m2/repository/com/fasterxml/jackson/jaxrs/jackson-jaxrs-base/2.16.2/jackson-jaxrs-base-2.16.2.jar:/home/runner/.m2/repository/org/apache/hadoop/hadoop-yarn-client/3.3.6/hadoop-yarn-client-3.3.6.jar:/home/runner/.m2/repository/org/eclipse/jetty/websocket/websocket-client/9.4.51.v20230217/websocket-client-9.4.51.v20230217.jar:/home/runner/.m2/repository/org/eclipse/jetty/websocket/websocket-common/9.4.51.v20230217/websocket-common-9.4.51.v20230217.jar:/home/runner/.m2/repository/org/eclipse/jetty/websocket/websocket-api/9.4.51.v20230217/websocket-api-9.4.51.v20230217.jar:/home/runner/.m2/repository/org/jline/jline/3.9.0/jline-3.9.0.jar:/home/runner/.m2/repository/org/apache/hadoop/hadoop-mapreduce-client-core/3.3.6/hadoop-mapreduce-client-core-3.3.6.jar:/home/runner/.m2/repository/org/apache/avro/avro/1.7.7/avro-1.7.7.jar:/home/runner/.m2/repository/com/thoughtworks/paranamer/paranamer/2.3/paranamer-2.3.jar:/home/runner/.m2/repository/org/apache/hadoop/hadoop-annotations/3.3.6/hadoop-annotations-3.3.6.jar:/home/runner/.m2/repository/io/netty/netty/3.10.6.Final/netty-3.10.6.Final.jar:/home/runner/.m2/repository/org/apache/hadoop/hadoop-distcp/3.3.6/hadoop-distcp-3.3.6-tests.jar:/home/runner/.m2/repository/org/apache/ratis/ratis-server/3.1.0/ratis-server-3.1.0.jar:/home/runner/.m2/repository/org/hamcrest/hamcrest/2.2/hamcrest-2.2.jar:/home/runner/.m2/repository/org/slf4j/jul-to-slf4j/2.0.16/jul-to-slf4j-2.0.16.jar:/home/runner/work/ozone/ozone/hadoop-ozone/integration-test/target/gradle-enterprise/test-listeners.jar:"/>
    <property name="sun.cpu.endian" value="little"/>
    <property name="user.home" value="/home/runner"/>
    <property name="user.language" value="en"/>
    <property name="java.specification.vendor" value="Oracle Corporation"/>
    <property name="java.version.date" value="2024-07-16"/>
    <property name="java.home" value="/usr/lib/jvm/temurin-17-jdk-amd64"/>
    <property name="java.security.krb5.conf" value="/home/runner/work/ozone/ozone/hadoop-ozone/integration-test/target/test-classes/krb5.conf"/>
    <property name="file.separator" value="/"/>
    <property name="basedir" value="/home/runner/work/ozone/ozone/hadoop-ozone/integration-test"/>
    <property name="java.vm.compressedOopsMode" value="Zero based"/>
    <property name="line.separator" value="&#10;"/>
    <property name="java.vm.specification.vendor" value="Oracle Corporation"/>
    <property name="java.specification.name" value="Java Platform API Specification"/>
    <property name="skip.installnpx" value="true"/>
    <property name="surefire.real.class.path" value="/home/runner/work/ozone/ozone/hadoop-ozone/integration-test/target/surefire/surefirebooter17720976104195827621.jar"/>
    <property name="hadoop.log.dir" value="/home/runner/work/ozone/ozone/hadoop-ozone/integration-test/target/log"/>
    <property name="sun.management.compiler" value="HotSpot 64-Bit Tiered Compilers"/>
    <property name="java.runtime.version" value="17.0.12+7"/>
    <property name="skip.npx" value="true"/>
    <property name="user.name" value="runner"/>
    <property name="java.net.preferIPv4Stack" value="true"/>
    <property name="path.separator" value=":"/>
    <property name="java.security.egd" value="file:///dev/urandom"/>
    <property name="os.version" value="5.15.0-1071-azure"/>
    <property name="java.runtime.name" value="OpenJDK Runtime Environment"/>
    <property name="com.gradle.maven.scan.extension.test.listener.junitplatform.NestedExecutionSafeDelegatingTestExecutionListener" value="7cbd9d24"/>
    <property name="file.encoding" value="UTF-8"/>
    <property name="java.vm.name" value="OpenJDK 64-Bit Server VM"/>
    <property name="java.vendor.version" value="Temurin-17.0.12+7"/>
    <property name="test.build.webapps" value=""/>
    <property name="develocity.listener.surefire.forkId" value="1"/>
    <property name="localRepository" value="/home/runner/.m2/repository"/>
    <property name="java.vendor.url.bug" value="https://github.com/adoptium/adoptium-support/issues"/>
    <property name="jetty.git.hash" value="ec6782ff5ead824dabdcf47fa98f90a4aedff401"/>
    <property name="java.io.tmpdir" value="/tmp"/>
    <property name="require.test.libhadoop" value=""/>
    <property name="java.version" value="17.0.12"/>
    <property name="user.dir" value="/home/runner/work/ozone/ozone/hadoop-ozone/integration-test"/>
    <property name="os.arch" value="amd64"/>
    <property name="java.vm.specification.name" value="Java Virtual Machine Specification"/>
    <property name="test.build.classes" value="/home/runner/work/ozone/ozone/hadoop-ozone/integration-test/target/test-classes"/>
    <property name="org.apache.ratis.thirdparty.io.netty.allocator.useCacheForAllThreads" value="false"/>
    <property name="native.encoding" value="UTF-8"/>
    <property name="hadoop.tmp.dir" value="/home/runner/work/ozone/ozone/hadoop-ozone/integration-test/target/tmp"/>
    <property name="java.library.path" value="/usr/java/packages/lib:/usr/lib64:/lib64:/lib:/usr/lib"/>
    <property name="java.vm.info" value="mixed mode, sharing"/>
    <property name="java.vendor" value="Eclipse Adoptium"/>
    <property name="java.vm.version" value="17.0.12+7"/>
    <property name="sun.io.unicode.encoding" value="UnicodeLittle"/>
    <property name="develocity.listener.port" value="37151"/>
    <property name="java.class.version" value="61.0"/>
  </properties>
  <testcase name="testBootstrapWithoutConfigUpdate" classname="org.apache.hadoop.ozone.om.TestAddRemoveOzoneManager" time="45.043">
    <failure type="java.lang.AssertionError"><![CDATA[java.lang.AssertionError: 

Expecting actual:
  "2024-09-18 12:54:52,323 [main] INFO  om.OzoneManager (OzoneManager.java:<init>(702)) - OM start with adminUsers: [runner]
2024-09-18 12:54:52,479 [main] INFO  om.OzoneManager (OzoneManager.java:instantiateServices(836)) - S3 Multi-Tenancy is disabled
2024-09-18 12:54:52,501 [main] INFO  om.OzoneManager (OzoneManager.java:addS3GVolumeToDB(4557)) - Created Volume s3v With Owner runner required for S3Gateway operations.
2024-09-18 12:54:52,510 [main] INFO  om.OzoneManager (OzoneManager.java:initializeRatisServer(2205)) - OzoneManager Ratis server initialized at port 15050
2024-09-18 12:54:52,514 [main] INFO  om.OzoneManager (OzoneManager.java:getRpcServer(1252)) - Creating RPC Server
2024-09-18 12:54:52,945 [main] WARN  om.OzoneManager (OzoneManager.java:start(1672)) - Skipped checking whether existing OM configs have been updated with this OM information as force bootstrap is called.
2024-09-18 12:54:52,954 [main] INFO  om.OzoneManager (OzoneManager.java:start(1680)) - OzoneManager RPC server is listening at localhost/127.0.0.1:15047
2024-09-18 12:54:52,971 [main] INFO  om.OzoneManager (OzoneManager.java:start(1695)) - Version File has different layout version (7) than OM DB (null). That is expected if this OM has never been finalized to a newer layout version.
2024-09-18 12:54:53,027 [main] INFO  om.OzoneManager (OzoneManager.java:startTrashEmptier(2158)) - Trash Interval set to 0. Files deleted won't move to trash
2024-09-18 12:54:53,079 [grpc-default-executor-4] INFO  om.OzoneManager (OzoneManager.java:addOMNodeToPeers(2079)) - Added OM omNode-1 to the Peer list.
2024-09-18 12:54:53,555 [omNode-bootstrap-2-InstallSnapshotThread] INFO  om.OzoneManager (OzoneManager.java:installCheckpoint(3867)) - Installing checkpoint with OMTransactionInfo 1#7
2024-09-18 12:54:53,567 [omNode-bootstrap-2-InstallSnapshotThread] INFO  om.OzoneManager (OzoneManager.java:installCheckpoint(3918)) - RPC server is stopped. Spend 4 ms.
2024-09-18 12:54:53,569 [omNode-bootstrap-2-InstallSnapshotThread] INFO  om.OzoneManager (OzoneManager.java:installCheckpoint(3925)) - metadataManager is stopped. Spend 2 ms.
2024-09-18 12:54:53,572 [omNode-bootstrap-2-InstallSnapshotThread] INFO  om.OzoneManager (OzoneManager.java:installCheckpoint(3939)) - Replaced DB with checkpoint from OM: omNode-1, term: 1, index: 7, time: 2 ms
2024-09-18 12:54:53,678 [omNode-bootstrap-2-InstallSnapshotThread] INFO  om.OzoneManager (OzoneManager.java:instantiateServices(836)) - S3 Multi-Tenancy is disabled
2024-09-18 12:54:53,801 [grpc-default-executor-4] INFO  ratis.OzoneManagerStateMachine (OzoneManager.java:startTrashEmptier(2158)) - Trash Interval set to 0. Files deleted won't move to trash
2024-09-18 12:54:53,811 [omNode-bootstrap-2-InstallSnapshotThread] INFO  om.OzoneManager (OzoneManager.java:installCheckpoint(3968)) - Reloaded OM state with Term: 1 and Index: 7. Spend 235 ms
2024-09-18 12:54:53,811 [omNode-bootstrap-2-InstallSnapshotThread] INFO  om.OzoneManager (OzoneManager.java:getRpcServer(1252)) - Creating RPC Server
2024-09-18 12:54:54,787 [omNode-bootstrap-2-InstallSnapshotThread] INFO  om.OzoneManager (OzoneManager.java:installCheckpoint(3991)) - RPC server is re-started. Spend 977 ms.
2024-09-18 12:54:54,790 [omNode-bootstrap-2-InstallSnapshotThread] INFO  om.OzoneManager (OzoneManager.java:installCheckpoint(4018)) - Install Checkpoint is finished with Term: 1 and Index: 7. Spend 1235 ms.
2024-09-18 12:54:58,452 [main] ERROR om.OzoneManager (OzoneManager.java:bootstrap(1952)) - Failed to Bootstrap OM.
"
to contain:
  "Couldn't add OM omNode-bootstrap-2 to peer list." 
	at org.apache.hadoop.ozone.om.TestAddRemoveOzoneManager.testBootstrapWithoutConfigUpdate(TestAddRemoveOzoneManager.java:273)
	at java.base/java.lang.reflect.Method.invoke(Method.java:569)
	at java.base/java.util.ArrayList.forEach(ArrayList.java:1511)
	at java.base/java.util.ArrayList.forEach(ArrayList.java:1511)
]]></failure>
    <system-out><![CDATA[2024-09-18 12:54:20,002 [main] WARN  server.ServerUtils (ServerUtils.java:getScmDbDir(143)) - ozone.scm.db.dirs is not configured. We recommend adding this setting. Falling back to ozone.metadata.dirs instead.
2024-09-18 12:54:20,160 [main] INFO  reflections.Reflections (Reflections.java:scan(219)) - Reflections took 136 ms to scan 7 urls, producing 161 keys and 377 values
2024-09-18 12:54:20,267 [main] INFO  ha.SCMHANodeDetails (SCMHANodeDetails.java:loadSCMHAConfig(207)) - ServiceID for StorageContainerManager is scmServiceId
2024-09-18 12:54:20,275 [main] INFO  ha.SCMHANodeDetails (SCMHANodeDetails.java:loadSCMHAConfig(218)) - ServiceID for StorageContainerManager is scmServiceId
2024-09-18 12:54:20,363 [main] INFO  ha.SCMHANodeDetails (SCMHANodeDetails.java:loadSCMHAConfig(305)) - Found matching SCM address with SCMServiceId: scmServiceId, SCMNodeId: scmNode-1, RPC Address: localhost:15003 and Ratis port: 15003
2024-09-18 12:54:20,364 [main] INFO  ha.SCMHANodeDetails (ConfUtils.java:setNodeSpecificConfigs(97)) - Setting configuration key ozone.scm.datanode.address with value of key ozone.scm.datanode.address.scmServiceId.scmNode-1: 127.0.0.1:15004
2024-09-18 12:54:20,364 [main] INFO  ha.SCMHANodeDetails (ConfUtils.java:setNodeSpecificConfigs(97)) - Setting configuration key ozone.scm.block.client.address with value of key ozone.scm.block.client.address.scmServiceId.scmNode-1: 127.0.0.1:15007
2024-09-18 12:54:20,365 [main] INFO  ha.SCMHANodeDetails (ConfUtils.java:setNodeSpecificConfigs(97)) - Setting configuration key ozone.scm.client.address with value of key ozone.scm.client.address.scmServiceId.scmNode-1: 127.0.0.1:15005
2024-09-18 12:54:20,365 [main] INFO  ha.SCMHANodeDetails (ConfUtils.java:setNodeSpecificConfigs(97)) - Setting configuration key ozone.scm.security.service.address with value of key ozone.scm.security.service.address.scmServiceId.scmNode-1: 127.0.0.1:15002
2024-09-18 12:54:20,365 [main] INFO  ha.SCMHANodeDetails (ConfUtils.java:setNodeSpecificConfigs(97)) - Setting configuration key ozone.scm.ratis.port with value of key ozone.scm.ratis.port.scmServiceId.scmNode-1: 15003
2024-09-18 12:54:20,366 [main] INFO  ha.SCMHANodeDetails (ConfUtils.java:setNodeSpecificConfigs(97)) - Setting configuration key ozone.scm.grpc.port with value of key ozone.scm.grpc.port.scmServiceId.scmNode-1: 15006
2024-09-18 12:54:20,366 [main] INFO  ha.SCMHANodeDetails (ConfUtils.java:setNodeSpecificConfigs(97)) - Setting configuration key ozone.scm.http-address with value of key ozone.scm.http-address.scmServiceId.scmNode-1: 127.0.0.1:15000
2024-09-18 12:54:20,366 [main] INFO  ha.SCMHANodeDetails (ConfUtils.java:setNodeSpecificConfigs(97)) - Setting configuration key ozone.scm.https-address with value of key ozone.scm.https-address.scmServiceId.scmNode-1: 127.0.0.1:15001
2024-09-18 12:54:20,366 [main] INFO  ha.SCMHANodeDetails (ConfUtils.java:setNodeSpecificConfigs(97)) - Setting configuration key ozone.scm.address with value of key ozone.scm.address.scmServiceId.scmNode-1: 127.0.0.1
2024-09-18 12:54:20,386 [main] WARN  scm.ScmUtils (ScmUtils.java:logWarn(165)) - ConfigKey ozone.scm.block.client.address is deprecated, For configuring different ports for each SCM use PortConfigKey ozone.scm.block.client.port appended with serviceId and nodeId. If want to configure same port configure ozone.scm.block.client.port
2024-09-18 12:54:20,387 [main] WARN  scm.ScmUtils (ScmUtils.java:logWarn(165)) - ConfigKey ozone.scm.client.address is deprecated, For configuring different ports for each SCM use PortConfigKey ozone.scm.client.port appended with serviceId and nodeId. If want to configure same port configure ozone.scm.client.port
2024-09-18 12:54:20,388 [main] WARN  scm.ScmUtils (ScmUtils.java:logWarn(165)) - ConfigKey ozone.scm.datanode.address is deprecated, For configuring different ports for each SCM use PortConfigKey ozone.scm.datanode.port appended with serviceId and nodeId. If want to configure same port configure ozone.scm.datanode.port
2024-09-18 12:54:20,735 [main] INFO  server.RaftServerConfigKeys (ConfUtils.java:logGet(46)) - raft.server.log.appender.buffer.byte-limit = 4194304 (custom)
2024-09-18 12:54:20,758 [main] INFO  server.RaftServer (ConfUtils.java:logGet(46)) - raft.rpc.type = GRPC (default)
2024-09-18 12:54:20,819 [main] INFO  grpc.GrpcConfigKeys (ConfUtils.java:logFallback(53)) - raft.grpc.admin.host = null (fallback to raft.grpc.server.host)
2024-09-18 12:54:20,820 [main] INFO  grpc.GrpcConfigKeys (ConfUtils.java:logFallback(53)) - raft.grpc.admin.port = 15003 (fallback to raft.grpc.server.port)
2024-09-18 12:54:20,821 [main] INFO  grpc.GrpcConfigKeys (ConfUtils.java:logFallback(53)) - raft.grpc.client.host = null (fallback to raft.grpc.server.host)
2024-09-18 12:54:20,821 [main] INFO  grpc.GrpcConfigKeys (ConfUtils.java:logFallback(53)) - raft.grpc.client.port = 15003 (fallback to raft.grpc.server.port)
2024-09-18 12:54:20,822 [main] INFO  grpc.GrpcConfigKeys (ConfUtils.java:logGet(46)) - raft.grpc.server.host = null (default)
2024-09-18 12:54:20,822 [main] INFO  grpc.GrpcConfigKeys (ConfUtils.java:logGet(46)) - raft.grpc.server.port = 15003 (custom)
2024-09-18 12:54:20,823 [main] INFO  server.GrpcService (ConfUtils.java:logGet(46)) - raft.grpc.message.size.max = 5242880 (custom)
2024-09-18 12:54:20,823 [main] INFO  server.RaftServerConfigKeys (ConfUtils.java:logGet(46)) - raft.server.log.appender.buffer.byte-limit = 4194304 (custom)
2024-09-18 12:54:20,824 [main] INFO  server.GrpcService (ConfUtils.java:logGet(46)) - raft.grpc.flow.control.window = 1MB (=1048576) (default)
2024-09-18 12:54:20,824 [main] INFO  server.RaftServerConfigKeys (ConfUtils.java:logGet(46)) - raft.server.rpc.request.timeout = 30000ms (custom)
2024-09-18 12:54:20,831 [main] INFO  grpc.GrpcConfigKeys (ConfUtils.java:logGet(46)) - raft.grpc.server.heartbeat.channel = true (default)
2024-09-18 12:54:20,834 [main] INFO  grpc.GrpcConfigKeys (ConfUtils.java:logGet(46)) - raft.grpc.server.async.request.thread.pool.cached = true (default)
2024-09-18 12:54:20,834 [main] INFO  grpc.GrpcConfigKeys (ConfUtils.java:logGet(46)) - raft.grpc.server.async.request.thread.pool.size = 32 (default)
2024-09-18 12:54:20,967 [main] INFO  impl.DataStreamServerImpl (ConfUtils.java:logGet(46)) - raft.datastream.type = DISABLED (default)
2024-09-18 12:54:20,969 [main] INFO  server.RaftServerConfigKeys (ConfUtils.java:logGet(46)) - raft.server.sleep.deviation.threshold = 300ms (default)
2024-09-18 12:54:20,969 [main] INFO  server.RaftServerConfigKeys (ConfUtils.java:logGet(46)) - raft.server.close.threshold = 60s (default)
2024-09-18 12:54:20,970 [main] INFO  server.RaftServerConfigKeys (ConfUtils.java:logGet(46)) - raft.server.leaderelection.leader.step-down.wait-time = 10s (default)
2024-09-18 12:54:20,973 [main] INFO  server.RaftServerConfigKeys (ConfUtils.java:logGet(46)) - raft.server.storage.dir = [/home/runner/work/ozone/ozone/hadoop-ozone/integration-test/target/test-dir/MiniOzoneClusterImpl-1474a09c-6dad-4fc4-86e4-bad221540704/scmNode-1/scm-ha] (custom)
2024-09-18 12:54:20,975 [main] INFO  server.RaftServerConfigKeys (ConfUtils.java:logGet(46)) - raft.server.threadpool.proxy.cached = true (default)
2024-09-18 12:54:20,976 [main] INFO  server.RaftServerConfigKeys (ConfUtils.java:logGet(46)) - raft.server.threadpool.proxy.size = 0 (default)
2024-09-18 12:54:20,981 [main] INFO  server.RaftServer (RaftServerProxy.java:addNew(101)) - 76f7b79d-b0f1-40ff-adcc-a8634463f843: addNew group-BAD221540704:[76f7b79d-b0f1-40ff-adcc-a8634463f843|localhost:15003] returns group-BAD221540704:java.util.concurrent.CompletableFuture@7ca16adc[Not completed]
2024-09-18 12:54:20,996 [76f7b79d-b0f1-40ff-adcc-a8634463f843-groupManagement] INFO  server.RaftServer$Division (RaftServerImpl.java:<init>(253)) - 76f7b79d-b0f1-40ff-adcc-a8634463f843: new RaftServerImpl for group-BAD221540704:[76f7b79d-b0f1-40ff-adcc-a8634463f843|localhost:15003] with SCMStateMachine:uninitialized
2024-09-18 12:54:20,998 [76f7b79d-b0f1-40ff-adcc-a8634463f843-groupManagement] INFO  server.RaftServerConfigKeys (ConfUtils.java:logGet(46)) - raft.server.rpc.timeout.min = 5000ms (custom)
2024-09-18 12:54:20,998 [76f7b79d-b0f1-40ff-adcc-a8634463f843-groupManagement] INFO  server.RaftServerConfigKeys (ConfUtils.java:logGet(46)) - raft.server.rpc.timeout.max = 5200ms (custom)
2024-09-18 12:54:20,998 [76f7b79d-b0f1-40ff-adcc-a8634463f843-groupManagement] INFO  server.RaftServerConfigKeys (ConfUtils.java:logGet(46)) - raft.server.rpc.sleep.time = 25ms (default)
2024-09-18 12:54:20,999 [76f7b79d-b0f1-40ff-adcc-a8634463f843-groupManagement] INFO  server.RaftServerConfigKeys (ConfUtils.java:logGet(46)) - raft.server.rpc.slowness.timeout = 120000ms (custom)
2024-09-18 12:54:20,999 [76f7b79d-b0f1-40ff-adcc-a8634463f843-groupManagement] INFO  server.RaftServerConfigKeys (ConfUtils.java:logGet(46)) - raft.server.leaderelection.leader.step-down.wait-time = 10s (default)
2024-09-18 12:54:20,999 [76f7b79d-b0f1-40ff-adcc-a8634463f843-groupManagement] INFO  server.RaftServerConfigKeys (ConfUtils.java:logGet(46)) - raft.server.leaderelection.member.majority-add = false (default)
2024-09-18 12:54:21,000 [76f7b79d-b0f1-40ff-adcc-a8634463f843-groupManagement] INFO  server.RaftServerConfigKeys (ConfUtils.java:logGet(46)) - raft.server.sleep.deviation.threshold = 300ms (default)
2024-09-18 12:54:21,004 [76f7b79d-b0f1-40ff-adcc-a8634463f843-groupManagement] INFO  server.RaftServer$Division (ServerState.java:<init>(114)) - 76f7b79d-b0f1-40ff-adcc-a8634463f843@group-BAD221540704: ConfigurationManager, init=conf: {index: -1, cur=peers:[76f7b79d-b0f1-40ff-adcc-a8634463f843|localhost:15003]|listeners:[], old=null}, confs=<EMPTY_MAP>
2024-09-18 12:54:21,009 [76f7b79d-b0f1-40ff-adcc-a8634463f843-groupManagement] INFO  server.RaftServerConfigKeys (ConfUtils.java:logGet(46)) - raft.server.notification.no-leader.timeout = 60s (default)
2024-09-18 12:54:21,012 [76f7b79d-b0f1-40ff-adcc-a8634463f843-groupManagement] INFO  server.RaftServerConfigKeys (ConfUtils.java:logGet(46)) - raft.server.read.timeout = 10s (default)
2024-09-18 12:54:21,015 [76f7b79d-b0f1-40ff-adcc-a8634463f843-groupManagement] INFO  server.RaftServerConfigKeys (ConfUtils.java:logGet(46)) - raft.server.retrycache.expirytime = 60000ms (default)
2024-09-18 12:54:21,015 [76f7b79d-b0f1-40ff-adcc-a8634463f843-groupManagement] INFO  server.RaftServerConfigKeys (ConfUtils.java:logGet(46)) - raft.server.retrycache.statistics.expirytime = 100ms (default)
2024-09-18 12:54:21,018 [76f7b79d-b0f1-40ff-adcc-a8634463f843-groupManagement] INFO  server.RaftServerConfigKeys (ConfUtils.java:logGet(46)) - raft.server.read.option = DEFAULT (default)
2024-09-18 12:54:21,019 [76f7b79d-b0f1-40ff-adcc-a8634463f843-groupManagement] INFO  server.RaftServerConfigKeys (ConfUtils.java:logGet(46)) - raft.server.read.read-after-write-consistent.write-index-cache.expiry-time = 60s (default)
2024-09-18 12:54:21,024 [76f7b79d-b0f1-40ff-adcc-a8634463f843-groupManagement] INFO  metrics.MetricRegistries (MetricRegistriesLoader.java:load(64)) - Loaded MetricRegistries class org.apache.ratis.metrics.dropwizard3.Dm3MetricRegistriesImpl
2024-09-18 12:54:21,102 [76f7b79d-b0f1-40ff-adcc-a8634463f843-groupManagement] INFO  server.RaftServerConfigKeys (ConfUtils.java:logGet(46)) - raft.server.rpc.request.timeout = 30000ms (custom)
2024-09-18 12:54:21,104 [76f7b79d-b0f1-40ff-adcc-a8634463f843-groupManagement] INFO  server.RaftServerConfigKeys (ConfUtils.java:logGet(46)) - raft.server.log.appender.install.snapshot.enabled = false (custom)
2024-09-18 12:54:21,104 [76f7b79d-b0f1-40ff-adcc-a8634463f843-groupManagement] INFO  server.RaftServerConfigKeys (ConfUtils.java:logGet(46)) - raft.server.threadpool.server.cached = true (default)
2024-09-18 12:54:21,105 [76f7b79d-b0f1-40ff-adcc-a8634463f843-groupManagement] INFO  server.RaftServerConfigKeys (ConfUtils.java:logGet(46)) - raft.server.threadpool.server.size = 0 (default)
2024-09-18 12:54:21,105 [76f7b79d-b0f1-40ff-adcc-a8634463f843-groupManagement] INFO  server.RaftServerConfigKeys (ConfUtils.java:logGet(46)) - raft.server.threadpool.client.cached = true (default)
2024-09-18 12:54:21,105 [76f7b79d-b0f1-40ff-adcc-a8634463f843-groupManagement] INFO  server.RaftServerConfigKeys (ConfUtils.java:logGet(46)) - raft.server.threadpool.client.size = 0 (default)
2024-09-18 12:54:21,107 [76f7b79d-b0f1-40ff-adcc-a8634463f843-impl-thread1] INFO  server.RaftServerConfigKeys (ConfUtils.java:logGet(46)) - raft.server.storage.free-space.min = 0MB (=0) (default)
2024-09-18 12:54:21,107 [76f7b79d-b0f1-40ff-adcc-a8634463f843-impl-thread1] INFO  server.RaftServerConfigKeys (ConfUtils.java:logGet(46)) - raft.server.log.corruption.policy = EXCEPTION (default)
2024-09-18 12:54:21,107 [76f7b79d-b0f1-40ff-adcc-a8634463f843-impl-thread1] INFO  server.RaftServerConfigKeys (ConfUtils.java:logGet(46)) - raft.server.storage.dir = [/home/runner/work/ozone/ozone/hadoop-ozone/integration-test/target/test-dir/MiniOzoneClusterImpl-1474a09c-6dad-4fc4-86e4-bad221540704/scmNode-1/scm-ha] (custom)
2024-09-18 12:54:21,113 [76f7b79d-b0f1-40ff-adcc-a8634463f843-impl-thread1] INFO  storage.RaftStorageDirectory (RaftStorageDirectoryImpl.java:analyzeStorage(138)) - The storage directory /home/runner/work/ozone/ozone/hadoop-ozone/integration-test/target/test-dir/MiniOzoneClusterImpl-1474a09c-6dad-4fc4-86e4-bad221540704/scmNode-1/scm-ha/1474a09c-6dad-4fc4-86e4-bad221540704 does not exist. Creating ...
2024-09-18 12:54:21,117 [76f7b79d-b0f1-40ff-adcc-a8634463f843-impl-thread1] INFO  storage.RaftStorageDirectory (RaftStorageDirectoryImpl.java:tryLock(229)) - Lock on /home/runner/work/ozone/ozone/hadoop-ozone/integration-test/target/test-dir/MiniOzoneClusterImpl-1474a09c-6dad-4fc4-86e4-bad221540704/scmNode-1/scm-ha/1474a09c-6dad-4fc4-86e4-bad221540704/in_use.lock acquired by nodename 131606@fv-az1197-713
2024-09-18 12:54:21,124 [76f7b79d-b0f1-40ff-adcc-a8634463f843-impl-thread1] INFO  storage.RaftStorage (RaftStorageImpl.java:format(98)) - Storage directory /home/runner/work/ozone/ozone/hadoop-ozone/integration-test/target/test-dir/MiniOzoneClusterImpl-1474a09c-6dad-4fc4-86e4-bad221540704/scmNode-1/scm-ha/1474a09c-6dad-4fc4-86e4-bad221540704 has been successfully formatted.
2024-09-18 12:54:21,127 [76f7b79d-b0f1-40ff-adcc-a8634463f843-impl-thread1] INFO  server.RaftServerConfigKeys (ConfUtils.java:logGet(46)) - raft.server.log.use.memory = false (default)
2024-09-18 12:54:21,136 [76f7b79d-b0f1-40ff-adcc-a8634463f843-impl-thread1] INFO  server.RaftServerConfigKeys (ConfUtils.java:logGet(46)) - raft.server.log.purge.gap = 1000000 (custom)
2024-09-18 12:54:21,137 [76f7b79d-b0f1-40ff-adcc-a8634463f843-impl-thread1] INFO  server.RaftServerConfigKeys (ConfUtils.java:logGet(46)) - raft.server.log.appender.buffer.byte-limit = 4194304 (custom)
2024-09-18 12:54:21,139 [76f7b79d-b0f1-40ff-adcc-a8634463f843-impl-thread1] INFO  server.RaftServerConfigKeys (ConfUtils.java:logGet(46)) - raft.server.log.statemachine.data.read.timeout = 1000ms (default)
2024-09-18 12:54:21,139 [76f7b79d-b0f1-40ff-adcc-a8634463f843-impl-thread1] INFO  server.RaftServerConfigKeys (ConfUtils.java:logGet(46)) - raft.server.log.purge.preservation.log.num = 0 (default)
2024-09-18 12:54:21,143 [76f7b79d-b0f1-40ff-adcc-a8634463f843-impl-thread1] INFO  server.RaftServerConfigKeys (ConfUtils.java:logGet(46)) - raft.server.log.segment.size.max = 4194304 (custom)
2024-09-18 12:54:21,147 [76f7b79d-b0f1-40ff-adcc-a8634463f843-impl-thread1] INFO  server.RaftServerConfigKeys (ConfUtils.java:logGet(46)) - raft.server.log.segment.cache.num.max = 2 (custom)
2024-09-18 12:54:21,148 [76f7b79d-b0f1-40ff-adcc-a8634463f843-impl-thread1] INFO  server.RaftServerConfigKeys (ConfUtils.java:logGet(46)) - raft.server.log.segment.cache.size.max = 200MB (=209715200) (default)
2024-09-18 12:54:21,148 [76f7b79d-b0f1-40ff-adcc-a8634463f843-impl-thread1] INFO  server.RaftServerConfigKeys (ConfUtils.java:logGet(46)) - raft.server.log.appender.buffer.byte-limit = 4194304 (custom)
2024-09-18 12:54:21,151 [76f7b79d-b0f1-40ff-adcc-a8634463f843-impl-thread1] INFO  util.AwaitToRun (AwaitToRun.java:start(81)) - Thread[76f7b79d-b0f1-40ff-adcc-a8634463f843@group-BAD221540704-cacheEviction-AwaitToRun,5,main] started
2024-09-18 12:54:21,155 [76f7b79d-b0f1-40ff-adcc-a8634463f843-impl-thread1] INFO  segmented.SegmentedRaftLogWorker (SegmentedRaftLogWorker.java:<init>(184)) - new 76f7b79d-b0f1-40ff-adcc-a8634463f843@group-BAD221540704-SegmentedRaftLogWorker for RaftStorageImpl:Storage Directory /home/runner/work/ozone/ozone/hadoop-ozone/integration-test/target/test-dir/MiniOzoneClusterImpl-1474a09c-6dad-4fc4-86e4-bad221540704/scmNode-1/scm-ha/1474a09c-6dad-4fc4-86e4-bad221540704
2024-09-18 12:54:21,156 [76f7b79d-b0f1-40ff-adcc-a8634463f843-impl-thread1] INFO  server.RaftServerConfigKeys (ConfUtils.java:logGet(46)) - raft.server.log.queue.byte-limit = 64MB (=67108864) (default)
2024-09-18 12:54:21,157 [76f7b79d-b0f1-40ff-adcc-a8634463f843-impl-thread1] INFO  server.RaftServerConfigKeys (ConfUtils.java:logGet(46)) - raft.server.log.queue.element-limit = 4096 (default)
2024-09-18 12:54:21,160 [76f7b79d-b0f1-40ff-adcc-a8634463f843-impl-thread1] INFO  server.RaftServerConfigKeys (ConfUtils.java:logGet(46)) - raft.server.log.segment.size.max = 4194304 (custom)
2024-09-18 12:54:21,160 [76f7b79d-b0f1-40ff-adcc-a8634463f843-impl-thread1] INFO  server.RaftServerConfigKeys (ConfUtils.java:logGet(46)) - raft.server.log.preallocated.size = 4194304 (custom)
2024-09-18 12:54:21,161 [76f7b79d-b0f1-40ff-adcc-a8634463f843-impl-thread1] INFO  server.RaftServerConfigKeys (ConfUtils.java:logGet(46)) - raft.server.log.force.sync.num = 128 (default)
2024-09-18 12:54:21,163 [76f7b79d-b0f1-40ff-adcc-a8634463f843-impl-thread1] INFO  server.RaftServerConfigKeys (ConfUtils.java:logGet(46)) - raft.server.log.statemachine.data.sync = true (default)
2024-09-18 12:54:21,164 [76f7b79d-b0f1-40ff-adcc-a8634463f843-impl-thread1] INFO  server.RaftServerConfigKeys (ConfUtils.java:logGet(46)) - raft.server.log.statemachine.data.sync.timeout = 10s (default)
2024-09-18 12:54:21,165 [76f7b79d-b0f1-40ff-adcc-a8634463f843-impl-thread1] INFO  server.RaftServerConfigKeys (ConfUtils.java:logGet(46)) - raft.server.log.statemachine.data.sync.timeout.retry = -1 (default)
2024-09-18 12:54:21,168 [76f7b79d-b0f1-40ff-adcc-a8634463f843-impl-thread1] INFO  server.RaftServerConfigKeys (ConfUtils.java:logGet(46)) - raft.server.log.write.buffer.size = 4194312 (custom)
2024-09-18 12:54:21,170 [76f7b79d-b0f1-40ff-adcc-a8634463f843-impl-thread1] INFO  server.RaftServerConfigKeys (ConfUtils.java:logGet(46)) - raft.server.log.appender.buffer.byte-limit = 4194304 (custom)
2024-09-18 12:54:21,170 [76f7b79d-b0f1-40ff-adcc-a8634463f843-impl-thread1] INFO  server.RaftServerConfigKeys (ConfUtils.java:logGet(46)) - raft.server.log.unsafe-flush.enabled = false (default)
2024-09-18 12:54:21,171 [76f7b79d-b0f1-40ff-adcc-a8634463f843-impl-thread1] INFO  server.RaftServerConfigKeys (ConfUtils.java:logGet(46)) - raft.server.log.async-flush.enabled = false (default)
2024-09-18 12:54:21,172 [76f7b79d-b0f1-40ff-adcc-a8634463f843-impl-thread1] INFO  server.RaftServerConfigKeys (ConfUtils.java:logGet(46)) - raft.server.log.statemachine.data.caching.enabled = false (default)
2024-09-18 12:54:21,177 [76f7b79d-b0f1-40ff-adcc-a8634463f843-impl-thread1] INFO  segmented.SegmentedRaftLogWorker (SegmentedRaftLogWorker.java:lambda$new$0(135)) - 76f7b79d-b0f1-40ff-adcc-a8634463f843@group-BAD221540704-SegmentedRaftLogWorker: flushIndex: setUnconditionally 0 -> -1
2024-09-18 12:54:21,178 [76f7b79d-b0f1-40ff-adcc-a8634463f843-impl-thread1] INFO  segmented.SegmentedRaftLogWorker (SegmentedRaftLogWorker.java:lambda$new$0(135)) - 76f7b79d-b0f1-40ff-adcc-a8634463f843@group-BAD221540704-SegmentedRaftLogWorker: safeCacheEvictIndex: setUnconditionally 0 -> -1
2024-09-18 12:54:21,179 [76f7b79d-b0f1-40ff-adcc-a8634463f843-impl-thread1] INFO  server.RaftServer$Division (RaftServerImpl.java:start(389)) - 76f7b79d-b0f1-40ff-adcc-a8634463f843@group-BAD221540704: start as a follower, conf=conf: {index: -1, cur=peers:[76f7b79d-b0f1-40ff-adcc-a8634463f843|localhost:15003]|listeners:[], old=null}
2024-09-18 12:54:21,179 [76f7b79d-b0f1-40ff-adcc-a8634463f843-impl-thread1] INFO  server.RaftServer$Division (RaftServerImpl.java:setRole(376)) - 76f7b79d-b0f1-40ff-adcc-a8634463f843@group-BAD221540704: changes role from      null to FOLLOWER at term 0 for startAsFollower
2024-09-18 12:54:21,180 [76f7b79d-b0f1-40ff-adcc-a8634463f843-impl-thread1] INFO  impl.RoleInfo (RoleInfo.java:updateAndGet(148)) - 76f7b79d-b0f1-40ff-adcc-a8634463f843: start 76f7b79d-b0f1-40ff-adcc-a8634463f843@group-BAD221540704-FollowerState
2024-09-18 12:54:21,181 [76f7b79d-b0f1-40ff-adcc-a8634463f843@group-BAD221540704-FollowerState] INFO  server.RaftServerConfigKeys (ConfUtils.java:logFallback(53)) - raft.server.rpc.first-election.timeout.min = 5000ms (fallback to raft.server.rpc.timeout.min)
2024-09-18 12:54:21,182 [76f7b79d-b0f1-40ff-adcc-a8634463f843-impl-thread1] INFO  util.JmxRegister (JmxRegister.java:tryRegister(44)) - Successfully registered JMX Bean with object name Ratis:service=RaftServer,group=group-BAD221540704,id=76f7b79d-b0f1-40ff-adcc-a8634463f843
2024-09-18 12:54:21,182 [76f7b79d-b0f1-40ff-adcc-a8634463f843-impl-thread1] INFO  util.JmxRegister (JmxRegister.java:register(58)) - register mxBean class org.apache.ratis.server.impl.RaftServerJmxAdapter as Ratis:service=RaftServer,group=group-BAD221540704,id=76f7b79d-b0f1-40ff-adcc-a8634463f843
2024-09-18 12:54:21,183 [76f7b79d-b0f1-40ff-adcc-a8634463f843@group-BAD221540704-FollowerState] INFO  server.RaftServerConfigKeys (ConfUtils.java:logFallback(53)) - raft.server.rpc.first-election.timeout.max = 5200ms (fallback to raft.server.rpc.timeout.max)
2024-09-18 12:54:21,183 [76f7b79d-b0f1-40ff-adcc-a8634463f843-impl-thread1] INFO  server.RaftServerConfigKeys (ConfUtils.java:logGet(46)) - raft.server.snapshot.trigger-when-stop.enabled = true (default)
2024-09-18 12:54:21,184 [76f7b79d-b0f1-40ff-adcc-a8634463f843-impl-thread1] INFO  server.RaftServerConfigKeys (ConfUtils.java:logGet(46)) - raft.server.snapshot.trigger-when-remove.enabled = true (default)
2024-09-18 12:54:21,184 [76f7b79d-b0f1-40ff-adcc-a8634463f843-impl-thread1] INFO  server.RaftServerConfigKeys (ConfUtils.java:logGet(46)) - raft.server.snapshot.auto.trigger.enabled = true (custom)
2024-09-18 12:54:21,185 [76f7b79d-b0f1-40ff-adcc-a8634463f843-impl-thread1] INFO  server.RaftServerConfigKeys (ConfUtils.java:logGet(46)) - raft.server.snapshot.auto.trigger.threshold = 1000 (custom)
2024-09-18 12:54:21,186 [76f7b79d-b0f1-40ff-adcc-a8634463f843-impl-thread1] INFO  server.RaftServerConfigKeys (ConfUtils.java:logGet(46)) - raft.server.snapshot.retention.file.num = -1 (default)
2024-09-18 12:54:21,186 [76f7b79d-b0f1-40ff-adcc-a8634463f843-impl-thread1] INFO  server.RaftServerConfigKeys (ConfUtils.java:logGet(46)) - raft.server.log.purge.upto.snapshot.index = false (default)
2024-09-18 12:54:21,189 [main] INFO  server.RaftServer (RaftServerProxy.java:startImpl(408)) - 76f7b79d-b0f1-40ff-adcc-a8634463f843: start RPC server
2024-09-18 12:54:21,214 [main] INFO  server.GrpcService (GrpcService.java:startImpl(302)) - 76f7b79d-b0f1-40ff-adcc-a8634463f843: GrpcService started, listening on 15003
2024-09-18 12:54:21,216 [JvmPauseMonitor0] INFO  util.JvmPauseMonitor (JvmPauseMonitor.java:run(146)) - JvmPauseMonitor-76f7b79d-b0f1-40ff-adcc-a8634463f843: Started
2024-09-18 12:54:26,374 [76f7b79d-b0f1-40ff-adcc-a8634463f843@group-BAD221540704-FollowerState] INFO  impl.FollowerState (FollowerState.java:run(144)) - 76f7b79d-b0f1-40ff-adcc-a8634463f843@group-BAD221540704-FollowerState: change to CANDIDATE, lastRpcElapsedTime:5194047589ns, electionTimeout:5190ms
2024-09-18 12:54:26,374 [76f7b79d-b0f1-40ff-adcc-a8634463f843@group-BAD221540704-FollowerState] INFO  impl.RoleInfo (RoleInfo.java:shutdownFollowerState(119)) - 76f7b79d-b0f1-40ff-adcc-a8634463f843: shutdown 76f7b79d-b0f1-40ff-adcc-a8634463f843@group-BAD221540704-FollowerState
2024-09-18 12:54:26,375 [76f7b79d-b0f1-40ff-adcc-a8634463f843@group-BAD221540704-FollowerState] INFO  server.RaftServer$Division (RaftServerImpl.java:setRole(376)) - 76f7b79d-b0f1-40ff-adcc-a8634463f843@group-BAD221540704: changes role from  FOLLOWER to CANDIDATE at term 0 for changeToCandidate
2024-09-18 12:54:26,376 [76f7b79d-b0f1-40ff-adcc-a8634463f843@group-BAD221540704-FollowerState] INFO  server.RaftServerConfigKeys (ConfUtils.java:logGet(46)) - raft.server.leaderelection.pre-vote = true (default)
2024-09-18 12:54:26,377 [76f7b79d-b0f1-40ff-adcc-a8634463f843@group-BAD221540704-FollowerState] INFO  impl.RoleInfo (RoleInfo.java:updateAndGet(148)) - 76f7b79d-b0f1-40ff-adcc-a8634463f843: start 76f7b79d-b0f1-40ff-adcc-a8634463f843@group-BAD221540704-LeaderElection1
2024-09-18 12:54:26,379 [76f7b79d-b0f1-40ff-adcc-a8634463f843@group-BAD221540704-LeaderElection1] INFO  impl.LeaderElection (LeaderElection.java:askForVotes(321)) - 76f7b79d-b0f1-40ff-adcc-a8634463f843@group-BAD221540704-LeaderElection1 PRE_VOTE round 0: submit vote requests at term 0 for conf: {index: -1, cur=peers:[76f7b79d-b0f1-40ff-adcc-a8634463f843|localhost:15003]|listeners:[], old=null}
2024-09-18 12:54:26,380 [76f7b79d-b0f1-40ff-adcc-a8634463f843@group-BAD221540704-LeaderElection1] INFO  impl.LeaderElection (LeaderElection.java:askForVotes(323)) - 76f7b79d-b0f1-40ff-adcc-a8634463f843@group-BAD221540704-LeaderElection1 PRE_VOTE round 0: result PASSED (term=0)
2024-09-18 12:54:26,383 [76f7b79d-b0f1-40ff-adcc-a8634463f843@group-BAD221540704-LeaderElection1] INFO  impl.LeaderElection (LeaderElection.java:askForVotes(321)) - 76f7b79d-b0f1-40ff-adcc-a8634463f843@group-BAD221540704-LeaderElection1 ELECTION round 0: submit vote requests at term 1 for conf: {index: -1, cur=peers:[76f7b79d-b0f1-40ff-adcc-a8634463f843|localhost:15003]|listeners:[], old=null}
2024-09-18 12:54:26,383 [76f7b79d-b0f1-40ff-adcc-a8634463f843@group-BAD221540704-LeaderElection1] INFO  impl.LeaderElection (LeaderElection.java:askForVotes(323)) - 76f7b79d-b0f1-40ff-adcc-a8634463f843@group-BAD221540704-LeaderElection1 ELECTION round 0: result PASSED (term=1)
2024-09-18 12:54:26,383 [76f7b79d-b0f1-40ff-adcc-a8634463f843@group-BAD221540704-LeaderElection1] INFO  impl.RoleInfo (RoleInfo.java:shutdownLeaderElection(139)) - 76f7b79d-b0f1-40ff-adcc-a8634463f843: shutdown 76f7b79d-b0f1-40ff-adcc-a8634463f843@group-BAD221540704-LeaderElection1
2024-09-18 12:54:26,384 [76f7b79d-b0f1-40ff-adcc-a8634463f843@group-BAD221540704-LeaderElection1] INFO  server.RaftServer$Division (RaftServerImpl.java:setRole(376)) - 76f7b79d-b0f1-40ff-adcc-a8634463f843@group-BAD221540704: changes role from CANDIDATE to LEADER at term 1 for changeToLeader
2024-09-18 12:54:26,387 [76f7b79d-b0f1-40ff-adcc-a8634463f843@group-BAD221540704-LeaderElection1] INFO  server.RaftServerConfigKeys (ConfUtils.java:logGet(46)) - raft.server.staging.catchup.gap = 1000 (default)
2024-09-18 12:54:26,389 [76f7b79d-b0f1-40ff-adcc-a8634463f843@group-BAD221540704-LeaderElection1] INFO  server.RaftServerConfigKeys (ConfUtils.java:logGet(46)) - raft.server.write.element-limit = 4096 (default)
2024-09-18 12:54:26,389 [76f7b79d-b0f1-40ff-adcc-a8634463f843@group-BAD221540704-LeaderElection1] INFO  server.RaftServerConfigKeys (ConfUtils.java:logGet(46)) - raft.server.write.byte-limit = 64MB (=67108864) (default)
2024-09-18 12:54:26,392 [76f7b79d-b0f1-40ff-adcc-a8634463f843@group-BAD221540704-LeaderElection1] INFO  server.RaftServerConfigKeys (ConfUtils.java:logGet(46)) - raft.server.watch.timeout = 10s (default)
2024-09-18 12:54:26,392 [76f7b79d-b0f1-40ff-adcc-a8634463f843@group-BAD221540704-LeaderElection1] INFO  server.RaftServerConfigKeys (ConfUtils.java:logGet(46)) - raft.server.watch.timeout.denomination = 1s (default)
2024-09-18 12:54:26,393 [76f7b79d-b0f1-40ff-adcc-a8634463f843@group-BAD221540704-LeaderElection1] INFO  server.RaftServerConfigKeys (ConfUtils.java:logGet(46)) - raft.server.watch.element-limit = 65536 (default)
2024-09-18 12:54:26,398 [76f7b79d-b0f1-40ff-adcc-a8634463f843@group-BAD221540704-LeaderElection1] INFO  server.RaftServerConfigKeys (ConfUtils.java:logGet(46)) - raft.server.read.leader.lease.enabled = false (default)
2024-09-18 12:54:26,400 [76f7b79d-b0f1-40ff-adcc-a8634463f843@group-BAD221540704-LeaderElection1] INFO  server.RaftServerConfigKeys (ConfUtils.java:logGet(46)) - raft.server.read.leader.lease.timeout.ratio = 0.9 (default)
2024-09-18 12:54:26,400 [76f7b79d-b0f1-40ff-adcc-a8634463f843@group-BAD221540704-LeaderElection1] INFO  server.RaftServerConfigKeys (ConfUtils.java:logGet(46)) - raft.server.rpc.timeout.min = 5000ms (custom)
2024-09-18 12:54:26,400 [76f7b79d-b0f1-40ff-adcc-a8634463f843@group-BAD221540704-LeaderElection1] INFO  server.RaftServerConfigKeys (ConfUtils.java:logGet(46)) - raft.server.log.log-metadata.enabled = true (default)
2024-09-18 12:54:26,400 [76f7b79d-b0f1-40ff-adcc-a8634463f843@group-BAD221540704-LeaderElection1] INFO  server.RaftServerConfigKeys (ConfUtils.java:logGet(46)) - raft.server.write.element-limit = 4096 (default)
2024-09-18 12:54:26,401 [76f7b79d-b0f1-40ff-adcc-a8634463f843@group-BAD221540704-LeaderElection1] INFO  server.RaftServerConfigKeys (ConfUtils.java:logGet(46)) - raft.server.write.follower.gap.ratio.max = -1.0 (default)
2024-09-18 12:54:26,402 [76f7b79d-b0f1-40ff-adcc-a8634463f843@group-BAD221540704-LeaderElection1] INFO  impl.RoleInfo (RoleInfo.java:updateAndGet(148)) - 76f7b79d-b0f1-40ff-adcc-a8634463f843: start 76f7b79d-b0f1-40ff-adcc-a8634463f843@group-BAD221540704-LeaderStateImpl
2024-09-18 12:54:26,402 [76f7b79d-b0f1-40ff-adcc-a8634463f843@group-BAD221540704-LeaderElection1] INFO  server.RaftServer$Division (RaftServerImpl.java:setFirstElection(549)) - 76f7b79d-b0f1-40ff-adcc-a8634463f843@group-BAD221540704: set firstElectionSinceStartup to false for becomeLeader
2024-09-18 12:54:26,402 [76f7b79d-b0f1-40ff-adcc-a8634463f843@group-BAD221540704-LeaderElection1] INFO  server.RaftServer$Division (ServerState.java:setLeader(272)) - 76f7b79d-b0f1-40ff-adcc-a8634463f843@group-BAD221540704: change Leader from null to 76f7b79d-b0f1-40ff-adcc-a8634463f843 at term 1 for becomeLeader, leader elected after 5393ms
2024-09-18 12:54:26,416 [76f7b79d-b0f1-40ff-adcc-a8634463f843@group-BAD221540704-LeaderElection1] INFO  segmented.SegmentedRaftLogWorker (SegmentedRaftLogWorker.java:startLogSegment(433)) - 76f7b79d-b0f1-40ff-adcc-a8634463f843@group-BAD221540704-SegmentedRaftLogWorker: Starting segment from index:0
2024-09-18 12:54:26,427 [76f7b79d-b0f1-40ff-adcc-a8634463f843@group-BAD221540704-LeaderElection1] INFO  server.RaftServer$Division (ServerState.java:setRaftConf(386)) - 76f7b79d-b0f1-40ff-adcc-a8634463f843@group-BAD221540704: set configuration conf: {index: 0, cur=peers:[76f7b79d-b0f1-40ff-adcc-a8634463f843|localhost:15003]|listeners:[], old=null}
2024-09-18 12:54:26,435 [76f7b79d-b0f1-40ff-adcc-a8634463f843@group-BAD221540704-SegmentedRaftLogWorker] INFO  segmented.BufferedWriteChannel (BufferedWriteChannel.java:open(61)) - open log_inprogress_0 at position 0
2024-09-18 12:54:26,447 [76f7b79d-b0f1-40ff-adcc-a8634463f843@group-BAD221540704-SegmentedRaftLogWorker] INFO  segmented.SegmentedRaftLogWorker (SegmentedRaftLogWorker.java:execute(637)) - 76f7b79d-b0f1-40ff-adcc-a8634463f843@group-BAD221540704-SegmentedRaftLogWorker: created new log segment /home/runner/work/ozone/ozone/hadoop-ozone/integration-test/target/test-dir/MiniOzoneClusterImpl-1474a09c-6dad-4fc4-86e4-bad221540704/scmNode-1/scm-ha/1474a09c-6dad-4fc4-86e4-bad221540704/current/log_inprogress_0
2024-09-18 12:54:26,458 [76f7b79d-b0f1-40ff-adcc-a8634463f843@group-BAD221540704-StateMachineUpdater] INFO  server.RaftServer$Division (LeaderStateImpl.java:checkStartIndex(316)) - Leader 76f7b79d-b0f1-40ff-adcc-a8634463f843@group-BAD221540704-LeaderStateImpl is ready since appliedIndex == startIndex == 0
2024-09-18 12:54:27,217 [main] INFO  server.RaftServer (RaftServerProxy.java:lambda$close$9(418)) - 76f7b79d-b0f1-40ff-adcc-a8634463f843: close
2024-09-18 12:54:27,218 [main] INFO  server.GrpcService (GrpcService.java:closeImpl(311)) - 76f7b79d-b0f1-40ff-adcc-a8634463f843: shutdown server GrpcServerProtocolService now
2024-09-18 12:54:27,218 [76f7b79d-b0f1-40ff-adcc-a8634463f843-impl-thread1] INFO  server.RaftServer$Division (RaftServerImpl.java:lambda$close$1(501)) - 76f7b79d-b0f1-40ff-adcc-a8634463f843@group-BAD221540704: shutdown
2024-09-18 12:54:27,218 [76f7b79d-b0f1-40ff-adcc-a8634463f843-impl-thread1] INFO  util.JmxRegister (JmxRegister.java:unregister(74)) - Successfully un-registered JMX Bean with object name Ratis:service=RaftServer,group=group-BAD221540704,id=76f7b79d-b0f1-40ff-adcc-a8634463f843
2024-09-18 12:54:27,218 [76f7b79d-b0f1-40ff-adcc-a8634463f843-impl-thread1] INFO  impl.RoleInfo (RoleInfo.java:shutdownLeaderState(103)) - 76f7b79d-b0f1-40ff-adcc-a8634463f843: shutdown 76f7b79d-b0f1-40ff-adcc-a8634463f843@group-BAD221540704-LeaderStateImpl
2024-09-18 12:54:27,221 [76f7b79d-b0f1-40ff-adcc-a8634463f843-impl-thread1] INFO  impl.PendingRequests (PendingRequests.java:sendNotLeaderResponses(287)) - 76f7b79d-b0f1-40ff-adcc-a8634463f843@group-BAD221540704-PendingRequests: sendNotLeaderResponses
2024-09-18 12:54:27,223 [main] INFO  server.GrpcService (GrpcService.java:closeImpl(320)) - 76f7b79d-b0f1-40ff-adcc-a8634463f843: shutdown server GrpcServerProtocolService successfully
2024-09-18 12:54:27,224 [76f7b79d-b0f1-40ff-adcc-a8634463f843-impl-thread1] INFO  impl.StateMachineUpdater (StateMachineUpdater.java:stopAndJoin(164)) - 76f7b79d-b0f1-40ff-adcc-a8634463f843@group-BAD221540704-StateMachineUpdater: set stopIndex = 0
2024-09-18 12:54:27,225 [76f7b79d-b0f1-40ff-adcc-a8634463f843@group-BAD221540704-StateMachineUpdater] INFO  impl.StateMachineUpdater (StateMachineUpdater.java:takeSnapshot(303)) - 76f7b79d-b0f1-40ff-adcc-a8634463f843@group-BAD221540704-StateMachineUpdater: Took a snapshot at index 0
2024-09-18 12:54:27,225 [76f7b79d-b0f1-40ff-adcc-a8634463f843@group-BAD221540704-StateMachineUpdater] INFO  impl.StateMachineUpdater (StateMachineUpdater.java:lambda$new$0(102)) - 76f7b79d-b0f1-40ff-adcc-a8634463f843@group-BAD221540704-StateMachineUpdater: snapshotIndex: updateIncreasingly -1 -> 0
2024-09-18 12:54:27,226 [76f7b79d-b0f1-40ff-adcc-a8634463f843@group-BAD221540704-StateMachineUpdater] INFO  impl.StateMachineUpdater (StateMachineUpdater.java:stop(141)) - 76f7b79d-b0f1-40ff-adcc-a8634463f843@group-BAD221540704-StateMachineUpdater: closing SCMStateMachine, lastApplied=(t:1, i:0)
2024-09-18 12:54:27,227 [76f7b79d-b0f1-40ff-adcc-a8634463f843@group-BAD221540704-cacheEviction-AwaitToRun] INFO  util.AwaitToRun (AwaitToRun.java:run(49)) - 76f7b79d-b0f1-40ff-adcc-a8634463f843@group-BAD221540704-cacheEviction-AwaitToRun-AwaitForSignal is interrupted
2024-09-18 12:54:27,453 [76f7b79d-b0f1-40ff-adcc-a8634463f843-impl-thread1] INFO  segmented.SegmentedRaftLogWorker (SegmentedRaftLogWorker.java:close(248)) - 76f7b79d-b0f1-40ff-adcc-a8634463f843@group-BAD221540704-SegmentedRaftLogWorker close()
2024-09-18 12:54:27,457 [JvmPauseMonitor0] INFO  util.JvmPauseMonitor (JvmPauseMonitor.java:run(152)) - JvmPauseMonitor-76f7b79d-b0f1-40ff-adcc-a8634463f843: Stopped
2024-09-18 12:54:27,457 [main] WARN  server.ServerUtils (ServerUtils.java:getScmDbDir(143)) - ozone.scm.db.dirs is not configured. We recommend adding this setting. Falling back to ozone.metadata.dirs instead.
2024-09-18 12:54:27,459 [main] INFO  server.StorageContainerManager (StorageContainerManager.java:scmInit(1306)) - SCM initialization succeeded. Current cluster id for sd=/home/runner/work/ozone/ozone/hadoop-ozone/integration-test/target/test-dir/MiniOzoneClusterImpl-1474a09c-6dad-4fc4-86e4-bad221540704/scmNode-1/scm; cid=1474a09c-6dad-4fc4-86e4-bad221540704; layoutVersion=8; scmId=76f7b79d-b0f1-40ff-adcc-a8634463f843
2024-09-18 12:54:27,468 [main] WARN  server.ServerUtils (ServerUtils.java:getScmDbDir(143)) - ozone.scm.db.dirs is not configured. We recommend adding this setting. Falling back to ozone.metadata.dirs instead.
2024-09-18 12:54:27,468 [main] INFO  ha.SCMHANodeDetails (SCMHANodeDetails.java:loadSCMHAConfig(207)) - ServiceID for StorageContainerManager is scmServiceId
2024-09-18 12:54:27,468 [main] INFO  ha.SCMHANodeDetails (SCMHANodeDetails.java:loadSCMHAConfig(218)) - ServiceID for StorageContainerManager is scmServiceId
2024-09-18 12:54:27,469 [main] INFO  ha.SCMHANodeDetails (SCMHANodeDetails.java:loadSCMHAConfig(305)) - Found matching SCM address with SCMServiceId: scmServiceId, SCMNodeId: scmNode-1, RPC Address: localhost:15003 and Ratis port: 15003
2024-09-18 12:54:27,469 [main] INFO  ha.SCMHANodeDetails (ConfUtils.java:setNodeSpecificConfigs(97)) - Setting configuration key ozone.scm.datanode.address with value of key ozone.scm.datanode.address.scmServiceId.scmNode-1: 127.0.0.1:15004
2024-09-18 12:54:27,469 [main] INFO  ha.SCMHANodeDetails (ConfUtils.java:setNodeSpecificConfigs(97)) - Setting configuration key ozone.scm.block.client.address with value of key ozone.scm.block.client.address.scmServiceId.scmNode-1: 127.0.0.1:15007
2024-09-18 12:54:27,469 [main] INFO  ha.SCMHANodeDetails (ConfUtils.java:setNodeSpecificConfigs(97)) - Setting configuration key ozone.scm.client.address with value of key ozone.scm.client.address.scmServiceId.scmNode-1: 127.0.0.1:15005
2024-09-18 12:54:27,470 [main] INFO  ha.SCMHANodeDetails (ConfUtils.java:setNodeSpecificConfigs(97)) - Setting configuration key ozone.scm.security.service.address with value of key ozone.scm.security.service.address.scmServiceId.scmNode-1: 127.0.0.1:15002
2024-09-18 12:54:27,470 [main] INFO  ha.SCMHANodeDetails (ConfUtils.java:setNodeSpecificConfigs(97)) - Setting configuration key ozone.scm.ratis.port with value of key ozone.scm.ratis.port.scmServiceId.scmNode-1: 15003
2024-09-18 12:54:27,470 [main] INFO  ha.SCMHANodeDetails (ConfUtils.java:setNodeSpecificConfigs(97)) - Setting configuration key ozone.scm.grpc.port with value of key ozone.scm.grpc.port.scmServiceId.scmNode-1: 15006
2024-09-18 12:54:27,470 [main] INFO  ha.SCMHANodeDetails (ConfUtils.java:setNodeSpecificConfigs(97)) - Setting configuration key ozone.scm.http-address with value of key ozone.scm.http-address.scmServiceId.scmNode-1: 127.0.0.1:15000
2024-09-18 12:54:27,471 [main] INFO  ha.SCMHANodeDetails (ConfUtils.java:setNodeSpecificConfigs(97)) - Setting configuration key ozone.scm.https-address with value of key ozone.scm.https-address.scmServiceId.scmNode-1: 127.0.0.1:15001
2024-09-18 12:54:27,471 [main] INFO  ha.SCMHANodeDetails (ConfUtils.java:setNodeSpecificConfigs(97)) - Setting configuration key ozone.scm.address with value of key ozone.scm.address.scmServiceId.scmNode-1: 127.0.0.1
2024-09-18 12:54:27,471 [main] WARN  scm.ScmUtils (ScmUtils.java:logWarn(165)) - ConfigKey ozone.scm.block.client.address is deprecated, For configuring different ports for each SCM use PortConfigKey ozone.scm.block.client.port appended with serviceId and nodeId. If want to configure same port configure ozone.scm.block.client.port
2024-09-18 12:54:27,471 [main] WARN  scm.ScmUtils (ScmUtils.java:logWarn(165)) - ConfigKey ozone.scm.client.address is deprecated, For configuring different ports for each SCM use PortConfigKey ozone.scm.client.port appended with serviceId and nodeId. If want to configure same port configure ozone.scm.client.port
2024-09-18 12:54:27,472 [main] WARN  scm.ScmUtils (ScmUtils.java:logWarn(165)) - ConfigKey ozone.scm.datanode.address is deprecated, For configuring different ports for each SCM use PortConfigKey ozone.scm.datanode.port appended with serviceId and nodeId. If want to configure same port configure ozone.scm.datanode.port
2024-09-18 12:54:27,535 [main] WARN  utils.HAUtils (HAUtils.java:getMetaDir(337)) - ozone.scm.db.dirs is not configured. We recommend adding this setting. Falling back to ozone.metadata.dirs instead.
2024-09-18 12:54:27,639 [main] WARN  db.DBStoreBuilder (DBStoreBuilder.java:applyDBDefinition(171)) - ozone.scm.db.dirs is not configured. We recommend adding this setting. Falling back to ozone.metadata.dirs instead.
2024-09-18 12:54:27,656 [main] INFO  utils.LeakDetector (LeakDetector.java:start(73)) - Starting leak detector thread ManagedRocksObject0.
2024-09-18 12:54:27,815 [main] INFO  net.NodeSchemaLoader (NodeSchemaLoader.java:loadSchemaFromFile(129)) - Loading schema from [jar:file:/home/runner/work/ozone/ozone/hadoop-hdds/common/target/hdds-common-1.5.0-SNAPSHOT.jar!/network-topology-default.xml]
2024-09-18 12:54:27,817 [main] INFO  net.NodeSchemaLoader (NodeSchemaLoader.java:loadSchema(176)) - Loading network topology layer schema file
2024-09-18 12:54:27,896 [main] INFO  ha.SCMRatisServerImpl (SCMRatisServerImpl.java:<init>(99)) - starting Raft server for scm:76f7b79d-b0f1-40ff-adcc-a8634463f843
2024-09-18 12:54:27,899 [main] INFO  server.RaftServerConfigKeys (ConfUtils.java:logGet(46)) - raft.server.log.appender.buffer.byte-limit = 4194304 (custom)
2024-09-18 12:54:27,901 [main] INFO  server.RaftServer (ConfUtils.java:logGet(46)) - raft.rpc.type = GRPC (default)
2024-09-18 12:54:27,901 [main] INFO  grpc.GrpcConfigKeys (ConfUtils.java:logFallback(53)) - raft.grpc.admin.host = null (fallback to raft.grpc.server.host)
2024-09-18 12:54:27,901 [main] INFO  grpc.GrpcConfigKeys (ConfUtils.java:logFallback(53)) - raft.grpc.admin.port = 15003 (fallback to raft.grpc.server.port)
2024-09-18 12:54:27,902 [main] INFO  grpc.GrpcConfigKeys (ConfUtils.java:logFallback(53)) - raft.grpc.client.host = null (fallback to raft.grpc.server.host)
2024-09-18 12:54:27,902 [main] INFO  grpc.GrpcConfigKeys (ConfUtils.java:logFallback(53)) - raft.grpc.client.port = 15003 (fallback to raft.grpc.server.port)
2024-09-18 12:54:27,902 [main] INFO  grpc.GrpcConfigKeys (ConfUtils.java:logGet(46)) - raft.grpc.server.host = null (default)
2024-09-18 12:54:27,902 [main] INFO  grpc.GrpcConfigKeys (ConfUtils.java:logGet(46)) - raft.grpc.server.port = 15003 (custom)
2024-09-18 12:54:27,902 [main] INFO  server.GrpcService (ConfUtils.java:logGet(46)) - raft.grpc.message.size.max = 5242880 (custom)
2024-09-18 12:54:27,903 [main] INFO  server.RaftServerConfigKeys (ConfUtils.java:logGet(46)) - raft.server.log.appender.buffer.byte-limit = 4194304 (custom)
2024-09-18 12:54:27,903 [main] INFO  server.GrpcService (ConfUtils.java:logGet(46)) - raft.grpc.flow.control.window = 1MB (=1048576) (default)
2024-09-18 12:54:27,903 [main] INFO  server.RaftServerConfigKeys (ConfUtils.java:logGet(46)) - raft.server.rpc.request.timeout = 30000ms (custom)
2024-09-18 12:54:27,903 [main] INFO  grpc.GrpcConfigKeys (ConfUtils.java:logGet(46)) - raft.grpc.server.heartbeat.channel = true (default)
2024-09-18 12:54:27,903 [main] INFO  grpc.GrpcConfigKeys (ConfUtils.java:logGet(46)) - raft.grpc.server.async.request.thread.pool.cached = true (default)
2024-09-18 12:54:27,904 [main] INFO  grpc.GrpcConfigKeys (ConfUtils.java:logGet(46)) - raft.grpc.server.async.request.thread.pool.size = 32 (default)
2024-09-18 12:54:27,905 [main] INFO  impl.DataStreamServerImpl (ConfUtils.java:logGet(46)) - raft.datastream.type = DISABLED (default)
2024-09-18 12:54:27,905 [main] INFO  server.RaftServerConfigKeys (ConfUtils.java:logGet(46)) - raft.server.sleep.deviation.threshold = 300ms (default)
2024-09-18 12:54:27,905 [main] INFO  server.RaftServerConfigKeys (ConfUtils.java:logGet(46)) - raft.server.close.threshold = 60s (default)
2024-09-18 12:54:27,905 [main] INFO  server.RaftServerConfigKeys (ConfUtils.java:logGet(46)) - raft.server.leaderelection.leader.step-down.wait-time = 10s (default)
2024-09-18 12:54:27,906 [main] INFO  server.RaftServerConfigKeys (ConfUtils.java:logGet(46)) - raft.server.storage.dir = [/home/runner/work/ozone/ozone/hadoop-ozone/integration-test/target/test-dir/MiniOzoneClusterImpl-1474a09c-6dad-4fc4-86e4-bad221540704/scmNode-1/scm-ha] (custom)
2024-09-18 12:54:27,906 [main] INFO  server.RaftServerConfigKeys (ConfUtils.java:logGet(46)) - raft.server.threadpool.proxy.cached = true (default)
2024-09-18 12:54:27,906 [main] INFO  server.RaftServerConfigKeys (ConfUtils.java:logGet(46)) - raft.server.threadpool.proxy.size = 0 (default)
2024-09-18 12:54:27,908 [76f7b79d-b0f1-40ff-adcc-a8634463f843-impl-thread1] INFO  server.RaftServer (RaftServerProxy.java:initGroupDir(266)) - 76f7b79d-b0f1-40ff-adcc-a8634463f843: found a subdirectory /home/runner/work/ozone/ozone/hadoop-ozone/integration-test/target/test-dir/MiniOzoneClusterImpl-1474a09c-6dad-4fc4-86e4-bad221540704/scmNode-1/scm-ha/1474a09c-6dad-4fc4-86e4-bad221540704
2024-09-18 12:54:27,908 [main] INFO  server.RaftServer (RaftServerProxy.java:addNew(101)) - 76f7b79d-b0f1-40ff-adcc-a8634463f843: addNew group-BAD221540704:[] returns group-BAD221540704:java.util.concurrent.CompletableFuture@2326180c[Not completed]
2024-09-18 12:54:27,911 [76f7b79d-b0f1-40ff-adcc-a8634463f843-groupManagement] INFO  server.RaftServer$Division (RaftServerImpl.java:<init>(253)) - 76f7b79d-b0f1-40ff-adcc-a8634463f843: new RaftServerImpl for group-BAD221540704:[] with SCMStateMachine:uninitialized
2024-09-18 12:54:27,912 [76f7b79d-b0f1-40ff-adcc-a8634463f843-groupManagement] INFO  server.RaftServerConfigKeys (ConfUtils.java:logGet(46)) - raft.server.rpc.timeout.min = 5000ms (custom)
2024-09-18 12:54:27,912 [76f7b79d-b0f1-40ff-adcc-a8634463f843-groupManagement] INFO  server.RaftServerConfigKeys (ConfUtils.java:logGet(46)) - raft.server.rpc.timeout.max = 5200ms (custom)
2024-09-18 12:54:27,913 [76f7b79d-b0f1-40ff-adcc-a8634463f843-groupManagement] INFO  server.RaftServerConfigKeys (ConfUtils.java:logGet(46)) - raft.server.rpc.sleep.time = 25ms (default)
2024-09-18 12:54:27,913 [76f7b79d-b0f1-40ff-adcc-a8634463f843-groupManagement] INFO  server.RaftServerConfigKeys (ConfUtils.java:logGet(46)) - raft.server.rpc.slowness.timeout = 120000ms (custom)
2024-09-18 12:54:27,914 [76f7b79d-b0f1-40ff-adcc-a8634463f843-groupManagement] INFO  server.RaftServerConfigKeys (ConfUtils.java:logGet(46)) - raft.server.leaderelection.leader.step-down.wait-time = 10s (default)
2024-09-18 12:54:27,914 [76f7b79d-b0f1-40ff-adcc-a8634463f843-groupManagement] INFO  server.RaftServerConfigKeys (ConfUtils.java:logGet(46)) - raft.server.leaderelection.member.majority-add = false (default)
2024-09-18 12:54:27,915 [76f7b79d-b0f1-40ff-adcc-a8634463f843-groupManagement] INFO  server.RaftServerConfigKeys (ConfUtils.java:logGet(46)) - raft.server.sleep.deviation.threshold = 300ms (default)
2024-09-18 12:54:27,915 [76f7b79d-b0f1-40ff-adcc-a8634463f843-groupManagement] INFO  server.RaftServer$Division (ServerState.java:<init>(114)) - 76f7b79d-b0f1-40ff-adcc-a8634463f843@group-BAD221540704: ConfigurationManager, init=conf: {index: -1, cur=peers:[]|listeners:[], old=null}, confs=<EMPTY_MAP>
2024-09-18 12:54:27,916 [76f7b79d-b0f1-40ff-adcc-a8634463f843-groupManagement] INFO  server.RaftServerConfigKeys (ConfUtils.java:logGet(46)) - raft.server.notification.no-leader.timeout = 60s (default)
2024-09-18 12:54:27,918 [76f7b79d-b0f1-40ff-adcc-a8634463f843-groupManagement] INFO  server.RaftServerConfigKeys (ConfUtils.java:logGet(46)) - raft.server.read.timeout = 10s (default)
2024-09-18 12:54:27,919 [76f7b79d-b0f1-40ff-adcc-a8634463f843-groupManagement] INFO  server.RaftServerConfigKeys (ConfUtils.java:logGet(46)) - raft.server.retrycache.expirytime = 60000ms (default)
2024-09-18 12:54:27,919 [76f7b79d-b0f1-40ff-adcc-a8634463f843-groupManagement] INFO  server.RaftServerConfigKeys (ConfUtils.java:logGet(46)) - raft.server.retrycache.statistics.expirytime = 100ms (default)
2024-09-18 12:54:27,920 [76f7b79d-b0f1-40ff-adcc-a8634463f843-groupManagement] INFO  server.RaftServerConfigKeys (ConfUtils.java:logGet(46)) - raft.server.read.option = DEFAULT (default)
2024-09-18 12:54:27,920 [76f7b79d-b0f1-40ff-adcc-a8634463f843-groupManagement] INFO  server.RaftServerConfigKeys (ConfUtils.java:logGet(46)) - raft.server.read.read-after-write-consistent.write-index-cache.expiry-time = 60s (default)
2024-09-18 12:54:27,939 [76f7b79d-b0f1-40ff-adcc-a8634463f843-groupManagement] INFO  server.RaftServerConfigKeys (ConfUtils.java:logGet(46)) - raft.server.rpc.request.timeout = 30000ms (custom)
2024-09-18 12:54:27,939 [76f7b79d-b0f1-40ff-adcc-a8634463f843-groupManagement] INFO  server.RaftServerConfigKeys (ConfUtils.java:logGet(46)) - raft.server.log.appender.install.snapshot.enabled = false (custom)
2024-09-18 12:54:27,940 [76f7b79d-b0f1-40ff-adcc-a8634463f843-groupManagement] INFO  server.RaftServerConfigKeys (ConfUtils.java:logGet(46)) - raft.server.threadpool.server.cached = true (default)
2024-09-18 12:54:27,940 [76f7b79d-b0f1-40ff-adcc-a8634463f843-groupManagement] INFO  server.RaftServerConfigKeys (ConfUtils.java:logGet(46)) - raft.server.threadpool.server.size = 0 (default)
2024-09-18 12:54:27,940 [76f7b79d-b0f1-40ff-adcc-a8634463f843-groupManagement] INFO  server.RaftServerConfigKeys (ConfUtils.java:logGet(46)) - raft.server.threadpool.client.cached = true (default)
2024-09-18 12:54:27,941 [76f7b79d-b0f1-40ff-adcc-a8634463f843-groupManagement] INFO  server.RaftServerConfigKeys (ConfUtils.java:logGet(46)) - raft.server.threadpool.client.size = 0 (default)
2024-09-18 12:54:27,942 [main] INFO  ha.SCMSnapshotProvider (SCMSnapshotProvider.java:<init>(66)) - Initializing SCM Snapshot Provider
2024-09-18 12:54:27,942 [main] WARN  server.ServerUtils (ServerUtils.java:getDefaultRatisDirectory(311)) - Storage directory for Ratis is not configured. It is a good idea to map this to an SSD disk. Falling back to ozone.metadata.dirs
2024-09-18 12:54:27,943 [main] WARN  ha.SCMHAUtils (SCMHAUtils.java:getSCMRatisSnapshotDirectory(158)) - SCM snapshot dir is not configured. Falling back to ozone.metadata.dirs config
2024-09-18 12:54:27,972 [main] INFO  upgrade.AbstractLayoutVersionManager (AbstractLayoutVersionManager.java:init(83)) - Initializing Layout version manager with metadata layout = HBASE_SUPPORT (version = 8), software layout = HBASE_SUPPORT (version = 8)
2024-09-18 12:54:28,009 [main] INFO  ha.SequenceIdGenerator (SequenceIdGenerator.java:upgradeToSequenceId(369)) - upgrade localId to 113750153625600000
2024-09-18 12:54:28,011 [main] INFO  ha.SequenceIdGenerator (SequenceIdGenerator.java:upgradeToSequenceId(379)) - upgrade delTxnId to 0
2024-09-18 12:54:28,017 [main] INFO  ha.SequenceIdGenerator (SequenceIdGenerator.java:upgradeToSequenceId(396)) - upgrade containerId to 0
2024-09-18 12:54:28,019 [main] INFO  ha.SequenceIdGenerator (SequenceIdGenerator.java:upgradeToCertificateSequenceId(433)) - upgrade CertificateId to 2
2024-09-18 12:54:28,021 [main] INFO  ha.SequenceIdGenerator (SequenceIdGenerator.java:<init>(240)) - Init the HA SequenceIdGenerator.
2024-09-18 12:54:28,066 [main] WARN  server.ServerUtils (ServerUtils.java:sanitizeUserArgs(79)) - ozone.scm.stale.node.interval value = 300000 is larger than max = 100000 based on the key value of ozone.scm.heartbeat.thread.interval, reset to the max value 100000.
2024-09-18 12:54:28,066 [main] WARN  server.ServerUtils (ServerUtils.java:sanitizeUserArgs(79)) - ozone.scm.stale.node.interval value = 300000 is larger than max = 100000 based on the key value of ozone.scm.heartbeat.thread.interval, reset to the max value 100000.
2024-09-18 12:54:28,070 [main] INFO  node.SCMNodeManager (SCMNodeManager.java:<init>(180)) - Entering startup safe mode.
2024-09-18 12:54:28,079 [main] INFO  algorithms.ContainerPlacementPolicyFactory (ContainerPlacementPolicyFactory.java:getPolicyInternal(86)) - Create container placement policy of type org.apache.hadoop.hdds.scm.container.placement.algorithms.SCMContainerPlacementRackAware
2024-09-18 12:54:28,080 [main] INFO  algorithms.ContainerPlacementPolicyFactory (ContainerPlacementPolicyFactory.java:getPolicyInternal(86)) - Create container placement policy of type org.apache.hadoop.hdds.scm.container.placement.algorithms.SCMContainerPlacementRackScatter
2024-09-18 12:54:28,086 [main] INFO  pipeline.PipelineStateManagerImpl (PipelineStateManagerImpl.java:initialize(78)) - No pipeline exists in current db
2024-09-18 12:54:28,096 [main] INFO  algorithms.LeaderChoosePolicyFactory (LeaderChoosePolicyFactory.java:getPolicy(57)) - Create leader choose policy of type org.apache.hadoop.hdds.scm.pipeline.leader.choose.algorithms.MinLeaderCountChoosePolicy
2024-09-18 12:54:28,096 [main] INFO  algorithms.ContainerPlacementPolicyFactory (ContainerPlacementPolicyFactory.java:getPolicyInternal(86)) - Create container placement policy of type org.apache.hadoop.hdds.scm.container.placement.algorithms.SCMContainerPlacementRackScatter
2024-09-18 12:54:28,100 [main] INFO  ha.SCMServiceManager (SCMServiceManager.java:register(42)) - Registering service BackgroundPipelineCreator.
2024-09-18 12:54:28,100 [main] INFO  pipeline.BackgroundPipelineCreator (BackgroundPipelineCreator.java:start(127)) - Starting scmNode-1-RatisPipelineUtilsThread.
2024-09-18 12:54:28,103 [main] INFO  BackgroundPipelineScrubber (BackgroundSCMService.java:start(65)) - Starting BackgroundPipelineScrubber Service.
2024-09-18 12:54:28,103 [main] INFO  ha.SCMServiceManager (SCMServiceManager.java:register(42)) - Registering service BackgroundPipelineScrubber.
2024-09-18 12:54:28,108 [main] INFO  ExpiredContainerReplicaOpScrubber (BackgroundSCMService.java:start(65)) - Starting ExpiredContainerReplicaOpScrubber Service.
2024-09-18 12:54:28,108 [main] INFO  ha.SCMServiceManager (SCMServiceManager.java:register(42)) - Registering service ExpiredContainerReplicaOpScrubber.
2024-09-18 12:54:28,126 [main] INFO  algorithms.PipelineChoosePolicyFactory (PipelineChoosePolicyFactory.java:createPipelineChoosePolicyFromClass(80)) - Create pipeline choose policy of type org.apache.hadoop.hdds.scm.pipeline.choose.algorithms.RandomPipelineChoosePolicy
2024-09-18 12:54:28,126 [main] INFO  algorithms.PipelineChoosePolicyFactory (PipelineChoosePolicyFactory.java:createPipelineChoosePolicyFromClass(80)) - Create pipeline choose policy of type org.apache.hadoop.hdds.scm.pipeline.choose.algorithms.RandomPipelineChoosePolicy
2024-09-18 12:54:28,147 [main] INFO  ha.SCMServiceManager (SCMServiceManager.java:register(42)) - Registering service SCMBlockDeletingService.
2024-09-18 12:54:28,193 [main] INFO  replication.ReplicationManager (ReplicationManager.java:start(296)) - Starting Replication Monitor Thread.
2024-09-18 12:54:28,194 [main] INFO  ha.SCMServiceManager (SCMServiceManager.java:register(42)) - Registering service ReplicationManager.
2024-09-18 12:54:28,201 [main] INFO  safemode.ContainerSafeModeRule (ContainerSafeModeRule.java:<init>(91)) - containers with one replica threshold count 0
2024-09-18 12:54:28,204 [main] INFO  safemode.HealthyPipelineSafeModeRule (HealthyPipelineSafeModeRule.java:initializeRule(176)) - Total pipeline count is 0, healthy pipeline threshold count is 1
2024-09-18 12:54:28,206 [main] INFO  safemode.OneReplicaPipelineSafeModeRule (OneReplicaPipelineSafeModeRule.java:initializeRule(193)) - Total pipeline count is 0, pipeline's with at least one datanode reported threshold count is 0
2024-09-18 12:54:28,243 [main] INFO  server.StorageContainerManager (StorageContainerManager.java:<init>(443)) - SCM start with adminUsers: [runner]
2024-09-18 12:54:28,438 [main] INFO  audit.AuditLogger (AuditLogger.java:refreshDebugCmdSet(135)) - Refresh DebugCmdSet for SCMAudit to [].
2024-09-18 12:54:28,465 [main] INFO  ipc.CallQueueManager (CallQueueManager.java:<init>(90)) - Using callQueue: class java.util.concurrent.LinkedBlockingQueue, queueCapacity: 10000, scheduler: class org.apache.hadoop.ipc.DefaultRpcScheduler, ipcBackoff: false.
2024-09-18 12:54:28,492 [main] INFO  ipc.Server (Server.java:<init>(1287)) - Listener at 0.0.0.0:15004
2024-09-18 12:54:28,493 [Socket Reader #1 for port 15004] INFO  ipc.Server (Server.java:run(1323)) - Starting Socket Reader #1 for port 15004
2024-09-18 12:54:28,493 [Socket Reader #2 for port 15004] INFO  ipc.Server (Server.java:run(1323)) - Starting Socket Reader #2 for port 15004
2024-09-18 12:54:28,497 [Socket Reader #3 for port 15004] INFO  ipc.Server (Server.java:run(1323)) - Starting Socket Reader #3 for port 15004
2024-09-18 12:54:28,499 [Socket Reader #4 for port 15004] INFO  ipc.Server (Server.java:run(1323)) - Starting Socket Reader #4 for port 15004
2024-09-18 12:54:28,501 [Socket Reader #5 for port 15004] INFO  ipc.Server (Server.java:run(1323)) - Starting Socket Reader #5 for port 15004
2024-09-18 12:54:28,504 [Socket Reader #6 for port 15004] INFO  ipc.Server (Server.java:run(1323)) - Starting Socket Reader #6 for port 15004
2024-09-18 12:54:28,505 [Socket Reader #7 for port 15004] INFO  ipc.Server (Server.java:run(1323)) - Starting Socket Reader #7 for port 15004
2024-09-18 12:54:28,506 [Socket Reader #8 for port 15004] INFO  ipc.Server (Server.java:run(1323)) - Starting Socket Reader #8 for port 15004
2024-09-18 12:54:28,506 [Socket Reader #9 for port 15004] INFO  ipc.Server (Server.java:run(1323)) - Starting Socket Reader #9 for port 15004
2024-09-18 12:54:28,506 [Socket Reader #10 for port 15004] INFO  ipc.Server (Server.java:run(1323)) - Starting Socket Reader #10 for port 15004
2024-09-18 12:54:28,555 [main] INFO  audit.AuditLogger (AuditLogger.java:refreshDebugCmdSet(135)) - Refresh DebugCmdSet for SCMAudit to [].
2024-09-18 12:54:28,560 [main] INFO  ipc.CallQueueManager (CallQueueManager.java:<init>(90)) - Using callQueue: class java.util.concurrent.LinkedBlockingQueue, queueCapacity: 10000, scheduler: class org.apache.hadoop.ipc.DefaultRpcScheduler, ipcBackoff: false.
2024-09-18 12:54:28,561 [main] INFO  ipc.Server (Server.java:<init>(1287)) - Listener at 0.0.0.0:15007
2024-09-18 12:54:28,562 [Socket Reader #1 for port 15007] INFO  ipc.Server (Server.java:run(1323)) - Starting Socket Reader #1 for port 15007
2024-09-18 12:54:28,562 [Socket Reader #2 for port 15007] INFO  ipc.Server (Server.java:run(1323)) - Starting Socket Reader #2 for port 15007
2024-09-18 12:54:28,562 [Socket Reader #3 for port 15007] INFO  ipc.Server (Server.java:run(1323)) - Starting Socket Reader #3 for port 15007
2024-09-18 12:54:28,565 [Socket Reader #4 for port 15007] INFO  ipc.Server (Server.java:run(1323)) - Starting Socket Reader #4 for port 15007
2024-09-18 12:54:28,565 [Socket Reader #5 for port 15007] INFO  ipc.Server (Server.java:run(1323)) - Starting Socket Reader #5 for port 15007
2024-09-18 12:54:28,566 [Socket Reader #7 for port 15007] INFO  ipc.Server (Server.java:run(1323)) - Starting Socket Reader #7 for port 15007
2024-09-18 12:54:28,566 [Socket Reader #6 for port 15007] INFO  ipc.Server (Server.java:run(1323)) - Starting Socket Reader #6 for port 15007
2024-09-18 12:54:28,568 [Socket Reader #8 for port 15007] INFO  ipc.Server (Server.java:run(1323)) - Starting Socket Reader #8 for port 15007
2024-09-18 12:54:28,568 [Socket Reader #9 for port 15007] INFO  ipc.Server (Server.java:run(1323)) - Starting Socket Reader #9 for port 15007
2024-09-18 12:54:28,570 [Socket Reader #10 for port 15007] INFO  ipc.Server (Server.java:run(1323)) - Starting Socket Reader #10 for port 15007
2024-09-18 12:54:28,602 [main] INFO  audit.AuditLogger (AuditLogger.java:refreshDebugCmdSet(135)) - Refresh DebugCmdSet for SCMAudit to [].
2024-09-18 12:54:28,611 [main] INFO  ipc.CallQueueManager (CallQueueManager.java:<init>(90)) - Using callQueue: class java.util.concurrent.LinkedBlockingQueue, queueCapacity: 10000, scheduler: class org.apache.hadoop.ipc.DefaultRpcScheduler, ipcBackoff: false.
2024-09-18 12:54:28,611 [main] INFO  ipc.Server (Server.java:<init>(1287)) - Listener at 0.0.0.0:15005
2024-09-18 12:54:28,612 [Socket Reader #1 for port 15005] INFO  ipc.Server (Server.java:run(1323)) - Starting Socket Reader #1 for port 15005
2024-09-18 12:54:28,613 [Socket Reader #2 for port 15005] INFO  ipc.Server (Server.java:run(1323)) - Starting Socket Reader #2 for port 15005
2024-09-18 12:54:28,613 [Socket Reader #4 for port 15005] INFO  ipc.Server (Server.java:run(1323)) - Starting Socket Reader #4 for port 15005
2024-09-18 12:54:28,614 [Socket Reader #3 for port 15005] INFO  ipc.Server (Server.java:run(1323)) - Starting Socket Reader #3 for port 15005
2024-09-18 12:54:28,614 [Socket Reader #5 for port 15005] INFO  ipc.Server (Server.java:run(1323)) - Starting Socket Reader #5 for port 15005
2024-09-18 12:54:28,617 [Socket Reader #7 for port 15005] INFO  ipc.Server (Server.java:run(1323)) - Starting Socket Reader #7 for port 15005
2024-09-18 12:54:28,617 [Socket Reader #6 for port 15005] INFO  ipc.Server (Server.java:run(1323)) - Starting Socket Reader #6 for port 15005
2024-09-18 12:54:28,621 [Socket Reader #9 for port 15005] INFO  ipc.Server (Server.java:run(1323)) - Starting Socket Reader #9 for port 15005
2024-09-18 12:54:28,621 [Socket Reader #8 for port 15005] INFO  ipc.Server (Server.java:run(1323)) - Starting Socket Reader #8 for port 15005
2024-09-18 12:54:28,623 [Socket Reader #10 for port 15005] INFO  ipc.Server (Server.java:run(1323)) - Starting Socket Reader #10 for port 15005
2024-09-18 12:54:28,673 [main] INFO  ha.SCMServiceManager (SCMServiceManager.java:register(42)) - Registering service ContainerBalancer.
2024-09-18 12:54:28,673 [main] INFO  ha.SCMContext (SCMContext.java:updateSafeModeStatus(225)) - Update SafeModeStatus from SafeModeStatus{safeModeStatus=true, preCheckPassed=false} to SafeModeStatus{safeModeStatus=true, preCheckPassed=false}.
2024-09-18 12:54:28,678 [main] INFO  server.StorageContainerManager (StorageContainerManager.java:start(1544)) - StorageContainerLocationProtocol RPC server is listening at /0.0.0.0:15005
2024-09-18 12:54:28,679 [main] INFO  ha.SCMRatisServerImpl (SCMRatisServerImpl.java:start(192)) - starting ratis server 0.0.0.0:15003
2024-09-18 12:54:28,679 [76f7b79d-b0f1-40ff-adcc-a8634463f843-impl-thread1] INFO  server.RaftServerConfigKeys (ConfUtils.java:logGet(46)) - raft.server.storage.free-space.min = 0MB (=0) (default)
2024-09-18 12:54:28,679 [76f7b79d-b0f1-40ff-adcc-a8634463f843-impl-thread1] INFO  server.RaftServerConfigKeys (ConfUtils.java:logGet(46)) - raft.server.log.corruption.policy = EXCEPTION (default)
2024-09-18 12:54:28,680 [76f7b79d-b0f1-40ff-adcc-a8634463f843-impl-thread1] INFO  server.RaftServerConfigKeys (ConfUtils.java:logGet(46)) - raft.server.storage.dir = [/home/runner/work/ozone/ozone/hadoop-ozone/integration-test/target/test-dir/MiniOzoneClusterImpl-1474a09c-6dad-4fc4-86e4-bad221540704/scmNode-1/scm-ha] (custom)
2024-09-18 12:54:28,682 [76f7b79d-b0f1-40ff-adcc-a8634463f843-impl-thread1] INFO  storage.RaftStorageDirectory (RaftStorageDirectoryImpl.java:tryLock(229)) - Lock on /home/runner/work/ozone/ozone/hadoop-ozone/integration-test/target/test-dir/MiniOzoneClusterImpl-1474a09c-6dad-4fc4-86e4-bad221540704/scmNode-1/scm-ha/1474a09c-6dad-4fc4-86e4-bad221540704/in_use.lock acquired by nodename 131606@fv-az1197-713
2024-09-18 12:54:28,683 [76f7b79d-b0f1-40ff-adcc-a8634463f843-impl-thread1] INFO  storage.RaftStorage (RaftStorageImpl.java:analyzeAndRecoverStorage(118)) - Read RaftStorageMetadata{term=1, votedFor=76f7b79d-b0f1-40ff-adcc-a8634463f843} from /home/runner/work/ozone/ozone/hadoop-ozone/integration-test/target/test-dir/MiniOzoneClusterImpl-1474a09c-6dad-4fc4-86e4-bad221540704/scmNode-1/scm-ha/1474a09c-6dad-4fc4-86e4-bad221540704/current/raft-meta
2024-09-18 12:54:28,685 [76f7b79d-b0f1-40ff-adcc-a8634463f843-impl-thread1] INFO  server.RaftServer$Division (ServerState.java:setRaftConf(386)) - 76f7b79d-b0f1-40ff-adcc-a8634463f843@group-BAD221540704: set configuration conf: {index: 0, cur=peers:[76f7b79d-b0f1-40ff-adcc-a8634463f843|localhost:15003]|listeners:[], old=null}
2024-09-18 12:54:28,686 [76f7b79d-b0f1-40ff-adcc-a8634463f843-impl-thread1] INFO  server.RaftServerConfigKeys (ConfUtils.java:logGet(46)) - raft.server.log.use.memory = false (default)
2024-09-18 12:54:28,686 [76f7b79d-b0f1-40ff-adcc-a8634463f843-impl-thread1] INFO  server.RaftServerConfigKeys (ConfUtils.java:logGet(46)) - raft.server.log.purge.gap = 1000000 (custom)
2024-09-18 12:54:28,686 [76f7b79d-b0f1-40ff-adcc-a8634463f843-impl-thread1] INFO  server.RaftServerConfigKeys (ConfUtils.java:logGet(46)) - raft.server.log.appender.buffer.byte-limit = 4194304 (custom)
2024-09-18 12:54:28,686 [76f7b79d-b0f1-40ff-adcc-a8634463f843-impl-thread1] INFO  server.RaftServerConfigKeys (ConfUtils.java:logGet(46)) - raft.server.log.statemachine.data.read.timeout = 1000ms (default)
2024-09-18 12:54:28,686 [76f7b79d-b0f1-40ff-adcc-a8634463f843-impl-thread1] INFO  server.RaftServerConfigKeys (ConfUtils.java:logGet(46)) - raft.server.log.purge.preservation.log.num = 0 (default)
2024-09-18 12:54:28,688 [76f7b79d-b0f1-40ff-adcc-a8634463f843-impl-thread1] INFO  server.RaftServerConfigKeys (ConfUtils.java:logGet(46)) - raft.server.log.segment.size.max = 4194304 (custom)
2024-09-18 12:54:28,689 [76f7b79d-b0f1-40ff-adcc-a8634463f843-impl-thread1] INFO  server.RaftServerConfigKeys (ConfUtils.java:logGet(46)) - raft.server.log.segment.cache.num.max = 2 (custom)
2024-09-18 12:54:28,689 [76f7b79d-b0f1-40ff-adcc-a8634463f843-impl-thread1] INFO  server.RaftServerConfigKeys (ConfUtils.java:logGet(46)) - raft.server.log.segment.cache.size.max = 200MB (=209715200) (default)
2024-09-18 12:54:28,689 [76f7b79d-b0f1-40ff-adcc-a8634463f843-impl-thread1] INFO  server.RaftServerConfigKeys (ConfUtils.java:logGet(46)) - raft.server.log.appender.buffer.byte-limit = 4194304 (custom)
2024-09-18 12:54:28,690 [76f7b79d-b0f1-40ff-adcc-a8634463f843-impl-thread1] INFO  util.AwaitToRun (AwaitToRun.java:start(81)) - Thread[76f7b79d-b0f1-40ff-adcc-a8634463f843@group-BAD221540704-cacheEviction-AwaitToRun,5,main] started
2024-09-18 12:54:28,690 [76f7b79d-b0f1-40ff-adcc-a8634463f843-impl-thread1] INFO  segmented.SegmentedRaftLogWorker (SegmentedRaftLogWorker.java:<init>(184)) - new 76f7b79d-b0f1-40ff-adcc-a8634463f843@group-BAD221540704-SegmentedRaftLogWorker for RaftStorageImpl:Storage Directory /home/runner/work/ozone/ozone/hadoop-ozone/integration-test/target/test-dir/MiniOzoneClusterImpl-1474a09c-6dad-4fc4-86e4-bad221540704/scmNode-1/scm-ha/1474a09c-6dad-4fc4-86e4-bad221540704
2024-09-18 12:54:28,690 [76f7b79d-b0f1-40ff-adcc-a8634463f843-impl-thread1] INFO  server.RaftServerConfigKeys (ConfUtils.java:logGet(46)) - raft.server.log.queue.byte-limit = 64MB (=67108864) (default)
2024-09-18 12:54:28,690 [76f7b79d-b0f1-40ff-adcc-a8634463f843-impl-thread1] INFO  server.RaftServerConfigKeys (ConfUtils.java:logGet(46)) - raft.server.log.queue.element-limit = 4096 (default)
2024-09-18 12:54:28,690 [76f7b79d-b0f1-40ff-adcc-a8634463f843-impl-thread1] INFO  server.RaftServerConfigKeys (ConfUtils.java:logGet(46)) - raft.server.log.segment.size.max = 4194304 (custom)
2024-09-18 12:54:28,690 [76f7b79d-b0f1-40ff-adcc-a8634463f843-impl-thread1] INFO  server.RaftServerConfigKeys (ConfUtils.java:logGet(46)) - raft.server.log.preallocated.size = 4194304 (custom)
2024-09-18 12:54:28,690 [76f7b79d-b0f1-40ff-adcc-a8634463f843-impl-thread1] INFO  server.RaftServerConfigKeys (ConfUtils.java:logGet(46)) - raft.server.log.force.sync.num = 128 (default)
2024-09-18 12:54:28,690 [76f7b79d-b0f1-40ff-adcc-a8634463f843-impl-thread1] INFO  server.RaftServerConfigKeys (ConfUtils.java:logGet(46)) - raft.server.log.statemachine.data.sync = true (default)
2024-09-18 12:54:28,691 [76f7b79d-b0f1-40ff-adcc-a8634463f843-impl-thread1] INFO  server.RaftServerConfigKeys (ConfUtils.java:logGet(46)) - raft.server.log.statemachine.data.sync.timeout = 10s (default)
2024-09-18 12:54:28,691 [76f7b79d-b0f1-40ff-adcc-a8634463f843-impl-thread1] INFO  server.RaftServerConfigKeys (ConfUtils.java:logGet(46)) - raft.server.log.statemachine.data.sync.timeout.retry = -1 (default)
2024-09-18 12:54:28,691 [76f7b79d-b0f1-40ff-adcc-a8634463f843-impl-thread1] INFO  server.RaftServerConfigKeys (ConfUtils.java:logGet(46)) - raft.server.log.write.buffer.size = 4194312 (custom)
2024-09-18 12:54:28,692 [76f7b79d-b0f1-40ff-adcc-a8634463f843-impl-thread1] INFO  server.RaftServerConfigKeys (ConfUtils.java:logGet(46)) - raft.server.log.appender.buffer.byte-limit = 4194304 (custom)
2024-09-18 12:54:28,692 [76f7b79d-b0f1-40ff-adcc-a8634463f843-impl-thread1] INFO  server.RaftServerConfigKeys (ConfUtils.java:logGet(46)) - raft.server.log.unsafe-flush.enabled = false (default)
2024-09-18 12:54:28,692 [76f7b79d-b0f1-40ff-adcc-a8634463f843-impl-thread1] INFO  server.RaftServerConfigKeys (ConfUtils.java:logGet(46)) - raft.server.log.async-flush.enabled = false (default)
2024-09-18 12:54:28,692 [76f7b79d-b0f1-40ff-adcc-a8634463f843-impl-thread1] INFO  server.RaftServerConfigKeys (ConfUtils.java:logGet(46)) - raft.server.log.statemachine.data.caching.enabled = false (default)
2024-09-18 12:54:28,697 [76f7b79d-b0f1-40ff-adcc-a8634463f843-impl-thread1] INFO  server.RaftServer$Division (ServerState.java:setRaftConf(386)) - 76f7b79d-b0f1-40ff-adcc-a8634463f843@group-BAD221540704: set configuration conf: {index: 0, cur=peers:[76f7b79d-b0f1-40ff-adcc-a8634463f843|localhost:15003]|listeners:[], old=null}
2024-09-18 12:54:28,698 [76f7b79d-b0f1-40ff-adcc-a8634463f843-impl-thread1] INFO  segmented.LogSegment (LogSegment.java:loadSegment(175)) - Successfully read 1 entries from segment file /home/runner/work/ozone/ozone/hadoop-ozone/integration-test/target/test-dir/MiniOzoneClusterImpl-1474a09c-6dad-4fc4-86e4-bad221540704/scmNode-1/scm-ha/1474a09c-6dad-4fc4-86e4-bad221540704/current/log_inprogress_0
2024-09-18 12:54:28,698 [76f7b79d-b0f1-40ff-adcc-a8634463f843-impl-thread1] INFO  segmented.SegmentedRaftLogWorker (SegmentedRaftLogWorker.java:lambda$new$0(135)) - 76f7b79d-b0f1-40ff-adcc-a8634463f843@group-BAD221540704-SegmentedRaftLogWorker: safeCacheEvictIndex: setUnconditionally 0 -> -1
2024-09-18 12:54:28,699 [76f7b79d-b0f1-40ff-adcc-a8634463f843-impl-thread1] INFO  segmented.BufferedWriteChannel (BufferedWriteChannel.java:open(61)) - open log_inprogress_0 (append) at position 76
2024-09-18 12:54:28,699 [76f7b79d-b0f1-40ff-adcc-a8634463f843-impl-thread1] INFO  server.RaftServer$Division (RaftServerImpl.java:start(389)) - 76f7b79d-b0f1-40ff-adcc-a8634463f843@group-BAD221540704: start as a follower, conf=conf: {index: 0, cur=peers:[76f7b79d-b0f1-40ff-adcc-a8634463f843|localhost:15003]|listeners:[], old=null}
2024-09-18 12:54:28,699 [76f7b79d-b0f1-40ff-adcc-a8634463f843-impl-thread1] INFO  server.RaftServer$Division (RaftServerImpl.java:setRole(376)) - 76f7b79d-b0f1-40ff-adcc-a8634463f843@group-BAD221540704: changes role from      null to FOLLOWER at term 1 for startAsFollower
2024-09-18 12:54:28,699 [76f7b79d-b0f1-40ff-adcc-a8634463f843-impl-thread1] INFO  impl.RoleInfo (RoleInfo.java:updateAndGet(148)) - 76f7b79d-b0f1-40ff-adcc-a8634463f843: start 76f7b79d-b0f1-40ff-adcc-a8634463f843@group-BAD221540704-FollowerState
2024-09-18 12:54:28,702 [76f7b79d-b0f1-40ff-adcc-a8634463f843-impl-thread1] INFO  util.JmxRegister (JmxRegister.java:tryRegister(44)) - Successfully registered JMX Bean with object name Ratis:service=RaftServer,group=group-BAD221540704,id=76f7b79d-b0f1-40ff-adcc-a8634463f843
2024-09-18 12:54:28,702 [76f7b79d-b0f1-40ff-adcc-a8634463f843-impl-thread1] INFO  util.JmxRegister (JmxRegister.java:register(58)) - register mxBean class org.apache.ratis.server.impl.RaftServerJmxAdapter as Ratis:service=RaftServer,group=group-BAD221540704,id=76f7b79d-b0f1-40ff-adcc-a8634463f843
2024-09-18 12:54:28,702 [76f7b79d-b0f1-40ff-adcc-a8634463f843-impl-thread1] INFO  server.RaftServerConfigKeys (ConfUtils.java:logGet(46)) - raft.server.snapshot.trigger-when-stop.enabled = true (default)
2024-09-18 12:54:28,702 [76f7b79d-b0f1-40ff-adcc-a8634463f843-impl-thread1] INFO  server.RaftServerConfigKeys (ConfUtils.java:logGet(46)) - raft.server.snapshot.trigger-when-remove.enabled = true (default)
2024-09-18 12:54:28,702 [76f7b79d-b0f1-40ff-adcc-a8634463f843-impl-thread1] INFO  server.RaftServerConfigKeys (ConfUtils.java:logGet(46)) - raft.server.snapshot.auto.trigger.enabled = true (custom)
2024-09-18 12:54:28,702 [76f7b79d-b0f1-40ff-adcc-a8634463f843-impl-thread1] INFO  server.RaftServerConfigKeys (ConfUtils.java:logGet(46)) - raft.server.snapshot.auto.trigger.threshold = 1000 (custom)
2024-09-18 12:54:28,702 [76f7b79d-b0f1-40ff-adcc-a8634463f843-impl-thread1] INFO  server.RaftServerConfigKeys (ConfUtils.java:logGet(46)) - raft.server.snapshot.retention.file.num = -1 (default)
2024-09-18 12:54:28,702 [76f7b79d-b0f1-40ff-adcc-a8634463f843-impl-thread1] INFO  server.RaftServerConfigKeys (ConfUtils.java:logGet(46)) - raft.server.log.purge.upto.snapshot.index = false (default)
2024-09-18 12:54:28,703 [main] INFO  server.RaftServer (RaftServerProxy.java:startImpl(408)) - 76f7b79d-b0f1-40ff-adcc-a8634463f843: start RPC server
2024-09-18 12:54:28,704 [main] INFO  server.GrpcService (GrpcService.java:startImpl(302)) - 76f7b79d-b0f1-40ff-adcc-a8634463f843: GrpcService started, listening on 15003
2024-09-18 12:54:28,705 [JvmPauseMonitor1] INFO  util.JvmPauseMonitor (JvmPauseMonitor.java:run(146)) - JvmPauseMonitor-76f7b79d-b0f1-40ff-adcc-a8634463f843: Started
2024-09-18 12:54:28,711 [main] INFO  ha.SCMHAManagerImpl (SCMHAManagerImpl.java:start(144)) -  scm role is FOLLOWER peers [76f7b79d-b0f1-40ff-adcc-a8634463f843|localhost:15003]
2024-09-18 12:54:28,711 [main] INFO  ha.InterSCMGrpcService (InterSCMGrpcProtocolService.java:start(99)) - Starting SCM Grpc Service at port 15006
2024-09-18 12:54:28,712 [76f7b79d-b0f1-40ff-adcc-a8634463f843@group-BAD221540704-FollowerState] INFO  server.RaftServerConfigKeys (ConfUtils.java:logFallback(53)) - raft.server.rpc.first-election.timeout.min = 5000ms (fallback to raft.server.rpc.timeout.min)
2024-09-18 12:54:28,712 [76f7b79d-b0f1-40ff-adcc-a8634463f843@group-BAD221540704-FollowerState] INFO  server.RaftServerConfigKeys (ConfUtils.java:logFallback(53)) - raft.server.rpc.first-election.timeout.max = 5200ms (fallback to raft.server.rpc.timeout.max)
2024-09-18 12:54:28,712 [main] INFO  SCMHATransactionMonitor (BackgroundSCMService.java:start(65)) - Starting SCMHATransactionMonitor Service.
2024-09-18 12:54:28,713 [main] INFO  ha.SCMServiceManager (SCMServiceManager.java:register(42)) - Registering service SCMHATransactionMonitor.
2024-09-18 12:54:28,714 [main] INFO  SCMHATransactionMonitor (BackgroundSCMService.java:start(62)) - SCMHATransactionMonitor Service is already running, skip start.
2024-09-18 12:54:28,763 [main] WARN  impl.MetricsConfig (MetricsConfig.java:loadFirst(136)) - Cannot locate configuration: tried hadoop-metrics2-storagecontainermanager.properties,hadoop-metrics2.properties
2024-09-18 12:54:28,771 [main] INFO  impl.MetricsSystemImpl (MetricsSystemImpl.java:startTimer(378)) - Scheduled Metric snapshot period at 10 second(s).
2024-09-18 12:54:28,771 [main] INFO  impl.MetricsSystemImpl (MetricsSystemImpl.java:start(191)) - StorageContainerManager metrics system started
2024-09-18 12:54:28,883 [main] INFO  server.SCMClientProtocolServer (SCMClientProtocolServer.java:start(213)) - RPC server for Client  is listening at /0.0.0.0:15005
2024-09-18 12:54:28,884 [IPC Server Responder] INFO  ipc.Server (Server.java:run(1562)) - IPC Server Responder: starting
2024-09-18 12:54:28,885 [IPC Server listener on 15005] INFO  ipc.Server (Server.java:run(1402)) - IPC Server listener on 15005: starting
2024-09-18 12:54:29,017 [main] INFO  server.StorageContainerManager (StorageContainerManager.java:start(1557)) - ScmBlockLocationProtocol RPC server is listening at /0.0.0.0:15007
2024-09-18 12:54:29,018 [main] INFO  server.SCMBlockProtocolServer (SCMBlockProtocolServer.java:start(172)) - RPC server for Block Protocol is listening at /0.0.0.0:15007
2024-09-18 12:54:29,020 [IPC Server Responder] INFO  ipc.Server (Server.java:run(1562)) - IPC Server Responder: starting
2024-09-18 12:54:29,021 [IPC Server listener on 15007] INFO  ipc.Server (Server.java:run(1402)) - IPC Server listener on 15007: starting
2024-09-18 12:54:29,069 [main] INFO  http.BaseHttpServer (BaseHttpServer.java:newHttpServer2BuilderForOzone(223)) - Starting Web-server for scm at: http://0.0.0.0:15000
2024-09-18 12:54:29,070 [main] INFO  http.BaseHttpServer (BaseHttpServer.java:<init>(110)) - Hadoop Security Enabled: false Ozone Security Enabled: false Ozone HTTP Security Enabled: false 
2024-09-18 12:54:29,090 [main] INFO  util.log (Log.java:initialized(170)) - Logging initialized @10307ms to org.eclipse.jetty.util.log.Slf4jLog
2024-09-18 12:54:29,169 [main] WARN  server.AuthenticationFilter (AuthenticationFilter.java:constructSecretProvider(240)) - Unable to initialize FileSignerSecretProvider, falling back to use random secrets. Reason: Could not read signature secret file: /home/runner/hadoop-http-auth-signature-secret
2024-09-18 12:54:29,175 [main] INFO  http.HttpRequestLog (HttpRequestLog.java:getRequestLog(86)) - Http request log for http.requests.scm is not defined
2024-09-18 12:54:29,180 [main] INFO  http.HttpServer2 (HttpServer2.java:addGlobalFilter(1035)) - Added global filter 'safety' (class=org.apache.hadoop.hdds.server.http.HttpServer2$QuotingInputFilter)
2024-09-18 12:54:29,183 [main] INFO  http.HttpServer2 (HttpServer2.java:addFilter(1011)) - Added filter static_user_filter (class=org.apache.hadoop.http.lib.StaticUserWebFilter$StaticUserFilter) to context scm
2024-09-18 12:54:29,184 [main] INFO  http.HttpServer2 (HttpServer2.java:addFilter(1019)) - Added filter static_user_filter (class=org.apache.hadoop.http.lib.StaticUserWebFilter$StaticUserFilter) to context static
2024-09-18 12:54:29,184 [main] INFO  http.HttpServer2 (HttpServer2.java:addFilter(1019)) - Added filter static_user_filter (class=org.apache.hadoop.http.lib.StaticUserWebFilter$StaticUserFilter) to context logs
2024-09-18 12:54:29,210 [main] INFO  http.BaseHttpServer (BaseHttpServer.java:<init>(189)) - HTTP server of scm uses base directory /home/runner/work/ozone/ozone/hadoop-ozone/integration-test/target/test-dir/MiniOzoneClusterImpl-1474a09c-6dad-4fc4-86e4-bad221540704/scmNode-1/webserver
2024-09-18 12:54:29,211 [main] INFO  http.HttpServer2 (HttpServer2.java:bindListener(1235)) - Jetty bound to port 15000
2024-09-18 12:54:29,213 [main] INFO  server.Server (Server.java:doStart(375)) - jetty-9.4.56.v20240826; built: 2024-08-26T17:15:05.868Z; git: ec6782ff5ead824dabdcf47fa98f90a4aedff401; jvm 17.0.12+7
2024-09-18 12:54:29,242 [main] INFO  server.session (DefaultSessionIdManager.java:doStart(334)) - DefaultSessionIdManager workerName=node0
2024-09-18 12:54:29,242 [main] INFO  server.session (DefaultSessionIdManager.java:doStart(339)) - No SessionScavenger set, using defaults
2024-09-18 12:54:29,243 [main] INFO  server.session (HouseKeeper.java:startScavenging(132)) - node0 Scavenging every 600000ms
2024-09-18 12:54:29,251 [main] INFO  handler.ContextHandler (ContextHandler.java:doStart(921)) - Started o.e.j.s.ServletContextHandler@57a0aeb8{logs,/logs,file:///home/runner/work/ozone/ozone/hadoop-ozone/integration-test/target/log,AVAILABLE}
2024-09-18 12:54:29,252 [main] INFO  handler.ContextHandler (ContextHandler.java:doStart(921)) - Started o.e.j.s.ServletContextHandler@2bf0bb93{static,/static,file:///home/runner/work/ozone/ozone/hadoop-ozone/integration-test/target/test-classes/webapps/static,AVAILABLE}
2024-09-18 12:54:29,286 [main] INFO  handler.ContextHandler (ContextHandler.java:doStart(921)) - Started o.e.j.w.WebAppContext@3c39c739{scm,/,file:///home/runner/work/ozone/ozone/hadoop-ozone/integration-test/target/test-classes/webapps/scm/,AVAILABLE}{file:/home/runner/work/ozone/ozone/hadoop-ozone/integration-test/target/test-classes/webapps/scm}
2024-09-18 12:54:29,291 [main] INFO  server.AbstractConnector (AbstractConnector.java:doStart(333)) - Started ServerConnector@7a57c5d9{HTTP/1.1, (http/1.1)}{0.0.0.0:15000}
2024-09-18 12:54:29,292 [main] INFO  server.Server (Server.java:doStart(415)) - Started @10509ms
2024-09-18 12:54:29,294 [main] INFO  impl.MetricsSinkAdapter (MetricsSinkAdapter.java:start(204)) - Sink prometheus started
2024-09-18 12:54:29,294 [main] INFO  impl.MetricsSystemImpl (MetricsSystemImpl.java:registerSink(305)) - Registered sink prometheus
2024-09-18 12:54:29,295 [main] INFO  http.BaseHttpServer (BaseHttpServer.java:updateConnectorAddress(354)) - HTTP server of scm listening at http://0.0.0.0:15000
2024-09-18 12:54:29,298 [main] INFO  db.CodecBuffer (CodecBuffer.java:set(63)) - Successfully set constructor to org.apache.hadoop.hdds.utils.db.CodecBuffer$$Lambda$1253/0x00007fb8b4666e00@18d63996
2024-09-18 12:54:30,132 [main] INFO  ozone.MiniOzoneHAClusterImpl (MiniOzoneHAClusterImpl.java:createSCMService(590)) - Started SCM RPC server at /0.0.0.0:15005
2024-09-18 12:54:30,390 [main] INFO  audit.AuditLogger (AuditLogger.java:refreshDebugCmdSet(135)) - Refresh DebugCmdSet for OMAudit to [].
2024-09-18 12:54:30,424 [main] INFO  audit.AuditLogger (AuditLogger.java:refreshDebugCmdSet(135)) - Refresh DebugCmdSet for OMSystemAudit to [].
2024-09-18 12:54:30,490 [main] INFO  ha.OMHANodeDetails (OMHANodeDetails.java:loadOMHAConfig(121)) - ServiceID for OzoneManager is om-add-remove
2024-09-18 12:54:30,499 [main] INFO  ha.OMHANodeDetails (OMHANodeDetails.java:loadOMHAConfig(201)) - Found matching OM address with OMServiceId: om-add-remove, OMNodeId: omNode-1, RPC Address: localhost:15012 and Ratis port: 15015
2024-09-18 12:54:30,499 [main] INFO  ha.OMHANodeDetails (ConfUtils.java:setNodeSpecificConfigs(97)) - Setting configuration key ozone.om.http-address with value of key ozone.om.http-address.om-add-remove.omNode-1: 127.0.0.1:15013
2024-09-18 12:54:30,499 [main] INFO  ha.OMHANodeDetails (ConfUtils.java:setNodeSpecificConfigs(97)) - Setting configuration key ozone.om.https-address with value of key ozone.om.https-address.om-add-remove.omNode-1: 127.0.0.1:15014
2024-09-18 12:54:30,500 [main] INFO  ha.OMHANodeDetails (ConfUtils.java:setNodeSpecificConfigs(97)) - Setting configuration key ozone.om.address with value of key ozone.om.address.om-add-remove.omNode-1: 127.0.0.1:15012
2024-09-18 12:54:30,503 [main] WARN  server.ServerUtils (ServerUtils.java:getDBPath(299)) - ozone.om.db.dirs is not configured. We recommend adding this setting. Falling back to ozone.metadata.dirs instead.
2024-09-18 12:54:30,525 [main] INFO  ha.SCMNodeInfo (SCMNodeInfo.java:getPort(197)) - ConfigKey ozone.scm.client.address is deprecated, For configuring different ports for each SCM use PortConfigKey ozone.scm.client.port appended with serviceId and nodeId
2024-09-18 12:54:30,526 [main] INFO  ha.SCMNodeInfo (SCMNodeInfo.java:getPort(197)) - ConfigKey ozone.scm.block.client.address is deprecated, For configuring different ports for each SCM use PortConfigKey ozone.scm.block.client.port appended with serviceId and nodeId
2024-09-18 12:54:30,526 [main] INFO  ha.SCMNodeInfo (SCMNodeInfo.java:getPort(197)) - ConfigKey ozone.scm.security.service.address is deprecated, For configuring different ports for each SCM use PortConfigKey ozone.scm.security.service.port appended with serviceId and nodeId
2024-09-18 12:54:30,527 [main] INFO  ha.SCMNodeInfo (SCMNodeInfo.java:getPort(197)) - ConfigKey ozone.scm.datanode.address is deprecated, For configuring different ports for each SCM use PortConfigKey ozone.scm.datanode.port appended with serviceId and nodeId
2024-09-18 12:54:30,528 [main] INFO  proxy.SCMBlockLocationFailoverProxyProvider (SCMBlockLocationFailoverProxyProvider.java:<init>(115)) - Created block location fail-over proxy with 1 nodes: [nodeId=scmNode-1,nodeAddress=/127.0.0.1:15007]
2024-09-18 12:54:32,803 [main] INFO  retry.RetryInvocationHandler (RetryInvocationHandler.java:log(422)) - com.google.protobuf.ServiceException: org.apache.hadoop.ipc.RemoteException(org.apache.hadoop.hdds.ratis.ServerNotLeaderException): Server:76f7b79d-b0f1-40ff-adcc-a8634463f843 is not the leader. Could not determine the leader node.
	at org.apache.hadoop.hdds.ratis.ServerNotLeaderException.convertToNotLeaderException(ServerNotLeaderException.java:105)
	at org.apache.hadoop.hdds.scm.ha.RatisUtil.checkRatisException(RatisUtil.java:248)
	at org.apache.hadoop.hdds.scm.protocol.ScmBlockLocationProtocolServerSideTranslatorPB.send(ScmBlockLocationProtocolServerSideTranslatorPB.java:111)
	at org.apache.hadoop.hdds.protocol.proto.ScmBlockLocationProtocolProtos$ScmBlockLocationProtocolService$2.callBlockingMethod(ScmBlockLocationProtocolProtos.java:15776)
	at org.apache.hadoop.ipc.ProtobufRpcEngine$Server.processCall(ProtobufRpcEngine.java:484)
	at org.apache.hadoop.ipc.ProtobufRpcEngine2$Server$ProtoBufRpcInvoker.call(ProtobufRpcEngine2.java:595)
	at org.apache.hadoop.ipc.ProtobufRpcEngine2$Server$ProtoBufRpcInvoker.call(ProtobufRpcEngine2.java:573)
	at org.apache.hadoop.ipc.RPC$Server.call(RPC.java:1227)
	at org.apache.hadoop.ipc.Server$RpcCall.run(Server.java:1094)
	at org.apache.hadoop.ipc.Server$RpcCall.run(Server.java:1017)
	at java.base/java.security.AccessController.doPrivileged(AccessController.java:712)
	at java.base/javax.security.auth.Subject.doAs(Subject.java:439)
	at org.apache.hadoop.security.UserGroupInformation.doAs(UserGroupInformation.java:1899)
	at org.apache.hadoop.ipc.Server$Handler.run(Server.java:3048)
, while invoking $Proxy105.send over nodeId=scmNode-1,nodeAddress=/127.0.0.1:15007 after 1 failover attempts. Trying to failover after sleeping for 2000ms. Current retry count: 1.
2024-09-18 12:54:33,753 [76f7b79d-b0f1-40ff-adcc-a8634463f843@group-BAD221540704-FollowerState] INFO  impl.FollowerState (FollowerState.java:run(144)) - 76f7b79d-b0f1-40ff-adcc-a8634463f843@group-BAD221540704-FollowerState: change to CANDIDATE, lastRpcElapsedTime:5054226448ns, electionTimeout:5041ms
2024-09-18 12:54:33,754 [76f7b79d-b0f1-40ff-adcc-a8634463f843@group-BAD221540704-FollowerState] INFO  impl.RoleInfo (RoleInfo.java:shutdownFollowerState(119)) - 76f7b79d-b0f1-40ff-adcc-a8634463f843: shutdown 76f7b79d-b0f1-40ff-adcc-a8634463f843@group-BAD221540704-FollowerState
2024-09-18 12:54:33,754 [76f7b79d-b0f1-40ff-adcc-a8634463f843@group-BAD221540704-FollowerState] INFO  server.RaftServer$Division (RaftServerImpl.java:setRole(376)) - 76f7b79d-b0f1-40ff-adcc-a8634463f843@group-BAD221540704: changes role from  FOLLOWER to CANDIDATE at term 1 for changeToCandidate
2024-09-18 12:54:33,754 [76f7b79d-b0f1-40ff-adcc-a8634463f843@group-BAD221540704-FollowerState] INFO  server.RaftServerConfigKeys (ConfUtils.java:logGet(46)) - raft.server.leaderelection.pre-vote = true (default)
2024-09-18 12:54:33,755 [76f7b79d-b0f1-40ff-adcc-a8634463f843@group-BAD221540704-FollowerState] INFO  impl.RoleInfo (RoleInfo.java:updateAndGet(148)) - 76f7b79d-b0f1-40ff-adcc-a8634463f843: start 76f7b79d-b0f1-40ff-adcc-a8634463f843@group-BAD221540704-LeaderElection2
2024-09-18 12:54:33,755 [76f7b79d-b0f1-40ff-adcc-a8634463f843@group-BAD221540704-LeaderElection2] INFO  impl.LeaderElection (LeaderElection.java:askForVotes(321)) - 76f7b79d-b0f1-40ff-adcc-a8634463f843@group-BAD221540704-LeaderElection2 PRE_VOTE round 0: submit vote requests at term 1 for conf: {index: 0, cur=peers:[76f7b79d-b0f1-40ff-adcc-a8634463f843|localhost:15003]|listeners:[], old=null}
2024-09-18 12:54:33,756 [76f7b79d-b0f1-40ff-adcc-a8634463f843@group-BAD221540704-LeaderElection2] INFO  impl.LeaderElection (LeaderElection.java:askForVotes(323)) - 76f7b79d-b0f1-40ff-adcc-a8634463f843@group-BAD221540704-LeaderElection2 PRE_VOTE round 0: result PASSED (term=1)
2024-09-18 12:54:33,759 [76f7b79d-b0f1-40ff-adcc-a8634463f843@group-BAD221540704-LeaderElection2] INFO  impl.LeaderElection (LeaderElection.java:askForVotes(321)) - 76f7b79d-b0f1-40ff-adcc-a8634463f843@group-BAD221540704-LeaderElection2 ELECTION round 0: submit vote requests at term 2 for conf: {index: 0, cur=peers:[76f7b79d-b0f1-40ff-adcc-a8634463f843|localhost:15003]|listeners:[], old=null}
2024-09-18 12:54:33,759 [76f7b79d-b0f1-40ff-adcc-a8634463f843@group-BAD221540704-LeaderElection2] INFO  impl.LeaderElection (LeaderElection.java:askForVotes(323)) - 76f7b79d-b0f1-40ff-adcc-a8634463f843@group-BAD221540704-LeaderElection2 ELECTION round 0: result PASSED (term=2)
2024-09-18 12:54:33,759 [76f7b79d-b0f1-40ff-adcc-a8634463f843@group-BAD221540704-LeaderElection2] INFO  impl.RoleInfo (RoleInfo.java:shutdownLeaderElection(139)) - 76f7b79d-b0f1-40ff-adcc-a8634463f843: shutdown 76f7b79d-b0f1-40ff-adcc-a8634463f843@group-BAD221540704-LeaderElection2
2024-09-18 12:54:33,761 [76f7b79d-b0f1-40ff-adcc-a8634463f843@group-BAD221540704-LeaderElection2] INFO  server.RaftServer$Division (RaftServerImpl.java:setRole(376)) - 76f7b79d-b0f1-40ff-adcc-a8634463f843@group-BAD221540704: changes role from CANDIDATE to LEADER at term 2 for changeToLeader
2024-09-18 12:54:33,761 [76f7b79d-b0f1-40ff-adcc-a8634463f843@group-BAD221540704-LeaderElection2] INFO  server.RaftServerConfigKeys (ConfUtils.java:logGet(46)) - raft.server.staging.catchup.gap = 1000 (default)
2024-09-18 12:54:33,762 [76f7b79d-b0f1-40ff-adcc-a8634463f843@group-BAD221540704-LeaderElection2] INFO  server.RaftServerConfigKeys (ConfUtils.java:logGet(46)) - raft.server.write.element-limit = 4096 (default)
2024-09-18 12:54:33,763 [76f7b79d-b0f1-40ff-adcc-a8634463f843@group-BAD221540704-LeaderElection2] INFO  server.RaftServerConfigKeys (ConfUtils.java:logGet(46)) - raft.server.write.byte-limit = 64MB (=67108864) (default)
2024-09-18 12:54:33,764 [76f7b79d-b0f1-40ff-adcc-a8634463f843@group-BAD221540704-LeaderElection2] INFO  server.RaftServerConfigKeys (ConfUtils.java:logGet(46)) - raft.server.watch.timeout = 10s (default)
2024-09-18 12:54:33,765 [76f7b79d-b0f1-40ff-adcc-a8634463f843@group-BAD221540704-LeaderElection2] INFO  server.RaftServerConfigKeys (ConfUtils.java:logGet(46)) - raft.server.watch.timeout.denomination = 1s (default)
2024-09-18 12:54:33,766 [76f7b79d-b0f1-40ff-adcc-a8634463f843@group-BAD221540704-LeaderElection2] INFO  server.RaftServerConfigKeys (ConfUtils.java:logGet(46)) - raft.server.watch.element-limit = 65536 (default)
2024-09-18 12:54:33,767 [76f7b79d-b0f1-40ff-adcc-a8634463f843@group-BAD221540704-LeaderElection2] INFO  server.RaftServerConfigKeys (ConfUtils.java:logGet(46)) - raft.server.read.leader.lease.enabled = false (default)
2024-09-18 12:54:33,768 [76f7b79d-b0f1-40ff-adcc-a8634463f843@group-BAD221540704-LeaderElection2] INFO  server.RaftServerConfigKeys (ConfUtils.java:logGet(46)) - raft.server.read.leader.lease.timeout.ratio = 0.9 (default)
2024-09-18 12:54:33,769 [76f7b79d-b0f1-40ff-adcc-a8634463f843@group-BAD221540704-LeaderElection2] INFO  server.RaftServerConfigKeys (ConfUtils.java:logGet(46)) - raft.server.rpc.timeout.min = 5000ms (custom)
2024-09-18 12:54:33,769 [76f7b79d-b0f1-40ff-adcc-a8634463f843@group-BAD221540704-LeaderElection2] INFO  server.RaftServerConfigKeys (ConfUtils.java:logGet(46)) - raft.server.log.log-metadata.enabled = true (default)
2024-09-18 12:54:33,770 [76f7b79d-b0f1-40ff-adcc-a8634463f843@group-BAD221540704-LeaderElection2] INFO  server.RaftServerConfigKeys (ConfUtils.java:logGet(46)) - raft.server.write.element-limit = 4096 (default)
2024-09-18 12:54:33,771 [76f7b79d-b0f1-40ff-adcc-a8634463f843@group-BAD221540704-LeaderElection2] INFO  server.RaftServerConfigKeys (ConfUtils.java:logGet(46)) - raft.server.write.follower.gap.ratio.max = -1.0 (default)
2024-09-18 12:54:33,771 [76f7b79d-b0f1-40ff-adcc-a8634463f843@group-BAD221540704-LeaderElection2] INFO  impl.RoleInfo (RoleInfo.java:updateAndGet(148)) - 76f7b79d-b0f1-40ff-adcc-a8634463f843: start 76f7b79d-b0f1-40ff-adcc-a8634463f843@group-BAD221540704-LeaderStateImpl
2024-09-18 12:54:33,772 [76f7b79d-b0f1-40ff-adcc-a8634463f843@group-BAD221540704-LeaderElection2] INFO  server.RaftServer$Division (RaftServerImpl.java:setFirstElection(549)) - 76f7b79d-b0f1-40ff-adcc-a8634463f843@group-BAD221540704: set firstElectionSinceStartup to false for becomeLeader
2024-09-18 12:54:33,772 [76f7b79d-b0f1-40ff-adcc-a8634463f843@group-BAD221540704-LeaderElection2] INFO  ha.SCMStateMachine (SCMStateMachine.java:notifyLeaderChanged(292)) - current SCM becomes leader of term 2.
2024-09-18 12:54:33,773 [76f7b79d-b0f1-40ff-adcc-a8634463f843@group-BAD221540704-LeaderElection2] INFO  ha.SCMContext (SCMContext.java:updateLeaderAndTerm(96)) - update <isLeader,term> from <false,0> to <true,2>
2024-09-18 12:54:33,777 [76f7b79d-b0f1-40ff-adcc-a8634463f843@group-BAD221540704-LeaderElection2] INFO  server.RaftServer$Division (ServerState.java:setLeader(272)) - 76f7b79d-b0f1-40ff-adcc-a8634463f843@group-BAD221540704: change Leader from null to 76f7b79d-b0f1-40ff-adcc-a8634463f843 at term 2 for becomeLeader, leader elected after 5856ms
2024-09-18 12:54:33,778 [76f7b79d-b0f1-40ff-adcc-a8634463f843@group-BAD221540704-LeaderElection2] INFO  segmented.SegmentedRaftLogWorker (SegmentedRaftLogWorker.java:rollLogSegment(438)) - 76f7b79d-b0f1-40ff-adcc-a8634463f843@group-BAD221540704-SegmentedRaftLogWorker: Rolling segment log-0_0 to index:0
2024-09-18 12:54:33,780 [76f7b79d-b0f1-40ff-adcc-a8634463f843@group-BAD221540704-LeaderElection2] INFO  server.RaftServer$Division (ServerState.java:setRaftConf(386)) - 76f7b79d-b0f1-40ff-adcc-a8634463f843@group-BAD221540704: set configuration conf: {index: 1, cur=peers:[76f7b79d-b0f1-40ff-adcc-a8634463f843|localhost:15003]|listeners:[], old=null}
2024-09-18 12:54:33,780 [76f7b79d-b0f1-40ff-adcc-a8634463f843@group-BAD221540704-SegmentedRaftLogWorker] INFO  segmented.SegmentedRaftLogWorker (SegmentedRaftLogWorker.java:execute(594)) - 76f7b79d-b0f1-40ff-adcc-a8634463f843@group-BAD221540704-SegmentedRaftLogWorker: Rolled log segment from /home/runner/work/ozone/ozone/hadoop-ozone/integration-test/target/test-dir/MiniOzoneClusterImpl-1474a09c-6dad-4fc4-86e4-bad221540704/scmNode-1/scm-ha/1474a09c-6dad-4fc4-86e4-bad221540704/current/log_inprogress_0 to /home/runner/work/ozone/ozone/hadoop-ozone/integration-test/target/test-dir/MiniOzoneClusterImpl-1474a09c-6dad-4fc4-86e4-bad221540704/scmNode-1/scm-ha/1474a09c-6dad-4fc4-86e4-bad221540704/current/log_0-0
2024-09-18 12:54:33,783 [76f7b79d-b0f1-40ff-adcc-a8634463f843@group-BAD221540704-SegmentedRaftLogWorker] INFO  segmented.BufferedWriteChannel (BufferedWriteChannel.java:open(61)) - open log_inprogress_1 at position 0
2024-09-18 12:54:33,798 [76f7b79d-b0f1-40ff-adcc-a8634463f843@group-BAD221540704-SegmentedRaftLogWorker] INFO  segmented.SegmentedRaftLogWorker (SegmentedRaftLogWorker.java:execute(637)) - 76f7b79d-b0f1-40ff-adcc-a8634463f843@group-BAD221540704-SegmentedRaftLogWorker: created new log segment /home/runner/work/ozone/ozone/hadoop-ozone/integration-test/target/test-dir/MiniOzoneClusterImpl-1474a09c-6dad-4fc4-86e4-bad221540704/scmNode-1/scm-ha/1474a09c-6dad-4fc4-86e4-bad221540704/current/log_inprogress_1
2024-09-18 12:54:33,803 [76f7b79d-b0f1-40ff-adcc-a8634463f843@group-BAD221540704-StateMachineUpdater] INFO  server.RaftServer$Division (LeaderStateImpl.java:checkStartIndex(316)) - Leader 76f7b79d-b0f1-40ff-adcc-a8634463f843@group-BAD221540704-LeaderStateImpl is ready since appliedIndex == startIndex == 1
2024-09-18 12:54:33,804 [76f7b79d-b0f1-40ff-adcc-a8634463f843@group-BAD221540704-StateMachineUpdater] INFO  ha.SCMContext (SCMContext.java:setLeaderReady(123)) - update <isLeaderReady> from <false> to <true>
2024-09-18 12:54:33,804 [76f7b79d-b0f1-40ff-adcc-a8634463f843@group-BAD221540704-StateMachineUpdater] INFO  pipeline.BackgroundPipelineCreator (BackgroundPipelineCreator.java:notifyStatusChanged(258)) - Service BackgroundPipelineCreator transitions to RUNNING.
2024-09-18 12:54:33,806 [76f7b79d-b0f1-40ff-adcc-a8634463f843@group-BAD221540704-StateMachineUpdater] INFO  safemode.HealthyPipelineSafeModeRule (HealthyPipelineSafeModeRule.java:initializeRule(172)) - Refreshed total pipeline count is 0, healthy pipeline threshold count is 1
2024-09-18 12:54:33,806 [76f7b79d-b0f1-40ff-adcc-a8634463f843@group-BAD221540704-StateMachineUpdater] INFO  safemode.ContainerSafeModeRule (ContainerSafeModeRule.java:reInitializeRule(191)) - Refreshed one replica container threshold 0, currentThreshold 0
2024-09-18 12:54:33,807 [76f7b79d-b0f1-40ff-adcc-a8634463f843@group-BAD221540704-StateMachineUpdater] INFO  safemode.OneReplicaPipelineSafeModeRule (OneReplicaPipelineSafeModeRule.java:initializeRule(189)) - Refreshed Total pipeline count is 0, pipeline's with at least one datanode reported threshold count is 0
2024-09-18 12:54:33,808 [76f7b79d-b0f1-40ff-adcc-a8634463f843@group-BAD221540704-StateMachineUpdater] INFO  server.SCMDatanodeProtocolServer (SCMDatanodeProtocolServer.java:start(199)) - ScmDatanodeProtocol RPC server for DataNodes is listening at /0.0.0.0:15004
2024-09-18 12:54:33,815 [IPC Server Responder] INFO  ipc.Server (Server.java:run(1562)) - IPC Server Responder: starting
2024-09-18 12:54:33,815 [IPC Server listener on 15004] INFO  ipc.Server (Server.java:run(1402)) - IPC Server listener on 15004: starting
OM initialization succeeded.Current cluster id for sd=/home/runner/work/ozone/ozone/hadoop-ozone/integration-test/target/test-dir/MiniOzoneClusterImpl-1474a09c-6dad-4fc4-86e4-bad221540704/omNode-1/om;cid=1474a09c-6dad-4fc4-86e4-bad221540704;layoutVersion=7
2024-09-18 12:54:34,850 [main] INFO  ha.OMHANodeDetails (OMHANodeDetails.java:loadOMHAConfig(121)) - ServiceID for OzoneManager is om-add-remove
2024-09-18 12:54:34,851 [main] INFO  ha.OMHANodeDetails (OMHANodeDetails.java:loadOMHAConfig(201)) - Found matching OM address with OMServiceId: om-add-remove, OMNodeId: omNode-1, RPC Address: localhost:15012 and Ratis port: 15015
2024-09-18 12:54:34,851 [main] INFO  ha.OMHANodeDetails (ConfUtils.java:setNodeSpecificConfigs(97)) - Setting configuration key ozone.om.http-address with value of key ozone.om.http-address.om-add-remove.omNode-1: 127.0.0.1:15013
2024-09-18 12:54:34,851 [main] INFO  ha.OMHANodeDetails (ConfUtils.java:setNodeSpecificConfigs(97)) - Setting configuration key ozone.om.https-address with value of key ozone.om.https-address.om-add-remove.omNode-1: 127.0.0.1:15014
2024-09-18 12:54:34,852 [main] INFO  ha.OMHANodeDetails (ConfUtils.java:setNodeSpecificConfigs(97)) - Setting configuration key ozone.om.address with value of key ozone.om.address.om-add-remove.omNode-1: 127.0.0.1:15012
2024-09-18 12:54:34,852 [main] WARN  server.ServerUtils (ServerUtils.java:getDBPath(299)) - ozone.om.db.dirs is not configured. We recommend adding this setting. Falling back to ozone.metadata.dirs instead.
2024-09-18 12:54:34,856 [main] INFO  upgrade.AbstractLayoutVersionManager (AbstractLayoutVersionManager.java:init(83)) - Initializing Layout version manager with metadata layout = HBASE_SUPPORT (version = 7), software layout = HBASE_SUPPORT (version = 7)
2024-09-18 12:54:35,152 [main] INFO  reflections.Reflections (Reflections.java:scan(219)) - Reflections took 294 ms to scan 2 urls, producing 188 keys and 552 values
2024-09-18 12:54:35,158 [main] INFO  upgrade.OMLayoutVersionManager (OMLayoutVersionManager.java:lambda$0(113)) - Skipping Upgrade Action QuotaRepairUpgradeAction since it has been finalized.
2024-09-18 12:54:35,160 [main] INFO  upgrade.OMLayoutVersionManager (OMLayoutVersionManager.java:lambda$0(113)) - Skipping Upgrade Action MockOmUpgradeAction since it has been finalized.
2024-09-18 12:54:35,163 [main] WARN  server.ServerUtils (ServerUtils.java:getDBPath(299)) - ozone.om.db.dirs is not configured. We recommend adding this setting. Falling back to ozone.metadata.dirs instead.
2024-09-18 12:54:35,170 [main] INFO  ha.SCMNodeInfo (SCMNodeInfo.java:getPort(197)) - ConfigKey ozone.scm.client.address is deprecated, For configuring different ports for each SCM use PortConfigKey ozone.scm.client.port appended with serviceId and nodeId
2024-09-18 12:54:35,171 [main] INFO  ha.SCMNodeInfo (SCMNodeInfo.java:getPort(197)) - ConfigKey ozone.scm.block.client.address is deprecated, For configuring different ports for each SCM use PortConfigKey ozone.scm.block.client.port appended with serviceId and nodeId
2024-09-18 12:54:35,171 [main] INFO  ha.SCMNodeInfo (SCMNodeInfo.java:getPort(197)) - ConfigKey ozone.scm.security.service.address is deprecated, For configuring different ports for each SCM use PortConfigKey ozone.scm.security.service.port appended with serviceId and nodeId
2024-09-18 12:54:35,172 [main] INFO  ha.SCMNodeInfo (SCMNodeInfo.java:getPort(197)) - ConfigKey ozone.scm.datanode.address is deprecated, For configuring different ports for each SCM use PortConfigKey ozone.scm.datanode.port appended with serviceId and nodeId
2024-09-18 12:54:35,290 [main] INFO  ha.SCMNodeInfo (SCMNodeInfo.java:getPort(197)) - ConfigKey ozone.scm.client.address is deprecated, For configuring different ports for each SCM use PortConfigKey ozone.scm.client.port appended with serviceId and nodeId
2024-09-18 12:54:35,291 [main] INFO  ha.SCMNodeInfo (SCMNodeInfo.java:getPort(197)) - ConfigKey ozone.scm.block.client.address is deprecated, For configuring different ports for each SCM use PortConfigKey ozone.scm.block.client.port appended with serviceId and nodeId
2024-09-18 12:54:35,292 [main] INFO  ha.SCMNodeInfo (SCMNodeInfo.java:getPort(197)) - ConfigKey ozone.scm.security.service.address is deprecated, For configuring different ports for each SCM use PortConfigKey ozone.scm.security.service.port appended with serviceId and nodeId
2024-09-18 12:54:35,292 [main] INFO  ha.SCMNodeInfo (SCMNodeInfo.java:getPort(197)) - ConfigKey ozone.scm.datanode.address is deprecated, For configuring different ports for each SCM use PortConfigKey ozone.scm.datanode.port appended with serviceId and nodeId
2024-09-18 12:54:35,293 [main] INFO  proxy.SCMBlockLocationFailoverProxyProvider (SCMBlockLocationFailoverProxyProvider.java:<init>(115)) - Created block location fail-over proxy with 1 nodes: [nodeId=scmNode-1,nodeAddress=/127.0.0.1:15007]
2024-09-18 12:54:35,306 [main] INFO  ha.SCMNodeInfo (SCMNodeInfo.java:getPort(197)) - ConfigKey ozone.scm.client.address is deprecated, For configuring different ports for each SCM use PortConfigKey ozone.scm.client.port appended with serviceId and nodeId
2024-09-18 12:54:35,306 [main] INFO  ha.SCMNodeInfo (SCMNodeInfo.java:getPort(197)) - ConfigKey ozone.scm.block.client.address is deprecated, For configuring different ports for each SCM use PortConfigKey ozone.scm.block.client.port appended with serviceId and nodeId
2024-09-18 12:54:35,306 [main] INFO  ha.SCMNodeInfo (SCMNodeInfo.java:getPort(197)) - ConfigKey ozone.scm.security.service.address is deprecated, For configuring different ports for each SCM use PortConfigKey ozone.scm.security.service.port appended with serviceId and nodeId
2024-09-18 12:54:35,306 [main] INFO  ha.SCMNodeInfo (SCMNodeInfo.java:getPort(197)) - ConfigKey ozone.scm.datanode.address is deprecated, For configuring different ports for each SCM use PortConfigKey ozone.scm.datanode.port appended with serviceId and nodeId
2024-09-18 12:54:35,307 [main] INFO  proxy.SCMBlockLocationFailoverProxyProvider (SCMBlockLocationFailoverProxyProvider.java:<init>(115)) - Created block location fail-over proxy with 1 nodes: [nodeId=scmNode-1,nodeAddress=/127.0.0.1:15007]
2024-09-18 12:54:35,343 [main] INFO  om.OzoneManager (OzoneManager.java:<init>(702)) - OM start with adminUsers: [runner]
2024-09-18 12:54:35,362 [main] WARN  server.ServerUtils (ServerUtils.java:getDBPath(299)) - ozone.om.db.dirs is not configured. We recommend adding this setting. Falling back to ozone.metadata.dirs instead.
2024-09-18 12:54:35,387 [main] INFO  helpers.OmKeyInfo (OmKeyInfo.java:getCodec(72)) - OmKeyInfo.getCodec ignorePipeline = true
2024-09-18 12:54:35,690 [main] INFO  om.OzoneManager (OzoneManager.java:instantiateServices(836)) - S3 Multi-Tenancy is disabled
2024-09-18 12:54:35,720 [main] INFO  om.OmSnapshotManager (OmSnapshotManager.java:<init>(182)) - Ozone filesystem snapshot feature is enabled.
2024-09-18 12:54:35,727 [main] WARN  server.ServerUtils (ServerUtils.java:getDBPath(299)) - ozone.om.snapshot.diff.db.dir is not configured. We recommend adding this setting. Falling back to ozone.metadata.dirs instead.
2024-09-18 12:54:35,795 [main] INFO  utils.NativeLibraryLoader (NativeLibraryLoader.java:loadLibrary(111)) - Loading Library: ozone_rocksdb_tools
2024-09-18 12:54:35,797 [main] ERROR snapshot.SnapshotDiffManager (SnapshotDiffManager.java:initNativeLibraryForEfficientDiff(287)) - Native Library for raw sst file reading loading failed.
org.apache.hadoop.hdds.utils.NativeLibraryNotLoadedException: Unable to load library ozone_rocksdb_tools from both java.library.path & resource file libozone_rocksdb_tools.so from jar.
	at org.apache.hadoop.hdds.utils.db.managed.ManagedRawSSTFileReader.loadLibrary(ManagedRawSSTFileReader.java:40)
	at org.apache.hadoop.ozone.om.snapshot.SnapshotDiffManager.initNativeLibraryForEfficientDiff(SnapshotDiffManager.java:285)
	at org.apache.hadoop.ozone.om.snapshot.SnapshotDiffManager.<init>(SnapshotDiffManager.java:259)
	at org.apache.hadoop.ozone.om.OmSnapshotManager.<init>(OmSnapshotManager.java:289)
	at org.apache.hadoop.ozone.om.OzoneManager.instantiateServices(OzoneManager.java:888)
	at org.apache.hadoop.ozone.om.OzoneManager.<init>(OzoneManager.java:712)
	at org.apache.hadoop.ozone.om.OzoneManager.createOm(OzoneManager.java:799)
	at org.apache.hadoop.ozone.MiniOzoneHAClusterImpl$Builder.createOMService(MiniOzoneHAClusterImpl.java:510)
	at org.apache.hadoop.ozone.MiniOzoneHAClusterImpl$Builder.build(MiniOzoneHAClusterImpl.java:425)
	at org.apache.hadoop.ozone.om.TestAddRemoveOzoneManager.setupCluster(TestAddRemoveOzoneManager.java:101)
	at org.apache.hadoop.ozone.om.TestAddRemoveOzoneManager.testBootstrapWithoutConfigUpdate(TestAddRemoveOzoneManager.java:229)
	at java.base/jdk.internal.reflect.NativeMethodAccessorImpl.invoke0(Native Method)
	at java.base/jdk.internal.reflect.NativeMethodAccessorImpl.invoke(NativeMethodAccessorImpl.java:77)
	at java.base/jdk.internal.reflect.DelegatingMethodAccessorImpl.invoke(DelegatingMethodAccessorImpl.java:43)
	at java.base/java.lang.reflect.Method.invoke(Method.java:569)
	at org.junit.platform.commons.util.ReflectionUtils.invokeMethod(ReflectionUtils.java:728)
	at org.junit.jupiter.engine.execution.MethodInvocation.proceed(MethodInvocation.java:60)
	at org.junit.jupiter.engine.execution.InvocationInterceptorChain$ValidatingInvocation.proceed(InvocationInterceptorChain.java:131)
	at org.junit.jupiter.engine.extension.SameThreadTimeoutInvocation.proceed(SameThreadTimeoutInvocation.java:45)
	at org.junit.jupiter.engine.extension.TimeoutExtension.intercept(TimeoutExtension.java:156)
	at org.junit.jupiter.engine.extension.TimeoutExtension.interceptTestableMethod(TimeoutExtension.java:147)
	at org.junit.jupiter.engine.extension.TimeoutExtension.interceptTestMethod(TimeoutExtension.java:86)
	at org.junit.jupiter.engine.execution.InterceptingExecutableInvoker$ReflectiveInterceptorCall.lambda$ofVoidMethod$0(InterceptingExecutableInvoker.java:103)
	at org.junit.jupiter.engine.execution.InterceptingExecutableInvoker.lambda$invoke$0(InterceptingExecutableInvoker.java:93)
	at org.junit.jupiter.engine.execution.InvocationInterceptorChain$InterceptedInvocation.proceed(InvocationInterceptorChain.java:106)
	at org.junit.jupiter.engine.execution.InvocationInterceptorChain.proceed(InvocationInterceptorChain.java:64)
	at org.junit.jupiter.engine.execution.InvocationInterceptorChain.chainAndInvoke(InvocationInterceptorChain.java:45)
	at org.junit.jupiter.engine.execution.InvocationInterceptorChain.invoke(InvocationInterceptorChain.java:37)
	at org.junit.jupiter.engine.execution.InterceptingExecutableInvoker.invoke(InterceptingExecutableInvoker.java:92)
	at org.junit.jupiter.engine.execution.InterceptingExecutableInvoker.invoke(InterceptingExecutableInvoker.java:86)
	at org.junit.jupiter.engine.descriptor.TestMethodTestDescriptor.lambda$invokeTestMethod$7(TestMethodTestDescriptor.java:218)
	at org.junit.platform.engine.support.hierarchical.ThrowableCollector.execute(ThrowableCollector.java:73)
	at org.junit.jupiter.engine.descriptor.TestMethodTestDescriptor.invokeTestMethod(TestMethodTestDescriptor.java:214)
	at org.junit.jupiter.engine.descriptor.TestMethodTestDescriptor.execute(TestMethodTestDescriptor.java:139)
	at org.junit.jupiter.engine.descriptor.TestMethodTestDescriptor.execute(TestMethodTestDescriptor.java:69)
	at org.junit.platform.engine.support.hierarchical.NodeTestTask.lambda$executeRecursively$6(NodeTestTask.java:151)
	at org.junit.platform.engine.support.hierarchical.ThrowableCollector.execute(ThrowableCollector.java:73)
	at org.junit.platform.engine.support.hierarchical.NodeTestTask.lambda$executeRecursively$8(NodeTestTask.java:141)
	at org.junit.platform.engine.support.hierarchical.Node.around(Node.java:137)
	at org.junit.platform.engine.support.hierarchical.NodeTestTask.lambda$executeRecursively$9(NodeTestTask.java:139)
	at org.junit.platform.engine.support.hierarchical.ThrowableCollector.execute(ThrowableCollector.java:73)
	at org.junit.platform.engine.support.hierarchical.NodeTestTask.executeRecursively(NodeTestTask.java:138)
	at org.junit.platform.engine.support.hierarchical.NodeTestTask.execute(NodeTestTask.java:95)
	at java.base/java.util.ArrayList.forEach(ArrayList.java:1511)
	at org.junit.platform.engine.support.hierarchical.SameThreadHierarchicalTestExecutorService.invokeAll(SameThreadHierarchicalTestExecutorService.java:41)
	at org.junit.platform.engine.support.hierarchical.NodeTestTask.lambda$executeRecursively$6(NodeTestTask.java:155)
	at org.junit.platform.engine.support.hierarchical.ThrowableCollector.execute(ThrowableCollector.java:73)
	at org.junit.platform.engine.support.hierarchical.NodeTestTask.lambda$executeRecursively$8(NodeTestTask.java:141)
	at org.junit.platform.engine.support.hierarchical.Node.around(Node.java:137)
	at org.junit.platform.engine.support.hierarchical.NodeTestTask.lambda$executeRecursively$9(NodeTestTask.java:139)
	at org.junit.platform.engine.support.hierarchical.ThrowableCollector.execute(ThrowableCollector.java:73)
	at org.junit.platform.engine.support.hierarchical.NodeTestTask.executeRecursively(NodeTestTask.java:138)
	at org.junit.platform.engine.support.hierarchical.NodeTestTask.execute(NodeTestTask.java:95)
	at java.base/java.util.ArrayList.forEach(ArrayList.java:1511)
	at org.junit.platform.engine.support.hierarchical.SameThreadHierarchicalTestExecutorService.invokeAll(SameThreadHierarchicalTestExecutorService.java:41)
	at org.junit.platform.engine.support.hierarchical.NodeTestTask.lambda$executeRecursively$6(NodeTestTask.java:155)
	at org.junit.platform.engine.support.hierarchical.ThrowableCollector.execute(ThrowableCollector.java:73)
	at org.junit.platform.engine.support.hierarchical.NodeTestTask.lambda$executeRecursively$8(NodeTestTask.java:141)
	at org.junit.platform.engine.support.hierarchical.Node.around(Node.java:137)
	at org.junit.platform.engine.support.hierarchical.NodeTestTask.lambda$executeRecursively$9(NodeTestTask.java:139)
	at org.junit.platform.engine.support.hierarchical.ThrowableCollector.execute(ThrowableCollector.java:73)
	at org.junit.platform.engine.support.hierarchical.NodeTestTask.executeRecursively(NodeTestTask.java:138)
	at org.junit.platform.engine.support.hierarchical.NodeTestTask.execute(NodeTestTask.java:95)
	at org.junit.platform.engine.support.hierarchical.SameThreadHierarchicalTestExecutorService.submit(SameThreadHierarchicalTestExecutorService.java:35)
	at org.junit.platform.engine.support.hierarchical.HierarchicalTestExecutor.execute(HierarchicalTestExecutor.java:57)
	at org.junit.platform.engine.support.hierarchical.HierarchicalTestEngine.execute(HierarchicalTestEngine.java:54)
	at org.junit.platform.launcher.core.EngineExecutionOrchestrator.execute(EngineExecutionOrchestrator.java:198)
	at org.junit.platform.launcher.core.EngineExecutionOrchestrator.execute(EngineExecutionOrchestrator.java:169)
	at org.junit.platform.launcher.core.EngineExecutionOrchestrator.execute(EngineExecutionOrchestrator.java:93)
	at org.junit.platform.launcher.core.EngineExecutionOrchestrator.lambda$execute$0(EngineExecutionOrchestrator.java:58)
	at org.junit.platform.launcher.core.EngineExecutionOrchestrator.withInterceptedStreams(EngineExecutionOrchestrator.java:141)
	at org.junit.platform.launcher.core.EngineExecutionOrchestrator.execute(EngineExecutionOrchestrator.java:57)
	at org.junit.platform.launcher.core.DefaultLauncher.execute(DefaultLauncher.java:103)
	at org.junit.platform.launcher.core.DefaultLauncher.execute(DefaultLauncher.java:85)
	at org.junit.platform.launcher.core.DelegatingLauncher.execute(DelegatingLauncher.java:47)
	at org.junit.platform.launcher.core.SessionPerRequestLauncher.execute(SessionPerRequestLauncher.java:63)
	at org.apache.maven.surefire.junitplatform.JUnitPlatformProvider.invokeAllTests(JUnitPlatformProvider.java:154)
	at org.apache.maven.surefire.junitplatform.JUnitPlatformProvider.invoke(JUnitPlatformProvider.java:123)
	at org.apache.maven.surefire.booter.ForkedBooter.runSuitesInProcess(ForkedBooter.java:377)
	at org.apache.maven.surefire.booter.ForkedBooter.execute(ForkedBooter.java:138)
	at org.apache.maven.surefire.booter.ForkedBooter.run(ForkedBooter.java:465)
	at org.apache.maven.surefire.booter.ForkedBooter.main(ForkedBooter.java:451)
2024-09-18 12:54:35,849 [main] INFO  om.OzoneManager (OzoneManager.java:addS3GVolumeToDB(4557)) - Created Volume s3v With Owner runner required for S3Gateway operations.
2024-09-18 12:54:35,897 [main] WARN  server.ServerUtils (ServerUtils.java:getDefaultRatisDirectory(311)) - Storage directory for Ratis is not configured. It is a good idea to map this to an SSD disk. Falling back to ozone.metadata.dirs
2024-09-18 12:54:35,897 [main] WARN  utils.OzoneManagerRatisUtils (OzoneManagerRatisUtils.java:getOMRatisSnapshotDirectory(481)) - ozone.om.ratis.snapshot.dir is not configured. Falling back to ozone.metadata.dirs config
2024-09-18 12:54:35,899 [main] WARN  dropwizard3.Dm3MetricRegistriesImpl (Dm3MetricRegistriesImpl.java:addReporterRegistration(114)) - New reporters are added after registries were created. Some metrics will be missing from the reporter. Please add reporter before adding any new registry.
2024-09-18 12:54:35,899 [main] WARN  dropwizard3.Dm3MetricRegistriesImpl (Dm3MetricRegistriesImpl.java:addReporterRegistration(114)) - New reporters are added after registries were created. Some metrics will be missing from the reporter. Please add reporter before adding any new registry.
2024-09-18 12:54:35,900 [main] WARN  server.ServerUtils (ServerUtils.java:getDefaultRatisDirectory(311)) - Storage directory for Ratis is not configured. It is a good idea to map this to an SSD disk. Falling back to ozone.metadata.dirs
2024-09-18 12:54:35,901 [main] INFO  server.RaftServerConfigKeys (ConfUtils.java:logGet(46)) - raft.server.log.appender.buffer.byte-limit = 4194304 (custom)
2024-09-18 12:54:35,904 [main] INFO  ratis.OzoneManagerRatisServer (OzoneManagerRatisServer.java:<init>(169)) - Instantiating OM Ratis server with groupID: om-add-remove and peers: localhost:15015
2024-09-18 12:54:35,909 [main] INFO  ratis.OzoneManagerStateMachine (OzoneManagerStateMachine.java:loadSnapshotInfoFromDB(593)) - TransactionInfo not found in OM DB.
2024-09-18 12:54:35,948 [main] INFO  server.RaftServer (ConfUtils.java:logGet(46)) - raft.rpc.type = GRPC (default)
2024-09-18 12:54:35,949 [main] INFO  grpc.GrpcConfigKeys (ConfUtils.java:logFallback(53)) - raft.grpc.admin.host = null (fallback to raft.grpc.server.host)
2024-09-18 12:54:35,949 [main] INFO  grpc.GrpcConfigKeys (ConfUtils.java:logFallback(53)) - raft.grpc.admin.port = 15015 (fallback to raft.grpc.server.port)
2024-09-18 12:54:35,949 [main] INFO  grpc.GrpcConfigKeys (ConfUtils.java:logFallback(53)) - raft.grpc.client.host = null (fallback to raft.grpc.server.host)
2024-09-18 12:54:35,949 [main] INFO  grpc.GrpcConfigKeys (ConfUtils.java:logFallback(53)) - raft.grpc.client.port = 15015 (fallback to raft.grpc.server.port)
2024-09-18 12:54:35,949 [main] INFO  grpc.GrpcConfigKeys (ConfUtils.java:logGet(46)) - raft.grpc.server.host = null (default)
2024-09-18 12:54:35,950 [main] INFO  grpc.GrpcConfigKeys (ConfUtils.java:logGet(46)) - raft.grpc.server.port = 15015 (custom)
2024-09-18 12:54:35,950 [main] INFO  server.GrpcService (ConfUtils.java:logGet(46)) - raft.grpc.message.size.max = 5242880 (custom)
2024-09-18 12:54:35,950 [main] INFO  server.RaftServerConfigKeys (ConfUtils.java:logGet(46)) - raft.server.log.appender.buffer.byte-limit = 4194304 (custom)
2024-09-18 12:54:35,950 [main] INFO  server.GrpcService (ConfUtils.java:logGet(46)) - raft.grpc.flow.control.window = 1MB (=1048576) (default)
2024-09-18 12:54:35,951 [main] INFO  server.RaftServerConfigKeys (ConfUtils.java:logGet(46)) - raft.server.rpc.request.timeout = 3000ms (default)
2024-09-18 12:54:35,951 [main] INFO  grpc.GrpcConfigKeys (ConfUtils.java:logGet(46)) - raft.grpc.server.heartbeat.channel = true (default)
2024-09-18 12:54:35,951 [main] INFO  grpc.GrpcConfigKeys (ConfUtils.java:logGet(46)) - raft.grpc.server.async.request.thread.pool.cached = true (default)
2024-09-18 12:54:35,951 [main] INFO  grpc.GrpcConfigKeys (ConfUtils.java:logGet(46)) - raft.grpc.server.async.request.thread.pool.size = 32 (default)
2024-09-18 12:54:35,952 [main] INFO  impl.DataStreamServerImpl (ConfUtils.java:logGet(46)) - raft.datastream.type = DISABLED (default)
2024-09-18 12:54:35,953 [main] INFO  server.RaftServerConfigKeys (ConfUtils.java:logGet(46)) - raft.server.sleep.deviation.threshold = 300ms (default)
2024-09-18 12:54:35,953 [main] INFO  server.RaftServerConfigKeys (ConfUtils.java:logGet(46)) - raft.server.close.threshold = 60s (default)
2024-09-18 12:54:35,953 [main] INFO  server.RaftServerConfigKeys (ConfUtils.java:logGet(46)) - raft.server.leaderelection.leader.step-down.wait-time = 10s (default)
2024-09-18 12:54:35,954 [main] INFO  server.RaftServerConfigKeys (ConfUtils.java:logGet(46)) - raft.server.storage.dir = [/home/runner/work/ozone/ozone/hadoop-ozone/integration-test/target/test-dir/MiniOzoneClusterImpl-1474a09c-6dad-4fc4-86e4-bad221540704/omNode-1/ratis] (custom)
2024-09-18 12:54:35,954 [main] INFO  server.RaftServerConfigKeys (ConfUtils.java:logGet(46)) - raft.server.threadpool.proxy.cached = true (default)
2024-09-18 12:54:35,954 [main] INFO  server.RaftServerConfigKeys (ConfUtils.java:logGet(46)) - raft.server.threadpool.proxy.size = 0 (default)
2024-09-18 12:54:35,961 [main] INFO  server.RaftServer (RaftServerProxy.java:addNew(101)) - omNode-1: addNew group-0AAC5367B30E:[omNode-1|localhost:15015] returns group-0AAC5367B30E:java.util.concurrent.CompletableFuture@1f4863e0[Not completed]
2024-09-18 12:54:35,961 [omNode-1-groupManagement] INFO  server.RaftServer$Division (RaftServerImpl.java:<init>(253)) - omNode-1: new RaftServerImpl for group-0AAC5367B30E:[omNode-1|localhost:15015] with OzoneManagerStateMachine:uninitialized
2024-09-18 12:54:35,962 [omNode-1-groupManagement] INFO  server.RaftServerConfigKeys (ConfUtils.java:logGet(46)) - raft.server.rpc.timeout.min = 1s (custom)
2024-09-18 12:54:35,962 [omNode-1-groupManagement] INFO  server.RaftServerConfigKeys (ConfUtils.java:logGet(46)) - raft.server.rpc.timeout.max = 1200ms (custom)
2024-09-18 12:54:35,962 [omNode-1-groupManagement] INFO  server.RaftServerConfigKeys (ConfUtils.java:logGet(46)) - raft.server.rpc.sleep.time = 25ms (default)
2024-09-18 12:54:35,962 [omNode-1-groupManagement] INFO  server.RaftServerConfigKeys (ConfUtils.java:logGet(46)) - raft.server.rpc.slowness.timeout = 2s (custom)
2024-09-18 12:54:35,963 [omNode-1-groupManagement] INFO  server.RaftServerConfigKeys (ConfUtils.java:logGet(46)) - raft.server.leaderelection.leader.step-down.wait-time = 10s (default)
2024-09-18 12:54:35,963 [omNode-1-groupManagement] INFO  server.RaftServerConfigKeys (ConfUtils.java:logGet(46)) - raft.server.leaderelection.member.majority-add = false (default)
2024-09-18 12:54:35,963 [omNode-1-groupManagement] INFO  server.RaftServerConfigKeys (ConfUtils.java:logGet(46)) - raft.server.sleep.deviation.threshold = 300ms (default)
2024-09-18 12:54:35,963 [omNode-1-groupManagement] INFO  server.RaftServer$Division (ServerState.java:<init>(114)) - omNode-1@group-0AAC5367B30E: ConfigurationManager, init=conf: {index: -1, cur=peers:[omNode-1|localhost:15015]|listeners:[], old=null}, confs=<EMPTY_MAP>
2024-09-18 12:54:35,963 [omNode-1-groupManagement] INFO  server.RaftServerConfigKeys (ConfUtils.java:logGet(46)) - raft.server.notification.no-leader.timeout = 2s (custom)
2024-09-18 12:54:35,963 [omNode-1-groupManagement] INFO  server.RaftServerConfigKeys (ConfUtils.java:logGet(46)) - raft.server.read.timeout = 10s (default)
2024-09-18 12:54:35,964 [omNode-1-groupManagement] INFO  server.RaftServerConfigKeys (ConfUtils.java:logGet(46)) - raft.server.retrycache.expirytime = 300s (custom)
2024-09-18 12:54:35,964 [omNode-1-groupManagement] INFO  server.RaftServerConfigKeys (ConfUtils.java:logGet(46)) - raft.server.retrycache.statistics.expirytime = 100ms (default)
2024-09-18 12:54:35,964 [omNode-1-groupManagement] INFO  server.RaftServerConfigKeys (ConfUtils.java:logGet(46)) - raft.server.read.option = DEFAULT (default)
2024-09-18 12:54:35,964 [omNode-1-groupManagement] INFO  server.RaftServerConfigKeys (ConfUtils.java:logGet(46)) - raft.server.read.read-after-write-consistent.write-index-cache.expiry-time = 60s (default)
2024-09-18 12:54:35,962 [main] INFO  om.OzoneManager (OzoneManager.java:initializeRatisServer(2205)) - OzoneManager Ratis server initialized at port 15015
2024-09-18 12:54:35,968 [main] INFO  om.OzoneManager (OzoneManager.java:getRpcServer(1252)) - Creating RPC Server
2024-09-18 12:54:35,988 [omNode-1-groupManagement] INFO  server.RaftServerConfigKeys (ConfUtils.java:logGet(46)) - raft.server.rpc.request.timeout = 3000ms (default)
2024-09-18 12:54:35,989 [omNode-1-groupManagement] INFO  server.RaftServerConfigKeys (ConfUtils.java:logGet(46)) - raft.server.log.appender.install.snapshot.enabled = false (custom)
2024-09-18 12:54:35,989 [omNode-1-groupManagement] INFO  server.RaftServerConfigKeys (ConfUtils.java:logGet(46)) - raft.server.threadpool.server.cached = true (default)
2024-09-18 12:54:35,989 [omNode-1-groupManagement] INFO  server.RaftServerConfigKeys (ConfUtils.java:logGet(46)) - raft.server.threadpool.server.size = 0 (default)
2024-09-18 12:54:35,989 [omNode-1-groupManagement] INFO  server.RaftServerConfigKeys (ConfUtils.java:logGet(46)) - raft.server.threadpool.client.cached = true (default)
2024-09-18 12:54:35,989 [omNode-1-groupManagement] INFO  server.RaftServerConfigKeys (ConfUtils.java:logGet(46)) - raft.server.threadpool.client.size = 0 (default)
2024-09-18 12:54:36,805 [main] INFO  reflections.Reflections (Reflections.java:scan(219)) - Reflections took 799 ms to scan 20 urls, producing 59 keys and 7195 values
2024-09-18 12:54:36,996 [main] INFO  ipc.CallQueueManager (CallQueueManager.java:<init>(90)) - Using callQueue: class java.util.concurrent.LinkedBlockingQueue, queueCapacity: 2000, scheduler: class org.apache.hadoop.ipc.DefaultRpcScheduler, ipcBackoff: false.
2024-09-18 12:54:36,996 [main] INFO  ipc.Server (Server.java:<init>(1287)) - Listener at 127.0.0.1:15012
2024-09-18 12:54:36,998 [Socket Reader #1 for port 15012] INFO  ipc.Server (Server.java:run(1323)) - Starting Socket Reader #1 for port 15012
2024-09-18 12:54:36,999 [Socket Reader #2 for port 15012] INFO  ipc.Server (Server.java:run(1323)) - Starting Socket Reader #2 for port 15012
2024-09-18 12:54:36,999 [Socket Reader #3 for port 15012] INFO  ipc.Server (Server.java:run(1323)) - Starting Socket Reader #3 for port 15012
2024-09-18 12:54:37,000 [Socket Reader #4 for port 15012] INFO  ipc.Server (Server.java:run(1323)) - Starting Socket Reader #4 for port 15012
2024-09-18 12:54:37,001 [Socket Reader #5 for port 15012] INFO  ipc.Server (Server.java:run(1323)) - Starting Socket Reader #5 for port 15012
2024-09-18 12:54:37,001 [Socket Reader #6 for port 15012] INFO  ipc.Server (Server.java:run(1323)) - Starting Socket Reader #6 for port 15012
2024-09-18 12:54:37,002 [Socket Reader #7 for port 15012] INFO  ipc.Server (Server.java:run(1323)) - Starting Socket Reader #7 for port 15012
2024-09-18 12:54:37,002 [Socket Reader #8 for port 15012] INFO  ipc.Server (Server.java:run(1323)) - Starting Socket Reader #8 for port 15012
2024-09-18 12:54:37,003 [Socket Reader #9 for port 15012] INFO  ipc.Server (Server.java:run(1323)) - Starting Socket Reader #9 for port 15012
2024-09-18 12:54:37,005 [Socket Reader #10 for port 15012] INFO  ipc.Server (Server.java:run(1323)) - Starting Socket Reader #10 for port 15012
2024-09-18 12:54:37,036 [main] INFO  impl.MetricsSystemImpl (MetricsSystemImpl.java:init(158)) - OzoneManager metrics system started (again)
2024-09-18 12:54:37,050 [main] INFO  om.OzoneManager (OzoneManager.java:start(1680)) - OzoneManager RPC server is listening at localhost/127.0.0.1:15012
2024-09-18 12:54:37,051 [main] INFO  ratis.OzoneManagerRatisServer (OzoneManagerRatisServer.java:start(603)) - Starting OzoneManagerRatisServer omNode-1 at port 15015
2024-09-18 12:54:37,052 [omNode-1-impl-thread1] INFO  server.RaftServerConfigKeys (ConfUtils.java:logGet(46)) - raft.server.storage.free-space.min = 0MB (=0) (default)
2024-09-18 12:54:37,052 [omNode-1-impl-thread1] INFO  server.RaftServerConfigKeys (ConfUtils.java:logGet(46)) - raft.server.log.corruption.policy = EXCEPTION (default)
2024-09-18 12:54:37,052 [omNode-1-impl-thread1] INFO  server.RaftServerConfigKeys (ConfUtils.java:logGet(46)) - raft.server.storage.dir = [/home/runner/work/ozone/ozone/hadoop-ozone/integration-test/target/test-dir/MiniOzoneClusterImpl-1474a09c-6dad-4fc4-86e4-bad221540704/omNode-1/ratis] (custom)
2024-09-18 12:54:37,052 [omNode-1-impl-thread1] INFO  storage.RaftStorageDirectory (RaftStorageDirectoryImpl.java:analyzeStorage(138)) - The storage directory /home/runner/work/ozone/ozone/hadoop-ozone/integration-test/target/test-dir/MiniOzoneClusterImpl-1474a09c-6dad-4fc4-86e4-bad221540704/omNode-1/ratis/0718e334-ffa1-36bc-8e9a-0aac5367b30e does not exist. Creating ...
2024-09-18 12:54:37,054 [omNode-1-impl-thread1] INFO  storage.RaftStorageDirectory (RaftStorageDirectoryImpl.java:tryLock(229)) - Lock on /home/runner/work/ozone/ozone/hadoop-ozone/integration-test/target/test-dir/MiniOzoneClusterImpl-1474a09c-6dad-4fc4-86e4-bad221540704/omNode-1/ratis/0718e334-ffa1-36bc-8e9a-0aac5367b30e/in_use.lock acquired by nodename 131606@fv-az1197-713
2024-09-18 12:54:37,058 [omNode-1-impl-thread1] INFO  storage.RaftStorage (RaftStorageImpl.java:format(98)) - Storage directory /home/runner/work/ozone/ozone/hadoop-ozone/integration-test/target/test-dir/MiniOzoneClusterImpl-1474a09c-6dad-4fc4-86e4-bad221540704/omNode-1/ratis/0718e334-ffa1-36bc-8e9a-0aac5367b30e has been successfully formatted.
2024-09-18 12:54:37,059 [omNode-1-impl-thread1] INFO  server.RaftServerConfigKeys (ConfUtils.java:logGet(46)) - raft.server.log.use.memory = false (default)
2024-09-18 12:54:37,059 [omNode-1-impl-thread1] INFO  server.RaftServerConfigKeys (ConfUtils.java:logGet(46)) - raft.server.log.purge.gap = 1000000 (custom)
2024-09-18 12:54:37,059 [omNode-1-impl-thread1] INFO  server.RaftServerConfigKeys (ConfUtils.java:logGet(46)) - raft.server.log.appender.buffer.byte-limit = 4194304 (custom)
2024-09-18 12:54:37,059 [omNode-1-impl-thread1] INFO  server.RaftServerConfigKeys (ConfUtils.java:logGet(46)) - raft.server.log.statemachine.data.read.timeout = 1000ms (default)
2024-09-18 12:54:37,060 [omNode-1-impl-thread1] INFO  server.RaftServerConfigKeys (ConfUtils.java:logGet(46)) - raft.server.log.purge.preservation.log.num = 0 (default)
2024-09-18 12:54:37,062 [omNode-1-impl-thread1] INFO  server.RaftServerConfigKeys (ConfUtils.java:logGet(46)) - raft.server.log.segment.size.max = 4194304 (custom)
2024-09-18 12:54:37,063 [omNode-1-impl-thread1] INFO  server.RaftServerConfigKeys (ConfUtils.java:logGet(46)) - raft.server.log.segment.cache.num.max = 2 (custom)
2024-09-18 12:54:37,063 [omNode-1-impl-thread1] INFO  server.RaftServerConfigKeys (ConfUtils.java:logGet(46)) - raft.server.log.segment.cache.size.max = 200MB (=209715200) (default)
2024-09-18 12:54:37,063 [omNode-1-impl-thread1] INFO  server.RaftServerConfigKeys (ConfUtils.java:logGet(46)) - raft.server.log.appender.buffer.byte-limit = 4194304 (custom)
2024-09-18 12:54:37,064 [omNode-1-impl-thread1] INFO  util.AwaitToRun (AwaitToRun.java:start(81)) - Thread[omNode-1@group-0AAC5367B30E-cacheEviction-AwaitToRun,5,main] started
2024-09-18 12:54:37,064 [omNode-1-impl-thread1] INFO  segmented.SegmentedRaftLogWorker (SegmentedRaftLogWorker.java:<init>(184)) - new omNode-1@group-0AAC5367B30E-SegmentedRaftLogWorker for RaftStorageImpl:Storage Directory /home/runner/work/ozone/ozone/hadoop-ozone/integration-test/target/test-dir/MiniOzoneClusterImpl-1474a09c-6dad-4fc4-86e4-bad221540704/omNode-1/ratis/0718e334-ffa1-36bc-8e9a-0aac5367b30e
2024-09-18 12:54:37,064 [omNode-1-impl-thread1] INFO  server.RaftServerConfigKeys (ConfUtils.java:logGet(46)) - raft.server.log.queue.byte-limit = 64MB (=67108864) (default)
2024-09-18 12:54:37,064 [omNode-1-impl-thread1] INFO  server.RaftServerConfigKeys (ConfUtils.java:logGet(46)) - raft.server.log.queue.element-limit = 4096 (default)
2024-09-18 12:54:37,064 [omNode-1-impl-thread1] INFO  server.RaftServerConfigKeys (ConfUtils.java:logGet(46)) - raft.server.log.segment.size.max = 4194304 (custom)
2024-09-18 12:54:37,064 [omNode-1-impl-thread1] INFO  server.RaftServerConfigKeys (ConfUtils.java:logGet(46)) - raft.server.log.preallocated.size = 4194304 (custom)
2024-09-18 12:54:37,065 [omNode-1-impl-thread1] INFO  server.RaftServerConfigKeys (ConfUtils.java:logGet(46)) - raft.server.log.force.sync.num = 128 (default)
2024-09-18 12:54:37,065 [omNode-1-impl-thread1] INFO  server.RaftServerConfigKeys (ConfUtils.java:logGet(46)) - raft.server.log.statemachine.data.sync = true (default)
2024-09-18 12:54:37,065 [omNode-1-impl-thread1] INFO  server.RaftServerConfigKeys (ConfUtils.java:logGet(46)) - raft.server.log.statemachine.data.sync.timeout = 10s (default)
2024-09-18 12:54:37,065 [omNode-1-impl-thread1] INFO  server.RaftServerConfigKeys (ConfUtils.java:logGet(46)) - raft.server.log.statemachine.data.sync.timeout.retry = -1 (default)
2024-09-18 12:54:37,066 [omNode-1-impl-thread1] INFO  server.RaftServerConfigKeys (ConfUtils.java:logGet(46)) - raft.server.log.write.buffer.size = 4194312 (custom)
2024-09-18 12:54:37,066 [omNode-1-impl-thread1] INFO  server.RaftServerConfigKeys (ConfUtils.java:logGet(46)) - raft.server.log.appender.buffer.byte-limit = 4194304 (custom)
2024-09-18 12:54:37,066 [omNode-1-impl-thread1] INFO  server.RaftServerConfigKeys (ConfUtils.java:logGet(46)) - raft.server.log.unsafe-flush.enabled = false (default)
2024-09-18 12:54:37,066 [omNode-1-impl-thread1] INFO  server.RaftServerConfigKeys (ConfUtils.java:logGet(46)) - raft.server.log.async-flush.enabled = false (default)
2024-09-18 12:54:37,066 [omNode-1-impl-thread1] INFO  server.RaftServerConfigKeys (ConfUtils.java:logGet(46)) - raft.server.log.statemachine.data.caching.enabled = false (default)
2024-09-18 12:54:37,067 [omNode-1-impl-thread1] INFO  segmented.SegmentedRaftLogWorker (SegmentedRaftLogWorker.java:lambda$new$0(135)) - omNode-1@group-0AAC5367B30E-SegmentedRaftLogWorker: flushIndex: setUnconditionally 0 -> -1
2024-09-18 12:54:37,067 [omNode-1-impl-thread1] INFO  segmented.SegmentedRaftLogWorker (SegmentedRaftLogWorker.java:lambda$new$0(135)) - omNode-1@group-0AAC5367B30E-SegmentedRaftLogWorker: safeCacheEvictIndex: setUnconditionally 0 -> -1
2024-09-18 12:54:37,070 [omNode-1-impl-thread1] INFO  server.RaftServer$Division (RaftServerImpl.java:start(389)) - omNode-1@group-0AAC5367B30E: start as a follower, conf=conf: {index: -1, cur=peers:[omNode-1|localhost:15015]|listeners:[], old=null}
2024-09-18 12:54:37,070 [omNode-1-impl-thread1] INFO  server.RaftServer$Division (RaftServerImpl.java:setRole(376)) - omNode-1@group-0AAC5367B30E: changes role from      null to FOLLOWER at term 0 for startAsFollower
2024-09-18 12:54:37,070 [omNode-1-impl-thread1] INFO  impl.RoleInfo (RoleInfo.java:updateAndGet(148)) - omNode-1: start omNode-1@group-0AAC5367B30E-FollowerState
2024-09-18 12:54:37,071 [omNode-1-impl-thread1] INFO  util.JmxRegister (JmxRegister.java:tryRegister(44)) - Successfully registered JMX Bean with object name Ratis:service=RaftServer,group=group-0AAC5367B30E,id=omNode-1
2024-09-18 12:54:37,071 [omNode-1-impl-thread1] INFO  util.JmxRegister (JmxRegister.java:register(58)) - register mxBean class org.apache.ratis.server.impl.RaftServerJmxAdapter as Ratis:service=RaftServer,group=group-0AAC5367B30E,id=omNode-1
2024-09-18 12:54:37,071 [omNode-1-impl-thread1] INFO  server.RaftServerConfigKeys (ConfUtils.java:logGet(46)) - raft.server.snapshot.trigger-when-stop.enabled = true (default)
2024-09-18 12:54:37,071 [omNode-1-impl-thread1] INFO  server.RaftServerConfigKeys (ConfUtils.java:logGet(46)) - raft.server.snapshot.trigger-when-remove.enabled = true (default)
2024-09-18 12:54:37,071 [omNode-1-impl-thread1] INFO  server.RaftServerConfigKeys (ConfUtils.java:logGet(46)) - raft.server.snapshot.auto.trigger.enabled = true (custom)
2024-09-18 12:54:37,071 [omNode-1-impl-thread1] INFO  server.RaftServerConfigKeys (ConfUtils.java:logGet(46)) - raft.server.snapshot.auto.trigger.threshold = 400000 (default)
2024-09-18 12:54:37,071 [omNode-1-impl-thread1] INFO  server.RaftServerConfigKeys (ConfUtils.java:logGet(46)) - raft.server.snapshot.retention.file.num = -1 (default)
2024-09-18 12:54:37,071 [omNode-1-impl-thread1] INFO  server.RaftServerConfigKeys (ConfUtils.java:logGet(46)) - raft.server.log.purge.upto.snapshot.index = true (custom)
2024-09-18 12:54:37,073 [omNode-1@group-0AAC5367B30E-FollowerState] INFO  server.RaftServerConfigKeys (ConfUtils.java:logFallback(53)) - raft.server.rpc.first-election.timeout.min = 1s (fallback to raft.server.rpc.timeout.min)
2024-09-18 12:54:37,073 [omNode-1@group-0AAC5367B30E-FollowerState] INFO  server.RaftServerConfigKeys (ConfUtils.java:logFallback(53)) - raft.server.rpc.first-election.timeout.max = 1200ms (fallback to raft.server.rpc.timeout.max)
2024-09-18 12:54:37,073 [main] INFO  server.RaftServer (RaftServerProxy.java:startImpl(408)) - omNode-1: start RPC server
2024-09-18 12:54:37,074 [main] INFO  server.GrpcService (GrpcService.java:startImpl(302)) - omNode-1: GrpcService started, listening on 15015
2024-09-18 12:54:37,075 [main] INFO  om.OzoneManager (OzoneManager.java:start(1695)) - Version File has different layout version (7) than OM DB (null). That is expected if this OM has never been finalized to a newer layout version.
2024-09-18 12:54:37,076 [JvmPauseMonitor2] INFO  util.JvmPauseMonitor (JvmPauseMonitor.java:run(146)) - JvmPauseMonitor-omNode-1: Started
2024-09-18 12:54:37,096 [main] INFO  client.ScmTopologyClient (ScmTopologyClient.java:start(72)) - Initial network topology fetched from SCM: /.
2024-09-18 12:54:37,096 [main] INFO  net.NodeSchemaLoader (NodeSchemaLoader.java:loadSchemaFromFile(129)) - Loading schema from [jar:file:/home/runner/work/ozone/ozone/hadoop-hdds/common/target/hdds-common-1.5.0-SNAPSHOT.jar!/network-topology-default.xml]
2024-09-18 12:54:37,096 [main] INFO  net.NodeSchemaLoader (NodeSchemaLoader.java:loadSchema(176)) - Loading network topology layer schema file
2024-09-18 12:54:37,122 [main] INFO  http.BaseHttpServer (BaseHttpServer.java:newHttpServer2BuilderForOzone(223)) - Starting Web-server for ozoneManager at: http://0.0.0.0:15013
2024-09-18 12:54:37,122 [main] INFO  http.BaseHttpServer (BaseHttpServer.java:<init>(110)) - Hadoop Security Enabled: false Ozone Security Enabled: false Ozone HTTP Security Enabled: false 
2024-09-18 12:54:37,124 [main] WARN  server.AuthenticationFilter (AuthenticationFilter.java:constructSecretProvider(240)) - Unable to initialize FileSignerSecretProvider, falling back to use random secrets. Reason: Could not read signature secret file: /home/runner/hadoop-http-auth-signature-secret
2024-09-18 12:54:37,125 [main] INFO  http.HttpRequestLog (HttpRequestLog.java:getRequestLog(86)) - Http request log for http.requests.ozoneManager is not defined
2024-09-18 12:54:37,127 [main] INFO  http.HttpServer2 (HttpServer2.java:addGlobalFilter(1035)) - Added global filter 'safety' (class=org.apache.hadoop.hdds.server.http.HttpServer2$QuotingInputFilter)
2024-09-18 12:54:37,129 [main] INFO  http.HttpServer2 (HttpServer2.java:addFilter(1011)) - Added filter static_user_filter (class=org.apache.hadoop.http.lib.StaticUserWebFilter$StaticUserFilter) to context ozoneManager
2024-09-18 12:54:37,129 [main] INFO  http.HttpServer2 (HttpServer2.java:addFilter(1019)) - Added filter static_user_filter (class=org.apache.hadoop.http.lib.StaticUserWebFilter$StaticUserFilter) to context static
2024-09-18 12:54:37,129 [main] INFO  http.HttpServer2 (HttpServer2.java:addFilter(1019)) - Added filter static_user_filter (class=org.apache.hadoop.http.lib.StaticUserWebFilter$StaticUserFilter) to context logs
2024-09-18 12:54:37,130 [main] INFO  http.BaseHttpServer (BaseHttpServer.java:<init>(189)) - HTTP server of ozoneManager uses base directory /home/runner/work/ozone/ozone/hadoop-ozone/integration-test/target/test-dir/MiniOzoneClusterImpl-1474a09c-6dad-4fc4-86e4-bad221540704/omNode-1/webserver
2024-09-18 12:54:37,133 [main] INFO  http.HttpServer2 (HttpServer2.java:bindListener(1235)) - Jetty bound to port 15013
2024-09-18 12:54:37,133 [main] INFO  server.Server (Server.java:doStart(375)) - jetty-9.4.56.v20240826; built: 2024-08-26T17:15:05.868Z; git: ec6782ff5ead824dabdcf47fa98f90a4aedff401; jvm 17.0.12+7
2024-09-18 12:54:37,136 [main] INFO  server.session (DefaultSessionIdManager.java:doStart(334)) - DefaultSessionIdManager workerName=node0
2024-09-18 12:54:37,137 [main] INFO  server.session (DefaultSessionIdManager.java:doStart(339)) - No SessionScavenger set, using defaults
2024-09-18 12:54:37,137 [main] INFO  server.session (HouseKeeper.java:startScavenging(132)) - node0 Scavenging every 600000ms
2024-09-18 12:54:37,138 [main] INFO  handler.ContextHandler (ContextHandler.java:doStart(921)) - Started o.e.j.s.ServletContextHandler@6fb68c4{logs,/logs,file:///home/runner/work/ozone/ozone/hadoop-ozone/integration-test/target/log,AVAILABLE}
2024-09-18 12:54:37,138 [main] INFO  handler.ContextHandler (ContextHandler.java:doStart(921)) - Started o.e.j.s.ServletContextHandler@7cdfb8c3{static,/static,file:///home/runner/work/ozone/ozone/hadoop-ozone/integration-test/target/test-classes/webapps/static,AVAILABLE}
2024-09-18 12:54:37,150 [main] INFO  handler.ContextHandler (ContextHandler.java:doStart(921)) - Started o.e.j.w.WebAppContext@18b9b269{ozoneManager,/,file:///home/runner/work/ozone/ozone/hadoop-ozone/integration-test/target/test-classes/webapps/ozoneManager/,AVAILABLE}{file:/home/runner/work/ozone/ozone/hadoop-ozone/integration-test/target/test-classes/webapps/ozoneManager}
2024-09-18 12:54:37,151 [main] INFO  server.AbstractConnector (AbstractConnector.java:doStart(333)) - Started ServerConnector@3c79c7fa{HTTP/1.1, (http/1.1)}{0.0.0.0:15013}
2024-09-18 12:54:37,152 [main] INFO  server.Server (Server.java:doStart(415)) - Started @18369ms
2024-09-18 12:54:37,152 [main] WARN  impl.MetricsSystemImpl (MetricsSystemImpl.java:register(279)) - Sink prometheus already exists!
2024-09-18 12:54:37,153 [main] INFO  http.BaseHttpServer (BaseHttpServer.java:updateConnectorAddress(354)) - HTTP server of ozoneManager listening at http://0.0.0.0:15013
2024-09-18 12:54:37,154 [IPC Server Responder] INFO  ipc.Server (Server.java:run(1562)) - IPC Server Responder: starting
2024-09-18 12:54:37,157 [IPC Server listener on 15012] INFO  ipc.Server (Server.java:run(1402)) - IPC Server listener on 15012: starting
2024-09-18 12:54:37,162 [main] INFO  om.OzoneManager (OzoneManager.java:startTrashEmptier(2158)) - Trash Interval set to 0. Files deleted won't move to trash
2024-09-18 12:54:37,174 [main] INFO  ozone.MiniOzoneHAClusterImpl (MiniOzoneHAClusterImpl.java:createOMService(517)) - Started OzoneManager omNode-1 RPC server at localhost/127.0.0.1:15012
2024-09-18 12:54:37,244 [main] WARN  dropwizard3.Dm3MetricRegistriesImpl (Dm3MetricRegistriesImpl.java:addReporterRegistration(114)) - New reporters are added after registries were created. Some metrics will be missing from the reporter. Please add reporter before adding any new registry.
2024-09-18 12:54:37,245 [main] WARN  dropwizard3.Dm3MetricRegistriesImpl (Dm3MetricRegistriesImpl.java:addReporterRegistration(114)) - New reporters are added after registries were created. Some metrics will be missing from the reporter. Please add reporter before adding any new registry.
2024-09-18 12:54:37,246 [main] INFO  impl.MetricsSystemImpl (MetricsSystemImpl.java:init(158)) - HddsDatanode metrics system started (again)
2024-09-18 12:54:37,266 [main] INFO  ozone.HddsDatanodeService (HddsDatanodeService.java:start(235)) - HddsDatanodeService host:fv-az1197-713.odgzd3gufrueld5albp03340rf.phxx.internal.cloudapp.net ip:10.1.0.102
2024-09-18 12:54:37,271 [main] INFO  upgrade.AbstractLayoutVersionManager (AbstractLayoutVersionManager.java:init(83)) - Initializing Layout version manager with metadata layout = HBASE_SUPPORT (version = 8), software layout = HBASE_SUPPORT (version = 8)
2024-09-18 12:54:37,273 [main] INFO  ha.SCMNodeInfo (SCMNodeInfo.java:getPort(197)) - ConfigKey ozone.scm.client.address is deprecated, For configuring different ports for each SCM use PortConfigKey ozone.scm.client.port appended with serviceId and nodeId
2024-09-18 12:54:37,273 [main] INFO  ha.SCMNodeInfo (SCMNodeInfo.java:getPort(197)) - ConfigKey ozone.scm.block.client.address is deprecated, For configuring different ports for each SCM use PortConfigKey ozone.scm.block.client.port appended with serviceId and nodeId
2024-09-18 12:54:37,273 [main] INFO  ha.SCMNodeInfo (SCMNodeInfo.java:getPort(197)) - ConfigKey ozone.scm.security.service.address is deprecated, For configuring different ports for each SCM use PortConfigKey ozone.scm.security.service.port appended with serviceId and nodeId
2024-09-18 12:54:37,274 [main] INFO  ha.SCMNodeInfo (SCMNodeInfo.java:getPort(197)) - ConfigKey ozone.scm.datanode.address is deprecated, For configuring different ports for each SCM use PortConfigKey ozone.scm.datanode.port appended with serviceId and nodeId
2024-09-18 12:54:37,274 [main] INFO  statemachine.DatanodeStateMachine (DatanodeStateMachine.java:getEndPointTaskThreadPoolSize(294)) - Datanode State Machine Task Thread Pool size 2
2024-09-18 12:54:37,316 [main] INFO  volume.HddsVolume (HddsVolume.java:<init>(127)) - Creating HddsVolume: /home/runner/work/ozone/ozone/hadoop-ozone/integration-test/target/test-dir/MiniOzoneClusterImpl-1474a09c-6dad-4fc4-86e4-bad221540704/ozone-meta/datanode-1/data-0/hdds of storage type : DISK capacity : 9222449699674390527
2024-09-18 12:54:37,319 [main] INFO  volume.MutableVolumeSet (MutableVolumeSet.java:initializeVolumeSet(173)) - Added Volume : /home/runner/work/ozone/ozone/hadoop-ozone/integration-test/target/test-dir/MiniOzoneClusterImpl-1474a09c-6dad-4fc4-86e4-bad221540704/ozone-meta/datanode-1/data-0/hdds to VolumeSet
2024-09-18 12:54:37,323 [main] INFO  volume.MutableVolumeSet (MutableVolumeSet.java:initializeVolumeSet(173)) - Added Volume : /home/runner/work/ozone/ozone/hadoop-ozone/integration-test/target/test-dir/MiniOzoneClusterImpl-1474a09c-6dad-4fc4-86e4-bad221540704/ozone-meta/datanode-1/ratis to VolumeSet
2024-09-18 12:54:37,327 [main] INFO  ozoneimpl.OzoneContainer (HddsVolumeUtil.java:loadAllHddsVolumeDbStore(103)) - Load 1 volumes DbStore cost: 1ms
2024-09-18 12:54:37,347 [main] INFO  impl.FilePerChunkStrategy (FilePerChunkStrategy.java:<init>(84)) - ozone.chunk.read.mapped.buffer.max.count is load with 0
2024-09-18 12:54:37,352 [main] INFO  impl.FilePerBlockStrategy (FilePerBlockStrategy.java:<init>(91)) - ozone.chunk.read.mapped.buffer.max.count is load with 0
2024-09-18 12:54:37,377 [main] INFO  audit.AuditLogger (AuditLogger.java:refreshDebugCmdSet(135)) - Refresh DebugCmdSet for DNAudit to [].
2024-09-18 12:54:37,392 [main] INFO  server.RaftServerConfigKeys (ConfUtils.java:logGet(46)) - raft.server.log.appender.buffer.byte-limit = 33554432 (custom)
2024-09-18 12:54:37,403 [main] INFO  server.RaftServer (ConfUtils.java:logGet(46)) - raft.rpc.type = GRPC (default)
2024-09-18 12:54:37,403 [main] INFO  grpc.GrpcConfigKeys (ConfUtils.java:logFallback(53)) - raft.grpc.admin.host = null (fallback to raft.grpc.server.host)
2024-09-18 12:54:37,403 [main] INFO  grpc.GrpcConfigKeys (ConfUtils.java:logGet(46)) - raft.grpc.admin.port = 15020 (custom)
2024-09-18 12:54:37,404 [main] INFO  grpc.GrpcConfigKeys (ConfUtils.java:logFallback(53)) - raft.grpc.client.host = null (fallback to raft.grpc.server.host)
2024-09-18 12:54:37,404 [main] INFO  grpc.GrpcConfigKeys (ConfUtils.java:logGet(46)) - raft.grpc.client.port = 15020 (custom)
2024-09-18 12:54:37,404 [main] INFO  grpc.GrpcConfigKeys (ConfUtils.java:logGet(46)) - raft.grpc.server.host = null (default)
2024-09-18 12:54:37,404 [main] INFO  grpc.GrpcConfigKeys (ConfUtils.java:logGet(46)) - raft.grpc.server.port = 15020 (custom)
2024-09-18 12:54:37,404 [main] INFO  server.GrpcService (ConfUtils.java:logGet(46)) - raft.grpc.message.size.max = 34603008 (custom)
2024-09-18 12:54:37,404 [main] INFO  server.RaftServerConfigKeys (ConfUtils.java:logGet(46)) - raft.server.log.appender.buffer.byte-limit = 33554432 (custom)
2024-09-18 12:54:37,405 [main] INFO  server.GrpcService (ConfUtils.java:logGet(46)) - raft.grpc.flow.control.window = 5MB (=5242880) (custom)
2024-09-18 12:54:37,405 [main] INFO  server.RaftServerConfigKeys (ConfUtils.java:logGet(46)) - raft.server.rpc.request.timeout = 60s (custom)
2024-09-18 12:54:37,405 [main] INFO  grpc.GrpcConfigKeys (ConfUtils.java:logGet(46)) - raft.grpc.server.heartbeat.channel = true (default)
2024-09-18 12:54:37,406 [main] INFO  grpc.GrpcConfigKeys (ConfUtils.java:logGet(46)) - raft.grpc.server.async.request.thread.pool.cached = true (default)
2024-09-18 12:54:37,406 [main] INFO  grpc.GrpcConfigKeys (ConfUtils.java:logGet(46)) - raft.grpc.server.async.request.thread.pool.size = 32 (default)
2024-09-18 12:54:37,407 [main] INFO  impl.DataStreamServerImpl (ConfUtils.java:logGet(46)) - raft.datastream.type = NETTY (custom)
2024-09-18 12:54:37,417 [main] INFO  server.RaftServerConfigKeys (ConfUtils.java:logGet(46)) - raft.server.data-stream.async.request.thread.pool.cached = false (default)
2024-09-18 12:54:37,417 [main] INFO  server.RaftServerConfigKeys (ConfUtils.java:logGet(46)) - raft.server.data-stream.async.request.thread.pool.size = 20 (custom)
2024-09-18 12:54:37,417 [main] INFO  server.RaftServerConfigKeys (ConfUtils.java:logGet(46)) - raft.server.data-stream.async.write.thread.pool.size = 16 (default)
2024-09-18 12:54:37,419 [main] INFO  netty.NettyConfigKeys$DataStream (ConfUtils.java:logGet(46)) - raft.netty.dataStream.server.channel.inactive.grace-period = 10min (default)
2024-09-18 12:54:37,420 [main] INFO  server.RaftServerConfigKeys (ConfUtils.java:logGet(46)) - raft.server.data-stream.client.pool.size = 10 (default)
2024-09-18 12:54:37,422 [main] INFO  netty.NettyConfigKeys$DataStream (ConfUtils.java:logGet(46)) - raft.netty.dataStream.server.use-epoll = true (default)
2024-09-18 12:54:37,423 [main] INFO  netty.NettyConfigKeys$DataStream (ConfUtils.java:logGet(46)) - raft.netty.dataStream.server.boss-group.size = 0 (default)
2024-09-18 12:54:37,424 [main] INFO  netty.NettyUtils (NettyUtils.java:newEventLoopGroup(74)) - Create EpollEventLoopGroup for 59105c30-b290-410a-a9ca-d50346fc903f-NettyServerStreamRpc-bossGroup; Thread size is 0.
2024-09-18 12:54:37,425 [main] INFO  netty.NettyConfigKeys$DataStream (ConfUtils.java:logGet(46)) - raft.netty.dataStream.server.worker-group.size = 0 (default)
2024-09-18 12:54:37,426 [main] INFO  netty.NettyUtils (NettyUtils.java:newEventLoopGroup(74)) - Create EpollEventLoopGroup for 59105c30-b290-410a-a9ca-d50346fc903f-NettyServerStreamRpc-workerGroup; Thread size is 0.
2024-09-18 12:54:37,427 [main] INFO  netty.NettyConfigKeys$DataStream (ConfUtils.java:logGet(46)) - raft.netty.dataStream.server.tls.conf = null (default)
2024-09-18 12:54:37,428 [main] INFO  netty.NettyConfigKeys$DataStream (ConfUtils.java:logGet(46)) - raft.netty.dataStream.host = null (default)
2024-09-18 12:54:37,429 [main] INFO  netty.NettyConfigKeys$DataStream (ConfUtils.java:logGet(46)) - raft.netty.dataStream.port = 15023 (custom)
2024-09-18 12:54:37,432 [main] INFO  server.RaftServerConfigKeys (ConfUtils.java:logGet(46)) - raft.server.sleep.deviation.threshold = 300ms (default)
2024-09-18 12:54:37,433 [main] INFO  server.RaftServerConfigKeys (ConfUtils.java:logGet(46)) - raft.server.close.threshold = 60s (default)
2024-09-18 12:54:37,433 [main] INFO  server.RaftServerConfigKeys (ConfUtils.java:logGet(46)) - raft.server.leaderelection.leader.step-down.wait-time = 10s (default)
2024-09-18 12:54:37,434 [main] INFO  server.RaftServerConfigKeys (ConfUtils.java:logGet(46)) - raft.server.storage.dir = [/home/runner/work/ozone/ozone/hadoop-ozone/integration-test/target/test-dir/MiniOzoneClusterImpl-1474a09c-6dad-4fc4-86e4-bad221540704/ozone-meta/datanode-1/ratis] (custom)
2024-09-18 12:54:37,434 [main] INFO  server.RaftServerConfigKeys (ConfUtils.java:logGet(46)) - raft.server.threadpool.proxy.cached = true (default)
2024-09-18 12:54:37,435 [main] INFO  server.RaftServerConfigKeys (ConfUtils.java:logGet(46)) - raft.server.threadpool.proxy.size = 0 (default)
2024-09-18 12:54:37,439 [59105c30-b290-410a-a9ca-d50346fc903f-NettyServerStreamRpc-bossGroup--thread1] INFO  logging.LoggingHandler (AbstractInternalLogger.java:log(148)) - [id: 0x61217cbb] REGISTERED
2024-09-18 12:54:37,440 [59105c30-b290-410a-a9ca-d50346fc903f-NettyServerStreamRpc-bossGroup--thread1] INFO  logging.LoggingHandler (AbstractInternalLogger.java:log(148)) - [id: 0x61217cbb] BIND: 0.0.0.0/0.0.0.0:15023
2024-09-18 12:54:37,440 [59105c30-b290-410a-a9ca-d50346fc903f-NettyServerStreamRpc-bossGroup--thread1] INFO  logging.LoggingHandler (AbstractInternalLogger.java:log(148)) - [id: 0x61217cbb, L:/0.0.0.0:15023] ACTIVE
2024-09-18 12:54:37,441 [59105c30-b290-410a-a9ca-d50346fc903f-impl-thread1] INFO  server.RaftServer (RaftServerProxy.java:initGroupDir(266)) - 59105c30-b290-410a-a9ca-d50346fc903f: found a subdirectory /home/runner/work/ozone/ozone/hadoop-ozone/integration-test/target/test-dir/MiniOzoneClusterImpl-1474a09c-6dad-4fc4-86e4-bad221540704/ozone-meta/datanode-1/ratis/tmp
2024-09-18 12:54:37,442 [59105c30-b290-410a-a9ca-d50346fc903f-impl-thread1] INFO  server.RaftServer (RaftServerProxy.java:initGroupDir(271)) - 59105c30-b290-410a-a9ca-d50346fc903f: The directory /home/runner/work/ozone/ozone/hadoop-ozone/integration-test/target/test-dir/MiniOzoneClusterImpl-1474a09c-6dad-4fc4-86e4-bad221540704/ozone-meta/datanode-1/ratis/tmp is not a group directory; ignoring it. 
2024-09-18 12:54:37,444 [main] INFO  replication.ReplicationServer (ReplicationServer.java:<init>(86)) - Initializing replication server with thread count = 10 queue length = 4096
2024-09-18 12:54:37,473 [main] INFO  server.XceiverServerGrpc (XceiverServerGrpc.java:<init>(141)) - GrpcServer channel type EpollServerSocketChannel
2024-09-18 12:54:37,501 [main] INFO  replication.ReplicationSupervisor (ReplicationSupervisor.java:build(164)) - Initializing replication supervisor with thread count = 10
2024-09-18 12:54:37,502 [main] INFO  replication.ReplicationSupervisor (ReplicationSupervisor.java:nodeStateUpdated(336)) - Node state updated to IN_SERVICE, scaling executor pool size to 10
2024-09-18 12:54:37,567 [main] INFO  http.BaseHttpServer (BaseHttpServer.java:newHttpServer2BuilderForOzone(223)) - Starting Web-server for hddsDatanode at: http://0.0.0.0:15017
2024-09-18 12:54:37,568 [main] INFO  http.BaseHttpServer (BaseHttpServer.java:<init>(110)) - Hadoop Security Enabled: false Ozone Security Enabled: false Ozone HTTP Security Enabled: false 
2024-09-18 12:54:37,570 [main] WARN  server.AuthenticationFilter (AuthenticationFilter.java:constructSecretProvider(240)) - Unable to initialize FileSignerSecretProvider, falling back to use random secrets. Reason: Could not read signature secret file: /home/runner/hadoop-http-auth-signature-secret
2024-09-18 12:54:37,572 [main] INFO  http.HttpRequestLog (HttpRequestLog.java:getRequestLog(86)) - Http request log for http.requests.hddsDatanode is not defined
2024-09-18 12:54:37,573 [main] INFO  http.HttpServer2 (HttpServer2.java:addGlobalFilter(1035)) - Added global filter 'safety' (class=org.apache.hadoop.hdds.server.http.HttpServer2$QuotingInputFilter)
2024-09-18 12:54:37,575 [main] INFO  http.HttpServer2 (HttpServer2.java:addFilter(1011)) - Added filter static_user_filter (class=org.apache.hadoop.http.lib.StaticUserWebFilter$StaticUserFilter) to context hddsDatanode
2024-09-18 12:54:37,576 [main] INFO  http.HttpServer2 (HttpServer2.java:addFilter(1019)) - Added filter static_user_filter (class=org.apache.hadoop.http.lib.StaticUserWebFilter$StaticUserFilter) to context logs
2024-09-18 12:54:37,576 [main] INFO  http.HttpServer2 (HttpServer2.java:addFilter(1019)) - Added filter static_user_filter (class=org.apache.hadoop.http.lib.StaticUserWebFilter$StaticUserFilter) to context static
2024-09-18 12:54:37,577 [main] INFO  http.BaseHttpServer (BaseHttpServer.java:<init>(189)) - HTTP server of hddsDatanode uses base directory /home/runner/work/ozone/ozone/hadoop-ozone/integration-test/target/test-dir/MiniOzoneClusterImpl-1474a09c-6dad-4fc4-86e4-bad221540704/ozone-meta/datanode-1/meta/webserver
2024-09-18 12:54:37,578 [main] INFO  http.HttpServer2 (HttpServer2.java:bindListener(1235)) - Jetty bound to port 15017
2024-09-18 12:54:37,578 [main] INFO  server.Server (Server.java:doStart(375)) - jetty-9.4.56.v20240826; built: 2024-08-26T17:15:05.868Z; git: ec6782ff5ead824dabdcf47fa98f90a4aedff401; jvm 17.0.12+7
2024-09-18 12:54:37,585 [main] INFO  server.session (DefaultSessionIdManager.java:doStart(334)) - DefaultSessionIdManager workerName=node0
2024-09-18 12:54:37,585 [main] INFO  server.session (DefaultSessionIdManager.java:doStart(339)) - No SessionScavenger set, using defaults
2024-09-18 12:54:37,585 [main] INFO  server.session (HouseKeeper.java:startScavenging(132)) - node0 Scavenging every 600000ms
2024-09-18 12:54:37,587 [main] INFO  handler.ContextHandler (ContextHandler.java:doStart(921)) - Started o.e.j.s.ServletContextHandler@5e25faae{logs,/logs,file:///home/runner/work/ozone/ozone/hadoop-ozone/integration-test/target/log,AVAILABLE}
2024-09-18 12:54:37,587 [main] INFO  handler.ContextHandler (ContextHandler.java:doStart(921)) - Started o.e.j.s.ServletContextHandler@415542ba{static,/static,jar:file:/home/runner/work/ozone/ozone/hadoop-hdds/container-service/target/hdds-container-service-1.5.0-SNAPSHOT.jar!/webapps/static,AVAILABLE}
2024-09-18 12:54:37,808 [main] INFO  handler.ContextHandler (ContextHandler.java:doStart(921)) - Started o.e.j.w.WebAppContext@4477baf2{hddsDatanode,/,file:///home/runner/work/ozone/ozone/hadoop-ozone/integration-test/target/test-dir/MiniOzoneClusterImpl-1474a09c-6dad-4fc4-86e4-bad221540704/ozone-meta/datanode-1/meta/webserver/jetty-0_0_0_0-15017-hdds-container-service-1_5_0-SNAPSHOT_jar-_-any-16752951000661928909/webapp/,AVAILABLE}{jar:file:/home/runner/work/ozone/ozone/hadoop-hdds/container-service/target/hdds-container-service-1.5.0-SNAPSHOT.jar!/webapps/hddsDatanode}
2024-09-18 12:54:37,809 [main] INFO  server.AbstractConnector (AbstractConnector.java:doStart(333)) - Started ServerConnector@54669c4{HTTP/1.1, (http/1.1)}{0.0.0.0:15017}
2024-09-18 12:54:37,809 [main] INFO  server.Server (Server.java:doStart(415)) - Started @19026ms
2024-09-18 12:54:37,809 [main] WARN  impl.MetricsSystemImpl (MetricsSystemImpl.java:register(279)) - Sink prometheus already exists!
2024-09-18 12:54:37,810 [main] INFO  http.BaseHttpServer (BaseHttpServer.java:updateConnectorAddress(354)) - HTTP server of hddsDatanode listening at http://0.0.0.0:15017
2024-09-18 12:54:37,813 [main] INFO  ipc.CallQueueManager (CallQueueManager.java:<init>(90)) - Using callQueue: class java.util.concurrent.LinkedBlockingQueue, queueCapacity: 1000, scheduler: class org.apache.hadoop.ipc.DefaultRpcScheduler, ipcBackoff: false.
2024-09-18 12:54:37,813 [main] INFO  ipc.Server (Server.java:<init>(1287)) - Listener at 0.0.0.0:15018
2024-09-18 12:54:37,814 [Socket Reader #1 for port 15018] INFO  ipc.Server (Server.java:run(1323)) - Starting Socket Reader #1 for port 15018
2024-09-18 12:54:37,815 [Socket Reader #2 for port 15018] INFO  ipc.Server (Server.java:run(1323)) - Starting Socket Reader #2 for port 15018
2024-09-18 12:54:37,815 [Socket Reader #3 for port 15018] INFO  ipc.Server (Server.java:run(1323)) - Starting Socket Reader #3 for port 15018
2024-09-18 12:54:37,815 [Socket Reader #4 for port 15018] INFO  ipc.Server (Server.java:run(1323)) - Starting Socket Reader #4 for port 15018
2024-09-18 12:54:37,817 [Socket Reader #5 for port 15018] INFO  ipc.Server (Server.java:run(1323)) - Starting Socket Reader #5 for port 15018
2024-09-18 12:54:37,821 [Socket Reader #7 for port 15018] INFO  ipc.Server (Server.java:run(1323)) - Starting Socket Reader #7 for port 15018
2024-09-18 12:54:37,821 [Socket Reader #6 for port 15018] INFO  ipc.Server (Server.java:run(1323)) - Starting Socket Reader #6 for port 15018
2024-09-18 12:54:37,822 [Socket Reader #8 for port 15018] INFO  ipc.Server (Server.java:run(1323)) - Starting Socket Reader #8 for port 15018
2024-09-18 12:54:37,822 [Socket Reader #9 for port 15018] INFO  ipc.Server (Server.java:run(1323)) - Starting Socket Reader #9 for port 15018
2024-09-18 12:54:37,823 [Socket Reader #10 for port 15018] INFO  ipc.Server (Server.java:run(1323)) - Starting Socket Reader #10 for port 15018
2024-09-18 12:54:37,826 [main] INFO  ozone.HddsDatanodeService (HddsDatanodeService.java:start(319)) - Datanode start with admins: [runner]
2024-09-18 12:54:37,826 [main] INFO  ozone.HddsDatanodeClientProtocolServer (HddsDatanodeClientProtocolServer.java:start(79)) - RPC server for Client /0.0.0.0:15018
2024-09-18 12:54:37,827 [IPC Server Responder] INFO  ipc.Server (Server.java:run(1562)) - IPC Server Responder: starting
2024-09-18 12:54:37,827 [IPC Server listener on 15018] INFO  ipc.Server (Server.java:run(1402)) - IPC Server listener on 15018: starting
2024-09-18 12:54:37,831 [main] WARN  dropwizard3.Dm3MetricRegistriesImpl (Dm3MetricRegistriesImpl.java:addReporterRegistration(114)) - New reporters are added after registries were created. Some metrics will be missing from the reporter. Please add reporter before adding any new registry.
2024-09-18 12:54:37,831 [main] WARN  dropwizard3.Dm3MetricRegistriesImpl (Dm3MetricRegistriesImpl.java:addReporterRegistration(114)) - New reporters are added after registries were created. Some metrics will be missing from the reporter. Please add reporter before adding any new registry.
2024-09-18 12:54:37,831 [main] INFO  impl.MetricsSystemImpl (MetricsSystemImpl.java:init(158)) - HddsDatanode metrics system started (again)
2024-09-18 12:54:37,844 [main] INFO  ozone.HddsDatanodeService (HddsDatanodeService.java:start(235)) - HddsDatanodeService host:fv-az1197-713.odgzd3gufrueld5albp03340rf.phxx.internal.cloudapp.net ip:10.1.0.102
2024-09-18 12:54:37,846 [59105c30-b290-410a-a9ca-d50346fc903f-DatanodeStateMachineDaemonThread] INFO  statemachine.DatanodeStateMachine (DatanodeStateMachine.java:startStateMachineThread(337)) - Ozone container server started.
2024-09-18 12:54:37,847 [main] INFO  upgrade.AbstractLayoutVersionManager (AbstractLayoutVersionManager.java:init(83)) - Initializing Layout version manager with metadata layout = HBASE_SUPPORT (version = 8), software layout = HBASE_SUPPORT (version = 8)
2024-09-18 12:54:37,848 [main] INFO  ha.SCMNodeInfo (SCMNodeInfo.java:getPort(197)) - ConfigKey ozone.scm.client.address is deprecated, For configuring different ports for each SCM use PortConfigKey ozone.scm.client.port appended with serviceId and nodeId
2024-09-18 12:54:37,849 [main] INFO  ha.SCMNodeInfo (SCMNodeInfo.java:getPort(197)) - ConfigKey ozone.scm.block.client.address is deprecated, For configuring different ports for each SCM use PortConfigKey ozone.scm.block.client.port appended with serviceId and nodeId
2024-09-18 12:54:37,849 [main] INFO  ha.SCMNodeInfo (SCMNodeInfo.java:getPort(197)) - ConfigKey ozone.scm.security.service.address is deprecated, For configuring different ports for each SCM use PortConfigKey ozone.scm.security.service.port appended with serviceId and nodeId
2024-09-18 12:54:37,850 [main] INFO  ha.SCMNodeInfo (SCMNodeInfo.java:getPort(197)) - ConfigKey ozone.scm.datanode.address is deprecated, For configuring different ports for each SCM use PortConfigKey ozone.scm.datanode.port appended with serviceId and nodeId
2024-09-18 12:54:37,850 [main] INFO  statemachine.DatanodeStateMachine (DatanodeStateMachine.java:getEndPointTaskThreadPoolSize(294)) - Datanode State Machine Task Thread Pool size 2
2024-09-18 12:54:37,852 [59105c30-b290-410a-a9ca-d50346fc903f-DatanodeStateMachineTaskThread-0] INFO  ha.SCMNodeInfo (SCMNodeInfo.java:getPort(197)) - ConfigKey ozone.scm.client.address is deprecated, For configuring different ports for each SCM use PortConfigKey ozone.scm.client.port appended with serviceId and nodeId
2024-09-18 12:54:37,852 [59105c30-b290-410a-a9ca-d50346fc903f-DatanodeStateMachineTaskThread-0] INFO  ha.SCMNodeInfo (SCMNodeInfo.java:getPort(197)) - ConfigKey ozone.scm.block.client.address is deprecated, For configuring different ports for each SCM use PortConfigKey ozone.scm.block.client.port appended with serviceId and nodeId
2024-09-18 12:54:37,852 [59105c30-b290-410a-a9ca-d50346fc903f-DatanodeStateMachineTaskThread-0] INFO  ha.SCMNodeInfo (SCMNodeInfo.java:getPort(197)) - ConfigKey ozone.scm.security.service.address is deprecated, For configuring different ports for each SCM use PortConfigKey ozone.scm.security.service.port appended with serviceId and nodeId
2024-09-18 12:54:37,852 [59105c30-b290-410a-a9ca-d50346fc903f-DatanodeStateMachineTaskThread-0] INFO  ha.SCMNodeInfo (SCMNodeInfo.java:getPort(197)) - ConfigKey ozone.scm.datanode.address is deprecated, For configuring different ports for each SCM use PortConfigKey ozone.scm.datanode.port appended with serviceId and nodeId
2024-09-18 12:54:37,859 [main] INFO  volume.HddsVolume (HddsVolume.java:<init>(127)) - Creating HddsVolume: /home/runner/work/ozone/ozone/hadoop-ozone/integration-test/target/test-dir/MiniOzoneClusterImpl-1474a09c-6dad-4fc4-86e4-bad221540704/ozone-meta/datanode-2/data-0/hdds of storage type : DISK capacity : 9222449699674390527
2024-09-18 12:54:37,860 [main] INFO  volume.MutableVolumeSet (MutableVolumeSet.java:initializeVolumeSet(173)) - Added Volume : /home/runner/work/ozone/ozone/hadoop-ozone/integration-test/target/test-dir/MiniOzoneClusterImpl-1474a09c-6dad-4fc4-86e4-bad221540704/ozone-meta/datanode-2/data-0/hdds to VolumeSet
2024-09-18 12:54:37,862 [main] INFO  volume.MutableVolumeSet (MutableVolumeSet.java:initializeVolumeSet(173)) - Added Volume : /home/runner/work/ozone/ozone/hadoop-ozone/integration-test/target/test-dir/MiniOzoneClusterImpl-1474a09c-6dad-4fc4-86e4-bad221540704/ozone-meta/datanode-2/ratis to VolumeSet
2024-09-18 12:54:37,866 [main] INFO  ozoneimpl.OzoneContainer (HddsVolumeUtil.java:loadAllHddsVolumeDbStore(103)) - Load 1 volumes DbStore cost: 0ms
2024-09-18 12:54:37,868 [main] INFO  impl.FilePerChunkStrategy (FilePerChunkStrategy.java:<init>(84)) - ozone.chunk.read.mapped.buffer.max.count is load with 0
2024-09-18 12:54:37,868 [main] INFO  impl.FilePerBlockStrategy (FilePerBlockStrategy.java:<init>(91)) - ozone.chunk.read.mapped.buffer.max.count is load with 0
2024-09-18 12:54:37,869 [main] INFO  server.RaftServerConfigKeys (ConfUtils.java:logGet(46)) - raft.server.log.appender.buffer.byte-limit = 33554432 (custom)
2024-09-18 12:54:37,871 [main] INFO  server.RaftServer (ConfUtils.java:logGet(46)) - raft.rpc.type = GRPC (default)
2024-09-18 12:54:37,871 [main] INFO  grpc.GrpcConfigKeys (ConfUtils.java:logFallback(53)) - raft.grpc.admin.host = null (fallback to raft.grpc.server.host)
2024-09-18 12:54:37,872 [main] INFO  grpc.GrpcConfigKeys (ConfUtils.java:logGet(46)) - raft.grpc.admin.port = 15029 (custom)
2024-09-18 12:54:37,872 [main] INFO  grpc.GrpcConfigKeys (ConfUtils.java:logFallback(53)) - raft.grpc.client.host = null (fallback to raft.grpc.server.host)
2024-09-18 12:54:37,872 [main] INFO  grpc.GrpcConfigKeys (ConfUtils.java:logGet(46)) - raft.grpc.client.port = 15029 (custom)
2024-09-18 12:54:37,872 [main] INFO  grpc.GrpcConfigKeys (ConfUtils.java:logGet(46)) - raft.grpc.server.host = null (default)
2024-09-18 12:54:37,872 [main] INFO  grpc.GrpcConfigKeys (ConfUtils.java:logGet(46)) - raft.grpc.server.port = 15029 (custom)
2024-09-18 12:54:37,872 [main] INFO  server.GrpcService (ConfUtils.java:logGet(46)) - raft.grpc.message.size.max = 34603008 (custom)
2024-09-18 12:54:37,872 [main] INFO  server.RaftServerConfigKeys (ConfUtils.java:logGet(46)) - raft.server.log.appender.buffer.byte-limit = 33554432 (custom)
2024-09-18 12:54:37,872 [main] INFO  server.GrpcService (ConfUtils.java:logGet(46)) - raft.grpc.flow.control.window = 5MB (=5242880) (custom)
2024-09-18 12:54:37,872 [main] INFO  server.RaftServerConfigKeys (ConfUtils.java:logGet(46)) - raft.server.rpc.request.timeout = 60s (custom)
2024-09-18 12:54:37,873 [main] INFO  grpc.GrpcConfigKeys (ConfUtils.java:logGet(46)) - raft.grpc.server.heartbeat.channel = true (default)
2024-09-18 12:54:37,873 [main] INFO  grpc.GrpcConfigKeys (ConfUtils.java:logGet(46)) - raft.grpc.server.async.request.thread.pool.cached = true (default)
2024-09-18 12:54:37,873 [main] INFO  grpc.GrpcConfigKeys (ConfUtils.java:logGet(46)) - raft.grpc.server.async.request.thread.pool.size = 32 (default)
2024-09-18 12:54:37,882 [main] INFO  impl.DataStreamServerImpl (ConfUtils.java:logGet(46)) - raft.datastream.type = NETTY (custom)
2024-09-18 12:54:37,882 [main] INFO  server.RaftServerConfigKeys (ConfUtils.java:logGet(46)) - raft.server.data-stream.async.request.thread.pool.cached = false (default)
2024-09-18 12:54:37,882 [main] INFO  server.RaftServerConfigKeys (ConfUtils.java:logGet(46)) - raft.server.data-stream.async.request.thread.pool.size = 20 (custom)
2024-09-18 12:54:37,882 [main] INFO  server.RaftServerConfigKeys (ConfUtils.java:logGet(46)) - raft.server.data-stream.async.write.thread.pool.size = 16 (default)
2024-09-18 12:54:37,883 [main] INFO  netty.NettyConfigKeys$DataStream (ConfUtils.java:logGet(46)) - raft.netty.dataStream.server.channel.inactive.grace-period = 10min (default)
2024-09-18 12:54:37,883 [main] INFO  server.RaftServerConfigKeys (ConfUtils.java:logGet(46)) - raft.server.data-stream.client.pool.size = 10 (default)
2024-09-18 12:54:37,883 [main] INFO  netty.NettyConfigKeys$DataStream (ConfUtils.java:logGet(46)) - raft.netty.dataStream.server.use-epoll = true (default)
2024-09-18 12:54:37,883 [main] INFO  netty.NettyConfigKeys$DataStream (ConfUtils.java:logGet(46)) - raft.netty.dataStream.server.boss-group.size = 0 (default)
2024-09-18 12:54:37,883 [main] INFO  netty.NettyUtils (NettyUtils.java:newEventLoopGroup(74)) - Create EpollEventLoopGroup for 27821b7d-0624-41cc-9490-31ed12e2696a-NettyServerStreamRpc-bossGroup; Thread size is 0.
2024-09-18 12:54:37,884 [main] INFO  netty.NettyConfigKeys$DataStream (ConfUtils.java:logGet(46)) - raft.netty.dataStream.server.worker-group.size = 0 (default)
2024-09-18 12:54:37,884 [main] INFO  netty.NettyUtils (NettyUtils.java:newEventLoopGroup(74)) - Create EpollEventLoopGroup for 27821b7d-0624-41cc-9490-31ed12e2696a-NettyServerStreamRpc-workerGroup; Thread size is 0.
2024-09-18 12:54:37,885 [main] INFO  netty.NettyConfigKeys$DataStream (ConfUtils.java:logGet(46)) - raft.netty.dataStream.server.tls.conf = null (default)
2024-09-18 12:54:37,885 [main] INFO  netty.NettyConfigKeys$DataStream (ConfUtils.java:logGet(46)) - raft.netty.dataStream.host = null (default)
2024-09-18 12:54:37,885 [main] INFO  netty.NettyConfigKeys$DataStream (ConfUtils.java:logGet(46)) - raft.netty.dataStream.port = 15032 (custom)
2024-09-18 12:54:37,891 [main] INFO  server.RaftServerConfigKeys (ConfUtils.java:logGet(46)) - raft.server.sleep.deviation.threshold = 300ms (default)
2024-09-18 12:54:37,891 [main] INFO  server.RaftServerConfigKeys (ConfUtils.java:logGet(46)) - raft.server.close.threshold = 60s (default)
2024-09-18 12:54:37,891 [main] INFO  server.RaftServerConfigKeys (ConfUtils.java:logGet(46)) - raft.server.leaderelection.leader.step-down.wait-time = 10s (default)
2024-09-18 12:54:37,891 [main] INFO  server.RaftServerConfigKeys (ConfUtils.java:logGet(46)) - raft.server.storage.dir = [/home/runner/work/ozone/ozone/hadoop-ozone/integration-test/target/test-dir/MiniOzoneClusterImpl-1474a09c-6dad-4fc4-86e4-bad221540704/ozone-meta/datanode-2/ratis] (custom)
2024-09-18 12:54:37,891 [main] INFO  server.RaftServerConfigKeys (ConfUtils.java:logGet(46)) - raft.server.threadpool.proxy.cached = true (default)
2024-09-18 12:54:37,891 [main] INFO  server.RaftServerConfigKeys (ConfUtils.java:logGet(46)) - raft.server.threadpool.proxy.size = 0 (default)
2024-09-18 12:54:37,892 [27821b7d-0624-41cc-9490-31ed12e2696a-NettyServerStreamRpc-bossGroup--thread1] INFO  logging.LoggingHandler (AbstractInternalLogger.java:log(148)) - [id: 0x34efc0a7] REGISTERED
2024-09-18 12:54:37,892 [27821b7d-0624-41cc-9490-31ed12e2696a-impl-thread1] INFO  server.RaftServer (RaftServerProxy.java:initGroupDir(266)) - 27821b7d-0624-41cc-9490-31ed12e2696a: found a subdirectory /home/runner/work/ozone/ozone/hadoop-ozone/integration-test/target/test-dir/MiniOzoneClusterImpl-1474a09c-6dad-4fc4-86e4-bad221540704/ozone-meta/datanode-2/ratis/tmp
2024-09-18 12:54:37,892 [27821b7d-0624-41cc-9490-31ed12e2696a-impl-thread1] INFO  server.RaftServer (RaftServerProxy.java:initGroupDir(271)) - 27821b7d-0624-41cc-9490-31ed12e2696a: The directory /home/runner/work/ozone/ozone/hadoop-ozone/integration-test/target/test-dir/MiniOzoneClusterImpl-1474a09c-6dad-4fc4-86e4-bad221540704/ozone-meta/datanode-2/ratis/tmp is not a group directory; ignoring it. 
2024-09-18 12:54:37,892 [main] INFO  replication.ReplicationServer (ReplicationServer.java:<init>(86)) - Initializing replication server with thread count = 10 queue length = 4096
2024-09-18 12:54:37,892 [27821b7d-0624-41cc-9490-31ed12e2696a-NettyServerStreamRpc-bossGroup--thread1] INFO  logging.LoggingHandler (AbstractInternalLogger.java:log(148)) - [id: 0x34efc0a7] BIND: 0.0.0.0/0.0.0.0:15032
2024-09-18 12:54:37,893 [27821b7d-0624-41cc-9490-31ed12e2696a-NettyServerStreamRpc-bossGroup--thread1] INFO  logging.LoggingHandler (AbstractInternalLogger.java:log(148)) - [id: 0x34efc0a7, L:/0.0.0.0:15032] ACTIVE
2024-09-18 12:54:37,894 [main] INFO  server.XceiverServerGrpc (XceiverServerGrpc.java:<init>(141)) - GrpcServer channel type EpollServerSocketChannel
2024-09-18 12:54:37,896 [main] INFO  replication.ReplicationSupervisor (ReplicationSupervisor.java:build(164)) - Initializing replication supervisor with thread count = 10
2024-09-18 12:54:37,896 [main] INFO  replication.ReplicationSupervisor (ReplicationSupervisor.java:nodeStateUpdated(336)) - Node state updated to IN_SERVICE, scaling executor pool size to 10
2024-09-18 12:54:37,903 [main] INFO  http.BaseHttpServer (BaseHttpServer.java:newHttpServer2BuilderForOzone(223)) - Starting Web-server for hddsDatanode at: http://0.0.0.0:15026
2024-09-18 12:54:37,903 [main] INFO  http.BaseHttpServer (BaseHttpServer.java:<init>(110)) - Hadoop Security Enabled: false Ozone Security Enabled: false Ozone HTTP Security Enabled: false 
2024-09-18 12:54:37,905 [main] WARN  server.AuthenticationFilter (AuthenticationFilter.java:constructSecretProvider(240)) - Unable to initialize FileSignerSecretProvider, falling back to use random secrets. Reason: Could not read signature secret file: /home/runner/hadoop-http-auth-signature-secret
2024-09-18 12:54:37,909 [main] INFO  http.HttpRequestLog (HttpRequestLog.java:getRequestLog(86)) - Http request log for http.requests.hddsDatanode is not defined
2024-09-18 12:54:37,911 [main] INFO  http.HttpServer2 (HttpServer2.java:addGlobalFilter(1035)) - Added global filter 'safety' (class=org.apache.hadoop.hdds.server.http.HttpServer2$QuotingInputFilter)
2024-09-18 12:54:37,912 [main] INFO  http.HttpServer2 (HttpServer2.java:addFilter(1011)) - Added filter static_user_filter (class=org.apache.hadoop.http.lib.StaticUserWebFilter$StaticUserFilter) to context hddsDatanode
2024-09-18 12:54:37,912 [main] INFO  http.HttpServer2 (HttpServer2.java:addFilter(1019)) - Added filter static_user_filter (class=org.apache.hadoop.http.lib.StaticUserWebFilter$StaticUserFilter) to context static
2024-09-18 12:54:37,912 [main] INFO  http.HttpServer2 (HttpServer2.java:addFilter(1019)) - Added filter static_user_filter (class=org.apache.hadoop.http.lib.StaticUserWebFilter$StaticUserFilter) to context logs
2024-09-18 12:54:37,913 [main] INFO  http.BaseHttpServer (BaseHttpServer.java:<init>(189)) - HTTP server of hddsDatanode uses base directory /home/runner/work/ozone/ozone/hadoop-ozone/integration-test/target/test-dir/MiniOzoneClusterImpl-1474a09c-6dad-4fc4-86e4-bad221540704/ozone-meta/datanode-2/meta/webserver
2024-09-18 12:54:37,913 [main] INFO  http.HttpServer2 (HttpServer2.java:bindListener(1235)) - Jetty bound to port 15026
2024-09-18 12:54:37,914 [main] INFO  server.Server (Server.java:doStart(375)) - jetty-9.4.56.v20240826; built: 2024-08-26T17:15:05.868Z; git: ec6782ff5ead824dabdcf47fa98f90a4aedff401; jvm 17.0.12+7
2024-09-18 12:54:37,917 [main] INFO  server.session (DefaultSessionIdManager.java:doStart(334)) - DefaultSessionIdManager workerName=node0
2024-09-18 12:54:37,917 [main] INFO  server.session (DefaultSessionIdManager.java:doStart(339)) - No SessionScavenger set, using defaults
2024-09-18 12:54:37,918 [main] INFO  server.session (HouseKeeper.java:startScavenging(132)) - node0 Scavenging every 660000ms
2024-09-18 12:54:37,919 [main] INFO  handler.ContextHandler (ContextHandler.java:doStart(921)) - Started o.e.j.s.ServletContextHandler@330ee022{logs,/logs,file:///home/runner/work/ozone/ozone/hadoop-ozone/integration-test/target/log,AVAILABLE}
2024-09-18 12:54:37,919 [main] INFO  handler.ContextHandler (ContextHandler.java:doStart(921)) - Started o.e.j.s.ServletContextHandler@6f469aef{static,/static,jar:file:/home/runner/work/ozone/ozone/hadoop-hdds/container-service/target/hdds-container-service-1.5.0-SNAPSHOT.jar!/webapps/static,AVAILABLE}
2024-09-18 12:54:37,951 [59105c30-b290-410a-a9ca-d50346fc903f-DatanodeStateMachineTaskThread-0] INFO  datanode.InitDatanodeState (InitDatanodeState.java:persistContainerDatanodeDetails(139)) - DatanodeDetails is persisted to /home/runner/work/ozone/ozone/hadoop-ozone/integration-test/target/test-dir/MiniOzoneClusterImpl-1474a09c-6dad-4fc4-86e4-bad221540704/ozone-meta/datanode-1/meta/datanode.id
2024-09-18 12:54:38,137 [main] INFO  handler.ContextHandler (ContextHandler.java:doStart(921)) - Started o.e.j.w.WebAppContext@3577d2a2{hddsDatanode,/,file:///home/runner/work/ozone/ozone/hadoop-ozone/integration-test/target/test-dir/MiniOzoneClusterImpl-1474a09c-6dad-4fc4-86e4-bad221540704/ozone-meta/datanode-2/meta/webserver/jetty-0_0_0_0-15026-hdds-container-service-1_5_0-SNAPSHOT_jar-_-any-3036035552406442511/webapp/,AVAILABLE}{jar:file:/home/runner/work/ozone/ozone/hadoop-hdds/container-service/target/hdds-container-service-1.5.0-SNAPSHOT.jar!/webapps/hddsDatanode}
2024-09-18 12:54:38,138 [main] INFO  server.AbstractConnector (AbstractConnector.java:doStart(333)) - Started ServerConnector@62d6caf9{HTTP/1.1, (http/1.1)}{0.0.0.0:15026}
2024-09-18 12:54:38,138 [main] INFO  server.Server (Server.java:doStart(415)) - Started @19355ms
2024-09-18 12:54:38,138 [main] WARN  impl.MetricsSystemImpl (MetricsSystemImpl.java:register(279)) - Sink prometheus already exists!
2024-09-18 12:54:38,139 [main] INFO  http.BaseHttpServer (BaseHttpServer.java:updateConnectorAddress(354)) - HTTP server of hddsDatanode listening at http://0.0.0.0:15026
2024-09-18 12:54:38,140 [main] INFO  ipc.CallQueueManager (CallQueueManager.java:<init>(90)) - Using callQueue: class java.util.concurrent.LinkedBlockingQueue, queueCapacity: 1000, scheduler: class org.apache.hadoop.ipc.DefaultRpcScheduler, ipcBackoff: false.
2024-09-18 12:54:38,140 [main] INFO  ipc.Server (Server.java:<init>(1287)) - Listener at 0.0.0.0:15027
2024-09-18 12:54:38,141 [Socket Reader #1 for port 15027] INFO  ipc.Server (Server.java:run(1323)) - Starting Socket Reader #1 for port 15027
2024-09-18 12:54:38,141 [Socket Reader #3 for port 15027] INFO  ipc.Server (Server.java:run(1323)) - Starting Socket Reader #3 for port 15027
2024-09-18 12:54:38,142 [Socket Reader #2 for port 15027] INFO  ipc.Server (Server.java:run(1323)) - Starting Socket Reader #2 for port 15027
2024-09-18 12:54:38,145 [Socket Reader #4 for port 15027] INFO  ipc.Server (Server.java:run(1323)) - Starting Socket Reader #4 for port 15027
2024-09-18 12:54:38,145 [Socket Reader #5 for port 15027] INFO  ipc.Server (Server.java:run(1323)) - Starting Socket Reader #5 for port 15027
2024-09-18 12:54:38,146 [Socket Reader #6 for port 15027] INFO  ipc.Server (Server.java:run(1323)) - Starting Socket Reader #6 for port 15027
2024-09-18 12:54:38,146 [Socket Reader #7 for port 15027] INFO  ipc.Server (Server.java:run(1323)) - Starting Socket Reader #7 for port 15027
2024-09-18 12:54:38,147 [Socket Reader #8 for port 15027] INFO  ipc.Server (Server.java:run(1323)) - Starting Socket Reader #8 for port 15027
2024-09-18 12:54:38,147 [Socket Reader #9 for port 15027] INFO  ipc.Server (Server.java:run(1323)) - Starting Socket Reader #9 for port 15027
2024-09-18 12:54:38,148 [Socket Reader #10 for port 15027] INFO  ipc.Server (Server.java:run(1323)) - Starting Socket Reader #10 for port 15027
2024-09-18 12:54:38,150 [main] INFO  ozone.HddsDatanodeService (HddsDatanodeService.java:start(319)) - Datanode start with admins: [runner]
2024-09-18 12:54:38,151 [main] INFO  ozone.HddsDatanodeClientProtocolServer (HddsDatanodeClientProtocolServer.java:start(79)) - RPC server for Client /0.0.0.0:15027
2024-09-18 12:54:38,153 [IPC Server Responder] INFO  ipc.Server (Server.java:run(1562)) - IPC Server Responder: starting
2024-09-18 12:54:38,153 [IPC Server listener on 15027] INFO  ipc.Server (Server.java:run(1402)) - IPC Server listener on 15027: starting
2024-09-18 12:54:38,156 [main] WARN  dropwizard3.Dm3MetricRegistriesImpl (Dm3MetricRegistriesImpl.java:addReporterRegistration(114)) - New reporters are added after registries were created. Some metrics will be missing from the reporter. Please add reporter before adding any new registry.
2024-09-18 12:54:38,156 [main] WARN  dropwizard3.Dm3MetricRegistriesImpl (Dm3MetricRegistriesImpl.java:addReporterRegistration(114)) - New reporters are added after registries were created. Some metrics will be missing from the reporter. Please add reporter before adding any new registry.
2024-09-18 12:54:38,156 [main] INFO  impl.MetricsSystemImpl (MetricsSystemImpl.java:init(158)) - HddsDatanode metrics system started (again)
2024-09-18 12:54:38,171 [main] INFO  ozone.HddsDatanodeService (HddsDatanodeService.java:start(235)) - HddsDatanodeService host:fv-az1197-713.odgzd3gufrueld5albp03340rf.phxx.internal.cloudapp.net ip:10.1.0.102
2024-09-18 12:54:38,172 [27821b7d-0624-41cc-9490-31ed12e2696a-DatanodeStateMachineDaemonThread] INFO  statemachine.DatanodeStateMachine (DatanodeStateMachine.java:startStateMachineThread(337)) - Ozone container server started.
2024-09-18 12:54:38,174 [main] INFO  upgrade.AbstractLayoutVersionManager (AbstractLayoutVersionManager.java:init(83)) - Initializing Layout version manager with metadata layout = HBASE_SUPPORT (version = 8), software layout = HBASE_SUPPORT (version = 8)
2024-09-18 12:54:38,174 [main] INFO  ha.SCMNodeInfo (SCMNodeInfo.java:getPort(197)) - ConfigKey ozone.scm.client.address is deprecated, For configuring different ports for each SCM use PortConfigKey ozone.scm.client.port appended with serviceId and nodeId
2024-09-18 12:54:38,174 [main] INFO  ha.SCMNodeInfo (SCMNodeInfo.java:getPort(197)) - ConfigKey ozone.scm.block.client.address is deprecated, For configuring different ports for each SCM use PortConfigKey ozone.scm.block.client.port appended with serviceId and nodeId
2024-09-18 12:54:38,174 [27821b7d-0624-41cc-9490-31ed12e2696a-DatanodeStateMachineTaskThread-0] INFO  ha.SCMNodeInfo (SCMNodeInfo.java:getPort(197)) - ConfigKey ozone.scm.client.address is deprecated, For configuring different ports for each SCM use PortConfigKey ozone.scm.client.port appended with serviceId and nodeId
2024-09-18 12:54:38,175 [main] INFO  ha.SCMNodeInfo (SCMNodeInfo.java:getPort(197)) - ConfigKey ozone.scm.security.service.address is deprecated, For configuring different ports for each SCM use PortConfigKey ozone.scm.security.service.port appended with serviceId and nodeId
2024-09-18 12:54:38,175 [main] INFO  ha.SCMNodeInfo (SCMNodeInfo.java:getPort(197)) - ConfigKey ozone.scm.datanode.address is deprecated, For configuring different ports for each SCM use PortConfigKey ozone.scm.datanode.port appended with serviceId and nodeId
2024-09-18 12:54:38,175 [main] INFO  statemachine.DatanodeStateMachine (DatanodeStateMachine.java:getEndPointTaskThreadPoolSize(294)) - Datanode State Machine Task Thread Pool size 2
2024-09-18 12:54:38,178 [main] INFO  volume.HddsVolume (HddsVolume.java:<init>(127)) - Creating HddsVolume: /home/runner/work/ozone/ozone/hadoop-ozone/integration-test/target/test-dir/MiniOzoneClusterImpl-1474a09c-6dad-4fc4-86e4-bad221540704/ozone-meta/datanode-3/data-0/hdds of storage type : DISK capacity : 9222449699674390527
2024-09-18 12:54:38,178 [main] INFO  volume.MutableVolumeSet (MutableVolumeSet.java:initializeVolumeSet(173)) - Added Volume : /home/runner/work/ozone/ozone/hadoop-ozone/integration-test/target/test-dir/MiniOzoneClusterImpl-1474a09c-6dad-4fc4-86e4-bad221540704/ozone-meta/datanode-3/data-0/hdds to VolumeSet
2024-09-18 12:54:38,180 [main] INFO  volume.MutableVolumeSet (MutableVolumeSet.java:initializeVolumeSet(173)) - Added Volume : /home/runner/work/ozone/ozone/hadoop-ozone/integration-test/target/test-dir/MiniOzoneClusterImpl-1474a09c-6dad-4fc4-86e4-bad221540704/ozone-meta/datanode-3/ratis to VolumeSet
2024-09-18 12:54:38,181 [main] INFO  ozoneimpl.OzoneContainer (HddsVolumeUtil.java:loadAllHddsVolumeDbStore(103)) - Load 1 volumes DbStore cost: 0ms
2024-09-18 12:54:38,182 [main] INFO  impl.FilePerChunkStrategy (FilePerChunkStrategy.java:<init>(84)) - ozone.chunk.read.mapped.buffer.max.count is load with 0
2024-09-18 12:54:38,183 [main] INFO  impl.FilePerBlockStrategy (FilePerBlockStrategy.java:<init>(91)) - ozone.chunk.read.mapped.buffer.max.count is load with 0
2024-09-18 12:54:38,181 [27821b7d-0624-41cc-9490-31ed12e2696a-DatanodeStateMachineTaskThread-0] INFO  ha.SCMNodeInfo (SCMNodeInfo.java:getPort(197)) - ConfigKey ozone.scm.block.client.address is deprecated, For configuring different ports for each SCM use PortConfigKey ozone.scm.block.client.port appended with serviceId and nodeId
2024-09-18 12:54:38,184 [27821b7d-0624-41cc-9490-31ed12e2696a-DatanodeStateMachineTaskThread-0] INFO  ha.SCMNodeInfo (SCMNodeInfo.java:getPort(197)) - ConfigKey ozone.scm.security.service.address is deprecated, For configuring different ports for each SCM use PortConfigKey ozone.scm.security.service.port appended with serviceId and nodeId
2024-09-18 12:54:38,184 [main] INFO  server.RaftServerConfigKeys (ConfUtils.java:logGet(46)) - raft.server.log.appender.buffer.byte-limit = 33554432 (custom)
2024-09-18 12:54:38,184 [27821b7d-0624-41cc-9490-31ed12e2696a-DatanodeStateMachineTaskThread-0] INFO  ha.SCMNodeInfo (SCMNodeInfo.java:getPort(197)) - ConfigKey ozone.scm.datanode.address is deprecated, For configuring different ports for each SCM use PortConfigKey ozone.scm.datanode.port appended with serviceId and nodeId
2024-09-18 12:54:38,186 [main] INFO  server.RaftServer (ConfUtils.java:logGet(46)) - raft.rpc.type = GRPC (default)
2024-09-18 12:54:38,186 [main] INFO  grpc.GrpcConfigKeys (ConfUtils.java:logFallback(53)) - raft.grpc.admin.host = null (fallback to raft.grpc.server.host)
2024-09-18 12:54:38,186 [main] INFO  grpc.GrpcConfigKeys (ConfUtils.java:logGet(46)) - raft.grpc.admin.port = 15038 (custom)
2024-09-18 12:54:38,186 [main] INFO  grpc.GrpcConfigKeys (ConfUtils.java:logFallback(53)) - raft.grpc.client.host = null (fallback to raft.grpc.server.host)
2024-09-18 12:54:38,186 [main] INFO  grpc.GrpcConfigKeys (ConfUtils.java:logGet(46)) - raft.grpc.client.port = 15038 (custom)
2024-09-18 12:54:38,187 [main] INFO  grpc.GrpcConfigKeys (ConfUtils.java:logGet(46)) - raft.grpc.server.host = null (default)
2024-09-18 12:54:38,187 [main] INFO  grpc.GrpcConfigKeys (ConfUtils.java:logGet(46)) - raft.grpc.server.port = 15038 (custom)
2024-09-18 12:54:38,187 [main] INFO  server.GrpcService (ConfUtils.java:logGet(46)) - raft.grpc.message.size.max = 34603008 (custom)
2024-09-18 12:54:38,187 [main] INFO  server.RaftServerConfigKeys (ConfUtils.java:logGet(46)) - raft.server.log.appender.buffer.byte-limit = 33554432 (custom)
2024-09-18 12:54:38,187 [main] INFO  server.GrpcService (ConfUtils.java:logGet(46)) - raft.grpc.flow.control.window = 5MB (=5242880) (custom)
2024-09-18 12:54:38,187 [main] INFO  server.RaftServerConfigKeys (ConfUtils.java:logGet(46)) - raft.server.rpc.request.timeout = 60s (custom)
2024-09-18 12:54:38,187 [main] INFO  grpc.GrpcConfigKeys (ConfUtils.java:logGet(46)) - raft.grpc.server.heartbeat.channel = true (default)
2024-09-18 12:54:38,188 [main] INFO  grpc.GrpcConfigKeys (ConfUtils.java:logGet(46)) - raft.grpc.server.async.request.thread.pool.cached = true (default)
2024-09-18 12:54:38,188 [main] INFO  grpc.GrpcConfigKeys (ConfUtils.java:logGet(46)) - raft.grpc.server.async.request.thread.pool.size = 32 (default)
2024-09-18 12:54:38,189 [main] INFO  impl.DataStreamServerImpl (ConfUtils.java:logGet(46)) - raft.datastream.type = NETTY (custom)
2024-09-18 12:54:38,189 [main] INFO  server.RaftServerConfigKeys (ConfUtils.java:logGet(46)) - raft.server.data-stream.async.request.thread.pool.cached = false (default)
2024-09-18 12:54:38,189 [main] INFO  server.RaftServerConfigKeys (ConfUtils.java:logGet(46)) - raft.server.data-stream.async.request.thread.pool.size = 20 (custom)
2024-09-18 12:54:38,190 [main] INFO  server.RaftServerConfigKeys (ConfUtils.java:logGet(46)) - raft.server.data-stream.async.write.thread.pool.size = 16 (default)
2024-09-18 12:54:38,190 [main] INFO  netty.NettyConfigKeys$DataStream (ConfUtils.java:logGet(46)) - raft.netty.dataStream.server.channel.inactive.grace-period = 10min (default)
2024-09-18 12:54:38,190 [main] INFO  server.RaftServerConfigKeys (ConfUtils.java:logGet(46)) - raft.server.data-stream.client.pool.size = 10 (default)
2024-09-18 12:54:38,190 [main] INFO  netty.NettyConfigKeys$DataStream (ConfUtils.java:logGet(46)) - raft.netty.dataStream.server.use-epoll = true (default)
2024-09-18 12:54:38,190 [main] INFO  netty.NettyConfigKeys$DataStream (ConfUtils.java:logGet(46)) - raft.netty.dataStream.server.boss-group.size = 0 (default)
2024-09-18 12:54:38,190 [main] INFO  netty.NettyUtils (NettyUtils.java:newEventLoopGroup(74)) - Create EpollEventLoopGroup for 856d6c8f-d120-404b-902c-ec203ff8b049-NettyServerStreamRpc-bossGroup; Thread size is 0.
2024-09-18 12:54:38,191 [main] INFO  netty.NettyConfigKeys$DataStream (ConfUtils.java:logGet(46)) - raft.netty.dataStream.server.worker-group.size = 0 (default)
2024-09-18 12:54:38,191 [main] INFO  netty.NettyUtils (NettyUtils.java:newEventLoopGroup(74)) - Create EpollEventLoopGroup for 856d6c8f-d120-404b-902c-ec203ff8b049-NettyServerStreamRpc-workerGroup; Thread size is 0.
2024-09-18 12:54:38,192 [27821b7d-0624-41cc-9490-31ed12e2696a-DatanodeStateMachineTaskThread-0] INFO  datanode.InitDatanodeState (InitDatanodeState.java:persistContainerDatanodeDetails(139)) - DatanodeDetails is persisted to /home/runner/work/ozone/ozone/hadoop-ozone/integration-test/target/test-dir/MiniOzoneClusterImpl-1474a09c-6dad-4fc4-86e4-bad221540704/ozone-meta/datanode-2/meta/datanode.id
2024-09-18 12:54:38,192 [main] INFO  netty.NettyConfigKeys$DataStream (ConfUtils.java:logGet(46)) - raft.netty.dataStream.server.tls.conf = null (default)
2024-09-18 12:54:38,192 [main] INFO  netty.NettyConfigKeys$DataStream (ConfUtils.java:logGet(46)) - raft.netty.dataStream.host = null (default)
2024-09-18 12:54:38,192 [main] INFO  netty.NettyConfigKeys$DataStream (ConfUtils.java:logGet(46)) - raft.netty.dataStream.port = 15041 (custom)
2024-09-18 12:54:38,193 [main] INFO  server.RaftServerConfigKeys (ConfUtils.java:logGet(46)) - raft.server.sleep.deviation.threshold = 300ms (default)
2024-09-18 12:54:38,193 [main] INFO  server.RaftServerConfigKeys (ConfUtils.java:logGet(46)) - raft.server.close.threshold = 60s (default)
2024-09-18 12:54:38,194 [main] INFO  server.RaftServerConfigKeys (ConfUtils.java:logGet(46)) - raft.server.leaderelection.leader.step-down.wait-time = 10s (default)
2024-09-18 12:54:38,194 [main] INFO  server.RaftServerConfigKeys (ConfUtils.java:logGet(46)) - raft.server.storage.dir = [/home/runner/work/ozone/ozone/hadoop-ozone/integration-test/target/test-dir/MiniOzoneClusterImpl-1474a09c-6dad-4fc4-86e4-bad221540704/ozone-meta/datanode-3/ratis] (custom)
2024-09-18 12:54:38,195 [856d6c8f-d120-404b-902c-ec203ff8b049-NettyServerStreamRpc-bossGroup--thread1] INFO  logging.LoggingHandler (AbstractInternalLogger.java:log(148)) - [id: 0xb9e3e37d] REGISTERED
2024-09-18 12:54:38,195 [main] INFO  server.RaftServerConfigKeys (ConfUtils.java:logGet(46)) - raft.server.threadpool.proxy.cached = true (default)
2024-09-18 12:54:38,195 [main] INFO  server.RaftServerConfigKeys (ConfUtils.java:logGet(46)) - raft.server.threadpool.proxy.size = 0 (default)
2024-09-18 12:54:38,195 [856d6c8f-d120-404b-902c-ec203ff8b049-NettyServerStreamRpc-bossGroup--thread1] INFO  logging.LoggingHandler (AbstractInternalLogger.java:log(148)) - [id: 0xb9e3e37d] BIND: 0.0.0.0/0.0.0.0:15041
2024-09-18 12:54:38,196 [856d6c8f-d120-404b-902c-ec203ff8b049-NettyServerStreamRpc-bossGroup--thread1] INFO  logging.LoggingHandler (AbstractInternalLogger.java:log(148)) - [id: 0xb9e3e37d, L:/0.0.0.0:15041] ACTIVE
2024-09-18 12:54:38,197 [856d6c8f-d120-404b-902c-ec203ff8b049-impl-thread1] INFO  server.RaftServer (RaftServerProxy.java:initGroupDir(266)) - 856d6c8f-d120-404b-902c-ec203ff8b049: found a subdirectory /home/runner/work/ozone/ozone/hadoop-ozone/integration-test/target/test-dir/MiniOzoneClusterImpl-1474a09c-6dad-4fc4-86e4-bad221540704/ozone-meta/datanode-3/ratis/tmp
2024-09-18 12:54:38,197 [856d6c8f-d120-404b-902c-ec203ff8b049-impl-thread1] INFO  server.RaftServer (RaftServerProxy.java:initGroupDir(271)) - 856d6c8f-d120-404b-902c-ec203ff8b049: The directory /home/runner/work/ozone/ozone/hadoop-ozone/integration-test/target/test-dir/MiniOzoneClusterImpl-1474a09c-6dad-4fc4-86e4-bad221540704/ozone-meta/datanode-3/ratis/tmp is not a group directory; ignoring it. 
2024-09-18 12:54:38,198 [main] INFO  replication.ReplicationServer (ReplicationServer.java:<init>(86)) - Initializing replication server with thread count = 10 queue length = 4096
2024-09-18 12:54:38,199 [main] INFO  server.XceiverServerGrpc (XceiverServerGrpc.java:<init>(141)) - GrpcServer channel type EpollServerSocketChannel
2024-09-18 12:54:38,202 [main] INFO  replication.ReplicationSupervisor (ReplicationSupervisor.java:build(164)) - Initializing replication supervisor with thread count = 10
2024-09-18 12:54:38,202 [main] INFO  replication.ReplicationSupervisor (ReplicationSupervisor.java:nodeStateUpdated(336)) - Node state updated to IN_SERVICE, scaling executor pool size to 10
2024-09-18 12:54:38,203 [omNode-1@group-0AAC5367B30E-FollowerState] INFO  impl.FollowerState (FollowerState.java:run(144)) - omNode-1@group-0AAC5367B30E-FollowerState: change to CANDIDATE, lastRpcElapsedTime:1132886196ns, electionTimeout:1130ms
2024-09-18 12:54:38,203 [omNode-1@group-0AAC5367B30E-FollowerState] INFO  impl.RoleInfo (RoleInfo.java:shutdownFollowerState(119)) - omNode-1: shutdown omNode-1@group-0AAC5367B30E-FollowerState
2024-09-18 12:54:38,203 [omNode-1@group-0AAC5367B30E-FollowerState] INFO  server.RaftServer$Division (RaftServerImpl.java:setRole(376)) - omNode-1@group-0AAC5367B30E: changes role from  FOLLOWER to CANDIDATE at term 0 for changeToCandidate
2024-09-18 12:54:38,205 [omNode-1@group-0AAC5367B30E-FollowerState] INFO  server.RaftServerConfigKeys (ConfUtils.java:logGet(46)) - raft.server.leaderelection.pre-vote = true (default)
2024-09-18 12:54:38,205 [omNode-1@group-0AAC5367B30E-FollowerState] INFO  impl.RoleInfo (RoleInfo.java:updateAndGet(148)) - omNode-1: start omNode-1@group-0AAC5367B30E-LeaderElection3
2024-09-18 12:54:38,207 [omNode-1@group-0AAC5367B30E-LeaderElection3] INFO  impl.LeaderElection (LeaderElection.java:askForVotes(321)) - omNode-1@group-0AAC5367B30E-LeaderElection3 PRE_VOTE round 0: submit vote requests at term 0 for conf: {index: -1, cur=peers:[omNode-1|localhost:15015]|listeners:[], old=null}
2024-09-18 12:54:38,207 [omNode-1@group-0AAC5367B30E-LeaderElection3] INFO  impl.LeaderElection (LeaderElection.java:askForVotes(323)) - omNode-1@group-0AAC5367B30E-LeaderElection3 PRE_VOTE round 0: result PASSED (term=0)
2024-09-18 12:54:38,208 [main] INFO  http.BaseHttpServer (BaseHttpServer.java:newHttpServer2BuilderForOzone(223)) - Starting Web-server for hddsDatanode at: http://0.0.0.0:15035
2024-09-18 12:54:38,208 [main] INFO  http.BaseHttpServer (BaseHttpServer.java:<init>(110)) - Hadoop Security Enabled: false Ozone Security Enabled: false Ozone HTTP Security Enabled: false 
2024-09-18 12:54:38,210 [omNode-1@group-0AAC5367B30E-LeaderElection3] INFO  impl.LeaderElection (LeaderElection.java:askForVotes(321)) - omNode-1@group-0AAC5367B30E-LeaderElection3 ELECTION round 0: submit vote requests at term 1 for conf: {index: -1, cur=peers:[omNode-1|localhost:15015]|listeners:[], old=null}
2024-09-18 12:54:38,210 [main] WARN  server.AuthenticationFilter (AuthenticationFilter.java:constructSecretProvider(240)) - Unable to initialize FileSignerSecretProvider, falling back to use random secrets. Reason: Could not read signature secret file: /home/runner/hadoop-http-auth-signature-secret
2024-09-18 12:54:38,211 [omNode-1@group-0AAC5367B30E-LeaderElection3] INFO  impl.LeaderElection (LeaderElection.java:askForVotes(323)) - omNode-1@group-0AAC5367B30E-LeaderElection3 ELECTION round 0: result PASSED (term=1)
2024-09-18 12:54:38,211 [main] INFO  http.HttpRequestLog (HttpRequestLog.java:getRequestLog(86)) - Http request log for http.requests.hddsDatanode is not defined
2024-09-18 12:54:38,212 [omNode-1@group-0AAC5367B30E-LeaderElection3] INFO  impl.RoleInfo (RoleInfo.java:shutdownLeaderElection(139)) - omNode-1: shutdown omNode-1@group-0AAC5367B30E-LeaderElection3
2024-09-18 12:54:38,213 [omNode-1@group-0AAC5367B30E-LeaderElection3] INFO  server.RaftServer$Division (RaftServerImpl.java:setRole(376)) - omNode-1@group-0AAC5367B30E: changes role from CANDIDATE to LEADER at term 1 for changeToLeader
2024-09-18 12:54:38,213 [main] INFO  http.HttpServer2 (HttpServer2.java:addGlobalFilter(1035)) - Added global filter 'safety' (class=org.apache.hadoop.hdds.server.http.HttpServer2$QuotingInputFilter)
2024-09-18 12:54:38,213 [omNode-1@group-0AAC5367B30E-LeaderElection3] INFO  server.RaftServerConfigKeys (ConfUtils.java:logGet(46)) - raft.server.staging.catchup.gap = 1000 (default)
2024-09-18 12:54:38,215 [main] INFO  http.HttpServer2 (HttpServer2.java:addFilter(1011)) - Added filter static_user_filter (class=org.apache.hadoop.http.lib.StaticUserWebFilter$StaticUserFilter) to context hddsDatanode
2024-09-18 12:54:38,215 [main] INFO  http.HttpServer2 (HttpServer2.java:addFilter(1019)) - Added filter static_user_filter (class=org.apache.hadoop.http.lib.StaticUserWebFilter$StaticUserFilter) to context logs
2024-09-18 12:54:38,215 [main] INFO  http.HttpServer2 (HttpServer2.java:addFilter(1019)) - Added filter static_user_filter (class=org.apache.hadoop.http.lib.StaticUserWebFilter$StaticUserFilter) to context static
2024-09-18 12:54:38,215 [main] INFO  http.BaseHttpServer (BaseHttpServer.java:<init>(189)) - HTTP server of hddsDatanode uses base directory /home/runner/work/ozone/ozone/hadoop-ozone/integration-test/target/test-dir/MiniOzoneClusterImpl-1474a09c-6dad-4fc4-86e4-bad221540704/ozone-meta/datanode-3/meta/webserver
2024-09-18 12:54:38,216 [main] INFO  http.HttpServer2 (HttpServer2.java:bindListener(1235)) - Jetty bound to port 15035
2024-09-18 12:54:38,216 [main] INFO  server.Server (Server.java:doStart(375)) - jetty-9.4.56.v20240826; built: 2024-08-26T17:15:05.868Z; git: ec6782ff5ead824dabdcf47fa98f90a4aedff401; jvm 17.0.12+7
2024-09-18 12:54:38,217 [omNode-1@group-0AAC5367B30E-LeaderElection3] INFO  server.RaftServerConfigKeys (ConfUtils.java:logGet(46)) - raft.server.write.element-limit = 4096 (default)
2024-09-18 12:54:38,217 [omNode-1@group-0AAC5367B30E-LeaderElection3] INFO  server.RaftServerConfigKeys (ConfUtils.java:logGet(46)) - raft.server.write.byte-limit = 64MB (=67108864) (default)
2024-09-18 12:54:38,218 [omNode-1@group-0AAC5367B30E-LeaderElection3] INFO  server.RaftServerConfigKeys (ConfUtils.java:logGet(46)) - raft.server.watch.timeout = 10s (default)
2024-09-18 12:54:38,218 [omNode-1@group-0AAC5367B30E-LeaderElection3] INFO  server.RaftServerConfigKeys (ConfUtils.java:logGet(46)) - raft.server.watch.timeout.denomination = 1s (default)
2024-09-18 12:54:38,219 [omNode-1@group-0AAC5367B30E-LeaderElection3] INFO  server.RaftServerConfigKeys (ConfUtils.java:logGet(46)) - raft.server.watch.element-limit = 65536 (default)
2024-09-18 12:54:38,221 [omNode-1@group-0AAC5367B30E-LeaderElection3] INFO  server.RaftServerConfigKeys (ConfUtils.java:logGet(46)) - raft.server.read.leader.lease.enabled = false (default)
2024-09-18 12:54:38,221 [omNode-1@group-0AAC5367B30E-LeaderElection3] INFO  server.RaftServerConfigKeys (ConfUtils.java:logGet(46)) - raft.server.read.leader.lease.timeout.ratio = 0.9 (default)
2024-09-18 12:54:38,222 [omNode-1@group-0AAC5367B30E-LeaderElection3] INFO  server.RaftServerConfigKeys (ConfUtils.java:logGet(46)) - raft.server.rpc.timeout.min = 1s (custom)
2024-09-18 12:54:38,222 [omNode-1@group-0AAC5367B30E-LeaderElection3] INFO  server.RaftServerConfigKeys (ConfUtils.java:logGet(46)) - raft.server.log.log-metadata.enabled = true (default)
2024-09-18 12:54:38,223 [omNode-1@group-0AAC5367B30E-LeaderElection3] INFO  server.RaftServerConfigKeys (ConfUtils.java:logGet(46)) - raft.server.write.element-limit = 4096 (default)
2024-09-18 12:54:38,223 [omNode-1@group-0AAC5367B30E-LeaderElection3] INFO  server.RaftServerConfigKeys (ConfUtils.java:logGet(46)) - raft.server.write.follower.gap.ratio.max = -1.0 (default)
2024-09-18 12:54:38,224 [omNode-1@group-0AAC5367B30E-LeaderElection3] INFO  impl.RoleInfo (RoleInfo.java:updateAndGet(148)) - omNode-1: start omNode-1@group-0AAC5367B30E-LeaderStateImpl
2024-09-18 12:54:38,224 [omNode-1@group-0AAC5367B30E-LeaderElection3] INFO  server.RaftServer$Division (RaftServerImpl.java:setFirstElection(549)) - omNode-1@group-0AAC5367B30E: set firstElectionSinceStartup to false for becomeLeader
2024-09-18 12:54:38,226 [main] INFO  server.session (DefaultSessionIdManager.java:doStart(334)) - DefaultSessionIdManager workerName=node0
2024-09-18 12:54:38,226 [main] INFO  server.session (DefaultSessionIdManager.java:doStart(339)) - No SessionScavenger set, using defaults
2024-09-18 12:54:38,226 [main] INFO  server.session (HouseKeeper.java:startScavenging(132)) - node0 Scavenging every 660000ms
2024-09-18 12:54:38,227 [main] INFO  handler.ContextHandler (ContextHandler.java:doStart(921)) - Started o.e.j.s.ServletContextHandler@6ea8e8bc{logs,/logs,file:///home/runner/work/ozone/ozone/hadoop-ozone/integration-test/target/log,AVAILABLE}
2024-09-18 12:54:38,227 [main] INFO  handler.ContextHandler (ContextHandler.java:doStart(921)) - Started o.e.j.s.ServletContextHandler@12a22dc4{static,/static,jar:file:/home/runner/work/ozone/ozone/hadoop-hdds/container-service/target/hdds-container-service-1.5.0-SNAPSHOT.jar!/webapps/static,AVAILABLE}
2024-09-18 12:54:38,229 [omNode-1@group-0AAC5367B30E-LeaderElection3] INFO  server.RaftServer$Division (ServerState.java:setLeader(272)) - omNode-1@group-0AAC5367B30E: change Leader from null to omNode-1 at term 1 for becomeLeader, leader elected after 2260ms
2024-09-18 12:54:38,229 [omNode-1@group-0AAC5367B30E-LeaderElection3] INFO  segmented.SegmentedRaftLogWorker (SegmentedRaftLogWorker.java:startLogSegment(433)) - omNode-1@group-0AAC5367B30E-SegmentedRaftLogWorker: Starting segment from index:0
2024-09-18 12:54:38,230 [omNode-1@group-0AAC5367B30E-SegmentedRaftLogWorker] INFO  segmented.BufferedWriteChannel (BufferedWriteChannel.java:open(61)) - open log_inprogress_0 at position 0
2024-09-18 12:54:38,234 [omNode-1@group-0AAC5367B30E-LeaderElection3] INFO  server.RaftServer$Division (ServerState.java:setRaftConf(386)) - omNode-1@group-0AAC5367B30E: set configuration conf: {index: 0, cur=peers:[omNode-1|localhost:15015]|listeners:[], old=null}
2024-09-18 12:54:38,241 [omNode-1@group-0AAC5367B30E-SegmentedRaftLogWorker] INFO  segmented.SegmentedRaftLogWorker (SegmentedRaftLogWorker.java:execute(637)) - omNode-1@group-0AAC5367B30E-SegmentedRaftLogWorker: created new log segment /home/runner/work/ozone/ozone/hadoop-ozone/integration-test/target/test-dir/MiniOzoneClusterImpl-1474a09c-6dad-4fc4-86e4-bad221540704/omNode-1/ratis/0718e334-ffa1-36bc-8e9a-0aac5367b30e/current/log_inprogress_0
2024-09-18 12:54:38,322 [omNode-1@group-0AAC5367B30E-StateMachineUpdater] INFO  ratis.OzoneManagerStateMachine (OzoneManagerStateMachine.java:notifyConfigurationChanged(216)) - Received Configuration change notification from Ratis. New Peer list:
[id: "omNode-1"
address: "localhost:15015"
startupRole: FOLLOWER
]
2024-09-18 12:54:38,322 [omNode-1@group-0AAC5367B30E-StateMachineUpdater] INFO  server.RaftServer$Division (LeaderStateImpl.java:checkStartIndex(316)) - Leader omNode-1@group-0AAC5367B30E-LeaderStateImpl is ready since appliedIndex == startIndex == 0
2024-09-18 12:54:38,507 [main] INFO  handler.ContextHandler (ContextHandler.java:doStart(921)) - Started o.e.j.w.WebAppContext@378f09a{hddsDatanode,/,file:///home/runner/work/ozone/ozone/hadoop-ozone/integration-test/target/test-dir/MiniOzoneClusterImpl-1474a09c-6dad-4fc4-86e4-bad221540704/ozone-meta/datanode-3/meta/webserver/jetty-0_0_0_0-15035-hdds-container-service-1_5_0-SNAPSHOT_jar-_-any-12831019451996971270/webapp/,AVAILABLE}{jar:file:/home/runner/work/ozone/ozone/hadoop-hdds/container-service/target/hdds-container-service-1.5.0-SNAPSHOT.jar!/webapps/hddsDatanode}
2024-09-18 12:54:38,508 [main] INFO  server.AbstractConnector (AbstractConnector.java:doStart(333)) - Started ServerConnector@5e714b78{HTTP/1.1, (http/1.1)}{0.0.0.0:15035}
2024-09-18 12:54:38,508 [main] INFO  server.Server (Server.java:doStart(415)) - Started @19725ms
2024-09-18 12:54:38,509 [main] WARN  impl.MetricsSystemImpl (MetricsSystemImpl.java:register(279)) - Sink prometheus already exists!
2024-09-18 12:54:38,510 [main] INFO  http.BaseHttpServer (BaseHttpServer.java:updateConnectorAddress(354)) - HTTP server of hddsDatanode listening at http://0.0.0.0:15035
2024-09-18 12:54:38,511 [main] INFO  ipc.CallQueueManager (CallQueueManager.java:<init>(90)) - Using callQueue: class java.util.concurrent.LinkedBlockingQueue, queueCapacity: 1000, scheduler: class org.apache.hadoop.ipc.DefaultRpcScheduler, ipcBackoff: false.
2024-09-18 12:54:38,511 [main] INFO  ipc.Server (Server.java:<init>(1287)) - Listener at 0.0.0.0:15036
2024-09-18 12:54:38,512 [Socket Reader #1 for port 15036] INFO  ipc.Server (Server.java:run(1323)) - Starting Socket Reader #1 for port 15036
2024-09-18 12:54:38,516 [Socket Reader #2 for port 15036] INFO  ipc.Server (Server.java:run(1323)) - Starting Socket Reader #2 for port 15036
2024-09-18 12:54:38,520 [Socket Reader #3 for port 15036] INFO  ipc.Server (Server.java:run(1323)) - Starting Socket Reader #3 for port 15036
2024-09-18 12:54:38,521 [Socket Reader #4 for port 15036] INFO  ipc.Server (Server.java:run(1323)) - Starting Socket Reader #4 for port 15036
2024-09-18 12:54:38,521 [Socket Reader #5 for port 15036] INFO  ipc.Server (Server.java:run(1323)) - Starting Socket Reader #5 for port 15036
2024-09-18 12:54:38,525 [Socket Reader #6 for port 15036] INFO  ipc.Server (Server.java:run(1323)) - Starting Socket Reader #6 for port 15036
2024-09-18 12:54:38,525 [Socket Reader #7 for port 15036] INFO  ipc.Server (Server.java:run(1323)) - Starting Socket Reader #7 for port 15036
2024-09-18 12:54:38,526 [Socket Reader #8 for port 15036] INFO  ipc.Server (Server.java:run(1323)) - Starting Socket Reader #8 for port 15036
2024-09-18 12:54:38,526 [Socket Reader #10 for port 15036] INFO  ipc.Server (Server.java:run(1323)) - Starting Socket Reader #10 for port 15036
2024-09-18 12:54:38,526 [Socket Reader #9 for port 15036] INFO  ipc.Server (Server.java:run(1323)) - Starting Socket Reader #9 for port 15036
2024-09-18 12:54:38,529 [main] INFO  ozone.HddsDatanodeService (HddsDatanodeService.java:start(319)) - Datanode start with admins: [runner]
2024-09-18 12:54:38,529 [main] INFO  ozone.HddsDatanodeClientProtocolServer (HddsDatanodeClientProtocolServer.java:start(79)) - RPC server for Client /0.0.0.0:15036
2024-09-18 12:54:38,529 [IPC Server Responder] INFO  ipc.Server (Server.java:run(1562)) - IPC Server Responder: starting
2024-09-18 12:54:38,529 [IPC Server listener on 15036] INFO  ipc.Server (Server.java:run(1402)) - IPC Server listener on 15036: starting
2024-09-18 12:54:38,535 [856d6c8f-d120-404b-902c-ec203ff8b049-DatanodeStateMachineDaemonThread] INFO  statemachine.DatanodeStateMachine (DatanodeStateMachine.java:startStateMachineThread(337)) - Ozone container server started.
2024-09-18 12:54:38,535 [856d6c8f-d120-404b-902c-ec203ff8b049-DatanodeStateMachineTaskThread-0] INFO  ha.SCMNodeInfo (SCMNodeInfo.java:getPort(197)) - ConfigKey ozone.scm.client.address is deprecated, For configuring different ports for each SCM use PortConfigKey ozone.scm.client.port appended with serviceId and nodeId
2024-09-18 12:54:38,536 [856d6c8f-d120-404b-902c-ec203ff8b049-DatanodeStateMachineTaskThread-0] INFO  ha.SCMNodeInfo (SCMNodeInfo.java:getPort(197)) - ConfigKey ozone.scm.block.client.address is deprecated, For configuring different ports for each SCM use PortConfigKey ozone.scm.block.client.port appended with serviceId and nodeId
2024-09-18 12:54:38,536 [856d6c8f-d120-404b-902c-ec203ff8b049-DatanodeStateMachineTaskThread-0] INFO  ha.SCMNodeInfo (SCMNodeInfo.java:getPort(197)) - ConfigKey ozone.scm.security.service.address is deprecated, For configuring different ports for each SCM use PortConfigKey ozone.scm.security.service.port appended with serviceId and nodeId
2024-09-18 12:54:38,536 [856d6c8f-d120-404b-902c-ec203ff8b049-DatanodeStateMachineTaskThread-0] INFO  ha.SCMNodeInfo (SCMNodeInfo.java:getPort(197)) - ConfigKey ozone.scm.datanode.address is deprecated, For configuring different ports for each SCM use PortConfigKey ozone.scm.datanode.port appended with serviceId and nodeId
2024-09-18 12:54:38,539 [856d6c8f-d120-404b-902c-ec203ff8b049-DatanodeStateMachineTaskThread-0] INFO  datanode.InitDatanodeState (InitDatanodeState.java:persistContainerDatanodeDetails(139)) - DatanodeDetails is persisted to /home/runner/work/ozone/ozone/hadoop-ozone/integration-test/target/test-dir/MiniOzoneClusterImpl-1474a09c-6dad-4fc4-86e4-bad221540704/ozone-meta/datanode-3/meta/datanode.id
2024-09-18 12:54:38,536 [main] INFO  ozone.MiniOzoneClusterImpl (MiniOzoneClusterImpl.java:lambda$waitForClusterToBeReady$0(198)) - Waiting for nodes to be ready. Got 0 of 3 DN Heartbeats.
2024-09-18 12:54:38,543 [main] INFO  ozone.MiniOzoneClusterImpl (MiniOzoneClusterImpl.java:lambda$waitForClusterToBeReady$0(201)) - Waiting for cluster to exit safe mode
2024-09-18 12:54:38,543 [main] INFO  ozone.MiniOzoneClusterImpl (MiniOzoneClusterImpl.java:lambda$waitForClusterToBeReady$0(203)) - SCM became leader
2024-09-18 12:54:39,543 [main] INFO  ozone.MiniOzoneClusterImpl (MiniOzoneClusterImpl.java:lambda$waitForClusterToBeReady$0(198)) - Waiting for nodes to be ready. Got 0 of 3 DN Heartbeats.
2024-09-18 12:54:39,543 [main] INFO  ozone.MiniOzoneClusterImpl (MiniOzoneClusterImpl.java:lambda$waitForClusterToBeReady$0(201)) - Waiting for cluster to exit safe mode
2024-09-18 12:54:39,543 [main] INFO  ozone.MiniOzoneClusterImpl (MiniOzoneClusterImpl.java:lambda$waitForClusterToBeReady$0(203)) - SCM became leader
2024-09-18 12:54:39,940 [59105c30-b290-410a-a9ca-d50346fc903f-EndpointStateMachineTaskThread-/127.0.0.1:15004-0 ] INFO  utils.DatanodeStoreCache (DatanodeStoreCache.java:addDB(72)) - Added db /home/runner/work/ozone/ozone/hadoop-ozone/integration-test/target/test-dir/MiniOzoneClusterImpl-1474a09c-6dad-4fc4-86e4-bad221540704/ozone-meta/datanode-1/data-0/hdds/1474a09c-6dad-4fc4-86e4-bad221540704/DS-227cb4fc-5fd2-4c9b-b27a-0f90565276e3/container.db to cache
2024-09-18 12:54:39,940 [59105c30-b290-410a-a9ca-d50346fc903f-EndpointStateMachineTaskThread-/127.0.0.1:15004-0 ] INFO  volume.HddsVolume (HddsVolume.java:createDbStore(429)) - SchemaV3 db is created and loaded at /home/runner/work/ozone/ozone/hadoop-ozone/integration-test/target/test-dir/MiniOzoneClusterImpl-1474a09c-6dad-4fc4-86e4-bad221540704/ozone-meta/datanode-1/data-0/hdds/1474a09c-6dad-4fc4-86e4-bad221540704/DS-227cb4fc-5fd2-4c9b-b27a-0f90565276e3/container.db for volume DS-227cb4fc-5fd2-4c9b-b27a-0f90565276e3
2024-09-18 12:54:39,947 [59105c30-b290-410a-a9ca-d50346fc903f-ContainerReader-0] INFO  ozoneimpl.ContainerReader (ContainerReader.java:readVolume(148)) - Start to verify containers on volume /home/runner/work/ozone/ozone/hadoop-ozone/integration-test/target/test-dir/MiniOzoneClusterImpl-1474a09c-6dad-4fc4-86e4-bad221540704/ozone-meta/datanode-1/data-0/hdds
2024-09-18 12:54:39,947 [59105c30-b290-410a-a9ca-d50346fc903f-ContainerReader-0] INFO  ozoneimpl.ContainerReader (ContainerReader.java:readVolume(178)) - Finish verifying containers on volume /home/runner/work/ozone/ozone/hadoop-ozone/integration-test/target/test-dir/MiniOzoneClusterImpl-1474a09c-6dad-4fc4-86e4-bad221540704/ozone-meta/datanode-1/data-0/hdds
2024-09-18 12:54:39,947 [59105c30-b290-410a-a9ca-d50346fc903f-EndpointStateMachineTaskThread-/127.0.0.1:15004-0 ] INFO  ozoneimpl.OzoneContainer (OzoneContainer.java:buildContainerSet(344)) - Build ContainerSet costs 0s
2024-09-18 12:54:39,948 [59105c30-b290-410a-a9ca-d50346fc903f-EndpointStateMachineTaskThread-/127.0.0.1:15004-0 ] INFO  volume.ThrottledAsyncChecker (ThrottledAsyncChecker.java:schedule(141)) - Scheduling a check for /home/runner/work/ozone/ozone/hadoop-ozone/integration-test/target/test-dir/MiniOzoneClusterImpl-1474a09c-6dad-4fc4-86e4-bad221540704/ozone-meta/datanode-1/data-0/hdds
2024-09-18 12:54:39,961 [59105c30-b290-410a-a9ca-d50346fc903f-EndpointStateMachineTaskThread-/127.0.0.1:15004-0 ] INFO  volume.StorageVolumeChecker (StorageVolumeChecker.java:checkAllVolumes(218)) - Scheduled health check for volume /home/runner/work/ozone/ozone/hadoop-ozone/integration-test/target/test-dir/MiniOzoneClusterImpl-1474a09c-6dad-4fc4-86e4-bad221540704/ozone-meta/datanode-1/data-0/hdds
2024-09-18 12:54:39,964 [59105c30-b290-410a-a9ca-d50346fc903f-EndpointStateMachineTaskThread-/127.0.0.1:15004-0 ] INFO  volume.ThrottledAsyncChecker (ThrottledAsyncChecker.java:schedule(141)) - Scheduling a check for /home/runner/work/ozone/ozone/hadoop-ozone/integration-test/target/test-dir/MiniOzoneClusterImpl-1474a09c-6dad-4fc4-86e4-bad221540704/ozone-meta/datanode-1/ratis
2024-09-18 12:54:39,964 [59105c30-b290-410a-a9ca-d50346fc903f-EndpointStateMachineTaskThread-/127.0.0.1:15004-0 ] INFO  volume.StorageVolumeChecker (StorageVolumeChecker.java:checkAllVolumes(218)) - Scheduled health check for volume /home/runner/work/ozone/ozone/hadoop-ozone/integration-test/target/test-dir/MiniOzoneClusterImpl-1474a09c-6dad-4fc4-86e4-bad221540704/ozone-meta/datanode-1/ratis
2024-09-18 12:54:39,965 [59105c30-b290-410a-a9ca-d50346fc903f-EndpointStateMachineTaskThread-/127.0.0.1:15004-0 ] INFO  ozoneimpl.OzoneContainer (OzoneContainer.java:start(475)) - Attempting to start container services.
2024-09-18 12:54:39,973 [ContainerMetadataScanner] INFO  ozoneimpl.AbstractBackgroundContainerScanner (AbstractBackgroundContainerScanner.java:runIteration(87)) - Completed an iteration in 0 minutes. Number of iterations (since the data-node restart) : 1, Number of containers scanned in this iteration : 0, Number of unhealthy containers found in this iteration : 0
2024-09-18 12:54:39,976 [59105c30-b290-410a-a9ca-d50346fc903f-EndpointStateMachineTaskThread-/127.0.0.1:15004-0 ] INFO  replication.ReplicationServer (ReplicationServer.java:start(140)) - ReplicationServer is started using port 15024
2024-09-18 12:54:39,976 [59105c30-b290-410a-a9ca-d50346fc903f-EndpointStateMachineTaskThread-/127.0.0.1:15004-0 ] INFO  ratis.XceiverServerRatis (XceiverServerRatis.java:start(561)) - Starting XceiverServerRatis 59105c30-b290-410a-a9ca-d50346fc903f
2024-09-18 12:54:39,976 [ContainerDataScanner(/home/runner/work/ozone/ozone/hadoop-ozone/integration-test/target/test-dir/MiniOzoneClusterImpl-1474a09c-6dad-4fc4-86e4-bad221540704/ozone-meta/datanode-1/data-0/hdds)] INFO  ozoneimpl.AbstractBackgroundContainerScanner (AbstractBackgroundContainerScanner.java:runIteration(87)) - Completed an iteration in 0 minutes. Number of iterations (since the data-node restart) : 1, Number of containers scanned in this iteration : 0, Number of unhealthy containers found in this iteration : 0
2024-09-18 12:54:39,980 [59105c30-b290-410a-a9ca-d50346fc903f-EndpointStateMachineTaskThread-/127.0.0.1:15004-0 ] INFO  server.RaftServer (RaftServerProxy.java:startImpl(408)) - 59105c30-b290-410a-a9ca-d50346fc903f: start RPC server
2024-09-18 12:54:39,980 [59105c30-b290-410a-a9ca-d50346fc903f-EndpointStateMachineTaskThread-/127.0.0.1:15004-0 ] INFO  server.GrpcService (GrpcService.java:startImpl(302)) - 59105c30-b290-410a-a9ca-d50346fc903f: GrpcService started, listening on 15020
2024-09-18 12:54:39,981 [59105c30-b290-410a-a9ca-d50346fc903f-EndpointStateMachineTaskThread-/127.0.0.1:15004-0 ] INFO  ratis.XceiverServerRatis (XceiverServerRatis.java:getRealPort(587)) - XceiverServerRatis 59105c30-b290-410a-a9ca-d50346fc903f is started using port 15020 for RATIS
2024-09-18 12:54:39,981 [59105c30-b290-410a-a9ca-d50346fc903f-EndpointStateMachineTaskThread-/127.0.0.1:15004-0 ] INFO  ratis.XceiverServerRatis (XceiverServerRatis.java:getRealPort(587)) - XceiverServerRatis 59105c30-b290-410a-a9ca-d50346fc903f is started using port 15020 for RATIS_ADMIN
2024-09-18 12:54:39,981 [59105c30-b290-410a-a9ca-d50346fc903f-EndpointStateMachineTaskThread-/127.0.0.1:15004-0 ] INFO  ratis.XceiverServerRatis (XceiverServerRatis.java:getRealPort(587)) - XceiverServerRatis 59105c30-b290-410a-a9ca-d50346fc903f is started using port 15020 for RATIS_SERVER
2024-09-18 12:54:39,981 [59105c30-b290-410a-a9ca-d50346fc903f-EndpointStateMachineTaskThread-/127.0.0.1:15004-0 ] INFO  ratis.XceiverServerRatis (XceiverServerRatis.java:getRealPort(587)) - XceiverServerRatis 59105c30-b290-410a-a9ca-d50346fc903f is started using port 15023 for RATIS_DATASTREAM
2024-09-18 12:54:39,981 [JvmPauseMonitor3] INFO  util.JvmPauseMonitor (JvmPauseMonitor.java:run(146)) - JvmPauseMonitor-59105c30-b290-410a-a9ca-d50346fc903f: Started
2024-09-18 12:54:39,988 [59105c30-b290-410a-a9ca-d50346fc903f-BlockDeletingService#0] INFO  interfaces.ContainerDeletionChoosingPolicyTemplate (ContainerDeletionChoosingPolicyTemplate.java:chooseContainerForBlockDeletion(85)) - Chosen 0/5000 blocks from 0 candidate containers.
2024-09-18 12:54:40,205 [27821b7d-0624-41cc-9490-31ed12e2696a-EndpointStateMachineTaskThread-/127.0.0.1:15004-0 ] INFO  utils.DatanodeStoreCache (DatanodeStoreCache.java:addDB(72)) - Added db /home/runner/work/ozone/ozone/hadoop-ozone/integration-test/target/test-dir/MiniOzoneClusterImpl-1474a09c-6dad-4fc4-86e4-bad221540704/ozone-meta/datanode-2/data-0/hdds/1474a09c-6dad-4fc4-86e4-bad221540704/DS-1126f3c4-3802-4ac5-a45d-958967adde90/container.db to cache
2024-09-18 12:54:40,205 [27821b7d-0624-41cc-9490-31ed12e2696a-EndpointStateMachineTaskThread-/127.0.0.1:15004-0 ] INFO  volume.HddsVolume (HddsVolume.java:createDbStore(429)) - SchemaV3 db is created and loaded at /home/runner/work/ozone/ozone/hadoop-ozone/integration-test/target/test-dir/MiniOzoneClusterImpl-1474a09c-6dad-4fc4-86e4-bad221540704/ozone-meta/datanode-2/data-0/hdds/1474a09c-6dad-4fc4-86e4-bad221540704/DS-1126f3c4-3802-4ac5-a45d-958967adde90/container.db for volume DS-1126f3c4-3802-4ac5-a45d-958967adde90
2024-09-18 12:54:40,207 [27821b7d-0624-41cc-9490-31ed12e2696a-ContainerReader-0] INFO  ozoneimpl.ContainerReader (ContainerReader.java:readVolume(148)) - Start to verify containers on volume /home/runner/work/ozone/ozone/hadoop-ozone/integration-test/target/test-dir/MiniOzoneClusterImpl-1474a09c-6dad-4fc4-86e4-bad221540704/ozone-meta/datanode-2/data-0/hdds
2024-09-18 12:54:40,208 [27821b7d-0624-41cc-9490-31ed12e2696a-ContainerReader-0] INFO  ozoneimpl.ContainerReader (ContainerReader.java:readVolume(178)) - Finish verifying containers on volume /home/runner/work/ozone/ozone/hadoop-ozone/integration-test/target/test-dir/MiniOzoneClusterImpl-1474a09c-6dad-4fc4-86e4-bad221540704/ozone-meta/datanode-2/data-0/hdds
2024-09-18 12:54:40,208 [27821b7d-0624-41cc-9490-31ed12e2696a-EndpointStateMachineTaskThread-/127.0.0.1:15004-0 ] INFO  ozoneimpl.OzoneContainer (OzoneContainer.java:buildContainerSet(344)) - Build ContainerSet costs 0s
2024-09-18 12:54:40,208 [27821b7d-0624-41cc-9490-31ed12e2696a-EndpointStateMachineTaskThread-/127.0.0.1:15004-0 ] INFO  volume.ThrottledAsyncChecker (ThrottledAsyncChecker.java:schedule(141)) - Scheduling a check for /home/runner/work/ozone/ozone/hadoop-ozone/integration-test/target/test-dir/MiniOzoneClusterImpl-1474a09c-6dad-4fc4-86e4-bad221540704/ozone-meta/datanode-2/data-0/hdds
2024-09-18 12:54:40,209 [27821b7d-0624-41cc-9490-31ed12e2696a-EndpointStateMachineTaskThread-/127.0.0.1:15004-0 ] INFO  volume.StorageVolumeChecker (StorageVolumeChecker.java:checkAllVolumes(218)) - Scheduled health check for volume /home/runner/work/ozone/ozone/hadoop-ozone/integration-test/target/test-dir/MiniOzoneClusterImpl-1474a09c-6dad-4fc4-86e4-bad221540704/ozone-meta/datanode-2/data-0/hdds
2024-09-18 12:54:40,210 [27821b7d-0624-41cc-9490-31ed12e2696a-EndpointStateMachineTaskThread-/127.0.0.1:15004-0 ] INFO  volume.ThrottledAsyncChecker (ThrottledAsyncChecker.java:schedule(141)) - Scheduling a check for /home/runner/work/ozone/ozone/hadoop-ozone/integration-test/target/test-dir/MiniOzoneClusterImpl-1474a09c-6dad-4fc4-86e4-bad221540704/ozone-meta/datanode-2/ratis
2024-09-18 12:54:40,210 [27821b7d-0624-41cc-9490-31ed12e2696a-EndpointStateMachineTaskThread-/127.0.0.1:15004-0 ] INFO  volume.StorageVolumeChecker (StorageVolumeChecker.java:checkAllVolumes(218)) - Scheduled health check for volume /home/runner/work/ozone/ozone/hadoop-ozone/integration-test/target/test-dir/MiniOzoneClusterImpl-1474a09c-6dad-4fc4-86e4-bad221540704/ozone-meta/datanode-2/ratis
2024-09-18 12:54:40,211 [27821b7d-0624-41cc-9490-31ed12e2696a-EndpointStateMachineTaskThread-/127.0.0.1:15004-0 ] INFO  ozoneimpl.OzoneContainer (OzoneContainer.java:start(475)) - Attempting to start container services.
2024-09-18 12:54:40,212 [27821b7d-0624-41cc-9490-31ed12e2696a-EndpointStateMachineTaskThread-/127.0.0.1:15004-0 ] WARN  ozoneimpl.OnDemandContainerDataScanner (OnDemandContainerDataScanner.java:init(75)) - Trying to initialize on demand scanner a second time on a datanode.
2024-09-18 12:54:40,212 [ContainerMetadataScanner] INFO  ozoneimpl.AbstractBackgroundContainerScanner (AbstractBackgroundContainerScanner.java:runIteration(87)) - Completed an iteration in 0 minutes. Number of iterations (since the data-node restart) : 1, Number of containers scanned in this iteration : 0, Number of unhealthy containers found in this iteration : 0
2024-09-18 12:54:40,213 [ContainerDataScanner(/home/runner/work/ozone/ozone/hadoop-ozone/integration-test/target/test-dir/MiniOzoneClusterImpl-1474a09c-6dad-4fc4-86e4-bad221540704/ozone-meta/datanode-2/data-0/hdds)] INFO  ozoneimpl.AbstractBackgroundContainerScanner (AbstractBackgroundContainerScanner.java:runIteration(87)) - Completed an iteration in 0 minutes. Number of iterations (since the data-node restart) : 1, Number of containers scanned in this iteration : 0, Number of unhealthy containers found in this iteration : 0
2024-09-18 12:54:40,214 [27821b7d-0624-41cc-9490-31ed12e2696a-EndpointStateMachineTaskThread-/127.0.0.1:15004-0 ] INFO  replication.ReplicationServer (ReplicationServer.java:start(140)) - ReplicationServer is started using port 15033
2024-09-18 12:54:40,214 [27821b7d-0624-41cc-9490-31ed12e2696a-EndpointStateMachineTaskThread-/127.0.0.1:15004-0 ] INFO  ratis.XceiverServerRatis (XceiverServerRatis.java:start(561)) - Starting XceiverServerRatis 27821b7d-0624-41cc-9490-31ed12e2696a
2024-09-18 12:54:40,221 [27821b7d-0624-41cc-9490-31ed12e2696a-EndpointStateMachineTaskThread-/127.0.0.1:15004-0 ] INFO  server.RaftServer (RaftServerProxy.java:startImpl(408)) - 27821b7d-0624-41cc-9490-31ed12e2696a: start RPC server
2024-09-18 12:54:40,222 [27821b7d-0624-41cc-9490-31ed12e2696a-EndpointStateMachineTaskThread-/127.0.0.1:15004-0 ] INFO  server.GrpcService (GrpcService.java:startImpl(302)) - 27821b7d-0624-41cc-9490-31ed12e2696a: GrpcService started, listening on 15029
2024-09-18 12:54:40,222 [27821b7d-0624-41cc-9490-31ed12e2696a-EndpointStateMachineTaskThread-/127.0.0.1:15004-0 ] INFO  ratis.XceiverServerRatis (XceiverServerRatis.java:getRealPort(587)) - XceiverServerRatis 27821b7d-0624-41cc-9490-31ed12e2696a is started using port 15029 for RATIS
2024-09-18 12:54:40,222 [JvmPauseMonitor4] INFO  util.JvmPauseMonitor (JvmPauseMonitor.java:run(146)) - JvmPauseMonitor-27821b7d-0624-41cc-9490-31ed12e2696a: Started
2024-09-18 12:54:40,222 [27821b7d-0624-41cc-9490-31ed12e2696a-EndpointStateMachineTaskThread-/127.0.0.1:15004-0 ] INFO  ratis.XceiverServerRatis (XceiverServerRatis.java:getRealPort(587)) - XceiverServerRatis 27821b7d-0624-41cc-9490-31ed12e2696a is started using port 15029 for RATIS_ADMIN
2024-09-18 12:54:40,223 [27821b7d-0624-41cc-9490-31ed12e2696a-EndpointStateMachineTaskThread-/127.0.0.1:15004-0 ] INFO  ratis.XceiverServerRatis (XceiverServerRatis.java:getRealPort(587)) - XceiverServerRatis 27821b7d-0624-41cc-9490-31ed12e2696a is started using port 15029 for RATIS_SERVER
2024-09-18 12:54:40,223 [27821b7d-0624-41cc-9490-31ed12e2696a-EndpointStateMachineTaskThread-/127.0.0.1:15004-0 ] INFO  ratis.XceiverServerRatis (XceiverServerRatis.java:getRealPort(587)) - XceiverServerRatis 27821b7d-0624-41cc-9490-31ed12e2696a is started using port 15032 for RATIS_DATASTREAM
2024-09-18 12:54:40,227 [27821b7d-0624-41cc-9490-31ed12e2696a-BlockDeletingService#0] INFO  interfaces.ContainerDeletionChoosingPolicyTemplate (ContainerDeletionChoosingPolicyTemplate.java:chooseContainerForBlockDeletion(85)) - Chosen 0/5000 blocks from 0 candidate containers.
2024-09-18 12:54:40,543 [main] INFO  ozone.MiniOzoneClusterImpl (MiniOzoneClusterImpl.java:lambda$waitForClusterToBeReady$0(198)) - Waiting for nodes to be ready. Got 0 of 3 DN Heartbeats.
2024-09-18 12:54:40,544 [main] INFO  ozone.MiniOzoneClusterImpl (MiniOzoneClusterImpl.java:lambda$waitForClusterToBeReady$0(201)) - Waiting for cluster to exit safe mode
2024-09-18 12:54:40,544 [main] INFO  ozone.MiniOzoneClusterImpl (MiniOzoneClusterImpl.java:lambda$waitForClusterToBeReady$0(203)) - SCM became leader
2024-09-18 12:54:40,570 [856d6c8f-d120-404b-902c-ec203ff8b049-EndpointStateMachineTaskThread-/127.0.0.1:15004-0 ] INFO  utils.DatanodeStoreCache (DatanodeStoreCache.java:addDB(72)) - Added db /home/runner/work/ozone/ozone/hadoop-ozone/integration-test/target/test-dir/MiniOzoneClusterImpl-1474a09c-6dad-4fc4-86e4-bad221540704/ozone-meta/datanode-3/data-0/hdds/1474a09c-6dad-4fc4-86e4-bad221540704/DS-bf863d89-6277-442e-a092-e47cc0c27bec/container.db to cache
2024-09-18 12:54:40,570 [856d6c8f-d120-404b-902c-ec203ff8b049-EndpointStateMachineTaskThread-/127.0.0.1:15004-0 ] INFO  volume.HddsVolume (HddsVolume.java:createDbStore(429)) - SchemaV3 db is created and loaded at /home/runner/work/ozone/ozone/hadoop-ozone/integration-test/target/test-dir/MiniOzoneClusterImpl-1474a09c-6dad-4fc4-86e4-bad221540704/ozone-meta/datanode-3/data-0/hdds/1474a09c-6dad-4fc4-86e4-bad221540704/DS-bf863d89-6277-442e-a092-e47cc0c27bec/container.db for volume DS-bf863d89-6277-442e-a092-e47cc0c27bec
2024-09-18 12:54:40,572 [856d6c8f-d120-404b-902c-ec203ff8b049-ContainerReader-0] INFO  ozoneimpl.ContainerReader (ContainerReader.java:readVolume(148)) - Start to verify containers on volume /home/runner/work/ozone/ozone/hadoop-ozone/integration-test/target/test-dir/MiniOzoneClusterImpl-1474a09c-6dad-4fc4-86e4-bad221540704/ozone-meta/datanode-3/data-0/hdds
2024-09-18 12:54:40,572 [856d6c8f-d120-404b-902c-ec203ff8b049-ContainerReader-0] INFO  ozoneimpl.ContainerReader (ContainerReader.java:readVolume(178)) - Finish verifying containers on volume /home/runner/work/ozone/ozone/hadoop-ozone/integration-test/target/test-dir/MiniOzoneClusterImpl-1474a09c-6dad-4fc4-86e4-bad221540704/ozone-meta/datanode-3/data-0/hdds
2024-09-18 12:54:40,573 [856d6c8f-d120-404b-902c-ec203ff8b049-EndpointStateMachineTaskThread-/127.0.0.1:15004-0 ] INFO  ozoneimpl.OzoneContainer (OzoneContainer.java:buildContainerSet(344)) - Build ContainerSet costs 0s
2024-09-18 12:54:40,573 [856d6c8f-d120-404b-902c-ec203ff8b049-EndpointStateMachineTaskThread-/127.0.0.1:15004-0 ] INFO  volume.ThrottledAsyncChecker (ThrottledAsyncChecker.java:schedule(141)) - Scheduling a check for /home/runner/work/ozone/ozone/hadoop-ozone/integration-test/target/test-dir/MiniOzoneClusterImpl-1474a09c-6dad-4fc4-86e4-bad221540704/ozone-meta/datanode-3/data-0/hdds
2024-09-18 12:54:40,574 [856d6c8f-d120-404b-902c-ec203ff8b049-EndpointStateMachineTaskThread-/127.0.0.1:15004-0 ] INFO  volume.StorageVolumeChecker (StorageVolumeChecker.java:checkAllVolumes(218)) - Scheduled health check for volume /home/runner/work/ozone/ozone/hadoop-ozone/integration-test/target/test-dir/MiniOzoneClusterImpl-1474a09c-6dad-4fc4-86e4-bad221540704/ozone-meta/datanode-3/data-0/hdds
2024-09-18 12:54:40,575 [856d6c8f-d120-404b-902c-ec203ff8b049-EndpointStateMachineTaskThread-/127.0.0.1:15004-0 ] INFO  volume.ThrottledAsyncChecker (ThrottledAsyncChecker.java:schedule(141)) - Scheduling a check for /home/runner/work/ozone/ozone/hadoop-ozone/integration-test/target/test-dir/MiniOzoneClusterImpl-1474a09c-6dad-4fc4-86e4-bad221540704/ozone-meta/datanode-3/ratis
2024-09-18 12:54:40,575 [856d6c8f-d120-404b-902c-ec203ff8b049-EndpointStateMachineTaskThread-/127.0.0.1:15004-0 ] INFO  volume.StorageVolumeChecker (StorageVolumeChecker.java:checkAllVolumes(218)) - Scheduled health check for volume /home/runner/work/ozone/ozone/hadoop-ozone/integration-test/target/test-dir/MiniOzoneClusterImpl-1474a09c-6dad-4fc4-86e4-bad221540704/ozone-meta/datanode-3/ratis
2024-09-18 12:54:40,576 [856d6c8f-d120-404b-902c-ec203ff8b049-EndpointStateMachineTaskThread-/127.0.0.1:15004-0 ] INFO  ozoneimpl.OzoneContainer (OzoneContainer.java:start(475)) - Attempting to start container services.
2024-09-18 12:54:40,576 [856d6c8f-d120-404b-902c-ec203ff8b049-EndpointStateMachineTaskThread-/127.0.0.1:15004-0 ] WARN  ozoneimpl.OnDemandContainerDataScanner (OnDemandContainerDataScanner.java:init(75)) - Trying to initialize on demand scanner a second time on a datanode.
2024-09-18 12:54:40,577 [ContainerMetadataScanner] INFO  ozoneimpl.AbstractBackgroundContainerScanner (AbstractBackgroundContainerScanner.java:runIteration(87)) - Completed an iteration in 0 minutes. Number of iterations (since the data-node restart) : 1, Number of containers scanned in this iteration : 0, Number of unhealthy containers found in this iteration : 0
2024-09-18 12:54:40,579 [ContainerDataScanner(/home/runner/work/ozone/ozone/hadoop-ozone/integration-test/target/test-dir/MiniOzoneClusterImpl-1474a09c-6dad-4fc4-86e4-bad221540704/ozone-meta/datanode-3/data-0/hdds)] INFO  ozoneimpl.AbstractBackgroundContainerScanner (AbstractBackgroundContainerScanner.java:runIteration(87)) - Completed an iteration in 0 minutes. Number of iterations (since the data-node restart) : 1, Number of containers scanned in this iteration : 0, Number of unhealthy containers found in this iteration : 0
2024-09-18 12:54:40,580 [856d6c8f-d120-404b-902c-ec203ff8b049-EndpointStateMachineTaskThread-/127.0.0.1:15004-0 ] INFO  replication.ReplicationServer (ReplicationServer.java:start(140)) - ReplicationServer is started using port 15042
2024-09-18 12:54:40,580 [856d6c8f-d120-404b-902c-ec203ff8b049-EndpointStateMachineTaskThread-/127.0.0.1:15004-0 ] INFO  ratis.XceiverServerRatis (XceiverServerRatis.java:start(561)) - Starting XceiverServerRatis 856d6c8f-d120-404b-902c-ec203ff8b049
2024-09-18 12:54:40,580 [856d6c8f-d120-404b-902c-ec203ff8b049-EndpointStateMachineTaskThread-/127.0.0.1:15004-0 ] INFO  server.RaftServer (RaftServerProxy.java:startImpl(408)) - 856d6c8f-d120-404b-902c-ec203ff8b049: start RPC server
2024-09-18 12:54:40,581 [856d6c8f-d120-404b-902c-ec203ff8b049-EndpointStateMachineTaskThread-/127.0.0.1:15004-0 ] INFO  server.GrpcService (GrpcService.java:startImpl(302)) - 856d6c8f-d120-404b-902c-ec203ff8b049: GrpcService started, listening on 15038
2024-09-18 12:54:40,581 [856d6c8f-d120-404b-902c-ec203ff8b049-EndpointStateMachineTaskThread-/127.0.0.1:15004-0 ] INFO  ratis.XceiverServerRatis (XceiverServerRatis.java:getRealPort(587)) - XceiverServerRatis 856d6c8f-d120-404b-902c-ec203ff8b049 is started using port 15038 for RATIS
2024-09-18 12:54:40,581 [JvmPauseMonitor5] INFO  util.JvmPauseMonitor (JvmPauseMonitor.java:run(146)) - JvmPauseMonitor-856d6c8f-d120-404b-902c-ec203ff8b049: Started
2024-09-18 12:54:40,581 [856d6c8f-d120-404b-902c-ec203ff8b049-EndpointStateMachineTaskThread-/127.0.0.1:15004-0 ] INFO  ratis.XceiverServerRatis (XceiverServerRatis.java:getRealPort(587)) - XceiverServerRatis 856d6c8f-d120-404b-902c-ec203ff8b049 is started using port 15038 for RATIS_ADMIN
2024-09-18 12:54:40,581 [856d6c8f-d120-404b-902c-ec203ff8b049-EndpointStateMachineTaskThread-/127.0.0.1:15004-0 ] INFO  ratis.XceiverServerRatis (XceiverServerRatis.java:getRealPort(587)) - XceiverServerRatis 856d6c8f-d120-404b-902c-ec203ff8b049 is started using port 15038 for RATIS_SERVER
2024-09-18 12:54:40,581 [856d6c8f-d120-404b-902c-ec203ff8b049-EndpointStateMachineTaskThread-/127.0.0.1:15004-0 ] INFO  ratis.XceiverServerRatis (XceiverServerRatis.java:getRealPort(587)) - XceiverServerRatis 856d6c8f-d120-404b-902c-ec203ff8b049 is started using port 15041 for RATIS_DATASTREAM
2024-09-18 12:54:40,583 [856d6c8f-d120-404b-902c-ec203ff8b049-BlockDeletingService#0] INFO  interfaces.ContainerDeletionChoosingPolicyTemplate (ContainerDeletionChoosingPolicyTemplate.java:chooseContainerForBlockDeletion(85)) - Chosen 0/5000 blocks from 0 candidate containers.
2024-09-18 12:54:41,544 [main] INFO  ozone.MiniOzoneClusterImpl (MiniOzoneClusterImpl.java:lambda$waitForClusterToBeReady$0(198)) - Waiting for nodes to be ready. Got 0 of 3 DN Heartbeats.
2024-09-18 12:54:41,544 [main] INFO  ozone.MiniOzoneClusterImpl (MiniOzoneClusterImpl.java:lambda$waitForClusterToBeReady$0(201)) - Waiting for cluster to exit safe mode
2024-09-18 12:54:41,544 [main] INFO  ozone.MiniOzoneClusterImpl (MiniOzoneClusterImpl.java:lambda$waitForClusterToBeReady$0(203)) - SCM became leader
2024-09-18 12:54:41,873 [IPC Server handler 0 on default port 15004] INFO  net.NetworkTopologyImpl (NetworkTopologyImpl.java:add(134)) - Added a new node: /default-rack/59105c30-b290-410a-a9ca-d50346fc903f
2024-09-18 12:54:41,875 [IPC Server handler 0 on default port 15004] INFO  node.SCMNodeManager (SCMNodeManager.java:register(424)) - Registered datanode: 59105c30-b290-410a-a9ca-d50346fc903f{ip: 127.0.0.1, host: localhost, ports: [HTTP=15017, CLIENT_RPC=15018, REPLICATION=15024, RATIS=15020, RATIS_ADMIN=15020, RATIS_SERVER=15020, RATIS_DATASTREAM=15023, STANDALONE=15019], networkLocation: /default-rack, certSerialId: null, persistedOpState: null, persistedOpStateExpiryEpochSec: 0}
2024-09-18 12:54:41,878 [scmNode-1-EventQueue-NewNodeForNewNodeHandler] INFO  pipeline.BackgroundPipelineCreator (BackgroundPipelineCreator.java:notifyEventTriggered(280)) - trigger a one-shot run on scmNode-1-RatisPipelineUtilsThread.
2024-09-18 12:54:41,879 [scmNode-1-EventQueue-NodeRegistrationContainerReportForDataNodeSafeModeRule] INFO  safemode.SCMSafeModeManager (DataNodeSafeModeRule.java:process(71)) - SCM in safe mode. 1 DataNodes registered, 3 required.
2024-09-18 12:54:41,878 [scmNode-1-EventQueue-NodeRegistrationContainerReportForContainerSafeModeRule] INFO  safemode.SCMSafeModeManager (SCMSafeModeManager.java:validateSafeModeExitRules(203)) - ContainerSafeModeRule rule is successfully validated
2024-09-18 12:54:41,881 [scmNode-1-EventQueue-PipelineReportForOneReplicaPipelineSafeModeRule] INFO  safemode.SCMSafeModeManager (SCMSafeModeManager.java:validateSafeModeExitRules(203)) - AtleastOneDatanodeReportedRule rule is successfully validated
2024-09-18 12:54:41,883 [scmNode-1-RatisPipelineUtilsThread-0] INFO  pipeline.RatisPipelineProvider (RatisPipelineProvider.java:lambda$create$0(205)) - Sending CreatePipelineCommand for pipeline:PipelineID=81c8a60d-51b1-4d53-a7e0-b837d28ff93f to datanode:59105c30-b290-410a-a9ca-d50346fc903f
2024-09-18 12:54:41,932 [76f7b79d-b0f1-40ff-adcc-a8634463f843@group-BAD221540704-StateMachineUpdater] INFO  safemode.HealthyPipelineSafeModeRule (HealthyPipelineSafeModeRule.java:initializeRule(172)) - Refreshed total pipeline count is 0, healthy pipeline threshold count is 1
2024-09-18 12:54:41,935 [scmNode-1-RatisPipelineUtilsThread-0] INFO  pipeline.BackgroundPipelineCreator (BackgroundPipelineCreator.java:createPipelines(236)) - Created new pipeline Pipeline[ Id: 81c8a60d-51b1-4d53-a7e0-b837d28ff93f, Nodes: 59105c30-b290-410a-a9ca-d50346fc903f(localhost/127.0.0.1) ReplicaIndex: 0, ReplicationConfig: RATIS/ONE, State:ALLOCATED, leaderId:, CreationTimestamp2024-09-18T12:54:41.882948223Z[Etc/UTC]]
2024-09-18 12:54:42,173 [IPC Server handler 1 on default port 15004] INFO  net.NetworkTopologyImpl (NetworkTopologyImpl.java:add(134)) - Added a new node: /default-rack/27821b7d-0624-41cc-9490-31ed12e2696a
2024-09-18 12:54:42,173 [IPC Server handler 1 on default port 15004] INFO  node.SCMNodeManager (SCMNodeManager.java:register(424)) - Registered datanode: 27821b7d-0624-41cc-9490-31ed12e2696a{ip: 127.0.0.1, host: localhost, ports: [HTTP=15026, CLIENT_RPC=15027, REPLICATION=15033, RATIS=15029, RATIS_ADMIN=15029, RATIS_SERVER=15029, RATIS_DATASTREAM=15032, STANDALONE=15028], networkLocation: /default-rack, certSerialId: null, persistedOpState: null, persistedOpStateExpiryEpochSec: 0}
2024-09-18 12:54:42,174 [scmNode-1-EventQueue-NewNodeForNewNodeHandler] INFO  pipeline.BackgroundPipelineCreator (BackgroundPipelineCreator.java:notifyEventTriggered(280)) - trigger a one-shot run on scmNode-1-RatisPipelineUtilsThread.
2024-09-18 12:54:42,174 [scmNode-1-EventQueue-NodeRegistrationContainerReportForDataNodeSafeModeRule] INFO  safemode.SCMSafeModeManager (DataNodeSafeModeRule.java:process(71)) - SCM in safe mode. 2 DataNodes registered, 3 required.
2024-09-18 12:54:42,175 [scmNode-1-RatisPipelineUtilsThread-0] INFO  pipeline.RatisPipelineProvider (RatisPipelineProvider.java:lambda$create$0(205)) - Sending CreatePipelineCommand for pipeline:PipelineID=00d952ee-b708-4174-9c3f-e89a64721f5c to datanode:27821b7d-0624-41cc-9490-31ed12e2696a
2024-09-18 12:54:42,178 [76f7b79d-b0f1-40ff-adcc-a8634463f843@group-BAD221540704-StateMachineUpdater] INFO  safemode.HealthyPipelineSafeModeRule (HealthyPipelineSafeModeRule.java:initializeRule(172)) - Refreshed total pipeline count is 0, healthy pipeline threshold count is 1
2024-09-18 12:54:42,179 [scmNode-1-RatisPipelineUtilsThread-0] INFO  pipeline.BackgroundPipelineCreator (BackgroundPipelineCreator.java:createPipelines(236)) - Created new pipeline Pipeline[ Id: 00d952ee-b708-4174-9c3f-e89a64721f5c, Nodes: 27821b7d-0624-41cc-9490-31ed12e2696a(localhost/127.0.0.1) ReplicaIndex: 0, ReplicationConfig: RATIS/ONE, State:ALLOCATED, leaderId:, CreationTimestamp2024-09-18T12:54:42.175038146Z[Etc/UTC]]
2024-09-18 12:54:42,537 [IPC Server handler 2 on default port 15004] INFO  net.NetworkTopologyImpl (NetworkTopologyImpl.java:add(134)) - Added a new node: /default-rack/856d6c8f-d120-404b-902c-ec203ff8b049
2024-09-18 12:54:42,537 [IPC Server handler 2 on default port 15004] INFO  node.SCMNodeManager (SCMNodeManager.java:register(424)) - Registered datanode: 856d6c8f-d120-404b-902c-ec203ff8b049{ip: 127.0.0.1, host: localhost, ports: [HTTP=15035, CLIENT_RPC=15036, REPLICATION=15042, RATIS=15038, RATIS_ADMIN=15038, RATIS_SERVER=15038, RATIS_DATASTREAM=15041, STANDALONE=15037], networkLocation: /default-rack, certSerialId: null, persistedOpState: null, persistedOpStateExpiryEpochSec: 0}
2024-09-18 12:54:42,538 [scmNode-1-EventQueue-NewNodeForNewNodeHandler] INFO  pipeline.BackgroundPipelineCreator (BackgroundPipelineCreator.java:notifyEventTriggered(280)) - trigger a one-shot run on scmNode-1-RatisPipelineUtilsThread.
2024-09-18 12:54:42,538 [scmNode-1-EventQueue-NodeRegistrationContainerReportForDataNodeSafeModeRule] INFO  safemode.SCMSafeModeManager (DataNodeSafeModeRule.java:process(71)) - SCM in safe mode. 3 DataNodes registered, 3 required.
2024-09-18 12:54:42,538 [scmNode-1-EventQueue-NodeRegistrationContainerReportForDataNodeSafeModeRule] INFO  safemode.SCMSafeModeManager (SCMSafeModeManager.java:validateSafeModeExitRules(203)) - DataNodeSafeModeRule rule is successfully validated
2024-09-18 12:54:42,538 [scmNode-1-EventQueue-NodeRegistrationContainerReportForDataNodeSafeModeRule] INFO  safemode.SCMSafeModeManager (SCMSafeModeManager.java:completePreCheck(232)) - All SCM safe mode pre check rules have passed
2024-09-18 12:54:42,538 [scmNode-1-EventQueue-NodeRegistrationContainerReportForDataNodeSafeModeRule] INFO  ha.SCMContext (SCMContext.java:updateSafeModeStatus(225)) - Update SafeModeStatus from SafeModeStatus{safeModeStatus=true, preCheckPassed=false} to SafeModeStatus{safeModeStatus=true, preCheckPassed=true}.
2024-09-18 12:54:42,538 [scmNode-1-EventQueue-NodeRegistrationContainerReportForDataNodeSafeModeRule] INFO  pipeline.BackgroundPipelineCreator (BackgroundPipelineCreator.java:notifyEventTriggered(280)) - trigger a one-shot run on scmNode-1-RatisPipelineUtilsThread.
2024-09-18 12:54:42,539 [scmNode-1-RatisPipelineUtilsThread-0] INFO  pipeline.RatisPipelineProvider (RatisPipelineProvider.java:lambda$create$0(205)) - Sending CreatePipelineCommand for pipeline:PipelineID=eed46f94-314a-4a3d-9bb9-3f4227d89528 to datanode:856d6c8f-d120-404b-902c-ec203ff8b049
2024-09-18 12:54:42,545 [main] INFO  ozone.MiniOzoneClusterImpl (MiniOzoneClusterImpl.java:lambda$waitForClusterToBeReady$0(198)) - Nodes are ready. Got 3 of 3 DN Heartbeats.
2024-09-18 12:54:42,545 [main] INFO  ozone.MiniOzoneClusterImpl (MiniOzoneClusterImpl.java:lambda$waitForClusterToBeReady$0(201)) - Waiting for cluster to exit safe mode
2024-09-18 12:54:42,545 [main] INFO  ozone.MiniOzoneClusterImpl (MiniOzoneClusterImpl.java:lambda$waitForClusterToBeReady$0(203)) - SCM became leader
2024-09-18 12:54:42,545 [76f7b79d-b0f1-40ff-adcc-a8634463f843@group-BAD221540704-StateMachineUpdater] INFO  safemode.HealthyPipelineSafeModeRule (HealthyPipelineSafeModeRule.java:initializeRule(172)) - Refreshed total pipeline count is 0, healthy pipeline threshold count is 1
2024-09-18 12:54:42,546 [scmNode-1-RatisPipelineUtilsThread-0] INFO  pipeline.BackgroundPipelineCreator (BackgroundPipelineCreator.java:createPipelines(236)) - Created new pipeline Pipeline[ Id: eed46f94-314a-4a3d-9bb9-3f4227d89528, Nodes: 856d6c8f-d120-404b-902c-ec203ff8b049(localhost/127.0.0.1) ReplicaIndex: 0, ReplicationConfig: RATIS/ONE, State:ALLOCATED, leaderId:, CreationTimestamp2024-09-18T12:54:42.539127055Z[Etc/UTC]]
2024-09-18 12:54:42,550 [scmNode-1-RatisPipelineUtilsThread-0] INFO  pipeline.RatisPipelineProvider (RatisPipelineProvider.java:lambda$create$0(205)) - Sending CreatePipelineCommand for pipeline:PipelineID=1e257028-07be-4c90-ba6b-0e6812d09c45 to datanode:856d6c8f-d120-404b-902c-ec203ff8b049
2024-09-18 12:54:42,550 [scmNode-1-RatisPipelineUtilsThread-0] INFO  pipeline.RatisPipelineProvider (RatisPipelineProvider.java:lambda$create$0(205)) - Sending CreatePipelineCommand for pipeline:PipelineID=1e257028-07be-4c90-ba6b-0e6812d09c45 to datanode:27821b7d-0624-41cc-9490-31ed12e2696a
2024-09-18 12:54:42,550 [scmNode-1-RatisPipelineUtilsThread-0] INFO  pipeline.RatisPipelineProvider (RatisPipelineProvider.java:lambda$create$0(205)) - Sending CreatePipelineCommand for pipeline:PipelineID=1e257028-07be-4c90-ba6b-0e6812d09c45 to datanode:59105c30-b290-410a-a9ca-d50346fc903f
2024-09-18 12:54:42,553 [76f7b79d-b0f1-40ff-adcc-a8634463f843@group-BAD221540704-StateMachineUpdater] INFO  safemode.HealthyPipelineSafeModeRule (HealthyPipelineSafeModeRule.java:initializeRule(172)) - Refreshed total pipeline count is 0, healthy pipeline threshold count is 1
2024-09-18 12:54:42,553 [scmNode-1-RatisPipelineUtilsThread-0] INFO  pipeline.BackgroundPipelineCreator (BackgroundPipelineCreator.java:createPipelines(236)) - Created new pipeline Pipeline[ Id: 1e257028-07be-4c90-ba6b-0e6812d09c45, Nodes: 856d6c8f-d120-404b-902c-ec203ff8b049(localhost/127.0.0.1) ReplicaIndex: 027821b7d-0624-41cc-9490-31ed12e2696a(localhost/127.0.0.1) ReplicaIndex: 059105c30-b290-410a-a9ca-d50346fc903f(localhost/127.0.0.1) ReplicaIndex: 0, ReplicationConfig: RATIS/THREE, State:ALLOCATED, leaderId:, CreationTimestamp2024-09-18T12:54:42.550294492Z[Etc/UTC]]
2024-09-18 12:54:42,554 [scmNode-1-RatisPipelineUtilsThread-0] INFO  pipeline.RatisPipelineProvider (RatisPipelineProvider.java:lambda$create$0(205)) - Sending CreatePipelineCommand for pipeline:PipelineID=aaa9e430-62c5-4e78-96d4-239644619c41 to datanode:27821b7d-0624-41cc-9490-31ed12e2696a
2024-09-18 12:54:42,555 [scmNode-1-RatisPipelineUtilsThread-0] INFO  pipeline.RatisPipelineProvider (RatisPipelineProvider.java:lambda$create$0(205)) - Sending CreatePipelineCommand for pipeline:PipelineID=aaa9e430-62c5-4e78-96d4-239644619c41 to datanode:59105c30-b290-410a-a9ca-d50346fc903f
2024-09-18 12:54:42,555 [scmNode-1-RatisPipelineUtilsThread-0] INFO  pipeline.RatisPipelineProvider (RatisPipelineProvider.java:lambda$create$0(205)) - Sending CreatePipelineCommand for pipeline:PipelineID=aaa9e430-62c5-4e78-96d4-239644619c41 to datanode:856d6c8f-d120-404b-902c-ec203ff8b049
2024-09-18 12:54:42,558 [76f7b79d-b0f1-40ff-adcc-a8634463f843@group-BAD221540704-StateMachineUpdater] INFO  safemode.HealthyPipelineSafeModeRule (HealthyPipelineSafeModeRule.java:initializeRule(172)) - Refreshed total pipeline count is 0, healthy pipeline threshold count is 1
2024-09-18 12:54:42,559 [scmNode-1-RatisPipelineUtilsThread-0] INFO  pipeline.PipelineManagerImpl (PipelineManagerImpl.java:recordMetricsForPipeline(916)) - Pipeline: PipelineID=aaa9e430-62c5-4e78-96d4-239644619c41 contains same datanodes as previous pipelines: PipelineID=1e257028-07be-4c90-ba6b-0e6812d09c45 nodeIds: 27821b7d-0624-41cc-9490-31ed12e2696a, 59105c30-b290-410a-a9ca-d50346fc903f, 856d6c8f-d120-404b-902c-ec203ff8b049
2024-09-18 12:54:42,559 [scmNode-1-RatisPipelineUtilsThread-0] INFO  pipeline.BackgroundPipelineCreator (BackgroundPipelineCreator.java:createPipelines(236)) - Created new pipeline Pipeline[ Id: aaa9e430-62c5-4e78-96d4-239644619c41, Nodes: 27821b7d-0624-41cc-9490-31ed12e2696a(localhost/127.0.0.1) ReplicaIndex: 059105c30-b290-410a-a9ca-d50346fc903f(localhost/127.0.0.1) ReplicaIndex: 0856d6c8f-d120-404b-902c-ec203ff8b049(localhost/127.0.0.1) ReplicaIndex: 0, ReplicationConfig: RATIS/THREE, State:ALLOCATED, leaderId:, CreationTimestamp2024-09-18T12:54:42.554923363Z[Etc/UTC]]
2024-09-18 12:54:43,546 [main] INFO  ozone.MiniOzoneClusterImpl (MiniOzoneClusterImpl.java:lambda$waitForClusterToBeReady$0(198)) - Nodes are ready. Got 3 of 3 DN Heartbeats.
2024-09-18 12:54:43,546 [main] INFO  ozone.MiniOzoneClusterImpl (MiniOzoneClusterImpl.java:lambda$waitForClusterToBeReady$0(201)) - Waiting for cluster to exit safe mode
2024-09-18 12:54:43,546 [main] INFO  ozone.MiniOzoneClusterImpl (MiniOzoneClusterImpl.java:lambda$waitForClusterToBeReady$0(203)) - SCM became leader
2024-09-18 12:54:44,546 [main] INFO  ozone.MiniOzoneClusterImpl (MiniOzoneClusterImpl.java:lambda$waitForClusterToBeReady$0(198)) - Nodes are ready. Got 3 of 3 DN Heartbeats.
2024-09-18 12:54:44,546 [main] INFO  ozone.MiniOzoneClusterImpl (MiniOzoneClusterImpl.java:lambda$waitForClusterToBeReady$0(201)) - Waiting for cluster to exit safe mode
2024-09-18 12:54:44,546 [main] INFO  ozone.MiniOzoneClusterImpl (MiniOzoneClusterImpl.java:lambda$waitForClusterToBeReady$0(203)) - SCM became leader
2024-09-18 12:54:44,864 [59105c30-b290-410a-a9ca-d50346fc903f-PipelineCommandHandlerThread-0] INFO  server.RaftServer (RaftServerProxy.java:addNew(101)) - 59105c30-b290-410a-a9ca-d50346fc903f: addNew group-B837D28FF93F:[59105c30-b290-410a-a9ca-d50346fc903f|127.0.0.1:15020] returns group-B837D28FF93F:java.util.concurrent.CompletableFuture@6568f812[Not completed]
2024-09-18 12:54:44,868 [59105c30-b290-410a-a9ca-d50346fc903f-groupManagement] INFO  lib.Interns (Interns.java:removeEldestEntry(50)) - Metrics intern cache overflow at 2011 for MetricsSystem={MetricsSystem=MetricsInfoImpl{name=MetricsSystem, description=MetricsSystem}, MetricsSystem record=MetricsInfoImpl{name=MetricsSystem, description=MetricsSystem record}}
2024-09-18 12:54:44,871 [59105c30-b290-410a-a9ca-d50346fc903f-groupManagement] INFO  server.RaftServer$Division (RaftServerImpl.java:<init>(253)) - 59105c30-b290-410a-a9ca-d50346fc903f: new RaftServerImpl for group-B837D28FF93F:[59105c30-b290-410a-a9ca-d50346fc903f|127.0.0.1:15020] with ContainerStateMachine:uninitialized
2024-09-18 12:54:44,871 [59105c30-b290-410a-a9ca-d50346fc903f-groupManagement] INFO  server.RaftServerConfigKeys (ConfUtils.java:logGet(46)) - raft.server.rpc.timeout.min = 5s (custom)
2024-09-18 12:54:44,872 [59105c30-b290-410a-a9ca-d50346fc903f-groupManagement] INFO  server.RaftServerConfigKeys (ConfUtils.java:logGet(46)) - raft.server.rpc.timeout.max = 5200ms (custom)
2024-09-18 12:54:44,872 [59105c30-b290-410a-a9ca-d50346fc903f-groupManagement] INFO  server.RaftServerConfigKeys (ConfUtils.java:logGet(46)) - raft.server.rpc.sleep.time = 25ms (default)
2024-09-18 12:54:44,872 [59105c30-b290-410a-a9ca-d50346fc903f-groupManagement] INFO  server.RaftServerConfigKeys (ConfUtils.java:logGet(46)) - raft.server.rpc.slowness.timeout = 300s (custom)
2024-09-18 12:54:44,872 [59105c30-b290-410a-a9ca-d50346fc903f-groupManagement] INFO  server.RaftServerConfigKeys (ConfUtils.java:logGet(46)) - raft.server.leaderelection.leader.step-down.wait-time = 10s (default)
2024-09-18 12:54:44,872 [59105c30-b290-410a-a9ca-d50346fc903f-groupManagement] INFO  server.RaftServerConfigKeys (ConfUtils.java:logGet(46)) - raft.server.leaderelection.member.majority-add = false (default)
2024-09-18 12:54:44,872 [59105c30-b290-410a-a9ca-d50346fc903f-groupManagement] INFO  server.RaftServerConfigKeys (ConfUtils.java:logGet(46)) - raft.server.sleep.deviation.threshold = 300ms (default)
2024-09-18 12:54:44,872 [59105c30-b290-410a-a9ca-d50346fc903f-groupManagement] INFO  server.RaftServer$Division (ServerState.java:<init>(114)) - 59105c30-b290-410a-a9ca-d50346fc903f@group-B837D28FF93F: ConfigurationManager, init=conf: {index: -1, cur=peers:[59105c30-b290-410a-a9ca-d50346fc903f|127.0.0.1:15020]|listeners:[], old=null}, confs=<EMPTY_MAP>
2024-09-18 12:54:44,872 [59105c30-b290-410a-a9ca-d50346fc903f-groupManagement] INFO  server.RaftServerConfigKeys (ConfUtils.java:logGet(46)) - raft.server.notification.no-leader.timeout = 300s (custom)
2024-09-18 12:54:44,872 [59105c30-b290-410a-a9ca-d50346fc903f-groupManagement] INFO  server.RaftServerConfigKeys (ConfUtils.java:logGet(46)) - raft.server.read.timeout = 10s (default)
2024-09-18 12:54:44,872 [59105c30-b290-410a-a9ca-d50346fc903f-groupManagement] INFO  server.RaftServerConfigKeys (ConfUtils.java:logGet(46)) - raft.server.retrycache.expirytime = 600000ms (custom)
2024-09-18 12:54:44,872 [59105c30-b290-410a-a9ca-d50346fc903f-groupManagement] INFO  server.RaftServerConfigKeys (ConfUtils.java:logGet(46)) - raft.server.retrycache.statistics.expirytime = 100ms (default)
2024-09-18 12:54:44,873 [59105c30-b290-410a-a9ca-d50346fc903f-groupManagement] INFO  server.RaftServerConfigKeys (ConfUtils.java:logGet(46)) - raft.server.read.option = DEFAULT (default)
2024-09-18 12:54:44,873 [59105c30-b290-410a-a9ca-d50346fc903f-groupManagement] INFO  server.RaftServerConfigKeys (ConfUtils.java:logGet(46)) - raft.server.read.read-after-write-consistent.write-index-cache.expiry-time = 60s (default)
2024-09-18 12:54:44,880 [59105c30-b290-410a-a9ca-d50346fc903f-groupManagement] INFO  server.RaftServerConfigKeys (ConfUtils.java:logGet(46)) - raft.server.rpc.request.timeout = 60s (custom)
2024-09-18 12:54:44,881 [59105c30-b290-410a-a9ca-d50346fc903f-groupManagement] INFO  server.RaftServerConfigKeys (ConfUtils.java:logGet(46)) - raft.server.log.appender.install.snapshot.enabled = false (custom)
2024-09-18 12:54:44,881 [59105c30-b290-410a-a9ca-d50346fc903f-groupManagement] INFO  server.RaftServerConfigKeys (ConfUtils.java:logGet(46)) - raft.server.threadpool.server.cached = true (default)
2024-09-18 12:54:44,881 [59105c30-b290-410a-a9ca-d50346fc903f-groupManagement] INFO  server.RaftServerConfigKeys (ConfUtils.java:logGet(46)) - raft.server.threadpool.server.size = 0 (default)
2024-09-18 12:54:44,881 [59105c30-b290-410a-a9ca-d50346fc903f-groupManagement] INFO  server.RaftServerConfigKeys (ConfUtils.java:logGet(46)) - raft.server.threadpool.client.cached = true (default)
2024-09-18 12:54:44,881 [59105c30-b290-410a-a9ca-d50346fc903f-groupManagement] INFO  server.RaftServerConfigKeys (ConfUtils.java:logGet(46)) - raft.server.threadpool.client.size = 0 (default)
2024-09-18 12:54:44,881 [59105c30-b290-410a-a9ca-d50346fc903f-groupManagement] INFO  server.RaftServerConfigKeys (ConfUtils.java:logGet(46)) - raft.server.storage.free-space.min = 0MB (=0) (default)
2024-09-18 12:54:44,881 [59105c30-b290-410a-a9ca-d50346fc903f-groupManagement] INFO  server.RaftServerConfigKeys (ConfUtils.java:logGet(46)) - raft.server.log.corruption.policy = EXCEPTION (default)
2024-09-18 12:54:44,882 [59105c30-b290-410a-a9ca-d50346fc903f-groupManagement] INFO  server.RaftServerConfigKeys (ConfUtils.java:logGet(46)) - raft.server.storage.dir = [/home/runner/work/ozone/ozone/hadoop-ozone/integration-test/target/test-dir/MiniOzoneClusterImpl-1474a09c-6dad-4fc4-86e4-bad221540704/ozone-meta/datanode-1/ratis] (custom)
2024-09-18 12:54:44,882 [59105c30-b290-410a-a9ca-d50346fc903f-groupManagement] INFO  storage.RaftStorageDirectory (RaftStorageDirectoryImpl.java:analyzeStorage(138)) - The storage directory /home/runner/work/ozone/ozone/hadoop-ozone/integration-test/target/test-dir/MiniOzoneClusterImpl-1474a09c-6dad-4fc4-86e4-bad221540704/ozone-meta/datanode-1/ratis/81c8a60d-51b1-4d53-a7e0-b837d28ff93f does not exist. Creating ...
2024-09-18 12:54:44,883 [59105c30-b290-410a-a9ca-d50346fc903f-groupManagement] INFO  storage.RaftStorageDirectory (RaftStorageDirectoryImpl.java:tryLock(229)) - Lock on /home/runner/work/ozone/ozone/hadoop-ozone/integration-test/target/test-dir/MiniOzoneClusterImpl-1474a09c-6dad-4fc4-86e4-bad221540704/ozone-meta/datanode-1/ratis/81c8a60d-51b1-4d53-a7e0-b837d28ff93f/in_use.lock acquired by nodename 131606@fv-az1197-713
2024-09-18 12:54:44,884 [59105c30-b290-410a-a9ca-d50346fc903f-groupManagement] INFO  storage.RaftStorage (RaftStorageImpl.java:format(98)) - Storage directory /home/runner/work/ozone/ozone/hadoop-ozone/integration-test/target/test-dir/MiniOzoneClusterImpl-1474a09c-6dad-4fc4-86e4-bad221540704/ozone-meta/datanode-1/ratis/81c8a60d-51b1-4d53-a7e0-b837d28ff93f has been successfully formatted.
2024-09-18 12:54:44,888 [59105c30-b290-410a-a9ca-d50346fc903f-groupManagement] INFO  ratis.ContainerStateMachine (ContainerStateMachine.java:loadSnapshot(295)) - group-B837D28FF93F: The snapshot info is null. Setting the last applied index to:(t:0, i:~)
2024-09-18 12:54:44,888 [59105c30-b290-410a-a9ca-d50346fc903f-groupManagement] INFO  server.RaftServerConfigKeys (ConfUtils.java:logGet(46)) - raft.server.log.use.memory = false (default)
2024-09-18 12:54:44,888 [59105c30-b290-410a-a9ca-d50346fc903f-groupManagement] INFO  server.RaftServerConfigKeys (ConfUtils.java:logGet(46)) - raft.server.log.purge.gap = 1000000 (custom)
2024-09-18 12:54:44,889 [59105c30-b290-410a-a9ca-d50346fc903f-groupManagement] INFO  server.RaftServerConfigKeys (ConfUtils.java:logGet(46)) - raft.server.log.appender.buffer.byte-limit = 33554432 (custom)
2024-09-18 12:54:44,889 [59105c30-b290-410a-a9ca-d50346fc903f-groupManagement] INFO  server.RaftServerConfigKeys (ConfUtils.java:logGet(46)) - raft.server.log.statemachine.data.read.timeout = 1000ms (default)
2024-09-18 12:54:44,889 [59105c30-b290-410a-a9ca-d50346fc903f-groupManagement] INFO  server.RaftServerConfigKeys (ConfUtils.java:logGet(46)) - raft.server.log.purge.preservation.log.num = 0 (default)
2024-09-18 12:54:44,893 [59105c30-b290-410a-a9ca-d50346fc903f-groupManagement] INFO  server.RaftServerConfigKeys (ConfUtils.java:logGet(46)) - raft.server.log.segment.size.max = 67108864 (custom)
2024-09-18 12:54:44,893 [59105c30-b290-410a-a9ca-d50346fc903f-groupManagement] INFO  server.RaftServerConfigKeys (ConfUtils.java:logGet(46)) - raft.server.log.segment.cache.num.max = 2 (custom)
2024-09-18 12:54:44,893 [59105c30-b290-410a-a9ca-d50346fc903f-groupManagement] INFO  server.RaftServerConfigKeys (ConfUtils.java:logGet(46)) - raft.server.log.segment.cache.size.max = 200MB (=209715200) (default)
2024-09-18 12:54:44,894 [59105c30-b290-410a-a9ca-d50346fc903f-groupManagement] INFO  server.RaftServerConfigKeys (ConfUtils.java:logGet(46)) - raft.server.log.appender.buffer.byte-limit = 33554432 (custom)
2024-09-18 12:54:44,894 [59105c30-b290-410a-a9ca-d50346fc903f-groupManagement] INFO  util.AwaitToRun (AwaitToRun.java:start(81)) - Thread[59105c30-b290-410a-a9ca-d50346fc903f@group-B837D28FF93F-cacheEviction-AwaitToRun,5,main] started
2024-09-18 12:54:44,894 [59105c30-b290-410a-a9ca-d50346fc903f-groupManagement] INFO  segmented.SegmentedRaftLogWorker (SegmentedRaftLogWorker.java:<init>(184)) - new 59105c30-b290-410a-a9ca-d50346fc903f@group-B837D28FF93F-SegmentedRaftLogWorker for RaftStorageImpl:Storage Directory /home/runner/work/ozone/ozone/hadoop-ozone/integration-test/target/test-dir/MiniOzoneClusterImpl-1474a09c-6dad-4fc4-86e4-bad221540704/ozone-meta/datanode-1/ratis/81c8a60d-51b1-4d53-a7e0-b837d28ff93f
2024-09-18 12:54:44,894 [59105c30-b290-410a-a9ca-d50346fc903f-groupManagement] INFO  server.RaftServerConfigKeys (ConfUtils.java:logGet(46)) - raft.server.log.queue.byte-limit = 4294967296 (custom)
2024-09-18 12:54:44,894 [59105c30-b290-410a-a9ca-d50346fc903f-groupManagement] INFO  server.RaftServerConfigKeys (ConfUtils.java:logGet(46)) - raft.server.log.queue.element-limit = 1024 (custom)
2024-09-18 12:54:44,894 [59105c30-b290-410a-a9ca-d50346fc903f-groupManagement] INFO  server.RaftServerConfigKeys (ConfUtils.java:logGet(46)) - raft.server.log.segment.size.max = 67108864 (custom)
2024-09-18 12:54:44,894 [59105c30-b290-410a-a9ca-d50346fc903f-groupManagement] INFO  server.RaftServerConfigKeys (ConfUtils.java:logGet(46)) - raft.server.log.preallocated.size = 4194304 (custom)
2024-09-18 12:54:44,894 [59105c30-b290-410a-a9ca-d50346fc903f-groupManagement] INFO  server.RaftServerConfigKeys (ConfUtils.java:logGet(46)) - raft.server.log.force.sync.num = 128 (default)
2024-09-18 12:54:44,894 [59105c30-b290-410a-a9ca-d50346fc903f-groupManagement] INFO  server.RaftServerConfigKeys (ConfUtils.java:logGet(46)) - raft.server.log.statemachine.data.sync = true (default)
2024-09-18 12:54:44,894 [59105c30-b290-410a-a9ca-d50346fc903f-groupManagement] INFO  server.RaftServerConfigKeys (ConfUtils.java:logGet(46)) - raft.server.log.statemachine.data.sync.timeout = 10s (default)
2024-09-18 12:54:44,894 [59105c30-b290-410a-a9ca-d50346fc903f-groupManagement] INFO  server.RaftServerConfigKeys (ConfUtils.java:logGet(46)) - raft.server.log.statemachine.data.sync.timeout.retry = 30 (custom)
2024-09-18 12:54:44,895 [59105c30-b290-410a-a9ca-d50346fc903f-groupManagement] INFO  server.RaftServerConfigKeys (ConfUtils.java:logGet(46)) - raft.server.log.write.buffer.size = 33554440 (custom)
2024-09-18 12:54:44,901 [59105c30-b290-410a-a9ca-d50346fc903f-groupManagement] INFO  server.RaftServerConfigKeys (ConfUtils.java:logGet(46)) - raft.server.log.appender.buffer.byte-limit = 33554432 (custom)
2024-09-18 12:54:44,901 [59105c30-b290-410a-a9ca-d50346fc903f-groupManagement] INFO  server.RaftServerConfigKeys (ConfUtils.java:logGet(46)) - raft.server.log.unsafe-flush.enabled = false (default)
2024-09-18 12:54:44,901 [59105c30-b290-410a-a9ca-d50346fc903f-groupManagement] INFO  server.RaftServerConfigKeys (ConfUtils.java:logGet(46)) - raft.server.log.async-flush.enabled = false (default)
2024-09-18 12:54:44,901 [59105c30-b290-410a-a9ca-d50346fc903f-groupManagement] INFO  server.RaftServerConfigKeys (ConfUtils.java:logGet(46)) - raft.server.log.statemachine.data.caching.enabled = true (custom)
2024-09-18 12:54:44,902 [59105c30-b290-410a-a9ca-d50346fc903f-groupManagement] INFO  segmented.SegmentedRaftLogWorker (SegmentedRaftLogWorker.java:lambda$new$0(135)) - 59105c30-b290-410a-a9ca-d50346fc903f@group-B837D28FF93F-SegmentedRaftLogWorker: flushIndex: setUnconditionally 0 -> -1
2024-09-18 12:54:44,902 [59105c30-b290-410a-a9ca-d50346fc903f-groupManagement] INFO  segmented.SegmentedRaftLogWorker (SegmentedRaftLogWorker.java:lambda$new$0(135)) - 59105c30-b290-410a-a9ca-d50346fc903f@group-B837D28FF93F-SegmentedRaftLogWorker: safeCacheEvictIndex: setUnconditionally 0 -> -1
2024-09-18 12:54:44,909 [59105c30-b290-410a-a9ca-d50346fc903f-groupManagement] INFO  server.RaftServer$Division (RaftServerImpl.java:start(389)) - 59105c30-b290-410a-a9ca-d50346fc903f@group-B837D28FF93F: start as a follower, conf=conf: {index: -1, cur=peers:[59105c30-b290-410a-a9ca-d50346fc903f|127.0.0.1:15020]|listeners:[], old=null}
2024-09-18 12:54:44,909 [59105c30-b290-410a-a9ca-d50346fc903f-groupManagement] INFO  server.RaftServer$Division (RaftServerImpl.java:setRole(376)) - 59105c30-b290-410a-a9ca-d50346fc903f@group-B837D28FF93F: changes role from      null to FOLLOWER at term 0 for startAsFollower
2024-09-18 12:54:44,909 [59105c30-b290-410a-a9ca-d50346fc903f-groupManagement] INFO  impl.RoleInfo (RoleInfo.java:updateAndGet(148)) - 59105c30-b290-410a-a9ca-d50346fc903f: start 59105c30-b290-410a-a9ca-d50346fc903f@group-B837D28FF93F-FollowerState
2024-09-18 12:54:44,910 [59105c30-b290-410a-a9ca-d50346fc903f-groupManagement] INFO  util.JmxRegister (JmxRegister.java:tryRegister(44)) - Successfully registered JMX Bean with object name Ratis:service=RaftServer,group=group-B837D28FF93F,id=59105c30-b290-410a-a9ca-d50346fc903f
2024-09-18 12:54:44,910 [59105c30-b290-410a-a9ca-d50346fc903f-groupManagement] INFO  util.JmxRegister (JmxRegister.java:register(58)) - register mxBean class org.apache.ratis.server.impl.RaftServerJmxAdapter as Ratis:service=RaftServer,group=group-B837D28FF93F,id=59105c30-b290-410a-a9ca-d50346fc903f
2024-09-18 12:54:44,910 [59105c30-b290-410a-a9ca-d50346fc903f-groupManagement] INFO  server.RaftServerConfigKeys (ConfUtils.java:logGet(46)) - raft.server.snapshot.trigger-when-stop.enabled = true (default)
2024-09-18 12:54:44,910 [59105c30-b290-410a-a9ca-d50346fc903f-groupManagement] INFO  server.RaftServerConfigKeys (ConfUtils.java:logGet(46)) - raft.server.snapshot.trigger-when-remove.enabled = true (default)
2024-09-18 12:54:44,910 [59105c30-b290-410a-a9ca-d50346fc903f-groupManagement] INFO  server.RaftServerConfigKeys (ConfUtils.java:logGet(46)) - raft.server.snapshot.auto.trigger.enabled = true (custom)
2024-09-18 12:54:44,910 [59105c30-b290-410a-a9ca-d50346fc903f-groupManagement] INFO  server.RaftServerConfigKeys (ConfUtils.java:logGet(46)) - raft.server.snapshot.auto.trigger.threshold = 10000 (custom)
2024-09-18 12:54:44,910 [59105c30-b290-410a-a9ca-d50346fc903f-groupManagement] INFO  server.RaftServerConfigKeys (ConfUtils.java:logGet(46)) - raft.server.snapshot.retention.file.num = 5 (custom)
2024-09-18 12:54:44,910 [59105c30-b290-410a-a9ca-d50346fc903f-groupManagement] INFO  server.RaftServerConfigKeys (ConfUtils.java:logGet(46)) - raft.server.log.purge.upto.snapshot.index = false (default)
2024-09-18 12:54:44,911 [59105c30-b290-410a-a9ca-d50346fc903f@group-B837D28FF93F-FollowerState] INFO  server.RaftServerConfigKeys (ConfUtils.java:logFallback(53)) - raft.server.rpc.first-election.timeout.min = 5s (fallback to raft.server.rpc.timeout.min)
2024-09-18 12:54:44,912 [59105c30-b290-410a-a9ca-d50346fc903f@group-B837D28FF93F-FollowerState] INFO  server.RaftServerConfigKeys (ConfUtils.java:logFallback(53)) - raft.server.rpc.first-election.timeout.max = 5200ms (fallback to raft.server.rpc.timeout.max)
2024-09-18 12:54:44,917 [76f7b79d-b0f1-40ff-adcc-a8634463f843@group-BAD221540704-StateMachineUpdater] INFO  safemode.HealthyPipelineSafeModeRule (HealthyPipelineSafeModeRule.java:initializeRule(172)) - Refreshed total pipeline count is 0, healthy pipeline threshold count is 1
2024-09-18 12:54:44,917 [59105c30-b290-410a-a9ca-d50346fc903f-PipelineCommandHandlerThread-0] INFO  ratis.XceiverServerRatis (XceiverServerRatis.java:addGroup(849)) - Created group PipelineID=81c8a60d-51b1-4d53-a7e0-b837d28ff93f
2024-09-18 12:54:44,918 [scmNode-1-EventQueue-PipelineReportForPipelineReportHandler] INFO  pipeline.PipelineReportHandler (PipelineReportHandler.java:processPipelineReport(136)) - Opened pipeline PipelineID=81c8a60d-51b1-4d53-a7e0-b837d28ff93f
2024-09-18 12:54:44,918 [59105c30-b290-410a-a9ca-d50346fc903f-PipelineCommandHandlerThread-0] INFO  commandhandler.CreatePipelineCommandHandler (CreatePipelineCommandHandler.java:lambda$handle$2(124)) - Created Pipeline RATIS ONE PipelineID=81c8a60d-51b1-4d53-a7e0-b837d28ff93f.
2024-09-18 12:54:44,918 [59105c30-b290-410a-a9ca-d50346fc903f-PipelineCommandHandlerThread-0] INFO  server.RaftServer (RaftServerProxy.java:addNew(101)) - 59105c30-b290-410a-a9ca-d50346fc903f: addNew group-0E6812D09C45:[856d6c8f-d120-404b-902c-ec203ff8b049|127.0.0.1:15038, 59105c30-b290-410a-a9ca-d50346fc903f|127.0.0.1:15020, 27821b7d-0624-41cc-9490-31ed12e2696a|127.0.0.1:15029] returns group-0E6812D09C45:java.util.concurrent.CompletableFuture@4374457d[Not completed]
2024-09-18 12:54:44,919 [scmNode-1-EventQueue-OpenPipelineForHealthyPipelineSafeModeRule] INFO  safemode.SCMSafeModeManager (HealthyPipelineSafeModeRule.java:process(140)) - SCM in safe mode. Healthy pipelines reported count is 0, required healthy pipeline reported count is 1
2024-09-18 12:54:44,920 [59105c30-b290-410a-a9ca-d50346fc903f-groupManagement] INFO  server.RaftServer$Division (RaftServerImpl.java:<init>(253)) - 59105c30-b290-410a-a9ca-d50346fc903f: new RaftServerImpl for group-0E6812D09C45:[856d6c8f-d120-404b-902c-ec203ff8b049|127.0.0.1:15038, 59105c30-b290-410a-a9ca-d50346fc903f|127.0.0.1:15020, 27821b7d-0624-41cc-9490-31ed12e2696a|127.0.0.1:15029] with ContainerStateMachine:uninitialized
2024-09-18 12:54:44,920 [59105c30-b290-410a-a9ca-d50346fc903f-groupManagement] INFO  server.RaftServerConfigKeys (ConfUtils.java:logGet(46)) - raft.server.rpc.timeout.min = 5s (custom)
2024-09-18 12:54:44,920 [59105c30-b290-410a-a9ca-d50346fc903f-groupManagement] INFO  server.RaftServerConfigKeys (ConfUtils.java:logGet(46)) - raft.server.rpc.timeout.max = 5200ms (custom)
2024-09-18 12:54:44,921 [59105c30-b290-410a-a9ca-d50346fc903f-groupManagement] INFO  server.RaftServerConfigKeys (ConfUtils.java:logGet(46)) - raft.server.rpc.sleep.time = 25ms (default)
2024-09-18 12:54:44,921 [59105c30-b290-410a-a9ca-d50346fc903f-groupManagement] INFO  server.RaftServerConfigKeys (ConfUtils.java:logGet(46)) - raft.server.rpc.slowness.timeout = 300s (custom)
2024-09-18 12:54:44,921 [59105c30-b290-410a-a9ca-d50346fc903f-groupManagement] INFO  server.RaftServerConfigKeys (ConfUtils.java:logGet(46)) - raft.server.leaderelection.leader.step-down.wait-time = 10s (default)
2024-09-18 12:54:44,921 [59105c30-b290-410a-a9ca-d50346fc903f-groupManagement] INFO  server.RaftServerConfigKeys (ConfUtils.java:logGet(46)) - raft.server.leaderelection.member.majority-add = false (default)
2024-09-18 12:54:44,921 [59105c30-b290-410a-a9ca-d50346fc903f-groupManagement] INFO  server.RaftServerConfigKeys (ConfUtils.java:logGet(46)) - raft.server.sleep.deviation.threshold = 300ms (default)
2024-09-18 12:54:44,921 [59105c30-b290-410a-a9ca-d50346fc903f-groupManagement] INFO  server.RaftServer$Division (ServerState.java:<init>(114)) - 59105c30-b290-410a-a9ca-d50346fc903f@group-0E6812D09C45: ConfigurationManager, init=conf: {index: -1, cur=peers:[856d6c8f-d120-404b-902c-ec203ff8b049|127.0.0.1:15038, 59105c30-b290-410a-a9ca-d50346fc903f|127.0.0.1:15020, 27821b7d-0624-41cc-9490-31ed12e2696a|127.0.0.1:15029]|listeners:[], old=null}, confs=<EMPTY_MAP>
2024-09-18 12:54:44,921 [59105c30-b290-410a-a9ca-d50346fc903f-groupManagement] INFO  server.RaftServerConfigKeys (ConfUtils.java:logGet(46)) - raft.server.notification.no-leader.timeout = 300s (custom)
2024-09-18 12:54:44,921 [59105c30-b290-410a-a9ca-d50346fc903f-groupManagement] INFO  server.RaftServerConfigKeys (ConfUtils.java:logGet(46)) - raft.server.read.timeout = 10s (default)
2024-09-18 12:54:44,921 [59105c30-b290-410a-a9ca-d50346fc903f-groupManagement] INFO  server.RaftServerConfigKeys (ConfUtils.java:logGet(46)) - raft.server.retrycache.expirytime = 600000ms (custom)
2024-09-18 12:54:44,921 [59105c30-b290-410a-a9ca-d50346fc903f-groupManagement] INFO  server.RaftServerConfigKeys (ConfUtils.java:logGet(46)) - raft.server.retrycache.statistics.expirytime = 100ms (default)
2024-09-18 12:54:44,921 [59105c30-b290-410a-a9ca-d50346fc903f-groupManagement] INFO  server.RaftServerConfigKeys (ConfUtils.java:logGet(46)) - raft.server.read.option = DEFAULT (default)
2024-09-18 12:54:44,921 [59105c30-b290-410a-a9ca-d50346fc903f-groupManagement] INFO  server.RaftServerConfigKeys (ConfUtils.java:logGet(46)) - raft.server.read.read-after-write-consistent.write-index-cache.expiry-time = 60s (default)
2024-09-18 12:54:44,928 [59105c30-b290-410a-a9ca-d50346fc903f-groupManagement] INFO  server.RaftServerConfigKeys (ConfUtils.java:logGet(46)) - raft.server.rpc.request.timeout = 60s (custom)
2024-09-18 12:54:44,928 [59105c30-b290-410a-a9ca-d50346fc903f-groupManagement] INFO  server.RaftServerConfigKeys (ConfUtils.java:logGet(46)) - raft.server.log.appender.install.snapshot.enabled = false (custom)
2024-09-18 12:54:44,929 [59105c30-b290-410a-a9ca-d50346fc903f-groupManagement] INFO  server.RaftServerConfigKeys (ConfUtils.java:logGet(46)) - raft.server.threadpool.server.cached = true (default)
2024-09-18 12:54:44,929 [59105c30-b290-410a-a9ca-d50346fc903f-groupManagement] INFO  server.RaftServerConfigKeys (ConfUtils.java:logGet(46)) - raft.server.threadpool.server.size = 0 (default)
2024-09-18 12:54:44,929 [59105c30-b290-410a-a9ca-d50346fc903f-groupManagement] INFO  server.RaftServerConfigKeys (ConfUtils.java:logGet(46)) - raft.server.threadpool.client.cached = true (default)
2024-09-18 12:54:44,930 [59105c30-b290-410a-a9ca-d50346fc903f-groupManagement] INFO  server.RaftServerConfigKeys (ConfUtils.java:logGet(46)) - raft.server.threadpool.client.size = 0 (default)
2024-09-18 12:54:44,930 [59105c30-b290-410a-a9ca-d50346fc903f-groupManagement] INFO  server.RaftServerConfigKeys (ConfUtils.java:logGet(46)) - raft.server.storage.free-space.min = 0MB (=0) (default)
2024-09-18 12:54:44,931 [59105c30-b290-410a-a9ca-d50346fc903f-groupManagement] INFO  server.RaftServerConfigKeys (ConfUtils.java:logGet(46)) - raft.server.log.corruption.policy = EXCEPTION (default)
2024-09-18 12:54:44,931 [59105c30-b290-410a-a9ca-d50346fc903f-groupManagement] INFO  server.RaftServerConfigKeys (ConfUtils.java:logGet(46)) - raft.server.storage.dir = [/home/runner/work/ozone/ozone/hadoop-ozone/integration-test/target/test-dir/MiniOzoneClusterImpl-1474a09c-6dad-4fc4-86e4-bad221540704/ozone-meta/datanode-1/ratis] (custom)
2024-09-18 12:54:44,932 [59105c30-b290-410a-a9ca-d50346fc903f-groupManagement] INFO  storage.RaftStorageDirectory (RaftStorageDirectoryImpl.java:analyzeStorage(138)) - The storage directory /home/runner/work/ozone/ozone/hadoop-ozone/integration-test/target/test-dir/MiniOzoneClusterImpl-1474a09c-6dad-4fc4-86e4-bad221540704/ozone-meta/datanode-1/ratis/1e257028-07be-4c90-ba6b-0e6812d09c45 does not exist. Creating ...
2024-09-18 12:54:44,933 [59105c30-b290-410a-a9ca-d50346fc903f-groupManagement] INFO  storage.RaftStorageDirectory (RaftStorageDirectoryImpl.java:tryLock(229)) - Lock on /home/runner/work/ozone/ozone/hadoop-ozone/integration-test/target/test-dir/MiniOzoneClusterImpl-1474a09c-6dad-4fc4-86e4-bad221540704/ozone-meta/datanode-1/ratis/1e257028-07be-4c90-ba6b-0e6812d09c45/in_use.lock acquired by nodename 131606@fv-az1197-713
2024-09-18 12:54:44,935 [59105c30-b290-410a-a9ca-d50346fc903f-groupManagement] INFO  storage.RaftStorage (RaftStorageImpl.java:format(98)) - Storage directory /home/runner/work/ozone/ozone/hadoop-ozone/integration-test/target/test-dir/MiniOzoneClusterImpl-1474a09c-6dad-4fc4-86e4-bad221540704/ozone-meta/datanode-1/ratis/1e257028-07be-4c90-ba6b-0e6812d09c45 has been successfully formatted.
2024-09-18 12:54:44,936 [59105c30-b290-410a-a9ca-d50346fc903f-groupManagement] INFO  ratis.ContainerStateMachine (ContainerStateMachine.java:loadSnapshot(295)) - group-0E6812D09C45: The snapshot info is null. Setting the last applied index to:(t:0, i:~)
2024-09-18 12:54:44,936 [59105c30-b290-410a-a9ca-d50346fc903f-groupManagement] INFO  server.RaftServerConfigKeys (ConfUtils.java:logGet(46)) - raft.server.log.use.memory = false (default)
2024-09-18 12:54:44,937 [59105c30-b290-410a-a9ca-d50346fc903f-groupManagement] INFO  server.RaftServerConfigKeys (ConfUtils.java:logGet(46)) - raft.server.log.purge.gap = 1000000 (custom)
2024-09-18 12:54:44,937 [59105c30-b290-410a-a9ca-d50346fc903f-groupManagement] INFO  server.RaftServerConfigKeys (ConfUtils.java:logGet(46)) - raft.server.log.appender.buffer.byte-limit = 33554432 (custom)
2024-09-18 12:54:44,937 [59105c30-b290-410a-a9ca-d50346fc903f-groupManagement] INFO  server.RaftServerConfigKeys (ConfUtils.java:logGet(46)) - raft.server.log.statemachine.data.read.timeout = 1000ms (default)
2024-09-18 12:54:44,938 [scmNode-1-EventQueue-OpenPipelineForHealthyPipelineSafeModeRule] INFO  safemode.SCMSafeModeManager (HealthyPipelineSafeModeRule.java:process(140)) - SCM in safe mode. Healthy pipelines reported count is 0, required healthy pipeline reported count is 1
2024-09-18 12:54:44,938 [59105c30-b290-410a-a9ca-d50346fc903f-groupManagement] INFO  server.RaftServerConfigKeys (ConfUtils.java:logGet(46)) - raft.server.log.purge.preservation.log.num = 0 (default)
2024-09-18 12:54:44,941 [59105c30-b290-410a-a9ca-d50346fc903f-groupManagement] INFO  server.RaftServerConfigKeys (ConfUtils.java:logGet(46)) - raft.server.log.segment.size.max = 67108864 (custom)
2024-09-18 12:54:44,941 [59105c30-b290-410a-a9ca-d50346fc903f-groupManagement] INFO  server.RaftServerConfigKeys (ConfUtils.java:logGet(46)) - raft.server.log.segment.cache.num.max = 2 (custom)
2024-09-18 12:54:44,942 [59105c30-b290-410a-a9ca-d50346fc903f-groupManagement] INFO  server.RaftServerConfigKeys (ConfUtils.java:logGet(46)) - raft.server.log.segment.cache.size.max = 200MB (=209715200) (default)
2024-09-18 12:54:44,942 [59105c30-b290-410a-a9ca-d50346fc903f-groupManagement] INFO  server.RaftServerConfigKeys (ConfUtils.java:logGet(46)) - raft.server.log.appender.buffer.byte-limit = 33554432 (custom)
2024-09-18 12:54:44,945 [59105c30-b290-410a-a9ca-d50346fc903f-groupManagement] INFO  util.AwaitToRun (AwaitToRun.java:start(81)) - Thread[59105c30-b290-410a-a9ca-d50346fc903f@group-0E6812D09C45-cacheEviction-AwaitToRun,5,main] started
2024-09-18 12:54:44,945 [59105c30-b290-410a-a9ca-d50346fc903f-groupManagement] INFO  segmented.SegmentedRaftLogWorker (SegmentedRaftLogWorker.java:<init>(184)) - new 59105c30-b290-410a-a9ca-d50346fc903f@group-0E6812D09C45-SegmentedRaftLogWorker for RaftStorageImpl:Storage Directory /home/runner/work/ozone/ozone/hadoop-ozone/integration-test/target/test-dir/MiniOzoneClusterImpl-1474a09c-6dad-4fc4-86e4-bad221540704/ozone-meta/datanode-1/ratis/1e257028-07be-4c90-ba6b-0e6812d09c45
2024-09-18 12:54:44,946 [59105c30-b290-410a-a9ca-d50346fc903f-groupManagement] INFO  server.RaftServerConfigKeys (ConfUtils.java:logGet(46)) - raft.server.log.queue.byte-limit = 4294967296 (custom)
2024-09-18 12:54:44,946 [59105c30-b290-410a-a9ca-d50346fc903f-groupManagement] INFO  server.RaftServerConfigKeys (ConfUtils.java:logGet(46)) - raft.server.log.queue.element-limit = 1024 (custom)
2024-09-18 12:54:44,947 [59105c30-b290-410a-a9ca-d50346fc903f-groupManagement] INFO  server.RaftServerConfigKeys (ConfUtils.java:logGet(46)) - raft.server.log.segment.size.max = 67108864 (custom)
2024-09-18 12:54:44,947 [59105c30-b290-410a-a9ca-d50346fc903f-groupManagement] INFO  server.RaftServerConfigKeys (ConfUtils.java:logGet(46)) - raft.server.log.preallocated.size = 4194304 (custom)
2024-09-18 12:54:44,953 [59105c30-b290-410a-a9ca-d50346fc903f-groupManagement] INFO  server.RaftServerConfigKeys (ConfUtils.java:logGet(46)) - raft.server.log.force.sync.num = 128 (default)
2024-09-18 12:54:44,953 [59105c30-b290-410a-a9ca-d50346fc903f-groupManagement] INFO  server.RaftServerConfigKeys (ConfUtils.java:logGet(46)) - raft.server.log.statemachine.data.sync = true (default)
2024-09-18 12:54:44,953 [59105c30-b290-410a-a9ca-d50346fc903f-groupManagement] INFO  server.RaftServerConfigKeys (ConfUtils.java:logGet(46)) - raft.server.log.statemachine.data.sync.timeout = 10s (default)
2024-09-18 12:54:44,953 [59105c30-b290-410a-a9ca-d50346fc903f-groupManagement] INFO  server.RaftServerConfigKeys (ConfUtils.java:logGet(46)) - raft.server.log.statemachine.data.sync.timeout.retry = 30 (custom)
2024-09-18 12:54:44,954 [59105c30-b290-410a-a9ca-d50346fc903f-groupManagement] INFO  server.RaftServerConfigKeys (ConfUtils.java:logGet(46)) - raft.server.log.write.buffer.size = 33554440 (custom)
2024-09-18 12:54:44,960 [59105c30-b290-410a-a9ca-d50346fc903f-groupManagement] INFO  server.RaftServerConfigKeys (ConfUtils.java:logGet(46)) - raft.server.log.appender.buffer.byte-limit = 33554432 (custom)
2024-09-18 12:54:44,960 [59105c30-b290-410a-a9ca-d50346fc903f-groupManagement] INFO  server.RaftServerConfigKeys (ConfUtils.java:logGet(46)) - raft.server.log.unsafe-flush.enabled = false (default)
2024-09-18 12:54:44,960 [59105c30-b290-410a-a9ca-d50346fc903f-groupManagement] INFO  server.RaftServerConfigKeys (ConfUtils.java:logGet(46)) - raft.server.log.async-flush.enabled = false (default)
2024-09-18 12:54:44,961 [59105c30-b290-410a-a9ca-d50346fc903f-groupManagement] INFO  server.RaftServerConfigKeys (ConfUtils.java:logGet(46)) - raft.server.log.statemachine.data.caching.enabled = true (custom)
2024-09-18 12:54:44,961 [59105c30-b290-410a-a9ca-d50346fc903f-groupManagement] INFO  segmented.SegmentedRaftLogWorker (SegmentedRaftLogWorker.java:lambda$new$0(135)) - 59105c30-b290-410a-a9ca-d50346fc903f@group-0E6812D09C45-SegmentedRaftLogWorker: flushIndex: setUnconditionally 0 -> -1
2024-09-18 12:54:44,961 [59105c30-b290-410a-a9ca-d50346fc903f-groupManagement] INFO  segmented.SegmentedRaftLogWorker (SegmentedRaftLogWorker.java:lambda$new$0(135)) - 59105c30-b290-410a-a9ca-d50346fc903f@group-0E6812D09C45-SegmentedRaftLogWorker: safeCacheEvictIndex: setUnconditionally 0 -> -1
2024-09-18 12:54:44,964 [59105c30-b290-410a-a9ca-d50346fc903f-groupManagement] INFO  server.RaftServer$Division (RaftServerImpl.java:start(389)) - 59105c30-b290-410a-a9ca-d50346fc903f@group-0E6812D09C45: start as a follower, conf=conf: {index: -1, cur=peers:[856d6c8f-d120-404b-902c-ec203ff8b049|127.0.0.1:15038, 59105c30-b290-410a-a9ca-d50346fc903f|127.0.0.1:15020, 27821b7d-0624-41cc-9490-31ed12e2696a|127.0.0.1:15029]|listeners:[], old=null}
2024-09-18 12:54:44,964 [59105c30-b290-410a-a9ca-d50346fc903f-groupManagement] INFO  server.RaftServer$Division (RaftServerImpl.java:setRole(376)) - 59105c30-b290-410a-a9ca-d50346fc903f@group-0E6812D09C45: changes role from      null to FOLLOWER at term 0 for startAsFollower
2024-09-18 12:54:44,964 [59105c30-b290-410a-a9ca-d50346fc903f-groupManagement] INFO  impl.RoleInfo (RoleInfo.java:updateAndGet(148)) - 59105c30-b290-410a-a9ca-d50346fc903f: start 59105c30-b290-410a-a9ca-d50346fc903f@group-0E6812D09C45-FollowerState
2024-09-18 12:54:44,969 [59105c30-b290-410a-a9ca-d50346fc903f@group-0E6812D09C45-FollowerState] INFO  server.RaftServerConfigKeys (ConfUtils.java:logFallback(53)) - raft.server.rpc.first-election.timeout.min = 5s (fallback to raft.server.rpc.timeout.min)
2024-09-18 12:54:44,969 [59105c30-b290-410a-a9ca-d50346fc903f@group-0E6812D09C45-FollowerState] INFO  server.RaftServerConfigKeys (ConfUtils.java:logFallback(53)) - raft.server.rpc.first-election.timeout.max = 5200ms (fallback to raft.server.rpc.timeout.max)
2024-09-18 12:54:44,969 [59105c30-b290-410a-a9ca-d50346fc903f-groupManagement] INFO  util.JmxRegister (JmxRegister.java:tryRegister(44)) - Successfully registered JMX Bean with object name Ratis:service=RaftServer,group=group-0E6812D09C45,id=59105c30-b290-410a-a9ca-d50346fc903f
2024-09-18 12:54:44,970 [59105c30-b290-410a-a9ca-d50346fc903f-groupManagement] INFO  util.JmxRegister (JmxRegister.java:register(58)) - register mxBean class org.apache.ratis.server.impl.RaftServerJmxAdapter as Ratis:service=RaftServer,group=group-0E6812D09C45,id=59105c30-b290-410a-a9ca-d50346fc903f
2024-09-18 12:54:44,970 [59105c30-b290-410a-a9ca-d50346fc903f-groupManagement] INFO  server.RaftServerConfigKeys (ConfUtils.java:logGet(46)) - raft.server.snapshot.trigger-when-stop.enabled = true (default)
2024-09-18 12:54:44,971 [59105c30-b290-410a-a9ca-d50346fc903f-groupManagement] INFO  server.RaftServerConfigKeys (ConfUtils.java:logGet(46)) - raft.server.snapshot.trigger-when-remove.enabled = true (default)
2024-09-18 12:54:44,971 [59105c30-b290-410a-a9ca-d50346fc903f-groupManagement] INFO  server.RaftServerConfigKeys (ConfUtils.java:logGet(46)) - raft.server.snapshot.auto.trigger.enabled = true (custom)
2024-09-18 12:54:44,971 [59105c30-b290-410a-a9ca-d50346fc903f-groupManagement] INFO  server.RaftServerConfigKeys (ConfUtils.java:logGet(46)) - raft.server.snapshot.auto.trigger.threshold = 10000 (custom)
2024-09-18 12:54:44,971 [59105c30-b290-410a-a9ca-d50346fc903f-groupManagement] INFO  server.RaftServerConfigKeys (ConfUtils.java:logGet(46)) - raft.server.snapshot.retention.file.num = 5 (custom)
2024-09-18 12:54:44,971 [59105c30-b290-410a-a9ca-d50346fc903f-groupManagement] INFO  server.RaftServerConfigKeys (ConfUtils.java:logGet(46)) - raft.server.log.purge.upto.snapshot.index = false (default)
2024-09-18 12:54:44,973 [59105c30-b290-410a-a9ca-d50346fc903f-PipelineCommandHandlerThread-0] INFO  ratis.XceiverServerRatis (XceiverServerRatis.java:addGroup(849)) - Created group PipelineID=1e257028-07be-4c90-ba6b-0e6812d09c45
2024-09-18 12:54:45,172 [27821b7d-0624-41cc-9490-31ed12e2696a-PipelineCommandHandlerThread-0] INFO  server.RaftServer (RaftServerProxy.java:addNew(101)) - 27821b7d-0624-41cc-9490-31ed12e2696a: addNew group-E89A64721F5C:[27821b7d-0624-41cc-9490-31ed12e2696a|127.0.0.1:15029] returns group-E89A64721F5C:java.util.concurrent.CompletableFuture@3d479423[Not completed]
2024-09-18 12:54:45,174 [grpc-default-executor-0] INFO  server.RaftServer (RaftServerProxy.java:addNew(101)) - 856d6c8f-d120-404b-902c-ec203ff8b049: addNew group-0E6812D09C45:[856d6c8f-d120-404b-902c-ec203ff8b049|127.0.0.1:15038, 59105c30-b290-410a-a9ca-d50346fc903f|127.0.0.1:15020, 27821b7d-0624-41cc-9490-31ed12e2696a|127.0.0.1:15029] returns group-0E6812D09C45:java.util.concurrent.CompletableFuture@2769d0bc[Not completed]
2024-09-18 12:54:45,174 [27821b7d-0624-41cc-9490-31ed12e2696a-groupManagement] INFO  server.RaftServer$Division (RaftServerImpl.java:<init>(253)) - 27821b7d-0624-41cc-9490-31ed12e2696a: new RaftServerImpl for group-E89A64721F5C:[27821b7d-0624-41cc-9490-31ed12e2696a|127.0.0.1:15029] with ContainerStateMachine:uninitialized
2024-09-18 12:54:45,175 [27821b7d-0624-41cc-9490-31ed12e2696a-groupManagement] INFO  server.RaftServerConfigKeys (ConfUtils.java:logGet(46)) - raft.server.rpc.timeout.min = 5s (custom)
2024-09-18 12:54:45,175 [27821b7d-0624-41cc-9490-31ed12e2696a-groupManagement] INFO  server.RaftServerConfigKeys (ConfUtils.java:logGet(46)) - raft.server.rpc.timeout.max = 5200ms (custom)
2024-09-18 12:54:45,177 [27821b7d-0624-41cc-9490-31ed12e2696a-groupManagement] INFO  server.RaftServerConfigKeys (ConfUtils.java:logGet(46)) - raft.server.rpc.sleep.time = 25ms (default)
2024-09-18 12:54:45,177 [27821b7d-0624-41cc-9490-31ed12e2696a-groupManagement] INFO  server.RaftServerConfigKeys (ConfUtils.java:logGet(46)) - raft.server.rpc.slowness.timeout = 300s (custom)
2024-09-18 12:54:45,177 [27821b7d-0624-41cc-9490-31ed12e2696a-groupManagement] INFO  server.RaftServerConfigKeys (ConfUtils.java:logGet(46)) - raft.server.leaderelection.leader.step-down.wait-time = 10s (default)
2024-09-18 12:54:45,177 [27821b7d-0624-41cc-9490-31ed12e2696a-groupManagement] INFO  server.RaftServerConfigKeys (ConfUtils.java:logGet(46)) - raft.server.leaderelection.member.majority-add = false (default)
2024-09-18 12:54:45,177 [27821b7d-0624-41cc-9490-31ed12e2696a-groupManagement] INFO  server.RaftServerConfigKeys (ConfUtils.java:logGet(46)) - raft.server.sleep.deviation.threshold = 300ms (default)
2024-09-18 12:54:45,177 [27821b7d-0624-41cc-9490-31ed12e2696a-groupManagement] INFO  server.RaftServer$Division (ServerState.java:<init>(114)) - 27821b7d-0624-41cc-9490-31ed12e2696a@group-E89A64721F5C: ConfigurationManager, init=conf: {index: -1, cur=peers:[27821b7d-0624-41cc-9490-31ed12e2696a|127.0.0.1:15029]|listeners:[], old=null}, confs=<EMPTY_MAP>
2024-09-18 12:54:45,178 [27821b7d-0624-41cc-9490-31ed12e2696a-groupManagement] INFO  server.RaftServerConfigKeys (ConfUtils.java:logGet(46)) - raft.server.notification.no-leader.timeout = 300s (custom)
2024-09-18 12:54:45,178 [27821b7d-0624-41cc-9490-31ed12e2696a-groupManagement] INFO  server.RaftServerConfigKeys (ConfUtils.java:logGet(46)) - raft.server.read.timeout = 10s (default)
2024-09-18 12:54:45,178 [27821b7d-0624-41cc-9490-31ed12e2696a-groupManagement] INFO  server.RaftServerConfigKeys (ConfUtils.java:logGet(46)) - raft.server.retrycache.expirytime = 600000ms (custom)
2024-09-18 12:54:45,178 [27821b7d-0624-41cc-9490-31ed12e2696a-groupManagement] INFO  server.RaftServerConfigKeys (ConfUtils.java:logGet(46)) - raft.server.retrycache.statistics.expirytime = 100ms (default)
2024-09-18 12:54:45,178 [27821b7d-0624-41cc-9490-31ed12e2696a-groupManagement] INFO  server.RaftServerConfigKeys (ConfUtils.java:logGet(46)) - raft.server.read.option = DEFAULT (default)
2024-09-18 12:54:45,178 [27821b7d-0624-41cc-9490-31ed12e2696a-groupManagement] INFO  server.RaftServerConfigKeys (ConfUtils.java:logGet(46)) - raft.server.read.read-after-write-consistent.write-index-cache.expiry-time = 60s (default)
2024-09-18 12:54:45,179 [856d6c8f-d120-404b-902c-ec203ff8b049-groupManagement] INFO  server.RaftServer$Division (RaftServerImpl.java:<init>(253)) - 856d6c8f-d120-404b-902c-ec203ff8b049: new RaftServerImpl for group-0E6812D09C45:[856d6c8f-d120-404b-902c-ec203ff8b049|127.0.0.1:15038, 59105c30-b290-410a-a9ca-d50346fc903f|127.0.0.1:15020, 27821b7d-0624-41cc-9490-31ed12e2696a|127.0.0.1:15029] with ContainerStateMachine:uninitialized
2024-09-18 12:54:45,179 [856d6c8f-d120-404b-902c-ec203ff8b049-groupManagement] INFO  server.RaftServerConfigKeys (ConfUtils.java:logGet(46)) - raft.server.rpc.timeout.min = 5s (custom)
2024-09-18 12:54:45,179 [856d6c8f-d120-404b-902c-ec203ff8b049-groupManagement] INFO  server.RaftServerConfigKeys (ConfUtils.java:logGet(46)) - raft.server.rpc.timeout.max = 5200ms (custom)
2024-09-18 12:54:45,179 [856d6c8f-d120-404b-902c-ec203ff8b049-groupManagement] INFO  server.RaftServerConfigKeys (ConfUtils.java:logGet(46)) - raft.server.rpc.sleep.time = 25ms (default)
2024-09-18 12:54:45,179 [856d6c8f-d120-404b-902c-ec203ff8b049-groupManagement] INFO  server.RaftServerConfigKeys (ConfUtils.java:logGet(46)) - raft.server.rpc.slowness.timeout = 300s (custom)
2024-09-18 12:54:45,179 [856d6c8f-d120-404b-902c-ec203ff8b049-groupManagement] INFO  server.RaftServerConfigKeys (ConfUtils.java:logGet(46)) - raft.server.leaderelection.leader.step-down.wait-time = 10s (default)
2024-09-18 12:54:45,179 [856d6c8f-d120-404b-902c-ec203ff8b049-groupManagement] INFO  server.RaftServerConfigKeys (ConfUtils.java:logGet(46)) - raft.server.leaderelection.member.majority-add = false (default)
2024-09-18 12:54:45,180 [856d6c8f-d120-404b-902c-ec203ff8b049-groupManagement] INFO  server.RaftServerConfigKeys (ConfUtils.java:logGet(46)) - raft.server.sleep.deviation.threshold = 300ms (default)
2024-09-18 12:54:45,180 [856d6c8f-d120-404b-902c-ec203ff8b049-groupManagement] INFO  server.RaftServer$Division (ServerState.java:<init>(114)) - 856d6c8f-d120-404b-902c-ec203ff8b049@group-0E6812D09C45: ConfigurationManager, init=conf: {index: -1, cur=peers:[856d6c8f-d120-404b-902c-ec203ff8b049|127.0.0.1:15038, 59105c30-b290-410a-a9ca-d50346fc903f|127.0.0.1:15020, 27821b7d-0624-41cc-9490-31ed12e2696a|127.0.0.1:15029]|listeners:[], old=null}, confs=<EMPTY_MAP>
2024-09-18 12:54:45,183 [856d6c8f-d120-404b-902c-ec203ff8b049-groupManagement] INFO  server.RaftServerConfigKeys (ConfUtils.java:logGet(46)) - raft.server.notification.no-leader.timeout = 300s (custom)
2024-09-18 12:54:45,183 [27821b7d-0624-41cc-9490-31ed12e2696a-groupManagement] INFO  server.RaftServerConfigKeys (ConfUtils.java:logGet(46)) - raft.server.rpc.request.timeout = 60s (custom)
2024-09-18 12:54:45,183 [27821b7d-0624-41cc-9490-31ed12e2696a-groupManagement] INFO  server.RaftServerConfigKeys (ConfUtils.java:logGet(46)) - raft.server.log.appender.install.snapshot.enabled = false (custom)
2024-09-18 12:54:45,183 [27821b7d-0624-41cc-9490-31ed12e2696a-groupManagement] INFO  server.RaftServerConfigKeys (ConfUtils.java:logGet(46)) - raft.server.threadpool.server.cached = true (default)
2024-09-18 12:54:45,184 [27821b7d-0624-41cc-9490-31ed12e2696a-groupManagement] INFO  server.RaftServerConfigKeys (ConfUtils.java:logGet(46)) - raft.server.threadpool.server.size = 0 (default)
2024-09-18 12:54:45,184 [27821b7d-0624-41cc-9490-31ed12e2696a-groupManagement] INFO  server.RaftServerConfigKeys (ConfUtils.java:logGet(46)) - raft.server.threadpool.client.cached = true (default)
2024-09-18 12:54:45,184 [27821b7d-0624-41cc-9490-31ed12e2696a-groupManagement] INFO  server.RaftServerConfigKeys (ConfUtils.java:logGet(46)) - raft.server.threadpool.client.size = 0 (default)
2024-09-18 12:54:45,184 [27821b7d-0624-41cc-9490-31ed12e2696a-groupManagement] INFO  server.RaftServerConfigKeys (ConfUtils.java:logGet(46)) - raft.server.storage.free-space.min = 0MB (=0) (default)
2024-09-18 12:54:45,184 [27821b7d-0624-41cc-9490-31ed12e2696a-groupManagement] INFO  server.RaftServerConfigKeys (ConfUtils.java:logGet(46)) - raft.server.log.corruption.policy = EXCEPTION (default)
2024-09-18 12:54:45,184 [27821b7d-0624-41cc-9490-31ed12e2696a-groupManagement] INFO  server.RaftServerConfigKeys (ConfUtils.java:logGet(46)) - raft.server.storage.dir = [/home/runner/work/ozone/ozone/hadoop-ozone/integration-test/target/test-dir/MiniOzoneClusterImpl-1474a09c-6dad-4fc4-86e4-bad221540704/ozone-meta/datanode-2/ratis] (custom)
2024-09-18 12:54:45,184 [27821b7d-0624-41cc-9490-31ed12e2696a-groupManagement] INFO  storage.RaftStorageDirectory (RaftStorageDirectoryImpl.java:analyzeStorage(138)) - The storage directory /home/runner/work/ozone/ozone/hadoop-ozone/integration-test/target/test-dir/MiniOzoneClusterImpl-1474a09c-6dad-4fc4-86e4-bad221540704/ozone-meta/datanode-2/ratis/00d952ee-b708-4174-9c3f-e89a64721f5c does not exist. Creating ...
2024-09-18 12:54:45,186 [27821b7d-0624-41cc-9490-31ed12e2696a-groupManagement] INFO  storage.RaftStorageDirectory (RaftStorageDirectoryImpl.java:tryLock(229)) - Lock on /home/runner/work/ozone/ozone/hadoop-ozone/integration-test/target/test-dir/MiniOzoneClusterImpl-1474a09c-6dad-4fc4-86e4-bad221540704/ozone-meta/datanode-2/ratis/00d952ee-b708-4174-9c3f-e89a64721f5c/in_use.lock acquired by nodename 131606@fv-az1197-713
2024-09-18 12:54:45,183 [856d6c8f-d120-404b-902c-ec203ff8b049-groupManagement] INFO  server.RaftServerConfigKeys (ConfUtils.java:logGet(46)) - raft.server.read.timeout = 10s (default)
2024-09-18 12:54:45,187 [856d6c8f-d120-404b-902c-ec203ff8b049-groupManagement] INFO  server.RaftServerConfigKeys (ConfUtils.java:logGet(46)) - raft.server.retrycache.expirytime = 600000ms (custom)
2024-09-18 12:54:45,187 [856d6c8f-d120-404b-902c-ec203ff8b049-groupManagement] INFO  server.RaftServerConfigKeys (ConfUtils.java:logGet(46)) - raft.server.retrycache.statistics.expirytime = 100ms (default)
2024-09-18 12:54:45,187 [856d6c8f-d120-404b-902c-ec203ff8b049-groupManagement] INFO  server.RaftServerConfigKeys (ConfUtils.java:logGet(46)) - raft.server.read.option = DEFAULT (default)
2024-09-18 12:54:45,187 [27821b7d-0624-41cc-9490-31ed12e2696a-groupManagement] INFO  storage.RaftStorage (RaftStorageImpl.java:format(98)) - Storage directory /home/runner/work/ozone/ozone/hadoop-ozone/integration-test/target/test-dir/MiniOzoneClusterImpl-1474a09c-6dad-4fc4-86e4-bad221540704/ozone-meta/datanode-2/ratis/00d952ee-b708-4174-9c3f-e89a64721f5c has been successfully formatted.
2024-09-18 12:54:45,188 [856d6c8f-d120-404b-902c-ec203ff8b049-groupManagement] INFO  server.RaftServerConfigKeys (ConfUtils.java:logGet(46)) - raft.server.read.read-after-write-consistent.write-index-cache.expiry-time = 60s (default)
2024-09-18 12:54:45,188 [27821b7d-0624-41cc-9490-31ed12e2696a-groupManagement] INFO  ratis.ContainerStateMachine (ContainerStateMachine.java:loadSnapshot(295)) - group-E89A64721F5C: The snapshot info is null. Setting the last applied index to:(t:0, i:~)
2024-09-18 12:54:45,188 [27821b7d-0624-41cc-9490-31ed12e2696a-groupManagement] INFO  server.RaftServerConfigKeys (ConfUtils.java:logGet(46)) - raft.server.log.use.memory = false (default)
2024-09-18 12:54:45,188 [27821b7d-0624-41cc-9490-31ed12e2696a-groupManagement] INFO  server.RaftServerConfigKeys (ConfUtils.java:logGet(46)) - raft.server.log.purge.gap = 1000000 (custom)
2024-09-18 12:54:45,189 [27821b7d-0624-41cc-9490-31ed12e2696a-groupManagement] INFO  server.RaftServerConfigKeys (ConfUtils.java:logGet(46)) - raft.server.log.appender.buffer.byte-limit = 33554432 (custom)
2024-09-18 12:54:45,189 [27821b7d-0624-41cc-9490-31ed12e2696a-groupManagement] INFO  server.RaftServerConfigKeys (ConfUtils.java:logGet(46)) - raft.server.log.statemachine.data.read.timeout = 1000ms (default)
2024-09-18 12:54:45,189 [27821b7d-0624-41cc-9490-31ed12e2696a-groupManagement] INFO  server.RaftServerConfigKeys (ConfUtils.java:logGet(46)) - raft.server.log.purge.preservation.log.num = 0 (default)
2024-09-18 12:54:45,192 [76f7b79d-b0f1-40ff-adcc-a8634463f843@group-BAD221540704-StateMachineUpdater] INFO  safemode.HealthyPipelineSafeModeRule (HealthyPipelineSafeModeRule.java:initializeRule(172)) - Refreshed total pipeline count is 0, healthy pipeline threshold count is 1
2024-09-18 12:54:45,192 [scmNode-1-EventQueue-PipelineReportForPipelineReportHandler] INFO  pipeline.PipelineReportHandler (PipelineReportHandler.java:processPipelineReport(136)) - Opened pipeline PipelineID=00d952ee-b708-4174-9c3f-e89a64721f5c
2024-09-18 12:54:45,192 [scmNode-1-EventQueue-OpenPipelineForHealthyPipelineSafeModeRule] INFO  safemode.SCMSafeModeManager (HealthyPipelineSafeModeRule.java:process(140)) - SCM in safe mode. Healthy pipelines reported count is 0, required healthy pipeline reported count is 1
2024-09-18 12:54:45,194 [27821b7d-0624-41cc-9490-31ed12e2696a-groupManagement] INFO  server.RaftServerConfigKeys (ConfUtils.java:logGet(46)) - raft.server.log.segment.size.max = 67108864 (custom)
2024-09-18 12:54:45,195 [27821b7d-0624-41cc-9490-31ed12e2696a-groupManagement] INFO  server.RaftServerConfigKeys (ConfUtils.java:logGet(46)) - raft.server.log.segment.cache.num.max = 2 (custom)
2024-09-18 12:54:45,195 [27821b7d-0624-41cc-9490-31ed12e2696a-groupManagement] INFO  server.RaftServerConfigKeys (ConfUtils.java:logGet(46)) - raft.server.log.segment.cache.size.max = 200MB (=209715200) (default)
2024-09-18 12:54:45,196 [27821b7d-0624-41cc-9490-31ed12e2696a-groupManagement] INFO  server.RaftServerConfigKeys (ConfUtils.java:logGet(46)) - raft.server.log.appender.buffer.byte-limit = 33554432 (custom)
2024-09-18 12:54:45,196 [27821b7d-0624-41cc-9490-31ed12e2696a-groupManagement] INFO  util.AwaitToRun (AwaitToRun.java:start(81)) - Thread[27821b7d-0624-41cc-9490-31ed12e2696a@group-E89A64721F5C-cacheEviction-AwaitToRun,5,main] started
2024-09-18 12:54:45,196 [27821b7d-0624-41cc-9490-31ed12e2696a-groupManagement] INFO  segmented.SegmentedRaftLogWorker (SegmentedRaftLogWorker.java:<init>(184)) - new 27821b7d-0624-41cc-9490-31ed12e2696a@group-E89A64721F5C-SegmentedRaftLogWorker for RaftStorageImpl:Storage Directory /home/runner/work/ozone/ozone/hadoop-ozone/integration-test/target/test-dir/MiniOzoneClusterImpl-1474a09c-6dad-4fc4-86e4-bad221540704/ozone-meta/datanode-2/ratis/00d952ee-b708-4174-9c3f-e89a64721f5c
2024-09-18 12:54:45,196 [27821b7d-0624-41cc-9490-31ed12e2696a-groupManagement] INFO  server.RaftServerConfigKeys (ConfUtils.java:logGet(46)) - raft.server.log.queue.byte-limit = 4294967296 (custom)
2024-09-18 12:54:45,196 [27821b7d-0624-41cc-9490-31ed12e2696a-groupManagement] INFO  server.RaftServerConfigKeys (ConfUtils.java:logGet(46)) - raft.server.log.queue.element-limit = 1024 (custom)
2024-09-18 12:54:45,196 [27821b7d-0624-41cc-9490-31ed12e2696a-groupManagement] INFO  server.RaftServerConfigKeys (ConfUtils.java:logGet(46)) - raft.server.log.segment.size.max = 67108864 (custom)
2024-09-18 12:54:45,196 [27821b7d-0624-41cc-9490-31ed12e2696a-groupManagement] INFO  server.RaftServerConfigKeys (ConfUtils.java:logGet(46)) - raft.server.log.preallocated.size = 4194304 (custom)
2024-09-18 12:54:45,196 [27821b7d-0624-41cc-9490-31ed12e2696a-groupManagement] INFO  server.RaftServerConfigKeys (ConfUtils.java:logGet(46)) - raft.server.log.force.sync.num = 128 (default)
2024-09-18 12:54:45,196 [27821b7d-0624-41cc-9490-31ed12e2696a-groupManagement] INFO  server.RaftServerConfigKeys (ConfUtils.java:logGet(46)) - raft.server.log.statemachine.data.sync = true (default)
2024-09-18 12:54:45,196 [27821b7d-0624-41cc-9490-31ed12e2696a-groupManagement] INFO  server.RaftServerConfigKeys (ConfUtils.java:logGet(46)) - raft.server.log.statemachine.data.sync.timeout = 10s (default)
2024-09-18 12:54:45,196 [27821b7d-0624-41cc-9490-31ed12e2696a-groupManagement] INFO  server.RaftServerConfigKeys (ConfUtils.java:logGet(46)) - raft.server.log.statemachine.data.sync.timeout.retry = 30 (custom)
2024-09-18 12:54:45,197 [27821b7d-0624-41cc-9490-31ed12e2696a-groupManagement] INFO  server.RaftServerConfigKeys (ConfUtils.java:logGet(46)) - raft.server.log.write.buffer.size = 33554440 (custom)
2024-09-18 12:54:45,202 [856d6c8f-d120-404b-902c-ec203ff8b049-groupManagement] INFO  server.RaftServerConfigKeys (ConfUtils.java:logGet(46)) - raft.server.rpc.request.timeout = 60s (custom)
2024-09-18 12:54:45,202 [856d6c8f-d120-404b-902c-ec203ff8b049-groupManagement] INFO  server.RaftServerConfigKeys (ConfUtils.java:logGet(46)) - raft.server.log.appender.install.snapshot.enabled = false (custom)
2024-09-18 12:54:45,202 [856d6c8f-d120-404b-902c-ec203ff8b049-groupManagement] INFO  server.RaftServerConfigKeys (ConfUtils.java:logGet(46)) - raft.server.threadpool.server.cached = true (default)
2024-09-18 12:54:45,202 [856d6c8f-d120-404b-902c-ec203ff8b049-groupManagement] INFO  server.RaftServerConfigKeys (ConfUtils.java:logGet(46)) - raft.server.threadpool.server.size = 0 (default)
2024-09-18 12:54:45,203 [27821b7d-0624-41cc-9490-31ed12e2696a-groupManagement] INFO  server.RaftServerConfigKeys (ConfUtils.java:logGet(46)) - raft.server.log.appender.buffer.byte-limit = 33554432 (custom)
2024-09-18 12:54:45,203 [27821b7d-0624-41cc-9490-31ed12e2696a-groupManagement] INFO  server.RaftServerConfigKeys (ConfUtils.java:logGet(46)) - raft.server.log.unsafe-flush.enabled = false (default)
2024-09-18 12:54:45,203 [27821b7d-0624-41cc-9490-31ed12e2696a-groupManagement] INFO  server.RaftServerConfigKeys (ConfUtils.java:logGet(46)) - raft.server.log.async-flush.enabled = false (default)
2024-09-18 12:54:45,203 [27821b7d-0624-41cc-9490-31ed12e2696a-groupManagement] INFO  server.RaftServerConfigKeys (ConfUtils.java:logGet(46)) - raft.server.log.statemachine.data.caching.enabled = true (custom)
2024-09-18 12:54:45,203 [27821b7d-0624-41cc-9490-31ed12e2696a-groupManagement] INFO  segmented.SegmentedRaftLogWorker (SegmentedRaftLogWorker.java:lambda$new$0(135)) - 27821b7d-0624-41cc-9490-31ed12e2696a@group-E89A64721F5C-SegmentedRaftLogWorker: flushIndex: setUnconditionally 0 -> -1
2024-09-18 12:54:45,203 [27821b7d-0624-41cc-9490-31ed12e2696a-groupManagement] INFO  segmented.SegmentedRaftLogWorker (SegmentedRaftLogWorker.java:lambda$new$0(135)) - 27821b7d-0624-41cc-9490-31ed12e2696a@group-E89A64721F5C-SegmentedRaftLogWorker: safeCacheEvictIndex: setUnconditionally 0 -> -1
2024-09-18 12:54:45,203 [856d6c8f-d120-404b-902c-ec203ff8b049-groupManagement] INFO  server.RaftServerConfigKeys (ConfUtils.java:logGet(46)) - raft.server.threadpool.client.cached = true (default)
2024-09-18 12:54:45,204 [856d6c8f-d120-404b-902c-ec203ff8b049-groupManagement] INFO  server.RaftServerConfigKeys (ConfUtils.java:logGet(46)) - raft.server.threadpool.client.size = 0 (default)
2024-09-18 12:54:45,204 [856d6c8f-d120-404b-902c-ec203ff8b049-groupManagement] INFO  server.RaftServerConfigKeys (ConfUtils.java:logGet(46)) - raft.server.storage.free-space.min = 0MB (=0) (default)
2024-09-18 12:54:45,204 [856d6c8f-d120-404b-902c-ec203ff8b049-groupManagement] INFO  server.RaftServerConfigKeys (ConfUtils.java:logGet(46)) - raft.server.log.corruption.policy = EXCEPTION (default)
2024-09-18 12:54:45,204 [856d6c8f-d120-404b-902c-ec203ff8b049-groupManagement] INFO  server.RaftServerConfigKeys (ConfUtils.java:logGet(46)) - raft.server.storage.dir = [/home/runner/work/ozone/ozone/hadoop-ozone/integration-test/target/test-dir/MiniOzoneClusterImpl-1474a09c-6dad-4fc4-86e4-bad221540704/ozone-meta/datanode-3/ratis] (custom)
2024-09-18 12:54:45,204 [856d6c8f-d120-404b-902c-ec203ff8b049-groupManagement] INFO  storage.RaftStorageDirectory (RaftStorageDirectoryImpl.java:analyzeStorage(138)) - The storage directory /home/runner/work/ozone/ozone/hadoop-ozone/integration-test/target/test-dir/MiniOzoneClusterImpl-1474a09c-6dad-4fc4-86e4-bad221540704/ozone-meta/datanode-3/ratis/1e257028-07be-4c90-ba6b-0e6812d09c45 does not exist. Creating ...
2024-09-18 12:54:45,205 [27821b7d-0624-41cc-9490-31ed12e2696a-groupManagement] INFO  server.RaftServer$Division (RaftServerImpl.java:start(389)) - 27821b7d-0624-41cc-9490-31ed12e2696a@group-E89A64721F5C: start as a follower, conf=conf: {index: -1, cur=peers:[27821b7d-0624-41cc-9490-31ed12e2696a|127.0.0.1:15029]|listeners:[], old=null}
2024-09-18 12:54:45,205 [27821b7d-0624-41cc-9490-31ed12e2696a-groupManagement] INFO  server.RaftServer$Division (RaftServerImpl.java:setRole(376)) - 27821b7d-0624-41cc-9490-31ed12e2696a@group-E89A64721F5C: changes role from      null to FOLLOWER at term 0 for startAsFollower
2024-09-18 12:54:45,205 [27821b7d-0624-41cc-9490-31ed12e2696a-groupManagement] INFO  impl.RoleInfo (RoleInfo.java:updateAndGet(148)) - 27821b7d-0624-41cc-9490-31ed12e2696a: start 27821b7d-0624-41cc-9490-31ed12e2696a@group-E89A64721F5C-FollowerState
2024-09-18 12:54:45,206 [856d6c8f-d120-404b-902c-ec203ff8b049-groupManagement] INFO  storage.RaftStorageDirectory (RaftStorageDirectoryImpl.java:tryLock(229)) - Lock on /home/runner/work/ozone/ozone/hadoop-ozone/integration-test/target/test-dir/MiniOzoneClusterImpl-1474a09c-6dad-4fc4-86e4-bad221540704/ozone-meta/datanode-3/ratis/1e257028-07be-4c90-ba6b-0e6812d09c45/in_use.lock acquired by nodename 131606@fv-az1197-713
2024-09-18 12:54:45,208 [856d6c8f-d120-404b-902c-ec203ff8b049-groupManagement] INFO  storage.RaftStorage (RaftStorageImpl.java:format(98)) - Storage directory /home/runner/work/ozone/ozone/hadoop-ozone/integration-test/target/test-dir/MiniOzoneClusterImpl-1474a09c-6dad-4fc4-86e4-bad221540704/ozone-meta/datanode-3/ratis/1e257028-07be-4c90-ba6b-0e6812d09c45 has been successfully formatted.
2024-09-18 12:54:45,208 [856d6c8f-d120-404b-902c-ec203ff8b049-groupManagement] INFO  ratis.ContainerStateMachine (ContainerStateMachine.java:loadSnapshot(295)) - group-0E6812D09C45: The snapshot info is null. Setting the last applied index to:(t:0, i:~)
2024-09-18 12:54:45,208 [856d6c8f-d120-404b-902c-ec203ff8b049-groupManagement] INFO  server.RaftServerConfigKeys (ConfUtils.java:logGet(46)) - raft.server.log.use.memory = false (default)
2024-09-18 12:54:45,208 [856d6c8f-d120-404b-902c-ec203ff8b049-groupManagement] INFO  server.RaftServerConfigKeys (ConfUtils.java:logGet(46)) - raft.server.log.purge.gap = 1000000 (custom)
2024-09-18 12:54:45,208 [856d6c8f-d120-404b-902c-ec203ff8b049-groupManagement] INFO  server.RaftServerConfigKeys (ConfUtils.java:logGet(46)) - raft.server.log.appender.buffer.byte-limit = 33554432 (custom)
2024-09-18 12:54:45,208 [856d6c8f-d120-404b-902c-ec203ff8b049-groupManagement] INFO  server.RaftServerConfigKeys (ConfUtils.java:logGet(46)) - raft.server.log.statemachine.data.read.timeout = 1000ms (default)
2024-09-18 12:54:45,209 [856d6c8f-d120-404b-902c-ec203ff8b049-groupManagement] INFO  server.RaftServerConfigKeys (ConfUtils.java:logGet(46)) - raft.server.log.purge.preservation.log.num = 0 (default)
2024-09-18 12:54:45,214 [856d6c8f-d120-404b-902c-ec203ff8b049-groupManagement] INFO  server.RaftServerConfigKeys (ConfUtils.java:logGet(46)) - raft.server.log.segment.size.max = 67108864 (custom)
2024-09-18 12:54:45,215 [856d6c8f-d120-404b-902c-ec203ff8b049-groupManagement] INFO  server.RaftServerConfigKeys (ConfUtils.java:logGet(46)) - raft.server.log.segment.cache.num.max = 2 (custom)
2024-09-18 12:54:45,215 [856d6c8f-d120-404b-902c-ec203ff8b049-groupManagement] INFO  server.RaftServerConfigKeys (ConfUtils.java:logGet(46)) - raft.server.log.segment.cache.size.max = 200MB (=209715200) (default)
2024-09-18 12:54:45,215 [856d6c8f-d120-404b-902c-ec203ff8b049-groupManagement] INFO  server.RaftServerConfigKeys (ConfUtils.java:logGet(46)) - raft.server.log.appender.buffer.byte-limit = 33554432 (custom)
2024-09-18 12:54:45,216 [856d6c8f-d120-404b-902c-ec203ff8b049-groupManagement] INFO  util.AwaitToRun (AwaitToRun.java:start(81)) - Thread[856d6c8f-d120-404b-902c-ec203ff8b049@group-0E6812D09C45-cacheEviction-AwaitToRun,5,main] started
2024-09-18 12:54:45,216 [27821b7d-0624-41cc-9490-31ed12e2696a-groupManagement] INFO  util.JmxRegister (JmxRegister.java:tryRegister(44)) - Successfully registered JMX Bean with object name Ratis:service=RaftServer,group=group-E89A64721F5C,id=27821b7d-0624-41cc-9490-31ed12e2696a
2024-09-18 12:54:45,216 [27821b7d-0624-41cc-9490-31ed12e2696a-groupManagement] INFO  util.JmxRegister (JmxRegister.java:register(58)) - register mxBean class org.apache.ratis.server.impl.RaftServerJmxAdapter as Ratis:service=RaftServer,group=group-E89A64721F5C,id=27821b7d-0624-41cc-9490-31ed12e2696a
2024-09-18 12:54:45,216 [27821b7d-0624-41cc-9490-31ed12e2696a-groupManagement] INFO  server.RaftServerConfigKeys (ConfUtils.java:logGet(46)) - raft.server.snapshot.trigger-when-stop.enabled = true (default)
2024-09-18 12:54:45,216 [27821b7d-0624-41cc-9490-31ed12e2696a-groupManagement] INFO  server.RaftServerConfigKeys (ConfUtils.java:logGet(46)) - raft.server.snapshot.trigger-when-remove.enabled = true (default)
2024-09-18 12:54:45,217 [27821b7d-0624-41cc-9490-31ed12e2696a-groupManagement] INFO  server.RaftServerConfigKeys (ConfUtils.java:logGet(46)) - raft.server.snapshot.auto.trigger.enabled = true (custom)
2024-09-18 12:54:45,217 [27821b7d-0624-41cc-9490-31ed12e2696a-groupManagement] INFO  server.RaftServerConfigKeys (ConfUtils.java:logGet(46)) - raft.server.snapshot.auto.trigger.threshold = 10000 (custom)
2024-09-18 12:54:45,217 [27821b7d-0624-41cc-9490-31ed12e2696a-groupManagement] INFO  server.RaftServerConfigKeys (ConfUtils.java:logGet(46)) - raft.server.snapshot.retention.file.num = 5 (custom)
2024-09-18 12:54:45,217 [27821b7d-0624-41cc-9490-31ed12e2696a-groupManagement] INFO  server.RaftServerConfigKeys (ConfUtils.java:logGet(46)) - raft.server.log.purge.upto.snapshot.index = false (default)
2024-09-18 12:54:45,216 [856d6c8f-d120-404b-902c-ec203ff8b049-groupManagement] INFO  segmented.SegmentedRaftLogWorker (SegmentedRaftLogWorker.java:<init>(184)) - new 856d6c8f-d120-404b-902c-ec203ff8b049@group-0E6812D09C45-SegmentedRaftLogWorker for RaftStorageImpl:Storage Directory /home/runner/work/ozone/ozone/hadoop-ozone/integration-test/target/test-dir/MiniOzoneClusterImpl-1474a09c-6dad-4fc4-86e4-bad221540704/ozone-meta/datanode-3/ratis/1e257028-07be-4c90-ba6b-0e6812d09c45
2024-09-18 12:54:45,217 [856d6c8f-d120-404b-902c-ec203ff8b049-groupManagement] INFO  server.RaftServerConfigKeys (ConfUtils.java:logGet(46)) - raft.server.log.queue.byte-limit = 4294967296 (custom)
2024-09-18 12:54:45,217 [856d6c8f-d120-404b-902c-ec203ff8b049-groupManagement] INFO  server.RaftServerConfigKeys (ConfUtils.java:logGet(46)) - raft.server.log.queue.element-limit = 1024 (custom)
2024-09-18 12:54:45,217 [856d6c8f-d120-404b-902c-ec203ff8b049-groupManagement] INFO  server.RaftServerConfigKeys (ConfUtils.java:logGet(46)) - raft.server.log.segment.size.max = 67108864 (custom)
2024-09-18 12:54:45,217 [856d6c8f-d120-404b-902c-ec203ff8b049-groupManagement] INFO  server.RaftServerConfigKeys (ConfUtils.java:logGet(46)) - raft.server.log.preallocated.size = 4194304 (custom)
2024-09-18 12:54:45,217 [856d6c8f-d120-404b-902c-ec203ff8b049-groupManagement] INFO  server.RaftServerConfigKeys (ConfUtils.java:logGet(46)) - raft.server.log.force.sync.num = 128 (default)
2024-09-18 12:54:45,217 [856d6c8f-d120-404b-902c-ec203ff8b049-groupManagement] INFO  server.RaftServerConfigKeys (ConfUtils.java:logGet(46)) - raft.server.log.statemachine.data.sync = true (default)
2024-09-18 12:54:45,217 [856d6c8f-d120-404b-902c-ec203ff8b049-groupManagement] INFO  server.RaftServerConfigKeys (ConfUtils.java:logGet(46)) - raft.server.log.statemachine.data.sync.timeout = 10s (default)
2024-09-18 12:54:45,217 [27821b7d-0624-41cc-9490-31ed12e2696a@group-E89A64721F5C-FollowerState] INFO  server.RaftServerConfigKeys (ConfUtils.java:logFallback(53)) - raft.server.rpc.first-election.timeout.min = 5s (fallback to raft.server.rpc.timeout.min)
2024-09-18 12:54:45,218 [27821b7d-0624-41cc-9490-31ed12e2696a@group-E89A64721F5C-FollowerState] INFO  server.RaftServerConfigKeys (ConfUtils.java:logFallback(53)) - raft.server.rpc.first-election.timeout.max = 5200ms (fallback to raft.server.rpc.timeout.max)
2024-09-18 12:54:45,217 [856d6c8f-d120-404b-902c-ec203ff8b049-groupManagement] INFO  server.RaftServerConfigKeys (ConfUtils.java:logGet(46)) - raft.server.log.statemachine.data.sync.timeout.retry = 30 (custom)
2024-09-18 12:54:45,218 [856d6c8f-d120-404b-902c-ec203ff8b049-groupManagement] INFO  server.RaftServerConfigKeys (ConfUtils.java:logGet(46)) - raft.server.log.write.buffer.size = 33554440 (custom)
2024-09-18 12:54:45,220 [27821b7d-0624-41cc-9490-31ed12e2696a-PipelineCommandHandlerThread-0] INFO  ratis.XceiverServerRatis (XceiverServerRatis.java:addGroup(849)) - Created group PipelineID=00d952ee-b708-4174-9c3f-e89a64721f5c
2024-09-18 12:54:45,220 [27821b7d-0624-41cc-9490-31ed12e2696a-PipelineCommandHandlerThread-0] INFO  commandhandler.CreatePipelineCommandHandler (CreatePipelineCommandHandler.java:lambda$handle$2(124)) - Created Pipeline RATIS ONE PipelineID=00d952ee-b708-4174-9c3f-e89a64721f5c.
2024-09-18 12:54:45,220 [27821b7d-0624-41cc-9490-31ed12e2696a-PipelineCommandHandlerThread-0] INFO  server.RaftServer (RaftServerProxy.java:addNew(101)) - 27821b7d-0624-41cc-9490-31ed12e2696a: addNew group-0E6812D09C45:[856d6c8f-d120-404b-902c-ec203ff8b049|127.0.0.1:15038, 59105c30-b290-410a-a9ca-d50346fc903f|127.0.0.1:15020, 27821b7d-0624-41cc-9490-31ed12e2696a|127.0.0.1:15029] returns group-0E6812D09C45:java.util.concurrent.CompletableFuture@39781753[Not completed]
2024-09-18 12:54:45,222 [27821b7d-0624-41cc-9490-31ed12e2696a-groupManagement] INFO  server.RaftServer$Division (RaftServerImpl.java:<init>(253)) - 27821b7d-0624-41cc-9490-31ed12e2696a: new RaftServerImpl for group-0E6812D09C45:[856d6c8f-d120-404b-902c-ec203ff8b049|127.0.0.1:15038, 59105c30-b290-410a-a9ca-d50346fc903f|127.0.0.1:15020, 27821b7d-0624-41cc-9490-31ed12e2696a|127.0.0.1:15029] with ContainerStateMachine:uninitialized
2024-09-18 12:54:45,222 [27821b7d-0624-41cc-9490-31ed12e2696a-groupManagement] INFO  server.RaftServerConfigKeys (ConfUtils.java:logGet(46)) - raft.server.rpc.timeout.min = 5s (custom)
2024-09-18 12:54:45,222 [27821b7d-0624-41cc-9490-31ed12e2696a-groupManagement] INFO  server.RaftServerConfigKeys (ConfUtils.java:logGet(46)) - raft.server.rpc.timeout.max = 5200ms (custom)
2024-09-18 12:54:45,222 [27821b7d-0624-41cc-9490-31ed12e2696a-groupManagement] INFO  server.RaftServerConfigKeys (ConfUtils.java:logGet(46)) - raft.server.rpc.sleep.time = 25ms (default)
2024-09-18 12:54:45,222 [27821b7d-0624-41cc-9490-31ed12e2696a-groupManagement] INFO  server.RaftServerConfigKeys (ConfUtils.java:logGet(46)) - raft.server.rpc.slowness.timeout = 300s (custom)
2024-09-18 12:54:45,222 [27821b7d-0624-41cc-9490-31ed12e2696a-groupManagement] INFO  server.RaftServerConfigKeys (ConfUtils.java:logGet(46)) - raft.server.leaderelection.leader.step-down.wait-time = 10s (default)
2024-09-18 12:54:45,222 [27821b7d-0624-41cc-9490-31ed12e2696a-groupManagement] INFO  server.RaftServerConfigKeys (ConfUtils.java:logGet(46)) - raft.server.leaderelection.member.majority-add = false (default)
2024-09-18 12:54:45,222 [27821b7d-0624-41cc-9490-31ed12e2696a-groupManagement] INFO  server.RaftServerConfigKeys (ConfUtils.java:logGet(46)) - raft.server.sleep.deviation.threshold = 300ms (default)
2024-09-18 12:54:45,223 [27821b7d-0624-41cc-9490-31ed12e2696a-groupManagement] INFO  server.RaftServer$Division (ServerState.java:<init>(114)) - 27821b7d-0624-41cc-9490-31ed12e2696a@group-0E6812D09C45: ConfigurationManager, init=conf: {index: -1, cur=peers:[856d6c8f-d120-404b-902c-ec203ff8b049|127.0.0.1:15038, 59105c30-b290-410a-a9ca-d50346fc903f|127.0.0.1:15020, 27821b7d-0624-41cc-9490-31ed12e2696a|127.0.0.1:15029]|listeners:[], old=null}, confs=<EMPTY_MAP>
2024-09-18 12:54:45,223 [27821b7d-0624-41cc-9490-31ed12e2696a-groupManagement] INFO  server.RaftServerConfigKeys (ConfUtils.java:logGet(46)) - raft.server.notification.no-leader.timeout = 300s (custom)
2024-09-18 12:54:45,223 [27821b7d-0624-41cc-9490-31ed12e2696a-groupManagement] INFO  server.RaftServerConfigKeys (ConfUtils.java:logGet(46)) - raft.server.read.timeout = 10s (default)
2024-09-18 12:54:45,223 [27821b7d-0624-41cc-9490-31ed12e2696a-groupManagement] INFO  server.RaftServerConfigKeys (ConfUtils.java:logGet(46)) - raft.server.retrycache.expirytime = 600000ms (custom)
2024-09-18 12:54:45,223 [27821b7d-0624-41cc-9490-31ed12e2696a-groupManagement] INFO  server.RaftServerConfigKeys (ConfUtils.java:logGet(46)) - raft.server.retrycache.statistics.expirytime = 100ms (default)
2024-09-18 12:54:45,223 [27821b7d-0624-41cc-9490-31ed12e2696a-groupManagement] INFO  server.RaftServerConfigKeys (ConfUtils.java:logGet(46)) - raft.server.read.option = DEFAULT (default)
2024-09-18 12:54:45,223 [27821b7d-0624-41cc-9490-31ed12e2696a-groupManagement] INFO  server.RaftServerConfigKeys (ConfUtils.java:logGet(46)) - raft.server.read.read-after-write-consistent.write-index-cache.expiry-time = 60s (default)
2024-09-18 12:54:45,228 [27821b7d-0624-41cc-9490-31ed12e2696a-groupManagement] INFO  server.RaftServerConfigKeys (ConfUtils.java:logGet(46)) - raft.server.rpc.request.timeout = 60s (custom)
2024-09-18 12:54:45,228 [27821b7d-0624-41cc-9490-31ed12e2696a-groupManagement] INFO  server.RaftServerConfigKeys (ConfUtils.java:logGet(46)) - raft.server.log.appender.install.snapshot.enabled = false (custom)
2024-09-18 12:54:45,228 [27821b7d-0624-41cc-9490-31ed12e2696a-groupManagement] INFO  server.RaftServerConfigKeys (ConfUtils.java:logGet(46)) - raft.server.threadpool.server.cached = true (default)
2024-09-18 12:54:45,228 [27821b7d-0624-41cc-9490-31ed12e2696a-groupManagement] INFO  server.RaftServerConfigKeys (ConfUtils.java:logGet(46)) - raft.server.threadpool.server.size = 0 (default)
2024-09-18 12:54:45,228 [27821b7d-0624-41cc-9490-31ed12e2696a-groupManagement] INFO  server.RaftServerConfigKeys (ConfUtils.java:logGet(46)) - raft.server.threadpool.client.cached = true (default)
2024-09-18 12:54:45,228 [27821b7d-0624-41cc-9490-31ed12e2696a-groupManagement] INFO  server.RaftServerConfigKeys (ConfUtils.java:logGet(46)) - raft.server.threadpool.client.size = 0 (default)
2024-09-18 12:54:45,228 [27821b7d-0624-41cc-9490-31ed12e2696a-groupManagement] INFO  server.RaftServerConfigKeys (ConfUtils.java:logGet(46)) - raft.server.storage.free-space.min = 0MB (=0) (default)
2024-09-18 12:54:45,228 [27821b7d-0624-41cc-9490-31ed12e2696a-groupManagement] INFO  server.RaftServerConfigKeys (ConfUtils.java:logGet(46)) - raft.server.log.corruption.policy = EXCEPTION (default)
2024-09-18 12:54:45,229 [27821b7d-0624-41cc-9490-31ed12e2696a-groupManagement] INFO  server.RaftServerConfigKeys (ConfUtils.java:logGet(46)) - raft.server.storage.dir = [/home/runner/work/ozone/ozone/hadoop-ozone/integration-test/target/test-dir/MiniOzoneClusterImpl-1474a09c-6dad-4fc4-86e4-bad221540704/ozone-meta/datanode-2/ratis] (custom)
2024-09-18 12:54:45,229 [27821b7d-0624-41cc-9490-31ed12e2696a-groupManagement] INFO  storage.RaftStorageDirectory (RaftStorageDirectoryImpl.java:analyzeStorage(138)) - The storage directory /home/runner/work/ozone/ozone/hadoop-ozone/integration-test/target/test-dir/MiniOzoneClusterImpl-1474a09c-6dad-4fc4-86e4-bad221540704/ozone-meta/datanode-2/ratis/1e257028-07be-4c90-ba6b-0e6812d09c45 does not exist. Creating ...
2024-09-18 12:54:45,229 [856d6c8f-d120-404b-902c-ec203ff8b049-groupManagement] INFO  server.RaftServerConfigKeys (ConfUtils.java:logGet(46)) - raft.server.log.appender.buffer.byte-limit = 33554432 (custom)
2024-09-18 12:54:45,230 [856d6c8f-d120-404b-902c-ec203ff8b049-groupManagement] INFO  server.RaftServerConfigKeys (ConfUtils.java:logGet(46)) - raft.server.log.unsafe-flush.enabled = false (default)
2024-09-18 12:54:45,230 [856d6c8f-d120-404b-902c-ec203ff8b049-groupManagement] INFO  server.RaftServerConfigKeys (ConfUtils.java:logGet(46)) - raft.server.log.async-flush.enabled = false (default)
2024-09-18 12:54:45,230 [856d6c8f-d120-404b-902c-ec203ff8b049-groupManagement] INFO  server.RaftServerConfigKeys (ConfUtils.java:logGet(46)) - raft.server.log.statemachine.data.caching.enabled = true (custom)
2024-09-18 12:54:45,230 [856d6c8f-d120-404b-902c-ec203ff8b049-groupManagement] INFO  segmented.SegmentedRaftLogWorker (SegmentedRaftLogWorker.java:lambda$new$0(135)) - 856d6c8f-d120-404b-902c-ec203ff8b049@group-0E6812D09C45-SegmentedRaftLogWorker: flushIndex: setUnconditionally 0 -> -1
2024-09-18 12:54:45,230 [856d6c8f-d120-404b-902c-ec203ff8b049-groupManagement] INFO  segmented.SegmentedRaftLogWorker (SegmentedRaftLogWorker.java:lambda$new$0(135)) - 856d6c8f-d120-404b-902c-ec203ff8b049@group-0E6812D09C45-SegmentedRaftLogWorker: safeCacheEvictIndex: setUnconditionally 0 -> -1
2024-09-18 12:54:45,230 [27821b7d-0624-41cc-9490-31ed12e2696a-groupManagement] INFO  storage.RaftStorageDirectory (RaftStorageDirectoryImpl.java:tryLock(229)) - Lock on /home/runner/work/ozone/ozone/hadoop-ozone/integration-test/target/test-dir/MiniOzoneClusterImpl-1474a09c-6dad-4fc4-86e4-bad221540704/ozone-meta/datanode-2/ratis/1e257028-07be-4c90-ba6b-0e6812d09c45/in_use.lock acquired by nodename 131606@fv-az1197-713
2024-09-18 12:54:45,232 [856d6c8f-d120-404b-902c-ec203ff8b049-groupManagement] INFO  server.RaftServer$Division (RaftServerImpl.java:start(389)) - 856d6c8f-d120-404b-902c-ec203ff8b049@group-0E6812D09C45: start as a follower, conf=conf: {index: -1, cur=peers:[856d6c8f-d120-404b-902c-ec203ff8b049|127.0.0.1:15038, 59105c30-b290-410a-a9ca-d50346fc903f|127.0.0.1:15020, 27821b7d-0624-41cc-9490-31ed12e2696a|127.0.0.1:15029]|listeners:[], old=null}
2024-09-18 12:54:45,232 [856d6c8f-d120-404b-902c-ec203ff8b049-groupManagement] INFO  server.RaftServer$Division (RaftServerImpl.java:setRole(376)) - 856d6c8f-d120-404b-902c-ec203ff8b049@group-0E6812D09C45: changes role from      null to FOLLOWER at term 0 for startAsFollower
2024-09-18 12:54:45,232 [856d6c8f-d120-404b-902c-ec203ff8b049-groupManagement] INFO  impl.RoleInfo (RoleInfo.java:updateAndGet(148)) - 856d6c8f-d120-404b-902c-ec203ff8b049: start 856d6c8f-d120-404b-902c-ec203ff8b049@group-0E6812D09C45-FollowerState
2024-09-18 12:54:45,232 [27821b7d-0624-41cc-9490-31ed12e2696a-groupManagement] INFO  storage.RaftStorage (RaftStorageImpl.java:format(98)) - Storage directory /home/runner/work/ozone/ozone/hadoop-ozone/integration-test/target/test-dir/MiniOzoneClusterImpl-1474a09c-6dad-4fc4-86e4-bad221540704/ozone-meta/datanode-2/ratis/1e257028-07be-4c90-ba6b-0e6812d09c45 has been successfully formatted.
2024-09-18 12:54:45,232 [856d6c8f-d120-404b-902c-ec203ff8b049-groupManagement] INFO  util.JmxRegister (JmxRegister.java:tryRegister(44)) - Successfully registered JMX Bean with object name Ratis:service=RaftServer,group=group-0E6812D09C45,id=856d6c8f-d120-404b-902c-ec203ff8b049
2024-09-18 12:54:45,232 [856d6c8f-d120-404b-902c-ec203ff8b049-groupManagement] INFO  util.JmxRegister (JmxRegister.java:register(58)) - register mxBean class org.apache.ratis.server.impl.RaftServerJmxAdapter as Ratis:service=RaftServer,group=group-0E6812D09C45,id=856d6c8f-d120-404b-902c-ec203ff8b049
2024-09-18 12:54:45,232 [856d6c8f-d120-404b-902c-ec203ff8b049-groupManagement] INFO  server.RaftServerConfigKeys (ConfUtils.java:logGet(46)) - raft.server.snapshot.trigger-when-stop.enabled = true (default)
2024-09-18 12:54:45,232 [856d6c8f-d120-404b-902c-ec203ff8b049-groupManagement] INFO  server.RaftServerConfigKeys (ConfUtils.java:logGet(46)) - raft.server.snapshot.trigger-when-remove.enabled = true (default)
2024-09-18 12:54:45,232 [856d6c8f-d120-404b-902c-ec203ff8b049-groupManagement] INFO  server.RaftServerConfigKeys (ConfUtils.java:logGet(46)) - raft.server.snapshot.auto.trigger.enabled = true (custom)
2024-09-18 12:54:45,232 [27821b7d-0624-41cc-9490-31ed12e2696a-groupManagement] INFO  ratis.ContainerStateMachine (ContainerStateMachine.java:loadSnapshot(295)) - group-0E6812D09C45: The snapshot info is null. Setting the last applied index to:(t:0, i:~)
2024-09-18 12:54:45,233 [27821b7d-0624-41cc-9490-31ed12e2696a-groupManagement] INFO  server.RaftServerConfigKeys (ConfUtils.java:logGet(46)) - raft.server.log.use.memory = false (default)
2024-09-18 12:54:45,233 [856d6c8f-d120-404b-902c-ec203ff8b049@group-0E6812D09C45-FollowerState] INFO  server.RaftServerConfigKeys (ConfUtils.java:logFallback(53)) - raft.server.rpc.first-election.timeout.min = 5s (fallback to raft.server.rpc.timeout.min)
2024-09-18 12:54:45,233 [27821b7d-0624-41cc-9490-31ed12e2696a-groupManagement] INFO  server.RaftServerConfigKeys (ConfUtils.java:logGet(46)) - raft.server.log.purge.gap = 1000000 (custom)
2024-09-18 12:54:45,233 [27821b7d-0624-41cc-9490-31ed12e2696a-groupManagement] INFO  server.RaftServerConfigKeys (ConfUtils.java:logGet(46)) - raft.server.log.appender.buffer.byte-limit = 33554432 (custom)
2024-09-18 12:54:45,233 [27821b7d-0624-41cc-9490-31ed12e2696a-groupManagement] INFO  server.RaftServerConfigKeys (ConfUtils.java:logGet(46)) - raft.server.log.statemachine.data.read.timeout = 1000ms (default)
2024-09-18 12:54:45,233 [27821b7d-0624-41cc-9490-31ed12e2696a-groupManagement] INFO  server.RaftServerConfigKeys (ConfUtils.java:logGet(46)) - raft.server.log.purge.preservation.log.num = 0 (default)
2024-09-18 12:54:45,235 [27821b7d-0624-41cc-9490-31ed12e2696a-groupManagement] INFO  server.RaftServerConfigKeys (ConfUtils.java:logGet(46)) - raft.server.log.segment.size.max = 67108864 (custom)
2024-09-18 12:54:45,235 [scmNode-1-EventQueue-OpenPipelineForHealthyPipelineSafeModeRule] INFO  safemode.SCMSafeModeManager (HealthyPipelineSafeModeRule.java:process(140)) - SCM in safe mode. Healthy pipelines reported count is 0, required healthy pipeline reported count is 1
2024-09-18 12:54:45,235 [27821b7d-0624-41cc-9490-31ed12e2696a-groupManagement] INFO  server.RaftServerConfigKeys (ConfUtils.java:logGet(46)) - raft.server.log.segment.cache.num.max = 2 (custom)
2024-09-18 12:54:45,235 [27821b7d-0624-41cc-9490-31ed12e2696a-groupManagement] INFO  server.RaftServerConfigKeys (ConfUtils.java:logGet(46)) - raft.server.log.segment.cache.size.max = 200MB (=209715200) (default)
2024-09-18 12:54:45,235 [27821b7d-0624-41cc-9490-31ed12e2696a-groupManagement] INFO  server.RaftServerConfigKeys (ConfUtils.java:logGet(46)) - raft.server.log.appender.buffer.byte-limit = 33554432 (custom)
2024-09-18 12:54:45,236 [856d6c8f-d120-404b-902c-ec203ff8b049@group-0E6812D09C45-FollowerState] INFO  server.RaftServerConfigKeys (ConfUtils.java:logFallback(53)) - raft.server.rpc.first-election.timeout.max = 5200ms (fallback to raft.server.rpc.timeout.max)
2024-09-18 12:54:45,233 [856d6c8f-d120-404b-902c-ec203ff8b049-groupManagement] INFO  server.RaftServerConfigKeys (ConfUtils.java:logGet(46)) - raft.server.snapshot.auto.trigger.threshold = 10000 (custom)
2024-09-18 12:54:45,236 [856d6c8f-d120-404b-902c-ec203ff8b049-groupManagement] INFO  server.RaftServerConfigKeys (ConfUtils.java:logGet(46)) - raft.server.snapshot.retention.file.num = 5 (custom)
2024-09-18 12:54:45,236 [856d6c8f-d120-404b-902c-ec203ff8b049-groupManagement] INFO  server.RaftServerConfigKeys (ConfUtils.java:logGet(46)) - raft.server.log.purge.upto.snapshot.index = false (default)
2024-09-18 12:54:45,241 [27821b7d-0624-41cc-9490-31ed12e2696a-groupManagement] INFO  util.AwaitToRun (AwaitToRun.java:start(81)) - Thread[27821b7d-0624-41cc-9490-31ed12e2696a@group-0E6812D09C45-cacheEviction-AwaitToRun,5,main] started
2024-09-18 12:54:45,241 [27821b7d-0624-41cc-9490-31ed12e2696a-groupManagement] INFO  segmented.SegmentedRaftLogWorker (SegmentedRaftLogWorker.java:<init>(184)) - new 27821b7d-0624-41cc-9490-31ed12e2696a@group-0E6812D09C45-SegmentedRaftLogWorker for RaftStorageImpl:Storage Directory /home/runner/work/ozone/ozone/hadoop-ozone/integration-test/target/test-dir/MiniOzoneClusterImpl-1474a09c-6dad-4fc4-86e4-bad221540704/ozone-meta/datanode-2/ratis/1e257028-07be-4c90-ba6b-0e6812d09c45
2024-09-18 12:54:45,241 [27821b7d-0624-41cc-9490-31ed12e2696a-groupManagement] INFO  server.RaftServerConfigKeys (ConfUtils.java:logGet(46)) - raft.server.log.queue.byte-limit = 4294967296 (custom)
2024-09-18 12:54:45,241 [27821b7d-0624-41cc-9490-31ed12e2696a-groupManagement] INFO  server.RaftServerConfigKeys (ConfUtils.java:logGet(46)) - raft.server.log.queue.element-limit = 1024 (custom)
2024-09-18 12:54:45,241 [27821b7d-0624-41cc-9490-31ed12e2696a-groupManagement] INFO  server.RaftServerConfigKeys (ConfUtils.java:logGet(46)) - raft.server.log.segment.size.max = 67108864 (custom)
2024-09-18 12:54:45,241 [27821b7d-0624-41cc-9490-31ed12e2696a-groupManagement] INFO  server.RaftServerConfigKeys (ConfUtils.java:logGet(46)) - raft.server.log.preallocated.size = 4194304 (custom)
2024-09-18 12:54:45,241 [27821b7d-0624-41cc-9490-31ed12e2696a-groupManagement] INFO  server.RaftServerConfigKeys (ConfUtils.java:logGet(46)) - raft.server.log.force.sync.num = 128 (default)
2024-09-18 12:54:45,241 [27821b7d-0624-41cc-9490-31ed12e2696a-groupManagement] INFO  server.RaftServerConfigKeys (ConfUtils.java:logGet(46)) - raft.server.log.statemachine.data.sync = true (default)
2024-09-18 12:54:45,241 [27821b7d-0624-41cc-9490-31ed12e2696a-groupManagement] INFO  server.RaftServerConfigKeys (ConfUtils.java:logGet(46)) - raft.server.log.statemachine.data.sync.timeout = 10s (default)
2024-09-18 12:54:45,241 [27821b7d-0624-41cc-9490-31ed12e2696a-groupManagement] INFO  server.RaftServerConfigKeys (ConfUtils.java:logGet(46)) - raft.server.log.statemachine.data.sync.timeout.retry = 30 (custom)
2024-09-18 12:54:45,242 [27821b7d-0624-41cc-9490-31ed12e2696a-groupManagement] INFO  server.RaftServerConfigKeys (ConfUtils.java:logGet(46)) - raft.server.log.write.buffer.size = 33554440 (custom)
2024-09-18 12:54:45,247 [27821b7d-0624-41cc-9490-31ed12e2696a-groupManagement] INFO  server.RaftServerConfigKeys (ConfUtils.java:logGet(46)) - raft.server.log.appender.buffer.byte-limit = 33554432 (custom)
2024-09-18 12:54:45,247 [27821b7d-0624-41cc-9490-31ed12e2696a-groupManagement] INFO  server.RaftServerConfigKeys (ConfUtils.java:logGet(46)) - raft.server.log.unsafe-flush.enabled = false (default)
2024-09-18 12:54:45,247 [27821b7d-0624-41cc-9490-31ed12e2696a-groupManagement] INFO  server.RaftServerConfigKeys (ConfUtils.java:logGet(46)) - raft.server.log.async-flush.enabled = false (default)
2024-09-18 12:54:45,248 [27821b7d-0624-41cc-9490-31ed12e2696a-groupManagement] INFO  server.RaftServerConfigKeys (ConfUtils.java:logGet(46)) - raft.server.log.statemachine.data.caching.enabled = true (custom)
2024-09-18 12:54:45,248 [27821b7d-0624-41cc-9490-31ed12e2696a-groupManagement] INFO  segmented.SegmentedRaftLogWorker (SegmentedRaftLogWorker.java:lambda$new$0(135)) - 27821b7d-0624-41cc-9490-31ed12e2696a@group-0E6812D09C45-SegmentedRaftLogWorker: flushIndex: setUnconditionally 0 -> -1
2024-09-18 12:54:45,248 [27821b7d-0624-41cc-9490-31ed12e2696a-groupManagement] INFO  segmented.SegmentedRaftLogWorker (SegmentedRaftLogWorker.java:lambda$new$0(135)) - 27821b7d-0624-41cc-9490-31ed12e2696a@group-0E6812D09C45-SegmentedRaftLogWorker: safeCacheEvictIndex: setUnconditionally 0 -> -1
2024-09-18 12:54:45,251 [27821b7d-0624-41cc-9490-31ed12e2696a-groupManagement] INFO  server.RaftServer$Division (RaftServerImpl.java:start(389)) - 27821b7d-0624-41cc-9490-31ed12e2696a@group-0E6812D09C45: start as a follower, conf=conf: {index: -1, cur=peers:[856d6c8f-d120-404b-902c-ec203ff8b049|127.0.0.1:15038, 59105c30-b290-410a-a9ca-d50346fc903f|127.0.0.1:15020, 27821b7d-0624-41cc-9490-31ed12e2696a|127.0.0.1:15029]|listeners:[], old=null}
2024-09-18 12:54:45,251 [27821b7d-0624-41cc-9490-31ed12e2696a-groupManagement] INFO  server.RaftServer$Division (RaftServerImpl.java:setRole(376)) - 27821b7d-0624-41cc-9490-31ed12e2696a@group-0E6812D09C45: changes role from      null to FOLLOWER at term 0 for startAsFollower
2024-09-18 12:54:45,252 [27821b7d-0624-41cc-9490-31ed12e2696a-groupManagement] INFO  impl.RoleInfo (RoleInfo.java:updateAndGet(148)) - 27821b7d-0624-41cc-9490-31ed12e2696a: start 27821b7d-0624-41cc-9490-31ed12e2696a@group-0E6812D09C45-FollowerState
2024-09-18 12:54:45,252 [27821b7d-0624-41cc-9490-31ed12e2696a-groupManagement] INFO  util.JmxRegister (JmxRegister.java:tryRegister(44)) - Successfully registered JMX Bean with object name Ratis:service=RaftServer,group=group-0E6812D09C45,id=27821b7d-0624-41cc-9490-31ed12e2696a
2024-09-18 12:54:45,252 [27821b7d-0624-41cc-9490-31ed12e2696a-groupManagement] INFO  util.JmxRegister (JmxRegister.java:register(58)) - register mxBean class org.apache.ratis.server.impl.RaftServerJmxAdapter as Ratis:service=RaftServer,group=group-0E6812D09C45,id=27821b7d-0624-41cc-9490-31ed12e2696a
2024-09-18 12:54:45,252 [27821b7d-0624-41cc-9490-31ed12e2696a-groupManagement] INFO  server.RaftServerConfigKeys (ConfUtils.java:logGet(46)) - raft.server.snapshot.trigger-when-stop.enabled = true (default)
2024-09-18 12:54:45,252 [27821b7d-0624-41cc-9490-31ed12e2696a-groupManagement] INFO  server.RaftServerConfigKeys (ConfUtils.java:logGet(46)) - raft.server.snapshot.trigger-when-remove.enabled = true (default)
2024-09-18 12:54:45,252 [27821b7d-0624-41cc-9490-31ed12e2696a-groupManagement] INFO  server.RaftServerConfigKeys (ConfUtils.java:logGet(46)) - raft.server.snapshot.auto.trigger.enabled = true (custom)
2024-09-18 12:54:45,252 [27821b7d-0624-41cc-9490-31ed12e2696a-groupManagement] INFO  server.RaftServerConfigKeys (ConfUtils.java:logGet(46)) - raft.server.snapshot.auto.trigger.threshold = 10000 (custom)
2024-09-18 12:54:45,252 [27821b7d-0624-41cc-9490-31ed12e2696a-groupManagement] INFO  server.RaftServerConfigKeys (ConfUtils.java:logGet(46)) - raft.server.snapshot.retention.file.num = 5 (custom)
2024-09-18 12:54:45,253 [27821b7d-0624-41cc-9490-31ed12e2696a-groupManagement] INFO  server.RaftServerConfigKeys (ConfUtils.java:logGet(46)) - raft.server.log.purge.upto.snapshot.index = false (default)
2024-09-18 12:54:45,253 [27821b7d-0624-41cc-9490-31ed12e2696a@group-0E6812D09C45-FollowerState] INFO  server.RaftServerConfigKeys (ConfUtils.java:logFallback(53)) - raft.server.rpc.first-election.timeout.min = 5s (fallback to raft.server.rpc.timeout.min)
2024-09-18 12:54:45,254 [27821b7d-0624-41cc-9490-31ed12e2696a@group-0E6812D09C45-FollowerState] INFO  server.RaftServerConfigKeys (ConfUtils.java:logFallback(53)) - raft.server.rpc.first-election.timeout.max = 5200ms (fallback to raft.server.rpc.timeout.max)
2024-09-18 12:54:45,256 [27821b7d-0624-41cc-9490-31ed12e2696a-PipelineCommandHandlerThread-0] INFO  ratis.XceiverServerRatis (XceiverServerRatis.java:addGroup(849)) - Created group PipelineID=1e257028-07be-4c90-ba6b-0e6812d09c45
2024-09-18 12:54:45,296 [59105c30-b290-410a-a9ca-d50346fc903f-PipelineCommandHandlerThread-0] INFO  commandhandler.CreatePipelineCommandHandler (CreatePipelineCommandHandler.java:lambda$handle$2(124)) - Created Pipeline RATIS THREE PipelineID=1e257028-07be-4c90-ba6b-0e6812d09c45.
2024-09-18 12:54:45,296 [59105c30-b290-410a-a9ca-d50346fc903f-PipelineCommandHandlerThread-0] INFO  server.RaftServer (RaftServerProxy.java:addNew(101)) - 59105c30-b290-410a-a9ca-d50346fc903f: addNew group-239644619C41:[856d6c8f-d120-404b-902c-ec203ff8b049|127.0.0.1:15038, 59105c30-b290-410a-a9ca-d50346fc903f|127.0.0.1:15020, 27821b7d-0624-41cc-9490-31ed12e2696a|127.0.0.1:15029] returns group-239644619C41:java.util.concurrent.CompletableFuture@24068fdb[Not completed]
2024-09-18 12:54:45,299 [59105c30-b290-410a-a9ca-d50346fc903f-groupManagement] INFO  server.RaftServer$Division (RaftServerImpl.java:<init>(253)) - 59105c30-b290-410a-a9ca-d50346fc903f: new RaftServerImpl for group-239644619C41:[856d6c8f-d120-404b-902c-ec203ff8b049|127.0.0.1:15038, 59105c30-b290-410a-a9ca-d50346fc903f|127.0.0.1:15020, 27821b7d-0624-41cc-9490-31ed12e2696a|127.0.0.1:15029] with ContainerStateMachine:uninitialized
2024-09-18 12:54:45,299 [59105c30-b290-410a-a9ca-d50346fc903f-groupManagement] INFO  server.RaftServerConfigKeys (ConfUtils.java:logGet(46)) - raft.server.rpc.timeout.min = 5s (custom)
2024-09-18 12:54:45,299 [59105c30-b290-410a-a9ca-d50346fc903f-groupManagement] INFO  server.RaftServerConfigKeys (ConfUtils.java:logGet(46)) - raft.server.rpc.timeout.max = 5200ms (custom)
2024-09-18 12:54:45,299 [59105c30-b290-410a-a9ca-d50346fc903f-groupManagement] INFO  server.RaftServerConfigKeys (ConfUtils.java:logGet(46)) - raft.server.rpc.sleep.time = 25ms (default)
2024-09-18 12:54:45,299 [59105c30-b290-410a-a9ca-d50346fc903f-groupManagement] INFO  server.RaftServerConfigKeys (ConfUtils.java:logGet(46)) - raft.server.rpc.slowness.timeout = 300s (custom)
2024-09-18 12:54:45,299 [59105c30-b290-410a-a9ca-d50346fc903f-groupManagement] INFO  server.RaftServerConfigKeys (ConfUtils.java:logGet(46)) - raft.server.leaderelection.leader.step-down.wait-time = 10s (default)
2024-09-18 12:54:45,299 [59105c30-b290-410a-a9ca-d50346fc903f-groupManagement] INFO  server.RaftServerConfigKeys (ConfUtils.java:logGet(46)) - raft.server.leaderelection.member.majority-add = false (default)
2024-09-18 12:54:45,299 [59105c30-b290-410a-a9ca-d50346fc903f-groupManagement] INFO  server.RaftServerConfigKeys (ConfUtils.java:logGet(46)) - raft.server.sleep.deviation.threshold = 300ms (default)
2024-09-18 12:54:45,299 [59105c30-b290-410a-a9ca-d50346fc903f-groupManagement] INFO  server.RaftServer$Division (ServerState.java:<init>(114)) - 59105c30-b290-410a-a9ca-d50346fc903f@group-239644619C41: ConfigurationManager, init=conf: {index: -1, cur=peers:[856d6c8f-d120-404b-902c-ec203ff8b049|127.0.0.1:15038, 59105c30-b290-410a-a9ca-d50346fc903f|127.0.0.1:15020, 27821b7d-0624-41cc-9490-31ed12e2696a|127.0.0.1:15029]|listeners:[], old=null}, confs=<EMPTY_MAP>
2024-09-18 12:54:45,299 [59105c30-b290-410a-a9ca-d50346fc903f-groupManagement] INFO  server.RaftServerConfigKeys (ConfUtils.java:logGet(46)) - raft.server.notification.no-leader.timeout = 300s (custom)
2024-09-18 12:54:45,299 [59105c30-b290-410a-a9ca-d50346fc903f-groupManagement] INFO  server.RaftServerConfigKeys (ConfUtils.java:logGet(46)) - raft.server.read.timeout = 10s (default)
2024-09-18 12:54:45,299 [59105c30-b290-410a-a9ca-d50346fc903f-groupManagement] INFO  server.RaftServerConfigKeys (ConfUtils.java:logGet(46)) - raft.server.retrycache.expirytime = 600000ms (custom)
2024-09-18 12:54:45,299 [59105c30-b290-410a-a9ca-d50346fc903f-groupManagement] INFO  server.RaftServerConfigKeys (ConfUtils.java:logGet(46)) - raft.server.retrycache.statistics.expirytime = 100ms (default)
2024-09-18 12:54:45,299 [59105c30-b290-410a-a9ca-d50346fc903f-groupManagement] INFO  server.RaftServerConfigKeys (ConfUtils.java:logGet(46)) - raft.server.read.option = DEFAULT (default)
2024-09-18 12:54:45,300 [59105c30-b290-410a-a9ca-d50346fc903f-groupManagement] INFO  server.RaftServerConfigKeys (ConfUtils.java:logGet(46)) - raft.server.read.read-after-write-consistent.write-index-cache.expiry-time = 60s (default)
2024-09-18 12:54:45,315 [59105c30-b290-410a-a9ca-d50346fc903f-groupManagement] INFO  server.RaftServerConfigKeys (ConfUtils.java:logGet(46)) - raft.server.rpc.request.timeout = 60s (custom)
2024-09-18 12:54:45,316 [59105c30-b290-410a-a9ca-d50346fc903f-groupManagement] INFO  server.RaftServerConfigKeys (ConfUtils.java:logGet(46)) - raft.server.log.appender.install.snapshot.enabled = false (custom)
2024-09-18 12:54:45,316 [59105c30-b290-410a-a9ca-d50346fc903f-groupManagement] INFO  server.RaftServerConfigKeys (ConfUtils.java:logGet(46)) - raft.server.threadpool.server.cached = true (default)
2024-09-18 12:54:45,316 [59105c30-b290-410a-a9ca-d50346fc903f-groupManagement] INFO  server.RaftServerConfigKeys (ConfUtils.java:logGet(46)) - raft.server.threadpool.server.size = 0 (default)
2024-09-18 12:54:45,316 [59105c30-b290-410a-a9ca-d50346fc903f-groupManagement] INFO  server.RaftServerConfigKeys (ConfUtils.java:logGet(46)) - raft.server.threadpool.client.cached = true (default)
2024-09-18 12:54:45,316 [59105c30-b290-410a-a9ca-d50346fc903f-groupManagement] INFO  server.RaftServerConfigKeys (ConfUtils.java:logGet(46)) - raft.server.threadpool.client.size = 0 (default)
2024-09-18 12:54:45,316 [59105c30-b290-410a-a9ca-d50346fc903f-groupManagement] INFO  server.RaftServerConfigKeys (ConfUtils.java:logGet(46)) - raft.server.storage.free-space.min = 0MB (=0) (default)
2024-09-18 12:54:45,317 [59105c30-b290-410a-a9ca-d50346fc903f-groupManagement] INFO  server.RaftServerConfigKeys (ConfUtils.java:logGet(46)) - raft.server.log.corruption.policy = EXCEPTION (default)
2024-09-18 12:54:45,317 [59105c30-b290-410a-a9ca-d50346fc903f-groupManagement] INFO  server.RaftServerConfigKeys (ConfUtils.java:logGet(46)) - raft.server.storage.dir = [/home/runner/work/ozone/ozone/hadoop-ozone/integration-test/target/test-dir/MiniOzoneClusterImpl-1474a09c-6dad-4fc4-86e4-bad221540704/ozone-meta/datanode-1/ratis] (custom)
2024-09-18 12:54:45,317 [59105c30-b290-410a-a9ca-d50346fc903f-groupManagement] INFO  storage.RaftStorageDirectory (RaftStorageDirectoryImpl.java:analyzeStorage(138)) - The storage directory /home/runner/work/ozone/ozone/hadoop-ozone/integration-test/target/test-dir/MiniOzoneClusterImpl-1474a09c-6dad-4fc4-86e4-bad221540704/ozone-meta/datanode-1/ratis/aaa9e430-62c5-4e78-96d4-239644619c41 does not exist. Creating ...
2024-09-18 12:54:45,319 [59105c30-b290-410a-a9ca-d50346fc903f-groupManagement] INFO  storage.RaftStorageDirectory (RaftStorageDirectoryImpl.java:tryLock(229)) - Lock on /home/runner/work/ozone/ozone/hadoop-ozone/integration-test/target/test-dir/MiniOzoneClusterImpl-1474a09c-6dad-4fc4-86e4-bad221540704/ozone-meta/datanode-1/ratis/aaa9e430-62c5-4e78-96d4-239644619c41/in_use.lock acquired by nodename 131606@fv-az1197-713
2024-09-18 12:54:45,325 [59105c30-b290-410a-a9ca-d50346fc903f-groupManagement] INFO  storage.RaftStorage (RaftStorageImpl.java:format(98)) - Storage directory /home/runner/work/ozone/ozone/hadoop-ozone/integration-test/target/test-dir/MiniOzoneClusterImpl-1474a09c-6dad-4fc4-86e4-bad221540704/ozone-meta/datanode-1/ratis/aaa9e430-62c5-4e78-96d4-239644619c41 has been successfully formatted.
2024-09-18 12:54:45,326 [59105c30-b290-410a-a9ca-d50346fc903f-groupManagement] INFO  ratis.ContainerStateMachine (ContainerStateMachine.java:loadSnapshot(295)) - group-239644619C41: The snapshot info is null. Setting the last applied index to:(t:0, i:~)
2024-09-18 12:54:45,326 [59105c30-b290-410a-a9ca-d50346fc903f-groupManagement] INFO  server.RaftServerConfigKeys (ConfUtils.java:logGet(46)) - raft.server.log.use.memory = false (default)
2024-09-18 12:54:45,326 [59105c30-b290-410a-a9ca-d50346fc903f-groupManagement] INFO  server.RaftServerConfigKeys (ConfUtils.java:logGet(46)) - raft.server.log.purge.gap = 1000000 (custom)
2024-09-18 12:54:45,326 [59105c30-b290-410a-a9ca-d50346fc903f-groupManagement] INFO  server.RaftServerConfigKeys (ConfUtils.java:logGet(46)) - raft.server.log.appender.buffer.byte-limit = 33554432 (custom)
2024-09-18 12:54:45,326 [59105c30-b290-410a-a9ca-d50346fc903f-groupManagement] INFO  server.RaftServerConfigKeys (ConfUtils.java:logGet(46)) - raft.server.log.statemachine.data.read.timeout = 1000ms (default)
2024-09-18 12:54:45,326 [59105c30-b290-410a-a9ca-d50346fc903f-groupManagement] INFO  server.RaftServerConfigKeys (ConfUtils.java:logGet(46)) - raft.server.log.purge.preservation.log.num = 0 (default)
2024-09-18 12:54:45,328 [scmNode-1-EventQueue-OpenPipelineForHealthyPipelineSafeModeRule] INFO  safemode.SCMSafeModeManager (HealthyPipelineSafeModeRule.java:process(140)) - SCM in safe mode. Healthy pipelines reported count is 0, required healthy pipeline reported count is 1
2024-09-18 12:54:45,330 [59105c30-b290-410a-a9ca-d50346fc903f-groupManagement] INFO  server.RaftServerConfigKeys (ConfUtils.java:logGet(46)) - raft.server.log.segment.size.max = 67108864 (custom)
2024-09-18 12:54:45,330 [59105c30-b290-410a-a9ca-d50346fc903f-groupManagement] INFO  server.RaftServerConfigKeys (ConfUtils.java:logGet(46)) - raft.server.log.segment.cache.num.max = 2 (custom)
2024-09-18 12:54:45,330 [59105c30-b290-410a-a9ca-d50346fc903f-groupManagement] INFO  server.RaftServerConfigKeys (ConfUtils.java:logGet(46)) - raft.server.log.segment.cache.size.max = 200MB (=209715200) (default)
2024-09-18 12:54:45,330 [59105c30-b290-410a-a9ca-d50346fc903f-groupManagement] INFO  server.RaftServerConfigKeys (ConfUtils.java:logGet(46)) - raft.server.log.appender.buffer.byte-limit = 33554432 (custom)
2024-09-18 12:54:45,333 [59105c30-b290-410a-a9ca-d50346fc903f-groupManagement] INFO  util.AwaitToRun (AwaitToRun.java:start(81)) - Thread[59105c30-b290-410a-a9ca-d50346fc903f@group-239644619C41-cacheEviction-AwaitToRun,5,main] started
2024-09-18 12:54:45,333 [59105c30-b290-410a-a9ca-d50346fc903f-groupManagement] INFO  segmented.SegmentedRaftLogWorker (SegmentedRaftLogWorker.java:<init>(184)) - new 59105c30-b290-410a-a9ca-d50346fc903f@group-239644619C41-SegmentedRaftLogWorker for RaftStorageImpl:Storage Directory /home/runner/work/ozone/ozone/hadoop-ozone/integration-test/target/test-dir/MiniOzoneClusterImpl-1474a09c-6dad-4fc4-86e4-bad221540704/ozone-meta/datanode-1/ratis/aaa9e430-62c5-4e78-96d4-239644619c41
2024-09-18 12:54:45,333 [59105c30-b290-410a-a9ca-d50346fc903f-groupManagement] INFO  server.RaftServerConfigKeys (ConfUtils.java:logGet(46)) - raft.server.log.queue.byte-limit = 4294967296 (custom)
2024-09-18 12:54:45,334 [59105c30-b290-410a-a9ca-d50346fc903f-groupManagement] INFO  server.RaftServerConfigKeys (ConfUtils.java:logGet(46)) - raft.server.log.queue.element-limit = 1024 (custom)
2024-09-18 12:54:45,334 [59105c30-b290-410a-a9ca-d50346fc903f-groupManagement] INFO  server.RaftServerConfigKeys (ConfUtils.java:logGet(46)) - raft.server.log.segment.size.max = 67108864 (custom)
2024-09-18 12:54:45,334 [59105c30-b290-410a-a9ca-d50346fc903f-groupManagement] INFO  server.RaftServerConfigKeys (ConfUtils.java:logGet(46)) - raft.server.log.preallocated.size = 4194304 (custom)
2024-09-18 12:54:45,334 [59105c30-b290-410a-a9ca-d50346fc903f-groupManagement] INFO  server.RaftServerConfigKeys (ConfUtils.java:logGet(46)) - raft.server.log.force.sync.num = 128 (default)
2024-09-18 12:54:45,334 [59105c30-b290-410a-a9ca-d50346fc903f-groupManagement] INFO  server.RaftServerConfigKeys (ConfUtils.java:logGet(46)) - raft.server.log.statemachine.data.sync = true (default)
2024-09-18 12:54:45,334 [59105c30-b290-410a-a9ca-d50346fc903f-groupManagement] INFO  server.RaftServerConfigKeys (ConfUtils.java:logGet(46)) - raft.server.log.statemachine.data.sync.timeout = 10s (default)
2024-09-18 12:54:45,334 [59105c30-b290-410a-a9ca-d50346fc903f-groupManagement] INFO  server.RaftServerConfigKeys (ConfUtils.java:logGet(46)) - raft.server.log.statemachine.data.sync.timeout.retry = 30 (custom)
2024-09-18 12:54:45,335 [59105c30-b290-410a-a9ca-d50346fc903f-groupManagement] INFO  server.RaftServerConfigKeys (ConfUtils.java:logGet(46)) - raft.server.log.write.buffer.size = 33554440 (custom)
2024-09-18 12:54:45,340 [59105c30-b290-410a-a9ca-d50346fc903f-groupManagement] INFO  server.RaftServerConfigKeys (ConfUtils.java:logGet(46)) - raft.server.log.appender.buffer.byte-limit = 33554432 (custom)
2024-09-18 12:54:45,341 [59105c30-b290-410a-a9ca-d50346fc903f-groupManagement] INFO  server.RaftServerConfigKeys (ConfUtils.java:logGet(46)) - raft.server.log.unsafe-flush.enabled = false (default)
2024-09-18 12:54:45,341 [59105c30-b290-410a-a9ca-d50346fc903f-groupManagement] INFO  server.RaftServerConfigKeys (ConfUtils.java:logGet(46)) - raft.server.log.async-flush.enabled = false (default)
2024-09-18 12:54:45,341 [59105c30-b290-410a-a9ca-d50346fc903f-groupManagement] INFO  server.RaftServerConfigKeys (ConfUtils.java:logGet(46)) - raft.server.log.statemachine.data.caching.enabled = true (custom)
2024-09-18 12:54:45,341 [59105c30-b290-410a-a9ca-d50346fc903f-groupManagement] INFO  segmented.SegmentedRaftLogWorker (SegmentedRaftLogWorker.java:lambda$new$0(135)) - 59105c30-b290-410a-a9ca-d50346fc903f@group-239644619C41-SegmentedRaftLogWorker: flushIndex: setUnconditionally 0 -> -1
2024-09-18 12:54:45,341 [59105c30-b290-410a-a9ca-d50346fc903f-groupManagement] INFO  segmented.SegmentedRaftLogWorker (SegmentedRaftLogWorker.java:lambda$new$0(135)) - 59105c30-b290-410a-a9ca-d50346fc903f@group-239644619C41-SegmentedRaftLogWorker: safeCacheEvictIndex: setUnconditionally 0 -> -1
2024-09-18 12:54:45,341 [59105c30-b290-410a-a9ca-d50346fc903f-groupManagement] INFO  server.RaftServer$Division (RaftServerImpl.java:start(389)) - 59105c30-b290-410a-a9ca-d50346fc903f@group-239644619C41: start as a follower, conf=conf: {index: -1, cur=peers:[856d6c8f-d120-404b-902c-ec203ff8b049|127.0.0.1:15038, 59105c30-b290-410a-a9ca-d50346fc903f|127.0.0.1:15020, 27821b7d-0624-41cc-9490-31ed12e2696a|127.0.0.1:15029]|listeners:[], old=null}
2024-09-18 12:54:45,341 [59105c30-b290-410a-a9ca-d50346fc903f-groupManagement] INFO  server.RaftServer$Division (RaftServerImpl.java:setRole(376)) - 59105c30-b290-410a-a9ca-d50346fc903f@group-239644619C41: changes role from      null to FOLLOWER at term 0 for startAsFollower
2024-09-18 12:54:45,342 [59105c30-b290-410a-a9ca-d50346fc903f-groupManagement] INFO  impl.RoleInfo (RoleInfo.java:updateAndGet(148)) - 59105c30-b290-410a-a9ca-d50346fc903f: start 59105c30-b290-410a-a9ca-d50346fc903f@group-239644619C41-FollowerState
2024-09-18 12:54:45,342 [59105c30-b290-410a-a9ca-d50346fc903f@group-239644619C41-FollowerState] INFO  server.RaftServerConfigKeys (ConfUtils.java:logFallback(53)) - raft.server.rpc.first-election.timeout.min = 5s (fallback to raft.server.rpc.timeout.min)
2024-09-18 12:54:45,342 [59105c30-b290-410a-a9ca-d50346fc903f@group-239644619C41-FollowerState] INFO  server.RaftServerConfigKeys (ConfUtils.java:logFallback(53)) - raft.server.rpc.first-election.timeout.max = 5200ms (fallback to raft.server.rpc.timeout.max)
2024-09-18 12:54:45,342 [59105c30-b290-410a-a9ca-d50346fc903f-groupManagement] INFO  util.JmxRegister (JmxRegister.java:tryRegister(44)) - Successfully registered JMX Bean with object name Ratis:service=RaftServer,group=group-239644619C41,id=59105c30-b290-410a-a9ca-d50346fc903f
2024-09-18 12:54:45,342 [59105c30-b290-410a-a9ca-d50346fc903f-groupManagement] INFO  util.JmxRegister (JmxRegister.java:register(58)) - register mxBean class org.apache.ratis.server.impl.RaftServerJmxAdapter as Ratis:service=RaftServer,group=group-239644619C41,id=59105c30-b290-410a-a9ca-d50346fc903f
2024-09-18 12:54:45,342 [59105c30-b290-410a-a9ca-d50346fc903f-groupManagement] INFO  server.RaftServerConfigKeys (ConfUtils.java:logGet(46)) - raft.server.snapshot.trigger-when-stop.enabled = true (default)
2024-09-18 12:54:45,342 [27821b7d-0624-41cc-9490-31ed12e2696a-PipelineCommandHandlerThread-0] INFO  commandhandler.CreatePipelineCommandHandler (CreatePipelineCommandHandler.java:lambda$handle$2(124)) - Created Pipeline RATIS THREE PipelineID=1e257028-07be-4c90-ba6b-0e6812d09c45.
2024-09-18 12:54:45,343 [27821b7d-0624-41cc-9490-31ed12e2696a-PipelineCommandHandlerThread-0] INFO  server.RaftServer (RaftServerProxy.java:addNew(101)) - 27821b7d-0624-41cc-9490-31ed12e2696a: addNew group-239644619C41:[856d6c8f-d120-404b-902c-ec203ff8b049|127.0.0.1:15038, 59105c30-b290-410a-a9ca-d50346fc903f|127.0.0.1:15020, 27821b7d-0624-41cc-9490-31ed12e2696a|127.0.0.1:15029] returns group-239644619C41:java.util.concurrent.CompletableFuture@1dfa3b34[Not completed]
2024-09-18 12:54:45,343 [59105c30-b290-410a-a9ca-d50346fc903f-groupManagement] INFO  server.RaftServerConfigKeys (ConfUtils.java:logGet(46)) - raft.server.snapshot.trigger-when-remove.enabled = true (default)
2024-09-18 12:54:45,343 [59105c30-b290-410a-a9ca-d50346fc903f-groupManagement] INFO  server.RaftServerConfigKeys (ConfUtils.java:logGet(46)) - raft.server.snapshot.auto.trigger.enabled = true (custom)
2024-09-18 12:54:45,343 [59105c30-b290-410a-a9ca-d50346fc903f-groupManagement] INFO  server.RaftServerConfigKeys (ConfUtils.java:logGet(46)) - raft.server.snapshot.auto.trigger.threshold = 10000 (custom)
2024-09-18 12:54:45,343 [59105c30-b290-410a-a9ca-d50346fc903f-groupManagement] INFO  server.RaftServerConfigKeys (ConfUtils.java:logGet(46)) - raft.server.snapshot.retention.file.num = 5 (custom)
2024-09-18 12:54:45,343 [59105c30-b290-410a-a9ca-d50346fc903f-groupManagement] INFO  server.RaftServerConfigKeys (ConfUtils.java:logGet(46)) - raft.server.log.purge.upto.snapshot.index = false (default)
2024-09-18 12:54:45,344 [59105c30-b290-410a-a9ca-d50346fc903f-PipelineCommandHandlerThread-0] INFO  ratis.XceiverServerRatis (XceiverServerRatis.java:addGroup(849)) - Created group PipelineID=aaa9e430-62c5-4e78-96d4-239644619c41
2024-09-18 12:54:45,345 [27821b7d-0624-41cc-9490-31ed12e2696a-groupManagement] INFO  server.RaftServer$Division (RaftServerImpl.java:<init>(253)) - 27821b7d-0624-41cc-9490-31ed12e2696a: new RaftServerImpl for group-239644619C41:[856d6c8f-d120-404b-902c-ec203ff8b049|127.0.0.1:15038, 59105c30-b290-410a-a9ca-d50346fc903f|127.0.0.1:15020, 27821b7d-0624-41cc-9490-31ed12e2696a|127.0.0.1:15029] with ContainerStateMachine:uninitialized
2024-09-18 12:54:45,345 [27821b7d-0624-41cc-9490-31ed12e2696a-groupManagement] INFO  server.RaftServerConfigKeys (ConfUtils.java:logGet(46)) - raft.server.rpc.timeout.min = 5s (custom)
2024-09-18 12:54:45,345 [27821b7d-0624-41cc-9490-31ed12e2696a-groupManagement] INFO  server.RaftServerConfigKeys (ConfUtils.java:logGet(46)) - raft.server.rpc.timeout.max = 5200ms (custom)
2024-09-18 12:54:45,345 [27821b7d-0624-41cc-9490-31ed12e2696a-groupManagement] INFO  server.RaftServerConfigKeys (ConfUtils.java:logGet(46)) - raft.server.rpc.sleep.time = 25ms (default)
2024-09-18 12:54:45,345 [27821b7d-0624-41cc-9490-31ed12e2696a-groupManagement] INFO  server.RaftServerConfigKeys (ConfUtils.java:logGet(46)) - raft.server.rpc.slowness.timeout = 300s (custom)
2024-09-18 12:54:45,346 [27821b7d-0624-41cc-9490-31ed12e2696a-groupManagement] INFO  server.RaftServerConfigKeys (ConfUtils.java:logGet(46)) - raft.server.leaderelection.leader.step-down.wait-time = 10s (default)
2024-09-18 12:54:45,346 [27821b7d-0624-41cc-9490-31ed12e2696a-groupManagement] INFO  server.RaftServerConfigKeys (ConfUtils.java:logGet(46)) - raft.server.leaderelection.member.majority-add = false (default)
2024-09-18 12:54:45,346 [27821b7d-0624-41cc-9490-31ed12e2696a-groupManagement] INFO  server.RaftServerConfigKeys (ConfUtils.java:logGet(46)) - raft.server.sleep.deviation.threshold = 300ms (default)
2024-09-18 12:54:45,346 [27821b7d-0624-41cc-9490-31ed12e2696a-groupManagement] INFO  server.RaftServer$Division (ServerState.java:<init>(114)) - 27821b7d-0624-41cc-9490-31ed12e2696a@group-239644619C41: ConfigurationManager, init=conf: {index: -1, cur=peers:[856d6c8f-d120-404b-902c-ec203ff8b049|127.0.0.1:15038, 59105c30-b290-410a-a9ca-d50346fc903f|127.0.0.1:15020, 27821b7d-0624-41cc-9490-31ed12e2696a|127.0.0.1:15029]|listeners:[], old=null}, confs=<EMPTY_MAP>
2024-09-18 12:54:45,346 [27821b7d-0624-41cc-9490-31ed12e2696a-groupManagement] INFO  server.RaftServerConfigKeys (ConfUtils.java:logGet(46)) - raft.server.notification.no-leader.timeout = 300s (custom)
2024-09-18 12:54:45,346 [27821b7d-0624-41cc-9490-31ed12e2696a-groupManagement] INFO  server.RaftServerConfigKeys (ConfUtils.java:logGet(46)) - raft.server.read.timeout = 10s (default)
2024-09-18 12:54:45,346 [27821b7d-0624-41cc-9490-31ed12e2696a-groupManagement] INFO  server.RaftServerConfigKeys (ConfUtils.java:logGet(46)) - raft.server.retrycache.expirytime = 600000ms (custom)
2024-09-18 12:54:45,346 [27821b7d-0624-41cc-9490-31ed12e2696a-groupManagement] INFO  server.RaftServerConfigKeys (ConfUtils.java:logGet(46)) - raft.server.retrycache.statistics.expirytime = 100ms (default)
2024-09-18 12:54:45,346 [27821b7d-0624-41cc-9490-31ed12e2696a-groupManagement] INFO  server.RaftServerConfigKeys (ConfUtils.java:logGet(46)) - raft.server.read.option = DEFAULT (default)
2024-09-18 12:54:45,346 [27821b7d-0624-41cc-9490-31ed12e2696a-groupManagement] INFO  server.RaftServerConfigKeys (ConfUtils.java:logGet(46)) - raft.server.read.read-after-write-consistent.write-index-cache.expiry-time = 60s (default)
2024-09-18 12:54:45,350 [27821b7d-0624-41cc-9490-31ed12e2696a-groupManagement] INFO  server.RaftServerConfigKeys (ConfUtils.java:logGet(46)) - raft.server.rpc.request.timeout = 60s (custom)
2024-09-18 12:54:45,351 [27821b7d-0624-41cc-9490-31ed12e2696a-groupManagement] INFO  server.RaftServerConfigKeys (ConfUtils.java:logGet(46)) - raft.server.log.appender.install.snapshot.enabled = false (custom)
2024-09-18 12:54:45,351 [27821b7d-0624-41cc-9490-31ed12e2696a-groupManagement] INFO  server.RaftServerConfigKeys (ConfUtils.java:logGet(46)) - raft.server.threadpool.server.cached = true (default)
2024-09-18 12:54:45,352 [27821b7d-0624-41cc-9490-31ed12e2696a-groupManagement] INFO  server.RaftServerConfigKeys (ConfUtils.java:logGet(46)) - raft.server.threadpool.server.size = 0 (default)
2024-09-18 12:54:45,352 [27821b7d-0624-41cc-9490-31ed12e2696a-groupManagement] INFO  server.RaftServerConfigKeys (ConfUtils.java:logGet(46)) - raft.server.threadpool.client.cached = true (default)
2024-09-18 12:54:45,352 [27821b7d-0624-41cc-9490-31ed12e2696a-groupManagement] INFO  server.RaftServerConfigKeys (ConfUtils.java:logGet(46)) - raft.server.threadpool.client.size = 0 (default)
2024-09-18 12:54:45,353 [27821b7d-0624-41cc-9490-31ed12e2696a-groupManagement] INFO  server.RaftServerConfigKeys (ConfUtils.java:logGet(46)) - raft.server.storage.free-space.min = 0MB (=0) (default)
2024-09-18 12:54:45,353 [27821b7d-0624-41cc-9490-31ed12e2696a-groupManagement] INFO  server.RaftServerConfigKeys (ConfUtils.java:logGet(46)) - raft.server.log.corruption.policy = EXCEPTION (default)
2024-09-18 12:54:45,353 [27821b7d-0624-41cc-9490-31ed12e2696a-groupManagement] INFO  server.RaftServerConfigKeys (ConfUtils.java:logGet(46)) - raft.server.storage.dir = [/home/runner/work/ozone/ozone/hadoop-ozone/integration-test/target/test-dir/MiniOzoneClusterImpl-1474a09c-6dad-4fc4-86e4-bad221540704/ozone-meta/datanode-2/ratis] (custom)
2024-09-18 12:54:45,353 [27821b7d-0624-41cc-9490-31ed12e2696a-groupManagement] INFO  storage.RaftStorageDirectory (RaftStorageDirectoryImpl.java:analyzeStorage(138)) - The storage directory /home/runner/work/ozone/ozone/hadoop-ozone/integration-test/target/test-dir/MiniOzoneClusterImpl-1474a09c-6dad-4fc4-86e4-bad221540704/ozone-meta/datanode-2/ratis/aaa9e430-62c5-4e78-96d4-239644619c41 does not exist. Creating ...
2024-09-18 12:54:45,355 [27821b7d-0624-41cc-9490-31ed12e2696a-groupManagement] INFO  storage.RaftStorageDirectory (RaftStorageDirectoryImpl.java:tryLock(229)) - Lock on /home/runner/work/ozone/ozone/hadoop-ozone/integration-test/target/test-dir/MiniOzoneClusterImpl-1474a09c-6dad-4fc4-86e4-bad221540704/ozone-meta/datanode-2/ratis/aaa9e430-62c5-4e78-96d4-239644619c41/in_use.lock acquired by nodename 131606@fv-az1197-713
2024-09-18 12:54:45,357 [27821b7d-0624-41cc-9490-31ed12e2696a-groupManagement] INFO  storage.RaftStorage (RaftStorageImpl.java:format(98)) - Storage directory /home/runner/work/ozone/ozone/hadoop-ozone/integration-test/target/test-dir/MiniOzoneClusterImpl-1474a09c-6dad-4fc4-86e4-bad221540704/ozone-meta/datanode-2/ratis/aaa9e430-62c5-4e78-96d4-239644619c41 has been successfully formatted.
2024-09-18 12:54:45,359 [27821b7d-0624-41cc-9490-31ed12e2696a-groupManagement] INFO  ratis.ContainerStateMachine (ContainerStateMachine.java:loadSnapshot(295)) - group-239644619C41: The snapshot info is null. Setting the last applied index to:(t:0, i:~)
2024-09-18 12:54:45,359 [27821b7d-0624-41cc-9490-31ed12e2696a-groupManagement] INFO  server.RaftServerConfigKeys (ConfUtils.java:logGet(46)) - raft.server.log.use.memory = false (default)
2024-09-18 12:54:45,359 [27821b7d-0624-41cc-9490-31ed12e2696a-groupManagement] INFO  server.RaftServerConfigKeys (ConfUtils.java:logGet(46)) - raft.server.log.purge.gap = 1000000 (custom)
2024-09-18 12:54:45,359 [27821b7d-0624-41cc-9490-31ed12e2696a-groupManagement] INFO  server.RaftServerConfigKeys (ConfUtils.java:logGet(46)) - raft.server.log.appender.buffer.byte-limit = 33554432 (custom)
2024-09-18 12:54:45,359 [27821b7d-0624-41cc-9490-31ed12e2696a-groupManagement] INFO  server.RaftServerConfigKeys (ConfUtils.java:logGet(46)) - raft.server.log.statemachine.data.read.timeout = 1000ms (default)
2024-09-18 12:54:45,359 [27821b7d-0624-41cc-9490-31ed12e2696a-groupManagement] INFO  server.RaftServerConfigKeys (ConfUtils.java:logGet(46)) - raft.server.log.purge.preservation.log.num = 0 (default)
2024-09-18 12:54:45,360 [scmNode-1-EventQueue-OpenPipelineForHealthyPipelineSafeModeRule] INFO  safemode.SCMSafeModeManager (HealthyPipelineSafeModeRule.java:process(140)) - SCM in safe mode. Healthy pipelines reported count is 0, required healthy pipeline reported count is 1
2024-09-18 12:54:45,361 [27821b7d-0624-41cc-9490-31ed12e2696a-groupManagement] INFO  server.RaftServerConfigKeys (ConfUtils.java:logGet(46)) - raft.server.log.segment.size.max = 67108864 (custom)
2024-09-18 12:54:45,362 [27821b7d-0624-41cc-9490-31ed12e2696a-groupManagement] INFO  server.RaftServerConfigKeys (ConfUtils.java:logGet(46)) - raft.server.log.segment.cache.num.max = 2 (custom)
2024-09-18 12:54:45,362 [27821b7d-0624-41cc-9490-31ed12e2696a-groupManagement] INFO  server.RaftServerConfigKeys (ConfUtils.java:logGet(46)) - raft.server.log.segment.cache.size.max = 200MB (=209715200) (default)
2024-09-18 12:54:45,362 [27821b7d-0624-41cc-9490-31ed12e2696a-groupManagement] INFO  server.RaftServerConfigKeys (ConfUtils.java:logGet(46)) - raft.server.log.appender.buffer.byte-limit = 33554432 (custom)
2024-09-18 12:54:45,368 [27821b7d-0624-41cc-9490-31ed12e2696a-groupManagement] INFO  util.AwaitToRun (AwaitToRun.java:start(81)) - Thread[27821b7d-0624-41cc-9490-31ed12e2696a@group-239644619C41-cacheEviction-AwaitToRun,5,main] started
2024-09-18 12:54:45,368 [27821b7d-0624-41cc-9490-31ed12e2696a-groupManagement] INFO  segmented.SegmentedRaftLogWorker (SegmentedRaftLogWorker.java:<init>(184)) - new 27821b7d-0624-41cc-9490-31ed12e2696a@group-239644619C41-SegmentedRaftLogWorker for RaftStorageImpl:Storage Directory /home/runner/work/ozone/ozone/hadoop-ozone/integration-test/target/test-dir/MiniOzoneClusterImpl-1474a09c-6dad-4fc4-86e4-bad221540704/ozone-meta/datanode-2/ratis/aaa9e430-62c5-4e78-96d4-239644619c41
2024-09-18 12:54:45,368 [27821b7d-0624-41cc-9490-31ed12e2696a-groupManagement] INFO  server.RaftServerConfigKeys (ConfUtils.java:logGet(46)) - raft.server.log.queue.byte-limit = 4294967296 (custom)
2024-09-18 12:54:45,368 [27821b7d-0624-41cc-9490-31ed12e2696a-groupManagement] INFO  server.RaftServerConfigKeys (ConfUtils.java:logGet(46)) - raft.server.log.queue.element-limit = 1024 (custom)
2024-09-18 12:54:45,368 [27821b7d-0624-41cc-9490-31ed12e2696a-groupManagement] INFO  server.RaftServerConfigKeys (ConfUtils.java:logGet(46)) - raft.server.log.segment.size.max = 67108864 (custom)
2024-09-18 12:54:45,368 [27821b7d-0624-41cc-9490-31ed12e2696a-groupManagement] INFO  server.RaftServerConfigKeys (ConfUtils.java:logGet(46)) - raft.server.log.preallocated.size = 4194304 (custom)
2024-09-18 12:54:45,368 [27821b7d-0624-41cc-9490-31ed12e2696a-groupManagement] INFO  server.RaftServerConfigKeys (ConfUtils.java:logGet(46)) - raft.server.log.force.sync.num = 128 (default)
2024-09-18 12:54:45,368 [27821b7d-0624-41cc-9490-31ed12e2696a-groupManagement] INFO  server.RaftServerConfigKeys (ConfUtils.java:logGet(46)) - raft.server.log.statemachine.data.sync = true (default)
2024-09-18 12:54:45,368 [27821b7d-0624-41cc-9490-31ed12e2696a-groupManagement] INFO  server.RaftServerConfigKeys (ConfUtils.java:logGet(46)) - raft.server.log.statemachine.data.sync.timeout = 10s (default)
2024-09-18 12:54:45,368 [27821b7d-0624-41cc-9490-31ed12e2696a-groupManagement] INFO  server.RaftServerConfigKeys (ConfUtils.java:logGet(46)) - raft.server.log.statemachine.data.sync.timeout.retry = 30 (custom)
2024-09-18 12:54:45,369 [27821b7d-0624-41cc-9490-31ed12e2696a-groupManagement] INFO  server.RaftServerConfigKeys (ConfUtils.java:logGet(46)) - raft.server.log.write.buffer.size = 33554440 (custom)
2024-09-18 12:54:45,374 [27821b7d-0624-41cc-9490-31ed12e2696a-groupManagement] INFO  server.RaftServerConfigKeys (ConfUtils.java:logGet(46)) - raft.server.log.appender.buffer.byte-limit = 33554432 (custom)
2024-09-18 12:54:45,374 [27821b7d-0624-41cc-9490-31ed12e2696a-groupManagement] INFO  server.RaftServerConfigKeys (ConfUtils.java:logGet(46)) - raft.server.log.unsafe-flush.enabled = false (default)
2024-09-18 12:54:45,374 [27821b7d-0624-41cc-9490-31ed12e2696a-groupManagement] INFO  server.RaftServerConfigKeys (ConfUtils.java:logGet(46)) - raft.server.log.async-flush.enabled = false (default)
2024-09-18 12:54:45,374 [27821b7d-0624-41cc-9490-31ed12e2696a-groupManagement] INFO  server.RaftServerConfigKeys (ConfUtils.java:logGet(46)) - raft.server.log.statemachine.data.caching.enabled = true (custom)
2024-09-18 12:54:45,374 [grpc-default-executor-1] INFO  server.RaftServer (RaftServerProxy.java:addNew(101)) - 856d6c8f-d120-404b-902c-ec203ff8b049: addNew group-239644619C41:[856d6c8f-d120-404b-902c-ec203ff8b049|127.0.0.1:15038, 59105c30-b290-410a-a9ca-d50346fc903f|127.0.0.1:15020, 27821b7d-0624-41cc-9490-31ed12e2696a|127.0.0.1:15029] returns group-239644619C41:java.util.concurrent.CompletableFuture@a4cf7cc[Not completed]
2024-09-18 12:54:45,374 [27821b7d-0624-41cc-9490-31ed12e2696a-groupManagement] INFO  segmented.SegmentedRaftLogWorker (SegmentedRaftLogWorker.java:lambda$new$0(135)) - 27821b7d-0624-41cc-9490-31ed12e2696a@group-239644619C41-SegmentedRaftLogWorker: flushIndex: setUnconditionally 0 -> -1
2024-09-18 12:54:45,374 [27821b7d-0624-41cc-9490-31ed12e2696a-groupManagement] INFO  segmented.SegmentedRaftLogWorker (SegmentedRaftLogWorker.java:lambda$new$0(135)) - 27821b7d-0624-41cc-9490-31ed12e2696a@group-239644619C41-SegmentedRaftLogWorker: safeCacheEvictIndex: setUnconditionally 0 -> -1
2024-09-18 12:54:45,376 [856d6c8f-d120-404b-902c-ec203ff8b049-groupManagement] INFO  server.RaftServer$Division (RaftServerImpl.java:<init>(253)) - 856d6c8f-d120-404b-902c-ec203ff8b049: new RaftServerImpl for group-239644619C41:[856d6c8f-d120-404b-902c-ec203ff8b049|127.0.0.1:15038, 59105c30-b290-410a-a9ca-d50346fc903f|127.0.0.1:15020, 27821b7d-0624-41cc-9490-31ed12e2696a|127.0.0.1:15029] with ContainerStateMachine:uninitialized
2024-09-18 12:54:45,376 [856d6c8f-d120-404b-902c-ec203ff8b049-groupManagement] INFO  server.RaftServerConfigKeys (ConfUtils.java:logGet(46)) - raft.server.rpc.timeout.min = 5s (custom)
2024-09-18 12:54:45,376 [856d6c8f-d120-404b-902c-ec203ff8b049-groupManagement] INFO  server.RaftServerConfigKeys (ConfUtils.java:logGet(46)) - raft.server.rpc.timeout.max = 5200ms (custom)
2024-09-18 12:54:45,376 [856d6c8f-d120-404b-902c-ec203ff8b049-groupManagement] INFO  server.RaftServerConfigKeys (ConfUtils.java:logGet(46)) - raft.server.rpc.sleep.time = 25ms (default)
2024-09-18 12:54:45,376 [856d6c8f-d120-404b-902c-ec203ff8b049-groupManagement] INFO  server.RaftServerConfigKeys (ConfUtils.java:logGet(46)) - raft.server.rpc.slowness.timeout = 300s (custom)
2024-09-18 12:54:45,376 [856d6c8f-d120-404b-902c-ec203ff8b049-groupManagement] INFO  server.RaftServerConfigKeys (ConfUtils.java:logGet(46)) - raft.server.leaderelection.leader.step-down.wait-time = 10s (default)
2024-09-18 12:54:45,376 [856d6c8f-d120-404b-902c-ec203ff8b049-groupManagement] INFO  server.RaftServerConfigKeys (ConfUtils.java:logGet(46)) - raft.server.leaderelection.member.majority-add = false (default)
2024-09-18 12:54:45,376 [856d6c8f-d120-404b-902c-ec203ff8b049-groupManagement] INFO  server.RaftServerConfigKeys (ConfUtils.java:logGet(46)) - raft.server.sleep.deviation.threshold = 300ms (default)
2024-09-18 12:54:45,376 [856d6c8f-d120-404b-902c-ec203ff8b049-groupManagement] INFO  server.RaftServer$Division (ServerState.java:<init>(114)) - 856d6c8f-d120-404b-902c-ec203ff8b049@group-239644619C41: ConfigurationManager, init=conf: {index: -1, cur=peers:[856d6c8f-d120-404b-902c-ec203ff8b049|127.0.0.1:15038, 59105c30-b290-410a-a9ca-d50346fc903f|127.0.0.1:15020, 27821b7d-0624-41cc-9490-31ed12e2696a|127.0.0.1:15029]|listeners:[], old=null}, confs=<EMPTY_MAP>
2024-09-18 12:54:45,376 [856d6c8f-d120-404b-902c-ec203ff8b049-groupManagement] INFO  server.RaftServerConfigKeys (ConfUtils.java:logGet(46)) - raft.server.notification.no-leader.timeout = 300s (custom)
2024-09-18 12:54:45,376 [856d6c8f-d120-404b-902c-ec203ff8b049-groupManagement] INFO  server.RaftServerConfigKeys (ConfUtils.java:logGet(46)) - raft.server.read.timeout = 10s (default)
2024-09-18 12:54:45,376 [856d6c8f-d120-404b-902c-ec203ff8b049-groupManagement] INFO  server.RaftServerConfigKeys (ConfUtils.java:logGet(46)) - raft.server.retrycache.expirytime = 600000ms (custom)
2024-09-18 12:54:45,376 [856d6c8f-d120-404b-902c-ec203ff8b049-groupManagement] INFO  server.RaftServerConfigKeys (ConfUtils.java:logGet(46)) - raft.server.retrycache.statistics.expirytime = 100ms (default)
2024-09-18 12:54:45,377 [856d6c8f-d120-404b-902c-ec203ff8b049-groupManagement] INFO  server.RaftServerConfigKeys (ConfUtils.java:logGet(46)) - raft.server.read.option = DEFAULT (default)
2024-09-18 12:54:45,377 [856d6c8f-d120-404b-902c-ec203ff8b049-groupManagement] INFO  server.RaftServerConfigKeys (ConfUtils.java:logGet(46)) - raft.server.read.read-after-write-consistent.write-index-cache.expiry-time = 60s (default)
2024-09-18 12:54:45,379 [27821b7d-0624-41cc-9490-31ed12e2696a-groupManagement] INFO  server.RaftServer$Division (RaftServerImpl.java:start(389)) - 27821b7d-0624-41cc-9490-31ed12e2696a@group-239644619C41: start as a follower, conf=conf: {index: -1, cur=peers:[856d6c8f-d120-404b-902c-ec203ff8b049|127.0.0.1:15038, 59105c30-b290-410a-a9ca-d50346fc903f|127.0.0.1:15020, 27821b7d-0624-41cc-9490-31ed12e2696a|127.0.0.1:15029]|listeners:[], old=null}
2024-09-18 12:54:45,379 [27821b7d-0624-41cc-9490-31ed12e2696a-groupManagement] INFO  server.RaftServer$Division (RaftServerImpl.java:setRole(376)) - 27821b7d-0624-41cc-9490-31ed12e2696a@group-239644619C41: changes role from      null to FOLLOWER at term 0 for startAsFollower
2024-09-18 12:54:45,380 [27821b7d-0624-41cc-9490-31ed12e2696a-groupManagement] INFO  impl.RoleInfo (RoleInfo.java:updateAndGet(148)) - 27821b7d-0624-41cc-9490-31ed12e2696a: start 27821b7d-0624-41cc-9490-31ed12e2696a@group-239644619C41-FollowerState
2024-09-18 12:54:45,380 [856d6c8f-d120-404b-902c-ec203ff8b049-groupManagement] INFO  server.RaftServerConfigKeys (ConfUtils.java:logGet(46)) - raft.server.rpc.request.timeout = 60s (custom)
2024-09-18 12:54:45,380 [856d6c8f-d120-404b-902c-ec203ff8b049-groupManagement] INFO  server.RaftServerConfigKeys (ConfUtils.java:logGet(46)) - raft.server.log.appender.install.snapshot.enabled = false (custom)
2024-09-18 12:54:45,380 [856d6c8f-d120-404b-902c-ec203ff8b049-groupManagement] INFO  server.RaftServerConfigKeys (ConfUtils.java:logGet(46)) - raft.server.threadpool.server.cached = true (default)
2024-09-18 12:54:45,380 [856d6c8f-d120-404b-902c-ec203ff8b049-groupManagement] INFO  server.RaftServerConfigKeys (ConfUtils.java:logGet(46)) - raft.server.threadpool.server.size = 0 (default)
2024-09-18 12:54:45,380 [27821b7d-0624-41cc-9490-31ed12e2696a-groupManagement] INFO  util.JmxRegister (JmxRegister.java:tryRegister(44)) - Successfully registered JMX Bean with object name Ratis:service=RaftServer,group=group-239644619C41,id=27821b7d-0624-41cc-9490-31ed12e2696a
2024-09-18 12:54:45,380 [27821b7d-0624-41cc-9490-31ed12e2696a-groupManagement] INFO  util.JmxRegister (JmxRegister.java:register(58)) - register mxBean class org.apache.ratis.server.impl.RaftServerJmxAdapter as Ratis:service=RaftServer,group=group-239644619C41,id=27821b7d-0624-41cc-9490-31ed12e2696a
2024-09-18 12:54:45,380 [27821b7d-0624-41cc-9490-31ed12e2696a-groupManagement] INFO  server.RaftServerConfigKeys (ConfUtils.java:logGet(46)) - raft.server.snapshot.trigger-when-stop.enabled = true (default)
2024-09-18 12:54:45,380 [27821b7d-0624-41cc-9490-31ed12e2696a-groupManagement] INFO  server.RaftServerConfigKeys (ConfUtils.java:logGet(46)) - raft.server.snapshot.trigger-when-remove.enabled = true (default)
2024-09-18 12:54:45,380 [27821b7d-0624-41cc-9490-31ed12e2696a-groupManagement] INFO  server.RaftServerConfigKeys (ConfUtils.java:logGet(46)) - raft.server.snapshot.auto.trigger.enabled = true (custom)
2024-09-18 12:54:45,380 [27821b7d-0624-41cc-9490-31ed12e2696a-groupManagement] INFO  server.RaftServerConfigKeys (ConfUtils.java:logGet(46)) - raft.server.snapshot.auto.trigger.threshold = 10000 (custom)
2024-09-18 12:54:45,381 [27821b7d-0624-41cc-9490-31ed12e2696a-groupManagement] INFO  server.RaftServerConfigKeys (ConfUtils.java:logGet(46)) - raft.server.snapshot.retention.file.num = 5 (custom)
2024-09-18 12:54:45,381 [27821b7d-0624-41cc-9490-31ed12e2696a-groupManagement] INFO  server.RaftServerConfigKeys (ConfUtils.java:logGet(46)) - raft.server.log.purge.upto.snapshot.index = false (default)
2024-09-18 12:54:45,380 [856d6c8f-d120-404b-902c-ec203ff8b049-groupManagement] INFO  server.RaftServerConfigKeys (ConfUtils.java:logGet(46)) - raft.server.threadpool.client.cached = true (default)
2024-09-18 12:54:45,381 [856d6c8f-d120-404b-902c-ec203ff8b049-groupManagement] INFO  server.RaftServerConfigKeys (ConfUtils.java:logGet(46)) - raft.server.threadpool.client.size = 0 (default)
2024-09-18 12:54:45,381 [27821b7d-0624-41cc-9490-31ed12e2696a@group-239644619C41-FollowerState] INFO  server.RaftServerConfigKeys (ConfUtils.java:logFallback(53)) - raft.server.rpc.first-election.timeout.min = 5s (fallback to raft.server.rpc.timeout.min)
2024-09-18 12:54:45,381 [27821b7d-0624-41cc-9490-31ed12e2696a@group-239644619C41-FollowerState] INFO  server.RaftServerConfigKeys (ConfUtils.java:logFallback(53)) - raft.server.rpc.first-election.timeout.max = 5200ms (fallback to raft.server.rpc.timeout.max)
2024-09-18 12:54:45,381 [856d6c8f-d120-404b-902c-ec203ff8b049-groupManagement] INFO  server.RaftServerConfigKeys (ConfUtils.java:logGet(46)) - raft.server.storage.free-space.min = 0MB (=0) (default)
2024-09-18 12:54:45,381 [856d6c8f-d120-404b-902c-ec203ff8b049-groupManagement] INFO  server.RaftServerConfigKeys (ConfUtils.java:logGet(46)) - raft.server.log.corruption.policy = EXCEPTION (default)
2024-09-18 12:54:45,382 [856d6c8f-d120-404b-902c-ec203ff8b049-groupManagement] INFO  server.RaftServerConfigKeys (ConfUtils.java:logGet(46)) - raft.server.storage.dir = [/home/runner/work/ozone/ozone/hadoop-ozone/integration-test/target/test-dir/MiniOzoneClusterImpl-1474a09c-6dad-4fc4-86e4-bad221540704/ozone-meta/datanode-3/ratis] (custom)
2024-09-18 12:54:45,382 [856d6c8f-d120-404b-902c-ec203ff8b049-groupManagement] INFO  storage.RaftStorageDirectory (RaftStorageDirectoryImpl.java:analyzeStorage(138)) - The storage directory /home/runner/work/ozone/ozone/hadoop-ozone/integration-test/target/test-dir/MiniOzoneClusterImpl-1474a09c-6dad-4fc4-86e4-bad221540704/ozone-meta/datanode-3/ratis/aaa9e430-62c5-4e78-96d4-239644619c41 does not exist. Creating ...
2024-09-18 12:54:45,382 [27821b7d-0624-41cc-9490-31ed12e2696a-PipelineCommandHandlerThread-0] INFO  ratis.XceiverServerRatis (XceiverServerRatis.java:addGroup(849)) - Created group PipelineID=aaa9e430-62c5-4e78-96d4-239644619c41
2024-09-18 12:54:45,383 [856d6c8f-d120-404b-902c-ec203ff8b049-groupManagement] INFO  storage.RaftStorageDirectory (RaftStorageDirectoryImpl.java:tryLock(229)) - Lock on /home/runner/work/ozone/ozone/hadoop-ozone/integration-test/target/test-dir/MiniOzoneClusterImpl-1474a09c-6dad-4fc4-86e4-bad221540704/ozone-meta/datanode-3/ratis/aaa9e430-62c5-4e78-96d4-239644619c41/in_use.lock acquired by nodename 131606@fv-az1197-713
2024-09-18 12:54:45,391 [856d6c8f-d120-404b-902c-ec203ff8b049-groupManagement] INFO  storage.RaftStorage (RaftStorageImpl.java:format(98)) - Storage directory /home/runner/work/ozone/ozone/hadoop-ozone/integration-test/target/test-dir/MiniOzoneClusterImpl-1474a09c-6dad-4fc4-86e4-bad221540704/ozone-meta/datanode-3/ratis/aaa9e430-62c5-4e78-96d4-239644619c41 has been successfully formatted.
2024-09-18 12:54:45,392 [856d6c8f-d120-404b-902c-ec203ff8b049-groupManagement] INFO  ratis.ContainerStateMachine (ContainerStateMachine.java:loadSnapshot(295)) - group-239644619C41: The snapshot info is null. Setting the last applied index to:(t:0, i:~)
2024-09-18 12:54:45,392 [856d6c8f-d120-404b-902c-ec203ff8b049-groupManagement] INFO  server.RaftServerConfigKeys (ConfUtils.java:logGet(46)) - raft.server.log.use.memory = false (default)
2024-09-18 12:54:45,392 [856d6c8f-d120-404b-902c-ec203ff8b049-groupManagement] INFO  server.RaftServerConfigKeys (ConfUtils.java:logGet(46)) - raft.server.log.purge.gap = 1000000 (custom)
2024-09-18 12:54:45,392 [856d6c8f-d120-404b-902c-ec203ff8b049-groupManagement] INFO  server.RaftServerConfigKeys (ConfUtils.java:logGet(46)) - raft.server.log.appender.buffer.byte-limit = 33554432 (custom)
2024-09-18 12:54:45,392 [856d6c8f-d120-404b-902c-ec203ff8b049-groupManagement] INFO  server.RaftServerConfigKeys (ConfUtils.java:logGet(46)) - raft.server.log.statemachine.data.read.timeout = 1000ms (default)
2024-09-18 12:54:45,392 [856d6c8f-d120-404b-902c-ec203ff8b049-groupManagement] INFO  server.RaftServerConfigKeys (ConfUtils.java:logGet(46)) - raft.server.log.purge.preservation.log.num = 0 (default)
2024-09-18 12:54:45,395 [856d6c8f-d120-404b-902c-ec203ff8b049-groupManagement] INFO  server.RaftServerConfigKeys (ConfUtils.java:logGet(46)) - raft.server.log.segment.size.max = 67108864 (custom)
2024-09-18 12:54:45,396 [856d6c8f-d120-404b-902c-ec203ff8b049-groupManagement] INFO  server.RaftServerConfigKeys (ConfUtils.java:logGet(46)) - raft.server.log.segment.cache.num.max = 2 (custom)
2024-09-18 12:54:45,396 [856d6c8f-d120-404b-902c-ec203ff8b049-groupManagement] INFO  server.RaftServerConfigKeys (ConfUtils.java:logGet(46)) - raft.server.log.segment.cache.size.max = 200MB (=209715200) (default)
2024-09-18 12:54:45,396 [856d6c8f-d120-404b-902c-ec203ff8b049-groupManagement] INFO  server.RaftServerConfigKeys (ConfUtils.java:logGet(46)) - raft.server.log.appender.buffer.byte-limit = 33554432 (custom)
2024-09-18 12:54:45,396 [856d6c8f-d120-404b-902c-ec203ff8b049-groupManagement] INFO  util.AwaitToRun (AwaitToRun.java:start(81)) - Thread[856d6c8f-d120-404b-902c-ec203ff8b049@group-239644619C41-cacheEviction-AwaitToRun,5,main] started
2024-09-18 12:54:45,396 [856d6c8f-d120-404b-902c-ec203ff8b049-groupManagement] INFO  segmented.SegmentedRaftLogWorker (SegmentedRaftLogWorker.java:<init>(184)) - new 856d6c8f-d120-404b-902c-ec203ff8b049@group-239644619C41-SegmentedRaftLogWorker for RaftStorageImpl:Storage Directory /home/runner/work/ozone/ozone/hadoop-ozone/integration-test/target/test-dir/MiniOzoneClusterImpl-1474a09c-6dad-4fc4-86e4-bad221540704/ozone-meta/datanode-3/ratis/aaa9e430-62c5-4e78-96d4-239644619c41
2024-09-18 12:54:45,396 [856d6c8f-d120-404b-902c-ec203ff8b049-groupManagement] INFO  server.RaftServerConfigKeys (ConfUtils.java:logGet(46)) - raft.server.log.queue.byte-limit = 4294967296 (custom)
2024-09-18 12:54:45,397 [856d6c8f-d120-404b-902c-ec203ff8b049-groupManagement] INFO  server.RaftServerConfigKeys (ConfUtils.java:logGet(46)) - raft.server.log.queue.element-limit = 1024 (custom)
2024-09-18 12:54:45,397 [856d6c8f-d120-404b-902c-ec203ff8b049-groupManagement] INFO  server.RaftServerConfigKeys (ConfUtils.java:logGet(46)) - raft.server.log.segment.size.max = 67108864 (custom)
2024-09-18 12:54:45,397 [856d6c8f-d120-404b-902c-ec203ff8b049-groupManagement] INFO  server.RaftServerConfigKeys (ConfUtils.java:logGet(46)) - raft.server.log.preallocated.size = 4194304 (custom)
2024-09-18 12:54:45,397 [856d6c8f-d120-404b-902c-ec203ff8b049-groupManagement] INFO  server.RaftServerConfigKeys (ConfUtils.java:logGet(46)) - raft.server.log.force.sync.num = 128 (default)
2024-09-18 12:54:45,397 [856d6c8f-d120-404b-902c-ec203ff8b049-groupManagement] INFO  server.RaftServerConfigKeys (ConfUtils.java:logGet(46)) - raft.server.log.statemachine.data.sync = true (default)
2024-09-18 12:54:45,397 [856d6c8f-d120-404b-902c-ec203ff8b049-groupManagement] INFO  server.RaftServerConfigKeys (ConfUtils.java:logGet(46)) - raft.server.log.statemachine.data.sync.timeout = 10s (default)
2024-09-18 12:54:45,397 [856d6c8f-d120-404b-902c-ec203ff8b049-groupManagement] INFO  server.RaftServerConfigKeys (ConfUtils.java:logGet(46)) - raft.server.log.statemachine.data.sync.timeout.retry = 30 (custom)
2024-09-18 12:54:45,397 [856d6c8f-d120-404b-902c-ec203ff8b049-groupManagement] INFO  server.RaftServerConfigKeys (ConfUtils.java:logGet(46)) - raft.server.log.write.buffer.size = 33554440 (custom)
2024-09-18 12:54:45,403 [856d6c8f-d120-404b-902c-ec203ff8b049-groupManagement] INFO  server.RaftServerConfigKeys (ConfUtils.java:logGet(46)) - raft.server.log.appender.buffer.byte-limit = 33554432 (custom)
2024-09-18 12:54:45,403 [856d6c8f-d120-404b-902c-ec203ff8b049-groupManagement] INFO  server.RaftServerConfigKeys (ConfUtils.java:logGet(46)) - raft.server.log.unsafe-flush.enabled = false (default)
2024-09-18 12:54:45,403 [856d6c8f-d120-404b-902c-ec203ff8b049-groupManagement] INFO  server.RaftServerConfigKeys (ConfUtils.java:logGet(46)) - raft.server.log.async-flush.enabled = false (default)
2024-09-18 12:54:45,403 [856d6c8f-d120-404b-902c-ec203ff8b049-groupManagement] INFO  server.RaftServerConfigKeys (ConfUtils.java:logGet(46)) - raft.server.log.statemachine.data.caching.enabled = true (custom)
2024-09-18 12:54:45,403 [856d6c8f-d120-404b-902c-ec203ff8b049-groupManagement] INFO  segmented.SegmentedRaftLogWorker (SegmentedRaftLogWorker.java:lambda$new$0(135)) - 856d6c8f-d120-404b-902c-ec203ff8b049@group-239644619C41-SegmentedRaftLogWorker: flushIndex: setUnconditionally 0 -> -1
2024-09-18 12:54:45,403 [856d6c8f-d120-404b-902c-ec203ff8b049-groupManagement] INFO  segmented.SegmentedRaftLogWorker (SegmentedRaftLogWorker.java:lambda$new$0(135)) - 856d6c8f-d120-404b-902c-ec203ff8b049@group-239644619C41-SegmentedRaftLogWorker: safeCacheEvictIndex: setUnconditionally 0 -> -1
2024-09-18 12:54:45,405 [856d6c8f-d120-404b-902c-ec203ff8b049-groupManagement] INFO  server.RaftServer$Division (RaftServerImpl.java:start(389)) - 856d6c8f-d120-404b-902c-ec203ff8b049@group-239644619C41: start as a follower, conf=conf: {index: -1, cur=peers:[856d6c8f-d120-404b-902c-ec203ff8b049|127.0.0.1:15038, 59105c30-b290-410a-a9ca-d50346fc903f|127.0.0.1:15020, 27821b7d-0624-41cc-9490-31ed12e2696a|127.0.0.1:15029]|listeners:[], old=null}
2024-09-18 12:54:45,405 [856d6c8f-d120-404b-902c-ec203ff8b049-groupManagement] INFO  server.RaftServer$Division (RaftServerImpl.java:setRole(376)) - 856d6c8f-d120-404b-902c-ec203ff8b049@group-239644619C41: changes role from      null to FOLLOWER at term 0 for startAsFollower
2024-09-18 12:54:45,405 [856d6c8f-d120-404b-902c-ec203ff8b049-groupManagement] INFO  impl.RoleInfo (RoleInfo.java:updateAndGet(148)) - 856d6c8f-d120-404b-902c-ec203ff8b049: start 856d6c8f-d120-404b-902c-ec203ff8b049@group-239644619C41-FollowerState
2024-09-18 12:54:45,409 [856d6c8f-d120-404b-902c-ec203ff8b049-groupManagement] INFO  util.JmxRegister (JmxRegister.java:tryRegister(44)) - Successfully registered JMX Bean with object name Ratis:service=RaftServer,group=group-239644619C41,id=856d6c8f-d120-404b-902c-ec203ff8b049
2024-09-18 12:54:45,409 [856d6c8f-d120-404b-902c-ec203ff8b049-groupManagement] INFO  util.JmxRegister (JmxRegister.java:register(58)) - register mxBean class org.apache.ratis.server.impl.RaftServerJmxAdapter as Ratis:service=RaftServer,group=group-239644619C41,id=856d6c8f-d120-404b-902c-ec203ff8b049
2024-09-18 12:54:45,409 [856d6c8f-d120-404b-902c-ec203ff8b049@group-239644619C41-FollowerState] INFO  server.RaftServerConfigKeys (ConfUtils.java:logFallback(53)) - raft.server.rpc.first-election.timeout.min = 5s (fallback to raft.server.rpc.timeout.min)
2024-09-18 12:54:45,409 [856d6c8f-d120-404b-902c-ec203ff8b049@group-239644619C41-FollowerState] INFO  server.RaftServerConfigKeys (ConfUtils.java:logFallback(53)) - raft.server.rpc.first-election.timeout.max = 5200ms (fallback to raft.server.rpc.timeout.max)
2024-09-18 12:54:45,409 [856d6c8f-d120-404b-902c-ec203ff8b049-groupManagement] INFO  server.RaftServerConfigKeys (ConfUtils.java:logGet(46)) - raft.server.snapshot.trigger-when-stop.enabled = true (default)
2024-09-18 12:54:45,410 [856d6c8f-d120-404b-902c-ec203ff8b049-groupManagement] INFO  server.RaftServerConfigKeys (ConfUtils.java:logGet(46)) - raft.server.snapshot.trigger-when-remove.enabled = true (default)
2024-09-18 12:54:45,410 [856d6c8f-d120-404b-902c-ec203ff8b049-groupManagement] INFO  server.RaftServerConfigKeys (ConfUtils.java:logGet(46)) - raft.server.snapshot.auto.trigger.enabled = true (custom)
2024-09-18 12:54:45,410 [856d6c8f-d120-404b-902c-ec203ff8b049-groupManagement] INFO  server.RaftServerConfigKeys (ConfUtils.java:logGet(46)) - raft.server.snapshot.auto.trigger.threshold = 10000 (custom)
2024-09-18 12:54:45,410 [856d6c8f-d120-404b-902c-ec203ff8b049-groupManagement] INFO  server.RaftServerConfigKeys (ConfUtils.java:logGet(46)) - raft.server.snapshot.retention.file.num = 5 (custom)
2024-09-18 12:54:45,410 [856d6c8f-d120-404b-902c-ec203ff8b049-groupManagement] INFO  server.RaftServerConfigKeys (ConfUtils.java:logGet(46)) - raft.server.log.purge.upto.snapshot.index = false (default)
2024-09-18 12:54:45,418 [59105c30-b290-410a-a9ca-d50346fc903f-PipelineCommandHandlerThread-0] INFO  commandhandler.CreatePipelineCommandHandler (CreatePipelineCommandHandler.java:lambda$handle$2(124)) - Created Pipeline RATIS THREE PipelineID=aaa9e430-62c5-4e78-96d4-239644619c41.
2024-09-18 12:54:45,423 [27821b7d-0624-41cc-9490-31ed12e2696a-PipelineCommandHandlerThread-0] INFO  commandhandler.CreatePipelineCommandHandler (CreatePipelineCommandHandler.java:lambda$handle$2(124)) - Created Pipeline RATIS THREE PipelineID=aaa9e430-62c5-4e78-96d4-239644619c41.
2024-09-18 12:54:45,536 [856d6c8f-d120-404b-902c-ec203ff8b049-PipelineCommandHandlerThread-0] INFO  server.RaftServer (RaftServerProxy.java:addNew(101)) - 856d6c8f-d120-404b-902c-ec203ff8b049: addNew group-3F4227D89528:[856d6c8f-d120-404b-902c-ec203ff8b049|127.0.0.1:15038] returns group-3F4227D89528:java.util.concurrent.CompletableFuture@5ae0b255[Not completed]
2024-09-18 12:54:45,537 [856d6c8f-d120-404b-902c-ec203ff8b049-groupManagement] INFO  server.RaftServer$Division (RaftServerImpl.java:<init>(253)) - 856d6c8f-d120-404b-902c-ec203ff8b049: new RaftServerImpl for group-3F4227D89528:[856d6c8f-d120-404b-902c-ec203ff8b049|127.0.0.1:15038] with ContainerStateMachine:uninitialized
2024-09-18 12:54:45,537 [856d6c8f-d120-404b-902c-ec203ff8b049-groupManagement] INFO  server.RaftServerConfigKeys (ConfUtils.java:logGet(46)) - raft.server.rpc.timeout.min = 5s (custom)
2024-09-18 12:54:45,537 [856d6c8f-d120-404b-902c-ec203ff8b049-groupManagement] INFO  server.RaftServerConfigKeys (ConfUtils.java:logGet(46)) - raft.server.rpc.timeout.max = 5200ms (custom)
2024-09-18 12:54:45,537 [856d6c8f-d120-404b-902c-ec203ff8b049-groupManagement] INFO  server.RaftServerConfigKeys (ConfUtils.java:logGet(46)) - raft.server.rpc.sleep.time = 25ms (default)
2024-09-18 12:54:45,537 [856d6c8f-d120-404b-902c-ec203ff8b049-groupManagement] INFO  server.RaftServerConfigKeys (ConfUtils.java:logGet(46)) - raft.server.rpc.slowness.timeout = 300s (custom)
2024-09-18 12:54:45,538 [856d6c8f-d120-404b-902c-ec203ff8b049-groupManagement] INFO  server.RaftServerConfigKeys (ConfUtils.java:logGet(46)) - raft.server.leaderelection.leader.step-down.wait-time = 10s (default)
2024-09-18 12:54:45,538 [856d6c8f-d120-404b-902c-ec203ff8b049-groupManagement] INFO  server.RaftServerConfigKeys (ConfUtils.java:logGet(46)) - raft.server.leaderelection.member.majority-add = false (default)
2024-09-18 12:54:45,538 [856d6c8f-d120-404b-902c-ec203ff8b049-groupManagement] INFO  server.RaftServerConfigKeys (ConfUtils.java:logGet(46)) - raft.server.sleep.deviation.threshold = 300ms (default)
2024-09-18 12:54:45,538 [856d6c8f-d120-404b-902c-ec203ff8b049-groupManagement] INFO  server.RaftServer$Division (ServerState.java:<init>(114)) - 856d6c8f-d120-404b-902c-ec203ff8b049@group-3F4227D89528: ConfigurationManager, init=conf: {index: -1, cur=peers:[856d6c8f-d120-404b-902c-ec203ff8b049|127.0.0.1:15038]|listeners:[], old=null}, confs=<EMPTY_MAP>
2024-09-18 12:54:45,538 [856d6c8f-d120-404b-902c-ec203ff8b049-groupManagement] INFO  server.RaftServerConfigKeys (ConfUtils.java:logGet(46)) - raft.server.notification.no-leader.timeout = 300s (custom)
2024-09-18 12:54:45,538 [856d6c8f-d120-404b-902c-ec203ff8b049-groupManagement] INFO  server.RaftServerConfigKeys (ConfUtils.java:logGet(46)) - raft.server.read.timeout = 10s (default)
2024-09-18 12:54:45,538 [856d6c8f-d120-404b-902c-ec203ff8b049-groupManagement] INFO  server.RaftServerConfigKeys (ConfUtils.java:logGet(46)) - raft.server.retrycache.expirytime = 600000ms (custom)
2024-09-18 12:54:45,538 [856d6c8f-d120-404b-902c-ec203ff8b049-groupManagement] INFO  server.RaftServerConfigKeys (ConfUtils.java:logGet(46)) - raft.server.retrycache.statistics.expirytime = 100ms (default)
2024-09-18 12:54:45,538 [856d6c8f-d120-404b-902c-ec203ff8b049-groupManagement] INFO  server.RaftServerConfigKeys (ConfUtils.java:logGet(46)) - raft.server.read.option = DEFAULT (default)
2024-09-18 12:54:45,538 [856d6c8f-d120-404b-902c-ec203ff8b049-groupManagement] INFO  server.RaftServerConfigKeys (ConfUtils.java:logGet(46)) - raft.server.read.read-after-write-consistent.write-index-cache.expiry-time = 60s (default)
2024-09-18 12:54:45,543 [856d6c8f-d120-404b-902c-ec203ff8b049-groupManagement] INFO  server.RaftServerConfigKeys (ConfUtils.java:logGet(46)) - raft.server.rpc.request.timeout = 60s (custom)
2024-09-18 12:54:45,544 [856d6c8f-d120-404b-902c-ec203ff8b049-groupManagement] INFO  server.RaftServerConfigKeys (ConfUtils.java:logGet(46)) - raft.server.log.appender.install.snapshot.enabled = false (custom)
2024-09-18 12:54:45,544 [856d6c8f-d120-404b-902c-ec203ff8b049-groupManagement] INFO  server.RaftServerConfigKeys (ConfUtils.java:logGet(46)) - raft.server.threadpool.server.cached = true (default)
2024-09-18 12:54:45,544 [856d6c8f-d120-404b-902c-ec203ff8b049-groupManagement] INFO  server.RaftServerConfigKeys (ConfUtils.java:logGet(46)) - raft.server.threadpool.server.size = 0 (default)
2024-09-18 12:54:45,544 [856d6c8f-d120-404b-902c-ec203ff8b049-groupManagement] INFO  server.RaftServerConfigKeys (ConfUtils.java:logGet(46)) - raft.server.threadpool.client.cached = true (default)
2024-09-18 12:54:45,544 [856d6c8f-d120-404b-902c-ec203ff8b049-groupManagement] INFO  server.RaftServerConfigKeys (ConfUtils.java:logGet(46)) - raft.server.threadpool.client.size = 0 (default)
2024-09-18 12:54:45,544 [856d6c8f-d120-404b-902c-ec203ff8b049-groupManagement] INFO  server.RaftServerConfigKeys (ConfUtils.java:logGet(46)) - raft.server.storage.free-space.min = 0MB (=0) (default)
2024-09-18 12:54:45,544 [856d6c8f-d120-404b-902c-ec203ff8b049-groupManagement] INFO  server.RaftServerConfigKeys (ConfUtils.java:logGet(46)) - raft.server.log.corruption.policy = EXCEPTION (default)
2024-09-18 12:54:45,544 [856d6c8f-d120-404b-902c-ec203ff8b049-groupManagement] INFO  server.RaftServerConfigKeys (ConfUtils.java:logGet(46)) - raft.server.storage.dir = [/home/runner/work/ozone/ozone/hadoop-ozone/integration-test/target/test-dir/MiniOzoneClusterImpl-1474a09c-6dad-4fc4-86e4-bad221540704/ozone-meta/datanode-3/ratis] (custom)
2024-09-18 12:54:45,544 [856d6c8f-d120-404b-902c-ec203ff8b049-groupManagement] INFO  storage.RaftStorageDirectory (RaftStorageDirectoryImpl.java:analyzeStorage(138)) - The storage directory /home/runner/work/ozone/ozone/hadoop-ozone/integration-test/target/test-dir/MiniOzoneClusterImpl-1474a09c-6dad-4fc4-86e4-bad221540704/ozone-meta/datanode-3/ratis/eed46f94-314a-4a3d-9bb9-3f4227d89528 does not exist. Creating ...
2024-09-18 12:54:45,546 [856d6c8f-d120-404b-902c-ec203ff8b049-groupManagement] INFO  storage.RaftStorageDirectory (RaftStorageDirectoryImpl.java:tryLock(229)) - Lock on /home/runner/work/ozone/ozone/hadoop-ozone/integration-test/target/test-dir/MiniOzoneClusterImpl-1474a09c-6dad-4fc4-86e4-bad221540704/ozone-meta/datanode-3/ratis/eed46f94-314a-4a3d-9bb9-3f4227d89528/in_use.lock acquired by nodename 131606@fv-az1197-713
2024-09-18 12:54:45,547 [main] INFO  ozone.MiniOzoneClusterImpl (MiniOzoneClusterImpl.java:lambda$waitForClusterToBeReady$0(198)) - Nodes are ready. Got 3 of 3 DN Heartbeats.
2024-09-18 12:54:45,547 [main] INFO  ozone.MiniOzoneClusterImpl (MiniOzoneClusterImpl.java:lambda$waitForClusterToBeReady$0(201)) - Waiting for cluster to exit safe mode
2024-09-18 12:54:45,547 [main] INFO  ozone.MiniOzoneClusterImpl (MiniOzoneClusterImpl.java:lambda$waitForClusterToBeReady$0(203)) - SCM became leader
2024-09-18 12:54:45,547 [856d6c8f-d120-404b-902c-ec203ff8b049-groupManagement] INFO  storage.RaftStorage (RaftStorageImpl.java:format(98)) - Storage directory /home/runner/work/ozone/ozone/hadoop-ozone/integration-test/target/test-dir/MiniOzoneClusterImpl-1474a09c-6dad-4fc4-86e4-bad221540704/ozone-meta/datanode-3/ratis/eed46f94-314a-4a3d-9bb9-3f4227d89528 has been successfully formatted.
2024-09-18 12:54:45,548 [856d6c8f-d120-404b-902c-ec203ff8b049-groupManagement] INFO  ratis.ContainerStateMachine (ContainerStateMachine.java:loadSnapshot(295)) - group-3F4227D89528: The snapshot info is null. Setting the last applied index to:(t:0, i:~)
2024-09-18 12:54:45,548 [856d6c8f-d120-404b-902c-ec203ff8b049-groupManagement] INFO  server.RaftServerConfigKeys (ConfUtils.java:logGet(46)) - raft.server.log.use.memory = false (default)
2024-09-18 12:54:45,548 [856d6c8f-d120-404b-902c-ec203ff8b049-groupManagement] INFO  server.RaftServerConfigKeys (ConfUtils.java:logGet(46)) - raft.server.log.purge.gap = 1000000 (custom)
2024-09-18 12:54:45,548 [856d6c8f-d120-404b-902c-ec203ff8b049-groupManagement] INFO  server.RaftServerConfigKeys (ConfUtils.java:logGet(46)) - raft.server.log.appender.buffer.byte-limit = 33554432 (custom)
2024-09-18 12:54:45,548 [856d6c8f-d120-404b-902c-ec203ff8b049-groupManagement] INFO  server.RaftServerConfigKeys (ConfUtils.java:logGet(46)) - raft.server.log.statemachine.data.read.timeout = 1000ms (default)
2024-09-18 12:54:45,549 [856d6c8f-d120-404b-902c-ec203ff8b049-groupManagement] INFO  server.RaftServerConfigKeys (ConfUtils.java:logGet(46)) - raft.server.log.purge.preservation.log.num = 0 (default)
2024-09-18 12:54:45,552 [856d6c8f-d120-404b-902c-ec203ff8b049-groupManagement] INFO  server.RaftServerConfigKeys (ConfUtils.java:logGet(46)) - raft.server.log.segment.size.max = 67108864 (custom)
2024-09-18 12:54:45,552 [856d6c8f-d120-404b-902c-ec203ff8b049-groupManagement] INFO  server.RaftServerConfigKeys (ConfUtils.java:logGet(46)) - raft.server.log.segment.cache.num.max = 2 (custom)
2024-09-18 12:54:45,552 [856d6c8f-d120-404b-902c-ec203ff8b049-groupManagement] INFO  server.RaftServerConfigKeys (ConfUtils.java:logGet(46)) - raft.server.log.segment.cache.size.max = 200MB (=209715200) (default)
2024-09-18 12:54:45,552 [856d6c8f-d120-404b-902c-ec203ff8b049-groupManagement] INFO  server.RaftServerConfigKeys (ConfUtils.java:logGet(46)) - raft.server.log.appender.buffer.byte-limit = 33554432 (custom)
2024-09-18 12:54:45,552 [856d6c8f-d120-404b-902c-ec203ff8b049-groupManagement] INFO  util.AwaitToRun (AwaitToRun.java:start(81)) - Thread[856d6c8f-d120-404b-902c-ec203ff8b049@group-3F4227D89528-cacheEviction-AwaitToRun,5,main] started
2024-09-18 12:54:45,552 [856d6c8f-d120-404b-902c-ec203ff8b049-groupManagement] INFO  segmented.SegmentedRaftLogWorker (SegmentedRaftLogWorker.java:<init>(184)) - new 856d6c8f-d120-404b-902c-ec203ff8b049@group-3F4227D89528-SegmentedRaftLogWorker for RaftStorageImpl:Storage Directory /home/runner/work/ozone/ozone/hadoop-ozone/integration-test/target/test-dir/MiniOzoneClusterImpl-1474a09c-6dad-4fc4-86e4-bad221540704/ozone-meta/datanode-3/ratis/eed46f94-314a-4a3d-9bb9-3f4227d89528
2024-09-18 12:54:45,552 [856d6c8f-d120-404b-902c-ec203ff8b049-groupManagement] INFO  server.RaftServerConfigKeys (ConfUtils.java:logGet(46)) - raft.server.log.queue.byte-limit = 4294967296 (custom)
2024-09-18 12:54:45,553 [856d6c8f-d120-404b-902c-ec203ff8b049-groupManagement] INFO  server.RaftServerConfigKeys (ConfUtils.java:logGet(46)) - raft.server.log.queue.element-limit = 1024 (custom)
2024-09-18 12:54:45,553 [856d6c8f-d120-404b-902c-ec203ff8b049-groupManagement] INFO  server.RaftServerConfigKeys (ConfUtils.java:logGet(46)) - raft.server.log.segment.size.max = 67108864 (custom)
2024-09-18 12:54:45,553 [856d6c8f-d120-404b-902c-ec203ff8b049-groupManagement] INFO  server.RaftServerConfigKeys (ConfUtils.java:logGet(46)) - raft.server.log.preallocated.size = 4194304 (custom)
2024-09-18 12:54:45,553 [856d6c8f-d120-404b-902c-ec203ff8b049-groupManagement] INFO  server.RaftServerConfigKeys (ConfUtils.java:logGet(46)) - raft.server.log.force.sync.num = 128 (default)
2024-09-18 12:54:45,553 [76f7b79d-b0f1-40ff-adcc-a8634463f843@group-BAD221540704-StateMachineUpdater] INFO  safemode.HealthyPipelineSafeModeRule (HealthyPipelineSafeModeRule.java:initializeRule(172)) - Refreshed total pipeline count is 0, healthy pipeline threshold count is 1
2024-09-18 12:54:45,553 [856d6c8f-d120-404b-902c-ec203ff8b049-groupManagement] INFO  server.RaftServerConfigKeys (ConfUtils.java:logGet(46)) - raft.server.log.statemachine.data.sync = true (default)
2024-09-18 12:54:45,553 [856d6c8f-d120-404b-902c-ec203ff8b049-groupManagement] INFO  server.RaftServerConfigKeys (ConfUtils.java:logGet(46)) - raft.server.log.statemachine.data.sync.timeout = 10s (default)
2024-09-18 12:54:45,553 [856d6c8f-d120-404b-902c-ec203ff8b049-groupManagement] INFO  server.RaftServerConfigKeys (ConfUtils.java:logGet(46)) - raft.server.log.statemachine.data.sync.timeout.retry = 30 (custom)
2024-09-18 12:54:45,553 [856d6c8f-d120-404b-902c-ec203ff8b049-groupManagement] INFO  server.RaftServerConfigKeys (ConfUtils.java:logGet(46)) - raft.server.log.write.buffer.size = 33554440 (custom)
2024-09-18 12:54:45,553 [scmNode-1-EventQueue-PipelineReportForPipelineReportHandler] INFO  pipeline.PipelineReportHandler (PipelineReportHandler.java:processPipelineReport(136)) - Opened pipeline PipelineID=eed46f94-314a-4a3d-9bb9-3f4227d89528
2024-09-18 12:54:45,554 [scmNode-1-EventQueue-OpenPipelineForHealthyPipelineSafeModeRule] INFO  safemode.SCMSafeModeManager (HealthyPipelineSafeModeRule.java:process(140)) - SCM in safe mode. Healthy pipelines reported count is 0, required healthy pipeline reported count is 1
2024-09-18 12:54:45,559 [856d6c8f-d120-404b-902c-ec203ff8b049-groupManagement] INFO  server.RaftServerConfigKeys (ConfUtils.java:logGet(46)) - raft.server.log.appender.buffer.byte-limit = 33554432 (custom)
2024-09-18 12:54:45,559 [856d6c8f-d120-404b-902c-ec203ff8b049-groupManagement] INFO  server.RaftServerConfigKeys (ConfUtils.java:logGet(46)) - raft.server.log.unsafe-flush.enabled = false (default)
2024-09-18 12:54:45,559 [856d6c8f-d120-404b-902c-ec203ff8b049-groupManagement] INFO  server.RaftServerConfigKeys (ConfUtils.java:logGet(46)) - raft.server.log.async-flush.enabled = false (default)
2024-09-18 12:54:45,560 [856d6c8f-d120-404b-902c-ec203ff8b049-groupManagement] INFO  server.RaftServerConfigKeys (ConfUtils.java:logGet(46)) - raft.server.log.statemachine.data.caching.enabled = true (custom)
2024-09-18 12:54:45,560 [856d6c8f-d120-404b-902c-ec203ff8b049-groupManagement] INFO  segmented.SegmentedRaftLogWorker (SegmentedRaftLogWorker.java:lambda$new$0(135)) - 856d6c8f-d120-404b-902c-ec203ff8b049@group-3F4227D89528-SegmentedRaftLogWorker: flushIndex: setUnconditionally 0 -> -1
2024-09-18 12:54:45,560 [856d6c8f-d120-404b-902c-ec203ff8b049-groupManagement] INFO  segmented.SegmentedRaftLogWorker (SegmentedRaftLogWorker.java:lambda$new$0(135)) - 856d6c8f-d120-404b-902c-ec203ff8b049@group-3F4227D89528-SegmentedRaftLogWorker: safeCacheEvictIndex: setUnconditionally 0 -> -1
2024-09-18 12:54:45,560 [856d6c8f-d120-404b-902c-ec203ff8b049-groupManagement] INFO  server.RaftServer$Division (RaftServerImpl.java:start(389)) - 856d6c8f-d120-404b-902c-ec203ff8b049@group-3F4227D89528: start as a follower, conf=conf: {index: -1, cur=peers:[856d6c8f-d120-404b-902c-ec203ff8b049|127.0.0.1:15038]|listeners:[], old=null}
2024-09-18 12:54:45,560 [856d6c8f-d120-404b-902c-ec203ff8b049-groupManagement] INFO  server.RaftServer$Division (RaftServerImpl.java:setRole(376)) - 856d6c8f-d120-404b-902c-ec203ff8b049@group-3F4227D89528: changes role from      null to FOLLOWER at term 0 for startAsFollower
2024-09-18 12:54:45,561 [856d6c8f-d120-404b-902c-ec203ff8b049-groupManagement] INFO  impl.RoleInfo (RoleInfo.java:updateAndGet(148)) - 856d6c8f-d120-404b-902c-ec203ff8b049: start 856d6c8f-d120-404b-902c-ec203ff8b049@group-3F4227D89528-FollowerState
2024-09-18 12:54:45,561 [856d6c8f-d120-404b-902c-ec203ff8b049-groupManagement] INFO  util.JmxRegister (JmxRegister.java:tryRegister(44)) - Successfully registered JMX Bean with object name Ratis:service=RaftServer,group=group-3F4227D89528,id=856d6c8f-d120-404b-902c-ec203ff8b049
2024-09-18 12:54:45,561 [856d6c8f-d120-404b-902c-ec203ff8b049-groupManagement] INFO  util.JmxRegister (JmxRegister.java:register(58)) - register mxBean class org.apache.ratis.server.impl.RaftServerJmxAdapter as Ratis:service=RaftServer,group=group-3F4227D89528,id=856d6c8f-d120-404b-902c-ec203ff8b049
2024-09-18 12:54:45,561 [856d6c8f-d120-404b-902c-ec203ff8b049-groupManagement] INFO  server.RaftServerConfigKeys (ConfUtils.java:logGet(46)) - raft.server.snapshot.trigger-when-stop.enabled = true (default)
2024-09-18 12:54:45,561 [856d6c8f-d120-404b-902c-ec203ff8b049-groupManagement] INFO  server.RaftServerConfigKeys (ConfUtils.java:logGet(46)) - raft.server.snapshot.trigger-when-remove.enabled = true (default)
2024-09-18 12:54:45,561 [856d6c8f-d120-404b-902c-ec203ff8b049-groupManagement] INFO  server.RaftServerConfigKeys (ConfUtils.java:logGet(46)) - raft.server.snapshot.auto.trigger.enabled = true (custom)
2024-09-18 12:54:45,561 [856d6c8f-d120-404b-902c-ec203ff8b049-groupManagement] INFO  server.RaftServerConfigKeys (ConfUtils.java:logGet(46)) - raft.server.snapshot.auto.trigger.threshold = 10000 (custom)
2024-09-18 12:54:45,561 [856d6c8f-d120-404b-902c-ec203ff8b049-groupManagement] INFO  server.RaftServerConfigKeys (ConfUtils.java:logGet(46)) - raft.server.snapshot.retention.file.num = 5 (custom)
2024-09-18 12:54:45,562 [856d6c8f-d120-404b-902c-ec203ff8b049-groupManagement] INFO  server.RaftServerConfigKeys (ConfUtils.java:logGet(46)) - raft.server.log.purge.upto.snapshot.index = false (default)
2024-09-18 12:54:45,562 [856d6c8f-d120-404b-902c-ec203ff8b049@group-3F4227D89528-FollowerState] INFO  server.RaftServerConfigKeys (ConfUtils.java:logFallback(53)) - raft.server.rpc.first-election.timeout.min = 5s (fallback to raft.server.rpc.timeout.min)
2024-09-18 12:54:45,562 [856d6c8f-d120-404b-902c-ec203ff8b049@group-3F4227D89528-FollowerState] INFO  server.RaftServerConfigKeys (ConfUtils.java:logFallback(53)) - raft.server.rpc.first-election.timeout.max = 5200ms (fallback to raft.server.rpc.timeout.max)
2024-09-18 12:54:45,565 [856d6c8f-d120-404b-902c-ec203ff8b049-PipelineCommandHandlerThread-0] INFO  ratis.XceiverServerRatis (XceiverServerRatis.java:addGroup(849)) - Created group PipelineID=eed46f94-314a-4a3d-9bb9-3f4227d89528
2024-09-18 12:54:45,565 [856d6c8f-d120-404b-902c-ec203ff8b049-PipelineCommandHandlerThread-0] INFO  commandhandler.CreatePipelineCommandHandler (CreatePipelineCommandHandler.java:lambda$handle$2(124)) - Created Pipeline RATIS ONE PipelineID=eed46f94-314a-4a3d-9bb9-3f4227d89528.
2024-09-18 12:54:46,547 [main] INFO  ozone.MiniOzoneClusterImpl (MiniOzoneClusterImpl.java:lambda$waitForClusterToBeReady$0(198)) - Nodes are ready. Got 3 of 3 DN Heartbeats.
2024-09-18 12:54:46,547 [main] INFO  ozone.MiniOzoneClusterImpl (MiniOzoneClusterImpl.java:lambda$waitForClusterToBeReady$0(201)) - Waiting for cluster to exit safe mode
2024-09-18 12:54:46,547 [main] INFO  ozone.MiniOzoneClusterImpl (MiniOzoneClusterImpl.java:lambda$waitForClusterToBeReady$0(203)) - SCM became leader
2024-09-18 12:54:47,548 [main] INFO  ozone.MiniOzoneClusterImpl (MiniOzoneClusterImpl.java:lambda$waitForClusterToBeReady$0(198)) - Nodes are ready. Got 3 of 3 DN Heartbeats.
2024-09-18 12:54:47,548 [main] INFO  ozone.MiniOzoneClusterImpl (MiniOzoneClusterImpl.java:lambda$waitForClusterToBeReady$0(201)) - Waiting for cluster to exit safe mode
2024-09-18 12:54:47,548 [main] INFO  ozone.MiniOzoneClusterImpl (MiniOzoneClusterImpl.java:lambda$waitForClusterToBeReady$0(203)) - SCM became leader
2024-09-18 12:54:48,548 [main] INFO  ozone.MiniOzoneClusterImpl (MiniOzoneClusterImpl.java:lambda$waitForClusterToBeReady$0(198)) - Nodes are ready. Got 3 of 3 DN Heartbeats.
2024-09-18 12:54:48,548 [main] INFO  ozone.MiniOzoneClusterImpl (MiniOzoneClusterImpl.java:lambda$waitForClusterToBeReady$0(201)) - Waiting for cluster to exit safe mode
2024-09-18 12:54:48,548 [main] INFO  ozone.MiniOzoneClusterImpl (MiniOzoneClusterImpl.java:lambda$waitForClusterToBeReady$0(203)) - SCM became leader
2024-09-18 12:54:49,549 [main] INFO  ozone.MiniOzoneClusterImpl (MiniOzoneClusterImpl.java:lambda$waitForClusterToBeReady$0(198)) - Nodes are ready. Got 3 of 3 DN Heartbeats.
2024-09-18 12:54:49,549 [main] INFO  ozone.MiniOzoneClusterImpl (MiniOzoneClusterImpl.java:lambda$waitForClusterToBeReady$0(201)) - Waiting for cluster to exit safe mode
2024-09-18 12:54:49,549 [main] INFO  ozone.MiniOzoneClusterImpl (MiniOzoneClusterImpl.java:lambda$waitForClusterToBeReady$0(203)) - SCM became leader
2024-09-18 12:54:49,995 [59105c30-b290-410a-a9ca-d50346fc903f@group-B837D28FF93F-FollowerState] INFO  impl.FollowerState (FollowerState.java:run(144)) - 59105c30-b290-410a-a9ca-d50346fc903f@group-B837D28FF93F-FollowerState: change to CANDIDATE, lastRpcElapsedTime:5085366730ns, electionTimeout:5083ms
2024-09-18 12:54:49,995 [59105c30-b290-410a-a9ca-d50346fc903f@group-B837D28FF93F-FollowerState] INFO  impl.RoleInfo (RoleInfo.java:shutdownFollowerState(119)) - 59105c30-b290-410a-a9ca-d50346fc903f: shutdown 59105c30-b290-410a-a9ca-d50346fc903f@group-B837D28FF93F-FollowerState
2024-09-18 12:54:49,995 [59105c30-b290-410a-a9ca-d50346fc903f@group-B837D28FF93F-FollowerState] INFO  server.RaftServer$Division (RaftServerImpl.java:setRole(376)) - 59105c30-b290-410a-a9ca-d50346fc903f@group-B837D28FF93F: changes role from  FOLLOWER to CANDIDATE at term 0 for changeToCandidate
2024-09-18 12:54:49,995 [59105c30-b290-410a-a9ca-d50346fc903f@group-B837D28FF93F-FollowerState] INFO  server.RaftServerConfigKeys (ConfUtils.java:logGet(46)) - raft.server.leaderelection.pre-vote = true (default)
2024-09-18 12:54:49,995 [59105c30-b290-410a-a9ca-d50346fc903f@group-B837D28FF93F-FollowerState] INFO  impl.RoleInfo (RoleInfo.java:updateAndGet(148)) - 59105c30-b290-410a-a9ca-d50346fc903f: start 59105c30-b290-410a-a9ca-d50346fc903f@group-B837D28FF93F-LeaderElection4
2024-09-18 12:54:49,995 [59105c30-b290-410a-a9ca-d50346fc903f@group-B837D28FF93F-LeaderElection4] INFO  impl.LeaderElection (LeaderElection.java:askForVotes(321)) - 59105c30-b290-410a-a9ca-d50346fc903f@group-B837D28FF93F-LeaderElection4 PRE_VOTE round 0: submit vote requests at term 0 for conf: {index: -1, cur=peers:[59105c30-b290-410a-a9ca-d50346fc903f|127.0.0.1:15020]|listeners:[], old=null}
2024-09-18 12:54:49,996 [59105c30-b290-410a-a9ca-d50346fc903f@group-B837D28FF93F-LeaderElection4] INFO  impl.LeaderElection (LeaderElection.java:askForVotes(323)) - 59105c30-b290-410a-a9ca-d50346fc903f@group-B837D28FF93F-LeaderElection4 PRE_VOTE round 0: result PASSED (term=0)
2024-09-18 12:54:49,997 [59105c30-b290-410a-a9ca-d50346fc903f@group-B837D28FF93F-LeaderElection4] INFO  impl.LeaderElection (LeaderElection.java:askForVotes(321)) - 59105c30-b290-410a-a9ca-d50346fc903f@group-B837D28FF93F-LeaderElection4 ELECTION round 0: submit vote requests at term 1 for conf: {index: -1, cur=peers:[59105c30-b290-410a-a9ca-d50346fc903f|127.0.0.1:15020]|listeners:[], old=null}
2024-09-18 12:54:49,998 [59105c30-b290-410a-a9ca-d50346fc903f@group-B837D28FF93F-LeaderElection4] INFO  impl.LeaderElection (LeaderElection.java:askForVotes(323)) - 59105c30-b290-410a-a9ca-d50346fc903f@group-B837D28FF93F-LeaderElection4 ELECTION round 0: result PASSED (term=1)
2024-09-18 12:54:49,998 [59105c30-b290-410a-a9ca-d50346fc903f@group-B837D28FF93F-LeaderElection4] INFO  impl.RoleInfo (RoleInfo.java:shutdownLeaderElection(139)) - 59105c30-b290-410a-a9ca-d50346fc903f: shutdown 59105c30-b290-410a-a9ca-d50346fc903f@group-B837D28FF93F-LeaderElection4
2024-09-18 12:54:49,998 [59105c30-b290-410a-a9ca-d50346fc903f@group-B837D28FF93F-LeaderElection4] INFO  server.RaftServer$Division (RaftServerImpl.java:setRole(376)) - 59105c30-b290-410a-a9ca-d50346fc903f@group-B837D28FF93F: changes role from CANDIDATE to LEADER at term 1 for changeToLeader
2024-09-18 12:54:49,998 [59105c30-b290-410a-a9ca-d50346fc903f@group-B837D28FF93F-LeaderElection4] INFO  server.RaftServerConfigKeys (ConfUtils.java:logGet(46)) - raft.server.staging.catchup.gap = 1000 (default)
2024-09-18 12:54:49,998 [59105c30-b290-410a-a9ca-d50346fc903f@group-B837D28FF93F-LeaderElection4] INFO  server.RaftServerConfigKeys (ConfUtils.java:logGet(46)) - raft.server.write.element-limit = 1024 (custom)
2024-09-18 12:54:49,998 [59105c30-b290-410a-a9ca-d50346fc903f@group-B837D28FF93F-LeaderElection4] INFO  server.RaftServerConfigKeys (ConfUtils.java:logGet(46)) - raft.server.write.byte-limit = 1024 M (=1073741824) (custom)
2024-09-18 12:54:49,998 [59105c30-b290-410a-a9ca-d50346fc903f@group-B837D28FF93F-LeaderElection4] INFO  server.RaftServerConfigKeys (ConfUtils.java:logGet(46)) - raft.server.watch.timeout = 30s (custom)
2024-09-18 12:54:49,998 [59105c30-b290-410a-a9ca-d50346fc903f@group-B837D28FF93F-LeaderElection4] INFO  server.RaftServerConfigKeys (ConfUtils.java:logGet(46)) - raft.server.watch.timeout.denomination = 1s (default)
2024-09-18 12:54:49,999 [59105c30-b290-410a-a9ca-d50346fc903f@group-B837D28FF93F-LeaderElection4] INFO  server.RaftServerConfigKeys (ConfUtils.java:logGet(46)) - raft.server.watch.element-limit = 65536 (default)
2024-09-18 12:54:49,999 [59105c30-b290-410a-a9ca-d50346fc903f@group-B837D28FF93F-LeaderElection4] INFO  server.RaftServerConfigKeys (ConfUtils.java:logGet(46)) - raft.server.read.leader.lease.enabled = false (default)
2024-09-18 12:54:49,999 [59105c30-b290-410a-a9ca-d50346fc903f@group-B837D28FF93F-LeaderElection4] INFO  server.RaftServerConfigKeys (ConfUtils.java:logGet(46)) - raft.server.read.leader.lease.timeout.ratio = 0.9 (default)
2024-09-18 12:54:49,999 [59105c30-b290-410a-a9ca-d50346fc903f@group-B837D28FF93F-LeaderElection4] INFO  server.RaftServerConfigKeys (ConfUtils.java:logGet(46)) - raft.server.rpc.timeout.min = 5s (custom)
2024-09-18 12:54:49,999 [59105c30-b290-410a-a9ca-d50346fc903f@group-B837D28FF93F-LeaderElection4] INFO  server.RaftServerConfigKeys (ConfUtils.java:logGet(46)) - raft.server.log.log-metadata.enabled = true (default)
2024-09-18 12:54:49,999 [59105c30-b290-410a-a9ca-d50346fc903f@group-B837D28FF93F-LeaderElection4] INFO  server.RaftServerConfigKeys (ConfUtils.java:logGet(46)) - raft.server.write.element-limit = 1024 (custom)
2024-09-18 12:54:49,999 [59105c30-b290-410a-a9ca-d50346fc903f@group-B837D28FF93F-LeaderElection4] INFO  server.RaftServerConfigKeys (ConfUtils.java:logGet(46)) - raft.server.write.follower.gap.ratio.max = -1.0 (default)
2024-09-18 12:54:49,999 [59105c30-b290-410a-a9ca-d50346fc903f@group-B837D28FF93F-LeaderElection4] INFO  impl.RoleInfo (RoleInfo.java:updateAndGet(148)) - 59105c30-b290-410a-a9ca-d50346fc903f: start 59105c30-b290-410a-a9ca-d50346fc903f@group-B837D28FF93F-LeaderStateImpl
2024-09-18 12:54:49,999 [59105c30-b290-410a-a9ca-d50346fc903f@group-B837D28FF93F-LeaderElection4] INFO  server.RaftServer$Division (RaftServerImpl.java:setFirstElection(549)) - 59105c30-b290-410a-a9ca-d50346fc903f@group-B837D28FF93F: set firstElectionSinceStartup to false for becomeLeader
2024-09-18 12:54:49,999 [59105c30-b290-410a-a9ca-d50346fc903f@group-B837D28FF93F-LeaderElection4] INFO  ratis.XceiverServerRatis (XceiverServerRatis.java:handleLeaderChangedNotification(950)) - Leader change notification received for group: group-B837D28FF93F with new leaderId: 59105c30-b290-410a-a9ca-d50346fc903f
2024-09-18 12:54:50,000 [59105c30-b290-410a-a9ca-d50346fc903f@group-B837D28FF93F-LeaderElection4] INFO  server.RaftServer$Division (ServerState.java:setLeader(272)) - 59105c30-b290-410a-a9ca-d50346fc903f@group-B837D28FF93F: change Leader from null to 59105c30-b290-410a-a9ca-d50346fc903f at term 1 for becomeLeader, leader elected after 5127ms
2024-09-18 12:54:50,001 [59105c30-b290-410a-a9ca-d50346fc903f@group-B837D28FF93F-LeaderElection4] INFO  segmented.SegmentedRaftLogWorker (SegmentedRaftLogWorker.java:startLogSegment(433)) - 59105c30-b290-410a-a9ca-d50346fc903f@group-B837D28FF93F-SegmentedRaftLogWorker: Starting segment from index:0
2024-09-18 12:54:50,001 [59105c30-b290-410a-a9ca-d50346fc903f@group-B837D28FF93F-LeaderElection4] INFO  server.RaftServer$Division (ServerState.java:setRaftConf(386)) - 59105c30-b290-410a-a9ca-d50346fc903f@group-B837D28FF93F: set configuration conf: {index: 0, cur=peers:[59105c30-b290-410a-a9ca-d50346fc903f|127.0.0.1:15020]|listeners:[], old=null}
2024-09-18 12:54:50,001 [59105c30-b290-410a-a9ca-d50346fc903f@group-B837D28FF93F-SegmentedRaftLogWorker] INFO  segmented.BufferedWriteChannel (BufferedWriteChannel.java:open(61)) - open log_inprogress_0 at position 0
2024-09-18 12:54:50,005 [scmNode-1-EventQueue-OpenPipelineForHealthyPipelineSafeModeRule] INFO  safemode.SCMSafeModeManager (HealthyPipelineSafeModeRule.java:process(140)) - SCM in safe mode. Healthy pipelines reported count is 0, required healthy pipeline reported count is 1
2024-09-18 12:54:50,011 [59105c30-b290-410a-a9ca-d50346fc903f@group-B837D28FF93F-SegmentedRaftLogWorker] INFO  segmented.SegmentedRaftLogWorker (SegmentedRaftLogWorker.java:execute(637)) - 59105c30-b290-410a-a9ca-d50346fc903f@group-B837D28FF93F-SegmentedRaftLogWorker: created new log segment /home/runner/work/ozone/ozone/hadoop-ozone/integration-test/target/test-dir/MiniOzoneClusterImpl-1474a09c-6dad-4fc4-86e4-bad221540704/ozone-meta/datanode-1/ratis/81c8a60d-51b1-4d53-a7e0-b837d28ff93f/current/log_inprogress_0
2024-09-18 12:54:50,014 [59105c30-b290-410a-a9ca-d50346fc903f@group-B837D28FF93F-StateMachineUpdater] INFO  server.RaftServer$Division (LeaderStateImpl.java:checkStartIndex(316)) - Leader 59105c30-b290-410a-a9ca-d50346fc903f@group-B837D28FF93F-LeaderStateImpl is ready since appliedIndex == startIndex == 0
2024-09-18 12:54:50,082 [59105c30-b290-410a-a9ca-d50346fc903f@group-0E6812D09C45-FollowerState] INFO  impl.FollowerState (FollowerState.java:run(144)) - 59105c30-b290-410a-a9ca-d50346fc903f@group-0E6812D09C45-FollowerState: change to CANDIDATE, lastRpcElapsedTime:5118149353ns, electionTimeout:5113ms
2024-09-18 12:54:50,083 [59105c30-b290-410a-a9ca-d50346fc903f@group-0E6812D09C45-FollowerState] INFO  impl.RoleInfo (RoleInfo.java:shutdownFollowerState(119)) - 59105c30-b290-410a-a9ca-d50346fc903f: shutdown 59105c30-b290-410a-a9ca-d50346fc903f@group-0E6812D09C45-FollowerState
2024-09-18 12:54:50,083 [59105c30-b290-410a-a9ca-d50346fc903f@group-0E6812D09C45-FollowerState] INFO  server.RaftServer$Division (RaftServerImpl.java:setRole(376)) - 59105c30-b290-410a-a9ca-d50346fc903f@group-0E6812D09C45: changes role from  FOLLOWER to CANDIDATE at term 0 for changeToCandidate
2024-09-18 12:54:50,083 [59105c30-b290-410a-a9ca-d50346fc903f@group-0E6812D09C45-FollowerState] INFO  server.RaftServerConfigKeys (ConfUtils.java:logGet(46)) - raft.server.leaderelection.pre-vote = true (default)
2024-09-18 12:54:50,083 [59105c30-b290-410a-a9ca-d50346fc903f@group-0E6812D09C45-FollowerState] INFO  impl.RoleInfo (RoleInfo.java:updateAndGet(148)) - 59105c30-b290-410a-a9ca-d50346fc903f: start 59105c30-b290-410a-a9ca-d50346fc903f@group-0E6812D09C45-LeaderElection5
2024-09-18 12:54:50,083 [59105c30-b290-410a-a9ca-d50346fc903f@group-0E6812D09C45-LeaderElection5] INFO  impl.LeaderElection (LeaderElection.java:askForVotes(321)) - 59105c30-b290-410a-a9ca-d50346fc903f@group-0E6812D09C45-LeaderElection5 PRE_VOTE round 0: submit vote requests at term 0 for conf: {index: -1, cur=peers:[856d6c8f-d120-404b-902c-ec203ff8b049|127.0.0.1:15038, 59105c30-b290-410a-a9ca-d50346fc903f|127.0.0.1:15020, 27821b7d-0624-41cc-9490-31ed12e2696a|127.0.0.1:15029]|listeners:[], old=null}
2024-09-18 12:54:50,086 [59105c30-b290-410a-a9ca-d50346fc903f@group-0E6812D09C45-LeaderElection5] INFO  server.RaftServerConfigKeys (ConfUtils.java:logFallback(53)) - raft.server.rpc.first-election.timeout.min = 5s (fallback to raft.server.rpc.timeout.min)
2024-09-18 12:54:50,086 [59105c30-b290-410a-a9ca-d50346fc903f@group-0E6812D09C45-LeaderElection5] INFO  server.RaftServerConfigKeys (ConfUtils.java:logFallback(53)) - raft.server.rpc.first-election.timeout.max = 5200ms (fallback to raft.server.rpc.timeout.max)
2024-09-18 12:54:50,087 [59105c30-b290-410a-a9ca-d50346fc903f@group-0E6812D09C45-LeaderElection5-1] INFO  server.GrpcServerProtocolClient (GrpcServerProtocolClient.java:<init>(65)) - Build channel for 856d6c8f-d120-404b-902c-ec203ff8b049|127.0.0.1:15038
2024-09-18 12:54:50,087 [59105c30-b290-410a-a9ca-d50346fc903f@group-0E6812D09C45-LeaderElection5-2] INFO  server.GrpcServerProtocolClient (GrpcServerProtocolClient.java:<init>(65)) - Build channel for 27821b7d-0624-41cc-9490-31ed12e2696a|127.0.0.1:15029
2024-09-18 12:54:50,094 [grpc-default-executor-0] INFO  server.RaftServer$Division (RaftServerImpl.java:requestVote(1416)) - 856d6c8f-d120-404b-902c-ec203ff8b049@group-0E6812D09C45: receive requestVote(PRE_VOTE, 59105c30-b290-410a-a9ca-d50346fc903f, group-0E6812D09C45, 0, (t:0, i:0))
2024-09-18 12:54:50,094 [grpc-default-executor-1] INFO  server.RaftServer$Division (RaftServerImpl.java:requestVote(1416)) - 27821b7d-0624-41cc-9490-31ed12e2696a@group-0E6812D09C45: receive requestVote(PRE_VOTE, 59105c30-b290-410a-a9ca-d50346fc903f, group-0E6812D09C45, 0, (t:0, i:0))
2024-09-18 12:54:50,095 [grpc-default-executor-1] INFO  impl.VoteContext (VoteContext.java:log(49)) - 27821b7d-0624-41cc-9490-31ed12e2696a@group-0E6812D09C45-FOLLOWER: accept PRE_VOTE from 59105c30-b290-410a-a9ca-d50346fc903f: our priority 0 <= candidate's priority 1
2024-09-18 12:54:50,095 [grpc-default-executor-0] INFO  impl.VoteContext (VoteContext.java:log(49)) - 856d6c8f-d120-404b-902c-ec203ff8b049@group-0E6812D09C45-FOLLOWER: accept PRE_VOTE from 59105c30-b290-410a-a9ca-d50346fc903f: our priority 0 <= candidate's priority 1
2024-09-18 12:54:50,098 [grpc-default-executor-1] INFO  server.RaftServer$Division (RaftServerImpl.java:requestVote(1449)) - 27821b7d-0624-41cc-9490-31ed12e2696a@group-0E6812D09C45 replies to PRE_VOTE vote request: 59105c30-b290-410a-a9ca-d50346fc903f<-27821b7d-0624-41cc-9490-31ed12e2696a#0:OK-t0. Peer's state: 27821b7d-0624-41cc-9490-31ed12e2696a@group-0E6812D09C45:t0, leader=null, voted=, raftlog=Memoized:27821b7d-0624-41cc-9490-31ed12e2696a@group-0E6812D09C45-SegmentedRaftLog:OPENED:c-1:lastnull, conf=conf: {index: -1, cur=peers:[856d6c8f-d120-404b-902c-ec203ff8b049|127.0.0.1:15038, 59105c30-b290-410a-a9ca-d50346fc903f|127.0.0.1:15020, 27821b7d-0624-41cc-9490-31ed12e2696a|127.0.0.1:15029]|listeners:[], old=null}
2024-09-18 12:54:50,098 [grpc-default-executor-0] INFO  server.RaftServer$Division (RaftServerImpl.java:requestVote(1449)) - 856d6c8f-d120-404b-902c-ec203ff8b049@group-0E6812D09C45 replies to PRE_VOTE vote request: 59105c30-b290-410a-a9ca-d50346fc903f<-856d6c8f-d120-404b-902c-ec203ff8b049#0:OK-t0. Peer's state: 856d6c8f-d120-404b-902c-ec203ff8b049@group-0E6812D09C45:t0, leader=null, voted=, raftlog=Memoized:856d6c8f-d120-404b-902c-ec203ff8b049@group-0E6812D09C45-SegmentedRaftLog:OPENED:c-1:lastnull, conf=conf: {index: -1, cur=peers:[856d6c8f-d120-404b-902c-ec203ff8b049|127.0.0.1:15038, 59105c30-b290-410a-a9ca-d50346fc903f|127.0.0.1:15020, 27821b7d-0624-41cc-9490-31ed12e2696a|127.0.0.1:15029]|listeners:[], old=null}
2024-09-18 12:54:50,099 [59105c30-b290-410a-a9ca-d50346fc903f@group-0E6812D09C45-LeaderElection5] INFO  impl.LeaderElection (LeaderElection.java:logAndReturn(89)) - 59105c30-b290-410a-a9ca-d50346fc903f@group-0E6812D09C45-LeaderElection5: PRE_VOTE PASSED received 1 response(s) and 0 exception(s):
2024-09-18 12:54:50,100 [59105c30-b290-410a-a9ca-d50346fc903f@group-0E6812D09C45-LeaderElection5] INFO  impl.LeaderElection (LeaderElection.java:logAndReturn(93)) -   Response 0: 59105c30-b290-410a-a9ca-d50346fc903f<-27821b7d-0624-41cc-9490-31ed12e2696a#0:OK-t0
2024-09-18 12:54:50,100 [59105c30-b290-410a-a9ca-d50346fc903f@group-0E6812D09C45-LeaderElection5] INFO  impl.LeaderElection (LeaderElection.java:askForVotes(323)) - 59105c30-b290-410a-a9ca-d50346fc903f@group-0E6812D09C45-LeaderElection5 PRE_VOTE round 0: result PASSED
2024-09-18 12:54:50,101 [59105c30-b290-410a-a9ca-d50346fc903f@group-0E6812D09C45-LeaderElection5] INFO  impl.LeaderElection (LeaderElection.java:askForVotes(321)) - 59105c30-b290-410a-a9ca-d50346fc903f@group-0E6812D09C45-LeaderElection5 ELECTION round 0: submit vote requests at term 1 for conf: {index: -1, cur=peers:[856d6c8f-d120-404b-902c-ec203ff8b049|127.0.0.1:15038, 59105c30-b290-410a-a9ca-d50346fc903f|127.0.0.1:15020, 27821b7d-0624-41cc-9490-31ed12e2696a|127.0.0.1:15029]|listeners:[], old=null}
2024-09-18 12:54:50,101 [59105c30-b290-410a-a9ca-d50346fc903f@group-0E6812D09C45-LeaderElection5] INFO  server.RaftServerConfigKeys (ConfUtils.java:logFallback(53)) - raft.server.rpc.first-election.timeout.min = 5s (fallback to raft.server.rpc.timeout.min)
2024-09-18 12:54:50,101 [59105c30-b290-410a-a9ca-d50346fc903f@group-0E6812D09C45-LeaderElection5] INFO  server.RaftServerConfigKeys (ConfUtils.java:logFallback(53)) - raft.server.rpc.first-election.timeout.max = 5200ms (fallback to raft.server.rpc.timeout.max)
2024-09-18 12:54:50,103 [grpc-default-executor-0] INFO  server.RaftServer$Division (RaftServerImpl.java:requestVote(1416)) - 856d6c8f-d120-404b-902c-ec203ff8b049@group-0E6812D09C45: receive requestVote(ELECTION, 59105c30-b290-410a-a9ca-d50346fc903f, group-0E6812D09C45, 1, (t:0, i:0))
2024-09-18 12:54:50,103 [grpc-default-executor-0] INFO  impl.VoteContext (VoteContext.java:log(49)) - 856d6c8f-d120-404b-902c-ec203ff8b049@group-0E6812D09C45-FOLLOWER: accept ELECTION from 59105c30-b290-410a-a9ca-d50346fc903f: our priority 0 <= candidate's priority 1
2024-09-18 12:54:50,104 [grpc-default-executor-0] INFO  server.RaftServer$Division (RaftServerImpl.java:setRole(376)) - 856d6c8f-d120-404b-902c-ec203ff8b049@group-0E6812D09C45: changes role from  FOLLOWER to FOLLOWER at term 1 for candidate:59105c30-b290-410a-a9ca-d50346fc903f
2024-09-18 12:54:50,104 [grpc-default-executor-0] INFO  impl.RoleInfo (RoleInfo.java:shutdownFollowerState(119)) - 856d6c8f-d120-404b-902c-ec203ff8b049: shutdown 856d6c8f-d120-404b-902c-ec203ff8b049@group-0E6812D09C45-FollowerState
2024-09-18 12:54:50,104 [grpc-default-executor-0] INFO  impl.RoleInfo (RoleInfo.java:updateAndGet(148)) - 856d6c8f-d120-404b-902c-ec203ff8b049: start 856d6c8f-d120-404b-902c-ec203ff8b049@group-0E6812D09C45-FollowerState
2024-09-18 12:54:50,104 [856d6c8f-d120-404b-902c-ec203ff8b049@group-0E6812D09C45-FollowerState] INFO  impl.FollowerState (FollowerState.java:run(153)) - 856d6c8f-d120-404b-902c-ec203ff8b049@group-0E6812D09C45-FollowerState was interrupted
2024-09-18 12:54:50,104 [grpc-default-executor-0] INFO  server.RaftServer$Division (RaftServerImpl.java:setFirstElection(549)) - 856d6c8f-d120-404b-902c-ec203ff8b049@group-0E6812D09C45: set firstElectionSinceStartup to false for candidate:59105c30-b290-410a-a9ca-d50346fc903f
2024-09-18 12:54:50,104 [grpc-default-executor-1] INFO  server.RaftServer$Division (RaftServerImpl.java:requestVote(1416)) - 27821b7d-0624-41cc-9490-31ed12e2696a@group-0E6812D09C45: receive requestVote(ELECTION, 59105c30-b290-410a-a9ca-d50346fc903f, group-0E6812D09C45, 1, (t:0, i:0))
2024-09-18 12:54:50,104 [grpc-default-executor-1] INFO  impl.VoteContext (VoteContext.java:log(49)) - 27821b7d-0624-41cc-9490-31ed12e2696a@group-0E6812D09C45-FOLLOWER: accept ELECTION from 59105c30-b290-410a-a9ca-d50346fc903f: our priority 0 <= candidate's priority 1
2024-09-18 12:54:50,104 [grpc-default-executor-1] INFO  server.RaftServer$Division (RaftServerImpl.java:setRole(376)) - 27821b7d-0624-41cc-9490-31ed12e2696a@group-0E6812D09C45: changes role from  FOLLOWER to FOLLOWER at term 1 for candidate:59105c30-b290-410a-a9ca-d50346fc903f
2024-09-18 12:54:50,104 [grpc-default-executor-1] INFO  impl.RoleInfo (RoleInfo.java:shutdownFollowerState(119)) - 27821b7d-0624-41cc-9490-31ed12e2696a: shutdown 27821b7d-0624-41cc-9490-31ed12e2696a@group-0E6812D09C45-FollowerState
2024-09-18 12:54:50,104 [grpc-default-executor-1] INFO  impl.RoleInfo (RoleInfo.java:updateAndGet(148)) - 27821b7d-0624-41cc-9490-31ed12e2696a: start 27821b7d-0624-41cc-9490-31ed12e2696a@group-0E6812D09C45-FollowerState
2024-09-18 12:54:50,105 [27821b7d-0624-41cc-9490-31ed12e2696a@group-0E6812D09C45-FollowerState] INFO  impl.FollowerState (FollowerState.java:run(153)) - 27821b7d-0624-41cc-9490-31ed12e2696a@group-0E6812D09C45-FollowerState was interrupted
2024-09-18 12:54:50,105 [grpc-default-executor-1] INFO  server.RaftServer$Division (RaftServerImpl.java:setFirstElection(549)) - 27821b7d-0624-41cc-9490-31ed12e2696a@group-0E6812D09C45: set firstElectionSinceStartup to false for candidate:59105c30-b290-410a-a9ca-d50346fc903f
2024-09-18 12:54:50,105 [grpc-default-executor-0] INFO  server.RaftServer$Division (RaftServerImpl.java:requestVote(1449)) - 856d6c8f-d120-404b-902c-ec203ff8b049@group-0E6812D09C45 replies to ELECTION vote request: 59105c30-b290-410a-a9ca-d50346fc903f<-856d6c8f-d120-404b-902c-ec203ff8b049#0:OK-t1. Peer's state: 856d6c8f-d120-404b-902c-ec203ff8b049@group-0E6812D09C45:t1, leader=null, voted=59105c30-b290-410a-a9ca-d50346fc903f, raftlog=Memoized:856d6c8f-d120-404b-902c-ec203ff8b049@group-0E6812D09C45-SegmentedRaftLog:OPENED:c-1:lastnull, conf=conf: {index: -1, cur=peers:[856d6c8f-d120-404b-902c-ec203ff8b049|127.0.0.1:15038, 59105c30-b290-410a-a9ca-d50346fc903f|127.0.0.1:15020, 27821b7d-0624-41cc-9490-31ed12e2696a|127.0.0.1:15029]|listeners:[], old=null}
2024-09-18 12:54:50,107 [59105c30-b290-410a-a9ca-d50346fc903f@group-0E6812D09C45-LeaderElection5] INFO  impl.LeaderElection (LeaderElection.java:logAndReturn(89)) - 59105c30-b290-410a-a9ca-d50346fc903f@group-0E6812D09C45-LeaderElection5: ELECTION PASSED received 1 response(s) and 0 exception(s):
2024-09-18 12:54:50,107 [59105c30-b290-410a-a9ca-d50346fc903f@group-0E6812D09C45-LeaderElection5] INFO  impl.LeaderElection (LeaderElection.java:logAndReturn(93)) -   Response 0: 59105c30-b290-410a-a9ca-d50346fc903f<-856d6c8f-d120-404b-902c-ec203ff8b049#0:OK-t1
2024-09-18 12:54:50,107 [59105c30-b290-410a-a9ca-d50346fc903f@group-0E6812D09C45-LeaderElection5] INFO  impl.LeaderElection (LeaderElection.java:askForVotes(323)) - 59105c30-b290-410a-a9ca-d50346fc903f@group-0E6812D09C45-LeaderElection5 ELECTION round 0: result PASSED
2024-09-18 12:54:50,107 [59105c30-b290-410a-a9ca-d50346fc903f@group-0E6812D09C45-LeaderElection5] INFO  impl.RoleInfo (RoleInfo.java:shutdownLeaderElection(139)) - 59105c30-b290-410a-a9ca-d50346fc903f: shutdown 59105c30-b290-410a-a9ca-d50346fc903f@group-0E6812D09C45-LeaderElection5
2024-09-18 12:54:50,107 [59105c30-b290-410a-a9ca-d50346fc903f@group-0E6812D09C45-LeaderElection5] INFO  server.RaftServer$Division (RaftServerImpl.java:setRole(376)) - 59105c30-b290-410a-a9ca-d50346fc903f@group-0E6812D09C45: changes role from CANDIDATE to LEADER at term 1 for changeToLeader
2024-09-18 12:54:50,107 [59105c30-b290-410a-a9ca-d50346fc903f@group-0E6812D09C45-LeaderElection5] INFO  server.RaftServerConfigKeys (ConfUtils.java:logGet(46)) - raft.server.staging.catchup.gap = 1000 (default)
2024-09-18 12:54:50,107 [grpc-default-executor-1] INFO  server.RaftServer$Division (RaftServerImpl.java:requestVote(1449)) - 27821b7d-0624-41cc-9490-31ed12e2696a@group-0E6812D09C45 replies to ELECTION vote request: 59105c30-b290-410a-a9ca-d50346fc903f<-27821b7d-0624-41cc-9490-31ed12e2696a#0:OK-t1. Peer's state: 27821b7d-0624-41cc-9490-31ed12e2696a@group-0E6812D09C45:t1, leader=null, voted=59105c30-b290-410a-a9ca-d50346fc903f, raftlog=Memoized:27821b7d-0624-41cc-9490-31ed12e2696a@group-0E6812D09C45-SegmentedRaftLog:OPENED:c-1:lastnull, conf=conf: {index: -1, cur=peers:[856d6c8f-d120-404b-902c-ec203ff8b049|127.0.0.1:15038, 59105c30-b290-410a-a9ca-d50346fc903f|127.0.0.1:15020, 27821b7d-0624-41cc-9490-31ed12e2696a|127.0.0.1:15029]|listeners:[], old=null}
2024-09-18 12:54:50,107 [59105c30-b290-410a-a9ca-d50346fc903f@group-0E6812D09C45-LeaderElection5] INFO  server.RaftServerConfigKeys (ConfUtils.java:logGet(46)) - raft.server.write.element-limit = 1024 (custom)
2024-09-18 12:54:50,107 [59105c30-b290-410a-a9ca-d50346fc903f@group-0E6812D09C45-LeaderElection5] INFO  server.RaftServerConfigKeys (ConfUtils.java:logGet(46)) - raft.server.write.byte-limit = 1024 M (=1073741824) (custom)
2024-09-18 12:54:50,108 [59105c30-b290-410a-a9ca-d50346fc903f@group-0E6812D09C45-LeaderElection5] INFO  server.RaftServerConfigKeys (ConfUtils.java:logGet(46)) - raft.server.watch.timeout = 30s (custom)
2024-09-18 12:54:50,108 [59105c30-b290-410a-a9ca-d50346fc903f@group-0E6812D09C45-LeaderElection5] INFO  server.RaftServerConfigKeys (ConfUtils.java:logGet(46)) - raft.server.watch.timeout.denomination = 1s (default)
2024-09-18 12:54:50,108 [59105c30-b290-410a-a9ca-d50346fc903f@group-0E6812D09C45-LeaderElection5] INFO  server.RaftServerConfigKeys (ConfUtils.java:logGet(46)) - raft.server.watch.element-limit = 65536 (default)
2024-09-18 12:54:50,108 [59105c30-b290-410a-a9ca-d50346fc903f@group-0E6812D09C45-LeaderElection5] INFO  server.RaftServerConfigKeys (ConfUtils.java:logGet(46)) - raft.server.read.leader.lease.enabled = false (default)
2024-09-18 12:54:50,108 [59105c30-b290-410a-a9ca-d50346fc903f@group-0E6812D09C45-LeaderElection5] INFO  server.RaftServerConfigKeys (ConfUtils.java:logGet(46)) - raft.server.read.leader.lease.timeout.ratio = 0.9 (default)
2024-09-18 12:54:50,108 [59105c30-b290-410a-a9ca-d50346fc903f@group-0E6812D09C45-LeaderElection5] INFO  server.RaftServerConfigKeys (ConfUtils.java:logGet(46)) - raft.server.rpc.timeout.min = 5s (custom)
2024-09-18 12:54:50,108 [59105c30-b290-410a-a9ca-d50346fc903f@group-0E6812D09C45-LeaderElection5] INFO  server.RaftServerConfigKeys (ConfUtils.java:logGet(46)) - raft.server.log.log-metadata.enabled = true (default)
2024-09-18 12:54:50,108 [59105c30-b290-410a-a9ca-d50346fc903f@group-0E6812D09C45-LeaderElection5] INFO  server.RaftServerConfigKeys (ConfUtils.java:logGet(46)) - raft.server.write.element-limit = 1024 (custom)
2024-09-18 12:54:50,109 [59105c30-b290-410a-a9ca-d50346fc903f@group-0E6812D09C45-LeaderElection5] INFO  server.RaftServerConfigKeys (ConfUtils.java:logGet(46)) - raft.server.write.follower.gap.ratio.max = -1.0 (default)
2024-09-18 12:54:50,114 [59105c30-b290-410a-a9ca-d50346fc903f@group-0E6812D09C45-LeaderElection5] INFO  server.RaftServerConfigKeys (ConfUtils.java:logGet(46)) - raft.server.log.appender.snapshot.chunk.size.max = 16MB (=16777216) (default)
2024-09-18 12:54:50,114 [59105c30-b290-410a-a9ca-d50346fc903f@group-0E6812D09C45-LeaderElection5] INFO  server.RaftServerConfigKeys (ConfUtils.java:logGet(46)) - raft.server.log.appender.buffer.byte-limit = 33554432 (custom)
2024-09-18 12:54:50,115 [59105c30-b290-410a-a9ca-d50346fc903f@group-0E6812D09C45-LeaderElection5] INFO  server.RaftServerConfigKeys (ConfUtils.java:logGet(46)) - raft.server.log.appender.buffer.element-limit = 1024 (custom)
2024-09-18 12:54:50,116 [59105c30-b290-410a-a9ca-d50346fc903f@group-0E6812D09C45-LeaderElection5] INFO  server.RaftServerConfigKeys (ConfUtils.java:logGet(46)) - raft.server.log.appender.wait-time.min = 0μs (custom)
2024-09-18 12:54:50,117 [59105c30-b290-410a-a9ca-d50346fc903f@group-0E6812D09C45-LeaderElection5] INFO  grpc.GrpcConfigKeys (ConfUtils.java:logGet(46)) - raft.grpc.server.leader.outstanding.appends.max = 8 (default)
2024-09-18 12:54:50,117 [59105c30-b290-410a-a9ca-d50346fc903f@group-0E6812D09C45-LeaderElection5] INFO  server.RaftServerConfigKeys (ConfUtils.java:logGet(46)) - raft.server.rpc.request.timeout = 60s (custom)
2024-09-18 12:54:50,117 [59105c30-b290-410a-a9ca-d50346fc903f@group-0E6812D09C45-LeaderElection5] INFO  grpc.GrpcConfigKeys (ConfUtils.java:logGet(46)) - raft.grpc.server.install_snapshot.request.element-limit = 8 (default)
2024-09-18 12:54:50,117 [59105c30-b290-410a-a9ca-d50346fc903f@group-0E6812D09C45-LeaderElection5] INFO  grpc.GrpcConfigKeys (ConfUtils.java:logGet(46)) - raft.grpc.server.install_snapshot.request.timeout = 3000ms (default)
2024-09-18 12:54:50,117 [59105c30-b290-410a-a9ca-d50346fc903f@group-0E6812D09C45-LeaderElection5] INFO  grpc.GrpcConfigKeys (ConfUtils.java:logGet(46)) - raft.grpc.server.log-message.batch.duration = 5s (default)
2024-09-18 12:54:50,118 [59105c30-b290-410a-a9ca-d50346fc903f@group-0E6812D09C45-LeaderElection5] INFO  server.RaftServerConfigKeys (ConfUtils.java:logGet(46)) - raft.server.log.appender.install.snapshot.enabled = false (custom)
2024-09-18 12:54:50,118 [59105c30-b290-410a-a9ca-d50346fc903f@group-0E6812D09C45-LeaderElection5] INFO  grpc.GrpcConfigKeys (ConfUtils.java:logGet(46)) - raft.grpc.server.heartbeat.channel = true (default)
2024-09-18 12:54:50,119 [59105c30-b290-410a-a9ca-d50346fc903f@group-0E6812D09C45-LeaderElection5] INFO  server.RaftServerConfigKeys (ConfUtils.java:logGet(46)) - raft.server.log.appender.snapshot.chunk.size.max = 16MB (=16777216) (default)
2024-09-18 12:54:50,119 [59105c30-b290-410a-a9ca-d50346fc903f@group-0E6812D09C45-LeaderElection5] INFO  server.RaftServerConfigKeys (ConfUtils.java:logGet(46)) - raft.server.log.appender.buffer.byte-limit = 33554432 (custom)
2024-09-18 12:54:50,120 [59105c30-b290-410a-a9ca-d50346fc903f@group-0E6812D09C45-LeaderElection5] INFO  server.RaftServerConfigKeys (ConfUtils.java:logGet(46)) - raft.server.log.appender.buffer.element-limit = 1024 (custom)
2024-09-18 12:54:50,120 [59105c30-b290-410a-a9ca-d50346fc903f@group-0E6812D09C45-LeaderElection5] INFO  server.RaftServerConfigKeys (ConfUtils.java:logGet(46)) - raft.server.log.appender.wait-time.min = 0μs (custom)
2024-09-18 12:54:50,120 [59105c30-b290-410a-a9ca-d50346fc903f@group-0E6812D09C45-LeaderElection5] INFO  grpc.GrpcConfigKeys (ConfUtils.java:logGet(46)) - raft.grpc.server.leader.outstanding.appends.max = 8 (default)
2024-09-18 12:54:50,120 [59105c30-b290-410a-a9ca-d50346fc903f@group-0E6812D09C45-LeaderElection5] INFO  server.RaftServerConfigKeys (ConfUtils.java:logGet(46)) - raft.server.rpc.request.timeout = 60s (custom)
2024-09-18 12:54:50,120 [59105c30-b290-410a-a9ca-d50346fc903f@group-0E6812D09C45-LeaderElection5] INFO  grpc.GrpcConfigKeys (ConfUtils.java:logGet(46)) - raft.grpc.server.install_snapshot.request.element-limit = 8 (default)
2024-09-18 12:54:50,120 [59105c30-b290-410a-a9ca-d50346fc903f@group-0E6812D09C45-LeaderElection5] INFO  grpc.GrpcConfigKeys (ConfUtils.java:logGet(46)) - raft.grpc.server.install_snapshot.request.timeout = 3000ms (default)
2024-09-18 12:54:50,120 [59105c30-b290-410a-a9ca-d50346fc903f@group-0E6812D09C45-LeaderElection5] INFO  grpc.GrpcConfigKeys (ConfUtils.java:logGet(46)) - raft.grpc.server.log-message.batch.duration = 5s (default)
2024-09-18 12:54:50,120 [59105c30-b290-410a-a9ca-d50346fc903f@group-0E6812D09C45-LeaderElection5] INFO  server.RaftServerConfigKeys (ConfUtils.java:logGet(46)) - raft.server.log.appender.install.snapshot.enabled = false (custom)
2024-09-18 12:54:50,120 [59105c30-b290-410a-a9ca-d50346fc903f@group-0E6812D09C45-LeaderElection5] INFO  grpc.GrpcConfigKeys (ConfUtils.java:logGet(46)) - raft.grpc.server.heartbeat.channel = true (default)
2024-09-18 12:54:50,121 [59105c30-b290-410a-a9ca-d50346fc903f@group-0E6812D09C45-LeaderElection5] INFO  impl.RoleInfo (RoleInfo.java:updateAndGet(148)) - 59105c30-b290-410a-a9ca-d50346fc903f: start 59105c30-b290-410a-a9ca-d50346fc903f@group-0E6812D09C45-LeaderStateImpl
2024-09-18 12:54:50,121 [59105c30-b290-410a-a9ca-d50346fc903f@group-0E6812D09C45-LeaderElection5] INFO  server.RaftServer$Division (RaftServerImpl.java:setFirstElection(549)) - 59105c30-b290-410a-a9ca-d50346fc903f@group-0E6812D09C45: set firstElectionSinceStartup to false for becomeLeader
2024-09-18 12:54:50,121 [59105c30-b290-410a-a9ca-d50346fc903f@group-0E6812D09C45-LeaderElection5] INFO  ratis.XceiverServerRatis (XceiverServerRatis.java:handleLeaderChangedNotification(950)) - Leader change notification received for group: group-0E6812D09C45 with new leaderId: 59105c30-b290-410a-a9ca-d50346fc903f
2024-09-18 12:54:50,121 [59105c30-b290-410a-a9ca-d50346fc903f@group-0E6812D09C45-LeaderElection5] INFO  server.RaftServer$Division (ServerState.java:setLeader(272)) - 59105c30-b290-410a-a9ca-d50346fc903f@group-0E6812D09C45: change Leader from null to 59105c30-b290-410a-a9ca-d50346fc903f at term 1 for becomeLeader, leader elected after 5200ms
2024-09-18 12:54:50,122 [59105c30-b290-410a-a9ca-d50346fc903f@group-0E6812D09C45-LeaderElection5] INFO  segmented.SegmentedRaftLogWorker (SegmentedRaftLogWorker.java:startLogSegment(433)) - 59105c30-b290-410a-a9ca-d50346fc903f@group-0E6812D09C45-SegmentedRaftLogWorker: Starting segment from index:0
2024-09-18 12:54:50,122 [59105c30-b290-410a-a9ca-d50346fc903f@group-0E6812D09C45-LeaderElection5] INFO  server.RaftServer$Division (ServerState.java:setRaftConf(386)) - 59105c30-b290-410a-a9ca-d50346fc903f@group-0E6812D09C45: set configuration conf: {index: 0, cur=peers:[856d6c8f-d120-404b-902c-ec203ff8b049|127.0.0.1:15038, 59105c30-b290-410a-a9ca-d50346fc903f|127.0.0.1:15020, 27821b7d-0624-41cc-9490-31ed12e2696a|127.0.0.1:15029]|listeners:[], old=null}
2024-09-18 12:54:50,122 [59105c30-b290-410a-a9ca-d50346fc903f@group-0E6812D09C45-SegmentedRaftLogWorker] INFO  segmented.BufferedWriteChannel (BufferedWriteChannel.java:open(61)) - open log_inprogress_0 at position 0
2024-09-18 12:54:50,123 [scmNode-1-EventQueue-OpenPipelineForHealthyPipelineSafeModeRule] INFO  safemode.SCMSafeModeManager (HealthyPipelineSafeModeRule.java:process(140)) - SCM in safe mode. Healthy pipelines reported count is 0, required healthy pipeline reported count is 1
2024-09-18 12:54:50,129 [76f7b79d-b0f1-40ff-adcc-a8634463f843@group-BAD221540704-StateMachineUpdater] INFO  safemode.HealthyPipelineSafeModeRule (HealthyPipelineSafeModeRule.java:initializeRule(172)) - Refreshed total pipeline count is 1, healthy pipeline threshold count is 1
2024-09-18 12:54:50,130 [scmNode-1-EventQueue-PipelineReportForPipelineReportHandler] INFO  pipeline.PipelineReportHandler (PipelineReportHandler.java:processPipelineReport(136)) - Opened pipeline PipelineID=1e257028-07be-4c90-ba6b-0e6812d09c45
2024-09-18 12:54:50,130 [scmNode-1-EventQueue-OpenPipelineForHealthyPipelineSafeModeRule] INFO  safemode.SCMSafeModeManager (HealthyPipelineSafeModeRule.java:process(140)) - SCM in safe mode. Healthy pipelines reported count is 1, required healthy pipeline reported count is 1
2024-09-18 12:54:50,130 [scmNode-1-EventQueue-OpenPipelineForHealthyPipelineSafeModeRule] INFO  safemode.SCMSafeModeManager (SCMSafeModeManager.java:validateSafeModeExitRules(203)) - HealthyPipelineSafeModeRule rule is successfully validated
2024-09-18 12:54:50,130 [scmNode-1-EventQueue-OpenPipelineForHealthyPipelineSafeModeRule] INFO  safemode.SCMSafeModeManager (SCMSafeModeManager.java:validateSafeModeExitRules(218)) - ScmSafeModeManager, all rules are successfully validated
2024-09-18 12:54:50,130 [scmNode-1-EventQueue-OpenPipelineForHealthyPipelineSafeModeRule] INFO  safemode.SCMSafeModeManager (SCMSafeModeManager.java:exitSafeMode(248)) - SCM exiting safe mode.
2024-09-18 12:54:50,130 [scmNode-1-EventQueue-OpenPipelineForHealthyPipelineSafeModeRule] INFO  ha.SCMContext (SCMContext.java:updateSafeModeStatus(225)) - Update SafeModeStatus from SafeModeStatus{safeModeStatus=true, preCheckPassed=true} to SafeModeStatus{safeModeStatus=false, preCheckPassed=true}.
2024-09-18 12:54:50,130 [scmNode-1-EventQueue-OpenPipelineForHealthyPipelineSafeModeRule] INFO  BackgroundPipelineScrubber (BackgroundSCMService.java:notifyStatusChanged(79)) - Service BackgroundPipelineScrubber transitions to RUNNING.
2024-09-18 12:54:50,130 [scmNode-1-EventQueue-OpenPipelineForHealthyPipelineSafeModeRule] INFO  ExpiredContainerReplicaOpScrubber (BackgroundSCMService.java:notifyStatusChanged(79)) - Service ExpiredContainerReplicaOpScrubber transitions to RUNNING.
2024-09-18 12:54:50,131 [scmNode-1-EventQueue-OpenPipelineForHealthyPipelineSafeModeRule] INFO  block.SCMBlockDeletingService (SCMBlockDeletingService.java:notifyStatusChanged(247)) - notifyStatusChanged:RUNNING
2024-09-18 12:54:50,131 [scmNode-1-EventQueue-OpenPipelineForHealthyPipelineSafeModeRule] INFO  replication.ReplicationManager (ReplicationManager.java:notifyStatusChanged(1406)) - Service ReplicationManager transitions to RUNNING.
2024-09-18 12:54:50,134 [scmNode-1-EventQueue-OpenPipelineForHealthyPipelineSafeModeRule] WARN  balancer.ContainerBalancer (ContainerBalancer.java:shouldRun(136)) - Could not find persisted configuration for ContainerBalancer when checking if ContainerBalancer should run. ContainerBalancer should not run now.
2024-09-18 12:54:50,134 [scmNode-1-EventQueue-OpenPipelineForHealthyPipelineSafeModeRule] INFO  SCMHATransactionMonitor (BackgroundSCMService.java:notifyStatusChanged(79)) - Service SCMHATransactionMonitor transitions to RUNNING.
2024-09-18 12:54:50,136 [59105c30-b290-410a-a9ca-d50346fc903f@group-0E6812D09C45-SegmentedRaftLogWorker] INFO  segmented.SegmentedRaftLogWorker (SegmentedRaftLogWorker.java:execute(637)) - 59105c30-b290-410a-a9ca-d50346fc903f@group-0E6812D09C45-SegmentedRaftLogWorker: created new log segment /home/runner/work/ozone/ozone/hadoop-ozone/integration-test/target/test-dir/MiniOzoneClusterImpl-1474a09c-6dad-4fc4-86e4-bad221540704/ozone-meta/datanode-1/ratis/1e257028-07be-4c90-ba6b-0e6812d09c45/current/log_inprogress_0
2024-09-18 12:54:50,141 [27821b7d-0624-41cc-9490-31ed12e2696a-server-thread1] INFO  ratis.XceiverServerRatis (XceiverServerRatis.java:handleLeaderChangedNotification(950)) - Leader change notification received for group: group-0E6812D09C45 with new leaderId: 59105c30-b290-410a-a9ca-d50346fc903f
2024-09-18 12:54:50,141 [27821b7d-0624-41cc-9490-31ed12e2696a-server-thread1] INFO  server.RaftServer$Division (ServerState.java:setLeader(272)) - 27821b7d-0624-41cc-9490-31ed12e2696a@group-0E6812D09C45: change Leader from null to 59105c30-b290-410a-a9ca-d50346fc903f at term 1 for appendEntries, leader elected after 4918ms
2024-09-18 12:54:50,145 [856d6c8f-d120-404b-902c-ec203ff8b049-server-thread1] INFO  ratis.XceiverServerRatis (XceiverServerRatis.java:handleLeaderChangedNotification(950)) - Leader change notification received for group: group-0E6812D09C45 with new leaderId: 59105c30-b290-410a-a9ca-d50346fc903f
2024-09-18 12:54:50,147 [856d6c8f-d120-404b-902c-ec203ff8b049-server-thread1] INFO  server.RaftServer$Division (ServerState.java:setLeader(272)) - 856d6c8f-d120-404b-902c-ec203ff8b049@group-0E6812D09C45: change Leader from null to 59105c30-b290-410a-a9ca-d50346fc903f at term 1 for appendEntries, leader elected after 4962ms
2024-09-18 12:54:50,152 [27821b7d-0624-41cc-9490-31ed12e2696a-server-thread1] INFO  server.RaftServer$Division (ServerState.java:setRaftConf(386)) - 27821b7d-0624-41cc-9490-31ed12e2696a@group-0E6812D09C45: set configuration conf: {index: 0, cur=peers:[856d6c8f-d120-404b-902c-ec203ff8b049|127.0.0.1:15038, 59105c30-b290-410a-a9ca-d50346fc903f|127.0.0.1:15020, 27821b7d-0624-41cc-9490-31ed12e2696a|127.0.0.1:15029]|listeners:[], old=null}
2024-09-18 12:54:50,154 [27821b7d-0624-41cc-9490-31ed12e2696a-server-thread1] INFO  segmented.SegmentedRaftLogWorker (SegmentedRaftLogWorker.java:startLogSegment(433)) - 27821b7d-0624-41cc-9490-31ed12e2696a@group-0E6812D09C45-SegmentedRaftLogWorker: Starting segment from index:0
2024-09-18 12:54:50,154 [27821b7d-0624-41cc-9490-31ed12e2696a@group-0E6812D09C45-SegmentedRaftLogWorker] INFO  segmented.BufferedWriteChannel (BufferedWriteChannel.java:open(61)) - open log_inprogress_0 at position 0
2024-09-18 12:54:50,161 [856d6c8f-d120-404b-902c-ec203ff8b049-server-thread2] INFO  server.RaftServer$Division (ServerState.java:setRaftConf(386)) - 856d6c8f-d120-404b-902c-ec203ff8b049@group-0E6812D09C45: set configuration conf: {index: 0, cur=peers:[856d6c8f-d120-404b-902c-ec203ff8b049|127.0.0.1:15038, 59105c30-b290-410a-a9ca-d50346fc903f|127.0.0.1:15020, 27821b7d-0624-41cc-9490-31ed12e2696a|127.0.0.1:15029]|listeners:[], old=null}
2024-09-18 12:54:50,162 [856d6c8f-d120-404b-902c-ec203ff8b049-server-thread2] INFO  segmented.SegmentedRaftLogWorker (SegmentedRaftLogWorker.java:startLogSegment(433)) - 856d6c8f-d120-404b-902c-ec203ff8b049@group-0E6812D09C45-SegmentedRaftLogWorker: Starting segment from index:0
2024-09-18 12:54:50,163 [856d6c8f-d120-404b-902c-ec203ff8b049@group-0E6812D09C45-SegmentedRaftLogWorker] INFO  segmented.BufferedWriteChannel (BufferedWriteChannel.java:open(61)) - open log_inprogress_0 at position 0
2024-09-18 12:54:50,166 [27821b7d-0624-41cc-9490-31ed12e2696a@group-0E6812D09C45-SegmentedRaftLogWorker] INFO  segmented.SegmentedRaftLogWorker (SegmentedRaftLogWorker.java:execute(637)) - 27821b7d-0624-41cc-9490-31ed12e2696a@group-0E6812D09C45-SegmentedRaftLogWorker: created new log segment /home/runner/work/ozone/ozone/hadoop-ozone/integration-test/target/test-dir/MiniOzoneClusterImpl-1474a09c-6dad-4fc4-86e4-bad221540704/ozone-meta/datanode-2/ratis/1e257028-07be-4c90-ba6b-0e6812d09c45/current/log_inprogress_0
2024-09-18 12:54:50,175 [59105c30-b290-410a-a9ca-d50346fc903f@group-0E6812D09C45-StateMachineUpdater] INFO  server.RaftServer$Division (LeaderStateImpl.java:checkStartIndex(316)) - Leader 59105c30-b290-410a-a9ca-d50346fc903f@group-0E6812D09C45-LeaderStateImpl is ready since appliedIndex == startIndex == 0
2024-09-18 12:54:50,176 [856d6c8f-d120-404b-902c-ec203ff8b049@group-0E6812D09C45-SegmentedRaftLogWorker] INFO  segmented.SegmentedRaftLogWorker (SegmentedRaftLogWorker.java:execute(637)) - 856d6c8f-d120-404b-902c-ec203ff8b049@group-0E6812D09C45-SegmentedRaftLogWorker: created new log segment /home/runner/work/ozone/ozone/hadoop-ozone/integration-test/target/test-dir/MiniOzoneClusterImpl-1474a09c-6dad-4fc4-86e4-bad221540704/ozone-meta/datanode-3/ratis/1e257028-07be-4c90-ba6b-0e6812d09c45/current/log_inprogress_0
2024-09-18 12:54:50,281 [27821b7d-0624-41cc-9490-31ed12e2696a@group-E89A64721F5C-FollowerState] INFO  impl.FollowerState (FollowerState.java:run(144)) - 27821b7d-0624-41cc-9490-31ed12e2696a@group-E89A64721F5C-FollowerState: change to CANDIDATE, lastRpcElapsedTime:5075509387ns, electionTimeout:5063ms
2024-09-18 12:54:50,281 [27821b7d-0624-41cc-9490-31ed12e2696a@group-E89A64721F5C-FollowerState] INFO  impl.RoleInfo (RoleInfo.java:shutdownFollowerState(119)) - 27821b7d-0624-41cc-9490-31ed12e2696a: shutdown 27821b7d-0624-41cc-9490-31ed12e2696a@group-E89A64721F5C-FollowerState
2024-09-18 12:54:50,281 [27821b7d-0624-41cc-9490-31ed12e2696a@group-E89A64721F5C-FollowerState] INFO  server.RaftServer$Division (RaftServerImpl.java:setRole(376)) - 27821b7d-0624-41cc-9490-31ed12e2696a@group-E89A64721F5C: changes role from  FOLLOWER to CANDIDATE at term 0 for changeToCandidate
2024-09-18 12:54:50,281 [27821b7d-0624-41cc-9490-31ed12e2696a@group-E89A64721F5C-FollowerState] INFO  server.RaftServerConfigKeys (ConfUtils.java:logGet(46)) - raft.server.leaderelection.pre-vote = true (default)
2024-09-18 12:54:50,281 [27821b7d-0624-41cc-9490-31ed12e2696a@group-E89A64721F5C-FollowerState] INFO  impl.RoleInfo (RoleInfo.java:updateAndGet(148)) - 27821b7d-0624-41cc-9490-31ed12e2696a: start 27821b7d-0624-41cc-9490-31ed12e2696a@group-E89A64721F5C-LeaderElection6
2024-09-18 12:54:50,282 [27821b7d-0624-41cc-9490-31ed12e2696a@group-E89A64721F5C-LeaderElection6] INFO  impl.LeaderElection (LeaderElection.java:askForVotes(321)) - 27821b7d-0624-41cc-9490-31ed12e2696a@group-E89A64721F5C-LeaderElection6 PRE_VOTE round 0: submit vote requests at term 0 for conf: {index: -1, cur=peers:[27821b7d-0624-41cc-9490-31ed12e2696a|127.0.0.1:15029]|listeners:[], old=null}
2024-09-18 12:54:50,282 [27821b7d-0624-41cc-9490-31ed12e2696a@group-E89A64721F5C-LeaderElection6] INFO  impl.LeaderElection (LeaderElection.java:askForVotes(323)) - 27821b7d-0624-41cc-9490-31ed12e2696a@group-E89A64721F5C-LeaderElection6 PRE_VOTE round 0: result PASSED (term=0)
2024-09-18 12:54:50,284 [27821b7d-0624-41cc-9490-31ed12e2696a@group-E89A64721F5C-LeaderElection6] INFO  impl.LeaderElection (LeaderElection.java:askForVotes(321)) - 27821b7d-0624-41cc-9490-31ed12e2696a@group-E89A64721F5C-LeaderElection6 ELECTION round 0: submit vote requests at term 1 for conf: {index: -1, cur=peers:[27821b7d-0624-41cc-9490-31ed12e2696a|127.0.0.1:15029]|listeners:[], old=null}
2024-09-18 12:54:50,285 [27821b7d-0624-41cc-9490-31ed12e2696a@group-E89A64721F5C-LeaderElection6] INFO  impl.LeaderElection (LeaderElection.java:askForVotes(323)) - 27821b7d-0624-41cc-9490-31ed12e2696a@group-E89A64721F5C-LeaderElection6 ELECTION round 0: result PASSED (term=1)
2024-09-18 12:54:50,285 [27821b7d-0624-41cc-9490-31ed12e2696a@group-E89A64721F5C-LeaderElection6] INFO  impl.RoleInfo (RoleInfo.java:shutdownLeaderElection(139)) - 27821b7d-0624-41cc-9490-31ed12e2696a: shutdown 27821b7d-0624-41cc-9490-31ed12e2696a@group-E89A64721F5C-LeaderElection6
2024-09-18 12:54:50,285 [27821b7d-0624-41cc-9490-31ed12e2696a@group-E89A64721F5C-LeaderElection6] INFO  server.RaftServer$Division (RaftServerImpl.java:setRole(376)) - 27821b7d-0624-41cc-9490-31ed12e2696a@group-E89A64721F5C: changes role from CANDIDATE to LEADER at term 1 for changeToLeader
2024-09-18 12:54:50,285 [27821b7d-0624-41cc-9490-31ed12e2696a@group-E89A64721F5C-LeaderElection6] INFO  server.RaftServerConfigKeys (ConfUtils.java:logGet(46)) - raft.server.staging.catchup.gap = 1000 (default)
2024-09-18 12:54:50,285 [27821b7d-0624-41cc-9490-31ed12e2696a@group-E89A64721F5C-LeaderElection6] INFO  server.RaftServerConfigKeys (ConfUtils.java:logGet(46)) - raft.server.write.element-limit = 1024 (custom)
2024-09-18 12:54:50,285 [27821b7d-0624-41cc-9490-31ed12e2696a@group-E89A64721F5C-LeaderElection6] INFO  server.RaftServerConfigKeys (ConfUtils.java:logGet(46)) - raft.server.write.byte-limit = 1024 M (=1073741824) (custom)
2024-09-18 12:54:50,286 [27821b7d-0624-41cc-9490-31ed12e2696a@group-E89A64721F5C-LeaderElection6] INFO  server.RaftServerConfigKeys (ConfUtils.java:logGet(46)) - raft.server.watch.timeout = 30s (custom)
2024-09-18 12:54:50,286 [27821b7d-0624-41cc-9490-31ed12e2696a@group-E89A64721F5C-LeaderElection6] INFO  server.RaftServerConfigKeys (ConfUtils.java:logGet(46)) - raft.server.watch.timeout.denomination = 1s (default)
2024-09-18 12:54:50,286 [27821b7d-0624-41cc-9490-31ed12e2696a@group-E89A64721F5C-LeaderElection6] INFO  server.RaftServerConfigKeys (ConfUtils.java:logGet(46)) - raft.server.watch.element-limit = 65536 (default)
2024-09-18 12:54:50,286 [27821b7d-0624-41cc-9490-31ed12e2696a@group-E89A64721F5C-LeaderElection6] INFO  server.RaftServerConfigKeys (ConfUtils.java:logGet(46)) - raft.server.read.leader.lease.enabled = false (default)
2024-09-18 12:54:50,286 [27821b7d-0624-41cc-9490-31ed12e2696a@group-E89A64721F5C-LeaderElection6] INFO  server.RaftServerConfigKeys (ConfUtils.java:logGet(46)) - raft.server.read.leader.lease.timeout.ratio = 0.9 (default)
2024-09-18 12:54:50,287 [27821b7d-0624-41cc-9490-31ed12e2696a@group-E89A64721F5C-LeaderElection6] INFO  server.RaftServerConfigKeys (ConfUtils.java:logGet(46)) - raft.server.rpc.timeout.min = 5s (custom)
2024-09-18 12:54:50,287 [27821b7d-0624-41cc-9490-31ed12e2696a@group-E89A64721F5C-LeaderElection6] INFO  server.RaftServerConfigKeys (ConfUtils.java:logGet(46)) - raft.server.log.log-metadata.enabled = true (default)
2024-09-18 12:54:50,287 [27821b7d-0624-41cc-9490-31ed12e2696a@group-E89A64721F5C-LeaderElection6] INFO  server.RaftServerConfigKeys (ConfUtils.java:logGet(46)) - raft.server.write.element-limit = 1024 (custom)
2024-09-18 12:54:50,287 [27821b7d-0624-41cc-9490-31ed12e2696a@group-E89A64721F5C-LeaderElection6] INFO  server.RaftServerConfigKeys (ConfUtils.java:logGet(46)) - raft.server.write.follower.gap.ratio.max = -1.0 (default)
2024-09-18 12:54:50,287 [27821b7d-0624-41cc-9490-31ed12e2696a@group-E89A64721F5C-LeaderElection6] INFO  impl.RoleInfo (RoleInfo.java:updateAndGet(148)) - 27821b7d-0624-41cc-9490-31ed12e2696a: start 27821b7d-0624-41cc-9490-31ed12e2696a@group-E89A64721F5C-LeaderStateImpl
2024-09-18 12:54:50,287 [27821b7d-0624-41cc-9490-31ed12e2696a@group-E89A64721F5C-LeaderElection6] INFO  server.RaftServer$Division (RaftServerImpl.java:setFirstElection(549)) - 27821b7d-0624-41cc-9490-31ed12e2696a@group-E89A64721F5C: set firstElectionSinceStartup to false for becomeLeader
2024-09-18 12:54:50,287 [27821b7d-0624-41cc-9490-31ed12e2696a@group-E89A64721F5C-LeaderElection6] INFO  ratis.XceiverServerRatis (XceiverServerRatis.java:handleLeaderChangedNotification(950)) - Leader change notification received for group: group-E89A64721F5C with new leaderId: 27821b7d-0624-41cc-9490-31ed12e2696a
2024-09-18 12:54:50,287 [27821b7d-0624-41cc-9490-31ed12e2696a@group-E89A64721F5C-LeaderElection6] INFO  server.RaftServer$Division (ServerState.java:setLeader(272)) - 27821b7d-0624-41cc-9490-31ed12e2696a@group-E89A64721F5C: change Leader from null to 27821b7d-0624-41cc-9490-31ed12e2696a at term 1 for becomeLeader, leader elected after 5109ms
2024-09-18 12:54:50,287 [27821b7d-0624-41cc-9490-31ed12e2696a@group-E89A64721F5C-LeaderElection6] INFO  segmented.SegmentedRaftLogWorker (SegmentedRaftLogWorker.java:startLogSegment(433)) - 27821b7d-0624-41cc-9490-31ed12e2696a@group-E89A64721F5C-SegmentedRaftLogWorker: Starting segment from index:0
2024-09-18 12:54:50,288 [27821b7d-0624-41cc-9490-31ed12e2696a@group-E89A64721F5C-LeaderElection6] INFO  server.RaftServer$Division (ServerState.java:setRaftConf(386)) - 27821b7d-0624-41cc-9490-31ed12e2696a@group-E89A64721F5C: set configuration conf: {index: 0, cur=peers:[27821b7d-0624-41cc-9490-31ed12e2696a|127.0.0.1:15029]|listeners:[], old=null}
2024-09-18 12:54:50,288 [27821b7d-0624-41cc-9490-31ed12e2696a@group-E89A64721F5C-SegmentedRaftLogWorker] INFO  segmented.BufferedWriteChannel (BufferedWriteChannel.java:open(61)) - open log_inprogress_0 at position 0
2024-09-18 12:54:50,298 [27821b7d-0624-41cc-9490-31ed12e2696a@group-E89A64721F5C-SegmentedRaftLogWorker] INFO  segmented.SegmentedRaftLogWorker (SegmentedRaftLogWorker.java:execute(637)) - 27821b7d-0624-41cc-9490-31ed12e2696a@group-E89A64721F5C-SegmentedRaftLogWorker: created new log segment /home/runner/work/ozone/ozone/hadoop-ozone/integration-test/target/test-dir/MiniOzoneClusterImpl-1474a09c-6dad-4fc4-86e4-bad221540704/ozone-meta/datanode-2/ratis/00d952ee-b708-4174-9c3f-e89a64721f5c/current/log_inprogress_0
2024-09-18 12:54:50,301 [27821b7d-0624-41cc-9490-31ed12e2696a@group-E89A64721F5C-StateMachineUpdater] INFO  server.RaftServer$Division (LeaderStateImpl.java:checkStartIndex(316)) - Leader 27821b7d-0624-41cc-9490-31ed12e2696a@group-E89A64721F5C-LeaderStateImpl is ready since appliedIndex == startIndex == 0
2024-09-18 12:54:50,404 [59105c30-b290-410a-a9ca-d50346fc903f@group-239644619C41-FollowerState] INFO  impl.FollowerState (FollowerState.java:run(144)) - 59105c30-b290-410a-a9ca-d50346fc903f@group-239644619C41-FollowerState: change to CANDIDATE, lastRpcElapsedTime:5062579348ns, electionTimeout:5062ms
2024-09-18 12:54:50,404 [59105c30-b290-410a-a9ca-d50346fc903f@group-239644619C41-FollowerState] INFO  impl.RoleInfo (RoleInfo.java:shutdownFollowerState(119)) - 59105c30-b290-410a-a9ca-d50346fc903f: shutdown 59105c30-b290-410a-a9ca-d50346fc903f@group-239644619C41-FollowerState
2024-09-18 12:54:50,404 [59105c30-b290-410a-a9ca-d50346fc903f@group-239644619C41-FollowerState] INFO  server.RaftServer$Division (RaftServerImpl.java:setRole(376)) - 59105c30-b290-410a-a9ca-d50346fc903f@group-239644619C41: changes role from  FOLLOWER to CANDIDATE at term 0 for changeToCandidate
2024-09-18 12:54:50,405 [59105c30-b290-410a-a9ca-d50346fc903f@group-239644619C41-FollowerState] INFO  server.RaftServerConfigKeys (ConfUtils.java:logGet(46)) - raft.server.leaderelection.pre-vote = true (default)
2024-09-18 12:54:50,405 [59105c30-b290-410a-a9ca-d50346fc903f@group-239644619C41-FollowerState] INFO  impl.RoleInfo (RoleInfo.java:updateAndGet(148)) - 59105c30-b290-410a-a9ca-d50346fc903f: start 59105c30-b290-410a-a9ca-d50346fc903f@group-239644619C41-LeaderElection7
2024-09-18 12:54:50,405 [59105c30-b290-410a-a9ca-d50346fc903f@group-239644619C41-LeaderElection7] INFO  impl.LeaderElection (LeaderElection.java:askForVotes(321)) - 59105c30-b290-410a-a9ca-d50346fc903f@group-239644619C41-LeaderElection7 PRE_VOTE round 0: submit vote requests at term 0 for conf: {index: -1, cur=peers:[856d6c8f-d120-404b-902c-ec203ff8b049|127.0.0.1:15038, 59105c30-b290-410a-a9ca-d50346fc903f|127.0.0.1:15020, 27821b7d-0624-41cc-9490-31ed12e2696a|127.0.0.1:15029]|listeners:[], old=null}
2024-09-18 12:54:50,408 [59105c30-b290-410a-a9ca-d50346fc903f@group-239644619C41-LeaderElection7] INFO  server.RaftServerConfigKeys (ConfUtils.java:logFallback(53)) - raft.server.rpc.first-election.timeout.min = 5s (fallback to raft.server.rpc.timeout.min)
2024-09-18 12:54:50,408 [59105c30-b290-410a-a9ca-d50346fc903f@group-239644619C41-LeaderElection7] INFO  server.RaftServerConfigKeys (ConfUtils.java:logFallback(53)) - raft.server.rpc.first-election.timeout.max = 5200ms (fallback to raft.server.rpc.timeout.max)
2024-09-18 12:54:50,408 [grpc-default-executor-1] INFO  server.RaftServer$Division (RaftServerImpl.java:requestVote(1416)) - 856d6c8f-d120-404b-902c-ec203ff8b049@group-239644619C41: receive requestVote(PRE_VOTE, 59105c30-b290-410a-a9ca-d50346fc903f, group-239644619C41, 0, (t:0, i:0))
2024-09-18 12:54:50,408 [grpc-default-executor-1] INFO  impl.VoteContext (VoteContext.java:log(49)) - 856d6c8f-d120-404b-902c-ec203ff8b049@group-239644619C41-FOLLOWER: accept PRE_VOTE from 59105c30-b290-410a-a9ca-d50346fc903f: our priority 0 <= candidate's priority 0
2024-09-18 12:54:50,408 [grpc-default-executor-1] INFO  server.RaftServer$Division (RaftServerImpl.java:requestVote(1449)) - 856d6c8f-d120-404b-902c-ec203ff8b049@group-239644619C41 replies to PRE_VOTE vote request: 59105c30-b290-410a-a9ca-d50346fc903f<-856d6c8f-d120-404b-902c-ec203ff8b049#0:OK-t0. Peer's state: 856d6c8f-d120-404b-902c-ec203ff8b049@group-239644619C41:t0, leader=null, voted=, raftlog=Memoized:856d6c8f-d120-404b-902c-ec203ff8b049@group-239644619C41-SegmentedRaftLog:OPENED:c-1:lastnull, conf=conf: {index: -1, cur=peers:[856d6c8f-d120-404b-902c-ec203ff8b049|127.0.0.1:15038, 59105c30-b290-410a-a9ca-d50346fc903f|127.0.0.1:15020, 27821b7d-0624-41cc-9490-31ed12e2696a|127.0.0.1:15029]|listeners:[], old=null}
2024-09-18 12:54:50,410 [856d6c8f-d120-404b-902c-ec203ff8b049@group-239644619C41-FollowerState] INFO  server.RaftServerConfigKeys (ConfUtils.java:logFallback(53)) - raft.server.rpc.first-election.timeout.min = 5s (fallback to raft.server.rpc.timeout.min)
2024-09-18 12:54:50,410 [856d6c8f-d120-404b-902c-ec203ff8b049@group-239644619C41-FollowerState] INFO  server.RaftServerConfigKeys (ConfUtils.java:logFallback(53)) - raft.server.rpc.first-election.timeout.max = 5200ms (fallback to raft.server.rpc.timeout.max)
2024-09-18 12:54:50,410 [grpc-default-executor-1] INFO  server.RaftServer$Division (RaftServerImpl.java:requestVote(1416)) - 27821b7d-0624-41cc-9490-31ed12e2696a@group-239644619C41: receive requestVote(PRE_VOTE, 59105c30-b290-410a-a9ca-d50346fc903f, group-239644619C41, 0, (t:0, i:0))
2024-09-18 12:54:50,410 [grpc-default-executor-1] INFO  impl.VoteContext (VoteContext.java:log(49)) - 27821b7d-0624-41cc-9490-31ed12e2696a@group-239644619C41-FOLLOWER: reject PRE_VOTE from 59105c30-b290-410a-a9ca-d50346fc903f: our priority 1 > candidate's priority 0
2024-09-18 12:54:50,410 [grpc-default-executor-1] INFO  server.RaftServer$Division (RaftServerImpl.java:requestVote(1449)) - 27821b7d-0624-41cc-9490-31ed12e2696a@group-239644619C41 replies to PRE_VOTE vote request: 59105c30-b290-410a-a9ca-d50346fc903f<-27821b7d-0624-41cc-9490-31ed12e2696a#0:FAIL-t0. Peer's state: 27821b7d-0624-41cc-9490-31ed12e2696a@group-239644619C41:t0, leader=null, voted=, raftlog=Memoized:27821b7d-0624-41cc-9490-31ed12e2696a@group-239644619C41-SegmentedRaftLog:OPENED:c-1:lastnull, conf=conf: {index: -1, cur=peers:[856d6c8f-d120-404b-902c-ec203ff8b049|127.0.0.1:15038, 59105c30-b290-410a-a9ca-d50346fc903f|127.0.0.1:15020, 27821b7d-0624-41cc-9490-31ed12e2696a|127.0.0.1:15029]|listeners:[], old=null}
2024-09-18 12:54:50,411 [59105c30-b290-410a-a9ca-d50346fc903f@group-239644619C41-LeaderElection7] INFO  impl.LeaderElection (LeaderElection.java:logAndReturn(89)) - 59105c30-b290-410a-a9ca-d50346fc903f@group-239644619C41-LeaderElection7: PRE_VOTE REJECTED received 2 response(s) and 0 exception(s):
2024-09-18 12:54:50,411 [59105c30-b290-410a-a9ca-d50346fc903f@group-239644619C41-LeaderElection7] INFO  impl.LeaderElection (LeaderElection.java:logAndReturn(93)) -   Response 0: 59105c30-b290-410a-a9ca-d50346fc903f<-856d6c8f-d120-404b-902c-ec203ff8b049#0:OK-t0
2024-09-18 12:54:50,411 [59105c30-b290-410a-a9ca-d50346fc903f@group-239644619C41-LeaderElection7] INFO  impl.LeaderElection (LeaderElection.java:logAndReturn(93)) -   Response 1: 59105c30-b290-410a-a9ca-d50346fc903f<-27821b7d-0624-41cc-9490-31ed12e2696a#0:FAIL-t0
2024-09-18 12:54:50,412 [59105c30-b290-410a-a9ca-d50346fc903f@group-239644619C41-LeaderElection7] INFO  impl.LeaderElection (LeaderElection.java:askForVotes(323)) - 59105c30-b290-410a-a9ca-d50346fc903f@group-239644619C41-LeaderElection7 PRE_VOTE round 0: result REJECTED
2024-09-18 12:54:50,412 [59105c30-b290-410a-a9ca-d50346fc903f@group-239644619C41-LeaderElection7] INFO  server.RaftServer$Division (RaftServerImpl.java:setRole(376)) - 59105c30-b290-410a-a9ca-d50346fc903f@group-239644619C41: changes role from CANDIDATE to FOLLOWER at term 0 for REJECTED
2024-09-18 12:54:50,412 [59105c30-b290-410a-a9ca-d50346fc903f@group-239644619C41-LeaderElection7] INFO  impl.RoleInfo (RoleInfo.java:shutdownLeaderElection(139)) - 59105c30-b290-410a-a9ca-d50346fc903f: shutdown 59105c30-b290-410a-a9ca-d50346fc903f@group-239644619C41-LeaderElection7
2024-09-18 12:54:50,412 [59105c30-b290-410a-a9ca-d50346fc903f@group-239644619C41-LeaderElection7] INFO  impl.RoleInfo (RoleInfo.java:updateAndGet(148)) - 59105c30-b290-410a-a9ca-d50346fc903f: start 59105c30-b290-410a-a9ca-d50346fc903f@group-239644619C41-FollowerState
2024-09-18 12:54:50,414 [59105c30-b290-410a-a9ca-d50346fc903f@group-239644619C41-LeaderElection7] INFO  server.RaftServer$Division (RaftServerImpl.java:setFirstElection(549)) - 59105c30-b290-410a-a9ca-d50346fc903f@group-239644619C41: set firstElectionSinceStartup to false for REJECTED
2024-09-18 12:54:50,549 [main] INFO  ozone.MiniOzoneClusterImpl (MiniOzoneClusterImpl.java:lambda$waitForClusterToBeReady$0(198)) - Nodes are ready. Got 3 of 3 DN Heartbeats.
2024-09-18 12:54:50,549 [main] INFO  ozone.MiniOzoneClusterImpl (MiniOzoneClusterImpl.java:lambda$waitForClusterToBeReady$0(201)) - Cluster exits safe mode
2024-09-18 12:54:50,549 [main] INFO  ozone.MiniOzoneClusterImpl (MiniOzoneClusterImpl.java:lambda$waitForClusterToBeReady$0(203)) - SCM became leader
2024-09-18 12:54:50,579 [27821b7d-0624-41cc-9490-31ed12e2696a@group-239644619C41-FollowerState] INFO  impl.FollowerState (FollowerState.java:run(144)) - 27821b7d-0624-41cc-9490-31ed12e2696a@group-239644619C41-FollowerState: change to CANDIDATE, lastRpcElapsedTime:5199734327ns, electionTimeout:5198ms
2024-09-18 12:54:50,580 [27821b7d-0624-41cc-9490-31ed12e2696a@group-239644619C41-FollowerState] INFO  impl.RoleInfo (RoleInfo.java:shutdownFollowerState(119)) - 27821b7d-0624-41cc-9490-31ed12e2696a: shutdown 27821b7d-0624-41cc-9490-31ed12e2696a@group-239644619C41-FollowerState
2024-09-18 12:54:50,580 [27821b7d-0624-41cc-9490-31ed12e2696a@group-239644619C41-FollowerState] INFO  server.RaftServer$Division (RaftServerImpl.java:setRole(376)) - 27821b7d-0624-41cc-9490-31ed12e2696a@group-239644619C41: changes role from  FOLLOWER to CANDIDATE at term 0 for changeToCandidate
2024-09-18 12:54:50,580 [27821b7d-0624-41cc-9490-31ed12e2696a@group-239644619C41-FollowerState] INFO  server.RaftServerConfigKeys (ConfUtils.java:logGet(46)) - raft.server.leaderelection.pre-vote = true (default)
2024-09-18 12:54:50,580 [27821b7d-0624-41cc-9490-31ed12e2696a@group-239644619C41-FollowerState] INFO  impl.RoleInfo (RoleInfo.java:updateAndGet(148)) - 27821b7d-0624-41cc-9490-31ed12e2696a: start 27821b7d-0624-41cc-9490-31ed12e2696a@group-239644619C41-LeaderElection8
2024-09-18 12:54:50,580 [27821b7d-0624-41cc-9490-31ed12e2696a@group-239644619C41-LeaderElection8] INFO  impl.LeaderElection (LeaderElection.java:askForVotes(321)) - 27821b7d-0624-41cc-9490-31ed12e2696a@group-239644619C41-LeaderElection8 PRE_VOTE round 0: submit vote requests at term 0 for conf: {index: -1, cur=peers:[856d6c8f-d120-404b-902c-ec203ff8b049|127.0.0.1:15038, 59105c30-b290-410a-a9ca-d50346fc903f|127.0.0.1:15020, 27821b7d-0624-41cc-9490-31ed12e2696a|127.0.0.1:15029]|listeners:[], old=null}
2024-09-18 12:54:50,581 [27821b7d-0624-41cc-9490-31ed12e2696a@group-239644619C41-LeaderElection8] INFO  server.RaftServerConfigKeys (ConfUtils.java:logFallback(53)) - raft.server.rpc.first-election.timeout.min = 5s (fallback to raft.server.rpc.timeout.min)
2024-09-18 12:54:50,581 [27821b7d-0624-41cc-9490-31ed12e2696a@group-239644619C41-LeaderElection8] INFO  server.RaftServerConfigKeys (ConfUtils.java:logFallback(53)) - raft.server.rpc.first-election.timeout.max = 5200ms (fallback to raft.server.rpc.timeout.max)
2024-09-18 12:54:50,581 [27821b7d-0624-41cc-9490-31ed12e2696a@group-239644619C41-LeaderElection8-1] INFO  server.GrpcServerProtocolClient (GrpcServerProtocolClient.java:<init>(65)) - Build channel for 856d6c8f-d120-404b-902c-ec203ff8b049|127.0.0.1:15038
2024-09-18 12:54:50,581 [27821b7d-0624-41cc-9490-31ed12e2696a@group-239644619C41-LeaderElection8-2] INFO  server.GrpcServerProtocolClient (GrpcServerProtocolClient.java:<init>(65)) - Build channel for 59105c30-b290-410a-a9ca-d50346fc903f|127.0.0.1:15020
2024-09-18 12:54:50,588 [grpc-default-executor-1] INFO  server.RaftServer$Division (RaftServerImpl.java:requestVote(1416)) - 856d6c8f-d120-404b-902c-ec203ff8b049@group-239644619C41: receive requestVote(PRE_VOTE, 27821b7d-0624-41cc-9490-31ed12e2696a, group-239644619C41, 0, (t:0, i:0))
2024-09-18 12:54:50,588 [grpc-default-executor-1] INFO  impl.VoteContext (VoteContext.java:log(49)) - 856d6c8f-d120-404b-902c-ec203ff8b049@group-239644619C41-FOLLOWER: accept PRE_VOTE from 27821b7d-0624-41cc-9490-31ed12e2696a: our priority 0 <= candidate's priority 1
2024-09-18 12:54:50,588 [grpc-default-executor-1] INFO  server.RaftServer$Division (RaftServerImpl.java:requestVote(1449)) - 856d6c8f-d120-404b-902c-ec203ff8b049@group-239644619C41 replies to PRE_VOTE vote request: 27821b7d-0624-41cc-9490-31ed12e2696a<-856d6c8f-d120-404b-902c-ec203ff8b049#0:OK-t0. Peer's state: 856d6c8f-d120-404b-902c-ec203ff8b049@group-239644619C41:t0, leader=null, voted=, raftlog=Memoized:856d6c8f-d120-404b-902c-ec203ff8b049@group-239644619C41-SegmentedRaftLog:OPENED:c-1:lastnull, conf=conf: {index: -1, cur=peers:[856d6c8f-d120-404b-902c-ec203ff8b049|127.0.0.1:15038, 59105c30-b290-410a-a9ca-d50346fc903f|127.0.0.1:15020, 27821b7d-0624-41cc-9490-31ed12e2696a|127.0.0.1:15029]|listeners:[], old=null}
2024-09-18 12:54:50,590 [27821b7d-0624-41cc-9490-31ed12e2696a@group-239644619C41-LeaderElection8] INFO  impl.LeaderElection (LeaderElection.java:logAndReturn(89)) - 27821b7d-0624-41cc-9490-31ed12e2696a@group-239644619C41-LeaderElection8: PRE_VOTE PASSED received 1 response(s) and 0 exception(s):
2024-09-18 12:54:50,590 [27821b7d-0624-41cc-9490-31ed12e2696a@group-239644619C41-LeaderElection8] INFO  impl.LeaderElection (LeaderElection.java:logAndReturn(93)) -   Response 0: 27821b7d-0624-41cc-9490-31ed12e2696a<-856d6c8f-d120-404b-902c-ec203ff8b049#0:OK-t0
2024-09-18 12:54:50,590 [27821b7d-0624-41cc-9490-31ed12e2696a@group-239644619C41-LeaderElection8] INFO  impl.LeaderElection (LeaderElection.java:askForVotes(323)) - 27821b7d-0624-41cc-9490-31ed12e2696a@group-239644619C41-LeaderElection8 PRE_VOTE round 0: result PASSED
2024-09-18 12:54:50,592 [27821b7d-0624-41cc-9490-31ed12e2696a@group-239644619C41-LeaderElection8] INFO  impl.LeaderElection (LeaderElection.java:askForVotes(321)) - 27821b7d-0624-41cc-9490-31ed12e2696a@group-239644619C41-LeaderElection8 ELECTION round 0: submit vote requests at term 1 for conf: {index: -1, cur=peers:[856d6c8f-d120-404b-902c-ec203ff8b049|127.0.0.1:15038, 59105c30-b290-410a-a9ca-d50346fc903f|127.0.0.1:15020, 27821b7d-0624-41cc-9490-31ed12e2696a|127.0.0.1:15029]|listeners:[], old=null}
2024-09-18 12:54:50,594 [27821b7d-0624-41cc-9490-31ed12e2696a@group-239644619C41-LeaderElection8] INFO  server.RaftServerConfigKeys (ConfUtils.java:logFallback(53)) - raft.server.rpc.first-election.timeout.min = 5s (fallback to raft.server.rpc.timeout.min)
2024-09-18 12:54:50,594 [27821b7d-0624-41cc-9490-31ed12e2696a@group-239644619C41-LeaderElection8] INFO  server.RaftServerConfigKeys (ConfUtils.java:logFallback(53)) - raft.server.rpc.first-election.timeout.max = 5200ms (fallback to raft.server.rpc.timeout.max)
2024-09-18 12:54:50,595 [grpc-default-executor-1] INFO  server.RaftServer$Division (RaftServerImpl.java:requestVote(1416)) - 856d6c8f-d120-404b-902c-ec203ff8b049@group-239644619C41: receive requestVote(ELECTION, 27821b7d-0624-41cc-9490-31ed12e2696a, group-239644619C41, 1, (t:0, i:0))
2024-09-18 12:54:50,595 [grpc-default-executor-1] INFO  impl.VoteContext (VoteContext.java:log(49)) - 856d6c8f-d120-404b-902c-ec203ff8b049@group-239644619C41-FOLLOWER: accept ELECTION from 27821b7d-0624-41cc-9490-31ed12e2696a: our priority 0 <= candidate's priority 1
2024-09-18 12:54:50,596 [grpc-default-executor-1] INFO  server.RaftServer$Division (RaftServerImpl.java:setRole(376)) - 856d6c8f-d120-404b-902c-ec203ff8b049@group-239644619C41: changes role from  FOLLOWER to FOLLOWER at term 1 for candidate:27821b7d-0624-41cc-9490-31ed12e2696a
2024-09-18 12:54:50,596 [grpc-default-executor-1] INFO  impl.RoleInfo (RoleInfo.java:shutdownFollowerState(119)) - 856d6c8f-d120-404b-902c-ec203ff8b049: shutdown 856d6c8f-d120-404b-902c-ec203ff8b049@group-239644619C41-FollowerState
2024-09-18 12:54:50,596 [grpc-default-executor-1] INFO  impl.RoleInfo (RoleInfo.java:updateAndGet(148)) - 856d6c8f-d120-404b-902c-ec203ff8b049: start 856d6c8f-d120-404b-902c-ec203ff8b049@group-239644619C41-FollowerState
2024-09-18 12:54:50,596 [856d6c8f-d120-404b-902c-ec203ff8b049@group-239644619C41-FollowerState] INFO  impl.FollowerState (FollowerState.java:run(153)) - 856d6c8f-d120-404b-902c-ec203ff8b049@group-239644619C41-FollowerState was interrupted
2024-09-18 12:54:50,596 [grpc-default-executor-1] INFO  server.RaftServer$Division (RaftServerImpl.java:setFirstElection(549)) - 856d6c8f-d120-404b-902c-ec203ff8b049@group-239644619C41: set firstElectionSinceStartup to false for candidate:27821b7d-0624-41cc-9490-31ed12e2696a
2024-09-18 12:54:50,597 [grpc-default-executor-2] INFO  server.RaftServer$Division (RaftServerImpl.java:requestVote(1416)) - 59105c30-b290-410a-a9ca-d50346fc903f@group-239644619C41: receive requestVote(ELECTION, 27821b7d-0624-41cc-9490-31ed12e2696a, group-239644619C41, 1, (t:0, i:0))
2024-09-18 12:54:50,597 [grpc-default-executor-2] INFO  impl.VoteContext (VoteContext.java:log(49)) - 59105c30-b290-410a-a9ca-d50346fc903f@group-239644619C41-FOLLOWER: accept ELECTION from 27821b7d-0624-41cc-9490-31ed12e2696a: our priority 0 <= candidate's priority 1
2024-09-18 12:54:50,597 [grpc-default-executor-2] INFO  server.RaftServer$Division (RaftServerImpl.java:setRole(376)) - 59105c30-b290-410a-a9ca-d50346fc903f@group-239644619C41: changes role from  FOLLOWER to FOLLOWER at term 1 for candidate:27821b7d-0624-41cc-9490-31ed12e2696a
2024-09-18 12:54:50,597 [grpc-default-executor-2] INFO  impl.RoleInfo (RoleInfo.java:shutdownFollowerState(119)) - 59105c30-b290-410a-a9ca-d50346fc903f: shutdown 59105c30-b290-410a-a9ca-d50346fc903f@group-239644619C41-FollowerState
2024-09-18 12:54:50,597 [grpc-default-executor-2] INFO  impl.RoleInfo (RoleInfo.java:updateAndGet(148)) - 59105c30-b290-410a-a9ca-d50346fc903f: start 59105c30-b290-410a-a9ca-d50346fc903f@group-239644619C41-FollowerState
2024-09-18 12:54:50,597 [59105c30-b290-410a-a9ca-d50346fc903f@group-239644619C41-FollowerState] INFO  impl.FollowerState (FollowerState.java:run(153)) - 59105c30-b290-410a-a9ca-d50346fc903f@group-239644619C41-FollowerState was interrupted
2024-09-18 12:54:50,598 [grpc-default-executor-1] INFO  server.RaftServer$Division (RaftServerImpl.java:requestVote(1449)) - 856d6c8f-d120-404b-902c-ec203ff8b049@group-239644619C41 replies to ELECTION vote request: 27821b7d-0624-41cc-9490-31ed12e2696a<-856d6c8f-d120-404b-902c-ec203ff8b049#0:OK-t1. Peer's state: 856d6c8f-d120-404b-902c-ec203ff8b049@group-239644619C41:t1, leader=null, voted=27821b7d-0624-41cc-9490-31ed12e2696a, raftlog=Memoized:856d6c8f-d120-404b-902c-ec203ff8b049@group-239644619C41-SegmentedRaftLog:OPENED:c-1:lastnull, conf=conf: {index: -1, cur=peers:[856d6c8f-d120-404b-902c-ec203ff8b049|127.0.0.1:15038, 59105c30-b290-410a-a9ca-d50346fc903f|127.0.0.1:15020, 27821b7d-0624-41cc-9490-31ed12e2696a|127.0.0.1:15029]|listeners:[], old=null}
2024-09-18 12:54:50,599 [grpc-default-executor-2] INFO  server.RaftServer$Division (RaftServerImpl.java:requestVote(1449)) - 59105c30-b290-410a-a9ca-d50346fc903f@group-239644619C41 replies to ELECTION vote request: 27821b7d-0624-41cc-9490-31ed12e2696a<-59105c30-b290-410a-a9ca-d50346fc903f#0:OK-t1. Peer's state: 59105c30-b290-410a-a9ca-d50346fc903f@group-239644619C41:t1, leader=null, voted=27821b7d-0624-41cc-9490-31ed12e2696a, raftlog=Memoized:59105c30-b290-410a-a9ca-d50346fc903f@group-239644619C41-SegmentedRaftLog:OPENED:c-1:lastnull, conf=conf: {index: -1, cur=peers:[856d6c8f-d120-404b-902c-ec203ff8b049|127.0.0.1:15038, 59105c30-b290-410a-a9ca-d50346fc903f|127.0.0.1:15020, 27821b7d-0624-41cc-9490-31ed12e2696a|127.0.0.1:15029]|listeners:[], old=null}
2024-09-18 12:54:50,600 [27821b7d-0624-41cc-9490-31ed12e2696a@group-239644619C41-LeaderElection8] INFO  impl.LeaderElection (LeaderElection.java:logAndReturn(89)) - 27821b7d-0624-41cc-9490-31ed12e2696a@group-239644619C41-LeaderElection8: ELECTION PASSED received 1 response(s) and 0 exception(s):
2024-09-18 12:54:50,600 [27821b7d-0624-41cc-9490-31ed12e2696a@group-239644619C41-LeaderElection8] INFO  impl.LeaderElection (LeaderElection.java:logAndReturn(93)) -   Response 0: 27821b7d-0624-41cc-9490-31ed12e2696a<-856d6c8f-d120-404b-902c-ec203ff8b049#0:OK-t1
2024-09-18 12:54:50,600 [27821b7d-0624-41cc-9490-31ed12e2696a@group-239644619C41-LeaderElection8] INFO  impl.LeaderElection (LeaderElection.java:askForVotes(323)) - 27821b7d-0624-41cc-9490-31ed12e2696a@group-239644619C41-LeaderElection8 ELECTION round 0: result PASSED
2024-09-18 12:54:50,600 [27821b7d-0624-41cc-9490-31ed12e2696a@group-239644619C41-LeaderElection8] INFO  impl.RoleInfo (RoleInfo.java:shutdownLeaderElection(139)) - 27821b7d-0624-41cc-9490-31ed12e2696a: shutdown 27821b7d-0624-41cc-9490-31ed12e2696a@group-239644619C41-LeaderElection8
2024-09-18 12:54:50,600 [27821b7d-0624-41cc-9490-31ed12e2696a@group-239644619C41-LeaderElection8] INFO  server.RaftServer$Division (RaftServerImpl.java:setRole(376)) - 27821b7d-0624-41cc-9490-31ed12e2696a@group-239644619C41: changes role from CANDIDATE to LEADER at term 1 for changeToLeader
2024-09-18 12:54:50,600 [27821b7d-0624-41cc-9490-31ed12e2696a@group-239644619C41-LeaderElection8] INFO  server.RaftServerConfigKeys (ConfUtils.java:logGet(46)) - raft.server.staging.catchup.gap = 1000 (default)
2024-09-18 12:54:50,601 [27821b7d-0624-41cc-9490-31ed12e2696a@group-239644619C41-LeaderElection8] INFO  server.RaftServerConfigKeys (ConfUtils.java:logGet(46)) - raft.server.write.element-limit = 1024 (custom)
2024-09-18 12:54:50,601 [27821b7d-0624-41cc-9490-31ed12e2696a@group-239644619C41-LeaderElection8] INFO  server.RaftServerConfigKeys (ConfUtils.java:logGet(46)) - raft.server.write.byte-limit = 1024 M (=1073741824) (custom)
2024-09-18 12:54:50,601 [27821b7d-0624-41cc-9490-31ed12e2696a@group-239644619C41-LeaderElection8] INFO  server.RaftServerConfigKeys (ConfUtils.java:logGet(46)) - raft.server.watch.timeout = 30s (custom)
2024-09-18 12:54:50,601 [27821b7d-0624-41cc-9490-31ed12e2696a@group-239644619C41-LeaderElection8] INFO  server.RaftServerConfigKeys (ConfUtils.java:logGet(46)) - raft.server.watch.timeout.denomination = 1s (default)
2024-09-18 12:54:50,601 [27821b7d-0624-41cc-9490-31ed12e2696a@group-239644619C41-LeaderElection8] INFO  server.RaftServerConfigKeys (ConfUtils.java:logGet(46)) - raft.server.watch.element-limit = 65536 (default)
2024-09-18 12:54:50,602 [27821b7d-0624-41cc-9490-31ed12e2696a@group-239644619C41-LeaderElection8] INFO  server.RaftServerConfigKeys (ConfUtils.java:logGet(46)) - raft.server.read.leader.lease.enabled = false (default)
2024-09-18 12:54:50,602 [27821b7d-0624-41cc-9490-31ed12e2696a@group-239644619C41-LeaderElection8] INFO  server.RaftServerConfigKeys (ConfUtils.java:logGet(46)) - raft.server.read.leader.lease.timeout.ratio = 0.9 (default)
2024-09-18 12:54:50,602 [27821b7d-0624-41cc-9490-31ed12e2696a@group-239644619C41-LeaderElection8] INFO  server.RaftServerConfigKeys (ConfUtils.java:logGet(46)) - raft.server.rpc.timeout.min = 5s (custom)
2024-09-18 12:54:50,602 [27821b7d-0624-41cc-9490-31ed12e2696a@group-239644619C41-LeaderElection8] INFO  server.RaftServerConfigKeys (ConfUtils.java:logGet(46)) - raft.server.log.log-metadata.enabled = true (default)
2024-09-18 12:54:50,602 [27821b7d-0624-41cc-9490-31ed12e2696a@group-239644619C41-LeaderElection8] INFO  server.RaftServerConfigKeys (ConfUtils.java:logGet(46)) - raft.server.write.element-limit = 1024 (custom)
2024-09-18 12:54:50,602 [27821b7d-0624-41cc-9490-31ed12e2696a@group-239644619C41-LeaderElection8] INFO  server.RaftServerConfigKeys (ConfUtils.java:logGet(46)) - raft.server.write.follower.gap.ratio.max = -1.0 (default)
2024-09-18 12:54:50,603 [27821b7d-0624-41cc-9490-31ed12e2696a@group-239644619C41-LeaderElection8] INFO  server.RaftServerConfigKeys (ConfUtils.java:logGet(46)) - raft.server.log.appender.snapshot.chunk.size.max = 16MB (=16777216) (default)
2024-09-18 12:54:50,603 [27821b7d-0624-41cc-9490-31ed12e2696a@group-239644619C41-LeaderElection8] INFO  server.RaftServerConfigKeys (ConfUtils.java:logGet(46)) - raft.server.log.appender.buffer.byte-limit = 33554432 (custom)
2024-09-18 12:54:50,603 [27821b7d-0624-41cc-9490-31ed12e2696a@group-239644619C41-LeaderElection8] INFO  server.RaftServerConfigKeys (ConfUtils.java:logGet(46)) - raft.server.log.appender.buffer.element-limit = 1024 (custom)
2024-09-18 12:54:50,603 [27821b7d-0624-41cc-9490-31ed12e2696a@group-239644619C41-LeaderElection8] INFO  server.RaftServerConfigKeys (ConfUtils.java:logGet(46)) - raft.server.log.appender.wait-time.min = 0μs (custom)
2024-09-18 12:54:50,603 [27821b7d-0624-41cc-9490-31ed12e2696a@group-239644619C41-LeaderElection8] INFO  grpc.GrpcConfigKeys (ConfUtils.java:logGet(46)) - raft.grpc.server.leader.outstanding.appends.max = 8 (default)
2024-09-18 12:54:50,603 [27821b7d-0624-41cc-9490-31ed12e2696a@group-239644619C41-LeaderElection8] INFO  server.RaftServerConfigKeys (ConfUtils.java:logGet(46)) - raft.server.rpc.request.timeout = 60s (custom)
2024-09-18 12:54:50,604 [27821b7d-0624-41cc-9490-31ed12e2696a@group-239644619C41-LeaderElection8] INFO  grpc.GrpcConfigKeys (ConfUtils.java:logGet(46)) - raft.grpc.server.install_snapshot.request.element-limit = 8 (default)
2024-09-18 12:54:50,604 [27821b7d-0624-41cc-9490-31ed12e2696a@group-239644619C41-LeaderElection8] INFO  grpc.GrpcConfigKeys (ConfUtils.java:logGet(46)) - raft.grpc.server.install_snapshot.request.timeout = 3000ms (default)
2024-09-18 12:54:50,604 [27821b7d-0624-41cc-9490-31ed12e2696a@group-239644619C41-LeaderElection8] INFO  grpc.GrpcConfigKeys (ConfUtils.java:logGet(46)) - raft.grpc.server.log-message.batch.duration = 5s (default)
2024-09-18 12:54:50,604 [27821b7d-0624-41cc-9490-31ed12e2696a@group-239644619C41-LeaderElection8] INFO  server.RaftServerConfigKeys (ConfUtils.java:logGet(46)) - raft.server.log.appender.install.snapshot.enabled = false (custom)
2024-09-18 12:54:50,604 [27821b7d-0624-41cc-9490-31ed12e2696a@group-239644619C41-LeaderElection8] INFO  grpc.GrpcConfigKeys (ConfUtils.java:logGet(46)) - raft.grpc.server.heartbeat.channel = true (default)
2024-09-18 12:54:50,606 [27821b7d-0624-41cc-9490-31ed12e2696a@group-239644619C41-LeaderElection8] INFO  server.RaftServerConfigKeys (ConfUtils.java:logGet(46)) - raft.server.log.appender.snapshot.chunk.size.max = 16MB (=16777216) (default)
2024-09-18 12:54:50,606 [27821b7d-0624-41cc-9490-31ed12e2696a@group-239644619C41-LeaderElection8] INFO  server.RaftServerConfigKeys (ConfUtils.java:logGet(46)) - raft.server.log.appender.buffer.byte-limit = 33554432 (custom)
2024-09-18 12:54:50,606 [27821b7d-0624-41cc-9490-31ed12e2696a@group-239644619C41-LeaderElection8] INFO  server.RaftServerConfigKeys (ConfUtils.java:logGet(46)) - raft.server.log.appender.buffer.element-limit = 1024 (custom)
2024-09-18 12:54:50,606 [27821b7d-0624-41cc-9490-31ed12e2696a@group-239644619C41-LeaderElection8] INFO  server.RaftServerConfigKeys (ConfUtils.java:logGet(46)) - raft.server.log.appender.wait-time.min = 0μs (custom)
2024-09-18 12:54:50,607 [27821b7d-0624-41cc-9490-31ed12e2696a@group-239644619C41-LeaderElection8] INFO  grpc.GrpcConfigKeys (ConfUtils.java:logGet(46)) - raft.grpc.server.leader.outstanding.appends.max = 8 (default)
2024-09-18 12:54:50,607 [27821b7d-0624-41cc-9490-31ed12e2696a@group-239644619C41-LeaderElection8] INFO  server.RaftServerConfigKeys (ConfUtils.java:logGet(46)) - raft.server.rpc.request.timeout = 60s (custom)
2024-09-18 12:54:50,607 [27821b7d-0624-41cc-9490-31ed12e2696a@group-239644619C41-LeaderElection8] INFO  grpc.GrpcConfigKeys (ConfUtils.java:logGet(46)) - raft.grpc.server.install_snapshot.request.element-limit = 8 (default)
2024-09-18 12:54:50,607 [27821b7d-0624-41cc-9490-31ed12e2696a@group-239644619C41-LeaderElection8] INFO  grpc.GrpcConfigKeys (ConfUtils.java:logGet(46)) - raft.grpc.server.install_snapshot.request.timeout = 3000ms (default)
2024-09-18 12:54:50,607 [27821b7d-0624-41cc-9490-31ed12e2696a@group-239644619C41-LeaderElection8] INFO  grpc.GrpcConfigKeys (ConfUtils.java:logGet(46)) - raft.grpc.server.log-message.batch.duration = 5s (default)
2024-09-18 12:54:50,608 [27821b7d-0624-41cc-9490-31ed12e2696a@group-239644619C41-LeaderElection8] INFO  server.RaftServerConfigKeys (ConfUtils.java:logGet(46)) - raft.server.log.appender.install.snapshot.enabled = false (custom)
2024-09-18 12:54:50,608 [27821b7d-0624-41cc-9490-31ed12e2696a@group-239644619C41-LeaderElection8] INFO  grpc.GrpcConfigKeys (ConfUtils.java:logGet(46)) - raft.grpc.server.heartbeat.channel = true (default)
2024-09-18 12:54:50,608 [27821b7d-0624-41cc-9490-31ed12e2696a@group-239644619C41-LeaderElection8] INFO  impl.RoleInfo (RoleInfo.java:updateAndGet(148)) - 27821b7d-0624-41cc-9490-31ed12e2696a: start 27821b7d-0624-41cc-9490-31ed12e2696a@group-239644619C41-LeaderStateImpl
2024-09-18 12:54:50,608 [27821b7d-0624-41cc-9490-31ed12e2696a@group-239644619C41-LeaderElection8] INFO  server.RaftServer$Division (RaftServerImpl.java:setFirstElection(549)) - 27821b7d-0624-41cc-9490-31ed12e2696a@group-239644619C41: set firstElectionSinceStartup to false for becomeLeader
2024-09-18 12:54:50,608 [27821b7d-0624-41cc-9490-31ed12e2696a@group-239644619C41-LeaderElection8] INFO  ratis.XceiverServerRatis (XceiverServerRatis.java:handleLeaderChangedNotification(950)) - Leader change notification received for group: group-239644619C41 with new leaderId: 27821b7d-0624-41cc-9490-31ed12e2696a
2024-09-18 12:54:50,610 [27821b7d-0624-41cc-9490-31ed12e2696a@group-239644619C41-LeaderElection8] INFO  server.RaftServer$Division (ServerState.java:setLeader(272)) - 27821b7d-0624-41cc-9490-31ed12e2696a@group-239644619C41: change Leader from null to 27821b7d-0624-41cc-9490-31ed12e2696a at term 1 for becomeLeader, leader elected after 5262ms
2024-09-18 12:54:50,610 [27821b7d-0624-41cc-9490-31ed12e2696a@group-239644619C41-LeaderElection8] INFO  segmented.SegmentedRaftLogWorker (SegmentedRaftLogWorker.java:startLogSegment(433)) - 27821b7d-0624-41cc-9490-31ed12e2696a@group-239644619C41-SegmentedRaftLogWorker: Starting segment from index:0
2024-09-18 12:54:50,610 [27821b7d-0624-41cc-9490-31ed12e2696a@group-239644619C41-LeaderElection8] INFO  server.RaftServer$Division (ServerState.java:setRaftConf(386)) - 27821b7d-0624-41cc-9490-31ed12e2696a@group-239644619C41: set configuration conf: {index: 0, cur=peers:[856d6c8f-d120-404b-902c-ec203ff8b049|127.0.0.1:15038, 59105c30-b290-410a-a9ca-d50346fc903f|127.0.0.1:15020, 27821b7d-0624-41cc-9490-31ed12e2696a|127.0.0.1:15029]|listeners:[], old=null}
2024-09-18 12:54:50,611 [27821b7d-0624-41cc-9490-31ed12e2696a@group-239644619C41-SegmentedRaftLogWorker] INFO  segmented.BufferedWriteChannel (BufferedWriteChannel.java:open(61)) - open log_inprogress_0 at position 0
2024-09-18 12:54:50,614 [scmNode-1-EventQueue-PipelineReportForPipelineReportHandler] INFO  pipeline.PipelineReportHandler (PipelineReportHandler.java:processPipelineReport(136)) - Opened pipeline PipelineID=aaa9e430-62c5-4e78-96d4-239644619c41
2024-09-18 12:54:50,620 [856d6c8f-d120-404b-902c-ec203ff8b049-server-thread1] INFO  ratis.XceiverServerRatis (XceiverServerRatis.java:handleLeaderChangedNotification(950)) - Leader change notification received for group: group-239644619C41 with new leaderId: 27821b7d-0624-41cc-9490-31ed12e2696a
2024-09-18 12:54:50,620 [856d6c8f-d120-404b-902c-ec203ff8b049-server-thread1] INFO  server.RaftServer$Division (ServerState.java:setLeader(272)) - 856d6c8f-d120-404b-902c-ec203ff8b049@group-239644619C41: change Leader from null to 27821b7d-0624-41cc-9490-31ed12e2696a at term 1 for appendEntries, leader elected after 5243ms
2024-09-18 12:54:50,622 [27821b7d-0624-41cc-9490-31ed12e2696a@group-239644619C41-SegmentedRaftLogWorker] INFO  segmented.SegmentedRaftLogWorker (SegmentedRaftLogWorker.java:execute(637)) - 27821b7d-0624-41cc-9490-31ed12e2696a@group-239644619C41-SegmentedRaftLogWorker: created new log segment /home/runner/work/ozone/ozone/hadoop-ozone/integration-test/target/test-dir/MiniOzoneClusterImpl-1474a09c-6dad-4fc4-86e4-bad221540704/ozone-meta/datanode-2/ratis/aaa9e430-62c5-4e78-96d4-239644619c41/current/log_inprogress_0
2024-09-18 12:54:50,638 [856d6c8f-d120-404b-902c-ec203ff8b049-server-thread3] INFO  server.RaftServer$Division (ServerState.java:setRaftConf(386)) - 856d6c8f-d120-404b-902c-ec203ff8b049@group-239644619C41: set configuration conf: {index: 0, cur=peers:[856d6c8f-d120-404b-902c-ec203ff8b049|127.0.0.1:15038, 59105c30-b290-410a-a9ca-d50346fc903f|127.0.0.1:15020, 27821b7d-0624-41cc-9490-31ed12e2696a|127.0.0.1:15029]|listeners:[], old=null}
2024-09-18 12:54:50,638 [59105c30-b290-410a-a9ca-d50346fc903f-server-thread1] INFO  ratis.XceiverServerRatis (XceiverServerRatis.java:handleLeaderChangedNotification(950)) - Leader change notification received for group: group-239644619C41 with new leaderId: 27821b7d-0624-41cc-9490-31ed12e2696a
2024-09-18 12:54:50,640 [59105c30-b290-410a-a9ca-d50346fc903f-server-thread1] INFO  server.RaftServer$Division (ServerState.java:setLeader(272)) - 59105c30-b290-410a-a9ca-d50346fc903f@group-239644619C41: change Leader from null to 27821b7d-0624-41cc-9490-31ed12e2696a at term 1 for appendEntries, leader elected after 5339ms
2024-09-18 12:54:50,640 [856d6c8f-d120-404b-902c-ec203ff8b049-server-thread3] INFO  segmented.SegmentedRaftLogWorker (SegmentedRaftLogWorker.java:startLogSegment(433)) - 856d6c8f-d120-404b-902c-ec203ff8b049@group-239644619C41-SegmentedRaftLogWorker: Starting segment from index:0
2024-09-18 12:54:50,641 [59105c30-b290-410a-a9ca-d50346fc903f-server-thread2] INFO  server.RaftServer$Division (ServerState.java:setRaftConf(386)) - 59105c30-b290-410a-a9ca-d50346fc903f@group-239644619C41: set configuration conf: {index: 0, cur=peers:[856d6c8f-d120-404b-902c-ec203ff8b049|127.0.0.1:15038, 59105c30-b290-410a-a9ca-d50346fc903f|127.0.0.1:15020, 27821b7d-0624-41cc-9490-31ed12e2696a|127.0.0.1:15029]|listeners:[], old=null}
2024-09-18 12:54:50,641 [59105c30-b290-410a-a9ca-d50346fc903f-server-thread2] INFO  segmented.SegmentedRaftLogWorker (SegmentedRaftLogWorker.java:startLogSegment(433)) - 59105c30-b290-410a-a9ca-d50346fc903f@group-239644619C41-SegmentedRaftLogWorker: Starting segment from index:0
2024-09-18 12:54:50,642 [59105c30-b290-410a-a9ca-d50346fc903f@group-239644619C41-SegmentedRaftLogWorker] INFO  segmented.BufferedWriteChannel (BufferedWriteChannel.java:open(61)) - open log_inprogress_0 at position 0
2024-09-18 12:54:50,643 [856d6c8f-d120-404b-902c-ec203ff8b049@group-3F4227D89528-FollowerState] INFO  impl.FollowerState (FollowerState.java:run(144)) - 856d6c8f-d120-404b-902c-ec203ff8b049@group-3F4227D89528-FollowerState: change to CANDIDATE, lastRpcElapsedTime:5082145495ns, electionTimeout:5080ms
2024-09-18 12:54:50,643 [856d6c8f-d120-404b-902c-ec203ff8b049@group-3F4227D89528-FollowerState] INFO  impl.RoleInfo (RoleInfo.java:shutdownFollowerState(119)) - 856d6c8f-d120-404b-902c-ec203ff8b049: shutdown 856d6c8f-d120-404b-902c-ec203ff8b049@group-3F4227D89528-FollowerState
2024-09-18 12:54:50,643 [856d6c8f-d120-404b-902c-ec203ff8b049@group-3F4227D89528-FollowerState] INFO  server.RaftServer$Division (RaftServerImpl.java:setRole(376)) - 856d6c8f-d120-404b-902c-ec203ff8b049@group-3F4227D89528: changes role from  FOLLOWER to CANDIDATE at term 0 for changeToCandidate
2024-09-18 12:54:50,643 [856d6c8f-d120-404b-902c-ec203ff8b049@group-3F4227D89528-FollowerState] INFO  server.RaftServerConfigKeys (ConfUtils.java:logGet(46)) - raft.server.leaderelection.pre-vote = true (default)
2024-09-18 12:54:50,643 [856d6c8f-d120-404b-902c-ec203ff8b049@group-3F4227D89528-FollowerState] INFO  impl.RoleInfo (RoleInfo.java:updateAndGet(148)) - 856d6c8f-d120-404b-902c-ec203ff8b049: start 856d6c8f-d120-404b-902c-ec203ff8b049@group-3F4227D89528-LeaderElection9
2024-09-18 12:54:50,649 [856d6c8f-d120-404b-902c-ec203ff8b049@group-239644619C41-SegmentedRaftLogWorker] INFO  segmented.BufferedWriteChannel (BufferedWriteChannel.java:open(61)) - open log_inprogress_0 at position 0
2024-09-18 12:54:50,655 [59105c30-b290-410a-a9ca-d50346fc903f@group-239644619C41-SegmentedRaftLogWorker] INFO  segmented.SegmentedRaftLogWorker (SegmentedRaftLogWorker.java:execute(637)) - 59105c30-b290-410a-a9ca-d50346fc903f@group-239644619C41-SegmentedRaftLogWorker: created new log segment /home/runner/work/ozone/ozone/hadoop-ozone/integration-test/target/test-dir/MiniOzoneClusterImpl-1474a09c-6dad-4fc4-86e4-bad221540704/ozone-meta/datanode-1/ratis/aaa9e430-62c5-4e78-96d4-239644619c41/current/log_inprogress_0
2024-09-18 12:54:50,655 [856d6c8f-d120-404b-902c-ec203ff8b049@group-3F4227D89528-LeaderElection9] INFO  impl.LeaderElection (LeaderElection.java:askForVotes(321)) - 856d6c8f-d120-404b-902c-ec203ff8b049@group-3F4227D89528-LeaderElection9 PRE_VOTE round 0: submit vote requests at term 0 for conf: {index: -1, cur=peers:[856d6c8f-d120-404b-902c-ec203ff8b049|127.0.0.1:15038]|listeners:[], old=null}
2024-09-18 12:54:50,655 [856d6c8f-d120-404b-902c-ec203ff8b049@group-3F4227D89528-LeaderElection9] INFO  impl.LeaderElection (LeaderElection.java:askForVotes(323)) - 856d6c8f-d120-404b-902c-ec203ff8b049@group-3F4227D89528-LeaderElection9 PRE_VOTE round 0: result PASSED (term=0)
2024-09-18 12:54:50,661 [856d6c8f-d120-404b-902c-ec203ff8b049@group-3F4227D89528-LeaderElection9] INFO  impl.LeaderElection (LeaderElection.java:askForVotes(321)) - 856d6c8f-d120-404b-902c-ec203ff8b049@group-3F4227D89528-LeaderElection9 ELECTION round 0: submit vote requests at term 1 for conf: {index: -1, cur=peers:[856d6c8f-d120-404b-902c-ec203ff8b049|127.0.0.1:15038]|listeners:[], old=null}
2024-09-18 12:54:50,661 [856d6c8f-d120-404b-902c-ec203ff8b049@group-3F4227D89528-LeaderElection9] INFO  impl.LeaderElection (LeaderElection.java:askForVotes(323)) - 856d6c8f-d120-404b-902c-ec203ff8b049@group-3F4227D89528-LeaderElection9 ELECTION round 0: result PASSED (term=1)
2024-09-18 12:54:50,661 [856d6c8f-d120-404b-902c-ec203ff8b049@group-3F4227D89528-LeaderElection9] INFO  impl.RoleInfo (RoleInfo.java:shutdownLeaderElection(139)) - 856d6c8f-d120-404b-902c-ec203ff8b049: shutdown 856d6c8f-d120-404b-902c-ec203ff8b049@group-3F4227D89528-LeaderElection9
2024-09-18 12:54:50,661 [856d6c8f-d120-404b-902c-ec203ff8b049@group-3F4227D89528-LeaderElection9] INFO  server.RaftServer$Division (RaftServerImpl.java:setRole(376)) - 856d6c8f-d120-404b-902c-ec203ff8b049@group-3F4227D89528: changes role from CANDIDATE to LEADER at term 1 for changeToLeader
2024-09-18 12:54:50,661 [856d6c8f-d120-404b-902c-ec203ff8b049@group-3F4227D89528-LeaderElection9] INFO  server.RaftServerConfigKeys (ConfUtils.java:logGet(46)) - raft.server.staging.catchup.gap = 1000 (default)
2024-09-18 12:54:50,661 [856d6c8f-d120-404b-902c-ec203ff8b049@group-3F4227D89528-LeaderElection9] INFO  server.RaftServerConfigKeys (ConfUtils.java:logGet(46)) - raft.server.write.element-limit = 1024 (custom)
2024-09-18 12:54:50,661 [27821b7d-0624-41cc-9490-31ed12e2696a@group-239644619C41-StateMachineUpdater] INFO  server.RaftServer$Division (LeaderStateImpl.java:checkStartIndex(316)) - Leader 27821b7d-0624-41cc-9490-31ed12e2696a@group-239644619C41-LeaderStateImpl is ready since appliedIndex == startIndex == 0
2024-09-18 12:54:50,661 [856d6c8f-d120-404b-902c-ec203ff8b049@group-3F4227D89528-LeaderElection9] INFO  server.RaftServerConfigKeys (ConfUtils.java:logGet(46)) - raft.server.write.byte-limit = 1024 M (=1073741824) (custom)
2024-09-18 12:54:50,662 [856d6c8f-d120-404b-902c-ec203ff8b049@group-239644619C41-SegmentedRaftLogWorker] INFO  segmented.SegmentedRaftLogWorker (SegmentedRaftLogWorker.java:execute(637)) - 856d6c8f-d120-404b-902c-ec203ff8b049@group-239644619C41-SegmentedRaftLogWorker: created new log segment /home/runner/work/ozone/ozone/hadoop-ozone/integration-test/target/test-dir/MiniOzoneClusterImpl-1474a09c-6dad-4fc4-86e4-bad221540704/ozone-meta/datanode-3/ratis/aaa9e430-62c5-4e78-96d4-239644619c41/current/log_inprogress_0
2024-09-18 12:54:50,662 [856d6c8f-d120-404b-902c-ec203ff8b049@group-3F4227D89528-LeaderElection9] INFO  server.RaftServerConfigKeys (ConfUtils.java:logGet(46)) - raft.server.watch.timeout = 30s (custom)
2024-09-18 12:54:50,662 [856d6c8f-d120-404b-902c-ec203ff8b049@group-3F4227D89528-LeaderElection9] INFO  server.RaftServerConfigKeys (ConfUtils.java:logGet(46)) - raft.server.watch.timeout.denomination = 1s (default)
2024-09-18 12:54:50,662 [856d6c8f-d120-404b-902c-ec203ff8b049@group-3F4227D89528-LeaderElection9] INFO  server.RaftServerConfigKeys (ConfUtils.java:logGet(46)) - raft.server.watch.element-limit = 65536 (default)
2024-09-18 12:54:50,662 [856d6c8f-d120-404b-902c-ec203ff8b049@group-3F4227D89528-LeaderElection9] INFO  server.RaftServerConfigKeys (ConfUtils.java:logGet(46)) - raft.server.read.leader.lease.enabled = false (default)
2024-09-18 12:54:50,663 [856d6c8f-d120-404b-902c-ec203ff8b049@group-3F4227D89528-LeaderElection9] INFO  server.RaftServerConfigKeys (ConfUtils.java:logGet(46)) - raft.server.read.leader.lease.timeout.ratio = 0.9 (default)
2024-09-18 12:54:50,663 [856d6c8f-d120-404b-902c-ec203ff8b049@group-3F4227D89528-LeaderElection9] INFO  server.RaftServerConfigKeys (ConfUtils.java:logGet(46)) - raft.server.rpc.timeout.min = 5s (custom)
2024-09-18 12:54:50,663 [856d6c8f-d120-404b-902c-ec203ff8b049@group-3F4227D89528-LeaderElection9] INFO  server.RaftServerConfigKeys (ConfUtils.java:logGet(46)) - raft.server.log.log-metadata.enabled = true (default)
2024-09-18 12:54:50,663 [856d6c8f-d120-404b-902c-ec203ff8b049@group-3F4227D89528-LeaderElection9] INFO  server.RaftServerConfigKeys (ConfUtils.java:logGet(46)) - raft.server.write.element-limit = 1024 (custom)
2024-09-18 12:54:50,663 [856d6c8f-d120-404b-902c-ec203ff8b049@group-3F4227D89528-LeaderElection9] INFO  server.RaftServerConfigKeys (ConfUtils.java:logGet(46)) - raft.server.write.follower.gap.ratio.max = -1.0 (default)
2024-09-18 12:54:50,663 [856d6c8f-d120-404b-902c-ec203ff8b049@group-3F4227D89528-LeaderElection9] INFO  impl.RoleInfo (RoleInfo.java:updateAndGet(148)) - 856d6c8f-d120-404b-902c-ec203ff8b049: start 856d6c8f-d120-404b-902c-ec203ff8b049@group-3F4227D89528-LeaderStateImpl
2024-09-18 12:54:50,663 [856d6c8f-d120-404b-902c-ec203ff8b049@group-3F4227D89528-LeaderElection9] INFO  server.RaftServer$Division (RaftServerImpl.java:setFirstElection(549)) - 856d6c8f-d120-404b-902c-ec203ff8b049@group-3F4227D89528: set firstElectionSinceStartup to false for becomeLeader
2024-09-18 12:54:50,663 [856d6c8f-d120-404b-902c-ec203ff8b049@group-3F4227D89528-LeaderElection9] INFO  ratis.XceiverServerRatis (XceiverServerRatis.java:handleLeaderChangedNotification(950)) - Leader change notification received for group: group-3F4227D89528 with new leaderId: 856d6c8f-d120-404b-902c-ec203ff8b049
2024-09-18 12:54:50,663 [856d6c8f-d120-404b-902c-ec203ff8b049@group-3F4227D89528-LeaderElection9] INFO  server.RaftServer$Division (ServerState.java:setLeader(272)) - 856d6c8f-d120-404b-902c-ec203ff8b049@group-3F4227D89528: change Leader from null to 856d6c8f-d120-404b-902c-ec203ff8b049 at term 1 for becomeLeader, leader elected after 5125ms
2024-09-18 12:54:50,663 [856d6c8f-d120-404b-902c-ec203ff8b049@group-3F4227D89528-LeaderElection9] INFO  segmented.SegmentedRaftLogWorker (SegmentedRaftLogWorker.java:startLogSegment(433)) - 856d6c8f-d120-404b-902c-ec203ff8b049@group-3F4227D89528-SegmentedRaftLogWorker: Starting segment from index:0
2024-09-18 12:54:50,664 [856d6c8f-d120-404b-902c-ec203ff8b049@group-3F4227D89528-SegmentedRaftLogWorker] INFO  segmented.BufferedWriteChannel (BufferedWriteChannel.java:open(61)) - open log_inprogress_0 at position 0
2024-09-18 12:54:50,665 [856d6c8f-d120-404b-902c-ec203ff8b049@group-3F4227D89528-LeaderElection9] INFO  server.RaftServer$Division (ServerState.java:setRaftConf(386)) - 856d6c8f-d120-404b-902c-ec203ff8b049@group-3F4227D89528: set configuration conf: {index: 0, cur=peers:[856d6c8f-d120-404b-902c-ec203ff8b049|127.0.0.1:15038]|listeners:[], old=null}
2024-09-18 12:54:50,673 [856d6c8f-d120-404b-902c-ec203ff8b049@group-3F4227D89528-SegmentedRaftLogWorker] INFO  segmented.SegmentedRaftLogWorker (SegmentedRaftLogWorker.java:execute(637)) - 856d6c8f-d120-404b-902c-ec203ff8b049@group-3F4227D89528-SegmentedRaftLogWorker: created new log segment /home/runner/work/ozone/ozone/hadoop-ozone/integration-test/target/test-dir/MiniOzoneClusterImpl-1474a09c-6dad-4fc4-86e4-bad221540704/ozone-meta/datanode-3/ratis/eed46f94-314a-4a3d-9bb9-3f4227d89528/current/log_inprogress_0
2024-09-18 12:54:50,675 [856d6c8f-d120-404b-902c-ec203ff8b049@group-3F4227D89528-StateMachineUpdater] INFO  server.RaftServer$Division (LeaderStateImpl.java:checkStartIndex(316)) - Leader 856d6c8f-d120-404b-902c-ec203ff8b049@group-3F4227D89528-LeaderStateImpl is ready since appliedIndex == startIndex == 0
2024-09-18 12:54:50,903 [IPC Server handler 0 on default port 15012] INFO  ha.SCMNodeInfo (SCMNodeInfo.java:getPort(197)) - ConfigKey ozone.scm.client.address is deprecated, For configuring different ports for each SCM use PortConfigKey ozone.scm.client.port appended with serviceId and nodeId
2024-09-18 12:54:50,903 [IPC Server handler 0 on default port 15012] INFO  ha.SCMNodeInfo (SCMNodeInfo.java:getPort(197)) - ConfigKey ozone.scm.block.client.address is deprecated, For configuring different ports for each SCM use PortConfigKey ozone.scm.block.client.port appended with serviceId and nodeId
2024-09-18 12:54:50,903 [IPC Server handler 0 on default port 15012] INFO  ha.SCMNodeInfo (SCMNodeInfo.java:getPort(197)) - ConfigKey ozone.scm.security.service.address is deprecated, For configuring different ports for each SCM use PortConfigKey ozone.scm.security.service.port appended with serviceId and nodeId
2024-09-18 12:54:50,904 [IPC Server handler 0 on default port 15012] INFO  ha.SCMNodeInfo (SCMNodeInfo.java:getPort(197)) - ConfigKey ozone.scm.datanode.address is deprecated, For configuring different ports for each SCM use PortConfigKey ozone.scm.datanode.port appended with serviceId and nodeId
2024-09-18 12:54:50,912 [main] INFO  rpc.RpcClient (RpcClient.java:createVolume(486)) - Creating Volume: volume84331, with runner as owner and space quota set to -1 bytes, counts quota set to -1
2024-09-18 12:54:50,925 [omNode-1-OMStateMachineApplyTransactionThread - 0] INFO  volume.OMVolumeCreateRequest (OMVolumeCreateRequest.java:validateAndUpdateCache(198)) - created volume:volume84331 for user:runner
2024-09-18 12:54:50,932 [omNode-1-OMDoubleBufferFlushThread] INFO  helpers.OmKeyInfo (OmKeyInfo.java:getCodec(72)) - OmKeyInfo.getCodec ignorePipeline = true
2024-09-18 12:54:50,932 [omNode-1-OMDoubleBufferFlushThread] INFO  helpers.OmKeyInfo (OmKeyInfo.java:getCodec(72)) - OmKeyInfo.getCodec ignorePipeline = true
2024-09-18 12:54:50,932 [omNode-1-OMDoubleBufferFlushThread] INFO  helpers.OmKeyInfo (OmKeyInfo.java:getCodec(72)) - OmKeyInfo.getCodec ignorePipeline = true
2024-09-18 12:54:50,933 [omNode-1-OMDoubleBufferFlushThread] INFO  helpers.OmKeyInfo (OmKeyInfo.java:getCodec(72)) - OmKeyInfo.getCodec ignorePipeline = true
2024-09-18 12:54:50,933 [omNode-1-OMDoubleBufferFlushThread] INFO  helpers.OmKeyInfo (OmKeyInfo.java:getCodec(72)) - OmKeyInfo.getCodec ignorePipeline = true
2024-09-18 12:54:50,936 [main] INFO  rpc.RpcClient (RpcClient.java:createBucket(712)) - Creating Bucket: volume84331/bucket15872, with server-side default bucket layout, runner as owner, Versioning false, Storage Type set to DISK and Encryption set to false, Replication Type set to server-side default replication type, Namespace Quota set to -1, Space Quota set to -1 
2024-09-18 12:54:50,944 [omNode-1-OMStateMachineApplyTransactionThread - 0] INFO  bucket.OMBucketCreateRequest (OMBucketCreateRequest.java:validateAndUpdateCache(293)) - created bucket: bucket15872 of layout FILE_SYSTEM_OPTIMIZED in volume: volume84331
2024-09-18 12:54:50,982 [IPC Server handler 3 on default port 15007] INFO  ha.SequenceIdGenerator (SequenceIdGenerator.java:getNextId(144)) - Allocate a batch for containerId, change lastId from 0 to 1000.
2024-09-18 12:54:50,994 [76f7b79d-b0f1-40ff-adcc-a8634463f843@group-BAD221540704-StateMachineUpdater] WARN  ha.SequenceIdGenerator (SequenceIdGenerator.java:allocateBatch(257)) - Failed to allocate a batch for localId, expected lastId is 0, actual lastId is 113750153625600000.
2024-09-18 12:54:50,996 [IPC Server handler 3 on default port 15007] INFO  ha.SequenceIdGenerator (SequenceIdGenerator.java:getNextId(144)) - Allocate a batch for localId, change lastId from 113750153625600000 to 113750153625601000.
2024-09-18 12:54:51,058 [main] INFO  impl.MetricsSystemImpl (MetricsSystemImpl.java:init(158)) - XceiverClientMetrics metrics system started (again)
2024-09-18 12:54:51,256 [main] INFO  ha.OMHANodeDetails (OMHANodeDetails.java:loadOMHAConfig(121)) - ServiceID for OzoneManager is om-add-remove
2024-09-18 12:54:51,256 [main] INFO  ha.OMHANodeDetails (OMHANodeDetails.java:loadOMHAConfig(201)) - Found matching OM address with OMServiceId: om-add-remove, OMNodeId: omNode-bootstrap-1, RPC Address: localhost:15043 and Ratis port: 15046
2024-09-18 12:54:51,256 [main] INFO  ha.OMHANodeDetails (ConfUtils.java:setNodeSpecificConfigs(97)) - Setting configuration key ozone.om.http-address with value of key ozone.om.http-address.om-add-remove.omNode-bootstrap-1: 127.0.0.1:15044
2024-09-18 12:54:51,256 [main] INFO  ha.OMHANodeDetails (ConfUtils.java:setNodeSpecificConfigs(97)) - Setting configuration key ozone.om.https-address with value of key ozone.om.https-address.om-add-remove.omNode-bootstrap-1: 127.0.0.1:15045
2024-09-18 12:54:51,257 [main] INFO  ha.OMHANodeDetails (ConfUtils.java:setNodeSpecificConfigs(97)) - Setting configuration key ozone.om.address with value of key ozone.om.address.om-add-remove.omNode-bootstrap-1: 127.0.0.1:15043
2024-09-18 12:54:51,257 [main] WARN  server.ServerUtils (ServerUtils.java:getDBPath(299)) - ozone.om.db.dirs is not configured. We recommend adding this setting. Falling back to ozone.metadata.dirs instead.
2024-09-18 12:54:51,258 [main] INFO  ha.SCMNodeInfo (SCMNodeInfo.java:getPort(197)) - ConfigKey ozone.scm.client.address is deprecated, For configuring different ports for each SCM use PortConfigKey ozone.scm.client.port appended with serviceId and nodeId
2024-09-18 12:54:51,258 [main] INFO  ha.SCMNodeInfo (SCMNodeInfo.java:getPort(197)) - ConfigKey ozone.scm.block.client.address is deprecated, For configuring different ports for each SCM use PortConfigKey ozone.scm.block.client.port appended with serviceId and nodeId
2024-09-18 12:54:51,258 [main] INFO  ha.SCMNodeInfo (SCMNodeInfo.java:getPort(197)) - ConfigKey ozone.scm.security.service.address is deprecated, For configuring different ports for each SCM use PortConfigKey ozone.scm.security.service.port appended with serviceId and nodeId
2024-09-18 12:54:51,258 [main] INFO  ha.SCMNodeInfo (SCMNodeInfo.java:getPort(197)) - ConfigKey ozone.scm.datanode.address is deprecated, For configuring different ports for each SCM use PortConfigKey ozone.scm.datanode.port appended with serviceId and nodeId
2024-09-18 12:54:51,258 [main] INFO  proxy.SCMBlockLocationFailoverProxyProvider (SCMBlockLocationFailoverProxyProvider.java:<init>(115)) - Created block location fail-over proxy with 1 nodes: [nodeId=scmNode-1,nodeAddress=/127.0.0.1:15007]
OM initialization succeeded.Current cluster id for sd=/home/runner/work/ozone/ozone/hadoop-ozone/integration-test/target/test-dir/MiniOzoneClusterImpl-1474a09c-6dad-4fc4-86e4-bad221540704/omNode-bootstrap-1/om;cid=1474a09c-6dad-4fc4-86e4-bad221540704;layoutVersion=7
2024-09-18 12:54:51,264 [main] INFO  ha.OMHANodeDetails (OMHANodeDetails.java:loadOMHAConfig(121)) - ServiceID for OzoneManager is om-add-remove
2024-09-18 12:54:51,264 [main] INFO  ha.OMHANodeDetails (OMHANodeDetails.java:loadOMHAConfig(201)) - Found matching OM address with OMServiceId: om-add-remove, OMNodeId: omNode-bootstrap-1, RPC Address: localhost:15043 and Ratis port: 15046
2024-09-18 12:54:51,265 [main] INFO  ha.OMHANodeDetails (ConfUtils.java:setNodeSpecificConfigs(97)) - Setting configuration key ozone.om.http-address with value of key ozone.om.http-address.om-add-remove.omNode-bootstrap-1: 127.0.0.1:15044
2024-09-18 12:54:51,265 [main] INFO  ha.OMHANodeDetails (ConfUtils.java:setNodeSpecificConfigs(97)) - Setting configuration key ozone.om.https-address with value of key ozone.om.https-address.om-add-remove.omNode-bootstrap-1: 127.0.0.1:15045
2024-09-18 12:54:51,265 [main] INFO  ha.OMHANodeDetails (ConfUtils.java:setNodeSpecificConfigs(97)) - Setting configuration key ozone.om.address with value of key ozone.om.address.om-add-remove.omNode-bootstrap-1: 127.0.0.1:15043
2024-09-18 12:54:51,266 [main] WARN  server.ServerUtils (ServerUtils.java:getDBPath(299)) - ozone.om.db.dirs is not configured. We recommend adding this setting. Falling back to ozone.metadata.dirs instead.
2024-09-18 12:54:51,269 [main] INFO  upgrade.AbstractLayoutVersionManager (AbstractLayoutVersionManager.java:init(83)) - Initializing Layout version manager with metadata layout = HBASE_SUPPORT (version = 7), software layout = HBASE_SUPPORT (version = 7)
2024-09-18 12:54:51,333 [main] INFO  reflections.Reflections (Reflections.java:scan(219)) - Reflections took 64 ms to scan 2 urls, producing 188 keys and 552 values
2024-09-18 12:54:51,333 [main] INFO  upgrade.OMLayoutVersionManager (OMLayoutVersionManager.java:lambda$0(113)) - Skipping Upgrade Action QuotaRepairUpgradeAction since it has been finalized.
2024-09-18 12:54:51,334 [main] INFO  upgrade.OMLayoutVersionManager (OMLayoutVersionManager.java:lambda$0(113)) - Skipping Upgrade Action MockOmUpgradeAction since it has been finalized.
2024-09-18 12:54:51,334 [main] WARN  server.ServerUtils (ServerUtils.java:getDBPath(299)) - ozone.om.db.dirs is not configured. We recommend adding this setting. Falling back to ozone.metadata.dirs instead.
2024-09-18 12:54:51,334 [main] INFO  ha.SCMNodeInfo (SCMNodeInfo.java:getPort(197)) - ConfigKey ozone.scm.client.address is deprecated, For configuring different ports for each SCM use PortConfigKey ozone.scm.client.port appended with serviceId and nodeId
2024-09-18 12:54:51,335 [main] INFO  ha.SCMNodeInfo (SCMNodeInfo.java:getPort(197)) - ConfigKey ozone.scm.block.client.address is deprecated, For configuring different ports for each SCM use PortConfigKey ozone.scm.block.client.port appended with serviceId and nodeId
2024-09-18 12:54:51,335 [main] INFO  ha.SCMNodeInfo (SCMNodeInfo.java:getPort(197)) - ConfigKey ozone.scm.security.service.address is deprecated, For configuring different ports for each SCM use PortConfigKey ozone.scm.security.service.port appended with serviceId and nodeId
2024-09-18 12:54:51,335 [main] INFO  ha.SCMNodeInfo (SCMNodeInfo.java:getPort(197)) - ConfigKey ozone.scm.datanode.address is deprecated, For configuring different ports for each SCM use PortConfigKey ozone.scm.datanode.port appended with serviceId and nodeId
2024-09-18 12:54:51,335 [main] INFO  ha.SCMNodeInfo (SCMNodeInfo.java:getPort(197)) - ConfigKey ozone.scm.client.address is deprecated, For configuring different ports for each SCM use PortConfigKey ozone.scm.client.port appended with serviceId and nodeId
2024-09-18 12:54:51,335 [main] INFO  ha.SCMNodeInfo (SCMNodeInfo.java:getPort(197)) - ConfigKey ozone.scm.block.client.address is deprecated, For configuring different ports for each SCM use PortConfigKey ozone.scm.block.client.port appended with serviceId and nodeId
2024-09-18 12:54:51,336 [main] INFO  ha.SCMNodeInfo (SCMNodeInfo.java:getPort(197)) - ConfigKey ozone.scm.security.service.address is deprecated, For configuring different ports for each SCM use PortConfigKey ozone.scm.security.service.port appended with serviceId and nodeId
2024-09-18 12:54:51,336 [main] INFO  ha.SCMNodeInfo (SCMNodeInfo.java:getPort(197)) - ConfigKey ozone.scm.datanode.address is deprecated, For configuring different ports for each SCM use PortConfigKey ozone.scm.datanode.port appended with serviceId and nodeId
2024-09-18 12:54:51,336 [main] INFO  proxy.SCMBlockLocationFailoverProxyProvider (SCMBlockLocationFailoverProxyProvider.java:<init>(115)) - Created block location fail-over proxy with 1 nodes: [nodeId=scmNode-1,nodeAddress=/127.0.0.1:15007]
2024-09-18 12:54:51,338 [main] INFO  ha.SCMNodeInfo (SCMNodeInfo.java:getPort(197)) - ConfigKey ozone.scm.client.address is deprecated, For configuring different ports for each SCM use PortConfigKey ozone.scm.client.port appended with serviceId and nodeId
2024-09-18 12:54:51,338 [main] INFO  ha.SCMNodeInfo (SCMNodeInfo.java:getPort(197)) - ConfigKey ozone.scm.block.client.address is deprecated, For configuring different ports for each SCM use PortConfigKey ozone.scm.block.client.port appended with serviceId and nodeId
2024-09-18 12:54:51,338 [main] INFO  ha.SCMNodeInfo (SCMNodeInfo.java:getPort(197)) - ConfigKey ozone.scm.security.service.address is deprecated, For configuring different ports for each SCM use PortConfigKey ozone.scm.security.service.port appended with serviceId and nodeId
2024-09-18 12:54:51,338 [main] INFO  ha.SCMNodeInfo (SCMNodeInfo.java:getPort(197)) - ConfigKey ozone.scm.datanode.address is deprecated, For configuring different ports for each SCM use PortConfigKey ozone.scm.datanode.port appended with serviceId and nodeId
2024-09-18 12:54:51,338 [main] INFO  proxy.SCMBlockLocationFailoverProxyProvider (SCMBlockLocationFailoverProxyProvider.java:<init>(115)) - Created block location fail-over proxy with 1 nodes: [nodeId=scmNode-1,nodeAddress=/127.0.0.1:15007]
2024-09-18 12:54:51,342 [main] INFO  om.OzoneManager (OzoneManager.java:<init>(702)) - OM start with adminUsers: [runner]
2024-09-18 12:54:51,344 [main] WARN  server.ServerUtils (ServerUtils.java:getDBPath(299)) - ozone.om.db.dirs is not configured. We recommend adding this setting. Falling back to ozone.metadata.dirs instead.
2024-09-18 12:54:51,344 [main] INFO  helpers.OmKeyInfo (OmKeyInfo.java:getCodec(72)) - OmKeyInfo.getCodec ignorePipeline = true
2024-09-18 12:54:51,521 [main] INFO  om.OzoneManager (OzoneManager.java:instantiateServices(836)) - S3 Multi-Tenancy is disabled
2024-09-18 12:54:51,521 [main] INFO  om.OmSnapshotManager (OmSnapshotManager.java:<init>(182)) - Ozone filesystem snapshot feature is enabled.
2024-09-18 12:54:51,521 [main] WARN  server.ServerUtils (ServerUtils.java:getDBPath(299)) - ozone.om.snapshot.diff.db.dir is not configured. We recommend adding this setting. Falling back to ozone.metadata.dirs instead.
2024-09-18 12:54:51,547 [main] INFO  utils.NativeLibraryLoader (NativeLibraryLoader.java:loadLibrary(111)) - Loading Library: ozone_rocksdb_tools
2024-09-18 12:54:51,547 [main] ERROR snapshot.SnapshotDiffManager (SnapshotDiffManager.java:initNativeLibraryForEfficientDiff(287)) - Native Library for raw sst file reading loading failed.
org.apache.hadoop.hdds.utils.NativeLibraryNotLoadedException: Unable to load library ozone_rocksdb_tools from both java.library.path & resource file libozone_rocksdb_tools.so from jar.
	at org.apache.hadoop.hdds.utils.db.managed.ManagedRawSSTFileReader.loadLibrary(ManagedRawSSTFileReader.java:40)
	at org.apache.hadoop.ozone.om.snapshot.SnapshotDiffManager.initNativeLibraryForEfficientDiff(SnapshotDiffManager.java:285)
	at org.apache.hadoop.ozone.om.snapshot.SnapshotDiffManager.<init>(SnapshotDiffManager.java:259)
	at org.apache.hadoop.ozone.om.OmSnapshotManager.<init>(OmSnapshotManager.java:289)
	at org.apache.hadoop.ozone.om.OzoneManager.instantiateServices(OzoneManager.java:888)
	at org.apache.hadoop.ozone.om.OzoneManager.<init>(OzoneManager.java:712)
	at org.apache.hadoop.ozone.om.OzoneManager.createOm(OzoneManager.java:804)
	at org.apache.hadoop.ozone.MiniOzoneHAClusterImpl.bootstrapNewOM(MiniOzoneHAClusterImpl.java:828)
	at org.apache.hadoop.ozone.MiniOzoneHAClusterImpl.bootstrapOzoneManager(MiniOzoneHAClusterImpl.java:749)
	at org.apache.hadoop.ozone.om.TestAddRemoveOzoneManager.lambda$testBootstrapWithoutConfigUpdate$1(TestAddRemoveOzoneManager.java:247)
	at org.junit.jupiter.api.AssertThrows.assertThrows(AssertThrows.java:53)
	at org.junit.jupiter.api.AssertThrows.assertThrows(AssertThrows.java:39)
	at org.junit.jupiter.api.Assertions.assertThrows(Assertions.java:3131)
	at org.apache.hadoop.ozone.om.TestAddRemoveOzoneManager.testBootstrapWithoutConfigUpdate(TestAddRemoveOzoneManager.java:247)
	at java.base/jdk.internal.reflect.NativeMethodAccessorImpl.invoke0(Native Method)
	at java.base/jdk.internal.reflect.NativeMethodAccessorImpl.invoke(NativeMethodAccessorImpl.java:77)
	at java.base/jdk.internal.reflect.DelegatingMethodAccessorImpl.invoke(DelegatingMethodAccessorImpl.java:43)
	at java.base/java.lang.reflect.Method.invoke(Method.java:569)
	at org.junit.platform.commons.util.ReflectionUtils.invokeMethod(ReflectionUtils.java:728)
	at org.junit.jupiter.engine.execution.MethodInvocation.proceed(MethodInvocation.java:60)
	at org.junit.jupiter.engine.execution.InvocationInterceptorChain$ValidatingInvocation.proceed(InvocationInterceptorChain.java:131)
	at org.junit.jupiter.engine.extension.SameThreadTimeoutInvocation.proceed(SameThreadTimeoutInvocation.java:45)
	at org.junit.jupiter.engine.extension.TimeoutExtension.intercept(TimeoutExtension.java:156)
	at org.junit.jupiter.engine.extension.TimeoutExtension.interceptTestableMethod(TimeoutExtension.java:147)
	at org.junit.jupiter.engine.extension.TimeoutExtension.interceptTestMethod(TimeoutExtension.java:86)
	at org.junit.jupiter.engine.execution.InterceptingExecutableInvoker$ReflectiveInterceptorCall.lambda$ofVoidMethod$0(InterceptingExecutableInvoker.java:103)
	at org.junit.jupiter.engine.execution.InterceptingExecutableInvoker.lambda$invoke$0(InterceptingExecutableInvoker.java:93)
	at org.junit.jupiter.engine.execution.InvocationInterceptorChain$InterceptedInvocation.proceed(InvocationInterceptorChain.java:106)
	at org.junit.jupiter.engine.execution.InvocationInterceptorChain.proceed(InvocationInterceptorChain.java:64)
	at org.junit.jupiter.engine.execution.InvocationInterceptorChain.chainAndInvoke(InvocationInterceptorChain.java:45)
	at org.junit.jupiter.engine.execution.InvocationInterceptorChain.invoke(InvocationInterceptorChain.java:37)
	at org.junit.jupiter.engine.execution.InterceptingExecutableInvoker.invoke(InterceptingExecutableInvoker.java:92)
	at org.junit.jupiter.engine.execution.InterceptingExecutableInvoker.invoke(InterceptingExecutableInvoker.java:86)
	at org.junit.jupiter.engine.descriptor.TestMethodTestDescriptor.lambda$invokeTestMethod$7(TestMethodTestDescriptor.java:218)
	at org.junit.platform.engine.support.hierarchical.ThrowableCollector.execute(ThrowableCollector.java:73)
	at org.junit.jupiter.engine.descriptor.TestMethodTestDescriptor.invokeTestMethod(TestMethodTestDescriptor.java:214)
	at org.junit.jupiter.engine.descriptor.TestMethodTestDescriptor.execute(TestMethodTestDescriptor.java:139)
	at org.junit.jupiter.engine.descriptor.TestMethodTestDescriptor.execute(TestMethodTestDescriptor.java:69)
	at org.junit.platform.engine.support.hierarchical.NodeTestTask.lambda$executeRecursively$6(NodeTestTask.java:151)
	at org.junit.platform.engine.support.hierarchical.ThrowableCollector.execute(ThrowableCollector.java:73)
	at org.junit.platform.engine.support.hierarchical.NodeTestTask.lambda$executeRecursively$8(NodeTestTask.java:141)
	at org.junit.platform.engine.support.hierarchical.Node.around(Node.java:137)
	at org.junit.platform.engine.support.hierarchical.NodeTestTask.lambda$executeRecursively$9(NodeTestTask.java:139)
	at org.junit.platform.engine.support.hierarchical.ThrowableCollector.execute(ThrowableCollector.java:73)
	at org.junit.platform.engine.support.hierarchical.NodeTestTask.executeRecursively(NodeTestTask.java:138)
	at org.junit.platform.engine.support.hierarchical.NodeTestTask.execute(NodeTestTask.java:95)
	at java.base/java.util.ArrayList.forEach(ArrayList.java:1511)
	at org.junit.platform.engine.support.hierarchical.SameThreadHierarchicalTestExecutorService.invokeAll(SameThreadHierarchicalTestExecutorService.java:41)
	at org.junit.platform.engine.support.hierarchical.NodeTestTask.lambda$executeRecursively$6(NodeTestTask.java:155)
	at org.junit.platform.engine.support.hierarchical.ThrowableCollector.execute(ThrowableCollector.java:73)
	at org.junit.platform.engine.support.hierarchical.NodeTestTask.lambda$executeRecursively$8(NodeTestTask.java:141)
	at org.junit.platform.engine.support.hierarchical.Node.around(Node.java:137)
	at org.junit.platform.engine.support.hierarchical.NodeTestTask.lambda$executeRecursively$9(NodeTestTask.java:139)
	at org.junit.platform.engine.support.hierarchical.ThrowableCollector.execute(ThrowableCollector.java:73)
	at org.junit.platform.engine.support.hierarchical.NodeTestTask.executeRecursively(NodeTestTask.java:138)
	at org.junit.platform.engine.support.hierarchical.NodeTestTask.execute(NodeTestTask.java:95)
	at java.base/java.util.ArrayList.forEach(ArrayList.java:1511)
	at org.junit.platform.engine.support.hierarchical.SameThreadHierarchicalTestExecutorService.invokeAll(SameThreadHierarchicalTestExecutorService.java:41)
	at org.junit.platform.engine.support.hierarchical.NodeTestTask.lambda$executeRecursively$6(NodeTestTask.java:155)
	at org.junit.platform.engine.support.hierarchical.ThrowableCollector.execute(ThrowableCollector.java:73)
	at org.junit.platform.engine.support.hierarchical.NodeTestTask.lambda$executeRecursively$8(NodeTestTask.java:141)
	at org.junit.platform.engine.support.hierarchical.Node.around(Node.java:137)
	at org.junit.platform.engine.support.hierarchical.NodeTestTask.lambda$executeRecursively$9(NodeTestTask.java:139)
	at org.junit.platform.engine.support.hierarchical.ThrowableCollector.execute(ThrowableCollector.java:73)
	at org.junit.platform.engine.support.hierarchical.NodeTestTask.executeRecursively(NodeTestTask.java:138)
	at org.junit.platform.engine.support.hierarchical.NodeTestTask.execute(NodeTestTask.java:95)
	at org.junit.platform.engine.support.hierarchical.SameThreadHierarchicalTestExecutorService.submit(SameThreadHierarchicalTestExecutorService.java:35)
	at org.junit.platform.engine.support.hierarchical.HierarchicalTestExecutor.execute(HierarchicalTestExecutor.java:57)
	at org.junit.platform.engine.support.hierarchical.HierarchicalTestEngine.execute(HierarchicalTestEngine.java:54)
	at org.junit.platform.launcher.core.EngineExecutionOrchestrator.execute(EngineExecutionOrchestrator.java:198)
	at org.junit.platform.launcher.core.EngineExecutionOrchestrator.execute(EngineExecutionOrchestrator.java:169)
	at org.junit.platform.launcher.core.EngineExecutionOrchestrator.execute(EngineExecutionOrchestrator.java:93)
	at org.junit.platform.launcher.core.EngineExecutionOrchestrator.lambda$execute$0(EngineExecutionOrchestrator.java:58)
	at org.junit.platform.launcher.core.EngineExecutionOrchestrator.withInterceptedStreams(EngineExecutionOrchestrator.java:141)
	at org.junit.platform.launcher.core.EngineExecutionOrchestrator.execute(EngineExecutionOrchestrator.java:57)
	at org.junit.platform.launcher.core.DefaultLauncher.execute(DefaultLauncher.java:103)
	at org.junit.platform.launcher.core.DefaultLauncher.execute(DefaultLauncher.java:85)
	at org.junit.platform.launcher.core.DelegatingLauncher.execute(DelegatingLauncher.java:47)
	at org.junit.platform.launcher.core.SessionPerRequestLauncher.execute(SessionPerRequestLauncher.java:63)
	at org.apache.maven.surefire.junitplatform.JUnitPlatformProvider.invokeAllTests(JUnitPlatformProvider.java:154)
	at org.apache.maven.surefire.junitplatform.JUnitPlatformProvider.invoke(JUnitPlatformProvider.java:123)
	at org.apache.maven.surefire.booter.ForkedBooter.runSuitesInProcess(ForkedBooter.java:377)
	at org.apache.maven.surefire.booter.ForkedBooter.execute(ForkedBooter.java:138)
	at org.apache.maven.surefire.booter.ForkedBooter.run(ForkedBooter.java:465)
	at org.apache.maven.surefire.booter.ForkedBooter.main(ForkedBooter.java:451)
2024-09-18 12:54:51,551 [main] INFO  om.OzoneManager (OzoneManager.java:addS3GVolumeToDB(4557)) - Created Volume s3v With Owner runner required for S3Gateway operations.
2024-09-18 12:54:51,551 [main] WARN  server.ServerUtils (ServerUtils.java:getDefaultRatisDirectory(311)) - Storage directory for Ratis is not configured. It is a good idea to map this to an SSD disk. Falling back to ozone.metadata.dirs
2024-09-18 12:54:51,551 [main] WARN  utils.OzoneManagerRatisUtils (OzoneManagerRatisUtils.java:getOMRatisSnapshotDirectory(481)) - ozone.om.ratis.snapshot.dir is not configured. Falling back to ozone.metadata.dirs config
2024-09-18 12:54:51,553 [main] INFO  utils.RDBSnapshotProvider (RDBSnapshotProvider.java:init(87)) - Cleaning up the candidate dir: /home/runner/work/ozone/ozone/hadoop-ozone/integration-test/target/test-dir/MiniOzoneClusterImpl-1474a09c-6dad-4fc4-86e4-bad221540704/omNode-bootstrap-1/snapshot/om.db.candidate
2024-09-18 12:54:51,554 [main] INFO  ratis_snapshot.OmRatisSnapshotProvider (OmRatisSnapshotProvider.java:<init>(99)) - Initializing OM Snapshot Provider
2024-09-18 12:54:51,723 [main] WARN  dropwizard3.Dm3MetricRegistriesImpl (Dm3MetricRegistriesImpl.java:addReporterRegistration(114)) - New reporters are added after registries were created. Some metrics will be missing from the reporter. Please add reporter before adding any new registry.
2024-09-18 12:54:51,724 [main] WARN  dropwizard3.Dm3MetricRegistriesImpl (Dm3MetricRegistriesImpl.java:addReporterRegistration(114)) - New reporters are added after registries were created. Some metrics will be missing from the reporter. Please add reporter before adding any new registry.
2024-09-18 12:54:51,724 [main] WARN  server.ServerUtils (ServerUtils.java:getDefaultRatisDirectory(311)) - Storage directory for Ratis is not configured. It is a good idea to map this to an SSD disk. Falling back to ozone.metadata.dirs
2024-09-18 12:54:51,724 [main] INFO  server.RaftServerConfigKeys (ConfUtils.java:logGet(46)) - raft.server.log.appender.buffer.byte-limit = 4194304 (custom)
2024-09-18 12:54:51,725 [main] INFO  ratis.OzoneManagerRatisServer (OzoneManagerRatisServer.java:<init>(162)) - OM started in Bootstrap mode. Instantiating OM Ratis server with groupID: om-add-remove
2024-09-18 12:54:51,726 [main] INFO  ratis.OzoneManagerStateMachine (OzoneManagerStateMachine.java:loadSnapshotInfoFromDB(593)) - TransactionInfo not found in OM DB.
2024-09-18 12:54:51,727 [main] INFO  server.RaftServer (ConfUtils.java:logGet(46)) - raft.rpc.type = GRPC (default)
2024-09-18 12:54:51,727 [main] INFO  grpc.GrpcConfigKeys (ConfUtils.java:logFallback(53)) - raft.grpc.admin.host = null (fallback to raft.grpc.server.host)
2024-09-18 12:54:51,727 [main] INFO  grpc.GrpcConfigKeys (ConfUtils.java:logFallback(53)) - raft.grpc.admin.port = 15046 (fallback to raft.grpc.server.port)
2024-09-18 12:54:51,727 [main] INFO  grpc.GrpcConfigKeys (ConfUtils.java:logFallback(53)) - raft.grpc.client.host = null (fallback to raft.grpc.server.host)
2024-09-18 12:54:51,727 [main] INFO  grpc.GrpcConfigKeys (ConfUtils.java:logFallback(53)) - raft.grpc.client.port = 15046 (fallback to raft.grpc.server.port)
2024-09-18 12:54:51,727 [main] INFO  grpc.GrpcConfigKeys (ConfUtils.java:logGet(46)) - raft.grpc.server.host = null (default)
2024-09-18 12:54:51,727 [main] INFO  grpc.GrpcConfigKeys (ConfUtils.java:logGet(46)) - raft.grpc.server.port = 15046 (custom)
2024-09-18 12:54:51,728 [main] INFO  server.GrpcService (ConfUtils.java:logGet(46)) - raft.grpc.message.size.max = 5242880 (custom)
2024-09-18 12:54:51,728 [main] INFO  server.RaftServerConfigKeys (ConfUtils.java:logGet(46)) - raft.server.log.appender.buffer.byte-limit = 4194304 (custom)
2024-09-18 12:54:51,728 [main] INFO  server.GrpcService (ConfUtils.java:logGet(46)) - raft.grpc.flow.control.window = 1MB (=1048576) (default)
2024-09-18 12:54:51,728 [main] INFO  server.RaftServerConfigKeys (ConfUtils.java:logGet(46)) - raft.server.rpc.request.timeout = 3000ms (default)
2024-09-18 12:54:51,728 [main] INFO  grpc.GrpcConfigKeys (ConfUtils.java:logGet(46)) - raft.grpc.server.heartbeat.channel = true (default)
2024-09-18 12:54:51,728 [main] INFO  grpc.GrpcConfigKeys (ConfUtils.java:logGet(46)) - raft.grpc.server.async.request.thread.pool.cached = true (default)
2024-09-18 12:54:51,728 [main] INFO  grpc.GrpcConfigKeys (ConfUtils.java:logGet(46)) - raft.grpc.server.async.request.thread.pool.size = 32 (default)
2024-09-18 12:54:51,729 [main] INFO  impl.DataStreamServerImpl (ConfUtils.java:logGet(46)) - raft.datastream.type = DISABLED (default)
2024-09-18 12:54:51,729 [main] INFO  server.RaftServerConfigKeys (ConfUtils.java:logGet(46)) - raft.server.sleep.deviation.threshold = 300ms (default)
2024-09-18 12:54:51,729 [main] INFO  server.RaftServerConfigKeys (ConfUtils.java:logGet(46)) - raft.server.close.threshold = 60s (default)
2024-09-18 12:54:51,729 [main] INFO  server.RaftServerConfigKeys (ConfUtils.java:logGet(46)) - raft.server.leaderelection.leader.step-down.wait-time = 10s (default)
2024-09-18 12:54:51,729 [main] INFO  server.RaftServerConfigKeys (ConfUtils.java:logGet(46)) - raft.server.storage.dir = [/home/runner/work/ozone/ozone/hadoop-ozone/integration-test/target/test-dir/MiniOzoneClusterImpl-1474a09c-6dad-4fc4-86e4-bad221540704/omNode-bootstrap-1/ratis] (custom)
2024-09-18 12:54:51,729 [main] INFO  server.RaftServerConfigKeys (ConfUtils.java:logGet(46)) - raft.server.threadpool.proxy.cached = true (default)
2024-09-18 12:54:51,730 [main] INFO  server.RaftServerConfigKeys (ConfUtils.java:logGet(46)) - raft.server.threadpool.proxy.size = 0 (default)
2024-09-18 12:54:51,730 [main] INFO  server.RaftServer (RaftServerProxy.java:addNew(101)) - omNode-bootstrap-1: addNew group-0AAC5367B30E:[] returns group-0AAC5367B30E:java.util.concurrent.CompletableFuture@68548f59[Not completed]
2024-09-18 12:54:51,730 [omNode-bootstrap-1-groupManagement] INFO  server.RaftServer$Division (RaftServerImpl.java:<init>(253)) - omNode-bootstrap-1: new RaftServerImpl for group-0AAC5367B30E:[] with OzoneManagerStateMachine:uninitialized
2024-09-18 12:54:51,730 [omNode-bootstrap-1-groupManagement] INFO  server.RaftServerConfigKeys (ConfUtils.java:logGet(46)) - raft.server.rpc.timeout.min = 1s (custom)
2024-09-18 12:54:51,731 [omNode-bootstrap-1-groupManagement] INFO  server.RaftServerConfigKeys (ConfUtils.java:logGet(46)) - raft.server.rpc.timeout.max = 1200ms (custom)
2024-09-18 12:54:51,731 [omNode-bootstrap-1-groupManagement] INFO  server.RaftServerConfigKeys (ConfUtils.java:logGet(46)) - raft.server.rpc.sleep.time = 25ms (default)
2024-09-18 12:54:51,731 [omNode-bootstrap-1-groupManagement] INFO  server.RaftServerConfigKeys (ConfUtils.java:logGet(46)) - raft.server.rpc.slowness.timeout = 2s (custom)
2024-09-18 12:54:51,731 [omNode-bootstrap-1-groupManagement] INFO  server.RaftServerConfigKeys (ConfUtils.java:logGet(46)) - raft.server.leaderelection.leader.step-down.wait-time = 10s (default)
2024-09-18 12:54:51,731 [omNode-bootstrap-1-groupManagement] INFO  server.RaftServerConfigKeys (ConfUtils.java:logGet(46)) - raft.server.leaderelection.member.majority-add = false (default)
2024-09-18 12:54:51,730 [main] INFO  om.OzoneManager (OzoneManager.java:initializeRatisServer(2205)) - OzoneManager Ratis server initialized at port 15046
2024-09-18 12:54:51,731 [main] INFO  om.OzoneManager (OzoneManager.java:getRpcServer(1252)) - Creating RPC Server
2024-09-18 12:54:51,732 [omNode-bootstrap-1-groupManagement] INFO  server.RaftServerConfigKeys (ConfUtils.java:logGet(46)) - raft.server.sleep.deviation.threshold = 300ms (default)
2024-09-18 12:54:51,732 [omNode-bootstrap-1-groupManagement] INFO  server.RaftServer$Division (ServerState.java:<init>(114)) - omNode-bootstrap-1@group-0AAC5367B30E: ConfigurationManager, init=conf: {index: -1, cur=peers:[]|listeners:[], old=null}, confs=<EMPTY_MAP>
2024-09-18 12:54:51,733 [omNode-bootstrap-1-groupManagement] INFO  server.RaftServerConfigKeys (ConfUtils.java:logGet(46)) - raft.server.notification.no-leader.timeout = 2s (custom)
2024-09-18 12:54:51,733 [omNode-bootstrap-1-groupManagement] INFO  server.RaftServerConfigKeys (ConfUtils.java:logGet(46)) - raft.server.read.timeout = 10s (default)
2024-09-18 12:54:51,733 [omNode-bootstrap-1-groupManagement] INFO  server.RaftServerConfigKeys (ConfUtils.java:logGet(46)) - raft.server.retrycache.expirytime = 300s (custom)
2024-09-18 12:54:51,733 [omNode-bootstrap-1-groupManagement] INFO  server.RaftServerConfigKeys (ConfUtils.java:logGet(46)) - raft.server.retrycache.statistics.expirytime = 100ms (default)
2024-09-18 12:54:51,733 [omNode-bootstrap-1-groupManagement] INFO  server.RaftServerConfigKeys (ConfUtils.java:logGet(46)) - raft.server.read.option = DEFAULT (default)
2024-09-18 12:54:51,733 [omNode-bootstrap-1-groupManagement] INFO  server.RaftServerConfigKeys (ConfUtils.java:logGet(46)) - raft.server.read.read-after-write-consistent.write-index-cache.expiry-time = 60s (default)
2024-09-18 12:54:51,762 [omNode-bootstrap-1-groupManagement] INFO  server.RaftServerConfigKeys (ConfUtils.java:logGet(46)) - raft.server.rpc.request.timeout = 3000ms (default)
2024-09-18 12:54:51,762 [omNode-bootstrap-1-groupManagement] INFO  server.RaftServerConfigKeys (ConfUtils.java:logGet(46)) - raft.server.log.appender.install.snapshot.enabled = false (custom)
2024-09-18 12:54:51,763 [omNode-bootstrap-1-groupManagement] INFO  server.RaftServerConfigKeys (ConfUtils.java:logGet(46)) - raft.server.threadpool.server.cached = true (default)
2024-09-18 12:54:51,763 [omNode-bootstrap-1-groupManagement] INFO  server.RaftServerConfigKeys (ConfUtils.java:logGet(46)) - raft.server.threadpool.server.size = 0 (default)
2024-09-18 12:54:51,764 [omNode-bootstrap-1-groupManagement] INFO  server.RaftServerConfigKeys (ConfUtils.java:logGet(46)) - raft.server.threadpool.client.cached = true (default)
2024-09-18 12:54:51,764 [omNode-bootstrap-1-groupManagement] INFO  server.RaftServerConfigKeys (ConfUtils.java:logGet(46)) - raft.server.threadpool.client.size = 0 (default)
2024-09-18 12:54:52,139 [main] INFO  reflections.Reflections (Reflections.java:scan(219)) - Reflections took 406 ms to scan 20 urls, producing 59 keys and 7195 values
2024-09-18 12:54:52,141 [main] INFO  ipc.CallQueueManager (CallQueueManager.java:<init>(90)) - Using callQueue: class java.util.concurrent.LinkedBlockingQueue, queueCapacity: 2000, scheduler: class org.apache.hadoop.ipc.DefaultRpcScheduler, ipcBackoff: false.
2024-09-18 12:54:52,141 [main] INFO  ipc.Server (Server.java:<init>(1287)) - Listener at 127.0.0.1:15043
2024-09-18 12:54:52,144 [Socket Reader #1 for port 15043] INFO  ipc.Server (Server.java:run(1323)) - Starting Socket Reader #1 for port 15043
2024-09-18 12:54:52,145 [Socket Reader #2 for port 15043] INFO  ipc.Server (Server.java:run(1323)) - Starting Socket Reader #2 for port 15043
2024-09-18 12:54:52,149 [Socket Reader #3 for port 15043] INFO  ipc.Server (Server.java:run(1323)) - Starting Socket Reader #3 for port 15043
2024-09-18 12:54:52,153 [Socket Reader #4 for port 15043] INFO  ipc.Server (Server.java:run(1323)) - Starting Socket Reader #4 for port 15043
2024-09-18 12:54:52,157 [Socket Reader #5 for port 15043] INFO  ipc.Server (Server.java:run(1323)) - Starting Socket Reader #5 for port 15043
2024-09-18 12:54:52,160 [Socket Reader #6 for port 15043] INFO  ipc.Server (Server.java:run(1323)) - Starting Socket Reader #6 for port 15043
2024-09-18 12:54:52,161 [Socket Reader #8 for port 15043] INFO  ipc.Server (Server.java:run(1323)) - Starting Socket Reader #8 for port 15043
2024-09-18 12:54:52,161 [Socket Reader #7 for port 15043] INFO  ipc.Server (Server.java:run(1323)) - Starting Socket Reader #7 for port 15043
2024-09-18 12:54:52,161 [Socket Reader #10 for port 15043] INFO  ipc.Server (Server.java:run(1323)) - Starting Socket Reader #10 for port 15043
2024-09-18 12:54:52,161 [Socket Reader #9 for port 15043] INFO  ipc.Server (Server.java:run(1323)) - Starting Socket Reader #9 for port 15043
2024-09-18 12:54:52,203 [main] ERROR om.OzoneManager (OzoneManager.java:checkConfigBeforeBootstrap(1886)) - Remote OM config check failed on OM omNode-1
java.io.IOException: Remote OM omNode-1 does not have the bootstrapping OM(omNode-bootstrap-1) information on reloading configs or it could not resolve the address.
	at org.apache.hadoop.ozone.om.OzoneManager.checkRemoteOMConfig(OzoneManager.java:1919)
	at org.apache.hadoop.ozone.om.OzoneManager.checkConfigBeforeBootstrap(OzoneManager.java:1884)
	at org.apache.hadoop.ozone.om.OzoneManager.start(OzoneManager.java:1669)
	at org.apache.hadoop.ozone.MiniOzoneHAClusterImpl$MiniOzoneHAService.startInactiveService(MiniOzoneHAClusterImpl.java:993)
	at org.apache.hadoop.ozone.MiniOzoneHAClusterImpl.startInactiveOM(MiniOzoneHAClusterImpl.java:189)
	at org.apache.hadoop.ozone.MiniOzoneHAClusterImpl.bootstrapNewOM(MiniOzoneHAClusterImpl.java:834)
	at org.apache.hadoop.ozone.MiniOzoneHAClusterImpl.bootstrapOzoneManager(MiniOzoneHAClusterImpl.java:749)
	at org.apache.hadoop.ozone.om.TestAddRemoveOzoneManager.lambda$testBootstrapWithoutConfigUpdate$1(TestAddRemoveOzoneManager.java:247)
	at org.junit.jupiter.api.AssertThrows.assertThrows(AssertThrows.java:53)
	at org.junit.jupiter.api.AssertThrows.assertThrows(AssertThrows.java:39)
	at org.junit.jupiter.api.Assertions.assertThrows(Assertions.java:3131)
	at org.apache.hadoop.ozone.om.TestAddRemoveOzoneManager.testBootstrapWithoutConfigUpdate(TestAddRemoveOzoneManager.java:247)
	at java.base/jdk.internal.reflect.NativeMethodAccessorImpl.invoke0(Native Method)
	at java.base/jdk.internal.reflect.NativeMethodAccessorImpl.invoke(NativeMethodAccessorImpl.java:77)
	at java.base/jdk.internal.reflect.DelegatingMethodAccessorImpl.invoke(DelegatingMethodAccessorImpl.java:43)
	at java.base/java.lang.reflect.Method.invoke(Method.java:569)
	at org.junit.platform.commons.util.ReflectionUtils.invokeMethod(ReflectionUtils.java:728)
	at org.junit.jupiter.engine.execution.MethodInvocation.proceed(MethodInvocation.java:60)
	at org.junit.jupiter.engine.execution.InvocationInterceptorChain$ValidatingInvocation.proceed(InvocationInterceptorChain.java:131)
	at org.junit.jupiter.engine.extension.SameThreadTimeoutInvocation.proceed(SameThreadTimeoutInvocation.java:45)
	at org.junit.jupiter.engine.extension.TimeoutExtension.intercept(TimeoutExtension.java:156)
	at org.junit.jupiter.engine.extension.TimeoutExtension.interceptTestableMethod(TimeoutExtension.java:147)
	at org.junit.jupiter.engine.extension.TimeoutExtension.interceptTestMethod(TimeoutExtension.java:86)
	at org.junit.jupiter.engine.execution.InterceptingExecutableInvoker$ReflectiveInterceptorCall.lambda$ofVoidMethod$0(InterceptingExecutableInvoker.java:103)
	at org.junit.jupiter.engine.execution.InterceptingExecutableInvoker.lambda$invoke$0(InterceptingExecutableInvoker.java:93)
	at org.junit.jupiter.engine.execution.InvocationInterceptorChain$InterceptedInvocation.proceed(InvocationInterceptorChain.java:106)
	at org.junit.jupiter.engine.execution.InvocationInterceptorChain.proceed(InvocationInterceptorChain.java:64)
	at org.junit.jupiter.engine.execution.InvocationInterceptorChain.chainAndInvoke(InvocationInterceptorChain.java:45)
	at org.junit.jupiter.engine.execution.InvocationInterceptorChain.invoke(InvocationInterceptorChain.java:37)
	at org.junit.jupiter.engine.execution.InterceptingExecutableInvoker.invoke(InterceptingExecutableInvoker.java:92)
	at org.junit.jupiter.engine.execution.InterceptingExecutableInvoker.invoke(InterceptingExecutableInvoker.java:86)
	at org.junit.jupiter.engine.descriptor.TestMethodTestDescriptor.lambda$invokeTestMethod$7(TestMethodTestDescriptor.java:218)
	at org.junit.platform.engine.support.hierarchical.ThrowableCollector.execute(ThrowableCollector.java:73)
	at org.junit.jupiter.engine.descriptor.TestMethodTestDescriptor.invokeTestMethod(TestMethodTestDescriptor.java:214)
	at org.junit.jupiter.engine.descriptor.TestMethodTestDescriptor.execute(TestMethodTestDescriptor.java:139)
	at org.junit.jupiter.engine.descriptor.TestMethodTestDescriptor.execute(TestMethodTestDescriptor.java:69)
	at org.junit.platform.engine.support.hierarchical.NodeTestTask.lambda$executeRecursively$6(NodeTestTask.java:151)
	at org.junit.platform.engine.support.hierarchical.ThrowableCollector.execute(ThrowableCollector.java:73)
	at org.junit.platform.engine.support.hierarchical.NodeTestTask.lambda$executeRecursively$8(NodeTestTask.java:141)
	at org.junit.platform.engine.support.hierarchical.Node.around(Node.java:137)
	at org.junit.platform.engine.support.hierarchical.NodeTestTask.lambda$executeRecursively$9(NodeTestTask.java:139)
	at org.junit.platform.engine.support.hierarchical.ThrowableCollector.execute(ThrowableCollector.java:73)
	at org.junit.platform.engine.support.hierarchical.NodeTestTask.executeRecursively(NodeTestTask.java:138)
	at org.junit.platform.engine.support.hierarchical.NodeTestTask.execute(NodeTestTask.java:95)
	at java.base/java.util.ArrayList.forEach(ArrayList.java:1511)
	at org.junit.platform.engine.support.hierarchical.SameThreadHierarchicalTestExecutorService.invokeAll(SameThreadHierarchicalTestExecutorService.java:41)
	at org.junit.platform.engine.support.hierarchical.NodeTestTask.lambda$executeRecursively$6(NodeTestTask.java:155)
	at org.junit.platform.engine.support.hierarchical.ThrowableCollector.execute(ThrowableCollector.java:73)
	at org.junit.platform.engine.support.hierarchical.NodeTestTask.lambda$executeRecursively$8(NodeTestTask.java:141)
	at org.junit.platform.engine.support.hierarchical.Node.around(Node.java:137)
	at org.junit.platform.engine.support.hierarchical.NodeTestTask.lambda$executeRecursively$9(NodeTestTask.java:139)
	at org.junit.platform.engine.support.hierarchical.ThrowableCollector.execute(ThrowableCollector.java:73)
	at org.junit.platform.engine.support.hierarchical.NodeTestTask.executeRecursively(NodeTestTask.java:138)
	at org.junit.platform.engine.support.hierarchical.NodeTestTask.execute(NodeTestTask.java:95)
	at java.base/java.util.ArrayList.forEach(ArrayList.java:1511)
	at org.junit.platform.engine.support.hierarchical.SameThreadHierarchicalTestExecutorService.invokeAll(SameThreadHierarchicalTestExecutorService.java:41)
	at org.junit.platform.engine.support.hierarchical.NodeTestTask.lambda$executeRecursively$6(NodeTestTask.java:155)
	at org.junit.platform.engine.support.hierarchical.ThrowableCollector.execute(ThrowableCollector.java:73)
	at org.junit.platform.engine.support.hierarchical.NodeTestTask.lambda$executeRecursively$8(NodeTestTask.java:141)
	at org.junit.platform.engine.support.hierarchical.Node.around(Node.java:137)
	at org.junit.platform.engine.support.hierarchical.NodeTestTask.lambda$executeRecursively$9(NodeTestTask.java:139)
	at org.junit.platform.engine.support.hierarchical.ThrowableCollector.execute(ThrowableCollector.java:73)
	at org.junit.platform.engine.support.hierarchical.NodeTestTask.executeRecursively(NodeTestTask.java:138)
	at org.junit.platform.engine.support.hierarchical.NodeTestTask.execute(NodeTestTask.java:95)
	at org.junit.platform.engine.support.hierarchical.SameThreadHierarchicalTestExecutorService.submit(SameThreadHierarchicalTestExecutorService.java:35)
	at org.junit.platform.engine.support.hierarchical.HierarchicalTestExecutor.execute(HierarchicalTestExecutor.java:57)
	at org.junit.platform.engine.support.hierarchical.HierarchicalTestEngine.execute(HierarchicalTestEngine.java:54)
	at org.junit.platform.launcher.core.EngineExecutionOrchestrator.execute(EngineExecutionOrchestrator.java:198)
	at org.junit.platform.launcher.core.EngineExecutionOrchestrator.execute(EngineExecutionOrchestrator.java:169)
	at org.junit.platform.launcher.core.EngineExecutionOrchestrator.execute(EngineExecutionOrchestrator.java:93)
	at org.junit.platform.launcher.core.EngineExecutionOrchestrator.lambda$execute$0(EngineExecutionOrchestrator.java:58)
	at org.junit.platform.launcher.core.EngineExecutionOrchestrator.withInterceptedStreams(EngineExecutionOrchestrator.java:141)
	at org.junit.platform.launcher.core.EngineExecutionOrchestrator.execute(EngineExecutionOrchestrator.java:57)
	at org.junit.platform.launcher.core.DefaultLauncher.execute(DefaultLauncher.java:103)
	at org.junit.platform.launcher.core.DefaultLauncher.execute(DefaultLauncher.java:85)
	at org.junit.platform.launcher.core.DelegatingLauncher.execute(DelegatingLauncher.java:47)
	at org.junit.platform.launcher.core.SessionPerRequestLauncher.execute(SessionPerRequestLauncher.java:63)
	at org.apache.maven.surefire.junitplatform.JUnitPlatformProvider.invokeAllTests(JUnitPlatformProvider.java:154)
	at org.apache.maven.surefire.junitplatform.JUnitPlatformProvider.invoke(JUnitPlatformProvider.java:123)
	at org.apache.maven.surefire.booter.ForkedBooter.runSuitesInProcess(ForkedBooter.java:377)
	at org.apache.maven.surefire.booter.ForkedBooter.execute(ForkedBooter.java:138)
	at org.apache.maven.surefire.booter.ForkedBooter.run(ForkedBooter.java:465)
	at org.apache.maven.surefire.booter.ForkedBooter.main(ForkedBooter.java:451)
2024-09-18 12:54:52,205 [main] ERROR ozone.MiniOzoneHAClusterImpl (MiniOzoneHAClusterImpl.java:exitSystem(1047)) - omNode-bootstrap-1 - System Exit: OM [omNode-1[localhost:15012]] do not have or have incorrect information of the bootstrapping OM. Update their ozone-site.xml before proceeding.
2024-09-18 12:54:52,205 [main] INFO  om.OzoneManager (OzoneManager.java:stop(2269)) - omNode-bootstrap-1[localhost:15043]: Stopping Ozone Manager
2024-09-18 12:54:52,205 [main] INFO  ipc.Server (Server.java:stop(3523)) - Stopping server on 15043
2024-09-18 12:54:52,207 [main] INFO  ratis.OzoneManagerRatisServer (OzoneManagerRatisServer.java:stop(609)) - Stopping org.apache.hadoop.ozone.om.ratis.OzoneManagerRatisServer@5d664fe1 at port 15046
2024-09-18 12:54:52,208 [main] INFO  rocksdiff.RocksDBCheckpointDiffer (RocksDBCheckpointDiffer.java:close(306)) - Shutting down CompactionDagPruningService.
2024-09-18 12:54:52,211 [main] INFO  snapshot.SnapshotDiffManager (SnapshotDiffManager.java:closeExecutorService(1657)) - Shutting down executorService: 'SnapDiffExecutor'
2024-09-18 12:54:52,212 [main] INFO  utils.BackgroundService (BackgroundService.java:shutdown(163)) - Shutting down service SnapshotDiffCleanupService
2024-09-18 12:54:52,253 [main] INFO  ha.OMHANodeDetails (OMHANodeDetails.java:loadOMHAConfig(121)) - ServiceID for OzoneManager is om-add-remove
2024-09-18 12:54:52,254 [main] INFO  ha.OMHANodeDetails (OMHANodeDetails.java:loadOMHAConfig(201)) - Found matching OM address with OMServiceId: om-add-remove, OMNodeId: omNode-bootstrap-2, RPC Address: localhost:15047 and Ratis port: 15050
2024-09-18 12:54:52,254 [main] INFO  ha.OMHANodeDetails (ConfUtils.java:setNodeSpecificConfigs(97)) - Setting configuration key ozone.om.http-address with value of key ozone.om.http-address.om-add-remove.omNode-bootstrap-2: 127.0.0.1:15048
2024-09-18 12:54:52,254 [main] INFO  ha.OMHANodeDetails (ConfUtils.java:setNodeSpecificConfigs(97)) - Setting configuration key ozone.om.https-address with value of key ozone.om.https-address.om-add-remove.omNode-bootstrap-2: 127.0.0.1:15049
2024-09-18 12:54:52,254 [main] INFO  ha.OMHANodeDetails (ConfUtils.java:setNodeSpecificConfigs(97)) - Setting configuration key ozone.om.address with value of key ozone.om.address.om-add-remove.omNode-bootstrap-2: 127.0.0.1:15047
2024-09-18 12:54:52,254 [main] WARN  server.ServerUtils (ServerUtils.java:getDBPath(299)) - ozone.om.db.dirs is not configured. We recommend adding this setting. Falling back to ozone.metadata.dirs instead.
2024-09-18 12:54:52,256 [main] INFO  ha.SCMNodeInfo (SCMNodeInfo.java:getPort(197)) - ConfigKey ozone.scm.client.address is deprecated, For configuring different ports for each SCM use PortConfigKey ozone.scm.client.port appended with serviceId and nodeId
2024-09-18 12:54:52,256 [main] INFO  ha.SCMNodeInfo (SCMNodeInfo.java:getPort(197)) - ConfigKey ozone.scm.block.client.address is deprecated, For configuring different ports for each SCM use PortConfigKey ozone.scm.block.client.port appended with serviceId and nodeId
2024-09-18 12:54:52,256 [main] INFO  ha.SCMNodeInfo (SCMNodeInfo.java:getPort(197)) - ConfigKey ozone.scm.security.service.address is deprecated, For configuring different ports for each SCM use PortConfigKey ozone.scm.security.service.port appended with serviceId and nodeId
2024-09-18 12:54:52,256 [main] INFO  ha.SCMNodeInfo (SCMNodeInfo.java:getPort(197)) - ConfigKey ozone.scm.datanode.address is deprecated, For configuring different ports for each SCM use PortConfigKey ozone.scm.datanode.port appended with serviceId and nodeId
2024-09-18 12:54:52,257 [main] INFO  proxy.SCMBlockLocationFailoverProxyProvider (SCMBlockLocationFailoverProxyProvider.java:<init>(115)) - Created block location fail-over proxy with 1 nodes: [nodeId=scmNode-1,nodeAddress=/127.0.0.1:15007]
OM initialization succeeded.Current cluster id for sd=/home/runner/work/ozone/ozone/hadoop-ozone/integration-test/target/test-dir/MiniOzoneClusterImpl-1474a09c-6dad-4fc4-86e4-bad221540704/omNode-bootstrap-2/om;cid=1474a09c-6dad-4fc4-86e4-bad221540704;layoutVersion=7
2024-09-18 12:54:52,262 [main] INFO  ha.OMHANodeDetails (OMHANodeDetails.java:loadOMHAConfig(121)) - ServiceID for OzoneManager is om-add-remove
2024-09-18 12:54:52,263 [main] INFO  ha.OMHANodeDetails (OMHANodeDetails.java:loadOMHAConfig(201)) - Found matching OM address with OMServiceId: om-add-remove, OMNodeId: omNode-bootstrap-2, RPC Address: localhost:15047 and Ratis port: 15050
2024-09-18 12:54:52,263 [main] INFO  ha.OMHANodeDetails (ConfUtils.java:setNodeSpecificConfigs(97)) - Setting configuration key ozone.om.http-address with value of key ozone.om.http-address.om-add-remove.omNode-bootstrap-2: 127.0.0.1:15048
2024-09-18 12:54:52,263 [main] INFO  ha.OMHANodeDetails (ConfUtils.java:setNodeSpecificConfigs(97)) - Setting configuration key ozone.om.https-address with value of key ozone.om.https-address.om-add-remove.omNode-bootstrap-2: 127.0.0.1:15049
2024-09-18 12:54:52,263 [main] INFO  ha.OMHANodeDetails (ConfUtils.java:setNodeSpecificConfigs(97)) - Setting configuration key ozone.om.address with value of key ozone.om.address.om-add-remove.omNode-bootstrap-2: 127.0.0.1:15047
2024-09-18 12:54:52,263 [main] WARN  server.ServerUtils (ServerUtils.java:getDBPath(299)) - ozone.om.db.dirs is not configured. We recommend adding this setting. Falling back to ozone.metadata.dirs instead.
2024-09-18 12:54:52,264 [main] INFO  upgrade.AbstractLayoutVersionManager (AbstractLayoutVersionManager.java:init(83)) - Initializing Layout version manager with metadata layout = HBASE_SUPPORT (version = 7), software layout = HBASE_SUPPORT (version = 7)
2024-09-18 12:54:52,312 [main] INFO  reflections.Reflections (Reflections.java:scan(219)) - Reflections took 46 ms to scan 2 urls, producing 188 keys and 552 values
2024-09-18 12:54:52,312 [main] INFO  upgrade.OMLayoutVersionManager (OMLayoutVersionManager.java:lambda$0(113)) - Skipping Upgrade Action QuotaRepairUpgradeAction since it has been finalized.
2024-09-18 12:54:52,312 [main] INFO  upgrade.OMLayoutVersionManager (OMLayoutVersionManager.java:lambda$0(113)) - Skipping Upgrade Action MockOmUpgradeAction since it has been finalized.
2024-09-18 12:54:52,312 [main] WARN  server.ServerUtils (ServerUtils.java:getDBPath(299)) - ozone.om.db.dirs is not configured. We recommend adding this setting. Falling back to ozone.metadata.dirs instead.
2024-09-18 12:54:52,313 [main] INFO  ha.SCMNodeInfo (SCMNodeInfo.java:getPort(197)) - ConfigKey ozone.scm.client.address is deprecated, For configuring different ports for each SCM use PortConfigKey ozone.scm.client.port appended with serviceId and nodeId
2024-09-18 12:54:52,313 [main] INFO  ha.SCMNodeInfo (SCMNodeInfo.java:getPort(197)) - ConfigKey ozone.scm.block.client.address is deprecated, For configuring different ports for each SCM use PortConfigKey ozone.scm.block.client.port appended with serviceId and nodeId
2024-09-18 12:54:52,313 [main] INFO  ha.SCMNodeInfo (SCMNodeInfo.java:getPort(197)) - ConfigKey ozone.scm.security.service.address is deprecated, For configuring different ports for each SCM use PortConfigKey ozone.scm.security.service.port appended with serviceId and nodeId
2024-09-18 12:54:52,313 [main] INFO  ha.SCMNodeInfo (SCMNodeInfo.java:getPort(197)) - ConfigKey ozone.scm.datanode.address is deprecated, For configuring different ports for each SCM use PortConfigKey ozone.scm.datanode.port appended with serviceId and nodeId
2024-09-18 12:54:52,314 [main] INFO  ha.SCMNodeInfo (SCMNodeInfo.java:getPort(197)) - ConfigKey ozone.scm.client.address is deprecated, For configuring different ports for each SCM use PortConfigKey ozone.scm.client.port appended with serviceId and nodeId
2024-09-18 12:54:52,314 [main] INFO  ha.SCMNodeInfo (SCMNodeInfo.java:getPort(197)) - ConfigKey ozone.scm.block.client.address is deprecated, For configuring different ports for each SCM use PortConfigKey ozone.scm.block.client.port appended with serviceId and nodeId
2024-09-18 12:54:52,314 [main] INFO  ha.SCMNodeInfo (SCMNodeInfo.java:getPort(197)) - ConfigKey ozone.scm.security.service.address is deprecated, For configuring different ports for each SCM use PortConfigKey ozone.scm.security.service.port appended with serviceId and nodeId
2024-09-18 12:54:52,314 [main] INFO  ha.SCMNodeInfo (SCMNodeInfo.java:getPort(197)) - ConfigKey ozone.scm.datanode.address is deprecated, For configuring different ports for each SCM use PortConfigKey ozone.scm.datanode.port appended with serviceId and nodeId
2024-09-18 12:54:52,314 [main] INFO  proxy.SCMBlockLocationFailoverProxyProvider (SCMBlockLocationFailoverProxyProvider.java:<init>(115)) - Created block location fail-over proxy with 1 nodes: [nodeId=scmNode-1,nodeAddress=/127.0.0.1:15007]
2024-09-18 12:54:52,317 [main] INFO  ha.SCMNodeInfo (SCMNodeInfo.java:getPort(197)) - ConfigKey ozone.scm.client.address is deprecated, For configuring different ports for each SCM use PortConfigKey ozone.scm.client.port appended with serviceId and nodeId
2024-09-18 12:54:52,317 [main] INFO  ha.SCMNodeInfo (SCMNodeInfo.java:getPort(197)) - ConfigKey ozone.scm.block.client.address is deprecated, For configuring different ports for each SCM use PortConfigKey ozone.scm.block.client.port appended with serviceId and nodeId
2024-09-18 12:54:52,317 [main] INFO  ha.SCMNodeInfo (SCMNodeInfo.java:getPort(197)) - ConfigKey ozone.scm.security.service.address is deprecated, For configuring different ports for each SCM use PortConfigKey ozone.scm.security.service.port appended with serviceId and nodeId
2024-09-18 12:54:52,318 [main] INFO  ha.SCMNodeInfo (SCMNodeInfo.java:getPort(197)) - ConfigKey ozone.scm.datanode.address is deprecated, For configuring different ports for each SCM use PortConfigKey ozone.scm.datanode.port appended with serviceId and nodeId
2024-09-18 12:54:52,318 [main] INFO  proxy.SCMBlockLocationFailoverProxyProvider (SCMBlockLocationFailoverProxyProvider.java:<init>(115)) - Created block location fail-over proxy with 1 nodes: [nodeId=scmNode-1,nodeAddress=/127.0.0.1:15007]
2024-09-18 12:54:52,323 [main] INFO  om.OzoneManager (OzoneManager.java:<init>(702)) - OM start with adminUsers: [runner]
2024-09-18 12:54:52,324 [main] WARN  server.ServerUtils (ServerUtils.java:getDBPath(299)) - ozone.om.db.dirs is not configured. We recommend adding this setting. Falling back to ozone.metadata.dirs instead.
2024-09-18 12:54:52,324 [main] INFO  helpers.OmKeyInfo (OmKeyInfo.java:getCodec(72)) - OmKeyInfo.getCodec ignorePipeline = true
2024-09-18 12:54:52,479 [main] INFO  om.OzoneManager (OzoneManager.java:instantiateServices(836)) - S3 Multi-Tenancy is disabled
2024-09-18 12:54:52,479 [main] INFO  om.OmSnapshotManager (OmSnapshotManager.java:<init>(182)) - Ozone filesystem snapshot feature is enabled.
2024-09-18 12:54:52,480 [main] WARN  server.ServerUtils (ServerUtils.java:getDBPath(299)) - ozone.om.snapshot.diff.db.dir is not configured. We recommend adding this setting. Falling back to ozone.metadata.dirs instead.
2024-09-18 12:54:52,498 [main] INFO  utils.NativeLibraryLoader (NativeLibraryLoader.java:loadLibrary(111)) - Loading Library: ozone_rocksdb_tools
2024-09-18 12:54:52,499 [main] ERROR snapshot.SnapshotDiffManager (SnapshotDiffManager.java:initNativeLibraryForEfficientDiff(287)) - Native Library for raw sst file reading loading failed.
org.apache.hadoop.hdds.utils.NativeLibraryNotLoadedException: Unable to load library ozone_rocksdb_tools from both java.library.path & resource file libozone_rocksdb_tools.so from jar.
	at org.apache.hadoop.hdds.utils.db.managed.ManagedRawSSTFileReader.loadLibrary(ManagedRawSSTFileReader.java:40)
	at org.apache.hadoop.ozone.om.snapshot.SnapshotDiffManager.initNativeLibraryForEfficientDiff(SnapshotDiffManager.java:285)
	at org.apache.hadoop.ozone.om.snapshot.SnapshotDiffManager.<init>(SnapshotDiffManager.java:259)
	at org.apache.hadoop.ozone.om.OmSnapshotManager.<init>(OmSnapshotManager.java:289)
	at org.apache.hadoop.ozone.om.OzoneManager.instantiateServices(OzoneManager.java:888)
	at org.apache.hadoop.ozone.om.OzoneManager.<init>(OzoneManager.java:712)
	at org.apache.hadoop.ozone.om.OzoneManager.createOm(OzoneManager.java:804)
	at org.apache.hadoop.ozone.MiniOzoneHAClusterImpl.bootstrapNewOM(MiniOzoneHAClusterImpl.java:825)
	at org.apache.hadoop.ozone.MiniOzoneHAClusterImpl.bootstrapOzoneManager(MiniOzoneHAClusterImpl.java:749)
	at org.apache.hadoop.ozone.om.TestAddRemoveOzoneManager.testBootstrapWithoutConfigUpdate(TestAddRemoveOzoneManager.java:271)
	at java.base/jdk.internal.reflect.NativeMethodAccessorImpl.invoke0(Native Method)
	at java.base/jdk.internal.reflect.NativeMethodAccessorImpl.invoke(NativeMethodAccessorImpl.java:77)
	at java.base/jdk.internal.reflect.DelegatingMethodAccessorImpl.invoke(DelegatingMethodAccessorImpl.java:43)
	at java.base/java.lang.reflect.Method.invoke(Method.java:569)
	at org.junit.platform.commons.util.ReflectionUtils.invokeMethod(ReflectionUtils.java:728)
	at org.junit.jupiter.engine.execution.MethodInvocation.proceed(MethodInvocation.java:60)
	at org.junit.jupiter.engine.execution.InvocationInterceptorChain$ValidatingInvocation.proceed(InvocationInterceptorChain.java:131)
	at org.junit.jupiter.engine.extension.SameThreadTimeoutInvocation.proceed(SameThreadTimeoutInvocation.java:45)
	at org.junit.jupiter.engine.extension.TimeoutExtension.intercept(TimeoutExtension.java:156)
	at org.junit.jupiter.engine.extension.TimeoutExtension.interceptTestableMethod(TimeoutExtension.java:147)
	at org.junit.jupiter.engine.extension.TimeoutExtension.interceptTestMethod(TimeoutExtension.java:86)
	at org.junit.jupiter.engine.execution.InterceptingExecutableInvoker$ReflectiveInterceptorCall.lambda$ofVoidMethod$0(InterceptingExecutableInvoker.java:103)
	at org.junit.jupiter.engine.execution.InterceptingExecutableInvoker.lambda$invoke$0(InterceptingExecutableInvoker.java:93)
	at org.junit.jupiter.engine.execution.InvocationInterceptorChain$InterceptedInvocation.proceed(InvocationInterceptorChain.java:106)
	at org.junit.jupiter.engine.execution.InvocationInterceptorChain.proceed(InvocationInterceptorChain.java:64)
	at org.junit.jupiter.engine.execution.InvocationInterceptorChain.chainAndInvoke(InvocationInterceptorChain.java:45)
	at org.junit.jupiter.engine.execution.InvocationInterceptorChain.invoke(InvocationInterceptorChain.java:37)
	at org.junit.jupiter.engine.execution.InterceptingExecutableInvoker.invoke(InterceptingExecutableInvoker.java:92)
	at org.junit.jupiter.engine.execution.InterceptingExecutableInvoker.invoke(InterceptingExecutableInvoker.java:86)
	at org.junit.jupiter.engine.descriptor.TestMethodTestDescriptor.lambda$invokeTestMethod$7(TestMethodTestDescriptor.java:218)
	at org.junit.platform.engine.support.hierarchical.ThrowableCollector.execute(ThrowableCollector.java:73)
	at org.junit.jupiter.engine.descriptor.TestMethodTestDescriptor.invokeTestMethod(TestMethodTestDescriptor.java:214)
	at org.junit.jupiter.engine.descriptor.TestMethodTestDescriptor.execute(TestMethodTestDescriptor.java:139)
	at org.junit.jupiter.engine.descriptor.TestMethodTestDescriptor.execute(TestMethodTestDescriptor.java:69)
	at org.junit.platform.engine.support.hierarchical.NodeTestTask.lambda$executeRecursively$6(NodeTestTask.java:151)
	at org.junit.platform.engine.support.hierarchical.ThrowableCollector.execute(ThrowableCollector.java:73)
	at org.junit.platform.engine.support.hierarchical.NodeTestTask.lambda$executeRecursively$8(NodeTestTask.java:141)
	at org.junit.platform.engine.support.hierarchical.Node.around(Node.java:137)
	at org.junit.platform.engine.support.hierarchical.NodeTestTask.lambda$executeRecursively$9(NodeTestTask.java:139)
	at org.junit.platform.engine.support.hierarchical.ThrowableCollector.execute(ThrowableCollector.java:73)
	at org.junit.platform.engine.support.hierarchical.NodeTestTask.executeRecursively(NodeTestTask.java:138)
	at org.junit.platform.engine.support.hierarchical.NodeTestTask.execute(NodeTestTask.java:95)
	at java.base/java.util.ArrayList.forEach(ArrayList.java:1511)
	at org.junit.platform.engine.support.hierarchical.SameThreadHierarchicalTestExecutorService.invokeAll(SameThreadHierarchicalTestExecutorService.java:41)
	at org.junit.platform.engine.support.hierarchical.NodeTestTask.lambda$executeRecursively$6(NodeTestTask.java:155)
	at org.junit.platform.engine.support.hierarchical.ThrowableCollector.execute(ThrowableCollector.java:73)
	at org.junit.platform.engine.support.hierarchical.NodeTestTask.lambda$executeRecursively$8(NodeTestTask.java:141)
	at org.junit.platform.engine.support.hierarchical.Node.around(Node.java:137)
	at org.junit.platform.engine.support.hierarchical.NodeTestTask.lambda$executeRecursively$9(NodeTestTask.java:139)
	at org.junit.platform.engine.support.hierarchical.ThrowableCollector.execute(ThrowableCollector.java:73)
	at org.junit.platform.engine.support.hierarchical.NodeTestTask.executeRecursively(NodeTestTask.java:138)
	at org.junit.platform.engine.support.hierarchical.NodeTestTask.execute(NodeTestTask.java:95)
	at java.base/java.util.ArrayList.forEach(ArrayList.java:1511)
	at org.junit.platform.engine.support.hierarchical.SameThreadHierarchicalTestExecutorService.invokeAll(SameThreadHierarchicalTestExecutorService.java:41)
	at org.junit.platform.engine.support.hierarchical.NodeTestTask.lambda$executeRecursively$6(NodeTestTask.java:155)
	at org.junit.platform.engine.support.hierarchical.ThrowableCollector.execute(ThrowableCollector.java:73)
	at org.junit.platform.engine.support.hierarchical.NodeTestTask.lambda$executeRecursively$8(NodeTestTask.java:141)
	at org.junit.platform.engine.support.hierarchical.Node.around(Node.java:137)
	at org.junit.platform.engine.support.hierarchical.NodeTestTask.lambda$executeRecursively$9(NodeTestTask.java:139)
	at org.junit.platform.engine.support.hierarchical.ThrowableCollector.execute(ThrowableCollector.java:73)
	at org.junit.platform.engine.support.hierarchical.NodeTestTask.executeRecursively(NodeTestTask.java:138)
	at org.junit.platform.engine.support.hierarchical.NodeTestTask.execute(NodeTestTask.java:95)
	at org.junit.platform.engine.support.hierarchical.SameThreadHierarchicalTestExecutorService.submit(SameThreadHierarchicalTestExecutorService.java:35)
	at org.junit.platform.engine.support.hierarchical.HierarchicalTestExecutor.execute(HierarchicalTestExecutor.java:57)
	at org.junit.platform.engine.support.hierarchical.HierarchicalTestEngine.execute(HierarchicalTestEngine.java:54)
	at org.junit.platform.launcher.core.EngineExecutionOrchestrator.execute(EngineExecutionOrchestrator.java:198)
	at org.junit.platform.launcher.core.EngineExecutionOrchestrator.execute(EngineExecutionOrchestrator.java:169)
	at org.junit.platform.launcher.core.EngineExecutionOrchestrator.execute(EngineExecutionOrchestrator.java:93)
	at org.junit.platform.launcher.core.EngineExecutionOrchestrator.lambda$execute$0(EngineExecutionOrchestrator.java:58)
	at org.junit.platform.launcher.core.EngineExecutionOrchestrator.withInterceptedStreams(EngineExecutionOrchestrator.java:141)
	at org.junit.platform.launcher.core.EngineExecutionOrchestrator.execute(EngineExecutionOrchestrator.java:57)
	at org.junit.platform.launcher.core.DefaultLauncher.execute(DefaultLauncher.java:103)
	at org.junit.platform.launcher.core.DefaultLauncher.execute(DefaultLauncher.java:85)
	at org.junit.platform.launcher.core.DelegatingLauncher.execute(DelegatingLauncher.java:47)
	at org.junit.platform.launcher.core.SessionPerRequestLauncher.execute(SessionPerRequestLauncher.java:63)
	at org.apache.maven.surefire.junitplatform.JUnitPlatformProvider.invokeAllTests(JUnitPlatformProvider.java:154)
	at org.apache.maven.surefire.junitplatform.JUnitPlatformProvider.invoke(JUnitPlatformProvider.java:123)
	at org.apache.maven.surefire.booter.ForkedBooter.runSuitesInProcess(ForkedBooter.java:377)
	at org.apache.maven.surefire.booter.ForkedBooter.execute(ForkedBooter.java:138)
	at org.apache.maven.surefire.booter.ForkedBooter.run(ForkedBooter.java:465)
	at org.apache.maven.surefire.booter.ForkedBooter.main(ForkedBooter.java:451)
2024-09-18 12:54:52,501 [main] INFO  om.OzoneManager (OzoneManager.java:addS3GVolumeToDB(4557)) - Created Volume s3v With Owner runner required for S3Gateway operations.
2024-09-18 12:54:52,501 [main] WARN  server.ServerUtils (ServerUtils.java:getDefaultRatisDirectory(311)) - Storage directory for Ratis is not configured. It is a good idea to map this to an SSD disk. Falling back to ozone.metadata.dirs
2024-09-18 12:54:52,501 [main] WARN  utils.OzoneManagerRatisUtils (OzoneManagerRatisUtils.java:getOMRatisSnapshotDirectory(481)) - ozone.om.ratis.snapshot.dir is not configured. Falling back to ozone.metadata.dirs config
2024-09-18 12:54:52,502 [main] INFO  utils.RDBSnapshotProvider (RDBSnapshotProvider.java:init(87)) - Cleaning up the candidate dir: /home/runner/work/ozone/ozone/hadoop-ozone/integration-test/target/test-dir/MiniOzoneClusterImpl-1474a09c-6dad-4fc4-86e4-bad221540704/omNode-bootstrap-2/snapshot/om.db.candidate
2024-09-18 12:54:52,502 [main] INFO  ratis_snapshot.OmRatisSnapshotProvider (OmRatisSnapshotProvider.java:<init>(99)) - Initializing OM Snapshot Provider
2024-09-18 12:54:52,503 [main] WARN  server.ServerUtils (ServerUtils.java:getDefaultRatisDirectory(311)) - Storage directory for Ratis is not configured. It is a good idea to map this to an SSD disk. Falling back to ozone.metadata.dirs
2024-09-18 12:54:52,504 [main] INFO  server.RaftServerConfigKeys (ConfUtils.java:logGet(46)) - raft.server.log.appender.buffer.byte-limit = 4194304 (custom)
2024-09-18 12:54:52,505 [main] INFO  ratis.OzoneManagerRatisServer (OzoneManagerRatisServer.java:<init>(162)) - OM started in Bootstrap mode. Instantiating OM Ratis server with groupID: om-add-remove
2024-09-18 12:54:52,505 [main] INFO  ratis.OzoneManagerStateMachine (OzoneManagerStateMachine.java:loadSnapshotInfoFromDB(593)) - TransactionInfo not found in OM DB.
2024-09-18 12:54:52,506 [main] INFO  server.RaftServer (ConfUtils.java:logGet(46)) - raft.rpc.type = GRPC (default)
2024-09-18 12:54:52,506 [main] INFO  grpc.GrpcConfigKeys (ConfUtils.java:logFallback(53)) - raft.grpc.admin.host = null (fallback to raft.grpc.server.host)
2024-09-18 12:54:52,506 [main] INFO  grpc.GrpcConfigKeys (ConfUtils.java:logFallback(53)) - raft.grpc.admin.port = 15050 (fallback to raft.grpc.server.port)
2024-09-18 12:54:52,506 [main] INFO  grpc.GrpcConfigKeys (ConfUtils.java:logFallback(53)) - raft.grpc.client.host = null (fallback to raft.grpc.server.host)
2024-09-18 12:54:52,507 [main] INFO  grpc.GrpcConfigKeys (ConfUtils.java:logFallback(53)) - raft.grpc.client.port = 15050 (fallback to raft.grpc.server.port)
2024-09-18 12:54:52,507 [main] INFO  grpc.GrpcConfigKeys (ConfUtils.java:logGet(46)) - raft.grpc.server.host = null (default)
2024-09-18 12:54:52,507 [main] INFO  grpc.GrpcConfigKeys (ConfUtils.java:logGet(46)) - raft.grpc.server.port = 15050 (custom)
2024-09-18 12:54:52,507 [main] INFO  server.GrpcService (ConfUtils.java:logGet(46)) - raft.grpc.message.size.max = 5242880 (custom)
2024-09-18 12:54:52,507 [main] INFO  server.RaftServerConfigKeys (ConfUtils.java:logGet(46)) - raft.server.log.appender.buffer.byte-limit = 4194304 (custom)
2024-09-18 12:54:52,507 [main] INFO  server.GrpcService (ConfUtils.java:logGet(46)) - raft.grpc.flow.control.window = 1MB (=1048576) (default)
2024-09-18 12:54:52,507 [main] INFO  server.RaftServerConfigKeys (ConfUtils.java:logGet(46)) - raft.server.rpc.request.timeout = 3000ms (default)
2024-09-18 12:54:52,507 [main] INFO  grpc.GrpcConfigKeys (ConfUtils.java:logGet(46)) - raft.grpc.server.heartbeat.channel = true (default)
2024-09-18 12:54:52,507 [main] INFO  grpc.GrpcConfigKeys (ConfUtils.java:logGet(46)) - raft.grpc.server.async.request.thread.pool.cached = true (default)
2024-09-18 12:54:52,508 [main] INFO  grpc.GrpcConfigKeys (ConfUtils.java:logGet(46)) - raft.grpc.server.async.request.thread.pool.size = 32 (default)
2024-09-18 12:54:52,508 [main] INFO  impl.DataStreamServerImpl (ConfUtils.java:logGet(46)) - raft.datastream.type = DISABLED (default)
2024-09-18 12:54:52,509 [main] INFO  server.RaftServerConfigKeys (ConfUtils.java:logGet(46)) - raft.server.sleep.deviation.threshold = 300ms (default)
2024-09-18 12:54:52,509 [main] INFO  server.RaftServerConfigKeys (ConfUtils.java:logGet(46)) - raft.server.close.threshold = 60s (default)
2024-09-18 12:54:52,509 [main] INFO  server.RaftServerConfigKeys (ConfUtils.java:logGet(46)) - raft.server.leaderelection.leader.step-down.wait-time = 10s (default)
2024-09-18 12:54:52,509 [main] INFO  server.RaftServerConfigKeys (ConfUtils.java:logGet(46)) - raft.server.storage.dir = [/home/runner/work/ozone/ozone/hadoop-ozone/integration-test/target/test-dir/MiniOzoneClusterImpl-1474a09c-6dad-4fc4-86e4-bad221540704/omNode-bootstrap-2/ratis] (custom)
2024-09-18 12:54:52,509 [main] INFO  server.RaftServerConfigKeys (ConfUtils.java:logGet(46)) - raft.server.threadpool.proxy.cached = true (default)
2024-09-18 12:54:52,509 [main] INFO  server.RaftServerConfigKeys (ConfUtils.java:logGet(46)) - raft.server.threadpool.proxy.size = 0 (default)
2024-09-18 12:54:52,510 [main] INFO  server.RaftServer (RaftServerProxy.java:addNew(101)) - omNode-bootstrap-2: addNew group-0AAC5367B30E:[] returns group-0AAC5367B30E:java.util.concurrent.CompletableFuture@582e40f8[Not completed]
2024-09-18 12:54:52,510 [omNode-bootstrap-2-groupManagement] INFO  server.RaftServer$Division (RaftServerImpl.java:<init>(253)) - omNode-bootstrap-2: new RaftServerImpl for group-0AAC5367B30E:[] with OzoneManagerStateMachine:uninitialized
2024-09-18 12:54:52,510 [omNode-bootstrap-2-groupManagement] INFO  server.RaftServerConfigKeys (ConfUtils.java:logGet(46)) - raft.server.rpc.timeout.min = 1s (custom)
2024-09-18 12:54:52,510 [omNode-bootstrap-2-groupManagement] INFO  server.RaftServerConfigKeys (ConfUtils.java:logGet(46)) - raft.server.rpc.timeout.max = 1200ms (custom)
2024-09-18 12:54:52,511 [omNode-bootstrap-2-groupManagement] INFO  server.RaftServerConfigKeys (ConfUtils.java:logGet(46)) - raft.server.rpc.sleep.time = 25ms (default)
2024-09-18 12:54:52,511 [omNode-bootstrap-2-groupManagement] INFO  server.RaftServerConfigKeys (ConfUtils.java:logGet(46)) - raft.server.rpc.slowness.timeout = 2s (custom)
2024-09-18 12:54:52,511 [omNode-bootstrap-2-groupManagement] INFO  server.RaftServerConfigKeys (ConfUtils.java:logGet(46)) - raft.server.leaderelection.leader.step-down.wait-time = 10s (default)
2024-09-18 12:54:52,511 [omNode-bootstrap-2-groupManagement] INFO  server.RaftServerConfigKeys (ConfUtils.java:logGet(46)) - raft.server.leaderelection.member.majority-add = false (default)
2024-09-18 12:54:52,511 [omNode-bootstrap-2-groupManagement] INFO  server.RaftServerConfigKeys (ConfUtils.java:logGet(46)) - raft.server.sleep.deviation.threshold = 300ms (default)
2024-09-18 12:54:52,512 [omNode-bootstrap-2-groupManagement] INFO  server.RaftServer$Division (ServerState.java:<init>(114)) - omNode-bootstrap-2@group-0AAC5367B30E: ConfigurationManager, init=conf: {index: -1, cur=peers:[]|listeners:[], old=null}, confs=<EMPTY_MAP>
2024-09-18 12:54:52,512 [omNode-bootstrap-2-groupManagement] INFO  server.RaftServerConfigKeys (ConfUtils.java:logGet(46)) - raft.server.notification.no-leader.timeout = 2s (custom)
2024-09-18 12:54:52,512 [omNode-bootstrap-2-groupManagement] INFO  server.RaftServerConfigKeys (ConfUtils.java:logGet(46)) - raft.server.read.timeout = 10s (default)
2024-09-18 12:54:52,512 [omNode-bootstrap-2-groupManagement] INFO  server.RaftServerConfigKeys (ConfUtils.java:logGet(46)) - raft.server.retrycache.expirytime = 300s (custom)
2024-09-18 12:54:52,512 [omNode-bootstrap-2-groupManagement] INFO  server.RaftServerConfigKeys (ConfUtils.java:logGet(46)) - raft.server.retrycache.statistics.expirytime = 100ms (default)
2024-09-18 12:54:52,512 [omNode-bootstrap-2-groupManagement] INFO  server.RaftServerConfigKeys (ConfUtils.java:logGet(46)) - raft.server.read.option = DEFAULT (default)
2024-09-18 12:54:52,512 [omNode-bootstrap-2-groupManagement] INFO  server.RaftServerConfigKeys (ConfUtils.java:logGet(46)) - raft.server.read.read-after-write-consistent.write-index-cache.expiry-time = 60s (default)
2024-09-18 12:54:52,510 [main] INFO  om.OzoneManager (OzoneManager.java:initializeRatisServer(2205)) - OzoneManager Ratis server initialized at port 15050
2024-09-18 12:54:52,514 [main] INFO  om.OzoneManager (OzoneManager.java:getRpcServer(1252)) - Creating RPC Server
2024-09-18 12:54:52,539 [omNode-bootstrap-2-groupManagement] INFO  server.RaftServerConfigKeys (ConfUtils.java:logGet(46)) - raft.server.rpc.request.timeout = 3000ms (default)
2024-09-18 12:54:52,540 [omNode-bootstrap-2-groupManagement] INFO  server.RaftServerConfigKeys (ConfUtils.java:logGet(46)) - raft.server.log.appender.install.snapshot.enabled = false (custom)
2024-09-18 12:54:52,540 [omNode-bootstrap-2-groupManagement] INFO  server.RaftServerConfigKeys (ConfUtils.java:logGet(46)) - raft.server.threadpool.server.cached = true (default)
2024-09-18 12:54:52,540 [omNode-bootstrap-2-groupManagement] INFO  server.RaftServerConfigKeys (ConfUtils.java:logGet(46)) - raft.server.threadpool.server.size = 0 (default)
2024-09-18 12:54:52,540 [omNode-bootstrap-2-groupManagement] INFO  server.RaftServerConfigKeys (ConfUtils.java:logGet(46)) - raft.server.threadpool.client.cached = true (default)
2024-09-18 12:54:52,540 [omNode-bootstrap-2-groupManagement] INFO  server.RaftServerConfigKeys (ConfUtils.java:logGet(46)) - raft.server.threadpool.client.size = 0 (default)
2024-09-18 12:54:52,921 [main] INFO  reflections.Reflections (Reflections.java:scan(219)) - Reflections took 406 ms to scan 20 urls, producing 59 keys and 7195 values
2024-09-18 12:54:52,923 [main] INFO  ipc.CallQueueManager (CallQueueManager.java:<init>(90)) - Using callQueue: class java.util.concurrent.LinkedBlockingQueue, queueCapacity: 2000, scheduler: class org.apache.hadoop.ipc.DefaultRpcScheduler, ipcBackoff: false.
2024-09-18 12:54:52,923 [main] INFO  ipc.Server (Server.java:<init>(1287)) - Listener at 127.0.0.1:15047
2024-09-18 12:54:52,924 [Socket Reader #1 for port 15047] INFO  ipc.Server (Server.java:run(1323)) - Starting Socket Reader #1 for port 15047
2024-09-18 12:54:52,924 [Socket Reader #2 for port 15047] INFO  ipc.Server (Server.java:run(1323)) - Starting Socket Reader #2 for port 15047
2024-09-18 12:54:52,924 [Socket Reader #3 for port 15047] INFO  ipc.Server (Server.java:run(1323)) - Starting Socket Reader #3 for port 15047
2024-09-18 12:54:52,925 [Socket Reader #4 for port 15047] INFO  ipc.Server (Server.java:run(1323)) - Starting Socket Reader #4 for port 15047
2024-09-18 12:54:52,925 [Socket Reader #5 for port 15047] INFO  ipc.Server (Server.java:run(1323)) - Starting Socket Reader #5 for port 15047
2024-09-18 12:54:52,925 [Socket Reader #6 for port 15047] INFO  ipc.Server (Server.java:run(1323)) - Starting Socket Reader #6 for port 15047
2024-09-18 12:54:52,925 [Socket Reader #7 for port 15047] INFO  ipc.Server (Server.java:run(1323)) - Starting Socket Reader #7 for port 15047
2024-09-18 12:54:52,925 [Socket Reader #8 for port 15047] INFO  ipc.Server (Server.java:run(1323)) - Starting Socket Reader #8 for port 15047
2024-09-18 12:54:52,926 [Socket Reader #9 for port 15047] INFO  ipc.Server (Server.java:run(1323)) - Starting Socket Reader #9 for port 15047
2024-09-18 12:54:52,928 [Socket Reader #10 for port 15047] INFO  ipc.Server (Server.java:run(1323)) - Starting Socket Reader #10 for port 15047
2024-09-18 12:54:52,945 [main] WARN  om.OzoneManager (OzoneManager.java:start(1672)) - Skipped checking whether existing OM configs have been updated with this OM information as force bootstrap is called.
2024-09-18 12:54:52,946 [main] INFO  impl.MetricsSystemImpl (MetricsSystemImpl.java:init(158)) - OzoneManager metrics system started (again)
2024-09-18 12:54:52,954 [main] INFO  om.OzoneManager (OzoneManager.java:start(1680)) - OzoneManager RPC server is listening at localhost/127.0.0.1:15047
2024-09-18 12:54:52,954 [main] INFO  ratis.OzoneManagerRatisServer (OzoneManagerRatisServer.java:start(603)) - Starting OzoneManagerRatisServer omNode-bootstrap-2 at port 15050
2024-09-18 12:54:52,954 [omNode-bootstrap-2-impl-thread1] INFO  server.RaftServerConfigKeys (ConfUtils.java:logGet(46)) - raft.server.storage.free-space.min = 0MB (=0) (default)
2024-09-18 12:54:52,954 [omNode-bootstrap-2-impl-thread1] INFO  server.RaftServerConfigKeys (ConfUtils.java:logGet(46)) - raft.server.log.corruption.policy = EXCEPTION (default)
2024-09-18 12:54:52,954 [omNode-bootstrap-2-impl-thread1] INFO  server.RaftServerConfigKeys (ConfUtils.java:logGet(46)) - raft.server.storage.dir = [/home/runner/work/ozone/ozone/hadoop-ozone/integration-test/target/test-dir/MiniOzoneClusterImpl-1474a09c-6dad-4fc4-86e4-bad221540704/omNode-bootstrap-2/ratis] (custom)
2024-09-18 12:54:52,955 [omNode-bootstrap-2-impl-thread1] INFO  storage.RaftStorageDirectory (RaftStorageDirectoryImpl.java:analyzeStorage(138)) - The storage directory /home/runner/work/ozone/ozone/hadoop-ozone/integration-test/target/test-dir/MiniOzoneClusterImpl-1474a09c-6dad-4fc4-86e4-bad221540704/omNode-bootstrap-2/ratis/0718e334-ffa1-36bc-8e9a-0aac5367b30e does not exist. Creating ...
2024-09-18 12:54:52,956 [omNode-bootstrap-2-impl-thread1] INFO  storage.RaftStorageDirectory (RaftStorageDirectoryImpl.java:tryLock(229)) - Lock on /home/runner/work/ozone/ozone/hadoop-ozone/integration-test/target/test-dir/MiniOzoneClusterImpl-1474a09c-6dad-4fc4-86e4-bad221540704/omNode-bootstrap-2/ratis/0718e334-ffa1-36bc-8e9a-0aac5367b30e/in_use.lock acquired by nodename 131606@fv-az1197-713
2024-09-18 12:54:52,957 [omNode-bootstrap-2-impl-thread1] INFO  storage.RaftStorage (RaftStorageImpl.java:format(98)) - Storage directory /home/runner/work/ozone/ozone/hadoop-ozone/integration-test/target/test-dir/MiniOzoneClusterImpl-1474a09c-6dad-4fc4-86e4-bad221540704/omNode-bootstrap-2/ratis/0718e334-ffa1-36bc-8e9a-0aac5367b30e has been successfully formatted.
2024-09-18 12:54:52,957 [omNode-bootstrap-2-impl-thread1] INFO  server.RaftServerConfigKeys (ConfUtils.java:logGet(46)) - raft.server.log.use.memory = false (default)
2024-09-18 12:54:52,958 [omNode-bootstrap-2-impl-thread1] INFO  server.RaftServerConfigKeys (ConfUtils.java:logGet(46)) - raft.server.log.purge.gap = 1000000 (custom)
2024-09-18 12:54:52,958 [omNode-bootstrap-2-impl-thread1] INFO  server.RaftServerConfigKeys (ConfUtils.java:logGet(46)) - raft.server.log.appender.buffer.byte-limit = 4194304 (custom)
2024-09-18 12:54:52,958 [omNode-bootstrap-2-impl-thread1] INFO  server.RaftServerConfigKeys (ConfUtils.java:logGet(46)) - raft.server.log.statemachine.data.read.timeout = 1000ms (default)
2024-09-18 12:54:52,958 [omNode-bootstrap-2-impl-thread1] INFO  server.RaftServerConfigKeys (ConfUtils.java:logGet(46)) - raft.server.log.purge.preservation.log.num = 0 (default)
2024-09-18 12:54:52,960 [omNode-bootstrap-2-impl-thread1] INFO  server.RaftServerConfigKeys (ConfUtils.java:logGet(46)) - raft.server.log.segment.size.max = 4194304 (custom)
2024-09-18 12:54:52,960 [omNode-bootstrap-2-impl-thread1] INFO  server.RaftServerConfigKeys (ConfUtils.java:logGet(46)) - raft.server.log.segment.cache.num.max = 2 (custom)
2024-09-18 12:54:52,960 [omNode-bootstrap-2-impl-thread1] INFO  server.RaftServerConfigKeys (ConfUtils.java:logGet(46)) - raft.server.log.segment.cache.size.max = 200MB (=209715200) (default)
2024-09-18 12:54:52,960 [omNode-bootstrap-2-impl-thread1] INFO  server.RaftServerConfigKeys (ConfUtils.java:logGet(46)) - raft.server.log.appender.buffer.byte-limit = 4194304 (custom)
2024-09-18 12:54:52,960 [omNode-bootstrap-2-impl-thread1] INFO  util.AwaitToRun (AwaitToRun.java:start(81)) - Thread[omNode-bootstrap-2@group-0AAC5367B30E-cacheEviction-AwaitToRun,5,main] started
2024-09-18 12:54:52,960 [omNode-bootstrap-2-impl-thread1] INFO  segmented.SegmentedRaftLogWorker (SegmentedRaftLogWorker.java:<init>(184)) - new omNode-bootstrap-2@group-0AAC5367B30E-SegmentedRaftLogWorker for RaftStorageImpl:Storage Directory /home/runner/work/ozone/ozone/hadoop-ozone/integration-test/target/test-dir/MiniOzoneClusterImpl-1474a09c-6dad-4fc4-86e4-bad221540704/omNode-bootstrap-2/ratis/0718e334-ffa1-36bc-8e9a-0aac5367b30e
2024-09-18 12:54:52,960 [omNode-bootstrap-2-impl-thread1] INFO  server.RaftServerConfigKeys (ConfUtils.java:logGet(46)) - raft.server.log.queue.byte-limit = 64MB (=67108864) (default)
2024-09-18 12:54:52,961 [omNode-bootstrap-2-impl-thread1] INFO  server.RaftServerConfigKeys (ConfUtils.java:logGet(46)) - raft.server.log.queue.element-limit = 4096 (default)
2024-09-18 12:54:52,961 [omNode-bootstrap-2-impl-thread1] INFO  server.RaftServerConfigKeys (ConfUtils.java:logGet(46)) - raft.server.log.segment.size.max = 4194304 (custom)
2024-09-18 12:54:52,961 [omNode-bootstrap-2-impl-thread1] INFO  server.RaftServerConfigKeys (ConfUtils.java:logGet(46)) - raft.server.log.preallocated.size = 4194304 (custom)
2024-09-18 12:54:52,961 [omNode-bootstrap-2-impl-thread1] INFO  server.RaftServerConfigKeys (ConfUtils.java:logGet(46)) - raft.server.log.force.sync.num = 128 (default)
2024-09-18 12:54:52,961 [omNode-bootstrap-2-impl-thread1] INFO  server.RaftServerConfigKeys (ConfUtils.java:logGet(46)) - raft.server.log.statemachine.data.sync = true (default)
2024-09-18 12:54:52,961 [omNode-bootstrap-2-impl-thread1] INFO  server.RaftServerConfigKeys (ConfUtils.java:logGet(46)) - raft.server.log.statemachine.data.sync.timeout = 10s (default)
2024-09-18 12:54:52,961 [omNode-bootstrap-2-impl-thread1] INFO  server.RaftServerConfigKeys (ConfUtils.java:logGet(46)) - raft.server.log.statemachine.data.sync.timeout.retry = -1 (default)
2024-09-18 12:54:52,961 [omNode-bootstrap-2-impl-thread1] INFO  server.RaftServerConfigKeys (ConfUtils.java:logGet(46)) - raft.server.log.write.buffer.size = 4194312 (custom)
2024-09-18 12:54:52,962 [omNode-bootstrap-2-impl-thread1] INFO  server.RaftServerConfigKeys (ConfUtils.java:logGet(46)) - raft.server.log.appender.buffer.byte-limit = 4194304 (custom)
2024-09-18 12:54:52,962 [omNode-bootstrap-2-impl-thread1] INFO  server.RaftServerConfigKeys (ConfUtils.java:logGet(46)) - raft.server.log.unsafe-flush.enabled = false (default)
2024-09-18 12:54:52,962 [omNode-bootstrap-2-impl-thread1] INFO  server.RaftServerConfigKeys (ConfUtils.java:logGet(46)) - raft.server.log.async-flush.enabled = false (default)
2024-09-18 12:54:52,962 [omNode-bootstrap-2-impl-thread1] INFO  server.RaftServerConfigKeys (ConfUtils.java:logGet(46)) - raft.server.log.statemachine.data.caching.enabled = false (default)
2024-09-18 12:54:52,962 [omNode-bootstrap-2-impl-thread1] INFO  segmented.SegmentedRaftLogWorker (SegmentedRaftLogWorker.java:lambda$new$0(135)) - omNode-bootstrap-2@group-0AAC5367B30E-SegmentedRaftLogWorker: flushIndex: setUnconditionally 0 -> -1
2024-09-18 12:54:52,963 [omNode-bootstrap-2-impl-thread1] INFO  segmented.SegmentedRaftLogWorker (SegmentedRaftLogWorker.java:lambda$new$0(135)) - omNode-bootstrap-2@group-0AAC5367B30E-SegmentedRaftLogWorker: safeCacheEvictIndex: setUnconditionally 0 -> -1
2024-09-18 12:54:52,963 [omNode-bootstrap-2-impl-thread1] INFO  server.RaftServer$Division (RaftServerImpl.java:start(395)) - omNode-bootstrap-2@group-0AAC5367B30E: start with initializing state, conf=conf: {index: -1, cur=peers:[]|listeners:[], old=null}
2024-09-18 12:54:52,963 [omNode-bootstrap-2-impl-thread1] INFO  server.RaftServer$Division (RaftServerImpl.java:setRole(376)) - omNode-bootstrap-2@group-0AAC5367B30E: changes role from      null to FOLLOWER at term 0 for start
2024-09-18 12:54:52,963 [omNode-bootstrap-2-impl-thread1] INFO  util.JmxRegister (JmxRegister.java:tryRegister(44)) - Successfully registered JMX Bean with object name Ratis:service=RaftServer,group=group-0AAC5367B30E,id=omNode-bootstrap-2
2024-09-18 12:54:52,963 [omNode-bootstrap-2-impl-thread1] INFO  util.JmxRegister (JmxRegister.java:register(58)) - register mxBean class org.apache.ratis.server.impl.RaftServerJmxAdapter as Ratis:service=RaftServer,group=group-0AAC5367B30E,id=omNode-bootstrap-2
2024-09-18 12:54:52,963 [omNode-bootstrap-2-impl-thread1] INFO  server.RaftServerConfigKeys (ConfUtils.java:logGet(46)) - raft.server.snapshot.trigger-when-stop.enabled = true (default)
2024-09-18 12:54:52,964 [omNode-bootstrap-2-impl-thread1] INFO  server.RaftServerConfigKeys (ConfUtils.java:logGet(46)) - raft.server.snapshot.trigger-when-remove.enabled = true (default)
2024-09-18 12:54:52,964 [omNode-bootstrap-2-impl-thread1] INFO  server.RaftServerConfigKeys (ConfUtils.java:logGet(46)) - raft.server.snapshot.auto.trigger.enabled = true (custom)
2024-09-18 12:54:52,964 [omNode-bootstrap-2-impl-thread1] INFO  server.RaftServerConfigKeys (ConfUtils.java:logGet(46)) - raft.server.snapshot.auto.trigger.threshold = 400000 (default)
2024-09-18 12:54:52,964 [omNode-bootstrap-2-impl-thread1] INFO  server.RaftServerConfigKeys (ConfUtils.java:logGet(46)) - raft.server.snapshot.retention.file.num = -1 (default)
2024-09-18 12:54:52,964 [omNode-bootstrap-2-impl-thread1] INFO  server.RaftServerConfigKeys (ConfUtils.java:logGet(46)) - raft.server.log.purge.upto.snapshot.index = true (custom)
2024-09-18 12:54:52,965 [main] INFO  server.RaftServer (RaftServerProxy.java:startImpl(408)) - omNode-bootstrap-2: start RPC server
2024-09-18 12:54:52,969 [main] INFO  server.GrpcService (GrpcService.java:startImpl(302)) - omNode-bootstrap-2: GrpcService started, listening on 15050
2024-09-18 12:54:52,969 [JvmPauseMonitor6] INFO  util.JvmPauseMonitor (JvmPauseMonitor.java:run(146)) - JvmPauseMonitor-omNode-bootstrap-2: Started
2024-09-18 12:54:52,971 [main] INFO  om.OzoneManager (OzoneManager.java:start(1695)) - Version File has different layout version (7) than OM DB (null). That is expected if this OM has never been finalized to a newer layout version.
2024-09-18 12:54:52,986 [main] INFO  client.ScmTopologyClient (ScmTopologyClient.java:start(72)) - Initial network topology fetched from SCM: /.
2024-09-18 12:54:52,986 [main] INFO  net.NodeSchemaLoader (NodeSchemaLoader.java:loadSchemaFromFile(129)) - Loading schema from [jar:file:/home/runner/work/ozone/ozone/hadoop-hdds/common/target/hdds-common-1.5.0-SNAPSHOT.jar!/network-topology-default.xml]
2024-09-18 12:54:52,986 [main] INFO  net.NodeSchemaLoader (NodeSchemaLoader.java:loadSchema(176)) - Loading network topology layer schema file
2024-09-18 12:54:52,997 [main] INFO  http.BaseHttpServer (BaseHttpServer.java:newHttpServer2BuilderForOzone(223)) - Starting Web-server for ozoneManager at: http://0.0.0.0:15048
2024-09-18 12:54:52,997 [main] INFO  http.BaseHttpServer (BaseHttpServer.java:<init>(110)) - Hadoop Security Enabled: false Ozone Security Enabled: false Ozone HTTP Security Enabled: false 
2024-09-18 12:54:52,998 [main] WARN  server.AuthenticationFilter (AuthenticationFilter.java:constructSecretProvider(240)) - Unable to initialize FileSignerSecretProvider, falling back to use random secrets. Reason: Could not read signature secret file: /home/runner/hadoop-http-auth-signature-secret
2024-09-18 12:54:53,001 [main] INFO  http.HttpRequestLog (HttpRequestLog.java:getRequestLog(86)) - Http request log for http.requests.ozoneManager is not defined
2024-09-18 12:54:53,002 [main] INFO  http.HttpServer2 (HttpServer2.java:addGlobalFilter(1035)) - Added global filter 'safety' (class=org.apache.hadoop.hdds.server.http.HttpServer2$QuotingInputFilter)
2024-09-18 12:54:53,003 [main] INFO  http.HttpServer2 (HttpServer2.java:addFilter(1011)) - Added filter static_user_filter (class=org.apache.hadoop.http.lib.StaticUserWebFilter$StaticUserFilter) to context ozoneManager
2024-09-18 12:54:53,004 [main] INFO  http.HttpServer2 (HttpServer2.java:addFilter(1019)) - Added filter static_user_filter (class=org.apache.hadoop.http.lib.StaticUserWebFilter$StaticUserFilter) to context logs
2024-09-18 12:54:53,004 [main] INFO  http.HttpServer2 (HttpServer2.java:addFilter(1019)) - Added filter static_user_filter (class=org.apache.hadoop.http.lib.StaticUserWebFilter$StaticUserFilter) to context static
2024-09-18 12:54:53,004 [main] INFO  http.BaseHttpServer (BaseHttpServer.java:<init>(189)) - HTTP server of ozoneManager uses base directory /home/runner/work/ozone/ozone/hadoop-ozone/integration-test/target/test-dir/MiniOzoneClusterImpl-1474a09c-6dad-4fc4-86e4-bad221540704/omNode-bootstrap-2/webserver
2024-09-18 12:54:53,005 [main] INFO  http.HttpServer2 (HttpServer2.java:bindListener(1235)) - Jetty bound to port 15048
2024-09-18 12:54:53,005 [main] INFO  server.Server (Server.java:doStart(375)) - jetty-9.4.56.v20240826; built: 2024-08-26T17:15:05.868Z; git: ec6782ff5ead824dabdcf47fa98f90a4aedff401; jvm 17.0.12+7
2024-09-18 12:54:53,009 [main] INFO  server.session (DefaultSessionIdManager.java:doStart(334)) - DefaultSessionIdManager workerName=node0
2024-09-18 12:54:53,009 [main] INFO  server.session (DefaultSessionIdManager.java:doStart(339)) - No SessionScavenger set, using defaults
2024-09-18 12:54:53,009 [main] INFO  server.session (HouseKeeper.java:startScavenging(132)) - node0 Scavenging every 600000ms
2024-09-18 12:54:53,010 [main] INFO  handler.ContextHandler (ContextHandler.java:doStart(921)) - Started o.e.j.s.ServletContextHandler@2c0e260{logs,/logs,file:///home/runner/work/ozone/ozone/hadoop-ozone/integration-test/target/log,AVAILABLE}
2024-09-18 12:54:53,011 [main] INFO  handler.ContextHandler (ContextHandler.java:doStart(921)) - Started o.e.j.s.ServletContextHandler@63689254{static,/static,file:///home/runner/work/ozone/ozone/hadoop-ozone/integration-test/target/test-classes/webapps/static,AVAILABLE}
2024-09-18 12:54:53,018 [main] INFO  handler.ContextHandler (ContextHandler.java:doStart(921)) - Started o.e.j.w.WebAppContext@6d9a8a31{ozoneManager,/,file:///home/runner/work/ozone/ozone/hadoop-ozone/integration-test/target/test-classes/webapps/ozoneManager/,AVAILABLE}{file:/home/runner/work/ozone/ozone/hadoop-ozone/integration-test/target/test-classes/webapps/ozoneManager}
2024-09-18 12:54:53,019 [main] INFO  server.AbstractConnector (AbstractConnector.java:doStart(333)) - Started ServerConnector@210e90fc{HTTP/1.1, (http/1.1)}{0.0.0.0:15048}
2024-09-18 12:54:53,020 [main] INFO  server.Server (Server.java:doStart(415)) - Started @34237ms
2024-09-18 12:54:53,020 [main] WARN  impl.MetricsSystemImpl (MetricsSystemImpl.java:register(279)) - Sink prometheus already exists!
2024-09-18 12:54:53,021 [main] INFO  http.BaseHttpServer (BaseHttpServer.java:updateConnectorAddress(354)) - HTTP server of ozoneManager listening at http://0.0.0.0:15048
2024-09-18 12:54:53,022 [IPC Server Responder] INFO  ipc.Server (Server.java:run(1562)) - IPC Server Responder: starting
2024-09-18 12:54:53,025 [IPC Server listener on 15047] INFO  ipc.Server (Server.java:run(1402)) - IPC Server listener on 15047: starting
2024-09-18 12:54:53,027 [main] INFO  om.OzoneManager (OzoneManager.java:startTrashEmptier(2158)) - Trash Interval set to 0. Files deleted won't move to trash
2024-09-18 12:54:53,035 [IPC Server handler 6 on default port 15012] INFO  ratis.OzoneManagerRatisServer (OzoneManagerRatisServer.java:addOMToRatisRing(355)) - omNode-1: Submitting SetConfiguration request to Ratis server to add new OM peer omNode-bootstrap-2|localhost:15050 to the Ratis group group-0AAC5367B30E:[omNode-1|localhost:15015]
2024-09-18 12:54:53,037 [IPC Server handler 6 on default port 15012] INFO  server.RaftServer$Division (RaftServerImpl.java:setConfigurationAsync(1305)) - omNode-1@group-0AAC5367B30E: receive setConfiguration SetConfigurationRequest:client-50DCB9022EC2->omNode-1@group-0AAC5367B30E, cid=0, seq=null, RW, null, SET_UNCONDITIONALLY, servers:[omNode-1|localhost:15015, omNode-bootstrap-2|localhost:15050], listeners:[]
2024-09-18 12:54:53,037 [IPC Server handler 6 on default port 15012] INFO  server.RaftServer$Division (LeaderStateImpl.java:startSetConfiguration(488)) - omNode-1@group-0AAC5367B30E-LeaderStateImpl: startSetConfiguration SetConfigurationRequest:client-50DCB9022EC2->omNode-1@group-0AAC5367B30E, cid=0, seq=null, RW, null, SET_UNCONDITIONALLY, servers:[omNode-1|localhost:15015, omNode-bootstrap-2|localhost:15050], listeners:[]
2024-09-18 12:54:53,039 [IPC Server handler 6 on default port 15012] INFO  server.RaftServerConfigKeys (ConfUtils.java:logGet(46)) - raft.server.log.appender.snapshot.chunk.size.max = 16MB (=16777216) (default)
2024-09-18 12:54:53,039 [IPC Server handler 6 on default port 15012] INFO  server.RaftServerConfigKeys (ConfUtils.java:logGet(46)) - raft.server.log.appender.buffer.byte-limit = 4194304 (custom)
2024-09-18 12:54:53,039 [IPC Server handler 6 on default port 15012] INFO  server.RaftServerConfigKeys (ConfUtils.java:logGet(46)) - raft.server.log.appender.buffer.element-limit = 1024 (custom)
2024-09-18 12:54:53,039 [IPC Server handler 6 on default port 15012] INFO  server.RaftServerConfigKeys (ConfUtils.java:logGet(46)) - raft.server.log.appender.wait-time.min = 0ms (custom)
2024-09-18 12:54:53,039 [IPC Server handler 6 on default port 15012] INFO  grpc.GrpcConfigKeys (ConfUtils.java:logGet(46)) - raft.grpc.server.leader.outstanding.appends.max = 8 (default)
2024-09-18 12:54:53,039 [IPC Server handler 6 on default port 15012] INFO  server.RaftServerConfigKeys (ConfUtils.java:logGet(46)) - raft.server.rpc.request.timeout = 3000ms (default)
2024-09-18 12:54:53,039 [IPC Server handler 6 on default port 15012] INFO  grpc.GrpcConfigKeys (ConfUtils.java:logGet(46)) - raft.grpc.server.install_snapshot.request.element-limit = 8 (default)
2024-09-18 12:54:53,041 [IPC Server handler 6 on default port 15012] INFO  grpc.GrpcConfigKeys (ConfUtils.java:logGet(46)) - raft.grpc.server.install_snapshot.request.timeout = 3000ms (default)
2024-09-18 12:54:53,041 [IPC Server handler 6 on default port 15012] INFO  grpc.GrpcConfigKeys (ConfUtils.java:logGet(46)) - raft.grpc.server.log-message.batch.duration = 5s (default)
2024-09-18 12:54:53,041 [IPC Server handler 6 on default port 15012] INFO  server.RaftServerConfigKeys (ConfUtils.java:logGet(46)) - raft.server.log.appender.install.snapshot.enabled = false (custom)
2024-09-18 12:54:53,041 [IPC Server handler 6 on default port 15012] INFO  grpc.GrpcConfigKeys (ConfUtils.java:logGet(46)) - raft.grpc.server.heartbeat.channel = true (default)
2024-09-18 12:54:53,046 [omNode-1@group-0AAC5367B30E->omNode-bootstrap-2-GrpcLogAppender-LogAppenderDaemon] INFO  server.GrpcLogAppender (GrpcLogAppender.java:notifyInstallSnapshot(790)) - omNode-1@group-0AAC5367B30E->omNode-bootstrap-2-GrpcLogAppender: notifyInstallSnapshot with firstAvailable=(t:1, i:0), followerNextIndex=0
2024-09-18 12:54:53,051 [omNode-1@group-0AAC5367B30E->omNode-bootstrap-2-GrpcLogAppender-LogAppenderDaemon] INFO  server.GrpcLogAppender (GrpcLogAppender.java:notifyInstallSnapshot(798)) - omNode-1@group-0AAC5367B30E->omNode-bootstrap-2-GrpcLogAppender: send omNode-1->omNode-bootstrap-2#0-t1,notify:(t:1, i:0)
2024-09-18 12:54:53,052 [omNode-1@group-0AAC5367B30E->omNode-bootstrap-2-GrpcLogAppender-LogAppenderDaemon] INFO  server.GrpcServerProtocolClient (GrpcServerProtocolClient.java:<init>(65)) - Build channel for omNode-bootstrap-2|localhost:15050
2024-09-18 12:54:53,060 [grpc-default-executor-4] INFO  impl.SnapshotInstallationHandler (SnapshotInstallationHandler.java:installSnapshot(92)) - omNode-bootstrap-2@group-0AAC5367B30E: receive installSnapshot: omNode-1->omNode-bootstrap-2#0-t1,notify:(t:1, i:0)
2024-09-18 12:54:53,062 [grpc-default-executor-4] INFO  server.RaftServer$Division (RaftServerImpl.java:setFirstElection(549)) - omNode-bootstrap-2@group-0AAC5367B30E: set firstElectionSinceStartup to false for installSnapshot
2024-09-18 12:54:53,063 [grpc-default-executor-4] INFO  server.RaftServer$Division (ServerState.java:setLeader(272)) - omNode-bootstrap-2@group-0AAC5367B30E: change Leader from null to omNode-1 at term 1 for installSnapshot, leader elected after 550ms
2024-09-18 12:54:53,063 [grpc-default-executor-4] INFO  impl.SnapshotInstallationHandler (SnapshotInstallationHandler.java:notifyStateMachineToInstallSnapshot(222)) - omNode-bootstrap-2@group-0AAC5367B30E: Received notification to install snapshot at index 0
2024-09-18 12:54:53,066 [grpc-default-executor-4] INFO  impl.SnapshotInstallationHandler (SnapshotInstallationHandler.java:notifyStateMachineToInstallSnapshot(256)) - omNode-bootstrap-2@group-0AAC5367B30E: notifyInstallSnapshot: nextIndex is 0 but the leader's first available index is 0.
2024-09-18 12:54:53,067 [grpc-default-executor-4] INFO  ratis.OzoneManagerStateMachine (OzoneManagerStateMachine.java:notifyInstallSnapshotFromLeader(511)) - Received install snapshot notification from OM leader: omNode-1 with term index: (t:1, i:0)
2024-09-18 12:54:53,068 [omNode-bootstrap-2-InstallSnapshotThread] INFO  utils.RDBSnapshotProvider (RDBSnapshotProvider.java:downloadDBSnapshotFromLeader(110)) - Prepare to download the snapshot from leader OM omNode-1 and reloading state from the snapshot.
2024-09-18 12:54:53,072 [omNode-bootstrap-2-InstallSnapshotThread] INFO  ratis_snapshot.OmRatisSnapshotProvider (OmRatisSnapshotProvider.java:downloadSnapshot(146)) - Downloading latest checkpoint from Leader OM omNode-1. Checkpoint URL: http://127.0.0.1:15013/dbCheckpoint?includeSnapshotData=true&flushBeforeCheckpoint=true
2024-09-18 12:54:53,075 [grpc-default-executor-4] INFO  impl.SnapshotInstallationHandler (SnapshotInstallationHandler.java:installSnapshotImpl(138)) - omNode-bootstrap-2@group-0AAC5367B30E: set new configuration configurationEntry {
  peers {
    id: "omNode-1"
    address: "localhost:15015"
    startupRole: FOLLOWER
  }
}
 from snapshot
2024-09-18 12:54:53,076 [grpc-default-executor-4] INFO  server.RaftServer$Division (ServerState.java:setRaftConf(386)) - omNode-bootstrap-2@group-0AAC5367B30E: set configuration conf: {index: 0, cur=peers:[omNode-1|localhost:15015]|listeners:[], old=null}
2024-09-18 12:54:53,078 [grpc-default-executor-4] INFO  ratis.OzoneManagerStateMachine (OzoneManagerStateMachine.java:notifyConfigurationChanged(216)) - Received Configuration change notification from Ratis. New Peer list:
[id: "omNode-1"
address: "localhost:15015"
startupRole: FOLLOWER
]
2024-09-18 12:54:53,079 [grpc-default-executor-4] INFO  ratis.OzoneManagerRatisServer (OzoneManagerRatisServer.java:addRaftPeer(444)) - Added OM omNode-1 to Ratis Peers list.
2024-09-18 12:54:53,079 [grpc-default-executor-4] INFO  om.OzoneManager (OzoneManager.java:addOMNodeToPeers(2079)) - Added OM omNode-1 to the Peer list.
2024-09-18 12:54:53,082 [grpc-default-executor-4] INFO  impl.SnapshotInstallationHandler (SnapshotInstallationHandler.java:installSnapshot(103)) - omNode-bootstrap-2@group-0AAC5367B30E: reply installSnapshot: omNode-1<-omNode-bootstrap-2#0:FAIL-t0,IN_PROGRESS,snapshotIndex=0
2024-09-18 12:54:53,084 [grpc-default-executor-0] INFO  server.GrpcLogAppender (GrpcLogAppender.java:onNext(649)) - omNode-1@group-0AAC5367B30E->omNode-bootstrap-2-InstallSnapshotResponseHandler: received the first reply omNode-1<-omNode-bootstrap-2#0:FAIL-t0,IN_PROGRESS,snapshotIndex=0
2024-09-18 12:54:53,084 [grpc-default-executor-0] INFO  server.GrpcLogAppender (GrpcLogAppender.java:onNext(665)) - omNode-1@group-0AAC5367B30E->omNode-bootstrap-2-InstallSnapshotResponseHandler: InstallSnapshot in progress.
2024-09-18 12:54:53,084 [grpc-default-executor-4] INFO  server.GrpcServerProtocolService (GrpcServerProtocolService.java:onCompleted(157)) - omNode-bootstrap-2: Completed INSTALL_SNAPSHOT, lastRequest: omNode-1->omNode-bootstrap-2#0-t1,notify:(t:1, i:0)
2024-09-18 12:54:53,084 [grpc-default-executor-4] INFO  server.GrpcServerProtocolService (GrpcServerProtocolService.java:lambda$onCompleted$5(159)) - omNode-bootstrap-2: Completed INSTALL_SNAPSHOT, lastReply: null
2024-09-18 12:54:53,095 [omNode-1@group-0AAC5367B30E->omNode-bootstrap-2-GrpcLogAppender-LogAppenderDaemon] INFO  server.GrpcLogAppender (GrpcLogAppender.java:notifyInstallSnapshot(790)) - omNode-1@group-0AAC5367B30E->omNode-bootstrap-2-GrpcLogAppender: notifyInstallSnapshot with firstAvailable=(t:1, i:0), followerNextIndex=0
2024-09-18 12:54:53,095 [omNode-1@group-0AAC5367B30E->omNode-bootstrap-2-GrpcLogAppender-LogAppenderDaemon] INFO  server.GrpcLogAppender (GrpcLogAppender.java:notifyInstallSnapshot(798)) - omNode-1@group-0AAC5367B30E->omNode-bootstrap-2-GrpcLogAppender: send omNode-1->omNode-bootstrap-2#0-t1,notify:(t:1, i:0)
2024-09-18 12:54:53,096 [grpc-default-executor-1] INFO  impl.SnapshotInstallationHandler (SnapshotInstallationHandler.java:installSnapshot(92)) - omNode-bootstrap-2@group-0AAC5367B30E: receive installSnapshot: omNode-1->omNode-bootstrap-2#0-t1,notify:(t:1, i:0)
2024-09-18 12:54:53,097 [grpc-default-executor-1] INFO  impl.SnapshotInstallationHandler (SnapshotInstallationHandler.java:installSnapshotImpl(138)) - omNode-bootstrap-2@group-0AAC5367B30E: set new configuration configurationEntry {
  peers {
    id: "omNode-1"
    address: "localhost:15015"
    startupRole: FOLLOWER
  }
}
 from snapshot
2024-09-18 12:54:53,097 [grpc-default-executor-1] INFO  server.RaftServer$Division (ServerState.java:setRaftConf(386)) - omNode-bootstrap-2@group-0AAC5367B30E: set configuration conf: {index: 0, cur=peers:[omNode-1|localhost:15015]|listeners:[], old=null}
2024-09-18 12:54:53,098 [omNode-bootstrap-2-server-thread1] INFO  server.RaftServer$Division (RaftServerImpl.java:checkInconsistentAppendEntries(1629)) - omNode-bootstrap-2@group-0AAC5367B30E: Failed appendEntries as snapshot (0) installation is in progress
2024-09-18 12:54:53,098 [omNode-bootstrap-2-server-thread1] INFO  server.RaftServer$Division (RaftServerImpl.java:appendEntriesAsync(1584)) - omNode-bootstrap-2@group-0AAC5367B30E: appendEntries* reply omNode-1<-omNode-bootstrap-2#0:FAIL-t1,INCONSISTENCY,nextIndex=0,followerCommit=-1,matchIndex=-1
2024-09-18 12:54:53,099 [grpc-default-executor-1] INFO  ratis.OzoneManagerStateMachine (OzoneManagerStateMachine.java:notifyConfigurationChanged(216)) - Received Configuration change notification from Ratis. New Peer list:
[id: "omNode-1"
address: "localhost:15015"
startupRole: FOLLOWER
]
2024-09-18 12:54:53,099 [grpc-default-executor-1] INFO  impl.SnapshotInstallationHandler (SnapshotInstallationHandler.java:installSnapshot(103)) - omNode-bootstrap-2@group-0AAC5367B30E: reply installSnapshot: omNode-1<-omNode-bootstrap-2#0:FAIL-t1,IN_PROGRESS,snapshotIndex=0
2024-09-18 12:54:53,099 [grpc-default-executor-1] INFO  server.GrpcServerProtocolService (GrpcServerProtocolService.java:onCompleted(157)) - omNode-bootstrap-2: Completed INSTALL_SNAPSHOT, lastRequest: omNode-1->omNode-bootstrap-2#0-t1,notify:(t:1, i:0)
2024-09-18 12:54:53,099 [grpc-default-executor-1] INFO  server.GrpcServerProtocolService (GrpcServerProtocolService.java:lambda$onCompleted$5(159)) - omNode-bootstrap-2: Completed INSTALL_SNAPSHOT, lastReply: null
2024-09-18 12:54:53,100 [grpc-default-executor-0] WARN  server.GrpcLogAppender (GrpcLogAppender.java:onNextImpl(519)) - omNode-1@group-0AAC5367B30E->omNode-bootstrap-2-AppendLogResponseHandler: received INCONSISTENCY reply with nextIndex 0, errorCount=1, request=AppendEntriesRequest:cid=0,entriesCount=0
2024-09-18 12:54:53,101 [grpc-default-executor-4] INFO  server.GrpcLogAppender (GrpcLogAppender.java:onNext(649)) - omNode-1@group-0AAC5367B30E->omNode-bootstrap-2-InstallSnapshotResponseHandler: received a reply omNode-1<-omNode-bootstrap-2#0:FAIL-t1,IN_PROGRESS,snapshotIndex=0
2024-09-18 12:54:53,101 [grpc-default-executor-4] INFO  server.GrpcLogAppender (GrpcLogAppender.java:onNext(665)) - omNode-1@group-0AAC5367B30E->omNode-bootstrap-2-InstallSnapshotResponseHandler: InstallSnapshot in progress.
2024-09-18 12:54:53,101 [omNode-1@group-0AAC5367B30E->omNode-bootstrap-2-GrpcLogAppender-LogAppenderDaemon] INFO  server.GrpcLogAppender (GrpcLogAppender.java:notifyInstallSnapshot(790)) - omNode-1@group-0AAC5367B30E->omNode-bootstrap-2-GrpcLogAppender: notifyInstallSnapshot with firstAvailable=(t:1, i:0), followerNextIndex=0
2024-09-18 12:54:53,101 [omNode-1@group-0AAC5367B30E->omNode-bootstrap-2-GrpcLogAppender-LogAppenderDaemon] INFO  server.GrpcLogAppender (GrpcLogAppender.java:notifyInstallSnapshot(798)) - omNode-1@group-0AAC5367B30E->omNode-bootstrap-2-GrpcLogAppender: send omNode-1->omNode-bootstrap-2#0-t1,notify:(t:1, i:0)
2024-09-18 12:54:53,103 [grpc-default-executor-0] INFO  impl.SnapshotInstallationHandler (SnapshotInstallationHandler.java:installSnapshot(92)) - omNode-bootstrap-2@group-0AAC5367B30E: receive installSnapshot: omNode-1->omNode-bootstrap-2#0-t1,notify:(t:1, i:0)
2024-09-18 12:54:53,103 [grpc-default-executor-0] INFO  impl.SnapshotInstallationHandler (SnapshotInstallationHandler.java:installSnapshotImpl(138)) - omNode-bootstrap-2@group-0AAC5367B30E: set new configuration configurationEntry {
  peers {
    id: "omNode-1"
    address: "localhost:15015"
    startupRole: FOLLOWER
  }
}
 from snapshot
2024-09-18 12:54:53,103 [grpc-default-executor-0] INFO  server.RaftServer$Division (ServerState.java:setRaftConf(386)) - omNode-bootstrap-2@group-0AAC5367B30E: set configuration conf: {index: 0, cur=peers:[omNode-1|localhost:15015]|listeners:[], old=null}
2024-09-18 12:54:53,105 [grpc-default-executor-0] INFO  ratis.OzoneManagerStateMachine (OzoneManagerStateMachine.java:notifyConfigurationChanged(216)) - Received Configuration change notification from Ratis. New Peer list:
[id: "omNode-1"
address: "localhost:15015"
startupRole: FOLLOWER
]
2024-09-18 12:54:53,105 [grpc-default-executor-0] INFO  impl.SnapshotInstallationHandler (SnapshotInstallationHandler.java:installSnapshot(103)) - omNode-bootstrap-2@group-0AAC5367B30E: reply installSnapshot: omNode-1<-omNode-bootstrap-2#0:FAIL-t1,IN_PROGRESS,snapshotIndex=0
2024-09-18 12:54:53,105 [omNode-bootstrap-2-server-thread1] INFO  server.RaftServer$Division (RaftServerImpl.java:checkInconsistentAppendEntries(1629)) - omNode-bootstrap-2@group-0AAC5367B30E: Failed appendEntries as snapshot (0) installation is in progress
2024-09-18 12:54:53,105 [omNode-bootstrap-2-server-thread1] INFO  server.RaftServer$Division (RaftServerImpl.java:appendEntriesAsync(1584)) - omNode-bootstrap-2@group-0AAC5367B30E: appendEntries* reply omNode-1<-omNode-bootstrap-2#1:FAIL-t1,INCONSISTENCY,nextIndex=0,followerCommit=-1,matchIndex=-1
2024-09-18 12:54:53,105 [grpc-default-executor-0] INFO  server.GrpcServerProtocolService (GrpcServerProtocolService.java:onCompleted(157)) - omNode-bootstrap-2: Completed INSTALL_SNAPSHOT, lastRequest: omNode-1->omNode-bootstrap-2#0-t1,notify:(t:1, i:0)
2024-09-18 12:54:53,105 [grpc-default-executor-0] INFO  server.GrpcServerProtocolService (GrpcServerProtocolService.java:lambda$onCompleted$5(159)) - omNode-bootstrap-2: Completed INSTALL_SNAPSHOT, lastReply: null
2024-09-18 12:54:53,106 [grpc-default-executor-4] INFO  server.GrpcLogAppender (GrpcLogAppender.java:onNext(649)) - omNode-1@group-0AAC5367B30E->omNode-bootstrap-2-InstallSnapshotResponseHandler: received a reply omNode-1<-omNode-bootstrap-2#0:FAIL-t1,IN_PROGRESS,snapshotIndex=0
2024-09-18 12:54:53,106 [grpc-default-executor-4] INFO  server.GrpcLogAppender (GrpcLogAppender.java:onNext(665)) - omNode-1@group-0AAC5367B30E->omNode-bootstrap-2-InstallSnapshotResponseHandler: InstallSnapshot in progress.
2024-09-18 12:54:53,106 [omNode-1@group-0AAC5367B30E->omNode-bootstrap-2-GrpcLogAppender-LogAppenderDaemon] INFO  server.GrpcLogAppender (GrpcLogAppender.java:notifyInstallSnapshot(790)) - omNode-1@group-0AAC5367B30E->omNode-bootstrap-2-GrpcLogAppender: notifyInstallSnapshot with firstAvailable=(t:1, i:0), followerNextIndex=0
2024-09-18 12:54:53,107 [omNode-1@group-0AAC5367B30E->omNode-bootstrap-2-GrpcLogAppender-LogAppenderDaemon] INFO  server.GrpcLogAppender (GrpcLogAppender.java:notifyInstallSnapshot(798)) - omNode-1@group-0AAC5367B30E->omNode-bootstrap-2-GrpcLogAppender: send omNode-1->omNode-bootstrap-2#0-t1,notify:(t:1, i:0)
2024-09-18 12:54:53,107 [omNode-bootstrap-2-server-thread1] INFO  server.RaftServer$Division (RaftServerImpl.java:checkInconsistentAppendEntries(1629)) - omNode-bootstrap-2@group-0AAC5367B30E: Failed appendEntries as snapshot (0) installation is in progress
2024-09-18 12:54:53,107 [omNode-bootstrap-2-server-thread1] INFO  server.RaftServer$Division (RaftServerImpl.java:appendEntriesAsync(1584)) - omNode-bootstrap-2@group-0AAC5367B30E: appendEntries* reply omNode-1<-omNode-bootstrap-2#2:FAIL-t1,INCONSISTENCY,nextIndex=0,followerCommit=-1,matchIndex=-1
2024-09-18 12:54:53,108 [grpc-default-executor-3] INFO  impl.SnapshotInstallationHandler (SnapshotInstallationHandler.java:installSnapshot(92)) - omNode-bootstrap-2@group-0AAC5367B30E: receive installSnapshot: omNode-1->omNode-bootstrap-2#0-t1,notify:(t:1, i:0)
2024-09-18 12:54:53,109 [grpc-default-executor-3] INFO  impl.SnapshotInstallationHandler (SnapshotInstallationHandler.java:installSnapshotImpl(138)) - omNode-bootstrap-2@group-0AAC5367B30E: set new configuration configurationEntry {
  peers {
    id: "omNode-1"
    address: "localhost:15015"
    startupRole: FOLLOWER
  }
}
 from snapshot
2024-09-18 12:54:53,109 [grpc-default-executor-3] INFO  server.RaftServer$Division (ServerState.java:setRaftConf(386)) - omNode-bootstrap-2@group-0AAC5367B30E: set configuration conf: {index: 0, cur=peers:[omNode-1|localhost:15015]|listeners:[], old=null}
2024-09-18 12:54:53,109 [grpc-default-executor-0] WARN  server.GrpcLogAppender (GrpcLogAppender.java:onNextImpl(519)) - omNode-1@group-0AAC5367B30E->omNode-bootstrap-2-AppendLogResponseHandler: received INCONSISTENCY reply with nextIndex 0, errorCount=1, request=AppendEntriesRequest:cid=1,entriesCount=0
2024-09-18 12:54:53,110 [grpc-default-executor-3] INFO  ratis.OzoneManagerStateMachine (OzoneManagerStateMachine.java:notifyConfigurationChanged(216)) - Received Configuration change notification from Ratis. New Peer list:
[id: "omNode-1"
address: "localhost:15015"
startupRole: FOLLOWER
]
2024-09-18 12:54:53,110 [grpc-default-executor-3] INFO  impl.SnapshotInstallationHandler (SnapshotInstallationHandler.java:installSnapshot(103)) - omNode-bootstrap-2@group-0AAC5367B30E: reply installSnapshot: omNode-1<-omNode-bootstrap-2#0:FAIL-t1,IN_PROGRESS,snapshotIndex=0
2024-09-18 12:54:53,110 [grpc-default-executor-3] INFO  server.GrpcServerProtocolService (GrpcServerProtocolService.java:onCompleted(157)) - omNode-bootstrap-2: Completed INSTALL_SNAPSHOT, lastRequest: omNode-1->omNode-bootstrap-2#0-t1,notify:(t:1, i:0)
2024-09-18 12:54:53,110 [grpc-default-executor-3] INFO  server.GrpcServerProtocolService (GrpcServerProtocolService.java:lambda$onCompleted$5(159)) - omNode-bootstrap-2: Completed INSTALL_SNAPSHOT, lastReply: null
2024-09-18 12:54:53,111 [grpc-default-executor-0] WARN  server.GrpcLogAppender (GrpcLogAppender.java:onNextImpl(519)) - omNode-1@group-0AAC5367B30E->omNode-bootstrap-2-AppendLogResponseHandler: received INCONSISTENCY reply with nextIndex 0, errorCount=2, request=null
2024-09-18 12:54:53,111 [grpc-default-executor-3] INFO  server.GrpcLogAppender (GrpcLogAppender.java:onNext(649)) - omNode-1@group-0AAC5367B30E->omNode-bootstrap-2-InstallSnapshotResponseHandler: received a reply omNode-1<-omNode-bootstrap-2#0:FAIL-t1,IN_PROGRESS,snapshotIndex=0
2024-09-18 12:54:53,111 [grpc-default-executor-3] INFO  server.GrpcLogAppender (GrpcLogAppender.java:onNext(665)) - omNode-1@group-0AAC5367B30E->omNode-bootstrap-2-InstallSnapshotResponseHandler: InstallSnapshot in progress.
2024-09-18 12:54:53,113 [omNode-bootstrap-2-server-thread1] INFO  server.RaftServer$Division (RaftServerImpl.java:checkInconsistentAppendEntries(1629)) - omNode-bootstrap-2@group-0AAC5367B30E: Failed appendEntries as snapshot (0) installation is in progress
2024-09-18 12:54:53,113 [omNode-bootstrap-2-server-thread1] INFO  server.RaftServer$Division (RaftServerImpl.java:appendEntriesAsync(1584)) - omNode-bootstrap-2@group-0AAC5367B30E: appendEntries* reply omNode-1<-omNode-bootstrap-2#3:FAIL-t1,INCONSISTENCY,nextIndex=0,followerCommit=-1,matchIndex=-1
2024-09-18 12:54:53,113 [omNode-1@group-0AAC5367B30E->omNode-bootstrap-2-GrpcLogAppender-LogAppenderDaemon] INFO  server.GrpcLogAppender (GrpcLogAppender.java:notifyInstallSnapshot(790)) - omNode-1@group-0AAC5367B30E->omNode-bootstrap-2-GrpcLogAppender: notifyInstallSnapshot with firstAvailable=(t:1, i:0), followerNextIndex=0
2024-09-18 12:54:53,113 [omNode-1@group-0AAC5367B30E->omNode-bootstrap-2-GrpcLogAppender-LogAppenderDaemon] INFO  server.GrpcLogAppender (GrpcLogAppender.java:notifyInstallSnapshot(798)) - omNode-1@group-0AAC5367B30E->omNode-bootstrap-2-GrpcLogAppender: send omNode-1->omNode-bootstrap-2#0-t1,notify:(t:1, i:0)
2024-09-18 12:54:53,114 [grpc-default-executor-3] WARN  server.GrpcLogAppender (GrpcLogAppender.java:onNextImpl(519)) - omNode-1@group-0AAC5367B30E->omNode-bootstrap-2-AppendLogResponseHandler: received INCONSISTENCY reply with nextIndex 0, errorCount=1, request=AppendEntriesRequest:cid=3,entriesCount=0
2024-09-18 12:54:53,114 [grpc-default-executor-3] INFO  impl.SnapshotInstallationHandler (SnapshotInstallationHandler.java:installSnapshot(92)) - omNode-bootstrap-2@group-0AAC5367B30E: receive installSnapshot: omNode-1->omNode-bootstrap-2#0-t1,notify:(t:1, i:0)
2024-09-18 12:54:53,114 [grpc-default-executor-3] INFO  impl.SnapshotInstallationHandler (SnapshotInstallationHandler.java:installSnapshotImpl(138)) - omNode-bootstrap-2@group-0AAC5367B30E: set new configuration configurationEntry {
  peers {
    id: "omNode-1"
    address: "localhost:15015"
    startupRole: FOLLOWER
  }
}
 from snapshot
2024-09-18 12:54:53,115 [grpc-default-executor-3] INFO  server.RaftServer$Division (ServerState.java:setRaftConf(386)) - omNode-bootstrap-2@group-0AAC5367B30E: set configuration conf: {index: 0, cur=peers:[omNode-1|localhost:15015]|listeners:[], old=null}
2024-09-18 12:54:53,116 [grpc-default-executor-3] INFO  ratis.OzoneManagerStateMachine (OzoneManagerStateMachine.java:notifyConfigurationChanged(216)) - Received Configuration change notification from Ratis. New Peer list:
[id: "omNode-1"
address: "localhost:15015"
startupRole: FOLLOWER
]
2024-09-18 12:54:53,116 [grpc-default-executor-3] INFO  impl.SnapshotInstallationHandler (SnapshotInstallationHandler.java:installSnapshot(103)) - omNode-bootstrap-2@group-0AAC5367B30E: reply installSnapshot: omNode-1<-omNode-bootstrap-2#0:FAIL-t1,IN_PROGRESS,snapshotIndex=0
2024-09-18 12:54:53,117 [grpc-default-executor-3] INFO  server.GrpcServerProtocolService (GrpcServerProtocolService.java:onCompleted(157)) - omNode-bootstrap-2: Completed INSTALL_SNAPSHOT, lastRequest: omNode-1->omNode-bootstrap-2#0-t1,notify:(t:1, i:0)
2024-09-18 12:54:53,117 [grpc-default-executor-3] INFO  server.GrpcServerProtocolService (GrpcServerProtocolService.java:lambda$onCompleted$5(159)) - omNode-bootstrap-2: Completed INSTALL_SNAPSHOT, lastReply: null
2024-09-18 12:54:53,117 [grpc-default-executor-0] INFO  server.GrpcLogAppender (GrpcLogAppender.java:onNext(649)) - omNode-1@group-0AAC5367B30E->omNode-bootstrap-2-InstallSnapshotResponseHandler: received a reply omNode-1<-omNode-bootstrap-2#0:FAIL-t1,IN_PROGRESS,snapshotIndex=0
2024-09-18 12:54:53,117 [grpc-default-executor-0] INFO  server.GrpcLogAppender (GrpcLogAppender.java:onNext(665)) - omNode-1@group-0AAC5367B30E->omNode-bootstrap-2-InstallSnapshotResponseHandler: InstallSnapshot in progress.
2024-09-18 12:54:53,118 [omNode-1@group-0AAC5367B30E->omNode-bootstrap-2-GrpcLogAppender-LogAppenderDaemon] INFO  server.GrpcLogAppender (GrpcLogAppender.java:notifyInstallSnapshot(790)) - omNode-1@group-0AAC5367B30E->omNode-bootstrap-2-GrpcLogAppender: notifyInstallSnapshot with firstAvailable=(t:1, i:0), followerNextIndex=0
2024-09-18 12:54:53,118 [omNode-1@group-0AAC5367B30E->omNode-bootstrap-2-GrpcLogAppender-LogAppenderDaemon] INFO  server.GrpcLogAppender (GrpcLogAppender.java:notifyInstallSnapshot(798)) - omNode-1@group-0AAC5367B30E->omNode-bootstrap-2-GrpcLogAppender: send omNode-1->omNode-bootstrap-2#0-t1,notify:(t:1, i:0)
2024-09-18 12:54:53,120 [grpc-default-executor-0] INFO  impl.SnapshotInstallationHandler (SnapshotInstallationHandler.java:installSnapshot(92)) - omNode-bootstrap-2@group-0AAC5367B30E: receive installSnapshot: omNode-1->omNode-bootstrap-2#0-t1,notify:(t:1, i:0)
2024-09-18 12:54:53,120 [grpc-default-executor-0] INFO  impl.SnapshotInstallationHandler (SnapshotInstallationHandler.java:installSnapshotImpl(138)) - omNode-bootstrap-2@group-0AAC5367B30E: set new configuration configurationEntry {
  peers {
    id: "omNode-1"
    address: "localhost:15015"
    startupRole: FOLLOWER
  }
}
 from snapshot
2024-09-18 12:54:53,120 [grpc-default-executor-0] INFO  server.RaftServer$Division (ServerState.java:setRaftConf(386)) - omNode-bootstrap-2@group-0AAC5367B30E: set configuration conf: {index: 0, cur=peers:[omNode-1|localhost:15015]|listeners:[], old=null}
2024-09-18 12:54:53,122 [grpc-default-executor-0] INFO  ratis.OzoneManagerStateMachine (OzoneManagerStateMachine.java:notifyConfigurationChanged(216)) - Received Configuration change notification from Ratis. New Peer list:
[id: "omNode-1"
address: "localhost:15015"
startupRole: FOLLOWER
]
2024-09-18 12:54:53,122 [grpc-default-executor-0] INFO  impl.SnapshotInstallationHandler (SnapshotInstallationHandler.java:installSnapshot(103)) - omNode-bootstrap-2@group-0AAC5367B30E: reply installSnapshot: omNode-1<-omNode-bootstrap-2#0:FAIL-t1,IN_PROGRESS,snapshotIndex=0
2024-09-18 12:54:53,122 [grpc-default-executor-0] INFO  server.GrpcServerProtocolService (GrpcServerProtocolService.java:onCompleted(157)) - omNode-bootstrap-2: Completed INSTALL_SNAPSHOT, lastRequest: omNode-1->omNode-bootstrap-2#0-t1,notify:(t:1, i:0)
2024-09-18 12:54:53,122 [grpc-default-executor-0] INFO  server.GrpcServerProtocolService (GrpcServerProtocolService.java:lambda$onCompleted$5(159)) - omNode-bootstrap-2: Completed INSTALL_SNAPSHOT, lastReply: null
2024-09-18 12:54:53,123 [omNode-bootstrap-2-server-thread1] INFO  server.RaftServer$Division (RaftServerImpl.java:checkInconsistentAppendEntries(1629)) - omNode-bootstrap-2@group-0AAC5367B30E: Failed appendEntries as snapshot (0) installation is in progress
2024-09-18 12:54:53,123 [omNode-bootstrap-2-server-thread1] INFO  server.RaftServer$Division (RaftServerImpl.java:appendEntriesAsync(1584)) - omNode-bootstrap-2@group-0AAC5367B30E: appendEntries* reply omNode-1<-omNode-bootstrap-2#4:FAIL-t1,INCONSISTENCY,nextIndex=0,followerCommit=-1,matchIndex=-1
2024-09-18 12:54:53,124 [grpc-default-executor-1] INFO  server.GrpcLogAppender (GrpcLogAppender.java:onNext(649)) - omNode-1@group-0AAC5367B30E->omNode-bootstrap-2-InstallSnapshotResponseHandler: received a reply omNode-1<-omNode-bootstrap-2#0:FAIL-t1,IN_PROGRESS,snapshotIndex=0
2024-09-18 12:54:53,124 [grpc-default-executor-1] INFO  server.GrpcLogAppender (GrpcLogAppender.java:onNext(665)) - omNode-1@group-0AAC5367B30E->omNode-bootstrap-2-InstallSnapshotResponseHandler: InstallSnapshot in progress.
2024-09-18 12:54:53,125 [grpc-default-executor-1] WARN  server.GrpcLogAppender (GrpcLogAppender.java:onNextImpl(519)) - omNode-1@group-0AAC5367B30E->omNode-bootstrap-2-AppendLogResponseHandler: received INCONSISTENCY reply with nextIndex 0, errorCount=1, request=AppendEntriesRequest:cid=4,entriesCount=0
2024-09-18 12:54:53,126 [omNode-bootstrap-2-server-thread1] INFO  server.RaftServer$Division (RaftServerImpl.java:checkInconsistentAppendEntries(1629)) - omNode-bootstrap-2@group-0AAC5367B30E: Failed appendEntries as snapshot (0) installation is in progress
2024-09-18 12:54:53,126 [omNode-bootstrap-2-server-thread1] INFO  server.RaftServer$Division (RaftServerImpl.java:appendEntriesAsync(1584)) - omNode-bootstrap-2@group-0AAC5367B30E: appendEntries* reply omNode-1<-omNode-bootstrap-2#5:FAIL-t1,INCONSISTENCY,nextIndex=0,followerCommit=-1,matchIndex=-1
2024-09-18 12:54:53,127 [grpc-default-executor-1] WARN  server.GrpcLogAppender (GrpcLogAppender.java:onNextImpl(519)) - omNode-1@group-0AAC5367B30E->omNode-bootstrap-2-AppendLogResponseHandler: received INCONSISTENCY reply with nextIndex 0, errorCount=2, request=AppendEntriesRequest:cid=5,entriesCount=0
2024-09-18 12:54:53,127 [omNode-1@group-0AAC5367B30E->omNode-bootstrap-2-GrpcLogAppender-LogAppenderDaemon] INFO  server.GrpcLogAppender (GrpcLogAppender.java:notifyInstallSnapshot(790)) - omNode-1@group-0AAC5367B30E->omNode-bootstrap-2-GrpcLogAppender: notifyInstallSnapshot with firstAvailable=(t:1, i:0), followerNextIndex=0
2024-09-18 12:54:53,127 [omNode-1@group-0AAC5367B30E->omNode-bootstrap-2-GrpcLogAppender-LogAppenderDaemon] INFO  server.GrpcLogAppender (GrpcLogAppender.java:notifyInstallSnapshot(798)) - omNode-1@group-0AAC5367B30E->omNode-bootstrap-2-GrpcLogAppender: send omNode-1->omNode-bootstrap-2#0-t1,notify:(t:1, i:0)
2024-09-18 12:54:53,128 [grpc-default-executor-0] INFO  impl.SnapshotInstallationHandler (SnapshotInstallationHandler.java:installSnapshot(92)) - omNode-bootstrap-2@group-0AAC5367B30E: receive installSnapshot: omNode-1->omNode-bootstrap-2#0-t1,notify:(t:1, i:0)
2024-09-18 12:54:53,129 [grpc-default-executor-0] INFO  impl.SnapshotInstallationHandler (SnapshotInstallationHandler.java:installSnapshotImpl(138)) - omNode-bootstrap-2@group-0AAC5367B30E: set new configuration configurationEntry {
  peers {
    id: "omNode-1"
    address: "localhost:15015"
    startupRole: FOLLOWER
  }
}
 from snapshot
2024-09-18 12:54:53,129 [grpc-default-executor-0] INFO  server.RaftServer$Division (ServerState.java:setRaftConf(386)) - omNode-bootstrap-2@group-0AAC5367B30E: set configuration conf: {index: 0, cur=peers:[omNode-1|localhost:15015]|listeners:[], old=null}
2024-09-18 12:54:53,130 [grpc-default-executor-0] INFO  ratis.OzoneManagerStateMachine (OzoneManagerStateMachine.java:notifyConfigurationChanged(216)) - Received Configuration change notification from Ratis. New Peer list:
[id: "omNode-1"
address: "localhost:15015"
startupRole: FOLLOWER
]
2024-09-18 12:54:53,131 [grpc-default-executor-0] INFO  impl.SnapshotInstallationHandler (SnapshotInstallationHandler.java:installSnapshot(103)) - omNode-bootstrap-2@group-0AAC5367B30E: reply installSnapshot: omNode-1<-omNode-bootstrap-2#0:FAIL-t1,IN_PROGRESS,snapshotIndex=0
2024-09-18 12:54:53,131 [grpc-default-executor-0] INFO  server.GrpcServerProtocolService (GrpcServerProtocolService.java:onCompleted(157)) - omNode-bootstrap-2: Completed INSTALL_SNAPSHOT, lastRequest: omNode-1->omNode-bootstrap-2#0-t1,notify:(t:1, i:0)
2024-09-18 12:54:53,131 [grpc-default-executor-0] INFO  server.GrpcServerProtocolService (GrpcServerProtocolService.java:lambda$onCompleted$5(159)) - omNode-bootstrap-2: Completed INSTALL_SNAPSHOT, lastReply: null
2024-09-18 12:54:53,132 [grpc-default-executor-1] INFO  server.GrpcLogAppender (GrpcLogAppender.java:onNext(649)) - omNode-1@group-0AAC5367B30E->omNode-bootstrap-2-InstallSnapshotResponseHandler: received a reply omNode-1<-omNode-bootstrap-2#0:FAIL-t1,IN_PROGRESS,snapshotIndex=0
2024-09-18 12:54:53,132 [grpc-default-executor-1] INFO  server.GrpcLogAppender (GrpcLogAppender.java:onNext(665)) - omNode-1@group-0AAC5367B30E->omNode-bootstrap-2-InstallSnapshotResponseHandler: InstallSnapshot in progress.
2024-09-18 12:54:53,132 [omNode-bootstrap-2-server-thread1] INFO  server.RaftServer$Division (RaftServerImpl.java:checkInconsistentAppendEntries(1629)) - omNode-bootstrap-2@group-0AAC5367B30E: Failed appendEntries as snapshot (0) installation is in progress
2024-09-18 12:54:53,133 [omNode-bootstrap-2-server-thread1] INFO  server.RaftServer$Division (RaftServerImpl.java:appendEntriesAsync(1584)) - omNode-bootstrap-2@group-0AAC5367B30E: appendEntries* reply omNode-1<-omNode-bootstrap-2#6:FAIL-t1,INCONSISTENCY,nextIndex=0,followerCommit=-1,matchIndex=-1
2024-09-18 12:54:53,133 [grpc-default-executor-1] WARN  server.GrpcLogAppender (GrpcLogAppender.java:onNextImpl(519)) - omNode-1@group-0AAC5367B30E->omNode-bootstrap-2-AppendLogResponseHandler: received INCONSISTENCY reply with nextIndex 0, errorCount=1, request=AppendEntriesRequest:cid=6,entriesCount=0
2024-09-18 12:54:53,133 [omNode-1@group-0AAC5367B30E->omNode-bootstrap-2-GrpcLogAppender-LogAppenderDaemon] INFO  server.GrpcLogAppender (GrpcLogAppender.java:notifyInstallSnapshot(790)) - omNode-1@group-0AAC5367B30E->omNode-bootstrap-2-GrpcLogAppender: notifyInstallSnapshot with firstAvailable=(t:1, i:0), followerNextIndex=0
2024-09-18 12:54:53,133 [omNode-1@group-0AAC5367B30E->omNode-bootstrap-2-GrpcLogAppender-LogAppenderDaemon] INFO  server.GrpcLogAppender (GrpcLogAppender.java:notifyInstallSnapshot(798)) - omNode-1@group-0AAC5367B30E->omNode-bootstrap-2-GrpcLogAppender: send omNode-1->omNode-bootstrap-2#0-t1,notify:(t:1, i:0)
2024-09-18 12:54:53,134 [grpc-default-executor-3] INFO  impl.SnapshotInstallationHandler (SnapshotInstallationHandler.java:installSnapshot(92)) - omNode-bootstrap-2@group-0AAC5367B30E: receive installSnapshot: omNode-1->omNode-bootstrap-2#0-t1,notify:(t:1, i:0)
2024-09-18 12:54:53,136 [grpc-default-executor-3] INFO  impl.SnapshotInstallationHandler (SnapshotInstallationHandler.java:installSnapshotImpl(138)) - omNode-bootstrap-2@group-0AAC5367B30E: set new configuration configurationEntry {
  peers {
    id: "omNode-1"
    address: "localhost:15015"
    startupRole: FOLLOWER
  }
}
 from snapshot
2024-09-18 12:54:53,136 [grpc-default-executor-3] INFO  server.RaftServer$Division (ServerState.java:setRaftConf(386)) - omNode-bootstrap-2@group-0AAC5367B30E: set configuration conf: {index: 0, cur=peers:[omNode-1|localhost:15015]|listeners:[], old=null}
2024-09-18 12:54:53,137 [grpc-default-executor-3] INFO  ratis.OzoneManagerStateMachine (OzoneManagerStateMachine.java:notifyConfigurationChanged(216)) - Received Configuration change notification from Ratis. New Peer list:
[id: "omNode-1"
address: "localhost:15015"
startupRole: FOLLOWER
]
2024-09-18 12:54:53,137 [grpc-default-executor-3] INFO  impl.SnapshotInstallationHandler (SnapshotInstallationHandler.java:installSnapshot(103)) - omNode-bootstrap-2@group-0AAC5367B30E: reply installSnapshot: omNode-1<-omNode-bootstrap-2#0:FAIL-t1,IN_PROGRESS,snapshotIndex=0
2024-09-18 12:54:53,137 [grpc-default-executor-3] INFO  server.GrpcServerProtocolService (GrpcServerProtocolService.java:onCompleted(157)) - omNode-bootstrap-2: Completed INSTALL_SNAPSHOT, lastRequest: omNode-1->omNode-bootstrap-2#0-t1,notify:(t:1, i:0)
2024-09-18 12:54:53,138 [grpc-default-executor-3] INFO  server.GrpcServerProtocolService (GrpcServerProtocolService.java:lambda$onCompleted$5(159)) - omNode-bootstrap-2: Completed INSTALL_SNAPSHOT, lastReply: null
2024-09-18 12:54:53,138 [grpc-default-executor-0] INFO  server.GrpcLogAppender (GrpcLogAppender.java:onNext(649)) - omNode-1@group-0AAC5367B30E->omNode-bootstrap-2-InstallSnapshotResponseHandler: received a reply omNode-1<-omNode-bootstrap-2#0:FAIL-t1,IN_PROGRESS,snapshotIndex=0
2024-09-18 12:54:53,138 [grpc-default-executor-0] INFO  server.GrpcLogAppender (GrpcLogAppender.java:onNext(665)) - omNode-1@group-0AAC5367B30E->omNode-bootstrap-2-InstallSnapshotResponseHandler: InstallSnapshot in progress.
2024-09-18 12:54:53,139 [omNode-bootstrap-2-server-thread1] INFO  server.RaftServer$Division (RaftServerImpl.java:checkInconsistentAppendEntries(1629)) - omNode-bootstrap-2@group-0AAC5367B30E: Failed appendEntries as snapshot (0) installation is in progress
2024-09-18 12:54:53,139 [omNode-bootstrap-2-server-thread1] INFO  server.RaftServer$Division (RaftServerImpl.java:appendEntriesAsync(1584)) - omNode-bootstrap-2@group-0AAC5367B30E: appendEntries* reply omNode-1<-omNode-bootstrap-2#7:FAIL-t1,INCONSISTENCY,nextIndex=0,followerCommit=-1,matchIndex=-1
2024-09-18 12:54:53,140 [omNode-1@group-0AAC5367B30E->omNode-bootstrap-2-GrpcLogAppender-LogAppenderDaemon] INFO  server.GrpcLogAppender (GrpcLogAppender.java:notifyInstallSnapshot(790)) - omNode-1@group-0AAC5367B30E->omNode-bootstrap-2-GrpcLogAppender: notifyInstallSnapshot with firstAvailable=(t:1, i:0), followerNextIndex=0
2024-09-18 12:54:53,140 [omNode-1@group-0AAC5367B30E->omNode-bootstrap-2-GrpcLogAppender-LogAppenderDaemon] INFO  server.GrpcLogAppender (GrpcLogAppender.java:notifyInstallSnapshot(798)) - omNode-1@group-0AAC5367B30E->omNode-bootstrap-2-GrpcLogAppender: send omNode-1->omNode-bootstrap-2#0-t1,notify:(t:1, i:0)
2024-09-18 12:54:53,140 [grpc-default-executor-0] WARN  server.GrpcLogAppender (GrpcLogAppender.java:onNextImpl(519)) - omNode-1@group-0AAC5367B30E->omNode-bootstrap-2-AppendLogResponseHandler: received INCONSISTENCY reply with nextIndex 0, errorCount=1, request=AppendEntriesRequest:cid=7,entriesCount=0
2024-09-18 12:54:53,142 [grpc-default-executor-0] INFO  impl.SnapshotInstallationHandler (SnapshotInstallationHandler.java:installSnapshot(92)) - omNode-bootstrap-2@group-0AAC5367B30E: receive installSnapshot: omNode-1->omNode-bootstrap-2#0-t1,notify:(t:1, i:0)
2024-09-18 12:54:53,142 [grpc-default-executor-0] INFO  impl.SnapshotInstallationHandler (SnapshotInstallationHandler.java:installSnapshotImpl(138)) - omNode-bootstrap-2@group-0AAC5367B30E: set new configuration configurationEntry {
  peers {
    id: "omNode-1"
    address: "localhost:15015"
    startupRole: FOLLOWER
  }
}
 from snapshot
2024-09-18 12:54:53,142 [grpc-default-executor-0] INFO  server.RaftServer$Division (ServerState.java:setRaftConf(386)) - omNode-bootstrap-2@group-0AAC5367B30E: set configuration conf: {index: 0, cur=peers:[omNode-1|localhost:15015]|listeners:[], old=null}
2024-09-18 12:54:53,144 [grpc-default-executor-0] INFO  ratis.OzoneManagerStateMachine (OzoneManagerStateMachine.java:notifyConfigurationChanged(216)) - Received Configuration change notification from Ratis. New Peer list:
[id: "omNode-1"
address: "localhost:15015"
startupRole: FOLLOWER
]
2024-09-18 12:54:53,144 [grpc-default-executor-0] INFO  impl.SnapshotInstallationHandler (SnapshotInstallationHandler.java:installSnapshot(103)) - omNode-bootstrap-2@group-0AAC5367B30E: reply installSnapshot: omNode-1<-omNode-bootstrap-2#0:FAIL-t1,IN_PROGRESS,snapshotIndex=0
2024-09-18 12:54:53,144 [grpc-default-executor-0] INFO  server.GrpcServerProtocolService (GrpcServerProtocolService.java:onCompleted(157)) - omNode-bootstrap-2: Completed INSTALL_SNAPSHOT, lastRequest: omNode-1->omNode-bootstrap-2#0-t1,notify:(t:1, i:0)
2024-09-18 12:54:53,144 [grpc-default-executor-0] INFO  server.GrpcServerProtocolService (GrpcServerProtocolService.java:lambda$onCompleted$5(159)) - omNode-bootstrap-2: Completed INSTALL_SNAPSHOT, lastReply: null
2024-09-18 12:54:53,145 [grpc-default-executor-3] INFO  server.GrpcLogAppender (GrpcLogAppender.java:onNext(649)) - omNode-1@group-0AAC5367B30E->omNode-bootstrap-2-InstallSnapshotResponseHandler: received a reply omNode-1<-omNode-bootstrap-2#0:FAIL-t1,IN_PROGRESS,snapshotIndex=0
2024-09-18 12:54:53,145 [grpc-default-executor-3] INFO  server.GrpcLogAppender (GrpcLogAppender.java:onNext(665)) - omNode-1@group-0AAC5367B30E->omNode-bootstrap-2-InstallSnapshotResponseHandler: InstallSnapshot in progress.
2024-09-18 12:54:53,146 [omNode-bootstrap-2-server-thread1] INFO  server.RaftServer$Division (RaftServerImpl.java:checkInconsistentAppendEntries(1629)) - omNode-bootstrap-2@group-0AAC5367B30E: Failed appendEntries as snapshot (0) installation is in progress
2024-09-18 12:54:53,146 [omNode-bootstrap-2-server-thread1] INFO  server.RaftServer$Division (RaftServerImpl.java:appendEntriesAsync(1584)) - omNode-bootstrap-2@group-0AAC5367B30E: appendEntries* reply omNode-1<-omNode-bootstrap-2#8:FAIL-t1,INCONSISTENCY,nextIndex=0,followerCommit=-1,matchIndex=-1
2024-09-18 12:54:53,147 [omNode-1@group-0AAC5367B30E->omNode-bootstrap-2-GrpcLogAppender-LogAppenderDaemon] INFO  server.GrpcLogAppender (GrpcLogAppender.java:notifyInstallSnapshot(790)) - omNode-1@group-0AAC5367B30E->omNode-bootstrap-2-GrpcLogAppender: notifyInstallSnapshot with firstAvailable=(t:1, i:0), followerNextIndex=0
2024-09-18 12:54:53,147 [omNode-1@group-0AAC5367B30E->omNode-bootstrap-2-GrpcLogAppender-LogAppenderDaemon] INFO  server.GrpcLogAppender (GrpcLogAppender.java:notifyInstallSnapshot(798)) - omNode-1@group-0AAC5367B30E->omNode-bootstrap-2-GrpcLogAppender: send omNode-1->omNode-bootstrap-2#0-t1,notify:(t:1, i:0)
2024-09-18 12:54:53,147 [grpc-default-executor-3] WARN  server.GrpcLogAppender (GrpcLogAppender.java:onNextImpl(519)) - omNode-1@group-0AAC5367B30E->omNode-bootstrap-2-AppendLogResponseHandler: received INCONSISTENCY reply with nextIndex 0, errorCount=1, request=AppendEntriesRequest:cid=8,entriesCount=0
2024-09-18 12:54:53,148 [grpc-default-executor-3] INFO  impl.SnapshotInstallationHandler (SnapshotInstallationHandler.java:installSnapshot(92)) - omNode-bootstrap-2@group-0AAC5367B30E: receive installSnapshot: omNode-1->omNode-bootstrap-2#0-t1,notify:(t:1, i:0)
2024-09-18 12:54:53,149 [grpc-default-executor-3] INFO  impl.SnapshotInstallationHandler (SnapshotInstallationHandler.java:installSnapshotImpl(138)) - omNode-bootstrap-2@group-0AAC5367B30E: set new configuration configurationEntry {
  peers {
    id: "omNode-1"
    address: "localhost:15015"
    startupRole: FOLLOWER
  }
}
 from snapshot
2024-09-18 12:54:53,149 [grpc-default-executor-3] INFO  server.RaftServer$Division (ServerState.java:setRaftConf(386)) - omNode-bootstrap-2@group-0AAC5367B30E: set configuration conf: {index: 0, cur=peers:[omNode-1|localhost:15015]|listeners:[], old=null}
2024-09-18 12:54:53,150 [grpc-default-executor-3] INFO  ratis.OzoneManagerStateMachine (OzoneManagerStateMachine.java:notifyConfigurationChanged(216)) - Received Configuration change notification from Ratis. New Peer list:
[id: "omNode-1"
address: "localhost:15015"
startupRole: FOLLOWER
]
2024-09-18 12:54:53,150 [grpc-default-executor-3] INFO  impl.SnapshotInstallationHandler (SnapshotInstallationHandler.java:installSnapshot(103)) - omNode-bootstrap-2@group-0AAC5367B30E: reply installSnapshot: omNode-1<-omNode-bootstrap-2#0:FAIL-t1,IN_PROGRESS,snapshotIndex=0
2024-09-18 12:54:53,150 [grpc-default-executor-3] INFO  server.GrpcServerProtocolService (GrpcServerProtocolService.java:onCompleted(157)) - omNode-bootstrap-2: Completed INSTALL_SNAPSHOT, lastRequest: omNode-1->omNode-bootstrap-2#0-t1,notify:(t:1, i:0)
2024-09-18 12:54:53,151 [grpc-default-executor-3] INFO  server.GrpcServerProtocolService (GrpcServerProtocolService.java:lambda$onCompleted$5(159)) - omNode-bootstrap-2: Completed INSTALL_SNAPSHOT, lastReply: null
2024-09-18 12:54:53,151 [grpc-default-executor-0] INFO  server.GrpcLogAppender (GrpcLogAppender.java:onNext(649)) - omNode-1@group-0AAC5367B30E->omNode-bootstrap-2-InstallSnapshotResponseHandler: received a reply omNode-1<-omNode-bootstrap-2#0:FAIL-t1,IN_PROGRESS,snapshotIndex=0
2024-09-18 12:54:53,152 [grpc-default-executor-0] INFO  server.GrpcLogAppender (GrpcLogAppender.java:onNext(665)) - omNode-1@group-0AAC5367B30E->omNode-bootstrap-2-InstallSnapshotResponseHandler: InstallSnapshot in progress.
2024-09-18 12:54:53,152 [omNode-bootstrap-2-server-thread1] INFO  server.RaftServer$Division (RaftServerImpl.java:checkInconsistentAppendEntries(1629)) - omNode-bootstrap-2@group-0AAC5367B30E: Failed appendEntries as snapshot (0) installation is in progress
2024-09-18 12:54:53,152 [omNode-bootstrap-2-server-thread1] INFO  server.RaftServer$Division (RaftServerImpl.java:appendEntriesAsync(1584)) - omNode-bootstrap-2@group-0AAC5367B30E: appendEntries* reply omNode-1<-omNode-bootstrap-2#9:FAIL-t1,INCONSISTENCY,nextIndex=0,followerCommit=-1,matchIndex=-1
2024-09-18 12:54:53,153 [omNode-1@group-0AAC5367B30E->omNode-bootstrap-2-GrpcLogAppender-LogAppenderDaemon] INFO  server.GrpcLogAppender (GrpcLogAppender.java:notifyInstallSnapshot(790)) - omNode-1@group-0AAC5367B30E->omNode-bootstrap-2-GrpcLogAppender: notifyInstallSnapshot with firstAvailable=(t:1, i:0), followerNextIndex=0
2024-09-18 12:54:53,153 [grpc-default-executor-0] WARN  server.GrpcLogAppender (GrpcLogAppender.java:onNextImpl(519)) - omNode-1@group-0AAC5367B30E->omNode-bootstrap-2-AppendLogResponseHandler: received INCONSISTENCY reply with nextIndex 0, errorCount=1, request=AppendEntriesRequest:cid=9,entriesCount=0
2024-09-18 12:54:53,153 [omNode-1@group-0AAC5367B30E->omNode-bootstrap-2-GrpcLogAppender-LogAppenderDaemon] INFO  server.GrpcLogAppender (GrpcLogAppender.java:notifyInstallSnapshot(798)) - omNode-1@group-0AAC5367B30E->omNode-bootstrap-2-GrpcLogAppender: send omNode-1->omNode-bootstrap-2#0-t1,notify:(t:1, i:0)
2024-09-18 12:54:53,154 [qtp2083527126-474] INFO  utils.DBCheckpointServlet (DBCheckpointServlet.java:doPost(314)) - Received POST request to obtain DB checkpoint snapshot
2024-09-18 12:54:53,154 [grpc-default-executor-3] INFO  impl.SnapshotInstallationHandler (SnapshotInstallationHandler.java:installSnapshot(92)) - omNode-bootstrap-2@group-0AAC5367B30E: receive installSnapshot: omNode-1->omNode-bootstrap-2#0-t1,notify:(t:1, i:0)
2024-09-18 12:54:53,155 [grpc-default-executor-3] INFO  impl.SnapshotInstallationHandler (SnapshotInstallationHandler.java:installSnapshotImpl(138)) - omNode-bootstrap-2@group-0AAC5367B30E: set new configuration configurationEntry {
  peers {
    id: "omNode-1"
    address: "localhost:15015"
    startupRole: FOLLOWER
  }
}
 from snapshot
2024-09-18 12:54:53,155 [grpc-default-executor-3] INFO  server.RaftServer$Division (ServerState.java:setRaftConf(386)) - omNode-bootstrap-2@group-0AAC5367B30E: set configuration conf: {index: 0, cur=peers:[omNode-1|localhost:15015]|listeners:[], old=null}
2024-09-18 12:54:53,156 [grpc-default-executor-3] INFO  ratis.OzoneManagerStateMachine (OzoneManagerStateMachine.java:notifyConfigurationChanged(216)) - Received Configuration change notification from Ratis. New Peer list:
[id: "omNode-1"
address: "localhost:15015"
startupRole: FOLLOWER
]
2024-09-18 12:54:53,156 [grpc-default-executor-3] INFO  impl.SnapshotInstallationHandler (SnapshotInstallationHandler.java:installSnapshot(103)) - omNode-bootstrap-2@group-0AAC5367B30E: reply installSnapshot: omNode-1<-omNode-bootstrap-2#0:FAIL-t1,IN_PROGRESS,snapshotIndex=0
2024-09-18 12:54:53,156 [grpc-default-executor-3] INFO  server.GrpcServerProtocolService (GrpcServerProtocolService.java:onCompleted(157)) - omNode-bootstrap-2: Completed INSTALL_SNAPSHOT, lastRequest: omNode-1->omNode-bootstrap-2#0-t1,notify:(t:1, i:0)
2024-09-18 12:54:53,156 [grpc-default-executor-3] INFO  server.GrpcServerProtocolService (GrpcServerProtocolService.java:lambda$onCompleted$5(159)) - omNode-bootstrap-2: Completed INSTALL_SNAPSHOT, lastReply: null
2024-09-18 12:54:53,157 [grpc-default-executor-0] INFO  server.GrpcLogAppender (GrpcLogAppender.java:onNext(649)) - omNode-1@group-0AAC5367B30E->omNode-bootstrap-2-InstallSnapshotResponseHandler: received a reply omNode-1<-omNode-bootstrap-2#0:FAIL-t1,IN_PROGRESS,snapshotIndex=0
2024-09-18 12:54:53,157 [grpc-default-executor-0] INFO  server.GrpcLogAppender (GrpcLogAppender.java:onNext(665)) - omNode-1@group-0AAC5367B30E->omNode-bootstrap-2-InstallSnapshotResponseHandler: InstallSnapshot in progress.
2024-09-18 12:54:53,158 [omNode-bootstrap-2-server-thread1] INFO  server.RaftServer$Division (RaftServerImpl.java:checkInconsistentAppendEntries(1629)) - omNode-bootstrap-2@group-0AAC5367B30E: Failed appendEntries as snapshot (0) installation is in progress
2024-09-18 12:54:53,158 [omNode-bootstrap-2-server-thread1] INFO  server.RaftServer$Division (RaftServerImpl.java:appendEntriesAsync(1584)) - omNode-bootstrap-2@group-0AAC5367B30E: appendEntries* reply omNode-1<-omNode-bootstrap-2#10:FAIL-t1,INCONSISTENCY,nextIndex=0,followerCommit=-1,matchIndex=-1
2024-09-18 12:54:53,159 [omNode-1@group-0AAC5367B30E->omNode-bootstrap-2-GrpcLogAppender-LogAppenderDaemon] INFO  server.GrpcLogAppender (GrpcLogAppender.java:notifyInstallSnapshot(790)) - omNode-1@group-0AAC5367B30E->omNode-bootstrap-2-GrpcLogAppender: notifyInstallSnapshot with firstAvailable=(t:1, i:0), followerNextIndex=0
2024-09-18 12:54:53,159 [omNode-1@group-0AAC5367B30E->omNode-bootstrap-2-GrpcLogAppender-LogAppenderDaemon] INFO  server.GrpcLogAppender (GrpcLogAppender.java:notifyInstallSnapshot(798)) - omNode-1@group-0AAC5367B30E->omNode-bootstrap-2-GrpcLogAppender: send omNode-1->omNode-bootstrap-2#0-t1,notify:(t:1, i:0)
2024-09-18 12:54:53,159 [grpc-default-executor-0] WARN  server.GrpcLogAppender (GrpcLogAppender.java:onNextImpl(519)) - omNode-1@group-0AAC5367B30E->omNode-bootstrap-2-AppendLogResponseHandler: received INCONSISTENCY reply with nextIndex 0, errorCount=1, request=AppendEntriesRequest:cid=10,entriesCount=0
2024-09-18 12:54:53,160 [grpc-default-executor-3] INFO  impl.SnapshotInstallationHandler (SnapshotInstallationHandler.java:installSnapshot(92)) - omNode-bootstrap-2@group-0AAC5367B30E: receive installSnapshot: omNode-1->omNode-bootstrap-2#0-t1,notify:(t:1, i:0)
2024-09-18 12:54:53,160 [grpc-default-executor-3] INFO  impl.SnapshotInstallationHandler (SnapshotInstallationHandler.java:installSnapshotImpl(138)) - omNode-bootstrap-2@group-0AAC5367B30E: set new configuration configurationEntry {
  peers {
    id: "omNode-1"
    address: "localhost:15015"
    startupRole: FOLLOWER
  }
}
 from snapshot
2024-09-18 12:54:53,160 [grpc-default-executor-3] INFO  server.RaftServer$Division (ServerState.java:setRaftConf(386)) - omNode-bootstrap-2@group-0AAC5367B30E: set configuration conf: {index: 0, cur=peers:[omNode-1|localhost:15015]|listeners:[], old=null}
2024-09-18 12:54:53,162 [grpc-default-executor-3] INFO  ratis.OzoneManagerStateMachine (OzoneManagerStateMachine.java:notifyConfigurationChanged(216)) - Received Configuration change notification from Ratis. New Peer list:
[id: "omNode-1"
address: "localhost:15015"
startupRole: FOLLOWER
]
2024-09-18 12:54:53,162 [grpc-default-executor-3] INFO  impl.SnapshotInstallationHandler (SnapshotInstallationHandler.java:installSnapshot(103)) - omNode-bootstrap-2@group-0AAC5367B30E: reply installSnapshot: omNode-1<-omNode-bootstrap-2#0:FAIL-t1,IN_PROGRESS,snapshotIndex=0
2024-09-18 12:54:53,163 [grpc-default-executor-0] INFO  server.GrpcLogAppender (GrpcLogAppender.java:onNext(649)) - omNode-1@group-0AAC5367B30E->omNode-bootstrap-2-InstallSnapshotResponseHandler: received a reply omNode-1<-omNode-bootstrap-2#0:FAIL-t1,IN_PROGRESS,snapshotIndex=0
2024-09-18 12:54:53,163 [grpc-default-executor-3] INFO  server.GrpcServerProtocolService (GrpcServerProtocolService.java:onCompleted(157)) - omNode-bootstrap-2: Completed INSTALL_SNAPSHOT, lastRequest: omNode-1->omNode-bootstrap-2#0-t1,notify:(t:1, i:0)
2024-09-18 12:54:53,163 [grpc-default-executor-3] INFO  server.GrpcServerProtocolService (GrpcServerProtocolService.java:lambda$onCompleted$5(159)) - omNode-bootstrap-2: Completed INSTALL_SNAPSHOT, lastReply: null
2024-09-18 12:54:53,163 [grpc-default-executor-0] INFO  server.GrpcLogAppender (GrpcLogAppender.java:onNext(665)) - omNode-1@group-0AAC5367B30E->omNode-bootstrap-2-InstallSnapshotResponseHandler: InstallSnapshot in progress.
2024-09-18 12:54:53,164 [omNode-1@group-0AAC5367B30E->omNode-bootstrap-2-GrpcLogAppender-LogAppenderDaemon] INFO  server.GrpcLogAppender (GrpcLogAppender.java:notifyInstallSnapshot(790)) - omNode-1@group-0AAC5367B30E->omNode-bootstrap-2-GrpcLogAppender: notifyInstallSnapshot with firstAvailable=(t:1, i:0), followerNextIndex=0
2024-09-18 12:54:53,164 [omNode-1@group-0AAC5367B30E->omNode-bootstrap-2-GrpcLogAppender-LogAppenderDaemon] INFO  server.GrpcLogAppender (GrpcLogAppender.java:notifyInstallSnapshot(798)) - omNode-1@group-0AAC5367B30E->omNode-bootstrap-2-GrpcLogAppender: send omNode-1->omNode-bootstrap-2#0-t1,notify:(t:1, i:0)
2024-09-18 12:54:53,166 [grpc-default-executor-1] INFO  impl.SnapshotInstallationHandler (SnapshotInstallationHandler.java:installSnapshot(92)) - omNode-bootstrap-2@group-0AAC5367B30E: receive installSnapshot: omNode-1->omNode-bootstrap-2#0-t1,notify:(t:1, i:0)
2024-09-18 12:54:53,166 [grpc-default-executor-1] INFO  impl.SnapshotInstallationHandler (SnapshotInstallationHandler.java:installSnapshotImpl(138)) - omNode-bootstrap-2@group-0AAC5367B30E: set new configuration configurationEntry {
  peers {
    id: "omNode-1"
    address: "localhost:15015"
    startupRole: FOLLOWER
  }
}
 from snapshot
2024-09-18 12:54:53,166 [grpc-default-executor-1] INFO  server.RaftServer$Division (ServerState.java:setRaftConf(386)) - omNode-bootstrap-2@group-0AAC5367B30E: set configuration conf: {index: 0, cur=peers:[omNode-1|localhost:15015]|listeners:[], old=null}
2024-09-18 12:54:53,167 [omNode-bootstrap-2-server-thread1] INFO  server.RaftServer$Division (RaftServerImpl.java:checkInconsistentAppendEntries(1629)) - omNode-bootstrap-2@group-0AAC5367B30E: Failed appendEntries as snapshot (0) installation is in progress
2024-09-18 12:54:53,167 [omNode-bootstrap-2-server-thread1] INFO  server.RaftServer$Division (RaftServerImpl.java:appendEntriesAsync(1584)) - omNode-bootstrap-2@group-0AAC5367B30E: appendEntries* reply omNode-1<-omNode-bootstrap-2#11:FAIL-t1,INCONSISTENCY,nextIndex=0,followerCommit=-1,matchIndex=-1
2024-09-18 12:54:53,168 [qtp2083527126-474] WARN  utils.DBCheckpointServlet (DBCheckpointServlet.java:parseFormDataParameters(287)) - Exception occured during form data parsing Stream ended unexpectedly
2024-09-18 12:54:53,168 [grpc-default-executor-1] INFO  ratis.OzoneManagerStateMachine (OzoneManagerStateMachine.java:notifyConfigurationChanged(216)) - Received Configuration change notification from Ratis. New Peer list:
[id: "omNode-1"
address: "localhost:15015"
startupRole: FOLLOWER
]
2024-09-18 12:54:53,168 [grpc-default-executor-4] WARN  server.GrpcLogAppender (GrpcLogAppender.java:onNextImpl(519)) - omNode-1@group-0AAC5367B30E->omNode-bootstrap-2-AppendLogResponseHandler: received INCONSISTENCY reply with nextIndex 0, errorCount=1, request=AppendEntriesRequest:cid=11,entriesCount=0
2024-09-18 12:54:53,168 [grpc-default-executor-1] INFO  impl.SnapshotInstallationHandler (SnapshotInstallationHandler.java:installSnapshot(103)) - omNode-bootstrap-2@group-0AAC5367B30E: reply installSnapshot: omNode-1<-omNode-bootstrap-2#0:FAIL-t1,IN_PROGRESS,snapshotIndex=0
2024-09-18 12:54:53,168 [grpc-default-executor-1] INFO  server.GrpcServerProtocolService (GrpcServerProtocolService.java:onCompleted(157)) - omNode-bootstrap-2: Completed INSTALL_SNAPSHOT, lastRequest: omNode-1->omNode-bootstrap-2#0-t1,notify:(t:1, i:0)
2024-09-18 12:54:53,168 [grpc-default-executor-1] INFO  server.GrpcServerProtocolService (GrpcServerProtocolService.java:lambda$onCompleted$5(159)) - omNode-bootstrap-2: Completed INSTALL_SNAPSHOT, lastReply: null
2024-09-18 12:54:53,169 [grpc-default-executor-0] INFO  server.GrpcLogAppender (GrpcLogAppender.java:onNext(649)) - omNode-1@group-0AAC5367B30E->omNode-bootstrap-2-InstallSnapshotResponseHandler: received a reply omNode-1<-omNode-bootstrap-2#0:FAIL-t1,IN_PROGRESS,snapshotIndex=0
2024-09-18 12:54:53,169 [grpc-default-executor-0] INFO  server.GrpcLogAppender (GrpcLogAppender.java:onNext(665)) - omNode-1@group-0AAC5367B30E->omNode-bootstrap-2-InstallSnapshotResponseHandler: InstallSnapshot in progress.
2024-09-18 12:54:53,170 [omNode-bootstrap-2-server-thread1] INFO  server.RaftServer$Division (RaftServerImpl.java:checkInconsistentAppendEntries(1629)) - omNode-bootstrap-2@group-0AAC5367B30E: Failed appendEntries as snapshot (0) installation is in progress
2024-09-18 12:54:53,170 [omNode-bootstrap-2-server-thread1] INFO  server.RaftServer$Division (RaftServerImpl.java:appendEntriesAsync(1584)) - omNode-bootstrap-2@group-0AAC5367B30E: appendEntries* reply omNode-1<-omNode-bootstrap-2#12:FAIL-t1,INCONSISTENCY,nextIndex=0,followerCommit=-1,matchIndex=-1
2024-09-18 12:54:53,171 [grpc-default-executor-0] WARN  server.GrpcLogAppender (GrpcLogAppender.java:onNextImpl(519)) - omNode-1@group-0AAC5367B30E->omNode-bootstrap-2-AppendLogResponseHandler: received INCONSISTENCY reply with nextIndex 0, errorCount=1, request=AppendEntriesRequest:cid=12,entriesCount=0
2024-09-18 12:54:53,171 [omNode-1@group-0AAC5367B30E->omNode-bootstrap-2-GrpcLogAppender-LogAppenderDaemon] INFO  server.GrpcLogAppender (GrpcLogAppender.java:notifyInstallSnapshot(790)) - omNode-1@group-0AAC5367B30E->omNode-bootstrap-2-GrpcLogAppender: notifyInstallSnapshot with firstAvailable=(t:1, i:0), followerNextIndex=0
2024-09-18 12:54:53,171 [omNode-1@group-0AAC5367B30E->omNode-bootstrap-2-GrpcLogAppender-LogAppenderDaemon] INFO  server.GrpcLogAppender (GrpcLogAppender.java:notifyInstallSnapshot(798)) - omNode-1@group-0AAC5367B30E->omNode-bootstrap-2-GrpcLogAppender: send omNode-1->omNode-bootstrap-2#0-t1,notify:(t:1, i:0)
2024-09-18 12:54:53,172 [grpc-default-executor-0] INFO  impl.SnapshotInstallationHandler (SnapshotInstallationHandler.java:installSnapshot(92)) - omNode-bootstrap-2@group-0AAC5367B30E: receive installSnapshot: omNode-1->omNode-bootstrap-2#0-t1,notify:(t:1, i:0)
2024-09-18 12:54:53,172 [grpc-default-executor-0] INFO  impl.SnapshotInstallationHandler (SnapshotInstallationHandler.java:installSnapshotImpl(138)) - omNode-bootstrap-2@group-0AAC5367B30E: set new configuration configurationEntry {
  peers {
    id: "omNode-1"
    address: "localhost:15015"
    startupRole: FOLLOWER
  }
}
 from snapshot
2024-09-18 12:54:53,172 [grpc-default-executor-0] INFO  server.RaftServer$Division (ServerState.java:setRaftConf(386)) - omNode-bootstrap-2@group-0AAC5367B30E: set configuration conf: {index: 0, cur=peers:[omNode-1|localhost:15015]|listeners:[], old=null}
2024-09-18 12:54:53,173 [grpc-default-executor-0] INFO  ratis.OzoneManagerStateMachine (OzoneManagerStateMachine.java:notifyConfigurationChanged(216)) - Received Configuration change notification from Ratis. New Peer list:
[id: "omNode-1"
address: "localhost:15015"
startupRole: FOLLOWER
]
2024-09-18 12:54:53,174 [grpc-default-executor-0] INFO  impl.SnapshotInstallationHandler (SnapshotInstallationHandler.java:installSnapshot(103)) - omNode-bootstrap-2@group-0AAC5367B30E: reply installSnapshot: omNode-1<-omNode-bootstrap-2#0:FAIL-t1,IN_PROGRESS,snapshotIndex=0
2024-09-18 12:54:53,174 [grpc-default-executor-0] INFO  server.GrpcServerProtocolService (GrpcServerProtocolService.java:onCompleted(157)) - omNode-bootstrap-2: Completed INSTALL_SNAPSHOT, lastRequest: omNode-1->omNode-bootstrap-2#0-t1,notify:(t:1, i:0)
2024-09-18 12:54:53,174 [grpc-default-executor-0] INFO  server.GrpcServerProtocolService (GrpcServerProtocolService.java:lambda$onCompleted$5(159)) - omNode-bootstrap-2: Completed INSTALL_SNAPSHOT, lastReply: null
2024-09-18 12:54:53,174 [grpc-default-executor-3] INFO  server.GrpcLogAppender (GrpcLogAppender.java:onNext(649)) - omNode-1@group-0AAC5367B30E->omNode-bootstrap-2-InstallSnapshotResponseHandler: received a reply omNode-1<-omNode-bootstrap-2#0:FAIL-t1,IN_PROGRESS,snapshotIndex=0
2024-09-18 12:54:53,175 [grpc-default-executor-3] INFO  server.GrpcLogAppender (GrpcLogAppender.java:onNext(665)) - omNode-1@group-0AAC5367B30E->omNode-bootstrap-2-InstallSnapshotResponseHandler: InstallSnapshot in progress.
2024-09-18 12:54:53,175 [omNode-1@group-0AAC5367B30E->omNode-bootstrap-2-GrpcLogAppender-LogAppenderDaemon] INFO  server.GrpcLogAppender (GrpcLogAppender.java:notifyInstallSnapshot(790)) - omNode-1@group-0AAC5367B30E->omNode-bootstrap-2-GrpcLogAppender: notifyInstallSnapshot with firstAvailable=(t:1, i:0), followerNextIndex=0
2024-09-18 12:54:53,175 [omNode-1@group-0AAC5367B30E->omNode-bootstrap-2-GrpcLogAppender-LogAppenderDaemon] INFO  server.GrpcLogAppender (GrpcLogAppender.java:notifyInstallSnapshot(798)) - omNode-1@group-0AAC5367B30E->omNode-bootstrap-2-GrpcLogAppender: send omNode-1->omNode-bootstrap-2#0-t1,notify:(t:1, i:0)
2024-09-18 12:54:53,176 [omNode-bootstrap-2-server-thread1] INFO  server.RaftServer$Division (RaftServerImpl.java:checkInconsistentAppendEntries(1629)) - omNode-bootstrap-2@group-0AAC5367B30E: Failed appendEntries as snapshot (0) installation is in progress
2024-09-18 12:54:53,176 [grpc-default-executor-1] INFO  impl.SnapshotInstallationHandler (SnapshotInstallationHandler.java:installSnapshot(92)) - omNode-bootstrap-2@group-0AAC5367B30E: receive installSnapshot: omNode-1->omNode-bootstrap-2#0-t1,notify:(t:1, i:0)
2024-09-18 12:54:53,176 [omNode-bootstrap-2-server-thread1] INFO  server.RaftServer$Division (RaftServerImpl.java:appendEntriesAsync(1584)) - omNode-bootstrap-2@group-0AAC5367B30E: appendEntries* reply omNode-1<-omNode-bootstrap-2#13:FAIL-t1,INCONSISTENCY,nextIndex=0,followerCommit=-1,matchIndex=-1
2024-09-18 12:54:53,176 [grpc-default-executor-1] INFO  impl.SnapshotInstallationHandler (SnapshotInstallationHandler.java:installSnapshotImpl(138)) - omNode-bootstrap-2@group-0AAC5367B30E: set new configuration configurationEntry {
  peers {
    id: "omNode-1"
    address: "localhost:15015"
    startupRole: FOLLOWER
  }
}
 from snapshot
2024-09-18 12:54:53,176 [grpc-default-executor-1] INFO  server.RaftServer$Division (ServerState.java:setRaftConf(386)) - omNode-bootstrap-2@group-0AAC5367B30E: set configuration conf: {index: 0, cur=peers:[omNode-1|localhost:15015]|listeners:[], old=null}
2024-09-18 12:54:53,177 [grpc-default-executor-3] WARN  server.GrpcLogAppender (GrpcLogAppender.java:onNextImpl(519)) - omNode-1@group-0AAC5367B30E->omNode-bootstrap-2-AppendLogResponseHandler: received INCONSISTENCY reply with nextIndex 0, errorCount=1, request=AppendEntriesRequest:cid=13,entriesCount=0
2024-09-18 12:54:53,178 [grpc-default-executor-1] INFO  ratis.OzoneManagerStateMachine (OzoneManagerStateMachine.java:notifyConfigurationChanged(216)) - Received Configuration change notification from Ratis. New Peer list:
[id: "omNode-1"
address: "localhost:15015"
startupRole: FOLLOWER
]
2024-09-18 12:54:53,178 [grpc-default-executor-1] INFO  impl.SnapshotInstallationHandler (SnapshotInstallationHandler.java:installSnapshot(103)) - omNode-bootstrap-2@group-0AAC5367B30E: reply installSnapshot: omNode-1<-omNode-bootstrap-2#0:FAIL-t1,IN_PROGRESS,snapshotIndex=0
2024-09-18 12:54:53,178 [grpc-default-executor-1] INFO  server.GrpcServerProtocolService (GrpcServerProtocolService.java:onCompleted(157)) - omNode-bootstrap-2: Completed INSTALL_SNAPSHOT, lastRequest: omNode-1->omNode-bootstrap-2#0-t1,notify:(t:1, i:0)
2024-09-18 12:54:53,178 [grpc-default-executor-1] INFO  server.GrpcServerProtocolService (GrpcServerProtocolService.java:lambda$onCompleted$5(159)) - omNode-bootstrap-2: Completed INSTALL_SNAPSHOT, lastReply: null
2024-09-18 12:54:53,179 [grpc-default-executor-0] INFO  server.GrpcLogAppender (GrpcLogAppender.java:onNext(649)) - omNode-1@group-0AAC5367B30E->omNode-bootstrap-2-InstallSnapshotResponseHandler: received a reply omNode-1<-omNode-bootstrap-2#0:FAIL-t1,IN_PROGRESS,snapshotIndex=0
2024-09-18 12:54:53,179 [grpc-default-executor-0] INFO  server.GrpcLogAppender (GrpcLogAppender.java:onNext(665)) - omNode-1@group-0AAC5367B30E->omNode-bootstrap-2-InstallSnapshotResponseHandler: InstallSnapshot in progress.
2024-09-18 12:54:53,179 [omNode-bootstrap-2-server-thread1] INFO  server.RaftServer$Division (RaftServerImpl.java:checkInconsistentAppendEntries(1629)) - omNode-bootstrap-2@group-0AAC5367B30E: Failed appendEntries as snapshot (0) installation is in progress
2024-09-18 12:54:53,180 [omNode-bootstrap-2-server-thread1] INFO  server.RaftServer$Division (RaftServerImpl.java:appendEntriesAsync(1584)) - omNode-bootstrap-2@group-0AAC5367B30E: appendEntries* reply omNode-1<-omNode-bootstrap-2#14:FAIL-t1,INCONSISTENCY,nextIndex=0,followerCommit=-1,matchIndex=-1
2024-09-18 12:54:53,180 [grpc-default-executor-1] WARN  server.GrpcLogAppender (GrpcLogAppender.java:onNextImpl(519)) - omNode-1@group-0AAC5367B30E->omNode-bootstrap-2-AppendLogResponseHandler: received INCONSISTENCY reply with nextIndex 0, errorCount=1, request=AppendEntriesRequest:cid=14,entriesCount=0
2024-09-18 12:54:53,180 [omNode-1@group-0AAC5367B30E->omNode-bootstrap-2-GrpcLogAppender-LogAppenderDaemon] INFO  server.GrpcLogAppender (GrpcLogAppender.java:notifyInstallSnapshot(790)) - omNode-1@group-0AAC5367B30E->omNode-bootstrap-2-GrpcLogAppender: notifyInstallSnapshot with firstAvailable=(t:1, i:0), followerNextIndex=0
2024-09-18 12:54:53,180 [omNode-1@group-0AAC5367B30E->omNode-bootstrap-2-GrpcLogAppender-LogAppenderDaemon] INFO  server.GrpcLogAppender (GrpcLogAppender.java:notifyInstallSnapshot(798)) - omNode-1@group-0AAC5367B30E->omNode-bootstrap-2-GrpcLogAppender: send omNode-1->omNode-bootstrap-2#0-t1,notify:(t:1, i:0)
2024-09-18 12:54:53,181 [grpc-default-executor-1] INFO  impl.SnapshotInstallationHandler (SnapshotInstallationHandler.java:installSnapshot(92)) - omNode-bootstrap-2@group-0AAC5367B30E: receive installSnapshot: omNode-1->omNode-bootstrap-2#0-t1,notify:(t:1, i:0)
2024-09-18 12:54:53,182 [grpc-default-executor-1] INFO  impl.SnapshotInstallationHandler (SnapshotInstallationHandler.java:installSnapshotImpl(138)) - omNode-bootstrap-2@group-0AAC5367B30E: set new configuration configurationEntry {
  peers {
    id: "omNode-1"
    address: "localhost:15015"
    startupRole: FOLLOWER
  }
}
 from snapshot
2024-09-18 12:54:53,183 [grpc-default-executor-1] INFO  server.RaftServer$Division (ServerState.java:setRaftConf(386)) - omNode-bootstrap-2@group-0AAC5367B30E: set configuration conf: {index: 0, cur=peers:[omNode-1|localhost:15015]|listeners:[], old=null}
2024-09-18 12:54:53,184 [grpc-default-executor-1] INFO  ratis.OzoneManagerStateMachine (OzoneManagerStateMachine.java:notifyConfigurationChanged(216)) - Received Configuration change notification from Ratis. New Peer list:
[id: "omNode-1"
address: "localhost:15015"
startupRole: FOLLOWER
]
2024-09-18 12:54:53,184 [grpc-default-executor-1] INFO  impl.SnapshotInstallationHandler (SnapshotInstallationHandler.java:installSnapshot(103)) - omNode-bootstrap-2@group-0AAC5367B30E: reply installSnapshot: omNode-1<-omNode-bootstrap-2#0:FAIL-t1,IN_PROGRESS,snapshotIndex=0
2024-09-18 12:54:53,184 [grpc-default-executor-1] INFO  server.GrpcServerProtocolService (GrpcServerProtocolService.java:onCompleted(157)) - omNode-bootstrap-2: Completed INSTALL_SNAPSHOT, lastRequest: omNode-1->omNode-bootstrap-2#0-t1,notify:(t:1, i:0)
2024-09-18 12:54:53,184 [grpc-default-executor-1] INFO  server.GrpcServerProtocolService (GrpcServerProtocolService.java:lambda$onCompleted$5(159)) - omNode-bootstrap-2: Completed INSTALL_SNAPSHOT, lastReply: null
2024-09-18 12:54:53,185 [grpc-default-executor-0] INFO  server.GrpcLogAppender (GrpcLogAppender.java:onNext(649)) - omNode-1@group-0AAC5367B30E->omNode-bootstrap-2-InstallSnapshotResponseHandler: received a reply omNode-1<-omNode-bootstrap-2#0:FAIL-t1,IN_PROGRESS,snapshotIndex=0
2024-09-18 12:54:53,185 [grpc-default-executor-0] INFO  server.GrpcLogAppender (GrpcLogAppender.java:onNext(665)) - omNode-1@group-0AAC5367B30E->omNode-bootstrap-2-InstallSnapshotResponseHandler: InstallSnapshot in progress.
2024-09-18 12:54:53,186 [omNode-1@group-0AAC5367B30E->omNode-bootstrap-2-GrpcLogAppender-LogAppenderDaemon] INFO  server.GrpcLogAppender (GrpcLogAppender.java:notifyInstallSnapshot(790)) - omNode-1@group-0AAC5367B30E->omNode-bootstrap-2-GrpcLogAppender: notifyInstallSnapshot with firstAvailable=(t:1, i:0), followerNextIndex=0
2024-09-18 12:54:53,186 [omNode-1@group-0AAC5367B30E->omNode-bootstrap-2-GrpcLogAppender-LogAppenderDaemon] INFO  server.GrpcLogAppender (GrpcLogAppender.java:notifyInstallSnapshot(798)) - omNode-1@group-0AAC5367B30E->omNode-bootstrap-2-GrpcLogAppender: send omNode-1->omNode-bootstrap-2#0-t1,notify:(t:1, i:0)
2024-09-18 12:54:53,186 [omNode-bootstrap-2-server-thread1] INFO  server.RaftServer$Division (RaftServerImpl.java:checkInconsistentAppendEntries(1629)) - omNode-bootstrap-2@group-0AAC5367B30E: Failed appendEntries as snapshot (0) installation is in progress
2024-09-18 12:54:53,186 [omNode-bootstrap-2-server-thread1] INFO  server.RaftServer$Division (RaftServerImpl.java:appendEntriesAsync(1584)) - omNode-bootstrap-2@group-0AAC5367B30E: appendEntries* reply omNode-1<-omNode-bootstrap-2#15:FAIL-t1,INCONSISTENCY,nextIndex=0,followerCommit=-1,matchIndex=-1
2024-09-18 12:54:53,187 [grpc-default-executor-1] INFO  impl.SnapshotInstallationHandler (SnapshotInstallationHandler.java:installSnapshot(92)) - omNode-bootstrap-2@group-0AAC5367B30E: receive installSnapshot: omNode-1->omNode-bootstrap-2#0-t1,notify:(t:1, i:0)
2024-09-18 12:54:53,187 [grpc-default-executor-0] WARN  server.GrpcLogAppender (GrpcLogAppender.java:onNextImpl(519)) - omNode-1@group-0AAC5367B30E->omNode-bootstrap-2-AppendLogResponseHandler: received INCONSISTENCY reply with nextIndex 0, errorCount=1, request=AppendEntriesRequest:cid=15,entriesCount=0
2024-09-18 12:54:53,188 [grpc-default-executor-1] INFO  impl.SnapshotInstallationHandler (SnapshotInstallationHandler.java:installSnapshotImpl(138)) - omNode-bootstrap-2@group-0AAC5367B30E: set new configuration configurationEntry {
  peers {
    id: "omNode-1"
    address: "localhost:15015"
    startupRole: FOLLOWER
  }
}
 from snapshot
2024-09-18 12:54:53,188 [grpc-default-executor-1] INFO  server.RaftServer$Division (ServerState.java:setRaftConf(386)) - omNode-bootstrap-2@group-0AAC5367B30E: set configuration conf: {index: 0, cur=peers:[omNode-1|localhost:15015]|listeners:[], old=null}
2024-09-18 12:54:53,190 [grpc-default-executor-1] INFO  ratis.OzoneManagerStateMachine (OzoneManagerStateMachine.java:notifyConfigurationChanged(216)) - Received Configuration change notification from Ratis. New Peer list:
[id: "omNode-1"
address: "localhost:15015"
startupRole: FOLLOWER
]
2024-09-18 12:54:53,190 [grpc-default-executor-1] INFO  impl.SnapshotInstallationHandler (SnapshotInstallationHandler.java:installSnapshot(103)) - omNode-bootstrap-2@group-0AAC5367B30E: reply installSnapshot: omNode-1<-omNode-bootstrap-2#0:FAIL-t1,IN_PROGRESS,snapshotIndex=0
2024-09-18 12:54:53,190 [grpc-default-executor-1] INFO  server.GrpcServerProtocolService (GrpcServerProtocolService.java:onCompleted(157)) - omNode-bootstrap-2: Completed INSTALL_SNAPSHOT, lastRequest: omNode-1->omNode-bootstrap-2#0-t1,notify:(t:1, i:0)
2024-09-18 12:54:53,190 [grpc-default-executor-1] INFO  server.GrpcServerProtocolService (GrpcServerProtocolService.java:lambda$onCompleted$5(159)) - omNode-bootstrap-2: Completed INSTALL_SNAPSHOT, lastReply: null
2024-09-18 12:54:53,190 [grpc-default-executor-0] INFO  server.GrpcLogAppender (GrpcLogAppender.java:onNext(649)) - omNode-1@group-0AAC5367B30E->omNode-bootstrap-2-InstallSnapshotResponseHandler: received a reply omNode-1<-omNode-bootstrap-2#0:FAIL-t1,IN_PROGRESS,snapshotIndex=0
2024-09-18 12:54:53,191 [grpc-default-executor-0] INFO  server.GrpcLogAppender (GrpcLogAppender.java:onNext(665)) - omNode-1@group-0AAC5367B30E->omNode-bootstrap-2-InstallSnapshotResponseHandler: InstallSnapshot in progress.
2024-09-18 12:54:53,191 [omNode-1@group-0AAC5367B30E->omNode-bootstrap-2-GrpcLogAppender-LogAppenderDaemon] INFO  server.GrpcLogAppender (GrpcLogAppender.java:notifyInstallSnapshot(790)) - omNode-1@group-0AAC5367B30E->omNode-bootstrap-2-GrpcLogAppender: notifyInstallSnapshot with firstAvailable=(t:1, i:0), followerNextIndex=0
2024-09-18 12:54:53,191 [omNode-1@group-0AAC5367B30E->omNode-bootstrap-2-GrpcLogAppender-LogAppenderDaemon] INFO  server.GrpcLogAppender (GrpcLogAppender.java:notifyInstallSnapshot(798)) - omNode-1@group-0AAC5367B30E->omNode-bootstrap-2-GrpcLogAppender: send omNode-1->omNode-bootstrap-2#0-t1,notify:(t:1, i:0)
2024-09-18 12:54:53,192 [omNode-bootstrap-2-server-thread1] INFO  server.RaftServer$Division (RaftServerImpl.java:checkInconsistentAppendEntries(1629)) - omNode-bootstrap-2@group-0AAC5367B30E: Failed appendEntries as snapshot (0) installation is in progress
2024-09-18 12:54:53,192 [omNode-bootstrap-2-server-thread1] INFO  server.RaftServer$Division (RaftServerImpl.java:appendEntriesAsync(1584)) - omNode-bootstrap-2@group-0AAC5367B30E: appendEntries* reply omNode-1<-omNode-bootstrap-2#16:FAIL-t1,INCONSISTENCY,nextIndex=0,followerCommit=-1,matchIndex=-1
2024-09-18 12:54:53,192 [grpc-default-executor-1] INFO  impl.SnapshotInstallationHandler (SnapshotInstallationHandler.java:installSnapshot(92)) - omNode-bootstrap-2@group-0AAC5367B30E: receive installSnapshot: omNode-1->omNode-bootstrap-2#0-t1,notify:(t:1, i:0)
2024-09-18 12:54:53,192 [grpc-default-executor-0] WARN  server.GrpcLogAppender (GrpcLogAppender.java:onNextImpl(519)) - omNode-1@group-0AAC5367B30E->omNode-bootstrap-2-AppendLogResponseHandler: received INCONSISTENCY reply with nextIndex 0, errorCount=1, request=AppendEntriesRequest:cid=16,entriesCount=0
2024-09-18 12:54:53,193 [grpc-default-executor-1] INFO  impl.SnapshotInstallationHandler (SnapshotInstallationHandler.java:installSnapshotImpl(138)) - omNode-bootstrap-2@group-0AAC5367B30E: set new configuration configurationEntry {
  peers {
    id: "omNode-1"
    address: "localhost:15015"
    startupRole: FOLLOWER
  }
}
 from snapshot
2024-09-18 12:54:53,193 [grpc-default-executor-1] INFO  server.RaftServer$Division (ServerState.java:setRaftConf(386)) - omNode-bootstrap-2@group-0AAC5367B30E: set configuration conf: {index: 0, cur=peers:[omNode-1|localhost:15015]|listeners:[], old=null}
2024-09-18 12:54:53,195 [grpc-default-executor-1] INFO  ratis.OzoneManagerStateMachine (OzoneManagerStateMachine.java:notifyConfigurationChanged(216)) - Received Configuration change notification from Ratis. New Peer list:
[id: "omNode-1"
address: "localhost:15015"
startupRole: FOLLOWER
]
2024-09-18 12:54:53,195 [grpc-default-executor-1] INFO  impl.SnapshotInstallationHandler (SnapshotInstallationHandler.java:installSnapshot(103)) - omNode-bootstrap-2@group-0AAC5367B30E: reply installSnapshot: omNode-1<-omNode-bootstrap-2#0:FAIL-t1,IN_PROGRESS,snapshotIndex=0
2024-09-18 12:54:53,195 [grpc-default-executor-1] INFO  server.GrpcServerProtocolService (GrpcServerProtocolService.java:onCompleted(157)) - omNode-bootstrap-2: Completed INSTALL_SNAPSHOT, lastRequest: omNode-1->omNode-bootstrap-2#0-t1,notify:(t:1, i:0)
2024-09-18 12:54:53,195 [grpc-default-executor-1] INFO  server.GrpcServerProtocolService (GrpcServerProtocolService.java:lambda$onCompleted$5(159)) - omNode-bootstrap-2: Completed INSTALL_SNAPSHOT, lastReply: null
2024-09-18 12:54:53,196 [grpc-default-executor-1] INFO  server.GrpcLogAppender (GrpcLogAppender.java:onNext(649)) - omNode-1@group-0AAC5367B30E->omNode-bootstrap-2-InstallSnapshotResponseHandler: received a reply omNode-1<-omNode-bootstrap-2#0:FAIL-t1,IN_PROGRESS,snapshotIndex=0
2024-09-18 12:54:53,196 [grpc-default-executor-1] INFO  server.GrpcLogAppender (GrpcLogAppender.java:onNext(665)) - omNode-1@group-0AAC5367B30E->omNode-bootstrap-2-InstallSnapshotResponseHandler: InstallSnapshot in progress.
2024-09-18 12:54:53,196 [omNode-1@group-0AAC5367B30E->omNode-bootstrap-2-GrpcLogAppender-LogAppenderDaemon] INFO  server.GrpcLogAppender (GrpcLogAppender.java:notifyInstallSnapshot(790)) - omNode-1@group-0AAC5367B30E->omNode-bootstrap-2-GrpcLogAppender: notifyInstallSnapshot with firstAvailable=(t:1, i:0), followerNextIndex=0
2024-09-18 12:54:53,196 [omNode-1@group-0AAC5367B30E->omNode-bootstrap-2-GrpcLogAppender-LogAppenderDaemon] INFO  server.GrpcLogAppender (GrpcLogAppender.java:notifyInstallSnapshot(798)) - omNode-1@group-0AAC5367B30E->omNode-bootstrap-2-GrpcLogAppender: send omNode-1->omNode-bootstrap-2#0-t1,notify:(t:1, i:0)
2024-09-18 12:54:53,197 [omNode-bootstrap-2-server-thread1] INFO  server.RaftServer$Division (RaftServerImpl.java:checkInconsistentAppendEntries(1629)) - omNode-bootstrap-2@group-0AAC5367B30E: Failed appendEntries as snapshot (0) installation is in progress
2024-09-18 12:54:53,197 [omNode-bootstrap-2-server-thread1] INFO  server.RaftServer$Division (RaftServerImpl.java:appendEntriesAsync(1584)) - omNode-bootstrap-2@group-0AAC5367B30E: appendEntries* reply omNode-1<-omNode-bootstrap-2#17:FAIL-t1,INCONSISTENCY,nextIndex=0,followerCommit=-1,matchIndex=-1
2024-09-18 12:54:53,198 [grpc-default-executor-3] INFO  impl.SnapshotInstallationHandler (SnapshotInstallationHandler.java:installSnapshot(92)) - omNode-bootstrap-2@group-0AAC5367B30E: receive installSnapshot: omNode-1->omNode-bootstrap-2#0-t1,notify:(t:1, i:0)
2024-09-18 12:54:53,198 [grpc-default-executor-3] INFO  impl.SnapshotInstallationHandler (SnapshotInstallationHandler.java:installSnapshotImpl(138)) - omNode-bootstrap-2@group-0AAC5367B30E: set new configuration configurationEntry {
  peers {
    id: "omNode-1"
    address: "localhost:15015"
    startupRole: FOLLOWER
  }
}
 from snapshot
2024-09-18 12:54:53,198 [grpc-default-executor-3] INFO  server.RaftServer$Division (ServerState.java:setRaftConf(386)) - omNode-bootstrap-2@group-0AAC5367B30E: set configuration conf: {index: 0, cur=peers:[omNode-1|localhost:15015]|listeners:[], old=null}
2024-09-18 12:54:53,199 [grpc-default-executor-0] WARN  server.GrpcLogAppender (GrpcLogAppender.java:onNextImpl(519)) - omNode-1@group-0AAC5367B30E->omNode-bootstrap-2-AppendLogResponseHandler: received INCONSISTENCY reply with nextIndex 0, errorCount=1, request=AppendEntriesRequest:cid=17,entriesCount=0
2024-09-18 12:54:53,199 [grpc-default-executor-3] INFO  ratis.OzoneManagerStateMachine (OzoneManagerStateMachine.java:notifyConfigurationChanged(216)) - Received Configuration change notification from Ratis. New Peer list:
[id: "omNode-1"
address: "localhost:15015"
startupRole: FOLLOWER
]
2024-09-18 12:54:53,200 [grpc-default-executor-3] INFO  impl.SnapshotInstallationHandler (SnapshotInstallationHandler.java:installSnapshot(103)) - omNode-bootstrap-2@group-0AAC5367B30E: reply installSnapshot: omNode-1<-omNode-bootstrap-2#0:FAIL-t1,IN_PROGRESS,snapshotIndex=0
2024-09-18 12:54:53,200 [grpc-default-executor-3] INFO  server.GrpcServerProtocolService (GrpcServerProtocolService.java:onCompleted(157)) - omNode-bootstrap-2: Completed INSTALL_SNAPSHOT, lastRequest: omNode-1->omNode-bootstrap-2#0-t1,notify:(t:1, i:0)
2024-09-18 12:54:53,201 [grpc-default-executor-3] INFO  server.GrpcServerProtocolService (GrpcServerProtocolService.java:lambda$onCompleted$5(159)) - omNode-bootstrap-2: Completed INSTALL_SNAPSHOT, lastReply: null
2024-09-18 12:54:53,201 [grpc-default-executor-0] INFO  server.GrpcLogAppender (GrpcLogAppender.java:onNext(649)) - omNode-1@group-0AAC5367B30E->omNode-bootstrap-2-InstallSnapshotResponseHandler: received a reply omNode-1<-omNode-bootstrap-2#0:FAIL-t1,IN_PROGRESS,snapshotIndex=0
2024-09-18 12:54:53,201 [grpc-default-executor-0] INFO  server.GrpcLogAppender (GrpcLogAppender.java:onNext(665)) - omNode-1@group-0AAC5367B30E->omNode-bootstrap-2-InstallSnapshotResponseHandler: InstallSnapshot in progress.
2024-09-18 12:54:53,202 [omNode-bootstrap-2-server-thread1] INFO  server.RaftServer$Division (RaftServerImpl.java:checkInconsistentAppendEntries(1629)) - omNode-bootstrap-2@group-0AAC5367B30E: Failed appendEntries as snapshot (0) installation is in progress
2024-09-18 12:54:53,202 [omNode-bootstrap-2-server-thread1] INFO  server.RaftServer$Division (RaftServerImpl.java:appendEntriesAsync(1584)) - omNode-bootstrap-2@group-0AAC5367B30E: appendEntries* reply omNode-1<-omNode-bootstrap-2#18:FAIL-t1,INCONSISTENCY,nextIndex=0,followerCommit=-1,matchIndex=-1
2024-09-18 12:54:53,202 [omNode-1@group-0AAC5367B30E->omNode-bootstrap-2-GrpcLogAppender-LogAppenderDaemon] INFO  server.GrpcLogAppender (GrpcLogAppender.java:notifyInstallSnapshot(790)) - omNode-1@group-0AAC5367B30E->omNode-bootstrap-2-GrpcLogAppender: notifyInstallSnapshot with firstAvailable=(t:1, i:0), followerNextIndex=0
2024-09-18 12:54:53,203 [omNode-1@group-0AAC5367B30E->omNode-bootstrap-2-GrpcLogAppender-LogAppenderDaemon] INFO  server.GrpcLogAppender (GrpcLogAppender.java:notifyInstallSnapshot(798)) - omNode-1@group-0AAC5367B30E->omNode-bootstrap-2-GrpcLogAppender: send omNode-1->omNode-bootstrap-2#0-t1,notify:(t:1, i:0)
2024-09-18 12:54:53,203 [grpc-default-executor-0] WARN  server.GrpcLogAppender (GrpcLogAppender.java:onNextImpl(519)) - omNode-1@group-0AAC5367B30E->omNode-bootstrap-2-AppendLogResponseHandler: received INCONSISTENCY reply with nextIndex 0, errorCount=1, request=AppendEntriesRequest:cid=18,entriesCount=0
2024-09-18 12:54:53,203 [grpc-default-executor-0] INFO  impl.SnapshotInstallationHandler (SnapshotInstallationHandler.java:installSnapshot(92)) - omNode-bootstrap-2@group-0AAC5367B30E: receive installSnapshot: omNode-1->omNode-bootstrap-2#0-t1,notify:(t:1, i:0)
2024-09-18 12:54:53,204 [grpc-default-executor-0] INFO  impl.SnapshotInstallationHandler (SnapshotInstallationHandler.java:installSnapshotImpl(138)) - omNode-bootstrap-2@group-0AAC5367B30E: set new configuration configurationEntry {
  peers {
    id: "omNode-1"
    address: "localhost:15015"
    startupRole: FOLLOWER
  }
}
 from snapshot
2024-09-18 12:54:53,204 [grpc-default-executor-0] INFO  server.RaftServer$Division (ServerState.java:setRaftConf(386)) - omNode-bootstrap-2@group-0AAC5367B30E: set configuration conf: {index: 0, cur=peers:[omNode-1|localhost:15015]|listeners:[], old=null}
2024-09-18 12:54:53,205 [grpc-default-executor-0] INFO  ratis.OzoneManagerStateMachine (OzoneManagerStateMachine.java:notifyConfigurationChanged(216)) - Received Configuration change notification from Ratis. New Peer list:
[id: "omNode-1"
address: "localhost:15015"
startupRole: FOLLOWER
]
2024-09-18 12:54:53,205 [grpc-default-executor-0] INFO  impl.SnapshotInstallationHandler (SnapshotInstallationHandler.java:installSnapshot(103)) - omNode-bootstrap-2@group-0AAC5367B30E: reply installSnapshot: omNode-1<-omNode-bootstrap-2#0:FAIL-t1,IN_PROGRESS,snapshotIndex=0
2024-09-18 12:54:53,206 [grpc-default-executor-0] INFO  server.GrpcServerProtocolService (GrpcServerProtocolService.java:onCompleted(157)) - omNode-bootstrap-2: Completed INSTALL_SNAPSHOT, lastRequest: omNode-1->omNode-bootstrap-2#0-t1,notify:(t:1, i:0)
2024-09-18 12:54:53,206 [grpc-default-executor-0] INFO  server.GrpcServerProtocolService (GrpcServerProtocolService.java:lambda$onCompleted$5(159)) - omNode-bootstrap-2: Completed INSTALL_SNAPSHOT, lastReply: null
2024-09-18 12:54:53,206 [grpc-default-executor-0] INFO  server.GrpcLogAppender (GrpcLogAppender.java:onNext(649)) - omNode-1@group-0AAC5367B30E->omNode-bootstrap-2-InstallSnapshotResponseHandler: received a reply omNode-1<-omNode-bootstrap-2#0:FAIL-t1,IN_PROGRESS,snapshotIndex=0
2024-09-18 12:54:53,206 [grpc-default-executor-0] INFO  server.GrpcLogAppender (GrpcLogAppender.java:onNext(665)) - omNode-1@group-0AAC5367B30E->omNode-bootstrap-2-InstallSnapshotResponseHandler: InstallSnapshot in progress.
2024-09-18 12:54:53,207 [omNode-bootstrap-2-server-thread1] INFO  server.RaftServer$Division (RaftServerImpl.java:checkInconsistentAppendEntries(1629)) - omNode-bootstrap-2@group-0AAC5367B30E: Failed appendEntries as snapshot (0) installation is in progress
2024-09-18 12:54:53,207 [omNode-bootstrap-2-server-thread1] INFO  server.RaftServer$Division (RaftServerImpl.java:appendEntriesAsync(1584)) - omNode-bootstrap-2@group-0AAC5367B30E: appendEntries* reply omNode-1<-omNode-bootstrap-2#19:FAIL-t1,INCONSISTENCY,nextIndex=0,followerCommit=-1,matchIndex=-1
2024-09-18 12:54:53,208 [grpc-default-executor-3] WARN  server.GrpcLogAppender (GrpcLogAppender.java:onNextImpl(519)) - omNode-1@group-0AAC5367B30E->omNode-bootstrap-2-AppendLogResponseHandler: received INCONSISTENCY reply with nextIndex 0, errorCount=1, request=AppendEntriesRequest:cid=19,entriesCount=0
2024-09-18 12:54:53,208 [omNode-1@group-0AAC5367B30E->omNode-bootstrap-2-GrpcLogAppender-LogAppenderDaemon] INFO  server.GrpcLogAppender (GrpcLogAppender.java:notifyInstallSnapshot(790)) - omNode-1@group-0AAC5367B30E->omNode-bootstrap-2-GrpcLogAppender: notifyInstallSnapshot with firstAvailable=(t:1, i:0), followerNextIndex=0
2024-09-18 12:54:53,208 [omNode-1@group-0AAC5367B30E->omNode-bootstrap-2-GrpcLogAppender-LogAppenderDaemon] INFO  server.GrpcLogAppender (GrpcLogAppender.java:notifyInstallSnapshot(798)) - omNode-1@group-0AAC5367B30E->omNode-bootstrap-2-GrpcLogAppender: send omNode-1->omNode-bootstrap-2#0-t1,notify:(t:1, i:0)
2024-09-18 12:54:53,210 [grpc-default-executor-0] INFO  impl.SnapshotInstallationHandler (SnapshotInstallationHandler.java:installSnapshot(92)) - omNode-bootstrap-2@group-0AAC5367B30E: receive installSnapshot: omNode-1->omNode-bootstrap-2#0-t1,notify:(t:1, i:0)
2024-09-18 12:54:53,211 [grpc-default-executor-0] INFO  impl.SnapshotInstallationHandler (SnapshotInstallationHandler.java:installSnapshotImpl(138)) - omNode-bootstrap-2@group-0AAC5367B30E: set new configuration configurationEntry {
  peers {
    id: "omNode-1"
    address: "localhost:15015"
    startupRole: FOLLOWER
  }
}
 from snapshot
2024-09-18 12:54:53,213 [grpc-default-executor-0] INFO  server.RaftServer$Division (ServerState.java:setRaftConf(386)) - omNode-bootstrap-2@group-0AAC5367B30E: set configuration conf: {index: 0, cur=peers:[omNode-1|localhost:15015]|listeners:[], old=null}
2024-09-18 12:54:53,214 [grpc-default-executor-0] INFO  ratis.OzoneManagerStateMachine (OzoneManagerStateMachine.java:notifyConfigurationChanged(216)) - Received Configuration change notification from Ratis. New Peer list:
[id: "omNode-1"
address: "localhost:15015"
startupRole: FOLLOWER
]
2024-09-18 12:54:53,214 [grpc-default-executor-0] INFO  impl.SnapshotInstallationHandler (SnapshotInstallationHandler.java:installSnapshot(103)) - omNode-bootstrap-2@group-0AAC5367B30E: reply installSnapshot: omNode-1<-omNode-bootstrap-2#0:FAIL-t1,IN_PROGRESS,snapshotIndex=0
2024-09-18 12:54:53,215 [grpc-default-executor-0] INFO  server.GrpcServerProtocolService (GrpcServerProtocolService.java:onCompleted(157)) - omNode-bootstrap-2: Completed INSTALL_SNAPSHOT, lastRequest: omNode-1->omNode-bootstrap-2#0-t1,notify:(t:1, i:0)
2024-09-18 12:54:53,215 [grpc-default-executor-0] INFO  server.GrpcServerProtocolService (GrpcServerProtocolService.java:lambda$onCompleted$5(159)) - omNode-bootstrap-2: Completed INSTALL_SNAPSHOT, lastReply: null
2024-09-18 12:54:53,215 [grpc-default-executor-3] INFO  server.GrpcLogAppender (GrpcLogAppender.java:onNext(649)) - omNode-1@group-0AAC5367B30E->omNode-bootstrap-2-InstallSnapshotResponseHandler: received a reply omNode-1<-omNode-bootstrap-2#0:FAIL-t1,IN_PROGRESS,snapshotIndex=0
2024-09-18 12:54:53,215 [grpc-default-executor-3] INFO  server.GrpcLogAppender (GrpcLogAppender.java:onNext(665)) - omNode-1@group-0AAC5367B30E->omNode-bootstrap-2-InstallSnapshotResponseHandler: InstallSnapshot in progress.
2024-09-18 12:54:53,216 [omNode-1@group-0AAC5367B30E->omNode-bootstrap-2-GrpcLogAppender-LogAppenderDaemon] INFO  server.GrpcLogAppender (GrpcLogAppender.java:notifyInstallSnapshot(790)) - omNode-1@group-0AAC5367B30E->omNode-bootstrap-2-GrpcLogAppender: notifyInstallSnapshot with firstAvailable=(t:1, i:0), followerNextIndex=0
2024-09-18 12:54:53,216 [omNode-1@group-0AAC5367B30E->omNode-bootstrap-2-GrpcLogAppender-LogAppenderDaemon] INFO  server.GrpcLogAppender (GrpcLogAppender.java:notifyInstallSnapshot(798)) - omNode-1@group-0AAC5367B30E->omNode-bootstrap-2-GrpcLogAppender: send omNode-1->omNode-bootstrap-2#0-t1,notify:(t:1, i:0)
2024-09-18 12:54:53,216 [omNode-bootstrap-2-server-thread1] INFO  server.RaftServer$Division (RaftServerImpl.java:checkInconsistentAppendEntries(1629)) - omNode-bootstrap-2@group-0AAC5367B30E: Failed appendEntries as snapshot (0) installation is in progress
2024-09-18 12:54:53,216 [omNode-bootstrap-2-server-thread1] INFO  server.RaftServer$Division (RaftServerImpl.java:appendEntriesAsync(1584)) - omNode-bootstrap-2@group-0AAC5367B30E: appendEntries* reply omNode-1<-omNode-bootstrap-2#20:FAIL-t1,INCONSISTENCY,nextIndex=0,followerCommit=-1,matchIndex=-1
2024-09-18 12:54:53,217 [grpc-default-executor-0] WARN  server.GrpcLogAppender (GrpcLogAppender.java:onNextImpl(519)) - omNode-1@group-0AAC5367B30E->omNode-bootstrap-2-AppendLogResponseHandler: received INCONSISTENCY reply with nextIndex 0, errorCount=1, request=AppendEntriesRequest:cid=20,entriesCount=0
2024-09-18 12:54:53,217 [grpc-default-executor-3] INFO  impl.SnapshotInstallationHandler (SnapshotInstallationHandler.java:installSnapshot(92)) - omNode-bootstrap-2@group-0AAC5367B30E: receive installSnapshot: omNode-1->omNode-bootstrap-2#0-t1,notify:(t:1, i:0)
2024-09-18 12:54:53,217 [grpc-default-executor-3] INFO  impl.SnapshotInstallationHandler (SnapshotInstallationHandler.java:installSnapshotImpl(138)) - omNode-bootstrap-2@group-0AAC5367B30E: set new configuration configurationEntry {
  peers {
    id: "omNode-1"
    address: "localhost:15015"
    startupRole: FOLLOWER
  }
}
 from snapshot
2024-09-18 12:54:53,217 [grpc-default-executor-3] INFO  server.RaftServer$Division (ServerState.java:setRaftConf(386)) - omNode-bootstrap-2@group-0AAC5367B30E: set configuration conf: {index: 0, cur=peers:[omNode-1|localhost:15015]|listeners:[], old=null}
2024-09-18 12:54:53,219 [grpc-default-executor-3] INFO  ratis.OzoneManagerStateMachine (OzoneManagerStateMachine.java:notifyConfigurationChanged(216)) - Received Configuration change notification from Ratis. New Peer list:
[id: "omNode-1"
address: "localhost:15015"
startupRole: FOLLOWER
]
2024-09-18 12:54:53,219 [grpc-default-executor-3] INFO  impl.SnapshotInstallationHandler (SnapshotInstallationHandler.java:installSnapshot(103)) - omNode-bootstrap-2@group-0AAC5367B30E: reply installSnapshot: omNode-1<-omNode-bootstrap-2#0:FAIL-t1,IN_PROGRESS,snapshotIndex=0
2024-09-18 12:54:53,219 [grpc-default-executor-3] INFO  server.GrpcServerProtocolService (GrpcServerProtocolService.java:onCompleted(157)) - omNode-bootstrap-2: Completed INSTALL_SNAPSHOT, lastRequest: omNode-1->omNode-bootstrap-2#0-t1,notify:(t:1, i:0)
2024-09-18 12:54:53,220 [grpc-default-executor-3] INFO  server.GrpcServerProtocolService (GrpcServerProtocolService.java:lambda$onCompleted$5(159)) - omNode-bootstrap-2: Completed INSTALL_SNAPSHOT, lastReply: null
2024-09-18 12:54:53,220 [grpc-default-executor-0] INFO  server.GrpcLogAppender (GrpcLogAppender.java:onNext(649)) - omNode-1@group-0AAC5367B30E->omNode-bootstrap-2-InstallSnapshotResponseHandler: received a reply omNode-1<-omNode-bootstrap-2#0:FAIL-t1,IN_PROGRESS,snapshotIndex=0
2024-09-18 12:54:53,220 [grpc-default-executor-0] INFO  server.GrpcLogAppender (GrpcLogAppender.java:onNext(665)) - omNode-1@group-0AAC5367B30E->omNode-bootstrap-2-InstallSnapshotResponseHandler: InstallSnapshot in progress.
2024-09-18 12:54:53,221 [omNode-bootstrap-2-server-thread1] INFO  server.RaftServer$Division (RaftServerImpl.java:checkInconsistentAppendEntries(1629)) - omNode-bootstrap-2@group-0AAC5367B30E: Failed appendEntries as snapshot (0) installation is in progress
2024-09-18 12:54:53,221 [omNode-bootstrap-2-server-thread1] INFO  server.RaftServer$Division (RaftServerImpl.java:appendEntriesAsync(1584)) - omNode-bootstrap-2@group-0AAC5367B30E: appendEntries* reply omNode-1<-omNode-bootstrap-2#21:FAIL-t1,INCONSISTENCY,nextIndex=0,followerCommit=-1,matchIndex=-1
2024-09-18 12:54:53,221 [grpc-default-executor-3] WARN  server.GrpcLogAppender (GrpcLogAppender.java:onNextImpl(519)) - omNode-1@group-0AAC5367B30E->omNode-bootstrap-2-AppendLogResponseHandler: received INCONSISTENCY reply with nextIndex 0, errorCount=1, request=AppendEntriesRequest:cid=21,entriesCount=0
2024-09-18 12:54:53,222 [omNode-1@group-0AAC5367B30E->omNode-bootstrap-2-GrpcLogAppender-LogAppenderDaemon] INFO  server.GrpcLogAppender (GrpcLogAppender.java:notifyInstallSnapshot(790)) - omNode-1@group-0AAC5367B30E->omNode-bootstrap-2-GrpcLogAppender: notifyInstallSnapshot with firstAvailable=(t:1, i:0), followerNextIndex=0
2024-09-18 12:54:53,222 [omNode-1@group-0AAC5367B30E->omNode-bootstrap-2-GrpcLogAppender-LogAppenderDaemon] INFO  server.GrpcLogAppender (GrpcLogAppender.java:notifyInstallSnapshot(798)) - omNode-1@group-0AAC5367B30E->omNode-bootstrap-2-GrpcLogAppender: send omNode-1->omNode-bootstrap-2#0-t1,notify:(t:1, i:0)
2024-09-18 12:54:53,223 [grpc-default-executor-0] INFO  impl.SnapshotInstallationHandler (SnapshotInstallationHandler.java:installSnapshot(92)) - omNode-bootstrap-2@group-0AAC5367B30E: receive installSnapshot: omNode-1->omNode-bootstrap-2#0-t1,notify:(t:1, i:0)
2024-09-18 12:54:53,223 [grpc-default-executor-0] INFO  impl.SnapshotInstallationHandler (SnapshotInstallationHandler.java:installSnapshotImpl(138)) - omNode-bootstrap-2@group-0AAC5367B30E: set new configuration configurationEntry {
  peers {
    id: "omNode-1"
    address: "localhost:15015"
    startupRole: FOLLOWER
  }
}
 from snapshot
2024-09-18 12:54:53,223 [grpc-default-executor-0] INFO  server.RaftServer$Division (ServerState.java:setRaftConf(386)) - omNode-bootstrap-2@group-0AAC5367B30E: set configuration conf: {index: 0, cur=peers:[omNode-1|localhost:15015]|listeners:[], old=null}
2024-09-18 12:54:53,226 [grpc-default-executor-0] INFO  ratis.OzoneManagerStateMachine (OzoneManagerStateMachine.java:notifyConfigurationChanged(216)) - Received Configuration change notification from Ratis. New Peer list:
[id: "omNode-1"
address: "localhost:15015"
startupRole: FOLLOWER
]
2024-09-18 12:54:53,226 [grpc-default-executor-0] INFO  impl.SnapshotInstallationHandler (SnapshotInstallationHandler.java:installSnapshot(103)) - omNode-bootstrap-2@group-0AAC5367B30E: reply installSnapshot: omNode-1<-omNode-bootstrap-2#0:FAIL-t1,IN_PROGRESS,snapshotIndex=0
2024-09-18 12:54:53,227 [grpc-default-executor-0] INFO  server.GrpcServerProtocolService (GrpcServerProtocolService.java:onCompleted(157)) - omNode-bootstrap-2: Completed INSTALL_SNAPSHOT, lastRequest: omNode-1->omNode-bootstrap-2#0-t1,notify:(t:1, i:0)
2024-09-18 12:54:53,227 [grpc-default-executor-0] INFO  server.GrpcServerProtocolService (GrpcServerProtocolService.java:lambda$onCompleted$5(159)) - omNode-bootstrap-2: Completed INSTALL_SNAPSHOT, lastReply: null
2024-09-18 12:54:53,227 [grpc-default-executor-3] INFO  server.GrpcLogAppender (GrpcLogAppender.java:onNext(649)) - omNode-1@group-0AAC5367B30E->omNode-bootstrap-2-InstallSnapshotResponseHandler: received a reply omNode-1<-omNode-bootstrap-2#0:FAIL-t1,IN_PROGRESS,snapshotIndex=0
2024-09-18 12:54:53,227 [grpc-default-executor-3] INFO  server.GrpcLogAppender (GrpcLogAppender.java:onNext(665)) - omNode-1@group-0AAC5367B30E->omNode-bootstrap-2-InstallSnapshotResponseHandler: InstallSnapshot in progress.
2024-09-18 12:54:53,228 [omNode-1@group-0AAC5367B30E->omNode-bootstrap-2-GrpcLogAppender-LogAppenderDaemon] INFO  server.GrpcLogAppender (GrpcLogAppender.java:notifyInstallSnapshot(790)) - omNode-1@group-0AAC5367B30E->omNode-bootstrap-2-GrpcLogAppender: notifyInstallSnapshot with firstAvailable=(t:1, i:0), followerNextIndex=0
2024-09-18 12:54:53,228 [omNode-1@group-0AAC5367B30E->omNode-bootstrap-2-GrpcLogAppender-LogAppenderDaemon] INFO  server.GrpcLogAppender (GrpcLogAppender.java:notifyInstallSnapshot(798)) - omNode-1@group-0AAC5367B30E->omNode-bootstrap-2-GrpcLogAppender: send omNode-1->omNode-bootstrap-2#0-t1,notify:(t:1, i:0)
2024-09-18 12:54:53,229 [omNode-bootstrap-2-server-thread1] INFO  server.RaftServer$Division (RaftServerImpl.java:checkInconsistentAppendEntries(1629)) - omNode-bootstrap-2@group-0AAC5367B30E: Failed appendEntries as snapshot (0) installation is in progress
2024-09-18 12:54:53,229 [grpc-default-executor-3] INFO  impl.SnapshotInstallationHandler (SnapshotInstallationHandler.java:installSnapshot(92)) - omNode-bootstrap-2@group-0AAC5367B30E: receive installSnapshot: omNode-1->omNode-bootstrap-2#0-t1,notify:(t:1, i:0)
2024-09-18 12:54:53,230 [omNode-bootstrap-2-server-thread1] INFO  server.RaftServer$Division (RaftServerImpl.java:appendEntriesAsync(1584)) - omNode-bootstrap-2@group-0AAC5367B30E: appendEntries* reply omNode-1<-omNode-bootstrap-2#22:FAIL-t1,INCONSISTENCY,nextIndex=0,followerCommit=-1,matchIndex=-1
2024-09-18 12:54:53,230 [grpc-default-executor-3] INFO  impl.SnapshotInstallationHandler (SnapshotInstallationHandler.java:installSnapshotImpl(138)) - omNode-bootstrap-2@group-0AAC5367B30E: set new configuration configurationEntry {
  peers {
    id: "omNode-1"
    address: "localhost:15015"
    startupRole: FOLLOWER
  }
}
 from snapshot
2024-09-18 12:54:53,230 [grpc-default-executor-3] INFO  server.RaftServer$Division (ServerState.java:setRaftConf(386)) - omNode-bootstrap-2@group-0AAC5367B30E: set configuration conf: {index: 0, cur=peers:[omNode-1|localhost:15015]|listeners:[], old=null}
2024-09-18 12:54:53,231 [grpc-default-executor-1] WARN  server.GrpcLogAppender (GrpcLogAppender.java:onNextImpl(519)) - omNode-1@group-0AAC5367B30E->omNode-bootstrap-2-AppendLogResponseHandler: received INCONSISTENCY reply with nextIndex 0, errorCount=1, request=AppendEntriesRequest:cid=22,entriesCount=0
2024-09-18 12:54:53,231 [grpc-default-executor-3] INFO  ratis.OzoneManagerStateMachine (OzoneManagerStateMachine.java:notifyConfigurationChanged(216)) - Received Configuration change notification from Ratis. New Peer list:
[id: "omNode-1"
address: "localhost:15015"
startupRole: FOLLOWER
]
2024-09-18 12:54:53,231 [grpc-default-executor-3] INFO  impl.SnapshotInstallationHandler (SnapshotInstallationHandler.java:installSnapshot(103)) - omNode-bootstrap-2@group-0AAC5367B30E: reply installSnapshot: omNode-1<-omNode-bootstrap-2#0:FAIL-t1,IN_PROGRESS,snapshotIndex=0
2024-09-18 12:54:53,232 [grpc-default-executor-0] INFO  server.GrpcLogAppender (GrpcLogAppender.java:onNext(649)) - omNode-1@group-0AAC5367B30E->omNode-bootstrap-2-InstallSnapshotResponseHandler: received a reply omNode-1<-omNode-bootstrap-2#0:FAIL-t1,IN_PROGRESS,snapshotIndex=0
2024-09-18 12:54:53,233 [grpc-default-executor-0] INFO  server.GrpcLogAppender (GrpcLogAppender.java:onNext(665)) - omNode-1@group-0AAC5367B30E->omNode-bootstrap-2-InstallSnapshotResponseHandler: InstallSnapshot in progress.
2024-09-18 12:54:53,233 [grpc-default-executor-3] INFO  server.GrpcServerProtocolService (GrpcServerProtocolService.java:onCompleted(157)) - omNode-bootstrap-2: Completed INSTALL_SNAPSHOT, lastRequest: omNode-1->omNode-bootstrap-2#0-t1,notify:(t:1, i:0)
2024-09-18 12:54:53,233 [grpc-default-executor-3] INFO  server.GrpcServerProtocolService (GrpcServerProtocolService.java:lambda$onCompleted$5(159)) - omNode-bootstrap-2: Completed INSTALL_SNAPSHOT, lastReply: null
2024-09-18 12:54:53,234 [omNode-1@group-0AAC5367B30E->omNode-bootstrap-2-GrpcLogAppender-LogAppenderDaemon] INFO  server.GrpcLogAppender (GrpcLogAppender.java:notifyInstallSnapshot(790)) - omNode-1@group-0AAC5367B30E->omNode-bootstrap-2-GrpcLogAppender: notifyInstallSnapshot with firstAvailable=(t:1, i:0), followerNextIndex=0
2024-09-18 12:54:53,234 [omNode-1@group-0AAC5367B30E->omNode-bootstrap-2-GrpcLogAppender-LogAppenderDaemon] INFO  server.GrpcLogAppender (GrpcLogAppender.java:notifyInstallSnapshot(798)) - omNode-1@group-0AAC5367B30E->omNode-bootstrap-2-GrpcLogAppender: send omNode-1->omNode-bootstrap-2#0-t1,notify:(t:1, i:0)
2024-09-18 12:54:53,235 [omNode-bootstrap-2-server-thread1] INFO  server.RaftServer$Division (RaftServerImpl.java:checkInconsistentAppendEntries(1629)) - omNode-bootstrap-2@group-0AAC5367B30E: Failed appendEntries as snapshot (0) installation is in progress
2024-09-18 12:54:53,235 [omNode-bootstrap-2-server-thread1] INFO  server.RaftServer$Division (RaftServerImpl.java:appendEntriesAsync(1584)) - omNode-bootstrap-2@group-0AAC5367B30E: appendEntries* reply omNode-1<-omNode-bootstrap-2#23:FAIL-t1,INCONSISTENCY,nextIndex=0,followerCommit=-1,matchIndex=-1
2024-09-18 12:54:53,236 [grpc-default-executor-3] INFO  impl.SnapshotInstallationHandler (SnapshotInstallationHandler.java:installSnapshot(92)) - omNode-bootstrap-2@group-0AAC5367B30E: receive installSnapshot: omNode-1->omNode-bootstrap-2#0-t1,notify:(t:1, i:0)
2024-09-18 12:54:53,236 [grpc-default-executor-3] INFO  impl.SnapshotInstallationHandler (SnapshotInstallationHandler.java:installSnapshotImpl(138)) - omNode-bootstrap-2@group-0AAC5367B30E: set new configuration configurationEntry {
  peers {
    id: "omNode-1"
    address: "localhost:15015"
    startupRole: FOLLOWER
  }
}
 from snapshot
2024-09-18 12:54:53,236 [grpc-default-executor-3] INFO  server.RaftServer$Division (ServerState.java:setRaftConf(386)) - omNode-bootstrap-2@group-0AAC5367B30E: set configuration conf: {index: 0, cur=peers:[omNode-1|localhost:15015]|listeners:[], old=null}
2024-09-18 12:54:53,236 [grpc-default-executor-1] WARN  server.GrpcLogAppender (GrpcLogAppender.java:onNextImpl(519)) - omNode-1@group-0AAC5367B30E->omNode-bootstrap-2-AppendLogResponseHandler: received INCONSISTENCY reply with nextIndex 0, errorCount=1, request=AppendEntriesRequest:cid=23,entriesCount=0
2024-09-18 12:54:53,237 [grpc-default-executor-3] INFO  ratis.OzoneManagerStateMachine (OzoneManagerStateMachine.java:notifyConfigurationChanged(216)) - Received Configuration change notification from Ratis. New Peer list:
[id: "omNode-1"
address: "localhost:15015"
startupRole: FOLLOWER
]
2024-09-18 12:54:53,238 [grpc-default-executor-3] INFO  impl.SnapshotInstallationHandler (SnapshotInstallationHandler.java:installSnapshot(103)) - omNode-bootstrap-2@group-0AAC5367B30E: reply installSnapshot: omNode-1<-omNode-bootstrap-2#0:FAIL-t1,IN_PROGRESS,snapshotIndex=0
2024-09-18 12:54:53,238 [grpc-default-executor-3] INFO  server.GrpcServerProtocolService (GrpcServerProtocolService.java:onCompleted(157)) - omNode-bootstrap-2: Completed INSTALL_SNAPSHOT, lastRequest: omNode-1->omNode-bootstrap-2#0-t1,notify:(t:1, i:0)
2024-09-18 12:54:53,238 [grpc-default-executor-3] INFO  server.GrpcServerProtocolService (GrpcServerProtocolService.java:lambda$onCompleted$5(159)) - omNode-bootstrap-2: Completed INSTALL_SNAPSHOT, lastReply: null
2024-09-18 12:54:53,238 [grpc-default-executor-1] INFO  server.GrpcLogAppender (GrpcLogAppender.java:onNext(649)) - omNode-1@group-0AAC5367B30E->omNode-bootstrap-2-InstallSnapshotResponseHandler: received a reply omNode-1<-omNode-bootstrap-2#0:FAIL-t1,IN_PROGRESS,snapshotIndex=0
2024-09-18 12:54:53,238 [grpc-default-executor-1] INFO  server.GrpcLogAppender (GrpcLogAppender.java:onNext(665)) - omNode-1@group-0AAC5367B30E->omNode-bootstrap-2-InstallSnapshotResponseHandler: InstallSnapshot in progress.
2024-09-18 12:54:53,239 [omNode-1@group-0AAC5367B30E->omNode-bootstrap-2-GrpcLogAppender-LogAppenderDaemon] INFO  server.GrpcLogAppender (GrpcLogAppender.java:notifyInstallSnapshot(790)) - omNode-1@group-0AAC5367B30E->omNode-bootstrap-2-GrpcLogAppender: notifyInstallSnapshot with firstAvailable=(t:1, i:0), followerNextIndex=0
2024-09-18 12:54:53,239 [omNode-1@group-0AAC5367B30E->omNode-bootstrap-2-GrpcLogAppender-LogAppenderDaemon] INFO  server.GrpcLogAppender (GrpcLogAppender.java:notifyInstallSnapshot(798)) - omNode-1@group-0AAC5367B30E->omNode-bootstrap-2-GrpcLogAppender: send omNode-1->omNode-bootstrap-2#0-t1,notify:(t:1, i:0)
2024-09-18 12:54:53,240 [grpc-default-executor-1] INFO  impl.SnapshotInstallationHandler (SnapshotInstallationHandler.java:installSnapshot(92)) - omNode-bootstrap-2@group-0AAC5367B30E: receive installSnapshot: omNode-1->omNode-bootstrap-2#0-t1,notify:(t:1, i:0)
2024-09-18 12:54:53,240 [omNode-bootstrap-2-server-thread1] INFO  server.RaftServer$Division (RaftServerImpl.java:checkInconsistentAppendEntries(1629)) - omNode-bootstrap-2@group-0AAC5367B30E: Failed appendEntries as snapshot (0) installation is in progress
2024-09-18 12:54:53,240 [omNode-bootstrap-2-server-thread1] INFO  server.RaftServer$Division (RaftServerImpl.java:appendEntriesAsync(1584)) - omNode-bootstrap-2@group-0AAC5367B30E: appendEntries* reply omNode-1<-omNode-bootstrap-2#24:FAIL-t1,INCONSISTENCY,nextIndex=0,followerCommit=-1,matchIndex=-1
2024-09-18 12:54:53,240 [grpc-default-executor-1] INFO  impl.SnapshotInstallationHandler (SnapshotInstallationHandler.java:installSnapshotImpl(138)) - omNode-bootstrap-2@group-0AAC5367B30E: set new configuration configurationEntry {
  peers {
    id: "omNode-1"
    address: "localhost:15015"
    startupRole: FOLLOWER
  }
}
 from snapshot
2024-09-18 12:54:53,240 [grpc-default-executor-1] INFO  server.RaftServer$Division (ServerState.java:setRaftConf(386)) - omNode-bootstrap-2@group-0AAC5367B30E: set configuration conf: {index: 0, cur=peers:[omNode-1|localhost:15015]|listeners:[], old=null}
2024-09-18 12:54:53,241 [grpc-default-executor-3] WARN  server.GrpcLogAppender (GrpcLogAppender.java:onNextImpl(519)) - omNode-1@group-0AAC5367B30E->omNode-bootstrap-2-AppendLogResponseHandler: received INCONSISTENCY reply with nextIndex 0, errorCount=1, request=AppendEntriesRequest:cid=24,entriesCount=0
2024-09-18 12:54:53,242 [grpc-default-executor-1] INFO  ratis.OzoneManagerStateMachine (OzoneManagerStateMachine.java:notifyConfigurationChanged(216)) - Received Configuration change notification from Ratis. New Peer list:
[id: "omNode-1"
address: "localhost:15015"
startupRole: FOLLOWER
]
2024-09-18 12:54:53,242 [grpc-default-executor-1] INFO  impl.SnapshotInstallationHandler (SnapshotInstallationHandler.java:installSnapshot(103)) - omNode-bootstrap-2@group-0AAC5367B30E: reply installSnapshot: omNode-1<-omNode-bootstrap-2#0:FAIL-t1,IN_PROGRESS,snapshotIndex=0
2024-09-18 12:54:53,242 [grpc-default-executor-1] INFO  server.GrpcServerProtocolService (GrpcServerProtocolService.java:onCompleted(157)) - omNode-bootstrap-2: Completed INSTALL_SNAPSHOT, lastRequest: omNode-1->omNode-bootstrap-2#0-t1,notify:(t:1, i:0)
2024-09-18 12:54:53,242 [grpc-default-executor-1] INFO  server.GrpcServerProtocolService (GrpcServerProtocolService.java:lambda$onCompleted$5(159)) - omNode-bootstrap-2: Completed INSTALL_SNAPSHOT, lastReply: null
2024-09-18 12:54:53,243 [grpc-default-executor-1] INFO  server.GrpcLogAppender (GrpcLogAppender.java:onNext(649)) - omNode-1@group-0AAC5367B30E->omNode-bootstrap-2-InstallSnapshotResponseHandler: received a reply omNode-1<-omNode-bootstrap-2#0:FAIL-t1,IN_PROGRESS,snapshotIndex=0
2024-09-18 12:54:53,243 [grpc-default-executor-1] INFO  server.GrpcLogAppender (GrpcLogAppender.java:onNext(665)) - omNode-1@group-0AAC5367B30E->omNode-bootstrap-2-InstallSnapshotResponseHandler: InstallSnapshot in progress.
2024-09-18 12:54:53,243 [omNode-1@group-0AAC5367B30E->omNode-bootstrap-2-GrpcLogAppender-LogAppenderDaemon] INFO  server.GrpcLogAppender (GrpcLogAppender.java:notifyInstallSnapshot(790)) - omNode-1@group-0AAC5367B30E->omNode-bootstrap-2-GrpcLogAppender: notifyInstallSnapshot with firstAvailable=(t:1, i:0), followerNextIndex=0
2024-09-18 12:54:53,244 [omNode-1@group-0AAC5367B30E->omNode-bootstrap-2-GrpcLogAppender-LogAppenderDaemon] INFO  server.GrpcLogAppender (GrpcLogAppender.java:notifyInstallSnapshot(798)) - omNode-1@group-0AAC5367B30E->omNode-bootstrap-2-GrpcLogAppender: send omNode-1->omNode-bootstrap-2#0-t1,notify:(t:1, i:0)
2024-09-18 12:54:53,245 [omNode-bootstrap-2-server-thread1] INFO  server.RaftServer$Division (RaftServerImpl.java:checkInconsistentAppendEntries(1629)) - omNode-bootstrap-2@group-0AAC5367B30E: Failed appendEntries as snapshot (0) installation is in progress
2024-09-18 12:54:53,245 [omNode-bootstrap-2-server-thread1] INFO  server.RaftServer$Division (RaftServerImpl.java:appendEntriesAsync(1584)) - omNode-bootstrap-2@group-0AAC5367B30E: appendEntries* reply omNode-1<-omNode-bootstrap-2#25:FAIL-t1,INCONSISTENCY,nextIndex=0,followerCommit=-1,matchIndex=-1
2024-09-18 12:54:53,245 [grpc-default-executor-3] INFO  impl.SnapshotInstallationHandler (SnapshotInstallationHandler.java:installSnapshot(92)) - omNode-bootstrap-2@group-0AAC5367B30E: receive installSnapshot: omNode-1->omNode-bootstrap-2#0-t1,notify:(t:1, i:0)
2024-09-18 12:54:53,245 [grpc-default-executor-1] WARN  server.GrpcLogAppender (GrpcLogAppender.java:onNextImpl(519)) - omNode-1@group-0AAC5367B30E->omNode-bootstrap-2-AppendLogResponseHandler: received INCONSISTENCY reply with nextIndex 0, errorCount=1, request=AppendEntriesRequest:cid=25,entriesCount=0
2024-09-18 12:54:53,246 [grpc-default-executor-3] INFO  impl.SnapshotInstallationHandler (SnapshotInstallationHandler.java:installSnapshotImpl(138)) - omNode-bootstrap-2@group-0AAC5367B30E: set new configuration configurationEntry {
  peers {
    id: "omNode-1"
    address: "localhost:15015"
    startupRole: FOLLOWER
  }
}
 from snapshot
2024-09-18 12:54:53,247 [grpc-default-executor-3] INFO  server.RaftServer$Division (ServerState.java:setRaftConf(386)) - omNode-bootstrap-2@group-0AAC5367B30E: set configuration conf: {index: 0, cur=peers:[omNode-1|localhost:15015]|listeners:[], old=null}
2024-09-18 12:54:53,248 [grpc-default-executor-3] INFO  ratis.OzoneManagerStateMachine (OzoneManagerStateMachine.java:notifyConfigurationChanged(216)) - Received Configuration change notification from Ratis. New Peer list:
[id: "omNode-1"
address: "localhost:15015"
startupRole: FOLLOWER
]
2024-09-18 12:54:53,248 [grpc-default-executor-3] INFO  impl.SnapshotInstallationHandler (SnapshotInstallationHandler.java:installSnapshot(103)) - omNode-bootstrap-2@group-0AAC5367B30E: reply installSnapshot: omNode-1<-omNode-bootstrap-2#0:FAIL-t1,IN_PROGRESS,snapshotIndex=0
2024-09-18 12:54:53,248 [grpc-default-executor-3] INFO  server.GrpcServerProtocolService (GrpcServerProtocolService.java:onCompleted(157)) - omNode-bootstrap-2: Completed INSTALL_SNAPSHOT, lastRequest: omNode-1->omNode-bootstrap-2#0-t1,notify:(t:1, i:0)
2024-09-18 12:54:53,249 [grpc-default-executor-3] INFO  server.GrpcServerProtocolService (GrpcServerProtocolService.java:lambda$onCompleted$5(159)) - omNode-bootstrap-2: Completed INSTALL_SNAPSHOT, lastReply: null
2024-09-18 12:54:53,249 [grpc-default-executor-1] INFO  server.GrpcLogAppender (GrpcLogAppender.java:onNext(649)) - omNode-1@group-0AAC5367B30E->omNode-bootstrap-2-InstallSnapshotResponseHandler: received a reply omNode-1<-omNode-bootstrap-2#0:FAIL-t1,IN_PROGRESS,snapshotIndex=0
2024-09-18 12:54:53,249 [grpc-default-executor-1] INFO  server.GrpcLogAppender (GrpcLogAppender.java:onNext(665)) - omNode-1@group-0AAC5367B30E->omNode-bootstrap-2-InstallSnapshotResponseHandler: InstallSnapshot in progress.
2024-09-18 12:54:53,250 [omNode-bootstrap-2-server-thread1] INFO  server.RaftServer$Division (RaftServerImpl.java:checkInconsistentAppendEntries(1629)) - omNode-bootstrap-2@group-0AAC5367B30E: Failed appendEntries as snapshot (0) installation is in progress
2024-09-18 12:54:53,250 [omNode-bootstrap-2-server-thread1] INFO  server.RaftServer$Division (RaftServerImpl.java:appendEntriesAsync(1584)) - omNode-bootstrap-2@group-0AAC5367B30E: appendEntries* reply omNode-1<-omNode-bootstrap-2#26:FAIL-t1,INCONSISTENCY,nextIndex=0,followerCommit=-1,matchIndex=-1
2024-09-18 12:54:53,251 [grpc-default-executor-1] WARN  server.GrpcLogAppender (GrpcLogAppender.java:onNextImpl(519)) - omNode-1@group-0AAC5367B30E->omNode-bootstrap-2-AppendLogResponseHandler: received INCONSISTENCY reply with nextIndex 0, errorCount=1, request=AppendEntriesRequest:cid=26,entriesCount=0
2024-09-18 12:54:53,251 [omNode-1@group-0AAC5367B30E->omNode-bootstrap-2-GrpcLogAppender-LogAppenderDaemon] INFO  server.GrpcLogAppender (GrpcLogAppender.java:notifyInstallSnapshot(790)) - omNode-1@group-0AAC5367B30E->omNode-bootstrap-2-GrpcLogAppender: notifyInstallSnapshot with firstAvailable=(t:1, i:0), followerNextIndex=0
2024-09-18 12:54:53,251 [omNode-1@group-0AAC5367B30E->omNode-bootstrap-2-GrpcLogAppender-LogAppenderDaemon] INFO  server.GrpcLogAppender (GrpcLogAppender.java:notifyInstallSnapshot(798)) - omNode-1@group-0AAC5367B30E->omNode-bootstrap-2-GrpcLogAppender: send omNode-1->omNode-bootstrap-2#0-t1,notify:(t:1, i:0)
2024-09-18 12:54:53,253 [grpc-default-executor-3] INFO  impl.SnapshotInstallationHandler (SnapshotInstallationHandler.java:installSnapshot(92)) - omNode-bootstrap-2@group-0AAC5367B30E: receive installSnapshot: omNode-1->omNode-bootstrap-2#0-t1,notify:(t:1, i:0)
2024-09-18 12:54:53,253 [grpc-default-executor-3] INFO  impl.SnapshotInstallationHandler (SnapshotInstallationHandler.java:installSnapshotImpl(138)) - omNode-bootstrap-2@group-0AAC5367B30E: set new configuration configurationEntry {
  peers {
    id: "omNode-1"
    address: "localhost:15015"
    startupRole: FOLLOWER
  }
}
 from snapshot
2024-09-18 12:54:53,254 [grpc-default-executor-3] INFO  server.RaftServer$Division (ServerState.java:setRaftConf(386)) - omNode-bootstrap-2@group-0AAC5367B30E: set configuration conf: {index: 0, cur=peers:[omNode-1|localhost:15015]|listeners:[], old=null}
2024-09-18 12:54:53,255 [grpc-default-executor-3] INFO  ratis.OzoneManagerStateMachine (OzoneManagerStateMachine.java:notifyConfigurationChanged(216)) - Received Configuration change notification from Ratis. New Peer list:
[id: "omNode-1"
address: "localhost:15015"
startupRole: FOLLOWER
]
2024-09-18 12:54:53,255 [grpc-default-executor-3] INFO  impl.SnapshotInstallationHandler (SnapshotInstallationHandler.java:installSnapshot(103)) - omNode-bootstrap-2@group-0AAC5367B30E: reply installSnapshot: omNode-1<-omNode-bootstrap-2#0:FAIL-t1,IN_PROGRESS,snapshotIndex=0
2024-09-18 12:54:53,255 [grpc-default-executor-3] INFO  server.GrpcServerProtocolService (GrpcServerProtocolService.java:onCompleted(157)) - omNode-bootstrap-2: Completed INSTALL_SNAPSHOT, lastRequest: omNode-1->omNode-bootstrap-2#0-t1,notify:(t:1, i:0)
2024-09-18 12:54:53,255 [grpc-default-executor-3] INFO  server.GrpcServerProtocolService (GrpcServerProtocolService.java:lambda$onCompleted$5(159)) - omNode-bootstrap-2: Completed INSTALL_SNAPSHOT, lastReply: null
2024-09-18 12:54:53,256 [grpc-default-executor-3] INFO  server.GrpcLogAppender (GrpcLogAppender.java:onNext(649)) - omNode-1@group-0AAC5367B30E->omNode-bootstrap-2-InstallSnapshotResponseHandler: received a reply omNode-1<-omNode-bootstrap-2#0:FAIL-t1,IN_PROGRESS,snapshotIndex=0
2024-09-18 12:54:53,256 [grpc-default-executor-3] INFO  server.GrpcLogAppender (GrpcLogAppender.java:onNext(665)) - omNode-1@group-0AAC5367B30E->omNode-bootstrap-2-InstallSnapshotResponseHandler: InstallSnapshot in progress.
2024-09-18 12:54:53,258 [omNode-1@group-0AAC5367B30E->omNode-bootstrap-2-GrpcLogAppender-LogAppenderDaemon] INFO  server.GrpcLogAppender (GrpcLogAppender.java:notifyInstallSnapshot(790)) - omNode-1@group-0AAC5367B30E->omNode-bootstrap-2-GrpcLogAppender: notifyInstallSnapshot with firstAvailable=(t:1, i:0), followerNextIndex=0
2024-09-18 12:54:53,258 [omNode-1@group-0AAC5367B30E->omNode-bootstrap-2-GrpcLogAppender-LogAppenderDaemon] INFO  server.GrpcLogAppender (GrpcLogAppender.java:notifyInstallSnapshot(798)) - omNode-1@group-0AAC5367B30E->omNode-bootstrap-2-GrpcLogAppender: send omNode-1->omNode-bootstrap-2#0-t1,notify:(t:1, i:0)
2024-09-18 12:54:53,258 [omNode-bootstrap-2-server-thread1] INFO  server.RaftServer$Division (RaftServerImpl.java:checkInconsistentAppendEntries(1629)) - omNode-bootstrap-2@group-0AAC5367B30E: Failed appendEntries as snapshot (0) installation is in progress
2024-09-18 12:54:53,258 [omNode-bootstrap-2-server-thread1] INFO  server.RaftServer$Division (RaftServerImpl.java:appendEntriesAsync(1584)) - omNode-bootstrap-2@group-0AAC5367B30E: appendEntries* reply omNode-1<-omNode-bootstrap-2#27:FAIL-t1,INCONSISTENCY,nextIndex=0,followerCommit=-1,matchIndex=-1
2024-09-18 12:54:53,260 [grpc-default-executor-1] WARN  server.GrpcLogAppender (GrpcLogAppender.java:onNextImpl(519)) - omNode-1@group-0AAC5367B30E->omNode-bootstrap-2-AppendLogResponseHandler: received INCONSISTENCY reply with nextIndex 0, errorCount=1, request=AppendEntriesRequest:cid=27,entriesCount=0
2024-09-18 12:54:53,261 [grpc-default-executor-3] INFO  impl.SnapshotInstallationHandler (SnapshotInstallationHandler.java:installSnapshot(92)) - omNode-bootstrap-2@group-0AAC5367B30E: receive installSnapshot: omNode-1->omNode-bootstrap-2#0-t1,notify:(t:1, i:0)
2024-09-18 12:54:53,261 [grpc-default-executor-3] INFO  impl.SnapshotInstallationHandler (SnapshotInstallationHandler.java:installSnapshotImpl(138)) - omNode-bootstrap-2@group-0AAC5367B30E: set new configuration configurationEntry {
  peers {
    id: "omNode-1"
    address: "localhost:15015"
    startupRole: FOLLOWER
  }
}
 from snapshot
2024-09-18 12:54:53,261 [grpc-default-executor-3] INFO  server.RaftServer$Division (ServerState.java:setRaftConf(386)) - omNode-bootstrap-2@group-0AAC5367B30E: set configuration conf: {index: 0, cur=peers:[omNode-1|localhost:15015]|listeners:[], old=null}
2024-09-18 12:54:53,264 [grpc-default-executor-3] INFO  ratis.OzoneManagerStateMachine (OzoneManagerStateMachine.java:notifyConfigurationChanged(216)) - Received Configuration change notification from Ratis. New Peer list:
[id: "omNode-1"
address: "localhost:15015"
startupRole: FOLLOWER
]
2024-09-18 12:54:53,264 [grpc-default-executor-3] INFO  impl.SnapshotInstallationHandler (SnapshotInstallationHandler.java:installSnapshot(103)) - omNode-bootstrap-2@group-0AAC5367B30E: reply installSnapshot: omNode-1<-omNode-bootstrap-2#0:FAIL-t1,IN_PROGRESS,snapshotIndex=0
2024-09-18 12:54:53,265 [grpc-default-executor-3] INFO  server.GrpcServerProtocolService (GrpcServerProtocolService.java:onCompleted(157)) - omNode-bootstrap-2: Completed INSTALL_SNAPSHOT, lastRequest: omNode-1->omNode-bootstrap-2#0-t1,notify:(t:1, i:0)
2024-09-18 12:54:53,265 [grpc-default-executor-3] INFO  server.GrpcServerProtocolService (GrpcServerProtocolService.java:lambda$onCompleted$5(159)) - omNode-bootstrap-2: Completed INSTALL_SNAPSHOT, lastReply: null
2024-09-18 12:54:53,265 [grpc-default-executor-1] INFO  server.GrpcLogAppender (GrpcLogAppender.java:onNext(649)) - omNode-1@group-0AAC5367B30E->omNode-bootstrap-2-InstallSnapshotResponseHandler: received a reply omNode-1<-omNode-bootstrap-2#0:FAIL-t1,IN_PROGRESS,snapshotIndex=0
2024-09-18 12:54:53,265 [grpc-default-executor-1] INFO  server.GrpcLogAppender (GrpcLogAppender.java:onNext(665)) - omNode-1@group-0AAC5367B30E->omNode-bootstrap-2-InstallSnapshotResponseHandler: InstallSnapshot in progress.
2024-09-18 12:54:53,266 [omNode-1@group-0AAC5367B30E->omNode-bootstrap-2-GrpcLogAppender-LogAppenderDaemon] INFO  server.GrpcLogAppender (GrpcLogAppender.java:notifyInstallSnapshot(790)) - omNode-1@group-0AAC5367B30E->omNode-bootstrap-2-GrpcLogAppender: notifyInstallSnapshot with firstAvailable=(t:1, i:0), followerNextIndex=0
2024-09-18 12:54:53,266 [omNode-1@group-0AAC5367B30E->omNode-bootstrap-2-GrpcLogAppender-LogAppenderDaemon] INFO  server.GrpcLogAppender (GrpcLogAppender.java:notifyInstallSnapshot(798)) - omNode-1@group-0AAC5367B30E->omNode-bootstrap-2-GrpcLogAppender: send omNode-1->omNode-bootstrap-2#0-t1,notify:(t:1, i:0)
2024-09-18 12:54:53,266 [omNode-bootstrap-2-server-thread1] INFO  server.RaftServer$Division (RaftServerImpl.java:checkInconsistentAppendEntries(1629)) - omNode-bootstrap-2@group-0AAC5367B30E: Failed appendEntries as snapshot (0) installation is in progress
2024-09-18 12:54:53,266 [omNode-bootstrap-2-server-thread1] INFO  server.RaftServer$Division (RaftServerImpl.java:appendEntriesAsync(1584)) - omNode-bootstrap-2@group-0AAC5367B30E: appendEntries* reply omNode-1<-omNode-bootstrap-2#28:FAIL-t1,INCONSISTENCY,nextIndex=0,followerCommit=-1,matchIndex=-1
2024-09-18 12:54:53,270 [grpc-default-executor-1] WARN  server.GrpcLogAppender (GrpcLogAppender.java:onNextImpl(519)) - omNode-1@group-0AAC5367B30E->omNode-bootstrap-2-AppendLogResponseHandler: received INCONSISTENCY reply with nextIndex 0, errorCount=1, request=AppendEntriesRequest:cid=28,entriesCount=0
2024-09-18 12:54:53,270 [grpc-default-executor-3] INFO  impl.SnapshotInstallationHandler (SnapshotInstallationHandler.java:installSnapshot(92)) - omNode-bootstrap-2@group-0AAC5367B30E: receive installSnapshot: omNode-1->omNode-bootstrap-2#0-t1,notify:(t:1, i:0)
2024-09-18 12:54:53,270 [grpc-default-executor-3] INFO  impl.SnapshotInstallationHandler (SnapshotInstallationHandler.java:installSnapshotImpl(138)) - omNode-bootstrap-2@group-0AAC5367B30E: set new configuration configurationEntry {
  peers {
    id: "omNode-1"
    address: "localhost:15015"
    startupRole: FOLLOWER
  }
}
 from snapshot
2024-09-18 12:54:53,271 [grpc-default-executor-3] INFO  server.RaftServer$Division (ServerState.java:setRaftConf(386)) - omNode-bootstrap-2@group-0AAC5367B30E: set configuration conf: {index: 0, cur=peers:[omNode-1|localhost:15015]|listeners:[], old=null}
2024-09-18 12:54:53,273 [grpc-default-executor-3] INFO  ratis.OzoneManagerStateMachine (OzoneManagerStateMachine.java:notifyConfigurationChanged(216)) - Received Configuration change notification from Ratis. New Peer list:
[id: "omNode-1"
address: "localhost:15015"
startupRole: FOLLOWER
]
2024-09-18 12:54:53,273 [grpc-default-executor-3] INFO  impl.SnapshotInstallationHandler (SnapshotInstallationHandler.java:installSnapshot(103)) - omNode-bootstrap-2@group-0AAC5367B30E: reply installSnapshot: omNode-1<-omNode-bootstrap-2#0:FAIL-t1,IN_PROGRESS,snapshotIndex=0
2024-09-18 12:54:53,274 [grpc-default-executor-3] INFO  server.GrpcServerProtocolService (GrpcServerProtocolService.java:onCompleted(157)) - omNode-bootstrap-2: Completed INSTALL_SNAPSHOT, lastRequest: omNode-1->omNode-bootstrap-2#0-t1,notify:(t:1, i:0)
2024-09-18 12:54:53,274 [grpc-default-executor-3] INFO  server.GrpcServerProtocolService (GrpcServerProtocolService.java:lambda$onCompleted$5(159)) - omNode-bootstrap-2: Completed INSTALL_SNAPSHOT, lastReply: null
2024-09-18 12:54:53,275 [grpc-default-executor-3] INFO  server.GrpcLogAppender (GrpcLogAppender.java:onNext(649)) - omNode-1@group-0AAC5367B30E->omNode-bootstrap-2-InstallSnapshotResponseHandler: received a reply omNode-1<-omNode-bootstrap-2#0:FAIL-t1,IN_PROGRESS,snapshotIndex=0
2024-09-18 12:54:53,275 [grpc-default-executor-3] INFO  server.GrpcLogAppender (GrpcLogAppender.java:onNext(665)) - omNode-1@group-0AAC5367B30E->omNode-bootstrap-2-InstallSnapshotResponseHandler: InstallSnapshot in progress.
2024-09-18 12:54:53,276 [omNode-1@group-0AAC5367B30E->omNode-bootstrap-2-GrpcLogAppender-LogAppenderDaemon] INFO  server.GrpcLogAppender (GrpcLogAppender.java:notifyInstallSnapshot(790)) - omNode-1@group-0AAC5367B30E->omNode-bootstrap-2-GrpcLogAppender: notifyInstallSnapshot with firstAvailable=(t:1, i:0), followerNextIndex=0
2024-09-18 12:54:53,276 [omNode-1@group-0AAC5367B30E->omNode-bootstrap-2-GrpcLogAppender-LogAppenderDaemon] INFO  server.GrpcLogAppender (GrpcLogAppender.java:notifyInstallSnapshot(798)) - omNode-1@group-0AAC5367B30E->omNode-bootstrap-2-GrpcLogAppender: send omNode-1->omNode-bootstrap-2#0-t1,notify:(t:1, i:0)
2024-09-18 12:54:53,276 [omNode-bootstrap-2-server-thread1] INFO  server.RaftServer$Division (RaftServerImpl.java:checkInconsistentAppendEntries(1629)) - omNode-bootstrap-2@group-0AAC5367B30E: Failed appendEntries as snapshot (0) installation is in progress
2024-09-18 12:54:53,276 [omNode-bootstrap-2-server-thread1] INFO  server.RaftServer$Division (RaftServerImpl.java:appendEntriesAsync(1584)) - omNode-bootstrap-2@group-0AAC5367B30E: appendEntries* reply omNode-1<-omNode-bootstrap-2#29:FAIL-t1,INCONSISTENCY,nextIndex=0,followerCommit=-1,matchIndex=-1
2024-09-18 12:54:53,277 [grpc-default-executor-3] INFO  impl.SnapshotInstallationHandler (SnapshotInstallationHandler.java:installSnapshot(92)) - omNode-bootstrap-2@group-0AAC5367B30E: receive installSnapshot: omNode-1->omNode-bootstrap-2#0-t1,notify:(t:1, i:0)
2024-09-18 12:54:53,277 [grpc-default-executor-3] INFO  impl.SnapshotInstallationHandler (SnapshotInstallationHandler.java:installSnapshotImpl(138)) - omNode-bootstrap-2@group-0AAC5367B30E: set new configuration configurationEntry {
  peers {
    id: "omNode-1"
    address: "localhost:15015"
    startupRole: FOLLOWER
  }
}
 from snapshot
2024-09-18 12:54:53,278 [grpc-default-executor-3] INFO  server.RaftServer$Division (ServerState.java:setRaftConf(386)) - omNode-bootstrap-2@group-0AAC5367B30E: set configuration conf: {index: 0, cur=peers:[omNode-1|localhost:15015]|listeners:[], old=null}
2024-09-18 12:54:53,278 [grpc-default-executor-1] WARN  server.GrpcLogAppender (GrpcLogAppender.java:onNextImpl(519)) - omNode-1@group-0AAC5367B30E->omNode-bootstrap-2-AppendLogResponseHandler: received INCONSISTENCY reply with nextIndex 0, errorCount=1, request=AppendEntriesRequest:cid=29,entriesCount=0
2024-09-18 12:54:53,280 [grpc-default-executor-3] INFO  ratis.OzoneManagerStateMachine (OzoneManagerStateMachine.java:notifyConfigurationChanged(216)) - Received Configuration change notification from Ratis. New Peer list:
[id: "omNode-1"
address: "localhost:15015"
startupRole: FOLLOWER
]
2024-09-18 12:54:53,280 [grpc-default-executor-3] INFO  impl.SnapshotInstallationHandler (SnapshotInstallationHandler.java:installSnapshot(103)) - omNode-bootstrap-2@group-0AAC5367B30E: reply installSnapshot: omNode-1<-omNode-bootstrap-2#0:FAIL-t1,IN_PROGRESS,snapshotIndex=0
2024-09-18 12:54:53,281 [grpc-default-executor-3] INFO  server.GrpcServerProtocolService (GrpcServerProtocolService.java:onCompleted(157)) - omNode-bootstrap-2: Completed INSTALL_SNAPSHOT, lastRequest: omNode-1->omNode-bootstrap-2#0-t1,notify:(t:1, i:0)
2024-09-18 12:54:53,282 [grpc-default-executor-3] INFO  server.GrpcServerProtocolService (GrpcServerProtocolService.java:lambda$onCompleted$5(159)) - omNode-bootstrap-2: Completed INSTALL_SNAPSHOT, lastReply: null
2024-09-18 12:54:53,282 [grpc-default-executor-1] INFO  server.GrpcLogAppender (GrpcLogAppender.java:onNext(649)) - omNode-1@group-0AAC5367B30E->omNode-bootstrap-2-InstallSnapshotResponseHandler: received a reply omNode-1<-omNode-bootstrap-2#0:FAIL-t1,IN_PROGRESS,snapshotIndex=0
2024-09-18 12:54:53,282 [grpc-default-executor-1] INFO  server.GrpcLogAppender (GrpcLogAppender.java:onNext(665)) - omNode-1@group-0AAC5367B30E->omNode-bootstrap-2-InstallSnapshotResponseHandler: InstallSnapshot in progress.
2024-09-18 12:54:53,284 [omNode-bootstrap-2-server-thread1] INFO  server.RaftServer$Division (RaftServerImpl.java:checkInconsistentAppendEntries(1629)) - omNode-bootstrap-2@group-0AAC5367B30E: Failed appendEntries as snapshot (0) installation is in progress
2024-09-18 12:54:53,284 [omNode-bootstrap-2-server-thread1] INFO  server.RaftServer$Division (RaftServerImpl.java:appendEntriesAsync(1584)) - omNode-bootstrap-2@group-0AAC5367B30E: appendEntries* reply omNode-1<-omNode-bootstrap-2#30:FAIL-t1,INCONSISTENCY,nextIndex=0,followerCommit=-1,matchIndex=-1
2024-09-18 12:54:53,284 [omNode-1@group-0AAC5367B30E->omNode-bootstrap-2-GrpcLogAppender-LogAppenderDaemon] INFO  server.GrpcLogAppender (GrpcLogAppender.java:notifyInstallSnapshot(790)) - omNode-1@group-0AAC5367B30E->omNode-bootstrap-2-GrpcLogAppender: notifyInstallSnapshot with firstAvailable=(t:1, i:0), followerNextIndex=0
2024-09-18 12:54:53,284 [omNode-1@group-0AAC5367B30E->omNode-bootstrap-2-GrpcLogAppender-LogAppenderDaemon] INFO  server.GrpcLogAppender (GrpcLogAppender.java:notifyInstallSnapshot(798)) - omNode-1@group-0AAC5367B30E->omNode-bootstrap-2-GrpcLogAppender: send omNode-1->omNode-bootstrap-2#0-t1,notify:(t:1, i:0)
2024-09-18 12:54:53,285 [grpc-default-executor-3] WARN  server.GrpcLogAppender (GrpcLogAppender.java:onNextImpl(519)) - omNode-1@group-0AAC5367B30E->omNode-bootstrap-2-AppendLogResponseHandler: received INCONSISTENCY reply with nextIndex 0, errorCount=1, request=AppendEntriesRequest:cid=30,entriesCount=0
2024-09-18 12:54:53,285 [grpc-default-executor-1] INFO  impl.SnapshotInstallationHandler (SnapshotInstallationHandler.java:installSnapshot(92)) - omNode-bootstrap-2@group-0AAC5367B30E: receive installSnapshot: omNode-1->omNode-bootstrap-2#0-t1,notify:(t:1, i:0)
2024-09-18 12:54:53,286 [grpc-default-executor-1] INFO  impl.SnapshotInstallationHandler (SnapshotInstallationHandler.java:installSnapshotImpl(138)) - omNode-bootstrap-2@group-0AAC5367B30E: set new configuration configurationEntry {
  peers {
    id: "omNode-1"
    address: "localhost:15015"
    startupRole: FOLLOWER
  }
}
 from snapshot
2024-09-18 12:54:53,286 [grpc-default-executor-1] INFO  server.RaftServer$Division (ServerState.java:setRaftConf(386)) - omNode-bootstrap-2@group-0AAC5367B30E: set configuration conf: {index: 0, cur=peers:[omNode-1|localhost:15015]|listeners:[], old=null}
2024-09-18 12:54:53,287 [grpc-default-executor-1] INFO  ratis.OzoneManagerStateMachine (OzoneManagerStateMachine.java:notifyConfigurationChanged(216)) - Received Configuration change notification from Ratis. New Peer list:
[id: "omNode-1"
address: "localhost:15015"
startupRole: FOLLOWER
]
2024-09-18 12:54:53,287 [grpc-default-executor-1] INFO  impl.SnapshotInstallationHandler (SnapshotInstallationHandler.java:installSnapshot(103)) - omNode-bootstrap-2@group-0AAC5367B30E: reply installSnapshot: omNode-1<-omNode-bootstrap-2#0:FAIL-t1,IN_PROGRESS,snapshotIndex=0
2024-09-18 12:54:53,288 [grpc-default-executor-1] INFO  server.GrpcServerProtocolService (GrpcServerProtocolService.java:onCompleted(157)) - omNode-bootstrap-2: Completed INSTALL_SNAPSHOT, lastRequest: omNode-1->omNode-bootstrap-2#0-t1,notify:(t:1, i:0)
2024-09-18 12:54:53,288 [grpc-default-executor-1] INFO  server.GrpcServerProtocolService (GrpcServerProtocolService.java:lambda$onCompleted$5(159)) - omNode-bootstrap-2: Completed INSTALL_SNAPSHOT, lastReply: null
2024-09-18 12:54:53,288 [qtp2083527126-474] INFO  db.RDBCheckpointManager (RDBCheckpointManager.java:createCheckpoint(89)) - Created checkpoint in rocksDB at /home/runner/work/ozone/ozone/hadoop-ozone/integration-test/target/test-dir/MiniOzoneClusterImpl-1474a09c-6dad-4fc4-86e4-bad221540704/omNode-1/db.checkpoints/om.db_checkpoint_1726664093284 in 4 milliseconds
2024-09-18 12:54:53,297 [grpc-default-executor-3] INFO  server.GrpcLogAppender (GrpcLogAppender.java:onNext(649)) - omNode-1@group-0AAC5367B30E->omNode-bootstrap-2-InstallSnapshotResponseHandler: received a reply omNode-1<-omNode-bootstrap-2#0:FAIL-t1,IN_PROGRESS,snapshotIndex=0
2024-09-18 12:54:53,297 [grpc-default-executor-3] INFO  server.GrpcLogAppender (GrpcLogAppender.java:onNext(665)) - omNode-1@group-0AAC5367B30E->omNode-bootstrap-2-InstallSnapshotResponseHandler: InstallSnapshot in progress.
2024-09-18 12:54:53,298 [omNode-1@group-0AAC5367B30E->omNode-bootstrap-2-GrpcLogAppender-LogAppenderDaemon] INFO  server.GrpcLogAppender (GrpcLogAppender.java:notifyInstallSnapshot(790)) - omNode-1@group-0AAC5367B30E->omNode-bootstrap-2-GrpcLogAppender: notifyInstallSnapshot with firstAvailable=(t:1, i:0), followerNextIndex=0
2024-09-18 12:54:53,298 [omNode-1@group-0AAC5367B30E->omNode-bootstrap-2-GrpcLogAppender-LogAppenderDaemon] INFO  server.GrpcLogAppender (GrpcLogAppender.java:notifyInstallSnapshot(798)) - omNode-1@group-0AAC5367B30E->omNode-bootstrap-2-GrpcLogAppender: send omNode-1->omNode-bootstrap-2#0-t1,notify:(t:1, i:0)
2024-09-18 12:54:53,298 [omNode-bootstrap-2-server-thread1] INFO  server.RaftServer$Division (RaftServerImpl.java:checkInconsistentAppendEntries(1629)) - omNode-bootstrap-2@group-0AAC5367B30E: Failed appendEntries as snapshot (0) installation is in progress
2024-09-18 12:54:53,298 [omNode-bootstrap-2-server-thread1] INFO  server.RaftServer$Division (RaftServerImpl.java:appendEntriesAsync(1584)) - omNode-bootstrap-2@group-0AAC5367B30E: appendEntries* reply omNode-1<-omNode-bootstrap-2#31:FAIL-t1,INCONSISTENCY,nextIndex=0,followerCommit=-1,matchIndex=-1
2024-09-18 12:54:53,299 [grpc-default-executor-1] INFO  impl.SnapshotInstallationHandler (SnapshotInstallationHandler.java:installSnapshot(92)) - omNode-bootstrap-2@group-0AAC5367B30E: receive installSnapshot: omNode-1->omNode-bootstrap-2#0-t1,notify:(t:1, i:0)
2024-09-18 12:54:53,300 [grpc-default-executor-1] INFO  impl.SnapshotInstallationHandler (SnapshotInstallationHandler.java:installSnapshotImpl(138)) - omNode-bootstrap-2@group-0AAC5367B30E: set new configuration configurationEntry {
  peers {
    id: "omNode-1"
    address: "localhost:15015"
    startupRole: FOLLOWER
  }
}
 from snapshot
2024-09-18 12:54:53,300 [grpc-default-executor-1] INFO  server.RaftServer$Division (ServerState.java:setRaftConf(386)) - omNode-bootstrap-2@group-0AAC5367B30E: set configuration conf: {index: 0, cur=peers:[omNode-1|localhost:15015]|listeners:[], old=null}
2024-09-18 12:54:53,301 [grpc-default-executor-3] WARN  server.GrpcLogAppender (GrpcLogAppender.java:onNextImpl(519)) - omNode-1@group-0AAC5367B30E->omNode-bootstrap-2-AppendLogResponseHandler: received INCONSISTENCY reply with nextIndex 0, errorCount=1, request=AppendEntriesRequest:cid=31,entriesCount=0
2024-09-18 12:54:53,301 [grpc-default-executor-1] INFO  ratis.OzoneManagerStateMachine (OzoneManagerStateMachine.java:notifyConfigurationChanged(216)) - Received Configuration change notification from Ratis. New Peer list:
[id: "omNode-1"
address: "localhost:15015"
startupRole: FOLLOWER
]
2024-09-18 12:54:53,301 [grpc-default-executor-1] INFO  impl.SnapshotInstallationHandler (SnapshotInstallationHandler.java:installSnapshot(103)) - omNode-bootstrap-2@group-0AAC5367B30E: reply installSnapshot: omNode-1<-omNode-bootstrap-2#0:FAIL-t1,IN_PROGRESS,snapshotIndex=0
2024-09-18 12:54:53,302 [grpc-default-executor-1] INFO  server.GrpcServerProtocolService (GrpcServerProtocolService.java:onCompleted(157)) - omNode-bootstrap-2: Completed INSTALL_SNAPSHOT, lastRequest: omNode-1->omNode-bootstrap-2#0-t1,notify:(t:1, i:0)
2024-09-18 12:54:53,302 [grpc-default-executor-1] INFO  server.GrpcServerProtocolService (GrpcServerProtocolService.java:lambda$onCompleted$5(159)) - omNode-bootstrap-2: Completed INSTALL_SNAPSHOT, lastReply: null
2024-09-18 12:54:53,302 [grpc-default-executor-1] INFO  server.GrpcLogAppender (GrpcLogAppender.java:onNext(649)) - omNode-1@group-0AAC5367B30E->omNode-bootstrap-2-InstallSnapshotResponseHandler: received a reply omNode-1<-omNode-bootstrap-2#0:FAIL-t1,IN_PROGRESS,snapshotIndex=0
2024-09-18 12:54:53,302 [grpc-default-executor-1] INFO  server.GrpcLogAppender (GrpcLogAppender.java:onNext(665)) - omNode-1@group-0AAC5367B30E->omNode-bootstrap-2-InstallSnapshotResponseHandler: InstallSnapshot in progress.
2024-09-18 12:54:53,303 [omNode-bootstrap-2-server-thread1] INFO  server.RaftServer$Division (RaftServerImpl.java:checkInconsistentAppendEntries(1629)) - omNode-bootstrap-2@group-0AAC5367B30E: Failed appendEntries as snapshot (0) installation is in progress
2024-09-18 12:54:53,303 [omNode-bootstrap-2-server-thread1] INFO  server.RaftServer$Division (RaftServerImpl.java:appendEntriesAsync(1584)) - omNode-bootstrap-2@group-0AAC5367B30E: appendEntries* reply omNode-1<-omNode-bootstrap-2#32:FAIL-t1,INCONSISTENCY,nextIndex=0,followerCommit=-1,matchIndex=-1
2024-09-18 12:54:53,304 [grpc-default-executor-3] WARN  server.GrpcLogAppender (GrpcLogAppender.java:onNextImpl(519)) - omNode-1@group-0AAC5367B30E->omNode-bootstrap-2-AppendLogResponseHandler: received INCONSISTENCY reply with nextIndex 0, errorCount=1, request=AppendEntriesRequest:cid=32,entriesCount=0
2024-09-18 12:54:53,304 [omNode-1@group-0AAC5367B30E->omNode-bootstrap-2-GrpcLogAppender-LogAppenderDaemon] INFO  server.GrpcLogAppender (GrpcLogAppender.java:notifyInstallSnapshot(790)) - omNode-1@group-0AAC5367B30E->omNode-bootstrap-2-GrpcLogAppender: notifyInstallSnapshot with firstAvailable=(t:1, i:0), followerNextIndex=0
2024-09-18 12:54:53,304 [omNode-1@group-0AAC5367B30E->omNode-bootstrap-2-GrpcLogAppender-LogAppenderDaemon] INFO  server.GrpcLogAppender (GrpcLogAppender.java:notifyInstallSnapshot(798)) - omNode-1@group-0AAC5367B30E->omNode-bootstrap-2-GrpcLogAppender: send omNode-1->omNode-bootstrap-2#0-t1,notify:(t:1, i:0)
2024-09-18 12:54:53,305 [grpc-default-executor-3] INFO  impl.SnapshotInstallationHandler (SnapshotInstallationHandler.java:installSnapshot(92)) - omNode-bootstrap-2@group-0AAC5367B30E: receive installSnapshot: omNode-1->omNode-bootstrap-2#0-t1,notify:(t:1, i:0)
2024-09-18 12:54:53,305 [grpc-default-executor-3] INFO  impl.SnapshotInstallationHandler (SnapshotInstallationHandler.java:installSnapshotImpl(138)) - omNode-bootstrap-2@group-0AAC5367B30E: set new configuration configurationEntry {
  peers {
    id: "omNode-1"
    address: "localhost:15015"
    startupRole: FOLLOWER
  }
}
 from snapshot
2024-09-18 12:54:53,305 [grpc-default-executor-3] INFO  server.RaftServer$Division (ServerState.java:setRaftConf(386)) - omNode-bootstrap-2@group-0AAC5367B30E: set configuration conf: {index: 0, cur=peers:[omNode-1|localhost:15015]|listeners:[], old=null}
2024-09-18 12:54:53,306 [grpc-default-executor-3] INFO  ratis.OzoneManagerStateMachine (OzoneManagerStateMachine.java:notifyConfigurationChanged(216)) - Received Configuration change notification from Ratis. New Peer list:
[id: "omNode-1"
address: "localhost:15015"
startupRole: FOLLOWER
]
2024-09-18 12:54:53,308 [grpc-default-executor-3] INFO  impl.SnapshotInstallationHandler (SnapshotInstallationHandler.java:installSnapshot(103)) - omNode-bootstrap-2@group-0AAC5367B30E: reply installSnapshot: omNode-1<-omNode-bootstrap-2#0:FAIL-t1,IN_PROGRESS,snapshotIndex=0
2024-09-18 12:54:53,309 [grpc-default-executor-3] INFO  server.GrpcServerProtocolService (GrpcServerProtocolService.java:onCompleted(157)) - omNode-bootstrap-2: Completed INSTALL_SNAPSHOT, lastRequest: omNode-1->omNode-bootstrap-2#0-t1,notify:(t:1, i:0)
2024-09-18 12:54:53,309 [grpc-default-executor-3] INFO  server.GrpcServerProtocolService (GrpcServerProtocolService.java:lambda$onCompleted$5(159)) - omNode-bootstrap-2: Completed INSTALL_SNAPSHOT, lastReply: null
2024-09-18 12:54:53,309 [grpc-default-executor-1] INFO  server.GrpcLogAppender (GrpcLogAppender.java:onNext(649)) - omNode-1@group-0AAC5367B30E->omNode-bootstrap-2-InstallSnapshotResponseHandler: received a reply omNode-1<-omNode-bootstrap-2#0:FAIL-t1,IN_PROGRESS,snapshotIndex=0
2024-09-18 12:54:53,309 [grpc-default-executor-1] INFO  server.GrpcLogAppender (GrpcLogAppender.java:onNext(665)) - omNode-1@group-0AAC5367B30E->omNode-bootstrap-2-InstallSnapshotResponseHandler: InstallSnapshot in progress.
2024-09-18 12:54:53,310 [omNode-bootstrap-2-server-thread1] INFO  server.RaftServer$Division (RaftServerImpl.java:checkInconsistentAppendEntries(1629)) - omNode-bootstrap-2@group-0AAC5367B30E: Failed appendEntries as snapshot (0) installation is in progress
2024-09-18 12:54:53,310 [omNode-bootstrap-2-server-thread1] INFO  server.RaftServer$Division (RaftServerImpl.java:appendEntriesAsync(1584)) - omNode-bootstrap-2@group-0AAC5367B30E: appendEntries* reply omNode-1<-omNode-bootstrap-2#33:FAIL-t1,INCONSISTENCY,nextIndex=0,followerCommit=-1,matchIndex=-1
2024-09-18 12:54:53,311 [grpc-default-executor-1] WARN  server.GrpcLogAppender (GrpcLogAppender.java:onNextImpl(519)) - omNode-1@group-0AAC5367B30E->omNode-bootstrap-2-AppendLogResponseHandler: received INCONSISTENCY reply with nextIndex 0, errorCount=1, request=AppendEntriesRequest:cid=33,entriesCount=0
2024-09-18 12:54:53,311 [omNode-1@group-0AAC5367B30E->omNode-bootstrap-2-GrpcLogAppender-LogAppenderDaemon] INFO  server.GrpcLogAppender (GrpcLogAppender.java:notifyInstallSnapshot(790)) - omNode-1@group-0AAC5367B30E->omNode-bootstrap-2-GrpcLogAppender: notifyInstallSnapshot with firstAvailable=(t:1, i:0), followerNextIndex=0
2024-09-18 12:54:53,311 [omNode-1@group-0AAC5367B30E->omNode-bootstrap-2-GrpcLogAppender-LogAppenderDaemon] INFO  server.GrpcLogAppender (GrpcLogAppender.java:notifyInstallSnapshot(798)) - omNode-1@group-0AAC5367B30E->omNode-bootstrap-2-GrpcLogAppender: send omNode-1->omNode-bootstrap-2#0-t1,notify:(t:1, i:0)
2024-09-18 12:54:53,312 [grpc-default-executor-1] INFO  impl.SnapshotInstallationHandler (SnapshotInstallationHandler.java:installSnapshot(92)) - omNode-bootstrap-2@group-0AAC5367B30E: receive installSnapshot: omNode-1->omNode-bootstrap-2#0-t1,notify:(t:1, i:0)
2024-09-18 12:54:53,312 [grpc-default-executor-1] INFO  impl.SnapshotInstallationHandler (SnapshotInstallationHandler.java:installSnapshotImpl(138)) - omNode-bootstrap-2@group-0AAC5367B30E: set new configuration configurationEntry {
  peers {
    id: "omNode-1"
    address: "localhost:15015"
    startupRole: FOLLOWER
  }
}
 from snapshot
2024-09-18 12:54:53,312 [grpc-default-executor-1] INFO  server.RaftServer$Division (ServerState.java:setRaftConf(386)) - omNode-bootstrap-2@group-0AAC5367B30E: set configuration conf: {index: 0, cur=peers:[omNode-1|localhost:15015]|listeners:[], old=null}
2024-09-18 12:54:53,313 [grpc-default-executor-1] INFO  ratis.OzoneManagerStateMachine (OzoneManagerStateMachine.java:notifyConfigurationChanged(216)) - Received Configuration change notification from Ratis. New Peer list:
[id: "omNode-1"
address: "localhost:15015"
startupRole: FOLLOWER
]
2024-09-18 12:54:53,313 [grpc-default-executor-1] INFO  impl.SnapshotInstallationHandler (SnapshotInstallationHandler.java:installSnapshot(103)) - omNode-bootstrap-2@group-0AAC5367B30E: reply installSnapshot: omNode-1<-omNode-bootstrap-2#0:FAIL-t1,IN_PROGRESS,snapshotIndex=0
2024-09-18 12:54:53,313 [grpc-default-executor-1] INFO  server.GrpcServerProtocolService (GrpcServerProtocolService.java:onCompleted(157)) - omNode-bootstrap-2: Completed INSTALL_SNAPSHOT, lastRequest: omNode-1->omNode-bootstrap-2#0-t1,notify:(t:1, i:0)
2024-09-18 12:54:53,313 [grpc-default-executor-1] INFO  server.GrpcServerProtocolService (GrpcServerProtocolService.java:lambda$onCompleted$5(159)) - omNode-bootstrap-2: Completed INSTALL_SNAPSHOT, lastReply: null
2024-09-18 12:54:53,314 [grpc-default-executor-1] INFO  server.GrpcLogAppender (GrpcLogAppender.java:onNext(649)) - omNode-1@group-0AAC5367B30E->omNode-bootstrap-2-InstallSnapshotResponseHandler: received a reply omNode-1<-omNode-bootstrap-2#0:FAIL-t1,IN_PROGRESS,snapshotIndex=0
2024-09-18 12:54:53,314 [grpc-default-executor-1] INFO  server.GrpcLogAppender (GrpcLogAppender.java:onNext(665)) - omNode-1@group-0AAC5367B30E->omNode-bootstrap-2-InstallSnapshotResponseHandler: InstallSnapshot in progress.
2024-09-18 12:54:53,314 [omNode-1@group-0AAC5367B30E->omNode-bootstrap-2-GrpcLogAppender-LogAppenderDaemon] INFO  server.GrpcLogAppender (GrpcLogAppender.java:notifyInstallSnapshot(790)) - omNode-1@group-0AAC5367B30E->omNode-bootstrap-2-GrpcLogAppender: notifyInstallSnapshot with firstAvailable=(t:1, i:0), followerNextIndex=0
2024-09-18 12:54:53,314 [omNode-1@group-0AAC5367B30E->omNode-bootstrap-2-GrpcLogAppender-LogAppenderDaemon] INFO  server.GrpcLogAppender (GrpcLogAppender.java:notifyInstallSnapshot(798)) - omNode-1@group-0AAC5367B30E->omNode-bootstrap-2-GrpcLogAppender: send omNode-1->omNode-bootstrap-2#0-t1,notify:(t:1, i:0)
2024-09-18 12:54:53,315 [omNode-bootstrap-2-server-thread1] INFO  server.RaftServer$Division (RaftServerImpl.java:checkInconsistentAppendEntries(1629)) - omNode-bootstrap-2@group-0AAC5367B30E: Failed appendEntries as snapshot (0) installation is in progress
2024-09-18 12:54:53,315 [omNode-bootstrap-2-server-thread1] INFO  server.RaftServer$Division (RaftServerImpl.java:appendEntriesAsync(1584)) - omNode-bootstrap-2@group-0AAC5367B30E: appendEntries* reply omNode-1<-omNode-bootstrap-2#34:FAIL-t1,INCONSISTENCY,nextIndex=0,followerCommit=-1,matchIndex=-1
2024-09-18 12:54:53,315 [grpc-default-executor-1] INFO  impl.SnapshotInstallationHandler (SnapshotInstallationHandler.java:installSnapshot(92)) - omNode-bootstrap-2@group-0AAC5367B30E: receive installSnapshot: omNode-1->omNode-bootstrap-2#0-t1,notify:(t:1, i:0)
2024-09-18 12:54:53,316 [grpc-default-executor-1] INFO  impl.SnapshotInstallationHandler (SnapshotInstallationHandler.java:installSnapshotImpl(138)) - omNode-bootstrap-2@group-0AAC5367B30E: set new configuration configurationEntry {
  peers {
    id: "omNode-1"
    address: "localhost:15015"
    startupRole: FOLLOWER
  }
}
 from snapshot
2024-09-18 12:54:53,316 [grpc-default-executor-3] WARN  server.GrpcLogAppender (GrpcLogAppender.java:onNextImpl(519)) - omNode-1@group-0AAC5367B30E->omNode-bootstrap-2-AppendLogResponseHandler: received INCONSISTENCY reply with nextIndex 0, errorCount=1, request=AppendEntriesRequest:cid=34,entriesCount=0
2024-09-18 12:54:53,316 [grpc-default-executor-1] INFO  server.RaftServer$Division (ServerState.java:setRaftConf(386)) - omNode-bootstrap-2@group-0AAC5367B30E: set configuration conf: {index: 0, cur=peers:[omNode-1|localhost:15015]|listeners:[], old=null}
2024-09-18 12:54:53,317 [grpc-default-executor-1] INFO  ratis.OzoneManagerStateMachine (OzoneManagerStateMachine.java:notifyConfigurationChanged(216)) - Received Configuration change notification from Ratis. New Peer list:
[id: "omNode-1"
address: "localhost:15015"
startupRole: FOLLOWER
]
2024-09-18 12:54:53,317 [grpc-default-executor-1] INFO  impl.SnapshotInstallationHandler (SnapshotInstallationHandler.java:installSnapshot(103)) - omNode-bootstrap-2@group-0AAC5367B30E: reply installSnapshot: omNode-1<-omNode-bootstrap-2#0:FAIL-t1,IN_PROGRESS,snapshotIndex=0
2024-09-18 12:54:53,318 [grpc-default-executor-1] INFO  server.GrpcServerProtocolService (GrpcServerProtocolService.java:onCompleted(157)) - omNode-bootstrap-2: Completed INSTALL_SNAPSHOT, lastRequest: omNode-1->omNode-bootstrap-2#0-t1,notify:(t:1, i:0)
2024-09-18 12:54:53,318 [grpc-default-executor-1] INFO  server.GrpcServerProtocolService (GrpcServerProtocolService.java:lambda$onCompleted$5(159)) - omNode-bootstrap-2: Completed INSTALL_SNAPSHOT, lastReply: null
2024-09-18 12:54:53,318 [grpc-default-executor-3] INFO  server.GrpcLogAppender (GrpcLogAppender.java:onNext(649)) - omNode-1@group-0AAC5367B30E->omNode-bootstrap-2-InstallSnapshotResponseHandler: received a reply omNode-1<-omNode-bootstrap-2#0:FAIL-t1,IN_PROGRESS,snapshotIndex=0
2024-09-18 12:54:53,318 [grpc-default-executor-3] INFO  server.GrpcLogAppender (GrpcLogAppender.java:onNext(665)) - omNode-1@group-0AAC5367B30E->omNode-bootstrap-2-InstallSnapshotResponseHandler: InstallSnapshot in progress.
2024-09-18 12:54:53,319 [qtp2083527126-474] INFO  helpers.OmKeyInfo (OmKeyInfo.java:getCodec(72)) - OmKeyInfo.getCodec ignorePipeline = true
2024-09-18 12:54:53,319 [omNode-bootstrap-2-server-thread1] INFO  server.RaftServer$Division (RaftServerImpl.java:checkInconsistentAppendEntries(1629)) - omNode-bootstrap-2@group-0AAC5367B30E: Failed appendEntries as snapshot (0) installation is in progress
2024-09-18 12:54:53,319 [omNode-bootstrap-2-server-thread1] INFO  server.RaftServer$Division (RaftServerImpl.java:appendEntriesAsync(1584)) - omNode-bootstrap-2@group-0AAC5367B30E: appendEntries* reply omNode-1<-omNode-bootstrap-2#35:FAIL-t1,INCONSISTENCY,nextIndex=0,followerCommit=-1,matchIndex=-1
2024-09-18 12:54:53,320 [grpc-default-executor-3] WARN  server.GrpcLogAppender (GrpcLogAppender.java:onNextImpl(519)) - omNode-1@group-0AAC5367B30E->omNode-bootstrap-2-AppendLogResponseHandler: received INCONSISTENCY reply with nextIndex 0, errorCount=1, request=AppendEntriesRequest:cid=35,entriesCount=0
2024-09-18 12:54:53,320 [omNode-1@group-0AAC5367B30E->omNode-bootstrap-2-GrpcLogAppender-LogAppenderDaemon] INFO  server.GrpcLogAppender (GrpcLogAppender.java:notifyInstallSnapshot(790)) - omNode-1@group-0AAC5367B30E->omNode-bootstrap-2-GrpcLogAppender: notifyInstallSnapshot with firstAvailable=(t:1, i:0), followerNextIndex=0
2024-09-18 12:54:53,320 [omNode-1@group-0AAC5367B30E->omNode-bootstrap-2-GrpcLogAppender-LogAppenderDaemon] INFO  server.GrpcLogAppender (GrpcLogAppender.java:notifyInstallSnapshot(798)) - omNode-1@group-0AAC5367B30E->omNode-bootstrap-2-GrpcLogAppender: send omNode-1->omNode-bootstrap-2#0-t1,notify:(t:1, i:0)
2024-09-18 12:54:53,321 [grpc-default-executor-3] INFO  impl.SnapshotInstallationHandler (SnapshotInstallationHandler.java:installSnapshot(92)) - omNode-bootstrap-2@group-0AAC5367B30E: receive installSnapshot: omNode-1->omNode-bootstrap-2#0-t1,notify:(t:1, i:0)
2024-09-18 12:54:53,321 [grpc-default-executor-3] INFO  impl.SnapshotInstallationHandler (SnapshotInstallationHandler.java:installSnapshotImpl(138)) - omNode-bootstrap-2@group-0AAC5367B30E: set new configuration configurationEntry {
  peers {
    id: "omNode-1"
    address: "localhost:15015"
    startupRole: FOLLOWER
  }
}
 from snapshot
2024-09-18 12:54:53,321 [grpc-default-executor-3] INFO  server.RaftServer$Division (ServerState.java:setRaftConf(386)) - omNode-bootstrap-2@group-0AAC5367B30E: set configuration conf: {index: 0, cur=peers:[omNode-1|localhost:15015]|listeners:[], old=null}
2024-09-18 12:54:53,322 [grpc-default-executor-3] INFO  ratis.OzoneManagerStateMachine (OzoneManagerStateMachine.java:notifyConfigurationChanged(216)) - Received Configuration change notification from Ratis. New Peer list:
[id: "omNode-1"
address: "localhost:15015"
startupRole: FOLLOWER
]
2024-09-18 12:54:53,323 [grpc-default-executor-3] INFO  impl.SnapshotInstallationHandler (SnapshotInstallationHandler.java:installSnapshot(103)) - omNode-bootstrap-2@group-0AAC5367B30E: reply installSnapshot: omNode-1<-omNode-bootstrap-2#0:FAIL-t1,IN_PROGRESS,snapshotIndex=0
2024-09-18 12:54:53,323 [grpc-default-executor-3] INFO  server.GrpcServerProtocolService (GrpcServerProtocolService.java:onCompleted(157)) - omNode-bootstrap-2: Completed INSTALL_SNAPSHOT, lastRequest: omNode-1->omNode-bootstrap-2#0-t1,notify:(t:1, i:0)
2024-09-18 12:54:53,323 [grpc-default-executor-3] INFO  server.GrpcServerProtocolService (GrpcServerProtocolService.java:lambda$onCompleted$5(159)) - omNode-bootstrap-2: Completed INSTALL_SNAPSHOT, lastReply: null
2024-09-18 12:54:53,323 [grpc-default-executor-3] INFO  server.GrpcLogAppender (GrpcLogAppender.java:onNext(649)) - omNode-1@group-0AAC5367B30E->omNode-bootstrap-2-InstallSnapshotResponseHandler: received a reply omNode-1<-omNode-bootstrap-2#0:FAIL-t1,IN_PROGRESS,snapshotIndex=0
2024-09-18 12:54:53,324 [grpc-default-executor-3] INFO  server.GrpcLogAppender (GrpcLogAppender.java:onNext(665)) - omNode-1@group-0AAC5367B30E->omNode-bootstrap-2-InstallSnapshotResponseHandler: InstallSnapshot in progress.
2024-09-18 12:54:53,324 [omNode-1@group-0AAC5367B30E->omNode-bootstrap-2-GrpcLogAppender-LogAppenderDaemon] INFO  server.GrpcLogAppender (GrpcLogAppender.java:notifyInstallSnapshot(790)) - omNode-1@group-0AAC5367B30E->omNode-bootstrap-2-GrpcLogAppender: notifyInstallSnapshot with firstAvailable=(t:1, i:0), followerNextIndex=0
2024-09-18 12:54:53,324 [omNode-1@group-0AAC5367B30E->omNode-bootstrap-2-GrpcLogAppender-LogAppenderDaemon] INFO  server.GrpcLogAppender (GrpcLogAppender.java:notifyInstallSnapshot(798)) - omNode-1@group-0AAC5367B30E->omNode-bootstrap-2-GrpcLogAppender: send omNode-1->omNode-bootstrap-2#0-t1,notify:(t:1, i:0)
2024-09-18 12:54:53,325 [omNode-bootstrap-2-server-thread1] INFO  server.RaftServer$Division (RaftServerImpl.java:checkInconsistentAppendEntries(1629)) - omNode-bootstrap-2@group-0AAC5367B30E: Failed appendEntries as snapshot (0) installation is in progress
2024-09-18 12:54:53,325 [omNode-bootstrap-2-server-thread1] INFO  server.RaftServer$Division (RaftServerImpl.java:appendEntriesAsync(1584)) - omNode-bootstrap-2@group-0AAC5367B30E: appendEntries* reply omNode-1<-omNode-bootstrap-2#36:FAIL-t1,INCONSISTENCY,nextIndex=0,followerCommit=-1,matchIndex=-1
2024-09-18 12:54:53,325 [grpc-default-executor-0] INFO  impl.SnapshotInstallationHandler (SnapshotInstallationHandler.java:installSnapshot(92)) - omNode-bootstrap-2@group-0AAC5367B30E: receive installSnapshot: omNode-1->omNode-bootstrap-2#0-t1,notify:(t:1, i:0)
2024-09-18 12:54:53,325 [grpc-default-executor-0] INFO  impl.SnapshotInstallationHandler (SnapshotInstallationHandler.java:installSnapshotImpl(138)) - omNode-bootstrap-2@group-0AAC5367B30E: set new configuration configurationEntry {
  peers {
    id: "omNode-1"
    address: "localhost:15015"
    startupRole: FOLLOWER
  }
}
 from snapshot
2024-09-18 12:54:53,326 [grpc-default-executor-0] INFO  server.RaftServer$Division (ServerState.java:setRaftConf(386)) - omNode-bootstrap-2@group-0AAC5367B30E: set configuration conf: {index: 0, cur=peers:[omNode-1|localhost:15015]|listeners:[], old=null}
2024-09-18 12:54:53,326 [grpc-default-executor-3] WARN  server.GrpcLogAppender (GrpcLogAppender.java:onNextImpl(519)) - omNode-1@group-0AAC5367B30E->omNode-bootstrap-2-AppendLogResponseHandler: received INCONSISTENCY reply with nextIndex 0, errorCount=1, request=AppendEntriesRequest:cid=36,entriesCount=0
2024-09-18 12:54:53,327 [grpc-default-executor-0] INFO  ratis.OzoneManagerStateMachine (OzoneManagerStateMachine.java:notifyConfigurationChanged(216)) - Received Configuration change notification from Ratis. New Peer list:
[id: "omNode-1"
address: "localhost:15015"
startupRole: FOLLOWER
]
2024-09-18 12:54:53,327 [grpc-default-executor-0] INFO  impl.SnapshotInstallationHandler (SnapshotInstallationHandler.java:installSnapshot(103)) - omNode-bootstrap-2@group-0AAC5367B30E: reply installSnapshot: omNode-1<-omNode-bootstrap-2#0:FAIL-t1,IN_PROGRESS,snapshotIndex=0
2024-09-18 12:54:53,327 [grpc-default-executor-0] INFO  server.GrpcServerProtocolService (GrpcServerProtocolService.java:onCompleted(157)) - omNode-bootstrap-2: Completed INSTALL_SNAPSHOT, lastRequest: omNode-1->omNode-bootstrap-2#0-t1,notify:(t:1, i:0)
2024-09-18 12:54:53,327 [grpc-default-executor-0] INFO  server.GrpcServerProtocolService (GrpcServerProtocolService.java:lambda$onCompleted$5(159)) - omNode-bootstrap-2: Completed INSTALL_SNAPSHOT, lastReply: null
2024-09-18 12:54:53,328 [grpc-default-executor-0] INFO  server.GrpcLogAppender (GrpcLogAppender.java:onNext(649)) - omNode-1@group-0AAC5367B30E->omNode-bootstrap-2-InstallSnapshotResponseHandler: received a reply omNode-1<-omNode-bootstrap-2#0:FAIL-t1,IN_PROGRESS,snapshotIndex=0
2024-09-18 12:54:53,328 [grpc-default-executor-0] INFO  server.GrpcLogAppender (GrpcLogAppender.java:onNext(665)) - omNode-1@group-0AAC5367B30E->omNode-bootstrap-2-InstallSnapshotResponseHandler: InstallSnapshot in progress.
2024-09-18 12:54:53,329 [omNode-bootstrap-2-server-thread1] INFO  server.RaftServer$Division (RaftServerImpl.java:checkInconsistentAppendEntries(1629)) - omNode-bootstrap-2@group-0AAC5367B30E: Failed appendEntries as snapshot (0) installation is in progress
2024-09-18 12:54:53,329 [omNode-bootstrap-2-server-thread1] INFO  server.RaftServer$Division (RaftServerImpl.java:appendEntriesAsync(1584)) - omNode-bootstrap-2@group-0AAC5367B30E: appendEntries* reply omNode-1<-omNode-bootstrap-2#37:FAIL-t1,INCONSISTENCY,nextIndex=0,followerCommit=-1,matchIndex=-1
2024-09-18 12:54:53,329 [grpc-default-executor-0] WARN  server.GrpcLogAppender (GrpcLogAppender.java:onNextImpl(519)) - omNode-1@group-0AAC5367B30E->omNode-bootstrap-2-AppendLogResponseHandler: received INCONSISTENCY reply with nextIndex 0, errorCount=1, request=AppendEntriesRequest:cid=37,entriesCount=0
2024-09-18 12:54:53,330 [omNode-1@group-0AAC5367B30E->omNode-bootstrap-2-GrpcLogAppender-LogAppenderDaemon] INFO  server.GrpcLogAppender (GrpcLogAppender.java:notifyInstallSnapshot(790)) - omNode-1@group-0AAC5367B30E->omNode-bootstrap-2-GrpcLogAppender: notifyInstallSnapshot with firstAvailable=(t:1, i:0), followerNextIndex=0
2024-09-18 12:54:53,330 [omNode-1@group-0AAC5367B30E->omNode-bootstrap-2-GrpcLogAppender-LogAppenderDaemon] INFO  server.GrpcLogAppender (GrpcLogAppender.java:notifyInstallSnapshot(798)) - omNode-1@group-0AAC5367B30E->omNode-bootstrap-2-GrpcLogAppender: send omNode-1->omNode-bootstrap-2#0-t1,notify:(t:1, i:0)
2024-09-18 12:54:53,331 [grpc-default-executor-0] INFO  impl.SnapshotInstallationHandler (SnapshotInstallationHandler.java:installSnapshot(92)) - omNode-bootstrap-2@group-0AAC5367B30E: receive installSnapshot: omNode-1->omNode-bootstrap-2#0-t1,notify:(t:1, i:0)
2024-09-18 12:54:53,331 [grpc-default-executor-0] INFO  impl.SnapshotInstallationHandler (SnapshotInstallationHandler.java:installSnapshotImpl(138)) - omNode-bootstrap-2@group-0AAC5367B30E: set new configuration configurationEntry {
  peers {
    id: "omNode-1"
    address: "localhost:15015"
    startupRole: FOLLOWER
  }
}
 from snapshot
2024-09-18 12:54:53,331 [grpc-default-executor-0] INFO  server.RaftServer$Division (ServerState.java:setRaftConf(386)) - omNode-bootstrap-2@group-0AAC5367B30E: set configuration conf: {index: 0, cur=peers:[omNode-1|localhost:15015]|listeners:[], old=null}
2024-09-18 12:54:53,333 [grpc-default-executor-0] INFO  ratis.OzoneManagerStateMachine (OzoneManagerStateMachine.java:notifyConfigurationChanged(216)) - Received Configuration change notification from Ratis. New Peer list:
[id: "omNode-1"
address: "localhost:15015"
startupRole: FOLLOWER
]
2024-09-18 12:54:53,333 [grpc-default-executor-0] INFO  impl.SnapshotInstallationHandler (SnapshotInstallationHandler.java:installSnapshot(103)) - omNode-bootstrap-2@group-0AAC5367B30E: reply installSnapshot: omNode-1<-omNode-bootstrap-2#0:FAIL-t1,IN_PROGRESS,snapshotIndex=0
2024-09-18 12:54:53,333 [grpc-default-executor-0] INFO  server.GrpcServerProtocolService (GrpcServerProtocolService.java:onCompleted(157)) - omNode-bootstrap-2: Completed INSTALL_SNAPSHOT, lastRequest: omNode-1->omNode-bootstrap-2#0-t1,notify:(t:1, i:0)
2024-09-18 12:54:53,333 [grpc-default-executor-0] INFO  server.GrpcServerProtocolService (GrpcServerProtocolService.java:lambda$onCompleted$5(159)) - omNode-bootstrap-2: Completed INSTALL_SNAPSHOT, lastReply: null
2024-09-18 12:54:53,334 [grpc-default-executor-3] INFO  server.GrpcLogAppender (GrpcLogAppender.java:onNext(649)) - omNode-1@group-0AAC5367B30E->omNode-bootstrap-2-InstallSnapshotResponseHandler: received a reply omNode-1<-omNode-bootstrap-2#0:FAIL-t1,IN_PROGRESS,snapshotIndex=0
2024-09-18 12:54:53,334 [grpc-default-executor-3] INFO  server.GrpcLogAppender (GrpcLogAppender.java:onNext(665)) - omNode-1@group-0AAC5367B30E->omNode-bootstrap-2-InstallSnapshotResponseHandler: InstallSnapshot in progress.
2024-09-18 12:54:53,335 [omNode-bootstrap-2-server-thread1] INFO  server.RaftServer$Division (RaftServerImpl.java:checkInconsistentAppendEntries(1629)) - omNode-bootstrap-2@group-0AAC5367B30E: Failed appendEntries as snapshot (0) installation is in progress
2024-09-18 12:54:53,335 [omNode-bootstrap-2-server-thread1] INFO  server.RaftServer$Division (RaftServerImpl.java:appendEntriesAsync(1584)) - omNode-bootstrap-2@group-0AAC5367B30E: appendEntries* reply omNode-1<-omNode-bootstrap-2#38:FAIL-t1,INCONSISTENCY,nextIndex=0,followerCommit=-1,matchIndex=-1
2024-09-18 12:54:53,335 [grpc-default-executor-3] WARN  server.GrpcLogAppender (GrpcLogAppender.java:onNextImpl(519)) - omNode-1@group-0AAC5367B30E->omNode-bootstrap-2-AppendLogResponseHandler: received INCONSISTENCY reply with nextIndex 0, errorCount=1, request=AppendEntriesRequest:cid=38,entriesCount=0
2024-09-18 12:54:53,335 [omNode-1@group-0AAC5367B30E->omNode-bootstrap-2-GrpcLogAppender-LogAppenderDaemon] INFO  server.GrpcLogAppender (GrpcLogAppender.java:notifyInstallSnapshot(790)) - omNode-1@group-0AAC5367B30E->omNode-bootstrap-2-GrpcLogAppender: notifyInstallSnapshot with firstAvailable=(t:1, i:0), followerNextIndex=0
2024-09-18 12:54:53,335 [omNode-1@group-0AAC5367B30E->omNode-bootstrap-2-GrpcLogAppender-LogAppenderDaemon] INFO  server.GrpcLogAppender (GrpcLogAppender.java:notifyInstallSnapshot(798)) - omNode-1@group-0AAC5367B30E->omNode-bootstrap-2-GrpcLogAppender: send omNode-1->omNode-bootstrap-2#0-t1,notify:(t:1, i:0)
2024-09-18 12:54:53,337 [grpc-default-executor-3] INFO  impl.SnapshotInstallationHandler (SnapshotInstallationHandler.java:installSnapshot(92)) - omNode-bootstrap-2@group-0AAC5367B30E: receive installSnapshot: omNode-1->omNode-bootstrap-2#0-t1,notify:(t:1, i:0)
2024-09-18 12:54:53,337 [grpc-default-executor-3] INFO  impl.SnapshotInstallationHandler (SnapshotInstallationHandler.java:installSnapshotImpl(138)) - omNode-bootstrap-2@group-0AAC5367B30E: set new configuration configurationEntry {
  peers {
    id: "omNode-1"
    address: "localhost:15015"
    startupRole: FOLLOWER
  }
}
 from snapshot
2024-09-18 12:54:53,338 [grpc-default-executor-3] INFO  server.RaftServer$Division (ServerState.java:setRaftConf(386)) - omNode-bootstrap-2@group-0AAC5367B30E: set configuration conf: {index: 0, cur=peers:[omNode-1|localhost:15015]|listeners:[], old=null}
2024-09-18 12:54:53,339 [grpc-default-executor-3] INFO  ratis.OzoneManagerStateMachine (OzoneManagerStateMachine.java:notifyConfigurationChanged(216)) - Received Configuration change notification from Ratis. New Peer list:
[id: "omNode-1"
address: "localhost:15015"
startupRole: FOLLOWER
]
2024-09-18 12:54:53,339 [grpc-default-executor-3] INFO  impl.SnapshotInstallationHandler (SnapshotInstallationHandler.java:installSnapshot(103)) - omNode-bootstrap-2@group-0AAC5367B30E: reply installSnapshot: omNode-1<-omNode-bootstrap-2#0:FAIL-t1,IN_PROGRESS,snapshotIndex=0
2024-09-18 12:54:53,339 [grpc-default-executor-3] INFO  server.GrpcServerProtocolService (GrpcServerProtocolService.java:onCompleted(157)) - omNode-bootstrap-2: Completed INSTALL_SNAPSHOT, lastRequest: omNode-1->omNode-bootstrap-2#0-t1,notify:(t:1, i:0)
2024-09-18 12:54:53,339 [grpc-default-executor-3] INFO  server.GrpcServerProtocolService (GrpcServerProtocolService.java:lambda$onCompleted$5(159)) - omNode-bootstrap-2: Completed INSTALL_SNAPSHOT, lastReply: null
2024-09-18 12:54:53,341 [grpc-default-executor-3] INFO  server.GrpcLogAppender (GrpcLogAppender.java:onNext(649)) - omNode-1@group-0AAC5367B30E->omNode-bootstrap-2-InstallSnapshotResponseHandler: received a reply omNode-1<-omNode-bootstrap-2#0:FAIL-t1,IN_PROGRESS,snapshotIndex=0
2024-09-18 12:54:53,341 [grpc-default-executor-3] INFO  server.GrpcLogAppender (GrpcLogAppender.java:onNext(665)) - omNode-1@group-0AAC5367B30E->omNode-bootstrap-2-InstallSnapshotResponseHandler: InstallSnapshot in progress.
2024-09-18 12:54:53,342 [omNode-1@group-0AAC5367B30E->omNode-bootstrap-2-GrpcLogAppender-LogAppenderDaemon] INFO  server.GrpcLogAppender (GrpcLogAppender.java:notifyInstallSnapshot(790)) - omNode-1@group-0AAC5367B30E->omNode-bootstrap-2-GrpcLogAppender: notifyInstallSnapshot with firstAvailable=(t:1, i:0), followerNextIndex=0
2024-09-18 12:54:53,342 [omNode-1@group-0AAC5367B30E->omNode-bootstrap-2-GrpcLogAppender-LogAppenderDaemon] INFO  server.GrpcLogAppender (GrpcLogAppender.java:notifyInstallSnapshot(798)) - omNode-1@group-0AAC5367B30E->omNode-bootstrap-2-GrpcLogAppender: send omNode-1->omNode-bootstrap-2#0-t1,notify:(t:1, i:0)
2024-09-18 12:54:53,342 [omNode-bootstrap-2-server-thread1] INFO  server.RaftServer$Division (RaftServerImpl.java:checkInconsistentAppendEntries(1629)) - omNode-bootstrap-2@group-0AAC5367B30E: Failed appendEntries as snapshot (0) installation is in progress
2024-09-18 12:54:53,342 [omNode-bootstrap-2-server-thread1] INFO  server.RaftServer$Division (RaftServerImpl.java:appendEntriesAsync(1584)) - omNode-bootstrap-2@group-0AAC5367B30E: appendEntries* reply omNode-1<-omNode-bootstrap-2#39:FAIL-t1,INCONSISTENCY,nextIndex=0,followerCommit=-1,matchIndex=-1
2024-09-18 12:54:53,345 [grpc-default-executor-3] INFO  impl.SnapshotInstallationHandler (SnapshotInstallationHandler.java:installSnapshot(92)) - omNode-bootstrap-2@group-0AAC5367B30E: receive installSnapshot: omNode-1->omNode-bootstrap-2#0-t1,notify:(t:1, i:0)
2024-09-18 12:54:53,345 [grpc-default-executor-1] WARN  server.GrpcLogAppender (GrpcLogAppender.java:onNextImpl(519)) - omNode-1@group-0AAC5367B30E->omNode-bootstrap-2-AppendLogResponseHandler: received INCONSISTENCY reply with nextIndex 0, errorCount=1, request=AppendEntriesRequest:cid=39,entriesCount=0
2024-09-18 12:54:53,346 [grpc-default-executor-3] INFO  impl.SnapshotInstallationHandler (SnapshotInstallationHandler.java:installSnapshotImpl(138)) - omNode-bootstrap-2@group-0AAC5367B30E: set new configuration configurationEntry {
  peers {
    id: "omNode-1"
    address: "localhost:15015"
    startupRole: FOLLOWER
  }
}
 from snapshot
2024-09-18 12:54:53,346 [grpc-default-executor-3] INFO  server.RaftServer$Division (ServerState.java:setRaftConf(386)) - omNode-bootstrap-2@group-0AAC5367B30E: set configuration conf: {index: 0, cur=peers:[omNode-1|localhost:15015]|listeners:[], old=null}
2024-09-18 12:54:53,347 [grpc-default-executor-3] INFO  ratis.OzoneManagerStateMachine (OzoneManagerStateMachine.java:notifyConfigurationChanged(216)) - Received Configuration change notification from Ratis. New Peer list:
[id: "omNode-1"
address: "localhost:15015"
startupRole: FOLLOWER
]
2024-09-18 12:54:53,347 [grpc-default-executor-3] INFO  impl.SnapshotInstallationHandler (SnapshotInstallationHandler.java:installSnapshot(103)) - omNode-bootstrap-2@group-0AAC5367B30E: reply installSnapshot: omNode-1<-omNode-bootstrap-2#0:FAIL-t1,IN_PROGRESS,snapshotIndex=0
2024-09-18 12:54:53,347 [grpc-default-executor-3] INFO  server.GrpcServerProtocolService (GrpcServerProtocolService.java:onCompleted(157)) - omNode-bootstrap-2: Completed INSTALL_SNAPSHOT, lastRequest: omNode-1->omNode-bootstrap-2#0-t1,notify:(t:1, i:0)
2024-09-18 12:54:53,347 [grpc-default-executor-3] INFO  server.GrpcServerProtocolService (GrpcServerProtocolService.java:lambda$onCompleted$5(159)) - omNode-bootstrap-2: Completed INSTALL_SNAPSHOT, lastReply: null
2024-09-18 12:54:53,348 [grpc-default-executor-1] INFO  server.GrpcLogAppender (GrpcLogAppender.java:onNext(649)) - omNode-1@group-0AAC5367B30E->omNode-bootstrap-2-InstallSnapshotResponseHandler: received a reply omNode-1<-omNode-bootstrap-2#0:FAIL-t1,IN_PROGRESS,snapshotIndex=0
2024-09-18 12:54:53,348 [grpc-default-executor-1] INFO  server.GrpcLogAppender (GrpcLogAppender.java:onNext(665)) - omNode-1@group-0AAC5367B30E->omNode-bootstrap-2-InstallSnapshotResponseHandler: InstallSnapshot in progress.
2024-09-18 12:54:53,348 [omNode-1@group-0AAC5367B30E->omNode-bootstrap-2-GrpcLogAppender-LogAppenderDaemon] INFO  server.GrpcLogAppender (GrpcLogAppender.java:notifyInstallSnapshot(790)) - omNode-1@group-0AAC5367B30E->omNode-bootstrap-2-GrpcLogAppender: notifyInstallSnapshot with firstAvailable=(t:1, i:0), followerNextIndex=0
2024-09-18 12:54:53,348 [omNode-1@group-0AAC5367B30E->omNode-bootstrap-2-GrpcLogAppender-LogAppenderDaemon] INFO  server.GrpcLogAppender (GrpcLogAppender.java:notifyInstallSnapshot(798)) - omNode-1@group-0AAC5367B30E->omNode-bootstrap-2-GrpcLogAppender: send omNode-1->omNode-bootstrap-2#0-t1,notify:(t:1, i:0)
2024-09-18 12:54:53,349 [omNode-bootstrap-2-server-thread1] INFO  server.RaftServer$Division (RaftServerImpl.java:checkInconsistentAppendEntries(1629)) - omNode-bootstrap-2@group-0AAC5367B30E: Failed appendEntries as snapshot (0) installation is in progress
2024-09-18 12:54:53,350 [omNode-bootstrap-2-server-thread1] INFO  server.RaftServer$Division (RaftServerImpl.java:appendEntriesAsync(1584)) - omNode-bootstrap-2@group-0AAC5367B30E: appendEntries* reply omNode-1<-omNode-bootstrap-2#40:FAIL-t1,INCONSISTENCY,nextIndex=0,followerCommit=-1,matchIndex=-1
2024-09-18 12:54:53,350 [grpc-default-executor-1] INFO  impl.SnapshotInstallationHandler (SnapshotInstallationHandler.java:installSnapshot(92)) - omNode-bootstrap-2@group-0AAC5367B30E: receive installSnapshot: omNode-1->omNode-bootstrap-2#0-t1,notify:(t:1, i:0)
2024-09-18 12:54:53,350 [grpc-default-executor-1] INFO  impl.SnapshotInstallationHandler (SnapshotInstallationHandler.java:installSnapshotImpl(138)) - omNode-bootstrap-2@group-0AAC5367B30E: set new configuration configurationEntry {
  peers {
    id: "omNode-1"
    address: "localhost:15015"
    startupRole: FOLLOWER
  }
}
 from snapshot
2024-09-18 12:54:53,350 [grpc-default-executor-1] INFO  server.RaftServer$Division (ServerState.java:setRaftConf(386)) - omNode-bootstrap-2@group-0AAC5367B30E: set configuration conf: {index: 0, cur=peers:[omNode-1|localhost:15015]|listeners:[], old=null}
2024-09-18 12:54:53,351 [grpc-default-executor-3] WARN  server.GrpcLogAppender (GrpcLogAppender.java:onNextImpl(519)) - omNode-1@group-0AAC5367B30E->omNode-bootstrap-2-AppendLogResponseHandler: received INCONSISTENCY reply with nextIndex 0, errorCount=1, request=AppendEntriesRequest:cid=40,entriesCount=0
2024-09-18 12:54:53,351 [grpc-default-executor-1] INFO  ratis.OzoneManagerStateMachine (OzoneManagerStateMachine.java:notifyConfigurationChanged(216)) - Received Configuration change notification from Ratis. New Peer list:
[id: "omNode-1"
address: "localhost:15015"
startupRole: FOLLOWER
]
2024-09-18 12:54:53,352 [grpc-default-executor-1] INFO  impl.SnapshotInstallationHandler (SnapshotInstallationHandler.java:installSnapshot(103)) - omNode-bootstrap-2@group-0AAC5367B30E: reply installSnapshot: omNode-1<-omNode-bootstrap-2#0:FAIL-t1,IN_PROGRESS,snapshotIndex=0
2024-09-18 12:54:53,353 [grpc-default-executor-1] INFO  server.GrpcServerProtocolService (GrpcServerProtocolService.java:onCompleted(157)) - omNode-bootstrap-2: Completed INSTALL_SNAPSHOT, lastRequest: omNode-1->omNode-bootstrap-2#0-t1,notify:(t:1, i:0)
2024-09-18 12:54:53,353 [grpc-default-executor-1] INFO  server.GrpcServerProtocolService (GrpcServerProtocolService.java:lambda$onCompleted$5(159)) - omNode-bootstrap-2: Completed INSTALL_SNAPSHOT, lastReply: null
2024-09-18 12:54:53,354 [grpc-default-executor-1] INFO  server.GrpcLogAppender (GrpcLogAppender.java:onNext(649)) - omNode-1@group-0AAC5367B30E->omNode-bootstrap-2-InstallSnapshotResponseHandler: received a reply omNode-1<-omNode-bootstrap-2#0:FAIL-t1,IN_PROGRESS,snapshotIndex=0
2024-09-18 12:54:53,354 [grpc-default-executor-1] INFO  server.GrpcLogAppender (GrpcLogAppender.java:onNext(665)) - omNode-1@group-0AAC5367B30E->omNode-bootstrap-2-InstallSnapshotResponseHandler: InstallSnapshot in progress.
2024-09-18 12:54:53,354 [omNode-bootstrap-2-server-thread1] INFO  server.RaftServer$Division (RaftServerImpl.java:checkInconsistentAppendEntries(1629)) - omNode-bootstrap-2@group-0AAC5367B30E: Failed appendEntries as snapshot (0) installation is in progress
2024-09-18 12:54:53,354 [omNode-bootstrap-2-server-thread1] INFO  server.RaftServer$Division (RaftServerImpl.java:appendEntriesAsync(1584)) - omNode-bootstrap-2@group-0AAC5367B30E: appendEntries* reply omNode-1<-omNode-bootstrap-2#41:FAIL-t1,INCONSISTENCY,nextIndex=0,followerCommit=-1,matchIndex=-1
2024-09-18 12:54:53,355 [grpc-default-executor-3] WARN  server.GrpcLogAppender (GrpcLogAppender.java:onNextImpl(519)) - omNode-1@group-0AAC5367B30E->omNode-bootstrap-2-AppendLogResponseHandler: received INCONSISTENCY reply with nextIndex 0, errorCount=1, request=AppendEntriesRequest:cid=41,entriesCount=0
2024-09-18 12:54:53,355 [omNode-1@group-0AAC5367B30E->omNode-bootstrap-2-GrpcLogAppender-LogAppenderDaemon] INFO  server.GrpcLogAppender (GrpcLogAppender.java:notifyInstallSnapshot(790)) - omNode-1@group-0AAC5367B30E->omNode-bootstrap-2-GrpcLogAppender: notifyInstallSnapshot with firstAvailable=(t:1, i:0), followerNextIndex=0
2024-09-18 12:54:53,355 [omNode-1@group-0AAC5367B30E->omNode-bootstrap-2-GrpcLogAppender-LogAppenderDaemon] INFO  server.GrpcLogAppender (GrpcLogAppender.java:notifyInstallSnapshot(798)) - omNode-1@group-0AAC5367B30E->omNode-bootstrap-2-GrpcLogAppender: send omNode-1->omNode-bootstrap-2#0-t1,notify:(t:1, i:0)
2024-09-18 12:54:53,357 [grpc-default-executor-1] INFO  impl.SnapshotInstallationHandler (SnapshotInstallationHandler.java:installSnapshot(92)) - omNode-bootstrap-2@group-0AAC5367B30E: receive installSnapshot: omNode-1->omNode-bootstrap-2#0-t1,notify:(t:1, i:0)
2024-09-18 12:54:53,357 [grpc-default-executor-1] INFO  impl.SnapshotInstallationHandler (SnapshotInstallationHandler.java:installSnapshotImpl(138)) - omNode-bootstrap-2@group-0AAC5367B30E: set new configuration configurationEntry {
  peers {
    id: "omNode-1"
    address: "localhost:15015"
    startupRole: FOLLOWER
  }
}
 from snapshot
2024-09-18 12:54:53,357 [grpc-default-executor-1] INFO  server.RaftServer$Division (ServerState.java:setRaftConf(386)) - omNode-bootstrap-2@group-0AAC5367B30E: set configuration conf: {index: 0, cur=peers:[omNode-1|localhost:15015]|listeners:[], old=null}
2024-09-18 12:54:53,359 [grpc-default-executor-1] INFO  ratis.OzoneManagerStateMachine (OzoneManagerStateMachine.java:notifyConfigurationChanged(216)) - Received Configuration change notification from Ratis. New Peer list:
[id: "omNode-1"
address: "localhost:15015"
startupRole: FOLLOWER
]
2024-09-18 12:54:53,359 [grpc-default-executor-1] INFO  impl.SnapshotInstallationHandler (SnapshotInstallationHandler.java:installSnapshot(103)) - omNode-bootstrap-2@group-0AAC5367B30E: reply installSnapshot: omNode-1<-omNode-bootstrap-2#0:FAIL-t1,IN_PROGRESS,snapshotIndex=0
2024-09-18 12:54:53,359 [grpc-default-executor-1] INFO  server.GrpcServerProtocolService (GrpcServerProtocolService.java:onCompleted(157)) - omNode-bootstrap-2: Completed INSTALL_SNAPSHOT, lastRequest: omNode-1->omNode-bootstrap-2#0-t1,notify:(t:1, i:0)
2024-09-18 12:54:53,359 [grpc-default-executor-1] INFO  server.GrpcServerProtocolService (GrpcServerProtocolService.java:lambda$onCompleted$5(159)) - omNode-bootstrap-2: Completed INSTALL_SNAPSHOT, lastReply: null
2024-09-18 12:54:53,361 [grpc-default-executor-1] INFO  server.GrpcLogAppender (GrpcLogAppender.java:onNext(649)) - omNode-1@group-0AAC5367B30E->omNode-bootstrap-2-InstallSnapshotResponseHandler: received a reply omNode-1<-omNode-bootstrap-2#0:FAIL-t1,IN_PROGRESS,snapshotIndex=0
2024-09-18 12:54:53,361 [grpc-default-executor-1] INFO  server.GrpcLogAppender (GrpcLogAppender.java:onNext(665)) - omNode-1@group-0AAC5367B30E->omNode-bootstrap-2-InstallSnapshotResponseHandler: InstallSnapshot in progress.
2024-09-18 12:54:53,362 [omNode-bootstrap-2-server-thread1] INFO  server.RaftServer$Division (RaftServerImpl.java:checkInconsistentAppendEntries(1629)) - omNode-bootstrap-2@group-0AAC5367B30E: Failed appendEntries as snapshot (0) installation is in progress
2024-09-18 12:54:53,362 [omNode-bootstrap-2-server-thread1] INFO  server.RaftServer$Division (RaftServerImpl.java:appendEntriesAsync(1584)) - omNode-bootstrap-2@group-0AAC5367B30E: appendEntries* reply omNode-1<-omNode-bootstrap-2#42:FAIL-t1,INCONSISTENCY,nextIndex=0,followerCommit=-1,matchIndex=-1
2024-09-18 12:54:53,362 [omNode-1@group-0AAC5367B30E->omNode-bootstrap-2-GrpcLogAppender-LogAppenderDaemon] INFO  server.GrpcLogAppender (GrpcLogAppender.java:notifyInstallSnapshot(790)) - omNode-1@group-0AAC5367B30E->omNode-bootstrap-2-GrpcLogAppender: notifyInstallSnapshot with firstAvailable=(t:1, i:0), followerNextIndex=0
2024-09-18 12:54:53,362 [omNode-1@group-0AAC5367B30E->omNode-bootstrap-2-GrpcLogAppender-LogAppenderDaemon] INFO  server.GrpcLogAppender (GrpcLogAppender.java:notifyInstallSnapshot(798)) - omNode-1@group-0AAC5367B30E->omNode-bootstrap-2-GrpcLogAppender: send omNode-1->omNode-bootstrap-2#0-t1,notify:(t:1, i:0)
2024-09-18 12:54:53,362 [grpc-default-executor-1] WARN  server.GrpcLogAppender (GrpcLogAppender.java:onNextImpl(519)) - omNode-1@group-0AAC5367B30E->omNode-bootstrap-2-AppendLogResponseHandler: received INCONSISTENCY reply with nextIndex 0, errorCount=1, request=AppendEntriesRequest:cid=42,entriesCount=0
2024-09-18 12:54:53,364 [grpc-default-executor-1] INFO  impl.SnapshotInstallationHandler (SnapshotInstallationHandler.java:installSnapshot(92)) - omNode-bootstrap-2@group-0AAC5367B30E: receive installSnapshot: omNode-1->omNode-bootstrap-2#0-t1,notify:(t:1, i:0)
2024-09-18 12:54:53,364 [grpc-default-executor-1] INFO  impl.SnapshotInstallationHandler (SnapshotInstallationHandler.java:installSnapshotImpl(138)) - omNode-bootstrap-2@group-0AAC5367B30E: set new configuration configurationEntry {
  peers {
    id: "omNode-1"
    address: "localhost:15015"
    startupRole: FOLLOWER
  }
}
 from snapshot
2024-09-18 12:54:53,364 [grpc-default-executor-1] INFO  server.RaftServer$Division (ServerState.java:setRaftConf(386)) - omNode-bootstrap-2@group-0AAC5367B30E: set configuration conf: {index: 0, cur=peers:[omNode-1|localhost:15015]|listeners:[], old=null}
2024-09-18 12:54:53,365 [grpc-default-executor-1] INFO  ratis.OzoneManagerStateMachine (OzoneManagerStateMachine.java:notifyConfigurationChanged(216)) - Received Configuration change notification from Ratis. New Peer list:
[id: "omNode-1"
address: "localhost:15015"
startupRole: FOLLOWER
]
2024-09-18 12:54:53,365 [grpc-default-executor-1] INFO  impl.SnapshotInstallationHandler (SnapshotInstallationHandler.java:installSnapshot(103)) - omNode-bootstrap-2@group-0AAC5367B30E: reply installSnapshot: omNode-1<-omNode-bootstrap-2#0:FAIL-t1,IN_PROGRESS,snapshotIndex=0
2024-09-18 12:54:53,365 [grpc-default-executor-1] INFO  server.GrpcServerProtocolService (GrpcServerProtocolService.java:onCompleted(157)) - omNode-bootstrap-2: Completed INSTALL_SNAPSHOT, lastRequest: omNode-1->omNode-bootstrap-2#0-t1,notify:(t:1, i:0)
2024-09-18 12:54:53,365 [grpc-default-executor-1] INFO  server.GrpcServerProtocolService (GrpcServerProtocolService.java:lambda$onCompleted$5(159)) - omNode-bootstrap-2: Completed INSTALL_SNAPSHOT, lastReply: null
2024-09-18 12:54:53,368 [grpc-default-executor-0] INFO  server.GrpcLogAppender (GrpcLogAppender.java:onNext(649)) - omNode-1@group-0AAC5367B30E->omNode-bootstrap-2-InstallSnapshotResponseHandler: received a reply omNode-1<-omNode-bootstrap-2#0:FAIL-t1,IN_PROGRESS,snapshotIndex=0
2024-09-18 12:54:53,368 [grpc-default-executor-0] INFO  server.GrpcLogAppender (GrpcLogAppender.java:onNext(665)) - omNode-1@group-0AAC5367B30E->omNode-bootstrap-2-InstallSnapshotResponseHandler: InstallSnapshot in progress.
2024-09-18 12:54:53,368 [omNode-1@group-0AAC5367B30E->omNode-bootstrap-2-GrpcLogAppender-LogAppenderDaemon] INFO  server.GrpcLogAppender (GrpcLogAppender.java:notifyInstallSnapshot(790)) - omNode-1@group-0AAC5367B30E->omNode-bootstrap-2-GrpcLogAppender: notifyInstallSnapshot with firstAvailable=(t:1, i:0), followerNextIndex=0
2024-09-18 12:54:53,368 [omNode-1@group-0AAC5367B30E->omNode-bootstrap-2-GrpcLogAppender-LogAppenderDaemon] INFO  server.GrpcLogAppender (GrpcLogAppender.java:notifyInstallSnapshot(798)) - omNode-1@group-0AAC5367B30E->omNode-bootstrap-2-GrpcLogAppender: send omNode-1->omNode-bootstrap-2#0-t1,notify:(t:1, i:0)
2024-09-18 12:54:53,369 [omNode-bootstrap-2-server-thread1] INFO  server.RaftServer$Division (RaftServerImpl.java:checkInconsistentAppendEntries(1629)) - omNode-bootstrap-2@group-0AAC5367B30E: Failed appendEntries as snapshot (0) installation is in progress
2024-09-18 12:54:53,369 [omNode-bootstrap-2-server-thread1] INFO  server.RaftServer$Division (RaftServerImpl.java:appendEntriesAsync(1584)) - omNode-bootstrap-2@group-0AAC5367B30E: appendEntries* reply omNode-1<-omNode-bootstrap-2#43:FAIL-t1,INCONSISTENCY,nextIndex=0,followerCommit=-1,matchIndex=-1
2024-09-18 12:54:53,369 [grpc-default-executor-1] INFO  impl.SnapshotInstallationHandler (SnapshotInstallationHandler.java:installSnapshot(92)) - omNode-bootstrap-2@group-0AAC5367B30E: receive installSnapshot: omNode-1->omNode-bootstrap-2#0-t1,notify:(t:1, i:0)
2024-09-18 12:54:53,370 [grpc-default-executor-1] INFO  impl.SnapshotInstallationHandler (SnapshotInstallationHandler.java:installSnapshotImpl(138)) - omNode-bootstrap-2@group-0AAC5367B30E: set new configuration configurationEntry {
  peers {
    id: "omNode-1"
    address: "localhost:15015"
    startupRole: FOLLOWER
  }
}
 from snapshot
2024-09-18 12:54:53,370 [grpc-default-executor-0] WARN  server.GrpcLogAppender (GrpcLogAppender.java:onNextImpl(519)) - omNode-1@group-0AAC5367B30E->omNode-bootstrap-2-AppendLogResponseHandler: received INCONSISTENCY reply with nextIndex 0, errorCount=1, request=AppendEntriesRequest:cid=43,entriesCount=0
2024-09-18 12:54:53,370 [grpc-default-executor-1] INFO  server.RaftServer$Division (ServerState.java:setRaftConf(386)) - omNode-bootstrap-2@group-0AAC5367B30E: set configuration conf: {index: 0, cur=peers:[omNode-1|localhost:15015]|listeners:[], old=null}
2024-09-18 12:54:53,371 [grpc-default-executor-1] INFO  ratis.OzoneManagerStateMachine (OzoneManagerStateMachine.java:notifyConfigurationChanged(216)) - Received Configuration change notification from Ratis. New Peer list:
[id: "omNode-1"
address: "localhost:15015"
startupRole: FOLLOWER
]
2024-09-18 12:54:53,371 [grpc-default-executor-1] INFO  impl.SnapshotInstallationHandler (SnapshotInstallationHandler.java:installSnapshot(103)) - omNode-bootstrap-2@group-0AAC5367B30E: reply installSnapshot: omNode-1<-omNode-bootstrap-2#0:FAIL-t1,IN_PROGRESS,snapshotIndex=0
2024-09-18 12:54:53,371 [grpc-default-executor-1] INFO  server.GrpcServerProtocolService (GrpcServerProtocolService.java:onCompleted(157)) - omNode-bootstrap-2: Completed INSTALL_SNAPSHOT, lastRequest: omNode-1->omNode-bootstrap-2#0-t1,notify:(t:1, i:0)
2024-09-18 12:54:53,371 [grpc-default-executor-1] INFO  server.GrpcServerProtocolService (GrpcServerProtocolService.java:lambda$onCompleted$5(159)) - omNode-bootstrap-2: Completed INSTALL_SNAPSHOT, lastReply: null
2024-09-18 12:54:53,372 [grpc-default-executor-0] INFO  server.GrpcLogAppender (GrpcLogAppender.java:onNext(649)) - omNode-1@group-0AAC5367B30E->omNode-bootstrap-2-InstallSnapshotResponseHandler: received a reply omNode-1<-omNode-bootstrap-2#0:FAIL-t1,IN_PROGRESS,snapshotIndex=0
2024-09-18 12:54:53,372 [grpc-default-executor-0] INFO  server.GrpcLogAppender (GrpcLogAppender.java:onNext(665)) - omNode-1@group-0AAC5367B30E->omNode-bootstrap-2-InstallSnapshotResponseHandler: InstallSnapshot in progress.
2024-09-18 12:54:53,373 [omNode-bootstrap-2-server-thread1] INFO  server.RaftServer$Division (RaftServerImpl.java:checkInconsistentAppendEntries(1629)) - omNode-bootstrap-2@group-0AAC5367B30E: Failed appendEntries as snapshot (0) installation is in progress
2024-09-18 12:54:53,373 [omNode-bootstrap-2-server-thread1] INFO  server.RaftServer$Division (RaftServerImpl.java:appendEntriesAsync(1584)) - omNode-bootstrap-2@group-0AAC5367B30E: appendEntries* reply omNode-1<-omNode-bootstrap-2#44:FAIL-t1,INCONSISTENCY,nextIndex=0,followerCommit=-1,matchIndex=-1
2024-09-18 12:54:53,373 [omNode-1@group-0AAC5367B30E->omNode-bootstrap-2-GrpcLogAppender-LogAppenderDaemon] INFO  server.GrpcLogAppender (GrpcLogAppender.java:notifyInstallSnapshot(790)) - omNode-1@group-0AAC5367B30E->omNode-bootstrap-2-GrpcLogAppender: notifyInstallSnapshot with firstAvailable=(t:1, i:0), followerNextIndex=0
2024-09-18 12:54:53,373 [omNode-1@group-0AAC5367B30E->omNode-bootstrap-2-GrpcLogAppender-LogAppenderDaemon] INFO  server.GrpcLogAppender (GrpcLogAppender.java:notifyInstallSnapshot(798)) - omNode-1@group-0AAC5367B30E->omNode-bootstrap-2-GrpcLogAppender: send omNode-1->omNode-bootstrap-2#0-t1,notify:(t:1, i:0)
2024-09-18 12:54:53,374 [grpc-default-executor-0] WARN  server.GrpcLogAppender (GrpcLogAppender.java:onNextImpl(519)) - omNode-1@group-0AAC5367B30E->omNode-bootstrap-2-AppendLogResponseHandler: received INCONSISTENCY reply with nextIndex 0, errorCount=1, request=AppendEntriesRequest:cid=44,entriesCount=0
2024-09-18 12:54:53,374 [grpc-default-executor-1] INFO  impl.SnapshotInstallationHandler (SnapshotInstallationHandler.java:installSnapshot(92)) - omNode-bootstrap-2@group-0AAC5367B30E: receive installSnapshot: omNode-1->omNode-bootstrap-2#0-t1,notify:(t:1, i:0)
2024-09-18 12:54:53,374 [grpc-default-executor-1] INFO  impl.SnapshotInstallationHandler (SnapshotInstallationHandler.java:installSnapshotImpl(138)) - omNode-bootstrap-2@group-0AAC5367B30E: set new configuration configurationEntry {
  peers {
    id: "omNode-1"
    address: "localhost:15015"
    startupRole: FOLLOWER
  }
}
 from snapshot
2024-09-18 12:54:53,375 [grpc-default-executor-1] INFO  server.RaftServer$Division (ServerState.java:setRaftConf(386)) - omNode-bootstrap-2@group-0AAC5367B30E: set configuration conf: {index: 0, cur=peers:[omNode-1|localhost:15015]|listeners:[], old=null}
2024-09-18 12:54:53,376 [grpc-default-executor-1] INFO  ratis.OzoneManagerStateMachine (OzoneManagerStateMachine.java:notifyConfigurationChanged(216)) - Received Configuration change notification from Ratis. New Peer list:
[id: "omNode-1"
address: "localhost:15015"
startupRole: FOLLOWER
]
2024-09-18 12:54:53,376 [grpc-default-executor-1] INFO  impl.SnapshotInstallationHandler (SnapshotInstallationHandler.java:installSnapshot(103)) - omNode-bootstrap-2@group-0AAC5367B30E: reply installSnapshot: omNode-1<-omNode-bootstrap-2#0:FAIL-t1,IN_PROGRESS,snapshotIndex=0
2024-09-18 12:54:53,376 [grpc-default-executor-1] INFO  server.GrpcServerProtocolService (GrpcServerProtocolService.java:onCompleted(157)) - omNode-bootstrap-2: Completed INSTALL_SNAPSHOT, lastRequest: omNode-1->omNode-bootstrap-2#0-t1,notify:(t:1, i:0)
2024-09-18 12:54:53,376 [grpc-default-executor-1] INFO  server.GrpcServerProtocolService (GrpcServerProtocolService.java:lambda$onCompleted$5(159)) - omNode-bootstrap-2: Completed INSTALL_SNAPSHOT, lastReply: null
2024-09-18 12:54:53,377 [grpc-default-executor-0] INFO  server.GrpcLogAppender (GrpcLogAppender.java:onNext(649)) - omNode-1@group-0AAC5367B30E->omNode-bootstrap-2-InstallSnapshotResponseHandler: received a reply omNode-1<-omNode-bootstrap-2#0:FAIL-t1,IN_PROGRESS,snapshotIndex=0
2024-09-18 12:54:53,378 [grpc-default-executor-0] INFO  server.GrpcLogAppender (GrpcLogAppender.java:onNext(665)) - omNode-1@group-0AAC5367B30E->omNode-bootstrap-2-InstallSnapshotResponseHandler: InstallSnapshot in progress.
2024-09-18 12:54:53,378 [omNode-bootstrap-2-server-thread1] INFO  server.RaftServer$Division (RaftServerImpl.java:checkInconsistentAppendEntries(1629)) - omNode-bootstrap-2@group-0AAC5367B30E: Failed appendEntries as snapshot (0) installation is in progress
2024-09-18 12:54:53,378 [omNode-bootstrap-2-server-thread1] INFO  server.RaftServer$Division (RaftServerImpl.java:appendEntriesAsync(1584)) - omNode-bootstrap-2@group-0AAC5367B30E: appendEntries* reply omNode-1<-omNode-bootstrap-2#45:FAIL-t1,INCONSISTENCY,nextIndex=0,followerCommit=-1,matchIndex=-1
2024-09-18 12:54:53,379 [grpc-default-executor-0] WARN  server.GrpcLogAppender (GrpcLogAppender.java:onNextImpl(519)) - omNode-1@group-0AAC5367B30E->omNode-bootstrap-2-AppendLogResponseHandler: received INCONSISTENCY reply with nextIndex 0, errorCount=1, request=AppendEntriesRequest:cid=45,entriesCount=0
2024-09-18 12:54:53,379 [omNode-1@group-0AAC5367B30E->omNode-bootstrap-2-GrpcLogAppender-LogAppenderDaemon] INFO  server.GrpcLogAppender (GrpcLogAppender.java:notifyInstallSnapshot(790)) - omNode-1@group-0AAC5367B30E->omNode-bootstrap-2-GrpcLogAppender: notifyInstallSnapshot with firstAvailable=(t:1, i:0), followerNextIndex=0
2024-09-18 12:54:53,379 [omNode-1@group-0AAC5367B30E->omNode-bootstrap-2-GrpcLogAppender-LogAppenderDaemon] INFO  server.GrpcLogAppender (GrpcLogAppender.java:notifyInstallSnapshot(798)) - omNode-1@group-0AAC5367B30E->omNode-bootstrap-2-GrpcLogAppender: send omNode-1->omNode-bootstrap-2#0-t1,notify:(t:1, i:0)
2024-09-18 12:54:53,380 [grpc-default-executor-0] INFO  impl.SnapshotInstallationHandler (SnapshotInstallationHandler.java:installSnapshot(92)) - omNode-bootstrap-2@group-0AAC5367B30E: receive installSnapshot: omNode-1->omNode-bootstrap-2#0-t1,notify:(t:1, i:0)
2024-09-18 12:54:53,380 [grpc-default-executor-0] INFO  impl.SnapshotInstallationHandler (SnapshotInstallationHandler.java:installSnapshotImpl(138)) - omNode-bootstrap-2@group-0AAC5367B30E: set new configuration configurationEntry {
  peers {
    id: "omNode-1"
    address: "localhost:15015"
    startupRole: FOLLOWER
  }
}
 from snapshot
2024-09-18 12:54:53,380 [grpc-default-executor-0] INFO  server.RaftServer$Division (ServerState.java:setRaftConf(386)) - omNode-bootstrap-2@group-0AAC5367B30E: set configuration conf: {index: 0, cur=peers:[omNode-1|localhost:15015]|listeners:[], old=null}
2024-09-18 12:54:53,381 [grpc-default-executor-0] INFO  ratis.OzoneManagerStateMachine (OzoneManagerStateMachine.java:notifyConfigurationChanged(216)) - Received Configuration change notification from Ratis. New Peer list:
[id: "omNode-1"
address: "localhost:15015"
startupRole: FOLLOWER
]
2024-09-18 12:54:53,381 [grpc-default-executor-0] INFO  impl.SnapshotInstallationHandler (SnapshotInstallationHandler.java:installSnapshot(103)) - omNode-bootstrap-2@group-0AAC5367B30E: reply installSnapshot: omNode-1<-omNode-bootstrap-2#0:FAIL-t1,IN_PROGRESS,snapshotIndex=0
2024-09-18 12:54:53,381 [grpc-default-executor-0] INFO  server.GrpcServerProtocolService (GrpcServerProtocolService.java:onCompleted(157)) - omNode-bootstrap-2: Completed INSTALL_SNAPSHOT, lastRequest: omNode-1->omNode-bootstrap-2#0-t1,notify:(t:1, i:0)
2024-09-18 12:54:53,381 [grpc-default-executor-0] INFO  server.GrpcServerProtocolService (GrpcServerProtocolService.java:lambda$onCompleted$5(159)) - omNode-bootstrap-2: Completed INSTALL_SNAPSHOT, lastReply: null
2024-09-18 12:54:53,382 [grpc-default-executor-1] INFO  server.GrpcLogAppender (GrpcLogAppender.java:onNext(649)) - omNode-1@group-0AAC5367B30E->omNode-bootstrap-2-InstallSnapshotResponseHandler: received a reply omNode-1<-omNode-bootstrap-2#0:FAIL-t1,IN_PROGRESS,snapshotIndex=0
2024-09-18 12:54:53,382 [grpc-default-executor-1] INFO  server.GrpcLogAppender (GrpcLogAppender.java:onNext(665)) - omNode-1@group-0AAC5367B30E->omNode-bootstrap-2-InstallSnapshotResponseHandler: InstallSnapshot in progress.
2024-09-18 12:54:53,383 [omNode-bootstrap-2-server-thread1] INFO  server.RaftServer$Division (RaftServerImpl.java:checkInconsistentAppendEntries(1629)) - omNode-bootstrap-2@group-0AAC5367B30E: Failed appendEntries as snapshot (0) installation is in progress
2024-09-18 12:54:53,383 [omNode-bootstrap-2-server-thread1] INFO  server.RaftServer$Division (RaftServerImpl.java:appendEntriesAsync(1584)) - omNode-bootstrap-2@group-0AAC5367B30E: appendEntries* reply omNode-1<-omNode-bootstrap-2#46:FAIL-t1,INCONSISTENCY,nextIndex=0,followerCommit=-1,matchIndex=-1
2024-09-18 12:54:53,383 [grpc-default-executor-0] WARN  server.GrpcLogAppender (GrpcLogAppender.java:onNextImpl(519)) - omNode-1@group-0AAC5367B30E->omNode-bootstrap-2-AppendLogResponseHandler: received INCONSISTENCY reply with nextIndex 0, errorCount=1, request=AppendEntriesRequest:cid=46,entriesCount=0
2024-09-18 12:54:53,384 [omNode-1@group-0AAC5367B30E->omNode-bootstrap-2-GrpcLogAppender-LogAppenderDaemon] INFO  server.GrpcLogAppender (GrpcLogAppender.java:notifyInstallSnapshot(790)) - omNode-1@group-0AAC5367B30E->omNode-bootstrap-2-GrpcLogAppender: notifyInstallSnapshot with firstAvailable=(t:1, i:0), followerNextIndex=0
2024-09-18 12:54:53,384 [omNode-1@group-0AAC5367B30E->omNode-bootstrap-2-GrpcLogAppender-LogAppenderDaemon] INFO  server.GrpcLogAppender (GrpcLogAppender.java:notifyInstallSnapshot(798)) - omNode-1@group-0AAC5367B30E->omNode-bootstrap-2-GrpcLogAppender: send omNode-1->omNode-bootstrap-2#0-t1,notify:(t:1, i:0)
2024-09-18 12:54:53,385 [grpc-default-executor-1] INFO  impl.SnapshotInstallationHandler (SnapshotInstallationHandler.java:installSnapshot(92)) - omNode-bootstrap-2@group-0AAC5367B30E: receive installSnapshot: omNode-1->omNode-bootstrap-2#0-t1,notify:(t:1, i:0)
2024-09-18 12:54:53,385 [grpc-default-executor-1] INFO  impl.SnapshotInstallationHandler (SnapshotInstallationHandler.java:installSnapshotImpl(138)) - omNode-bootstrap-2@group-0AAC5367B30E: set new configuration configurationEntry {
  peers {
    id: "omNode-1"
    address: "localhost:15015"
    startupRole: FOLLOWER
  }
}
 from snapshot
2024-09-18 12:54:53,385 [grpc-default-executor-1] INFO  server.RaftServer$Division (ServerState.java:setRaftConf(386)) - omNode-bootstrap-2@group-0AAC5367B30E: set configuration conf: {index: 0, cur=peers:[omNode-1|localhost:15015]|listeners:[], old=null}
2024-09-18 12:54:53,386 [grpc-default-executor-1] INFO  ratis.OzoneManagerStateMachine (OzoneManagerStateMachine.java:notifyConfigurationChanged(216)) - Received Configuration change notification from Ratis. New Peer list:
[id: "omNode-1"
address: "localhost:15015"
startupRole: FOLLOWER
]
2024-09-18 12:54:53,386 [grpc-default-executor-1] INFO  impl.SnapshotInstallationHandler (SnapshotInstallationHandler.java:installSnapshot(103)) - omNode-bootstrap-2@group-0AAC5367B30E: reply installSnapshot: omNode-1<-omNode-bootstrap-2#0:FAIL-t1,IN_PROGRESS,snapshotIndex=0
2024-09-18 12:54:53,386 [grpc-default-executor-1] INFO  server.GrpcServerProtocolService (GrpcServerProtocolService.java:onCompleted(157)) - omNode-bootstrap-2: Completed INSTALL_SNAPSHOT, lastRequest: omNode-1->omNode-bootstrap-2#0-t1,notify:(t:1, i:0)
2024-09-18 12:54:53,386 [grpc-default-executor-1] INFO  server.GrpcServerProtocolService (GrpcServerProtocolService.java:lambda$onCompleted$5(159)) - omNode-bootstrap-2: Completed INSTALL_SNAPSHOT, lastReply: null
2024-09-18 12:54:53,387 [grpc-default-executor-0] INFO  server.GrpcLogAppender (GrpcLogAppender.java:onNext(649)) - omNode-1@group-0AAC5367B30E->omNode-bootstrap-2-InstallSnapshotResponseHandler: received a reply omNode-1<-omNode-bootstrap-2#0:FAIL-t1,IN_PROGRESS,snapshotIndex=0
2024-09-18 12:54:53,387 [grpc-default-executor-0] INFO  server.GrpcLogAppender (GrpcLogAppender.java:onNext(665)) - omNode-1@group-0AAC5367B30E->omNode-bootstrap-2-InstallSnapshotResponseHandler: InstallSnapshot in progress.
2024-09-18 12:54:53,388 [omNode-1@group-0AAC5367B30E->omNode-bootstrap-2-GrpcLogAppender-LogAppenderDaemon] INFO  server.GrpcLogAppender (GrpcLogAppender.java:notifyInstallSnapshot(790)) - omNode-1@group-0AAC5367B30E->omNode-bootstrap-2-GrpcLogAppender: notifyInstallSnapshot with firstAvailable=(t:1, i:0), followerNextIndex=0
2024-09-18 12:54:53,388 [omNode-1@group-0AAC5367B30E->omNode-bootstrap-2-GrpcLogAppender-LogAppenderDaemon] INFO  server.GrpcLogAppender (GrpcLogAppender.java:notifyInstallSnapshot(798)) - omNode-1@group-0AAC5367B30E->omNode-bootstrap-2-GrpcLogAppender: send omNode-1->omNode-bootstrap-2#0-t1,notify:(t:1, i:0)
2024-09-18 12:54:53,389 [omNode-bootstrap-2-server-thread1] INFO  server.RaftServer$Division (RaftServerImpl.java:checkInconsistentAppendEntries(1629)) - omNode-bootstrap-2@group-0AAC5367B30E: Failed appendEntries as snapshot (0) installation is in progress
2024-09-18 12:54:53,389 [omNode-bootstrap-2-server-thread1] INFO  server.RaftServer$Division (RaftServerImpl.java:appendEntriesAsync(1584)) - omNode-bootstrap-2@group-0AAC5367B30E: appendEntries* reply omNode-1<-omNode-bootstrap-2#47:FAIL-t1,INCONSISTENCY,nextIndex=0,followerCommit=-1,matchIndex=-1
2024-09-18 12:54:53,390 [grpc-default-executor-1] INFO  impl.SnapshotInstallationHandler (SnapshotInstallationHandler.java:installSnapshot(92)) - omNode-bootstrap-2@group-0AAC5367B30E: receive installSnapshot: omNode-1->omNode-bootstrap-2#0-t1,notify:(t:1, i:0)
2024-09-18 12:54:53,390 [grpc-default-executor-1] INFO  impl.SnapshotInstallationHandler (SnapshotInstallationHandler.java:installSnapshotImpl(138)) - omNode-bootstrap-2@group-0AAC5367B30E: set new configuration configurationEntry {
  peers {
    id: "omNode-1"
    address: "localhost:15015"
    startupRole: FOLLOWER
  }
}
 from snapshot
2024-09-18 12:54:53,390 [grpc-default-executor-1] INFO  server.RaftServer$Division (ServerState.java:setRaftConf(386)) - omNode-bootstrap-2@group-0AAC5367B30E: set configuration conf: {index: 0, cur=peers:[omNode-1|localhost:15015]|listeners:[], old=null}
2024-09-18 12:54:53,391 [grpc-default-executor-0] WARN  server.GrpcLogAppender (GrpcLogAppender.java:onNextImpl(519)) - omNode-1@group-0AAC5367B30E->omNode-bootstrap-2-AppendLogResponseHandler: received INCONSISTENCY reply with nextIndex 0, errorCount=1, request=AppendEntriesRequest:cid=47,entriesCount=0
2024-09-18 12:54:53,391 [grpc-default-executor-1] INFO  ratis.OzoneManagerStateMachine (OzoneManagerStateMachine.java:notifyConfigurationChanged(216)) - Received Configuration change notification from Ratis. New Peer list:
[id: "omNode-1"
address: "localhost:15015"
startupRole: FOLLOWER
]
2024-09-18 12:54:53,392 [grpc-default-executor-1] INFO  impl.SnapshotInstallationHandler (SnapshotInstallationHandler.java:installSnapshot(103)) - omNode-bootstrap-2@group-0AAC5367B30E: reply installSnapshot: omNode-1<-omNode-bootstrap-2#0:FAIL-t1,IN_PROGRESS,snapshotIndex=0
2024-09-18 12:54:53,392 [grpc-default-executor-1] INFO  server.GrpcServerProtocolService (GrpcServerProtocolService.java:onCompleted(157)) - omNode-bootstrap-2: Completed INSTALL_SNAPSHOT, lastRequest: omNode-1->omNode-bootstrap-2#0-t1,notify:(t:1, i:0)
2024-09-18 12:54:53,392 [grpc-default-executor-1] INFO  server.GrpcServerProtocolService (GrpcServerProtocolService.java:lambda$onCompleted$5(159)) - omNode-bootstrap-2: Completed INSTALL_SNAPSHOT, lastReply: null
2024-09-18 12:54:53,393 [grpc-default-executor-1] INFO  server.GrpcLogAppender (GrpcLogAppender.java:onNext(649)) - omNode-1@group-0AAC5367B30E->omNode-bootstrap-2-InstallSnapshotResponseHandler: received a reply omNode-1<-omNode-bootstrap-2#0:FAIL-t1,IN_PROGRESS,snapshotIndex=0
2024-09-18 12:54:53,393 [grpc-default-executor-1] INFO  server.GrpcLogAppender (GrpcLogAppender.java:onNext(665)) - omNode-1@group-0AAC5367B30E->omNode-bootstrap-2-InstallSnapshotResponseHandler: InstallSnapshot in progress.
2024-09-18 12:54:53,395 [omNode-1@group-0AAC5367B30E->omNode-bootstrap-2-GrpcLogAppender-LogAppenderDaemon] INFO  server.GrpcLogAppender (GrpcLogAppender.java:notifyInstallSnapshot(790)) - omNode-1@group-0AAC5367B30E->omNode-bootstrap-2-GrpcLogAppender: notifyInstallSnapshot with firstAvailable=(t:1, i:0), followerNextIndex=0
2024-09-18 12:54:53,395 [omNode-1@group-0AAC5367B30E->omNode-bootstrap-2-GrpcLogAppender-LogAppenderDaemon] INFO  server.GrpcLogAppender (GrpcLogAppender.java:notifyInstallSnapshot(798)) - omNode-1@group-0AAC5367B30E->omNode-bootstrap-2-GrpcLogAppender: send omNode-1->omNode-bootstrap-2#0-t1,notify:(t:1, i:0)
2024-09-18 12:54:53,398 [omNode-bootstrap-2-server-thread1] INFO  server.RaftServer$Division (RaftServerImpl.java:checkInconsistentAppendEntries(1629)) - omNode-bootstrap-2@group-0AAC5367B30E: Failed appendEntries as snapshot (0) installation is in progress
2024-09-18 12:54:53,398 [qtp2083527126-474] INFO  rocksdiff.RocksDBCheckpointDiffer (RocksDBCheckpointDiffer.java:close(306)) - Shutting down CompactionDagPruningService.
2024-09-18 12:54:53,398 [omNode-bootstrap-2-server-thread1] INFO  server.RaftServer$Division (RaftServerImpl.java:appendEntriesAsync(1584)) - omNode-bootstrap-2@group-0AAC5367B30E: appendEntries* reply omNode-1<-omNode-bootstrap-2#48:FAIL-t1,INCONSISTENCY,nextIndex=0,followerCommit=-1,matchIndex=-1
2024-09-18 12:54:53,399 [grpc-default-executor-3] INFO  impl.SnapshotInstallationHandler (SnapshotInstallationHandler.java:installSnapshot(92)) - omNode-bootstrap-2@group-0AAC5367B30E: receive installSnapshot: omNode-1->omNode-bootstrap-2#0-t1,notify:(t:1, i:0)
2024-09-18 12:54:53,399 [grpc-default-executor-3] INFO  impl.SnapshotInstallationHandler (SnapshotInstallationHandler.java:installSnapshotImpl(138)) - omNode-bootstrap-2@group-0AAC5367B30E: set new configuration configurationEntry {
  peers {
    id: "omNode-1"
    address: "localhost:15015"
    startupRole: FOLLOWER
  }
}
 from snapshot
2024-09-18 12:54:53,399 [grpc-default-executor-3] INFO  server.RaftServer$Division (ServerState.java:setRaftConf(386)) - omNode-bootstrap-2@group-0AAC5367B30E: set configuration conf: {index: 0, cur=peers:[omNode-1|localhost:15015]|listeners:[], old=null}
2024-09-18 12:54:53,399 [grpc-default-executor-1] WARN  server.GrpcLogAppender (GrpcLogAppender.java:onNextImpl(519)) - omNode-1@group-0AAC5367B30E->omNode-bootstrap-2-AppendLogResponseHandler: received INCONSISTENCY reply with nextIndex 0, errorCount=1, request=AppendEntriesRequest:cid=48,entriesCount=0
2024-09-18 12:54:53,400 [grpc-default-executor-3] INFO  ratis.OzoneManagerStateMachine (OzoneManagerStateMachine.java:notifyConfigurationChanged(216)) - Received Configuration change notification from Ratis. New Peer list:
[id: "omNode-1"
address: "localhost:15015"
startupRole: FOLLOWER
]
2024-09-18 12:54:53,400 [grpc-default-executor-3] INFO  impl.SnapshotInstallationHandler (SnapshotInstallationHandler.java:installSnapshot(103)) - omNode-bootstrap-2@group-0AAC5367B30E: reply installSnapshot: omNode-1<-omNode-bootstrap-2#0:FAIL-t1,IN_PROGRESS,snapshotIndex=0
2024-09-18 12:54:53,400 [grpc-default-executor-3] INFO  server.GrpcServerProtocolService (GrpcServerProtocolService.java:onCompleted(157)) - omNode-bootstrap-2: Completed INSTALL_SNAPSHOT, lastRequest: omNode-1->omNode-bootstrap-2#0-t1,notify:(t:1, i:0)
2024-09-18 12:54:53,400 [grpc-default-executor-3] INFO  server.GrpcServerProtocolService (GrpcServerProtocolService.java:lambda$onCompleted$5(159)) - omNode-bootstrap-2: Completed INSTALL_SNAPSHOT, lastReply: null
2024-09-18 12:54:53,401 [grpc-default-executor-1] INFO  server.GrpcLogAppender (GrpcLogAppender.java:onNext(649)) - omNode-1@group-0AAC5367B30E->omNode-bootstrap-2-InstallSnapshotResponseHandler: received a reply omNode-1<-omNode-bootstrap-2#0:FAIL-t1,IN_PROGRESS,snapshotIndex=0
2024-09-18 12:54:53,401 [grpc-default-executor-1] INFO  server.GrpcLogAppender (GrpcLogAppender.java:onNext(665)) - omNode-1@group-0AAC5367B30E->omNode-bootstrap-2-InstallSnapshotResponseHandler: InstallSnapshot in progress.
2024-09-18 12:54:53,402 [omNode-bootstrap-2-server-thread1] INFO  server.RaftServer$Division (RaftServerImpl.java:checkInconsistentAppendEntries(1629)) - omNode-bootstrap-2@group-0AAC5367B30E: Failed appendEntries as snapshot (0) installation is in progress
2024-09-18 12:54:53,402 [omNode-bootstrap-2-server-thread1] INFO  server.RaftServer$Division (RaftServerImpl.java:appendEntriesAsync(1584)) - omNode-bootstrap-2@group-0AAC5367B30E: appendEntries* reply omNode-1<-omNode-bootstrap-2#49:FAIL-t1,INCONSISTENCY,nextIndex=0,followerCommit=-1,matchIndex=-1
2024-09-18 12:54:53,402 [omNode-1@group-0AAC5367B30E->omNode-bootstrap-2-GrpcLogAppender-LogAppenderDaemon] INFO  server.GrpcLogAppender (GrpcLogAppender.java:notifyInstallSnapshot(790)) - omNode-1@group-0AAC5367B30E->omNode-bootstrap-2-GrpcLogAppender: notifyInstallSnapshot with firstAvailable=(t:1, i:0), followerNextIndex=0
2024-09-18 12:54:53,402 [omNode-1@group-0AAC5367B30E->omNode-bootstrap-2-GrpcLogAppender-LogAppenderDaemon] INFO  server.GrpcLogAppender (GrpcLogAppender.java:notifyInstallSnapshot(798)) - omNode-1@group-0AAC5367B30E->omNode-bootstrap-2-GrpcLogAppender: send omNode-1->omNode-bootstrap-2#0-t1,notify:(t:1, i:0)
2024-09-18 12:54:53,403 [grpc-default-executor-1] WARN  server.GrpcLogAppender (GrpcLogAppender.java:onNextImpl(519)) - omNode-1@group-0AAC5367B30E->omNode-bootstrap-2-AppendLogResponseHandler: received INCONSISTENCY reply with nextIndex 0, errorCount=1, request=AppendEntriesRequest:cid=49,entriesCount=0
2024-09-18 12:54:53,404 [grpc-default-executor-1] INFO  impl.SnapshotInstallationHandler (SnapshotInstallationHandler.java:installSnapshot(92)) - omNode-bootstrap-2@group-0AAC5367B30E: receive installSnapshot: omNode-1->omNode-bootstrap-2#0-t1,notify:(t:1, i:0)
2024-09-18 12:54:53,404 [grpc-default-executor-1] INFO  impl.SnapshotInstallationHandler (SnapshotInstallationHandler.java:installSnapshotImpl(138)) - omNode-bootstrap-2@group-0AAC5367B30E: set new configuration configurationEntry {
  peers {
    id: "omNode-1"
    address: "localhost:15015"
    startupRole: FOLLOWER
  }
}
 from snapshot
2024-09-18 12:54:53,404 [grpc-default-executor-1] INFO  server.RaftServer$Division (ServerState.java:setRaftConf(386)) - omNode-bootstrap-2@group-0AAC5367B30E: set configuration conf: {index: 0, cur=peers:[omNode-1|localhost:15015]|listeners:[], old=null}
2024-09-18 12:54:53,405 [grpc-default-executor-1] INFO  ratis.OzoneManagerStateMachine (OzoneManagerStateMachine.java:notifyConfigurationChanged(216)) - Received Configuration change notification from Ratis. New Peer list:
[id: "omNode-1"
address: "localhost:15015"
startupRole: FOLLOWER
]
2024-09-18 12:54:53,405 [grpc-default-executor-1] INFO  impl.SnapshotInstallationHandler (SnapshotInstallationHandler.java:installSnapshot(103)) - omNode-bootstrap-2@group-0AAC5367B30E: reply installSnapshot: omNode-1<-omNode-bootstrap-2#0:FAIL-t1,IN_PROGRESS,snapshotIndex=0
2024-09-18 12:54:53,406 [grpc-default-executor-1] INFO  server.GrpcServerProtocolService (GrpcServerProtocolService.java:onCompleted(157)) - omNode-bootstrap-2: Completed INSTALL_SNAPSHOT, lastRequest: omNode-1->omNode-bootstrap-2#0-t1,notify:(t:1, i:0)
2024-09-18 12:54:53,406 [grpc-default-executor-1] INFO  server.GrpcServerProtocolService (GrpcServerProtocolService.java:lambda$onCompleted$5(159)) - omNode-bootstrap-2: Completed INSTALL_SNAPSHOT, lastReply: null
2024-09-18 12:54:53,406 [grpc-default-executor-3] INFO  server.GrpcLogAppender (GrpcLogAppender.java:onNext(649)) - omNode-1@group-0AAC5367B30E->omNode-bootstrap-2-InstallSnapshotResponseHandler: received a reply omNode-1<-omNode-bootstrap-2#0:FAIL-t1,IN_PROGRESS,snapshotIndex=0
2024-09-18 12:54:53,406 [grpc-default-executor-3] INFO  server.GrpcLogAppender (GrpcLogAppender.java:onNext(665)) - omNode-1@group-0AAC5367B30E->omNode-bootstrap-2-InstallSnapshotResponseHandler: InstallSnapshot in progress.
2024-09-18 12:54:53,407 [omNode-1@group-0AAC5367B30E->omNode-bootstrap-2-GrpcLogAppender-LogAppenderDaemon] INFO  server.GrpcLogAppender (GrpcLogAppender.java:notifyInstallSnapshot(790)) - omNode-1@group-0AAC5367B30E->omNode-bootstrap-2-GrpcLogAppender: notifyInstallSnapshot with firstAvailable=(t:1, i:0), followerNextIndex=0
2024-09-18 12:54:53,407 [omNode-1@group-0AAC5367B30E->omNode-bootstrap-2-GrpcLogAppender-LogAppenderDaemon] INFO  server.GrpcLogAppender (GrpcLogAppender.java:notifyInstallSnapshot(798)) - omNode-1@group-0AAC5367B30E->omNode-bootstrap-2-GrpcLogAppender: send omNode-1->omNode-bootstrap-2#0-t1,notify:(t:1, i:0)
2024-09-18 12:54:53,408 [grpc-default-executor-0] INFO  impl.SnapshotInstallationHandler (SnapshotInstallationHandler.java:installSnapshot(92)) - omNode-bootstrap-2@group-0AAC5367B30E: receive installSnapshot: omNode-1->omNode-bootstrap-2#0-t1,notify:(t:1, i:0)
2024-09-18 12:54:53,408 [grpc-default-executor-0] INFO  impl.SnapshotInstallationHandler (SnapshotInstallationHandler.java:installSnapshotImpl(138)) - omNode-bootstrap-2@group-0AAC5367B30E: set new configuration configurationEntry {
  peers {
    id: "omNode-1"
    address: "localhost:15015"
    startupRole: FOLLOWER
  }
}
 from snapshot
2024-09-18 12:54:53,408 [grpc-default-executor-0] INFO  server.RaftServer$Division (ServerState.java:setRaftConf(386)) - omNode-bootstrap-2@group-0AAC5367B30E: set configuration conf: {index: 0, cur=peers:[omNode-1|localhost:15015]|listeners:[], old=null}
2024-09-18 12:54:53,409 [omNode-bootstrap-2-server-thread1] INFO  server.RaftServer$Division (RaftServerImpl.java:checkInconsistentAppendEntries(1629)) - omNode-bootstrap-2@group-0AAC5367B30E: Failed appendEntries as snapshot (0) installation is in progress
2024-09-18 12:54:53,409 [omNode-bootstrap-2-server-thread1] INFO  server.RaftServer$Division (RaftServerImpl.java:appendEntriesAsync(1584)) - omNode-bootstrap-2@group-0AAC5367B30E: appendEntries* reply omNode-1<-omNode-bootstrap-2#50:FAIL-t1,INCONSISTENCY,nextIndex=0,followerCommit=-1,matchIndex=-1
2024-09-18 12:54:53,409 [grpc-default-executor-3] WARN  server.GrpcLogAppender (GrpcLogAppender.java:onNextImpl(519)) - omNode-1@group-0AAC5367B30E->omNode-bootstrap-2-AppendLogResponseHandler: received INCONSISTENCY reply with nextIndex 0, errorCount=1, request=AppendEntriesRequest:cid=50,entriesCount=0
2024-09-18 12:54:53,410 [grpc-default-executor-0] INFO  ratis.OzoneManagerStateMachine (OzoneManagerStateMachine.java:notifyConfigurationChanged(216)) - Received Configuration change notification from Ratis. New Peer list:
[id: "omNode-1"
address: "localhost:15015"
startupRole: FOLLOWER
]
2024-09-18 12:54:53,410 [grpc-default-executor-0] INFO  impl.SnapshotInstallationHandler (SnapshotInstallationHandler.java:installSnapshot(103)) - omNode-bootstrap-2@group-0AAC5367B30E: reply installSnapshot: omNode-1<-omNode-bootstrap-2#0:FAIL-t1,IN_PROGRESS,snapshotIndex=0
2024-09-18 12:54:53,410 [grpc-default-executor-0] INFO  server.GrpcServerProtocolService (GrpcServerProtocolService.java:onCompleted(157)) - omNode-bootstrap-2: Completed INSTALL_SNAPSHOT, lastRequest: omNode-1->omNode-bootstrap-2#0-t1,notify:(t:1, i:0)
2024-09-18 12:54:53,410 [grpc-default-executor-0] INFO  server.GrpcServerProtocolService (GrpcServerProtocolService.java:lambda$onCompleted$5(159)) - omNode-bootstrap-2: Completed INSTALL_SNAPSHOT, lastReply: null
2024-09-18 12:54:53,410 [grpc-default-executor-0] INFO  server.GrpcLogAppender (GrpcLogAppender.java:onNext(649)) - omNode-1@group-0AAC5367B30E->omNode-bootstrap-2-InstallSnapshotResponseHandler: received a reply omNode-1<-omNode-bootstrap-2#0:FAIL-t1,IN_PROGRESS,snapshotIndex=0
2024-09-18 12:54:53,410 [grpc-default-executor-0] INFO  server.GrpcLogAppender (GrpcLogAppender.java:onNext(665)) - omNode-1@group-0AAC5367B30E->omNode-bootstrap-2-InstallSnapshotResponseHandler: InstallSnapshot in progress.
2024-09-18 12:54:53,411 [omNode-1@group-0AAC5367B30E->omNode-bootstrap-2-GrpcLogAppender-LogAppenderDaemon] INFO  server.GrpcLogAppender (GrpcLogAppender.java:notifyInstallSnapshot(790)) - omNode-1@group-0AAC5367B30E->omNode-bootstrap-2-GrpcLogAppender: notifyInstallSnapshot with firstAvailable=(t:1, i:0), followerNextIndex=0
2024-09-18 12:54:53,411 [omNode-1@group-0AAC5367B30E->omNode-bootstrap-2-GrpcLogAppender-LogAppenderDaemon] INFO  server.GrpcLogAppender (GrpcLogAppender.java:notifyInstallSnapshot(798)) - omNode-1@group-0AAC5367B30E->omNode-bootstrap-2-GrpcLogAppender: send omNode-1->omNode-bootstrap-2#0-t1,notify:(t:1, i:0)
2024-09-18 12:54:53,412 [omNode-bootstrap-2-server-thread1] INFO  server.RaftServer$Division (RaftServerImpl.java:checkInconsistentAppendEntries(1629)) - omNode-bootstrap-2@group-0AAC5367B30E: Failed appendEntries as snapshot (0) installation is in progress
2024-09-18 12:54:53,412 [omNode-bootstrap-2-server-thread1] INFO  server.RaftServer$Division (RaftServerImpl.java:appendEntriesAsync(1584)) - omNode-bootstrap-2@group-0AAC5367B30E: appendEntries* reply omNode-1<-omNode-bootstrap-2#51:FAIL-t1,INCONSISTENCY,nextIndex=0,followerCommit=-1,matchIndex=-1
2024-09-18 12:54:53,413 [grpc-default-executor-0] WARN  server.GrpcLogAppender (GrpcLogAppender.java:onNextImpl(519)) - omNode-1@group-0AAC5367B30E->omNode-bootstrap-2-AppendLogResponseHandler: received INCONSISTENCY reply with nextIndex 0, errorCount=1, request=AppendEntriesRequest:cid=51,entriesCount=0
2024-09-18 12:54:53,413 [grpc-default-executor-1] INFO  impl.SnapshotInstallationHandler (SnapshotInstallationHandler.java:installSnapshot(92)) - omNode-bootstrap-2@group-0AAC5367B30E: receive installSnapshot: omNode-1->omNode-bootstrap-2#0-t1,notify:(t:1, i:0)
2024-09-18 12:54:53,413 [grpc-default-executor-1] INFO  impl.SnapshotInstallationHandler (SnapshotInstallationHandler.java:installSnapshotImpl(138)) - omNode-bootstrap-2@group-0AAC5367B30E: set new configuration configurationEntry {
  peers {
    id: "omNode-1"
    address: "localhost:15015"
    startupRole: FOLLOWER
  }
}
 from snapshot
2024-09-18 12:54:53,413 [grpc-default-executor-1] INFO  server.RaftServer$Division (ServerState.java:setRaftConf(386)) - omNode-bootstrap-2@group-0AAC5367B30E: set configuration conf: {index: 0, cur=peers:[omNode-1|localhost:15015]|listeners:[], old=null}
2024-09-18 12:54:53,414 [grpc-default-executor-1] INFO  ratis.OzoneManagerStateMachine (OzoneManagerStateMachine.java:notifyConfigurationChanged(216)) - Received Configuration change notification from Ratis. New Peer list:
[id: "omNode-1"
address: "localhost:15015"
startupRole: FOLLOWER
]
2024-09-18 12:54:53,414 [grpc-default-executor-1] INFO  impl.SnapshotInstallationHandler (SnapshotInstallationHandler.java:installSnapshot(103)) - omNode-bootstrap-2@group-0AAC5367B30E: reply installSnapshot: omNode-1<-omNode-bootstrap-2#0:FAIL-t1,IN_PROGRESS,snapshotIndex=0
2024-09-18 12:54:53,415 [grpc-default-executor-1] INFO  server.GrpcServerProtocolService (GrpcServerProtocolService.java:onCompleted(157)) - omNode-bootstrap-2: Completed INSTALL_SNAPSHOT, lastRequest: omNode-1->omNode-bootstrap-2#0-t1,notify:(t:1, i:0)
2024-09-18 12:54:53,415 [grpc-default-executor-1] INFO  server.GrpcServerProtocolService (GrpcServerProtocolService.java:lambda$onCompleted$5(159)) - omNode-bootstrap-2: Completed INSTALL_SNAPSHOT, lastReply: null
2024-09-18 12:54:53,415 [grpc-default-executor-0] INFO  server.GrpcLogAppender (GrpcLogAppender.java:onNext(649)) - omNode-1@group-0AAC5367B30E->omNode-bootstrap-2-InstallSnapshotResponseHandler: received a reply omNode-1<-omNode-bootstrap-2#0:FAIL-t1,IN_PROGRESS,snapshotIndex=0
2024-09-18 12:54:53,415 [grpc-default-executor-0] INFO  server.GrpcLogAppender (GrpcLogAppender.java:onNext(665)) - omNode-1@group-0AAC5367B30E->omNode-bootstrap-2-InstallSnapshotResponseHandler: InstallSnapshot in progress.
2024-09-18 12:54:53,416 [omNode-1@group-0AAC5367B30E->omNode-bootstrap-2-GrpcLogAppender-LogAppenderDaemon] INFO  server.GrpcLogAppender (GrpcLogAppender.java:notifyInstallSnapshot(790)) - omNode-1@group-0AAC5367B30E->omNode-bootstrap-2-GrpcLogAppender: notifyInstallSnapshot with firstAvailable=(t:1, i:0), followerNextIndex=0
2024-09-18 12:54:53,416 [omNode-1@group-0AAC5367B30E->omNode-bootstrap-2-GrpcLogAppender-LogAppenderDaemon] INFO  server.GrpcLogAppender (GrpcLogAppender.java:notifyInstallSnapshot(798)) - omNode-1@group-0AAC5367B30E->omNode-bootstrap-2-GrpcLogAppender: send omNode-1->omNode-bootstrap-2#0-t1,notify:(t:1, i:0)
2024-09-18 12:54:53,416 [omNode-bootstrap-2-server-thread1] INFO  server.RaftServer$Division (RaftServerImpl.java:checkInconsistentAppendEntries(1629)) - omNode-bootstrap-2@group-0AAC5367B30E: Failed appendEntries as snapshot (0) installation is in progress
2024-09-18 12:54:53,416 [omNode-bootstrap-2-server-thread1] INFO  server.RaftServer$Division (RaftServerImpl.java:appendEntriesAsync(1584)) - omNode-bootstrap-2@group-0AAC5367B30E: appendEntries* reply omNode-1<-omNode-bootstrap-2#52:FAIL-t1,INCONSISTENCY,nextIndex=0,followerCommit=-1,matchIndex=-1
2024-09-18 12:54:53,417 [grpc-default-executor-3] WARN  server.GrpcLogAppender (GrpcLogAppender.java:onNextImpl(519)) - omNode-1@group-0AAC5367B30E->omNode-bootstrap-2-AppendLogResponseHandler: received INCONSISTENCY reply with nextIndex 0, errorCount=1, request=AppendEntriesRequest:cid=52,entriesCount=0
2024-09-18 12:54:53,418 [grpc-default-executor-1] INFO  impl.SnapshotInstallationHandler (SnapshotInstallationHandler.java:installSnapshot(92)) - omNode-bootstrap-2@group-0AAC5367B30E: receive installSnapshot: omNode-1->omNode-bootstrap-2#0-t1,notify:(t:1, i:0)
2024-09-18 12:54:53,418 [grpc-default-executor-1] INFO  impl.SnapshotInstallationHandler (SnapshotInstallationHandler.java:installSnapshotImpl(138)) - omNode-bootstrap-2@group-0AAC5367B30E: set new configuration configurationEntry {
  peers {
    id: "omNode-1"
    address: "localhost:15015"
    startupRole: FOLLOWER
  }
}
 from snapshot
2024-09-18 12:54:53,418 [grpc-default-executor-1] INFO  server.RaftServer$Division (ServerState.java:setRaftConf(386)) - omNode-bootstrap-2@group-0AAC5367B30E: set configuration conf: {index: 0, cur=peers:[omNode-1|localhost:15015]|listeners:[], old=null}
2024-09-18 12:54:53,420 [grpc-default-executor-1] INFO  ratis.OzoneManagerStateMachine (OzoneManagerStateMachine.java:notifyConfigurationChanged(216)) - Received Configuration change notification from Ratis. New Peer list:
[id: "omNode-1"
address: "localhost:15015"
startupRole: FOLLOWER
]
2024-09-18 12:54:53,420 [grpc-default-executor-1] INFO  impl.SnapshotInstallationHandler (SnapshotInstallationHandler.java:installSnapshot(103)) - omNode-bootstrap-2@group-0AAC5367B30E: reply installSnapshot: omNode-1<-omNode-bootstrap-2#0:FAIL-t1,IN_PROGRESS,snapshotIndex=0
2024-09-18 12:54:53,420 [grpc-default-executor-1] INFO  server.GrpcServerProtocolService (GrpcServerProtocolService.java:onCompleted(157)) - omNode-bootstrap-2: Completed INSTALL_SNAPSHOT, lastRequest: omNode-1->omNode-bootstrap-2#0-t1,notify:(t:1, i:0)
2024-09-18 12:54:53,420 [grpc-default-executor-1] INFO  server.GrpcServerProtocolService (GrpcServerProtocolService.java:lambda$onCompleted$5(159)) - omNode-bootstrap-2: Completed INSTALL_SNAPSHOT, lastReply: null
2024-09-18 12:54:53,421 [grpc-default-executor-3] INFO  server.GrpcLogAppender (GrpcLogAppender.java:onNext(649)) - omNode-1@group-0AAC5367B30E->omNode-bootstrap-2-InstallSnapshotResponseHandler: received a reply omNode-1<-omNode-bootstrap-2#0:FAIL-t1,IN_PROGRESS,snapshotIndex=0
2024-09-18 12:54:53,421 [grpc-default-executor-3] INFO  server.GrpcLogAppender (GrpcLogAppender.java:onNext(665)) - omNode-1@group-0AAC5367B30E->omNode-bootstrap-2-InstallSnapshotResponseHandler: InstallSnapshot in progress.
2024-09-18 12:54:53,421 [omNode-bootstrap-2-server-thread1] INFO  server.RaftServer$Division (RaftServerImpl.java:checkInconsistentAppendEntries(1629)) - omNode-bootstrap-2@group-0AAC5367B30E: Failed appendEntries as snapshot (0) installation is in progress
2024-09-18 12:54:53,421 [omNode-bootstrap-2-server-thread1] INFO  server.RaftServer$Division (RaftServerImpl.java:appendEntriesAsync(1584)) - omNode-bootstrap-2@group-0AAC5367B30E: appendEntries* reply omNode-1<-omNode-bootstrap-2#53:FAIL-t1,INCONSISTENCY,nextIndex=0,followerCommit=-1,matchIndex=-1
2024-09-18 12:54:53,422 [grpc-default-executor-3] WARN  server.GrpcLogAppender (GrpcLogAppender.java:onNextImpl(519)) - omNode-1@group-0AAC5367B30E->omNode-bootstrap-2-AppendLogResponseHandler: received INCONSISTENCY reply with nextIndex 0, errorCount=1, request=AppendEntriesRequest:cid=53,entriesCount=0
2024-09-18 12:54:53,422 [omNode-1@group-0AAC5367B30E->omNode-bootstrap-2-GrpcLogAppender-LogAppenderDaemon] INFO  server.GrpcLogAppender (GrpcLogAppender.java:notifyInstallSnapshot(790)) - omNode-1@group-0AAC5367B30E->omNode-bootstrap-2-GrpcLogAppender: notifyInstallSnapshot with firstAvailable=(t:1, i:0), followerNextIndex=0
2024-09-18 12:54:53,422 [omNode-1@group-0AAC5367B30E->omNode-bootstrap-2-GrpcLogAppender-LogAppenderDaemon] INFO  server.GrpcLogAppender (GrpcLogAppender.java:notifyInstallSnapshot(798)) - omNode-1@group-0AAC5367B30E->omNode-bootstrap-2-GrpcLogAppender: send omNode-1->omNode-bootstrap-2#0-t1,notify:(t:1, i:0)
2024-09-18 12:54:53,423 [grpc-default-executor-3] INFO  impl.SnapshotInstallationHandler (SnapshotInstallationHandler.java:installSnapshot(92)) - omNode-bootstrap-2@group-0AAC5367B30E: receive installSnapshot: omNode-1->omNode-bootstrap-2#0-t1,notify:(t:1, i:0)
2024-09-18 12:54:53,423 [grpc-default-executor-3] INFO  impl.SnapshotInstallationHandler (SnapshotInstallationHandler.java:installSnapshotImpl(138)) - omNode-bootstrap-2@group-0AAC5367B30E: set new configuration configurationEntry {
  peers {
    id: "omNode-1"
    address: "localhost:15015"
    startupRole: FOLLOWER
  }
}
 from snapshot
2024-09-18 12:54:53,423 [grpc-default-executor-3] INFO  server.RaftServer$Division (ServerState.java:setRaftConf(386)) - omNode-bootstrap-2@group-0AAC5367B30E: set configuration conf: {index: 0, cur=peers:[omNode-1|localhost:15015]|listeners:[], old=null}
2024-09-18 12:54:53,425 [grpc-default-executor-3] INFO  ratis.OzoneManagerStateMachine (OzoneManagerStateMachine.java:notifyConfigurationChanged(216)) - Received Configuration change notification from Ratis. New Peer list:
[id: "omNode-1"
address: "localhost:15015"
startupRole: FOLLOWER
]
2024-09-18 12:54:53,425 [grpc-default-executor-3] INFO  impl.SnapshotInstallationHandler (SnapshotInstallationHandler.java:installSnapshot(103)) - omNode-bootstrap-2@group-0AAC5367B30E: reply installSnapshot: omNode-1<-omNode-bootstrap-2#0:FAIL-t1,IN_PROGRESS,snapshotIndex=0
2024-09-18 12:54:53,425 [grpc-default-executor-3] INFO  server.GrpcServerProtocolService (GrpcServerProtocolService.java:onCompleted(157)) - omNode-bootstrap-2: Completed INSTALL_SNAPSHOT, lastRequest: omNode-1->omNode-bootstrap-2#0-t1,notify:(t:1, i:0)
2024-09-18 12:54:53,425 [grpc-default-executor-3] INFO  server.GrpcServerProtocolService (GrpcServerProtocolService.java:lambda$onCompleted$5(159)) - omNode-bootstrap-2: Completed INSTALL_SNAPSHOT, lastReply: null
2024-09-18 12:54:53,426 [grpc-default-executor-1] INFO  server.GrpcLogAppender (GrpcLogAppender.java:onNext(649)) - omNode-1@group-0AAC5367B30E->omNode-bootstrap-2-InstallSnapshotResponseHandler: received a reply omNode-1<-omNode-bootstrap-2#0:FAIL-t1,IN_PROGRESS,snapshotIndex=0
2024-09-18 12:54:53,426 [grpc-default-executor-1] INFO  server.GrpcLogAppender (GrpcLogAppender.java:onNext(665)) - omNode-1@group-0AAC5367B30E->omNode-bootstrap-2-InstallSnapshotResponseHandler: InstallSnapshot in progress.
2024-09-18 12:54:53,427 [omNode-bootstrap-2-server-thread1] INFO  server.RaftServer$Division (RaftServerImpl.java:checkInconsistentAppendEntries(1629)) - omNode-bootstrap-2@group-0AAC5367B30E: Failed appendEntries as snapshot (0) installation is in progress
2024-09-18 12:54:53,427 [omNode-bootstrap-2-server-thread1] INFO  server.RaftServer$Division (RaftServerImpl.java:appendEntriesAsync(1584)) - omNode-bootstrap-2@group-0AAC5367B30E: appendEntries* reply omNode-1<-omNode-bootstrap-2#54:FAIL-t1,INCONSISTENCY,nextIndex=0,followerCommit=-1,matchIndex=-1
2024-09-18 12:54:53,427 [grpc-default-executor-3] WARN  server.GrpcLogAppender (GrpcLogAppender.java:onNextImpl(519)) - omNode-1@group-0AAC5367B30E->omNode-bootstrap-2-AppendLogResponseHandler: received INCONSISTENCY reply with nextIndex 0, errorCount=1, request=AppendEntriesRequest:cid=54,entriesCount=0
2024-09-18 12:54:53,427 [omNode-1@group-0AAC5367B30E->omNode-bootstrap-2-GrpcLogAppender-LogAppenderDaemon] INFO  server.GrpcLogAppender (GrpcLogAppender.java:notifyInstallSnapshot(790)) - omNode-1@group-0AAC5367B30E->omNode-bootstrap-2-GrpcLogAppender: notifyInstallSnapshot with firstAvailable=(t:1, i:0), followerNextIndex=0
2024-09-18 12:54:53,428 [omNode-1@group-0AAC5367B30E->omNode-bootstrap-2-GrpcLogAppender-LogAppenderDaemon] INFO  server.GrpcLogAppender (GrpcLogAppender.java:notifyInstallSnapshot(798)) - omNode-1@group-0AAC5367B30E->omNode-bootstrap-2-GrpcLogAppender: send omNode-1->omNode-bootstrap-2#0-t1,notify:(t:1, i:0)
2024-09-18 12:54:53,429 [grpc-default-executor-1] INFO  impl.SnapshotInstallationHandler (SnapshotInstallationHandler.java:installSnapshot(92)) - omNode-bootstrap-2@group-0AAC5367B30E: receive installSnapshot: omNode-1->omNode-bootstrap-2#0-t1,notify:(t:1, i:0)
2024-09-18 12:54:53,429 [grpc-default-executor-1] INFO  impl.SnapshotInstallationHandler (SnapshotInstallationHandler.java:installSnapshotImpl(138)) - omNode-bootstrap-2@group-0AAC5367B30E: set new configuration configurationEntry {
  peers {
    id: "omNode-1"
    address: "localhost:15015"
    startupRole: FOLLOWER
  }
}
 from snapshot
2024-09-18 12:54:53,429 [grpc-default-executor-1] INFO  server.RaftServer$Division (ServerState.java:setRaftConf(386)) - omNode-bootstrap-2@group-0AAC5367B30E: set configuration conf: {index: 0, cur=peers:[omNode-1|localhost:15015]|listeners:[], old=null}
2024-09-18 12:54:53,431 [grpc-default-executor-1] INFO  ratis.OzoneManagerStateMachine (OzoneManagerStateMachine.java:notifyConfigurationChanged(216)) - Received Configuration change notification from Ratis. New Peer list:
[id: "omNode-1"
address: "localhost:15015"
startupRole: FOLLOWER
]
2024-09-18 12:54:53,431 [grpc-default-executor-1] INFO  impl.SnapshotInstallationHandler (SnapshotInstallationHandler.java:installSnapshot(103)) - omNode-bootstrap-2@group-0AAC5367B30E: reply installSnapshot: omNode-1<-omNode-bootstrap-2#0:FAIL-t1,IN_PROGRESS,snapshotIndex=0
2024-09-18 12:54:53,432 [grpc-default-executor-3] INFO  server.GrpcLogAppender (GrpcLogAppender.java:onNext(649)) - omNode-1@group-0AAC5367B30E->omNode-bootstrap-2-InstallSnapshotResponseHandler: received a reply omNode-1<-omNode-bootstrap-2#0:FAIL-t1,IN_PROGRESS,snapshotIndex=0
2024-09-18 12:54:53,432 [grpc-default-executor-3] INFO  server.GrpcLogAppender (GrpcLogAppender.java:onNext(665)) - omNode-1@group-0AAC5367B30E->omNode-bootstrap-2-InstallSnapshotResponseHandler: InstallSnapshot in progress.
2024-09-18 12:54:53,432 [grpc-default-executor-1] INFO  server.GrpcServerProtocolService (GrpcServerProtocolService.java:onCompleted(157)) - omNode-bootstrap-2: Completed INSTALL_SNAPSHOT, lastRequest: omNode-1->omNode-bootstrap-2#0-t1,notify:(t:1, i:0)
2024-09-18 12:54:53,432 [grpc-default-executor-1] INFO  server.GrpcServerProtocolService (GrpcServerProtocolService.java:lambda$onCompleted$5(159)) - omNode-bootstrap-2: Completed INSTALL_SNAPSHOT, lastReply: null
2024-09-18 12:54:53,434 [omNode-bootstrap-2-server-thread1] INFO  server.RaftServer$Division (RaftServerImpl.java:checkInconsistentAppendEntries(1629)) - omNode-bootstrap-2@group-0AAC5367B30E: Failed appendEntries as snapshot (0) installation is in progress
2024-09-18 12:54:53,434 [omNode-bootstrap-2-server-thread1] INFO  server.RaftServer$Division (RaftServerImpl.java:appendEntriesAsync(1584)) - omNode-bootstrap-2@group-0AAC5367B30E: appendEntries* reply omNode-1<-omNode-bootstrap-2#55:FAIL-t1,INCONSISTENCY,nextIndex=0,followerCommit=-1,matchIndex=-1
2024-09-18 12:54:53,434 [omNode-1@group-0AAC5367B30E->omNode-bootstrap-2-GrpcLogAppender-LogAppenderDaemon] INFO  server.GrpcLogAppender (GrpcLogAppender.java:notifyInstallSnapshot(790)) - omNode-1@group-0AAC5367B30E->omNode-bootstrap-2-GrpcLogAppender: notifyInstallSnapshot with firstAvailable=(t:1, i:0), followerNextIndex=0
2024-09-18 12:54:53,434 [omNode-1@group-0AAC5367B30E->omNode-bootstrap-2-GrpcLogAppender-LogAppenderDaemon] INFO  server.GrpcLogAppender (GrpcLogAppender.java:notifyInstallSnapshot(798)) - omNode-1@group-0AAC5367B30E->omNode-bootstrap-2-GrpcLogAppender: send omNode-1->omNode-bootstrap-2#0-t1,notify:(t:1, i:0)
2024-09-18 12:54:53,435 [grpc-default-executor-3] WARN  server.GrpcLogAppender (GrpcLogAppender.java:onNextImpl(519)) - omNode-1@group-0AAC5367B30E->omNode-bootstrap-2-AppendLogResponseHandler: received INCONSISTENCY reply with nextIndex 0, errorCount=1, request=AppendEntriesRequest:cid=55,entriesCount=0
2024-09-18 12:54:53,435 [grpc-default-executor-3] INFO  impl.SnapshotInstallationHandler (SnapshotInstallationHandler.java:installSnapshot(92)) - omNode-bootstrap-2@group-0AAC5367B30E: receive installSnapshot: omNode-1->omNode-bootstrap-2#0-t1,notify:(t:1, i:0)
2024-09-18 12:54:53,436 [grpc-default-executor-3] INFO  impl.SnapshotInstallationHandler (SnapshotInstallationHandler.java:installSnapshotImpl(138)) - omNode-bootstrap-2@group-0AAC5367B30E: set new configuration configurationEntry {
  peers {
    id: "omNode-1"
    address: "localhost:15015"
    startupRole: FOLLOWER
  }
}
 from snapshot
2024-09-18 12:54:53,436 [grpc-default-executor-3] INFO  server.RaftServer$Division (ServerState.java:setRaftConf(386)) - omNode-bootstrap-2@group-0AAC5367B30E: set configuration conf: {index: 0, cur=peers:[omNode-1|localhost:15015]|listeners:[], old=null}
2024-09-18 12:54:53,437 [grpc-default-executor-3] INFO  ratis.OzoneManagerStateMachine (OzoneManagerStateMachine.java:notifyConfigurationChanged(216)) - Received Configuration change notification from Ratis. New Peer list:
[id: "omNode-1"
address: "localhost:15015"
startupRole: FOLLOWER
]
2024-09-18 12:54:53,437 [grpc-default-executor-3] INFO  impl.SnapshotInstallationHandler (SnapshotInstallationHandler.java:installSnapshot(103)) - omNode-bootstrap-2@group-0AAC5367B30E: reply installSnapshot: omNode-1<-omNode-bootstrap-2#0:FAIL-t1,IN_PROGRESS,snapshotIndex=0
2024-09-18 12:54:53,438 [grpc-default-executor-3] INFO  server.GrpcServerProtocolService (GrpcServerProtocolService.java:onCompleted(157)) - omNode-bootstrap-2: Completed INSTALL_SNAPSHOT, lastRequest: omNode-1->omNode-bootstrap-2#0-t1,notify:(t:1, i:0)
2024-09-18 12:54:53,438 [grpc-default-executor-3] INFO  server.GrpcServerProtocolService (GrpcServerProtocolService.java:lambda$onCompleted$5(159)) - omNode-bootstrap-2: Completed INSTALL_SNAPSHOT, lastReply: null
2024-09-18 12:54:53,438 [grpc-default-executor-1] INFO  server.GrpcLogAppender (GrpcLogAppender.java:onNext(649)) - omNode-1@group-0AAC5367B30E->omNode-bootstrap-2-InstallSnapshotResponseHandler: received a reply omNode-1<-omNode-bootstrap-2#0:FAIL-t1,IN_PROGRESS,snapshotIndex=0
2024-09-18 12:54:53,438 [grpc-default-executor-1] INFO  server.GrpcLogAppender (GrpcLogAppender.java:onNext(665)) - omNode-1@group-0AAC5367B30E->omNode-bootstrap-2-InstallSnapshotResponseHandler: InstallSnapshot in progress.
2024-09-18 12:54:53,439 [omNode-1@group-0AAC5367B30E->omNode-bootstrap-2-GrpcLogAppender-LogAppenderDaemon] INFO  server.GrpcLogAppender (GrpcLogAppender.java:notifyInstallSnapshot(790)) - omNode-1@group-0AAC5367B30E->omNode-bootstrap-2-GrpcLogAppender: notifyInstallSnapshot with firstAvailable=(t:1, i:0), followerNextIndex=0
2024-09-18 12:54:53,439 [omNode-1@group-0AAC5367B30E->omNode-bootstrap-2-GrpcLogAppender-LogAppenderDaemon] INFO  server.GrpcLogAppender (GrpcLogAppender.java:notifyInstallSnapshot(798)) - omNode-1@group-0AAC5367B30E->omNode-bootstrap-2-GrpcLogAppender: send omNode-1->omNode-bootstrap-2#0-t1,notify:(t:1, i:0)
2024-09-18 12:54:53,440 [grpc-default-executor-0] INFO  impl.SnapshotInstallationHandler (SnapshotInstallationHandler.java:installSnapshot(92)) - omNode-bootstrap-2@group-0AAC5367B30E: receive installSnapshot: omNode-1->omNode-bootstrap-2#0-t1,notify:(t:1, i:0)
2024-09-18 12:54:53,440 [grpc-default-executor-0] INFO  impl.SnapshotInstallationHandler (SnapshotInstallationHandler.java:installSnapshotImpl(138)) - omNode-bootstrap-2@group-0AAC5367B30E: set new configuration configurationEntry {
  peers {
    id: "omNode-1"
    address: "localhost:15015"
    startupRole: FOLLOWER
  }
}
 from snapshot
2024-09-18 12:54:53,440 [grpc-default-executor-0] INFO  server.RaftServer$Division (ServerState.java:setRaftConf(386)) - omNode-bootstrap-2@group-0AAC5367B30E: set configuration conf: {index: 0, cur=peers:[omNode-1|localhost:15015]|listeners:[], old=null}
2024-09-18 12:54:53,441 [omNode-bootstrap-2-server-thread1] INFO  server.RaftServer$Division (RaftServerImpl.java:checkInconsistentAppendEntries(1629)) - omNode-bootstrap-2@group-0AAC5367B30E: Failed appendEntries as snapshot (0) installation is in progress
2024-09-18 12:54:53,441 [omNode-bootstrap-2-server-thread1] INFO  server.RaftServer$Division (RaftServerImpl.java:appendEntriesAsync(1584)) - omNode-bootstrap-2@group-0AAC5367B30E: appendEntries* reply omNode-1<-omNode-bootstrap-2#56:FAIL-t1,INCONSISTENCY,nextIndex=0,followerCommit=-1,matchIndex=-1
2024-09-18 12:54:53,442 [grpc-default-executor-0] INFO  ratis.OzoneManagerStateMachine (OzoneManagerStateMachine.java:notifyConfigurationChanged(216)) - Received Configuration change notification from Ratis. New Peer list:
[id: "omNode-1"
address: "localhost:15015"
startupRole: FOLLOWER
]
2024-09-18 12:54:53,442 [grpc-default-executor-0] INFO  impl.SnapshotInstallationHandler (SnapshotInstallationHandler.java:installSnapshot(103)) - omNode-bootstrap-2@group-0AAC5367B30E: reply installSnapshot: omNode-1<-omNode-bootstrap-2#0:FAIL-t1,IN_PROGRESS,snapshotIndex=0
2024-09-18 12:54:53,442 [grpc-default-executor-0] INFO  server.GrpcServerProtocolService (GrpcServerProtocolService.java:onCompleted(157)) - omNode-bootstrap-2: Completed INSTALL_SNAPSHOT, lastRequest: omNode-1->omNode-bootstrap-2#0-t1,notify:(t:1, i:0)
2024-09-18 12:54:53,442 [grpc-default-executor-0] INFO  server.GrpcServerProtocolService (GrpcServerProtocolService.java:lambda$onCompleted$5(159)) - omNode-bootstrap-2: Completed INSTALL_SNAPSHOT, lastReply: null
2024-09-18 12:54:53,442 [grpc-default-executor-3] WARN  server.GrpcLogAppender (GrpcLogAppender.java:onNextImpl(519)) - omNode-1@group-0AAC5367B30E->omNode-bootstrap-2-AppendLogResponseHandler: received INCONSISTENCY reply with nextIndex 0, errorCount=1, request=AppendEntriesRequest:cid=56,entriesCount=0
2024-09-18 12:54:53,442 [qtp2083527126-474] INFO  utils.DBCheckpointServlet (DBCheckpointServlet.java:generateSnapshotCheckpoint(225)) - Time taken to write the checkpoint to response output stream: 145 milliseconds
2024-09-18 12:54:53,442 [qtp2083527126-474] INFO  utils.DBCheckpointServlet (DBCheckpointServlet.java:generateSnapshotCheckpoint(228)) - Excluded SST [] from the latest checkpoint.
2024-09-18 12:54:53,443 [grpc-default-executor-3] INFO  server.GrpcLogAppender (GrpcLogAppender.java:onNext(649)) - omNode-1@group-0AAC5367B30E->omNode-bootstrap-2-InstallSnapshotResponseHandler: received a reply omNode-1<-omNode-bootstrap-2#0:FAIL-t1,IN_PROGRESS,snapshotIndex=0
2024-09-18 12:54:53,443 [grpc-default-executor-3] INFO  server.GrpcLogAppender (GrpcLogAppender.java:onNext(665)) - omNode-1@group-0AAC5367B30E->omNode-bootstrap-2-InstallSnapshotResponseHandler: InstallSnapshot in progress.
2024-09-18 12:54:53,444 [omNode-1@group-0AAC5367B30E->omNode-bootstrap-2-GrpcLogAppender-LogAppenderDaemon] INFO  server.GrpcLogAppender (GrpcLogAppender.java:notifyInstallSnapshot(790)) - omNode-1@group-0AAC5367B30E->omNode-bootstrap-2-GrpcLogAppender: notifyInstallSnapshot with firstAvailable=(t:1, i:0), followerNextIndex=0
2024-09-18 12:54:53,445 [omNode-1@group-0AAC5367B30E->omNode-bootstrap-2-GrpcLogAppender-LogAppenderDaemon] INFO  server.GrpcLogAppender (GrpcLogAppender.java:notifyInstallSnapshot(798)) - omNode-1@group-0AAC5367B30E->omNode-bootstrap-2-GrpcLogAppender: send omNode-1->omNode-bootstrap-2#0-t1,notify:(t:1, i:0)
2024-09-18 12:54:53,446 [grpc-default-executor-0] INFO  impl.SnapshotInstallationHandler (SnapshotInstallationHandler.java:installSnapshot(92)) - omNode-bootstrap-2@group-0AAC5367B30E: receive installSnapshot: omNode-1->omNode-bootstrap-2#0-t1,notify:(t:1, i:0)
2024-09-18 12:54:53,446 [grpc-default-executor-0] INFO  impl.SnapshotInstallationHandler (SnapshotInstallationHandler.java:installSnapshotImpl(138)) - omNode-bootstrap-2@group-0AAC5367B30E: set new configuration configurationEntry {
  peers {
    id: "omNode-1"
    address: "localhost:15015"
    startupRole: FOLLOWER
  }
}
 from snapshot
2024-09-18 12:54:53,446 [grpc-default-executor-0] INFO  server.RaftServer$Division (ServerState.java:setRaftConf(386)) - omNode-bootstrap-2@group-0AAC5367B30E: set configuration conf: {index: 0, cur=peers:[omNode-1|localhost:15015]|listeners:[], old=null}
2024-09-18 12:54:53,447 [omNode-bootstrap-2-server-thread1] INFO  server.RaftServer$Division (RaftServerImpl.java:checkInconsistentAppendEntries(1629)) - omNode-bootstrap-2@group-0AAC5367B30E: Failed appendEntries as snapshot (0) installation is in progress
2024-09-18 12:54:53,447 [omNode-bootstrap-2-server-thread1] INFO  server.RaftServer$Division (RaftServerImpl.java:appendEntriesAsync(1584)) - omNode-bootstrap-2@group-0AAC5367B30E: appendEntries* reply omNode-1<-omNode-bootstrap-2#57:FAIL-t1,INCONSISTENCY,nextIndex=0,followerCommit=-1,matchIndex=-1
2024-09-18 12:54:53,448 [grpc-default-executor-0] INFO  ratis.OzoneManagerStateMachine (OzoneManagerStateMachine.java:notifyConfigurationChanged(216)) - Received Configuration change notification from Ratis. New Peer list:
[id: "omNode-1"
address: "localhost:15015"
startupRole: FOLLOWER
]
2024-09-18 12:54:53,448 [grpc-default-executor-0] INFO  impl.SnapshotInstallationHandler (SnapshotInstallationHandler.java:installSnapshot(103)) - omNode-bootstrap-2@group-0AAC5367B30E: reply installSnapshot: omNode-1<-omNode-bootstrap-2#0:FAIL-t1,IN_PROGRESS,snapshotIndex=0
2024-09-18 12:54:53,448 [grpc-default-executor-0] INFO  server.GrpcServerProtocolService (GrpcServerProtocolService.java:onCompleted(157)) - omNode-bootstrap-2: Completed INSTALL_SNAPSHOT, lastRequest: omNode-1->omNode-bootstrap-2#0-t1,notify:(t:1, i:0)
2024-09-18 12:54:53,448 [grpc-default-executor-0] INFO  server.GrpcServerProtocolService (GrpcServerProtocolService.java:lambda$onCompleted$5(159)) - omNode-bootstrap-2: Completed INSTALL_SNAPSHOT, lastReply: null
2024-09-18 12:54:53,448 [grpc-default-executor-3] WARN  server.GrpcLogAppender (GrpcLogAppender.java:onNextImpl(519)) - omNode-1@group-0AAC5367B30E->omNode-bootstrap-2-AppendLogResponseHandler: received INCONSISTENCY reply with nextIndex 0, errorCount=1, request=AppendEntriesRequest:cid=57,entriesCount=0
2024-09-18 12:54:53,449 [grpc-default-executor-3] INFO  server.GrpcLogAppender (GrpcLogAppender.java:onNext(649)) - omNode-1@group-0AAC5367B30E->omNode-bootstrap-2-InstallSnapshotResponseHandler: received a reply omNode-1<-omNode-bootstrap-2#0:FAIL-t1,IN_PROGRESS,snapshotIndex=0
2024-09-18 12:54:53,449 [grpc-default-executor-3] INFO  server.GrpcLogAppender (GrpcLogAppender.java:onNext(665)) - omNode-1@group-0AAC5367B30E->omNode-bootstrap-2-InstallSnapshotResponseHandler: InstallSnapshot in progress.
2024-09-18 12:54:53,449 [omNode-bootstrap-2-server-thread1] INFO  server.RaftServer$Division (RaftServerImpl.java:checkInconsistentAppendEntries(1629)) - omNode-bootstrap-2@group-0AAC5367B30E: Failed appendEntries as snapshot (0) installation is in progress
2024-09-18 12:54:53,449 [omNode-bootstrap-2-server-thread1] INFO  server.RaftServer$Division (RaftServerImpl.java:appendEntriesAsync(1584)) - omNode-bootstrap-2@group-0AAC5367B30E: appendEntries* reply omNode-1<-omNode-bootstrap-2#58:FAIL-t1,INCONSISTENCY,nextIndex=0,followerCommit=-1,matchIndex=-1
2024-09-18 12:54:53,450 [omNode-1@group-0AAC5367B30E->omNode-bootstrap-2-GrpcLogAppender-LogAppenderDaemon] INFO  server.GrpcLogAppender (GrpcLogAppender.java:notifyInstallSnapshot(790)) - omNode-1@group-0AAC5367B30E->omNode-bootstrap-2-GrpcLogAppender: notifyInstallSnapshot with firstAvailable=(t:1, i:0), followerNextIndex=0
2024-09-18 12:54:53,450 [omNode-1@group-0AAC5367B30E->omNode-bootstrap-2-GrpcLogAppender-LogAppenderDaemon] INFO  server.GrpcLogAppender (GrpcLogAppender.java:notifyInstallSnapshot(798)) - omNode-1@group-0AAC5367B30E->omNode-bootstrap-2-GrpcLogAppender: send omNode-1->omNode-bootstrap-2#0-t1,notify:(t:1, i:0)
2024-09-18 12:54:53,451 [omNode-bootstrap-2-InstallSnapshotThread] INFO  utils.RDBSnapshotProvider (RDBSnapshotProvider.java:downloadDBSnapshotFromLeader(118)) - Successfully download the latest snapshot /home/runner/work/ozone/ozone/hadoop-ozone/integration-test/target/test-dir/MiniOzoneClusterImpl-1474a09c-6dad-4fc4-86e4-bad221540704/omNode-bootstrap-2/snapshot/om.db-omNode-1-1726664093068.tar from leader OM: omNode-1
2024-09-18 12:54:53,452 [grpc-default-executor-3] WARN  server.GrpcLogAppender (GrpcLogAppender.java:onNextImpl(519)) - omNode-1@group-0AAC5367B30E->omNode-bootstrap-2-AppendLogResponseHandler: received INCONSISTENCY reply with nextIndex 0, errorCount=1, request=AppendEntriesRequest:cid=58,entriesCount=0
2024-09-18 12:54:53,453 [grpc-default-executor-0] INFO  impl.SnapshotInstallationHandler (SnapshotInstallationHandler.java:installSnapshot(92)) - omNode-bootstrap-2@group-0AAC5367B30E: receive installSnapshot: omNode-1->omNode-bootstrap-2#0-t1,notify:(t:1, i:0)
2024-09-18 12:54:53,453 [grpc-default-executor-0] INFO  impl.SnapshotInstallationHandler (SnapshotInstallationHandler.java:installSnapshotImpl(138)) - omNode-bootstrap-2@group-0AAC5367B30E: set new configuration configurationEntry {
  peers {
    id: "omNode-1"
    address: "localhost:15015"
    startupRole: FOLLOWER
  }
}
 from snapshot
2024-09-18 12:54:53,453 [grpc-default-executor-0] INFO  server.RaftServer$Division (ServerState.java:setRaftConf(386)) - omNode-bootstrap-2@group-0AAC5367B30E: set configuration conf: {index: 0, cur=peers:[omNode-1|localhost:15015]|listeners:[], old=null}
2024-09-18 12:54:53,454 [grpc-default-executor-0] INFO  ratis.OzoneManagerStateMachine (OzoneManagerStateMachine.java:notifyConfigurationChanged(216)) - Received Configuration change notification from Ratis. New Peer list:
[id: "omNode-1"
address: "localhost:15015"
startupRole: FOLLOWER
]
2024-09-18 12:54:53,454 [grpc-default-executor-0] INFO  impl.SnapshotInstallationHandler (SnapshotInstallationHandler.java:installSnapshot(103)) - omNode-bootstrap-2@group-0AAC5367B30E: reply installSnapshot: omNode-1<-omNode-bootstrap-2#0:FAIL-t1,IN_PROGRESS,snapshotIndex=0
2024-09-18 12:54:53,455 [grpc-default-executor-0] INFO  server.GrpcServerProtocolService (GrpcServerProtocolService.java:onCompleted(157)) - omNode-bootstrap-2: Completed INSTALL_SNAPSHOT, lastRequest: omNode-1->omNode-bootstrap-2#0-t1,notify:(t:1, i:0)
2024-09-18 12:54:53,455 [grpc-default-executor-0] INFO  server.GrpcServerProtocolService (GrpcServerProtocolService.java:lambda$onCompleted$5(159)) - omNode-bootstrap-2: Completed INSTALL_SNAPSHOT, lastReply: null
2024-09-18 12:54:53,455 [grpc-default-executor-0] INFO  server.GrpcLogAppender (GrpcLogAppender.java:onNext(649)) - omNode-1@group-0AAC5367B30E->omNode-bootstrap-2-InstallSnapshotResponseHandler: received a reply omNode-1<-omNode-bootstrap-2#0:FAIL-t1,IN_PROGRESS,snapshotIndex=0
2024-09-18 12:54:53,455 [grpc-default-executor-0] INFO  server.GrpcLogAppender (GrpcLogAppender.java:onNext(665)) - omNode-1@group-0AAC5367B30E->omNode-bootstrap-2-InstallSnapshotResponseHandler: InstallSnapshot in progress.
2024-09-18 12:54:53,456 [qtp2083527126-474] INFO  db.RocksDBCheckpoint (RocksDBCheckpoint.java:cleanupCheckpoint(78)) - Cleaning up RocksDB checkpoint at /home/runner/work/ozone/ozone/hadoop-ozone/integration-test/target/test-dir/MiniOzoneClusterImpl-1474a09c-6dad-4fc4-86e4-bad221540704/omNode-1/db.checkpoints/om.db_checkpoint_1726664093284
2024-09-18 12:54:53,456 [omNode-bootstrap-2-server-thread1] INFO  server.RaftServer$Division (RaftServerImpl.java:checkInconsistentAppendEntries(1629)) - omNode-bootstrap-2@group-0AAC5367B30E: Failed appendEntries as snapshot (0) installation is in progress
2024-09-18 12:54:53,456 [omNode-bootstrap-2-server-thread1] INFO  server.RaftServer$Division (RaftServerImpl.java:appendEntriesAsync(1584)) - omNode-bootstrap-2@group-0AAC5367B30E: appendEntries* reply omNode-1<-omNode-bootstrap-2#59:FAIL-t1,INCONSISTENCY,nextIndex=0,followerCommit=-1,matchIndex=-1
2024-09-18 12:54:53,457 [grpc-default-executor-0] WARN  server.GrpcLogAppender (GrpcLogAppender.java:onNextImpl(519)) - omNode-1@group-0AAC5367B30E->omNode-bootstrap-2-AppendLogResponseHandler: received INCONSISTENCY reply with nextIndex 0, errorCount=1, request=AppendEntriesRequest:cid=59,entriesCount=0
2024-09-18 12:54:53,457 [omNode-1@group-0AAC5367B30E->omNode-bootstrap-2-GrpcLogAppender-LogAppenderDaemon] INFO  server.GrpcLogAppender (GrpcLogAppender.java:notifyInstallSnapshot(790)) - omNode-1@group-0AAC5367B30E->omNode-bootstrap-2-GrpcLogAppender: notifyInstallSnapshot with firstAvailable=(t:1, i:0), followerNextIndex=0
2024-09-18 12:54:53,457 [omNode-1@group-0AAC5367B30E->omNode-bootstrap-2-GrpcLogAppender-LogAppenderDaemon] INFO  server.GrpcLogAppender (GrpcLogAppender.java:notifyInstallSnapshot(798)) - omNode-1@group-0AAC5367B30E->omNode-bootstrap-2-GrpcLogAppender: send omNode-1->omNode-bootstrap-2#0-t1,notify:(t:1, i:0)
2024-09-18 12:54:53,459 [grpc-default-executor-0] INFO  impl.SnapshotInstallationHandler (SnapshotInstallationHandler.java:installSnapshot(92)) - omNode-bootstrap-2@group-0AAC5367B30E: receive installSnapshot: omNode-1->omNode-bootstrap-2#0-t1,notify:(t:1, i:0)
2024-09-18 12:54:53,459 [grpc-default-executor-0] INFO  impl.SnapshotInstallationHandler (SnapshotInstallationHandler.java:installSnapshotImpl(138)) - omNode-bootstrap-2@group-0AAC5367B30E: set new configuration configurationEntry {
  peers {
    id: "omNode-1"
    address: "localhost:15015"
    startupRole: FOLLOWER
  }
}
 from snapshot
2024-09-18 12:54:53,459 [grpc-default-executor-0] INFO  server.RaftServer$Division (ServerState.java:setRaftConf(386)) - omNode-bootstrap-2@group-0AAC5367B30E: set configuration conf: {index: 0, cur=peers:[omNode-1|localhost:15015]|listeners:[], old=null}
2024-09-18 12:54:53,460 [grpc-default-executor-0] INFO  ratis.OzoneManagerStateMachine (OzoneManagerStateMachine.java:notifyConfigurationChanged(216)) - Received Configuration change notification from Ratis. New Peer list:
[id: "omNode-1"
address: "localhost:15015"
startupRole: FOLLOWER
]
2024-09-18 12:54:53,460 [grpc-default-executor-0] INFO  impl.SnapshotInstallationHandler (SnapshotInstallationHandler.java:installSnapshot(103)) - omNode-bootstrap-2@group-0AAC5367B30E: reply installSnapshot: omNode-1<-omNode-bootstrap-2#0:FAIL-t1,IN_PROGRESS,snapshotIndex=0
2024-09-18 12:54:53,460 [grpc-default-executor-0] INFO  server.GrpcServerProtocolService (GrpcServerProtocolService.java:onCompleted(157)) - omNode-bootstrap-2: Completed INSTALL_SNAPSHOT, lastRequest: omNode-1->omNode-bootstrap-2#0-t1,notify:(t:1, i:0)
2024-09-18 12:54:53,460 [grpc-default-executor-0] INFO  server.GrpcServerProtocolService (GrpcServerProtocolService.java:lambda$onCompleted$5(159)) - omNode-bootstrap-2: Completed INSTALL_SNAPSHOT, lastReply: null
2024-09-18 12:54:53,461 [grpc-default-executor-0] INFO  server.GrpcLogAppender (GrpcLogAppender.java:onNext(649)) - omNode-1@group-0AAC5367B30E->omNode-bootstrap-2-InstallSnapshotResponseHandler: received a reply omNode-1<-omNode-bootstrap-2#0:FAIL-t1,IN_PROGRESS,snapshotIndex=0
2024-09-18 12:54:53,461 [grpc-default-executor-0] INFO  server.GrpcLogAppender (GrpcLogAppender.java:onNext(665)) - omNode-1@group-0AAC5367B30E->omNode-bootstrap-2-InstallSnapshotResponseHandler: InstallSnapshot in progress.
2024-09-18 12:54:53,462 [omNode-bootstrap-2-server-thread1] INFO  server.RaftServer$Division (RaftServerImpl.java:checkInconsistentAppendEntries(1629)) - omNode-bootstrap-2@group-0AAC5367B30E: Failed appendEntries as snapshot (0) installation is in progress
2024-09-18 12:54:53,462 [omNode-bootstrap-2-server-thread1] INFO  server.RaftServer$Division (RaftServerImpl.java:appendEntriesAsync(1584)) - omNode-bootstrap-2@group-0AAC5367B30E: appendEntries* reply omNode-1<-omNode-bootstrap-2#60:FAIL-t1,INCONSISTENCY,nextIndex=0,followerCommit=-1,matchIndex=-1
2024-09-18 12:54:53,462 [grpc-default-executor-0] WARN  server.GrpcLogAppender (GrpcLogAppender.java:onNextImpl(519)) - omNode-1@group-0AAC5367B30E->omNode-bootstrap-2-AppendLogResponseHandler: received INCONSISTENCY reply with nextIndex 0, errorCount=1, request=AppendEntriesRequest:cid=60,entriesCount=0
2024-09-18 12:54:53,462 [omNode-1@group-0AAC5367B30E->omNode-bootstrap-2-GrpcLogAppender-LogAppenderDaemon] INFO  server.GrpcLogAppender (GrpcLogAppender.java:notifyInstallSnapshot(790)) - omNode-1@group-0AAC5367B30E->omNode-bootstrap-2-GrpcLogAppender: notifyInstallSnapshot with firstAvailable=(t:1, i:0), followerNextIndex=0
2024-09-18 12:54:53,462 [omNode-1@group-0AAC5367B30E->omNode-bootstrap-2-GrpcLogAppender-LogAppenderDaemon] INFO  server.GrpcLogAppender (GrpcLogAppender.java:notifyInstallSnapshot(798)) - omNode-1@group-0AAC5367B30E->omNode-bootstrap-2-GrpcLogAppender: send omNode-1->omNode-bootstrap-2#0-t1,notify:(t:1, i:0)
2024-09-18 12:54:53,463 [grpc-default-executor-0] INFO  impl.SnapshotInstallationHandler (SnapshotInstallationHandler.java:installSnapshot(92)) - omNode-bootstrap-2@group-0AAC5367B30E: receive installSnapshot: omNode-1->omNode-bootstrap-2#0-t1,notify:(t:1, i:0)
2024-09-18 12:54:53,463 [grpc-default-executor-0] INFO  impl.SnapshotInstallationHandler (SnapshotInstallationHandler.java:installSnapshotImpl(138)) - omNode-bootstrap-2@group-0AAC5367B30E: set new configuration configurationEntry {
  peers {
    id: "omNode-1"
    address: "localhost:15015"
    startupRole: FOLLOWER
  }
}
 from snapshot
2024-09-18 12:54:53,464 [grpc-default-executor-0] INFO  server.RaftServer$Division (ServerState.java:setRaftConf(386)) - omNode-bootstrap-2@group-0AAC5367B30E: set configuration conf: {index: 0, cur=peers:[omNode-1|localhost:15015]|listeners:[], old=null}
2024-09-18 12:54:53,464 [grpc-default-executor-0] INFO  ratis.OzoneManagerStateMachine (OzoneManagerStateMachine.java:notifyConfigurationChanged(216)) - Received Configuration change notification from Ratis. New Peer list:
[id: "omNode-1"
address: "localhost:15015"
startupRole: FOLLOWER
]
2024-09-18 12:54:53,464 [grpc-default-executor-0] INFO  impl.SnapshotInstallationHandler (SnapshotInstallationHandler.java:installSnapshot(103)) - omNode-bootstrap-2@group-0AAC5367B30E: reply installSnapshot: omNode-1<-omNode-bootstrap-2#0:FAIL-t1,IN_PROGRESS,snapshotIndex=0
2024-09-18 12:54:53,465 [grpc-default-executor-0] INFO  server.GrpcServerProtocolService (GrpcServerProtocolService.java:onCompleted(157)) - omNode-bootstrap-2: Completed INSTALL_SNAPSHOT, lastRequest: omNode-1->omNode-bootstrap-2#0-t1,notify:(t:1, i:0)
2024-09-18 12:54:53,465 [grpc-default-executor-0] INFO  server.GrpcServerProtocolService (GrpcServerProtocolService.java:lambda$onCompleted$5(159)) - omNode-bootstrap-2: Completed INSTALL_SNAPSHOT, lastReply: null
2024-09-18 12:54:53,465 [grpc-default-executor-0] INFO  server.GrpcLogAppender (GrpcLogAppender.java:onNext(649)) - omNode-1@group-0AAC5367B30E->omNode-bootstrap-2-InstallSnapshotResponseHandler: received a reply omNode-1<-omNode-bootstrap-2#0:FAIL-t1,IN_PROGRESS,snapshotIndex=0
2024-09-18 12:54:53,465 [grpc-default-executor-0] INFO  server.GrpcLogAppender (GrpcLogAppender.java:onNext(665)) - omNode-1@group-0AAC5367B30E->omNode-bootstrap-2-InstallSnapshotResponseHandler: InstallSnapshot in progress.
2024-09-18 12:54:53,466 [omNode-bootstrap-2-server-thread1] INFO  server.RaftServer$Division (RaftServerImpl.java:checkInconsistentAppendEntries(1629)) - omNode-bootstrap-2@group-0AAC5367B30E: Failed appendEntries as snapshot (0) installation is in progress
2024-09-18 12:54:53,466 [omNode-bootstrap-2-server-thread1] INFO  server.RaftServer$Division (RaftServerImpl.java:appendEntriesAsync(1584)) - omNode-bootstrap-2@group-0AAC5367B30E: appendEntries* reply omNode-1<-omNode-bootstrap-2#61:FAIL-t1,INCONSISTENCY,nextIndex=0,followerCommit=-1,matchIndex=-1
2024-09-18 12:54:53,466 [grpc-default-executor-0] WARN  server.GrpcLogAppender (GrpcLogAppender.java:onNextImpl(519)) - omNode-1@group-0AAC5367B30E->omNode-bootstrap-2-AppendLogResponseHandler: received INCONSISTENCY reply with nextIndex 0, errorCount=1, request=AppendEntriesRequest:cid=61,entriesCount=0
2024-09-18 12:54:53,466 [omNode-1@group-0AAC5367B30E->omNode-bootstrap-2-GrpcLogAppender-LogAppenderDaemon] INFO  server.GrpcLogAppender (GrpcLogAppender.java:notifyInstallSnapshot(790)) - omNode-1@group-0AAC5367B30E->omNode-bootstrap-2-GrpcLogAppender: notifyInstallSnapshot with firstAvailable=(t:1, i:0), followerNextIndex=0
2024-09-18 12:54:53,467 [omNode-1@group-0AAC5367B30E->omNode-bootstrap-2-GrpcLogAppender-LogAppenderDaemon] INFO  server.GrpcLogAppender (GrpcLogAppender.java:notifyInstallSnapshot(798)) - omNode-1@group-0AAC5367B30E->omNode-bootstrap-2-GrpcLogAppender: send omNode-1->omNode-bootstrap-2#0-t1,notify:(t:1, i:0)
2024-09-18 12:54:53,468 [grpc-default-executor-3] INFO  impl.SnapshotInstallationHandler (SnapshotInstallationHandler.java:installSnapshot(92)) - omNode-bootstrap-2@group-0AAC5367B30E: receive installSnapshot: omNode-1->omNode-bootstrap-2#0-t1,notify:(t:1, i:0)
2024-09-18 12:54:53,468 [grpc-default-executor-3] INFO  impl.SnapshotInstallationHandler (SnapshotInstallationHandler.java:installSnapshotImpl(138)) - omNode-bootstrap-2@group-0AAC5367B30E: set new configuration configurationEntry {
  peers {
    id: "omNode-1"
    address: "localhost:15015"
    startupRole: FOLLOWER
  }
}
 from snapshot
2024-09-18 12:54:53,468 [grpc-default-executor-3] INFO  server.RaftServer$Division (ServerState.java:setRaftConf(386)) - omNode-bootstrap-2@group-0AAC5367B30E: set configuration conf: {index: 0, cur=peers:[omNode-1|localhost:15015]|listeners:[], old=null}
2024-09-18 12:54:53,469 [grpc-default-executor-3] INFO  ratis.OzoneManagerStateMachine (OzoneManagerStateMachine.java:notifyConfigurationChanged(216)) - Received Configuration change notification from Ratis. New Peer list:
[id: "omNode-1"
address: "localhost:15015"
startupRole: FOLLOWER
]
2024-09-18 12:54:53,469 [grpc-default-executor-3] INFO  impl.SnapshotInstallationHandler (SnapshotInstallationHandler.java:installSnapshot(103)) - omNode-bootstrap-2@group-0AAC5367B30E: reply installSnapshot: omNode-1<-omNode-bootstrap-2#0:FAIL-t1,IN_PROGRESS,snapshotIndex=0
2024-09-18 12:54:53,470 [grpc-default-executor-3] INFO  server.GrpcServerProtocolService (GrpcServerProtocolService.java:onCompleted(157)) - omNode-bootstrap-2: Completed INSTALL_SNAPSHOT, lastRequest: omNode-1->omNode-bootstrap-2#0-t1,notify:(t:1, i:0)
2024-09-18 12:54:53,470 [grpc-default-executor-3] INFO  server.GrpcServerProtocolService (GrpcServerProtocolService.java:lambda$onCompleted$5(159)) - omNode-bootstrap-2: Completed INSTALL_SNAPSHOT, lastReply: null
2024-09-18 12:54:53,470 [grpc-default-executor-0] INFO  server.GrpcLogAppender (GrpcLogAppender.java:onNext(649)) - omNode-1@group-0AAC5367B30E->omNode-bootstrap-2-InstallSnapshotResponseHandler: received a reply omNode-1<-omNode-bootstrap-2#0:FAIL-t1,IN_PROGRESS,snapshotIndex=0
2024-09-18 12:54:53,470 [grpc-default-executor-0] INFO  server.GrpcLogAppender (GrpcLogAppender.java:onNext(665)) - omNode-1@group-0AAC5367B30E->omNode-bootstrap-2-InstallSnapshotResponseHandler: InstallSnapshot in progress.
2024-09-18 12:54:53,471 [omNode-bootstrap-2-InstallSnapshotThread] INFO  utils.RDBSnapshotProvider (RDBSnapshotProvider.java:downloadDBSnapshotFromLeader(127)) - Successfully untar the downloaded snapshot /home/runner/work/ozone/ozone/hadoop-ozone/integration-test/target/test-dir/MiniOzoneClusterImpl-1474a09c-6dad-4fc4-86e4-bad221540704/omNode-bootstrap-2/snapshot/om.db-omNode-1-1726664093068.tar at /home/runner/work/ozone/ozone/hadoop-ozone/integration-test/target/test-dir/MiniOzoneClusterImpl-1474a09c-6dad-4fc4-86e4-bad221540704/omNode-bootstrap-2/snapshot/om.db.candidate.
2024-09-18 12:54:53,471 [omNode-bootstrap-2-InstallSnapshotThread] INFO  utils.RDBSnapshotProvider (RDBSnapshotProvider.java:downloadDBSnapshotFromLeader(130)) - Ratis snapshot transfer is complete.
2024-09-18 12:54:53,473 [omNode-bootstrap-2-server-thread1] INFO  server.RaftServer$Division (RaftServerImpl.java:checkInconsistentAppendEntries(1629)) - omNode-bootstrap-2@group-0AAC5367B30E: Failed appendEntries as snapshot (0) installation is in progress
2024-09-18 12:54:53,474 [omNode-bootstrap-2-server-thread1] INFO  server.RaftServer$Division (RaftServerImpl.java:appendEntriesAsync(1584)) - omNode-bootstrap-2@group-0AAC5367B30E: appendEntries* reply omNode-1<-omNode-bootstrap-2#62:FAIL-t1,INCONSISTENCY,nextIndex=0,followerCommit=-1,matchIndex=-1
2024-09-18 12:54:53,474 [grpc-default-executor-0] WARN  server.GrpcLogAppender (GrpcLogAppender.java:onNextImpl(519)) - omNode-1@group-0AAC5367B30E->omNode-bootstrap-2-AppendLogResponseHandler: received INCONSISTENCY reply with nextIndex 0, errorCount=1, request=AppendEntriesRequest:cid=62,entriesCount=0
2024-09-18 12:54:53,474 [omNode-1@group-0AAC5367B30E->omNode-bootstrap-2-GrpcLogAppender-LogAppenderDaemon] INFO  server.GrpcLogAppender (GrpcLogAppender.java:notifyInstallSnapshot(790)) - omNode-1@group-0AAC5367B30E->omNode-bootstrap-2-GrpcLogAppender: notifyInstallSnapshot with firstAvailable=(t:1, i:0), followerNextIndex=0
2024-09-18 12:54:53,474 [omNode-1@group-0AAC5367B30E->omNode-bootstrap-2-GrpcLogAppender-LogAppenderDaemon] INFO  server.GrpcLogAppender (GrpcLogAppender.java:notifyInstallSnapshot(798)) - omNode-1@group-0AAC5367B30E->omNode-bootstrap-2-GrpcLogAppender: send omNode-1->omNode-bootstrap-2#0-t1,notify:(t:1, i:0)
2024-09-18 12:54:53,475 [grpc-default-executor-0] INFO  impl.SnapshotInstallationHandler (SnapshotInstallationHandler.java:installSnapshot(92)) - omNode-bootstrap-2@group-0AAC5367B30E: receive installSnapshot: omNode-1->omNode-bootstrap-2#0-t1,notify:(t:1, i:0)
2024-09-18 12:54:53,476 [grpc-default-executor-0] INFO  impl.SnapshotInstallationHandler (SnapshotInstallationHandler.java:installSnapshotImpl(138)) - omNode-bootstrap-2@group-0AAC5367B30E: set new configuration configurationEntry {
  peers {
    id: "omNode-1"
    address: "localhost:15015"
    startupRole: FOLLOWER
  }
}
 from snapshot
2024-09-18 12:54:53,476 [grpc-default-executor-0] INFO  server.RaftServer$Division (ServerState.java:setRaftConf(386)) - omNode-bootstrap-2@group-0AAC5367B30E: set configuration conf: {index: 0, cur=peers:[omNode-1|localhost:15015]|listeners:[], old=null}
2024-09-18 12:54:53,477 [grpc-default-executor-0] INFO  ratis.OzoneManagerStateMachine (OzoneManagerStateMachine.java:notifyConfigurationChanged(216)) - Received Configuration change notification from Ratis. New Peer list:
[id: "omNode-1"
address: "localhost:15015"
startupRole: FOLLOWER
]
2024-09-18 12:54:53,477 [grpc-default-executor-0] INFO  impl.SnapshotInstallationHandler (SnapshotInstallationHandler.java:installSnapshot(103)) - omNode-bootstrap-2@group-0AAC5367B30E: reply installSnapshot: omNode-1<-omNode-bootstrap-2#0:FAIL-t1,IN_PROGRESS,snapshotIndex=0
2024-09-18 12:54:53,477 [grpc-default-executor-0] INFO  server.GrpcServerProtocolService (GrpcServerProtocolService.java:onCompleted(157)) - omNode-bootstrap-2: Completed INSTALL_SNAPSHOT, lastRequest: omNode-1->omNode-bootstrap-2#0-t1,notify:(t:1, i:0)
2024-09-18 12:54:53,477 [grpc-default-executor-0] INFO  server.GrpcServerProtocolService (GrpcServerProtocolService.java:lambda$onCompleted$5(159)) - omNode-bootstrap-2: Completed INSTALL_SNAPSHOT, lastReply: null
2024-09-18 12:54:53,478 [grpc-default-executor-3] INFO  server.GrpcLogAppender (GrpcLogAppender.java:onNext(649)) - omNode-1@group-0AAC5367B30E->omNode-bootstrap-2-InstallSnapshotResponseHandler: received a reply omNode-1<-omNode-bootstrap-2#0:FAIL-t1,IN_PROGRESS,snapshotIndex=0
2024-09-18 12:54:53,478 [grpc-default-executor-3] INFO  server.GrpcLogAppender (GrpcLogAppender.java:onNext(665)) - omNode-1@group-0AAC5367B30E->omNode-bootstrap-2-InstallSnapshotResponseHandler: InstallSnapshot in progress.
2024-09-18 12:54:53,479 [omNode-bootstrap-2-server-thread1] INFO  server.RaftServer$Division (RaftServerImpl.java:checkInconsistentAppendEntries(1629)) - omNode-bootstrap-2@group-0AAC5367B30E: Failed appendEntries as snapshot (0) installation is in progress
2024-09-18 12:54:53,479 [omNode-bootstrap-2-server-thread1] INFO  server.RaftServer$Division (RaftServerImpl.java:appendEntriesAsync(1584)) - omNode-bootstrap-2@group-0AAC5367B30E: appendEntries* reply omNode-1<-omNode-bootstrap-2#63:FAIL-t1,INCONSISTENCY,nextIndex=0,followerCommit=-1,matchIndex=-1
2024-09-18 12:54:53,479 [grpc-default-executor-0] WARN  server.GrpcLogAppender (GrpcLogAppender.java:onNextImpl(519)) - omNode-1@group-0AAC5367B30E->omNode-bootstrap-2-AppendLogResponseHandler: received INCONSISTENCY reply with nextIndex 0, errorCount=1, request=AppendEntriesRequest:cid=63,entriesCount=0
2024-09-18 12:54:53,479 [omNode-1@group-0AAC5367B30E->omNode-bootstrap-2-GrpcLogAppender-LogAppenderDaemon] INFO  server.GrpcLogAppender (GrpcLogAppender.java:notifyInstallSnapshot(790)) - omNode-1@group-0AAC5367B30E->omNode-bootstrap-2-GrpcLogAppender: notifyInstallSnapshot with firstAvailable=(t:1, i:0), followerNextIndex=0
2024-09-18 12:54:53,479 [omNode-1@group-0AAC5367B30E->omNode-bootstrap-2-GrpcLogAppender-LogAppenderDaemon] INFO  server.GrpcLogAppender (GrpcLogAppender.java:notifyInstallSnapshot(798)) - omNode-1@group-0AAC5367B30E->omNode-bootstrap-2-GrpcLogAppender: send omNode-1->omNode-bootstrap-2#0-t1,notify:(t:1, i:0)
2024-09-18 12:54:53,480 [grpc-default-executor-0] INFO  impl.SnapshotInstallationHandler (SnapshotInstallationHandler.java:installSnapshot(92)) - omNode-bootstrap-2@group-0AAC5367B30E: receive installSnapshot: omNode-1->omNode-bootstrap-2#0-t1,notify:(t:1, i:0)
2024-09-18 12:54:53,481 [grpc-default-executor-0] INFO  impl.SnapshotInstallationHandler (SnapshotInstallationHandler.java:installSnapshotImpl(138)) - omNode-bootstrap-2@group-0AAC5367B30E: set new configuration configurationEntry {
  peers {
    id: "omNode-1"
    address: "localhost:15015"
    startupRole: FOLLOWER
  }
}
 from snapshot
2024-09-18 12:54:53,481 [grpc-default-executor-0] INFO  server.RaftServer$Division (ServerState.java:setRaftConf(386)) - omNode-bootstrap-2@group-0AAC5367B30E: set configuration conf: {index: 0, cur=peers:[omNode-1|localhost:15015]|listeners:[], old=null}
2024-09-18 12:54:53,482 [grpc-default-executor-0] INFO  ratis.OzoneManagerStateMachine (OzoneManagerStateMachine.java:notifyConfigurationChanged(216)) - Received Configuration change notification from Ratis. New Peer list:
[id: "omNode-1"
address: "localhost:15015"
startupRole: FOLLOWER
]
2024-09-18 12:54:53,482 [grpc-default-executor-0] INFO  impl.SnapshotInstallationHandler (SnapshotInstallationHandler.java:installSnapshot(103)) - omNode-bootstrap-2@group-0AAC5367B30E: reply installSnapshot: omNode-1<-omNode-bootstrap-2#0:FAIL-t1,IN_PROGRESS,snapshotIndex=0
2024-09-18 12:54:53,482 [grpc-default-executor-0] INFO  server.GrpcServerProtocolService (GrpcServerProtocolService.java:onCompleted(157)) - omNode-bootstrap-2: Completed INSTALL_SNAPSHOT, lastRequest: omNode-1->omNode-bootstrap-2#0-t1,notify:(t:1, i:0)
2024-09-18 12:54:53,482 [grpc-default-executor-0] INFO  server.GrpcServerProtocolService (GrpcServerProtocolService.java:lambda$onCompleted$5(159)) - omNode-bootstrap-2: Completed INSTALL_SNAPSHOT, lastReply: null
2024-09-18 12:54:53,482 [grpc-default-executor-3] INFO  server.GrpcLogAppender (GrpcLogAppender.java:onNext(649)) - omNode-1@group-0AAC5367B30E->omNode-bootstrap-2-InstallSnapshotResponseHandler: received a reply omNode-1<-omNode-bootstrap-2#0:FAIL-t1,IN_PROGRESS,snapshotIndex=0
2024-09-18 12:54:53,482 [grpc-default-executor-3] INFO  server.GrpcLogAppender (GrpcLogAppender.java:onNext(665)) - omNode-1@group-0AAC5367B30E->omNode-bootstrap-2-InstallSnapshotResponseHandler: InstallSnapshot in progress.
2024-09-18 12:54:53,483 [omNode-bootstrap-2-server-thread1] INFO  server.RaftServer$Division (RaftServerImpl.java:checkInconsistentAppendEntries(1629)) - omNode-bootstrap-2@group-0AAC5367B30E: Failed appendEntries as snapshot (0) installation is in progress
2024-09-18 12:54:53,483 [omNode-bootstrap-2-server-thread1] INFO  server.RaftServer$Division (RaftServerImpl.java:appendEntriesAsync(1584)) - omNode-bootstrap-2@group-0AAC5367B30E: appendEntries* reply omNode-1<-omNode-bootstrap-2#64:FAIL-t1,INCONSISTENCY,nextIndex=0,followerCommit=-1,matchIndex=-1
2024-09-18 12:54:53,484 [grpc-default-executor-3] WARN  server.GrpcLogAppender (GrpcLogAppender.java:onNextImpl(519)) - omNode-1@group-0AAC5367B30E->omNode-bootstrap-2-AppendLogResponseHandler: received INCONSISTENCY reply with nextIndex 0, errorCount=1, request=AppendEntriesRequest:cid=64,entriesCount=0
2024-09-18 12:54:53,484 [omNode-1@group-0AAC5367B30E->omNode-bootstrap-2-GrpcLogAppender-LogAppenderDaemon] INFO  server.GrpcLogAppender (GrpcLogAppender.java:notifyInstallSnapshot(790)) - omNode-1@group-0AAC5367B30E->omNode-bootstrap-2-GrpcLogAppender: notifyInstallSnapshot with firstAvailable=(t:1, i:0), followerNextIndex=0
2024-09-18 12:54:53,484 [omNode-1@group-0AAC5367B30E->omNode-bootstrap-2-GrpcLogAppender-LogAppenderDaemon] INFO  server.GrpcLogAppender (GrpcLogAppender.java:notifyInstallSnapshot(798)) - omNode-1@group-0AAC5367B30E->omNode-bootstrap-2-GrpcLogAppender: send omNode-1->omNode-bootstrap-2#0-t1,notify:(t:1, i:0)
2024-09-18 12:54:53,485 [grpc-default-executor-0] INFO  impl.SnapshotInstallationHandler (SnapshotInstallationHandler.java:installSnapshot(92)) - omNode-bootstrap-2@group-0AAC5367B30E: receive installSnapshot: omNode-1->omNode-bootstrap-2#0-t1,notify:(t:1, i:0)
2024-09-18 12:54:53,485 [grpc-default-executor-0] INFO  impl.SnapshotInstallationHandler (SnapshotInstallationHandler.java:installSnapshotImpl(138)) - omNode-bootstrap-2@group-0AAC5367B30E: set new configuration configurationEntry {
  peers {
    id: "omNode-1"
    address: "localhost:15015"
    startupRole: FOLLOWER
  }
}
 from snapshot
2024-09-18 12:54:53,485 [grpc-default-executor-0] INFO  server.RaftServer$Division (ServerState.java:setRaftConf(386)) - omNode-bootstrap-2@group-0AAC5367B30E: set configuration conf: {index: 0, cur=peers:[omNode-1|localhost:15015]|listeners:[], old=null}
2024-09-18 12:54:53,487 [grpc-default-executor-0] INFO  ratis.OzoneManagerStateMachine (OzoneManagerStateMachine.java:notifyConfigurationChanged(216)) - Received Configuration change notification from Ratis. New Peer list:
[id: "omNode-1"
address: "localhost:15015"
startupRole: FOLLOWER
]
2024-09-18 12:54:53,487 [grpc-default-executor-0] INFO  impl.SnapshotInstallationHandler (SnapshotInstallationHandler.java:installSnapshot(103)) - omNode-bootstrap-2@group-0AAC5367B30E: reply installSnapshot: omNode-1<-omNode-bootstrap-2#0:FAIL-t1,IN_PROGRESS,snapshotIndex=0
2024-09-18 12:54:53,487 [grpc-default-executor-0] INFO  server.GrpcServerProtocolService (GrpcServerProtocolService.java:onCompleted(157)) - omNode-bootstrap-2: Completed INSTALL_SNAPSHOT, lastRequest: omNode-1->omNode-bootstrap-2#0-t1,notify:(t:1, i:0)
2024-09-18 12:54:53,487 [grpc-default-executor-0] INFO  server.GrpcServerProtocolService (GrpcServerProtocolService.java:lambda$onCompleted$5(159)) - omNode-bootstrap-2: Completed INSTALL_SNAPSHOT, lastReply: null
2024-09-18 12:54:53,488 [grpc-default-executor-3] INFO  server.GrpcLogAppender (GrpcLogAppender.java:onNext(649)) - omNode-1@group-0AAC5367B30E->omNode-bootstrap-2-InstallSnapshotResponseHandler: received a reply omNode-1<-omNode-bootstrap-2#0:FAIL-t1,IN_PROGRESS,snapshotIndex=0
2024-09-18 12:54:53,488 [grpc-default-executor-3] INFO  server.GrpcLogAppender (GrpcLogAppender.java:onNext(665)) - omNode-1@group-0AAC5367B30E->omNode-bootstrap-2-InstallSnapshotResponseHandler: InstallSnapshot in progress.
2024-09-18 12:54:53,489 [omNode-bootstrap-2-server-thread1] INFO  server.RaftServer$Division (RaftServerImpl.java:checkInconsistentAppendEntries(1629)) - omNode-bootstrap-2@group-0AAC5367B30E: Failed appendEntries as snapshot (0) installation is in progress
2024-09-18 12:54:53,489 [omNode-bootstrap-2-server-thread1] INFO  server.RaftServer$Division (RaftServerImpl.java:appendEntriesAsync(1584)) - omNode-bootstrap-2@group-0AAC5367B30E: appendEntries* reply omNode-1<-omNode-bootstrap-2#65:FAIL-t1,INCONSISTENCY,nextIndex=0,followerCommit=-1,matchIndex=-1
2024-09-18 12:54:53,490 [omNode-1@group-0AAC5367B30E->omNode-bootstrap-2-GrpcLogAppender-LogAppenderDaemon] INFO  server.GrpcLogAppender (GrpcLogAppender.java:notifyInstallSnapshot(790)) - omNode-1@group-0AAC5367B30E->omNode-bootstrap-2-GrpcLogAppender: notifyInstallSnapshot with firstAvailable=(t:1, i:0), followerNextIndex=0
2024-09-18 12:54:53,490 [omNode-1@group-0AAC5367B30E->omNode-bootstrap-2-GrpcLogAppender-LogAppenderDaemon] INFO  server.GrpcLogAppender (GrpcLogAppender.java:notifyInstallSnapshot(798)) - omNode-1@group-0AAC5367B30E->omNode-bootstrap-2-GrpcLogAppender: send omNode-1->omNode-bootstrap-2#0-t1,notify:(t:1, i:0)
2024-09-18 12:54:53,490 [grpc-default-executor-0] WARN  server.GrpcLogAppender (GrpcLogAppender.java:onNextImpl(519)) - omNode-1@group-0AAC5367B30E->omNode-bootstrap-2-AppendLogResponseHandler: received INCONSISTENCY reply with nextIndex 0, errorCount=1, request=AppendEntriesRequest:cid=65,entriesCount=0
2024-09-18 12:54:53,491 [grpc-default-executor-3] INFO  impl.SnapshotInstallationHandler (SnapshotInstallationHandler.java:installSnapshot(92)) - omNode-bootstrap-2@group-0AAC5367B30E: receive installSnapshot: omNode-1->omNode-bootstrap-2#0-t1,notify:(t:1, i:0)
2024-09-18 12:54:53,491 [grpc-default-executor-3] INFO  impl.SnapshotInstallationHandler (SnapshotInstallationHandler.java:installSnapshotImpl(138)) - omNode-bootstrap-2@group-0AAC5367B30E: set new configuration configurationEntry {
  peers {
    id: "omNode-1"
    address: "localhost:15015"
    startupRole: FOLLOWER
  }
}
 from snapshot
2024-09-18 12:54:53,492 [grpc-default-executor-3] INFO  server.RaftServer$Division (ServerState.java:setRaftConf(386)) - omNode-bootstrap-2@group-0AAC5367B30E: set configuration conf: {index: 0, cur=peers:[omNode-1|localhost:15015]|listeners:[], old=null}
2024-09-18 12:54:53,493 [grpc-default-executor-3] INFO  ratis.OzoneManagerStateMachine (OzoneManagerStateMachine.java:notifyConfigurationChanged(216)) - Received Configuration change notification from Ratis. New Peer list:
[id: "omNode-1"
address: "localhost:15015"
startupRole: FOLLOWER
]
2024-09-18 12:54:53,493 [grpc-default-executor-3] INFO  impl.SnapshotInstallationHandler (SnapshotInstallationHandler.java:installSnapshot(103)) - omNode-bootstrap-2@group-0AAC5367B30E: reply installSnapshot: omNode-1<-omNode-bootstrap-2#0:FAIL-t1,IN_PROGRESS,snapshotIndex=0
2024-09-18 12:54:53,493 [grpc-default-executor-3] INFO  server.GrpcServerProtocolService (GrpcServerProtocolService.java:onCompleted(157)) - omNode-bootstrap-2: Completed INSTALL_SNAPSHOT, lastRequest: omNode-1->omNode-bootstrap-2#0-t1,notify:(t:1, i:0)
2024-09-18 12:54:53,493 [grpc-default-executor-3] INFO  server.GrpcServerProtocolService (GrpcServerProtocolService.java:lambda$onCompleted$5(159)) - omNode-bootstrap-2: Completed INSTALL_SNAPSHOT, lastReply: null
2024-09-18 12:54:53,493 [grpc-default-executor-0] INFO  server.GrpcLogAppender (GrpcLogAppender.java:onNext(649)) - omNode-1@group-0AAC5367B30E->omNode-bootstrap-2-InstallSnapshotResponseHandler: received a reply omNode-1<-omNode-bootstrap-2#0:FAIL-t1,IN_PROGRESS,snapshotIndex=0
2024-09-18 12:54:53,493 [grpc-default-executor-0] INFO  server.GrpcLogAppender (GrpcLogAppender.java:onNext(665)) - omNode-1@group-0AAC5367B30E->omNode-bootstrap-2-InstallSnapshotResponseHandler: InstallSnapshot in progress.
2024-09-18 12:54:53,494 [omNode-bootstrap-2-server-thread1] INFO  server.RaftServer$Division (RaftServerImpl.java:checkInconsistentAppendEntries(1629)) - omNode-bootstrap-2@group-0AAC5367B30E: Failed appendEntries as snapshot (0) installation is in progress
2024-09-18 12:54:53,494 [omNode-bootstrap-2-server-thread1] INFO  server.RaftServer$Division (RaftServerImpl.java:appendEntriesAsync(1584)) - omNode-bootstrap-2@group-0AAC5367B30E: appendEntries* reply omNode-1<-omNode-bootstrap-2#66:FAIL-t1,INCONSISTENCY,nextIndex=0,followerCommit=-1,matchIndex=-1
2024-09-18 12:54:53,495 [omNode-1@group-0AAC5367B30E->omNode-bootstrap-2-GrpcLogAppender-LogAppenderDaemon] INFO  server.GrpcLogAppender (GrpcLogAppender.java:notifyInstallSnapshot(790)) - omNode-1@group-0AAC5367B30E->omNode-bootstrap-2-GrpcLogAppender: notifyInstallSnapshot with firstAvailable=(t:1, i:0), followerNextIndex=0
2024-09-18 12:54:53,495 [omNode-1@group-0AAC5367B30E->omNode-bootstrap-2-GrpcLogAppender-LogAppenderDaemon] INFO  server.GrpcLogAppender (GrpcLogAppender.java:notifyInstallSnapshot(798)) - omNode-1@group-0AAC5367B30E->omNode-bootstrap-2-GrpcLogAppender: send omNode-1->omNode-bootstrap-2#0-t1,notify:(t:1, i:0)
2024-09-18 12:54:53,495 [grpc-default-executor-0] WARN  server.GrpcLogAppender (GrpcLogAppender.java:onNextImpl(519)) - omNode-1@group-0AAC5367B30E->omNode-bootstrap-2-AppendLogResponseHandler: received INCONSISTENCY reply with nextIndex 0, errorCount=1, request=AppendEntriesRequest:cid=66,entriesCount=0
2024-09-18 12:54:53,496 [grpc-default-executor-3] INFO  impl.SnapshotInstallationHandler (SnapshotInstallationHandler.java:installSnapshot(92)) - omNode-bootstrap-2@group-0AAC5367B30E: receive installSnapshot: omNode-1->omNode-bootstrap-2#0-t1,notify:(t:1, i:0)
2024-09-18 12:54:53,496 [grpc-default-executor-3] INFO  impl.SnapshotInstallationHandler (SnapshotInstallationHandler.java:installSnapshotImpl(138)) - omNode-bootstrap-2@group-0AAC5367B30E: set new configuration configurationEntry {
  peers {
    id: "omNode-1"
    address: "localhost:15015"
    startupRole: FOLLOWER
  }
}
 from snapshot
2024-09-18 12:54:53,496 [grpc-default-executor-3] INFO  server.RaftServer$Division (ServerState.java:setRaftConf(386)) - omNode-bootstrap-2@group-0AAC5367B30E: set configuration conf: {index: 0, cur=peers:[omNode-1|localhost:15015]|listeners:[], old=null}
2024-09-18 12:54:53,497 [grpc-default-executor-3] INFO  ratis.OzoneManagerStateMachine (OzoneManagerStateMachine.java:notifyConfigurationChanged(216)) - Received Configuration change notification from Ratis. New Peer list:
[id: "omNode-1"
address: "localhost:15015"
startupRole: FOLLOWER
]
2024-09-18 12:54:53,497 [grpc-default-executor-3] INFO  impl.SnapshotInstallationHandler (SnapshotInstallationHandler.java:installSnapshot(103)) - omNode-bootstrap-2@group-0AAC5367B30E: reply installSnapshot: omNode-1<-omNode-bootstrap-2#0:FAIL-t1,IN_PROGRESS,snapshotIndex=0
2024-09-18 12:54:53,498 [grpc-default-executor-3] INFO  server.GrpcServerProtocolService (GrpcServerProtocolService.java:onCompleted(157)) - omNode-bootstrap-2: Completed INSTALL_SNAPSHOT, lastRequest: omNode-1->omNode-bootstrap-2#0-t1,notify:(t:1, i:0)
2024-09-18 12:54:53,498 [grpc-default-executor-3] INFO  server.GrpcServerProtocolService (GrpcServerProtocolService.java:lambda$onCompleted$5(159)) - omNode-bootstrap-2: Completed INSTALL_SNAPSHOT, lastReply: null
2024-09-18 12:54:53,498 [grpc-default-executor-3] INFO  server.GrpcLogAppender (GrpcLogAppender.java:onNext(649)) - omNode-1@group-0AAC5367B30E->omNode-bootstrap-2-InstallSnapshotResponseHandler: received a reply omNode-1<-omNode-bootstrap-2#0:FAIL-t1,IN_PROGRESS,snapshotIndex=0
2024-09-18 12:54:53,498 [grpc-default-executor-3] INFO  server.GrpcLogAppender (GrpcLogAppender.java:onNext(665)) - omNode-1@group-0AAC5367B30E->omNode-bootstrap-2-InstallSnapshotResponseHandler: InstallSnapshot in progress.
2024-09-18 12:54:53,499 [omNode-bootstrap-2-server-thread1] INFO  server.RaftServer$Division (RaftServerImpl.java:checkInconsistentAppendEntries(1629)) - omNode-bootstrap-2@group-0AAC5367B30E: Failed appendEntries as snapshot (0) installation is in progress
2024-09-18 12:54:53,499 [omNode-bootstrap-2-server-thread1] INFO  server.RaftServer$Division (RaftServerImpl.java:appendEntriesAsync(1584)) - omNode-bootstrap-2@group-0AAC5367B30E: appendEntries* reply omNode-1<-omNode-bootstrap-2#67:FAIL-t1,INCONSISTENCY,nextIndex=0,followerCommit=-1,matchIndex=-1
2024-09-18 12:54:53,500 [grpc-default-executor-3] WARN  server.GrpcLogAppender (GrpcLogAppender.java:onNextImpl(519)) - omNode-1@group-0AAC5367B30E->omNode-bootstrap-2-AppendLogResponseHandler: received INCONSISTENCY reply with nextIndex 0, errorCount=1, request=AppendEntriesRequest:cid=67,entriesCount=0
2024-09-18 12:54:53,500 [omNode-1@group-0AAC5367B30E->omNode-bootstrap-2-GrpcLogAppender-LogAppenderDaemon] INFO  server.GrpcLogAppender (GrpcLogAppender.java:notifyInstallSnapshot(790)) - omNode-1@group-0AAC5367B30E->omNode-bootstrap-2-GrpcLogAppender: notifyInstallSnapshot with firstAvailable=(t:1, i:0), followerNextIndex=0
2024-09-18 12:54:53,500 [omNode-1@group-0AAC5367B30E->omNode-bootstrap-2-GrpcLogAppender-LogAppenderDaemon] INFO  server.GrpcLogAppender (GrpcLogAppender.java:notifyInstallSnapshot(798)) - omNode-1@group-0AAC5367B30E->omNode-bootstrap-2-GrpcLogAppender: send omNode-1->omNode-bootstrap-2#0-t1,notify:(t:1, i:0)
2024-09-18 12:54:53,501 [grpc-default-executor-3] INFO  impl.SnapshotInstallationHandler (SnapshotInstallationHandler.java:installSnapshot(92)) - omNode-bootstrap-2@group-0AAC5367B30E: receive installSnapshot: omNode-1->omNode-bootstrap-2#0-t1,notify:(t:1, i:0)
2024-09-18 12:54:53,501 [grpc-default-executor-3] INFO  impl.SnapshotInstallationHandler (SnapshotInstallationHandler.java:installSnapshotImpl(138)) - omNode-bootstrap-2@group-0AAC5367B30E: set new configuration configurationEntry {
  peers {
    id: "omNode-1"
    address: "localhost:15015"
    startupRole: FOLLOWER
  }
}
 from snapshot
2024-09-18 12:54:53,501 [grpc-default-executor-3] INFO  server.RaftServer$Division (ServerState.java:setRaftConf(386)) - omNode-bootstrap-2@group-0AAC5367B30E: set configuration conf: {index: 0, cur=peers:[omNode-1|localhost:15015]|listeners:[], old=null}
2024-09-18 12:54:53,505 [grpc-default-executor-3] INFO  ratis.OzoneManagerStateMachine (OzoneManagerStateMachine.java:notifyConfigurationChanged(216)) - Received Configuration change notification from Ratis. New Peer list:
[id: "omNode-1"
address: "localhost:15015"
startupRole: FOLLOWER
]
2024-09-18 12:54:53,505 [grpc-default-executor-3] INFO  impl.SnapshotInstallationHandler (SnapshotInstallationHandler.java:installSnapshot(103)) - omNode-bootstrap-2@group-0AAC5367B30E: reply installSnapshot: omNode-1<-omNode-bootstrap-2#0:FAIL-t1,IN_PROGRESS,snapshotIndex=0
2024-09-18 12:54:53,505 [grpc-default-executor-3] INFO  server.GrpcServerProtocolService (GrpcServerProtocolService.java:onCompleted(157)) - omNode-bootstrap-2: Completed INSTALL_SNAPSHOT, lastRequest: omNode-1->omNode-bootstrap-2#0-t1,notify:(t:1, i:0)
2024-09-18 12:54:53,505 [grpc-default-executor-3] INFO  server.GrpcServerProtocolService (GrpcServerProtocolService.java:lambda$onCompleted$5(159)) - omNode-bootstrap-2: Completed INSTALL_SNAPSHOT, lastReply: null
2024-09-18 12:54:53,505 [grpc-default-executor-3] INFO  server.GrpcLogAppender (GrpcLogAppender.java:onNext(649)) - omNode-1@group-0AAC5367B30E->omNode-bootstrap-2-InstallSnapshotResponseHandler: received a reply omNode-1<-omNode-bootstrap-2#0:FAIL-t1,IN_PROGRESS,snapshotIndex=0
2024-09-18 12:54:53,505 [grpc-default-executor-3] INFO  server.GrpcLogAppender (GrpcLogAppender.java:onNext(665)) - omNode-1@group-0AAC5367B30E->omNode-bootstrap-2-InstallSnapshotResponseHandler: InstallSnapshot in progress.
2024-09-18 12:54:53,506 [omNode-1@group-0AAC5367B30E->omNode-bootstrap-2-GrpcLogAppender-LogAppenderDaemon] INFO  server.GrpcLogAppender (GrpcLogAppender.java:notifyInstallSnapshot(790)) - omNode-1@group-0AAC5367B30E->omNode-bootstrap-2-GrpcLogAppender: notifyInstallSnapshot with firstAvailable=(t:1, i:0), followerNextIndex=0
2024-09-18 12:54:53,506 [omNode-1@group-0AAC5367B30E->omNode-bootstrap-2-GrpcLogAppender-LogAppenderDaemon] INFO  server.GrpcLogAppender (GrpcLogAppender.java:notifyInstallSnapshot(798)) - omNode-1@group-0AAC5367B30E->omNode-bootstrap-2-GrpcLogAppender: send omNode-1->omNode-bootstrap-2#0-t1,notify:(t:1, i:0)
2024-09-18 12:54:53,506 [omNode-bootstrap-2-server-thread1] INFO  server.RaftServer$Division (RaftServerImpl.java:checkInconsistentAppendEntries(1629)) - omNode-bootstrap-2@group-0AAC5367B30E: Failed appendEntries as snapshot (0) installation is in progress
2024-09-18 12:54:53,506 [omNode-bootstrap-2-server-thread1] INFO  server.RaftServer$Division (RaftServerImpl.java:appendEntriesAsync(1584)) - omNode-bootstrap-2@group-0AAC5367B30E: appendEntries* reply omNode-1<-omNode-bootstrap-2#68:FAIL-t1,INCONSISTENCY,nextIndex=0,followerCommit=-1,matchIndex=-1
2024-09-18 12:54:53,507 [grpc-default-executor-3] WARN  server.GrpcLogAppender (GrpcLogAppender.java:onNextImpl(519)) - omNode-1@group-0AAC5367B30E->omNode-bootstrap-2-AppendLogResponseHandler: received INCONSISTENCY reply with nextIndex 0, errorCount=1, request=AppendEntriesRequest:cid=68,entriesCount=0
2024-09-18 12:54:53,508 [grpc-default-executor-3] INFO  impl.SnapshotInstallationHandler (SnapshotInstallationHandler.java:installSnapshot(92)) - omNode-bootstrap-2@group-0AAC5367B30E: receive installSnapshot: omNode-1->omNode-bootstrap-2#0-t1,notify:(t:1, i:0)
2024-09-18 12:54:53,508 [grpc-default-executor-3] INFO  impl.SnapshotInstallationHandler (SnapshotInstallationHandler.java:installSnapshotImpl(138)) - omNode-bootstrap-2@group-0AAC5367B30E: set new configuration configurationEntry {
  peers {
    id: "omNode-1"
    address: "localhost:15015"
    startupRole: FOLLOWER
  }
}
 from snapshot
2024-09-18 12:54:53,508 [grpc-default-executor-3] INFO  server.RaftServer$Division (ServerState.java:setRaftConf(386)) - omNode-bootstrap-2@group-0AAC5367B30E: set configuration conf: {index: 0, cur=peers:[omNode-1|localhost:15015]|listeners:[], old=null}
2024-09-18 12:54:53,509 [grpc-default-executor-3] INFO  ratis.OzoneManagerStateMachine (OzoneManagerStateMachine.java:notifyConfigurationChanged(216)) - Received Configuration change notification from Ratis. New Peer list:
[id: "omNode-1"
address: "localhost:15015"
startupRole: FOLLOWER
]
2024-09-18 12:54:53,509 [grpc-default-executor-3] INFO  impl.SnapshotInstallationHandler (SnapshotInstallationHandler.java:installSnapshot(103)) - omNode-bootstrap-2@group-0AAC5367B30E: reply installSnapshot: omNode-1<-omNode-bootstrap-2#0:FAIL-t1,IN_PROGRESS,snapshotIndex=0
2024-09-18 12:54:53,509 [grpc-default-executor-3] INFO  server.GrpcServerProtocolService (GrpcServerProtocolService.java:onCompleted(157)) - omNode-bootstrap-2: Completed INSTALL_SNAPSHOT, lastRequest: omNode-1->omNode-bootstrap-2#0-t1,notify:(t:1, i:0)
2024-09-18 12:54:53,509 [grpc-default-executor-3] INFO  server.GrpcServerProtocolService (GrpcServerProtocolService.java:lambda$onCompleted$5(159)) - omNode-bootstrap-2: Completed INSTALL_SNAPSHOT, lastReply: null
2024-09-18 12:54:53,510 [grpc-default-executor-3] INFO  server.GrpcLogAppender (GrpcLogAppender.java:onNext(649)) - omNode-1@group-0AAC5367B30E->omNode-bootstrap-2-InstallSnapshotResponseHandler: received a reply omNode-1<-omNode-bootstrap-2#0:FAIL-t1,IN_PROGRESS,snapshotIndex=0
2024-09-18 12:54:53,510 [grpc-default-executor-3] INFO  server.GrpcLogAppender (GrpcLogAppender.java:onNext(665)) - omNode-1@group-0AAC5367B30E->omNode-bootstrap-2-InstallSnapshotResponseHandler: InstallSnapshot in progress.
2024-09-18 12:54:53,512 [omNode-1@group-0AAC5367B30E->omNode-bootstrap-2-GrpcLogAppender-LogAppenderDaemon] INFO  server.GrpcLogAppender (GrpcLogAppender.java:notifyInstallSnapshot(790)) - omNode-1@group-0AAC5367B30E->omNode-bootstrap-2-GrpcLogAppender: notifyInstallSnapshot with firstAvailable=(t:1, i:0), followerNextIndex=0
2024-09-18 12:54:53,512 [omNode-1@group-0AAC5367B30E->omNode-bootstrap-2-GrpcLogAppender-LogAppenderDaemon] INFO  server.GrpcLogAppender (GrpcLogAppender.java:notifyInstallSnapshot(798)) - omNode-1@group-0AAC5367B30E->omNode-bootstrap-2-GrpcLogAppender: send omNode-1->omNode-bootstrap-2#0-t1,notify:(t:1, i:0)
2024-09-18 12:54:53,514 [grpc-default-executor-1] INFO  impl.SnapshotInstallationHandler (SnapshotInstallationHandler.java:installSnapshot(92)) - omNode-bootstrap-2@group-0AAC5367B30E: receive installSnapshot: omNode-1->omNode-bootstrap-2#0-t1,notify:(t:1, i:0)
2024-09-18 12:54:53,514 [grpc-default-executor-1] INFO  impl.SnapshotInstallationHandler (SnapshotInstallationHandler.java:installSnapshotImpl(138)) - omNode-bootstrap-2@group-0AAC5367B30E: set new configuration configurationEntry {
  peers {
    id: "omNode-1"
    address: "localhost:15015"
    startupRole: FOLLOWER
  }
}
 from snapshot
2024-09-18 12:54:53,514 [grpc-default-executor-1] INFO  server.RaftServer$Division (ServerState.java:setRaftConf(386)) - omNode-bootstrap-2@group-0AAC5367B30E: set configuration conf: {index: 0, cur=peers:[omNode-1|localhost:15015]|listeners:[], old=null}
2024-09-18 12:54:53,517 [omNode-bootstrap-2-server-thread1] INFO  server.RaftServer$Division (RaftServerImpl.java:checkInconsistentAppendEntries(1629)) - omNode-bootstrap-2@group-0AAC5367B30E: Failed appendEntries as snapshot (0) installation is in progress
2024-09-18 12:54:53,517 [omNode-bootstrap-2-server-thread1] INFO  server.RaftServer$Division (RaftServerImpl.java:appendEntriesAsync(1584)) - omNode-bootstrap-2@group-0AAC5367B30E: appendEntries* reply omNode-1<-omNode-bootstrap-2#69:FAIL-t1,INCONSISTENCY,nextIndex=0,followerCommit=-1,matchIndex=-1
2024-09-18 12:54:53,518 [grpc-default-executor-1] INFO  ratis.OzoneManagerStateMachine (OzoneManagerStateMachine.java:notifyConfigurationChanged(216)) - Received Configuration change notification from Ratis. New Peer list:
[id: "omNode-1"
address: "localhost:15015"
startupRole: FOLLOWER
]
2024-09-18 12:54:53,518 [grpc-default-executor-1] INFO  impl.SnapshotInstallationHandler (SnapshotInstallationHandler.java:installSnapshot(103)) - omNode-bootstrap-2@group-0AAC5367B30E: reply installSnapshot: omNode-1<-omNode-bootstrap-2#0:FAIL-t1,IN_PROGRESS,snapshotIndex=0
2024-09-18 12:54:53,518 [grpc-default-executor-1] INFO  server.GrpcServerProtocolService (GrpcServerProtocolService.java:onCompleted(157)) - omNode-bootstrap-2: Completed INSTALL_SNAPSHOT, lastRequest: omNode-1->omNode-bootstrap-2#0-t1,notify:(t:1, i:0)
2024-09-18 12:54:53,518 [grpc-default-executor-1] INFO  server.GrpcServerProtocolService (GrpcServerProtocolService.java:lambda$onCompleted$5(159)) - omNode-bootstrap-2: Completed INSTALL_SNAPSHOT, lastReply: null
2024-09-18 12:54:53,518 [grpc-default-executor-0] INFO  server.GrpcLogAppender (GrpcLogAppender.java:onNext(649)) - omNode-1@group-0AAC5367B30E->omNode-bootstrap-2-InstallSnapshotResponseHandler: received a reply omNode-1<-omNode-bootstrap-2#0:FAIL-t1,IN_PROGRESS,snapshotIndex=0
2024-09-18 12:54:53,518 [grpc-default-executor-0] INFO  server.GrpcLogAppender (GrpcLogAppender.java:onNext(665)) - omNode-1@group-0AAC5367B30E->omNode-bootstrap-2-InstallSnapshotResponseHandler: InstallSnapshot in progress.
2024-09-18 12:54:53,519 [grpc-default-executor-1] WARN  server.GrpcLogAppender (GrpcLogAppender.java:onNextImpl(519)) - omNode-1@group-0AAC5367B30E->omNode-bootstrap-2-AppendLogResponseHandler: received INCONSISTENCY reply with nextIndex 0, errorCount=1, request=AppendEntriesRequest:cid=69,entriesCount=0
2024-09-18 12:54:53,520 [omNode-1@group-0AAC5367B30E->omNode-bootstrap-2-GrpcLogAppender-LogAppenderDaemon] INFO  server.GrpcLogAppender (GrpcLogAppender.java:notifyInstallSnapshot(790)) - omNode-1@group-0AAC5367B30E->omNode-bootstrap-2-GrpcLogAppender: notifyInstallSnapshot with firstAvailable=(t:1, i:0), followerNextIndex=0
2024-09-18 12:54:53,520 [omNode-1@group-0AAC5367B30E->omNode-bootstrap-2-GrpcLogAppender-LogAppenderDaemon] INFO  server.GrpcLogAppender (GrpcLogAppender.java:notifyInstallSnapshot(798)) - omNode-1@group-0AAC5367B30E->omNode-bootstrap-2-GrpcLogAppender: send omNode-1->omNode-bootstrap-2#0-t1,notify:(t:1, i:0)
2024-09-18 12:54:53,521 [omNode-bootstrap-2-server-thread1] INFO  server.RaftServer$Division (RaftServerImpl.java:checkInconsistentAppendEntries(1629)) - omNode-bootstrap-2@group-0AAC5367B30E: Failed appendEntries as snapshot (0) installation is in progress
2024-09-18 12:54:53,521 [omNode-bootstrap-2-server-thread1] INFO  server.RaftServer$Division (RaftServerImpl.java:appendEntriesAsync(1584)) - omNode-bootstrap-2@group-0AAC5367B30E: appendEntries* reply omNode-1<-omNode-bootstrap-2#70:FAIL-t1,INCONSISTENCY,nextIndex=0,followerCommit=-1,matchIndex=-1
2024-09-18 12:54:53,521 [grpc-default-executor-0] INFO  impl.SnapshotInstallationHandler (SnapshotInstallationHandler.java:installSnapshot(92)) - omNode-bootstrap-2@group-0AAC5367B30E: receive installSnapshot: omNode-1->omNode-bootstrap-2#0-t1,notify:(t:1, i:0)
2024-09-18 12:54:53,522 [grpc-default-executor-0] INFO  impl.SnapshotInstallationHandler (SnapshotInstallationHandler.java:installSnapshotImpl(138)) - omNode-bootstrap-2@group-0AAC5367B30E: set new configuration configurationEntry {
  peers {
    id: "omNode-1"
    address: "localhost:15015"
    startupRole: FOLLOWER
  }
}
 from snapshot
2024-09-18 12:54:53,522 [grpc-default-executor-0] INFO  server.RaftServer$Division (ServerState.java:setRaftConf(386)) - omNode-bootstrap-2@group-0AAC5367B30E: set configuration conf: {index: 0, cur=peers:[omNode-1|localhost:15015]|listeners:[], old=null}
2024-09-18 12:54:53,522 [grpc-default-executor-1] WARN  server.GrpcLogAppender (GrpcLogAppender.java:onNextImpl(519)) - omNode-1@group-0AAC5367B30E->omNode-bootstrap-2-AppendLogResponseHandler: received INCONSISTENCY reply with nextIndex 0, errorCount=2, request=AppendEntriesRequest:cid=70,entriesCount=0
2024-09-18 12:54:53,523 [grpc-default-executor-0] INFO  ratis.OzoneManagerStateMachine (OzoneManagerStateMachine.java:notifyConfigurationChanged(216)) - Received Configuration change notification from Ratis. New Peer list:
[id: "omNode-1"
address: "localhost:15015"
startupRole: FOLLOWER
]
2024-09-18 12:54:53,523 [grpc-default-executor-0] INFO  impl.SnapshotInstallationHandler (SnapshotInstallationHandler.java:installSnapshot(103)) - omNode-bootstrap-2@group-0AAC5367B30E: reply installSnapshot: omNode-1<-omNode-bootstrap-2#0:FAIL-t1,IN_PROGRESS,snapshotIndex=0
2024-09-18 12:54:53,523 [grpc-default-executor-0] INFO  server.GrpcServerProtocolService (GrpcServerProtocolService.java:onCompleted(157)) - omNode-bootstrap-2: Completed INSTALL_SNAPSHOT, lastRequest: omNode-1->omNode-bootstrap-2#0-t1,notify:(t:1, i:0)
2024-09-18 12:54:53,523 [grpc-default-executor-0] INFO  server.GrpcServerProtocolService (GrpcServerProtocolService.java:lambda$onCompleted$5(159)) - omNode-bootstrap-2: Completed INSTALL_SNAPSHOT, lastReply: null
2024-09-18 12:54:53,524 [grpc-default-executor-0] INFO  server.GrpcLogAppender (GrpcLogAppender.java:onNext(649)) - omNode-1@group-0AAC5367B30E->omNode-bootstrap-2-InstallSnapshotResponseHandler: received a reply omNode-1<-omNode-bootstrap-2#0:FAIL-t1,IN_PROGRESS,snapshotIndex=0
2024-09-18 12:54:53,524 [grpc-default-executor-0] INFO  server.GrpcLogAppender (GrpcLogAppender.java:onNext(665)) - omNode-1@group-0AAC5367B30E->omNode-bootstrap-2-InstallSnapshotResponseHandler: InstallSnapshot in progress.
2024-09-18 12:54:53,524 [omNode-bootstrap-2-server-thread1] INFO  server.RaftServer$Division (RaftServerImpl.java:checkInconsistentAppendEntries(1629)) - omNode-bootstrap-2@group-0AAC5367B30E: Failed appendEntries as snapshot (0) installation is in progress
2024-09-18 12:54:53,525 [omNode-bootstrap-2-server-thread1] INFO  server.RaftServer$Division (RaftServerImpl.java:appendEntriesAsync(1584)) - omNode-bootstrap-2@group-0AAC5367B30E: appendEntries* reply omNode-1<-omNode-bootstrap-2#71:FAIL-t1,INCONSISTENCY,nextIndex=0,followerCommit=-1,matchIndex=-1
2024-09-18 12:54:53,525 [grpc-default-executor-0] WARN  server.GrpcLogAppender (GrpcLogAppender.java:onNextImpl(519)) - omNode-1@group-0AAC5367B30E->omNode-bootstrap-2-AppendLogResponseHandler: received INCONSISTENCY reply with nextIndex 0, errorCount=1, request=AppendEntriesRequest:cid=71,entriesCount=0
2024-09-18 12:54:53,525 [omNode-1@group-0AAC5367B30E->omNode-bootstrap-2-GrpcLogAppender-LogAppenderDaemon] INFO  server.GrpcLogAppender (GrpcLogAppender.java:notifyInstallSnapshot(790)) - omNode-1@group-0AAC5367B30E->omNode-bootstrap-2-GrpcLogAppender: notifyInstallSnapshot with firstAvailable=(t:1, i:0), followerNextIndex=0
2024-09-18 12:54:53,525 [omNode-1@group-0AAC5367B30E->omNode-bootstrap-2-GrpcLogAppender-LogAppenderDaemon] INFO  server.GrpcLogAppender (GrpcLogAppender.java:notifyInstallSnapshot(798)) - omNode-1@group-0AAC5367B30E->omNode-bootstrap-2-GrpcLogAppender: send omNode-1->omNode-bootstrap-2#0-t1,notify:(t:1, i:0)
2024-09-18 12:54:53,526 [grpc-default-executor-3] INFO  impl.SnapshotInstallationHandler (SnapshotInstallationHandler.java:installSnapshot(92)) - omNode-bootstrap-2@group-0AAC5367B30E: receive installSnapshot: omNode-1->omNode-bootstrap-2#0-t1,notify:(t:1, i:0)
2024-09-18 12:54:53,527 [grpc-default-executor-3] INFO  impl.SnapshotInstallationHandler (SnapshotInstallationHandler.java:installSnapshotImpl(138)) - omNode-bootstrap-2@group-0AAC5367B30E: set new configuration configurationEntry {
  peers {
    id: "omNode-1"
    address: "localhost:15015"
    startupRole: FOLLOWER
  }
}
 from snapshot
2024-09-18 12:54:53,527 [grpc-default-executor-3] INFO  server.RaftServer$Division (ServerState.java:setRaftConf(386)) - omNode-bootstrap-2@group-0AAC5367B30E: set configuration conf: {index: 0, cur=peers:[omNode-1|localhost:15015]|listeners:[], old=null}
2024-09-18 12:54:53,528 [grpc-default-executor-3] INFO  ratis.OzoneManagerStateMachine (OzoneManagerStateMachine.java:notifyConfigurationChanged(216)) - Received Configuration change notification from Ratis. New Peer list:
[id: "omNode-1"
address: "localhost:15015"
startupRole: FOLLOWER
]
2024-09-18 12:54:53,528 [grpc-default-executor-3] INFO  impl.SnapshotInstallationHandler (SnapshotInstallationHandler.java:installSnapshot(103)) - omNode-bootstrap-2@group-0AAC5367B30E: reply installSnapshot: omNode-1<-omNode-bootstrap-2#0:FAIL-t1,IN_PROGRESS,snapshotIndex=0
2024-09-18 12:54:53,528 [grpc-default-executor-3] INFO  server.GrpcServerProtocolService (GrpcServerProtocolService.java:onCompleted(157)) - omNode-bootstrap-2: Completed INSTALL_SNAPSHOT, lastRequest: omNode-1->omNode-bootstrap-2#0-t1,notify:(t:1, i:0)
2024-09-18 12:54:53,528 [grpc-default-executor-3] INFO  server.GrpcServerProtocolService (GrpcServerProtocolService.java:lambda$onCompleted$5(159)) - omNode-bootstrap-2: Completed INSTALL_SNAPSHOT, lastReply: null
2024-09-18 12:54:53,529 [grpc-default-executor-0] INFO  server.GrpcLogAppender (GrpcLogAppender.java:onNext(649)) - omNode-1@group-0AAC5367B30E->omNode-bootstrap-2-InstallSnapshotResponseHandler: received a reply omNode-1<-omNode-bootstrap-2#0:FAIL-t1,IN_PROGRESS,snapshotIndex=0
2024-09-18 12:54:53,529 [grpc-default-executor-0] INFO  server.GrpcLogAppender (GrpcLogAppender.java:onNext(665)) - omNode-1@group-0AAC5367B30E->omNode-bootstrap-2-InstallSnapshotResponseHandler: InstallSnapshot in progress.
2024-09-18 12:54:53,530 [omNode-1@group-0AAC5367B30E->omNode-bootstrap-2-GrpcLogAppender-LogAppenderDaemon] INFO  server.GrpcLogAppender (GrpcLogAppender.java:notifyInstallSnapshot(790)) - omNode-1@group-0AAC5367B30E->omNode-bootstrap-2-GrpcLogAppender: notifyInstallSnapshot with firstAvailable=(t:1, i:0), followerNextIndex=0
2024-09-18 12:54:53,531 [omNode-1@group-0AAC5367B30E->omNode-bootstrap-2-GrpcLogAppender-LogAppenderDaemon] INFO  server.GrpcLogAppender (GrpcLogAppender.java:notifyInstallSnapshot(798)) - omNode-1@group-0AAC5367B30E->omNode-bootstrap-2-GrpcLogAppender: send omNode-1->omNode-bootstrap-2#0-t1,notify:(t:1, i:0)
2024-09-18 12:54:53,534 [grpc-default-executor-0] INFO  impl.SnapshotInstallationHandler (SnapshotInstallationHandler.java:installSnapshot(92)) - omNode-bootstrap-2@group-0AAC5367B30E: receive installSnapshot: omNode-1->omNode-bootstrap-2#0-t1,notify:(t:1, i:0)
2024-09-18 12:54:53,534 [grpc-default-executor-0] INFO  impl.SnapshotInstallationHandler (SnapshotInstallationHandler.java:installSnapshotImpl(138)) - omNode-bootstrap-2@group-0AAC5367B30E: set new configuration configurationEntry {
  peers {
    id: "omNode-1"
    address: "localhost:15015"
    startupRole: FOLLOWER
  }
}
 from snapshot
2024-09-18 12:54:53,534 [grpc-default-executor-0] INFO  server.RaftServer$Division (ServerState.java:setRaftConf(386)) - omNode-bootstrap-2@group-0AAC5367B30E: set configuration conf: {index: 0, cur=peers:[omNode-1|localhost:15015]|listeners:[], old=null}
2024-09-18 12:54:53,535 [omNode-bootstrap-2-server-thread1] INFO  server.RaftServer$Division (RaftServerImpl.java:checkInconsistentAppendEntries(1629)) - omNode-bootstrap-2@group-0AAC5367B30E: Failed appendEntries as snapshot (0) installation is in progress
2024-09-18 12:54:53,535 [omNode-bootstrap-2-server-thread1] INFO  server.RaftServer$Division (RaftServerImpl.java:appendEntriesAsync(1584)) - omNode-bootstrap-2@group-0AAC5367B30E: appendEntries* reply omNode-1<-omNode-bootstrap-2#72:FAIL-t1,INCONSISTENCY,nextIndex=0,followerCommit=-1,matchIndex=-1
2024-09-18 12:54:53,535 [grpc-default-executor-0] INFO  ratis.OzoneManagerStateMachine (OzoneManagerStateMachine.java:notifyConfigurationChanged(216)) - Received Configuration change notification from Ratis. New Peer list:
[id: "omNode-1"
address: "localhost:15015"
startupRole: FOLLOWER
]
2024-09-18 12:54:53,536 [grpc-default-executor-0] INFO  impl.SnapshotInstallationHandler (SnapshotInstallationHandler.java:installSnapshot(103)) - omNode-bootstrap-2@group-0AAC5367B30E: reply installSnapshot: omNode-1<-omNode-bootstrap-2#0:FAIL-t1,IN_PROGRESS,snapshotIndex=0
2024-09-18 12:54:53,536 [grpc-default-executor-0] INFO  server.GrpcServerProtocolService (GrpcServerProtocolService.java:onCompleted(157)) - omNode-bootstrap-2: Completed INSTALL_SNAPSHOT, lastRequest: omNode-1->omNode-bootstrap-2#0-t1,notify:(t:1, i:0)
2024-09-18 12:54:53,536 [grpc-default-executor-0] INFO  server.GrpcServerProtocolService (GrpcServerProtocolService.java:lambda$onCompleted$5(159)) - omNode-bootstrap-2: Completed INSTALL_SNAPSHOT, lastReply: null
2024-09-18 12:54:53,535 [grpc-default-executor-3] WARN  server.GrpcLogAppender (GrpcLogAppender.java:onNextImpl(519)) - omNode-1@group-0AAC5367B30E->omNode-bootstrap-2-AppendLogResponseHandler: received INCONSISTENCY reply with nextIndex 0, errorCount=1, request=AppendEntriesRequest:cid=72,entriesCount=0
2024-09-18 12:54:53,536 [grpc-default-executor-3] INFO  server.GrpcLogAppender (GrpcLogAppender.java:onNext(649)) - omNode-1@group-0AAC5367B30E->omNode-bootstrap-2-InstallSnapshotResponseHandler: received a reply omNode-1<-omNode-bootstrap-2#0:FAIL-t1,IN_PROGRESS,snapshotIndex=0
2024-09-18 12:54:53,536 [grpc-default-executor-3] INFO  server.GrpcLogAppender (GrpcLogAppender.java:onNext(665)) - omNode-1@group-0AAC5367B30E->omNode-bootstrap-2-InstallSnapshotResponseHandler: InstallSnapshot in progress.
2024-09-18 12:54:53,537 [omNode-1@group-0AAC5367B30E->omNode-bootstrap-2-GrpcLogAppender-LogAppenderDaemon] INFO  server.GrpcLogAppender (GrpcLogAppender.java:notifyInstallSnapshot(790)) - omNode-1@group-0AAC5367B30E->omNode-bootstrap-2-GrpcLogAppender: notifyInstallSnapshot with firstAvailable=(t:1, i:0), followerNextIndex=0
2024-09-18 12:54:53,537 [omNode-1@group-0AAC5367B30E->omNode-bootstrap-2-GrpcLogAppender-LogAppenderDaemon] INFO  server.GrpcLogAppender (GrpcLogAppender.java:notifyInstallSnapshot(798)) - omNode-1@group-0AAC5367B30E->omNode-bootstrap-2-GrpcLogAppender: send omNode-1->omNode-bootstrap-2#0-t1,notify:(t:1, i:0)
2024-09-18 12:54:53,538 [omNode-bootstrap-2-server-thread1] INFO  server.RaftServer$Division (RaftServerImpl.java:checkInconsistentAppendEntries(1629)) - omNode-bootstrap-2@group-0AAC5367B30E: Failed appendEntries as snapshot (0) installation is in progress
2024-09-18 12:54:53,538 [omNode-bootstrap-2-server-thread1] INFO  server.RaftServer$Division (RaftServerImpl.java:appendEntriesAsync(1584)) - omNode-bootstrap-2@group-0AAC5367B30E: appendEntries* reply omNode-1<-omNode-bootstrap-2#73:FAIL-t1,INCONSISTENCY,nextIndex=0,followerCommit=-1,matchIndex=-1
2024-09-18 12:54:53,538 [grpc-default-executor-1] WARN  server.GrpcLogAppender (GrpcLogAppender.java:onNextImpl(519)) - omNode-1@group-0AAC5367B30E->omNode-bootstrap-2-AppendLogResponseHandler: received INCONSISTENCY reply with nextIndex 0, errorCount=1, request=AppendEntriesRequest:cid=73,entriesCount=0
2024-09-18 12:54:53,539 [grpc-default-executor-1] INFO  impl.SnapshotInstallationHandler (SnapshotInstallationHandler.java:installSnapshot(92)) - omNode-bootstrap-2@group-0AAC5367B30E: receive installSnapshot: omNode-1->omNode-bootstrap-2#0-t1,notify:(t:1, i:0)
2024-09-18 12:54:53,539 [grpc-default-executor-1] INFO  impl.SnapshotInstallationHandler (SnapshotInstallationHandler.java:installSnapshotImpl(138)) - omNode-bootstrap-2@group-0AAC5367B30E: set new configuration configurationEntry {
  peers {
    id: "omNode-1"
    address: "localhost:15015"
    startupRole: FOLLOWER
  }
}
 from snapshot
2024-09-18 12:54:53,539 [grpc-default-executor-1] INFO  server.RaftServer$Division (ServerState.java:setRaftConf(386)) - omNode-bootstrap-2@group-0AAC5367B30E: set configuration conf: {index: 0, cur=peers:[omNode-1|localhost:15015]|listeners:[], old=null}
2024-09-18 12:54:53,540 [grpc-default-executor-1] INFO  ratis.OzoneManagerStateMachine (OzoneManagerStateMachine.java:notifyConfigurationChanged(216)) - Received Configuration change notification from Ratis. New Peer list:
[id: "omNode-1"
address: "localhost:15015"
startupRole: FOLLOWER
]
2024-09-18 12:54:53,540 [grpc-default-executor-1] INFO  impl.SnapshotInstallationHandler (SnapshotInstallationHandler.java:installSnapshot(103)) - omNode-bootstrap-2@group-0AAC5367B30E: reply installSnapshot: omNode-1<-omNode-bootstrap-2#0:FAIL-t1,IN_PROGRESS,snapshotIndex=0
2024-09-18 12:54:53,540 [grpc-default-executor-1] INFO  server.GrpcServerProtocolService (GrpcServerProtocolService.java:onCompleted(157)) - omNode-bootstrap-2: Completed INSTALL_SNAPSHOT, lastRequest: omNode-1->omNode-bootstrap-2#0-t1,notify:(t:1, i:0)
2024-09-18 12:54:53,540 [grpc-default-executor-1] INFO  server.GrpcServerProtocolService (GrpcServerProtocolService.java:lambda$onCompleted$5(159)) - omNode-bootstrap-2: Completed INSTALL_SNAPSHOT, lastReply: null
2024-09-18 12:54:53,541 [grpc-default-executor-1] INFO  server.GrpcLogAppender (GrpcLogAppender.java:onNext(649)) - omNode-1@group-0AAC5367B30E->omNode-bootstrap-2-InstallSnapshotResponseHandler: received a reply omNode-1<-omNode-bootstrap-2#0:FAIL-t1,IN_PROGRESS,snapshotIndex=0
2024-09-18 12:54:53,541 [grpc-default-executor-1] INFO  server.GrpcLogAppender (GrpcLogAppender.java:onNext(665)) - omNode-1@group-0AAC5367B30E->omNode-bootstrap-2-InstallSnapshotResponseHandler: InstallSnapshot in progress.
2024-09-18 12:54:53,541 [omNode-1@group-0AAC5367B30E->omNode-bootstrap-2-GrpcLogAppender-LogAppenderDaemon] INFO  server.GrpcLogAppender (GrpcLogAppender.java:notifyInstallSnapshot(790)) - omNode-1@group-0AAC5367B30E->omNode-bootstrap-2-GrpcLogAppender: notifyInstallSnapshot with firstAvailable=(t:1, i:0), followerNextIndex=0
2024-09-18 12:54:53,542 [omNode-1@group-0AAC5367B30E->omNode-bootstrap-2-GrpcLogAppender-LogAppenderDaemon] INFO  server.GrpcLogAppender (GrpcLogAppender.java:notifyInstallSnapshot(798)) - omNode-1@group-0AAC5367B30E->omNode-bootstrap-2-GrpcLogAppender: send omNode-1->omNode-bootstrap-2#0-t1,notify:(t:1, i:0)
2024-09-18 12:54:53,542 [omNode-bootstrap-2-server-thread1] INFO  server.RaftServer$Division (RaftServerImpl.java:checkInconsistentAppendEntries(1629)) - omNode-bootstrap-2@group-0AAC5367B30E: Failed appendEntries as snapshot (0) installation is in progress
2024-09-18 12:54:53,542 [omNode-bootstrap-2-server-thread1] INFO  server.RaftServer$Division (RaftServerImpl.java:appendEntriesAsync(1584)) - omNode-bootstrap-2@group-0AAC5367B30E: appendEntries* reply omNode-1<-omNode-bootstrap-2#74:FAIL-t1,INCONSISTENCY,nextIndex=0,followerCommit=-1,matchIndex=-1
2024-09-18 12:54:53,543 [grpc-default-executor-1] WARN  server.GrpcLogAppender (GrpcLogAppender.java:onNextImpl(519)) - omNode-1@group-0AAC5367B30E->omNode-bootstrap-2-AppendLogResponseHandler: received INCONSISTENCY reply with nextIndex 0, errorCount=1, request=AppendEntriesRequest:cid=74,entriesCount=0
2024-09-18 12:54:53,545 [grpc-default-executor-1] INFO  impl.SnapshotInstallationHandler (SnapshotInstallationHandler.java:installSnapshot(92)) - omNode-bootstrap-2@group-0AAC5367B30E: receive installSnapshot: omNode-1->omNode-bootstrap-2#0-t1,notify:(t:1, i:0)
2024-09-18 12:54:53,545 [grpc-default-executor-1] INFO  impl.SnapshotInstallationHandler (SnapshotInstallationHandler.java:installSnapshotImpl(138)) - omNode-bootstrap-2@group-0AAC5367B30E: set new configuration configurationEntry {
  peers {
    id: "omNode-1"
    address: "localhost:15015"
    startupRole: FOLLOWER
  }
}
 from snapshot
2024-09-18 12:54:53,546 [grpc-default-executor-1] INFO  server.RaftServer$Division (ServerState.java:setRaftConf(386)) - omNode-bootstrap-2@group-0AAC5367B30E: set configuration conf: {index: 0, cur=peers:[omNode-1|localhost:15015]|listeners:[], old=null}
2024-09-18 12:54:53,546 [grpc-default-executor-1] INFO  ratis.OzoneManagerStateMachine (OzoneManagerStateMachine.java:notifyConfigurationChanged(216)) - Received Configuration change notification from Ratis. New Peer list:
[id: "omNode-1"
address: "localhost:15015"
startupRole: FOLLOWER
]
2024-09-18 12:54:53,547 [grpc-default-executor-1] INFO  impl.SnapshotInstallationHandler (SnapshotInstallationHandler.java:installSnapshot(103)) - omNode-bootstrap-2@group-0AAC5367B30E: reply installSnapshot: omNode-1<-omNode-bootstrap-2#0:FAIL-t1,IN_PROGRESS,snapshotIndex=0
2024-09-18 12:54:53,547 [grpc-default-executor-1] INFO  server.GrpcServerProtocolService (GrpcServerProtocolService.java:onCompleted(157)) - omNode-bootstrap-2: Completed INSTALL_SNAPSHOT, lastRequest: omNode-1->omNode-bootstrap-2#0-t1,notify:(t:1, i:0)
2024-09-18 12:54:53,547 [grpc-default-executor-1] INFO  server.GrpcServerProtocolService (GrpcServerProtocolService.java:lambda$onCompleted$5(159)) - omNode-bootstrap-2: Completed INSTALL_SNAPSHOT, lastReply: null
2024-09-18 12:54:53,547 [grpc-default-executor-1] INFO  server.GrpcLogAppender (GrpcLogAppender.java:onNext(649)) - omNode-1@group-0AAC5367B30E->omNode-bootstrap-2-InstallSnapshotResponseHandler: received a reply omNode-1<-omNode-bootstrap-2#0:FAIL-t1,IN_PROGRESS,snapshotIndex=0
2024-09-18 12:54:53,547 [grpc-default-executor-1] INFO  server.GrpcLogAppender (GrpcLogAppender.java:onNext(665)) - omNode-1@group-0AAC5367B30E->omNode-bootstrap-2-InstallSnapshotResponseHandler: InstallSnapshot in progress.
2024-09-18 12:54:53,548 [omNode-bootstrap-2-server-thread1] INFO  server.RaftServer$Division (RaftServerImpl.java:checkInconsistentAppendEntries(1629)) - omNode-bootstrap-2@group-0AAC5367B30E: Failed appendEntries as snapshot (0) installation is in progress
2024-09-18 12:54:53,548 [omNode-bootstrap-2-server-thread1] INFO  server.RaftServer$Division (RaftServerImpl.java:appendEntriesAsync(1584)) - omNode-bootstrap-2@group-0AAC5367B30E: appendEntries* reply omNode-1<-omNode-bootstrap-2#75:FAIL-t1,INCONSISTENCY,nextIndex=0,followerCommit=-1,matchIndex=-1
2024-09-18 12:54:53,549 [grpc-default-executor-1] WARN  server.GrpcLogAppender (GrpcLogAppender.java:onNextImpl(519)) - omNode-1@group-0AAC5367B30E->omNode-bootstrap-2-AppendLogResponseHandler: received INCONSISTENCY reply with nextIndex 0, errorCount=1, request=AppendEntriesRequest:cid=75,entriesCount=0
2024-09-18 12:54:53,549 [omNode-1@group-0AAC5367B30E->omNode-bootstrap-2-GrpcLogAppender-LogAppenderDaemon] INFO  server.GrpcLogAppender (GrpcLogAppender.java:notifyInstallSnapshot(790)) - omNode-1@group-0AAC5367B30E->omNode-bootstrap-2-GrpcLogAppender: notifyInstallSnapshot with firstAvailable=(t:1, i:0), followerNextIndex=0
2024-09-18 12:54:53,549 [omNode-1@group-0AAC5367B30E->omNode-bootstrap-2-GrpcLogAppender-LogAppenderDaemon] INFO  server.GrpcLogAppender (GrpcLogAppender.java:notifyInstallSnapshot(798)) - omNode-1@group-0AAC5367B30E->omNode-bootstrap-2-GrpcLogAppender: send omNode-1->omNode-bootstrap-2#0-t1,notify:(t:1, i:0)
2024-09-18 12:54:53,550 [grpc-default-executor-1] INFO  impl.SnapshotInstallationHandler (SnapshotInstallationHandler.java:installSnapshot(92)) - omNode-bootstrap-2@group-0AAC5367B30E: receive installSnapshot: omNode-1->omNode-bootstrap-2#0-t1,notify:(t:1, i:0)
2024-09-18 12:54:53,551 [grpc-default-executor-1] INFO  impl.SnapshotInstallationHandler (SnapshotInstallationHandler.java:installSnapshotImpl(138)) - omNode-bootstrap-2@group-0AAC5367B30E: set new configuration configurationEntry {
  peers {
    id: "omNode-1"
    address: "localhost:15015"
    startupRole: FOLLOWER
  }
}
 from snapshot
2024-09-18 12:54:53,551 [grpc-default-executor-1] INFO  server.RaftServer$Division (ServerState.java:setRaftConf(386)) - omNode-bootstrap-2@group-0AAC5367B30E: set configuration conf: {index: 0, cur=peers:[omNode-1|localhost:15015]|listeners:[], old=null}
2024-09-18 12:54:53,552 [grpc-default-executor-1] INFO  ratis.OzoneManagerStateMachine (OzoneManagerStateMachine.java:notifyConfigurationChanged(216)) - Received Configuration change notification from Ratis. New Peer list:
[id: "omNode-1"
address: "localhost:15015"
startupRole: FOLLOWER
]
2024-09-18 12:54:53,552 [grpc-default-executor-1] INFO  impl.SnapshotInstallationHandler (SnapshotInstallationHandler.java:installSnapshot(103)) - omNode-bootstrap-2@group-0AAC5367B30E: reply installSnapshot: omNode-1<-omNode-bootstrap-2#0:FAIL-t1,IN_PROGRESS,snapshotIndex=0
2024-09-18 12:54:53,552 [grpc-default-executor-1] INFO  server.GrpcServerProtocolService (GrpcServerProtocolService.java:onCompleted(157)) - omNode-bootstrap-2: Completed INSTALL_SNAPSHOT, lastRequest: omNode-1->omNode-bootstrap-2#0-t1,notify:(t:1, i:0)
2024-09-18 12:54:53,552 [grpc-default-executor-1] INFO  server.GrpcServerProtocolService (GrpcServerProtocolService.java:lambda$onCompleted$5(159)) - omNode-bootstrap-2: Completed INSTALL_SNAPSHOT, lastReply: null
2024-09-18 12:54:53,552 [grpc-default-executor-3] INFO  server.GrpcLogAppender (GrpcLogAppender.java:onNext(649)) - omNode-1@group-0AAC5367B30E->omNode-bootstrap-2-InstallSnapshotResponseHandler: received a reply omNode-1<-omNode-bootstrap-2#0:FAIL-t1,IN_PROGRESS,snapshotIndex=0
2024-09-18 12:54:53,552 [grpc-default-executor-3] INFO  server.GrpcLogAppender (GrpcLogAppender.java:onNext(665)) - omNode-1@group-0AAC5367B30E->omNode-bootstrap-2-InstallSnapshotResponseHandler: InstallSnapshot in progress.
2024-09-18 12:54:53,553 [omNode-1@group-0AAC5367B30E->omNode-bootstrap-2-GrpcLogAppender-LogAppenderDaemon] INFO  server.GrpcLogAppender (GrpcLogAppender.java:notifyInstallSnapshot(790)) - omNode-1@group-0AAC5367B30E->omNode-bootstrap-2-GrpcLogAppender: notifyInstallSnapshot with firstAvailable=(t:1, i:0), followerNextIndex=0
2024-09-18 12:54:53,553 [omNode-1@group-0AAC5367B30E->omNode-bootstrap-2-GrpcLogAppender-LogAppenderDaemon] INFO  server.GrpcLogAppender (GrpcLogAppender.java:notifyInstallSnapshot(798)) - omNode-1@group-0AAC5367B30E->omNode-bootstrap-2-GrpcLogAppender: send omNode-1->omNode-bootstrap-2#0-t1,notify:(t:1, i:0)
2024-09-18 12:54:53,554 [omNode-bootstrap-2-server-thread1] INFO  server.RaftServer$Division (RaftServerImpl.java:checkInconsistentAppendEntries(1629)) - omNode-bootstrap-2@group-0AAC5367B30E: Failed appendEntries as snapshot (0) installation is in progress
2024-09-18 12:54:53,554 [omNode-bootstrap-2-server-thread1] INFO  server.RaftServer$Division (RaftServerImpl.java:appendEntriesAsync(1584)) - omNode-bootstrap-2@group-0AAC5367B30E: appendEntries* reply omNode-1<-omNode-bootstrap-2#76:FAIL-t1,INCONSISTENCY,nextIndex=0,followerCommit=-1,matchIndex=-1
2024-09-18 12:54:53,554 [grpc-default-executor-1] INFO  impl.SnapshotInstallationHandler (SnapshotInstallationHandler.java:installSnapshot(92)) - omNode-bootstrap-2@group-0AAC5367B30E: receive installSnapshot: omNode-1->omNode-bootstrap-2#0-t1,notify:(t:1, i:0)
2024-09-18 12:54:53,554 [grpc-default-executor-1] INFO  impl.SnapshotInstallationHandler (SnapshotInstallationHandler.java:installSnapshotImpl(138)) - omNode-bootstrap-2@group-0AAC5367B30E: set new configuration configurationEntry {
  peers {
    id: "omNode-1"
    address: "localhost:15015"
    startupRole: FOLLOWER
  }
}
 from snapshot
2024-09-18 12:54:53,554 [grpc-default-executor-1] INFO  server.RaftServer$Division (ServerState.java:setRaftConf(386)) - omNode-bootstrap-2@group-0AAC5367B30E: set configuration conf: {index: 0, cur=peers:[omNode-1|localhost:15015]|listeners:[], old=null}
2024-09-18 12:54:53,554 [grpc-default-executor-3] WARN  server.GrpcLogAppender (GrpcLogAppender.java:onNextImpl(519)) - omNode-1@group-0AAC5367B30E->omNode-bootstrap-2-AppendLogResponseHandler: received INCONSISTENCY reply with nextIndex 0, errorCount=1, request=AppendEntriesRequest:cid=76,entriesCount=0
2024-09-18 12:54:53,555 [omNode-bootstrap-2-InstallSnapshotThread] INFO  om.OzoneManager (OzoneManager.java:installCheckpoint(3867)) - Installing checkpoint with OMTransactionInfo 1#7
2024-09-18 12:54:53,555 [grpc-default-executor-1] INFO  ratis.OzoneManagerStateMachine (OzoneManagerStateMachine.java:notifyConfigurationChanged(216)) - Received Configuration change notification from Ratis. New Peer list:
[id: "omNode-1"
address: "localhost:15015"
startupRole: FOLLOWER
]
2024-09-18 12:54:53,555 [grpc-default-executor-1] INFO  impl.SnapshotInstallationHandler (SnapshotInstallationHandler.java:installSnapshot(103)) - omNode-bootstrap-2@group-0AAC5367B30E: reply installSnapshot: omNode-1<-omNode-bootstrap-2#0:FAIL-t1,IN_PROGRESS,snapshotIndex=0
2024-09-18 12:54:53,555 [omNode-bootstrap-2-InstallSnapshotThread] INFO  utils.BackgroundService (BackgroundService.java:shutdown(163)) - Shutting down service KeyDeletingService
2024-09-18 12:54:53,556 [grpc-default-executor-3] INFO  server.GrpcLogAppender (GrpcLogAppender.java:onNext(649)) - omNode-1@group-0AAC5367B30E->omNode-bootstrap-2-InstallSnapshotResponseHandler: received a reply omNode-1<-omNode-bootstrap-2#0:FAIL-t1,IN_PROGRESS,snapshotIndex=0
2024-09-18 12:54:53,556 [grpc-default-executor-3] INFO  server.GrpcLogAppender (GrpcLogAppender.java:onNext(665)) - omNode-1@group-0AAC5367B30E->omNode-bootstrap-2-InstallSnapshotResponseHandler: InstallSnapshot in progress.
2024-09-18 12:54:53,556 [grpc-default-executor-1] INFO  server.GrpcServerProtocolService (GrpcServerProtocolService.java:onCompleted(157)) - omNode-bootstrap-2: Completed INSTALL_SNAPSHOT, lastRequest: omNode-1->omNode-bootstrap-2#0-t1,notify:(t:1, i:0)
2024-09-18 12:54:53,556 [grpc-default-executor-1] INFO  server.GrpcServerProtocolService (GrpcServerProtocolService.java:lambda$onCompleted$5(159)) - omNode-bootstrap-2: Completed INSTALL_SNAPSHOT, lastReply: null
2024-09-18 12:54:53,557 [omNode-1@group-0AAC5367B30E->omNode-bootstrap-2-GrpcLogAppender-LogAppenderDaemon] INFO  server.GrpcLogAppender (GrpcLogAppender.java:notifyInstallSnapshot(790)) - omNode-1@group-0AAC5367B30E->omNode-bootstrap-2-GrpcLogAppender: notifyInstallSnapshot with firstAvailable=(t:1, i:0), followerNextIndex=0
2024-09-18 12:54:53,556 [omNode-bootstrap-2-InstallSnapshotThread] INFO  utils.BackgroundService (BackgroundService.java:shutdown(163)) - Shutting down service DirectoryDeletingService
2024-09-18 12:54:53,557 [omNode-1@group-0AAC5367B30E->omNode-bootstrap-2-GrpcLogAppender-LogAppenderDaemon] INFO  server.GrpcLogAppender (GrpcLogAppender.java:notifyInstallSnapshot(798)) - omNode-1@group-0AAC5367B30E->omNode-bootstrap-2-GrpcLogAppender: send omNode-1->omNode-bootstrap-2#0-t1,notify:(t:1, i:0)
2024-09-18 12:54:53,557 [omNode-bootstrap-2-server-thread1] INFO  server.RaftServer$Division (RaftServerImpl.java:checkInconsistentAppendEntries(1629)) - omNode-bootstrap-2@group-0AAC5367B30E: Failed appendEntries as snapshot (0) installation is in progress
2024-09-18 12:54:53,557 [omNode-bootstrap-2-server-thread1] INFO  server.RaftServer$Division (RaftServerImpl.java:appendEntriesAsync(1584)) - omNode-bootstrap-2@group-0AAC5367B30E: appendEntries* reply omNode-1<-omNode-bootstrap-2#77:FAIL-t1,INCONSISTENCY,nextIndex=0,followerCommit=-1,matchIndex=-1
2024-09-18 12:54:53,558 [grpc-default-executor-3] WARN  server.GrpcLogAppender (GrpcLogAppender.java:onNextImpl(519)) - omNode-1@group-0AAC5367B30E->omNode-bootstrap-2-AppendLogResponseHandler: received INCONSISTENCY reply with nextIndex 0, errorCount=1, request=AppendEntriesRequest:cid=77,entriesCount=0
2024-09-18 12:54:53,558 [omNode-bootstrap-2-InstallSnapshotThread] INFO  utils.BackgroundService (BackgroundService.java:shutdown(163)) - Shutting down service OpenKeyCleanupService
2024-09-18 12:54:53,558 [grpc-default-executor-1] INFO  impl.SnapshotInstallationHandler (SnapshotInstallationHandler.java:installSnapshot(92)) - omNode-bootstrap-2@group-0AAC5367B30E: receive installSnapshot: omNode-1->omNode-bootstrap-2#0-t1,notify:(t:1, i:0)
2024-09-18 12:54:53,558 [omNode-bootstrap-2-InstallSnapshotThread] INFO  utils.BackgroundService (BackgroundService.java:shutdown(163)) - Shutting down service SstFilteringService
2024-09-18 12:54:53,559 [grpc-default-executor-1] INFO  impl.SnapshotInstallationHandler (SnapshotInstallationHandler.java:installSnapshotImpl(138)) - omNode-bootstrap-2@group-0AAC5367B30E: set new configuration configurationEntry {
  peers {
    id: "omNode-1"
    address: "localhost:15015"
    startupRole: FOLLOWER
  }
}
 from snapshot
2024-09-18 12:54:53,559 [omNode-bootstrap-2-InstallSnapshotThread] INFO  utils.BackgroundService (BackgroundService.java:shutdown(163)) - Shutting down service SnapshotDeletingService
2024-09-18 12:54:53,559 [grpc-default-executor-1] INFO  server.RaftServer$Division (ServerState.java:setRaftConf(386)) - omNode-bootstrap-2@group-0AAC5367B30E: set configuration conf: {index: 0, cur=peers:[omNode-1|localhost:15015]|listeners:[], old=null}
2024-09-18 12:54:53,560 [grpc-default-executor-1] INFO  ratis.OzoneManagerStateMachine (OzoneManagerStateMachine.java:notifyConfigurationChanged(216)) - Received Configuration change notification from Ratis. New Peer list:
[id: "omNode-1"
address: "localhost:15015"
startupRole: FOLLOWER
]
2024-09-18 12:54:53,560 [grpc-default-executor-1] INFO  impl.SnapshotInstallationHandler (SnapshotInstallationHandler.java:installSnapshot(103)) - omNode-bootstrap-2@group-0AAC5367B30E: reply installSnapshot: omNode-1<-omNode-bootstrap-2#0:FAIL-t1,IN_PROGRESS,snapshotIndex=0
2024-09-18 12:54:53,560 [grpc-default-executor-1] INFO  server.GrpcServerProtocolService (GrpcServerProtocolService.java:onCompleted(157)) - omNode-bootstrap-2: Completed INSTALL_SNAPSHOT, lastRequest: omNode-1->omNode-bootstrap-2#0-t1,notify:(t:1, i:0)
2024-09-18 12:54:53,560 [grpc-default-executor-1] INFO  server.GrpcServerProtocolService (GrpcServerProtocolService.java:lambda$onCompleted$5(159)) - omNode-bootstrap-2: Completed INSTALL_SNAPSHOT, lastReply: null
2024-09-18 12:54:53,559 [omNode-bootstrap-2-InstallSnapshotThread] INFO  utils.BackgroundService (BackgroundService.java:shutdown(163)) - Shutting down service MultipartUploadCleanupService
2024-09-18 12:54:53,561 [omNode-bootstrap-2-InstallSnapshotThread] INFO  utils.BackgroundService (BackgroundService.java:shutdown(163)) - Shutting down service SnapshotDirectoryCleaningService
2024-09-18 12:54:53,561 [omNode-bootstrap-2-InstallSnapshotThread] INFO  ratis.OzoneManagerStateMachine (OzoneManagerStateMachine.java:pause(409)) - OzoneManagerStateMachine is pausing
2024-09-18 12:54:53,561 [grpc-default-executor-1] INFO  server.GrpcLogAppender (GrpcLogAppender.java:onNext(649)) - omNode-1@group-0AAC5367B30E->omNode-bootstrap-2-InstallSnapshotResponseHandler: received a reply omNode-1<-omNode-bootstrap-2#0:FAIL-t1,IN_PROGRESS,snapshotIndex=0
2024-09-18 12:54:53,561 [grpc-default-executor-1] INFO  server.GrpcLogAppender (GrpcLogAppender.java:onNext(665)) - omNode-1@group-0AAC5367B30E->omNode-bootstrap-2-InstallSnapshotResponseHandler: InstallSnapshot in progress.
2024-09-18 12:54:53,561 [omNode-bootstrap-2-InstallSnapshotThread] INFO  ratis.OzoneManagerDoubleBuffer (OzoneManagerDoubleBuffer.java:stopDaemon(529)) - Stopping OMDoubleBuffer flush thread
2024-09-18 12:54:53,562 [omNode-bootstrap-2-OMDoubleBufferFlushThread] INFO  ratis.OzoneManagerDoubleBuffer (OzoneManagerDoubleBuffer.java:canFlush(593)) - OMDoubleBuffer flush thread omNode-bootstrap-2-OMDoubleBufferFlushThread is interrupted and will exit.
2024-09-18 12:54:53,562 [omNode-1@group-0AAC5367B30E->omNode-bootstrap-2-GrpcLogAppender-LogAppenderDaemon] INFO  server.GrpcLogAppender (GrpcLogAppender.java:notifyInstallSnapshot(790)) - omNode-1@group-0AAC5367B30E->omNode-bootstrap-2-GrpcLogAppender: notifyInstallSnapshot with firstAvailable=(t:1, i:0), followerNextIndex=0
2024-09-18 12:54:53,562 [omNode-bootstrap-2-server-thread1] INFO  server.RaftServer$Division (RaftServerImpl.java:checkInconsistentAppendEntries(1629)) - omNode-bootstrap-2@group-0AAC5367B30E: Failed appendEntries as snapshot (0) installation is in progress
2024-09-18 12:54:53,562 [omNode-1@group-0AAC5367B30E->omNode-bootstrap-2-GrpcLogAppender-LogAppenderDaemon] INFO  server.GrpcLogAppender (GrpcLogAppender.java:notifyInstallSnapshot(798)) - omNode-1@group-0AAC5367B30E->omNode-bootstrap-2-GrpcLogAppender: send omNode-1->omNode-bootstrap-2#0-t1,notify:(t:1, i:0)
2024-09-18 12:54:53,562 [omNode-bootstrap-2-server-thread1] INFO  server.RaftServer$Division (RaftServerImpl.java:appendEntriesAsync(1584)) - omNode-bootstrap-2@group-0AAC5367B30E: appendEntries* reply omNode-1<-omNode-bootstrap-2#78:FAIL-t1,INCONSISTENCY,nextIndex=0,followerCommit=-1,matchIndex=-1
2024-09-18 12:54:53,562 [omNode-bootstrap-2-InstallSnapshotThread] INFO  ipc.Server (Server.java:stop(3523)) - Stopping server on 15047
2024-09-18 12:54:53,566 [grpc-default-executor-0] WARN  server.GrpcLogAppender (GrpcLogAppender.java:onNextImpl(519)) - omNode-1@group-0AAC5367B30E->omNode-bootstrap-2-AppendLogResponseHandler: received INCONSISTENCY reply with nextIndex 0, errorCount=1, request=AppendEntriesRequest:cid=78,entriesCount=0
2024-09-18 12:54:53,566 [grpc-default-executor-3] INFO  impl.SnapshotInstallationHandler (SnapshotInstallationHandler.java:installSnapshot(92)) - omNode-bootstrap-2@group-0AAC5367B30E: receive installSnapshot: omNode-1->omNode-bootstrap-2#0-t1,notify:(t:1, i:0)
2024-09-18 12:54:53,566 [IPC Server listener on 15047] INFO  ipc.Server (Server.java:run(1434)) - Stopping IPC Server listener on 15047
2024-09-18 12:54:53,566 [grpc-default-executor-3] INFO  impl.SnapshotInstallationHandler (SnapshotInstallationHandler.java:installSnapshotImpl(138)) - omNode-bootstrap-2@group-0AAC5367B30E: set new configuration configurationEntry {
  peers {
    id: "omNode-1"
    address: "localhost:15015"
    startupRole: FOLLOWER
  }
}
 from snapshot
2024-09-18 12:54:53,567 [IPC Server Responder] INFO  ipc.Server (Server.java:run(1567)) - Stopping IPC Server Responder
2024-09-18 12:54:53,567 [omNode-bootstrap-2-InstallSnapshotThread] INFO  om.OzoneManager (OzoneManager.java:installCheckpoint(3918)) - RPC server is stopped. Spend 4 ms.
2024-09-18 12:54:53,567 [grpc-default-executor-3] INFO  server.RaftServer$Division (ServerState.java:setRaftConf(386)) - omNode-bootstrap-2@group-0AAC5367B30E: set configuration conf: {index: 0, cur=peers:[omNode-1|localhost:15015]|listeners:[], old=null}
2024-09-18 12:54:53,567 [omNode-bootstrap-2-InstallSnapshotThread] INFO  rocksdiff.RocksDBCheckpointDiffer (RocksDBCheckpointDiffer.java:close(306)) - Shutting down CompactionDagPruningService.
2024-09-18 12:54:53,568 [grpc-default-executor-3] INFO  ratis.OzoneManagerStateMachine (OzoneManagerStateMachine.java:notifyConfigurationChanged(216)) - Received Configuration change notification from Ratis. New Peer list:
[id: "omNode-1"
address: "localhost:15015"
startupRole: FOLLOWER
]
2024-09-18 12:54:53,568 [grpc-default-executor-3] INFO  impl.SnapshotInstallationHandler (SnapshotInstallationHandler.java:installSnapshot(103)) - omNode-bootstrap-2@group-0AAC5367B30E: reply installSnapshot: omNode-1<-omNode-bootstrap-2#0:FAIL-t1,IN_PROGRESS,snapshotIndex=0
2024-09-18 12:54:53,569 [grpc-default-executor-3] INFO  server.GrpcServerProtocolService (GrpcServerProtocolService.java:onCompleted(157)) - omNode-bootstrap-2: Completed INSTALL_SNAPSHOT, lastRequest: omNode-1->omNode-bootstrap-2#0-t1,notify:(t:1, i:0)
2024-09-18 12:54:53,569 [grpc-default-executor-3] INFO  server.GrpcServerProtocolService (GrpcServerProtocolService.java:lambda$onCompleted$5(159)) - omNode-bootstrap-2: Completed INSTALL_SNAPSHOT, lastReply: null
2024-09-18 12:54:53,569 [grpc-default-executor-1] INFO  server.GrpcLogAppender (GrpcLogAppender.java:onNext(649)) - omNode-1@group-0AAC5367B30E->omNode-bootstrap-2-InstallSnapshotResponseHandler: received a reply omNode-1<-omNode-bootstrap-2#0:FAIL-t1,IN_PROGRESS,snapshotIndex=0
2024-09-18 12:54:53,569 [grpc-default-executor-1] INFO  server.GrpcLogAppender (GrpcLogAppender.java:onNext(665)) - omNode-1@group-0AAC5367B30E->omNode-bootstrap-2-InstallSnapshotResponseHandler: InstallSnapshot in progress.
2024-09-18 12:54:53,569 [omNode-bootstrap-2-InstallSnapshotThread] INFO  om.OzoneManager (OzoneManager.java:installCheckpoint(3925)) - metadataManager is stopped. Spend 2 ms.
2024-09-18 12:54:53,569 [omNode-1@group-0AAC5367B30E->omNode-bootstrap-2-GrpcLogAppender-LogAppenderDaemon] INFO  server.GrpcLogAppender (GrpcLogAppender.java:notifyInstallSnapshot(790)) - omNode-1@group-0AAC5367B30E->omNode-bootstrap-2-GrpcLogAppender: notifyInstallSnapshot with firstAvailable=(t:1, i:0), followerNextIndex=0
2024-09-18 12:54:53,570 [omNode-1@group-0AAC5367B30E->omNode-bootstrap-2-GrpcLogAppender-LogAppenderDaemon] INFO  server.GrpcLogAppender (GrpcLogAppender.java:notifyInstallSnapshot(798)) - omNode-1@group-0AAC5367B30E->omNode-bootstrap-2-GrpcLogAppender: send omNode-1->omNode-bootstrap-2#0-t1,notify:(t:1, i:0)
2024-09-18 12:54:53,570 [grpc-default-executor-0] INFO  impl.SnapshotInstallationHandler (SnapshotInstallationHandler.java:installSnapshot(92)) - omNode-bootstrap-2@group-0AAC5367B30E: receive installSnapshot: omNode-1->omNode-bootstrap-2#0-t1,notify:(t:1, i:0)
2024-09-18 12:54:53,571 [grpc-default-executor-0] INFO  impl.SnapshotInstallationHandler (SnapshotInstallationHandler.java:installSnapshotImpl(138)) - omNode-bootstrap-2@group-0AAC5367B30E: set new configuration configurationEntry {
  peers {
    id: "omNode-1"
    address: "localhost:15015"
    startupRole: FOLLOWER
  }
}
 from snapshot
2024-09-18 12:54:53,571 [grpc-default-executor-0] INFO  server.RaftServer$Division (ServerState.java:setRaftConf(386)) - omNode-bootstrap-2@group-0AAC5367B30E: set configuration conf: {index: 0, cur=peers:[omNode-1|localhost:15015]|listeners:[], old=null}
2024-09-18 12:54:53,571 [omNode-bootstrap-2-server-thread1] INFO  server.RaftServer$Division (RaftServerImpl.java:checkInconsistentAppendEntries(1629)) - omNode-bootstrap-2@group-0AAC5367B30E: Failed appendEntries as snapshot (0) installation is in progress
2024-09-18 12:54:53,571 [omNode-bootstrap-2-server-thread1] INFO  server.RaftServer$Division (RaftServerImpl.java:appendEntriesAsync(1584)) - omNode-bootstrap-2@group-0AAC5367B30E: appendEntries* reply omNode-1<-omNode-bootstrap-2#79:FAIL-t1,INCONSISTENCY,nextIndex=0,followerCommit=-1,matchIndex=-1
2024-09-18 12:54:53,572 [omNode-bootstrap-2-InstallSnapshotThread] INFO  om.OzoneManager (OzoneManager.java:installCheckpoint(3939)) - Replaced DB with checkpoint from OM: omNode-1, term: 1, index: 7, time: 2 ms
2024-09-18 12:54:53,572 [omNode-bootstrap-2-InstallSnapshotThread] INFO  snapshot.SnapshotDiffManager (SnapshotDiffManager.java:closeExecutorService(1657)) - Shutting down executorService: 'SnapDiffExecutor'
2024-09-18 12:54:53,573 [grpc-default-executor-0] INFO  ratis.OzoneManagerStateMachine (OzoneManagerStateMachine.java:notifyConfigurationChanged(216)) - Received Configuration change notification from Ratis. New Peer list:
[id: "omNode-1"
address: "localhost:15015"
startupRole: FOLLOWER
]
2024-09-18 12:54:53,574 [grpc-default-executor-0] INFO  impl.SnapshotInstallationHandler (SnapshotInstallationHandler.java:installSnapshot(103)) - omNode-bootstrap-2@group-0AAC5367B30E: reply installSnapshot: omNode-1<-omNode-bootstrap-2#0:FAIL-t1,IN_PROGRESS,snapshotIndex=0
2024-09-18 12:54:53,573 [grpc-default-executor-3] WARN  server.GrpcLogAppender (GrpcLogAppender.java:onNextImpl(519)) - omNode-1@group-0AAC5367B30E->omNode-bootstrap-2-AppendLogResponseHandler: received INCONSISTENCY reply with nextIndex 0, errorCount=1, request=AppendEntriesRequest:cid=79,entriesCount=0
2024-09-18 12:54:53,575 [omNode-bootstrap-2-InstallSnapshotThread] INFO  utils.BackgroundService (BackgroundService.java:shutdown(163)) - Shutting down service SnapshotDiffCleanupService
2024-09-18 12:54:53,575 [grpc-default-executor-3] INFO  server.GrpcLogAppender (GrpcLogAppender.java:onNext(649)) - omNode-1@group-0AAC5367B30E->omNode-bootstrap-2-InstallSnapshotResponseHandler: received a reply omNode-1<-omNode-bootstrap-2#0:FAIL-t1,IN_PROGRESS,snapshotIndex=0
2024-09-18 12:54:53,576 [grpc-default-executor-3] INFO  server.GrpcLogAppender (GrpcLogAppender.java:onNext(665)) - omNode-1@group-0AAC5367B30E->omNode-bootstrap-2-InstallSnapshotResponseHandler: InstallSnapshot in progress.
2024-09-18 12:54:53,576 [grpc-default-executor-0] INFO  server.GrpcServerProtocolService (GrpcServerProtocolService.java:onCompleted(157)) - omNode-bootstrap-2: Completed INSTALL_SNAPSHOT, lastRequest: omNode-1->omNode-bootstrap-2#0-t1,notify:(t:1, i:0)
2024-09-18 12:54:53,576 [grpc-default-executor-0] INFO  server.GrpcServerProtocolService (GrpcServerProtocolService.java:lambda$onCompleted$5(159)) - omNode-bootstrap-2: Completed INSTALL_SNAPSHOT, lastReply: null
2024-09-18 12:54:53,576 [omNode-1@group-0AAC5367B30E->omNode-bootstrap-2-GrpcLogAppender-LogAppenderDaemon] INFO  server.GrpcLogAppender (GrpcLogAppender.java:notifyInstallSnapshot(790)) - omNode-1@group-0AAC5367B30E->omNode-bootstrap-2-GrpcLogAppender: notifyInstallSnapshot with firstAvailable=(t:1, i:0), followerNextIndex=0
2024-09-18 12:54:53,576 [omNode-1@group-0AAC5367B30E->omNode-bootstrap-2-GrpcLogAppender-LogAppenderDaemon] INFO  server.GrpcLogAppender (GrpcLogAppender.java:notifyInstallSnapshot(798)) - omNode-1@group-0AAC5367B30E->omNode-bootstrap-2-GrpcLogAppender: send omNode-1->omNode-bootstrap-2#0-t1,notify:(t:1, i:0)
2024-09-18 12:54:53,577 [omNode-bootstrap-2-InstallSnapshotThread] WARN  server.ServerUtils (ServerUtils.java:getDBPath(299)) - ozone.om.db.dirs is not configured. We recommend adding this setting. Falling back to ozone.metadata.dirs instead.
2024-09-18 12:54:53,577 [omNode-bootstrap-2-InstallSnapshotThread] INFO  helpers.OmKeyInfo (OmKeyInfo.java:getCodec(72)) - OmKeyInfo.getCodec ignorePipeline = true
2024-09-18 12:54:53,577 [omNode-bootstrap-2-server-thread1] INFO  server.RaftServer$Division (RaftServerImpl.java:checkInconsistentAppendEntries(1629)) - omNode-bootstrap-2@group-0AAC5367B30E: Failed appendEntries as snapshot (0) installation is in progress
2024-09-18 12:54:53,577 [omNode-bootstrap-2-server-thread1] INFO  server.RaftServer$Division (RaftServerImpl.java:appendEntriesAsync(1584)) - omNode-bootstrap-2@group-0AAC5367B30E: appendEntries* reply omNode-1<-omNode-bootstrap-2#80:FAIL-t1,INCONSISTENCY,nextIndex=0,followerCommit=-1,matchIndex=-1
2024-09-18 12:54:53,578 [grpc-default-executor-1] INFO  impl.SnapshotInstallationHandler (SnapshotInstallationHandler.java:installSnapshot(92)) - omNode-bootstrap-2@group-0AAC5367B30E: receive installSnapshot: omNode-1->omNode-bootstrap-2#0-t1,notify:(t:1, i:0)
2024-09-18 12:54:53,578 [grpc-default-executor-3] WARN  server.GrpcLogAppender (GrpcLogAppender.java:onNextImpl(519)) - omNode-1@group-0AAC5367B30E->omNode-bootstrap-2-AppendLogResponseHandler: received INCONSISTENCY reply with nextIndex 0, errorCount=1, request=AppendEntriesRequest:cid=80,entriesCount=0
2024-09-18 12:54:53,578 [grpc-default-executor-1] INFO  impl.SnapshotInstallationHandler (SnapshotInstallationHandler.java:installSnapshotImpl(138)) - omNode-bootstrap-2@group-0AAC5367B30E: set new configuration configurationEntry {
  peers {
    id: "omNode-1"
    address: "localhost:15015"
    startupRole: FOLLOWER
  }
}
 from snapshot
2024-09-18 12:54:53,578 [grpc-default-executor-1] INFO  server.RaftServer$Division (ServerState.java:setRaftConf(386)) - omNode-bootstrap-2@group-0AAC5367B30E: set configuration conf: {index: 0, cur=peers:[omNode-1|localhost:15015]|listeners:[], old=null}
2024-09-18 12:54:53,580 [grpc-default-executor-1] INFO  ratis.OzoneManagerStateMachine (OzoneManagerStateMachine.java:notifyConfigurationChanged(216)) - Received Configuration change notification from Ratis. New Peer list:
[id: "omNode-1"
address: "localhost:15015"
startupRole: FOLLOWER
]
2024-09-18 12:54:53,580 [grpc-default-executor-1] INFO  impl.SnapshotInstallationHandler (SnapshotInstallationHandler.java:installSnapshot(103)) - omNode-bootstrap-2@group-0AAC5367B30E: reply installSnapshot: omNode-1<-omNode-bootstrap-2#0:FAIL-t1,IN_PROGRESS,snapshotIndex=0
2024-09-18 12:54:53,581 [grpc-default-executor-3] INFO  server.GrpcLogAppender (GrpcLogAppender.java:onNext(649)) - omNode-1@group-0AAC5367B30E->omNode-bootstrap-2-InstallSnapshotResponseHandler: received a reply omNode-1<-omNode-bootstrap-2#0:FAIL-t1,IN_PROGRESS,snapshotIndex=0
2024-09-18 12:54:53,581 [grpc-default-executor-3] INFO  server.GrpcLogAppender (GrpcLogAppender.java:onNext(665)) - omNode-1@group-0AAC5367B30E->omNode-bootstrap-2-InstallSnapshotResponseHandler: InstallSnapshot in progress.
2024-09-18 12:54:53,581 [grpc-default-executor-1] INFO  server.GrpcServerProtocolService (GrpcServerProtocolService.java:onCompleted(157)) - omNode-bootstrap-2: Completed INSTALL_SNAPSHOT, lastRequest: omNode-1->omNode-bootstrap-2#0-t1,notify:(t:1, i:0)
2024-09-18 12:54:53,581 [grpc-default-executor-1] INFO  server.GrpcServerProtocolService (GrpcServerProtocolService.java:lambda$onCompleted$5(159)) - omNode-bootstrap-2: Completed INSTALL_SNAPSHOT, lastReply: null
2024-09-18 12:54:53,582 [omNode-bootstrap-2-server-thread1] INFO  server.RaftServer$Division (RaftServerImpl.java:checkInconsistentAppendEntries(1629)) - omNode-bootstrap-2@group-0AAC5367B30E: Failed appendEntries as snapshot (0) installation is in progress
2024-09-18 12:54:53,582 [omNode-bootstrap-2-server-thread1] INFO  server.RaftServer$Division (RaftServerImpl.java:appendEntriesAsync(1584)) - omNode-bootstrap-2@group-0AAC5367B30E: appendEntries* reply omNode-1<-omNode-bootstrap-2#81:FAIL-t1,INCONSISTENCY,nextIndex=0,followerCommit=-1,matchIndex=-1
2024-09-18 12:54:53,583 [omNode-1@group-0AAC5367B30E->omNode-bootstrap-2-GrpcLogAppender-LogAppenderDaemon] INFO  server.GrpcLogAppender (GrpcLogAppender.java:notifyInstallSnapshot(790)) - omNode-1@group-0AAC5367B30E->omNode-bootstrap-2-GrpcLogAppender: notifyInstallSnapshot with firstAvailable=(t:1, i:0), followerNextIndex=0
2024-09-18 12:54:53,583 [omNode-1@group-0AAC5367B30E->omNode-bootstrap-2-GrpcLogAppender-LogAppenderDaemon] INFO  server.GrpcLogAppender (GrpcLogAppender.java:notifyInstallSnapshot(798)) - omNode-1@group-0AAC5367B30E->omNode-bootstrap-2-GrpcLogAppender: send omNode-1->omNode-bootstrap-2#0-t1,notify:(t:1, i:0)
2024-09-18 12:54:53,584 [grpc-default-executor-0] INFO  impl.SnapshotInstallationHandler (SnapshotInstallationHandler.java:installSnapshot(92)) - omNode-bootstrap-2@group-0AAC5367B30E: receive installSnapshot: omNode-1->omNode-bootstrap-2#0-t1,notify:(t:1, i:0)
2024-09-18 12:54:53,584 [grpc-default-executor-0] INFO  impl.SnapshotInstallationHandler (SnapshotInstallationHandler.java:installSnapshotImpl(138)) - omNode-bootstrap-2@group-0AAC5367B30E: set new configuration configurationEntry {
  peers {
    id: "omNode-1"
    address: "localhost:15015"
    startupRole: FOLLOWER
  }
}
 from snapshot
2024-09-18 12:54:53,585 [grpc-default-executor-0] INFO  server.RaftServer$Division (ServerState.java:setRaftConf(386)) - omNode-bootstrap-2@group-0AAC5367B30E: set configuration conf: {index: 0, cur=peers:[omNode-1|localhost:15015]|listeners:[], old=null}
2024-09-18 12:54:53,585 [grpc-default-executor-3] WARN  server.GrpcLogAppender (GrpcLogAppender.java:onNextImpl(519)) - omNode-1@group-0AAC5367B30E->omNode-bootstrap-2-AppendLogResponseHandler: received INCONSISTENCY reply with nextIndex 0, errorCount=1, request=AppendEntriesRequest:cid=81,entriesCount=0
2024-09-18 12:54:53,586 [grpc-default-executor-0] INFO  ratis.OzoneManagerStateMachine (OzoneManagerStateMachine.java:notifyConfigurationChanged(216)) - Received Configuration change notification from Ratis. New Peer list:
[id: "omNode-1"
address: "localhost:15015"
startupRole: FOLLOWER
]
2024-09-18 12:54:53,586 [grpc-default-executor-0] INFO  impl.SnapshotInstallationHandler (SnapshotInstallationHandler.java:installSnapshot(103)) - omNode-bootstrap-2@group-0AAC5367B30E: reply installSnapshot: omNode-1<-omNode-bootstrap-2#0:FAIL-t1,IN_PROGRESS,snapshotIndex=0
2024-09-18 12:54:53,586 [grpc-default-executor-0] INFO  server.GrpcServerProtocolService (GrpcServerProtocolService.java:onCompleted(157)) - omNode-bootstrap-2: Completed INSTALL_SNAPSHOT, lastRequest: omNode-1->omNode-bootstrap-2#0-t1,notify:(t:1, i:0)
2024-09-18 12:54:53,586 [grpc-default-executor-0] INFO  server.GrpcServerProtocolService (GrpcServerProtocolService.java:lambda$onCompleted$5(159)) - omNode-bootstrap-2: Completed INSTALL_SNAPSHOT, lastReply: null
2024-09-18 12:54:53,587 [grpc-default-executor-1] INFO  server.GrpcLogAppender (GrpcLogAppender.java:onNext(649)) - omNode-1@group-0AAC5367B30E->omNode-bootstrap-2-InstallSnapshotResponseHandler: received a reply omNode-1<-omNode-bootstrap-2#0:FAIL-t1,IN_PROGRESS,snapshotIndex=0
2024-09-18 12:54:53,587 [grpc-default-executor-1] INFO  server.GrpcLogAppender (GrpcLogAppender.java:onNext(665)) - omNode-1@group-0AAC5367B30E->omNode-bootstrap-2-InstallSnapshotResponseHandler: InstallSnapshot in progress.
2024-09-18 12:54:53,587 [omNode-1@group-0AAC5367B30E->omNode-bootstrap-2-GrpcLogAppender-LogAppenderDaemon] INFO  server.GrpcLogAppender (GrpcLogAppender.java:notifyInstallSnapshot(790)) - omNode-1@group-0AAC5367B30E->omNode-bootstrap-2-GrpcLogAppender: notifyInstallSnapshot with firstAvailable=(t:1, i:0), followerNextIndex=0
2024-09-18 12:54:53,587 [omNode-1@group-0AAC5367B30E->omNode-bootstrap-2-GrpcLogAppender-LogAppenderDaemon] INFO  server.GrpcLogAppender (GrpcLogAppender.java:notifyInstallSnapshot(798)) - omNode-1@group-0AAC5367B30E->omNode-bootstrap-2-GrpcLogAppender: send omNode-1->omNode-bootstrap-2#0-t1,notify:(t:1, i:0)
2024-09-18 12:54:53,588 [omNode-bootstrap-2-server-thread1] INFO  server.RaftServer$Division (RaftServerImpl.java:checkInconsistentAppendEntries(1629)) - omNode-bootstrap-2@group-0AAC5367B30E: Failed appendEntries as snapshot (0) installation is in progress
2024-09-18 12:54:53,588 [omNode-bootstrap-2-server-thread1] INFO  server.RaftServer$Division (RaftServerImpl.java:appendEntriesAsync(1584)) - omNode-bootstrap-2@group-0AAC5367B30E: appendEntries* reply omNode-1<-omNode-bootstrap-2#82:FAIL-t1,INCONSISTENCY,nextIndex=0,followerCommit=-1,matchIndex=-1
2024-09-18 12:54:53,588 [grpc-default-executor-3] INFO  impl.SnapshotInstallationHandler (SnapshotInstallationHandler.java:installSnapshot(92)) - omNode-bootstrap-2@group-0AAC5367B30E: receive installSnapshot: omNode-1->omNode-bootstrap-2#0-t1,notify:(t:1, i:0)
2024-09-18 12:54:53,589 [grpc-default-executor-4] WARN  server.GrpcLogAppender (GrpcLogAppender.java:onNextImpl(519)) - omNode-1@group-0AAC5367B30E->omNode-bootstrap-2-AppendLogResponseHandler: received INCONSISTENCY reply with nextIndex 0, errorCount=1, request=AppendEntriesRequest:cid=82,entriesCount=0
2024-09-18 12:54:53,589 [grpc-default-executor-3] INFO  impl.SnapshotInstallationHandler (SnapshotInstallationHandler.java:installSnapshotImpl(138)) - omNode-bootstrap-2@group-0AAC5367B30E: set new configuration configurationEntry {
  peers {
    id: "omNode-1"
    address: "localhost:15015"
    startupRole: FOLLOWER
  }
}
 from snapshot
2024-09-18 12:54:53,589 [grpc-default-executor-3] INFO  server.RaftServer$Division (ServerState.java:setRaftConf(386)) - omNode-bootstrap-2@group-0AAC5367B30E: set configuration conf: {index: 0, cur=peers:[omNode-1|localhost:15015]|listeners:[], old=null}
2024-09-18 12:54:53,590 [grpc-default-executor-3] INFO  ratis.OzoneManagerStateMachine (OzoneManagerStateMachine.java:notifyConfigurationChanged(216)) - Received Configuration change notification from Ratis. New Peer list:
[id: "omNode-1"
address: "localhost:15015"
startupRole: FOLLOWER
]
2024-09-18 12:54:53,590 [grpc-default-executor-3] INFO  impl.SnapshotInstallationHandler (SnapshotInstallationHandler.java:installSnapshot(103)) - omNode-bootstrap-2@group-0AAC5367B30E: reply installSnapshot: omNode-1<-omNode-bootstrap-2#0:FAIL-t1,IN_PROGRESS,snapshotIndex=0
2024-09-18 12:54:53,590 [grpc-default-executor-3] INFO  server.GrpcServerProtocolService (GrpcServerProtocolService.java:onCompleted(157)) - omNode-bootstrap-2: Completed INSTALL_SNAPSHOT, lastRequest: omNode-1->omNode-bootstrap-2#0-t1,notify:(t:1, i:0)
2024-09-18 12:54:53,590 [grpc-default-executor-3] INFO  server.GrpcServerProtocolService (GrpcServerProtocolService.java:lambda$onCompleted$5(159)) - omNode-bootstrap-2: Completed INSTALL_SNAPSHOT, lastReply: null
2024-09-18 12:54:53,591 [grpc-default-executor-1] INFO  server.GrpcLogAppender (GrpcLogAppender.java:onNext(649)) - omNode-1@group-0AAC5367B30E->omNode-bootstrap-2-InstallSnapshotResponseHandler: received a reply omNode-1<-omNode-bootstrap-2#0:FAIL-t1,IN_PROGRESS,snapshotIndex=0
2024-09-18 12:54:53,591 [grpc-default-executor-1] INFO  server.GrpcLogAppender (GrpcLogAppender.java:onNext(665)) - omNode-1@group-0AAC5367B30E->omNode-bootstrap-2-InstallSnapshotResponseHandler: InstallSnapshot in progress.
2024-09-18 12:54:53,591 [omNode-1@group-0AAC5367B30E->omNode-bootstrap-2-GrpcLogAppender-LogAppenderDaemon] INFO  server.GrpcLogAppender (GrpcLogAppender.java:notifyInstallSnapshot(790)) - omNode-1@group-0AAC5367B30E->omNode-bootstrap-2-GrpcLogAppender: notifyInstallSnapshot with firstAvailable=(t:1, i:0), followerNextIndex=0
2024-09-18 12:54:53,591 [omNode-1@group-0AAC5367B30E->omNode-bootstrap-2-GrpcLogAppender-LogAppenderDaemon] INFO  server.GrpcLogAppender (GrpcLogAppender.java:notifyInstallSnapshot(798)) - omNode-1@group-0AAC5367B30E->omNode-bootstrap-2-GrpcLogAppender: send omNode-1->omNode-bootstrap-2#0-t1,notify:(t:1, i:0)
2024-09-18 12:54:53,600 [omNode-bootstrap-2-server-thread1] INFO  server.RaftServer$Division (RaftServerImpl.java:checkInconsistentAppendEntries(1629)) - omNode-bootstrap-2@group-0AAC5367B30E: Failed appendEntries as snapshot (0) installation is in progress
2024-09-18 12:54:53,600 [omNode-bootstrap-2-server-thread1] INFO  server.RaftServer$Division (RaftServerImpl.java:appendEntriesAsync(1584)) - omNode-bootstrap-2@group-0AAC5367B30E: appendEntries* reply omNode-1<-omNode-bootstrap-2#83:FAIL-t1,INCONSISTENCY,nextIndex=0,followerCommit=-1,matchIndex=-1
2024-09-18 12:54:53,600 [grpc-default-executor-1] INFO  impl.SnapshotInstallationHandler (SnapshotInstallationHandler.java:installSnapshot(92)) - omNode-bootstrap-2@group-0AAC5367B30E: receive installSnapshot: omNode-1->omNode-bootstrap-2#0-t1,notify:(t:1, i:0)
2024-09-18 12:54:53,600 [grpc-default-executor-1] INFO  impl.SnapshotInstallationHandler (SnapshotInstallationHandler.java:installSnapshotImpl(138)) - omNode-bootstrap-2@group-0AAC5367B30E: set new configuration configurationEntry {
  peers {
    id: "omNode-1"
    address: "localhost:15015"
    startupRole: FOLLOWER
  }
}
 from snapshot
2024-09-18 12:54:53,600 [grpc-default-executor-1] INFO  server.RaftServer$Division (ServerState.java:setRaftConf(386)) - omNode-bootstrap-2@group-0AAC5367B30E: set configuration conf: {index: 0, cur=peers:[omNode-1|localhost:15015]|listeners:[], old=null}
2024-09-18 12:54:53,601 [grpc-default-executor-3] WARN  server.GrpcLogAppender (GrpcLogAppender.java:onNextImpl(519)) - omNode-1@group-0AAC5367B30E->omNode-bootstrap-2-AppendLogResponseHandler: received INCONSISTENCY reply with nextIndex 0, errorCount=1, request=AppendEntriesRequest:cid=83,entriesCount=0
2024-09-18 12:54:53,602 [grpc-default-executor-1] INFO  ratis.OzoneManagerStateMachine (OzoneManagerStateMachine.java:notifyConfigurationChanged(216)) - Received Configuration change notification from Ratis. New Peer list:
[id: "omNode-1"
address: "localhost:15015"
startupRole: FOLLOWER
]
2024-09-18 12:54:53,602 [grpc-default-executor-1] INFO  impl.SnapshotInstallationHandler (SnapshotInstallationHandler.java:installSnapshot(103)) - omNode-bootstrap-2@group-0AAC5367B30E: reply installSnapshot: omNode-1<-omNode-bootstrap-2#0:FAIL-t1,IN_PROGRESS,snapshotIndex=0
2024-09-18 12:54:53,602 [grpc-default-executor-1] INFO  server.GrpcServerProtocolService (GrpcServerProtocolService.java:onCompleted(157)) - omNode-bootstrap-2: Completed INSTALL_SNAPSHOT, lastRequest: omNode-1->omNode-bootstrap-2#0-t1,notify:(t:1, i:0)
2024-09-18 12:54:53,602 [grpc-default-executor-1] INFO  server.GrpcServerProtocolService (GrpcServerProtocolService.java:lambda$onCompleted$5(159)) - omNode-bootstrap-2: Completed INSTALL_SNAPSHOT, lastReply: null
2024-09-18 12:54:53,603 [grpc-default-executor-3] INFO  server.GrpcLogAppender (GrpcLogAppender.java:onNext(649)) - omNode-1@group-0AAC5367B30E->omNode-bootstrap-2-InstallSnapshotResponseHandler: received a reply omNode-1<-omNode-bootstrap-2#0:FAIL-t1,IN_PROGRESS,snapshotIndex=0
2024-09-18 12:54:53,603 [grpc-default-executor-3] INFO  server.GrpcLogAppender (GrpcLogAppender.java:onNext(665)) - omNode-1@group-0AAC5367B30E->omNode-bootstrap-2-InstallSnapshotResponseHandler: InstallSnapshot in progress.
2024-09-18 12:54:53,604 [omNode-bootstrap-2-server-thread1] INFO  server.RaftServer$Division (RaftServerImpl.java:checkInconsistentAppendEntries(1629)) - omNode-bootstrap-2@group-0AAC5367B30E: Failed appendEntries as snapshot (0) installation is in progress
2024-09-18 12:54:53,604 [omNode-bootstrap-2-server-thread1] INFO  server.RaftServer$Division (RaftServerImpl.java:appendEntriesAsync(1584)) - omNode-bootstrap-2@group-0AAC5367B30E: appendEntries* reply omNode-1<-omNode-bootstrap-2#84:FAIL-t1,INCONSISTENCY,nextIndex=0,followerCommit=-1,matchIndex=-1
2024-09-18 12:54:53,605 [omNode-1@group-0AAC5367B30E->omNode-bootstrap-2-GrpcLogAppender-LogAppenderDaemon] INFO  server.GrpcLogAppender (GrpcLogAppender.java:notifyInstallSnapshot(790)) - omNode-1@group-0AAC5367B30E->omNode-bootstrap-2-GrpcLogAppender: notifyInstallSnapshot with firstAvailable=(t:1, i:0), followerNextIndex=0
2024-09-18 12:54:53,605 [omNode-1@group-0AAC5367B30E->omNode-bootstrap-2-GrpcLogAppender-LogAppenderDaemon] INFO  server.GrpcLogAppender (GrpcLogAppender.java:notifyInstallSnapshot(798)) - omNode-1@group-0AAC5367B30E->omNode-bootstrap-2-GrpcLogAppender: send omNode-1->omNode-bootstrap-2#0-t1,notify:(t:1, i:0)
2024-09-18 12:54:53,607 [grpc-default-executor-3] WARN  server.GrpcLogAppender (GrpcLogAppender.java:onNextImpl(519)) - omNode-1@group-0AAC5367B30E->omNode-bootstrap-2-AppendLogResponseHandler: received INCONSISTENCY reply with nextIndex 0, errorCount=1, request=AppendEntriesRequest:cid=84,entriesCount=0
2024-09-18 12:54:53,609 [grpc-default-executor-3] INFO  impl.SnapshotInstallationHandler (SnapshotInstallationHandler.java:installSnapshot(92)) - omNode-bootstrap-2@group-0AAC5367B30E: receive installSnapshot: omNode-1->omNode-bootstrap-2#0-t1,notify:(t:1, i:0)
2024-09-18 12:54:53,610 [grpc-default-executor-3] INFO  impl.SnapshotInstallationHandler (SnapshotInstallationHandler.java:installSnapshotImpl(138)) - omNode-bootstrap-2@group-0AAC5367B30E: set new configuration configurationEntry {
  peers {
    id: "omNode-1"
    address: "localhost:15015"
    startupRole: FOLLOWER
  }
}
 from snapshot
2024-09-18 12:54:53,610 [grpc-default-executor-3] INFO  server.RaftServer$Division (ServerState.java:setRaftConf(386)) - omNode-bootstrap-2@group-0AAC5367B30E: set configuration conf: {index: 0, cur=peers:[omNode-1|localhost:15015]|listeners:[], old=null}
2024-09-18 12:54:53,611 [grpc-default-executor-3] INFO  ratis.OzoneManagerStateMachine (OzoneManagerStateMachine.java:notifyConfigurationChanged(216)) - Received Configuration change notification from Ratis. New Peer list:
[id: "omNode-1"
address: "localhost:15015"
startupRole: FOLLOWER
]
2024-09-18 12:54:53,611 [grpc-default-executor-3] INFO  impl.SnapshotInstallationHandler (SnapshotInstallationHandler.java:installSnapshot(103)) - omNode-bootstrap-2@group-0AAC5367B30E: reply installSnapshot: omNode-1<-omNode-bootstrap-2#0:FAIL-t1,IN_PROGRESS,snapshotIndex=0
2024-09-18 12:54:53,611 [grpc-default-executor-3] INFO  server.GrpcServerProtocolService (GrpcServerProtocolService.java:onCompleted(157)) - omNode-bootstrap-2: Completed INSTALL_SNAPSHOT, lastRequest: omNode-1->omNode-bootstrap-2#0-t1,notify:(t:1, i:0)
2024-09-18 12:54:53,611 [grpc-default-executor-3] INFO  server.GrpcServerProtocolService (GrpcServerProtocolService.java:lambda$onCompleted$5(159)) - omNode-bootstrap-2: Completed INSTALL_SNAPSHOT, lastReply: null
2024-09-18 12:54:53,612 [grpc-default-executor-1] INFO  server.GrpcLogAppender (GrpcLogAppender.java:onNext(649)) - omNode-1@group-0AAC5367B30E->omNode-bootstrap-2-InstallSnapshotResponseHandler: received a reply omNode-1<-omNode-bootstrap-2#0:FAIL-t1,IN_PROGRESS,snapshotIndex=0
2024-09-18 12:54:53,612 [grpc-default-executor-1] INFO  server.GrpcLogAppender (GrpcLogAppender.java:onNext(665)) - omNode-1@group-0AAC5367B30E->omNode-bootstrap-2-InstallSnapshotResponseHandler: InstallSnapshot in progress.
2024-09-18 12:54:53,613 [omNode-1@group-0AAC5367B30E->omNode-bootstrap-2-GrpcLogAppender-LogAppenderDaemon] INFO  server.GrpcLogAppender (GrpcLogAppender.java:notifyInstallSnapshot(790)) - omNode-1@group-0AAC5367B30E->omNode-bootstrap-2-GrpcLogAppender: notifyInstallSnapshot with firstAvailable=(t:1, i:0), followerNextIndex=0
2024-09-18 12:54:53,613 [omNode-1@group-0AAC5367B30E->omNode-bootstrap-2-GrpcLogAppender-LogAppenderDaemon] INFO  server.GrpcLogAppender (GrpcLogAppender.java:notifyInstallSnapshot(798)) - omNode-1@group-0AAC5367B30E->omNode-bootstrap-2-GrpcLogAppender: send omNode-1->omNode-bootstrap-2#0-t1,notify:(t:1, i:0)
2024-09-18 12:54:53,614 [omNode-bootstrap-2-server-thread1] INFO  server.RaftServer$Division (RaftServerImpl.java:checkInconsistentAppendEntries(1629)) - omNode-bootstrap-2@group-0AAC5367B30E: Failed appendEntries as snapshot (0) installation is in progress
2024-09-18 12:54:53,614 [omNode-bootstrap-2-server-thread1] INFO  server.RaftServer$Division (RaftServerImpl.java:appendEntriesAsync(1584)) - omNode-bootstrap-2@group-0AAC5367B30E: appendEntries* reply omNode-1<-omNode-bootstrap-2#85:FAIL-t1,INCONSISTENCY,nextIndex=0,followerCommit=-1,matchIndex=-1
2024-09-18 12:54:53,615 [grpc-default-executor-1] WARN  server.GrpcLogAppender (GrpcLogAppender.java:onNextImpl(519)) - omNode-1@group-0AAC5367B30E->omNode-bootstrap-2-AppendLogResponseHandler: received INCONSISTENCY reply with nextIndex 0, errorCount=1, request=AppendEntriesRequest:cid=85,entriesCount=0
2024-09-18 12:54:53,615 [grpc-default-executor-1] INFO  impl.SnapshotInstallationHandler (SnapshotInstallationHandler.java:installSnapshot(92)) - omNode-bootstrap-2@group-0AAC5367B30E: receive installSnapshot: omNode-1->omNode-bootstrap-2#0-t1,notify:(t:1, i:0)
2024-09-18 12:54:53,616 [grpc-default-executor-1] INFO  impl.SnapshotInstallationHandler (SnapshotInstallationHandler.java:installSnapshotImpl(138)) - omNode-bootstrap-2@group-0AAC5367B30E: set new configuration configurationEntry {
  peers {
    id: "omNode-1"
    address: "localhost:15015"
    startupRole: FOLLOWER
  }
}
 from snapshot
2024-09-18 12:54:53,616 [grpc-default-executor-1] INFO  server.RaftServer$Division (ServerState.java:setRaftConf(386)) - omNode-bootstrap-2@group-0AAC5367B30E: set configuration conf: {index: 0, cur=peers:[omNode-1|localhost:15015]|listeners:[], old=null}
2024-09-18 12:54:53,617 [grpc-default-executor-1] INFO  ratis.OzoneManagerStateMachine (OzoneManagerStateMachine.java:notifyConfigurationChanged(216)) - Received Configuration change notification from Ratis. New Peer list:
[id: "omNode-1"
address: "localhost:15015"
startupRole: FOLLOWER
]
2024-09-18 12:54:53,617 [grpc-default-executor-1] INFO  impl.SnapshotInstallationHandler (SnapshotInstallationHandler.java:installSnapshot(103)) - omNode-bootstrap-2@group-0AAC5367B30E: reply installSnapshot: omNode-1<-omNode-bootstrap-2#0:FAIL-t1,IN_PROGRESS,snapshotIndex=0
2024-09-18 12:54:53,618 [grpc-default-executor-1] INFO  server.GrpcServerProtocolService (GrpcServerProtocolService.java:onCompleted(157)) - omNode-bootstrap-2: Completed INSTALL_SNAPSHOT, lastRequest: omNode-1->omNode-bootstrap-2#0-t1,notify:(t:1, i:0)
2024-09-18 12:54:53,618 [grpc-default-executor-1] INFO  server.GrpcServerProtocolService (GrpcServerProtocolService.java:lambda$onCompleted$5(159)) - omNode-bootstrap-2: Completed INSTALL_SNAPSHOT, lastReply: null
2024-09-18 12:54:53,618 [grpc-default-executor-3] INFO  server.GrpcLogAppender (GrpcLogAppender.java:onNext(649)) - omNode-1@group-0AAC5367B30E->omNode-bootstrap-2-InstallSnapshotResponseHandler: received a reply omNode-1<-omNode-bootstrap-2#0:FAIL-t1,IN_PROGRESS,snapshotIndex=0
2024-09-18 12:54:53,618 [grpc-default-executor-3] INFO  server.GrpcLogAppender (GrpcLogAppender.java:onNext(665)) - omNode-1@group-0AAC5367B30E->omNode-bootstrap-2-InstallSnapshotResponseHandler: InstallSnapshot in progress.
2024-09-18 12:54:53,618 [omNode-1@group-0AAC5367B30E->omNode-bootstrap-2-GrpcLogAppender-LogAppenderDaemon] INFO  server.GrpcLogAppender (GrpcLogAppender.java:notifyInstallSnapshot(790)) - omNode-1@group-0AAC5367B30E->omNode-bootstrap-2-GrpcLogAppender: notifyInstallSnapshot with firstAvailable=(t:1, i:0), followerNextIndex=0
2024-09-18 12:54:53,619 [omNode-1@group-0AAC5367B30E->omNode-bootstrap-2-GrpcLogAppender-LogAppenderDaemon] INFO  server.GrpcLogAppender (GrpcLogAppender.java:notifyInstallSnapshot(798)) - omNode-1@group-0AAC5367B30E->omNode-bootstrap-2-GrpcLogAppender: send omNode-1->omNode-bootstrap-2#0-t1,notify:(t:1, i:0)
2024-09-18 12:54:53,619 [omNode-bootstrap-2-server-thread1] INFO  server.RaftServer$Division (RaftServerImpl.java:checkInconsistentAppendEntries(1629)) - omNode-bootstrap-2@group-0AAC5367B30E: Failed appendEntries as snapshot (0) installation is in progress
2024-09-18 12:54:53,621 [omNode-bootstrap-2-server-thread1] INFO  server.RaftServer$Division (RaftServerImpl.java:appendEntriesAsync(1584)) - omNode-bootstrap-2@group-0AAC5367B30E: appendEntries* reply omNode-1<-omNode-bootstrap-2#86:FAIL-t1,INCONSISTENCY,nextIndex=0,followerCommit=-1,matchIndex=-1
2024-09-18 12:54:53,622 [grpc-default-executor-1] INFO  impl.SnapshotInstallationHandler (SnapshotInstallationHandler.java:installSnapshot(92)) - omNode-bootstrap-2@group-0AAC5367B30E: receive installSnapshot: omNode-1->omNode-bootstrap-2#0-t1,notify:(t:1, i:0)
2024-09-18 12:54:53,622 [grpc-default-executor-1] INFO  impl.SnapshotInstallationHandler (SnapshotInstallationHandler.java:installSnapshotImpl(138)) - omNode-bootstrap-2@group-0AAC5367B30E: set new configuration configurationEntry {
  peers {
    id: "omNode-1"
    address: "localhost:15015"
    startupRole: FOLLOWER
  }
}
 from snapshot
2024-09-18 12:54:53,622 [grpc-default-executor-1] INFO  server.RaftServer$Division (ServerState.java:setRaftConf(386)) - omNode-bootstrap-2@group-0AAC5367B30E: set configuration conf: {index: 0, cur=peers:[omNode-1|localhost:15015]|listeners:[], old=null}
2024-09-18 12:54:53,622 [grpc-default-executor-3] WARN  server.GrpcLogAppender (GrpcLogAppender.java:onNextImpl(519)) - omNode-1@group-0AAC5367B30E->omNode-bootstrap-2-AppendLogResponseHandler: received INCONSISTENCY reply with nextIndex 0, errorCount=1, request=AppendEntriesRequest:cid=86,entriesCount=0
2024-09-18 12:54:53,624 [grpc-default-executor-1] INFO  ratis.OzoneManagerStateMachine (OzoneManagerStateMachine.java:notifyConfigurationChanged(216)) - Received Configuration change notification from Ratis. New Peer list:
[id: "omNode-1"
address: "localhost:15015"
startupRole: FOLLOWER
]
2024-09-18 12:54:53,624 [grpc-default-executor-1] INFO  impl.SnapshotInstallationHandler (SnapshotInstallationHandler.java:installSnapshot(103)) - omNode-bootstrap-2@group-0AAC5367B30E: reply installSnapshot: omNode-1<-omNode-bootstrap-2#0:FAIL-t1,IN_PROGRESS,snapshotIndex=0
2024-09-18 12:54:53,624 [grpc-default-executor-1] INFO  server.GrpcServerProtocolService (GrpcServerProtocolService.java:onCompleted(157)) - omNode-bootstrap-2: Completed INSTALL_SNAPSHOT, lastRequest: omNode-1->omNode-bootstrap-2#0-t1,notify:(t:1, i:0)
2024-09-18 12:54:53,625 [grpc-default-executor-1] INFO  server.GrpcServerProtocolService (GrpcServerProtocolService.java:lambda$onCompleted$5(159)) - omNode-bootstrap-2: Completed INSTALL_SNAPSHOT, lastReply: null
2024-09-18 12:54:53,625 [grpc-default-executor-3] INFO  server.GrpcLogAppender (GrpcLogAppender.java:onNext(649)) - omNode-1@group-0AAC5367B30E->omNode-bootstrap-2-InstallSnapshotResponseHandler: received a reply omNode-1<-omNode-bootstrap-2#0:FAIL-t1,IN_PROGRESS,snapshotIndex=0
2024-09-18 12:54:53,625 [grpc-default-executor-3] INFO  server.GrpcLogAppender (GrpcLogAppender.java:onNext(665)) - omNode-1@group-0AAC5367B30E->omNode-bootstrap-2-InstallSnapshotResponseHandler: InstallSnapshot in progress.
2024-09-18 12:54:53,625 [omNode-1@group-0AAC5367B30E->omNode-bootstrap-2-GrpcLogAppender-LogAppenderDaemon] INFO  server.GrpcLogAppender (GrpcLogAppender.java:notifyInstallSnapshot(790)) - omNode-1@group-0AAC5367B30E->omNode-bootstrap-2-GrpcLogAppender: notifyInstallSnapshot with firstAvailable=(t:1, i:0), followerNextIndex=0
2024-09-18 12:54:53,625 [omNode-1@group-0AAC5367B30E->omNode-bootstrap-2-GrpcLogAppender-LogAppenderDaemon] INFO  server.GrpcLogAppender (GrpcLogAppender.java:notifyInstallSnapshot(798)) - omNode-1@group-0AAC5367B30E->omNode-bootstrap-2-GrpcLogAppender: send omNode-1->omNode-bootstrap-2#0-t1,notify:(t:1, i:0)
2024-09-18 12:54:53,626 [omNode-bootstrap-2-server-thread1] INFO  server.RaftServer$Division (RaftServerImpl.java:checkInconsistentAppendEntries(1629)) - omNode-bootstrap-2@group-0AAC5367B30E: Failed appendEntries as snapshot (0) installation is in progress
2024-09-18 12:54:53,626 [omNode-bootstrap-2-server-thread1] INFO  server.RaftServer$Division (RaftServerImpl.java:appendEntriesAsync(1584)) - omNode-bootstrap-2@group-0AAC5367B30E: appendEntries* reply omNode-1<-omNode-bootstrap-2#87:FAIL-t1,INCONSISTENCY,nextIndex=0,followerCommit=-1,matchIndex=-1
2024-09-18 12:54:53,628 [grpc-default-executor-1] INFO  impl.SnapshotInstallationHandler (SnapshotInstallationHandler.java:installSnapshot(92)) - omNode-bootstrap-2@group-0AAC5367B30E: receive installSnapshot: omNode-1->omNode-bootstrap-2#0-t1,notify:(t:1, i:0)
2024-09-18 12:54:53,628 [grpc-default-executor-1] INFO  impl.SnapshotInstallationHandler (SnapshotInstallationHandler.java:installSnapshotImpl(138)) - omNode-bootstrap-2@group-0AAC5367B30E: set new configuration configurationEntry {
  peers {
    id: "omNode-1"
    address: "localhost:15015"
    startupRole: FOLLOWER
  }
}
 from snapshot
2024-09-18 12:54:53,628 [grpc-default-executor-1] INFO  server.RaftServer$Division (ServerState.java:setRaftConf(386)) - omNode-bootstrap-2@group-0AAC5367B30E: set configuration conf: {index: 0, cur=peers:[omNode-1|localhost:15015]|listeners:[], old=null}
2024-09-18 12:54:53,629 [grpc-default-executor-3] WARN  server.GrpcLogAppender (GrpcLogAppender.java:onNextImpl(519)) - omNode-1@group-0AAC5367B30E->omNode-bootstrap-2-AppendLogResponseHandler: received INCONSISTENCY reply with nextIndex 0, errorCount=1, request=AppendEntriesRequest:cid=87,entriesCount=0
2024-09-18 12:54:53,630 [grpc-default-executor-1] INFO  ratis.OzoneManagerStateMachine (OzoneManagerStateMachine.java:notifyConfigurationChanged(216)) - Received Configuration change notification from Ratis. New Peer list:
[id: "omNode-1"
address: "localhost:15015"
startupRole: FOLLOWER
]
2024-09-18 12:54:53,630 [grpc-default-executor-1] INFO  impl.SnapshotInstallationHandler (SnapshotInstallationHandler.java:installSnapshot(103)) - omNode-bootstrap-2@group-0AAC5367B30E: reply installSnapshot: omNode-1<-omNode-bootstrap-2#0:FAIL-t1,IN_PROGRESS,snapshotIndex=0
2024-09-18 12:54:53,630 [grpc-default-executor-1] INFO  server.GrpcServerProtocolService (GrpcServerProtocolService.java:onCompleted(157)) - omNode-bootstrap-2: Completed INSTALL_SNAPSHOT, lastRequest: omNode-1->omNode-bootstrap-2#0-t1,notify:(t:1, i:0)
2024-09-18 12:54:53,630 [grpc-default-executor-1] INFO  server.GrpcServerProtocolService (GrpcServerProtocolService.java:lambda$onCompleted$5(159)) - omNode-bootstrap-2: Completed INSTALL_SNAPSHOT, lastReply: null
2024-09-18 12:54:53,631 [grpc-default-executor-3] INFO  server.GrpcLogAppender (GrpcLogAppender.java:onNext(649)) - omNode-1@group-0AAC5367B30E->omNode-bootstrap-2-InstallSnapshotResponseHandler: received a reply omNode-1<-omNode-bootstrap-2#0:FAIL-t1,IN_PROGRESS,snapshotIndex=0
2024-09-18 12:54:53,631 [grpc-default-executor-3] INFO  server.GrpcLogAppender (GrpcLogAppender.java:onNext(665)) - omNode-1@group-0AAC5367B30E->omNode-bootstrap-2-InstallSnapshotResponseHandler: InstallSnapshot in progress.
2024-09-18 12:54:53,632 [omNode-bootstrap-2-server-thread1] INFO  server.RaftServer$Division (RaftServerImpl.java:checkInconsistentAppendEntries(1629)) - omNode-bootstrap-2@group-0AAC5367B30E: Failed appendEntries as snapshot (0) installation is in progress
2024-09-18 12:54:53,632 [omNode-bootstrap-2-server-thread1] INFO  server.RaftServer$Division (RaftServerImpl.java:appendEntriesAsync(1584)) - omNode-bootstrap-2@group-0AAC5367B30E: appendEntries* reply omNode-1<-omNode-bootstrap-2#88:FAIL-t1,INCONSISTENCY,nextIndex=0,followerCommit=-1,matchIndex=-1
2024-09-18 12:54:53,633 [omNode-1@group-0AAC5367B30E->omNode-bootstrap-2-GrpcLogAppender-LogAppenderDaemon] INFO  server.GrpcLogAppender (GrpcLogAppender.java:notifyInstallSnapshot(790)) - omNode-1@group-0AAC5367B30E->omNode-bootstrap-2-GrpcLogAppender: notifyInstallSnapshot with firstAvailable=(t:1, i:0), followerNextIndex=0
2024-09-18 12:54:53,633 [omNode-1@group-0AAC5367B30E->omNode-bootstrap-2-GrpcLogAppender-LogAppenderDaemon] INFO  server.GrpcLogAppender (GrpcLogAppender.java:notifyInstallSnapshot(798)) - omNode-1@group-0AAC5367B30E->omNode-bootstrap-2-GrpcLogAppender: send omNode-1->omNode-bootstrap-2#0-t1,notify:(t:1, i:0)
2024-09-18 12:54:53,633 [grpc-default-executor-3] WARN  server.GrpcLogAppender (GrpcLogAppender.java:onNextImpl(519)) - omNode-1@group-0AAC5367B30E->omNode-bootstrap-2-AppendLogResponseHandler: received INCONSISTENCY reply with nextIndex 0, errorCount=1, request=AppendEntriesRequest:cid=88,entriesCount=0
2024-09-18 12:54:53,635 [grpc-default-executor-3] INFO  impl.SnapshotInstallationHandler (SnapshotInstallationHandler.java:installSnapshot(92)) - omNode-bootstrap-2@group-0AAC5367B30E: receive installSnapshot: omNode-1->omNode-bootstrap-2#0-t1,notify:(t:1, i:0)
2024-09-18 12:54:53,635 [grpc-default-executor-3] INFO  impl.SnapshotInstallationHandler (SnapshotInstallationHandler.java:installSnapshotImpl(138)) - omNode-bootstrap-2@group-0AAC5367B30E: set new configuration configurationEntry {
  peers {
    id: "omNode-1"
    address: "localhost:15015"
    startupRole: FOLLOWER
  }
}
 from snapshot
2024-09-18 12:54:53,635 [grpc-default-executor-3] INFO  server.RaftServer$Division (ServerState.java:setRaftConf(386)) - omNode-bootstrap-2@group-0AAC5367B30E: set configuration conf: {index: 0, cur=peers:[omNode-1|localhost:15015]|listeners:[], old=null}
2024-09-18 12:54:53,637 [grpc-default-executor-3] INFO  ratis.OzoneManagerStateMachine (OzoneManagerStateMachine.java:notifyConfigurationChanged(216)) - Received Configuration change notification from Ratis. New Peer list:
[id: "omNode-1"
address: "localhost:15015"
startupRole: FOLLOWER
]
2024-09-18 12:54:53,637 [grpc-default-executor-3] INFO  impl.SnapshotInstallationHandler (SnapshotInstallationHandler.java:installSnapshot(103)) - omNode-bootstrap-2@group-0AAC5367B30E: reply installSnapshot: omNode-1<-omNode-bootstrap-2#0:FAIL-t1,IN_PROGRESS,snapshotIndex=0
2024-09-18 12:54:53,637 [grpc-default-executor-3] INFO  server.GrpcServerProtocolService (GrpcServerProtocolService.java:onCompleted(157)) - omNode-bootstrap-2: Completed INSTALL_SNAPSHOT, lastRequest: omNode-1->omNode-bootstrap-2#0-t1,notify:(t:1, i:0)
2024-09-18 12:54:53,637 [grpc-default-executor-3] INFO  server.GrpcServerProtocolService (GrpcServerProtocolService.java:lambda$onCompleted$5(159)) - omNode-bootstrap-2: Completed INSTALL_SNAPSHOT, lastReply: null
2024-09-18 12:54:53,640 [grpc-default-executor-3] INFO  server.GrpcLogAppender (GrpcLogAppender.java:onNext(649)) - omNode-1@group-0AAC5367B30E->omNode-bootstrap-2-InstallSnapshotResponseHandler: received a reply omNode-1<-omNode-bootstrap-2#0:FAIL-t1,IN_PROGRESS,snapshotIndex=0
2024-09-18 12:54:53,640 [grpc-default-executor-3] INFO  server.GrpcLogAppender (GrpcLogAppender.java:onNext(665)) - omNode-1@group-0AAC5367B30E->omNode-bootstrap-2-InstallSnapshotResponseHandler: InstallSnapshot in progress.
2024-09-18 12:54:53,640 [omNode-1@group-0AAC5367B30E->omNode-bootstrap-2-GrpcLogAppender-LogAppenderDaemon] INFO  server.GrpcLogAppender (GrpcLogAppender.java:notifyInstallSnapshot(790)) - omNode-1@group-0AAC5367B30E->omNode-bootstrap-2-GrpcLogAppender: notifyInstallSnapshot with firstAvailable=(t:1, i:0), followerNextIndex=0
2024-09-18 12:54:53,640 [omNode-1@group-0AAC5367B30E->omNode-bootstrap-2-GrpcLogAppender-LogAppenderDaemon] INFO  server.GrpcLogAppender (GrpcLogAppender.java:notifyInstallSnapshot(798)) - omNode-1@group-0AAC5367B30E->omNode-bootstrap-2-GrpcLogAppender: send omNode-1->omNode-bootstrap-2#0-t1,notify:(t:1, i:0)
2024-09-18 12:54:53,641 [omNode-bootstrap-2-server-thread1] INFO  server.RaftServer$Division (RaftServerImpl.java:checkInconsistentAppendEntries(1629)) - omNode-bootstrap-2@group-0AAC5367B30E: Failed appendEntries as snapshot (0) installation is in progress
2024-09-18 12:54:53,641 [omNode-bootstrap-2-server-thread1] INFO  server.RaftServer$Division (RaftServerImpl.java:appendEntriesAsync(1584)) - omNode-bootstrap-2@group-0AAC5367B30E: appendEntries* reply omNode-1<-omNode-bootstrap-2#89:FAIL-t1,INCONSISTENCY,nextIndex=0,followerCommit=-1,matchIndex=-1
2024-09-18 12:54:53,641 [grpc-default-executor-1] INFO  impl.SnapshotInstallationHandler (SnapshotInstallationHandler.java:installSnapshot(92)) - omNode-bootstrap-2@group-0AAC5367B30E: receive installSnapshot: omNode-1->omNode-bootstrap-2#0-t1,notify:(t:1, i:0)
2024-09-18 12:54:53,641 [grpc-default-executor-4] WARN  server.GrpcLogAppender (GrpcLogAppender.java:onNextImpl(519)) - omNode-1@group-0AAC5367B30E->omNode-bootstrap-2-AppendLogResponseHandler: received INCONSISTENCY reply with nextIndex 0, errorCount=1, request=AppendEntriesRequest:cid=89,entriesCount=0
2024-09-18 12:54:53,642 [grpc-default-executor-1] INFO  impl.SnapshotInstallationHandler (SnapshotInstallationHandler.java:installSnapshotImpl(138)) - omNode-bootstrap-2@group-0AAC5367B30E: set new configuration configurationEntry {
  peers {
    id: "omNode-1"
    address: "localhost:15015"
    startupRole: FOLLOWER
  }
}
 from snapshot
2024-09-18 12:54:53,642 [grpc-default-executor-1] INFO  server.RaftServer$Division (ServerState.java:setRaftConf(386)) - omNode-bootstrap-2@group-0AAC5367B30E: set configuration conf: {index: 0, cur=peers:[omNode-1|localhost:15015]|listeners:[], old=null}
2024-09-18 12:54:53,648 [grpc-default-executor-1] INFO  ratis.OzoneManagerStateMachine (OzoneManagerStateMachine.java:notifyConfigurationChanged(216)) - Received Configuration change notification from Ratis. New Peer list:
[id: "omNode-1"
address: "localhost:15015"
startupRole: FOLLOWER
]
2024-09-18 12:54:53,649 [grpc-default-executor-1] INFO  impl.SnapshotInstallationHandler (SnapshotInstallationHandler.java:installSnapshot(103)) - omNode-bootstrap-2@group-0AAC5367B30E: reply installSnapshot: omNode-1<-omNode-bootstrap-2#0:FAIL-t1,IN_PROGRESS,snapshotIndex=0
2024-09-18 12:54:53,649 [grpc-default-executor-1] INFO  server.GrpcServerProtocolService (GrpcServerProtocolService.java:onCompleted(157)) - omNode-bootstrap-2: Completed INSTALL_SNAPSHOT, lastRequest: omNode-1->omNode-bootstrap-2#0-t1,notify:(t:1, i:0)
2024-09-18 12:54:53,649 [grpc-default-executor-1] INFO  server.GrpcServerProtocolService (GrpcServerProtocolService.java:lambda$onCompleted$5(159)) - omNode-bootstrap-2: Completed INSTALL_SNAPSHOT, lastReply: null
2024-09-18 12:54:53,649 [grpc-default-executor-1] INFO  server.GrpcLogAppender (GrpcLogAppender.java:onNext(649)) - omNode-1@group-0AAC5367B30E->omNode-bootstrap-2-InstallSnapshotResponseHandler: received a reply omNode-1<-omNode-bootstrap-2#0:FAIL-t1,IN_PROGRESS,snapshotIndex=0
2024-09-18 12:54:53,649 [grpc-default-executor-1] INFO  server.GrpcLogAppender (GrpcLogAppender.java:onNext(665)) - omNode-1@group-0AAC5367B30E->omNode-bootstrap-2-InstallSnapshotResponseHandler: InstallSnapshot in progress.
2024-09-18 12:54:53,650 [omNode-1@group-0AAC5367B30E->omNode-bootstrap-2-GrpcLogAppender-LogAppenderDaemon] INFO  server.GrpcLogAppender (GrpcLogAppender.java:notifyInstallSnapshot(790)) - omNode-1@group-0AAC5367B30E->omNode-bootstrap-2-GrpcLogAppender: notifyInstallSnapshot with firstAvailable=(t:1, i:0), followerNextIndex=0
2024-09-18 12:54:53,650 [omNode-1@group-0AAC5367B30E->omNode-bootstrap-2-GrpcLogAppender-LogAppenderDaemon] INFO  server.GrpcLogAppender (GrpcLogAppender.java:notifyInstallSnapshot(798)) - omNode-1@group-0AAC5367B30E->omNode-bootstrap-2-GrpcLogAppender: send omNode-1->omNode-bootstrap-2#0-t1,notify:(t:1, i:0)
2024-09-18 12:54:53,650 [omNode-bootstrap-2-server-thread1] INFO  server.RaftServer$Division (RaftServerImpl.java:checkInconsistentAppendEntries(1629)) - omNode-bootstrap-2@group-0AAC5367B30E: Failed appendEntries as snapshot (0) installation is in progress
2024-09-18 12:54:53,650 [omNode-bootstrap-2-server-thread1] INFO  server.RaftServer$Division (RaftServerImpl.java:appendEntriesAsync(1584)) - omNode-bootstrap-2@group-0AAC5367B30E: appendEntries* reply omNode-1<-omNode-bootstrap-2#90:FAIL-t1,INCONSISTENCY,nextIndex=0,followerCommit=-1,matchIndex=-1
2024-09-18 12:54:53,651 [grpc-default-executor-4] WARN  server.GrpcLogAppender (GrpcLogAppender.java:onNextImpl(519)) - omNode-1@group-0AAC5367B30E->omNode-bootstrap-2-AppendLogResponseHandler: received INCONSISTENCY reply with nextIndex 0, errorCount=1, request=AppendEntriesRequest:cid=90,entriesCount=0
2024-09-18 12:54:53,651 [grpc-default-executor-4] INFO  impl.SnapshotInstallationHandler (SnapshotInstallationHandler.java:installSnapshot(92)) - omNode-bootstrap-2@group-0AAC5367B30E: receive installSnapshot: omNode-1->omNode-bootstrap-2#0-t1,notify:(t:1, i:0)
2024-09-18 12:54:53,652 [grpc-default-executor-4] INFO  impl.SnapshotInstallationHandler (SnapshotInstallationHandler.java:installSnapshotImpl(138)) - omNode-bootstrap-2@group-0AAC5367B30E: set new configuration configurationEntry {
  peers {
    id: "omNode-1"
    address: "localhost:15015"
    startupRole: FOLLOWER
  }
}
 from snapshot
2024-09-18 12:54:53,652 [grpc-default-executor-4] INFO  server.RaftServer$Division (ServerState.java:setRaftConf(386)) - omNode-bootstrap-2@group-0AAC5367B30E: set configuration conf: {index: 0, cur=peers:[omNode-1|localhost:15015]|listeners:[], old=null}
2024-09-18 12:54:53,653 [grpc-default-executor-4] INFO  ratis.OzoneManagerStateMachine (OzoneManagerStateMachine.java:notifyConfigurationChanged(216)) - Received Configuration change notification from Ratis. New Peer list:
[id: "omNode-1"
address: "localhost:15015"
startupRole: FOLLOWER
]
2024-09-18 12:54:53,653 [grpc-default-executor-4] INFO  impl.SnapshotInstallationHandler (SnapshotInstallationHandler.java:installSnapshot(103)) - omNode-bootstrap-2@group-0AAC5367B30E: reply installSnapshot: omNode-1<-omNode-bootstrap-2#0:FAIL-t1,IN_PROGRESS,snapshotIndex=0
2024-09-18 12:54:53,653 [grpc-default-executor-4] INFO  server.GrpcServerProtocolService (GrpcServerProtocolService.java:onCompleted(157)) - omNode-bootstrap-2: Completed INSTALL_SNAPSHOT, lastRequest: omNode-1->omNode-bootstrap-2#0-t1,notify:(t:1, i:0)
2024-09-18 12:54:53,653 [grpc-default-executor-4] INFO  server.GrpcServerProtocolService (GrpcServerProtocolService.java:lambda$onCompleted$5(159)) - omNode-bootstrap-2: Completed INSTALL_SNAPSHOT, lastReply: null
2024-09-18 12:54:53,654 [grpc-default-executor-1] INFO  server.GrpcLogAppender (GrpcLogAppender.java:onNext(649)) - omNode-1@group-0AAC5367B30E->omNode-bootstrap-2-InstallSnapshotResponseHandler: received a reply omNode-1<-omNode-bootstrap-2#0:FAIL-t1,IN_PROGRESS,snapshotIndex=0
2024-09-18 12:54:53,654 [grpc-default-executor-1] INFO  server.GrpcLogAppender (GrpcLogAppender.java:onNext(665)) - omNode-1@group-0AAC5367B30E->omNode-bootstrap-2-InstallSnapshotResponseHandler: InstallSnapshot in progress.
2024-09-18 12:54:53,654 [omNode-bootstrap-2-server-thread1] INFO  server.RaftServer$Division (RaftServerImpl.java:checkInconsistentAppendEntries(1629)) - omNode-bootstrap-2@group-0AAC5367B30E: Failed appendEntries as snapshot (0) installation is in progress
2024-09-18 12:54:53,654 [omNode-bootstrap-2-server-thread1] INFO  server.RaftServer$Division (RaftServerImpl.java:appendEntriesAsync(1584)) - omNode-bootstrap-2@group-0AAC5367B30E: appendEntries* reply omNode-1<-omNode-bootstrap-2#91:FAIL-t1,INCONSISTENCY,nextIndex=0,followerCommit=-1,matchIndex=-1
2024-09-18 12:54:53,655 [grpc-default-executor-1] WARN  server.GrpcLogAppender (GrpcLogAppender.java:onNextImpl(519)) - omNode-1@group-0AAC5367B30E->omNode-bootstrap-2-AppendLogResponseHandler: received INCONSISTENCY reply with nextIndex 0, errorCount=1, request=AppendEntriesRequest:cid=91,entriesCount=0
2024-09-18 12:54:53,655 [omNode-1@group-0AAC5367B30E->omNode-bootstrap-2-GrpcLogAppender-LogAppenderDaemon] INFO  server.GrpcLogAppender (GrpcLogAppender.java:notifyInstallSnapshot(790)) - omNode-1@group-0AAC5367B30E->omNode-bootstrap-2-GrpcLogAppender: notifyInstallSnapshot with firstAvailable=(t:1, i:0), followerNextIndex=0
2024-09-18 12:54:53,655 [omNode-1@group-0AAC5367B30E->omNode-bootstrap-2-GrpcLogAppender-LogAppenderDaemon] INFO  server.GrpcLogAppender (GrpcLogAppender.java:notifyInstallSnapshot(798)) - omNode-1@group-0AAC5367B30E->omNode-bootstrap-2-GrpcLogAppender: send omNode-1->omNode-bootstrap-2#0-t1,notify:(t:1, i:0)
2024-09-18 12:54:53,656 [grpc-default-executor-1] INFO  impl.SnapshotInstallationHandler (SnapshotInstallationHandler.java:installSnapshot(92)) - omNode-bootstrap-2@group-0AAC5367B30E: receive installSnapshot: omNode-1->omNode-bootstrap-2#0-t1,notify:(t:1, i:0)
2024-09-18 12:54:53,657 [grpc-default-executor-1] INFO  impl.SnapshotInstallationHandler (SnapshotInstallationHandler.java:installSnapshotImpl(138)) - omNode-bootstrap-2@group-0AAC5367B30E: set new configuration configurationEntry {
  peers {
    id: "omNode-1"
    address: "localhost:15015"
    startupRole: FOLLOWER
  }
}
 from snapshot
2024-09-18 12:54:53,657 [grpc-default-executor-1] INFO  server.RaftServer$Division (ServerState.java:setRaftConf(386)) - omNode-bootstrap-2@group-0AAC5367B30E: set configuration conf: {index: 0, cur=peers:[omNode-1|localhost:15015]|listeners:[], old=null}
2024-09-18 12:54:53,658 [grpc-default-executor-1] INFO  ratis.OzoneManagerStateMachine (OzoneManagerStateMachine.java:notifyConfigurationChanged(216)) - Received Configuration change notification from Ratis. New Peer list:
[id: "omNode-1"
address: "localhost:15015"
startupRole: FOLLOWER
]
2024-09-18 12:54:53,658 [grpc-default-executor-1] INFO  impl.SnapshotInstallationHandler (SnapshotInstallationHandler.java:installSnapshot(103)) - omNode-bootstrap-2@group-0AAC5367B30E: reply installSnapshot: omNode-1<-omNode-bootstrap-2#0:FAIL-t1,IN_PROGRESS,snapshotIndex=0
2024-09-18 12:54:53,658 [grpc-default-executor-1] INFO  server.GrpcServerProtocolService (GrpcServerProtocolService.java:onCompleted(157)) - omNode-bootstrap-2: Completed INSTALL_SNAPSHOT, lastRequest: omNode-1->omNode-bootstrap-2#0-t1,notify:(t:1, i:0)
2024-09-18 12:54:53,658 [grpc-default-executor-1] INFO  server.GrpcServerProtocolService (GrpcServerProtocolService.java:lambda$onCompleted$5(159)) - omNode-bootstrap-2: Completed INSTALL_SNAPSHOT, lastReply: null
2024-09-18 12:54:53,658 [grpc-default-executor-1] INFO  server.GrpcLogAppender (GrpcLogAppender.java:onNext(649)) - omNode-1@group-0AAC5367B30E->omNode-bootstrap-2-InstallSnapshotResponseHandler: received a reply omNode-1<-omNode-bootstrap-2#0:FAIL-t1,IN_PROGRESS,snapshotIndex=0
2024-09-18 12:54:53,658 [grpc-default-executor-1] INFO  server.GrpcLogAppender (GrpcLogAppender.java:onNext(665)) - omNode-1@group-0AAC5367B30E->omNode-bootstrap-2-InstallSnapshotResponseHandler: InstallSnapshot in progress.
2024-09-18 12:54:53,660 [omNode-1@group-0AAC5367B30E->omNode-bootstrap-2-GrpcLogAppender-LogAppenderDaemon] INFO  server.GrpcLogAppender (GrpcLogAppender.java:notifyInstallSnapshot(790)) - omNode-1@group-0AAC5367B30E->omNode-bootstrap-2-GrpcLogAppender: notifyInstallSnapshot with firstAvailable=(t:1, i:0), followerNextIndex=0
2024-09-18 12:54:53,660 [omNode-1@group-0AAC5367B30E->omNode-bootstrap-2-GrpcLogAppender-LogAppenderDaemon] INFO  server.GrpcLogAppender (GrpcLogAppender.java:notifyInstallSnapshot(798)) - omNode-1@group-0AAC5367B30E->omNode-bootstrap-2-GrpcLogAppender: send omNode-1->omNode-bootstrap-2#0-t1,notify:(t:1, i:0)
2024-09-18 12:54:53,661 [omNode-bootstrap-2-server-thread1] INFO  server.RaftServer$Division (RaftServerImpl.java:checkInconsistentAppendEntries(1629)) - omNode-bootstrap-2@group-0AAC5367B30E: Failed appendEntries as snapshot (0) installation is in progress
2024-09-18 12:54:53,661 [omNode-bootstrap-2-server-thread1] INFO  server.RaftServer$Division (RaftServerImpl.java:appendEntriesAsync(1584)) - omNode-bootstrap-2@group-0AAC5367B30E: appendEntries* reply omNode-1<-omNode-bootstrap-2#92:FAIL-t1,INCONSISTENCY,nextIndex=0,followerCommit=-1,matchIndex=-1
2024-09-18 12:54:53,661 [grpc-default-executor-4] INFO  impl.SnapshotInstallationHandler (SnapshotInstallationHandler.java:installSnapshot(92)) - omNode-bootstrap-2@group-0AAC5367B30E: receive installSnapshot: omNode-1->omNode-bootstrap-2#0-t1,notify:(t:1, i:0)
2024-09-18 12:54:53,661 [grpc-default-executor-4] INFO  impl.SnapshotInstallationHandler (SnapshotInstallationHandler.java:installSnapshotImpl(138)) - omNode-bootstrap-2@group-0AAC5367B30E: set new configuration configurationEntry {
  peers {
    id: "omNode-1"
    address: "localhost:15015"
    startupRole: FOLLOWER
  }
}
 from snapshot
2024-09-18 12:54:53,662 [grpc-default-executor-4] INFO  server.RaftServer$Division (ServerState.java:setRaftConf(386)) - omNode-bootstrap-2@group-0AAC5367B30E: set configuration conf: {index: 0, cur=peers:[omNode-1|localhost:15015]|listeners:[], old=null}
2024-09-18 12:54:53,662 [grpc-default-executor-1] WARN  server.GrpcLogAppender (GrpcLogAppender.java:onNextImpl(519)) - omNode-1@group-0AAC5367B30E->omNode-bootstrap-2-AppendLogResponseHandler: received INCONSISTENCY reply with nextIndex 0, errorCount=1, request=AppendEntriesRequest:cid=92,entriesCount=0
2024-09-18 12:54:53,663 [grpc-default-executor-4] INFO  ratis.OzoneManagerStateMachine (OzoneManagerStateMachine.java:notifyConfigurationChanged(216)) - Received Configuration change notification from Ratis. New Peer list:
[id: "omNode-1"
address: "localhost:15015"
startupRole: FOLLOWER
]
2024-09-18 12:54:53,663 [grpc-default-executor-4] INFO  impl.SnapshotInstallationHandler (SnapshotInstallationHandler.java:installSnapshot(103)) - omNode-bootstrap-2@group-0AAC5367B30E: reply installSnapshot: omNode-1<-omNode-bootstrap-2#0:FAIL-t1,IN_PROGRESS,snapshotIndex=0
2024-09-18 12:54:53,663 [grpc-default-executor-4] INFO  server.GrpcServerProtocolService (GrpcServerProtocolService.java:onCompleted(157)) - omNode-bootstrap-2: Completed INSTALL_SNAPSHOT, lastRequest: omNode-1->omNode-bootstrap-2#0-t1,notify:(t:1, i:0)
2024-09-18 12:54:53,663 [grpc-default-executor-4] INFO  server.GrpcServerProtocolService (GrpcServerProtocolService.java:lambda$onCompleted$5(159)) - omNode-bootstrap-2: Completed INSTALL_SNAPSHOT, lastReply: null
2024-09-18 12:54:53,663 [grpc-default-executor-4] INFO  server.GrpcLogAppender (GrpcLogAppender.java:onNext(649)) - omNode-1@group-0AAC5367B30E->omNode-bootstrap-2-InstallSnapshotResponseHandler: received a reply omNode-1<-omNode-bootstrap-2#0:FAIL-t1,IN_PROGRESS,snapshotIndex=0
2024-09-18 12:54:53,663 [grpc-default-executor-4] INFO  server.GrpcLogAppender (GrpcLogAppender.java:onNext(665)) - omNode-1@group-0AAC5367B30E->omNode-bootstrap-2-InstallSnapshotResponseHandler: InstallSnapshot in progress.
2024-09-18 12:54:53,664 [omNode-bootstrap-2-server-thread1] INFO  server.RaftServer$Division (RaftServerImpl.java:checkInconsistentAppendEntries(1629)) - omNode-bootstrap-2@group-0AAC5367B30E: Failed appendEntries as snapshot (0) installation is in progress
2024-09-18 12:54:53,664 [omNode-bootstrap-2-server-thread1] INFO  server.RaftServer$Division (RaftServerImpl.java:appendEntriesAsync(1584)) - omNode-bootstrap-2@group-0AAC5367B30E: appendEntries* reply omNode-1<-omNode-bootstrap-2#93:FAIL-t1,INCONSISTENCY,nextIndex=0,followerCommit=-1,matchIndex=-1
2024-09-18 12:54:53,664 [grpc-default-executor-4] WARN  server.GrpcLogAppender (GrpcLogAppender.java:onNextImpl(519)) - omNode-1@group-0AAC5367B30E->omNode-bootstrap-2-AppendLogResponseHandler: received INCONSISTENCY reply with nextIndex 0, errorCount=1, request=AppendEntriesRequest:cid=93,entriesCount=0
2024-09-18 12:54:53,665 [omNode-1@group-0AAC5367B30E->omNode-bootstrap-2-GrpcLogAppender-LogAppenderDaemon] INFO  server.GrpcLogAppender (GrpcLogAppender.java:notifyInstallSnapshot(790)) - omNode-1@group-0AAC5367B30E->omNode-bootstrap-2-GrpcLogAppender: notifyInstallSnapshot with firstAvailable=(t:1, i:0), followerNextIndex=0
2024-09-18 12:54:53,665 [omNode-1@group-0AAC5367B30E->omNode-bootstrap-2-GrpcLogAppender-LogAppenderDaemon] INFO  server.GrpcLogAppender (GrpcLogAppender.java:notifyInstallSnapshot(798)) - omNode-1@group-0AAC5367B30E->omNode-bootstrap-2-GrpcLogAppender: send omNode-1->omNode-bootstrap-2#0-t1,notify:(t:1, i:0)
2024-09-18 12:54:53,666 [grpc-default-executor-4] INFO  impl.SnapshotInstallationHandler (SnapshotInstallationHandler.java:installSnapshot(92)) - omNode-bootstrap-2@group-0AAC5367B30E: receive installSnapshot: omNode-1->omNode-bootstrap-2#0-t1,notify:(t:1, i:0)
2024-09-18 12:54:53,666 [grpc-default-executor-4] INFO  impl.SnapshotInstallationHandler (SnapshotInstallationHandler.java:installSnapshotImpl(138)) - omNode-bootstrap-2@group-0AAC5367B30E: set new configuration configurationEntry {
  peers {
    id: "omNode-1"
    address: "localhost:15015"
    startupRole: FOLLOWER
  }
}
 from snapshot
2024-09-18 12:54:53,666 [grpc-default-executor-4] INFO  server.RaftServer$Division (ServerState.java:setRaftConf(386)) - omNode-bootstrap-2@group-0AAC5367B30E: set configuration conf: {index: 0, cur=peers:[omNode-1|localhost:15015]|listeners:[], old=null}
2024-09-18 12:54:53,667 [grpc-default-executor-4] INFO  ratis.OzoneManagerStateMachine (OzoneManagerStateMachine.java:notifyConfigurationChanged(216)) - Received Configuration change notification from Ratis. New Peer list:
[id: "omNode-1"
address: "localhost:15015"
startupRole: FOLLOWER
]
2024-09-18 12:54:53,667 [grpc-default-executor-4] INFO  impl.SnapshotInstallationHandler (SnapshotInstallationHandler.java:installSnapshot(103)) - omNode-bootstrap-2@group-0AAC5367B30E: reply installSnapshot: omNode-1<-omNode-bootstrap-2#0:FAIL-t1,IN_PROGRESS,snapshotIndex=0
2024-09-18 12:54:53,667 [grpc-default-executor-4] INFO  server.GrpcServerProtocolService (GrpcServerProtocolService.java:onCompleted(157)) - omNode-bootstrap-2: Completed INSTALL_SNAPSHOT, lastRequest: omNode-1->omNode-bootstrap-2#0-t1,notify:(t:1, i:0)
2024-09-18 12:54:53,667 [grpc-default-executor-4] INFO  server.GrpcServerProtocolService (GrpcServerProtocolService.java:lambda$onCompleted$5(159)) - omNode-bootstrap-2: Completed INSTALL_SNAPSHOT, lastReply: null
2024-09-18 12:54:53,668 [grpc-default-executor-4] INFO  server.GrpcLogAppender (GrpcLogAppender.java:onNext(649)) - omNode-1@group-0AAC5367B30E->omNode-bootstrap-2-InstallSnapshotResponseHandler: received a reply omNode-1<-omNode-bootstrap-2#0:FAIL-t1,IN_PROGRESS,snapshotIndex=0
2024-09-18 12:54:53,668 [grpc-default-executor-4] INFO  server.GrpcLogAppender (GrpcLogAppender.java:onNext(665)) - omNode-1@group-0AAC5367B30E->omNode-bootstrap-2-InstallSnapshotResponseHandler: InstallSnapshot in progress.
2024-09-18 12:54:53,669 [omNode-bootstrap-2-server-thread1] INFO  server.RaftServer$Division (RaftServerImpl.java:checkInconsistentAppendEntries(1629)) - omNode-bootstrap-2@group-0AAC5367B30E: Failed appendEntries as snapshot (0) installation is in progress
2024-09-18 12:54:53,669 [omNode-bootstrap-2-server-thread1] INFO  server.RaftServer$Division (RaftServerImpl.java:appendEntriesAsync(1584)) - omNode-bootstrap-2@group-0AAC5367B30E: appendEntries* reply omNode-1<-omNode-bootstrap-2#94:FAIL-t1,INCONSISTENCY,nextIndex=0,followerCommit=-1,matchIndex=-1
2024-09-18 12:54:53,669 [grpc-default-executor-4] WARN  server.GrpcLogAppender (GrpcLogAppender.java:onNextImpl(519)) - omNode-1@group-0AAC5367B30E->omNode-bootstrap-2-AppendLogResponseHandler: received INCONSISTENCY reply with nextIndex 0, errorCount=1, request=AppendEntriesRequest:cid=94,entriesCount=0
2024-09-18 12:54:53,670 [omNode-1@group-0AAC5367B30E->omNode-bootstrap-2-GrpcLogAppender-LogAppenderDaemon] INFO  server.GrpcLogAppender (GrpcLogAppender.java:notifyInstallSnapshot(790)) - omNode-1@group-0AAC5367B30E->omNode-bootstrap-2-GrpcLogAppender: notifyInstallSnapshot with firstAvailable=(t:1, i:0), followerNextIndex=0
2024-09-18 12:54:53,670 [omNode-1@group-0AAC5367B30E->omNode-bootstrap-2-GrpcLogAppender-LogAppenderDaemon] INFO  server.GrpcLogAppender (GrpcLogAppender.java:notifyInstallSnapshot(798)) - omNode-1@group-0AAC5367B30E->omNode-bootstrap-2-GrpcLogAppender: send omNode-1->omNode-bootstrap-2#0-t1,notify:(t:1, i:0)
2024-09-18 12:54:53,670 [grpc-default-executor-1] INFO  impl.SnapshotInstallationHandler (SnapshotInstallationHandler.java:installSnapshot(92)) - omNode-bootstrap-2@group-0AAC5367B30E: receive installSnapshot: omNode-1->omNode-bootstrap-2#0-t1,notify:(t:1, i:0)
2024-09-18 12:54:53,671 [grpc-default-executor-1] INFO  impl.SnapshotInstallationHandler (SnapshotInstallationHandler.java:installSnapshotImpl(138)) - omNode-bootstrap-2@group-0AAC5367B30E: set new configuration configurationEntry {
  peers {
    id: "omNode-1"
    address: "localhost:15015"
    startupRole: FOLLOWER
  }
}
 from snapshot
2024-09-18 12:54:53,671 [grpc-default-executor-1] INFO  server.RaftServer$Division (ServerState.java:setRaftConf(386)) - omNode-bootstrap-2@group-0AAC5367B30E: set configuration conf: {index: 0, cur=peers:[omNode-1|localhost:15015]|listeners:[], old=null}
2024-09-18 12:54:53,678 [omNode-bootstrap-2-InstallSnapshotThread] INFO  om.OzoneManager (OzoneManager.java:instantiateServices(836)) - S3 Multi-Tenancy is disabled
2024-09-18 12:54:53,678 [omNode-bootstrap-2-InstallSnapshotThread] INFO  om.OmSnapshotManager (OmSnapshotManager.java:<init>(182)) - Ozone filesystem snapshot feature is enabled.
2024-09-18 12:54:53,678 [omNode-bootstrap-2-InstallSnapshotThread] WARN  server.ServerUtils (ServerUtils.java:getDBPath(299)) - ozone.om.snapshot.diff.db.dir is not configured. We recommend adding this setting. Falling back to ozone.metadata.dirs instead.
2024-09-18 12:54:53,683 [grpc-default-executor-1] INFO  ratis.OzoneManagerStateMachine (OzoneManagerStateMachine.java:notifyConfigurationChanged(216)) - Received Configuration change notification from Ratis. New Peer list:
[id: "omNode-1"
address: "localhost:15015"
startupRole: FOLLOWER
]
2024-09-18 12:54:53,683 [grpc-default-executor-1] INFO  impl.SnapshotInstallationHandler (SnapshotInstallationHandler.java:installSnapshot(103)) - omNode-bootstrap-2@group-0AAC5367B30E: reply installSnapshot: omNode-1<-omNode-bootstrap-2#0:FAIL-t1,IN_PROGRESS,snapshotIndex=0
2024-09-18 12:54:53,683 [grpc-default-executor-1] INFO  server.GrpcServerProtocolService (GrpcServerProtocolService.java:onCompleted(157)) - omNode-bootstrap-2: Completed INSTALL_SNAPSHOT, lastRequest: omNode-1->omNode-bootstrap-2#0-t1,notify:(t:1, i:0)
2024-09-18 12:54:53,683 [grpc-default-executor-1] INFO  server.GrpcServerProtocolService (GrpcServerProtocolService.java:lambda$onCompleted$5(159)) - omNode-bootstrap-2: Completed INSTALL_SNAPSHOT, lastReply: null
2024-09-18 12:54:53,684 [grpc-default-executor-4] INFO  server.GrpcLogAppender (GrpcLogAppender.java:onNext(649)) - omNode-1@group-0AAC5367B30E->omNode-bootstrap-2-InstallSnapshotResponseHandler: received a reply omNode-1<-omNode-bootstrap-2#0:FAIL-t1,IN_PROGRESS,snapshotIndex=0
2024-09-18 12:54:53,684 [grpc-default-executor-4] INFO  server.GrpcLogAppender (GrpcLogAppender.java:onNext(665)) - omNode-1@group-0AAC5367B30E->omNode-bootstrap-2-InstallSnapshotResponseHandler: InstallSnapshot in progress.
2024-09-18 12:54:53,685 [omNode-1@group-0AAC5367B30E->omNode-bootstrap-2-GrpcLogAppender-LogAppenderDaemon] INFO  server.GrpcLogAppender (GrpcLogAppender.java:notifyInstallSnapshot(790)) - omNode-1@group-0AAC5367B30E->omNode-bootstrap-2-GrpcLogAppender: notifyInstallSnapshot with firstAvailable=(t:1, i:0), followerNextIndex=0
2024-09-18 12:54:53,685 [omNode-1@group-0AAC5367B30E->omNode-bootstrap-2-GrpcLogAppender-LogAppenderDaemon] INFO  server.GrpcLogAppender (GrpcLogAppender.java:notifyInstallSnapshot(798)) - omNode-1@group-0AAC5367B30E->omNode-bootstrap-2-GrpcLogAppender: send omNode-1->omNode-bootstrap-2#0-t1,notify:(t:1, i:0)
2024-09-18 12:54:53,686 [grpc-default-executor-4] INFO  impl.SnapshotInstallationHandler (SnapshotInstallationHandler.java:installSnapshot(92)) - omNode-bootstrap-2@group-0AAC5367B30E: receive installSnapshot: omNode-1->omNode-bootstrap-2#0-t1,notify:(t:1, i:0)
2024-09-18 12:54:53,686 [grpc-default-executor-4] INFO  impl.SnapshotInstallationHandler (SnapshotInstallationHandler.java:installSnapshotImpl(138)) - omNode-bootstrap-2@group-0AAC5367B30E: set new configuration configurationEntry {
  peers {
    id: "omNode-1"
    address: "localhost:15015"
    startupRole: FOLLOWER
  }
}
 from snapshot
2024-09-18 12:54:53,686 [grpc-default-executor-4] INFO  server.RaftServer$Division (ServerState.java:setRaftConf(386)) - omNode-bootstrap-2@group-0AAC5367B30E: set configuration conf: {index: 0, cur=peers:[omNode-1|localhost:15015]|listeners:[], old=null}
2024-09-18 12:54:53,687 [omNode-bootstrap-2-server-thread1] INFO  server.RaftServer$Division (RaftServerImpl.java:checkInconsistentAppendEntries(1629)) - omNode-bootstrap-2@group-0AAC5367B30E: Failed appendEntries as snapshot (0) installation is in progress
2024-09-18 12:54:53,687 [omNode-bootstrap-2-server-thread1] INFO  server.RaftServer$Division (RaftServerImpl.java:appendEntriesAsync(1584)) - omNode-bootstrap-2@group-0AAC5367B30E: appendEntries* reply omNode-1<-omNode-bootstrap-2#95:FAIL-t1,INCONSISTENCY,nextIndex=0,followerCommit=-1,matchIndex=-1
2024-09-18 12:54:53,687 [grpc-default-executor-1] WARN  server.GrpcLogAppender (GrpcLogAppender.java:onNextImpl(519)) - omNode-1@group-0AAC5367B30E->omNode-bootstrap-2-AppendLogResponseHandler: received INCONSISTENCY reply with nextIndex 0, errorCount=1, request=AppendEntriesRequest:cid=95,entriesCount=0
2024-09-18 12:54:53,688 [grpc-default-executor-4] INFO  ratis.OzoneManagerStateMachine (OzoneManagerStateMachine.java:notifyConfigurationChanged(216)) - Received Configuration change notification from Ratis. New Peer list:
[id: "omNode-1"
address: "localhost:15015"
startupRole: FOLLOWER
]
2024-09-18 12:54:53,688 [grpc-default-executor-4] INFO  impl.SnapshotInstallationHandler (SnapshotInstallationHandler.java:installSnapshot(103)) - omNode-bootstrap-2@group-0AAC5367B30E: reply installSnapshot: omNode-1<-omNode-bootstrap-2#0:FAIL-t1,IN_PROGRESS,snapshotIndex=0
2024-09-18 12:54:53,688 [grpc-default-executor-4] INFO  server.GrpcServerProtocolService (GrpcServerProtocolService.java:onCompleted(157)) - omNode-bootstrap-2: Completed INSTALL_SNAPSHOT, lastRequest: omNode-1->omNode-bootstrap-2#0-t1,notify:(t:1, i:0)
2024-09-18 12:54:53,688 [grpc-default-executor-4] INFO  server.GrpcServerProtocolService (GrpcServerProtocolService.java:lambda$onCompleted$5(159)) - omNode-bootstrap-2: Completed INSTALL_SNAPSHOT, lastReply: null
2024-09-18 12:54:53,689 [grpc-default-executor-4] INFO  server.GrpcLogAppender (GrpcLogAppender.java:onNext(649)) - omNode-1@group-0AAC5367B30E->omNode-bootstrap-2-InstallSnapshotResponseHandler: received a reply omNode-1<-omNode-bootstrap-2#0:FAIL-t1,IN_PROGRESS,snapshotIndex=0
2024-09-18 12:54:53,689 [grpc-default-executor-4] INFO  server.GrpcLogAppender (GrpcLogAppender.java:onNext(665)) - omNode-1@group-0AAC5367B30E->omNode-bootstrap-2-InstallSnapshotResponseHandler: InstallSnapshot in progress.
2024-09-18 12:54:53,689 [omNode-1@group-0AAC5367B30E->omNode-bootstrap-2-GrpcLogAppender-LogAppenderDaemon] INFO  server.GrpcLogAppender (GrpcLogAppender.java:notifyInstallSnapshot(790)) - omNode-1@group-0AAC5367B30E->omNode-bootstrap-2-GrpcLogAppender: notifyInstallSnapshot with firstAvailable=(t:1, i:0), followerNextIndex=0
2024-09-18 12:54:53,689 [omNode-1@group-0AAC5367B30E->omNode-bootstrap-2-GrpcLogAppender-LogAppenderDaemon] INFO  server.GrpcLogAppender (GrpcLogAppender.java:notifyInstallSnapshot(798)) - omNode-1@group-0AAC5367B30E->omNode-bootstrap-2-GrpcLogAppender: send omNode-1->omNode-bootstrap-2#0-t1,notify:(t:1, i:0)
2024-09-18 12:54:53,690 [omNode-bootstrap-2-server-thread1] INFO  server.RaftServer$Division (RaftServerImpl.java:checkInconsistentAppendEntries(1629)) - omNode-bootstrap-2@group-0AAC5367B30E: Failed appendEntries as snapshot (0) installation is in progress
2024-09-18 12:54:53,690 [omNode-bootstrap-2-server-thread1] INFO  server.RaftServer$Division (RaftServerImpl.java:appendEntriesAsync(1584)) - omNode-bootstrap-2@group-0AAC5367B30E: appendEntries* reply omNode-1<-omNode-bootstrap-2#96:FAIL-t1,INCONSISTENCY,nextIndex=0,followerCommit=-1,matchIndex=-1
2024-09-18 12:54:53,691 [grpc-default-executor-3] WARN  server.GrpcLogAppender (GrpcLogAppender.java:onNextImpl(519)) - omNode-1@group-0AAC5367B30E->omNode-bootstrap-2-AppendLogResponseHandler: received INCONSISTENCY reply with nextIndex 0, errorCount=1, request=AppendEntriesRequest:cid=96,entriesCount=0
2024-09-18 12:54:53,691 [grpc-default-executor-1] INFO  impl.SnapshotInstallationHandler (SnapshotInstallationHandler.java:installSnapshot(92)) - omNode-bootstrap-2@group-0AAC5367B30E: receive installSnapshot: omNode-1->omNode-bootstrap-2#0-t1,notify:(t:1, i:0)
2024-09-18 12:54:53,691 [grpc-default-executor-1] INFO  impl.SnapshotInstallationHandler (SnapshotInstallationHandler.java:installSnapshotImpl(138)) - omNode-bootstrap-2@group-0AAC5367B30E: set new configuration configurationEntry {
  peers {
    id: "omNode-1"
    address: "localhost:15015"
    startupRole: FOLLOWER
  }
}
 from snapshot
2024-09-18 12:54:53,691 [grpc-default-executor-1] INFO  server.RaftServer$Division (ServerState.java:setRaftConf(386)) - omNode-bootstrap-2@group-0AAC5367B30E: set configuration conf: {index: 0, cur=peers:[omNode-1|localhost:15015]|listeners:[], old=null}
2024-09-18 12:54:53,692 [grpc-default-executor-1] INFO  ratis.OzoneManagerStateMachine (OzoneManagerStateMachine.java:notifyConfigurationChanged(216)) - Received Configuration change notification from Ratis. New Peer list:
[id: "omNode-1"
address: "localhost:15015"
startupRole: FOLLOWER
]
2024-09-18 12:54:53,692 [grpc-default-executor-1] INFO  impl.SnapshotInstallationHandler (SnapshotInstallationHandler.java:installSnapshot(103)) - omNode-bootstrap-2@group-0AAC5367B30E: reply installSnapshot: omNode-1<-omNode-bootstrap-2#0:FAIL-t1,IN_PROGRESS,snapshotIndex=0
2024-09-18 12:54:53,692 [grpc-default-executor-1] INFO  server.GrpcServerProtocolService (GrpcServerProtocolService.java:onCompleted(157)) - omNode-bootstrap-2: Completed INSTALL_SNAPSHOT, lastRequest: omNode-1->omNode-bootstrap-2#0-t1,notify:(t:1, i:0)
2024-09-18 12:54:53,692 [grpc-default-executor-1] INFO  server.GrpcServerProtocolService (GrpcServerProtocolService.java:lambda$onCompleted$5(159)) - omNode-bootstrap-2: Completed INSTALL_SNAPSHOT, lastReply: null
2024-09-18 12:54:53,693 [grpc-default-executor-1] INFO  server.GrpcLogAppender (GrpcLogAppender.java:onNext(649)) - omNode-1@group-0AAC5367B30E->omNode-bootstrap-2-InstallSnapshotResponseHandler: received a reply omNode-1<-omNode-bootstrap-2#0:FAIL-t1,IN_PROGRESS,snapshotIndex=0
2024-09-18 12:54:53,693 [grpc-default-executor-1] INFO  server.GrpcLogAppender (GrpcLogAppender.java:onNext(665)) - omNode-1@group-0AAC5367B30E->omNode-bootstrap-2-InstallSnapshotResponseHandler: InstallSnapshot in progress.
2024-09-18 12:54:53,693 [omNode-1@group-0AAC5367B30E->omNode-bootstrap-2-GrpcLogAppender-LogAppenderDaemon] INFO  server.GrpcLogAppender (GrpcLogAppender.java:notifyInstallSnapshot(790)) - omNode-1@group-0AAC5367B30E->omNode-bootstrap-2-GrpcLogAppender: notifyInstallSnapshot with firstAvailable=(t:1, i:0), followerNextIndex=0
2024-09-18 12:54:53,693 [omNode-1@group-0AAC5367B30E->omNode-bootstrap-2-GrpcLogAppender-LogAppenderDaemon] INFO  server.GrpcLogAppender (GrpcLogAppender.java:notifyInstallSnapshot(798)) - omNode-1@group-0AAC5367B30E->omNode-bootstrap-2-GrpcLogAppender: send omNode-1->omNode-bootstrap-2#0-t1,notify:(t:1, i:0)
2024-09-18 12:54:53,695 [grpc-default-executor-3] INFO  impl.SnapshotInstallationHandler (SnapshotInstallationHandler.java:installSnapshot(92)) - omNode-bootstrap-2@group-0AAC5367B30E: receive installSnapshot: omNode-1->omNode-bootstrap-2#0-t1,notify:(t:1, i:0)
2024-09-18 12:54:53,695 [grpc-default-executor-3] INFO  impl.SnapshotInstallationHandler (SnapshotInstallationHandler.java:installSnapshotImpl(138)) - omNode-bootstrap-2@group-0AAC5367B30E: set new configuration configurationEntry {
  peers {
    id: "omNode-1"
    address: "localhost:15015"
    startupRole: FOLLOWER
  }
}
 from snapshot
2024-09-18 12:54:53,695 [grpc-default-executor-3] INFO  server.RaftServer$Division (ServerState.java:setRaftConf(386)) - omNode-bootstrap-2@group-0AAC5367B30E: set configuration conf: {index: 0, cur=peers:[omNode-1|localhost:15015]|listeners:[], old=null}
2024-09-18 12:54:53,696 [omNode-bootstrap-2-server-thread1] INFO  server.RaftServer$Division (RaftServerImpl.java:checkInconsistentAppendEntries(1629)) - omNode-bootstrap-2@group-0AAC5367B30E: Failed appendEntries as snapshot (0) installation is in progress
2024-09-18 12:54:53,696 [omNode-bootstrap-2-server-thread1] INFO  server.RaftServer$Division (RaftServerImpl.java:appendEntriesAsync(1584)) - omNode-bootstrap-2@group-0AAC5367B30E: appendEntries* reply omNode-1<-omNode-bootstrap-2#97:FAIL-t1,INCONSISTENCY,nextIndex=0,followerCommit=-1,matchIndex=-1
2024-09-18 12:54:53,696 [grpc-default-executor-3] INFO  ratis.OzoneManagerStateMachine (OzoneManagerStateMachine.java:notifyConfigurationChanged(216)) - Received Configuration change notification from Ratis. New Peer list:
[id: "omNode-1"
address: "localhost:15015"
startupRole: FOLLOWER
]
2024-09-18 12:54:53,696 [grpc-default-executor-3] INFO  impl.SnapshotInstallationHandler (SnapshotInstallationHandler.java:installSnapshot(103)) - omNode-bootstrap-2@group-0AAC5367B30E: reply installSnapshot: omNode-1<-omNode-bootstrap-2#0:FAIL-t1,IN_PROGRESS,snapshotIndex=0
2024-09-18 12:54:53,697 [grpc-default-executor-3] INFO  server.GrpcServerProtocolService (GrpcServerProtocolService.java:onCompleted(157)) - omNode-bootstrap-2: Completed INSTALL_SNAPSHOT, lastRequest: omNode-1->omNode-bootstrap-2#0-t1,notify:(t:1, i:0)
2024-09-18 12:54:53,697 [grpc-default-executor-3] INFO  server.GrpcServerProtocolService (GrpcServerProtocolService.java:lambda$onCompleted$5(159)) - omNode-bootstrap-2: Completed INSTALL_SNAPSHOT, lastReply: null
2024-09-18 12:54:53,697 [grpc-default-executor-4] INFO  server.GrpcLogAppender (GrpcLogAppender.java:onNext(649)) - omNode-1@group-0AAC5367B30E->omNode-bootstrap-2-InstallSnapshotResponseHandler: received a reply omNode-1<-omNode-bootstrap-2#0:FAIL-t1,IN_PROGRESS,snapshotIndex=0
2024-09-18 12:54:53,697 [grpc-default-executor-4] INFO  server.GrpcLogAppender (GrpcLogAppender.java:onNext(665)) - omNode-1@group-0AAC5367B30E->omNode-bootstrap-2-InstallSnapshotResponseHandler: InstallSnapshot in progress.
2024-09-18 12:54:53,699 [grpc-default-executor-3] WARN  server.GrpcLogAppender (GrpcLogAppender.java:onNextImpl(519)) - omNode-1@group-0AAC5367B30E->omNode-bootstrap-2-AppendLogResponseHandler: received INCONSISTENCY reply with nextIndex 0, errorCount=1, request=AppendEntriesRequest:cid=97,entriesCount=0
2024-09-18 12:54:53,699 [omNode-1@group-0AAC5367B30E->omNode-bootstrap-2-GrpcLogAppender-LogAppenderDaemon] INFO  server.GrpcLogAppender (GrpcLogAppender.java:notifyInstallSnapshot(790)) - omNode-1@group-0AAC5367B30E->omNode-bootstrap-2-GrpcLogAppender: notifyInstallSnapshot with firstAvailable=(t:1, i:0), followerNextIndex=0
2024-09-18 12:54:53,699 [omNode-1@group-0AAC5367B30E->omNode-bootstrap-2-GrpcLogAppender-LogAppenderDaemon] INFO  server.GrpcLogAppender (GrpcLogAppender.java:notifyInstallSnapshot(798)) - omNode-1@group-0AAC5367B30E->omNode-bootstrap-2-GrpcLogAppender: send omNode-1->omNode-bootstrap-2#0-t1,notify:(t:1, i:0)
2024-09-18 12:54:53,699 [omNode-bootstrap-2-server-thread1] INFO  server.RaftServer$Division (RaftServerImpl.java:checkInconsistentAppendEntries(1629)) - omNode-bootstrap-2@group-0AAC5367B30E: Failed appendEntries as snapshot (0) installation is in progress
2024-09-18 12:54:53,700 [omNode-bootstrap-2-server-thread1] INFO  server.RaftServer$Division (RaftServerImpl.java:appendEntriesAsync(1584)) - omNode-bootstrap-2@group-0AAC5367B30E: appendEntries* reply omNode-1<-omNode-bootstrap-2#98:FAIL-t1,INCONSISTENCY,nextIndex=0,followerCommit=-1,matchIndex=-1
2024-09-18 12:54:53,700 [grpc-default-executor-4] INFO  impl.SnapshotInstallationHandler (SnapshotInstallationHandler.java:installSnapshot(92)) - omNode-bootstrap-2@group-0AAC5367B30E: receive installSnapshot: omNode-1->omNode-bootstrap-2#0-t1,notify:(t:1, i:0)
2024-09-18 12:54:53,700 [grpc-default-executor-4] INFO  impl.SnapshotInstallationHandler (SnapshotInstallationHandler.java:installSnapshotImpl(138)) - omNode-bootstrap-2@group-0AAC5367B30E: set new configuration configurationEntry {
  peers {
    id: "omNode-1"
    address: "localhost:15015"
    startupRole: FOLLOWER
  }
}
 from snapshot
2024-09-18 12:54:53,700 [grpc-default-executor-4] INFO  server.RaftServer$Division (ServerState.java:setRaftConf(386)) - omNode-bootstrap-2@group-0AAC5367B30E: set configuration conf: {index: 0, cur=peers:[omNode-1|localhost:15015]|listeners:[], old=null}
2024-09-18 12:54:53,701 [grpc-default-executor-3] WARN  server.GrpcLogAppender (GrpcLogAppender.java:onNextImpl(519)) - omNode-1@group-0AAC5367B30E->omNode-bootstrap-2-AppendLogResponseHandler: received INCONSISTENCY reply with nextIndex 0, errorCount=2, request=null
2024-09-18 12:54:53,701 [grpc-default-executor-4] INFO  ratis.OzoneManagerStateMachine (OzoneManagerStateMachine.java:notifyConfigurationChanged(216)) - Received Configuration change notification from Ratis. New Peer list:
[id: "omNode-1"
address: "localhost:15015"
startupRole: FOLLOWER
]
2024-09-18 12:54:53,701 [grpc-default-executor-4] INFO  impl.SnapshotInstallationHandler (SnapshotInstallationHandler.java:installSnapshot(103)) - omNode-bootstrap-2@group-0AAC5367B30E: reply installSnapshot: omNode-1<-omNode-bootstrap-2#0:FAIL-t1,IN_PROGRESS,snapshotIndex=0
2024-09-18 12:54:53,701 [grpc-default-executor-4] INFO  server.GrpcServerProtocolService (GrpcServerProtocolService.java:onCompleted(157)) - omNode-bootstrap-2: Completed INSTALL_SNAPSHOT, lastRequest: omNode-1->omNode-bootstrap-2#0-t1,notify:(t:1, i:0)
2024-09-18 12:54:53,701 [grpc-default-executor-4] INFO  server.GrpcServerProtocolService (GrpcServerProtocolService.java:lambda$onCompleted$5(159)) - omNode-bootstrap-2: Completed INSTALL_SNAPSHOT, lastReply: null
2024-09-18 12:54:53,702 [grpc-default-executor-3] INFO  server.GrpcLogAppender (GrpcLogAppender.java:onNext(649)) - omNode-1@group-0AAC5367B30E->omNode-bootstrap-2-InstallSnapshotResponseHandler: received a reply omNode-1<-omNode-bootstrap-2#0:FAIL-t1,IN_PROGRESS,snapshotIndex=0
2024-09-18 12:54:53,702 [grpc-default-executor-3] INFO  server.GrpcLogAppender (GrpcLogAppender.java:onNext(665)) - omNode-1@group-0AAC5367B30E->omNode-bootstrap-2-InstallSnapshotResponseHandler: InstallSnapshot in progress.
2024-09-18 12:54:53,703 [omNode-bootstrap-2-server-thread1] INFO  server.RaftServer$Division (RaftServerImpl.java:checkInconsistentAppendEntries(1629)) - omNode-bootstrap-2@group-0AAC5367B30E: Failed appendEntries as snapshot (0) installation is in progress
2024-09-18 12:54:53,703 [omNode-1@group-0AAC5367B30E->omNode-bootstrap-2-GrpcLogAppender-LogAppenderDaemon] INFO  server.GrpcLogAppender (GrpcLogAppender.java:notifyInstallSnapshot(790)) - omNode-1@group-0AAC5367B30E->omNode-bootstrap-2-GrpcLogAppender: notifyInstallSnapshot with firstAvailable=(t:1, i:0), followerNextIndex=0
2024-09-18 12:54:53,703 [omNode-bootstrap-2-server-thread1] INFO  server.RaftServer$Division (RaftServerImpl.java:appendEntriesAsync(1584)) - omNode-bootstrap-2@group-0AAC5367B30E: appendEntries* reply omNode-1<-omNode-bootstrap-2#99:FAIL-t1,INCONSISTENCY,nextIndex=0,followerCommit=-1,matchIndex=-1
2024-09-18 12:54:53,703 [omNode-1@group-0AAC5367B30E->omNode-bootstrap-2-GrpcLogAppender-LogAppenderDaemon] INFO  server.GrpcLogAppender (GrpcLogAppender.java:notifyInstallSnapshot(798)) - omNode-1@group-0AAC5367B30E->omNode-bootstrap-2-GrpcLogAppender: send omNode-1->omNode-bootstrap-2#0-t1,notify:(t:1, i:0)
2024-09-18 12:54:53,704 [grpc-default-executor-1] INFO  impl.SnapshotInstallationHandler (SnapshotInstallationHandler.java:installSnapshot(92)) - omNode-bootstrap-2@group-0AAC5367B30E: receive installSnapshot: omNode-1->omNode-bootstrap-2#0-t1,notify:(t:1, i:0)
2024-09-18 12:54:53,704 [grpc-default-executor-4] WARN  server.GrpcLogAppender (GrpcLogAppender.java:onNextImpl(519)) - omNode-1@group-0AAC5367B30E->omNode-bootstrap-2-AppendLogResponseHandler: received INCONSISTENCY reply with nextIndex 0, errorCount=1, request=AppendEntriesRequest:cid=99,entriesCount=0
2024-09-18 12:54:53,704 [grpc-default-executor-1] INFO  impl.SnapshotInstallationHandler (SnapshotInstallationHandler.java:installSnapshotImpl(138)) - omNode-bootstrap-2@group-0AAC5367B30E: set new configuration configurationEntry {
  peers {
    id: "omNode-1"
    address: "localhost:15015"
    startupRole: FOLLOWER
  }
}
 from snapshot
2024-09-18 12:54:53,704 [grpc-default-executor-1] INFO  server.RaftServer$Division (ServerState.java:setRaftConf(386)) - omNode-bootstrap-2@group-0AAC5367B30E: set configuration conf: {index: 0, cur=peers:[omNode-1|localhost:15015]|listeners:[], old=null}
2024-09-18 12:54:53,705 [grpc-default-executor-1] INFO  ratis.OzoneManagerStateMachine (OzoneManagerStateMachine.java:notifyConfigurationChanged(216)) - Received Configuration change notification from Ratis. New Peer list:
[id: "omNode-1"
address: "localhost:15015"
startupRole: FOLLOWER
]
2024-09-18 12:54:53,706 [grpc-default-executor-1] INFO  impl.SnapshotInstallationHandler (SnapshotInstallationHandler.java:installSnapshot(103)) - omNode-bootstrap-2@group-0AAC5367B30E: reply installSnapshot: omNode-1<-omNode-bootstrap-2#0:FAIL-t1,IN_PROGRESS,snapshotIndex=0
2024-09-18 12:54:53,706 [grpc-default-executor-1] INFO  server.GrpcServerProtocolService (GrpcServerProtocolService.java:onCompleted(157)) - omNode-bootstrap-2: Completed INSTALL_SNAPSHOT, lastRequest: omNode-1->omNode-bootstrap-2#0-t1,notify:(t:1, i:0)
2024-09-18 12:54:53,706 [grpc-default-executor-1] INFO  server.GrpcServerProtocolService (GrpcServerProtocolService.java:lambda$onCompleted$5(159)) - omNode-bootstrap-2: Completed INSTALL_SNAPSHOT, lastReply: null
2024-09-18 12:54:53,706 [grpc-default-executor-1] INFO  server.GrpcLogAppender (GrpcLogAppender.java:onNext(649)) - omNode-1@group-0AAC5367B30E->omNode-bootstrap-2-InstallSnapshotResponseHandler: received a reply omNode-1<-omNode-bootstrap-2#0:FAIL-t1,IN_PROGRESS,snapshotIndex=0
2024-09-18 12:54:53,706 [grpc-default-executor-1] INFO  server.GrpcLogAppender (GrpcLogAppender.java:onNext(665)) - omNode-1@group-0AAC5367B30E->omNode-bootstrap-2-InstallSnapshotResponseHandler: InstallSnapshot in progress.
2024-09-18 12:54:53,706 [omNode-1@group-0AAC5367B30E->omNode-bootstrap-2-GrpcLogAppender-LogAppenderDaemon] INFO  server.GrpcLogAppender (GrpcLogAppender.java:notifyInstallSnapshot(790)) - omNode-1@group-0AAC5367B30E->omNode-bootstrap-2-GrpcLogAppender: notifyInstallSnapshot with firstAvailable=(t:1, i:0), followerNextIndex=0
2024-09-18 12:54:53,707 [omNode-1@group-0AAC5367B30E->omNode-bootstrap-2-GrpcLogAppender-LogAppenderDaemon] INFO  server.GrpcLogAppender (GrpcLogAppender.java:notifyInstallSnapshot(798)) - omNode-1@group-0AAC5367B30E->omNode-bootstrap-2-GrpcLogAppender: send omNode-1->omNode-bootstrap-2#0-t1,notify:(t:1, i:0)
2024-09-18 12:54:53,707 [omNode-bootstrap-2-server-thread1] INFO  server.RaftServer$Division (RaftServerImpl.java:checkInconsistentAppendEntries(1629)) - omNode-bootstrap-2@group-0AAC5367B30E: Failed appendEntries as snapshot (0) installation is in progress
2024-09-18 12:54:53,707 [omNode-bootstrap-2-server-thread1] INFO  server.RaftServer$Division (RaftServerImpl.java:appendEntriesAsync(1584)) - omNode-bootstrap-2@group-0AAC5367B30E: appendEntries* reply omNode-1<-omNode-bootstrap-2#100:FAIL-t1,INCONSISTENCY,nextIndex=0,followerCommit=-1,matchIndex=-1
2024-09-18 12:54:53,707 [grpc-default-executor-1] WARN  server.GrpcLogAppender (GrpcLogAppender.java:onNextImpl(519)) - omNode-1@group-0AAC5367B30E->omNode-bootstrap-2-AppendLogResponseHandler: received INCONSISTENCY reply with nextIndex 0, errorCount=1, request=AppendEntriesRequest:cid=100,entriesCount=0
2024-09-18 12:54:53,708 [grpc-default-executor-4] INFO  impl.SnapshotInstallationHandler (SnapshotInstallationHandler.java:installSnapshot(92)) - omNode-bootstrap-2@group-0AAC5367B30E: receive installSnapshot: omNode-1->omNode-bootstrap-2#0-t1,notify:(t:1, i:0)
2024-09-18 12:54:53,708 [grpc-default-executor-4] INFO  impl.SnapshotInstallationHandler (SnapshotInstallationHandler.java:installSnapshotImpl(138)) - omNode-bootstrap-2@group-0AAC5367B30E: set new configuration configurationEntry {
  peers {
    id: "omNode-1"
    address: "localhost:15015"
    startupRole: FOLLOWER
  }
}
 from snapshot
2024-09-18 12:54:53,708 [grpc-default-executor-4] INFO  server.RaftServer$Division (ServerState.java:setRaftConf(386)) - omNode-bootstrap-2@group-0AAC5367B30E: set configuration conf: {index: 0, cur=peers:[omNode-1|localhost:15015]|listeners:[], old=null}
2024-09-18 12:54:53,709 [grpc-default-executor-4] INFO  ratis.OzoneManagerStateMachine (OzoneManagerStateMachine.java:notifyConfigurationChanged(216)) - Received Configuration change notification from Ratis. New Peer list:
[id: "omNode-1"
address: "localhost:15015"
startupRole: FOLLOWER
]
2024-09-18 12:54:53,709 [grpc-default-executor-4] INFO  impl.SnapshotInstallationHandler (SnapshotInstallationHandler.java:installSnapshot(103)) - omNode-bootstrap-2@group-0AAC5367B30E: reply installSnapshot: omNode-1<-omNode-bootstrap-2#0:FAIL-t1,IN_PROGRESS,snapshotIndex=0
2024-09-18 12:54:53,709 [grpc-default-executor-4] INFO  server.GrpcServerProtocolService (GrpcServerProtocolService.java:onCompleted(157)) - omNode-bootstrap-2: Completed INSTALL_SNAPSHOT, lastRequest: omNode-1->omNode-bootstrap-2#0-t1,notify:(t:1, i:0)
2024-09-18 12:54:53,709 [grpc-default-executor-4] INFO  server.GrpcServerProtocolService (GrpcServerProtocolService.java:lambda$onCompleted$5(159)) - omNode-bootstrap-2: Completed INSTALL_SNAPSHOT, lastReply: null
2024-09-18 12:54:53,710 [grpc-default-executor-1] INFO  server.GrpcLogAppender (GrpcLogAppender.java:onNext(649)) - omNode-1@group-0AAC5367B30E->omNode-bootstrap-2-InstallSnapshotResponseHandler: received a reply omNode-1<-omNode-bootstrap-2#0:FAIL-t1,IN_PROGRESS,snapshotIndex=0
2024-09-18 12:54:53,710 [grpc-default-executor-1] INFO  server.GrpcLogAppender (GrpcLogAppender.java:onNext(665)) - omNode-1@group-0AAC5367B30E->omNode-bootstrap-2-InstallSnapshotResponseHandler: InstallSnapshot in progress.
2024-09-18 12:54:53,710 [omNode-1@group-0AAC5367B30E->omNode-bootstrap-2-GrpcLogAppender-LogAppenderDaemon] INFO  server.GrpcLogAppender (GrpcLogAppender.java:notifyInstallSnapshot(790)) - omNode-1@group-0AAC5367B30E->omNode-bootstrap-2-GrpcLogAppender: notifyInstallSnapshot with firstAvailable=(t:1, i:0), followerNextIndex=0
2024-09-18 12:54:53,710 [omNode-1@group-0AAC5367B30E->omNode-bootstrap-2-GrpcLogAppender-LogAppenderDaemon] INFO  server.GrpcLogAppender (GrpcLogAppender.java:notifyInstallSnapshot(798)) - omNode-1@group-0AAC5367B30E->omNode-bootstrap-2-GrpcLogAppender: send omNode-1->omNode-bootstrap-2#0-t1,notify:(t:1, i:0)
2024-09-18 12:54:53,711 [omNode-bootstrap-2-server-thread1] INFO  server.RaftServer$Division (RaftServerImpl.java:checkInconsistentAppendEntries(1629)) - omNode-bootstrap-2@group-0AAC5367B30E: Failed appendEntries as snapshot (0) installation is in progress
2024-09-18 12:54:53,711 [grpc-default-executor-4] INFO  impl.SnapshotInstallationHandler (SnapshotInstallationHandler.java:installSnapshot(92)) - omNode-bootstrap-2@group-0AAC5367B30E: receive installSnapshot: omNode-1->omNode-bootstrap-2#0-t1,notify:(t:1, i:0)
2024-09-18 12:54:53,711 [omNode-bootstrap-2-server-thread1] INFO  server.RaftServer$Division (RaftServerImpl.java:appendEntriesAsync(1584)) - omNode-bootstrap-2@group-0AAC5367B30E: appendEntries* reply omNode-1<-omNode-bootstrap-2#101:FAIL-t1,INCONSISTENCY,nextIndex=0,followerCommit=-1,matchIndex=-1
2024-09-18 12:54:53,711 [grpc-default-executor-4] INFO  impl.SnapshotInstallationHandler (SnapshotInstallationHandler.java:installSnapshotImpl(138)) - omNode-bootstrap-2@group-0AAC5367B30E: set new configuration configurationEntry {
  peers {
    id: "omNode-1"
    address: "localhost:15015"
    startupRole: FOLLOWER
  }
}
 from snapshot
2024-09-18 12:54:53,711 [grpc-default-executor-4] INFO  server.RaftServer$Division (ServerState.java:setRaftConf(386)) - omNode-bootstrap-2@group-0AAC5367B30E: set configuration conf: {index: 0, cur=peers:[omNode-1|localhost:15015]|listeners:[], old=null}
2024-09-18 12:54:53,712 [grpc-default-executor-1] WARN  server.GrpcLogAppender (GrpcLogAppender.java:onNextImpl(519)) - omNode-1@group-0AAC5367B30E->omNode-bootstrap-2-AppendLogResponseHandler: received INCONSISTENCY reply with nextIndex 0, errorCount=1, request=AppendEntriesRequest:cid=101,entriesCount=0
2024-09-18 12:54:53,712 [grpc-default-executor-4] INFO  ratis.OzoneManagerStateMachine (OzoneManagerStateMachine.java:notifyConfigurationChanged(216)) - Received Configuration change notification from Ratis. New Peer list:
[id: "omNode-1"
address: "localhost:15015"
startupRole: FOLLOWER
]
2024-09-18 12:54:53,713 [grpc-default-executor-4] INFO  impl.SnapshotInstallationHandler (SnapshotInstallationHandler.java:installSnapshot(103)) - omNode-bootstrap-2@group-0AAC5367B30E: reply installSnapshot: omNode-1<-omNode-bootstrap-2#0:FAIL-t1,IN_PROGRESS,snapshotIndex=0
2024-09-18 12:54:53,713 [grpc-default-executor-4] INFO  server.GrpcServerProtocolService (GrpcServerProtocolService.java:onCompleted(157)) - omNode-bootstrap-2: Completed INSTALL_SNAPSHOT, lastRequest: omNode-1->omNode-bootstrap-2#0-t1,notify:(t:1, i:0)
2024-09-18 12:54:53,713 [grpc-default-executor-4] INFO  server.GrpcServerProtocolService (GrpcServerProtocolService.java:lambda$onCompleted$5(159)) - omNode-bootstrap-2: Completed INSTALL_SNAPSHOT, lastReply: null
2024-09-18 12:54:53,713 [grpc-default-executor-1] INFO  server.GrpcLogAppender (GrpcLogAppender.java:onNext(649)) - omNode-1@group-0AAC5367B30E->omNode-bootstrap-2-InstallSnapshotResponseHandler: received a reply omNode-1<-omNode-bootstrap-2#0:FAIL-t1,IN_PROGRESS,snapshotIndex=0
2024-09-18 12:54:53,713 [grpc-default-executor-1] INFO  server.GrpcLogAppender (GrpcLogAppender.java:onNext(665)) - omNode-1@group-0AAC5367B30E->omNode-bootstrap-2-InstallSnapshotResponseHandler: InstallSnapshot in progress.
2024-09-18 12:54:53,714 [omNode-bootstrap-2-server-thread1] INFO  server.RaftServer$Division (RaftServerImpl.java:checkInconsistentAppendEntries(1629)) - omNode-bootstrap-2@group-0AAC5367B30E: Failed appendEntries as snapshot (0) installation is in progress
2024-09-18 12:54:53,714 [omNode-bootstrap-2-server-thread1] INFO  server.RaftServer$Division (RaftServerImpl.java:appendEntriesAsync(1584)) - omNode-bootstrap-2@group-0AAC5367B30E: appendEntries* reply omNode-1<-omNode-bootstrap-2#102:FAIL-t1,INCONSISTENCY,nextIndex=0,followerCommit=-1,matchIndex=-1
2024-09-18 12:54:53,714 [grpc-default-executor-1] WARN  server.GrpcLogAppender (GrpcLogAppender.java:onNextImpl(519)) - omNode-1@group-0AAC5367B30E->omNode-bootstrap-2-AppendLogResponseHandler: received INCONSISTENCY reply with nextIndex 0, errorCount=1, request=AppendEntriesRequest:cid=102,entriesCount=0
2024-09-18 12:54:53,715 [omNode-1@group-0AAC5367B30E->omNode-bootstrap-2-GrpcLogAppender-LogAppenderDaemon] INFO  server.GrpcLogAppender (GrpcLogAppender.java:notifyInstallSnapshot(790)) - omNode-1@group-0AAC5367B30E->omNode-bootstrap-2-GrpcLogAppender: notifyInstallSnapshot with firstAvailable=(t:1, i:0), followerNextIndex=0
2024-09-18 12:54:53,715 [omNode-1@group-0AAC5367B30E->omNode-bootstrap-2-GrpcLogAppender-LogAppenderDaemon] INFO  server.GrpcLogAppender (GrpcLogAppender.java:notifyInstallSnapshot(798)) - omNode-1@group-0AAC5367B30E->omNode-bootstrap-2-GrpcLogAppender: send omNode-1->omNode-bootstrap-2#0-t1,notify:(t:1, i:0)
2024-09-18 12:54:53,715 [grpc-default-executor-4] INFO  impl.SnapshotInstallationHandler (SnapshotInstallationHandler.java:installSnapshot(92)) - omNode-bootstrap-2@group-0AAC5367B30E: receive installSnapshot: omNode-1->omNode-bootstrap-2#0-t1,notify:(t:1, i:0)
2024-09-18 12:54:53,716 [grpc-default-executor-4] INFO  impl.SnapshotInstallationHandler (SnapshotInstallationHandler.java:installSnapshotImpl(138)) - omNode-bootstrap-2@group-0AAC5367B30E: set new configuration configurationEntry {
  peers {
    id: "omNode-1"
    address: "localhost:15015"
    startupRole: FOLLOWER
  }
}
 from snapshot
2024-09-18 12:54:53,716 [grpc-default-executor-4] INFO  server.RaftServer$Division (ServerState.java:setRaftConf(386)) - omNode-bootstrap-2@group-0AAC5367B30E: set configuration conf: {index: 0, cur=peers:[omNode-1|localhost:15015]|listeners:[], old=null}
2024-09-18 12:54:53,717 [grpc-default-executor-4] INFO  ratis.OzoneManagerStateMachine (OzoneManagerStateMachine.java:notifyConfigurationChanged(216)) - Received Configuration change notification from Ratis. New Peer list:
[id: "omNode-1"
address: "localhost:15015"
startupRole: FOLLOWER
]
2024-09-18 12:54:53,717 [grpc-default-executor-4] INFO  impl.SnapshotInstallationHandler (SnapshotInstallationHandler.java:installSnapshot(103)) - omNode-bootstrap-2@group-0AAC5367B30E: reply installSnapshot: omNode-1<-omNode-bootstrap-2#0:FAIL-t1,IN_PROGRESS,snapshotIndex=0
2024-09-18 12:54:53,718 [grpc-default-executor-4] INFO  server.GrpcServerProtocolService (GrpcServerProtocolService.java:onCompleted(157)) - omNode-bootstrap-2: Completed INSTALL_SNAPSHOT, lastRequest: omNode-1->omNode-bootstrap-2#0-t1,notify:(t:1, i:0)
2024-09-18 12:54:53,718 [grpc-default-executor-4] INFO  server.GrpcServerProtocolService (GrpcServerProtocolService.java:lambda$onCompleted$5(159)) - omNode-bootstrap-2: Completed INSTALL_SNAPSHOT, lastReply: null
2024-09-18 12:54:53,718 [grpc-default-executor-1] INFO  server.GrpcLogAppender (GrpcLogAppender.java:onNext(649)) - omNode-1@group-0AAC5367B30E->omNode-bootstrap-2-InstallSnapshotResponseHandler: received a reply omNode-1<-omNode-bootstrap-2#0:FAIL-t1,IN_PROGRESS,snapshotIndex=0
2024-09-18 12:54:53,718 [grpc-default-executor-1] INFO  server.GrpcLogAppender (GrpcLogAppender.java:onNext(665)) - omNode-1@group-0AAC5367B30E->omNode-bootstrap-2-InstallSnapshotResponseHandler: InstallSnapshot in progress.
2024-09-18 12:54:53,718 [omNode-1@group-0AAC5367B30E->omNode-bootstrap-2-GrpcLogAppender-LogAppenderDaemon] INFO  server.GrpcLogAppender (GrpcLogAppender.java:notifyInstallSnapshot(790)) - omNode-1@group-0AAC5367B30E->omNode-bootstrap-2-GrpcLogAppender: notifyInstallSnapshot with firstAvailable=(t:1, i:0), followerNextIndex=0
2024-09-18 12:54:53,718 [omNode-1@group-0AAC5367B30E->omNode-bootstrap-2-GrpcLogAppender-LogAppenderDaemon] INFO  server.GrpcLogAppender (GrpcLogAppender.java:notifyInstallSnapshot(798)) - omNode-1@group-0AAC5367B30E->omNode-bootstrap-2-GrpcLogAppender: send omNode-1->omNode-bootstrap-2#0-t1,notify:(t:1, i:0)
2024-09-18 12:54:53,719 [omNode-bootstrap-2-server-thread1] INFO  server.RaftServer$Division (RaftServerImpl.java:checkInconsistentAppendEntries(1629)) - omNode-bootstrap-2@group-0AAC5367B30E: Failed appendEntries as snapshot (0) installation is in progress
2024-09-18 12:54:53,719 [grpc-default-executor-4] INFO  impl.SnapshotInstallationHandler (SnapshotInstallationHandler.java:installSnapshot(92)) - omNode-bootstrap-2@group-0AAC5367B30E: receive installSnapshot: omNode-1->omNode-bootstrap-2#0-t1,notify:(t:1, i:0)
2024-09-18 12:54:53,719 [omNode-bootstrap-2-server-thread1] INFO  server.RaftServer$Division (RaftServerImpl.java:appendEntriesAsync(1584)) - omNode-bootstrap-2@group-0AAC5367B30E: appendEntries* reply omNode-1<-omNode-bootstrap-2#103:FAIL-t1,INCONSISTENCY,nextIndex=0,followerCommit=-1,matchIndex=-1
2024-09-18 12:54:53,720 [grpc-default-executor-4] INFO  impl.SnapshotInstallationHandler (SnapshotInstallationHandler.java:installSnapshotImpl(138)) - omNode-bootstrap-2@group-0AAC5367B30E: set new configuration configurationEntry {
  peers {
    id: "omNode-1"
    address: "localhost:15015"
    startupRole: FOLLOWER
  }
}
 from snapshot
2024-09-18 12:54:53,720 [grpc-default-executor-4] INFO  server.RaftServer$Division (ServerState.java:setRaftConf(386)) - omNode-bootstrap-2@group-0AAC5367B30E: set configuration conf: {index: 0, cur=peers:[omNode-1|localhost:15015]|listeners:[], old=null}
2024-09-18 12:54:53,720 [grpc-default-executor-1] WARN  server.GrpcLogAppender (GrpcLogAppender.java:onNextImpl(519)) - omNode-1@group-0AAC5367B30E->omNode-bootstrap-2-AppendLogResponseHandler: received INCONSISTENCY reply with nextIndex 0, errorCount=1, request=AppendEntriesRequest:cid=103,entriesCount=0
2024-09-18 12:54:53,721 [grpc-default-executor-4] INFO  ratis.OzoneManagerStateMachine (OzoneManagerStateMachine.java:notifyConfigurationChanged(216)) - Received Configuration change notification from Ratis. New Peer list:
[id: "omNode-1"
address: "localhost:15015"
startupRole: FOLLOWER
]
2024-09-18 12:54:53,721 [grpc-default-executor-4] INFO  impl.SnapshotInstallationHandler (SnapshotInstallationHandler.java:installSnapshot(103)) - omNode-bootstrap-2@group-0AAC5367B30E: reply installSnapshot: omNode-1<-omNode-bootstrap-2#0:FAIL-t1,IN_PROGRESS,snapshotIndex=0
2024-09-18 12:54:53,722 [grpc-default-executor-4] INFO  server.GrpcServerProtocolService (GrpcServerProtocolService.java:onCompleted(157)) - omNode-bootstrap-2: Completed INSTALL_SNAPSHOT, lastRequest: omNode-1->omNode-bootstrap-2#0-t1,notify:(t:1, i:0)
2024-09-18 12:54:53,722 [grpc-default-executor-4] INFO  server.GrpcServerProtocolService (GrpcServerProtocolService.java:lambda$onCompleted$5(159)) - omNode-bootstrap-2: Completed INSTALL_SNAPSHOT, lastReply: null
2024-09-18 12:54:53,722 [grpc-default-executor-1] INFO  server.GrpcLogAppender (GrpcLogAppender.java:onNext(649)) - omNode-1@group-0AAC5367B30E->omNode-bootstrap-2-InstallSnapshotResponseHandler: received a reply omNode-1<-omNode-bootstrap-2#0:FAIL-t1,IN_PROGRESS,snapshotIndex=0
2024-09-18 12:54:53,722 [grpc-default-executor-1] INFO  server.GrpcLogAppender (GrpcLogAppender.java:onNext(665)) - omNode-1@group-0AAC5367B30E->omNode-bootstrap-2-InstallSnapshotResponseHandler: InstallSnapshot in progress.
2024-09-18 12:54:53,723 [omNode-bootstrap-2-server-thread1] INFO  server.RaftServer$Division (RaftServerImpl.java:checkInconsistentAppendEntries(1629)) - omNode-bootstrap-2@group-0AAC5367B30E: Failed appendEntries as snapshot (0) installation is in progress
2024-09-18 12:54:53,723 [omNode-bootstrap-2-server-thread1] INFO  server.RaftServer$Division (RaftServerImpl.java:appendEntriesAsync(1584)) - omNode-bootstrap-2@group-0AAC5367B30E: appendEntries* reply omNode-1<-omNode-bootstrap-2#104:FAIL-t1,INCONSISTENCY,nextIndex=0,followerCommit=-1,matchIndex=-1
2024-09-18 12:54:53,723 [grpc-default-executor-1] WARN  server.GrpcLogAppender (GrpcLogAppender.java:onNextImpl(519)) - omNode-1@group-0AAC5367B30E->omNode-bootstrap-2-AppendLogResponseHandler: received INCONSISTENCY reply with nextIndex 0, errorCount=1, request=AppendEntriesRequest:cid=104,entriesCount=0
2024-09-18 12:54:53,724 [omNode-1@group-0AAC5367B30E->omNode-bootstrap-2-GrpcLogAppender-LogAppenderDaemon] INFO  server.GrpcLogAppender (GrpcLogAppender.java:notifyInstallSnapshot(790)) - omNode-1@group-0AAC5367B30E->omNode-bootstrap-2-GrpcLogAppender: notifyInstallSnapshot with firstAvailable=(t:1, i:0), followerNextIndex=0
2024-09-18 12:54:53,724 [omNode-1@group-0AAC5367B30E->omNode-bootstrap-2-GrpcLogAppender-LogAppenderDaemon] INFO  server.GrpcLogAppender (GrpcLogAppender.java:notifyInstallSnapshot(798)) - omNode-1@group-0AAC5367B30E->omNode-bootstrap-2-GrpcLogAppender: send omNode-1->omNode-bootstrap-2#0-t1,notify:(t:1, i:0)
2024-09-18 12:54:53,725 [grpc-default-executor-1] INFO  impl.SnapshotInstallationHandler (SnapshotInstallationHandler.java:installSnapshot(92)) - omNode-bootstrap-2@group-0AAC5367B30E: receive installSnapshot: omNode-1->omNode-bootstrap-2#0-t1,notify:(t:1, i:0)
2024-09-18 12:54:53,725 [grpc-default-executor-1] INFO  impl.SnapshotInstallationHandler (SnapshotInstallationHandler.java:installSnapshotImpl(138)) - omNode-bootstrap-2@group-0AAC5367B30E: set new configuration configurationEntry {
  peers {
    id: "omNode-1"
    address: "localhost:15015"
    startupRole: FOLLOWER
  }
}
 from snapshot
2024-09-18 12:54:53,725 [grpc-default-executor-1] INFO  server.RaftServer$Division (ServerState.java:setRaftConf(386)) - omNode-bootstrap-2@group-0AAC5367B30E: set configuration conf: {index: 0, cur=peers:[omNode-1|localhost:15015]|listeners:[], old=null}
2024-09-18 12:54:53,726 [grpc-default-executor-1] INFO  ratis.OzoneManagerStateMachine (OzoneManagerStateMachine.java:notifyConfigurationChanged(216)) - Received Configuration change notification from Ratis. New Peer list:
[id: "omNode-1"
address: "localhost:15015"
startupRole: FOLLOWER
]
2024-09-18 12:54:53,726 [grpc-default-executor-1] INFO  impl.SnapshotInstallationHandler (SnapshotInstallationHandler.java:installSnapshot(103)) - omNode-bootstrap-2@group-0AAC5367B30E: reply installSnapshot: omNode-1<-omNode-bootstrap-2#0:FAIL-t1,IN_PROGRESS,snapshotIndex=0
2024-09-18 12:54:53,726 [grpc-default-executor-1] INFO  server.GrpcServerProtocolService (GrpcServerProtocolService.java:onCompleted(157)) - omNode-bootstrap-2: Completed INSTALL_SNAPSHOT, lastRequest: omNode-1->omNode-bootstrap-2#0-t1,notify:(t:1, i:0)
2024-09-18 12:54:53,726 [grpc-default-executor-1] INFO  server.GrpcServerProtocolService (GrpcServerProtocolService.java:lambda$onCompleted$5(159)) - omNode-bootstrap-2: Completed INSTALL_SNAPSHOT, lastReply: null
2024-09-18 12:54:53,727 [grpc-default-executor-4] INFO  server.GrpcLogAppender (GrpcLogAppender.java:onNext(649)) - omNode-1@group-0AAC5367B30E->omNode-bootstrap-2-InstallSnapshotResponseHandler: received a reply omNode-1<-omNode-bootstrap-2#0:FAIL-t1,IN_PROGRESS,snapshotIndex=0
2024-09-18 12:54:53,727 [grpc-default-executor-4] INFO  server.GrpcLogAppender (GrpcLogAppender.java:onNext(665)) - omNode-1@group-0AAC5367B30E->omNode-bootstrap-2-InstallSnapshotResponseHandler: InstallSnapshot in progress.
2024-09-18 12:54:53,727 [omNode-1@group-0AAC5367B30E->omNode-bootstrap-2-GrpcLogAppender-LogAppenderDaemon] INFO  server.GrpcLogAppender (GrpcLogAppender.java:notifyInstallSnapshot(790)) - omNode-1@group-0AAC5367B30E->omNode-bootstrap-2-GrpcLogAppender: notifyInstallSnapshot with firstAvailable=(t:1, i:0), followerNextIndex=0
2024-09-18 12:54:53,727 [omNode-1@group-0AAC5367B30E->omNode-bootstrap-2-GrpcLogAppender-LogAppenderDaemon] INFO  server.GrpcLogAppender (GrpcLogAppender.java:notifyInstallSnapshot(798)) - omNode-1@group-0AAC5367B30E->omNode-bootstrap-2-GrpcLogAppender: send omNode-1->omNode-bootstrap-2#0-t1,notify:(t:1, i:0)
2024-09-18 12:54:53,728 [omNode-bootstrap-2-server-thread1] INFO  server.RaftServer$Division (RaftServerImpl.java:checkInconsistentAppendEntries(1629)) - omNode-bootstrap-2@group-0AAC5367B30E: Failed appendEntries as snapshot (0) installation is in progress
2024-09-18 12:54:53,728 [grpc-default-executor-1] INFO  impl.SnapshotInstallationHandler (SnapshotInstallationHandler.java:installSnapshot(92)) - omNode-bootstrap-2@group-0AAC5367B30E: receive installSnapshot: omNode-1->omNode-bootstrap-2#0-t1,notify:(t:1, i:0)
2024-09-18 12:54:53,728 [omNode-bootstrap-2-server-thread1] INFO  server.RaftServer$Division (RaftServerImpl.java:appendEntriesAsync(1584)) - omNode-bootstrap-2@group-0AAC5367B30E: appendEntries* reply omNode-1<-omNode-bootstrap-2#105:FAIL-t1,INCONSISTENCY,nextIndex=0,followerCommit=-1,matchIndex=-1
2024-09-18 12:54:53,729 [grpc-default-executor-1] INFO  impl.SnapshotInstallationHandler (SnapshotInstallationHandler.java:installSnapshotImpl(138)) - omNode-bootstrap-2@group-0AAC5367B30E: set new configuration configurationEntry {
  peers {
    id: "omNode-1"
    address: "localhost:15015"
    startupRole: FOLLOWER
  }
}
 from snapshot
2024-09-18 12:54:53,729 [grpc-default-executor-1] INFO  server.RaftServer$Division (ServerState.java:setRaftConf(386)) - omNode-bootstrap-2@group-0AAC5367B30E: set configuration conf: {index: 0, cur=peers:[omNode-1|localhost:15015]|listeners:[], old=null}
2024-09-18 12:54:53,729 [grpc-default-executor-4] WARN  server.GrpcLogAppender (GrpcLogAppender.java:onNextImpl(519)) - omNode-1@group-0AAC5367B30E->omNode-bootstrap-2-AppendLogResponseHandler: received INCONSISTENCY reply with nextIndex 0, errorCount=1, request=AppendEntriesRequest:cid=105,entriesCount=0
2024-09-18 12:54:53,730 [grpc-default-executor-1] INFO  ratis.OzoneManagerStateMachine (OzoneManagerStateMachine.java:notifyConfigurationChanged(216)) - Received Configuration change notification from Ratis. New Peer list:
[id: "omNode-1"
address: "localhost:15015"
startupRole: FOLLOWER
]
2024-09-18 12:54:53,730 [grpc-default-executor-1] INFO  impl.SnapshotInstallationHandler (SnapshotInstallationHandler.java:installSnapshot(103)) - omNode-bootstrap-2@group-0AAC5367B30E: reply installSnapshot: omNode-1<-omNode-bootstrap-2#0:FAIL-t1,IN_PROGRESS,snapshotIndex=0
2024-09-18 12:54:53,730 [grpc-default-executor-1] INFO  server.GrpcServerProtocolService (GrpcServerProtocolService.java:onCompleted(157)) - omNode-bootstrap-2: Completed INSTALL_SNAPSHOT, lastRequest: omNode-1->omNode-bootstrap-2#0-t1,notify:(t:1, i:0)
2024-09-18 12:54:53,730 [grpc-default-executor-1] INFO  server.GrpcServerProtocolService (GrpcServerProtocolService.java:lambda$onCompleted$5(159)) - omNode-bootstrap-2: Completed INSTALL_SNAPSHOT, lastReply: null
2024-09-18 12:54:53,731 [grpc-default-executor-4] INFO  server.GrpcLogAppender (GrpcLogAppender.java:onNext(649)) - omNode-1@group-0AAC5367B30E->omNode-bootstrap-2-InstallSnapshotResponseHandler: received a reply omNode-1<-omNode-bootstrap-2#0:FAIL-t1,IN_PROGRESS,snapshotIndex=0
2024-09-18 12:54:53,731 [grpc-default-executor-4] INFO  server.GrpcLogAppender (GrpcLogAppender.java:onNext(665)) - omNode-1@group-0AAC5367B30E->omNode-bootstrap-2-InstallSnapshotResponseHandler: InstallSnapshot in progress.
2024-09-18 12:54:53,731 [omNode-bootstrap-2-server-thread1] INFO  server.RaftServer$Division (RaftServerImpl.java:checkInconsistentAppendEntries(1629)) - omNode-bootstrap-2@group-0AAC5367B30E: Failed appendEntries as snapshot (0) installation is in progress
2024-09-18 12:54:53,731 [omNode-bootstrap-2-server-thread1] INFO  server.RaftServer$Division (RaftServerImpl.java:appendEntriesAsync(1584)) - omNode-bootstrap-2@group-0AAC5367B30E: appendEntries* reply omNode-1<-omNode-bootstrap-2#106:FAIL-t1,INCONSISTENCY,nextIndex=0,followerCommit=-1,matchIndex=-1
2024-09-18 12:54:53,732 [grpc-default-executor-4] WARN  server.GrpcLogAppender (GrpcLogAppender.java:onNextImpl(519)) - omNode-1@group-0AAC5367B30E->omNode-bootstrap-2-AppendLogResponseHandler: received INCONSISTENCY reply with nextIndex 0, errorCount=1, request=AppendEntriesRequest:cid=106,entriesCount=0
2024-09-18 12:54:53,732 [omNode-1@group-0AAC5367B30E->omNode-bootstrap-2-GrpcLogAppender-LogAppenderDaemon] INFO  server.GrpcLogAppender (GrpcLogAppender.java:notifyInstallSnapshot(790)) - omNode-1@group-0AAC5367B30E->omNode-bootstrap-2-GrpcLogAppender: notifyInstallSnapshot with firstAvailable=(t:1, i:0), followerNextIndex=0
2024-09-18 12:54:53,732 [omNode-1@group-0AAC5367B30E->omNode-bootstrap-2-GrpcLogAppender-LogAppenderDaemon] INFO  server.GrpcLogAppender (GrpcLogAppender.java:notifyInstallSnapshot(798)) - omNode-1@group-0AAC5367B30E->omNode-bootstrap-2-GrpcLogAppender: send omNode-1->omNode-bootstrap-2#0-t1,notify:(t:1, i:0)
2024-09-18 12:54:53,733 [grpc-default-executor-4] INFO  impl.SnapshotInstallationHandler (SnapshotInstallationHandler.java:installSnapshot(92)) - omNode-bootstrap-2@group-0AAC5367B30E: receive installSnapshot: omNode-1->omNode-bootstrap-2#0-t1,notify:(t:1, i:0)
2024-09-18 12:54:53,733 [grpc-default-executor-4] INFO  impl.SnapshotInstallationHandler (SnapshotInstallationHandler.java:installSnapshotImpl(138)) - omNode-bootstrap-2@group-0AAC5367B30E: set new configuration configurationEntry {
  peers {
    id: "omNode-1"
    address: "localhost:15015"
    startupRole: FOLLOWER
  }
}
 from snapshot
2024-09-18 12:54:53,734 [grpc-default-executor-4] INFO  server.RaftServer$Division (ServerState.java:setRaftConf(386)) - omNode-bootstrap-2@group-0AAC5367B30E: set configuration conf: {index: 0, cur=peers:[omNode-1|localhost:15015]|listeners:[], old=null}
2024-09-18 12:54:53,735 [grpc-default-executor-4] INFO  ratis.OzoneManagerStateMachine (OzoneManagerStateMachine.java:notifyConfigurationChanged(216)) - Received Configuration change notification from Ratis. New Peer list:
[id: "omNode-1"
address: "localhost:15015"
startupRole: FOLLOWER
]
2024-09-18 12:54:53,735 [grpc-default-executor-4] INFO  impl.SnapshotInstallationHandler (SnapshotInstallationHandler.java:installSnapshot(103)) - omNode-bootstrap-2@group-0AAC5367B30E: reply installSnapshot: omNode-1<-omNode-bootstrap-2#0:FAIL-t1,IN_PROGRESS,snapshotIndex=0
2024-09-18 12:54:53,735 [grpc-default-executor-4] INFO  server.GrpcServerProtocolService (GrpcServerProtocolService.java:onCompleted(157)) - omNode-bootstrap-2: Completed INSTALL_SNAPSHOT, lastRequest: omNode-1->omNode-bootstrap-2#0-t1,notify:(t:1, i:0)
2024-09-18 12:54:53,735 [grpc-default-executor-1] INFO  server.GrpcLogAppender (GrpcLogAppender.java:onNext(649)) - omNode-1@group-0AAC5367B30E->omNode-bootstrap-2-InstallSnapshotResponseHandler: received a reply omNode-1<-omNode-bootstrap-2#0:FAIL-t1,IN_PROGRESS,snapshotIndex=0
2024-09-18 12:54:53,735 [grpc-default-executor-1] INFO  server.GrpcLogAppender (GrpcLogAppender.java:onNext(665)) - omNode-1@group-0AAC5367B30E->omNode-bootstrap-2-InstallSnapshotResponseHandler: InstallSnapshot in progress.
2024-09-18 12:54:53,735 [grpc-default-executor-4] INFO  server.GrpcServerProtocolService (GrpcServerProtocolService.java:lambda$onCompleted$5(159)) - omNode-bootstrap-2: Completed INSTALL_SNAPSHOT, lastReply: null
2024-09-18 12:54:53,736 [omNode-bootstrap-2-server-thread1] INFO  server.RaftServer$Division (RaftServerImpl.java:checkInconsistentAppendEntries(1629)) - omNode-bootstrap-2@group-0AAC5367B30E: Failed appendEntries as snapshot (0) installation is in progress
2024-09-18 12:54:53,737 [omNode-bootstrap-2-server-thread1] INFO  server.RaftServer$Division (RaftServerImpl.java:appendEntriesAsync(1584)) - omNode-bootstrap-2@group-0AAC5367B30E: appendEntries* reply omNode-1<-omNode-bootstrap-2#107:FAIL-t1,INCONSISTENCY,nextIndex=0,followerCommit=-1,matchIndex=-1
2024-09-18 12:54:53,737 [grpc-default-executor-4] WARN  server.GrpcLogAppender (GrpcLogAppender.java:onNextImpl(519)) - omNode-1@group-0AAC5367B30E->omNode-bootstrap-2-AppendLogResponseHandler: received INCONSISTENCY reply with nextIndex 0, errorCount=1, request=AppendEntriesRequest:cid=107,entriesCount=0
2024-09-18 12:54:53,737 [omNode-1@group-0AAC5367B30E->omNode-bootstrap-2-GrpcLogAppender-LogAppenderDaemon] INFO  server.GrpcLogAppender (GrpcLogAppender.java:notifyInstallSnapshot(790)) - omNode-1@group-0AAC5367B30E->omNode-bootstrap-2-GrpcLogAppender: notifyInstallSnapshot with firstAvailable=(t:1, i:0), followerNextIndex=0
2024-09-18 12:54:53,737 [omNode-1@group-0AAC5367B30E->omNode-bootstrap-2-GrpcLogAppender-LogAppenderDaemon] INFO  server.GrpcLogAppender (GrpcLogAppender.java:notifyInstallSnapshot(798)) - omNode-1@group-0AAC5367B30E->omNode-bootstrap-2-GrpcLogAppender: send omNode-1->omNode-bootstrap-2#0-t1,notify:(t:1, i:0)
2024-09-18 12:54:53,738 [grpc-default-executor-1] INFO  impl.SnapshotInstallationHandler (SnapshotInstallationHandler.java:installSnapshot(92)) - omNode-bootstrap-2@group-0AAC5367B30E: receive installSnapshot: omNode-1->omNode-bootstrap-2#0-t1,notify:(t:1, i:0)
2024-09-18 12:54:53,739 [grpc-default-executor-1] INFO  impl.SnapshotInstallationHandler (SnapshotInstallationHandler.java:installSnapshotImpl(138)) - omNode-bootstrap-2@group-0AAC5367B30E: set new configuration configurationEntry {
  peers {
    id: "omNode-1"
    address: "localhost:15015"
    startupRole: FOLLOWER
  }
}
 from snapshot
2024-09-18 12:54:53,739 [grpc-default-executor-1] INFO  server.RaftServer$Division (ServerState.java:setRaftConf(386)) - omNode-bootstrap-2@group-0AAC5367B30E: set configuration conf: {index: 0, cur=peers:[omNode-1|localhost:15015]|listeners:[], old=null}
2024-09-18 12:54:53,743 [grpc-default-executor-1] INFO  ratis.OzoneManagerStateMachine (OzoneManagerStateMachine.java:notifyConfigurationChanged(216)) - Received Configuration change notification from Ratis. New Peer list:
[id: "omNode-1"
address: "localhost:15015"
startupRole: FOLLOWER
]
2024-09-18 12:54:53,743 [grpc-default-executor-1] INFO  impl.SnapshotInstallationHandler (SnapshotInstallationHandler.java:installSnapshot(103)) - omNode-bootstrap-2@group-0AAC5367B30E: reply installSnapshot: omNode-1<-omNode-bootstrap-2#0:FAIL-t1,IN_PROGRESS,snapshotIndex=0
2024-09-18 12:54:53,743 [grpc-default-executor-1] INFO  server.GrpcServerProtocolService (GrpcServerProtocolService.java:onCompleted(157)) - omNode-bootstrap-2: Completed INSTALL_SNAPSHOT, lastRequest: omNode-1->omNode-bootstrap-2#0-t1,notify:(t:1, i:0)
2024-09-18 12:54:53,743 [grpc-default-executor-1] INFO  server.GrpcServerProtocolService (GrpcServerProtocolService.java:lambda$onCompleted$5(159)) - omNode-bootstrap-2: Completed INSTALL_SNAPSHOT, lastReply: null
2024-09-18 12:54:53,744 [grpc-default-executor-1] INFO  server.GrpcLogAppender (GrpcLogAppender.java:onNext(649)) - omNode-1@group-0AAC5367B30E->omNode-bootstrap-2-InstallSnapshotResponseHandler: received a reply omNode-1<-omNode-bootstrap-2#0:FAIL-t1,IN_PROGRESS,snapshotIndex=0
2024-09-18 12:54:53,744 [grpc-default-executor-1] INFO  server.GrpcLogAppender (GrpcLogAppender.java:onNext(665)) - omNode-1@group-0AAC5367B30E->omNode-bootstrap-2-InstallSnapshotResponseHandler: InstallSnapshot in progress.
2024-09-18 12:54:53,744 [omNode-1@group-0AAC5367B30E->omNode-bootstrap-2-GrpcLogAppender-LogAppenderDaemon] INFO  server.GrpcLogAppender (GrpcLogAppender.java:notifyInstallSnapshot(790)) - omNode-1@group-0AAC5367B30E->omNode-bootstrap-2-GrpcLogAppender: notifyInstallSnapshot with firstAvailable=(t:1, i:0), followerNextIndex=0
2024-09-18 12:54:53,744 [omNode-1@group-0AAC5367B30E->omNode-bootstrap-2-GrpcLogAppender-LogAppenderDaemon] INFO  server.GrpcLogAppender (GrpcLogAppender.java:notifyInstallSnapshot(798)) - omNode-1@group-0AAC5367B30E->omNode-bootstrap-2-GrpcLogAppender: send omNode-1->omNode-bootstrap-2#0-t1,notify:(t:1, i:0)
2024-09-18 12:54:53,744 [omNode-bootstrap-2-server-thread1] INFO  server.RaftServer$Division (RaftServerImpl.java:checkInconsistentAppendEntries(1629)) - omNode-bootstrap-2@group-0AAC5367B30E: Failed appendEntries as snapshot (0) installation is in progress
2024-09-18 12:54:53,744 [omNode-bootstrap-2-server-thread1] INFO  server.RaftServer$Division (RaftServerImpl.java:appendEntriesAsync(1584)) - omNode-bootstrap-2@group-0AAC5367B30E: appendEntries* reply omNode-1<-omNode-bootstrap-2#108:FAIL-t1,INCONSISTENCY,nextIndex=0,followerCommit=-1,matchIndex=-1
2024-09-18 12:54:53,745 [grpc-default-executor-4] INFO  impl.SnapshotInstallationHandler (SnapshotInstallationHandler.java:installSnapshot(92)) - omNode-bootstrap-2@group-0AAC5367B30E: receive installSnapshot: omNode-1->omNode-bootstrap-2#0-t1,notify:(t:1, i:0)
2024-09-18 12:54:53,745 [grpc-default-executor-4] INFO  impl.SnapshotInstallationHandler (SnapshotInstallationHandler.java:installSnapshotImpl(138)) - omNode-bootstrap-2@group-0AAC5367B30E: set new configuration configurationEntry {
  peers {
    id: "omNode-1"
    address: "localhost:15015"
    startupRole: FOLLOWER
  }
}
 from snapshot
2024-09-18 12:54:53,745 [grpc-default-executor-4] INFO  server.RaftServer$Division (ServerState.java:setRaftConf(386)) - omNode-bootstrap-2@group-0AAC5367B30E: set configuration conf: {index: 0, cur=peers:[omNode-1|localhost:15015]|listeners:[], old=null}
2024-09-18 12:54:53,746 [grpc-default-executor-1] WARN  server.GrpcLogAppender (GrpcLogAppender.java:onNextImpl(519)) - omNode-1@group-0AAC5367B30E->omNode-bootstrap-2-AppendLogResponseHandler: received INCONSISTENCY reply with nextIndex 0, errorCount=1, request=AppendEntriesRequest:cid=108,entriesCount=0
2024-09-18 12:54:53,746 [grpc-default-executor-4] INFO  ratis.OzoneManagerStateMachine (OzoneManagerStateMachine.java:notifyConfigurationChanged(216)) - Received Configuration change notification from Ratis. New Peer list:
[id: "omNode-1"
address: "localhost:15015"
startupRole: FOLLOWER
]
2024-09-18 12:54:53,747 [grpc-default-executor-4] INFO  impl.SnapshotInstallationHandler (SnapshotInstallationHandler.java:installSnapshot(103)) - omNode-bootstrap-2@group-0AAC5367B30E: reply installSnapshot: omNode-1<-omNode-bootstrap-2#0:FAIL-t1,IN_PROGRESS,snapshotIndex=0
2024-09-18 12:54:53,747 [grpc-default-executor-4] INFO  server.GrpcServerProtocolService (GrpcServerProtocolService.java:onCompleted(157)) - omNode-bootstrap-2: Completed INSTALL_SNAPSHOT, lastRequest: omNode-1->omNode-bootstrap-2#0-t1,notify:(t:1, i:0)
2024-09-18 12:54:53,747 [grpc-default-executor-4] INFO  server.GrpcServerProtocolService (GrpcServerProtocolService.java:lambda$onCompleted$5(159)) - omNode-bootstrap-2: Completed INSTALL_SNAPSHOT, lastReply: null
2024-09-18 12:54:53,748 [grpc-default-executor-4] INFO  server.GrpcLogAppender (GrpcLogAppender.java:onNext(649)) - omNode-1@group-0AAC5367B30E->omNode-bootstrap-2-InstallSnapshotResponseHandler: received a reply omNode-1<-omNode-bootstrap-2#0:FAIL-t1,IN_PROGRESS,snapshotIndex=0
2024-09-18 12:54:53,748 [grpc-default-executor-4] INFO  server.GrpcLogAppender (GrpcLogAppender.java:onNext(665)) - omNode-1@group-0AAC5367B30E->omNode-bootstrap-2-InstallSnapshotResponseHandler: InstallSnapshot in progress.
2024-09-18 12:54:53,748 [omNode-bootstrap-2-server-thread1] INFO  server.RaftServer$Division (RaftServerImpl.java:checkInconsistentAppendEntries(1629)) - omNode-bootstrap-2@group-0AAC5367B30E: Failed appendEntries as snapshot (0) installation is in progress
2024-09-18 12:54:53,748 [omNode-bootstrap-2-server-thread1] INFO  server.RaftServer$Division (RaftServerImpl.java:appendEntriesAsync(1584)) - omNode-bootstrap-2@group-0AAC5367B30E: appendEntries* reply omNode-1<-omNode-bootstrap-2#109:FAIL-t1,INCONSISTENCY,nextIndex=0,followerCommit=-1,matchIndex=-1
2024-09-18 12:54:53,749 [grpc-default-executor-4] WARN  server.GrpcLogAppender (GrpcLogAppender.java:onNextImpl(519)) - omNode-1@group-0AAC5367B30E->omNode-bootstrap-2-AppendLogResponseHandler: received INCONSISTENCY reply with nextIndex 0, errorCount=1, request=AppendEntriesRequest:cid=109,entriesCount=0
2024-09-18 12:54:53,749 [omNode-1@group-0AAC5367B30E->omNode-bootstrap-2-GrpcLogAppender-LogAppenderDaemon] INFO  server.GrpcLogAppender (GrpcLogAppender.java:notifyInstallSnapshot(790)) - omNode-1@group-0AAC5367B30E->omNode-bootstrap-2-GrpcLogAppender: notifyInstallSnapshot with firstAvailable=(t:1, i:0), followerNextIndex=0
2024-09-18 12:54:53,749 [omNode-1@group-0AAC5367B30E->omNode-bootstrap-2-GrpcLogAppender-LogAppenderDaemon] INFO  server.GrpcLogAppender (GrpcLogAppender.java:notifyInstallSnapshot(798)) - omNode-1@group-0AAC5367B30E->omNode-bootstrap-2-GrpcLogAppender: send omNode-1->omNode-bootstrap-2#0-t1,notify:(t:1, i:0)
2024-09-18 12:54:53,750 [grpc-default-executor-4] INFO  impl.SnapshotInstallationHandler (SnapshotInstallationHandler.java:installSnapshot(92)) - omNode-bootstrap-2@group-0AAC5367B30E: receive installSnapshot: omNode-1->omNode-bootstrap-2#0-t1,notify:(t:1, i:0)
2024-09-18 12:54:53,750 [grpc-default-executor-4] INFO  impl.SnapshotInstallationHandler (SnapshotInstallationHandler.java:installSnapshotImpl(138)) - omNode-bootstrap-2@group-0AAC5367B30E: set new configuration configurationEntry {
  peers {
    id: "omNode-1"
    address: "localhost:15015"
    startupRole: FOLLOWER
  }
}
 from snapshot
2024-09-18 12:54:53,750 [grpc-default-executor-4] INFO  server.RaftServer$Division (ServerState.java:setRaftConf(386)) - omNode-bootstrap-2@group-0AAC5367B30E: set configuration conf: {index: 0, cur=peers:[omNode-1|localhost:15015]|listeners:[], old=null}
2024-09-18 12:54:53,752 [grpc-default-executor-4] INFO  ratis.OzoneManagerStateMachine (OzoneManagerStateMachine.java:notifyConfigurationChanged(216)) - Received Configuration change notification from Ratis. New Peer list:
[id: "omNode-1"
address: "localhost:15015"
startupRole: FOLLOWER
]
2024-09-18 12:54:53,752 [grpc-default-executor-4] INFO  impl.SnapshotInstallationHandler (SnapshotInstallationHandler.java:installSnapshot(103)) - omNode-bootstrap-2@group-0AAC5367B30E: reply installSnapshot: omNode-1<-omNode-bootstrap-2#0:FAIL-t1,IN_PROGRESS,snapshotIndex=0
2024-09-18 12:54:53,752 [grpc-default-executor-4] INFO  server.GrpcServerProtocolService (GrpcServerProtocolService.java:onCompleted(157)) - omNode-bootstrap-2: Completed INSTALL_SNAPSHOT, lastRequest: omNode-1->omNode-bootstrap-2#0-t1,notify:(t:1, i:0)
2024-09-18 12:54:53,752 [grpc-default-executor-4] INFO  server.GrpcServerProtocolService (GrpcServerProtocolService.java:lambda$onCompleted$5(159)) - omNode-bootstrap-2: Completed INSTALL_SNAPSHOT, lastReply: null
2024-09-18 12:54:53,752 [grpc-default-executor-4] INFO  server.GrpcLogAppender (GrpcLogAppender.java:onNext(649)) - omNode-1@group-0AAC5367B30E->omNode-bootstrap-2-InstallSnapshotResponseHandler: received a reply omNode-1<-omNode-bootstrap-2#0:FAIL-t1,IN_PROGRESS,snapshotIndex=0
2024-09-18 12:54:53,752 [grpc-default-executor-4] INFO  server.GrpcLogAppender (GrpcLogAppender.java:onNext(665)) - omNode-1@group-0AAC5367B30E->omNode-bootstrap-2-InstallSnapshotResponseHandler: InstallSnapshot in progress.
2024-09-18 12:54:53,753 [omNode-1@group-0AAC5367B30E->omNode-bootstrap-2-GrpcLogAppender-LogAppenderDaemon] INFO  server.GrpcLogAppender (GrpcLogAppender.java:notifyInstallSnapshot(790)) - omNode-1@group-0AAC5367B30E->omNode-bootstrap-2-GrpcLogAppender: notifyInstallSnapshot with firstAvailable=(t:1, i:0), followerNextIndex=0
2024-09-18 12:54:53,753 [omNode-1@group-0AAC5367B30E->omNode-bootstrap-2-GrpcLogAppender-LogAppenderDaemon] INFO  server.GrpcLogAppender (GrpcLogAppender.java:notifyInstallSnapshot(798)) - omNode-1@group-0AAC5367B30E->omNode-bootstrap-2-GrpcLogAppender: send omNode-1->omNode-bootstrap-2#0-t1,notify:(t:1, i:0)
2024-09-18 12:54:53,754 [omNode-bootstrap-2-InstallSnapshotThread] INFO  utils.NativeLibraryLoader (NativeLibraryLoader.java:loadLibrary(111)) - Loading Library: ozone_rocksdb_tools
2024-09-18 12:54:53,755 [omNode-bootstrap-2-server-thread1] INFO  server.RaftServer$Division (RaftServerImpl.java:checkInconsistentAppendEntries(1629)) - omNode-bootstrap-2@group-0AAC5367B30E: Failed appendEntries as snapshot (0) installation is in progress
2024-09-18 12:54:53,755 [omNode-bootstrap-2-server-thread1] INFO  server.RaftServer$Division (RaftServerImpl.java:appendEntriesAsync(1584)) - omNode-bootstrap-2@group-0AAC5367B30E: appendEntries* reply omNode-1<-omNode-bootstrap-2#110:FAIL-t1,INCONSISTENCY,nextIndex=0,followerCommit=-1,matchIndex=-1
2024-09-18 12:54:53,755 [omNode-bootstrap-2-InstallSnapshotThread] ERROR snapshot.SnapshotDiffManager (SnapshotDiffManager.java:initNativeLibraryForEfficientDiff(287)) - Native Library for raw sst file reading loading failed.
org.apache.hadoop.hdds.utils.NativeLibraryNotLoadedException: Unable to load library ozone_rocksdb_tools from both java.library.path & resource file libozone_rocksdb_tools.so from jar.
	at org.apache.hadoop.hdds.utils.db.managed.ManagedRawSSTFileReader.loadLibrary(ManagedRawSSTFileReader.java:40)
	at org.apache.hadoop.ozone.om.snapshot.SnapshotDiffManager.initNativeLibraryForEfficientDiff(SnapshotDiffManager.java:285)
	at org.apache.hadoop.ozone.om.snapshot.SnapshotDiffManager.<init>(SnapshotDiffManager.java:259)
	at org.apache.hadoop.ozone.om.OmSnapshotManager.<init>(OmSnapshotManager.java:289)
	at org.apache.hadoop.ozone.om.OzoneManager.instantiateServices(OzoneManager.java:888)
	at org.apache.hadoop.ozone.om.OzoneManager.reloadOMState(OzoneManager.java:4121)
	at org.apache.hadoop.ozone.om.OzoneManager.installCheckpoint(OzoneManager.java:3964)
	at org.apache.hadoop.ozone.om.OzoneManager.installCheckpoint(OzoneManager.java:3870)
	at org.apache.hadoop.ozone.om.OzoneManager.installSnapshotFromLeader(OzoneManager.java:3847)
	at org.apache.hadoop.ozone.om.ratis.OzoneManagerStateMachine.lambda$5(OzoneManagerStateMachine.java:515)
	at java.base/java.util.concurrent.CompletableFuture$AsyncSupply.run(CompletableFuture.java:1768)
	at java.base/java.util.concurrent.ThreadPoolExecutor.runWorker(ThreadPoolExecutor.java:1136)
	at java.base/java.util.concurrent.ThreadPoolExecutor$Worker.run(ThreadPoolExecutor.java:635)
	at java.base/java.lang.Thread.run(Thread.java:840)
2024-09-18 12:54:53,756 [grpc-default-executor-4] INFO  impl.SnapshotInstallationHandler (SnapshotInstallationHandler.java:installSnapshot(92)) - omNode-bootstrap-2@group-0AAC5367B30E: receive installSnapshot: omNode-1->omNode-bootstrap-2#0-t1,notify:(t:1, i:0)
2024-09-18 12:54:53,756 [grpc-default-executor-4] INFO  impl.SnapshotInstallationHandler (SnapshotInstallationHandler.java:installSnapshotImpl(138)) - omNode-bootstrap-2@group-0AAC5367B30E: set new configuration configurationEntry {
  peers {
    id: "omNode-1"
    address: "localhost:15015"
    startupRole: FOLLOWER
  }
}
 from snapshot
2024-09-18 12:54:53,756 [grpc-default-executor-4] INFO  server.RaftServer$Division (ServerState.java:setRaftConf(386)) - omNode-bootstrap-2@group-0AAC5367B30E: set configuration conf: {index: 0, cur=peers:[omNode-1|localhost:15015]|listeners:[], old=null}
2024-09-18 12:54:53,757 [grpc-default-executor-1] WARN  server.GrpcLogAppender (GrpcLogAppender.java:onNextImpl(519)) - omNode-1@group-0AAC5367B30E->omNode-bootstrap-2-AppendLogResponseHandler: received INCONSISTENCY reply with nextIndex 0, errorCount=1, request=AppendEntriesRequest:cid=110,entriesCount=0
2024-09-18 12:54:53,758 [grpc-default-executor-4] INFO  ratis.OzoneManagerStateMachine (OzoneManagerStateMachine.java:notifyConfigurationChanged(216)) - Received Configuration change notification from Ratis. New Peer list:
[id: "omNode-1"
address: "localhost:15015"
startupRole: FOLLOWER
]
2024-09-18 12:54:53,758 [grpc-default-executor-4] INFO  impl.SnapshotInstallationHandler (SnapshotInstallationHandler.java:installSnapshot(103)) - omNode-bootstrap-2@group-0AAC5367B30E: reply installSnapshot: omNode-1<-omNode-bootstrap-2#0:FAIL-t1,IN_PROGRESS,snapshotIndex=0
2024-09-18 12:54:53,758 [grpc-default-executor-4] INFO  server.GrpcServerProtocolService (GrpcServerProtocolService.java:onCompleted(157)) - omNode-bootstrap-2: Completed INSTALL_SNAPSHOT, lastRequest: omNode-1->omNode-bootstrap-2#0-t1,notify:(t:1, i:0)
2024-09-18 12:54:53,758 [grpc-default-executor-4] INFO  server.GrpcServerProtocolService (GrpcServerProtocolService.java:lambda$onCompleted$5(159)) - omNode-bootstrap-2: Completed INSTALL_SNAPSHOT, lastReply: null
2024-09-18 12:54:53,758 [grpc-default-executor-1] INFO  server.GrpcLogAppender (GrpcLogAppender.java:onNext(649)) - omNode-1@group-0AAC5367B30E->omNode-bootstrap-2-InstallSnapshotResponseHandler: received a reply omNode-1<-omNode-bootstrap-2#0:FAIL-t1,IN_PROGRESS,snapshotIndex=0
2024-09-18 12:54:53,758 [grpc-default-executor-1] INFO  server.GrpcLogAppender (GrpcLogAppender.java:onNext(665)) - omNode-1@group-0AAC5367B30E->omNode-bootstrap-2-InstallSnapshotResponseHandler: InstallSnapshot in progress.
2024-09-18 12:54:53,759 [omNode-bootstrap-2-server-thread1] INFO  server.RaftServer$Division (RaftServerImpl.java:checkInconsistentAppendEntries(1629)) - omNode-bootstrap-2@group-0AAC5367B30E: Failed appendEntries as snapshot (0) installation is in progress
2024-09-18 12:54:53,759 [omNode-bootstrap-2-server-thread1] INFO  server.RaftServer$Division (RaftServerImpl.java:appendEntriesAsync(1584)) - omNode-bootstrap-2@group-0AAC5367B30E: appendEntries* reply omNode-1<-omNode-bootstrap-2#111:FAIL-t1,INCONSISTENCY,nextIndex=0,followerCommit=-1,matchIndex=-1
2024-09-18 12:54:53,760 [grpc-default-executor-1] WARN  server.GrpcLogAppender (GrpcLogAppender.java:onNextImpl(519)) - omNode-1@group-0AAC5367B30E->omNode-bootstrap-2-AppendLogResponseHandler: received INCONSISTENCY reply with nextIndex 0, errorCount=1, request=AppendEntriesRequest:cid=111,entriesCount=0
2024-09-18 12:54:53,760 [omNode-1@group-0AAC5367B30E->omNode-bootstrap-2-GrpcLogAppender-LogAppenderDaemon] INFO  server.GrpcLogAppender (GrpcLogAppender.java:notifyInstallSnapshot(790)) - omNode-1@group-0AAC5367B30E->omNode-bootstrap-2-GrpcLogAppender: notifyInstallSnapshot with firstAvailable=(t:1, i:0), followerNextIndex=0
2024-09-18 12:54:53,760 [omNode-1@group-0AAC5367B30E->omNode-bootstrap-2-GrpcLogAppender-LogAppenderDaemon] INFO  server.GrpcLogAppender (GrpcLogAppender.java:notifyInstallSnapshot(798)) - omNode-1@group-0AAC5367B30E->omNode-bootstrap-2-GrpcLogAppender: send omNode-1->omNode-bootstrap-2#0-t1,notify:(t:1, i:0)
2024-09-18 12:54:53,761 [grpc-default-executor-1] INFO  impl.SnapshotInstallationHandler (SnapshotInstallationHandler.java:installSnapshot(92)) - omNode-bootstrap-2@group-0AAC5367B30E: receive installSnapshot: omNode-1->omNode-bootstrap-2#0-t1,notify:(t:1, i:0)
2024-09-18 12:54:53,761 [grpc-default-executor-1] INFO  impl.SnapshotInstallationHandler (SnapshotInstallationHandler.java:installSnapshotImpl(138)) - omNode-bootstrap-2@group-0AAC5367B30E: set new configuration configurationEntry {
  peers {
    id: "omNode-1"
    address: "localhost:15015"
    startupRole: FOLLOWER
  }
}
 from snapshot
2024-09-18 12:54:53,762 [grpc-default-executor-1] INFO  server.RaftServer$Division (ServerState.java:setRaftConf(386)) - omNode-bootstrap-2@group-0AAC5367B30E: set configuration conf: {index: 0, cur=peers:[omNode-1|localhost:15015]|listeners:[], old=null}
2024-09-18 12:54:53,762 [grpc-default-executor-1] INFO  ratis.OzoneManagerStateMachine (OzoneManagerStateMachine.java:notifyConfigurationChanged(216)) - Received Configuration change notification from Ratis. New Peer list:
[id: "omNode-1"
address: "localhost:15015"
startupRole: FOLLOWER
]
2024-09-18 12:54:53,763 [grpc-default-executor-1] INFO  impl.SnapshotInstallationHandler (SnapshotInstallationHandler.java:installSnapshot(103)) - omNode-bootstrap-2@group-0AAC5367B30E: reply installSnapshot: omNode-1<-omNode-bootstrap-2#0:FAIL-t1,IN_PROGRESS,snapshotIndex=0
2024-09-18 12:54:53,763 [grpc-default-executor-1] INFO  server.GrpcServerProtocolService (GrpcServerProtocolService.java:onCompleted(157)) - omNode-bootstrap-2: Completed INSTALL_SNAPSHOT, lastRequest: omNode-1->omNode-bootstrap-2#0-t1,notify:(t:1, i:0)
2024-09-18 12:54:53,763 [grpc-default-executor-1] INFO  server.GrpcServerProtocolService (GrpcServerProtocolService.java:lambda$onCompleted$5(159)) - omNode-bootstrap-2: Completed INSTALL_SNAPSHOT, lastReply: null
2024-09-18 12:54:53,763 [grpc-default-executor-4] INFO  server.GrpcLogAppender (GrpcLogAppender.java:onNext(649)) - omNode-1@group-0AAC5367B30E->omNode-bootstrap-2-InstallSnapshotResponseHandler: received a reply omNode-1<-omNode-bootstrap-2#0:FAIL-t1,IN_PROGRESS,snapshotIndex=0
2024-09-18 12:54:53,763 [grpc-default-executor-4] INFO  server.GrpcLogAppender (GrpcLogAppender.java:onNext(665)) - omNode-1@group-0AAC5367B30E->omNode-bootstrap-2-InstallSnapshotResponseHandler: InstallSnapshot in progress.
2024-09-18 12:54:53,764 [omNode-1@group-0AAC5367B30E->omNode-bootstrap-2-GrpcLogAppender-LogAppenderDaemon] INFO  server.GrpcLogAppender (GrpcLogAppender.java:notifyInstallSnapshot(790)) - omNode-1@group-0AAC5367B30E->omNode-bootstrap-2-GrpcLogAppender: notifyInstallSnapshot with firstAvailable=(t:1, i:0), followerNextIndex=0
2024-09-18 12:54:53,764 [omNode-1@group-0AAC5367B30E->omNode-bootstrap-2-GrpcLogAppender-LogAppenderDaemon] INFO  server.GrpcLogAppender (GrpcLogAppender.java:notifyInstallSnapshot(798)) - omNode-1@group-0AAC5367B30E->omNode-bootstrap-2-GrpcLogAppender: send omNode-1->omNode-bootstrap-2#0-t1,notify:(t:1, i:0)
2024-09-18 12:54:53,765 [omNode-bootstrap-2-server-thread1] INFO  server.RaftServer$Division (RaftServerImpl.java:checkInconsistentAppendEntries(1629)) - omNode-bootstrap-2@group-0AAC5367B30E: Failed appendEntries as snapshot (0) installation is in progress
2024-09-18 12:54:53,765 [omNode-bootstrap-2-server-thread1] INFO  server.RaftServer$Division (RaftServerImpl.java:appendEntriesAsync(1584)) - omNode-bootstrap-2@group-0AAC5367B30E: appendEntries* reply omNode-1<-omNode-bootstrap-2#112:FAIL-t1,INCONSISTENCY,nextIndex=0,followerCommit=-1,matchIndex=-1
2024-09-18 12:54:53,765 [grpc-default-executor-1] INFO  impl.SnapshotInstallationHandler (SnapshotInstallationHandler.java:installSnapshot(92)) - omNode-bootstrap-2@group-0AAC5367B30E: receive installSnapshot: omNode-1->omNode-bootstrap-2#0-t1,notify:(t:1, i:0)
2024-09-18 12:54:53,765 [grpc-default-executor-4] WARN  server.GrpcLogAppender (GrpcLogAppender.java:onNextImpl(519)) - omNode-1@group-0AAC5367B30E->omNode-bootstrap-2-AppendLogResponseHandler: received INCONSISTENCY reply with nextIndex 0, errorCount=1, request=AppendEntriesRequest:cid=112,entriesCount=0
2024-09-18 12:54:53,765 [grpc-default-executor-1] INFO  impl.SnapshotInstallationHandler (SnapshotInstallationHandler.java:installSnapshotImpl(138)) - omNode-bootstrap-2@group-0AAC5367B30E: set new configuration configurationEntry {
  peers {
    id: "omNode-1"
    address: "localhost:15015"
    startupRole: FOLLOWER
  }
}
 from snapshot
2024-09-18 12:54:53,765 [grpc-default-executor-1] INFO  server.RaftServer$Division (ServerState.java:setRaftConf(386)) - omNode-bootstrap-2@group-0AAC5367B30E: set configuration conf: {index: 0, cur=peers:[omNode-1|localhost:15015]|listeners:[], old=null}
2024-09-18 12:54:53,766 [grpc-default-executor-1] INFO  ratis.OzoneManagerStateMachine (OzoneManagerStateMachine.java:notifyConfigurationChanged(216)) - Received Configuration change notification from Ratis. New Peer list:
[id: "omNode-1"
address: "localhost:15015"
startupRole: FOLLOWER
]
2024-09-18 12:54:53,766 [grpc-default-executor-1] INFO  impl.SnapshotInstallationHandler (SnapshotInstallationHandler.java:installSnapshot(103)) - omNode-bootstrap-2@group-0AAC5367B30E: reply installSnapshot: omNode-1<-omNode-bootstrap-2#0:FAIL-t1,IN_PROGRESS,snapshotIndex=0
2024-09-18 12:54:53,766 [grpc-default-executor-1] INFO  server.GrpcServerProtocolService (GrpcServerProtocolService.java:onCompleted(157)) - omNode-bootstrap-2: Completed INSTALL_SNAPSHOT, lastRequest: omNode-1->omNode-bootstrap-2#0-t1,notify:(t:1, i:0)
2024-09-18 12:54:53,766 [grpc-default-executor-1] INFO  server.GrpcServerProtocolService (GrpcServerProtocolService.java:lambda$onCompleted$5(159)) - omNode-bootstrap-2: Completed INSTALL_SNAPSHOT, lastReply: null
2024-09-18 12:54:53,767 [grpc-default-executor-1] INFO  server.GrpcLogAppender (GrpcLogAppender.java:onNext(649)) - omNode-1@group-0AAC5367B30E->omNode-bootstrap-2-InstallSnapshotResponseHandler: received a reply omNode-1<-omNode-bootstrap-2#0:FAIL-t1,IN_PROGRESS,snapshotIndex=0
2024-09-18 12:54:53,767 [grpc-default-executor-1] INFO  server.GrpcLogAppender (GrpcLogAppender.java:onNext(665)) - omNode-1@group-0AAC5367B30E->omNode-bootstrap-2-InstallSnapshotResponseHandler: InstallSnapshot in progress.
2024-09-18 12:54:53,767 [omNode-1@group-0AAC5367B30E->omNode-bootstrap-2-GrpcLogAppender-LogAppenderDaemon] INFO  server.GrpcLogAppender (GrpcLogAppender.java:notifyInstallSnapshot(790)) - omNode-1@group-0AAC5367B30E->omNode-bootstrap-2-GrpcLogAppender: notifyInstallSnapshot with firstAvailable=(t:1, i:0), followerNextIndex=0
2024-09-18 12:54:53,767 [omNode-1@group-0AAC5367B30E->omNode-bootstrap-2-GrpcLogAppender-LogAppenderDaemon] INFO  server.GrpcLogAppender (GrpcLogAppender.java:notifyInstallSnapshot(798)) - omNode-1@group-0AAC5367B30E->omNode-bootstrap-2-GrpcLogAppender: send omNode-1->omNode-bootstrap-2#0-t1,notify:(t:1, i:0)
2024-09-18 12:54:53,768 [omNode-bootstrap-2-server-thread1] INFO  server.RaftServer$Division (RaftServerImpl.java:checkInconsistentAppendEntries(1629)) - omNode-bootstrap-2@group-0AAC5367B30E: Failed appendEntries as snapshot (0) installation is in progress
2024-09-18 12:54:53,768 [omNode-bootstrap-2-server-thread1] INFO  server.RaftServer$Division (RaftServerImpl.java:appendEntriesAsync(1584)) - omNode-bootstrap-2@group-0AAC5367B30E: appendEntries* reply omNode-1<-omNode-bootstrap-2#113:FAIL-t1,INCONSISTENCY,nextIndex=0,followerCommit=-1,matchIndex=-1
2024-09-18 12:54:53,768 [grpc-default-executor-4] WARN  server.GrpcLogAppender (GrpcLogAppender.java:onNextImpl(519)) - omNode-1@group-0AAC5367B30E->omNode-bootstrap-2-AppendLogResponseHandler: received INCONSISTENCY reply with nextIndex 0, errorCount=1, request=AppendEntriesRequest:cid=113,entriesCount=0
2024-09-18 12:54:53,769 [grpc-default-executor-4] INFO  impl.SnapshotInstallationHandler (SnapshotInstallationHandler.java:installSnapshot(92)) - omNode-bootstrap-2@group-0AAC5367B30E: receive installSnapshot: omNode-1->omNode-bootstrap-2#0-t1,notify:(t:1, i:0)
2024-09-18 12:54:53,769 [grpc-default-executor-4] INFO  impl.SnapshotInstallationHandler (SnapshotInstallationHandler.java:installSnapshotImpl(138)) - omNode-bootstrap-2@group-0AAC5367B30E: set new configuration configurationEntry {
  peers {
    id: "omNode-1"
    address: "localhost:15015"
    startupRole: FOLLOWER
  }
}
 from snapshot
2024-09-18 12:54:53,769 [grpc-default-executor-4] INFO  server.RaftServer$Division (ServerState.java:setRaftConf(386)) - omNode-bootstrap-2@group-0AAC5367B30E: set configuration conf: {index: 0, cur=peers:[omNode-1|localhost:15015]|listeners:[], old=null}
2024-09-18 12:54:53,770 [grpc-default-executor-4] INFO  ratis.OzoneManagerStateMachine (OzoneManagerStateMachine.java:notifyConfigurationChanged(216)) - Received Configuration change notification from Ratis. New Peer list:
[id: "omNode-1"
address: "localhost:15015"
startupRole: FOLLOWER
]
2024-09-18 12:54:53,770 [grpc-default-executor-4] INFO  impl.SnapshotInstallationHandler (SnapshotInstallationHandler.java:installSnapshot(103)) - omNode-bootstrap-2@group-0AAC5367B30E: reply installSnapshot: omNode-1<-omNode-bootstrap-2#0:FAIL-t1,IN_PROGRESS,snapshotIndex=0
2024-09-18 12:54:53,770 [grpc-default-executor-4] INFO  server.GrpcServerProtocolService (GrpcServerProtocolService.java:onCompleted(157)) - omNode-bootstrap-2: Completed INSTALL_SNAPSHOT, lastRequest: omNode-1->omNode-bootstrap-2#0-t1,notify:(t:1, i:0)
2024-09-18 12:54:53,770 [grpc-default-executor-4] INFO  server.GrpcServerProtocolService (GrpcServerProtocolService.java:lambda$onCompleted$5(159)) - omNode-bootstrap-2: Completed INSTALL_SNAPSHOT, lastReply: null
2024-09-18 12:54:53,771 [grpc-default-executor-3] INFO  server.GrpcLogAppender (GrpcLogAppender.java:onNext(649)) - omNode-1@group-0AAC5367B30E->omNode-bootstrap-2-InstallSnapshotResponseHandler: received a reply omNode-1<-omNode-bootstrap-2#0:FAIL-t1,IN_PROGRESS,snapshotIndex=0
2024-09-18 12:54:53,771 [grpc-default-executor-3] INFO  server.GrpcLogAppender (GrpcLogAppender.java:onNext(665)) - omNode-1@group-0AAC5367B30E->omNode-bootstrap-2-InstallSnapshotResponseHandler: InstallSnapshot in progress.
2024-09-18 12:54:53,771 [omNode-1@group-0AAC5367B30E->omNode-bootstrap-2-GrpcLogAppender-LogAppenderDaemon] INFO  server.GrpcLogAppender (GrpcLogAppender.java:notifyInstallSnapshot(790)) - omNode-1@group-0AAC5367B30E->omNode-bootstrap-2-GrpcLogAppender: notifyInstallSnapshot with firstAvailable=(t:1, i:0), followerNextIndex=0
2024-09-18 12:54:53,771 [omNode-1@group-0AAC5367B30E->omNode-bootstrap-2-GrpcLogAppender-LogAppenderDaemon] INFO  server.GrpcLogAppender (GrpcLogAppender.java:notifyInstallSnapshot(798)) - omNode-1@group-0AAC5367B30E->omNode-bootstrap-2-GrpcLogAppender: send omNode-1->omNode-bootstrap-2#0-t1,notify:(t:1, i:0)
2024-09-18 12:54:53,773 [grpc-default-executor-1] INFO  impl.SnapshotInstallationHandler (SnapshotInstallationHandler.java:installSnapshot(92)) - omNode-bootstrap-2@group-0AAC5367B30E: receive installSnapshot: omNode-1->omNode-bootstrap-2#0-t1,notify:(t:1, i:0)
2024-09-18 12:54:53,773 [omNode-bootstrap-2-server-thread1] INFO  server.RaftServer$Division (RaftServerImpl.java:checkInconsistentAppendEntries(1629)) - omNode-bootstrap-2@group-0AAC5367B30E: Failed appendEntries as snapshot (0) installation is in progress
2024-09-18 12:54:53,773 [omNode-bootstrap-2-server-thread1] INFO  server.RaftServer$Division (RaftServerImpl.java:appendEntriesAsync(1584)) - omNode-bootstrap-2@group-0AAC5367B30E: appendEntries* reply omNode-1<-omNode-bootstrap-2#114:FAIL-t1,INCONSISTENCY,nextIndex=0,followerCommit=-1,matchIndex=-1
2024-09-18 12:54:53,773 [grpc-default-executor-1] INFO  impl.SnapshotInstallationHandler (SnapshotInstallationHandler.java:installSnapshotImpl(138)) - omNode-bootstrap-2@group-0AAC5367B30E: set new configuration configurationEntry {
  peers {
    id: "omNode-1"
    address: "localhost:15015"
    startupRole: FOLLOWER
  }
}
 from snapshot
2024-09-18 12:54:53,773 [grpc-default-executor-1] INFO  server.RaftServer$Division (ServerState.java:setRaftConf(386)) - omNode-bootstrap-2@group-0AAC5367B30E: set configuration conf: {index: 0, cur=peers:[omNode-1|localhost:15015]|listeners:[], old=null}
2024-09-18 12:54:53,774 [grpc-default-executor-3] WARN  server.GrpcLogAppender (GrpcLogAppender.java:onNextImpl(519)) - omNode-1@group-0AAC5367B30E->omNode-bootstrap-2-AppendLogResponseHandler: received INCONSISTENCY reply with nextIndex 0, errorCount=1, request=AppendEntriesRequest:cid=114,entriesCount=0
2024-09-18 12:54:53,774 [grpc-default-executor-1] INFO  ratis.OzoneManagerStateMachine (OzoneManagerStateMachine.java:notifyConfigurationChanged(216)) - Received Configuration change notification from Ratis. New Peer list:
[id: "omNode-1"
address: "localhost:15015"
startupRole: FOLLOWER
]
2024-09-18 12:54:53,775 [grpc-default-executor-1] INFO  impl.SnapshotInstallationHandler (SnapshotInstallationHandler.java:installSnapshot(103)) - omNode-bootstrap-2@group-0AAC5367B30E: reply installSnapshot: omNode-1<-omNode-bootstrap-2#0:FAIL-t1,IN_PROGRESS,snapshotIndex=0
2024-09-18 12:54:53,775 [grpc-default-executor-1] INFO  server.GrpcServerProtocolService (GrpcServerProtocolService.java:onCompleted(157)) - omNode-bootstrap-2: Completed INSTALL_SNAPSHOT, lastRequest: omNode-1->omNode-bootstrap-2#0-t1,notify:(t:1, i:0)
2024-09-18 12:54:53,775 [grpc-default-executor-1] INFO  server.GrpcServerProtocolService (GrpcServerProtocolService.java:lambda$onCompleted$5(159)) - omNode-bootstrap-2: Completed INSTALL_SNAPSHOT, lastReply: null
2024-09-18 12:54:53,775 [grpc-default-executor-3] INFO  server.GrpcLogAppender (GrpcLogAppender.java:onNext(649)) - omNode-1@group-0AAC5367B30E->omNode-bootstrap-2-InstallSnapshotResponseHandler: received a reply omNode-1<-omNode-bootstrap-2#0:FAIL-t1,IN_PROGRESS,snapshotIndex=0
2024-09-18 12:54:53,775 [grpc-default-executor-3] INFO  server.GrpcLogAppender (GrpcLogAppender.java:onNext(665)) - omNode-1@group-0AAC5367B30E->omNode-bootstrap-2-InstallSnapshotResponseHandler: InstallSnapshot in progress.
2024-09-18 12:54:53,776 [omNode-1@group-0AAC5367B30E->omNode-bootstrap-2-GrpcLogAppender-LogAppenderDaemon] INFO  server.GrpcLogAppender (GrpcLogAppender.java:notifyInstallSnapshot(790)) - omNode-1@group-0AAC5367B30E->omNode-bootstrap-2-GrpcLogAppender: notifyInstallSnapshot with firstAvailable=(t:1, i:0), followerNextIndex=0
2024-09-18 12:54:53,776 [omNode-1@group-0AAC5367B30E->omNode-bootstrap-2-GrpcLogAppender-LogAppenderDaemon] INFO  server.GrpcLogAppender (GrpcLogAppender.java:notifyInstallSnapshot(798)) - omNode-1@group-0AAC5367B30E->omNode-bootstrap-2-GrpcLogAppender: send omNode-1->omNode-bootstrap-2#0-t1,notify:(t:1, i:0)
2024-09-18 12:54:53,777 [omNode-bootstrap-2-server-thread1] INFO  server.RaftServer$Division (RaftServerImpl.java:checkInconsistentAppendEntries(1629)) - omNode-bootstrap-2@group-0AAC5367B30E: Failed appendEntries as snapshot (0) installation is in progress
2024-09-18 12:54:53,777 [grpc-default-executor-1] INFO  impl.SnapshotInstallationHandler (SnapshotInstallationHandler.java:installSnapshot(92)) - omNode-bootstrap-2@group-0AAC5367B30E: receive installSnapshot: omNode-1->omNode-bootstrap-2#0-t1,notify:(t:1, i:0)
2024-09-18 12:54:53,777 [omNode-bootstrap-2-server-thread1] INFO  server.RaftServer$Division (RaftServerImpl.java:appendEntriesAsync(1584)) - omNode-bootstrap-2@group-0AAC5367B30E: appendEntries* reply omNode-1<-omNode-bootstrap-2#115:FAIL-t1,INCONSISTENCY,nextIndex=0,followerCommit=-1,matchIndex=-1
2024-09-18 12:54:53,777 [grpc-default-executor-1] INFO  impl.SnapshotInstallationHandler (SnapshotInstallationHandler.java:installSnapshotImpl(138)) - omNode-bootstrap-2@group-0AAC5367B30E: set new configuration configurationEntry {
  peers {
    id: "omNode-1"
    address: "localhost:15015"
    startupRole: FOLLOWER
  }
}
 from snapshot
2024-09-18 12:54:53,777 [grpc-default-executor-1] INFO  server.RaftServer$Division (ServerState.java:setRaftConf(386)) - omNode-bootstrap-2@group-0AAC5367B30E: set configuration conf: {index: 0, cur=peers:[omNode-1|localhost:15015]|listeners:[], old=null}
2024-09-18 12:54:53,778 [grpc-default-executor-3] WARN  server.GrpcLogAppender (GrpcLogAppender.java:onNextImpl(519)) - omNode-1@group-0AAC5367B30E->omNode-bootstrap-2-AppendLogResponseHandler: received INCONSISTENCY reply with nextIndex 0, errorCount=1, request=AppendEntriesRequest:cid=115,entriesCount=0
2024-09-18 12:54:53,778 [grpc-default-executor-1] INFO  ratis.OzoneManagerStateMachine (OzoneManagerStateMachine.java:notifyConfigurationChanged(216)) - Received Configuration change notification from Ratis. New Peer list:
[id: "omNode-1"
address: "localhost:15015"
startupRole: FOLLOWER
]
2024-09-18 12:54:53,779 [grpc-default-executor-1] INFO  impl.SnapshotInstallationHandler (SnapshotInstallationHandler.java:installSnapshot(103)) - omNode-bootstrap-2@group-0AAC5367B30E: reply installSnapshot: omNode-1<-omNode-bootstrap-2#0:FAIL-t1,IN_PROGRESS,snapshotIndex=0
2024-09-18 12:54:53,779 [grpc-default-executor-1] INFO  server.GrpcServerProtocolService (GrpcServerProtocolService.java:onCompleted(157)) - omNode-bootstrap-2: Completed INSTALL_SNAPSHOT, lastRequest: omNode-1->omNode-bootstrap-2#0-t1,notify:(t:1, i:0)
2024-09-18 12:54:53,779 [grpc-default-executor-1] INFO  server.GrpcServerProtocolService (GrpcServerProtocolService.java:lambda$onCompleted$5(159)) - omNode-bootstrap-2: Completed INSTALL_SNAPSHOT, lastReply: null
2024-09-18 12:54:53,779 [grpc-default-executor-1] INFO  server.GrpcLogAppender (GrpcLogAppender.java:onNext(649)) - omNode-1@group-0AAC5367B30E->omNode-bootstrap-2-InstallSnapshotResponseHandler: received a reply omNode-1<-omNode-bootstrap-2#0:FAIL-t1,IN_PROGRESS,snapshotIndex=0
2024-09-18 12:54:53,779 [grpc-default-executor-1] INFO  server.GrpcLogAppender (GrpcLogAppender.java:onNext(665)) - omNode-1@group-0AAC5367B30E->omNode-bootstrap-2-InstallSnapshotResponseHandler: InstallSnapshot in progress.
2024-09-18 12:54:53,780 [omNode-bootstrap-2-server-thread1] INFO  server.RaftServer$Division (RaftServerImpl.java:checkInconsistentAppendEntries(1629)) - omNode-bootstrap-2@group-0AAC5367B30E: Failed appendEntries as snapshot (0) installation is in progress
2024-09-18 12:54:53,780 [omNode-bootstrap-2-server-thread1] INFO  server.RaftServer$Division (RaftServerImpl.java:appendEntriesAsync(1584)) - omNode-bootstrap-2@group-0AAC5367B30E: appendEntries* reply omNode-1<-omNode-bootstrap-2#116:FAIL-t1,INCONSISTENCY,nextIndex=0,followerCommit=-1,matchIndex=-1
2024-09-18 12:54:53,780 [grpc-default-executor-1] WARN  server.GrpcLogAppender (GrpcLogAppender.java:onNextImpl(519)) - omNode-1@group-0AAC5367B30E->omNode-bootstrap-2-AppendLogResponseHandler: received INCONSISTENCY reply with nextIndex 0, errorCount=1, request=AppendEntriesRequest:cid=116,entriesCount=0
2024-09-18 12:54:53,781 [omNode-1@group-0AAC5367B30E->omNode-bootstrap-2-GrpcLogAppender-LogAppenderDaemon] INFO  server.GrpcLogAppender (GrpcLogAppender.java:notifyInstallSnapshot(790)) - omNode-1@group-0AAC5367B30E->omNode-bootstrap-2-GrpcLogAppender: notifyInstallSnapshot with firstAvailable=(t:1, i:0), followerNextIndex=0
2024-09-18 12:54:53,781 [omNode-1@group-0AAC5367B30E->omNode-bootstrap-2-GrpcLogAppender-LogAppenderDaemon] INFO  server.GrpcLogAppender (GrpcLogAppender.java:notifyInstallSnapshot(798)) - omNode-1@group-0AAC5367B30E->omNode-bootstrap-2-GrpcLogAppender: send omNode-1->omNode-bootstrap-2#0-t1,notify:(t:1, i:0)
2024-09-18 12:54:53,782 [grpc-default-executor-3] INFO  impl.SnapshotInstallationHandler (SnapshotInstallationHandler.java:installSnapshot(92)) - omNode-bootstrap-2@group-0AAC5367B30E: receive installSnapshot: omNode-1->omNode-bootstrap-2#0-t1,notify:(t:1, i:0)
2024-09-18 12:54:53,782 [grpc-default-executor-3] INFO  impl.SnapshotInstallationHandler (SnapshotInstallationHandler.java:installSnapshotImpl(138)) - omNode-bootstrap-2@group-0AAC5367B30E: set new configuration configurationEntry {
  peers {
    id: "omNode-1"
    address: "localhost:15015"
    startupRole: FOLLOWER
  }
}
 from snapshot
2024-09-18 12:54:53,782 [grpc-default-executor-3] INFO  server.RaftServer$Division (ServerState.java:setRaftConf(386)) - omNode-bootstrap-2@group-0AAC5367B30E: set configuration conf: {index: 0, cur=peers:[omNode-1|localhost:15015]|listeners:[], old=null}
2024-09-18 12:54:53,783 [grpc-default-executor-3] INFO  ratis.OzoneManagerStateMachine (OzoneManagerStateMachine.java:notifyConfigurationChanged(216)) - Received Configuration change notification from Ratis. New Peer list:
[id: "omNode-1"
address: "localhost:15015"
startupRole: FOLLOWER
]
2024-09-18 12:54:53,783 [grpc-default-executor-3] INFO  impl.SnapshotInstallationHandler (SnapshotInstallationHandler.java:installSnapshot(103)) - omNode-bootstrap-2@group-0AAC5367B30E: reply installSnapshot: omNode-1<-omNode-bootstrap-2#0:FAIL-t1,IN_PROGRESS,snapshotIndex=0
2024-09-18 12:54:53,783 [grpc-default-executor-3] INFO  server.GrpcServerProtocolService (GrpcServerProtocolService.java:onCompleted(157)) - omNode-bootstrap-2: Completed INSTALL_SNAPSHOT, lastRequest: omNode-1->omNode-bootstrap-2#0-t1,notify:(t:1, i:0)
2024-09-18 12:54:53,783 [grpc-default-executor-3] INFO  server.GrpcServerProtocolService (GrpcServerProtocolService.java:lambda$onCompleted$5(159)) - omNode-bootstrap-2: Completed INSTALL_SNAPSHOT, lastReply: null
2024-09-18 12:54:53,784 [grpc-default-executor-3] INFO  server.GrpcLogAppender (GrpcLogAppender.java:onNext(649)) - omNode-1@group-0AAC5367B30E->omNode-bootstrap-2-InstallSnapshotResponseHandler: received a reply omNode-1<-omNode-bootstrap-2#0:FAIL-t1,IN_PROGRESS,snapshotIndex=0
2024-09-18 12:54:53,784 [grpc-default-executor-3] INFO  server.GrpcLogAppender (GrpcLogAppender.java:onNext(665)) - omNode-1@group-0AAC5367B30E->omNode-bootstrap-2-InstallSnapshotResponseHandler: InstallSnapshot in progress.
2024-09-18 12:54:53,785 [omNode-bootstrap-2-server-thread1] INFO  server.RaftServer$Division (RaftServerImpl.java:checkInconsistentAppendEntries(1629)) - omNode-bootstrap-2@group-0AAC5367B30E: Failed appendEntries as snapshot (0) installation is in progress
2024-09-18 12:54:53,785 [omNode-bootstrap-2-server-thread1] INFO  server.RaftServer$Division (RaftServerImpl.java:appendEntriesAsync(1584)) - omNode-bootstrap-2@group-0AAC5367B30E: appendEntries* reply omNode-1<-omNode-bootstrap-2#117:FAIL-t1,INCONSISTENCY,nextIndex=0,followerCommit=-1,matchIndex=-1
2024-09-18 12:54:53,786 [grpc-default-executor-3] WARN  server.GrpcLogAppender (GrpcLogAppender.java:onNextImpl(519)) - omNode-1@group-0AAC5367B30E->omNode-bootstrap-2-AppendLogResponseHandler: received INCONSISTENCY reply with nextIndex 0, errorCount=1, request=AppendEntriesRequest:cid=117,entriesCount=0
2024-09-18 12:54:53,786 [omNode-1@group-0AAC5367B30E->omNode-bootstrap-2-GrpcLogAppender-LogAppenderDaemon] INFO  server.GrpcLogAppender (GrpcLogAppender.java:notifyInstallSnapshot(790)) - omNode-1@group-0AAC5367B30E->omNode-bootstrap-2-GrpcLogAppender: notifyInstallSnapshot with firstAvailable=(t:1, i:0), followerNextIndex=0
2024-09-18 12:54:53,786 [omNode-1@group-0AAC5367B30E->omNode-bootstrap-2-GrpcLogAppender-LogAppenderDaemon] INFO  server.GrpcLogAppender (GrpcLogAppender.java:notifyInstallSnapshot(798)) - omNode-1@group-0AAC5367B30E->omNode-bootstrap-2-GrpcLogAppender: send omNode-1->omNode-bootstrap-2#0-t1,notify:(t:1, i:0)
2024-09-18 12:54:53,787 [grpc-default-executor-1] INFO  impl.SnapshotInstallationHandler (SnapshotInstallationHandler.java:installSnapshot(92)) - omNode-bootstrap-2@group-0AAC5367B30E: receive installSnapshot: omNode-1->omNode-bootstrap-2#0-t1,notify:(t:1, i:0)
2024-09-18 12:54:53,787 [grpc-default-executor-1] INFO  impl.SnapshotInstallationHandler (SnapshotInstallationHandler.java:installSnapshotImpl(138)) - omNode-bootstrap-2@group-0AAC5367B30E: set new configuration configurationEntry {
  peers {
    id: "omNode-1"
    address: "localhost:15015"
    startupRole: FOLLOWER
  }
}
 from snapshot
2024-09-18 12:54:53,787 [grpc-default-executor-1] INFO  server.RaftServer$Division (ServerState.java:setRaftConf(386)) - omNode-bootstrap-2@group-0AAC5367B30E: set configuration conf: {index: 0, cur=peers:[omNode-1|localhost:15015]|listeners:[], old=null}
2024-09-18 12:54:53,788 [grpc-default-executor-1] INFO  ratis.OzoneManagerStateMachine (OzoneManagerStateMachine.java:notifyConfigurationChanged(216)) - Received Configuration change notification from Ratis. New Peer list:
[id: "omNode-1"
address: "localhost:15015"
startupRole: FOLLOWER
]
2024-09-18 12:54:53,788 [grpc-default-executor-1] INFO  impl.SnapshotInstallationHandler (SnapshotInstallationHandler.java:installSnapshot(103)) - omNode-bootstrap-2@group-0AAC5367B30E: reply installSnapshot: omNode-1<-omNode-bootstrap-2#0:FAIL-t1,IN_PROGRESS,snapshotIndex=0
2024-09-18 12:54:53,788 [grpc-default-executor-1] INFO  server.GrpcServerProtocolService (GrpcServerProtocolService.java:onCompleted(157)) - omNode-bootstrap-2: Completed INSTALL_SNAPSHOT, lastRequest: omNode-1->omNode-bootstrap-2#0-t1,notify:(t:1, i:0)
2024-09-18 12:54:53,788 [grpc-default-executor-1] INFO  server.GrpcServerProtocolService (GrpcServerProtocolService.java:lambda$onCompleted$5(159)) - omNode-bootstrap-2: Completed INSTALL_SNAPSHOT, lastReply: null
2024-09-18 12:54:53,789 [grpc-default-executor-3] INFO  server.GrpcLogAppender (GrpcLogAppender.java:onNext(649)) - omNode-1@group-0AAC5367B30E->omNode-bootstrap-2-InstallSnapshotResponseHandler: received a reply omNode-1<-omNode-bootstrap-2#0:FAIL-t1,IN_PROGRESS,snapshotIndex=0
2024-09-18 12:54:53,789 [grpc-default-executor-3] INFO  server.GrpcLogAppender (GrpcLogAppender.java:onNext(665)) - omNode-1@group-0AAC5367B30E->omNode-bootstrap-2-InstallSnapshotResponseHandler: InstallSnapshot in progress.
2024-09-18 12:54:53,790 [omNode-bootstrap-2-server-thread1] INFO  server.RaftServer$Division (RaftServerImpl.java:checkInconsistentAppendEntries(1629)) - omNode-bootstrap-2@group-0AAC5367B30E: Failed appendEntries as snapshot (0) installation is in progress
2024-09-18 12:54:53,790 [omNode-bootstrap-2-server-thread1] INFO  server.RaftServer$Division (RaftServerImpl.java:appendEntriesAsync(1584)) - omNode-bootstrap-2@group-0AAC5367B30E: appendEntries* reply omNode-1<-omNode-bootstrap-2#118:FAIL-t1,INCONSISTENCY,nextIndex=0,followerCommit=-1,matchIndex=-1
2024-09-18 12:54:53,790 [grpc-default-executor-3] WARN  server.GrpcLogAppender (GrpcLogAppender.java:onNextImpl(519)) - omNode-1@group-0AAC5367B30E->omNode-bootstrap-2-AppendLogResponseHandler: received INCONSISTENCY reply with nextIndex 0, errorCount=1, request=AppendEntriesRequest:cid=118,entriesCount=0
2024-09-18 12:54:53,790 [omNode-1@group-0AAC5367B30E->omNode-bootstrap-2-GrpcLogAppender-LogAppenderDaemon] INFO  server.GrpcLogAppender (GrpcLogAppender.java:notifyInstallSnapshot(790)) - omNode-1@group-0AAC5367B30E->omNode-bootstrap-2-GrpcLogAppender: notifyInstallSnapshot with firstAvailable=(t:1, i:0), followerNextIndex=0
2024-09-18 12:54:53,790 [omNode-1@group-0AAC5367B30E->omNode-bootstrap-2-GrpcLogAppender-LogAppenderDaemon] INFO  server.GrpcLogAppender (GrpcLogAppender.java:notifyInstallSnapshot(798)) - omNode-1@group-0AAC5367B30E->omNode-bootstrap-2-GrpcLogAppender: send omNode-1->omNode-bootstrap-2#0-t1,notify:(t:1, i:0)
2024-09-18 12:54:53,791 [grpc-default-executor-1] INFO  impl.SnapshotInstallationHandler (SnapshotInstallationHandler.java:installSnapshot(92)) - omNode-bootstrap-2@group-0AAC5367B30E: receive installSnapshot: omNode-1->omNode-bootstrap-2#0-t1,notify:(t:1, i:0)
2024-09-18 12:54:53,791 [grpc-default-executor-1] INFO  impl.SnapshotInstallationHandler (SnapshotInstallationHandler.java:installSnapshotImpl(138)) - omNode-bootstrap-2@group-0AAC5367B30E: set new configuration configurationEntry {
  peers {
    id: "omNode-1"
    address: "localhost:15015"
    startupRole: FOLLOWER
  }
}
 from snapshot
2024-09-18 12:54:53,791 [grpc-default-executor-1] INFO  server.RaftServer$Division (ServerState.java:setRaftConf(386)) - omNode-bootstrap-2@group-0AAC5367B30E: set configuration conf: {index: 0, cur=peers:[omNode-1|localhost:15015]|listeners:[], old=null}
2024-09-18 12:54:53,792 [grpc-default-executor-1] INFO  ratis.OzoneManagerStateMachine (OzoneManagerStateMachine.java:notifyConfigurationChanged(216)) - Received Configuration change notification from Ratis. New Peer list:
[id: "omNode-1"
address: "localhost:15015"
startupRole: FOLLOWER
]
2024-09-18 12:54:53,792 [grpc-default-executor-1] INFO  impl.SnapshotInstallationHandler (SnapshotInstallationHandler.java:installSnapshot(103)) - omNode-bootstrap-2@group-0AAC5367B30E: reply installSnapshot: omNode-1<-omNode-bootstrap-2#0:FAIL-t1,IN_PROGRESS,snapshotIndex=0
2024-09-18 12:54:53,793 [grpc-default-executor-1] INFO  server.GrpcServerProtocolService (GrpcServerProtocolService.java:onCompleted(157)) - omNode-bootstrap-2: Completed INSTALL_SNAPSHOT, lastRequest: omNode-1->omNode-bootstrap-2#0-t1,notify:(t:1, i:0)
2024-09-18 12:54:53,793 [grpc-default-executor-1] INFO  server.GrpcServerProtocolService (GrpcServerProtocolService.java:lambda$onCompleted$5(159)) - omNode-bootstrap-2: Completed INSTALL_SNAPSHOT, lastReply: null
2024-09-18 12:54:53,793 [grpc-default-executor-3] INFO  server.GrpcLogAppender (GrpcLogAppender.java:onNext(649)) - omNode-1@group-0AAC5367B30E->omNode-bootstrap-2-InstallSnapshotResponseHandler: received a reply omNode-1<-omNode-bootstrap-2#0:FAIL-t1,IN_PROGRESS,snapshotIndex=0
2024-09-18 12:54:53,793 [grpc-default-executor-3] INFO  server.GrpcLogAppender (GrpcLogAppender.java:onNext(665)) - omNode-1@group-0AAC5367B30E->omNode-bootstrap-2-InstallSnapshotResponseHandler: InstallSnapshot in progress.
2024-09-18 12:54:53,794 [omNode-bootstrap-2-server-thread1] INFO  server.RaftServer$Division (RaftServerImpl.java:checkInconsistentAppendEntries(1629)) - omNode-bootstrap-2@group-0AAC5367B30E: Failed appendEntries as snapshot (0) installation is in progress
2024-09-18 12:54:53,794 [omNode-bootstrap-2-server-thread1] INFO  server.RaftServer$Division (RaftServerImpl.java:appendEntriesAsync(1584)) - omNode-bootstrap-2@group-0AAC5367B30E: appendEntries* reply omNode-1<-omNode-bootstrap-2#119:FAIL-t1,INCONSISTENCY,nextIndex=0,followerCommit=-1,matchIndex=-1
2024-09-18 12:54:53,794 [grpc-default-executor-3] WARN  server.GrpcLogAppender (GrpcLogAppender.java:onNextImpl(519)) - omNode-1@group-0AAC5367B30E->omNode-bootstrap-2-AppendLogResponseHandler: received INCONSISTENCY reply with nextIndex 0, errorCount=1, request=AppendEntriesRequest:cid=119,entriesCount=0
2024-09-18 12:54:53,795 [omNode-1@group-0AAC5367B30E->omNode-bootstrap-2-GrpcLogAppender-LogAppenderDaemon] INFO  server.GrpcLogAppender (GrpcLogAppender.java:notifyInstallSnapshot(790)) - omNode-1@group-0AAC5367B30E->omNode-bootstrap-2-GrpcLogAppender: notifyInstallSnapshot with firstAvailable=(t:1, i:0), followerNextIndex=0
2024-09-18 12:54:53,795 [omNode-1@group-0AAC5367B30E->omNode-bootstrap-2-GrpcLogAppender-LogAppenderDaemon] INFO  server.GrpcLogAppender (GrpcLogAppender.java:notifyInstallSnapshot(798)) - omNode-1@group-0AAC5367B30E->omNode-bootstrap-2-GrpcLogAppender: send omNode-1->omNode-bootstrap-2#0-t1,notify:(t:1, i:0)
2024-09-18 12:54:53,796 [grpc-default-executor-1] INFO  impl.SnapshotInstallationHandler (SnapshotInstallationHandler.java:installSnapshot(92)) - omNode-bootstrap-2@group-0AAC5367B30E: receive installSnapshot: omNode-1->omNode-bootstrap-2#0-t1,notify:(t:1, i:0)
2024-09-18 12:54:53,796 [grpc-default-executor-1] INFO  impl.SnapshotInstallationHandler (SnapshotInstallationHandler.java:installSnapshotImpl(138)) - omNode-bootstrap-2@group-0AAC5367B30E: set new configuration configurationEntry {
  peers {
    id: "omNode-1"
    address: "localhost:15015"
    startupRole: FOLLOWER
  }
}
 from snapshot
2024-09-18 12:54:53,796 [grpc-default-executor-1] INFO  server.RaftServer$Division (ServerState.java:setRaftConf(386)) - omNode-bootstrap-2@group-0AAC5367B30E: set configuration conf: {index: 0, cur=peers:[omNode-1|localhost:15015]|listeners:[], old=null}
2024-09-18 12:54:53,797 [grpc-default-executor-1] INFO  ratis.OzoneManagerStateMachine (OzoneManagerStateMachine.java:notifyConfigurationChanged(216)) - Received Configuration change notification from Ratis. New Peer list:
[id: "omNode-1"
address: "localhost:15015"
startupRole: FOLLOWER
]
2024-09-18 12:54:53,797 [grpc-default-executor-1] INFO  impl.SnapshotInstallationHandler (SnapshotInstallationHandler.java:installSnapshot(103)) - omNode-bootstrap-2@group-0AAC5367B30E: reply installSnapshot: omNode-1<-omNode-bootstrap-2#0:FAIL-t1,IN_PROGRESS,snapshotIndex=0
2024-09-18 12:54:53,797 [grpc-default-executor-1] INFO  server.GrpcServerProtocolService (GrpcServerProtocolService.java:onCompleted(157)) - omNode-bootstrap-2: Completed INSTALL_SNAPSHOT, lastRequest: omNode-1->omNode-bootstrap-2#0-t1,notify:(t:1, i:0)
2024-09-18 12:54:53,797 [grpc-default-executor-1] INFO  server.GrpcServerProtocolService (GrpcServerProtocolService.java:lambda$onCompleted$5(159)) - omNode-bootstrap-2: Completed INSTALL_SNAPSHOT, lastReply: null
2024-09-18 12:54:53,798 [grpc-default-executor-3] INFO  server.GrpcLogAppender (GrpcLogAppender.java:onNext(649)) - omNode-1@group-0AAC5367B30E->omNode-bootstrap-2-InstallSnapshotResponseHandler: received a reply omNode-1<-omNode-bootstrap-2#0:FAIL-t1,IN_PROGRESS,snapshotIndex=0
2024-09-18 12:54:53,798 [grpc-default-executor-3] INFO  server.GrpcLogAppender (GrpcLogAppender.java:onNext(665)) - omNode-1@group-0AAC5367B30E->omNode-bootstrap-2-InstallSnapshotResponseHandler: InstallSnapshot in progress.
2024-09-18 12:54:53,798 [omNode-bootstrap-2-server-thread1] INFO  server.RaftServer$Division (RaftServerImpl.java:checkInconsistentAppendEntries(1629)) - omNode-bootstrap-2@group-0AAC5367B30E: Failed appendEntries as snapshot (0) installation is in progress
2024-09-18 12:54:53,798 [omNode-bootstrap-2-server-thread1] INFO  server.RaftServer$Division (RaftServerImpl.java:appendEntriesAsync(1584)) - omNode-bootstrap-2@group-0AAC5367B30E: appendEntries* reply omNode-1<-omNode-bootstrap-2#120:FAIL-t1,INCONSISTENCY,nextIndex=0,followerCommit=-1,matchIndex=-1
2024-09-18 12:54:53,799 [grpc-default-executor-3] WARN  server.GrpcLogAppender (GrpcLogAppender.java:onNextImpl(519)) - omNode-1@group-0AAC5367B30E->omNode-bootstrap-2-AppendLogResponseHandler: received INCONSISTENCY reply with nextIndex 0, errorCount=1, request=AppendEntriesRequest:cid=120,entriesCount=0
2024-09-18 12:54:53,799 [omNode-1@group-0AAC5367B30E->omNode-bootstrap-2-GrpcLogAppender-LogAppenderDaemon] INFO  server.GrpcLogAppender (GrpcLogAppender.java:notifyInstallSnapshot(790)) - omNode-1@group-0AAC5367B30E->omNode-bootstrap-2-GrpcLogAppender: notifyInstallSnapshot with firstAvailable=(t:1, i:0), followerNextIndex=0
2024-09-18 12:54:53,799 [omNode-1@group-0AAC5367B30E->omNode-bootstrap-2-GrpcLogAppender-LogAppenderDaemon] INFO  server.GrpcLogAppender (GrpcLogAppender.java:notifyInstallSnapshot(798)) - omNode-1@group-0AAC5367B30E->omNode-bootstrap-2-GrpcLogAppender: send omNode-1->omNode-bootstrap-2#0-t1,notify:(t:1, i:0)
2024-09-18 12:54:53,800 [grpc-default-executor-4] INFO  impl.SnapshotInstallationHandler (SnapshotInstallationHandler.java:installSnapshot(92)) - omNode-bootstrap-2@group-0AAC5367B30E: receive installSnapshot: omNode-1->omNode-bootstrap-2#0-t1,notify:(t:1, i:0)
2024-09-18 12:54:53,800 [grpc-default-executor-4] INFO  impl.SnapshotInstallationHandler (SnapshotInstallationHandler.java:installSnapshotImpl(138)) - omNode-bootstrap-2@group-0AAC5367B30E: set new configuration configurationEntry {
  peers {
    id: "omNode-1"
    address: "localhost:15015"
    startupRole: FOLLOWER
  }
}
 from snapshot
2024-09-18 12:54:53,800 [grpc-default-executor-4] INFO  server.RaftServer$Division (ServerState.java:setRaftConf(386)) - omNode-bootstrap-2@group-0AAC5367B30E: set configuration conf: {index: 0, cur=peers:[omNode-1|localhost:15015]|listeners:[], old=null}
2024-09-18 12:54:53,801 [grpc-default-executor-4] INFO  ratis.OzoneManagerStateMachine (OzoneManager.java:startTrashEmptier(2158)) - Trash Interval set to 0. Files deleted won't move to trash
OzoneManagerStateMachine.java:notifyConfigurationChanged(216)) - Received Configuration change notification from Ratis. New Peer list:
[id: "omNode-1"
address: "localhost:15015"
startupRole: FOLLOWER
]
2024-09-18 12:54:53,801 [grpc-default-executor-4] INFO  impl.SnapshotInstallationHandler (SnapshotInstallationHandler.java:installSnapshot(103)) - omNode-bootstrap-2@group-0AAC5367B30E: reply installSnapshot: omNode-1<-omNode-bootstrap-2#0:FAIL-t1,IN_PROGRESS,snapshotIndex=0
2024-09-18 12:54:53,801 [omNode-bootstrap-2-InstallSnapshotThread] INFO  om.OzoneManager (OzoneManager.java:startTrashEmptier(2158)) - Trash Interval set to 0. Files deleted won't move to trash
2024-09-18 12:54:53,802 [grpc-default-executor-4] INFO  server.GrpcServerProtocolService (GrpcServerProtocolService.java:onCompleted(157)) - omNode-bootstrap-2: Completed INSTALL_SNAPSHOT, lastRequest: omNode-1->omNode-bootstrap-2#0-t1,notify:(t:1, i:0)
2024-09-18 12:54:53,802 [grpc-default-executor-4] INFO  server.GrpcServerProtocolService (GrpcServerProtocolService.java:lambda$onCompleted$5(159)) - omNode-bootstrap-2: Completed INSTALL_SNAPSHOT, lastReply: null
2024-09-18 12:54:53,802 [grpc-default-executor-4] INFO  server.GrpcLogAppender (GrpcLogAppender.java:onNext(649)) - omNode-1@group-0AAC5367B30E->omNode-bootstrap-2-InstallSnapshotResponseHandler: received a reply omNode-1<-omNode-bootstrap-2#0:FAIL-t1,IN_PROGRESS,snapshotIndex=0
2024-09-18 12:54:53,802 [grpc-default-executor-4] INFO  server.GrpcLogAppender (GrpcLogAppender.java:onNext(665)) - omNode-1@group-0AAC5367B30E->omNode-bootstrap-2-InstallSnapshotResponseHandler: InstallSnapshot in progress.
2024-09-18 12:54:53,803 [omNode-bootstrap-2-server-thread1] INFO  server.RaftServer$Division (RaftServerImpl.java:checkInconsistentAppendEntries(1629)) - omNode-bootstrap-2@group-0AAC5367B30E: Failed appendEntries as snapshot (0) installation is in progress
2024-09-18 12:54:53,803 [omNode-bootstrap-2-server-thread1] INFO  server.RaftServer$Division (RaftServerImpl.java:appendEntriesAsync(1584)) - omNode-bootstrap-2@group-0AAC5367B30E: appendEntries* reply omNode-1<-omNode-bootstrap-2#121:FAIL-t1,INCONSISTENCY,nextIndex=0,followerCommit=-1,matchIndex=-1
2024-09-18 12:54:53,803 [omNode-bootstrap-2-InstallSnapshotThread] INFO  ratis.OzoneManagerStateMachine (OzoneManagerStateMachine.java:unpause(430)) - OzoneManagerStateMachine is un-pausing
2024-09-18 12:54:53,803 [grpc-default-executor-4] WARN  server.GrpcLogAppender (GrpcLogAppender.java:onNextImpl(519)) - omNode-1@group-0AAC5367B30E->omNode-bootstrap-2-AppendLogResponseHandler: received INCONSISTENCY reply with nextIndex 0, errorCount=1, request=AppendEntriesRequest:cid=121,entriesCount=0
2024-09-18 12:54:53,804 [omNode-1@group-0AAC5367B30E->omNode-bootstrap-2-GrpcLogAppender-LogAppenderDaemon] INFO  server.GrpcLogAppender (GrpcLogAppender.java:notifyInstallSnapshot(790)) - omNode-1@group-0AAC5367B30E->omNode-bootstrap-2-GrpcLogAppender: notifyInstallSnapshot with firstAvailable=(t:1, i:0), followerNextIndex=0
2024-09-18 12:54:53,804 [omNode-1@group-0AAC5367B30E->omNode-bootstrap-2-GrpcLogAppender-LogAppenderDaemon] INFO  server.GrpcLogAppender (GrpcLogAppender.java:notifyInstallSnapshot(798)) - omNode-1@group-0AAC5367B30E->omNode-bootstrap-2-GrpcLogAppender: send omNode-1->omNode-bootstrap-2#0-t1,notify:(t:1, i:0)
2024-09-18 12:54:53,805 [grpc-default-executor-1] INFO  impl.SnapshotInstallationHandler (SnapshotInstallationHandler.java:installSnapshot(92)) - omNode-bootstrap-2@group-0AAC5367B30E: receive installSnapshot: omNode-1->omNode-bootstrap-2#0-t1,notify:(t:1, i:0)
2024-09-18 12:54:53,805 [grpc-default-executor-1] INFO  impl.SnapshotInstallationHandler (SnapshotInstallationHandler.java:installSnapshotImpl(138)) - omNode-bootstrap-2@group-0AAC5367B30E: set new configuration configurationEntry {
  peers {
    id: "omNode-1"
    address: "localhost:15015"
    startupRole: FOLLOWER
  }
}
 from snapshot
2024-09-18 12:54:53,805 [grpc-default-executor-1] INFO  server.RaftServer$Division (ServerState.java:setRaftConf(386)) - omNode-bootstrap-2@group-0AAC5367B30E: set configuration conf: {index: 0, cur=peers:[omNode-1|localhost:15015]|listeners:[], old=null}
2024-09-18 12:54:53,806 [grpc-default-executor-1] INFO  ratis.OzoneManagerStateMachine (OzoneManagerStateMachine.java:notifyConfigurationChanged(216)) - Received Configuration change notification from Ratis. New Peer list:
[id: "omNode-1"
address: "localhost:15015"
startupRole: FOLLOWER
]
2024-09-18 12:54:53,806 [grpc-default-executor-1] INFO  impl.SnapshotInstallationHandler (SnapshotInstallationHandler.java:installSnapshot(103)) - omNode-bootstrap-2@group-0AAC5367B30E: reply installSnapshot: omNode-1<-omNode-bootstrap-2#0:FAIL-t1,IN_PROGRESS,snapshotIndex=0
2024-09-18 12:54:53,806 [grpc-default-executor-1] INFO  server.GrpcServerProtocolService (GrpcServerProtocolService.java:onCompleted(157)) - omNode-bootstrap-2: Completed INSTALL_SNAPSHOT, lastRequest: omNode-1->omNode-bootstrap-2#0-t1,notify:(t:1, i:0)
2024-09-18 12:54:53,806 [grpc-default-executor-1] INFO  server.GrpcServerProtocolService (GrpcServerProtocolService.java:lambda$onCompleted$5(159)) - omNode-bootstrap-2: Completed INSTALL_SNAPSHOT, lastReply: null
2024-09-18 12:54:53,807 [grpc-default-executor-4] INFO  server.GrpcLogAppender (GrpcLogAppender.java:onNext(649)) - omNode-1@group-0AAC5367B30E->omNode-bootstrap-2-InstallSnapshotResponseHandler: received a reply omNode-1<-omNode-bootstrap-2#0:FAIL-t1,IN_PROGRESS,snapshotIndex=0
2024-09-18 12:54:53,807 [grpc-default-executor-4] INFO  server.GrpcLogAppender (GrpcLogAppender.java:onNext(665)) - omNode-1@group-0AAC5367B30E->omNode-bootstrap-2-InstallSnapshotResponseHandler: InstallSnapshot in progress.
2024-09-18 12:54:53,807 [omNode-1@group-0AAC5367B30E->omNode-bootstrap-2-GrpcLogAppender-LogAppenderDaemon] INFO  server.GrpcLogAppender (GrpcLogAppender.java:notifyInstallSnapshot(790)) - omNode-1@group-0AAC5367B30E->omNode-bootstrap-2-GrpcLogAppender: notifyInstallSnapshot with firstAvailable=(t:1, i:0), followerNextIndex=0
2024-09-18 12:54:53,808 [omNode-1@group-0AAC5367B30E->omNode-bootstrap-2-GrpcLogAppender-LogAppenderDaemon] INFO  server.GrpcLogAppender (GrpcLogAppender.java:notifyInstallSnapshot(798)) - omNode-1@group-0AAC5367B30E->omNode-bootstrap-2-GrpcLogAppender: send omNode-1->omNode-bootstrap-2#0-t1,notify:(t:1, i:0)
2024-09-18 12:54:53,808 [omNode-bootstrap-2-server-thread1] INFO  server.RaftServer$Division (RaftServerImpl.java:checkInconsistentAppendEntries(1629)) - omNode-bootstrap-2@group-0AAC5367B30E: Failed appendEntries as snapshot (0) installation is in progress
2024-09-18 12:54:53,808 [omNode-bootstrap-2-server-thread1] INFO  server.RaftServer$Division (RaftServerImpl.java:appendEntriesAsync(1584)) - omNode-bootstrap-2@group-0AAC5367B30E: appendEntries* reply omNode-1<-omNode-bootstrap-2#122:FAIL-t1,INCONSISTENCY,nextIndex=0,followerCommit=-1,matchIndex=-1
2024-09-18 12:54:53,809 [grpc-default-executor-3] INFO  impl.SnapshotInstallationHandler (SnapshotInstallationHandler.java:installSnapshot(92)) - omNode-bootstrap-2@group-0AAC5367B30E: receive installSnapshot: omNode-1->omNode-bootstrap-2#0-t1,notify:(t:1, i:0)
2024-09-18 12:54:53,809 [grpc-default-executor-3] INFO  impl.SnapshotInstallationHandler (SnapshotInstallationHandler.java:installSnapshotImpl(138)) - omNode-bootstrap-2@group-0AAC5367B30E: set new configuration configurationEntry {
  peers {
    id: "omNode-1"
    address: "localhost:15015"
    startupRole: FOLLOWER
  }
}
 from snapshot
2024-09-18 12:54:53,809 [grpc-default-executor-3] INFO  server.RaftServer$Division (ServerState.java:setRaftConf(386)) - omNode-bootstrap-2@group-0AAC5367B30E: set configuration conf: {index: 0, cur=peers:[omNode-1|localhost:15015]|listeners:[], old=null}
2024-09-18 12:54:53,809 [grpc-default-executor-4] WARN  server.GrpcLogAppender (GrpcLogAppender.java:onNextImpl(519)) - omNode-1@group-0AAC5367B30E->omNode-bootstrap-2-AppendLogResponseHandler: received INCONSISTENCY reply with nextIndex 0, errorCount=1, request=AppendEntriesRequest:cid=122,entriesCount=0
2024-09-18 12:54:53,810 [grpc-default-executor-3] INFO  ratis.OzoneManagerStateMachine (OzoneManagerStateMachine.java:notifyConfigurationChanged(216)) - Received Configuration change notification from Ratis. New Peer list:
[id: "omNode-1"
address: "localhost:15015"
startupRole: FOLLOWER
]
2024-09-18 12:54:53,810 [grpc-default-executor-3] INFO  impl.SnapshotInstallationHandler (SnapshotInstallationHandler.java:installSnapshot(103)) - omNode-bootstrap-2@group-0AAC5367B30E: reply installSnapshot: omNode-1<-omNode-bootstrap-2#0:FAIL-t1,IN_PROGRESS,snapshotIndex=0
2024-09-18 12:54:53,810 [grpc-default-executor-3] INFO  server.GrpcServerProtocolService (GrpcServerProtocolService.java:onCompleted(157)) - omNode-bootstrap-2: Completed INSTALL_SNAPSHOT, lastRequest: omNode-1->omNode-bootstrap-2#0-t1,notify:(t:1, i:0)
2024-09-18 12:54:53,810 [grpc-default-executor-3] INFO  server.GrpcServerProtocolService (GrpcServerProtocolService.java:lambda$onCompleted$5(159)) - omNode-bootstrap-2: Completed INSTALL_SNAPSHOT, lastReply: null
2024-09-18 12:54:53,811 [grpc-default-executor-1] INFO  server.GrpcLogAppender (GrpcLogAppender.java:onNext(649)) - omNode-1@group-0AAC5367B30E->omNode-bootstrap-2-InstallSnapshotResponseHandler: received a reply omNode-1<-omNode-bootstrap-2#0:FAIL-t1,IN_PROGRESS,snapshotIndex=0
2024-09-18 12:54:53,811 [grpc-default-executor-1] INFO  server.GrpcLogAppender (GrpcLogAppender.java:onNext(665)) - omNode-1@group-0AAC5367B30E->omNode-bootstrap-2-InstallSnapshotResponseHandler: InstallSnapshot in progress.
2024-09-18 12:54:53,811 [omNode-bootstrap-2-InstallSnapshotThread] INFO  om.OzoneManager (OzoneManager.java:installCheckpoint(3968)) - Reloaded OM state with Term: 1 and Index: 7. Spend 235 ms
2024-09-18 12:54:53,811 [omNode-bootstrap-2-InstallSnapshotThread] INFO  om.OzoneManager (OzoneManager.java:getRpcServer(1252)) - Creating RPC Server
2024-09-18 12:54:53,811 [omNode-1@group-0AAC5367B30E->omNode-bootstrap-2-GrpcLogAppender-LogAppenderDaemon] INFO  server.GrpcLogAppender (GrpcLogAppender.java:notifyInstallSnapshot(790)) - omNode-1@group-0AAC5367B30E->omNode-bootstrap-2-GrpcLogAppender: notifyInstallSnapshot with firstAvailable=(t:1, i:0), followerNextIndex=0
2024-09-18 12:54:53,811 [omNode-1@group-0AAC5367B30E->omNode-bootstrap-2-GrpcLogAppender-LogAppenderDaemon] INFO  server.GrpcLogAppender (GrpcLogAppender.java:notifyInstallSnapshot(798)) - omNode-1@group-0AAC5367B30E->omNode-bootstrap-2-GrpcLogAppender: send omNode-1->omNode-bootstrap-2#0-t1,notify:(t:1, i:0)
2024-09-18 12:54:53,812 [grpc-default-executor-4] INFO  impl.SnapshotInstallationHandler (SnapshotInstallationHandler.java:installSnapshot(92)) - omNode-bootstrap-2@group-0AAC5367B30E: receive installSnapshot: omNode-1->omNode-bootstrap-2#0-t1,notify:(t:1, i:0)
2024-09-18 12:54:53,812 [grpc-default-executor-4] INFO  impl.SnapshotInstallationHandler (SnapshotInstallationHandler.java:installSnapshotImpl(138)) - omNode-bootstrap-2@group-0AAC5367B30E: set new configuration configurationEntry {
  peers {
    id: "omNode-1"
    address: "localhost:15015"
    startupRole: FOLLOWER
  }
}
 from snapshot
2024-09-18 12:54:53,813 [grpc-default-executor-4] INFO  server.RaftServer$Division (ServerState.java:setRaftConf(386)) - omNode-bootstrap-2@group-0AAC5367B30E: set configuration conf: {index: 0, cur=peers:[omNode-1|localhost:15015]|listeners:[], old=null}
2024-09-18 12:54:53,817 [omNode-bootstrap-2-server-thread1] INFO  server.RaftServer$Division (RaftServerImpl.java:checkInconsistentAppendEntries(1629)) - omNode-bootstrap-2@group-0AAC5367B30E: Failed appendEntries as snapshot (0) installation is in progress
2024-09-18 12:54:53,817 [omNode-bootstrap-2-server-thread1] INFO  server.RaftServer$Division (RaftServerImpl.java:appendEntriesAsync(1584)) - omNode-bootstrap-2@group-0AAC5367B30E: appendEntries* reply omNode-1<-omNode-bootstrap-2#123:FAIL-t1,INCONSISTENCY,nextIndex=0,followerCommit=-1,matchIndex=-1
2024-09-18 12:54:53,818 [grpc-default-executor-4] INFO  ratis.OzoneManagerStateMachine (OzoneManagerStateMachine.java:notifyConfigurationChanged(216)) - Received Configuration change notification from Ratis. New Peer list:
[id: "omNode-1"
address: "localhost:15015"
startupRole: FOLLOWER
]
2024-09-18 12:54:53,818 [grpc-default-executor-4] INFO  impl.SnapshotInstallationHandler (SnapshotInstallationHandler.java:installSnapshot(103)) - omNode-bootstrap-2@group-0AAC5367B30E: reply installSnapshot: omNode-1<-omNode-bootstrap-2#0:FAIL-t1,IN_PROGRESS,snapshotIndex=0
2024-09-18 12:54:53,818 [grpc-default-executor-4] INFO  server.GrpcServerProtocolService (GrpcServerProtocolService.java:onCompleted(157)) - omNode-bootstrap-2: Completed INSTALL_SNAPSHOT, lastRequest: omNode-1->omNode-bootstrap-2#0-t1,notify:(t:1, i:0)
2024-09-18 12:54:53,818 [grpc-default-executor-4] INFO  server.GrpcServerProtocolService (GrpcServerProtocolService.java:lambda$onCompleted$5(159)) - omNode-bootstrap-2: Completed INSTALL_SNAPSHOT, lastReply: null
2024-09-18 12:54:53,819 [grpc-default-executor-3] INFO  server.GrpcLogAppender (GrpcLogAppender.java:onNext(649)) - omNode-1@group-0AAC5367B30E->omNode-bootstrap-2-InstallSnapshotResponseHandler: received a reply omNode-1<-omNode-bootstrap-2#0:FAIL-t1,IN_PROGRESS,snapshotIndex=0
2024-09-18 12:54:53,819 [grpc-default-executor-3] INFO  server.GrpcLogAppender (GrpcLogAppender.java:onNext(665)) - omNode-1@group-0AAC5367B30E->omNode-bootstrap-2-InstallSnapshotResponseHandler: InstallSnapshot in progress.
2024-09-18 12:54:53,819 [omNode-1@group-0AAC5367B30E->omNode-bootstrap-2-GrpcLogAppender-LogAppenderDaemon] INFO  server.GrpcLogAppender (GrpcLogAppender.java:notifyInstallSnapshot(790)) - omNode-1@group-0AAC5367B30E->omNode-bootstrap-2-GrpcLogAppender: notifyInstallSnapshot with firstAvailable=(t:1, i:0), followerNextIndex=0
2024-09-18 12:54:53,820 [omNode-1@group-0AAC5367B30E->omNode-bootstrap-2-GrpcLogAppender-LogAppenderDaemon] INFO  server.GrpcLogAppender (GrpcLogAppender.java:notifyInstallSnapshot(798)) - omNode-1@group-0AAC5367B30E->omNode-bootstrap-2-GrpcLogAppender: send omNode-1->omNode-bootstrap-2#0-t1,notify:(t:1, i:0)
2024-09-18 12:54:53,821 [grpc-default-executor-4] INFO  impl.SnapshotInstallationHandler (SnapshotInstallationHandler.java:installSnapshot(92)) - omNode-bootstrap-2@group-0AAC5367B30E: receive installSnapshot: omNode-1->omNode-bootstrap-2#0-t1,notify:(t:1, i:0)
2024-09-18 12:54:53,821 [grpc-default-executor-4] INFO  impl.SnapshotInstallationHandler (SnapshotInstallationHandler.java:installSnapshotImpl(138)) - omNode-bootstrap-2@group-0AAC5367B30E: set new configuration configurationEntry {
  peers {
    id: "omNode-1"
    address: "localhost:15015"
    startupRole: FOLLOWER
  }
}
 from snapshot
2024-09-18 12:54:53,821 [grpc-default-executor-4] INFO  server.RaftServer$Division (ServerState.java:setRaftConf(386)) - omNode-bootstrap-2@group-0AAC5367B30E: set configuration conf: {index: 0, cur=peers:[omNode-1|localhost:15015]|listeners:[], old=null}
2024-09-18 12:54:53,822 [grpc-default-executor-3] WARN  server.GrpcLogAppender (GrpcLogAppender.java:onNextImpl(519)) - omNode-1@group-0AAC5367B30E->omNode-bootstrap-2-AppendLogResponseHandler: received INCONSISTENCY reply with nextIndex 0, errorCount=1, request=AppendEntriesRequest:cid=123,entriesCount=0
2024-09-18 12:54:53,822 [omNode-bootstrap-2-server-thread1] INFO  server.RaftServer$Division (RaftServerImpl.java:checkInconsistentAppendEntries(1629)) - omNode-bootstrap-2@group-0AAC5367B30E: Failed appendEntries as snapshot (0) installation is in progress
2024-09-18 12:54:53,822 [omNode-bootstrap-2-server-thread1] INFO  server.RaftServer$Division (RaftServerImpl.java:appendEntriesAsync(1584)) - omNode-bootstrap-2@group-0AAC5367B30E: appendEntries* reply omNode-1<-omNode-bootstrap-2#124:FAIL-t1,INCONSISTENCY,nextIndex=0,followerCommit=-1,matchIndex=-1
2024-09-18 12:54:53,823 [grpc-default-executor-4] INFO  ratis.OzoneManagerStateMachine (OzoneManagerStateMachine.java:notifyConfigurationChanged(216)) - Received Configuration change notification from Ratis. New Peer list:
[id: "omNode-1"
address: "localhost:15015"
startupRole: FOLLOWER
]
2024-09-18 12:54:53,823 [grpc-default-executor-4] INFO  impl.SnapshotInstallationHandler (SnapshotInstallationHandler.java:installSnapshot(103)) - omNode-bootstrap-2@group-0AAC5367B30E: reply installSnapshot: omNode-1<-omNode-bootstrap-2#0:FAIL-t1,IN_PROGRESS,snapshotIndex=0
2024-09-18 12:54:53,823 [grpc-default-executor-4] INFO  server.GrpcServerProtocolService (GrpcServerProtocolService.java:onCompleted(157)) - omNode-bootstrap-2: Completed INSTALL_SNAPSHOT, lastRequest: omNode-1->omNode-bootstrap-2#0-t1,notify:(t:1, i:0)
2024-09-18 12:54:53,823 [grpc-default-executor-4] INFO  server.GrpcServerProtocolService (GrpcServerProtocolService.java:lambda$onCompleted$5(159)) - omNode-bootstrap-2: Completed INSTALL_SNAPSHOT, lastReply: null
2024-09-18 12:54:53,823 [grpc-default-executor-3] INFO  server.GrpcLogAppender (GrpcLogAppender.java:onNext(649)) - omNode-1@group-0AAC5367B30E->omNode-bootstrap-2-InstallSnapshotResponseHandler: received a reply omNode-1<-omNode-bootstrap-2#0:FAIL-t1,IN_PROGRESS,snapshotIndex=0
2024-09-18 12:54:53,824 [grpc-default-executor-3] INFO  server.GrpcLogAppender (GrpcLogAppender.java:onNext(665)) - omNode-1@group-0AAC5367B30E->omNode-bootstrap-2-InstallSnapshotResponseHandler: InstallSnapshot in progress.
2024-09-18 12:54:53,825 [omNode-bootstrap-2-server-thread1] INFO  server.RaftServer$Division (RaftServerImpl.java:checkInconsistentAppendEntries(1629)) - omNode-bootstrap-2@group-0AAC5367B30E: Failed appendEntries as snapshot (0) installation is in progress
2024-09-18 12:54:53,825 [omNode-bootstrap-2-server-thread1] INFO  server.RaftServer$Division (RaftServerImpl.java:appendEntriesAsync(1584)) - omNode-bootstrap-2@group-0AAC5367B30E: appendEntries* reply omNode-1<-omNode-bootstrap-2#125:FAIL-t1,INCONSISTENCY,nextIndex=0,followerCommit=-1,matchIndex=-1
2024-09-18 12:54:53,824 [grpc-default-executor-1] WARN  server.GrpcLogAppender (GrpcLogAppender.java:onNextImpl(519)) - omNode-1@group-0AAC5367B30E->omNode-bootstrap-2-AppendLogResponseHandler: received INCONSISTENCY reply with nextIndex 0, errorCount=2, request=null
2024-09-18 12:54:53,825 [omNode-1@group-0AAC5367B30E->omNode-bootstrap-2-GrpcLogAppender-LogAppenderDaemon] INFO  server.GrpcLogAppender (GrpcLogAppender.java:notifyInstallSnapshot(790)) - omNode-1@group-0AAC5367B30E->omNode-bootstrap-2-GrpcLogAppender: notifyInstallSnapshot with firstAvailable=(t:1, i:0), followerNextIndex=0
2024-09-18 12:54:53,825 [omNode-1@group-0AAC5367B30E->omNode-bootstrap-2-GrpcLogAppender-LogAppenderDaemon] INFO  server.GrpcLogAppender (GrpcLogAppender.java:notifyInstallSnapshot(798)) - omNode-1@group-0AAC5367B30E->omNode-bootstrap-2-GrpcLogAppender: send omNode-1->omNode-bootstrap-2#0-t1,notify:(t:1, i:0)
2024-09-18 12:54:53,826 [grpc-default-executor-0] INFO  impl.SnapshotInstallationHandler (SnapshotInstallationHandler.java:installSnapshot(92)) - omNode-bootstrap-2@group-0AAC5367B30E: receive installSnapshot: omNode-1->omNode-bootstrap-2#0-t1,notify:(t:1, i:0)
2024-09-18 12:54:53,827 [grpc-default-executor-0] INFO  impl.SnapshotInstallationHandler (SnapshotInstallationHandler.java:installSnapshotImpl(138)) - omNode-bootstrap-2@group-0AAC5367B30E: set new configuration configurationEntry {
  peers {
    id: "omNode-1"
    address: "localhost:15015"
    startupRole: FOLLOWER
  }
}
 from snapshot
2024-09-18 12:54:53,827 [grpc-default-executor-0] INFO  server.RaftServer$Division (ServerState.java:setRaftConf(386)) - omNode-bootstrap-2@group-0AAC5367B30E: set configuration conf: {index: 0, cur=peers:[omNode-1|localhost:15015]|listeners:[], old=null}
2024-09-18 12:54:53,827 [grpc-default-executor-1] WARN  server.GrpcLogAppender (GrpcLogAppender.java:onNextImpl(519)) - omNode-1@group-0AAC5367B30E->omNode-bootstrap-2-AppendLogResponseHandler: received INCONSISTENCY reply with nextIndex 0, errorCount=1, request=null
2024-09-18 12:54:53,828 [grpc-default-executor-0] INFO  ratis.OzoneManagerStateMachine (OzoneManagerStateMachine.java:notifyConfigurationChanged(216)) - Received Configuration change notification from Ratis. New Peer list:
[id: "omNode-1"
address: "localhost:15015"
startupRole: FOLLOWER
]
2024-09-18 12:54:53,828 [grpc-default-executor-0] INFO  impl.SnapshotInstallationHandler (SnapshotInstallationHandler.java:installSnapshot(103)) - omNode-bootstrap-2@group-0AAC5367B30E: reply installSnapshot: omNode-1<-omNode-bootstrap-2#0:FAIL-t1,IN_PROGRESS,snapshotIndex=0
2024-09-18 12:54:53,828 [grpc-default-executor-0] INFO  server.GrpcServerProtocolService (GrpcServerProtocolService.java:onCompleted(157)) - omNode-bootstrap-2: Completed INSTALL_SNAPSHOT, lastRequest: omNode-1->omNode-bootstrap-2#0-t1,notify:(t:1, i:0)
2024-09-18 12:54:53,829 [grpc-default-executor-0] INFO  server.GrpcServerProtocolService (GrpcServerProtocolService.java:lambda$onCompleted$5(159)) - omNode-bootstrap-2: Completed INSTALL_SNAPSHOT, lastReply: null
2024-09-18 12:54:53,829 [grpc-default-executor-0] INFO  server.GrpcLogAppender (GrpcLogAppender.java:onNext(649)) - omNode-1@group-0AAC5367B30E->omNode-bootstrap-2-InstallSnapshotResponseHandler: received a reply omNode-1<-omNode-bootstrap-2#0:FAIL-t1,IN_PROGRESS,snapshotIndex=0
2024-09-18 12:54:53,829 [grpc-default-executor-0] INFO  server.GrpcLogAppender (GrpcLogAppender.java:onNext(665)) - omNode-1@group-0AAC5367B30E->omNode-bootstrap-2-InstallSnapshotResponseHandler: InstallSnapshot in progress.
2024-09-18 12:54:53,830 [omNode-1@group-0AAC5367B30E->omNode-bootstrap-2-GrpcLogAppender-LogAppenderDaemon] INFO  server.GrpcLogAppender (GrpcLogAppender.java:notifyInstallSnapshot(790)) - omNode-1@group-0AAC5367B30E->omNode-bootstrap-2-GrpcLogAppender: notifyInstallSnapshot with firstAvailable=(t:1, i:0), followerNextIndex=0
2024-09-18 12:54:53,830 [omNode-1@group-0AAC5367B30E->omNode-bootstrap-2-GrpcLogAppender-LogAppenderDaemon] INFO  server.GrpcLogAppender (GrpcLogAppender.java:notifyInstallSnapshot(798)) - omNode-1@group-0AAC5367B30E->omNode-bootstrap-2-GrpcLogAppender: send omNode-1->omNode-bootstrap-2#0-t1,notify:(t:1, i:0)
2024-09-18 12:54:53,830 [omNode-bootstrap-2-server-thread1] INFO  server.RaftServer$Division (RaftServerImpl.java:checkInconsistentAppendEntries(1629)) - omNode-bootstrap-2@group-0AAC5367B30E: Failed appendEntries as snapshot (0) installation is in progress
2024-09-18 12:54:53,831 [omNode-bootstrap-2-server-thread1] INFO  server.RaftServer$Division (RaftServerImpl.java:appendEntriesAsync(1584)) - omNode-bootstrap-2@group-0AAC5367B30E: appendEntries* reply omNode-1<-omNode-bootstrap-2#126:FAIL-t1,INCONSISTENCY,nextIndex=0,followerCommit=-1,matchIndex=-1
2024-09-18 12:54:53,831 [grpc-default-executor-0] INFO  impl.SnapshotInstallationHandler (SnapshotInstallationHandler.java:installSnapshot(92)) - omNode-bootstrap-2@group-0AAC5367B30E: receive installSnapshot: omNode-1->omNode-bootstrap-2#0-t1,notify:(t:1, i:0)
2024-09-18 12:54:53,832 [grpc-default-executor-0] INFO  impl.SnapshotInstallationHandler (SnapshotInstallationHandler.java:installSnapshotImpl(138)) - omNode-bootstrap-2@group-0AAC5367B30E: set new configuration configurationEntry {
  peers {
    id: "omNode-1"
    address: "localhost:15015"
    startupRole: FOLLOWER
  }
}
 from snapshot
2024-09-18 12:54:53,832 [grpc-default-executor-0] INFO  server.RaftServer$Division (ServerState.java:setRaftConf(386)) - omNode-bootstrap-2@group-0AAC5367B30E: set configuration conf: {index: 0, cur=peers:[omNode-1|localhost:15015]|listeners:[], old=null}
2024-09-18 12:54:53,832 [grpc-default-executor-4] WARN  server.GrpcLogAppender (GrpcLogAppender.java:onNextImpl(519)) - omNode-1@group-0AAC5367B30E->omNode-bootstrap-2-AppendLogResponseHandler: received INCONSISTENCY reply with nextIndex 0, errorCount=1, request=AppendEntriesRequest:cid=126,entriesCount=0
2024-09-18 12:54:53,833 [grpc-default-executor-0] INFO  ratis.OzoneManagerStateMachine (OzoneManagerStateMachine.java:notifyConfigurationChanged(216)) - Received Configuration change notification from Ratis. New Peer list:
[id: "omNode-1"
address: "localhost:15015"
startupRole: FOLLOWER
]
2024-09-18 12:54:53,833 [grpc-default-executor-0] INFO  impl.SnapshotInstallationHandler (SnapshotInstallationHandler.java:installSnapshot(103)) - omNode-bootstrap-2@group-0AAC5367B30E: reply installSnapshot: omNode-1<-omNode-bootstrap-2#0:FAIL-t1,IN_PROGRESS,snapshotIndex=0
2024-09-18 12:54:53,833 [grpc-default-executor-0] INFO  server.GrpcServerProtocolService (GrpcServerProtocolService.java:onCompleted(157)) - omNode-bootstrap-2: Completed INSTALL_SNAPSHOT, lastRequest: omNode-1->omNode-bootstrap-2#0-t1,notify:(t:1, i:0)
2024-09-18 12:54:53,833 [grpc-default-executor-0] INFO  server.GrpcServerProtocolService (GrpcServerProtocolService.java:lambda$onCompleted$5(159)) - omNode-bootstrap-2: Completed INSTALL_SNAPSHOT, lastReply: null
2024-09-18 12:54:53,833 [grpc-default-executor-4] INFO  server.GrpcLogAppender (GrpcLogAppender.java:onNext(649)) - omNode-1@group-0AAC5367B30E->omNode-bootstrap-2-InstallSnapshotResponseHandler: received a reply omNode-1<-omNode-bootstrap-2#0:FAIL-t1,IN_PROGRESS,snapshotIndex=0
2024-09-18 12:54:53,833 [grpc-default-executor-4] INFO  server.GrpcLogAppender (GrpcLogAppender.java:onNext(665)) - omNode-1@group-0AAC5367B30E->omNode-bootstrap-2-InstallSnapshotResponseHandler: InstallSnapshot in progress.
2024-09-18 12:54:53,834 [omNode-bootstrap-2-server-thread1] INFO  server.RaftServer$Division (RaftServerImpl.java:checkInconsistentAppendEntries(1629)) - omNode-bootstrap-2@group-0AAC5367B30E: Failed appendEntries as snapshot (0) installation is in progress
2024-09-18 12:54:53,834 [omNode-bootstrap-2-server-thread1] INFO  server.RaftServer$Division (RaftServerImpl.java:appendEntriesAsync(1584)) - omNode-bootstrap-2@group-0AAC5367B30E: appendEntries* reply omNode-1<-omNode-bootstrap-2#127:FAIL-t1,INCONSISTENCY,nextIndex=0,followerCommit=-1,matchIndex=-1
2024-09-18 12:54:53,835 [grpc-default-executor-4] WARN  server.GrpcLogAppender (GrpcLogAppender.java:onNextImpl(519)) - omNode-1@group-0AAC5367B30E->omNode-bootstrap-2-AppendLogResponseHandler: received INCONSISTENCY reply with nextIndex 0, errorCount=1, request=AppendEntriesRequest:cid=127,entriesCount=0
2024-09-18 12:54:53,835 [omNode-1@group-0AAC5367B30E->omNode-bootstrap-2-GrpcLogAppender-LogAppenderDaemon] INFO  server.GrpcLogAppender (GrpcLogAppender.java:notifyInstallSnapshot(790)) - omNode-1@group-0AAC5367B30E->omNode-bootstrap-2-GrpcLogAppender: notifyInstallSnapshot with firstAvailable=(t:1, i:0), followerNextIndex=0
2024-09-18 12:54:53,835 [omNode-1@group-0AAC5367B30E->omNode-bootstrap-2-GrpcLogAppender-LogAppenderDaemon] INFO  server.GrpcLogAppender (GrpcLogAppender.java:notifyInstallSnapshot(798)) - omNode-1@group-0AAC5367B30E->omNode-bootstrap-2-GrpcLogAppender: send omNode-1->omNode-bootstrap-2#0-t1,notify:(t:1, i:0)
2024-09-18 12:54:53,836 [grpc-default-executor-0] INFO  impl.SnapshotInstallationHandler (SnapshotInstallationHandler.java:installSnapshot(92)) - omNode-bootstrap-2@group-0AAC5367B30E: receive installSnapshot: omNode-1->omNode-bootstrap-2#0-t1,notify:(t:1, i:0)
2024-09-18 12:54:53,836 [grpc-default-executor-0] INFO  impl.SnapshotInstallationHandler (SnapshotInstallationHandler.java:installSnapshotImpl(138)) - omNode-bootstrap-2@group-0AAC5367B30E: set new configuration configurationEntry {
  peers {
    id: "omNode-1"
    address: "localhost:15015"
    startupRole: FOLLOWER
  }
}
 from snapshot
2024-09-18 12:54:53,836 [grpc-default-executor-0] INFO  server.RaftServer$Division (ServerState.java:setRaftConf(386)) - omNode-bootstrap-2@group-0AAC5367B30E: set configuration conf: {index: 0, cur=peers:[omNode-1|localhost:15015]|listeners:[], old=null}
2024-09-18 12:54:53,837 [grpc-default-executor-0] INFO  ratis.OzoneManagerStateMachine (OzoneManagerStateMachine.java:notifyConfigurationChanged(216)) - Received Configuration change notification from Ratis. New Peer list:
[id: "omNode-1"
address: "localhost:15015"
startupRole: FOLLOWER
]
2024-09-18 12:54:53,838 [grpc-default-executor-0] INFO  impl.SnapshotInstallationHandler (SnapshotInstallationHandler.java:installSnapshot(103)) - omNode-bootstrap-2@group-0AAC5367B30E: reply installSnapshot: omNode-1<-omNode-bootstrap-2#0:FAIL-t1,IN_PROGRESS,snapshotIndex=0
2024-09-18 12:54:53,838 [grpc-default-executor-0] INFO  server.GrpcServerProtocolService (GrpcServerProtocolService.java:onCompleted(157)) - omNode-bootstrap-2: Completed INSTALL_SNAPSHOT, lastRequest: omNode-1->omNode-bootstrap-2#0-t1,notify:(t:1, i:0)
2024-09-18 12:54:53,838 [grpc-default-executor-0] INFO  server.GrpcServerProtocolService (GrpcServerProtocolService.java:lambda$onCompleted$5(159)) - omNode-bootstrap-2: Completed INSTALL_SNAPSHOT, lastReply: null
2024-09-18 12:54:53,838 [grpc-default-executor-4] INFO  server.GrpcLogAppender (GrpcLogAppender.java:onNext(649)) - omNode-1@group-0AAC5367B30E->omNode-bootstrap-2-InstallSnapshotResponseHandler: received a reply omNode-1<-omNode-bootstrap-2#0:FAIL-t1,IN_PROGRESS,snapshotIndex=0
2024-09-18 12:54:53,839 [grpc-default-executor-4] INFO  server.GrpcLogAppender (GrpcLogAppender.java:onNext(665)) - omNode-1@group-0AAC5367B30E->omNode-bootstrap-2-InstallSnapshotResponseHandler: InstallSnapshot in progress.
2024-09-18 12:54:53,839 [omNode-bootstrap-2-server-thread1] INFO  server.RaftServer$Division (RaftServerImpl.java:checkInconsistentAppendEntries(1629)) - omNode-bootstrap-2@group-0AAC5367B30E: Failed appendEntries as snapshot (0) installation is in progress
2024-09-18 12:54:53,839 [omNode-bootstrap-2-server-thread1] INFO  server.RaftServer$Division (RaftServerImpl.java:appendEntriesAsync(1584)) - omNode-bootstrap-2@group-0AAC5367B30E: appendEntries* reply omNode-1<-omNode-bootstrap-2#128:FAIL-t1,INCONSISTENCY,nextIndex=0,followerCommit=-1,matchIndex=-1
2024-09-18 12:54:53,840 [grpc-default-executor-0] WARN  server.GrpcLogAppender (GrpcLogAppender.java:onNextImpl(519)) - omNode-1@group-0AAC5367B30E->omNode-bootstrap-2-AppendLogResponseHandler: received INCONSISTENCY reply with nextIndex 0, errorCount=1, request=AppendEntriesRequest:cid=128,entriesCount=0
2024-09-18 12:54:53,840 [omNode-1@group-0AAC5367B30E->omNode-bootstrap-2-GrpcLogAppender-LogAppenderDaemon] INFO  server.GrpcLogAppender (GrpcLogAppender.java:notifyInstallSnapshot(790)) - omNode-1@group-0AAC5367B30E->omNode-bootstrap-2-GrpcLogAppender: notifyInstallSnapshot with firstAvailable=(t:1, i:0), followerNextIndex=0
2024-09-18 12:54:53,840 [omNode-1@group-0AAC5367B30E->omNode-bootstrap-2-GrpcLogAppender-LogAppenderDaemon] INFO  server.GrpcLogAppender (GrpcLogAppender.java:notifyInstallSnapshot(798)) - omNode-1@group-0AAC5367B30E->omNode-bootstrap-2-GrpcLogAppender: send omNode-1->omNode-bootstrap-2#0-t1,notify:(t:1, i:0)
2024-09-18 12:54:53,841 [grpc-default-executor-4] INFO  impl.SnapshotInstallationHandler (SnapshotInstallationHandler.java:installSnapshot(92)) - omNode-bootstrap-2@group-0AAC5367B30E: receive installSnapshot: omNode-1->omNode-bootstrap-2#0-t1,notify:(t:1, i:0)
2024-09-18 12:54:53,841 [grpc-default-executor-4] INFO  impl.SnapshotInstallationHandler (SnapshotInstallationHandler.java:installSnapshotImpl(138)) - omNode-bootstrap-2@group-0AAC5367B30E: set new configuration configurationEntry {
  peers {
    id: "omNode-1"
    address: "localhost:15015"
    startupRole: FOLLOWER
  }
}
 from snapshot
2024-09-18 12:54:53,841 [grpc-default-executor-4] INFO  server.RaftServer$Division (ServerState.java:setRaftConf(386)) - omNode-bootstrap-2@group-0AAC5367B30E: set configuration conf: {index: 0, cur=peers:[omNode-1|localhost:15015]|listeners:[], old=null}
2024-09-18 12:54:53,842 [grpc-default-executor-4] INFO  ratis.OzoneManagerStateMachine (OzoneManagerStateMachine.java:notifyConfigurationChanged(216)) - Received Configuration change notification from Ratis. New Peer list:
[id: "omNode-1"
address: "localhost:15015"
startupRole: FOLLOWER
]
2024-09-18 12:54:53,842 [grpc-default-executor-4] INFO  impl.SnapshotInstallationHandler (SnapshotInstallationHandler.java:installSnapshot(103)) - omNode-bootstrap-2@group-0AAC5367B30E: reply installSnapshot: omNode-1<-omNode-bootstrap-2#0:FAIL-t1,IN_PROGRESS,snapshotIndex=0
2024-09-18 12:54:53,842 [grpc-default-executor-4] INFO  server.GrpcServerProtocolService (GrpcServerProtocolService.java:onCompleted(157)) - omNode-bootstrap-2: Completed INSTALL_SNAPSHOT, lastRequest: omNode-1->omNode-bootstrap-2#0-t1,notify:(t:1, i:0)
2024-09-18 12:54:53,842 [grpc-default-executor-4] INFO  server.GrpcServerProtocolService (GrpcServerProtocolService.java:lambda$onCompleted$5(159)) - omNode-bootstrap-2: Completed INSTALL_SNAPSHOT, lastReply: null
2024-09-18 12:54:53,843 [grpc-default-executor-0] INFO  server.GrpcLogAppender (GrpcLogAppender.java:onNext(649)) - omNode-1@group-0AAC5367B30E->omNode-bootstrap-2-InstallSnapshotResponseHandler: received a reply omNode-1<-omNode-bootstrap-2#0:FAIL-t1,IN_PROGRESS,snapshotIndex=0
2024-09-18 12:54:53,843 [grpc-default-executor-0] INFO  server.GrpcLogAppender (GrpcLogAppender.java:onNext(665)) - omNode-1@group-0AAC5367B30E->omNode-bootstrap-2-InstallSnapshotResponseHandler: InstallSnapshot in progress.
2024-09-18 12:54:53,844 [omNode-1@group-0AAC5367B30E->omNode-bootstrap-2-GrpcLogAppender-LogAppenderDaemon] INFO  server.GrpcLogAppender (GrpcLogAppender.java:notifyInstallSnapshot(790)) - omNode-1@group-0AAC5367B30E->omNode-bootstrap-2-GrpcLogAppender: notifyInstallSnapshot with firstAvailable=(t:1, i:0), followerNextIndex=0
2024-09-18 12:54:53,844 [omNode-1@group-0AAC5367B30E->omNode-bootstrap-2-GrpcLogAppender-LogAppenderDaemon] INFO  server.GrpcLogAppender (GrpcLogAppender.java:notifyInstallSnapshot(798)) - omNode-1@group-0AAC5367B30E->omNode-bootstrap-2-GrpcLogAppender: send omNode-1->omNode-bootstrap-2#0-t1,notify:(t:1, i:0)
2024-09-18 12:54:53,844 [omNode-bootstrap-2-server-thread1] INFO  server.RaftServer$Division (RaftServerImpl.java:checkInconsistentAppendEntries(1629)) - omNode-bootstrap-2@group-0AAC5367B30E: Failed appendEntries as snapshot (0) installation is in progress
2024-09-18 12:54:53,844 [omNode-bootstrap-2-server-thread1] INFO  server.RaftServer$Division (RaftServerImpl.java:appendEntriesAsync(1584)) - omNode-bootstrap-2@group-0AAC5367B30E: appendEntries* reply omNode-1<-omNode-bootstrap-2#129:FAIL-t1,INCONSISTENCY,nextIndex=0,followerCommit=-1,matchIndex=-1
2024-09-18 12:54:53,845 [grpc-default-executor-4] WARN  server.GrpcLogAppender (GrpcLogAppender.java:onNextImpl(519)) - omNode-1@group-0AAC5367B30E->omNode-bootstrap-2-AppendLogResponseHandler: received INCONSISTENCY reply with nextIndex 0, errorCount=1, request=AppendEntriesRequest:cid=129,entriesCount=0
2024-09-18 12:54:53,845 [grpc-default-executor-4] INFO  impl.SnapshotInstallationHandler (SnapshotInstallationHandler.java:installSnapshot(92)) - omNode-bootstrap-2@group-0AAC5367B30E: receive installSnapshot: omNode-1->omNode-bootstrap-2#0-t1,notify:(t:1, i:0)
2024-09-18 12:54:53,846 [grpc-default-executor-4] INFO  impl.SnapshotInstallationHandler (SnapshotInstallationHandler.java:installSnapshotImpl(138)) - omNode-bootstrap-2@group-0AAC5367B30E: set new configuration configurationEntry {
  peers {
    id: "omNode-1"
    address: "localhost:15015"
    startupRole: FOLLOWER
  }
}
 from snapshot
2024-09-18 12:54:53,846 [grpc-default-executor-4] INFO  server.RaftServer$Division (ServerState.java:setRaftConf(386)) - omNode-bootstrap-2@group-0AAC5367B30E: set configuration conf: {index: 0, cur=peers:[omNode-1|localhost:15015]|listeners:[], old=null}
2024-09-18 12:54:53,847 [grpc-default-executor-4] INFO  ratis.OzoneManagerStateMachine (OzoneManagerStateMachine.java:notifyConfigurationChanged(216)) - Received Configuration change notification from Ratis. New Peer list:
[id: "omNode-1"
address: "localhost:15015"
startupRole: FOLLOWER
]
2024-09-18 12:54:53,847 [grpc-default-executor-4] INFO  impl.SnapshotInstallationHandler (SnapshotInstallationHandler.java:installSnapshot(103)) - omNode-bootstrap-2@group-0AAC5367B30E: reply installSnapshot: omNode-1<-omNode-bootstrap-2#0:FAIL-t1,IN_PROGRESS,snapshotIndex=0
2024-09-18 12:54:53,847 [grpc-default-executor-4] INFO  server.GrpcServerProtocolService (GrpcServerProtocolService.java:onCompleted(157)) - omNode-bootstrap-2: Completed INSTALL_SNAPSHOT, lastRequest: omNode-1->omNode-bootstrap-2#0-t1,notify:(t:1, i:0)
2024-09-18 12:54:53,848 [grpc-default-executor-4] INFO  server.GrpcServerProtocolService (GrpcServerProtocolService.java:lambda$onCompleted$5(159)) - omNode-bootstrap-2: Completed INSTALL_SNAPSHOT, lastReply: null
2024-09-18 12:54:53,848 [grpc-default-executor-0] INFO  server.GrpcLogAppender (GrpcLogAppender.java:onNext(649)) - omNode-1@group-0AAC5367B30E->omNode-bootstrap-2-InstallSnapshotResponseHandler: received a reply omNode-1<-omNode-bootstrap-2#0:FAIL-t1,IN_PROGRESS,snapshotIndex=0
2024-09-18 12:54:53,848 [grpc-default-executor-0] INFO  server.GrpcLogAppender (GrpcLogAppender.java:onNext(665)) - omNode-1@group-0AAC5367B30E->omNode-bootstrap-2-InstallSnapshotResponseHandler: InstallSnapshot in progress.
2024-09-18 12:54:53,849 [omNode-bootstrap-2-server-thread1] INFO  server.RaftServer$Division (RaftServerImpl.java:checkInconsistentAppendEntries(1629)) - omNode-bootstrap-2@group-0AAC5367B30E: Failed appendEntries as snapshot (0) installation is in progress
2024-09-18 12:54:53,849 [omNode-bootstrap-2-server-thread1] INFO  server.RaftServer$Division (RaftServerImpl.java:appendEntriesAsync(1584)) - omNode-bootstrap-2@group-0AAC5367B30E: appendEntries* reply omNode-1<-omNode-bootstrap-2#130:FAIL-t1,INCONSISTENCY,nextIndex=0,followerCommit=-1,matchIndex=-1
2024-09-18 12:54:53,849 [grpc-default-executor-4] WARN  server.GrpcLogAppender (GrpcLogAppender.java:onNextImpl(519)) - omNode-1@group-0AAC5367B30E->omNode-bootstrap-2-AppendLogResponseHandler: received INCONSISTENCY reply with nextIndex 0, errorCount=1, request=AppendEntriesRequest:cid=130,entriesCount=0
2024-09-18 12:54:53,850 [omNode-1@group-0AAC5367B30E->omNode-bootstrap-2-GrpcLogAppender-LogAppenderDaemon] INFO  server.GrpcLogAppender (GrpcLogAppender.java:notifyInstallSnapshot(790)) - omNode-1@group-0AAC5367B30E->omNode-bootstrap-2-GrpcLogAppender: notifyInstallSnapshot with firstAvailable=(t:1, i:0), followerNextIndex=0
2024-09-18 12:54:53,850 [omNode-1@group-0AAC5367B30E->omNode-bootstrap-2-GrpcLogAppender-LogAppenderDaemon] INFO  server.GrpcLogAppender (GrpcLogAppender.java:notifyInstallSnapshot(798)) - omNode-1@group-0AAC5367B30E->omNode-bootstrap-2-GrpcLogAppender: send omNode-1->omNode-bootstrap-2#0-t1,notify:(t:1, i:0)
2024-09-18 12:54:53,851 [grpc-default-executor-4] INFO  impl.SnapshotInstallationHandler (SnapshotInstallationHandler.java:installSnapshot(92)) - omNode-bootstrap-2@group-0AAC5367B30E: receive installSnapshot: omNode-1->omNode-bootstrap-2#0-t1,notify:(t:1, i:0)
2024-09-18 12:54:53,851 [grpc-default-executor-4] INFO  impl.SnapshotInstallationHandler (SnapshotInstallationHandler.java:installSnapshotImpl(138)) - omNode-bootstrap-2@group-0AAC5367B30E: set new configuration configurationEntry {
  peers {
    id: "omNode-1"
    address: "localhost:15015"
    startupRole: FOLLOWER
  }
}
 from snapshot
2024-09-18 12:54:53,851 [grpc-default-executor-4] INFO  server.RaftServer$Division (ServerState.java:setRaftConf(386)) - omNode-bootstrap-2@group-0AAC5367B30E: set configuration conf: {index: 0, cur=peers:[omNode-1|localhost:15015]|listeners:[], old=null}
2024-09-18 12:54:53,852 [grpc-default-executor-4] INFO  ratis.OzoneManagerStateMachine (OzoneManagerStateMachine.java:notifyConfigurationChanged(216)) - Received Configuration change notification from Ratis. New Peer list:
[id: "omNode-1"
address: "localhost:15015"
startupRole: FOLLOWER
]
2024-09-18 12:54:53,853 [grpc-default-executor-4] INFO  impl.SnapshotInstallationHandler (SnapshotInstallationHandler.java:installSnapshot(103)) - omNode-bootstrap-2@group-0AAC5367B30E: reply installSnapshot: omNode-1<-omNode-bootstrap-2#0:FAIL-t1,IN_PROGRESS,snapshotIndex=0
2024-09-18 12:54:53,853 [grpc-default-executor-4] INFO  server.GrpcServerProtocolService (GrpcServerProtocolService.java:onCompleted(157)) - omNode-bootstrap-2: Completed INSTALL_SNAPSHOT, lastRequest: omNode-1->omNode-bootstrap-2#0-t1,notify:(t:1, i:0)
2024-09-18 12:54:53,853 [grpc-default-executor-4] INFO  server.GrpcServerProtocolService (GrpcServerProtocolService.java:lambda$onCompleted$5(159)) - omNode-bootstrap-2: Completed INSTALL_SNAPSHOT, lastReply: null
2024-09-18 12:54:53,853 [grpc-default-executor-0] INFO  server.GrpcLogAppender (GrpcLogAppender.java:onNext(649)) - omNode-1@group-0AAC5367B30E->omNode-bootstrap-2-InstallSnapshotResponseHandler: received a reply omNode-1<-omNode-bootstrap-2#0:FAIL-t1,IN_PROGRESS,snapshotIndex=0
2024-09-18 12:54:53,853 [grpc-default-executor-0] INFO  server.GrpcLogAppender (GrpcLogAppender.java:onNext(665)) - omNode-1@group-0AAC5367B30E->omNode-bootstrap-2-InstallSnapshotResponseHandler: InstallSnapshot in progress.
2024-09-18 12:54:53,854 [omNode-1@group-0AAC5367B30E->omNode-bootstrap-2-GrpcLogAppender-LogAppenderDaemon] INFO  server.GrpcLogAppender (GrpcLogAppender.java:notifyInstallSnapshot(790)) - omNode-1@group-0AAC5367B30E->omNode-bootstrap-2-GrpcLogAppender: notifyInstallSnapshot with firstAvailable=(t:1, i:0), followerNextIndex=0
2024-09-18 12:54:53,854 [omNode-1@group-0AAC5367B30E->omNode-bootstrap-2-GrpcLogAppender-LogAppenderDaemon] INFO  server.GrpcLogAppender (GrpcLogAppender.java:notifyInstallSnapshot(798)) - omNode-1@group-0AAC5367B30E->omNode-bootstrap-2-GrpcLogAppender: send omNode-1->omNode-bootstrap-2#0-t1,notify:(t:1, i:0)
2024-09-18 12:54:53,855 [omNode-bootstrap-2-server-thread1] INFO  server.RaftServer$Division (RaftServerImpl.java:checkInconsistentAppendEntries(1629)) - omNode-bootstrap-2@group-0AAC5367B30E: Failed appendEntries as snapshot (0) installation is in progress
2024-09-18 12:54:53,855 [omNode-bootstrap-2-server-thread1] INFO  server.RaftServer$Division (RaftServerImpl.java:appendEntriesAsync(1584)) - omNode-bootstrap-2@group-0AAC5367B30E: appendEntries* reply omNode-1<-omNode-bootstrap-2#131:FAIL-t1,INCONSISTENCY,nextIndex=0,followerCommit=-1,matchIndex=-1
2024-09-18 12:54:53,855 [grpc-default-executor-1] INFO  impl.SnapshotInstallationHandler (SnapshotInstallationHandler.java:installSnapshot(92)) - omNode-bootstrap-2@group-0AAC5367B30E: receive installSnapshot: omNode-1->omNode-bootstrap-2#0-t1,notify:(t:1, i:0)
2024-09-18 12:54:53,855 [grpc-default-executor-1] INFO  impl.SnapshotInstallationHandler (SnapshotInstallationHandler.java:installSnapshotImpl(138)) - omNode-bootstrap-2@group-0AAC5367B30E: set new configuration configurationEntry {
  peers {
    id: "omNode-1"
    address: "localhost:15015"
    startupRole: FOLLOWER
  }
}
 from snapshot
2024-09-18 12:54:53,856 [grpc-default-executor-1] INFO  server.RaftServer$Division (ServerState.java:setRaftConf(386)) - omNode-bootstrap-2@group-0AAC5367B30E: set configuration conf: {index: 0, cur=peers:[omNode-1|localhost:15015]|listeners:[], old=null}
2024-09-18 12:54:53,856 [grpc-default-executor-4] WARN  server.GrpcLogAppender (GrpcLogAppender.java:onNextImpl(519)) - omNode-1@group-0AAC5367B30E->omNode-bootstrap-2-AppendLogResponseHandler: received INCONSISTENCY reply with nextIndex 0, errorCount=1, request=AppendEntriesRequest:cid=131,entriesCount=0
2024-09-18 12:54:53,857 [grpc-default-executor-1] INFO  ratis.OzoneManagerStateMachine (OzoneManagerStateMachine.java:notifyConfigurationChanged(216)) - Received Configuration change notification from Ratis. New Peer list:
[id: "omNode-1"
address: "localhost:15015"
startupRole: FOLLOWER
]
2024-09-18 12:54:53,857 [grpc-default-executor-1] INFO  impl.SnapshotInstallationHandler (SnapshotInstallationHandler.java:installSnapshot(103)) - omNode-bootstrap-2@group-0AAC5367B30E: reply installSnapshot: omNode-1<-omNode-bootstrap-2#0:FAIL-t1,IN_PROGRESS,snapshotIndex=0
2024-09-18 12:54:53,857 [grpc-default-executor-1] INFO  server.GrpcServerProtocolService (GrpcServerProtocolService.java:onCompleted(157)) - omNode-bootstrap-2: Completed INSTALL_SNAPSHOT, lastRequest: omNode-1->omNode-bootstrap-2#0-t1,notify:(t:1, i:0)
2024-09-18 12:54:53,857 [grpc-default-executor-1] INFO  server.GrpcServerProtocolService (GrpcServerProtocolService.java:lambda$onCompleted$5(159)) - omNode-bootstrap-2: Completed INSTALL_SNAPSHOT, lastReply: null
2024-09-18 12:54:53,858 [grpc-default-executor-4] INFO  server.GrpcLogAppender (GrpcLogAppender.java:onNext(649)) - omNode-1@group-0AAC5367B30E->omNode-bootstrap-2-InstallSnapshotResponseHandler: received a reply omNode-1<-omNode-bootstrap-2#0:FAIL-t1,IN_PROGRESS,snapshotIndex=0
2024-09-18 12:54:53,858 [grpc-default-executor-4] INFO  server.GrpcLogAppender (GrpcLogAppender.java:onNext(665)) - omNode-1@group-0AAC5367B30E->omNode-bootstrap-2-InstallSnapshotResponseHandler: InstallSnapshot in progress.
2024-09-18 12:54:53,859 [omNode-bootstrap-2-server-thread1] INFO  server.RaftServer$Division (RaftServerImpl.java:checkInconsistentAppendEntries(1629)) - omNode-bootstrap-2@group-0AAC5367B30E: Failed appendEntries as snapshot (0) installation is in progress
2024-09-18 12:54:53,859 [omNode-bootstrap-2-server-thread1] INFO  server.RaftServer$Division (RaftServerImpl.java:appendEntriesAsync(1584)) - omNode-bootstrap-2@group-0AAC5367B30E: appendEntries* reply omNode-1<-omNode-bootstrap-2#132:FAIL-t1,INCONSISTENCY,nextIndex=0,followerCommit=-1,matchIndex=-1
2024-09-18 12:54:53,859 [grpc-default-executor-1] WARN  server.GrpcLogAppender (GrpcLogAppender.java:onNextImpl(519)) - omNode-1@group-0AAC5367B30E->omNode-bootstrap-2-AppendLogResponseHandler: received INCONSISTENCY reply with nextIndex 0, errorCount=1, request=AppendEntriesRequest:cid=132,entriesCount=0
2024-09-18 12:54:53,859 [omNode-1@group-0AAC5367B30E->omNode-bootstrap-2-GrpcLogAppender-LogAppenderDaemon] INFO  server.GrpcLogAppender (GrpcLogAppender.java:notifyInstallSnapshot(790)) - omNode-1@group-0AAC5367B30E->omNode-bootstrap-2-GrpcLogAppender: notifyInstallSnapshot with firstAvailable=(t:1, i:0), followerNextIndex=0
2024-09-18 12:54:53,859 [omNode-1@group-0AAC5367B30E->omNode-bootstrap-2-GrpcLogAppender-LogAppenderDaemon] INFO  server.GrpcLogAppender (GrpcLogAppender.java:notifyInstallSnapshot(798)) - omNode-1@group-0AAC5367B30E->omNode-bootstrap-2-GrpcLogAppender: send omNode-1->omNode-bootstrap-2#0-t1,notify:(t:1, i:0)
2024-09-18 12:54:53,860 [grpc-default-executor-4] INFO  impl.SnapshotInstallationHandler (SnapshotInstallationHandler.java:installSnapshot(92)) - omNode-bootstrap-2@group-0AAC5367B30E: receive installSnapshot: omNode-1->omNode-bootstrap-2#0-t1,notify:(t:1, i:0)
2024-09-18 12:54:53,860 [grpc-default-executor-4] INFO  impl.SnapshotInstallationHandler (SnapshotInstallationHandler.java:installSnapshotImpl(138)) - omNode-bootstrap-2@group-0AAC5367B30E: set new configuration configurationEntry {
  peers {
    id: "omNode-1"
    address: "localhost:15015"
    startupRole: FOLLOWER
  }
}
 from snapshot
2024-09-18 12:54:53,861 [grpc-default-executor-4] INFO  server.RaftServer$Division (ServerState.java:setRaftConf(386)) - omNode-bootstrap-2@group-0AAC5367B30E: set configuration conf: {index: 0, cur=peers:[omNode-1|localhost:15015]|listeners:[], old=null}
2024-09-18 12:54:53,862 [grpc-default-executor-4] INFO  ratis.OzoneManagerStateMachine (OzoneManagerStateMachine.java:notifyConfigurationChanged(216)) - Received Configuration change notification from Ratis. New Peer list:
[id: "omNode-1"
address: "localhost:15015"
startupRole: FOLLOWER
]
2024-09-18 12:54:53,862 [grpc-default-executor-4] INFO  impl.SnapshotInstallationHandler (SnapshotInstallationHandler.java:installSnapshot(103)) - omNode-bootstrap-2@group-0AAC5367B30E: reply installSnapshot: omNode-1<-omNode-bootstrap-2#0:FAIL-t1,IN_PROGRESS,snapshotIndex=0
2024-09-18 12:54:53,863 [grpc-default-executor-1] INFO  server.GrpcLogAppender (GrpcLogAppender.java:onNext(649)) - omNode-1@group-0AAC5367B30E->omNode-bootstrap-2-InstallSnapshotResponseHandler: received a reply omNode-1<-omNode-bootstrap-2#0:FAIL-t1,IN_PROGRESS,snapshotIndex=0
2024-09-18 12:54:53,863 [grpc-default-executor-1] INFO  server.GrpcLogAppender (GrpcLogAppender.java:onNext(665)) - omNode-1@group-0AAC5367B30E->omNode-bootstrap-2-InstallSnapshotResponseHandler: InstallSnapshot in progress.
2024-09-18 12:54:53,863 [grpc-default-executor-4] INFO  server.GrpcServerProtocolService (GrpcServerProtocolService.java:onCompleted(157)) - omNode-bootstrap-2: Completed INSTALL_SNAPSHOT, lastRequest: omNode-1->omNode-bootstrap-2#0-t1,notify:(t:1, i:0)
2024-09-18 12:54:53,863 [grpc-default-executor-4] INFO  server.GrpcServerProtocolService (GrpcServerProtocolService.java:lambda$onCompleted$5(159)) - omNode-bootstrap-2: Completed INSTALL_SNAPSHOT, lastReply: null
2024-09-18 12:54:53,864 [omNode-1@group-0AAC5367B30E->omNode-bootstrap-2-GrpcLogAppender-LogAppenderDaemon] INFO  server.GrpcLogAppender (GrpcLogAppender.java:notifyInstallSnapshot(790)) - omNode-1@group-0AAC5367B30E->omNode-bootstrap-2-GrpcLogAppender: notifyInstallSnapshot with firstAvailable=(t:1, i:0), followerNextIndex=0
2024-09-18 12:54:53,864 [omNode-1@group-0AAC5367B30E->omNode-bootstrap-2-GrpcLogAppender-LogAppenderDaemon] INFO  server.GrpcLogAppender (GrpcLogAppender.java:notifyInstallSnapshot(798)) - omNode-1@group-0AAC5367B30E->omNode-bootstrap-2-GrpcLogAppender: send omNode-1->omNode-bootstrap-2#0-t1,notify:(t:1, i:0)
2024-09-18 12:54:53,864 [omNode-bootstrap-2-server-thread1] INFO  server.RaftServer$Division (RaftServerImpl.java:checkInconsistentAppendEntries(1629)) - omNode-bootstrap-2@group-0AAC5367B30E: Failed appendEntries as snapshot (0) installation is in progress
2024-09-18 12:54:53,865 [omNode-bootstrap-2-server-thread1] INFO  server.RaftServer$Division (RaftServerImpl.java:appendEntriesAsync(1584)) - omNode-bootstrap-2@group-0AAC5367B30E: appendEntries* reply omNode-1<-omNode-bootstrap-2#133:FAIL-t1,INCONSISTENCY,nextIndex=0,followerCommit=-1,matchIndex=-1
2024-09-18 12:54:53,865 [grpc-default-executor-1] INFO  impl.SnapshotInstallationHandler (SnapshotInstallationHandler.java:installSnapshot(92)) - omNode-bootstrap-2@group-0AAC5367B30E: receive installSnapshot: omNode-1->omNode-bootstrap-2#0-t1,notify:(t:1, i:0)
2024-09-18 12:54:53,865 [grpc-default-executor-1] INFO  impl.SnapshotInstallationHandler (SnapshotInstallationHandler.java:installSnapshotImpl(138)) - omNode-bootstrap-2@group-0AAC5367B30E: set new configuration configurationEntry {
  peers {
    id: "omNode-1"
    address: "localhost:15015"
    startupRole: FOLLOWER
  }
}
 from snapshot
2024-09-18 12:54:53,865 [grpc-default-executor-1] INFO  server.RaftServer$Division (ServerState.java:setRaftConf(386)) - omNode-bootstrap-2@group-0AAC5367B30E: set configuration conf: {index: 0, cur=peers:[omNode-1|localhost:15015]|listeners:[], old=null}
2024-09-18 12:54:53,866 [grpc-default-executor-4] WARN  server.GrpcLogAppender (GrpcLogAppender.java:onNextImpl(519)) - omNode-1@group-0AAC5367B30E->omNode-bootstrap-2-AppendLogResponseHandler: received INCONSISTENCY reply with nextIndex 0, errorCount=1, request=AppendEntriesRequest:cid=133,entriesCount=0
2024-09-18 12:54:53,866 [grpc-default-executor-1] INFO  ratis.OzoneManagerStateMachine (OzoneManagerStateMachine.java:notifyConfigurationChanged(216)) - Received Configuration change notification from Ratis. New Peer list:
[id: "omNode-1"
address: "localhost:15015"
startupRole: FOLLOWER
]
2024-09-18 12:54:53,866 [grpc-default-executor-1] INFO  impl.SnapshotInstallationHandler (SnapshotInstallationHandler.java:installSnapshot(103)) - omNode-bootstrap-2@group-0AAC5367B30E: reply installSnapshot: omNode-1<-omNode-bootstrap-2#0:FAIL-t1,IN_PROGRESS,snapshotIndex=0
2024-09-18 12:54:53,866 [grpc-default-executor-1] INFO  server.GrpcServerProtocolService (GrpcServerProtocolService.java:onCompleted(157)) - omNode-bootstrap-2: Completed INSTALL_SNAPSHOT, lastRequest: omNode-1->omNode-bootstrap-2#0-t1,notify:(t:1, i:0)
2024-09-18 12:54:53,867 [grpc-default-executor-1] INFO  server.GrpcServerProtocolService (GrpcServerProtocolService.java:lambda$onCompleted$5(159)) - omNode-bootstrap-2: Completed INSTALL_SNAPSHOT, lastReply: null
2024-09-18 12:54:53,867 [grpc-default-executor-0] INFO  server.GrpcLogAppender (GrpcLogAppender.java:onNext(649)) - omNode-1@group-0AAC5367B30E->omNode-bootstrap-2-InstallSnapshotResponseHandler: received a reply omNode-1<-omNode-bootstrap-2#0:FAIL-t1,IN_PROGRESS,snapshotIndex=0
2024-09-18 12:54:53,867 [grpc-default-executor-0] INFO  server.GrpcLogAppender (GrpcLogAppender.java:onNext(665)) - omNode-1@group-0AAC5367B30E->omNode-bootstrap-2-InstallSnapshotResponseHandler: InstallSnapshot in progress.
2024-09-18 12:54:53,868 [omNode-bootstrap-2-server-thread1] INFO  server.RaftServer$Division (RaftServerImpl.java:checkInconsistentAppendEntries(1629)) - omNode-bootstrap-2@group-0AAC5367B30E: Failed appendEntries as snapshot (0) installation is in progress
2024-09-18 12:54:53,868 [omNode-bootstrap-2-server-thread1] INFO  server.RaftServer$Division (RaftServerImpl.java:appendEntriesAsync(1584)) - omNode-bootstrap-2@group-0AAC5367B30E: appendEntries* reply omNode-1<-omNode-bootstrap-2#134:FAIL-t1,INCONSISTENCY,nextIndex=0,followerCommit=-1,matchIndex=-1
2024-09-18 12:54:53,868 [grpc-default-executor-1] WARN  server.GrpcLogAppender (GrpcLogAppender.java:onNextImpl(519)) - omNode-1@group-0AAC5367B30E->omNode-bootstrap-2-AppendLogResponseHandler: received INCONSISTENCY reply with nextIndex 0, errorCount=1, request=AppendEntriesRequest:cid=134,entriesCount=0
2024-09-18 12:54:53,868 [omNode-1@group-0AAC5367B30E->omNode-bootstrap-2-GrpcLogAppender-LogAppenderDaemon] INFO  server.GrpcLogAppender (GrpcLogAppender.java:notifyInstallSnapshot(790)) - omNode-1@group-0AAC5367B30E->omNode-bootstrap-2-GrpcLogAppender: notifyInstallSnapshot with firstAvailable=(t:1, i:0), followerNextIndex=0
2024-09-18 12:54:53,868 [omNode-1@group-0AAC5367B30E->omNode-bootstrap-2-GrpcLogAppender-LogAppenderDaemon] INFO  server.GrpcLogAppender (GrpcLogAppender.java:notifyInstallSnapshot(798)) - omNode-1@group-0AAC5367B30E->omNode-bootstrap-2-GrpcLogAppender: send omNode-1->omNode-bootstrap-2#0-t1,notify:(t:1, i:0)
2024-09-18 12:54:53,869 [grpc-default-executor-1] INFO  impl.SnapshotInstallationHandler (SnapshotInstallationHandler.java:installSnapshot(92)) - omNode-bootstrap-2@group-0AAC5367B30E: receive installSnapshot: omNode-1->omNode-bootstrap-2#0-t1,notify:(t:1, i:0)
2024-09-18 12:54:53,869 [grpc-default-executor-1] INFO  impl.SnapshotInstallationHandler (SnapshotInstallationHandler.java:installSnapshotImpl(138)) - omNode-bootstrap-2@group-0AAC5367B30E: set new configuration configurationEntry {
  peers {
    id: "omNode-1"
    address: "localhost:15015"
    startupRole: FOLLOWER
  }
}
 from snapshot
2024-09-18 12:54:53,869 [grpc-default-executor-1] INFO  server.RaftServer$Division (ServerState.java:setRaftConf(386)) - omNode-bootstrap-2@group-0AAC5367B30E: set configuration conf: {index: 0, cur=peers:[omNode-1|localhost:15015]|listeners:[], old=null}
2024-09-18 12:54:53,871 [grpc-default-executor-1] INFO  ratis.OzoneManagerStateMachine (OzoneManagerStateMachine.java:notifyConfigurationChanged(216)) - Received Configuration change notification from Ratis. New Peer list:
[id: "omNode-1"
address: "localhost:15015"
startupRole: FOLLOWER
]
2024-09-18 12:54:53,871 [grpc-default-executor-1] INFO  impl.SnapshotInstallationHandler (SnapshotInstallationHandler.java:installSnapshot(103)) - omNode-bootstrap-2@group-0AAC5367B30E: reply installSnapshot: omNode-1<-omNode-bootstrap-2#0:FAIL-t1,IN_PROGRESS,snapshotIndex=0
2024-09-18 12:54:53,871 [grpc-default-executor-1] INFO  server.GrpcServerProtocolService (GrpcServerProtocolService.java:onCompleted(157)) - omNode-bootstrap-2: Completed INSTALL_SNAPSHOT, lastRequest: omNode-1->omNode-bootstrap-2#0-t1,notify:(t:1, i:0)
2024-09-18 12:54:53,871 [grpc-default-executor-1] INFO  server.GrpcServerProtocolService (GrpcServerProtocolService.java:lambda$onCompleted$5(159)) - omNode-bootstrap-2: Completed INSTALL_SNAPSHOT, lastReply: null
2024-09-18 12:54:53,872 [grpc-default-executor-4] INFO  server.GrpcLogAppender (GrpcLogAppender.java:onNext(649)) - omNode-1@group-0AAC5367B30E->omNode-bootstrap-2-InstallSnapshotResponseHandler: received a reply omNode-1<-omNode-bootstrap-2#0:FAIL-t1,IN_PROGRESS,snapshotIndex=0
2024-09-18 12:54:53,872 [grpc-default-executor-4] INFO  server.GrpcLogAppender (GrpcLogAppender.java:onNext(665)) - omNode-1@group-0AAC5367B30E->omNode-bootstrap-2-InstallSnapshotResponseHandler: InstallSnapshot in progress.
2024-09-18 12:54:53,872 [omNode-bootstrap-2-server-thread1] INFO  server.RaftServer$Division (RaftServerImpl.java:checkInconsistentAppendEntries(1629)) - omNode-bootstrap-2@group-0AAC5367B30E: Failed appendEntries as snapshot (0) installation is in progress
2024-09-18 12:54:53,873 [omNode-bootstrap-2-server-thread1] INFO  server.RaftServer$Division (RaftServerImpl.java:appendEntriesAsync(1584)) - omNode-bootstrap-2@group-0AAC5367B30E: appendEntries* reply omNode-1<-omNode-bootstrap-2#135:FAIL-t1,INCONSISTENCY,nextIndex=0,followerCommit=-1,matchIndex=-1
2024-09-18 12:54:53,873 [grpc-default-executor-1] WARN  server.GrpcLogAppender (GrpcLogAppender.java:onNextImpl(519)) - omNode-1@group-0AAC5367B30E->omNode-bootstrap-2-AppendLogResponseHandler: received INCONSISTENCY reply with nextIndex 0, errorCount=1, request=AppendEntriesRequest:cid=135,entriesCount=0
2024-09-18 12:54:53,873 [omNode-1@group-0AAC5367B30E->omNode-bootstrap-2-GrpcLogAppender-LogAppenderDaemon] INFO  server.GrpcLogAppender (GrpcLogAppender.java:notifyInstallSnapshot(790)) - omNode-1@group-0AAC5367B30E->omNode-bootstrap-2-GrpcLogAppender: notifyInstallSnapshot with firstAvailable=(t:1, i:0), followerNextIndex=0
2024-09-18 12:54:53,873 [omNode-1@group-0AAC5367B30E->omNode-bootstrap-2-GrpcLogAppender-LogAppenderDaemon] INFO  server.GrpcLogAppender (GrpcLogAppender.java:notifyInstallSnapshot(798)) - omNode-1@group-0AAC5367B30E->omNode-bootstrap-2-GrpcLogAppender: send omNode-1->omNode-bootstrap-2#0-t1,notify:(t:1, i:0)
2024-09-18 12:54:53,874 [grpc-default-executor-0] INFO  impl.SnapshotInstallationHandler (SnapshotInstallationHandler.java:installSnapshot(92)) - omNode-bootstrap-2@group-0AAC5367B30E: receive installSnapshot: omNode-1->omNode-bootstrap-2#0-t1,notify:(t:1, i:0)
2024-09-18 12:54:53,874 [grpc-default-executor-0] INFO  impl.SnapshotInstallationHandler (SnapshotInstallationHandler.java:installSnapshotImpl(138)) - omNode-bootstrap-2@group-0AAC5367B30E: set new configuration configurationEntry {
  peers {
    id: "omNode-1"
    address: "localhost:15015"
    startupRole: FOLLOWER
  }
}
 from snapshot
2024-09-18 12:54:53,874 [grpc-default-executor-0] INFO  server.RaftServer$Division (ServerState.java:setRaftConf(386)) - omNode-bootstrap-2@group-0AAC5367B30E: set configuration conf: {index: 0, cur=peers:[omNode-1|localhost:15015]|listeners:[], old=null}
2024-09-18 12:54:53,876 [grpc-default-executor-0] INFO  ratis.OzoneManagerStateMachine (OzoneManagerStateMachine.java:notifyConfigurationChanged(216)) - Received Configuration change notification from Ratis. New Peer list:
[id: "omNode-1"
address: "localhost:15015"
startupRole: FOLLOWER
]
2024-09-18 12:54:53,876 [grpc-default-executor-0] INFO  impl.SnapshotInstallationHandler (SnapshotInstallationHandler.java:installSnapshot(103)) - omNode-bootstrap-2@group-0AAC5367B30E: reply installSnapshot: omNode-1<-omNode-bootstrap-2#0:FAIL-t1,IN_PROGRESS,snapshotIndex=0
2024-09-18 12:54:53,876 [grpc-default-executor-0] INFO  server.GrpcServerProtocolService (GrpcServerProtocolService.java:onCompleted(157)) - omNode-bootstrap-2: Completed INSTALL_SNAPSHOT, lastRequest: omNode-1->omNode-bootstrap-2#0-t1,notify:(t:1, i:0)
2024-09-18 12:54:53,876 [grpc-default-executor-0] INFO  server.GrpcServerProtocolService (GrpcServerProtocolService.java:lambda$onCompleted$5(159)) - omNode-bootstrap-2: Completed INSTALL_SNAPSHOT, lastReply: null
2024-09-18 12:54:53,876 [grpc-default-executor-4] INFO  server.GrpcLogAppender (GrpcLogAppender.java:onNext(649)) - omNode-1@group-0AAC5367B30E->omNode-bootstrap-2-InstallSnapshotResponseHandler: received a reply omNode-1<-omNode-bootstrap-2#0:FAIL-t1,IN_PROGRESS,snapshotIndex=0
2024-09-18 12:54:53,877 [grpc-default-executor-4] INFO  server.GrpcLogAppender (GrpcLogAppender.java:onNext(665)) - omNode-1@group-0AAC5367B30E->omNode-bootstrap-2-InstallSnapshotResponseHandler: InstallSnapshot in progress.
2024-09-18 12:54:53,877 [omNode-1@group-0AAC5367B30E->omNode-bootstrap-2-GrpcLogAppender-LogAppenderDaemon] INFO  server.GrpcLogAppender (GrpcLogAppender.java:notifyInstallSnapshot(790)) - omNode-1@group-0AAC5367B30E->omNode-bootstrap-2-GrpcLogAppender: notifyInstallSnapshot with firstAvailable=(t:1, i:0), followerNextIndex=0
2024-09-18 12:54:53,877 [omNode-1@group-0AAC5367B30E->omNode-bootstrap-2-GrpcLogAppender-LogAppenderDaemon] INFO  server.GrpcLogAppender (GrpcLogAppender.java:notifyInstallSnapshot(798)) - omNode-1@group-0AAC5367B30E->omNode-bootstrap-2-GrpcLogAppender: send omNode-1->omNode-bootstrap-2#0-t1,notify:(t:1, i:0)
2024-09-18 12:54:53,878 [omNode-bootstrap-2-server-thread1] INFO  server.RaftServer$Division (RaftServerImpl.java:checkInconsistentAppendEntries(1629)) - omNode-bootstrap-2@group-0AAC5367B30E: Failed appendEntries as snapshot (0) installation is in progress
2024-09-18 12:54:53,878 [omNode-bootstrap-2-server-thread1] INFO  server.RaftServer$Division (RaftServerImpl.java:appendEntriesAsync(1584)) - omNode-bootstrap-2@group-0AAC5367B30E: appendEntries* reply omNode-1<-omNode-bootstrap-2#136:FAIL-t1,INCONSISTENCY,nextIndex=0,followerCommit=-1,matchIndex=-1
2024-09-18 12:54:53,878 [grpc-default-executor-1] INFO  impl.SnapshotInstallationHandler (SnapshotInstallationHandler.java:installSnapshot(92)) - omNode-bootstrap-2@group-0AAC5367B30E: receive installSnapshot: omNode-1->omNode-bootstrap-2#0-t1,notify:(t:1, i:0)
2024-09-18 12:54:53,878 [grpc-default-executor-1] INFO  impl.SnapshotInstallationHandler (SnapshotInstallationHandler.java:installSnapshotImpl(138)) - omNode-bootstrap-2@group-0AAC5367B30E: set new configuration configurationEntry {
  peers {
    id: "omNode-1"
    address: "localhost:15015"
    startupRole: FOLLOWER
  }
}
 from snapshot
2024-09-18 12:54:53,878 [grpc-default-executor-1] INFO  server.RaftServer$Division (ServerState.java:setRaftConf(386)) - omNode-bootstrap-2@group-0AAC5367B30E: set configuration conf: {index: 0, cur=peers:[omNode-1|localhost:15015]|listeners:[], old=null}
2024-09-18 12:54:53,879 [grpc-default-executor-4] WARN  server.GrpcLogAppender (GrpcLogAppender.java:onNextImpl(519)) - omNode-1@group-0AAC5367B30E->omNode-bootstrap-2-AppendLogResponseHandler: received INCONSISTENCY reply with nextIndex 0, errorCount=1, request=AppendEntriesRequest:cid=136,entriesCount=0
2024-09-18 12:54:53,879 [grpc-default-executor-1] INFO  ratis.OzoneManagerStateMachine (OzoneManagerStateMachine.java:notifyConfigurationChanged(216)) - Received Configuration change notification from Ratis. New Peer list:
[id: "omNode-1"
address: "localhost:15015"
startupRole: FOLLOWER
]
2024-09-18 12:54:53,880 [grpc-default-executor-1] INFO  impl.SnapshotInstallationHandler (SnapshotInstallationHandler.java:installSnapshot(103)) - omNode-bootstrap-2@group-0AAC5367B30E: reply installSnapshot: omNode-1<-omNode-bootstrap-2#0:FAIL-t1,IN_PROGRESS,snapshotIndex=0
2024-09-18 12:54:53,880 [grpc-default-executor-1] INFO  server.GrpcServerProtocolService (GrpcServerProtocolService.java:onCompleted(157)) - omNode-bootstrap-2: Completed INSTALL_SNAPSHOT, lastRequest: omNode-1->omNode-bootstrap-2#0-t1,notify:(t:1, i:0)
2024-09-18 12:54:53,880 [grpc-default-executor-1] INFO  server.GrpcServerProtocolService (GrpcServerProtocolService.java:lambda$onCompleted$5(159)) - omNode-bootstrap-2: Completed INSTALL_SNAPSHOT, lastReply: null
2024-09-18 12:54:53,881 [grpc-default-executor-1] INFO  server.GrpcLogAppender (GrpcLogAppender.java:onNext(649)) - omNode-1@group-0AAC5367B30E->omNode-bootstrap-2-InstallSnapshotResponseHandler: received a reply omNode-1<-omNode-bootstrap-2#0:FAIL-t1,IN_PROGRESS,snapshotIndex=0
2024-09-18 12:54:53,881 [grpc-default-executor-1] INFO  server.GrpcLogAppender (GrpcLogAppender.java:onNext(665)) - omNode-1@group-0AAC5367B30E->omNode-bootstrap-2-InstallSnapshotResponseHandler: InstallSnapshot in progress.
2024-09-18 12:54:53,881 [omNode-bootstrap-2-server-thread1] INFO  server.RaftServer$Division (RaftServerImpl.java:checkInconsistentAppendEntries(1629)) - omNode-bootstrap-2@group-0AAC5367B30E: Failed appendEntries as snapshot (0) installation is in progress
2024-09-18 12:54:53,881 [omNode-bootstrap-2-server-thread1] INFO  server.RaftServer$Division (RaftServerImpl.java:appendEntriesAsync(1584)) - omNode-bootstrap-2@group-0AAC5367B30E: appendEntries* reply omNode-1<-omNode-bootstrap-2#137:FAIL-t1,INCONSISTENCY,nextIndex=0,followerCommit=-1,matchIndex=-1
2024-09-18 12:54:53,882 [grpc-default-executor-1] WARN  server.GrpcLogAppender (GrpcLogAppender.java:onNextImpl(519)) - omNode-1@group-0AAC5367B30E->omNode-bootstrap-2-AppendLogResponseHandler: received INCONSISTENCY reply with nextIndex 0, errorCount=1, request=AppendEntriesRequest:cid=137,entriesCount=0
2024-09-18 12:54:53,882 [omNode-1@group-0AAC5367B30E->omNode-bootstrap-2-GrpcLogAppender-LogAppenderDaemon] INFO  server.GrpcLogAppender (GrpcLogAppender.java:notifyInstallSnapshot(790)) - omNode-1@group-0AAC5367B30E->omNode-bootstrap-2-GrpcLogAppender: notifyInstallSnapshot with firstAvailable=(t:1, i:0), followerNextIndex=0
2024-09-18 12:54:53,882 [omNode-1@group-0AAC5367B30E->omNode-bootstrap-2-GrpcLogAppender-LogAppenderDaemon] INFO  server.GrpcLogAppender (GrpcLogAppender.java:notifyInstallSnapshot(798)) - omNode-1@group-0AAC5367B30E->omNode-bootstrap-2-GrpcLogAppender: send omNode-1->omNode-bootstrap-2#0-t1,notify:(t:1, i:0)
2024-09-18 12:54:53,883 [grpc-default-executor-1] INFO  impl.SnapshotInstallationHandler (SnapshotInstallationHandler.java:installSnapshot(92)) - omNode-bootstrap-2@group-0AAC5367B30E: receive installSnapshot: omNode-1->omNode-bootstrap-2#0-t1,notify:(t:1, i:0)
2024-09-18 12:54:53,883 [grpc-default-executor-1] INFO  impl.SnapshotInstallationHandler (SnapshotInstallationHandler.java:installSnapshotImpl(138)) - omNode-bootstrap-2@group-0AAC5367B30E: set new configuration configurationEntry {
  peers {
    id: "omNode-1"
    address: "localhost:15015"
    startupRole: FOLLOWER
  }
}
 from snapshot
2024-09-18 12:54:53,883 [grpc-default-executor-1] INFO  server.RaftServer$Division (ServerState.java:setRaftConf(386)) - omNode-bootstrap-2@group-0AAC5367B30E: set configuration conf: {index: 0, cur=peers:[omNode-1|localhost:15015]|listeners:[], old=null}
2024-09-18 12:54:53,884 [grpc-default-executor-1] INFO  ratis.OzoneManagerStateMachine (OzoneManagerStateMachine.java:notifyConfigurationChanged(216)) - Received Configuration change notification from Ratis. New Peer list:
[id: "omNode-1"
address: "localhost:15015"
startupRole: FOLLOWER
]
2024-09-18 12:54:53,884 [grpc-default-executor-1] INFO  impl.SnapshotInstallationHandler (SnapshotInstallationHandler.java:installSnapshot(103)) - omNode-bootstrap-2@group-0AAC5367B30E: reply installSnapshot: omNode-1<-omNode-bootstrap-2#0:FAIL-t1,IN_PROGRESS,snapshotIndex=0
2024-09-18 12:54:53,885 [grpc-default-executor-0] INFO  server.GrpcLogAppender (GrpcLogAppender.java:onNext(649)) - omNode-1@group-0AAC5367B30E->omNode-bootstrap-2-InstallSnapshotResponseHandler: received a reply omNode-1<-omNode-bootstrap-2#0:FAIL-t1,IN_PROGRESS,snapshotIndex=0
2024-09-18 12:54:53,885 [grpc-default-executor-0] INFO  server.GrpcLogAppender (GrpcLogAppender.java:onNext(665)) - omNode-1@group-0AAC5367B30E->omNode-bootstrap-2-InstallSnapshotResponseHandler: InstallSnapshot in progress.
2024-09-18 12:54:53,885 [grpc-default-executor-1] INFO  server.GrpcServerProtocolService (GrpcServerProtocolService.java:onCompleted(157)) - omNode-bootstrap-2: Completed INSTALL_SNAPSHOT, lastRequest: omNode-1->omNode-bootstrap-2#0-t1,notify:(t:1, i:0)
2024-09-18 12:54:53,885 [grpc-default-executor-1] INFO  server.GrpcServerProtocolService (GrpcServerProtocolService.java:lambda$onCompleted$5(159)) - omNode-bootstrap-2: Completed INSTALL_SNAPSHOT, lastReply: null
2024-09-18 12:54:53,886 [omNode-bootstrap-2-server-thread1] INFO  server.RaftServer$Division (RaftServerImpl.java:checkInconsistentAppendEntries(1629)) - omNode-bootstrap-2@group-0AAC5367B30E: Failed appendEntries as snapshot (0) installation is in progress
2024-09-18 12:54:53,886 [omNode-bootstrap-2-server-thread1] INFO  server.RaftServer$Division (RaftServerImpl.java:appendEntriesAsync(1584)) - omNode-bootstrap-2@group-0AAC5367B30E: appendEntries* reply omNode-1<-omNode-bootstrap-2#138:FAIL-t1,INCONSISTENCY,nextIndex=0,followerCommit=-1,matchIndex=-1
2024-09-18 12:54:53,887 [grpc-default-executor-0] WARN  server.GrpcLogAppender (GrpcLogAppender.java:onNextImpl(519)) - omNode-1@group-0AAC5367B30E->omNode-bootstrap-2-AppendLogResponseHandler: received INCONSISTENCY reply with nextIndex 0, errorCount=1, request=AppendEntriesRequest:cid=138,entriesCount=0
2024-09-18 12:54:53,887 [omNode-1@group-0AAC5367B30E->omNode-bootstrap-2-GrpcLogAppender-LogAppenderDaemon] INFO  server.GrpcLogAppender (GrpcLogAppender.java:notifyInstallSnapshot(790)) - omNode-1@group-0AAC5367B30E->omNode-bootstrap-2-GrpcLogAppender: notifyInstallSnapshot with firstAvailable=(t:1, i:0), followerNextIndex=0
2024-09-18 12:54:53,887 [omNode-1@group-0AAC5367B30E->omNode-bootstrap-2-GrpcLogAppender-LogAppenderDaemon] INFO  server.GrpcLogAppender (GrpcLogAppender.java:notifyInstallSnapshot(798)) - omNode-1@group-0AAC5367B30E->omNode-bootstrap-2-GrpcLogAppender: send omNode-1->omNode-bootstrap-2#0-t1,notify:(t:1, i:0)
2024-09-18 12:54:53,888 [grpc-default-executor-0] INFO  impl.SnapshotInstallationHandler (SnapshotInstallationHandler.java:installSnapshot(92)) - omNode-bootstrap-2@group-0AAC5367B30E: receive installSnapshot: omNode-1->omNode-bootstrap-2#0-t1,notify:(t:1, i:0)
2024-09-18 12:54:53,888 [grpc-default-executor-0] INFO  impl.SnapshotInstallationHandler (SnapshotInstallationHandler.java:installSnapshotImpl(138)) - omNode-bootstrap-2@group-0AAC5367B30E: set new configuration configurationEntry {
  peers {
    id: "omNode-1"
    address: "localhost:15015"
    startupRole: FOLLOWER
  }
}
 from snapshot
2024-09-18 12:54:53,888 [grpc-default-executor-0] INFO  server.RaftServer$Division (ServerState.java:setRaftConf(386)) - omNode-bootstrap-2@group-0AAC5367B30E: set configuration conf: {index: 0, cur=peers:[omNode-1|localhost:15015]|listeners:[], old=null}
2024-09-18 12:54:53,890 [grpc-default-executor-0] INFO  ratis.OzoneManagerStateMachine (OzoneManagerStateMachine.java:notifyConfigurationChanged(216)) - Received Configuration change notification from Ratis. New Peer list:
[id: "omNode-1"
address: "localhost:15015"
startupRole: FOLLOWER
]
2024-09-18 12:54:53,890 [grpc-default-executor-0] INFO  impl.SnapshotInstallationHandler (SnapshotInstallationHandler.java:installSnapshot(103)) - omNode-bootstrap-2@group-0AAC5367B30E: reply installSnapshot: omNode-1<-omNode-bootstrap-2#0:FAIL-t1,IN_PROGRESS,snapshotIndex=0
2024-09-18 12:54:53,890 [grpc-default-executor-0] INFO  server.GrpcServerProtocolService (GrpcServerProtocolService.java:onCompleted(157)) - omNode-bootstrap-2: Completed INSTALL_SNAPSHOT, lastRequest: omNode-1->omNode-bootstrap-2#0-t1,notify:(t:1, i:0)
2024-09-18 12:54:53,890 [grpc-default-executor-0] INFO  server.GrpcServerProtocolService (GrpcServerProtocolService.java:lambda$onCompleted$5(159)) - omNode-bootstrap-2: Completed INSTALL_SNAPSHOT, lastReply: null
2024-09-18 12:54:53,891 [grpc-default-executor-0] INFO  server.GrpcLogAppender (GrpcLogAppender.java:onNext(649)) - omNode-1@group-0AAC5367B30E->omNode-bootstrap-2-InstallSnapshotResponseHandler: received a reply omNode-1<-omNode-bootstrap-2#0:FAIL-t1,IN_PROGRESS,snapshotIndex=0
2024-09-18 12:54:53,891 [grpc-default-executor-0] INFO  server.GrpcLogAppender (GrpcLogAppender.java:onNext(665)) - omNode-1@group-0AAC5367B30E->omNode-bootstrap-2-InstallSnapshotResponseHandler: InstallSnapshot in progress.
2024-09-18 12:54:53,891 [omNode-1@group-0AAC5367B30E->omNode-bootstrap-2-GrpcLogAppender-LogAppenderDaemon] INFO  server.GrpcLogAppender (GrpcLogAppender.java:notifyInstallSnapshot(790)) - omNode-1@group-0AAC5367B30E->omNode-bootstrap-2-GrpcLogAppender: notifyInstallSnapshot with firstAvailable=(t:1, i:0), followerNextIndex=0
2024-09-18 12:54:53,891 [omNode-1@group-0AAC5367B30E->omNode-bootstrap-2-GrpcLogAppender-LogAppenderDaemon] INFO  server.GrpcLogAppender (GrpcLogAppender.java:notifyInstallSnapshot(798)) - omNode-1@group-0AAC5367B30E->omNode-bootstrap-2-GrpcLogAppender: send omNode-1->omNode-bootstrap-2#0-t1,notify:(t:1, i:0)
2024-09-18 12:54:53,891 [omNode-bootstrap-2-server-thread1] INFO  server.RaftServer$Division (RaftServerImpl.java:checkInconsistentAppendEntries(1629)) - omNode-bootstrap-2@group-0AAC5367B30E: Failed appendEntries as snapshot (0) installation is in progress
2024-09-18 12:54:53,892 [omNode-bootstrap-2-server-thread1] INFO  server.RaftServer$Division (RaftServerImpl.java:appendEntriesAsync(1584)) - omNode-bootstrap-2@group-0AAC5367B30E: appendEntries* reply omNode-1<-omNode-bootstrap-2#139:FAIL-t1,INCONSISTENCY,nextIndex=0,followerCommit=-1,matchIndex=-1
2024-09-18 12:54:53,892 [grpc-default-executor-4] INFO  impl.SnapshotInstallationHandler (SnapshotInstallationHandler.java:installSnapshot(92)) - omNode-bootstrap-2@group-0AAC5367B30E: receive installSnapshot: omNode-1->omNode-bootstrap-2#0-t1,notify:(t:1, i:0)
2024-09-18 12:54:53,893 [grpc-default-executor-4] INFO  impl.SnapshotInstallationHandler (SnapshotInstallationHandler.java:installSnapshotImpl(138)) - omNode-bootstrap-2@group-0AAC5367B30E: set new configuration configurationEntry {
  peers {
    id: "omNode-1"
    address: "localhost:15015"
    startupRole: FOLLOWER
  }
}
 from snapshot
2024-09-18 12:54:53,893 [grpc-default-executor-4] INFO  server.RaftServer$Division (ServerState.java:setRaftConf(386)) - omNode-bootstrap-2@group-0AAC5367B30E: set configuration conf: {index: 0, cur=peers:[omNode-1|localhost:15015]|listeners:[], old=null}
2024-09-18 12:54:53,894 [grpc-default-executor-1] WARN  server.GrpcLogAppender (GrpcLogAppender.java:onNextImpl(519)) - omNode-1@group-0AAC5367B30E->omNode-bootstrap-2-AppendLogResponseHandler: received INCONSISTENCY reply with nextIndex 0, errorCount=1, request=AppendEntriesRequest:cid=139,entriesCount=0
2024-09-18 12:54:53,894 [grpc-default-executor-4] INFO  ratis.OzoneManagerStateMachine (OzoneManagerStateMachine.java:notifyConfigurationChanged(216)) - Received Configuration change notification from Ratis. New Peer list:
[id: "omNode-1"
address: "localhost:15015"
startupRole: FOLLOWER
]
2024-09-18 12:54:53,894 [grpc-default-executor-4] INFO  impl.SnapshotInstallationHandler (SnapshotInstallationHandler.java:installSnapshot(103)) - omNode-bootstrap-2@group-0AAC5367B30E: reply installSnapshot: omNode-1<-omNode-bootstrap-2#0:FAIL-t1,IN_PROGRESS,snapshotIndex=0
2024-09-18 12:54:53,894 [grpc-default-executor-4] INFO  server.GrpcServerProtocolService (GrpcServerProtocolService.java:onCompleted(157)) - omNode-bootstrap-2: Completed INSTALL_SNAPSHOT, lastRequest: omNode-1->omNode-bootstrap-2#0-t1,notify:(t:1, i:0)
2024-09-18 12:54:53,894 [grpc-default-executor-4] INFO  server.GrpcServerProtocolService (GrpcServerProtocolService.java:lambda$onCompleted$5(159)) - omNode-bootstrap-2: Completed INSTALL_SNAPSHOT, lastReply: null
2024-09-18 12:54:53,894 [grpc-default-executor-4] INFO  server.GrpcLogAppender (GrpcLogAppender.java:onNext(649)) - omNode-1@group-0AAC5367B30E->omNode-bootstrap-2-InstallSnapshotResponseHandler: received a reply omNode-1<-omNode-bootstrap-2#0:FAIL-t1,IN_PROGRESS,snapshotIndex=0
2024-09-18 12:54:53,894 [grpc-default-executor-4] INFO  server.GrpcLogAppender (GrpcLogAppender.java:onNext(665)) - omNode-1@group-0AAC5367B30E->omNode-bootstrap-2-InstallSnapshotResponseHandler: InstallSnapshot in progress.
2024-09-18 12:54:53,895 [omNode-bootstrap-2-server-thread1] INFO  server.RaftServer$Division (RaftServerImpl.java:checkInconsistentAppendEntries(1629)) - omNode-bootstrap-2@group-0AAC5367B30E: Failed appendEntries as snapshot (0) installation is in progress
2024-09-18 12:54:53,895 [omNode-bootstrap-2-server-thread1] INFO  server.RaftServer$Division (RaftServerImpl.java:appendEntriesAsync(1584)) - omNode-bootstrap-2@group-0AAC5367B30E: appendEntries* reply omNode-1<-omNode-bootstrap-2#140:FAIL-t1,INCONSISTENCY,nextIndex=0,followerCommit=-1,matchIndex=-1
2024-09-18 12:54:53,896 [grpc-default-executor-4] WARN  server.GrpcLogAppender (GrpcLogAppender.java:onNextImpl(519)) - omNode-1@group-0AAC5367B30E->omNode-bootstrap-2-AppendLogResponseHandler: received INCONSISTENCY reply with nextIndex 0, errorCount=1, request=AppendEntriesRequest:cid=140,entriesCount=0
2024-09-18 12:54:53,896 [omNode-1@group-0AAC5367B30E->omNode-bootstrap-2-GrpcLogAppender-LogAppenderDaemon] INFO  server.GrpcLogAppender (GrpcLogAppender.java:notifyInstallSnapshot(790)) - omNode-1@group-0AAC5367B30E->omNode-bootstrap-2-GrpcLogAppender: notifyInstallSnapshot with firstAvailable=(t:1, i:0), followerNextIndex=0
2024-09-18 12:54:53,896 [omNode-1@group-0AAC5367B30E->omNode-bootstrap-2-GrpcLogAppender-LogAppenderDaemon] INFO  server.GrpcLogAppender (GrpcLogAppender.java:notifyInstallSnapshot(798)) - omNode-1@group-0AAC5367B30E->omNode-bootstrap-2-GrpcLogAppender: send omNode-1->omNode-bootstrap-2#0-t1,notify:(t:1, i:0)
2024-09-18 12:54:53,898 [grpc-default-executor-4] INFO  impl.SnapshotInstallationHandler (SnapshotInstallationHandler.java:installSnapshot(92)) - omNode-bootstrap-2@group-0AAC5367B30E: receive installSnapshot: omNode-1->omNode-bootstrap-2#0-t1,notify:(t:1, i:0)
2024-09-18 12:54:53,898 [grpc-default-executor-4] INFO  impl.SnapshotInstallationHandler (SnapshotInstallationHandler.java:installSnapshotImpl(138)) - omNode-bootstrap-2@group-0AAC5367B30E: set new configuration configurationEntry {
  peers {
    id: "omNode-1"
    address: "localhost:15015"
    startupRole: FOLLOWER
  }
}
 from snapshot
2024-09-18 12:54:53,898 [grpc-default-executor-4] INFO  server.RaftServer$Division (ServerState.java:setRaftConf(386)) - omNode-bootstrap-2@group-0AAC5367B30E: set configuration conf: {index: 0, cur=peers:[omNode-1|localhost:15015]|listeners:[], old=null}
2024-09-18 12:54:53,899 [grpc-default-executor-4] INFO  ratis.OzoneManagerStateMachine (OzoneManagerStateMachine.java:notifyConfigurationChanged(216)) - Received Configuration change notification from Ratis. New Peer list:
[id: "omNode-1"
address: "localhost:15015"
startupRole: FOLLOWER
]
2024-09-18 12:54:53,900 [grpc-default-executor-4] INFO  impl.SnapshotInstallationHandler (SnapshotInstallationHandler.java:installSnapshot(103)) - omNode-bootstrap-2@group-0AAC5367B30E: reply installSnapshot: omNode-1<-omNode-bootstrap-2#0:FAIL-t1,IN_PROGRESS,snapshotIndex=0
2024-09-18 12:54:53,900 [grpc-default-executor-4] INFO  server.GrpcServerProtocolService (GrpcServerProtocolService.java:onCompleted(157)) - omNode-bootstrap-2: Completed INSTALL_SNAPSHOT, lastRequest: omNode-1->omNode-bootstrap-2#0-t1,notify:(t:1, i:0)
2024-09-18 12:54:53,900 [grpc-default-executor-4] INFO  server.GrpcServerProtocolService (GrpcServerProtocolService.java:lambda$onCompleted$5(159)) - omNode-bootstrap-2: Completed INSTALL_SNAPSHOT, lastReply: null
2024-09-18 12:54:53,900 [grpc-default-executor-4] INFO  server.GrpcLogAppender (GrpcLogAppender.java:onNext(649)) - omNode-1@group-0AAC5367B30E->omNode-bootstrap-2-InstallSnapshotResponseHandler: received a reply omNode-1<-omNode-bootstrap-2#0:FAIL-t1,IN_PROGRESS,snapshotIndex=0
2024-09-18 12:54:53,900 [grpc-default-executor-4] INFO  server.GrpcLogAppender (GrpcLogAppender.java:onNext(665)) - omNode-1@group-0AAC5367B30E->omNode-bootstrap-2-InstallSnapshotResponseHandler: InstallSnapshot in progress.
2024-09-18 12:54:53,901 [omNode-1@group-0AAC5367B30E->omNode-bootstrap-2-GrpcLogAppender-LogAppenderDaemon] INFO  server.GrpcLogAppender (GrpcLogAppender.java:notifyInstallSnapshot(790)) - omNode-1@group-0AAC5367B30E->omNode-bootstrap-2-GrpcLogAppender: notifyInstallSnapshot with firstAvailable=(t:1, i:0), followerNextIndex=0
2024-09-18 12:54:53,901 [omNode-1@group-0AAC5367B30E->omNode-bootstrap-2-GrpcLogAppender-LogAppenderDaemon] INFO  server.GrpcLogAppender (GrpcLogAppender.java:notifyInstallSnapshot(798)) - omNode-1@group-0AAC5367B30E->omNode-bootstrap-2-GrpcLogAppender: send omNode-1->omNode-bootstrap-2#0-t1,notify:(t:1, i:0)
2024-09-18 12:54:53,902 [omNode-bootstrap-2-server-thread1] INFO  server.RaftServer$Division (RaftServerImpl.java:checkInconsistentAppendEntries(1629)) - omNode-bootstrap-2@group-0AAC5367B30E: Failed appendEntries as snapshot (0) installation is in progress
2024-09-18 12:54:53,902 [omNode-bootstrap-2-server-thread1] INFO  server.RaftServer$Division (RaftServerImpl.java:appendEntriesAsync(1584)) - omNode-bootstrap-2@group-0AAC5367B30E: appendEntries* reply omNode-1<-omNode-bootstrap-2#141:FAIL-t1,INCONSISTENCY,nextIndex=0,followerCommit=-1,matchIndex=-1
2024-09-18 12:54:53,903 [grpc-default-executor-1] INFO  impl.SnapshotInstallationHandler (SnapshotInstallationHandler.java:installSnapshot(92)) - omNode-bootstrap-2@group-0AAC5367B30E: receive installSnapshot: omNode-1->omNode-bootstrap-2#0-t1,notify:(t:1, i:0)
2024-09-18 12:54:53,903 [grpc-default-executor-1] INFO  impl.SnapshotInstallationHandler (SnapshotInstallationHandler.java:installSnapshotImpl(138)) - omNode-bootstrap-2@group-0AAC5367B30E: set new configuration configurationEntry {
  peers {
    id: "omNode-1"
    address: "localhost:15015"
    startupRole: FOLLOWER
  }
}
 from snapshot
2024-09-18 12:54:53,903 [grpc-default-executor-1] INFO  server.RaftServer$Division (ServerState.java:setRaftConf(386)) - omNode-bootstrap-2@group-0AAC5367B30E: set configuration conf: {index: 0, cur=peers:[omNode-1|localhost:15015]|listeners:[], old=null}
2024-09-18 12:54:53,904 [grpc-default-executor-1] INFO  ratis.OzoneManagerStateMachine (OzoneManagerStateMachine.java:notifyConfigurationChanged(216)) - Received Configuration change notification from Ratis. New Peer list:
[id: "omNode-1"
address: "localhost:15015"
startupRole: FOLLOWER
]
2024-09-18 12:54:53,904 [grpc-default-executor-1] INFO  impl.SnapshotInstallationHandler (SnapshotInstallationHandler.java:installSnapshot(103)) - omNode-bootstrap-2@group-0AAC5367B30E: reply installSnapshot: omNode-1<-omNode-bootstrap-2#0:FAIL-t1,IN_PROGRESS,snapshotIndex=0
2024-09-18 12:54:53,904 [grpc-default-executor-1] INFO  server.GrpcServerProtocolService (GrpcServerProtocolService.java:onCompleted(157)) - omNode-bootstrap-2: Completed INSTALL_SNAPSHOT, lastRequest: omNode-1->omNode-bootstrap-2#0-t1,notify:(t:1, i:0)
2024-09-18 12:54:53,904 [grpc-default-executor-1] INFO  server.GrpcServerProtocolService (GrpcServerProtocolService.java:lambda$onCompleted$5(159)) - omNode-bootstrap-2: Completed INSTALL_SNAPSHOT, lastReply: null
2024-09-18 12:54:53,905 [grpc-default-executor-1] INFO  server.GrpcLogAppender (GrpcLogAppender.java:onNext(649)) - omNode-1@group-0AAC5367B30E->omNode-bootstrap-2-InstallSnapshotResponseHandler: received a reply omNode-1<-omNode-bootstrap-2#0:FAIL-t1,IN_PROGRESS,snapshotIndex=0
2024-09-18 12:54:53,905 [grpc-default-executor-1] INFO  server.GrpcLogAppender (GrpcLogAppender.java:onNext(665)) - omNode-1@group-0AAC5367B30E->omNode-bootstrap-2-InstallSnapshotResponseHandler: InstallSnapshot in progress.
2024-09-18 12:54:53,905 [omNode-1@group-0AAC5367B30E->omNode-bootstrap-2-GrpcLogAppender-LogAppenderDaemon] INFO  server.GrpcLogAppender (GrpcLogAppender.java:notifyInstallSnapshot(790)) - omNode-1@group-0AAC5367B30E->omNode-bootstrap-2-GrpcLogAppender: notifyInstallSnapshot with firstAvailable=(t:1, i:0), followerNextIndex=0
2024-09-18 12:54:53,905 [omNode-1@group-0AAC5367B30E->omNode-bootstrap-2-GrpcLogAppender-LogAppenderDaemon] INFO  server.GrpcLogAppender (GrpcLogAppender.java:notifyInstallSnapshot(798)) - omNode-1@group-0AAC5367B30E->omNode-bootstrap-2-GrpcLogAppender: send omNode-1->omNode-bootstrap-2#0-t1,notify:(t:1, i:0)
2024-09-18 12:54:53,906 [grpc-default-executor-1] WARN  server.GrpcLogAppender (GrpcLogAppender.java:onNextImpl(519)) - omNode-1@group-0AAC5367B30E->omNode-bootstrap-2-AppendLogResponseHandler: received INCONSISTENCY reply with nextIndex 0, errorCount=1, request=AppendEntriesRequest:cid=141,entriesCount=0
2024-09-18 12:54:53,906 [grpc-default-executor-1] INFO  impl.SnapshotInstallationHandler (SnapshotInstallationHandler.java:installSnapshot(92)) - omNode-bootstrap-2@group-0AAC5367B30E: receive installSnapshot: omNode-1->omNode-bootstrap-2#0-t1,notify:(t:1, i:0)
2024-09-18 12:54:53,907 [grpc-default-executor-1] INFO  impl.SnapshotInstallationHandler (SnapshotInstallationHandler.java:installSnapshotImpl(138)) - omNode-bootstrap-2@group-0AAC5367B30E: set new configuration configurationEntry {
  peers {
    id: "omNode-1"
    address: "localhost:15015"
    startupRole: FOLLOWER
  }
}
 from snapshot
2024-09-18 12:54:53,907 [grpc-default-executor-1] INFO  server.RaftServer$Division (ServerState.java:setRaftConf(386)) - omNode-bootstrap-2@group-0AAC5367B30E: set configuration conf: {index: 0, cur=peers:[omNode-1|localhost:15015]|listeners:[], old=null}
2024-09-18 12:54:53,908 [omNode-bootstrap-2-server-thread1] INFO  server.RaftServer$Division (RaftServerImpl.java:checkInconsistentAppendEntries(1629)) - omNode-bootstrap-2@group-0AAC5367B30E: Failed appendEntries as snapshot (0) installation is in progress
2024-09-18 12:54:53,908 [grpc-default-executor-1] INFO  ratis.OzoneManagerStateMachine (OzoneManagerStateMachine.java:notifyConfigurationChanged(216)) - Received Configuration change notification from Ratis. New Peer list:
[id: "omNode-1"
address: "localhost:15015"
startupRole: FOLLOWER
]
2024-09-18 12:54:53,908 [grpc-default-executor-1] INFO  impl.SnapshotInstallationHandler (SnapshotInstallationHandler.java:installSnapshot(103)) - omNode-bootstrap-2@group-0AAC5367B30E: reply installSnapshot: omNode-1<-omNode-bootstrap-2#0:FAIL-t1,IN_PROGRESS,snapshotIndex=0
2024-09-18 12:54:53,908 [grpc-default-executor-1] INFO  server.GrpcServerProtocolService (GrpcServerProtocolService.java:onCompleted(157)) - omNode-bootstrap-2: Completed INSTALL_SNAPSHOT, lastRequest: omNode-1->omNode-bootstrap-2#0-t1,notify:(t:1, i:0)
2024-09-18 12:54:53,908 [grpc-default-executor-1] INFO  server.GrpcServerProtocolService (GrpcServerProtocolService.java:lambda$onCompleted$5(159)) - omNode-bootstrap-2: Completed INSTALL_SNAPSHOT, lastReply: null
2024-09-18 12:54:53,908 [omNode-bootstrap-2-server-thread1] INFO  server.RaftServer$Division (RaftServerImpl.java:appendEntriesAsync(1584)) - omNode-bootstrap-2@group-0AAC5367B30E: appendEntries* reply omNode-1<-omNode-bootstrap-2#142:FAIL-t1,INCONSISTENCY,nextIndex=0,followerCommit=-1,matchIndex=-1
2024-09-18 12:54:53,909 [grpc-default-executor-1] INFO  server.GrpcLogAppender (GrpcLogAppender.java:onNext(649)) - omNode-1@group-0AAC5367B30E->omNode-bootstrap-2-InstallSnapshotResponseHandler: received a reply omNode-1<-omNode-bootstrap-2#0:FAIL-t1,IN_PROGRESS,snapshotIndex=0
2024-09-18 12:54:53,909 [grpc-default-executor-4] WARN  server.GrpcLogAppender (GrpcLogAppender.java:onNextImpl(519)) - omNode-1@group-0AAC5367B30E->omNode-bootstrap-2-AppendLogResponseHandler: received INCONSISTENCY reply with nextIndex 0, errorCount=2, request=null
2024-09-18 12:54:53,909 [grpc-default-executor-1] INFO  server.GrpcLogAppender (GrpcLogAppender.java:onNext(665)) - omNode-1@group-0AAC5367B30E->omNode-bootstrap-2-InstallSnapshotResponseHandler: InstallSnapshot in progress.
2024-09-18 12:54:53,909 [omNode-1@group-0AAC5367B30E->omNode-bootstrap-2-GrpcLogAppender-LogAppenderDaemon] INFO  server.GrpcLogAppender (GrpcLogAppender.java:notifyInstallSnapshot(790)) - omNode-1@group-0AAC5367B30E->omNode-bootstrap-2-GrpcLogAppender: notifyInstallSnapshot with firstAvailable=(t:1, i:0), followerNextIndex=0
2024-09-18 12:54:53,910 [omNode-1@group-0AAC5367B30E->omNode-bootstrap-2-GrpcLogAppender-LogAppenderDaemon] INFO  server.GrpcLogAppender (GrpcLogAppender.java:notifyInstallSnapshot(798)) - omNode-1@group-0AAC5367B30E->omNode-bootstrap-2-GrpcLogAppender: send omNode-1->omNode-bootstrap-2#0-t1,notify:(t:1, i:0)
2024-09-18 12:54:53,910 [omNode-bootstrap-2-server-thread1] INFO  server.RaftServer$Division (RaftServerImpl.java:checkInconsistentAppendEntries(1629)) - omNode-bootstrap-2@group-0AAC5367B30E: Failed appendEntries as snapshot (0) installation is in progress
2024-09-18 12:54:53,910 [omNode-bootstrap-2-server-thread1] INFO  server.RaftServer$Division (RaftServerImpl.java:appendEntriesAsync(1584)) - omNode-bootstrap-2@group-0AAC5367B30E: appendEntries* reply omNode-1<-omNode-bootstrap-2#143:FAIL-t1,INCONSISTENCY,nextIndex=0,followerCommit=-1,matchIndex=-1
2024-09-18 12:54:53,910 [grpc-default-executor-4] INFO  impl.SnapshotInstallationHandler (SnapshotInstallationHandler.java:installSnapshot(92)) - omNode-bootstrap-2@group-0AAC5367B30E: receive installSnapshot: omNode-1->omNode-bootstrap-2#0-t1,notify:(t:1, i:0)
2024-09-18 12:54:53,911 [grpc-default-executor-4] INFO  impl.SnapshotInstallationHandler (SnapshotInstallationHandler.java:installSnapshotImpl(138)) - omNode-bootstrap-2@group-0AAC5367B30E: set new configuration configurationEntry {
  peers {
    id: "omNode-1"
    address: "localhost:15015"
    startupRole: FOLLOWER
  }
}
 from snapshot
2024-09-18 12:54:53,911 [grpc-default-executor-4] INFO  server.RaftServer$Division (ServerState.java:setRaftConf(386)) - omNode-bootstrap-2@group-0AAC5367B30E: set configuration conf: {index: 0, cur=peers:[omNode-1|localhost:15015]|listeners:[], old=null}
2024-09-18 12:54:53,911 [grpc-default-executor-1] WARN  server.GrpcLogAppender (GrpcLogAppender.java:onNextImpl(519)) - omNode-1@group-0AAC5367B30E->omNode-bootstrap-2-AppendLogResponseHandler: received INCONSISTENCY reply with nextIndex 0, errorCount=1, request=AppendEntriesRequest:cid=143,entriesCount=0
2024-09-18 12:54:53,912 [grpc-default-executor-4] INFO  ratis.OzoneManagerStateMachine (OzoneManagerStateMachine.java:notifyConfigurationChanged(216)) - Received Configuration change notification from Ratis. New Peer list:
[id: "omNode-1"
address: "localhost:15015"
startupRole: FOLLOWER
]
2024-09-18 12:54:53,912 [grpc-default-executor-4] INFO  impl.SnapshotInstallationHandler (SnapshotInstallationHandler.java:installSnapshot(103)) - omNode-bootstrap-2@group-0AAC5367B30E: reply installSnapshot: omNode-1<-omNode-bootstrap-2#0:FAIL-t1,IN_PROGRESS,snapshotIndex=0
2024-09-18 12:54:53,912 [grpc-default-executor-4] INFO  server.GrpcServerProtocolService (GrpcServerProtocolService.java:onCompleted(157)) - omNode-bootstrap-2: Completed INSTALL_SNAPSHOT, lastRequest: omNode-1->omNode-bootstrap-2#0-t1,notify:(t:1, i:0)
2024-09-18 12:54:53,912 [grpc-default-executor-4] INFO  server.GrpcServerProtocolService (GrpcServerProtocolService.java:lambda$onCompleted$5(159)) - omNode-bootstrap-2: Completed INSTALL_SNAPSHOT, lastReply: null
2024-09-18 12:54:53,913 [grpc-default-executor-1] INFO  server.GrpcLogAppender (GrpcLogAppender.java:onNext(649)) - omNode-1@group-0AAC5367B30E->omNode-bootstrap-2-InstallSnapshotResponseHandler: received a reply omNode-1<-omNode-bootstrap-2#0:FAIL-t1,IN_PROGRESS,snapshotIndex=0
2024-09-18 12:54:53,913 [grpc-default-executor-1] INFO  server.GrpcLogAppender (GrpcLogAppender.java:onNext(665)) - omNode-1@group-0AAC5367B30E->omNode-bootstrap-2-InstallSnapshotResponseHandler: InstallSnapshot in progress.
2024-09-18 12:54:53,913 [omNode-1@group-0AAC5367B30E->omNode-bootstrap-2-GrpcLogAppender-LogAppenderDaemon] INFO  server.GrpcLogAppender (GrpcLogAppender.java:notifyInstallSnapshot(790)) - omNode-1@group-0AAC5367B30E->omNode-bootstrap-2-GrpcLogAppender: notifyInstallSnapshot with firstAvailable=(t:1, i:0), followerNextIndex=0
2024-09-18 12:54:53,913 [omNode-1@group-0AAC5367B30E->omNode-bootstrap-2-GrpcLogAppender-LogAppenderDaemon] INFO  server.GrpcLogAppender (GrpcLogAppender.java:notifyInstallSnapshot(798)) - omNode-1@group-0AAC5367B30E->omNode-bootstrap-2-GrpcLogAppender: send omNode-1->omNode-bootstrap-2#0-t1,notify:(t:1, i:0)
2024-09-18 12:54:53,913 [omNode-bootstrap-2-server-thread1] INFO  server.RaftServer$Division (RaftServerImpl.java:checkInconsistentAppendEntries(1629)) - omNode-bootstrap-2@group-0AAC5367B30E: Failed appendEntries as snapshot (0) installation is in progress
2024-09-18 12:54:53,913 [omNode-bootstrap-2-server-thread1] INFO  server.RaftServer$Division (RaftServerImpl.java:appendEntriesAsync(1584)) - omNode-bootstrap-2@group-0AAC5367B30E: appendEntries* reply omNode-1<-omNode-bootstrap-2#144:FAIL-t1,INCONSISTENCY,nextIndex=0,followerCommit=-1,matchIndex=-1
2024-09-18 12:54:53,914 [grpc-default-executor-4] WARN  server.GrpcLogAppender (GrpcLogAppender.java:onNextImpl(519)) - omNode-1@group-0AAC5367B30E->omNode-bootstrap-2-AppendLogResponseHandler: received INCONSISTENCY reply with nextIndex 0, errorCount=1, request=AppendEntriesRequest:cid=144,entriesCount=0
2024-09-18 12:54:53,914 [grpc-default-executor-1] INFO  impl.SnapshotInstallationHandler (SnapshotInstallationHandler.java:installSnapshot(92)) - omNode-bootstrap-2@group-0AAC5367B30E: receive installSnapshot: omNode-1->omNode-bootstrap-2#0-t1,notify:(t:1, i:0)
2024-09-18 12:54:53,914 [grpc-default-executor-1] INFO  impl.SnapshotInstallationHandler (SnapshotInstallationHandler.java:installSnapshotImpl(138)) - omNode-bootstrap-2@group-0AAC5367B30E: set new configuration configurationEntry {
  peers {
    id: "omNode-1"
    address: "localhost:15015"
    startupRole: FOLLOWER
  }
}
 from snapshot
2024-09-18 12:54:53,915 [grpc-default-executor-1] INFO  server.RaftServer$Division (ServerState.java:setRaftConf(386)) - omNode-bootstrap-2@group-0AAC5367B30E: set configuration conf: {index: 0, cur=peers:[omNode-1|localhost:15015]|listeners:[], old=null}
2024-09-18 12:54:53,916 [grpc-default-executor-1] INFO  ratis.OzoneManagerStateMachine (OzoneManagerStateMachine.java:notifyConfigurationChanged(216)) - Received Configuration change notification from Ratis. New Peer list:
[id: "omNode-1"
address: "localhost:15015"
startupRole: FOLLOWER
]
2024-09-18 12:54:53,916 [grpc-default-executor-1] INFO  impl.SnapshotInstallationHandler (SnapshotInstallationHandler.java:installSnapshot(103)) - omNode-bootstrap-2@group-0AAC5367B30E: reply installSnapshot: omNode-1<-omNode-bootstrap-2#0:FAIL-t1,IN_PROGRESS,snapshotIndex=0
2024-09-18 12:54:53,916 [grpc-default-executor-1] INFO  server.GrpcServerProtocolService (GrpcServerProtocolService.java:onCompleted(157)) - omNode-bootstrap-2: Completed INSTALL_SNAPSHOT, lastRequest: omNode-1->omNode-bootstrap-2#0-t1,notify:(t:1, i:0)
2024-09-18 12:54:53,916 [grpc-default-executor-1] INFO  server.GrpcServerProtocolService (GrpcServerProtocolService.java:lambda$onCompleted$5(159)) - omNode-bootstrap-2: Completed INSTALL_SNAPSHOT, lastReply: null
2024-09-18 12:54:53,917 [grpc-default-executor-4] INFO  server.GrpcLogAppender (GrpcLogAppender.java:onNext(649)) - omNode-1@group-0AAC5367B30E->omNode-bootstrap-2-InstallSnapshotResponseHandler: received a reply omNode-1<-omNode-bootstrap-2#0:FAIL-t1,IN_PROGRESS,snapshotIndex=0
2024-09-18 12:54:53,917 [grpc-default-executor-4] INFO  server.GrpcLogAppender (GrpcLogAppender.java:onNext(665)) - omNode-1@group-0AAC5367B30E->omNode-bootstrap-2-InstallSnapshotResponseHandler: InstallSnapshot in progress.
2024-09-18 12:54:53,917 [omNode-1@group-0AAC5367B30E->omNode-bootstrap-2-GrpcLogAppender-LogAppenderDaemon] INFO  server.GrpcLogAppender (GrpcLogAppender.java:notifyInstallSnapshot(790)) - omNode-1@group-0AAC5367B30E->omNode-bootstrap-2-GrpcLogAppender: notifyInstallSnapshot with firstAvailable=(t:1, i:0), followerNextIndex=0
2024-09-18 12:54:53,917 [omNode-1@group-0AAC5367B30E->omNode-bootstrap-2-GrpcLogAppender-LogAppenderDaemon] INFO  server.GrpcLogAppender (GrpcLogAppender.java:notifyInstallSnapshot(798)) - omNode-1@group-0AAC5367B30E->omNode-bootstrap-2-GrpcLogAppender: send omNode-1->omNode-bootstrap-2#0-t1,notify:(t:1, i:0)
2024-09-18 12:54:53,917 [omNode-bootstrap-2-server-thread1] INFO  server.RaftServer$Division (RaftServerImpl.java:checkInconsistentAppendEntries(1629)) - omNode-bootstrap-2@group-0AAC5367B30E: Failed appendEntries as snapshot (0) installation is in progress
2024-09-18 12:54:53,918 [omNode-bootstrap-2-server-thread1] INFO  server.RaftServer$Division (RaftServerImpl.java:appendEntriesAsync(1584)) - omNode-bootstrap-2@group-0AAC5367B30E: appendEntries* reply omNode-1<-omNode-bootstrap-2#145:FAIL-t1,INCONSISTENCY,nextIndex=0,followerCommit=-1,matchIndex=-1
2024-09-18 12:54:53,918 [grpc-default-executor-4] WARN  server.GrpcLogAppender (GrpcLogAppender.java:onNextImpl(519)) - omNode-1@group-0AAC5367B30E->omNode-bootstrap-2-AppendLogResponseHandler: received INCONSISTENCY reply with nextIndex 0, errorCount=1, request=AppendEntriesRequest:cid=145,entriesCount=0
2024-09-18 12:54:53,918 [grpc-default-executor-1] INFO  impl.SnapshotInstallationHandler (SnapshotInstallationHandler.java:installSnapshot(92)) - omNode-bootstrap-2@group-0AAC5367B30E: receive installSnapshot: omNode-1->omNode-bootstrap-2#0-t1,notify:(t:1, i:0)
2024-09-18 12:54:53,919 [grpc-default-executor-1] INFO  impl.SnapshotInstallationHandler (SnapshotInstallationHandler.java:installSnapshotImpl(138)) - omNode-bootstrap-2@group-0AAC5367B30E: set new configuration configurationEntry {
  peers {
    id: "omNode-1"
    address: "localhost:15015"
    startupRole: FOLLOWER
  }
}
 from snapshot
2024-09-18 12:54:53,919 [grpc-default-executor-1] INFO  server.RaftServer$Division (ServerState.java:setRaftConf(386)) - omNode-bootstrap-2@group-0AAC5367B30E: set configuration conf: {index: 0, cur=peers:[omNode-1|localhost:15015]|listeners:[], old=null}
2024-09-18 12:54:53,920 [grpc-default-executor-1] INFO  ratis.OzoneManagerStateMachine (OzoneManagerStateMachine.java:notifyConfigurationChanged(216)) - Received Configuration change notification from Ratis. New Peer list:
[id: "omNode-1"
address: "localhost:15015"
startupRole: FOLLOWER
]
2024-09-18 12:54:53,920 [grpc-default-executor-1] INFO  impl.SnapshotInstallationHandler (SnapshotInstallationHandler.java:installSnapshot(103)) - omNode-bootstrap-2@group-0AAC5367B30E: reply installSnapshot: omNode-1<-omNode-bootstrap-2#0:FAIL-t1,IN_PROGRESS,snapshotIndex=0
2024-09-18 12:54:53,920 [grpc-default-executor-1] INFO  server.GrpcServerProtocolService (GrpcServerProtocolService.java:onCompleted(157)) - omNode-bootstrap-2: Completed INSTALL_SNAPSHOT, lastRequest: omNode-1->omNode-bootstrap-2#0-t1,notify:(t:1, i:0)
2024-09-18 12:54:53,920 [grpc-default-executor-1] INFO  server.GrpcServerProtocolService (GrpcServerProtocolService.java:lambda$onCompleted$5(159)) - omNode-bootstrap-2: Completed INSTALL_SNAPSHOT, lastReply: null
2024-09-18 12:54:53,920 [grpc-default-executor-4] INFO  server.GrpcLogAppender (GrpcLogAppender.java:onNext(649)) - omNode-1@group-0AAC5367B30E->omNode-bootstrap-2-InstallSnapshotResponseHandler: received a reply omNode-1<-omNode-bootstrap-2#0:FAIL-t1,IN_PROGRESS,snapshotIndex=0
2024-09-18 12:54:53,920 [grpc-default-executor-4] INFO  server.GrpcLogAppender (GrpcLogAppender.java:onNext(665)) - omNode-1@group-0AAC5367B30E->omNode-bootstrap-2-InstallSnapshotResponseHandler: InstallSnapshot in progress.
2024-09-18 12:54:53,921 [omNode-bootstrap-2-server-thread1] INFO  server.RaftServer$Division (RaftServerImpl.java:checkInconsistentAppendEntries(1629)) - omNode-bootstrap-2@group-0AAC5367B30E: Failed appendEntries as snapshot (0) installation is in progress
2024-09-18 12:54:53,921 [omNode-bootstrap-2-server-thread1] INFO  server.RaftServer$Division (RaftServerImpl.java:appendEntriesAsync(1584)) - omNode-bootstrap-2@group-0AAC5367B30E: appendEntries* reply omNode-1<-omNode-bootstrap-2#146:FAIL-t1,INCONSISTENCY,nextIndex=0,followerCommit=-1,matchIndex=-1
2024-09-18 12:54:53,921 [grpc-default-executor-4] WARN  server.GrpcLogAppender (GrpcLogAppender.java:onNextImpl(519)) - omNode-1@group-0AAC5367B30E->omNode-bootstrap-2-AppendLogResponseHandler: received INCONSISTENCY reply with nextIndex 0, errorCount=1, request=AppendEntriesRequest:cid=146,entriesCount=0
2024-09-18 12:54:53,921 [omNode-1@group-0AAC5367B30E->omNode-bootstrap-2-GrpcLogAppender-LogAppenderDaemon] INFO  server.GrpcLogAppender (GrpcLogAppender.java:notifyInstallSnapshot(790)) - omNode-1@group-0AAC5367B30E->omNode-bootstrap-2-GrpcLogAppender: notifyInstallSnapshot with firstAvailable=(t:1, i:0), followerNextIndex=0
2024-09-18 12:54:53,922 [omNode-1@group-0AAC5367B30E->omNode-bootstrap-2-GrpcLogAppender-LogAppenderDaemon] INFO  server.GrpcLogAppender (GrpcLogAppender.java:notifyInstallSnapshot(798)) - omNode-1@group-0AAC5367B30E->omNode-bootstrap-2-GrpcLogAppender: send omNode-1->omNode-bootstrap-2#0-t1,notify:(t:1, i:0)
2024-09-18 12:54:53,922 [grpc-default-executor-4] INFO  impl.SnapshotInstallationHandler (SnapshotInstallationHandler.java:installSnapshot(92)) - omNode-bootstrap-2@group-0AAC5367B30E: receive installSnapshot: omNode-1->omNode-bootstrap-2#0-t1,notify:(t:1, i:0)
2024-09-18 12:54:53,922 [grpc-default-executor-4] INFO  impl.SnapshotInstallationHandler (SnapshotInstallationHandler.java:installSnapshotImpl(138)) - omNode-bootstrap-2@group-0AAC5367B30E: set new configuration configurationEntry {
  peers {
    id: "omNode-1"
    address: "localhost:15015"
    startupRole: FOLLOWER
  }
}
 from snapshot
2024-09-18 12:54:53,922 [grpc-default-executor-4] INFO  server.RaftServer$Division (ServerState.java:setRaftConf(386)) - omNode-bootstrap-2@group-0AAC5367B30E: set configuration conf: {index: 0, cur=peers:[omNode-1|localhost:15015]|listeners:[], old=null}
2024-09-18 12:54:53,923 [grpc-default-executor-4] INFO  ratis.OzoneManagerStateMachine (OzoneManagerStateMachine.java:notifyConfigurationChanged(216)) - Received Configuration change notification from Ratis. New Peer list:
[id: "omNode-1"
address: "localhost:15015"
startupRole: FOLLOWER
]
2024-09-18 12:54:53,923 [grpc-default-executor-4] INFO  impl.SnapshotInstallationHandler (SnapshotInstallationHandler.java:installSnapshot(103)) - omNode-bootstrap-2@group-0AAC5367B30E: reply installSnapshot: omNode-1<-omNode-bootstrap-2#0:FAIL-t1,IN_PROGRESS,snapshotIndex=0
2024-09-18 12:54:53,924 [grpc-default-executor-4] INFO  server.GrpcServerProtocolService (GrpcServerProtocolService.java:onCompleted(157)) - omNode-bootstrap-2: Completed INSTALL_SNAPSHOT, lastRequest: omNode-1->omNode-bootstrap-2#0-t1,notify:(t:1, i:0)
2024-09-18 12:54:53,924 [grpc-default-executor-4] INFO  server.GrpcServerProtocolService (GrpcServerProtocolService.java:lambda$onCompleted$5(159)) - omNode-bootstrap-2: Completed INSTALL_SNAPSHOT, lastReply: null
2024-09-18 12:54:53,924 [grpc-default-executor-1] INFO  server.GrpcLogAppender (GrpcLogAppender.java:onNext(649)) - omNode-1@group-0AAC5367B30E->omNode-bootstrap-2-InstallSnapshotResponseHandler: received a reply omNode-1<-omNode-bootstrap-2#0:FAIL-t1,IN_PROGRESS,snapshotIndex=0
2024-09-18 12:54:53,924 [grpc-default-executor-1] INFO  server.GrpcLogAppender (GrpcLogAppender.java:onNext(665)) - omNode-1@group-0AAC5367B30E->omNode-bootstrap-2-InstallSnapshotResponseHandler: InstallSnapshot in progress.
2024-09-18 12:54:53,925 [omNode-bootstrap-2-server-thread1] INFO  server.RaftServer$Division (RaftServerImpl.java:checkInconsistentAppendEntries(1629)) - omNode-bootstrap-2@group-0AAC5367B30E: Failed appendEntries as snapshot (0) installation is in progress
2024-09-18 12:54:53,925 [omNode-bootstrap-2-server-thread1] INFO  server.RaftServer$Division (RaftServerImpl.java:appendEntriesAsync(1584)) - omNode-bootstrap-2@group-0AAC5367B30E: appendEntries* reply omNode-1<-omNode-bootstrap-2#147:FAIL-t1,INCONSISTENCY,nextIndex=0,followerCommit=-1,matchIndex=-1
2024-09-18 12:54:53,925 [grpc-default-executor-1] WARN  server.GrpcLogAppender (GrpcLogAppender.java:onNextImpl(519)) - omNode-1@group-0AAC5367B30E->omNode-bootstrap-2-AppendLogResponseHandler: received INCONSISTENCY reply with nextIndex 0, errorCount=1, request=AppendEntriesRequest:cid=147,entriesCount=0
2024-09-18 12:54:53,926 [omNode-1@group-0AAC5367B30E->omNode-bootstrap-2-GrpcLogAppender-LogAppenderDaemon] INFO  server.GrpcLogAppender (GrpcLogAppender.java:notifyInstallSnapshot(790)) - omNode-1@group-0AAC5367B30E->omNode-bootstrap-2-GrpcLogAppender: notifyInstallSnapshot with firstAvailable=(t:1, i:0), followerNextIndex=0
2024-09-18 12:54:53,926 [omNode-1@group-0AAC5367B30E->omNode-bootstrap-2-GrpcLogAppender-LogAppenderDaemon] INFO  server.GrpcLogAppender (GrpcLogAppender.java:notifyInstallSnapshot(798)) - omNode-1@group-0AAC5367B30E->omNode-bootstrap-2-GrpcLogAppender: send omNode-1->omNode-bootstrap-2#0-t1,notify:(t:1, i:0)
2024-09-18 12:54:53,927 [grpc-default-executor-1] INFO  impl.SnapshotInstallationHandler (SnapshotInstallationHandler.java:installSnapshot(92)) - omNode-bootstrap-2@group-0AAC5367B30E: receive installSnapshot: omNode-1->omNode-bootstrap-2#0-t1,notify:(t:1, i:0)
2024-09-18 12:54:53,927 [grpc-default-executor-1] INFO  impl.SnapshotInstallationHandler (SnapshotInstallationHandler.java:installSnapshotImpl(138)) - omNode-bootstrap-2@group-0AAC5367B30E: set new configuration configurationEntry {
  peers {
    id: "omNode-1"
    address: "localhost:15015"
    startupRole: FOLLOWER
  }
}
 from snapshot
2024-09-18 12:54:53,927 [grpc-default-executor-1] INFO  server.RaftServer$Division (ServerState.java:setRaftConf(386)) - omNode-bootstrap-2@group-0AAC5367B30E: set configuration conf: {index: 0, cur=peers:[omNode-1|localhost:15015]|listeners:[], old=null}
2024-09-18 12:54:53,928 [grpc-default-executor-1] INFO  ratis.OzoneManagerStateMachine (OzoneManagerStateMachine.java:notifyConfigurationChanged(216)) - Received Configuration change notification from Ratis. New Peer list:
[id: "omNode-1"
address: "localhost:15015"
startupRole: FOLLOWER
]
2024-09-18 12:54:53,928 [grpc-default-executor-1] INFO  impl.SnapshotInstallationHandler (SnapshotInstallationHandler.java:installSnapshot(103)) - omNode-bootstrap-2@group-0AAC5367B30E: reply installSnapshot: omNode-1<-omNode-bootstrap-2#0:FAIL-t1,IN_PROGRESS,snapshotIndex=0
2024-09-18 12:54:53,928 [grpc-default-executor-1] INFO  server.GrpcServerProtocolService (GrpcServerProtocolService.java:onCompleted(157)) - omNode-bootstrap-2: Completed INSTALL_SNAPSHOT, lastRequest: omNode-1->omNode-bootstrap-2#0-t1,notify:(t:1, i:0)
2024-09-18 12:54:53,929 [grpc-default-executor-1] INFO  server.GrpcServerProtocolService (GrpcServerProtocolService.java:lambda$onCompleted$5(159)) - omNode-bootstrap-2: Completed INSTALL_SNAPSHOT, lastReply: null
2024-09-18 12:54:53,929 [grpc-default-executor-4] INFO  server.GrpcLogAppender (GrpcLogAppender.java:onNext(649)) - omNode-1@group-0AAC5367B30E->omNode-bootstrap-2-InstallSnapshotResponseHandler: received a reply omNode-1<-omNode-bootstrap-2#0:FAIL-t1,IN_PROGRESS,snapshotIndex=0
2024-09-18 12:54:53,929 [grpc-default-executor-4] INFO  server.GrpcLogAppender (GrpcLogAppender.java:onNext(665)) - omNode-1@group-0AAC5367B30E->omNode-bootstrap-2-InstallSnapshotResponseHandler: InstallSnapshot in progress.
2024-09-18 12:54:53,930 [omNode-1@group-0AAC5367B30E->omNode-bootstrap-2-GrpcLogAppender-LogAppenderDaemon] INFO  server.GrpcLogAppender (GrpcLogAppender.java:notifyInstallSnapshot(790)) - omNode-1@group-0AAC5367B30E->omNode-bootstrap-2-GrpcLogAppender: notifyInstallSnapshot with firstAvailable=(t:1, i:0), followerNextIndex=0
2024-09-18 12:54:53,930 [omNode-1@group-0AAC5367B30E->omNode-bootstrap-2-GrpcLogAppender-LogAppenderDaemon] INFO  server.GrpcLogAppender (GrpcLogAppender.java:notifyInstallSnapshot(798)) - omNode-1@group-0AAC5367B30E->omNode-bootstrap-2-GrpcLogAppender: send omNode-1->omNode-bootstrap-2#0-t1,notify:(t:1, i:0)
2024-09-18 12:54:53,931 [omNode-bootstrap-2-server-thread1] INFO  server.RaftServer$Division (RaftServerImpl.java:checkInconsistentAppendEntries(1629)) - omNode-bootstrap-2@group-0AAC5367B30E: Failed appendEntries as snapshot (0) installation is in progress
2024-09-18 12:54:53,931 [grpc-default-executor-1] INFO  impl.SnapshotInstallationHandler (SnapshotInstallationHandler.java:installSnapshot(92)) - omNode-bootstrap-2@group-0AAC5367B30E: receive installSnapshot: omNode-1->omNode-bootstrap-2#0-t1,notify:(t:1, i:0)
2024-09-18 12:54:53,931 [omNode-bootstrap-2-server-thread1] INFO  server.RaftServer$Division (RaftServerImpl.java:appendEntriesAsync(1584)) - omNode-bootstrap-2@group-0AAC5367B30E: appendEntries* reply omNode-1<-omNode-bootstrap-2#148:FAIL-t1,INCONSISTENCY,nextIndex=0,followerCommit=-1,matchIndex=-1
2024-09-18 12:54:53,931 [grpc-default-executor-4] WARN  server.GrpcLogAppender (GrpcLogAppender.java:onNextImpl(519)) - omNode-1@group-0AAC5367B30E->omNode-bootstrap-2-AppendLogResponseHandler: received INCONSISTENCY reply with nextIndex 0, errorCount=1, request=AppendEntriesRequest:cid=148,entriesCount=0
2024-09-18 12:54:53,931 [grpc-default-executor-1] INFO  impl.SnapshotInstallationHandler (SnapshotInstallationHandler.java:installSnapshotImpl(138)) - omNode-bootstrap-2@group-0AAC5367B30E: set new configuration configurationEntry {
  peers {
    id: "omNode-1"
    address: "localhost:15015"
    startupRole: FOLLOWER
  }
}
 from snapshot
2024-09-18 12:54:53,932 [grpc-default-executor-1] INFO  server.RaftServer$Division (ServerState.java:setRaftConf(386)) - omNode-bootstrap-2@group-0AAC5367B30E: set configuration conf: {index: 0, cur=peers:[omNode-1|localhost:15015]|listeners:[], old=null}
2024-09-18 12:54:53,932 [grpc-default-executor-1] INFO  ratis.OzoneManagerStateMachine (OzoneManagerStateMachine.java:notifyConfigurationChanged(216)) - Received Configuration change notification from Ratis. New Peer list:
[id: "omNode-1"
address: "localhost:15015"
startupRole: FOLLOWER
]
2024-09-18 12:54:53,933 [grpc-default-executor-1] INFO  impl.SnapshotInstallationHandler (SnapshotInstallationHandler.java:installSnapshot(103)) - omNode-bootstrap-2@group-0AAC5367B30E: reply installSnapshot: omNode-1<-omNode-bootstrap-2#0:FAIL-t1,IN_PROGRESS,snapshotIndex=0
2024-09-18 12:54:53,933 [grpc-default-executor-1] INFO  server.GrpcServerProtocolService (GrpcServerProtocolService.java:onCompleted(157)) - omNode-bootstrap-2: Completed INSTALL_SNAPSHOT, lastRequest: omNode-1->omNode-bootstrap-2#0-t1,notify:(t:1, i:0)
2024-09-18 12:54:53,933 [grpc-default-executor-1] INFO  server.GrpcServerProtocolService (GrpcServerProtocolService.java:lambda$onCompleted$5(159)) - omNode-bootstrap-2: Completed INSTALL_SNAPSHOT, lastReply: null
2024-09-18 12:54:53,933 [grpc-default-executor-1] INFO  server.GrpcLogAppender (GrpcLogAppender.java:onNext(649)) - omNode-1@group-0AAC5367B30E->omNode-bootstrap-2-InstallSnapshotResponseHandler: received a reply omNode-1<-omNode-bootstrap-2#0:FAIL-t1,IN_PROGRESS,snapshotIndex=0
2024-09-18 12:54:53,933 [grpc-default-executor-1] INFO  server.GrpcLogAppender (GrpcLogAppender.java:onNext(665)) - omNode-1@group-0AAC5367B30E->omNode-bootstrap-2-InstallSnapshotResponseHandler: InstallSnapshot in progress.
2024-09-18 12:54:53,934 [omNode-1@group-0AAC5367B30E->omNode-bootstrap-2-GrpcLogAppender-LogAppenderDaemon] INFO  server.GrpcLogAppender (GrpcLogAppender.java:notifyInstallSnapshot(790)) - omNode-1@group-0AAC5367B30E->omNode-bootstrap-2-GrpcLogAppender: notifyInstallSnapshot with firstAvailable=(t:1, i:0), followerNextIndex=0
2024-09-18 12:54:53,934 [omNode-1@group-0AAC5367B30E->omNode-bootstrap-2-GrpcLogAppender-LogAppenderDaemon] INFO  server.GrpcLogAppender (GrpcLogAppender.java:notifyInstallSnapshot(798)) - omNode-1@group-0AAC5367B30E->omNode-bootstrap-2-GrpcLogAppender: send omNode-1->omNode-bootstrap-2#0-t1,notify:(t:1, i:0)
2024-09-18 12:54:53,934 [omNode-bootstrap-2-server-thread1] INFO  server.RaftServer$Division (RaftServerImpl.java:checkInconsistentAppendEntries(1629)) - omNode-bootstrap-2@group-0AAC5367B30E: Failed appendEntries as snapshot (0) installation is in progress
2024-09-18 12:54:53,934 [omNode-bootstrap-2-server-thread1] INFO  server.RaftServer$Division (RaftServerImpl.java:appendEntriesAsync(1584)) - omNode-bootstrap-2@group-0AAC5367B30E: appendEntries* reply omNode-1<-omNode-bootstrap-2#149:FAIL-t1,INCONSISTENCY,nextIndex=0,followerCommit=-1,matchIndex=-1
2024-09-18 12:54:53,935 [grpc-default-executor-4] INFO  impl.SnapshotInstallationHandler (SnapshotInstallationHandler.java:installSnapshot(92)) - omNode-bootstrap-2@group-0AAC5367B30E: receive installSnapshot: omNode-1->omNode-bootstrap-2#0-t1,notify:(t:1, i:0)
2024-09-18 12:54:53,935 [grpc-default-executor-4] INFO  impl.SnapshotInstallationHandler (SnapshotInstallationHandler.java:installSnapshotImpl(138)) - omNode-bootstrap-2@group-0AAC5367B30E: set new configuration configurationEntry {
  peers {
    id: "omNode-1"
    address: "localhost:15015"
    startupRole: FOLLOWER
  }
}
 from snapshot
2024-09-18 12:54:53,935 [grpc-default-executor-1] WARN  server.GrpcLogAppender (GrpcLogAppender.java:onNextImpl(519)) - omNode-1@group-0AAC5367B30E->omNode-bootstrap-2-AppendLogResponseHandler: received INCONSISTENCY reply with nextIndex 0, errorCount=1, request=AppendEntriesRequest:cid=149,entriesCount=0
2024-09-18 12:54:53,935 [grpc-default-executor-4] INFO  server.RaftServer$Division (ServerState.java:setRaftConf(386)) - omNode-bootstrap-2@group-0AAC5367B30E: set configuration conf: {index: 0, cur=peers:[omNode-1|localhost:15015]|listeners:[], old=null}
2024-09-18 12:54:53,936 [grpc-default-executor-4] INFO  ratis.OzoneManagerStateMachine (OzoneManagerStateMachine.java:notifyConfigurationChanged(216)) - Received Configuration change notification from Ratis. New Peer list:
[id: "omNode-1"
address: "localhost:15015"
startupRole: FOLLOWER
]
2024-09-18 12:54:53,936 [grpc-default-executor-4] INFO  impl.SnapshotInstallationHandler (SnapshotInstallationHandler.java:installSnapshot(103)) - omNode-bootstrap-2@group-0AAC5367B30E: reply installSnapshot: omNode-1<-omNode-bootstrap-2#0:FAIL-t1,IN_PROGRESS,snapshotIndex=0
2024-09-18 12:54:53,936 [grpc-default-executor-4] INFO  server.GrpcServerProtocolService (GrpcServerProtocolService.java:onCompleted(157)) - omNode-bootstrap-2: Completed INSTALL_SNAPSHOT, lastRequest: omNode-1->omNode-bootstrap-2#0-t1,notify:(t:1, i:0)
2024-09-18 12:54:53,936 [grpc-default-executor-4] INFO  server.GrpcServerProtocolService (GrpcServerProtocolService.java:lambda$onCompleted$5(159)) - omNode-bootstrap-2: Completed INSTALL_SNAPSHOT, lastReply: null
2024-09-18 12:54:53,937 [grpc-default-executor-1] INFO  server.GrpcLogAppender (GrpcLogAppender.java:onNext(649)) - omNode-1@group-0AAC5367B30E->omNode-bootstrap-2-InstallSnapshotResponseHandler: received a reply omNode-1<-omNode-bootstrap-2#0:FAIL-t1,IN_PROGRESS,snapshotIndex=0
2024-09-18 12:54:53,937 [grpc-default-executor-1] INFO  server.GrpcLogAppender (GrpcLogAppender.java:onNext(665)) - omNode-1@group-0AAC5367B30E->omNode-bootstrap-2-InstallSnapshotResponseHandler: InstallSnapshot in progress.
2024-09-18 12:54:53,937 [omNode-bootstrap-2-server-thread1] INFO  server.RaftServer$Division (RaftServerImpl.java:checkInconsistentAppendEntries(1629)) - omNode-bootstrap-2@group-0AAC5367B30E: Failed appendEntries as snapshot (0) installation is in progress
2024-09-18 12:54:53,937 [omNode-bootstrap-2-server-thread1] INFO  server.RaftServer$Division (RaftServerImpl.java:appendEntriesAsync(1584)) - omNode-bootstrap-2@group-0AAC5367B30E: appendEntries* reply omNode-1<-omNode-bootstrap-2#150:FAIL-t1,INCONSISTENCY,nextIndex=0,followerCommit=-1,matchIndex=-1
2024-09-18 12:54:53,938 [grpc-default-executor-1] WARN  server.GrpcLogAppender (GrpcLogAppender.java:onNextImpl(519)) - omNode-1@group-0AAC5367B30E->omNode-bootstrap-2-AppendLogResponseHandler: received INCONSISTENCY reply with nextIndex 0, errorCount=1, request=AppendEntriesRequest:cid=150,entriesCount=0
2024-09-18 12:54:53,938 [omNode-1@group-0AAC5367B30E->omNode-bootstrap-2-GrpcLogAppender-LogAppenderDaemon] INFO  server.GrpcLogAppender (GrpcLogAppender.java:notifyInstallSnapshot(790)) - omNode-1@group-0AAC5367B30E->omNode-bootstrap-2-GrpcLogAppender: notifyInstallSnapshot with firstAvailable=(t:1, i:0), followerNextIndex=0
2024-09-18 12:54:53,938 [omNode-1@group-0AAC5367B30E->omNode-bootstrap-2-GrpcLogAppender-LogAppenderDaemon] INFO  server.GrpcLogAppender (GrpcLogAppender.java:notifyInstallSnapshot(798)) - omNode-1@group-0AAC5367B30E->omNode-bootstrap-2-GrpcLogAppender: send omNode-1->omNode-bootstrap-2#0-t1,notify:(t:1, i:0)
2024-09-18 12:54:53,939 [grpc-default-executor-4] INFO  impl.SnapshotInstallationHandler (SnapshotInstallationHandler.java:installSnapshot(92)) - omNode-bootstrap-2@group-0AAC5367B30E: receive installSnapshot: omNode-1->omNode-bootstrap-2#0-t1,notify:(t:1, i:0)
2024-09-18 12:54:53,939 [grpc-default-executor-4] INFO  impl.SnapshotInstallationHandler (SnapshotInstallationHandler.java:installSnapshotImpl(138)) - omNode-bootstrap-2@group-0AAC5367B30E: set new configuration configurationEntry {
  peers {
    id: "omNode-1"
    address: "localhost:15015"
    startupRole: FOLLOWER
  }
}
 from snapshot
2024-09-18 12:54:53,939 [grpc-default-executor-4] INFO  server.RaftServer$Division (ServerState.java:setRaftConf(386)) - omNode-bootstrap-2@group-0AAC5367B30E: set configuration conf: {index: 0, cur=peers:[omNode-1|localhost:15015]|listeners:[], old=null}
2024-09-18 12:54:53,940 [grpc-default-executor-4] INFO  ratis.OzoneManagerStateMachine (OzoneManagerStateMachine.java:notifyConfigurationChanged(216)) - Received Configuration change notification from Ratis. New Peer list:
[id: "omNode-1"
address: "localhost:15015"
startupRole: FOLLOWER
]
2024-09-18 12:54:53,940 [grpc-default-executor-4] INFO  impl.SnapshotInstallationHandler (SnapshotInstallationHandler.java:installSnapshot(103)) - omNode-bootstrap-2@group-0AAC5367B30E: reply installSnapshot: omNode-1<-omNode-bootstrap-2#0:FAIL-t1,IN_PROGRESS,snapshotIndex=0
2024-09-18 12:54:53,941 [grpc-default-executor-4] INFO  server.GrpcServerProtocolService (GrpcServerProtocolService.java:onCompleted(157)) - omNode-bootstrap-2: Completed INSTALL_SNAPSHOT, lastRequest: omNode-1->omNode-bootstrap-2#0-t1,notify:(t:1, i:0)
2024-09-18 12:54:53,941 [grpc-default-executor-4] INFO  server.GrpcServerProtocolService (GrpcServerProtocolService.java:lambda$onCompleted$5(159)) - omNode-bootstrap-2: Completed INSTALL_SNAPSHOT, lastReply: null
2024-09-18 12:54:53,941 [grpc-default-executor-4] INFO  server.GrpcLogAppender (GrpcLogAppender.java:onNext(649)) - omNode-1@group-0AAC5367B30E->omNode-bootstrap-2-InstallSnapshotResponseHandler: received a reply omNode-1<-omNode-bootstrap-2#0:FAIL-t1,IN_PROGRESS,snapshotIndex=0
2024-09-18 12:54:53,941 [grpc-default-executor-4] INFO  server.GrpcLogAppender (GrpcLogAppender.java:onNext(665)) - omNode-1@group-0AAC5367B30E->omNode-bootstrap-2-InstallSnapshotResponseHandler: InstallSnapshot in progress.
2024-09-18 12:54:53,942 [omNode-1@group-0AAC5367B30E->omNode-bootstrap-2-GrpcLogAppender-LogAppenderDaemon] INFO  server.GrpcLogAppender (GrpcLogAppender.java:notifyInstallSnapshot(790)) - omNode-1@group-0AAC5367B30E->omNode-bootstrap-2-GrpcLogAppender: notifyInstallSnapshot with firstAvailable=(t:1, i:0), followerNextIndex=0
2024-09-18 12:54:53,942 [omNode-1@group-0AAC5367B30E->omNode-bootstrap-2-GrpcLogAppender-LogAppenderDaemon] INFO  server.GrpcLogAppender (GrpcLogAppender.java:notifyInstallSnapshot(798)) - omNode-1@group-0AAC5367B30E->omNode-bootstrap-2-GrpcLogAppender: send omNode-1->omNode-bootstrap-2#0-t1,notify:(t:1, i:0)
2024-09-18 12:54:53,942 [omNode-bootstrap-2-server-thread1] INFO  server.RaftServer$Division (RaftServerImpl.java:checkInconsistentAppendEntries(1629)) - omNode-bootstrap-2@group-0AAC5367B30E: Failed appendEntries as snapshot (0) installation is in progress
2024-09-18 12:54:53,942 [omNode-bootstrap-2-server-thread1] INFO  server.RaftServer$Division (RaftServerImpl.java:appendEntriesAsync(1584)) - omNode-bootstrap-2@group-0AAC5367B30E: appendEntries* reply omNode-1<-omNode-bootstrap-2#151:FAIL-t1,INCONSISTENCY,nextIndex=0,followerCommit=-1,matchIndex=-1
2024-09-18 12:54:53,943 [grpc-default-executor-4] INFO  impl.SnapshotInstallationHandler (SnapshotInstallationHandler.java:installSnapshot(92)) - omNode-bootstrap-2@group-0AAC5367B30E: receive installSnapshot: omNode-1->omNode-bootstrap-2#0-t1,notify:(t:1, i:0)
2024-09-18 12:54:53,943 [grpc-default-executor-1] WARN  server.GrpcLogAppender (GrpcLogAppender.java:onNextImpl(519)) - omNode-1@group-0AAC5367B30E->omNode-bootstrap-2-AppendLogResponseHandler: received INCONSISTENCY reply with nextIndex 0, errorCount=1, request=AppendEntriesRequest:cid=151,entriesCount=0
2024-09-18 12:54:53,943 [grpc-default-executor-4] INFO  impl.SnapshotInstallationHandler (SnapshotInstallationHandler.java:installSnapshotImpl(138)) - omNode-bootstrap-2@group-0AAC5367B30E: set new configuration configurationEntry {
  peers {
    id: "omNode-1"
    address: "localhost:15015"
    startupRole: FOLLOWER
  }
}
 from snapshot
2024-09-18 12:54:53,943 [grpc-default-executor-4] INFO  server.RaftServer$Division (ServerState.java:setRaftConf(386)) - omNode-bootstrap-2@group-0AAC5367B30E: set configuration conf: {index: 0, cur=peers:[omNode-1|localhost:15015]|listeners:[], old=null}
2024-09-18 12:54:53,944 [grpc-default-executor-4] INFO  ratis.OzoneManagerStateMachine (OzoneManagerStateMachine.java:notifyConfigurationChanged(216)) - Received Configuration change notification from Ratis. New Peer list:
[id: "omNode-1"
address: "localhost:15015"
startupRole: FOLLOWER
]
2024-09-18 12:54:53,944 [grpc-default-executor-4] INFO  impl.SnapshotInstallationHandler (SnapshotInstallationHandler.java:installSnapshot(103)) - omNode-bootstrap-2@group-0AAC5367B30E: reply installSnapshot: omNode-1<-omNode-bootstrap-2#0:FAIL-t1,IN_PROGRESS,snapshotIndex=0
2024-09-18 12:54:53,945 [grpc-default-executor-4] INFO  server.GrpcServerProtocolService (GrpcServerProtocolService.java:onCompleted(157)) - omNode-bootstrap-2: Completed INSTALL_SNAPSHOT, lastRequest: omNode-1->omNode-bootstrap-2#0-t1,notify:(t:1, i:0)
2024-09-18 12:54:53,945 [grpc-default-executor-4] INFO  server.GrpcServerProtocolService (GrpcServerProtocolService.java:lambda$onCompleted$5(159)) - omNode-bootstrap-2: Completed INSTALL_SNAPSHOT, lastReply: null
2024-09-18 12:54:53,945 [grpc-default-executor-1] INFO  server.GrpcLogAppender (GrpcLogAppender.java:onNext(649)) - omNode-1@group-0AAC5367B30E->omNode-bootstrap-2-InstallSnapshotResponseHandler: received a reply omNode-1<-omNode-bootstrap-2#0:FAIL-t1,IN_PROGRESS,snapshotIndex=0
2024-09-18 12:54:53,945 [grpc-default-executor-1] INFO  server.GrpcLogAppender (GrpcLogAppender.java:onNext(665)) - omNode-1@group-0AAC5367B30E->omNode-bootstrap-2-InstallSnapshotResponseHandler: InstallSnapshot in progress.
2024-09-18 12:54:53,946 [omNode-bootstrap-2-server-thread1] INFO  server.RaftServer$Division (RaftServerImpl.java:checkInconsistentAppendEntries(1629)) - omNode-bootstrap-2@group-0AAC5367B30E: Failed appendEntries as snapshot (0) installation is in progress
2024-09-18 12:54:53,946 [omNode-bootstrap-2-server-thread1] INFO  server.RaftServer$Division (RaftServerImpl.java:appendEntriesAsync(1584)) - omNode-bootstrap-2@group-0AAC5367B30E: appendEntries* reply omNode-1<-omNode-bootstrap-2#152:FAIL-t1,INCONSISTENCY,nextIndex=0,followerCommit=-1,matchIndex=-1
2024-09-18 12:54:53,946 [grpc-default-executor-1] WARN  server.GrpcLogAppender (GrpcLogAppender.java:onNextImpl(519)) - omNode-1@group-0AAC5367B30E->omNode-bootstrap-2-AppendLogResponseHandler: received INCONSISTENCY reply with nextIndex 0, errorCount=1, request=AppendEntriesRequest:cid=152,entriesCount=0
2024-09-18 12:54:53,947 [omNode-1@group-0AAC5367B30E->omNode-bootstrap-2-GrpcLogAppender-LogAppenderDaemon] INFO  server.GrpcLogAppender (GrpcLogAppender.java:notifyInstallSnapshot(790)) - omNode-1@group-0AAC5367B30E->omNode-bootstrap-2-GrpcLogAppender: notifyInstallSnapshot with firstAvailable=(t:1, i:0), followerNextIndex=0
2024-09-18 12:54:53,947 [omNode-1@group-0AAC5367B30E->omNode-bootstrap-2-GrpcLogAppender-LogAppenderDaemon] INFO  server.GrpcLogAppender (GrpcLogAppender.java:notifyInstallSnapshot(798)) - omNode-1@group-0AAC5367B30E->omNode-bootstrap-2-GrpcLogAppender: send omNode-1->omNode-bootstrap-2#0-t1,notify:(t:1, i:0)
2024-09-18 12:54:53,947 [grpc-default-executor-1] INFO  impl.SnapshotInstallationHandler (SnapshotInstallationHandler.java:installSnapshot(92)) - omNode-bootstrap-2@group-0AAC5367B30E: receive installSnapshot: omNode-1->omNode-bootstrap-2#0-t1,notify:(t:1, i:0)
2024-09-18 12:54:53,948 [grpc-default-executor-1] INFO  impl.SnapshotInstallationHandler (SnapshotInstallationHandler.java:installSnapshotImpl(138)) - omNode-bootstrap-2@group-0AAC5367B30E: set new configuration configurationEntry {
  peers {
    id: "omNode-1"
    address: "localhost:15015"
    startupRole: FOLLOWER
  }
}
 from snapshot
2024-09-18 12:54:53,948 [grpc-default-executor-1] INFO  server.RaftServer$Division (ServerState.java:setRaftConf(386)) - omNode-bootstrap-2@group-0AAC5367B30E: set configuration conf: {index: 0, cur=peers:[omNode-1|localhost:15015]|listeners:[], old=null}
2024-09-18 12:54:53,949 [grpc-default-executor-1] INFO  ratis.OzoneManagerStateMachine (OzoneManagerStateMachine.java:notifyConfigurationChanged(216)) - Received Configuration change notification from Ratis. New Peer list:
[id: "omNode-1"
address: "localhost:15015"
startupRole: FOLLOWER
]
2024-09-18 12:54:53,949 [grpc-default-executor-1] INFO  impl.SnapshotInstallationHandler (SnapshotInstallationHandler.java:installSnapshot(103)) - omNode-bootstrap-2@group-0AAC5367B30E: reply installSnapshot: omNode-1<-omNode-bootstrap-2#0:FAIL-t1,IN_PROGRESS,snapshotIndex=0
2024-09-18 12:54:53,949 [grpc-default-executor-1] INFO  server.GrpcServerProtocolService (GrpcServerProtocolService.java:onCompleted(157)) - omNode-bootstrap-2: Completed INSTALL_SNAPSHOT, lastRequest: omNode-1->omNode-bootstrap-2#0-t1,notify:(t:1, i:0)
2024-09-18 12:54:53,949 [grpc-default-executor-1] INFO  server.GrpcServerProtocolService (GrpcServerProtocolService.java:lambda$onCompleted$5(159)) - omNode-bootstrap-2: Completed INSTALL_SNAPSHOT, lastReply: null
2024-09-18 12:54:53,949 [grpc-default-executor-4] INFO  server.GrpcLogAppender (GrpcLogAppender.java:onNext(649)) - omNode-1@group-0AAC5367B30E->omNode-bootstrap-2-InstallSnapshotResponseHandler: received a reply omNode-1<-omNode-bootstrap-2#0:FAIL-t1,IN_PROGRESS,snapshotIndex=0
2024-09-18 12:54:53,949 [grpc-default-executor-4] INFO  server.GrpcLogAppender (GrpcLogAppender.java:onNext(665)) - omNode-1@group-0AAC5367B30E->omNode-bootstrap-2-InstallSnapshotResponseHandler: InstallSnapshot in progress.
2024-09-18 12:54:53,950 [omNode-bootstrap-2-server-thread1] INFO  server.RaftServer$Division (RaftServerImpl.java:checkInconsistentAppendEntries(1629)) - omNode-bootstrap-2@group-0AAC5367B30E: Failed appendEntries as snapshot (0) installation is in progress
2024-09-18 12:54:53,950 [omNode-bootstrap-2-server-thread1] INFO  server.RaftServer$Division (RaftServerImpl.java:appendEntriesAsync(1584)) - omNode-bootstrap-2@group-0AAC5367B30E: appendEntries* reply omNode-1<-omNode-bootstrap-2#153:FAIL-t1,INCONSISTENCY,nextIndex=0,followerCommit=-1,matchIndex=-1
2024-09-18 12:54:53,950 [grpc-default-executor-4] WARN  server.GrpcLogAppender (GrpcLogAppender.java:onNextImpl(519)) - omNode-1@group-0AAC5367B30E->omNode-bootstrap-2-AppendLogResponseHandler: received INCONSISTENCY reply with nextIndex 0, errorCount=1, request=AppendEntriesRequest:cid=153,entriesCount=0
2024-09-18 12:54:53,951 [omNode-1@group-0AAC5367B30E->omNode-bootstrap-2-GrpcLogAppender-LogAppenderDaemon] INFO  server.GrpcLogAppender (GrpcLogAppender.java:notifyInstallSnapshot(790)) - omNode-1@group-0AAC5367B30E->omNode-bootstrap-2-GrpcLogAppender: notifyInstallSnapshot with firstAvailable=(t:1, i:0), followerNextIndex=0
2024-09-18 12:54:53,951 [omNode-1@group-0AAC5367B30E->omNode-bootstrap-2-GrpcLogAppender-LogAppenderDaemon] INFO  server.GrpcLogAppender (GrpcLogAppender.java:notifyInstallSnapshot(798)) - omNode-1@group-0AAC5367B30E->omNode-bootstrap-2-GrpcLogAppender: send omNode-1->omNode-bootstrap-2#0-t1,notify:(t:1, i:0)
2024-09-18 12:54:53,952 [grpc-default-executor-1] INFO  impl.SnapshotInstallationHandler (SnapshotInstallationHandler.java:installSnapshot(92)) - omNode-bootstrap-2@group-0AAC5367B30E: receive installSnapshot: omNode-1->omNode-bootstrap-2#0-t1,notify:(t:1, i:0)
2024-09-18 12:54:53,953 [grpc-default-executor-1] INFO  impl.SnapshotInstallationHandler (SnapshotInstallationHandler.java:installSnapshotImpl(138)) - omNode-bootstrap-2@group-0AAC5367B30E: set new configuration configurationEntry {
  peers {
    id: "omNode-1"
    address: "localhost:15015"
    startupRole: FOLLOWER
  }
}
 from snapshot
2024-09-18 12:54:53,953 [grpc-default-executor-1] INFO  server.RaftServer$Division (ServerState.java:setRaftConf(386)) - omNode-bootstrap-2@group-0AAC5367B30E: set configuration conf: {index: 0, cur=peers:[omNode-1|localhost:15015]|listeners:[], old=null}
2024-09-18 12:54:53,954 [grpc-default-executor-1] INFO  ratis.OzoneManagerStateMachine (OzoneManagerStateMachine.java:notifyConfigurationChanged(216)) - Received Configuration change notification from Ratis. New Peer list:
[id: "omNode-1"
address: "localhost:15015"
startupRole: FOLLOWER
]
2024-09-18 12:54:53,954 [grpc-default-executor-1] INFO  impl.SnapshotInstallationHandler (SnapshotInstallationHandler.java:installSnapshot(103)) - omNode-bootstrap-2@group-0AAC5367B30E: reply installSnapshot: omNode-1<-omNode-bootstrap-2#0:FAIL-t1,IN_PROGRESS,snapshotIndex=0
2024-09-18 12:54:53,954 [grpc-default-executor-1] INFO  server.GrpcServerProtocolService (GrpcServerProtocolService.java:onCompleted(157)) - omNode-bootstrap-2: Completed INSTALL_SNAPSHOT, lastRequest: omNode-1->omNode-bootstrap-2#0-t1,notify:(t:1, i:0)
2024-09-18 12:54:53,954 [grpc-default-executor-1] INFO  server.GrpcServerProtocolService (GrpcServerProtocolService.java:lambda$onCompleted$5(159)) - omNode-bootstrap-2: Completed INSTALL_SNAPSHOT, lastReply: null
2024-09-18 12:54:53,955 [grpc-default-executor-4] INFO  server.GrpcLogAppender (GrpcLogAppender.java:onNext(649)) - omNode-1@group-0AAC5367B30E->omNode-bootstrap-2-InstallSnapshotResponseHandler: received a reply omNode-1<-omNode-bootstrap-2#0:FAIL-t1,IN_PROGRESS,snapshotIndex=0
2024-09-18 12:54:53,955 [grpc-default-executor-4] INFO  server.GrpcLogAppender (GrpcLogAppender.java:onNext(665)) - omNode-1@group-0AAC5367B30E->omNode-bootstrap-2-InstallSnapshotResponseHandler: InstallSnapshot in progress.
2024-09-18 12:54:53,955 [omNode-bootstrap-2-server-thread1] INFO  server.RaftServer$Division (RaftServerImpl.java:checkInconsistentAppendEntries(1629)) - omNode-bootstrap-2@group-0AAC5367B30E: Failed appendEntries as snapshot (0) installation is in progress
2024-09-18 12:54:53,955 [omNode-bootstrap-2-server-thread1] INFO  server.RaftServer$Division (RaftServerImpl.java:appendEntriesAsync(1584)) - omNode-bootstrap-2@group-0AAC5367B30E: appendEntries* reply omNode-1<-omNode-bootstrap-2#154:FAIL-t1,INCONSISTENCY,nextIndex=0,followerCommit=-1,matchIndex=-1
2024-09-18 12:54:53,956 [grpc-default-executor-4] WARN  server.GrpcLogAppender (GrpcLogAppender.java:onNextImpl(519)) - omNode-1@group-0AAC5367B30E->omNode-bootstrap-2-AppendLogResponseHandler: received INCONSISTENCY reply with nextIndex 0, errorCount=1, request=AppendEntriesRequest:cid=154,entriesCount=0
2024-09-18 12:54:53,956 [omNode-1@group-0AAC5367B30E->omNode-bootstrap-2-GrpcLogAppender-LogAppenderDaemon] INFO  server.GrpcLogAppender (GrpcLogAppender.java:notifyInstallSnapshot(790)) - omNode-1@group-0AAC5367B30E->omNode-bootstrap-2-GrpcLogAppender: notifyInstallSnapshot with firstAvailable=(t:1, i:0), followerNextIndex=0
2024-09-18 12:54:53,956 [omNode-1@group-0AAC5367B30E->omNode-bootstrap-2-GrpcLogAppender-LogAppenderDaemon] INFO  server.GrpcLogAppender (GrpcLogAppender.java:notifyInstallSnapshot(798)) - omNode-1@group-0AAC5367B30E->omNode-bootstrap-2-GrpcLogAppender: send omNode-1->omNode-bootstrap-2#0-t1,notify:(t:1, i:0)
2024-09-18 12:54:53,957 [grpc-default-executor-1] INFO  impl.SnapshotInstallationHandler (SnapshotInstallationHandler.java:installSnapshot(92)) - omNode-bootstrap-2@group-0AAC5367B30E: receive installSnapshot: omNode-1->omNode-bootstrap-2#0-t1,notify:(t:1, i:0)
2024-09-18 12:54:53,957 [grpc-default-executor-1] INFO  impl.SnapshotInstallationHandler (SnapshotInstallationHandler.java:installSnapshotImpl(138)) - omNode-bootstrap-2@group-0AAC5367B30E: set new configuration configurationEntry {
  peers {
    id: "omNode-1"
    address: "localhost:15015"
    startupRole: FOLLOWER
  }
}
 from snapshot
2024-09-18 12:54:53,957 [grpc-default-executor-1] INFO  server.RaftServer$Division (ServerState.java:setRaftConf(386)) - omNode-bootstrap-2@group-0AAC5367B30E: set configuration conf: {index: 0, cur=peers:[omNode-1|localhost:15015]|listeners:[], old=null}
2024-09-18 12:54:53,958 [grpc-default-executor-1] INFO  ratis.OzoneManagerStateMachine (OzoneManagerStateMachine.java:notifyConfigurationChanged(216)) - Received Configuration change notification from Ratis. New Peer list:
[id: "omNode-1"
address: "localhost:15015"
startupRole: FOLLOWER
]
2024-09-18 12:54:53,958 [grpc-default-executor-1] INFO  impl.SnapshotInstallationHandler (SnapshotInstallationHandler.java:installSnapshot(103)) - omNode-bootstrap-2@group-0AAC5367B30E: reply installSnapshot: omNode-1<-omNode-bootstrap-2#0:FAIL-t1,IN_PROGRESS,snapshotIndex=0
2024-09-18 12:54:53,958 [grpc-default-executor-1] INFO  server.GrpcServerProtocolService (GrpcServerProtocolService.java:onCompleted(157)) - omNode-bootstrap-2: Completed INSTALL_SNAPSHOT, lastRequest: omNode-1->omNode-bootstrap-2#0-t1,notify:(t:1, i:0)
2024-09-18 12:54:53,958 [grpc-default-executor-1] INFO  server.GrpcServerProtocolService (GrpcServerProtocolService.java:lambda$onCompleted$5(159)) - omNode-bootstrap-2: Completed INSTALL_SNAPSHOT, lastReply: null
2024-09-18 12:54:53,959 [grpc-default-executor-1] INFO  server.GrpcLogAppender (GrpcLogAppender.java:onNext(649)) - omNode-1@group-0AAC5367B30E->omNode-bootstrap-2-InstallSnapshotResponseHandler: received a reply omNode-1<-omNode-bootstrap-2#0:FAIL-t1,IN_PROGRESS,snapshotIndex=0
2024-09-18 12:54:53,959 [grpc-default-executor-1] INFO  server.GrpcLogAppender (GrpcLogAppender.java:onNext(665)) - omNode-1@group-0AAC5367B30E->omNode-bootstrap-2-InstallSnapshotResponseHandler: InstallSnapshot in progress.
2024-09-18 12:54:53,959 [omNode-1@group-0AAC5367B30E->omNode-bootstrap-2-GrpcLogAppender-LogAppenderDaemon] INFO  server.GrpcLogAppender (GrpcLogAppender.java:notifyInstallSnapshot(790)) - omNode-1@group-0AAC5367B30E->omNode-bootstrap-2-GrpcLogAppender: notifyInstallSnapshot with firstAvailable=(t:1, i:0), followerNextIndex=0
2024-09-18 12:54:53,960 [omNode-1@group-0AAC5367B30E->omNode-bootstrap-2-GrpcLogAppender-LogAppenderDaemon] INFO  server.GrpcLogAppender (GrpcLogAppender.java:notifyInstallSnapshot(798)) - omNode-1@group-0AAC5367B30E->omNode-bootstrap-2-GrpcLogAppender: send omNode-1->omNode-bootstrap-2#0-t1,notify:(t:1, i:0)
2024-09-18 12:54:53,960 [omNode-bootstrap-2-server-thread1] INFO  server.RaftServer$Division (RaftServerImpl.java:checkInconsistentAppendEntries(1629)) - omNode-bootstrap-2@group-0AAC5367B30E: Failed appendEntries as snapshot (0) installation is in progress
2024-09-18 12:54:53,960 [omNode-bootstrap-2-server-thread1] INFO  server.RaftServer$Division (RaftServerImpl.java:appendEntriesAsync(1584)) - omNode-bootstrap-2@group-0AAC5367B30E: appendEntries* reply omNode-1<-omNode-bootstrap-2#155:FAIL-t1,INCONSISTENCY,nextIndex=0,followerCommit=-1,matchIndex=-1
2024-09-18 12:54:53,961 [grpc-default-executor-1] INFO  impl.SnapshotInstallationHandler (SnapshotInstallationHandler.java:installSnapshot(92)) - omNode-bootstrap-2@group-0AAC5367B30E: receive installSnapshot: omNode-1->omNode-bootstrap-2#0-t1,notify:(t:1, i:0)
2024-09-18 12:54:53,961 [grpc-default-executor-4] WARN  server.GrpcLogAppender (GrpcLogAppender.java:onNextImpl(519)) - omNode-1@group-0AAC5367B30E->omNode-bootstrap-2-AppendLogResponseHandler: received INCONSISTENCY reply with nextIndex 0, errorCount=1, request=AppendEntriesRequest:cid=155,entriesCount=0
2024-09-18 12:54:53,961 [grpc-default-executor-1] INFO  impl.SnapshotInstallationHandler (SnapshotInstallationHandler.java:installSnapshotImpl(138)) - omNode-bootstrap-2@group-0AAC5367B30E: set new configuration configurationEntry {
  peers {
    id: "omNode-1"
    address: "localhost:15015"
    startupRole: FOLLOWER
  }
}
 from snapshot
2024-09-18 12:54:53,961 [grpc-default-executor-1] INFO  server.RaftServer$Division (ServerState.java:setRaftConf(386)) - omNode-bootstrap-2@group-0AAC5367B30E: set configuration conf: {index: 0, cur=peers:[omNode-1|localhost:15015]|listeners:[], old=null}
2024-09-18 12:54:53,962 [grpc-default-executor-1] INFO  ratis.OzoneManagerStateMachine (OzoneManagerStateMachine.java:notifyConfigurationChanged(216)) - Received Configuration change notification from Ratis. New Peer list:
[id: "omNode-1"
address: "localhost:15015"
startupRole: FOLLOWER
]
2024-09-18 12:54:53,962 [grpc-default-executor-1] INFO  impl.SnapshotInstallationHandler (SnapshotInstallationHandler.java:installSnapshot(103)) - omNode-bootstrap-2@group-0AAC5367B30E: reply installSnapshot: omNode-1<-omNode-bootstrap-2#0:FAIL-t1,IN_PROGRESS,snapshotIndex=0
2024-09-18 12:54:53,962 [grpc-default-executor-1] INFO  server.GrpcServerProtocolService (GrpcServerProtocolService.java:onCompleted(157)) - omNode-bootstrap-2: Completed INSTALL_SNAPSHOT, lastRequest: omNode-1->omNode-bootstrap-2#0-t1,notify:(t:1, i:0)
2024-09-18 12:54:53,962 [grpc-default-executor-1] INFO  server.GrpcServerProtocolService (GrpcServerProtocolService.java:lambda$onCompleted$5(159)) - omNode-bootstrap-2: Completed INSTALL_SNAPSHOT, lastReply: null
2024-09-18 12:54:53,963 [grpc-default-executor-4] INFO  server.GrpcLogAppender (GrpcLogAppender.java:onNext(649)) - omNode-1@group-0AAC5367B30E->omNode-bootstrap-2-InstallSnapshotResponseHandler: received a reply omNode-1<-omNode-bootstrap-2#0:FAIL-t1,IN_PROGRESS,snapshotIndex=0
2024-09-18 12:54:53,963 [grpc-default-executor-4] INFO  server.GrpcLogAppender (GrpcLogAppender.java:onNext(665)) - omNode-1@group-0AAC5367B30E->omNode-bootstrap-2-InstallSnapshotResponseHandler: InstallSnapshot in progress.
2024-09-18 12:54:53,963 [omNode-bootstrap-2-server-thread1] INFO  server.RaftServer$Division (RaftServerImpl.java:checkInconsistentAppendEntries(1629)) - omNode-bootstrap-2@group-0AAC5367B30E: Failed appendEntries as snapshot (0) installation is in progress
2024-09-18 12:54:53,963 [omNode-bootstrap-2-server-thread1] INFO  server.RaftServer$Division (RaftServerImpl.java:appendEntriesAsync(1584)) - omNode-bootstrap-2@group-0AAC5367B30E: appendEntries* reply omNode-1<-omNode-bootstrap-2#156:FAIL-t1,INCONSISTENCY,nextIndex=0,followerCommit=-1,matchIndex=-1
2024-09-18 12:54:53,964 [grpc-default-executor-4] WARN  server.GrpcLogAppender (GrpcLogAppender.java:onNextImpl(519)) - omNode-1@group-0AAC5367B30E->omNode-bootstrap-2-AppendLogResponseHandler: received INCONSISTENCY reply with nextIndex 0, errorCount=1, request=AppendEntriesRequest:cid=156,entriesCount=0
2024-09-18 12:54:53,964 [omNode-1@group-0AAC5367B30E->omNode-bootstrap-2-GrpcLogAppender-LogAppenderDaemon] INFO  server.GrpcLogAppender (GrpcLogAppender.java:notifyInstallSnapshot(790)) - omNode-1@group-0AAC5367B30E->omNode-bootstrap-2-GrpcLogAppender: notifyInstallSnapshot with firstAvailable=(t:1, i:0), followerNextIndex=0
2024-09-18 12:54:53,964 [omNode-1@group-0AAC5367B30E->omNode-bootstrap-2-GrpcLogAppender-LogAppenderDaemon] INFO  server.GrpcLogAppender (GrpcLogAppender.java:notifyInstallSnapshot(798)) - omNode-1@group-0AAC5367B30E->omNode-bootstrap-2-GrpcLogAppender: send omNode-1->omNode-bootstrap-2#0-t1,notify:(t:1, i:0)
2024-09-18 12:54:53,965 [grpc-default-executor-1] INFO  impl.SnapshotInstallationHandler (SnapshotInstallationHandler.java:installSnapshot(92)) - omNode-bootstrap-2@group-0AAC5367B30E: receive installSnapshot: omNode-1->omNode-bootstrap-2#0-t1,notify:(t:1, i:0)
2024-09-18 12:54:53,965 [grpc-default-executor-1] INFO  impl.SnapshotInstallationHandler (SnapshotInstallationHandler.java:installSnapshotImpl(138)) - omNode-bootstrap-2@group-0AAC5367B30E: set new configuration configurationEntry {
  peers {
    id: "omNode-1"
    address: "localhost:15015"
    startupRole: FOLLOWER
  }
}
 from snapshot
2024-09-18 12:54:53,965 [grpc-default-executor-1] INFO  server.RaftServer$Division (ServerState.java:setRaftConf(386)) - omNode-bootstrap-2@group-0AAC5367B30E: set configuration conf: {index: 0, cur=peers:[omNode-1|localhost:15015]|listeners:[], old=null}
2024-09-18 12:54:53,966 [grpc-default-executor-1] INFO  ratis.OzoneManagerStateMachine (OzoneManagerStateMachine.java:notifyConfigurationChanged(216)) - Received Configuration change notification from Ratis. New Peer list:
[id: "omNode-1"
address: "localhost:15015"
startupRole: FOLLOWER
]
2024-09-18 12:54:53,966 [grpc-default-executor-1] INFO  impl.SnapshotInstallationHandler (SnapshotInstallationHandler.java:installSnapshot(103)) - omNode-bootstrap-2@group-0AAC5367B30E: reply installSnapshot: omNode-1<-omNode-bootstrap-2#0:FAIL-t1,IN_PROGRESS,snapshotIndex=0
2024-09-18 12:54:53,967 [grpc-default-executor-1] INFO  server.GrpcServerProtocolService (GrpcServerProtocolService.java:onCompleted(157)) - omNode-bootstrap-2: Completed INSTALL_SNAPSHOT, lastRequest: omNode-1->omNode-bootstrap-2#0-t1,notify:(t:1, i:0)
2024-09-18 12:54:53,967 [grpc-default-executor-1] INFO  server.GrpcServerProtocolService (GrpcServerProtocolService.java:lambda$onCompleted$5(159)) - omNode-bootstrap-2: Completed INSTALL_SNAPSHOT, lastReply: null
2024-09-18 12:54:53,967 [grpc-default-executor-1] INFO  server.GrpcLogAppender (GrpcLogAppender.java:onNext(649)) - omNode-1@group-0AAC5367B30E->omNode-bootstrap-2-InstallSnapshotResponseHandler: received a reply omNode-1<-omNode-bootstrap-2#0:FAIL-t1,IN_PROGRESS,snapshotIndex=0
2024-09-18 12:54:53,967 [grpc-default-executor-1] INFO  server.GrpcLogAppender (GrpcLogAppender.java:onNext(665)) - omNode-1@group-0AAC5367B30E->omNode-bootstrap-2-InstallSnapshotResponseHandler: InstallSnapshot in progress.
2024-09-18 12:54:53,967 [omNode-1@group-0AAC5367B30E->omNode-bootstrap-2-GrpcLogAppender-LogAppenderDaemon] INFO  server.GrpcLogAppender (GrpcLogAppender.java:notifyInstallSnapshot(790)) - omNode-1@group-0AAC5367B30E->omNode-bootstrap-2-GrpcLogAppender: notifyInstallSnapshot with firstAvailable=(t:1, i:0), followerNextIndex=0
2024-09-18 12:54:53,967 [omNode-1@group-0AAC5367B30E->omNode-bootstrap-2-GrpcLogAppender-LogAppenderDaemon] INFO  server.GrpcLogAppender (GrpcLogAppender.java:notifyInstallSnapshot(798)) - omNode-1@group-0AAC5367B30E->omNode-bootstrap-2-GrpcLogAppender: send omNode-1->omNode-bootstrap-2#0-t1,notify:(t:1, i:0)
2024-09-18 12:54:53,968 [grpc-default-executor-4] INFO  impl.SnapshotInstallationHandler (SnapshotInstallationHandler.java:installSnapshot(92)) - omNode-bootstrap-2@group-0AAC5367B30E: receive installSnapshot: omNode-1->omNode-bootstrap-2#0-t1,notify:(t:1, i:0)
2024-09-18 12:54:53,968 [grpc-default-executor-4] INFO  impl.SnapshotInstallationHandler (SnapshotInstallationHandler.java:installSnapshotImpl(138)) - omNode-bootstrap-2@group-0AAC5367B30E: set new configuration configurationEntry {
  peers {
    id: "omNode-1"
    address: "localhost:15015"
    startupRole: FOLLOWER
  }
}
 from snapshot
2024-09-18 12:54:53,969 [grpc-default-executor-4] INFO  server.RaftServer$Division (ServerState.java:setRaftConf(386)) - omNode-bootstrap-2@group-0AAC5367B30E: set configuration conf: {index: 0, cur=peers:[omNode-1|localhost:15015]|listeners:[], old=null}
2024-09-18 12:54:53,969 [omNode-bootstrap-2-server-thread1] INFO  server.RaftServer$Division (RaftServerImpl.java:checkInconsistentAppendEntries(1629)) - omNode-bootstrap-2@group-0AAC5367B30E: Failed appendEntries as snapshot (0) installation is in progress
2024-09-18 12:54:53,969 [omNode-bootstrap-2-server-thread1] INFO  server.RaftServer$Division (RaftServerImpl.java:appendEntriesAsync(1584)) - omNode-bootstrap-2@group-0AAC5367B30E: appendEntries* reply omNode-1<-omNode-bootstrap-2#157:FAIL-t1,INCONSISTENCY,nextIndex=0,followerCommit=-1,matchIndex=-1
2024-09-18 12:54:53,970 [grpc-default-executor-1] WARN  server.GrpcLogAppender (GrpcLogAppender.java:onNextImpl(519)) - omNode-1@group-0AAC5367B30E->omNode-bootstrap-2-AppendLogResponseHandler: received INCONSISTENCY reply with nextIndex 0, errorCount=1, request=AppendEntriesRequest:cid=157,entriesCount=0
2024-09-18 12:54:53,970 [grpc-default-executor-4] INFO  ratis.OzoneManagerStateMachine (OzoneManagerStateMachine.java:notifyConfigurationChanged(216)) - Received Configuration change notification from Ratis. New Peer list:
[id: "omNode-1"
address: "localhost:15015"
startupRole: FOLLOWER
]
2024-09-18 12:54:53,970 [grpc-default-executor-4] INFO  impl.SnapshotInstallationHandler (SnapshotInstallationHandler.java:installSnapshot(103)) - omNode-bootstrap-2@group-0AAC5367B30E: reply installSnapshot: omNode-1<-omNode-bootstrap-2#0:FAIL-t1,IN_PROGRESS,snapshotIndex=0
2024-09-18 12:54:53,970 [grpc-default-executor-4] INFO  server.GrpcServerProtocolService (GrpcServerProtocolService.java:onCompleted(157)) - omNode-bootstrap-2: Completed INSTALL_SNAPSHOT, lastRequest: omNode-1->omNode-bootstrap-2#0-t1,notify:(t:1, i:0)
2024-09-18 12:54:53,970 [grpc-default-executor-4] INFO  server.GrpcServerProtocolService (GrpcServerProtocolService.java:lambda$onCompleted$5(159)) - omNode-bootstrap-2: Completed INSTALL_SNAPSHOT, lastReply: null
2024-09-18 12:54:53,971 [grpc-default-executor-1] INFO  server.GrpcLogAppender (GrpcLogAppender.java:onNext(649)) - omNode-1@group-0AAC5367B30E->omNode-bootstrap-2-InstallSnapshotResponseHandler: received a reply omNode-1<-omNode-bootstrap-2#0:FAIL-t1,IN_PROGRESS,snapshotIndex=0
2024-09-18 12:54:53,971 [grpc-default-executor-1] INFO  server.GrpcLogAppender (GrpcLogAppender.java:onNext(665)) - omNode-1@group-0AAC5367B30E->omNode-bootstrap-2-InstallSnapshotResponseHandler: InstallSnapshot in progress.
2024-09-18 12:54:53,971 [omNode-bootstrap-2-server-thread1] INFO  server.RaftServer$Division (RaftServerImpl.java:checkInconsistentAppendEntries(1629)) - omNode-bootstrap-2@group-0AAC5367B30E: Failed appendEntries as snapshot (0) installation is in progress
2024-09-18 12:54:53,971 [omNode-bootstrap-2-server-thread1] INFO  server.RaftServer$Division (RaftServerImpl.java:appendEntriesAsync(1584)) - omNode-bootstrap-2@group-0AAC5367B30E: appendEntries* reply omNode-1<-omNode-bootstrap-2#158:FAIL-t1,INCONSISTENCY,nextIndex=0,followerCommit=-1,matchIndex=-1
2024-09-18 12:54:53,972 [grpc-default-executor-1] WARN  server.GrpcLogAppender (GrpcLogAppender.java:onNextImpl(519)) - omNode-1@group-0AAC5367B30E->omNode-bootstrap-2-AppendLogResponseHandler: received INCONSISTENCY reply with nextIndex 0, errorCount=1, request=AppendEntriesRequest:cid=158,entriesCount=0
2024-09-18 12:54:53,972 [omNode-1@group-0AAC5367B30E->omNode-bootstrap-2-GrpcLogAppender-LogAppenderDaemon] INFO  server.GrpcLogAppender (GrpcLogAppender.java:notifyInstallSnapshot(790)) - omNode-1@group-0AAC5367B30E->omNode-bootstrap-2-GrpcLogAppender: notifyInstallSnapshot with firstAvailable=(t:1, i:0), followerNextIndex=0
2024-09-18 12:54:53,972 [omNode-1@group-0AAC5367B30E->omNode-bootstrap-2-GrpcLogAppender-LogAppenderDaemon] INFO  server.GrpcLogAppender (GrpcLogAppender.java:notifyInstallSnapshot(798)) - omNode-1@group-0AAC5367B30E->omNode-bootstrap-2-GrpcLogAppender: send omNode-1->omNode-bootstrap-2#0-t1,notify:(t:1, i:0)
2024-09-18 12:54:53,973 [grpc-default-executor-4] INFO  impl.SnapshotInstallationHandler (SnapshotInstallationHandler.java:installSnapshot(92)) - omNode-bootstrap-2@group-0AAC5367B30E: receive installSnapshot: omNode-1->omNode-bootstrap-2#0-t1,notify:(t:1, i:0)
2024-09-18 12:54:53,973 [grpc-default-executor-4] INFO  impl.SnapshotInstallationHandler (SnapshotInstallationHandler.java:installSnapshotImpl(138)) - omNode-bootstrap-2@group-0AAC5367B30E: set new configuration configurationEntry {
  peers {
    id: "omNode-1"
    address: "localhost:15015"
    startupRole: FOLLOWER
  }
}
 from snapshot
2024-09-18 12:54:53,974 [grpc-default-executor-4] INFO  server.RaftServer$Division (ServerState.java:setRaftConf(386)) - omNode-bootstrap-2@group-0AAC5367B30E: set configuration conf: {index: 0, cur=peers:[omNode-1|localhost:15015]|listeners:[], old=null}
2024-09-18 12:54:53,975 [grpc-default-executor-4] INFO  ratis.OzoneManagerStateMachine (OzoneManagerStateMachine.java:notifyConfigurationChanged(216)) - Received Configuration change notification from Ratis. New Peer list:
[id: "omNode-1"
address: "localhost:15015"
startupRole: FOLLOWER
]
2024-09-18 12:54:53,975 [grpc-default-executor-4] INFO  impl.SnapshotInstallationHandler (SnapshotInstallationHandler.java:installSnapshot(103)) - omNode-bootstrap-2@group-0AAC5367B30E: reply installSnapshot: omNode-1<-omNode-bootstrap-2#0:FAIL-t1,IN_PROGRESS,snapshotIndex=0
2024-09-18 12:54:53,975 [grpc-default-executor-4] INFO  server.GrpcServerProtocolService (GrpcServerProtocolService.java:onCompleted(157)) - omNode-bootstrap-2: Completed INSTALL_SNAPSHOT, lastRequest: omNode-1->omNode-bootstrap-2#0-t1,notify:(t:1, i:0)
2024-09-18 12:54:53,975 [grpc-default-executor-4] INFO  server.GrpcServerProtocolService (GrpcServerProtocolService.java:lambda$onCompleted$5(159)) - omNode-bootstrap-2: Completed INSTALL_SNAPSHOT, lastReply: null
2024-09-18 12:54:53,975 [grpc-default-executor-1] INFO  server.GrpcLogAppender (GrpcLogAppender.java:onNext(649)) - omNode-1@group-0AAC5367B30E->omNode-bootstrap-2-InstallSnapshotResponseHandler: received a reply omNode-1<-omNode-bootstrap-2#0:FAIL-t1,IN_PROGRESS,snapshotIndex=0
2024-09-18 12:54:53,975 [grpc-default-executor-1] INFO  server.GrpcLogAppender (GrpcLogAppender.java:onNext(665)) - omNode-1@group-0AAC5367B30E->omNode-bootstrap-2-InstallSnapshotResponseHandler: InstallSnapshot in progress.
2024-09-18 12:54:53,976 [omNode-bootstrap-2-server-thread1] INFO  server.RaftServer$Division (RaftServerImpl.java:checkInconsistentAppendEntries(1629)) - omNode-bootstrap-2@group-0AAC5367B30E: Failed appendEntries as snapshot (0) installation is in progress
2024-09-18 12:54:53,976 [omNode-bootstrap-2-server-thread1] INFO  server.RaftServer$Division (RaftServerImpl.java:appendEntriesAsync(1584)) - omNode-bootstrap-2@group-0AAC5367B30E: appendEntries* reply omNode-1<-omNode-bootstrap-2#159:FAIL-t1,INCONSISTENCY,nextIndex=0,followerCommit=-1,matchIndex=-1
2024-09-18 12:54:53,976 [grpc-default-executor-4] WARN  server.GrpcLogAppender (GrpcLogAppender.java:onNextImpl(519)) - omNode-1@group-0AAC5367B30E->omNode-bootstrap-2-AppendLogResponseHandler: received INCONSISTENCY reply with nextIndex 0, errorCount=1, request=AppendEntriesRequest:cid=159,entriesCount=0
2024-09-18 12:54:53,977 [omNode-1@group-0AAC5367B30E->omNode-bootstrap-2-GrpcLogAppender-LogAppenderDaemon] INFO  server.GrpcLogAppender (GrpcLogAppender.java:notifyInstallSnapshot(790)) - omNode-1@group-0AAC5367B30E->omNode-bootstrap-2-GrpcLogAppender: notifyInstallSnapshot with firstAvailable=(t:1, i:0), followerNextIndex=0
2024-09-18 12:54:53,977 [omNode-1@group-0AAC5367B30E->omNode-bootstrap-2-GrpcLogAppender-LogAppenderDaemon] INFO  server.GrpcLogAppender (GrpcLogAppender.java:notifyInstallSnapshot(798)) - omNode-1@group-0AAC5367B30E->omNode-bootstrap-2-GrpcLogAppender: send omNode-1->omNode-bootstrap-2#0-t1,notify:(t:1, i:0)
2024-09-18 12:54:53,979 [grpc-default-executor-1] INFO  impl.SnapshotInstallationHandler (SnapshotInstallationHandler.java:installSnapshot(92)) - omNode-bootstrap-2@group-0AAC5367B30E: receive installSnapshot: omNode-1->omNode-bootstrap-2#0-t1,notify:(t:1, i:0)
2024-09-18 12:54:53,979 [grpc-default-executor-1] INFO  impl.SnapshotInstallationHandler (SnapshotInstallationHandler.java:installSnapshotImpl(138)) - omNode-bootstrap-2@group-0AAC5367B30E: set new configuration configurationEntry {
  peers {
    id: "omNode-1"
    address: "localhost:15015"
    startupRole: FOLLOWER
  }
}
 from snapshot
2024-09-18 12:54:53,979 [grpc-default-executor-1] INFO  server.RaftServer$Division (ServerState.java:setRaftConf(386)) - omNode-bootstrap-2@group-0AAC5367B30E: set configuration conf: {index: 0, cur=peers:[omNode-1|localhost:15015]|listeners:[], old=null}
2024-09-18 12:54:53,982 [grpc-default-executor-1] INFO  ratis.OzoneManagerStateMachine (OzoneManagerStateMachine.java:notifyConfigurationChanged(216)) - Received Configuration change notification from Ratis. New Peer list:
[id: "omNode-1"
address: "localhost:15015"
startupRole: FOLLOWER
]
2024-09-18 12:54:53,982 [grpc-default-executor-1] INFO  impl.SnapshotInstallationHandler (SnapshotInstallationHandler.java:installSnapshot(103)) - omNode-bootstrap-2@group-0AAC5367B30E: reply installSnapshot: omNode-1<-omNode-bootstrap-2#0:FAIL-t1,IN_PROGRESS,snapshotIndex=0
2024-09-18 12:54:53,982 [grpc-default-executor-1] INFO  server.GrpcServerProtocolService (GrpcServerProtocolService.java:onCompleted(157)) - omNode-bootstrap-2: Completed INSTALL_SNAPSHOT, lastRequest: omNode-1->omNode-bootstrap-2#0-t1,notify:(t:1, i:0)
2024-09-18 12:54:53,982 [grpc-default-executor-1] INFO  server.GrpcServerProtocolService (GrpcServerProtocolService.java:lambda$onCompleted$5(159)) - omNode-bootstrap-2: Completed INSTALL_SNAPSHOT, lastReply: null
2024-09-18 12:54:53,982 [grpc-default-executor-1] INFO  server.GrpcLogAppender (GrpcLogAppender.java:onNext(649)) - omNode-1@group-0AAC5367B30E->omNode-bootstrap-2-InstallSnapshotResponseHandler: received a reply omNode-1<-omNode-bootstrap-2#0:FAIL-t1,IN_PROGRESS,snapshotIndex=0
2024-09-18 12:54:53,982 [grpc-default-executor-1] INFO  server.GrpcLogAppender (GrpcLogAppender.java:onNext(665)) - omNode-1@group-0AAC5367B30E->omNode-bootstrap-2-InstallSnapshotResponseHandler: InstallSnapshot in progress.
2024-09-18 12:54:53,983 [omNode-1@group-0AAC5367B30E->omNode-bootstrap-2-GrpcLogAppender-LogAppenderDaemon] INFO  server.GrpcLogAppender (GrpcLogAppender.java:notifyInstallSnapshot(790)) - omNode-1@group-0AAC5367B30E->omNode-bootstrap-2-GrpcLogAppender: notifyInstallSnapshot with firstAvailable=(t:1, i:0), followerNextIndex=0
2024-09-18 12:54:53,983 [omNode-1@group-0AAC5367B30E->omNode-bootstrap-2-GrpcLogAppender-LogAppenderDaemon] INFO  server.GrpcLogAppender (GrpcLogAppender.java:notifyInstallSnapshot(798)) - omNode-1@group-0AAC5367B30E->omNode-bootstrap-2-GrpcLogAppender: send omNode-1->omNode-bootstrap-2#0-t1,notify:(t:1, i:0)
2024-09-18 12:54:53,984 [grpc-default-executor-4] INFO  impl.SnapshotInstallationHandler (SnapshotInstallationHandler.java:installSnapshot(92)) - omNode-bootstrap-2@group-0AAC5367B30E: receive installSnapshot: omNode-1->omNode-bootstrap-2#0-t1,notify:(t:1, i:0)
2024-09-18 12:54:53,984 [grpc-default-executor-4] INFO  impl.SnapshotInstallationHandler (SnapshotInstallationHandler.java:installSnapshotImpl(138)) - omNode-bootstrap-2@group-0AAC5367B30E: set new configuration configurationEntry {
  peers {
    id: "omNode-1"
    address: "localhost:15015"
    startupRole: FOLLOWER
  }
}
 from snapshot
2024-09-18 12:54:53,984 [grpc-default-executor-4] INFO  server.RaftServer$Division (ServerState.java:setRaftConf(386)) - omNode-bootstrap-2@group-0AAC5367B30E: set configuration conf: {index: 0, cur=peers:[omNode-1|localhost:15015]|listeners:[], old=null}
2024-09-18 12:54:53,985 [omNode-bootstrap-2-server-thread1] INFO  server.RaftServer$Division (RaftServerImpl.java:checkInconsistentAppendEntries(1629)) - omNode-bootstrap-2@group-0AAC5367B30E: Failed appendEntries as snapshot (0) installation is in progress
2024-09-18 12:54:53,985 [omNode-bootstrap-2-server-thread1] INFO  server.RaftServer$Division (RaftServerImpl.java:appendEntriesAsync(1584)) - omNode-bootstrap-2@group-0AAC5367B30E: appendEntries* reply omNode-1<-omNode-bootstrap-2#160:FAIL-t1,INCONSISTENCY,nextIndex=0,followerCommit=-1,matchIndex=-1
2024-09-18 12:54:53,985 [grpc-default-executor-4] INFO  ratis.OzoneManagerStateMachine (OzoneManagerStateMachine.java:notifyConfigurationChanged(216)) - Received Configuration change notification from Ratis. New Peer list:
[id: "omNode-1"
address: "localhost:15015"
startupRole: FOLLOWER
]
2024-09-18 12:54:53,985 [grpc-default-executor-1] WARN  server.GrpcLogAppender (GrpcLogAppender.java:onNextImpl(519)) - omNode-1@group-0AAC5367B30E->omNode-bootstrap-2-AppendLogResponseHandler: received INCONSISTENCY reply with nextIndex 0, errorCount=1, request=AppendEntriesRequest:cid=160,entriesCount=0
2024-09-18 12:54:53,985 [grpc-default-executor-4] INFO  impl.SnapshotInstallationHandler (SnapshotInstallationHandler.java:installSnapshot(103)) - omNode-bootstrap-2@group-0AAC5367B30E: reply installSnapshot: omNode-1<-omNode-bootstrap-2#0:FAIL-t1,IN_PROGRESS,snapshotIndex=0
2024-09-18 12:54:53,986 [grpc-default-executor-4] INFO  server.GrpcServerProtocolService (GrpcServerProtocolService.java:onCompleted(157)) - omNode-bootstrap-2: Completed INSTALL_SNAPSHOT, lastRequest: omNode-1->omNode-bootstrap-2#0-t1,notify:(t:1, i:0)
2024-09-18 12:54:53,986 [grpc-default-executor-4] INFO  server.GrpcServerProtocolService (GrpcServerProtocolService.java:lambda$onCompleted$5(159)) - omNode-bootstrap-2: Completed INSTALL_SNAPSHOT, lastReply: null
2024-09-18 12:54:53,986 [grpc-default-executor-1] INFO  server.GrpcLogAppender (GrpcLogAppender.java:onNext(649)) - omNode-1@group-0AAC5367B30E->omNode-bootstrap-2-InstallSnapshotResponseHandler: received a reply omNode-1<-omNode-bootstrap-2#0:FAIL-t1,IN_PROGRESS,snapshotIndex=0
2024-09-18 12:54:53,986 [grpc-default-executor-1] INFO  server.GrpcLogAppender (GrpcLogAppender.java:onNext(665)) - omNode-1@group-0AAC5367B30E->omNode-bootstrap-2-InstallSnapshotResponseHandler: InstallSnapshot in progress.
2024-09-18 12:54:53,987 [omNode-bootstrap-2-server-thread1] INFO  server.RaftServer$Division (RaftServerImpl.java:checkInconsistentAppendEntries(1629)) - omNode-bootstrap-2@group-0AAC5367B30E: Failed appendEntries as snapshot (0) installation is in progress
2024-09-18 12:54:53,987 [omNode-bootstrap-2-server-thread1] INFO  server.RaftServer$Division (RaftServerImpl.java:appendEntriesAsync(1584)) - omNode-bootstrap-2@group-0AAC5367B30E: appendEntries* reply omNode-1<-omNode-bootstrap-2#161:FAIL-t1,INCONSISTENCY,nextIndex=0,followerCommit=-1,matchIndex=-1
2024-09-18 12:54:53,987 [grpc-default-executor-1] WARN  server.GrpcLogAppender (GrpcLogAppender.java:onNextImpl(519)) - omNode-1@group-0AAC5367B30E->omNode-bootstrap-2-AppendLogResponseHandler: received INCONSISTENCY reply with nextIndex 0, errorCount=1, request=AppendEntriesRequest:cid=161,entriesCount=0
2024-09-18 12:54:53,987 [omNode-1@group-0AAC5367B30E->omNode-bootstrap-2-GrpcLogAppender-LogAppenderDaemon] INFO  server.GrpcLogAppender (GrpcLogAppender.java:notifyInstallSnapshot(790)) - omNode-1@group-0AAC5367B30E->omNode-bootstrap-2-GrpcLogAppender: notifyInstallSnapshot with firstAvailable=(t:1, i:0), followerNextIndex=0
2024-09-18 12:54:53,988 [omNode-1@group-0AAC5367B30E->omNode-bootstrap-2-GrpcLogAppender-LogAppenderDaemon] INFO  server.GrpcLogAppender (GrpcLogAppender.java:notifyInstallSnapshot(798)) - omNode-1@group-0AAC5367B30E->omNode-bootstrap-2-GrpcLogAppender: send omNode-1->omNode-bootstrap-2#0-t1,notify:(t:1, i:0)
2024-09-18 12:54:53,988 [grpc-default-executor-1] INFO  impl.SnapshotInstallationHandler (SnapshotInstallationHandler.java:installSnapshot(92)) - omNode-bootstrap-2@group-0AAC5367B30E: receive installSnapshot: omNode-1->omNode-bootstrap-2#0-t1,notify:(t:1, i:0)
2024-09-18 12:54:53,988 [grpc-default-executor-1] INFO  impl.SnapshotInstallationHandler (SnapshotInstallationHandler.java:installSnapshotImpl(138)) - omNode-bootstrap-2@group-0AAC5367B30E: set new configuration configurationEntry {
  peers {
    id: "omNode-1"
    address: "localhost:15015"
    startupRole: FOLLOWER
  }
}
 from snapshot
2024-09-18 12:54:53,989 [grpc-default-executor-1] INFO  server.RaftServer$Division (ServerState.java:setRaftConf(386)) - omNode-bootstrap-2@group-0AAC5367B30E: set configuration conf: {index: 0, cur=peers:[omNode-1|localhost:15015]|listeners:[], old=null}
2024-09-18 12:54:53,989 [grpc-default-executor-1] INFO  ratis.OzoneManagerStateMachine (OzoneManagerStateMachine.java:notifyConfigurationChanged(216)) - Received Configuration change notification from Ratis. New Peer list:
[id: "omNode-1"
address: "localhost:15015"
startupRole: FOLLOWER
]
2024-09-18 12:54:53,990 [grpc-default-executor-1] INFO  impl.SnapshotInstallationHandler (SnapshotInstallationHandler.java:installSnapshot(103)) - omNode-bootstrap-2@group-0AAC5367B30E: reply installSnapshot: omNode-1<-omNode-bootstrap-2#0:FAIL-t1,IN_PROGRESS,snapshotIndex=0
2024-09-18 12:54:53,990 [grpc-default-executor-1] INFO  server.GrpcServerProtocolService (GrpcServerProtocolService.java:onCompleted(157)) - omNode-bootstrap-2: Completed INSTALL_SNAPSHOT, lastRequest: omNode-1->omNode-bootstrap-2#0-t1,notify:(t:1, i:0)
2024-09-18 12:54:53,990 [grpc-default-executor-1] INFO  server.GrpcServerProtocolService (GrpcServerProtocolService.java:lambda$onCompleted$5(159)) - omNode-bootstrap-2: Completed INSTALL_SNAPSHOT, lastReply: null
2024-09-18 12:54:53,990 [grpc-default-executor-4] INFO  server.GrpcLogAppender (GrpcLogAppender.java:onNext(649)) - omNode-1@group-0AAC5367B30E->omNode-bootstrap-2-InstallSnapshotResponseHandler: received a reply omNode-1<-omNode-bootstrap-2#0:FAIL-t1,IN_PROGRESS,snapshotIndex=0
2024-09-18 12:54:53,990 [grpc-default-executor-4] INFO  server.GrpcLogAppender (GrpcLogAppender.java:onNext(665)) - omNode-1@group-0AAC5367B30E->omNode-bootstrap-2-InstallSnapshotResponseHandler: InstallSnapshot in progress.
2024-09-18 12:54:53,991 [omNode-bootstrap-2-server-thread1] INFO  server.RaftServer$Division (RaftServerImpl.java:checkInconsistentAppendEntries(1629)) - omNode-bootstrap-2@group-0AAC5367B30E: Failed appendEntries as snapshot (0) installation is in progress
2024-09-18 12:54:53,991 [omNode-bootstrap-2-server-thread1] INFO  server.RaftServer$Division (RaftServerImpl.java:appendEntriesAsync(1584)) - omNode-bootstrap-2@group-0AAC5367B30E: appendEntries* reply omNode-1<-omNode-bootstrap-2#162:FAIL-t1,INCONSISTENCY,nextIndex=0,followerCommit=-1,matchIndex=-1
2024-09-18 12:54:53,991 [grpc-default-executor-4] WARN  server.GrpcLogAppender (GrpcLogAppender.java:onNextImpl(519)) - omNode-1@group-0AAC5367B30E->omNode-bootstrap-2-AppendLogResponseHandler: received INCONSISTENCY reply with nextIndex 0, errorCount=1, request=AppendEntriesRequest:cid=162,entriesCount=0
2024-09-18 12:54:53,991 [omNode-1@group-0AAC5367B30E->omNode-bootstrap-2-GrpcLogAppender-LogAppenderDaemon] INFO  server.GrpcLogAppender (GrpcLogAppender.java:notifyInstallSnapshot(790)) - omNode-1@group-0AAC5367B30E->omNode-bootstrap-2-GrpcLogAppender: notifyInstallSnapshot with firstAvailable=(t:1, i:0), followerNextIndex=0
2024-09-18 12:54:53,991 [omNode-1@group-0AAC5367B30E->omNode-bootstrap-2-GrpcLogAppender-LogAppenderDaemon] INFO  server.GrpcLogAppender (GrpcLogAppender.java:notifyInstallSnapshot(798)) - omNode-1@group-0AAC5367B30E->omNode-bootstrap-2-GrpcLogAppender: send omNode-1->omNode-bootstrap-2#0-t1,notify:(t:1, i:0)
2024-09-18 12:54:53,992 [grpc-default-executor-1] INFO  impl.SnapshotInstallationHandler (SnapshotInstallationHandler.java:installSnapshot(92)) - omNode-bootstrap-2@group-0AAC5367B30E: receive installSnapshot: omNode-1->omNode-bootstrap-2#0-t1,notify:(t:1, i:0)
2024-09-18 12:54:53,992 [grpc-default-executor-1] INFO  impl.SnapshotInstallationHandler (SnapshotInstallationHandler.java:installSnapshotImpl(138)) - omNode-bootstrap-2@group-0AAC5367B30E: set new configuration configurationEntry {
  peers {
    id: "omNode-1"
    address: "localhost:15015"
    startupRole: FOLLOWER
  }
}
 from snapshot
2024-09-18 12:54:53,993 [grpc-default-executor-1] INFO  server.RaftServer$Division (ServerState.java:setRaftConf(386)) - omNode-bootstrap-2@group-0AAC5367B30E: set configuration conf: {index: 0, cur=peers:[omNode-1|localhost:15015]|listeners:[], old=null}
2024-09-18 12:54:53,994 [grpc-default-executor-1] INFO  ratis.OzoneManagerStateMachine (OzoneManagerStateMachine.java:notifyConfigurationChanged(216)) - Received Configuration change notification from Ratis. New Peer list:
[id: "omNode-1"
address: "localhost:15015"
startupRole: FOLLOWER
]
2024-09-18 12:54:53,994 [grpc-default-executor-1] INFO  impl.SnapshotInstallationHandler (SnapshotInstallationHandler.java:installSnapshot(103)) - omNode-bootstrap-2@group-0AAC5367B30E: reply installSnapshot: omNode-1<-omNode-bootstrap-2#0:FAIL-t1,IN_PROGRESS,snapshotIndex=0
2024-09-18 12:54:53,994 [grpc-default-executor-1] INFO  server.GrpcServerProtocolService (GrpcServerProtocolService.java:onCompleted(157)) - omNode-bootstrap-2: Completed INSTALL_SNAPSHOT, lastRequest: omNode-1->omNode-bootstrap-2#0-t1,notify:(t:1, i:0)
2024-09-18 12:54:53,994 [grpc-default-executor-1] INFO  server.GrpcServerProtocolService (GrpcServerProtocolService.java:lambda$onCompleted$5(159)) - omNode-bootstrap-2: Completed INSTALL_SNAPSHOT, lastReply: null
2024-09-18 12:54:53,994 [grpc-default-executor-4] INFO  server.GrpcLogAppender (GrpcLogAppender.java:onNext(649)) - omNode-1@group-0AAC5367B30E->omNode-bootstrap-2-InstallSnapshotResponseHandler: received a reply omNode-1<-omNode-bootstrap-2#0:FAIL-t1,IN_PROGRESS,snapshotIndex=0
2024-09-18 12:54:53,995 [grpc-default-executor-4] INFO  server.GrpcLogAppender (GrpcLogAppender.java:onNext(665)) - omNode-1@group-0AAC5367B30E->omNode-bootstrap-2-InstallSnapshotResponseHandler: InstallSnapshot in progress.
2024-09-18 12:54:53,995 [omNode-1@group-0AAC5367B30E->omNode-bootstrap-2-GrpcLogAppender-LogAppenderDaemon] INFO  server.GrpcLogAppender (GrpcLogAppender.java:notifyInstallSnapshot(790)) - omNode-1@group-0AAC5367B30E->omNode-bootstrap-2-GrpcLogAppender: notifyInstallSnapshot with firstAvailable=(t:1, i:0), followerNextIndex=0
2024-09-18 12:54:53,995 [omNode-1@group-0AAC5367B30E->omNode-bootstrap-2-GrpcLogAppender-LogAppenderDaemon] INFO  server.GrpcLogAppender (GrpcLogAppender.java:notifyInstallSnapshot(798)) - omNode-1@group-0AAC5367B30E->omNode-bootstrap-2-GrpcLogAppender: send omNode-1->omNode-bootstrap-2#0-t1,notify:(t:1, i:0)
2024-09-18 12:54:53,996 [grpc-default-executor-0] INFO  impl.SnapshotInstallationHandler (SnapshotInstallationHandler.java:installSnapshot(92)) - omNode-bootstrap-2@group-0AAC5367B30E: receive installSnapshot: omNode-1->omNode-bootstrap-2#0-t1,notify:(t:1, i:0)
2024-09-18 12:54:53,996 [grpc-default-executor-0] INFO  impl.SnapshotInstallationHandler (SnapshotInstallationHandler.java:installSnapshotImpl(138)) - omNode-bootstrap-2@group-0AAC5367B30E: set new configuration configurationEntry {
  peers {
    id: "omNode-1"
    address: "localhost:15015"
    startupRole: FOLLOWER
  }
}
 from snapshot
2024-09-18 12:54:53,996 [grpc-default-executor-0] INFO  server.RaftServer$Division (ServerState.java:setRaftConf(386)) - omNode-bootstrap-2@group-0AAC5367B30E: set configuration conf: {index: 0, cur=peers:[omNode-1|localhost:15015]|listeners:[], old=null}
2024-09-18 12:54:53,997 [omNode-bootstrap-2-server-thread1] INFO  server.RaftServer$Division (RaftServerImpl.java:checkInconsistentAppendEntries(1629)) - omNode-bootstrap-2@group-0AAC5367B30E: Failed appendEntries as snapshot (0) installation is in progress
2024-09-18 12:54:53,997 [omNode-bootstrap-2-server-thread1] INFO  server.RaftServer$Division (RaftServerImpl.java:appendEntriesAsync(1584)) - omNode-bootstrap-2@group-0AAC5367B30E: appendEntries* reply omNode-1<-omNode-bootstrap-2#163:FAIL-t1,INCONSISTENCY,nextIndex=0,followerCommit=-1,matchIndex=-1
2024-09-18 12:54:53,997 [grpc-default-executor-0] INFO  ratis.OzoneManagerStateMachine (OzoneManagerStateMachine.java:notifyConfigurationChanged(216)) - Received Configuration change notification from Ratis. New Peer list:
[id: "omNode-1"
address: "localhost:15015"
startupRole: FOLLOWER
]
2024-09-18 12:54:53,997 [grpc-default-executor-4] WARN  server.GrpcLogAppender (GrpcLogAppender.java:onNextImpl(519)) - omNode-1@group-0AAC5367B30E->omNode-bootstrap-2-AppendLogResponseHandler: received INCONSISTENCY reply with nextIndex 0, errorCount=1, request=AppendEntriesRequest:cid=163,entriesCount=0
2024-09-18 12:54:53,997 [grpc-default-executor-0] INFO  impl.SnapshotInstallationHandler (SnapshotInstallationHandler.java:installSnapshot(103)) - omNode-bootstrap-2@group-0AAC5367B30E: reply installSnapshot: omNode-1<-omNode-bootstrap-2#0:FAIL-t1,IN_PROGRESS,snapshotIndex=0
2024-09-18 12:54:53,997 [grpc-default-executor-0] INFO  server.GrpcServerProtocolService (GrpcServerProtocolService.java:onCompleted(157)) - omNode-bootstrap-2: Completed INSTALL_SNAPSHOT, lastRequest: omNode-1->omNode-bootstrap-2#0-t1,notify:(t:1, i:0)
2024-09-18 12:54:53,998 [grpc-default-executor-0] INFO  server.GrpcServerProtocolService (GrpcServerProtocolService.java:lambda$onCompleted$5(159)) - omNode-bootstrap-2: Completed INSTALL_SNAPSHOT, lastReply: null
2024-09-18 12:54:53,998 [grpc-default-executor-4] INFO  server.GrpcLogAppender (GrpcLogAppender.java:onNext(649)) - omNode-1@group-0AAC5367B30E->omNode-bootstrap-2-InstallSnapshotResponseHandler: received a reply omNode-1<-omNode-bootstrap-2#0:FAIL-t1,IN_PROGRESS,snapshotIndex=0
2024-09-18 12:54:53,998 [grpc-default-executor-4] INFO  server.GrpcLogAppender (GrpcLogAppender.java:onNext(665)) - omNode-1@group-0AAC5367B30E->omNode-bootstrap-2-InstallSnapshotResponseHandler: InstallSnapshot in progress.
2024-09-18 12:54:53,998 [omNode-bootstrap-2-server-thread1] INFO  server.RaftServer$Division (RaftServerImpl.java:checkInconsistentAppendEntries(1629)) - omNode-bootstrap-2@group-0AAC5367B30E: Failed appendEntries as snapshot (0) installation is in progress
2024-09-18 12:54:53,999 [omNode-bootstrap-2-server-thread1] INFO  server.RaftServer$Division (RaftServerImpl.java:appendEntriesAsync(1584)) - omNode-bootstrap-2@group-0AAC5367B30E: appendEntries* reply omNode-1<-omNode-bootstrap-2#164:FAIL-t1,INCONSISTENCY,nextIndex=0,followerCommit=-1,matchIndex=-1
2024-09-18 12:54:53,999 [grpc-default-executor-4] WARN  server.GrpcLogAppender (GrpcLogAppender.java:onNextImpl(519)) - omNode-1@group-0AAC5367B30E->omNode-bootstrap-2-AppendLogResponseHandler: received INCONSISTENCY reply with nextIndex 0, errorCount=1, request=AppendEntriesRequest:cid=164,entriesCount=0
2024-09-18 12:54:53,999 [omNode-1@group-0AAC5367B30E->omNode-bootstrap-2-GrpcLogAppender-LogAppenderDaemon] INFO  server.GrpcLogAppender (GrpcLogAppender.java:notifyInstallSnapshot(790)) - omNode-1@group-0AAC5367B30E->omNode-bootstrap-2-GrpcLogAppender: notifyInstallSnapshot with firstAvailable=(t:1, i:0), followerNextIndex=0
2024-09-18 12:54:53,999 [omNode-1@group-0AAC5367B30E->omNode-bootstrap-2-GrpcLogAppender-LogAppenderDaemon] INFO  server.GrpcLogAppender (GrpcLogAppender.java:notifyInstallSnapshot(798)) - omNode-1@group-0AAC5367B30E->omNode-bootstrap-2-GrpcLogAppender: send omNode-1->omNode-bootstrap-2#0-t1,notify:(t:1, i:0)
2024-09-18 12:54:54,000 [grpc-default-executor-4] INFO  impl.SnapshotInstallationHandler (SnapshotInstallationHandler.java:installSnapshot(92)) - omNode-bootstrap-2@group-0AAC5367B30E: receive installSnapshot: omNode-1->omNode-bootstrap-2#0-t1,notify:(t:1, i:0)
2024-09-18 12:54:54,000 [grpc-default-executor-4] INFO  impl.SnapshotInstallationHandler (SnapshotInstallationHandler.java:installSnapshotImpl(138)) - omNode-bootstrap-2@group-0AAC5367B30E: set new configuration configurationEntry {
  peers {
    id: "omNode-1"
    address: "localhost:15015"
    startupRole: FOLLOWER
  }
}
 from snapshot
2024-09-18 12:54:54,000 [grpc-default-executor-4] INFO  server.RaftServer$Division (ServerState.java:setRaftConf(386)) - omNode-bootstrap-2@group-0AAC5367B30E: set configuration conf: {index: 0, cur=peers:[omNode-1|localhost:15015]|listeners:[], old=null}
2024-09-18 12:54:54,001 [grpc-default-executor-4] INFO  ratis.OzoneManagerStateMachine (OzoneManagerStateMachine.java:notifyConfigurationChanged(216)) - Received Configuration change notification from Ratis. New Peer list:
[id: "omNode-1"
address: "localhost:15015"
startupRole: FOLLOWER
]
2024-09-18 12:54:54,001 [grpc-default-executor-4] INFO  impl.SnapshotInstallationHandler (SnapshotInstallationHandler.java:installSnapshot(103)) - omNode-bootstrap-2@group-0AAC5367B30E: reply installSnapshot: omNode-1<-omNode-bootstrap-2#0:FAIL-t1,IN_PROGRESS,snapshotIndex=0
2024-09-18 12:54:54,001 [grpc-default-executor-4] INFO  server.GrpcServerProtocolService (GrpcServerProtocolService.java:onCompleted(157)) - omNode-bootstrap-2: Completed INSTALL_SNAPSHOT, lastRequest: omNode-1->omNode-bootstrap-2#0-t1,notify:(t:1, i:0)
2024-09-18 12:54:54,002 [grpc-default-executor-4] INFO  server.GrpcServerProtocolService (GrpcServerProtocolService.java:lambda$onCompleted$5(159)) - omNode-bootstrap-2: Completed INSTALL_SNAPSHOT, lastReply: null
2024-09-18 12:54:54,002 [grpc-default-executor-4] INFO  server.GrpcLogAppender (GrpcLogAppender.java:onNext(649)) - omNode-1@group-0AAC5367B30E->omNode-bootstrap-2-InstallSnapshotResponseHandler: received a reply omNode-1<-omNode-bootstrap-2#0:FAIL-t1,IN_PROGRESS,snapshotIndex=0
2024-09-18 12:54:54,002 [grpc-default-executor-4] INFO  server.GrpcLogAppender (GrpcLogAppender.java:onNext(665)) - omNode-1@group-0AAC5367B30E->omNode-bootstrap-2-InstallSnapshotResponseHandler: InstallSnapshot in progress.
2024-09-18 12:54:54,002 [omNode-bootstrap-2-server-thread1] INFO  server.RaftServer$Division (RaftServerImpl.java:checkInconsistentAppendEntries(1629)) - omNode-bootstrap-2@group-0AAC5367B30E: Failed appendEntries as snapshot (0) installation is in progress
2024-09-18 12:54:54,003 [omNode-bootstrap-2-server-thread1] INFO  server.RaftServer$Division (RaftServerImpl.java:appendEntriesAsync(1584)) - omNode-bootstrap-2@group-0AAC5367B30E: appendEntries* reply omNode-1<-omNode-bootstrap-2#165:FAIL-t1,INCONSISTENCY,nextIndex=0,followerCommit=-1,matchIndex=-1
2024-09-18 12:54:54,003 [grpc-default-executor-4] WARN  server.GrpcLogAppender (GrpcLogAppender.java:onNextImpl(519)) - omNode-1@group-0AAC5367B30E->omNode-bootstrap-2-AppendLogResponseHandler: received INCONSISTENCY reply with nextIndex 0, errorCount=1, request=AppendEntriesRequest:cid=165,entriesCount=0
2024-09-18 12:54:54,003 [omNode-1@group-0AAC5367B30E->omNode-bootstrap-2-GrpcLogAppender-LogAppenderDaemon] INFO  server.GrpcLogAppender (GrpcLogAppender.java:notifyInstallSnapshot(790)) - omNode-1@group-0AAC5367B30E->omNode-bootstrap-2-GrpcLogAppender: notifyInstallSnapshot with firstAvailable=(t:1, i:0), followerNextIndex=0
2024-09-18 12:54:54,003 [omNode-1@group-0AAC5367B30E->omNode-bootstrap-2-GrpcLogAppender-LogAppenderDaemon] INFO  server.GrpcLogAppender (GrpcLogAppender.java:notifyInstallSnapshot(798)) - omNode-1@group-0AAC5367B30E->omNode-bootstrap-2-GrpcLogAppender: send omNode-1->omNode-bootstrap-2#0-t1,notify:(t:1, i:0)
2024-09-18 12:54:54,004 [grpc-default-executor-4] INFO  impl.SnapshotInstallationHandler (SnapshotInstallationHandler.java:installSnapshot(92)) - omNode-bootstrap-2@group-0AAC5367B30E: receive installSnapshot: omNode-1->omNode-bootstrap-2#0-t1,notify:(t:1, i:0)
2024-09-18 12:54:54,004 [grpc-default-executor-4] INFO  impl.SnapshotInstallationHandler (SnapshotInstallationHandler.java:installSnapshotImpl(138)) - omNode-bootstrap-2@group-0AAC5367B30E: set new configuration configurationEntry {
  peers {
    id: "omNode-1"
    address: "localhost:15015"
    startupRole: FOLLOWER
  }
}
 from snapshot
2024-09-18 12:54:54,004 [grpc-default-executor-4] INFO  server.RaftServer$Division (ServerState.java:setRaftConf(386)) - omNode-bootstrap-2@group-0AAC5367B30E: set configuration conf: {index: 0, cur=peers:[omNode-1|localhost:15015]|listeners:[], old=null}
2024-09-18 12:54:54,005 [grpc-default-executor-4] INFO  ratis.OzoneManagerStateMachine (OzoneManagerStateMachine.java:notifyConfigurationChanged(216)) - Received Configuration change notification from Ratis. New Peer list:
[id: "omNode-1"
address: "localhost:15015"
startupRole: FOLLOWER
]
2024-09-18 12:54:54,005 [grpc-default-executor-4] INFO  impl.SnapshotInstallationHandler (SnapshotInstallationHandler.java:installSnapshot(103)) - omNode-bootstrap-2@group-0AAC5367B30E: reply installSnapshot: omNode-1<-omNode-bootstrap-2#0:FAIL-t1,IN_PROGRESS,snapshotIndex=0
2024-09-18 12:54:54,005 [grpc-default-executor-4] INFO  server.GrpcServerProtocolService (GrpcServerProtocolService.java:onCompleted(157)) - omNode-bootstrap-2: Completed INSTALL_SNAPSHOT, lastRequest: omNode-1->omNode-bootstrap-2#0-t1,notify:(t:1, i:0)
2024-09-18 12:54:54,006 [grpc-default-executor-4] INFO  server.GrpcServerProtocolService (GrpcServerProtocolService.java:lambda$onCompleted$5(159)) - omNode-bootstrap-2: Completed INSTALL_SNAPSHOT, lastReply: null
2024-09-18 12:54:54,006 [grpc-default-executor-4] INFO  server.GrpcLogAppender (GrpcLogAppender.java:onNext(649)) - omNode-1@group-0AAC5367B30E->omNode-bootstrap-2-InstallSnapshotResponseHandler: received a reply omNode-1<-omNode-bootstrap-2#0:FAIL-t1,IN_PROGRESS,snapshotIndex=0
2024-09-18 12:54:54,006 [grpc-default-executor-4] INFO  server.GrpcLogAppender (GrpcLogAppender.java:onNext(665)) - omNode-1@group-0AAC5367B30E->omNode-bootstrap-2-InstallSnapshotResponseHandler: InstallSnapshot in progress.
2024-09-18 12:54:54,006 [omNode-bootstrap-2-server-thread1] INFO  server.RaftServer$Division (RaftServerImpl.java:checkInconsistentAppendEntries(1629)) - omNode-bootstrap-2@group-0AAC5367B30E: Failed appendEntries as snapshot (0) installation is in progress
2024-09-18 12:54:54,006 [omNode-bootstrap-2-server-thread1] INFO  server.RaftServer$Division (RaftServerImpl.java:appendEntriesAsync(1584)) - omNode-bootstrap-2@group-0AAC5367B30E: appendEntries* reply omNode-1<-omNode-bootstrap-2#166:FAIL-t1,INCONSISTENCY,nextIndex=0,followerCommit=-1,matchIndex=-1
2024-09-18 12:54:54,007 [grpc-default-executor-4] WARN  server.GrpcLogAppender (GrpcLogAppender.java:onNextImpl(519)) - omNode-1@group-0AAC5367B30E->omNode-bootstrap-2-AppendLogResponseHandler: received INCONSISTENCY reply with nextIndex 0, errorCount=1, request=AppendEntriesRequest:cid=166,entriesCount=0
2024-09-18 12:54:54,007 [omNode-1@group-0AAC5367B30E->omNode-bootstrap-2-GrpcLogAppender-LogAppenderDaemon] INFO  server.GrpcLogAppender (GrpcLogAppender.java:notifyInstallSnapshot(790)) - omNode-1@group-0AAC5367B30E->omNode-bootstrap-2-GrpcLogAppender: notifyInstallSnapshot with firstAvailable=(t:1, i:0), followerNextIndex=0
2024-09-18 12:54:54,007 [omNode-1@group-0AAC5367B30E->omNode-bootstrap-2-GrpcLogAppender-LogAppenderDaemon] INFO  server.GrpcLogAppender (GrpcLogAppender.java:notifyInstallSnapshot(798)) - omNode-1@group-0AAC5367B30E->omNode-bootstrap-2-GrpcLogAppender: send omNode-1->omNode-bootstrap-2#0-t1,notify:(t:1, i:0)
2024-09-18 12:54:54,008 [grpc-default-executor-4] INFO  impl.SnapshotInstallationHandler (SnapshotInstallationHandler.java:installSnapshot(92)) - omNode-bootstrap-2@group-0AAC5367B30E: receive installSnapshot: omNode-1->omNode-bootstrap-2#0-t1,notify:(t:1, i:0)
2024-09-18 12:54:54,008 [grpc-default-executor-4] INFO  impl.SnapshotInstallationHandler (SnapshotInstallationHandler.java:installSnapshotImpl(138)) - omNode-bootstrap-2@group-0AAC5367B30E: set new configuration configurationEntry {
  peers {
    id: "omNode-1"
    address: "localhost:15015"
    startupRole: FOLLOWER
  }
}
 from snapshot
2024-09-18 12:54:54,008 [grpc-default-executor-4] INFO  server.RaftServer$Division (ServerState.java:setRaftConf(386)) - omNode-bootstrap-2@group-0AAC5367B30E: set configuration conf: {index: 0, cur=peers:[omNode-1|localhost:15015]|listeners:[], old=null}
2024-09-18 12:54:54,011 [grpc-default-executor-4] INFO  ratis.OzoneManagerStateMachine (OzoneManagerStateMachine.java:notifyConfigurationChanged(216)) - Received Configuration change notification from Ratis. New Peer list:
[id: "omNode-1"
address: "localhost:15015"
startupRole: FOLLOWER
]
2024-09-18 12:54:54,011 [grpc-default-executor-4] INFO  impl.SnapshotInstallationHandler (SnapshotInstallationHandler.java:installSnapshot(103)) - omNode-bootstrap-2@group-0AAC5367B30E: reply installSnapshot: omNode-1<-omNode-bootstrap-2#0:FAIL-t1,IN_PROGRESS,snapshotIndex=0
2024-09-18 12:54:54,011 [grpc-default-executor-4] INFO  server.GrpcServerProtocolService (GrpcServerProtocolService.java:onCompleted(157)) - omNode-bootstrap-2: Completed INSTALL_SNAPSHOT, lastRequest: omNode-1->omNode-bootstrap-2#0-t1,notify:(t:1, i:0)
2024-09-18 12:54:54,011 [grpc-default-executor-4] INFO  server.GrpcServerProtocolService (GrpcServerProtocolService.java:lambda$onCompleted$5(159)) - omNode-bootstrap-2: Completed INSTALL_SNAPSHOT, lastReply: null
2024-09-18 12:54:54,011 [grpc-default-executor-0] INFO  server.GrpcLogAppender (GrpcLogAppender.java:onNext(649)) - omNode-1@group-0AAC5367B30E->omNode-bootstrap-2-InstallSnapshotResponseHandler: received a reply omNode-1<-omNode-bootstrap-2#0:FAIL-t1,IN_PROGRESS,snapshotIndex=0
2024-09-18 12:54:54,011 [grpc-default-executor-0] INFO  server.GrpcLogAppender (GrpcLogAppender.java:onNext(665)) - omNode-1@group-0AAC5367B30E->omNode-bootstrap-2-InstallSnapshotResponseHandler: InstallSnapshot in progress.
2024-09-18 12:54:54,012 [omNode-bootstrap-2-server-thread1] INFO  server.RaftServer$Division (RaftServerImpl.java:checkInconsistentAppendEntries(1629)) - omNode-bootstrap-2@group-0AAC5367B30E: Failed appendEntries as snapshot (0) installation is in progress
2024-09-18 12:54:54,012 [omNode-bootstrap-2-server-thread1] INFO  server.RaftServer$Division (RaftServerImpl.java:appendEntriesAsync(1584)) - omNode-bootstrap-2@group-0AAC5367B30E: appendEntries* reply omNode-1<-omNode-bootstrap-2#167:FAIL-t1,INCONSISTENCY,nextIndex=0,followerCommit=-1,matchIndex=-1
2024-09-18 12:54:54,013 [grpc-default-executor-0] WARN  server.GrpcLogAppender (GrpcLogAppender.java:onNextImpl(519)) - omNode-1@group-0AAC5367B30E->omNode-bootstrap-2-AppendLogResponseHandler: received INCONSISTENCY reply with nextIndex 0, errorCount=1, request=AppendEntriesRequest:cid=167,entriesCount=0
2024-09-18 12:54:54,013 [omNode-1@group-0AAC5367B30E->omNode-bootstrap-2-GrpcLogAppender-LogAppenderDaemon] INFO  server.GrpcLogAppender (GrpcLogAppender.java:notifyInstallSnapshot(790)) - omNode-1@group-0AAC5367B30E->omNode-bootstrap-2-GrpcLogAppender: notifyInstallSnapshot with firstAvailable=(t:1, i:0), followerNextIndex=0
2024-09-18 12:54:54,013 [omNode-1@group-0AAC5367B30E->omNode-bootstrap-2-GrpcLogAppender-LogAppenderDaemon] INFO  server.GrpcLogAppender (GrpcLogAppender.java:notifyInstallSnapshot(798)) - omNode-1@group-0AAC5367B30E->omNode-bootstrap-2-GrpcLogAppender: send omNode-1->omNode-bootstrap-2#0-t1,notify:(t:1, i:0)
2024-09-18 12:54:54,014 [grpc-default-executor-0] INFO  impl.SnapshotInstallationHandler (SnapshotInstallationHandler.java:installSnapshot(92)) - omNode-bootstrap-2@group-0AAC5367B30E: receive installSnapshot: omNode-1->omNode-bootstrap-2#0-t1,notify:(t:1, i:0)
2024-09-18 12:54:54,014 [grpc-default-executor-0] INFO  impl.SnapshotInstallationHandler (SnapshotInstallationHandler.java:installSnapshotImpl(138)) - omNode-bootstrap-2@group-0AAC5367B30E: set new configuration configurationEntry {
  peers {
    id: "omNode-1"
    address: "localhost:15015"
    startupRole: FOLLOWER
  }
}
 from snapshot
2024-09-18 12:54:54,014 [grpc-default-executor-0] INFO  server.RaftServer$Division (ServerState.java:setRaftConf(386)) - omNode-bootstrap-2@group-0AAC5367B30E: set configuration conf: {index: 0, cur=peers:[omNode-1|localhost:15015]|listeners:[], old=null}
2024-09-18 12:54:54,015 [grpc-default-executor-0] INFO  ratis.OzoneManagerStateMachine (OzoneManagerStateMachine.java:notifyConfigurationChanged(216)) - Received Configuration change notification from Ratis. New Peer list:
[id: "omNode-1"
address: "localhost:15015"
startupRole: FOLLOWER
]
2024-09-18 12:54:54,015 [grpc-default-executor-0] INFO  impl.SnapshotInstallationHandler (SnapshotInstallationHandler.java:installSnapshot(103)) - omNode-bootstrap-2@group-0AAC5367B30E: reply installSnapshot: omNode-1<-omNode-bootstrap-2#0:FAIL-t1,IN_PROGRESS,snapshotIndex=0
2024-09-18 12:54:54,015 [grpc-default-executor-0] INFO  server.GrpcServerProtocolService (GrpcServerProtocolService.java:onCompleted(157)) - omNode-bootstrap-2: Completed INSTALL_SNAPSHOT, lastRequest: omNode-1->omNode-bootstrap-2#0-t1,notify:(t:1, i:0)
2024-09-18 12:54:54,015 [grpc-default-executor-0] INFO  server.GrpcServerProtocolService (GrpcServerProtocolService.java:lambda$onCompleted$5(159)) - omNode-bootstrap-2: Completed INSTALL_SNAPSHOT, lastReply: null
2024-09-18 12:54:54,015 [grpc-default-executor-4] INFO  server.GrpcLogAppender (GrpcLogAppender.java:onNext(649)) - omNode-1@group-0AAC5367B30E->omNode-bootstrap-2-InstallSnapshotResponseHandler: received a reply omNode-1<-omNode-bootstrap-2#0:FAIL-t1,IN_PROGRESS,snapshotIndex=0
2024-09-18 12:54:54,016 [grpc-default-executor-4] INFO  server.GrpcLogAppender (GrpcLogAppender.java:onNext(665)) - omNode-1@group-0AAC5367B30E->omNode-bootstrap-2-InstallSnapshotResponseHandler: InstallSnapshot in progress.
2024-09-18 12:54:54,016 [omNode-1@group-0AAC5367B30E->omNode-bootstrap-2-GrpcLogAppender-LogAppenderDaemon] INFO  server.GrpcLogAppender (GrpcLogAppender.java:notifyInstallSnapshot(790)) - omNode-1@group-0AAC5367B30E->omNode-bootstrap-2-GrpcLogAppender: notifyInstallSnapshot with firstAvailable=(t:1, i:0), followerNextIndex=0
2024-09-18 12:54:54,016 [omNode-1@group-0AAC5367B30E->omNode-bootstrap-2-GrpcLogAppender-LogAppenderDaemon] INFO  server.GrpcLogAppender (GrpcLogAppender.java:notifyInstallSnapshot(798)) - omNode-1@group-0AAC5367B30E->omNode-bootstrap-2-GrpcLogAppender: send omNode-1->omNode-bootstrap-2#0-t1,notify:(t:1, i:0)
2024-09-18 12:54:54,017 [grpc-default-executor-0] INFO  impl.SnapshotInstallationHandler (SnapshotInstallationHandler.java:installSnapshot(92)) - omNode-bootstrap-2@group-0AAC5367B30E: receive installSnapshot: omNode-1->omNode-bootstrap-2#0-t1,notify:(t:1, i:0)
2024-09-18 12:54:54,017 [grpc-default-executor-0] INFO  impl.SnapshotInstallationHandler (SnapshotInstallationHandler.java:installSnapshotImpl(138)) - omNode-bootstrap-2@group-0AAC5367B30E: set new configuration configurationEntry {
  peers {
    id: "omNode-1"
    address: "localhost:15015"
    startupRole: FOLLOWER
  }
}
 from snapshot
2024-09-18 12:54:54,017 [grpc-default-executor-0] INFO  server.RaftServer$Division (ServerState.java:setRaftConf(386)) - omNode-bootstrap-2@group-0AAC5367B30E: set configuration conf: {index: 0, cur=peers:[omNode-1|localhost:15015]|listeners:[], old=null}
2024-09-18 12:54:54,018 [omNode-bootstrap-2-server-thread1] INFO  server.RaftServer$Division (RaftServerImpl.java:checkInconsistentAppendEntries(1629)) - omNode-bootstrap-2@group-0AAC5367B30E: Failed appendEntries as snapshot (0) installation is in progress
2024-09-18 12:54:54,018 [omNode-bootstrap-2-server-thread1] INFO  server.RaftServer$Division (RaftServerImpl.java:appendEntriesAsync(1584)) - omNode-bootstrap-2@group-0AAC5367B30E: appendEntries* reply omNode-1<-omNode-bootstrap-2#168:FAIL-t1,INCONSISTENCY,nextIndex=0,followerCommit=-1,matchIndex=-1
2024-09-18 12:54:54,018 [grpc-default-executor-4] WARN  server.GrpcLogAppender (GrpcLogAppender.java:onNextImpl(519)) - omNode-1@group-0AAC5367B30E->omNode-bootstrap-2-AppendLogResponseHandler: received INCONSISTENCY reply with nextIndex 0, errorCount=1, request=AppendEntriesRequest:cid=168,entriesCount=0
2024-09-18 12:54:54,019 [grpc-default-executor-0] INFO  ratis.OzoneManagerStateMachine (OzoneManagerStateMachine.java:notifyConfigurationChanged(216)) - Received Configuration change notification from Ratis. New Peer list:
[id: "omNode-1"
address: "localhost:15015"
startupRole: FOLLOWER
]
2024-09-18 12:54:54,019 [grpc-default-executor-0] INFO  impl.SnapshotInstallationHandler (SnapshotInstallationHandler.java:installSnapshot(103)) - omNode-bootstrap-2@group-0AAC5367B30E: reply installSnapshot: omNode-1<-omNode-bootstrap-2#0:FAIL-t1,IN_PROGRESS,snapshotIndex=0
2024-09-18 12:54:54,019 [grpc-default-executor-0] INFO  server.GrpcServerProtocolService (GrpcServerProtocolService.java:onCompleted(157)) - omNode-bootstrap-2: Completed INSTALL_SNAPSHOT, lastRequest: omNode-1->omNode-bootstrap-2#0-t1,notify:(t:1, i:0)
2024-09-18 12:54:54,019 [grpc-default-executor-0] INFO  server.GrpcServerProtocolService (GrpcServerProtocolService.java:lambda$onCompleted$5(159)) - omNode-bootstrap-2: Completed INSTALL_SNAPSHOT, lastReply: null
2024-09-18 12:54:54,019 [grpc-default-executor-4] INFO  server.GrpcLogAppender (GrpcLogAppender.java:onNext(649)) - omNode-1@group-0AAC5367B30E->omNode-bootstrap-2-InstallSnapshotResponseHandler: received a reply omNode-1<-omNode-bootstrap-2#0:FAIL-t1,IN_PROGRESS,snapshotIndex=0
2024-09-18 12:54:54,019 [grpc-default-executor-4] INFO  server.GrpcLogAppender (GrpcLogAppender.java:onNext(665)) - omNode-1@group-0AAC5367B30E->omNode-bootstrap-2-InstallSnapshotResponseHandler: InstallSnapshot in progress.
2024-09-18 12:54:54,020 [omNode-bootstrap-2-server-thread1] INFO  server.RaftServer$Division (RaftServerImpl.java:checkInconsistentAppendEntries(1629)) - omNode-bootstrap-2@group-0AAC5367B30E: Failed appendEntries as snapshot (0) installation is in progress
2024-09-18 12:54:54,020 [omNode-bootstrap-2-server-thread1] INFO  server.RaftServer$Division (RaftServerImpl.java:appendEntriesAsync(1584)) - omNode-bootstrap-2@group-0AAC5367B30E: appendEntries* reply omNode-1<-omNode-bootstrap-2#169:FAIL-t1,INCONSISTENCY,nextIndex=0,followerCommit=-1,matchIndex=-1
2024-09-18 12:54:54,020 [grpc-default-executor-4] WARN  server.GrpcLogAppender (GrpcLogAppender.java:onNextImpl(519)) - omNode-1@group-0AAC5367B30E->omNode-bootstrap-2-AppendLogResponseHandler: received INCONSISTENCY reply with nextIndex 0, errorCount=1, request=AppendEntriesRequest:cid=169,entriesCount=0
2024-09-18 12:54:54,021 [omNode-1@group-0AAC5367B30E->omNode-bootstrap-2-GrpcLogAppender-LogAppenderDaemon] INFO  server.GrpcLogAppender (GrpcLogAppender.java:notifyInstallSnapshot(790)) - omNode-1@group-0AAC5367B30E->omNode-bootstrap-2-GrpcLogAppender: notifyInstallSnapshot with firstAvailable=(t:1, i:0), followerNextIndex=0
2024-09-18 12:54:54,021 [omNode-1@group-0AAC5367B30E->omNode-bootstrap-2-GrpcLogAppender-LogAppenderDaemon] INFO  server.GrpcLogAppender (GrpcLogAppender.java:notifyInstallSnapshot(798)) - omNode-1@group-0AAC5367B30E->omNode-bootstrap-2-GrpcLogAppender: send omNode-1->omNode-bootstrap-2#0-t1,notify:(t:1, i:0)
2024-09-18 12:54:54,021 [grpc-default-executor-4] INFO  impl.SnapshotInstallationHandler (SnapshotInstallationHandler.java:installSnapshot(92)) - omNode-bootstrap-2@group-0AAC5367B30E: receive installSnapshot: omNode-1->omNode-bootstrap-2#0-t1,notify:(t:1, i:0)
2024-09-18 12:54:54,022 [grpc-default-executor-4] INFO  impl.SnapshotInstallationHandler (SnapshotInstallationHandler.java:installSnapshotImpl(138)) - omNode-bootstrap-2@group-0AAC5367B30E: set new configuration configurationEntry {
  peers {
    id: "omNode-1"
    address: "localhost:15015"
    startupRole: FOLLOWER
  }
}
 from snapshot
2024-09-18 12:54:54,022 [grpc-default-executor-4] INFO  server.RaftServer$Division (ServerState.java:setRaftConf(386)) - omNode-bootstrap-2@group-0AAC5367B30E: set configuration conf: {index: 0, cur=peers:[omNode-1|localhost:15015]|listeners:[], old=null}
2024-09-18 12:54:54,022 [grpc-default-executor-4] INFO  ratis.OzoneManagerStateMachine (OzoneManagerStateMachine.java:notifyConfigurationChanged(216)) - Received Configuration change notification from Ratis. New Peer list:
[id: "omNode-1"
address: "localhost:15015"
startupRole: FOLLOWER
]
2024-09-18 12:54:54,023 [grpc-default-executor-4] INFO  impl.SnapshotInstallationHandler (SnapshotInstallationHandler.java:installSnapshot(103)) - omNode-bootstrap-2@group-0AAC5367B30E: reply installSnapshot: omNode-1<-omNode-bootstrap-2#0:FAIL-t1,IN_PROGRESS,snapshotIndex=0
2024-09-18 12:54:54,024 [grpc-default-executor-4] INFO  server.GrpcServerProtocolService (GrpcServerProtocolService.java:onCompleted(157)) - omNode-bootstrap-2: Completed INSTALL_SNAPSHOT, lastRequest: omNode-1->omNode-bootstrap-2#0-t1,notify:(t:1, i:0)
2024-09-18 12:54:54,024 [grpc-default-executor-4] INFO  server.GrpcServerProtocolService (GrpcServerProtocolService.java:lambda$onCompleted$5(159)) - omNode-bootstrap-2: Completed INSTALL_SNAPSHOT, lastReply: null
2024-09-18 12:54:54,024 [grpc-default-executor-0] INFO  server.GrpcLogAppender (GrpcLogAppender.java:onNext(649)) - omNode-1@group-0AAC5367B30E->omNode-bootstrap-2-InstallSnapshotResponseHandler: received a reply omNode-1<-omNode-bootstrap-2#0:FAIL-t1,IN_PROGRESS,snapshotIndex=0
2024-09-18 12:54:54,024 [grpc-default-executor-0] INFO  server.GrpcLogAppender (GrpcLogAppender.java:onNext(665)) - omNode-1@group-0AAC5367B30E->omNode-bootstrap-2-InstallSnapshotResponseHandler: InstallSnapshot in progress.
2024-09-18 12:54:54,025 [omNode-bootstrap-2-server-thread1] INFO  server.RaftServer$Division (RaftServerImpl.java:checkInconsistentAppendEntries(1629)) - omNode-bootstrap-2@group-0AAC5367B30E: Failed appendEntries as snapshot (0) installation is in progress
2024-09-18 12:54:54,025 [omNode-bootstrap-2-server-thread1] INFO  server.RaftServer$Division (RaftServerImpl.java:appendEntriesAsync(1584)) - omNode-bootstrap-2@group-0AAC5367B30E: appendEntries* reply omNode-1<-omNode-bootstrap-2#170:FAIL-t1,INCONSISTENCY,nextIndex=0,followerCommit=-1,matchIndex=-1
2024-09-18 12:54:54,026 [grpc-default-executor-0] WARN  server.GrpcLogAppender (GrpcLogAppender.java:onNextImpl(519)) - omNode-1@group-0AAC5367B30E->omNode-bootstrap-2-AppendLogResponseHandler: received INCONSISTENCY reply with nextIndex 0, errorCount=1, request=AppendEntriesRequest:cid=170,entriesCount=0
2024-09-18 12:54:54,026 [omNode-1@group-0AAC5367B30E->omNode-bootstrap-2-GrpcLogAppender-LogAppenderDaemon] INFO  server.GrpcLogAppender (GrpcLogAppender.java:notifyInstallSnapshot(790)) - omNode-1@group-0AAC5367B30E->omNode-bootstrap-2-GrpcLogAppender: notifyInstallSnapshot with firstAvailable=(t:1, i:0), followerNextIndex=0
2024-09-18 12:54:54,026 [omNode-1@group-0AAC5367B30E->omNode-bootstrap-2-GrpcLogAppender-LogAppenderDaemon] INFO  server.GrpcLogAppender (GrpcLogAppender.java:notifyInstallSnapshot(798)) - omNode-1@group-0AAC5367B30E->omNode-bootstrap-2-GrpcLogAppender: send omNode-1->omNode-bootstrap-2#0-t1,notify:(t:1, i:0)
2024-09-18 12:54:54,027 [grpc-default-executor-0] INFO  impl.SnapshotInstallationHandler (SnapshotInstallationHandler.java:installSnapshot(92)) - omNode-bootstrap-2@group-0AAC5367B30E: receive installSnapshot: omNode-1->omNode-bootstrap-2#0-t1,notify:(t:1, i:0)
2024-09-18 12:54:54,027 [grpc-default-executor-0] INFO  impl.SnapshotInstallationHandler (SnapshotInstallationHandler.java:installSnapshotImpl(138)) - omNode-bootstrap-2@group-0AAC5367B30E: set new configuration configurationEntry {
  peers {
    id: "omNode-1"
    address: "localhost:15015"
    startupRole: FOLLOWER
  }
}
 from snapshot
2024-09-18 12:54:54,027 [grpc-default-executor-0] INFO  server.RaftServer$Division (ServerState.java:setRaftConf(386)) - omNode-bootstrap-2@group-0AAC5367B30E: set configuration conf: {index: 0, cur=peers:[omNode-1|localhost:15015]|listeners:[], old=null}
2024-09-18 12:54:54,028 [grpc-default-executor-0] INFO  ratis.OzoneManagerStateMachine (OzoneManagerStateMachine.java:notifyConfigurationChanged(216)) - Received Configuration change notification from Ratis. New Peer list:
[id: "omNode-1"
address: "localhost:15015"
startupRole: FOLLOWER
]
2024-09-18 12:54:54,028 [grpc-default-executor-0] INFO  impl.SnapshotInstallationHandler (SnapshotInstallationHandler.java:installSnapshot(103)) - omNode-bootstrap-2@group-0AAC5367B30E: reply installSnapshot: omNode-1<-omNode-bootstrap-2#0:FAIL-t1,IN_PROGRESS,snapshotIndex=0
2024-09-18 12:54:54,028 [grpc-default-executor-0] INFO  server.GrpcServerProtocolService (GrpcServerProtocolService.java:onCompleted(157)) - omNode-bootstrap-2: Completed INSTALL_SNAPSHOT, lastRequest: omNode-1->omNode-bootstrap-2#0-t1,notify:(t:1, i:0)
2024-09-18 12:54:54,028 [grpc-default-executor-0] INFO  server.GrpcServerProtocolService (GrpcServerProtocolService.java:lambda$onCompleted$5(159)) - omNode-bootstrap-2: Completed INSTALL_SNAPSHOT, lastReply: null
2024-09-18 12:54:54,029 [grpc-default-executor-4] INFO  server.GrpcLogAppender (GrpcLogAppender.java:onNext(649)) - omNode-1@group-0AAC5367B30E->omNode-bootstrap-2-InstallSnapshotResponseHandler: received a reply omNode-1<-omNode-bootstrap-2#0:FAIL-t1,IN_PROGRESS,snapshotIndex=0
2024-09-18 12:54:54,029 [grpc-default-executor-4] INFO  server.GrpcLogAppender (GrpcLogAppender.java:onNext(665)) - omNode-1@group-0AAC5367B30E->omNode-bootstrap-2-InstallSnapshotResponseHandler: InstallSnapshot in progress.
2024-09-18 12:54:54,029 [omNode-bootstrap-2-server-thread1] INFO  server.RaftServer$Division (RaftServerImpl.java:checkInconsistentAppendEntries(1629)) - omNode-bootstrap-2@group-0AAC5367B30E: Failed appendEntries as snapshot (0) installation is in progress
2024-09-18 12:54:54,029 [omNode-bootstrap-2-server-thread1] INFO  server.RaftServer$Division (RaftServerImpl.java:appendEntriesAsync(1584)) - omNode-bootstrap-2@group-0AAC5367B30E: appendEntries* reply omNode-1<-omNode-bootstrap-2#171:FAIL-t1,INCONSISTENCY,nextIndex=0,followerCommit=-1,matchIndex=-1
2024-09-18 12:54:54,030 [grpc-default-executor-4] WARN  server.GrpcLogAppender (GrpcLogAppender.java:onNextImpl(519)) - omNode-1@group-0AAC5367B30E->omNode-bootstrap-2-AppendLogResponseHandler: received INCONSISTENCY reply with nextIndex 0, errorCount=1, request=AppendEntriesRequest:cid=171,entriesCount=0
2024-09-18 12:54:54,030 [omNode-1@group-0AAC5367B30E->omNode-bootstrap-2-GrpcLogAppender-LogAppenderDaemon] INFO  server.GrpcLogAppender (GrpcLogAppender.java:notifyInstallSnapshot(790)) - omNode-1@group-0AAC5367B30E->omNode-bootstrap-2-GrpcLogAppender: notifyInstallSnapshot with firstAvailable=(t:1, i:0), followerNextIndex=0
2024-09-18 12:54:54,030 [omNode-1@group-0AAC5367B30E->omNode-bootstrap-2-GrpcLogAppender-LogAppenderDaemon] INFO  server.GrpcLogAppender (GrpcLogAppender.java:notifyInstallSnapshot(798)) - omNode-1@group-0AAC5367B30E->omNode-bootstrap-2-GrpcLogAppender: send omNode-1->omNode-bootstrap-2#0-t1,notify:(t:1, i:0)
2024-09-18 12:54:54,031 [grpc-default-executor-4] INFO  impl.SnapshotInstallationHandler (SnapshotInstallationHandler.java:installSnapshot(92)) - omNode-bootstrap-2@group-0AAC5367B30E: receive installSnapshot: omNode-1->omNode-bootstrap-2#0-t1,notify:(t:1, i:0)
2024-09-18 12:54:54,031 [grpc-default-executor-4] INFO  impl.SnapshotInstallationHandler (SnapshotInstallationHandler.java:installSnapshotImpl(138)) - omNode-bootstrap-2@group-0AAC5367B30E: set new configuration configurationEntry {
  peers {
    id: "omNode-1"
    address: "localhost:15015"
    startupRole: FOLLOWER
  }
}
 from snapshot
2024-09-18 12:54:54,031 [grpc-default-executor-4] INFO  server.RaftServer$Division (ServerState.java:setRaftConf(386)) - omNode-bootstrap-2@group-0AAC5367B30E: set configuration conf: {index: 0, cur=peers:[omNode-1|localhost:15015]|listeners:[], old=null}
2024-09-18 12:54:54,032 [grpc-default-executor-4] INFO  ratis.OzoneManagerStateMachine (OzoneManagerStateMachine.java:notifyConfigurationChanged(216)) - Received Configuration change notification from Ratis. New Peer list:
[id: "omNode-1"
address: "localhost:15015"
startupRole: FOLLOWER
]
2024-09-18 12:54:54,032 [grpc-default-executor-4] INFO  impl.SnapshotInstallationHandler (SnapshotInstallationHandler.java:installSnapshot(103)) - omNode-bootstrap-2@group-0AAC5367B30E: reply installSnapshot: omNode-1<-omNode-bootstrap-2#0:FAIL-t1,IN_PROGRESS,snapshotIndex=0
2024-09-18 12:54:54,032 [grpc-default-executor-4] INFO  server.GrpcServerProtocolService (GrpcServerProtocolService.java:onCompleted(157)) - omNode-bootstrap-2: Completed INSTALL_SNAPSHOT, lastRequest: omNode-1->omNode-bootstrap-2#0-t1,notify:(t:1, i:0)
2024-09-18 12:54:54,032 [grpc-default-executor-4] INFO  server.GrpcServerProtocolService (GrpcServerProtocolService.java:lambda$onCompleted$5(159)) - omNode-bootstrap-2: Completed INSTALL_SNAPSHOT, lastReply: null
2024-09-18 12:54:54,033 [grpc-default-executor-4] INFO  server.GrpcLogAppender (GrpcLogAppender.java:onNext(649)) - omNode-1@group-0AAC5367B30E->omNode-bootstrap-2-InstallSnapshotResponseHandler: received a reply omNode-1<-omNode-bootstrap-2#0:FAIL-t1,IN_PROGRESS,snapshotIndex=0
2024-09-18 12:54:54,033 [grpc-default-executor-4] INFO  server.GrpcLogAppender (GrpcLogAppender.java:onNext(665)) - omNode-1@group-0AAC5367B30E->omNode-bootstrap-2-InstallSnapshotResponseHandler: InstallSnapshot in progress.
2024-09-18 12:54:54,033 [omNode-bootstrap-2-server-thread1] INFO  server.RaftServer$Division (RaftServerImpl.java:checkInconsistentAppendEntries(1629)) - omNode-bootstrap-2@group-0AAC5367B30E: Failed appendEntries as snapshot (0) installation is in progress
2024-09-18 12:54:54,033 [omNode-bootstrap-2-server-thread1] INFO  server.RaftServer$Division (RaftServerImpl.java:appendEntriesAsync(1584)) - omNode-bootstrap-2@group-0AAC5367B30E: appendEntries* reply omNode-1<-omNode-bootstrap-2#172:FAIL-t1,INCONSISTENCY,nextIndex=0,followerCommit=-1,matchIndex=-1
2024-09-18 12:54:54,034 [grpc-default-executor-4] WARN  server.GrpcLogAppender (GrpcLogAppender.java:onNextImpl(519)) - omNode-1@group-0AAC5367B30E->omNode-bootstrap-2-AppendLogResponseHandler: received INCONSISTENCY reply with nextIndex 0, errorCount=1, request=AppendEntriesRequest:cid=172,entriesCount=0
2024-09-18 12:54:54,034 [omNode-1@group-0AAC5367B30E->omNode-bootstrap-2-GrpcLogAppender-LogAppenderDaemon] INFO  server.GrpcLogAppender (GrpcLogAppender.java:notifyInstallSnapshot(790)) - omNode-1@group-0AAC5367B30E->omNode-bootstrap-2-GrpcLogAppender: notifyInstallSnapshot with firstAvailable=(t:1, i:0), followerNextIndex=0
2024-09-18 12:54:54,034 [omNode-1@group-0AAC5367B30E->omNode-bootstrap-2-GrpcLogAppender-LogAppenderDaemon] INFO  server.GrpcLogAppender (GrpcLogAppender.java:notifyInstallSnapshot(798)) - omNode-1@group-0AAC5367B30E->omNode-bootstrap-2-GrpcLogAppender: send omNode-1->omNode-bootstrap-2#0-t1,notify:(t:1, i:0)
2024-09-18 12:54:54,035 [grpc-default-executor-4] INFO  impl.SnapshotInstallationHandler (SnapshotInstallationHandler.java:installSnapshot(92)) - omNode-bootstrap-2@group-0AAC5367B30E: receive installSnapshot: omNode-1->omNode-bootstrap-2#0-t1,notify:(t:1, i:0)
2024-09-18 12:54:54,035 [grpc-default-executor-4] INFO  impl.SnapshotInstallationHandler (SnapshotInstallationHandler.java:installSnapshotImpl(138)) - omNode-bootstrap-2@group-0AAC5367B30E: set new configuration configurationEntry {
  peers {
    id: "omNode-1"
    address: "localhost:15015"
    startupRole: FOLLOWER
  }
}
 from snapshot
2024-09-18 12:54:54,035 [grpc-default-executor-4] INFO  server.RaftServer$Division (ServerState.java:setRaftConf(386)) - omNode-bootstrap-2@group-0AAC5367B30E: set configuration conf: {index: 0, cur=peers:[omNode-1|localhost:15015]|listeners:[], old=null}
2024-09-18 12:54:54,036 [grpc-default-executor-4] INFO  ratis.OzoneManagerStateMachine (OzoneManagerStateMachine.java:notifyConfigurationChanged(216)) - Received Configuration change notification from Ratis. New Peer list:
[id: "omNode-1"
address: "localhost:15015"
startupRole: FOLLOWER
]
2024-09-18 12:54:54,036 [grpc-default-executor-4] INFO  impl.SnapshotInstallationHandler (SnapshotInstallationHandler.java:installSnapshot(103)) - omNode-bootstrap-2@group-0AAC5367B30E: reply installSnapshot: omNode-1<-omNode-bootstrap-2#0:FAIL-t1,IN_PROGRESS,snapshotIndex=0
2024-09-18 12:54:54,037 [grpc-default-executor-4] INFO  server.GrpcServerProtocolService (GrpcServerProtocolService.java:onCompleted(157)) - omNode-bootstrap-2: Completed INSTALL_SNAPSHOT, lastRequest: omNode-1->omNode-bootstrap-2#0-t1,notify:(t:1, i:0)
2024-09-18 12:54:54,037 [grpc-default-executor-4] INFO  server.GrpcServerProtocolService (GrpcServerProtocolService.java:lambda$onCompleted$5(159)) - omNode-bootstrap-2: Completed INSTALL_SNAPSHOT, lastReply: null
2024-09-18 12:54:54,037 [grpc-default-executor-0] INFO  server.GrpcLogAppender (GrpcLogAppender.java:onNext(649)) - omNode-1@group-0AAC5367B30E->omNode-bootstrap-2-InstallSnapshotResponseHandler: received a reply omNode-1<-omNode-bootstrap-2#0:FAIL-t1,IN_PROGRESS,snapshotIndex=0
2024-09-18 12:54:54,037 [grpc-default-executor-0] INFO  server.GrpcLogAppender (GrpcLogAppender.java:onNext(665)) - omNode-1@group-0AAC5367B30E->omNode-bootstrap-2-InstallSnapshotResponseHandler: InstallSnapshot in progress.
2024-09-18 12:54:54,037 [omNode-1@group-0AAC5367B30E->omNode-bootstrap-2-GrpcLogAppender-LogAppenderDaemon] INFO  server.GrpcLogAppender (GrpcLogAppender.java:notifyInstallSnapshot(790)) - omNode-1@group-0AAC5367B30E->omNode-bootstrap-2-GrpcLogAppender: notifyInstallSnapshot with firstAvailable=(t:1, i:0), followerNextIndex=0
2024-09-18 12:54:54,038 [omNode-1@group-0AAC5367B30E->omNode-bootstrap-2-GrpcLogAppender-LogAppenderDaemon] INFO  server.GrpcLogAppender (GrpcLogAppender.java:notifyInstallSnapshot(798)) - omNode-1@group-0AAC5367B30E->omNode-bootstrap-2-GrpcLogAppender: send omNode-1->omNode-bootstrap-2#0-t1,notify:(t:1, i:0)
2024-09-18 12:54:54,038 [omNode-bootstrap-2-server-thread1] INFO  server.RaftServer$Division (RaftServerImpl.java:checkInconsistentAppendEntries(1629)) - omNode-bootstrap-2@group-0AAC5367B30E: Failed appendEntries as snapshot (0) installation is in progress
2024-09-18 12:54:54,038 [omNode-bootstrap-2-server-thread1] INFO  server.RaftServer$Division (RaftServerImpl.java:appendEntriesAsync(1584)) - omNode-bootstrap-2@group-0AAC5367B30E: appendEntries* reply omNode-1<-omNode-bootstrap-2#173:FAIL-t1,INCONSISTENCY,nextIndex=0,followerCommit=-1,matchIndex=-1
2024-09-18 12:54:54,038 [grpc-default-executor-1] INFO  impl.SnapshotInstallationHandler (SnapshotInstallationHandler.java:installSnapshot(92)) - omNode-bootstrap-2@group-0AAC5367B30E: receive installSnapshot: omNode-1->omNode-bootstrap-2#0-t1,notify:(t:1, i:0)
2024-09-18 12:54:54,039 [grpc-default-executor-1] INFO  impl.SnapshotInstallationHandler (SnapshotInstallationHandler.java:installSnapshotImpl(138)) - omNode-bootstrap-2@group-0AAC5367B30E: set new configuration configurationEntry {
  peers {
    id: "omNode-1"
    address: "localhost:15015"
    startupRole: FOLLOWER
  }
}
 from snapshot
2024-09-18 12:54:54,039 [grpc-default-executor-0] WARN  server.GrpcLogAppender (GrpcLogAppender.java:onNextImpl(519)) - omNode-1@group-0AAC5367B30E->omNode-bootstrap-2-AppendLogResponseHandler: received INCONSISTENCY reply with nextIndex 0, errorCount=1, request=AppendEntriesRequest:cid=173,entriesCount=0
2024-09-18 12:54:54,039 [grpc-default-executor-1] INFO  server.RaftServer$Division (ServerState.java:setRaftConf(386)) - omNode-bootstrap-2@group-0AAC5367B30E: set configuration conf: {index: 0, cur=peers:[omNode-1|localhost:15015]|listeners:[], old=null}
2024-09-18 12:54:54,040 [grpc-default-executor-1] INFO  ratis.OzoneManagerStateMachine (OzoneManagerStateMachine.java:notifyConfigurationChanged(216)) - Received Configuration change notification from Ratis. New Peer list:
[id: "omNode-1"
address: "localhost:15015"
startupRole: FOLLOWER
]
2024-09-18 12:54:54,040 [grpc-default-executor-1] INFO  impl.SnapshotInstallationHandler (SnapshotInstallationHandler.java:installSnapshot(103)) - omNode-bootstrap-2@group-0AAC5367B30E: reply installSnapshot: omNode-1<-omNode-bootstrap-2#0:FAIL-t1,IN_PROGRESS,snapshotIndex=0
2024-09-18 12:54:54,040 [grpc-default-executor-1] INFO  server.GrpcServerProtocolService (GrpcServerProtocolService.java:onCompleted(157)) - omNode-bootstrap-2: Completed INSTALL_SNAPSHOT, lastRequest: omNode-1->omNode-bootstrap-2#0-t1,notify:(t:1, i:0)
2024-09-18 12:54:54,040 [grpc-default-executor-1] INFO  server.GrpcServerProtocolService (GrpcServerProtocolService.java:lambda$onCompleted$5(159)) - omNode-bootstrap-2: Completed INSTALL_SNAPSHOT, lastReply: null
2024-09-18 12:54:54,041 [grpc-default-executor-4] INFO  server.GrpcLogAppender (GrpcLogAppender.java:onNext(649)) - omNode-1@group-0AAC5367B30E->omNode-bootstrap-2-InstallSnapshotResponseHandler: received a reply omNode-1<-omNode-bootstrap-2#0:FAIL-t1,IN_PROGRESS,snapshotIndex=0
2024-09-18 12:54:54,041 [grpc-default-executor-4] INFO  server.GrpcLogAppender (GrpcLogAppender.java:onNext(665)) - omNode-1@group-0AAC5367B30E->omNode-bootstrap-2-InstallSnapshotResponseHandler: InstallSnapshot in progress.
2024-09-18 12:54:54,041 [omNode-1@group-0AAC5367B30E->omNode-bootstrap-2-GrpcLogAppender-LogAppenderDaemon] INFO  server.GrpcLogAppender (GrpcLogAppender.java:notifyInstallSnapshot(790)) - omNode-1@group-0AAC5367B30E->omNode-bootstrap-2-GrpcLogAppender: notifyInstallSnapshot with firstAvailable=(t:1, i:0), followerNextIndex=0
2024-09-18 12:54:54,041 [omNode-1@group-0AAC5367B30E->omNode-bootstrap-2-GrpcLogAppender-LogAppenderDaemon] INFO  server.GrpcLogAppender (GrpcLogAppender.java:notifyInstallSnapshot(798)) - omNode-1@group-0AAC5367B30E->omNode-bootstrap-2-GrpcLogAppender: send omNode-1->omNode-bootstrap-2#0-t1,notify:(t:1, i:0)
2024-09-18 12:54:54,042 [omNode-bootstrap-2-server-thread1] INFO  server.RaftServer$Division (RaftServerImpl.java:checkInconsistentAppendEntries(1629)) - omNode-bootstrap-2@group-0AAC5367B30E: Failed appendEntries as snapshot (0) installation is in progress
2024-09-18 12:54:54,042 [omNode-bootstrap-2-server-thread1] INFO  server.RaftServer$Division (RaftServerImpl.java:appendEntriesAsync(1584)) - omNode-bootstrap-2@group-0AAC5367B30E: appendEntries* reply omNode-1<-omNode-bootstrap-2#174:FAIL-t1,INCONSISTENCY,nextIndex=0,followerCommit=-1,matchIndex=-1
2024-09-18 12:54:54,042 [grpc-default-executor-0] WARN  server.GrpcLogAppender (GrpcLogAppender.java:onNextImpl(519)) - omNode-1@group-0AAC5367B30E->omNode-bootstrap-2-AppendLogResponseHandler: received INCONSISTENCY reply with nextIndex 0, errorCount=1, request=AppendEntriesRequest:cid=174,entriesCount=0
2024-09-18 12:54:54,042 [grpc-default-executor-1] INFO  impl.SnapshotInstallationHandler (SnapshotInstallationHandler.java:installSnapshot(92)) - omNode-bootstrap-2@group-0AAC5367B30E: receive installSnapshot: omNode-1->omNode-bootstrap-2#0-t1,notify:(t:1, i:0)
2024-09-18 12:54:54,043 [grpc-default-executor-1] INFO  impl.SnapshotInstallationHandler (SnapshotInstallationHandler.java:installSnapshotImpl(138)) - omNode-bootstrap-2@group-0AAC5367B30E: set new configuration configurationEntry {
  peers {
    id: "omNode-1"
    address: "localhost:15015"
    startupRole: FOLLOWER
  }
}
 from snapshot
2024-09-18 12:54:54,043 [grpc-default-executor-1] INFO  server.RaftServer$Division (ServerState.java:setRaftConf(386)) - omNode-bootstrap-2@group-0AAC5367B30E: set configuration conf: {index: 0, cur=peers:[omNode-1|localhost:15015]|listeners:[], old=null}
2024-09-18 12:54:54,044 [grpc-default-executor-1] INFO  ratis.OzoneManagerStateMachine (OzoneManagerStateMachine.java:notifyConfigurationChanged(216)) - Received Configuration change notification from Ratis. New Peer list:
[id: "omNode-1"
address: "localhost:15015"
startupRole: FOLLOWER
]
2024-09-18 12:54:54,044 [grpc-default-executor-1] INFO  impl.SnapshotInstallationHandler (SnapshotInstallationHandler.java:installSnapshot(103)) - omNode-bootstrap-2@group-0AAC5367B30E: reply installSnapshot: omNode-1<-omNode-bootstrap-2#0:FAIL-t1,IN_PROGRESS,snapshotIndex=0
2024-09-18 12:54:54,044 [grpc-default-executor-1] INFO  server.GrpcServerProtocolService (GrpcServerProtocolService.java:onCompleted(157)) - omNode-bootstrap-2: Completed INSTALL_SNAPSHOT, lastRequest: omNode-1->omNode-bootstrap-2#0-t1,notify:(t:1, i:0)
2024-09-18 12:54:54,044 [grpc-default-executor-1] INFO  server.GrpcServerProtocolService (GrpcServerProtocolService.java:lambda$onCompleted$5(159)) - omNode-bootstrap-2: Completed INSTALL_SNAPSHOT, lastReply: null
2024-09-18 12:54:54,044 [grpc-default-executor-4] INFO  server.GrpcLogAppender (GrpcLogAppender.java:onNext(649)) - omNode-1@group-0AAC5367B30E->omNode-bootstrap-2-InstallSnapshotResponseHandler: received a reply omNode-1<-omNode-bootstrap-2#0:FAIL-t1,IN_PROGRESS,snapshotIndex=0
2024-09-18 12:54:54,044 [grpc-default-executor-4] INFO  server.GrpcLogAppender (GrpcLogAppender.java:onNext(665)) - omNode-1@group-0AAC5367B30E->omNode-bootstrap-2-InstallSnapshotResponseHandler: InstallSnapshot in progress.
2024-09-18 12:54:54,045 [omNode-1@group-0AAC5367B30E->omNode-bootstrap-2-GrpcLogAppender-LogAppenderDaemon] INFO  server.GrpcLogAppender (GrpcLogAppender.java:notifyInstallSnapshot(790)) - omNode-1@group-0AAC5367B30E->omNode-bootstrap-2-GrpcLogAppender: notifyInstallSnapshot with firstAvailable=(t:1, i:0), followerNextIndex=0
2024-09-18 12:54:54,045 [omNode-1@group-0AAC5367B30E->omNode-bootstrap-2-GrpcLogAppender-LogAppenderDaemon] INFO  server.GrpcLogAppender (GrpcLogAppender.java:notifyInstallSnapshot(798)) - omNode-1@group-0AAC5367B30E->omNode-bootstrap-2-GrpcLogAppender: send omNode-1->omNode-bootstrap-2#0-t1,notify:(t:1, i:0)
2024-09-18 12:54:54,045 [omNode-bootstrap-2-server-thread1] INFO  server.RaftServer$Division (RaftServerImpl.java:checkInconsistentAppendEntries(1629)) - omNode-bootstrap-2@group-0AAC5367B30E: Failed appendEntries as snapshot (0) installation is in progress
2024-09-18 12:54:54,045 [omNode-bootstrap-2-server-thread1] INFO  server.RaftServer$Division (RaftServerImpl.java:appendEntriesAsync(1584)) - omNode-bootstrap-2@group-0AAC5367B30E: appendEntries* reply omNode-1<-omNode-bootstrap-2#175:FAIL-t1,INCONSISTENCY,nextIndex=0,followerCommit=-1,matchIndex=-1
2024-09-18 12:54:54,046 [grpc-default-executor-0] INFO  impl.SnapshotInstallationHandler (SnapshotInstallationHandler.java:installSnapshot(92)) - omNode-bootstrap-2@group-0AAC5367B30E: receive installSnapshot: omNode-1->omNode-bootstrap-2#0-t1,notify:(t:1, i:0)
2024-09-18 12:54:54,046 [grpc-default-executor-0] INFO  impl.SnapshotInstallationHandler (SnapshotInstallationHandler.java:installSnapshotImpl(138)) - omNode-bootstrap-2@group-0AAC5367B30E: set new configuration configurationEntry {
  peers {
    id: "omNode-1"
    address: "localhost:15015"
    startupRole: FOLLOWER
  }
}
 from snapshot
2024-09-18 12:54:54,046 [grpc-default-executor-0] INFO  server.RaftServer$Division (ServerState.java:setRaftConf(386)) - omNode-bootstrap-2@group-0AAC5367B30E: set configuration conf: {index: 0, cur=peers:[omNode-1|localhost:15015]|listeners:[], old=null}
2024-09-18 12:54:54,046 [grpc-default-executor-4] WARN  server.GrpcLogAppender (GrpcLogAppender.java:onNextImpl(519)) - omNode-1@group-0AAC5367B30E->omNode-bootstrap-2-AppendLogResponseHandler: received INCONSISTENCY reply with nextIndex 0, errorCount=1, request=AppendEntriesRequest:cid=175,entriesCount=0
2024-09-18 12:54:54,047 [grpc-default-executor-0] INFO  ratis.OzoneManagerStateMachine (OzoneManagerStateMachine.java:notifyConfigurationChanged(216)) - Received Configuration change notification from Ratis. New Peer list:
[id: "omNode-1"
address: "localhost:15015"
startupRole: FOLLOWER
]
2024-09-18 12:54:54,047 [grpc-default-executor-0] INFO  impl.SnapshotInstallationHandler (SnapshotInstallationHandler.java:installSnapshot(103)) - omNode-bootstrap-2@group-0AAC5367B30E: reply installSnapshot: omNode-1<-omNode-bootstrap-2#0:FAIL-t1,IN_PROGRESS,snapshotIndex=0
2024-09-18 12:54:54,047 [grpc-default-executor-0] INFO  server.GrpcServerProtocolService (GrpcServerProtocolService.java:onCompleted(157)) - omNode-bootstrap-2: Completed INSTALL_SNAPSHOT, lastRequest: omNode-1->omNode-bootstrap-2#0-t1,notify:(t:1, i:0)
2024-09-18 12:54:54,047 [grpc-default-executor-0] INFO  server.GrpcServerProtocolService (GrpcServerProtocolService.java:lambda$onCompleted$5(159)) - omNode-bootstrap-2: Completed INSTALL_SNAPSHOT, lastReply: null
2024-09-18 12:54:54,048 [grpc-default-executor-4] INFO  server.GrpcLogAppender (GrpcLogAppender.java:onNext(649)) - omNode-1@group-0AAC5367B30E->omNode-bootstrap-2-InstallSnapshotResponseHandler: received a reply omNode-1<-omNode-bootstrap-2#0:FAIL-t1,IN_PROGRESS,snapshotIndex=0
2024-09-18 12:54:54,048 [grpc-default-executor-4] INFO  server.GrpcLogAppender (GrpcLogAppender.java:onNext(665)) - omNode-1@group-0AAC5367B30E->omNode-bootstrap-2-InstallSnapshotResponseHandler: InstallSnapshot in progress.
2024-09-18 12:54:54,048 [omNode-1@group-0AAC5367B30E->omNode-bootstrap-2-GrpcLogAppender-LogAppenderDaemon] INFO  server.GrpcLogAppender (GrpcLogAppender.java:notifyInstallSnapshot(790)) - omNode-1@group-0AAC5367B30E->omNode-bootstrap-2-GrpcLogAppender: notifyInstallSnapshot with firstAvailable=(t:1, i:0), followerNextIndex=0
2024-09-18 12:54:54,048 [omNode-1@group-0AAC5367B30E->omNode-bootstrap-2-GrpcLogAppender-LogAppenderDaemon] INFO  server.GrpcLogAppender (GrpcLogAppender.java:notifyInstallSnapshot(798)) - omNode-1@group-0AAC5367B30E->omNode-bootstrap-2-GrpcLogAppender: send omNode-1->omNode-bootstrap-2#0-t1,notify:(t:1, i:0)
2024-09-18 12:54:54,049 [omNode-bootstrap-2-server-thread1] INFO  server.RaftServer$Division (RaftServerImpl.java:checkInconsistentAppendEntries(1629)) - omNode-bootstrap-2@group-0AAC5367B30E: Failed appendEntries as snapshot (0) installation is in progress
2024-09-18 12:54:54,049 [omNode-bootstrap-2-server-thread1] INFO  server.RaftServer$Division (RaftServerImpl.java:appendEntriesAsync(1584)) - omNode-bootstrap-2@group-0AAC5367B30E: appendEntries* reply omNode-1<-omNode-bootstrap-2#176:FAIL-t1,INCONSISTENCY,nextIndex=0,followerCommit=-1,matchIndex=-1
2024-09-18 12:54:54,049 [grpc-default-executor-1] INFO  impl.SnapshotInstallationHandler (SnapshotInstallationHandler.java:installSnapshot(92)) - omNode-bootstrap-2@group-0AAC5367B30E: receive installSnapshot: omNode-1->omNode-bootstrap-2#0-t1,notify:(t:1, i:0)
2024-09-18 12:54:54,049 [grpc-default-executor-1] INFO  impl.SnapshotInstallationHandler (SnapshotInstallationHandler.java:installSnapshotImpl(138)) - omNode-bootstrap-2@group-0AAC5367B30E: set new configuration configurationEntry {
  peers {
    id: "omNode-1"
    address: "localhost:15015"
    startupRole: FOLLOWER
  }
}
 from snapshot
2024-09-18 12:54:54,049 [grpc-default-executor-1] INFO  server.RaftServer$Division (ServerState.java:setRaftConf(386)) - omNode-bootstrap-2@group-0AAC5367B30E: set configuration conf: {index: 0, cur=peers:[omNode-1|localhost:15015]|listeners:[], old=null}
2024-09-18 12:54:54,050 [grpc-default-executor-4] WARN  server.GrpcLogAppender (GrpcLogAppender.java:onNextImpl(519)) - omNode-1@group-0AAC5367B30E->omNode-bootstrap-2-AppendLogResponseHandler: received INCONSISTENCY reply with nextIndex 0, errorCount=1, request=AppendEntriesRequest:cid=176,entriesCount=0
2024-09-18 12:54:54,051 [grpc-default-executor-1] INFO  ratis.OzoneManagerStateMachine (OzoneManagerStateMachine.java:notifyConfigurationChanged(216)) - Received Configuration change notification from Ratis. New Peer list:
[id: "omNode-1"
address: "localhost:15015"
startupRole: FOLLOWER
]
2024-09-18 12:54:54,051 [grpc-default-executor-1] INFO  impl.SnapshotInstallationHandler (SnapshotInstallationHandler.java:installSnapshot(103)) - omNode-bootstrap-2@group-0AAC5367B30E: reply installSnapshot: omNode-1<-omNode-bootstrap-2#0:FAIL-t1,IN_PROGRESS,snapshotIndex=0
2024-09-18 12:54:54,051 [grpc-default-executor-1] INFO  server.GrpcServerProtocolService (GrpcServerProtocolService.java:onCompleted(157)) - omNode-bootstrap-2: Completed INSTALL_SNAPSHOT, lastRequest: omNode-1->omNode-bootstrap-2#0-t1,notify:(t:1, i:0)
2024-09-18 12:54:54,051 [grpc-default-executor-1] INFO  server.GrpcServerProtocolService (GrpcServerProtocolService.java:lambda$onCompleted$5(159)) - omNode-bootstrap-2: Completed INSTALL_SNAPSHOT, lastReply: null
2024-09-18 12:54:54,051 [grpc-default-executor-1] INFO  server.GrpcLogAppender (GrpcLogAppender.java:onNext(649)) - omNode-1@group-0AAC5367B30E->omNode-bootstrap-2-InstallSnapshotResponseHandler: received a reply omNode-1<-omNode-bootstrap-2#0:FAIL-t1,IN_PROGRESS,snapshotIndex=0
2024-09-18 12:54:54,051 [grpc-default-executor-1] INFO  server.GrpcLogAppender (GrpcLogAppender.java:onNext(665)) - omNode-1@group-0AAC5367B30E->omNode-bootstrap-2-InstallSnapshotResponseHandler: InstallSnapshot in progress.
2024-09-18 12:54:54,052 [omNode-1@group-0AAC5367B30E->omNode-bootstrap-2-GrpcLogAppender-LogAppenderDaemon] INFO  server.GrpcLogAppender (GrpcLogAppender.java:notifyInstallSnapshot(790)) - omNode-1@group-0AAC5367B30E->omNode-bootstrap-2-GrpcLogAppender: notifyInstallSnapshot with firstAvailable=(t:1, i:0), followerNextIndex=0
2024-09-18 12:54:54,052 [omNode-1@group-0AAC5367B30E->omNode-bootstrap-2-GrpcLogAppender-LogAppenderDaemon] INFO  server.GrpcLogAppender (GrpcLogAppender.java:notifyInstallSnapshot(798)) - omNode-1@group-0AAC5367B30E->omNode-bootstrap-2-GrpcLogAppender: send omNode-1->omNode-bootstrap-2#0-t1,notify:(t:1, i:0)
2024-09-18 12:54:54,053 [omNode-bootstrap-2-server-thread1] INFO  server.RaftServer$Division (RaftServerImpl.java:checkInconsistentAppendEntries(1629)) - omNode-bootstrap-2@group-0AAC5367B30E: Failed appendEntries as snapshot (0) installation is in progress
2024-09-18 12:54:54,053 [omNode-bootstrap-2-server-thread1] INFO  server.RaftServer$Division (RaftServerImpl.java:appendEntriesAsync(1584)) - omNode-bootstrap-2@group-0AAC5367B30E: appendEntries* reply omNode-1<-omNode-bootstrap-2#177:FAIL-t1,INCONSISTENCY,nextIndex=0,followerCommit=-1,matchIndex=-1
2024-09-18 12:54:54,053 [grpc-default-executor-3] INFO  impl.SnapshotInstallationHandler (SnapshotInstallationHandler.java:installSnapshot(92)) - omNode-bootstrap-2@group-0AAC5367B30E: receive installSnapshot: omNode-1->omNode-bootstrap-2#0-t1,notify:(t:1, i:0)
2024-09-18 12:54:54,053 [grpc-default-executor-3] INFO  impl.SnapshotInstallationHandler (SnapshotInstallationHandler.java:installSnapshotImpl(138)) - omNode-bootstrap-2@group-0AAC5367B30E: set new configuration configurationEntry {
  peers {
    id: "omNode-1"
    address: "localhost:15015"
    startupRole: FOLLOWER
  }
}
 from snapshot
2024-09-18 12:54:54,053 [grpc-default-executor-3] INFO  server.RaftServer$Division (ServerState.java:setRaftConf(386)) - omNode-bootstrap-2@group-0AAC5367B30E: set configuration conf: {index: 0, cur=peers:[omNode-1|localhost:15015]|listeners:[], old=null}
2024-09-18 12:54:54,054 [grpc-default-executor-4] WARN  server.GrpcLogAppender (GrpcLogAppender.java:onNextImpl(519)) - omNode-1@group-0AAC5367B30E->omNode-bootstrap-2-AppendLogResponseHandler: received INCONSISTENCY reply with nextIndex 0, errorCount=1, request=AppendEntriesRequest:cid=177,entriesCount=0
2024-09-18 12:54:54,054 [grpc-default-executor-3] INFO  ratis.OzoneManagerStateMachine (OzoneManagerStateMachine.java:notifyConfigurationChanged(216)) - Received Configuration change notification from Ratis. New Peer list:
[id: "omNode-1"
address: "localhost:15015"
startupRole: FOLLOWER
]
2024-09-18 12:54:54,054 [grpc-default-executor-3] INFO  impl.SnapshotInstallationHandler (SnapshotInstallationHandler.java:installSnapshot(103)) - omNode-bootstrap-2@group-0AAC5367B30E: reply installSnapshot: omNode-1<-omNode-bootstrap-2#0:FAIL-t1,IN_PROGRESS,snapshotIndex=0
2024-09-18 12:54:54,054 [grpc-default-executor-3] INFO  server.GrpcServerProtocolService (GrpcServerProtocolService.java:onCompleted(157)) - omNode-bootstrap-2: Completed INSTALL_SNAPSHOT, lastRequest: omNode-1->omNode-bootstrap-2#0-t1,notify:(t:1, i:0)
2024-09-18 12:54:54,054 [grpc-default-executor-3] INFO  server.GrpcServerProtocolService (GrpcServerProtocolService.java:lambda$onCompleted$5(159)) - omNode-bootstrap-2: Completed INSTALL_SNAPSHOT, lastReply: null
2024-09-18 12:54:54,055 [grpc-default-executor-4] INFO  server.GrpcLogAppender (GrpcLogAppender.java:onNext(649)) - omNode-1@group-0AAC5367B30E->omNode-bootstrap-2-InstallSnapshotResponseHandler: received a reply omNode-1<-omNode-bootstrap-2#0:FAIL-t1,IN_PROGRESS,snapshotIndex=0
2024-09-18 12:54:54,055 [grpc-default-executor-4] INFO  server.GrpcLogAppender (GrpcLogAppender.java:onNext(665)) - omNode-1@group-0AAC5367B30E->omNode-bootstrap-2-InstallSnapshotResponseHandler: InstallSnapshot in progress.
2024-09-18 12:54:54,056 [omNode-bootstrap-2-server-thread1] INFO  server.RaftServer$Division (RaftServerImpl.java:checkInconsistentAppendEntries(1629)) - omNode-bootstrap-2@group-0AAC5367B30E: Failed appendEntries as snapshot (0) installation is in progress
2024-09-18 12:54:54,056 [omNode-bootstrap-2-server-thread1] INFO  server.RaftServer$Division (RaftServerImpl.java:appendEntriesAsync(1584)) - omNode-bootstrap-2@group-0AAC5367B30E: appendEntries* reply omNode-1<-omNode-bootstrap-2#178:FAIL-t1,INCONSISTENCY,nextIndex=0,followerCommit=-1,matchIndex=-1
2024-09-18 12:54:54,056 [grpc-default-executor-4] WARN  server.GrpcLogAppender (GrpcLogAppender.java:onNextImpl(519)) - omNode-1@group-0AAC5367B30E->omNode-bootstrap-2-AppendLogResponseHandler: received INCONSISTENCY reply with nextIndex 0, errorCount=1, request=AppendEntriesRequest:cid=178,entriesCount=0
2024-09-18 12:54:54,056 [omNode-1@group-0AAC5367B30E->omNode-bootstrap-2-GrpcLogAppender-LogAppenderDaemon] INFO  server.GrpcLogAppender (GrpcLogAppender.java:notifyInstallSnapshot(790)) - omNode-1@group-0AAC5367B30E->omNode-bootstrap-2-GrpcLogAppender: notifyInstallSnapshot with firstAvailable=(t:1, i:0), followerNextIndex=0
2024-09-18 12:54:54,057 [omNode-1@group-0AAC5367B30E->omNode-bootstrap-2-GrpcLogAppender-LogAppenderDaemon] INFO  server.GrpcLogAppender (GrpcLogAppender.java:notifyInstallSnapshot(798)) - omNode-1@group-0AAC5367B30E->omNode-bootstrap-2-GrpcLogAppender: send omNode-1->omNode-bootstrap-2#0-t1,notify:(t:1, i:0)
2024-09-18 12:54:54,057 [grpc-default-executor-4] INFO  impl.SnapshotInstallationHandler (SnapshotInstallationHandler.java:installSnapshot(92)) - omNode-bootstrap-2@group-0AAC5367B30E: receive installSnapshot: omNode-1->omNode-bootstrap-2#0-t1,notify:(t:1, i:0)
2024-09-18 12:54:54,057 [grpc-default-executor-4] INFO  impl.SnapshotInstallationHandler (SnapshotInstallationHandler.java:installSnapshotImpl(138)) - omNode-bootstrap-2@group-0AAC5367B30E: set new configuration configurationEntry {
  peers {
    id: "omNode-1"
    address: "localhost:15015"
    startupRole: FOLLOWER
  }
}
 from snapshot
2024-09-18 12:54:54,058 [grpc-default-executor-4] INFO  server.RaftServer$Division (ServerState.java:setRaftConf(386)) - omNode-bootstrap-2@group-0AAC5367B30E: set configuration conf: {index: 0, cur=peers:[omNode-1|localhost:15015]|listeners:[], old=null}
2024-09-18 12:54:54,058 [grpc-default-executor-4] INFO  ratis.OzoneManagerStateMachine (OzoneManagerStateMachine.java:notifyConfigurationChanged(216)) - Received Configuration change notification from Ratis. New Peer list:
[id: "omNode-1"
address: "localhost:15015"
startupRole: FOLLOWER
]
2024-09-18 12:54:54,059 [grpc-default-executor-4] INFO  impl.SnapshotInstallationHandler (SnapshotInstallationHandler.java:installSnapshot(103)) - omNode-bootstrap-2@group-0AAC5367B30E: reply installSnapshot: omNode-1<-omNode-bootstrap-2#0:FAIL-t1,IN_PROGRESS,snapshotIndex=0
2024-09-18 12:54:54,059 [grpc-default-executor-4] INFO  server.GrpcServerProtocolService (GrpcServerProtocolService.java:onCompleted(157)) - omNode-bootstrap-2: Completed INSTALL_SNAPSHOT, lastRequest: omNode-1->omNode-bootstrap-2#0-t1,notify:(t:1, i:0)
2024-09-18 12:54:54,059 [grpc-default-executor-4] INFO  server.GrpcServerProtocolService (GrpcServerProtocolService.java:lambda$onCompleted$5(159)) - omNode-bootstrap-2: Completed INSTALL_SNAPSHOT, lastReply: null
2024-09-18 12:54:54,059 [grpc-default-executor-3] INFO  server.GrpcLogAppender (GrpcLogAppender.java:onNext(649)) - omNode-1@group-0AAC5367B30E->omNode-bootstrap-2-InstallSnapshotResponseHandler: received a reply omNode-1<-omNode-bootstrap-2#0:FAIL-t1,IN_PROGRESS,snapshotIndex=0
2024-09-18 12:54:54,059 [grpc-default-executor-3] INFO  server.GrpcLogAppender (GrpcLogAppender.java:onNext(665)) - omNode-1@group-0AAC5367B30E->omNode-bootstrap-2-InstallSnapshotResponseHandler: InstallSnapshot in progress.
2024-09-18 12:54:54,060 [omNode-1@group-0AAC5367B30E->omNode-bootstrap-2-GrpcLogAppender-LogAppenderDaemon] INFO  server.GrpcLogAppender (GrpcLogAppender.java:notifyInstallSnapshot(790)) - omNode-1@group-0AAC5367B30E->omNode-bootstrap-2-GrpcLogAppender: notifyInstallSnapshot with firstAvailable=(t:1, i:0), followerNextIndex=0
2024-09-18 12:54:54,060 [omNode-1@group-0AAC5367B30E->omNode-bootstrap-2-GrpcLogAppender-LogAppenderDaemon] INFO  server.GrpcLogAppender (GrpcLogAppender.java:notifyInstallSnapshot(798)) - omNode-1@group-0AAC5367B30E->omNode-bootstrap-2-GrpcLogAppender: send omNode-1->omNode-bootstrap-2#0-t1,notify:(t:1, i:0)
2024-09-18 12:54:54,061 [omNode-bootstrap-2-server-thread1] INFO  server.RaftServer$Division (RaftServerImpl.java:checkInconsistentAppendEntries(1629)) - omNode-bootstrap-2@group-0AAC5367B30E: Failed appendEntries as snapshot (0) installation is in progress
2024-09-18 12:54:54,061 [omNode-bootstrap-2-server-thread1] INFO  server.RaftServer$Division (RaftServerImpl.java:appendEntriesAsync(1584)) - omNode-bootstrap-2@group-0AAC5367B30E: appendEntries* reply omNode-1<-omNode-bootstrap-2#179:FAIL-t1,INCONSISTENCY,nextIndex=0,followerCommit=-1,matchIndex=-1
2024-09-18 12:54:54,061 [grpc-default-executor-1] INFO  impl.SnapshotInstallationHandler (SnapshotInstallationHandler.java:installSnapshot(92)) - omNode-bootstrap-2@group-0AAC5367B30E: receive installSnapshot: omNode-1->omNode-bootstrap-2#0-t1,notify:(t:1, i:0)
2024-09-18 12:54:54,061 [grpc-default-executor-1] INFO  impl.SnapshotInstallationHandler (SnapshotInstallationHandler.java:installSnapshotImpl(138)) - omNode-bootstrap-2@group-0AAC5367B30E: set new configuration configurationEntry {
  peers {
    id: "omNode-1"
    address: "localhost:15015"
    startupRole: FOLLOWER
  }
}
 from snapshot
2024-09-18 12:54:54,061 [grpc-default-executor-1] INFO  server.RaftServer$Division (ServerState.java:setRaftConf(386)) - omNode-bootstrap-2@group-0AAC5367B30E: set configuration conf: {index: 0, cur=peers:[omNode-1|localhost:15015]|listeners:[], old=null}
2024-09-18 12:54:54,062 [grpc-default-executor-3] WARN  server.GrpcLogAppender (GrpcLogAppender.java:onNextImpl(519)) - omNode-1@group-0AAC5367B30E->omNode-bootstrap-2-AppendLogResponseHandler: received INCONSISTENCY reply with nextIndex 0, errorCount=1, request=AppendEntriesRequest:cid=179,entriesCount=0
2024-09-18 12:54:54,063 [grpc-default-executor-1] INFO  ratis.OzoneManagerStateMachine (OzoneManagerStateMachine.java:notifyConfigurationChanged(216)) - Received Configuration change notification from Ratis. New Peer list:
[id: "omNode-1"
address: "localhost:15015"
startupRole: FOLLOWER
]
2024-09-18 12:54:54,063 [grpc-default-executor-1] INFO  impl.SnapshotInstallationHandler (SnapshotInstallationHandler.java:installSnapshot(103)) - omNode-bootstrap-2@group-0AAC5367B30E: reply installSnapshot: omNode-1<-omNode-bootstrap-2#0:FAIL-t1,IN_PROGRESS,snapshotIndex=0
2024-09-18 12:54:54,063 [grpc-default-executor-1] INFO  server.GrpcServerProtocolService (GrpcServerProtocolService.java:onCompleted(157)) - omNode-bootstrap-2: Completed INSTALL_SNAPSHOT, lastRequest: omNode-1->omNode-bootstrap-2#0-t1,notify:(t:1, i:0)
2024-09-18 12:54:54,063 [grpc-default-executor-1] INFO  server.GrpcServerProtocolService (GrpcServerProtocolService.java:lambda$onCompleted$5(159)) - omNode-bootstrap-2: Completed INSTALL_SNAPSHOT, lastReply: null
2024-09-18 12:54:54,063 [grpc-default-executor-3] INFO  server.GrpcLogAppender (GrpcLogAppender.java:onNext(649)) - omNode-1@group-0AAC5367B30E->omNode-bootstrap-2-InstallSnapshotResponseHandler: received a reply omNode-1<-omNode-bootstrap-2#0:FAIL-t1,IN_PROGRESS,snapshotIndex=0
2024-09-18 12:54:54,063 [grpc-default-executor-3] INFO  server.GrpcLogAppender (GrpcLogAppender.java:onNext(665)) - omNode-1@group-0AAC5367B30E->omNode-bootstrap-2-InstallSnapshotResponseHandler: InstallSnapshot in progress.
2024-09-18 12:54:54,064 [omNode-bootstrap-2-server-thread1] INFO  server.RaftServer$Division (RaftServerImpl.java:checkInconsistentAppendEntries(1629)) - omNode-bootstrap-2@group-0AAC5367B30E: Failed appendEntries as snapshot (0) installation is in progress
2024-09-18 12:54:54,064 [omNode-bootstrap-2-server-thread1] INFO  server.RaftServer$Division (RaftServerImpl.java:appendEntriesAsync(1584)) - omNode-bootstrap-2@group-0AAC5367B30E: appendEntries* reply omNode-1<-omNode-bootstrap-2#180:FAIL-t1,INCONSISTENCY,nextIndex=0,followerCommit=-1,matchIndex=-1
2024-09-18 12:54:54,064 [grpc-default-executor-3] WARN  server.GrpcLogAppender (GrpcLogAppender.java:onNextImpl(519)) - omNode-1@group-0AAC5367B30E->omNode-bootstrap-2-AppendLogResponseHandler: received INCONSISTENCY reply with nextIndex 0, errorCount=1, request=AppendEntriesRequest:cid=180,entriesCount=0
2024-09-18 12:54:54,065 [omNode-1@group-0AAC5367B30E->omNode-bootstrap-2-GrpcLogAppender-LogAppenderDaemon] INFO  server.GrpcLogAppender (GrpcLogAppender.java:notifyInstallSnapshot(790)) - omNode-1@group-0AAC5367B30E->omNode-bootstrap-2-GrpcLogAppender: notifyInstallSnapshot with firstAvailable=(t:1, i:0), followerNextIndex=0
2024-09-18 12:54:54,065 [omNode-1@group-0AAC5367B30E->omNode-bootstrap-2-GrpcLogAppender-LogAppenderDaemon] INFO  server.GrpcLogAppender (GrpcLogAppender.java:notifyInstallSnapshot(798)) - omNode-1@group-0AAC5367B30E->omNode-bootstrap-2-GrpcLogAppender: send omNode-1->omNode-bootstrap-2#0-t1,notify:(t:1, i:0)
2024-09-18 12:54:54,065 [grpc-default-executor-3] INFO  impl.SnapshotInstallationHandler (SnapshotInstallationHandler.java:installSnapshot(92)) - omNode-bootstrap-2@group-0AAC5367B30E: receive installSnapshot: omNode-1->omNode-bootstrap-2#0-t1,notify:(t:1, i:0)
2024-09-18 12:54:54,066 [grpc-default-executor-3] INFO  impl.SnapshotInstallationHandler (SnapshotInstallationHandler.java:installSnapshotImpl(138)) - omNode-bootstrap-2@group-0AAC5367B30E: set new configuration configurationEntry {
  peers {
    id: "omNode-1"
    address: "localhost:15015"
    startupRole: FOLLOWER
  }
}
 from snapshot
2024-09-18 12:54:54,066 [grpc-default-executor-3] INFO  server.RaftServer$Division (ServerState.java:setRaftConf(386)) - omNode-bootstrap-2@group-0AAC5367B30E: set configuration conf: {index: 0, cur=peers:[omNode-1|localhost:15015]|listeners:[], old=null}
2024-09-18 12:54:54,070 [grpc-default-executor-3] INFO  ratis.OzoneManagerStateMachine (OzoneManagerStateMachine.java:notifyConfigurationChanged(216)) - Received Configuration change notification from Ratis. New Peer list:
[id: "omNode-1"
address: "localhost:15015"
startupRole: FOLLOWER
]
2024-09-18 12:54:54,070 [grpc-default-executor-3] INFO  impl.SnapshotInstallationHandler (SnapshotInstallationHandler.java:installSnapshot(103)) - omNode-bootstrap-2@group-0AAC5367B30E: reply installSnapshot: omNode-1<-omNode-bootstrap-2#0:FAIL-t1,IN_PROGRESS,snapshotIndex=0
2024-09-18 12:54:54,070 [grpc-default-executor-3] INFO  server.GrpcServerProtocolService (GrpcServerProtocolService.java:onCompleted(157)) - omNode-bootstrap-2: Completed INSTALL_SNAPSHOT, lastRequest: omNode-1->omNode-bootstrap-2#0-t1,notify:(t:1, i:0)
2024-09-18 12:54:54,070 [grpc-default-executor-3] INFO  server.GrpcServerProtocolService (GrpcServerProtocolService.java:lambda$onCompleted$5(159)) - omNode-bootstrap-2: Completed INSTALL_SNAPSHOT, lastReply: null
2024-09-18 12:54:54,070 [grpc-default-executor-3] INFO  server.GrpcLogAppender (GrpcLogAppender.java:onNext(649)) - omNode-1@group-0AAC5367B30E->omNode-bootstrap-2-InstallSnapshotResponseHandler: received a reply omNode-1<-omNode-bootstrap-2#0:FAIL-t1,IN_PROGRESS,snapshotIndex=0
2024-09-18 12:54:54,070 [grpc-default-executor-3] INFO  server.GrpcLogAppender (GrpcLogAppender.java:onNext(665)) - omNode-1@group-0AAC5367B30E->omNode-bootstrap-2-InstallSnapshotResponseHandler: InstallSnapshot in progress.
2024-09-18 12:54:54,072 [omNode-bootstrap-2-server-thread1] INFO  server.RaftServer$Division (RaftServerImpl.java:checkInconsistentAppendEntries(1629)) - omNode-bootstrap-2@group-0AAC5367B30E: Failed appendEntries as snapshot (0) installation is in progress
2024-09-18 12:54:54,072 [omNode-bootstrap-2-server-thread1] INFO  server.RaftServer$Division (RaftServerImpl.java:appendEntriesAsync(1584)) - omNode-bootstrap-2@group-0AAC5367B30E: appendEntries* reply omNode-1<-omNode-bootstrap-2#181:FAIL-t1,INCONSISTENCY,nextIndex=0,followerCommit=-1,matchIndex=-1
2024-09-18 12:54:54,072 [grpc-default-executor-3] WARN  server.GrpcLogAppender (GrpcLogAppender.java:onNextImpl(519)) - omNode-1@group-0AAC5367B30E->omNode-bootstrap-2-AppendLogResponseHandler: received INCONSISTENCY reply with nextIndex 0, errorCount=1, request=AppendEntriesRequest:cid=181,entriesCount=0
2024-09-18 12:54:54,072 [omNode-1@group-0AAC5367B30E->omNode-bootstrap-2-GrpcLogAppender-LogAppenderDaemon] INFO  server.GrpcLogAppender (GrpcLogAppender.java:notifyInstallSnapshot(790)) - omNode-1@group-0AAC5367B30E->omNode-bootstrap-2-GrpcLogAppender: notifyInstallSnapshot with firstAvailable=(t:1, i:0), followerNextIndex=0
2024-09-18 12:54:54,073 [omNode-1@group-0AAC5367B30E->omNode-bootstrap-2-GrpcLogAppender-LogAppenderDaemon] INFO  server.GrpcLogAppender (GrpcLogAppender.java:notifyInstallSnapshot(798)) - omNode-1@group-0AAC5367B30E->omNode-bootstrap-2-GrpcLogAppender: send omNode-1->omNode-bootstrap-2#0-t1,notify:(t:1, i:0)
2024-09-18 12:54:54,073 [grpc-default-executor-1] INFO  impl.SnapshotInstallationHandler (SnapshotInstallationHandler.java:installSnapshot(92)) - omNode-bootstrap-2@group-0AAC5367B30E: receive installSnapshot: omNode-1->omNode-bootstrap-2#0-t1,notify:(t:1, i:0)
2024-09-18 12:54:54,074 [grpc-default-executor-1] INFO  impl.SnapshotInstallationHandler (SnapshotInstallationHandler.java:installSnapshotImpl(138)) - omNode-bootstrap-2@group-0AAC5367B30E: set new configuration configurationEntry {
  peers {
    id: "omNode-1"
    address: "localhost:15015"
    startupRole: FOLLOWER
  }
}
 from snapshot
2024-09-18 12:54:54,074 [grpc-default-executor-1] INFO  server.RaftServer$Division (ServerState.java:setRaftConf(386)) - omNode-bootstrap-2@group-0AAC5367B30E: set configuration conf: {index: 0, cur=peers:[omNode-1|localhost:15015]|listeners:[], old=null}
2024-09-18 12:54:54,075 [grpc-default-executor-1] INFO  ratis.OzoneManagerStateMachine (OzoneManagerStateMachine.java:notifyConfigurationChanged(216)) - Received Configuration change notification from Ratis. New Peer list:
[id: "omNode-1"
address: "localhost:15015"
startupRole: FOLLOWER
]
2024-09-18 12:54:54,075 [grpc-default-executor-1] INFO  impl.SnapshotInstallationHandler (SnapshotInstallationHandler.java:installSnapshot(103)) - omNode-bootstrap-2@group-0AAC5367B30E: reply installSnapshot: omNode-1<-omNode-bootstrap-2#0:FAIL-t1,IN_PROGRESS,snapshotIndex=0
2024-09-18 12:54:54,075 [grpc-default-executor-1] INFO  server.GrpcServerProtocolService (GrpcServerProtocolService.java:onCompleted(157)) - omNode-bootstrap-2: Completed INSTALL_SNAPSHOT, lastRequest: omNode-1->omNode-bootstrap-2#0-t1,notify:(t:1, i:0)
2024-09-18 12:54:54,076 [grpc-default-executor-1] INFO  server.GrpcServerProtocolService (GrpcServerProtocolService.java:lambda$onCompleted$5(159)) - omNode-bootstrap-2: Completed INSTALL_SNAPSHOT, lastReply: null
2024-09-18 12:54:54,076 [grpc-default-executor-1] INFO  server.GrpcLogAppender (GrpcLogAppender.java:onNext(649)) - omNode-1@group-0AAC5367B30E->omNode-bootstrap-2-InstallSnapshotResponseHandler: received a reply omNode-1<-omNode-bootstrap-2#0:FAIL-t1,IN_PROGRESS,snapshotIndex=0
2024-09-18 12:54:54,076 [grpc-default-executor-1] INFO  server.GrpcLogAppender (GrpcLogAppender.java:onNext(665)) - omNode-1@group-0AAC5367B30E->omNode-bootstrap-2-InstallSnapshotResponseHandler: InstallSnapshot in progress.
2024-09-18 12:54:54,077 [omNode-bootstrap-2-server-thread1] INFO  server.RaftServer$Division (RaftServerImpl.java:checkInconsistentAppendEntries(1629)) - omNode-bootstrap-2@group-0AAC5367B30E: Failed appendEntries as snapshot (0) installation is in progress
2024-09-18 12:54:54,077 [omNode-bootstrap-2-server-thread1] INFO  server.RaftServer$Division (RaftServerImpl.java:appendEntriesAsync(1584)) - omNode-bootstrap-2@group-0AAC5367B30E: appendEntries* reply omNode-1<-omNode-bootstrap-2#182:FAIL-t1,INCONSISTENCY,nextIndex=0,followerCommit=-1,matchIndex=-1
2024-09-18 12:54:54,077 [grpc-default-executor-1] WARN  server.GrpcLogAppender (GrpcLogAppender.java:onNextImpl(519)) - omNode-1@group-0AAC5367B30E->omNode-bootstrap-2-AppendLogResponseHandler: received INCONSISTENCY reply with nextIndex 0, errorCount=1, request=AppendEntriesRequest:cid=182,entriesCount=0
2024-09-18 12:54:54,077 [omNode-1@group-0AAC5367B30E->omNode-bootstrap-2-GrpcLogAppender-LogAppenderDaemon] INFO  server.GrpcLogAppender (GrpcLogAppender.java:notifyInstallSnapshot(790)) - omNode-1@group-0AAC5367B30E->omNode-bootstrap-2-GrpcLogAppender: notifyInstallSnapshot with firstAvailable=(t:1, i:0), followerNextIndex=0
2024-09-18 12:54:54,078 [omNode-1@group-0AAC5367B30E->omNode-bootstrap-2-GrpcLogAppender-LogAppenderDaemon] INFO  server.GrpcLogAppender (GrpcLogAppender.java:notifyInstallSnapshot(798)) - omNode-1@group-0AAC5367B30E->omNode-bootstrap-2-GrpcLogAppender: send omNode-1->omNode-bootstrap-2#0-t1,notify:(t:1, i:0)
2024-09-18 12:54:54,079 [grpc-default-executor-3] INFO  impl.SnapshotInstallationHandler (SnapshotInstallationHandler.java:installSnapshot(92)) - omNode-bootstrap-2@group-0AAC5367B30E: receive installSnapshot: omNode-1->omNode-bootstrap-2#0-t1,notify:(t:1, i:0)
2024-09-18 12:54:54,079 [grpc-default-executor-3] INFO  impl.SnapshotInstallationHandler (SnapshotInstallationHandler.java:installSnapshotImpl(138)) - omNode-bootstrap-2@group-0AAC5367B30E: set new configuration configurationEntry {
  peers {
    id: "omNode-1"
    address: "localhost:15015"
    startupRole: FOLLOWER
  }
}
 from snapshot
2024-09-18 12:54:54,079 [grpc-default-executor-3] INFO  server.RaftServer$Division (ServerState.java:setRaftConf(386)) - omNode-bootstrap-2@group-0AAC5367B30E: set configuration conf: {index: 0, cur=peers:[omNode-1|localhost:15015]|listeners:[], old=null}
2024-09-18 12:54:54,080 [grpc-default-executor-3] INFO  ratis.OzoneManagerStateMachine (OzoneManagerStateMachine.java:notifyConfigurationChanged(216)) - Received Configuration change notification from Ratis. New Peer list:
[id: "omNode-1"
address: "localhost:15015"
startupRole: FOLLOWER
]
2024-09-18 12:54:54,080 [grpc-default-executor-3] INFO  impl.SnapshotInstallationHandler (SnapshotInstallationHandler.java:installSnapshot(103)) - omNode-bootstrap-2@group-0AAC5367B30E: reply installSnapshot: omNode-1<-omNode-bootstrap-2#0:FAIL-t1,IN_PROGRESS,snapshotIndex=0
2024-09-18 12:54:54,081 [grpc-default-executor-3] INFO  server.GrpcServerProtocolService (GrpcServerProtocolService.java:onCompleted(157)) - omNode-bootstrap-2: Completed INSTALL_SNAPSHOT, lastRequest: omNode-1->omNode-bootstrap-2#0-t1,notify:(t:1, i:0)
2024-09-18 12:54:54,081 [grpc-default-executor-1] INFO  server.GrpcLogAppender (GrpcLogAppender.java:onNext(649)) - omNode-1@group-0AAC5367B30E->omNode-bootstrap-2-InstallSnapshotResponseHandler: received a reply omNode-1<-omNode-bootstrap-2#0:FAIL-t1,IN_PROGRESS,snapshotIndex=0
2024-09-18 12:54:54,081 [grpc-default-executor-1] INFO  server.GrpcLogAppender (GrpcLogAppender.java:onNext(665)) - omNode-1@group-0AAC5367B30E->omNode-bootstrap-2-InstallSnapshotResponseHandler: InstallSnapshot in progress.
2024-09-18 12:54:54,081 [grpc-default-executor-3] INFO  server.GrpcServerProtocolService (GrpcServerProtocolService.java:lambda$onCompleted$5(159)) - omNode-bootstrap-2: Completed INSTALL_SNAPSHOT, lastReply: null
2024-09-18 12:54:54,081 [omNode-1@group-0AAC5367B30E->omNode-bootstrap-2-GrpcLogAppender-LogAppenderDaemon] INFO  server.GrpcLogAppender (GrpcLogAppender.java:notifyInstallSnapshot(790)) - omNode-1@group-0AAC5367B30E->omNode-bootstrap-2-GrpcLogAppender: notifyInstallSnapshot with firstAvailable=(t:1, i:0), followerNextIndex=0
2024-09-18 12:54:54,082 [omNode-1@group-0AAC5367B30E->omNode-bootstrap-2-GrpcLogAppender-LogAppenderDaemon] INFO  server.GrpcLogAppender (GrpcLogAppender.java:notifyInstallSnapshot(798)) - omNode-1@group-0AAC5367B30E->omNode-bootstrap-2-GrpcLogAppender: send omNode-1->omNode-bootstrap-2#0-t1,notify:(t:1, i:0)
2024-09-18 12:54:54,082 [omNode-bootstrap-2-server-thread1] INFO  server.RaftServer$Division (RaftServerImpl.java:checkInconsistentAppendEntries(1629)) - omNode-bootstrap-2@group-0AAC5367B30E: Failed appendEntries as snapshot (0) installation is in progress
2024-09-18 12:54:54,082 [grpc-default-executor-4] INFO  impl.SnapshotInstallationHandler (SnapshotInstallationHandler.java:installSnapshot(92)) - omNode-bootstrap-2@group-0AAC5367B30E: receive installSnapshot: omNode-1->omNode-bootstrap-2#0-t1,notify:(t:1, i:0)
2024-09-18 12:54:54,082 [omNode-bootstrap-2-server-thread1] INFO  server.RaftServer$Division (RaftServerImpl.java:appendEntriesAsync(1584)) - omNode-bootstrap-2@group-0AAC5367B30E: appendEntries* reply omNode-1<-omNode-bootstrap-2#183:FAIL-t1,INCONSISTENCY,nextIndex=0,followerCommit=-1,matchIndex=-1
2024-09-18 12:54:54,083 [grpc-default-executor-3] WARN  server.GrpcLogAppender (GrpcLogAppender.java:onNextImpl(519)) - omNode-1@group-0AAC5367B30E->omNode-bootstrap-2-AppendLogResponseHandler: received INCONSISTENCY reply with nextIndex 0, errorCount=1, request=AppendEntriesRequest:cid=183,entriesCount=0
2024-09-18 12:54:54,098 [grpc-default-executor-4] INFO  impl.SnapshotInstallationHandler (SnapshotInstallationHandler.java:installSnapshotImpl(138)) - omNode-bootstrap-2@group-0AAC5367B30E: set new configuration configurationEntry {
  peers {
    id: "omNode-1"
    address: "localhost:15015"
    startupRole: FOLLOWER
  }
}
 from snapshot
2024-09-18 12:54:54,099 [grpc-default-executor-4] INFO  server.RaftServer$Division (ServerState.java:setRaftConf(386)) - omNode-bootstrap-2@group-0AAC5367B30E: set configuration conf: {index: 0, cur=peers:[omNode-1|localhost:15015]|listeners:[], old=null}
2024-09-18 12:54:54,100 [grpc-default-executor-4] INFO  ratis.OzoneManagerStateMachine (OzoneManagerStateMachine.java:notifyConfigurationChanged(216)) - Received Configuration change notification from Ratis. New Peer list:
[id: "omNode-1"
address: "localhost:15015"
startupRole: FOLLOWER
]
2024-09-18 12:54:54,100 [grpc-default-executor-4] INFO  impl.SnapshotInstallationHandler (SnapshotInstallationHandler.java:installSnapshot(103)) - omNode-bootstrap-2@group-0AAC5367B30E: reply installSnapshot: omNode-1<-omNode-bootstrap-2#0:FAIL-t1,IN_PROGRESS,snapshotIndex=0
2024-09-18 12:54:54,100 [grpc-default-executor-4] INFO  server.GrpcServerProtocolService (GrpcServerProtocolService.java:onCompleted(157)) - omNode-bootstrap-2: Completed INSTALL_SNAPSHOT, lastRequest: omNode-1->omNode-bootstrap-2#0-t1,notify:(t:1, i:0)
2024-09-18 12:54:54,100 [grpc-default-executor-4] INFO  server.GrpcServerProtocolService (GrpcServerProtocolService.java:lambda$onCompleted$5(159)) - omNode-bootstrap-2: Completed INSTALL_SNAPSHOT, lastReply: null
2024-09-18 12:54:54,101 [grpc-default-executor-3] INFO  server.GrpcLogAppender (GrpcLogAppender.java:onNext(649)) - omNode-1@group-0AAC5367B30E->omNode-bootstrap-2-InstallSnapshotResponseHandler: received a reply omNode-1<-omNode-bootstrap-2#0:FAIL-t1,IN_PROGRESS,snapshotIndex=0
2024-09-18 12:54:54,101 [grpc-default-executor-3] INFO  server.GrpcLogAppender (GrpcLogAppender.java:onNext(665)) - omNode-1@group-0AAC5367B30E->omNode-bootstrap-2-InstallSnapshotResponseHandler: InstallSnapshot in progress.
2024-09-18 12:54:54,102 [omNode-bootstrap-2-server-thread1] INFO  server.RaftServer$Division (RaftServerImpl.java:checkInconsistentAppendEntries(1629)) - omNode-bootstrap-2@group-0AAC5367B30E: Failed appendEntries as snapshot (0) installation is in progress
2024-09-18 12:54:54,102 [omNode-bootstrap-2-server-thread1] INFO  server.RaftServer$Division (RaftServerImpl.java:appendEntriesAsync(1584)) - omNode-bootstrap-2@group-0AAC5367B30E: appendEntries* reply omNode-1<-omNode-bootstrap-2#184:FAIL-t1,INCONSISTENCY,nextIndex=0,followerCommit=-1,matchIndex=-1
2024-09-18 12:54:54,102 [grpc-default-executor-3] WARN  server.GrpcLogAppender (GrpcLogAppender.java:onNextImpl(519)) - omNode-1@group-0AAC5367B30E->omNode-bootstrap-2-AppendLogResponseHandler: received INCONSISTENCY reply with nextIndex 0, errorCount=1, request=AppendEntriesRequest:cid=184,entriesCount=0
2024-09-18 12:54:54,102 [omNode-1@group-0AAC5367B30E->omNode-bootstrap-2-GrpcLogAppender-LogAppenderDaemon] INFO  server.GrpcLogAppender (GrpcLogAppender.java:notifyInstallSnapshot(790)) - omNode-1@group-0AAC5367B30E->omNode-bootstrap-2-GrpcLogAppender: notifyInstallSnapshot with firstAvailable=(t:1, i:0), followerNextIndex=0
2024-09-18 12:54:54,102 [omNode-1@group-0AAC5367B30E->omNode-bootstrap-2-GrpcLogAppender-LogAppenderDaemon] INFO  server.GrpcLogAppender (GrpcLogAppender.java:notifyInstallSnapshot(798)) - omNode-1@group-0AAC5367B30E->omNode-bootstrap-2-GrpcLogAppender: send omNode-1->omNode-bootstrap-2#0-t1,notify:(t:1, i:0)
2024-09-18 12:54:54,103 [grpc-default-executor-3] INFO  impl.SnapshotInstallationHandler (SnapshotInstallationHandler.java:installSnapshot(92)) - omNode-bootstrap-2@group-0AAC5367B30E: receive installSnapshot: omNode-1->omNode-bootstrap-2#0-t1,notify:(t:1, i:0)
2024-09-18 12:54:54,104 [grpc-default-executor-3] INFO  impl.SnapshotInstallationHandler (SnapshotInstallationHandler.java:installSnapshotImpl(138)) - omNode-bootstrap-2@group-0AAC5367B30E: set new configuration configurationEntry {
  peers {
    id: "omNode-1"
    address: "localhost:15015"
    startupRole: FOLLOWER
  }
}
 from snapshot
2024-09-18 12:54:54,104 [grpc-default-executor-3] INFO  server.RaftServer$Division (ServerState.java:setRaftConf(386)) - omNode-bootstrap-2@group-0AAC5367B30E: set configuration conf: {index: 0, cur=peers:[omNode-1|localhost:15015]|listeners:[], old=null}
2024-09-18 12:54:54,105 [grpc-default-executor-3] INFO  ratis.OzoneManagerStateMachine (OzoneManagerStateMachine.java:notifyConfigurationChanged(216)) - Received Configuration change notification from Ratis. New Peer list:
[id: "omNode-1"
address: "localhost:15015"
startupRole: FOLLOWER
]
2024-09-18 12:54:54,105 [grpc-default-executor-3] INFO  impl.SnapshotInstallationHandler (SnapshotInstallationHandler.java:installSnapshot(103)) - omNode-bootstrap-2@group-0AAC5367B30E: reply installSnapshot: omNode-1<-omNode-bootstrap-2#0:FAIL-t1,IN_PROGRESS,snapshotIndex=0
2024-09-18 12:54:54,106 [grpc-default-executor-3] INFO  server.GrpcServerProtocolService (GrpcServerProtocolService.java:onCompleted(157)) - omNode-bootstrap-2: Completed INSTALL_SNAPSHOT, lastRequest: omNode-1->omNode-bootstrap-2#0-t1,notify:(t:1, i:0)
2024-09-18 12:54:54,106 [grpc-default-executor-3] INFO  server.GrpcServerProtocolService (GrpcServerProtocolService.java:lambda$onCompleted$5(159)) - omNode-bootstrap-2: Completed INSTALL_SNAPSHOT, lastReply: null
2024-09-18 12:54:54,106 [grpc-default-executor-4] INFO  server.GrpcLogAppender (GrpcLogAppender.java:onNext(649)) - omNode-1@group-0AAC5367B30E->omNode-bootstrap-2-InstallSnapshotResponseHandler: received a reply omNode-1<-omNode-bootstrap-2#0:FAIL-t1,IN_PROGRESS,snapshotIndex=0
2024-09-18 12:54:54,106 [grpc-default-executor-4] INFO  server.GrpcLogAppender (GrpcLogAppender.java:onNext(665)) - omNode-1@group-0AAC5367B30E->omNode-bootstrap-2-InstallSnapshotResponseHandler: InstallSnapshot in progress.
2024-09-18 12:54:54,107 [omNode-bootstrap-2-server-thread1] INFO  server.RaftServer$Division (RaftServerImpl.java:checkInconsistentAppendEntries(1629)) - omNode-bootstrap-2@group-0AAC5367B30E: Failed appendEntries as snapshot (0) installation is in progress
2024-09-18 12:54:54,107 [omNode-bootstrap-2-server-thread1] INFO  server.RaftServer$Division (RaftServerImpl.java:appendEntriesAsync(1584)) - omNode-bootstrap-2@group-0AAC5367B30E: appendEntries* reply omNode-1<-omNode-bootstrap-2#185:FAIL-t1,INCONSISTENCY,nextIndex=0,followerCommit=-1,matchIndex=-1
2024-09-18 12:54:54,107 [grpc-default-executor-4] WARN  server.GrpcLogAppender (GrpcLogAppender.java:onNextImpl(519)) - omNode-1@group-0AAC5367B30E->omNode-bootstrap-2-AppendLogResponseHandler: received INCONSISTENCY reply with nextIndex 0, errorCount=1, request=AppendEntriesRequest:cid=185,entriesCount=0
2024-09-18 12:54:54,108 [omNode-1@group-0AAC5367B30E->omNode-bootstrap-2-GrpcLogAppender-LogAppenderDaemon] INFO  server.GrpcLogAppender (GrpcLogAppender.java:notifyInstallSnapshot(790)) - omNode-1@group-0AAC5367B30E->omNode-bootstrap-2-GrpcLogAppender: notifyInstallSnapshot with firstAvailable=(t:1, i:0), followerNextIndex=0
2024-09-18 12:54:54,108 [omNode-1@group-0AAC5367B30E->omNode-bootstrap-2-GrpcLogAppender-LogAppenderDaemon] INFO  server.GrpcLogAppender (GrpcLogAppender.java:notifyInstallSnapshot(798)) - omNode-1@group-0AAC5367B30E->omNode-bootstrap-2-GrpcLogAppender: send omNode-1->omNode-bootstrap-2#0-t1,notify:(t:1, i:0)
2024-09-18 12:54:54,109 [grpc-default-executor-1] INFO  impl.SnapshotInstallationHandler (SnapshotInstallationHandler.java:installSnapshot(92)) - omNode-bootstrap-2@group-0AAC5367B30E: receive installSnapshot: omNode-1->omNode-bootstrap-2#0-t1,notify:(t:1, i:0)
2024-09-18 12:54:54,109 [grpc-default-executor-1] INFO  impl.SnapshotInstallationHandler (SnapshotInstallationHandler.java:installSnapshotImpl(138)) - omNode-bootstrap-2@group-0AAC5367B30E: set new configuration configurationEntry {
  peers {
    id: "omNode-1"
    address: "localhost:15015"
    startupRole: FOLLOWER
  }
}
 from snapshot
2024-09-18 12:54:54,109 [grpc-default-executor-1] INFO  server.RaftServer$Division (ServerState.java:setRaftConf(386)) - omNode-bootstrap-2@group-0AAC5367B30E: set configuration conf: {index: 0, cur=peers:[omNode-1|localhost:15015]|listeners:[], old=null}
2024-09-18 12:54:54,110 [grpc-default-executor-1] INFO  ratis.OzoneManagerStateMachine (OzoneManagerStateMachine.java:notifyConfigurationChanged(216)) - Received Configuration change notification from Ratis. New Peer list:
[id: "omNode-1"
address: "localhost:15015"
startupRole: FOLLOWER
]
2024-09-18 12:54:54,110 [grpc-default-executor-1] INFO  impl.SnapshotInstallationHandler (SnapshotInstallationHandler.java:installSnapshot(103)) - omNode-bootstrap-2@group-0AAC5367B30E: reply installSnapshot: omNode-1<-omNode-bootstrap-2#0:FAIL-t1,IN_PROGRESS,snapshotIndex=0
2024-09-18 12:54:54,110 [grpc-default-executor-1] INFO  server.GrpcServerProtocolService (GrpcServerProtocolService.java:onCompleted(157)) - omNode-bootstrap-2: Completed INSTALL_SNAPSHOT, lastRequest: omNode-1->omNode-bootstrap-2#0-t1,notify:(t:1, i:0)
2024-09-18 12:54:54,111 [grpc-default-executor-1] INFO  server.GrpcServerProtocolService (GrpcServerProtocolService.java:lambda$onCompleted$5(159)) - omNode-bootstrap-2: Completed INSTALL_SNAPSHOT, lastReply: null
2024-09-18 12:54:54,111 [grpc-default-executor-1] INFO  server.GrpcLogAppender (GrpcLogAppender.java:onNext(649)) - omNode-1@group-0AAC5367B30E->omNode-bootstrap-2-InstallSnapshotResponseHandler: received a reply omNode-1<-omNode-bootstrap-2#0:FAIL-t1,IN_PROGRESS,snapshotIndex=0
2024-09-18 12:54:54,111 [grpc-default-executor-1] INFO  server.GrpcLogAppender (GrpcLogAppender.java:onNext(665)) - omNode-1@group-0AAC5367B30E->omNode-bootstrap-2-InstallSnapshotResponseHandler: InstallSnapshot in progress.
2024-09-18 12:54:54,112 [omNode-bootstrap-2-server-thread1] INFO  server.RaftServer$Division (RaftServerImpl.java:checkInconsistentAppendEntries(1629)) - omNode-bootstrap-2@group-0AAC5367B30E: Failed appendEntries as snapshot (0) installation is in progress
2024-09-18 12:54:54,112 [omNode-bootstrap-2-server-thread1] INFO  server.RaftServer$Division (RaftServerImpl.java:appendEntriesAsync(1584)) - omNode-bootstrap-2@group-0AAC5367B30E: appendEntries* reply omNode-1<-omNode-bootstrap-2#186:FAIL-t1,INCONSISTENCY,nextIndex=0,followerCommit=-1,matchIndex=-1
2024-09-18 12:54:54,112 [grpc-default-executor-1] WARN  server.GrpcLogAppender (GrpcLogAppender.java:onNextImpl(519)) - omNode-1@group-0AAC5367B30E->omNode-bootstrap-2-AppendLogResponseHandler: received INCONSISTENCY reply with nextIndex 0, errorCount=1, request=AppendEntriesRequest:cid=186,entriesCount=0
2024-09-18 12:54:54,113 [omNode-1@group-0AAC5367B30E->omNode-bootstrap-2-GrpcLogAppender-LogAppenderDaemon] INFO  server.GrpcLogAppender (GrpcLogAppender.java:notifyInstallSnapshot(790)) - omNode-1@group-0AAC5367B30E->omNode-bootstrap-2-GrpcLogAppender: notifyInstallSnapshot with firstAvailable=(t:1, i:0), followerNextIndex=0
2024-09-18 12:54:54,113 [omNode-1@group-0AAC5367B30E->omNode-bootstrap-2-GrpcLogAppender-LogAppenderDaemon] INFO  server.GrpcLogAppender (GrpcLogAppender.java:notifyInstallSnapshot(798)) - omNode-1@group-0AAC5367B30E->omNode-bootstrap-2-GrpcLogAppender: send omNode-1->omNode-bootstrap-2#0-t1,notify:(t:1, i:0)
2024-09-18 12:54:54,114 [grpc-default-executor-3] INFO  impl.SnapshotInstallationHandler (SnapshotInstallationHandler.java:installSnapshot(92)) - omNode-bootstrap-2@group-0AAC5367B30E: receive installSnapshot: omNode-1->omNode-bootstrap-2#0-t1,notify:(t:1, i:0)
2024-09-18 12:54:54,114 [grpc-default-executor-3] INFO  impl.SnapshotInstallationHandler (SnapshotInstallationHandler.java:installSnapshotImpl(138)) - omNode-bootstrap-2@group-0AAC5367B30E: set new configuration configurationEntry {
  peers {
    id: "omNode-1"
    address: "localhost:15015"
    startupRole: FOLLOWER
  }
}
 from snapshot
2024-09-18 12:54:54,114 [grpc-default-executor-3] INFO  server.RaftServer$Division (ServerState.java:setRaftConf(386)) - omNode-bootstrap-2@group-0AAC5367B30E: set configuration conf: {index: 0, cur=peers:[omNode-1|localhost:15015]|listeners:[], old=null}
2024-09-18 12:54:54,115 [grpc-default-executor-3] INFO  ratis.OzoneManagerStateMachine (OzoneManagerStateMachine.java:notifyConfigurationChanged(216)) - Received Configuration change notification from Ratis. New Peer list:
[id: "omNode-1"
address: "localhost:15015"
startupRole: FOLLOWER
]
2024-09-18 12:54:54,115 [grpc-default-executor-3] INFO  impl.SnapshotInstallationHandler (SnapshotInstallationHandler.java:installSnapshot(103)) - omNode-bootstrap-2@group-0AAC5367B30E: reply installSnapshot: omNode-1<-omNode-bootstrap-2#0:FAIL-t1,IN_PROGRESS,snapshotIndex=0
2024-09-18 12:54:54,116 [grpc-default-executor-3] INFO  server.GrpcServerProtocolService (GrpcServerProtocolService.java:onCompleted(157)) - omNode-bootstrap-2: Completed INSTALL_SNAPSHOT, lastRequest: omNode-1->omNode-bootstrap-2#0-t1,notify:(t:1, i:0)
2024-09-18 12:54:54,116 [grpc-default-executor-3] INFO  server.GrpcServerProtocolService (GrpcServerProtocolService.java:lambda$onCompleted$5(159)) - omNode-bootstrap-2: Completed INSTALL_SNAPSHOT, lastReply: null
2024-09-18 12:54:54,116 [grpc-default-executor-1] INFO  server.GrpcLogAppender (GrpcLogAppender.java:onNext(649)) - omNode-1@group-0AAC5367B30E->omNode-bootstrap-2-InstallSnapshotResponseHandler: received a reply omNode-1<-omNode-bootstrap-2#0:FAIL-t1,IN_PROGRESS,snapshotIndex=0
2024-09-18 12:54:54,116 [grpc-default-executor-1] INFO  server.GrpcLogAppender (GrpcLogAppender.java:onNext(665)) - omNode-1@group-0AAC5367B30E->omNode-bootstrap-2-InstallSnapshotResponseHandler: InstallSnapshot in progress.
2024-09-18 12:54:54,117 [omNode-1@group-0AAC5367B30E->omNode-bootstrap-2-GrpcLogAppender-LogAppenderDaemon] INFO  server.GrpcLogAppender (GrpcLogAppender.java:notifyInstallSnapshot(790)) - omNode-1@group-0AAC5367B30E->omNode-bootstrap-2-GrpcLogAppender: notifyInstallSnapshot with firstAvailable=(t:1, i:0), followerNextIndex=0
2024-09-18 12:54:54,117 [omNode-1@group-0AAC5367B30E->omNode-bootstrap-2-GrpcLogAppender-LogAppenderDaemon] INFO  server.GrpcLogAppender (GrpcLogAppender.java:notifyInstallSnapshot(798)) - omNode-1@group-0AAC5367B30E->omNode-bootstrap-2-GrpcLogAppender: send omNode-1->omNode-bootstrap-2#0-t1,notify:(t:1, i:0)
2024-09-18 12:54:54,118 [grpc-default-executor-4] INFO  impl.SnapshotInstallationHandler (SnapshotInstallationHandler.java:installSnapshot(92)) - omNode-bootstrap-2@group-0AAC5367B30E: receive installSnapshot: omNode-1->omNode-bootstrap-2#0-t1,notify:(t:1, i:0)
2024-09-18 12:54:54,118 [grpc-default-executor-4] INFO  impl.SnapshotInstallationHandler (SnapshotInstallationHandler.java:installSnapshotImpl(138)) - omNode-bootstrap-2@group-0AAC5367B30E: set new configuration configurationEntry {
  peers {
    id: "omNode-1"
    address: "localhost:15015"
    startupRole: FOLLOWER
  }
}
 from snapshot
2024-09-18 12:54:54,118 [grpc-default-executor-4] INFO  server.RaftServer$Division (ServerState.java:setRaftConf(386)) - omNode-bootstrap-2@group-0AAC5367B30E: set configuration conf: {index: 0, cur=peers:[omNode-1|localhost:15015]|listeners:[], old=null}
2024-09-18 12:54:54,119 [omNode-bootstrap-2-server-thread1] INFO  server.RaftServer$Division (RaftServerImpl.java:checkInconsistentAppendEntries(1629)) - omNode-bootstrap-2@group-0AAC5367B30E: Failed appendEntries as snapshot (0) installation is in progress
2024-09-18 12:54:54,119 [omNode-bootstrap-2-server-thread1] INFO  server.RaftServer$Division (RaftServerImpl.java:appendEntriesAsync(1584)) - omNode-bootstrap-2@group-0AAC5367B30E: appendEntries* reply omNode-1<-omNode-bootstrap-2#187:FAIL-t1,INCONSISTENCY,nextIndex=0,followerCommit=-1,matchIndex=-1
2024-09-18 12:54:54,119 [grpc-default-executor-1] WARN  server.GrpcLogAppender (GrpcLogAppender.java:onNextImpl(519)) - omNode-1@group-0AAC5367B30E->omNode-bootstrap-2-AppendLogResponseHandler: received INCONSISTENCY reply with nextIndex 0, errorCount=1, request=AppendEntriesRequest:cid=187,entriesCount=0
2024-09-18 12:54:54,120 [grpc-default-executor-4] INFO  ratis.OzoneManagerStateMachine (OzoneManagerStateMachine.java:notifyConfigurationChanged(216)) - Received Configuration change notification from Ratis. New Peer list:
[id: "omNode-1"
address: "localhost:15015"
startupRole: FOLLOWER
]
2024-09-18 12:54:54,120 [grpc-default-executor-4] INFO  impl.SnapshotInstallationHandler (SnapshotInstallationHandler.java:installSnapshot(103)) - omNode-bootstrap-2@group-0AAC5367B30E: reply installSnapshot: omNode-1<-omNode-bootstrap-2#0:FAIL-t1,IN_PROGRESS,snapshotIndex=0
2024-09-18 12:54:54,120 [grpc-default-executor-4] INFO  server.GrpcServerProtocolService (GrpcServerProtocolService.java:onCompleted(157)) - omNode-bootstrap-2: Completed INSTALL_SNAPSHOT, lastRequest: omNode-1->omNode-bootstrap-2#0-t1,notify:(t:1, i:0)
2024-09-18 12:54:54,120 [grpc-default-executor-4] INFO  server.GrpcServerProtocolService (GrpcServerProtocolService.java:lambda$onCompleted$5(159)) - omNode-bootstrap-2: Completed INSTALL_SNAPSHOT, lastReply: null
2024-09-18 12:54:54,121 [grpc-default-executor-3] INFO  server.GrpcLogAppender (GrpcLogAppender.java:onNext(649)) - omNode-1@group-0AAC5367B30E->omNode-bootstrap-2-InstallSnapshotResponseHandler: received a reply omNode-1<-omNode-bootstrap-2#0:FAIL-t1,IN_PROGRESS,snapshotIndex=0
2024-09-18 12:54:54,121 [grpc-default-executor-3] INFO  server.GrpcLogAppender (GrpcLogAppender.java:onNext(665)) - omNode-1@group-0AAC5367B30E->omNode-bootstrap-2-InstallSnapshotResponseHandler: InstallSnapshot in progress.
2024-09-18 12:54:54,121 [omNode-1@group-0AAC5367B30E->omNode-bootstrap-2-GrpcLogAppender-LogAppenderDaemon] INFO  server.GrpcLogAppender (GrpcLogAppender.java:notifyInstallSnapshot(790)) - omNode-1@group-0AAC5367B30E->omNode-bootstrap-2-GrpcLogAppender: notifyInstallSnapshot with firstAvailable=(t:1, i:0), followerNextIndex=0
2024-09-18 12:54:54,121 [omNode-1@group-0AAC5367B30E->omNode-bootstrap-2-GrpcLogAppender-LogAppenderDaemon] INFO  server.GrpcLogAppender (GrpcLogAppender.java:notifyInstallSnapshot(798)) - omNode-1@group-0AAC5367B30E->omNode-bootstrap-2-GrpcLogAppender: send omNode-1->omNode-bootstrap-2#0-t1,notify:(t:1, i:0)
2024-09-18 12:54:54,123 [grpc-default-executor-1] INFO  impl.SnapshotInstallationHandler (SnapshotInstallationHandler.java:installSnapshot(92)) - omNode-bootstrap-2@group-0AAC5367B30E: receive installSnapshot: omNode-1->omNode-bootstrap-2#0-t1,notify:(t:1, i:0)
2024-09-18 12:54:54,123 [grpc-default-executor-1] INFO  impl.SnapshotInstallationHandler (SnapshotInstallationHandler.java:installSnapshotImpl(138)) - omNode-bootstrap-2@group-0AAC5367B30E: set new configuration configurationEntry {
  peers {
    id: "omNode-1"
    address: "localhost:15015"
    startupRole: FOLLOWER
  }
}
 from snapshot
2024-09-18 12:54:54,123 [grpc-default-executor-1] INFO  server.RaftServer$Division (ServerState.java:setRaftConf(386)) - omNode-bootstrap-2@group-0AAC5367B30E: set configuration conf: {index: 0, cur=peers:[omNode-1|localhost:15015]|listeners:[], old=null}
2024-09-18 12:54:54,123 [omNode-bootstrap-2-server-thread1] INFO  server.RaftServer$Division (RaftServerImpl.java:checkInconsistentAppendEntries(1629)) - omNode-bootstrap-2@group-0AAC5367B30E: Failed appendEntries as snapshot (0) installation is in progress
2024-09-18 12:54:54,123 [omNode-bootstrap-2-server-thread1] INFO  server.RaftServer$Division (RaftServerImpl.java:appendEntriesAsync(1584)) - omNode-bootstrap-2@group-0AAC5367B30E: appendEntries* reply omNode-1<-omNode-bootstrap-2#188:FAIL-t1,INCONSISTENCY,nextIndex=0,followerCommit=-1,matchIndex=-1
2024-09-18 12:54:54,124 [grpc-default-executor-3] WARN  server.GrpcLogAppender (GrpcLogAppender.java:onNextImpl(519)) - omNode-1@group-0AAC5367B30E->omNode-bootstrap-2-AppendLogResponseHandler: received INCONSISTENCY reply with nextIndex 0, errorCount=1, request=AppendEntriesRequest:cid=188,entriesCount=0
2024-09-18 12:54:54,124 [grpc-default-executor-1] INFO  ratis.OzoneManagerStateMachine (OzoneManagerStateMachine.java:notifyConfigurationChanged(216)) - Received Configuration change notification from Ratis. New Peer list:
[id: "omNode-1"
address: "localhost:15015"
startupRole: FOLLOWER
]
2024-09-18 12:54:54,124 [grpc-default-executor-1] INFO  impl.SnapshotInstallationHandler (SnapshotInstallationHandler.java:installSnapshot(103)) - omNode-bootstrap-2@group-0AAC5367B30E: reply installSnapshot: omNode-1<-omNode-bootstrap-2#0:FAIL-t1,IN_PROGRESS,snapshotIndex=0
2024-09-18 12:54:54,125 [grpc-default-executor-1] INFO  server.GrpcServerProtocolService (GrpcServerProtocolService.java:onCompleted(157)) - omNode-bootstrap-2: Completed INSTALL_SNAPSHOT, lastRequest: omNode-1->omNode-bootstrap-2#0-t1,notify:(t:1, i:0)
2024-09-18 12:54:54,125 [grpc-default-executor-1] INFO  server.GrpcServerProtocolService (GrpcServerProtocolService.java:lambda$onCompleted$5(159)) - omNode-bootstrap-2: Completed INSTALL_SNAPSHOT, lastReply: null
2024-09-18 12:54:54,125 [grpc-default-executor-4] INFO  server.GrpcLogAppender (GrpcLogAppender.java:onNext(649)) - omNode-1@group-0AAC5367B30E->omNode-bootstrap-2-InstallSnapshotResponseHandler: received a reply omNode-1<-omNode-bootstrap-2#0:FAIL-t1,IN_PROGRESS,snapshotIndex=0
2024-09-18 12:54:54,125 [grpc-default-executor-4] INFO  server.GrpcLogAppender (GrpcLogAppender.java:onNext(665)) - omNode-1@group-0AAC5367B30E->omNode-bootstrap-2-InstallSnapshotResponseHandler: InstallSnapshot in progress.
2024-09-18 12:54:54,126 [omNode-bootstrap-2-server-thread1] INFO  server.RaftServer$Division (RaftServerImpl.java:checkInconsistentAppendEntries(1629)) - omNode-bootstrap-2@group-0AAC5367B30E: Failed appendEntries as snapshot (0) installation is in progress
2024-09-18 12:54:54,126 [omNode-bootstrap-2-server-thread1] INFO  server.RaftServer$Division (RaftServerImpl.java:appendEntriesAsync(1584)) - omNode-bootstrap-2@group-0AAC5367B30E: appendEntries* reply omNode-1<-omNode-bootstrap-2#189:FAIL-t1,INCONSISTENCY,nextIndex=0,followerCommit=-1,matchIndex=-1
2024-09-18 12:54:54,127 [grpc-default-executor-3] WARN  server.GrpcLogAppender (GrpcLogAppender.java:onNextImpl(519)) - omNode-1@group-0AAC5367B30E->omNode-bootstrap-2-AppendLogResponseHandler: received INCONSISTENCY reply with nextIndex 0, errorCount=1, request=AppendEntriesRequest:cid=189,entriesCount=0
2024-09-18 12:54:54,127 [omNode-1@group-0AAC5367B30E->omNode-bootstrap-2-GrpcLogAppender-LogAppenderDaemon] INFO  server.GrpcLogAppender (GrpcLogAppender.java:notifyInstallSnapshot(790)) - omNode-1@group-0AAC5367B30E->omNode-bootstrap-2-GrpcLogAppender: notifyInstallSnapshot with firstAvailable=(t:1, i:0), followerNextIndex=0
2024-09-18 12:54:54,127 [omNode-1@group-0AAC5367B30E->omNode-bootstrap-2-GrpcLogAppender-LogAppenderDaemon] INFO  server.GrpcLogAppender (GrpcLogAppender.java:notifyInstallSnapshot(798)) - omNode-1@group-0AAC5367B30E->omNode-bootstrap-2-GrpcLogAppender: send omNode-1->omNode-bootstrap-2#0-t1,notify:(t:1, i:0)
2024-09-18 12:54:54,128 [grpc-default-executor-4] INFO  impl.SnapshotInstallationHandler (SnapshotInstallationHandler.java:installSnapshot(92)) - omNode-bootstrap-2@group-0AAC5367B30E: receive installSnapshot: omNode-1->omNode-bootstrap-2#0-t1,notify:(t:1, i:0)
2024-09-18 12:54:54,128 [grpc-default-executor-4] INFO  impl.SnapshotInstallationHandler (SnapshotInstallationHandler.java:installSnapshotImpl(138)) - omNode-bootstrap-2@group-0AAC5367B30E: set new configuration configurationEntry {
  peers {
    id: "omNode-1"
    address: "localhost:15015"
    startupRole: FOLLOWER
  }
}
 from snapshot
2024-09-18 12:54:54,128 [grpc-default-executor-4] INFO  server.RaftServer$Division (ServerState.java:setRaftConf(386)) - omNode-bootstrap-2@group-0AAC5367B30E: set configuration conf: {index: 0, cur=peers:[omNode-1|localhost:15015]|listeners:[], old=null}
2024-09-18 12:54:54,130 [grpc-default-executor-4] INFO  ratis.OzoneManagerStateMachine (OzoneManagerStateMachine.java:notifyConfigurationChanged(216)) - Received Configuration change notification from Ratis. New Peer list:
[id: "omNode-1"
address: "localhost:15015"
startupRole: FOLLOWER
]
2024-09-18 12:54:54,130 [grpc-default-executor-4] INFO  impl.SnapshotInstallationHandler (SnapshotInstallationHandler.java:installSnapshot(103)) - omNode-bootstrap-2@group-0AAC5367B30E: reply installSnapshot: omNode-1<-omNode-bootstrap-2#0:FAIL-t1,IN_PROGRESS,snapshotIndex=0
2024-09-18 12:54:54,130 [grpc-default-executor-4] INFO  server.GrpcServerProtocolService (GrpcServerProtocolService.java:onCompleted(157)) - omNode-bootstrap-2: Completed INSTALL_SNAPSHOT, lastRequest: omNode-1->omNode-bootstrap-2#0-t1,notify:(t:1, i:0)
2024-09-18 12:54:54,130 [grpc-default-executor-4] INFO  server.GrpcServerProtocolService (GrpcServerProtocolService.java:lambda$onCompleted$5(159)) - omNode-bootstrap-2: Completed INSTALL_SNAPSHOT, lastReply: null
2024-09-18 12:54:54,130 [grpc-default-executor-3] INFO  server.GrpcLogAppender (GrpcLogAppender.java:onNext(649)) - omNode-1@group-0AAC5367B30E->omNode-bootstrap-2-InstallSnapshotResponseHandler: received a reply omNode-1<-omNode-bootstrap-2#0:FAIL-t1,IN_PROGRESS,snapshotIndex=0
2024-09-18 12:54:54,131 [grpc-default-executor-3] INFO  server.GrpcLogAppender (GrpcLogAppender.java:onNext(665)) - omNode-1@group-0AAC5367B30E->omNode-bootstrap-2-InstallSnapshotResponseHandler: InstallSnapshot in progress.
2024-09-18 12:54:54,131 [omNode-1@group-0AAC5367B30E->omNode-bootstrap-2-GrpcLogAppender-LogAppenderDaemon] INFO  server.GrpcLogAppender (GrpcLogAppender.java:notifyInstallSnapshot(790)) - omNode-1@group-0AAC5367B30E->omNode-bootstrap-2-GrpcLogAppender: notifyInstallSnapshot with firstAvailable=(t:1, i:0), followerNextIndex=0
2024-09-18 12:54:54,131 [omNode-1@group-0AAC5367B30E->omNode-bootstrap-2-GrpcLogAppender-LogAppenderDaemon] INFO  server.GrpcLogAppender (GrpcLogAppender.java:notifyInstallSnapshot(798)) - omNode-1@group-0AAC5367B30E->omNode-bootstrap-2-GrpcLogAppender: send omNode-1->omNode-bootstrap-2#0-t1,notify:(t:1, i:0)
2024-09-18 12:54:54,132 [omNode-bootstrap-2-server-thread1] INFO  server.RaftServer$Division (RaftServerImpl.java:checkInconsistentAppendEntries(1629)) - omNode-bootstrap-2@group-0AAC5367B30E: Failed appendEntries as snapshot (0) installation is in progress
2024-09-18 12:54:54,132 [omNode-bootstrap-2-server-thread1] INFO  server.RaftServer$Division (RaftServerImpl.java:appendEntriesAsync(1584)) - omNode-bootstrap-2@group-0AAC5367B30E: appendEntries* reply omNode-1<-omNode-bootstrap-2#190:FAIL-t1,INCONSISTENCY,nextIndex=0,followerCommit=-1,matchIndex=-1
2024-09-18 12:54:54,132 [grpc-default-executor-4] WARN  server.GrpcLogAppender (GrpcLogAppender.java:onNextImpl(519)) - omNode-1@group-0AAC5367B30E->omNode-bootstrap-2-AppendLogResponseHandler: received INCONSISTENCY reply with nextIndex 0, errorCount=1, request=AppendEntriesRequest:cid=190,entriesCount=0
2024-09-18 12:54:54,133 [grpc-default-executor-4] INFO  impl.SnapshotInstallationHandler (SnapshotInstallationHandler.java:installSnapshot(92)) - omNode-bootstrap-2@group-0AAC5367B30E: receive installSnapshot: omNode-1->omNode-bootstrap-2#0-t1,notify:(t:1, i:0)
2024-09-18 12:54:54,133 [grpc-default-executor-4] INFO  impl.SnapshotInstallationHandler (SnapshotInstallationHandler.java:installSnapshotImpl(138)) - omNode-bootstrap-2@group-0AAC5367B30E: set new configuration configurationEntry {
  peers {
    id: "omNode-1"
    address: "localhost:15015"
    startupRole: FOLLOWER
  }
}
 from snapshot
2024-09-18 12:54:54,133 [grpc-default-executor-4] INFO  server.RaftServer$Division (ServerState.java:setRaftConf(386)) - omNode-bootstrap-2@group-0AAC5367B30E: set configuration conf: {index: 0, cur=peers:[omNode-1|localhost:15015]|listeners:[], old=null}
2024-09-18 12:54:54,134 [grpc-default-executor-4] INFO  ratis.OzoneManagerStateMachine (OzoneManagerStateMachine.java:notifyConfigurationChanged(216)) - Received Configuration change notification from Ratis. New Peer list:
[id: "omNode-1"
address: "localhost:15015"
startupRole: FOLLOWER
]
2024-09-18 12:54:54,135 [grpc-default-executor-4] INFO  impl.SnapshotInstallationHandler (SnapshotInstallationHandler.java:installSnapshot(103)) - omNode-bootstrap-2@group-0AAC5367B30E: reply installSnapshot: omNode-1<-omNode-bootstrap-2#0:FAIL-t1,IN_PROGRESS,snapshotIndex=0
2024-09-18 12:54:54,135 [grpc-default-executor-3] INFO  server.GrpcLogAppender (GrpcLogAppender.java:onNext(649)) - omNode-1@group-0AAC5367B30E->omNode-bootstrap-2-InstallSnapshotResponseHandler: received a reply omNode-1<-omNode-bootstrap-2#0:FAIL-t1,IN_PROGRESS,snapshotIndex=0
2024-09-18 12:54:54,135 [grpc-default-executor-3] INFO  server.GrpcLogAppender (GrpcLogAppender.java:onNext(665)) - omNode-1@group-0AAC5367B30E->omNode-bootstrap-2-InstallSnapshotResponseHandler: InstallSnapshot in progress.
2024-09-18 12:54:54,135 [grpc-default-executor-4] INFO  server.GrpcServerProtocolService (GrpcServerProtocolService.java:onCompleted(157)) - omNode-bootstrap-2: Completed INSTALL_SNAPSHOT, lastRequest: omNode-1->omNode-bootstrap-2#0-t1,notify:(t:1, i:0)
2024-09-18 12:54:54,135 [grpc-default-executor-4] INFO  server.GrpcServerProtocolService (GrpcServerProtocolService.java:lambda$onCompleted$5(159)) - omNode-bootstrap-2: Completed INSTALL_SNAPSHOT, lastReply: null
2024-09-18 12:54:54,136 [omNode-bootstrap-2-server-thread1] INFO  server.RaftServer$Division (RaftServerImpl.java:checkInconsistentAppendEntries(1629)) - omNode-bootstrap-2@group-0AAC5367B30E: Failed appendEntries as snapshot (0) installation is in progress
2024-09-18 12:54:54,136 [omNode-bootstrap-2-server-thread1] INFO  server.RaftServer$Division (RaftServerImpl.java:appendEntriesAsync(1584)) - omNode-bootstrap-2@group-0AAC5367B30E: appendEntries* reply omNode-1<-omNode-bootstrap-2#191:FAIL-t1,INCONSISTENCY,nextIndex=0,followerCommit=-1,matchIndex=-1
2024-09-18 12:54:54,137 [grpc-default-executor-4] WARN  server.GrpcLogAppender (GrpcLogAppender.java:onNextImpl(519)) - omNode-1@group-0AAC5367B30E->omNode-bootstrap-2-AppendLogResponseHandler: received INCONSISTENCY reply with nextIndex 0, errorCount=1, request=AppendEntriesRequest:cid=191,entriesCount=0
2024-09-18 12:54:54,137 [omNode-1@group-0AAC5367B30E->omNode-bootstrap-2-GrpcLogAppender-LogAppenderDaemon] INFO  server.GrpcLogAppender (GrpcLogAppender.java:notifyInstallSnapshot(790)) - omNode-1@group-0AAC5367B30E->omNode-bootstrap-2-GrpcLogAppender: notifyInstallSnapshot with firstAvailable=(t:1, i:0), followerNextIndex=0
2024-09-18 12:54:54,137 [omNode-1@group-0AAC5367B30E->omNode-bootstrap-2-GrpcLogAppender-LogAppenderDaemon] INFO  server.GrpcLogAppender (GrpcLogAppender.java:notifyInstallSnapshot(798)) - omNode-1@group-0AAC5367B30E->omNode-bootstrap-2-GrpcLogAppender: send omNode-1->omNode-bootstrap-2#0-t1,notify:(t:1, i:0)
2024-09-18 12:54:54,138 [grpc-default-executor-3] INFO  impl.SnapshotInstallationHandler (SnapshotInstallationHandler.java:installSnapshot(92)) - omNode-bootstrap-2@group-0AAC5367B30E: receive installSnapshot: omNode-1->omNode-bootstrap-2#0-t1,notify:(t:1, i:0)
2024-09-18 12:54:54,138 [grpc-default-executor-3] INFO  impl.SnapshotInstallationHandler (SnapshotInstallationHandler.java:installSnapshotImpl(138)) - omNode-bootstrap-2@group-0AAC5367B30E: set new configuration configurationEntry {
  peers {
    id: "omNode-1"
    address: "localhost:15015"
    startupRole: FOLLOWER
  }
}
 from snapshot
2024-09-18 12:54:54,138 [grpc-default-executor-3] INFO  server.RaftServer$Division (ServerState.java:setRaftConf(386)) - omNode-bootstrap-2@group-0AAC5367B30E: set configuration conf: {index: 0, cur=peers:[omNode-1|localhost:15015]|listeners:[], old=null}
2024-09-18 12:54:54,139 [grpc-default-executor-3] INFO  ratis.OzoneManagerStateMachine (OzoneManagerStateMachine.java:notifyConfigurationChanged(216)) - Received Configuration change notification from Ratis. New Peer list:
[id: "omNode-1"
address: "localhost:15015"
startupRole: FOLLOWER
]
2024-09-18 12:54:54,139 [grpc-default-executor-3] INFO  impl.SnapshotInstallationHandler (SnapshotInstallationHandler.java:installSnapshot(103)) - omNode-bootstrap-2@group-0AAC5367B30E: reply installSnapshot: omNode-1<-omNode-bootstrap-2#0:FAIL-t1,IN_PROGRESS,snapshotIndex=0
2024-09-18 12:54:54,139 [grpc-default-executor-3] INFO  server.GrpcServerProtocolService (GrpcServerProtocolService.java:onCompleted(157)) - omNode-bootstrap-2: Completed INSTALL_SNAPSHOT, lastRequest: omNode-1->omNode-bootstrap-2#0-t1,notify:(t:1, i:0)
2024-09-18 12:54:54,139 [grpc-default-executor-3] INFO  server.GrpcServerProtocolService (GrpcServerProtocolService.java:lambda$onCompleted$5(159)) - omNode-bootstrap-2: Completed INSTALL_SNAPSHOT, lastReply: null
2024-09-18 12:54:54,140 [grpc-default-executor-4] INFO  server.GrpcLogAppender (GrpcLogAppender.java:onNext(649)) - omNode-1@group-0AAC5367B30E->omNode-bootstrap-2-InstallSnapshotResponseHandler: received a reply omNode-1<-omNode-bootstrap-2#0:FAIL-t1,IN_PROGRESS,snapshotIndex=0
2024-09-18 12:54:54,140 [grpc-default-executor-4] INFO  server.GrpcLogAppender (GrpcLogAppender.java:onNext(665)) - omNode-1@group-0AAC5367B30E->omNode-bootstrap-2-InstallSnapshotResponseHandler: InstallSnapshot in progress.
2024-09-18 12:54:54,141 [omNode-1@group-0AAC5367B30E->omNode-bootstrap-2-GrpcLogAppender-LogAppenderDaemon] INFO  server.GrpcLogAppender (GrpcLogAppender.java:notifyInstallSnapshot(790)) - omNode-1@group-0AAC5367B30E->omNode-bootstrap-2-GrpcLogAppender: notifyInstallSnapshot with firstAvailable=(t:1, i:0), followerNextIndex=0
2024-09-18 12:54:54,141 [omNode-1@group-0AAC5367B30E->omNode-bootstrap-2-GrpcLogAppender-LogAppenderDaemon] INFO  server.GrpcLogAppender (GrpcLogAppender.java:notifyInstallSnapshot(798)) - omNode-1@group-0AAC5367B30E->omNode-bootstrap-2-GrpcLogAppender: send omNode-1->omNode-bootstrap-2#0-t1,notify:(t:1, i:0)
2024-09-18 12:54:54,141 [omNode-bootstrap-2-server-thread1] INFO  server.RaftServer$Division (RaftServerImpl.java:checkInconsistentAppendEntries(1629)) - omNode-bootstrap-2@group-0AAC5367B30E: Failed appendEntries as snapshot (0) installation is in progress
2024-09-18 12:54:54,141 [omNode-bootstrap-2-server-thread1] INFO  server.RaftServer$Division (RaftServerImpl.java:appendEntriesAsync(1584)) - omNode-bootstrap-2@group-0AAC5367B30E: appendEntries* reply omNode-1<-omNode-bootstrap-2#192:FAIL-t1,INCONSISTENCY,nextIndex=0,followerCommit=-1,matchIndex=-1
2024-09-18 12:54:54,141 [grpc-default-executor-4] INFO  impl.SnapshotInstallationHandler (SnapshotInstallationHandler.java:installSnapshot(92)) - omNode-bootstrap-2@group-0AAC5367B30E: receive installSnapshot: omNode-1->omNode-bootstrap-2#0-t1,notify:(t:1, i:0)
2024-09-18 12:54:54,142 [grpc-default-executor-4] INFO  impl.SnapshotInstallationHandler (SnapshotInstallationHandler.java:installSnapshotImpl(138)) - omNode-bootstrap-2@group-0AAC5367B30E: set new configuration configurationEntry {
  peers {
    id: "omNode-1"
    address: "localhost:15015"
    startupRole: FOLLOWER
  }
}
 from snapshot
2024-09-18 12:54:54,142 [grpc-default-executor-3] WARN  server.GrpcLogAppender (GrpcLogAppender.java:onNextImpl(519)) - omNode-1@group-0AAC5367B30E->omNode-bootstrap-2-AppendLogResponseHandler: received INCONSISTENCY reply with nextIndex 0, errorCount=1, request=AppendEntriesRequest:cid=192,entriesCount=0
2024-09-18 12:54:54,142 [grpc-default-executor-4] INFO  server.RaftServer$Division (ServerState.java:setRaftConf(386)) - omNode-bootstrap-2@group-0AAC5367B30E: set configuration conf: {index: 0, cur=peers:[omNode-1|localhost:15015]|listeners:[], old=null}
2024-09-18 12:54:54,143 [grpc-default-executor-4] INFO  ratis.OzoneManagerStateMachine (OzoneManagerStateMachine.java:notifyConfigurationChanged(216)) - Received Configuration change notification from Ratis. New Peer list:
[id: "omNode-1"
address: "localhost:15015"
startupRole: FOLLOWER
]
2024-09-18 12:54:54,143 [grpc-default-executor-4] INFO  impl.SnapshotInstallationHandler (SnapshotInstallationHandler.java:installSnapshot(103)) - omNode-bootstrap-2@group-0AAC5367B30E: reply installSnapshot: omNode-1<-omNode-bootstrap-2#0:FAIL-t1,IN_PROGRESS,snapshotIndex=0
2024-09-18 12:54:54,144 [grpc-default-executor-4] INFO  server.GrpcServerProtocolService (GrpcServerProtocolService.java:onCompleted(157)) - omNode-bootstrap-2: Completed INSTALL_SNAPSHOT, lastRequest: omNode-1->omNode-bootstrap-2#0-t1,notify:(t:1, i:0)
2024-09-18 12:54:54,144 [grpc-default-executor-4] INFO  server.GrpcServerProtocolService (GrpcServerProtocolService.java:lambda$onCompleted$5(159)) - omNode-bootstrap-2: Completed INSTALL_SNAPSHOT, lastReply: null
2024-09-18 12:54:54,144 [grpc-default-executor-3] INFO  server.GrpcLogAppender (GrpcLogAppender.java:onNext(649)) - omNode-1@group-0AAC5367B30E->omNode-bootstrap-2-InstallSnapshotResponseHandler: received a reply omNode-1<-omNode-bootstrap-2#0:FAIL-t1,IN_PROGRESS,snapshotIndex=0
2024-09-18 12:54:54,144 [grpc-default-executor-3] INFO  server.GrpcLogAppender (GrpcLogAppender.java:onNext(665)) - omNode-1@group-0AAC5367B30E->omNode-bootstrap-2-InstallSnapshotResponseHandler: InstallSnapshot in progress.
2024-09-18 12:54:54,145 [omNode-bootstrap-2-server-thread1] INFO  server.RaftServer$Division (RaftServerImpl.java:checkInconsistentAppendEntries(1629)) - omNode-bootstrap-2@group-0AAC5367B30E: Failed appendEntries as snapshot (0) installation is in progress
2024-09-18 12:54:54,145 [omNode-bootstrap-2-server-thread1] INFO  server.RaftServer$Division (RaftServerImpl.java:appendEntriesAsync(1584)) - omNode-bootstrap-2@group-0AAC5367B30E: appendEntries* reply omNode-1<-omNode-bootstrap-2#193:FAIL-t1,INCONSISTENCY,nextIndex=0,followerCommit=-1,matchIndex=-1
2024-09-18 12:54:54,145 [grpc-default-executor-3] WARN  server.GrpcLogAppender (GrpcLogAppender.java:onNextImpl(519)) - omNode-1@group-0AAC5367B30E->omNode-bootstrap-2-AppendLogResponseHandler: received INCONSISTENCY reply with nextIndex 0, errorCount=1, request=AppendEntriesRequest:cid=193,entriesCount=0
2024-09-18 12:54:54,146 [omNode-1@group-0AAC5367B30E->omNode-bootstrap-2-GrpcLogAppender-LogAppenderDaemon] INFO  server.GrpcLogAppender (GrpcLogAppender.java:notifyInstallSnapshot(790)) - omNode-1@group-0AAC5367B30E->omNode-bootstrap-2-GrpcLogAppender: notifyInstallSnapshot with firstAvailable=(t:1, i:0), followerNextIndex=0
2024-09-18 12:54:54,146 [omNode-1@group-0AAC5367B30E->omNode-bootstrap-2-GrpcLogAppender-LogAppenderDaemon] INFO  server.GrpcLogAppender (GrpcLogAppender.java:notifyInstallSnapshot(798)) - omNode-1@group-0AAC5367B30E->omNode-bootstrap-2-GrpcLogAppender: send omNode-1->omNode-bootstrap-2#0-t1,notify:(t:1, i:0)
2024-09-18 12:54:54,146 [grpc-default-executor-4] INFO  impl.SnapshotInstallationHandler (SnapshotInstallationHandler.java:installSnapshot(92)) - omNode-bootstrap-2@group-0AAC5367B30E: receive installSnapshot: omNode-1->omNode-bootstrap-2#0-t1,notify:(t:1, i:0)
2024-09-18 12:54:54,147 [grpc-default-executor-4] INFO  impl.SnapshotInstallationHandler (SnapshotInstallationHandler.java:installSnapshotImpl(138)) - omNode-bootstrap-2@group-0AAC5367B30E: set new configuration configurationEntry {
  peers {
    id: "omNode-1"
    address: "localhost:15015"
    startupRole: FOLLOWER
  }
}
 from snapshot
2024-09-18 12:54:54,147 [grpc-default-executor-4] INFO  server.RaftServer$Division (ServerState.java:setRaftConf(386)) - omNode-bootstrap-2@group-0AAC5367B30E: set configuration conf: {index: 0, cur=peers:[omNode-1|localhost:15015]|listeners:[], old=null}
2024-09-18 12:54:54,148 [grpc-default-executor-4] INFO  ratis.OzoneManagerStateMachine (OzoneManagerStateMachine.java:notifyConfigurationChanged(216)) - Received Configuration change notification from Ratis. New Peer list:
[id: "omNode-1"
address: "localhost:15015"
startupRole: FOLLOWER
]
2024-09-18 12:54:54,148 [grpc-default-executor-4] INFO  impl.SnapshotInstallationHandler (SnapshotInstallationHandler.java:installSnapshot(103)) - omNode-bootstrap-2@group-0AAC5367B30E: reply installSnapshot: omNode-1<-omNode-bootstrap-2#0:FAIL-t1,IN_PROGRESS,snapshotIndex=0
2024-09-18 12:54:54,148 [grpc-default-executor-4] INFO  server.GrpcServerProtocolService (GrpcServerProtocolService.java:onCompleted(157)) - omNode-bootstrap-2: Completed INSTALL_SNAPSHOT, lastRequest: omNode-1->omNode-bootstrap-2#0-t1,notify:(t:1, i:0)
2024-09-18 12:54:54,148 [grpc-default-executor-4] INFO  server.GrpcServerProtocolService (GrpcServerProtocolService.java:lambda$onCompleted$5(159)) - omNode-bootstrap-2: Completed INSTALL_SNAPSHOT, lastReply: null
2024-09-18 12:54:54,149 [grpc-default-executor-3] INFO  server.GrpcLogAppender (GrpcLogAppender.java:onNext(649)) - omNode-1@group-0AAC5367B30E->omNode-bootstrap-2-InstallSnapshotResponseHandler: received a reply omNode-1<-omNode-bootstrap-2#0:FAIL-t1,IN_PROGRESS,snapshotIndex=0
2024-09-18 12:54:54,149 [grpc-default-executor-3] INFO  server.GrpcLogAppender (GrpcLogAppender.java:onNext(665)) - omNode-1@group-0AAC5367B30E->omNode-bootstrap-2-InstallSnapshotResponseHandler: InstallSnapshot in progress.
2024-09-18 12:54:54,149 [omNode-bootstrap-2-server-thread1] INFO  server.RaftServer$Division (RaftServerImpl.java:checkInconsistentAppendEntries(1629)) - omNode-bootstrap-2@group-0AAC5367B30E: Failed appendEntries as snapshot (0) installation is in progress
2024-09-18 12:54:54,150 [omNode-bootstrap-2-server-thread1] INFO  server.RaftServer$Division (RaftServerImpl.java:appendEntriesAsync(1584)) - omNode-bootstrap-2@group-0AAC5367B30E: appendEntries* reply omNode-1<-omNode-bootstrap-2#194:FAIL-t1,INCONSISTENCY,nextIndex=0,followerCommit=-1,matchIndex=-1
2024-09-18 12:54:54,150 [grpc-default-executor-3] WARN  server.GrpcLogAppender (GrpcLogAppender.java:onNextImpl(519)) - omNode-1@group-0AAC5367B30E->omNode-bootstrap-2-AppendLogResponseHandler: received INCONSISTENCY reply with nextIndex 0, errorCount=1, request=AppendEntriesRequest:cid=194,entriesCount=0
2024-09-18 12:54:54,150 [omNode-1@group-0AAC5367B30E->omNode-bootstrap-2-GrpcLogAppender-LogAppenderDaemon] INFO  server.GrpcLogAppender (GrpcLogAppender.java:notifyInstallSnapshot(790)) - omNode-1@group-0AAC5367B30E->omNode-bootstrap-2-GrpcLogAppender: notifyInstallSnapshot with firstAvailable=(t:1, i:0), followerNextIndex=0
2024-09-18 12:54:54,150 [omNode-1@group-0AAC5367B30E->omNode-bootstrap-2-GrpcLogAppender-LogAppenderDaemon] INFO  server.GrpcLogAppender (GrpcLogAppender.java:notifyInstallSnapshot(798)) - omNode-1@group-0AAC5367B30E->omNode-bootstrap-2-GrpcLogAppender: send omNode-1->omNode-bootstrap-2#0-t1,notify:(t:1, i:0)
2024-09-18 12:54:54,151 [grpc-default-executor-1] INFO  impl.SnapshotInstallationHandler (SnapshotInstallationHandler.java:installSnapshot(92)) - omNode-bootstrap-2@group-0AAC5367B30E: receive installSnapshot: omNode-1->omNode-bootstrap-2#0-t1,notify:(t:1, i:0)
2024-09-18 12:54:54,151 [grpc-default-executor-1] INFO  impl.SnapshotInstallationHandler (SnapshotInstallationHandler.java:installSnapshotImpl(138)) - omNode-bootstrap-2@group-0AAC5367B30E: set new configuration configurationEntry {
  peers {
    id: "omNode-1"
    address: "localhost:15015"
    startupRole: FOLLOWER
  }
}
 from snapshot
2024-09-18 12:54:54,151 [grpc-default-executor-1] INFO  server.RaftServer$Division (ServerState.java:setRaftConf(386)) - omNode-bootstrap-2@group-0AAC5367B30E: set configuration conf: {index: 0, cur=peers:[omNode-1|localhost:15015]|listeners:[], old=null}
2024-09-18 12:54:54,153 [grpc-default-executor-1] INFO  ratis.OzoneManagerStateMachine (OzoneManagerStateMachine.java:notifyConfigurationChanged(216)) - Received Configuration change notification from Ratis. New Peer list:
[id: "omNode-1"
address: "localhost:15015"
startupRole: FOLLOWER
]
2024-09-18 12:54:54,153 [grpc-default-executor-1] INFO  impl.SnapshotInstallationHandler (SnapshotInstallationHandler.java:installSnapshot(103)) - omNode-bootstrap-2@group-0AAC5367B30E: reply installSnapshot: omNode-1<-omNode-bootstrap-2#0:FAIL-t1,IN_PROGRESS,snapshotIndex=0
2024-09-18 12:54:54,153 [grpc-default-executor-1] INFO  server.GrpcServerProtocolService (GrpcServerProtocolService.java:onCompleted(157)) - omNode-bootstrap-2: Completed INSTALL_SNAPSHOT, lastRequest: omNode-1->omNode-bootstrap-2#0-t1,notify:(t:1, i:0)
2024-09-18 12:54:54,153 [grpc-default-executor-1] INFO  server.GrpcServerProtocolService (GrpcServerProtocolService.java:lambda$onCompleted$5(159)) - omNode-bootstrap-2: Completed INSTALL_SNAPSHOT, lastReply: null
2024-09-18 12:54:54,154 [grpc-default-executor-1] INFO  server.GrpcLogAppender (GrpcLogAppender.java:onNext(649)) - omNode-1@group-0AAC5367B30E->omNode-bootstrap-2-InstallSnapshotResponseHandler: received a reply omNode-1<-omNode-bootstrap-2#0:FAIL-t1,IN_PROGRESS,snapshotIndex=0
2024-09-18 12:54:54,154 [grpc-default-executor-1] INFO  server.GrpcLogAppender (GrpcLogAppender.java:onNext(665)) - omNode-1@group-0AAC5367B30E->omNode-bootstrap-2-InstallSnapshotResponseHandler: InstallSnapshot in progress.
2024-09-18 12:54:54,154 [omNode-1@group-0AAC5367B30E->omNode-bootstrap-2-GrpcLogAppender-LogAppenderDaemon] INFO  server.GrpcLogAppender (GrpcLogAppender.java:notifyInstallSnapshot(790)) - omNode-1@group-0AAC5367B30E->omNode-bootstrap-2-GrpcLogAppender: notifyInstallSnapshot with firstAvailable=(t:1, i:0), followerNextIndex=0
2024-09-18 12:54:54,154 [omNode-1@group-0AAC5367B30E->omNode-bootstrap-2-GrpcLogAppender-LogAppenderDaemon] INFO  server.GrpcLogAppender (GrpcLogAppender.java:notifyInstallSnapshot(798)) - omNode-1@group-0AAC5367B30E->omNode-bootstrap-2-GrpcLogAppender: send omNode-1->omNode-bootstrap-2#0-t1,notify:(t:1, i:0)
2024-09-18 12:54:54,155 [grpc-default-executor-3] INFO  impl.SnapshotInstallationHandler (SnapshotInstallationHandler.java:installSnapshot(92)) - omNode-bootstrap-2@group-0AAC5367B30E: receive installSnapshot: omNode-1->omNode-bootstrap-2#0-t1,notify:(t:1, i:0)
2024-09-18 12:54:54,155 [grpc-default-executor-3] INFO  impl.SnapshotInstallationHandler (SnapshotInstallationHandler.java:installSnapshotImpl(138)) - omNode-bootstrap-2@group-0AAC5367B30E: set new configuration configurationEntry {
  peers {
    id: "omNode-1"
    address: "localhost:15015"
    startupRole: FOLLOWER
  }
}
 from snapshot
2024-09-18 12:54:54,156 [grpc-default-executor-3] INFO  server.RaftServer$Division (ServerState.java:setRaftConf(386)) - omNode-bootstrap-2@group-0AAC5367B30E: set configuration conf: {index: 0, cur=peers:[omNode-1|localhost:15015]|listeners:[], old=null}
2024-09-18 12:54:54,156 [omNode-bootstrap-2-server-thread1] INFO  server.RaftServer$Division (RaftServerImpl.java:checkInconsistentAppendEntries(1629)) - omNode-bootstrap-2@group-0AAC5367B30E: Failed appendEntries as snapshot (0) installation is in progress
2024-09-18 12:54:54,156 [omNode-bootstrap-2-server-thread1] INFO  server.RaftServer$Division (RaftServerImpl.java:appendEntriesAsync(1584)) - omNode-bootstrap-2@group-0AAC5367B30E: appendEntries* reply omNode-1<-omNode-bootstrap-2#195:FAIL-t1,INCONSISTENCY,nextIndex=0,followerCommit=-1,matchIndex=-1
2024-09-18 12:54:54,157 [grpc-default-executor-1] WARN  server.GrpcLogAppender (GrpcLogAppender.java:onNextImpl(519)) - omNode-1@group-0AAC5367B30E->omNode-bootstrap-2-AppendLogResponseHandler: received INCONSISTENCY reply with nextIndex 0, errorCount=1, request=AppendEntriesRequest:cid=195,entriesCount=0
2024-09-18 12:54:54,157 [grpc-default-executor-3] INFO  ratis.OzoneManagerStateMachine (OzoneManagerStateMachine.java:notifyConfigurationChanged(216)) - Received Configuration change notification from Ratis. New Peer list:
[id: "omNode-1"
address: "localhost:15015"
startupRole: FOLLOWER
]
2024-09-18 12:54:54,157 [grpc-default-executor-3] INFO  impl.SnapshotInstallationHandler (SnapshotInstallationHandler.java:installSnapshot(103)) - omNode-bootstrap-2@group-0AAC5367B30E: reply installSnapshot: omNode-1<-omNode-bootstrap-2#0:FAIL-t1,IN_PROGRESS,snapshotIndex=0
2024-09-18 12:54:54,157 [grpc-default-executor-3] INFO  server.GrpcServerProtocolService (GrpcServerProtocolService.java:onCompleted(157)) - omNode-bootstrap-2: Completed INSTALL_SNAPSHOT, lastRequest: omNode-1->omNode-bootstrap-2#0-t1,notify:(t:1, i:0)
2024-09-18 12:54:54,157 [grpc-default-executor-3] INFO  server.GrpcServerProtocolService (GrpcServerProtocolService.java:lambda$onCompleted$5(159)) - omNode-bootstrap-2: Completed INSTALL_SNAPSHOT, lastReply: null
2024-09-18 12:54:54,158 [grpc-default-executor-4] INFO  server.GrpcLogAppender (GrpcLogAppender.java:onNext(649)) - omNode-1@group-0AAC5367B30E->omNode-bootstrap-2-InstallSnapshotResponseHandler: received a reply omNode-1<-omNode-bootstrap-2#0:FAIL-t1,IN_PROGRESS,snapshotIndex=0
2024-09-18 12:54:54,158 [grpc-default-executor-4] INFO  server.GrpcLogAppender (GrpcLogAppender.java:onNext(665)) - omNode-1@group-0AAC5367B30E->omNode-bootstrap-2-InstallSnapshotResponseHandler: InstallSnapshot in progress.
2024-09-18 12:54:54,159 [omNode-bootstrap-2-server-thread1] INFO  server.RaftServer$Division (RaftServerImpl.java:checkInconsistentAppendEntries(1629)) - omNode-bootstrap-2@group-0AAC5367B30E: Failed appendEntries as snapshot (0) installation is in progress
2024-09-18 12:54:54,159 [omNode-bootstrap-2-server-thread1] INFO  server.RaftServer$Division (RaftServerImpl.java:appendEntriesAsync(1584)) - omNode-bootstrap-2@group-0AAC5367B30E: appendEntries* reply omNode-1<-omNode-bootstrap-2#196:FAIL-t1,INCONSISTENCY,nextIndex=0,followerCommit=-1,matchIndex=-1
2024-09-18 12:54:54,159 [grpc-default-executor-3] WARN  server.GrpcLogAppender (GrpcLogAppender.java:onNextImpl(519)) - omNode-1@group-0AAC5367B30E->omNode-bootstrap-2-AppendLogResponseHandler: received INCONSISTENCY reply with nextIndex 0, errorCount=1, request=AppendEntriesRequest:cid=196,entriesCount=0
2024-09-18 12:54:54,159 [omNode-1@group-0AAC5367B30E->omNode-bootstrap-2-GrpcLogAppender-LogAppenderDaemon] INFO  server.GrpcLogAppender (GrpcLogAppender.java:notifyInstallSnapshot(790)) - omNode-1@group-0AAC5367B30E->omNode-bootstrap-2-GrpcLogAppender: notifyInstallSnapshot with firstAvailable=(t:1, i:0), followerNextIndex=0
2024-09-18 12:54:54,159 [omNode-1@group-0AAC5367B30E->omNode-bootstrap-2-GrpcLogAppender-LogAppenderDaemon] INFO  server.GrpcLogAppender (GrpcLogAppender.java:notifyInstallSnapshot(798)) - omNode-1@group-0AAC5367B30E->omNode-bootstrap-2-GrpcLogAppender: send omNode-1->omNode-bootstrap-2#0-t1,notify:(t:1, i:0)
2024-09-18 12:54:54,160 [grpc-default-executor-1] INFO  impl.SnapshotInstallationHandler (SnapshotInstallationHandler.java:installSnapshot(92)) - omNode-bootstrap-2@group-0AAC5367B30E: receive installSnapshot: omNode-1->omNode-bootstrap-2#0-t1,notify:(t:1, i:0)
2024-09-18 12:54:54,160 [grpc-default-executor-1] INFO  impl.SnapshotInstallationHandler (SnapshotInstallationHandler.java:installSnapshotImpl(138)) - omNode-bootstrap-2@group-0AAC5367B30E: set new configuration configurationEntry {
  peers {
    id: "omNode-1"
    address: "localhost:15015"
    startupRole: FOLLOWER
  }
}
 from snapshot
2024-09-18 12:54:54,161 [grpc-default-executor-1] INFO  server.RaftServer$Division (ServerState.java:setRaftConf(386)) - omNode-bootstrap-2@group-0AAC5367B30E: set configuration conf: {index: 0, cur=peers:[omNode-1|localhost:15015]|listeners:[], old=null}
2024-09-18 12:54:54,162 [grpc-default-executor-1] INFO  ratis.OzoneManagerStateMachine (OzoneManagerStateMachine.java:notifyConfigurationChanged(216)) - Received Configuration change notification from Ratis. New Peer list:
[id: "omNode-1"
address: "localhost:15015"
startupRole: FOLLOWER
]
2024-09-18 12:54:54,162 [grpc-default-executor-1] INFO  impl.SnapshotInstallationHandler (SnapshotInstallationHandler.java:installSnapshot(103)) - omNode-bootstrap-2@group-0AAC5367B30E: reply installSnapshot: omNode-1<-omNode-bootstrap-2#0:FAIL-t1,IN_PROGRESS,snapshotIndex=0
2024-09-18 12:54:54,162 [grpc-default-executor-1] INFO  server.GrpcServerProtocolService (GrpcServerProtocolService.java:onCompleted(157)) - omNode-bootstrap-2: Completed INSTALL_SNAPSHOT, lastRequest: omNode-1->omNode-bootstrap-2#0-t1,notify:(t:1, i:0)
2024-09-18 12:54:54,162 [grpc-default-executor-1] INFO  server.GrpcServerProtocolService (GrpcServerProtocolService.java:lambda$onCompleted$5(159)) - omNode-bootstrap-2: Completed INSTALL_SNAPSHOT, lastReply: null
2024-09-18 12:54:54,163 [grpc-default-executor-1] INFO  server.GrpcLogAppender (GrpcLogAppender.java:onNext(649)) - omNode-1@group-0AAC5367B30E->omNode-bootstrap-2-InstallSnapshotResponseHandler: received a reply omNode-1<-omNode-bootstrap-2#0:FAIL-t1,IN_PROGRESS,snapshotIndex=0
2024-09-18 12:54:54,163 [grpc-default-executor-1] INFO  server.GrpcLogAppender (GrpcLogAppender.java:onNext(665)) - omNode-1@group-0AAC5367B30E->omNode-bootstrap-2-InstallSnapshotResponseHandler: InstallSnapshot in progress.
2024-09-18 12:54:54,164 [omNode-1@group-0AAC5367B30E->omNode-bootstrap-2-GrpcLogAppender-LogAppenderDaemon] INFO  server.GrpcLogAppender (GrpcLogAppender.java:notifyInstallSnapshot(790)) - omNode-1@group-0AAC5367B30E->omNode-bootstrap-2-GrpcLogAppender: notifyInstallSnapshot with firstAvailable=(t:1, i:0), followerNextIndex=0
2024-09-18 12:54:54,164 [omNode-1@group-0AAC5367B30E->omNode-bootstrap-2-GrpcLogAppender-LogAppenderDaemon] INFO  server.GrpcLogAppender (GrpcLogAppender.java:notifyInstallSnapshot(798)) - omNode-1@group-0AAC5367B30E->omNode-bootstrap-2-GrpcLogAppender: send omNode-1->omNode-bootstrap-2#0-t1,notify:(t:1, i:0)
2024-09-18 12:54:54,165 [grpc-default-executor-3] INFO  impl.SnapshotInstallationHandler (SnapshotInstallationHandler.java:installSnapshot(92)) - omNode-bootstrap-2@group-0AAC5367B30E: receive installSnapshot: omNode-1->omNode-bootstrap-2#0-t1,notify:(t:1, i:0)
2024-09-18 12:54:54,165 [grpc-default-executor-3] INFO  impl.SnapshotInstallationHandler (SnapshotInstallationHandler.java:installSnapshotImpl(138)) - omNode-bootstrap-2@group-0AAC5367B30E: set new configuration configurationEntry {
  peers {
    id: "omNode-1"
    address: "localhost:15015"
    startupRole: FOLLOWER
  }
}
 from snapshot
2024-09-18 12:54:54,165 [grpc-default-executor-3] INFO  server.RaftServer$Division (ServerState.java:setRaftConf(386)) - omNode-bootstrap-2@group-0AAC5367B30E: set configuration conf: {index: 0, cur=peers:[omNode-1|localhost:15015]|listeners:[], old=null}
2024-09-18 12:54:54,166 [omNode-bootstrap-2-server-thread1] INFO  server.RaftServer$Division (RaftServerImpl.java:checkInconsistentAppendEntries(1629)) - omNode-bootstrap-2@group-0AAC5367B30E: Failed appendEntries as snapshot (0) installation is in progress
2024-09-18 12:54:54,166 [omNode-bootstrap-2-server-thread1] INFO  server.RaftServer$Division (RaftServerImpl.java:appendEntriesAsync(1584)) - omNode-bootstrap-2@group-0AAC5367B30E: appendEntries* reply omNode-1<-omNode-bootstrap-2#197:FAIL-t1,INCONSISTENCY,nextIndex=0,followerCommit=-1,matchIndex=-1
2024-09-18 12:54:54,166 [grpc-default-executor-1] WARN  server.GrpcLogAppender (GrpcLogAppender.java:onNextImpl(519)) - omNode-1@group-0AAC5367B30E->omNode-bootstrap-2-AppendLogResponseHandler: received INCONSISTENCY reply with nextIndex 0, errorCount=1, request=AppendEntriesRequest:cid=197,entriesCount=0
2024-09-18 12:54:54,167 [grpc-default-executor-3] INFO  ratis.OzoneManagerStateMachine (OzoneManagerStateMachine.java:notifyConfigurationChanged(216)) - Received Configuration change notification from Ratis. New Peer list:
[id: "omNode-1"
address: "localhost:15015"
startupRole: FOLLOWER
]
2024-09-18 12:54:54,167 [grpc-default-executor-3] INFO  impl.SnapshotInstallationHandler (SnapshotInstallationHandler.java:installSnapshot(103)) - omNode-bootstrap-2@group-0AAC5367B30E: reply installSnapshot: omNode-1<-omNode-bootstrap-2#0:FAIL-t1,IN_PROGRESS,snapshotIndex=0
2024-09-18 12:54:54,167 [grpc-default-executor-3] INFO  server.GrpcServerProtocolService (GrpcServerProtocolService.java:onCompleted(157)) - omNode-bootstrap-2: Completed INSTALL_SNAPSHOT, lastRequest: omNode-1->omNode-bootstrap-2#0-t1,notify:(t:1, i:0)
2024-09-18 12:54:54,167 [grpc-default-executor-3] INFO  server.GrpcServerProtocolService (GrpcServerProtocolService.java:lambda$onCompleted$5(159)) - omNode-bootstrap-2: Completed INSTALL_SNAPSHOT, lastReply: null
2024-09-18 12:54:54,168 [grpc-default-executor-4] INFO  server.GrpcLogAppender (GrpcLogAppender.java:onNext(649)) - omNode-1@group-0AAC5367B30E->omNode-bootstrap-2-InstallSnapshotResponseHandler: received a reply omNode-1<-omNode-bootstrap-2#0:FAIL-t1,IN_PROGRESS,snapshotIndex=0
2024-09-18 12:54:54,168 [grpc-default-executor-4] INFO  server.GrpcLogAppender (GrpcLogAppender.java:onNext(665)) - omNode-1@group-0AAC5367B30E->omNode-bootstrap-2-InstallSnapshotResponseHandler: InstallSnapshot in progress.
2024-09-18 12:54:54,169 [omNode-bootstrap-2-server-thread1] INFO  server.RaftServer$Division (RaftServerImpl.java:checkInconsistentAppendEntries(1629)) - omNode-bootstrap-2@group-0AAC5367B30E: Failed appendEntries as snapshot (0) installation is in progress
2024-09-18 12:54:54,169 [omNode-bootstrap-2-server-thread1] INFO  server.RaftServer$Division (RaftServerImpl.java:appendEntriesAsync(1584)) - omNode-bootstrap-2@group-0AAC5367B30E: appendEntries* reply omNode-1<-omNode-bootstrap-2#198:FAIL-t1,INCONSISTENCY,nextIndex=0,followerCommit=-1,matchIndex=-1
2024-09-18 12:54:54,169 [grpc-default-executor-3] WARN  server.GrpcLogAppender (GrpcLogAppender.java:onNextImpl(519)) - omNode-1@group-0AAC5367B30E->omNode-bootstrap-2-AppendLogResponseHandler: received INCONSISTENCY reply with nextIndex 0, errorCount=1, request=AppendEntriesRequest:cid=198,entriesCount=0
2024-09-18 12:54:54,169 [omNode-1@group-0AAC5367B30E->omNode-bootstrap-2-GrpcLogAppender-LogAppenderDaemon] INFO  server.GrpcLogAppender (GrpcLogAppender.java:notifyInstallSnapshot(790)) - omNode-1@group-0AAC5367B30E->omNode-bootstrap-2-GrpcLogAppender: notifyInstallSnapshot with firstAvailable=(t:1, i:0), followerNextIndex=0
2024-09-18 12:54:54,169 [omNode-1@group-0AAC5367B30E->omNode-bootstrap-2-GrpcLogAppender-LogAppenderDaemon] INFO  server.GrpcLogAppender (GrpcLogAppender.java:notifyInstallSnapshot(798)) - omNode-1@group-0AAC5367B30E->omNode-bootstrap-2-GrpcLogAppender: send omNode-1->omNode-bootstrap-2#0-t1,notify:(t:1, i:0)
2024-09-18 12:54:54,170 [grpc-default-executor-1] INFO  impl.SnapshotInstallationHandler (SnapshotInstallationHandler.java:installSnapshot(92)) - omNode-bootstrap-2@group-0AAC5367B30E: receive installSnapshot: omNode-1->omNode-bootstrap-2#0-t1,notify:(t:1, i:0)
2024-09-18 12:54:54,171 [grpc-default-executor-1] INFO  impl.SnapshotInstallationHandler (SnapshotInstallationHandler.java:installSnapshotImpl(138)) - omNode-bootstrap-2@group-0AAC5367B30E: set new configuration configurationEntry {
  peers {
    id: "omNode-1"
    address: "localhost:15015"
    startupRole: FOLLOWER
  }
}
 from snapshot
2024-09-18 12:54:54,171 [grpc-default-executor-1] INFO  server.RaftServer$Division (ServerState.java:setRaftConf(386)) - omNode-bootstrap-2@group-0AAC5367B30E: set configuration conf: {index: 0, cur=peers:[omNode-1|localhost:15015]|listeners:[], old=null}
2024-09-18 12:54:54,172 [grpc-default-executor-1] INFO  ratis.OzoneManagerStateMachine (OzoneManagerStateMachine.java:notifyConfigurationChanged(216)) - Received Configuration change notification from Ratis. New Peer list:
[id: "omNode-1"
address: "localhost:15015"
startupRole: FOLLOWER
]
2024-09-18 12:54:54,172 [grpc-default-executor-1] INFO  impl.SnapshotInstallationHandler (SnapshotInstallationHandler.java:installSnapshot(103)) - omNode-bootstrap-2@group-0AAC5367B30E: reply installSnapshot: omNode-1<-omNode-bootstrap-2#0:FAIL-t1,IN_PROGRESS,snapshotIndex=0
2024-09-18 12:54:54,172 [grpc-default-executor-1] INFO  server.GrpcServerProtocolService (GrpcServerProtocolService.java:onCompleted(157)) - omNode-bootstrap-2: Completed INSTALL_SNAPSHOT, lastRequest: omNode-1->omNode-bootstrap-2#0-t1,notify:(t:1, i:0)
2024-09-18 12:54:54,172 [grpc-default-executor-1] INFO  server.GrpcServerProtocolService (GrpcServerProtocolService.java:lambda$onCompleted$5(159)) - omNode-bootstrap-2: Completed INSTALL_SNAPSHOT, lastReply: null
2024-09-18 12:54:54,173 [grpc-default-executor-4] INFO  server.GrpcLogAppender (GrpcLogAppender.java:onNext(649)) - omNode-1@group-0AAC5367B30E->omNode-bootstrap-2-InstallSnapshotResponseHandler: received a reply omNode-1<-omNode-bootstrap-2#0:FAIL-t1,IN_PROGRESS,snapshotIndex=0
2024-09-18 12:54:54,173 [grpc-default-executor-4] INFO  server.GrpcLogAppender (GrpcLogAppender.java:onNext(665)) - omNode-1@group-0AAC5367B30E->omNode-bootstrap-2-InstallSnapshotResponseHandler: InstallSnapshot in progress.
2024-09-18 12:54:54,173 [omNode-bootstrap-2-server-thread1] INFO  server.RaftServer$Division (RaftServerImpl.java:checkInconsistentAppendEntries(1629)) - omNode-bootstrap-2@group-0AAC5367B30E: Failed appendEntries as snapshot (0) installation is in progress
2024-09-18 12:54:54,174 [omNode-bootstrap-2-server-thread1] INFO  server.RaftServer$Division (RaftServerImpl.java:appendEntriesAsync(1584)) - omNode-bootstrap-2@group-0AAC5367B30E: appendEntries* reply omNode-1<-omNode-bootstrap-2#199:FAIL-t1,INCONSISTENCY,nextIndex=0,followerCommit=-1,matchIndex=-1
2024-09-18 12:54:54,174 [grpc-default-executor-1] WARN  server.GrpcLogAppender (GrpcLogAppender.java:onNextImpl(519)) - omNode-1@group-0AAC5367B30E->omNode-bootstrap-2-AppendLogResponseHandler: received INCONSISTENCY reply with nextIndex 0, errorCount=1, request=AppendEntriesRequest:cid=199,entriesCount=0
2024-09-18 12:54:54,174 [omNode-1@group-0AAC5367B30E->omNode-bootstrap-2-GrpcLogAppender-LogAppenderDaemon] INFO  server.GrpcLogAppender (GrpcLogAppender.java:notifyInstallSnapshot(790)) - omNode-1@group-0AAC5367B30E->omNode-bootstrap-2-GrpcLogAppender: notifyInstallSnapshot with firstAvailable=(t:1, i:0), followerNextIndex=0
2024-09-18 12:54:54,174 [omNode-1@group-0AAC5367B30E->omNode-bootstrap-2-GrpcLogAppender-LogAppenderDaemon] INFO  server.GrpcLogAppender (GrpcLogAppender.java:notifyInstallSnapshot(798)) - omNode-1@group-0AAC5367B30E->omNode-bootstrap-2-GrpcLogAppender: send omNode-1->omNode-bootstrap-2#0-t1,notify:(t:1, i:0)
2024-09-18 12:54:54,175 [grpc-default-executor-4] INFO  impl.SnapshotInstallationHandler (SnapshotInstallationHandler.java:installSnapshot(92)) - omNode-bootstrap-2@group-0AAC5367B30E: receive installSnapshot: omNode-1->omNode-bootstrap-2#0-t1,notify:(t:1, i:0)
2024-09-18 12:54:54,176 [grpc-default-executor-4] INFO  impl.SnapshotInstallationHandler (SnapshotInstallationHandler.java:installSnapshotImpl(138)) - omNode-bootstrap-2@group-0AAC5367B30E: set new configuration configurationEntry {
  peers {
    id: "omNode-1"
    address: "localhost:15015"
    startupRole: FOLLOWER
  }
}
 from snapshot
2024-09-18 12:54:54,176 [grpc-default-executor-4] INFO  server.RaftServer$Division (ServerState.java:setRaftConf(386)) - omNode-bootstrap-2@group-0AAC5367B30E: set configuration conf: {index: 0, cur=peers:[omNode-1|localhost:15015]|listeners:[], old=null}
2024-09-18 12:54:54,177 [grpc-default-executor-4] INFO  ratis.OzoneManagerStateMachine (OzoneManagerStateMachine.java:notifyConfigurationChanged(216)) - Received Configuration change notification from Ratis. New Peer list:
[id: "omNode-1"
address: "localhost:15015"
startupRole: FOLLOWER
]
2024-09-18 12:54:54,177 [grpc-default-executor-4] INFO  impl.SnapshotInstallationHandler (SnapshotInstallationHandler.java:installSnapshot(103)) - omNode-bootstrap-2@group-0AAC5367B30E: reply installSnapshot: omNode-1<-omNode-bootstrap-2#0:FAIL-t1,IN_PROGRESS,snapshotIndex=0
2024-09-18 12:54:54,178 [grpc-default-executor-1] INFO  server.GrpcLogAppender (GrpcLogAppender.java:onNext(649)) - omNode-1@group-0AAC5367B30E->omNode-bootstrap-2-InstallSnapshotResponseHandler: received a reply omNode-1<-omNode-bootstrap-2#0:FAIL-t1,IN_PROGRESS,snapshotIndex=0
2024-09-18 12:54:54,178 [grpc-default-executor-1] INFO  server.GrpcLogAppender (GrpcLogAppender.java:onNext(665)) - omNode-1@group-0AAC5367B30E->omNode-bootstrap-2-InstallSnapshotResponseHandler: InstallSnapshot in progress.
2024-09-18 12:54:54,178 [grpc-default-executor-4] INFO  server.GrpcServerProtocolService (GrpcServerProtocolService.java:onCompleted(157)) - omNode-bootstrap-2: Completed INSTALL_SNAPSHOT, lastRequest: omNode-1->omNode-bootstrap-2#0-t1,notify:(t:1, i:0)
2024-09-18 12:54:54,178 [grpc-default-executor-4] INFO  server.GrpcServerProtocolService (GrpcServerProtocolService.java:lambda$onCompleted$5(159)) - omNode-bootstrap-2: Completed INSTALL_SNAPSHOT, lastReply: null
2024-09-18 12:54:54,179 [omNode-bootstrap-2-server-thread1] INFO  server.RaftServer$Division (RaftServerImpl.java:checkInconsistentAppendEntries(1629)) - omNode-bootstrap-2@group-0AAC5367B30E: Failed appendEntries as snapshot (0) installation is in progress
2024-09-18 12:54:54,179 [omNode-bootstrap-2-server-thread1] INFO  server.RaftServer$Division (RaftServerImpl.java:appendEntriesAsync(1584)) - omNode-bootstrap-2@group-0AAC5367B30E: appendEntries* reply omNode-1<-omNode-bootstrap-2#200:FAIL-t1,INCONSISTENCY,nextIndex=0,followerCommit=-1,matchIndex=-1
2024-09-18 12:54:54,179 [grpc-default-executor-1] WARN  server.GrpcLogAppender (GrpcLogAppender.java:onNextImpl(519)) - omNode-1@group-0AAC5367B30E->omNode-bootstrap-2-AppendLogResponseHandler: received INCONSISTENCY reply with nextIndex 0, errorCount=1, request=AppendEntriesRequest:cid=200,entriesCount=0
2024-09-18 12:54:54,179 [omNode-1@group-0AAC5367B30E->omNode-bootstrap-2-GrpcLogAppender-LogAppenderDaemon] INFO  server.GrpcLogAppender (GrpcLogAppender.java:notifyInstallSnapshot(790)) - omNode-1@group-0AAC5367B30E->omNode-bootstrap-2-GrpcLogAppender: notifyInstallSnapshot with firstAvailable=(t:1, i:0), followerNextIndex=0
2024-09-18 12:54:54,180 [omNode-1@group-0AAC5367B30E->omNode-bootstrap-2-GrpcLogAppender-LogAppenderDaemon] INFO  server.GrpcLogAppender (GrpcLogAppender.java:notifyInstallSnapshot(798)) - omNode-1@group-0AAC5367B30E->omNode-bootstrap-2-GrpcLogAppender: send omNode-1->omNode-bootstrap-2#0-t1,notify:(t:1, i:0)
2024-09-18 12:54:54,180 [grpc-default-executor-3] INFO  impl.SnapshotInstallationHandler (SnapshotInstallationHandler.java:installSnapshot(92)) - omNode-bootstrap-2@group-0AAC5367B30E: receive installSnapshot: omNode-1->omNode-bootstrap-2#0-t1,notify:(t:1, i:0)
2024-09-18 12:54:54,181 [grpc-default-executor-3] INFO  impl.SnapshotInstallationHandler (SnapshotInstallationHandler.java:installSnapshotImpl(138)) - omNode-bootstrap-2@group-0AAC5367B30E: set new configuration configurationEntry {
  peers {
    id: "omNode-1"
    address: "localhost:15015"
    startupRole: FOLLOWER
  }
}
 from snapshot
2024-09-18 12:54:54,181 [grpc-default-executor-3] INFO  server.RaftServer$Division (ServerState.java:setRaftConf(386)) - omNode-bootstrap-2@group-0AAC5367B30E: set configuration conf: {index: 0, cur=peers:[omNode-1|localhost:15015]|listeners:[], old=null}
2024-09-18 12:54:54,182 [grpc-default-executor-3] INFO  ratis.OzoneManagerStateMachine (OzoneManagerStateMachine.java:notifyConfigurationChanged(216)) - Received Configuration change notification from Ratis. New Peer list:
[id: "omNode-1"
address: "localhost:15015"
startupRole: FOLLOWER
]
2024-09-18 12:54:54,182 [grpc-default-executor-3] INFO  impl.SnapshotInstallationHandler (SnapshotInstallationHandler.java:installSnapshot(103)) - omNode-bootstrap-2@group-0AAC5367B30E: reply installSnapshot: omNode-1<-omNode-bootstrap-2#0:FAIL-t1,IN_PROGRESS,snapshotIndex=0
2024-09-18 12:54:54,182 [grpc-default-executor-3] INFO  server.GrpcServerProtocolService (GrpcServerProtocolService.java:onCompleted(157)) - omNode-bootstrap-2: Completed INSTALL_SNAPSHOT, lastRequest: omNode-1->omNode-bootstrap-2#0-t1,notify:(t:1, i:0)
2024-09-18 12:54:54,182 [grpc-default-executor-3] INFO  server.GrpcServerProtocolService (GrpcServerProtocolService.java:lambda$onCompleted$5(159)) - omNode-bootstrap-2: Completed INSTALL_SNAPSHOT, lastReply: null
2024-09-18 12:54:54,183 [grpc-default-executor-3] INFO  server.GrpcLogAppender (GrpcLogAppender.java:onNext(649)) - omNode-1@group-0AAC5367B30E->omNode-bootstrap-2-InstallSnapshotResponseHandler: received a reply omNode-1<-omNode-bootstrap-2#0:FAIL-t1,IN_PROGRESS,snapshotIndex=0
2024-09-18 12:54:54,183 [grpc-default-executor-3] INFO  server.GrpcLogAppender (GrpcLogAppender.java:onNext(665)) - omNode-1@group-0AAC5367B30E->omNode-bootstrap-2-InstallSnapshotResponseHandler: InstallSnapshot in progress.
2024-09-18 12:54:54,184 [omNode-bootstrap-2-server-thread1] INFO  server.RaftServer$Division (RaftServerImpl.java:checkInconsistentAppendEntries(1629)) - omNode-bootstrap-2@group-0AAC5367B30E: Failed appendEntries as snapshot (0) installation is in progress
2024-09-18 12:54:54,184 [omNode-bootstrap-2-server-thread1] INFO  server.RaftServer$Division (RaftServerImpl.java:appendEntriesAsync(1584)) - omNode-bootstrap-2@group-0AAC5367B30E: appendEntries* reply omNode-1<-omNode-bootstrap-2#201:FAIL-t1,INCONSISTENCY,nextIndex=0,followerCommit=-1,matchIndex=-1
2024-09-18 12:54:54,184 [grpc-default-executor-3] WARN  server.GrpcLogAppender (GrpcLogAppender.java:onNextImpl(519)) - omNode-1@group-0AAC5367B30E->omNode-bootstrap-2-AppendLogResponseHandler: received INCONSISTENCY reply with nextIndex 0, errorCount=1, request=AppendEntriesRequest:cid=201,entriesCount=0
2024-09-18 12:54:54,184 [omNode-1@group-0AAC5367B30E->omNode-bootstrap-2-GrpcLogAppender-LogAppenderDaemon] INFO  server.GrpcLogAppender (GrpcLogAppender.java:notifyInstallSnapshot(790)) - omNode-1@group-0AAC5367B30E->omNode-bootstrap-2-GrpcLogAppender: notifyInstallSnapshot with firstAvailable=(t:1, i:0), followerNextIndex=0
2024-09-18 12:54:54,184 [omNode-1@group-0AAC5367B30E->omNode-bootstrap-2-GrpcLogAppender-LogAppenderDaemon] INFO  server.GrpcLogAppender (GrpcLogAppender.java:notifyInstallSnapshot(798)) - omNode-1@group-0AAC5367B30E->omNode-bootstrap-2-GrpcLogAppender: send omNode-1->omNode-bootstrap-2#0-t1,notify:(t:1, i:0)
2024-09-18 12:54:54,185 [grpc-default-executor-3] INFO  impl.SnapshotInstallationHandler (SnapshotInstallationHandler.java:installSnapshot(92)) - omNode-bootstrap-2@group-0AAC5367B30E: receive installSnapshot: omNode-1->omNode-bootstrap-2#0-t1,notify:(t:1, i:0)
2024-09-18 12:54:54,185 [grpc-default-executor-3] INFO  impl.SnapshotInstallationHandler (SnapshotInstallationHandler.java:installSnapshotImpl(138)) - omNode-bootstrap-2@group-0AAC5367B30E: set new configuration configurationEntry {
  peers {
    id: "omNode-1"
    address: "localhost:15015"
    startupRole: FOLLOWER
  }
}
 from snapshot
2024-09-18 12:54:54,186 [grpc-default-executor-3] INFO  server.RaftServer$Division (ServerState.java:setRaftConf(386)) - omNode-bootstrap-2@group-0AAC5367B30E: set configuration conf: {index: 0, cur=peers:[omNode-1|localhost:15015]|listeners:[], old=null}
2024-09-18 12:54:54,187 [grpc-default-executor-3] INFO  ratis.OzoneManagerStateMachine (OzoneManagerStateMachine.java:notifyConfigurationChanged(216)) - Received Configuration change notification from Ratis. New Peer list:
[id: "omNode-1"
address: "localhost:15015"
startupRole: FOLLOWER
]
2024-09-18 12:54:54,187 [grpc-default-executor-3] INFO  impl.SnapshotInstallationHandler (SnapshotInstallationHandler.java:installSnapshot(103)) - omNode-bootstrap-2@group-0AAC5367B30E: reply installSnapshot: omNode-1<-omNode-bootstrap-2#0:FAIL-t1,IN_PROGRESS,snapshotIndex=0
2024-09-18 12:54:54,187 [grpc-default-executor-3] INFO  server.GrpcServerProtocolService (GrpcServerProtocolService.java:onCompleted(157)) - omNode-bootstrap-2: Completed INSTALL_SNAPSHOT, lastRequest: omNode-1->omNode-bootstrap-2#0-t1,notify:(t:1, i:0)
2024-09-18 12:54:54,188 [grpc-default-executor-3] INFO  server.GrpcServerProtocolService (GrpcServerProtocolService.java:lambda$onCompleted$5(159)) - omNode-bootstrap-2: Completed INSTALL_SNAPSHOT, lastReply: null
2024-09-18 12:54:54,188 [grpc-default-executor-4] INFO  server.GrpcLogAppender (GrpcLogAppender.java:onNext(649)) - omNode-1@group-0AAC5367B30E->omNode-bootstrap-2-InstallSnapshotResponseHandler: received a reply omNode-1<-omNode-bootstrap-2#0:FAIL-t1,IN_PROGRESS,snapshotIndex=0
2024-09-18 12:54:54,188 [grpc-default-executor-4] INFO  server.GrpcLogAppender (GrpcLogAppender.java:onNext(665)) - omNode-1@group-0AAC5367B30E->omNode-bootstrap-2-InstallSnapshotResponseHandler: InstallSnapshot in progress.
2024-09-18 12:54:54,189 [omNode-bootstrap-2-server-thread1] INFO  server.RaftServer$Division (RaftServerImpl.java:checkInconsistentAppendEntries(1629)) - omNode-bootstrap-2@group-0AAC5367B30E: Failed appendEntries as snapshot (0) installation is in progress
2024-09-18 12:54:54,189 [omNode-bootstrap-2-server-thread1] INFO  server.RaftServer$Division (RaftServerImpl.java:appendEntriesAsync(1584)) - omNode-bootstrap-2@group-0AAC5367B30E: appendEntries* reply omNode-1<-omNode-bootstrap-2#202:FAIL-t1,INCONSISTENCY,nextIndex=0,followerCommit=-1,matchIndex=-1
2024-09-18 12:54:54,189 [grpc-default-executor-3] WARN  server.GrpcLogAppender (GrpcLogAppender.java:onNextImpl(519)) - omNode-1@group-0AAC5367B30E->omNode-bootstrap-2-AppendLogResponseHandler: received INCONSISTENCY reply with nextIndex 0, errorCount=1, request=AppendEntriesRequest:cid=202,entriesCount=0
2024-09-18 12:54:54,189 [omNode-1@group-0AAC5367B30E->omNode-bootstrap-2-GrpcLogAppender-LogAppenderDaemon] INFO  server.GrpcLogAppender (GrpcLogAppender.java:notifyInstallSnapshot(790)) - omNode-1@group-0AAC5367B30E->omNode-bootstrap-2-GrpcLogAppender: notifyInstallSnapshot with firstAvailable=(t:1, i:0), followerNextIndex=0
2024-09-18 12:54:54,190 [omNode-1@group-0AAC5367B30E->omNode-bootstrap-2-GrpcLogAppender-LogAppenderDaemon] INFO  server.GrpcLogAppender (GrpcLogAppender.java:notifyInstallSnapshot(798)) - omNode-1@group-0AAC5367B30E->omNode-bootstrap-2-GrpcLogAppender: send omNode-1->omNode-bootstrap-2#0-t1,notify:(t:1, i:0)
2024-09-18 12:54:54,190 [grpc-default-executor-1] INFO  impl.SnapshotInstallationHandler (SnapshotInstallationHandler.java:installSnapshot(92)) - omNode-bootstrap-2@group-0AAC5367B30E: receive installSnapshot: omNode-1->omNode-bootstrap-2#0-t1,notify:(t:1, i:0)
2024-09-18 12:54:54,190 [grpc-default-executor-1] INFO  impl.SnapshotInstallationHandler (SnapshotInstallationHandler.java:installSnapshotImpl(138)) - omNode-bootstrap-2@group-0AAC5367B30E: set new configuration configurationEntry {
  peers {
    id: "omNode-1"
    address: "localhost:15015"
    startupRole: FOLLOWER
  }
}
 from snapshot
2024-09-18 12:54:54,191 [grpc-default-executor-1] INFO  server.RaftServer$Division (ServerState.java:setRaftConf(386)) - omNode-bootstrap-2@group-0AAC5367B30E: set configuration conf: {index: 0, cur=peers:[omNode-1|localhost:15015]|listeners:[], old=null}
2024-09-18 12:54:54,192 [grpc-default-executor-1] INFO  ratis.OzoneManagerStateMachine (OzoneManagerStateMachine.java:notifyConfigurationChanged(216)) - Received Configuration change notification from Ratis. New Peer list:
[id: "omNode-1"
address: "localhost:15015"
startupRole: FOLLOWER
]
2024-09-18 12:54:54,192 [grpc-default-executor-1] INFO  impl.SnapshotInstallationHandler (SnapshotInstallationHandler.java:installSnapshot(103)) - omNode-bootstrap-2@group-0AAC5367B30E: reply installSnapshot: omNode-1<-omNode-bootstrap-2#0:FAIL-t1,IN_PROGRESS,snapshotIndex=0
2024-09-18 12:54:54,192 [grpc-default-executor-1] INFO  server.GrpcServerProtocolService (GrpcServerProtocolService.java:onCompleted(157)) - omNode-bootstrap-2: Completed INSTALL_SNAPSHOT, lastRequest: omNode-1->omNode-bootstrap-2#0-t1,notify:(t:1, i:0)
2024-09-18 12:54:54,192 [grpc-default-executor-1] INFO  server.GrpcServerProtocolService (GrpcServerProtocolService.java:lambda$onCompleted$5(159)) - omNode-bootstrap-2: Completed INSTALL_SNAPSHOT, lastReply: null
2024-09-18 12:54:54,193 [grpc-default-executor-1] INFO  server.GrpcLogAppender (GrpcLogAppender.java:onNext(649)) - omNode-1@group-0AAC5367B30E->omNode-bootstrap-2-InstallSnapshotResponseHandler: received a reply omNode-1<-omNode-bootstrap-2#0:FAIL-t1,IN_PROGRESS,snapshotIndex=0
2024-09-18 12:54:54,193 [grpc-default-executor-1] INFO  server.GrpcLogAppender (GrpcLogAppender.java:onNext(665)) - omNode-1@group-0AAC5367B30E->omNode-bootstrap-2-InstallSnapshotResponseHandler: InstallSnapshot in progress.
2024-09-18 12:54:54,193 [omNode-1@group-0AAC5367B30E->omNode-bootstrap-2-GrpcLogAppender-LogAppenderDaemon] INFO  server.GrpcLogAppender (GrpcLogAppender.java:notifyInstallSnapshot(790)) - omNode-1@group-0AAC5367B30E->omNode-bootstrap-2-GrpcLogAppender: notifyInstallSnapshot with firstAvailable=(t:1, i:0), followerNextIndex=0
2024-09-18 12:54:54,194 [omNode-1@group-0AAC5367B30E->omNode-bootstrap-2-GrpcLogAppender-LogAppenderDaemon] INFO  server.GrpcLogAppender (GrpcLogAppender.java:notifyInstallSnapshot(798)) - omNode-1@group-0AAC5367B30E->omNode-bootstrap-2-GrpcLogAppender: send omNode-1->omNode-bootstrap-2#0-t1,notify:(t:1, i:0)
2024-09-18 12:54:54,195 [omNode-bootstrap-2-server-thread1] INFO  server.RaftServer$Division (RaftServerImpl.java:checkInconsistentAppendEntries(1629)) - omNode-bootstrap-2@group-0AAC5367B30E: Failed appendEntries as snapshot (0) installation is in progress
2024-09-18 12:54:54,195 [omNode-bootstrap-2-server-thread1] INFO  server.RaftServer$Division (RaftServerImpl.java:appendEntriesAsync(1584)) - omNode-bootstrap-2@group-0AAC5367B30E: appendEntries* reply omNode-1<-omNode-bootstrap-2#203:FAIL-t1,INCONSISTENCY,nextIndex=0,followerCommit=-1,matchIndex=-1
2024-09-18 12:54:54,195 [grpc-default-executor-3] WARN  server.GrpcLogAppender (GrpcLogAppender.java:onNextImpl(519)) - omNode-1@group-0AAC5367B30E->omNode-bootstrap-2-AppendLogResponseHandler: received INCONSISTENCY reply with nextIndex 0, errorCount=1, request=AppendEntriesRequest:cid=203,entriesCount=0
2024-09-18 12:54:54,196 [grpc-default-executor-4] INFO  impl.SnapshotInstallationHandler (SnapshotInstallationHandler.java:installSnapshot(92)) - omNode-bootstrap-2@group-0AAC5367B30E: receive installSnapshot: omNode-1->omNode-bootstrap-2#0-t1,notify:(t:1, i:0)
2024-09-18 12:54:54,196 [grpc-default-executor-4] INFO  impl.SnapshotInstallationHandler (SnapshotInstallationHandler.java:installSnapshotImpl(138)) - omNode-bootstrap-2@group-0AAC5367B30E: set new configuration configurationEntry {
  peers {
    id: "omNode-1"
    address: "localhost:15015"
    startupRole: FOLLOWER
  }
}
 from snapshot
2024-09-18 12:54:54,196 [grpc-default-executor-4] INFO  server.RaftServer$Division (ServerState.java:setRaftConf(386)) - omNode-bootstrap-2@group-0AAC5367B30E: set configuration conf: {index: 0, cur=peers:[omNode-1|localhost:15015]|listeners:[], old=null}
2024-09-18 12:54:54,197 [grpc-default-executor-4] INFO  ratis.OzoneManagerStateMachine (OzoneManagerStateMachine.java:notifyConfigurationChanged(216)) - Received Configuration change notification from Ratis. New Peer list:
[id: "omNode-1"
address: "localhost:15015"
startupRole: FOLLOWER
]
2024-09-18 12:54:54,198 [grpc-default-executor-4] INFO  impl.SnapshotInstallationHandler (SnapshotInstallationHandler.java:installSnapshot(103)) - omNode-bootstrap-2@group-0AAC5367B30E: reply installSnapshot: omNode-1<-omNode-bootstrap-2#0:FAIL-t1,IN_PROGRESS,snapshotIndex=0
2024-09-18 12:54:54,198 [grpc-default-executor-4] INFO  server.GrpcServerProtocolService (GrpcServerProtocolService.java:onCompleted(157)) - omNode-bootstrap-2: Completed INSTALL_SNAPSHOT, lastRequest: omNode-1->omNode-bootstrap-2#0-t1,notify:(t:1, i:0)
2024-09-18 12:54:54,198 [grpc-default-executor-4] INFO  server.GrpcServerProtocolService (GrpcServerProtocolService.java:lambda$onCompleted$5(159)) - omNode-bootstrap-2: Completed INSTALL_SNAPSHOT, lastReply: null
2024-09-18 12:54:54,199 [grpc-default-executor-3] INFO  server.GrpcLogAppender (GrpcLogAppender.java:onNext(649)) - omNode-1@group-0AAC5367B30E->omNode-bootstrap-2-InstallSnapshotResponseHandler: received a reply omNode-1<-omNode-bootstrap-2#0:FAIL-t1,IN_PROGRESS,snapshotIndex=0
2024-09-18 12:54:54,199 [grpc-default-executor-3] INFO  server.GrpcLogAppender (GrpcLogAppender.java:onNext(665)) - omNode-1@group-0AAC5367B30E->omNode-bootstrap-2-InstallSnapshotResponseHandler: InstallSnapshot in progress.
2024-09-18 12:54:54,199 [omNode-1@group-0AAC5367B30E->omNode-bootstrap-2-GrpcLogAppender-LogAppenderDaemon] INFO  server.GrpcLogAppender (GrpcLogAppender.java:notifyInstallSnapshot(790)) - omNode-1@group-0AAC5367B30E->omNode-bootstrap-2-GrpcLogAppender: notifyInstallSnapshot with firstAvailable=(t:1, i:0), followerNextIndex=0
2024-09-18 12:54:54,199 [omNode-1@group-0AAC5367B30E->omNode-bootstrap-2-GrpcLogAppender-LogAppenderDaemon] INFO  server.GrpcLogAppender (GrpcLogAppender.java:notifyInstallSnapshot(798)) - omNode-1@group-0AAC5367B30E->omNode-bootstrap-2-GrpcLogAppender: send omNode-1->omNode-bootstrap-2#0-t1,notify:(t:1, i:0)
2024-09-18 12:54:54,200 [grpc-default-executor-0] INFO  impl.SnapshotInstallationHandler (SnapshotInstallationHandler.java:installSnapshot(92)) - omNode-bootstrap-2@group-0AAC5367B30E: receive installSnapshot: omNode-1->omNode-bootstrap-2#0-t1,notify:(t:1, i:0)
2024-09-18 12:54:54,200 [grpc-default-executor-0] INFO  impl.SnapshotInstallationHandler (SnapshotInstallationHandler.java:installSnapshotImpl(138)) - omNode-bootstrap-2@group-0AAC5367B30E: set new configuration configurationEntry {
  peers {
    id: "omNode-1"
    address: "localhost:15015"
    startupRole: FOLLOWER
  }
}
 from snapshot
2024-09-18 12:54:54,200 [grpc-default-executor-0] INFO  server.RaftServer$Division (ServerState.java:setRaftConf(386)) - omNode-bootstrap-2@group-0AAC5367B30E: set configuration conf: {index: 0, cur=peers:[omNode-1|localhost:15015]|listeners:[], old=null}
2024-09-18 12:54:54,201 [omNode-bootstrap-2-server-thread1] INFO  server.RaftServer$Division (RaftServerImpl.java:checkInconsistentAppendEntries(1629)) - omNode-bootstrap-2@group-0AAC5367B30E: Failed appendEntries as snapshot (0) installation is in progress
2024-09-18 12:54:54,201 [omNode-bootstrap-2-server-thread1] INFO  server.RaftServer$Division (RaftServerImpl.java:appendEntriesAsync(1584)) - omNode-bootstrap-2@group-0AAC5367B30E: appendEntries* reply omNode-1<-omNode-bootstrap-2#204:FAIL-t1,INCONSISTENCY,nextIndex=0,followerCommit=-1,matchIndex=-1
2024-09-18 12:54:54,201 [grpc-default-executor-2] WARN  server.GrpcLogAppender (GrpcLogAppender.java:onNextImpl(519)) - omNode-1@group-0AAC5367B30E->omNode-bootstrap-2-AppendLogResponseHandler: received INCONSISTENCY reply with nextIndex 0, errorCount=1, request=AppendEntriesRequest:cid=204,entriesCount=0
2024-09-18 12:54:54,202 [grpc-default-executor-0] INFO  ratis.OzoneManagerStateMachine (OzoneManagerStateMachine.java:notifyConfigurationChanged(216)) - Received Configuration change notification from Ratis. New Peer list:
[id: "omNode-1"
address: "localhost:15015"
startupRole: FOLLOWER
]
2024-09-18 12:54:54,202 [grpc-default-executor-0] INFO  impl.SnapshotInstallationHandler (SnapshotInstallationHandler.java:installSnapshot(103)) - omNode-bootstrap-2@group-0AAC5367B30E: reply installSnapshot: omNode-1<-omNode-bootstrap-2#0:FAIL-t1,IN_PROGRESS,snapshotIndex=0
2024-09-18 12:54:54,202 [grpc-default-executor-0] INFO  server.GrpcServerProtocolService (GrpcServerProtocolService.java:onCompleted(157)) - omNode-bootstrap-2: Completed INSTALL_SNAPSHOT, lastRequest: omNode-1->omNode-bootstrap-2#0-t1,notify:(t:1, i:0)
2024-09-18 12:54:54,202 [grpc-default-executor-0] INFO  server.GrpcServerProtocolService (GrpcServerProtocolService.java:lambda$onCompleted$5(159)) - omNode-bootstrap-2: Completed INSTALL_SNAPSHOT, lastReply: null
2024-09-18 12:54:54,202 [grpc-default-executor-4] INFO  server.GrpcLogAppender (GrpcLogAppender.java:onNext(649)) - omNode-1@group-0AAC5367B30E->omNode-bootstrap-2-InstallSnapshotResponseHandler: received a reply omNode-1<-omNode-bootstrap-2#0:FAIL-t1,IN_PROGRESS,snapshotIndex=0
2024-09-18 12:54:54,202 [grpc-default-executor-4] INFO  server.GrpcLogAppender (GrpcLogAppender.java:onNext(665)) - omNode-1@group-0AAC5367B30E->omNode-bootstrap-2-InstallSnapshotResponseHandler: InstallSnapshot in progress.
2024-09-18 12:54:54,203 [omNode-1@group-0AAC5367B30E->omNode-bootstrap-2-GrpcLogAppender-LogAppenderDaemon] INFO  server.GrpcLogAppender (GrpcLogAppender.java:notifyInstallSnapshot(790)) - omNode-1@group-0AAC5367B30E->omNode-bootstrap-2-GrpcLogAppender: notifyInstallSnapshot with firstAvailable=(t:1, i:0), followerNextIndex=0
2024-09-18 12:54:54,203 [omNode-1@group-0AAC5367B30E->omNode-bootstrap-2-GrpcLogAppender-LogAppenderDaemon] INFO  server.GrpcLogAppender (GrpcLogAppender.java:notifyInstallSnapshot(798)) - omNode-1@group-0AAC5367B30E->omNode-bootstrap-2-GrpcLogAppender: send omNode-1->omNode-bootstrap-2#0-t1,notify:(t:1, i:0)
2024-09-18 12:54:54,203 [omNode-bootstrap-2-server-thread1] INFO  server.RaftServer$Division (RaftServerImpl.java:checkInconsistentAppendEntries(1629)) - omNode-bootstrap-2@group-0AAC5367B30E: Failed appendEntries as snapshot (0) installation is in progress
2024-09-18 12:54:54,203 [omNode-bootstrap-2-server-thread1] INFO  server.RaftServer$Division (RaftServerImpl.java:appendEntriesAsync(1584)) - omNode-bootstrap-2@group-0AAC5367B30E: appendEntries* reply omNode-1<-omNode-bootstrap-2#205:FAIL-t1,INCONSISTENCY,nextIndex=0,followerCommit=-1,matchIndex=-1
2024-09-18 12:54:54,204 [grpc-default-executor-0] INFO  impl.SnapshotInstallationHandler (SnapshotInstallationHandler.java:installSnapshot(92)) - omNode-bootstrap-2@group-0AAC5367B30E: receive installSnapshot: omNode-1->omNode-bootstrap-2#0-t1,notify:(t:1, i:0)
2024-09-18 12:54:54,204 [grpc-default-executor-0] INFO  impl.SnapshotInstallationHandler (SnapshotInstallationHandler.java:installSnapshotImpl(138)) - omNode-bootstrap-2@group-0AAC5367B30E: set new configuration configurationEntry {
  peers {
    id: "omNode-1"
    address: "localhost:15015"
    startupRole: FOLLOWER
  }
}
 from snapshot
2024-09-18 12:54:54,204 [grpc-default-executor-0] INFO  server.RaftServer$Division (ServerState.java:setRaftConf(386)) - omNode-bootstrap-2@group-0AAC5367B30E: set configuration conf: {index: 0, cur=peers:[omNode-1|localhost:15015]|listeners:[], old=null}
2024-09-18 12:54:54,205 [grpc-default-executor-1] WARN  server.GrpcLogAppender (GrpcLogAppender.java:onNextImpl(519)) - omNode-1@group-0AAC5367B30E->omNode-bootstrap-2-AppendLogResponseHandler: received INCONSISTENCY reply with nextIndex 0, errorCount=1, request=AppendEntriesRequest:cid=205,entriesCount=0
2024-09-18 12:54:54,205 [grpc-default-executor-0] INFO  ratis.OzoneManagerStateMachine (OzoneManagerStateMachine.java:notifyConfigurationChanged(216)) - Received Configuration change notification from Ratis. New Peer list:
[id: "omNode-1"
address: "localhost:15015"
startupRole: FOLLOWER
]
2024-09-18 12:54:54,206 [grpc-default-executor-0] INFO  impl.SnapshotInstallationHandler (SnapshotInstallationHandler.java:installSnapshot(103)) - omNode-bootstrap-2@group-0AAC5367B30E: reply installSnapshot: omNode-1<-omNode-bootstrap-2#0:FAIL-t1,IN_PROGRESS,snapshotIndex=0
2024-09-18 12:54:54,206 [grpc-default-executor-0] INFO  server.GrpcServerProtocolService (GrpcServerProtocolService.java:onCompleted(157)) - omNode-bootstrap-2: Completed INSTALL_SNAPSHOT, lastRequest: omNode-1->omNode-bootstrap-2#0-t1,notify:(t:1, i:0)
2024-09-18 12:54:54,206 [grpc-default-executor-0] INFO  server.GrpcServerProtocolService (GrpcServerProtocolService.java:lambda$onCompleted$5(159)) - omNode-bootstrap-2: Completed INSTALL_SNAPSHOT, lastReply: null
2024-09-18 12:54:54,206 [grpc-default-executor-0] INFO  server.GrpcLogAppender (GrpcLogAppender.java:onNext(649)) - omNode-1@group-0AAC5367B30E->omNode-bootstrap-2-InstallSnapshotResponseHandler: received a reply omNode-1<-omNode-bootstrap-2#0:FAIL-t1,IN_PROGRESS,snapshotIndex=0
2024-09-18 12:54:54,206 [grpc-default-executor-0] INFO  server.GrpcLogAppender (GrpcLogAppender.java:onNext(665)) - omNode-1@group-0AAC5367B30E->omNode-bootstrap-2-InstallSnapshotResponseHandler: InstallSnapshot in progress.
2024-09-18 12:54:54,207 [omNode-bootstrap-2-server-thread1] INFO  server.RaftServer$Division (RaftServerImpl.java:checkInconsistentAppendEntries(1629)) - omNode-bootstrap-2@group-0AAC5367B30E: Failed appendEntries as snapshot (0) installation is in progress
2024-09-18 12:54:54,207 [omNode-bootstrap-2-server-thread1] INFO  server.RaftServer$Division (RaftServerImpl.java:appendEntriesAsync(1584)) - omNode-bootstrap-2@group-0AAC5367B30E: appendEntries* reply omNode-1<-omNode-bootstrap-2#206:FAIL-t1,INCONSISTENCY,nextIndex=0,followerCommit=-1,matchIndex=-1
2024-09-18 12:54:54,208 [grpc-default-executor-0] WARN  server.GrpcLogAppender (GrpcLogAppender.java:onNextImpl(519)) - omNode-1@group-0AAC5367B30E->omNode-bootstrap-2-AppendLogResponseHandler: received INCONSISTENCY reply with nextIndex 0, errorCount=1, request=AppendEntriesRequest:cid=206,entriesCount=0
2024-09-18 12:54:54,208 [omNode-1@group-0AAC5367B30E->omNode-bootstrap-2-GrpcLogAppender-LogAppenderDaemon] INFO  server.GrpcLogAppender (GrpcLogAppender.java:notifyInstallSnapshot(790)) - omNode-1@group-0AAC5367B30E->omNode-bootstrap-2-GrpcLogAppender: notifyInstallSnapshot with firstAvailable=(t:1, i:0), followerNextIndex=0
2024-09-18 12:54:54,208 [omNode-1@group-0AAC5367B30E->omNode-bootstrap-2-GrpcLogAppender-LogAppenderDaemon] INFO  server.GrpcLogAppender (GrpcLogAppender.java:notifyInstallSnapshot(798)) - omNode-1@group-0AAC5367B30E->omNode-bootstrap-2-GrpcLogAppender: send omNode-1->omNode-bootstrap-2#0-t1,notify:(t:1, i:0)
2024-09-18 12:54:54,209 [grpc-default-executor-0] INFO  impl.SnapshotInstallationHandler (SnapshotInstallationHandler.java:installSnapshot(92)) - omNode-bootstrap-2@group-0AAC5367B30E: receive installSnapshot: omNode-1->omNode-bootstrap-2#0-t1,notify:(t:1, i:0)
2024-09-18 12:54:54,209 [grpc-default-executor-0] INFO  impl.SnapshotInstallationHandler (SnapshotInstallationHandler.java:installSnapshotImpl(138)) - omNode-bootstrap-2@group-0AAC5367B30E: set new configuration configurationEntry {
  peers {
    id: "omNode-1"
    address: "localhost:15015"
    startupRole: FOLLOWER
  }
}
 from snapshot
2024-09-18 12:54:54,209 [grpc-default-executor-0] INFO  server.RaftServer$Division (ServerState.java:setRaftConf(386)) - omNode-bootstrap-2@group-0AAC5367B30E: set configuration conf: {index: 0, cur=peers:[omNode-1|localhost:15015]|listeners:[], old=null}
2024-09-18 12:54:54,211 [grpc-default-executor-0] INFO  ratis.OzoneManagerStateMachine (OzoneManagerStateMachine.java:notifyConfigurationChanged(216)) - Received Configuration change notification from Ratis. New Peer list:
[id: "omNode-1"
address: "localhost:15015"
startupRole: FOLLOWER
]
2024-09-18 12:54:54,211 [grpc-default-executor-0] INFO  impl.SnapshotInstallationHandler (SnapshotInstallationHandler.java:installSnapshot(103)) - omNode-bootstrap-2@group-0AAC5367B30E: reply installSnapshot: omNode-1<-omNode-bootstrap-2#0:FAIL-t1,IN_PROGRESS,snapshotIndex=0
2024-09-18 12:54:54,211 [grpc-default-executor-0] INFO  server.GrpcServerProtocolService (GrpcServerProtocolService.java:onCompleted(157)) - omNode-bootstrap-2: Completed INSTALL_SNAPSHOT, lastRequest: omNode-1->omNode-bootstrap-2#0-t1,notify:(t:1, i:0)
2024-09-18 12:54:54,211 [grpc-default-executor-0] INFO  server.GrpcServerProtocolService (GrpcServerProtocolService.java:lambda$onCompleted$5(159)) - omNode-bootstrap-2: Completed INSTALL_SNAPSHOT, lastReply: null
2024-09-18 12:54:54,211 [grpc-default-executor-0] INFO  server.GrpcLogAppender (GrpcLogAppender.java:onNext(649)) - omNode-1@group-0AAC5367B30E->omNode-bootstrap-2-InstallSnapshotResponseHandler: received a reply omNode-1<-omNode-bootstrap-2#0:FAIL-t1,IN_PROGRESS,snapshotIndex=0
2024-09-18 12:54:54,211 [grpc-default-executor-0] INFO  server.GrpcLogAppender (GrpcLogAppender.java:onNext(665)) - omNode-1@group-0AAC5367B30E->omNode-bootstrap-2-InstallSnapshotResponseHandler: InstallSnapshot in progress.
2024-09-18 12:54:54,212 [omNode-1@group-0AAC5367B30E->omNode-bootstrap-2-GrpcLogAppender-LogAppenderDaemon] INFO  server.GrpcLogAppender (GrpcLogAppender.java:notifyInstallSnapshot(790)) - omNode-1@group-0AAC5367B30E->omNode-bootstrap-2-GrpcLogAppender: notifyInstallSnapshot with firstAvailable=(t:1, i:0), followerNextIndex=0
2024-09-18 12:54:54,212 [omNode-1@group-0AAC5367B30E->omNode-bootstrap-2-GrpcLogAppender-LogAppenderDaemon] INFO  server.GrpcLogAppender (GrpcLogAppender.java:notifyInstallSnapshot(798)) - omNode-1@group-0AAC5367B30E->omNode-bootstrap-2-GrpcLogAppender: send omNode-1->omNode-bootstrap-2#0-t1,notify:(t:1, i:0)
2024-09-18 12:54:54,212 [omNode-bootstrap-2-server-thread1] INFO  server.RaftServer$Division (RaftServerImpl.java:checkInconsistentAppendEntries(1629)) - omNode-bootstrap-2@group-0AAC5367B30E: Failed appendEntries as snapshot (0) installation is in progress
2024-09-18 12:54:54,212 [omNode-bootstrap-2-server-thread1] INFO  server.RaftServer$Division (RaftServerImpl.java:appendEntriesAsync(1584)) - omNode-bootstrap-2@group-0AAC5367B30E: appendEntries* reply omNode-1<-omNode-bootstrap-2#207:FAIL-t1,INCONSISTENCY,nextIndex=0,followerCommit=-1,matchIndex=-1
2024-09-18 12:54:54,213 [grpc-default-executor-0] INFO  impl.SnapshotInstallationHandler (SnapshotInstallationHandler.java:installSnapshot(92)) - omNode-bootstrap-2@group-0AAC5367B30E: receive installSnapshot: omNode-1->omNode-bootstrap-2#0-t1,notify:(t:1, i:0)
2024-09-18 12:54:54,213 [grpc-default-executor-0] INFO  impl.SnapshotInstallationHandler (SnapshotInstallationHandler.java:installSnapshotImpl(138)) - omNode-bootstrap-2@group-0AAC5367B30E: set new configuration configurationEntry {
  peers {
    id: "omNode-1"
    address: "localhost:15015"
    startupRole: FOLLOWER
  }
}
 from snapshot
2024-09-18 12:54:54,213 [grpc-default-executor-0] INFO  server.RaftServer$Division (ServerState.java:setRaftConf(386)) - omNode-bootstrap-2@group-0AAC5367B30E: set configuration conf: {index: 0, cur=peers:[omNode-1|localhost:15015]|listeners:[], old=null}
2024-09-18 12:54:54,214 [grpc-default-executor-3] WARN  server.GrpcLogAppender (GrpcLogAppender.java:onNextImpl(519)) - omNode-1@group-0AAC5367B30E->omNode-bootstrap-2-AppendLogResponseHandler: received INCONSISTENCY reply with nextIndex 0, errorCount=1, request=AppendEntriesRequest:cid=207,entriesCount=0
2024-09-18 12:54:54,215 [grpc-default-executor-0] INFO  ratis.OzoneManagerStateMachine (OzoneManagerStateMachine.java:notifyConfigurationChanged(216)) - Received Configuration change notification from Ratis. New Peer list:
[id: "omNode-1"
address: "localhost:15015"
startupRole: FOLLOWER
]
2024-09-18 12:54:54,215 [grpc-default-executor-0] INFO  impl.SnapshotInstallationHandler (SnapshotInstallationHandler.java:installSnapshot(103)) - omNode-bootstrap-2@group-0AAC5367B30E: reply installSnapshot: omNode-1<-omNode-bootstrap-2#0:FAIL-t1,IN_PROGRESS,snapshotIndex=0
2024-09-18 12:54:54,215 [grpc-default-executor-0] INFO  server.GrpcServerProtocolService (GrpcServerProtocolService.java:onCompleted(157)) - omNode-bootstrap-2: Completed INSTALL_SNAPSHOT, lastRequest: omNode-1->omNode-bootstrap-2#0-t1,notify:(t:1, i:0)
2024-09-18 12:54:54,216 [grpc-default-executor-0] INFO  server.GrpcServerProtocolService (GrpcServerProtocolService.java:lambda$onCompleted$5(159)) - omNode-bootstrap-2: Completed INSTALL_SNAPSHOT, lastReply: null
2024-09-18 12:54:54,216 [grpc-default-executor-4] INFO  server.GrpcLogAppender (GrpcLogAppender.java:onNext(649)) - omNode-1@group-0AAC5367B30E->omNode-bootstrap-2-InstallSnapshotResponseHandler: received a reply omNode-1<-omNode-bootstrap-2#0:FAIL-t1,IN_PROGRESS,snapshotIndex=0
2024-09-18 12:54:54,216 [grpc-default-executor-4] INFO  server.GrpcLogAppender (GrpcLogAppender.java:onNext(665)) - omNode-1@group-0AAC5367B30E->omNode-bootstrap-2-InstallSnapshotResponseHandler: InstallSnapshot in progress.
2024-09-18 12:54:54,217 [omNode-bootstrap-2-server-thread1] INFO  server.RaftServer$Division (RaftServerImpl.java:checkInconsistentAppendEntries(1629)) - omNode-bootstrap-2@group-0AAC5367B30E: Failed appendEntries as snapshot (0) installation is in progress
2024-09-18 12:54:54,217 [omNode-bootstrap-2-server-thread1] INFO  server.RaftServer$Division (RaftServerImpl.java:appendEntriesAsync(1584)) - omNode-bootstrap-2@group-0AAC5367B30E: appendEntries* reply omNode-1<-omNode-bootstrap-2#208:FAIL-t1,INCONSISTENCY,nextIndex=0,followerCommit=-1,matchIndex=-1
2024-09-18 12:54:54,217 [grpc-default-executor-4] WARN  server.GrpcLogAppender (GrpcLogAppender.java:onNextImpl(519)) - omNode-1@group-0AAC5367B30E->omNode-bootstrap-2-AppendLogResponseHandler: received INCONSISTENCY reply with nextIndex 0, errorCount=1, request=AppendEntriesRequest:cid=208,entriesCount=0
2024-09-18 12:54:54,217 [omNode-1@group-0AAC5367B30E->omNode-bootstrap-2-GrpcLogAppender-LogAppenderDaemon] INFO  server.GrpcLogAppender (GrpcLogAppender.java:notifyInstallSnapshot(790)) - omNode-1@group-0AAC5367B30E->omNode-bootstrap-2-GrpcLogAppender: notifyInstallSnapshot with firstAvailable=(t:1, i:0), followerNextIndex=0
2024-09-18 12:54:54,217 [omNode-1@group-0AAC5367B30E->omNode-bootstrap-2-GrpcLogAppender-LogAppenderDaemon] INFO  server.GrpcLogAppender (GrpcLogAppender.java:notifyInstallSnapshot(798)) - omNode-1@group-0AAC5367B30E->omNode-bootstrap-2-GrpcLogAppender: send omNode-1->omNode-bootstrap-2#0-t1,notify:(t:1, i:0)
2024-09-18 12:54:54,218 [grpc-default-executor-4] INFO  impl.SnapshotInstallationHandler (SnapshotInstallationHandler.java:installSnapshot(92)) - omNode-bootstrap-2@group-0AAC5367B30E: receive installSnapshot: omNode-1->omNode-bootstrap-2#0-t1,notify:(t:1, i:0)
2024-09-18 12:54:54,218 [grpc-default-executor-4] INFO  impl.SnapshotInstallationHandler (SnapshotInstallationHandler.java:installSnapshotImpl(138)) - omNode-bootstrap-2@group-0AAC5367B30E: set new configuration configurationEntry {
  peers {
    id: "omNode-1"
    address: "localhost:15015"
    startupRole: FOLLOWER
  }
}
 from snapshot
2024-09-18 12:54:54,219 [grpc-default-executor-4] INFO  server.RaftServer$Division (ServerState.java:setRaftConf(386)) - omNode-bootstrap-2@group-0AAC5367B30E: set configuration conf: {index: 0, cur=peers:[omNode-1|localhost:15015]|listeners:[], old=null}
2024-09-18 12:54:54,220 [grpc-default-executor-4] INFO  ratis.OzoneManagerStateMachine (OzoneManagerStateMachine.java:notifyConfigurationChanged(216)) - Received Configuration change notification from Ratis. New Peer list:
[id: "omNode-1"
address: "localhost:15015"
startupRole: FOLLOWER
]
2024-09-18 12:54:54,220 [grpc-default-executor-4] INFO  impl.SnapshotInstallationHandler (SnapshotInstallationHandler.java:installSnapshot(103)) - omNode-bootstrap-2@group-0AAC5367B30E: reply installSnapshot: omNode-1<-omNode-bootstrap-2#0:FAIL-t1,IN_PROGRESS,snapshotIndex=0
2024-09-18 12:54:54,220 [grpc-default-executor-4] INFO  server.GrpcServerProtocolService (GrpcServerProtocolService.java:onCompleted(157)) - omNode-bootstrap-2: Completed INSTALL_SNAPSHOT, lastRequest: omNode-1->omNode-bootstrap-2#0-t1,notify:(t:1, i:0)
2024-09-18 12:54:54,220 [grpc-default-executor-4] INFO  server.GrpcServerProtocolService (GrpcServerProtocolService.java:lambda$onCompleted$5(159)) - omNode-bootstrap-2: Completed INSTALL_SNAPSHOT, lastReply: null
2024-09-18 12:54:54,221 [grpc-default-executor-4] INFO  server.GrpcLogAppender (GrpcLogAppender.java:onNext(649)) - omNode-1@group-0AAC5367B30E->omNode-bootstrap-2-InstallSnapshotResponseHandler: received a reply omNode-1<-omNode-bootstrap-2#0:FAIL-t1,IN_PROGRESS,snapshotIndex=0
2024-09-18 12:54:54,221 [grpc-default-executor-4] INFO  server.GrpcLogAppender (GrpcLogAppender.java:onNext(665)) - omNode-1@group-0AAC5367B30E->omNode-bootstrap-2-InstallSnapshotResponseHandler: InstallSnapshot in progress.
2024-09-18 12:54:54,221 [omNode-1@group-0AAC5367B30E->omNode-bootstrap-2-GrpcLogAppender-LogAppenderDaemon] INFO  server.GrpcLogAppender (GrpcLogAppender.java:notifyInstallSnapshot(790)) - omNode-1@group-0AAC5367B30E->omNode-bootstrap-2-GrpcLogAppender: notifyInstallSnapshot with firstAvailable=(t:1, i:0), followerNextIndex=0
2024-09-18 12:54:54,221 [omNode-1@group-0AAC5367B30E->omNode-bootstrap-2-GrpcLogAppender-LogAppenderDaemon] INFO  server.GrpcLogAppender (GrpcLogAppender.java:notifyInstallSnapshot(798)) - omNode-1@group-0AAC5367B30E->omNode-bootstrap-2-GrpcLogAppender: send omNode-1->omNode-bootstrap-2#0-t1,notify:(t:1, i:0)
2024-09-18 12:54:54,222 [omNode-bootstrap-2-server-thread1] INFO  server.RaftServer$Division (RaftServerImpl.java:checkInconsistentAppendEntries(1629)) - omNode-bootstrap-2@group-0AAC5367B30E: Failed appendEntries as snapshot (0) installation is in progress
2024-09-18 12:54:54,222 [omNode-bootstrap-2-server-thread1] INFO  server.RaftServer$Division (RaftServerImpl.java:appendEntriesAsync(1584)) - omNode-bootstrap-2@group-0AAC5367B30E: appendEntries* reply omNode-1<-omNode-bootstrap-2#209:FAIL-t1,INCONSISTENCY,nextIndex=0,followerCommit=-1,matchIndex=-1
2024-09-18 12:54:54,223 [grpc-default-executor-0] INFO  impl.SnapshotInstallationHandler (SnapshotInstallationHandler.java:installSnapshot(92)) - omNode-bootstrap-2@group-0AAC5367B30E: receive installSnapshot: omNode-1->omNode-bootstrap-2#0-t1,notify:(t:1, i:0)
2024-09-18 12:54:54,223 [grpc-default-executor-0] INFO  impl.SnapshotInstallationHandler (SnapshotInstallationHandler.java:installSnapshotImpl(138)) - omNode-bootstrap-2@group-0AAC5367B30E: set new configuration configurationEntry {
  peers {
    id: "omNode-1"
    address: "localhost:15015"
    startupRole: FOLLOWER
  }
}
 from snapshot
2024-09-18 12:54:54,223 [grpc-default-executor-0] INFO  server.RaftServer$Division (ServerState.java:setRaftConf(386)) - omNode-bootstrap-2@group-0AAC5367B30E: set configuration conf: {index: 0, cur=peers:[omNode-1|localhost:15015]|listeners:[], old=null}
2024-09-18 12:54:54,224 [grpc-default-executor-4] WARN  server.GrpcLogAppender (GrpcLogAppender.java:onNextImpl(519)) - omNode-1@group-0AAC5367B30E->omNode-bootstrap-2-AppendLogResponseHandler: received INCONSISTENCY reply with nextIndex 0, errorCount=1, request=AppendEntriesRequest:cid=209,entriesCount=0
2024-09-18 12:54:54,224 [grpc-default-executor-0] INFO  ratis.OzoneManagerStateMachine (OzoneManagerStateMachine.java:notifyConfigurationChanged(216)) - Received Configuration change notification from Ratis. New Peer list:
[id: "omNode-1"
address: "localhost:15015"
startupRole: FOLLOWER
]
2024-09-18 12:54:54,224 [grpc-default-executor-0] INFO  impl.SnapshotInstallationHandler (SnapshotInstallationHandler.java:installSnapshot(103)) - omNode-bootstrap-2@group-0AAC5367B30E: reply installSnapshot: omNode-1<-omNode-bootstrap-2#0:FAIL-t1,IN_PROGRESS,snapshotIndex=0
2024-09-18 12:54:54,224 [grpc-default-executor-0] INFO  server.GrpcServerProtocolService (GrpcServerProtocolService.java:onCompleted(157)) - omNode-bootstrap-2: Completed INSTALL_SNAPSHOT, lastRequest: omNode-1->omNode-bootstrap-2#0-t1,notify:(t:1, i:0)
2024-09-18 12:54:54,225 [grpc-default-executor-0] INFO  server.GrpcServerProtocolService (GrpcServerProtocolService.java:lambda$onCompleted$5(159)) - omNode-bootstrap-2: Completed INSTALL_SNAPSHOT, lastReply: null
2024-09-18 12:54:54,225 [grpc-default-executor-0] INFO  server.GrpcLogAppender (GrpcLogAppender.java:onNext(649)) - omNode-1@group-0AAC5367B30E->omNode-bootstrap-2-InstallSnapshotResponseHandler: received a reply omNode-1<-omNode-bootstrap-2#0:FAIL-t1,IN_PROGRESS,snapshotIndex=0
2024-09-18 12:54:54,225 [grpc-default-executor-0] INFO  server.GrpcLogAppender (GrpcLogAppender.java:onNext(665)) - omNode-1@group-0AAC5367B30E->omNode-bootstrap-2-InstallSnapshotResponseHandler: InstallSnapshot in progress.
2024-09-18 12:54:54,226 [omNode-bootstrap-2-server-thread1] INFO  server.RaftServer$Division (RaftServerImpl.java:checkInconsistentAppendEntries(1629)) - omNode-bootstrap-2@group-0AAC5367B30E: Failed appendEntries as snapshot (0) installation is in progress
2024-09-18 12:54:54,226 [omNode-bootstrap-2-server-thread1] INFO  server.RaftServer$Division (RaftServerImpl.java:appendEntriesAsync(1584)) - omNode-bootstrap-2@group-0AAC5367B30E: appendEntries* reply omNode-1<-omNode-bootstrap-2#210:FAIL-t1,INCONSISTENCY,nextIndex=0,followerCommit=-1,matchIndex=-1
2024-09-18 12:54:54,226 [grpc-default-executor-0] WARN  server.GrpcLogAppender (GrpcLogAppender.java:onNextImpl(519)) - omNode-1@group-0AAC5367B30E->omNode-bootstrap-2-AppendLogResponseHandler: received INCONSISTENCY reply with nextIndex 0, errorCount=1, request=AppendEntriesRequest:cid=210,entriesCount=0
2024-09-18 12:54:54,226 [omNode-1@group-0AAC5367B30E->omNode-bootstrap-2-GrpcLogAppender-LogAppenderDaemon] INFO  server.GrpcLogAppender (GrpcLogAppender.java:notifyInstallSnapshot(790)) - omNode-1@group-0AAC5367B30E->omNode-bootstrap-2-GrpcLogAppender: notifyInstallSnapshot with firstAvailable=(t:1, i:0), followerNextIndex=0
2024-09-18 12:54:54,227 [omNode-1@group-0AAC5367B30E->omNode-bootstrap-2-GrpcLogAppender-LogAppenderDaemon] INFO  server.GrpcLogAppender (GrpcLogAppender.java:notifyInstallSnapshot(798)) - omNode-1@group-0AAC5367B30E->omNode-bootstrap-2-GrpcLogAppender: send omNode-1->omNode-bootstrap-2#0-t1,notify:(t:1, i:0)
2024-09-18 12:54:54,227 [grpc-default-executor-0] INFO  impl.SnapshotInstallationHandler (SnapshotInstallationHandler.java:installSnapshot(92)) - omNode-bootstrap-2@group-0AAC5367B30E: receive installSnapshot: omNode-1->omNode-bootstrap-2#0-t1,notify:(t:1, i:0)
2024-09-18 12:54:54,228 [grpc-default-executor-0] INFO  impl.SnapshotInstallationHandler (SnapshotInstallationHandler.java:installSnapshotImpl(138)) - omNode-bootstrap-2@group-0AAC5367B30E: set new configuration configurationEntry {
  peers {
    id: "omNode-1"
    address: "localhost:15015"
    startupRole: FOLLOWER
  }
}
 from snapshot
2024-09-18 12:54:54,228 [grpc-default-executor-0] INFO  server.RaftServer$Division (ServerState.java:setRaftConf(386)) - omNode-bootstrap-2@group-0AAC5367B30E: set configuration conf: {index: 0, cur=peers:[omNode-1|localhost:15015]|listeners:[], old=null}
2024-09-18 12:54:54,229 [grpc-default-executor-0] INFO  ratis.OzoneManagerStateMachine (OzoneManagerStateMachine.java:notifyConfigurationChanged(216)) - Received Configuration change notification from Ratis. New Peer list:
[id: "omNode-1"
address: "localhost:15015"
startupRole: FOLLOWER
]
2024-09-18 12:54:54,229 [grpc-default-executor-0] INFO  impl.SnapshotInstallationHandler (SnapshotInstallationHandler.java:installSnapshot(103)) - omNode-bootstrap-2@group-0AAC5367B30E: reply installSnapshot: omNode-1<-omNode-bootstrap-2#0:FAIL-t1,IN_PROGRESS,snapshotIndex=0
2024-09-18 12:54:54,230 [grpc-default-executor-0] INFO  server.GrpcServerProtocolService (GrpcServerProtocolService.java:onCompleted(157)) - omNode-bootstrap-2: Completed INSTALL_SNAPSHOT, lastRequest: omNode-1->omNode-bootstrap-2#0-t1,notify:(t:1, i:0)
2024-09-18 12:54:54,230 [grpc-default-executor-0] INFO  server.GrpcServerProtocolService (GrpcServerProtocolService.java:lambda$onCompleted$5(159)) - omNode-bootstrap-2: Completed INSTALL_SNAPSHOT, lastReply: null
2024-09-18 12:54:54,230 [grpc-default-executor-0] INFO  server.GrpcLogAppender (GrpcLogAppender.java:onNext(649)) - omNode-1@group-0AAC5367B30E->omNode-bootstrap-2-InstallSnapshotResponseHandler: received a reply omNode-1<-omNode-bootstrap-2#0:FAIL-t1,IN_PROGRESS,snapshotIndex=0
2024-09-18 12:54:54,230 [grpc-default-executor-0] INFO  server.GrpcLogAppender (GrpcLogAppender.java:onNext(665)) - omNode-1@group-0AAC5367B30E->omNode-bootstrap-2-InstallSnapshotResponseHandler: InstallSnapshot in progress.
2024-09-18 12:54:54,231 [omNode-1@group-0AAC5367B30E->omNode-bootstrap-2-GrpcLogAppender-LogAppenderDaemon] INFO  server.GrpcLogAppender (GrpcLogAppender.java:notifyInstallSnapshot(790)) - omNode-1@group-0AAC5367B30E->omNode-bootstrap-2-GrpcLogAppender: notifyInstallSnapshot with firstAvailable=(t:1, i:0), followerNextIndex=0
2024-09-18 12:54:54,231 [omNode-1@group-0AAC5367B30E->omNode-bootstrap-2-GrpcLogAppender-LogAppenderDaemon] INFO  server.GrpcLogAppender (GrpcLogAppender.java:notifyInstallSnapshot(798)) - omNode-1@group-0AAC5367B30E->omNode-bootstrap-2-GrpcLogAppender: send omNode-1->omNode-bootstrap-2#0-t1,notify:(t:1, i:0)
2024-09-18 12:54:54,232 [omNode-bootstrap-2-server-thread1] INFO  server.RaftServer$Division (RaftServerImpl.java:checkInconsistentAppendEntries(1629)) - omNode-bootstrap-2@group-0AAC5367B30E: Failed appendEntries as snapshot (0) installation is in progress
2024-09-18 12:54:54,232 [omNode-bootstrap-2-server-thread1] INFO  server.RaftServer$Division (RaftServerImpl.java:appendEntriesAsync(1584)) - omNode-bootstrap-2@group-0AAC5367B30E: appendEntries* reply omNode-1<-omNode-bootstrap-2#211:FAIL-t1,INCONSISTENCY,nextIndex=0,followerCommit=-1,matchIndex=-1
2024-09-18 12:54:54,232 [grpc-default-executor-4] INFO  impl.SnapshotInstallationHandler (SnapshotInstallationHandler.java:installSnapshot(92)) - omNode-bootstrap-2@group-0AAC5367B30E: receive installSnapshot: omNode-1->omNode-bootstrap-2#0-t1,notify:(t:1, i:0)
2024-09-18 12:54:54,232 [grpc-default-executor-4] INFO  impl.SnapshotInstallationHandler (SnapshotInstallationHandler.java:installSnapshotImpl(138)) - omNode-bootstrap-2@group-0AAC5367B30E: set new configuration configurationEntry {
  peers {
    id: "omNode-1"
    address: "localhost:15015"
    startupRole: FOLLOWER
  }
}
 from snapshot
2024-09-18 12:54:54,233 [grpc-default-executor-4] INFO  server.RaftServer$Division (ServerState.java:setRaftConf(386)) - omNode-bootstrap-2@group-0AAC5367B30E: set configuration conf: {index: 0, cur=peers:[omNode-1|localhost:15015]|listeners:[], old=null}
2024-09-18 12:54:54,233 [grpc-default-executor-3] WARN  server.GrpcLogAppender (GrpcLogAppender.java:onNextImpl(519)) - omNode-1@group-0AAC5367B30E->omNode-bootstrap-2-AppendLogResponseHandler: received INCONSISTENCY reply with nextIndex 0, errorCount=1, request=AppendEntriesRequest:cid=211,entriesCount=0
2024-09-18 12:54:54,236 [grpc-default-executor-4] INFO  ratis.OzoneManagerStateMachine (OzoneManagerStateMachine.java:notifyConfigurationChanged(216)) - Received Configuration change notification from Ratis. New Peer list:
[id: "omNode-1"
address: "localhost:15015"
startupRole: FOLLOWER
]
2024-09-18 12:54:54,237 [grpc-default-executor-4] INFO  impl.SnapshotInstallationHandler (SnapshotInstallationHandler.java:installSnapshot(103)) - omNode-bootstrap-2@group-0AAC5367B30E: reply installSnapshot: omNode-1<-omNode-bootstrap-2#0:FAIL-t1,IN_PROGRESS,snapshotIndex=0
2024-09-18 12:54:54,237 [grpc-default-executor-4] INFO  server.GrpcServerProtocolService (GrpcServerProtocolService.java:onCompleted(157)) - omNode-bootstrap-2: Completed INSTALL_SNAPSHOT, lastRequest: omNode-1->omNode-bootstrap-2#0-t1,notify:(t:1, i:0)
2024-09-18 12:54:54,237 [grpc-default-executor-4] INFO  server.GrpcServerProtocolService (GrpcServerProtocolService.java:lambda$onCompleted$5(159)) - omNode-bootstrap-2: Completed INSTALL_SNAPSHOT, lastReply: null
2024-09-18 12:54:54,237 [grpc-default-executor-0] INFO  server.GrpcLogAppender (GrpcLogAppender.java:onNext(649)) - omNode-1@group-0AAC5367B30E->omNode-bootstrap-2-InstallSnapshotResponseHandler: received a reply omNode-1<-omNode-bootstrap-2#0:FAIL-t1,IN_PROGRESS,snapshotIndex=0
2024-09-18 12:54:54,237 [grpc-default-executor-0] INFO  server.GrpcLogAppender (GrpcLogAppender.java:onNext(665)) - omNode-1@group-0AAC5367B30E->omNode-bootstrap-2-InstallSnapshotResponseHandler: InstallSnapshot in progress.
2024-09-18 12:54:54,238 [omNode-bootstrap-2-server-thread1] INFO  server.RaftServer$Division (RaftServerImpl.java:checkInconsistentAppendEntries(1629)) - omNode-bootstrap-2@group-0AAC5367B30E: Failed appendEntries as snapshot (0) installation is in progress
2024-09-18 12:54:54,238 [omNode-bootstrap-2-server-thread1] INFO  server.RaftServer$Division (RaftServerImpl.java:appendEntriesAsync(1584)) - omNode-bootstrap-2@group-0AAC5367B30E: appendEntries* reply omNode-1<-omNode-bootstrap-2#212:FAIL-t1,INCONSISTENCY,nextIndex=0,followerCommit=-1,matchIndex=-1
2024-09-18 12:54:54,239 [grpc-default-executor-0] WARN  server.GrpcLogAppender (GrpcLogAppender.java:onNextImpl(519)) - omNode-1@group-0AAC5367B30E->omNode-bootstrap-2-AppendLogResponseHandler: received INCONSISTENCY reply with nextIndex 0, errorCount=1, request=AppendEntriesRequest:cid=212,entriesCount=0
2024-09-18 12:54:54,239 [omNode-1@group-0AAC5367B30E->omNode-bootstrap-2-GrpcLogAppender-LogAppenderDaemon] INFO  server.GrpcLogAppender (GrpcLogAppender.java:notifyInstallSnapshot(790)) - omNode-1@group-0AAC5367B30E->omNode-bootstrap-2-GrpcLogAppender: notifyInstallSnapshot with firstAvailable=(t:1, i:0), followerNextIndex=0
2024-09-18 12:54:54,239 [omNode-1@group-0AAC5367B30E->omNode-bootstrap-2-GrpcLogAppender-LogAppenderDaemon] INFO  server.GrpcLogAppender (GrpcLogAppender.java:notifyInstallSnapshot(798)) - omNode-1@group-0AAC5367B30E->omNode-bootstrap-2-GrpcLogAppender: send omNode-1->omNode-bootstrap-2#0-t1,notify:(t:1, i:0)
2024-09-18 12:54:54,240 [grpc-default-executor-4] INFO  impl.SnapshotInstallationHandler (SnapshotInstallationHandler.java:installSnapshot(92)) - omNode-bootstrap-2@group-0AAC5367B30E: receive installSnapshot: omNode-1->omNode-bootstrap-2#0-t1,notify:(t:1, i:0)
2024-09-18 12:54:54,240 [grpc-default-executor-4] INFO  impl.SnapshotInstallationHandler (SnapshotInstallationHandler.java:installSnapshotImpl(138)) - omNode-bootstrap-2@group-0AAC5367B30E: set new configuration configurationEntry {
  peers {
    id: "omNode-1"
    address: "localhost:15015"
    startupRole: FOLLOWER
  }
}
 from snapshot
2024-09-18 12:54:54,240 [grpc-default-executor-4] INFO  server.RaftServer$Division (ServerState.java:setRaftConf(386)) - omNode-bootstrap-2@group-0AAC5367B30E: set configuration conf: {index: 0, cur=peers:[omNode-1|localhost:15015]|listeners:[], old=null}
2024-09-18 12:54:54,242 [grpc-default-executor-4] INFO  ratis.OzoneManagerStateMachine (OzoneManagerStateMachine.java:notifyConfigurationChanged(216)) - Received Configuration change notification from Ratis. New Peer list:
[id: "omNode-1"
address: "localhost:15015"
startupRole: FOLLOWER
]
2024-09-18 12:54:54,242 [grpc-default-executor-4] INFO  impl.SnapshotInstallationHandler (SnapshotInstallationHandler.java:installSnapshot(103)) - omNode-bootstrap-2@group-0AAC5367B30E: reply installSnapshot: omNode-1<-omNode-bootstrap-2#0:FAIL-t1,IN_PROGRESS,snapshotIndex=0
2024-09-18 12:54:54,242 [grpc-default-executor-4] INFO  server.GrpcServerProtocolService (GrpcServerProtocolService.java:onCompleted(157)) - omNode-bootstrap-2: Completed INSTALL_SNAPSHOT, lastRequest: omNode-1->omNode-bootstrap-2#0-t1,notify:(t:1, i:0)
2024-09-18 12:54:54,242 [grpc-default-executor-4] INFO  server.GrpcServerProtocolService (GrpcServerProtocolService.java:lambda$onCompleted$5(159)) - omNode-bootstrap-2: Completed INSTALL_SNAPSHOT, lastReply: null
2024-09-18 12:54:54,243 [grpc-default-executor-0] INFO  server.GrpcLogAppender (GrpcLogAppender.java:onNext(649)) - omNode-1@group-0AAC5367B30E->omNode-bootstrap-2-InstallSnapshotResponseHandler: received a reply omNode-1<-omNode-bootstrap-2#0:FAIL-t1,IN_PROGRESS,snapshotIndex=0
2024-09-18 12:54:54,243 [grpc-default-executor-0] INFO  server.GrpcLogAppender (GrpcLogAppender.java:onNext(665)) - omNode-1@group-0AAC5367B30E->omNode-bootstrap-2-InstallSnapshotResponseHandler: InstallSnapshot in progress.
2024-09-18 12:54:54,243 [omNode-1@group-0AAC5367B30E->omNode-bootstrap-2-GrpcLogAppender-LogAppenderDaemon] INFO  server.GrpcLogAppender (GrpcLogAppender.java:notifyInstallSnapshot(790)) - omNode-1@group-0AAC5367B30E->omNode-bootstrap-2-GrpcLogAppender: notifyInstallSnapshot with firstAvailable=(t:1, i:0), followerNextIndex=0
2024-09-18 12:54:54,243 [omNode-1@group-0AAC5367B30E->omNode-bootstrap-2-GrpcLogAppender-LogAppenderDaemon] INFO  server.GrpcLogAppender (GrpcLogAppender.java:notifyInstallSnapshot(798)) - omNode-1@group-0AAC5367B30E->omNode-bootstrap-2-GrpcLogAppender: send omNode-1->omNode-bootstrap-2#0-t1,notify:(t:1, i:0)
2024-09-18 12:54:54,244 [omNode-bootstrap-2-server-thread1] INFO  server.RaftServer$Division (RaftServerImpl.java:checkInconsistentAppendEntries(1629)) - omNode-bootstrap-2@group-0AAC5367B30E: Failed appendEntries as snapshot (0) installation is in progress
2024-09-18 12:54:54,244 [omNode-bootstrap-2-server-thread1] INFO  server.RaftServer$Division (RaftServerImpl.java:appendEntriesAsync(1584)) - omNode-bootstrap-2@group-0AAC5367B30E: appendEntries* reply omNode-1<-omNode-bootstrap-2#213:FAIL-t1,INCONSISTENCY,nextIndex=0,followerCommit=-1,matchIndex=-1
2024-09-18 12:54:54,244 [grpc-default-executor-3] INFO  impl.SnapshotInstallationHandler (SnapshotInstallationHandler.java:installSnapshot(92)) - omNode-bootstrap-2@group-0AAC5367B30E: receive installSnapshot: omNode-1->omNode-bootstrap-2#0-t1,notify:(t:1, i:0)
2024-09-18 12:54:54,245 [grpc-default-executor-3] INFO  impl.SnapshotInstallationHandler (SnapshotInstallationHandler.java:installSnapshotImpl(138)) - omNode-bootstrap-2@group-0AAC5367B30E: set new configuration configurationEntry {
  peers {
    id: "omNode-1"
    address: "localhost:15015"
    startupRole: FOLLOWER
  }
}
 from snapshot
2024-09-18 12:54:54,245 [grpc-default-executor-3] INFO  server.RaftServer$Division (ServerState.java:setRaftConf(386)) - omNode-bootstrap-2@group-0AAC5367B30E: set configuration conf: {index: 0, cur=peers:[omNode-1|localhost:15015]|listeners:[], old=null}
2024-09-18 12:54:54,245 [grpc-default-executor-0] WARN  server.GrpcLogAppender (GrpcLogAppender.java:onNextImpl(519)) - omNode-1@group-0AAC5367B30E->omNode-bootstrap-2-AppendLogResponseHandler: received INCONSISTENCY reply with nextIndex 0, errorCount=1, request=AppendEntriesRequest:cid=213,entriesCount=0
2024-09-18 12:54:54,246 [grpc-default-executor-3] INFO  ratis.OzoneManagerStateMachine (OzoneManagerStateMachine.java:notifyConfigurationChanged(216)) - Received Configuration change notification from Ratis. New Peer list:
[id: "omNode-1"
address: "localhost:15015"
startupRole: FOLLOWER
]
2024-09-18 12:54:54,246 [grpc-default-executor-3] INFO  impl.SnapshotInstallationHandler (SnapshotInstallationHandler.java:installSnapshot(103)) - omNode-bootstrap-2@group-0AAC5367B30E: reply installSnapshot: omNode-1<-omNode-bootstrap-2#0:FAIL-t1,IN_PROGRESS,snapshotIndex=0
2024-09-18 12:54:54,246 [grpc-default-executor-3] INFO  server.GrpcServerProtocolService (GrpcServerProtocolService.java:onCompleted(157)) - omNode-bootstrap-2: Completed INSTALL_SNAPSHOT, lastRequest: omNode-1->omNode-bootstrap-2#0-t1,notify:(t:1, i:0)
2024-09-18 12:54:54,246 [grpc-default-executor-3] INFO  server.GrpcServerProtocolService (GrpcServerProtocolService.java:lambda$onCompleted$5(159)) - omNode-bootstrap-2: Completed INSTALL_SNAPSHOT, lastReply: null
2024-09-18 12:54:54,247 [grpc-default-executor-3] INFO  server.GrpcLogAppender (GrpcLogAppender.java:onNext(649)) - omNode-1@group-0AAC5367B30E->omNode-bootstrap-2-InstallSnapshotResponseHandler: received a reply omNode-1<-omNode-bootstrap-2#0:FAIL-t1,IN_PROGRESS,snapshotIndex=0
2024-09-18 12:54:54,247 [grpc-default-executor-3] INFO  server.GrpcLogAppender (GrpcLogAppender.java:onNext(665)) - omNode-1@group-0AAC5367B30E->omNode-bootstrap-2-InstallSnapshotResponseHandler: InstallSnapshot in progress.
2024-09-18 12:54:54,247 [omNode-1@group-0AAC5367B30E->omNode-bootstrap-2-GrpcLogAppender-LogAppenderDaemon] INFO  server.GrpcLogAppender (GrpcLogAppender.java:notifyInstallSnapshot(790)) - omNode-1@group-0AAC5367B30E->omNode-bootstrap-2-GrpcLogAppender: notifyInstallSnapshot with firstAvailable=(t:1, i:0), followerNextIndex=0
2024-09-18 12:54:54,247 [omNode-1@group-0AAC5367B30E->omNode-bootstrap-2-GrpcLogAppender-LogAppenderDaemon] INFO  server.GrpcLogAppender (GrpcLogAppender.java:notifyInstallSnapshot(798)) - omNode-1@group-0AAC5367B30E->omNode-bootstrap-2-GrpcLogAppender: send omNode-1->omNode-bootstrap-2#0-t1,notify:(t:1, i:0)
2024-09-18 12:54:54,248 [omNode-bootstrap-2-server-thread1] INFO  server.RaftServer$Division (RaftServerImpl.java:checkInconsistentAppendEntries(1629)) - omNode-bootstrap-2@group-0AAC5367B30E: Failed appendEntries as snapshot (0) installation is in progress
2024-09-18 12:54:54,248 [omNode-bootstrap-2-server-thread1] INFO  server.RaftServer$Division (RaftServerImpl.java:appendEntriesAsync(1584)) - omNode-bootstrap-2@group-0AAC5367B30E: appendEntries* reply omNode-1<-omNode-bootstrap-2#214:FAIL-t1,INCONSISTENCY,nextIndex=0,followerCommit=-1,matchIndex=-1
2024-09-18 12:54:54,249 [grpc-default-executor-3] WARN  server.GrpcLogAppender (GrpcLogAppender.java:onNextImpl(519)) - omNode-1@group-0AAC5367B30E->omNode-bootstrap-2-AppendLogResponseHandler: received INCONSISTENCY reply with nextIndex 0, errorCount=1, request=AppendEntriesRequest:cid=214,entriesCount=0
2024-09-18 12:54:54,249 [grpc-default-executor-4] INFO  impl.SnapshotInstallationHandler (SnapshotInstallationHandler.java:installSnapshot(92)) - omNode-bootstrap-2@group-0AAC5367B30E: receive installSnapshot: omNode-1->omNode-bootstrap-2#0-t1,notify:(t:1, i:0)
2024-09-18 12:54:54,249 [grpc-default-executor-4] INFO  impl.SnapshotInstallationHandler (SnapshotInstallationHandler.java:installSnapshotImpl(138)) - omNode-bootstrap-2@group-0AAC5367B30E: set new configuration configurationEntry {
  peers {
    id: "omNode-1"
    address: "localhost:15015"
    startupRole: FOLLOWER
  }
}
 from snapshot
2024-09-18 12:54:54,250 [grpc-default-executor-4] INFO  server.RaftServer$Division (ServerState.java:setRaftConf(386)) - omNode-bootstrap-2@group-0AAC5367B30E: set configuration conf: {index: 0, cur=peers:[omNode-1|localhost:15015]|listeners:[], old=null}
2024-09-18 12:54:54,251 [grpc-default-executor-4] INFO  ratis.OzoneManagerStateMachine (OzoneManagerStateMachine.java:notifyConfigurationChanged(216)) - Received Configuration change notification from Ratis. New Peer list:
[id: "omNode-1"
address: "localhost:15015"
startupRole: FOLLOWER
]
2024-09-18 12:54:54,251 [grpc-default-executor-4] INFO  impl.SnapshotInstallationHandler (SnapshotInstallationHandler.java:installSnapshot(103)) - omNode-bootstrap-2@group-0AAC5367B30E: reply installSnapshot: omNode-1<-omNode-bootstrap-2#0:FAIL-t1,IN_PROGRESS,snapshotIndex=0
2024-09-18 12:54:54,252 [grpc-default-executor-3] INFO  server.GrpcLogAppender (GrpcLogAppender.java:onNext(649)) - omNode-1@group-0AAC5367B30E->omNode-bootstrap-2-InstallSnapshotResponseHandler: received a reply omNode-1<-omNode-bootstrap-2#0:FAIL-t1,IN_PROGRESS,snapshotIndex=0
2024-09-18 12:54:54,252 [grpc-default-executor-3] INFO  server.GrpcLogAppender (GrpcLogAppender.java:onNext(665)) - omNode-1@group-0AAC5367B30E->omNode-bootstrap-2-InstallSnapshotResponseHandler: InstallSnapshot in progress.
2024-09-18 12:54:54,252 [grpc-default-executor-4] INFO  server.GrpcServerProtocolService (GrpcServerProtocolService.java:onCompleted(157)) - omNode-bootstrap-2: Completed INSTALL_SNAPSHOT, lastRequest: omNode-1->omNode-bootstrap-2#0-t1,notify:(t:1, i:0)
2024-09-18 12:54:54,252 [grpc-default-executor-4] INFO  server.GrpcServerProtocolService (GrpcServerProtocolService.java:lambda$onCompleted$5(159)) - omNode-bootstrap-2: Completed INSTALL_SNAPSHOT, lastReply: null
2024-09-18 12:54:54,253 [omNode-1@group-0AAC5367B30E->omNode-bootstrap-2-GrpcLogAppender-LogAppenderDaemon] INFO  server.GrpcLogAppender (GrpcLogAppender.java:notifyInstallSnapshot(790)) - omNode-1@group-0AAC5367B30E->omNode-bootstrap-2-GrpcLogAppender: notifyInstallSnapshot with firstAvailable=(t:1, i:0), followerNextIndex=0
2024-09-18 12:54:54,253 [omNode-1@group-0AAC5367B30E->omNode-bootstrap-2-GrpcLogAppender-LogAppenderDaemon] INFO  server.GrpcLogAppender (GrpcLogAppender.java:notifyInstallSnapshot(798)) - omNode-1@group-0AAC5367B30E->omNode-bootstrap-2-GrpcLogAppender: send omNode-1->omNode-bootstrap-2#0-t1,notify:(t:1, i:0)
2024-09-18 12:54:54,254 [grpc-default-executor-0] INFO  impl.SnapshotInstallationHandler (SnapshotInstallationHandler.java:installSnapshot(92)) - omNode-bootstrap-2@group-0AAC5367B30E: receive installSnapshot: omNode-1->omNode-bootstrap-2#0-t1,notify:(t:1, i:0)
2024-09-18 12:54:54,254 [grpc-default-executor-0] INFO  impl.SnapshotInstallationHandler (SnapshotInstallationHandler.java:installSnapshotImpl(138)) - omNode-bootstrap-2@group-0AAC5367B30E: set new configuration configurationEntry {
  peers {
    id: "omNode-1"
    address: "localhost:15015"
    startupRole: FOLLOWER
  }
}
 from snapshot
2024-09-18 12:54:54,254 [grpc-default-executor-0] INFO  server.RaftServer$Division (ServerState.java:setRaftConf(386)) - omNode-bootstrap-2@group-0AAC5367B30E: set configuration conf: {index: 0, cur=peers:[omNode-1|localhost:15015]|listeners:[], old=null}
2024-09-18 12:54:54,255 [omNode-bootstrap-2-server-thread1] INFO  server.RaftServer$Division (RaftServerImpl.java:checkInconsistentAppendEntries(1629)) - omNode-bootstrap-2@group-0AAC5367B30E: Failed appendEntries as snapshot (0) installation is in progress
2024-09-18 12:54:54,255 [omNode-bootstrap-2-server-thread1] INFO  server.RaftServer$Division (RaftServerImpl.java:appendEntriesAsync(1584)) - omNode-bootstrap-2@group-0AAC5367B30E: appendEntries* reply omNode-1<-omNode-bootstrap-2#215:FAIL-t1,INCONSISTENCY,nextIndex=0,followerCommit=-1,matchIndex=-1
2024-09-18 12:54:54,255 [grpc-default-executor-1] WARN  server.GrpcLogAppender (GrpcLogAppender.java:onNextImpl(519)) - omNode-1@group-0AAC5367B30E->omNode-bootstrap-2-AppendLogResponseHandler: received INCONSISTENCY reply with nextIndex 0, errorCount=1, request=AppendEntriesRequest:cid=215,entriesCount=0
2024-09-18 12:54:54,256 [grpc-default-executor-0] INFO  ratis.OzoneManagerStateMachine (OzoneManagerStateMachine.java:notifyConfigurationChanged(216)) - Received Configuration change notification from Ratis. New Peer list:
[id: "omNode-1"
address: "localhost:15015"
startupRole: FOLLOWER
]
2024-09-18 12:54:54,256 [grpc-default-executor-0] INFO  impl.SnapshotInstallationHandler (SnapshotInstallationHandler.java:installSnapshot(103)) - omNode-bootstrap-2@group-0AAC5367B30E: reply installSnapshot: omNode-1<-omNode-bootstrap-2#0:FAIL-t1,IN_PROGRESS,snapshotIndex=0
2024-09-18 12:54:54,256 [grpc-default-executor-0] INFO  server.GrpcServerProtocolService (GrpcServerProtocolService.java:onCompleted(157)) - omNode-bootstrap-2: Completed INSTALL_SNAPSHOT, lastRequest: omNode-1->omNode-bootstrap-2#0-t1,notify:(t:1, i:0)
2024-09-18 12:54:54,256 [grpc-default-executor-0] INFO  server.GrpcServerProtocolService (GrpcServerProtocolService.java:lambda$onCompleted$5(159)) - omNode-bootstrap-2: Completed INSTALL_SNAPSHOT, lastReply: null
2024-09-18 12:54:54,257 [grpc-default-executor-0] INFO  server.GrpcLogAppender (GrpcLogAppender.java:onNext(649)) - omNode-1@group-0AAC5367B30E->omNode-bootstrap-2-InstallSnapshotResponseHandler: received a reply omNode-1<-omNode-bootstrap-2#0:FAIL-t1,IN_PROGRESS,snapshotIndex=0
2024-09-18 12:54:54,257 [grpc-default-executor-0] INFO  server.GrpcLogAppender (GrpcLogAppender.java:onNext(665)) - omNode-1@group-0AAC5367B30E->omNode-bootstrap-2-InstallSnapshotResponseHandler: InstallSnapshot in progress.
2024-09-18 12:54:54,257 [omNode-1@group-0AAC5367B30E->omNode-bootstrap-2-GrpcLogAppender-LogAppenderDaemon] INFO  server.GrpcLogAppender (GrpcLogAppender.java:notifyInstallSnapshot(790)) - omNode-1@group-0AAC5367B30E->omNode-bootstrap-2-GrpcLogAppender: notifyInstallSnapshot with firstAvailable=(t:1, i:0), followerNextIndex=0
2024-09-18 12:54:54,257 [omNode-1@group-0AAC5367B30E->omNode-bootstrap-2-GrpcLogAppender-LogAppenderDaemon] INFO  server.GrpcLogAppender (GrpcLogAppender.java:notifyInstallSnapshot(798)) - omNode-1@group-0AAC5367B30E->omNode-bootstrap-2-GrpcLogAppender: send omNode-1->omNode-bootstrap-2#0-t1,notify:(t:1, i:0)
2024-09-18 12:54:54,258 [omNode-bootstrap-2-server-thread1] INFO  server.RaftServer$Division (RaftServerImpl.java:checkInconsistentAppendEntries(1629)) - omNode-bootstrap-2@group-0AAC5367B30E: Failed appendEntries as snapshot (0) installation is in progress
2024-09-18 12:54:54,258 [omNode-bootstrap-2-server-thread1] INFO  server.RaftServer$Division (RaftServerImpl.java:appendEntriesAsync(1584)) - omNode-bootstrap-2@group-0AAC5367B30E: appendEntries* reply omNode-1<-omNode-bootstrap-2#216:FAIL-t1,INCONSISTENCY,nextIndex=0,followerCommit=-1,matchIndex=-1
2024-09-18 12:54:54,258 [grpc-default-executor-0] INFO  impl.SnapshotInstallationHandler (SnapshotInstallationHandler.java:installSnapshot(92)) - omNode-bootstrap-2@group-0AAC5367B30E: receive installSnapshot: omNode-1->omNode-bootstrap-2#0-t1,notify:(t:1, i:0)
2024-09-18 12:54:54,259 [grpc-default-executor-0] INFO  impl.SnapshotInstallationHandler (SnapshotInstallationHandler.java:installSnapshotImpl(138)) - omNode-bootstrap-2@group-0AAC5367B30E: set new configuration configurationEntry {
  peers {
    id: "omNode-1"
    address: "localhost:15015"
    startupRole: FOLLOWER
  }
}
 from snapshot
2024-09-18 12:54:54,259 [grpc-default-executor-0] INFO  server.RaftServer$Division (ServerState.java:setRaftConf(386)) - omNode-bootstrap-2@group-0AAC5367B30E: set configuration conf: {index: 0, cur=peers:[omNode-1|localhost:15015]|listeners:[], old=null}
2024-09-18 12:54:54,259 [grpc-default-executor-1] WARN  server.GrpcLogAppender (GrpcLogAppender.java:onNextImpl(519)) - omNode-1@group-0AAC5367B30E->omNode-bootstrap-2-AppendLogResponseHandler: received INCONSISTENCY reply with nextIndex 0, errorCount=1, request=AppendEntriesRequest:cid=216,entriesCount=0
2024-09-18 12:54:54,260 [grpc-default-executor-0] INFO  ratis.OzoneManagerStateMachine (OzoneManagerStateMachine.java:notifyConfigurationChanged(216)) - Received Configuration change notification from Ratis. New Peer list:
[id: "omNode-1"
address: "localhost:15015"
startupRole: FOLLOWER
]
2024-09-18 12:54:54,260 [grpc-default-executor-0] INFO  impl.SnapshotInstallationHandler (SnapshotInstallationHandler.java:installSnapshot(103)) - omNode-bootstrap-2@group-0AAC5367B30E: reply installSnapshot: omNode-1<-omNode-bootstrap-2#0:FAIL-t1,IN_PROGRESS,snapshotIndex=0
2024-09-18 12:54:54,260 [grpc-default-executor-0] INFO  server.GrpcServerProtocolService (GrpcServerProtocolService.java:onCompleted(157)) - omNode-bootstrap-2: Completed INSTALL_SNAPSHOT, lastRequest: omNode-1->omNode-bootstrap-2#0-t1,notify:(t:1, i:0)
2024-09-18 12:54:54,260 [grpc-default-executor-0] INFO  server.GrpcServerProtocolService (GrpcServerProtocolService.java:lambda$onCompleted$5(159)) - omNode-bootstrap-2: Completed INSTALL_SNAPSHOT, lastReply: null
2024-09-18 12:54:54,261 [grpc-default-executor-0] INFO  server.GrpcLogAppender (GrpcLogAppender.java:onNext(649)) - omNode-1@group-0AAC5367B30E->omNode-bootstrap-2-InstallSnapshotResponseHandler: received a reply omNode-1<-omNode-bootstrap-2#0:FAIL-t1,IN_PROGRESS,snapshotIndex=0
2024-09-18 12:54:54,261 [grpc-default-executor-0] INFO  server.GrpcLogAppender (GrpcLogAppender.java:onNext(665)) - omNode-1@group-0AAC5367B30E->omNode-bootstrap-2-InstallSnapshotResponseHandler: InstallSnapshot in progress.
2024-09-18 12:54:54,261 [omNode-1@group-0AAC5367B30E->omNode-bootstrap-2-GrpcLogAppender-LogAppenderDaemon] INFO  server.GrpcLogAppender (GrpcLogAppender.java:notifyInstallSnapshot(790)) - omNode-1@group-0AAC5367B30E->omNode-bootstrap-2-GrpcLogAppender: notifyInstallSnapshot with firstAvailable=(t:1, i:0), followerNextIndex=0
2024-09-18 12:54:54,261 [omNode-1@group-0AAC5367B30E->omNode-bootstrap-2-GrpcLogAppender-LogAppenderDaemon] INFO  server.GrpcLogAppender (GrpcLogAppender.java:notifyInstallSnapshot(798)) - omNode-1@group-0AAC5367B30E->omNode-bootstrap-2-GrpcLogAppender: send omNode-1->omNode-bootstrap-2#0-t1,notify:(t:1, i:0)
2024-09-18 12:54:54,262 [grpc-default-executor-3] INFO  impl.SnapshotInstallationHandler (SnapshotInstallationHandler.java:installSnapshot(92)) - omNode-bootstrap-2@group-0AAC5367B30E: receive installSnapshot: omNode-1->omNode-bootstrap-2#0-t1,notify:(t:1, i:0)
2024-09-18 12:54:54,262 [grpc-default-executor-3] INFO  impl.SnapshotInstallationHandler (SnapshotInstallationHandler.java:installSnapshotImpl(138)) - omNode-bootstrap-2@group-0AAC5367B30E: set new configuration configurationEntry {
  peers {
    id: "omNode-1"
    address: "localhost:15015"
    startupRole: FOLLOWER
  }
}
 from snapshot
2024-09-18 12:54:54,262 [grpc-default-executor-3] INFO  server.RaftServer$Division (ServerState.java:setRaftConf(386)) - omNode-bootstrap-2@group-0AAC5367B30E: set configuration conf: {index: 0, cur=peers:[omNode-1|localhost:15015]|listeners:[], old=null}
2024-09-18 12:54:54,263 [omNode-bootstrap-2-server-thread1] INFO  server.RaftServer$Division (RaftServerImpl.java:checkInconsistentAppendEntries(1629)) - omNode-bootstrap-2@group-0AAC5367B30E: Failed appendEntries as snapshot (0) installation is in progress
2024-09-18 12:54:54,263 [omNode-bootstrap-2-server-thread1] INFO  server.RaftServer$Division (RaftServerImpl.java:appendEntriesAsync(1584)) - omNode-bootstrap-2@group-0AAC5367B30E: appendEntries* reply omNode-1<-omNode-bootstrap-2#217:FAIL-t1,INCONSISTENCY,nextIndex=0,followerCommit=-1,matchIndex=-1
2024-09-18 12:54:54,263 [grpc-default-executor-1] WARN  server.GrpcLogAppender (GrpcLogAppender.java:onNextImpl(519)) - omNode-1@group-0AAC5367B30E->omNode-bootstrap-2-AppendLogResponseHandler: received INCONSISTENCY reply with nextIndex 0, errorCount=1, request=AppendEntriesRequest:cid=217,entriesCount=0
2024-09-18 12:54:54,264 [grpc-default-executor-3] INFO  ratis.OzoneManagerStateMachine (OzoneManagerStateMachine.java:notifyConfigurationChanged(216)) - Received Configuration change notification from Ratis. New Peer list:
[id: "omNode-1"
address: "localhost:15015"
startupRole: FOLLOWER
]
2024-09-18 12:54:54,264 [grpc-default-executor-3] INFO  impl.SnapshotInstallationHandler (SnapshotInstallationHandler.java:installSnapshot(103)) - omNode-bootstrap-2@group-0AAC5367B30E: reply installSnapshot: omNode-1<-omNode-bootstrap-2#0:FAIL-t1,IN_PROGRESS,snapshotIndex=0
2024-09-18 12:54:54,264 [grpc-default-executor-3] INFO  server.GrpcServerProtocolService (GrpcServerProtocolService.java:onCompleted(157)) - omNode-bootstrap-2: Completed INSTALL_SNAPSHOT, lastRequest: omNode-1->omNode-bootstrap-2#0-t1,notify:(t:1, i:0)
2024-09-18 12:54:54,264 [grpc-default-executor-3] INFO  server.GrpcServerProtocolService (GrpcServerProtocolService.java:lambda$onCompleted$5(159)) - omNode-bootstrap-2: Completed INSTALL_SNAPSHOT, lastReply: null
2024-09-18 12:54:54,265 [grpc-default-executor-3] INFO  server.GrpcLogAppender (GrpcLogAppender.java:onNext(649)) - omNode-1@group-0AAC5367B30E->omNode-bootstrap-2-InstallSnapshotResponseHandler: received a reply omNode-1<-omNode-bootstrap-2#0:FAIL-t1,IN_PROGRESS,snapshotIndex=0
2024-09-18 12:54:54,265 [grpc-default-executor-3] INFO  server.GrpcLogAppender (GrpcLogAppender.java:onNext(665)) - omNode-1@group-0AAC5367B30E->omNode-bootstrap-2-InstallSnapshotResponseHandler: InstallSnapshot in progress.
2024-09-18 12:54:54,265 [omNode-1@group-0AAC5367B30E->omNode-bootstrap-2-GrpcLogAppender-LogAppenderDaemon] INFO  server.GrpcLogAppender (GrpcLogAppender.java:notifyInstallSnapshot(790)) - omNode-1@group-0AAC5367B30E->omNode-bootstrap-2-GrpcLogAppender: notifyInstallSnapshot with firstAvailable=(t:1, i:0), followerNextIndex=0
2024-09-18 12:54:54,265 [omNode-1@group-0AAC5367B30E->omNode-bootstrap-2-GrpcLogAppender-LogAppenderDaemon] INFO  server.GrpcLogAppender (GrpcLogAppender.java:notifyInstallSnapshot(798)) - omNode-1@group-0AAC5367B30E->omNode-bootstrap-2-GrpcLogAppender: send omNode-1->omNode-bootstrap-2#0-t1,notify:(t:1, i:0)
2024-09-18 12:54:54,265 [omNode-bootstrap-2-server-thread1] INFO  server.RaftServer$Division (RaftServerImpl.java:checkInconsistentAppendEntries(1629)) - omNode-bootstrap-2@group-0AAC5367B30E: Failed appendEntries as snapshot (0) installation is in progress
2024-09-18 12:54:54,265 [omNode-bootstrap-2-server-thread1] INFO  server.RaftServer$Division (RaftServerImpl.java:appendEntriesAsync(1584)) - omNode-bootstrap-2@group-0AAC5367B30E: appendEntries* reply omNode-1<-omNode-bootstrap-2#218:FAIL-t1,INCONSISTENCY,nextIndex=0,followerCommit=-1,matchIndex=-1
2024-09-18 12:54:54,266 [grpc-default-executor-3] INFO  impl.SnapshotInstallationHandler (SnapshotInstallationHandler.java:installSnapshot(92)) - omNode-bootstrap-2@group-0AAC5367B30E: receive installSnapshot: omNode-1->omNode-bootstrap-2#0-t1,notify:(t:1, i:0)
2024-09-18 12:54:54,266 [grpc-default-executor-1] WARN  server.GrpcLogAppender (GrpcLogAppender.java:onNextImpl(519)) - omNode-1@group-0AAC5367B30E->omNode-bootstrap-2-AppendLogResponseHandler: received INCONSISTENCY reply with nextIndex 0, errorCount=1, request=AppendEntriesRequest:cid=218,entriesCount=0
2024-09-18 12:54:54,266 [grpc-default-executor-3] INFO  impl.SnapshotInstallationHandler (SnapshotInstallationHandler.java:installSnapshotImpl(138)) - omNode-bootstrap-2@group-0AAC5367B30E: set new configuration configurationEntry {
  peers {
    id: "omNode-1"
    address: "localhost:15015"
    startupRole: FOLLOWER
  }
}
 from snapshot
2024-09-18 12:54:54,266 [grpc-default-executor-3] INFO  server.RaftServer$Division (ServerState.java:setRaftConf(386)) - omNode-bootstrap-2@group-0AAC5367B30E: set configuration conf: {index: 0, cur=peers:[omNode-1|localhost:15015]|listeners:[], old=null}
2024-09-18 12:54:54,267 [grpc-default-executor-3] INFO  ratis.OzoneManagerStateMachine (OzoneManagerStateMachine.java:notifyConfigurationChanged(216)) - Received Configuration change notification from Ratis. New Peer list:
[id: "omNode-1"
address: "localhost:15015"
startupRole: FOLLOWER
]
2024-09-18 12:54:54,267 [grpc-default-executor-3] INFO  impl.SnapshotInstallationHandler (SnapshotInstallationHandler.java:installSnapshot(103)) - omNode-bootstrap-2@group-0AAC5367B30E: reply installSnapshot: omNode-1<-omNode-bootstrap-2#0:FAIL-t1,IN_PROGRESS,snapshotIndex=0
2024-09-18 12:54:54,268 [grpc-default-executor-3] INFO  server.GrpcServerProtocolService (GrpcServerProtocolService.java:onCompleted(157)) - omNode-bootstrap-2: Completed INSTALL_SNAPSHOT, lastRequest: omNode-1->omNode-bootstrap-2#0-t1,notify:(t:1, i:0)
2024-09-18 12:54:54,268 [grpc-default-executor-3] INFO  server.GrpcServerProtocolService (GrpcServerProtocolService.java:lambda$onCompleted$5(159)) - omNode-bootstrap-2: Completed INSTALL_SNAPSHOT, lastReply: null
2024-09-18 12:54:54,268 [grpc-default-executor-1] INFO  server.GrpcLogAppender (GrpcLogAppender.java:onNext(649)) - omNode-1@group-0AAC5367B30E->omNode-bootstrap-2-InstallSnapshotResponseHandler: received a reply omNode-1<-omNode-bootstrap-2#0:FAIL-t1,IN_PROGRESS,snapshotIndex=0
2024-09-18 12:54:54,268 [grpc-default-executor-1] INFO  server.GrpcLogAppender (GrpcLogAppender.java:onNext(665)) - omNode-1@group-0AAC5367B30E->omNode-bootstrap-2-InstallSnapshotResponseHandler: InstallSnapshot in progress.
2024-09-18 12:54:54,269 [omNode-1@group-0AAC5367B30E->omNode-bootstrap-2-GrpcLogAppender-LogAppenderDaemon] INFO  server.GrpcLogAppender (GrpcLogAppender.java:notifyInstallSnapshot(790)) - omNode-1@group-0AAC5367B30E->omNode-bootstrap-2-GrpcLogAppender: notifyInstallSnapshot with firstAvailable=(t:1, i:0), followerNextIndex=0
2024-09-18 12:54:54,269 [omNode-1@group-0AAC5367B30E->omNode-bootstrap-2-GrpcLogAppender-LogAppenderDaemon] INFO  server.GrpcLogAppender (GrpcLogAppender.java:notifyInstallSnapshot(798)) - omNode-1@group-0AAC5367B30E->omNode-bootstrap-2-GrpcLogAppender: send omNode-1->omNode-bootstrap-2#0-t1,notify:(t:1, i:0)
2024-09-18 12:54:54,269 [omNode-bootstrap-2-server-thread1] INFO  server.RaftServer$Division (RaftServerImpl.java:checkInconsistentAppendEntries(1629)) - omNode-bootstrap-2@group-0AAC5367B30E: Failed appendEntries as snapshot (0) installation is in progress
2024-09-18 12:54:54,269 [omNode-bootstrap-2-server-thread1] INFO  server.RaftServer$Division (RaftServerImpl.java:appendEntriesAsync(1584)) - omNode-bootstrap-2@group-0AAC5367B30E: appendEntries* reply omNode-1<-omNode-bootstrap-2#219:FAIL-t1,INCONSISTENCY,nextIndex=0,followerCommit=-1,matchIndex=-1
2024-09-18 12:54:54,269 [grpc-default-executor-1] WARN  server.GrpcLogAppender (GrpcLogAppender.java:onNextImpl(519)) - omNode-1@group-0AAC5367B30E->omNode-bootstrap-2-AppendLogResponseHandler: received INCONSISTENCY reply with nextIndex 0, errorCount=1, request=AppendEntriesRequest:cid=219,entriesCount=0
2024-09-18 12:54:54,270 [grpc-default-executor-1] INFO  impl.SnapshotInstallationHandler (SnapshotInstallationHandler.java:installSnapshot(92)) - omNode-bootstrap-2@group-0AAC5367B30E: receive installSnapshot: omNode-1->omNode-bootstrap-2#0-t1,notify:(t:1, i:0)
2024-09-18 12:54:54,270 [grpc-default-executor-1] INFO  impl.SnapshotInstallationHandler (SnapshotInstallationHandler.java:installSnapshotImpl(138)) - omNode-bootstrap-2@group-0AAC5367B30E: set new configuration configurationEntry {
  peers {
    id: "omNode-1"
    address: "localhost:15015"
    startupRole: FOLLOWER
  }
}
 from snapshot
2024-09-18 12:54:54,270 [grpc-default-executor-1] INFO  server.RaftServer$Division (ServerState.java:setRaftConf(386)) - omNode-bootstrap-2@group-0AAC5367B30E: set configuration conf: {index: 0, cur=peers:[omNode-1|localhost:15015]|listeners:[], old=null}
2024-09-18 12:54:54,272 [grpc-default-executor-1] INFO  ratis.OzoneManagerStateMachine (OzoneManagerStateMachine.java:notifyConfigurationChanged(216)) - Received Configuration change notification from Ratis. New Peer list:
[id: "omNode-1"
address: "localhost:15015"
startupRole: FOLLOWER
]
2024-09-18 12:54:54,272 [grpc-default-executor-1] INFO  impl.SnapshotInstallationHandler (SnapshotInstallationHandler.java:installSnapshot(103)) - omNode-bootstrap-2@group-0AAC5367B30E: reply installSnapshot: omNode-1<-omNode-bootstrap-2#0:FAIL-t1,IN_PROGRESS,snapshotIndex=0
2024-09-18 12:54:54,272 [grpc-default-executor-1] INFO  server.GrpcServerProtocolService (GrpcServerProtocolService.java:onCompleted(157)) - omNode-bootstrap-2: Completed INSTALL_SNAPSHOT, lastRequest: omNode-1->omNode-bootstrap-2#0-t1,notify:(t:1, i:0)
2024-09-18 12:54:54,272 [grpc-default-executor-1] INFO  server.GrpcServerProtocolService (GrpcServerProtocolService.java:lambda$onCompleted$5(159)) - omNode-bootstrap-2: Completed INSTALL_SNAPSHOT, lastReply: null
2024-09-18 12:54:54,272 [grpc-default-executor-3] INFO  server.GrpcLogAppender (GrpcLogAppender.java:onNext(649)) - omNode-1@group-0AAC5367B30E->omNode-bootstrap-2-InstallSnapshotResponseHandler: received a reply omNode-1<-omNode-bootstrap-2#0:FAIL-t1,IN_PROGRESS,snapshotIndex=0
2024-09-18 12:54:54,272 [grpc-default-executor-3] INFO  server.GrpcLogAppender (GrpcLogAppender.java:onNext(665)) - omNode-1@group-0AAC5367B30E->omNode-bootstrap-2-InstallSnapshotResponseHandler: InstallSnapshot in progress.
2024-09-18 12:54:54,273 [omNode-bootstrap-2-server-thread1] INFO  server.RaftServer$Division (RaftServerImpl.java:checkInconsistentAppendEntries(1629)) - omNode-bootstrap-2@group-0AAC5367B30E: Failed appendEntries as snapshot (0) installation is in progress
2024-09-18 12:54:54,273 [omNode-bootstrap-2-server-thread1] INFO  server.RaftServer$Division (RaftServerImpl.java:appendEntriesAsync(1584)) - omNode-bootstrap-2@group-0AAC5367B30E: appendEntries* reply omNode-1<-omNode-bootstrap-2#220:FAIL-t1,INCONSISTENCY,nextIndex=0,followerCommit=-1,matchIndex=-1
2024-09-18 12:54:54,273 [grpc-default-executor-3] WARN  server.GrpcLogAppender (GrpcLogAppender.java:onNextImpl(519)) - omNode-1@group-0AAC5367B30E->omNode-bootstrap-2-AppendLogResponseHandler: received INCONSISTENCY reply with nextIndex 0, errorCount=1, request=AppendEntriesRequest:cid=220,entriesCount=0
2024-09-18 12:54:54,274 [omNode-1@group-0AAC5367B30E->omNode-bootstrap-2-GrpcLogAppender-LogAppenderDaemon] INFO  server.GrpcLogAppender (GrpcLogAppender.java:notifyInstallSnapshot(790)) - omNode-1@group-0AAC5367B30E->omNode-bootstrap-2-GrpcLogAppender: notifyInstallSnapshot with firstAvailable=(t:1, i:0), followerNextIndex=0
2024-09-18 12:54:54,274 [omNode-1@group-0AAC5367B30E->omNode-bootstrap-2-GrpcLogAppender-LogAppenderDaemon] INFO  server.GrpcLogAppender (GrpcLogAppender.java:notifyInstallSnapshot(798)) - omNode-1@group-0AAC5367B30E->omNode-bootstrap-2-GrpcLogAppender: send omNode-1->omNode-bootstrap-2#0-t1,notify:(t:1, i:0)
2024-09-18 12:54:54,274 [grpc-default-executor-3] INFO  impl.SnapshotInstallationHandler (SnapshotInstallationHandler.java:installSnapshot(92)) - omNode-bootstrap-2@group-0AAC5367B30E: receive installSnapshot: omNode-1->omNode-bootstrap-2#0-t1,notify:(t:1, i:0)
2024-09-18 12:54:54,274 [grpc-default-executor-3] INFO  impl.SnapshotInstallationHandler (SnapshotInstallationHandler.java:installSnapshotImpl(138)) - omNode-bootstrap-2@group-0AAC5367B30E: set new configuration configurationEntry {
  peers {
    id: "omNode-1"
    address: "localhost:15015"
    startupRole: FOLLOWER
  }
}
 from snapshot
2024-09-18 12:54:54,275 [grpc-default-executor-3] INFO  server.RaftServer$Division (ServerState.java:setRaftConf(386)) - omNode-bootstrap-2@group-0AAC5367B30E: set configuration conf: {index: 0, cur=peers:[omNode-1|localhost:15015]|listeners:[], old=null}
2024-09-18 12:54:54,276 [grpc-default-executor-3] INFO  ratis.OzoneManagerStateMachine (OzoneManagerStateMachine.java:notifyConfigurationChanged(216)) - Received Configuration change notification from Ratis. New Peer list:
[id: "omNode-1"
address: "localhost:15015"
startupRole: FOLLOWER
]
2024-09-18 12:54:54,276 [grpc-default-executor-3] INFO  impl.SnapshotInstallationHandler (SnapshotInstallationHandler.java:installSnapshot(103)) - omNode-bootstrap-2@group-0AAC5367B30E: reply installSnapshot: omNode-1<-omNode-bootstrap-2#0:FAIL-t1,IN_PROGRESS,snapshotIndex=0
2024-09-18 12:54:54,276 [grpc-default-executor-3] INFO  server.GrpcServerProtocolService (GrpcServerProtocolService.java:onCompleted(157)) - omNode-bootstrap-2: Completed INSTALL_SNAPSHOT, lastRequest: omNode-1->omNode-bootstrap-2#0-t1,notify:(t:1, i:0)
2024-09-18 12:54:54,277 [grpc-default-executor-3] INFO  server.GrpcServerProtocolService (GrpcServerProtocolService.java:lambda$onCompleted$5(159)) - omNode-bootstrap-2: Completed INSTALL_SNAPSHOT, lastReply: null
2024-09-18 12:54:54,277 [grpc-default-executor-1] INFO  server.GrpcLogAppender (GrpcLogAppender.java:onNext(649)) - omNode-1@group-0AAC5367B30E->omNode-bootstrap-2-InstallSnapshotResponseHandler: received a reply omNode-1<-omNode-bootstrap-2#0:FAIL-t1,IN_PROGRESS,snapshotIndex=0
2024-09-18 12:54:54,277 [grpc-default-executor-1] INFO  server.GrpcLogAppender (GrpcLogAppender.java:onNext(665)) - omNode-1@group-0AAC5367B30E->omNode-bootstrap-2-InstallSnapshotResponseHandler: InstallSnapshot in progress.
2024-09-18 12:54:54,277 [omNode-1@group-0AAC5367B30E->omNode-bootstrap-2-GrpcLogAppender-LogAppenderDaemon] INFO  server.GrpcLogAppender (GrpcLogAppender.java:notifyInstallSnapshot(790)) - omNode-1@group-0AAC5367B30E->omNode-bootstrap-2-GrpcLogAppender: notifyInstallSnapshot with firstAvailable=(t:1, i:0), followerNextIndex=0
2024-09-18 12:54:54,277 [omNode-1@group-0AAC5367B30E->omNode-bootstrap-2-GrpcLogAppender-LogAppenderDaemon] INFO  server.GrpcLogAppender (GrpcLogAppender.java:notifyInstallSnapshot(798)) - omNode-1@group-0AAC5367B30E->omNode-bootstrap-2-GrpcLogAppender: send omNode-1->omNode-bootstrap-2#0-t1,notify:(t:1, i:0)
2024-09-18 12:54:54,278 [grpc-default-executor-1] INFO  impl.SnapshotInstallationHandler (SnapshotInstallationHandler.java:installSnapshot(92)) - omNode-bootstrap-2@group-0AAC5367B30E: receive installSnapshot: omNode-1->omNode-bootstrap-2#0-t1,notify:(t:1, i:0)
2024-09-18 12:54:54,278 [grpc-default-executor-1] INFO  impl.SnapshotInstallationHandler (SnapshotInstallationHandler.java:installSnapshotImpl(138)) - omNode-bootstrap-2@group-0AAC5367B30E: set new configuration configurationEntry {
  peers {
    id: "omNode-1"
    address: "localhost:15015"
    startupRole: FOLLOWER
  }
}
 from snapshot
2024-09-18 12:54:54,278 [grpc-default-executor-1] INFO  server.RaftServer$Division (ServerState.java:setRaftConf(386)) - omNode-bootstrap-2@group-0AAC5367B30E: set configuration conf: {index: 0, cur=peers:[omNode-1|localhost:15015]|listeners:[], old=null}
2024-09-18 12:54:54,279 [omNode-bootstrap-2-server-thread1] INFO  server.RaftServer$Division (RaftServerImpl.java:checkInconsistentAppendEntries(1629)) - omNode-bootstrap-2@group-0AAC5367B30E: Failed appendEntries as snapshot (0) installation is in progress
2024-09-18 12:54:54,279 [omNode-bootstrap-2-server-thread1] INFO  server.RaftServer$Division (RaftServerImpl.java:appendEntriesAsync(1584)) - omNode-bootstrap-2@group-0AAC5367B30E: appendEntries* reply omNode-1<-omNode-bootstrap-2#221:FAIL-t1,INCONSISTENCY,nextIndex=0,followerCommit=-1,matchIndex=-1
2024-09-18 12:54:54,279 [grpc-default-executor-0] WARN  server.GrpcLogAppender (GrpcLogAppender.java:onNextImpl(519)) - omNode-1@group-0AAC5367B30E->omNode-bootstrap-2-AppendLogResponseHandler: received INCONSISTENCY reply with nextIndex 0, errorCount=1, request=AppendEntriesRequest:cid=221,entriesCount=0
2024-09-18 12:54:54,280 [grpc-default-executor-1] INFO  ratis.OzoneManagerStateMachine (OzoneManagerStateMachine.java:notifyConfigurationChanged(216)) - Received Configuration change notification from Ratis. New Peer list:
[id: "omNode-1"
address: "localhost:15015"
startupRole: FOLLOWER
]
2024-09-18 12:54:54,280 [grpc-default-executor-1] INFO  impl.SnapshotInstallationHandler (SnapshotInstallationHandler.java:installSnapshot(103)) - omNode-bootstrap-2@group-0AAC5367B30E: reply installSnapshot: omNode-1<-omNode-bootstrap-2#0:FAIL-t1,IN_PROGRESS,snapshotIndex=0
2024-09-18 12:54:54,280 [grpc-default-executor-1] INFO  server.GrpcServerProtocolService (GrpcServerProtocolService.java:onCompleted(157)) - omNode-bootstrap-2: Completed INSTALL_SNAPSHOT, lastRequest: omNode-1->omNode-bootstrap-2#0-t1,notify:(t:1, i:0)
2024-09-18 12:54:54,280 [grpc-default-executor-1] INFO  server.GrpcServerProtocolService (GrpcServerProtocolService.java:lambda$onCompleted$5(159)) - omNode-bootstrap-2: Completed INSTALL_SNAPSHOT, lastReply: null
2024-09-18 12:54:54,281 [grpc-default-executor-1] INFO  server.GrpcLogAppender (GrpcLogAppender.java:onNext(649)) - omNode-1@group-0AAC5367B30E->omNode-bootstrap-2-InstallSnapshotResponseHandler: received a reply omNode-1<-omNode-bootstrap-2#0:FAIL-t1,IN_PROGRESS,snapshotIndex=0
2024-09-18 12:54:54,281 [grpc-default-executor-1] INFO  server.GrpcLogAppender (GrpcLogAppender.java:onNext(665)) - omNode-1@group-0AAC5367B30E->omNode-bootstrap-2-InstallSnapshotResponseHandler: InstallSnapshot in progress.
2024-09-18 12:54:54,281 [omNode-1@group-0AAC5367B30E->omNode-bootstrap-2-GrpcLogAppender-LogAppenderDaemon] INFO  server.GrpcLogAppender (GrpcLogAppender.java:notifyInstallSnapshot(790)) - omNode-1@group-0AAC5367B30E->omNode-bootstrap-2-GrpcLogAppender: notifyInstallSnapshot with firstAvailable=(t:1, i:0), followerNextIndex=0
2024-09-18 12:54:54,281 [omNode-1@group-0AAC5367B30E->omNode-bootstrap-2-GrpcLogAppender-LogAppenderDaemon] INFO  server.GrpcLogAppender (GrpcLogAppender.java:notifyInstallSnapshot(798)) - omNode-1@group-0AAC5367B30E->omNode-bootstrap-2-GrpcLogAppender: send omNode-1->omNode-bootstrap-2#0-t1,notify:(t:1, i:0)
2024-09-18 12:54:54,282 [omNode-bootstrap-2-server-thread1] INFO  server.RaftServer$Division (RaftServerImpl.java:checkInconsistentAppendEntries(1629)) - omNode-bootstrap-2@group-0AAC5367B30E: Failed appendEntries as snapshot (0) installation is in progress
2024-09-18 12:54:54,282 [omNode-bootstrap-2-server-thread1] INFO  server.RaftServer$Division (RaftServerImpl.java:appendEntriesAsync(1584)) - omNode-bootstrap-2@group-0AAC5367B30E: appendEntries* reply omNode-1<-omNode-bootstrap-2#222:FAIL-t1,INCONSISTENCY,nextIndex=0,followerCommit=-1,matchIndex=-1
2024-09-18 12:54:54,283 [grpc-default-executor-1] INFO  impl.SnapshotInstallationHandler (SnapshotInstallationHandler.java:installSnapshot(92)) - omNode-bootstrap-2@group-0AAC5367B30E: receive installSnapshot: omNode-1->omNode-bootstrap-2#0-t1,notify:(t:1, i:0)
2024-09-18 12:54:54,283 [grpc-default-executor-1] INFO  impl.SnapshotInstallationHandler (SnapshotInstallationHandler.java:installSnapshotImpl(138)) - omNode-bootstrap-2@group-0AAC5367B30E: set new configuration configurationEntry {
  peers {
    id: "omNode-1"
    address: "localhost:15015"
    startupRole: FOLLOWER
  }
}
 from snapshot
2024-09-18 12:54:54,283 [grpc-default-executor-1] INFO  server.RaftServer$Division (ServerState.java:setRaftConf(386)) - omNode-bootstrap-2@group-0AAC5367B30E: set configuration conf: {index: 0, cur=peers:[omNode-1|localhost:15015]|listeners:[], old=null}
2024-09-18 12:54:54,284 [grpc-default-executor-0] WARN  server.GrpcLogAppender (GrpcLogAppender.java:onNextImpl(519)) - omNode-1@group-0AAC5367B30E->omNode-bootstrap-2-AppendLogResponseHandler: received INCONSISTENCY reply with nextIndex 0, errorCount=1, request=AppendEntriesRequest:cid=222,entriesCount=0
2024-09-18 12:54:54,284 [grpc-default-executor-1] INFO  ratis.OzoneManagerStateMachine (OzoneManagerStateMachine.java:notifyConfigurationChanged(216)) - Received Configuration change notification from Ratis. New Peer list:
[id: "omNode-1"
address: "localhost:15015"
startupRole: FOLLOWER
]
2024-09-18 12:54:54,284 [grpc-default-executor-1] INFO  impl.SnapshotInstallationHandler (SnapshotInstallationHandler.java:installSnapshot(103)) - omNode-bootstrap-2@group-0AAC5367B30E: reply installSnapshot: omNode-1<-omNode-bootstrap-2#0:FAIL-t1,IN_PROGRESS,snapshotIndex=0
2024-09-18 12:54:54,284 [grpc-default-executor-1] INFO  server.GrpcServerProtocolService (GrpcServerProtocolService.java:onCompleted(157)) - omNode-bootstrap-2: Completed INSTALL_SNAPSHOT, lastRequest: omNode-1->omNode-bootstrap-2#0-t1,notify:(t:1, i:0)
2024-09-18 12:54:54,284 [grpc-default-executor-1] INFO  server.GrpcServerProtocolService (GrpcServerProtocolService.java:lambda$onCompleted$5(159)) - omNode-bootstrap-2: Completed INSTALL_SNAPSHOT, lastReply: null
2024-09-18 12:54:54,285 [grpc-default-executor-1] INFO  server.GrpcLogAppender (GrpcLogAppender.java:onNext(649)) - omNode-1@group-0AAC5367B30E->omNode-bootstrap-2-InstallSnapshotResponseHandler: received a reply omNode-1<-omNode-bootstrap-2#0:FAIL-t1,IN_PROGRESS,snapshotIndex=0
2024-09-18 12:54:54,285 [grpc-default-executor-1] INFO  server.GrpcLogAppender (GrpcLogAppender.java:onNext(665)) - omNode-1@group-0AAC5367B30E->omNode-bootstrap-2-InstallSnapshotResponseHandler: InstallSnapshot in progress.
2024-09-18 12:54:54,286 [omNode-bootstrap-2-server-thread1] INFO  server.RaftServer$Division (RaftServerImpl.java:checkInconsistentAppendEntries(1629)) - omNode-bootstrap-2@group-0AAC5367B30E: Failed appendEntries as snapshot (0) installation is in progress
2024-09-18 12:54:54,286 [omNode-bootstrap-2-server-thread1] INFO  server.RaftServer$Division (RaftServerImpl.java:appendEntriesAsync(1584)) - omNode-bootstrap-2@group-0AAC5367B30E: appendEntries* reply omNode-1<-omNode-bootstrap-2#223:FAIL-t1,INCONSISTENCY,nextIndex=0,followerCommit=-1,matchIndex=-1
2024-09-18 12:54:54,286 [grpc-default-executor-1] WARN  server.GrpcLogAppender (GrpcLogAppender.java:onNextImpl(519)) - omNode-1@group-0AAC5367B30E->omNode-bootstrap-2-AppendLogResponseHandler: received INCONSISTENCY reply with nextIndex 0, errorCount=1, request=AppendEntriesRequest:cid=223,entriesCount=0
2024-09-18 12:54:54,286 [omNode-1@group-0AAC5367B30E->omNode-bootstrap-2-GrpcLogAppender-LogAppenderDaemon] INFO  server.GrpcLogAppender (GrpcLogAppender.java:notifyInstallSnapshot(790)) - omNode-1@group-0AAC5367B30E->omNode-bootstrap-2-GrpcLogAppender: notifyInstallSnapshot with firstAvailable=(t:1, i:0), followerNextIndex=0
2024-09-18 12:54:54,286 [omNode-1@group-0AAC5367B30E->omNode-bootstrap-2-GrpcLogAppender-LogAppenderDaemon] INFO  server.GrpcLogAppender (GrpcLogAppender.java:notifyInstallSnapshot(798)) - omNode-1@group-0AAC5367B30E->omNode-bootstrap-2-GrpcLogAppender: send omNode-1->omNode-bootstrap-2#0-t1,notify:(t:1, i:0)
2024-09-18 12:54:54,287 [grpc-default-executor-1] INFO  impl.SnapshotInstallationHandler (SnapshotInstallationHandler.java:installSnapshot(92)) - omNode-bootstrap-2@group-0AAC5367B30E: receive installSnapshot: omNode-1->omNode-bootstrap-2#0-t1,notify:(t:1, i:0)
2024-09-18 12:54:54,287 [grpc-default-executor-1] INFO  impl.SnapshotInstallationHandler (SnapshotInstallationHandler.java:installSnapshotImpl(138)) - omNode-bootstrap-2@group-0AAC5367B30E: set new configuration configurationEntry {
  peers {
    id: "omNode-1"
    address: "localhost:15015"
    startupRole: FOLLOWER
  }
}
 from snapshot
2024-09-18 12:54:54,287 [grpc-default-executor-1] INFO  server.RaftServer$Division (ServerState.java:setRaftConf(386)) - omNode-bootstrap-2@group-0AAC5367B30E: set configuration conf: {index: 0, cur=peers:[omNode-1|localhost:15015]|listeners:[], old=null}
2024-09-18 12:54:54,288 [grpc-default-executor-1] INFO  ratis.OzoneManagerStateMachine (OzoneManagerStateMachine.java:notifyConfigurationChanged(216)) - Received Configuration change notification from Ratis. New Peer list:
[id: "omNode-1"
address: "localhost:15015"
startupRole: FOLLOWER
]
2024-09-18 12:54:54,288 [grpc-default-executor-1] INFO  impl.SnapshotInstallationHandler (SnapshotInstallationHandler.java:installSnapshot(103)) - omNode-bootstrap-2@group-0AAC5367B30E: reply installSnapshot: omNode-1<-omNode-bootstrap-2#0:FAIL-t1,IN_PROGRESS,snapshotIndex=0
2024-09-18 12:54:54,289 [grpc-default-executor-1] INFO  server.GrpcServerProtocolService (GrpcServerProtocolService.java:onCompleted(157)) - omNode-bootstrap-2: Completed INSTALL_SNAPSHOT, lastRequest: omNode-1->omNode-bootstrap-2#0-t1,notify:(t:1, i:0)
2024-09-18 12:54:54,289 [grpc-default-executor-1] INFO  server.GrpcServerProtocolService (GrpcServerProtocolService.java:lambda$onCompleted$5(159)) - omNode-bootstrap-2: Completed INSTALL_SNAPSHOT, lastReply: null
2024-09-18 12:54:54,289 [grpc-default-executor-1] INFO  server.GrpcLogAppender (GrpcLogAppender.java:onNext(649)) - omNode-1@group-0AAC5367B30E->omNode-bootstrap-2-InstallSnapshotResponseHandler: received a reply omNode-1<-omNode-bootstrap-2#0:FAIL-t1,IN_PROGRESS,snapshotIndex=0
2024-09-18 12:54:54,289 [grpc-default-executor-1] INFO  server.GrpcLogAppender (GrpcLogAppender.java:onNext(665)) - omNode-1@group-0AAC5367B30E->omNode-bootstrap-2-InstallSnapshotResponseHandler: InstallSnapshot in progress.
2024-09-18 12:54:54,290 [omNode-bootstrap-2-server-thread1] INFO  server.RaftServer$Division (RaftServerImpl.java:checkInconsistentAppendEntries(1629)) - omNode-bootstrap-2@group-0AAC5367B30E: Failed appendEntries as snapshot (0) installation is in progress
2024-09-18 12:54:54,290 [omNode-bootstrap-2-server-thread1] INFO  server.RaftServer$Division (RaftServerImpl.java:appendEntriesAsync(1584)) - omNode-bootstrap-2@group-0AAC5367B30E: appendEntries* reply omNode-1<-omNode-bootstrap-2#224:FAIL-t1,INCONSISTENCY,nextIndex=0,followerCommit=-1,matchIndex=-1
2024-09-18 12:54:54,290 [grpc-default-executor-1] WARN  server.GrpcLogAppender (GrpcLogAppender.java:onNextImpl(519)) - omNode-1@group-0AAC5367B30E->omNode-bootstrap-2-AppendLogResponseHandler: received INCONSISTENCY reply with nextIndex 0, errorCount=1, request=AppendEntriesRequest:cid=224,entriesCount=0
2024-09-18 12:54:54,290 [omNode-1@group-0AAC5367B30E->omNode-bootstrap-2-GrpcLogAppender-LogAppenderDaemon] INFO  server.GrpcLogAppender (GrpcLogAppender.java:notifyInstallSnapshot(790)) - omNode-1@group-0AAC5367B30E->omNode-bootstrap-2-GrpcLogAppender: notifyInstallSnapshot with firstAvailable=(t:1, i:0), followerNextIndex=0
2024-09-18 12:54:54,290 [omNode-1@group-0AAC5367B30E->omNode-bootstrap-2-GrpcLogAppender-LogAppenderDaemon] INFO  server.GrpcLogAppender (GrpcLogAppender.java:notifyInstallSnapshot(798)) - omNode-1@group-0AAC5367B30E->omNode-bootstrap-2-GrpcLogAppender: send omNode-1->omNode-bootstrap-2#0-t1,notify:(t:1, i:0)
2024-09-18 12:54:54,291 [grpc-default-executor-1] INFO  impl.SnapshotInstallationHandler (SnapshotInstallationHandler.java:installSnapshot(92)) - omNode-bootstrap-2@group-0AAC5367B30E: receive installSnapshot: omNode-1->omNode-bootstrap-2#0-t1,notify:(t:1, i:0)
2024-09-18 12:54:54,291 [grpc-default-executor-1] INFO  impl.SnapshotInstallationHandler (SnapshotInstallationHandler.java:installSnapshotImpl(138)) - omNode-bootstrap-2@group-0AAC5367B30E: set new configuration configurationEntry {
  peers {
    id: "omNode-1"
    address: "localhost:15015"
    startupRole: FOLLOWER
  }
}
 from snapshot
2024-09-18 12:54:54,291 [grpc-default-executor-1] INFO  server.RaftServer$Division (ServerState.java:setRaftConf(386)) - omNode-bootstrap-2@group-0AAC5367B30E: set configuration conf: {index: 0, cur=peers:[omNode-1|localhost:15015]|listeners:[], old=null}
2024-09-18 12:54:54,292 [grpc-default-executor-1] INFO  ratis.OzoneManagerStateMachine (OzoneManagerStateMachine.java:notifyConfigurationChanged(216)) - Received Configuration change notification from Ratis. New Peer list:
[id: "omNode-1"
address: "localhost:15015"
startupRole: FOLLOWER
]
2024-09-18 12:54:54,293 [grpc-default-executor-1] INFO  impl.SnapshotInstallationHandler (SnapshotInstallationHandler.java:installSnapshot(103)) - omNode-bootstrap-2@group-0AAC5367B30E: reply installSnapshot: omNode-1<-omNode-bootstrap-2#0:FAIL-t1,IN_PROGRESS,snapshotIndex=0
2024-09-18 12:54:54,293 [grpc-default-executor-0] INFO  server.GrpcLogAppender (GrpcLogAppender.java:onNext(649)) - omNode-1@group-0AAC5367B30E->omNode-bootstrap-2-InstallSnapshotResponseHandler: received a reply omNode-1<-omNode-bootstrap-2#0:FAIL-t1,IN_PROGRESS,snapshotIndex=0
2024-09-18 12:54:54,293 [grpc-default-executor-0] INFO  server.GrpcLogAppender (GrpcLogAppender.java:onNext(665)) - omNode-1@group-0AAC5367B30E->omNode-bootstrap-2-InstallSnapshotResponseHandler: InstallSnapshot in progress.
2024-09-18 12:54:54,293 [grpc-default-executor-1] INFO  server.GrpcServerProtocolService (GrpcServerProtocolService.java:onCompleted(157)) - omNode-bootstrap-2: Completed INSTALL_SNAPSHOT, lastRequest: omNode-1->omNode-bootstrap-2#0-t1,notify:(t:1, i:0)
2024-09-18 12:54:54,293 [grpc-default-executor-1] INFO  server.GrpcServerProtocolService (GrpcServerProtocolService.java:lambda$onCompleted$5(159)) - omNode-bootstrap-2: Completed INSTALL_SNAPSHOT, lastReply: null
2024-09-18 12:54:54,294 [omNode-bootstrap-2-server-thread1] INFO  server.RaftServer$Division (RaftServerImpl.java:checkInconsistentAppendEntries(1629)) - omNode-bootstrap-2@group-0AAC5367B30E: Failed appendEntries as snapshot (0) installation is in progress
2024-09-18 12:54:54,294 [omNode-bootstrap-2-server-thread1] INFO  server.RaftServer$Division (RaftServerImpl.java:appendEntriesAsync(1584)) - omNode-bootstrap-2@group-0AAC5367B30E: appendEntries* reply omNode-1<-omNode-bootstrap-2#225:FAIL-t1,INCONSISTENCY,nextIndex=0,followerCommit=-1,matchIndex=-1
2024-09-18 12:54:54,294 [grpc-default-executor-0] WARN  server.GrpcLogAppender (GrpcLogAppender.java:onNextImpl(519)) - omNode-1@group-0AAC5367B30E->omNode-bootstrap-2-AppendLogResponseHandler: received INCONSISTENCY reply with nextIndex 0, errorCount=1, request=AppendEntriesRequest:cid=225,entriesCount=0
2024-09-18 12:54:54,294 [omNode-1@group-0AAC5367B30E->omNode-bootstrap-2-GrpcLogAppender-LogAppenderDaemon] INFO  server.GrpcLogAppender (GrpcLogAppender.java:notifyInstallSnapshot(790)) - omNode-1@group-0AAC5367B30E->omNode-bootstrap-2-GrpcLogAppender: notifyInstallSnapshot with firstAvailable=(t:1, i:0), followerNextIndex=0
2024-09-18 12:54:54,295 [omNode-1@group-0AAC5367B30E->omNode-bootstrap-2-GrpcLogAppender-LogAppenderDaemon] INFO  server.GrpcLogAppender (GrpcLogAppender.java:notifyInstallSnapshot(798)) - omNode-1@group-0AAC5367B30E->omNode-bootstrap-2-GrpcLogAppender: send omNode-1->omNode-bootstrap-2#0-t1,notify:(t:1, i:0)
2024-09-18 12:54:54,295 [grpc-default-executor-0] INFO  impl.SnapshotInstallationHandler (SnapshotInstallationHandler.java:installSnapshot(92)) - omNode-bootstrap-2@group-0AAC5367B30E: receive installSnapshot: omNode-1->omNode-bootstrap-2#0-t1,notify:(t:1, i:0)
2024-09-18 12:54:54,296 [grpc-default-executor-0] INFO  impl.SnapshotInstallationHandler (SnapshotInstallationHandler.java:installSnapshotImpl(138)) - omNode-bootstrap-2@group-0AAC5367B30E: set new configuration configurationEntry {
  peers {
    id: "omNode-1"
    address: "localhost:15015"
    startupRole: FOLLOWER
  }
}
 from snapshot
2024-09-18 12:54:54,296 [grpc-default-executor-0] INFO  server.RaftServer$Division (ServerState.java:setRaftConf(386)) - omNode-bootstrap-2@group-0AAC5367B30E: set configuration conf: {index: 0, cur=peers:[omNode-1|localhost:15015]|listeners:[], old=null}
2024-09-18 12:54:54,297 [grpc-default-executor-0] INFO  ratis.OzoneManagerStateMachine (OzoneManagerStateMachine.java:notifyConfigurationChanged(216)) - Received Configuration change notification from Ratis. New Peer list:
[id: "omNode-1"
address: "localhost:15015"
startupRole: FOLLOWER
]
2024-09-18 12:54:54,297 [grpc-default-executor-0] INFO  impl.SnapshotInstallationHandler (SnapshotInstallationHandler.java:installSnapshot(103)) - omNode-bootstrap-2@group-0AAC5367B30E: reply installSnapshot: omNode-1<-omNode-bootstrap-2#0:FAIL-t1,IN_PROGRESS,snapshotIndex=0
2024-09-18 12:54:54,297 [grpc-default-executor-0] INFO  server.GrpcServerProtocolService (GrpcServerProtocolService.java:onCompleted(157)) - omNode-bootstrap-2: Completed INSTALL_SNAPSHOT, lastRequest: omNode-1->omNode-bootstrap-2#0-t1,notify:(t:1, i:0)
2024-09-18 12:54:54,297 [grpc-default-executor-0] INFO  server.GrpcServerProtocolService (GrpcServerProtocolService.java:lambda$onCompleted$5(159)) - omNode-bootstrap-2: Completed INSTALL_SNAPSHOT, lastReply: null
2024-09-18 12:54:54,297 [grpc-default-executor-0] INFO  server.GrpcLogAppender (GrpcLogAppender.java:onNext(649)) - omNode-1@group-0AAC5367B30E->omNode-bootstrap-2-InstallSnapshotResponseHandler: received a reply omNode-1<-omNode-bootstrap-2#0:FAIL-t1,IN_PROGRESS,snapshotIndex=0
2024-09-18 12:54:54,298 [grpc-default-executor-0] INFO  server.GrpcLogAppender (GrpcLogAppender.java:onNext(665)) - omNode-1@group-0AAC5367B30E->omNode-bootstrap-2-InstallSnapshotResponseHandler: InstallSnapshot in progress.
2024-09-18 12:54:54,298 [omNode-bootstrap-2-server-thread1] INFO  server.RaftServer$Division (RaftServerImpl.java:checkInconsistentAppendEntries(1629)) - omNode-bootstrap-2@group-0AAC5367B30E: Failed appendEntries as snapshot (0) installation is in progress
2024-09-18 12:54:54,298 [omNode-bootstrap-2-server-thread1] INFO  server.RaftServer$Division (RaftServerImpl.java:appendEntriesAsync(1584)) - omNode-bootstrap-2@group-0AAC5367B30E: appendEntries* reply omNode-1<-omNode-bootstrap-2#226:FAIL-t1,INCONSISTENCY,nextIndex=0,followerCommit=-1,matchIndex=-1
2024-09-18 12:54:54,298 [grpc-default-executor-0] WARN  server.GrpcLogAppender (GrpcLogAppender.java:onNextImpl(519)) - omNode-1@group-0AAC5367B30E->omNode-bootstrap-2-AppendLogResponseHandler: received INCONSISTENCY reply with nextIndex 0, errorCount=1, request=AppendEntriesRequest:cid=226,entriesCount=0
2024-09-18 12:54:54,299 [omNode-1@group-0AAC5367B30E->omNode-bootstrap-2-GrpcLogAppender-LogAppenderDaemon] INFO  server.GrpcLogAppender (GrpcLogAppender.java:notifyInstallSnapshot(790)) - omNode-1@group-0AAC5367B30E->omNode-bootstrap-2-GrpcLogAppender: notifyInstallSnapshot with firstAvailable=(t:1, i:0), followerNextIndex=0
2024-09-18 12:54:54,299 [omNode-1@group-0AAC5367B30E->omNode-bootstrap-2-GrpcLogAppender-LogAppenderDaemon] INFO  server.GrpcLogAppender (GrpcLogAppender.java:notifyInstallSnapshot(798)) - omNode-1@group-0AAC5367B30E->omNode-bootstrap-2-GrpcLogAppender: send omNode-1->omNode-bootstrap-2#0-t1,notify:(t:1, i:0)
2024-09-18 12:54:54,299 [grpc-default-executor-0] INFO  impl.SnapshotInstallationHandler (SnapshotInstallationHandler.java:installSnapshot(92)) - omNode-bootstrap-2@group-0AAC5367B30E: receive installSnapshot: omNode-1->omNode-bootstrap-2#0-t1,notify:(t:1, i:0)
2024-09-18 12:54:54,300 [grpc-default-executor-0] INFO  impl.SnapshotInstallationHandler (SnapshotInstallationHandler.java:installSnapshotImpl(138)) - omNode-bootstrap-2@group-0AAC5367B30E: set new configuration configurationEntry {
  peers {
    id: "omNode-1"
    address: "localhost:15015"
    startupRole: FOLLOWER
  }
}
 from snapshot
2024-09-18 12:54:54,300 [grpc-default-executor-0] INFO  server.RaftServer$Division (ServerState.java:setRaftConf(386)) - omNode-bootstrap-2@group-0AAC5367B30E: set configuration conf: {index: 0, cur=peers:[omNode-1|localhost:15015]|listeners:[], old=null}
2024-09-18 12:54:54,301 [grpc-default-executor-0] INFO  ratis.OzoneManagerStateMachine (OzoneManagerStateMachine.java:notifyConfigurationChanged(216)) - Received Configuration change notification from Ratis. New Peer list:
[id: "omNode-1"
address: "localhost:15015"
startupRole: FOLLOWER
]
2024-09-18 12:54:54,301 [grpc-default-executor-0] INFO  impl.SnapshotInstallationHandler (SnapshotInstallationHandler.java:installSnapshot(103)) - omNode-bootstrap-2@group-0AAC5367B30E: reply installSnapshot: omNode-1<-omNode-bootstrap-2#0:FAIL-t1,IN_PROGRESS,snapshotIndex=0
2024-09-18 12:54:54,301 [grpc-default-executor-0] INFO  server.GrpcServerProtocolService (GrpcServerProtocolService.java:onCompleted(157)) - omNode-bootstrap-2: Completed INSTALL_SNAPSHOT, lastRequest: omNode-1->omNode-bootstrap-2#0-t1,notify:(t:1, i:0)
2024-09-18 12:54:54,301 [grpc-default-executor-0] INFO  server.GrpcServerProtocolService (GrpcServerProtocolService.java:lambda$onCompleted$5(159)) - omNode-bootstrap-2: Completed INSTALL_SNAPSHOT, lastReply: null
2024-09-18 12:54:54,302 [grpc-default-executor-1] INFO  server.GrpcLogAppender (GrpcLogAppender.java:onNext(649)) - omNode-1@group-0AAC5367B30E->omNode-bootstrap-2-InstallSnapshotResponseHandler: received a reply omNode-1<-omNode-bootstrap-2#0:FAIL-t1,IN_PROGRESS,snapshotIndex=0
2024-09-18 12:54:54,302 [grpc-default-executor-1] INFO  server.GrpcLogAppender (GrpcLogAppender.java:onNext(665)) - omNode-1@group-0AAC5367B30E->omNode-bootstrap-2-InstallSnapshotResponseHandler: InstallSnapshot in progress.
2024-09-18 12:54:54,302 [omNode-bootstrap-2-server-thread1] INFO  server.RaftServer$Division (RaftServerImpl.java:checkInconsistentAppendEntries(1629)) - omNode-bootstrap-2@group-0AAC5367B30E: Failed appendEntries as snapshot (0) installation is in progress
2024-09-18 12:54:54,302 [omNode-bootstrap-2-server-thread1] INFO  server.RaftServer$Division (RaftServerImpl.java:appendEntriesAsync(1584)) - omNode-bootstrap-2@group-0AAC5367B30E: appendEntries* reply omNode-1<-omNode-bootstrap-2#227:FAIL-t1,INCONSISTENCY,nextIndex=0,followerCommit=-1,matchIndex=-1
2024-09-18 12:54:54,302 [grpc-default-executor-1] WARN  server.GrpcLogAppender (GrpcLogAppender.java:onNextImpl(519)) - omNode-1@group-0AAC5367B30E->omNode-bootstrap-2-AppendLogResponseHandler: received INCONSISTENCY reply with nextIndex 0, errorCount=1, request=AppendEntriesRequest:cid=227,entriesCount=0
2024-09-18 12:54:54,303 [omNode-1@group-0AAC5367B30E->omNode-bootstrap-2-GrpcLogAppender-LogAppenderDaemon] INFO  server.GrpcLogAppender (GrpcLogAppender.java:notifyInstallSnapshot(790)) - omNode-1@group-0AAC5367B30E->omNode-bootstrap-2-GrpcLogAppender: notifyInstallSnapshot with firstAvailable=(t:1, i:0), followerNextIndex=0
2024-09-18 12:54:54,303 [omNode-1@group-0AAC5367B30E->omNode-bootstrap-2-GrpcLogAppender-LogAppenderDaemon] INFO  server.GrpcLogAppender (GrpcLogAppender.java:notifyInstallSnapshot(798)) - omNode-1@group-0AAC5367B30E->omNode-bootstrap-2-GrpcLogAppender: send omNode-1->omNode-bootstrap-2#0-t1,notify:(t:1, i:0)
2024-09-18 12:54:54,303 [grpc-default-executor-1] INFO  impl.SnapshotInstallationHandler (SnapshotInstallationHandler.java:installSnapshot(92)) - omNode-bootstrap-2@group-0AAC5367B30E: receive installSnapshot: omNode-1->omNode-bootstrap-2#0-t1,notify:(t:1, i:0)
2024-09-18 12:54:54,304 [grpc-default-executor-1] INFO  impl.SnapshotInstallationHandler (SnapshotInstallationHandler.java:installSnapshotImpl(138)) - omNode-bootstrap-2@group-0AAC5367B30E: set new configuration configurationEntry {
  peers {
    id: "omNode-1"
    address: "localhost:15015"
    startupRole: FOLLOWER
  }
}
 from snapshot
2024-09-18 12:54:54,304 [grpc-default-executor-1] INFO  server.RaftServer$Division (ServerState.java:setRaftConf(386)) - omNode-bootstrap-2@group-0AAC5367B30E: set configuration conf: {index: 0, cur=peers:[omNode-1|localhost:15015]|listeners:[], old=null}
2024-09-18 12:54:54,305 [grpc-default-executor-1] INFO  ratis.OzoneManagerStateMachine (OzoneManagerStateMachine.java:notifyConfigurationChanged(216)) - Received Configuration change notification from Ratis. New Peer list:
[id: "omNode-1"
address: "localhost:15015"
startupRole: FOLLOWER
]
2024-09-18 12:54:54,305 [grpc-default-executor-1] INFO  impl.SnapshotInstallationHandler (SnapshotInstallationHandler.java:installSnapshot(103)) - omNode-bootstrap-2@group-0AAC5367B30E: reply installSnapshot: omNode-1<-omNode-bootstrap-2#0:FAIL-t1,IN_PROGRESS,snapshotIndex=0
2024-09-18 12:54:54,305 [grpc-default-executor-1] INFO  server.GrpcServerProtocolService (GrpcServerProtocolService.java:onCompleted(157)) - omNode-bootstrap-2: Completed INSTALL_SNAPSHOT, lastRequest: omNode-1->omNode-bootstrap-2#0-t1,notify:(t:1, i:0)
2024-09-18 12:54:54,305 [grpc-default-executor-1] INFO  server.GrpcServerProtocolService (GrpcServerProtocolService.java:lambda$onCompleted$5(159)) - omNode-bootstrap-2: Completed INSTALL_SNAPSHOT, lastReply: null
2024-09-18 12:54:54,305 [grpc-default-executor-1] INFO  server.GrpcLogAppender (GrpcLogAppender.java:onNext(649)) - omNode-1@group-0AAC5367B30E->omNode-bootstrap-2-InstallSnapshotResponseHandler: received a reply omNode-1<-omNode-bootstrap-2#0:FAIL-t1,IN_PROGRESS,snapshotIndex=0
2024-09-18 12:54:54,306 [grpc-default-executor-1] INFO  server.GrpcLogAppender (GrpcLogAppender.java:onNext(665)) - omNode-1@group-0AAC5367B30E->omNode-bootstrap-2-InstallSnapshotResponseHandler: InstallSnapshot in progress.
2024-09-18 12:54:54,306 [omNode-bootstrap-2-server-thread1] INFO  server.RaftServer$Division (RaftServerImpl.java:checkInconsistentAppendEntries(1629)) - omNode-bootstrap-2@group-0AAC5367B30E: Failed appendEntries as snapshot (0) installation is in progress
2024-09-18 12:54:54,306 [omNode-bootstrap-2-server-thread1] INFO  server.RaftServer$Division (RaftServerImpl.java:appendEntriesAsync(1584)) - omNode-bootstrap-2@group-0AAC5367B30E: appendEntries* reply omNode-1<-omNode-bootstrap-2#228:FAIL-t1,INCONSISTENCY,nextIndex=0,followerCommit=-1,matchIndex=-1
2024-09-18 12:54:54,306 [grpc-default-executor-0] WARN  server.GrpcLogAppender (GrpcLogAppender.java:onNextImpl(519)) - omNode-1@group-0AAC5367B30E->omNode-bootstrap-2-AppendLogResponseHandler: received INCONSISTENCY reply with nextIndex 0, errorCount=1, request=AppendEntriesRequest:cid=228,entriesCount=0
2024-09-18 12:54:54,307 [omNode-1@group-0AAC5367B30E->omNode-bootstrap-2-GrpcLogAppender-LogAppenderDaemon] INFO  server.GrpcLogAppender (GrpcLogAppender.java:notifyInstallSnapshot(790)) - omNode-1@group-0AAC5367B30E->omNode-bootstrap-2-GrpcLogAppender: notifyInstallSnapshot with firstAvailable=(t:1, i:0), followerNextIndex=0
2024-09-18 12:54:54,307 [omNode-1@group-0AAC5367B30E->omNode-bootstrap-2-GrpcLogAppender-LogAppenderDaemon] INFO  server.GrpcLogAppender (GrpcLogAppender.java:notifyInstallSnapshot(798)) - omNode-1@group-0AAC5367B30E->omNode-bootstrap-2-GrpcLogAppender: send omNode-1->omNode-bootstrap-2#0-t1,notify:(t:1, i:0)
2024-09-18 12:54:54,307 [grpc-default-executor-0] INFO  impl.SnapshotInstallationHandler (SnapshotInstallationHandler.java:installSnapshot(92)) - omNode-bootstrap-2@group-0AAC5367B30E: receive installSnapshot: omNode-1->omNode-bootstrap-2#0-t1,notify:(t:1, i:0)
2024-09-18 12:54:54,308 [grpc-default-executor-0] INFO  impl.SnapshotInstallationHandler (SnapshotInstallationHandler.java:installSnapshotImpl(138)) - omNode-bootstrap-2@group-0AAC5367B30E: set new configuration configurationEntry {
  peers {
    id: "omNode-1"
    address: "localhost:15015"
    startupRole: FOLLOWER
  }
}
 from snapshot
2024-09-18 12:54:54,308 [grpc-default-executor-0] INFO  server.RaftServer$Division (ServerState.java:setRaftConf(386)) - omNode-bootstrap-2@group-0AAC5367B30E: set configuration conf: {index: 0, cur=peers:[omNode-1|localhost:15015]|listeners:[], old=null}
2024-09-18 12:54:54,309 [grpc-default-executor-0] INFO  ratis.OzoneManagerStateMachine (OzoneManagerStateMachine.java:notifyConfigurationChanged(216)) - Received Configuration change notification from Ratis. New Peer list:
[id: "omNode-1"
address: "localhost:15015"
startupRole: FOLLOWER
]
2024-09-18 12:54:54,309 [grpc-default-executor-0] INFO  impl.SnapshotInstallationHandler (SnapshotInstallationHandler.java:installSnapshot(103)) - omNode-bootstrap-2@group-0AAC5367B30E: reply installSnapshot: omNode-1<-omNode-bootstrap-2#0:FAIL-t1,IN_PROGRESS,snapshotIndex=0
2024-09-18 12:54:54,309 [grpc-default-executor-0] INFO  server.GrpcServerProtocolService (GrpcServerProtocolService.java:onCompleted(157)) - omNode-bootstrap-2: Completed INSTALL_SNAPSHOT, lastRequest: omNode-1->omNode-bootstrap-2#0-t1,notify:(t:1, i:0)
2024-09-18 12:54:54,309 [grpc-default-executor-0] INFO  server.GrpcServerProtocolService (GrpcServerProtocolService.java:lambda$onCompleted$5(159)) - omNode-bootstrap-2: Completed INSTALL_SNAPSHOT, lastReply: null
2024-09-18 12:54:54,309 [grpc-default-executor-0] INFO  server.GrpcLogAppender (GrpcLogAppender.java:onNext(649)) - omNode-1@group-0AAC5367B30E->omNode-bootstrap-2-InstallSnapshotResponseHandler: received a reply omNode-1<-omNode-bootstrap-2#0:FAIL-t1,IN_PROGRESS,snapshotIndex=0
2024-09-18 12:54:54,309 [grpc-default-executor-0] INFO  server.GrpcLogAppender (GrpcLogAppender.java:onNext(665)) - omNode-1@group-0AAC5367B30E->omNode-bootstrap-2-InstallSnapshotResponseHandler: InstallSnapshot in progress.
2024-09-18 12:54:54,310 [omNode-1@group-0AAC5367B30E->omNode-bootstrap-2-GrpcLogAppender-LogAppenderDaemon] INFO  server.GrpcLogAppender (GrpcLogAppender.java:notifyInstallSnapshot(790)) - omNode-1@group-0AAC5367B30E->omNode-bootstrap-2-GrpcLogAppender: notifyInstallSnapshot with firstAvailable=(t:1, i:0), followerNextIndex=0
2024-09-18 12:54:54,310 [omNode-1@group-0AAC5367B30E->omNode-bootstrap-2-GrpcLogAppender-LogAppenderDaemon] INFO  server.GrpcLogAppender (GrpcLogAppender.java:notifyInstallSnapshot(798)) - omNode-1@group-0AAC5367B30E->omNode-bootstrap-2-GrpcLogAppender: send omNode-1->omNode-bootstrap-2#0-t1,notify:(t:1, i:0)
2024-09-18 12:54:54,311 [grpc-default-executor-1] INFO  impl.SnapshotInstallationHandler (SnapshotInstallationHandler.java:installSnapshot(92)) - omNode-bootstrap-2@group-0AAC5367B30E: receive installSnapshot: omNode-1->omNode-bootstrap-2#0-t1,notify:(t:1, i:0)
2024-09-18 12:54:54,311 [grpc-default-executor-1] INFO  impl.SnapshotInstallationHandler (SnapshotInstallationHandler.java:installSnapshotImpl(138)) - omNode-bootstrap-2@group-0AAC5367B30E: set new configuration configurationEntry {
  peers {
    id: "omNode-1"
    address: "localhost:15015"
    startupRole: FOLLOWER
  }
}
 from snapshot
2024-09-18 12:54:54,311 [omNode-bootstrap-2-server-thread1] INFO  server.RaftServer$Division (RaftServerImpl.java:checkInconsistentAppendEntries(1629)) - omNode-bootstrap-2@group-0AAC5367B30E: Failed appendEntries as snapshot (0) installation is in progress
2024-09-18 12:54:54,311 [omNode-bootstrap-2-server-thread1] INFO  server.RaftServer$Division (RaftServerImpl.java:appendEntriesAsync(1584)) - omNode-bootstrap-2@group-0AAC5367B30E: appendEntries* reply omNode-1<-omNode-bootstrap-2#229:FAIL-t1,INCONSISTENCY,nextIndex=0,followerCommit=-1,matchIndex=-1
2024-09-18 12:54:54,311 [grpc-default-executor-1] INFO  server.RaftServer$Division (ServerState.java:setRaftConf(386)) - omNode-bootstrap-2@group-0AAC5367B30E: set configuration conf: {index: 0, cur=peers:[omNode-1|localhost:15015]|listeners:[], old=null}
2024-09-18 12:54:54,312 [grpc-default-executor-1] INFO  ratis.OzoneManagerStateMachine (OzoneManagerStateMachine.java:notifyConfigurationChanged(216)) - Received Configuration change notification from Ratis. New Peer list:
[id: "omNode-1"
address: "localhost:15015"
startupRole: FOLLOWER
]
2024-09-18 12:54:54,313 [grpc-default-executor-1] INFO  impl.SnapshotInstallationHandler (SnapshotInstallationHandler.java:installSnapshot(103)) - omNode-bootstrap-2@group-0AAC5367B30E: reply installSnapshot: omNode-1<-omNode-bootstrap-2#0:FAIL-t1,IN_PROGRESS,snapshotIndex=0
2024-09-18 12:54:54,313 [grpc-default-executor-0] WARN  server.GrpcLogAppender (GrpcLogAppender.java:onNextImpl(519)) - omNode-1@group-0AAC5367B30E->omNode-bootstrap-2-AppendLogResponseHandler: received INCONSISTENCY reply with nextIndex 0, errorCount=1, request=AppendEntriesRequest:cid=229,entriesCount=0
2024-09-18 12:54:54,313 [grpc-default-executor-1] INFO  server.GrpcServerProtocolService (GrpcServerProtocolService.java:onCompleted(157)) - omNode-bootstrap-2: Completed INSTALL_SNAPSHOT, lastRequest: omNode-1->omNode-bootstrap-2#0-t1,notify:(t:1, i:0)
2024-09-18 12:54:54,314 [grpc-default-executor-1] INFO  server.GrpcServerProtocolService (GrpcServerProtocolService.java:lambda$onCompleted$5(159)) - omNode-bootstrap-2: Completed INSTALL_SNAPSHOT, lastReply: null
2024-09-18 12:54:54,313 [grpc-default-executor-0] INFO  server.GrpcLogAppender (GrpcLogAppender.java:onNext(649)) - omNode-1@group-0AAC5367B30E->omNode-bootstrap-2-InstallSnapshotResponseHandler: received a reply omNode-1<-omNode-bootstrap-2#0:FAIL-t1,IN_PROGRESS,snapshotIndex=0
2024-09-18 12:54:54,314 [grpc-default-executor-0] INFO  server.GrpcLogAppender (GrpcLogAppender.java:onNext(665)) - omNode-1@group-0AAC5367B30E->omNode-bootstrap-2-InstallSnapshotResponseHandler: InstallSnapshot in progress.
2024-09-18 12:54:54,314 [omNode-1@group-0AAC5367B30E->omNode-bootstrap-2-GrpcLogAppender-LogAppenderDaemon] INFO  server.GrpcLogAppender (GrpcLogAppender.java:notifyInstallSnapshot(790)) - omNode-1@group-0AAC5367B30E->omNode-bootstrap-2-GrpcLogAppender: notifyInstallSnapshot with firstAvailable=(t:1, i:0), followerNextIndex=0
2024-09-18 12:54:54,314 [omNode-1@group-0AAC5367B30E->omNode-bootstrap-2-GrpcLogAppender-LogAppenderDaemon] INFO  server.GrpcLogAppender (GrpcLogAppender.java:notifyInstallSnapshot(798)) - omNode-1@group-0AAC5367B30E->omNode-bootstrap-2-GrpcLogAppender: send omNode-1->omNode-bootstrap-2#0-t1,notify:(t:1, i:0)
2024-09-18 12:54:54,315 [grpc-default-executor-0] INFO  impl.SnapshotInstallationHandler (SnapshotInstallationHandler.java:installSnapshot(92)) - omNode-bootstrap-2@group-0AAC5367B30E: receive installSnapshot: omNode-1->omNode-bootstrap-2#0-t1,notify:(t:1, i:0)
2024-09-18 12:54:54,315 [grpc-default-executor-0] INFO  impl.SnapshotInstallationHandler (SnapshotInstallationHandler.java:installSnapshotImpl(138)) - omNode-bootstrap-2@group-0AAC5367B30E: set new configuration configurationEntry {
  peers {
    id: "omNode-1"
    address: "localhost:15015"
    startupRole: FOLLOWER
  }
}
 from snapshot
2024-09-18 12:54:54,315 [grpc-default-executor-0] INFO  server.RaftServer$Division (ServerState.java:setRaftConf(386)) - omNode-bootstrap-2@group-0AAC5367B30E: set configuration conf: {index: 0, cur=peers:[omNode-1|localhost:15015]|listeners:[], old=null}
2024-09-18 12:54:54,316 [omNode-bootstrap-2-server-thread1] INFO  server.RaftServer$Division (RaftServerImpl.java:checkInconsistentAppendEntries(1629)) - omNode-bootstrap-2@group-0AAC5367B30E: Failed appendEntries as snapshot (0) installation is in progress
2024-09-18 12:54:54,316 [omNode-bootstrap-2-server-thread1] INFO  server.RaftServer$Division (RaftServerImpl.java:appendEntriesAsync(1584)) - omNode-bootstrap-2@group-0AAC5367B30E: appendEntries* reply omNode-1<-omNode-bootstrap-2#230:FAIL-t1,INCONSISTENCY,nextIndex=0,followerCommit=-1,matchIndex=-1
2024-09-18 12:54:54,316 [grpc-default-executor-0] INFO  ratis.OzoneManagerStateMachine (OzoneManagerStateMachine.java:notifyConfigurationChanged(216)) - Received Configuration change notification from Ratis. New Peer list:
[id: "omNode-1"
address: "localhost:15015"
startupRole: FOLLOWER
]
2024-09-18 12:54:54,317 [grpc-default-executor-0] INFO  impl.SnapshotInstallationHandler (SnapshotInstallationHandler.java:installSnapshot(103)) - omNode-bootstrap-2@group-0AAC5367B30E: reply installSnapshot: omNode-1<-omNode-bootstrap-2#0:FAIL-t1,IN_PROGRESS,snapshotIndex=0
2024-09-18 12:54:54,317 [grpc-default-executor-0] INFO  server.GrpcServerProtocolService (GrpcServerProtocolService.java:onCompleted(157)) - omNode-bootstrap-2: Completed INSTALL_SNAPSHOT, lastRequest: omNode-1->omNode-bootstrap-2#0-t1,notify:(t:1, i:0)
2024-09-18 12:54:54,317 [grpc-default-executor-0] INFO  server.GrpcServerProtocolService (GrpcServerProtocolService.java:lambda$onCompleted$5(159)) - omNode-bootstrap-2: Completed INSTALL_SNAPSHOT, lastReply: null
2024-09-18 12:54:54,317 [grpc-default-executor-1] WARN  server.GrpcLogAppender (GrpcLogAppender.java:onNextImpl(519)) - omNode-1@group-0AAC5367B30E->omNode-bootstrap-2-AppendLogResponseHandler: received INCONSISTENCY reply with nextIndex 0, errorCount=1, request=AppendEntriesRequest:cid=230,entriesCount=0
2024-09-18 12:54:54,317 [grpc-default-executor-3] INFO  server.GrpcLogAppender (GrpcLogAppender.java:onNext(649)) - omNode-1@group-0AAC5367B30E->omNode-bootstrap-2-InstallSnapshotResponseHandler: received a reply omNode-1<-omNode-bootstrap-2#0:FAIL-t1,IN_PROGRESS,snapshotIndex=0
2024-09-18 12:54:54,317 [grpc-default-executor-3] INFO  server.GrpcLogAppender (GrpcLogAppender.java:onNext(665)) - omNode-1@group-0AAC5367B30E->omNode-bootstrap-2-InstallSnapshotResponseHandler: InstallSnapshot in progress.
2024-09-18 12:54:54,318 [omNode-bootstrap-2-server-thread1] INFO  server.RaftServer$Division (RaftServerImpl.java:checkInconsistentAppendEntries(1629)) - omNode-bootstrap-2@group-0AAC5367B30E: Failed appendEntries as snapshot (0) installation is in progress
2024-09-18 12:54:54,318 [omNode-bootstrap-2-server-thread1] INFO  server.RaftServer$Division (RaftServerImpl.java:appendEntriesAsync(1584)) - omNode-bootstrap-2@group-0AAC5367B30E: appendEntries* reply omNode-1<-omNode-bootstrap-2#231:FAIL-t1,INCONSISTENCY,nextIndex=0,followerCommit=-1,matchIndex=-1
2024-09-18 12:54:54,319 [grpc-default-executor-3] WARN  server.GrpcLogAppender (GrpcLogAppender.java:onNextImpl(519)) - omNode-1@group-0AAC5367B30E->omNode-bootstrap-2-AppendLogResponseHandler: received INCONSISTENCY reply with nextIndex 0, errorCount=1, request=AppendEntriesRequest:cid=231,entriesCount=0
2024-09-18 12:54:54,319 [omNode-1@group-0AAC5367B30E->omNode-bootstrap-2-GrpcLogAppender-LogAppenderDaemon] INFO  server.GrpcLogAppender (GrpcLogAppender.java:notifyInstallSnapshot(790)) - omNode-1@group-0AAC5367B30E->omNode-bootstrap-2-GrpcLogAppender: notifyInstallSnapshot with firstAvailable=(t:1, i:0), followerNextIndex=0
2024-09-18 12:54:54,319 [omNode-1@group-0AAC5367B30E->omNode-bootstrap-2-GrpcLogAppender-LogAppenderDaemon] INFO  server.GrpcLogAppender (GrpcLogAppender.java:notifyInstallSnapshot(798)) - omNode-1@group-0AAC5367B30E->omNode-bootstrap-2-GrpcLogAppender: send omNode-1->omNode-bootstrap-2#0-t1,notify:(t:1, i:0)
2024-09-18 12:54:54,320 [grpc-default-executor-3] INFO  impl.SnapshotInstallationHandler (SnapshotInstallationHandler.java:installSnapshot(92)) - omNode-bootstrap-2@group-0AAC5367B30E: receive installSnapshot: omNode-1->omNode-bootstrap-2#0-t1,notify:(t:1, i:0)
2024-09-18 12:54:54,320 [grpc-default-executor-3] INFO  impl.SnapshotInstallationHandler (SnapshotInstallationHandler.java:installSnapshotImpl(138)) - omNode-bootstrap-2@group-0AAC5367B30E: set new configuration configurationEntry {
  peers {
    id: "omNode-1"
    address: "localhost:15015"
    startupRole: FOLLOWER
  }
}
 from snapshot
2024-09-18 12:54:54,320 [grpc-default-executor-3] INFO  server.RaftServer$Division (ServerState.java:setRaftConf(386)) - omNode-bootstrap-2@group-0AAC5367B30E: set configuration conf: {index: 0, cur=peers:[omNode-1|localhost:15015]|listeners:[], old=null}
2024-09-18 12:54:54,321 [grpc-default-executor-3] INFO  ratis.OzoneManagerStateMachine (OzoneManagerStateMachine.java:notifyConfigurationChanged(216)) - Received Configuration change notification from Ratis. New Peer list:
[id: "omNode-1"
address: "localhost:15015"
startupRole: FOLLOWER
]
2024-09-18 12:54:54,321 [grpc-default-executor-3] INFO  impl.SnapshotInstallationHandler (SnapshotInstallationHandler.java:installSnapshot(103)) - omNode-bootstrap-2@group-0AAC5367B30E: reply installSnapshot: omNode-1<-omNode-bootstrap-2#0:FAIL-t1,IN_PROGRESS,snapshotIndex=0
2024-09-18 12:54:54,321 [grpc-default-executor-3] INFO  server.GrpcServerProtocolService (GrpcServerProtocolService.java:onCompleted(157)) - omNode-bootstrap-2: Completed INSTALL_SNAPSHOT, lastRequest: omNode-1->omNode-bootstrap-2#0-t1,notify:(t:1, i:0)
2024-09-18 12:54:54,321 [grpc-default-executor-3] INFO  server.GrpcServerProtocolService (GrpcServerProtocolService.java:lambda$onCompleted$5(159)) - omNode-bootstrap-2: Completed INSTALL_SNAPSHOT, lastReply: null
2024-09-18 12:54:54,322 [grpc-default-executor-3] INFO  server.GrpcLogAppender (GrpcLogAppender.java:onNext(649)) - omNode-1@group-0AAC5367B30E->omNode-bootstrap-2-InstallSnapshotResponseHandler: received a reply omNode-1<-omNode-bootstrap-2#0:FAIL-t1,IN_PROGRESS,snapshotIndex=0
2024-09-18 12:54:54,322 [grpc-default-executor-3] INFO  server.GrpcLogAppender (GrpcLogAppender.java:onNext(665)) - omNode-1@group-0AAC5367B30E->omNode-bootstrap-2-InstallSnapshotResponseHandler: InstallSnapshot in progress.
2024-09-18 12:54:54,322 [omNode-1@group-0AAC5367B30E->omNode-bootstrap-2-GrpcLogAppender-LogAppenderDaemon] INFO  server.GrpcLogAppender (GrpcLogAppender.java:notifyInstallSnapshot(790)) - omNode-1@group-0AAC5367B30E->omNode-bootstrap-2-GrpcLogAppender: notifyInstallSnapshot with firstAvailable=(t:1, i:0), followerNextIndex=0
2024-09-18 12:54:54,322 [omNode-1@group-0AAC5367B30E->omNode-bootstrap-2-GrpcLogAppender-LogAppenderDaemon] INFO  server.GrpcLogAppender (GrpcLogAppender.java:notifyInstallSnapshot(798)) - omNode-1@group-0AAC5367B30E->omNode-bootstrap-2-GrpcLogAppender: send omNode-1->omNode-bootstrap-2#0-t1,notify:(t:1, i:0)
2024-09-18 12:54:54,323 [omNode-bootstrap-2-server-thread1] INFO  server.RaftServer$Division (RaftServerImpl.java:checkInconsistentAppendEntries(1629)) - omNode-bootstrap-2@group-0AAC5367B30E: Failed appendEntries as snapshot (0) installation is in progress
2024-09-18 12:54:54,323 [omNode-bootstrap-2-server-thread1] INFO  server.RaftServer$Division (RaftServerImpl.java:appendEntriesAsync(1584)) - omNode-bootstrap-2@group-0AAC5367B30E: appendEntries* reply omNode-1<-omNode-bootstrap-2#232:FAIL-t1,INCONSISTENCY,nextIndex=0,followerCommit=-1,matchIndex=-1
2024-09-18 12:54:54,323 [grpc-default-executor-0] WARN  server.GrpcLogAppender (GrpcLogAppender.java:onNextImpl(519)) - omNode-1@group-0AAC5367B30E->omNode-bootstrap-2-AppendLogResponseHandler: received INCONSISTENCY reply with nextIndex 0, errorCount=1, request=AppendEntriesRequest:cid=232,entriesCount=0
2024-09-18 12:54:54,323 [grpc-default-executor-1] INFO  impl.SnapshotInstallationHandler (SnapshotInstallationHandler.java:installSnapshot(92)) - omNode-bootstrap-2@group-0AAC5367B30E: receive installSnapshot: omNode-1->omNode-bootstrap-2#0-t1,notify:(t:1, i:0)
2024-09-18 12:54:54,324 [grpc-default-executor-1] INFO  impl.SnapshotInstallationHandler (SnapshotInstallationHandler.java:installSnapshotImpl(138)) - omNode-bootstrap-2@group-0AAC5367B30E: set new configuration configurationEntry {
  peers {
    id: "omNode-1"
    address: "localhost:15015"
    startupRole: FOLLOWER
  }
}
 from snapshot
2024-09-18 12:54:54,324 [grpc-default-executor-1] INFO  server.RaftServer$Division (ServerState.java:setRaftConf(386)) - omNode-bootstrap-2@group-0AAC5367B30E: set configuration conf: {index: 0, cur=peers:[omNode-1|localhost:15015]|listeners:[], old=null}
2024-09-18 12:54:54,325 [grpc-default-executor-1] INFO  ratis.OzoneManagerStateMachine (OzoneManagerStateMachine.java:notifyConfigurationChanged(216)) - Received Configuration change notification from Ratis. New Peer list:
[id: "omNode-1"
address: "localhost:15015"
startupRole: FOLLOWER
]
2024-09-18 12:54:54,325 [grpc-default-executor-1] INFO  impl.SnapshotInstallationHandler (SnapshotInstallationHandler.java:installSnapshot(103)) - omNode-bootstrap-2@group-0AAC5367B30E: reply installSnapshot: omNode-1<-omNode-bootstrap-2#0:FAIL-t1,IN_PROGRESS,snapshotIndex=0
2024-09-18 12:54:54,326 [grpc-default-executor-1] INFO  server.GrpcServerProtocolService (GrpcServerProtocolService.java:onCompleted(157)) - omNode-bootstrap-2: Completed INSTALL_SNAPSHOT, lastRequest: omNode-1->omNode-bootstrap-2#0-t1,notify:(t:1, i:0)
2024-09-18 12:54:54,326 [grpc-default-executor-1] INFO  server.GrpcServerProtocolService (GrpcServerProtocolService.java:lambda$onCompleted$5(159)) - omNode-bootstrap-2: Completed INSTALL_SNAPSHOT, lastReply: null
2024-09-18 12:54:54,326 [grpc-default-executor-0] INFO  server.GrpcLogAppender (GrpcLogAppender.java:onNext(649)) - omNode-1@group-0AAC5367B30E->omNode-bootstrap-2-InstallSnapshotResponseHandler: received a reply omNode-1<-omNode-bootstrap-2#0:FAIL-t1,IN_PROGRESS,snapshotIndex=0
2024-09-18 12:54:54,326 [grpc-default-executor-0] INFO  server.GrpcLogAppender (GrpcLogAppender.java:onNext(665)) - omNode-1@group-0AAC5367B30E->omNode-bootstrap-2-InstallSnapshotResponseHandler: InstallSnapshot in progress.
2024-09-18 12:54:54,327 [omNode-1@group-0AAC5367B30E->omNode-bootstrap-2-GrpcLogAppender-LogAppenderDaemon] INFO  server.GrpcLogAppender (GrpcLogAppender.java:notifyInstallSnapshot(790)) - omNode-1@group-0AAC5367B30E->omNode-bootstrap-2-GrpcLogAppender: notifyInstallSnapshot with firstAvailable=(t:1, i:0), followerNextIndex=0
2024-09-18 12:54:54,327 [omNode-1@group-0AAC5367B30E->omNode-bootstrap-2-GrpcLogAppender-LogAppenderDaemon] INFO  server.GrpcLogAppender (GrpcLogAppender.java:notifyInstallSnapshot(798)) - omNode-1@group-0AAC5367B30E->omNode-bootstrap-2-GrpcLogAppender: send omNode-1->omNode-bootstrap-2#0-t1,notify:(t:1, i:0)
2024-09-18 12:54:54,327 [omNode-bootstrap-2-server-thread1] INFO  server.RaftServer$Division (RaftServerImpl.java:checkInconsistentAppendEntries(1629)) - omNode-bootstrap-2@group-0AAC5367B30E: Failed appendEntries as snapshot (0) installation is in progress
2024-09-18 12:54:54,327 [omNode-bootstrap-2-server-thread1] INFO  server.RaftServer$Division (RaftServerImpl.java:appendEntriesAsync(1584)) - omNode-bootstrap-2@group-0AAC5367B30E: appendEntries* reply omNode-1<-omNode-bootstrap-2#233:FAIL-t1,INCONSISTENCY,nextIndex=0,followerCommit=-1,matchIndex=-1
2024-09-18 12:54:54,328 [grpc-default-executor-4] WARN  server.GrpcLogAppender (GrpcLogAppender.java:onNextImpl(519)) - omNode-1@group-0AAC5367B30E->omNode-bootstrap-2-AppendLogResponseHandler: received INCONSISTENCY reply with nextIndex 0, errorCount=1, request=AppendEntriesRequest:cid=233,entriesCount=0
2024-09-18 12:54:54,328 [grpc-default-executor-3] INFO  impl.SnapshotInstallationHandler (SnapshotInstallationHandler.java:installSnapshot(92)) - omNode-bootstrap-2@group-0AAC5367B30E: receive installSnapshot: omNode-1->omNode-bootstrap-2#0-t1,notify:(t:1, i:0)
2024-09-18 12:54:54,328 [grpc-default-executor-3] INFO  impl.SnapshotInstallationHandler (SnapshotInstallationHandler.java:installSnapshotImpl(138)) - omNode-bootstrap-2@group-0AAC5367B30E: set new configuration configurationEntry {
  peers {
    id: "omNode-1"
    address: "localhost:15015"
    startupRole: FOLLOWER
  }
}
 from snapshot
2024-09-18 12:54:54,328 [grpc-default-executor-3] INFO  server.RaftServer$Division (ServerState.java:setRaftConf(386)) - omNode-bootstrap-2@group-0AAC5367B30E: set configuration conf: {index: 0, cur=peers:[omNode-1|localhost:15015]|listeners:[], old=null}
2024-09-18 12:54:54,330 [grpc-default-executor-3] INFO  ratis.OzoneManagerStateMachine (OzoneManagerStateMachine.java:notifyConfigurationChanged(216)) - Received Configuration change notification from Ratis. New Peer list:
[id: "omNode-1"
address: "localhost:15015"
startupRole: FOLLOWER
]
2024-09-18 12:54:54,330 [grpc-default-executor-3] INFO  impl.SnapshotInstallationHandler (SnapshotInstallationHandler.java:installSnapshot(103)) - omNode-bootstrap-2@group-0AAC5367B30E: reply installSnapshot: omNode-1<-omNode-bootstrap-2#0:FAIL-t1,IN_PROGRESS,snapshotIndex=0
2024-09-18 12:54:54,330 [grpc-default-executor-3] INFO  server.GrpcServerProtocolService (GrpcServerProtocolService.java:onCompleted(157)) - omNode-bootstrap-2: Completed INSTALL_SNAPSHOT, lastRequest: omNode-1->omNode-bootstrap-2#0-t1,notify:(t:1, i:0)
2024-09-18 12:54:54,330 [grpc-default-executor-3] INFO  server.GrpcServerProtocolService (GrpcServerProtocolService.java:lambda$onCompleted$5(159)) - omNode-bootstrap-2: Completed INSTALL_SNAPSHOT, lastReply: null
2024-09-18 12:54:54,330 [grpc-default-executor-3] INFO  server.GrpcLogAppender (GrpcLogAppender.java:onNext(649)) - omNode-1@group-0AAC5367B30E->omNode-bootstrap-2-InstallSnapshotResponseHandler: received a reply omNode-1<-omNode-bootstrap-2#0:FAIL-t1,IN_PROGRESS,snapshotIndex=0
2024-09-18 12:54:54,331 [grpc-default-executor-3] INFO  server.GrpcLogAppender (GrpcLogAppender.java:onNext(665)) - omNode-1@group-0AAC5367B30E->omNode-bootstrap-2-InstallSnapshotResponseHandler: InstallSnapshot in progress.
2024-09-18 12:54:54,331 [omNode-bootstrap-2-server-thread1] INFO  server.RaftServer$Division (RaftServerImpl.java:checkInconsistentAppendEntries(1629)) - omNode-bootstrap-2@group-0AAC5367B30E: Failed appendEntries as snapshot (0) installation is in progress
2024-09-18 12:54:54,331 [omNode-bootstrap-2-server-thread1] INFO  server.RaftServer$Division (RaftServerImpl.java:appendEntriesAsync(1584)) - omNode-bootstrap-2@group-0AAC5367B30E: appendEntries* reply omNode-1<-omNode-bootstrap-2#234:FAIL-t1,INCONSISTENCY,nextIndex=0,followerCommit=-1,matchIndex=-1
2024-09-18 12:54:54,332 [grpc-default-executor-3] WARN  server.GrpcLogAppender (GrpcLogAppender.java:onNextImpl(519)) - omNode-1@group-0AAC5367B30E->omNode-bootstrap-2-AppendLogResponseHandler: received INCONSISTENCY reply with nextIndex 0, errorCount=1, request=AppendEntriesRequest:cid=234,entriesCount=0
2024-09-18 12:54:54,332 [omNode-1@group-0AAC5367B30E->omNode-bootstrap-2-GrpcLogAppender-LogAppenderDaemon] INFO  server.GrpcLogAppender (GrpcLogAppender.java:notifyInstallSnapshot(790)) - omNode-1@group-0AAC5367B30E->omNode-bootstrap-2-GrpcLogAppender: notifyInstallSnapshot with firstAvailable=(t:1, i:0), followerNextIndex=0
2024-09-18 12:54:54,332 [omNode-1@group-0AAC5367B30E->omNode-bootstrap-2-GrpcLogAppender-LogAppenderDaemon] INFO  server.GrpcLogAppender (GrpcLogAppender.java:notifyInstallSnapshot(798)) - omNode-1@group-0AAC5367B30E->omNode-bootstrap-2-GrpcLogAppender: send omNode-1->omNode-bootstrap-2#0-t1,notify:(t:1, i:0)
2024-09-18 12:54:54,333 [grpc-default-executor-1] INFO  impl.SnapshotInstallationHandler (SnapshotInstallationHandler.java:installSnapshot(92)) - omNode-bootstrap-2@group-0AAC5367B30E: receive installSnapshot: omNode-1->omNode-bootstrap-2#0-t1,notify:(t:1, i:0)
2024-09-18 12:54:54,333 [grpc-default-executor-1] INFO  impl.SnapshotInstallationHandler (SnapshotInstallationHandler.java:installSnapshotImpl(138)) - omNode-bootstrap-2@group-0AAC5367B30E: set new configuration configurationEntry {
  peers {
    id: "omNode-1"
    address: "localhost:15015"
    startupRole: FOLLOWER
  }
}
 from snapshot
2024-09-18 12:54:54,333 [grpc-default-executor-1] INFO  server.RaftServer$Division (ServerState.java:setRaftConf(386)) - omNode-bootstrap-2@group-0AAC5367B30E: set configuration conf: {index: 0, cur=peers:[omNode-1|localhost:15015]|listeners:[], old=null}
2024-09-18 12:54:54,334 [grpc-default-executor-1] INFO  ratis.OzoneManagerStateMachine (OzoneManagerStateMachine.java:notifyConfigurationChanged(216)) - Received Configuration change notification from Ratis. New Peer list:
[id: "omNode-1"
address: "localhost:15015"
startupRole: FOLLOWER
]
2024-09-18 12:54:54,334 [grpc-default-executor-1] INFO  impl.SnapshotInstallationHandler (SnapshotInstallationHandler.java:installSnapshot(103)) - omNode-bootstrap-2@group-0AAC5367B30E: reply installSnapshot: omNode-1<-omNode-bootstrap-2#0:FAIL-t1,IN_PROGRESS,snapshotIndex=0
2024-09-18 12:54:54,335 [grpc-default-executor-3] INFO  server.GrpcLogAppender (GrpcLogAppender.java:onNext(649)) - omNode-1@group-0AAC5367B30E->omNode-bootstrap-2-InstallSnapshotResponseHandler: received a reply omNode-1<-omNode-bootstrap-2#0:FAIL-t1,IN_PROGRESS,snapshotIndex=0
2024-09-18 12:54:54,335 [grpc-default-executor-3] INFO  server.GrpcLogAppender (GrpcLogAppender.java:onNext(665)) - omNode-1@group-0AAC5367B30E->omNode-bootstrap-2-InstallSnapshotResponseHandler: InstallSnapshot in progress.
2024-09-18 12:54:54,335 [grpc-default-executor-1] INFO  server.GrpcServerProtocolService (GrpcServerProtocolService.java:onCompleted(157)) - omNode-bootstrap-2: Completed INSTALL_SNAPSHOT, lastRequest: omNode-1->omNode-bootstrap-2#0-t1,notify:(t:1, i:0)
2024-09-18 12:54:54,335 [grpc-default-executor-1] INFO  server.GrpcServerProtocolService (GrpcServerProtocolService.java:lambda$onCompleted$5(159)) - omNode-bootstrap-2: Completed INSTALL_SNAPSHOT, lastReply: null
2024-09-18 12:54:54,336 [omNode-bootstrap-2-server-thread1] INFO  server.RaftServer$Division (RaftServerImpl.java:checkInconsistentAppendEntries(1629)) - omNode-bootstrap-2@group-0AAC5367B30E: Failed appendEntries as snapshot (0) installation is in progress
2024-09-18 12:54:54,336 [omNode-bootstrap-2-server-thread1] INFO  server.RaftServer$Division (RaftServerImpl.java:appendEntriesAsync(1584)) - omNode-bootstrap-2@group-0AAC5367B30E: appendEntries* reply omNode-1<-omNode-bootstrap-2#235:FAIL-t1,INCONSISTENCY,nextIndex=0,followerCommit=-1,matchIndex=-1
2024-09-18 12:54:54,336 [grpc-default-executor-3] WARN  server.GrpcLogAppender (GrpcLogAppender.java:onNextImpl(519)) - omNode-1@group-0AAC5367B30E->omNode-bootstrap-2-AppendLogResponseHandler: received INCONSISTENCY reply with nextIndex 0, errorCount=1, request=AppendEntriesRequest:cid=235,entriesCount=0
2024-09-18 12:54:54,337 [omNode-1@group-0AAC5367B30E->omNode-bootstrap-2-GrpcLogAppender-LogAppenderDaemon] INFO  server.GrpcLogAppender (GrpcLogAppender.java:notifyInstallSnapshot(790)) - omNode-1@group-0AAC5367B30E->omNode-bootstrap-2-GrpcLogAppender: notifyInstallSnapshot with firstAvailable=(t:1, i:0), followerNextIndex=0
2024-09-18 12:54:54,337 [omNode-1@group-0AAC5367B30E->omNode-bootstrap-2-GrpcLogAppender-LogAppenderDaemon] INFO  server.GrpcLogAppender (GrpcLogAppender.java:notifyInstallSnapshot(798)) - omNode-1@group-0AAC5367B30E->omNode-bootstrap-2-GrpcLogAppender: send omNode-1->omNode-bootstrap-2#0-t1,notify:(t:1, i:0)
2024-09-18 12:54:54,337 [grpc-default-executor-1] INFO  impl.SnapshotInstallationHandler (SnapshotInstallationHandler.java:installSnapshot(92)) - omNode-bootstrap-2@group-0AAC5367B30E: receive installSnapshot: omNode-1->omNode-bootstrap-2#0-t1,notify:(t:1, i:0)
2024-09-18 12:54:54,338 [grpc-default-executor-1] INFO  impl.SnapshotInstallationHandler (SnapshotInstallationHandler.java:installSnapshotImpl(138)) - omNode-bootstrap-2@group-0AAC5367B30E: set new configuration configurationEntry {
  peers {
    id: "omNode-1"
    address: "localhost:15015"
    startupRole: FOLLOWER
  }
}
 from snapshot
2024-09-18 12:54:54,338 [grpc-default-executor-1] INFO  server.RaftServer$Division (ServerState.java:setRaftConf(386)) - omNode-bootstrap-2@group-0AAC5367B30E: set configuration conf: {index: 0, cur=peers:[omNode-1|localhost:15015]|listeners:[], old=null}
2024-09-18 12:54:54,339 [grpc-default-executor-1] INFO  ratis.OzoneManagerStateMachine (OzoneManagerStateMachine.java:notifyConfigurationChanged(216)) - Received Configuration change notification from Ratis. New Peer list:
[id: "omNode-1"
address: "localhost:15015"
startupRole: FOLLOWER
]
2024-09-18 12:54:54,340 [grpc-default-executor-1] INFO  impl.SnapshotInstallationHandler (SnapshotInstallationHandler.java:installSnapshot(103)) - omNode-bootstrap-2@group-0AAC5367B30E: reply installSnapshot: omNode-1<-omNode-bootstrap-2#0:FAIL-t1,IN_PROGRESS,snapshotIndex=0
2024-09-18 12:54:54,340 [grpc-default-executor-1] INFO  server.GrpcServerProtocolService (GrpcServerProtocolService.java:onCompleted(157)) - omNode-bootstrap-2: Completed INSTALL_SNAPSHOT, lastRequest: omNode-1->omNode-bootstrap-2#0-t1,notify:(t:1, i:0)
2024-09-18 12:54:54,340 [grpc-default-executor-3] INFO  server.GrpcLogAppender (GrpcLogAppender.java:onNext(649)) - omNode-1@group-0AAC5367B30E->omNode-bootstrap-2-InstallSnapshotResponseHandler: received a reply omNode-1<-omNode-bootstrap-2#0:FAIL-t1,IN_PROGRESS,snapshotIndex=0
2024-09-18 12:54:54,340 [grpc-default-executor-3] INFO  server.GrpcLogAppender (GrpcLogAppender.java:onNext(665)) - omNode-1@group-0AAC5367B30E->omNode-bootstrap-2-InstallSnapshotResponseHandler: InstallSnapshot in progress.
2024-09-18 12:54:54,340 [grpc-default-executor-1] INFO  server.GrpcServerProtocolService (GrpcServerProtocolService.java:lambda$onCompleted$5(159)) - omNode-bootstrap-2: Completed INSTALL_SNAPSHOT, lastReply: null
2024-09-18 12:54:54,341 [omNode-bootstrap-2-server-thread1] INFO  server.RaftServer$Division (RaftServerImpl.java:checkInconsistentAppendEntries(1629)) - omNode-bootstrap-2@group-0AAC5367B30E: Failed appendEntries as snapshot (0) installation is in progress
2024-09-18 12:54:54,341 [omNode-bootstrap-2-server-thread1] INFO  server.RaftServer$Division (RaftServerImpl.java:appendEntriesAsync(1584)) - omNode-bootstrap-2@group-0AAC5367B30E: appendEntries* reply omNode-1<-omNode-bootstrap-2#236:FAIL-t1,INCONSISTENCY,nextIndex=0,followerCommit=-1,matchIndex=-1
2024-09-18 12:54:54,342 [grpc-default-executor-1] WARN  server.GrpcLogAppender (GrpcLogAppender.java:onNextImpl(519)) - omNode-1@group-0AAC5367B30E->omNode-bootstrap-2-AppendLogResponseHandler: received INCONSISTENCY reply with nextIndex 0, errorCount=1, request=AppendEntriesRequest:cid=236,entriesCount=0
2024-09-18 12:54:54,342 [omNode-1@group-0AAC5367B30E->omNode-bootstrap-2-GrpcLogAppender-LogAppenderDaemon] INFO  server.GrpcLogAppender (GrpcLogAppender.java:notifyInstallSnapshot(790)) - omNode-1@group-0AAC5367B30E->omNode-bootstrap-2-GrpcLogAppender: notifyInstallSnapshot with firstAvailable=(t:1, i:0), followerNextIndex=0
2024-09-18 12:54:54,342 [omNode-1@group-0AAC5367B30E->omNode-bootstrap-2-GrpcLogAppender-LogAppenderDaemon] INFO  server.GrpcLogAppender (GrpcLogAppender.java:notifyInstallSnapshot(798)) - omNode-1@group-0AAC5367B30E->omNode-bootstrap-2-GrpcLogAppender: send omNode-1->omNode-bootstrap-2#0-t1,notify:(t:1, i:0)
2024-09-18 12:54:54,343 [grpc-default-executor-4] INFO  impl.SnapshotInstallationHandler (SnapshotInstallationHandler.java:installSnapshot(92)) - omNode-bootstrap-2@group-0AAC5367B30E: receive installSnapshot: omNode-1->omNode-bootstrap-2#0-t1,notify:(t:1, i:0)
2024-09-18 12:54:54,343 [grpc-default-executor-4] INFO  impl.SnapshotInstallationHandler (SnapshotInstallationHandler.java:installSnapshotImpl(138)) - omNode-bootstrap-2@group-0AAC5367B30E: set new configuration configurationEntry {
  peers {
    id: "omNode-1"
    address: "localhost:15015"
    startupRole: FOLLOWER
  }
}
 from snapshot
2024-09-18 12:54:54,343 [grpc-default-executor-4] INFO  server.RaftServer$Division (ServerState.java:setRaftConf(386)) - omNode-bootstrap-2@group-0AAC5367B30E: set configuration conf: {index: 0, cur=peers:[omNode-1|localhost:15015]|listeners:[], old=null}
2024-09-18 12:54:54,344 [grpc-default-executor-4] INFO  ratis.OzoneManagerStateMachine (OzoneManagerStateMachine.java:notifyConfigurationChanged(216)) - Received Configuration change notification from Ratis. New Peer list:
[id: "omNode-1"
address: "localhost:15015"
startupRole: FOLLOWER
]
2024-09-18 12:54:54,344 [grpc-default-executor-4] INFO  impl.SnapshotInstallationHandler (SnapshotInstallationHandler.java:installSnapshot(103)) - omNode-bootstrap-2@group-0AAC5367B30E: reply installSnapshot: omNode-1<-omNode-bootstrap-2#0:FAIL-t1,IN_PROGRESS,snapshotIndex=0
2024-09-18 12:54:54,344 [grpc-default-executor-4] INFO  server.GrpcServerProtocolService (GrpcServerProtocolService.java:onCompleted(157)) - omNode-bootstrap-2: Completed INSTALL_SNAPSHOT, lastRequest: omNode-1->omNode-bootstrap-2#0-t1,notify:(t:1, i:0)
2024-09-18 12:54:54,344 [grpc-default-executor-4] INFO  server.GrpcServerProtocolService (GrpcServerProtocolService.java:lambda$onCompleted$5(159)) - omNode-bootstrap-2: Completed INSTALL_SNAPSHOT, lastReply: null
2024-09-18 12:54:54,345 [grpc-default-executor-4] INFO  server.GrpcLogAppender (GrpcLogAppender.java:onNext(649)) - omNode-1@group-0AAC5367B30E->omNode-bootstrap-2-InstallSnapshotResponseHandler: received a reply omNode-1<-omNode-bootstrap-2#0:FAIL-t1,IN_PROGRESS,snapshotIndex=0
2024-09-18 12:54:54,345 [grpc-default-executor-4] INFO  server.GrpcLogAppender (GrpcLogAppender.java:onNext(665)) - omNode-1@group-0AAC5367B30E->omNode-bootstrap-2-InstallSnapshotResponseHandler: InstallSnapshot in progress.
2024-09-18 12:54:54,345 [omNode-bootstrap-2-server-thread1] INFO  server.RaftServer$Division (RaftServerImpl.java:checkInconsistentAppendEntries(1629)) - omNode-bootstrap-2@group-0AAC5367B30E: Failed appendEntries as snapshot (0) installation is in progress
2024-09-18 12:54:54,345 [omNode-bootstrap-2-server-thread1] INFO  server.RaftServer$Division (RaftServerImpl.java:appendEntriesAsync(1584)) - omNode-bootstrap-2@group-0AAC5367B30E: appendEntries* reply omNode-1<-omNode-bootstrap-2#237:FAIL-t1,INCONSISTENCY,nextIndex=0,followerCommit=-1,matchIndex=-1
2024-09-18 12:54:54,346 [grpc-default-executor-4] WARN  server.GrpcLogAppender (GrpcLogAppender.java:onNextImpl(519)) - omNode-1@group-0AAC5367B30E->omNode-bootstrap-2-AppendLogResponseHandler: received INCONSISTENCY reply with nextIndex 0, errorCount=1, request=AppendEntriesRequest:cid=237,entriesCount=0
2024-09-18 12:54:54,346 [omNode-1@group-0AAC5367B30E->omNode-bootstrap-2-GrpcLogAppender-LogAppenderDaemon] INFO  server.GrpcLogAppender (GrpcLogAppender.java:notifyInstallSnapshot(790)) - omNode-1@group-0AAC5367B30E->omNode-bootstrap-2-GrpcLogAppender: notifyInstallSnapshot with firstAvailable=(t:1, i:0), followerNextIndex=0
2024-09-18 12:54:54,346 [omNode-1@group-0AAC5367B30E->omNode-bootstrap-2-GrpcLogAppender-LogAppenderDaemon] INFO  server.GrpcLogAppender (GrpcLogAppender.java:notifyInstallSnapshot(798)) - omNode-1@group-0AAC5367B30E->omNode-bootstrap-2-GrpcLogAppender: send omNode-1->omNode-bootstrap-2#0-t1,notify:(t:1, i:0)
2024-09-18 12:54:54,346 [grpc-default-executor-1] INFO  impl.SnapshotInstallationHandler (SnapshotInstallationHandler.java:installSnapshot(92)) - omNode-bootstrap-2@group-0AAC5367B30E: receive installSnapshot: omNode-1->omNode-bootstrap-2#0-t1,notify:(t:1, i:0)
2024-09-18 12:54:54,347 [grpc-default-executor-1] INFO  impl.SnapshotInstallationHandler (SnapshotInstallationHandler.java:installSnapshotImpl(138)) - omNode-bootstrap-2@group-0AAC5367B30E: set new configuration configurationEntry {
  peers {
    id: "omNode-1"
    address: "localhost:15015"
    startupRole: FOLLOWER
  }
}
 from snapshot
2024-09-18 12:54:54,347 [grpc-default-executor-1] INFO  server.RaftServer$Division (ServerState.java:setRaftConf(386)) - omNode-bootstrap-2@group-0AAC5367B30E: set configuration conf: {index: 0, cur=peers:[omNode-1|localhost:15015]|listeners:[], old=null}
2024-09-18 12:54:54,349 [grpc-default-executor-1] INFO  ratis.OzoneManagerStateMachine (OzoneManagerStateMachine.java:notifyConfigurationChanged(216)) - Received Configuration change notification from Ratis. New Peer list:
[id: "omNode-1"
address: "localhost:15015"
startupRole: FOLLOWER
]
2024-09-18 12:54:54,349 [grpc-default-executor-1] INFO  impl.SnapshotInstallationHandler (SnapshotInstallationHandler.java:installSnapshot(103)) - omNode-bootstrap-2@group-0AAC5367B30E: reply installSnapshot: omNode-1<-omNode-bootstrap-2#0:FAIL-t1,IN_PROGRESS,snapshotIndex=0
2024-09-18 12:54:54,349 [grpc-default-executor-4] INFO  server.GrpcLogAppender (GrpcLogAppender.java:onNext(649)) - omNode-1@group-0AAC5367B30E->omNode-bootstrap-2-InstallSnapshotResponseHandler: received a reply omNode-1<-omNode-bootstrap-2#0:FAIL-t1,IN_PROGRESS,snapshotIndex=0
2024-09-18 12:54:54,349 [grpc-default-executor-4] INFO  server.GrpcLogAppender (GrpcLogAppender.java:onNext(665)) - omNode-1@group-0AAC5367B30E->omNode-bootstrap-2-InstallSnapshotResponseHandler: InstallSnapshot in progress.
2024-09-18 12:54:54,350 [grpc-default-executor-1] INFO  server.GrpcServerProtocolService (GrpcServerProtocolService.java:onCompleted(157)) - omNode-bootstrap-2: Completed INSTALL_SNAPSHOT, lastRequest: omNode-1->omNode-bootstrap-2#0-t1,notify:(t:1, i:0)
2024-09-18 12:54:54,350 [grpc-default-executor-1] INFO  server.GrpcServerProtocolService (GrpcServerProtocolService.java:lambda$onCompleted$5(159)) - omNode-bootstrap-2: Completed INSTALL_SNAPSHOT, lastReply: null
2024-09-18 12:54:54,350 [omNode-bootstrap-2-server-thread1] INFO  server.RaftServer$Division (RaftServerImpl.java:checkInconsistentAppendEntries(1629)) - omNode-bootstrap-2@group-0AAC5367B30E: Failed appendEntries as snapshot (0) installation is in progress
2024-09-18 12:54:54,351 [omNode-bootstrap-2-server-thread1] INFO  server.RaftServer$Division (RaftServerImpl.java:appendEntriesAsync(1584)) - omNode-bootstrap-2@group-0AAC5367B30E: appendEntries* reply omNode-1<-omNode-bootstrap-2#238:FAIL-t1,INCONSISTENCY,nextIndex=0,followerCommit=-1,matchIndex=-1
2024-09-18 12:54:54,351 [grpc-default-executor-1] WARN  server.GrpcLogAppender (GrpcLogAppender.java:onNextImpl(519)) - omNode-1@group-0AAC5367B30E->omNode-bootstrap-2-AppendLogResponseHandler: received INCONSISTENCY reply with nextIndex 0, errorCount=1, request=AppendEntriesRequest:cid=238,entriesCount=0
2024-09-18 12:54:54,351 [omNode-1@group-0AAC5367B30E->omNode-bootstrap-2-GrpcLogAppender-LogAppenderDaemon] INFO  server.GrpcLogAppender (GrpcLogAppender.java:notifyInstallSnapshot(790)) - omNode-1@group-0AAC5367B30E->omNode-bootstrap-2-GrpcLogAppender: notifyInstallSnapshot with firstAvailable=(t:1, i:0), followerNextIndex=0
2024-09-18 12:54:54,351 [omNode-1@group-0AAC5367B30E->omNode-bootstrap-2-GrpcLogAppender-LogAppenderDaemon] INFO  server.GrpcLogAppender (GrpcLogAppender.java:notifyInstallSnapshot(798)) - omNode-1@group-0AAC5367B30E->omNode-bootstrap-2-GrpcLogAppender: send omNode-1->omNode-bootstrap-2#0-t1,notify:(t:1, i:0)
2024-09-18 12:54:54,352 [grpc-default-executor-1] INFO  impl.SnapshotInstallationHandler (SnapshotInstallationHandler.java:installSnapshot(92)) - omNode-bootstrap-2@group-0AAC5367B30E: receive installSnapshot: omNode-1->omNode-bootstrap-2#0-t1,notify:(t:1, i:0)
2024-09-18 12:54:54,352 [grpc-default-executor-1] INFO  impl.SnapshotInstallationHandler (SnapshotInstallationHandler.java:installSnapshotImpl(138)) - omNode-bootstrap-2@group-0AAC5367B30E: set new configuration configurationEntry {
  peers {
    id: "omNode-1"
    address: "localhost:15015"
    startupRole: FOLLOWER
  }
}
 from snapshot
2024-09-18 12:54:54,352 [grpc-default-executor-1] INFO  server.RaftServer$Division (ServerState.java:setRaftConf(386)) - omNode-bootstrap-2@group-0AAC5367B30E: set configuration conf: {index: 0, cur=peers:[omNode-1|localhost:15015]|listeners:[], old=null}
2024-09-18 12:54:54,354 [grpc-default-executor-1] INFO  ratis.OzoneManagerStateMachine (OzoneManagerStateMachine.java:notifyConfigurationChanged(216)) - Received Configuration change notification from Ratis. New Peer list:
[id: "omNode-1"
address: "localhost:15015"
startupRole: FOLLOWER
]
2024-09-18 12:54:54,354 [grpc-default-executor-1] INFO  impl.SnapshotInstallationHandler (SnapshotInstallationHandler.java:installSnapshot(103)) - omNode-bootstrap-2@group-0AAC5367B30E: reply installSnapshot: omNode-1<-omNode-bootstrap-2#0:FAIL-t1,IN_PROGRESS,snapshotIndex=0
2024-09-18 12:54:54,355 [grpc-default-executor-1] INFO  server.GrpcServerProtocolService (GrpcServerProtocolService.java:onCompleted(157)) - omNode-bootstrap-2: Completed INSTALL_SNAPSHOT, lastRequest: omNode-1->omNode-bootstrap-2#0-t1,notify:(t:1, i:0)
2024-09-18 12:54:54,355 [grpc-default-executor-4] INFO  server.GrpcLogAppender (GrpcLogAppender.java:onNext(649)) - omNode-1@group-0AAC5367B30E->omNode-bootstrap-2-InstallSnapshotResponseHandler: received a reply omNode-1<-omNode-bootstrap-2#0:FAIL-t1,IN_PROGRESS,snapshotIndex=0
2024-09-18 12:54:54,355 [grpc-default-executor-4] INFO  server.GrpcLogAppender (GrpcLogAppender.java:onNext(665)) - omNode-1@group-0AAC5367B30E->omNode-bootstrap-2-InstallSnapshotResponseHandler: InstallSnapshot in progress.
2024-09-18 12:54:54,355 [grpc-default-executor-1] INFO  server.GrpcServerProtocolService (GrpcServerProtocolService.java:lambda$onCompleted$5(159)) - omNode-bootstrap-2: Completed INSTALL_SNAPSHOT, lastReply: null
2024-09-18 12:54:54,356 [omNode-1@group-0AAC5367B30E->omNode-bootstrap-2-GrpcLogAppender-LogAppenderDaemon] INFO  server.GrpcLogAppender (GrpcLogAppender.java:notifyInstallSnapshot(790)) - omNode-1@group-0AAC5367B30E->omNode-bootstrap-2-GrpcLogAppender: notifyInstallSnapshot with firstAvailable=(t:1, i:0), followerNextIndex=0
2024-09-18 12:54:54,356 [omNode-1@group-0AAC5367B30E->omNode-bootstrap-2-GrpcLogAppender-LogAppenderDaemon] INFO  server.GrpcLogAppender (GrpcLogAppender.java:notifyInstallSnapshot(798)) - omNode-1@group-0AAC5367B30E->omNode-bootstrap-2-GrpcLogAppender: send omNode-1->omNode-bootstrap-2#0-t1,notify:(t:1, i:0)
2024-09-18 12:54:54,356 [omNode-bootstrap-2-server-thread1] INFO  server.RaftServer$Division (RaftServerImpl.java:checkInconsistentAppendEntries(1629)) - omNode-bootstrap-2@group-0AAC5367B30E: Failed appendEntries as snapshot (0) installation is in progress
2024-09-18 12:54:54,356 [omNode-bootstrap-2-server-thread1] INFO  server.RaftServer$Division (RaftServerImpl.java:appendEntriesAsync(1584)) - omNode-bootstrap-2@group-0AAC5367B30E: appendEntries* reply omNode-1<-omNode-bootstrap-2#239:FAIL-t1,INCONSISTENCY,nextIndex=0,followerCommit=-1,matchIndex=-1
2024-09-18 12:54:54,357 [grpc-default-executor-3] INFO  impl.SnapshotInstallationHandler (SnapshotInstallationHandler.java:installSnapshot(92)) - omNode-bootstrap-2@group-0AAC5367B30E: receive installSnapshot: omNode-1->omNode-bootstrap-2#0-t1,notify:(t:1, i:0)
2024-09-18 12:54:54,357 [grpc-default-executor-3] INFO  impl.SnapshotInstallationHandler (SnapshotInstallationHandler.java:installSnapshotImpl(138)) - omNode-bootstrap-2@group-0AAC5367B30E: set new configuration configurationEntry {
  peers {
    id: "omNode-1"
    address: "localhost:15015"
    startupRole: FOLLOWER
  }
}
 from snapshot
2024-09-18 12:54:54,357 [grpc-default-executor-3] INFO  server.RaftServer$Division (ServerState.java:setRaftConf(386)) - omNode-bootstrap-2@group-0AAC5367B30E: set configuration conf: {index: 0, cur=peers:[omNode-1|localhost:15015]|listeners:[], old=null}
2024-09-18 12:54:54,357 [grpc-default-executor-4] WARN  server.GrpcLogAppender (GrpcLogAppender.java:onNextImpl(519)) - omNode-1@group-0AAC5367B30E->omNode-bootstrap-2-AppendLogResponseHandler: received INCONSISTENCY reply with nextIndex 0, errorCount=1, request=AppendEntriesRequest:cid=239,entriesCount=0
2024-09-18 12:54:54,359 [grpc-default-executor-3] INFO  ratis.OzoneManagerStateMachine (OzoneManagerStateMachine.java:notifyConfigurationChanged(216)) - Received Configuration change notification from Ratis. New Peer list:
[id: "omNode-1"
address: "localhost:15015"
startupRole: FOLLOWER
]
2024-09-18 12:54:54,359 [grpc-default-executor-3] INFO  impl.SnapshotInstallationHandler (SnapshotInstallationHandler.java:installSnapshot(103)) - omNode-bootstrap-2@group-0AAC5367B30E: reply installSnapshot: omNode-1<-omNode-bootstrap-2#0:FAIL-t1,IN_PROGRESS,snapshotIndex=0
2024-09-18 12:54:54,359 [grpc-default-executor-3] INFO  server.GrpcServerProtocolService (GrpcServerProtocolService.java:onCompleted(157)) - omNode-bootstrap-2: Completed INSTALL_SNAPSHOT, lastRequest: omNode-1->omNode-bootstrap-2#0-t1,notify:(t:1, i:0)
2024-09-18 12:54:54,359 [grpc-default-executor-3] INFO  server.GrpcServerProtocolService (GrpcServerProtocolService.java:lambda$onCompleted$5(159)) - omNode-bootstrap-2: Completed INSTALL_SNAPSHOT, lastReply: null
2024-09-18 12:54:54,359 [grpc-default-executor-1] INFO  server.GrpcLogAppender (GrpcLogAppender.java:onNext(649)) - omNode-1@group-0AAC5367B30E->omNode-bootstrap-2-InstallSnapshotResponseHandler: received a reply omNode-1<-omNode-bootstrap-2#0:FAIL-t1,IN_PROGRESS,snapshotIndex=0
2024-09-18 12:54:54,359 [grpc-default-executor-1] INFO  server.GrpcLogAppender (GrpcLogAppender.java:onNext(665)) - omNode-1@group-0AAC5367B30E->omNode-bootstrap-2-InstallSnapshotResponseHandler: InstallSnapshot in progress.
2024-09-18 12:54:54,360 [omNode-bootstrap-2-server-thread1] INFO  server.RaftServer$Division (RaftServerImpl.java:checkInconsistentAppendEntries(1629)) - omNode-bootstrap-2@group-0AAC5367B30E: Failed appendEntries as snapshot (0) installation is in progress
2024-09-18 12:54:54,360 [omNode-bootstrap-2-server-thread1] INFO  server.RaftServer$Division (RaftServerImpl.java:appendEntriesAsync(1584)) - omNode-bootstrap-2@group-0AAC5367B30E: appendEntries* reply omNode-1<-omNode-bootstrap-2#240:FAIL-t1,INCONSISTENCY,nextIndex=0,followerCommit=-1,matchIndex=-1
2024-09-18 12:54:54,361 [grpc-default-executor-3] WARN  server.GrpcLogAppender (GrpcLogAppender.java:onNextImpl(519)) - omNode-1@group-0AAC5367B30E->omNode-bootstrap-2-AppendLogResponseHandler: received INCONSISTENCY reply with nextIndex 0, errorCount=1, request=AppendEntriesRequest:cid=240,entriesCount=0
2024-09-18 12:54:54,361 [omNode-1@group-0AAC5367B30E->omNode-bootstrap-2-GrpcLogAppender-LogAppenderDaemon] INFO  server.GrpcLogAppender (GrpcLogAppender.java:notifyInstallSnapshot(790)) - omNode-1@group-0AAC5367B30E->omNode-bootstrap-2-GrpcLogAppender: notifyInstallSnapshot with firstAvailable=(t:1, i:0), followerNextIndex=0
2024-09-18 12:54:54,361 [omNode-1@group-0AAC5367B30E->omNode-bootstrap-2-GrpcLogAppender-LogAppenderDaemon] INFO  server.GrpcLogAppender (GrpcLogAppender.java:notifyInstallSnapshot(798)) - omNode-1@group-0AAC5367B30E->omNode-bootstrap-2-GrpcLogAppender: send omNode-1->omNode-bootstrap-2#0-t1,notify:(t:1, i:0)
2024-09-18 12:54:54,362 [grpc-default-executor-4] INFO  impl.SnapshotInstallationHandler (SnapshotInstallationHandler.java:installSnapshot(92)) - omNode-bootstrap-2@group-0AAC5367B30E: receive installSnapshot: omNode-1->omNode-bootstrap-2#0-t1,notify:(t:1, i:0)
2024-09-18 12:54:54,362 [grpc-default-executor-4] INFO  impl.SnapshotInstallationHandler (SnapshotInstallationHandler.java:installSnapshotImpl(138)) - omNode-bootstrap-2@group-0AAC5367B30E: set new configuration configurationEntry {
  peers {
    id: "omNode-1"
    address: "localhost:15015"
    startupRole: FOLLOWER
  }
}
 from snapshot
2024-09-18 12:54:54,362 [grpc-default-executor-4] INFO  server.RaftServer$Division (ServerState.java:setRaftConf(386)) - omNode-bootstrap-2@group-0AAC5367B30E: set configuration conf: {index: 0, cur=peers:[omNode-1|localhost:15015]|listeners:[], old=null}
2024-09-18 12:54:54,363 [grpc-default-executor-4] INFO  ratis.OzoneManagerStateMachine (OzoneManagerStateMachine.java:notifyConfigurationChanged(216)) - Received Configuration change notification from Ratis. New Peer list:
[id: "omNode-1"
address: "localhost:15015"
startupRole: FOLLOWER
]
2024-09-18 12:54:54,363 [grpc-default-executor-4] INFO  impl.SnapshotInstallationHandler (SnapshotInstallationHandler.java:installSnapshot(103)) - omNode-bootstrap-2@group-0AAC5367B30E: reply installSnapshot: omNode-1<-omNode-bootstrap-2#0:FAIL-t1,IN_PROGRESS,snapshotIndex=0
2024-09-18 12:54:54,363 [grpc-default-executor-4] INFO  server.GrpcServerProtocolService (GrpcServerProtocolService.java:onCompleted(157)) - omNode-bootstrap-2: Completed INSTALL_SNAPSHOT, lastRequest: omNode-1->omNode-bootstrap-2#0-t1,notify:(t:1, i:0)
2024-09-18 12:54:54,363 [grpc-default-executor-4] INFO  server.GrpcServerProtocolService (GrpcServerProtocolService.java:lambda$onCompleted$5(159)) - omNode-bootstrap-2: Completed INSTALL_SNAPSHOT, lastReply: null
2024-09-18 12:54:54,364 [grpc-default-executor-1] INFO  server.GrpcLogAppender (GrpcLogAppender.java:onNext(649)) - omNode-1@group-0AAC5367B30E->omNode-bootstrap-2-InstallSnapshotResponseHandler: received a reply omNode-1<-omNode-bootstrap-2#0:FAIL-t1,IN_PROGRESS,snapshotIndex=0
2024-09-18 12:54:54,364 [grpc-default-executor-1] INFO  server.GrpcLogAppender (GrpcLogAppender.java:onNext(665)) - omNode-1@group-0AAC5367B30E->omNode-bootstrap-2-InstallSnapshotResponseHandler: InstallSnapshot in progress.
2024-09-18 12:54:54,364 [omNode-1@group-0AAC5367B30E->omNode-bootstrap-2-GrpcLogAppender-LogAppenderDaemon] INFO  server.GrpcLogAppender (GrpcLogAppender.java:notifyInstallSnapshot(790)) - omNode-1@group-0AAC5367B30E->omNode-bootstrap-2-GrpcLogAppender: notifyInstallSnapshot with firstAvailable=(t:1, i:0), followerNextIndex=0
2024-09-18 12:54:54,365 [omNode-1@group-0AAC5367B30E->omNode-bootstrap-2-GrpcLogAppender-LogAppenderDaemon] INFO  server.GrpcLogAppender (GrpcLogAppender.java:notifyInstallSnapshot(798)) - omNode-1@group-0AAC5367B30E->omNode-bootstrap-2-GrpcLogAppender: send omNode-1->omNode-bootstrap-2#0-t1,notify:(t:1, i:0)
2024-09-18 12:54:54,365 [grpc-default-executor-0] INFO  impl.SnapshotInstallationHandler (SnapshotInstallationHandler.java:installSnapshot(92)) - omNode-bootstrap-2@group-0AAC5367B30E: receive installSnapshot: omNode-1->omNode-bootstrap-2#0-t1,notify:(t:1, i:0)
2024-09-18 12:54:54,366 [grpc-default-executor-0] INFO  impl.SnapshotInstallationHandler (SnapshotInstallationHandler.java:installSnapshotImpl(138)) - omNode-bootstrap-2@group-0AAC5367B30E: set new configuration configurationEntry {
  peers {
    id: "omNode-1"
    address: "localhost:15015"
    startupRole: FOLLOWER
  }
}
 from snapshot
2024-09-18 12:54:54,366 [grpc-default-executor-0] INFO  server.RaftServer$Division (ServerState.java:setRaftConf(386)) - omNode-bootstrap-2@group-0AAC5367B30E: set configuration conf: {index: 0, cur=peers:[omNode-1|localhost:15015]|listeners:[], old=null}
2024-09-18 12:54:54,366 [omNode-bootstrap-2-server-thread1] INFO  server.RaftServer$Division (RaftServerImpl.java:checkInconsistentAppendEntries(1629)) - omNode-bootstrap-2@group-0AAC5367B30E: Failed appendEntries as snapshot (0) installation is in progress
2024-09-18 12:54:54,366 [omNode-bootstrap-2-server-thread1] INFO  server.RaftServer$Division (RaftServerImpl.java:appendEntriesAsync(1584)) - omNode-bootstrap-2@group-0AAC5367B30E: appendEntries* reply omNode-1<-omNode-bootstrap-2#241:FAIL-t1,INCONSISTENCY,nextIndex=0,followerCommit=-1,matchIndex=-1
2024-09-18 12:54:54,367 [grpc-default-executor-4] WARN  server.GrpcLogAppender (GrpcLogAppender.java:onNextImpl(519)) - omNode-1@group-0AAC5367B30E->omNode-bootstrap-2-AppendLogResponseHandler: received INCONSISTENCY reply with nextIndex 0, errorCount=1, request=AppendEntriesRequest:cid=241,entriesCount=0
2024-09-18 12:54:54,367 [grpc-default-executor-0] INFO  ratis.OzoneManagerStateMachine (OzoneManagerStateMachine.java:notifyConfigurationChanged(216)) - Received Configuration change notification from Ratis. New Peer list:
[id: "omNode-1"
address: "localhost:15015"
startupRole: FOLLOWER
]
2024-09-18 12:54:54,367 [grpc-default-executor-0] INFO  impl.SnapshotInstallationHandler (SnapshotInstallationHandler.java:installSnapshot(103)) - omNode-bootstrap-2@group-0AAC5367B30E: reply installSnapshot: omNode-1<-omNode-bootstrap-2#0:FAIL-t1,IN_PROGRESS,snapshotIndex=0
2024-09-18 12:54:54,367 [grpc-default-executor-0] INFO  server.GrpcServerProtocolService (GrpcServerProtocolService.java:onCompleted(157)) - omNode-bootstrap-2: Completed INSTALL_SNAPSHOT, lastRequest: omNode-1->omNode-bootstrap-2#0-t1,notify:(t:1, i:0)
2024-09-18 12:54:54,367 [grpc-default-executor-0] INFO  server.GrpcServerProtocolService (GrpcServerProtocolService.java:lambda$onCompleted$5(159)) - omNode-bootstrap-2: Completed INSTALL_SNAPSHOT, lastReply: null
2024-09-18 12:54:54,368 [grpc-default-executor-0] INFO  server.GrpcLogAppender (GrpcLogAppender.java:onNext(649)) - omNode-1@group-0AAC5367B30E->omNode-bootstrap-2-InstallSnapshotResponseHandler: received a reply omNode-1<-omNode-bootstrap-2#0:FAIL-t1,IN_PROGRESS,snapshotIndex=0
2024-09-18 12:54:54,368 [grpc-default-executor-0] INFO  server.GrpcLogAppender (GrpcLogAppender.java:onNext(665)) - omNode-1@group-0AAC5367B30E->omNode-bootstrap-2-InstallSnapshotResponseHandler: InstallSnapshot in progress.
2024-09-18 12:54:54,368 [omNode-1@group-0AAC5367B30E->omNode-bootstrap-2-GrpcLogAppender-LogAppenderDaemon] INFO  server.GrpcLogAppender (GrpcLogAppender.java:notifyInstallSnapshot(790)) - omNode-1@group-0AAC5367B30E->omNode-bootstrap-2-GrpcLogAppender: notifyInstallSnapshot with firstAvailable=(t:1, i:0), followerNextIndex=0
2024-09-18 12:54:54,368 [omNode-1@group-0AAC5367B30E->omNode-bootstrap-2-GrpcLogAppender-LogAppenderDaemon] INFO  server.GrpcLogAppender (GrpcLogAppender.java:notifyInstallSnapshot(798)) - omNode-1@group-0AAC5367B30E->omNode-bootstrap-2-GrpcLogAppender: send omNode-1->omNode-bootstrap-2#0-t1,notify:(t:1, i:0)
2024-09-18 12:54:54,369 [grpc-default-executor-3] INFO  impl.SnapshotInstallationHandler (SnapshotInstallationHandler.java:installSnapshot(92)) - omNode-bootstrap-2@group-0AAC5367B30E: receive installSnapshot: omNode-1->omNode-bootstrap-2#0-t1,notify:(t:1, i:0)
2024-09-18 12:54:54,369 [grpc-default-executor-3] INFO  impl.SnapshotInstallationHandler (SnapshotInstallationHandler.java:installSnapshotImpl(138)) - omNode-bootstrap-2@group-0AAC5367B30E: set new configuration configurationEntry {
  peers {
    id: "omNode-1"
    address: "localhost:15015"
    startupRole: FOLLOWER
  }
}
 from snapshot
2024-09-18 12:54:54,369 [grpc-default-executor-3] INFO  server.RaftServer$Division (ServerState.java:setRaftConf(386)) - omNode-bootstrap-2@group-0AAC5367B30E: set configuration conf: {index: 0, cur=peers:[omNode-1|localhost:15015]|listeners:[], old=null}
2024-09-18 12:54:54,370 [omNode-bootstrap-2-server-thread1] INFO  server.RaftServer$Division (RaftServerImpl.java:checkInconsistentAppendEntries(1629)) - omNode-bootstrap-2@group-0AAC5367B30E: Failed appendEntries as snapshot (0) installation is in progress
2024-09-18 12:54:54,370 [omNode-bootstrap-2-server-thread1] INFO  server.RaftServer$Division (RaftServerImpl.java:appendEntriesAsync(1584)) - omNode-bootstrap-2@group-0AAC5367B30E: appendEntries* reply omNode-1<-omNode-bootstrap-2#242:FAIL-t1,INCONSISTENCY,nextIndex=0,followerCommit=-1,matchIndex=-1
2024-09-18 12:54:54,371 [grpc-default-executor-0] WARN  server.GrpcLogAppender (GrpcLogAppender.java:onNextImpl(519)) - omNode-1@group-0AAC5367B30E->omNode-bootstrap-2-AppendLogResponseHandler: received INCONSISTENCY reply with nextIndex 0, errorCount=1, request=AppendEntriesRequest:cid=242,entriesCount=0
2024-09-18 12:54:54,371 [grpc-default-executor-3] INFO  ratis.OzoneManagerStateMachine (OzoneManagerStateMachine.java:notifyConfigurationChanged(216)) - Received Configuration change notification from Ratis. New Peer list:
[id: "omNode-1"
address: "localhost:15015"
startupRole: FOLLOWER
]
2024-09-18 12:54:54,371 [grpc-default-executor-3] INFO  impl.SnapshotInstallationHandler (SnapshotInstallationHandler.java:installSnapshot(103)) - omNode-bootstrap-2@group-0AAC5367B30E: reply installSnapshot: omNode-1<-omNode-bootstrap-2#0:FAIL-t1,IN_PROGRESS,snapshotIndex=0
2024-09-18 12:54:54,372 [grpc-default-executor-3] INFO  server.GrpcServerProtocolService (GrpcServerProtocolService.java:onCompleted(157)) - omNode-bootstrap-2: Completed INSTALL_SNAPSHOT, lastRequest: omNode-1->omNode-bootstrap-2#0-t1,notify:(t:1, i:0)
2024-09-18 12:54:54,372 [grpc-default-executor-3] INFO  server.GrpcServerProtocolService (GrpcServerProtocolService.java:lambda$onCompleted$5(159)) - omNode-bootstrap-2: Completed INSTALL_SNAPSHOT, lastReply: null
2024-09-18 12:54:54,372 [grpc-default-executor-1] INFO  server.GrpcLogAppender (GrpcLogAppender.java:onNext(649)) - omNode-1@group-0AAC5367B30E->omNode-bootstrap-2-InstallSnapshotResponseHandler: received a reply omNode-1<-omNode-bootstrap-2#0:FAIL-t1,IN_PROGRESS,snapshotIndex=0
2024-09-18 12:54:54,372 [grpc-default-executor-1] INFO  server.GrpcLogAppender (GrpcLogAppender.java:onNext(665)) - omNode-1@group-0AAC5367B30E->omNode-bootstrap-2-InstallSnapshotResponseHandler: InstallSnapshot in progress.
2024-09-18 12:54:54,373 [omNode-bootstrap-2-server-thread1] INFO  server.RaftServer$Division (RaftServerImpl.java:checkInconsistentAppendEntries(1629)) - omNode-bootstrap-2@group-0AAC5367B30E: Failed appendEntries as snapshot (0) installation is in progress
2024-09-18 12:54:54,373 [omNode-bootstrap-2-server-thread1] INFO  server.RaftServer$Division (RaftServerImpl.java:appendEntriesAsync(1584)) - omNode-bootstrap-2@group-0AAC5367B30E: appendEntries* reply omNode-1<-omNode-bootstrap-2#243:FAIL-t1,INCONSISTENCY,nextIndex=0,followerCommit=-1,matchIndex=-1
2024-09-18 12:54:54,373 [grpc-default-executor-1] WARN  server.GrpcLogAppender (GrpcLogAppender.java:onNextImpl(519)) - omNode-1@group-0AAC5367B30E->omNode-bootstrap-2-AppendLogResponseHandler: received INCONSISTENCY reply with nextIndex 0, errorCount=1, request=AppendEntriesRequest:cid=243,entriesCount=0
2024-09-18 12:54:54,373 [omNode-1@group-0AAC5367B30E->omNode-bootstrap-2-GrpcLogAppender-LogAppenderDaemon] INFO  server.GrpcLogAppender (GrpcLogAppender.java:notifyInstallSnapshot(790)) - omNode-1@group-0AAC5367B30E->omNode-bootstrap-2-GrpcLogAppender: notifyInstallSnapshot with firstAvailable=(t:1, i:0), followerNextIndex=0
2024-09-18 12:54:54,374 [omNode-1@group-0AAC5367B30E->omNode-bootstrap-2-GrpcLogAppender-LogAppenderDaemon] INFO  server.GrpcLogAppender (GrpcLogAppender.java:notifyInstallSnapshot(798)) - omNode-1@group-0AAC5367B30E->omNode-bootstrap-2-GrpcLogAppender: send omNode-1->omNode-bootstrap-2#0-t1,notify:(t:1, i:0)
2024-09-18 12:54:54,374 [grpc-default-executor-0] INFO  impl.SnapshotInstallationHandler (SnapshotInstallationHandler.java:installSnapshot(92)) - omNode-bootstrap-2@group-0AAC5367B30E: receive installSnapshot: omNode-1->omNode-bootstrap-2#0-t1,notify:(t:1, i:0)
2024-09-18 12:54:54,375 [grpc-default-executor-0] INFO  impl.SnapshotInstallationHandler (SnapshotInstallationHandler.java:installSnapshotImpl(138)) - omNode-bootstrap-2@group-0AAC5367B30E: set new configuration configurationEntry {
  peers {
    id: "omNode-1"
    address: "localhost:15015"
    startupRole: FOLLOWER
  }
}
 from snapshot
2024-09-18 12:54:54,375 [grpc-default-executor-0] INFO  server.RaftServer$Division (ServerState.java:setRaftConf(386)) - omNode-bootstrap-2@group-0AAC5367B30E: set configuration conf: {index: 0, cur=peers:[omNode-1|localhost:15015]|listeners:[], old=null}
2024-09-18 12:54:54,376 [grpc-default-executor-0] INFO  ratis.OzoneManagerStateMachine (OzoneManagerStateMachine.java:notifyConfigurationChanged(216)) - Received Configuration change notification from Ratis. New Peer list:
[id: "omNode-1"
address: "localhost:15015"
startupRole: FOLLOWER
]
2024-09-18 12:54:54,376 [grpc-default-executor-0] INFO  impl.SnapshotInstallationHandler (SnapshotInstallationHandler.java:installSnapshot(103)) - omNode-bootstrap-2@group-0AAC5367B30E: reply installSnapshot: omNode-1<-omNode-bootstrap-2#0:FAIL-t1,IN_PROGRESS,snapshotIndex=0
2024-09-18 12:54:54,376 [grpc-default-executor-0] INFO  server.GrpcServerProtocolService (GrpcServerProtocolService.java:onCompleted(157)) - omNode-bootstrap-2: Completed INSTALL_SNAPSHOT, lastRequest: omNode-1->omNode-bootstrap-2#0-t1,notify:(t:1, i:0)
2024-09-18 12:54:54,376 [grpc-default-executor-0] INFO  server.GrpcServerProtocolService (GrpcServerProtocolService.java:lambda$onCompleted$5(159)) - omNode-bootstrap-2: Completed INSTALL_SNAPSHOT, lastReply: null
2024-09-18 12:54:54,377 [grpc-default-executor-0] INFO  server.GrpcLogAppender (GrpcLogAppender.java:onNext(649)) - omNode-1@group-0AAC5367B30E->omNode-bootstrap-2-InstallSnapshotResponseHandler: received a reply omNode-1<-omNode-bootstrap-2#0:FAIL-t1,IN_PROGRESS,snapshotIndex=0
2024-09-18 12:54:54,377 [grpc-default-executor-0] INFO  server.GrpcLogAppender (GrpcLogAppender.java:onNext(665)) - omNode-1@group-0AAC5367B30E->omNode-bootstrap-2-InstallSnapshotResponseHandler: InstallSnapshot in progress.
2024-09-18 12:54:54,377 [omNode-1@group-0AAC5367B30E->omNode-bootstrap-2-GrpcLogAppender-LogAppenderDaemon] INFO  server.GrpcLogAppender (GrpcLogAppender.java:notifyInstallSnapshot(790)) - omNode-1@group-0AAC5367B30E->omNode-bootstrap-2-GrpcLogAppender: notifyInstallSnapshot with firstAvailable=(t:1, i:0), followerNextIndex=0
2024-09-18 12:54:54,377 [omNode-1@group-0AAC5367B30E->omNode-bootstrap-2-GrpcLogAppender-LogAppenderDaemon] INFO  server.GrpcLogAppender (GrpcLogAppender.java:notifyInstallSnapshot(798)) - omNode-1@group-0AAC5367B30E->omNode-bootstrap-2-GrpcLogAppender: send omNode-1->omNode-bootstrap-2#0-t1,notify:(t:1, i:0)
2024-09-18 12:54:54,378 [grpc-default-executor-3] INFO  impl.SnapshotInstallationHandler (SnapshotInstallationHandler.java:installSnapshot(92)) - omNode-bootstrap-2@group-0AAC5367B30E: receive installSnapshot: omNode-1->omNode-bootstrap-2#0-t1,notify:(t:1, i:0)
2024-09-18 12:54:54,379 [grpc-default-executor-3] INFO  impl.SnapshotInstallationHandler (SnapshotInstallationHandler.java:installSnapshotImpl(138)) - omNode-bootstrap-2@group-0AAC5367B30E: set new configuration configurationEntry {
  peers {
    id: "omNode-1"
    address: "localhost:15015"
    startupRole: FOLLOWER
  }
}
 from snapshot
2024-09-18 12:54:54,379 [grpc-default-executor-3] INFO  server.RaftServer$Division (ServerState.java:setRaftConf(386)) - omNode-bootstrap-2@group-0AAC5367B30E: set configuration conf: {index: 0, cur=peers:[omNode-1|localhost:15015]|listeners:[], old=null}
2024-09-18 12:54:54,379 [omNode-bootstrap-2-server-thread1] INFO  server.RaftServer$Division (RaftServerImpl.java:checkInconsistentAppendEntries(1629)) - omNode-bootstrap-2@group-0AAC5367B30E: Failed appendEntries as snapshot (0) installation is in progress
2024-09-18 12:54:54,379 [omNode-bootstrap-2-server-thread1] INFO  server.RaftServer$Division (RaftServerImpl.java:appendEntriesAsync(1584)) - omNode-bootstrap-2@group-0AAC5367B30E: appendEntries* reply omNode-1<-omNode-bootstrap-2#244:FAIL-t1,INCONSISTENCY,nextIndex=0,followerCommit=-1,matchIndex=-1
2024-09-18 12:54:54,380 [grpc-default-executor-0] WARN  server.GrpcLogAppender (GrpcLogAppender.java:onNextImpl(519)) - omNode-1@group-0AAC5367B30E->omNode-bootstrap-2-AppendLogResponseHandler: received INCONSISTENCY reply with nextIndex 0, errorCount=1, request=AppendEntriesRequest:cid=244,entriesCount=0
2024-09-18 12:54:54,380 [grpc-default-executor-3] INFO  ratis.OzoneManagerStateMachine (OzoneManagerStateMachine.java:notifyConfigurationChanged(216)) - Received Configuration change notification from Ratis. New Peer list:
[id: "omNode-1"
address: "localhost:15015"
startupRole: FOLLOWER
]
2024-09-18 12:54:54,380 [grpc-default-executor-3] INFO  impl.SnapshotInstallationHandler (SnapshotInstallationHandler.java:installSnapshot(103)) - omNode-bootstrap-2@group-0AAC5367B30E: reply installSnapshot: omNode-1<-omNode-bootstrap-2#0:FAIL-t1,IN_PROGRESS,snapshotIndex=0
2024-09-18 12:54:54,380 [grpc-default-executor-3] INFO  server.GrpcServerProtocolService (GrpcServerProtocolService.java:onCompleted(157)) - omNode-bootstrap-2: Completed INSTALL_SNAPSHOT, lastRequest: omNode-1->omNode-bootstrap-2#0-t1,notify:(t:1, i:0)
2024-09-18 12:54:54,380 [grpc-default-executor-3] INFO  server.GrpcServerProtocolService (GrpcServerProtocolService.java:lambda$onCompleted$5(159)) - omNode-bootstrap-2: Completed INSTALL_SNAPSHOT, lastReply: null
2024-09-18 12:54:54,381 [grpc-default-executor-1] INFO  server.GrpcLogAppender (GrpcLogAppender.java:onNext(649)) - omNode-1@group-0AAC5367B30E->omNode-bootstrap-2-InstallSnapshotResponseHandler: received a reply omNode-1<-omNode-bootstrap-2#0:FAIL-t1,IN_PROGRESS,snapshotIndex=0
2024-09-18 12:54:54,381 [grpc-default-executor-1] INFO  server.GrpcLogAppender (GrpcLogAppender.java:onNext(665)) - omNode-1@group-0AAC5367B30E->omNode-bootstrap-2-InstallSnapshotResponseHandler: InstallSnapshot in progress.
2024-09-18 12:54:54,381 [omNode-bootstrap-2-server-thread1] INFO  server.RaftServer$Division (RaftServerImpl.java:checkInconsistentAppendEntries(1629)) - omNode-bootstrap-2@group-0AAC5367B30E: Failed appendEntries as snapshot (0) installation is in progress
2024-09-18 12:54:54,381 [omNode-bootstrap-2-server-thread1] INFO  server.RaftServer$Division (RaftServerImpl.java:appendEntriesAsync(1584)) - omNode-bootstrap-2@group-0AAC5367B30E: appendEntries* reply omNode-1<-omNode-bootstrap-2#245:FAIL-t1,INCONSISTENCY,nextIndex=0,followerCommit=-1,matchIndex=-1
2024-09-18 12:54:54,382 [grpc-default-executor-1] WARN  server.GrpcLogAppender (GrpcLogAppender.java:onNextImpl(519)) - omNode-1@group-0AAC5367B30E->omNode-bootstrap-2-AppendLogResponseHandler: received INCONSISTENCY reply with nextIndex 0, errorCount=1, request=AppendEntriesRequest:cid=245,entriesCount=0
2024-09-18 12:54:54,382 [omNode-1@group-0AAC5367B30E->omNode-bootstrap-2-GrpcLogAppender-LogAppenderDaemon] INFO  server.GrpcLogAppender (GrpcLogAppender.java:notifyInstallSnapshot(790)) - omNode-1@group-0AAC5367B30E->omNode-bootstrap-2-GrpcLogAppender: notifyInstallSnapshot with firstAvailable=(t:1, i:0), followerNextIndex=0
2024-09-18 12:54:54,382 [omNode-1@group-0AAC5367B30E->omNode-bootstrap-2-GrpcLogAppender-LogAppenderDaemon] INFO  server.GrpcLogAppender (GrpcLogAppender.java:notifyInstallSnapshot(798)) - omNode-1@group-0AAC5367B30E->omNode-bootstrap-2-GrpcLogAppender: send omNode-1->omNode-bootstrap-2#0-t1,notify:(t:1, i:0)
2024-09-18 12:54:54,383 [grpc-default-executor-3] INFO  impl.SnapshotInstallationHandler (SnapshotInstallationHandler.java:installSnapshot(92)) - omNode-bootstrap-2@group-0AAC5367B30E: receive installSnapshot: omNode-1->omNode-bootstrap-2#0-t1,notify:(t:1, i:0)
2024-09-18 12:54:54,383 [grpc-default-executor-3] INFO  impl.SnapshotInstallationHandler (SnapshotInstallationHandler.java:installSnapshotImpl(138)) - omNode-bootstrap-2@group-0AAC5367B30E: set new configuration configurationEntry {
  peers {
    id: "omNode-1"
    address: "localhost:15015"
    startupRole: FOLLOWER
  }
}
 from snapshot
2024-09-18 12:54:54,383 [grpc-default-executor-3] INFO  server.RaftServer$Division (ServerState.java:setRaftConf(386)) - omNode-bootstrap-2@group-0AAC5367B30E: set configuration conf: {index: 0, cur=peers:[omNode-1|localhost:15015]|listeners:[], old=null}
2024-09-18 12:54:54,384 [grpc-default-executor-3] INFO  ratis.OzoneManagerStateMachine (OzoneManagerStateMachine.java:notifyConfigurationChanged(216)) - Received Configuration change notification from Ratis. New Peer list:
[id: "omNode-1"
address: "localhost:15015"
startupRole: FOLLOWER
]
2024-09-18 12:54:54,385 [grpc-default-executor-3] INFO  impl.SnapshotInstallationHandler (SnapshotInstallationHandler.java:installSnapshot(103)) - omNode-bootstrap-2@group-0AAC5367B30E: reply installSnapshot: omNode-1<-omNode-bootstrap-2#0:FAIL-t1,IN_PROGRESS,snapshotIndex=0
2024-09-18 12:54:54,385 [grpc-default-executor-3] INFO  server.GrpcServerProtocolService (GrpcServerProtocolService.java:onCompleted(157)) - omNode-bootstrap-2: Completed INSTALL_SNAPSHOT, lastRequest: omNode-1->omNode-bootstrap-2#0-t1,notify:(t:1, i:0)
2024-09-18 12:54:54,385 [grpc-default-executor-3] INFO  server.GrpcServerProtocolService (GrpcServerProtocolService.java:lambda$onCompleted$5(159)) - omNode-bootstrap-2: Completed INSTALL_SNAPSHOT, lastReply: null
2024-09-18 12:54:54,385 [grpc-default-executor-3] INFO  server.GrpcLogAppender (GrpcLogAppender.java:onNext(649)) - omNode-1@group-0AAC5367B30E->omNode-bootstrap-2-InstallSnapshotResponseHandler: received a reply omNode-1<-omNode-bootstrap-2#0:FAIL-t1,IN_PROGRESS,snapshotIndex=0
2024-09-18 12:54:54,385 [grpc-default-executor-3] INFO  server.GrpcLogAppender (GrpcLogAppender.java:onNext(665)) - omNode-1@group-0AAC5367B30E->omNode-bootstrap-2-InstallSnapshotResponseHandler: InstallSnapshot in progress.
2024-09-18 12:54:54,386 [omNode-bootstrap-2-server-thread1] INFO  server.RaftServer$Division (RaftServerImpl.java:checkInconsistentAppendEntries(1629)) - omNode-bootstrap-2@group-0AAC5367B30E: Failed appendEntries as snapshot (0) installation is in progress
2024-09-18 12:54:54,386 [omNode-bootstrap-2-server-thread1] INFO  server.RaftServer$Division (RaftServerImpl.java:appendEntriesAsync(1584)) - omNode-bootstrap-2@group-0AAC5367B30E: appendEntries* reply omNode-1<-omNode-bootstrap-2#246:FAIL-t1,INCONSISTENCY,nextIndex=0,followerCommit=-1,matchIndex=-1
2024-09-18 12:54:54,386 [grpc-default-executor-3] WARN  server.GrpcLogAppender (GrpcLogAppender.java:onNextImpl(519)) - omNode-1@group-0AAC5367B30E->omNode-bootstrap-2-AppendLogResponseHandler: received INCONSISTENCY reply with nextIndex 0, errorCount=1, request=AppendEntriesRequest:cid=246,entriesCount=0
2024-09-18 12:54:54,387 [omNode-1@group-0AAC5367B30E->omNode-bootstrap-2-GrpcLogAppender-LogAppenderDaemon] INFO  server.GrpcLogAppender (GrpcLogAppender.java:notifyInstallSnapshot(790)) - omNode-1@group-0AAC5367B30E->omNode-bootstrap-2-GrpcLogAppender: notifyInstallSnapshot with firstAvailable=(t:1, i:0), followerNextIndex=0
2024-09-18 12:54:54,387 [omNode-1@group-0AAC5367B30E->omNode-bootstrap-2-GrpcLogAppender-LogAppenderDaemon] INFO  server.GrpcLogAppender (GrpcLogAppender.java:notifyInstallSnapshot(798)) - omNode-1@group-0AAC5367B30E->omNode-bootstrap-2-GrpcLogAppender: send omNode-1->omNode-bootstrap-2#0-t1,notify:(t:1, i:0)
2024-09-18 12:54:54,388 [grpc-default-executor-1] INFO  impl.SnapshotInstallationHandler (SnapshotInstallationHandler.java:installSnapshot(92)) - omNode-bootstrap-2@group-0AAC5367B30E: receive installSnapshot: omNode-1->omNode-bootstrap-2#0-t1,notify:(t:1, i:0)
2024-09-18 12:54:54,388 [grpc-default-executor-1] INFO  impl.SnapshotInstallationHandler (SnapshotInstallationHandler.java:installSnapshotImpl(138)) - omNode-bootstrap-2@group-0AAC5367B30E: set new configuration configurationEntry {
  peers {
    id: "omNode-1"
    address: "localhost:15015"
    startupRole: FOLLOWER
  }
}
 from snapshot
2024-09-18 12:54:54,388 [grpc-default-executor-1] INFO  server.RaftServer$Division (ServerState.java:setRaftConf(386)) - omNode-bootstrap-2@group-0AAC5367B30E: set configuration conf: {index: 0, cur=peers:[omNode-1|localhost:15015]|listeners:[], old=null}
2024-09-18 12:54:54,390 [grpc-default-executor-1] INFO  ratis.OzoneManagerStateMachine (OzoneManagerStateMachine.java:notifyConfigurationChanged(216)) - Received Configuration change notification from Ratis. New Peer list:
[id: "omNode-1"
address: "localhost:15015"
startupRole: FOLLOWER
]
2024-09-18 12:54:54,390 [grpc-default-executor-1] INFO  impl.SnapshotInstallationHandler (SnapshotInstallationHandler.java:installSnapshot(103)) - omNode-bootstrap-2@group-0AAC5367B30E: reply installSnapshot: omNode-1<-omNode-bootstrap-2#0:FAIL-t1,IN_PROGRESS,snapshotIndex=0
2024-09-18 12:54:54,390 [grpc-default-executor-1] INFO  server.GrpcServerProtocolService (GrpcServerProtocolService.java:onCompleted(157)) - omNode-bootstrap-2: Completed INSTALL_SNAPSHOT, lastRequest: omNode-1->omNode-bootstrap-2#0-t1,notify:(t:1, i:0)
2024-09-18 12:54:54,390 [grpc-default-executor-3] INFO  server.GrpcLogAppender (GrpcLogAppender.java:onNext(649)) - omNode-1@group-0AAC5367B30E->omNode-bootstrap-2-InstallSnapshotResponseHandler: received a reply omNode-1<-omNode-bootstrap-2#0:FAIL-t1,IN_PROGRESS,snapshotIndex=0
2024-09-18 12:54:54,390 [grpc-default-executor-3] INFO  server.GrpcLogAppender (GrpcLogAppender.java:onNext(665)) - omNode-1@group-0AAC5367B30E->omNode-bootstrap-2-InstallSnapshotResponseHandler: InstallSnapshot in progress.
2024-09-18 12:54:54,390 [grpc-default-executor-1] INFO  server.GrpcServerProtocolService (GrpcServerProtocolService.java:lambda$onCompleted$5(159)) - omNode-bootstrap-2: Completed INSTALL_SNAPSHOT, lastReply: null
2024-09-18 12:54:54,391 [omNode-bootstrap-2-server-thread1] INFO  server.RaftServer$Division (RaftServerImpl.java:checkInconsistentAppendEntries(1629)) - omNode-bootstrap-2@group-0AAC5367B30E: Failed appendEntries as snapshot (0) installation is in progress
2024-09-18 12:54:54,391 [omNode-bootstrap-2-server-thread1] INFO  server.RaftServer$Division (RaftServerImpl.java:appendEntriesAsync(1584)) - omNode-bootstrap-2@group-0AAC5367B30E: appendEntries* reply omNode-1<-omNode-bootstrap-2#247:FAIL-t1,INCONSISTENCY,nextIndex=0,followerCommit=-1,matchIndex=-1
2024-09-18 12:54:54,392 [grpc-default-executor-3] WARN  server.GrpcLogAppender (GrpcLogAppender.java:onNextImpl(519)) - omNode-1@group-0AAC5367B30E->omNode-bootstrap-2-AppendLogResponseHandler: received INCONSISTENCY reply with nextIndex 0, errorCount=1, request=AppendEntriesRequest:cid=247,entriesCount=0
2024-09-18 12:54:54,392 [omNode-1@group-0AAC5367B30E->omNode-bootstrap-2-GrpcLogAppender-LogAppenderDaemon] INFO  server.GrpcLogAppender (GrpcLogAppender.java:notifyInstallSnapshot(790)) - omNode-1@group-0AAC5367B30E->omNode-bootstrap-2-GrpcLogAppender: notifyInstallSnapshot with firstAvailable=(t:1, i:0), followerNextIndex=0
2024-09-18 12:54:54,392 [omNode-1@group-0AAC5367B30E->omNode-bootstrap-2-GrpcLogAppender-LogAppenderDaemon] INFO  server.GrpcLogAppender (GrpcLogAppender.java:notifyInstallSnapshot(798)) - omNode-1@group-0AAC5367B30E->omNode-bootstrap-2-GrpcLogAppender: send omNode-1->omNode-bootstrap-2#0-t1,notify:(t:1, i:0)
2024-09-18 12:54:54,393 [grpc-default-executor-3] INFO  impl.SnapshotInstallationHandler (SnapshotInstallationHandler.java:installSnapshot(92)) - omNode-bootstrap-2@group-0AAC5367B30E: receive installSnapshot: omNode-1->omNode-bootstrap-2#0-t1,notify:(t:1, i:0)
2024-09-18 12:54:54,393 [grpc-default-executor-3] INFO  impl.SnapshotInstallationHandler (SnapshotInstallationHandler.java:installSnapshotImpl(138)) - omNode-bootstrap-2@group-0AAC5367B30E: set new configuration configurationEntry {
  peers {
    id: "omNode-1"
    address: "localhost:15015"
    startupRole: FOLLOWER
  }
}
 from snapshot
2024-09-18 12:54:54,393 [grpc-default-executor-3] INFO  server.RaftServer$Division (ServerState.java:setRaftConf(386)) - omNode-bootstrap-2@group-0AAC5367B30E: set configuration conf: {index: 0, cur=peers:[omNode-1|localhost:15015]|listeners:[], old=null}
2024-09-18 12:54:54,394 [grpc-default-executor-3] INFO  ratis.OzoneManagerStateMachine (OzoneManagerStateMachine.java:notifyConfigurationChanged(216)) - Received Configuration change notification from Ratis. New Peer list:
[id: "omNode-1"
address: "localhost:15015"
startupRole: FOLLOWER
]
2024-09-18 12:54:54,394 [grpc-default-executor-3] INFO  impl.SnapshotInstallationHandler (SnapshotInstallationHandler.java:installSnapshot(103)) - omNode-bootstrap-2@group-0AAC5367B30E: reply installSnapshot: omNode-1<-omNode-bootstrap-2#0:FAIL-t1,IN_PROGRESS,snapshotIndex=0
2024-09-18 12:54:54,395 [grpc-default-executor-3] INFO  server.GrpcServerProtocolService (GrpcServerProtocolService.java:onCompleted(157)) - omNode-bootstrap-2: Completed INSTALL_SNAPSHOT, lastRequest: omNode-1->omNode-bootstrap-2#0-t1,notify:(t:1, i:0)
2024-09-18 12:54:54,395 [grpc-default-executor-3] INFO  server.GrpcServerProtocolService (GrpcServerProtocolService.java:lambda$onCompleted$5(159)) - omNode-bootstrap-2: Completed INSTALL_SNAPSHOT, lastReply: null
2024-09-18 12:54:54,395 [grpc-default-executor-1] INFO  server.GrpcLogAppender (GrpcLogAppender.java:onNext(649)) - omNode-1@group-0AAC5367B30E->omNode-bootstrap-2-InstallSnapshotResponseHandler: received a reply omNode-1<-omNode-bootstrap-2#0:FAIL-t1,IN_PROGRESS,snapshotIndex=0
2024-09-18 12:54:54,395 [grpc-default-executor-1] INFO  server.GrpcLogAppender (GrpcLogAppender.java:onNext(665)) - omNode-1@group-0AAC5367B30E->omNode-bootstrap-2-InstallSnapshotResponseHandler: InstallSnapshot in progress.
2024-09-18 12:54:54,396 [omNode-1@group-0AAC5367B30E->omNode-bootstrap-2-GrpcLogAppender-LogAppenderDaemon] INFO  server.GrpcLogAppender (GrpcLogAppender.java:notifyInstallSnapshot(790)) - omNode-1@group-0AAC5367B30E->omNode-bootstrap-2-GrpcLogAppender: notifyInstallSnapshot with firstAvailable=(t:1, i:0), followerNextIndex=0
2024-09-18 12:54:54,396 [omNode-1@group-0AAC5367B30E->omNode-bootstrap-2-GrpcLogAppender-LogAppenderDaemon] INFO  server.GrpcLogAppender (GrpcLogAppender.java:notifyInstallSnapshot(798)) - omNode-1@group-0AAC5367B30E->omNode-bootstrap-2-GrpcLogAppender: send omNode-1->omNode-bootstrap-2#0-t1,notify:(t:1, i:0)
2024-09-18 12:54:54,396 [omNode-bootstrap-2-server-thread1] INFO  server.RaftServer$Division (RaftServerImpl.java:checkInconsistentAppendEntries(1629)) - omNode-bootstrap-2@group-0AAC5367B30E: Failed appendEntries as snapshot (0) installation is in progress
2024-09-18 12:54:54,397 [omNode-bootstrap-2-server-thread1] INFO  server.RaftServer$Division (RaftServerImpl.java:appendEntriesAsync(1584)) - omNode-bootstrap-2@group-0AAC5367B30E: appendEntries* reply omNode-1<-omNode-bootstrap-2#248:FAIL-t1,INCONSISTENCY,nextIndex=0,followerCommit=-1,matchIndex=-1
2024-09-18 12:54:54,397 [grpc-default-executor-0] INFO  impl.SnapshotInstallationHandler (SnapshotInstallationHandler.java:installSnapshot(92)) - omNode-bootstrap-2@group-0AAC5367B30E: receive installSnapshot: omNode-1->omNode-bootstrap-2#0-t1,notify:(t:1, i:0)
2024-09-18 12:54:54,397 [grpc-default-executor-0] INFO  impl.SnapshotInstallationHandler (SnapshotInstallationHandler.java:installSnapshotImpl(138)) - omNode-bootstrap-2@group-0AAC5367B30E: set new configuration configurationEntry {
  peers {
    id: "omNode-1"
    address: "localhost:15015"
    startupRole: FOLLOWER
  }
}
 from snapshot
2024-09-18 12:54:54,397 [grpc-default-executor-0] INFO  server.RaftServer$Division (ServerState.java:setRaftConf(386)) - omNode-bootstrap-2@group-0AAC5367B30E: set configuration conf: {index: 0, cur=peers:[omNode-1|localhost:15015]|listeners:[], old=null}
2024-09-18 12:54:54,397 [grpc-default-executor-1] WARN  server.GrpcLogAppender (GrpcLogAppender.java:onNextImpl(519)) - omNode-1@group-0AAC5367B30E->omNode-bootstrap-2-AppendLogResponseHandler: received INCONSISTENCY reply with nextIndex 0, errorCount=1, request=AppendEntriesRequest:cid=248,entriesCount=0
2024-09-18 12:54:54,399 [grpc-default-executor-0] INFO  ratis.OzoneManagerStateMachine (OzoneManagerStateMachine.java:notifyConfigurationChanged(216)) - Received Configuration change notification from Ratis. New Peer list:
[id: "omNode-1"
address: "localhost:15015"
startupRole: FOLLOWER
]
2024-09-18 12:54:54,399 [grpc-default-executor-0] INFO  impl.SnapshotInstallationHandler (SnapshotInstallationHandler.java:installSnapshot(103)) - omNode-bootstrap-2@group-0AAC5367B30E: reply installSnapshot: omNode-1<-omNode-bootstrap-2#0:FAIL-t1,IN_PROGRESS,snapshotIndex=0
2024-09-18 12:54:54,400 [grpc-default-executor-0] INFO  server.GrpcServerProtocolService (GrpcServerProtocolService.java:onCompleted(157)) - omNode-bootstrap-2: Completed INSTALL_SNAPSHOT, lastRequest: omNode-1->omNode-bootstrap-2#0-t1,notify:(t:1, i:0)
2024-09-18 12:54:54,400 [grpc-default-executor-0] INFO  server.GrpcServerProtocolService (GrpcServerProtocolService.java:lambda$onCompleted$5(159)) - omNode-bootstrap-2: Completed INSTALL_SNAPSHOT, lastReply: null
2024-09-18 12:54:54,400 [grpc-default-executor-0] INFO  server.GrpcLogAppender (GrpcLogAppender.java:onNext(649)) - omNode-1@group-0AAC5367B30E->omNode-bootstrap-2-InstallSnapshotResponseHandler: received a reply omNode-1<-omNode-bootstrap-2#0:FAIL-t1,IN_PROGRESS,snapshotIndex=0
2024-09-18 12:54:54,400 [grpc-default-executor-0] INFO  server.GrpcLogAppender (GrpcLogAppender.java:onNext(665)) - omNode-1@group-0AAC5367B30E->omNode-bootstrap-2-InstallSnapshotResponseHandler: InstallSnapshot in progress.
2024-09-18 12:54:54,401 [omNode-bootstrap-2-server-thread1] INFO  server.RaftServer$Division (RaftServerImpl.java:checkInconsistentAppendEntries(1629)) - omNode-bootstrap-2@group-0AAC5367B30E: Failed appendEntries as snapshot (0) installation is in progress
2024-09-18 12:54:54,401 [omNode-bootstrap-2-server-thread1] INFO  server.RaftServer$Division (RaftServerImpl.java:appendEntriesAsync(1584)) - omNode-bootstrap-2@group-0AAC5367B30E: appendEntries* reply omNode-1<-omNode-bootstrap-2#249:FAIL-t1,INCONSISTENCY,nextIndex=0,followerCommit=-1,matchIndex=-1
2024-09-18 12:54:54,401 [grpc-default-executor-0] WARN  server.GrpcLogAppender (GrpcLogAppender.java:onNextImpl(519)) - omNode-1@group-0AAC5367B30E->omNode-bootstrap-2-AppendLogResponseHandler: received INCONSISTENCY reply with nextIndex 0, errorCount=1, request=AppendEntriesRequest:cid=249,entriesCount=0
2024-09-18 12:54:54,402 [omNode-1@group-0AAC5367B30E->omNode-bootstrap-2-GrpcLogAppender-LogAppenderDaemon] INFO  server.GrpcLogAppender (GrpcLogAppender.java:notifyInstallSnapshot(790)) - omNode-1@group-0AAC5367B30E->omNode-bootstrap-2-GrpcLogAppender: notifyInstallSnapshot with firstAvailable=(t:1, i:0), followerNextIndex=0
2024-09-18 12:54:54,402 [omNode-1@group-0AAC5367B30E->omNode-bootstrap-2-GrpcLogAppender-LogAppenderDaemon] INFO  server.GrpcLogAppender (GrpcLogAppender.java:notifyInstallSnapshot(798)) - omNode-1@group-0AAC5367B30E->omNode-bootstrap-2-GrpcLogAppender: send omNode-1->omNode-bootstrap-2#0-t1,notify:(t:1, i:0)
2024-09-18 12:54:54,402 [grpc-default-executor-3] INFO  impl.SnapshotInstallationHandler (SnapshotInstallationHandler.java:installSnapshot(92)) - omNode-bootstrap-2@group-0AAC5367B30E: receive installSnapshot: omNode-1->omNode-bootstrap-2#0-t1,notify:(t:1, i:0)
2024-09-18 12:54:54,403 [grpc-default-executor-3] INFO  impl.SnapshotInstallationHandler (SnapshotInstallationHandler.java:installSnapshotImpl(138)) - omNode-bootstrap-2@group-0AAC5367B30E: set new configuration configurationEntry {
  peers {
    id: "omNode-1"
    address: "localhost:15015"
    startupRole: FOLLOWER
  }
}
 from snapshot
2024-09-18 12:54:54,403 [grpc-default-executor-3] INFO  server.RaftServer$Division (ServerState.java:setRaftConf(386)) - omNode-bootstrap-2@group-0AAC5367B30E: set configuration conf: {index: 0, cur=peers:[omNode-1|localhost:15015]|listeners:[], old=null}
2024-09-18 12:54:54,405 [grpc-default-executor-3] INFO  ratis.OzoneManagerStateMachine (OzoneManagerStateMachine.java:notifyConfigurationChanged(216)) - Received Configuration change notification from Ratis. New Peer list:
[id: "omNode-1"
address: "localhost:15015"
startupRole: FOLLOWER
]
2024-09-18 12:54:54,405 [grpc-default-executor-3] INFO  impl.SnapshotInstallationHandler (SnapshotInstallationHandler.java:installSnapshot(103)) - omNode-bootstrap-2@group-0AAC5367B30E: reply installSnapshot: omNode-1<-omNode-bootstrap-2#0:FAIL-t1,IN_PROGRESS,snapshotIndex=0
2024-09-18 12:54:54,405 [grpc-default-executor-3] INFO  server.GrpcServerProtocolService (GrpcServerProtocolService.java:onCompleted(157)) - omNode-bootstrap-2: Completed INSTALL_SNAPSHOT, lastRequest: omNode-1->omNode-bootstrap-2#0-t1,notify:(t:1, i:0)
2024-09-18 12:54:54,405 [grpc-default-executor-3] INFO  server.GrpcServerProtocolService (GrpcServerProtocolService.java:lambda$onCompleted$5(159)) - omNode-bootstrap-2: Completed INSTALL_SNAPSHOT, lastReply: null
2024-09-18 12:54:54,406 [grpc-default-executor-0] INFO  server.GrpcLogAppender (GrpcLogAppender.java:onNext(649)) - omNode-1@group-0AAC5367B30E->omNode-bootstrap-2-InstallSnapshotResponseHandler: received a reply omNode-1<-omNode-bootstrap-2#0:FAIL-t1,IN_PROGRESS,snapshotIndex=0
2024-09-18 12:54:54,406 [grpc-default-executor-0] INFO  server.GrpcLogAppender (GrpcLogAppender.java:onNext(665)) - omNode-1@group-0AAC5367B30E->omNode-bootstrap-2-InstallSnapshotResponseHandler: InstallSnapshot in progress.
2024-09-18 12:54:54,406 [omNode-bootstrap-2-server-thread1] INFO  server.RaftServer$Division (RaftServerImpl.java:checkInconsistentAppendEntries(1629)) - omNode-bootstrap-2@group-0AAC5367B30E: Failed appendEntries as snapshot (0) installation is in progress
2024-09-18 12:54:54,406 [omNode-bootstrap-2-server-thread1] INFO  server.RaftServer$Division (RaftServerImpl.java:appendEntriesAsync(1584)) - omNode-bootstrap-2@group-0AAC5367B30E: appendEntries* reply omNode-1<-omNode-bootstrap-2#250:FAIL-t1,INCONSISTENCY,nextIndex=0,followerCommit=-1,matchIndex=-1
2024-09-18 12:54:54,407 [grpc-default-executor-0] WARN  server.GrpcLogAppender (GrpcLogAppender.java:onNextImpl(519)) - omNode-1@group-0AAC5367B30E->omNode-bootstrap-2-AppendLogResponseHandler: received INCONSISTENCY reply with nextIndex 0, errorCount=1, request=AppendEntriesRequest:cid=250,entriesCount=0
2024-09-18 12:54:54,407 [omNode-1@group-0AAC5367B30E->omNode-bootstrap-2-GrpcLogAppender-LogAppenderDaemon] INFO  server.GrpcLogAppender (GrpcLogAppender.java:notifyInstallSnapshot(790)) - omNode-1@group-0AAC5367B30E->omNode-bootstrap-2-GrpcLogAppender: notifyInstallSnapshot with firstAvailable=(t:1, i:0), followerNextIndex=0
2024-09-18 12:54:54,407 [omNode-1@group-0AAC5367B30E->omNode-bootstrap-2-GrpcLogAppender-LogAppenderDaemon] INFO  server.GrpcLogAppender (GrpcLogAppender.java:notifyInstallSnapshot(798)) - omNode-1@group-0AAC5367B30E->omNode-bootstrap-2-GrpcLogAppender: send omNode-1->omNode-bootstrap-2#0-t1,notify:(t:1, i:0)
2024-09-18 12:54:54,408 [grpc-default-executor-0] INFO  impl.SnapshotInstallationHandler (SnapshotInstallationHandler.java:installSnapshot(92)) - omNode-bootstrap-2@group-0AAC5367B30E: receive installSnapshot: omNode-1->omNode-bootstrap-2#0-t1,notify:(t:1, i:0)
2024-09-18 12:54:54,408 [grpc-default-executor-0] INFO  impl.SnapshotInstallationHandler (SnapshotInstallationHandler.java:installSnapshotImpl(138)) - omNode-bootstrap-2@group-0AAC5367B30E: set new configuration configurationEntry {
  peers {
    id: "omNode-1"
    address: "localhost:15015"
    startupRole: FOLLOWER
  }
}
 from snapshot
2024-09-18 12:54:54,408 [grpc-default-executor-0] INFO  server.RaftServer$Division (ServerState.java:setRaftConf(386)) - omNode-bootstrap-2@group-0AAC5367B30E: set configuration conf: {index: 0, cur=peers:[omNode-1|localhost:15015]|listeners:[], old=null}
2024-09-18 12:54:54,410 [grpc-default-executor-0] INFO  ratis.OzoneManagerStateMachine (OzoneManagerStateMachine.java:notifyConfigurationChanged(216)) - Received Configuration change notification from Ratis. New Peer list:
[id: "omNode-1"
address: "localhost:15015"
startupRole: FOLLOWER
]
2024-09-18 12:54:54,410 [grpc-default-executor-0] INFO  impl.SnapshotInstallationHandler (SnapshotInstallationHandler.java:installSnapshot(103)) - omNode-bootstrap-2@group-0AAC5367B30E: reply installSnapshot: omNode-1<-omNode-bootstrap-2#0:FAIL-t1,IN_PROGRESS,snapshotIndex=0
2024-09-18 12:54:54,410 [grpc-default-executor-0] INFO  server.GrpcServerProtocolService (GrpcServerProtocolService.java:onCompleted(157)) - omNode-bootstrap-2: Completed INSTALL_SNAPSHOT, lastRequest: omNode-1->omNode-bootstrap-2#0-t1,notify:(t:1, i:0)
2024-09-18 12:54:54,410 [grpc-default-executor-0] INFO  server.GrpcServerProtocolService (GrpcServerProtocolService.java:lambda$onCompleted$5(159)) - omNode-bootstrap-2: Completed INSTALL_SNAPSHOT, lastReply: null
2024-09-18 12:54:54,411 [grpc-default-executor-0] INFO  server.GrpcLogAppender (GrpcLogAppender.java:onNext(649)) - omNode-1@group-0AAC5367B30E->omNode-bootstrap-2-InstallSnapshotResponseHandler: received a reply omNode-1<-omNode-bootstrap-2#0:FAIL-t1,IN_PROGRESS,snapshotIndex=0
2024-09-18 12:54:54,411 [grpc-default-executor-0] INFO  server.GrpcLogAppender (GrpcLogAppender.java:onNext(665)) - omNode-1@group-0AAC5367B30E->omNode-bootstrap-2-InstallSnapshotResponseHandler: InstallSnapshot in progress.
2024-09-18 12:54:54,411 [omNode-1@group-0AAC5367B30E->omNode-bootstrap-2-GrpcLogAppender-LogAppenderDaemon] INFO  server.GrpcLogAppender (GrpcLogAppender.java:notifyInstallSnapshot(790)) - omNode-1@group-0AAC5367B30E->omNode-bootstrap-2-GrpcLogAppender: notifyInstallSnapshot with firstAvailable=(t:1, i:0), followerNextIndex=0
2024-09-18 12:54:54,411 [omNode-1@group-0AAC5367B30E->omNode-bootstrap-2-GrpcLogAppender-LogAppenderDaemon] INFO  server.GrpcLogAppender (GrpcLogAppender.java:notifyInstallSnapshot(798)) - omNode-1@group-0AAC5367B30E->omNode-bootstrap-2-GrpcLogAppender: send omNode-1->omNode-bootstrap-2#0-t1,notify:(t:1, i:0)
2024-09-18 12:54:54,412 [omNode-bootstrap-2-server-thread1] INFO  server.RaftServer$Division (RaftServerImpl.java:checkInconsistentAppendEntries(1629)) - omNode-bootstrap-2@group-0AAC5367B30E: Failed appendEntries as snapshot (0) installation is in progress
2024-09-18 12:54:54,412 [omNode-bootstrap-2-server-thread1] INFO  server.RaftServer$Division (RaftServerImpl.java:appendEntriesAsync(1584)) - omNode-bootstrap-2@group-0AAC5367B30E: appendEntries* reply omNode-1<-omNode-bootstrap-2#251:FAIL-t1,INCONSISTENCY,nextIndex=0,followerCommit=-1,matchIndex=-1
2024-09-18 12:54:54,412 [grpc-default-executor-1] INFO  impl.SnapshotInstallationHandler (SnapshotInstallationHandler.java:installSnapshot(92)) - omNode-bootstrap-2@group-0AAC5367B30E: receive installSnapshot: omNode-1->omNode-bootstrap-2#0-t1,notify:(t:1, i:0)
2024-09-18 12:54:54,412 [grpc-default-executor-1] INFO  impl.SnapshotInstallationHandler (SnapshotInstallationHandler.java:installSnapshotImpl(138)) - omNode-bootstrap-2@group-0AAC5367B30E: set new configuration configurationEntry {
  peers {
    id: "omNode-1"
    address: "localhost:15015"
    startupRole: FOLLOWER
  }
}
 from snapshot
2024-09-18 12:54:54,412 [grpc-default-executor-1] INFO  server.RaftServer$Division (ServerState.java:setRaftConf(386)) - omNode-bootstrap-2@group-0AAC5367B30E: set configuration conf: {index: 0, cur=peers:[omNode-1|localhost:15015]|listeners:[], old=null}
2024-09-18 12:54:54,412 [grpc-default-executor-0] WARN  server.GrpcLogAppender (GrpcLogAppender.java:onNextImpl(519)) - omNode-1@group-0AAC5367B30E->omNode-bootstrap-2-AppendLogResponseHandler: received INCONSISTENCY reply with nextIndex 0, errorCount=1, request=AppendEntriesRequest:cid=251,entriesCount=0
2024-09-18 12:54:54,414 [grpc-default-executor-1] INFO  ratis.OzoneManagerStateMachine (OzoneManagerStateMachine.java:notifyConfigurationChanged(216)) - Received Configuration change notification from Ratis. New Peer list:
[id: "omNode-1"
address: "localhost:15015"
startupRole: FOLLOWER
]
2024-09-18 12:54:54,414 [grpc-default-executor-1] INFO  impl.SnapshotInstallationHandler (SnapshotInstallationHandler.java:installSnapshot(103)) - omNode-bootstrap-2@group-0AAC5367B30E: reply installSnapshot: omNode-1<-omNode-bootstrap-2#0:FAIL-t1,IN_PROGRESS,snapshotIndex=0
2024-09-18 12:54:54,414 [grpc-default-executor-1] INFO  server.GrpcServerProtocolService (GrpcServerProtocolService.java:onCompleted(157)) - omNode-bootstrap-2: Completed INSTALL_SNAPSHOT, lastRequest: omNode-1->omNode-bootstrap-2#0-t1,notify:(t:1, i:0)
2024-09-18 12:54:54,414 [grpc-default-executor-1] INFO  server.GrpcServerProtocolService (GrpcServerProtocolService.java:lambda$onCompleted$5(159)) - omNode-bootstrap-2: Completed INSTALL_SNAPSHOT, lastReply: null
2024-09-18 12:54:54,415 [grpc-default-executor-0] INFO  server.GrpcLogAppender (GrpcLogAppender.java:onNext(649)) - omNode-1@group-0AAC5367B30E->omNode-bootstrap-2-InstallSnapshotResponseHandler: received a reply omNode-1<-omNode-bootstrap-2#0:FAIL-t1,IN_PROGRESS,snapshotIndex=0
2024-09-18 12:54:54,415 [grpc-default-executor-0] INFO  server.GrpcLogAppender (GrpcLogAppender.java:onNext(665)) - omNode-1@group-0AAC5367B30E->omNode-bootstrap-2-InstallSnapshotResponseHandler: InstallSnapshot in progress.
2024-09-18 12:54:54,415 [omNode-bootstrap-2-server-thread1] INFO  server.RaftServer$Division (RaftServerImpl.java:checkInconsistentAppendEntries(1629)) - omNode-bootstrap-2@group-0AAC5367B30E: Failed appendEntries as snapshot (0) installation is in progress
2024-09-18 12:54:54,415 [omNode-bootstrap-2-server-thread1] INFO  server.RaftServer$Division (RaftServerImpl.java:appendEntriesAsync(1584)) - omNode-bootstrap-2@group-0AAC5367B30E: appendEntries* reply omNode-1<-omNode-bootstrap-2#252:FAIL-t1,INCONSISTENCY,nextIndex=0,followerCommit=-1,matchIndex=-1
2024-09-18 12:54:54,416 [grpc-default-executor-0] WARN  server.GrpcLogAppender (GrpcLogAppender.java:onNextImpl(519)) - omNode-1@group-0AAC5367B30E->omNode-bootstrap-2-AppendLogResponseHandler: received INCONSISTENCY reply with nextIndex 0, errorCount=1, request=AppendEntriesRequest:cid=252,entriesCount=0
2024-09-18 12:54:54,416 [omNode-1@group-0AAC5367B30E->omNode-bootstrap-2-GrpcLogAppender-LogAppenderDaemon] INFO  server.GrpcLogAppender (GrpcLogAppender.java:notifyInstallSnapshot(790)) - omNode-1@group-0AAC5367B30E->omNode-bootstrap-2-GrpcLogAppender: notifyInstallSnapshot with firstAvailable=(t:1, i:0), followerNextIndex=0
2024-09-18 12:54:54,416 [omNode-1@group-0AAC5367B30E->omNode-bootstrap-2-GrpcLogAppender-LogAppenderDaemon] INFO  server.GrpcLogAppender (GrpcLogAppender.java:notifyInstallSnapshot(798)) - omNode-1@group-0AAC5367B30E->omNode-bootstrap-2-GrpcLogAppender: send omNode-1->omNode-bootstrap-2#0-t1,notify:(t:1, i:0)
2024-09-18 12:54:54,417 [grpc-default-executor-0] INFO  impl.SnapshotInstallationHandler (SnapshotInstallationHandler.java:installSnapshot(92)) - omNode-bootstrap-2@group-0AAC5367B30E: receive installSnapshot: omNode-1->omNode-bootstrap-2#0-t1,notify:(t:1, i:0)
2024-09-18 12:54:54,417 [grpc-default-executor-0] INFO  impl.SnapshotInstallationHandler (SnapshotInstallationHandler.java:installSnapshotImpl(138)) - omNode-bootstrap-2@group-0AAC5367B30E: set new configuration configurationEntry {
  peers {
    id: "omNode-1"
    address: "localhost:15015"
    startupRole: FOLLOWER
  }
}
 from snapshot
2024-09-18 12:54:54,417 [grpc-default-executor-0] INFO  server.RaftServer$Division (ServerState.java:setRaftConf(386)) - omNode-bootstrap-2@group-0AAC5367B30E: set configuration conf: {index: 0, cur=peers:[omNode-1|localhost:15015]|listeners:[], old=null}
2024-09-18 12:54:54,419 [grpc-default-executor-0] INFO  ratis.OzoneManagerStateMachine (OzoneManagerStateMachine.java:notifyConfigurationChanged(216)) - Received Configuration change notification from Ratis. New Peer list:
[id: "omNode-1"
address: "localhost:15015"
startupRole: FOLLOWER
]
2024-09-18 12:54:54,419 [grpc-default-executor-0] INFO  impl.SnapshotInstallationHandler (SnapshotInstallationHandler.java:installSnapshot(103)) - omNode-bootstrap-2@group-0AAC5367B30E: reply installSnapshot: omNode-1<-omNode-bootstrap-2#0:FAIL-t1,IN_PROGRESS,snapshotIndex=0
2024-09-18 12:54:54,419 [grpc-default-executor-0] INFO  server.GrpcServerProtocolService (GrpcServerProtocolService.java:onCompleted(157)) - omNode-bootstrap-2: Completed INSTALL_SNAPSHOT, lastRequest: omNode-1->omNode-bootstrap-2#0-t1,notify:(t:1, i:0)
2024-09-18 12:54:54,419 [grpc-default-executor-0] INFO  server.GrpcServerProtocolService (GrpcServerProtocolService.java:lambda$onCompleted$5(159)) - omNode-bootstrap-2: Completed INSTALL_SNAPSHOT, lastReply: null
2024-09-18 12:54:54,419 [grpc-default-executor-1] INFO  server.GrpcLogAppender (GrpcLogAppender.java:onNext(649)) - omNode-1@group-0AAC5367B30E->omNode-bootstrap-2-InstallSnapshotResponseHandler: received a reply omNode-1<-omNode-bootstrap-2#0:FAIL-t1,IN_PROGRESS,snapshotIndex=0
2024-09-18 12:54:54,419 [grpc-default-executor-1] INFO  server.GrpcLogAppender (GrpcLogAppender.java:onNext(665)) - omNode-1@group-0AAC5367B30E->omNode-bootstrap-2-InstallSnapshotResponseHandler: InstallSnapshot in progress.
2024-09-18 12:54:54,420 [omNode-1@group-0AAC5367B30E->omNode-bootstrap-2-GrpcLogAppender-LogAppenderDaemon] INFO  server.GrpcLogAppender (GrpcLogAppender.java:notifyInstallSnapshot(790)) - omNode-1@group-0AAC5367B30E->omNode-bootstrap-2-GrpcLogAppender: notifyInstallSnapshot with firstAvailable=(t:1, i:0), followerNextIndex=0
2024-09-18 12:54:54,420 [omNode-1@group-0AAC5367B30E->omNode-bootstrap-2-GrpcLogAppender-LogAppenderDaemon] INFO  server.GrpcLogAppender (GrpcLogAppender.java:notifyInstallSnapshot(798)) - omNode-1@group-0AAC5367B30E->omNode-bootstrap-2-GrpcLogAppender: send omNode-1->omNode-bootstrap-2#0-t1,notify:(t:1, i:0)
2024-09-18 12:54:54,420 [omNode-bootstrap-2-server-thread1] INFO  server.RaftServer$Division (RaftServerImpl.java:checkInconsistentAppendEntries(1629)) - omNode-bootstrap-2@group-0AAC5367B30E: Failed appendEntries as snapshot (0) installation is in progress
2024-09-18 12:54:54,420 [omNode-bootstrap-2-server-thread1] INFO  server.RaftServer$Division (RaftServerImpl.java:appendEntriesAsync(1584)) - omNode-bootstrap-2@group-0AAC5367B30E: appendEntries* reply omNode-1<-omNode-bootstrap-2#253:FAIL-t1,INCONSISTENCY,nextIndex=0,followerCommit=-1,matchIndex=-1
2024-09-18 12:54:54,420 [grpc-default-executor-3] INFO  impl.SnapshotInstallationHandler (SnapshotInstallationHandler.java:installSnapshot(92)) - omNode-bootstrap-2@group-0AAC5367B30E: receive installSnapshot: omNode-1->omNode-bootstrap-2#0-t1,notify:(t:1, i:0)
2024-09-18 12:54:54,421 [grpc-default-executor-3] INFO  impl.SnapshotInstallationHandler (SnapshotInstallationHandler.java:installSnapshotImpl(138)) - omNode-bootstrap-2@group-0AAC5367B30E: set new configuration configurationEntry {
  peers {
    id: "omNode-1"
    address: "localhost:15015"
    startupRole: FOLLOWER
  }
}
 from snapshot
2024-09-18 12:54:54,421 [grpc-default-executor-3] INFO  server.RaftServer$Division (ServerState.java:setRaftConf(386)) - omNode-bootstrap-2@group-0AAC5367B30E: set configuration conf: {index: 0, cur=peers:[omNode-1|localhost:15015]|listeners:[], old=null}
2024-09-18 12:54:54,421 [grpc-default-executor-1] WARN  server.GrpcLogAppender (GrpcLogAppender.java:onNextImpl(519)) - omNode-1@group-0AAC5367B30E->omNode-bootstrap-2-AppendLogResponseHandler: received INCONSISTENCY reply with nextIndex 0, errorCount=1, request=AppendEntriesRequest:cid=253,entriesCount=0
2024-09-18 12:54:54,422 [grpc-default-executor-3] INFO  ratis.OzoneManagerStateMachine (OzoneManagerStateMachine.java:notifyConfigurationChanged(216)) - Received Configuration change notification from Ratis. New Peer list:
[id: "omNode-1"
address: "localhost:15015"
startupRole: FOLLOWER
]
2024-09-18 12:54:54,422 [grpc-default-executor-3] INFO  impl.SnapshotInstallationHandler (SnapshotInstallationHandler.java:installSnapshot(103)) - omNode-bootstrap-2@group-0AAC5367B30E: reply installSnapshot: omNode-1<-omNode-bootstrap-2#0:FAIL-t1,IN_PROGRESS,snapshotIndex=0
2024-09-18 12:54:54,422 [grpc-default-executor-3] INFO  server.GrpcServerProtocolService (GrpcServerProtocolService.java:onCompleted(157)) - omNode-bootstrap-2: Completed INSTALL_SNAPSHOT, lastRequest: omNode-1->omNode-bootstrap-2#0-t1,notify:(t:1, i:0)
2024-09-18 12:54:54,422 [grpc-default-executor-3] INFO  server.GrpcServerProtocolService (GrpcServerProtocolService.java:lambda$onCompleted$5(159)) - omNode-bootstrap-2: Completed INSTALL_SNAPSHOT, lastReply: null
2024-09-18 12:54:54,423 [grpc-default-executor-1] INFO  server.GrpcLogAppender (GrpcLogAppender.java:onNext(649)) - omNode-1@group-0AAC5367B30E->omNode-bootstrap-2-InstallSnapshotResponseHandler: received a reply omNode-1<-omNode-bootstrap-2#0:FAIL-t1,IN_PROGRESS,snapshotIndex=0
2024-09-18 12:54:54,423 [grpc-default-executor-1] INFO  server.GrpcLogAppender (GrpcLogAppender.java:onNext(665)) - omNode-1@group-0AAC5367B30E->omNode-bootstrap-2-InstallSnapshotResponseHandler: InstallSnapshot in progress.
2024-09-18 12:54:54,423 [omNode-1@group-0AAC5367B30E->omNode-bootstrap-2-GrpcLogAppender-LogAppenderDaemon] INFO  server.GrpcLogAppender (GrpcLogAppender.java:notifyInstallSnapshot(790)) - omNode-1@group-0AAC5367B30E->omNode-bootstrap-2-GrpcLogAppender: notifyInstallSnapshot with firstAvailable=(t:1, i:0), followerNextIndex=0
2024-09-18 12:54:54,423 [omNode-1@group-0AAC5367B30E->omNode-bootstrap-2-GrpcLogAppender-LogAppenderDaemon] INFO  server.GrpcLogAppender (GrpcLogAppender.java:notifyInstallSnapshot(798)) - omNode-1@group-0AAC5367B30E->omNode-bootstrap-2-GrpcLogAppender: send omNode-1->omNode-bootstrap-2#0-t1,notify:(t:1, i:0)
2024-09-18 12:54:54,424 [omNode-bootstrap-2-server-thread1] INFO  server.RaftServer$Division (RaftServerImpl.java:checkInconsistentAppendEntries(1629)) - omNode-bootstrap-2@group-0AAC5367B30E: Failed appendEntries as snapshot (0) installation is in progress
2024-09-18 12:54:54,424 [omNode-bootstrap-2-server-thread1] INFO  server.RaftServer$Division (RaftServerImpl.java:appendEntriesAsync(1584)) - omNode-bootstrap-2@group-0AAC5367B30E: appendEntries* reply omNode-1<-omNode-bootstrap-2#254:FAIL-t1,INCONSISTENCY,nextIndex=0,followerCommit=-1,matchIndex=-1
2024-09-18 12:54:54,424 [grpc-default-executor-1] INFO  impl.SnapshotInstallationHandler (SnapshotInstallationHandler.java:installSnapshot(92)) - omNode-bootstrap-2@group-0AAC5367B30E: receive installSnapshot: omNode-1->omNode-bootstrap-2#0-t1,notify:(t:1, i:0)
2024-09-18 12:54:54,424 [grpc-default-executor-3] WARN  server.GrpcLogAppender (GrpcLogAppender.java:onNextImpl(519)) - omNode-1@group-0AAC5367B30E->omNode-bootstrap-2-AppendLogResponseHandler: received INCONSISTENCY reply with nextIndex 0, errorCount=1, request=AppendEntriesRequest:cid=254,entriesCount=0
2024-09-18 12:54:54,424 [grpc-default-executor-1] INFO  impl.SnapshotInstallationHandler (SnapshotInstallationHandler.java:installSnapshotImpl(138)) - omNode-bootstrap-2@group-0AAC5367B30E: set new configuration configurationEntry {
  peers {
    id: "omNode-1"
    address: "localhost:15015"
    startupRole: FOLLOWER
  }
}
 from snapshot
2024-09-18 12:54:54,425 [grpc-default-executor-1] INFO  server.RaftServer$Division (ServerState.java:setRaftConf(386)) - omNode-bootstrap-2@group-0AAC5367B30E: set configuration conf: {index: 0, cur=peers:[omNode-1|localhost:15015]|listeners:[], old=null}
2024-09-18 12:54:54,426 [grpc-default-executor-1] INFO  ratis.OzoneManagerStateMachine (OzoneManagerStateMachine.java:notifyConfigurationChanged(216)) - Received Configuration change notification from Ratis. New Peer list:
[id: "omNode-1"
address: "localhost:15015"
startupRole: FOLLOWER
]
2024-09-18 12:54:54,426 [grpc-default-executor-1] INFO  impl.SnapshotInstallationHandler (SnapshotInstallationHandler.java:installSnapshot(103)) - omNode-bootstrap-2@group-0AAC5367B30E: reply installSnapshot: omNode-1<-omNode-bootstrap-2#0:FAIL-t1,IN_PROGRESS,snapshotIndex=0
2024-09-18 12:54:54,426 [grpc-default-executor-1] INFO  server.GrpcServerProtocolService (GrpcServerProtocolService.java:onCompleted(157)) - omNode-bootstrap-2: Completed INSTALL_SNAPSHOT, lastRequest: omNode-1->omNode-bootstrap-2#0-t1,notify:(t:1, i:0)
2024-09-18 12:54:54,426 [grpc-default-executor-1] INFO  server.GrpcServerProtocolService (GrpcServerProtocolService.java:lambda$onCompleted$5(159)) - omNode-bootstrap-2: Completed INSTALL_SNAPSHOT, lastReply: null
2024-09-18 12:54:54,427 [grpc-default-executor-3] INFO  server.GrpcLogAppender (GrpcLogAppender.java:onNext(649)) - omNode-1@group-0AAC5367B30E->omNode-bootstrap-2-InstallSnapshotResponseHandler: received a reply omNode-1<-omNode-bootstrap-2#0:FAIL-t1,IN_PROGRESS,snapshotIndex=0
2024-09-18 12:54:54,427 [grpc-default-executor-3] INFO  server.GrpcLogAppender (GrpcLogAppender.java:onNext(665)) - omNode-1@group-0AAC5367B30E->omNode-bootstrap-2-InstallSnapshotResponseHandler: InstallSnapshot in progress.
2024-09-18 12:54:54,428 [omNode-bootstrap-2-server-thread1] INFO  server.RaftServer$Division (RaftServerImpl.java:checkInconsistentAppendEntries(1629)) - omNode-bootstrap-2@group-0AAC5367B30E: Failed appendEntries as snapshot (0) installation is in progress
2024-09-18 12:54:54,428 [omNode-bootstrap-2-server-thread1] INFO  server.RaftServer$Division (RaftServerImpl.java:appendEntriesAsync(1584)) - omNode-bootstrap-2@group-0AAC5367B30E: appendEntries* reply omNode-1<-omNode-bootstrap-2#255:FAIL-t1,INCONSISTENCY,nextIndex=0,followerCommit=-1,matchIndex=-1
2024-09-18 12:54:54,428 [grpc-default-executor-3] WARN  server.GrpcLogAppender (GrpcLogAppender.java:onNextImpl(519)) - omNode-1@group-0AAC5367B30E->omNode-bootstrap-2-AppendLogResponseHandler: received INCONSISTENCY reply with nextIndex 0, errorCount=1, request=AppendEntriesRequest:cid=255,entriesCount=0
2024-09-18 12:54:54,428 [omNode-1@group-0AAC5367B30E->omNode-bootstrap-2-GrpcLogAppender-LogAppenderDaemon] INFO  server.GrpcLogAppender (GrpcLogAppender.java:notifyInstallSnapshot(790)) - omNode-1@group-0AAC5367B30E->omNode-bootstrap-2-GrpcLogAppender: notifyInstallSnapshot with firstAvailable=(t:1, i:0), followerNextIndex=0
2024-09-18 12:54:54,428 [omNode-1@group-0AAC5367B30E->omNode-bootstrap-2-GrpcLogAppender-LogAppenderDaemon] INFO  server.GrpcLogAppender (GrpcLogAppender.java:notifyInstallSnapshot(798)) - omNode-1@group-0AAC5367B30E->omNode-bootstrap-2-GrpcLogAppender: send omNode-1->omNode-bootstrap-2#0-t1,notify:(t:1, i:0)
2024-09-18 12:54:54,429 [grpc-default-executor-3] INFO  impl.SnapshotInstallationHandler (SnapshotInstallationHandler.java:installSnapshot(92)) - omNode-bootstrap-2@group-0AAC5367B30E: receive installSnapshot: omNode-1->omNode-bootstrap-2#0-t1,notify:(t:1, i:0)
2024-09-18 12:54:54,429 [grpc-default-executor-3] INFO  impl.SnapshotInstallationHandler (SnapshotInstallationHandler.java:installSnapshotImpl(138)) - omNode-bootstrap-2@group-0AAC5367B30E: set new configuration configurationEntry {
  peers {
    id: "omNode-1"
    address: "localhost:15015"
    startupRole: FOLLOWER
  }
}
 from snapshot
2024-09-18 12:54:54,429 [grpc-default-executor-3] INFO  server.RaftServer$Division (ServerState.java:setRaftConf(386)) - omNode-bootstrap-2@group-0AAC5367B30E: set configuration conf: {index: 0, cur=peers:[omNode-1|localhost:15015]|listeners:[], old=null}
2024-09-18 12:54:54,431 [grpc-default-executor-3] INFO  ratis.OzoneManagerStateMachine (OzoneManagerStateMachine.java:notifyConfigurationChanged(216)) - Received Configuration change notification from Ratis. New Peer list:
[id: "omNode-1"
address: "localhost:15015"
startupRole: FOLLOWER
]
2024-09-18 12:54:54,431 [grpc-default-executor-3] INFO  impl.SnapshotInstallationHandler (SnapshotInstallationHandler.java:installSnapshot(103)) - omNode-bootstrap-2@group-0AAC5367B30E: reply installSnapshot: omNode-1<-omNode-bootstrap-2#0:FAIL-t1,IN_PROGRESS,snapshotIndex=0
2024-09-18 12:54:54,431 [grpc-default-executor-3] INFO  server.GrpcServerProtocolService (GrpcServerProtocolService.java:onCompleted(157)) - omNode-bootstrap-2: Completed INSTALL_SNAPSHOT, lastRequest: omNode-1->omNode-bootstrap-2#0-t1,notify:(t:1, i:0)
2024-09-18 12:54:54,431 [grpc-default-executor-3] INFO  server.GrpcServerProtocolService (GrpcServerProtocolService.java:lambda$onCompleted$5(159)) - omNode-bootstrap-2: Completed INSTALL_SNAPSHOT, lastReply: null
2024-09-18 12:54:54,431 [grpc-default-executor-1] INFO  server.GrpcLogAppender (GrpcLogAppender.java:onNext(649)) - omNode-1@group-0AAC5367B30E->omNode-bootstrap-2-InstallSnapshotResponseHandler: received a reply omNode-1<-omNode-bootstrap-2#0:FAIL-t1,IN_PROGRESS,snapshotIndex=0
2024-09-18 12:54:54,431 [grpc-default-executor-1] INFO  server.GrpcLogAppender (GrpcLogAppender.java:onNext(665)) - omNode-1@group-0AAC5367B30E->omNode-bootstrap-2-InstallSnapshotResponseHandler: InstallSnapshot in progress.
2024-09-18 12:54:54,432 [omNode-bootstrap-2-server-thread1] INFO  server.RaftServer$Division (RaftServerImpl.java:checkInconsistentAppendEntries(1629)) - omNode-bootstrap-2@group-0AAC5367B30E: Failed appendEntries as snapshot (0) installation is in progress
2024-09-18 12:54:54,432 [omNode-bootstrap-2-server-thread1] INFO  server.RaftServer$Division (RaftServerImpl.java:appendEntriesAsync(1584)) - omNode-bootstrap-2@group-0AAC5367B30E: appendEntries* reply omNode-1<-omNode-bootstrap-2#256:FAIL-t1,INCONSISTENCY,nextIndex=0,followerCommit=-1,matchIndex=-1
2024-09-18 12:54:54,432 [grpc-default-executor-1] WARN  server.GrpcLogAppender (GrpcLogAppender.java:onNextImpl(519)) - omNode-1@group-0AAC5367B30E->omNode-bootstrap-2-AppendLogResponseHandler: received INCONSISTENCY reply with nextIndex 0, errorCount=1, request=AppendEntriesRequest:cid=256,entriesCount=0
2024-09-18 12:54:54,432 [omNode-1@group-0AAC5367B30E->omNode-bootstrap-2-GrpcLogAppender-LogAppenderDaemon] INFO  server.GrpcLogAppender (GrpcLogAppender.java:notifyInstallSnapshot(790)) - omNode-1@group-0AAC5367B30E->omNode-bootstrap-2-GrpcLogAppender: notifyInstallSnapshot with firstAvailable=(t:1, i:0), followerNextIndex=0
2024-09-18 12:54:54,432 [omNode-1@group-0AAC5367B30E->omNode-bootstrap-2-GrpcLogAppender-LogAppenderDaemon] INFO  server.GrpcLogAppender (GrpcLogAppender.java:notifyInstallSnapshot(798)) - omNode-1@group-0AAC5367B30E->omNode-bootstrap-2-GrpcLogAppender: send omNode-1->omNode-bootstrap-2#0-t1,notify:(t:1, i:0)
2024-09-18 12:54:54,433 [grpc-default-executor-1] INFO  impl.SnapshotInstallationHandler (SnapshotInstallationHandler.java:installSnapshot(92)) - omNode-bootstrap-2@group-0AAC5367B30E: receive installSnapshot: omNode-1->omNode-bootstrap-2#0-t1,notify:(t:1, i:0)
2024-09-18 12:54:54,433 [grpc-default-executor-1] INFO  impl.SnapshotInstallationHandler (SnapshotInstallationHandler.java:installSnapshotImpl(138)) - omNode-bootstrap-2@group-0AAC5367B30E: set new configuration configurationEntry {
  peers {
    id: "omNode-1"
    address: "localhost:15015"
    startupRole: FOLLOWER
  }
}
 from snapshot
2024-09-18 12:54:54,433 [grpc-default-executor-1] INFO  server.RaftServer$Division (ServerState.java:setRaftConf(386)) - omNode-bootstrap-2@group-0AAC5367B30E: set configuration conf: {index: 0, cur=peers:[omNode-1|localhost:15015]|listeners:[], old=null}
2024-09-18 12:54:54,435 [grpc-default-executor-1] INFO  ratis.OzoneManagerStateMachine (OzoneManagerStateMachine.java:notifyConfigurationChanged(216)) - Received Configuration change notification from Ratis. New Peer list:
[id: "omNode-1"
address: "localhost:15015"
startupRole: FOLLOWER
]
2024-09-18 12:54:54,435 [grpc-default-executor-1] INFO  impl.SnapshotInstallationHandler (SnapshotInstallationHandler.java:installSnapshot(103)) - omNode-bootstrap-2@group-0AAC5367B30E: reply installSnapshot: omNode-1<-omNode-bootstrap-2#0:FAIL-t1,IN_PROGRESS,snapshotIndex=0
2024-09-18 12:54:54,435 [grpc-default-executor-1] INFO  server.GrpcServerProtocolService (GrpcServerProtocolService.java:onCompleted(157)) - omNode-bootstrap-2: Completed INSTALL_SNAPSHOT, lastRequest: omNode-1->omNode-bootstrap-2#0-t1,notify:(t:1, i:0)
2024-09-18 12:54:54,435 [grpc-default-executor-1] INFO  server.GrpcServerProtocolService (GrpcServerProtocolService.java:lambda$onCompleted$5(159)) - omNode-bootstrap-2: Completed INSTALL_SNAPSHOT, lastReply: null
2024-09-18 12:54:54,435 [grpc-default-executor-3] INFO  server.GrpcLogAppender (GrpcLogAppender.java:onNext(649)) - omNode-1@group-0AAC5367B30E->omNode-bootstrap-2-InstallSnapshotResponseHandler: received a reply omNode-1<-omNode-bootstrap-2#0:FAIL-t1,IN_PROGRESS,snapshotIndex=0
2024-09-18 12:54:54,435 [grpc-default-executor-3] INFO  server.GrpcLogAppender (GrpcLogAppender.java:onNext(665)) - omNode-1@group-0AAC5367B30E->omNode-bootstrap-2-InstallSnapshotResponseHandler: InstallSnapshot in progress.
2024-09-18 12:54:54,436 [omNode-1@group-0AAC5367B30E->omNode-bootstrap-2-GrpcLogAppender-LogAppenderDaemon] INFO  server.GrpcLogAppender (GrpcLogAppender.java:notifyInstallSnapshot(790)) - omNode-1@group-0AAC5367B30E->omNode-bootstrap-2-GrpcLogAppender: notifyInstallSnapshot with firstAvailable=(t:1, i:0), followerNextIndex=0
2024-09-18 12:54:54,436 [omNode-1@group-0AAC5367B30E->omNode-bootstrap-2-GrpcLogAppender-LogAppenderDaemon] INFO  server.GrpcLogAppender (GrpcLogAppender.java:notifyInstallSnapshot(798)) - omNode-1@group-0AAC5367B30E->omNode-bootstrap-2-GrpcLogAppender: send omNode-1->omNode-bootstrap-2#0-t1,notify:(t:1, i:0)
2024-09-18 12:54:54,436 [omNode-bootstrap-2-server-thread1] INFO  server.RaftServer$Division (RaftServerImpl.java:checkInconsistentAppendEntries(1629)) - omNode-bootstrap-2@group-0AAC5367B30E: Failed appendEntries as snapshot (0) installation is in progress
2024-09-18 12:54:54,436 [omNode-bootstrap-2-server-thread1] INFO  server.RaftServer$Division (RaftServerImpl.java:appendEntriesAsync(1584)) - omNode-bootstrap-2@group-0AAC5367B30E: appendEntries* reply omNode-1<-omNode-bootstrap-2#257:FAIL-t1,INCONSISTENCY,nextIndex=0,followerCommit=-1,matchIndex=-1
2024-09-18 12:54:54,437 [grpc-default-executor-0] INFO  impl.SnapshotInstallationHandler (SnapshotInstallationHandler.java:installSnapshot(92)) - omNode-bootstrap-2@group-0AAC5367B30E: receive installSnapshot: omNode-1->omNode-bootstrap-2#0-t1,notify:(t:1, i:0)
2024-09-18 12:54:54,437 [grpc-default-executor-0] INFO  impl.SnapshotInstallationHandler (SnapshotInstallationHandler.java:installSnapshotImpl(138)) - omNode-bootstrap-2@group-0AAC5367B30E: set new configuration configurationEntry {
  peers {
    id: "omNode-1"
    address: "localhost:15015"
    startupRole: FOLLOWER
  }
}
 from snapshot
2024-09-18 12:54:54,437 [grpc-default-executor-0] INFO  server.RaftServer$Division (ServerState.java:setRaftConf(386)) - omNode-bootstrap-2@group-0AAC5367B30E: set configuration conf: {index: 0, cur=peers:[omNode-1|localhost:15015]|listeners:[], old=null}
2024-09-18 12:54:54,437 [grpc-default-executor-3] WARN  server.GrpcLogAppender (GrpcLogAppender.java:onNextImpl(519)) - omNode-1@group-0AAC5367B30E->omNode-bootstrap-2-AppendLogResponseHandler: received INCONSISTENCY reply with nextIndex 0, errorCount=1, request=AppendEntriesRequest:cid=257,entriesCount=0
2024-09-18 12:54:54,438 [grpc-default-executor-0] INFO  ratis.OzoneManagerStateMachine (OzoneManagerStateMachine.java:notifyConfigurationChanged(216)) - Received Configuration change notification from Ratis. New Peer list:
[id: "omNode-1"
address: "localhost:15015"
startupRole: FOLLOWER
]
2024-09-18 12:54:54,438 [grpc-default-executor-0] INFO  impl.SnapshotInstallationHandler (SnapshotInstallationHandler.java:installSnapshot(103)) - omNode-bootstrap-2@group-0AAC5367B30E: reply installSnapshot: omNode-1<-omNode-bootstrap-2#0:FAIL-t1,IN_PROGRESS,snapshotIndex=0
2024-09-18 12:54:54,438 [grpc-default-executor-0] INFO  server.GrpcServerProtocolService (GrpcServerProtocolService.java:onCompleted(157)) - omNode-bootstrap-2: Completed INSTALL_SNAPSHOT, lastRequest: omNode-1->omNode-bootstrap-2#0-t1,notify:(t:1, i:0)
2024-09-18 12:54:54,438 [grpc-default-executor-0] INFO  server.GrpcServerProtocolService (GrpcServerProtocolService.java:lambda$onCompleted$5(159)) - omNode-bootstrap-2: Completed INSTALL_SNAPSHOT, lastReply: null
2024-09-18 12:54:54,439 [grpc-default-executor-1] INFO  server.GrpcLogAppender (GrpcLogAppender.java:onNext(649)) - omNode-1@group-0AAC5367B30E->omNode-bootstrap-2-InstallSnapshotResponseHandler: received a reply omNode-1<-omNode-bootstrap-2#0:FAIL-t1,IN_PROGRESS,snapshotIndex=0
2024-09-18 12:54:54,439 [grpc-default-executor-1] INFO  server.GrpcLogAppender (GrpcLogAppender.java:onNext(665)) - omNode-1@group-0AAC5367B30E->omNode-bootstrap-2-InstallSnapshotResponseHandler: InstallSnapshot in progress.
2024-09-18 12:54:54,439 [omNode-bootstrap-2-server-thread1] INFO  server.RaftServer$Division (RaftServerImpl.java:checkInconsistentAppendEntries(1629)) - omNode-bootstrap-2@group-0AAC5367B30E: Failed appendEntries as snapshot (0) installation is in progress
2024-09-18 12:54:54,439 [omNode-bootstrap-2-server-thread1] INFO  server.RaftServer$Division (RaftServerImpl.java:appendEntriesAsync(1584)) - omNode-bootstrap-2@group-0AAC5367B30E: appendEntries* reply omNode-1<-omNode-bootstrap-2#258:FAIL-t1,INCONSISTENCY,nextIndex=0,followerCommit=-1,matchIndex=-1
2024-09-18 12:54:54,440 [grpc-default-executor-1] WARN  server.GrpcLogAppender (GrpcLogAppender.java:onNextImpl(519)) - omNode-1@group-0AAC5367B30E->omNode-bootstrap-2-AppendLogResponseHandler: received INCONSISTENCY reply with nextIndex 0, errorCount=1, request=AppendEntriesRequest:cid=258,entriesCount=0
2024-09-18 12:54:54,440 [omNode-1@group-0AAC5367B30E->omNode-bootstrap-2-GrpcLogAppender-LogAppenderDaemon] INFO  server.GrpcLogAppender (GrpcLogAppender.java:notifyInstallSnapshot(790)) - omNode-1@group-0AAC5367B30E->omNode-bootstrap-2-GrpcLogAppender: notifyInstallSnapshot with firstAvailable=(t:1, i:0), followerNextIndex=0
2024-09-18 12:54:54,440 [omNode-1@group-0AAC5367B30E->omNode-bootstrap-2-GrpcLogAppender-LogAppenderDaemon] INFO  server.GrpcLogAppender (GrpcLogAppender.java:notifyInstallSnapshot(798)) - omNode-1@group-0AAC5367B30E->omNode-bootstrap-2-GrpcLogAppender: send omNode-1->omNode-bootstrap-2#0-t1,notify:(t:1, i:0)
2024-09-18 12:54:54,441 [grpc-default-executor-0] INFO  impl.SnapshotInstallationHandler (SnapshotInstallationHandler.java:installSnapshot(92)) - omNode-bootstrap-2@group-0AAC5367B30E: receive installSnapshot: omNode-1->omNode-bootstrap-2#0-t1,notify:(t:1, i:0)
2024-09-18 12:54:54,441 [grpc-default-executor-0] INFO  impl.SnapshotInstallationHandler (SnapshotInstallationHandler.java:installSnapshotImpl(138)) - omNode-bootstrap-2@group-0AAC5367B30E: set new configuration configurationEntry {
  peers {
    id: "omNode-1"
    address: "localhost:15015"
    startupRole: FOLLOWER
  }
}
 from snapshot
2024-09-18 12:54:54,441 [grpc-default-executor-0] INFO  server.RaftServer$Division (ServerState.java:setRaftConf(386)) - omNode-bootstrap-2@group-0AAC5367B30E: set configuration conf: {index: 0, cur=peers:[omNode-1|localhost:15015]|listeners:[], old=null}
2024-09-18 12:54:54,442 [grpc-default-executor-0] INFO  ratis.OzoneManagerStateMachine (OzoneManagerStateMachine.java:notifyConfigurationChanged(216)) - Received Configuration change notification from Ratis. New Peer list:
[id: "omNode-1"
address: "localhost:15015"
startupRole: FOLLOWER
]
2024-09-18 12:54:54,442 [grpc-default-executor-0] INFO  impl.SnapshotInstallationHandler (SnapshotInstallationHandler.java:installSnapshot(103)) - omNode-bootstrap-2@group-0AAC5367B30E: reply installSnapshot: omNode-1<-omNode-bootstrap-2#0:FAIL-t1,IN_PROGRESS,snapshotIndex=0
2024-09-18 12:54:54,443 [grpc-default-executor-0] INFO  server.GrpcServerProtocolService (GrpcServerProtocolService.java:onCompleted(157)) - omNode-bootstrap-2: Completed INSTALL_SNAPSHOT, lastRequest: omNode-1->omNode-bootstrap-2#0-t1,notify:(t:1, i:0)
2024-09-18 12:54:54,443 [grpc-default-executor-0] INFO  server.GrpcServerProtocolService (GrpcServerProtocolService.java:lambda$onCompleted$5(159)) - omNode-bootstrap-2: Completed INSTALL_SNAPSHOT, lastReply: null
2024-09-18 12:54:54,443 [grpc-default-executor-1] INFO  server.GrpcLogAppender (GrpcLogAppender.java:onNext(649)) - omNode-1@group-0AAC5367B30E->omNode-bootstrap-2-InstallSnapshotResponseHandler: received a reply omNode-1<-omNode-bootstrap-2#0:FAIL-t1,IN_PROGRESS,snapshotIndex=0
2024-09-18 12:54:54,443 [grpc-default-executor-1] INFO  server.GrpcLogAppender (GrpcLogAppender.java:onNext(665)) - omNode-1@group-0AAC5367B30E->omNode-bootstrap-2-InstallSnapshotResponseHandler: InstallSnapshot in progress.
2024-09-18 12:54:54,443 [omNode-bootstrap-2-server-thread1] INFO  server.RaftServer$Division (RaftServerImpl.java:checkInconsistentAppendEntries(1629)) - omNode-bootstrap-2@group-0AAC5367B30E: Failed appendEntries as snapshot (0) installation is in progress
2024-09-18 12:54:54,444 [omNode-bootstrap-2-server-thread1] INFO  server.RaftServer$Division (RaftServerImpl.java:appendEntriesAsync(1584)) - omNode-bootstrap-2@group-0AAC5367B30E: appendEntries* reply omNode-1<-omNode-bootstrap-2#259:FAIL-t1,INCONSISTENCY,nextIndex=0,followerCommit=-1,matchIndex=-1
2024-09-18 12:54:54,444 [grpc-default-executor-1] WARN  server.GrpcLogAppender (GrpcLogAppender.java:onNextImpl(519)) - omNode-1@group-0AAC5367B30E->omNode-bootstrap-2-AppendLogResponseHandler: received INCONSISTENCY reply with nextIndex 0, errorCount=1, request=AppendEntriesRequest:cid=259,entriesCount=0
2024-09-18 12:54:54,444 [omNode-1@group-0AAC5367B30E->omNode-bootstrap-2-GrpcLogAppender-LogAppenderDaemon] INFO  server.GrpcLogAppender (GrpcLogAppender.java:notifyInstallSnapshot(790)) - omNode-1@group-0AAC5367B30E->omNode-bootstrap-2-GrpcLogAppender: notifyInstallSnapshot with firstAvailable=(t:1, i:0), followerNextIndex=0
2024-09-18 12:54:54,444 [omNode-1@group-0AAC5367B30E->omNode-bootstrap-2-GrpcLogAppender-LogAppenderDaemon] INFO  server.GrpcLogAppender (GrpcLogAppender.java:notifyInstallSnapshot(798)) - omNode-1@group-0AAC5367B30E->omNode-bootstrap-2-GrpcLogAppender: send omNode-1->omNode-bootstrap-2#0-t1,notify:(t:1, i:0)
2024-09-18 12:54:54,445 [grpc-default-executor-0] INFO  impl.SnapshotInstallationHandler (SnapshotInstallationHandler.java:installSnapshot(92)) - omNode-bootstrap-2@group-0AAC5367B30E: receive installSnapshot: omNode-1->omNode-bootstrap-2#0-t1,notify:(t:1, i:0)
2024-09-18 12:54:54,445 [grpc-default-executor-0] INFO  impl.SnapshotInstallationHandler (SnapshotInstallationHandler.java:installSnapshotImpl(138)) - omNode-bootstrap-2@group-0AAC5367B30E: set new configuration configurationEntry {
  peers {
    id: "omNode-1"
    address: "localhost:15015"
    startupRole: FOLLOWER
  }
}
 from snapshot
2024-09-18 12:54:54,445 [grpc-default-executor-0] INFO  server.RaftServer$Division (ServerState.java:setRaftConf(386)) - omNode-bootstrap-2@group-0AAC5367B30E: set configuration conf: {index: 0, cur=peers:[omNode-1|localhost:15015]|listeners:[], old=null}
2024-09-18 12:54:54,447 [grpc-default-executor-0] INFO  ratis.OzoneManagerStateMachine (OzoneManagerStateMachine.java:notifyConfigurationChanged(216)) - Received Configuration change notification from Ratis. New Peer list:
[id: "omNode-1"
address: "localhost:15015"
startupRole: FOLLOWER
]
2024-09-18 12:54:54,447 [grpc-default-executor-0] INFO  impl.SnapshotInstallationHandler (SnapshotInstallationHandler.java:installSnapshot(103)) - omNode-bootstrap-2@group-0AAC5367B30E: reply installSnapshot: omNode-1<-omNode-bootstrap-2#0:FAIL-t1,IN_PROGRESS,snapshotIndex=0
2024-09-18 12:54:54,447 [grpc-default-executor-0] INFO  server.GrpcServerProtocolService (GrpcServerProtocolService.java:onCompleted(157)) - omNode-bootstrap-2: Completed INSTALL_SNAPSHOT, lastRequest: omNode-1->omNode-bootstrap-2#0-t1,notify:(t:1, i:0)
2024-09-18 12:54:54,447 [grpc-default-executor-0] INFO  server.GrpcServerProtocolService (GrpcServerProtocolService.java:lambda$onCompleted$5(159)) - omNode-bootstrap-2: Completed INSTALL_SNAPSHOT, lastReply: null
2024-09-18 12:54:54,447 [grpc-default-executor-1] INFO  server.GrpcLogAppender (GrpcLogAppender.java:onNext(649)) - omNode-1@group-0AAC5367B30E->omNode-bootstrap-2-InstallSnapshotResponseHandler: received a reply omNode-1<-omNode-bootstrap-2#0:FAIL-t1,IN_PROGRESS,snapshotIndex=0
2024-09-18 12:54:54,448 [grpc-default-executor-1] INFO  server.GrpcLogAppender (GrpcLogAppender.java:onNext(665)) - omNode-1@group-0AAC5367B30E->omNode-bootstrap-2-InstallSnapshotResponseHandler: InstallSnapshot in progress.
2024-09-18 12:54:54,448 [omNode-1@group-0AAC5367B30E->omNode-bootstrap-2-GrpcLogAppender-LogAppenderDaemon] INFO  server.GrpcLogAppender (GrpcLogAppender.java:notifyInstallSnapshot(790)) - omNode-1@group-0AAC5367B30E->omNode-bootstrap-2-GrpcLogAppender: notifyInstallSnapshot with firstAvailable=(t:1, i:0), followerNextIndex=0
2024-09-18 12:54:54,448 [omNode-1@group-0AAC5367B30E->omNode-bootstrap-2-GrpcLogAppender-LogAppenderDaemon] INFO  server.GrpcLogAppender (GrpcLogAppender.java:notifyInstallSnapshot(798)) - omNode-1@group-0AAC5367B30E->omNode-bootstrap-2-GrpcLogAppender: send omNode-1->omNode-bootstrap-2#0-t1,notify:(t:1, i:0)
2024-09-18 12:54:54,449 [grpc-default-executor-3] INFO  impl.SnapshotInstallationHandler (SnapshotInstallationHandler.java:installSnapshot(92)) - omNode-bootstrap-2@group-0AAC5367B30E: receive installSnapshot: omNode-1->omNode-bootstrap-2#0-t1,notify:(t:1, i:0)
2024-09-18 12:54:54,449 [grpc-default-executor-3] INFO  impl.SnapshotInstallationHandler (SnapshotInstallationHandler.java:installSnapshotImpl(138)) - omNode-bootstrap-2@group-0AAC5367B30E: set new configuration configurationEntry {
  peers {
    id: "omNode-1"
    address: "localhost:15015"
    startupRole: FOLLOWER
  }
}
 from snapshot
2024-09-18 12:54:54,449 [grpc-default-executor-3] INFO  server.RaftServer$Division (ServerState.java:setRaftConf(386)) - omNode-bootstrap-2@group-0AAC5367B30E: set configuration conf: {index: 0, cur=peers:[omNode-1|localhost:15015]|listeners:[], old=null}
2024-09-18 12:54:54,449 [omNode-bootstrap-2-server-thread1] INFO  server.RaftServer$Division (RaftServerImpl.java:checkInconsistentAppendEntries(1629)) - omNode-bootstrap-2@group-0AAC5367B30E: Failed appendEntries as snapshot (0) installation is in progress
2024-09-18 12:54:54,450 [omNode-bootstrap-2-server-thread1] INFO  server.RaftServer$Division (RaftServerImpl.java:appendEntriesAsync(1584)) - omNode-bootstrap-2@group-0AAC5367B30E: appendEntries* reply omNode-1<-omNode-bootstrap-2#260:FAIL-t1,INCONSISTENCY,nextIndex=0,followerCommit=-1,matchIndex=-1
2024-09-18 12:54:54,450 [grpc-default-executor-1] WARN  server.GrpcLogAppender (GrpcLogAppender.java:onNextImpl(519)) - omNode-1@group-0AAC5367B30E->omNode-bootstrap-2-AppendLogResponseHandler: received INCONSISTENCY reply with nextIndex 0, errorCount=1, request=AppendEntriesRequest:cid=260,entriesCount=0
2024-09-18 12:54:54,450 [grpc-default-executor-3] INFO  ratis.OzoneManagerStateMachine (OzoneManagerStateMachine.java:notifyConfigurationChanged(216)) - Received Configuration change notification from Ratis. New Peer list:
[id: "omNode-1"
address: "localhost:15015"
startupRole: FOLLOWER
]
2024-09-18 12:54:54,450 [grpc-default-executor-3] INFO  impl.SnapshotInstallationHandler (SnapshotInstallationHandler.java:installSnapshot(103)) - omNode-bootstrap-2@group-0AAC5367B30E: reply installSnapshot: omNode-1<-omNode-bootstrap-2#0:FAIL-t1,IN_PROGRESS,snapshotIndex=0
2024-09-18 12:54:54,451 [grpc-default-executor-3] INFO  server.GrpcServerProtocolService (GrpcServerProtocolService.java:onCompleted(157)) - omNode-bootstrap-2: Completed INSTALL_SNAPSHOT, lastRequest: omNode-1->omNode-bootstrap-2#0-t1,notify:(t:1, i:0)
2024-09-18 12:54:54,451 [grpc-default-executor-3] INFO  server.GrpcServerProtocolService (GrpcServerProtocolService.java:lambda$onCompleted$5(159)) - omNode-bootstrap-2: Completed INSTALL_SNAPSHOT, lastReply: null
2024-09-18 12:54:54,451 [grpc-default-executor-1] INFO  server.GrpcLogAppender (GrpcLogAppender.java:onNext(649)) - omNode-1@group-0AAC5367B30E->omNode-bootstrap-2-InstallSnapshotResponseHandler: received a reply omNode-1<-omNode-bootstrap-2#0:FAIL-t1,IN_PROGRESS,snapshotIndex=0
2024-09-18 12:54:54,451 [grpc-default-executor-1] INFO  server.GrpcLogAppender (GrpcLogAppender.java:onNext(665)) - omNode-1@group-0AAC5367B30E->omNode-bootstrap-2-InstallSnapshotResponseHandler: InstallSnapshot in progress.
2024-09-18 12:54:54,452 [omNode-bootstrap-2-server-thread1] INFO  server.RaftServer$Division (RaftServerImpl.java:checkInconsistentAppendEntries(1629)) - omNode-bootstrap-2@group-0AAC5367B30E: Failed appendEntries as snapshot (0) installation is in progress
2024-09-18 12:54:54,452 [omNode-bootstrap-2-server-thread1] INFO  server.RaftServer$Division (RaftServerImpl.java:appendEntriesAsync(1584)) - omNode-bootstrap-2@group-0AAC5367B30E: appendEntries* reply omNode-1<-omNode-bootstrap-2#261:FAIL-t1,INCONSISTENCY,nextIndex=0,followerCommit=-1,matchIndex=-1
2024-09-18 12:54:54,452 [grpc-default-executor-1] WARN  server.GrpcLogAppender (GrpcLogAppender.java:onNextImpl(519)) - omNode-1@group-0AAC5367B30E->omNode-bootstrap-2-AppendLogResponseHandler: received INCONSISTENCY reply with nextIndex 0, errorCount=1, request=AppendEntriesRequest:cid=261,entriesCount=0
2024-09-18 12:54:54,453 [omNode-1@group-0AAC5367B30E->omNode-bootstrap-2-GrpcLogAppender-LogAppenderDaemon] INFO  server.GrpcLogAppender (GrpcLogAppender.java:notifyInstallSnapshot(790)) - omNode-1@group-0AAC5367B30E->omNode-bootstrap-2-GrpcLogAppender: notifyInstallSnapshot with firstAvailable=(t:1, i:0), followerNextIndex=0
2024-09-18 12:54:54,453 [omNode-1@group-0AAC5367B30E->omNode-bootstrap-2-GrpcLogAppender-LogAppenderDaemon] INFO  server.GrpcLogAppender (GrpcLogAppender.java:notifyInstallSnapshot(798)) - omNode-1@group-0AAC5367B30E->omNode-bootstrap-2-GrpcLogAppender: send omNode-1->omNode-bootstrap-2#0-t1,notify:(t:1, i:0)
2024-09-18 12:54:54,454 [grpc-default-executor-0] INFO  impl.SnapshotInstallationHandler (SnapshotInstallationHandler.java:installSnapshot(92)) - omNode-bootstrap-2@group-0AAC5367B30E: receive installSnapshot: omNode-1->omNode-bootstrap-2#0-t1,notify:(t:1, i:0)
2024-09-18 12:54:54,454 [grpc-default-executor-0] INFO  impl.SnapshotInstallationHandler (SnapshotInstallationHandler.java:installSnapshotImpl(138)) - omNode-bootstrap-2@group-0AAC5367B30E: set new configuration configurationEntry {
  peers {
    id: "omNode-1"
    address: "localhost:15015"
    startupRole: FOLLOWER
  }
}
 from snapshot
2024-09-18 12:54:54,454 [grpc-default-executor-0] INFO  server.RaftServer$Division (ServerState.java:setRaftConf(386)) - omNode-bootstrap-2@group-0AAC5367B30E: set configuration conf: {index: 0, cur=peers:[omNode-1|localhost:15015]|listeners:[], old=null}
2024-09-18 12:54:54,456 [grpc-default-executor-0] INFO  ratis.OzoneManagerStateMachine (OzoneManagerStateMachine.java:notifyConfigurationChanged(216)) - Received Configuration change notification from Ratis. New Peer list:
[id: "omNode-1"
address: "localhost:15015"
startupRole: FOLLOWER
]
2024-09-18 12:54:54,456 [grpc-default-executor-0] INFO  impl.SnapshotInstallationHandler (SnapshotInstallationHandler.java:installSnapshot(103)) - omNode-bootstrap-2@group-0AAC5367B30E: reply installSnapshot: omNode-1<-omNode-bootstrap-2#0:FAIL-t1,IN_PROGRESS,snapshotIndex=0
2024-09-18 12:54:54,456 [grpc-default-executor-0] INFO  server.GrpcServerProtocolService (GrpcServerProtocolService.java:onCompleted(157)) - omNode-bootstrap-2: Completed INSTALL_SNAPSHOT, lastRequest: omNode-1->omNode-bootstrap-2#0-t1,notify:(t:1, i:0)
2024-09-18 12:54:54,456 [grpc-default-executor-0] INFO  server.GrpcServerProtocolService (GrpcServerProtocolService.java:lambda$onCompleted$5(159)) - omNode-bootstrap-2: Completed INSTALL_SNAPSHOT, lastReply: null
2024-09-18 12:54:54,456 [grpc-default-executor-1] INFO  server.GrpcLogAppender (GrpcLogAppender.java:onNext(649)) - omNode-1@group-0AAC5367B30E->omNode-bootstrap-2-InstallSnapshotResponseHandler: received a reply omNode-1<-omNode-bootstrap-2#0:FAIL-t1,IN_PROGRESS,snapshotIndex=0
2024-09-18 12:54:54,456 [grpc-default-executor-1] INFO  server.GrpcLogAppender (GrpcLogAppender.java:onNext(665)) - omNode-1@group-0AAC5367B30E->omNode-bootstrap-2-InstallSnapshotResponseHandler: InstallSnapshot in progress.
2024-09-18 12:54:54,457 [omNode-1@group-0AAC5367B30E->omNode-bootstrap-2-GrpcLogAppender-LogAppenderDaemon] INFO  server.GrpcLogAppender (GrpcLogAppender.java:notifyInstallSnapshot(790)) - omNode-1@group-0AAC5367B30E->omNode-bootstrap-2-GrpcLogAppender: notifyInstallSnapshot with firstAvailable=(t:1, i:0), followerNextIndex=0
2024-09-18 12:54:54,457 [omNode-1@group-0AAC5367B30E->omNode-bootstrap-2-GrpcLogAppender-LogAppenderDaemon] INFO  server.GrpcLogAppender (GrpcLogAppender.java:notifyInstallSnapshot(798)) - omNode-1@group-0AAC5367B30E->omNode-bootstrap-2-GrpcLogAppender: send omNode-1->omNode-bootstrap-2#0-t1,notify:(t:1, i:0)
2024-09-18 12:54:54,458 [grpc-default-executor-3] INFO  impl.SnapshotInstallationHandler (SnapshotInstallationHandler.java:installSnapshot(92)) - omNode-bootstrap-2@group-0AAC5367B30E: receive installSnapshot: omNode-1->omNode-bootstrap-2#0-t1,notify:(t:1, i:0)
2024-09-18 12:54:54,458 [grpc-default-executor-3] INFO  impl.SnapshotInstallationHandler (SnapshotInstallationHandler.java:installSnapshotImpl(138)) - omNode-bootstrap-2@group-0AAC5367B30E: set new configuration configurationEntry {
  peers {
    id: "omNode-1"
    address: "localhost:15015"
    startupRole: FOLLOWER
  }
}
 from snapshot
2024-09-18 12:54:54,458 [grpc-default-executor-3] INFO  server.RaftServer$Division (ServerState.java:setRaftConf(386)) - omNode-bootstrap-2@group-0AAC5367B30E: set configuration conf: {index: 0, cur=peers:[omNode-1|localhost:15015]|listeners:[], old=null}
2024-09-18 12:54:54,459 [omNode-bootstrap-2-server-thread1] INFO  server.RaftServer$Division (RaftServerImpl.java:checkInconsistentAppendEntries(1629)) - omNode-bootstrap-2@group-0AAC5367B30E: Failed appendEntries as snapshot (0) installation is in progress
2024-09-18 12:54:54,459 [omNode-bootstrap-2-server-thread1] INFO  server.RaftServer$Division (RaftServerImpl.java:appendEntriesAsync(1584)) - omNode-bootstrap-2@group-0AAC5367B30E: appendEntries* reply omNode-1<-omNode-bootstrap-2#262:FAIL-t1,INCONSISTENCY,nextIndex=0,followerCommit=-1,matchIndex=-1
2024-09-18 12:54:54,459 [grpc-default-executor-1] WARN  server.GrpcLogAppender (GrpcLogAppender.java:onNextImpl(519)) - omNode-1@group-0AAC5367B30E->omNode-bootstrap-2-AppendLogResponseHandler: received INCONSISTENCY reply with nextIndex 0, errorCount=1, request=AppendEntriesRequest:cid=262,entriesCount=0
2024-09-18 12:54:54,471 [grpc-default-executor-3] INFO  ratis.OzoneManagerStateMachine (OzoneManagerStateMachine.java:notifyConfigurationChanged(216)) - Received Configuration change notification from Ratis. New Peer list:
[id: "omNode-1"
address: "localhost:15015"
startupRole: FOLLOWER
]
2024-09-18 12:54:54,471 [grpc-default-executor-3] INFO  impl.SnapshotInstallationHandler (SnapshotInstallationHandler.java:installSnapshot(103)) - omNode-bootstrap-2@group-0AAC5367B30E: reply installSnapshot: omNode-1<-omNode-bootstrap-2#0:FAIL-t1,IN_PROGRESS,snapshotIndex=0
2024-09-18 12:54:54,471 [grpc-default-executor-3] INFO  server.GrpcServerProtocolService (GrpcServerProtocolService.java:onCompleted(157)) - omNode-bootstrap-2: Completed INSTALL_SNAPSHOT, lastRequest: omNode-1->omNode-bootstrap-2#0-t1,notify:(t:1, i:0)
2024-09-18 12:54:54,471 [grpc-default-executor-3] INFO  server.GrpcServerProtocolService (GrpcServerProtocolService.java:lambda$onCompleted$5(159)) - omNode-bootstrap-2: Completed INSTALL_SNAPSHOT, lastReply: null
2024-09-18 12:54:54,472 [grpc-default-executor-0] INFO  server.GrpcLogAppender (GrpcLogAppender.java:onNext(649)) - omNode-1@group-0AAC5367B30E->omNode-bootstrap-2-InstallSnapshotResponseHandler: received a reply omNode-1<-omNode-bootstrap-2#0:FAIL-t1,IN_PROGRESS,snapshotIndex=0
2024-09-18 12:54:54,472 [grpc-default-executor-0] INFO  server.GrpcLogAppender (GrpcLogAppender.java:onNext(665)) - omNode-1@group-0AAC5367B30E->omNode-bootstrap-2-InstallSnapshotResponseHandler: InstallSnapshot in progress.
2024-09-18 12:54:54,472 [omNode-1@group-0AAC5367B30E->omNode-bootstrap-2-GrpcLogAppender-LogAppenderDaemon] INFO  server.GrpcLogAppender (GrpcLogAppender.java:notifyInstallSnapshot(790)) - omNode-1@group-0AAC5367B30E->omNode-bootstrap-2-GrpcLogAppender: notifyInstallSnapshot with firstAvailable=(t:1, i:0), followerNextIndex=0
2024-09-18 12:54:54,472 [omNode-1@group-0AAC5367B30E->omNode-bootstrap-2-GrpcLogAppender-LogAppenderDaemon] INFO  server.GrpcLogAppender (GrpcLogAppender.java:notifyInstallSnapshot(798)) - omNode-1@group-0AAC5367B30E->omNode-bootstrap-2-GrpcLogAppender: send omNode-1->omNode-bootstrap-2#0-t1,notify:(t:1, i:0)
2024-09-18 12:54:54,473 [omNode-bootstrap-2-server-thread1] INFO  server.RaftServer$Division (RaftServerImpl.java:checkInconsistentAppendEntries(1629)) - omNode-bootstrap-2@group-0AAC5367B30E: Failed appendEntries as snapshot (0) installation is in progress
2024-09-18 12:54:54,473 [omNode-bootstrap-2-server-thread1] INFO  server.RaftServer$Division (RaftServerImpl.java:appendEntriesAsync(1584)) - omNode-bootstrap-2@group-0AAC5367B30E: appendEntries* reply omNode-1<-omNode-bootstrap-2#263:FAIL-t1,INCONSISTENCY,nextIndex=0,followerCommit=-1,matchIndex=-1
2024-09-18 12:54:54,474 [grpc-default-executor-1] WARN  server.GrpcLogAppender (GrpcLogAppender.java:onNextImpl(519)) - omNode-1@group-0AAC5367B30E->omNode-bootstrap-2-AppendLogResponseHandler: received INCONSISTENCY reply with nextIndex 0, errorCount=1, request=AppendEntriesRequest:cid=263,entriesCount=0
2024-09-18 12:54:54,474 [grpc-default-executor-0] INFO  impl.SnapshotInstallationHandler (SnapshotInstallationHandler.java:installSnapshot(92)) - omNode-bootstrap-2@group-0AAC5367B30E: receive installSnapshot: omNode-1->omNode-bootstrap-2#0-t1,notify:(t:1, i:0)
2024-09-18 12:54:54,474 [grpc-default-executor-0] INFO  impl.SnapshotInstallationHandler (SnapshotInstallationHandler.java:installSnapshotImpl(138)) - omNode-bootstrap-2@group-0AAC5367B30E: set new configuration configurationEntry {
  peers {
    id: "omNode-1"
    address: "localhost:15015"
    startupRole: FOLLOWER
  }
}
 from snapshot
2024-09-18 12:54:54,474 [grpc-default-executor-0] INFO  server.RaftServer$Division (ServerState.java:setRaftConf(386)) - omNode-bootstrap-2@group-0AAC5367B30E: set configuration conf: {index: 0, cur=peers:[omNode-1|localhost:15015]|listeners:[], old=null}
2024-09-18 12:54:54,475 [grpc-default-executor-0] INFO  ratis.OzoneManagerStateMachine (OzoneManagerStateMachine.java:notifyConfigurationChanged(216)) - Received Configuration change notification from Ratis. New Peer list:
[id: "omNode-1"
address: "localhost:15015"
startupRole: FOLLOWER
]
2024-09-18 12:54:54,475 [grpc-default-executor-0] INFO  impl.SnapshotInstallationHandler (SnapshotInstallationHandler.java:installSnapshot(103)) - omNode-bootstrap-2@group-0AAC5367B30E: reply installSnapshot: omNode-1<-omNode-bootstrap-2#0:FAIL-t1,IN_PROGRESS,snapshotIndex=0
2024-09-18 12:54:54,475 [grpc-default-executor-0] INFO  server.GrpcServerProtocolService (GrpcServerProtocolService.java:onCompleted(157)) - omNode-bootstrap-2: Completed INSTALL_SNAPSHOT, lastRequest: omNode-1->omNode-bootstrap-2#0-t1,notify:(t:1, i:0)
2024-09-18 12:54:54,476 [grpc-default-executor-0] INFO  server.GrpcServerProtocolService (GrpcServerProtocolService.java:lambda$onCompleted$5(159)) - omNode-bootstrap-2: Completed INSTALL_SNAPSHOT, lastReply: null
2024-09-18 12:54:54,476 [grpc-default-executor-1] INFO  server.GrpcLogAppender (GrpcLogAppender.java:onNext(649)) - omNode-1@group-0AAC5367B30E->omNode-bootstrap-2-InstallSnapshotResponseHandler: received a reply omNode-1<-omNode-bootstrap-2#0:FAIL-t1,IN_PROGRESS,snapshotIndex=0
2024-09-18 12:54:54,476 [grpc-default-executor-1] INFO  server.GrpcLogAppender (GrpcLogAppender.java:onNext(665)) - omNode-1@group-0AAC5367B30E->omNode-bootstrap-2-InstallSnapshotResponseHandler: InstallSnapshot in progress.
2024-09-18 12:54:54,477 [omNode-bootstrap-2-server-thread1] INFO  server.RaftServer$Division (RaftServerImpl.java:checkInconsistentAppendEntries(1629)) - omNode-bootstrap-2@group-0AAC5367B30E: Failed appendEntries as snapshot (0) installation is in progress
2024-09-18 12:54:54,477 [omNode-bootstrap-2-server-thread1] INFO  server.RaftServer$Division (RaftServerImpl.java:appendEntriesAsync(1584)) - omNode-bootstrap-2@group-0AAC5367B30E: appendEntries* reply omNode-1<-omNode-bootstrap-2#264:FAIL-t1,INCONSISTENCY,nextIndex=0,followerCommit=-1,matchIndex=-1
2024-09-18 12:54:54,477 [grpc-default-executor-0] WARN  server.GrpcLogAppender (GrpcLogAppender.java:onNextImpl(519)) - omNode-1@group-0AAC5367B30E->omNode-bootstrap-2-AppendLogResponseHandler: received INCONSISTENCY reply with nextIndex 0, errorCount=1, request=AppendEntriesRequest:cid=264,entriesCount=0
2024-09-18 12:54:54,477 [omNode-1@group-0AAC5367B30E->omNode-bootstrap-2-GrpcLogAppender-LogAppenderDaemon] INFO  server.GrpcLogAppender (GrpcLogAppender.java:notifyInstallSnapshot(790)) - omNode-1@group-0AAC5367B30E->omNode-bootstrap-2-GrpcLogAppender: notifyInstallSnapshot with firstAvailable=(t:1, i:0), followerNextIndex=0
2024-09-18 12:54:54,477 [omNode-1@group-0AAC5367B30E->omNode-bootstrap-2-GrpcLogAppender-LogAppenderDaemon] INFO  server.GrpcLogAppender (GrpcLogAppender.java:notifyInstallSnapshot(798)) - omNode-1@group-0AAC5367B30E->omNode-bootstrap-2-GrpcLogAppender: send omNode-1->omNode-bootstrap-2#0-t1,notify:(t:1, i:0)
2024-09-18 12:54:54,478 [grpc-default-executor-1] INFO  impl.SnapshotInstallationHandler (SnapshotInstallationHandler.java:installSnapshot(92)) - omNode-bootstrap-2@group-0AAC5367B30E: receive installSnapshot: omNode-1->omNode-bootstrap-2#0-t1,notify:(t:1, i:0)
2024-09-18 12:54:54,478 [grpc-default-executor-1] INFO  impl.SnapshotInstallationHandler (SnapshotInstallationHandler.java:installSnapshotImpl(138)) - omNode-bootstrap-2@group-0AAC5367B30E: set new configuration configurationEntry {
  peers {
    id: "omNode-1"
    address: "localhost:15015"
    startupRole: FOLLOWER
  }
}
 from snapshot
2024-09-18 12:54:54,478 [grpc-default-executor-1] INFO  server.RaftServer$Division (ServerState.java:setRaftConf(386)) - omNode-bootstrap-2@group-0AAC5367B30E: set configuration conf: {index: 0, cur=peers:[omNode-1|localhost:15015]|listeners:[], old=null}
2024-09-18 12:54:54,480 [grpc-default-executor-1] INFO  ratis.OzoneManagerStateMachine (OzoneManagerStateMachine.java:notifyConfigurationChanged(216)) - Received Configuration change notification from Ratis. New Peer list:
[id: "omNode-1"
address: "localhost:15015"
startupRole: FOLLOWER
]
2024-09-18 12:54:54,480 [grpc-default-executor-1] INFO  impl.SnapshotInstallationHandler (SnapshotInstallationHandler.java:installSnapshot(103)) - omNode-bootstrap-2@group-0AAC5367B30E: reply installSnapshot: omNode-1<-omNode-bootstrap-2#0:FAIL-t1,IN_PROGRESS,snapshotIndex=0
2024-09-18 12:54:54,480 [grpc-default-executor-1] INFO  server.GrpcServerProtocolService (GrpcServerProtocolService.java:onCompleted(157)) - omNode-bootstrap-2: Completed INSTALL_SNAPSHOT, lastRequest: omNode-1->omNode-bootstrap-2#0-t1,notify:(t:1, i:0)
2024-09-18 12:54:54,480 [grpc-default-executor-1] INFO  server.GrpcServerProtocolService (GrpcServerProtocolService.java:lambda$onCompleted$5(159)) - omNode-bootstrap-2: Completed INSTALL_SNAPSHOT, lastReply: null
2024-09-18 12:54:54,480 [grpc-default-executor-0] INFO  server.GrpcLogAppender (GrpcLogAppender.java:onNext(649)) - omNode-1@group-0AAC5367B30E->omNode-bootstrap-2-InstallSnapshotResponseHandler: received a reply omNode-1<-omNode-bootstrap-2#0:FAIL-t1,IN_PROGRESS,snapshotIndex=0
2024-09-18 12:54:54,480 [grpc-default-executor-0] INFO  server.GrpcLogAppender (GrpcLogAppender.java:onNext(665)) - omNode-1@group-0AAC5367B30E->omNode-bootstrap-2-InstallSnapshotResponseHandler: InstallSnapshot in progress.
2024-09-18 12:54:54,481 [omNode-1@group-0AAC5367B30E->omNode-bootstrap-2-GrpcLogAppender-LogAppenderDaemon] INFO  server.GrpcLogAppender (GrpcLogAppender.java:notifyInstallSnapshot(790)) - omNode-1@group-0AAC5367B30E->omNode-bootstrap-2-GrpcLogAppender: notifyInstallSnapshot with firstAvailable=(t:1, i:0), followerNextIndex=0
2024-09-18 12:54:54,481 [omNode-1@group-0AAC5367B30E->omNode-bootstrap-2-GrpcLogAppender-LogAppenderDaemon] INFO  server.GrpcLogAppender (GrpcLogAppender.java:notifyInstallSnapshot(798)) - omNode-1@group-0AAC5367B30E->omNode-bootstrap-2-GrpcLogAppender: send omNode-1->omNode-bootstrap-2#0-t1,notify:(t:1, i:0)
2024-09-18 12:54:54,482 [grpc-default-executor-3] INFO  impl.SnapshotInstallationHandler (SnapshotInstallationHandler.java:installSnapshot(92)) - omNode-bootstrap-2@group-0AAC5367B30E: receive installSnapshot: omNode-1->omNode-bootstrap-2#0-t1,notify:(t:1, i:0)
2024-09-18 12:54:54,482 [grpc-default-executor-3] INFO  impl.SnapshotInstallationHandler (SnapshotInstallationHandler.java:installSnapshotImpl(138)) - omNode-bootstrap-2@group-0AAC5367B30E: set new configuration configurationEntry {
  peers {
    id: "omNode-1"
    address: "localhost:15015"
    startupRole: FOLLOWER
  }
}
 from snapshot
2024-09-18 12:54:54,482 [grpc-default-executor-3] INFO  server.RaftServer$Division (ServerState.java:setRaftConf(386)) - omNode-bootstrap-2@group-0AAC5367B30E: set configuration conf: {index: 0, cur=peers:[omNode-1|localhost:15015]|listeners:[], old=null}
2024-09-18 12:54:54,482 [omNode-bootstrap-2-server-thread1] INFO  server.RaftServer$Division (RaftServerImpl.java:checkInconsistentAppendEntries(1629)) - omNode-bootstrap-2@group-0AAC5367B30E: Failed appendEntries as snapshot (0) installation is in progress
2024-09-18 12:54:54,482 [omNode-bootstrap-2-server-thread1] INFO  server.RaftServer$Division (RaftServerImpl.java:appendEntriesAsync(1584)) - omNode-bootstrap-2@group-0AAC5367B30E: appendEntries* reply omNode-1<-omNode-bootstrap-2#265:FAIL-t1,INCONSISTENCY,nextIndex=0,followerCommit=-1,matchIndex=-1
2024-09-18 12:54:54,483 [grpc-default-executor-1] WARN  server.GrpcLogAppender (GrpcLogAppender.java:onNextImpl(519)) - omNode-1@group-0AAC5367B30E->omNode-bootstrap-2-AppendLogResponseHandler: received INCONSISTENCY reply with nextIndex 0, errorCount=1, request=AppendEntriesRequest:cid=265,entriesCount=0
2024-09-18 12:54:54,483 [grpc-default-executor-3] INFO  ratis.OzoneManagerStateMachine (OzoneManagerStateMachine.java:notifyConfigurationChanged(216)) - Received Configuration change notification from Ratis. New Peer list:
[id: "omNode-1"
address: "localhost:15015"
startupRole: FOLLOWER
]
2024-09-18 12:54:54,483 [grpc-default-executor-3] INFO  impl.SnapshotInstallationHandler (SnapshotInstallationHandler.java:installSnapshot(103)) - omNode-bootstrap-2@group-0AAC5367B30E: reply installSnapshot: omNode-1<-omNode-bootstrap-2#0:FAIL-t1,IN_PROGRESS,snapshotIndex=0
2024-09-18 12:54:54,484 [grpc-default-executor-3] INFO  server.GrpcServerProtocolService (GrpcServerProtocolService.java:onCompleted(157)) - omNode-bootstrap-2: Completed INSTALL_SNAPSHOT, lastRequest: omNode-1->omNode-bootstrap-2#0-t1,notify:(t:1, i:0)
2024-09-18 12:54:54,484 [grpc-default-executor-3] INFO  server.GrpcServerProtocolService (GrpcServerProtocolService.java:lambda$onCompleted$5(159)) - omNode-bootstrap-2: Completed INSTALL_SNAPSHOT, lastReply: null
2024-09-18 12:54:54,484 [grpc-default-executor-1] INFO  server.GrpcLogAppender (GrpcLogAppender.java:onNext(649)) - omNode-1@group-0AAC5367B30E->omNode-bootstrap-2-InstallSnapshotResponseHandler: received a reply omNode-1<-omNode-bootstrap-2#0:FAIL-t1,IN_PROGRESS,snapshotIndex=0
2024-09-18 12:54:54,484 [grpc-default-executor-1] INFO  server.GrpcLogAppender (GrpcLogAppender.java:onNext(665)) - omNode-1@group-0AAC5367B30E->omNode-bootstrap-2-InstallSnapshotResponseHandler: InstallSnapshot in progress.
2024-09-18 12:54:54,484 [omNode-1@group-0AAC5367B30E->omNode-bootstrap-2-GrpcLogAppender-LogAppenderDaemon] INFO  server.GrpcLogAppender (GrpcLogAppender.java:notifyInstallSnapshot(790)) - omNode-1@group-0AAC5367B30E->omNode-bootstrap-2-GrpcLogAppender: notifyInstallSnapshot with firstAvailable=(t:1, i:0), followerNextIndex=0
2024-09-18 12:54:54,485 [omNode-1@group-0AAC5367B30E->omNode-bootstrap-2-GrpcLogAppender-LogAppenderDaemon] INFO  server.GrpcLogAppender (GrpcLogAppender.java:notifyInstallSnapshot(798)) - omNode-1@group-0AAC5367B30E->omNode-bootstrap-2-GrpcLogAppender: send omNode-1->omNode-bootstrap-2#0-t1,notify:(t:1, i:0)
2024-09-18 12:54:54,485 [omNode-bootstrap-2-server-thread1] INFO  server.RaftServer$Division (RaftServerImpl.java:checkInconsistentAppendEntries(1629)) - omNode-bootstrap-2@group-0AAC5367B30E: Failed appendEntries as snapshot (0) installation is in progress
2024-09-18 12:54:54,485 [omNode-bootstrap-2-server-thread1] INFO  server.RaftServer$Division (RaftServerImpl.java:appendEntriesAsync(1584)) - omNode-bootstrap-2@group-0AAC5367B30E: appendEntries* reply omNode-1<-omNode-bootstrap-2#266:FAIL-t1,INCONSISTENCY,nextIndex=0,followerCommit=-1,matchIndex=-1
2024-09-18 12:54:54,486 [grpc-default-executor-0] INFO  impl.SnapshotInstallationHandler (SnapshotInstallationHandler.java:installSnapshot(92)) - omNode-bootstrap-2@group-0AAC5367B30E: receive installSnapshot: omNode-1->omNode-bootstrap-2#0-t1,notify:(t:1, i:0)
2024-09-18 12:54:54,486 [grpc-default-executor-1] WARN  server.GrpcLogAppender (GrpcLogAppender.java:onNextImpl(519)) - omNode-1@group-0AAC5367B30E->omNode-bootstrap-2-AppendLogResponseHandler: received INCONSISTENCY reply with nextIndex 0, errorCount=1, request=AppendEntriesRequest:cid=266,entriesCount=0
2024-09-18 12:54:54,486 [grpc-default-executor-0] INFO  impl.SnapshotInstallationHandler (SnapshotInstallationHandler.java:installSnapshotImpl(138)) - omNode-bootstrap-2@group-0AAC5367B30E: set new configuration configurationEntry {
  peers {
    id: "omNode-1"
    address: "localhost:15015"
    startupRole: FOLLOWER
  }
}
 from snapshot
2024-09-18 12:54:54,486 [grpc-default-executor-0] INFO  server.RaftServer$Division (ServerState.java:setRaftConf(386)) - omNode-bootstrap-2@group-0AAC5367B30E: set configuration conf: {index: 0, cur=peers:[omNode-1|localhost:15015]|listeners:[], old=null}
2024-09-18 12:54:54,488 [grpc-default-executor-0] INFO  ratis.OzoneManagerStateMachine (OzoneManagerStateMachine.java:notifyConfigurationChanged(216)) - Received Configuration change notification from Ratis. New Peer list:
[id: "omNode-1"
address: "localhost:15015"
startupRole: FOLLOWER
]
2024-09-18 12:54:54,488 [grpc-default-executor-0] INFO  impl.SnapshotInstallationHandler (SnapshotInstallationHandler.java:installSnapshot(103)) - omNode-bootstrap-2@group-0AAC5367B30E: reply installSnapshot: omNode-1<-omNode-bootstrap-2#0:FAIL-t1,IN_PROGRESS,snapshotIndex=0
2024-09-18 12:54:54,488 [grpc-default-executor-0] INFO  server.GrpcServerProtocolService (GrpcServerProtocolService.java:onCompleted(157)) - omNode-bootstrap-2: Completed INSTALL_SNAPSHOT, lastRequest: omNode-1->omNode-bootstrap-2#0-t1,notify:(t:1, i:0)
2024-09-18 12:54:54,488 [grpc-default-executor-0] INFO  server.GrpcServerProtocolService (GrpcServerProtocolService.java:lambda$onCompleted$5(159)) - omNode-bootstrap-2: Completed INSTALL_SNAPSHOT, lastReply: null
2024-09-18 12:54:54,489 [grpc-default-executor-1] INFO  server.GrpcLogAppender (GrpcLogAppender.java:onNext(649)) - omNode-1@group-0AAC5367B30E->omNode-bootstrap-2-InstallSnapshotResponseHandler: received a reply omNode-1<-omNode-bootstrap-2#0:FAIL-t1,IN_PROGRESS,snapshotIndex=0
2024-09-18 12:54:54,489 [grpc-default-executor-1] INFO  server.GrpcLogAppender (GrpcLogAppender.java:onNext(665)) - omNode-1@group-0AAC5367B30E->omNode-bootstrap-2-InstallSnapshotResponseHandler: InstallSnapshot in progress.
2024-09-18 12:54:54,489 [omNode-1@group-0AAC5367B30E->omNode-bootstrap-2-GrpcLogAppender-LogAppenderDaemon] INFO  server.GrpcLogAppender (GrpcLogAppender.java:notifyInstallSnapshot(790)) - omNode-1@group-0AAC5367B30E->omNode-bootstrap-2-GrpcLogAppender: notifyInstallSnapshot with firstAvailable=(t:1, i:0), followerNextIndex=0
2024-09-18 12:54:54,489 [omNode-1@group-0AAC5367B30E->omNode-bootstrap-2-GrpcLogAppender-LogAppenderDaemon] INFO  server.GrpcLogAppender (GrpcLogAppender.java:notifyInstallSnapshot(798)) - omNode-1@group-0AAC5367B30E->omNode-bootstrap-2-GrpcLogAppender: send omNode-1->omNode-bootstrap-2#0-t1,notify:(t:1, i:0)
2024-09-18 12:54:54,490 [omNode-bootstrap-2-server-thread1] INFO  server.RaftServer$Division (RaftServerImpl.java:checkInconsistentAppendEntries(1629)) - omNode-bootstrap-2@group-0AAC5367B30E: Failed appendEntries as snapshot (0) installation is in progress
2024-09-18 12:54:54,490 [omNode-bootstrap-2-server-thread1] INFO  server.RaftServer$Division (RaftServerImpl.java:appendEntriesAsync(1584)) - omNode-bootstrap-2@group-0AAC5367B30E: appendEntries* reply omNode-1<-omNode-bootstrap-2#267:FAIL-t1,INCONSISTENCY,nextIndex=0,followerCommit=-1,matchIndex=-1
2024-09-18 12:54:54,490 [grpc-default-executor-0] INFO  impl.SnapshotInstallationHandler (SnapshotInstallationHandler.java:installSnapshot(92)) - omNode-bootstrap-2@group-0AAC5367B30E: receive installSnapshot: omNode-1->omNode-bootstrap-2#0-t1,notify:(t:1, i:0)
2024-09-18 12:54:54,490 [grpc-default-executor-1] WARN  server.GrpcLogAppender (GrpcLogAppender.java:onNextImpl(519)) - omNode-1@group-0AAC5367B30E->omNode-bootstrap-2-AppendLogResponseHandler: received INCONSISTENCY reply with nextIndex 0, errorCount=1, request=AppendEntriesRequest:cid=267,entriesCount=0
2024-09-18 12:54:54,490 [grpc-default-executor-0] INFO  impl.SnapshotInstallationHandler (SnapshotInstallationHandler.java:installSnapshotImpl(138)) - omNode-bootstrap-2@group-0AAC5367B30E: set new configuration configurationEntry {
  peers {
    id: "omNode-1"
    address: "localhost:15015"
    startupRole: FOLLOWER
  }
}
 from snapshot
2024-09-18 12:54:54,491 [grpc-default-executor-0] INFO  server.RaftServer$Division (ServerState.java:setRaftConf(386)) - omNode-bootstrap-2@group-0AAC5367B30E: set configuration conf: {index: 0, cur=peers:[omNode-1|localhost:15015]|listeners:[], old=null}
2024-09-18 12:54:54,492 [grpc-default-executor-0] INFO  ratis.OzoneManagerStateMachine (OzoneManagerStateMachine.java:notifyConfigurationChanged(216)) - Received Configuration change notification from Ratis. New Peer list:
[id: "omNode-1"
address: "localhost:15015"
startupRole: FOLLOWER
]
2024-09-18 12:54:54,492 [grpc-default-executor-0] INFO  impl.SnapshotInstallationHandler (SnapshotInstallationHandler.java:installSnapshot(103)) - omNode-bootstrap-2@group-0AAC5367B30E: reply installSnapshot: omNode-1<-omNode-bootstrap-2#0:FAIL-t1,IN_PROGRESS,snapshotIndex=0
2024-09-18 12:54:54,492 [grpc-default-executor-0] INFO  server.GrpcServerProtocolService (GrpcServerProtocolService.java:onCompleted(157)) - omNode-bootstrap-2: Completed INSTALL_SNAPSHOT, lastRequest: omNode-1->omNode-bootstrap-2#0-t1,notify:(t:1, i:0)
2024-09-18 12:54:54,492 [grpc-default-executor-0] INFO  server.GrpcServerProtocolService (GrpcServerProtocolService.java:lambda$onCompleted$5(159)) - omNode-bootstrap-2: Completed INSTALL_SNAPSHOT, lastReply: null
2024-09-18 12:54:54,493 [grpc-default-executor-1] INFO  server.GrpcLogAppender (GrpcLogAppender.java:onNext(649)) - omNode-1@group-0AAC5367B30E->omNode-bootstrap-2-InstallSnapshotResponseHandler: received a reply omNode-1<-omNode-bootstrap-2#0:FAIL-t1,IN_PROGRESS,snapshotIndex=0
2024-09-18 12:54:54,493 [grpc-default-executor-1] INFO  server.GrpcLogAppender (GrpcLogAppender.java:onNext(665)) - omNode-1@group-0AAC5367B30E->omNode-bootstrap-2-InstallSnapshotResponseHandler: InstallSnapshot in progress.
2024-09-18 12:54:54,493 [omNode-bootstrap-2-server-thread1] INFO  server.RaftServer$Division (RaftServerImpl.java:checkInconsistentAppendEntries(1629)) - omNode-bootstrap-2@group-0AAC5367B30E: Failed appendEntries as snapshot (0) installation is in progress
2024-09-18 12:54:54,493 [omNode-bootstrap-2-server-thread1] INFO  server.RaftServer$Division (RaftServerImpl.java:appendEntriesAsync(1584)) - omNode-bootstrap-2@group-0AAC5367B30E: appendEntries* reply omNode-1<-omNode-bootstrap-2#268:FAIL-t1,INCONSISTENCY,nextIndex=0,followerCommit=-1,matchIndex=-1
2024-09-18 12:54:54,494 [grpc-default-executor-1] WARN  server.GrpcLogAppender (GrpcLogAppender.java:onNextImpl(519)) - omNode-1@group-0AAC5367B30E->omNode-bootstrap-2-AppendLogResponseHandler: received INCONSISTENCY reply with nextIndex 0, errorCount=1, request=AppendEntriesRequest:cid=268,entriesCount=0
2024-09-18 12:54:54,494 [omNode-1@group-0AAC5367B30E->omNode-bootstrap-2-GrpcLogAppender-LogAppenderDaemon] INFO  server.GrpcLogAppender (GrpcLogAppender.java:notifyInstallSnapshot(790)) - omNode-1@group-0AAC5367B30E->omNode-bootstrap-2-GrpcLogAppender: notifyInstallSnapshot with firstAvailable=(t:1, i:0), followerNextIndex=0
2024-09-18 12:54:54,494 [omNode-1@group-0AAC5367B30E->omNode-bootstrap-2-GrpcLogAppender-LogAppenderDaemon] INFO  server.GrpcLogAppender (GrpcLogAppender.java:notifyInstallSnapshot(798)) - omNode-1@group-0AAC5367B30E->omNode-bootstrap-2-GrpcLogAppender: send omNode-1->omNode-bootstrap-2#0-t1,notify:(t:1, i:0)
2024-09-18 12:54:54,496 [grpc-default-executor-0] INFO  impl.SnapshotInstallationHandler (SnapshotInstallationHandler.java:installSnapshot(92)) - omNode-bootstrap-2@group-0AAC5367B30E: receive installSnapshot: omNode-1->omNode-bootstrap-2#0-t1,notify:(t:1, i:0)
2024-09-18 12:54:54,496 [grpc-default-executor-0] INFO  impl.SnapshotInstallationHandler (SnapshotInstallationHandler.java:installSnapshotImpl(138)) - omNode-bootstrap-2@group-0AAC5367B30E: set new configuration configurationEntry {
  peers {
    id: "omNode-1"
    address: "localhost:15015"
    startupRole: FOLLOWER
  }
}
 from snapshot
2024-09-18 12:54:54,496 [grpc-default-executor-0] INFO  server.RaftServer$Division (ServerState.java:setRaftConf(386)) - omNode-bootstrap-2@group-0AAC5367B30E: set configuration conf: {index: 0, cur=peers:[omNode-1|localhost:15015]|listeners:[], old=null}
2024-09-18 12:54:54,497 [grpc-default-executor-0] INFO  ratis.OzoneManagerStateMachine (OzoneManagerStateMachine.java:notifyConfigurationChanged(216)) - Received Configuration change notification from Ratis. New Peer list:
[id: "omNode-1"
address: "localhost:15015"
startupRole: FOLLOWER
]
2024-09-18 12:54:54,497 [grpc-default-executor-0] INFO  impl.SnapshotInstallationHandler (SnapshotInstallationHandler.java:installSnapshot(103)) - omNode-bootstrap-2@group-0AAC5367B30E: reply installSnapshot: omNode-1<-omNode-bootstrap-2#0:FAIL-t1,IN_PROGRESS,snapshotIndex=0
2024-09-18 12:54:54,497 [grpc-default-executor-0] INFO  server.GrpcServerProtocolService (GrpcServerProtocolService.java:onCompleted(157)) - omNode-bootstrap-2: Completed INSTALL_SNAPSHOT, lastRequest: omNode-1->omNode-bootstrap-2#0-t1,notify:(t:1, i:0)
2024-09-18 12:54:54,497 [grpc-default-executor-0] INFO  server.GrpcServerProtocolService (GrpcServerProtocolService.java:lambda$onCompleted$5(159)) - omNode-bootstrap-2: Completed INSTALL_SNAPSHOT, lastReply: null
2024-09-18 12:54:54,498 [grpc-default-executor-1] INFO  server.GrpcLogAppender (GrpcLogAppender.java:onNext(649)) - omNode-1@group-0AAC5367B30E->omNode-bootstrap-2-InstallSnapshotResponseHandler: received a reply omNode-1<-omNode-bootstrap-2#0:FAIL-t1,IN_PROGRESS,snapshotIndex=0
2024-09-18 12:54:54,498 [grpc-default-executor-1] INFO  server.GrpcLogAppender (GrpcLogAppender.java:onNext(665)) - omNode-1@group-0AAC5367B30E->omNode-bootstrap-2-InstallSnapshotResponseHandler: InstallSnapshot in progress.
2024-09-18 12:54:54,498 [omNode-1@group-0AAC5367B30E->omNode-bootstrap-2-GrpcLogAppender-LogAppenderDaemon] INFO  server.GrpcLogAppender (GrpcLogAppender.java:notifyInstallSnapshot(790)) - omNode-1@group-0AAC5367B30E->omNode-bootstrap-2-GrpcLogAppender: notifyInstallSnapshot with firstAvailable=(t:1, i:0), followerNextIndex=0
2024-09-18 12:54:54,498 [omNode-1@group-0AAC5367B30E->omNode-bootstrap-2-GrpcLogAppender-LogAppenderDaemon] INFO  server.GrpcLogAppender (GrpcLogAppender.java:notifyInstallSnapshot(798)) - omNode-1@group-0AAC5367B30E->omNode-bootstrap-2-GrpcLogAppender: send omNode-1->omNode-bootstrap-2#0-t1,notify:(t:1, i:0)
2024-09-18 12:54:54,499 [grpc-default-executor-3] INFO  impl.SnapshotInstallationHandler (SnapshotInstallationHandler.java:installSnapshot(92)) - omNode-bootstrap-2@group-0AAC5367B30E: receive installSnapshot: omNode-1->omNode-bootstrap-2#0-t1,notify:(t:1, i:0)
2024-09-18 12:54:54,500 [grpc-default-executor-3] INFO  impl.SnapshotInstallationHandler (SnapshotInstallationHandler.java:installSnapshotImpl(138)) - omNode-bootstrap-2@group-0AAC5367B30E: set new configuration configurationEntry {
  peers {
    id: "omNode-1"
    address: "localhost:15015"
    startupRole: FOLLOWER
  }
}
 from snapshot
2024-09-18 12:54:54,500 [grpc-default-executor-3] INFO  server.RaftServer$Division (ServerState.java:setRaftConf(386)) - omNode-bootstrap-2@group-0AAC5367B30E: set configuration conf: {index: 0, cur=peers:[omNode-1|localhost:15015]|listeners:[], old=null}
2024-09-18 12:54:54,500 [omNode-bootstrap-2-server-thread1] INFO  server.RaftServer$Division (RaftServerImpl.java:checkInconsistentAppendEntries(1629)) - omNode-bootstrap-2@group-0AAC5367B30E: Failed appendEntries as snapshot (0) installation is in progress
2024-09-18 12:54:54,500 [omNode-bootstrap-2-server-thread1] INFO  server.RaftServer$Division (RaftServerImpl.java:appendEntriesAsync(1584)) - omNode-bootstrap-2@group-0AAC5367B30E: appendEntries* reply omNode-1<-omNode-bootstrap-2#269:FAIL-t1,INCONSISTENCY,nextIndex=0,followerCommit=-1,matchIndex=-1
2024-09-18 12:54:54,501 [grpc-default-executor-1] WARN  server.GrpcLogAppender (GrpcLogAppender.java:onNextImpl(519)) - omNode-1@group-0AAC5367B30E->omNode-bootstrap-2-AppendLogResponseHandler: received INCONSISTENCY reply with nextIndex 0, errorCount=1, request=AppendEntriesRequest:cid=269,entriesCount=0
2024-09-18 12:54:54,501 [grpc-default-executor-3] INFO  ratis.OzoneManagerStateMachine (OzoneManagerStateMachine.java:notifyConfigurationChanged(216)) - Received Configuration change notification from Ratis. New Peer list:
[id: "omNode-1"
address: "localhost:15015"
startupRole: FOLLOWER
]
2024-09-18 12:54:54,501 [grpc-default-executor-3] INFO  impl.SnapshotInstallationHandler (SnapshotInstallationHandler.java:installSnapshot(103)) - omNode-bootstrap-2@group-0AAC5367B30E: reply installSnapshot: omNode-1<-omNode-bootstrap-2#0:FAIL-t1,IN_PROGRESS,snapshotIndex=0
2024-09-18 12:54:54,502 [grpc-default-executor-3] INFO  server.GrpcServerProtocolService (GrpcServerProtocolService.java:onCompleted(157)) - omNode-bootstrap-2: Completed INSTALL_SNAPSHOT, lastRequest: omNode-1->omNode-bootstrap-2#0-t1,notify:(t:1, i:0)
2024-09-18 12:54:54,502 [grpc-default-executor-3] INFO  server.GrpcServerProtocolService (GrpcServerProtocolService.java:lambda$onCompleted$5(159)) - omNode-bootstrap-2: Completed INSTALL_SNAPSHOT, lastReply: null
2024-09-18 12:54:54,502 [grpc-default-executor-3] INFO  server.GrpcLogAppender (GrpcLogAppender.java:onNext(649)) - omNode-1@group-0AAC5367B30E->omNode-bootstrap-2-InstallSnapshotResponseHandler: received a reply omNode-1<-omNode-bootstrap-2#0:FAIL-t1,IN_PROGRESS,snapshotIndex=0
2024-09-18 12:54:54,502 [grpc-default-executor-3] INFO  server.GrpcLogAppender (GrpcLogAppender.java:onNext(665)) - omNode-1@group-0AAC5367B30E->omNode-bootstrap-2-InstallSnapshotResponseHandler: InstallSnapshot in progress.
2024-09-18 12:54:54,503 [omNode-bootstrap-2-server-thread1] INFO  server.RaftServer$Division (RaftServerImpl.java:checkInconsistentAppendEntries(1629)) - omNode-bootstrap-2@group-0AAC5367B30E: Failed appendEntries as snapshot (0) installation is in progress
2024-09-18 12:54:54,503 [omNode-bootstrap-2-server-thread1] INFO  server.RaftServer$Division (RaftServerImpl.java:appendEntriesAsync(1584)) - omNode-bootstrap-2@group-0AAC5367B30E: appendEntries* reply omNode-1<-omNode-bootstrap-2#270:FAIL-t1,INCONSISTENCY,nextIndex=0,followerCommit=-1,matchIndex=-1
2024-09-18 12:54:54,503 [grpc-default-executor-3] WARN  server.GrpcLogAppender (GrpcLogAppender.java:onNextImpl(519)) - omNode-1@group-0AAC5367B30E->omNode-bootstrap-2-AppendLogResponseHandler: received INCONSISTENCY reply with nextIndex 0, errorCount=1, request=AppendEntriesRequest:cid=270,entriesCount=0
2024-09-18 12:54:54,503 [omNode-1@group-0AAC5367B30E->omNode-bootstrap-2-GrpcLogAppender-LogAppenderDaemon] INFO  server.GrpcLogAppender (GrpcLogAppender.java:notifyInstallSnapshot(790)) - omNode-1@group-0AAC5367B30E->omNode-bootstrap-2-GrpcLogAppender: notifyInstallSnapshot with firstAvailable=(t:1, i:0), followerNextIndex=0
2024-09-18 12:54:54,503 [omNode-1@group-0AAC5367B30E->omNode-bootstrap-2-GrpcLogAppender-LogAppenderDaemon] INFO  server.GrpcLogAppender (GrpcLogAppender.java:notifyInstallSnapshot(798)) - omNode-1@group-0AAC5367B30E->omNode-bootstrap-2-GrpcLogAppender: send omNode-1->omNode-bootstrap-2#0-t1,notify:(t:1, i:0)
2024-09-18 12:54:54,504 [grpc-default-executor-0] INFO  impl.SnapshotInstallationHandler (SnapshotInstallationHandler.java:installSnapshot(92)) - omNode-bootstrap-2@group-0AAC5367B30E: receive installSnapshot: omNode-1->omNode-bootstrap-2#0-t1,notify:(t:1, i:0)
2024-09-18 12:54:54,504 [grpc-default-executor-0] INFO  impl.SnapshotInstallationHandler (SnapshotInstallationHandler.java:installSnapshotImpl(138)) - omNode-bootstrap-2@group-0AAC5367B30E: set new configuration configurationEntry {
  peers {
    id: "omNode-1"
    address: "localhost:15015"
    startupRole: FOLLOWER
  }
}
 from snapshot
2024-09-18 12:54:54,504 [grpc-default-executor-0] INFO  server.RaftServer$Division (ServerState.java:setRaftConf(386)) - omNode-bootstrap-2@group-0AAC5367B30E: set configuration conf: {index: 0, cur=peers:[omNode-1|localhost:15015]|listeners:[], old=null}
2024-09-18 12:54:54,506 [grpc-default-executor-0] INFO  ratis.OzoneManagerStateMachine (OzoneManagerStateMachine.java:notifyConfigurationChanged(216)) - Received Configuration change notification from Ratis. New Peer list:
[id: "omNode-1"
address: "localhost:15015"
startupRole: FOLLOWER
]
2024-09-18 12:54:54,506 [grpc-default-executor-0] INFO  impl.SnapshotInstallationHandler (SnapshotInstallationHandler.java:installSnapshot(103)) - omNode-bootstrap-2@group-0AAC5367B30E: reply installSnapshot: omNode-1<-omNode-bootstrap-2#0:FAIL-t1,IN_PROGRESS,snapshotIndex=0
2024-09-18 12:54:54,506 [grpc-default-executor-0] INFO  server.GrpcServerProtocolService (GrpcServerProtocolService.java:onCompleted(157)) - omNode-bootstrap-2: Completed INSTALL_SNAPSHOT, lastRequest: omNode-1->omNode-bootstrap-2#0-t1,notify:(t:1, i:0)
2024-09-18 12:54:54,506 [grpc-default-executor-0] INFO  server.GrpcServerProtocolService (GrpcServerProtocolService.java:lambda$onCompleted$5(159)) - omNode-bootstrap-2: Completed INSTALL_SNAPSHOT, lastReply: null
2024-09-18 12:54:54,506 [grpc-default-executor-3] INFO  server.GrpcLogAppender (GrpcLogAppender.java:onNext(649)) - omNode-1@group-0AAC5367B30E->omNode-bootstrap-2-InstallSnapshotResponseHandler: received a reply omNode-1<-omNode-bootstrap-2#0:FAIL-t1,IN_PROGRESS,snapshotIndex=0
2024-09-18 12:54:54,506 [grpc-default-executor-3] INFO  server.GrpcLogAppender (GrpcLogAppender.java:onNext(665)) - omNode-1@group-0AAC5367B30E->omNode-bootstrap-2-InstallSnapshotResponseHandler: InstallSnapshot in progress.
2024-09-18 12:54:54,507 [omNode-bootstrap-2-server-thread1] INFO  server.RaftServer$Division (RaftServerImpl.java:checkInconsistentAppendEntries(1629)) - omNode-bootstrap-2@group-0AAC5367B30E: Failed appendEntries as snapshot (0) installation is in progress
2024-09-18 12:54:54,507 [omNode-bootstrap-2-server-thread1] INFO  server.RaftServer$Division (RaftServerImpl.java:appendEntriesAsync(1584)) - omNode-bootstrap-2@group-0AAC5367B30E: appendEntries* reply omNode-1<-omNode-bootstrap-2#271:FAIL-t1,INCONSISTENCY,nextIndex=0,followerCommit=-1,matchIndex=-1
2024-09-18 12:54:54,507 [grpc-default-executor-3] WARN  server.GrpcLogAppender (GrpcLogAppender.java:onNextImpl(519)) - omNode-1@group-0AAC5367B30E->omNode-bootstrap-2-AppendLogResponseHandler: received INCONSISTENCY reply with nextIndex 0, errorCount=1, request=AppendEntriesRequest:cid=271,entriesCount=0
2024-09-18 12:54:54,507 [omNode-1@group-0AAC5367B30E->omNode-bootstrap-2-GrpcLogAppender-LogAppenderDaemon] INFO  server.GrpcLogAppender (GrpcLogAppender.java:notifyInstallSnapshot(790)) - omNode-1@group-0AAC5367B30E->omNode-bootstrap-2-GrpcLogAppender: notifyInstallSnapshot with firstAvailable=(t:1, i:0), followerNextIndex=0
2024-09-18 12:54:54,508 [omNode-1@group-0AAC5367B30E->omNode-bootstrap-2-GrpcLogAppender-LogAppenderDaemon] INFO  server.GrpcLogAppender (GrpcLogAppender.java:notifyInstallSnapshot(798)) - omNode-1@group-0AAC5367B30E->omNode-bootstrap-2-GrpcLogAppender: send omNode-1->omNode-bootstrap-2#0-t1,notify:(t:1, i:0)
2024-09-18 12:54:54,508 [grpc-default-executor-1] INFO  impl.SnapshotInstallationHandler (SnapshotInstallationHandler.java:installSnapshot(92)) - omNode-bootstrap-2@group-0AAC5367B30E: receive installSnapshot: omNode-1->omNode-bootstrap-2#0-t1,notify:(t:1, i:0)
2024-09-18 12:54:54,508 [grpc-default-executor-1] INFO  impl.SnapshotInstallationHandler (SnapshotInstallationHandler.java:installSnapshotImpl(138)) - omNode-bootstrap-2@group-0AAC5367B30E: set new configuration configurationEntry {
  peers {
    id: "omNode-1"
    address: "localhost:15015"
    startupRole: FOLLOWER
  }
}
 from snapshot
2024-09-18 12:54:54,509 [grpc-default-executor-1] INFO  server.RaftServer$Division (ServerState.java:setRaftConf(386)) - omNode-bootstrap-2@group-0AAC5367B30E: set configuration conf: {index: 0, cur=peers:[omNode-1|localhost:15015]|listeners:[], old=null}
2024-09-18 12:54:54,510 [grpc-default-executor-1] INFO  ratis.OzoneManagerStateMachine (OzoneManagerStateMachine.java:notifyConfigurationChanged(216)) - Received Configuration change notification from Ratis. New Peer list:
[id: "omNode-1"
address: "localhost:15015"
startupRole: FOLLOWER
]
2024-09-18 12:54:54,510 [grpc-default-executor-1] INFO  impl.SnapshotInstallationHandler (SnapshotInstallationHandler.java:installSnapshot(103)) - omNode-bootstrap-2@group-0AAC5367B30E: reply installSnapshot: omNode-1<-omNode-bootstrap-2#0:FAIL-t1,IN_PROGRESS,snapshotIndex=0
2024-09-18 12:54:54,517 [grpc-default-executor-1] INFO  server.GrpcServerProtocolService (GrpcServerProtocolService.java:onCompleted(157)) - omNode-bootstrap-2: Completed INSTALL_SNAPSHOT, lastRequest: omNode-1->omNode-bootstrap-2#0-t1,notify:(t:1, i:0)
2024-09-18 12:54:54,517 [grpc-default-executor-1] INFO  server.GrpcServerProtocolService (GrpcServerProtocolService.java:lambda$onCompleted$5(159)) - omNode-bootstrap-2: Completed INSTALL_SNAPSHOT, lastReply: null
2024-09-18 12:54:54,518 [grpc-default-executor-1] INFO  server.GrpcLogAppender (GrpcLogAppender.java:onNext(649)) - omNode-1@group-0AAC5367B30E->omNode-bootstrap-2-InstallSnapshotResponseHandler: received a reply omNode-1<-omNode-bootstrap-2#0:FAIL-t1,IN_PROGRESS,snapshotIndex=0
2024-09-18 12:54:54,518 [grpc-default-executor-1] INFO  server.GrpcLogAppender (GrpcLogAppender.java:onNext(665)) - omNode-1@group-0AAC5367B30E->omNode-bootstrap-2-InstallSnapshotResponseHandler: InstallSnapshot in progress.
2024-09-18 12:54:54,519 [omNode-1@group-0AAC5367B30E->omNode-bootstrap-2-GrpcLogAppender-LogAppenderDaemon] INFO  server.GrpcLogAppender (GrpcLogAppender.java:notifyInstallSnapshot(790)) - omNode-1@group-0AAC5367B30E->omNode-bootstrap-2-GrpcLogAppender: notifyInstallSnapshot with firstAvailable=(t:1, i:0), followerNextIndex=0
2024-09-18 12:54:54,519 [omNode-1@group-0AAC5367B30E->omNode-bootstrap-2-GrpcLogAppender-LogAppenderDaemon] INFO  server.GrpcLogAppender (GrpcLogAppender.java:notifyInstallSnapshot(798)) - omNode-1@group-0AAC5367B30E->omNode-bootstrap-2-GrpcLogAppender: send omNode-1->omNode-bootstrap-2#0-t1,notify:(t:1, i:0)
2024-09-18 12:54:54,520 [omNode-bootstrap-2-server-thread1] INFO  server.RaftServer$Division (RaftServerImpl.java:checkInconsistentAppendEntries(1629)) - omNode-bootstrap-2@group-0AAC5367B30E: Failed appendEntries as snapshot (0) installation is in progress
2024-09-18 12:54:54,520 [omNode-bootstrap-2-server-thread1] INFO  server.RaftServer$Division (RaftServerImpl.java:appendEntriesAsync(1584)) - omNode-bootstrap-2@group-0AAC5367B30E: appendEntries* reply omNode-1<-omNode-bootstrap-2#272:FAIL-t1,INCONSISTENCY,nextIndex=0,followerCommit=-1,matchIndex=-1
2024-09-18 12:54:54,520 [grpc-default-executor-0] INFO  impl.SnapshotInstallationHandler (SnapshotInstallationHandler.java:installSnapshot(92)) - omNode-bootstrap-2@group-0AAC5367B30E: receive installSnapshot: omNode-1->omNode-bootstrap-2#0-t1,notify:(t:1, i:0)
2024-09-18 12:54:54,520 [grpc-default-executor-0] INFO  impl.SnapshotInstallationHandler (SnapshotInstallationHandler.java:installSnapshotImpl(138)) - omNode-bootstrap-2@group-0AAC5367B30E: set new configuration configurationEntry {
  peers {
    id: "omNode-1"
    address: "localhost:15015"
    startupRole: FOLLOWER
  }
}
 from snapshot
2024-09-18 12:54:54,521 [grpc-default-executor-0] INFO  server.RaftServer$Division (ServerState.java:setRaftConf(386)) - omNode-bootstrap-2@group-0AAC5367B30E: set configuration conf: {index: 0, cur=peers:[omNode-1|localhost:15015]|listeners:[], old=null}
2024-09-18 12:54:54,521 [grpc-default-executor-1] WARN  server.GrpcLogAppender (GrpcLogAppender.java:onNextImpl(519)) - omNode-1@group-0AAC5367B30E->omNode-bootstrap-2-AppendLogResponseHandler: received INCONSISTENCY reply with nextIndex 0, errorCount=1, request=AppendEntriesRequest:cid=272,entriesCount=0
2024-09-18 12:54:54,522 [grpc-default-executor-0] INFO  ratis.OzoneManagerStateMachine (OzoneManagerStateMachine.java:notifyConfigurationChanged(216)) - Received Configuration change notification from Ratis. New Peer list:
[id: "omNode-1"
address: "localhost:15015"
startupRole: FOLLOWER
]
2024-09-18 12:54:54,522 [grpc-default-executor-0] INFO  impl.SnapshotInstallationHandler (SnapshotInstallationHandler.java:installSnapshot(103)) - omNode-bootstrap-2@group-0AAC5367B30E: reply installSnapshot: omNode-1<-omNode-bootstrap-2#0:FAIL-t1,IN_PROGRESS,snapshotIndex=0
2024-09-18 12:54:54,522 [grpc-default-executor-0] INFO  server.GrpcServerProtocolService (GrpcServerProtocolService.java:onCompleted(157)) - omNode-bootstrap-2: Completed INSTALL_SNAPSHOT, lastRequest: omNode-1->omNode-bootstrap-2#0-t1,notify:(t:1, i:0)
2024-09-18 12:54:54,522 [grpc-default-executor-0] INFO  server.GrpcServerProtocolService (GrpcServerProtocolService.java:lambda$onCompleted$5(159)) - omNode-bootstrap-2: Completed INSTALL_SNAPSHOT, lastReply: null
2024-09-18 12:54:54,522 [grpc-default-executor-1] INFO  server.GrpcLogAppender (GrpcLogAppender.java:onNext(649)) - omNode-1@group-0AAC5367B30E->omNode-bootstrap-2-InstallSnapshotResponseHandler: received a reply omNode-1<-omNode-bootstrap-2#0:FAIL-t1,IN_PROGRESS,snapshotIndex=0
2024-09-18 12:54:54,522 [grpc-default-executor-1] INFO  server.GrpcLogAppender (GrpcLogAppender.java:onNext(665)) - omNode-1@group-0AAC5367B30E->omNode-bootstrap-2-InstallSnapshotResponseHandler: InstallSnapshot in progress.
2024-09-18 12:54:54,524 [omNode-1@group-0AAC5367B30E->omNode-bootstrap-2-GrpcLogAppender-LogAppenderDaemon] INFO  server.GrpcLogAppender (GrpcLogAppender.java:notifyInstallSnapshot(790)) - omNode-1@group-0AAC5367B30E->omNode-bootstrap-2-GrpcLogAppender: notifyInstallSnapshot with firstAvailable=(t:1, i:0), followerNextIndex=0
2024-09-18 12:54:54,524 [omNode-1@group-0AAC5367B30E->omNode-bootstrap-2-GrpcLogAppender-LogAppenderDaemon] INFO  server.GrpcLogAppender (GrpcLogAppender.java:notifyInstallSnapshot(798)) - omNode-1@group-0AAC5367B30E->omNode-bootstrap-2-GrpcLogAppender: send omNode-1->omNode-bootstrap-2#0-t1,notify:(t:1, i:0)
2024-09-18 12:54:54,525 [grpc-default-executor-3] INFO  impl.SnapshotInstallationHandler (SnapshotInstallationHandler.java:installSnapshot(92)) - omNode-bootstrap-2@group-0AAC5367B30E: receive installSnapshot: omNode-1->omNode-bootstrap-2#0-t1,notify:(t:1, i:0)
2024-09-18 12:54:54,525 [grpc-default-executor-3] INFO  impl.SnapshotInstallationHandler (SnapshotInstallationHandler.java:installSnapshotImpl(138)) - omNode-bootstrap-2@group-0AAC5367B30E: set new configuration configurationEntry {
  peers {
    id: "omNode-1"
    address: "localhost:15015"
    startupRole: FOLLOWER
  }
}
 from snapshot
2024-09-18 12:54:54,525 [grpc-default-executor-3] INFO  server.RaftServer$Division (ServerState.java:setRaftConf(386)) - omNode-bootstrap-2@group-0AAC5367B30E: set configuration conf: {index: 0, cur=peers:[omNode-1|localhost:15015]|listeners:[], old=null}
2024-09-18 12:54:54,526 [omNode-bootstrap-2-server-thread1] INFO  server.RaftServer$Division (RaftServerImpl.java:checkInconsistentAppendEntries(1629)) - omNode-bootstrap-2@group-0AAC5367B30E: Failed appendEntries as snapshot (0) installation is in progress
2024-09-18 12:54:54,526 [omNode-bootstrap-2-server-thread1] INFO  server.RaftServer$Division (RaftServerImpl.java:appendEntriesAsync(1584)) - omNode-bootstrap-2@group-0AAC5367B30E: appendEntries* reply omNode-1<-omNode-bootstrap-2#273:FAIL-t1,INCONSISTENCY,nextIndex=0,followerCommit=-1,matchIndex=-1
2024-09-18 12:54:54,526 [grpc-default-executor-3] INFO  ratis.OzoneManagerStateMachine (OzoneManagerStateMachine.java:notifyConfigurationChanged(216)) - Received Configuration change notification from Ratis. New Peer list:
[id: "omNode-1"
address: "localhost:15015"
startupRole: FOLLOWER
]
2024-09-18 12:54:54,526 [grpc-default-executor-3] INFO  impl.SnapshotInstallationHandler (SnapshotInstallationHandler.java:installSnapshot(103)) - omNode-bootstrap-2@group-0AAC5367B30E: reply installSnapshot: omNode-1<-omNode-bootstrap-2#0:FAIL-t1,IN_PROGRESS,snapshotIndex=0
2024-09-18 12:54:54,527 [grpc-default-executor-3] INFO  server.GrpcServerProtocolService (GrpcServerProtocolService.java:onCompleted(157)) - omNode-bootstrap-2: Completed INSTALL_SNAPSHOT, lastRequest: omNode-1->omNode-bootstrap-2#0-t1,notify:(t:1, i:0)
2024-09-18 12:54:54,527 [grpc-default-executor-3] INFO  server.GrpcServerProtocolService (GrpcServerProtocolService.java:lambda$onCompleted$5(159)) - omNode-bootstrap-2: Completed INSTALL_SNAPSHOT, lastReply: null
2024-09-18 12:54:54,527 [grpc-default-executor-0] WARN  server.GrpcLogAppender (GrpcLogAppender.java:onNextImpl(519)) - omNode-1@group-0AAC5367B30E->omNode-bootstrap-2-AppendLogResponseHandler: received INCONSISTENCY reply with nextIndex 0, errorCount=1, request=AppendEntriesRequest:cid=273,entriesCount=0
2024-09-18 12:54:54,528 [grpc-default-executor-1] INFO  server.GrpcLogAppender (GrpcLogAppender.java:onNext(649)) - omNode-1@group-0AAC5367B30E->omNode-bootstrap-2-InstallSnapshotResponseHandler: received a reply omNode-1<-omNode-bootstrap-2#0:FAIL-t1,IN_PROGRESS,snapshotIndex=0
2024-09-18 12:54:54,528 [grpc-default-executor-1] INFO  server.GrpcLogAppender (GrpcLogAppender.java:onNext(665)) - omNode-1@group-0AAC5367B30E->omNode-bootstrap-2-InstallSnapshotResponseHandler: InstallSnapshot in progress.
2024-09-18 12:54:54,528 [omNode-1@group-0AAC5367B30E->omNode-bootstrap-2-GrpcLogAppender-LogAppenderDaemon] INFO  server.GrpcLogAppender (GrpcLogAppender.java:notifyInstallSnapshot(790)) - omNode-1@group-0AAC5367B30E->omNode-bootstrap-2-GrpcLogAppender: notifyInstallSnapshot with firstAvailable=(t:1, i:0), followerNextIndex=0
2024-09-18 12:54:54,528 [omNode-1@group-0AAC5367B30E->omNode-bootstrap-2-GrpcLogAppender-LogAppenderDaemon] INFO  server.GrpcLogAppender (GrpcLogAppender.java:notifyInstallSnapshot(798)) - omNode-1@group-0AAC5367B30E->omNode-bootstrap-2-GrpcLogAppender: send omNode-1->omNode-bootstrap-2#0-t1,notify:(t:1, i:0)
2024-09-18 12:54:54,529 [grpc-default-executor-3] INFO  impl.SnapshotInstallationHandler (SnapshotInstallationHandler.java:installSnapshot(92)) - omNode-bootstrap-2@group-0AAC5367B30E: receive installSnapshot: omNode-1->omNode-bootstrap-2#0-t1,notify:(t:1, i:0)
2024-09-18 12:54:54,529 [grpc-default-executor-3] INFO  impl.SnapshotInstallationHandler (SnapshotInstallationHandler.java:installSnapshotImpl(138)) - omNode-bootstrap-2@group-0AAC5367B30E: set new configuration configurationEntry {
  peers {
    id: "omNode-1"
    address: "localhost:15015"
    startupRole: FOLLOWER
  }
}
 from snapshot
2024-09-18 12:54:54,529 [grpc-default-executor-3] INFO  server.RaftServer$Division (ServerState.java:setRaftConf(386)) - omNode-bootstrap-2@group-0AAC5367B30E: set configuration conf: {index: 0, cur=peers:[omNode-1|localhost:15015]|listeners:[], old=null}
2024-09-18 12:54:54,530 [omNode-bootstrap-2-server-thread1] INFO  server.RaftServer$Division (RaftServerImpl.java:checkInconsistentAppendEntries(1629)) - omNode-bootstrap-2@group-0AAC5367B30E: Failed appendEntries as snapshot (0) installation is in progress
2024-09-18 12:54:54,530 [omNode-bootstrap-2-server-thread1] INFO  server.RaftServer$Division (RaftServerImpl.java:appendEntriesAsync(1584)) - omNode-bootstrap-2@group-0AAC5367B30E: appendEntries* reply omNode-1<-omNode-bootstrap-2#274:FAIL-t1,INCONSISTENCY,nextIndex=0,followerCommit=-1,matchIndex=-1
2024-09-18 12:54:54,530 [grpc-default-executor-3] INFO  ratis.OzoneManagerStateMachine (OzoneManagerStateMachine.java:notifyConfigurationChanged(216)) - Received Configuration change notification from Ratis. New Peer list:
[id: "omNode-1"
address: "localhost:15015"
startupRole: FOLLOWER
]
2024-09-18 12:54:54,530 [grpc-default-executor-3] INFO  impl.SnapshotInstallationHandler (SnapshotInstallationHandler.java:installSnapshot(103)) - omNode-bootstrap-2@group-0AAC5367B30E: reply installSnapshot: omNode-1<-omNode-bootstrap-2#0:FAIL-t1,IN_PROGRESS,snapshotIndex=0
2024-09-18 12:54:54,531 [grpc-default-executor-3] INFO  server.GrpcServerProtocolService (GrpcServerProtocolService.java:onCompleted(157)) - omNode-bootstrap-2: Completed INSTALL_SNAPSHOT, lastRequest: omNode-1->omNode-bootstrap-2#0-t1,notify:(t:1, i:0)
2024-09-18 12:54:54,531 [grpc-default-executor-3] INFO  server.GrpcServerProtocolService (GrpcServerProtocolService.java:lambda$onCompleted$5(159)) - omNode-bootstrap-2: Completed INSTALL_SNAPSHOT, lastReply: null
2024-09-18 12:54:54,531 [grpc-default-executor-0] INFO  server.GrpcLogAppender (GrpcLogAppender.java:onNext(649)) - omNode-1@group-0AAC5367B30E->omNode-bootstrap-2-InstallSnapshotResponseHandler: received a reply omNode-1<-omNode-bootstrap-2#0:FAIL-t1,IN_PROGRESS,snapshotIndex=0
2024-09-18 12:54:54,531 [grpc-default-executor-0] INFO  server.GrpcLogAppender (GrpcLogAppender.java:onNext(665)) - omNode-1@group-0AAC5367B30E->omNode-bootstrap-2-InstallSnapshotResponseHandler: InstallSnapshot in progress.
2024-09-18 12:54:54,532 [grpc-default-executor-1] WARN  server.GrpcLogAppender (GrpcLogAppender.java:onNextImpl(519)) - omNode-1@group-0AAC5367B30E->omNode-bootstrap-2-AppendLogResponseHandler: received INCONSISTENCY reply with nextIndex 0, errorCount=1, request=AppendEntriesRequest:cid=274,entriesCount=0
2024-09-18 12:54:54,533 [omNode-bootstrap-2-server-thread1] INFO  server.RaftServer$Division (RaftServerImpl.java:checkInconsistentAppendEntries(1629)) - omNode-bootstrap-2@group-0AAC5367B30E: Failed appendEntries as snapshot (0) installation is in progress
2024-09-18 12:54:54,533 [omNode-bootstrap-2-server-thread1] INFO  server.RaftServer$Division (RaftServerImpl.java:appendEntriesAsync(1584)) - omNode-bootstrap-2@group-0AAC5367B30E: appendEntries* reply omNode-1<-omNode-bootstrap-2#275:FAIL-t1,INCONSISTENCY,nextIndex=0,followerCommit=-1,matchIndex=-1
2024-09-18 12:54:54,533 [omNode-1@group-0AAC5367B30E->omNode-bootstrap-2-GrpcLogAppender-LogAppenderDaemon] INFO  server.GrpcLogAppender (GrpcLogAppender.java:notifyInstallSnapshot(790)) - omNode-1@group-0AAC5367B30E->omNode-bootstrap-2-GrpcLogAppender: notifyInstallSnapshot with firstAvailable=(t:1, i:0), followerNextIndex=0
2024-09-18 12:54:54,534 [omNode-1@group-0AAC5367B30E->omNode-bootstrap-2-GrpcLogAppender-LogAppenderDaemon] INFO  server.GrpcLogAppender (GrpcLogAppender.java:notifyInstallSnapshot(798)) - omNode-1@group-0AAC5367B30E->omNode-bootstrap-2-GrpcLogAppender: send omNode-1->omNode-bootstrap-2#0-t1,notify:(t:1, i:0)
2024-09-18 12:54:54,534 [grpc-default-executor-4] INFO  impl.SnapshotInstallationHandler (SnapshotInstallationHandler.java:installSnapshot(92)) - omNode-bootstrap-2@group-0AAC5367B30E: receive installSnapshot: omNode-1->omNode-bootstrap-2#0-t1,notify:(t:1, i:0)
2024-09-18 12:54:54,535 [grpc-default-executor-4] INFO  impl.SnapshotInstallationHandler (SnapshotInstallationHandler.java:installSnapshotImpl(138)) - omNode-bootstrap-2@group-0AAC5367B30E: set new configuration configurationEntry {
  peers {
    id: "omNode-1"
    address: "localhost:15015"
    startupRole: FOLLOWER
  }
}
 from snapshot
2024-09-18 12:54:54,535 [grpc-default-executor-4] INFO  server.RaftServer$Division (ServerState.java:setRaftConf(386)) - omNode-bootstrap-2@group-0AAC5367B30E: set configuration conf: {index: 0, cur=peers:[omNode-1|localhost:15015]|listeners:[], old=null}
2024-09-18 12:54:54,535 [grpc-default-executor-1] WARN  server.GrpcLogAppender (GrpcLogAppender.java:onNextImpl(519)) - omNode-1@group-0AAC5367B30E->omNode-bootstrap-2-AppendLogResponseHandler: received INCONSISTENCY reply with nextIndex 0, errorCount=2, request=null
2024-09-18 12:54:54,536 [grpc-default-executor-4] INFO  ratis.OzoneManagerStateMachine (OzoneManagerStateMachine.java:notifyConfigurationChanged(216)) - Received Configuration change notification from Ratis. New Peer list:
[id: "omNode-1"
address: "localhost:15015"
startupRole: FOLLOWER
]
2024-09-18 12:54:54,536 [grpc-default-executor-4] INFO  impl.SnapshotInstallationHandler (SnapshotInstallationHandler.java:installSnapshot(103)) - omNode-bootstrap-2@group-0AAC5367B30E: reply installSnapshot: omNode-1<-omNode-bootstrap-2#0:FAIL-t1,IN_PROGRESS,snapshotIndex=0
2024-09-18 12:54:54,536 [grpc-default-executor-4] INFO  server.GrpcServerProtocolService (GrpcServerProtocolService.java:onCompleted(157)) - omNode-bootstrap-2: Completed INSTALL_SNAPSHOT, lastRequest: omNode-1->omNode-bootstrap-2#0-t1,notify:(t:1, i:0)
2024-09-18 12:54:54,536 [grpc-default-executor-4] INFO  server.GrpcServerProtocolService (GrpcServerProtocolService.java:lambda$onCompleted$5(159)) - omNode-bootstrap-2: Completed INSTALL_SNAPSHOT, lastReply: null
2024-09-18 12:54:54,537 [grpc-default-executor-4] INFO  server.GrpcLogAppender (GrpcLogAppender.java:onNext(649)) - omNode-1@group-0AAC5367B30E->omNode-bootstrap-2-InstallSnapshotResponseHandler: received a reply omNode-1<-omNode-bootstrap-2#0:FAIL-t1,IN_PROGRESS,snapshotIndex=0
2024-09-18 12:54:54,537 [grpc-default-executor-4] INFO  server.GrpcLogAppender (GrpcLogAppender.java:onNext(665)) - omNode-1@group-0AAC5367B30E->omNode-bootstrap-2-InstallSnapshotResponseHandler: InstallSnapshot in progress.
2024-09-18 12:54:54,537 [omNode-bootstrap-2-server-thread1] INFO  server.RaftServer$Division (RaftServerImpl.java:checkInconsistentAppendEntries(1629)) - omNode-bootstrap-2@group-0AAC5367B30E: Failed appendEntries as snapshot (0) installation is in progress
2024-09-18 12:54:54,537 [omNode-bootstrap-2-server-thread1] INFO  server.RaftServer$Division (RaftServerImpl.java:appendEntriesAsync(1584)) - omNode-bootstrap-2@group-0AAC5367B30E: appendEntries* reply omNode-1<-omNode-bootstrap-2#276:FAIL-t1,INCONSISTENCY,nextIndex=0,followerCommit=-1,matchIndex=-1
2024-09-18 12:54:54,538 [grpc-default-executor-4] WARN  server.GrpcLogAppender (GrpcLogAppender.java:onNextImpl(519)) - omNode-1@group-0AAC5367B30E->omNode-bootstrap-2-AppendLogResponseHandler: received INCONSISTENCY reply with nextIndex 0, errorCount=1, request=AppendEntriesRequest:cid=276,entriesCount=0
2024-09-18 12:54:54,538 [omNode-1@group-0AAC5367B30E->omNode-bootstrap-2-GrpcLogAppender-LogAppenderDaemon] INFO  server.GrpcLogAppender (GrpcLogAppender.java:notifyInstallSnapshot(790)) - omNode-1@group-0AAC5367B30E->omNode-bootstrap-2-GrpcLogAppender: notifyInstallSnapshot with firstAvailable=(t:1, i:0), followerNextIndex=0
2024-09-18 12:54:54,538 [omNode-1@group-0AAC5367B30E->omNode-bootstrap-2-GrpcLogAppender-LogAppenderDaemon] INFO  server.GrpcLogAppender (GrpcLogAppender.java:notifyInstallSnapshot(798)) - omNode-1@group-0AAC5367B30E->omNode-bootstrap-2-GrpcLogAppender: send omNode-1->omNode-bootstrap-2#0-t1,notify:(t:1, i:0)
2024-09-18 12:54:54,541 [grpc-default-executor-1] INFO  impl.SnapshotInstallationHandler (SnapshotInstallationHandler.java:installSnapshot(92)) - omNode-bootstrap-2@group-0AAC5367B30E: receive installSnapshot: omNode-1->omNode-bootstrap-2#0-t1,notify:(t:1, i:0)
2024-09-18 12:54:54,541 [grpc-default-executor-1] INFO  impl.SnapshotInstallationHandler (SnapshotInstallationHandler.java:installSnapshotImpl(138)) - omNode-bootstrap-2@group-0AAC5367B30E: set new configuration configurationEntry {
  peers {
    id: "omNode-1"
    address: "localhost:15015"
    startupRole: FOLLOWER
  }
}
 from snapshot
2024-09-18 12:54:54,541 [grpc-default-executor-1] INFO  server.RaftServer$Division (ServerState.java:setRaftConf(386)) - omNode-bootstrap-2@group-0AAC5367B30E: set configuration conf: {index: 0, cur=peers:[omNode-1|localhost:15015]|listeners:[], old=null}
2024-09-18 12:54:54,547 [grpc-default-executor-1] INFO  ratis.OzoneManagerStateMachine (OzoneManagerStateMachine.java:notifyConfigurationChanged(216)) - Received Configuration change notification from Ratis. New Peer list:
[id: "omNode-1"
address: "localhost:15015"
startupRole: FOLLOWER
]
2024-09-18 12:54:54,547 [grpc-default-executor-1] INFO  impl.SnapshotInstallationHandler (SnapshotInstallationHandler.java:installSnapshot(103)) - omNode-bootstrap-2@group-0AAC5367B30E: reply installSnapshot: omNode-1<-omNode-bootstrap-2#0:FAIL-t1,IN_PROGRESS,snapshotIndex=0
2024-09-18 12:54:54,548 [grpc-default-executor-4] INFO  server.GrpcLogAppender (GrpcLogAppender.java:onNext(649)) - omNode-1@group-0AAC5367B30E->omNode-bootstrap-2-InstallSnapshotResponseHandler: received a reply omNode-1<-omNode-bootstrap-2#0:FAIL-t1,IN_PROGRESS,snapshotIndex=0
2024-09-18 12:54:54,548 [grpc-default-executor-4] INFO  server.GrpcLogAppender (GrpcLogAppender.java:onNext(665)) - omNode-1@group-0AAC5367B30E->omNode-bootstrap-2-InstallSnapshotResponseHandler: InstallSnapshot in progress.
2024-09-18 12:54:54,548 [grpc-default-executor-1] INFO  server.GrpcServerProtocolService (GrpcServerProtocolService.java:onCompleted(157)) - omNode-bootstrap-2: Completed INSTALL_SNAPSHOT, lastRequest: omNode-1->omNode-bootstrap-2#0-t1,notify:(t:1, i:0)
2024-09-18 12:54:54,548 [grpc-default-executor-1] INFO  server.GrpcServerProtocolService (GrpcServerProtocolService.java:lambda$onCompleted$5(159)) - omNode-bootstrap-2: Completed INSTALL_SNAPSHOT, lastReply: null
2024-09-18 12:54:54,549 [omNode-1@group-0AAC5367B30E->omNode-bootstrap-2-GrpcLogAppender-LogAppenderDaemon] INFO  server.GrpcLogAppender (GrpcLogAppender.java:notifyInstallSnapshot(790)) - omNode-1@group-0AAC5367B30E->omNode-bootstrap-2-GrpcLogAppender: notifyInstallSnapshot with firstAvailable=(t:1, i:0), followerNextIndex=0
2024-09-18 12:54:54,549 [omNode-1@group-0AAC5367B30E->omNode-bootstrap-2-GrpcLogAppender-LogAppenderDaemon] INFO  server.GrpcLogAppender (GrpcLogAppender.java:notifyInstallSnapshot(798)) - omNode-1@group-0AAC5367B30E->omNode-bootstrap-2-GrpcLogAppender: send omNode-1->omNode-bootstrap-2#0-t1,notify:(t:1, i:0)
2024-09-18 12:54:54,550 [omNode-bootstrap-2-server-thread1] INFO  server.RaftServer$Division (RaftServerImpl.java:checkInconsistentAppendEntries(1629)) - omNode-bootstrap-2@group-0AAC5367B30E: Failed appendEntries as snapshot (0) installation is in progress
2024-09-18 12:54:54,550 [omNode-bootstrap-2-server-thread1] INFO  server.RaftServer$Division (RaftServerImpl.java:appendEntriesAsync(1584)) - omNode-bootstrap-2@group-0AAC5367B30E: appendEntries* reply omNode-1<-omNode-bootstrap-2#277:FAIL-t1,INCONSISTENCY,nextIndex=0,followerCommit=-1,matchIndex=-1
2024-09-18 12:54:54,550 [grpc-default-executor-3] INFO  impl.SnapshotInstallationHandler (SnapshotInstallationHandler.java:installSnapshot(92)) - omNode-bootstrap-2@group-0AAC5367B30E: receive installSnapshot: omNode-1->omNode-bootstrap-2#0-t1,notify:(t:1, i:0)
2024-09-18 12:54:54,550 [grpc-default-executor-3] INFO  impl.SnapshotInstallationHandler (SnapshotInstallationHandler.java:installSnapshotImpl(138)) - omNode-bootstrap-2@group-0AAC5367B30E: set new configuration configurationEntry {
  peers {
    id: "omNode-1"
    address: "localhost:15015"
    startupRole: FOLLOWER
  }
}
 from snapshot
2024-09-18 12:54:54,550 [grpc-default-executor-3] INFO  server.RaftServer$Division (ServerState.java:setRaftConf(386)) - omNode-bootstrap-2@group-0AAC5367B30E: set configuration conf: {index: 0, cur=peers:[omNode-1|localhost:15015]|listeners:[], old=null}
2024-09-18 12:54:54,551 [grpc-default-executor-4] WARN  server.GrpcLogAppender (GrpcLogAppender.java:onNextImpl(519)) - omNode-1@group-0AAC5367B30E->omNode-bootstrap-2-AppendLogResponseHandler: received INCONSISTENCY reply with nextIndex 0, errorCount=1, request=AppendEntriesRequest:cid=277,entriesCount=0
2024-09-18 12:54:54,552 [grpc-default-executor-3] INFO  ratis.OzoneManagerStateMachine (OzoneManagerStateMachine.java:notifyConfigurationChanged(216)) - Received Configuration change notification from Ratis. New Peer list:
[id: "omNode-1"
address: "localhost:15015"
startupRole: FOLLOWER
]
2024-09-18 12:54:54,552 [grpc-default-executor-3] INFO  impl.SnapshotInstallationHandler (SnapshotInstallationHandler.java:installSnapshot(103)) - omNode-bootstrap-2@group-0AAC5367B30E: reply installSnapshot: omNode-1<-omNode-bootstrap-2#0:FAIL-t1,IN_PROGRESS,snapshotIndex=0
2024-09-18 12:54:54,552 [grpc-default-executor-3] INFO  server.GrpcServerProtocolService (GrpcServerProtocolService.java:onCompleted(157)) - omNode-bootstrap-2: Completed INSTALL_SNAPSHOT, lastRequest: omNode-1->omNode-bootstrap-2#0-t1,notify:(t:1, i:0)
2024-09-18 12:54:54,552 [grpc-default-executor-3] INFO  server.GrpcServerProtocolService (GrpcServerProtocolService.java:lambda$onCompleted$5(159)) - omNode-bootstrap-2: Completed INSTALL_SNAPSHOT, lastReply: null
2024-09-18 12:54:54,552 [grpc-default-executor-1] INFO  server.GrpcLogAppender (GrpcLogAppender.java:onNext(649)) - omNode-1@group-0AAC5367B30E->omNode-bootstrap-2-InstallSnapshotResponseHandler: received a reply omNode-1<-omNode-bootstrap-2#0:FAIL-t1,IN_PROGRESS,snapshotIndex=0
2024-09-18 12:54:54,552 [grpc-default-executor-1] INFO  server.GrpcLogAppender (GrpcLogAppender.java:onNext(665)) - omNode-1@group-0AAC5367B30E->omNode-bootstrap-2-InstallSnapshotResponseHandler: InstallSnapshot in progress.
2024-09-18 12:54:54,553 [omNode-1@group-0AAC5367B30E->omNode-bootstrap-2-GrpcLogAppender-LogAppenderDaemon] INFO  server.GrpcLogAppender (GrpcLogAppender.java:notifyInstallSnapshot(790)) - omNode-1@group-0AAC5367B30E->omNode-bootstrap-2-GrpcLogAppender: notifyInstallSnapshot with firstAvailable=(t:1, i:0), followerNextIndex=0
2024-09-18 12:54:54,553 [omNode-1@group-0AAC5367B30E->omNode-bootstrap-2-GrpcLogAppender-LogAppenderDaemon] INFO  server.GrpcLogAppender (GrpcLogAppender.java:notifyInstallSnapshot(798)) - omNode-1@group-0AAC5367B30E->omNode-bootstrap-2-GrpcLogAppender: send omNode-1->omNode-bootstrap-2#0-t1,notify:(t:1, i:0)
2024-09-18 12:54:54,554 [omNode-bootstrap-2-server-thread1] INFO  server.RaftServer$Division (RaftServerImpl.java:checkInconsistentAppendEntries(1629)) - omNode-bootstrap-2@group-0AAC5367B30E: Failed appendEntries as snapshot (0) installation is in progress
2024-09-18 12:54:54,554 [omNode-bootstrap-2-server-thread1] INFO  server.RaftServer$Division (RaftServerImpl.java:appendEntriesAsync(1584)) - omNode-bootstrap-2@group-0AAC5367B30E: appendEntries* reply omNode-1<-omNode-bootstrap-2#278:FAIL-t1,INCONSISTENCY,nextIndex=0,followerCommit=-1,matchIndex=-1
2024-09-18 12:54:54,554 [grpc-default-executor-3] INFO  impl.SnapshotInstallationHandler (SnapshotInstallationHandler.java:installSnapshot(92)) - omNode-bootstrap-2@group-0AAC5367B30E: receive installSnapshot: omNode-1->omNode-bootstrap-2#0-t1,notify:(t:1, i:0)
2024-09-18 12:54:54,554 [grpc-default-executor-3] INFO  impl.SnapshotInstallationHandler (SnapshotInstallationHandler.java:installSnapshotImpl(138)) - omNode-bootstrap-2@group-0AAC5367B30E: set new configuration configurationEntry {
  peers {
    id: "omNode-1"
    address: "localhost:15015"
    startupRole: FOLLOWER
  }
}
 from snapshot
2024-09-18 12:54:54,554 [grpc-default-executor-1] WARN  server.GrpcLogAppender (GrpcLogAppender.java:onNextImpl(519)) - omNode-1@group-0AAC5367B30E->omNode-bootstrap-2-AppendLogResponseHandler: received INCONSISTENCY reply with nextIndex 0, errorCount=1, request=AppendEntriesRequest:cid=278,entriesCount=0
2024-09-18 12:54:54,554 [grpc-default-executor-3] INFO  server.RaftServer$Division (ServerState.java:setRaftConf(386)) - omNode-bootstrap-2@group-0AAC5367B30E: set configuration conf: {index: 0, cur=peers:[omNode-1|localhost:15015]|listeners:[], old=null}
2024-09-18 12:54:54,555 [grpc-default-executor-3] INFO  ratis.OzoneManagerStateMachine (OzoneManagerStateMachine.java:notifyConfigurationChanged(216)) - Received Configuration change notification from Ratis. New Peer list:
[id: "omNode-1"
address: "localhost:15015"
startupRole: FOLLOWER
]
2024-09-18 12:54:54,555 [grpc-default-executor-3] INFO  impl.SnapshotInstallationHandler (SnapshotInstallationHandler.java:installSnapshot(103)) - omNode-bootstrap-2@group-0AAC5367B30E: reply installSnapshot: omNode-1<-omNode-bootstrap-2#0:FAIL-t1,IN_PROGRESS,snapshotIndex=0
2024-09-18 12:54:54,555 [grpc-default-executor-3] INFO  server.GrpcServerProtocolService (GrpcServerProtocolService.java:onCompleted(157)) - omNode-bootstrap-2: Completed INSTALL_SNAPSHOT, lastRequest: omNode-1->omNode-bootstrap-2#0-t1,notify:(t:1, i:0)
2024-09-18 12:54:54,556 [grpc-default-executor-3] INFO  server.GrpcServerProtocolService (GrpcServerProtocolService.java:lambda$onCompleted$5(159)) - omNode-bootstrap-2: Completed INSTALL_SNAPSHOT, lastReply: null
2024-09-18 12:54:54,556 [grpc-default-executor-1] INFO  server.GrpcLogAppender (GrpcLogAppender.java:onNext(649)) - omNode-1@group-0AAC5367B30E->omNode-bootstrap-2-InstallSnapshotResponseHandler: received a reply omNode-1<-omNode-bootstrap-2#0:FAIL-t1,IN_PROGRESS,snapshotIndex=0
2024-09-18 12:54:54,556 [grpc-default-executor-1] INFO  server.GrpcLogAppender (GrpcLogAppender.java:onNext(665)) - omNode-1@group-0AAC5367B30E->omNode-bootstrap-2-InstallSnapshotResponseHandler: InstallSnapshot in progress.
2024-09-18 12:54:54,556 [omNode-1@group-0AAC5367B30E->omNode-bootstrap-2-GrpcLogAppender-LogAppenderDaemon] INFO  server.GrpcLogAppender (GrpcLogAppender.java:notifyInstallSnapshot(790)) - omNode-1@group-0AAC5367B30E->omNode-bootstrap-2-GrpcLogAppender: notifyInstallSnapshot with firstAvailable=(t:1, i:0), followerNextIndex=0
2024-09-18 12:54:54,556 [omNode-1@group-0AAC5367B30E->omNode-bootstrap-2-GrpcLogAppender-LogAppenderDaemon] INFO  server.GrpcLogAppender (GrpcLogAppender.java:notifyInstallSnapshot(798)) - omNode-1@group-0AAC5367B30E->omNode-bootstrap-2-GrpcLogAppender: send omNode-1->omNode-bootstrap-2#0-t1,notify:(t:1, i:0)
2024-09-18 12:54:54,557 [grpc-default-executor-0] INFO  impl.SnapshotInstallationHandler (SnapshotInstallationHandler.java:installSnapshot(92)) - omNode-bootstrap-2@group-0AAC5367B30E: receive installSnapshot: omNode-1->omNode-bootstrap-2#0-t1,notify:(t:1, i:0)
2024-09-18 12:54:54,557 [grpc-default-executor-0] INFO  impl.SnapshotInstallationHandler (SnapshotInstallationHandler.java:installSnapshotImpl(138)) - omNode-bootstrap-2@group-0AAC5367B30E: set new configuration configurationEntry {
  peers {
    id: "omNode-1"
    address: "localhost:15015"
    startupRole: FOLLOWER
  }
}
 from snapshot
2024-09-18 12:54:54,557 [grpc-default-executor-0] INFO  server.RaftServer$Division (ServerState.java:setRaftConf(386)) - omNode-bootstrap-2@group-0AAC5367B30E: set configuration conf: {index: 0, cur=peers:[omNode-1|localhost:15015]|listeners:[], old=null}
2024-09-18 12:54:54,572 [omNode-bootstrap-2-server-thread1] INFO  server.RaftServer$Division (RaftServerImpl.java:checkInconsistentAppendEntries(1629)) - omNode-bootstrap-2@group-0AAC5367B30E: Failed appendEntries as snapshot (0) installation is in progress
2024-09-18 12:54:54,572 [omNode-bootstrap-2-server-thread1] INFO  server.RaftServer$Division (RaftServerImpl.java:appendEntriesAsync(1584)) - omNode-bootstrap-2@group-0AAC5367B30E: appendEntries* reply omNode-1<-omNode-bootstrap-2#279:FAIL-t1,INCONSISTENCY,nextIndex=0,followerCommit=-1,matchIndex=-1
2024-09-18 12:54:54,573 [grpc-default-executor-1] WARN  server.GrpcLogAppender (GrpcLogAppender.java:onNextImpl(519)) - omNode-1@group-0AAC5367B30E->omNode-bootstrap-2-AppendLogResponseHandler: received INCONSISTENCY reply with nextIndex 0, errorCount=1, request=AppendEntriesRequest:cid=279,entriesCount=0
2024-09-18 12:54:54,574 [grpc-default-executor-0] INFO  ratis.OzoneManagerStateMachine (OzoneManagerStateMachine.java:notifyConfigurationChanged(216)) - Received Configuration change notification from Ratis. New Peer list:
[id: "omNode-1"
address: "localhost:15015"
startupRole: FOLLOWER
]
2024-09-18 12:54:54,575 [grpc-default-executor-0] INFO  impl.SnapshotInstallationHandler (SnapshotInstallationHandler.java:installSnapshot(103)) - omNode-bootstrap-2@group-0AAC5367B30E: reply installSnapshot: omNode-1<-omNode-bootstrap-2#0:FAIL-t1,IN_PROGRESS,snapshotIndex=0
2024-09-18 12:54:54,575 [grpc-default-executor-0] INFO  server.GrpcServerProtocolService (GrpcServerProtocolService.java:onCompleted(157)) - omNode-bootstrap-2: Completed INSTALL_SNAPSHOT, lastRequest: omNode-1->omNode-bootstrap-2#0-t1,notify:(t:1, i:0)
2024-09-18 12:54:54,575 [grpc-default-executor-0] INFO  server.GrpcServerProtocolService (GrpcServerProtocolService.java:lambda$onCompleted$5(159)) - omNode-bootstrap-2: Completed INSTALL_SNAPSHOT, lastReply: null
2024-09-18 12:54:54,576 [grpc-default-executor-1] INFO  server.GrpcLogAppender (GrpcLogAppender.java:onNext(649)) - omNode-1@group-0AAC5367B30E->omNode-bootstrap-2-InstallSnapshotResponseHandler: received a reply omNode-1<-omNode-bootstrap-2#0:FAIL-t1,IN_PROGRESS,snapshotIndex=0
2024-09-18 12:54:54,576 [grpc-default-executor-1] INFO  server.GrpcLogAppender (GrpcLogAppender.java:onNext(665)) - omNode-1@group-0AAC5367B30E->omNode-bootstrap-2-InstallSnapshotResponseHandler: InstallSnapshot in progress.
2024-09-18 12:54:54,576 [omNode-1@group-0AAC5367B30E->omNode-bootstrap-2-GrpcLogAppender-LogAppenderDaemon] INFO  server.GrpcLogAppender (GrpcLogAppender.java:notifyInstallSnapshot(790)) - omNode-1@group-0AAC5367B30E->omNode-bootstrap-2-GrpcLogAppender: notifyInstallSnapshot with firstAvailable=(t:1, i:0), followerNextIndex=0
2024-09-18 12:54:54,576 [omNode-1@group-0AAC5367B30E->omNode-bootstrap-2-GrpcLogAppender-LogAppenderDaemon] INFO  server.GrpcLogAppender (GrpcLogAppender.java:notifyInstallSnapshot(798)) - omNode-1@group-0AAC5367B30E->omNode-bootstrap-2-GrpcLogAppender: send omNode-1->omNode-bootstrap-2#0-t1,notify:(t:1, i:0)
2024-09-18 12:54:54,577 [grpc-default-executor-3] INFO  impl.SnapshotInstallationHandler (SnapshotInstallationHandler.java:installSnapshot(92)) - omNode-bootstrap-2@group-0AAC5367B30E: receive installSnapshot: omNode-1->omNode-bootstrap-2#0-t1,notify:(t:1, i:0)
2024-09-18 12:54:54,578 [grpc-default-executor-3] INFO  impl.SnapshotInstallationHandler (SnapshotInstallationHandler.java:installSnapshotImpl(138)) - omNode-bootstrap-2@group-0AAC5367B30E: set new configuration configurationEntry {
  peers {
    id: "omNode-1"
    address: "localhost:15015"
    startupRole: FOLLOWER
  }
}
 from snapshot
2024-09-18 12:54:54,578 [grpc-default-executor-3] INFO  server.RaftServer$Division (ServerState.java:setRaftConf(386)) - omNode-bootstrap-2@group-0AAC5367B30E: set configuration conf: {index: 0, cur=peers:[omNode-1|localhost:15015]|listeners:[], old=null}
2024-09-18 12:54:54,578 [omNode-bootstrap-2-server-thread1] INFO  server.RaftServer$Division (RaftServerImpl.java:checkInconsistentAppendEntries(1629)) - omNode-bootstrap-2@group-0AAC5367B30E: Failed appendEntries as snapshot (0) installation is in progress
2024-09-18 12:54:54,578 [omNode-bootstrap-2-server-thread1] INFO  server.RaftServer$Division (RaftServerImpl.java:appendEntriesAsync(1584)) - omNode-bootstrap-2@group-0AAC5367B30E: appendEntries* reply omNode-1<-omNode-bootstrap-2#280:FAIL-t1,INCONSISTENCY,nextIndex=0,followerCommit=-1,matchIndex=-1
2024-09-18 12:54:54,579 [grpc-default-executor-1] WARN  server.GrpcLogAppender (GrpcLogAppender.java:onNextImpl(519)) - omNode-1@group-0AAC5367B30E->omNode-bootstrap-2-AppendLogResponseHandler: received INCONSISTENCY reply with nextIndex 0, errorCount=1, request=AppendEntriesRequest:cid=280,entriesCount=0
2024-09-18 12:54:54,580 [grpc-default-executor-3] INFO  ratis.OzoneManagerStateMachine (OzoneManagerStateMachine.java:notifyConfigurationChanged(216)) - Received Configuration change notification from Ratis. New Peer list:
[id: "omNode-1"
address: "localhost:15015"
startupRole: FOLLOWER
]
2024-09-18 12:54:54,580 [grpc-default-executor-3] INFO  impl.SnapshotInstallationHandler (SnapshotInstallationHandler.java:installSnapshot(103)) - omNode-bootstrap-2@group-0AAC5367B30E: reply installSnapshot: omNode-1<-omNode-bootstrap-2#0:FAIL-t1,IN_PROGRESS,snapshotIndex=0
2024-09-18 12:54:54,580 [grpc-default-executor-3] INFO  server.GrpcServerProtocolService (GrpcServerProtocolService.java:onCompleted(157)) - omNode-bootstrap-2: Completed INSTALL_SNAPSHOT, lastRequest: omNode-1->omNode-bootstrap-2#0-t1,notify:(t:1, i:0)
2024-09-18 12:54:54,580 [grpc-default-executor-3] INFO  server.GrpcServerProtocolService (GrpcServerProtocolService.java:lambda$onCompleted$5(159)) - omNode-bootstrap-2: Completed INSTALL_SNAPSHOT, lastReply: null
2024-09-18 12:54:54,580 [grpc-default-executor-0] INFO  server.GrpcLogAppender (GrpcLogAppender.java:onNext(649)) - omNode-1@group-0AAC5367B30E->omNode-bootstrap-2-InstallSnapshotResponseHandler: received a reply omNode-1<-omNode-bootstrap-2#0:FAIL-t1,IN_PROGRESS,snapshotIndex=0
2024-09-18 12:54:54,580 [grpc-default-executor-0] INFO  server.GrpcLogAppender (GrpcLogAppender.java:onNext(665)) - omNode-1@group-0AAC5367B30E->omNode-bootstrap-2-InstallSnapshotResponseHandler: InstallSnapshot in progress.
2024-09-18 12:54:54,581 [omNode-bootstrap-2-server-thread1] INFO  server.RaftServer$Division (RaftServerImpl.java:checkInconsistentAppendEntries(1629)) - omNode-bootstrap-2@group-0AAC5367B30E: Failed appendEntries as snapshot (0) installation is in progress
2024-09-18 12:54:54,581 [omNode-bootstrap-2-server-thread1] INFO  server.RaftServer$Division (RaftServerImpl.java:appendEntriesAsync(1584)) - omNode-bootstrap-2@group-0AAC5367B30E: appendEntries* reply omNode-1<-omNode-bootstrap-2#281:FAIL-t1,INCONSISTENCY,nextIndex=0,followerCommit=-1,matchIndex=-1
2024-09-18 12:54:54,582 [grpc-default-executor-0] WARN  server.GrpcLogAppender (GrpcLogAppender.java:onNextImpl(519)) - omNode-1@group-0AAC5367B30E->omNode-bootstrap-2-AppendLogResponseHandler: received INCONSISTENCY reply with nextIndex 0, errorCount=1, request=AppendEntriesRequest:cid=281,entriesCount=0
2024-09-18 12:54:54,582 [omNode-1@group-0AAC5367B30E->omNode-bootstrap-2-GrpcLogAppender-LogAppenderDaemon] INFO  server.GrpcLogAppender (GrpcLogAppender.java:notifyInstallSnapshot(790)) - omNode-1@group-0AAC5367B30E->omNode-bootstrap-2-GrpcLogAppender: notifyInstallSnapshot with firstAvailable=(t:1, i:0), followerNextIndex=0
2024-09-18 12:54:54,582 [omNode-1@group-0AAC5367B30E->omNode-bootstrap-2-GrpcLogAppender-LogAppenderDaemon] INFO  server.GrpcLogAppender (GrpcLogAppender.java:notifyInstallSnapshot(798)) - omNode-1@group-0AAC5367B30E->omNode-bootstrap-2-GrpcLogAppender: send omNode-1->omNode-bootstrap-2#0-t1,notify:(t:1, i:0)
2024-09-18 12:54:54,583 [grpc-default-executor-3] INFO  impl.SnapshotInstallationHandler (SnapshotInstallationHandler.java:installSnapshot(92)) - omNode-bootstrap-2@group-0AAC5367B30E: receive installSnapshot: omNode-1->omNode-bootstrap-2#0-t1,notify:(t:1, i:0)
2024-09-18 12:54:54,583 [grpc-default-executor-3] INFO  impl.SnapshotInstallationHandler (SnapshotInstallationHandler.java:installSnapshotImpl(138)) - omNode-bootstrap-2@group-0AAC5367B30E: set new configuration configurationEntry {
  peers {
    id: "omNode-1"
    address: "localhost:15015"
    startupRole: FOLLOWER
  }
}
 from snapshot
2024-09-18 12:54:54,583 [grpc-default-executor-3] INFO  server.RaftServer$Division (ServerState.java:setRaftConf(386)) - omNode-bootstrap-2@group-0AAC5367B30E: set configuration conf: {index: 0, cur=peers:[omNode-1|localhost:15015]|listeners:[], old=null}
2024-09-18 12:54:54,584 [grpc-default-executor-3] INFO  ratis.OzoneManagerStateMachine (OzoneManagerStateMachine.java:notifyConfigurationChanged(216)) - Received Configuration change notification from Ratis. New Peer list:
[id: "omNode-1"
address: "localhost:15015"
startupRole: FOLLOWER
]
2024-09-18 12:54:54,584 [grpc-default-executor-3] INFO  impl.SnapshotInstallationHandler (SnapshotInstallationHandler.java:installSnapshot(103)) - omNode-bootstrap-2@group-0AAC5367B30E: reply installSnapshot: omNode-1<-omNode-bootstrap-2#0:FAIL-t1,IN_PROGRESS,snapshotIndex=0
2024-09-18 12:54:54,584 [grpc-default-executor-3] INFO  server.GrpcServerProtocolService (GrpcServerProtocolService.java:onCompleted(157)) - omNode-bootstrap-2: Completed INSTALL_SNAPSHOT, lastRequest: omNode-1->omNode-bootstrap-2#0-t1,notify:(t:1, i:0)
2024-09-18 12:54:54,584 [grpc-default-executor-3] INFO  server.GrpcServerProtocolService (GrpcServerProtocolService.java:lambda$onCompleted$5(159)) - omNode-bootstrap-2: Completed INSTALL_SNAPSHOT, lastReply: null
2024-09-18 12:54:54,585 [grpc-default-executor-3] INFO  server.GrpcLogAppender (GrpcLogAppender.java:onNext(649)) - omNode-1@group-0AAC5367B30E->omNode-bootstrap-2-InstallSnapshotResponseHandler: received a reply omNode-1<-omNode-bootstrap-2#0:FAIL-t1,IN_PROGRESS,snapshotIndex=0
2024-09-18 12:54:54,585 [grpc-default-executor-3] INFO  server.GrpcLogAppender (GrpcLogAppender.java:onNext(665)) - omNode-1@group-0AAC5367B30E->omNode-bootstrap-2-InstallSnapshotResponseHandler: InstallSnapshot in progress.
2024-09-18 12:54:54,586 [omNode-bootstrap-2-server-thread1] INFO  server.RaftServer$Division (RaftServerImpl.java:checkInconsistentAppendEntries(1629)) - omNode-bootstrap-2@group-0AAC5367B30E: Failed appendEntries as snapshot (0) installation is in progress
2024-09-18 12:54:54,586 [omNode-bootstrap-2-server-thread1] INFO  server.RaftServer$Division (RaftServerImpl.java:appendEntriesAsync(1584)) - omNode-bootstrap-2@group-0AAC5367B30E: appendEntries* reply omNode-1<-omNode-bootstrap-2#282:FAIL-t1,INCONSISTENCY,nextIndex=0,followerCommit=-1,matchIndex=-1
2024-09-18 12:54:54,586 [grpc-default-executor-3] WARN  server.GrpcLogAppender (GrpcLogAppender.java:onNextImpl(519)) - omNode-1@group-0AAC5367B30E->omNode-bootstrap-2-AppendLogResponseHandler: received INCONSISTENCY reply with nextIndex 0, errorCount=1, request=AppendEntriesRequest:cid=282,entriesCount=0
2024-09-18 12:54:54,586 [omNode-1@group-0AAC5367B30E->omNode-bootstrap-2-GrpcLogAppender-LogAppenderDaemon] INFO  server.GrpcLogAppender (GrpcLogAppender.java:notifyInstallSnapshot(790)) - omNode-1@group-0AAC5367B30E->omNode-bootstrap-2-GrpcLogAppender: notifyInstallSnapshot with firstAvailable=(t:1, i:0), followerNextIndex=0
2024-09-18 12:54:54,586 [omNode-1@group-0AAC5367B30E->omNode-bootstrap-2-GrpcLogAppender-LogAppenderDaemon] INFO  server.GrpcLogAppender (GrpcLogAppender.java:notifyInstallSnapshot(798)) - omNode-1@group-0AAC5367B30E->omNode-bootstrap-2-GrpcLogAppender: send omNode-1->omNode-bootstrap-2#0-t1,notify:(t:1, i:0)
2024-09-18 12:54:54,587 [grpc-default-executor-0] INFO  impl.SnapshotInstallationHandler (SnapshotInstallationHandler.java:installSnapshot(92)) - omNode-bootstrap-2@group-0AAC5367B30E: receive installSnapshot: omNode-1->omNode-bootstrap-2#0-t1,notify:(t:1, i:0)
2024-09-18 12:54:54,587 [grpc-default-executor-0] INFO  impl.SnapshotInstallationHandler (SnapshotInstallationHandler.java:installSnapshotImpl(138)) - omNode-bootstrap-2@group-0AAC5367B30E: set new configuration configurationEntry {
  peers {
    id: "omNode-1"
    address: "localhost:15015"
    startupRole: FOLLOWER
  }
}
 from snapshot
2024-09-18 12:54:54,587 [grpc-default-executor-0] INFO  server.RaftServer$Division (ServerState.java:setRaftConf(386)) - omNode-bootstrap-2@group-0AAC5367B30E: set configuration conf: {index: 0, cur=peers:[omNode-1|localhost:15015]|listeners:[], old=null}
2024-09-18 12:54:54,589 [grpc-default-executor-0] INFO  ratis.OzoneManagerStateMachine (OzoneManagerStateMachine.java:notifyConfigurationChanged(216)) - Received Configuration change notification from Ratis. New Peer list:
[id: "omNode-1"
address: "localhost:15015"
startupRole: FOLLOWER
]
2024-09-18 12:54:54,589 [grpc-default-executor-0] INFO  impl.SnapshotInstallationHandler (SnapshotInstallationHandler.java:installSnapshot(103)) - omNode-bootstrap-2@group-0AAC5367B30E: reply installSnapshot: omNode-1<-omNode-bootstrap-2#0:FAIL-t1,IN_PROGRESS,snapshotIndex=0
2024-09-18 12:54:54,589 [grpc-default-executor-0] INFO  server.GrpcServerProtocolService (GrpcServerProtocolService.java:onCompleted(157)) - omNode-bootstrap-2: Completed INSTALL_SNAPSHOT, lastRequest: omNode-1->omNode-bootstrap-2#0-t1,notify:(t:1, i:0)
2024-09-18 12:54:54,589 [grpc-default-executor-0] INFO  server.GrpcServerProtocolService (GrpcServerProtocolService.java:lambda$onCompleted$5(159)) - omNode-bootstrap-2: Completed INSTALL_SNAPSHOT, lastReply: null
2024-09-18 12:54:54,590 [grpc-default-executor-3] INFO  server.GrpcLogAppender (GrpcLogAppender.java:onNext(649)) - omNode-1@group-0AAC5367B30E->omNode-bootstrap-2-InstallSnapshotResponseHandler: received a reply omNode-1<-omNode-bootstrap-2#0:FAIL-t1,IN_PROGRESS,snapshotIndex=0
2024-09-18 12:54:54,590 [grpc-default-executor-3] INFO  server.GrpcLogAppender (GrpcLogAppender.java:onNext(665)) - omNode-1@group-0AAC5367B30E->omNode-bootstrap-2-InstallSnapshotResponseHandler: InstallSnapshot in progress.
2024-09-18 12:54:54,590 [omNode-1@group-0AAC5367B30E->omNode-bootstrap-2-GrpcLogAppender-LogAppenderDaemon] INFO  server.GrpcLogAppender (GrpcLogAppender.java:notifyInstallSnapshot(790)) - omNode-1@group-0AAC5367B30E->omNode-bootstrap-2-GrpcLogAppender: notifyInstallSnapshot with firstAvailable=(t:1, i:0), followerNextIndex=0
2024-09-18 12:54:54,590 [omNode-1@group-0AAC5367B30E->omNode-bootstrap-2-GrpcLogAppender-LogAppenderDaemon] INFO  server.GrpcLogAppender (GrpcLogAppender.java:notifyInstallSnapshot(798)) - omNode-1@group-0AAC5367B30E->omNode-bootstrap-2-GrpcLogAppender: send omNode-1->omNode-bootstrap-2#0-t1,notify:(t:1, i:0)
2024-09-18 12:54:54,591 [grpc-default-executor-1] INFO  impl.SnapshotInstallationHandler (SnapshotInstallationHandler.java:installSnapshot(92)) - omNode-bootstrap-2@group-0AAC5367B30E: receive installSnapshot: omNode-1->omNode-bootstrap-2#0-t1,notify:(t:1, i:0)
2024-09-18 12:54:54,591 [grpc-default-executor-1] INFO  impl.SnapshotInstallationHandler (SnapshotInstallationHandler.java:installSnapshotImpl(138)) - omNode-bootstrap-2@group-0AAC5367B30E: set new configuration configurationEntry {
  peers {
    id: "omNode-1"
    address: "localhost:15015"
    startupRole: FOLLOWER
  }
}
 from snapshot
2024-09-18 12:54:54,591 [grpc-default-executor-1] INFO  server.RaftServer$Division (ServerState.java:setRaftConf(386)) - omNode-bootstrap-2@group-0AAC5367B30E: set configuration conf: {index: 0, cur=peers:[omNode-1|localhost:15015]|listeners:[], old=null}
2024-09-18 12:54:54,592 [omNode-bootstrap-2-server-thread1] INFO  server.RaftServer$Division (RaftServerImpl.java:checkInconsistentAppendEntries(1629)) - omNode-bootstrap-2@group-0AAC5367B30E: Failed appendEntries as snapshot (0) installation is in progress
2024-09-18 12:54:54,592 [omNode-bootstrap-2-server-thread1] INFO  server.RaftServer$Division (RaftServerImpl.java:appendEntriesAsync(1584)) - omNode-bootstrap-2@group-0AAC5367B30E: appendEntries* reply omNode-1<-omNode-bootstrap-2#283:FAIL-t1,INCONSISTENCY,nextIndex=0,followerCommit=-1,matchIndex=-1
2024-09-18 12:54:54,592 [grpc-default-executor-3] WARN  server.GrpcLogAppender (GrpcLogAppender.java:onNextImpl(519)) - omNode-1@group-0AAC5367B30E->omNode-bootstrap-2-AppendLogResponseHandler: received INCONSISTENCY reply with nextIndex 0, errorCount=1, request=AppendEntriesRequest:cid=283,entriesCount=0
2024-09-18 12:54:54,593 [grpc-default-executor-1] INFO  ratis.OzoneManagerStateMachine (OzoneManagerStateMachine.java:notifyConfigurationChanged(216)) - Received Configuration change notification from Ratis. New Peer list:
[id: "omNode-1"
address: "localhost:15015"
startupRole: FOLLOWER
]
2024-09-18 12:54:54,593 [grpc-default-executor-1] INFO  impl.SnapshotInstallationHandler (SnapshotInstallationHandler.java:installSnapshot(103)) - omNode-bootstrap-2@group-0AAC5367B30E: reply installSnapshot: omNode-1<-omNode-bootstrap-2#0:FAIL-t1,IN_PROGRESS,snapshotIndex=0
2024-09-18 12:54:54,593 [grpc-default-executor-1] INFO  server.GrpcServerProtocolService (GrpcServerProtocolService.java:onCompleted(157)) - omNode-bootstrap-2: Completed INSTALL_SNAPSHOT, lastRequest: omNode-1->omNode-bootstrap-2#0-t1,notify:(t:1, i:0)
2024-09-18 12:54:54,593 [grpc-default-executor-1] INFO  server.GrpcServerProtocolService (GrpcServerProtocolService.java:lambda$onCompleted$5(159)) - omNode-bootstrap-2: Completed INSTALL_SNAPSHOT, lastReply: null
2024-09-18 12:54:54,594 [grpc-default-executor-3] INFO  server.GrpcLogAppender (GrpcLogAppender.java:onNext(649)) - omNode-1@group-0AAC5367B30E->omNode-bootstrap-2-InstallSnapshotResponseHandler: received a reply omNode-1<-omNode-bootstrap-2#0:FAIL-t1,IN_PROGRESS,snapshotIndex=0
2024-09-18 12:54:54,594 [grpc-default-executor-3] INFO  server.GrpcLogAppender (GrpcLogAppender.java:onNext(665)) - omNode-1@group-0AAC5367B30E->omNode-bootstrap-2-InstallSnapshotResponseHandler: InstallSnapshot in progress.
2024-09-18 12:54:54,594 [omNode-bootstrap-2-server-thread1] INFO  server.RaftServer$Division (RaftServerImpl.java:checkInconsistentAppendEntries(1629)) - omNode-bootstrap-2@group-0AAC5367B30E: Failed appendEntries as snapshot (0) installation is in progress
2024-09-18 12:54:54,594 [omNode-bootstrap-2-server-thread1] INFO  server.RaftServer$Division (RaftServerImpl.java:appendEntriesAsync(1584)) - omNode-bootstrap-2@group-0AAC5367B30E: appendEntries* reply omNode-1<-omNode-bootstrap-2#284:FAIL-t1,INCONSISTENCY,nextIndex=0,followerCommit=-1,matchIndex=-1
2024-09-18 12:54:54,595 [grpc-default-executor-3] WARN  server.GrpcLogAppender (GrpcLogAppender.java:onNextImpl(519)) - omNode-1@group-0AAC5367B30E->omNode-bootstrap-2-AppendLogResponseHandler: received INCONSISTENCY reply with nextIndex 0, errorCount=1, request=AppendEntriesRequest:cid=284,entriesCount=0
2024-09-18 12:54:54,595 [omNode-1@group-0AAC5367B30E->omNode-bootstrap-2-GrpcLogAppender-LogAppenderDaemon] INFO  server.GrpcLogAppender (GrpcLogAppender.java:notifyInstallSnapshot(790)) - omNode-1@group-0AAC5367B30E->omNode-bootstrap-2-GrpcLogAppender: notifyInstallSnapshot with firstAvailable=(t:1, i:0), followerNextIndex=0
2024-09-18 12:54:54,595 [omNode-1@group-0AAC5367B30E->omNode-bootstrap-2-GrpcLogAppender-LogAppenderDaemon] INFO  server.GrpcLogAppender (GrpcLogAppender.java:notifyInstallSnapshot(798)) - omNode-1@group-0AAC5367B30E->omNode-bootstrap-2-GrpcLogAppender: send omNode-1->omNode-bootstrap-2#0-t1,notify:(t:1, i:0)
2024-09-18 12:54:54,596 [grpc-default-executor-1] INFO  impl.SnapshotInstallationHandler (SnapshotInstallationHandler.java:installSnapshot(92)) - omNode-bootstrap-2@group-0AAC5367B30E: receive installSnapshot: omNode-1->omNode-bootstrap-2#0-t1,notify:(t:1, i:0)
2024-09-18 12:54:54,596 [grpc-default-executor-1] INFO  impl.SnapshotInstallationHandler (SnapshotInstallationHandler.java:installSnapshotImpl(138)) - omNode-bootstrap-2@group-0AAC5367B30E: set new configuration configurationEntry {
  peers {
    id: "omNode-1"
    address: "localhost:15015"
    startupRole: FOLLOWER
  }
}
 from snapshot
2024-09-18 12:54:54,596 [grpc-default-executor-1] INFO  server.RaftServer$Division (ServerState.java:setRaftConf(386)) - omNode-bootstrap-2@group-0AAC5367B30E: set configuration conf: {index: 0, cur=peers:[omNode-1|localhost:15015]|listeners:[], old=null}
2024-09-18 12:54:54,597 [grpc-default-executor-1] INFO  ratis.OzoneManagerStateMachine (OzoneManagerStateMachine.java:notifyConfigurationChanged(216)) - Received Configuration change notification from Ratis. New Peer list:
[id: "omNode-1"
address: "localhost:15015"
startupRole: FOLLOWER
]
2024-09-18 12:54:54,597 [grpc-default-executor-1] INFO  impl.SnapshotInstallationHandler (SnapshotInstallationHandler.java:installSnapshot(103)) - omNode-bootstrap-2@group-0AAC5367B30E: reply installSnapshot: omNode-1<-omNode-bootstrap-2#0:FAIL-t1,IN_PROGRESS,snapshotIndex=0
2024-09-18 12:54:54,598 [grpc-default-executor-1] INFO  server.GrpcServerProtocolService (GrpcServerProtocolService.java:onCompleted(157)) - omNode-bootstrap-2: Completed INSTALL_SNAPSHOT, lastRequest: omNode-1->omNode-bootstrap-2#0-t1,notify:(t:1, i:0)
2024-09-18 12:54:54,598 [grpc-default-executor-1] INFO  server.GrpcServerProtocolService (GrpcServerProtocolService.java:lambda$onCompleted$5(159)) - omNode-bootstrap-2: Completed INSTALL_SNAPSHOT, lastReply: null
2024-09-18 12:54:54,598 [grpc-default-executor-3] INFO  server.GrpcLogAppender (GrpcLogAppender.java:onNext(649)) - omNode-1@group-0AAC5367B30E->omNode-bootstrap-2-InstallSnapshotResponseHandler: received a reply omNode-1<-omNode-bootstrap-2#0:FAIL-t1,IN_PROGRESS,snapshotIndex=0
2024-09-18 12:54:54,598 [grpc-default-executor-3] INFO  server.GrpcLogAppender (GrpcLogAppender.java:onNext(665)) - omNode-1@group-0AAC5367B30E->omNode-bootstrap-2-InstallSnapshotResponseHandler: InstallSnapshot in progress.
2024-09-18 12:54:54,599 [omNode-bootstrap-2-server-thread1] INFO  server.RaftServer$Division (RaftServerImpl.java:checkInconsistentAppendEntries(1629)) - omNode-bootstrap-2@group-0AAC5367B30E: Failed appendEntries as snapshot (0) installation is in progress
2024-09-18 12:54:54,599 [omNode-bootstrap-2-server-thread1] INFO  server.RaftServer$Division (RaftServerImpl.java:appendEntriesAsync(1584)) - omNode-bootstrap-2@group-0AAC5367B30E: appendEntries* reply omNode-1<-omNode-bootstrap-2#285:FAIL-t1,INCONSISTENCY,nextIndex=0,followerCommit=-1,matchIndex=-1
2024-09-18 12:54:54,599 [grpc-default-executor-3] WARN  server.GrpcLogAppender (GrpcLogAppender.java:onNextImpl(519)) - omNode-1@group-0AAC5367B30E->omNode-bootstrap-2-AppendLogResponseHandler: received INCONSISTENCY reply with nextIndex 0, errorCount=1, request=AppendEntriesRequest:cid=285,entriesCount=0
2024-09-18 12:54:54,599 [omNode-1@group-0AAC5367B30E->omNode-bootstrap-2-GrpcLogAppender-LogAppenderDaemon] INFO  server.GrpcLogAppender (GrpcLogAppender.java:notifyInstallSnapshot(790)) - omNode-1@group-0AAC5367B30E->omNode-bootstrap-2-GrpcLogAppender: notifyInstallSnapshot with firstAvailable=(t:1, i:0), followerNextIndex=0
2024-09-18 12:54:54,599 [omNode-1@group-0AAC5367B30E->omNode-bootstrap-2-GrpcLogAppender-LogAppenderDaemon] INFO  server.GrpcLogAppender (GrpcLogAppender.java:notifyInstallSnapshot(798)) - omNode-1@group-0AAC5367B30E->omNode-bootstrap-2-GrpcLogAppender: send omNode-1->omNode-bootstrap-2#0-t1,notify:(t:1, i:0)
2024-09-18 12:54:54,600 [grpc-default-executor-0] INFO  impl.SnapshotInstallationHandler (SnapshotInstallationHandler.java:installSnapshot(92)) - omNode-bootstrap-2@group-0AAC5367B30E: receive installSnapshot: omNode-1->omNode-bootstrap-2#0-t1,notify:(t:1, i:0)
2024-09-18 12:54:54,600 [grpc-default-executor-0] INFO  impl.SnapshotInstallationHandler (SnapshotInstallationHandler.java:installSnapshotImpl(138)) - omNode-bootstrap-2@group-0AAC5367B30E: set new configuration configurationEntry {
  peers {
    id: "omNode-1"
    address: "localhost:15015"
    startupRole: FOLLOWER
  }
}
 from snapshot
2024-09-18 12:54:54,600 [grpc-default-executor-0] INFO  server.RaftServer$Division (ServerState.java:setRaftConf(386)) - omNode-bootstrap-2@group-0AAC5367B30E: set configuration conf: {index: 0, cur=peers:[omNode-1|localhost:15015]|listeners:[], old=null}
2024-09-18 12:54:54,602 [grpc-default-executor-0] INFO  ratis.OzoneManagerStateMachine (OzoneManagerStateMachine.java:notifyConfigurationChanged(216)) - Received Configuration change notification from Ratis. New Peer list:
[id: "omNode-1"
address: "localhost:15015"
startupRole: FOLLOWER
]
2024-09-18 12:54:54,602 [grpc-default-executor-0] INFO  impl.SnapshotInstallationHandler (SnapshotInstallationHandler.java:installSnapshot(103)) - omNode-bootstrap-2@group-0AAC5367B30E: reply installSnapshot: omNode-1<-omNode-bootstrap-2#0:FAIL-t1,IN_PROGRESS,snapshotIndex=0
2024-09-18 12:54:54,602 [grpc-default-executor-0] INFO  server.GrpcServerProtocolService (GrpcServerProtocolService.java:onCompleted(157)) - omNode-bootstrap-2: Completed INSTALL_SNAPSHOT, lastRequest: omNode-1->omNode-bootstrap-2#0-t1,notify:(t:1, i:0)
2024-09-18 12:54:54,602 [grpc-default-executor-0] INFO  server.GrpcServerProtocolService (GrpcServerProtocolService.java:lambda$onCompleted$5(159)) - omNode-bootstrap-2: Completed INSTALL_SNAPSHOT, lastReply: null
2024-09-18 12:54:54,603 [grpc-default-executor-3] INFO  server.GrpcLogAppender (GrpcLogAppender.java:onNext(649)) - omNode-1@group-0AAC5367B30E->omNode-bootstrap-2-InstallSnapshotResponseHandler: received a reply omNode-1<-omNode-bootstrap-2#0:FAIL-t1,IN_PROGRESS,snapshotIndex=0
2024-09-18 12:54:54,603 [grpc-default-executor-3] INFO  server.GrpcLogAppender (GrpcLogAppender.java:onNext(665)) - omNode-1@group-0AAC5367B30E->omNode-bootstrap-2-InstallSnapshotResponseHandler: InstallSnapshot in progress.
2024-09-18 12:54:54,603 [omNode-bootstrap-2-server-thread1] INFO  server.RaftServer$Division (RaftServerImpl.java:checkInconsistentAppendEntries(1629)) - omNode-bootstrap-2@group-0AAC5367B30E: Failed appendEntries as snapshot (0) installation is in progress
2024-09-18 12:54:54,604 [omNode-bootstrap-2-server-thread1] INFO  server.RaftServer$Division (RaftServerImpl.java:appendEntriesAsync(1584)) - omNode-bootstrap-2@group-0AAC5367B30E: appendEntries* reply omNode-1<-omNode-bootstrap-2#286:FAIL-t1,INCONSISTENCY,nextIndex=0,followerCommit=-1,matchIndex=-1
2024-09-18 12:54:54,604 [grpc-default-executor-3] WARN  server.GrpcLogAppender (GrpcLogAppender.java:onNextImpl(519)) - omNode-1@group-0AAC5367B30E->omNode-bootstrap-2-AppendLogResponseHandler: received INCONSISTENCY reply with nextIndex 0, errorCount=1, request=AppendEntriesRequest:cid=286,entriesCount=0
2024-09-18 12:54:54,604 [omNode-1@group-0AAC5367B30E->omNode-bootstrap-2-GrpcLogAppender-LogAppenderDaemon] INFO  server.GrpcLogAppender (GrpcLogAppender.java:notifyInstallSnapshot(790)) - omNode-1@group-0AAC5367B30E->omNode-bootstrap-2-GrpcLogAppender: notifyInstallSnapshot with firstAvailable=(t:1, i:0), followerNextIndex=0
2024-09-18 12:54:54,604 [omNode-1@group-0AAC5367B30E->omNode-bootstrap-2-GrpcLogAppender-LogAppenderDaemon] INFO  server.GrpcLogAppender (GrpcLogAppender.java:notifyInstallSnapshot(798)) - omNode-1@group-0AAC5367B30E->omNode-bootstrap-2-GrpcLogAppender: send omNode-1->omNode-bootstrap-2#0-t1,notify:(t:1, i:0)
2024-09-18 12:54:54,605 [grpc-default-executor-1] INFO  impl.SnapshotInstallationHandler (SnapshotInstallationHandler.java:installSnapshot(92)) - omNode-bootstrap-2@group-0AAC5367B30E: receive installSnapshot: omNode-1->omNode-bootstrap-2#0-t1,notify:(t:1, i:0)
2024-09-18 12:54:54,605 [grpc-default-executor-1] INFO  impl.SnapshotInstallationHandler (SnapshotInstallationHandler.java:installSnapshotImpl(138)) - omNode-bootstrap-2@group-0AAC5367B30E: set new configuration configurationEntry {
  peers {
    id: "omNode-1"
    address: "localhost:15015"
    startupRole: FOLLOWER
  }
}
 from snapshot
2024-09-18 12:54:54,605 [grpc-default-executor-1] INFO  server.RaftServer$Division (ServerState.java:setRaftConf(386)) - omNode-bootstrap-2@group-0AAC5367B30E: set configuration conf: {index: 0, cur=peers:[omNode-1|localhost:15015]|listeners:[], old=null}
2024-09-18 12:54:54,607 [grpc-default-executor-1] INFO  ratis.OzoneManagerStateMachine (OzoneManagerStateMachine.java:notifyConfigurationChanged(216)) - Received Configuration change notification from Ratis. New Peer list:
[id: "omNode-1"
address: "localhost:15015"
startupRole: FOLLOWER
]
2024-09-18 12:54:54,607 [grpc-default-executor-1] INFO  impl.SnapshotInstallationHandler (SnapshotInstallationHandler.java:installSnapshot(103)) - omNode-bootstrap-2@group-0AAC5367B30E: reply installSnapshot: omNode-1<-omNode-bootstrap-2#0:FAIL-t1,IN_PROGRESS,snapshotIndex=0
2024-09-18 12:54:54,607 [grpc-default-executor-1] INFO  server.GrpcServerProtocolService (GrpcServerProtocolService.java:onCompleted(157)) - omNode-bootstrap-2: Completed INSTALL_SNAPSHOT, lastRequest: omNode-1->omNode-bootstrap-2#0-t1,notify:(t:1, i:0)
2024-09-18 12:54:54,607 [grpc-default-executor-1] INFO  server.GrpcServerProtocolService (GrpcServerProtocolService.java:lambda$onCompleted$5(159)) - omNode-bootstrap-2: Completed INSTALL_SNAPSHOT, lastReply: null
2024-09-18 12:54:54,608 [grpc-default-executor-3] INFO  server.GrpcLogAppender (GrpcLogAppender.java:onNext(649)) - omNode-1@group-0AAC5367B30E->omNode-bootstrap-2-InstallSnapshotResponseHandler: received a reply omNode-1<-omNode-bootstrap-2#0:FAIL-t1,IN_PROGRESS,snapshotIndex=0
2024-09-18 12:54:54,608 [grpc-default-executor-3] INFO  server.GrpcLogAppender (GrpcLogAppender.java:onNext(665)) - omNode-1@group-0AAC5367B30E->omNode-bootstrap-2-InstallSnapshotResponseHandler: InstallSnapshot in progress.
2024-09-18 12:54:54,608 [omNode-bootstrap-2-server-thread1] INFO  server.RaftServer$Division (RaftServerImpl.java:checkInconsistentAppendEntries(1629)) - omNode-bootstrap-2@group-0AAC5367B30E: Failed appendEntries as snapshot (0) installation is in progress
2024-09-18 12:54:54,609 [omNode-bootstrap-2-server-thread1] INFO  server.RaftServer$Division (RaftServerImpl.java:appendEntriesAsync(1584)) - omNode-bootstrap-2@group-0AAC5367B30E: appendEntries* reply omNode-1<-omNode-bootstrap-2#287:FAIL-t1,INCONSISTENCY,nextIndex=0,followerCommit=-1,matchIndex=-1
2024-09-18 12:54:54,609 [grpc-default-executor-3] WARN  server.GrpcLogAppender (GrpcLogAppender.java:onNextImpl(519)) - omNode-1@group-0AAC5367B30E->omNode-bootstrap-2-AppendLogResponseHandler: received INCONSISTENCY reply with nextIndex 0, errorCount=1, request=AppendEntriesRequest:cid=287,entriesCount=0
2024-09-18 12:54:54,609 [omNode-1@group-0AAC5367B30E->omNode-bootstrap-2-GrpcLogAppender-LogAppenderDaemon] INFO  server.GrpcLogAppender (GrpcLogAppender.java:notifyInstallSnapshot(790)) - omNode-1@group-0AAC5367B30E->omNode-bootstrap-2-GrpcLogAppender: notifyInstallSnapshot with firstAvailable=(t:1, i:0), followerNextIndex=0
2024-09-18 12:54:54,609 [omNode-1@group-0AAC5367B30E->omNode-bootstrap-2-GrpcLogAppender-LogAppenderDaemon] INFO  server.GrpcLogAppender (GrpcLogAppender.java:notifyInstallSnapshot(798)) - omNode-1@group-0AAC5367B30E->omNode-bootstrap-2-GrpcLogAppender: send omNode-1->omNode-bootstrap-2#0-t1,notify:(t:1, i:0)
2024-09-18 12:54:54,610 [grpc-default-executor-0] INFO  impl.SnapshotInstallationHandler (SnapshotInstallationHandler.java:installSnapshot(92)) - omNode-bootstrap-2@group-0AAC5367B30E: receive installSnapshot: omNode-1->omNode-bootstrap-2#0-t1,notify:(t:1, i:0)
2024-09-18 12:54:54,610 [grpc-default-executor-0] INFO  impl.SnapshotInstallationHandler (SnapshotInstallationHandler.java:installSnapshotImpl(138)) - omNode-bootstrap-2@group-0AAC5367B30E: set new configuration configurationEntry {
  peers {
    id: "omNode-1"
    address: "localhost:15015"
    startupRole: FOLLOWER
  }
}
 from snapshot
2024-09-18 12:54:54,610 [grpc-default-executor-0] INFO  server.RaftServer$Division (ServerState.java:setRaftConf(386)) - omNode-bootstrap-2@group-0AAC5367B30E: set configuration conf: {index: 0, cur=peers:[omNode-1|localhost:15015]|listeners:[], old=null}
2024-09-18 12:54:54,612 [grpc-default-executor-0] INFO  ratis.OzoneManagerStateMachine (OzoneManagerStateMachine.java:notifyConfigurationChanged(216)) - Received Configuration change notification from Ratis. New Peer list:
[id: "omNode-1"
address: "localhost:15015"
startupRole: FOLLOWER
]
2024-09-18 12:54:54,612 [grpc-default-executor-0] INFO  impl.SnapshotInstallationHandler (SnapshotInstallationHandler.java:installSnapshot(103)) - omNode-bootstrap-2@group-0AAC5367B30E: reply installSnapshot: omNode-1<-omNode-bootstrap-2#0:FAIL-t1,IN_PROGRESS,snapshotIndex=0
2024-09-18 12:54:54,612 [grpc-default-executor-0] INFO  server.GrpcServerProtocolService (GrpcServerProtocolService.java:onCompleted(157)) - omNode-bootstrap-2: Completed INSTALL_SNAPSHOT, lastRequest: omNode-1->omNode-bootstrap-2#0-t1,notify:(t:1, i:0)
2024-09-18 12:54:54,612 [grpc-default-executor-0] INFO  server.GrpcServerProtocolService (GrpcServerProtocolService.java:lambda$onCompleted$5(159)) - omNode-bootstrap-2: Completed INSTALL_SNAPSHOT, lastReply: null
2024-09-18 12:54:54,612 [grpc-default-executor-3] INFO  server.GrpcLogAppender (GrpcLogAppender.java:onNext(649)) - omNode-1@group-0AAC5367B30E->omNode-bootstrap-2-InstallSnapshotResponseHandler: received a reply omNode-1<-omNode-bootstrap-2#0:FAIL-t1,IN_PROGRESS,snapshotIndex=0
2024-09-18 12:54:54,613 [grpc-default-executor-3] INFO  server.GrpcLogAppender (GrpcLogAppender.java:onNext(665)) - omNode-1@group-0AAC5367B30E->omNode-bootstrap-2-InstallSnapshotResponseHandler: InstallSnapshot in progress.
2024-09-18 12:54:54,613 [omNode-1@group-0AAC5367B30E->omNode-bootstrap-2-GrpcLogAppender-LogAppenderDaemon] INFO  server.GrpcLogAppender (GrpcLogAppender.java:notifyInstallSnapshot(790)) - omNode-1@group-0AAC5367B30E->omNode-bootstrap-2-GrpcLogAppender: notifyInstallSnapshot with firstAvailable=(t:1, i:0), followerNextIndex=0
2024-09-18 12:54:54,613 [omNode-1@group-0AAC5367B30E->omNode-bootstrap-2-GrpcLogAppender-LogAppenderDaemon] INFO  server.GrpcLogAppender (GrpcLogAppender.java:notifyInstallSnapshot(798)) - omNode-1@group-0AAC5367B30E->omNode-bootstrap-2-GrpcLogAppender: send omNode-1->omNode-bootstrap-2#0-t1,notify:(t:1, i:0)
2024-09-18 12:54:54,613 [omNode-bootstrap-2-server-thread1] INFO  server.RaftServer$Division (RaftServerImpl.java:checkInconsistentAppendEntries(1629)) - omNode-bootstrap-2@group-0AAC5367B30E: Failed appendEntries as snapshot (0) installation is in progress
2024-09-18 12:54:54,614 [omNode-bootstrap-2-server-thread1] INFO  server.RaftServer$Division (RaftServerImpl.java:appendEntriesAsync(1584)) - omNode-bootstrap-2@group-0AAC5367B30E: appendEntries* reply omNode-1<-omNode-bootstrap-2#288:FAIL-t1,INCONSISTENCY,nextIndex=0,followerCommit=-1,matchIndex=-1
2024-09-18 12:54:54,614 [grpc-default-executor-1] INFO  impl.SnapshotInstallationHandler (SnapshotInstallationHandler.java:installSnapshot(92)) - omNode-bootstrap-2@group-0AAC5367B30E: receive installSnapshot: omNode-1->omNode-bootstrap-2#0-t1,notify:(t:1, i:0)
2024-09-18 12:54:54,614 [grpc-default-executor-1] INFO  impl.SnapshotInstallationHandler (SnapshotInstallationHandler.java:installSnapshotImpl(138)) - omNode-bootstrap-2@group-0AAC5367B30E: set new configuration configurationEntry {
  peers {
    id: "omNode-1"
    address: "localhost:15015"
    startupRole: FOLLOWER
  }
}
 from snapshot
2024-09-18 12:54:54,614 [grpc-default-executor-1] INFO  server.RaftServer$Division (ServerState.java:setRaftConf(386)) - omNode-bootstrap-2@group-0AAC5367B30E: set configuration conf: {index: 0, cur=peers:[omNode-1|localhost:15015]|listeners:[], old=null}
2024-09-18 12:54:54,615 [grpc-default-executor-3] WARN  server.GrpcLogAppender (GrpcLogAppender.java:onNextImpl(519)) - omNode-1@group-0AAC5367B30E->omNode-bootstrap-2-AppendLogResponseHandler: received INCONSISTENCY reply with nextIndex 0, errorCount=1, request=AppendEntriesRequest:cid=288,entriesCount=0
2024-09-18 12:54:54,616 [grpc-default-executor-1] INFO  ratis.OzoneManagerStateMachine (OzoneManagerStateMachine.java:notifyConfigurationChanged(216)) - Received Configuration change notification from Ratis. New Peer list:
[id: "omNode-1"
address: "localhost:15015"
startupRole: FOLLOWER
]
2024-09-18 12:54:54,616 [grpc-default-executor-1] INFO  impl.SnapshotInstallationHandler (SnapshotInstallationHandler.java:installSnapshot(103)) - omNode-bootstrap-2@group-0AAC5367B30E: reply installSnapshot: omNode-1<-omNode-bootstrap-2#0:FAIL-t1,IN_PROGRESS,snapshotIndex=0
2024-09-18 12:54:54,616 [grpc-default-executor-1] INFO  server.GrpcServerProtocolService (GrpcServerProtocolService.java:onCompleted(157)) - omNode-bootstrap-2: Completed INSTALL_SNAPSHOT, lastRequest: omNode-1->omNode-bootstrap-2#0-t1,notify:(t:1, i:0)
2024-09-18 12:54:54,616 [grpc-default-executor-1] INFO  server.GrpcServerProtocolService (GrpcServerProtocolService.java:lambda$onCompleted$5(159)) - omNode-bootstrap-2: Completed INSTALL_SNAPSHOT, lastReply: null
2024-09-18 12:54:54,616 [grpc-default-executor-3] INFO  server.GrpcLogAppender (GrpcLogAppender.java:onNext(649)) - omNode-1@group-0AAC5367B30E->omNode-bootstrap-2-InstallSnapshotResponseHandler: received a reply omNode-1<-omNode-bootstrap-2#0:FAIL-t1,IN_PROGRESS,snapshotIndex=0
2024-09-18 12:54:54,617 [grpc-default-executor-3] INFO  server.GrpcLogAppender (GrpcLogAppender.java:onNext(665)) - omNode-1@group-0AAC5367B30E->omNode-bootstrap-2-InstallSnapshotResponseHandler: InstallSnapshot in progress.
2024-09-18 12:54:54,617 [omNode-bootstrap-2-server-thread1] INFO  server.RaftServer$Division (RaftServerImpl.java:checkInconsistentAppendEntries(1629)) - omNode-bootstrap-2@group-0AAC5367B30E: Failed appendEntries as snapshot (0) installation is in progress
2024-09-18 12:54:54,617 [omNode-bootstrap-2-server-thread1] INFO  server.RaftServer$Division (RaftServerImpl.java:appendEntriesAsync(1584)) - omNode-bootstrap-2@group-0AAC5367B30E: appendEntries* reply omNode-1<-omNode-bootstrap-2#289:FAIL-t1,INCONSISTENCY,nextIndex=0,followerCommit=-1,matchIndex=-1
2024-09-18 12:54:54,618 [grpc-default-executor-3] WARN  server.GrpcLogAppender (GrpcLogAppender.java:onNextImpl(519)) - omNode-1@group-0AAC5367B30E->omNode-bootstrap-2-AppendLogResponseHandler: received INCONSISTENCY reply with nextIndex 0, errorCount=1, request=AppendEntriesRequest:cid=289,entriesCount=0
2024-09-18 12:54:54,618 [omNode-1@group-0AAC5367B30E->omNode-bootstrap-2-GrpcLogAppender-LogAppenderDaemon] INFO  server.GrpcLogAppender (GrpcLogAppender.java:notifyInstallSnapshot(790)) - omNode-1@group-0AAC5367B30E->omNode-bootstrap-2-GrpcLogAppender: notifyInstallSnapshot with firstAvailable=(t:1, i:0), followerNextIndex=0
2024-09-18 12:54:54,618 [omNode-1@group-0AAC5367B30E->omNode-bootstrap-2-GrpcLogAppender-LogAppenderDaemon] INFO  server.GrpcLogAppender (GrpcLogAppender.java:notifyInstallSnapshot(798)) - omNode-1@group-0AAC5367B30E->omNode-bootstrap-2-GrpcLogAppender: send omNode-1->omNode-bootstrap-2#0-t1,notify:(t:1, i:0)
2024-09-18 12:54:54,619 [grpc-default-executor-0] INFO  impl.SnapshotInstallationHandler (SnapshotInstallationHandler.java:installSnapshot(92)) - omNode-bootstrap-2@group-0AAC5367B30E: receive installSnapshot: omNode-1->omNode-bootstrap-2#0-t1,notify:(t:1, i:0)
2024-09-18 12:54:54,619 [grpc-default-executor-0] INFO  impl.SnapshotInstallationHandler (SnapshotInstallationHandler.java:installSnapshotImpl(138)) - omNode-bootstrap-2@group-0AAC5367B30E: set new configuration configurationEntry {
  peers {
    id: "omNode-1"
    address: "localhost:15015"
    startupRole: FOLLOWER
  }
}
 from snapshot
2024-09-18 12:54:54,619 [grpc-default-executor-0] INFO  server.RaftServer$Division (ServerState.java:setRaftConf(386)) - omNode-bootstrap-2@group-0AAC5367B30E: set configuration conf: {index: 0, cur=peers:[omNode-1|localhost:15015]|listeners:[], old=null}
2024-09-18 12:54:54,620 [grpc-default-executor-0] INFO  ratis.OzoneManagerStateMachine (OzoneManagerStateMachine.java:notifyConfigurationChanged(216)) - Received Configuration change notification from Ratis. New Peer list:
[id: "omNode-1"
address: "localhost:15015"
startupRole: FOLLOWER
]
2024-09-18 12:54:54,620 [grpc-default-executor-0] INFO  impl.SnapshotInstallationHandler (SnapshotInstallationHandler.java:installSnapshot(103)) - omNode-bootstrap-2@group-0AAC5367B30E: reply installSnapshot: omNode-1<-omNode-bootstrap-2#0:FAIL-t1,IN_PROGRESS,snapshotIndex=0
2024-09-18 12:54:54,621 [grpc-default-executor-0] INFO  server.GrpcServerProtocolService (GrpcServerProtocolService.java:onCompleted(157)) - omNode-bootstrap-2: Completed INSTALL_SNAPSHOT, lastRequest: omNode-1->omNode-bootstrap-2#0-t1,notify:(t:1, i:0)
2024-09-18 12:54:54,621 [grpc-default-executor-0] INFO  server.GrpcServerProtocolService (GrpcServerProtocolService.java:lambda$onCompleted$5(159)) - omNode-bootstrap-2: Completed INSTALL_SNAPSHOT, lastReply: null
2024-09-18 12:54:54,621 [grpc-default-executor-3] INFO  server.GrpcLogAppender (GrpcLogAppender.java:onNext(649)) - omNode-1@group-0AAC5367B30E->omNode-bootstrap-2-InstallSnapshotResponseHandler: received a reply omNode-1<-omNode-bootstrap-2#0:FAIL-t1,IN_PROGRESS,snapshotIndex=0
2024-09-18 12:54:54,621 [grpc-default-executor-3] INFO  server.GrpcLogAppender (GrpcLogAppender.java:onNext(665)) - omNode-1@group-0AAC5367B30E->omNode-bootstrap-2-InstallSnapshotResponseHandler: InstallSnapshot in progress.
2024-09-18 12:54:54,622 [omNode-bootstrap-2-server-thread1] INFO  server.RaftServer$Division (RaftServerImpl.java:checkInconsistentAppendEntries(1629)) - omNode-bootstrap-2@group-0AAC5367B30E: Failed appendEntries as snapshot (0) installation is in progress
2024-09-18 12:54:54,622 [omNode-bootstrap-2-server-thread1] INFO  server.RaftServer$Division (RaftServerImpl.java:appendEntriesAsync(1584)) - omNode-bootstrap-2@group-0AAC5367B30E: appendEntries* reply omNode-1<-omNode-bootstrap-2#290:FAIL-t1,INCONSISTENCY,nextIndex=0,followerCommit=-1,matchIndex=-1
2024-09-18 12:54:54,622 [grpc-default-executor-3] WARN  server.GrpcLogAppender (GrpcLogAppender.java:onNextImpl(519)) - omNode-1@group-0AAC5367B30E->omNode-bootstrap-2-AppendLogResponseHandler: received INCONSISTENCY reply with nextIndex 0, errorCount=1, request=AppendEntriesRequest:cid=290,entriesCount=0
2024-09-18 12:54:54,622 [omNode-1@group-0AAC5367B30E->omNode-bootstrap-2-GrpcLogAppender-LogAppenderDaemon] INFO  server.GrpcLogAppender (GrpcLogAppender.java:notifyInstallSnapshot(790)) - omNode-1@group-0AAC5367B30E->omNode-bootstrap-2-GrpcLogAppender: notifyInstallSnapshot with firstAvailable=(t:1, i:0), followerNextIndex=0
2024-09-18 12:54:54,623 [omNode-1@group-0AAC5367B30E->omNode-bootstrap-2-GrpcLogAppender-LogAppenderDaemon] INFO  server.GrpcLogAppender (GrpcLogAppender.java:notifyInstallSnapshot(798)) - omNode-1@group-0AAC5367B30E->omNode-bootstrap-2-GrpcLogAppender: send omNode-1->omNode-bootstrap-2#0-t1,notify:(t:1, i:0)
2024-09-18 12:54:54,623 [grpc-default-executor-1] INFO  impl.SnapshotInstallationHandler (SnapshotInstallationHandler.java:installSnapshot(92)) - omNode-bootstrap-2@group-0AAC5367B30E: receive installSnapshot: omNode-1->omNode-bootstrap-2#0-t1,notify:(t:1, i:0)
2024-09-18 12:54:54,624 [grpc-default-executor-1] INFO  impl.SnapshotInstallationHandler (SnapshotInstallationHandler.java:installSnapshotImpl(138)) - omNode-bootstrap-2@group-0AAC5367B30E: set new configuration configurationEntry {
  peers {
    id: "omNode-1"
    address: "localhost:15015"
    startupRole: FOLLOWER
  }
}
 from snapshot
2024-09-18 12:54:54,624 [grpc-default-executor-1] INFO  server.RaftServer$Division (ServerState.java:setRaftConf(386)) - omNode-bootstrap-2@group-0AAC5367B30E: set configuration conf: {index: 0, cur=peers:[omNode-1|localhost:15015]|listeners:[], old=null}
2024-09-18 12:54:54,625 [grpc-default-executor-1] INFO  ratis.OzoneManagerStateMachine (OzoneManagerStateMachine.java:notifyConfigurationChanged(216)) - Received Configuration change notification from Ratis. New Peer list:
[id: "omNode-1"
address: "localhost:15015"
startupRole: FOLLOWER
]
2024-09-18 12:54:54,625 [grpc-default-executor-1] INFO  impl.SnapshotInstallationHandler (SnapshotInstallationHandler.java:installSnapshot(103)) - omNode-bootstrap-2@group-0AAC5367B30E: reply installSnapshot: omNode-1<-omNode-bootstrap-2#0:FAIL-t1,IN_PROGRESS,snapshotIndex=0
2024-09-18 12:54:54,625 [grpc-default-executor-1] INFO  server.GrpcServerProtocolService (GrpcServerProtocolService.java:onCompleted(157)) - omNode-bootstrap-2: Completed INSTALL_SNAPSHOT, lastRequest: omNode-1->omNode-bootstrap-2#0-t1,notify:(t:1, i:0)
2024-09-18 12:54:54,626 [grpc-default-executor-1] INFO  server.GrpcServerProtocolService (GrpcServerProtocolService.java:lambda$onCompleted$5(159)) - omNode-bootstrap-2: Completed INSTALL_SNAPSHOT, lastReply: null
2024-09-18 12:54:54,626 [grpc-default-executor-3] INFO  server.GrpcLogAppender (GrpcLogAppender.java:onNext(649)) - omNode-1@group-0AAC5367B30E->omNode-bootstrap-2-InstallSnapshotResponseHandler: received a reply omNode-1<-omNode-bootstrap-2#0:FAIL-t1,IN_PROGRESS,snapshotIndex=0
2024-09-18 12:54:54,626 [grpc-default-executor-3] INFO  server.GrpcLogAppender (GrpcLogAppender.java:onNext(665)) - omNode-1@group-0AAC5367B30E->omNode-bootstrap-2-InstallSnapshotResponseHandler: InstallSnapshot in progress.
2024-09-18 12:54:54,627 [omNode-1@group-0AAC5367B30E->omNode-bootstrap-2-GrpcLogAppender-LogAppenderDaemon] INFO  server.GrpcLogAppender (GrpcLogAppender.java:notifyInstallSnapshot(790)) - omNode-1@group-0AAC5367B30E->omNode-bootstrap-2-GrpcLogAppender: notifyInstallSnapshot with firstAvailable=(t:1, i:0), followerNextIndex=0
2024-09-18 12:54:54,627 [omNode-1@group-0AAC5367B30E->omNode-bootstrap-2-GrpcLogAppender-LogAppenderDaemon] INFO  server.GrpcLogAppender (GrpcLogAppender.java:notifyInstallSnapshot(798)) - omNode-1@group-0AAC5367B30E->omNode-bootstrap-2-GrpcLogAppender: send omNode-1->omNode-bootstrap-2#0-t1,notify:(t:1, i:0)
2024-09-18 12:54:54,627 [grpc-default-executor-4] INFO  impl.SnapshotInstallationHandler (SnapshotInstallationHandler.java:installSnapshot(92)) - omNode-bootstrap-2@group-0AAC5367B30E: receive installSnapshot: omNode-1->omNode-bootstrap-2#0-t1,notify:(t:1, i:0)
2024-09-18 12:54:54,627 [grpc-default-executor-4] INFO  impl.SnapshotInstallationHandler (SnapshotInstallationHandler.java:installSnapshotImpl(138)) - omNode-bootstrap-2@group-0AAC5367B30E: set new configuration configurationEntry {
  peers {
    id: "omNode-1"
    address: "localhost:15015"
    startupRole: FOLLOWER
  }
}
 from snapshot
2024-09-18 12:54:54,628 [grpc-default-executor-4] INFO  server.RaftServer$Division (ServerState.java:setRaftConf(386)) - omNode-bootstrap-2@group-0AAC5367B30E: set configuration conf: {index: 0, cur=peers:[omNode-1|localhost:15015]|listeners:[], old=null}
2024-09-18 12:54:54,628 [omNode-bootstrap-2-server-thread1] INFO  server.RaftServer$Division (RaftServerImpl.java:checkInconsistentAppendEntries(1629)) - omNode-bootstrap-2@group-0AAC5367B30E: Failed appendEntries as snapshot (0) installation is in progress
2024-09-18 12:54:54,628 [omNode-bootstrap-2-server-thread1] INFO  server.RaftServer$Division (RaftServerImpl.java:appendEntriesAsync(1584)) - omNode-bootstrap-2@group-0AAC5367B30E: appendEntries* reply omNode-1<-omNode-bootstrap-2#291:FAIL-t1,INCONSISTENCY,nextIndex=0,followerCommit=-1,matchIndex=-1
2024-09-18 12:54:54,629 [grpc-default-executor-3] WARN  server.GrpcLogAppender (GrpcLogAppender.java:onNextImpl(519)) - omNode-1@group-0AAC5367B30E->omNode-bootstrap-2-AppendLogResponseHandler: received INCONSISTENCY reply with nextIndex 0, errorCount=1, request=AppendEntriesRequest:cid=291,entriesCount=0
2024-09-18 12:54:54,629 [grpc-default-executor-4] INFO  ratis.OzoneManagerStateMachine (OzoneManagerStateMachine.java:notifyConfigurationChanged(216)) - Received Configuration change notification from Ratis. New Peer list:
[id: "omNode-1"
address: "localhost:15015"
startupRole: FOLLOWER
]
2024-09-18 12:54:54,629 [grpc-default-executor-4] INFO  impl.SnapshotInstallationHandler (SnapshotInstallationHandler.java:installSnapshot(103)) - omNode-bootstrap-2@group-0AAC5367B30E: reply installSnapshot: omNode-1<-omNode-bootstrap-2#0:FAIL-t1,IN_PROGRESS,snapshotIndex=0
2024-09-18 12:54:54,629 [grpc-default-executor-4] INFO  server.GrpcServerProtocolService (GrpcServerProtocolService.java:onCompleted(157)) - omNode-bootstrap-2: Completed INSTALL_SNAPSHOT, lastRequest: omNode-1->omNode-bootstrap-2#0-t1,notify:(t:1, i:0)
2024-09-18 12:54:54,629 [grpc-default-executor-4] INFO  server.GrpcServerProtocolService (GrpcServerProtocolService.java:lambda$onCompleted$5(159)) - omNode-bootstrap-2: Completed INSTALL_SNAPSHOT, lastReply: null
2024-09-18 12:54:54,630 [grpc-default-executor-4] INFO  server.GrpcLogAppender (GrpcLogAppender.java:onNext(649)) - omNode-1@group-0AAC5367B30E->omNode-bootstrap-2-InstallSnapshotResponseHandler: received a reply omNode-1<-omNode-bootstrap-2#0:FAIL-t1,IN_PROGRESS,snapshotIndex=0
2024-09-18 12:54:54,630 [grpc-default-executor-4] INFO  server.GrpcLogAppender (GrpcLogAppender.java:onNext(665)) - omNode-1@group-0AAC5367B30E->omNode-bootstrap-2-InstallSnapshotResponseHandler: InstallSnapshot in progress.
2024-09-18 12:54:54,630 [omNode-bootstrap-2-server-thread1] INFO  server.RaftServer$Division (RaftServerImpl.java:checkInconsistentAppendEntries(1629)) - omNode-bootstrap-2@group-0AAC5367B30E: Failed appendEntries as snapshot (0) installation is in progress
2024-09-18 12:54:54,630 [omNode-bootstrap-2-server-thread1] INFO  server.RaftServer$Division (RaftServerImpl.java:appendEntriesAsync(1584)) - omNode-bootstrap-2@group-0AAC5367B30E: appendEntries* reply omNode-1<-omNode-bootstrap-2#292:FAIL-t1,INCONSISTENCY,nextIndex=0,followerCommit=-1,matchIndex=-1
2024-09-18 12:54:54,631 [grpc-default-executor-4] WARN  server.GrpcLogAppender (GrpcLogAppender.java:onNextImpl(519)) - omNode-1@group-0AAC5367B30E->omNode-bootstrap-2-AppendLogResponseHandler: received INCONSISTENCY reply with nextIndex 0, errorCount=1, request=AppendEntriesRequest:cid=292,entriesCount=0
2024-09-18 12:54:54,631 [omNode-1@group-0AAC5367B30E->omNode-bootstrap-2-GrpcLogAppender-LogAppenderDaemon] INFO  server.GrpcLogAppender (GrpcLogAppender.java:notifyInstallSnapshot(790)) - omNode-1@group-0AAC5367B30E->omNode-bootstrap-2-GrpcLogAppender: notifyInstallSnapshot with firstAvailable=(t:1, i:0), followerNextIndex=0
2024-09-18 12:54:54,631 [omNode-1@group-0AAC5367B30E->omNode-bootstrap-2-GrpcLogAppender-LogAppenderDaemon] INFO  server.GrpcLogAppender (GrpcLogAppender.java:notifyInstallSnapshot(798)) - omNode-1@group-0AAC5367B30E->omNode-bootstrap-2-GrpcLogAppender: send omNode-1->omNode-bootstrap-2#0-t1,notify:(t:1, i:0)
2024-09-18 12:54:54,632 [grpc-default-executor-4] INFO  impl.SnapshotInstallationHandler (SnapshotInstallationHandler.java:installSnapshot(92)) - omNode-bootstrap-2@group-0AAC5367B30E: receive installSnapshot: omNode-1->omNode-bootstrap-2#0-t1,notify:(t:1, i:0)
2024-09-18 12:54:54,632 [grpc-default-executor-4] INFO  impl.SnapshotInstallationHandler (SnapshotInstallationHandler.java:installSnapshotImpl(138)) - omNode-bootstrap-2@group-0AAC5367B30E: set new configuration configurationEntry {
  peers {
    id: "omNode-1"
    address: "localhost:15015"
    startupRole: FOLLOWER
  }
}
 from snapshot
2024-09-18 12:54:54,632 [grpc-default-executor-4] INFO  server.RaftServer$Division (ServerState.java:setRaftConf(386)) - omNode-bootstrap-2@group-0AAC5367B30E: set configuration conf: {index: 0, cur=peers:[omNode-1|localhost:15015]|listeners:[], old=null}
2024-09-18 12:54:54,633 [grpc-default-executor-4] INFO  ratis.OzoneManagerStateMachine (OzoneManagerStateMachine.java:notifyConfigurationChanged(216)) - Received Configuration change notification from Ratis. New Peer list:
[id: "omNode-1"
address: "localhost:15015"
startupRole: FOLLOWER
]
2024-09-18 12:54:54,633 [grpc-default-executor-4] INFO  impl.SnapshotInstallationHandler (SnapshotInstallationHandler.java:installSnapshot(103)) - omNode-bootstrap-2@group-0AAC5367B30E: reply installSnapshot: omNode-1<-omNode-bootstrap-2#0:FAIL-t1,IN_PROGRESS,snapshotIndex=0
2024-09-18 12:54:54,633 [grpc-default-executor-4] INFO  server.GrpcServerProtocolService (GrpcServerProtocolService.java:onCompleted(157)) - omNode-bootstrap-2: Completed INSTALL_SNAPSHOT, lastRequest: omNode-1->omNode-bootstrap-2#0-t1,notify:(t:1, i:0)
2024-09-18 12:54:54,633 [grpc-default-executor-4] INFO  server.GrpcServerProtocolService (GrpcServerProtocolService.java:lambda$onCompleted$5(159)) - omNode-bootstrap-2: Completed INSTALL_SNAPSHOT, lastReply: null
2024-09-18 12:54:54,634 [grpc-default-executor-4] INFO  server.GrpcLogAppender (GrpcLogAppender.java:onNext(649)) - omNode-1@group-0AAC5367B30E->omNode-bootstrap-2-InstallSnapshotResponseHandler: received a reply omNode-1<-omNode-bootstrap-2#0:FAIL-t1,IN_PROGRESS,snapshotIndex=0
2024-09-18 12:54:54,634 [grpc-default-executor-4] INFO  server.GrpcLogAppender (GrpcLogAppender.java:onNext(665)) - omNode-1@group-0AAC5367B30E->omNode-bootstrap-2-InstallSnapshotResponseHandler: InstallSnapshot in progress.
2024-09-18 12:54:54,634 [omNode-1@group-0AAC5367B30E->omNode-bootstrap-2-GrpcLogAppender-LogAppenderDaemon] INFO  server.GrpcLogAppender (GrpcLogAppender.java:notifyInstallSnapshot(790)) - omNode-1@group-0AAC5367B30E->omNode-bootstrap-2-GrpcLogAppender: notifyInstallSnapshot with firstAvailable=(t:1, i:0), followerNextIndex=0
2024-09-18 12:54:54,634 [omNode-1@group-0AAC5367B30E->omNode-bootstrap-2-GrpcLogAppender-LogAppenderDaemon] INFO  server.GrpcLogAppender (GrpcLogAppender.java:notifyInstallSnapshot(798)) - omNode-1@group-0AAC5367B30E->omNode-bootstrap-2-GrpcLogAppender: send omNode-1->omNode-bootstrap-2#0-t1,notify:(t:1, i:0)
2024-09-18 12:54:54,635 [omNode-bootstrap-2-server-thread1] INFO  server.RaftServer$Division (RaftServerImpl.java:checkInconsistentAppendEntries(1629)) - omNode-bootstrap-2@group-0AAC5367B30E: Failed appendEntries as snapshot (0) installation is in progress
2024-09-18 12:54:54,635 [omNode-bootstrap-2-server-thread1] INFO  server.RaftServer$Division (RaftServerImpl.java:appendEntriesAsync(1584)) - omNode-bootstrap-2@group-0AAC5367B30E: appendEntries* reply omNode-1<-omNode-bootstrap-2#293:FAIL-t1,INCONSISTENCY,nextIndex=0,followerCommit=-1,matchIndex=-1
2024-09-18 12:54:54,635 [grpc-default-executor-3] INFO  impl.SnapshotInstallationHandler (SnapshotInstallationHandler.java:installSnapshot(92)) - omNode-bootstrap-2@group-0AAC5367B30E: receive installSnapshot: omNode-1->omNode-bootstrap-2#0-t1,notify:(t:1, i:0)
2024-09-18 12:54:54,635 [grpc-default-executor-3] INFO  impl.SnapshotInstallationHandler (SnapshotInstallationHandler.java:installSnapshotImpl(138)) - omNode-bootstrap-2@group-0AAC5367B30E: set new configuration configurationEntry {
  peers {
    id: "omNode-1"
    address: "localhost:15015"
    startupRole: FOLLOWER
  }
}
 from snapshot
2024-09-18 12:54:54,635 [grpc-default-executor-3] INFO  server.RaftServer$Division (ServerState.java:setRaftConf(386)) - omNode-bootstrap-2@group-0AAC5367B30E: set configuration conf: {index: 0, cur=peers:[omNode-1|localhost:15015]|listeners:[], old=null}
2024-09-18 12:54:54,636 [grpc-default-executor-1] WARN  server.GrpcLogAppender (GrpcLogAppender.java:onNextImpl(519)) - omNode-1@group-0AAC5367B30E->omNode-bootstrap-2-AppendLogResponseHandler: received INCONSISTENCY reply with nextIndex 0, errorCount=1, request=AppendEntriesRequest:cid=293,entriesCount=0
2024-09-18 12:54:54,637 [grpc-default-executor-3] INFO  ratis.OzoneManagerStateMachine (OzoneManagerStateMachine.java:notifyConfigurationChanged(216)) - Received Configuration change notification from Ratis. New Peer list:
[id: "omNode-1"
address: "localhost:15015"
startupRole: FOLLOWER
]
2024-09-18 12:54:54,637 [grpc-default-executor-3] INFO  impl.SnapshotInstallationHandler (SnapshotInstallationHandler.java:installSnapshot(103)) - omNode-bootstrap-2@group-0AAC5367B30E: reply installSnapshot: omNode-1<-omNode-bootstrap-2#0:FAIL-t1,IN_PROGRESS,snapshotIndex=0
2024-09-18 12:54:54,637 [grpc-default-executor-3] INFO  server.GrpcServerProtocolService (GrpcServerProtocolService.java:onCompleted(157)) - omNode-bootstrap-2: Completed INSTALL_SNAPSHOT, lastRequest: omNode-1->omNode-bootstrap-2#0-t1,notify:(t:1, i:0)
2024-09-18 12:54:54,637 [grpc-default-executor-3] INFO  server.GrpcServerProtocolService (GrpcServerProtocolService.java:lambda$onCompleted$5(159)) - omNode-bootstrap-2: Completed INSTALL_SNAPSHOT, lastReply: null
2024-09-18 12:54:54,638 [grpc-default-executor-3] INFO  server.GrpcLogAppender (GrpcLogAppender.java:onNext(649)) - omNode-1@group-0AAC5367B30E->omNode-bootstrap-2-InstallSnapshotResponseHandler: received a reply omNode-1<-omNode-bootstrap-2#0:FAIL-t1,IN_PROGRESS,snapshotIndex=0
2024-09-18 12:54:54,638 [grpc-default-executor-3] INFO  server.GrpcLogAppender (GrpcLogAppender.java:onNext(665)) - omNode-1@group-0AAC5367B30E->omNode-bootstrap-2-InstallSnapshotResponseHandler: InstallSnapshot in progress.
2024-09-18 12:54:54,638 [omNode-bootstrap-2-server-thread1] INFO  server.RaftServer$Division (RaftServerImpl.java:checkInconsistentAppendEntries(1629)) - omNode-bootstrap-2@group-0AAC5367B30E: Failed appendEntries as snapshot (0) installation is in progress
2024-09-18 12:54:54,638 [omNode-bootstrap-2-server-thread1] INFO  server.RaftServer$Division (RaftServerImpl.java:appendEntriesAsync(1584)) - omNode-bootstrap-2@group-0AAC5367B30E: appendEntries* reply omNode-1<-omNode-bootstrap-2#294:FAIL-t1,INCONSISTENCY,nextIndex=0,followerCommit=-1,matchIndex=-1
2024-09-18 12:54:54,639 [grpc-default-executor-3] WARN  server.GrpcLogAppender (GrpcLogAppender.java:onNextImpl(519)) - omNode-1@group-0AAC5367B30E->omNode-bootstrap-2-AppendLogResponseHandler: received INCONSISTENCY reply with nextIndex 0, errorCount=1, request=AppendEntriesRequest:cid=294,entriesCount=0
2024-09-18 12:54:54,639 [omNode-1@group-0AAC5367B30E->omNode-bootstrap-2-GrpcLogAppender-LogAppenderDaemon] INFO  server.GrpcLogAppender (GrpcLogAppender.java:notifyInstallSnapshot(790)) - omNode-1@group-0AAC5367B30E->omNode-bootstrap-2-GrpcLogAppender: notifyInstallSnapshot with firstAvailable=(t:1, i:0), followerNextIndex=0
2024-09-18 12:54:54,639 [omNode-1@group-0AAC5367B30E->omNode-bootstrap-2-GrpcLogAppender-LogAppenderDaemon] INFO  server.GrpcLogAppender (GrpcLogAppender.java:notifyInstallSnapshot(798)) - omNode-1@group-0AAC5367B30E->omNode-bootstrap-2-GrpcLogAppender: send omNode-1->omNode-bootstrap-2#0-t1,notify:(t:1, i:0)
2024-09-18 12:54:54,640 [grpc-default-executor-3] INFO  impl.SnapshotInstallationHandler (SnapshotInstallationHandler.java:installSnapshot(92)) - omNode-bootstrap-2@group-0AAC5367B30E: receive installSnapshot: omNode-1->omNode-bootstrap-2#0-t1,notify:(t:1, i:0)
2024-09-18 12:54:54,640 [grpc-default-executor-3] INFO  impl.SnapshotInstallationHandler (SnapshotInstallationHandler.java:installSnapshotImpl(138)) - omNode-bootstrap-2@group-0AAC5367B30E: set new configuration configurationEntry {
  peers {
    id: "omNode-1"
    address: "localhost:15015"
    startupRole: FOLLOWER
  }
}
 from snapshot
2024-09-18 12:54:54,640 [grpc-default-executor-3] INFO  server.RaftServer$Division (ServerState.java:setRaftConf(386)) - omNode-bootstrap-2@group-0AAC5367B30E: set configuration conf: {index: 0, cur=peers:[omNode-1|localhost:15015]|listeners:[], old=null}
2024-09-18 12:54:54,641 [grpc-default-executor-3] INFO  ratis.OzoneManagerStateMachine (OzoneManagerStateMachine.java:notifyConfigurationChanged(216)) - Received Configuration change notification from Ratis. New Peer list:
[id: "omNode-1"
address: "localhost:15015"
startupRole: FOLLOWER
]
2024-09-18 12:54:54,641 [grpc-default-executor-3] INFO  impl.SnapshotInstallationHandler (SnapshotInstallationHandler.java:installSnapshot(103)) - omNode-bootstrap-2@group-0AAC5367B30E: reply installSnapshot: omNode-1<-omNode-bootstrap-2#0:FAIL-t1,IN_PROGRESS,snapshotIndex=0
2024-09-18 12:54:54,641 [grpc-default-executor-3] INFO  server.GrpcServerProtocolService (GrpcServerProtocolService.java:onCompleted(157)) - omNode-bootstrap-2: Completed INSTALL_SNAPSHOT, lastRequest: omNode-1->omNode-bootstrap-2#0-t1,notify:(t:1, i:0)
2024-09-18 12:54:54,641 [grpc-default-executor-3] INFO  server.GrpcServerProtocolService (GrpcServerProtocolService.java:lambda$onCompleted$5(159)) - omNode-bootstrap-2: Completed INSTALL_SNAPSHOT, lastReply: null
2024-09-18 12:54:54,641 [grpc-default-executor-3] INFO  server.GrpcLogAppender (GrpcLogAppender.java:onNext(649)) - omNode-1@group-0AAC5367B30E->omNode-bootstrap-2-InstallSnapshotResponseHandler: received a reply omNode-1<-omNode-bootstrap-2#0:FAIL-t1,IN_PROGRESS,snapshotIndex=0
2024-09-18 12:54:54,641 [grpc-default-executor-3] INFO  server.GrpcLogAppender (GrpcLogAppender.java:onNext(665)) - omNode-1@group-0AAC5367B30E->omNode-bootstrap-2-InstallSnapshotResponseHandler: InstallSnapshot in progress.
2024-09-18 12:54:54,642 [omNode-bootstrap-2-server-thread1] INFO  server.RaftServer$Division (RaftServerImpl.java:checkInconsistentAppendEntries(1629)) - omNode-bootstrap-2@group-0AAC5367B30E: Failed appendEntries as snapshot (0) installation is in progress
2024-09-18 12:54:54,642 [omNode-bootstrap-2-server-thread1] INFO  server.RaftServer$Division (RaftServerImpl.java:appendEntriesAsync(1584)) - omNode-bootstrap-2@group-0AAC5367B30E: appendEntries* reply omNode-1<-omNode-bootstrap-2#295:FAIL-t1,INCONSISTENCY,nextIndex=0,followerCommit=-1,matchIndex=-1
2024-09-18 12:54:54,642 [grpc-default-executor-3] WARN  server.GrpcLogAppender (GrpcLogAppender.java:onNextImpl(519)) - omNode-1@group-0AAC5367B30E->omNode-bootstrap-2-AppendLogResponseHandler: received INCONSISTENCY reply with nextIndex 0, errorCount=1, request=AppendEntriesRequest:cid=295,entriesCount=0
2024-09-18 12:54:54,642 [omNode-1@group-0AAC5367B30E->omNode-bootstrap-2-GrpcLogAppender-LogAppenderDaemon] INFO  server.GrpcLogAppender (GrpcLogAppender.java:notifyInstallSnapshot(790)) - omNode-1@group-0AAC5367B30E->omNode-bootstrap-2-GrpcLogAppender: notifyInstallSnapshot with firstAvailable=(t:1, i:0), followerNextIndex=0
2024-09-18 12:54:54,642 [omNode-1@group-0AAC5367B30E->omNode-bootstrap-2-GrpcLogAppender-LogAppenderDaemon] INFO  server.GrpcLogAppender (GrpcLogAppender.java:notifyInstallSnapshot(798)) - omNode-1@group-0AAC5367B30E->omNode-bootstrap-2-GrpcLogAppender: send omNode-1->omNode-bootstrap-2#0-t1,notify:(t:1, i:0)
2024-09-18 12:54:54,643 [grpc-default-executor-3] INFO  impl.SnapshotInstallationHandler (SnapshotInstallationHandler.java:installSnapshot(92)) - omNode-bootstrap-2@group-0AAC5367B30E: receive installSnapshot: omNode-1->omNode-bootstrap-2#0-t1,notify:(t:1, i:0)
2024-09-18 12:54:54,643 [grpc-default-executor-3] INFO  impl.SnapshotInstallationHandler (SnapshotInstallationHandler.java:installSnapshotImpl(138)) - omNode-bootstrap-2@group-0AAC5367B30E: set new configuration configurationEntry {
  peers {
    id: "omNode-1"
    address: "localhost:15015"
    startupRole: FOLLOWER
  }
}
 from snapshot
2024-09-18 12:54:54,643 [grpc-default-executor-3] INFO  server.RaftServer$Division (ServerState.java:setRaftConf(386)) - omNode-bootstrap-2@group-0AAC5367B30E: set configuration conf: {index: 0, cur=peers:[omNode-1|localhost:15015]|listeners:[], old=null}
2024-09-18 12:54:54,645 [grpc-default-executor-3] INFO  ratis.OzoneManagerStateMachine (OzoneManagerStateMachine.java:notifyConfigurationChanged(216)) - Received Configuration change notification from Ratis. New Peer list:
[id: "omNode-1"
address: "localhost:15015"
startupRole: FOLLOWER
]
2024-09-18 12:54:54,645 [grpc-default-executor-3] INFO  impl.SnapshotInstallationHandler (SnapshotInstallationHandler.java:installSnapshot(103)) - omNode-bootstrap-2@group-0AAC5367B30E: reply installSnapshot: omNode-1<-omNode-bootstrap-2#0:FAIL-t1,IN_PROGRESS,snapshotIndex=0
2024-09-18 12:54:54,645 [grpc-default-executor-3] INFO  server.GrpcServerProtocolService (GrpcServerProtocolService.java:onCompleted(157)) - omNode-bootstrap-2: Completed INSTALL_SNAPSHOT, lastRequest: omNode-1->omNode-bootstrap-2#0-t1,notify:(t:1, i:0)
2024-09-18 12:54:54,645 [grpc-default-executor-3] INFO  server.GrpcServerProtocolService (GrpcServerProtocolService.java:lambda$onCompleted$5(159)) - omNode-bootstrap-2: Completed INSTALL_SNAPSHOT, lastReply: null
2024-09-18 12:54:54,645 [grpc-default-executor-1] INFO  server.GrpcLogAppender (GrpcLogAppender.java:onNext(649)) - omNode-1@group-0AAC5367B30E->omNode-bootstrap-2-InstallSnapshotResponseHandler: received a reply omNode-1<-omNode-bootstrap-2#0:FAIL-t1,IN_PROGRESS,snapshotIndex=0
2024-09-18 12:54:54,645 [grpc-default-executor-1] INFO  server.GrpcLogAppender (GrpcLogAppender.java:onNext(665)) - omNode-1@group-0AAC5367B30E->omNode-bootstrap-2-InstallSnapshotResponseHandler: InstallSnapshot in progress.
2024-09-18 12:54:54,646 [omNode-bootstrap-2-server-thread1] INFO  server.RaftServer$Division (RaftServerImpl.java:checkInconsistentAppendEntries(1629)) - omNode-bootstrap-2@group-0AAC5367B30E: Failed appendEntries as snapshot (0) installation is in progress
2024-09-18 12:54:54,646 [omNode-bootstrap-2-server-thread1] INFO  server.RaftServer$Division (RaftServerImpl.java:appendEntriesAsync(1584)) - omNode-bootstrap-2@group-0AAC5367B30E: appendEntries* reply omNode-1<-omNode-bootstrap-2#296:FAIL-t1,INCONSISTENCY,nextIndex=0,followerCommit=-1,matchIndex=-1
2024-09-18 12:54:54,646 [grpc-default-executor-1] WARN  server.GrpcLogAppender (GrpcLogAppender.java:onNextImpl(519)) - omNode-1@group-0AAC5367B30E->omNode-bootstrap-2-AppendLogResponseHandler: received INCONSISTENCY reply with nextIndex 0, errorCount=1, request=AppendEntriesRequest:cid=296,entriesCount=0
2024-09-18 12:54:54,646 [omNode-1@group-0AAC5367B30E->omNode-bootstrap-2-GrpcLogAppender-LogAppenderDaemon] INFO  server.GrpcLogAppender (GrpcLogAppender.java:notifyInstallSnapshot(790)) - omNode-1@group-0AAC5367B30E->omNode-bootstrap-2-GrpcLogAppender: notifyInstallSnapshot with firstAvailable=(t:1, i:0), followerNextIndex=0
2024-09-18 12:54:54,646 [omNode-1@group-0AAC5367B30E->omNode-bootstrap-2-GrpcLogAppender-LogAppenderDaemon] INFO  server.GrpcLogAppender (GrpcLogAppender.java:notifyInstallSnapshot(798)) - omNode-1@group-0AAC5367B30E->omNode-bootstrap-2-GrpcLogAppender: send omNode-1->omNode-bootstrap-2#0-t1,notify:(t:1, i:0)
2024-09-18 12:54:54,647 [grpc-default-executor-3] INFO  impl.SnapshotInstallationHandler (SnapshotInstallationHandler.java:installSnapshot(92)) - omNode-bootstrap-2@group-0AAC5367B30E: receive installSnapshot: omNode-1->omNode-bootstrap-2#0-t1,notify:(t:1, i:0)
2024-09-18 12:54:54,647 [grpc-default-executor-3] INFO  impl.SnapshotInstallationHandler (SnapshotInstallationHandler.java:installSnapshotImpl(138)) - omNode-bootstrap-2@group-0AAC5367B30E: set new configuration configurationEntry {
  peers {
    id: "omNode-1"
    address: "localhost:15015"
    startupRole: FOLLOWER
  }
}
 from snapshot
2024-09-18 12:54:54,647 [grpc-default-executor-3] INFO  server.RaftServer$Division (ServerState.java:setRaftConf(386)) - omNode-bootstrap-2@group-0AAC5367B30E: set configuration conf: {index: 0, cur=peers:[omNode-1|localhost:15015]|listeners:[], old=null}
2024-09-18 12:54:54,648 [grpc-default-executor-3] INFO  ratis.OzoneManagerStateMachine (OzoneManagerStateMachine.java:notifyConfigurationChanged(216)) - Received Configuration change notification from Ratis. New Peer list:
[id: "omNode-1"
address: "localhost:15015"
startupRole: FOLLOWER
]
2024-09-18 12:54:54,648 [grpc-default-executor-3] INFO  impl.SnapshotInstallationHandler (SnapshotInstallationHandler.java:installSnapshot(103)) - omNode-bootstrap-2@group-0AAC5367B30E: reply installSnapshot: omNode-1<-omNode-bootstrap-2#0:FAIL-t1,IN_PROGRESS,snapshotIndex=0
2024-09-18 12:54:54,649 [grpc-default-executor-3] INFO  server.GrpcServerProtocolService (GrpcServerProtocolService.java:onCompleted(157)) - omNode-bootstrap-2: Completed INSTALL_SNAPSHOT, lastRequest: omNode-1->omNode-bootstrap-2#0-t1,notify:(t:1, i:0)
2024-09-18 12:54:54,649 [grpc-default-executor-3] INFO  server.GrpcServerProtocolService (GrpcServerProtocolService.java:lambda$onCompleted$5(159)) - omNode-bootstrap-2: Completed INSTALL_SNAPSHOT, lastReply: null
2024-09-18 12:54:54,649 [grpc-default-executor-1] INFO  server.GrpcLogAppender (GrpcLogAppender.java:onNext(649)) - omNode-1@group-0AAC5367B30E->omNode-bootstrap-2-InstallSnapshotResponseHandler: received a reply omNode-1<-omNode-bootstrap-2#0:FAIL-t1,IN_PROGRESS,snapshotIndex=0
2024-09-18 12:54:54,649 [grpc-default-executor-1] INFO  server.GrpcLogAppender (GrpcLogAppender.java:onNext(665)) - omNode-1@group-0AAC5367B30E->omNode-bootstrap-2-InstallSnapshotResponseHandler: InstallSnapshot in progress.
2024-09-18 12:54:54,650 [omNode-1@group-0AAC5367B30E->omNode-bootstrap-2-GrpcLogAppender-LogAppenderDaemon] INFO  server.GrpcLogAppender (GrpcLogAppender.java:notifyInstallSnapshot(790)) - omNode-1@group-0AAC5367B30E->omNode-bootstrap-2-GrpcLogAppender: notifyInstallSnapshot with firstAvailable=(t:1, i:0), followerNextIndex=0
2024-09-18 12:54:54,650 [omNode-1@group-0AAC5367B30E->omNode-bootstrap-2-GrpcLogAppender-LogAppenderDaemon] INFO  server.GrpcLogAppender (GrpcLogAppender.java:notifyInstallSnapshot(798)) - omNode-1@group-0AAC5367B30E->omNode-bootstrap-2-GrpcLogAppender: send omNode-1->omNode-bootstrap-2#0-t1,notify:(t:1, i:0)
2024-09-18 12:54:54,651 [omNode-bootstrap-2-server-thread1] INFO  server.RaftServer$Division (RaftServerImpl.java:checkInconsistentAppendEntries(1629)) - omNode-bootstrap-2@group-0AAC5367B30E: Failed appendEntries as snapshot (0) installation is in progress
2024-09-18 12:54:54,651 [omNode-bootstrap-2-server-thread1] INFO  server.RaftServer$Division (RaftServerImpl.java:appendEntriesAsync(1584)) - omNode-bootstrap-2@group-0AAC5367B30E: appendEntries* reply omNode-1<-omNode-bootstrap-2#297:FAIL-t1,INCONSISTENCY,nextIndex=0,followerCommit=-1,matchIndex=-1
2024-09-18 12:54:54,651 [grpc-default-executor-4] INFO  impl.SnapshotInstallationHandler (SnapshotInstallationHandler.java:installSnapshot(92)) - omNode-bootstrap-2@group-0AAC5367B30E: receive installSnapshot: omNode-1->omNode-bootstrap-2#0-t1,notify:(t:1, i:0)
2024-09-18 12:54:54,651 [grpc-default-executor-4] INFO  impl.SnapshotInstallationHandler (SnapshotInstallationHandler.java:installSnapshotImpl(138)) - omNode-bootstrap-2@group-0AAC5367B30E: set new configuration configurationEntry {
  peers {
    id: "omNode-1"
    address: "localhost:15015"
    startupRole: FOLLOWER
  }
}
 from snapshot
2024-09-18 12:54:54,651 [grpc-default-executor-3] WARN  server.GrpcLogAppender (GrpcLogAppender.java:onNextImpl(519)) - omNode-1@group-0AAC5367B30E->omNode-bootstrap-2-AppendLogResponseHandler: received INCONSISTENCY reply with nextIndex 0, errorCount=1, request=AppendEntriesRequest:cid=297,entriesCount=0
2024-09-18 12:54:54,651 [grpc-default-executor-4] INFO  server.RaftServer$Division (ServerState.java:setRaftConf(386)) - omNode-bootstrap-2@group-0AAC5367B30E: set configuration conf: {index: 0, cur=peers:[omNode-1|localhost:15015]|listeners:[], old=null}
2024-09-18 12:54:54,653 [grpc-default-executor-4] INFO  ratis.OzoneManagerStateMachine (OzoneManagerStateMachine.java:notifyConfigurationChanged(216)) - Received Configuration change notification from Ratis. New Peer list:
[id: "omNode-1"
address: "localhost:15015"
startupRole: FOLLOWER
]
2024-09-18 12:54:54,653 [grpc-default-executor-4] INFO  impl.SnapshotInstallationHandler (SnapshotInstallationHandler.java:installSnapshot(103)) - omNode-bootstrap-2@group-0AAC5367B30E: reply installSnapshot: omNode-1<-omNode-bootstrap-2#0:FAIL-t1,IN_PROGRESS,snapshotIndex=0
2024-09-18 12:54:54,653 [grpc-default-executor-4] INFO  server.GrpcServerProtocolService (GrpcServerProtocolService.java:onCompleted(157)) - omNode-bootstrap-2: Completed INSTALL_SNAPSHOT, lastRequest: omNode-1->omNode-bootstrap-2#0-t1,notify:(t:1, i:0)
2024-09-18 12:54:54,653 [grpc-default-executor-4] INFO  server.GrpcServerProtocolService (GrpcServerProtocolService.java:lambda$onCompleted$5(159)) - omNode-bootstrap-2: Completed INSTALL_SNAPSHOT, lastReply: null
2024-09-18 12:54:54,654 [grpc-default-executor-3] INFO  server.GrpcLogAppender (GrpcLogAppender.java:onNext(649)) - omNode-1@group-0AAC5367B30E->omNode-bootstrap-2-InstallSnapshotResponseHandler: received a reply omNode-1<-omNode-bootstrap-2#0:FAIL-t1,IN_PROGRESS,snapshotIndex=0
2024-09-18 12:54:54,654 [grpc-default-executor-3] INFO  server.GrpcLogAppender (GrpcLogAppender.java:onNext(665)) - omNode-1@group-0AAC5367B30E->omNode-bootstrap-2-InstallSnapshotResponseHandler: InstallSnapshot in progress.
2024-09-18 12:54:54,654 [omNode-1@group-0AAC5367B30E->omNode-bootstrap-2-GrpcLogAppender-LogAppenderDaemon] INFO  server.GrpcLogAppender (GrpcLogAppender.java:notifyInstallSnapshot(790)) - omNode-1@group-0AAC5367B30E->omNode-bootstrap-2-GrpcLogAppender: notifyInstallSnapshot with firstAvailable=(t:1, i:0), followerNextIndex=0
2024-09-18 12:54:54,654 [omNode-1@group-0AAC5367B30E->omNode-bootstrap-2-GrpcLogAppender-LogAppenderDaemon] INFO  server.GrpcLogAppender (GrpcLogAppender.java:notifyInstallSnapshot(798)) - omNode-1@group-0AAC5367B30E->omNode-bootstrap-2-GrpcLogAppender: send omNode-1->omNode-bootstrap-2#0-t1,notify:(t:1, i:0)
2024-09-18 12:54:54,655 [omNode-bootstrap-2-server-thread1] INFO  server.RaftServer$Division (RaftServerImpl.java:checkInconsistentAppendEntries(1629)) - omNode-bootstrap-2@group-0AAC5367B30E: Failed appendEntries as snapshot (0) installation is in progress
2024-09-18 12:54:54,655 [omNode-bootstrap-2-server-thread1] INFO  server.RaftServer$Division (RaftServerImpl.java:appendEntriesAsync(1584)) - omNode-bootstrap-2@group-0AAC5367B30E: appendEntries* reply omNode-1<-omNode-bootstrap-2#298:FAIL-t1,INCONSISTENCY,nextIndex=0,followerCommit=-1,matchIndex=-1
2024-09-18 12:54:54,655 [grpc-default-executor-1] INFO  impl.SnapshotInstallationHandler (SnapshotInstallationHandler.java:installSnapshot(92)) - omNode-bootstrap-2@group-0AAC5367B30E: receive installSnapshot: omNode-1->omNode-bootstrap-2#0-t1,notify:(t:1, i:0)
2024-09-18 12:54:54,655 [grpc-default-executor-1] INFO  impl.SnapshotInstallationHandler (SnapshotInstallationHandler.java:installSnapshotImpl(138)) - omNode-bootstrap-2@group-0AAC5367B30E: set new configuration configurationEntry {
  peers {
    id: "omNode-1"
    address: "localhost:15015"
    startupRole: FOLLOWER
  }
}
 from snapshot
2024-09-18 12:54:54,655 [grpc-default-executor-1] INFO  server.RaftServer$Division (ServerState.java:setRaftConf(386)) - omNode-bootstrap-2@group-0AAC5367B30E: set configuration conf: {index: 0, cur=peers:[omNode-1|localhost:15015]|listeners:[], old=null}
2024-09-18 12:54:54,656 [grpc-default-executor-3] WARN  server.GrpcLogAppender (GrpcLogAppender.java:onNextImpl(519)) - omNode-1@group-0AAC5367B30E->omNode-bootstrap-2-AppendLogResponseHandler: received INCONSISTENCY reply with nextIndex 0, errorCount=1, request=AppendEntriesRequest:cid=298,entriesCount=0
2024-09-18 12:54:54,657 [grpc-default-executor-1] INFO  ratis.OzoneManagerStateMachine (OzoneManagerStateMachine.java:notifyConfigurationChanged(216)) - Received Configuration change notification from Ratis. New Peer list:
[id: "omNode-1"
address: "localhost:15015"
startupRole: FOLLOWER
]
2024-09-18 12:54:54,657 [grpc-default-executor-1] INFO  impl.SnapshotInstallationHandler (SnapshotInstallationHandler.java:installSnapshot(103)) - omNode-bootstrap-2@group-0AAC5367B30E: reply installSnapshot: omNode-1<-omNode-bootstrap-2#0:FAIL-t1,IN_PROGRESS,snapshotIndex=0
2024-09-18 12:54:54,657 [grpc-default-executor-1] INFO  server.GrpcServerProtocolService (GrpcServerProtocolService.java:onCompleted(157)) - omNode-bootstrap-2: Completed INSTALL_SNAPSHOT, lastRequest: omNode-1->omNode-bootstrap-2#0-t1,notify:(t:1, i:0)
2024-09-18 12:54:54,657 [grpc-default-executor-1] INFO  server.GrpcServerProtocolService (GrpcServerProtocolService.java:lambda$onCompleted$5(159)) - omNode-bootstrap-2: Completed INSTALL_SNAPSHOT, lastReply: null
2024-09-18 12:54:54,657 [grpc-default-executor-3] INFO  server.GrpcLogAppender (GrpcLogAppender.java:onNext(649)) - omNode-1@group-0AAC5367B30E->omNode-bootstrap-2-InstallSnapshotResponseHandler: received a reply omNode-1<-omNode-bootstrap-2#0:FAIL-t1,IN_PROGRESS,snapshotIndex=0
2024-09-18 12:54:54,657 [grpc-default-executor-3] INFO  server.GrpcLogAppender (GrpcLogAppender.java:onNext(665)) - omNode-1@group-0AAC5367B30E->omNode-bootstrap-2-InstallSnapshotResponseHandler: InstallSnapshot in progress.
2024-09-18 12:54:54,658 [omNode-bootstrap-2-server-thread1] INFO  server.RaftServer$Division (RaftServerImpl.java:checkInconsistentAppendEntries(1629)) - omNode-bootstrap-2@group-0AAC5367B30E: Failed appendEntries as snapshot (0) installation is in progress
2024-09-18 12:54:54,658 [omNode-bootstrap-2-server-thread1] INFO  server.RaftServer$Division (RaftServerImpl.java:appendEntriesAsync(1584)) - omNode-bootstrap-2@group-0AAC5367B30E: appendEntries* reply omNode-1<-omNode-bootstrap-2#299:FAIL-t1,INCONSISTENCY,nextIndex=0,followerCommit=-1,matchIndex=-1
2024-09-18 12:54:54,658 [grpc-default-executor-3] WARN  server.GrpcLogAppender (GrpcLogAppender.java:onNextImpl(519)) - omNode-1@group-0AAC5367B30E->omNode-bootstrap-2-AppendLogResponseHandler: received INCONSISTENCY reply with nextIndex 0, errorCount=1, request=AppendEntriesRequest:cid=299,entriesCount=0
2024-09-18 12:54:54,658 [omNode-1@group-0AAC5367B30E->omNode-bootstrap-2-GrpcLogAppender-LogAppenderDaemon] INFO  server.GrpcLogAppender (GrpcLogAppender.java:notifyInstallSnapshot(790)) - omNode-1@group-0AAC5367B30E->omNode-bootstrap-2-GrpcLogAppender: notifyInstallSnapshot with firstAvailable=(t:1, i:0), followerNextIndex=0
2024-09-18 12:54:54,658 [omNode-1@group-0AAC5367B30E->omNode-bootstrap-2-GrpcLogAppender-LogAppenderDaemon] INFO  server.GrpcLogAppender (GrpcLogAppender.java:notifyInstallSnapshot(798)) - omNode-1@group-0AAC5367B30E->omNode-bootstrap-2-GrpcLogAppender: send omNode-1->omNode-bootstrap-2#0-t1,notify:(t:1, i:0)
2024-09-18 12:54:54,659 [grpc-default-executor-3] INFO  impl.SnapshotInstallationHandler (SnapshotInstallationHandler.java:installSnapshot(92)) - omNode-bootstrap-2@group-0AAC5367B30E: receive installSnapshot: omNode-1->omNode-bootstrap-2#0-t1,notify:(t:1, i:0)
2024-09-18 12:54:54,659 [grpc-default-executor-3] INFO  impl.SnapshotInstallationHandler (SnapshotInstallationHandler.java:installSnapshotImpl(138)) - omNode-bootstrap-2@group-0AAC5367B30E: set new configuration configurationEntry {
  peers {
    id: "omNode-1"
    address: "localhost:15015"
    startupRole: FOLLOWER
  }
}
 from snapshot
2024-09-18 12:54:54,659 [grpc-default-executor-3] INFO  server.RaftServer$Division (ServerState.java:setRaftConf(386)) - omNode-bootstrap-2@group-0AAC5367B30E: set configuration conf: {index: 0, cur=peers:[omNode-1|localhost:15015]|listeners:[], old=null}
2024-09-18 12:54:54,661 [grpc-default-executor-3] INFO  ratis.OzoneManagerStateMachine (OzoneManagerStateMachine.java:notifyConfigurationChanged(216)) - Received Configuration change notification from Ratis. New Peer list:
[id: "omNode-1"
address: "localhost:15015"
startupRole: FOLLOWER
]
2024-09-18 12:54:54,661 [grpc-default-executor-3] INFO  impl.SnapshotInstallationHandler (SnapshotInstallationHandler.java:installSnapshot(103)) - omNode-bootstrap-2@group-0AAC5367B30E: reply installSnapshot: omNode-1<-omNode-bootstrap-2#0:FAIL-t1,IN_PROGRESS,snapshotIndex=0
2024-09-18 12:54:54,661 [grpc-default-executor-3] INFO  server.GrpcServerProtocolService (GrpcServerProtocolService.java:onCompleted(157)) - omNode-bootstrap-2: Completed INSTALL_SNAPSHOT, lastRequest: omNode-1->omNode-bootstrap-2#0-t1,notify:(t:1, i:0)
2024-09-18 12:54:54,661 [grpc-default-executor-3] INFO  server.GrpcServerProtocolService (GrpcServerProtocolService.java:lambda$onCompleted$5(159)) - omNode-bootstrap-2: Completed INSTALL_SNAPSHOT, lastReply: null
2024-09-18 12:54:54,661 [grpc-default-executor-3] INFO  server.GrpcLogAppender (GrpcLogAppender.java:onNext(649)) - omNode-1@group-0AAC5367B30E->omNode-bootstrap-2-InstallSnapshotResponseHandler: received a reply omNode-1<-omNode-bootstrap-2#0:FAIL-t1,IN_PROGRESS,snapshotIndex=0
2024-09-18 12:54:54,661 [grpc-default-executor-3] INFO  server.GrpcLogAppender (GrpcLogAppender.java:onNext(665)) - omNode-1@group-0AAC5367B30E->omNode-bootstrap-2-InstallSnapshotResponseHandler: InstallSnapshot in progress.
2024-09-18 12:54:54,662 [omNode-1@group-0AAC5367B30E->omNode-bootstrap-2-GrpcLogAppender-LogAppenderDaemon] INFO  server.GrpcLogAppender (GrpcLogAppender.java:notifyInstallSnapshot(790)) - omNode-1@group-0AAC5367B30E->omNode-bootstrap-2-GrpcLogAppender: notifyInstallSnapshot with firstAvailable=(t:1, i:0), followerNextIndex=0
2024-09-18 12:54:54,662 [omNode-1@group-0AAC5367B30E->omNode-bootstrap-2-GrpcLogAppender-LogAppenderDaemon] INFO  server.GrpcLogAppender (GrpcLogAppender.java:notifyInstallSnapshot(798)) - omNode-1@group-0AAC5367B30E->omNode-bootstrap-2-GrpcLogAppender: send omNode-1->omNode-bootstrap-2#0-t1,notify:(t:1, i:0)
2024-09-18 12:54:54,662 [grpc-default-executor-1] INFO  impl.SnapshotInstallationHandler (SnapshotInstallationHandler.java:installSnapshot(92)) - omNode-bootstrap-2@group-0AAC5367B30E: receive installSnapshot: omNode-1->omNode-bootstrap-2#0-t1,notify:(t:1, i:0)
2024-09-18 12:54:54,663 [grpc-default-executor-1] INFO  impl.SnapshotInstallationHandler (SnapshotInstallationHandler.java:installSnapshotImpl(138)) - omNode-bootstrap-2@group-0AAC5367B30E: set new configuration configurationEntry {
  peers {
    id: "omNode-1"
    address: "localhost:15015"
    startupRole: FOLLOWER
  }
}
 from snapshot
2024-09-18 12:54:54,663 [grpc-default-executor-1] INFO  server.RaftServer$Division (ServerState.java:setRaftConf(386)) - omNode-bootstrap-2@group-0AAC5367B30E: set configuration conf: {index: 0, cur=peers:[omNode-1|localhost:15015]|listeners:[], old=null}
2024-09-18 12:54:54,663 [omNode-bootstrap-2-server-thread1] INFO  server.RaftServer$Division (RaftServerImpl.java:checkInconsistentAppendEntries(1629)) - omNode-bootstrap-2@group-0AAC5367B30E: Failed appendEntries as snapshot (0) installation is in progress
2024-09-18 12:54:54,663 [omNode-bootstrap-2-server-thread1] INFO  server.RaftServer$Division (RaftServerImpl.java:appendEntriesAsync(1584)) - omNode-bootstrap-2@group-0AAC5367B30E: appendEntries* reply omNode-1<-omNode-bootstrap-2#300:FAIL-t1,INCONSISTENCY,nextIndex=0,followerCommit=-1,matchIndex=-1
2024-09-18 12:54:54,663 [grpc-default-executor-3] WARN  server.GrpcLogAppender (GrpcLogAppender.java:onNextImpl(519)) - omNode-1@group-0AAC5367B30E->omNode-bootstrap-2-AppendLogResponseHandler: received INCONSISTENCY reply with nextIndex 0, errorCount=1, request=AppendEntriesRequest:cid=300,entriesCount=0
2024-09-18 12:54:54,664 [grpc-default-executor-1] INFO  ratis.OzoneManagerStateMachine (OzoneManagerStateMachine.java:notifyConfigurationChanged(216)) - Received Configuration change notification from Ratis. New Peer list:
[id: "omNode-1"
address: "localhost:15015"
startupRole: FOLLOWER
]
2024-09-18 12:54:54,664 [grpc-default-executor-1] INFO  impl.SnapshotInstallationHandler (SnapshotInstallationHandler.java:installSnapshot(103)) - omNode-bootstrap-2@group-0AAC5367B30E: reply installSnapshot: omNode-1<-omNode-bootstrap-2#0:FAIL-t1,IN_PROGRESS,snapshotIndex=0
2024-09-18 12:54:54,664 [grpc-default-executor-1] INFO  server.GrpcServerProtocolService (GrpcServerProtocolService.java:onCompleted(157)) - omNode-bootstrap-2: Completed INSTALL_SNAPSHOT, lastRequest: omNode-1->omNode-bootstrap-2#0-t1,notify:(t:1, i:0)
2024-09-18 12:54:54,664 [grpc-default-executor-1] INFO  server.GrpcServerProtocolService (GrpcServerProtocolService.java:lambda$onCompleted$5(159)) - omNode-bootstrap-2: Completed INSTALL_SNAPSHOT, lastReply: null
2024-09-18 12:54:54,664 [grpc-default-executor-3] INFO  server.GrpcLogAppender (GrpcLogAppender.java:onNext(649)) - omNode-1@group-0AAC5367B30E->omNode-bootstrap-2-InstallSnapshotResponseHandler: received a reply omNode-1<-omNode-bootstrap-2#0:FAIL-t1,IN_PROGRESS,snapshotIndex=0
2024-09-18 12:54:54,665 [grpc-default-executor-3] INFO  server.GrpcLogAppender (GrpcLogAppender.java:onNext(665)) - omNode-1@group-0AAC5367B30E->omNode-bootstrap-2-InstallSnapshotResponseHandler: InstallSnapshot in progress.
2024-09-18 12:54:54,665 [omNode-bootstrap-2-server-thread1] INFO  server.RaftServer$Division (RaftServerImpl.java:checkInconsistentAppendEntries(1629)) - omNode-bootstrap-2@group-0AAC5367B30E: Failed appendEntries as snapshot (0) installation is in progress
2024-09-18 12:54:54,665 [omNode-bootstrap-2-server-thread1] INFO  server.RaftServer$Division (RaftServerImpl.java:appendEntriesAsync(1584)) - omNode-bootstrap-2@group-0AAC5367B30E: appendEntries* reply omNode-1<-omNode-bootstrap-2#301:FAIL-t1,INCONSISTENCY,nextIndex=0,followerCommit=-1,matchIndex=-1
2024-09-18 12:54:54,666 [grpc-default-executor-3] WARN  server.GrpcLogAppender (GrpcLogAppender.java:onNextImpl(519)) - omNode-1@group-0AAC5367B30E->omNode-bootstrap-2-AppendLogResponseHandler: received INCONSISTENCY reply with nextIndex 0, errorCount=1, request=AppendEntriesRequest:cid=301,entriesCount=0
2024-09-18 12:54:54,666 [omNode-1@group-0AAC5367B30E->omNode-bootstrap-2-GrpcLogAppender-LogAppenderDaemon] INFO  server.GrpcLogAppender (GrpcLogAppender.java:notifyInstallSnapshot(790)) - omNode-1@group-0AAC5367B30E->omNode-bootstrap-2-GrpcLogAppender: notifyInstallSnapshot with firstAvailable=(t:1, i:0), followerNextIndex=0
2024-09-18 12:54:54,666 [omNode-1@group-0AAC5367B30E->omNode-bootstrap-2-GrpcLogAppender-LogAppenderDaemon] INFO  server.GrpcLogAppender (GrpcLogAppender.java:notifyInstallSnapshot(798)) - omNode-1@group-0AAC5367B30E->omNode-bootstrap-2-GrpcLogAppender: send omNode-1->omNode-bootstrap-2#0-t1,notify:(t:1, i:0)
2024-09-18 12:54:54,667 [grpc-default-executor-1] INFO  impl.SnapshotInstallationHandler (SnapshotInstallationHandler.java:installSnapshot(92)) - omNode-bootstrap-2@group-0AAC5367B30E: receive installSnapshot: omNode-1->omNode-bootstrap-2#0-t1,notify:(t:1, i:0)
2024-09-18 12:54:54,667 [grpc-default-executor-1] INFO  impl.SnapshotInstallationHandler (SnapshotInstallationHandler.java:installSnapshotImpl(138)) - omNode-bootstrap-2@group-0AAC5367B30E: set new configuration configurationEntry {
  peers {
    id: "omNode-1"
    address: "localhost:15015"
    startupRole: FOLLOWER
  }
}
 from snapshot
2024-09-18 12:54:54,667 [grpc-default-executor-1] INFO  server.RaftServer$Division (ServerState.java:setRaftConf(386)) - omNode-bootstrap-2@group-0AAC5367B30E: set configuration conf: {index: 0, cur=peers:[omNode-1|localhost:15015]|listeners:[], old=null}
2024-09-18 12:54:54,668 [grpc-default-executor-1] INFO  ratis.OzoneManagerStateMachine (OzoneManagerStateMachine.java:notifyConfigurationChanged(216)) - Received Configuration change notification from Ratis. New Peer list:
[id: "omNode-1"
address: "localhost:15015"
startupRole: FOLLOWER
]
2024-09-18 12:54:54,668 [grpc-default-executor-1] INFO  impl.SnapshotInstallationHandler (SnapshotInstallationHandler.java:installSnapshot(103)) - omNode-bootstrap-2@group-0AAC5367B30E: reply installSnapshot: omNode-1<-omNode-bootstrap-2#0:FAIL-t1,IN_PROGRESS,snapshotIndex=0
2024-09-18 12:54:54,669 [grpc-default-executor-1] INFO  server.GrpcServerProtocolService (GrpcServerProtocolService.java:onCompleted(157)) - omNode-bootstrap-2: Completed INSTALL_SNAPSHOT, lastRequest: omNode-1->omNode-bootstrap-2#0-t1,notify:(t:1, i:0)
2024-09-18 12:54:54,669 [grpc-default-executor-1] INFO  server.GrpcServerProtocolService (GrpcServerProtocolService.java:lambda$onCompleted$5(159)) - omNode-bootstrap-2: Completed INSTALL_SNAPSHOT, lastReply: null
2024-09-18 12:54:54,669 [grpc-default-executor-3] INFO  server.GrpcLogAppender (GrpcLogAppender.java:onNext(649)) - omNode-1@group-0AAC5367B30E->omNode-bootstrap-2-InstallSnapshotResponseHandler: received a reply omNode-1<-omNode-bootstrap-2#0:FAIL-t1,IN_PROGRESS,snapshotIndex=0
2024-09-18 12:54:54,669 [grpc-default-executor-3] INFO  server.GrpcLogAppender (GrpcLogAppender.java:onNext(665)) - omNode-1@group-0AAC5367B30E->omNode-bootstrap-2-InstallSnapshotResponseHandler: InstallSnapshot in progress.
2024-09-18 12:54:54,670 [omNode-bootstrap-2-server-thread1] INFO  server.RaftServer$Division (RaftServerImpl.java:checkInconsistentAppendEntries(1629)) - omNode-bootstrap-2@group-0AAC5367B30E: Failed appendEntries as snapshot (0) installation is in progress
2024-09-18 12:54:54,670 [omNode-bootstrap-2-server-thread1] INFO  server.RaftServer$Division (RaftServerImpl.java:appendEntriesAsync(1584)) - omNode-bootstrap-2@group-0AAC5367B30E: appendEntries* reply omNode-1<-omNode-bootstrap-2#302:FAIL-t1,INCONSISTENCY,nextIndex=0,followerCommit=-1,matchIndex=-1
2024-09-18 12:54:54,670 [grpc-default-executor-3] WARN  server.GrpcLogAppender (GrpcLogAppender.java:onNextImpl(519)) - omNode-1@group-0AAC5367B30E->omNode-bootstrap-2-AppendLogResponseHandler: received INCONSISTENCY reply with nextIndex 0, errorCount=1, request=AppendEntriesRequest:cid=302,entriesCount=0
2024-09-18 12:54:54,671 [omNode-1@group-0AAC5367B30E->omNode-bootstrap-2-GrpcLogAppender-LogAppenderDaemon] INFO  server.GrpcLogAppender (GrpcLogAppender.java:notifyInstallSnapshot(790)) - omNode-1@group-0AAC5367B30E->omNode-bootstrap-2-GrpcLogAppender: notifyInstallSnapshot with firstAvailable=(t:1, i:0), followerNextIndex=0
2024-09-18 12:54:54,671 [omNode-1@group-0AAC5367B30E->omNode-bootstrap-2-GrpcLogAppender-LogAppenderDaemon] INFO  server.GrpcLogAppender (GrpcLogAppender.java:notifyInstallSnapshot(798)) - omNode-1@group-0AAC5367B30E->omNode-bootstrap-2-GrpcLogAppender: send omNode-1->omNode-bootstrap-2#0-t1,notify:(t:1, i:0)
2024-09-18 12:54:54,673 [grpc-default-executor-3] INFO  impl.SnapshotInstallationHandler (SnapshotInstallationHandler.java:installSnapshot(92)) - omNode-bootstrap-2@group-0AAC5367B30E: receive installSnapshot: omNode-1->omNode-bootstrap-2#0-t1,notify:(t:1, i:0)
2024-09-18 12:54:54,673 [grpc-default-executor-3] INFO  impl.SnapshotInstallationHandler (SnapshotInstallationHandler.java:installSnapshotImpl(138)) - omNode-bootstrap-2@group-0AAC5367B30E: set new configuration configurationEntry {
  peers {
    id: "omNode-1"
    address: "localhost:15015"
    startupRole: FOLLOWER
  }
}
 from snapshot
2024-09-18 12:54:54,673 [grpc-default-executor-3] INFO  server.RaftServer$Division (ServerState.java:setRaftConf(386)) - omNode-bootstrap-2@group-0AAC5367B30E: set configuration conf: {index: 0, cur=peers:[omNode-1|localhost:15015]|listeners:[], old=null}
2024-09-18 12:54:54,674 [grpc-default-executor-3] INFO  ratis.OzoneManagerStateMachine (OzoneManagerStateMachine.java:notifyConfigurationChanged(216)) - Received Configuration change notification from Ratis. New Peer list:
[id: "omNode-1"
address: "localhost:15015"
startupRole: FOLLOWER
]
2024-09-18 12:54:54,674 [grpc-default-executor-3] INFO  impl.SnapshotInstallationHandler (SnapshotInstallationHandler.java:installSnapshot(103)) - omNode-bootstrap-2@group-0AAC5367B30E: reply installSnapshot: omNode-1<-omNode-bootstrap-2#0:FAIL-t1,IN_PROGRESS,snapshotIndex=0
2024-09-18 12:54:54,674 [grpc-default-executor-3] INFO  server.GrpcServerProtocolService (GrpcServerProtocolService.java:onCompleted(157)) - omNode-bootstrap-2: Completed INSTALL_SNAPSHOT, lastRequest: omNode-1->omNode-bootstrap-2#0-t1,notify:(t:1, i:0)
2024-09-18 12:54:54,674 [grpc-default-executor-3] INFO  server.GrpcServerProtocolService (GrpcServerProtocolService.java:lambda$onCompleted$5(159)) - omNode-bootstrap-2: Completed INSTALL_SNAPSHOT, lastReply: null
2024-09-18 12:54:54,675 [grpc-default-executor-1] INFO  server.GrpcLogAppender (GrpcLogAppender.java:onNext(649)) - omNode-1@group-0AAC5367B30E->omNode-bootstrap-2-InstallSnapshotResponseHandler: received a reply omNode-1<-omNode-bootstrap-2#0:FAIL-t1,IN_PROGRESS,snapshotIndex=0
2024-09-18 12:54:54,675 [grpc-default-executor-1] INFO  server.GrpcLogAppender (GrpcLogAppender.java:onNext(665)) - omNode-1@group-0AAC5367B30E->omNode-bootstrap-2-InstallSnapshotResponseHandler: InstallSnapshot in progress.
2024-09-18 12:54:54,675 [omNode-1@group-0AAC5367B30E->omNode-bootstrap-2-GrpcLogAppender-LogAppenderDaemon] INFO  server.GrpcLogAppender (GrpcLogAppender.java:notifyInstallSnapshot(790)) - omNode-1@group-0AAC5367B30E->omNode-bootstrap-2-GrpcLogAppender: notifyInstallSnapshot with firstAvailable=(t:1, i:0), followerNextIndex=0
2024-09-18 12:54:54,675 [omNode-1@group-0AAC5367B30E->omNode-bootstrap-2-GrpcLogAppender-LogAppenderDaemon] INFO  server.GrpcLogAppender (GrpcLogAppender.java:notifyInstallSnapshot(798)) - omNode-1@group-0AAC5367B30E->omNode-bootstrap-2-GrpcLogAppender: send omNode-1->omNode-bootstrap-2#0-t1,notify:(t:1, i:0)
2024-09-18 12:54:54,676 [omNode-bootstrap-2-server-thread1] INFO  server.RaftServer$Division (RaftServerImpl.java:checkInconsistentAppendEntries(1629)) - omNode-bootstrap-2@group-0AAC5367B30E: Failed appendEntries as snapshot (0) installation is in progress
2024-09-18 12:54:54,676 [omNode-bootstrap-2-server-thread1] INFO  server.RaftServer$Division (RaftServerImpl.java:appendEntriesAsync(1584)) - omNode-bootstrap-2@group-0AAC5367B30E: appendEntries* reply omNode-1<-omNode-bootstrap-2#303:FAIL-t1,INCONSISTENCY,nextIndex=0,followerCommit=-1,matchIndex=-1
2024-09-18 12:54:54,676 [grpc-default-executor-4] INFO  impl.SnapshotInstallationHandler (SnapshotInstallationHandler.java:installSnapshot(92)) - omNode-bootstrap-2@group-0AAC5367B30E: receive installSnapshot: omNode-1->omNode-bootstrap-2#0-t1,notify:(t:1, i:0)
2024-09-18 12:54:54,676 [grpc-default-executor-1] WARN  server.GrpcLogAppender (GrpcLogAppender.java:onNextImpl(519)) - omNode-1@group-0AAC5367B30E->omNode-bootstrap-2-AppendLogResponseHandler: received INCONSISTENCY reply with nextIndex 0, errorCount=1, request=AppendEntriesRequest:cid=303,entriesCount=0
2024-09-18 12:54:54,676 [grpc-default-executor-4] INFO  impl.SnapshotInstallationHandler (SnapshotInstallationHandler.java:installSnapshotImpl(138)) - omNode-bootstrap-2@group-0AAC5367B30E: set new configuration configurationEntry {
  peers {
    id: "omNode-1"
    address: "localhost:15015"
    startupRole: FOLLOWER
  }
}
 from snapshot
2024-09-18 12:54:54,676 [grpc-default-executor-4] INFO  server.RaftServer$Division (ServerState.java:setRaftConf(386)) - omNode-bootstrap-2@group-0AAC5367B30E: set configuration conf: {index: 0, cur=peers:[omNode-1|localhost:15015]|listeners:[], old=null}
2024-09-18 12:54:54,678 [grpc-default-executor-4] INFO  ratis.OzoneManagerStateMachine (OzoneManagerStateMachine.java:notifyConfigurationChanged(216)) - Received Configuration change notification from Ratis. New Peer list:
[id: "omNode-1"
address: "localhost:15015"
startupRole: FOLLOWER
]
2024-09-18 12:54:54,678 [grpc-default-executor-4] INFO  impl.SnapshotInstallationHandler (SnapshotInstallationHandler.java:installSnapshot(103)) - omNode-bootstrap-2@group-0AAC5367B30E: reply installSnapshot: omNode-1<-omNode-bootstrap-2#0:FAIL-t1,IN_PROGRESS,snapshotIndex=0
2024-09-18 12:54:54,678 [grpc-default-executor-4] INFO  server.GrpcServerProtocolService (GrpcServerProtocolService.java:onCompleted(157)) - omNode-bootstrap-2: Completed INSTALL_SNAPSHOT, lastRequest: omNode-1->omNode-bootstrap-2#0-t1,notify:(t:1, i:0)
2024-09-18 12:54:54,678 [grpc-default-executor-4] INFO  server.GrpcServerProtocolService (GrpcServerProtocolService.java:lambda$onCompleted$5(159)) - omNode-bootstrap-2: Completed INSTALL_SNAPSHOT, lastReply: null
2024-09-18 12:54:54,679 [grpc-default-executor-4] INFO  server.GrpcLogAppender (GrpcLogAppender.java:onNext(649)) - omNode-1@group-0AAC5367B30E->omNode-bootstrap-2-InstallSnapshotResponseHandler: received a reply omNode-1<-omNode-bootstrap-2#0:FAIL-t1,IN_PROGRESS,snapshotIndex=0
2024-09-18 12:54:54,679 [grpc-default-executor-4] INFO  server.GrpcLogAppender (GrpcLogAppender.java:onNext(665)) - omNode-1@group-0AAC5367B30E->omNode-bootstrap-2-InstallSnapshotResponseHandler: InstallSnapshot in progress.
2024-09-18 12:54:54,679 [omNode-1@group-0AAC5367B30E->omNode-bootstrap-2-GrpcLogAppender-LogAppenderDaemon] INFO  server.GrpcLogAppender (GrpcLogAppender.java:notifyInstallSnapshot(790)) - omNode-1@group-0AAC5367B30E->omNode-bootstrap-2-GrpcLogAppender: notifyInstallSnapshot with firstAvailable=(t:1, i:0), followerNextIndex=0
2024-09-18 12:54:54,679 [omNode-1@group-0AAC5367B30E->omNode-bootstrap-2-GrpcLogAppender-LogAppenderDaemon] INFO  server.GrpcLogAppender (GrpcLogAppender.java:notifyInstallSnapshot(798)) - omNode-1@group-0AAC5367B30E->omNode-bootstrap-2-GrpcLogAppender: send omNode-1->omNode-bootstrap-2#0-t1,notify:(t:1, i:0)
2024-09-18 12:54:54,680 [omNode-bootstrap-2-server-thread1] INFO  server.RaftServer$Division (RaftServerImpl.java:checkInconsistentAppendEntries(1629)) - omNode-bootstrap-2@group-0AAC5367B30E: Failed appendEntries as snapshot (0) installation is in progress
2024-09-18 12:54:54,680 [omNode-bootstrap-2-server-thread1] INFO  server.RaftServer$Division (RaftServerImpl.java:appendEntriesAsync(1584)) - omNode-bootstrap-2@group-0AAC5367B30E: appendEntries* reply omNode-1<-omNode-bootstrap-2#304:FAIL-t1,INCONSISTENCY,nextIndex=0,followerCommit=-1,matchIndex=-1
2024-09-18 12:54:54,680 [grpc-default-executor-3] WARN  server.GrpcLogAppender (GrpcLogAppender.java:onNextImpl(519)) - omNode-1@group-0AAC5367B30E->omNode-bootstrap-2-AppendLogResponseHandler: received INCONSISTENCY reply with nextIndex 0, errorCount=1, request=AppendEntriesRequest:cid=304,entriesCount=0
2024-09-18 12:54:54,680 [grpc-default-executor-4] INFO  impl.SnapshotInstallationHandler (SnapshotInstallationHandler.java:installSnapshot(92)) - omNode-bootstrap-2@group-0AAC5367B30E: receive installSnapshot: omNode-1->omNode-bootstrap-2#0-t1,notify:(t:1, i:0)
2024-09-18 12:54:54,680 [grpc-default-executor-4] INFO  impl.SnapshotInstallationHandler (SnapshotInstallationHandler.java:installSnapshotImpl(138)) - omNode-bootstrap-2@group-0AAC5367B30E: set new configuration configurationEntry {
  peers {
    id: "omNode-1"
    address: "localhost:15015"
    startupRole: FOLLOWER
  }
}
 from snapshot
2024-09-18 12:54:54,680 [grpc-default-executor-4] INFO  server.RaftServer$Division (ServerState.java:setRaftConf(386)) - omNode-bootstrap-2@group-0AAC5367B30E: set configuration conf: {index: 0, cur=peers:[omNode-1|localhost:15015]|listeners:[], old=null}
2024-09-18 12:54:54,684 [grpc-default-executor-4] INFO  ratis.OzoneManagerStateMachine (OzoneManagerStateMachine.java:notifyConfigurationChanged(216)) - Received Configuration change notification from Ratis. New Peer list:
[id: "omNode-1"
address: "localhost:15015"
startupRole: FOLLOWER
]
2024-09-18 12:54:54,684 [grpc-default-executor-4] INFO  impl.SnapshotInstallationHandler (SnapshotInstallationHandler.java:installSnapshot(103)) - omNode-bootstrap-2@group-0AAC5367B30E: reply installSnapshot: omNode-1<-omNode-bootstrap-2#0:FAIL-t1,IN_PROGRESS,snapshotIndex=0
2024-09-18 12:54:54,684 [grpc-default-executor-4] INFO  server.GrpcServerProtocolService (GrpcServerProtocolService.java:onCompleted(157)) - omNode-bootstrap-2: Completed INSTALL_SNAPSHOT, lastRequest: omNode-1->omNode-bootstrap-2#0-t1,notify:(t:1, i:0)
2024-09-18 12:54:54,684 [grpc-default-executor-4] INFO  server.GrpcServerProtocolService (GrpcServerProtocolService.java:lambda$onCompleted$5(159)) - omNode-bootstrap-2: Completed INSTALL_SNAPSHOT, lastReply: null
2024-09-18 12:54:54,685 [grpc-default-executor-3] INFO  server.GrpcLogAppender (GrpcLogAppender.java:onNext(649)) - omNode-1@group-0AAC5367B30E->omNode-bootstrap-2-InstallSnapshotResponseHandler: received a reply omNode-1<-omNode-bootstrap-2#0:FAIL-t1,IN_PROGRESS,snapshotIndex=0
2024-09-18 12:54:54,685 [grpc-default-executor-3] INFO  server.GrpcLogAppender (GrpcLogAppender.java:onNext(665)) - omNode-1@group-0AAC5367B30E->omNode-bootstrap-2-InstallSnapshotResponseHandler: InstallSnapshot in progress.
2024-09-18 12:54:54,685 [omNode-1@group-0AAC5367B30E->omNode-bootstrap-2-GrpcLogAppender-LogAppenderDaemon] INFO  server.GrpcLogAppender (GrpcLogAppender.java:notifyInstallSnapshot(790)) - omNode-1@group-0AAC5367B30E->omNode-bootstrap-2-GrpcLogAppender: notifyInstallSnapshot with firstAvailable=(t:1, i:0), followerNextIndex=0
2024-09-18 12:54:54,685 [omNode-1@group-0AAC5367B30E->omNode-bootstrap-2-GrpcLogAppender-LogAppenderDaemon] INFO  server.GrpcLogAppender (GrpcLogAppender.java:notifyInstallSnapshot(798)) - omNode-1@group-0AAC5367B30E->omNode-bootstrap-2-GrpcLogAppender: send omNode-1->omNode-bootstrap-2#0-t1,notify:(t:1, i:0)
2024-09-18 12:54:54,686 [omNode-bootstrap-2-server-thread1] INFO  server.RaftServer$Division (RaftServerImpl.java:checkInconsistentAppendEntries(1629)) - omNode-bootstrap-2@group-0AAC5367B30E: Failed appendEntries as snapshot (0) installation is in progress
2024-09-18 12:54:54,686 [omNode-bootstrap-2-server-thread1] INFO  server.RaftServer$Division (RaftServerImpl.java:appendEntriesAsync(1584)) - omNode-bootstrap-2@group-0AAC5367B30E: appendEntries* reply omNode-1<-omNode-bootstrap-2#305:FAIL-t1,INCONSISTENCY,nextIndex=0,followerCommit=-1,matchIndex=-1
2024-09-18 12:54:54,686 [grpc-default-executor-1] INFO  impl.SnapshotInstallationHandler (SnapshotInstallationHandler.java:installSnapshot(92)) - omNode-bootstrap-2@group-0AAC5367B30E: receive installSnapshot: omNode-1->omNode-bootstrap-2#0-t1,notify:(t:1, i:0)
2024-09-18 12:54:54,686 [grpc-default-executor-1] INFO  impl.SnapshotInstallationHandler (SnapshotInstallationHandler.java:installSnapshotImpl(138)) - omNode-bootstrap-2@group-0AAC5367B30E: set new configuration configurationEntry {
  peers {
    id: "omNode-1"
    address: "localhost:15015"
    startupRole: FOLLOWER
  }
}
 from snapshot
2024-09-18 12:54:54,687 [grpc-default-executor-1] INFO  server.RaftServer$Division (ServerState.java:setRaftConf(386)) - omNode-bootstrap-2@group-0AAC5367B30E: set configuration conf: {index: 0, cur=peers:[omNode-1|localhost:15015]|listeners:[], old=null}
2024-09-18 12:54:54,687 [grpc-default-executor-3] WARN  server.GrpcLogAppender (GrpcLogAppender.java:onNextImpl(519)) - omNode-1@group-0AAC5367B30E->omNode-bootstrap-2-AppendLogResponseHandler: received INCONSISTENCY reply with nextIndex 0, errorCount=1, request=AppendEntriesRequest:cid=305,entriesCount=0
2024-09-18 12:54:54,687 [omNode-bootstrap-2-InstallSnapshotThread] INFO  reflections.Reflections (Reflections.java:scan(219)) - Reflections took 875 ms to scan 20 urls, producing 59 keys and 7195 values
2024-09-18 12:54:54,688 [grpc-default-executor-1] INFO  ratis.OzoneManagerStateMachine (OzoneManagerStateMachine.java:notifyConfigurationChanged(216)) - Received Configuration change notification from Ratis. New Peer list:
[id: "omNode-1"
address: "localhost:15015"
startupRole: FOLLOWER
]
2024-09-18 12:54:54,688 [grpc-default-executor-1] INFO  impl.SnapshotInstallationHandler (SnapshotInstallationHandler.java:installSnapshot(103)) - omNode-bootstrap-2@group-0AAC5367B30E: reply installSnapshot: omNode-1<-omNode-bootstrap-2#0:FAIL-t1,IN_PROGRESS,snapshotIndex=0
2024-09-18 12:54:54,689 [grpc-default-executor-1] INFO  server.GrpcServerProtocolService (GrpcServerProtocolService.java:onCompleted(157)) - omNode-bootstrap-2: Completed INSTALL_SNAPSHOT, lastRequest: omNode-1->omNode-bootstrap-2#0-t1,notify:(t:1, i:0)
2024-09-18 12:54:54,689 [grpc-default-executor-1] INFO  server.GrpcServerProtocolService (GrpcServerProtocolService.java:lambda$onCompleted$5(159)) - omNode-bootstrap-2: Completed INSTALL_SNAPSHOT, lastReply: null
2024-09-18 12:54:54,689 [grpc-default-executor-3] INFO  server.GrpcLogAppender (GrpcLogAppender.java:onNext(649)) - omNode-1@group-0AAC5367B30E->omNode-bootstrap-2-InstallSnapshotResponseHandler: received a reply omNode-1<-omNode-bootstrap-2#0:FAIL-t1,IN_PROGRESS,snapshotIndex=0
2024-09-18 12:54:54,689 [grpc-default-executor-3] INFO  server.GrpcLogAppender (GrpcLogAppender.java:onNext(665)) - omNode-1@group-0AAC5367B30E->omNode-bootstrap-2-InstallSnapshotResponseHandler: InstallSnapshot in progress.
2024-09-18 12:54:54,689 [omNode-bootstrap-2-InstallSnapshotThread] INFO  ipc.CallQueueManager (CallQueueManager.java:<init>(90)) - Using callQueue: class java.util.concurrent.LinkedBlockingQueue, queueCapacity: 2000, scheduler: class org.apache.hadoop.ipc.DefaultRpcScheduler, ipcBackoff: false.
2024-09-18 12:54:54,689 [omNode-bootstrap-2-InstallSnapshotThread] INFO  ipc.Server (Server.java:<init>(1287)) - Listener at localhost:15047
2024-09-18 12:54:54,690 [omNode-bootstrap-2-server-thread1] INFO  server.RaftServer$Division (RaftServerImpl.java:checkInconsistentAppendEntries(1629)) - omNode-bootstrap-2@group-0AAC5367B30E: Failed appendEntries as snapshot (0) installation is in progress
2024-09-18 12:54:54,690 [omNode-bootstrap-2-server-thread1] INFO  server.RaftServer$Division (RaftServerImpl.java:appendEntriesAsync(1584)) - omNode-bootstrap-2@group-0AAC5367B30E: appendEntries* reply omNode-1<-omNode-bootstrap-2#306:FAIL-t1,INCONSISTENCY,nextIndex=0,followerCommit=-1,matchIndex=-1
2024-09-18 12:54:54,690 [grpc-default-executor-3] WARN  server.GrpcLogAppender (GrpcLogAppender.java:onNextImpl(519)) - omNode-1@group-0AAC5367B30E->omNode-bootstrap-2-AppendLogResponseHandler: received INCONSISTENCY reply with nextIndex 0, errorCount=1, request=AppendEntriesRequest:cid=306,entriesCount=0
2024-09-18 12:54:54,690 [omNode-1@group-0AAC5367B30E->omNode-bootstrap-2-GrpcLogAppender-LogAppenderDaemon] INFO  server.GrpcLogAppender (GrpcLogAppender.java:notifyInstallSnapshot(790)) - omNode-1@group-0AAC5367B30E->omNode-bootstrap-2-GrpcLogAppender: notifyInstallSnapshot with firstAvailable=(t:1, i:0), followerNextIndex=0
2024-09-18 12:54:54,690 [omNode-1@group-0AAC5367B30E->omNode-bootstrap-2-GrpcLogAppender-LogAppenderDaemon] INFO  server.GrpcLogAppender (GrpcLogAppender.java:notifyInstallSnapshot(798)) - omNode-1@group-0AAC5367B30E->omNode-bootstrap-2-GrpcLogAppender: send omNode-1->omNode-bootstrap-2#0-t1,notify:(t:1, i:0)
2024-09-18 12:54:54,691 [grpc-default-executor-3] INFO  impl.SnapshotInstallationHandler (SnapshotInstallationHandler.java:installSnapshot(92)) - omNode-bootstrap-2@group-0AAC5367B30E: receive installSnapshot: omNode-1->omNode-bootstrap-2#0-t1,notify:(t:1, i:0)
2024-09-18 12:54:54,691 [grpc-default-executor-3] INFO  impl.SnapshotInstallationHandler (SnapshotInstallationHandler.java:installSnapshotImpl(138)) - omNode-bootstrap-2@group-0AAC5367B30E: set new configuration configurationEntry {
  peers {
    id: "omNode-1"
    address: "localhost:15015"
    startupRole: FOLLOWER
  }
}
 from snapshot
2024-09-18 12:54:54,691 [grpc-default-executor-3] INFO  server.RaftServer$Division (ServerState.java:setRaftConf(386)) - omNode-bootstrap-2@group-0AAC5367B30E: set configuration conf: {index: 0, cur=peers:[omNode-1|localhost:15015]|listeners:[], old=null}
2024-09-18 12:54:54,693 [grpc-default-executor-3] INFO  ratis.OzoneManagerStateMachine (OzoneManagerStateMachine.java:notifyConfigurationChanged(216)) - Received Configuration change notification from Ratis. New Peer list:
[id: "omNode-1"
address: "localhost:15015"
startupRole: FOLLOWER
]
2024-09-18 12:54:54,693 [grpc-default-executor-3] INFO  impl.SnapshotInstallationHandler (SnapshotInstallationHandler.java:installSnapshot(103)) - omNode-bootstrap-2@group-0AAC5367B30E: reply installSnapshot: omNode-1<-omNode-bootstrap-2#0:FAIL-t1,IN_PROGRESS,snapshotIndex=0
2024-09-18 12:54:54,693 [grpc-default-executor-3] INFO  server.GrpcServerProtocolService (GrpcServerProtocolService.java:onCompleted(157)) - omNode-bootstrap-2: Completed INSTALL_SNAPSHOT, lastRequest: omNode-1->omNode-bootstrap-2#0-t1,notify:(t:1, i:0)
2024-09-18 12:54:54,693 [grpc-default-executor-3] INFO  server.GrpcServerProtocolService (GrpcServerProtocolService.java:lambda$onCompleted$5(159)) - omNode-bootstrap-2: Completed INSTALL_SNAPSHOT, lastReply: null
2024-09-18 12:54:54,693 [grpc-default-executor-1] INFO  server.GrpcLogAppender (GrpcLogAppender.java:onNext(649)) - omNode-1@group-0AAC5367B30E->omNode-bootstrap-2-InstallSnapshotResponseHandler: received a reply omNode-1<-omNode-bootstrap-2#0:FAIL-t1,IN_PROGRESS,snapshotIndex=0
2024-09-18 12:54:54,693 [grpc-default-executor-1] INFO  server.GrpcLogAppender (GrpcLogAppender.java:onNext(665)) - omNode-1@group-0AAC5367B30E->omNode-bootstrap-2-InstallSnapshotResponseHandler: InstallSnapshot in progress.
2024-09-18 12:54:54,694 [omNode-bootstrap-2-server-thread1] INFO  server.RaftServer$Division (RaftServerImpl.java:checkInconsistentAppendEntries(1629)) - omNode-bootstrap-2@group-0AAC5367B30E: Failed appendEntries as snapshot (0) installation is in progress
2024-09-18 12:54:54,694 [omNode-bootstrap-2-server-thread1] INFO  server.RaftServer$Division (RaftServerImpl.java:appendEntriesAsync(1584)) - omNode-bootstrap-2@group-0AAC5367B30E: appendEntries* reply omNode-1<-omNode-bootstrap-2#307:FAIL-t1,INCONSISTENCY,nextIndex=0,followerCommit=-1,matchIndex=-1
2024-09-18 12:54:54,694 [grpc-default-executor-1] WARN  server.GrpcLogAppender (GrpcLogAppender.java:onNextImpl(519)) - omNode-1@group-0AAC5367B30E->omNode-bootstrap-2-AppendLogResponseHandler: received INCONSISTENCY reply with nextIndex 0, errorCount=1, request=AppendEntriesRequest:cid=307,entriesCount=0
2024-09-18 12:54:54,694 [omNode-1@group-0AAC5367B30E->omNode-bootstrap-2-GrpcLogAppender-LogAppenderDaemon] INFO  server.GrpcLogAppender (GrpcLogAppender.java:notifyInstallSnapshot(790)) - omNode-1@group-0AAC5367B30E->omNode-bootstrap-2-GrpcLogAppender: notifyInstallSnapshot with firstAvailable=(t:1, i:0), followerNextIndex=0
2024-09-18 12:54:54,695 [omNode-1@group-0AAC5367B30E->omNode-bootstrap-2-GrpcLogAppender-LogAppenderDaemon] INFO  server.GrpcLogAppender (GrpcLogAppender.java:notifyInstallSnapshot(798)) - omNode-1@group-0AAC5367B30E->omNode-bootstrap-2-GrpcLogAppender: send omNode-1->omNode-bootstrap-2#0-t1,notify:(t:1, i:0)
2024-09-18 12:54:54,695 [grpc-default-executor-4] INFO  impl.SnapshotInstallationHandler (SnapshotInstallationHandler.java:installSnapshot(92)) - omNode-bootstrap-2@group-0AAC5367B30E: receive installSnapshot: omNode-1->omNode-bootstrap-2#0-t1,notify:(t:1, i:0)
2024-09-18 12:54:54,695 [grpc-default-executor-4] INFO  impl.SnapshotInstallationHandler (SnapshotInstallationHandler.java:installSnapshotImpl(138)) - omNode-bootstrap-2@group-0AAC5367B30E: set new configuration configurationEntry {
  peers {
    id: "omNode-1"
    address: "localhost:15015"
    startupRole: FOLLOWER
  }
}
 from snapshot
2024-09-18 12:54:54,695 [grpc-default-executor-4] INFO  server.RaftServer$Division (ServerState.java:setRaftConf(386)) - omNode-bootstrap-2@group-0AAC5367B30E: set configuration conf: {index: 0, cur=peers:[omNode-1|localhost:15015]|listeners:[], old=null}
2024-09-18 12:54:54,697 [Socket Reader #1 for port 15047] INFO  ipc.Server (Server.java:run(1323)) - Starting Socket Reader #1 for port 15047
2024-09-18 12:54:54,697 [grpc-default-executor-4] INFO  ratis.OzoneManagerStateMachine (OzoneManagerStateMachine.java:notifyConfigurationChanged(216)) - Received Configuration change notification from Ratis. New Peer list:
[id: "omNode-1"
address: "localhost:15015"
startupRole: FOLLOWER
]
2024-09-18 12:54:54,697 [grpc-default-executor-4] INFO  impl.SnapshotInstallationHandler (SnapshotInstallationHandler.java:installSnapshot(103)) - omNode-bootstrap-2@group-0AAC5367B30E: reply installSnapshot: omNode-1<-omNode-bootstrap-2#0:FAIL-t1,IN_PROGRESS,snapshotIndex=0
2024-09-18 12:54:54,697 [grpc-default-executor-4] INFO  server.GrpcServerProtocolService (GrpcServerProtocolService.java:onCompleted(157)) - omNode-bootstrap-2: Completed INSTALL_SNAPSHOT, lastRequest: omNode-1->omNode-bootstrap-2#0-t1,notify:(t:1, i:0)
2024-09-18 12:54:54,698 [grpc-default-executor-4] INFO  server.GrpcServerProtocolService (GrpcServerProtocolService.java:lambda$onCompleted$5(159)) - omNode-bootstrap-2: Completed INSTALL_SNAPSHOT, lastReply: null
2024-09-18 12:54:54,698 [grpc-default-executor-3] INFO  server.GrpcLogAppender (GrpcLogAppender.java:onNext(649)) - omNode-1@group-0AAC5367B30E->omNode-bootstrap-2-InstallSnapshotResponseHandler: received a reply omNode-1<-omNode-bootstrap-2#0:FAIL-t1,IN_PROGRESS,snapshotIndex=0
2024-09-18 12:54:54,698 [grpc-default-executor-3] INFO  server.GrpcLogAppender (GrpcLogAppender.java:onNext(665)) - omNode-1@group-0AAC5367B30E->omNode-bootstrap-2-InstallSnapshotResponseHandler: InstallSnapshot in progress.
2024-09-18 12:54:54,698 [omNode-bootstrap-2-server-thread1] INFO  server.RaftServer$Division (RaftServerImpl.java:checkInconsistentAppendEntries(1629)) - omNode-bootstrap-2@group-0AAC5367B30E: Failed appendEntries as snapshot (0) installation is in progress
2024-09-18 12:54:54,698 [omNode-bootstrap-2-server-thread1] INFO  server.RaftServer$Division (RaftServerImpl.java:appendEntriesAsync(1584)) - omNode-bootstrap-2@group-0AAC5367B30E: appendEntries* reply omNode-1<-omNode-bootstrap-2#308:FAIL-t1,INCONSISTENCY,nextIndex=0,followerCommit=-1,matchIndex=-1
2024-09-18 12:54:54,699 [grpc-default-executor-3] WARN  server.GrpcLogAppender (GrpcLogAppender.java:onNextImpl(519)) - omNode-1@group-0AAC5367B30E->omNode-bootstrap-2-AppendLogResponseHandler: received INCONSISTENCY reply with nextIndex 0, errorCount=1, request=AppendEntriesRequest:cid=308,entriesCount=0
2024-09-18 12:54:54,699 [omNode-1@group-0AAC5367B30E->omNode-bootstrap-2-GrpcLogAppender-LogAppenderDaemon] INFO  server.GrpcLogAppender (GrpcLogAppender.java:notifyInstallSnapshot(790)) - omNode-1@group-0AAC5367B30E->omNode-bootstrap-2-GrpcLogAppender: notifyInstallSnapshot with firstAvailable=(t:1, i:0), followerNextIndex=0
2024-09-18 12:54:54,699 [omNode-1@group-0AAC5367B30E->omNode-bootstrap-2-GrpcLogAppender-LogAppenderDaemon] INFO  server.GrpcLogAppender (GrpcLogAppender.java:notifyInstallSnapshot(798)) - omNode-1@group-0AAC5367B30E->omNode-bootstrap-2-GrpcLogAppender: send omNode-1->omNode-bootstrap-2#0-t1,notify:(t:1, i:0)
2024-09-18 12:54:54,700 [grpc-default-executor-3] INFO  impl.SnapshotInstallationHandler (SnapshotInstallationHandler.java:installSnapshot(92)) - omNode-bootstrap-2@group-0AAC5367B30E: receive installSnapshot: omNode-1->omNode-bootstrap-2#0-t1,notify:(t:1, i:0)
2024-09-18 12:54:54,700 [grpc-default-executor-3] INFO  impl.SnapshotInstallationHandler (SnapshotInstallationHandler.java:installSnapshotImpl(138)) - omNode-bootstrap-2@group-0AAC5367B30E: set new configuration configurationEntry {
  peers {
    id: "omNode-1"
    address: "localhost:15015"
    startupRole: FOLLOWER
  }
}
 from snapshot
2024-09-18 12:54:54,700 [grpc-default-executor-3] INFO  server.RaftServer$Division (ServerState.java:setRaftConf(386)) - omNode-bootstrap-2@group-0AAC5367B30E: set configuration conf: {index: 0, cur=peers:[omNode-1|localhost:15015]|listeners:[], old=null}
2024-09-18 12:54:54,702 [grpc-default-executor-3] INFO  ratis.OzoneManagerStateMachine (OzoneManagerStateMachine.java:notifyConfigurationChanged(216)) - Received Configuration change notification from Ratis. New Peer list:
[id: "omNode-1"
address: "localhost:15015"
startupRole: FOLLOWER
]
2024-09-18 12:54:54,702 [grpc-default-executor-3] INFO  impl.SnapshotInstallationHandler (SnapshotInstallationHandler.java:installSnapshot(103)) - omNode-bootstrap-2@group-0AAC5367B30E: reply installSnapshot: omNode-1<-omNode-bootstrap-2#0:FAIL-t1,IN_PROGRESS,snapshotIndex=0
2024-09-18 12:54:54,702 [grpc-default-executor-3] INFO  server.GrpcServerProtocolService (GrpcServerProtocolService.java:onCompleted(157)) - omNode-bootstrap-2: Completed INSTALL_SNAPSHOT, lastRequest: omNode-1->omNode-bootstrap-2#0-t1,notify:(t:1, i:0)
2024-09-18 12:54:54,702 [grpc-default-executor-3] INFO  server.GrpcServerProtocolService (GrpcServerProtocolService.java:lambda$onCompleted$5(159)) - omNode-bootstrap-2: Completed INSTALL_SNAPSHOT, lastReply: null
2024-09-18 12:54:54,703 [grpc-default-executor-4] INFO  server.GrpcLogAppender (GrpcLogAppender.java:onNext(649)) - omNode-1@group-0AAC5367B30E->omNode-bootstrap-2-InstallSnapshotResponseHandler: received a reply omNode-1<-omNode-bootstrap-2#0:FAIL-t1,IN_PROGRESS,snapshotIndex=0
2024-09-18 12:54:54,703 [grpc-default-executor-4] INFO  server.GrpcLogAppender (GrpcLogAppender.java:onNext(665)) - omNode-1@group-0AAC5367B30E->omNode-bootstrap-2-InstallSnapshotResponseHandler: InstallSnapshot in progress.
2024-09-18 12:54:54,703 [omNode-1@group-0AAC5367B30E->omNode-bootstrap-2-GrpcLogAppender-LogAppenderDaemon] INFO  server.GrpcLogAppender (GrpcLogAppender.java:notifyInstallSnapshot(790)) - omNode-1@group-0AAC5367B30E->omNode-bootstrap-2-GrpcLogAppender: notifyInstallSnapshot with firstAvailable=(t:1, i:0), followerNextIndex=0
2024-09-18 12:54:54,703 [omNode-1@group-0AAC5367B30E->omNode-bootstrap-2-GrpcLogAppender-LogAppenderDaemon] INFO  server.GrpcLogAppender (GrpcLogAppender.java:notifyInstallSnapshot(798)) - omNode-1@group-0AAC5367B30E->omNode-bootstrap-2-GrpcLogAppender: send omNode-1->omNode-bootstrap-2#0-t1,notify:(t:1, i:0)
2024-09-18 12:54:54,703 [omNode-bootstrap-2-server-thread1] INFO  server.RaftServer$Division (RaftServerImpl.java:checkInconsistentAppendEntries(1629)) - omNode-bootstrap-2@group-0AAC5367B30E: Failed appendEntries as snapshot (0) installation is in progress
2024-09-18 12:54:54,704 [omNode-bootstrap-2-server-thread1] INFO  server.RaftServer$Division (RaftServerImpl.java:appendEntriesAsync(1584)) - omNode-bootstrap-2@group-0AAC5367B30E: appendEntries* reply omNode-1<-omNode-bootstrap-2#309:FAIL-t1,INCONSISTENCY,nextIndex=0,followerCommit=-1,matchIndex=-1
2024-09-18 12:54:54,704 [grpc-default-executor-1] INFO  impl.SnapshotInstallationHandler (SnapshotInstallationHandler.java:installSnapshot(92)) - omNode-bootstrap-2@group-0AAC5367B30E: receive installSnapshot: omNode-1->omNode-bootstrap-2#0-t1,notify:(t:1, i:0)
2024-09-18 12:54:54,704 [grpc-default-executor-1] INFO  impl.SnapshotInstallationHandler (SnapshotInstallationHandler.java:installSnapshotImpl(138)) - omNode-bootstrap-2@group-0AAC5367B30E: set new configuration configurationEntry {
  peers {
    id: "omNode-1"
    address: "localhost:15015"
    startupRole: FOLLOWER
  }
}
 from snapshot
2024-09-18 12:54:54,704 [grpc-default-executor-1] INFO  server.RaftServer$Division (ServerState.java:setRaftConf(386)) - omNode-bootstrap-2@group-0AAC5367B30E: set configuration conf: {index: 0, cur=peers:[omNode-1|localhost:15015]|listeners:[], old=null}
2024-09-18 12:54:54,704 [grpc-default-executor-4] WARN  server.GrpcLogAppender (GrpcLogAppender.java:onNextImpl(519)) - omNode-1@group-0AAC5367B30E->omNode-bootstrap-2-AppendLogResponseHandler: received INCONSISTENCY reply with nextIndex 0, errorCount=1, request=AppendEntriesRequest:cid=309,entriesCount=0
2024-09-18 12:54:54,705 [grpc-default-executor-1] INFO  ratis.OzoneManagerStateMachine (OzoneManagerStateMachine.java:notifyConfigurationChanged(216)) - Received Configuration change notification from Ratis. New Peer list:
[id: "omNode-1"
address: "localhost:15015"
startupRole: FOLLOWER
]
2024-09-18 12:54:54,705 [grpc-default-executor-1] INFO  impl.SnapshotInstallationHandler (SnapshotInstallationHandler.java:installSnapshot(103)) - omNode-bootstrap-2@group-0AAC5367B30E: reply installSnapshot: omNode-1<-omNode-bootstrap-2#0:FAIL-t1,IN_PROGRESS,snapshotIndex=0
2024-09-18 12:54:54,705 [grpc-default-executor-1] INFO  server.GrpcServerProtocolService (GrpcServerProtocolService.java:onCompleted(157)) - omNode-bootstrap-2: Completed INSTALL_SNAPSHOT, lastRequest: omNode-1->omNode-bootstrap-2#0-t1,notify:(t:1, i:0)
2024-09-18 12:54:54,705 [grpc-default-executor-1] INFO  server.GrpcServerProtocolService (GrpcServerProtocolService.java:lambda$onCompleted$5(159)) - omNode-bootstrap-2: Completed INSTALL_SNAPSHOT, lastReply: null
2024-09-18 12:54:54,706 [grpc-default-executor-4] INFO  server.GrpcLogAppender (GrpcLogAppender.java:onNext(649)) - omNode-1@group-0AAC5367B30E->omNode-bootstrap-2-InstallSnapshotResponseHandler: received a reply omNode-1<-omNode-bootstrap-2#0:FAIL-t1,IN_PROGRESS,snapshotIndex=0
2024-09-18 12:54:54,706 [grpc-default-executor-4] INFO  server.GrpcLogAppender (GrpcLogAppender.java:onNext(665)) - omNode-1@group-0AAC5367B30E->omNode-bootstrap-2-InstallSnapshotResponseHandler: InstallSnapshot in progress.
2024-09-18 12:54:54,706 [omNode-1@group-0AAC5367B30E->omNode-bootstrap-2-GrpcLogAppender-LogAppenderDaemon] INFO  server.GrpcLogAppender (GrpcLogAppender.java:notifyInstallSnapshot(790)) - omNode-1@group-0AAC5367B30E->omNode-bootstrap-2-GrpcLogAppender: notifyInstallSnapshot with firstAvailable=(t:1, i:0), followerNextIndex=0
2024-09-18 12:54:54,706 [omNode-1@group-0AAC5367B30E->omNode-bootstrap-2-GrpcLogAppender-LogAppenderDaemon] INFO  server.GrpcLogAppender (GrpcLogAppender.java:notifyInstallSnapshot(798)) - omNode-1@group-0AAC5367B30E->omNode-bootstrap-2-GrpcLogAppender: send omNode-1->omNode-bootstrap-2#0-t1,notify:(t:1, i:0)
2024-09-18 12:54:54,707 [Socket Reader #2 for port 15047] INFO  ipc.Server (Server.java:run(1323)) - Starting Socket Reader #2 for port 15047
2024-09-18 12:54:54,707 [grpc-default-executor-1] INFO  impl.SnapshotInstallationHandler (SnapshotInstallationHandler.java:installSnapshot(92)) - omNode-bootstrap-2@group-0AAC5367B30E: receive installSnapshot: omNode-1->omNode-bootstrap-2#0-t1,notify:(t:1, i:0)
2024-09-18 12:54:54,707 [omNode-bootstrap-2-server-thread1] INFO  server.RaftServer$Division (RaftServerImpl.java:checkInconsistentAppendEntries(1629)) - omNode-bootstrap-2@group-0AAC5367B30E: Failed appendEntries as snapshot (0) installation is in progress
2024-09-18 12:54:54,707 [omNode-bootstrap-2-server-thread1] INFO  server.RaftServer$Division (RaftServerImpl.java:appendEntriesAsync(1584)) - omNode-bootstrap-2@group-0AAC5367B30E: appendEntries* reply omNode-1<-omNode-bootstrap-2#310:FAIL-t1,INCONSISTENCY,nextIndex=0,followerCommit=-1,matchIndex=-1
2024-09-18 12:54:54,707 [grpc-default-executor-1] INFO  impl.SnapshotInstallationHandler (SnapshotInstallationHandler.java:installSnapshotImpl(138)) - omNode-bootstrap-2@group-0AAC5367B30E: set new configuration configurationEntry {
  peers {
    id: "omNode-1"
    address: "localhost:15015"
    startupRole: FOLLOWER
  }
}
 from snapshot
2024-09-18 12:54:54,707 [grpc-default-executor-1] INFO  server.RaftServer$Division (ServerState.java:setRaftConf(386)) - omNode-bootstrap-2@group-0AAC5367B30E: set configuration conf: {index: 0, cur=peers:[omNode-1|localhost:15015]|listeners:[], old=null}
2024-09-18 12:54:54,708 [grpc-default-executor-4] WARN  server.GrpcLogAppender (GrpcLogAppender.java:onNextImpl(519)) - omNode-1@group-0AAC5367B30E->omNode-bootstrap-2-AppendLogResponseHandler: received INCONSISTENCY reply with nextIndex 0, errorCount=1, request=AppendEntriesRequest:cid=310,entriesCount=0
2024-09-18 12:54:54,708 [Socket Reader #3 for port 15047] INFO  ipc.Server (Server.java:run(1323)) - Starting Socket Reader #3 for port 15047
2024-09-18 12:54:54,708 [Socket Reader #4 for port 15047] INFO  ipc.Server (Server.java:run(1323)) - Starting Socket Reader #4 for port 15047
2024-09-18 12:54:54,709 [grpc-default-executor-1] INFO  ratis.OzoneManagerStateMachine (OzoneManagerStateMachine.java:notifyConfigurationChanged(216)) - Received Configuration change notification from Ratis. New Peer list:
[id: "omNode-1"
address: "localhost:15015"
startupRole: FOLLOWER
]
2024-09-18 12:54:54,709 [grpc-default-executor-1] INFO  impl.SnapshotInstallationHandler (SnapshotInstallationHandler.java:installSnapshot(103)) - omNode-bootstrap-2@group-0AAC5367B30E: reply installSnapshot: omNode-1<-omNode-bootstrap-2#0:FAIL-t1,IN_PROGRESS,snapshotIndex=0
2024-09-18 12:54:54,709 [grpc-default-executor-1] INFO  server.GrpcServerProtocolService (GrpcServerProtocolService.java:onCompleted(157)) - omNode-bootstrap-2: Completed INSTALL_SNAPSHOT, lastRequest: omNode-1->omNode-bootstrap-2#0-t1,notify:(t:1, i:0)
2024-09-18 12:54:54,709 [grpc-default-executor-1] INFO  server.GrpcServerProtocolService (GrpcServerProtocolService.java:lambda$onCompleted$5(159)) - omNode-bootstrap-2: Completed INSTALL_SNAPSHOT, lastReply: null
2024-09-18 12:54:54,710 [grpc-default-executor-4] INFO  server.GrpcLogAppender (GrpcLogAppender.java:onNext(649)) - omNode-1@group-0AAC5367B30E->omNode-bootstrap-2-InstallSnapshotResponseHandler: received a reply omNode-1<-omNode-bootstrap-2#0:FAIL-t1,IN_PROGRESS,snapshotIndex=0
2024-09-18 12:54:54,710 [grpc-default-executor-4] INFO  server.GrpcLogAppender (GrpcLogAppender.java:onNext(665)) - omNode-1@group-0AAC5367B30E->omNode-bootstrap-2-InstallSnapshotResponseHandler: InstallSnapshot in progress.
2024-09-18 12:54:54,710 [omNode-1@group-0AAC5367B30E->omNode-bootstrap-2-GrpcLogAppender-LogAppenderDaemon] INFO  server.GrpcLogAppender (GrpcLogAppender.java:notifyInstallSnapshot(790)) - omNode-1@group-0AAC5367B30E->omNode-bootstrap-2-GrpcLogAppender: notifyInstallSnapshot with firstAvailable=(t:1, i:0), followerNextIndex=0
2024-09-18 12:54:54,710 [omNode-1@group-0AAC5367B30E->omNode-bootstrap-2-GrpcLogAppender-LogAppenderDaemon] INFO  server.GrpcLogAppender (GrpcLogAppender.java:notifyInstallSnapshot(798)) - omNode-1@group-0AAC5367B30E->omNode-bootstrap-2-GrpcLogAppender: send omNode-1->omNode-bootstrap-2#0-t1,notify:(t:1, i:0)
2024-09-18 12:54:54,711 [omNode-bootstrap-2-server-thread1] INFO  server.RaftServer$Division (RaftServerImpl.java:checkInconsistentAppendEntries(1629)) - omNode-bootstrap-2@group-0AAC5367B30E: Failed appendEntries as snapshot (0) installation is in progress
2024-09-18 12:54:54,711 [omNode-bootstrap-2-server-thread1] INFO  server.RaftServer$Division (RaftServerImpl.java:appendEntriesAsync(1584)) - omNode-bootstrap-2@group-0AAC5367B30E: appendEntries* reply omNode-1<-omNode-bootstrap-2#311:FAIL-t1,INCONSISTENCY,nextIndex=0,followerCommit=-1,matchIndex=-1
2024-09-18 12:54:54,712 [grpc-default-executor-1] INFO  impl.SnapshotInstallationHandler (SnapshotInstallationHandler.java:installSnapshot(92)) - omNode-bootstrap-2@group-0AAC5367B30E: receive installSnapshot: omNode-1->omNode-bootstrap-2#0-t1,notify:(t:1, i:0)
2024-09-18 12:54:54,712 [grpc-default-executor-1] INFO  impl.SnapshotInstallationHandler (SnapshotInstallationHandler.java:installSnapshotImpl(138)) - omNode-bootstrap-2@group-0AAC5367B30E: set new configuration configurationEntry {
  peers {
    id: "omNode-1"
    address: "localhost:15015"
    startupRole: FOLLOWER
  }
}
 from snapshot
2024-09-18 12:54:54,712 [grpc-default-executor-1] INFO  server.RaftServer$Division (ServerState.java:setRaftConf(386)) - omNode-bootstrap-2@group-0AAC5367B30E: set configuration conf: {index: 0, cur=peers:[omNode-1|localhost:15015]|listeners:[], old=null}
2024-09-18 12:54:54,712 [grpc-default-executor-4] WARN  server.GrpcLogAppender (GrpcLogAppender.java:onNextImpl(519)) - omNode-1@group-0AAC5367B30E->omNode-bootstrap-2-AppendLogResponseHandler: received INCONSISTENCY reply with nextIndex 0, errorCount=1, request=AppendEntriesRequest:cid=311,entriesCount=0
2024-09-18 12:54:54,713 [grpc-default-executor-1] INFO  ratis.OzoneManagerStateMachine (OzoneManagerStateMachine.java:notifyConfigurationChanged(216)) - Received Configuration change notification from Ratis. New Peer list:
[id: "omNode-1"
address: "localhost:15015"
startupRole: FOLLOWER
]
2024-09-18 12:54:54,713 [grpc-default-executor-1] INFO  impl.SnapshotInstallationHandler (SnapshotInstallationHandler.java:installSnapshot(103)) - omNode-bootstrap-2@group-0AAC5367B30E: reply installSnapshot: omNode-1<-omNode-bootstrap-2#0:FAIL-t1,IN_PROGRESS,snapshotIndex=0
2024-09-18 12:54:54,713 [grpc-default-executor-1] INFO  server.GrpcServerProtocolService (GrpcServerProtocolService.java:onCompleted(157)) - omNode-bootstrap-2: Completed INSTALL_SNAPSHOT, lastRequest: omNode-1->omNode-bootstrap-2#0-t1,notify:(t:1, i:0)
2024-09-18 12:54:54,713 [grpc-default-executor-1] INFO  server.GrpcServerProtocolService (GrpcServerProtocolService.java:lambda$onCompleted$5(159)) - omNode-bootstrap-2: Completed INSTALL_SNAPSHOT, lastReply: null
2024-09-18 12:54:54,714 [grpc-default-executor-4] INFO  server.GrpcLogAppender (GrpcLogAppender.java:onNext(649)) - omNode-1@group-0AAC5367B30E->omNode-bootstrap-2-InstallSnapshotResponseHandler: received a reply omNode-1<-omNode-bootstrap-2#0:FAIL-t1,IN_PROGRESS,snapshotIndex=0
2024-09-18 12:54:54,714 [grpc-default-executor-4] INFO  server.GrpcLogAppender (GrpcLogAppender.java:onNext(665)) - omNode-1@group-0AAC5367B30E->omNode-bootstrap-2-InstallSnapshotResponseHandler: InstallSnapshot in progress.
2024-09-18 12:54:54,714 [omNode-bootstrap-2-server-thread1] INFO  server.RaftServer$Division (RaftServerImpl.java:checkInconsistentAppendEntries(1629)) - omNode-bootstrap-2@group-0AAC5367B30E: Failed appendEntries as snapshot (0) installation is in progress
2024-09-18 12:54:54,714 [omNode-bootstrap-2-server-thread1] INFO  server.RaftServer$Division (RaftServerImpl.java:appendEntriesAsync(1584)) - omNode-bootstrap-2@group-0AAC5367B30E: appendEntries* reply omNode-1<-omNode-bootstrap-2#312:FAIL-t1,INCONSISTENCY,nextIndex=0,followerCommit=-1,matchIndex=-1
2024-09-18 12:54:54,715 [grpc-default-executor-4] WARN  server.GrpcLogAppender (GrpcLogAppender.java:onNextImpl(519)) - omNode-1@group-0AAC5367B30E->omNode-bootstrap-2-AppendLogResponseHandler: received INCONSISTENCY reply with nextIndex 0, errorCount=1, request=AppendEntriesRequest:cid=312,entriesCount=0
2024-09-18 12:54:54,715 [omNode-1@group-0AAC5367B30E->omNode-bootstrap-2-GrpcLogAppender-LogAppenderDaemon] INFO  server.GrpcLogAppender (GrpcLogAppender.java:notifyInstallSnapshot(790)) - omNode-1@group-0AAC5367B30E->omNode-bootstrap-2-GrpcLogAppender: notifyInstallSnapshot with firstAvailable=(t:1, i:0), followerNextIndex=0
2024-09-18 12:54:54,715 [omNode-1@group-0AAC5367B30E->omNode-bootstrap-2-GrpcLogAppender-LogAppenderDaemon] INFO  server.GrpcLogAppender (GrpcLogAppender.java:notifyInstallSnapshot(798)) - omNode-1@group-0AAC5367B30E->omNode-bootstrap-2-GrpcLogAppender: send omNode-1->omNode-bootstrap-2#0-t1,notify:(t:1, i:0)
2024-09-18 12:54:54,716 [grpc-default-executor-3] INFO  impl.SnapshotInstallationHandler (SnapshotInstallationHandler.java:installSnapshot(92)) - omNode-bootstrap-2@group-0AAC5367B30E: receive installSnapshot: omNode-1->omNode-bootstrap-2#0-t1,notify:(t:1, i:0)
2024-09-18 12:54:54,716 [grpc-default-executor-3] INFO  impl.SnapshotInstallationHandler (SnapshotInstallationHandler.java:installSnapshotImpl(138)) - omNode-bootstrap-2@group-0AAC5367B30E: set new configuration configurationEntry {
  peers {
    id: "omNode-1"
    address: "localhost:15015"
    startupRole: FOLLOWER
  }
}
 from snapshot
2024-09-18 12:54:54,716 [grpc-default-executor-3] INFO  server.RaftServer$Division (ServerState.java:setRaftConf(386)) - omNode-bootstrap-2@group-0AAC5367B30E: set configuration conf: {index: 0, cur=peers:[omNode-1|localhost:15015]|listeners:[], old=null}
2024-09-18 12:54:54,718 [grpc-default-executor-3] INFO  ratis.OzoneManagerStateMachine (OzoneManagerStateMachine.java:notifyConfigurationChanged(216)) - Received Configuration change notification from Ratis. New Peer list:
[id: "omNode-1"
address: "localhost:15015"
startupRole: FOLLOWER
]
2024-09-18 12:54:54,718 [grpc-default-executor-3] INFO  impl.SnapshotInstallationHandler (SnapshotInstallationHandler.java:installSnapshot(103)) - omNode-bootstrap-2@group-0AAC5367B30E: reply installSnapshot: omNode-1<-omNode-bootstrap-2#0:FAIL-t1,IN_PROGRESS,snapshotIndex=0
2024-09-18 12:54:54,718 [grpc-default-executor-3] INFO  server.GrpcServerProtocolService (GrpcServerProtocolService.java:onCompleted(157)) - omNode-bootstrap-2: Completed INSTALL_SNAPSHOT, lastRequest: omNode-1->omNode-bootstrap-2#0-t1,notify:(t:1, i:0)
2024-09-18 12:54:54,718 [grpc-default-executor-3] INFO  server.GrpcServerProtocolService (GrpcServerProtocolService.java:lambda$onCompleted$5(159)) - omNode-bootstrap-2: Completed INSTALL_SNAPSHOT, lastReply: null
2024-09-18 12:54:54,718 [grpc-default-executor-1] INFO  server.GrpcLogAppender (GrpcLogAppender.java:onNext(649)) - omNode-1@group-0AAC5367B30E->omNode-bootstrap-2-InstallSnapshotResponseHandler: received a reply omNode-1<-omNode-bootstrap-2#0:FAIL-t1,IN_PROGRESS,snapshotIndex=0
2024-09-18 12:54:54,719 [grpc-default-executor-1] INFO  server.GrpcLogAppender (GrpcLogAppender.java:onNext(665)) - omNode-1@group-0AAC5367B30E->omNode-bootstrap-2-InstallSnapshotResponseHandler: InstallSnapshot in progress.
2024-09-18 12:54:54,719 [omNode-1@group-0AAC5367B30E->omNode-bootstrap-2-GrpcLogAppender-LogAppenderDaemon] INFO  server.GrpcLogAppender (GrpcLogAppender.java:notifyInstallSnapshot(790)) - omNode-1@group-0AAC5367B30E->omNode-bootstrap-2-GrpcLogAppender: notifyInstallSnapshot with firstAvailable=(t:1, i:0), followerNextIndex=0
2024-09-18 12:54:54,719 [omNode-1@group-0AAC5367B30E->omNode-bootstrap-2-GrpcLogAppender-LogAppenderDaemon] INFO  server.GrpcLogAppender (GrpcLogAppender.java:notifyInstallSnapshot(798)) - omNode-1@group-0AAC5367B30E->omNode-bootstrap-2-GrpcLogAppender: send omNode-1->omNode-bootstrap-2#0-t1,notify:(t:1, i:0)
2024-09-18 12:54:54,719 [omNode-bootstrap-2-server-thread1] INFO  server.RaftServer$Division (RaftServerImpl.java:checkInconsistentAppendEntries(1629)) - omNode-bootstrap-2@group-0AAC5367B30E: Failed appendEntries as snapshot (0) installation is in progress
2024-09-18 12:54:54,720 [omNode-bootstrap-2-server-thread1] INFO  server.RaftServer$Division (RaftServerImpl.java:appendEntriesAsync(1584)) - omNode-bootstrap-2@group-0AAC5367B30E: appendEntries* reply omNode-1<-omNode-bootstrap-2#313:FAIL-t1,INCONSISTENCY,nextIndex=0,followerCommit=-1,matchIndex=-1
2024-09-18 12:54:54,720 [grpc-default-executor-4] INFO  impl.SnapshotInstallationHandler (SnapshotInstallationHandler.java:installSnapshot(92)) - omNode-bootstrap-2@group-0AAC5367B30E: receive installSnapshot: omNode-1->omNode-bootstrap-2#0-t1,notify:(t:1, i:0)
2024-09-18 12:54:54,720 [grpc-default-executor-4] INFO  impl.SnapshotInstallationHandler (SnapshotInstallationHandler.java:installSnapshotImpl(138)) - omNode-bootstrap-2@group-0AAC5367B30E: set new configuration configurationEntry {
  peers {
    id: "omNode-1"
    address: "localhost:15015"
    startupRole: FOLLOWER
  }
}
 from snapshot
2024-09-18 12:54:54,720 [grpc-default-executor-4] INFO  server.RaftServer$Division (ServerState.java:setRaftConf(386)) - omNode-bootstrap-2@group-0AAC5367B30E: set configuration conf: {index: 0, cur=peers:[omNode-1|localhost:15015]|listeners:[], old=null}
2024-09-18 12:54:54,721 [grpc-default-executor-1] WARN  server.GrpcLogAppender (GrpcLogAppender.java:onNextImpl(519)) - omNode-1@group-0AAC5367B30E->omNode-bootstrap-2-AppendLogResponseHandler: received INCONSISTENCY reply with nextIndex 0, errorCount=1, request=AppendEntriesRequest:cid=313,entriesCount=0
2024-09-18 12:54:54,721 [Socket Reader #5 for port 15047] INFO  ipc.Server (Server.java:run(1323)) - Starting Socket Reader #5 for port 15047
2024-09-18 12:54:54,721 [grpc-default-executor-4] INFO  ratis.OzoneManagerStateMachine (OzoneManagerStateMachine.java:notifyConfigurationChanged(216)) - Received Configuration change notification from Ratis. New Peer list:
[id: "omNode-1"
address: "localhost:15015"
startupRole: FOLLOWER
]
2024-09-18 12:54:54,722 [grpc-default-executor-4] INFO  impl.SnapshotInstallationHandler (SnapshotInstallationHandler.java:installSnapshot(103)) - omNode-bootstrap-2@group-0AAC5367B30E: reply installSnapshot: omNode-1<-omNode-bootstrap-2#0:FAIL-t1,IN_PROGRESS,snapshotIndex=0
2024-09-18 12:54:54,722 [grpc-default-executor-4] INFO  server.GrpcServerProtocolService (GrpcServerProtocolService.java:onCompleted(157)) - omNode-bootstrap-2: Completed INSTALL_SNAPSHOT, lastRequest: omNode-1->omNode-bootstrap-2#0-t1,notify:(t:1, i:0)
2024-09-18 12:54:54,722 [grpc-default-executor-4] INFO  server.GrpcServerProtocolService (GrpcServerProtocolService.java:lambda$onCompleted$5(159)) - omNode-bootstrap-2: Completed INSTALL_SNAPSHOT, lastReply: null
2024-09-18 12:54:54,722 [grpc-default-executor-1] INFO  server.GrpcLogAppender (GrpcLogAppender.java:onNext(649)) - omNode-1@group-0AAC5367B30E->omNode-bootstrap-2-InstallSnapshotResponseHandler: received a reply omNode-1<-omNode-bootstrap-2#0:FAIL-t1,IN_PROGRESS,snapshotIndex=0
2024-09-18 12:54:54,722 [grpc-default-executor-1] INFO  server.GrpcLogAppender (GrpcLogAppender.java:onNext(665)) - omNode-1@group-0AAC5367B30E->omNode-bootstrap-2-InstallSnapshotResponseHandler: InstallSnapshot in progress.
2024-09-18 12:54:54,722 [omNode-1@group-0AAC5367B30E->omNode-bootstrap-2-GrpcLogAppender-LogAppenderDaemon] INFO  server.GrpcLogAppender (GrpcLogAppender.java:notifyInstallSnapshot(790)) - omNode-1@group-0AAC5367B30E->omNode-bootstrap-2-GrpcLogAppender: notifyInstallSnapshot with firstAvailable=(t:1, i:0), followerNextIndex=0
2024-09-18 12:54:54,722 [omNode-1@group-0AAC5367B30E->omNode-bootstrap-2-GrpcLogAppender-LogAppenderDaemon] INFO  server.GrpcLogAppender (GrpcLogAppender.java:notifyInstallSnapshot(798)) - omNode-1@group-0AAC5367B30E->omNode-bootstrap-2-GrpcLogAppender: send omNode-1->omNode-bootstrap-2#0-t1,notify:(t:1, i:0)
2024-09-18 12:54:54,723 [omNode-bootstrap-2-server-thread1] INFO  server.RaftServer$Division (RaftServerImpl.java:checkInconsistentAppendEntries(1629)) - omNode-bootstrap-2@group-0AAC5367B30E: Failed appendEntries as snapshot (0) installation is in progress
2024-09-18 12:54:54,723 [omNode-bootstrap-2-server-thread1] INFO  server.RaftServer$Division (RaftServerImpl.java:appendEntriesAsync(1584)) - omNode-bootstrap-2@group-0AAC5367B30E: appendEntries* reply omNode-1<-omNode-bootstrap-2#314:FAIL-t1,INCONSISTENCY,nextIndex=0,followerCommit=-1,matchIndex=-1
2024-09-18 12:54:54,723 [grpc-default-executor-0] INFO  impl.SnapshotInstallationHandler (SnapshotInstallationHandler.java:installSnapshot(92)) - omNode-bootstrap-2@group-0AAC5367B30E: receive installSnapshot: omNode-1->omNode-bootstrap-2#0-t1,notify:(t:1, i:0)
2024-09-18 12:54:54,724 [grpc-default-executor-0] INFO  impl.SnapshotInstallationHandler (SnapshotInstallationHandler.java:installSnapshotImpl(138)) - omNode-bootstrap-2@group-0AAC5367B30E: set new configuration configurationEntry {
  peers {
    id: "omNode-1"
    address: "localhost:15015"
    startupRole: FOLLOWER
  }
}
 from snapshot
2024-09-18 12:54:54,724 [grpc-default-executor-0] INFO  server.RaftServer$Division (ServerState.java:setRaftConf(386)) - omNode-bootstrap-2@group-0AAC5367B30E: set configuration conf: {index: 0, cur=peers:[omNode-1|localhost:15015]|listeners:[], old=null}
2024-09-18 12:54:54,724 [grpc-default-executor-4] WARN  server.GrpcLogAppender (GrpcLogAppender.java:onNextImpl(519)) - omNode-1@group-0AAC5367B30E->omNode-bootstrap-2-AppendLogResponseHandler: received INCONSISTENCY reply with nextIndex 0, errorCount=1, request=AppendEntriesRequest:cid=314,entriesCount=0
2024-09-18 12:54:54,725 [grpc-default-executor-0] INFO  ratis.OzoneManagerStateMachine (OzoneManagerStateMachine.java:notifyConfigurationChanged(216)) - Received Configuration change notification from Ratis. New Peer list:
[id: "omNode-1"
address: "localhost:15015"
startupRole: FOLLOWER
]
2024-09-18 12:54:54,725 [grpc-default-executor-0] INFO  impl.SnapshotInstallationHandler (SnapshotInstallationHandler.java:installSnapshot(103)) - omNode-bootstrap-2@group-0AAC5367B30E: reply installSnapshot: omNode-1<-omNode-bootstrap-2#0:FAIL-t1,IN_PROGRESS,snapshotIndex=0
2024-09-18 12:54:54,725 [grpc-default-executor-0] INFO  server.GrpcServerProtocolService (GrpcServerProtocolService.java:onCompleted(157)) - omNode-bootstrap-2: Completed INSTALL_SNAPSHOT, lastRequest: omNode-1->omNode-bootstrap-2#0-t1,notify:(t:1, i:0)
2024-09-18 12:54:54,725 [grpc-default-executor-0] INFO  server.GrpcServerProtocolService (GrpcServerProtocolService.java:lambda$onCompleted$5(159)) - omNode-bootstrap-2: Completed INSTALL_SNAPSHOT, lastReply: null
2024-09-18 12:54:54,726 [grpc-default-executor-4] INFO  server.GrpcLogAppender (GrpcLogAppender.java:onNext(649)) - omNode-1@group-0AAC5367B30E->omNode-bootstrap-2-InstallSnapshotResponseHandler: received a reply omNode-1<-omNode-bootstrap-2#0:FAIL-t1,IN_PROGRESS,snapshotIndex=0
2024-09-18 12:54:54,726 [grpc-default-executor-4] INFO  server.GrpcLogAppender (GrpcLogAppender.java:onNext(665)) - omNode-1@group-0AAC5367B30E->omNode-bootstrap-2-InstallSnapshotResponseHandler: InstallSnapshot in progress.
2024-09-18 12:54:54,726 [omNode-1@group-0AAC5367B30E->omNode-bootstrap-2-GrpcLogAppender-LogAppenderDaemon] INFO  server.GrpcLogAppender (GrpcLogAppender.java:notifyInstallSnapshot(790)) - omNode-1@group-0AAC5367B30E->omNode-bootstrap-2-GrpcLogAppender: notifyInstallSnapshot with firstAvailable=(t:1, i:0), followerNextIndex=0
2024-09-18 12:54:54,726 [omNode-1@group-0AAC5367B30E->omNode-bootstrap-2-GrpcLogAppender-LogAppenderDaemon] INFO  server.GrpcLogAppender (GrpcLogAppender.java:notifyInstallSnapshot(798)) - omNode-1@group-0AAC5367B30E->omNode-bootstrap-2-GrpcLogAppender: send omNode-1->omNode-bootstrap-2#0-t1,notify:(t:1, i:0)
2024-09-18 12:54:54,726 [Socket Reader #6 for port 15047] INFO  ipc.Server (Server.java:run(1323)) - Starting Socket Reader #6 for port 15047
2024-09-18 12:54:54,727 [grpc-default-executor-1] INFO  impl.SnapshotInstallationHandler (SnapshotInstallationHandler.java:installSnapshot(92)) - omNode-bootstrap-2@group-0AAC5367B30E: receive installSnapshot: omNode-1->omNode-bootstrap-2#0-t1,notify:(t:1, i:0)
2024-09-18 12:54:54,727 [grpc-default-executor-1] INFO  impl.SnapshotInstallationHandler (SnapshotInstallationHandler.java:installSnapshotImpl(138)) - omNode-bootstrap-2@group-0AAC5367B30E: set new configuration configurationEntry {
  peers {
    id: "omNode-1"
    address: "localhost:15015"
    startupRole: FOLLOWER
  }
}
 from snapshot
2024-09-18 12:54:54,727 [grpc-default-executor-1] INFO  server.RaftServer$Division (ServerState.java:setRaftConf(386)) - omNode-bootstrap-2@group-0AAC5367B30E: set configuration conf: {index: 0, cur=peers:[omNode-1|localhost:15015]|listeners:[], old=null}
2024-09-18 12:54:54,728 [omNode-bootstrap-2-server-thread1] INFO  server.RaftServer$Division (RaftServerImpl.java:checkInconsistentAppendEntries(1629)) - omNode-bootstrap-2@group-0AAC5367B30E: Failed appendEntries as snapshot (0) installation is in progress
2024-09-18 12:54:54,728 [omNode-bootstrap-2-server-thread1] INFO  server.RaftServer$Division (RaftServerImpl.java:appendEntriesAsync(1584)) - omNode-bootstrap-2@group-0AAC5367B30E: appendEntries* reply omNode-1<-omNode-bootstrap-2#315:FAIL-t1,INCONSISTENCY,nextIndex=0,followerCommit=-1,matchIndex=-1
2024-09-18 12:54:54,728 [grpc-default-executor-1] INFO  ratis.OzoneManagerStateMachine (OzoneManagerStateMachine.java:notifyConfigurationChanged(216)) - Received Configuration change notification from Ratis. New Peer list:
[id: "omNode-1"
address: "localhost:15015"
startupRole: FOLLOWER
]
2024-09-18 12:54:54,728 [grpc-default-executor-1] INFO  impl.SnapshotInstallationHandler (SnapshotInstallationHandler.java:installSnapshot(103)) - omNode-bootstrap-2@group-0AAC5367B30E: reply installSnapshot: omNode-1<-omNode-bootstrap-2#0:FAIL-t1,IN_PROGRESS,snapshotIndex=0
2024-09-18 12:54:54,729 [grpc-default-executor-1] INFO  server.GrpcServerProtocolService (GrpcServerProtocolService.java:onCompleted(157)) - omNode-bootstrap-2: Completed INSTALL_SNAPSHOT, lastRequest: omNode-1->omNode-bootstrap-2#0-t1,notify:(t:1, i:0)
2024-09-18 12:54:54,729 [grpc-default-executor-1] INFO  server.GrpcServerProtocolService (GrpcServerProtocolService.java:lambda$onCompleted$5(159)) - omNode-bootstrap-2: Completed INSTALL_SNAPSHOT, lastReply: null
2024-09-18 12:54:54,729 [grpc-default-executor-4] INFO  server.GrpcLogAppender (GrpcLogAppender.java:onNext(649)) - omNode-1@group-0AAC5367B30E->omNode-bootstrap-2-InstallSnapshotResponseHandler: received a reply omNode-1<-omNode-bootstrap-2#0:FAIL-t1,IN_PROGRESS,snapshotIndex=0
2024-09-18 12:54:54,729 [grpc-default-executor-4] INFO  server.GrpcLogAppender (GrpcLogAppender.java:onNext(665)) - omNode-1@group-0AAC5367B30E->omNode-bootstrap-2-InstallSnapshotResponseHandler: InstallSnapshot in progress.
2024-09-18 12:54:54,730 [omNode-bootstrap-2-server-thread1] INFO  server.RaftServer$Division (RaftServerImpl.java:checkInconsistentAppendEntries(1629)) - omNode-bootstrap-2@group-0AAC5367B30E: Failed appendEntries as snapshot (0) installation is in progress
2024-09-18 12:54:54,730 [omNode-bootstrap-2-server-thread1] INFO  server.RaftServer$Division (RaftServerImpl.java:appendEntriesAsync(1584)) - omNode-bootstrap-2@group-0AAC5367B30E: appendEntries* reply omNode-1<-omNode-bootstrap-2#316:FAIL-t1,INCONSISTENCY,nextIndex=0,followerCommit=-1,matchIndex=-1
2024-09-18 12:54:54,730 [Socket Reader #7 for port 15047] INFO  ipc.Server (Server.java:run(1323)) - Starting Socket Reader #7 for port 15047
2024-09-18 12:54:54,730 [grpc-default-executor-0] WARN  server.GrpcLogAppender (GrpcLogAppender.java:onNextImpl(519)) - omNode-1@group-0AAC5367B30E->omNode-bootstrap-2-AppendLogResponseHandler: received INCONSISTENCY reply with nextIndex 0, errorCount=1, request=AppendEntriesRequest:cid=315,entriesCount=0
2024-09-18 12:54:54,730 [omNode-1@group-0AAC5367B30E->omNode-bootstrap-2-GrpcLogAppender-LogAppenderDaemon] INFO  server.GrpcLogAppender (GrpcLogAppender.java:notifyInstallSnapshot(790)) - omNode-1@group-0AAC5367B30E->omNode-bootstrap-2-GrpcLogAppender: notifyInstallSnapshot with firstAvailable=(t:1, i:0), followerNextIndex=0
2024-09-18 12:54:54,730 [omNode-1@group-0AAC5367B30E->omNode-bootstrap-2-GrpcLogAppender-LogAppenderDaemon] INFO  server.GrpcLogAppender (GrpcLogAppender.java:notifyInstallSnapshot(798)) - omNode-1@group-0AAC5367B30E->omNode-bootstrap-2-GrpcLogAppender: send omNode-1->omNode-bootstrap-2#0-t1,notify:(t:1, i:0)
2024-09-18 12:54:54,731 [grpc-default-executor-0] WARN  server.GrpcLogAppender (GrpcLogAppender.java:onNextImpl(519)) - omNode-1@group-0AAC5367B30E->omNode-bootstrap-2-AppendLogResponseHandler: received INCONSISTENCY reply with nextIndex 0, errorCount=2, request=null
2024-09-18 12:54:54,731 [grpc-default-executor-1] INFO  impl.SnapshotInstallationHandler (SnapshotInstallationHandler.java:installSnapshot(92)) - omNode-bootstrap-2@group-0AAC5367B30E: receive installSnapshot: omNode-1->omNode-bootstrap-2#0-t1,notify:(t:1, i:0)
2024-09-18 12:54:54,731 [grpc-default-executor-1] INFO  impl.SnapshotInstallationHandler (SnapshotInstallationHandler.java:installSnapshotImpl(138)) - omNode-bootstrap-2@group-0AAC5367B30E: set new configuration configurationEntry {
  peers {
    id: "omNode-1"
    address: "localhost:15015"
    startupRole: FOLLOWER
  }
}
 from snapshot
2024-09-18 12:54:54,731 [grpc-default-executor-1] INFO  server.RaftServer$Division (ServerState.java:setRaftConf(386)) - omNode-bootstrap-2@group-0AAC5367B30E: set configuration conf: {index: 0, cur=peers:[omNode-1|localhost:15015]|listeners:[], old=null}
2024-09-18 12:54:54,733 [grpc-default-executor-1] INFO  ratis.OzoneManagerStateMachine (OzoneManagerStateMachine.java:notifyConfigurationChanged(216)) - Received Configuration change notification from Ratis. New Peer list:
[id: "omNode-1"
address: "localhost:15015"
startupRole: FOLLOWER
]
2024-09-18 12:54:54,733 [grpc-default-executor-1] INFO  impl.SnapshotInstallationHandler (SnapshotInstallationHandler.java:installSnapshot(103)) - omNode-bootstrap-2@group-0AAC5367B30E: reply installSnapshot: omNode-1<-omNode-bootstrap-2#0:FAIL-t1,IN_PROGRESS,snapshotIndex=0
2024-09-18 12:54:54,733 [grpc-default-executor-1] INFO  server.GrpcServerProtocolService (GrpcServerProtocolService.java:onCompleted(157)) - omNode-bootstrap-2: Completed INSTALL_SNAPSHOT, lastRequest: omNode-1->omNode-bootstrap-2#0-t1,notify:(t:1, i:0)
2024-09-18 12:54:54,733 [grpc-default-executor-1] INFO  server.GrpcServerProtocolService (GrpcServerProtocolService.java:lambda$onCompleted$5(159)) - omNode-bootstrap-2: Completed INSTALL_SNAPSHOT, lastReply: null
2024-09-18 12:54:54,734 [grpc-default-executor-0] INFO  server.GrpcLogAppender (GrpcLogAppender.java:onNext(649)) - omNode-1@group-0AAC5367B30E->omNode-bootstrap-2-InstallSnapshotResponseHandler: received a reply omNode-1<-omNode-bootstrap-2#0:FAIL-t1,IN_PROGRESS,snapshotIndex=0
2024-09-18 12:54:54,734 [grpc-default-executor-0] INFO  server.GrpcLogAppender (GrpcLogAppender.java:onNext(665)) - omNode-1@group-0AAC5367B30E->omNode-bootstrap-2-InstallSnapshotResponseHandler: InstallSnapshot in progress.
2024-09-18 12:54:54,734 [omNode-bootstrap-2-server-thread1] INFO  server.RaftServer$Division (RaftServerImpl.java:checkInconsistentAppendEntries(1629)) - omNode-bootstrap-2@group-0AAC5367B30E: Failed appendEntries as snapshot (0) installation is in progress
2024-09-18 12:54:54,734 [omNode-bootstrap-2-server-thread1] INFO  server.RaftServer$Division (RaftServerImpl.java:appendEntriesAsync(1584)) - omNode-bootstrap-2@group-0AAC5367B30E: appendEntries* reply omNode-1<-omNode-bootstrap-2#317:FAIL-t1,INCONSISTENCY,nextIndex=0,followerCommit=-1,matchIndex=-1
2024-09-18 12:54:54,735 [grpc-default-executor-1] WARN  server.GrpcLogAppender (GrpcLogAppender.java:onNextImpl(519)) - omNode-1@group-0AAC5367B30E->omNode-bootstrap-2-AppendLogResponseHandler: received INCONSISTENCY reply with nextIndex 0, errorCount=1, request=AppendEntriesRequest:cid=317,entriesCount=0
2024-09-18 12:54:54,735 [omNode-1@group-0AAC5367B30E->omNode-bootstrap-2-GrpcLogAppender-LogAppenderDaemon] INFO  server.GrpcLogAppender (GrpcLogAppender.java:notifyInstallSnapshot(790)) - omNode-1@group-0AAC5367B30E->omNode-bootstrap-2-GrpcLogAppender: notifyInstallSnapshot with firstAvailable=(t:1, i:0), followerNextIndex=0
2024-09-18 12:54:54,735 [omNode-1@group-0AAC5367B30E->omNode-bootstrap-2-GrpcLogAppender-LogAppenderDaemon] INFO  server.GrpcLogAppender (GrpcLogAppender.java:notifyInstallSnapshot(798)) - omNode-1@group-0AAC5367B30E->omNode-bootstrap-2-GrpcLogAppender: send omNode-1->omNode-bootstrap-2#0-t1,notify:(t:1, i:0)
2024-09-18 12:54:54,735 [grpc-default-executor-0] INFO  impl.SnapshotInstallationHandler (SnapshotInstallationHandler.java:installSnapshot(92)) - omNode-bootstrap-2@group-0AAC5367B30E: receive installSnapshot: omNode-1->omNode-bootstrap-2#0-t1,notify:(t:1, i:0)
2024-09-18 12:54:54,736 [grpc-default-executor-0] INFO  impl.SnapshotInstallationHandler (SnapshotInstallationHandler.java:installSnapshotImpl(138)) - omNode-bootstrap-2@group-0AAC5367B30E: set new configuration configurationEntry {
  peers {
    id: "omNode-1"
    address: "localhost:15015"
    startupRole: FOLLOWER
  }
}
 from snapshot
2024-09-18 12:54:54,736 [grpc-default-executor-0] INFO  server.RaftServer$Division (ServerState.java:setRaftConf(386)) - omNode-bootstrap-2@group-0AAC5367B30E: set configuration conf: {index: 0, cur=peers:[omNode-1|localhost:15015]|listeners:[], old=null}
2024-09-18 12:54:54,737 [grpc-default-executor-0] INFO  ratis.OzoneManagerStateMachine (OzoneManagerStateMachine.java:notifyConfigurationChanged(216)) - Received Configuration change notification from Ratis. New Peer list:
[id: "omNode-1"
address: "localhost:15015"
startupRole: FOLLOWER
]
2024-09-18 12:54:54,737 [grpc-default-executor-0] INFO  impl.SnapshotInstallationHandler (SnapshotInstallationHandler.java:installSnapshot(103)) - omNode-bootstrap-2@group-0AAC5367B30E: reply installSnapshot: omNode-1<-omNode-bootstrap-2#0:FAIL-t1,IN_PROGRESS,snapshotIndex=0
2024-09-18 12:54:54,737 [grpc-default-executor-0] INFO  server.GrpcServerProtocolService (GrpcServerProtocolService.java:onCompleted(157)) - omNode-bootstrap-2: Completed INSTALL_SNAPSHOT, lastRequest: omNode-1->omNode-bootstrap-2#0-t1,notify:(t:1, i:0)
2024-09-18 12:54:54,737 [grpc-default-executor-0] INFO  server.GrpcServerProtocolService (GrpcServerProtocolService.java:lambda$onCompleted$5(159)) - omNode-bootstrap-2: Completed INSTALL_SNAPSHOT, lastReply: null
2024-09-18 12:54:54,737 [grpc-default-executor-1] INFO  server.GrpcLogAppender (GrpcLogAppender.java:onNext(649)) - omNode-1@group-0AAC5367B30E->omNode-bootstrap-2-InstallSnapshotResponseHandler: received a reply omNode-1<-omNode-bootstrap-2#0:FAIL-t1,IN_PROGRESS,snapshotIndex=0
2024-09-18 12:54:54,737 [grpc-default-executor-1] INFO  server.GrpcLogAppender (GrpcLogAppender.java:onNext(665)) - omNode-1@group-0AAC5367B30E->omNode-bootstrap-2-InstallSnapshotResponseHandler: InstallSnapshot in progress.
2024-09-18 12:54:54,738 [omNode-bootstrap-2-server-thread1] INFO  server.RaftServer$Division (RaftServerImpl.java:checkInconsistentAppendEntries(1629)) - omNode-bootstrap-2@group-0AAC5367B30E: Failed appendEntries as snapshot (0) installation is in progress
2024-09-18 12:54:54,738 [Socket Reader #8 for port 15047] INFO  ipc.Server (Server.java:run(1323)) - Starting Socket Reader #8 for port 15047
2024-09-18 12:54:54,738 [omNode-bootstrap-2-server-thread1] INFO  server.RaftServer$Division (RaftServerImpl.java:appendEntriesAsync(1584)) - omNode-bootstrap-2@group-0AAC5367B30E: appendEntries* reply omNode-1<-omNode-bootstrap-2#318:FAIL-t1,INCONSISTENCY,nextIndex=0,followerCommit=-1,matchIndex=-1
2024-09-18 12:54:54,738 [grpc-default-executor-0] WARN  server.GrpcLogAppender (GrpcLogAppender.java:onNextImpl(519)) - omNode-1@group-0AAC5367B30E->omNode-bootstrap-2-AppendLogResponseHandler: received INCONSISTENCY reply with nextIndex 0, errorCount=1, request=AppendEntriesRequest:cid=318,entriesCount=0
2024-09-18 12:54:54,738 [omNode-1@group-0AAC5367B30E->omNode-bootstrap-2-GrpcLogAppender-LogAppenderDaemon] INFO  server.GrpcLogAppender (GrpcLogAppender.java:notifyInstallSnapshot(790)) - omNode-1@group-0AAC5367B30E->omNode-bootstrap-2-GrpcLogAppender: notifyInstallSnapshot with firstAvailable=(t:1, i:0), followerNextIndex=0
2024-09-18 12:54:54,738 [omNode-1@group-0AAC5367B30E->omNode-bootstrap-2-GrpcLogAppender-LogAppenderDaemon] INFO  server.GrpcLogAppender (GrpcLogAppender.java:notifyInstallSnapshot(798)) - omNode-1@group-0AAC5367B30E->omNode-bootstrap-2-GrpcLogAppender: send omNode-1->omNode-bootstrap-2#0-t1,notify:(t:1, i:0)
2024-09-18 12:54:54,739 [grpc-default-executor-1] INFO  impl.SnapshotInstallationHandler (SnapshotInstallationHandler.java:installSnapshot(92)) - omNode-bootstrap-2@group-0AAC5367B30E: receive installSnapshot: omNode-1->omNode-bootstrap-2#0-t1,notify:(t:1, i:0)
2024-09-18 12:54:54,739 [grpc-default-executor-1] INFO  impl.SnapshotInstallationHandler (SnapshotInstallationHandler.java:installSnapshotImpl(138)) - omNode-bootstrap-2@group-0AAC5367B30E: set new configuration configurationEntry {
  peers {
    id: "omNode-1"
    address: "localhost:15015"
    startupRole: FOLLOWER
  }
}
 from snapshot
2024-09-18 12:54:54,739 [grpc-default-executor-1] INFO  server.RaftServer$Division (ServerState.java:setRaftConf(386)) - omNode-bootstrap-2@group-0AAC5367B30E: set configuration conf: {index: 0, cur=peers:[omNode-1|localhost:15015]|listeners:[], old=null}
2024-09-18 12:54:54,741 [grpc-default-executor-1] INFO  ratis.OzoneManagerStateMachine (OzoneManagerStateMachine.java:notifyConfigurationChanged(216)) - Received Configuration change notification from Ratis. New Peer list:
[id: "omNode-1"
address: "localhost:15015"
startupRole: FOLLOWER
]
2024-09-18 12:54:54,741 [grpc-default-executor-1] INFO  impl.SnapshotInstallationHandler (SnapshotInstallationHandler.java:installSnapshot(103)) - omNode-bootstrap-2@group-0AAC5367B30E: reply installSnapshot: omNode-1<-omNode-bootstrap-2#0:FAIL-t1,IN_PROGRESS,snapshotIndex=0
2024-09-18 12:54:54,741 [grpc-default-executor-1] INFO  server.GrpcServerProtocolService (GrpcServerProtocolService.java:onCompleted(157)) - omNode-bootstrap-2: Completed INSTALL_SNAPSHOT, lastRequest: omNode-1->omNode-bootstrap-2#0-t1,notify:(t:1, i:0)
2024-09-18 12:54:54,741 [grpc-default-executor-1] INFO  server.GrpcServerProtocolService (GrpcServerProtocolService.java:lambda$onCompleted$5(159)) - omNode-bootstrap-2: Completed INSTALL_SNAPSHOT, lastReply: null
2024-09-18 12:54:54,742 [grpc-default-executor-0] INFO  server.GrpcLogAppender (GrpcLogAppender.java:onNext(649)) - omNode-1@group-0AAC5367B30E->omNode-bootstrap-2-InstallSnapshotResponseHandler: received a reply omNode-1<-omNode-bootstrap-2#0:FAIL-t1,IN_PROGRESS,snapshotIndex=0
2024-09-18 12:54:54,742 [grpc-default-executor-0] INFO  server.GrpcLogAppender (GrpcLogAppender.java:onNext(665)) - omNode-1@group-0AAC5367B30E->omNode-bootstrap-2-InstallSnapshotResponseHandler: InstallSnapshot in progress.
2024-09-18 12:54:54,742 [omNode-1@group-0AAC5367B30E->omNode-bootstrap-2-GrpcLogAppender-LogAppenderDaemon] INFO  server.GrpcLogAppender (GrpcLogAppender.java:notifyInstallSnapshot(790)) - omNode-1@group-0AAC5367B30E->omNode-bootstrap-2-GrpcLogAppender: notifyInstallSnapshot with firstAvailable=(t:1, i:0), followerNextIndex=0
2024-09-18 12:54:54,742 [omNode-1@group-0AAC5367B30E->omNode-bootstrap-2-GrpcLogAppender-LogAppenderDaemon] INFO  server.GrpcLogAppender (GrpcLogAppender.java:notifyInstallSnapshot(798)) - omNode-1@group-0AAC5367B30E->omNode-bootstrap-2-GrpcLogAppender: send omNode-1->omNode-bootstrap-2#0-t1,notify:(t:1, i:0)
2024-09-18 12:54:54,743 [grpc-default-executor-0] INFO  impl.SnapshotInstallationHandler (SnapshotInstallationHandler.java:installSnapshot(92)) - omNode-bootstrap-2@group-0AAC5367B30E: receive installSnapshot: omNode-1->omNode-bootstrap-2#0-t1,notify:(t:1, i:0)
2024-09-18 12:54:54,743 [grpc-default-executor-0] INFO  impl.SnapshotInstallationHandler (SnapshotInstallationHandler.java:installSnapshotImpl(138)) - omNode-bootstrap-2@group-0AAC5367B30E: set new configuration configurationEntry {
  peers {
    id: "omNode-1"
    address: "localhost:15015"
    startupRole: FOLLOWER
  }
}
 from snapshot
2024-09-18 12:54:54,743 [grpc-default-executor-0] INFO  server.RaftServer$Division (ServerState.java:setRaftConf(386)) - omNode-bootstrap-2@group-0AAC5367B30E: set configuration conf: {index: 0, cur=peers:[omNode-1|localhost:15015]|listeners:[], old=null}
2024-09-18 12:54:54,744 [grpc-default-executor-0] INFO  ratis.OzoneManagerStateMachine (OzoneManagerStateMachine.java:notifyConfigurationChanged(216)) - Received Configuration change notification from Ratis. New Peer list:
[id: "omNode-1"
address: "localhost:15015"
startupRole: FOLLOWER
]
2024-09-18 12:54:54,744 [grpc-default-executor-0] INFO  impl.SnapshotInstallationHandler (SnapshotInstallationHandler.java:installSnapshot(103)) - omNode-bootstrap-2@group-0AAC5367B30E: reply installSnapshot: omNode-1<-omNode-bootstrap-2#0:FAIL-t1,IN_PROGRESS,snapshotIndex=0
2024-09-18 12:54:54,744 [grpc-default-executor-0] INFO  server.GrpcServerProtocolService (GrpcServerProtocolService.java:onCompleted(157)) - omNode-bootstrap-2: Completed INSTALL_SNAPSHOT, lastRequest: omNode-1->omNode-bootstrap-2#0-t1,notify:(t:1, i:0)
2024-09-18 12:54:54,744 [grpc-default-executor-0] INFO  server.GrpcServerProtocolService (GrpcServerProtocolService.java:lambda$onCompleted$5(159)) - omNode-bootstrap-2: Completed INSTALL_SNAPSHOT, lastReply: null
2024-09-18 12:54:54,744 [Socket Reader #9 for port 15047] INFO  ipc.Server (Server.java:run(1323)) - Starting Socket Reader #9 for port 15047
2024-09-18 12:54:54,745 [grpc-default-executor-4] INFO  server.GrpcLogAppender (GrpcLogAppender.java:onNext(649)) - omNode-1@group-0AAC5367B30E->omNode-bootstrap-2-InstallSnapshotResponseHandler: received a reply omNode-1<-omNode-bootstrap-2#0:FAIL-t1,IN_PROGRESS,snapshotIndex=0
2024-09-18 12:54:54,745 [grpc-default-executor-4] INFO  server.GrpcLogAppender (GrpcLogAppender.java:onNext(665)) - omNode-1@group-0AAC5367B30E->omNode-bootstrap-2-InstallSnapshotResponseHandler: InstallSnapshot in progress.
2024-09-18 12:54:54,745 [omNode-bootstrap-2-server-thread1] INFO  server.RaftServer$Division (RaftServerImpl.java:checkInconsistentAppendEntries(1629)) - omNode-bootstrap-2@group-0AAC5367B30E: Failed appendEntries as snapshot (0) installation is in progress
2024-09-18 12:54:54,745 [omNode-bootstrap-2-server-thread1] INFO  server.RaftServer$Division (RaftServerImpl.java:appendEntriesAsync(1584)) - omNode-bootstrap-2@group-0AAC5367B30E: appendEntries* reply omNode-1<-omNode-bootstrap-2#319:FAIL-t1,INCONSISTENCY,nextIndex=0,followerCommit=-1,matchIndex=-1
2024-09-18 12:54:54,745 [omNode-1@group-0AAC5367B30E->omNode-bootstrap-2-GrpcLogAppender-LogAppenderDaemon] INFO  server.GrpcLogAppender (GrpcLogAppender.java:notifyInstallSnapshot(790)) - omNode-1@group-0AAC5367B30E->omNode-bootstrap-2-GrpcLogAppender: notifyInstallSnapshot with firstAvailable=(t:1, i:0), followerNextIndex=0
2024-09-18 12:54:54,746 [omNode-1@group-0AAC5367B30E->omNode-bootstrap-2-GrpcLogAppender-LogAppenderDaemon] INFO  server.GrpcLogAppender (GrpcLogAppender.java:notifyInstallSnapshot(798)) - omNode-1@group-0AAC5367B30E->omNode-bootstrap-2-GrpcLogAppender: send omNode-1->omNode-bootstrap-2#0-t1,notify:(t:1, i:0)
2024-09-18 12:54:54,746 [grpc-default-executor-3] WARN  server.GrpcLogAppender (GrpcLogAppender.java:onNextImpl(519)) - omNode-1@group-0AAC5367B30E->omNode-bootstrap-2-AppendLogResponseHandler: received INCONSISTENCY reply with nextIndex 0, errorCount=1, request=AppendEntriesRequest:cid=319,entriesCount=0
2024-09-18 12:54:54,747 [grpc-default-executor-1] INFO  impl.SnapshotInstallationHandler (SnapshotInstallationHandler.java:installSnapshot(92)) - omNode-bootstrap-2@group-0AAC5367B30E: receive installSnapshot: omNode-1->omNode-bootstrap-2#0-t1,notify:(t:1, i:0)
2024-09-18 12:54:54,747 [grpc-default-executor-1] INFO  impl.SnapshotInstallationHandler (SnapshotInstallationHandler.java:installSnapshotImpl(138)) - omNode-bootstrap-2@group-0AAC5367B30E: set new configuration configurationEntry {
  peers {
    id: "omNode-1"
    address: "localhost:15015"
    startupRole: FOLLOWER
  }
}
 from snapshot
2024-09-18 12:54:54,747 [grpc-default-executor-1] INFO  server.RaftServer$Division (ServerState.java:setRaftConf(386)) - omNode-bootstrap-2@group-0AAC5367B30E: set configuration conf: {index: 0, cur=peers:[omNode-1|localhost:15015]|listeners:[], old=null}
2024-09-18 12:54:54,747 [omNode-bootstrap-2-server-thread1] INFO  server.RaftServer$Division (RaftServerImpl.java:checkInconsistentAppendEntries(1629)) - omNode-bootstrap-2@group-0AAC5367B30E: Failed appendEntries as snapshot (0) installation is in progress
2024-09-18 12:54:54,748 [omNode-bootstrap-2-server-thread1] INFO  server.RaftServer$Division (RaftServerImpl.java:appendEntriesAsync(1584)) - omNode-bootstrap-2@group-0AAC5367B30E: appendEntries* reply omNode-1<-omNode-bootstrap-2#320:FAIL-t1,INCONSISTENCY,nextIndex=0,followerCommit=-1,matchIndex=-1
2024-09-18 12:54:54,748 [grpc-default-executor-4] WARN  server.GrpcLogAppender (GrpcLogAppender.java:onNextImpl(519)) - omNode-1@group-0AAC5367B30E->omNode-bootstrap-2-AppendLogResponseHandler: received INCONSISTENCY reply with nextIndex 0, errorCount=2, request=null
2024-09-18 12:54:54,748 [Socket Reader #10 for port 15047] INFO  ipc.Server (Server.java:run(1323)) - Starting Socket Reader #10 for port 15047
2024-09-18 12:54:54,749 [grpc-default-executor-1] INFO  ratis.OzoneManagerStateMachine (OzoneManagerStateMachine.java:notifyConfigurationChanged(216)) - Received Configuration change notification from Ratis. New Peer list:
[id: "omNode-1"
address: "localhost:15015"
startupRole: FOLLOWER
]
2024-09-18 12:54:54,749 [grpc-default-executor-1] INFO  impl.SnapshotInstallationHandler (SnapshotInstallationHandler.java:installSnapshot(103)) - omNode-bootstrap-2@group-0AAC5367B30E: reply installSnapshot: omNode-1<-omNode-bootstrap-2#0:FAIL-t1,IN_PROGRESS,snapshotIndex=0
2024-09-18 12:54:54,749 [grpc-default-executor-1] INFO  server.GrpcServerProtocolService (GrpcServerProtocolService.java:onCompleted(157)) - omNode-bootstrap-2: Completed INSTALL_SNAPSHOT, lastRequest: omNode-1->omNode-bootstrap-2#0-t1,notify:(t:1, i:0)
2024-09-18 12:54:54,749 [grpc-default-executor-1] INFO  server.GrpcServerProtocolService (GrpcServerProtocolService.java:lambda$onCompleted$5(159)) - omNode-bootstrap-2: Completed INSTALL_SNAPSHOT, lastReply: null
2024-09-18 12:54:54,749 [grpc-default-executor-1] INFO  server.GrpcLogAppender (GrpcLogAppender.java:onNext(649)) - omNode-1@group-0AAC5367B30E->omNode-bootstrap-2-InstallSnapshotResponseHandler: received a reply omNode-1<-omNode-bootstrap-2#0:FAIL-t1,IN_PROGRESS,snapshotIndex=0
2024-09-18 12:54:54,749 [grpc-default-executor-1] INFO  server.GrpcLogAppender (GrpcLogAppender.java:onNext(665)) - omNode-1@group-0AAC5367B30E->omNode-bootstrap-2-InstallSnapshotResponseHandler: InstallSnapshot in progress.
2024-09-18 12:54:54,750 [omNode-1@group-0AAC5367B30E->omNode-bootstrap-2-GrpcLogAppender-LogAppenderDaemon] INFO  server.GrpcLogAppender (GrpcLogAppender.java:notifyInstallSnapshot(790)) - omNode-1@group-0AAC5367B30E->omNode-bootstrap-2-GrpcLogAppender: notifyInstallSnapshot with firstAvailable=(t:1, i:0), followerNextIndex=0
2024-09-18 12:54:54,751 [omNode-1@group-0AAC5367B30E->omNode-bootstrap-2-GrpcLogAppender-LogAppenderDaemon] INFO  server.GrpcLogAppender (GrpcLogAppender.java:notifyInstallSnapshot(798)) - omNode-1@group-0AAC5367B30E->omNode-bootstrap-2-GrpcLogAppender: send omNode-1->omNode-bootstrap-2#0-t1,notify:(t:1, i:0)
2024-09-18 12:54:54,751 [omNode-bootstrap-2-server-thread1] INFO  server.RaftServer$Division (RaftServerImpl.java:checkInconsistentAppendEntries(1629)) - omNode-bootstrap-2@group-0AAC5367B30E: Failed appendEntries as snapshot (0) installation is in progress
2024-09-18 12:54:54,751 [omNode-bootstrap-2-server-thread1] INFO  server.RaftServer$Division (RaftServerImpl.java:appendEntriesAsync(1584)) - omNode-bootstrap-2@group-0AAC5367B30E: appendEntries* reply omNode-1<-omNode-bootstrap-2#321:FAIL-t1,INCONSISTENCY,nextIndex=0,followerCommit=-1,matchIndex=-1
2024-09-18 12:54:54,752 [grpc-default-executor-4] INFO  impl.SnapshotInstallationHandler (SnapshotInstallationHandler.java:installSnapshot(92)) - omNode-bootstrap-2@group-0AAC5367B30E: receive installSnapshot: omNode-1->omNode-bootstrap-2#0-t1,notify:(t:1, i:0)
2024-09-18 12:54:54,752 [grpc-default-executor-4] INFO  impl.SnapshotInstallationHandler (SnapshotInstallationHandler.java:installSnapshotImpl(138)) - omNode-bootstrap-2@group-0AAC5367B30E: set new configuration configurationEntry {
  peers {
    id: "omNode-1"
    address: "localhost:15015"
    startupRole: FOLLOWER
  }
}
 from snapshot
2024-09-18 12:54:54,752 [grpc-default-executor-4] INFO  server.RaftServer$Division (ServerState.java:setRaftConf(386)) - omNode-bootstrap-2@group-0AAC5367B30E: set configuration conf: {index: 0, cur=peers:[omNode-1|localhost:15015]|listeners:[], old=null}
2024-09-18 12:54:54,752 [grpc-default-executor-1] WARN  server.GrpcLogAppender (GrpcLogAppender.java:onNextImpl(519)) - omNode-1@group-0AAC5367B30E->omNode-bootstrap-2-AppendLogResponseHandler: received INCONSISTENCY reply with nextIndex 0, errorCount=1, request=AppendEntriesRequest:cid=321,entriesCount=0
2024-09-18 12:54:54,753 [grpc-default-executor-4] INFO  ratis.OzoneManagerStateMachine (OzoneManagerStateMachine.java:notifyConfigurationChanged(216)) - Received Configuration change notification from Ratis. New Peer list:
[id: "omNode-1"
address: "localhost:15015"
startupRole: FOLLOWER
]
2024-09-18 12:54:54,753 [grpc-default-executor-4] INFO  impl.SnapshotInstallationHandler (SnapshotInstallationHandler.java:installSnapshot(103)) - omNode-bootstrap-2@group-0AAC5367B30E: reply installSnapshot: omNode-1<-omNode-bootstrap-2#0:FAIL-t1,IN_PROGRESS,snapshotIndex=0
2024-09-18 12:54:54,753 [grpc-default-executor-4] INFO  server.GrpcServerProtocolService (GrpcServerProtocolService.java:onCompleted(157)) - omNode-bootstrap-2: Completed INSTALL_SNAPSHOT, lastRequest: omNode-1->omNode-bootstrap-2#0-t1,notify:(t:1, i:0)
2024-09-18 12:54:54,754 [grpc-default-executor-4] INFO  server.GrpcServerProtocolService (GrpcServerProtocolService.java:lambda$onCompleted$5(159)) - omNode-bootstrap-2: Completed INSTALL_SNAPSHOT, lastReply: null
2024-09-18 12:54:54,754 [grpc-default-executor-1] INFO  server.GrpcLogAppender (GrpcLogAppender.java:onNext(649)) - omNode-1@group-0AAC5367B30E->omNode-bootstrap-2-InstallSnapshotResponseHandler: received a reply omNode-1<-omNode-bootstrap-2#0:FAIL-t1,IN_PROGRESS,snapshotIndex=0
2024-09-18 12:54:54,754 [grpc-default-executor-1] INFO  server.GrpcLogAppender (GrpcLogAppender.java:onNext(665)) - omNode-1@group-0AAC5367B30E->omNode-bootstrap-2-InstallSnapshotResponseHandler: InstallSnapshot in progress.
2024-09-18 12:54:54,754 [omNode-bootstrap-2-server-thread1] INFO  server.RaftServer$Division (RaftServerImpl.java:checkInconsistentAppendEntries(1629)) - omNode-bootstrap-2@group-0AAC5367B30E: Failed appendEntries as snapshot (0) installation is in progress
2024-09-18 12:54:54,755 [omNode-bootstrap-2-server-thread1] INFO  server.RaftServer$Division (RaftServerImpl.java:appendEntriesAsync(1584)) - omNode-bootstrap-2@group-0AAC5367B30E: appendEntries* reply omNode-1<-omNode-bootstrap-2#322:FAIL-t1,INCONSISTENCY,nextIndex=0,followerCommit=-1,matchIndex=-1
2024-09-18 12:54:54,755 [grpc-default-executor-4] WARN  server.GrpcLogAppender (GrpcLogAppender.java:onNextImpl(519)) - omNode-1@group-0AAC5367B30E->omNode-bootstrap-2-AppendLogResponseHandler: received INCONSISTENCY reply with nextIndex 0, errorCount=1, request=AppendEntriesRequest:cid=322,entriesCount=0
2024-09-18 12:54:54,755 [omNode-1@group-0AAC5367B30E->omNode-bootstrap-2-GrpcLogAppender-LogAppenderDaemon] INFO  server.GrpcLogAppender (GrpcLogAppender.java:notifyInstallSnapshot(790)) - omNode-1@group-0AAC5367B30E->omNode-bootstrap-2-GrpcLogAppender: notifyInstallSnapshot with firstAvailable=(t:1, i:0), followerNextIndex=0
2024-09-18 12:54:54,755 [omNode-1@group-0AAC5367B30E->omNode-bootstrap-2-GrpcLogAppender-LogAppenderDaemon] INFO  server.GrpcLogAppender (GrpcLogAppender.java:notifyInstallSnapshot(798)) - omNode-1@group-0AAC5367B30E->omNode-bootstrap-2-GrpcLogAppender: send omNode-1->omNode-bootstrap-2#0-t1,notify:(t:1, i:0)
2024-09-18 12:54:54,756 [grpc-default-executor-1] INFO  impl.SnapshotInstallationHandler (SnapshotInstallationHandler.java:installSnapshot(92)) - omNode-bootstrap-2@group-0AAC5367B30E: receive installSnapshot: omNode-1->omNode-bootstrap-2#0-t1,notify:(t:1, i:0)
2024-09-18 12:54:54,756 [grpc-default-executor-1] INFO  impl.SnapshotInstallationHandler (SnapshotInstallationHandler.java:installSnapshotImpl(138)) - omNode-bootstrap-2@group-0AAC5367B30E: set new configuration configurationEntry {
  peers {
    id: "omNode-1"
    address: "localhost:15015"
    startupRole: FOLLOWER
  }
}
 from snapshot
2024-09-18 12:54:54,756 [grpc-default-executor-1] INFO  server.RaftServer$Division (ServerState.java:setRaftConf(386)) - omNode-bootstrap-2@group-0AAC5367B30E: set configuration conf: {index: 0, cur=peers:[omNode-1|localhost:15015]|listeners:[], old=null}
2024-09-18 12:54:54,757 [grpc-default-executor-1] INFO  ratis.OzoneManagerStateMachine (OzoneManagerStateMachine.java:notifyConfigurationChanged(216)) - Received Configuration change notification from Ratis. New Peer list:
[id: "omNode-1"
address: "localhost:15015"
startupRole: FOLLOWER
]
2024-09-18 12:54:54,757 [grpc-default-executor-1] INFO  impl.SnapshotInstallationHandler (SnapshotInstallationHandler.java:installSnapshot(103)) - omNode-bootstrap-2@group-0AAC5367B30E: reply installSnapshot: omNode-1<-omNode-bootstrap-2#0:FAIL-t1,IN_PROGRESS,snapshotIndex=0
2024-09-18 12:54:54,757 [grpc-default-executor-1] INFO  server.GrpcServerProtocolService (GrpcServerProtocolService.java:onCompleted(157)) - omNode-bootstrap-2: Completed INSTALL_SNAPSHOT, lastRequest: omNode-1->omNode-bootstrap-2#0-t1,notify:(t:1, i:0)
2024-09-18 12:54:54,757 [grpc-default-executor-1] INFO  server.GrpcServerProtocolService (GrpcServerProtocolService.java:lambda$onCompleted$5(159)) - omNode-bootstrap-2: Completed INSTALL_SNAPSHOT, lastReply: null
2024-09-18 12:54:54,758 [grpc-default-executor-4] INFO  server.GrpcLogAppender (GrpcLogAppender.java:onNext(649)) - omNode-1@group-0AAC5367B30E->omNode-bootstrap-2-InstallSnapshotResponseHandler: received a reply omNode-1<-omNode-bootstrap-2#0:FAIL-t1,IN_PROGRESS,snapshotIndex=0
2024-09-18 12:54:54,758 [grpc-default-executor-4] INFO  server.GrpcLogAppender (GrpcLogAppender.java:onNext(665)) - omNode-1@group-0AAC5367B30E->omNode-bootstrap-2-InstallSnapshotResponseHandler: InstallSnapshot in progress.
2024-09-18 12:54:54,758 [omNode-bootstrap-2-server-thread1] INFO  server.RaftServer$Division (RaftServerImpl.java:checkInconsistentAppendEntries(1629)) - omNode-bootstrap-2@group-0AAC5367B30E: Failed appendEntries as snapshot (0) installation is in progress
2024-09-18 12:54:54,758 [omNode-bootstrap-2-server-thread1] INFO  server.RaftServer$Division (RaftServerImpl.java:appendEntriesAsync(1584)) - omNode-bootstrap-2@group-0AAC5367B30E: appendEntries* reply omNode-1<-omNode-bootstrap-2#323:FAIL-t1,INCONSISTENCY,nextIndex=0,followerCommit=-1,matchIndex=-1
2024-09-18 12:54:54,759 [grpc-default-executor-1] WARN  server.GrpcLogAppender (GrpcLogAppender.java:onNextImpl(519)) - omNode-1@group-0AAC5367B30E->omNode-bootstrap-2-AppendLogResponseHandler: received INCONSISTENCY reply with nextIndex 0, errorCount=1, request=AppendEntriesRequest:cid=323,entriesCount=0
2024-09-18 12:54:54,759 [omNode-1@group-0AAC5367B30E->omNode-bootstrap-2-GrpcLogAppender-LogAppenderDaemon] INFO  server.GrpcLogAppender (GrpcLogAppender.java:notifyInstallSnapshot(790)) - omNode-1@group-0AAC5367B30E->omNode-bootstrap-2-GrpcLogAppender: notifyInstallSnapshot with firstAvailable=(t:1, i:0), followerNextIndex=0
2024-09-18 12:54:54,759 [omNode-1@group-0AAC5367B30E->omNode-bootstrap-2-GrpcLogAppender-LogAppenderDaemon] INFO  server.GrpcLogAppender (GrpcLogAppender.java:notifyInstallSnapshot(798)) - omNode-1@group-0AAC5367B30E->omNode-bootstrap-2-GrpcLogAppender: send omNode-1->omNode-bootstrap-2#0-t1,notify:(t:1, i:0)
2024-09-18 12:54:54,760 [grpc-default-executor-4] INFO  impl.SnapshotInstallationHandler (SnapshotInstallationHandler.java:installSnapshot(92)) - omNode-bootstrap-2@group-0AAC5367B30E: receive installSnapshot: omNode-1->omNode-bootstrap-2#0-t1,notify:(t:1, i:0)
2024-09-18 12:54:54,760 [grpc-default-executor-4] INFO  impl.SnapshotInstallationHandler (SnapshotInstallationHandler.java:installSnapshotImpl(138)) - omNode-bootstrap-2@group-0AAC5367B30E: set new configuration configurationEntry {
  peers {
    id: "omNode-1"
    address: "localhost:15015"
    startupRole: FOLLOWER
  }
}
 from snapshot
2024-09-18 12:54:54,760 [grpc-default-executor-4] INFO  server.RaftServer$Division (ServerState.java:setRaftConf(386)) - omNode-bootstrap-2@group-0AAC5367B30E: set configuration conf: {index: 0, cur=peers:[omNode-1|localhost:15015]|listeners:[], old=null}
2024-09-18 12:54:54,761 [grpc-default-executor-4] INFO  ratis.OzoneManagerStateMachine (OzoneManagerStateMachine.java:notifyConfigurationChanged(216)) - Received Configuration change notification from Ratis. New Peer list:
[id: "omNode-1"
address: "localhost:15015"
startupRole: FOLLOWER
]
2024-09-18 12:54:54,761 [grpc-default-executor-4] INFO  impl.SnapshotInstallationHandler (SnapshotInstallationHandler.java:installSnapshot(103)) - omNode-bootstrap-2@group-0AAC5367B30E: reply installSnapshot: omNode-1<-omNode-bootstrap-2#0:FAIL-t1,IN_PROGRESS,snapshotIndex=0
2024-09-18 12:54:54,761 [grpc-default-executor-4] INFO  server.GrpcServerProtocolService (GrpcServerProtocolService.java:onCompleted(157)) - omNode-bootstrap-2: Completed INSTALL_SNAPSHOT, lastRequest: omNode-1->omNode-bootstrap-2#0-t1,notify:(t:1, i:0)
2024-09-18 12:54:54,761 [grpc-default-executor-4] INFO  server.GrpcServerProtocolService (GrpcServerProtocolService.java:lambda$onCompleted$5(159)) - omNode-bootstrap-2: Completed INSTALL_SNAPSHOT, lastReply: null
2024-09-18 12:54:54,762 [grpc-default-executor-1] INFO  server.GrpcLogAppender (GrpcLogAppender.java:onNext(649)) - omNode-1@group-0AAC5367B30E->omNode-bootstrap-2-InstallSnapshotResponseHandler: received a reply omNode-1<-omNode-bootstrap-2#0:FAIL-t1,IN_PROGRESS,snapshotIndex=0
2024-09-18 12:54:54,762 [grpc-default-executor-1] INFO  server.GrpcLogAppender (GrpcLogAppender.java:onNext(665)) - omNode-1@group-0AAC5367B30E->omNode-bootstrap-2-InstallSnapshotResponseHandler: InstallSnapshot in progress.
2024-09-18 12:54:54,762 [omNode-1@group-0AAC5367B30E->omNode-bootstrap-2-GrpcLogAppender-LogAppenderDaemon] INFO  server.GrpcLogAppender (GrpcLogAppender.java:notifyInstallSnapshot(790)) - omNode-1@group-0AAC5367B30E->omNode-bootstrap-2-GrpcLogAppender: notifyInstallSnapshot with firstAvailable=(t:1, i:0), followerNextIndex=0
2024-09-18 12:54:54,762 [omNode-1@group-0AAC5367B30E->omNode-bootstrap-2-GrpcLogAppender-LogAppenderDaemon] INFO  server.GrpcLogAppender (GrpcLogAppender.java:notifyInstallSnapshot(798)) - omNode-1@group-0AAC5367B30E->omNode-bootstrap-2-GrpcLogAppender: send omNode-1->omNode-bootstrap-2#0-t1,notify:(t:1, i:0)
2024-09-18 12:54:54,763 [grpc-default-executor-0] INFO  impl.SnapshotInstallationHandler (SnapshotInstallationHandler.java:installSnapshot(92)) - omNode-bootstrap-2@group-0AAC5367B30E: receive installSnapshot: omNode-1->omNode-bootstrap-2#0-t1,notify:(t:1, i:0)
2024-09-18 12:54:54,763 [grpc-default-executor-0] INFO  impl.SnapshotInstallationHandler (SnapshotInstallationHandler.java:installSnapshotImpl(138)) - omNode-bootstrap-2@group-0AAC5367B30E: set new configuration configurationEntry {
  peers {
    id: "omNode-1"
    address: "localhost:15015"
    startupRole: FOLLOWER
  }
}
 from snapshot
2024-09-18 12:54:54,763 [grpc-default-executor-0] INFO  server.RaftServer$Division (ServerState.java:setRaftConf(386)) - omNode-bootstrap-2@group-0AAC5367B30E: set configuration conf: {index: 0, cur=peers:[omNode-1|localhost:15015]|listeners:[], old=null}
2024-09-18 12:54:54,764 [omNode-bootstrap-2-server-thread1] INFO  server.RaftServer$Division (RaftServerImpl.java:checkInconsistentAppendEntries(1629)) - omNode-bootstrap-2@group-0AAC5367B30E: Failed appendEntries as snapshot (0) installation is in progress
2024-09-18 12:54:54,764 [omNode-bootstrap-2-server-thread1] INFO  server.RaftServer$Division (RaftServerImpl.java:appendEntriesAsync(1584)) - omNode-bootstrap-2@group-0AAC5367B30E: appendEntries* reply omNode-1<-omNode-bootstrap-2#324:FAIL-t1,INCONSISTENCY,nextIndex=0,followerCommit=-1,matchIndex=-1
2024-09-18 12:54:54,764 [grpc-default-executor-4] WARN  server.GrpcLogAppender (GrpcLogAppender.java:onNextImpl(519)) - omNode-1@group-0AAC5367B30E->omNode-bootstrap-2-AppendLogResponseHandler: received INCONSISTENCY reply with nextIndex 0, errorCount=1, request=AppendEntriesRequest:cid=324,entriesCount=0
2024-09-18 12:54:54,765 [grpc-default-executor-0] INFO  ratis.OzoneManagerStateMachine (OzoneManagerStateMachine.java:notifyConfigurationChanged(216)) - Received Configuration change notification from Ratis. New Peer list:
[id: "omNode-1"
address: "localhost:15015"
startupRole: FOLLOWER
]
2024-09-18 12:54:54,765 [grpc-default-executor-0] INFO  impl.SnapshotInstallationHandler (SnapshotInstallationHandler.java:installSnapshot(103)) - omNode-bootstrap-2@group-0AAC5367B30E: reply installSnapshot: omNode-1<-omNode-bootstrap-2#0:FAIL-t1,IN_PROGRESS,snapshotIndex=0
2024-09-18 12:54:54,765 [grpc-default-executor-0] INFO  server.GrpcServerProtocolService (GrpcServerProtocolService.java:onCompleted(157)) - omNode-bootstrap-2: Completed INSTALL_SNAPSHOT, lastRequest: omNode-1->omNode-bootstrap-2#0-t1,notify:(t:1, i:0)
2024-09-18 12:54:54,765 [grpc-default-executor-0] INFO  server.GrpcServerProtocolService (GrpcServerProtocolService.java:lambda$onCompleted$5(159)) - omNode-bootstrap-2: Completed INSTALL_SNAPSHOT, lastReply: null
2024-09-18 12:54:54,766 [grpc-default-executor-0] INFO  server.GrpcLogAppender (GrpcLogAppender.java:onNext(649)) - omNode-1@group-0AAC5367B30E->omNode-bootstrap-2-InstallSnapshotResponseHandler: received a reply omNode-1<-omNode-bootstrap-2#0:FAIL-t1,IN_PROGRESS,snapshotIndex=0
2024-09-18 12:54:54,766 [grpc-default-executor-0] INFO  server.GrpcLogAppender (GrpcLogAppender.java:onNext(665)) - omNode-1@group-0AAC5367B30E->omNode-bootstrap-2-InstallSnapshotResponseHandler: InstallSnapshot in progress.
2024-09-18 12:54:54,771 [IPC Server Responder] INFO  ipc.Server (Server.java:run(1562)) - IPC Server Responder: starting
2024-09-18 12:54:54,771 [IPC Server listener on 15047] INFO  ipc.Server (Server.java:run(1402)) - IPC Server listener on 15047: starting
2024-09-18 12:54:54,787 [omNode-bootstrap-2-InstallSnapshotThread] INFO  om.OzoneManager (OzoneManager.java:installCheckpoint(3991)) - RPC server is re-started. Spend 977 ms.
2024-09-18 12:54:54,790 [omNode-bootstrap-2-InstallSnapshotThread] INFO  om.OzoneManager (OzoneManager.java:installCheckpoint(4018)) - Install Checkpoint is finished with Term: 1 and Index: 7. Spend 1235 ms.
2024-09-18 12:54:54,790 [omNode-bootstrap-2-InstallSnapshotThread] INFO  impl.SnapshotInstallationHandler (SnapshotInstallationHandler.java:lambda$notifyStateMachineToInstallSnapshot$2(279)) - omNode-bootstrap-2@group-0AAC5367B30E: StateMachine successfully installed snapshot index 7. Reloading the StateMachine.
2024-09-18 12:54:58,451 [grpc-default-executor-0] INFO  server.GrpcServerProtocolService (GrpcServerProtocolService.java:onCompleted(157)) - omNode-bootstrap-2: Completed APPEND_ENTRIES, lastRequest: null
2024-09-18 12:54:58,452 [grpc-default-executor-0] INFO  server.GrpcServerProtocolService (GrpcServerProtocolService.java:lambda$onCompleted$5(159)) - omNode-bootstrap-2: Completed APPEND_ENTRIES, lastReply: null
2024-09-18 12:54:58,451 [grpc-default-executor-4] INFO  server.GrpcServerProtocolService (GrpcServerProtocolService.java:onCompleted(157)) - omNode-bootstrap-2: Completed APPEND_ENTRIES, lastRequest: null
2024-09-18 12:54:58,452 [main] ERROR om.OzoneManager (OzoneManager.java:bootstrap(1952)) - Failed to Bootstrap OM.
2024-09-18 12:54:58,452 [grpc-default-executor-1] INFO  server.GrpcLogAppender (GrpcLogAppender.java:onCompleted(550)) - omNode-1@group-0AAC5367B30E->omNode-bootstrap-2-AppendLogResponseHandler: follower responses appendEntries COMPLETED
2024-09-18 12:54:58,453 [grpc-default-executor-4] INFO  server.GrpcServerProtocolService (GrpcServerProtocolService.java:lambda$onCompleted$5(159)) - omNode-bootstrap-2: Completed APPEND_ENTRIES, lastReply: serverReply {
  requestorId: "omNode-1"
  replyId: "omNode-bootstrap-2"
  raftGroupId {
    id: "\a\030\3434\377\2416\274\216\232\n\254Sg\263\016"
  }
  callId: 324
}
term: 1
result: INCONSISTENCY
followerCommit: 18446744073709551615
matchIndex: 18446744073709551615
isHearbeat: true

2024-09-18 12:54:58,454 [grpc-default-executor-0] INFO  server.GrpcLogAppender (GrpcLogAppender.java:onCompleted(550)) - omNode-1@group-0AAC5367B30E->omNode-bootstrap-2-AppendLogResponseHandler: follower responses appendEntries COMPLETED
2024-09-18 12:54:58,461 [main] INFO  ozone.MiniOzoneClusterImpl (MiniOzoneClusterImpl.java:shutdown(410)) - Shutting down the Mini Ozone Cluster
2024-09-18 12:54:58,462 [main] INFO  db.CodecTestUtil (CodecTestUtil.java:gc(50)) - gc 0
2024-09-18 12:54:58,618 [main] INFO  ozone.MiniOzoneHAClusterImpl (MiniOzoneHAClusterImpl.java:stop(288)) - Stopping the OzoneManager omNode-1
2024-09-18 12:54:58,619 [main] INFO  om.OzoneManager (OzoneManager.java:stop(2269)) - omNode-1[localhost:15012]: Stopping Ozone Manager
2024-09-18 12:54:58,619 [main] INFO  ipc.Server (Server.java:stop(3523)) - Stopping server on 15012
2024-09-18 12:54:58,622 [main] INFO  ratis.OzoneManagerRatisServer (OzoneManagerRatisServer.java:stop(609)) - Stopping org.apache.hadoop.ozone.om.ratis.OzoneManagerRatisServer@253a891e at port 15015
2024-09-18 12:54:58,622 [IPC Server Responder] INFO  ipc.Server (Server.java:run(1567)) - Stopping IPC Server Responder
2024-09-18 12:54:58,622 [IPC Server listener on 15012] INFO  ipc.Server (Server.java:run(1434)) - Stopping IPC Server listener on 15012
2024-09-18 12:54:58,622 [main] INFO  server.RaftServer (RaftServerProxy.java:lambda$close$9(418)) - omNode-1: close
2024-09-18 12:54:58,623 [main] INFO  server.GrpcService (GrpcService.java:closeImpl(311)) - omNode-1: shutdown server GrpcServerProtocolService now
2024-09-18 12:54:58,623 [omNode-1-impl-thread1] INFO  server.RaftServer$Division (RaftServerImpl.java:lambda$close$1(501)) - omNode-1@group-0AAC5367B30E: shutdown
2024-09-18 12:54:58,623 [omNode-1-impl-thread1] INFO  util.JmxRegister (JmxRegister.java:unregister(74)) - Successfully un-registered JMX Bean with object name Ratis:service=RaftServer,group=group-0AAC5367B30E,id=omNode-1
2024-09-18 12:54:58,623 [omNode-1-impl-thread1] INFO  impl.RoleInfo (RoleInfo.java:shutdownLeaderState(103)) - omNode-1: shutdown omNode-1@group-0AAC5367B30E-LeaderStateImpl
2024-09-18 12:54:58,623 [omNode-1-impl-thread1] INFO  impl.PendingRequests (PendingRequests.java:sendNotLeaderResponses(287)) - omNode-1@group-0AAC5367B30E-PendingRequests: sendNotLeaderResponses
2024-09-18 12:54:58,624 [omNode-1-impl-thread1] INFO  impl.StateMachineUpdater (StateMachineUpdater.java:stopAndJoin(164)) - omNode-1@group-0AAC5367B30E-StateMachineUpdater: set stopIndex = 8
2024-09-18 12:54:58,624 [omNode-1@group-0AAC5367B30E-StateMachineUpdater] INFO  ratis.OzoneManagerStateMachine (OzoneManagerStateMachine.java:takeSnapshotImpl(485)) -  applied = (t:1, i:8)
2024-09-18 12:54:58,624 [omNode-1@group-0AAC5367B30E-StateMachineUpdater] INFO  ratis.OzoneManagerStateMachine (OzoneManagerStateMachine.java:takeSnapshotImpl(486)) -  skipped = 7
2024-09-18 12:54:58,624 [omNode-1@group-0AAC5367B30E-StateMachineUpdater] INFO  ratis.OzoneManagerStateMachine (OzoneManagerStateMachine.java:takeSnapshotImpl(487)) - notified = (t:1, i:8)
2024-09-18 12:54:58,624 [omNode-1@group-0AAC5367B30E-StateMachineUpdater] INFO  ratis.OzoneManagerStateMachine (OzoneManagerStateMachine.java:takeSnapshotImpl(488)) - snapshot = (t:1, i:8)
2024-09-18 12:54:58,626 [Thread-826] INFO  server.GrpcServerProtocolClient (GrpcServerProtocolClient.java:close(103)) - omNode-bootstrap-2 Close channels
2024-09-18 12:54:58,627 [main] INFO  server.GrpcService (GrpcService.java:closeImpl(320)) - omNode-1: shutdown server GrpcServerProtocolService successfully
2024-09-18 12:54:58,634 [omNode-1@group-0AAC5367B30E-StateMachineUpdater] INFO  impl.StateMachineUpdater (StateMachineUpdater.java:takeSnapshot(303)) - omNode-1@group-0AAC5367B30E-StateMachineUpdater: Took a snapshot at index 8
2024-09-18 12:54:58,634 [omNode-1@group-0AAC5367B30E-StateMachineUpdater] INFO  impl.StateMachineUpdater (StateMachineUpdater.java:lambda$new$0(102)) - omNode-1@group-0AAC5367B30E-StateMachineUpdater: snapshotIndex: updateIncreasingly -1 -> 8
2024-09-18 12:54:58,634 [omNode-1@group-0AAC5367B30E-StateMachineUpdater] INFO  impl.StateMachineUpdater (StateMachineUpdater.java:stop(141)) - omNode-1@group-0AAC5367B30E-StateMachineUpdater: closing OzoneManagerStateMachine, lastApplied=(t:1, i:8)
2024-09-18 12:54:58,634 [omNode-1@group-0AAC5367B30E-StateMachineUpdater] INFO  ratis.OzoneManagerStateMachine (OzoneManagerStateMachine.java:close(531)) - Stopping OzoneManagerStateMachine:omNode-1:group-0AAC5367B30E.
2024-09-18 12:54:58,634 [omNode-1@group-0AAC5367B30E-StateMachineUpdater] INFO  ratis.OzoneManagerDoubleBuffer (OzoneManagerDoubleBuffer.java:stopDaemon(529)) - Stopping OMDoubleBuffer flush thread
2024-09-18 12:54:58,634 [omNode-1-OMDoubleBufferFlushThread] INFO  ratis.OzoneManagerDoubleBuffer (OzoneManagerDoubleBuffer.java:canFlush(593)) - OMDoubleBuffer flush thread omNode-1-OMDoubleBufferFlushThread is interrupted and will exit.
2024-09-18 12:54:58,635 [omNode-1@group-0AAC5367B30E-cacheEviction-AwaitToRun] INFO  util.AwaitToRun (AwaitToRun.java:run(49)) - omNode-1@group-0AAC5367B30E-cacheEviction-AwaitToRun-AwaitForSignal is interrupted
2024-09-18 12:54:59,247 [omNode-1-impl-thread1] INFO  segmented.SegmentedRaftLogWorker (SegmentedRaftLogWorker.java:close(248)) - omNode-1@group-0AAC5367B30E-SegmentedRaftLogWorker close()
2024-09-18 12:54:59,248 [JvmPauseMonitor2] INFO  util.JvmPauseMonitor (JvmPauseMonitor.java:run(152)) - JvmPauseMonitor-omNode-1: Stopped
2024-09-18 12:54:59,248 [main] INFO  utils.BackgroundService (BackgroundService.java:shutdown(163)) - Shutting down service KeyDeletingService
2024-09-18 12:54:59,248 [main] INFO  utils.BackgroundService (BackgroundService.java:shutdown(163)) - Shutting down service DirectoryDeletingService
2024-09-18 12:54:59,248 [main] INFO  utils.BackgroundService (BackgroundService.java:shutdown(163)) - Shutting down service OpenKeyCleanupService
2024-09-18 12:54:59,249 [main] INFO  utils.BackgroundService (BackgroundService.java:shutdown(163)) - Shutting down service SstFilteringService
2024-09-18 12:54:59,249 [main] INFO  utils.BackgroundService (BackgroundService.java:shutdown(163)) - Shutting down service SnapshotDeletingService
2024-09-18 12:54:59,249 [main] INFO  utils.BackgroundService (BackgroundService.java:shutdown(163)) - Shutting down service MultipartUploadCleanupService
2024-09-18 12:54:59,249 [main] INFO  utils.BackgroundService (BackgroundService.java:shutdown(163)) - Shutting down service SnapshotDirectoryCleaningService
2024-09-18 12:54:59,251 [main] INFO  handler.ContextHandler (ContextHandler.java:doStop(1159)) - Stopped o.e.j.w.WebAppContext@18b9b269{ozoneManager,/,null,STOPPED}{file:/home/runner/work/ozone/ozone/hadoop-ozone/integration-test/target/test-classes/webapps/ozoneManager}
2024-09-18 12:54:59,253 [main] INFO  server.AbstractConnector (AbstractConnector.java:doStop(383)) - Stopped ServerConnector@3c79c7fa{HTTP/1.1, (http/1.1)}{0.0.0.0:15013}
2024-09-18 12:54:59,253 [main] INFO  server.session (HouseKeeper.java:stopScavenging(149)) - node0 Stopped scavenging
2024-09-18 12:54:59,254 [main] INFO  handler.ContextHandler (ContextHandler.java:doStop(1159)) - Stopped o.e.j.s.ServletContextHandler@7cdfb8c3{static,/static,file:///home/runner/work/ozone/ozone/hadoop-ozone/integration-test/target/test-classes/webapps/static,STOPPED}
2024-09-18 12:54:59,254 [main] INFO  handler.ContextHandler (ContextHandler.java:doStop(1159)) - Stopped o.e.j.s.ServletContextHandler@6fb68c4{logs,/logs,file:///home/runner/work/ozone/ozone/hadoop-ozone/integration-test/target/log,STOPPED}
2024-09-18 12:54:59,255 [main] INFO  rocksdiff.RocksDBCheckpointDiffer (RocksDBCheckpointDiffer.java:close(306)) - Shutting down CompactionDagPruningService.
2024-09-18 12:54:59,257 [main] INFO  snapshot.SnapshotDiffManager (SnapshotDiffManager.java:closeExecutorService(1657)) - Shutting down executorService: 'SnapDiffExecutor'
2024-09-18 12:54:59,257 [main] INFO  utils.BackgroundService (BackgroundService.java:shutdown(163)) - Shutting down service SnapshotDiffCleanupService
2024-09-18 12:54:59,257 [main] INFO  ozone.MiniOzoneHAClusterImpl (MiniOzoneHAClusterImpl.java:stop(288)) - Stopping the OzoneManager omNode-bootstrap-1
2024-09-18 12:54:59,258 [main] INFO  om.OzoneManager (OzoneManager.java:stop(2269)) - omNode-bootstrap-1[localhost:15043]: Stopping Ozone Manager
2024-09-18 12:54:59,258 [main] INFO  ozone.MiniOzoneHAClusterImpl (MiniOzoneHAClusterImpl.java:stop(288)) - Stopping the OzoneManager omNode-bootstrap-2
2024-09-18 12:54:59,258 [main] INFO  om.OzoneManager (OzoneManager.java:stop(2269)) - omNode-bootstrap-2[localhost:15047]: Stopping Ozone Manager
2024-09-18 12:54:59,258 [main] INFO  ipc.Server (Server.java:stop(3523)) - Stopping server on 15047
2024-09-18 12:54:59,259 [IPC Server Responder] INFO  ipc.Server (Server.java:run(1567)) - Stopping IPC Server Responder
2024-09-18 12:54:59,260 [IPC Server listener on 15047] INFO  ipc.Server (Server.java:run(1434)) - Stopping IPC Server listener on 15047
2024-09-18 12:54:59,260 [main] INFO  ratis.OzoneManagerRatisServer (OzoneManagerRatisServer.java:stop(609)) - Stopping org.apache.hadoop.ozone.om.ratis.OzoneManagerRatisServer@652b1eea at port 15050
2024-09-18 12:54:59,260 [main] INFO  server.RaftServer (RaftServerProxy.java:lambda$close$9(418)) - omNode-bootstrap-2: close
2024-09-18 12:54:59,260 [omNode-bootstrap-2-impl-thread1] INFO  server.RaftServer$Division (RaftServerImpl.java:lambda$close$1(501)) - omNode-bootstrap-2@group-0AAC5367B30E: shutdown
2024-09-18 12:54:59,260 [main] INFO  server.GrpcService (GrpcService.java:closeImpl(311)) - omNode-bootstrap-2: shutdown server GrpcServerProtocolService now
2024-09-18 12:54:59,260 [omNode-bootstrap-2-impl-thread1] INFO  util.JmxRegister (JmxRegister.java:unregister(74)) - Successfully un-registered JMX Bean with object name Ratis:service=RaftServer,group=group-0AAC5367B30E,id=omNode-bootstrap-2
2024-09-18 12:54:59,261 [omNode-bootstrap-2-impl-thread1] INFO  impl.StateMachineUpdater (StateMachineUpdater.java:stopAndJoin(164)) - omNode-bootstrap-2@group-0AAC5367B30E-StateMachineUpdater: set stopIndex = -1
2024-09-18 12:54:59,261 [omNode-bootstrap-2@group-0AAC5367B30E-StateMachineUpdater] INFO  impl.StateMachineUpdater (StateMachineUpdater.java:stop(141)) - omNode-bootstrap-2@group-0AAC5367B30E-StateMachineUpdater: closing OzoneManagerStateMachine, lastApplied=(t:1, i:7)
2024-09-18 12:54:59,261 [omNode-bootstrap-2@group-0AAC5367B30E-StateMachineUpdater] INFO  ratis.OzoneManagerStateMachine (OzoneManagerStateMachine.java:close(531)) - Stopping OzoneManagerStateMachine:omNode-bootstrap-2:group-0AAC5367B30E.
2024-09-18 12:54:59,261 [omNode-bootstrap-2@group-0AAC5367B30E-StateMachineUpdater] INFO  ratis.OzoneManagerDoubleBuffer (OzoneManagerDoubleBuffer.java:stopDaemon(529)) - Stopping OMDoubleBuffer flush thread
2024-09-18 12:54:59,261 [omNode-bootstrap-2-OMDoubleBufferFlushThread] INFO  ratis.OzoneManagerDoubleBuffer (OzoneManagerDoubleBuffer.java:canFlush(593)) - OMDoubleBuffer flush thread omNode-bootstrap-2-OMDoubleBufferFlushThread is interrupted and will exit.
2024-09-18 12:54:59,262 [omNode-bootstrap-2@group-0AAC5367B30E-cacheEviction-AwaitToRun] INFO  util.AwaitToRun (AwaitToRun.java:run(49)) - omNode-bootstrap-2@group-0AAC5367B30E-cacheEviction-AwaitToRun-AwaitForSignal is interrupted
2024-09-18 12:54:59,263 [main] INFO  server.GrpcService (GrpcService.java:closeImpl(320)) - omNode-bootstrap-2: shutdown server GrpcServerProtocolService successfully
2024-09-18 12:54:59,964 [omNode-bootstrap-2-impl-thread1] INFO  segmented.SegmentedRaftLogWorker (SegmentedRaftLogWorker.java:close(248)) - omNode-bootstrap-2@group-0AAC5367B30E-SegmentedRaftLogWorker close()
2024-09-18 12:54:59,964 [JvmPauseMonitor6] INFO  util.JvmPauseMonitor (JvmPauseMonitor.java:run(152)) - JvmPauseMonitor-omNode-bootstrap-2: Stopped
2024-09-18 12:54:59,965 [main] INFO  utils.BackgroundService (BackgroundService.java:shutdown(163)) - Shutting down service KeyDeletingService
2024-09-18 12:54:59,965 [main] INFO  utils.BackgroundService (BackgroundService.java:shutdown(163)) - Shutting down service DirectoryDeletingService
2024-09-18 12:54:59,966 [main] INFO  utils.BackgroundService (BackgroundService.java:shutdown(163)) - Shutting down service OpenKeyCleanupService
2024-09-18 12:54:59,966 [main] INFO  utils.BackgroundService (BackgroundService.java:shutdown(163)) - Shutting down service SstFilteringService
2024-09-18 12:54:59,966 [main] INFO  utils.BackgroundService (BackgroundService.java:shutdown(163)) - Shutting down service SnapshotDeletingService
2024-09-18 12:54:59,967 [main] INFO  utils.BackgroundService (BackgroundService.java:shutdown(163)) - Shutting down service MultipartUploadCleanupService
2024-09-18 12:54:59,967 [main] INFO  utils.BackgroundService (BackgroundService.java:shutdown(163)) - Shutting down service SnapshotDirectoryCleaningService
2024-09-18 12:54:59,968 [main] INFO  handler.ContextHandler (ContextHandler.java:doStop(1159)) - Stopped o.e.j.w.WebAppContext@6d9a8a31{ozoneManager,/,null,STOPPED}{file:/home/runner/work/ozone/ozone/hadoop-ozone/integration-test/target/test-classes/webapps/ozoneManager}
2024-09-18 12:54:59,968 [main] INFO  server.AbstractConnector (AbstractConnector.java:doStop(383)) - Stopped ServerConnector@210e90fc{HTTP/1.1, (http/1.1)}{0.0.0.0:15048}
2024-09-18 12:54:59,968 [main] INFO  server.session (HouseKeeper.java:stopScavenging(149)) - node0 Stopped scavenging
2024-09-18 12:54:59,969 [main] INFO  handler.ContextHandler (ContextHandler.java:doStop(1159)) - Stopped o.e.j.s.ServletContextHandler@63689254{static,/static,file:///home/runner/work/ozone/ozone/hadoop-ozone/integration-test/target/test-classes/webapps/static,STOPPED}
2024-09-18 12:54:59,969 [main] INFO  handler.ContextHandler (ContextHandler.java:doStop(1159)) - Stopped o.e.j.s.ServletContextHandler@2c0e260{logs,/logs,file:///home/runner/work/ozone/ozone/hadoop-ozone/integration-test/target/log,STOPPED}
2024-09-18 12:54:59,970 [main] INFO  rocksdiff.RocksDBCheckpointDiffer (RocksDBCheckpointDiffer.java:close(306)) - Shutting down CompactionDagPruningService.
2024-09-18 12:54:59,972 [main] INFO  snapshot.SnapshotDiffManager (SnapshotDiffManager.java:closeExecutorService(1657)) - Shutting down executorService: 'SnapDiffExecutor'
2024-09-18 12:54:59,972 [main] INFO  utils.BackgroundService (BackgroundService.java:shutdown(163)) - Shutting down service SnapshotDiffCleanupService
2024-09-18 12:54:59,972 [main] INFO  ozone.MiniOzoneHAClusterImpl (MiniOzoneHAClusterImpl.java:stop(295)) - Stopping the StorageContainerManager 76f7b79d-b0f1-40ff-adcc-a8634463f843
2024-09-18 12:54:59,973 [main] INFO  server.StorageContainerManager (StorageContainerManager.java:stop(1650)) - Container Balancer is not running.
2024-09-18 12:54:59,973 [main] INFO  server.StorageContainerManager (StorageContainerManager.java:stopReplicationManager(1788)) - Stopping Replication Manager Service.
2024-09-18 12:54:59,973 [main] INFO  replication.ReplicationManager (ReplicationManager.java:stop(329)) - Stopping Replication Monitor Thread.
2024-09-18 12:54:59,973 [main] INFO  server.StorageContainerManager (StorageContainerManager.java:stop(1659)) - Stopping the Datanode Admin Monitor.
2024-09-18 12:54:59,973 [scmNode-1-ReplicationMonitor] INFO  replication.ReplicationManager (ReplicationManager.java:run(938)) - Replication Monitor Thread is stopped
2024-09-18 12:54:59,973 [scmNode-1-OverReplicatedProcessor] WARN  replication.UnhealthyReplicationProcessor (UnhealthyReplicationProcessor.java:run(180)) - scmNode-1-OverReplicatedProcessor interrupted. Exiting...
2024-09-18 12:54:59,973 [scmNode-1-UnderReplicatedProcessor] WARN  replication.UnhealthyReplicationProcessor (UnhealthyReplicationProcessor.java:run(180)) - scmNode-1-UnderReplicatedProcessor interrupted. Exiting...
2024-09-18 12:54:59,973 [main] INFO  server.StorageContainerManager (StorageContainerManager.java:stop(1666)) - Stopping datanode service RPC server
2024-09-18 12:54:59,977 [main] INFO  server.SCMDatanodeProtocolServer (SCMDatanodeProtocolServer.java:stop(430)) - Stopping the RPC server for DataNodes
2024-09-18 12:54:59,977 [main] INFO  ipc.Server (Server.java:stop(3523)) - Stopping server on 15004
2024-09-18 12:54:59,983 [IPC Server Responder] INFO  ipc.Server (Server.java:run(1567)) - Stopping IPC Server Responder
2024-09-18 12:54:59,983 [IPC Server listener on 15004] INFO  ipc.Server (Server.java:run(1434)) - Stopping IPC Server listener on 15004
2024-09-18 12:55:00,024 [scmNode-1-SCMHeartbeatProcessor-0] WARN  node.NodeStateManager (NodeStateManager.java:scheduleNextHealthCheck(935)) - Current Thread is interrupted, shutting down HB processing thread for Node Manager.
2024-09-18 12:55:00,024 [main] INFO  server.StorageContainerManager (StorageContainerManager.java:stop(1674)) - Stopping block service RPC server
2024-09-18 12:55:00,024 [main] INFO  server.SCMBlockProtocolServer (SCMBlockProtocolServer.java:stop(181)) - Stopping the RPC server for Block Protocol
2024-09-18 12:55:00,024 [main] INFO  ipc.Server (Server.java:stop(3523)) - Stopping server on 15007
2024-09-18 12:55:00,030 [IPC Server listener on 15007] INFO  ipc.Server (Server.java:run(1434)) - Stopping IPC Server listener on 15007
2024-09-18 12:55:00,031 [main] INFO  server.StorageContainerManager (StorageContainerManager.java:stop(1681)) - Stopping the StorageContainerLocationProtocol RPC server
2024-09-18 12:55:00,030 [IPC Server Responder] INFO  ipc.Server (Server.java:run(1567)) - Stopping IPC Server Responder
2024-09-18 12:55:00,031 [main] INFO  server.SCMClientProtocolServer (SCMClientProtocolServer.java:stop(222)) - Stopping the RPC server for Client Protocol
2024-09-18 12:55:00,032 [main] INFO  ipc.Server (Server.java:stop(3523)) - Stopping server on 15005
2024-09-18 12:55:00,039 [IPC Server listener on 15005] INFO  ipc.Server (Server.java:run(1434)) - Stopping IPC Server listener on 15005
2024-09-18 12:55:00,039 [IPC Server Responder] INFO  ipc.Server (Server.java:run(1567)) - Stopping IPC Server Responder
2024-09-18 12:55:00,039 [main] INFO  server.StorageContainerManager (StorageContainerManager.java:stop(1688)) - Stopping Storage Container Manager HTTP server.
2024-09-18 12:55:00,040 [main] INFO  handler.ContextHandler (ContextHandler.java:doStop(1159)) - Stopped o.e.j.w.WebAppContext@3c39c739{scm,/,null,STOPPED}{file:/home/runner/work/ozone/ozone/hadoop-ozone/integration-test/target/test-classes/webapps/scm}
2024-09-18 12:55:00,041 [main] INFO  server.AbstractConnector (AbstractConnector.java:doStop(383)) - Stopped ServerConnector@7a57c5d9{HTTP/1.1, (http/1.1)}{0.0.0.0:15000}
2024-09-18 12:55:00,042 [main] INFO  server.session (HouseKeeper.java:stopScavenging(149)) - node0 Stopped scavenging
2024-09-18 12:55:00,042 [main] INFO  handler.ContextHandler (ContextHandler.java:doStop(1159)) - Stopped o.e.j.s.ServletContextHandler@2bf0bb93{static,/static,file:///home/runner/work/ozone/ozone/hadoop-ozone/integration-test/target/test-classes/webapps/static,STOPPED}
2024-09-18 12:55:00,042 [main] INFO  handler.ContextHandler (ContextHandler.java:doStop(1159)) - Stopped o.e.j.s.ServletContextHandler@57a0aeb8{logs,/logs,file:///home/runner/work/ozone/ozone/hadoop-ozone/integration-test/target/log,STOPPED}
2024-09-18 12:55:00,043 [main] INFO  server.StorageContainerManager (StorageContainerManager.java:stop(1696)) - Stopping SCM LayoutVersionManager Service.
2024-09-18 12:55:00,044 [main] INFO  server.StorageContainerManager (StorageContainerManager.java:stop(1708)) - Stopping Block Manager Service.
2024-09-18 12:55:00,044 [main] INFO  utils.BackgroundService (BackgroundService.java:shutdown(163)) - Shutting down service SCMBlockDeletingService
2024-09-18 12:55:00,044 [main] INFO  utils.BackgroundService (BackgroundService.java:shutdown(163)) - Shutting down service SCMBlockDeletingService
2024-09-18 12:55:00,044 [main] INFO  server.StorageContainerManager (StorageContainerManager.java:stop(1733)) - Stopping SCM Event Queue.
2024-09-18 12:55:00,046 [main] INFO  server.StorageContainerManager (StorageContainerManager.java:stop(1744)) - Stopping SCM HA services.
2024-09-18 12:55:00,046 [main] INFO  ha.SCMRatisServerImpl (SCMRatisServerImpl.java:stop(255)) - stopping ratis server 0.0.0.0:15003
2024-09-18 12:55:00,046 [main] INFO  server.RaftServer (RaftServerProxy.java:lambda$close$9(418)) - 76f7b79d-b0f1-40ff-adcc-a8634463f843: close
2024-09-18 12:55:00,047 [76f7b79d-b0f1-40ff-adcc-a8634463f843-impl-thread1] INFO  server.RaftServer$Division (RaftServerImpl.java:lambda$close$1(501)) - 76f7b79d-b0f1-40ff-adcc-a8634463f843@group-BAD221540704: shutdown
2024-09-18 12:55:00,047 [76f7b79d-b0f1-40ff-adcc-a8634463f843-impl-thread1] INFO  util.JmxRegister (JmxRegister.java:unregister(74)) - Successfully un-registered JMX Bean with object name Ratis:service=RaftServer,group=group-BAD221540704,id=76f7b79d-b0f1-40ff-adcc-a8634463f843
2024-09-18 12:55:00,047 [76f7b79d-b0f1-40ff-adcc-a8634463f843-impl-thread1] INFO  impl.RoleInfo (RoleInfo.java:shutdownLeaderState(103)) - 76f7b79d-b0f1-40ff-adcc-a8634463f843: shutdown 76f7b79d-b0f1-40ff-adcc-a8634463f843@group-BAD221540704-LeaderStateImpl
2024-09-18 12:55:00,047 [76f7b79d-b0f1-40ff-adcc-a8634463f843-impl-thread1] INFO  impl.PendingRequests (PendingRequests.java:sendNotLeaderResponses(287)) - 76f7b79d-b0f1-40ff-adcc-a8634463f843@group-BAD221540704-PendingRequests: sendNotLeaderResponses
2024-09-18 12:55:00,047 [76f7b79d-b0f1-40ff-adcc-a8634463f843-impl-thread1] INFO  ha.SCMStateMachine (SCMStateMachine.java:notifyNotLeader(212)) - current leader SCM steps down.
2024-09-18 12:55:00,047 [76f7b79d-b0f1-40ff-adcc-a8634463f843-impl-thread1] INFO  ha.SCMContext (SCMContext.java:updateLeaderAndTerm(96)) - update <isLeader,term> from <true,2> to <false,0>
2024-09-18 12:55:00,047 [76f7b79d-b0f1-40ff-adcc-a8634463f843-impl-thread1] INFO  ha.SCMContext (SCMContext.java:updateLeaderAndTerm(102)) - update <isLeaderReady> from <true> to <false>
2024-09-18 12:55:00,047 [76f7b79d-b0f1-40ff-adcc-a8634463f843-impl-thread1] INFO  BackgroundPipelineScrubber (BackgroundSCMService.java:notifyStatusChanged(85)) - Service BackgroundPipelineScrubber transitions to PAUSING.
2024-09-18 12:55:00,047 [76f7b79d-b0f1-40ff-adcc-a8634463f843-impl-thread1] INFO  ExpiredContainerReplicaOpScrubber (BackgroundSCMService.java:notifyStatusChanged(85)) - Service ExpiredContainerReplicaOpScrubber transitions to PAUSING.
2024-09-18 12:55:00,047 [76f7b79d-b0f1-40ff-adcc-a8634463f843-impl-thread1] INFO  SCMHATransactionMonitor (BackgroundSCMService.java:notifyStatusChanged(85)) - Service SCMHATransactionMonitor transitions to PAUSING.
2024-09-18 12:55:00,048 [76f7b79d-b0f1-40ff-adcc-a8634463f843-impl-thread1] INFO  impl.StateMachineUpdater (StateMachineUpdater.java:stopAndJoin(164)) - 76f7b79d-b0f1-40ff-adcc-a8634463f843@group-BAD221540704-StateMachineUpdater: set stopIndex = 30
2024-09-18 12:55:00,048 [main] INFO  server.GrpcService (GrpcService.java:closeImpl(311)) - 76f7b79d-b0f1-40ff-adcc-a8634463f843: shutdown server GrpcServerProtocolService now
2024-09-18 12:55:00,048 [76f7b79d-b0f1-40ff-adcc-a8634463f843@group-BAD221540704-StateMachineUpdater] INFO  ha.SCMStateMachine (SCMStateMachine.java:takeSnapshot(331)) - Current Snapshot Index 30, takeSnapshot took 1 ms
2024-09-18 12:55:00,049 [76f7b79d-b0f1-40ff-adcc-a8634463f843@group-BAD221540704-StateMachineUpdater] INFO  impl.StateMachineUpdater (StateMachineUpdater.java:takeSnapshot(303)) - 76f7b79d-b0f1-40ff-adcc-a8634463f843@group-BAD221540704-StateMachineUpdater: Took a snapshot at index 30
2024-09-18 12:55:00,049 [76f7b79d-b0f1-40ff-adcc-a8634463f843@group-BAD221540704-StateMachineUpdater] INFO  impl.StateMachineUpdater (StateMachineUpdater.java:lambda$new$0(102)) - 76f7b79d-b0f1-40ff-adcc-a8634463f843@group-BAD221540704-StateMachineUpdater: snapshotIndex: updateIncreasingly -1 -> 30
2024-09-18 12:55:00,049 [76f7b79d-b0f1-40ff-adcc-a8634463f843@group-BAD221540704-StateMachineUpdater] INFO  impl.StateMachineUpdater (StateMachineUpdater.java:stop(141)) - 76f7b79d-b0f1-40ff-adcc-a8634463f843@group-BAD221540704-StateMachineUpdater: closing SCMStateMachine, lastApplied=(t:2, i:30)
2024-09-18 12:55:00,049 [76f7b79d-b0f1-40ff-adcc-a8634463f843@group-BAD221540704-cacheEviction-AwaitToRun] INFO  util.AwaitToRun (AwaitToRun.java:run(49)) - 76f7b79d-b0f1-40ff-adcc-a8634463f843@group-BAD221540704-cacheEviction-AwaitToRun-AwaitForSignal is interrupted
2024-09-18 12:55:00,049 [main] INFO  server.GrpcService (GrpcService.java:closeImpl(320)) - 76f7b79d-b0f1-40ff-adcc-a8634463f843: shutdown server GrpcServerProtocolService successfully
2024-09-18 12:55:00,123 [59105c30-b290-410a-a9ca-d50346fc903f-EndpointStateMachineTaskThread-/127.0.0.1:15004-0 ] WARN  statemachine.EndpointStateMachine (EndpointStateMachine.java:logIfNeeded(237)) - Unable to communicate to SCM server at localhost:15004 for past 0 seconds.
java.io.EOFException: End of File Exception between local host is: "fv-az1197-713/10.1.0.102"; destination host is: "localhost":15004; : java.io.EOFException; For more details see:  http://wiki.apache.org/hadoop/EOFException
	at java.base/jdk.internal.reflect.NativeConstructorAccessorImpl.newInstance0(Native Method)
	at java.base/jdk.internal.reflect.NativeConstructorAccessorImpl.newInstance(NativeConstructorAccessorImpl.java:77)
	at java.base/jdk.internal.reflect.DelegatingConstructorAccessorImpl.newInstance(DelegatingConstructorAccessorImpl.java:45)
	at java.base/java.lang.reflect.Constructor.newInstanceWithCaller(Constructor.java:500)
	at java.base/java.lang.reflect.Constructor.newInstance(Constructor.java:481)
	at org.apache.hadoop.net.NetUtils.wrapWithMessage(NetUtils.java:930)
	at org.apache.hadoop.net.NetUtils.wrapException(NetUtils.java:879)
	at org.apache.hadoop.ipc.Client.getRpcResponse(Client.java:1571)
	at org.apache.hadoop.ipc.Client.call(Client.java:1513)
	at org.apache.hadoop.ipc.Client.call(Client.java:1410)
	at org.apache.hadoop.ipc.ProtobufRpcEngine$Invoker.invoke(ProtobufRpcEngine.java:250)
	at org.apache.hadoop.ipc.ProtobufRpcEngine$Invoker.invoke(ProtobufRpcEngine.java:132)
	at jdk.proxy2/jdk.proxy2.$Proxy112.submitRequest(Unknown Source)
	at org.apache.hadoop.ozone.protocolPB.StorageContainerDatanodeProtocolClientSideTranslatorPB.submitRequest(StorageContainerDatanodeProtocolClientSideTranslatorPB.java:115)
	at org.apache.hadoop.ozone.protocolPB.StorageContainerDatanodeProtocolClientSideTranslatorPB.sendHeartbeat(StorageContainerDatanodeProtocolClientSideTranslatorPB.java:147)
	at org.apache.hadoop.ozone.container.common.states.endpoint.HeartbeatEndpointTask.call(HeartbeatEndpointTask.java:183)
	at org.apache.hadoop.ozone.container.common.states.endpoint.HeartbeatEndpointTask.call(HeartbeatEndpointTask.java:87)
	at java.base/java.util.concurrent.FutureTask.run(FutureTask.java:264)
	at java.base/java.util.concurrent.ThreadPoolExecutor.runWorker(ThreadPoolExecutor.java:1136)
	at java.base/java.util.concurrent.ThreadPoolExecutor$Worker.run(ThreadPoolExecutor.java:635)
	at java.base/java.lang.Thread.run(Thread.java:840)
Caused by: java.io.EOFException
	at java.base/java.io.DataInputStream.readInt(DataInputStream.java:386)
	at org.apache.hadoop.ipc.Client$IpcStreams.readResponse(Client.java:1906)
	at org.apache.hadoop.ipc.Client$Connection.receiveRpcResponse(Client.java:1187)
	at org.apache.hadoop.ipc.Client$Connection.run(Client.java:1078)
2024-09-18 12:55:00,998 [76f7b79d-b0f1-40ff-adcc-a8634463f843-impl-thread1] INFO  segmented.SegmentedRaftLogWorker (SegmentedRaftLogWorker.java:close(248)) - 76f7b79d-b0f1-40ff-adcc-a8634463f843@group-BAD221540704-SegmentedRaftLogWorker close()
2024-09-18 12:55:00,998 [JvmPauseMonitor1] INFO  util.JvmPauseMonitor (JvmPauseMonitor.java:run(152)) - JvmPauseMonitor-76f7b79d-b0f1-40ff-adcc-a8634463f843: Stopped
2024-09-18 12:55:00,999 [main] INFO  SCMHATransactionMonitor (BackgroundSCMService.java:stop(128)) - Stopping SCMHATransactionMonitor Service.
2024-09-18 12:55:00,999 [scmNode-1-SCMHATransactionMonitor] WARN  SCMHATransactionMonitor (BackgroundSCMService.java:run(112)) - SCMHATransactionMonitor is interrupted, exit
2024-09-18 12:55:00,999 [main] INFO  pipeline.BackgroundPipelineCreator (BackgroundPipelineCreator.java:stop(152)) - Stopping scmNode-1-RatisPipelineUtilsThread.
2024-09-18 12:55:00,999 [scmNode-1-RatisPipelineUtilsThread-0] WARN  pipeline.BackgroundPipelineCreator (BackgroundPipelineCreator.java:run(183)) - scmNode-1-RatisPipelineUtilsThread is interrupted.
2024-09-18 12:55:00,999 [main] INFO  BackgroundPipelineScrubber (BackgroundSCMService.java:stop(128)) - Stopping BackgroundPipelineScrubber Service.
2024-09-18 12:55:00,999 [scmNode-1-BackgroundPipelineScrubber] WARN  BackgroundPipelineScrubber (BackgroundSCMService.java:run(112)) - BackgroundPipelineScrubber is interrupted, exit
2024-09-18 12:55:01,000 [main] INFO  impl.MetricsSystemImpl (MetricsSystemImpl.java:stop(210)) - Stopping OzoneManager metrics system...
2024-09-18 12:55:01,001 [prometheus] INFO  impl.MetricsSinkAdapter (MetricsSinkAdapter.java:publishMetricsFromQueue(141)) - prometheus thread interrupted.
2024-09-18 12:55:01,001 [main] INFO  impl.MetricsSystemImpl (MetricsSystemImpl.java:stop(216)) - OzoneManager metrics system stopped.
2024-09-18 12:55:01,002 [main] WARN  pipeline.BackgroundPipelineCreator (BackgroundPipelineCreator.java:stop(148)) - scmNode-1-RatisPipelineUtilsThread is not running, just ignore.
2024-09-18 12:55:01,002 [main] INFO  BackgroundPipelineScrubber (BackgroundSCMService.java:stop(123)) - BackgroundPipelineScrubber Service is not running, skip stop.
2024-09-18 12:55:01,002 [main] INFO  ExpiredContainerReplicaOpScrubber (BackgroundSCMService.java:stop(128)) - Stopping ExpiredContainerReplicaOpScrubber Service.
2024-09-18 12:55:01,002 [scmNode-1-ExpiredContainerReplicaOpScrubber] WARN  ExpiredContainerReplicaOpScrubber (BackgroundSCMService.java:run(112)) - ExpiredContainerReplicaOpScrubber is interrupted, exit
2024-09-18 12:55:01,002 [main] INFO  utils.BackgroundService (BackgroundService.java:shutdown(163)) - Shutting down service SCMBlockDeletingService
2024-09-18 12:55:01,002 [main] INFO  replication.ReplicationManager (ReplicationManager.java:stop(339)) - Replication Monitor Thread is not running.
2024-09-18 12:55:01,002 [main] WARN  balancer.ContainerBalancer (ContainerBalancer.java:stop(349)) - Cannot stop Container Balancer because it's not running or stopping
2024-09-18 12:55:01,002 [main] INFO  SCMHATransactionMonitor (BackgroundSCMService.java:stop(123)) - SCMHATransactionMonitor Service is not running, skip stop.
2024-09-18 12:55:01,002 [scmNode-1-LeaseManager#LeaseMonitor] WARN  lease.LeaseManager (LeaseManager.java:run(286)) - Lease manager is interrupted. Shutting down...
java.lang.InterruptedException
	at java.base/java.util.concurrent.locks.AbstractQueuedSynchronizer.tryAcquireSharedNanos(AbstractQueuedSynchronizer.java:1081)
	at java.base/java.util.concurrent.Semaphore.tryAcquire(Semaphore.java:415)
	at org.apache.hadoop.ozone.lease.LeaseManager$LeaseMonitor.run(LeaseManager.java:284)
	at java.base/java.lang.Thread.run(Thread.java:840)
2024-09-18 12:55:01,002 [main] INFO  server.StorageContainerManager (StorageContainerManager.java:stop(1779)) - Stopping SCM MetadataStore.
2024-09-18 12:55:01,004 [main] INFO  ozone.MiniOzoneClusterImpl (MiniOzoneClusterImpl.java:stop(426)) - Stopping the Mini Ozone Cluster
2024-09-18 12:55:01,004 [main] INFO  ozone.MiniOzoneClusterImpl (MiniOzoneClusterImpl.java:stopDatanodes(485)) - Stopping the HddsDatanodes
2024-09-18 12:55:01,006 [ForkJoinPool.commonPool-worker-3] INFO  ozoneimpl.OzoneContainer (OzoneContainer.java:stop(497)) - Attempting to stop container services.
2024-09-18 12:55:01,006 [ContainerMetadataScanner] WARN  ozoneimpl.AbstractBackgroundContainerScanner (AbstractBackgroundContainerScanner.java:handleRemainingSleep(134)) - Background container scan was interrupted.
2024-09-18 12:55:01,006 [ContainerMetadataScanner] INFO  ozoneimpl.AbstractBackgroundContainerScanner (AbstractBackgroundContainerScanner.java:run(61)) - Thread[ContainerMetadataScanner,5,main] exiting.
2024-09-18 12:55:01,007 [ForkJoinPool.commonPool-worker-3] INFO  ozoneimpl.BackgroundContainerDataScanner (BackgroundContainerDataScanner.java:shutdown(141)) - ContainerDataScanner(/home/runner/work/ozone/ozone/hadoop-ozone/integration-test/target/test-dir/MiniOzoneClusterImpl-1474a09c-6dad-4fc4-86e4-bad221540704/ozone-meta/datanode-1/data-0/hdds) is shutting down. 
2024-09-18 12:55:01,007 [ContainerDataScanner(/home/runner/work/ozone/ozone/hadoop-ozone/integration-test/target/test-dir/MiniOzoneClusterImpl-1474a09c-6dad-4fc4-86e4-bad221540704/ozone-meta/datanode-1/data-0/hdds)] WARN  ozoneimpl.AbstractBackgroundContainerScanner (AbstractBackgroundContainerScanner.java:handleRemainingSleep(134)) - Background container scan was interrupted.
2024-09-18 12:55:01,007 [ContainerDataScanner(/home/runner/work/ozone/ozone/hadoop-ozone/integration-test/target/test-dir/MiniOzoneClusterImpl-1474a09c-6dad-4fc4-86e4-bad221540704/ozone-meta/datanode-1/data-0/hdds)] INFO  ozoneimpl.AbstractBackgroundContainerScanner (AbstractBackgroundContainerScanner.java:run(61)) - ContainerDataScanner(/home/runner/work/ozone/ozone/hadoop-ozone/integration-test/target/test-dir/MiniOzoneClusterImpl-1474a09c-6dad-4fc4-86e4-bad221540704/ozone-meta/datanode-1/data-0/hdds, DS-227cb4fc-5fd2-4c9b-b27a-0f90565276e3) exiting.
2024-09-18 12:55:01,007 [ForkJoinPool.commonPool-worker-3] INFO  ozoneimpl.OnDemandContainerDataScanner (OnDemandContainerDataScanner.java:shutdownScanner(206)) - On-demand container scanner is shutting down.
2024-09-18 12:55:01,008 [ForkJoinPool.commonPool-worker-3] INFO  ratis.XceiverServerRatis (XceiverServerRatis.java:stop(596)) - Stopping XceiverServerRatis 59105c30-b290-410a-a9ca-d50346fc903f
2024-09-18 12:55:01,008 [ForkJoinPool.commonPool-worker-3] INFO  server.RaftServer (RaftServerProxy.java:lambda$close$9(418)) - 59105c30-b290-410a-a9ca-d50346fc903f: close
2024-09-18 12:55:01,008 [59105c30-b290-410a-a9ca-d50346fc903f-impl-thread1] INFO  server.RaftServer$Division (RaftServerImpl.java:lambda$close$1(501)) - 59105c30-b290-410a-a9ca-d50346fc903f@group-B837D28FF93F: shutdown
2024-09-18 12:55:01,008 [59105c30-b290-410a-a9ca-d50346fc903f-impl-thread1] INFO  util.JmxRegister (JmxRegister.java:unregister(74)) - Successfully un-registered JMX Bean with object name Ratis:service=RaftServer,group=group-B837D28FF93F,id=59105c30-b290-410a-a9ca-d50346fc903f
2024-09-18 12:55:01,008 [59105c30-b290-410a-a9ca-d50346fc903f-impl-thread1] INFO  impl.RoleInfo (RoleInfo.java:shutdownLeaderState(103)) - 59105c30-b290-410a-a9ca-d50346fc903f: shutdown 59105c30-b290-410a-a9ca-d50346fc903f@group-B837D28FF93F-LeaderStateImpl
2024-09-18 12:55:01,008 [59105c30-b290-410a-a9ca-d50346fc903f-impl-thread1] INFO  impl.PendingRequests (PendingRequests.java:sendNotLeaderResponses(287)) - 59105c30-b290-410a-a9ca-d50346fc903f@group-B837D28FF93F-PendingRequests: sendNotLeaderResponses
2024-09-18 12:55:01,008 [ForkJoinPool.commonPool-worker-3] INFO  server.GrpcService (GrpcService.java:closeImpl(311)) - 59105c30-b290-410a-a9ca-d50346fc903f: shutdown server GrpcServerProtocolService now
2024-09-18 12:55:01,008 [59105c30-b290-410a-a9ca-d50346fc903f-impl-thread2] INFO  server.RaftServer$Division (RaftServerImpl.java:lambda$close$1(501)) - 59105c30-b290-410a-a9ca-d50346fc903f@group-0E6812D09C45: shutdown
2024-09-18 12:55:01,008 [59105c30-b290-410a-a9ca-d50346fc903f-impl-thread2] INFO  util.JmxRegister (JmxRegister.java:unregister(74)) - Successfully un-registered JMX Bean with object name Ratis:service=RaftServer,group=group-0E6812D09C45,id=59105c30-b290-410a-a9ca-d50346fc903f
2024-09-18 12:55:01,008 [59105c30-b290-410a-a9ca-d50346fc903f-impl-thread2] INFO  impl.RoleInfo (RoleInfo.java:shutdownLeaderState(103)) - 59105c30-b290-410a-a9ca-d50346fc903f: shutdown 59105c30-b290-410a-a9ca-d50346fc903f@group-0E6812D09C45-LeaderStateImpl
2024-09-18 12:55:01,008 [59105c30-b290-410a-a9ca-d50346fc903f-impl-thread2] INFO  impl.PendingRequests (PendingRequests.java:sendNotLeaderResponses(287)) - 59105c30-b290-410a-a9ca-d50346fc903f@group-0E6812D09C45-PendingRequests: sendNotLeaderResponses
2024-09-18 12:55:01,008 [59105c30-b290-410a-a9ca-d50346fc903f@group-0E6812D09C45->27821b7d-0624-41cc-9490-31ed12e2696a-GrpcLogAppender-LogAppenderDaemon] WARN  server.GrpcLogAppender (GrpcLogAppender.java:mayWait(293)) - 59105c30-b290-410a-a9ca-d50346fc903f@group-0E6812D09C45->27821b7d-0624-41cc-9490-31ed12e2696a-GrpcLogAppender: Wait interrupted by java.lang.InterruptedException
2024-09-18 12:55:01,009 [59105c30-b290-410a-a9ca-d50346fc903f@group-0E6812D09C45->856d6c8f-d120-404b-902c-ec203ff8b049-GrpcLogAppender-LogAppenderDaemon] WARN  server.GrpcLogAppender (GrpcLogAppender.java:mayWait(293)) - 59105c30-b290-410a-a9ca-d50346fc903f@group-0E6812D09C45->856d6c8f-d120-404b-902c-ec203ff8b049-GrpcLogAppender: Wait interrupted by java.lang.InterruptedException
2024-09-18 12:55:01,008 [59105c30-b290-410a-a9ca-d50346fc903f-impl-thread3] INFO  server.RaftServer$Division (RaftServerImpl.java:lambda$close$1(501)) - 59105c30-b290-410a-a9ca-d50346fc903f@group-239644619C41: shutdown
2024-09-18 12:55:01,009 [grpc-default-executor-1] INFO  server.GrpcServerProtocolService (GrpcServerProtocolService.java:onCompleted(157)) - 27821b7d-0624-41cc-9490-31ed12e2696a: Completed APPEND_ENTRIES, lastRequest: null
2024-09-18 12:55:01,009 [grpc-default-executor-1] INFO  server.GrpcServerProtocolService (GrpcServerProtocolService.java:lambda$onCompleted$5(159)) - 27821b7d-0624-41cc-9490-31ed12e2696a: Completed APPEND_ENTRIES, lastReply: serverReply {
  requestorId: "59105c30-b290-410a-a9ca-d50346fc903f"
  replyId: "27821b7d-0624-41cc-9490-31ed12e2696a"
  raftGroupId {
    id: "\036%p(\a\276L\220\272k\016h\022\320\234E"
  }
  callId: 7
  success: true
}
term: 1
nextIndex: 1
matchIndex: 18446744073709551615
isHearbeat: true

2024-09-18 12:55:01,010 [grpc-default-executor-4] INFO  server.GrpcServerProtocolService (GrpcServerProtocolService.java:onCompleted(157)) - 856d6c8f-d120-404b-902c-ec203ff8b049: Completed APPEND_ENTRIES, lastRequest: null
2024-09-18 12:55:01,010 [grpc-default-executor-4] INFO  server.GrpcServerProtocolService (GrpcServerProtocolService.java:lambda$onCompleted$5(159)) - 856d6c8f-d120-404b-902c-ec203ff8b049: Completed APPEND_ENTRIES, lastReply: serverReply {
  requestorId: "59105c30-b290-410a-a9ca-d50346fc903f"
  replyId: "856d6c8f-d120-404b-902c-ec203ff8b049"
  raftGroupId {
    id: "\036%p(\a\276L\220\272k\016h\022\320\234E"
  }
  callId: 8
  success: true
}
term: 1
nextIndex: 1
matchIndex: 18446744073709551615
isHearbeat: true

2024-09-18 12:55:01,010 [grpc-default-executor-0] INFO  server.GrpcServerProtocolService (GrpcServerProtocolService.java:onCompleted(157)) - 856d6c8f-d120-404b-902c-ec203ff8b049: Completed APPEND_ENTRIES, lastRequest: 59105c30-b290-410a-a9ca-d50346fc903f->856d6c8f-d120-404b-902c-ec203ff8b049#1-t1,previous=(t:0, i:0),leaderCommit=-1,initializing? false,entries: size=1, first=(t:1, i:0), CONFIGURATIONENTRY(current:id:"856d6c8f-d120-404b-902c-ec203ff8b049"address:"127.0.0.1:15038"dataStreamAddress:"127.0.0.1:15041"clientAddress:"127.0.0.1:15038"adminAddress:"127.0.0.1:15038"startupRole:FOLLOWER, id:"59105c30-b290-410a-a9ca-d50346fc903f"address:"127.0.0.1:15020"priority:1dataStreamAddress:"127.0.0.1:15023"clientAddress:"127.0.0.1:15020"adminAddress:"127.0.0.1:15020"startupRole:FOLLOWER, id:"27821b7d-0624-41cc-9490-31ed12e2696a"address:"127.0.0.1:15029"dataStreamAddress:"127.0.0.1:15032"clientAddress:"127.0.0.1:15029"adminAddress:"127.0.0.1:15029"startupRole:FOLLOWER, old:)
2024-09-18 12:55:01,010 [grpc-default-executor-0] INFO  server.GrpcServerProtocolService (GrpcServerProtocolService.java:lambda$onCompleted$5(159)) - 856d6c8f-d120-404b-902c-ec203ff8b049: Completed APPEND_ENTRIES, lastReply: null
2024-09-18 12:55:01,010 [Thread-845] INFO  server.GrpcServerProtocolClient (GrpcServerProtocolClient.java:close(103)) - 856d6c8f-d120-404b-902c-ec203ff8b049 Close channels
2024-09-18 12:55:01,011 [Thread-847] INFO  server.GrpcServerProtocolClient (GrpcServerProtocolClient.java:close(103)) - 27821b7d-0624-41cc-9490-31ed12e2696a Close channels
2024-09-18 12:55:01,011 [grpc-default-executor-3] INFO  server.GrpcServerProtocolService (GrpcServerProtocolService.java:onCompleted(157)) - 27821b7d-0624-41cc-9490-31ed12e2696a: Completed APPEND_ENTRIES, lastRequest: 59105c30-b290-410a-a9ca-d50346fc903f->27821b7d-0624-41cc-9490-31ed12e2696a#1-t1,previous=(t:0, i:0),leaderCommit=-1,initializing? false,entries: size=1, first=(t:1, i:0), CONFIGURATIONENTRY(current:id:"856d6c8f-d120-404b-902c-ec203ff8b049"address:"127.0.0.1:15038"dataStreamAddress:"127.0.0.1:15041"clientAddress:"127.0.0.1:15038"adminAddress:"127.0.0.1:15038"startupRole:FOLLOWER, id:"59105c30-b290-410a-a9ca-d50346fc903f"address:"127.0.0.1:15020"priority:1dataStreamAddress:"127.0.0.1:15023"clientAddress:"127.0.0.1:15020"adminAddress:"127.0.0.1:15020"startupRole:FOLLOWER, id:"27821b7d-0624-41cc-9490-31ed12e2696a"address:"127.0.0.1:15029"dataStreamAddress:"127.0.0.1:15032"clientAddress:"127.0.0.1:15029"adminAddress:"127.0.0.1:15029"startupRole:FOLLOWER, old:)
2024-09-18 12:55:01,011 [grpc-default-executor-3] INFO  server.GrpcServerProtocolService (GrpcServerProtocolService.java:lambda$onCompleted$5(159)) - 27821b7d-0624-41cc-9490-31ed12e2696a: Completed APPEND_ENTRIES, lastReply: null
2024-09-18 12:55:01,013 [59105c30-b290-410a-a9ca-d50346fc903f-impl-thread3] INFO  util.JmxRegister (JmxRegister.java:unregister(74)) - Successfully un-registered JMX Bean with object name Ratis:service=RaftServer,group=group-239644619C41,id=59105c30-b290-410a-a9ca-d50346fc903f
2024-09-18 12:55:01,013 [59105c30-b290-410a-a9ca-d50346fc903f-impl-thread3] INFO  impl.RoleInfo (RoleInfo.java:shutdownFollowerState(119)) - 59105c30-b290-410a-a9ca-d50346fc903f: shutdown 59105c30-b290-410a-a9ca-d50346fc903f@group-239644619C41-FollowerState
2024-09-18 12:55:01,013 [59105c30-b290-410a-a9ca-d50346fc903f-impl-thread3] INFO  impl.StateMachineUpdater (StateMachineUpdater.java:stopAndJoin(164)) - 59105c30-b290-410a-a9ca-d50346fc903f@group-239644619C41-StateMachineUpdater: set stopIndex = 0
2024-09-18 12:55:01,013 [59105c30-b290-410a-a9ca-d50346fc903f@group-239644619C41-StateMachineUpdater] INFO  ratis.ContainerStateMachine (ContainerStateMachine.java:takeSnapshot(363)) - group-239644619C41: Taking a snapshot at:(t:1, i:0) file /home/runner/work/ozone/ozone/hadoop-ozone/integration-test/target/test-dir/MiniOzoneClusterImpl-1474a09c-6dad-4fc4-86e4-bad221540704/ozone-meta/datanode-1/ratis/aaa9e430-62c5-4e78-96d4-239644619c41/sm/snapshot.1_0
2024-09-18 12:55:01,014 [59105c30-b290-410a-a9ca-d50346fc903f@group-239644619C41-FollowerState] INFO  impl.FollowerState (FollowerState.java:run(153)) - 59105c30-b290-410a-a9ca-d50346fc903f@group-239644619C41-FollowerState was interrupted
2024-09-18 12:55:01,016 [grpc-default-executor-5] WARN  server.GrpcServerProtocolService (LogUtils.java:warn(121)) - 59105c30-b290-410a-a9ca-d50346fc903f: APPEND_ENTRIES onError, lastRequest: 27821b7d-0624-41cc-9490-31ed12e2696a->59105c30-b290-410a-a9ca-d50346fc903f#1-t1,previous=(t:0, i:0),leaderCommit=-1,initializing? false,entries: size=1, first=(t:1, i:0), CONFIGURATIONENTRY(current:id:"856d6c8f-d120-404b-902c-ec203ff8b049"address:"127.0.0.1:15038"dataStreamAddress:"127.0.0.1:15041"clientAddress:"127.0.0.1:15038"adminAddress:"127.0.0.1:15038"startupRole:FOLLOWER, id:"59105c30-b290-410a-a9ca-d50346fc903f"address:"127.0.0.1:15020"dataStreamAddress:"127.0.0.1:15023"clientAddress:"127.0.0.1:15020"adminAddress:"127.0.0.1:15020"startupRole:FOLLOWER, id:"27821b7d-0624-41cc-9490-31ed12e2696a"address:"127.0.0.1:15029"priority:1dataStreamAddress:"127.0.0.1:15032"clientAddress:"127.0.0.1:15029"adminAddress:"127.0.0.1:15029"startupRole:FOLLOWER, old:): org.apache.ratis.thirdparty.io.grpc.StatusRuntimeException: CANCELLED: client cancelled
2024-09-18 12:55:01,017 [grpc-default-executor-6] WARN  server.GrpcServerProtocolService (LogUtils.java:warn(121)) - 59105c30-b290-410a-a9ca-d50346fc903f: APPEND_ENTRIES onError, lastRequest: null: org.apache.ratis.thirdparty.io.grpc.StatusRuntimeException: CANCELLED: client cancelled
2024-09-18 12:55:01,018 [grpc-default-executor-2] WARN  server.GrpcLogAppender (LogUtils.java:warn(121)) - 27821b7d-0624-41cc-9490-31ed12e2696a@group-239644619C41->59105c30-b290-410a-a9ca-d50346fc903f-AppendLogResponseHandler: Failed appendEntries: org.apache.ratis.thirdparty.io.grpc.StatusRuntimeException: CANCELLED: RST_STREAM closed stream. HTTP/2 error code: CANCEL
2024-09-18 12:55:01,020 [grpc-default-executor-5] WARN  server.GrpcLogAppender (GrpcLogAppender.java:lambda$resetClient$1(221)) - 27821b7d-0624-41cc-9490-31ed12e2696a@group-239644619C41->59105c30-b290-410a-a9ca-d50346fc903f-GrpcLogAppender: Follower failed (request=null, errorCount=1); keep nextIndex (1) unchanged and retry.
2024-09-18 12:55:01,026 [grpc-default-executor-3] INFO  server.GrpcLogAppender (GrpcLogAppender.java:onCompleted(550)) - 59105c30-b290-410a-a9ca-d50346fc903f@group-0E6812D09C45->27821b7d-0624-41cc-9490-31ed12e2696a-AppendLogResponseHandler: follower responses appendEntries COMPLETED
2024-09-18 12:55:01,026 [grpc-default-executor-3] WARN  server.GrpcLogAppender (GrpcLogAppender.java:resetClient(230)) - 59105c30-b290-410a-a9ca-d50346fc903f@group-0E6812D09C45->27821b7d-0624-41cc-9490-31ed12e2696a-GrpcLogAppender: Failed to getClient for 27821b7d-0624-41cc-9490-31ed12e2696a
org.apache.ratis.protocol.exceptions.AlreadyClosedException: 59105c30-b290-410a-a9ca-d50346fc903f is already CLOSED
	at org.apache.ratis.util.PeerProxyMap$PeerAndProxy.getProxy(PeerProxyMap.java:67)
	at org.apache.ratis.util.PeerProxyMap.getProxy(PeerProxyMap.java:124)
	at org.apache.ratis.grpc.server.GrpcLogAppender.getClient(GrpcLogAppender.java:200)
	at org.apache.ratis.grpc.server.GrpcLogAppender.resetClient(GrpcLogAppender.java:205)
	at org.apache.ratis.grpc.server.GrpcLogAppender.access$800(GrpcLogAppender.java:64)
	at org.apache.ratis.grpc.server.GrpcLogAppender$AppendLogResponseHandler.onCompleted(GrpcLogAppender.java:551)
	at org.apache.ratis.thirdparty.io.grpc.stub.ClientCalls$StreamObserverToCallListenerAdapter.onClose(ClientCalls.java:479)
	at org.apache.ratis.thirdparty.io.grpc.internal.DelayedClientCall$DelayedListener$3.run(DelayedClientCall.java:489)
	at org.apache.ratis.thirdparty.io.grpc.internal.DelayedClientCall$DelayedListener.delayOrExecute(DelayedClientCall.java:453)
	at org.apache.ratis.thirdparty.io.grpc.internal.DelayedClientCall$DelayedListener.onClose(DelayedClientCall.java:486)
	at org.apache.ratis.thirdparty.io.grpc.internal.ClientCallImpl.closeObserver(ClientCallImpl.java:567)
	at org.apache.ratis.thirdparty.io.grpc.internal.ClientCallImpl.access$300(ClientCallImpl.java:71)
	at org.apache.ratis.thirdparty.io.grpc.internal.ClientCallImpl$ClientStreamListenerImpl$1StreamClosed.runInternal(ClientCallImpl.java:735)
	at org.apache.ratis.thirdparty.io.grpc.internal.ClientCallImpl$ClientStreamListenerImpl$1StreamClosed.runInContext(ClientCallImpl.java:716)
	at org.apache.ratis.thirdparty.io.grpc.internal.ContextRunnable.run(ContextRunnable.java:37)
	at org.apache.ratis.thirdparty.io.grpc.internal.SerializingExecutor.run(SerializingExecutor.java:133)
	at java.base/java.util.concurrent.ThreadPoolExecutor.runWorker(ThreadPoolExecutor.java:1136)
	at java.base/java.util.concurrent.ThreadPoolExecutor$Worker.run(ThreadPoolExecutor.java:635)
	at java.base/java.lang.Thread.run(Thread.java:840)
2024-09-18 12:55:01,026 [grpc-default-executor-5] INFO  server.GrpcLogAppender (GrpcLogAppender.java:onCompleted(550)) - 59105c30-b290-410a-a9ca-d50346fc903f@group-0E6812D09C45->27821b7d-0624-41cc-9490-31ed12e2696a-AppendLogResponseHandler: follower responses appendEntries COMPLETED
2024-09-18 12:55:01,026 [grpc-default-executor-5] WARN  server.GrpcLogAppender (GrpcLogAppender.java:resetClient(230)) - 59105c30-b290-410a-a9ca-d50346fc903f@group-0E6812D09C45->27821b7d-0624-41cc-9490-31ed12e2696a-GrpcLogAppender: Failed to getClient for 27821b7d-0624-41cc-9490-31ed12e2696a
org.apache.ratis.protocol.exceptions.AlreadyClosedException: 59105c30-b290-410a-a9ca-d50346fc903f is already CLOSED
	at org.apache.ratis.util.PeerProxyMap$PeerAndProxy.getProxy(PeerProxyMap.java:67)
	at org.apache.ratis.util.PeerProxyMap.getProxy(PeerProxyMap.java:124)
	at org.apache.ratis.grpc.server.GrpcLogAppender.getClient(GrpcLogAppender.java:200)
	at org.apache.ratis.grpc.server.GrpcLogAppender.resetClient(GrpcLogAppender.java:205)
	at org.apache.ratis.grpc.server.GrpcLogAppender.access$800(GrpcLogAppender.java:64)
	at org.apache.ratis.grpc.server.GrpcLogAppender$AppendLogResponseHandler.onCompleted(GrpcLogAppender.java:551)
	at org.apache.ratis.thirdparty.io.grpc.stub.ClientCalls$StreamObserverToCallListenerAdapter.onClose(ClientCalls.java:479)
	at org.apache.ratis.thirdparty.io.grpc.internal.ClientCallImpl.closeObserver(ClientCallImpl.java:567)
	at org.apache.ratis.thirdparty.io.grpc.internal.ClientCallImpl.access$300(ClientCallImpl.java:71)
	at org.apache.ratis.thirdparty.io.grpc.internal.ClientCallImpl$ClientStreamListenerImpl$1StreamClosed.runInternal(ClientCallImpl.java:735)
	at org.apache.ratis.thirdparty.io.grpc.internal.ClientCallImpl$ClientStreamListenerImpl$1StreamClosed.runInContext(ClientCallImpl.java:716)
	at org.apache.ratis.thirdparty.io.grpc.internal.ContextRunnable.run(ContextRunnable.java:37)
	at org.apache.ratis.thirdparty.io.grpc.internal.SerializingExecutor.run(SerializingExecutor.java:133)
	at java.base/java.util.concurrent.ThreadPoolExecutor.runWorker(ThreadPoolExecutor.java:1136)
	at java.base/java.util.concurrent.ThreadPoolExecutor$Worker.run(ThreadPoolExecutor.java:635)
	at java.base/java.lang.Thread.run(Thread.java:840)
2024-09-18 12:55:01,028 [ForkJoinPool.commonPool-worker-3] INFO  server.GrpcService (GrpcService.java:closeImpl(320)) - 59105c30-b290-410a-a9ca-d50346fc903f: shutdown server GrpcServerProtocolService successfully
2024-09-18 12:55:01,027 [59105c30-b290-410a-a9ca-d50346fc903f@group-0E6812D09C45-StateMachineUpdater] INFO  ratis.ContainerStateMachine (ContainerStateMachine.java:takeSnapshot(363)) - group-0E6812D09C45: Taking a snapshot at:(t:1, i:0) file /home/runner/work/ozone/ozone/hadoop-ozone/integration-test/target/test-dir/MiniOzoneClusterImpl-1474a09c-6dad-4fc4-86e4-bad221540704/ozone-meta/datanode-1/ratis/1e257028-07be-4c90-ba6b-0e6812d09c45/sm/snapshot.1_0
2024-09-18 12:55:01,027 [59105c30-b290-410a-a9ca-d50346fc903f-impl-thread2] INFO  impl.StateMachineUpdater (StateMachineUpdater.java:stopAndJoin(164)) - 59105c30-b290-410a-a9ca-d50346fc903f@group-0E6812D09C45-StateMachineUpdater: set stopIndex = 0
2024-09-18 12:55:01,027 [grpc-default-executor-3] INFO  server.GrpcLogAppender (GrpcLogAppender.java:onCompleted(550)) - 59105c30-b290-410a-a9ca-d50346fc903f@group-0E6812D09C45->856d6c8f-d120-404b-902c-ec203ff8b049-AppendLogResponseHandler: follower responses appendEntries COMPLETED
2024-09-18 12:55:01,028 [grpc-default-executor-3] WARN  server.GrpcLogAppender (GrpcLogAppender.java:resetClient(230)) - 59105c30-b290-410a-a9ca-d50346fc903f@group-0E6812D09C45->856d6c8f-d120-404b-902c-ec203ff8b049-GrpcLogAppender: Failed to getClient for 856d6c8f-d120-404b-902c-ec203ff8b049
org.apache.ratis.protocol.exceptions.AlreadyClosedException: 59105c30-b290-410a-a9ca-d50346fc903f is already CLOSED
	at org.apache.ratis.util.PeerProxyMap$PeerAndProxy.getProxy(PeerProxyMap.java:67)
	at org.apache.ratis.util.PeerProxyMap.getProxy(PeerProxyMap.java:124)
	at org.apache.ratis.grpc.server.GrpcLogAppender.getClient(GrpcLogAppender.java:200)
	at org.apache.ratis.grpc.server.GrpcLogAppender.resetClient(GrpcLogAppender.java:205)
	at org.apache.ratis.grpc.server.GrpcLogAppender.access$800(GrpcLogAppender.java:64)
	at org.apache.ratis.grpc.server.GrpcLogAppender$AppendLogResponseHandler.onCompleted(GrpcLogAppender.java:551)
	at org.apache.ratis.thirdparty.io.grpc.stub.ClientCalls$StreamObserverToCallListenerAdapter.onClose(ClientCalls.java:479)
	at org.apache.ratis.thirdparty.io.grpc.internal.DelayedClientCall$DelayedListener$3.run(DelayedClientCall.java:489)
	at org.apache.ratis.thirdparty.io.grpc.internal.DelayedClientCall$DelayedListener.delayOrExecute(DelayedClientCall.java:453)
	at org.apache.ratis.thirdparty.io.grpc.internal.DelayedClientCall$DelayedListener.onClose(DelayedClientCall.java:486)
	at org.apache.ratis.thirdparty.io.grpc.internal.ClientCallImpl.closeObserver(ClientCallImpl.java:567)
	at org.apache.ratis.thirdparty.io.grpc.internal.ClientCallImpl.access$300(ClientCallImpl.java:71)
	at org.apache.ratis.thirdparty.io.grpc.internal.ClientCallImpl$ClientStreamListenerImpl$1StreamClosed.runInternal(ClientCallImpl.java:735)
	at org.apache.ratis.thirdparty.io.grpc.internal.ClientCallImpl$ClientStreamListenerImpl$1StreamClosed.runInContext(ClientCallImpl.java:716)
	at org.apache.ratis.thirdparty.io.grpc.internal.ContextRunnable.run(ContextRunnable.java:37)
	at org.apache.ratis.thirdparty.io.grpc.internal.SerializingExecutor.run(SerializingExecutor.java:133)
	at java.base/java.util.concurrent.ThreadPoolExecutor.runWorker(ThreadPoolExecutor.java:1136)
	at java.base/java.util.concurrent.ThreadPoolExecutor$Worker.run(ThreadPoolExecutor.java:635)
	at java.base/java.lang.Thread.run(Thread.java:840)
2024-09-18 12:55:01,027 [grpc-default-executor-4] INFO  server.GrpcLogAppender (GrpcLogAppender.java:onCompleted(550)) - 59105c30-b290-410a-a9ca-d50346fc903f@group-0E6812D09C45->856d6c8f-d120-404b-902c-ec203ff8b049-AppendLogResponseHandler: follower responses appendEntries COMPLETED
2024-09-18 12:55:01,029 [grpc-default-executor-4] WARN  server.GrpcLogAppender (GrpcLogAppender.java:resetClient(230)) - 59105c30-b290-410a-a9ca-d50346fc903f@group-0E6812D09C45->856d6c8f-d120-404b-902c-ec203ff8b049-GrpcLogAppender: Failed to getClient for 856d6c8f-d120-404b-902c-ec203ff8b049
org.apache.ratis.protocol.exceptions.AlreadyClosedException: 59105c30-b290-410a-a9ca-d50346fc903f is already CLOSED
	at org.apache.ratis.util.PeerProxyMap$PeerAndProxy.getProxy(PeerProxyMap.java:67)
	at org.apache.ratis.util.PeerProxyMap.getProxy(PeerProxyMap.java:124)
	at org.apache.ratis.grpc.server.GrpcLogAppender.getClient(GrpcLogAppender.java:200)
	at org.apache.ratis.grpc.server.GrpcLogAppender.resetClient(GrpcLogAppender.java:205)
	at org.apache.ratis.grpc.server.GrpcLogAppender.access$800(GrpcLogAppender.java:64)
	at org.apache.ratis.grpc.server.GrpcLogAppender$AppendLogResponseHandler.onCompleted(GrpcLogAppender.java:551)
	at org.apache.ratis.thirdparty.io.grpc.stub.ClientCalls$StreamObserverToCallListenerAdapter.onClose(ClientCalls.java:479)
	at org.apache.ratis.thirdparty.io.grpc.internal.ClientCallImpl.closeObserver(ClientCallImpl.java:567)
	at org.apache.ratis.thirdparty.io.grpc.internal.ClientCallImpl.access$300(ClientCallImpl.java:71)
	at org.apache.ratis.thirdparty.io.grpc.internal.ClientCallImpl$ClientStreamListenerImpl$1StreamClosed.runInternal(ClientCallImpl.java:735)
	at org.apache.ratis.thirdparty.io.grpc.internal.ClientCallImpl$ClientStreamListenerImpl$1StreamClosed.runInContext(ClientCallImpl.java:716)
	at org.apache.ratis.thirdparty.io.grpc.internal.ContextRunnable.run(ContextRunnable.java:37)
	at org.apache.ratis.thirdparty.io.grpc.internal.SerializingExecutor.run(SerializingExecutor.java:133)
	at java.base/java.util.concurrent.ThreadPoolExecutor.runWorker(ThreadPoolExecutor.java:1136)
	at java.base/java.util.concurrent.ThreadPoolExecutor$Worker.run(ThreadPoolExecutor.java:635)
	at java.base/java.lang.Thread.run(Thread.java:840)
2024-09-18 12:55:01,027 [59105c30-b290-410a-a9ca-d50346fc903f@group-B837D28FF93F-StateMachineUpdater] INFO  ratis.ContainerStateMachine (ContainerStateMachine.java:takeSnapshot(363)) - group-B837D28FF93F: Taking a snapshot at:(t:1, i:0) file /home/runner/work/ozone/ozone/hadoop-ozone/integration-test/target/test-dir/MiniOzoneClusterImpl-1474a09c-6dad-4fc4-86e4-bad221540704/ozone-meta/datanode-1/ratis/81c8a60d-51b1-4d53-a7e0-b837d28ff93f/sm/snapshot.1_0
2024-09-18 12:55:01,027 [59105c30-b290-410a-a9ca-d50346fc903f-impl-thread1] INFO  impl.StateMachineUpdater (StateMachineUpdater.java:stopAndJoin(164)) - 59105c30-b290-410a-a9ca-d50346fc903f@group-B837D28FF93F-StateMachineUpdater: set stopIndex = 0
2024-09-18 12:55:01,039 [59105c30-b290-410a-a9ca-d50346fc903f@group-B837D28FF93F-StateMachineUpdater] INFO  ratis.ContainerStateMachine (ContainerStateMachine.java:takeSnapshot(374)) - group-B837D28FF93F: Finished taking a snapshot at:(t:1, i:0) file:/home/runner/work/ozone/ozone/hadoop-ozone/integration-test/target/test-dir/MiniOzoneClusterImpl-1474a09c-6dad-4fc4-86e4-bad221540704/ozone-meta/datanode-1/ratis/81c8a60d-51b1-4d53-a7e0-b837d28ff93f/sm/snapshot.1_0 took: 13 ms
2024-09-18 12:55:01,039 [59105c30-b290-410a-a9ca-d50346fc903f@group-239644619C41-StateMachineUpdater] INFO  ratis.ContainerStateMachine (ContainerStateMachine.java:takeSnapshot(374)) - group-239644619C41: Finished taking a snapshot at:(t:1, i:0) file:/home/runner/work/ozone/ozone/hadoop-ozone/integration-test/target/test-dir/MiniOzoneClusterImpl-1474a09c-6dad-4fc4-86e4-bad221540704/ozone-meta/datanode-1/ratis/aaa9e430-62c5-4e78-96d4-239644619c41/sm/snapshot.1_0 took: 26 ms
2024-09-18 12:55:01,039 [59105c30-b290-410a-a9ca-d50346fc903f@group-0E6812D09C45-StateMachineUpdater] INFO  ratis.ContainerStateMachine (ContainerStateMachine.java:takeSnapshot(374)) - group-0E6812D09C45: Finished taking a snapshot at:(t:1, i:0) file:/home/runner/work/ozone/ozone/hadoop-ozone/integration-test/target/test-dir/MiniOzoneClusterImpl-1474a09c-6dad-4fc4-86e4-bad221540704/ozone-meta/datanode-1/ratis/1e257028-07be-4c90-ba6b-0e6812d09c45/sm/snapshot.1_0 took: 12 ms
2024-09-18 12:55:01,040 [59105c30-b290-410a-a9ca-d50346fc903f@group-0E6812D09C45-StateMachineUpdater] INFO  impl.StateMachineUpdater (StateMachineUpdater.java:takeSnapshot(303)) - 59105c30-b290-410a-a9ca-d50346fc903f@group-0E6812D09C45-StateMachineUpdater: Took a snapshot at index 0
2024-09-18 12:55:01,040 [59105c30-b290-410a-a9ca-d50346fc903f@group-0E6812D09C45-StateMachineUpdater] INFO  impl.StateMachineUpdater (StateMachineUpdater.java:lambda$new$0(102)) - 59105c30-b290-410a-a9ca-d50346fc903f@group-0E6812D09C45-StateMachineUpdater: snapshotIndex: updateIncreasingly -1 -> 0
2024-09-18 12:55:01,040 [59105c30-b290-410a-a9ca-d50346fc903f@group-0E6812D09C45-StateMachineUpdater] INFO  impl.StateMachineUpdater (StateMachineUpdater.java:stop(141)) - 59105c30-b290-410a-a9ca-d50346fc903f@group-0E6812D09C45-StateMachineUpdater: closing ContainerStateMachine, lastApplied=(t:1, i:0)
2024-09-18 12:55:01,040 [59105c30-b290-410a-a9ca-d50346fc903f@group-B837D28FF93F-StateMachineUpdater] INFO  impl.StateMachineUpdater (StateMachineUpdater.java:takeSnapshot(303)) - 59105c30-b290-410a-a9ca-d50346fc903f@group-B837D28FF93F-StateMachineUpdater: Took a snapshot at index 0
2024-09-18 12:55:01,041 [59105c30-b290-410a-a9ca-d50346fc903f@group-B837D28FF93F-StateMachineUpdater] INFO  impl.StateMachineUpdater (StateMachineUpdater.java:lambda$new$0(102)) - 59105c30-b290-410a-a9ca-d50346fc903f@group-B837D28FF93F-StateMachineUpdater: snapshotIndex: updateIncreasingly -1 -> 0
2024-09-18 12:55:01,041 [59105c30-b290-410a-a9ca-d50346fc903f@group-B837D28FF93F-StateMachineUpdater] INFO  impl.StateMachineUpdater (StateMachineUpdater.java:stop(141)) - 59105c30-b290-410a-a9ca-d50346fc903f@group-B837D28FF93F-StateMachineUpdater: closing ContainerStateMachine, lastApplied=(t:1, i:0)
2024-09-18 12:55:01,040 [59105c30-b290-410a-a9ca-d50346fc903f@group-239644619C41-StateMachineUpdater] INFO  impl.StateMachineUpdater (StateMachineUpdater.java:takeSnapshot(303)) - 59105c30-b290-410a-a9ca-d50346fc903f@group-239644619C41-StateMachineUpdater: Took a snapshot at index 0
2024-09-18 12:55:01,041 [59105c30-b290-410a-a9ca-d50346fc903f@group-239644619C41-StateMachineUpdater] INFO  impl.StateMachineUpdater (StateMachineUpdater.java:lambda$new$0(102)) - 59105c30-b290-410a-a9ca-d50346fc903f@group-239644619C41-StateMachineUpdater: snapshotIndex: updateIncreasingly -1 -> 0
2024-09-18 12:55:01,041 [59105c30-b290-410a-a9ca-d50346fc903f@group-239644619C41-StateMachineUpdater] INFO  impl.StateMachineUpdater (StateMachineUpdater.java:stop(141)) - 59105c30-b290-410a-a9ca-d50346fc903f@group-239644619C41-StateMachineUpdater: closing ContainerStateMachine, lastApplied=(t:1, i:0)
2024-09-18 12:55:01,042 [59105c30-b290-410a-a9ca-d50346fc903f@group-B837D28FF93F-cacheEviction-AwaitToRun] INFO  util.AwaitToRun (AwaitToRun.java:run(49)) - 59105c30-b290-410a-a9ca-d50346fc903f@group-B837D28FF93F-cacheEviction-AwaitToRun-AwaitForSignal is interrupted
2024-09-18 12:55:01,042 [59105c30-b290-410a-a9ca-d50346fc903f@group-0E6812D09C45-cacheEviction-AwaitToRun] INFO  util.AwaitToRun (AwaitToRun.java:run(49)) - 59105c30-b290-410a-a9ca-d50346fc903f@group-0E6812D09C45-cacheEviction-AwaitToRun-AwaitForSignal is interrupted
2024-09-18 12:55:01,043 [59105c30-b290-410a-a9ca-d50346fc903f@group-239644619C41-cacheEviction-AwaitToRun] INFO  util.AwaitToRun (AwaitToRun.java:run(49)) - 59105c30-b290-410a-a9ca-d50346fc903f@group-239644619C41-cacheEviction-AwaitToRun-AwaitForSignal is interrupted
2024-09-18 12:55:01,043 [59105c30-b290-410a-a9ca-d50346fc903f-NettyServerStreamRpc-bossGroup--thread1] INFO  logging.LoggingHandler (AbstractInternalLogger.java:log(148)) - [id: 0x61217cbb, L:/0.0.0.0:15023] CLOSE
2024-09-18 12:55:01,044 [59105c30-b290-410a-a9ca-d50346fc903f-NettyServerStreamRpc-bossGroup--thread1] INFO  logging.LoggingHandler (AbstractInternalLogger.java:log(148)) - [id: 0x61217cbb, L:/0.0.0.0:15023] INACTIVE
2024-09-18 12:55:01,044 [59105c30-b290-410a-a9ca-d50346fc903f-NettyServerStreamRpc-bossGroup--thread1] INFO  logging.LoggingHandler (AbstractInternalLogger.java:log(148)) - [id: 0x61217cbb, L:/0.0.0.0:15023] UNREGISTERED
2024-09-18 12:55:01,140 [59105c30-b290-410a-a9ca-d50346fc903f-impl-thread2] INFO  segmented.SegmentedRaftLogWorker (SegmentedRaftLogWorker.java:close(248)) - 59105c30-b290-410a-a9ca-d50346fc903f@group-0E6812D09C45-SegmentedRaftLogWorker close()
2024-09-18 12:55:01,140 [59105c30-b290-410a-a9ca-d50346fc903f-impl-thread2] INFO  ratis.ContainerStateMachine (ContainerStateMachine.java:notifyServerShutdown(957)) - group-0E6812D09C45 is closed by HddsDatanodeService
2024-09-18 12:55:01,194 [main] INFO  ozoneimpl.OzoneContainer (OzoneContainer.java:stop(497)) - Attempting to stop container services.
2024-09-18 12:55:01,194 [ContainerMetadataScanner] WARN  ozoneimpl.AbstractBackgroundContainerScanner (AbstractBackgroundContainerScanner.java:handleRemainingSleep(134)) - Background container scan was interrupted.
2024-09-18 12:55:01,194 [ContainerMetadataScanner] INFO  ozoneimpl.AbstractBackgroundContainerScanner (AbstractBackgroundContainerScanner.java:run(61)) - Thread[ContainerMetadataScanner,5,main] exiting.
2024-09-18 12:55:01,194 [main] INFO  ozoneimpl.BackgroundContainerDataScanner (BackgroundContainerDataScanner.java:shutdown(141)) - ContainerDataScanner(/home/runner/work/ozone/ozone/hadoop-ozone/integration-test/target/test-dir/MiniOzoneClusterImpl-1474a09c-6dad-4fc4-86e4-bad221540704/ozone-meta/datanode-2/data-0/hdds) is shutting down. 
2024-09-18 12:55:01,194 [27821b7d-0624-41cc-9490-31ed12e2696a-EndpointStateMachineTaskThread-/127.0.0.1:15004-0 ] INFO  ipc.Client (Client.java:handleConnectionFailure(950)) - Retrying connect to server: localhost/127.0.0.1:15004. Already tried 0 time(s); retry policy is RetryUpToMaximumCountWithFixedSleep(maxRetries=15, sleepTime=1000 MILLISECONDS)
2024-09-18 12:55:01,195 [ContainerDataScanner(/home/runner/work/ozone/ozone/hadoop-ozone/integration-test/target/test-dir/MiniOzoneClusterImpl-1474a09c-6dad-4fc4-86e4-bad221540704/ozone-meta/datanode-2/data-0/hdds)] WARN  ozoneimpl.AbstractBackgroundContainerScanner (AbstractBackgroundContainerScanner.java:handleRemainingSleep(134)) - Background container scan was interrupted.
2024-09-18 12:55:01,195 [ContainerDataScanner(/home/runner/work/ozone/ozone/hadoop-ozone/integration-test/target/test-dir/MiniOzoneClusterImpl-1474a09c-6dad-4fc4-86e4-bad221540704/ozone-meta/datanode-2/data-0/hdds)] INFO  ozoneimpl.AbstractBackgroundContainerScanner (AbstractBackgroundContainerScanner.java:run(61)) - ContainerDataScanner(/home/runner/work/ozone/ozone/hadoop-ozone/integration-test/target/test-dir/MiniOzoneClusterImpl-1474a09c-6dad-4fc4-86e4-bad221540704/ozone-meta/datanode-2/data-0/hdds, DS-1126f3c4-3802-4ac5-a45d-958967adde90) exiting.
2024-09-18 12:55:01,195 [main] INFO  ratis.XceiverServerRatis (XceiverServerRatis.java:stop(596)) - Stopping XceiverServerRatis 27821b7d-0624-41cc-9490-31ed12e2696a
2024-09-18 12:55:01,195 [main] INFO  server.RaftServer (RaftServerProxy.java:lambda$close$9(418)) - 27821b7d-0624-41cc-9490-31ed12e2696a: close
2024-09-18 12:55:01,195 [27821b7d-0624-41cc-9490-31ed12e2696a-impl-thread1] INFO  server.RaftServer$Division (RaftServerImpl.java:lambda$close$1(501)) - 27821b7d-0624-41cc-9490-31ed12e2696a@group-E89A64721F5C: shutdown
2024-09-18 12:55:01,196 [27821b7d-0624-41cc-9490-31ed12e2696a-impl-thread1] INFO  util.JmxRegister (JmxRegister.java:unregister(74)) - Successfully un-registered JMX Bean with object name Ratis:service=RaftServer,group=group-E89A64721F5C,id=27821b7d-0624-41cc-9490-31ed12e2696a
2024-09-18 12:55:01,196 [27821b7d-0624-41cc-9490-31ed12e2696a-impl-thread1] INFO  impl.RoleInfo (RoleInfo.java:shutdownLeaderState(103)) - 27821b7d-0624-41cc-9490-31ed12e2696a: shutdown 27821b7d-0624-41cc-9490-31ed12e2696a@group-E89A64721F5C-LeaderStateImpl
2024-09-18 12:55:01,196 [27821b7d-0624-41cc-9490-31ed12e2696a-impl-thread1] INFO  impl.PendingRequests (PendingRequests.java:sendNotLeaderResponses(287)) - 27821b7d-0624-41cc-9490-31ed12e2696a@group-E89A64721F5C-PendingRequests: sendNotLeaderResponses
2024-09-18 12:55:01,197 [27821b7d-0624-41cc-9490-31ed12e2696a-impl-thread1] INFO  impl.StateMachineUpdater (StateMachineUpdater.java:stopAndJoin(164)) - 27821b7d-0624-41cc-9490-31ed12e2696a@group-E89A64721F5C-StateMachineUpdater: set stopIndex = 3
2024-09-18 12:55:01,197 [27821b7d-0624-41cc-9490-31ed12e2696a@group-E89A64721F5C-StateMachineUpdater] INFO  ratis.ContainerStateMachine (ContainerStateMachine.java:takeSnapshot(363)) - group-E89A64721F5C: Taking a snapshot at:(t:1, i:3) file /home/runner/work/ozone/ozone/hadoop-ozone/integration-test/target/test-dir/MiniOzoneClusterImpl-1474a09c-6dad-4fc4-86e4-bad221540704/ozone-meta/datanode-2/ratis/00d952ee-b708-4174-9c3f-e89a64721f5c/sm/snapshot.1_3
2024-09-18 12:55:01,197 [main] INFO  server.GrpcService (GrpcService.java:closeImpl(311)) - 27821b7d-0624-41cc-9490-31ed12e2696a: shutdown server GrpcServerProtocolService now
2024-09-18 12:55:01,197 [27821b7d-0624-41cc-9490-31ed12e2696a-impl-thread3] INFO  server.RaftServer$Division (RaftServerImpl.java:lambda$close$1(501)) - 27821b7d-0624-41cc-9490-31ed12e2696a@group-239644619C41: shutdown
2024-09-18 12:55:01,197 [27821b7d-0624-41cc-9490-31ed12e2696a-impl-thread3] INFO  util.JmxRegister (JmxRegister.java:unregister(74)) - Successfully un-registered JMX Bean with object name Ratis:service=RaftServer,group=group-239644619C41,id=27821b7d-0624-41cc-9490-31ed12e2696a
2024-09-18 12:55:01,197 [27821b7d-0624-41cc-9490-31ed12e2696a-impl-thread3] INFO  impl.RoleInfo (RoleInfo.java:shutdownLeaderState(103)) - 27821b7d-0624-41cc-9490-31ed12e2696a: shutdown 27821b7d-0624-41cc-9490-31ed12e2696a@group-239644619C41-LeaderStateImpl
2024-09-18 12:55:01,197 [27821b7d-0624-41cc-9490-31ed12e2696a-impl-thread3] INFO  impl.PendingRequests (PendingRequests.java:sendNotLeaderResponses(287)) - 27821b7d-0624-41cc-9490-31ed12e2696a@group-239644619C41-PendingRequests: sendNotLeaderResponses
2024-09-18 12:55:01,197 [27821b7d-0624-41cc-9490-31ed12e2696a-impl-thread2] INFO  server.RaftServer$Division (RaftServerImpl.java:lambda$close$1(501)) - 27821b7d-0624-41cc-9490-31ed12e2696a@group-0E6812D09C45: shutdown
2024-09-18 12:55:01,197 [27821b7d-0624-41cc-9490-31ed12e2696a-impl-thread2] INFO  util.JmxRegister (JmxRegister.java:unregister(74)) - Successfully un-registered JMX Bean with object name Ratis:service=RaftServer,group=group-0E6812D09C45,id=27821b7d-0624-41cc-9490-31ed12e2696a
2024-09-18 12:55:01,197 [27821b7d-0624-41cc-9490-31ed12e2696a-impl-thread2] INFO  impl.RoleInfo (RoleInfo.java:shutdownFollowerState(119)) - 27821b7d-0624-41cc-9490-31ed12e2696a: shutdown 27821b7d-0624-41cc-9490-31ed12e2696a@group-0E6812D09C45-FollowerState
2024-09-18 12:55:01,198 [27821b7d-0624-41cc-9490-31ed12e2696a-impl-thread2] INFO  impl.StateMachineUpdater (StateMachineUpdater.java:stopAndJoin(164)) - 27821b7d-0624-41cc-9490-31ed12e2696a@group-0E6812D09C45-StateMachineUpdater: set stopIndex = 0
2024-09-18 12:55:01,198 [Thread-885] INFO  server.GrpcServerProtocolClient (GrpcServerProtocolClient.java:close(103)) - 856d6c8f-d120-404b-902c-ec203ff8b049 Close channels
2024-09-18 12:55:01,198 [27821b7d-0624-41cc-9490-31ed12e2696a@group-0E6812D09C45-FollowerState] INFO  impl.FollowerState (FollowerState.java:run(153)) - 27821b7d-0624-41cc-9490-31ed12e2696a@group-0E6812D09C45-FollowerState was interrupted
2024-09-18 12:55:01,198 [27821b7d-0624-41cc-9490-31ed12e2696a@group-239644619C41->59105c30-b290-410a-a9ca-d50346fc903f-GrpcLogAppender-LogAppenderDaemon] WARN  server.GrpcLogAppender (GrpcLogAppender.java:mayWait(293)) - 27821b7d-0624-41cc-9490-31ed12e2696a@group-239644619C41->59105c30-b290-410a-a9ca-d50346fc903f-GrpcLogAppender: Wait interrupted by java.lang.InterruptedException
2024-09-18 12:55:01,198 [27821b7d-0624-41cc-9490-31ed12e2696a@group-239644619C41->856d6c8f-d120-404b-902c-ec203ff8b049-GrpcLogAppender-LogAppenderDaemon] WARN  server.GrpcLogAppender (GrpcLogAppender.java:mayWait(293)) - 27821b7d-0624-41cc-9490-31ed12e2696a@group-239644619C41->856d6c8f-d120-404b-902c-ec203ff8b049-GrpcLogAppender: Wait interrupted by java.lang.InterruptedException
2024-09-18 12:55:01,198 [27821b7d-0624-41cc-9490-31ed12e2696a@group-239644619C41-StateMachineUpdater] INFO  ratis.ContainerStateMachine (ContainerStateMachine.java:takeSnapshot(363)) - group-239644619C41: Taking a snapshot at:(t:1, i:0) file /home/runner/work/ozone/ozone/hadoop-ozone/integration-test/target/test-dir/MiniOzoneClusterImpl-1474a09c-6dad-4fc4-86e4-bad221540704/ozone-meta/datanode-2/ratis/aaa9e430-62c5-4e78-96d4-239644619c41/sm/snapshot.1_0
2024-09-18 12:55:01,198 [27821b7d-0624-41cc-9490-31ed12e2696a-impl-thread3] INFO  impl.StateMachineUpdater (StateMachineUpdater.java:stopAndJoin(164)) - 27821b7d-0624-41cc-9490-31ed12e2696a@group-239644619C41-StateMachineUpdater: set stopIndex = 0
2024-09-18 12:55:01,198 [grpc-default-executor-4] INFO  server.GrpcServerProtocolService (GrpcServerProtocolService.java:onCompleted(157)) - 856d6c8f-d120-404b-902c-ec203ff8b049: Completed APPEND_ENTRIES, lastRequest: null
2024-09-18 12:55:01,199 [Thread-886] INFO  server.GrpcServerProtocolClient (GrpcServerProtocolClient.java:close(103)) - 59105c30-b290-410a-a9ca-d50346fc903f Close channels
2024-09-18 12:55:01,199 [grpc-default-executor-3] INFO  server.GrpcServerProtocolService (GrpcServerProtocolService.java:onCompleted(157)) - 856d6c8f-d120-404b-902c-ec203ff8b049: Completed APPEND_ENTRIES, lastRequest: 27821b7d-0624-41cc-9490-31ed12e2696a->856d6c8f-d120-404b-902c-ec203ff8b049#1-t1,previous=(t:0, i:0),leaderCommit=-1,initializing? false,entries: size=1, first=(t:1, i:0), CONFIGURATIONENTRY(current:id:"856d6c8f-d120-404b-902c-ec203ff8b049"address:"127.0.0.1:15038"dataStreamAddress:"127.0.0.1:15041"clientAddress:"127.0.0.1:15038"adminAddress:"127.0.0.1:15038"startupRole:FOLLOWER, id:"59105c30-b290-410a-a9ca-d50346fc903f"address:"127.0.0.1:15020"dataStreamAddress:"127.0.0.1:15023"clientAddress:"127.0.0.1:15020"adminAddress:"127.0.0.1:15020"startupRole:FOLLOWER, id:"27821b7d-0624-41cc-9490-31ed12e2696a"address:"127.0.0.1:15029"priority:1dataStreamAddress:"127.0.0.1:15032"clientAddress:"127.0.0.1:15029"adminAddress:"127.0.0.1:15029"startupRole:FOLLOWER, old:)
2024-09-18 12:55:01,199 [grpc-default-executor-3] INFO  server.GrpcServerProtocolService (GrpcServerProtocolService.java:lambda$onCompleted$5(159)) - 856d6c8f-d120-404b-902c-ec203ff8b049: Completed APPEND_ENTRIES, lastReply: null
2024-09-18 12:55:01,199 [grpc-default-executor-4] INFO  server.GrpcServerProtocolService (GrpcServerProtocolService.java:lambda$onCompleted$5(159)) - 856d6c8f-d120-404b-902c-ec203ff8b049: Completed APPEND_ENTRIES, lastReply: serverReply {
  requestorId: "27821b7d-0624-41cc-9490-31ed12e2696a"
  replyId: "856d6c8f-d120-404b-902c-ec203ff8b049"
  raftGroupId {
    id: "\252\251\3440b\305Nx\226\324#\226Da\234A"
  }
  callId: 8
  success: true
}
term: 1
nextIndex: 1
matchIndex: 18446744073709551615
isHearbeat: true

2024-09-18 12:55:01,199 [grpc-default-executor-3] INFO  server.GrpcLogAppender (GrpcLogAppender.java:onCompleted(550)) - 27821b7d-0624-41cc-9490-31ed12e2696a@group-239644619C41->856d6c8f-d120-404b-902c-ec203ff8b049-AppendLogResponseHandler: follower responses appendEntries COMPLETED
2024-09-18 12:55:01,199 [grpc-default-executor-3] WARN  server.GrpcLogAppender (GrpcLogAppender.java:resetClient(230)) - 27821b7d-0624-41cc-9490-31ed12e2696a@group-239644619C41->856d6c8f-d120-404b-902c-ec203ff8b049-GrpcLogAppender: Failed to getClient for 856d6c8f-d120-404b-902c-ec203ff8b049
org.apache.ratis.protocol.exceptions.AlreadyClosedException: 27821b7d-0624-41cc-9490-31ed12e2696a is already CLOSED
	at org.apache.ratis.util.PeerProxyMap$PeerAndProxy.getProxy(PeerProxyMap.java:67)
	at org.apache.ratis.util.PeerProxyMap.getProxy(PeerProxyMap.java:124)
	at org.apache.ratis.grpc.server.GrpcLogAppender.getClient(GrpcLogAppender.java:200)
	at org.apache.ratis.grpc.server.GrpcLogAppender.resetClient(GrpcLogAppender.java:205)
	at org.apache.ratis.grpc.server.GrpcLogAppender.access$800(GrpcLogAppender.java:64)
	at org.apache.ratis.grpc.server.GrpcLogAppender$AppendLogResponseHandler.onCompleted(GrpcLogAppender.java:551)
	at org.apache.ratis.thirdparty.io.grpc.stub.ClientCalls$StreamObserverToCallListenerAdapter.onClose(ClientCalls.java:479)
	at org.apache.ratis.thirdparty.io.grpc.internal.ClientCallImpl.closeObserver(ClientCallImpl.java:567)
	at org.apache.ratis.thirdparty.io.grpc.internal.ClientCallImpl.access$300(ClientCallImpl.java:71)
	at org.apache.ratis.thirdparty.io.grpc.internal.ClientCallImpl$ClientStreamListenerImpl$1StreamClosed.runInternal(ClientCallImpl.java:735)
	at org.apache.ratis.thirdparty.io.grpc.internal.ClientCallImpl$ClientStreamListenerImpl$1StreamClosed.runInContext(ClientCallImpl.java:716)
	at org.apache.ratis.thirdparty.io.grpc.internal.ContextRunnable.run(ContextRunnable.java:37)
	at org.apache.ratis.thirdparty.io.grpc.internal.SerializingExecutor.run(SerializingExecutor.java:133)
	at java.base/java.util.concurrent.ThreadPoolExecutor.runWorker(ThreadPoolExecutor.java:1136)
	at java.base/java.util.concurrent.ThreadPoolExecutor$Worker.run(ThreadPoolExecutor.java:635)
	at java.base/java.lang.Thread.run(Thread.java:840)
2024-09-18 12:55:01,199 [27821b7d-0624-41cc-9490-31ed12e2696a@group-0E6812D09C45-StateMachineUpdater] INFO  ratis.ContainerStateMachine (ContainerStateMachine.java:takeSnapshot(363)) - group-0E6812D09C45: Taking a snapshot at:(t:1, i:0) file /home/runner/work/ozone/ozone/hadoop-ozone/integration-test/target/test-dir/MiniOzoneClusterImpl-1474a09c-6dad-4fc4-86e4-bad221540704/ozone-meta/datanode-2/ratis/1e257028-07be-4c90-ba6b-0e6812d09c45/sm/snapshot.1_0
2024-09-18 12:55:01,199 [27821b7d-0624-41cc-9490-31ed12e2696a@group-239644619C41-StateMachineUpdater] INFO  ratis.ContainerStateMachine (ContainerStateMachine.java:takeSnapshot(374)) - group-239644619C41: Finished taking a snapshot at:(t:1, i:0) file:/home/runner/work/ozone/ozone/hadoop-ozone/integration-test/target/test-dir/MiniOzoneClusterImpl-1474a09c-6dad-4fc4-86e4-bad221540704/ozone-meta/datanode-2/ratis/aaa9e430-62c5-4e78-96d4-239644619c41/sm/snapshot.1_0 took: 1 ms
2024-09-18 12:55:01,200 [grpc-default-executor-3] INFO  server.GrpcLogAppender (GrpcLogAppender.java:onCompleted(550)) - 27821b7d-0624-41cc-9490-31ed12e2696a@group-239644619C41->856d6c8f-d120-404b-902c-ec203ff8b049-AppendLogResponseHandler: follower responses appendEntries COMPLETED
2024-09-18 12:55:01,200 [grpc-default-executor-3] WARN  server.GrpcLogAppender (GrpcLogAppender.java:resetClient(230)) - 27821b7d-0624-41cc-9490-31ed12e2696a@group-239644619C41->856d6c8f-d120-404b-902c-ec203ff8b049-GrpcLogAppender: Failed to getClient for 856d6c8f-d120-404b-902c-ec203ff8b049
org.apache.ratis.protocol.exceptions.AlreadyClosedException: 27821b7d-0624-41cc-9490-31ed12e2696a is already CLOSED
	at org.apache.ratis.util.PeerProxyMap$PeerAndProxy.getProxy(PeerProxyMap.java:67)
	at org.apache.ratis.util.PeerProxyMap.getProxy(PeerProxyMap.java:124)
	at org.apache.ratis.grpc.server.GrpcLogAppender.getClient(GrpcLogAppender.java:200)
	at org.apache.ratis.grpc.server.GrpcLogAppender.resetClient(GrpcLogAppender.java:205)
	at org.apache.ratis.grpc.server.GrpcLogAppender.access$800(GrpcLogAppender.java:64)
	at org.apache.ratis.grpc.server.GrpcLogAppender$AppendLogResponseHandler.onCompleted(GrpcLogAppender.java:551)
	at org.apache.ratis.thirdparty.io.grpc.stub.ClientCalls$StreamObserverToCallListenerAdapter.onClose(ClientCalls.java:479)
	at org.apache.ratis.thirdparty.io.grpc.internal.DelayedClientCall$DelayedListener$3.run(DelayedClientCall.java:489)
	at org.apache.ratis.thirdparty.io.grpc.internal.DelayedClientCall$DelayedListener.delayOrExecute(DelayedClientCall.java:453)
	at org.apache.ratis.thirdparty.io.grpc.internal.DelayedClientCall$DelayedListener.onClose(DelayedClientCall.java:486)
	at org.apache.ratis.thirdparty.io.grpc.internal.ClientCallImpl.closeObserver(ClientCallImpl.java:567)
	at org.apache.ratis.thirdparty.io.grpc.internal.ClientCallImpl.access$300(ClientCallImpl.java:71)
	at org.apache.ratis.thirdparty.io.grpc.internal.ClientCallImpl$ClientStreamListenerImpl$1StreamClosed.runInternal(ClientCallImpl.java:735)
	at org.apache.ratis.thirdparty.io.grpc.internal.ClientCallImpl$ClientStreamListenerImpl$1StreamClosed.runInContext(ClientCallImpl.java:716)
	at org.apache.ratis.thirdparty.io.grpc.internal.ContextRunnable.run(ContextRunnable.java:37)
	at org.apache.ratis.thirdparty.io.grpc.internal.SerializingExecutor.run(SerializingExecutor.java:133)
	at java.base/java.util.concurrent.ThreadPoolExecutor.runWorker(ThreadPoolExecutor.java:1136)
	at java.base/java.util.concurrent.ThreadPoolExecutor$Worker.run(ThreadPoolExecutor.java:635)
	at java.base/java.lang.Thread.run(Thread.java:840)
2024-09-18 12:55:01,200 [27821b7d-0624-41cc-9490-31ed12e2696a@group-239644619C41-StateMachineUpdater] INFO  impl.StateMachineUpdater (StateMachineUpdater.java:takeSnapshot(303)) - 27821b7d-0624-41cc-9490-31ed12e2696a@group-239644619C41-StateMachineUpdater: Took a snapshot at index 0
2024-09-18 12:55:01,200 [27821b7d-0624-41cc-9490-31ed12e2696a@group-239644619C41-StateMachineUpdater] INFO  impl.StateMachineUpdater (StateMachineUpdater.java:lambda$new$0(102)) - 27821b7d-0624-41cc-9490-31ed12e2696a@group-239644619C41-StateMachineUpdater: snapshotIndex: updateIncreasingly -1 -> 0
2024-09-18 12:55:01,200 [27821b7d-0624-41cc-9490-31ed12e2696a@group-239644619C41-StateMachineUpdater] INFO  impl.StateMachineUpdater (StateMachineUpdater.java:stop(141)) - 27821b7d-0624-41cc-9490-31ed12e2696a@group-239644619C41-StateMachineUpdater: closing ContainerStateMachine, lastApplied=(t:1, i:0)
2024-09-18 12:55:01,200 [27821b7d-0624-41cc-9490-31ed12e2696a@group-0E6812D09C45-StateMachineUpdater] INFO  ratis.ContainerStateMachine (ContainerStateMachine.java:takeSnapshot(374)) - group-0E6812D09C45: Finished taking a snapshot at:(t:1, i:0) file:/home/runner/work/ozone/ozone/hadoop-ozone/integration-test/target/test-dir/MiniOzoneClusterImpl-1474a09c-6dad-4fc4-86e4-bad221540704/ozone-meta/datanode-2/ratis/1e257028-07be-4c90-ba6b-0e6812d09c45/sm/snapshot.1_0 took: 1 ms
2024-09-18 12:55:01,200 [27821b7d-0624-41cc-9490-31ed12e2696a@group-0E6812D09C45-StateMachineUpdater] INFO  impl.StateMachineUpdater (StateMachineUpdater.java:takeSnapshot(303)) - 27821b7d-0624-41cc-9490-31ed12e2696a@group-0E6812D09C45-StateMachineUpdater: Took a snapshot at index 0
2024-09-18 12:55:01,200 [27821b7d-0624-41cc-9490-31ed12e2696a@group-0E6812D09C45-StateMachineUpdater] INFO  impl.StateMachineUpdater (StateMachineUpdater.java:lambda$new$0(102)) - 27821b7d-0624-41cc-9490-31ed12e2696a@group-0E6812D09C45-StateMachineUpdater: snapshotIndex: updateIncreasingly -1 -> 0
2024-09-18 12:55:01,200 [27821b7d-0624-41cc-9490-31ed12e2696a@group-0E6812D09C45-StateMachineUpdater] INFO  impl.StateMachineUpdater (StateMachineUpdater.java:stop(141)) - 27821b7d-0624-41cc-9490-31ed12e2696a@group-0E6812D09C45-StateMachineUpdater: closing ContainerStateMachine, lastApplied=(t:1, i:0)
2024-09-18 12:55:01,202 [27821b7d-0624-41cc-9490-31ed12e2696a@group-239644619C41-cacheEviction-AwaitToRun] INFO  util.AwaitToRun (AwaitToRun.java:run(49)) - 27821b7d-0624-41cc-9490-31ed12e2696a@group-239644619C41-cacheEviction-AwaitToRun-AwaitForSignal is interrupted
2024-09-18 12:55:01,202 [27821b7d-0624-41cc-9490-31ed12e2696a@group-0E6812D09C45-cacheEviction-AwaitToRun] INFO  util.AwaitToRun (AwaitToRun.java:run(49)) - 27821b7d-0624-41cc-9490-31ed12e2696a@group-0E6812D09C45-cacheEviction-AwaitToRun-AwaitForSignal is interrupted
2024-09-18 12:55:01,202 [main] INFO  server.GrpcService (GrpcService.java:closeImpl(320)) - 27821b7d-0624-41cc-9490-31ed12e2696a: shutdown server GrpcServerProtocolService successfully
2024-09-18 12:55:01,203 [27821b7d-0624-41cc-9490-31ed12e2696a@group-E89A64721F5C-StateMachineUpdater] INFO  ratis.ContainerStateMachine (ContainerStateMachine.java:takeSnapshot(374)) - group-E89A64721F5C: Finished taking a snapshot at:(t:1, i:3) file:/home/runner/work/ozone/ozone/hadoop-ozone/integration-test/target/test-dir/MiniOzoneClusterImpl-1474a09c-6dad-4fc4-86e4-bad221540704/ozone-meta/datanode-2/ratis/00d952ee-b708-4174-9c3f-e89a64721f5c/sm/snapshot.1_3 took: 7 ms
2024-09-18 12:55:01,203 [27821b7d-0624-41cc-9490-31ed12e2696a@group-E89A64721F5C-StateMachineUpdater] INFO  impl.StateMachineUpdater (StateMachineUpdater.java:takeSnapshot(303)) - 27821b7d-0624-41cc-9490-31ed12e2696a@group-E89A64721F5C-StateMachineUpdater: Took a snapshot at index 3
2024-09-18 12:55:01,203 [27821b7d-0624-41cc-9490-31ed12e2696a@group-E89A64721F5C-StateMachineUpdater] INFO  impl.StateMachineUpdater (StateMachineUpdater.java:lambda$new$0(102)) - 27821b7d-0624-41cc-9490-31ed12e2696a@group-E89A64721F5C-StateMachineUpdater: snapshotIndex: updateIncreasingly -1 -> 3
2024-09-18 12:55:01,203 [27821b7d-0624-41cc-9490-31ed12e2696a@group-E89A64721F5C-StateMachineUpdater] INFO  impl.StateMachineUpdater (StateMachineUpdater.java:stop(141)) - 27821b7d-0624-41cc-9490-31ed12e2696a@group-E89A64721F5C-StateMachineUpdater: closing ContainerStateMachine, lastApplied=(t:1, i:3)
2024-09-18 12:55:01,204 [27821b7d-0624-41cc-9490-31ed12e2696a@group-E89A64721F5C-cacheEviction-AwaitToRun] INFO  util.AwaitToRun (AwaitToRun.java:run(49)) - 27821b7d-0624-41cc-9490-31ed12e2696a@group-E89A64721F5C-cacheEviction-AwaitToRun-AwaitForSignal is interrupted
2024-09-18 12:55:01,207 [27821b7d-0624-41cc-9490-31ed12e2696a-NettyServerStreamRpc-bossGroup--thread1] INFO  logging.LoggingHandler (AbstractInternalLogger.java:log(148)) - [id: 0x34efc0a7, L:/0.0.0.0:15032] CLOSE
2024-09-18 12:55:01,207 [27821b7d-0624-41cc-9490-31ed12e2696a-NettyServerStreamRpc-bossGroup--thread1] INFO  logging.LoggingHandler (AbstractInternalLogger.java:log(148)) - [id: 0x34efc0a7, L:/0.0.0.0:15032] INACTIVE
2024-09-18 12:55:01,207 [27821b7d-0624-41cc-9490-31ed12e2696a-NettyServerStreamRpc-bossGroup--thread1] INFO  logging.LoggingHandler (AbstractInternalLogger.java:log(148)) - [id: 0x34efc0a7, L:/0.0.0.0:15032] UNREGISTERED
2024-09-18 12:55:01,220 [27821b7d-0624-41cc-9490-31ed12e2696a-impl-thread1] INFO  segmented.SegmentedRaftLogWorker (SegmentedRaftLogWorker.java:close(248)) - 27821b7d-0624-41cc-9490-31ed12e2696a@group-E89A64721F5C-SegmentedRaftLogWorker close()
2024-09-18 12:55:01,221 [27821b7d-0624-41cc-9490-31ed12e2696a-impl-thread1] INFO  ratis.ContainerStateMachine (ContainerStateMachine.java:notifyServerShutdown(957)) - group-E89A64721F5C is closed by HddsDatanodeService
2024-09-18 12:55:01,626 [27821b7d-0624-41cc-9490-31ed12e2696a-impl-thread3] INFO  segmented.SegmentedRaftLogWorker (SegmentedRaftLogWorker.java:close(248)) - 27821b7d-0624-41cc-9490-31ed12e2696a@group-239644619C41-SegmentedRaftLogWorker close()
2024-09-18 12:55:01,626 [27821b7d-0624-41cc-9490-31ed12e2696a-impl-thread3] INFO  ratis.ContainerStateMachine (ContainerStateMachine.java:notifyServerShutdown(957)) - group-239644619C41 is closed by HddsDatanodeService
2024-09-18 12:55:01,670 [59105c30-b290-410a-a9ca-d50346fc903f-impl-thread3] INFO  segmented.SegmentedRaftLogWorker (SegmentedRaftLogWorker.java:close(248)) - 59105c30-b290-410a-a9ca-d50346fc903f@group-239644619C41-SegmentedRaftLogWorker close()
2024-09-18 12:55:01,670 [59105c30-b290-410a-a9ca-d50346fc903f-impl-thread3] INFO  ratis.ContainerStateMachine (ContainerStateMachine.java:notifyServerShutdown(957)) - group-239644619C41 is closed by HddsDatanodeService
2024-09-18 12:55:01,672 [ForkJoinPool.commonPool-worker-1] INFO  ozoneimpl.OzoneContainer (OzoneContainer.java:stop(497)) - Attempting to stop container services.
2024-09-18 12:55:01,672 [ContainerMetadataScanner] WARN  ozoneimpl.AbstractBackgroundContainerScanner (AbstractBackgroundContainerScanner.java:handleRemainingSleep(134)) - Background container scan was interrupted.
2024-09-18 12:55:01,672 [ContainerMetadataScanner] INFO  ozoneimpl.AbstractBackgroundContainerScanner (AbstractBackgroundContainerScanner.java:run(61)) - Thread[ContainerMetadataScanner,5,main] exiting.
2024-09-18 12:55:01,672 [ForkJoinPool.commonPool-worker-1] INFO  ozoneimpl.BackgroundContainerDataScanner (BackgroundContainerDataScanner.java:shutdown(141)) - ContainerDataScanner(/home/runner/work/ozone/ozone/hadoop-ozone/integration-test/target/test-dir/MiniOzoneClusterImpl-1474a09c-6dad-4fc4-86e4-bad221540704/ozone-meta/datanode-3/data-0/hdds) is shutting down. 
2024-09-18 12:55:01,672 [ContainerDataScanner(/home/runner/work/ozone/ozone/hadoop-ozone/integration-test/target/test-dir/MiniOzoneClusterImpl-1474a09c-6dad-4fc4-86e4-bad221540704/ozone-meta/datanode-3/data-0/hdds)] WARN  ozoneimpl.AbstractBackgroundContainerScanner (AbstractBackgroundContainerScanner.java:handleRemainingSleep(134)) - Background container scan was interrupted.
2024-09-18 12:55:01,672 [ContainerDataScanner(/home/runner/work/ozone/ozone/hadoop-ozone/integration-test/target/test-dir/MiniOzoneClusterImpl-1474a09c-6dad-4fc4-86e4-bad221540704/ozone-meta/datanode-3/data-0/hdds)] INFO  ozoneimpl.AbstractBackgroundContainerScanner (AbstractBackgroundContainerScanner.java:run(61)) - ContainerDataScanner(/home/runner/work/ozone/ozone/hadoop-ozone/integration-test/target/test-dir/MiniOzoneClusterImpl-1474a09c-6dad-4fc4-86e4-bad221540704/ozone-meta/datanode-3/data-0/hdds, DS-bf863d89-6277-442e-a092-e47cc0c27bec) exiting.
2024-09-18 12:55:01,672 [ForkJoinPool.commonPool-worker-1] INFO  ratis.XceiverServerRatis (XceiverServerRatis.java:stop(596)) - Stopping XceiverServerRatis 856d6c8f-d120-404b-902c-ec203ff8b049
2024-09-18 12:55:01,673 [ForkJoinPool.commonPool-worker-1] INFO  server.RaftServer (RaftServerProxy.java:lambda$close$9(418)) - 856d6c8f-d120-404b-902c-ec203ff8b049: close
2024-09-18 12:55:01,673 [856d6c8f-d120-404b-902c-ec203ff8b049-impl-thread1] INFO  server.RaftServer$Division (RaftServerImpl.java:lambda$close$1(501)) - 856d6c8f-d120-404b-902c-ec203ff8b049@group-0E6812D09C45: shutdown
2024-09-18 12:55:01,673 [856d6c8f-d120-404b-902c-ec203ff8b049-impl-thread1] INFO  util.JmxRegister (JmxRegister.java:unregister(74)) - Successfully un-registered JMX Bean with object name Ratis:service=RaftServer,group=group-0E6812D09C45,id=856d6c8f-d120-404b-902c-ec203ff8b049
2024-09-18 12:55:01,673 [856d6c8f-d120-404b-902c-ec203ff8b049-impl-thread1] INFO  impl.RoleInfo (RoleInfo.java:shutdownFollowerState(119)) - 856d6c8f-d120-404b-902c-ec203ff8b049: shutdown 856d6c8f-d120-404b-902c-ec203ff8b049@group-0E6812D09C45-FollowerState
2024-09-18 12:55:01,673 [856d6c8f-d120-404b-902c-ec203ff8b049-impl-thread1] INFO  impl.StateMachineUpdater (StateMachineUpdater.java:stopAndJoin(164)) - 856d6c8f-d120-404b-902c-ec203ff8b049@group-0E6812D09C45-StateMachineUpdater: set stopIndex = 0
2024-09-18 12:55:01,673 [856d6c8f-d120-404b-902c-ec203ff8b049@group-0E6812D09C45-FollowerState] INFO  impl.FollowerState (FollowerState.java:run(153)) - 856d6c8f-d120-404b-902c-ec203ff8b049@group-0E6812D09C45-FollowerState was interrupted
2024-09-18 12:55:01,673 [856d6c8f-d120-404b-902c-ec203ff8b049@group-0E6812D09C45-StateMachineUpdater] INFO  ratis.ContainerStateMachine (ContainerStateMachine.java:takeSnapshot(363)) - group-0E6812D09C45: Taking a snapshot at:(t:1, i:0) file /home/runner/work/ozone/ozone/hadoop-ozone/integration-test/target/test-dir/MiniOzoneClusterImpl-1474a09c-6dad-4fc4-86e4-bad221540704/ozone-meta/datanode-3/ratis/1e257028-07be-4c90-ba6b-0e6812d09c45/sm/snapshot.1_0
2024-09-18 12:55:01,673 [856d6c8f-d120-404b-902c-ec203ff8b049-impl-thread2] INFO  server.RaftServer$Division (RaftServerImpl.java:lambda$close$1(501)) - 856d6c8f-d120-404b-902c-ec203ff8b049@group-239644619C41: shutdown
2024-09-18 12:55:01,673 [ForkJoinPool.commonPool-worker-1] INFO  server.GrpcService (GrpcService.java:closeImpl(311)) - 856d6c8f-d120-404b-902c-ec203ff8b049: shutdown server GrpcServerProtocolService now
2024-09-18 12:55:01,673 [856d6c8f-d120-404b-902c-ec203ff8b049-impl-thread2] INFO  util.JmxRegister (JmxRegister.java:unregister(74)) - Successfully un-registered JMX Bean with object name Ratis:service=RaftServer,group=group-239644619C41,id=856d6c8f-d120-404b-902c-ec203ff8b049
2024-09-18 12:55:01,673 [856d6c8f-d120-404b-902c-ec203ff8b049-impl-thread2] INFO  impl.RoleInfo (RoleInfo.java:shutdownFollowerState(119)) - 856d6c8f-d120-404b-902c-ec203ff8b049: shutdown 856d6c8f-d120-404b-902c-ec203ff8b049@group-239644619C41-FollowerState
2024-09-18 12:55:01,673 [856d6c8f-d120-404b-902c-ec203ff8b049-impl-thread2] INFO  impl.StateMachineUpdater (StateMachineUpdater.java:stopAndJoin(164)) - 856d6c8f-d120-404b-902c-ec203ff8b049@group-239644619C41-StateMachineUpdater: set stopIndex = 0
2024-09-18 12:55:01,674 [856d6c8f-d120-404b-902c-ec203ff8b049@group-239644619C41-StateMachineUpdater] INFO  ratis.ContainerStateMachine (ContainerStateMachine.java:takeSnapshot(363)) - group-239644619C41: Taking a snapshot at:(t:1, i:0) file /home/runner/work/ozone/ozone/hadoop-ozone/integration-test/target/test-dir/MiniOzoneClusterImpl-1474a09c-6dad-4fc4-86e4-bad221540704/ozone-meta/datanode-3/ratis/aaa9e430-62c5-4e78-96d4-239644619c41/sm/snapshot.1_0
2024-09-18 12:55:01,673 [856d6c8f-d120-404b-902c-ec203ff8b049-impl-thread3] INFO  server.RaftServer$Division (RaftServerImpl.java:lambda$close$1(501)) - 856d6c8f-d120-404b-902c-ec203ff8b049@group-3F4227D89528: shutdown
2024-09-18 12:55:01,674 [856d6c8f-d120-404b-902c-ec203ff8b049@group-239644619C41-FollowerState] INFO  impl.FollowerState (FollowerState.java:run(153)) - 856d6c8f-d120-404b-902c-ec203ff8b049@group-239644619C41-FollowerState was interrupted
2024-09-18 12:55:01,674 [856d6c8f-d120-404b-902c-ec203ff8b049-impl-thread3] INFO  util.JmxRegister (JmxRegister.java:unregister(74)) - Successfully un-registered JMX Bean with object name Ratis:service=RaftServer,group=group-3F4227D89528,id=856d6c8f-d120-404b-902c-ec203ff8b049
2024-09-18 12:55:01,674 [856d6c8f-d120-404b-902c-ec203ff8b049-impl-thread3] INFO  impl.RoleInfo (RoleInfo.java:shutdownLeaderState(103)) - 856d6c8f-d120-404b-902c-ec203ff8b049: shutdown 856d6c8f-d120-404b-902c-ec203ff8b049@group-3F4227D89528-LeaderStateImpl
2024-09-18 12:55:01,674 [856d6c8f-d120-404b-902c-ec203ff8b049-impl-thread3] INFO  impl.PendingRequests (PendingRequests.java:sendNotLeaderResponses(287)) - 856d6c8f-d120-404b-902c-ec203ff8b049@group-3F4227D89528-PendingRequests: sendNotLeaderResponses
2024-09-18 12:55:01,674 [856d6c8f-d120-404b-902c-ec203ff8b049@group-0E6812D09C45-StateMachineUpdater] INFO  ratis.ContainerStateMachine (ContainerStateMachine.java:takeSnapshot(374)) - group-0E6812D09C45: Finished taking a snapshot at:(t:1, i:0) file:/home/runner/work/ozone/ozone/hadoop-ozone/integration-test/target/test-dir/MiniOzoneClusterImpl-1474a09c-6dad-4fc4-86e4-bad221540704/ozone-meta/datanode-3/ratis/1e257028-07be-4c90-ba6b-0e6812d09c45/sm/snapshot.1_0 took: 1 ms
2024-09-18 12:55:01,674 [856d6c8f-d120-404b-902c-ec203ff8b049@group-0E6812D09C45-StateMachineUpdater] INFO  impl.StateMachineUpdater (StateMachineUpdater.java:takeSnapshot(303)) - 856d6c8f-d120-404b-902c-ec203ff8b049@group-0E6812D09C45-StateMachineUpdater: Took a snapshot at index 0
2024-09-18 12:55:01,674 [856d6c8f-d120-404b-902c-ec203ff8b049@group-0E6812D09C45-StateMachineUpdater] INFO  impl.StateMachineUpdater (StateMachineUpdater.java:lambda$new$0(102)) - 856d6c8f-d120-404b-902c-ec203ff8b049@group-0E6812D09C45-StateMachineUpdater: snapshotIndex: updateIncreasingly -1 -> 0
2024-09-18 12:55:01,675 [ForkJoinPool.commonPool-worker-1] INFO  server.GrpcService (GrpcService.java:closeImpl(320)) - 856d6c8f-d120-404b-902c-ec203ff8b049: shutdown server GrpcServerProtocolService successfully
2024-09-18 12:55:01,675 [856d6c8f-d120-404b-902c-ec203ff8b049@group-239644619C41-StateMachineUpdater] INFO  ratis.ContainerStateMachine (ContainerStateMachine.java:takeSnapshot(374)) - group-239644619C41: Finished taking a snapshot at:(t:1, i:0) file:/home/runner/work/ozone/ozone/hadoop-ozone/integration-test/target/test-dir/MiniOzoneClusterImpl-1474a09c-6dad-4fc4-86e4-bad221540704/ozone-meta/datanode-3/ratis/aaa9e430-62c5-4e78-96d4-239644619c41/sm/snapshot.1_0 took: 1 ms
2024-09-18 12:55:01,675 [856d6c8f-d120-404b-902c-ec203ff8b049@group-239644619C41-StateMachineUpdater] INFO  impl.StateMachineUpdater (StateMachineUpdater.java:takeSnapshot(303)) - 856d6c8f-d120-404b-902c-ec203ff8b049@group-239644619C41-StateMachineUpdater: Took a snapshot at index 0
2024-09-18 12:55:01,675 [856d6c8f-d120-404b-902c-ec203ff8b049@group-239644619C41-StateMachineUpdater] INFO  impl.StateMachineUpdater (StateMachineUpdater.java:lambda$new$0(102)) - 856d6c8f-d120-404b-902c-ec203ff8b049@group-239644619C41-StateMachineUpdater: snapshotIndex: updateIncreasingly -1 -> 0
2024-09-18 12:55:01,675 [856d6c8f-d120-404b-902c-ec203ff8b049@group-0E6812D09C45-StateMachineUpdater] INFO  impl.StateMachineUpdater (StateMachineUpdater.java:stop(141)) - 856d6c8f-d120-404b-902c-ec203ff8b049@group-0E6812D09C45-StateMachineUpdater: closing ContainerStateMachine, lastApplied=(t:1, i:0)
2024-09-18 12:55:01,675 [856d6c8f-d120-404b-902c-ec203ff8b049-impl-thread3] INFO  impl.StateMachineUpdater (StateMachineUpdater.java:stopAndJoin(164)) - 856d6c8f-d120-404b-902c-ec203ff8b049@group-3F4227D89528-StateMachineUpdater: set stopIndex = 0
2024-09-18 12:55:01,675 [856d6c8f-d120-404b-902c-ec203ff8b049@group-3F4227D89528-StateMachineUpdater] INFO  ratis.ContainerStateMachine (ContainerStateMachine.java:takeSnapshot(363)) - group-3F4227D89528: Taking a snapshot at:(t:1, i:0) file /home/runner/work/ozone/ozone/hadoop-ozone/integration-test/target/test-dir/MiniOzoneClusterImpl-1474a09c-6dad-4fc4-86e4-bad221540704/ozone-meta/datanode-3/ratis/eed46f94-314a-4a3d-9bb9-3f4227d89528/sm/snapshot.1_0
2024-09-18 12:55:01,676 [856d6c8f-d120-404b-902c-ec203ff8b049@group-3F4227D89528-StateMachineUpdater] INFO  ratis.ContainerStateMachine (ContainerStateMachine.java:takeSnapshot(374)) - group-3F4227D89528: Finished taking a snapshot at:(t:1, i:0) file:/home/runner/work/ozone/ozone/hadoop-ozone/integration-test/target/test-dir/MiniOzoneClusterImpl-1474a09c-6dad-4fc4-86e4-bad221540704/ozone-meta/datanode-3/ratis/eed46f94-314a-4a3d-9bb9-3f4227d89528/sm/snapshot.1_0 took: 1 ms
2024-09-18 12:55:01,676 [856d6c8f-d120-404b-902c-ec203ff8b049@group-3F4227D89528-StateMachineUpdater] INFO  impl.StateMachineUpdater (StateMachineUpdater.java:takeSnapshot(303)) - 856d6c8f-d120-404b-902c-ec203ff8b049@group-3F4227D89528-StateMachineUpdater: Took a snapshot at index 0
2024-09-18 12:55:01,676 [856d6c8f-d120-404b-902c-ec203ff8b049@group-3F4227D89528-StateMachineUpdater] INFO  impl.StateMachineUpdater (StateMachineUpdater.java:lambda$new$0(102)) - 856d6c8f-d120-404b-902c-ec203ff8b049@group-3F4227D89528-StateMachineUpdater: snapshotIndex: updateIncreasingly -1 -> 0
2024-09-18 12:55:01,676 [856d6c8f-d120-404b-902c-ec203ff8b049@group-3F4227D89528-StateMachineUpdater] INFO  impl.StateMachineUpdater (StateMachineUpdater.java:stop(141)) - 856d6c8f-d120-404b-902c-ec203ff8b049@group-3F4227D89528-StateMachineUpdater: closing ContainerStateMachine, lastApplied=(t:1, i:0)
2024-09-18 12:55:01,677 [856d6c8f-d120-404b-902c-ec203ff8b049@group-3F4227D89528-cacheEviction-AwaitToRun] INFO  util.AwaitToRun (AwaitToRun.java:run(49)) - 856d6c8f-d120-404b-902c-ec203ff8b049@group-3F4227D89528-cacheEviction-AwaitToRun-AwaitForSignal is interrupted
2024-09-18 12:55:01,677 [856d6c8f-d120-404b-902c-ec203ff8b049@group-0E6812D09C45-cacheEviction-AwaitToRun] INFO  util.AwaitToRun (AwaitToRun.java:run(49)) - 856d6c8f-d120-404b-902c-ec203ff8b049@group-0E6812D09C45-cacheEviction-AwaitToRun-AwaitForSignal is interrupted
2024-09-18 12:55:01,675 [856d6c8f-d120-404b-902c-ec203ff8b049@group-239644619C41-StateMachineUpdater] INFO  impl.StateMachineUpdater (StateMachineUpdater.java:stop(141)) - 856d6c8f-d120-404b-902c-ec203ff8b049@group-239644619C41-StateMachineUpdater: closing ContainerStateMachine, lastApplied=(t:1, i:0)
2024-09-18 12:55:01,678 [856d6c8f-d120-404b-902c-ec203ff8b049@group-239644619C41-cacheEviction-AwaitToRun] INFO  util.AwaitToRun (AwaitToRun.java:run(49)) - 856d6c8f-d120-404b-902c-ec203ff8b049@group-239644619C41-cacheEviction-AwaitToRun-AwaitForSignal is interrupted
2024-09-18 12:55:01,682 [856d6c8f-d120-404b-902c-ec203ff8b049-NettyServerStreamRpc-bossGroup--thread1] INFO  logging.LoggingHandler (AbstractInternalLogger.java:log(148)) - [id: 0xb9e3e37d, L:/0.0.0.0:15041] CLOSE
2024-09-18 12:55:01,682 [856d6c8f-d120-404b-902c-ec203ff8b049-NettyServerStreamRpc-bossGroup--thread1] INFO  logging.LoggingHandler (AbstractInternalLogger.java:log(148)) - [id: 0xb9e3e37d, L:/0.0.0.0:15041] INACTIVE
2024-09-18 12:55:01,682 [856d6c8f-d120-404b-902c-ec203ff8b049-NettyServerStreamRpc-bossGroup--thread1] INFO  logging.LoggingHandler (AbstractInternalLogger.java:log(148)) - [id: 0xb9e3e37d, L:/0.0.0.0:15041] UNREGISTERED
2024-09-18 12:55:02,016 [59105c30-b290-410a-a9ca-d50346fc903f-impl-thread1] INFO  segmented.SegmentedRaftLogWorker (SegmentedRaftLogWorker.java:close(248)) - 59105c30-b290-410a-a9ca-d50346fc903f@group-B837D28FF93F-SegmentedRaftLogWorker close()
2024-09-18 12:55:02,016 [59105c30-b290-410a-a9ca-d50346fc903f-impl-thread1] INFO  ratis.ContainerStateMachine (ContainerStateMachine.java:notifyServerShutdown(957)) - group-B837D28FF93F is closed by HddsDatanodeService
2024-09-18 12:55:02,016 [JvmPauseMonitor3] INFO  util.JvmPauseMonitor (JvmPauseMonitor.java:run(152)) - JvmPauseMonitor-59105c30-b290-410a-a9ca-d50346fc903f: Stopped
2024-09-18 12:55:02,169 [27821b7d-0624-41cc-9490-31ed12e2696a-impl-thread2] INFO  segmented.SegmentedRaftLogWorker (SegmentedRaftLogWorker.java:close(248)) - 27821b7d-0624-41cc-9490-31ed12e2696a@group-0E6812D09C45-SegmentedRaftLogWorker close()
2024-09-18 12:55:02,170 [27821b7d-0624-41cc-9490-31ed12e2696a-impl-thread2] INFO  ratis.ContainerStateMachine (ContainerStateMachine.java:notifyServerShutdown(957)) - group-0E6812D09C45 is closed by HddsDatanodeService
2024-09-18 12:55:02,170 [JvmPauseMonitor4] INFO  util.JvmPauseMonitor (JvmPauseMonitor.java:run(152)) - JvmPauseMonitor-27821b7d-0624-41cc-9490-31ed12e2696a: Stopped
2024-09-18 12:55:02,182 [856d6c8f-d120-404b-902c-ec203ff8b049-impl-thread1] INFO  segmented.SegmentedRaftLogWorker (SegmentedRaftLogWorker.java:close(248)) - 856d6c8f-d120-404b-902c-ec203ff8b049@group-0E6812D09C45-SegmentedRaftLogWorker close()
2024-09-18 12:55:02,182 [856d6c8f-d120-404b-902c-ec203ff8b049-impl-thread1] INFO  ratis.ContainerStateMachine (ContainerStateMachine.java:notifyServerShutdown(957)) - group-0E6812D09C45 is closed by HddsDatanodeService
2024-09-18 12:55:02,195 [27821b7d-0624-41cc-9490-31ed12e2696a-EndpointStateMachineTaskThread-/127.0.0.1:15004-0 ] INFO  ipc.Client (Client.java:handleConnectionFailure(950)) - Retrying connect to server: localhost/127.0.0.1:15004. Already tried 1 time(s); retry policy is RetryUpToMaximumCountWithFixedSleep(maxRetries=15, sleepTime=1000 MILLISECONDS)
2024-09-18 12:55:02,671 [856d6c8f-d120-404b-902c-ec203ff8b049-impl-thread2] INFO  segmented.SegmentedRaftLogWorker (SegmentedRaftLogWorker.java:close(248)) - 856d6c8f-d120-404b-902c-ec203ff8b049@group-239644619C41-SegmentedRaftLogWorker close()
2024-09-18 12:55:02,672 [856d6c8f-d120-404b-902c-ec203ff8b049-impl-thread2] INFO  ratis.ContainerStateMachine (ContainerStateMachine.java:notifyServerShutdown(957)) - group-239644619C41 is closed by HddsDatanodeService
2024-09-18 12:55:02,675 [856d6c8f-d120-404b-902c-ec203ff8b049-impl-thread3] INFO  segmented.SegmentedRaftLogWorker (SegmentedRaftLogWorker.java:close(248)) - 856d6c8f-d120-404b-902c-ec203ff8b049@group-3F4227D89528-SegmentedRaftLogWorker close()
2024-09-18 12:55:02,675 [856d6c8f-d120-404b-902c-ec203ff8b049-impl-thread3] INFO  ratis.ContainerStateMachine (ContainerStateMachine.java:notifyServerShutdown(957)) - group-3F4227D89528 is closed by HddsDatanodeService
2024-09-18 12:55:02,676 [JvmPauseMonitor5] INFO  util.JvmPauseMonitor (JvmPauseMonitor.java:run(152)) - JvmPauseMonitor-856d6c8f-d120-404b-902c-ec203ff8b049: Stopped
2024-09-18 12:55:03,195 [27821b7d-0624-41cc-9490-31ed12e2696a-EndpointStateMachineTaskThread-/127.0.0.1:15004-0 ] INFO  ipc.Client (Client.java:handleConnectionFailure(950)) - Retrying connect to server: localhost/127.0.0.1:15004. Already tried 2 time(s); retry policy is RetryUpToMaximumCountWithFixedSleep(maxRetries=15, sleepTime=1000 MILLISECONDS)
2024-09-18 12:55:04,027 [ForkJoinPool.commonPool-worker-3] INFO  utils.DatanodeStoreCache (DatanodeStoreCache.java:shutdownCache(116)) - Skip clearing cache in mini cluster mode. Entries left: [/home/runner/work/ozone/ozone/hadoop-ozone/integration-test/target/test-dir/MiniOzoneClusterImpl-1474a09c-6dad-4fc4-86e4-bad221540704/ozone-meta/datanode-1/data-0/hdds/1474a09c-6dad-4fc4-86e4-bad221540704/DS-227cb4fc-5fd2-4c9b-b27a-0f90565276e3/container.db, /home/runner/work/ozone/ozone/hadoop-ozone/integration-test/target/test-dir/MiniOzoneClusterImpl-1474a09c-6dad-4fc4-86e4-bad221540704/ozone-meta/datanode-2/data-0/hdds/1474a09c-6dad-4fc4-86e4-bad221540704/DS-1126f3c4-3802-4ac5-a45d-958967adde90/container.db, /home/runner/work/ozone/ozone/hadoop-ozone/integration-test/target/test-dir/MiniOzoneClusterImpl-1474a09c-6dad-4fc4-86e4-bad221540704/ozone-meta/datanode-3/data-0/hdds/1474a09c-6dad-4fc4-86e4-bad221540704/DS-bf863d89-6277-442e-a092-e47cc0c27bec/container.db]
2024-09-18 12:55:04,028 [ForkJoinPool.commonPool-worker-3] INFO  utils.DatanodeStoreCache (DatanodeStoreCache.java:removeDB(110)) - Removed db /home/runner/work/ozone/ozone/hadoop-ozone/integration-test/target/test-dir/MiniOzoneClusterImpl-1474a09c-6dad-4fc4-86e4-bad221540704/ozone-meta/datanode-1/data-0/hdds/1474a09c-6dad-4fc4-86e4-bad221540704/DS-227cb4fc-5fd2-4c9b-b27a-0f90565276e3/container.db from cache
2024-09-18 12:55:04,028 [ForkJoinPool.commonPool-worker-3] INFO  volume.HddsVolume (HddsVolume.java:closeDbStore(462)) - SchemaV3 db is stopped at /home/runner/work/ozone/ozone/hadoop-ozone/integration-test/target/test-dir/MiniOzoneClusterImpl-1474a09c-6dad-4fc4-86e4-bad221540704/ozone-meta/datanode-1/data-0/hdds/1474a09c-6dad-4fc4-86e4-bad221540704/DS-227cb4fc-5fd2-4c9b-b27a-0f90565276e3/container.db for volume DS-227cb4fc-5fd2-4c9b-b27a-0f90565276e3
2024-09-18 12:55:04,028 [ForkJoinPool.commonPool-worker-3] INFO  utils.BackgroundService (BackgroundService.java:shutdown(163)) - Shutting down service BlockDeletingService
2024-09-18 12:55:04,028 [ForkJoinPool.commonPool-worker-3] INFO  utils.BackgroundService (BackgroundService.java:shutdown(163)) - Shutting down service StaleRecoveringContainerScrubbingService
2024-09-18 12:55:04,029 [ForkJoinPool.commonPool-worker-3] INFO  statemachine.DatanodeStateMachine (DatanodeStateMachine.java:stopDaemon(626)) - Ozone container server stopped.
2024-09-18 12:55:04,042 [ForkJoinPool.commonPool-worker-3] INFO  handler.ContextHandler (ContextHandler.java:doStop(1159)) - Stopped o.e.j.w.WebAppContext@4477baf2{hddsDatanode,/,null,STOPPED}{jar:file:/home/runner/work/ozone/ozone/hadoop-hdds/container-service/target/hdds-container-service-1.5.0-SNAPSHOT.jar!/webapps/hddsDatanode}
2024-09-18 12:55:04,043 [ForkJoinPool.commonPool-worker-3] INFO  server.AbstractConnector (AbstractConnector.java:doStop(383)) - Stopped ServerConnector@54669c4{HTTP/1.1, (http/1.1)}{0.0.0.0:15017}
2024-09-18 12:55:04,043 [ForkJoinPool.commonPool-worker-3] INFO  server.session (HouseKeeper.java:stopScavenging(149)) - node0 Stopped scavenging
2024-09-18 12:55:04,043 [ForkJoinPool.commonPool-worker-3] INFO  handler.ContextHandler (ContextHandler.java:doStop(1159)) - Stopped o.e.j.s.ServletContextHandler@415542ba{static,/static,jar:file:/home/runner/work/ozone/ozone/hadoop-hdds/container-service/target/hdds-container-service-1.5.0-SNAPSHOT.jar!/webapps/static,STOPPED}
2024-09-18 12:55:04,043 [ForkJoinPool.commonPool-worker-3] INFO  handler.ContextHandler (ContextHandler.java:doStop(1159)) - Stopped o.e.j.s.ServletContextHandler@5e25faae{logs,/logs,file:///home/runner/work/ozone/ozone/hadoop-ozone/integration-test/target/log,STOPPED}
2024-09-18 12:55:04,044 [ForkJoinPool.commonPool-worker-3] INFO  ozone.HddsDatanodeClientProtocolServer (HddsDatanodeClientProtocolServer.java:stop(85)) - Stopping the RPC server for Client Protocol
2024-09-18 12:55:04,044 [ForkJoinPool.commonPool-worker-3] INFO  ipc.Server (Server.java:stop(3523)) - Stopping server on 15018
2024-09-18 12:55:04,045 [IPC Server Responder] INFO  ipc.Server (Server.java:run(1567)) - Stopping IPC Server Responder
2024-09-18 12:55:04,045 [IPC Server listener on 15018] INFO  ipc.Server (Server.java:run(1434)) - Stopping IPC Server listener on 15018
2024-09-18 12:55:04,173 [main] INFO  utils.DatanodeStoreCache (DatanodeStoreCache.java:shutdownCache(116)) - Skip clearing cache in mini cluster mode. Entries left: [/home/runner/work/ozone/ozone/hadoop-ozone/integration-test/target/test-dir/MiniOzoneClusterImpl-1474a09c-6dad-4fc4-86e4-bad221540704/ozone-meta/datanode-2/data-0/hdds/1474a09c-6dad-4fc4-86e4-bad221540704/DS-1126f3c4-3802-4ac5-a45d-958967adde90/container.db, /home/runner/work/ozone/ozone/hadoop-ozone/integration-test/target/test-dir/MiniOzoneClusterImpl-1474a09c-6dad-4fc4-86e4-bad221540704/ozone-meta/datanode-3/data-0/hdds/1474a09c-6dad-4fc4-86e4-bad221540704/DS-bf863d89-6277-442e-a092-e47cc0c27bec/container.db]
2024-09-18 12:55:04,174 [main] INFO  utils.DatanodeStoreCache (DatanodeStoreCache.java:removeDB(110)) - Removed db /home/runner/work/ozone/ozone/hadoop-ozone/integration-test/target/test-dir/MiniOzoneClusterImpl-1474a09c-6dad-4fc4-86e4-bad221540704/ozone-meta/datanode-2/data-0/hdds/1474a09c-6dad-4fc4-86e4-bad221540704/DS-1126f3c4-3802-4ac5-a45d-958967adde90/container.db from cache
2024-09-18 12:55:04,175 [main] INFO  volume.HddsVolume (HddsVolume.java:closeDbStore(462)) - SchemaV3 db is stopped at /home/runner/work/ozone/ozone/hadoop-ozone/integration-test/target/test-dir/MiniOzoneClusterImpl-1474a09c-6dad-4fc4-86e4-bad221540704/ozone-meta/datanode-2/data-0/hdds/1474a09c-6dad-4fc4-86e4-bad221540704/DS-1126f3c4-3802-4ac5-a45d-958967adde90/container.db for volume DS-1126f3c4-3802-4ac5-a45d-958967adde90
2024-09-18 12:55:04,175 [main] INFO  utils.BackgroundService (BackgroundService.java:shutdown(163)) - Shutting down service BlockDeletingService
2024-09-18 12:55:04,175 [main] INFO  utils.BackgroundService (BackgroundService.java:shutdown(163)) - Shutting down service StaleRecoveringContainerScrubbingService
2024-09-18 12:55:04,175 [main] INFO  statemachine.DatanodeStateMachine (DatanodeStateMachine.java:stopDaemon(626)) - Ozone container server stopped.
2024-09-18 12:55:04,188 [main] INFO  handler.ContextHandler (ContextHandler.java:doStop(1159)) - Stopped o.e.j.w.WebAppContext@3577d2a2{hddsDatanode,/,null,STOPPED}{jar:file:/home/runner/work/ozone/ozone/hadoop-hdds/container-service/target/hdds-container-service-1.5.0-SNAPSHOT.jar!/webapps/hddsDatanode}
2024-09-18 12:55:04,189 [main] INFO  server.AbstractConnector (AbstractConnector.java:doStop(383)) - Stopped ServerConnector@62d6caf9{HTTP/1.1, (http/1.1)}{0.0.0.0:15026}
2024-09-18 12:55:04,189 [main] INFO  server.session (HouseKeeper.java:stopScavenging(149)) - node0 Stopped scavenging
2024-09-18 12:55:04,189 [main] INFO  handler.ContextHandler (ContextHandler.java:doStop(1159)) - Stopped o.e.j.s.ServletContextHandler@6f469aef{static,/static,jar:file:/home/runner/work/ozone/ozone/hadoop-hdds/container-service/target/hdds-container-service-1.5.0-SNAPSHOT.jar!/webapps/static,STOPPED}
2024-09-18 12:55:04,189 [main] INFO  handler.ContextHandler (ContextHandler.java:doStop(1159)) - Stopped o.e.j.s.ServletContextHandler@330ee022{logs,/logs,file:///home/runner/work/ozone/ozone/hadoop-ozone/integration-test/target/log,STOPPED}
2024-09-18 12:55:04,190 [main] INFO  ozone.HddsDatanodeClientProtocolServer (HddsDatanodeClientProtocolServer.java:stop(85)) - Stopping the RPC server for Client Protocol
2024-09-18 12:55:04,190 [main] INFO  ipc.Server (Server.java:stop(3523)) - Stopping server on 15027
2024-09-18 12:55:04,191 [IPC Server listener on 15027] INFO  ipc.Server (Server.java:run(1434)) - Stopping IPC Server listener on 15027
2024-09-18 12:55:04,192 [IPC Server Responder] INFO  ipc.Server (Server.java:run(1567)) - Stopping IPC Server Responder
2024-09-18 12:55:04,196 [27821b7d-0624-41cc-9490-31ed12e2696a-EndpointStateMachineTaskThread-/127.0.0.1:15004-0 ] INFO  ipc.Client (Client.java:handleConnectionFailure(950)) - Retrying connect to server: localhost/127.0.0.1:15004. Already tried 3 time(s); retry policy is RetryUpToMaximumCountWithFixedSleep(maxRetries=15, sleepTime=1000 MILLISECONDS)
2024-09-18 12:55:04,679 [ForkJoinPool.commonPool-worker-1] INFO  utils.DatanodeStoreCache (DatanodeStoreCache.java:shutdownCache(116)) - Skip clearing cache in mini cluster mode. Entries left: [/home/runner/work/ozone/ozone/hadoop-ozone/integration-test/target/test-dir/MiniOzoneClusterImpl-1474a09c-6dad-4fc4-86e4-bad221540704/ozone-meta/datanode-3/data-0/hdds/1474a09c-6dad-4fc4-86e4-bad221540704/DS-bf863d89-6277-442e-a092-e47cc0c27bec/container.db]
2024-09-18 12:55:04,680 [ForkJoinPool.commonPool-worker-1] INFO  utils.DatanodeStoreCache (DatanodeStoreCache.java:removeDB(110)) - Removed db /home/runner/work/ozone/ozone/hadoop-ozone/integration-test/target/test-dir/MiniOzoneClusterImpl-1474a09c-6dad-4fc4-86e4-bad221540704/ozone-meta/datanode-3/data-0/hdds/1474a09c-6dad-4fc4-86e4-bad221540704/DS-bf863d89-6277-442e-a092-e47cc0c27bec/container.db from cache
2024-09-18 12:55:04,680 [ForkJoinPool.commonPool-worker-1] INFO  volume.HddsVolume (HddsVolume.java:closeDbStore(462)) - SchemaV3 db is stopped at /home/runner/work/ozone/ozone/hadoop-ozone/integration-test/target/test-dir/MiniOzoneClusterImpl-1474a09c-6dad-4fc4-86e4-bad221540704/ozone-meta/datanode-3/data-0/hdds/1474a09c-6dad-4fc4-86e4-bad221540704/DS-bf863d89-6277-442e-a092-e47cc0c27bec/container.db for volume DS-bf863d89-6277-442e-a092-e47cc0c27bec
2024-09-18 12:55:04,680 [ForkJoinPool.commonPool-worker-1] INFO  utils.BackgroundService (BackgroundService.java:shutdown(163)) - Shutting down service BlockDeletingService
2024-09-18 12:55:04,680 [ForkJoinPool.commonPool-worker-1] INFO  utils.BackgroundService (BackgroundService.java:shutdown(163)) - Shutting down service StaleRecoveringContainerScrubbingService
2024-09-18 12:55:04,681 [ForkJoinPool.commonPool-worker-1] INFO  statemachine.DatanodeStateMachine (DatanodeStateMachine.java:stopDaemon(626)) - Ozone container server stopped.
2024-09-18 12:55:04,693 [ForkJoinPool.commonPool-worker-1] INFO  handler.ContextHandler (ContextHandler.java:doStop(1159)) - Stopped o.e.j.w.WebAppContext@378f09a{hddsDatanode,/,null,STOPPED}{jar:file:/home/runner/work/ozone/ozone/hadoop-hdds/container-service/target/hdds-container-service-1.5.0-SNAPSHOT.jar!/webapps/hddsDatanode}
2024-09-18 12:55:04,693 [ForkJoinPool.commonPool-worker-1] INFO  server.AbstractConnector (AbstractConnector.java:doStop(383)) - Stopped ServerConnector@5e714b78{HTTP/1.1, (http/1.1)}{0.0.0.0:15035}
2024-09-18 12:55:04,694 [ForkJoinPool.commonPool-worker-1] INFO  server.session (HouseKeeper.java:stopScavenging(149)) - node0 Stopped scavenging
2024-09-18 12:55:04,694 [ForkJoinPool.commonPool-worker-1] INFO  handler.ContextHandler (ContextHandler.java:doStop(1159)) - Stopped o.e.j.s.ServletContextHandler@12a22dc4{static,/static,jar:file:/home/runner/work/ozone/ozone/hadoop-hdds/container-service/target/hdds-container-service-1.5.0-SNAPSHOT.jar!/webapps/static,STOPPED}
2024-09-18 12:55:04,694 [ForkJoinPool.commonPool-worker-1] INFO  handler.ContextHandler (ContextHandler.java:doStop(1159)) - Stopped o.e.j.s.ServletContextHandler@6ea8e8bc{logs,/logs,file:///home/runner/work/ozone/ozone/hadoop-ozone/integration-test/target/log,STOPPED}
2024-09-18 12:55:04,695 [ForkJoinPool.commonPool-worker-1] INFO  ozone.HddsDatanodeClientProtocolServer (HddsDatanodeClientProtocolServer.java:stop(85)) - Stopping the RPC server for Client Protocol
2024-09-18 12:55:04,695 [ForkJoinPool.commonPool-worker-1] INFO  ipc.Server (Server.java:stop(3523)) - Stopping server on 15036
2024-09-18 12:55:04,695 [IPC Server listener on 15036] INFO  ipc.Server (Server.java:run(1434)) - Stopping IPC Server listener on 15036
2024-09-18 12:55:04,697 [IPC Server Responder] INFO  ipc.Server (Server.java:run(1567)) - Stopping IPC Server Responder
]]></system-out>
  </testcase>
  <testcase name="testBootstrap" classname="org.apache.hadoop.ozone.om.TestAddRemoveOzoneManager" time="56.183"/>
  <testcase name="testDecommission" classname="org.apache.hadoop.ozone.om.TestAddRemoveOzoneManager" time="34.946"/>
</testsuite>