<?xml version="1.0" encoding="UTF-8"?>
<testsuite xmlns:xsi="http://www.w3.org/2001/XMLSchema-instance" xsi:noNamespaceSchemaLocation="https://maven.apache.org/surefire/maven-surefire-plugin/xsd/surefire-test-report.xsd" name="org.apache.hadoop.ozone.client.rpc.TestBlockOutputStreamWithFailuresFlushDelay" time="649.477" tests="5" errors="1" skipped="0" failures="0">
  <properties>
    <property name="awt.toolkit" value="sun.awt.X11.XToolkit"/>
    <property name="file.encoding.pkg" value="sun.io"/>
    <property name="java.specification.version" value="1.8"/>
    <property name="sun.cpu.isalist" value=""/>
    <property name="sun.jnu.encoding" value="UTF-8"/>
    <property name="java.class.path" value="/home/runner/work/ozone/ozone/hadoop-ozone/integration-test/target/test-classes:/home/runner/work/ozone/ozone/hadoop-ozone/integration-test/target/classes:/home/runner/.m2/repository/org/apache/ozone/ozone-common/1.2.0-SNAPSHOT/ozone-common-1.2.0-SNAPSHOT.jar:/home/runner/.m2/repository/org/apache/commons/commons-compress/1.21/commons-compress-1.21.jar:/home/runner/.m2/repository/org/apache/ozone/hdds-common/1.2.0-SNAPSHOT/hdds-common-1.2.0-SNAPSHOT.jar:/home/runner/.m2/repository/org/apache/ozone/hdds-client/1.2.0-SNAPSHOT/hdds-client-1.2.0-SNAPSHOT.jar:/home/runner/.m2/repository/org/apache/ozone/ozone-interface-client/1.2.0-SNAPSHOT/ozone-interface-client-1.2.0-SNAPSHOT.jar:/home/runner/.m2/repository/org/apache/ozone/hdds-test-utils/1.2.0-SNAPSHOT/hdds-test-utils-1.2.0-SNAPSHOT.jar:/home/runner/.m2/repository/com/google/guava/guava/30.1.1-jre/guava-30.1.1-jre.jar:/home/runner/.m2/repository/com/google/guava/failureaccess/1.0.1/failureaccess-1.0.1.jar:/home/runner/.m2/repository/com/google/guava/listenablefuture/9999.0-empty-to-avoid-conflict-with-guava/listenablefuture-9999.0-empty-to-avoid-conflict-with-guava.jar:/home/runner/.m2/repository/com/google/code/findbugs/jsr305/3.0.0/jsr305-3.0.0.jar:/home/runner/.m2/repository/org/checkerframework/checker-qual/3.8.0/checker-qual-3.8.0.jar:/home/runner/.m2/repository/com/google/errorprone/error_prone_annotations/2.2.0/error_prone_annotations-2.2.0.jar:/home/runner/.m2/repository/com/google/j2objc/j2objc-annotations/1.3/j2objc-annotations-1.3.jar:/home/runner/.m2/repository/commons-io/commons-io/2.11.0/commons-io-2.11.0.jar:/home/runner/.m2/repository/commons-logging/commons-logging/1.2/commons-logging-1.2.jar:/home/runner/.m2/repository/log4j/log4j/1.2.17/log4j-1.2.17.jar:/home/runner/.m2/repository/org/slf4j/slf4j-api/1.7.30/slf4j-api-1.7.30.jar:/home/runner/.m2/repository/org/apache/ozone/hdds-server-scm/1.2.0-SNAPSHOT/hdds-server-scm-1.2.0-SNAPSHOT.jar:/home/runner/.m2/repository/org/apache/ozone/hdds-container-service/1.2.0-SNAPSHOT/hdds-container-service-1.2.0-SNAPSHOT.jar:/home/runner/.m2/repository/org/apache/ozone/hdds-hadoop-dependency-server/1.2.0-SNAPSHOT/hdds-hadoop-dependency-server-1.2.0-SNAPSHOT.jar:/home/runner/.m2/repository/org/apache/hadoop/hadoop-hdfs/3.3.1/hadoop-hdfs-3.3.1.jar:/home/runner/.m2/repository/org/apache/ozone/hdds-server-framework/1.2.0-SNAPSHOT/hdds-server-framework-1.2.0-SNAPSHOT.jar:/home/runner/.m2/repository/org/apache/ozone/hdds-interface-server/1.2.0-SNAPSHOT/hdds-interface-server-1.2.0-SNAPSHOT.jar:/home/runner/.m2/repository/org/eclipse/jetty/jetty-servlet/9.4.43.v20210629/jetty-servlet-9.4.43.v20210629.jar:/home/runner/.m2/repository/org/eclipse/jetty/jetty-security/9.4.43.v20210629/jetty-security-9.4.43.v20210629.jar:/home/runner/.m2/repository/org/rocksdb/rocksdbjni/6.25.3/rocksdbjni-6.25.3.jar:/home/runner/.m2/repository/io/prometheus/simpleclient_dropwizard/0.7.0/simpleclient_dropwizard-0.7.0.jar:/home/runner/.m2/repository/io/prometheus/simpleclient/0.7.0/simpleclient-0.7.0.jar:/home/runner/.m2/repository/io/prometheus/simpleclient_common/0.7.0/simpleclient_common-0.7.0.jar:/home/runner/.m2/repository/com/fasterxml/jackson/datatype/jackson-datatype-jsr310/2.12.1/jackson-datatype-jsr310-2.12.1.jar:/home/runner/.m2/repository/io/dropwizard/metrics/metrics-core/3.2.4/metrics-core-3.2.4.jar:/home/runner/.m2/repository/org/apache/hadoop/hadoop-hdfs-client/3.3.1/hadoop-hdfs-client-3.3.1.jar:/home/runner/.m2/repository/org/bouncycastle/bcprov-jdk15on/1.67/bcprov-jdk15on-1.67.jar:/home/runner/.m2/repository/com/google/protobuf/protobuf-java/2.5.0/protobuf-java-2.5.0.jar:/home/runner/.m2/repository/org/apache/ozone/ozone-manager/1.2.0-SNAPSHOT/ozone-manager-1.2.0-SNAPSHOT.jar:/home/runner/.m2/repository/org/aspectj/aspectjrt/1.9.7/aspectjrt-1.9.7.jar:/home/runner/.m2/repository/org/aspectj/aspectjweaver/1.9.7/aspectjweaver-1.9.7.jar:/home/runner/.m2/repository/org/apache/ozone/hdds-interface-client/1.2.0-SNAPSHOT/hdds-interface-client-1.2.0-SNAPSHOT.jar:/home/runner/.m2/repository/org/apache/hadoop/thirdparty/hadoop-shaded-protobuf_3_7/1.1.1/hadoop-shaded-protobuf_3_7-1.1.1.jar:/home/runner/.m2/repository/org/apache/ozone/ozone-interface-storage/1.2.0-SNAPSHOT/ozone-interface-storage-1.2.0-SNAPSHOT.jar:/home/runner/.m2/repository/org/reflections/reflections/0.9.11/reflections-0.9.11.jar:/home/runner/.m2/repository/org/apache/hadoop/hadoop-minikdc/3.3.1/hadoop-minikdc-3.3.1.jar:/home/runner/.m2/repository/org/apache/kerby/kerb-simplekdc/1.0.1/kerb-simplekdc-1.0.1.jar:/home/runner/.m2/repository/org/apache/kerby/kerb-client/1.0.1/kerb-client-1.0.1.jar:/home/runner/.m2/repository/org/apache/kerby/kerby-config/1.0.1/kerby-config-1.0.1.jar:/home/runner/.m2/repository/org/apache/kerby/kerb-common/1.0.1/kerb-common-1.0.1.jar:/home/runner/.m2/repository/org/apache/kerby/kerb-crypto/1.0.1/kerb-crypto-1.0.1.jar:/home/runner/.m2/repository/org/apache/kerby/kerb-util/1.0.1/kerb-util-1.0.1.jar:/home/runner/.m2/repository/org/apache/kerby/token-provider/1.0.1/token-provider-1.0.1.jar:/home/runner/.m2/repository/org/apache/kerby/kerb-admin/1.0.1/kerb-admin-1.0.1.jar:/home/runner/.m2/repository/org/apache/kerby/kerb-server/1.0.1/kerb-server-1.0.1.jar:/home/runner/.m2/repository/org/apache/kerby/kerb-identity/1.0.1/kerb-identity-1.0.1.jar:/home/runner/.m2/repository/org/apache/kerby/kerby-xdr/1.0.1/kerby-xdr-1.0.1.jar:/home/runner/.m2/repository/org/slf4j/slf4j-log4j12/1.7.30/slf4j-log4j12-1.7.30.jar:/home/runner/.m2/repository/org/apache/ozone/ozone-s3gateway/1.2.0-SNAPSHOT/ozone-s3gateway-1.2.0-SNAPSHOT.jar:/home/runner/.m2/repository/org/javassist/javassist/3.21.0-GA/javassist-3.21.0-GA.jar:/home/runner/.m2/repository/org/jboss/weld/servlet/weld-servlet/2.4.7.Final/weld-servlet-2.4.7.Final.jar:/home/runner/.m2/repository/org/glassfish/jersey/containers/jersey-container-servlet-core/2.33/jersey-container-servlet-core-2.33.jar:/home/runner/.m2/repository/org/glassfish/hk2/external/jakarta.inject/2.6.1/jakarta.inject-2.6.1.jar:/home/runner/.m2/repository/org/glassfish/jersey/core/jersey-common/2.33/jersey-common-2.33.jar:/home/runner/.m2/repository/jakarta/ws/rs/jakarta.ws.rs-api/2.1.6/jakarta.ws.rs-api-2.1.6.jar:/home/runner/.m2/repository/org/glassfish/jersey/ext/cdi/jersey-cdi1x/2.33/jersey-cdi1x-2.33.jar:/home/runner/.m2/repository/org/glassfish/jersey/inject/jersey-hk2/2.33/jersey-hk2-2.33.jar:/home/runner/.m2/repository/org/glassfish/hk2/hk2-locator/2.6.1/hk2-locator-2.6.1.jar:/home/runner/.m2/repository/org/glassfish/jersey/media/jersey-media-jaxb/2.33/jersey-media-jaxb-2.33.jar:/home/runner/.m2/repository/org/glassfish/hk2/osgi-resource-locator/1.0.3/osgi-resource-locator-1.0.3.jar:/home/runner/.m2/repository/org/glassfish/hk2/hk2-api/2.5.0/hk2-api-2.5.0.jar:/home/runner/.m2/repository/org/glassfish/hk2/hk2-utils/2.5.0/hk2-utils-2.5.0.jar:/home/runner/.m2/repository/org/glassfish/hk2/external/aopalliance-repackaged/2.5.0/aopalliance-repackaged-2.5.0.jar:/home/runner/.m2/repository/com/fasterxml/jackson/dataformat/jackson-dataformat-xml/2.12.1/jackson-dataformat-xml-2.12.1.jar:/home/runner/.m2/repository/com/fasterxml/jackson/core/jackson-core/2.12.1/jackson-core-2.12.1.jar:/home/runner/.m2/repository/com/fasterxml/jackson/module/jackson-module-jaxb-annotations/2.12.1/jackson-module-jaxb-annotations-2.12.1.jar:/home/runner/.m2/repository/jakarta/xml/bind/jakarta.xml.bind-api/2.3.2/jakarta.xml.bind-api-2.3.2.jar:/home/runner/.m2/repository/org/codehaus/woodstox/stax2-api/3.1.4/stax2-api-3.1.4.jar:/home/runner/.m2/repository/com/fasterxml/woodstox/woodstox-core/5.0.3/woodstox-core-5.0.3.jar:/home/runner/.m2/repository/javax/enterprise/cdi-api/1.2/cdi-api-1.2.jar:/home/runner/.m2/repository/javax/el/javax.el-api/3.0.0/javax.el-api-3.0.0.jar:/home/runner/.m2/repository/javax/interceptor/javax.interceptor-api/1.2/javax.interceptor-api-1.2.jar:/home/runner/.m2/repository/javax/inject/javax.inject/1/javax.inject-1.jar:/home/runner/.m2/repository/javax/xml/bind/jaxb-api/2.3.0/jaxb-api-2.3.0.jar:/home/runner/.m2/repository/org/glassfish/jaxb/jaxb-runtime/2.3.0.1/jaxb-runtime-2.3.0.1.jar:/home/runner/.m2/repository/org/glassfish/jaxb/jaxb-core/2.3.0.1/jaxb-core-2.3.0.1.jar:/home/runner/.m2/repository/org/glassfish/jaxb/txw2/2.3.0.1/txw2-2.3.0.1.jar:/home/runner/.m2/repository/com/sun/istack/istack-commons-runtime/3.0.5/istack-commons-runtime-3.0.5.jar:/home/runner/.m2/repository/org/jvnet/staxex/stax-ex/1.7.8/stax-ex-1.7.8.jar:/home/runner/.m2/repository/com/sun/xml/fastinfoset/FastInfoset/1.2.13/FastInfoset-1.2.13.jar:/home/runner/.m2/repository/javax/activation/activation/1.1.1/activation-1.1.1.jar:/home/runner/.m2/repository/org/apache/ozone/ozone-csi/1.2.0-SNAPSHOT/ozone-csi-1.2.0-SNAPSHOT.jar:/home/runner/.m2/repository/com/google/protobuf/protobuf-java-util/3.12.0/protobuf-java-util-3.12.0.jar:/home/runner/.m2/repository/com/google/code/gson/gson/2.2.4/gson-2.2.4.jar:/home/runner/.m2/repository/org/apache/ozone/hdds-config/1.2.0-SNAPSHOT/hdds-config-1.2.0-SNAPSHOT.jar:/home/runner/.m2/repository/io/grpc/grpc-netty/1.33.0/grpc-netty-1.33.0.jar:/home/runner/.m2/repository/io/grpc/grpc-core/1.33.0/grpc-core-1.33.0.jar:/home/runner/.m2/repository/com/google/android/annotations/4.1.1.4/annotations-4.1.1.4.jar:/home/runner/.m2/repository/io/netty/netty-codec-http2/4.1.63.Final/netty-codec-http2-4.1.63.Final.jar:/home/runner/.m2/repository/io/netty/netty-codec-http/4.1.63.Final/netty-codec-http-4.1.63.Final.jar:/home/runner/.m2/repository/io/netty/netty-handler-proxy/4.1.63.Final/netty-handler-proxy-4.1.63.Final.jar:/home/runner/.m2/repository/io/netty/netty-codec-socks/4.1.63.Final/netty-codec-socks-4.1.63.Final.jar:/home/runner/.m2/repository/io/perfmark/perfmark-api/0.19.0/perfmark-api-0.19.0.jar:/home/runner/.m2/repository/org/codehaus/mojo/animal-sniffer-annotations/1.18/animal-sniffer-annotations-1.18.jar:/home/runner/.m2/repository/io/netty/netty-transport-native-epoll/4.1.63.Final/netty-transport-native-epoll-4.1.63.Final.jar:/home/runner/.m2/repository/io/netty/netty-common/4.1.63.Final/netty-common-4.1.63.Final.jar:/home/runner/.m2/repository/io/netty/netty-buffer/4.1.63.Final/netty-buffer-4.1.63.Final.jar:/home/runner/.m2/repository/io/netty/netty-transport-native-unix-common/4.1.63.Final/netty-transport-native-unix-common-4.1.63.Final.jar:/home/runner/.m2/repository/io/grpc/grpc-protobuf/1.33.0/grpc-protobuf-1.33.0.jar:/home/runner/.m2/repository/io/grpc/grpc-api/1.33.0/grpc-api-1.33.0.jar:/home/runner/.m2/repository/io/grpc/grpc-context/1.33.0/grpc-context-1.33.0.jar:/home/runner/.m2/repository/com/google/api/grpc/proto-google-common-protos/1.17.0/proto-google-common-protos-1.17.0.jar:/home/runner/.m2/repository/io/grpc/grpc-protobuf-lite/1.33.0/grpc-protobuf-lite-1.33.0.jar:/home/runner/.m2/repository/io/grpc/grpc-stub/1.33.0/grpc-stub-1.33.0.jar:/home/runner/.m2/repository/org/apache/ozone/ozone-recon/1.2.0-SNAPSHOT/ozone-recon-1.2.0-SNAPSHOT.jar:/home/runner/.m2/repository/org/apache/ozone/ozone-reconcodegen/1.2.0-SNAPSHOT/ozone-reconcodegen-1.2.0-SNAPSHOT.jar:/home/runner/.m2/repository/com/google/inject/extensions/guice-multibindings/4.0/guice-multibindings-4.0.jar:/home/runner/.m2/repository/com/google/inject/guice/4.0/guice-4.0.jar:/home/runner/.m2/repository/aopalliance/aopalliance/1.0/aopalliance-1.0.jar:/home/runner/.m2/repository/com/google/inject/extensions/guice-assistedinject/4.0/guice-assistedinject-4.0.jar:/home/runner/.m2/repository/com/google/inject/extensions/guice-servlet/4.0/guice-servlet-4.0.jar:/home/runner/.m2/repository/org/glassfish/jersey/containers/jersey-container-servlet/2.33/jersey-container-servlet-2.33.jar:/home/runner/.m2/repository/org/glassfish/hk2/guice-bridge/2.5.0/guice-bridge-2.5.0.jar:/home/runner/.m2/repository/org/glassfish/jersey/core/jersey-server/2.33/jersey-server-2.33.jar:/home/runner/.m2/repository/org/glassfish/jersey/core/jersey-client/2.33/jersey-client-2.33.jar:/home/runner/.m2/repository/jakarta/annotation/jakarta.annotation-api/1.3.5/jakarta.annotation-api-1.3.5.jar:/home/runner/.m2/repository/jakarta/validation/jakarta.validation-api/2.0.2/jakarta.validation-api-2.0.2.jar:/home/runner/.m2/repository/org/glassfish/jersey/media/jersey-media-json-jackson/2.33/jersey-media-json-jackson-2.33.jar:/home/runner/.m2/repository/org/glassfish/jersey/ext/jersey-entity-filtering/2.33/jersey-entity-filtering-2.33.jar:/home/runner/.m2/repository/org/jooq/jooq/3.11.10/jooq-3.11.10.jar:/home/runner/.m2/repository/org/jooq/jooq-meta/3.11.10/jooq-meta-3.11.10.jar:/home/runner/.m2/repository/org/jooq/jooq-codegen/3.11.10/jooq-codegen-3.11.10.jar:/home/runner/.m2/repository/com/jolbox/bonecp/0.8.0.RELEASE/bonecp-0.8.0.RELEASE.jar:/home/runner/.m2/repository/org/apache/derby/derby/10.14.2.0/derby-10.14.2.0.jar:/home/runner/.m2/repository/org/xerial/sqlite-jdbc/3.25.2/sqlite-jdbc-3.25.2.jar:/home/runner/.m2/repository/org/springframework/spring-jdbc/5.2.18.RELEASE/spring-jdbc-5.2.18.RELEASE.jar:/home/runner/.m2/repository/org/springframework/spring-beans/5.2.18.RELEASE/spring-beans-5.2.18.RELEASE.jar:/home/runner/.m2/repository/org/springframework/spring-core/5.2.18.RELEASE/spring-core-5.2.18.RELEASE.jar:/home/runner/.m2/repository/org/springframework/spring-jcl/5.2.18.RELEASE/spring-jcl-5.2.18.RELEASE.jar:/home/runner/.m2/repository/org/springframework/spring-tx/5.2.18.RELEASE/spring-tx-5.2.18.RELEASE.jar:/home/runner/.m2/repository/org/apache/ozone/ozone-client/1.2.0-SNAPSHOT/ozone-client-1.2.0-SNAPSHOT.jar:/home/runner/.m2/repository/org/apache/ozone/ozone-filesystem/1.2.0-SNAPSHOT/ozone-filesystem-1.2.0-SNAPSHOT.jar:/home/runner/.m2/repository/org/apache/ozone/ozone-filesystem-common/1.2.0-SNAPSHOT/ozone-filesystem-common-1.2.0-SNAPSHOT.jar:/home/runner/.m2/repository/org/apache/ozone/ozone-tools/1.2.0-SNAPSHOT/ozone-tools-1.2.0-SNAPSHOT.jar:/home/runner/.m2/repository/org/apache/ratis/ratis-tools/2.2.0/ratis-tools-2.2.0.jar:/home/runner/.m2/repository/com/amazonaws/aws-java-sdk-core/1.11.1034/aws-java-sdk-core-1.11.1034.jar:/home/runner/.m2/repository/org/apache/httpcomponents/httpclient/4.5.13/httpclient-4.5.13.jar:/home/runner/.m2/repository/org/apache/httpcomponents/httpcore/4.4.13/httpcore-4.4.13.jar:/home/runner/.m2/repository/software/amazon/ion/ion-java/1.0.2/ion-java-1.0.2.jar:/home/runner/.m2/repository/com/fasterxml/jackson/dataformat/jackson-dataformat-cbor/2.12.1/jackson-dataformat-cbor-2.12.1.jar:/home/runner/.m2/repository/joda-time/joda-time/2.8.1/joda-time-2.8.1.jar:/home/runner/.m2/repository/com/amazonaws/aws-java-sdk-s3/1.11.1034/aws-java-sdk-s3-1.11.1034.jar:/home/runner/.m2/repository/com/amazonaws/aws-java-sdk-kms/1.11.1034/aws-java-sdk-kms-1.11.1034.jar:/home/runner/.m2/repository/com/amazonaws/jmespath-java/1.11.1034/jmespath-java-1.11.1034.jar:/home/runner/.m2/repository/org/kohsuke/metainf-services/metainf-services/1.8/metainf-services-1.8.jar:/home/runner/.m2/repository/org/apache/ozone/hdds-tools/1.2.0-SNAPSHOT/hdds-tools-1.2.0-SNAPSHOT.jar:/home/runner/.m2/repository/commons-cli/commons-cli/1.2/commons-cli-1.2.jar:/home/runner/.m2/repository/org/apache/commons/commons-lang3/3.7/commons-lang3-3.7.jar:/home/runner/.m2/repository/org/apache/ozone/ozone-manager/1.2.0-SNAPSHOT/ozone-manager-1.2.0-SNAPSHOT-tests.jar:/home/runner/.m2/repository/org/apache/ozone/hdds-common/1.2.0-SNAPSHOT/hdds-common-1.2.0-SNAPSHOT-tests.jar:/home/runner/.m2/repository/org/apache/ozone/hdds-hadoop-dependency-client/1.2.0-SNAPSHOT/hdds-hadoop-dependency-client-1.2.0-SNAPSHOT.jar:/home/runner/.m2/repository/info/picocli/picocli/4.6.1/picocli-4.6.1.jar:/home/runner/.m2/repository/com/fasterxml/jackson/core/jackson-annotations/2.12.1/jackson-annotations-2.12.1.jar:/home/runner/.m2/repository/javax/annotation/javax.annotation-api/1.2/javax.annotation-api-1.2.jar:/home/runner/.m2/repository/org/apache/ratis/ratis-server/2.2.0/ratis-server-2.2.0.jar:/home/runner/.m2/repository/org/apache/ratis/ratis-client/2.2.0/ratis-client-2.2.0.jar:/home/runner/.m2/repository/org/apache/ratis/ratis-server-api/2.2.0/ratis-server-api-2.2.0.jar:/home/runner/.m2/repository/org/apache/ratis/ratis-metrics/2.2.0/ratis-metrics-2.2.0.jar:/home/runner/.m2/repository/org/apache/ratis/ratis-netty/2.2.0/ratis-netty-2.2.0.jar:/home/runner/.m2/repository/org/apache/ratis/ratis-grpc/2.2.0/ratis-grpc-2.2.0.jar:/home/runner/.m2/repository/org/apache/logging/log4j/log4j-api/2.13.3/log4j-api-2.13.3.jar:/home/runner/.m2/repository/org/apache/logging/log4j/log4j-core/2.13.3/log4j-core-2.13.3.jar:/home/runner/.m2/repository/com/lmax/disruptor/3.4.2/disruptor-3.4.2.jar:/home/runner/.m2/repository/org/apache/commons/commons-pool2/2.6.0/commons-pool2-2.6.0.jar:/home/runner/.m2/repository/org/bouncycastle/bcpkix-jdk15on/1.67/bcpkix-jdk15on-1.67.jar:/home/runner/.m2/repository/commons-validator/commons-validator/1.6/commons-validator-1.6.jar:/home/runner/.m2/repository/commons-beanutils/commons-beanutils/1.9.4/commons-beanutils-1.9.4.jar:/home/runner/.m2/repository/commons-digester/commons-digester/1.8.1/commons-digester-1.8.1.jar:/home/runner/.m2/repository/commons-collections/commons-collections/3.2.2/commons-collections-3.2.2.jar:/home/runner/.m2/repository/io/jaegertracing/jaeger-client/1.6.0/jaeger-client-1.6.0.jar:/home/runner/.m2/repository/io/jaegertracing/jaeger-thrift/1.6.0/jaeger-thrift-1.6.0.jar:/home/runner/.m2/repository/org/apache/thrift/libthrift/0.14.1/libthrift-0.14.1.jar:/home/runner/.m2/repository/com/squareup/okhttp3/okhttp/4.9.0/okhttp-4.9.0.jar:/home/runner/.m2/repository/com/squareup/okio/okio/2.8.0/okio-2.8.0.jar:/home/runner/.m2/repository/io/jaegertracing/jaeger-core/1.6.0/jaeger-core-1.6.0.jar:/home/runner/.m2/repository/io/jaegertracing/jaeger-tracerresolver/1.6.0/jaeger-tracerresolver-1.6.0.jar:/home/runner/.m2/repository/io/opentracing/contrib/opentracing-tracerresolver/0.1.8/opentracing-tracerresolver-0.1.8.jar:/home/runner/.m2/repository/org/jetbrains/kotlin/kotlin-stdlib/1.4.31/kotlin-stdlib-1.4.31.jar:/home/runner/.m2/repository/org/jetbrains/kotlin/kotlin-stdlib-common/1.4.31/kotlin-stdlib-common-1.4.31.jar:/home/runner/.m2/repository/org/jetbrains/annotations/13.0/annotations-13.0.jar:/home/runner/.m2/repository/io/opentracing/opentracing-util/0.33.0/opentracing-util-0.33.0.jar:/home/runner/.m2/repository/io/opentracing/opentracing-api/0.33.0/opentracing-api-0.33.0.jar:/home/runner/.m2/repository/io/opentracing/opentracing-noop/0.33.0/opentracing-noop-0.33.0.jar:/home/runner/.m2/repository/org/yaml/snakeyaml/1.26/snakeyaml-1.26.jar:/home/runner/.m2/repository/org/apache/ozone/hdds-interface-admin/1.2.0-SNAPSHOT/hdds-interface-admin-1.2.0-SNAPSHOT.jar:/home/runner/.m2/repository/junit/junit/4.13.1/junit-4.13.1.jar:/home/runner/.m2/repository/org/hamcrest/hamcrest-core/1.3/hamcrest-core-1.3.jar:/home/runner/.m2/repository/org/junit/jupiter/junit-jupiter-api/5.7.0/junit-jupiter-api-5.7.0.jar:/home/runner/.m2/repository/org/apiguardian/apiguardian-api/1.1.0/apiguardian-api-1.1.0.jar:/home/runner/.m2/repository/org/opentest4j/opentest4j/1.2.0/opentest4j-1.2.0.jar:/home/runner/.m2/repository/org/junit/platform/junit-platform-commons/1.7.0/junit-platform-commons-1.7.0.jar:/home/runner/.m2/repository/org/junit/jupiter/junit-jupiter-engine/5.7.0/junit-jupiter-engine-5.7.0.jar:/home/runner/.m2/repository/org/junit/platform/junit-platform-engine/1.7.0/junit-platform-engine-1.7.0.jar:/home/runner/.m2/repository/org/junit/vintage/junit-vintage-engine/5.7.0/junit-vintage-engine-5.7.0.jar:/home/runner/.m2/repository/org/junit/platform/junit-platform-launcher/1.7.0/junit-platform-launcher-1.7.0.jar:/home/runner/.m2/repository/org/openjdk/jmh/jmh-core/1.19/jmh-core-1.19.jar:/home/runner/.m2/repository/net/sf/jopt-simple/jopt-simple/4.6/jopt-simple-4.6.jar:/home/runner/.m2/repository/org/apache/commons/commons-math3/3.1.1/commons-math3-3.1.1.jar:/home/runner/.m2/repository/org/openjdk/jmh/jmh-generator-annprocess/1.19/jmh-generator-annprocess-1.19.jar:/home/runner/.m2/repository/org/mockito/mockito-core/2.28.2/mockito-core-2.28.2.jar:/home/runner/.m2/repository/net/bytebuddy/byte-buddy/1.9.10/byte-buddy-1.9.10.jar:/home/runner/.m2/repository/net/bytebuddy/byte-buddy-agent/1.9.10/byte-buddy-agent-1.9.10.jar:/home/runner/.m2/repository/org/objenesis/objenesis/1.0/objenesis-1.0.jar:/home/runner/.m2/repository/org/apache/hadoop/hadoop-kms/3.3.1/hadoop-kms-3.3.1.jar:/home/runner/.m2/repository/org/apache/hadoop/hadoop-auth/3.3.1/hadoop-auth-3.3.1.jar:/home/runner/.m2/repository/com/nimbusds/nimbus-jose-jwt/7.9/nimbus-jose-jwt-7.9.jar:/home/runner/.m2/repository/com/github/stephenc/jcip/jcip-annotations/1.0-1/jcip-annotations-1.0-1.jar:/home/runner/.m2/repository/net/minidev/json-smart/2.3.1/json-smart-2.3.1.jar:/home/runner/.m2/repository/net/minidev/accessors-smart/2.3.1/accessors-smart-2.3.1.jar:/home/runner/.m2/repository/org/ow2/asm/asm/5.0.4/asm-5.0.4.jar:/home/runner/.m2/repository/org/apache/zookeeper/zookeeper/3.5.6/zookeeper-3.5.6.jar:/home/runner/.m2/repository/org/apache/zookeeper/zookeeper-jute/3.5.6/zookeeper-jute-3.5.6.jar:/home/runner/.m2/repository/org/apache/yetus/audience-annotations/0.5.0/audience-annotations-0.5.0.jar:/home/runner/.m2/repository/org/apache/curator/curator-framework/4.2.0/curator-framework-4.2.0.jar:/home/runner/.m2/repository/org/apache/hadoop/thirdparty/hadoop-shaded-guava/1.1.1/hadoop-shaded-guava-1.1.1.jar:/home/runner/.m2/repository/com/sun/jersey/jersey-core/1.19/jersey-core-1.19.jar:/home/runner/.m2/repository/javax/ws/rs/jsr311-api/1.1.1/jsr311-api-1.1.1.jar:/home/runner/.m2/repository/com/sun/jersey/jersey-server/1.19/jersey-server-1.19.jar:/home/runner/.m2/repository/javax/servlet/javax.servlet-api/3.1.0/javax.servlet-api-3.1.0.jar:/home/runner/.m2/repository/org/eclipse/jetty/jetty-server/9.4.43.v20210629/jetty-server-9.4.43.v20210629.jar:/home/runner/.m2/repository/org/eclipse/jetty/jetty-http/9.4.43.v20210629/jetty-http-9.4.43.v20210629.jar:/home/runner/.m2/repository/org/eclipse/jetty/jetty-io/9.4.43.v20210629/jetty-io-9.4.43.v20210629.jar:/home/runner/.m2/repository/org/eclipse/jetty/jetty-webapp/9.4.43.v20210629/jetty-webapp-9.4.43.v20210629.jar:/home/runner/.m2/repository/org/eclipse/jetty/jetty-xml/9.4.43.v20210629/jetty-xml-9.4.43.v20210629.jar:/home/runner/.m2/repository/org/apache/hadoop/hadoop-common/3.3.1/hadoop-common-3.3.1.jar:/home/runner/.m2/repository/commons-net/commons-net/3.6/commons-net-3.6.jar:/home/runner/.m2/repository/jakarta/activation/jakarta.activation-api/1.2.1/jakarta.activation-api-1.2.1.jar:/home/runner/.m2/repository/com/sun/jersey/jersey-servlet/1.19/jersey-servlet-1.19.jar:/home/runner/.m2/repository/com/sun/jersey/jersey-json/1.19/jersey-json-1.19.jar:/home/runner/.m2/repository/org/codehaus/jettison/jettison/1.1/jettison-1.1.jar:/home/runner/.m2/repository/com/sun/xml/bind/jaxb-impl/2.2.3-1/jaxb-impl-2.2.3-1.jar:/home/runner/.m2/repository/org/codehaus/jackson/jackson-jaxrs/1.9.2/jackson-jaxrs-1.9.2.jar:/home/runner/.m2/repository/org/codehaus/jackson/jackson-xc/1.9.2/jackson-xc-1.9.2.jar:/home/runner/.m2/repository/org/apache/commons/commons-configuration2/2.1.1/commons-configuration2-2.1.1.jar:/home/runner/.m2/repository/org/apache/commons/commons-text/1.4/commons-text-1.4.jar:/home/runner/.m2/repository/com/google/re2j/re2j/1.1/re2j-1.1.jar:/home/runner/.m2/repository/com/jcraft/jsch/0.1.54/jsch-0.1.54.jar:/home/runner/.m2/repository/org/apache/curator/curator-client/4.2.0/curator-client-4.2.0.jar:/home/runner/.m2/repository/org/apache/curator/curator-recipes/4.2.0/curator-recipes-4.2.0.jar:/home/runner/.m2/repository/org/apache/kerby/kerb-core/1.0.1/kerb-core-1.0.1.jar:/home/runner/.m2/repository/org/apache/kerby/kerby-pkix/1.0.1/kerby-pkix-1.0.1.jar:/home/runner/.m2/repository/org/apache/kerby/kerby-asn1/1.0.1/kerby-asn1-1.0.1.jar:/home/runner/.m2/repository/org/apache/kerby/kerby-util/1.0.1/kerby-util-1.0.1.jar:/home/runner/.m2/repository/dnsjava/dnsjava/2.1.7/dnsjava-2.1.7.jar:/home/runner/.m2/repository/org/xerial/snappy/snappy-java/1.1.8.2/snappy-java-1.1.8.2.jar:/home/runner/.m2/repository/org/slf4j/jul-to-slf4j/1.7.30/jul-to-slf4j-1.7.30.jar:/home/runner/.m2/repository/org/eclipse/jetty/jetty-util/9.4.43.v20210629/jetty-util-9.4.43.v20210629.jar:/home/runner/.m2/repository/com/fasterxml/jackson/core/jackson-databind/2.12.1/jackson-databind-2.12.1.jar:/home/runner/.m2/repository/org/apache/hadoop/hadoop-kms/3.3.1/hadoop-kms-3.3.1-tests.jar:/home/runner/.m2/repository/org/apache/ozone/hdds-server-scm/1.2.0-SNAPSHOT/hdds-server-scm-1.2.0-SNAPSHOT-tests.jar:/home/runner/.m2/repository/org/apache/ozone/hdds-container-service/1.2.0-SNAPSHOT/hdds-container-service-1.2.0-SNAPSHOT-tests.jar:/home/runner/.m2/repository/commons-codec/commons-codec/1.11/commons-codec-1.11.jar:/home/runner/.m2/repository/io/netty/netty-transport/4.1.63.Final/netty-transport-4.1.63.Final.jar:/home/runner/.m2/repository/io/netty/netty-resolver/4.1.63.Final/netty-resolver-4.1.63.Final.jar:/home/runner/.m2/repository/io/netty/netty-codec/4.1.63.Final/netty-codec-4.1.63.Final.jar:/home/runner/.m2/repository/io/netty/netty-handler/4.1.63.Final/netty-handler-4.1.63.Final.jar:/home/runner/.m2/repository/org/apache/ozone/hdds-hadoop-dependency-test/1.2.0-SNAPSHOT/hdds-hadoop-dependency-test-1.2.0-SNAPSHOT.jar:/home/runner/.m2/repository/org/apache/hadoop/hadoop-common/3.3.1/hadoop-common-3.3.1-tests.jar:/home/runner/.m2/repository/org/assertj/assertj-core/3.12.2/assertj-core-3.12.2.jar:/home/runner/.m2/repository/org/apache/hadoop/hadoop-hdfs/3.3.1/hadoop-hdfs-3.3.1-tests.jar:/home/runner/.m2/repository/org/eclipse/jetty/jetty-util-ajax/9.4.43.v20210629/jetty-util-ajax-9.4.43.v20210629.jar:/home/runner/.m2/repository/commons-daemon/commons-daemon/1.0.13/commons-daemon-1.0.13.jar:/home/runner/.m2/repository/io/netty/netty/3.10.6.Final/netty-3.10.6.Final.jar:/home/runner/.m2/repository/io/netty/netty-all/4.1.63.Final/netty-all-4.1.63.Final.jar:/home/runner/.m2/repository/org/apache/htrace/htrace-core4/4.1.0-incubating/htrace-core4-4.1.0-incubating.jar:/home/runner/.m2/repository/org/fusesource/leveldbjni/leveldbjni-all/1.8/leveldbjni-all-1.8.jar:/home/runner/.m2/repository/org/apache/hadoop/hadoop-distcp/3.3.1/hadoop-distcp-3.3.1.jar:/home/runner/.m2/repository/org/apache/hadoop/hadoop-mapreduce-client-jobclient/3.3.1/hadoop-mapreduce-client-jobclient-3.3.1.jar:/home/runner/.m2/repository/org/apache/hadoop/hadoop-mapreduce-client-common/3.3.1/hadoop-mapreduce-client-common-3.3.1.jar:/home/runner/.m2/repository/org/apache/hadoop/hadoop-yarn-common/3.3.1/hadoop-yarn-common-3.3.1.jar:/home/runner/.m2/repository/org/apache/hadoop/hadoop-yarn-api/3.3.1/hadoop-yarn-api-3.3.1.jar:/home/runner/.m2/repository/com/sun/jersey/jersey-client/1.19/jersey-client-1.19.jar:/home/runner/.m2/repository/com/sun/jersey/contribs/jersey-guice/1.19/jersey-guice-1.19.jar:/home/runner/.m2/repository/com/fasterxml/jackson/jaxrs/jackson-jaxrs-json-provider/2.12.1/jackson-jaxrs-json-provider-2.12.1.jar:/home/runner/.m2/repository/com/fasterxml/jackson/jaxrs/jackson-jaxrs-base/2.12.1/jackson-jaxrs-base-2.12.1.jar:/home/runner/.m2/repository/org/apache/hadoop/hadoop-yarn-client/3.3.1/hadoop-yarn-client-3.3.1.jar:/home/runner/.m2/repository/org/eclipse/jetty/websocket/websocket-client/9.4.40.v20210413/websocket-client-9.4.40.v20210413.jar:/home/runner/.m2/repository/org/eclipse/jetty/jetty-client/9.4.40.v20210413/jetty-client-9.4.40.v20210413.jar:/home/runner/.m2/repository/org/eclipse/jetty/websocket/websocket-common/9.4.40.v20210413/websocket-common-9.4.40.v20210413.jar:/home/runner/.m2/repository/org/eclipse/jetty/websocket/websocket-api/9.4.40.v20210413/websocket-api-9.4.40.v20210413.jar:/home/runner/.m2/repository/org/jline/jline/3.9.0/jline-3.9.0.jar:/home/runner/.m2/repository/org/apache/hadoop/hadoop-mapreduce-client-core/3.3.1/hadoop-mapreduce-client-core-3.3.1.jar:/home/runner/.m2/repository/org/apache/avro/avro/1.7.7/avro-1.7.7.jar:/home/runner/.m2/repository/org/codehaus/jackson/jackson-core-asl/1.9.13/jackson-core-asl-1.9.13.jar:/home/runner/.m2/repository/org/codehaus/jackson/jackson-mapper-asl/1.9.13/jackson-mapper-asl-1.9.13.jar:/home/runner/.m2/repository/com/thoughtworks/paranamer/paranamer/2.3/paranamer-2.3.jar:/home/runner/.m2/repository/org/apache/hadoop/hadoop-annotations/3.3.1/hadoop-annotations-3.3.1.jar:/usr/lib/jvm/adoptopenjdk-8-hotspot-amd64/jre/../lib/tools.jar:/home/runner/.m2/repository/org/apache/hadoop/hadoop-distcp/3.3.1/hadoop-distcp-3.3.1-tests.jar:/home/runner/.m2/repository/org/apache/ratis/ratis-common/2.2.0/ratis-common-2.2.0.jar:/home/runner/.m2/repository/org/apache/ratis/ratis-thirdparty-misc/0.7.0/ratis-thirdparty-misc-0.7.0.jar:/home/runner/.m2/repository/org/apache/ratis/ratis-proto/2.2.0/ratis-proto-2.2.0.jar:"/>
    <property name="java.vm.vendor" value="AdoptOpenJDK"/>
    <property name="sun.arch.data.model" value="64"/>
    <property name="test.build.dir" value="/home/runner/work/ozone/ozone/hadoop-ozone/integration-test/target/test-dir"/>
    <property name="test.cache.data" value=""/>
    <property name="java.vendor.url" value="https://adoptopenjdk.net/"/>
    <property name="user.timezone" value=""/>
    <property name="java.vm.specification.version" value="1.8"/>
    <property name="os.name" value="Linux"/>
    <property name="test.build.data" value="/home/runner/work/ozone/ozone/hadoop-ozone/integration-test/target/test-dir"/>
    <property name="sun.java.launcher" value="SUN_STANDARD"/>
    <property name="sun.boot.library.path" value="/usr/lib/jvm/adoptopenjdk-8-hotspot-amd64/jre/lib/amd64"/>
    <property name="sun.java.command" value="/home/runner/work/ozone/ozone/hadoop-ozone/integration-test/target/surefire/surefirebooter7734563880989800261.jar /home/runner/work/ozone/ozone/hadoop-ozone/integration-test/target/surefire 2021-11-14T00-54-45_183-jvmRun1 surefire613647819984059193tmp surefire_16218124846989617865tmp"/>
    <property name="surefire.test.class.path" value="/home/runner/work/ozone/ozone/hadoop-ozone/integration-test/target/test-classes:/home/runner/work/ozone/ozone/hadoop-ozone/integration-test/target/classes:/home/runner/.m2/repository/org/apache/ozone/ozone-common/1.2.0-SNAPSHOT/ozone-common-1.2.0-SNAPSHOT.jar:/home/runner/.m2/repository/org/apache/commons/commons-compress/1.21/commons-compress-1.21.jar:/home/runner/.m2/repository/org/apache/ozone/hdds-common/1.2.0-SNAPSHOT/hdds-common-1.2.0-SNAPSHOT.jar:/home/runner/.m2/repository/org/apache/ozone/hdds-client/1.2.0-SNAPSHOT/hdds-client-1.2.0-SNAPSHOT.jar:/home/runner/.m2/repository/org/apache/ozone/ozone-interface-client/1.2.0-SNAPSHOT/ozone-interface-client-1.2.0-SNAPSHOT.jar:/home/runner/.m2/repository/org/apache/ozone/hdds-test-utils/1.2.0-SNAPSHOT/hdds-test-utils-1.2.0-SNAPSHOT.jar:/home/runner/.m2/repository/com/google/guava/guava/30.1.1-jre/guava-30.1.1-jre.jar:/home/runner/.m2/repository/com/google/guava/failureaccess/1.0.1/failureaccess-1.0.1.jar:/home/runner/.m2/repository/com/google/guava/listenablefuture/9999.0-empty-to-avoid-conflict-with-guava/listenablefuture-9999.0-empty-to-avoid-conflict-with-guava.jar:/home/runner/.m2/repository/com/google/code/findbugs/jsr305/3.0.0/jsr305-3.0.0.jar:/home/runner/.m2/repository/org/checkerframework/checker-qual/3.8.0/checker-qual-3.8.0.jar:/home/runner/.m2/repository/com/google/errorprone/error_prone_annotations/2.2.0/error_prone_annotations-2.2.0.jar:/home/runner/.m2/repository/com/google/j2objc/j2objc-annotations/1.3/j2objc-annotations-1.3.jar:/home/runner/.m2/repository/commons-io/commons-io/2.11.0/commons-io-2.11.0.jar:/home/runner/.m2/repository/commons-logging/commons-logging/1.2/commons-logging-1.2.jar:/home/runner/.m2/repository/log4j/log4j/1.2.17/log4j-1.2.17.jar:/home/runner/.m2/repository/org/slf4j/slf4j-api/1.7.30/slf4j-api-1.7.30.jar:/home/runner/.m2/repository/org/apache/ozone/hdds-server-scm/1.2.0-SNAPSHOT/hdds-server-scm-1.2.0-SNAPSHOT.jar:/home/runner/.m2/repository/org/apache/ozone/hdds-container-service/1.2.0-SNAPSHOT/hdds-container-service-1.2.0-SNAPSHOT.jar:/home/runner/.m2/repository/org/apache/ozone/hdds-hadoop-dependency-server/1.2.0-SNAPSHOT/hdds-hadoop-dependency-server-1.2.0-SNAPSHOT.jar:/home/runner/.m2/repository/org/apache/hadoop/hadoop-hdfs/3.3.1/hadoop-hdfs-3.3.1.jar:/home/runner/.m2/repository/org/apache/ozone/hdds-server-framework/1.2.0-SNAPSHOT/hdds-server-framework-1.2.0-SNAPSHOT.jar:/home/runner/.m2/repository/org/apache/ozone/hdds-interface-server/1.2.0-SNAPSHOT/hdds-interface-server-1.2.0-SNAPSHOT.jar:/home/runner/.m2/repository/org/eclipse/jetty/jetty-servlet/9.4.43.v20210629/jetty-servlet-9.4.43.v20210629.jar:/home/runner/.m2/repository/org/eclipse/jetty/jetty-security/9.4.43.v20210629/jetty-security-9.4.43.v20210629.jar:/home/runner/.m2/repository/org/rocksdb/rocksdbjni/6.25.3/rocksdbjni-6.25.3.jar:/home/runner/.m2/repository/io/prometheus/simpleclient_dropwizard/0.7.0/simpleclient_dropwizard-0.7.0.jar:/home/runner/.m2/repository/io/prometheus/simpleclient/0.7.0/simpleclient-0.7.0.jar:/home/runner/.m2/repository/io/prometheus/simpleclient_common/0.7.0/simpleclient_common-0.7.0.jar:/home/runner/.m2/repository/com/fasterxml/jackson/datatype/jackson-datatype-jsr310/2.12.1/jackson-datatype-jsr310-2.12.1.jar:/home/runner/.m2/repository/io/dropwizard/metrics/metrics-core/3.2.4/metrics-core-3.2.4.jar:/home/runner/.m2/repository/org/apache/hadoop/hadoop-hdfs-client/3.3.1/hadoop-hdfs-client-3.3.1.jar:/home/runner/.m2/repository/org/bouncycastle/bcprov-jdk15on/1.67/bcprov-jdk15on-1.67.jar:/home/runner/.m2/repository/com/google/protobuf/protobuf-java/2.5.0/protobuf-java-2.5.0.jar:/home/runner/.m2/repository/org/apache/ozone/ozone-manager/1.2.0-SNAPSHOT/ozone-manager-1.2.0-SNAPSHOT.jar:/home/runner/.m2/repository/org/aspectj/aspectjrt/1.9.7/aspectjrt-1.9.7.jar:/home/runner/.m2/repository/org/aspectj/aspectjweaver/1.9.7/aspectjweaver-1.9.7.jar:/home/runner/.m2/repository/org/apache/ozone/hdds-interface-client/1.2.0-SNAPSHOT/hdds-interface-client-1.2.0-SNAPSHOT.jar:/home/runner/.m2/repository/org/apache/hadoop/thirdparty/hadoop-shaded-protobuf_3_7/1.1.1/hadoop-shaded-protobuf_3_7-1.1.1.jar:/home/runner/.m2/repository/org/apache/ozone/ozone-interface-storage/1.2.0-SNAPSHOT/ozone-interface-storage-1.2.0-SNAPSHOT.jar:/home/runner/.m2/repository/org/reflections/reflections/0.9.11/reflections-0.9.11.jar:/home/runner/.m2/repository/org/apache/hadoop/hadoop-minikdc/3.3.1/hadoop-minikdc-3.3.1.jar:/home/runner/.m2/repository/org/apache/kerby/kerb-simplekdc/1.0.1/kerb-simplekdc-1.0.1.jar:/home/runner/.m2/repository/org/apache/kerby/kerb-client/1.0.1/kerb-client-1.0.1.jar:/home/runner/.m2/repository/org/apache/kerby/kerby-config/1.0.1/kerby-config-1.0.1.jar:/home/runner/.m2/repository/org/apache/kerby/kerb-common/1.0.1/kerb-common-1.0.1.jar:/home/runner/.m2/repository/org/apache/kerby/kerb-crypto/1.0.1/kerb-crypto-1.0.1.jar:/home/runner/.m2/repository/org/apache/kerby/kerb-util/1.0.1/kerb-util-1.0.1.jar:/home/runner/.m2/repository/org/apache/kerby/token-provider/1.0.1/token-provider-1.0.1.jar:/home/runner/.m2/repository/org/apache/kerby/kerb-admin/1.0.1/kerb-admin-1.0.1.jar:/home/runner/.m2/repository/org/apache/kerby/kerb-server/1.0.1/kerb-server-1.0.1.jar:/home/runner/.m2/repository/org/apache/kerby/kerb-identity/1.0.1/kerb-identity-1.0.1.jar:/home/runner/.m2/repository/org/apache/kerby/kerby-xdr/1.0.1/kerby-xdr-1.0.1.jar:/home/runner/.m2/repository/org/slf4j/slf4j-log4j12/1.7.30/slf4j-log4j12-1.7.30.jar:/home/runner/.m2/repository/org/apache/ozone/ozone-s3gateway/1.2.0-SNAPSHOT/ozone-s3gateway-1.2.0-SNAPSHOT.jar:/home/runner/.m2/repository/org/javassist/javassist/3.21.0-GA/javassist-3.21.0-GA.jar:/home/runner/.m2/repository/org/jboss/weld/servlet/weld-servlet/2.4.7.Final/weld-servlet-2.4.7.Final.jar:/home/runner/.m2/repository/org/glassfish/jersey/containers/jersey-container-servlet-core/2.33/jersey-container-servlet-core-2.33.jar:/home/runner/.m2/repository/org/glassfish/hk2/external/jakarta.inject/2.6.1/jakarta.inject-2.6.1.jar:/home/runner/.m2/repository/org/glassfish/jersey/core/jersey-common/2.33/jersey-common-2.33.jar:/home/runner/.m2/repository/jakarta/ws/rs/jakarta.ws.rs-api/2.1.6/jakarta.ws.rs-api-2.1.6.jar:/home/runner/.m2/repository/org/glassfish/jersey/ext/cdi/jersey-cdi1x/2.33/jersey-cdi1x-2.33.jar:/home/runner/.m2/repository/org/glassfish/jersey/inject/jersey-hk2/2.33/jersey-hk2-2.33.jar:/home/runner/.m2/repository/org/glassfish/hk2/hk2-locator/2.6.1/hk2-locator-2.6.1.jar:/home/runner/.m2/repository/org/glassfish/jersey/media/jersey-media-jaxb/2.33/jersey-media-jaxb-2.33.jar:/home/runner/.m2/repository/org/glassfish/hk2/osgi-resource-locator/1.0.3/osgi-resource-locator-1.0.3.jar:/home/runner/.m2/repository/org/glassfish/hk2/hk2-api/2.5.0/hk2-api-2.5.0.jar:/home/runner/.m2/repository/org/glassfish/hk2/hk2-utils/2.5.0/hk2-utils-2.5.0.jar:/home/runner/.m2/repository/org/glassfish/hk2/external/aopalliance-repackaged/2.5.0/aopalliance-repackaged-2.5.0.jar:/home/runner/.m2/repository/com/fasterxml/jackson/dataformat/jackson-dataformat-xml/2.12.1/jackson-dataformat-xml-2.12.1.jar:/home/runner/.m2/repository/com/fasterxml/jackson/core/jackson-core/2.12.1/jackson-core-2.12.1.jar:/home/runner/.m2/repository/com/fasterxml/jackson/module/jackson-module-jaxb-annotations/2.12.1/jackson-module-jaxb-annotations-2.12.1.jar:/home/runner/.m2/repository/jakarta/xml/bind/jakarta.xml.bind-api/2.3.2/jakarta.xml.bind-api-2.3.2.jar:/home/runner/.m2/repository/org/codehaus/woodstox/stax2-api/3.1.4/stax2-api-3.1.4.jar:/home/runner/.m2/repository/com/fasterxml/woodstox/woodstox-core/5.0.3/woodstox-core-5.0.3.jar:/home/runner/.m2/repository/javax/enterprise/cdi-api/1.2/cdi-api-1.2.jar:/home/runner/.m2/repository/javax/el/javax.el-api/3.0.0/javax.el-api-3.0.0.jar:/home/runner/.m2/repository/javax/interceptor/javax.interceptor-api/1.2/javax.interceptor-api-1.2.jar:/home/runner/.m2/repository/javax/inject/javax.inject/1/javax.inject-1.jar:/home/runner/.m2/repository/javax/xml/bind/jaxb-api/2.3.0/jaxb-api-2.3.0.jar:/home/runner/.m2/repository/org/glassfish/jaxb/jaxb-runtime/2.3.0.1/jaxb-runtime-2.3.0.1.jar:/home/runner/.m2/repository/org/glassfish/jaxb/jaxb-core/2.3.0.1/jaxb-core-2.3.0.1.jar:/home/runner/.m2/repository/org/glassfish/jaxb/txw2/2.3.0.1/txw2-2.3.0.1.jar:/home/runner/.m2/repository/com/sun/istack/istack-commons-runtime/3.0.5/istack-commons-runtime-3.0.5.jar:/home/runner/.m2/repository/org/jvnet/staxex/stax-ex/1.7.8/stax-ex-1.7.8.jar:/home/runner/.m2/repository/com/sun/xml/fastinfoset/FastInfoset/1.2.13/FastInfoset-1.2.13.jar:/home/runner/.m2/repository/javax/activation/activation/1.1.1/activation-1.1.1.jar:/home/runner/.m2/repository/org/apache/ozone/ozone-csi/1.2.0-SNAPSHOT/ozone-csi-1.2.0-SNAPSHOT.jar:/home/runner/.m2/repository/com/google/protobuf/protobuf-java-util/3.12.0/protobuf-java-util-3.12.0.jar:/home/runner/.m2/repository/com/google/code/gson/gson/2.2.4/gson-2.2.4.jar:/home/runner/.m2/repository/org/apache/ozone/hdds-config/1.2.0-SNAPSHOT/hdds-config-1.2.0-SNAPSHOT.jar:/home/runner/.m2/repository/io/grpc/grpc-netty/1.33.0/grpc-netty-1.33.0.jar:/home/runner/.m2/repository/io/grpc/grpc-core/1.33.0/grpc-core-1.33.0.jar:/home/runner/.m2/repository/com/google/android/annotations/4.1.1.4/annotations-4.1.1.4.jar:/home/runner/.m2/repository/io/netty/netty-codec-http2/4.1.63.Final/netty-codec-http2-4.1.63.Final.jar:/home/runner/.m2/repository/io/netty/netty-codec-http/4.1.63.Final/netty-codec-http-4.1.63.Final.jar:/home/runner/.m2/repository/io/netty/netty-handler-proxy/4.1.63.Final/netty-handler-proxy-4.1.63.Final.jar:/home/runner/.m2/repository/io/netty/netty-codec-socks/4.1.63.Final/netty-codec-socks-4.1.63.Final.jar:/home/runner/.m2/repository/io/perfmark/perfmark-api/0.19.0/perfmark-api-0.19.0.jar:/home/runner/.m2/repository/org/codehaus/mojo/animal-sniffer-annotations/1.18/animal-sniffer-annotations-1.18.jar:/home/runner/.m2/repository/io/netty/netty-transport-native-epoll/4.1.63.Final/netty-transport-native-epoll-4.1.63.Final.jar:/home/runner/.m2/repository/io/netty/netty-common/4.1.63.Final/netty-common-4.1.63.Final.jar:/home/runner/.m2/repository/io/netty/netty-buffer/4.1.63.Final/netty-buffer-4.1.63.Final.jar:/home/runner/.m2/repository/io/netty/netty-transport-native-unix-common/4.1.63.Final/netty-transport-native-unix-common-4.1.63.Final.jar:/home/runner/.m2/repository/io/grpc/grpc-protobuf/1.33.0/grpc-protobuf-1.33.0.jar:/home/runner/.m2/repository/io/grpc/grpc-api/1.33.0/grpc-api-1.33.0.jar:/home/runner/.m2/repository/io/grpc/grpc-context/1.33.0/grpc-context-1.33.0.jar:/home/runner/.m2/repository/com/google/api/grpc/proto-google-common-protos/1.17.0/proto-google-common-protos-1.17.0.jar:/home/runner/.m2/repository/io/grpc/grpc-protobuf-lite/1.33.0/grpc-protobuf-lite-1.33.0.jar:/home/runner/.m2/repository/io/grpc/grpc-stub/1.33.0/grpc-stub-1.33.0.jar:/home/runner/.m2/repository/org/apache/ozone/ozone-recon/1.2.0-SNAPSHOT/ozone-recon-1.2.0-SNAPSHOT.jar:/home/runner/.m2/repository/org/apache/ozone/ozone-reconcodegen/1.2.0-SNAPSHOT/ozone-reconcodegen-1.2.0-SNAPSHOT.jar:/home/runner/.m2/repository/com/google/inject/extensions/guice-multibindings/4.0/guice-multibindings-4.0.jar:/home/runner/.m2/repository/com/google/inject/guice/4.0/guice-4.0.jar:/home/runner/.m2/repository/aopalliance/aopalliance/1.0/aopalliance-1.0.jar:/home/runner/.m2/repository/com/google/inject/extensions/guice-assistedinject/4.0/guice-assistedinject-4.0.jar:/home/runner/.m2/repository/com/google/inject/extensions/guice-servlet/4.0/guice-servlet-4.0.jar:/home/runner/.m2/repository/org/glassfish/jersey/containers/jersey-container-servlet/2.33/jersey-container-servlet-2.33.jar:/home/runner/.m2/repository/org/glassfish/hk2/guice-bridge/2.5.0/guice-bridge-2.5.0.jar:/home/runner/.m2/repository/org/glassfish/jersey/core/jersey-server/2.33/jersey-server-2.33.jar:/home/runner/.m2/repository/org/glassfish/jersey/core/jersey-client/2.33/jersey-client-2.33.jar:/home/runner/.m2/repository/jakarta/annotation/jakarta.annotation-api/1.3.5/jakarta.annotation-api-1.3.5.jar:/home/runner/.m2/repository/jakarta/validation/jakarta.validation-api/2.0.2/jakarta.validation-api-2.0.2.jar:/home/runner/.m2/repository/org/glassfish/jersey/media/jersey-media-json-jackson/2.33/jersey-media-json-jackson-2.33.jar:/home/runner/.m2/repository/org/glassfish/jersey/ext/jersey-entity-filtering/2.33/jersey-entity-filtering-2.33.jar:/home/runner/.m2/repository/org/jooq/jooq/3.11.10/jooq-3.11.10.jar:/home/runner/.m2/repository/org/jooq/jooq-meta/3.11.10/jooq-meta-3.11.10.jar:/home/runner/.m2/repository/org/jooq/jooq-codegen/3.11.10/jooq-codegen-3.11.10.jar:/home/runner/.m2/repository/com/jolbox/bonecp/0.8.0.RELEASE/bonecp-0.8.0.RELEASE.jar:/home/runner/.m2/repository/org/apache/derby/derby/10.14.2.0/derby-10.14.2.0.jar:/home/runner/.m2/repository/org/xerial/sqlite-jdbc/3.25.2/sqlite-jdbc-3.25.2.jar:/home/runner/.m2/repository/org/springframework/spring-jdbc/5.2.18.RELEASE/spring-jdbc-5.2.18.RELEASE.jar:/home/runner/.m2/repository/org/springframework/spring-beans/5.2.18.RELEASE/spring-beans-5.2.18.RELEASE.jar:/home/runner/.m2/repository/org/springframework/spring-core/5.2.18.RELEASE/spring-core-5.2.18.RELEASE.jar:/home/runner/.m2/repository/org/springframework/spring-jcl/5.2.18.RELEASE/spring-jcl-5.2.18.RELEASE.jar:/home/runner/.m2/repository/org/springframework/spring-tx/5.2.18.RELEASE/spring-tx-5.2.18.RELEASE.jar:/home/runner/.m2/repository/org/apache/ozone/ozone-client/1.2.0-SNAPSHOT/ozone-client-1.2.0-SNAPSHOT.jar:/home/runner/.m2/repository/org/apache/ozone/ozone-filesystem/1.2.0-SNAPSHOT/ozone-filesystem-1.2.0-SNAPSHOT.jar:/home/runner/.m2/repository/org/apache/ozone/ozone-filesystem-common/1.2.0-SNAPSHOT/ozone-filesystem-common-1.2.0-SNAPSHOT.jar:/home/runner/.m2/repository/org/apache/ozone/ozone-tools/1.2.0-SNAPSHOT/ozone-tools-1.2.0-SNAPSHOT.jar:/home/runner/.m2/repository/org/apache/ratis/ratis-tools/2.2.0/ratis-tools-2.2.0.jar:/home/runner/.m2/repository/com/amazonaws/aws-java-sdk-core/1.11.1034/aws-java-sdk-core-1.11.1034.jar:/home/runner/.m2/repository/org/apache/httpcomponents/httpclient/4.5.13/httpclient-4.5.13.jar:/home/runner/.m2/repository/org/apache/httpcomponents/httpcore/4.4.13/httpcore-4.4.13.jar:/home/runner/.m2/repository/software/amazon/ion/ion-java/1.0.2/ion-java-1.0.2.jar:/home/runner/.m2/repository/com/fasterxml/jackson/dataformat/jackson-dataformat-cbor/2.12.1/jackson-dataformat-cbor-2.12.1.jar:/home/runner/.m2/repository/joda-time/joda-time/2.8.1/joda-time-2.8.1.jar:/home/runner/.m2/repository/com/amazonaws/aws-java-sdk-s3/1.11.1034/aws-java-sdk-s3-1.11.1034.jar:/home/runner/.m2/repository/com/amazonaws/aws-java-sdk-kms/1.11.1034/aws-java-sdk-kms-1.11.1034.jar:/home/runner/.m2/repository/com/amazonaws/jmespath-java/1.11.1034/jmespath-java-1.11.1034.jar:/home/runner/.m2/repository/org/kohsuke/metainf-services/metainf-services/1.8/metainf-services-1.8.jar:/home/runner/.m2/repository/org/apache/ozone/hdds-tools/1.2.0-SNAPSHOT/hdds-tools-1.2.0-SNAPSHOT.jar:/home/runner/.m2/repository/commons-cli/commons-cli/1.2/commons-cli-1.2.jar:/home/runner/.m2/repository/org/apache/commons/commons-lang3/3.7/commons-lang3-3.7.jar:/home/runner/.m2/repository/org/apache/ozone/ozone-manager/1.2.0-SNAPSHOT/ozone-manager-1.2.0-SNAPSHOT-tests.jar:/home/runner/.m2/repository/org/apache/ozone/hdds-common/1.2.0-SNAPSHOT/hdds-common-1.2.0-SNAPSHOT-tests.jar:/home/runner/.m2/repository/org/apache/ozone/hdds-hadoop-dependency-client/1.2.0-SNAPSHOT/hdds-hadoop-dependency-client-1.2.0-SNAPSHOT.jar:/home/runner/.m2/repository/info/picocli/picocli/4.6.1/picocli-4.6.1.jar:/home/runner/.m2/repository/com/fasterxml/jackson/core/jackson-annotations/2.12.1/jackson-annotations-2.12.1.jar:/home/runner/.m2/repository/javax/annotation/javax.annotation-api/1.2/javax.annotation-api-1.2.jar:/home/runner/.m2/repository/org/apache/ratis/ratis-server/2.2.0/ratis-server-2.2.0.jar:/home/runner/.m2/repository/org/apache/ratis/ratis-client/2.2.0/ratis-client-2.2.0.jar:/home/runner/.m2/repository/org/apache/ratis/ratis-server-api/2.2.0/ratis-server-api-2.2.0.jar:/home/runner/.m2/repository/org/apache/ratis/ratis-metrics/2.2.0/ratis-metrics-2.2.0.jar:/home/runner/.m2/repository/org/apache/ratis/ratis-netty/2.2.0/ratis-netty-2.2.0.jar:/home/runner/.m2/repository/org/apache/ratis/ratis-grpc/2.2.0/ratis-grpc-2.2.0.jar:/home/runner/.m2/repository/org/apache/logging/log4j/log4j-api/2.13.3/log4j-api-2.13.3.jar:/home/runner/.m2/repository/org/apache/logging/log4j/log4j-core/2.13.3/log4j-core-2.13.3.jar:/home/runner/.m2/repository/com/lmax/disruptor/3.4.2/disruptor-3.4.2.jar:/home/runner/.m2/repository/org/apache/commons/commons-pool2/2.6.0/commons-pool2-2.6.0.jar:/home/runner/.m2/repository/org/bouncycastle/bcpkix-jdk15on/1.67/bcpkix-jdk15on-1.67.jar:/home/runner/.m2/repository/commons-validator/commons-validator/1.6/commons-validator-1.6.jar:/home/runner/.m2/repository/commons-beanutils/commons-beanutils/1.9.4/commons-beanutils-1.9.4.jar:/home/runner/.m2/repository/commons-digester/commons-digester/1.8.1/commons-digester-1.8.1.jar:/home/runner/.m2/repository/commons-collections/commons-collections/3.2.2/commons-collections-3.2.2.jar:/home/runner/.m2/repository/io/jaegertracing/jaeger-client/1.6.0/jaeger-client-1.6.0.jar:/home/runner/.m2/repository/io/jaegertracing/jaeger-thrift/1.6.0/jaeger-thrift-1.6.0.jar:/home/runner/.m2/repository/org/apache/thrift/libthrift/0.14.1/libthrift-0.14.1.jar:/home/runner/.m2/repository/com/squareup/okhttp3/okhttp/4.9.0/okhttp-4.9.0.jar:/home/runner/.m2/repository/com/squareup/okio/okio/2.8.0/okio-2.8.0.jar:/home/runner/.m2/repository/io/jaegertracing/jaeger-core/1.6.0/jaeger-core-1.6.0.jar:/home/runner/.m2/repository/io/jaegertracing/jaeger-tracerresolver/1.6.0/jaeger-tracerresolver-1.6.0.jar:/home/runner/.m2/repository/io/opentracing/contrib/opentracing-tracerresolver/0.1.8/opentracing-tracerresolver-0.1.8.jar:/home/runner/.m2/repository/org/jetbrains/kotlin/kotlin-stdlib/1.4.31/kotlin-stdlib-1.4.31.jar:/home/runner/.m2/repository/org/jetbrains/kotlin/kotlin-stdlib-common/1.4.31/kotlin-stdlib-common-1.4.31.jar:/home/runner/.m2/repository/org/jetbrains/annotations/13.0/annotations-13.0.jar:/home/runner/.m2/repository/io/opentracing/opentracing-util/0.33.0/opentracing-util-0.33.0.jar:/home/runner/.m2/repository/io/opentracing/opentracing-api/0.33.0/opentracing-api-0.33.0.jar:/home/runner/.m2/repository/io/opentracing/opentracing-noop/0.33.0/opentracing-noop-0.33.0.jar:/home/runner/.m2/repository/org/yaml/snakeyaml/1.26/snakeyaml-1.26.jar:/home/runner/.m2/repository/org/apache/ozone/hdds-interface-admin/1.2.0-SNAPSHOT/hdds-interface-admin-1.2.0-SNAPSHOT.jar:/home/runner/.m2/repository/junit/junit/4.13.1/junit-4.13.1.jar:/home/runner/.m2/repository/org/hamcrest/hamcrest-core/1.3/hamcrest-core-1.3.jar:/home/runner/.m2/repository/org/junit/jupiter/junit-jupiter-api/5.7.0/junit-jupiter-api-5.7.0.jar:/home/runner/.m2/repository/org/apiguardian/apiguardian-api/1.1.0/apiguardian-api-1.1.0.jar:/home/runner/.m2/repository/org/opentest4j/opentest4j/1.2.0/opentest4j-1.2.0.jar:/home/runner/.m2/repository/org/junit/platform/junit-platform-commons/1.7.0/junit-platform-commons-1.7.0.jar:/home/runner/.m2/repository/org/junit/jupiter/junit-jupiter-engine/5.7.0/junit-jupiter-engine-5.7.0.jar:/home/runner/.m2/repository/org/junit/platform/junit-platform-engine/1.7.0/junit-platform-engine-1.7.0.jar:/home/runner/.m2/repository/org/junit/vintage/junit-vintage-engine/5.7.0/junit-vintage-engine-5.7.0.jar:/home/runner/.m2/repository/org/junit/platform/junit-platform-launcher/1.7.0/junit-platform-launcher-1.7.0.jar:/home/runner/.m2/repository/org/openjdk/jmh/jmh-core/1.19/jmh-core-1.19.jar:/home/runner/.m2/repository/net/sf/jopt-simple/jopt-simple/4.6/jopt-simple-4.6.jar:/home/runner/.m2/repository/org/apache/commons/commons-math3/3.1.1/commons-math3-3.1.1.jar:/home/runner/.m2/repository/org/openjdk/jmh/jmh-generator-annprocess/1.19/jmh-generator-annprocess-1.19.jar:/home/runner/.m2/repository/org/mockito/mockito-core/2.28.2/mockito-core-2.28.2.jar:/home/runner/.m2/repository/net/bytebuddy/byte-buddy/1.9.10/byte-buddy-1.9.10.jar:/home/runner/.m2/repository/net/bytebuddy/byte-buddy-agent/1.9.10/byte-buddy-agent-1.9.10.jar:/home/runner/.m2/repository/org/objenesis/objenesis/1.0/objenesis-1.0.jar:/home/runner/.m2/repository/org/apache/hadoop/hadoop-kms/3.3.1/hadoop-kms-3.3.1.jar:/home/runner/.m2/repository/org/apache/hadoop/hadoop-auth/3.3.1/hadoop-auth-3.3.1.jar:/home/runner/.m2/repository/com/nimbusds/nimbus-jose-jwt/7.9/nimbus-jose-jwt-7.9.jar:/home/runner/.m2/repository/com/github/stephenc/jcip/jcip-annotations/1.0-1/jcip-annotations-1.0-1.jar:/home/runner/.m2/repository/net/minidev/json-smart/2.3.1/json-smart-2.3.1.jar:/home/runner/.m2/repository/net/minidev/accessors-smart/2.3.1/accessors-smart-2.3.1.jar:/home/runner/.m2/repository/org/ow2/asm/asm/5.0.4/asm-5.0.4.jar:/home/runner/.m2/repository/org/apache/zookeeper/zookeeper/3.5.6/zookeeper-3.5.6.jar:/home/runner/.m2/repository/org/apache/zookeeper/zookeeper-jute/3.5.6/zookeeper-jute-3.5.6.jar:/home/runner/.m2/repository/org/apache/yetus/audience-annotations/0.5.0/audience-annotations-0.5.0.jar:/home/runner/.m2/repository/org/apache/curator/curator-framework/4.2.0/curator-framework-4.2.0.jar:/home/runner/.m2/repository/org/apache/hadoop/thirdparty/hadoop-shaded-guava/1.1.1/hadoop-shaded-guava-1.1.1.jar:/home/runner/.m2/repository/com/sun/jersey/jersey-core/1.19/jersey-core-1.19.jar:/home/runner/.m2/repository/javax/ws/rs/jsr311-api/1.1.1/jsr311-api-1.1.1.jar:/home/runner/.m2/repository/com/sun/jersey/jersey-server/1.19/jersey-server-1.19.jar:/home/runner/.m2/repository/javax/servlet/javax.servlet-api/3.1.0/javax.servlet-api-3.1.0.jar:/home/runner/.m2/repository/org/eclipse/jetty/jetty-server/9.4.43.v20210629/jetty-server-9.4.43.v20210629.jar:/home/runner/.m2/repository/org/eclipse/jetty/jetty-http/9.4.43.v20210629/jetty-http-9.4.43.v20210629.jar:/home/runner/.m2/repository/org/eclipse/jetty/jetty-io/9.4.43.v20210629/jetty-io-9.4.43.v20210629.jar:/home/runner/.m2/repository/org/eclipse/jetty/jetty-webapp/9.4.43.v20210629/jetty-webapp-9.4.43.v20210629.jar:/home/runner/.m2/repository/org/eclipse/jetty/jetty-xml/9.4.43.v20210629/jetty-xml-9.4.43.v20210629.jar:/home/runner/.m2/repository/org/apache/hadoop/hadoop-common/3.3.1/hadoop-common-3.3.1.jar:/home/runner/.m2/repository/commons-net/commons-net/3.6/commons-net-3.6.jar:/home/runner/.m2/repository/jakarta/activation/jakarta.activation-api/1.2.1/jakarta.activation-api-1.2.1.jar:/home/runner/.m2/repository/com/sun/jersey/jersey-servlet/1.19/jersey-servlet-1.19.jar:/home/runner/.m2/repository/com/sun/jersey/jersey-json/1.19/jersey-json-1.19.jar:/home/runner/.m2/repository/org/codehaus/jettison/jettison/1.1/jettison-1.1.jar:/home/runner/.m2/repository/com/sun/xml/bind/jaxb-impl/2.2.3-1/jaxb-impl-2.2.3-1.jar:/home/runner/.m2/repository/org/codehaus/jackson/jackson-jaxrs/1.9.2/jackson-jaxrs-1.9.2.jar:/home/runner/.m2/repository/org/codehaus/jackson/jackson-xc/1.9.2/jackson-xc-1.9.2.jar:/home/runner/.m2/repository/org/apache/commons/commons-configuration2/2.1.1/commons-configuration2-2.1.1.jar:/home/runner/.m2/repository/org/apache/commons/commons-text/1.4/commons-text-1.4.jar:/home/runner/.m2/repository/com/google/re2j/re2j/1.1/re2j-1.1.jar:/home/runner/.m2/repository/com/jcraft/jsch/0.1.54/jsch-0.1.54.jar:/home/runner/.m2/repository/org/apache/curator/curator-client/4.2.0/curator-client-4.2.0.jar:/home/runner/.m2/repository/org/apache/curator/curator-recipes/4.2.0/curator-recipes-4.2.0.jar:/home/runner/.m2/repository/org/apache/kerby/kerb-core/1.0.1/kerb-core-1.0.1.jar:/home/runner/.m2/repository/org/apache/kerby/kerby-pkix/1.0.1/kerby-pkix-1.0.1.jar:/home/runner/.m2/repository/org/apache/kerby/kerby-asn1/1.0.1/kerby-asn1-1.0.1.jar:/home/runner/.m2/repository/org/apache/kerby/kerby-util/1.0.1/kerby-util-1.0.1.jar:/home/runner/.m2/repository/dnsjava/dnsjava/2.1.7/dnsjava-2.1.7.jar:/home/runner/.m2/repository/org/xerial/snappy/snappy-java/1.1.8.2/snappy-java-1.1.8.2.jar:/home/runner/.m2/repository/org/slf4j/jul-to-slf4j/1.7.30/jul-to-slf4j-1.7.30.jar:/home/runner/.m2/repository/org/eclipse/jetty/jetty-util/9.4.43.v20210629/jetty-util-9.4.43.v20210629.jar:/home/runner/.m2/repository/com/fasterxml/jackson/core/jackson-databind/2.12.1/jackson-databind-2.12.1.jar:/home/runner/.m2/repository/org/apache/hadoop/hadoop-kms/3.3.1/hadoop-kms-3.3.1-tests.jar:/home/runner/.m2/repository/org/apache/ozone/hdds-server-scm/1.2.0-SNAPSHOT/hdds-server-scm-1.2.0-SNAPSHOT-tests.jar:/home/runner/.m2/repository/org/apache/ozone/hdds-container-service/1.2.0-SNAPSHOT/hdds-container-service-1.2.0-SNAPSHOT-tests.jar:/home/runner/.m2/repository/commons-codec/commons-codec/1.11/commons-codec-1.11.jar:/home/runner/.m2/repository/io/netty/netty-transport/4.1.63.Final/netty-transport-4.1.63.Final.jar:/home/runner/.m2/repository/io/netty/netty-resolver/4.1.63.Final/netty-resolver-4.1.63.Final.jar:/home/runner/.m2/repository/io/netty/netty-codec/4.1.63.Final/netty-codec-4.1.63.Final.jar:/home/runner/.m2/repository/io/netty/netty-handler/4.1.63.Final/netty-handler-4.1.63.Final.jar:/home/runner/.m2/repository/org/apache/ozone/hdds-hadoop-dependency-test/1.2.0-SNAPSHOT/hdds-hadoop-dependency-test-1.2.0-SNAPSHOT.jar:/home/runner/.m2/repository/org/apache/hadoop/hadoop-common/3.3.1/hadoop-common-3.3.1-tests.jar:/home/runner/.m2/repository/org/assertj/assertj-core/3.12.2/assertj-core-3.12.2.jar:/home/runner/.m2/repository/org/apache/hadoop/hadoop-hdfs/3.3.1/hadoop-hdfs-3.3.1-tests.jar:/home/runner/.m2/repository/org/eclipse/jetty/jetty-util-ajax/9.4.43.v20210629/jetty-util-ajax-9.4.43.v20210629.jar:/home/runner/.m2/repository/commons-daemon/commons-daemon/1.0.13/commons-daemon-1.0.13.jar:/home/runner/.m2/repository/io/netty/netty/3.10.6.Final/netty-3.10.6.Final.jar:/home/runner/.m2/repository/io/netty/netty-all/4.1.63.Final/netty-all-4.1.63.Final.jar:/home/runner/.m2/repository/org/apache/htrace/htrace-core4/4.1.0-incubating/htrace-core4-4.1.0-incubating.jar:/home/runner/.m2/repository/org/fusesource/leveldbjni/leveldbjni-all/1.8/leveldbjni-all-1.8.jar:/home/runner/.m2/repository/org/apache/hadoop/hadoop-distcp/3.3.1/hadoop-distcp-3.3.1.jar:/home/runner/.m2/repository/org/apache/hadoop/hadoop-mapreduce-client-jobclient/3.3.1/hadoop-mapreduce-client-jobclient-3.3.1.jar:/home/runner/.m2/repository/org/apache/hadoop/hadoop-mapreduce-client-common/3.3.1/hadoop-mapreduce-client-common-3.3.1.jar:/home/runner/.m2/repository/org/apache/hadoop/hadoop-yarn-common/3.3.1/hadoop-yarn-common-3.3.1.jar:/home/runner/.m2/repository/org/apache/hadoop/hadoop-yarn-api/3.3.1/hadoop-yarn-api-3.3.1.jar:/home/runner/.m2/repository/com/sun/jersey/jersey-client/1.19/jersey-client-1.19.jar:/home/runner/.m2/repository/com/sun/jersey/contribs/jersey-guice/1.19/jersey-guice-1.19.jar:/home/runner/.m2/repository/com/fasterxml/jackson/jaxrs/jackson-jaxrs-json-provider/2.12.1/jackson-jaxrs-json-provider-2.12.1.jar:/home/runner/.m2/repository/com/fasterxml/jackson/jaxrs/jackson-jaxrs-base/2.12.1/jackson-jaxrs-base-2.12.1.jar:/home/runner/.m2/repository/org/apache/hadoop/hadoop-yarn-client/3.3.1/hadoop-yarn-client-3.3.1.jar:/home/runner/.m2/repository/org/eclipse/jetty/websocket/websocket-client/9.4.40.v20210413/websocket-client-9.4.40.v20210413.jar:/home/runner/.m2/repository/org/eclipse/jetty/jetty-client/9.4.40.v20210413/jetty-client-9.4.40.v20210413.jar:/home/runner/.m2/repository/org/eclipse/jetty/websocket/websocket-common/9.4.40.v20210413/websocket-common-9.4.40.v20210413.jar:/home/runner/.m2/repository/org/eclipse/jetty/websocket/websocket-api/9.4.40.v20210413/websocket-api-9.4.40.v20210413.jar:/home/runner/.m2/repository/org/jline/jline/3.9.0/jline-3.9.0.jar:/home/runner/.m2/repository/org/apache/hadoop/hadoop-mapreduce-client-core/3.3.1/hadoop-mapreduce-client-core-3.3.1.jar:/home/runner/.m2/repository/org/apache/avro/avro/1.7.7/avro-1.7.7.jar:/home/runner/.m2/repository/org/codehaus/jackson/jackson-core-asl/1.9.13/jackson-core-asl-1.9.13.jar:/home/runner/.m2/repository/org/codehaus/jackson/jackson-mapper-asl/1.9.13/jackson-mapper-asl-1.9.13.jar:/home/runner/.m2/repository/com/thoughtworks/paranamer/paranamer/2.3/paranamer-2.3.jar:/home/runner/.m2/repository/org/apache/hadoop/hadoop-annotations/3.3.1/hadoop-annotations-3.3.1.jar:/usr/lib/jvm/adoptopenjdk-8-hotspot-amd64/jre/../lib/tools.jar:/home/runner/.m2/repository/org/apache/hadoop/hadoop-distcp/3.3.1/hadoop-distcp-3.3.1-tests.jar:/home/runner/.m2/repository/org/apache/ratis/ratis-common/2.2.0/ratis-common-2.2.0.jar:/home/runner/.m2/repository/org/apache/ratis/ratis-thirdparty-misc/0.7.0/ratis-thirdparty-misc-0.7.0.jar:/home/runner/.m2/repository/org/apache/ratis/ratis-proto/2.2.0/ratis-proto-2.2.0.jar:"/>
    <property name="sun.cpu.endian" value="little"/>
    <property name="user.home" value="/home/runner"/>
    <property name="user.language" value="en"/>
    <property name="java.specification.vendor" value="Oracle Corporation"/>
    <property name="java.home" value="/usr/lib/jvm/adoptopenjdk-8-hotspot-amd64/jre"/>
    <property name="java.security.krb5.conf" value="/home/runner/work/ozone/ozone/hadoop-ozone/integration-test/target/test-classes/krb5.conf"/>
    <property name="basedir" value="/home/runner/work/ozone/ozone/hadoop-ozone/integration-test"/>
    <property name="file.separator" value="/"/>
    <property name="line.separator" value="&#10;"/>
    <property name="java.vm.specification.vendor" value="Oracle Corporation"/>
    <property name="java.specification.name" value="Java Platform API Specification"/>
    <property name="java.awt.graphicsenv" value="sun.awt.X11GraphicsEnvironment"/>
    <property name="skip.installnpx" value="true"/>
    <property name="surefire.real.class.path" value="/home/runner/work/ozone/ozone/hadoop-ozone/integration-test/target/surefire/surefirebooter7734563880989800261.jar:/home/runner/.m2/repository/org/jacoco/org.jacoco.agent/0.8.5/org.jacoco.agent-0.8.5-runtime.jar"/>
    <property name="hadoop.log.dir" value="/home/runner/work/ozone/ozone/hadoop-ozone/integration-test/target/log"/>
    <property name="sun.boot.class.path" value="/usr/lib/jvm/adoptopenjdk-8-hotspot-amd64/jre/lib/resources.jar:/usr/lib/jvm/adoptopenjdk-8-hotspot-amd64/jre/lib/rt.jar:/usr/lib/jvm/adoptopenjdk-8-hotspot-amd64/jre/lib/sunrsasign.jar:/usr/lib/jvm/adoptopenjdk-8-hotspot-amd64/jre/lib/jsse.jar:/usr/lib/jvm/adoptopenjdk-8-hotspot-amd64/jre/lib/jce.jar:/usr/lib/jvm/adoptopenjdk-8-hotspot-amd64/jre/lib/charsets.jar:/usr/lib/jvm/adoptopenjdk-8-hotspot-amd64/jre/lib/jfr.jar:/usr/lib/jvm/adoptopenjdk-8-hotspot-amd64/jre/classes"/>
    <property name="sun.management.compiler" value="HotSpot 64-Bit Tiered Compilers"/>
    <property name="skip.npx" value="true"/>
    <property name="java.runtime.version" value="1.8.0_292-b10"/>
    <property name="java.net.preferIPv4Stack" value="true"/>
    <property name="user.name" value="runner"/>
    <property name="path.separator" value=":"/>
    <property name="java.security.egd" value="file:///dev/urandom"/>
    <property name="os.version" value="5.4.0-1062-azure"/>
    <property name="java.endorsed.dirs" value="/usr/lib/jvm/adoptopenjdk-8-hotspot-amd64/jre/lib/endorsed"/>
    <property name="java.runtime.name" value="OpenJDK Runtime Environment"/>
    <property name="file.encoding" value="UTF-8"/>
    <property name="java.vm.name" value="OpenJDK 64-Bit Server VM"/>
    <property name="test.build.webapps" value=""/>
    <property name="localRepository" value="/home/runner/.m2/repository"/>
    <property name="java.vendor.url.bug" value="https://github.com/AdoptOpenJDK/openjdk-support/issues"/>
    <property name="java.io.tmpdir" value="/tmp"/>
    <property name="require.test.libhadoop" value=""/>
    <property name="java.version" value="1.8.0_292"/>
    <property name="user.dir" value="/home/runner/work/ozone/ozone/hadoop-ozone/integration-test"/>
    <property name="os.arch" value="amd64"/>
    <property name="java.vm.specification.name" value="Java Virtual Machine Specification"/>
    <property name="test.build.classes" value="/home/runner/work/ozone/ozone/hadoop-ozone/integration-test/target/test-classes"/>
    <property name="java.awt.printerjob" value="sun.print.PSPrinterJob"/>
    <property name="sun.os.patch.level" value="unknown"/>
    <property name="hadoop.tmp.dir" value="/home/runner/work/ozone/ozone/hadoop-ozone/integration-test/target/tmp"/>
    <property name="java.library.path" value="/usr/java/packages/lib/amd64:/usr/lib64:/lib64:/lib:/usr/lib"/>
    <property name="java.vm.info" value="mixed mode"/>
    <property name="java.vendor" value="AdoptOpenJDK"/>
    <property name="java.vm.version" value="25.292-b10"/>
    <property name="java.ext.dirs" value="/usr/lib/jvm/adoptopenjdk-8-hotspot-amd64/jre/lib/ext:/usr/java/packages/lib/ext"/>
    <property name="sun.io.unicode.encoding" value="UnicodeLittle"/>
    <property name="java.class.version" value="52.0"/>
  </properties>
  <testcase name="test2DatanodesFailure" classname="org.apache.hadoop.ozone.client.rpc.TestBlockOutputStreamWithFailuresFlushDelay" time="70.579"/>
  <testcase name="testDatanodeFailureWithPreAllocation" classname="org.apache.hadoop.ozone.client.rpc.TestBlockOutputStreamWithFailuresFlushDelay" time="103.637"/>
  <testcase name="testDatanodeFailureWithSingleNodeRatis" classname="org.apache.hadoop.ozone.client.rpc.TestBlockOutputStreamWithFailuresFlushDelay" time="300.043">
    <error message="test timed out after 300 seconds" type="org.junit.runners.model.TestTimedOutException">org.junit.runners.model.TestTimedOutException: test timed out after 300 seconds
	at java.lang.Object.wait(Native Method)
	at java.util.concurrent.ForkJoinTask.externalAwaitDone(ForkJoinTask.java:334)
	at java.util.concurrent.ForkJoinTask.doInvoke(ForkJoinTask.java:405)
	at java.util.concurrent.ForkJoinTask.invoke(ForkJoinTask.java:734)
	at java.util.stream.ForEachOps$ForEachOp.evaluateParallel(ForEachOps.java:159)
	at java.util.stream.ForEachOps$ForEachOp$OfRef.evaluateParallel(ForEachOps.java:173)
	at java.util.stream.AbstractPipeline.evaluate(AbstractPipeline.java:233)
	at java.util.stream.ReferencePipeline.forEach(ReferencePipeline.java:485)
	at java.util.stream.ReferencePipeline$Head.forEach(ReferencePipeline.java:650)
	at org.apache.hadoop.ozone.MiniOzoneClusterImpl.stopDatanodes(MiniOzoneClusterImpl.java:529)
	at org.apache.hadoop.ozone.MiniOzoneClusterImpl.stop(MiniOzoneClusterImpl.java:470)
	at org.apache.hadoop.ozone.MiniOzoneClusterImpl.shutdown(MiniOzoneClusterImpl.java:457)
	at org.apache.hadoop.ozone.client.rpc.TestBlockOutputStreamWithFailuresFlushDelay.shutdown(TestBlockOutputStreamWithFailuresFlushDelay.java:160)
	at sun.reflect.NativeMethodAccessorImpl.invoke0(Native Method)
	at sun.reflect.NativeMethodAccessorImpl.invoke(NativeMethodAccessorImpl.java:62)
	at sun.reflect.DelegatingMethodAccessorImpl.invoke(DelegatingMethodAccessorImpl.java:43)
	at java.lang.reflect.Method.invoke(Method.java:498)
	at org.junit.runners.model.FrameworkMethod$1.runReflectiveCall(FrameworkMethod.java:59)
	at org.junit.internal.runners.model.ReflectiveCallable.run(ReflectiveCallable.java:12)
	at org.junit.runners.model.FrameworkMethod.invokeExplosively(FrameworkMethod.java:56)
	at org.junit.internal.runners.statements.RunAfters.invokeMethod(RunAfters.java:46)
	at org.junit.internal.runners.statements.RunAfters.evaluate(RunAfters.java:33)
	at org.junit.internal.runners.statements.FailOnTimeout$CallableStatement.call(FailOnTimeout.java:288)
	at org.junit.internal.runners.statements.FailOnTimeout$CallableStatement.call(FailOnTimeout.java:282)
	at java.util.concurrent.FutureTask.run(FutureTask.java:266)
	at java.lang.Thread.run(Thread.java:748)
</error>
    <system-out><![CDATA[2021-11-14 01:04:17,157 [Time-limited test] WARN  server.ServerUtils (ServerUtils.java:getScmDbDir(148)) - ozone.scm.db.dirs is not configured. We recommend adding this setting. Falling back to ozone.metadata.dirs instead.
2021-11-14 01:04:17,183 [Time-limited test] INFO  ha.SCMHANodeDetails (SCMHANodeDetails.java:loadSCMHAConfig(157)) - ServiceID for StorageContainerManager is null
2021-11-14 01:04:17,183 [Time-limited test] INFO  ha.SCMHANodeDetails (SCMHANodeDetails.java:loadSCMHAConfig(162)) - ozone.scm.default.service.id is not defined, falling back to ozone.scm.service.ids to find serviceID for StorageContainerManager if it is HA enabled cluster
2021-11-14 01:04:17,185 [Time-limited test] WARN  server.ServerUtils (ServerUtils.java:getScmDbDir(148)) - ozone.scm.db.dirs is not configured. We recommend adding this setting. Falling back to ozone.metadata.dirs instead.
2021-11-14 01:04:17,186 [Time-limited test] INFO  upgrade.AbstractLayoutVersionManager (AbstractLayoutVersionManager.java:init(79)) - Initializing Layout version manager with metadata layout = SCM_HA (version = 2), software layout = SCM_HA (version = 2)
2021-11-14 01:04:17,382 [Time-limited test] INFO  reflections.Reflections (Reflections.java:scan(232)) - Reflections took 195 ms to scan 7 urls, producing 119 keys and 279 values 
2021-11-14 01:04:17,384 [Time-limited test] WARN  utils.HAUtils (HAUtils.java:getMetaDir(342)) - ozone.scm.db.dirs is not configured. We recommend adding this setting. Falling back to ozone.metadata.dirs instead.
2021-11-14 01:04:17,398 [Time-limited test] WARN  db.DBStoreBuilder (DBStoreBuilder.java:applyDBDefinition(145)) - ozone.scm.db.dirs is not configured. We recommend adding this setting. Falling back to ozone.metadata.dirs instead.
2021-11-14 01:04:17,600 [Time-limited test] INFO  net.NodeSchemaLoader (NodeSchemaLoader.java:loadSchemaFromFile(129)) - Loading schema from [jar:file:/home/runner/.m2/repository/org/apache/ozone/hdds-common/1.2.0-SNAPSHOT/hdds-common-1.2.0-SNAPSHOT.jar!/network-topology-default.xml]
2021-11-14 01:04:17,601 [Time-limited test] INFO  net.NodeSchemaLoader (NodeSchemaLoader.java:loadSchema(176)) - Loading network topology layer schema file
2021-11-14 01:04:17,604 [Time-limited test] WARN  impl.MetricRegistriesImpl (MetricRegistriesImpl.java:addReporterRegistration(111)) - New reporters are added after registries were created. Some metrics will be missing from the reporter. Please add reporter before adding any new registry.
2021-11-14 01:04:17,604 [Time-limited test] WARN  impl.MetricRegistriesImpl (MetricRegistriesImpl.java:addReporterRegistration(111)) - New reporters are added after registries were created. Some metrics will be missing from the reporter. Please add reporter before adding any new registry.
2021-11-14 01:04:17,604 [Time-limited test] INFO  ha.SequenceIdGenerator (SequenceIdGenerator.java:upgradeToSequenceId(347)) - upgrade localId to 107544261427200000
2021-11-14 01:04:17,604 [Time-limited test] INFO  ha.SequenceIdGenerator (SequenceIdGenerator.java:upgradeToSequenceId(357)) - upgrade delTxnId to 0
2021-11-14 01:04:17,605 [Time-limited test] INFO  ha.SequenceIdGenerator (SequenceIdGenerator.java:upgradeToSequenceId(371)) - upgrade containerId to 0
2021-11-14 01:04:17,605 [Time-limited test] INFO  ha.SequenceIdGenerator (SequenceIdGenerator.java:<init>(218)) - Init the HA SequenceIdGenerator.
2021-11-14 01:04:17,605 [Time-limited test] WARN  server.ServerUtils (ServerUtils.java:sanitizeUserArgs(67)) - ozone.scm.dead.node.interval value = 10000 is smaller than min = 20000 based on the key value of ozone.scm.stale.node.interval, reset to the min value 20000.
2021-11-14 01:04:17,629 [Time-limited test] INFO  node.SCMNodeManager (SCMNodeManager.java:<init>(144)) - Entering startup safe mode.
2021-11-14 01:04:17,630 [Time-limited test] INFO  algorithms.ContainerPlacementPolicyFactory (ContainerPlacementPolicyFactory.java:getPolicy(60)) - Create container placement policy of type org.apache.hadoop.hdds.scm.container.placement.algorithms.SCMContainerPlacementRandom
2021-11-14 01:04:17,630 [Time-limited test] INFO  pipeline.PipelineStateManagerImpl (PipelineStateManagerImpl.java:initialize(78)) - No pipeline exists in current db
2021-11-14 01:04:17,630 [Time-limited test] INFO  algorithms.LeaderChoosePolicyFactory (LeaderChoosePolicyFactory.java:getPolicy(57)) - Create leader choose policy of type org.apache.hadoop.hdds.scm.pipeline.leader.choose.algorithms.MinLeaderCountChoosePolicy
2021-11-14 01:04:17,630 [Time-limited test] INFO  ha.SCMServiceManager (SCMServiceManager.java:register(43)) - Registering service BackgroundPipelineCreator.
2021-11-14 01:04:17,631 [Time-limited test] INFO  pipeline.BackgroundPipelineCreator (BackgroundPipelineCreator.java:start(130)) - Starting RatisPipelineUtilsThread.
2021-11-14 01:04:17,633 [Time-limited test] INFO  algorithms.PipelineChoosePolicyFactory (PipelineChoosePolicyFactory.java:createPipelineChoosePolicyFromClass(73)) - Create pipeline choose policy of type org.apache.hadoop.hdds.scm.pipeline.choose.algorithms.RandomPipelineChoosePolicy
2021-11-14 01:04:17,633 [Time-limited test] INFO  ha.SCMServiceManager (SCMServiceManager.java:register(43)) - Registering service SCMBlockDeletingService.
2021-11-14 01:04:17,634 [Time-limited test] INFO  ha.SCMServiceManager (SCMServiceManager.java:register(43)) - Registering service ReplicationManager.
2021-11-14 01:04:17,634 [Time-limited test] INFO  container.ReplicationManager (ReplicationManager.java:start(319)) - Starting Replication Monitor Thread.
2021-11-14 01:04:17,634 [Time-limited test] INFO  safemode.ContainerSafeModeRule (ContainerSafeModeRule.java:<init>(89)) - containers with one replica threshold count 0
2021-11-14 01:04:17,635 [Time-limited test] INFO  safemode.HealthyPipelineSafeModeRule (HealthyPipelineSafeModeRule.java:initializeRule(156)) - Total pipeline count is 0, healthy pipeline threshold count is 1
2021-11-14 01:04:17,635 [Time-limited test] INFO  safemode.OneReplicaPipelineSafeModeRule (OneReplicaPipelineSafeModeRule.java:initializeRule(180)) - Total pipeline count is 0, pipeline's with at least one datanode reported threshold count is 0
2021-11-14 01:04:17,635 [Time-limited test] INFO  ipc.CallQueueManager (CallQueueManager.java:<init>(90)) - Using callQueue: class java.util.concurrent.LinkedBlockingQueue, queueCapacity: 2000, scheduler: class org.apache.hadoop.ipc.DefaultRpcScheduler, ipcBackoff: false.
2021-11-14 01:04:17,636 [Socket Reader #1 for port 0] INFO  ipc.Server (Server.java:run(1265)) - Starting Socket Reader #1 for port 0
2021-11-14 01:04:17,637 [Listener at 0.0.0.0/43729] INFO  ipc.CallQueueManager (CallQueueManager.java:<init>(90)) - Using callQueue: class java.util.concurrent.LinkedBlockingQueue, queueCapacity: 2000, scheduler: class org.apache.hadoop.ipc.DefaultRpcScheduler, ipcBackoff: false.
2021-11-14 01:04:17,642 [Socket Reader #1 for port 0] INFO  ipc.Server (Server.java:run(1265)) - Starting Socket Reader #1 for port 0
2021-11-14 01:04:17,655 [Listener at 0.0.0.0/40983] INFO  ipc.CallQueueManager (CallQueueManager.java:<init>(90)) - Using callQueue: class java.util.concurrent.LinkedBlockingQueue, queueCapacity: 2000, scheduler: class org.apache.hadoop.ipc.DefaultRpcScheduler, ipcBackoff: false.
2021-11-14 01:04:17,658 [Socket Reader #1 for port 0] INFO  ipc.Server (Server.java:run(1265)) - Starting Socket Reader #1 for port 0
2021-11-14 01:04:17,662 [ReplicationMonitor] INFO  container.ReplicationManager (ReplicationManager.java:processAll(371)) - Replication Monitor Thread took 0 milliseconds for processing 0 containers.
2021-11-14 01:04:17,743 [Listener at 0.0.0.0/44973] INFO  algorithms.ContainerPlacementPolicyFactory (ContainerPlacementPolicyFactory.java:getPolicy(60)) - Create container placement policy of type org.apache.hadoop.hdds.scm.container.placement.algorithms.SCMContainerPlacementRandom
2021-11-14 01:04:17,745 [Listener at 0.0.0.0/44973] INFO  server.StorageContainerManager (StorageContainerManager.java:<init>(388)) - 
Container Balancer status:
Key                            Value
Running                        false
Container Balancer Configuration values:
Key                                                Value
Threshold                                          0.1
Max Datanodes to Involve per Iteration(ratio)      0.2
Max Size to Move per Iteration                     32212254720B

2021-11-14 01:04:17,745 [Listener at 0.0.0.0/44973] WARN  events.EventQueue (EventQueue.java:fireEvent(194)) - No event handler registered for event TypedEvent{payloadType=SafeModeStatus, name='Safe mode status'}
2021-11-14 01:04:17,745 [Listener at 0.0.0.0/44973] INFO  ha.SCMContext (SCMContext.java:updateSafeModeStatus(205)) - Update SafeModeStatus from SafeModeStatus{safeModeStatus=true, preCheckPassed=false} to SafeModeStatus{safeModeStatus=true, preCheckPassed=false}.
2021-11-14 01:04:17,745 [Listener at 0.0.0.0/44973] INFO  server.StorageContainerManager (StorageContainerManager.java:start(1303)) - StorageContainerLocationProtocol RPC server is listening at /0.0.0.0:44973
2021-11-14 01:04:17,747 [Listener at 0.0.0.0/44973] WARN  impl.MetricsConfig (MetricsConfig.java:loadFirst(136)) - Cannot locate configuration: tried hadoop-metrics2-storagecontainermanager.properties,hadoop-metrics2.properties
2021-11-14 01:04:17,753 [Listener at 0.0.0.0/44973] INFO  impl.MetricsSystemImpl (MetricsSystemImpl.java:startTimer(378)) - Scheduled Metric snapshot period at 10 second(s).
2021-11-14 01:04:17,753 [Listener at 0.0.0.0/44973] INFO  impl.MetricsSystemImpl (MetricsSystemImpl.java:start(191)) - StorageContainerManager metrics system started
2021-11-14 01:04:17,827 [Listener at 0.0.0.0/44973] INFO  impl.MetricsSinkAdapter (MetricsSinkAdapter.java:start(204)) - Sink prometheus started
2021-11-14 01:04:17,827 [Listener at 0.0.0.0/44973] INFO  impl.MetricsSystemImpl (MetricsSystemImpl.java:registerSink(305)) - Registered sink prometheus
2021-11-14 01:04:17,852 [Listener at 0.0.0.0/44973] INFO  server.SCMClientProtocolServer (SCMClientProtocolServer.java:start(164)) - RPC server for Client  is listening at /0.0.0.0:44973
2021-11-14 01:04:17,861 [IPC Server Responder] INFO  ipc.Server (Server.java:run(1507)) - IPC Server Responder: starting
2021-11-14 01:04:17,867 [IPC Server listener on 0] INFO  ipc.Server (Server.java:run(1344)) - IPC Server listener on 0: starting
2021-11-14 01:04:17,895 [Listener at 0.0.0.0/44973] INFO  server.StorageContainerManager (StorageContainerManager.java:start(1318)) - ScmBlockLocationProtocol RPC server is listening at /0.0.0.0:40983
2021-11-14 01:04:17,896 [Listener at 0.0.0.0/44973] INFO  server.SCMBlockProtocolServer (SCMBlockProtocolServer.java:start(151)) - RPC server for Block Protocol is listening at /0.0.0.0:40983
2021-11-14 01:04:17,898 [IPC Server Responder] INFO  ipc.Server (Server.java:run(1507)) - IPC Server Responder: starting
2021-11-14 01:04:17,902 [IPC Server listener on 0] INFO  ipc.Server (Server.java:run(1344)) - IPC Server listener on 0: starting
2021-11-14 01:04:17,962 [Listener at 0.0.0.0/44973] INFO  server.StorageContainerManager (StorageContainerManager.java:start(1324)) - ScmDatanodeProtocl RPC server is listening at /0.0.0.0:43729
2021-11-14 01:04:17,962 [Listener at 0.0.0.0/44973] INFO  server.SCMDatanodeProtocolServer (SCMDatanodeProtocolServer.java:start(181)) - RPC server for DataNodes is listening at /0.0.0.0:43729
2021-11-14 01:04:17,963 [IPC Server Responder] INFO  ipc.Server (Server.java:run(1507)) - IPC Server Responder: starting
2021-11-14 01:04:17,963 [IPC Server listener on 0] INFO  ipc.Server (Server.java:run(1344)) - IPC Server listener on 0: starting
2021-11-14 01:04:17,991 [org.apache.hadoop.util.JvmPauseMonitor$Monitor@2b769f61] INFO  util.JvmPauseMonitor (JvmPauseMonitor.java:run(188)) - Starting JVM pause monitor
2021-11-14 01:04:18,008 [Listener at 0.0.0.0/44973] INFO  http.BaseHttpServer (BaseHttpServer.java:newHttpServer2BuilderForOzone(209)) - Starting Web-server for scm at: http://0.0.0.0:0
2021-11-14 01:04:18,013 [Listener at 0.0.0.0/44973] INFO  http.BaseHttpServer (BaseHttpServer.java:<init>(107)) - Hadoop Security Enabled: false Ozone Security Enabled: false Ozone HTTP Security Enabled: false 
2021-11-14 01:04:18,019 [Listener at 0.0.0.0/44973] INFO  server.AuthenticationFilter (AuthenticationFilter.java:constructSecretProvider(240)) - Unable to initialize FileSignerSecretProvider, falling back to use random secrets.
2021-11-14 01:04:18,022 [Listener at 0.0.0.0/44973] WARN  http.HttpRequestLog (HttpRequestLog.java:getRequestLog(103)) - Jetty request log can only be enabled using Log4j
2021-11-14 01:04:18,032 [Listener at 0.0.0.0/44973] INFO  http.HttpServer2 (HttpServer2.java:addGlobalFilter(1030)) - Added global filter 'safety' (class=org.apache.hadoop.hdds.server.http.HttpServer2$QuotingInputFilter)
2021-11-14 01:04:18,042 [Listener at 0.0.0.0/44973] INFO  http.HttpServer2 (HttpServer2.java:addFilter(1006)) - Added filter static_user_filter (class=org.apache.hadoop.http.lib.StaticUserWebFilter$StaticUserFilter) to context scm
2021-11-14 01:04:18,042 [Listener at 0.0.0.0/44973] INFO  http.HttpServer2 (HttpServer2.java:addFilter(1014)) - Added filter static_user_filter (class=org.apache.hadoop.http.lib.StaticUserWebFilter$StaticUserFilter) to context static
2021-11-14 01:04:18,042 [Listener at 0.0.0.0/44973] INFO  http.HttpServer2 (HttpServer2.java:addFilter(1014)) - Added filter static_user_filter (class=org.apache.hadoop.http.lib.StaticUserWebFilter$StaticUserFilter) to context logs
2021-11-14 01:04:18,043 [Listener at 0.0.0.0/44973] INFO  http.HttpServer2 (HttpServer2.java:bindListener(1249)) - Jetty bound to port 34257
2021-11-14 01:04:18,043 [Listener at 0.0.0.0/44973] INFO  server.Server (Server.java:doStart(375)) - jetty-9.4.43.v20210629; built: 2021-06-30T11:07:22.254Z; git: 526006ecfa3af7f1a27ef3a288e2bef7ea9dd7e8; jvm 1.8.0_292-b10
2021-11-14 01:04:18,045 [Listener at 0.0.0.0/44973] INFO  server.session (DefaultSessionIdManager.java:doStart(334)) - DefaultSessionIdManager workerName=node0
2021-11-14 01:04:18,045 [Listener at 0.0.0.0/44973] INFO  server.session (DefaultSessionIdManager.java:doStart(339)) - No SessionScavenger set, using defaults
2021-11-14 01:04:18,059 [Listener at 0.0.0.0/44973] INFO  server.session (HouseKeeper.java:startScavenging(132)) - node0 Scavenging every 600000ms
2021-11-14 01:04:18,060 [Listener at 0.0.0.0/44973] INFO  handler.ContextHandler (ContextHandler.java:doStart(915)) - Started o.e.j.s.ServletContextHandler@1cbaa0d0{logs,/logs,file:///home/runner/work/ozone/ozone/hadoop-ozone/integration-test/target/log,AVAILABLE}
2021-11-14 01:04:18,060 [Listener at 0.0.0.0/44973] INFO  handler.ContextHandler (ContextHandler.java:doStart(915)) - Started o.e.j.s.ServletContextHandler@473f445b{static,/static,file:///home/runner/work/ozone/ozone/hadoop-ozone/integration-test/target/test-classes/webapps/static,AVAILABLE}
2021-11-14 01:04:18,063 [Listener at 0.0.0.0/44973] INFO  handler.ContextHandler (ContextHandler.java:doStart(915)) - Started o.e.j.w.WebAppContext@242401b4{scm,/,file:///home/runner/work/ozone/ozone/hadoop-ozone/integration-test/target/test-classes/webapps/scm/,AVAILABLE}{file:/home/runner/work/ozone/ozone/hadoop-ozone/integration-test/target/test-classes/webapps/scm}
2021-11-14 01:04:18,106 [Listener at 0.0.0.0/44973] INFO  server.AbstractConnector (AbstractConnector.java:doStart(331)) - Started ServerConnector@66640d06{HTTP/1.1, (http/1.1)}{0.0.0.0:34257}
2021-11-14 01:04:18,106 [Listener at 0.0.0.0/44973] INFO  server.Server (Server.java:doStart(415)) - Started @176374ms
2021-11-14 01:04:18,106 [Listener at 0.0.0.0/44973] WARN  impl.MetricsSystemImpl (MetricsSystemImpl.java:register(279)) - Sink prometheus already exists!
2021-11-14 01:04:18,114 [Listener at 0.0.0.0/44973] INFO  http.BaseHttpServer (BaseHttpServer.java:updateConnectorAddress(329)) - HTTP server of scm listening at http://0.0.0.0:34257
2021-11-14 01:04:18,114 [Listener at 0.0.0.0/44973] WARN  server.ServerUtils (ServerUtils.java:getDBPath(225)) - ozone.om.db.dirs is not configured. We recommend adding this setting. Falling back to ozone.metadata.dirs instead.
2021-11-14 01:04:18,117 [Listener at 0.0.0.0/44973] INFO  ha.OMHANodeDetails (OMHANodeDetails.java:loadOMHAConfig(112)) - ozone.om.internal.service.id is not defined, falling back to ozone.om.service.ids to find serviceID for OzoneManager if it is HA enabled cluster
2021-11-14 01:04:18,130 [Listener at 0.0.0.0/44973] INFO  ha.OMHANodeDetails (OMHANodeDetails.java:loadOMHAConfig(219)) - Configuration does not have ozone.om.address set. Falling back to the default OM address /127.0.0.1:0
2021-11-14 01:04:18,130 [Listener at 0.0.0.0/44973] INFO  ha.OMHANodeDetails (OMHANodeDetails.java:getOMNodeDetails(247)) - OM Service ID is not set. Setting it to the default ID: omServiceIdDefault
2021-11-14 01:04:18,130 [Listener at 0.0.0.0/44973] INFO  ha.OMHANodeDetails (OMHANodeDetails.java:getOMNodeDetails(254)) - OM Node ID is not set. Setting it to the default ID: om1
2021-11-14 01:04:18,130 [Listener at 0.0.0.0/44973] WARN  server.ServerUtils (ServerUtils.java:getDBPath(225)) - ozone.om.db.dirs is not configured. We recommend adding this setting. Falling back to ozone.metadata.dirs instead.
2021-11-14 01:04:18,130 [Listener at 0.0.0.0/44973] INFO  upgrade.AbstractLayoutVersionManager (AbstractLayoutVersionManager.java:init(79)) - Initializing Layout version manager with metadata layout = INITIAL_VERSION (version = 0), software layout = INITIAL_VERSION (version = 0)
2021-11-14 01:04:18,228 [Listener at 0.0.0.0/44973] INFO  reflections.Reflections (Reflections.java:scan(232)) - Reflections took 97 ms to scan 2 urls, producing 131 keys and 344 values [using 2 cores]
2021-11-14 01:04:18,229 [Listener at 0.0.0.0/44973] INFO  upgrade.OMLayoutVersionManager (OMLayoutVersionManager.java:lambda$0(115)) - Skipping Upgrade Action MockOmUpgradeAction since it has been finalized.
2021-11-14 01:04:18,243 [Listener at 0.0.0.0/44973] WARN  server.ServerUtils (ServerUtils.java:getDBPath(225)) - ozone.om.db.dirs is not configured. We recommend adding this setting. Falling back to ozone.metadata.dirs instead.
2021-11-14 01:04:18,287 [Listener at 0.0.0.0/44973] WARN  server.ServerUtils (ServerUtils.java:getDBPath(225)) - ozone.om.db.dirs is not configured. We recommend adding this setting. Falling back to ozone.metadata.dirs instead.
2021-11-14 01:04:18,287 [Listener at 0.0.0.0/44973] INFO  codec.OmKeyInfoCodec (OmKeyInfoCodec.java:<init>(51)) - OmKeyInfoCodec ignorePipeline = true
2021-11-14 01:04:18,288 [Listener at 0.0.0.0/44973] INFO  codec.RepeatedOmKeyInfoCodec (RepeatedOmKeyInfoCodec.java:<init>(42)) - RepeatedOmKeyInfoCodec ignorePipeline = true
2021-11-14 01:04:18,636 [Listener at 0.0.0.0/44973] INFO  om.OzoneManager (OzoneManager.java:addS3GVolumeToDB(3457)) - Created Volume s3v With Owner runner required for S3Gateway operations.
2021-11-14 01:04:18,636 [Listener at 0.0.0.0/44973] WARN  server.ServerUtils (ServerUtils.java:getDefaultRatisDirectory(237)) - Storage directory for Ratis is not configured. It is a good idea to map this to an SSD disk. Falling back to ozone.metadata.dirs
2021-11-14 01:04:18,636 [Listener at 0.0.0.0/44973] WARN  utils.OzoneManagerRatisUtils (OzoneManagerRatisUtils.java:getOMRatisSnapshotDirectory(453)) - ozone.om.ratis.snapshot.dir is not configured. Falling back to ozone.metadata.dirs config
2021-11-14 01:04:18,637 [Listener at 0.0.0.0/44973] WARN  impl.MetricRegistriesImpl (MetricRegistriesImpl.java:addReporterRegistration(111)) - New reporters are added after registries were created. Some metrics will be missing from the reporter. Please add reporter before adding any new registry.
2021-11-14 01:04:18,637 [Listener at 0.0.0.0/44973] WARN  impl.MetricRegistriesImpl (MetricRegistriesImpl.java:addReporterRegistration(111)) - New reporters are added after registries were created. Some metrics will be missing from the reporter. Please add reporter before adding any new registry.
2021-11-14 01:04:18,637 [Listener at 0.0.0.0/44973] WARN  server.ServerUtils (ServerUtils.java:getDefaultRatisDirectory(237)) - Storage directory for Ratis is not configured. It is a good idea to map this to an SSD disk. Falling back to ozone.metadata.dirs
2021-11-14 01:04:18,638 [Listener at 0.0.0.0/44973] INFO  ratis.OzoneManagerRatisServer (OzoneManagerRatisServer.java:<init>(159)) - Instantiating OM Ratis server with groupID: omServiceIdDefault and peers: localhost:9872
2021-11-14 01:04:18,638 [Listener at 0.0.0.0/44973] INFO  ratis.OzoneManagerStateMachine (OzoneManagerStateMachine.java:loadSnapshotInfoFromDB(605)) - LastAppliedIndex is set from TransactionInfo from OM DB as (t:0, i:~)
2021-11-14 01:04:18,639 [Listener at 0.0.0.0/44973] INFO  server.RaftServer (ConfUtils.java:logGet(44)) - raft.rpc.type = GRPC (default)
2021-11-14 01:04:18,639 [Listener at 0.0.0.0/44973] INFO  grpc.GrpcFactory (GrpcFactory.java:checkPooledByteBufAllocatorUseCacheForAllThreads(48)) - PERFORMANCE WARNING: useCacheForAllThreads is true that may cause Netty to create a lot garbage objects and, as a result, trigger GC.
	It is recommended to disable useCacheForAllThreads by setting -Dorg.apache.ratis.thirdparty.io.netty.allocator.useCacheForAllThreads=false in command line.
2021-11-14 01:04:18,639 [Listener at 0.0.0.0/44973] INFO  grpc.GrpcConfigKeys (ConfUtils.java:logGet(44)) - raft.grpc.admin.port = -1 (default)
2021-11-14 01:04:18,639 [Listener at 0.0.0.0/44973] INFO  grpc.GrpcConfigKeys (ConfUtils.java:logGet(44)) - raft.grpc.server.port = 9872 (custom)
2021-11-14 01:04:18,639 [Listener at 0.0.0.0/44973] INFO  grpc.GrpcConfigKeys (ConfUtils.java:logGet(44)) - raft.grpc.client.port = -1 (default)
2021-11-14 01:04:18,639 [Listener at 0.0.0.0/44973] INFO  grpc.GrpcConfigKeys (ConfUtils.java:logGet(44)) - raft.grpc.server.port = 9872 (custom)
2021-11-14 01:04:18,639 [Listener at 0.0.0.0/44973] INFO  grpc.GrpcConfigKeys (ConfUtils.java:logGet(44)) - raft.grpc.server.port = 9872 (custom)
2021-11-14 01:04:18,639 [Listener at 0.0.0.0/44973] INFO  server.GrpcService (ConfUtils.java:logGet(44)) - raft.grpc.message.size.max = 33554432 (custom)
2021-11-14 01:04:18,639 [Listener at 0.0.0.0/44973] INFO  server.RaftServerConfigKeys (ConfUtils.java:logGet(44)) - raft.server.log.appender.buffer.byte-limit = 33554432 (custom)
2021-11-14 01:04:18,639 [Listener at 0.0.0.0/44973] INFO  server.GrpcService (ConfUtils.java:logGet(44)) - raft.grpc.flow.control.window = 1MB (=1048576) (default)
2021-11-14 01:04:18,639 [Listener at 0.0.0.0/44973] INFO  server.RaftServerConfigKeys (ConfUtils.java:logGet(44)) - raft.server.rpc.request.timeout = 3000ms (default)
2021-11-14 01:04:18,641 [Listener at 0.0.0.0/44973] INFO  impl.DataStreamServerImpl (ConfUtils.java:logGet(44)) - raft.datastream.type = DISABLED (default)
2021-11-14 01:04:18,641 [Listener at 0.0.0.0/44973] INFO  server.RaftServerConfigKeys (ConfUtils.java:logGet(44)) - raft.server.rpc.slowness.timeout = 120s (custom)
2021-11-14 01:04:18,641 [Listener at 0.0.0.0/44973] INFO  server.RaftServerConfigKeys (ConfUtils.java:logGet(44)) - raft.server.leaderelection.leader.step-down.wait-time = 10s (default)
2021-11-14 01:04:18,641 [Listener at 0.0.0.0/44973] INFO  server.RaftServerConfigKeys (ConfUtils.java:logGet(44)) - raft.server.storage.dir = [/home/runner/work/ozone/ozone/hadoop-ozone/integration-test/target/test-dir/MiniOzoneClusterImpl-5b6cbd2a-2976-43bc-8d1c-e3ca86cddeeb/ozone-meta/ratis] (custom)
2021-11-14 01:04:18,642 [Listener at 0.0.0.0/44973] INFO  server.RaftServer (RaftServerProxy.java:addNew(95)) - om1: addNew group-C5BA1605619E:[om1|rpc:localhost:9872|priority:0] returns group-C5BA1605619E:java.util.concurrent.CompletableFuture@dc17d99[Not completed]
2021-11-14 01:04:18,642 [Listener at 0.0.0.0/44973] INFO  om.OzoneManager (OzoneManager.java:initializeRatisServer(1639)) - OzoneManager Ratis server initialized at port 9872
2021-11-14 01:04:18,643 [Listener at 0.0.0.0/44973] INFO  ipc.CallQueueManager (CallQueueManager.java:<init>(90)) - Using callQueue: class java.util.concurrent.LinkedBlockingQueue, queueCapacity: 2000, scheduler: class org.apache.hadoop.ipc.DefaultRpcScheduler, ipcBackoff: false.
2021-11-14 01:04:18,643 [pool-508-thread-1] INFO  server.RaftServer$Division (RaftServerImpl.java:<init>(184)) - om1: new RaftServerImpl for group-C5BA1605619E:[om1|rpc:localhost:9872|priority:0] with OzoneManagerStateMachine:uninitialized
2021-11-14 01:04:18,644 [Socket Reader #1 for port 0] INFO  ipc.Server (Server.java:run(1265)) - Starting Socket Reader #1 for port 0
2021-11-14 01:04:18,651 [pool-508-thread-1] INFO  server.RaftServerConfigKeys (ConfUtils.java:logGet(44)) - raft.server.rpc.timeout.min = 1s (custom)
2021-11-14 01:04:18,651 [pool-508-thread-1] INFO  server.RaftServerConfigKeys (ConfUtils.java:logGet(44)) - raft.server.rpc.timeout.max = 1200ms (custom)
2021-11-14 01:04:18,651 [pool-508-thread-1] INFO  server.RaftServerConfigKeys (ConfUtils.java:logGet(44)) - raft.server.rpc.sleep.time = 25ms (default)
2021-11-14 01:04:18,651 [pool-508-thread-1] INFO  server.RaftServerConfigKeys (ConfUtils.java:logGet(44)) - raft.server.rpc.slowness.timeout = 120s (custom)
2021-11-14 01:04:18,651 [pool-508-thread-1] INFO  server.RaftServerConfigKeys (ConfUtils.java:logGet(44)) - raft.server.leaderelection.leader.step-down.wait-time = 10s (default)
2021-11-14 01:04:18,651 [pool-508-thread-1] INFO  server.RaftServerConfigKeys (ConfUtils.java:logGet(44)) - raft.server.sleep.deviation.threshold = 300ms (default)
2021-11-14 01:04:18,651 [pool-508-thread-1] INFO  server.RaftServerConfigKeys (ConfUtils.java:logGet(44)) - raft.server.log.appender.install.snapshot.enabled = false (custom)
2021-11-14 01:04:18,651 [pool-508-thread-1] INFO  server.RaftServer$Division (ServerState.java:<init>(105)) - om1@group-C5BA1605619E: ConfigurationManager, init=-1: [om1|rpc:localhost:9872|priority:0], old=null, confs=<EMPTY_MAP>
2021-11-14 01:04:18,651 [pool-508-thread-1] INFO  server.RaftServerConfigKeys (ConfUtils.java:logGet(44)) - raft.server.storage.dir = [/home/runner/work/ozone/ozone/hadoop-ozone/integration-test/target/test-dir/MiniOzoneClusterImpl-5b6cbd2a-2976-43bc-8d1c-e3ca86cddeeb/ozone-meta/ratis] (custom)
2021-11-14 01:04:18,651 [pool-508-thread-1] INFO  server.RaftServerConfigKeys (ConfUtils.java:logGet(44)) - raft.server.log.corruption.policy = EXCEPTION (default)
2021-11-14 01:04:18,651 [pool-508-thread-1] INFO  server.RaftServerConfigKeys (ConfUtils.java:logGet(44)) - raft.server.storage.free-space.min = 0MB (=0) (default)
2021-11-14 01:04:18,652 [pool-508-thread-1] INFO  storage.RaftStorageDirectory (RaftStorageDirectoryImpl.java:analyzeStorage(135)) - The storage directory /home/runner/work/ozone/ozone/hadoop-ozone/integration-test/target/test-dir/MiniOzoneClusterImpl-5b6cbd2a-2976-43bc-8d1c-e3ca86cddeeb/ozone-meta/ratis/bf265839-605b-3f16-9796-c5ba1605619e does not exist. Creating ...
2021-11-14 01:04:18,659 [pool-508-thread-1] INFO  storage.RaftStorageDirectory (RaftStorageDirectoryImpl.java:tryLock(230)) - Lock on /home/runner/work/ozone/ozone/hadoop-ozone/integration-test/target/test-dir/MiniOzoneClusterImpl-5b6cbd2a-2976-43bc-8d1c-e3ca86cddeeb/ozone-meta/ratis/bf265839-605b-3f16-9796-c5ba1605619e/in_use.lock acquired by nodename 9791@fv-az395-453
2021-11-14 01:04:18,661 [pool-508-thread-1] INFO  storage.RaftStorage (RaftStorageImpl.java:format(89)) - Storage directory /home/runner/work/ozone/ozone/hadoop-ozone/integration-test/target/test-dir/MiniOzoneClusterImpl-5b6cbd2a-2976-43bc-8d1c-e3ca86cddeeb/ozone-meta/ratis/bf265839-605b-3f16-9796-c5ba1605619e has been successfully formatted.
2021-11-14 01:04:18,661 [pool-508-thread-1] INFO  server.RaftServerConfigKeys (ConfUtils.java:logGet(44)) - raft.server.notification.no-leader.timeout = 120s (custom)
2021-11-14 01:04:18,661 [pool-508-thread-1] INFO  server.RaftServerConfigKeys (ConfUtils.java:logGet(44)) - raft.server.log.use.memory = false (default)
2021-11-14 01:04:18,661 [pool-508-thread-1] INFO  server.RaftServerConfigKeys (ConfUtils.java:logGet(44)) - raft.server.log.purge.gap = 1000000 (custom)
2021-11-14 01:04:18,661 [pool-508-thread-1] INFO  server.RaftServerConfigKeys (ConfUtils.java:logGet(44)) - raft.server.log.appender.buffer.byte-limit = 33554432 (custom)
2021-11-14 01:04:18,662 [pool-508-thread-1] INFO  server.RaftServerConfigKeys (ConfUtils.java:logGet(44)) - raft.server.log.segment.size.max = 4194304 (custom)
2021-11-14 01:04:18,662 [pool-508-thread-1] INFO  server.RaftServerConfigKeys (ConfUtils.java:logGet(44)) - raft.server.log.segment.cache.num.max = 2 (custom)
2021-11-14 01:04:18,662 [pool-508-thread-1] INFO  server.RaftServerConfigKeys (ConfUtils.java:logGet(44)) - raft.server.log.segment.cache.size.max = 200MB (=209715200) (default)
2021-11-14 01:04:18,662 [pool-508-thread-1] INFO  segmented.SegmentedRaftLogWorker (SegmentedRaftLogWorker.java:<init>(182)) - new om1@group-C5BA1605619E-SegmentedRaftLogWorker for RaftStorageImpl:Storage Directory /home/runner/work/ozone/ozone/hadoop-ozone/integration-test/target/test-dir/MiniOzoneClusterImpl-5b6cbd2a-2976-43bc-8d1c-e3ca86cddeeb/ozone-meta/ratis/bf265839-605b-3f16-9796-c5ba1605619e
2021-11-14 01:04:18,662 [pool-508-thread-1] INFO  server.RaftServerConfigKeys (ConfUtils.java:logGet(44)) - raft.server.log.queue.byte-limit = 64MB (=67108864) (default)
2021-11-14 01:04:18,662 [pool-508-thread-1] INFO  server.RaftServerConfigKeys (ConfUtils.java:logGet(44)) - raft.server.log.queue.element-limit = 4096 (default)
2021-11-14 01:04:18,662 [pool-508-thread-1] INFO  server.RaftServerConfigKeys (ConfUtils.java:logGet(44)) - raft.server.log.segment.size.max = 4194304 (custom)
2021-11-14 01:04:18,662 [pool-508-thread-1] INFO  server.RaftServerConfigKeys (ConfUtils.java:logGet(44)) - raft.server.log.preallocated.size = 4194304 (custom)
2021-11-14 01:04:18,662 [pool-508-thread-1] INFO  server.RaftServerConfigKeys (ConfUtils.java:logGet(44)) - raft.server.log.force.sync.num = 128 (default)
2021-11-14 01:04:18,662 [pool-508-thread-1] INFO  server.RaftServerConfigKeys (ConfUtils.java:logGet(44)) - raft.server.log.statemachine.data.sync = true (default)
2021-11-14 01:04:18,662 [pool-508-thread-1] INFO  server.RaftServerConfigKeys (ConfUtils.java:logGet(44)) - raft.server.log.statemachine.data.sync.timeout = 10s (default)
2021-11-14 01:04:18,662 [pool-508-thread-1] INFO  server.RaftServerConfigKeys (ConfUtils.java:logGet(44)) - raft.server.log.statemachine.data.sync.timeout.retry = -1 (default)
2021-11-14 01:04:18,663 [pool-508-thread-1] INFO  server.RaftServerConfigKeys (ConfUtils.java:logGet(44)) - raft.server.log.write.buffer.size = 64KB (=65536) (default)
2021-11-14 01:04:18,663 [pool-508-thread-1] INFO  server.RaftServerConfigKeys (ConfUtils.java:logGet(44)) - raft.server.log.statemachine.data.caching.enabled = false (default)
2021-11-14 01:04:18,664 [pool-508-thread-1] INFO  segmented.SegmentedRaftLogWorker (SegmentedRaftLogWorker.java:lambda$new$0(133)) - om1@group-C5BA1605619E-SegmentedRaftLogWorker: flushIndex: setUnconditionally 0 -> -1
2021-11-14 01:04:18,664 [pool-508-thread-1] INFO  segmented.SegmentedRaftLogWorker (SegmentedRaftLogWorker.java:lambda$new$0(133)) - om1@group-C5BA1605619E-SegmentedRaftLogWorker: safeCacheEvictIndex: setUnconditionally 0 -> -1
2021-11-14 01:04:18,682 [pool-508-thread-1] INFO  server.RaftServerConfigKeys (ConfUtils.java:logGet(44)) - raft.server.snapshot.auto.trigger.enabled = true (custom)
2021-11-14 01:04:18,683 [pool-508-thread-1] INFO  server.RaftServerConfigKeys (ConfUtils.java:logGet(44)) - raft.server.snapshot.auto.trigger.threshold = 400000 (default)
2021-11-14 01:04:18,683 [pool-508-thread-1] INFO  server.RaftServerConfigKeys (ConfUtils.java:logGet(44)) - raft.server.snapshot.retention.file.num = -1 (default)
2021-11-14 01:04:18,683 [pool-508-thread-1] INFO  server.RaftServerConfigKeys (ConfUtils.java:logGet(44)) - raft.server.log.purge.upto.snapshot.index = true (custom)
2021-11-14 01:04:18,683 [pool-508-thread-1] INFO  server.RaftServerConfigKeys (ConfUtils.java:logGet(44)) - raft.server.retrycache.expirytime = 300s (custom)
2021-11-14 01:04:18,683 [pool-508-thread-1] INFO  server.RaftServerConfigKeys (ConfUtils.java:logGet(44)) - raft.server.retrycache.statistics.expirytime = 100μs (default)
2021-11-14 01:04:18,713 [Listener at 127.0.0.1/34021] INFO  om.OzoneManager (OzoneManager.java:initFSOLayout(3663)) - Configured ozone.om.metadata.layout=SIMPLE and disabled optimized OM FS operations
2021-11-14 01:04:18,713 [Listener at 127.0.0.1/34021] INFO  impl.MetricsSystemImpl (MetricsSystemImpl.java:init(158)) - OzoneManager metrics system started (again)
2021-11-14 01:04:18,749 [Listener at 127.0.0.1/34021] INFO  om.OzoneManager (OzoneManager.java:start(1323)) - OzoneManager RPC server is listening at localhost/127.0.0.1:34021
2021-11-14 01:04:18,752 [Listener at 127.0.0.1/34021] INFO  ratis.OzoneManagerRatisServer (OzoneManagerRatisServer.java:start(522)) - Starting OzoneManagerRatisServer om1 at port 9872
2021-11-14 01:04:18,752 [Listener at 127.0.0.1/34021] INFO  server.RaftServer$Division (RaftServerImpl.java:start(301)) - om1@group-C5BA1605619E: start as a follower, conf=-1: [om1|rpc:localhost:9872|priority:0], old=null
2021-11-14 01:04:18,753 [Listener at 127.0.0.1/34021] INFO  server.RaftServer$Division (RaftServerImpl.java:setRole(290)) - om1@group-C5BA1605619E: changes role from      null to FOLLOWER at term 0 for startAsFollower
2021-11-14 01:04:18,753 [Listener at 127.0.0.1/34021] INFO  impl.RoleInfo (RoleInfo.java:updateAndGet(130)) - om1: start om1@group-C5BA1605619E-FollowerState
2021-11-14 01:04:18,761 [Listener at 127.0.0.1/34021] INFO  util.JmxRegister (JmxRegister.java:tryRegister(44)) - Successfully registered JMX Bean with object name Ratis:service=RaftServer,group=group-C5BA1605619E,id=om1
2021-11-14 01:04:18,773 [Listener at 127.0.0.1/34021] INFO  server.RaftServer (RaftServerProxy.java:lambda$start$5(374)) - om1: start RPC server
2021-11-14 01:04:18,790 [Listener at 127.0.0.1/34021] INFO  server.GrpcService (GrpcService.java:startImpl(253)) - om1: GrpcService started, listening on 9872
2021-11-14 01:04:18,792 [Listener at 127.0.0.1/34021] INFO  om.OzoneManager (OzoneManager.java:start(1341)) - Version File has different layout version (0) than OM DB (null). That is expected if this OM has never been finalized to a newer layout version.
2021-11-14 01:04:18,793 [org.apache.ratis.util.JvmPauseMonitor$$Lambda$531/1045442098@41de3a09] INFO  util.JvmPauseMonitor (JvmPauseMonitor.java:run(103)) - JvmPauseMonitor-om1: Started
2021-11-14 01:04:18,812 [Listener at 127.0.0.1/34021] INFO  http.BaseHttpServer (BaseHttpServer.java:newHttpServer2BuilderForOzone(209)) - Starting Web-server for ozoneManager at: http://0.0.0.0:0
2021-11-14 01:04:18,812 [Listener at 127.0.0.1/34021] INFO  http.BaseHttpServer (BaseHttpServer.java:<init>(107)) - Hadoop Security Enabled: false Ozone Security Enabled: false Ozone HTTP Security Enabled: false 
2021-11-14 01:04:18,813 [Listener at 127.0.0.1/34021] INFO  server.AuthenticationFilter (AuthenticationFilter.java:constructSecretProvider(240)) - Unable to initialize FileSignerSecretProvider, falling back to use random secrets.
2021-11-14 01:04:18,818 [Listener at 127.0.0.1/34021] WARN  http.HttpRequestLog (HttpRequestLog.java:getRequestLog(103)) - Jetty request log can only be enabled using Log4j
2021-11-14 01:04:18,819 [Listener at 127.0.0.1/34021] INFO  http.HttpServer2 (HttpServer2.java:addGlobalFilter(1030)) - Added global filter 'safety' (class=org.apache.hadoop.hdds.server.http.HttpServer2$QuotingInputFilter)
2021-11-14 01:04:18,819 [Listener at 127.0.0.1/34021] INFO  http.HttpServer2 (HttpServer2.java:addFilter(1006)) - Added filter static_user_filter (class=org.apache.hadoop.http.lib.StaticUserWebFilter$StaticUserFilter) to context ozoneManager
2021-11-14 01:04:18,820 [Listener at 127.0.0.1/34021] INFO  http.HttpServer2 (HttpServer2.java:addFilter(1014)) - Added filter static_user_filter (class=org.apache.hadoop.http.lib.StaticUserWebFilter$StaticUserFilter) to context logs
2021-11-14 01:04:18,820 [Listener at 127.0.0.1/34021] INFO  http.HttpServer2 (HttpServer2.java:addFilter(1014)) - Added filter static_user_filter (class=org.apache.hadoop.http.lib.StaticUserWebFilter$StaticUserFilter) to context static
2021-11-14 01:04:18,823 [Listener at 127.0.0.1/34021] INFO  http.HttpServer2 (HttpServer2.java:bindListener(1249)) - Jetty bound to port 34121
2021-11-14 01:04:18,823 [Listener at 127.0.0.1/34021] INFO  server.Server (Server.java:doStart(375)) - jetty-9.4.43.v20210629; built: 2021-06-30T11:07:22.254Z; git: 526006ecfa3af7f1a27ef3a288e2bef7ea9dd7e8; jvm 1.8.0_292-b10
2021-11-14 01:04:18,861 [Listener at 127.0.0.1/34021] INFO  server.session (DefaultSessionIdManager.java:doStart(334)) - DefaultSessionIdManager workerName=node0
2021-11-14 01:04:18,861 [Listener at 127.0.0.1/34021] INFO  server.session (DefaultSessionIdManager.java:doStart(339)) - No SessionScavenger set, using defaults
2021-11-14 01:04:18,862 [Listener at 127.0.0.1/34021] INFO  server.session (HouseKeeper.java:startScavenging(132)) - node0 Scavenging every 600000ms
2021-11-14 01:04:18,867 [Listener at 127.0.0.1/34021] INFO  handler.ContextHandler (ContextHandler.java:doStart(915)) - Started o.e.j.s.ServletContextHandler@52fc92f8{logs,/logs,file:///home/runner/work/ozone/ozone/hadoop-ozone/integration-test/target/log,AVAILABLE}
2021-11-14 01:04:18,867 [Listener at 127.0.0.1/34021] INFO  handler.ContextHandler (ContextHandler.java:doStart(915)) - Started o.e.j.s.ServletContextHandler@1a09f3a4{static,/static,file:///home/runner/work/ozone/ozone/hadoop-ozone/integration-test/target/test-classes/webapps/static,AVAILABLE}
2021-11-14 01:04:18,871 [Listener at 127.0.0.1/34021] INFO  handler.ContextHandler (ContextHandler.java:doStart(915)) - Started o.e.j.w.WebAppContext@183bbdf2{ozoneManager,/,file:///home/runner/work/ozone/ozone/hadoop-ozone/integration-test/target/test-classes/webapps/ozoneManager/,AVAILABLE}{file:/home/runner/work/ozone/ozone/hadoop-ozone/integration-test/target/test-classes/webapps/ozoneManager}
2021-11-14 01:04:18,881 [Listener at 127.0.0.1/34021] INFO  server.AbstractConnector (AbstractConnector.java:doStart(331)) - Started ServerConnector@7115c95{HTTP/1.1, (http/1.1)}{0.0.0.0:34121}
2021-11-14 01:04:18,882 [Listener at 127.0.0.1/34021] INFO  server.Server (Server.java:doStart(415)) - Started @177149ms
2021-11-14 01:04:18,882 [Listener at 127.0.0.1/34021] WARN  impl.MetricsSystemImpl (MetricsSystemImpl.java:register(279)) - Sink prometheus already exists!
2021-11-14 01:04:18,885 [Listener at 127.0.0.1/34021] INFO  http.BaseHttpServer (BaseHttpServer.java:updateConnectorAddress(329)) - HTTP server of ozoneManager listening at http://0.0.0.0:34121
2021-11-14 01:04:18,885 [IPC Server Responder] INFO  ipc.Server (Server.java:run(1507)) - IPC Server Responder: starting
2021-11-14 01:04:18,886 [IPC Server listener on 0] INFO  ipc.Server (Server.java:run(1344)) - IPC Server listener on 0: starting
2021-11-14 01:04:18,889 [Listener at 127.0.0.1/34021] INFO  om.OzoneManager (OzoneManager.java:startTrashEmptier(1597)) - Trash Interval set to 0. Files deleted will not move to trash
2021-11-14 01:04:18,916 [org.apache.hadoop.util.JvmPauseMonitor$Monitor@371c033d] INFO  util.JvmPauseMonitor (JvmPauseMonitor.java:run(188)) - Starting JVM pause monitor
2021-11-14 01:04:18,952 [Listener at 127.0.0.1/34021] WARN  impl.MetricRegistriesImpl (MetricRegistriesImpl.java:addReporterRegistration(111)) - New reporters are added after registries were created. Some metrics will be missing from the reporter. Please add reporter before adding any new registry.
2021-11-14 01:04:18,952 [Listener at 127.0.0.1/34021] WARN  impl.MetricRegistriesImpl (MetricRegistriesImpl.java:addReporterRegistration(111)) - New reporters are added after registries were created. Some metrics will be missing from the reporter. Please add reporter before adding any new registry.
2021-11-14 01:04:18,952 [Listener at 127.0.0.1/34021] INFO  impl.MetricsSystemImpl (MetricsSystemImpl.java:init(158)) - HddsDatanode metrics system started (again)
2021-11-14 01:04:18,980 [Listener at 127.0.0.1/34021] INFO  ozone.HddsDatanodeService (HddsDatanodeService.java:start(234)) - HddsDatanodeService host:fv-az395-453.zfmzfyrfkyou3ow0tsr0jxwq1e.bx.internal.cloudapp.net ip:10.1.0.47
2021-11-14 01:04:19,035 [Listener at 127.0.0.1/34021] INFO  upgrade.AbstractLayoutVersionManager (AbstractLayoutVersionManager.java:init(79)) - Initializing Layout version manager with metadata layout = SCM_HA (version = 2), software layout = SCM_HA (version = 2)
2021-11-14 01:04:19,099 [Listener at 127.0.0.1/34021] INFO  reflections.Reflections (Reflections.java:scan(232)) - Reflections took 62 ms to scan 7 urls, producing 119 keys and 279 values 
2021-11-14 01:04:19,101 [Listener at 127.0.0.1/34021] INFO  statemachine.DatanodeStateMachine (DatanodeStateMachine.java:getEndPointTaskThreadPoolSize(219)) - Datanode State Machine Task Thread Pool size 2
2021-11-14 01:04:19,102 [Listener at 127.0.0.1/34021] INFO  volume.HddsVolume (HddsVolume.java:<init>(120)) - Creating HddsVolume: /home/runner/work/ozone/ozone/hadoop-ozone/integration-test/target/test-dir/MiniOzoneClusterImpl-5b6cbd2a-2976-43bc-8d1c-e3ca86cddeeb/datanode-0/data-0/containers/hdds of storage type : DISK capacity : 9223372036854775807
2021-11-14 01:04:19,103 [Listener at 127.0.0.1/34021] INFO  volume.MutableVolumeSet (MutableVolumeSet.java:initializeVolumeSet(168)) - Added Volume : /home/runner/work/ozone/ozone/hadoop-ozone/integration-test/target/test-dir/MiniOzoneClusterImpl-5b6cbd2a-2976-43bc-8d1c-e3ca86cddeeb/datanode-0/data-0/containers/hdds to VolumeSet
2021-11-14 01:04:19,103 [Listener at 127.0.0.1/34021] INFO  volume.ThrottledAsyncChecker (ThrottledAsyncChecker.java:schedule(141)) - Scheduling a check for /home/runner/work/ozone/ozone/hadoop-ozone/integration-test/target/test-dir/MiniOzoneClusterImpl-5b6cbd2a-2976-43bc-8d1c-e3ca86cddeeb/datanode-0/data-0/containers/hdds
2021-11-14 01:04:19,107 [Listener at 127.0.0.1/34021] INFO  volume.StorageVolumeChecker (StorageVolumeChecker.java:checkAllVolumes(202)) - Scheduled health check for volume /home/runner/work/ozone/ozone/hadoop-ozone/integration-test/target/test-dir/MiniOzoneClusterImpl-5b6cbd2a-2976-43bc-8d1c-e3ca86cddeeb/datanode-0/data-0/containers/hdds
2021-11-14 01:04:19,125 [Listener at 127.0.0.1/34021] INFO  volume.MutableVolumeSet (MutableVolumeSet.java:initializeVolumeSet(168)) - Added Volume : /home/runner/work/ozone/ozone/hadoop-ozone/integration-test/target/test-dir/MiniOzoneClusterImpl-5b6cbd2a-2976-43bc-8d1c-e3ca86cddeeb/datanode-0/data/ratis to VolumeSet
2021-11-14 01:04:19,125 [Listener at 127.0.0.1/34021] INFO  volume.ThrottledAsyncChecker (ThrottledAsyncChecker.java:schedule(141)) - Scheduling a check for /home/runner/work/ozone/ozone/hadoop-ozone/integration-test/target/test-dir/MiniOzoneClusterImpl-5b6cbd2a-2976-43bc-8d1c-e3ca86cddeeb/datanode-0/data/ratis
2021-11-14 01:04:19,125 [Listener at 127.0.0.1/34021] INFO  volume.StorageVolumeChecker (StorageVolumeChecker.java:checkAllVolumes(202)) - Scheduled health check for volume /home/runner/work/ozone/ozone/hadoop-ozone/integration-test/target/test-dir/MiniOzoneClusterImpl-5b6cbd2a-2976-43bc-8d1c-e3ca86cddeeb/datanode-0/data/ratis
2021-11-14 01:04:19,159 [Thread-1624] INFO  ozoneimpl.ContainerReader (ContainerReader.java:readVolume(172)) - Finish verifying containers on volume /home/runner/work/ozone/ozone/hadoop-ozone/integration-test/target/test-dir/MiniOzoneClusterImpl-5b6cbd2a-2976-43bc-8d1c-e3ca86cddeeb/datanode-0/data-0/containers/hdds
2021-11-14 01:04:19,160 [Listener at 127.0.0.1/34021] INFO  ozoneimpl.OzoneContainer (OzoneContainer.java:buildContainerSet(236)) - Build ContainerSet costs 0s
2021-11-14 01:04:19,162 [Listener at 127.0.0.1/34021] INFO  server.RaftServer (ConfUtils.java:logGet(44)) - raft.rpc.type = GRPC (default)
2021-11-14 01:04:19,163 [Listener at 127.0.0.1/34021] INFO  grpc.GrpcFactory (GrpcFactory.java:checkPooledByteBufAllocatorUseCacheForAllThreads(48)) - PERFORMANCE WARNING: useCacheForAllThreads is true that may cause Netty to create a lot garbage objects and, as a result, trigger GC.
	It is recommended to disable useCacheForAllThreads by setting -Dorg.apache.ratis.thirdparty.io.netty.allocator.useCacheForAllThreads=false in command line.
2021-11-14 01:04:19,163 [Listener at 127.0.0.1/34021] INFO  grpc.GrpcConfigKeys (ConfUtils.java:logGet(44)) - raft.grpc.admin.port = 0 (custom)
2021-11-14 01:04:19,163 [Listener at 127.0.0.1/34021] INFO  grpc.GrpcConfigKeys (ConfUtils.java:logGet(44)) - raft.grpc.client.port = 0 (custom)
2021-11-14 01:04:19,163 [Listener at 127.0.0.1/34021] INFO  grpc.GrpcConfigKeys (ConfUtils.java:logGet(44)) - raft.grpc.server.port = 0 (default)
2021-11-14 01:04:19,163 [Listener at 127.0.0.1/34021] INFO  server.GrpcService (ConfUtils.java:logGet(44)) - raft.grpc.message.size.max = 32MB (=33554432) (custom)
2021-11-14 01:04:19,163 [Listener at 127.0.0.1/34021] INFO  server.RaftServerConfigKeys (ConfUtils.java:logGet(44)) - raft.server.log.appender.buffer.byte-limit = 33554432 (custom)
2021-11-14 01:04:19,163 [Listener at 127.0.0.1/34021] INFO  server.GrpcService (ConfUtils.java:logGet(44)) - raft.grpc.flow.control.window = 5MB (=5242880) (custom)
2021-11-14 01:04:19,164 [Listener at 127.0.0.1/34021] INFO  server.RaftServerConfigKeys (ConfUtils.java:logGet(44)) - raft.server.rpc.request.timeout = 3000ms (default)
2021-11-14 01:04:19,165 [Listener at 127.0.0.1/34021] INFO  impl.DataStreamServerImpl (ConfUtils.java:logGet(44)) - raft.datastream.type = DISABLED (default)
2021-11-14 01:04:19,165 [Listener at 127.0.0.1/34021] INFO  server.RaftServerConfigKeys (ConfUtils.java:logGet(44)) - raft.server.rpc.slowness.timeout = 300000ms (custom)
2021-11-14 01:04:19,165 [Listener at 127.0.0.1/34021] INFO  server.RaftServerConfigKeys (ConfUtils.java:logGet(44)) - raft.server.leaderelection.leader.step-down.wait-time = 10s (default)
2021-11-14 01:04:19,165 [Listener at 127.0.0.1/34021] INFO  server.RaftServerConfigKeys (ConfUtils.java:logGet(44)) - raft.server.storage.dir = [/home/runner/work/ozone/ozone/hadoop-ozone/integration-test/target/test-dir/MiniOzoneClusterImpl-5b6cbd2a-2976-43bc-8d1c-e3ca86cddeeb/datanode-0/data/ratis] (custom)
2021-11-14 01:04:19,182 [Listener at 127.0.0.1/34021] INFO  http.BaseHttpServer (BaseHttpServer.java:newHttpServer2BuilderForOzone(209)) - Starting Web-server for hddsDatanode at: http://0.0.0.0:0
2021-11-14 01:04:19,182 [Listener at 127.0.0.1/34021] INFO  http.BaseHttpServer (BaseHttpServer.java:<init>(107)) - Hadoop Security Enabled: false Ozone Security Enabled: false Ozone HTTP Security Enabled: false 
2021-11-14 01:04:19,183 [Listener at 127.0.0.1/34021] INFO  server.AuthenticationFilter (AuthenticationFilter.java:constructSecretProvider(240)) - Unable to initialize FileSignerSecretProvider, falling back to use random secrets.
2021-11-14 01:04:19,200 [Listener at 127.0.0.1/34021] WARN  http.HttpRequestLog (HttpRequestLog.java:getRequestLog(103)) - Jetty request log can only be enabled using Log4j
2021-11-14 01:04:19,201 [Listener at 127.0.0.1/34021] INFO  http.HttpServer2 (HttpServer2.java:addGlobalFilter(1030)) - Added global filter 'safety' (class=org.apache.hadoop.hdds.server.http.HttpServer2$QuotingInputFilter)
2021-11-14 01:04:19,201 [Listener at 127.0.0.1/34021] INFO  http.HttpServer2 (HttpServer2.java:addFilter(1006)) - Added filter static_user_filter (class=org.apache.hadoop.http.lib.StaticUserWebFilter$StaticUserFilter) to context hddsDatanode
2021-11-14 01:04:19,201 [Listener at 127.0.0.1/34021] INFO  http.HttpServer2 (HttpServer2.java:addFilter(1014)) - Added filter static_user_filter (class=org.apache.hadoop.http.lib.StaticUserWebFilter$StaticUserFilter) to context logs
2021-11-14 01:04:19,201 [Listener at 127.0.0.1/34021] INFO  http.HttpServer2 (HttpServer2.java:addFilter(1014)) - Added filter static_user_filter (class=org.apache.hadoop.http.lib.StaticUserWebFilter$StaticUserFilter) to context static
2021-11-14 01:04:19,202 [Listener at 127.0.0.1/34021] INFO  http.HttpServer2 (HttpServer2.java:bindListener(1249)) - Jetty bound to port 44531
2021-11-14 01:04:19,202 [Listener at 127.0.0.1/34021] INFO  server.Server (Server.java:doStart(375)) - jetty-9.4.43.v20210629; built: 2021-06-30T11:07:22.254Z; git: 526006ecfa3af7f1a27ef3a288e2bef7ea9dd7e8; jvm 1.8.0_292-b10
2021-11-14 01:04:19,204 [Listener at 127.0.0.1/34021] INFO  server.session (DefaultSessionIdManager.java:doStart(334)) - DefaultSessionIdManager workerName=node0
2021-11-14 01:04:19,204 [Listener at 127.0.0.1/34021] INFO  server.session (DefaultSessionIdManager.java:doStart(339)) - No SessionScavenger set, using defaults
2021-11-14 01:04:19,204 [Listener at 127.0.0.1/34021] INFO  server.session (HouseKeeper.java:startScavenging(132)) - node0 Scavenging every 660000ms
2021-11-14 01:04:19,205 [Listener at 127.0.0.1/34021] INFO  handler.ContextHandler (ContextHandler.java:doStart(915)) - Started o.e.j.s.ServletContextHandler@449200a8{logs,/logs,file:///home/runner/work/ozone/ozone/hadoop-ozone/integration-test/target/log,AVAILABLE}
2021-11-14 01:04:19,205 [Listener at 127.0.0.1/34021] INFO  handler.ContextHandler (ContextHandler.java:doStart(915)) - Started o.e.j.s.ServletContextHandler@675473be{static,/static,jar:file:/home/runner/.m2/repository/org/apache/ozone/hdds-container-service/1.2.0-SNAPSHOT/hdds-container-service-1.2.0-SNAPSHOT.jar!/webapps/static,AVAILABLE}
2021-11-14 01:04:19,279 [Listener at 127.0.0.1/34021] INFO  handler.ContextHandler (ContextHandler.java:doStart(915)) - Started o.e.j.w.WebAppContext@6a8986fb{hddsDatanode,/,file:///tmp/jetty-0_0_0_0-44531-hdds-container-service-1_2_0-SNAPSHOT_jar-_-any-4045646807776941894/webapp/,AVAILABLE}{jar:file:/home/runner/.m2/repository/org/apache/ozone/hdds-container-service/1.2.0-SNAPSHOT/hdds-container-service-1.2.0-SNAPSHOT.jar!/webapps/hddsDatanode}
2021-11-14 01:04:19,307 [Listener at 127.0.0.1/34021] INFO  server.AbstractConnector (AbstractConnector.java:doStart(331)) - Started ServerConnector@7056e347{HTTP/1.1, (http/1.1)}{0.0.0.0:44531}
2021-11-14 01:04:19,308 [Listener at 127.0.0.1/34021] INFO  server.Server (Server.java:doStart(415)) - Started @177575ms
2021-11-14 01:04:19,308 [Listener at 127.0.0.1/34021] WARN  impl.MetricsSystemImpl (MetricsSystemImpl.java:register(279)) - Sink prometheus already exists!
2021-11-14 01:04:19,312 [Listener at 127.0.0.1/34021] INFO  http.BaseHttpServer (BaseHttpServer.java:updateConnectorAddress(329)) - HTTP server of hddsDatanode listening at http://0.0.0.0:44531
2021-11-14 01:04:19,315 [Listener at 127.0.0.1/34021] WARN  impl.MetricRegistriesImpl (MetricRegistriesImpl.java:addReporterRegistration(111)) - New reporters are added after registries were created. Some metrics will be missing from the reporter. Please add reporter before adding any new registry.
2021-11-14 01:04:19,316 [Listener at 127.0.0.1/34021] WARN  impl.MetricRegistriesImpl (MetricRegistriesImpl.java:addReporterRegistration(111)) - New reporters are added after registries were created. Some metrics will be missing from the reporter. Please add reporter before adding any new registry.
2021-11-14 01:04:19,316 [Listener at 127.0.0.1/34021] INFO  impl.MetricsSystemImpl (MetricsSystemImpl.java:init(158)) - HddsDatanode metrics system started (again)
2021-11-14 01:04:19,333 [Datanode State Machine Daemon Thread] INFO  statemachine.DatanodeStateMachine (DatanodeStateMachine.java:lambda$startDaemon$0(467)) - Ozone container server started.
2021-11-14 01:04:19,343 [Listener at 127.0.0.1/34021] INFO  ozone.HddsDatanodeService (HddsDatanodeService.java:start(234)) - HddsDatanodeService host:fv-az395-453.zfmzfyrfkyou3ow0tsr0jxwq1e.bx.internal.cloudapp.net ip:10.1.0.47
2021-11-14 01:04:19,344 [org.apache.hadoop.util.JvmPauseMonitor$Monitor@40ca549b] INFO  util.JvmPauseMonitor (JvmPauseMonitor.java:run(188)) - Starting JVM pause monitor
2021-11-14 01:04:19,398 [Datanode State Machine Task Thread - 0] INFO  datanode.InitDatanodeState (InitDatanodeState.java:persistContainerDatanodeDetails(145)) - DatanodeDetails is persisted to /home/runner/work/ozone/ozone/hadoop-ozone/integration-test/target/test-dir/MiniOzoneClusterImpl-5b6cbd2a-2976-43bc-8d1c-e3ca86cddeeb/datanode-0/meta/datanode.id
2021-11-14 01:04:19,429 [Listener at 127.0.0.1/34021] INFO  upgrade.AbstractLayoutVersionManager (AbstractLayoutVersionManager.java:init(79)) - Initializing Layout version manager with metadata layout = SCM_HA (version = 2), software layout = SCM_HA (version = 2)
2021-11-14 01:04:19,500 [Listener at 127.0.0.1/34021] INFO  reflections.Reflections (Reflections.java:scan(232)) - Reflections took 70 ms to scan 7 urls, producing 119 keys and 279 values 
2021-11-14 01:04:19,509 [Listener at 127.0.0.1/34021] INFO  statemachine.DatanodeStateMachine (DatanodeStateMachine.java:getEndPointTaskThreadPoolSize(219)) - Datanode State Machine Task Thread Pool size 2
2021-11-14 01:04:19,524 [Listener at 127.0.0.1/34021] INFO  volume.HddsVolume (HddsVolume.java:<init>(120)) - Creating HddsVolume: /home/runner/work/ozone/ozone/hadoop-ozone/integration-test/target/test-dir/MiniOzoneClusterImpl-5b6cbd2a-2976-43bc-8d1c-e3ca86cddeeb/datanode-1/data-0/containers/hdds of storage type : DISK capacity : 9223372036854775807
2021-11-14 01:04:19,524 [Listener at 127.0.0.1/34021] INFO  volume.MutableVolumeSet (MutableVolumeSet.java:initializeVolumeSet(168)) - Added Volume : /home/runner/work/ozone/ozone/hadoop-ozone/integration-test/target/test-dir/MiniOzoneClusterImpl-5b6cbd2a-2976-43bc-8d1c-e3ca86cddeeb/datanode-1/data-0/containers/hdds to VolumeSet
2021-11-14 01:04:19,525 [Listener at 127.0.0.1/34021] INFO  volume.ThrottledAsyncChecker (ThrottledAsyncChecker.java:schedule(141)) - Scheduling a check for /home/runner/work/ozone/ozone/hadoop-ozone/integration-test/target/test-dir/MiniOzoneClusterImpl-5b6cbd2a-2976-43bc-8d1c-e3ca86cddeeb/datanode-1/data-0/containers/hdds
2021-11-14 01:04:19,544 [Listener at 127.0.0.1/34021] INFO  volume.StorageVolumeChecker (StorageVolumeChecker.java:checkAllVolumes(202)) - Scheduled health check for volume /home/runner/work/ozone/ozone/hadoop-ozone/integration-test/target/test-dir/MiniOzoneClusterImpl-5b6cbd2a-2976-43bc-8d1c-e3ca86cddeeb/datanode-1/data-0/containers/hdds
2021-11-14 01:04:19,568 [Listener at 127.0.0.1/34021] INFO  volume.MutableVolumeSet (MutableVolumeSet.java:initializeVolumeSet(168)) - Added Volume : /home/runner/work/ozone/ozone/hadoop-ozone/integration-test/target/test-dir/MiniOzoneClusterImpl-5b6cbd2a-2976-43bc-8d1c-e3ca86cddeeb/datanode-1/data/ratis to VolumeSet
2021-11-14 01:04:19,569 [Listener at 127.0.0.1/34021] INFO  volume.ThrottledAsyncChecker (ThrottledAsyncChecker.java:schedule(141)) - Scheduling a check for /home/runner/work/ozone/ozone/hadoop-ozone/integration-test/target/test-dir/MiniOzoneClusterImpl-5b6cbd2a-2976-43bc-8d1c-e3ca86cddeeb/datanode-1/data/ratis
2021-11-14 01:04:19,570 [Listener at 127.0.0.1/34021] INFO  volume.StorageVolumeChecker (StorageVolumeChecker.java:checkAllVolumes(202)) - Scheduled health check for volume /home/runner/work/ozone/ozone/hadoop-ozone/integration-test/target/test-dir/MiniOzoneClusterImpl-5b6cbd2a-2976-43bc-8d1c-e3ca86cddeeb/datanode-1/data/ratis
2021-11-14 01:04:19,600 [Thread-1636] INFO  ozoneimpl.ContainerReader (ContainerReader.java:readVolume(172)) - Finish verifying containers on volume /home/runner/work/ozone/ozone/hadoop-ozone/integration-test/target/test-dir/MiniOzoneClusterImpl-5b6cbd2a-2976-43bc-8d1c-e3ca86cddeeb/datanode-1/data-0/containers/hdds
2021-11-14 01:04:19,600 [Listener at 127.0.0.1/34021] INFO  ozoneimpl.OzoneContainer (OzoneContainer.java:buildContainerSet(236)) - Build ContainerSet costs 0s
2021-11-14 01:04:19,602 [Listener at 127.0.0.1/34021] INFO  server.RaftServer (ConfUtils.java:logGet(44)) - raft.rpc.type = GRPC (default)
2021-11-14 01:04:19,602 [Listener at 127.0.0.1/34021] INFO  grpc.GrpcFactory (GrpcFactory.java:checkPooledByteBufAllocatorUseCacheForAllThreads(48)) - PERFORMANCE WARNING: useCacheForAllThreads is true that may cause Netty to create a lot garbage objects and, as a result, trigger GC.
	It is recommended to disable useCacheForAllThreads by setting -Dorg.apache.ratis.thirdparty.io.netty.allocator.useCacheForAllThreads=false in command line.
2021-11-14 01:04:19,603 [Listener at 127.0.0.1/34021] INFO  grpc.GrpcConfigKeys (ConfUtils.java:logGet(44)) - raft.grpc.admin.port = 0 (custom)
2021-11-14 01:04:19,603 [Listener at 127.0.0.1/34021] INFO  grpc.GrpcConfigKeys (ConfUtils.java:logGet(44)) - raft.grpc.client.port = 0 (custom)
2021-11-14 01:04:19,603 [Listener at 127.0.0.1/34021] INFO  grpc.GrpcConfigKeys (ConfUtils.java:logGet(44)) - raft.grpc.server.port = 0 (default)
2021-11-14 01:04:19,603 [Listener at 127.0.0.1/34021] INFO  server.GrpcService (ConfUtils.java:logGet(44)) - raft.grpc.message.size.max = 32MB (=33554432) (custom)
2021-11-14 01:04:19,603 [Listener at 127.0.0.1/34021] INFO  server.RaftServerConfigKeys (ConfUtils.java:logGet(44)) - raft.server.log.appender.buffer.byte-limit = 33554432 (custom)
2021-11-14 01:04:19,603 [Listener at 127.0.0.1/34021] INFO  server.GrpcService (ConfUtils.java:logGet(44)) - raft.grpc.flow.control.window = 5MB (=5242880) (custom)
2021-11-14 01:04:19,603 [Listener at 127.0.0.1/34021] INFO  server.RaftServerConfigKeys (ConfUtils.java:logGet(44)) - raft.server.rpc.request.timeout = 3000ms (default)
2021-11-14 01:04:19,604 [Listener at 127.0.0.1/34021] INFO  impl.DataStreamServerImpl (ConfUtils.java:logGet(44)) - raft.datastream.type = DISABLED (default)
2021-11-14 01:04:19,604 [Listener at 127.0.0.1/34021] INFO  server.RaftServerConfigKeys (ConfUtils.java:logGet(44)) - raft.server.rpc.slowness.timeout = 300000ms (custom)
2021-11-14 01:04:19,604 [Listener at 127.0.0.1/34021] INFO  server.RaftServerConfigKeys (ConfUtils.java:logGet(44)) - raft.server.leaderelection.leader.step-down.wait-time = 10s (default)
2021-11-14 01:04:19,605 [Listener at 127.0.0.1/34021] INFO  server.RaftServerConfigKeys (ConfUtils.java:logGet(44)) - raft.server.storage.dir = [/home/runner/work/ozone/ozone/hadoop-ozone/integration-test/target/test-dir/MiniOzoneClusterImpl-5b6cbd2a-2976-43bc-8d1c-e3ca86cddeeb/datanode-1/data/ratis] (custom)
2021-11-14 01:04:19,632 [Listener at 127.0.0.1/34021] INFO  http.BaseHttpServer (BaseHttpServer.java:newHttpServer2BuilderForOzone(209)) - Starting Web-server for hddsDatanode at: http://0.0.0.0:0
2021-11-14 01:04:19,633 [Listener at 127.0.0.1/34021] INFO  http.BaseHttpServer (BaseHttpServer.java:<init>(107)) - Hadoop Security Enabled: false Ozone Security Enabled: false Ozone HTTP Security Enabled: false 
2021-11-14 01:04:19,634 [Listener at 127.0.0.1/34021] INFO  server.AuthenticationFilter (AuthenticationFilter.java:constructSecretProvider(240)) - Unable to initialize FileSignerSecretProvider, falling back to use random secrets.
2021-11-14 01:04:19,634 [Listener at 127.0.0.1/34021] WARN  http.HttpRequestLog (HttpRequestLog.java:getRequestLog(103)) - Jetty request log can only be enabled using Log4j
2021-11-14 01:04:19,635 [Listener at 127.0.0.1/34021] INFO  http.HttpServer2 (HttpServer2.java:addGlobalFilter(1030)) - Added global filter 'safety' (class=org.apache.hadoop.hdds.server.http.HttpServer2$QuotingInputFilter)
2021-11-14 01:04:19,635 [Listener at 127.0.0.1/34021] INFO  http.HttpServer2 (HttpServer2.java:addFilter(1006)) - Added filter static_user_filter (class=org.apache.hadoop.http.lib.StaticUserWebFilter$StaticUserFilter) to context hddsDatanode
2021-11-14 01:04:19,635 [Listener at 127.0.0.1/34021] INFO  http.HttpServer2 (HttpServer2.java:addFilter(1014)) - Added filter static_user_filter (class=org.apache.hadoop.http.lib.StaticUserWebFilter$StaticUserFilter) to context static
2021-11-14 01:04:19,635 [Listener at 127.0.0.1/34021] INFO  http.HttpServer2 (HttpServer2.java:addFilter(1014)) - Added filter static_user_filter (class=org.apache.hadoop.http.lib.StaticUserWebFilter$StaticUserFilter) to context logs
2021-11-14 01:04:19,636 [Listener at 127.0.0.1/34021] INFO  http.HttpServer2 (HttpServer2.java:bindListener(1249)) - Jetty bound to port 34465
2021-11-14 01:04:19,636 [Listener at 127.0.0.1/34021] INFO  server.Server (Server.java:doStart(375)) - jetty-9.4.43.v20210629; built: 2021-06-30T11:07:22.254Z; git: 526006ecfa3af7f1a27ef3a288e2bef7ea9dd7e8; jvm 1.8.0_292-b10
2021-11-14 01:04:19,651 [Listener at 127.0.0.1/34021] INFO  server.session (DefaultSessionIdManager.java:doStart(334)) - DefaultSessionIdManager workerName=node0
2021-11-14 01:04:19,651 [Listener at 127.0.0.1/34021] INFO  server.session (DefaultSessionIdManager.java:doStart(339)) - No SessionScavenger set, using defaults
2021-11-14 01:04:19,651 [Listener at 127.0.0.1/34021] INFO  server.session (HouseKeeper.java:startScavenging(132)) - node0 Scavenging every 600000ms
2021-11-14 01:04:19,652 [Listener at 127.0.0.1/34021] INFO  handler.ContextHandler (ContextHandler.java:doStart(915)) - Started o.e.j.s.ServletContextHandler@16cf38da{logs,/logs,file:///home/runner/work/ozone/ozone/hadoop-ozone/integration-test/target/log,AVAILABLE}
2021-11-14 01:04:19,652 [Listener at 127.0.0.1/34021] INFO  handler.ContextHandler (ContextHandler.java:doStart(915)) - Started o.e.j.s.ServletContextHandler@3bcf18c{static,/static,jar:file:/home/runner/.m2/repository/org/apache/ozone/hdds-container-service/1.2.0-SNAPSHOT/hdds-container-service-1.2.0-SNAPSHOT.jar!/webapps/static,AVAILABLE}
2021-11-14 01:04:19,779 [Listener at 127.0.0.1/34021] INFO  handler.ContextHandler (ContextHandler.java:doStart(915)) - Started o.e.j.w.WebAppContext@6b6d9728{hddsDatanode,/,file:///tmp/jetty-0_0_0_0-34465-hdds-container-service-1_2_0-SNAPSHOT_jar-_-any-5860701148220313853/webapp/,AVAILABLE}{jar:file:/home/runner/.m2/repository/org/apache/ozone/hdds-container-service/1.2.0-SNAPSHOT/hdds-container-service-1.2.0-SNAPSHOT.jar!/webapps/hddsDatanode}
2021-11-14 01:04:19,793 [Listener at 127.0.0.1/34021] INFO  server.AbstractConnector (AbstractConnector.java:doStart(331)) - Started ServerConnector@4fe8c84{HTTP/1.1, (http/1.1)}{0.0.0.0:34465}
2021-11-14 01:04:19,793 [Listener at 127.0.0.1/34021] INFO  server.Server (Server.java:doStart(415)) - Started @178061ms
2021-11-14 01:04:19,794 [Listener at 127.0.0.1/34021] WARN  impl.MetricsSystemImpl (MetricsSystemImpl.java:register(279)) - Sink prometheus already exists!
2021-11-14 01:04:19,794 [Listener at 127.0.0.1/34021] INFO  http.BaseHttpServer (BaseHttpServer.java:updateConnectorAddress(329)) - HTTP server of hddsDatanode listening at http://0.0.0.0:34465
2021-11-14 01:04:19,795 [Listener at 127.0.0.1/34021] WARN  impl.MetricRegistriesImpl (MetricRegistriesImpl.java:addReporterRegistration(111)) - New reporters are added after registries were created. Some metrics will be missing from the reporter. Please add reporter before adding any new registry.
2021-11-14 01:04:19,795 [Listener at 127.0.0.1/34021] WARN  impl.MetricRegistriesImpl (MetricRegistriesImpl.java:addReporterRegistration(111)) - New reporters are added after registries were created. Some metrics will be missing from the reporter. Please add reporter before adding any new registry.
2021-11-14 01:04:19,795 [Listener at 127.0.0.1/34021] INFO  impl.MetricsSystemImpl (MetricsSystemImpl.java:init(158)) - HddsDatanode metrics system started (again)
2021-11-14 01:04:19,801 [Datanode State Machine Daemon Thread] INFO  statemachine.DatanodeStateMachine (DatanodeStateMachine.java:lambda$startDaemon$0(467)) - Ozone container server started.
2021-11-14 01:04:19,861 [org.apache.hadoop.util.JvmPauseMonitor$Monitor@8aa4ad2] INFO  util.JvmPauseMonitor (JvmPauseMonitor.java:run(188)) - Starting JVM pause monitor
2021-11-14 01:04:19,901 [Listener at 127.0.0.1/34021] INFO  ozone.HddsDatanodeService (HddsDatanodeService.java:start(234)) - HddsDatanodeService host:fv-az395-453.zfmzfyrfkyou3ow0tsr0jxwq1e.bx.internal.cloudapp.net ip:10.1.0.47
2021-11-14 01:04:19,937 [Datanode State Machine Task Thread - 0] INFO  datanode.InitDatanodeState (InitDatanodeState.java:persistContainerDatanodeDetails(145)) - DatanodeDetails is persisted to /home/runner/work/ozone/ozone/hadoop-ozone/integration-test/target/test-dir/MiniOzoneClusterImpl-5b6cbd2a-2976-43bc-8d1c-e3ca86cddeeb/datanode-1/meta/datanode.id
2021-11-14 01:04:19,963 [om1@group-C5BA1605619E-FollowerState] INFO  impl.FollowerState (FollowerState.java:run(134)) - om1@group-C5BA1605619E-FollowerState: change to CANDIDATE, lastRpcElapsedTime:1210374214ns, electionTimeout:1199ms
2021-11-14 01:04:19,963 [om1@group-C5BA1605619E-FollowerState] INFO  impl.RoleInfo (RoleInfo.java:shutdownFollowerState(108)) - om1: shutdown om1@group-C5BA1605619E-FollowerState
2021-11-14 01:04:19,963 [om1@group-C5BA1605619E-FollowerState] INFO  server.RaftServer$Division (RaftServerImpl.java:setRole(290)) - om1@group-C5BA1605619E: changes role from  FOLLOWER to CANDIDATE at term 0 for changeToCandidate
2021-11-14 01:04:19,964 [om1@group-C5BA1605619E-FollowerState] INFO  server.RaftServerConfigKeys (ConfUtils.java:logGet(44)) - raft.server.leaderelection.pre-vote = false (custom)
2021-11-14 01:04:19,964 [om1@group-C5BA1605619E-FollowerState] INFO  impl.RoleInfo (RoleInfo.java:updateAndGet(130)) - om1: start om1@group-C5BA1605619E-LeaderElection98
2021-11-14 01:04:20,032 [om1@group-C5BA1605619E-LeaderElection98] INFO  impl.LeaderElection (LeaderElection.java:askForVotes(306)) - om1@group-C5BA1605619E-LeaderElection98 ELECTION round 0: submit vote requests at term 1 for -1: [om1|rpc:localhost:9872|priority:0], old=null
2021-11-14 01:04:20,032 [om1@group-C5BA1605619E-LeaderElection98] INFO  impl.LeaderElection (LeaderElection.java:askForVotes(308)) - om1@group-C5BA1605619E-LeaderElection98 ELECTION round 0: result PASSED (term=1)
2021-11-14 01:04:20,032 [om1@group-C5BA1605619E-LeaderElection98] INFO  impl.RoleInfo (RoleInfo.java:shutdownLeaderElection(121)) - om1: shutdown om1@group-C5BA1605619E-LeaderElection98
2021-11-14 01:04:20,033 [om1@group-C5BA1605619E-LeaderElection98] INFO  server.RaftServer$Division (RaftServerImpl.java:setRole(290)) - om1@group-C5BA1605619E: changes role from CANDIDATE to LEADER at term 1 for changeToLeader
2021-11-14 01:04:20,033 [om1@group-C5BA1605619E-LeaderElection98] INFO  server.RaftServer$Division (ServerState.java:setLeader(285)) - om1@group-C5BA1605619E: change Leader from null to om1 at term 1 for becomeLeader, leader elected after 1371ms
2021-11-14 01:04:20,033 [om1@group-C5BA1605619E-LeaderElection98] INFO  server.RaftServerConfigKeys (ConfUtils.java:logGet(44)) - raft.server.staging.catchup.gap = 1000 (default)
2021-11-14 01:04:20,037 [om1@group-C5BA1605619E-LeaderElection98] INFO  server.RaftServerConfigKeys (ConfUtils.java:logGet(44)) - raft.server.write.element-limit = 4096 (default)
2021-11-14 01:04:20,037 [om1@group-C5BA1605619E-LeaderElection98] INFO  server.RaftServerConfigKeys (ConfUtils.java:logGet(44)) - raft.server.write.byte-limit = 64MB (=67108864) (default)
2021-11-14 01:04:20,038 [om1@group-C5BA1605619E-LeaderElection98] INFO  server.RaftServerConfigKeys (ConfUtils.java:logGet(44)) - raft.server.watch.timeout = 10s (default)
2021-11-14 01:04:20,038 [om1@group-C5BA1605619E-LeaderElection98] INFO  server.RaftServerConfigKeys (ConfUtils.java:logGet(44)) - raft.server.watch.timeout.denomination = 1s (default)
2021-11-14 01:04:20,038 [om1@group-C5BA1605619E-LeaderElection98] INFO  server.RaftServerConfigKeys (ConfUtils.java:logGet(44)) - raft.server.watch.element-limit = 65536 (default)
2021-11-14 01:04:20,038 [om1@group-C5BA1605619E-LeaderElection98] INFO  server.RaftServerConfigKeys (ConfUtils.java:logGet(44)) - raft.server.write.element-limit = 4096 (default)
2021-11-14 01:04:20,038 [om1@group-C5BA1605619E-LeaderElection98] INFO  server.RaftServerConfigKeys (ConfUtils.java:logGet(44)) - raft.server.write.follower.gap.ratio.max = -1.0 (default)
2021-11-14 01:04:20,038 [om1@group-C5BA1605619E-LeaderElection98] INFO  impl.RoleInfo (RoleInfo.java:updateAndGet(130)) - om1: start om1@group-C5BA1605619E-LeaderStateImpl
2021-11-14 01:04:20,038 [om1@group-C5BA1605619E-LeaderElection98] INFO  segmented.SegmentedRaftLogWorker (SegmentedRaftLogWorker.java:startLogSegment(394)) - om1@group-C5BA1605619E-SegmentedRaftLogWorker: Starting segment from index:0
2021-11-14 01:04:20,042 [Listener at 127.0.0.1/34021] INFO  upgrade.AbstractLayoutVersionManager (AbstractLayoutVersionManager.java:init(79)) - Initializing Layout version manager with metadata layout = SCM_HA (version = 2), software layout = SCM_HA (version = 2)
2021-11-14 01:04:20,053 [om1@group-C5BA1605619E-SegmentedRaftLogWorker] INFO  segmented.SegmentedRaftLogWorker (SegmentedRaftLogWorker.java:execute(601)) - om1@group-C5BA1605619E-SegmentedRaftLogWorker: created new log segment /home/runner/work/ozone/ozone/hadoop-ozone/integration-test/target/test-dir/MiniOzoneClusterImpl-5b6cbd2a-2976-43bc-8d1c-e3ca86cddeeb/ozone-meta/ratis/bf265839-605b-3f16-9796-c5ba1605619e/current/log_inprogress_0
2021-11-14 01:04:20,078 [om1@group-C5BA1605619E-LeaderElection98] INFO  server.RaftServer$Division (ServerState.java:setRaftConf(387)) - om1@group-C5BA1605619E: set configuration 0: [om1|rpc:localhost:9872|admin:|client:|dataStream:|priority:0], old=null
2021-11-14 01:04:20,086 [om1@group-C5BA1605619E-StateMachineUpdater] INFO  ratis.OzoneManagerStateMachine (OzoneManagerStateMachine.java:notifyConfigurationChanged(188)) - Received Configuration change notification from Ratis. New Peer list:
[id: "om1"
address: "localhost:9872"
]
2021-11-14 01:04:20,157 [Listener at 127.0.0.1/34021] INFO  reflections.Reflections (Reflections.java:scan(232)) - Reflections took 114 ms to scan 7 urls, producing 119 keys and 279 values 
2021-11-14 01:04:20,169 [Listener at 127.0.0.1/34021] INFO  statemachine.DatanodeStateMachine (DatanodeStateMachine.java:getEndPointTaskThreadPoolSize(219)) - Datanode State Machine Task Thread Pool size 2
2021-11-14 01:04:20,171 [Listener at 127.0.0.1/34021] INFO  volume.HddsVolume (HddsVolume.java:<init>(120)) - Creating HddsVolume: /home/runner/work/ozone/ozone/hadoop-ozone/integration-test/target/test-dir/MiniOzoneClusterImpl-5b6cbd2a-2976-43bc-8d1c-e3ca86cddeeb/datanode-2/data-0/containers/hdds of storage type : DISK capacity : 9223372036854775807
2021-11-14 01:04:20,171 [Listener at 127.0.0.1/34021] INFO  volume.MutableVolumeSet (MutableVolumeSet.java:initializeVolumeSet(168)) - Added Volume : /home/runner/work/ozone/ozone/hadoop-ozone/integration-test/target/test-dir/MiniOzoneClusterImpl-5b6cbd2a-2976-43bc-8d1c-e3ca86cddeeb/datanode-2/data-0/containers/hdds to VolumeSet
2021-11-14 01:04:20,171 [Listener at 127.0.0.1/34021] INFO  volume.ThrottledAsyncChecker (ThrottledAsyncChecker.java:schedule(141)) - Scheduling a check for /home/runner/work/ozone/ozone/hadoop-ozone/integration-test/target/test-dir/MiniOzoneClusterImpl-5b6cbd2a-2976-43bc-8d1c-e3ca86cddeeb/datanode-2/data-0/containers/hdds
2021-11-14 01:04:20,189 [Listener at 127.0.0.1/34021] INFO  volume.StorageVolumeChecker (StorageVolumeChecker.java:checkAllVolumes(202)) - Scheduled health check for volume /home/runner/work/ozone/ozone/hadoop-ozone/integration-test/target/test-dir/MiniOzoneClusterImpl-5b6cbd2a-2976-43bc-8d1c-e3ca86cddeeb/datanode-2/data-0/containers/hdds
2021-11-14 01:04:20,209 [Listener at 127.0.0.1/34021] INFO  volume.MutableVolumeSet (MutableVolumeSet.java:initializeVolumeSet(168)) - Added Volume : /home/runner/work/ozone/ozone/hadoop-ozone/integration-test/target/test-dir/MiniOzoneClusterImpl-5b6cbd2a-2976-43bc-8d1c-e3ca86cddeeb/datanode-2/data/ratis to VolumeSet
2021-11-14 01:04:20,212 [Listener at 127.0.0.1/34021] INFO  volume.ThrottledAsyncChecker (ThrottledAsyncChecker.java:schedule(141)) - Scheduling a check for /home/runner/work/ozone/ozone/hadoop-ozone/integration-test/target/test-dir/MiniOzoneClusterImpl-5b6cbd2a-2976-43bc-8d1c-e3ca86cddeeb/datanode-2/data/ratis
2021-11-14 01:04:20,213 [Listener at 127.0.0.1/34021] INFO  volume.StorageVolumeChecker (StorageVolumeChecker.java:checkAllVolumes(202)) - Scheduled health check for volume /home/runner/work/ozone/ozone/hadoop-ozone/integration-test/target/test-dir/MiniOzoneClusterImpl-5b6cbd2a-2976-43bc-8d1c-e3ca86cddeeb/datanode-2/data/ratis
2021-11-14 01:04:20,243 [Thread-1650] INFO  ozoneimpl.ContainerReader (ContainerReader.java:readVolume(172)) - Finish verifying containers on volume /home/runner/work/ozone/ozone/hadoop-ozone/integration-test/target/test-dir/MiniOzoneClusterImpl-5b6cbd2a-2976-43bc-8d1c-e3ca86cddeeb/datanode-2/data-0/containers/hdds
2021-11-14 01:04:20,243 [Listener at 127.0.0.1/34021] INFO  ozoneimpl.OzoneContainer (OzoneContainer.java:buildContainerSet(236)) - Build ContainerSet costs 0s
2021-11-14 01:04:20,245 [Listener at 127.0.0.1/34021] INFO  server.RaftServer (ConfUtils.java:logGet(44)) - raft.rpc.type = GRPC (default)
2021-11-14 01:04:20,245 [Listener at 127.0.0.1/34021] INFO  grpc.GrpcFactory (GrpcFactory.java:checkPooledByteBufAllocatorUseCacheForAllThreads(48)) - PERFORMANCE WARNING: useCacheForAllThreads is true that may cause Netty to create a lot garbage objects and, as a result, trigger GC.
	It is recommended to disable useCacheForAllThreads by setting -Dorg.apache.ratis.thirdparty.io.netty.allocator.useCacheForAllThreads=false in command line.
2021-11-14 01:04:20,245 [Listener at 127.0.0.1/34021] INFO  grpc.GrpcConfigKeys (ConfUtils.java:logGet(44)) - raft.grpc.admin.port = 0 (custom)
2021-11-14 01:04:20,246 [Listener at 127.0.0.1/34021] INFO  grpc.GrpcConfigKeys (ConfUtils.java:logGet(44)) - raft.grpc.client.port = 0 (custom)
2021-11-14 01:04:20,246 [Listener at 127.0.0.1/34021] INFO  grpc.GrpcConfigKeys (ConfUtils.java:logGet(44)) - raft.grpc.server.port = 0 (default)
2021-11-14 01:04:20,246 [Listener at 127.0.0.1/34021] INFO  server.GrpcService (ConfUtils.java:logGet(44)) - raft.grpc.message.size.max = 32MB (=33554432) (custom)
2021-11-14 01:04:20,246 [Listener at 127.0.0.1/34021] INFO  server.RaftServerConfigKeys (ConfUtils.java:logGet(44)) - raft.server.log.appender.buffer.byte-limit = 33554432 (custom)
2021-11-14 01:04:20,246 [Listener at 127.0.0.1/34021] INFO  server.GrpcService (ConfUtils.java:logGet(44)) - raft.grpc.flow.control.window = 5MB (=5242880) (custom)
2021-11-14 01:04:20,246 [Listener at 127.0.0.1/34021] INFO  server.RaftServerConfigKeys (ConfUtils.java:logGet(44)) - raft.server.rpc.request.timeout = 3000ms (default)
2021-11-14 01:04:20,247 [Listener at 127.0.0.1/34021] INFO  impl.DataStreamServerImpl (ConfUtils.java:logGet(44)) - raft.datastream.type = DISABLED (default)
2021-11-14 01:04:20,247 [Listener at 127.0.0.1/34021] INFO  server.RaftServerConfigKeys (ConfUtils.java:logGet(44)) - raft.server.rpc.slowness.timeout = 300000ms (custom)
2021-11-14 01:04:20,247 [Listener at 127.0.0.1/34021] INFO  server.RaftServerConfigKeys (ConfUtils.java:logGet(44)) - raft.server.leaderelection.leader.step-down.wait-time = 10s (default)
2021-11-14 01:04:20,247 [Listener at 127.0.0.1/34021] INFO  server.RaftServerConfigKeys (ConfUtils.java:logGet(44)) - raft.server.storage.dir = [/home/runner/work/ozone/ozone/hadoop-ozone/integration-test/target/test-dir/MiniOzoneClusterImpl-5b6cbd2a-2976-43bc-8d1c-e3ca86cddeeb/datanode-2/data/ratis] (custom)
2021-11-14 01:04:20,255 [Listener at 127.0.0.1/34021] INFO  http.BaseHttpServer (BaseHttpServer.java:newHttpServer2BuilderForOzone(209)) - Starting Web-server for hddsDatanode at: http://0.0.0.0:0
2021-11-14 01:04:20,255 [Listener at 127.0.0.1/34021] INFO  http.BaseHttpServer (BaseHttpServer.java:<init>(107)) - Hadoop Security Enabled: false Ozone Security Enabled: false Ozone HTTP Security Enabled: false 
2021-11-14 01:04:20,256 [Listener at 127.0.0.1/34021] INFO  server.AuthenticationFilter (AuthenticationFilter.java:constructSecretProvider(240)) - Unable to initialize FileSignerSecretProvider, falling back to use random secrets.
2021-11-14 01:04:20,264 [Listener at 127.0.0.1/34021] WARN  http.HttpRequestLog (HttpRequestLog.java:getRequestLog(103)) - Jetty request log can only be enabled using Log4j
2021-11-14 01:04:20,265 [Listener at 127.0.0.1/34021] INFO  http.HttpServer2 (HttpServer2.java:addGlobalFilter(1030)) - Added global filter 'safety' (class=org.apache.hadoop.hdds.server.http.HttpServer2$QuotingInputFilter)
2021-11-14 01:04:20,265 [Listener at 127.0.0.1/34021] INFO  http.HttpServer2 (HttpServer2.java:addFilter(1006)) - Added filter static_user_filter (class=org.apache.hadoop.http.lib.StaticUserWebFilter$StaticUserFilter) to context hddsDatanode
2021-11-14 01:04:20,265 [Listener at 127.0.0.1/34021] INFO  http.HttpServer2 (HttpServer2.java:addFilter(1014)) - Added filter static_user_filter (class=org.apache.hadoop.http.lib.StaticUserWebFilter$StaticUserFilter) to context static
2021-11-14 01:04:20,265 [Listener at 127.0.0.1/34021] INFO  http.HttpServer2 (HttpServer2.java:addFilter(1014)) - Added filter static_user_filter (class=org.apache.hadoop.http.lib.StaticUserWebFilter$StaticUserFilter) to context logs
2021-11-14 01:04:20,266 [Listener at 127.0.0.1/34021] INFO  http.HttpServer2 (HttpServer2.java:bindListener(1249)) - Jetty bound to port 46809
2021-11-14 01:04:20,266 [Listener at 127.0.0.1/34021] INFO  server.Server (Server.java:doStart(375)) - jetty-9.4.43.v20210629; built: 2021-06-30T11:07:22.254Z; git: 526006ecfa3af7f1a27ef3a288e2bef7ea9dd7e8; jvm 1.8.0_292-b10
2021-11-14 01:04:20,288 [Listener at 127.0.0.1/34021] INFO  server.session (DefaultSessionIdManager.java:doStart(334)) - DefaultSessionIdManager workerName=node0
2021-11-14 01:04:20,288 [Listener at 127.0.0.1/34021] INFO  server.session (DefaultSessionIdManager.java:doStart(339)) - No SessionScavenger set, using defaults
2021-11-14 01:04:20,288 [Listener at 127.0.0.1/34021] INFO  server.session (HouseKeeper.java:startScavenging(132)) - node0 Scavenging every 660000ms
2021-11-14 01:04:20,289 [Listener at 127.0.0.1/34021] INFO  handler.ContextHandler (ContextHandler.java:doStart(915)) - Started o.e.j.s.ServletContextHandler@265bf118{logs,/logs,file:///home/runner/work/ozone/ozone/hadoop-ozone/integration-test/target/log,AVAILABLE}
2021-11-14 01:04:20,289 [Listener at 127.0.0.1/34021] INFO  handler.ContextHandler (ContextHandler.java:doStart(915)) - Started o.e.j.s.ServletContextHandler@6b237731{static,/static,jar:file:/home/runner/.m2/repository/org/apache/ozone/hdds-container-service/1.2.0-SNAPSHOT/hdds-container-service-1.2.0-SNAPSHOT.jar!/webapps/static,AVAILABLE}
2021-11-14 01:04:20,374 [Listener at 127.0.0.1/34021] INFO  handler.ContextHandler (ContextHandler.java:doStart(915)) - Started o.e.j.w.WebAppContext@110d4bd9{hddsDatanode,/,file:///tmp/jetty-0_0_0_0-46809-hdds-container-service-1_2_0-SNAPSHOT_jar-_-any-8036805429517491197/webapp/,AVAILABLE}{jar:file:/home/runner/.m2/repository/org/apache/ozone/hdds-container-service/1.2.0-SNAPSHOT/hdds-container-service-1.2.0-SNAPSHOT.jar!/webapps/hddsDatanode}
2021-11-14 01:04:20,397 [Listener at 127.0.0.1/34021] INFO  server.AbstractConnector (AbstractConnector.java:doStart(331)) - Started ServerConnector@5582a3ec{HTTP/1.1, (http/1.1)}{0.0.0.0:46809}
2021-11-14 01:04:20,397 [Listener at 127.0.0.1/34021] INFO  server.Server (Server.java:doStart(415)) - Started @178665ms
2021-11-14 01:04:20,398 [Listener at 127.0.0.1/34021] WARN  impl.MetricsSystemImpl (MetricsSystemImpl.java:register(279)) - Sink prometheus already exists!
2021-11-14 01:04:20,402 [Listener at 127.0.0.1/34021] INFO  http.BaseHttpServer (BaseHttpServer.java:updateConnectorAddress(329)) - HTTP server of hddsDatanode listening at http://0.0.0.0:46809
2021-11-14 01:04:20,418 [Listener at 127.0.0.1/34021] WARN  impl.MetricRegistriesImpl (MetricRegistriesImpl.java:addReporterRegistration(111)) - New reporters are added after registries were created. Some metrics will be missing from the reporter. Please add reporter before adding any new registry.
2021-11-14 01:04:20,418 [Listener at 127.0.0.1/34021] WARN  impl.MetricRegistriesImpl (MetricRegistriesImpl.java:addReporterRegistration(111)) - New reporters are added after registries were created. Some metrics will be missing from the reporter. Please add reporter before adding any new registry.
2021-11-14 01:04:20,418 [Listener at 127.0.0.1/34021] INFO  impl.MetricsSystemImpl (MetricsSystemImpl.java:init(158)) - HddsDatanode metrics system started (again)
2021-11-14 01:04:20,421 [Datanode State Machine Daemon Thread] INFO  statemachine.DatanodeStateMachine (DatanodeStateMachine.java:lambda$startDaemon$0(467)) - Ozone container server started.
2021-11-14 01:04:20,441 [org.apache.hadoop.util.JvmPauseMonitor$Monitor@4c46ff10] INFO  util.JvmPauseMonitor (JvmPauseMonitor.java:run(188)) - Starting JVM pause monitor
2021-11-14 01:04:20,442 [Listener at 127.0.0.1/34021] INFO  ozone.HddsDatanodeService (HddsDatanodeService.java:start(234)) - HddsDatanodeService host:fv-az395-453.zfmzfyrfkyou3ow0tsr0jxwq1e.bx.internal.cloudapp.net ip:10.1.0.47
2021-11-14 01:04:20,455 [Datanode State Machine Task Thread - 0] INFO  datanode.InitDatanodeState (InitDatanodeState.java:persistContainerDatanodeDetails(145)) - DatanodeDetails is persisted to /home/runner/work/ozone/ozone/hadoop-ozone/integration-test/target/test-dir/MiniOzoneClusterImpl-5b6cbd2a-2976-43bc-8d1c-e3ca86cddeeb/datanode-2/meta/datanode.id
2021-11-14 01:04:20,508 [Listener at 127.0.0.1/34021] INFO  upgrade.AbstractLayoutVersionManager (AbstractLayoutVersionManager.java:init(79)) - Initializing Layout version manager with metadata layout = SCM_HA (version = 2), software layout = SCM_HA (version = 2)
2021-11-14 01:04:20,588 [Listener at 127.0.0.1/34021] INFO  reflections.Reflections (Reflections.java:scan(232)) - Reflections took 71 ms to scan 7 urls, producing 119 keys and 279 values 
2021-11-14 01:04:20,590 [Listener at 127.0.0.1/34021] INFO  statemachine.DatanodeStateMachine (DatanodeStateMachine.java:getEndPointTaskThreadPoolSize(219)) - Datanode State Machine Task Thread Pool size 2
2021-11-14 01:04:20,591 [Listener at 127.0.0.1/34021] INFO  volume.HddsVolume (HddsVolume.java:<init>(120)) - Creating HddsVolume: /home/runner/work/ozone/ozone/hadoop-ozone/integration-test/target/test-dir/MiniOzoneClusterImpl-5b6cbd2a-2976-43bc-8d1c-e3ca86cddeeb/datanode-3/data-0/containers/hdds of storage type : DISK capacity : 9223372036854775807
2021-11-14 01:04:20,591 [Listener at 127.0.0.1/34021] INFO  volume.MutableVolumeSet (MutableVolumeSet.java:initializeVolumeSet(168)) - Added Volume : /home/runner/work/ozone/ozone/hadoop-ozone/integration-test/target/test-dir/MiniOzoneClusterImpl-5b6cbd2a-2976-43bc-8d1c-e3ca86cddeeb/datanode-3/data-0/containers/hdds to VolumeSet
2021-11-14 01:04:20,592 [Listener at 127.0.0.1/34021] INFO  volume.ThrottledAsyncChecker (ThrottledAsyncChecker.java:schedule(141)) - Scheduling a check for /home/runner/work/ozone/ozone/hadoop-ozone/integration-test/target/test-dir/MiniOzoneClusterImpl-5b6cbd2a-2976-43bc-8d1c-e3ca86cddeeb/datanode-3/data-0/containers/hdds
2021-11-14 01:04:20,592 [Listener at 127.0.0.1/34021] INFO  volume.StorageVolumeChecker (StorageVolumeChecker.java:checkAllVolumes(202)) - Scheduled health check for volume /home/runner/work/ozone/ozone/hadoop-ozone/integration-test/target/test-dir/MiniOzoneClusterImpl-5b6cbd2a-2976-43bc-8d1c-e3ca86cddeeb/datanode-3/data-0/containers/hdds
2021-11-14 01:04:20,628 [Listener at 127.0.0.1/34021] INFO  volume.MutableVolumeSet (MutableVolumeSet.java:initializeVolumeSet(168)) - Added Volume : /home/runner/work/ozone/ozone/hadoop-ozone/integration-test/target/test-dir/MiniOzoneClusterImpl-5b6cbd2a-2976-43bc-8d1c-e3ca86cddeeb/datanode-3/data/ratis to VolumeSet
2021-11-14 01:04:20,636 [Listener at 127.0.0.1/34021] INFO  volume.ThrottledAsyncChecker (ThrottledAsyncChecker.java:schedule(141)) - Scheduling a check for /home/runner/work/ozone/ozone/hadoop-ozone/integration-test/target/test-dir/MiniOzoneClusterImpl-5b6cbd2a-2976-43bc-8d1c-e3ca86cddeeb/datanode-3/data/ratis
2021-11-14 01:04:20,636 [Listener at 127.0.0.1/34021] INFO  volume.StorageVolumeChecker (StorageVolumeChecker.java:checkAllVolumes(202)) - Scheduled health check for volume /home/runner/work/ozone/ozone/hadoop-ozone/integration-test/target/test-dir/MiniOzoneClusterImpl-5b6cbd2a-2976-43bc-8d1c-e3ca86cddeeb/datanode-3/data/ratis
2021-11-14 01:04:20,710 [Thread-1662] INFO  ozoneimpl.ContainerReader (ContainerReader.java:readVolume(172)) - Finish verifying containers on volume /home/runner/work/ozone/ozone/hadoop-ozone/integration-test/target/test-dir/MiniOzoneClusterImpl-5b6cbd2a-2976-43bc-8d1c-e3ca86cddeeb/datanode-3/data-0/containers/hdds
2021-11-14 01:04:20,710 [Listener at 127.0.0.1/34021] INFO  ozoneimpl.OzoneContainer (OzoneContainer.java:buildContainerSet(236)) - Build ContainerSet costs 0s
2021-11-14 01:04:20,712 [Listener at 127.0.0.1/34021] INFO  server.RaftServer (ConfUtils.java:logGet(44)) - raft.rpc.type = GRPC (default)
2021-11-14 01:04:20,712 [Listener at 127.0.0.1/34021] INFO  grpc.GrpcFactory (GrpcFactory.java:checkPooledByteBufAllocatorUseCacheForAllThreads(48)) - PERFORMANCE WARNING: useCacheForAllThreads is true that may cause Netty to create a lot garbage objects and, as a result, trigger GC.
	It is recommended to disable useCacheForAllThreads by setting -Dorg.apache.ratis.thirdparty.io.netty.allocator.useCacheForAllThreads=false in command line.
2021-11-14 01:04:20,712 [Listener at 127.0.0.1/34021] INFO  grpc.GrpcConfigKeys (ConfUtils.java:logGet(44)) - raft.grpc.admin.port = 0 (custom)
2021-11-14 01:04:20,713 [Listener at 127.0.0.1/34021] INFO  grpc.GrpcConfigKeys (ConfUtils.java:logGet(44)) - raft.grpc.client.port = 0 (custom)
2021-11-14 01:04:20,713 [Listener at 127.0.0.1/34021] INFO  grpc.GrpcConfigKeys (ConfUtils.java:logGet(44)) - raft.grpc.server.port = 0 (default)
2021-11-14 01:04:20,713 [Listener at 127.0.0.1/34021] INFO  server.GrpcService (ConfUtils.java:logGet(44)) - raft.grpc.message.size.max = 32MB (=33554432) (custom)
2021-11-14 01:04:20,713 [Listener at 127.0.0.1/34021] INFO  server.RaftServerConfigKeys (ConfUtils.java:logGet(44)) - raft.server.log.appender.buffer.byte-limit = 33554432 (custom)
2021-11-14 01:04:20,713 [Listener at 127.0.0.1/34021] INFO  server.GrpcService (ConfUtils.java:logGet(44)) - raft.grpc.flow.control.window = 5MB (=5242880) (custom)
2021-11-14 01:04:20,713 [Listener at 127.0.0.1/34021] INFO  server.RaftServerConfigKeys (ConfUtils.java:logGet(44)) - raft.server.rpc.request.timeout = 3000ms (default)
2021-11-14 01:04:20,715 [Listener at 127.0.0.1/34021] INFO  impl.DataStreamServerImpl (ConfUtils.java:logGet(44)) - raft.datastream.type = DISABLED (default)
2021-11-14 01:04:20,715 [Listener at 127.0.0.1/34021] INFO  server.RaftServerConfigKeys (ConfUtils.java:logGet(44)) - raft.server.rpc.slowness.timeout = 300000ms (custom)
2021-11-14 01:04:20,715 [Listener at 127.0.0.1/34021] INFO  server.RaftServerConfigKeys (ConfUtils.java:logGet(44)) - raft.server.leaderelection.leader.step-down.wait-time = 10s (default)
2021-11-14 01:04:20,715 [Listener at 127.0.0.1/34021] INFO  server.RaftServerConfigKeys (ConfUtils.java:logGet(44)) - raft.server.storage.dir = [/home/runner/work/ozone/ozone/hadoop-ozone/integration-test/target/test-dir/MiniOzoneClusterImpl-5b6cbd2a-2976-43bc-8d1c-e3ca86cddeeb/datanode-3/data/ratis] (custom)
2021-11-14 01:04:20,725 [Listener at 127.0.0.1/34021] INFO  http.BaseHttpServer (BaseHttpServer.java:newHttpServer2BuilderForOzone(209)) - Starting Web-server for hddsDatanode at: http://0.0.0.0:0
2021-11-14 01:04:20,725 [Listener at 127.0.0.1/34021] INFO  http.BaseHttpServer (BaseHttpServer.java:<init>(107)) - Hadoop Security Enabled: false Ozone Security Enabled: false Ozone HTTP Security Enabled: false 
2021-11-14 01:04:20,726 [Listener at 127.0.0.1/34021] INFO  server.AuthenticationFilter (AuthenticationFilter.java:constructSecretProvider(240)) - Unable to initialize FileSignerSecretProvider, falling back to use random secrets.
2021-11-14 01:04:20,733 [Listener at 127.0.0.1/34021] WARN  http.HttpRequestLog (HttpRequestLog.java:getRequestLog(103)) - Jetty request log can only be enabled using Log4j
2021-11-14 01:04:20,734 [Listener at 127.0.0.1/34021] INFO  http.HttpServer2 (HttpServer2.java:addGlobalFilter(1030)) - Added global filter 'safety' (class=org.apache.hadoop.hdds.server.http.HttpServer2$QuotingInputFilter)
2021-11-14 01:04:20,734 [Listener at 127.0.0.1/34021] INFO  http.HttpServer2 (HttpServer2.java:addFilter(1006)) - Added filter static_user_filter (class=org.apache.hadoop.http.lib.StaticUserWebFilter$StaticUserFilter) to context hddsDatanode
2021-11-14 01:04:20,734 [Listener at 127.0.0.1/34021] INFO  http.HttpServer2 (HttpServer2.java:addFilter(1014)) - Added filter static_user_filter (class=org.apache.hadoop.http.lib.StaticUserWebFilter$StaticUserFilter) to context logs
2021-11-14 01:04:20,734 [Listener at 127.0.0.1/34021] INFO  http.HttpServer2 (HttpServer2.java:addFilter(1014)) - Added filter static_user_filter (class=org.apache.hadoop.http.lib.StaticUserWebFilter$StaticUserFilter) to context static
2021-11-14 01:04:20,735 [Listener at 127.0.0.1/34021] INFO  http.HttpServer2 (HttpServer2.java:bindListener(1249)) - Jetty bound to port 37081
2021-11-14 01:04:20,735 [Listener at 127.0.0.1/34021] INFO  server.Server (Server.java:doStart(375)) - jetty-9.4.43.v20210629; built: 2021-06-30T11:07:22.254Z; git: 526006ecfa3af7f1a27ef3a288e2bef7ea9dd7e8; jvm 1.8.0_292-b10
2021-11-14 01:04:20,737 [Listener at 127.0.0.1/34021] INFO  server.session (DefaultSessionIdManager.java:doStart(334)) - DefaultSessionIdManager workerName=node0
2021-11-14 01:04:20,737 [Listener at 127.0.0.1/34021] INFO  server.session (DefaultSessionIdManager.java:doStart(339)) - No SessionScavenger set, using defaults
2021-11-14 01:04:20,737 [Listener at 127.0.0.1/34021] INFO  server.session (HouseKeeper.java:startScavenging(132)) - node0 Scavenging every 600000ms
2021-11-14 01:04:20,750 [Listener at 127.0.0.1/34021] INFO  handler.ContextHandler (ContextHandler.java:doStart(915)) - Started o.e.j.s.ServletContextHandler@5359b0fa{logs,/logs,file:///home/runner/work/ozone/ozone/hadoop-ozone/integration-test/target/log,AVAILABLE}
2021-11-14 01:04:20,750 [Listener at 127.0.0.1/34021] INFO  handler.ContextHandler (ContextHandler.java:doStart(915)) - Started o.e.j.s.ServletContextHandler@1e855f80{static,/static,jar:file:/home/runner/.m2/repository/org/apache/ozone/hdds-container-service/1.2.0-SNAPSHOT/hdds-container-service-1.2.0-SNAPSHOT.jar!/webapps/static,AVAILABLE}
2021-11-14 01:04:20,843 [Listener at 127.0.0.1/34021] INFO  handler.ContextHandler (ContextHandler.java:doStart(915)) - Started o.e.j.w.WebAppContext@51187c05{hddsDatanode,/,file:///tmp/jetty-0_0_0_0-37081-hdds-container-service-1_2_0-SNAPSHOT_jar-_-any-7456423060536348217/webapp/,AVAILABLE}{jar:file:/home/runner/.m2/repository/org/apache/ozone/hdds-container-service/1.2.0-SNAPSHOT/hdds-container-service-1.2.0-SNAPSHOT.jar!/webapps/hddsDatanode}
2021-11-14 01:04:20,864 [Listener at 127.0.0.1/34021] INFO  server.AbstractConnector (AbstractConnector.java:doStart(331)) - Started ServerConnector@2aef0b3a{HTTP/1.1, (http/1.1)}{0.0.0.0:37081}
2021-11-14 01:04:20,864 [Listener at 127.0.0.1/34021] INFO  server.Server (Server.java:doStart(415)) - Started @179132ms
2021-11-14 01:04:20,865 [Listener at 127.0.0.1/34021] WARN  impl.MetricsSystemImpl (MetricsSystemImpl.java:register(279)) - Sink prometheus already exists!
2021-11-14 01:04:20,865 [Listener at 127.0.0.1/34021] INFO  http.BaseHttpServer (BaseHttpServer.java:updateConnectorAddress(329)) - HTTP server of hddsDatanode listening at http://0.0.0.0:37081
2021-11-14 01:04:20,873 [Datanode State Machine Daemon Thread] INFO  statemachine.DatanodeStateMachine (DatanodeStateMachine.java:lambda$startDaemon$0(467)) - Ozone container server started.
2021-11-14 01:04:20,875 [Listener at 127.0.0.1/34021] WARN  impl.MetricRegistriesImpl (MetricRegistriesImpl.java:addReporterRegistration(111)) - New reporters are added after registries were created. Some metrics will be missing from the reporter. Please add reporter before adding any new registry.
2021-11-14 01:04:20,875 [Listener at 127.0.0.1/34021] WARN  impl.MetricRegistriesImpl (MetricRegistriesImpl.java:addReporterRegistration(111)) - New reporters are added after registries were created. Some metrics will be missing from the reporter. Please add reporter before adding any new registry.
2021-11-14 01:04:20,875 [Listener at 127.0.0.1/34021] INFO  impl.MetricsSystemImpl (MetricsSystemImpl.java:init(158)) - HddsDatanode metrics system started (again)
2021-11-14 01:04:20,916 [Listener at 127.0.0.1/34021] INFO  ozone.HddsDatanodeService (HddsDatanodeService.java:start(234)) - HddsDatanodeService host:fv-az395-453.zfmzfyrfkyou3ow0tsr0jxwq1e.bx.internal.cloudapp.net ip:10.1.0.47
2021-11-14 01:04:20,929 [org.apache.hadoop.util.JvmPauseMonitor$Monitor@46affe45] INFO  util.JvmPauseMonitor (JvmPauseMonitor.java:run(188)) - Starting JVM pause monitor
2021-11-14 01:04:20,954 [Datanode State Machine Task Thread - 0] INFO  datanode.InitDatanodeState (InitDatanodeState.java:persistContainerDatanodeDetails(145)) - DatanodeDetails is persisted to /home/runner/work/ozone/ozone/hadoop-ozone/integration-test/target/test-dir/MiniOzoneClusterImpl-5b6cbd2a-2976-43bc-8d1c-e3ca86cddeeb/datanode-3/meta/datanode.id
2021-11-14 01:04:20,986 [Listener at 127.0.0.1/34021] INFO  upgrade.AbstractLayoutVersionManager (AbstractLayoutVersionManager.java:init(79)) - Initializing Layout version manager with metadata layout = SCM_HA (version = 2), software layout = SCM_HA (version = 2)
2021-11-14 01:04:21,078 [Listener at 127.0.0.1/34021] INFO  reflections.Reflections (Reflections.java:scan(232)) - Reflections took 91 ms to scan 7 urls, producing 119 keys and 279 values 
2021-11-14 01:04:21,079 [Listener at 127.0.0.1/34021] INFO  statemachine.DatanodeStateMachine (DatanodeStateMachine.java:getEndPointTaskThreadPoolSize(219)) - Datanode State Machine Task Thread Pool size 2
2021-11-14 01:04:21,082 [Listener at 127.0.0.1/34021] INFO  volume.HddsVolume (HddsVolume.java:<init>(120)) - Creating HddsVolume: /home/runner/work/ozone/ozone/hadoop-ozone/integration-test/target/test-dir/MiniOzoneClusterImpl-5b6cbd2a-2976-43bc-8d1c-e3ca86cddeeb/datanode-4/data-0/containers/hdds of storage type : DISK capacity : 9223372036854775807
2021-11-14 01:04:21,082 [Listener at 127.0.0.1/34021] INFO  volume.MutableVolumeSet (MutableVolumeSet.java:initializeVolumeSet(168)) - Added Volume : /home/runner/work/ozone/ozone/hadoop-ozone/integration-test/target/test-dir/MiniOzoneClusterImpl-5b6cbd2a-2976-43bc-8d1c-e3ca86cddeeb/datanode-4/data-0/containers/hdds to VolumeSet
2021-11-14 01:04:21,082 [Listener at 127.0.0.1/34021] INFO  volume.ThrottledAsyncChecker (ThrottledAsyncChecker.java:schedule(141)) - Scheduling a check for /home/runner/work/ozone/ozone/hadoop-ozone/integration-test/target/test-dir/MiniOzoneClusterImpl-5b6cbd2a-2976-43bc-8d1c-e3ca86cddeeb/datanode-4/data-0/containers/hdds
2021-11-14 01:04:21,083 [Listener at 127.0.0.1/34021] INFO  volume.StorageVolumeChecker (StorageVolumeChecker.java:checkAllVolumes(202)) - Scheduled health check for volume /home/runner/work/ozone/ozone/hadoop-ozone/integration-test/target/test-dir/MiniOzoneClusterImpl-5b6cbd2a-2976-43bc-8d1c-e3ca86cddeeb/datanode-4/data-0/containers/hdds
2021-11-14 01:04:21,109 [Listener at 127.0.0.1/34021] INFO  volume.MutableVolumeSet (MutableVolumeSet.java:initializeVolumeSet(168)) - Added Volume : /home/runner/work/ozone/ozone/hadoop-ozone/integration-test/target/test-dir/MiniOzoneClusterImpl-5b6cbd2a-2976-43bc-8d1c-e3ca86cddeeb/datanode-4/data/ratis to VolumeSet
2021-11-14 01:04:21,109 [Listener at 127.0.0.1/34021] INFO  volume.ThrottledAsyncChecker (ThrottledAsyncChecker.java:schedule(141)) - Scheduling a check for /home/runner/work/ozone/ozone/hadoop-ozone/integration-test/target/test-dir/MiniOzoneClusterImpl-5b6cbd2a-2976-43bc-8d1c-e3ca86cddeeb/datanode-4/data/ratis
2021-11-14 01:04:21,110 [Listener at 127.0.0.1/34021] INFO  volume.StorageVolumeChecker (StorageVolumeChecker.java:checkAllVolumes(202)) - Scheduled health check for volume /home/runner/work/ozone/ozone/hadoop-ozone/integration-test/target/test-dir/MiniOzoneClusterImpl-5b6cbd2a-2976-43bc-8d1c-e3ca86cddeeb/datanode-4/data/ratis
2021-11-14 01:04:21,162 [Thread-1674] INFO  ozoneimpl.ContainerReader (ContainerReader.java:readVolume(172)) - Finish verifying containers on volume /home/runner/work/ozone/ozone/hadoop-ozone/integration-test/target/test-dir/MiniOzoneClusterImpl-5b6cbd2a-2976-43bc-8d1c-e3ca86cddeeb/datanode-4/data-0/containers/hdds
2021-11-14 01:04:21,162 [Listener at 127.0.0.1/34021] INFO  ozoneimpl.OzoneContainer (OzoneContainer.java:buildContainerSet(236)) - Build ContainerSet costs 0s
2021-11-14 01:04:21,164 [Listener at 127.0.0.1/34021] INFO  server.RaftServer (ConfUtils.java:logGet(44)) - raft.rpc.type = GRPC (default)
2021-11-14 01:04:21,164 [Listener at 127.0.0.1/34021] INFO  grpc.GrpcFactory (GrpcFactory.java:checkPooledByteBufAllocatorUseCacheForAllThreads(48)) - PERFORMANCE WARNING: useCacheForAllThreads is true that may cause Netty to create a lot garbage objects and, as a result, trigger GC.
	It is recommended to disable useCacheForAllThreads by setting -Dorg.apache.ratis.thirdparty.io.netty.allocator.useCacheForAllThreads=false in command line.
2021-11-14 01:04:21,165 [Listener at 127.0.0.1/34021] INFO  grpc.GrpcConfigKeys (ConfUtils.java:logGet(44)) - raft.grpc.admin.port = 0 (custom)
2021-11-14 01:04:21,165 [Listener at 127.0.0.1/34021] INFO  grpc.GrpcConfigKeys (ConfUtils.java:logGet(44)) - raft.grpc.client.port = 0 (custom)
2021-11-14 01:04:21,165 [Listener at 127.0.0.1/34021] INFO  grpc.GrpcConfigKeys (ConfUtils.java:logGet(44)) - raft.grpc.server.port = 0 (default)
2021-11-14 01:04:21,165 [Listener at 127.0.0.1/34021] INFO  server.GrpcService (ConfUtils.java:logGet(44)) - raft.grpc.message.size.max = 32MB (=33554432) (custom)
2021-11-14 01:04:21,165 [Listener at 127.0.0.1/34021] INFO  server.RaftServerConfigKeys (ConfUtils.java:logGet(44)) - raft.server.log.appender.buffer.byte-limit = 33554432 (custom)
2021-11-14 01:04:21,165 [Listener at 127.0.0.1/34021] INFO  server.GrpcService (ConfUtils.java:logGet(44)) - raft.grpc.flow.control.window = 5MB (=5242880) (custom)
2021-11-14 01:04:21,165 [Listener at 127.0.0.1/34021] INFO  server.RaftServerConfigKeys (ConfUtils.java:logGet(44)) - raft.server.rpc.request.timeout = 3000ms (default)
2021-11-14 01:04:21,166 [Listener at 127.0.0.1/34021] INFO  impl.DataStreamServerImpl (ConfUtils.java:logGet(44)) - raft.datastream.type = DISABLED (default)
2021-11-14 01:04:21,167 [Listener at 127.0.0.1/34021] INFO  server.RaftServerConfigKeys (ConfUtils.java:logGet(44)) - raft.server.rpc.slowness.timeout = 300000ms (custom)
2021-11-14 01:04:21,167 [Listener at 127.0.0.1/34021] INFO  server.RaftServerConfigKeys (ConfUtils.java:logGet(44)) - raft.server.leaderelection.leader.step-down.wait-time = 10s (default)
2021-11-14 01:04:21,167 [Listener at 127.0.0.1/34021] INFO  server.RaftServerConfigKeys (ConfUtils.java:logGet(44)) - raft.server.storage.dir = [/home/runner/work/ozone/ozone/hadoop-ozone/integration-test/target/test-dir/MiniOzoneClusterImpl-5b6cbd2a-2976-43bc-8d1c-e3ca86cddeeb/datanode-4/data/ratis] (custom)
2021-11-14 01:04:21,180 [Listener at 127.0.0.1/34021] INFO  http.BaseHttpServer (BaseHttpServer.java:newHttpServer2BuilderForOzone(209)) - Starting Web-server for hddsDatanode at: http://0.0.0.0:0
2021-11-14 01:04:21,180 [Listener at 127.0.0.1/34021] INFO  http.BaseHttpServer (BaseHttpServer.java:<init>(107)) - Hadoop Security Enabled: false Ozone Security Enabled: false Ozone HTTP Security Enabled: false 
2021-11-14 01:04:21,181 [Listener at 127.0.0.1/34021] INFO  server.AuthenticationFilter (AuthenticationFilter.java:constructSecretProvider(240)) - Unable to initialize FileSignerSecretProvider, falling back to use random secrets.
2021-11-14 01:04:21,182 [Listener at 127.0.0.1/34021] WARN  http.HttpRequestLog (HttpRequestLog.java:getRequestLog(103)) - Jetty request log can only be enabled using Log4j
2021-11-14 01:04:21,182 [Listener at 127.0.0.1/34021] INFO  http.HttpServer2 (HttpServer2.java:addGlobalFilter(1030)) - Added global filter 'safety' (class=org.apache.hadoop.hdds.server.http.HttpServer2$QuotingInputFilter)
2021-11-14 01:04:21,183 [Listener at 127.0.0.1/34021] INFO  http.HttpServer2 (HttpServer2.java:addFilter(1006)) - Added filter static_user_filter (class=org.apache.hadoop.http.lib.StaticUserWebFilter$StaticUserFilter) to context hddsDatanode
2021-11-14 01:04:21,183 [Listener at 127.0.0.1/34021] INFO  http.HttpServer2 (HttpServer2.java:addFilter(1014)) - Added filter static_user_filter (class=org.apache.hadoop.http.lib.StaticUserWebFilter$StaticUserFilter) to context static
2021-11-14 01:04:21,183 [Listener at 127.0.0.1/34021] INFO  http.HttpServer2 (HttpServer2.java:addFilter(1014)) - Added filter static_user_filter (class=org.apache.hadoop.http.lib.StaticUserWebFilter$StaticUserFilter) to context logs
2021-11-14 01:04:21,183 [Listener at 127.0.0.1/34021] INFO  http.HttpServer2 (HttpServer2.java:bindListener(1249)) - Jetty bound to port 40047
2021-11-14 01:04:21,183 [Listener at 127.0.0.1/34021] INFO  server.Server (Server.java:doStart(375)) - jetty-9.4.43.v20210629; built: 2021-06-30T11:07:22.254Z; git: 526006ecfa3af7f1a27ef3a288e2bef7ea9dd7e8; jvm 1.8.0_292-b10
2021-11-14 01:04:21,186 [Listener at 127.0.0.1/34021] INFO  server.session (DefaultSessionIdManager.java:doStart(334)) - DefaultSessionIdManager workerName=node0
2021-11-14 01:04:21,186 [Listener at 127.0.0.1/34021] INFO  server.session (DefaultSessionIdManager.java:doStart(339)) - No SessionScavenger set, using defaults
2021-11-14 01:04:21,186 [Listener at 127.0.0.1/34021] INFO  server.session (HouseKeeper.java:startScavenging(132)) - node0 Scavenging every 660000ms
2021-11-14 01:04:21,186 [Listener at 127.0.0.1/34021] INFO  handler.ContextHandler (ContextHandler.java:doStart(915)) - Started o.e.j.s.ServletContextHandler@673557e8{logs,/logs,file:///home/runner/work/ozone/ozone/hadoop-ozone/integration-test/target/log,AVAILABLE}
2021-11-14 01:04:21,187 [Listener at 127.0.0.1/34021] INFO  handler.ContextHandler (ContextHandler.java:doStart(915)) - Started o.e.j.s.ServletContextHandler@6d6a912f{static,/static,jar:file:/home/runner/.m2/repository/org/apache/ozone/hdds-container-service/1.2.0-SNAPSHOT/hdds-container-service-1.2.0-SNAPSHOT.jar!/webapps/static,AVAILABLE}
2021-11-14 01:04:21,267 [Listener at 127.0.0.1/34021] INFO  handler.ContextHandler (ContextHandler.java:doStart(915)) - Started o.e.j.w.WebAppContext@458f21df{hddsDatanode,/,file:///tmp/jetty-0_0_0_0-40047-hdds-container-service-1_2_0-SNAPSHOT_jar-_-any-6491295733471490347/webapp/,AVAILABLE}{jar:file:/home/runner/.m2/repository/org/apache/ozone/hdds-container-service/1.2.0-SNAPSHOT/hdds-container-service-1.2.0-SNAPSHOT.jar!/webapps/hddsDatanode}
2021-11-14 01:04:21,270 [Listener at 127.0.0.1/34021] INFO  server.AbstractConnector (AbstractConnector.java:doStart(331)) - Started ServerConnector@2bab66f6{HTTP/1.1, (http/1.1)}{0.0.0.0:40047}
2021-11-14 01:04:21,270 [Listener at 127.0.0.1/34021] INFO  server.Server (Server.java:doStart(415)) - Started @179538ms
2021-11-14 01:04:21,270 [Listener at 127.0.0.1/34021] WARN  impl.MetricsSystemImpl (MetricsSystemImpl.java:register(279)) - Sink prometheus already exists!
2021-11-14 01:04:21,271 [Listener at 127.0.0.1/34021] INFO  http.BaseHttpServer (BaseHttpServer.java:updateConnectorAddress(329)) - HTTP server of hddsDatanode listening at http://0.0.0.0:40047
2021-11-14 01:04:21,274 [Listener at 127.0.0.1/34021] WARN  impl.MetricRegistriesImpl (MetricRegistriesImpl.java:addReporterRegistration(111)) - New reporters are added after registries were created. Some metrics will be missing from the reporter. Please add reporter before adding any new registry.
2021-11-14 01:04:21,274 [Listener at 127.0.0.1/34021] WARN  impl.MetricRegistriesImpl (MetricRegistriesImpl.java:addReporterRegistration(111)) - New reporters are added after registries were created. Some metrics will be missing from the reporter. Please add reporter before adding any new registry.
2021-11-14 01:04:21,274 [Listener at 127.0.0.1/34021] INFO  impl.MetricsSystemImpl (MetricsSystemImpl.java:init(158)) - HddsDatanode metrics system started (again)
2021-11-14 01:04:21,291 [Datanode State Machine Daemon Thread] INFO  statemachine.DatanodeStateMachine (DatanodeStateMachine.java:lambda$startDaemon$0(467)) - Ozone container server started.
2021-11-14 01:04:21,308 [Listener at 127.0.0.1/34021] INFO  ozone.HddsDatanodeService (HddsDatanodeService.java:start(234)) - HddsDatanodeService host:fv-az395-453.zfmzfyrfkyou3ow0tsr0jxwq1e.bx.internal.cloudapp.net ip:10.1.0.47
2021-11-14 01:04:21,325 [org.apache.hadoop.util.JvmPauseMonitor$Monitor@7d064796] INFO  util.JvmPauseMonitor (JvmPauseMonitor.java:run(188)) - Starting JVM pause monitor
2021-11-14 01:04:21,358 [Datanode State Machine Task Thread - 0] INFO  datanode.InitDatanodeState (InitDatanodeState.java:persistContainerDatanodeDetails(145)) - DatanodeDetails is persisted to /home/runner/work/ozone/ozone/hadoop-ozone/integration-test/target/test-dir/MiniOzoneClusterImpl-5b6cbd2a-2976-43bc-8d1c-e3ca86cddeeb/datanode-4/meta/datanode.id
2021-11-14 01:04:21,362 [Listener at 127.0.0.1/34021] INFO  upgrade.AbstractLayoutVersionManager (AbstractLayoutVersionManager.java:init(79)) - Initializing Layout version manager with metadata layout = SCM_HA (version = 2), software layout = SCM_HA (version = 2)
2021-11-14 01:04:21,447 [EndpointStateMachine task thread for /0.0.0.0:43729 - 0 ] INFO  ozoneimpl.OzoneContainer (OzoneContainer.java:start(304)) - Attempting to start container services.
2021-11-14 01:04:21,448 [EndpointStateMachine task thread for /0.0.0.0:43729 - 0 ] INFO  ozoneimpl.OzoneContainer (OzoneContainer.java:startContainerScrub(249)) - Background container scanner has been disabled.
2021-11-14 01:04:21,453 [EndpointStateMachine task thread for /0.0.0.0:43729 - 0 ] INFO  replication.ReplicationServer (ReplicationServer.java:start(107)) - ReplicationServer is started using port 45299
2021-11-14 01:04:21,454 [EndpointStateMachine task thread for /0.0.0.0:43729 - 0 ] INFO  ratis.XceiverServerRatis (XceiverServerRatis.java:start(484)) - Starting XceiverServerRatis 32069a0d-f39a-42d5-b706-96b3f478e9d8
2021-11-14 01:04:21,455 [EndpointStateMachine task thread for /0.0.0.0:43729 - 0 ] INFO  server.RaftServer (RaftServerProxy.java:lambda$start$5(374)) - 32069a0d-f39a-42d5-b706-96b3f478e9d8: start RPC server
2021-11-14 01:04:21,456 [EndpointStateMachine task thread for /0.0.0.0:43729 - 0 ] INFO  server.GrpcService (GrpcService.java:startImpl(253)) - 32069a0d-f39a-42d5-b706-96b3f478e9d8: GrpcService started, listening on 43355
2021-11-14 01:04:21,456 [EndpointStateMachine task thread for /0.0.0.0:43729 - 0 ] INFO  ratis.XceiverServerRatis (XceiverServerRatis.java:getRealPort(505)) - XceiverServerRatis 32069a0d-f39a-42d5-b706-96b3f478e9d8 is started using port 43355 for RATIS
2021-11-14 01:04:21,456 [EndpointStateMachine task thread for /0.0.0.0:43729 - 0 ] INFO  ratis.XceiverServerRatis (XceiverServerRatis.java:getRealPort(505)) - XceiverServerRatis 32069a0d-f39a-42d5-b706-96b3f478e9d8 is started using port 43355 for RATIS_ADMIN
2021-11-14 01:04:21,456 [EndpointStateMachine task thread for /0.0.0.0:43729 - 0 ] INFO  ratis.XceiverServerRatis (XceiverServerRatis.java:getRealPort(505)) - XceiverServerRatis 32069a0d-f39a-42d5-b706-96b3f478e9d8 is started using port 43355 for RATIS_SERVER
2021-11-14 01:04:21,456 [EndpointStateMachine task thread for /0.0.0.0:43729 - 0 ] INFO  server.XceiverServerGrpc (XceiverServerGrpc.java:start(135)) - XceiverServerGrpc 32069a0d-f39a-42d5-b706-96b3f478e9d8 is started using port 42407
2021-11-14 01:04:21,477 [org.apache.ratis.util.JvmPauseMonitor$$Lambda$531/1045442098@3dc2dbd1] INFO  util.JvmPauseMonitor (JvmPauseMonitor.java:run(103)) - JvmPauseMonitor-32069a0d-f39a-42d5-b706-96b3f478e9d8: Started
2021-11-14 01:04:21,556 [Listener at 127.0.0.1/34021] INFO  reflections.Reflections (Reflections.java:scan(232)) - Reflections took 191 ms to scan 7 urls, producing 119 keys and 279 values 
2021-11-14 01:04:21,559 [Listener at 127.0.0.1/34021] INFO  statemachine.DatanodeStateMachine (DatanodeStateMachine.java:getEndPointTaskThreadPoolSize(219)) - Datanode State Machine Task Thread Pool size 2
2021-11-14 01:04:21,582 [Listener at 127.0.0.1/34021] INFO  volume.HddsVolume (HddsVolume.java:<init>(120)) - Creating HddsVolume: /home/runner/work/ozone/ozone/hadoop-ozone/integration-test/target/test-dir/MiniOzoneClusterImpl-5b6cbd2a-2976-43bc-8d1c-e3ca86cddeeb/datanode-5/data-0/containers/hdds of storage type : DISK capacity : 9223372036854775807
2021-11-14 01:04:21,582 [Listener at 127.0.0.1/34021] INFO  volume.MutableVolumeSet (MutableVolumeSet.java:initializeVolumeSet(168)) - Added Volume : /home/runner/work/ozone/ozone/hadoop-ozone/integration-test/target/test-dir/MiniOzoneClusterImpl-5b6cbd2a-2976-43bc-8d1c-e3ca86cddeeb/datanode-5/data-0/containers/hdds to VolumeSet
2021-11-14 01:04:21,583 [Listener at 127.0.0.1/34021] INFO  volume.ThrottledAsyncChecker (ThrottledAsyncChecker.java:schedule(141)) - Scheduling a check for /home/runner/work/ozone/ozone/hadoop-ozone/integration-test/target/test-dir/MiniOzoneClusterImpl-5b6cbd2a-2976-43bc-8d1c-e3ca86cddeeb/datanode-5/data-0/containers/hdds
2021-11-14 01:04:21,583 [Listener at 127.0.0.1/34021] INFO  volume.StorageVolumeChecker (StorageVolumeChecker.java:checkAllVolumes(202)) - Scheduled health check for volume /home/runner/work/ozone/ozone/hadoop-ozone/integration-test/target/test-dir/MiniOzoneClusterImpl-5b6cbd2a-2976-43bc-8d1c-e3ca86cddeeb/datanode-5/data-0/containers/hdds
2021-11-14 01:04:21,609 [Listener at 127.0.0.1/34021] INFO  volume.MutableVolumeSet (MutableVolumeSet.java:initializeVolumeSet(168)) - Added Volume : /home/runner/work/ozone/ozone/hadoop-ozone/integration-test/target/test-dir/MiniOzoneClusterImpl-5b6cbd2a-2976-43bc-8d1c-e3ca86cddeeb/datanode-5/data/ratis to VolumeSet
2021-11-14 01:04:21,629 [Listener at 127.0.0.1/34021] INFO  volume.ThrottledAsyncChecker (ThrottledAsyncChecker.java:schedule(141)) - Scheduling a check for /home/runner/work/ozone/ozone/hadoop-ozone/integration-test/target/test-dir/MiniOzoneClusterImpl-5b6cbd2a-2976-43bc-8d1c-e3ca86cddeeb/datanode-5/data/ratis
2021-11-14 01:04:21,629 [Listener at 127.0.0.1/34021] INFO  volume.StorageVolumeChecker (StorageVolumeChecker.java:checkAllVolumes(202)) - Scheduled health check for volume /home/runner/work/ozone/ozone/hadoop-ozone/integration-test/target/test-dir/MiniOzoneClusterImpl-5b6cbd2a-2976-43bc-8d1c-e3ca86cddeeb/datanode-5/data/ratis
2021-11-14 01:04:21,670 [Thread-1690] INFO  ozoneimpl.ContainerReader (ContainerReader.java:readVolume(172)) - Finish verifying containers on volume /home/runner/work/ozone/ozone/hadoop-ozone/integration-test/target/test-dir/MiniOzoneClusterImpl-5b6cbd2a-2976-43bc-8d1c-e3ca86cddeeb/datanode-5/data-0/containers/hdds
2021-11-14 01:04:21,670 [Listener at 127.0.0.1/34021] INFO  ozoneimpl.OzoneContainer (OzoneContainer.java:buildContainerSet(236)) - Build ContainerSet costs 0s
2021-11-14 01:04:21,693 [Listener at 127.0.0.1/34021] INFO  server.RaftServer (ConfUtils.java:logGet(44)) - raft.rpc.type = GRPC (default)
2021-11-14 01:04:21,694 [Listener at 127.0.0.1/34021] INFO  grpc.GrpcFactory (GrpcFactory.java:checkPooledByteBufAllocatorUseCacheForAllThreads(48)) - PERFORMANCE WARNING: useCacheForAllThreads is true that may cause Netty to create a lot garbage objects and, as a result, trigger GC.
	It is recommended to disable useCacheForAllThreads by setting -Dorg.apache.ratis.thirdparty.io.netty.allocator.useCacheForAllThreads=false in command line.
2021-11-14 01:04:21,694 [Listener at 127.0.0.1/34021] INFO  grpc.GrpcConfigKeys (ConfUtils.java:logGet(44)) - raft.grpc.admin.port = 0 (custom)
2021-11-14 01:04:21,694 [Listener at 127.0.0.1/34021] INFO  grpc.GrpcConfigKeys (ConfUtils.java:logGet(44)) - raft.grpc.client.port = 0 (custom)
2021-11-14 01:04:21,694 [Listener at 127.0.0.1/34021] INFO  grpc.GrpcConfigKeys (ConfUtils.java:logGet(44)) - raft.grpc.server.port = 0 (default)
2021-11-14 01:04:21,694 [Listener at 127.0.0.1/34021] INFO  server.GrpcService (ConfUtils.java:logGet(44)) - raft.grpc.message.size.max = 32MB (=33554432) (custom)
2021-11-14 01:04:21,694 [Listener at 127.0.0.1/34021] INFO  server.RaftServerConfigKeys (ConfUtils.java:logGet(44)) - raft.server.log.appender.buffer.byte-limit = 33554432 (custom)
2021-11-14 01:04:21,695 [Listener at 127.0.0.1/34021] INFO  server.GrpcService (ConfUtils.java:logGet(44)) - raft.grpc.flow.control.window = 5MB (=5242880) (custom)
2021-11-14 01:04:21,695 [Listener at 127.0.0.1/34021] INFO  server.RaftServerConfigKeys (ConfUtils.java:logGet(44)) - raft.server.rpc.request.timeout = 3000ms (default)
2021-11-14 01:04:21,696 [Listener at 127.0.0.1/34021] INFO  impl.DataStreamServerImpl (ConfUtils.java:logGet(44)) - raft.datastream.type = DISABLED (default)
2021-11-14 01:04:21,697 [Listener at 127.0.0.1/34021] INFO  server.RaftServerConfigKeys (ConfUtils.java:logGet(44)) - raft.server.rpc.slowness.timeout = 300000ms (custom)
2021-11-14 01:04:21,697 [Listener at 127.0.0.1/34021] INFO  server.RaftServerConfigKeys (ConfUtils.java:logGet(44)) - raft.server.leaderelection.leader.step-down.wait-time = 10s (default)
2021-11-14 01:04:21,697 [Listener at 127.0.0.1/34021] INFO  server.RaftServerConfigKeys (ConfUtils.java:logGet(44)) - raft.server.storage.dir = [/home/runner/work/ozone/ozone/hadoop-ozone/integration-test/target/test-dir/MiniOzoneClusterImpl-5b6cbd2a-2976-43bc-8d1c-e3ca86cddeeb/datanode-5/data/ratis] (custom)
2021-11-14 01:04:21,707 [Listener at 127.0.0.1/34021] INFO  http.BaseHttpServer (BaseHttpServer.java:newHttpServer2BuilderForOzone(209)) - Starting Web-server for hddsDatanode at: http://0.0.0.0:0
2021-11-14 01:04:21,707 [Listener at 127.0.0.1/34021] INFO  http.BaseHttpServer (BaseHttpServer.java:<init>(107)) - Hadoop Security Enabled: false Ozone Security Enabled: false Ozone HTTP Security Enabled: false 
2021-11-14 01:04:21,708 [Listener at 127.0.0.1/34021] INFO  server.AuthenticationFilter (AuthenticationFilter.java:constructSecretProvider(240)) - Unable to initialize FileSignerSecretProvider, falling back to use random secrets.
2021-11-14 01:04:21,708 [Listener at 127.0.0.1/34021] WARN  http.HttpRequestLog (HttpRequestLog.java:getRequestLog(103)) - Jetty request log can only be enabled using Log4j
2021-11-14 01:04:21,709 [Listener at 127.0.0.1/34021] INFO  http.HttpServer2 (HttpServer2.java:addGlobalFilter(1030)) - Added global filter 'safety' (class=org.apache.hadoop.hdds.server.http.HttpServer2$QuotingInputFilter)
2021-11-14 01:04:21,710 [Listener at 127.0.0.1/34021] INFO  http.HttpServer2 (HttpServer2.java:addFilter(1006)) - Added filter static_user_filter (class=org.apache.hadoop.http.lib.StaticUserWebFilter$StaticUserFilter) to context hddsDatanode
2021-11-14 01:04:21,710 [Listener at 127.0.0.1/34021] INFO  http.HttpServer2 (HttpServer2.java:addFilter(1014)) - Added filter static_user_filter (class=org.apache.hadoop.http.lib.StaticUserWebFilter$StaticUserFilter) to context logs
2021-11-14 01:04:21,710 [Listener at 127.0.0.1/34021] INFO  http.HttpServer2 (HttpServer2.java:addFilter(1014)) - Added filter static_user_filter (class=org.apache.hadoop.http.lib.StaticUserWebFilter$StaticUserFilter) to context static
2021-11-14 01:04:21,710 [Listener at 127.0.0.1/34021] INFO  http.HttpServer2 (HttpServer2.java:bindListener(1249)) - Jetty bound to port 36761
2021-11-14 01:04:21,710 [Listener at 127.0.0.1/34021] INFO  server.Server (Server.java:doStart(375)) - jetty-9.4.43.v20210629; built: 2021-06-30T11:07:22.254Z; git: 526006ecfa3af7f1a27ef3a288e2bef7ea9dd7e8; jvm 1.8.0_292-b10
2021-11-14 01:04:21,712 [Listener at 127.0.0.1/34021] INFO  server.session (DefaultSessionIdManager.java:doStart(334)) - DefaultSessionIdManager workerName=node0
2021-11-14 01:04:21,712 [Listener at 127.0.0.1/34021] INFO  server.session (DefaultSessionIdManager.java:doStart(339)) - No SessionScavenger set, using defaults
2021-11-14 01:04:21,712 [Listener at 127.0.0.1/34021] INFO  server.session (HouseKeeper.java:startScavenging(132)) - node0 Scavenging every 660000ms
2021-11-14 01:04:21,713 [Listener at 127.0.0.1/34021] INFO  handler.ContextHandler (ContextHandler.java:doStart(915)) - Started o.e.j.s.ServletContextHandler@2f857e83{logs,/logs,file:///home/runner/work/ozone/ozone/hadoop-ozone/integration-test/target/log,AVAILABLE}
2021-11-14 01:04:21,713 [Listener at 127.0.0.1/34021] INFO  handler.ContextHandler (ContextHandler.java:doStart(915)) - Started o.e.j.s.ServletContextHandler@36d5d353{static,/static,jar:file:/home/runner/.m2/repository/org/apache/ozone/hdds-container-service/1.2.0-SNAPSHOT/hdds-container-service-1.2.0-SNAPSHOT.jar!/webapps/static,AVAILABLE}
2021-11-14 01:04:21,787 [Listener at 127.0.0.1/34021] INFO  handler.ContextHandler (ContextHandler.java:doStart(915)) - Started o.e.j.w.WebAppContext@1992db07{hddsDatanode,/,file:///tmp/jetty-0_0_0_0-36761-hdds-container-service-1_2_0-SNAPSHOT_jar-_-any-5281215585638588805/webapp/,AVAILABLE}{jar:file:/home/runner/.m2/repository/org/apache/ozone/hdds-container-service/1.2.0-SNAPSHOT/hdds-container-service-1.2.0-SNAPSHOT.jar!/webapps/hddsDatanode}
2021-11-14 01:04:21,795 [Listener at 127.0.0.1/34021] INFO  server.AbstractConnector (AbstractConnector.java:doStart(331)) - Started ServerConnector@6f5c80a9{HTTP/1.1, (http/1.1)}{0.0.0.0:36761}
2021-11-14 01:04:21,795 [Listener at 127.0.0.1/34021] INFO  server.Server (Server.java:doStart(415)) - Started @180063ms
2021-11-14 01:04:21,795 [Listener at 127.0.0.1/34021] WARN  impl.MetricsSystemImpl (MetricsSystemImpl.java:register(279)) - Sink prometheus already exists!
2021-11-14 01:04:21,798 [Listener at 127.0.0.1/34021] INFO  http.BaseHttpServer (BaseHttpServer.java:updateConnectorAddress(329)) - HTTP server of hddsDatanode listening at http://0.0.0.0:36761
2021-11-14 01:04:21,799 [Listener at 127.0.0.1/34021] WARN  impl.MetricRegistriesImpl (MetricRegistriesImpl.java:addReporterRegistration(111)) - New reporters are added after registries were created. Some metrics will be missing from the reporter. Please add reporter before adding any new registry.
2021-11-14 01:04:21,799 [Listener at 127.0.0.1/34021] WARN  impl.MetricRegistriesImpl (MetricRegistriesImpl.java:addReporterRegistration(111)) - New reporters are added after registries were created. Some metrics will be missing from the reporter. Please add reporter before adding any new registry.
2021-11-14 01:04:21,799 [Listener at 127.0.0.1/34021] INFO  impl.MetricsSystemImpl (MetricsSystemImpl.java:init(158)) - HddsDatanode metrics system started (again)
2021-11-14 01:04:21,809 [Datanode State Machine Daemon Thread] INFO  statemachine.DatanodeStateMachine (DatanodeStateMachine.java:lambda$startDaemon$0(467)) - Ozone container server started.
2021-11-14 01:04:21,869 [org.apache.hadoop.util.JvmPauseMonitor$Monitor@6b6b2c35] INFO  util.JvmPauseMonitor (JvmPauseMonitor.java:run(188)) - Starting JVM pause monitor
2021-11-14 01:04:21,887 [Datanode State Machine Task Thread - 0] INFO  datanode.InitDatanodeState (InitDatanodeState.java:persistContainerDatanodeDetails(145)) - DatanodeDetails is persisted to /home/runner/work/ozone/ozone/hadoop-ozone/integration-test/target/test-dir/MiniOzoneClusterImpl-5b6cbd2a-2976-43bc-8d1c-e3ca86cddeeb/datanode-5/meta/datanode.id
2021-11-14 01:04:21,900 [Listener at 127.0.0.1/34021] INFO  ozone.HddsDatanodeService (HddsDatanodeService.java:start(234)) - HddsDatanodeService host:fv-az395-453.zfmzfyrfkyou3ow0tsr0jxwq1e.bx.internal.cloudapp.net ip:10.1.0.47
2021-11-14 01:04:21,949 [EndpointStateMachine task thread for /0.0.0.0:43729 - 0 ] INFO  ozoneimpl.OzoneContainer (OzoneContainer.java:start(304)) - Attempting to start container services.
2021-11-14 01:04:21,952 [EndpointStateMachine task thread for /0.0.0.0:43729 - 0 ] INFO  ozoneimpl.OzoneContainer (OzoneContainer.java:startContainerScrub(249)) - Background container scanner has been disabled.
2021-11-14 01:04:21,954 [Listener at 127.0.0.1/34021] INFO  upgrade.AbstractLayoutVersionManager (AbstractLayoutVersionManager.java:init(79)) - Initializing Layout version manager with metadata layout = SCM_HA (version = 2), software layout = SCM_HA (version = 2)
2021-11-14 01:04:21,955 [EndpointStateMachine task thread for /0.0.0.0:43729 - 0 ] INFO  replication.ReplicationServer (ReplicationServer.java:start(107)) - ReplicationServer is started using port 42911
2021-11-14 01:04:21,968 [EndpointStateMachine task thread for /0.0.0.0:43729 - 0 ] INFO  ratis.XceiverServerRatis (XceiverServerRatis.java:start(484)) - Starting XceiverServerRatis a5432c49-5461-405d-b7d7-37e5c225d9bf
2021-11-14 01:04:21,985 [EndpointStateMachine task thread for /0.0.0.0:43729 - 0 ] INFO  server.RaftServer (RaftServerProxy.java:lambda$start$5(374)) - a5432c49-5461-405d-b7d7-37e5c225d9bf: start RPC server
2021-11-14 01:04:21,986 [EndpointStateMachine task thread for /0.0.0.0:43729 - 0 ] INFO  server.GrpcService (GrpcService.java:startImpl(253)) - a5432c49-5461-405d-b7d7-37e5c225d9bf: GrpcService started, listening on 33007
2021-11-14 01:04:22,005 [EndpointStateMachine task thread for /0.0.0.0:43729 - 0 ] INFO  ratis.XceiverServerRatis (XceiverServerRatis.java:getRealPort(505)) - XceiverServerRatis a5432c49-5461-405d-b7d7-37e5c225d9bf is started using port 33007 for RATIS
2021-11-14 01:04:22,005 [EndpointStateMachine task thread for /0.0.0.0:43729 - 0 ] INFO  ratis.XceiverServerRatis (XceiverServerRatis.java:getRealPort(505)) - XceiverServerRatis a5432c49-5461-405d-b7d7-37e5c225d9bf is started using port 33007 for RATIS_ADMIN
2021-11-14 01:04:22,005 [EndpointStateMachine task thread for /0.0.0.0:43729 - 0 ] INFO  ratis.XceiverServerRatis (XceiverServerRatis.java:getRealPort(505)) - XceiverServerRatis a5432c49-5461-405d-b7d7-37e5c225d9bf is started using port 33007 for RATIS_SERVER
2021-11-14 01:04:22,009 [EndpointStateMachine task thread for /0.0.0.0:43729 - 0 ] INFO  server.XceiverServerGrpc (XceiverServerGrpc.java:start(135)) - XceiverServerGrpc a5432c49-5461-405d-b7d7-37e5c225d9bf is started using port 34183
2021-11-14 01:04:22,027 [org.apache.ratis.util.JvmPauseMonitor$$Lambda$531/1045442098@cf09cfc] INFO  util.JvmPauseMonitor (JvmPauseMonitor.java:run(103)) - JvmPauseMonitor-a5432c49-5461-405d-b7d7-37e5c225d9bf: Started
2021-11-14 01:04:22,074 [Listener at 127.0.0.1/34021] INFO  reflections.Reflections (Reflections.java:scan(232)) - Reflections took 105 ms to scan 7 urls, producing 119 keys and 279 values 
2021-11-14 01:04:22,098 [Listener at 127.0.0.1/34021] INFO  statemachine.DatanodeStateMachine (DatanodeStateMachine.java:getEndPointTaskThreadPoolSize(219)) - Datanode State Machine Task Thread Pool size 2
2021-11-14 01:04:22,115 [Listener at 127.0.0.1/34021] INFO  volume.HddsVolume (HddsVolume.java:<init>(120)) - Creating HddsVolume: /home/runner/work/ozone/ozone/hadoop-ozone/integration-test/target/test-dir/MiniOzoneClusterImpl-5b6cbd2a-2976-43bc-8d1c-e3ca86cddeeb/datanode-6/data-0/containers/hdds of storage type : DISK capacity : 9223372036854775807
2021-11-14 01:04:22,115 [Listener at 127.0.0.1/34021] INFO  volume.MutableVolumeSet (MutableVolumeSet.java:initializeVolumeSet(168)) - Added Volume : /home/runner/work/ozone/ozone/hadoop-ozone/integration-test/target/test-dir/MiniOzoneClusterImpl-5b6cbd2a-2976-43bc-8d1c-e3ca86cddeeb/datanode-6/data-0/containers/hdds to VolumeSet
2021-11-14 01:04:22,116 [Listener at 127.0.0.1/34021] INFO  volume.ThrottledAsyncChecker (ThrottledAsyncChecker.java:schedule(141)) - Scheduling a check for /home/runner/work/ozone/ozone/hadoop-ozone/integration-test/target/test-dir/MiniOzoneClusterImpl-5b6cbd2a-2976-43bc-8d1c-e3ca86cddeeb/datanode-6/data-0/containers/hdds
2021-11-14 01:04:22,139 [Listener at 127.0.0.1/34021] INFO  volume.StorageVolumeChecker (StorageVolumeChecker.java:checkAllVolumes(202)) - Scheduled health check for volume /home/runner/work/ozone/ozone/hadoop-ozone/integration-test/target/test-dir/MiniOzoneClusterImpl-5b6cbd2a-2976-43bc-8d1c-e3ca86cddeeb/datanode-6/data-0/containers/hdds
2021-11-14 01:04:22,166 [Listener at 127.0.0.1/34021] INFO  volume.MutableVolumeSet (MutableVolumeSet.java:initializeVolumeSet(168)) - Added Volume : /home/runner/work/ozone/ozone/hadoop-ozone/integration-test/target/test-dir/MiniOzoneClusterImpl-5b6cbd2a-2976-43bc-8d1c-e3ca86cddeeb/datanode-6/data/ratis to VolumeSet
2021-11-14 01:04:22,166 [Listener at 127.0.0.1/34021] INFO  volume.ThrottledAsyncChecker (ThrottledAsyncChecker.java:schedule(141)) - Scheduling a check for /home/runner/work/ozone/ozone/hadoop-ozone/integration-test/target/test-dir/MiniOzoneClusterImpl-5b6cbd2a-2976-43bc-8d1c-e3ca86cddeeb/datanode-6/data/ratis
2021-11-14 01:04:22,166 [Listener at 127.0.0.1/34021] INFO  volume.StorageVolumeChecker (StorageVolumeChecker.java:checkAllVolumes(202)) - Scheduled health check for volume /home/runner/work/ozone/ozone/hadoop-ozone/integration-test/target/test-dir/MiniOzoneClusterImpl-5b6cbd2a-2976-43bc-8d1c-e3ca86cddeeb/datanode-6/data/ratis
2021-11-14 01:04:22,186 [Thread-1705] INFO  ozoneimpl.ContainerReader (ContainerReader.java:readVolume(172)) - Finish verifying containers on volume /home/runner/work/ozone/ozone/hadoop-ozone/integration-test/target/test-dir/MiniOzoneClusterImpl-5b6cbd2a-2976-43bc-8d1c-e3ca86cddeeb/datanode-6/data-0/containers/hdds
2021-11-14 01:04:22,186 [Listener at 127.0.0.1/34021] INFO  ozoneimpl.OzoneContainer (OzoneContainer.java:buildContainerSet(236)) - Build ContainerSet costs 0s
2021-11-14 01:04:22,188 [Listener at 127.0.0.1/34021] INFO  server.RaftServer (ConfUtils.java:logGet(44)) - raft.rpc.type = GRPC (default)
2021-11-14 01:04:22,188 [Listener at 127.0.0.1/34021] INFO  grpc.GrpcFactory (GrpcFactory.java:checkPooledByteBufAllocatorUseCacheForAllThreads(48)) - PERFORMANCE WARNING: useCacheForAllThreads is true that may cause Netty to create a lot garbage objects and, as a result, trigger GC.
	It is recommended to disable useCacheForAllThreads by setting -Dorg.apache.ratis.thirdparty.io.netty.allocator.useCacheForAllThreads=false in command line.
2021-11-14 01:04:22,188 [Listener at 127.0.0.1/34021] INFO  grpc.GrpcConfigKeys (ConfUtils.java:logGet(44)) - raft.grpc.admin.port = 0 (custom)
2021-11-14 01:04:22,188 [Listener at 127.0.0.1/34021] INFO  grpc.GrpcConfigKeys (ConfUtils.java:logGet(44)) - raft.grpc.client.port = 0 (custom)
2021-11-14 01:04:22,188 [Listener at 127.0.0.1/34021] INFO  grpc.GrpcConfigKeys (ConfUtils.java:logGet(44)) - raft.grpc.server.port = 0 (default)
2021-11-14 01:04:22,188 [Listener at 127.0.0.1/34021] INFO  server.GrpcService (ConfUtils.java:logGet(44)) - raft.grpc.message.size.max = 32MB (=33554432) (custom)
2021-11-14 01:04:22,188 [Listener at 127.0.0.1/34021] INFO  server.RaftServerConfigKeys (ConfUtils.java:logGet(44)) - raft.server.log.appender.buffer.byte-limit = 33554432 (custom)
2021-11-14 01:04:22,188 [Listener at 127.0.0.1/34021] INFO  server.GrpcService (ConfUtils.java:logGet(44)) - raft.grpc.flow.control.window = 5MB (=5242880) (custom)
2021-11-14 01:04:22,189 [Listener at 127.0.0.1/34021] INFO  server.RaftServerConfigKeys (ConfUtils.java:logGet(44)) - raft.server.rpc.request.timeout = 3000ms (default)
2021-11-14 01:04:22,191 [Listener at 127.0.0.1/34021] INFO  impl.DataStreamServerImpl (ConfUtils.java:logGet(44)) - raft.datastream.type = DISABLED (default)
2021-11-14 01:04:22,191 [Listener at 127.0.0.1/34021] INFO  server.RaftServerConfigKeys (ConfUtils.java:logGet(44)) - raft.server.rpc.slowness.timeout = 300000ms (custom)
2021-11-14 01:04:22,191 [Listener at 127.0.0.1/34021] INFO  server.RaftServerConfigKeys (ConfUtils.java:logGet(44)) - raft.server.leaderelection.leader.step-down.wait-time = 10s (default)
2021-11-14 01:04:22,191 [Listener at 127.0.0.1/34021] INFO  server.RaftServerConfigKeys (ConfUtils.java:logGet(44)) - raft.server.storage.dir = [/home/runner/work/ozone/ozone/hadoop-ozone/integration-test/target/test-dir/MiniOzoneClusterImpl-5b6cbd2a-2976-43bc-8d1c-e3ca86cddeeb/datanode-6/data/ratis] (custom)
2021-11-14 01:04:22,201 [Listener at 127.0.0.1/34021] INFO  http.BaseHttpServer (BaseHttpServer.java:newHttpServer2BuilderForOzone(209)) - Starting Web-server for hddsDatanode at: http://0.0.0.0:0
2021-11-14 01:04:22,201 [Listener at 127.0.0.1/34021] INFO  http.BaseHttpServer (BaseHttpServer.java:<init>(107)) - Hadoop Security Enabled: false Ozone Security Enabled: false Ozone HTTP Security Enabled: false 
2021-11-14 01:04:22,206 [Listener at 127.0.0.1/34021] INFO  server.AuthenticationFilter (AuthenticationFilter.java:constructSecretProvider(240)) - Unable to initialize FileSignerSecretProvider, falling back to use random secrets.
2021-11-14 01:04:22,217 [Listener at 127.0.0.1/34021] WARN  http.HttpRequestLog (HttpRequestLog.java:getRequestLog(103)) - Jetty request log can only be enabled using Log4j
2021-11-14 01:04:22,218 [Listener at 127.0.0.1/34021] INFO  http.HttpServer2 (HttpServer2.java:addGlobalFilter(1030)) - Added global filter 'safety' (class=org.apache.hadoop.hdds.server.http.HttpServer2$QuotingInputFilter)
2021-11-14 01:04:22,218 [Listener at 127.0.0.1/34021] INFO  http.HttpServer2 (HttpServer2.java:addFilter(1006)) - Added filter static_user_filter (class=org.apache.hadoop.http.lib.StaticUserWebFilter$StaticUserFilter) to context hddsDatanode
2021-11-14 01:04:22,218 [Listener at 127.0.0.1/34021] INFO  http.HttpServer2 (HttpServer2.java:addFilter(1014)) - Added filter static_user_filter (class=org.apache.hadoop.http.lib.StaticUserWebFilter$StaticUserFilter) to context logs
2021-11-14 01:04:22,218 [Listener at 127.0.0.1/34021] INFO  http.HttpServer2 (HttpServer2.java:addFilter(1014)) - Added filter static_user_filter (class=org.apache.hadoop.http.lib.StaticUserWebFilter$StaticUserFilter) to context static
2021-11-14 01:04:22,219 [Listener at 127.0.0.1/34021] INFO  http.HttpServer2 (HttpServer2.java:bindListener(1249)) - Jetty bound to port 46481
2021-11-14 01:04:22,219 [Listener at 127.0.0.1/34021] INFO  server.Server (Server.java:doStart(375)) - jetty-9.4.43.v20210629; built: 2021-06-30T11:07:22.254Z; git: 526006ecfa3af7f1a27ef3a288e2bef7ea9dd7e8; jvm 1.8.0_292-b10
2021-11-14 01:04:22,234 [Listener at 127.0.0.1/34021] INFO  server.session (DefaultSessionIdManager.java:doStart(334)) - DefaultSessionIdManager workerName=node0
2021-11-14 01:04:22,235 [Listener at 127.0.0.1/34021] INFO  server.session (DefaultSessionIdManager.java:doStart(339)) - No SessionScavenger set, using defaults
2021-11-14 01:04:22,235 [Listener at 127.0.0.1/34021] INFO  server.session (HouseKeeper.java:startScavenging(132)) - node0 Scavenging every 600000ms
2021-11-14 01:04:22,236 [Listener at 127.0.0.1/34021] INFO  handler.ContextHandler (ContextHandler.java:doStart(915)) - Started o.e.j.s.ServletContextHandler@4ea5362c{logs,/logs,file:///home/runner/work/ozone/ozone/hadoop-ozone/integration-test/target/log,AVAILABLE}
2021-11-14 01:04:22,237 [Listener at 127.0.0.1/34021] INFO  handler.ContextHandler (ContextHandler.java:doStart(915)) - Started o.e.j.s.ServletContextHandler@16f8d982{static,/static,jar:file:/home/runner/.m2/repository/org/apache/ozone/hdds-container-service/1.2.0-SNAPSHOT/hdds-container-service-1.2.0-SNAPSHOT.jar!/webapps/static,AVAILABLE}
2021-11-14 01:04:22,352 [Listener at 127.0.0.1/34021] INFO  handler.ContextHandler (ContextHandler.java:doStart(915)) - Started o.e.j.w.WebAppContext@400aa819{hddsDatanode,/,file:///tmp/jetty-0_0_0_0-46481-hdds-container-service-1_2_0-SNAPSHOT_jar-_-any-9069457432753603300/webapp/,AVAILABLE}{jar:file:/home/runner/.m2/repository/org/apache/ozone/hdds-container-service/1.2.0-SNAPSHOT/hdds-container-service-1.2.0-SNAPSHOT.jar!/webapps/hddsDatanode}
2021-11-14 01:04:22,376 [Listener at 127.0.0.1/34021] INFO  server.AbstractConnector (AbstractConnector.java:doStart(331)) - Started ServerConnector@58da7bf4{HTTP/1.1, (http/1.1)}{0.0.0.0:46481}
2021-11-14 01:04:22,376 [Listener at 127.0.0.1/34021] INFO  server.Server (Server.java:doStart(415)) - Started @180644ms
2021-11-14 01:04:22,376 [Listener at 127.0.0.1/34021] WARN  impl.MetricsSystemImpl (MetricsSystemImpl.java:register(279)) - Sink prometheus already exists!
2021-11-14 01:04:22,382 [Listener at 127.0.0.1/34021] INFO  http.BaseHttpServer (BaseHttpServer.java:updateConnectorAddress(329)) - HTTP server of hddsDatanode listening at http://0.0.0.0:46481
2021-11-14 01:04:22,385 [Listener at 127.0.0.1/34021] INFO  ozone.MiniOzoneClusterImpl (MiniOzoneClusterImpl.java:lambda$waitForClusterToBeReady$0(235)) - Waiting for nodes to be ready. Got 0 of 7 DN Heartbeats.
2021-11-14 01:04:22,385 [Listener at 127.0.0.1/34021] INFO  ozone.MiniOzoneClusterImpl (MiniOzoneClusterImpl.java:lambda$waitForClusterToBeReady$0(238)) - Waiting for cluster to exit safe mode
2021-11-14 01:04:22,386 [Listener at 127.0.0.1/34021] INFO  ozone.MiniOzoneClusterImpl (MiniOzoneClusterImpl.java:lambda$waitForClusterToBeReady$0(240)) - SCM became leader
2021-11-14 01:04:22,388 [Datanode State Machine Daemon Thread] INFO  statemachine.DatanodeStateMachine (DatanodeStateMachine.java:lambda$startDaemon$0(467)) - Ozone container server started.
2021-11-14 01:04:22,649 [org.apache.ratis.util.JvmPauseMonitor$$Lambda$531/1045442098@cf09cfc] WARN  util.JvmPauseMonitor (JvmPauseMonitor.java:detectPause(124)) - JvmPauseMonitor-a5432c49-5461-405d-b7d7-37e5c225d9bf: Detected pause in JVM or host machine (eg GC): pause of approximately 122189214ns.
GC pool 'PS MarkSweep' had collection(s): count=1 time=197ms
GC pool 'PS Scavenge' had collection(s): count=1 time=22ms
2021-11-14 01:04:22,650 [org.apache.ratis.util.JvmPauseMonitor$$Lambda$531/1045442098@3dc2dbd1] WARN  util.JvmPauseMonitor (JvmPauseMonitor.java:detectPause(124)) - JvmPauseMonitor-32069a0d-f39a-42d5-b706-96b3f478e9d8: Detected pause in JVM or host machine (eg GC): pause of approximately 172240569ns.
GC pool 'PS MarkSweep' had collection(s): count=1 time=197ms
GC pool 'PS Scavenge' had collection(s): count=1 time=22ms
2021-11-14 01:04:22,660 [Datanode State Machine Task Thread - 0] INFO  datanode.InitDatanodeState (InitDatanodeState.java:persistContainerDatanodeDetails(145)) - DatanodeDetails is persisted to /home/runner/work/ozone/ozone/hadoop-ozone/integration-test/target/test-dir/MiniOzoneClusterImpl-5b6cbd2a-2976-43bc-8d1c-e3ca86cddeeb/datanode-6/meta/datanode.id
2021-11-14 01:04:22,662 [org.apache.hadoop.util.JvmPauseMonitor$Monitor@169f5cbc] INFO  util.JvmPauseMonitor (JvmPauseMonitor.java:run(188)) - Starting JVM pause monitor
2021-11-14 01:04:22,705 [EndpointStateMachine task thread for /0.0.0.0:43729 - 0 ] INFO  ozoneimpl.OzoneContainer (OzoneContainer.java:start(304)) - Attempting to start container services.
2021-11-14 01:04:22,705 [EndpointStateMachine task thread for /0.0.0.0:43729 - 0 ] INFO  ozoneimpl.OzoneContainer (OzoneContainer.java:startContainerScrub(249)) - Background container scanner has been disabled.
2021-11-14 01:04:22,706 [EndpointStateMachine task thread for /0.0.0.0:43729 - 0 ] INFO  replication.ReplicationServer (ReplicationServer.java:start(107)) - ReplicationServer is started using port 44265
2021-11-14 01:04:22,707 [EndpointStateMachine task thread for /0.0.0.0:43729 - 0 ] INFO  ratis.XceiverServerRatis (XceiverServerRatis.java:start(484)) - Starting XceiverServerRatis 42593a4f-89d4-4363-aad7-ee84fdc40b17
2021-11-14 01:04:22,727 [EndpointStateMachine task thread for /0.0.0.0:43729 - 0 ] INFO  server.RaftServer (RaftServerProxy.java:lambda$start$5(374)) - 42593a4f-89d4-4363-aad7-ee84fdc40b17: start RPC server
2021-11-14 01:04:22,731 [EndpointStateMachine task thread for /0.0.0.0:43729 - 0 ] INFO  server.GrpcService (GrpcService.java:startImpl(253)) - 42593a4f-89d4-4363-aad7-ee84fdc40b17: GrpcService started, listening on 38117
2021-11-14 01:04:22,737 [EndpointStateMachine task thread for /0.0.0.0:43729 - 0 ] INFO  ratis.XceiverServerRatis (XceiverServerRatis.java:getRealPort(505)) - XceiverServerRatis 42593a4f-89d4-4363-aad7-ee84fdc40b17 is started using port 38117 for RATIS
2021-11-14 01:04:22,737 [EndpointStateMachine task thread for /0.0.0.0:43729 - 0 ] INFO  ratis.XceiverServerRatis (XceiverServerRatis.java:getRealPort(505)) - XceiverServerRatis 42593a4f-89d4-4363-aad7-ee84fdc40b17 is started using port 38117 for RATIS_ADMIN
2021-11-14 01:04:22,737 [EndpointStateMachine task thread for /0.0.0.0:43729 - 0 ] INFO  ratis.XceiverServerRatis (XceiverServerRatis.java:getRealPort(505)) - XceiverServerRatis 42593a4f-89d4-4363-aad7-ee84fdc40b17 is started using port 38117 for RATIS_SERVER
2021-11-14 01:04:22,742 [EndpointStateMachine task thread for /0.0.0.0:43729 - 0 ] INFO  server.XceiverServerGrpc (XceiverServerGrpc.java:start(135)) - XceiverServerGrpc 42593a4f-89d4-4363-aad7-ee84fdc40b17 is started using port 45285
2021-11-14 01:04:22,761 [org.apache.ratis.util.JvmPauseMonitor$$Lambda$531/1045442098@13fdf81d] INFO  util.JvmPauseMonitor (JvmPauseMonitor.java:run(103)) - JvmPauseMonitor-42593a4f-89d4-4363-aad7-ee84fdc40b17: Started
2021-11-14 01:04:22,949 [EndpointStateMachine task thread for /0.0.0.0:43729 - 0 ] INFO  ozoneimpl.OzoneContainer (OzoneContainer.java:start(304)) - Attempting to start container services.
2021-11-14 01:04:22,949 [EndpointStateMachine task thread for /0.0.0.0:43729 - 0 ] INFO  ozoneimpl.OzoneContainer (OzoneContainer.java:startContainerScrub(249)) - Background container scanner has been disabled.
2021-11-14 01:04:22,950 [EndpointStateMachine task thread for /0.0.0.0:43729 - 0 ] INFO  replication.ReplicationServer (ReplicationServer.java:start(107)) - ReplicationServer is started using port 43731
2021-11-14 01:04:22,974 [EndpointStateMachine task thread for /0.0.0.0:43729 - 0 ] INFO  ratis.XceiverServerRatis (XceiverServerRatis.java:start(484)) - Starting XceiverServerRatis 8f64935f-b83c-4009-bc32-b4395deb71aa
2021-11-14 01:04:22,993 [EndpointStateMachine task thread for /0.0.0.0:43729 - 0 ] INFO  server.RaftServer (RaftServerProxy.java:lambda$start$5(374)) - 8f64935f-b83c-4009-bc32-b4395deb71aa: start RPC server
2021-11-14 01:04:22,994 [EndpointStateMachine task thread for /0.0.0.0:43729 - 0 ] INFO  server.GrpcService (GrpcService.java:startImpl(253)) - 8f64935f-b83c-4009-bc32-b4395deb71aa: GrpcService started, listening on 45069
2021-11-14 01:04:22,994 [EndpointStateMachine task thread for /0.0.0.0:43729 - 0 ] INFO  ratis.XceiverServerRatis (XceiverServerRatis.java:getRealPort(505)) - XceiverServerRatis 8f64935f-b83c-4009-bc32-b4395deb71aa is started using port 45069 for RATIS
2021-11-14 01:04:22,994 [EndpointStateMachine task thread for /0.0.0.0:43729 - 0 ] INFO  ratis.XceiverServerRatis (XceiverServerRatis.java:getRealPort(505)) - XceiverServerRatis 8f64935f-b83c-4009-bc32-b4395deb71aa is started using port 45069 for RATIS_ADMIN
2021-11-14 01:04:22,994 [EndpointStateMachine task thread for /0.0.0.0:43729 - 0 ] INFO  ratis.XceiverServerRatis (XceiverServerRatis.java:getRealPort(505)) - XceiverServerRatis 8f64935f-b83c-4009-bc32-b4395deb71aa is started using port 45069 for RATIS_SERVER
2021-11-14 01:04:22,995 [org.apache.ratis.util.JvmPauseMonitor$$Lambda$531/1045442098@29e05602] INFO  util.JvmPauseMonitor (JvmPauseMonitor.java:run(103)) - JvmPauseMonitor-8f64935f-b83c-4009-bc32-b4395deb71aa: Started
2021-11-14 01:04:23,000 [EndpointStateMachine task thread for /0.0.0.0:43729 - 0 ] INFO  server.XceiverServerGrpc (XceiverServerGrpc.java:start(135)) - XceiverServerGrpc 8f64935f-b83c-4009-bc32-b4395deb71aa is started using port 39111
2021-11-14 01:04:23,339 [EndpointStateMachine task thread for /0.0.0.0:43729 - 0 ] INFO  ozoneimpl.OzoneContainer (OzoneContainer.java:start(304)) - Attempting to start container services.
2021-11-14 01:04:23,339 [EndpointStateMachine task thread for /0.0.0.0:43729 - 0 ] INFO  ozoneimpl.OzoneContainer (OzoneContainer.java:startContainerScrub(249)) - Background container scanner has been disabled.
2021-11-14 01:04:23,340 [EndpointStateMachine task thread for /0.0.0.0:43729 - 0 ] INFO  replication.ReplicationServer (ReplicationServer.java:start(107)) - ReplicationServer is started using port 37017
2021-11-14 01:04:23,346 [IPC Server handler 0 on default port 43729] INFO  net.NetworkTopologyImpl (NetworkTopologyImpl.java:add(112)) - Added a new node: /default-rack/32069a0d-f39a-42d5-b706-96b3f478e9d8
2021-11-14 01:04:23,346 [IPC Server handler 0 on default port 43729] INFO  node.SCMNodeManager (SCMNodeManager.java:register(389)) - Registered Data node : 32069a0d-f39a-42d5-b706-96b3f478e9d8{ip: 10.1.0.47, host: fv-az395-453.zfmzfyrfkyou3ow0tsr0jxwq1e.bx.internal.cloudapp.net, ports: [REPLICATION=45299, RATIS=43355, RATIS_ADMIN=43355, RATIS_SERVER=43355, STANDALONE=42407], networkLocation: /default-rack, certSerialId: null, persistedOpState: null, persistedOpStateExpiryEpochSec: 0}
2021-11-14 01:04:23,380 [EndpointStateMachine task thread for /0.0.0.0:43729 - 0 ] INFO  ratis.XceiverServerRatis (XceiverServerRatis.java:start(484)) - Starting XceiverServerRatis 5b42674d-a9fa-4183-866d-d0b91026c546
2021-11-14 01:04:23,381 [EndpointStateMachine task thread for /0.0.0.0:43729 - 0 ] INFO  server.RaftServer (RaftServerProxy.java:lambda$start$5(374)) - 5b42674d-a9fa-4183-866d-d0b91026c546: start RPC server
2021-11-14 01:04:23,384 [EventQueue-NewNodeForNewNodeHandler] INFO  pipeline.BackgroundPipelineCreator (BackgroundPipelineCreator.java:notifyEventTriggered(285)) - trigger a one-shot run on RatisPipelineUtilsThread.
2021-11-14 01:04:23,384 [RatisPipelineUtilsThread - 0] INFO  pipeline.RatisPipelineProvider (RatisPipelineProvider.java:lambda$create$0(183)) - Sending CreatePipelineCommand for pipeline:PipelineID=89923835-73f6-4067-a20c-ed4c9af695d8 to datanode:32069a0d-f39a-42d5-b706-96b3f478e9d8
2021-11-14 01:04:23,385 [EventQueue-NodeRegistrationContainerReportForDataNodeSafeModeRule] INFO  safemode.SCMSafeModeManager (DataNodeSafeModeRule.java:process(71)) - SCM in safe mode. 1 DataNodes registered, 3 required.
2021-11-14 01:04:23,401 [EndpointStateMachine task thread for /0.0.0.0:43729 - 0 ] INFO  server.GrpcService (GrpcService.java:startImpl(253)) - 5b42674d-a9fa-4183-866d-d0b91026c546: GrpcService started, listening on 35089
2021-11-14 01:04:23,386 [Listener at 127.0.0.1/34021] INFO  ozone.MiniOzoneClusterImpl (MiniOzoneClusterImpl.java:lambda$waitForClusterToBeReady$0(235)) - Waiting for nodes to be ready. Got 1 of 7 DN Heartbeats.
2021-11-14 01:04:23,402 [Listener at 127.0.0.1/34021] INFO  ozone.MiniOzoneClusterImpl (MiniOzoneClusterImpl.java:lambda$waitForClusterToBeReady$0(238)) - Waiting for cluster to exit safe mode
2021-11-14 01:04:23,402 [Listener at 127.0.0.1/34021] INFO  ozone.MiniOzoneClusterImpl (MiniOzoneClusterImpl.java:lambda$waitForClusterToBeReady$0(240)) - SCM became leader
2021-11-14 01:04:23,385 [EventQueue-NodeRegistrationContainerReportForContainerSafeModeRule] INFO  safemode.SCMSafeModeManager (SCMSafeModeManager.java:validateSafeModeExitRules(204)) - ContainerSafeModeRule rule is successfully validated
2021-11-14 01:04:23,403 [EndpointStateMachine task thread for /0.0.0.0:43729 - 0 ] INFO  ratis.XceiverServerRatis (XceiverServerRatis.java:getRealPort(505)) - XceiverServerRatis 5b42674d-a9fa-4183-866d-d0b91026c546 is started using port 35089 for RATIS
2021-11-14 01:04:23,403 [EndpointStateMachine task thread for /0.0.0.0:43729 - 0 ] INFO  ratis.XceiverServerRatis (XceiverServerRatis.java:getRealPort(505)) - XceiverServerRatis 5b42674d-a9fa-4183-866d-d0b91026c546 is started using port 35089 for RATIS_ADMIN
2021-11-14 01:04:23,403 [EndpointStateMachine task thread for /0.0.0.0:43729 - 0 ] INFO  ratis.XceiverServerRatis (XceiverServerRatis.java:getRealPort(505)) - XceiverServerRatis 5b42674d-a9fa-4183-866d-d0b91026c546 is started using port 35089 for RATIS_SERVER
2021-11-14 01:04:23,404 [EndpointStateMachine task thread for /0.0.0.0:43729 - 0 ] INFO  server.XceiverServerGrpc (XceiverServerGrpc.java:start(135)) - XceiverServerGrpc 5b42674d-a9fa-4183-866d-d0b91026c546 is started using port 42415
2021-11-14 01:04:23,404 [org.apache.ratis.util.JvmPauseMonitor$$Lambda$531/1045442098@4d3c376a] INFO  util.JvmPauseMonitor (JvmPauseMonitor.java:run(103)) - JvmPauseMonitor-5b42674d-a9fa-4183-866d-d0b91026c546: Started
2021-11-14 01:04:23,411 [RatisPipelineUtilsThread - 0] INFO  pipeline.PipelineStateManagerImpl (PipelineStateManagerImpl.java:addPipeline(101)) - Created pipeline Pipeline[ Id: 89923835-73f6-4067-a20c-ed4c9af695d8, Nodes: 32069a0d-f39a-42d5-b706-96b3f478e9d8{ip: 10.1.0.47, host: fv-az395-453.zfmzfyrfkyou3ow0tsr0jxwq1e.bx.internal.cloudapp.net, ports: [REPLICATION=45299, RATIS=43355, RATIS_ADMIN=43355, RATIS_SERVER=43355, STANDALONE=42407], networkLocation: /default-rack, certSerialId: null, persistedOpState: IN_SERVICE, persistedOpStateExpiryEpochSec: 0}, ReplicationConfig: RATIS/ONE, State:ALLOCATED, leaderId:, CreationTimestamp2021-11-14T01:04:23.384Z[Etc/UTC]].
2021-11-14 01:04:23,444 [EventQueue-PipelineReportForOneReplicaPipelineSafeModeRule] INFO  safemode.SCMSafeModeManager (SCMSafeModeManager.java:validateSafeModeExitRules(204)) - AtleastOneDatanodeReportedRule rule is successfully validated
2021-11-14 01:04:23,867 [IPC Server handler 2 on default port 43729] INFO  net.NetworkTopologyImpl (NetworkTopologyImpl.java:add(112)) - Added a new node: /default-rack/a5432c49-5461-405d-b7d7-37e5c225d9bf
2021-11-14 01:04:23,867 [IPC Server handler 2 on default port 43729] INFO  node.SCMNodeManager (SCMNodeManager.java:register(389)) - Registered Data node : a5432c49-5461-405d-b7d7-37e5c225d9bf{ip: 10.1.0.47, host: fv-az395-453.zfmzfyrfkyou3ow0tsr0jxwq1e.bx.internal.cloudapp.net, ports: [REPLICATION=42911, RATIS=33007, RATIS_ADMIN=33007, RATIS_SERVER=33007, STANDALONE=34183], networkLocation: /default-rack, certSerialId: null, persistedOpState: null, persistedOpStateExpiryEpochSec: 0}
2021-11-14 01:04:23,867 [EventQueue-NewNodeForNewNodeHandler] INFO  pipeline.BackgroundPipelineCreator (BackgroundPipelineCreator.java:notifyEventTriggered(285)) - trigger a one-shot run on RatisPipelineUtilsThread.
2021-11-14 01:04:23,870 [EventQueue-NodeRegistrationContainerReportForDataNodeSafeModeRule] INFO  safemode.SCMSafeModeManager (DataNodeSafeModeRule.java:process(71)) - SCM in safe mode. 2 DataNodes registered, 3 required.
2021-11-14 01:04:23,873 [RatisPipelineUtilsThread - 0] INFO  pipeline.RatisPipelineProvider (RatisPipelineProvider.java:lambda$create$0(183)) - Sending CreatePipelineCommand for pipeline:PipelineID=72688eae-7812-4aae-8a84-60cc15f72d53 to datanode:a5432c49-5461-405d-b7d7-37e5c225d9bf
2021-11-14 01:04:23,874 [RatisPipelineUtilsThread - 0] INFO  pipeline.PipelineStateManagerImpl (PipelineStateManagerImpl.java:addPipeline(101)) - Created pipeline Pipeline[ Id: 72688eae-7812-4aae-8a84-60cc15f72d53, Nodes: a5432c49-5461-405d-b7d7-37e5c225d9bf{ip: 10.1.0.47, host: fv-az395-453.zfmzfyrfkyou3ow0tsr0jxwq1e.bx.internal.cloudapp.net, ports: [REPLICATION=42911, RATIS=33007, RATIS_ADMIN=33007, RATIS_SERVER=33007, STANDALONE=34183], networkLocation: /default-rack, certSerialId: null, persistedOpState: IN_SERVICE, persistedOpStateExpiryEpochSec: 0}, ReplicationConfig: RATIS/ONE, State:ALLOCATED, leaderId:, CreationTimestamp2021-11-14T01:04:23.873Z[Etc/UTC]].
2021-11-14 01:04:23,884 [EndpointStateMachine task thread for /0.0.0.0:43729 - 0 ] INFO  ozoneimpl.OzoneContainer (OzoneContainer.java:start(304)) - Attempting to start container services.
2021-11-14 01:04:23,884 [EndpointStateMachine task thread for /0.0.0.0:43729 - 0 ] INFO  ozoneimpl.OzoneContainer (OzoneContainer.java:startContainerScrub(249)) - Background container scanner has been disabled.
2021-11-14 01:04:23,885 [EndpointStateMachine task thread for /0.0.0.0:43729 - 0 ] INFO  replication.ReplicationServer (ReplicationServer.java:start(107)) - ReplicationServer is started using port 39939
2021-11-14 01:04:23,910 [EndpointStateMachine task thread for /0.0.0.0:43729 - 0 ] INFO  ratis.XceiverServerRatis (XceiverServerRatis.java:start(484)) - Starting XceiverServerRatis e624a09e-d66f-4eff-951a-8f24e1213b58
2021-11-14 01:04:23,926 [EndpointStateMachine task thread for /0.0.0.0:43729 - 0 ] INFO  server.RaftServer (RaftServerProxy.java:lambda$start$5(374)) - e624a09e-d66f-4eff-951a-8f24e1213b58: start RPC server
2021-11-14 01:04:23,927 [EndpointStateMachine task thread for /0.0.0.0:43729 - 0 ] INFO  server.GrpcService (GrpcService.java:startImpl(253)) - e624a09e-d66f-4eff-951a-8f24e1213b58: GrpcService started, listening on 41437
2021-11-14 01:04:23,936 [EndpointStateMachine task thread for /0.0.0.0:43729 - 0 ] INFO  ratis.XceiverServerRatis (XceiverServerRatis.java:getRealPort(505)) - XceiverServerRatis e624a09e-d66f-4eff-951a-8f24e1213b58 is started using port 41437 for RATIS
2021-11-14 01:04:23,936 [EndpointStateMachine task thread for /0.0.0.0:43729 - 0 ] INFO  ratis.XceiverServerRatis (XceiverServerRatis.java:getRealPort(505)) - XceiverServerRatis e624a09e-d66f-4eff-951a-8f24e1213b58 is started using port 41437 for RATIS_ADMIN
2021-11-14 01:04:23,936 [EndpointStateMachine task thread for /0.0.0.0:43729 - 0 ] INFO  ratis.XceiverServerRatis (XceiverServerRatis.java:getRealPort(505)) - XceiverServerRatis e624a09e-d66f-4eff-951a-8f24e1213b58 is started using port 41437 for RATIS_SERVER
2021-11-14 01:04:23,937 [org.apache.ratis.util.JvmPauseMonitor$$Lambda$531/1045442098@32a03d1a] INFO  util.JvmPauseMonitor (JvmPauseMonitor.java:run(103)) - JvmPauseMonitor-e624a09e-d66f-4eff-951a-8f24e1213b58: Started
2021-11-14 01:04:23,938 [EndpointStateMachine task thread for /0.0.0.0:43729 - 0 ] INFO  server.XceiverServerGrpc (XceiverServerGrpc.java:start(135)) - XceiverServerGrpc e624a09e-d66f-4eff-951a-8f24e1213b58 is started using port 42433
2021-11-14 01:04:24,402 [Listener at 127.0.0.1/34021] INFO  ozone.MiniOzoneClusterImpl (MiniOzoneClusterImpl.java:lambda$waitForClusterToBeReady$0(235)) - Waiting for nodes to be ready. Got 2 of 7 DN Heartbeats.
2021-11-14 01:04:24,403 [Listener at 127.0.0.1/34021] INFO  ozone.MiniOzoneClusterImpl (MiniOzoneClusterImpl.java:lambda$waitForClusterToBeReady$0(238)) - Waiting for cluster to exit safe mode
2021-11-14 01:04:24,403 [Listener at 127.0.0.1/34021] INFO  ozone.MiniOzoneClusterImpl (MiniOzoneClusterImpl.java:lambda$waitForClusterToBeReady$0(240)) - SCM became leader
2021-11-14 01:04:24,438 [EndpointStateMachine task thread for /0.0.0.0:43729 - 0 ] INFO  ozoneimpl.OzoneContainer (OzoneContainer.java:start(304)) - Attempting to start container services.
2021-11-14 01:04:24,438 [EndpointStateMachine task thread for /0.0.0.0:43729 - 0 ] INFO  ozoneimpl.OzoneContainer (OzoneContainer.java:startContainerScrub(249)) - Background container scanner has been disabled.
2021-11-14 01:04:24,454 [EndpointStateMachine task thread for /0.0.0.0:43729 - 0 ] INFO  replication.ReplicationServer (ReplicationServer.java:start(107)) - ReplicationServer is started using port 35283
2021-11-14 01:04:24,454 [EndpointStateMachine task thread for /0.0.0.0:43729 - 0 ] INFO  ratis.XceiverServerRatis (XceiverServerRatis.java:start(484)) - Starting XceiverServerRatis eb0c46e4-5725-4afa-bb96-e719b980f47a
2021-11-14 01:04:24,455 [EndpointStateMachine task thread for /0.0.0.0:43729 - 0 ] INFO  server.RaftServer (RaftServerProxy.java:lambda$start$5(374)) - eb0c46e4-5725-4afa-bb96-e719b980f47a: start RPC server
2021-11-14 01:04:24,456 [EndpointStateMachine task thread for /0.0.0.0:43729 - 0 ] INFO  server.GrpcService (GrpcService.java:startImpl(253)) - eb0c46e4-5725-4afa-bb96-e719b980f47a: GrpcService started, listening on 38135
2021-11-14 01:04:24,458 [EndpointStateMachine task thread for /0.0.0.0:43729 - 0 ] INFO  ratis.XceiverServerRatis (XceiverServerRatis.java:getRealPort(505)) - XceiverServerRatis eb0c46e4-5725-4afa-bb96-e719b980f47a is started using port 38135 for RATIS
2021-11-14 01:04:24,458 [EndpointStateMachine task thread for /0.0.0.0:43729 - 0 ] INFO  ratis.XceiverServerRatis (XceiverServerRatis.java:getRealPort(505)) - XceiverServerRatis eb0c46e4-5725-4afa-bb96-e719b980f47a is started using port 38135 for RATIS_ADMIN
2021-11-14 01:04:24,458 [EndpointStateMachine task thread for /0.0.0.0:43729 - 0 ] INFO  ratis.XceiverServerRatis (XceiverServerRatis.java:getRealPort(505)) - XceiverServerRatis eb0c46e4-5725-4afa-bb96-e719b980f47a is started using port 38135 for RATIS_SERVER
2021-11-14 01:04:24,458 [EndpointStateMachine task thread for /0.0.0.0:43729 - 0 ] INFO  server.XceiverServerGrpc (XceiverServerGrpc.java:start(135)) - XceiverServerGrpc eb0c46e4-5725-4afa-bb96-e719b980f47a is started using port 42151
2021-11-14 01:04:24,459 [org.apache.ratis.util.JvmPauseMonitor$$Lambda$531/1045442098@1ed35d34] INFO  util.JvmPauseMonitor (JvmPauseMonitor.java:run(103)) - JvmPauseMonitor-eb0c46e4-5725-4afa-bb96-e719b980f47a: Started
2021-11-14 01:04:24,653 [IPC Server handler 3 on default port 43729] INFO  net.NetworkTopologyImpl (NetworkTopologyImpl.java:add(112)) - Added a new node: /default-rack/42593a4f-89d4-4363-aad7-ee84fdc40b17
2021-11-14 01:04:24,653 [IPC Server handler 3 on default port 43729] INFO  node.SCMNodeManager (SCMNodeManager.java:register(389)) - Registered Data node : 42593a4f-89d4-4363-aad7-ee84fdc40b17{ip: 10.1.0.47, host: fv-az395-453.zfmzfyrfkyou3ow0tsr0jxwq1e.bx.internal.cloudapp.net, ports: [REPLICATION=44265, RATIS=38117, RATIS_ADMIN=38117, RATIS_SERVER=38117, STANDALONE=45285], networkLocation: /default-rack, certSerialId: null, persistedOpState: null, persistedOpStateExpiryEpochSec: 0}
2021-11-14 01:04:24,654 [EventQueue-NewNodeForNewNodeHandler] INFO  pipeline.BackgroundPipelineCreator (BackgroundPipelineCreator.java:notifyEventTriggered(285)) - trigger a one-shot run on RatisPipelineUtilsThread.
2021-11-14 01:04:24,655 [RatisPipelineUtilsThread - 0] INFO  pipeline.RatisPipelineProvider (RatisPipelineProvider.java:lambda$create$0(183)) - Sending CreatePipelineCommand for pipeline:PipelineID=9877ffae-06a8-41cd-9b6b-5453db22f216 to datanode:42593a4f-89d4-4363-aad7-ee84fdc40b17
2021-11-14 01:04:24,656 [RatisPipelineUtilsThread - 0] INFO  pipeline.PipelineStateManagerImpl (PipelineStateManagerImpl.java:addPipeline(101)) - Created pipeline Pipeline[ Id: 9877ffae-06a8-41cd-9b6b-5453db22f216, Nodes: 42593a4f-89d4-4363-aad7-ee84fdc40b17{ip: 10.1.0.47, host: fv-az395-453.zfmzfyrfkyou3ow0tsr0jxwq1e.bx.internal.cloudapp.net, ports: [REPLICATION=44265, RATIS=38117, RATIS_ADMIN=38117, RATIS_SERVER=38117, STANDALONE=45285], networkLocation: /default-rack, certSerialId: null, persistedOpState: IN_SERVICE, persistedOpStateExpiryEpochSec: 0}, ReplicationConfig: RATIS/ONE, State:ALLOCATED, leaderId:, CreationTimestamp2021-11-14T01:04:24.655Z[Etc/UTC]].
2021-11-14 01:04:24,656 [EventQueue-NodeRegistrationContainerReportForDataNodeSafeModeRule] INFO  safemode.SCMSafeModeManager (DataNodeSafeModeRule.java:process(71)) - SCM in safe mode. 3 DataNodes registered, 3 required.
2021-11-14 01:04:24,656 [EventQueue-NodeRegistrationContainerReportForDataNodeSafeModeRule] INFO  safemode.SCMSafeModeManager (SCMSafeModeManager.java:validateSafeModeExitRules(204)) - DataNodeSafeModeRule rule is successfully validated
2021-11-14 01:04:24,656 [EventQueue-NodeRegistrationContainerReportForDataNodeSafeModeRule] INFO  safemode.SCMSafeModeManager (SCMSafeModeManager.java:completePreCheck(233)) - All SCM safe mode pre check rules have passed
2021-11-14 01:04:24,656 [EventQueue-NodeRegistrationContainerReportForDataNodeSafeModeRule] WARN  events.EventQueue (EventQueue.java:fireEvent(194)) - No event handler registered for event TypedEvent{payloadType=SafeModeStatus, name='Safe mode status'}
2021-11-14 01:04:24,656 [EventQueue-NodeRegistrationContainerReportForDataNodeSafeModeRule] INFO  ha.SCMContext (SCMContext.java:updateSafeModeStatus(205)) - Update SafeModeStatus from SafeModeStatus{safeModeStatus=true, preCheckPassed=false} to SafeModeStatus{safeModeStatus=true, preCheckPassed=true}.
2021-11-14 01:04:24,656 [EventQueue-NodeRegistrationContainerReportForDataNodeSafeModeRule] INFO  pipeline.BackgroundPipelineCreator (BackgroundPipelineCreator.java:notifyEventTriggered(285)) - trigger a one-shot run on RatisPipelineUtilsThread.
2021-11-14 01:04:24,657 [RatisPipelineUtilsThread - 0] INFO  pipeline.RatisPipelineProvider (RatisPipelineProvider.java:lambda$create$0(183)) - Sending CreatePipelineCommand for pipeline:PipelineID=022119a0-66e2-4555-98aa-58fa2c6bba1c to datanode:32069a0d-f39a-42d5-b706-96b3f478e9d8
2021-11-14 01:04:24,657 [RatisPipelineUtilsThread - 0] INFO  pipeline.RatisPipelineProvider (RatisPipelineProvider.java:lambda$create$0(183)) - Sending CreatePipelineCommand for pipeline:PipelineID=022119a0-66e2-4555-98aa-58fa2c6bba1c to datanode:42593a4f-89d4-4363-aad7-ee84fdc40b17
2021-11-14 01:04:24,657 [RatisPipelineUtilsThread - 0] INFO  pipeline.RatisPipelineProvider (RatisPipelineProvider.java:lambda$create$0(183)) - Sending CreatePipelineCommand for pipeline:PipelineID=022119a0-66e2-4555-98aa-58fa2c6bba1c to datanode:a5432c49-5461-405d-b7d7-37e5c225d9bf
2021-11-14 01:04:24,658 [RatisPipelineUtilsThread - 0] INFO  pipeline.PipelineStateManagerImpl (PipelineStateManagerImpl.java:addPipeline(101)) - Created pipeline Pipeline[ Id: 022119a0-66e2-4555-98aa-58fa2c6bba1c, Nodes: 32069a0d-f39a-42d5-b706-96b3f478e9d8{ip: 10.1.0.47, host: fv-az395-453.zfmzfyrfkyou3ow0tsr0jxwq1e.bx.internal.cloudapp.net, ports: [REPLICATION=45299, RATIS=43355, RATIS_ADMIN=43355, RATIS_SERVER=43355, STANDALONE=42407], networkLocation: /default-rack, certSerialId: null, persistedOpState: IN_SERVICE, persistedOpStateExpiryEpochSec: 0}42593a4f-89d4-4363-aad7-ee84fdc40b17{ip: 10.1.0.47, host: fv-az395-453.zfmzfyrfkyou3ow0tsr0jxwq1e.bx.internal.cloudapp.net, ports: [REPLICATION=44265, RATIS=38117, RATIS_ADMIN=38117, RATIS_SERVER=38117, STANDALONE=45285], networkLocation: /default-rack, certSerialId: null, persistedOpState: IN_SERVICE, persistedOpStateExpiryEpochSec: 0}a5432c49-5461-405d-b7d7-37e5c225d9bf{ip: 10.1.0.47, host: fv-az395-453.zfmzfyrfkyou3ow0tsr0jxwq1e.bx.internal.cloudapp.net, ports: [REPLICATION=42911, RATIS=33007, RATIS_ADMIN=33007, RATIS_SERVER=33007, STANDALONE=34183], networkLocation: /default-rack, certSerialId: null, persistedOpState: IN_SERVICE, persistedOpStateExpiryEpochSec: 0}, ReplicationConfig: RATIS/THREE, State:ALLOCATED, leaderId:, CreationTimestamp2021-11-14T01:04:24.657Z[Etc/UTC]].
2021-11-14 01:04:24,658 [RatisPipelineUtilsThread - 0] INFO  pipeline.RatisPipelineProvider (RatisPipelineProvider.java:lambda$create$0(183)) - Sending CreatePipelineCommand for pipeline:PipelineID=10d69cc4-77f6-403d-bda5-21d2ae8b93c5 to datanode:42593a4f-89d4-4363-aad7-ee84fdc40b17
2021-11-14 01:04:24,658 [RatisPipelineUtilsThread - 0] INFO  pipeline.RatisPipelineProvider (RatisPipelineProvider.java:lambda$create$0(183)) - Sending CreatePipelineCommand for pipeline:PipelineID=10d69cc4-77f6-403d-bda5-21d2ae8b93c5 to datanode:32069a0d-f39a-42d5-b706-96b3f478e9d8
2021-11-14 01:04:24,658 [RatisPipelineUtilsThread - 0] INFO  pipeline.RatisPipelineProvider (RatisPipelineProvider.java:lambda$create$0(183)) - Sending CreatePipelineCommand for pipeline:PipelineID=10d69cc4-77f6-403d-bda5-21d2ae8b93c5 to datanode:a5432c49-5461-405d-b7d7-37e5c225d9bf
2021-11-14 01:04:24,658 [RatisPipelineUtilsThread - 0] INFO  pipeline.PipelineStateManagerImpl (PipelineStateManagerImpl.java:addPipeline(101)) - Created pipeline Pipeline[ Id: 10d69cc4-77f6-403d-bda5-21d2ae8b93c5, Nodes: 42593a4f-89d4-4363-aad7-ee84fdc40b17{ip: 10.1.0.47, host: fv-az395-453.zfmzfyrfkyou3ow0tsr0jxwq1e.bx.internal.cloudapp.net, ports: [REPLICATION=44265, RATIS=38117, RATIS_ADMIN=38117, RATIS_SERVER=38117, STANDALONE=45285], networkLocation: /default-rack, certSerialId: null, persistedOpState: IN_SERVICE, persistedOpStateExpiryEpochSec: 0}32069a0d-f39a-42d5-b706-96b3f478e9d8{ip: 10.1.0.47, host: fv-az395-453.zfmzfyrfkyou3ow0tsr0jxwq1e.bx.internal.cloudapp.net, ports: [REPLICATION=45299, RATIS=43355, RATIS_ADMIN=43355, RATIS_SERVER=43355, STANDALONE=42407], networkLocation: /default-rack, certSerialId: null, persistedOpState: IN_SERVICE, persistedOpStateExpiryEpochSec: 0}a5432c49-5461-405d-b7d7-37e5c225d9bf{ip: 10.1.0.47, host: fv-az395-453.zfmzfyrfkyou3ow0tsr0jxwq1e.bx.internal.cloudapp.net, ports: [REPLICATION=42911, RATIS=33007, RATIS_ADMIN=33007, RATIS_SERVER=33007, STANDALONE=34183], networkLocation: /default-rack, certSerialId: null, persistedOpState: IN_SERVICE, persistedOpStateExpiryEpochSec: 0}, ReplicationConfig: RATIS/THREE, State:ALLOCATED, leaderId:, CreationTimestamp2021-11-14T01:04:24.658Z[Etc/UTC]].
2021-11-14 01:04:24,658 [RatisPipelineUtilsThread - 0] INFO  pipeline.PipelineManagerImpl (PipelineManagerImpl.java:recordMetricsForPipeline(620)) - Pipeline: PipelineID=10d69cc4-77f6-403d-bda5-21d2ae8b93c5 contains same datanodes as previous pipelines: PipelineID=022119a0-66e2-4555-98aa-58fa2c6bba1c nodeIds: 42593a4f-89d4-4363-aad7-ee84fdc40b17, 32069a0d-f39a-42d5-b706-96b3f478e9d8, a5432c49-5461-405d-b7d7-37e5c225d9bf
2021-11-14 01:04:24,659 [RatisPipelineUtilsThread - 0] INFO  pipeline.RatisPipelineProvider (RatisPipelineProvider.java:lambda$create$0(183)) - Sending CreatePipelineCommand for pipeline:PipelineID=075e133d-6554-4497-a8b7-728cc57844c0 to datanode:a5432c49-5461-405d-b7d7-37e5c225d9bf
2021-11-14 01:04:24,659 [RatisPipelineUtilsThread - 0] INFO  pipeline.RatisPipelineProvider (RatisPipelineProvider.java:lambda$create$0(183)) - Sending CreatePipelineCommand for pipeline:PipelineID=075e133d-6554-4497-a8b7-728cc57844c0 to datanode:42593a4f-89d4-4363-aad7-ee84fdc40b17
2021-11-14 01:04:24,659 [RatisPipelineUtilsThread - 0] INFO  pipeline.RatisPipelineProvider (RatisPipelineProvider.java:lambda$create$0(183)) - Sending CreatePipelineCommand for pipeline:PipelineID=075e133d-6554-4497-a8b7-728cc57844c0 to datanode:32069a0d-f39a-42d5-b706-96b3f478e9d8
2021-11-14 01:04:24,659 [RatisPipelineUtilsThread - 0] INFO  pipeline.PipelineStateManagerImpl (PipelineStateManagerImpl.java:addPipeline(101)) - Created pipeline Pipeline[ Id: 075e133d-6554-4497-a8b7-728cc57844c0, Nodes: a5432c49-5461-405d-b7d7-37e5c225d9bf{ip: 10.1.0.47, host: fv-az395-453.zfmzfyrfkyou3ow0tsr0jxwq1e.bx.internal.cloudapp.net, ports: [REPLICATION=42911, RATIS=33007, RATIS_ADMIN=33007, RATIS_SERVER=33007, STANDALONE=34183], networkLocation: /default-rack, certSerialId: null, persistedOpState: IN_SERVICE, persistedOpStateExpiryEpochSec: 0}42593a4f-89d4-4363-aad7-ee84fdc40b17{ip: 10.1.0.47, host: fv-az395-453.zfmzfyrfkyou3ow0tsr0jxwq1e.bx.internal.cloudapp.net, ports: [REPLICATION=44265, RATIS=38117, RATIS_ADMIN=38117, RATIS_SERVER=38117, STANDALONE=45285], networkLocation: /default-rack, certSerialId: null, persistedOpState: IN_SERVICE, persistedOpStateExpiryEpochSec: 0}32069a0d-f39a-42d5-b706-96b3f478e9d8{ip: 10.1.0.47, host: fv-az395-453.zfmzfyrfkyou3ow0tsr0jxwq1e.bx.internal.cloudapp.net, ports: [REPLICATION=45299, RATIS=43355, RATIS_ADMIN=43355, RATIS_SERVER=43355, STANDALONE=42407], networkLocation: /default-rack, certSerialId: null, persistedOpState: IN_SERVICE, persistedOpStateExpiryEpochSec: 0}, ReplicationConfig: RATIS/THREE, State:ALLOCATED, leaderId:, CreationTimestamp2021-11-14T01:04:24.659Z[Etc/UTC]].
2021-11-14 01:04:24,659 [RatisPipelineUtilsThread - 0] INFO  pipeline.PipelineManagerImpl (PipelineManagerImpl.java:recordMetricsForPipeline(620)) - Pipeline: PipelineID=075e133d-6554-4497-a8b7-728cc57844c0 contains same datanodes as previous pipelines: PipelineID=10d69cc4-77f6-403d-bda5-21d2ae8b93c5 nodeIds: a5432c49-5461-405d-b7d7-37e5c225d9bf, 42593a4f-89d4-4363-aad7-ee84fdc40b17, 32069a0d-f39a-42d5-b706-96b3f478e9d8
2021-11-14 01:04:24,659 [RatisPipelineUtilsThread - 0] INFO  pipeline.PipelineManagerImpl (PipelineManagerImpl.java:recordMetricsForPipeline(620)) - Pipeline: PipelineID=075e133d-6554-4497-a8b7-728cc57844c0 contains same datanodes as previous pipelines: PipelineID=022119a0-66e2-4555-98aa-58fa2c6bba1c nodeIds: a5432c49-5461-405d-b7d7-37e5c225d9bf, 42593a4f-89d4-4363-aad7-ee84fdc40b17, 32069a0d-f39a-42d5-b706-96b3f478e9d8
2021-11-14 01:04:24,932 [IPC Server handler 4 on default port 43729] INFO  net.NetworkTopologyImpl (NetworkTopologyImpl.java:add(112)) - Added a new node: /default-rack/8f64935f-b83c-4009-bc32-b4395deb71aa
2021-11-14 01:04:24,932 [IPC Server handler 4 on default port 43729] INFO  node.SCMNodeManager (SCMNodeManager.java:register(389)) - Registered Data node : 8f64935f-b83c-4009-bc32-b4395deb71aa{ip: 10.1.0.47, host: fv-az395-453.zfmzfyrfkyou3ow0tsr0jxwq1e.bx.internal.cloudapp.net, ports: [REPLICATION=43731, RATIS=45069, RATIS_ADMIN=45069, RATIS_SERVER=45069, STANDALONE=39111], networkLocation: /default-rack, certSerialId: null, persistedOpState: null, persistedOpStateExpiryEpochSec: 0}
2021-11-14 01:04:24,933 [EventQueue-NewNodeForNewNodeHandler] INFO  pipeline.BackgroundPipelineCreator (BackgroundPipelineCreator.java:notifyEventTriggered(285)) - trigger a one-shot run on RatisPipelineUtilsThread.
2021-11-14 01:04:24,933 [RatisPipelineUtilsThread - 0] INFO  pipeline.RatisPipelineProvider (RatisPipelineProvider.java:lambda$create$0(183)) - Sending CreatePipelineCommand for pipeline:PipelineID=2299449d-ae01-4eb1-b672-bd964f6aa3b8 to datanode:8f64935f-b83c-4009-bc32-b4395deb71aa
2021-11-14 01:04:24,935 [RatisPipelineUtilsThread - 0] INFO  pipeline.PipelineStateManagerImpl (PipelineStateManagerImpl.java:addPipeline(101)) - Created pipeline Pipeline[ Id: 2299449d-ae01-4eb1-b672-bd964f6aa3b8, Nodes: 8f64935f-b83c-4009-bc32-b4395deb71aa{ip: 10.1.0.47, host: fv-az395-453.zfmzfyrfkyou3ow0tsr0jxwq1e.bx.internal.cloudapp.net, ports: [REPLICATION=43731, RATIS=45069, RATIS_ADMIN=45069, RATIS_SERVER=45069, STANDALONE=39111], networkLocation: /default-rack, certSerialId: null, persistedOpState: IN_SERVICE, persistedOpStateExpiryEpochSec: 0}, ReplicationConfig: RATIS/ONE, State:ALLOCATED, leaderId:, CreationTimestamp2021-11-14T01:04:24.933Z[Etc/UTC]].
2021-11-14 01:04:25,326 [IPC Server handler 1 on default port 43729] INFO  net.NetworkTopologyImpl (NetworkTopologyImpl.java:add(112)) - Added a new node: /default-rack/5b42674d-a9fa-4183-866d-d0b91026c546
2021-11-14 01:04:25,327 [IPC Server handler 1 on default port 43729] INFO  node.SCMNodeManager (SCMNodeManager.java:register(389)) - Registered Data node : 5b42674d-a9fa-4183-866d-d0b91026c546{ip: 10.1.0.47, host: fv-az395-453.zfmzfyrfkyou3ow0tsr0jxwq1e.bx.internal.cloudapp.net, ports: [REPLICATION=37017, RATIS=35089, RATIS_ADMIN=35089, RATIS_SERVER=35089, STANDALONE=42415], networkLocation: /default-rack, certSerialId: null, persistedOpState: null, persistedOpStateExpiryEpochSec: 0}
2021-11-14 01:04:25,327 [EventQueue-NewNodeForNewNodeHandler] INFO  pipeline.BackgroundPipelineCreator (BackgroundPipelineCreator.java:notifyEventTriggered(285)) - trigger a one-shot run on RatisPipelineUtilsThread.
2021-11-14 01:04:25,327 [RatisPipelineUtilsThread - 0] INFO  pipeline.RatisPipelineProvider (RatisPipelineProvider.java:lambda$create$0(183)) - Sending CreatePipelineCommand for pipeline:PipelineID=73954cd4-b9e7-4cf0-9245-49e67502bcbe to datanode:5b42674d-a9fa-4183-866d-d0b91026c546
2021-11-14 01:04:25,328 [RatisPipelineUtilsThread - 0] INFO  pipeline.PipelineStateManagerImpl (PipelineStateManagerImpl.java:addPipeline(101)) - Created pipeline Pipeline[ Id: 73954cd4-b9e7-4cf0-9245-49e67502bcbe, Nodes: 5b42674d-a9fa-4183-866d-d0b91026c546{ip: 10.1.0.47, host: fv-az395-453.zfmzfyrfkyou3ow0tsr0jxwq1e.bx.internal.cloudapp.net, ports: [REPLICATION=37017, RATIS=35089, RATIS_ADMIN=35089, RATIS_SERVER=35089, STANDALONE=42415], networkLocation: /default-rack, certSerialId: null, persistedOpState: IN_SERVICE, persistedOpStateExpiryEpochSec: 0}, ReplicationConfig: RATIS/ONE, State:ALLOCATED, leaderId:, CreationTimestamp2021-11-14T01:04:25.327Z[Etc/UTC]].
2021-11-14 01:04:25,403 [Listener at 127.0.0.1/34021] INFO  ozone.MiniOzoneClusterImpl (MiniOzoneClusterImpl.java:lambda$waitForClusterToBeReady$0(235)) - Waiting for nodes to be ready. Got 5 of 7 DN Heartbeats.
2021-11-14 01:04:25,403 [Listener at 127.0.0.1/34021] INFO  ozone.MiniOzoneClusterImpl (MiniOzoneClusterImpl.java:lambda$waitForClusterToBeReady$0(238)) - Waiting for cluster to exit safe mode
2021-11-14 01:04:25,403 [Listener at 127.0.0.1/34021] INFO  ozone.MiniOzoneClusterImpl (MiniOzoneClusterImpl.java:lambda$waitForClusterToBeReady$0(240)) - SCM became leader
2021-11-14 01:04:25,874 [IPC Server handler 6 on default port 43729] INFO  net.NetworkTopologyImpl (NetworkTopologyImpl.java:add(112)) - Added a new node: /default-rack/e624a09e-d66f-4eff-951a-8f24e1213b58
2021-11-14 01:04:25,875 [IPC Server handler 6 on default port 43729] INFO  node.SCMNodeManager (SCMNodeManager.java:register(389)) - Registered Data node : e624a09e-d66f-4eff-951a-8f24e1213b58{ip: 10.1.0.47, host: fv-az395-453.zfmzfyrfkyou3ow0tsr0jxwq1e.bx.internal.cloudapp.net, ports: [REPLICATION=39939, RATIS=41437, RATIS_ADMIN=41437, RATIS_SERVER=41437, STANDALONE=42433], networkLocation: /default-rack, certSerialId: null, persistedOpState: null, persistedOpStateExpiryEpochSec: 0}
2021-11-14 01:04:25,875 [EventQueue-NewNodeForNewNodeHandler] INFO  pipeline.BackgroundPipelineCreator (BackgroundPipelineCreator.java:notifyEventTriggered(285)) - trigger a one-shot run on RatisPipelineUtilsThread.
2021-11-14 01:04:25,875 [RatisPipelineUtilsThread - 0] INFO  pipeline.RatisPipelineProvider (RatisPipelineProvider.java:lambda$create$0(183)) - Sending CreatePipelineCommand for pipeline:PipelineID=910c467b-220f-4c72-8ab1-ee291d70effd to datanode:e624a09e-d66f-4eff-951a-8f24e1213b58
2021-11-14 01:04:25,876 [RatisPipelineUtilsThread - 0] INFO  pipeline.PipelineStateManagerImpl (PipelineStateManagerImpl.java:addPipeline(101)) - Created pipeline Pipeline[ Id: 910c467b-220f-4c72-8ab1-ee291d70effd, Nodes: e624a09e-d66f-4eff-951a-8f24e1213b58{ip: 10.1.0.47, host: fv-az395-453.zfmzfyrfkyou3ow0tsr0jxwq1e.bx.internal.cloudapp.net, ports: [REPLICATION=39939, RATIS=41437, RATIS_ADMIN=41437, RATIS_SERVER=41437, STANDALONE=42433], networkLocation: /default-rack, certSerialId: null, persistedOpState: IN_SERVICE, persistedOpStateExpiryEpochSec: 0}, ReplicationConfig: RATIS/ONE, State:ALLOCATED, leaderId:, CreationTimestamp2021-11-14T01:04:25.875Z[Etc/UTC]].
2021-11-14 01:04:25,876 [RatisPipelineUtilsThread - 0] INFO  pipeline.RatisPipelineProvider (RatisPipelineProvider.java:lambda$create$0(183)) - Sending CreatePipelineCommand for pipeline:PipelineID=18bfed5b-9086-4d3b-be28-b41a3219138a to datanode:e624a09e-d66f-4eff-951a-8f24e1213b58
2021-11-14 01:04:25,876 [RatisPipelineUtilsThread - 0] INFO  pipeline.RatisPipelineProvider (RatisPipelineProvider.java:lambda$create$0(183)) - Sending CreatePipelineCommand for pipeline:PipelineID=18bfed5b-9086-4d3b-be28-b41a3219138a to datanode:8f64935f-b83c-4009-bc32-b4395deb71aa
2021-11-14 01:04:25,876 [RatisPipelineUtilsThread - 0] INFO  pipeline.RatisPipelineProvider (RatisPipelineProvider.java:lambda$create$0(183)) - Sending CreatePipelineCommand for pipeline:PipelineID=18bfed5b-9086-4d3b-be28-b41a3219138a to datanode:5b42674d-a9fa-4183-866d-d0b91026c546
2021-11-14 01:04:25,877 [RatisPipelineUtilsThread - 0] INFO  pipeline.PipelineStateManagerImpl (PipelineStateManagerImpl.java:addPipeline(101)) - Created pipeline Pipeline[ Id: 18bfed5b-9086-4d3b-be28-b41a3219138a, Nodes: e624a09e-d66f-4eff-951a-8f24e1213b58{ip: 10.1.0.47, host: fv-az395-453.zfmzfyrfkyou3ow0tsr0jxwq1e.bx.internal.cloudapp.net, ports: [REPLICATION=39939, RATIS=41437, RATIS_ADMIN=41437, RATIS_SERVER=41437, STANDALONE=42433], networkLocation: /default-rack, certSerialId: null, persistedOpState: IN_SERVICE, persistedOpStateExpiryEpochSec: 0}8f64935f-b83c-4009-bc32-b4395deb71aa{ip: 10.1.0.47, host: fv-az395-453.zfmzfyrfkyou3ow0tsr0jxwq1e.bx.internal.cloudapp.net, ports: [REPLICATION=43731, RATIS=45069, RATIS_ADMIN=45069, RATIS_SERVER=45069, STANDALONE=39111], networkLocation: /default-rack, certSerialId: null, persistedOpState: IN_SERVICE, persistedOpStateExpiryEpochSec: 0}5b42674d-a9fa-4183-866d-d0b91026c546{ip: 10.1.0.47, host: fv-az395-453.zfmzfyrfkyou3ow0tsr0jxwq1e.bx.internal.cloudapp.net, ports: [REPLICATION=37017, RATIS=35089, RATIS_ADMIN=35089, RATIS_SERVER=35089, STANDALONE=42415], networkLocation: /default-rack, certSerialId: null, persistedOpState: IN_SERVICE, persistedOpStateExpiryEpochSec: 0}, ReplicationConfig: RATIS/THREE, State:ALLOCATED, leaderId:, CreationTimestamp2021-11-14T01:04:25.876Z[Etc/UTC]].
2021-11-14 01:04:25,878 [RatisPipelineUtilsThread - 0] INFO  pipeline.RatisPipelineProvider (RatisPipelineProvider.java:lambda$create$0(183)) - Sending CreatePipelineCommand for pipeline:PipelineID=f6c2ffd6-7342-4066-bffd-b8a997d08e4f to datanode:e624a09e-d66f-4eff-951a-8f24e1213b58
2021-11-14 01:04:25,878 [RatisPipelineUtilsThread - 0] INFO  pipeline.RatisPipelineProvider (RatisPipelineProvider.java:lambda$create$0(183)) - Sending CreatePipelineCommand for pipeline:PipelineID=f6c2ffd6-7342-4066-bffd-b8a997d08e4f to datanode:8f64935f-b83c-4009-bc32-b4395deb71aa
2021-11-14 01:04:25,878 [RatisPipelineUtilsThread - 0] INFO  pipeline.RatisPipelineProvider (RatisPipelineProvider.java:lambda$create$0(183)) - Sending CreatePipelineCommand for pipeline:PipelineID=f6c2ffd6-7342-4066-bffd-b8a997d08e4f to datanode:5b42674d-a9fa-4183-866d-d0b91026c546
2021-11-14 01:04:25,878 [RatisPipelineUtilsThread - 0] INFO  pipeline.PipelineStateManagerImpl (PipelineStateManagerImpl.java:addPipeline(101)) - Created pipeline Pipeline[ Id: f6c2ffd6-7342-4066-bffd-b8a997d08e4f, Nodes: e624a09e-d66f-4eff-951a-8f24e1213b58{ip: 10.1.0.47, host: fv-az395-453.zfmzfyrfkyou3ow0tsr0jxwq1e.bx.internal.cloudapp.net, ports: [REPLICATION=39939, RATIS=41437, RATIS_ADMIN=41437, RATIS_SERVER=41437, STANDALONE=42433], networkLocation: /default-rack, certSerialId: null, persistedOpState: IN_SERVICE, persistedOpStateExpiryEpochSec: 0}8f64935f-b83c-4009-bc32-b4395deb71aa{ip: 10.1.0.47, host: fv-az395-453.zfmzfyrfkyou3ow0tsr0jxwq1e.bx.internal.cloudapp.net, ports: [REPLICATION=43731, RATIS=45069, RATIS_ADMIN=45069, RATIS_SERVER=45069, STANDALONE=39111], networkLocation: /default-rack, certSerialId: null, persistedOpState: IN_SERVICE, persistedOpStateExpiryEpochSec: 0}5b42674d-a9fa-4183-866d-d0b91026c546{ip: 10.1.0.47, host: fv-az395-453.zfmzfyrfkyou3ow0tsr0jxwq1e.bx.internal.cloudapp.net, ports: [REPLICATION=37017, RATIS=35089, RATIS_ADMIN=35089, RATIS_SERVER=35089, STANDALONE=42415], networkLocation: /default-rack, certSerialId: null, persistedOpState: IN_SERVICE, persistedOpStateExpiryEpochSec: 0}, ReplicationConfig: RATIS/THREE, State:ALLOCATED, leaderId:, CreationTimestamp2021-11-14T01:04:25.878Z[Etc/UTC]].
2021-11-14 01:04:25,878 [RatisPipelineUtilsThread - 0] INFO  pipeline.PipelineManagerImpl (PipelineManagerImpl.java:recordMetricsForPipeline(620)) - Pipeline: PipelineID=f6c2ffd6-7342-4066-bffd-b8a997d08e4f contains same datanodes as previous pipelines: PipelineID=18bfed5b-9086-4d3b-be28-b41a3219138a nodeIds: e624a09e-d66f-4eff-951a-8f24e1213b58, 8f64935f-b83c-4009-bc32-b4395deb71aa, 5b42674d-a9fa-4183-866d-d0b91026c546
2021-11-14 01:04:25,879 [RatisPipelineUtilsThread - 0] INFO  pipeline.RatisPipelineProvider (RatisPipelineProvider.java:lambda$create$0(183)) - Sending CreatePipelineCommand for pipeline:PipelineID=d0e7521d-b1bf-4417-8d3e-0e53e93cfd0f to datanode:8f64935f-b83c-4009-bc32-b4395deb71aa
2021-11-14 01:04:25,879 [RatisPipelineUtilsThread - 0] INFO  pipeline.RatisPipelineProvider (RatisPipelineProvider.java:lambda$create$0(183)) - Sending CreatePipelineCommand for pipeline:PipelineID=d0e7521d-b1bf-4417-8d3e-0e53e93cfd0f to datanode:5b42674d-a9fa-4183-866d-d0b91026c546
2021-11-14 01:04:25,879 [RatisPipelineUtilsThread - 0] INFO  pipeline.RatisPipelineProvider (RatisPipelineProvider.java:lambda$create$0(183)) - Sending CreatePipelineCommand for pipeline:PipelineID=d0e7521d-b1bf-4417-8d3e-0e53e93cfd0f to datanode:e624a09e-d66f-4eff-951a-8f24e1213b58
2021-11-14 01:04:25,879 [RatisPipelineUtilsThread - 0] INFO  pipeline.PipelineStateManagerImpl (PipelineStateManagerImpl.java:addPipeline(101)) - Created pipeline Pipeline[ Id: d0e7521d-b1bf-4417-8d3e-0e53e93cfd0f, Nodes: 8f64935f-b83c-4009-bc32-b4395deb71aa{ip: 10.1.0.47, host: fv-az395-453.zfmzfyrfkyou3ow0tsr0jxwq1e.bx.internal.cloudapp.net, ports: [REPLICATION=43731, RATIS=45069, RATIS_ADMIN=45069, RATIS_SERVER=45069, STANDALONE=39111], networkLocation: /default-rack, certSerialId: null, persistedOpState: IN_SERVICE, persistedOpStateExpiryEpochSec: 0}5b42674d-a9fa-4183-866d-d0b91026c546{ip: 10.1.0.47, host: fv-az395-453.zfmzfyrfkyou3ow0tsr0jxwq1e.bx.internal.cloudapp.net, ports: [REPLICATION=37017, RATIS=35089, RATIS_ADMIN=35089, RATIS_SERVER=35089, STANDALONE=42415], networkLocation: /default-rack, certSerialId: null, persistedOpState: IN_SERVICE, persistedOpStateExpiryEpochSec: 0}e624a09e-d66f-4eff-951a-8f24e1213b58{ip: 10.1.0.47, host: fv-az395-453.zfmzfyrfkyou3ow0tsr0jxwq1e.bx.internal.cloudapp.net, ports: [REPLICATION=39939, RATIS=41437, RATIS_ADMIN=41437, RATIS_SERVER=41437, STANDALONE=42433], networkLocation: /default-rack, certSerialId: null, persistedOpState: IN_SERVICE, persistedOpStateExpiryEpochSec: 0}, ReplicationConfig: RATIS/THREE, State:ALLOCATED, leaderId:, CreationTimestamp2021-11-14T01:04:25.879Z[Etc/UTC]].
2021-11-14 01:04:25,879 [RatisPipelineUtilsThread - 0] INFO  pipeline.PipelineManagerImpl (PipelineManagerImpl.java:recordMetricsForPipeline(620)) - Pipeline: PipelineID=d0e7521d-b1bf-4417-8d3e-0e53e93cfd0f contains same datanodes as previous pipelines: PipelineID=18bfed5b-9086-4d3b-be28-b41a3219138a nodeIds: 8f64935f-b83c-4009-bc32-b4395deb71aa, 5b42674d-a9fa-4183-866d-d0b91026c546, e624a09e-d66f-4eff-951a-8f24e1213b58
2021-11-14 01:04:25,880 [RatisPipelineUtilsThread - 0] INFO  pipeline.PipelineManagerImpl (PipelineManagerImpl.java:recordMetricsForPipeline(620)) - Pipeline: PipelineID=d0e7521d-b1bf-4417-8d3e-0e53e93cfd0f contains same datanodes as previous pipelines: PipelineID=f6c2ffd6-7342-4066-bffd-b8a997d08e4f nodeIds: 8f64935f-b83c-4009-bc32-b4395deb71aa, 5b42674d-a9fa-4183-866d-d0b91026c546, e624a09e-d66f-4eff-951a-8f24e1213b58
2021-11-14 01:04:26,346 [Command processor thread] INFO  server.RaftServer (RaftServerProxy.java:addNew(95)) - 32069a0d-f39a-42d5-b706-96b3f478e9d8: addNew group-ED4C9AF695D8:[32069a0d-f39a-42d5-b706-96b3f478e9d8|rpc:10.1.0.47:43355|priority:1] returns group-ED4C9AF695D8:java.util.concurrent.CompletableFuture@39053536[Not completed]
2021-11-14 01:04:26,357 [pool-521-thread-1] INFO  server.RaftServer$Division (RaftServerImpl.java:<init>(184)) - 32069a0d-f39a-42d5-b706-96b3f478e9d8: new RaftServerImpl for group-ED4C9AF695D8:[32069a0d-f39a-42d5-b706-96b3f478e9d8|rpc:10.1.0.47:43355|priority:1] with ContainerStateMachine:uninitialized
2021-11-14 01:04:26,379 [pool-521-thread-1] INFO  server.RaftServerConfigKeys (ConfUtils.java:logGet(44)) - raft.server.rpc.timeout.min = 5s (custom)
2021-11-14 01:04:26,379 [pool-521-thread-1] INFO  server.RaftServerConfigKeys (ConfUtils.java:logGet(44)) - raft.server.rpc.timeout.max = 5200ms (custom)
2021-11-14 01:04:26,379 [pool-521-thread-1] INFO  server.RaftServerConfigKeys (ConfUtils.java:logGet(44)) - raft.server.rpc.sleep.time = 25ms (default)
2021-11-14 01:04:26,380 [pool-521-thread-1] INFO  server.RaftServerConfigKeys (ConfUtils.java:logGet(44)) - raft.server.rpc.slowness.timeout = 300000ms (custom)
2021-11-14 01:04:26,381 [pool-521-thread-1] INFO  server.RaftServerConfigKeys (ConfUtils.java:logGet(44)) - raft.server.leaderelection.leader.step-down.wait-time = 10s (default)
2021-11-14 01:04:26,381 [pool-521-thread-1] INFO  server.RaftServerConfigKeys (ConfUtils.java:logGet(44)) - raft.server.sleep.deviation.threshold = 300ms (default)
2021-11-14 01:04:26,381 [pool-521-thread-1] INFO  server.RaftServerConfigKeys (ConfUtils.java:logGet(44)) - raft.server.log.appender.install.snapshot.enabled = false (custom)
2021-11-14 01:04:26,381 [pool-521-thread-1] INFO  server.RaftServer$Division (ServerState.java:<init>(105)) - 32069a0d-f39a-42d5-b706-96b3f478e9d8@group-ED4C9AF695D8: ConfigurationManager, init=-1: [32069a0d-f39a-42d5-b706-96b3f478e9d8|rpc:10.1.0.47:43355|priority:1], old=null, confs=<EMPTY_MAP>
2021-11-14 01:04:26,381 [pool-521-thread-1] INFO  server.RaftServerConfigKeys (ConfUtils.java:logGet(44)) - raft.server.storage.dir = [/home/runner/work/ozone/ozone/hadoop-ozone/integration-test/target/test-dir/MiniOzoneClusterImpl-5b6cbd2a-2976-43bc-8d1c-e3ca86cddeeb/datanode-0/data/ratis] (custom)
2021-11-14 01:04:26,381 [pool-521-thread-1] INFO  server.RaftServerConfigKeys (ConfUtils.java:logGet(44)) - raft.server.log.corruption.policy = EXCEPTION (default)
2021-11-14 01:04:26,393 [pool-521-thread-1] INFO  server.RaftServerConfigKeys (ConfUtils.java:logGet(44)) - raft.server.storage.free-space.min = 0MB (=0) (default)
2021-11-14 01:04:26,393 [pool-521-thread-1] INFO  storage.RaftStorageDirectory (RaftStorageDirectoryImpl.java:analyzeStorage(135)) - The storage directory /home/runner/work/ozone/ozone/hadoop-ozone/integration-test/target/test-dir/MiniOzoneClusterImpl-5b6cbd2a-2976-43bc-8d1c-e3ca86cddeeb/datanode-0/data/ratis/89923835-73f6-4067-a20c-ed4c9af695d8 does not exist. Creating ...
2021-11-14 01:04:26,399 [pool-521-thread-1] INFO  storage.RaftStorageDirectory (RaftStorageDirectoryImpl.java:tryLock(230)) - Lock on /home/runner/work/ozone/ozone/hadoop-ozone/integration-test/target/test-dir/MiniOzoneClusterImpl-5b6cbd2a-2976-43bc-8d1c-e3ca86cddeeb/datanode-0/data/ratis/89923835-73f6-4067-a20c-ed4c9af695d8/in_use.lock acquired by nodename 9791@fv-az395-453
2021-11-14 01:04:26,403 [Listener at 127.0.0.1/34021] INFO  ozone.MiniOzoneClusterImpl (MiniOzoneClusterImpl.java:lambda$waitForClusterToBeReady$0(235)) - Waiting for nodes to be ready. Got 6 of 7 DN Heartbeats.
2021-11-14 01:04:26,403 [Listener at 127.0.0.1/34021] INFO  ozone.MiniOzoneClusterImpl (MiniOzoneClusterImpl.java:lambda$waitForClusterToBeReady$0(238)) - Waiting for cluster to exit safe mode
2021-11-14 01:04:26,403 [Listener at 127.0.0.1/34021] INFO  ozone.MiniOzoneClusterImpl (MiniOzoneClusterImpl.java:lambda$waitForClusterToBeReady$0(240)) - SCM became leader
2021-11-14 01:04:26,410 [pool-521-thread-1] INFO  storage.RaftStorage (RaftStorageImpl.java:format(89)) - Storage directory /home/runner/work/ozone/ozone/hadoop-ozone/integration-test/target/test-dir/MiniOzoneClusterImpl-5b6cbd2a-2976-43bc-8d1c-e3ca86cddeeb/datanode-0/data/ratis/89923835-73f6-4067-a20c-ed4c9af695d8 has been successfully formatted.
2021-11-14 01:04:26,412 [pool-521-thread-1] INFO  ratis.ContainerStateMachine (ContainerStateMachine.java:loadSnapshot(224)) - group-ED4C9AF695D8: The snapshot info is null. Setting the last applied indexto:(t:0, i:~)
2021-11-14 01:04:26,412 [pool-521-thread-1] INFO  server.RaftServerConfigKeys (ConfUtils.java:logGet(44)) - raft.server.notification.no-leader.timeout = 300000ms (custom)
2021-11-14 01:04:26,412 [pool-521-thread-1] INFO  server.RaftServerConfigKeys (ConfUtils.java:logGet(44)) - raft.server.log.use.memory = false (default)
2021-11-14 01:04:26,413 [pool-521-thread-1] INFO  server.RaftServerConfigKeys (ConfUtils.java:logGet(44)) - raft.server.log.purge.gap = 1000000 (custom)
2021-11-14 01:04:26,413 [pool-521-thread-1] INFO  server.RaftServerConfigKeys (ConfUtils.java:logGet(44)) - raft.server.log.appender.buffer.byte-limit = 33554432 (custom)
2021-11-14 01:04:26,413 [pool-521-thread-1] INFO  server.RaftServerConfigKeys (ConfUtils.java:logGet(44)) - raft.server.log.segment.size.max = 1048576 (custom)
2021-11-14 01:04:26,413 [pool-521-thread-1] INFO  server.RaftServerConfigKeys (ConfUtils.java:logGet(44)) - raft.server.log.segment.cache.num.max = 2 (custom)
2021-11-14 01:04:26,414 [pool-521-thread-1] INFO  server.RaftServerConfigKeys (ConfUtils.java:logGet(44)) - raft.server.log.segment.cache.size.max = 200MB (=209715200) (default)
2021-11-14 01:04:26,414 [pool-521-thread-1] INFO  segmented.SegmentedRaftLogWorker (SegmentedRaftLogWorker.java:<init>(182)) - new 32069a0d-f39a-42d5-b706-96b3f478e9d8@group-ED4C9AF695D8-SegmentedRaftLogWorker for RaftStorageImpl:Storage Directory /home/runner/work/ozone/ozone/hadoop-ozone/integration-test/target/test-dir/MiniOzoneClusterImpl-5b6cbd2a-2976-43bc-8d1c-e3ca86cddeeb/datanode-0/data/ratis/89923835-73f6-4067-a20c-ed4c9af695d8
2021-11-14 01:04:26,414 [pool-521-thread-1] INFO  server.RaftServerConfigKeys (ConfUtils.java:logGet(44)) - raft.server.log.queue.byte-limit = 2147483647 (custom)
2021-11-14 01:04:26,414 [pool-521-thread-1] INFO  server.RaftServerConfigKeys (ConfUtils.java:logGet(44)) - raft.server.log.queue.element-limit = 1024 (custom)
2021-11-14 01:04:26,414 [pool-521-thread-1] INFO  server.RaftServerConfigKeys (ConfUtils.java:logGet(44)) - raft.server.log.segment.size.max = 1048576 (custom)
2021-11-14 01:04:26,414 [pool-521-thread-1] INFO  server.RaftServerConfigKeys (ConfUtils.java:logGet(44)) - raft.server.log.preallocated.size = 16384 (custom)
2021-11-14 01:04:26,414 [pool-521-thread-1] INFO  server.RaftServerConfigKeys (ConfUtils.java:logGet(44)) - raft.server.log.force.sync.num = 128 (default)
2021-11-14 01:04:26,414 [pool-521-thread-1] INFO  server.RaftServerConfigKeys (ConfUtils.java:logGet(44)) - raft.server.log.statemachine.data.sync = true (default)
2021-11-14 01:04:26,414 [pool-521-thread-1] INFO  server.RaftServerConfigKeys (ConfUtils.java:logGet(44)) - raft.server.log.statemachine.data.sync.timeout = 10s (default)
2021-11-14 01:04:26,414 [pool-521-thread-1] INFO  server.RaftServerConfigKeys (ConfUtils.java:logGet(44)) - raft.server.log.statemachine.data.sync.timeout.retry = -1 (default)
2021-11-14 01:04:26,415 [pool-521-thread-1] INFO  server.RaftServerConfigKeys (ConfUtils.java:logGet(44)) - raft.server.log.write.buffer.size = 1048576 (custom)
2021-11-14 01:04:26,416 [pool-521-thread-1] INFO  server.RaftServerConfigKeys (ConfUtils.java:logGet(44)) - raft.server.log.statemachine.data.caching.enabled = true (custom)
2021-11-14 01:04:26,417 [pool-521-thread-1] INFO  segmented.SegmentedRaftLogWorker (SegmentedRaftLogWorker.java:lambda$new$0(133)) - 32069a0d-f39a-42d5-b706-96b3f478e9d8@group-ED4C9AF695D8-SegmentedRaftLogWorker: flushIndex: setUnconditionally 0 -> -1
2021-11-14 01:04:26,417 [pool-521-thread-1] INFO  segmented.SegmentedRaftLogWorker (SegmentedRaftLogWorker.java:lambda$new$0(133)) - 32069a0d-f39a-42d5-b706-96b3f478e9d8@group-ED4C9AF695D8-SegmentedRaftLogWorker: safeCacheEvictIndex: setUnconditionally 0 -> -1
2021-11-14 01:04:26,417 [pool-521-thread-1] INFO  server.RaftServerConfigKeys (ConfUtils.java:logGet(44)) - raft.server.snapshot.auto.trigger.enabled = true (custom)
2021-11-14 01:04:26,417 [pool-521-thread-1] INFO  server.RaftServerConfigKeys (ConfUtils.java:logGet(44)) - raft.server.snapshot.auto.trigger.threshold = 10000 (custom)
2021-11-14 01:04:26,417 [pool-521-thread-1] INFO  server.RaftServerConfigKeys (ConfUtils.java:logGet(44)) - raft.server.snapshot.retention.file.num = 5 (custom)
2021-11-14 01:04:26,417 [pool-521-thread-1] INFO  server.RaftServerConfigKeys (ConfUtils.java:logGet(44)) - raft.server.log.purge.upto.snapshot.index = false (default)
2021-11-14 01:04:26,417 [pool-521-thread-1] INFO  server.RaftServerConfigKeys (ConfUtils.java:logGet(44)) - raft.server.retrycache.expirytime = 600000ms (custom)
2021-11-14 01:04:26,417 [pool-521-thread-1] INFO  server.RaftServerConfigKeys (ConfUtils.java:logGet(44)) - raft.server.retrycache.statistics.expirytime = 100μs (default)
2021-11-14 01:04:26,419 [pool-521-thread-1] INFO  server.RaftServer$Division (RaftServerImpl.java:start(301)) - 32069a0d-f39a-42d5-b706-96b3f478e9d8@group-ED4C9AF695D8: start as a follower, conf=-1: [32069a0d-f39a-42d5-b706-96b3f478e9d8|rpc:10.1.0.47:43355|priority:1], old=null
2021-11-14 01:04:26,419 [pool-521-thread-1] INFO  server.RaftServer$Division (RaftServerImpl.java:setRole(290)) - 32069a0d-f39a-42d5-b706-96b3f478e9d8@group-ED4C9AF695D8: changes role from      null to FOLLOWER at term 0 for startAsFollower
2021-11-14 01:04:26,419 [pool-521-thread-1] INFO  impl.RoleInfo (RoleInfo.java:updateAndGet(130)) - 32069a0d-f39a-42d5-b706-96b3f478e9d8: start 32069a0d-f39a-42d5-b706-96b3f478e9d8@group-ED4C9AF695D8-FollowerState
2021-11-14 01:04:26,419 [pool-521-thread-1] INFO  util.JmxRegister (JmxRegister.java:tryRegister(44)) - Successfully registered JMX Bean with object name Ratis:service=RaftServer,group=group-ED4C9AF695D8,id=32069a0d-f39a-42d5-b706-96b3f478e9d8
2021-11-14 01:04:26,420 [Command processor thread] INFO  ratis.XceiverServerRatis (XceiverServerRatis.java:addGroup(768)) - Created group PipelineID=89923835-73f6-4067-a20c-ed4c9af695d8
2021-11-14 01:04:26,421 [Command processor thread] INFO  commandhandler.CreatePipelineCommandHandler (CreatePipelineCommandHandler.java:handle(106)) - Created Pipeline RATIS ONE PipelineID=89923835-73f6-4067-a20c-ed4c9af695d8.
2021-11-14 01:04:26,421 [Command processor thread] INFO  server.RaftServer (RaftServerProxy.java:addNew(95)) - 32069a0d-f39a-42d5-b706-96b3f478e9d8: addNew group-58FA2C6BBA1C:[a5432c49-5461-405d-b7d7-37e5c225d9bf|rpc:10.1.0.47:33007|priority:0, 32069a0d-f39a-42d5-b706-96b3f478e9d8|rpc:10.1.0.47:43355|priority:1, 42593a4f-89d4-4363-aad7-ee84fdc40b17|rpc:10.1.0.47:38117|priority:0] returns group-58FA2C6BBA1C:java.util.concurrent.CompletableFuture@3d3aa6ce[Not completed]
2021-11-14 01:04:26,422 [pool-521-thread-1] INFO  server.RaftServer$Division (RaftServerImpl.java:<init>(184)) - 32069a0d-f39a-42d5-b706-96b3f478e9d8: new RaftServerImpl for group-58FA2C6BBA1C:[a5432c49-5461-405d-b7d7-37e5c225d9bf|rpc:10.1.0.47:33007|priority:0, 32069a0d-f39a-42d5-b706-96b3f478e9d8|rpc:10.1.0.47:43355|priority:1, 42593a4f-89d4-4363-aad7-ee84fdc40b17|rpc:10.1.0.47:38117|priority:0] with ContainerStateMachine:uninitialized
2021-11-14 01:04:26,422 [pool-521-thread-1] INFO  server.RaftServerConfigKeys (ConfUtils.java:logGet(44)) - raft.server.rpc.timeout.min = 5s (custom)
2021-11-14 01:04:26,422 [pool-521-thread-1] INFO  server.RaftServerConfigKeys (ConfUtils.java:logGet(44)) - raft.server.rpc.timeout.max = 5200ms (custom)
2021-11-14 01:04:26,422 [pool-521-thread-1] INFO  server.RaftServerConfigKeys (ConfUtils.java:logGet(44)) - raft.server.rpc.sleep.time = 25ms (default)
2021-11-14 01:04:26,422 [pool-521-thread-1] INFO  server.RaftServerConfigKeys (ConfUtils.java:logGet(44)) - raft.server.rpc.slowness.timeout = 300000ms (custom)
2021-11-14 01:04:26,422 [pool-521-thread-1] INFO  server.RaftServerConfigKeys (ConfUtils.java:logGet(44)) - raft.server.leaderelection.leader.step-down.wait-time = 10s (default)
2021-11-14 01:04:26,422 [pool-521-thread-1] INFO  server.RaftServerConfigKeys (ConfUtils.java:logGet(44)) - raft.server.sleep.deviation.threshold = 300ms (default)
2021-11-14 01:04:26,422 [pool-521-thread-1] INFO  server.RaftServerConfigKeys (ConfUtils.java:logGet(44)) - raft.server.log.appender.install.snapshot.enabled = false (custom)
2021-11-14 01:04:26,422 [pool-521-thread-1] INFO  server.RaftServer$Division (ServerState.java:<init>(105)) - 32069a0d-f39a-42d5-b706-96b3f478e9d8@group-58FA2C6BBA1C: ConfigurationManager, init=-1: [a5432c49-5461-405d-b7d7-37e5c225d9bf|rpc:10.1.0.47:33007|priority:0, 32069a0d-f39a-42d5-b706-96b3f478e9d8|rpc:10.1.0.47:43355|priority:1, 42593a4f-89d4-4363-aad7-ee84fdc40b17|rpc:10.1.0.47:38117|priority:0], old=null, confs=<EMPTY_MAP>
2021-11-14 01:04:26,422 [pool-521-thread-1] INFO  server.RaftServerConfigKeys (ConfUtils.java:logGet(44)) - raft.server.storage.dir = [/home/runner/work/ozone/ozone/hadoop-ozone/integration-test/target/test-dir/MiniOzoneClusterImpl-5b6cbd2a-2976-43bc-8d1c-e3ca86cddeeb/datanode-0/data/ratis] (custom)
2021-11-14 01:04:26,422 [pool-521-thread-1] INFO  server.RaftServerConfigKeys (ConfUtils.java:logGet(44)) - raft.server.log.corruption.policy = EXCEPTION (default)
2021-11-14 01:04:26,422 [pool-521-thread-1] INFO  server.RaftServerConfigKeys (ConfUtils.java:logGet(44)) - raft.server.storage.free-space.min = 0MB (=0) (default)
2021-11-14 01:04:26,422 [pool-521-thread-1] INFO  storage.RaftStorageDirectory (RaftStorageDirectoryImpl.java:analyzeStorage(135)) - The storage directory /home/runner/work/ozone/ozone/hadoop-ozone/integration-test/target/test-dir/MiniOzoneClusterImpl-5b6cbd2a-2976-43bc-8d1c-e3ca86cddeeb/datanode-0/data/ratis/022119a0-66e2-4555-98aa-58fa2c6bba1c does not exist. Creating ...
2021-11-14 01:04:26,423 [EventQueue-PipelineReportForPipelineReportHandler] INFO  pipeline.PipelineManagerImpl (PipelineManagerImpl.java:openPipeline(289)) - Pipeline Pipeline[ Id: 89923835-73f6-4067-a20c-ed4c9af695d8, Nodes: 32069a0d-f39a-42d5-b706-96b3f478e9d8{ip: 10.1.0.47, host: fv-az395-453.zfmzfyrfkyou3ow0tsr0jxwq1e.bx.internal.cloudapp.net, ports: [REPLICATION=45299, RATIS=43355, RATIS_ADMIN=43355, RATIS_SERVER=43355, STANDALONE=42407], networkLocation: /default-rack, certSerialId: null, persistedOpState: IN_SERVICE, persistedOpStateExpiryEpochSec: 0}, ReplicationConfig: RATIS/ONE, State:ALLOCATED, leaderId:32069a0d-f39a-42d5-b706-96b3f478e9d8, CreationTimestamp2021-11-14T01:04:23.384Z[Etc/UTC]] moved to OPEN state
2021-11-14 01:04:26,437 [pool-521-thread-1] INFO  storage.RaftStorageDirectory (RaftStorageDirectoryImpl.java:tryLock(230)) - Lock on /home/runner/work/ozone/ozone/hadoop-ozone/integration-test/target/test-dir/MiniOzoneClusterImpl-5b6cbd2a-2976-43bc-8d1c-e3ca86cddeeb/datanode-0/data/ratis/022119a0-66e2-4555-98aa-58fa2c6bba1c/in_use.lock acquired by nodename 9791@fv-az395-453
2021-11-14 01:04:26,440 [pool-521-thread-1] INFO  storage.RaftStorage (RaftStorageImpl.java:format(89)) - Storage directory /home/runner/work/ozone/ozone/hadoop-ozone/integration-test/target/test-dir/MiniOzoneClusterImpl-5b6cbd2a-2976-43bc-8d1c-e3ca86cddeeb/datanode-0/data/ratis/022119a0-66e2-4555-98aa-58fa2c6bba1c has been successfully formatted.
2021-11-14 01:04:26,440 [pool-521-thread-1] INFO  ratis.ContainerStateMachine (ContainerStateMachine.java:loadSnapshot(224)) - group-58FA2C6BBA1C: The snapshot info is null. Setting the last applied indexto:(t:0, i:~)
2021-11-14 01:04:26,441 [pool-521-thread-1] INFO  server.RaftServerConfigKeys (ConfUtils.java:logGet(44)) - raft.server.notification.no-leader.timeout = 300000ms (custom)
2021-11-14 01:04:26,441 [pool-521-thread-1] INFO  server.RaftServerConfigKeys (ConfUtils.java:logGet(44)) - raft.server.log.use.memory = false (default)
2021-11-14 01:04:26,441 [pool-521-thread-1] INFO  server.RaftServerConfigKeys (ConfUtils.java:logGet(44)) - raft.server.log.purge.gap = 1000000 (custom)
2021-11-14 01:04:26,441 [pool-521-thread-1] INFO  server.RaftServerConfigKeys (ConfUtils.java:logGet(44)) - raft.server.log.appender.buffer.byte-limit = 33554432 (custom)
2021-11-14 01:04:26,441 [pool-521-thread-1] INFO  server.RaftServerConfigKeys (ConfUtils.java:logGet(44)) - raft.server.log.segment.size.max = 1048576 (custom)
2021-11-14 01:04:26,442 [pool-521-thread-1] INFO  server.RaftServerConfigKeys (ConfUtils.java:logGet(44)) - raft.server.log.segment.cache.num.max = 2 (custom)
2021-11-14 01:04:26,442 [pool-521-thread-1] INFO  server.RaftServerConfigKeys (ConfUtils.java:logGet(44)) - raft.server.log.segment.cache.size.max = 200MB (=209715200) (default)
2021-11-14 01:04:26,442 [pool-521-thread-1] INFO  segmented.SegmentedRaftLogWorker (SegmentedRaftLogWorker.java:<init>(182)) - new 32069a0d-f39a-42d5-b706-96b3f478e9d8@group-58FA2C6BBA1C-SegmentedRaftLogWorker for RaftStorageImpl:Storage Directory /home/runner/work/ozone/ozone/hadoop-ozone/integration-test/target/test-dir/MiniOzoneClusterImpl-5b6cbd2a-2976-43bc-8d1c-e3ca86cddeeb/datanode-0/data/ratis/022119a0-66e2-4555-98aa-58fa2c6bba1c
2021-11-14 01:04:26,442 [pool-521-thread-1] INFO  server.RaftServerConfigKeys (ConfUtils.java:logGet(44)) - raft.server.log.queue.byte-limit = 2147483647 (custom)
2021-11-14 01:04:26,442 [pool-521-thread-1] INFO  server.RaftServerConfigKeys (ConfUtils.java:logGet(44)) - raft.server.log.queue.element-limit = 1024 (custom)
2021-11-14 01:04:26,442 [pool-521-thread-1] INFO  server.RaftServerConfigKeys (ConfUtils.java:logGet(44)) - raft.server.log.segment.size.max = 1048576 (custom)
2021-11-14 01:04:26,442 [pool-521-thread-1] INFO  server.RaftServerConfigKeys (ConfUtils.java:logGet(44)) - raft.server.log.preallocated.size = 16384 (custom)
2021-11-14 01:04:26,442 [pool-521-thread-1] INFO  server.RaftServerConfigKeys (ConfUtils.java:logGet(44)) - raft.server.log.force.sync.num = 128 (default)
2021-11-14 01:04:26,442 [pool-521-thread-1] INFO  server.RaftServerConfigKeys (ConfUtils.java:logGet(44)) - raft.server.log.statemachine.data.sync = true (default)
2021-11-14 01:04:26,442 [pool-521-thread-1] INFO  server.RaftServerConfigKeys (ConfUtils.java:logGet(44)) - raft.server.log.statemachine.data.sync.timeout = 10s (default)
2021-11-14 01:04:26,442 [pool-521-thread-1] INFO  server.RaftServerConfigKeys (ConfUtils.java:logGet(44)) - raft.server.log.statemachine.data.sync.timeout.retry = -1 (default)
2021-11-14 01:04:26,443 [pool-521-thread-1] INFO  server.RaftServerConfigKeys (ConfUtils.java:logGet(44)) - raft.server.log.write.buffer.size = 1048576 (custom)
2021-11-14 01:04:26,444 [pool-521-thread-1] INFO  server.RaftServerConfigKeys (ConfUtils.java:logGet(44)) - raft.server.log.statemachine.data.caching.enabled = true (custom)
2021-11-14 01:04:26,444 [pool-521-thread-1] INFO  segmented.SegmentedRaftLogWorker (SegmentedRaftLogWorker.java:lambda$new$0(133)) - 32069a0d-f39a-42d5-b706-96b3f478e9d8@group-58FA2C6BBA1C-SegmentedRaftLogWorker: flushIndex: setUnconditionally 0 -> -1
2021-11-14 01:04:26,444 [pool-521-thread-1] INFO  segmented.SegmentedRaftLogWorker (SegmentedRaftLogWorker.java:lambda$new$0(133)) - 32069a0d-f39a-42d5-b706-96b3f478e9d8@group-58FA2C6BBA1C-SegmentedRaftLogWorker: safeCacheEvictIndex: setUnconditionally 0 -> -1
2021-11-14 01:04:26,448 [pool-521-thread-1] INFO  server.RaftServerConfigKeys (ConfUtils.java:logGet(44)) - raft.server.snapshot.auto.trigger.enabled = true (custom)
2021-11-14 01:04:26,457 [pool-521-thread-1] INFO  server.RaftServerConfigKeys (ConfUtils.java:logGet(44)) - raft.server.snapshot.auto.trigger.threshold = 10000 (custom)
2021-11-14 01:04:26,457 [pool-521-thread-1] INFO  server.RaftServerConfigKeys (ConfUtils.java:logGet(44)) - raft.server.snapshot.retention.file.num = 5 (custom)
2021-11-14 01:04:26,457 [pool-521-thread-1] INFO  server.RaftServerConfigKeys (ConfUtils.java:logGet(44)) - raft.server.log.purge.upto.snapshot.index = false (default)
2021-11-14 01:04:26,458 [pool-521-thread-1] INFO  server.RaftServerConfigKeys (ConfUtils.java:logGet(44)) - raft.server.retrycache.expirytime = 600000ms (custom)
2021-11-14 01:04:26,458 [pool-521-thread-1] INFO  server.RaftServerConfigKeys (ConfUtils.java:logGet(44)) - raft.server.retrycache.statistics.expirytime = 100μs (default)
2021-11-14 01:04:26,457 [EventQueue-OpenPipelineForHealthyPipelineSafeModeRule] INFO  safemode.SCMSafeModeManager (HealthyPipelineSafeModeRule.java:process(124)) - SCM in safe mode. Healthy pipelines reported count is 0, required healthy pipeline reported count is 1
2021-11-14 01:04:26,448 [IPC Server handler 4 on default port 43729] INFO  net.NetworkTopologyImpl (NetworkTopologyImpl.java:add(112)) - Added a new node: /default-rack/eb0c46e4-5725-4afa-bb96-e719b980f47a
2021-11-14 01:04:26,458 [IPC Server handler 4 on default port 43729] INFO  node.SCMNodeManager (SCMNodeManager.java:register(389)) - Registered Data node : eb0c46e4-5725-4afa-bb96-e719b980f47a{ip: 10.1.0.47, host: fv-az395-453.zfmzfyrfkyou3ow0tsr0jxwq1e.bx.internal.cloudapp.net, ports: [REPLICATION=35283, RATIS=38135, RATIS_ADMIN=38135, RATIS_SERVER=38135, STANDALONE=42151], networkLocation: /default-rack, certSerialId: null, persistedOpState: null, persistedOpStateExpiryEpochSec: 0}
2021-11-14 01:04:26,458 [EventQueue-NewNodeForNewNodeHandler] INFO  pipeline.BackgroundPipelineCreator (BackgroundPipelineCreator.java:notifyEventTriggered(285)) - trigger a one-shot run on RatisPipelineUtilsThread.
2021-11-14 01:04:26,459 [EventQueue-OpenPipelineForHealthyPipelineSafeModeRule] INFO  safemode.SCMSafeModeManager (HealthyPipelineSafeModeRule.java:process(124)) - SCM in safe mode. Healthy pipelines reported count is 0, required healthy pipeline reported count is 1
2021-11-14 01:04:26,459 [RatisPipelineUtilsThread - 0] INFO  pipeline.RatisPipelineProvider (RatisPipelineProvider.java:lambda$create$0(183)) - Sending CreatePipelineCommand for pipeline:PipelineID=a9c9fa27-e157-4e26-8819-82432eb5aaaa to datanode:eb0c46e4-5725-4afa-bb96-e719b980f47a
2021-11-14 01:04:26,459 [RatisPipelineUtilsThread - 0] INFO  pipeline.PipelineStateManagerImpl (PipelineStateManagerImpl.java:addPipeline(101)) - Created pipeline Pipeline[ Id: a9c9fa27-e157-4e26-8819-82432eb5aaaa, Nodes: eb0c46e4-5725-4afa-bb96-e719b980f47a{ip: 10.1.0.47, host: fv-az395-453.zfmzfyrfkyou3ow0tsr0jxwq1e.bx.internal.cloudapp.net, ports: [REPLICATION=35283, RATIS=38135, RATIS_ADMIN=38135, RATIS_SERVER=38135, STANDALONE=42151], networkLocation: /default-rack, certSerialId: null, persistedOpState: IN_SERVICE, persistedOpStateExpiryEpochSec: 0}, ReplicationConfig: RATIS/ONE, State:ALLOCATED, leaderId:, CreationTimestamp2021-11-14T01:04:26.459Z[Etc/UTC]].
2021-11-14 01:04:26,460 [pool-521-thread-1] INFO  server.RaftServer$Division (RaftServerImpl.java:start(301)) - 32069a0d-f39a-42d5-b706-96b3f478e9d8@group-58FA2C6BBA1C: start as a follower, conf=-1: [a5432c49-5461-405d-b7d7-37e5c225d9bf|rpc:10.1.0.47:33007|priority:0, 32069a0d-f39a-42d5-b706-96b3f478e9d8|rpc:10.1.0.47:43355|priority:1, 42593a4f-89d4-4363-aad7-ee84fdc40b17|rpc:10.1.0.47:38117|priority:0], old=null
2021-11-14 01:04:26,461 [pool-521-thread-1] INFO  server.RaftServer$Division (RaftServerImpl.java:setRole(290)) - 32069a0d-f39a-42d5-b706-96b3f478e9d8@group-58FA2C6BBA1C: changes role from      null to FOLLOWER at term 0 for startAsFollower
2021-11-14 01:04:26,481 [pool-521-thread-1] INFO  impl.RoleInfo (RoleInfo.java:updateAndGet(130)) - 32069a0d-f39a-42d5-b706-96b3f478e9d8: start 32069a0d-f39a-42d5-b706-96b3f478e9d8@group-58FA2C6BBA1C-FollowerState
2021-11-14 01:04:26,484 [pool-521-thread-1] INFO  util.JmxRegister (JmxRegister.java:tryRegister(44)) - Successfully registered JMX Bean with object name Ratis:service=RaftServer,group=group-58FA2C6BBA1C,id=32069a0d-f39a-42d5-b706-96b3f478e9d8
2021-11-14 01:04:26,497 [Command processor thread] INFO  ratis.XceiverServerRatis (XceiverServerRatis.java:addGroup(768)) - Created group PipelineID=022119a0-66e2-4555-98aa-58fa2c6bba1c
2021-11-14 01:04:26,618 [grpc-default-executor-1] INFO  server.RaftServer (RaftServerProxy.java:addNew(95)) - 42593a4f-89d4-4363-aad7-ee84fdc40b17: addNew group-58FA2C6BBA1C:[a5432c49-5461-405d-b7d7-37e5c225d9bf|rpc:10.1.0.47:33007|dataStream:|priority:0, 32069a0d-f39a-42d5-b706-96b3f478e9d8|rpc:10.1.0.47:43355|dataStream:|priority:1, 42593a4f-89d4-4363-aad7-ee84fdc40b17|rpc:10.1.0.47:38117|dataStream:|priority:0] returns group-58FA2C6BBA1C:java.util.concurrent.CompletableFuture@7a1f2656[Not completed]
2021-11-14 01:04:26,636 [pool-559-thread-1] INFO  server.RaftServer$Division (RaftServerImpl.java:<init>(184)) - 42593a4f-89d4-4363-aad7-ee84fdc40b17: new RaftServerImpl for group-58FA2C6BBA1C:[a5432c49-5461-405d-b7d7-37e5c225d9bf|rpc:10.1.0.47:33007|dataStream:|priority:0, 32069a0d-f39a-42d5-b706-96b3f478e9d8|rpc:10.1.0.47:43355|dataStream:|priority:1, 42593a4f-89d4-4363-aad7-ee84fdc40b17|rpc:10.1.0.47:38117|dataStream:|priority:0] with ContainerStateMachine:uninitialized
2021-11-14 01:04:26,636 [pool-559-thread-1] INFO  server.RaftServerConfigKeys (ConfUtils.java:logGet(44)) - raft.server.rpc.timeout.min = 5s (custom)
2021-11-14 01:04:26,637 [pool-559-thread-1] INFO  server.RaftServerConfigKeys (ConfUtils.java:logGet(44)) - raft.server.rpc.timeout.max = 5200ms (custom)
2021-11-14 01:04:26,637 [pool-559-thread-1] INFO  server.RaftServerConfigKeys (ConfUtils.java:logGet(44)) - raft.server.rpc.sleep.time = 25ms (default)
2021-11-14 01:04:26,637 [pool-559-thread-1] INFO  server.RaftServerConfigKeys (ConfUtils.java:logGet(44)) - raft.server.rpc.slowness.timeout = 300000ms (custom)
2021-11-14 01:04:26,637 [pool-559-thread-1] INFO  server.RaftServerConfigKeys (ConfUtils.java:logGet(44)) - raft.server.leaderelection.leader.step-down.wait-time = 10s (default)
2021-11-14 01:04:26,637 [pool-559-thread-1] INFO  server.RaftServerConfigKeys (ConfUtils.java:logGet(44)) - raft.server.sleep.deviation.threshold = 300ms (default)
2021-11-14 01:04:26,639 [pool-559-thread-1] INFO  server.RaftServerConfigKeys (ConfUtils.java:logGet(44)) - raft.server.log.appender.install.snapshot.enabled = false (custom)
2021-11-14 01:04:26,649 [pool-559-thread-1] INFO  server.RaftServer$Division (ServerState.java:<init>(105)) - 42593a4f-89d4-4363-aad7-ee84fdc40b17@group-58FA2C6BBA1C: ConfigurationManager, init=-1: [a5432c49-5461-405d-b7d7-37e5c225d9bf|rpc:10.1.0.47:33007|dataStream:|priority:0, 32069a0d-f39a-42d5-b706-96b3f478e9d8|rpc:10.1.0.47:43355|dataStream:|priority:1, 42593a4f-89d4-4363-aad7-ee84fdc40b17|rpc:10.1.0.47:38117|dataStream:|priority:0], old=null, confs=<EMPTY_MAP>
2021-11-14 01:04:26,649 [pool-559-thread-1] INFO  server.RaftServerConfigKeys (ConfUtils.java:logGet(44)) - raft.server.storage.dir = [/home/runner/work/ozone/ozone/hadoop-ozone/integration-test/target/test-dir/MiniOzoneClusterImpl-5b6cbd2a-2976-43bc-8d1c-e3ca86cddeeb/datanode-2/data/ratis] (custom)
2021-11-14 01:04:26,649 [pool-559-thread-1] INFO  server.RaftServerConfigKeys (ConfUtils.java:logGet(44)) - raft.server.log.corruption.policy = EXCEPTION (default)
2021-11-14 01:04:26,651 [pool-559-thread-1] INFO  server.RaftServerConfigKeys (ConfUtils.java:logGet(44)) - raft.server.storage.free-space.min = 0MB (=0) (default)
2021-11-14 01:04:26,652 [pool-559-thread-1] INFO  storage.RaftStorageDirectory (RaftStorageDirectoryImpl.java:analyzeStorage(135)) - The storage directory /home/runner/work/ozone/ozone/hadoop-ozone/integration-test/target/test-dir/MiniOzoneClusterImpl-5b6cbd2a-2976-43bc-8d1c-e3ca86cddeeb/datanode-2/data/ratis/022119a0-66e2-4555-98aa-58fa2c6bba1c does not exist. Creating ...
2021-11-14 01:04:26,659 [pool-559-thread-1] INFO  storage.RaftStorageDirectory (RaftStorageDirectoryImpl.java:tryLock(230)) - Lock on /home/runner/work/ozone/ozone/hadoop-ozone/integration-test/target/test-dir/MiniOzoneClusterImpl-5b6cbd2a-2976-43bc-8d1c-e3ca86cddeeb/datanode-2/data/ratis/022119a0-66e2-4555-98aa-58fa2c6bba1c/in_use.lock acquired by nodename 9791@fv-az395-453
2021-11-14 01:04:26,663 [pool-559-thread-1] INFO  storage.RaftStorage (RaftStorageImpl.java:format(89)) - Storage directory /home/runner/work/ozone/ozone/hadoop-ozone/integration-test/target/test-dir/MiniOzoneClusterImpl-5b6cbd2a-2976-43bc-8d1c-e3ca86cddeeb/datanode-2/data/ratis/022119a0-66e2-4555-98aa-58fa2c6bba1c has been successfully formatted.
2021-11-14 01:04:26,664 [pool-559-thread-1] INFO  ratis.ContainerStateMachine (ContainerStateMachine.java:loadSnapshot(224)) - group-58FA2C6BBA1C: The snapshot info is null. Setting the last applied indexto:(t:0, i:~)
2021-11-14 01:04:26,665 [pool-559-thread-1] INFO  server.RaftServerConfigKeys (ConfUtils.java:logGet(44)) - raft.server.notification.no-leader.timeout = 300000ms (custom)
2021-11-14 01:04:26,665 [pool-559-thread-1] INFO  server.RaftServerConfigKeys (ConfUtils.java:logGet(44)) - raft.server.log.use.memory = false (default)
2021-11-14 01:04:26,665 [pool-559-thread-1] INFO  server.RaftServerConfigKeys (ConfUtils.java:logGet(44)) - raft.server.log.purge.gap = 1000000 (custom)
2021-11-14 01:04:26,665 [pool-559-thread-1] INFO  server.RaftServerConfigKeys (ConfUtils.java:logGet(44)) - raft.server.log.appender.buffer.byte-limit = 33554432 (custom)
2021-11-14 01:04:26,665 [pool-559-thread-1] INFO  server.RaftServerConfigKeys (ConfUtils.java:logGet(44)) - raft.server.log.segment.size.max = 1048576 (custom)
2021-11-14 01:04:26,666 [pool-559-thread-1] INFO  server.RaftServerConfigKeys (ConfUtils.java:logGet(44)) - raft.server.log.segment.cache.num.max = 2 (custom)
2021-11-14 01:04:26,666 [pool-559-thread-1] INFO  server.RaftServerConfigKeys (ConfUtils.java:logGet(44)) - raft.server.log.segment.cache.size.max = 200MB (=209715200) (default)
2021-11-14 01:04:26,666 [pool-559-thread-1] INFO  segmented.SegmentedRaftLogWorker (SegmentedRaftLogWorker.java:<init>(182)) - new 42593a4f-89d4-4363-aad7-ee84fdc40b17@group-58FA2C6BBA1C-SegmentedRaftLogWorker for RaftStorageImpl:Storage Directory /home/runner/work/ozone/ozone/hadoop-ozone/integration-test/target/test-dir/MiniOzoneClusterImpl-5b6cbd2a-2976-43bc-8d1c-e3ca86cddeeb/datanode-2/data/ratis/022119a0-66e2-4555-98aa-58fa2c6bba1c
2021-11-14 01:04:26,666 [pool-559-thread-1] INFO  server.RaftServerConfigKeys (ConfUtils.java:logGet(44)) - raft.server.log.queue.byte-limit = 2147483647 (custom)
2021-11-14 01:04:26,666 [pool-559-thread-1] INFO  server.RaftServerConfigKeys (ConfUtils.java:logGet(44)) - raft.server.log.queue.element-limit = 1024 (custom)
2021-11-14 01:04:26,666 [pool-559-thread-1] INFO  server.RaftServerConfigKeys (ConfUtils.java:logGet(44)) - raft.server.log.segment.size.max = 1048576 (custom)
2021-11-14 01:04:26,667 [pool-559-thread-1] INFO  server.RaftServerConfigKeys (ConfUtils.java:logGet(44)) - raft.server.log.preallocated.size = 16384 (custom)
2021-11-14 01:04:26,667 [pool-559-thread-1] INFO  server.RaftServerConfigKeys (ConfUtils.java:logGet(44)) - raft.server.log.force.sync.num = 128 (default)
2021-11-14 01:04:26,667 [pool-559-thread-1] INFO  server.RaftServerConfigKeys (ConfUtils.java:logGet(44)) - raft.server.log.statemachine.data.sync = true (default)
2021-11-14 01:04:26,667 [pool-559-thread-1] INFO  server.RaftServerConfigKeys (ConfUtils.java:logGet(44)) - raft.server.log.statemachine.data.sync.timeout = 10s (default)
2021-11-14 01:04:26,667 [pool-559-thread-1] INFO  server.RaftServerConfigKeys (ConfUtils.java:logGet(44)) - raft.server.log.statemachine.data.sync.timeout.retry = -1 (default)
2021-11-14 01:04:26,668 [pool-559-thread-1] INFO  server.RaftServerConfigKeys (ConfUtils.java:logGet(44)) - raft.server.log.write.buffer.size = 1048576 (custom)
2021-11-14 01:04:26,669 [pool-559-thread-1] INFO  server.RaftServerConfigKeys (ConfUtils.java:logGet(44)) - raft.server.log.statemachine.data.caching.enabled = true (custom)
2021-11-14 01:04:26,669 [pool-559-thread-1] INFO  segmented.SegmentedRaftLogWorker (SegmentedRaftLogWorker.java:lambda$new$0(133)) - 42593a4f-89d4-4363-aad7-ee84fdc40b17@group-58FA2C6BBA1C-SegmentedRaftLogWorker: flushIndex: setUnconditionally 0 -> -1
2021-11-14 01:04:26,669 [pool-559-thread-1] INFO  segmented.SegmentedRaftLogWorker (SegmentedRaftLogWorker.java:lambda$new$0(133)) - 42593a4f-89d4-4363-aad7-ee84fdc40b17@group-58FA2C6BBA1C-SegmentedRaftLogWorker: safeCacheEvictIndex: setUnconditionally 0 -> -1
2021-11-14 01:04:26,673 [pool-559-thread-1] INFO  server.RaftServerConfigKeys (ConfUtils.java:logGet(44)) - raft.server.snapshot.auto.trigger.enabled = true (custom)
2021-11-14 01:04:26,673 [pool-559-thread-1] INFO  server.RaftServerConfigKeys (ConfUtils.java:logGet(44)) - raft.server.snapshot.auto.trigger.threshold = 10000 (custom)
2021-11-14 01:04:26,673 [pool-559-thread-1] INFO  server.RaftServerConfigKeys (ConfUtils.java:logGet(44)) - raft.server.snapshot.retention.file.num = 5 (custom)
2021-11-14 01:04:26,673 [pool-559-thread-1] INFO  server.RaftServerConfigKeys (ConfUtils.java:logGet(44)) - raft.server.log.purge.upto.snapshot.index = false (default)
2021-11-14 01:04:26,674 [pool-559-thread-1] INFO  server.RaftServerConfigKeys (ConfUtils.java:logGet(44)) - raft.server.retrycache.expirytime = 600000ms (custom)
2021-11-14 01:04:26,674 [pool-559-thread-1] INFO  server.RaftServerConfigKeys (ConfUtils.java:logGet(44)) - raft.server.retrycache.statistics.expirytime = 100μs (default)
2021-11-14 01:04:26,675 [pool-559-thread-1] INFO  server.RaftServer$Division (RaftServerImpl.java:start(301)) - 42593a4f-89d4-4363-aad7-ee84fdc40b17@group-58FA2C6BBA1C: start as a follower, conf=-1: [a5432c49-5461-405d-b7d7-37e5c225d9bf|rpc:10.1.0.47:33007|dataStream:|priority:0, 32069a0d-f39a-42d5-b706-96b3f478e9d8|rpc:10.1.0.47:43355|dataStream:|priority:1, 42593a4f-89d4-4363-aad7-ee84fdc40b17|rpc:10.1.0.47:38117|dataStream:|priority:0], old=null
2021-11-14 01:04:26,676 [pool-559-thread-1] INFO  server.RaftServer$Division (RaftServerImpl.java:setRole(290)) - 42593a4f-89d4-4363-aad7-ee84fdc40b17@group-58FA2C6BBA1C: changes role from      null to FOLLOWER at term 0 for startAsFollower
2021-11-14 01:04:26,676 [pool-559-thread-1] INFO  impl.RoleInfo (RoleInfo.java:updateAndGet(130)) - 42593a4f-89d4-4363-aad7-ee84fdc40b17: start 42593a4f-89d4-4363-aad7-ee84fdc40b17@group-58FA2C6BBA1C-FollowerState
2021-11-14 01:04:26,683 [pool-559-thread-1] INFO  util.JmxRegister (JmxRegister.java:tryRegister(44)) - Successfully registered JMX Bean with object name Ratis:service=RaftServer,group=group-58FA2C6BBA1C,id=42593a4f-89d4-4363-aad7-ee84fdc40b17
2021-11-14 01:04:26,735 [grpc-default-executor-1] INFO  server.RaftServer (RaftServerProxy.java:addNew(95)) - a5432c49-5461-405d-b7d7-37e5c225d9bf: addNew group-58FA2C6BBA1C:[a5432c49-5461-405d-b7d7-37e5c225d9bf|rpc:10.1.0.47:33007|dataStream:|priority:0, 32069a0d-f39a-42d5-b706-96b3f478e9d8|rpc:10.1.0.47:43355|dataStream:|priority:1, 42593a4f-89d4-4363-aad7-ee84fdc40b17|rpc:10.1.0.47:38117|dataStream:|priority:0] returns group-58FA2C6BBA1C:java.util.concurrent.CompletableFuture@46d17a69[Not completed]
2021-11-14 01:04:26,737 [pool-540-thread-1] INFO  server.RaftServer$Division (RaftServerImpl.java:<init>(184)) - a5432c49-5461-405d-b7d7-37e5c225d9bf: new RaftServerImpl for group-58FA2C6BBA1C:[a5432c49-5461-405d-b7d7-37e5c225d9bf|rpc:10.1.0.47:33007|dataStream:|priority:0, 32069a0d-f39a-42d5-b706-96b3f478e9d8|rpc:10.1.0.47:43355|dataStream:|priority:1, 42593a4f-89d4-4363-aad7-ee84fdc40b17|rpc:10.1.0.47:38117|dataStream:|priority:0] with ContainerStateMachine:uninitialized
2021-11-14 01:04:26,737 [pool-540-thread-1] INFO  server.RaftServerConfigKeys (ConfUtils.java:logGet(44)) - raft.server.rpc.timeout.min = 5s (custom)
2021-11-14 01:04:26,737 [pool-540-thread-1] INFO  server.RaftServerConfigKeys (ConfUtils.java:logGet(44)) - raft.server.rpc.timeout.max = 5200ms (custom)
2021-11-14 01:04:26,737 [pool-540-thread-1] INFO  server.RaftServerConfigKeys (ConfUtils.java:logGet(44)) - raft.server.rpc.sleep.time = 25ms (default)
2021-11-14 01:04:26,738 [pool-540-thread-1] INFO  server.RaftServerConfigKeys (ConfUtils.java:logGet(44)) - raft.server.rpc.slowness.timeout = 300000ms (custom)
2021-11-14 01:04:26,738 [pool-540-thread-1] INFO  server.RaftServerConfigKeys (ConfUtils.java:logGet(44)) - raft.server.leaderelection.leader.step-down.wait-time = 10s (default)
2021-11-14 01:04:26,738 [pool-540-thread-1] INFO  server.RaftServerConfigKeys (ConfUtils.java:logGet(44)) - raft.server.sleep.deviation.threshold = 300ms (default)
2021-11-14 01:04:26,751 [pool-540-thread-1] INFO  server.RaftServerConfigKeys (ConfUtils.java:logGet(44)) - raft.server.log.appender.install.snapshot.enabled = false (custom)
2021-11-14 01:04:26,751 [pool-540-thread-1] INFO  server.RaftServer$Division (ServerState.java:<init>(105)) - a5432c49-5461-405d-b7d7-37e5c225d9bf@group-58FA2C6BBA1C: ConfigurationManager, init=-1: [a5432c49-5461-405d-b7d7-37e5c225d9bf|rpc:10.1.0.47:33007|dataStream:|priority:0, 32069a0d-f39a-42d5-b706-96b3f478e9d8|rpc:10.1.0.47:43355|dataStream:|priority:1, 42593a4f-89d4-4363-aad7-ee84fdc40b17|rpc:10.1.0.47:38117|dataStream:|priority:0], old=null, confs=<EMPTY_MAP>
2021-11-14 01:04:26,752 [pool-540-thread-1] INFO  server.RaftServerConfigKeys (ConfUtils.java:logGet(44)) - raft.server.storage.dir = [/home/runner/work/ozone/ozone/hadoop-ozone/integration-test/target/test-dir/MiniOzoneClusterImpl-5b6cbd2a-2976-43bc-8d1c-e3ca86cddeeb/datanode-1/data/ratis] (custom)
2021-11-14 01:04:26,752 [pool-540-thread-1] INFO  server.RaftServerConfigKeys (ConfUtils.java:logGet(44)) - raft.server.log.corruption.policy = EXCEPTION (default)
2021-11-14 01:04:26,752 [pool-540-thread-1] INFO  server.RaftServerConfigKeys (ConfUtils.java:logGet(44)) - raft.server.storage.free-space.min = 0MB (=0) (default)
2021-11-14 01:04:26,752 [pool-540-thread-1] INFO  storage.RaftStorageDirectory (RaftStorageDirectoryImpl.java:analyzeStorage(135)) - The storage directory /home/runner/work/ozone/ozone/hadoop-ozone/integration-test/target/test-dir/MiniOzoneClusterImpl-5b6cbd2a-2976-43bc-8d1c-e3ca86cddeeb/datanode-1/data/ratis/022119a0-66e2-4555-98aa-58fa2c6bba1c does not exist. Creating ...
2021-11-14 01:04:26,770 [pool-540-thread-1] INFO  storage.RaftStorageDirectory (RaftStorageDirectoryImpl.java:tryLock(230)) - Lock on /home/runner/work/ozone/ozone/hadoop-ozone/integration-test/target/test-dir/MiniOzoneClusterImpl-5b6cbd2a-2976-43bc-8d1c-e3ca86cddeeb/datanode-1/data/ratis/022119a0-66e2-4555-98aa-58fa2c6bba1c/in_use.lock acquired by nodename 9791@fv-az395-453
2021-11-14 01:04:26,778 [pool-540-thread-1] INFO  storage.RaftStorage (RaftStorageImpl.java:format(89)) - Storage directory /home/runner/work/ozone/ozone/hadoop-ozone/integration-test/target/test-dir/MiniOzoneClusterImpl-5b6cbd2a-2976-43bc-8d1c-e3ca86cddeeb/datanode-1/data/ratis/022119a0-66e2-4555-98aa-58fa2c6bba1c has been successfully formatted.
2021-11-14 01:04:26,791 [pool-540-thread-1] INFO  ratis.ContainerStateMachine (ContainerStateMachine.java:loadSnapshot(224)) - group-58FA2C6BBA1C: The snapshot info is null. Setting the last applied indexto:(t:0, i:~)
2021-11-14 01:04:26,792 [pool-540-thread-1] INFO  server.RaftServerConfigKeys (ConfUtils.java:logGet(44)) - raft.server.notification.no-leader.timeout = 300000ms (custom)
2021-11-14 01:04:26,792 [pool-540-thread-1] INFO  server.RaftServerConfigKeys (ConfUtils.java:logGet(44)) - raft.server.log.use.memory = false (default)
2021-11-14 01:04:26,792 [pool-540-thread-1] INFO  server.RaftServerConfigKeys (ConfUtils.java:logGet(44)) - raft.server.log.purge.gap = 1000000 (custom)
2021-11-14 01:04:26,792 [pool-540-thread-1] INFO  server.RaftServerConfigKeys (ConfUtils.java:logGet(44)) - raft.server.log.appender.buffer.byte-limit = 33554432 (custom)
2021-11-14 01:04:26,792 [pool-540-thread-1] INFO  server.RaftServerConfigKeys (ConfUtils.java:logGet(44)) - raft.server.log.segment.size.max = 1048576 (custom)
2021-11-14 01:04:26,792 [pool-540-thread-1] INFO  server.RaftServerConfigKeys (ConfUtils.java:logGet(44)) - raft.server.log.segment.cache.num.max = 2 (custom)
2021-11-14 01:04:26,793 [pool-540-thread-1] INFO  server.RaftServerConfigKeys (ConfUtils.java:logGet(44)) - raft.server.log.segment.cache.size.max = 200MB (=209715200) (default)
2021-11-14 01:04:26,793 [pool-540-thread-1] INFO  segmented.SegmentedRaftLogWorker (SegmentedRaftLogWorker.java:<init>(182)) - new a5432c49-5461-405d-b7d7-37e5c225d9bf@group-58FA2C6BBA1C-SegmentedRaftLogWorker for RaftStorageImpl:Storage Directory /home/runner/work/ozone/ozone/hadoop-ozone/integration-test/target/test-dir/MiniOzoneClusterImpl-5b6cbd2a-2976-43bc-8d1c-e3ca86cddeeb/datanode-1/data/ratis/022119a0-66e2-4555-98aa-58fa2c6bba1c
2021-11-14 01:04:26,793 [pool-540-thread-1] INFO  server.RaftServerConfigKeys (ConfUtils.java:logGet(44)) - raft.server.log.queue.byte-limit = 2147483647 (custom)
2021-11-14 01:04:26,793 [pool-540-thread-1] INFO  server.RaftServerConfigKeys (ConfUtils.java:logGet(44)) - raft.server.log.queue.element-limit = 1024 (custom)
2021-11-14 01:04:26,793 [pool-540-thread-1] INFO  server.RaftServerConfigKeys (ConfUtils.java:logGet(44)) - raft.server.log.segment.size.max = 1048576 (custom)
2021-11-14 01:04:26,793 [pool-540-thread-1] INFO  server.RaftServerConfigKeys (ConfUtils.java:logGet(44)) - raft.server.log.preallocated.size = 16384 (custom)
2021-11-14 01:04:26,793 [pool-540-thread-1] INFO  server.RaftServerConfigKeys (ConfUtils.java:logGet(44)) - raft.server.log.force.sync.num = 128 (default)
2021-11-14 01:04:26,793 [pool-540-thread-1] INFO  server.RaftServerConfigKeys (ConfUtils.java:logGet(44)) - raft.server.log.statemachine.data.sync = true (default)
2021-11-14 01:04:26,793 [pool-540-thread-1] INFO  server.RaftServerConfigKeys (ConfUtils.java:logGet(44)) - raft.server.log.statemachine.data.sync.timeout = 10s (default)
2021-11-14 01:04:26,793 [pool-540-thread-1] INFO  server.RaftServerConfigKeys (ConfUtils.java:logGet(44)) - raft.server.log.statemachine.data.sync.timeout.retry = -1 (default)
2021-11-14 01:04:26,795 [pool-540-thread-1] INFO  server.RaftServerConfigKeys (ConfUtils.java:logGet(44)) - raft.server.log.write.buffer.size = 1048576 (custom)
2021-11-14 01:04:26,795 [pool-540-thread-1] INFO  server.RaftServerConfigKeys (ConfUtils.java:logGet(44)) - raft.server.log.statemachine.data.caching.enabled = true (custom)
2021-11-14 01:04:26,795 [pool-540-thread-1] INFO  segmented.SegmentedRaftLogWorker (SegmentedRaftLogWorker.java:lambda$new$0(133)) - a5432c49-5461-405d-b7d7-37e5c225d9bf@group-58FA2C6BBA1C-SegmentedRaftLogWorker: flushIndex: setUnconditionally 0 -> -1
2021-11-14 01:04:26,795 [pool-540-thread-1] INFO  segmented.SegmentedRaftLogWorker (SegmentedRaftLogWorker.java:lambda$new$0(133)) - a5432c49-5461-405d-b7d7-37e5c225d9bf@group-58FA2C6BBA1C-SegmentedRaftLogWorker: safeCacheEvictIndex: setUnconditionally 0 -> -1
2021-11-14 01:04:26,810 [pool-540-thread-1] INFO  server.RaftServerConfigKeys (ConfUtils.java:logGet(44)) - raft.server.snapshot.auto.trigger.enabled = true (custom)
2021-11-14 01:04:26,810 [pool-540-thread-1] INFO  server.RaftServerConfigKeys (ConfUtils.java:logGet(44)) - raft.server.snapshot.auto.trigger.threshold = 10000 (custom)
2021-11-14 01:04:26,810 [pool-540-thread-1] INFO  server.RaftServerConfigKeys (ConfUtils.java:logGet(44)) - raft.server.snapshot.retention.file.num = 5 (custom)
2021-11-14 01:04:26,810 [pool-540-thread-1] INFO  server.RaftServerConfigKeys (ConfUtils.java:logGet(44)) - raft.server.log.purge.upto.snapshot.index = false (default)
2021-11-14 01:04:26,810 [pool-540-thread-1] INFO  server.RaftServerConfigKeys (ConfUtils.java:logGet(44)) - raft.server.retrycache.expirytime = 600000ms (custom)
2021-11-14 01:04:26,810 [pool-540-thread-1] INFO  server.RaftServerConfigKeys (ConfUtils.java:logGet(44)) - raft.server.retrycache.statistics.expirytime = 100μs (default)
2021-11-14 01:04:26,812 [pool-540-thread-1] INFO  server.RaftServer$Division (RaftServerImpl.java:start(301)) - a5432c49-5461-405d-b7d7-37e5c225d9bf@group-58FA2C6BBA1C: start as a follower, conf=-1: [a5432c49-5461-405d-b7d7-37e5c225d9bf|rpc:10.1.0.47:33007|dataStream:|priority:0, 32069a0d-f39a-42d5-b706-96b3f478e9d8|rpc:10.1.0.47:43355|dataStream:|priority:1, 42593a4f-89d4-4363-aad7-ee84fdc40b17|rpc:10.1.0.47:38117|dataStream:|priority:0], old=null
2021-11-14 01:04:26,812 [pool-540-thread-1] INFO  server.RaftServer$Division (RaftServerImpl.java:setRole(290)) - a5432c49-5461-405d-b7d7-37e5c225d9bf@group-58FA2C6BBA1C: changes role from      null to FOLLOWER at term 0 for startAsFollower
2021-11-14 01:04:26,812 [pool-540-thread-1] INFO  impl.RoleInfo (RoleInfo.java:updateAndGet(130)) - a5432c49-5461-405d-b7d7-37e5c225d9bf: start a5432c49-5461-405d-b7d7-37e5c225d9bf@group-58FA2C6BBA1C-FollowerState
2021-11-14 01:04:26,825 [pool-540-thread-1] INFO  util.JmxRegister (JmxRegister.java:tryRegister(44)) - Successfully registered JMX Bean with object name Ratis:service=RaftServer,group=group-58FA2C6BBA1C,id=a5432c49-5461-405d-b7d7-37e5c225d9bf
2021-11-14 01:04:26,866 [Command processor thread] INFO  server.RaftServer (RaftServerProxy.java:addNew(95)) - a5432c49-5461-405d-b7d7-37e5c225d9bf: addNew group-60CC15F72D53:[a5432c49-5461-405d-b7d7-37e5c225d9bf|rpc:10.1.0.47:33007|priority:1] returns group-60CC15F72D53:java.util.concurrent.CompletableFuture@2f20fa3e[Not completed]
2021-11-14 01:04:26,867 [pool-540-thread-1] INFO  server.RaftServer$Division (RaftServerImpl.java:<init>(184)) - a5432c49-5461-405d-b7d7-37e5c225d9bf: new RaftServerImpl for group-60CC15F72D53:[a5432c49-5461-405d-b7d7-37e5c225d9bf|rpc:10.1.0.47:33007|priority:1] with ContainerStateMachine:uninitialized
2021-11-14 01:04:26,867 [pool-540-thread-1] INFO  server.RaftServerConfigKeys (ConfUtils.java:logGet(44)) - raft.server.rpc.timeout.min = 5s (custom)
2021-11-14 01:04:26,867 [pool-540-thread-1] INFO  server.RaftServerConfigKeys (ConfUtils.java:logGet(44)) - raft.server.rpc.timeout.max = 5200ms (custom)
2021-11-14 01:04:26,867 [pool-540-thread-1] INFO  server.RaftServerConfigKeys (ConfUtils.java:logGet(44)) - raft.server.rpc.sleep.time = 25ms (default)
2021-11-14 01:04:26,867 [pool-540-thread-1] INFO  server.RaftServerConfigKeys (ConfUtils.java:logGet(44)) - raft.server.rpc.slowness.timeout = 300000ms (custom)
2021-11-14 01:04:26,867 [pool-540-thread-1] INFO  server.RaftServerConfigKeys (ConfUtils.java:logGet(44)) - raft.server.leaderelection.leader.step-down.wait-time = 10s (default)
2021-11-14 01:04:26,867 [pool-540-thread-1] INFO  server.RaftServerConfigKeys (ConfUtils.java:logGet(44)) - raft.server.sleep.deviation.threshold = 300ms (default)
2021-11-14 01:04:26,867 [pool-540-thread-1] INFO  server.RaftServerConfigKeys (ConfUtils.java:logGet(44)) - raft.server.log.appender.install.snapshot.enabled = false (custom)
2021-11-14 01:04:26,867 [pool-540-thread-1] INFO  server.RaftServer$Division (ServerState.java:<init>(105)) - a5432c49-5461-405d-b7d7-37e5c225d9bf@group-60CC15F72D53: ConfigurationManager, init=-1: [a5432c49-5461-405d-b7d7-37e5c225d9bf|rpc:10.1.0.47:33007|priority:1], old=null, confs=<EMPTY_MAP>
2021-11-14 01:04:26,867 [pool-540-thread-1] INFO  server.RaftServerConfigKeys (ConfUtils.java:logGet(44)) - raft.server.storage.dir = [/home/runner/work/ozone/ozone/hadoop-ozone/integration-test/target/test-dir/MiniOzoneClusterImpl-5b6cbd2a-2976-43bc-8d1c-e3ca86cddeeb/datanode-1/data/ratis] (custom)
2021-11-14 01:04:26,868 [pool-540-thread-1] INFO  server.RaftServerConfigKeys (ConfUtils.java:logGet(44)) - raft.server.log.corruption.policy = EXCEPTION (default)
2021-11-14 01:04:26,868 [pool-540-thread-1] INFO  server.RaftServerConfigKeys (ConfUtils.java:logGet(44)) - raft.server.storage.free-space.min = 0MB (=0) (default)
2021-11-14 01:04:26,868 [pool-540-thread-1] INFO  storage.RaftStorageDirectory (RaftStorageDirectoryImpl.java:analyzeStorage(135)) - The storage directory /home/runner/work/ozone/ozone/hadoop-ozone/integration-test/target/test-dir/MiniOzoneClusterImpl-5b6cbd2a-2976-43bc-8d1c-e3ca86cddeeb/datanode-1/data/ratis/72688eae-7812-4aae-8a84-60cc15f72d53 does not exist. Creating ...
2021-11-14 01:04:26,874 [Command processor thread] INFO  commandhandler.CreatePipelineCommandHandler (CreatePipelineCommandHandler.java:handle(106)) - Created Pipeline RATIS THREE PipelineID=022119a0-66e2-4555-98aa-58fa2c6bba1c.
2021-11-14 01:04:26,874 [Command processor thread] INFO  server.RaftServer (RaftServerProxy.java:addNew(95)) - 32069a0d-f39a-42d5-b706-96b3f478e9d8: addNew group-21D2AE8B93C5:[a5432c49-5461-405d-b7d7-37e5c225d9bf|rpc:10.1.0.47:33007|priority:0, 32069a0d-f39a-42d5-b706-96b3f478e9d8|rpc:10.1.0.47:43355|priority:0, 42593a4f-89d4-4363-aad7-ee84fdc40b17|rpc:10.1.0.47:38117|priority:1] returns group-21D2AE8B93C5:java.util.concurrent.CompletableFuture@71c28394[Not completed]
2021-11-14 01:04:26,875 [pool-521-thread-1] INFO  server.RaftServer$Division (RaftServerImpl.java:<init>(184)) - 32069a0d-f39a-42d5-b706-96b3f478e9d8: new RaftServerImpl for group-21D2AE8B93C5:[a5432c49-5461-405d-b7d7-37e5c225d9bf|rpc:10.1.0.47:33007|priority:0, 32069a0d-f39a-42d5-b706-96b3f478e9d8|rpc:10.1.0.47:43355|priority:0, 42593a4f-89d4-4363-aad7-ee84fdc40b17|rpc:10.1.0.47:38117|priority:1] with ContainerStateMachine:uninitialized
2021-11-14 01:04:26,875 [pool-521-thread-1] INFO  server.RaftServerConfigKeys (ConfUtils.java:logGet(44)) - raft.server.rpc.timeout.min = 5s (custom)
2021-11-14 01:04:26,875 [pool-521-thread-1] INFO  server.RaftServerConfigKeys (ConfUtils.java:logGet(44)) - raft.server.rpc.timeout.max = 5200ms (custom)
2021-11-14 01:04:26,875 [pool-521-thread-1] INFO  server.RaftServerConfigKeys (ConfUtils.java:logGet(44)) - raft.server.rpc.sleep.time = 25ms (default)
2021-11-14 01:04:26,875 [pool-521-thread-1] INFO  server.RaftServerConfigKeys (ConfUtils.java:logGet(44)) - raft.server.rpc.slowness.timeout = 300000ms (custom)
2021-11-14 01:04:26,875 [pool-521-thread-1] INFO  server.RaftServerConfigKeys (ConfUtils.java:logGet(44)) - raft.server.leaderelection.leader.step-down.wait-time = 10s (default)
2021-11-14 01:04:26,875 [pool-521-thread-1] INFO  server.RaftServerConfigKeys (ConfUtils.java:logGet(44)) - raft.server.sleep.deviation.threshold = 300ms (default)
2021-11-14 01:04:26,875 [pool-521-thread-1] INFO  server.RaftServerConfigKeys (ConfUtils.java:logGet(44)) - raft.server.log.appender.install.snapshot.enabled = false (custom)
2021-11-14 01:04:26,875 [pool-521-thread-1] INFO  server.RaftServer$Division (ServerState.java:<init>(105)) - 32069a0d-f39a-42d5-b706-96b3f478e9d8@group-21D2AE8B93C5: ConfigurationManager, init=-1: [a5432c49-5461-405d-b7d7-37e5c225d9bf|rpc:10.1.0.47:33007|priority:0, 32069a0d-f39a-42d5-b706-96b3f478e9d8|rpc:10.1.0.47:43355|priority:0, 42593a4f-89d4-4363-aad7-ee84fdc40b17|rpc:10.1.0.47:38117|priority:1], old=null, confs=<EMPTY_MAP>
2021-11-14 01:04:26,875 [pool-521-thread-1] INFO  server.RaftServerConfigKeys (ConfUtils.java:logGet(44)) - raft.server.storage.dir = [/home/runner/work/ozone/ozone/hadoop-ozone/integration-test/target/test-dir/MiniOzoneClusterImpl-5b6cbd2a-2976-43bc-8d1c-e3ca86cddeeb/datanode-0/data/ratis] (custom)
2021-11-14 01:04:26,876 [pool-521-thread-1] INFO  server.RaftServerConfigKeys (ConfUtils.java:logGet(44)) - raft.server.log.corruption.policy = EXCEPTION (default)
2021-11-14 01:04:26,876 [pool-521-thread-1] INFO  server.RaftServerConfigKeys (ConfUtils.java:logGet(44)) - raft.server.storage.free-space.min = 0MB (=0) (default)
2021-11-14 01:04:26,876 [pool-521-thread-1] INFO  storage.RaftStorageDirectory (RaftStorageDirectoryImpl.java:analyzeStorage(135)) - The storage directory /home/runner/work/ozone/ozone/hadoop-ozone/integration-test/target/test-dir/MiniOzoneClusterImpl-5b6cbd2a-2976-43bc-8d1c-e3ca86cddeeb/datanode-0/data/ratis/10d69cc4-77f6-403d-bda5-21d2ae8b93c5 does not exist. Creating ...
2021-11-14 01:04:26,876 [pool-540-thread-1] INFO  storage.RaftStorageDirectory (RaftStorageDirectoryImpl.java:tryLock(230)) - Lock on /home/runner/work/ozone/ozone/hadoop-ozone/integration-test/target/test-dir/MiniOzoneClusterImpl-5b6cbd2a-2976-43bc-8d1c-e3ca86cddeeb/datanode-1/data/ratis/72688eae-7812-4aae-8a84-60cc15f72d53/in_use.lock acquired by nodename 9791@fv-az395-453
2021-11-14 01:04:26,878 [pool-521-thread-1] INFO  storage.RaftStorageDirectory (RaftStorageDirectoryImpl.java:tryLock(230)) - Lock on /home/runner/work/ozone/ozone/hadoop-ozone/integration-test/target/test-dir/MiniOzoneClusterImpl-5b6cbd2a-2976-43bc-8d1c-e3ca86cddeeb/datanode-0/data/ratis/10d69cc4-77f6-403d-bda5-21d2ae8b93c5/in_use.lock acquired by nodename 9791@fv-az395-453
2021-11-14 01:04:26,880 [pool-540-thread-1] INFO  storage.RaftStorage (RaftStorageImpl.java:format(89)) - Storage directory /home/runner/work/ozone/ozone/hadoop-ozone/integration-test/target/test-dir/MiniOzoneClusterImpl-5b6cbd2a-2976-43bc-8d1c-e3ca86cddeeb/datanode-1/data/ratis/72688eae-7812-4aae-8a84-60cc15f72d53 has been successfully formatted.
2021-11-14 01:04:26,881 [pool-540-thread-1] INFO  ratis.ContainerStateMachine (ContainerStateMachine.java:loadSnapshot(224)) - group-60CC15F72D53: The snapshot info is null. Setting the last applied indexto:(t:0, i:~)
2021-11-14 01:04:26,881 [pool-540-thread-1] INFO  server.RaftServerConfigKeys (ConfUtils.java:logGet(44)) - raft.server.notification.no-leader.timeout = 300000ms (custom)
2021-11-14 01:04:26,881 [EventQueue-PipelineReportForPipelineReportHandler] INFO  pipeline.PipelineManagerImpl (PipelineManagerImpl.java:openPipeline(289)) - Pipeline Pipeline[ Id: 72688eae-7812-4aae-8a84-60cc15f72d53, Nodes: a5432c49-5461-405d-b7d7-37e5c225d9bf{ip: 10.1.0.47, host: fv-az395-453.zfmzfyrfkyou3ow0tsr0jxwq1e.bx.internal.cloudapp.net, ports: [REPLICATION=42911, RATIS=33007, RATIS_ADMIN=33007, RATIS_SERVER=33007, STANDALONE=34183], networkLocation: /default-rack, certSerialId: null, persistedOpState: IN_SERVICE, persistedOpStateExpiryEpochSec: 0}, ReplicationConfig: RATIS/ONE, State:ALLOCATED, leaderId:a5432c49-5461-405d-b7d7-37e5c225d9bf, CreationTimestamp2021-11-14T01:04:23.873Z[Etc/UTC]] moved to OPEN state
2021-11-14 01:04:26,882 [pool-521-thread-1] INFO  storage.RaftStorage (RaftStorageImpl.java:format(89)) - Storage directory /home/runner/work/ozone/ozone/hadoop-ozone/integration-test/target/test-dir/MiniOzoneClusterImpl-5b6cbd2a-2976-43bc-8d1c-e3ca86cddeeb/datanode-0/data/ratis/10d69cc4-77f6-403d-bda5-21d2ae8b93c5 has been successfully formatted.
2021-11-14 01:04:26,882 [EventQueue-OpenPipelineForHealthyPipelineSafeModeRule] INFO  safemode.SCMSafeModeManager (HealthyPipelineSafeModeRule.java:process(124)) - SCM in safe mode. Healthy pipelines reported count is 0, required healthy pipeline reported count is 1
2021-11-14 01:04:26,882 [pool-540-thread-1] INFO  server.RaftServerConfigKeys (ConfUtils.java:logGet(44)) - raft.server.log.use.memory = false (default)
2021-11-14 01:04:26,882 [pool-540-thread-1] INFO  server.RaftServerConfigKeys (ConfUtils.java:logGet(44)) - raft.server.log.purge.gap = 1000000 (custom)
2021-11-14 01:04:26,883 [pool-540-thread-1] INFO  server.RaftServerConfigKeys (ConfUtils.java:logGet(44)) - raft.server.log.appender.buffer.byte-limit = 33554432 (custom)
2021-11-14 01:04:26,882 [pool-521-thread-1] INFO  ratis.ContainerStateMachine (ContainerStateMachine.java:loadSnapshot(224)) - group-21D2AE8B93C5: The snapshot info is null. Setting the last applied indexto:(t:0, i:~)
2021-11-14 01:04:26,883 [EventQueue-OpenPipelineForHealthyPipelineSafeModeRule] INFO  safemode.SCMSafeModeManager (HealthyPipelineSafeModeRule.java:process(124)) - SCM in safe mode. Healthy pipelines reported count is 0, required healthy pipeline reported count is 1
2021-11-14 01:04:26,883 [pool-521-thread-1] INFO  server.RaftServerConfigKeys (ConfUtils.java:logGet(44)) - raft.server.notification.no-leader.timeout = 300000ms (custom)
2021-11-14 01:04:26,884 [pool-521-thread-1] INFO  server.RaftServerConfigKeys (ConfUtils.java:logGet(44)) - raft.server.log.use.memory = false (default)
2021-11-14 01:04:26,884 [pool-540-thread-1] INFO  server.RaftServerConfigKeys (ConfUtils.java:logGet(44)) - raft.server.log.segment.size.max = 1048576 (custom)
2021-11-14 01:04:26,884 [pool-540-thread-1] INFO  server.RaftServerConfigKeys (ConfUtils.java:logGet(44)) - raft.server.log.segment.cache.num.max = 2 (custom)
2021-11-14 01:04:26,884 [pool-540-thread-1] INFO  server.RaftServerConfigKeys (ConfUtils.java:logGet(44)) - raft.server.log.segment.cache.size.max = 200MB (=209715200) (default)
2021-11-14 01:04:26,884 [pool-540-thread-1] INFO  segmented.SegmentedRaftLogWorker (SegmentedRaftLogWorker.java:<init>(182)) - new a5432c49-5461-405d-b7d7-37e5c225d9bf@group-60CC15F72D53-SegmentedRaftLogWorker for RaftStorageImpl:Storage Directory /home/runner/work/ozone/ozone/hadoop-ozone/integration-test/target/test-dir/MiniOzoneClusterImpl-5b6cbd2a-2976-43bc-8d1c-e3ca86cddeeb/datanode-1/data/ratis/72688eae-7812-4aae-8a84-60cc15f72d53
2021-11-14 01:04:26,884 [pool-540-thread-1] INFO  server.RaftServerConfigKeys (ConfUtils.java:logGet(44)) - raft.server.log.queue.byte-limit = 2147483647 (custom)
2021-11-14 01:04:26,885 [pool-540-thread-1] INFO  server.RaftServerConfigKeys (ConfUtils.java:logGet(44)) - raft.server.log.queue.element-limit = 1024 (custom)
2021-11-14 01:04:26,884 [pool-521-thread-1] INFO  server.RaftServerConfigKeys (ConfUtils.java:logGet(44)) - raft.server.log.purge.gap = 1000000 (custom)
2021-11-14 01:04:26,903 [pool-521-thread-1] INFO  server.RaftServerConfigKeys (ConfUtils.java:logGet(44)) - raft.server.log.appender.buffer.byte-limit = 33554432 (custom)
2021-11-14 01:04:26,904 [pool-521-thread-1] INFO  server.RaftServerConfigKeys (ConfUtils.java:logGet(44)) - raft.server.log.segment.size.max = 1048576 (custom)
2021-11-14 01:04:26,905 [pool-521-thread-1] INFO  server.RaftServerConfigKeys (ConfUtils.java:logGet(44)) - raft.server.log.segment.cache.num.max = 2 (custom)
2021-11-14 01:04:26,905 [pool-521-thread-1] INFO  server.RaftServerConfigKeys (ConfUtils.java:logGet(44)) - raft.server.log.segment.cache.size.max = 200MB (=209715200) (default)
2021-11-14 01:04:26,905 [pool-521-thread-1] INFO  segmented.SegmentedRaftLogWorker (SegmentedRaftLogWorker.java:<init>(182)) - new 32069a0d-f39a-42d5-b706-96b3f478e9d8@group-21D2AE8B93C5-SegmentedRaftLogWorker for RaftStorageImpl:Storage Directory /home/runner/work/ozone/ozone/hadoop-ozone/integration-test/target/test-dir/MiniOzoneClusterImpl-5b6cbd2a-2976-43bc-8d1c-e3ca86cddeeb/datanode-0/data/ratis/10d69cc4-77f6-403d-bda5-21d2ae8b93c5
2021-11-14 01:04:26,905 [pool-521-thread-1] INFO  server.RaftServerConfigKeys (ConfUtils.java:logGet(44)) - raft.server.log.queue.byte-limit = 2147483647 (custom)
2021-11-14 01:04:26,905 [pool-521-thread-1] INFO  server.RaftServerConfigKeys (ConfUtils.java:logGet(44)) - raft.server.log.queue.element-limit = 1024 (custom)
2021-11-14 01:04:26,905 [pool-521-thread-1] INFO  server.RaftServerConfigKeys (ConfUtils.java:logGet(44)) - raft.server.log.segment.size.max = 1048576 (custom)
2021-11-14 01:04:26,905 [pool-521-thread-1] INFO  server.RaftServerConfigKeys (ConfUtils.java:logGet(44)) - raft.server.log.preallocated.size = 16384 (custom)
2021-11-14 01:04:26,906 [pool-521-thread-1] INFO  server.RaftServerConfigKeys (ConfUtils.java:logGet(44)) - raft.server.log.force.sync.num = 128 (default)
2021-11-14 01:04:26,906 [pool-521-thread-1] INFO  server.RaftServerConfigKeys (ConfUtils.java:logGet(44)) - raft.server.log.statemachine.data.sync = true (default)
2021-11-14 01:04:26,906 [pool-521-thread-1] INFO  server.RaftServerConfigKeys (ConfUtils.java:logGet(44)) - raft.server.log.statemachine.data.sync.timeout = 10s (default)
2021-11-14 01:04:26,906 [pool-521-thread-1] INFO  server.RaftServerConfigKeys (ConfUtils.java:logGet(44)) - raft.server.log.statemachine.data.sync.timeout.retry = -1 (default)
2021-11-14 01:04:26,908 [pool-521-thread-1] INFO  server.RaftServerConfigKeys (ConfUtils.java:logGet(44)) - raft.server.log.write.buffer.size = 1048576 (custom)
2021-11-14 01:04:26,909 [pool-540-thread-1] INFO  server.RaftServerConfigKeys (ConfUtils.java:logGet(44)) - raft.server.log.segment.size.max = 1048576 (custom)
2021-11-14 01:04:26,909 [pool-540-thread-1] INFO  server.RaftServerConfigKeys (ConfUtils.java:logGet(44)) - raft.server.log.preallocated.size = 16384 (custom)
2021-11-14 01:04:26,909 [pool-540-thread-1] INFO  server.RaftServerConfigKeys (ConfUtils.java:logGet(44)) - raft.server.log.force.sync.num = 128 (default)
2021-11-14 01:04:26,909 [pool-540-thread-1] INFO  server.RaftServerConfigKeys (ConfUtils.java:logGet(44)) - raft.server.log.statemachine.data.sync = true (default)
2021-11-14 01:04:26,915 [pool-521-thread-1] INFO  server.RaftServerConfigKeys (ConfUtils.java:logGet(44)) - raft.server.log.statemachine.data.caching.enabled = true (custom)
2021-11-14 01:04:26,916 [pool-521-thread-1] INFO  segmented.SegmentedRaftLogWorker (SegmentedRaftLogWorker.java:lambda$new$0(133)) - 32069a0d-f39a-42d5-b706-96b3f478e9d8@group-21D2AE8B93C5-SegmentedRaftLogWorker: flushIndex: setUnconditionally 0 -> -1
2021-11-14 01:04:26,916 [pool-521-thread-1] INFO  segmented.SegmentedRaftLogWorker (SegmentedRaftLogWorker.java:lambda$new$0(133)) - 32069a0d-f39a-42d5-b706-96b3f478e9d8@group-21D2AE8B93C5-SegmentedRaftLogWorker: safeCacheEvictIndex: setUnconditionally 0 -> -1
2021-11-14 01:04:26,916 [pool-540-thread-1] INFO  server.RaftServerConfigKeys (ConfUtils.java:logGet(44)) - raft.server.log.statemachine.data.sync.timeout = 10s (default)
2021-11-14 01:04:26,916 [pool-540-thread-1] INFO  server.RaftServerConfigKeys (ConfUtils.java:logGet(44)) - raft.server.log.statemachine.data.sync.timeout.retry = -1 (default)
2021-11-14 01:04:26,929 [pool-521-thread-1] INFO  server.RaftServerConfigKeys (ConfUtils.java:logGet(44)) - raft.server.snapshot.auto.trigger.enabled = true (custom)
2021-11-14 01:04:26,929 [pool-521-thread-1] INFO  server.RaftServerConfigKeys (ConfUtils.java:logGet(44)) - raft.server.snapshot.auto.trigger.threshold = 10000 (custom)
2021-11-14 01:04:26,929 [pool-521-thread-1] INFO  server.RaftServerConfigKeys (ConfUtils.java:logGet(44)) - raft.server.snapshot.retention.file.num = 5 (custom)
2021-11-14 01:04:26,929 [pool-521-thread-1] INFO  server.RaftServerConfigKeys (ConfUtils.java:logGet(44)) - raft.server.log.purge.upto.snapshot.index = false (default)
2021-11-14 01:04:26,929 [pool-521-thread-1] INFO  server.RaftServerConfigKeys (ConfUtils.java:logGet(44)) - raft.server.retrycache.expirytime = 600000ms (custom)
2021-11-14 01:04:26,929 [pool-521-thread-1] INFO  server.RaftServerConfigKeys (ConfUtils.java:logGet(44)) - raft.server.retrycache.statistics.expirytime = 100μs (default)
2021-11-14 01:04:26,931 [pool-521-thread-1] INFO  server.RaftServer$Division (RaftServerImpl.java:start(301)) - 32069a0d-f39a-42d5-b706-96b3f478e9d8@group-21D2AE8B93C5: start as a follower, conf=-1: [a5432c49-5461-405d-b7d7-37e5c225d9bf|rpc:10.1.0.47:33007|priority:0, 32069a0d-f39a-42d5-b706-96b3f478e9d8|rpc:10.1.0.47:43355|priority:0, 42593a4f-89d4-4363-aad7-ee84fdc40b17|rpc:10.1.0.47:38117|priority:1], old=null
2021-11-14 01:04:26,931 [pool-521-thread-1] INFO  server.RaftServer$Division (RaftServerImpl.java:setRole(290)) - 32069a0d-f39a-42d5-b706-96b3f478e9d8@group-21D2AE8B93C5: changes role from      null to FOLLOWER at term 0 for startAsFollower
2021-11-14 01:04:26,931 [pool-521-thread-1] INFO  impl.RoleInfo (RoleInfo.java:updateAndGet(130)) - 32069a0d-f39a-42d5-b706-96b3f478e9d8: start 32069a0d-f39a-42d5-b706-96b3f478e9d8@group-21D2AE8B93C5-FollowerState
2021-11-14 01:04:26,939 [pool-540-thread-1] INFO  server.RaftServerConfigKeys (ConfUtils.java:logGet(44)) - raft.server.log.write.buffer.size = 1048576 (custom)
2021-11-14 01:04:26,958 [pool-540-thread-1] INFO  server.RaftServerConfigKeys (ConfUtils.java:logGet(44)) - raft.server.log.statemachine.data.caching.enabled = true (custom)
2021-11-14 01:04:26,958 [pool-540-thread-1] INFO  segmented.SegmentedRaftLogWorker (SegmentedRaftLogWorker.java:lambda$new$0(133)) - a5432c49-5461-405d-b7d7-37e5c225d9bf@group-60CC15F72D53-SegmentedRaftLogWorker: flushIndex: setUnconditionally 0 -> -1
2021-11-14 01:04:26,961 [pool-540-thread-1] INFO  segmented.SegmentedRaftLogWorker (SegmentedRaftLogWorker.java:lambda$new$0(133)) - a5432c49-5461-405d-b7d7-37e5c225d9bf@group-60CC15F72D53-SegmentedRaftLogWorker: safeCacheEvictIndex: setUnconditionally 0 -> -1
2021-11-14 01:04:26,961 [pool-521-thread-1] INFO  util.JmxRegister (JmxRegister.java:tryRegister(44)) - Successfully registered JMX Bean with object name Ratis:service=RaftServer,group=group-21D2AE8B93C5,id=32069a0d-f39a-42d5-b706-96b3f478e9d8
2021-11-14 01:04:26,963 [pool-540-thread-1] INFO  server.RaftServerConfigKeys (ConfUtils.java:logGet(44)) - raft.server.snapshot.auto.trigger.enabled = true (custom)
2021-11-14 01:04:26,963 [pool-540-thread-1] INFO  server.RaftServerConfigKeys (ConfUtils.java:logGet(44)) - raft.server.snapshot.auto.trigger.threshold = 10000 (custom)
2021-11-14 01:04:26,963 [pool-540-thread-1] INFO  server.RaftServerConfigKeys (ConfUtils.java:logGet(44)) - raft.server.snapshot.retention.file.num = 5 (custom)
2021-11-14 01:04:26,963 [pool-540-thread-1] INFO  server.RaftServerConfigKeys (ConfUtils.java:logGet(44)) - raft.server.log.purge.upto.snapshot.index = false (default)
2021-11-14 01:04:26,964 [pool-540-thread-1] INFO  server.RaftServerConfigKeys (ConfUtils.java:logGet(44)) - raft.server.retrycache.expirytime = 600000ms (custom)
2021-11-14 01:04:26,964 [pool-540-thread-1] INFO  server.RaftServerConfigKeys (ConfUtils.java:logGet(44)) - raft.server.retrycache.statistics.expirytime = 100μs (default)
2021-11-14 01:04:26,965 [pool-540-thread-1] INFO  server.RaftServer$Division (RaftServerImpl.java:start(301)) - a5432c49-5461-405d-b7d7-37e5c225d9bf@group-60CC15F72D53: start as a follower, conf=-1: [a5432c49-5461-405d-b7d7-37e5c225d9bf|rpc:10.1.0.47:33007|priority:1], old=null
2021-11-14 01:04:26,968 [pool-540-thread-1] INFO  server.RaftServer$Division (RaftServerImpl.java:setRole(290)) - a5432c49-5461-405d-b7d7-37e5c225d9bf@group-60CC15F72D53: changes role from      null to FOLLOWER at term 0 for startAsFollower
2021-11-14 01:04:26,968 [pool-540-thread-1] INFO  impl.RoleInfo (RoleInfo.java:updateAndGet(130)) - a5432c49-5461-405d-b7d7-37e5c225d9bf: start a5432c49-5461-405d-b7d7-37e5c225d9bf@group-60CC15F72D53-FollowerState
2021-11-14 01:04:26,968 [Command processor thread] INFO  ratis.XceiverServerRatis (XceiverServerRatis.java:addGroup(768)) - Created group PipelineID=10d69cc4-77f6-403d-bda5-21d2ae8b93c5
2021-11-14 01:04:26,970 [pool-540-thread-1] INFO  util.JmxRegister (JmxRegister.java:tryRegister(44)) - Successfully registered JMX Bean with object name Ratis:service=RaftServer,group=group-60CC15F72D53,id=a5432c49-5461-405d-b7d7-37e5c225d9bf
2021-11-14 01:04:26,995 [Command processor thread] INFO  ratis.XceiverServerRatis (XceiverServerRatis.java:addGroup(768)) - Created group PipelineID=72688eae-7812-4aae-8a84-60cc15f72d53
2021-11-14 01:04:26,995 [Command processor thread] INFO  commandhandler.CreatePipelineCommandHandler (CreatePipelineCommandHandler.java:handle(106)) - Created Pipeline RATIS ONE PipelineID=72688eae-7812-4aae-8a84-60cc15f72d53.
2021-11-14 01:04:26,995 [Command processor thread] INFO  server.RaftServer (RaftServerProxy.java:addNew(95)) - a5432c49-5461-405d-b7d7-37e5c225d9bf: addNew group-21D2AE8B93C5:[a5432c49-5461-405d-b7d7-37e5c225d9bf|rpc:10.1.0.47:33007|priority:0, 32069a0d-f39a-42d5-b706-96b3f478e9d8|rpc:10.1.0.47:43355|priority:0, 42593a4f-89d4-4363-aad7-ee84fdc40b17|rpc:10.1.0.47:38117|priority:1] returns group-21D2AE8B93C5:java.util.concurrent.CompletableFuture@21e711aa[Not completed]
2021-11-14 01:04:26,996 [pool-540-thread-1] INFO  server.RaftServer$Division (RaftServerImpl.java:<init>(184)) - a5432c49-5461-405d-b7d7-37e5c225d9bf: new RaftServerImpl for group-21D2AE8B93C5:[a5432c49-5461-405d-b7d7-37e5c225d9bf|rpc:10.1.0.47:33007|priority:0, 32069a0d-f39a-42d5-b706-96b3f478e9d8|rpc:10.1.0.47:43355|priority:0, 42593a4f-89d4-4363-aad7-ee84fdc40b17|rpc:10.1.0.47:38117|priority:1] with ContainerStateMachine:uninitialized
2021-11-14 01:04:26,996 [pool-540-thread-1] INFO  server.RaftServerConfigKeys (ConfUtils.java:logGet(44)) - raft.server.rpc.timeout.min = 5s (custom)
2021-11-14 01:04:26,996 [pool-540-thread-1] INFO  server.RaftServerConfigKeys (ConfUtils.java:logGet(44)) - raft.server.rpc.timeout.max = 5200ms (custom)
2021-11-14 01:04:26,996 [pool-540-thread-1] INFO  server.RaftServerConfigKeys (ConfUtils.java:logGet(44)) - raft.server.rpc.sleep.time = 25ms (default)
2021-11-14 01:04:26,996 [pool-540-thread-1] INFO  server.RaftServerConfigKeys (ConfUtils.java:logGet(44)) - raft.server.rpc.slowness.timeout = 300000ms (custom)
2021-11-14 01:04:26,996 [pool-540-thread-1] INFO  server.RaftServerConfigKeys (ConfUtils.java:logGet(44)) - raft.server.leaderelection.leader.step-down.wait-time = 10s (default)
2021-11-14 01:04:26,996 [pool-540-thread-1] INFO  server.RaftServerConfigKeys (ConfUtils.java:logGet(44)) - raft.server.sleep.deviation.threshold = 300ms (default)
2021-11-14 01:04:26,996 [pool-540-thread-1] INFO  server.RaftServerConfigKeys (ConfUtils.java:logGet(44)) - raft.server.log.appender.install.snapshot.enabled = false (custom)
2021-11-14 01:04:26,996 [pool-540-thread-1] INFO  server.RaftServer$Division (ServerState.java:<init>(105)) - a5432c49-5461-405d-b7d7-37e5c225d9bf@group-21D2AE8B93C5: ConfigurationManager, init=-1: [a5432c49-5461-405d-b7d7-37e5c225d9bf|rpc:10.1.0.47:33007|priority:0, 32069a0d-f39a-42d5-b706-96b3f478e9d8|rpc:10.1.0.47:43355|priority:0, 42593a4f-89d4-4363-aad7-ee84fdc40b17|rpc:10.1.0.47:38117|priority:1], old=null, confs=<EMPTY_MAP>
2021-11-14 01:04:26,997 [pool-540-thread-1] INFO  server.RaftServerConfigKeys (ConfUtils.java:logGet(44)) - raft.server.storage.dir = [/home/runner/work/ozone/ozone/hadoop-ozone/integration-test/target/test-dir/MiniOzoneClusterImpl-5b6cbd2a-2976-43bc-8d1c-e3ca86cddeeb/datanode-1/data/ratis] (custom)
2021-11-14 01:04:26,997 [pool-540-thread-1] INFO  server.RaftServerConfigKeys (ConfUtils.java:logGet(44)) - raft.server.log.corruption.policy = EXCEPTION (default)
2021-11-14 01:04:26,997 [pool-540-thread-1] INFO  server.RaftServerConfigKeys (ConfUtils.java:logGet(44)) - raft.server.storage.free-space.min = 0MB (=0) (default)
2021-11-14 01:04:26,999 [pool-540-thread-1] INFO  storage.RaftStorageDirectory (RaftStorageDirectoryImpl.java:analyzeStorage(135)) - The storage directory /home/runner/work/ozone/ozone/hadoop-ozone/integration-test/target/test-dir/MiniOzoneClusterImpl-5b6cbd2a-2976-43bc-8d1c-e3ca86cddeeb/datanode-1/data/ratis/10d69cc4-77f6-403d-bda5-21d2ae8b93c5 does not exist. Creating ...
2021-11-14 01:04:27,001 [pool-540-thread-1] INFO  storage.RaftStorageDirectory (RaftStorageDirectoryImpl.java:tryLock(230)) - Lock on /home/runner/work/ozone/ozone/hadoop-ozone/integration-test/target/test-dir/MiniOzoneClusterImpl-5b6cbd2a-2976-43bc-8d1c-e3ca86cddeeb/datanode-1/data/ratis/10d69cc4-77f6-403d-bda5-21d2ae8b93c5/in_use.lock acquired by nodename 9791@fv-az395-453
2021-11-14 01:04:27,001 [grpc-default-executor-1] INFO  server.RaftServer (RaftServerProxy.java:addNew(95)) - 42593a4f-89d4-4363-aad7-ee84fdc40b17: addNew group-21D2AE8B93C5:[a5432c49-5461-405d-b7d7-37e5c225d9bf|rpc:10.1.0.47:33007|dataStream:|priority:0, 32069a0d-f39a-42d5-b706-96b3f478e9d8|rpc:10.1.0.47:43355|dataStream:|priority:0, 42593a4f-89d4-4363-aad7-ee84fdc40b17|rpc:10.1.0.47:38117|dataStream:|priority:1] returns group-21D2AE8B93C5:java.util.concurrent.CompletableFuture@6d8e5177[Not completed]
2021-11-14 01:04:27,002 [pool-559-thread-1] INFO  server.RaftServer$Division (RaftServerImpl.java:<init>(184)) - 42593a4f-89d4-4363-aad7-ee84fdc40b17: new RaftServerImpl for group-21D2AE8B93C5:[a5432c49-5461-405d-b7d7-37e5c225d9bf|rpc:10.1.0.47:33007|dataStream:|priority:0, 32069a0d-f39a-42d5-b706-96b3f478e9d8|rpc:10.1.0.47:43355|dataStream:|priority:0, 42593a4f-89d4-4363-aad7-ee84fdc40b17|rpc:10.1.0.47:38117|dataStream:|priority:1] with ContainerStateMachine:uninitialized
2021-11-14 01:04:27,002 [pool-559-thread-1] INFO  server.RaftServerConfigKeys (ConfUtils.java:logGet(44)) - raft.server.rpc.timeout.min = 5s (custom)
2021-11-14 01:04:27,002 [pool-559-thread-1] INFO  server.RaftServerConfigKeys (ConfUtils.java:logGet(44)) - raft.server.rpc.timeout.max = 5200ms (custom)
2021-11-14 01:04:27,002 [pool-559-thread-1] INFO  server.RaftServerConfigKeys (ConfUtils.java:logGet(44)) - raft.server.rpc.sleep.time = 25ms (default)
2021-11-14 01:04:27,002 [pool-559-thread-1] INFO  server.RaftServerConfigKeys (ConfUtils.java:logGet(44)) - raft.server.rpc.slowness.timeout = 300000ms (custom)
2021-11-14 01:04:27,002 [pool-559-thread-1] INFO  server.RaftServerConfigKeys (ConfUtils.java:logGet(44)) - raft.server.leaderelection.leader.step-down.wait-time = 10s (default)
2021-11-14 01:04:27,002 [pool-559-thread-1] INFO  server.RaftServerConfigKeys (ConfUtils.java:logGet(44)) - raft.server.sleep.deviation.threshold = 300ms (default)
2021-11-14 01:04:27,002 [pool-559-thread-1] INFO  server.RaftServerConfigKeys (ConfUtils.java:logGet(44)) - raft.server.log.appender.install.snapshot.enabled = false (custom)
2021-11-14 01:04:27,002 [pool-559-thread-1] INFO  server.RaftServer$Division (ServerState.java:<init>(105)) - 42593a4f-89d4-4363-aad7-ee84fdc40b17@group-21D2AE8B93C5: ConfigurationManager, init=-1: [a5432c49-5461-405d-b7d7-37e5c225d9bf|rpc:10.1.0.47:33007|dataStream:|priority:0, 32069a0d-f39a-42d5-b706-96b3f478e9d8|rpc:10.1.0.47:43355|dataStream:|priority:0, 42593a4f-89d4-4363-aad7-ee84fdc40b17|rpc:10.1.0.47:38117|dataStream:|priority:1], old=null, confs=<EMPTY_MAP>
2021-11-14 01:04:27,002 [pool-559-thread-1] INFO  server.RaftServerConfigKeys (ConfUtils.java:logGet(44)) - raft.server.storage.dir = [/home/runner/work/ozone/ozone/hadoop-ozone/integration-test/target/test-dir/MiniOzoneClusterImpl-5b6cbd2a-2976-43bc-8d1c-e3ca86cddeeb/datanode-2/data/ratis] (custom)
2021-11-14 01:04:27,002 [pool-559-thread-1] INFO  server.RaftServerConfigKeys (ConfUtils.java:logGet(44)) - raft.server.log.corruption.policy = EXCEPTION (default)
2021-11-14 01:04:27,003 [pool-559-thread-1] INFO  server.RaftServerConfigKeys (ConfUtils.java:logGet(44)) - raft.server.storage.free-space.min = 0MB (=0) (default)
2021-11-14 01:04:27,003 [pool-559-thread-1] INFO  storage.RaftStorageDirectory (RaftStorageDirectoryImpl.java:analyzeStorage(135)) - The storage directory /home/runner/work/ozone/ozone/hadoop-ozone/integration-test/target/test-dir/MiniOzoneClusterImpl-5b6cbd2a-2976-43bc-8d1c-e3ca86cddeeb/datanode-2/data/ratis/10d69cc4-77f6-403d-bda5-21d2ae8b93c5 does not exist. Creating ...
2021-11-14 01:04:27,008 [pool-559-thread-1] INFO  storage.RaftStorageDirectory (RaftStorageDirectoryImpl.java:tryLock(230)) - Lock on /home/runner/work/ozone/ozone/hadoop-ozone/integration-test/target/test-dir/MiniOzoneClusterImpl-5b6cbd2a-2976-43bc-8d1c-e3ca86cddeeb/datanode-2/data/ratis/10d69cc4-77f6-403d-bda5-21d2ae8b93c5/in_use.lock acquired by nodename 9791@fv-az395-453
2021-11-14 01:04:27,010 [pool-559-thread-1] INFO  storage.RaftStorage (RaftStorageImpl.java:format(89)) - Storage directory /home/runner/work/ozone/ozone/hadoop-ozone/integration-test/target/test-dir/MiniOzoneClusterImpl-5b6cbd2a-2976-43bc-8d1c-e3ca86cddeeb/datanode-2/data/ratis/10d69cc4-77f6-403d-bda5-21d2ae8b93c5 has been successfully formatted.
2021-11-14 01:04:27,011 [pool-559-thread-1] INFO  ratis.ContainerStateMachine (ContainerStateMachine.java:loadSnapshot(224)) - group-21D2AE8B93C5: The snapshot info is null. Setting the last applied indexto:(t:0, i:~)
2021-11-14 01:04:27,011 [pool-559-thread-1] INFO  server.RaftServerConfigKeys (ConfUtils.java:logGet(44)) - raft.server.notification.no-leader.timeout = 300000ms (custom)
2021-11-14 01:04:27,011 [pool-559-thread-1] INFO  server.RaftServerConfigKeys (ConfUtils.java:logGet(44)) - raft.server.log.use.memory = false (default)
2021-11-14 01:04:27,011 [pool-559-thread-1] INFO  server.RaftServerConfigKeys (ConfUtils.java:logGet(44)) - raft.server.log.purge.gap = 1000000 (custom)
2021-11-14 01:04:27,011 [pool-559-thread-1] INFO  server.RaftServerConfigKeys (ConfUtils.java:logGet(44)) - raft.server.log.appender.buffer.byte-limit = 33554432 (custom)
2021-11-14 01:04:27,011 [pool-559-thread-1] INFO  server.RaftServerConfigKeys (ConfUtils.java:logGet(44)) - raft.server.log.segment.size.max = 1048576 (custom)
2021-11-14 01:04:27,012 [pool-559-thread-1] INFO  server.RaftServerConfigKeys (ConfUtils.java:logGet(44)) - raft.server.log.segment.cache.num.max = 2 (custom)
2021-11-14 01:04:27,012 [pool-559-thread-1] INFO  server.RaftServerConfigKeys (ConfUtils.java:logGet(44)) - raft.server.log.segment.cache.size.max = 200MB (=209715200) (default)
2021-11-14 01:04:27,012 [pool-559-thread-1] INFO  segmented.SegmentedRaftLogWorker (SegmentedRaftLogWorker.java:<init>(182)) - new 42593a4f-89d4-4363-aad7-ee84fdc40b17@group-21D2AE8B93C5-SegmentedRaftLogWorker for RaftStorageImpl:Storage Directory /home/runner/work/ozone/ozone/hadoop-ozone/integration-test/target/test-dir/MiniOzoneClusterImpl-5b6cbd2a-2976-43bc-8d1c-e3ca86cddeeb/datanode-2/data/ratis/10d69cc4-77f6-403d-bda5-21d2ae8b93c5
2021-11-14 01:04:27,012 [pool-559-thread-1] INFO  server.RaftServerConfigKeys (ConfUtils.java:logGet(44)) - raft.server.log.queue.byte-limit = 2147483647 (custom)
2021-11-14 01:04:27,012 [pool-559-thread-1] INFO  server.RaftServerConfigKeys (ConfUtils.java:logGet(44)) - raft.server.log.queue.element-limit = 1024 (custom)
2021-11-14 01:04:27,012 [pool-559-thread-1] INFO  server.RaftServerConfigKeys (ConfUtils.java:logGet(44)) - raft.server.log.segment.size.max = 1048576 (custom)
2021-11-14 01:04:27,012 [pool-559-thread-1] INFO  server.RaftServerConfigKeys (ConfUtils.java:logGet(44)) - raft.server.log.preallocated.size = 16384 (custom)
2021-11-14 01:04:27,012 [pool-559-thread-1] INFO  server.RaftServerConfigKeys (ConfUtils.java:logGet(44)) - raft.server.log.force.sync.num = 128 (default)
2021-11-14 01:04:27,012 [pool-559-thread-1] INFO  server.RaftServerConfigKeys (ConfUtils.java:logGet(44)) - raft.server.log.statemachine.data.sync = true (default)
2021-11-14 01:04:27,012 [pool-559-thread-1] INFO  server.RaftServerConfigKeys (ConfUtils.java:logGet(44)) - raft.server.log.statemachine.data.sync.timeout = 10s (default)
2021-11-14 01:04:27,012 [pool-559-thread-1] INFO  server.RaftServerConfigKeys (ConfUtils.java:logGet(44)) - raft.server.log.statemachine.data.sync.timeout.retry = -1 (default)
2021-11-14 01:04:27,014 [pool-559-thread-1] INFO  server.RaftServerConfigKeys (ConfUtils.java:logGet(44)) - raft.server.log.write.buffer.size = 1048576 (custom)
2021-11-14 01:04:27,015 [pool-559-thread-1] INFO  server.RaftServerConfigKeys (ConfUtils.java:logGet(44)) - raft.server.log.statemachine.data.caching.enabled = true (custom)
2021-11-14 01:04:27,015 [pool-559-thread-1] INFO  segmented.SegmentedRaftLogWorker (SegmentedRaftLogWorker.java:lambda$new$0(133)) - 42593a4f-89d4-4363-aad7-ee84fdc40b17@group-21D2AE8B93C5-SegmentedRaftLogWorker: flushIndex: setUnconditionally 0 -> -1
2021-11-14 01:04:27,015 [pool-559-thread-1] INFO  segmented.SegmentedRaftLogWorker (SegmentedRaftLogWorker.java:lambda$new$0(133)) - 42593a4f-89d4-4363-aad7-ee84fdc40b17@group-21D2AE8B93C5-SegmentedRaftLogWorker: safeCacheEvictIndex: setUnconditionally 0 -> -1
2021-11-14 01:04:27,026 [pool-540-thread-1] INFO  storage.RaftStorage (RaftStorageImpl.java:format(89)) - Storage directory /home/runner/work/ozone/ozone/hadoop-ozone/integration-test/target/test-dir/MiniOzoneClusterImpl-5b6cbd2a-2976-43bc-8d1c-e3ca86cddeeb/datanode-1/data/ratis/10d69cc4-77f6-403d-bda5-21d2ae8b93c5 has been successfully formatted.
2021-11-14 01:04:27,033 [pool-559-thread-1] INFO  server.RaftServerConfigKeys (ConfUtils.java:logGet(44)) - raft.server.snapshot.auto.trigger.enabled = true (custom)
2021-11-14 01:04:27,033 [pool-559-thread-1] INFO  server.RaftServerConfigKeys (ConfUtils.java:logGet(44)) - raft.server.snapshot.auto.trigger.threshold = 10000 (custom)
2021-11-14 01:04:27,033 [pool-559-thread-1] INFO  server.RaftServerConfigKeys (ConfUtils.java:logGet(44)) - raft.server.snapshot.retention.file.num = 5 (custom)
2021-11-14 01:04:27,033 [pool-559-thread-1] INFO  server.RaftServerConfigKeys (ConfUtils.java:logGet(44)) - raft.server.log.purge.upto.snapshot.index = false (default)
2021-11-14 01:04:27,033 [pool-559-thread-1] INFO  server.RaftServerConfigKeys (ConfUtils.java:logGet(44)) - raft.server.retrycache.expirytime = 600000ms (custom)
2021-11-14 01:04:27,033 [pool-559-thread-1] INFO  server.RaftServerConfigKeys (ConfUtils.java:logGet(44)) - raft.server.retrycache.statistics.expirytime = 100μs (default)
2021-11-14 01:04:27,035 [pool-559-thread-1] INFO  server.RaftServer$Division (RaftServerImpl.java:start(301)) - 42593a4f-89d4-4363-aad7-ee84fdc40b17@group-21D2AE8B93C5: start as a follower, conf=-1: [a5432c49-5461-405d-b7d7-37e5c225d9bf|rpc:10.1.0.47:33007|dataStream:|priority:0, 32069a0d-f39a-42d5-b706-96b3f478e9d8|rpc:10.1.0.47:43355|dataStream:|priority:0, 42593a4f-89d4-4363-aad7-ee84fdc40b17|rpc:10.1.0.47:38117|dataStream:|priority:1], old=null
2021-11-14 01:04:27,035 [pool-559-thread-1] INFO  server.RaftServer$Division (RaftServerImpl.java:setRole(290)) - 42593a4f-89d4-4363-aad7-ee84fdc40b17@group-21D2AE8B93C5: changes role from      null to FOLLOWER at term 0 for startAsFollower
2021-11-14 01:04:27,035 [pool-559-thread-1] INFO  impl.RoleInfo (RoleInfo.java:updateAndGet(130)) - 42593a4f-89d4-4363-aad7-ee84fdc40b17: start 42593a4f-89d4-4363-aad7-ee84fdc40b17@group-21D2AE8B93C5-FollowerState
2021-11-14 01:04:27,047 [pool-559-thread-1] INFO  util.JmxRegister (JmxRegister.java:tryRegister(44)) - Successfully registered JMX Bean with object name Ratis:service=RaftServer,group=group-21D2AE8B93C5,id=42593a4f-89d4-4363-aad7-ee84fdc40b17
2021-11-14 01:04:27,054 [pool-540-thread-1] INFO  ratis.ContainerStateMachine (ContainerStateMachine.java:loadSnapshot(224)) - group-21D2AE8B93C5: The snapshot info is null. Setting the last applied indexto:(t:0, i:~)
2021-11-14 01:04:27,054 [pool-540-thread-1] INFO  server.RaftServerConfigKeys (ConfUtils.java:logGet(44)) - raft.server.notification.no-leader.timeout = 300000ms (custom)
2021-11-14 01:04:27,054 [pool-540-thread-1] INFO  server.RaftServerConfigKeys (ConfUtils.java:logGet(44)) - raft.server.log.use.memory = false (default)
2021-11-14 01:04:27,054 [pool-540-thread-1] INFO  server.RaftServerConfigKeys (ConfUtils.java:logGet(44)) - raft.server.log.purge.gap = 1000000 (custom)
2021-11-14 01:04:27,054 [pool-540-thread-1] INFO  server.RaftServerConfigKeys (ConfUtils.java:logGet(44)) - raft.server.log.appender.buffer.byte-limit = 33554432 (custom)
2021-11-14 01:04:27,054 [pool-540-thread-1] INFO  server.RaftServerConfigKeys (ConfUtils.java:logGet(44)) - raft.server.log.segment.size.max = 1048576 (custom)
2021-11-14 01:04:27,055 [pool-540-thread-1] INFO  server.RaftServerConfigKeys (ConfUtils.java:logGet(44)) - raft.server.log.segment.cache.num.max = 2 (custom)
2021-11-14 01:04:27,055 [pool-540-thread-1] INFO  server.RaftServerConfigKeys (ConfUtils.java:logGet(44)) - raft.server.log.segment.cache.size.max = 200MB (=209715200) (default)
2021-11-14 01:04:27,055 [pool-540-thread-1] INFO  segmented.SegmentedRaftLogWorker (SegmentedRaftLogWorker.java:<init>(182)) - new a5432c49-5461-405d-b7d7-37e5c225d9bf@group-21D2AE8B93C5-SegmentedRaftLogWorker for RaftStorageImpl:Storage Directory /home/runner/work/ozone/ozone/hadoop-ozone/integration-test/target/test-dir/MiniOzoneClusterImpl-5b6cbd2a-2976-43bc-8d1c-e3ca86cddeeb/datanode-1/data/ratis/10d69cc4-77f6-403d-bda5-21d2ae8b93c5
2021-11-14 01:04:27,055 [pool-540-thread-1] INFO  server.RaftServerConfigKeys (ConfUtils.java:logGet(44)) - raft.server.log.queue.byte-limit = 2147483647 (custom)
2021-11-14 01:04:27,055 [pool-540-thread-1] INFO  server.RaftServerConfigKeys (ConfUtils.java:logGet(44)) - raft.server.log.queue.element-limit = 1024 (custom)
2021-11-14 01:04:27,055 [pool-540-thread-1] INFO  server.RaftServerConfigKeys (ConfUtils.java:logGet(44)) - raft.server.log.segment.size.max = 1048576 (custom)
2021-11-14 01:04:27,055 [pool-540-thread-1] INFO  server.RaftServerConfigKeys (ConfUtils.java:logGet(44)) - raft.server.log.preallocated.size = 16384 (custom)
2021-11-14 01:04:27,055 [pool-540-thread-1] INFO  server.RaftServerConfigKeys (ConfUtils.java:logGet(44)) - raft.server.log.force.sync.num = 128 (default)
2021-11-14 01:04:27,055 [pool-540-thread-1] INFO  server.RaftServerConfigKeys (ConfUtils.java:logGet(44)) - raft.server.log.statemachine.data.sync = true (default)
2021-11-14 01:04:27,055 [pool-540-thread-1] INFO  server.RaftServerConfigKeys (ConfUtils.java:logGet(44)) - raft.server.log.statemachine.data.sync.timeout = 10s (default)
2021-11-14 01:04:27,055 [pool-540-thread-1] INFO  server.RaftServerConfigKeys (ConfUtils.java:logGet(44)) - raft.server.log.statemachine.data.sync.timeout.retry = -1 (default)
2021-11-14 01:04:27,057 [pool-540-thread-1] INFO  server.RaftServerConfigKeys (ConfUtils.java:logGet(44)) - raft.server.log.write.buffer.size = 1048576 (custom)
2021-11-14 01:04:27,057 [EventQueue-OpenPipelineForHealthyPipelineSafeModeRule] INFO  safemode.SCMSafeModeManager (HealthyPipelineSafeModeRule.java:process(124)) - SCM in safe mode. Healthy pipelines reported count is 0, required healthy pipeline reported count is 1
2021-11-14 01:04:27,070 [pool-540-thread-1] INFO  server.RaftServerConfigKeys (ConfUtils.java:logGet(44)) - raft.server.log.statemachine.data.caching.enabled = true (custom)
2021-11-14 01:04:27,070 [pool-540-thread-1] INFO  segmented.SegmentedRaftLogWorker (SegmentedRaftLogWorker.java:lambda$new$0(133)) - a5432c49-5461-405d-b7d7-37e5c225d9bf@group-21D2AE8B93C5-SegmentedRaftLogWorker: flushIndex: setUnconditionally 0 -> -1
2021-11-14 01:04:27,070 [pool-540-thread-1] INFO  segmented.SegmentedRaftLogWorker (SegmentedRaftLogWorker.java:lambda$new$0(133)) - a5432c49-5461-405d-b7d7-37e5c225d9bf@group-21D2AE8B93C5-SegmentedRaftLogWorker: safeCacheEvictIndex: setUnconditionally 0 -> -1
2021-11-14 01:04:27,081 [pool-540-thread-1] INFO  server.RaftServerConfigKeys (ConfUtils.java:logGet(44)) - raft.server.snapshot.auto.trigger.enabled = true (custom)
2021-11-14 01:04:27,081 [pool-540-thread-1] INFO  server.RaftServerConfigKeys (ConfUtils.java:logGet(44)) - raft.server.snapshot.auto.trigger.threshold = 10000 (custom)
2021-11-14 01:04:27,081 [pool-540-thread-1] INFO  server.RaftServerConfigKeys (ConfUtils.java:logGet(44)) - raft.server.snapshot.retention.file.num = 5 (custom)
2021-11-14 01:04:27,081 [pool-540-thread-1] INFO  server.RaftServerConfigKeys (ConfUtils.java:logGet(44)) - raft.server.log.purge.upto.snapshot.index = false (default)
2021-11-14 01:04:27,081 [pool-540-thread-1] INFO  server.RaftServerConfigKeys (ConfUtils.java:logGet(44)) - raft.server.retrycache.expirytime = 600000ms (custom)
2021-11-14 01:04:27,081 [pool-540-thread-1] INFO  server.RaftServerConfigKeys (ConfUtils.java:logGet(44)) - raft.server.retrycache.statistics.expirytime = 100μs (default)
2021-11-14 01:04:27,083 [pool-540-thread-1] INFO  server.RaftServer$Division (RaftServerImpl.java:start(301)) - a5432c49-5461-405d-b7d7-37e5c225d9bf@group-21D2AE8B93C5: start as a follower, conf=-1: [a5432c49-5461-405d-b7d7-37e5c225d9bf|rpc:10.1.0.47:33007|priority:0, 32069a0d-f39a-42d5-b706-96b3f478e9d8|rpc:10.1.0.47:43355|priority:0, 42593a4f-89d4-4363-aad7-ee84fdc40b17|rpc:10.1.0.47:38117|priority:1], old=null
2021-11-14 01:04:27,083 [pool-540-thread-1] INFO  server.RaftServer$Division (RaftServerImpl.java:setRole(290)) - a5432c49-5461-405d-b7d7-37e5c225d9bf@group-21D2AE8B93C5: changes role from      null to FOLLOWER at term 0 for startAsFollower
2021-11-14 01:04:27,083 [pool-540-thread-1] INFO  impl.RoleInfo (RoleInfo.java:updateAndGet(130)) - a5432c49-5461-405d-b7d7-37e5c225d9bf: start a5432c49-5461-405d-b7d7-37e5c225d9bf@group-21D2AE8B93C5-FollowerState
2021-11-14 01:04:27,085 [pool-540-thread-1] INFO  util.JmxRegister (JmxRegister.java:tryRegister(44)) - Successfully registered JMX Bean with object name Ratis:service=RaftServer,group=group-21D2AE8B93C5,id=a5432c49-5461-405d-b7d7-37e5c225d9bf
2021-11-14 01:04:27,086 [Command processor thread] INFO  ratis.XceiverServerRatis (XceiverServerRatis.java:addGroup(768)) - Created group PipelineID=10d69cc4-77f6-403d-bda5-21d2ae8b93c5
2021-11-14 01:04:27,215 [Command processor thread] INFO  commandhandler.CreatePipelineCommandHandler (CreatePipelineCommandHandler.java:handle(106)) - Created Pipeline RATIS THREE PipelineID=10d69cc4-77f6-403d-bda5-21d2ae8b93c5.
2021-11-14 01:04:27,215 [Command processor thread] INFO  server.RaftServer (RaftServerProxy.java:addNew(95)) - 32069a0d-f39a-42d5-b706-96b3f478e9d8: addNew group-728CC57844C0:[a5432c49-5461-405d-b7d7-37e5c225d9bf|rpc:10.1.0.47:33007|priority:1, 32069a0d-f39a-42d5-b706-96b3f478e9d8|rpc:10.1.0.47:43355|priority:0, 42593a4f-89d4-4363-aad7-ee84fdc40b17|rpc:10.1.0.47:38117|priority:0] returns group-728CC57844C0:java.util.concurrent.CompletableFuture@3f7797fd[Not completed]
2021-11-14 01:04:27,216 [pool-521-thread-1] INFO  server.RaftServer$Division (RaftServerImpl.java:<init>(184)) - 32069a0d-f39a-42d5-b706-96b3f478e9d8: new RaftServerImpl for group-728CC57844C0:[a5432c49-5461-405d-b7d7-37e5c225d9bf|rpc:10.1.0.47:33007|priority:1, 32069a0d-f39a-42d5-b706-96b3f478e9d8|rpc:10.1.0.47:43355|priority:0, 42593a4f-89d4-4363-aad7-ee84fdc40b17|rpc:10.1.0.47:38117|priority:0] with ContainerStateMachine:uninitialized
2021-11-14 01:04:27,216 [pool-521-thread-1] INFO  server.RaftServerConfigKeys (ConfUtils.java:logGet(44)) - raft.server.rpc.timeout.min = 5s (custom)
2021-11-14 01:04:27,216 [pool-521-thread-1] INFO  server.RaftServerConfigKeys (ConfUtils.java:logGet(44)) - raft.server.rpc.timeout.max = 5200ms (custom)
2021-11-14 01:04:27,216 [pool-521-thread-1] INFO  server.RaftServerConfigKeys (ConfUtils.java:logGet(44)) - raft.server.rpc.sleep.time = 25ms (default)
2021-11-14 01:04:27,216 [pool-521-thread-1] INFO  server.RaftServerConfigKeys (ConfUtils.java:logGet(44)) - raft.server.rpc.slowness.timeout = 300000ms (custom)
2021-11-14 01:04:27,216 [pool-521-thread-1] INFO  server.RaftServerConfigKeys (ConfUtils.java:logGet(44)) - raft.server.leaderelection.leader.step-down.wait-time = 10s (default)
2021-11-14 01:04:27,216 [pool-521-thread-1] INFO  server.RaftServerConfigKeys (ConfUtils.java:logGet(44)) - raft.server.sleep.deviation.threshold = 300ms (default)
2021-11-14 01:04:27,216 [pool-521-thread-1] INFO  server.RaftServerConfigKeys (ConfUtils.java:logGet(44)) - raft.server.log.appender.install.snapshot.enabled = false (custom)
2021-11-14 01:04:27,217 [pool-521-thread-1] INFO  server.RaftServer$Division (ServerState.java:<init>(105)) - 32069a0d-f39a-42d5-b706-96b3f478e9d8@group-728CC57844C0: ConfigurationManager, init=-1: [a5432c49-5461-405d-b7d7-37e5c225d9bf|rpc:10.1.0.47:33007|priority:1, 32069a0d-f39a-42d5-b706-96b3f478e9d8|rpc:10.1.0.47:43355|priority:0, 42593a4f-89d4-4363-aad7-ee84fdc40b17|rpc:10.1.0.47:38117|priority:0], old=null, confs=<EMPTY_MAP>
2021-11-14 01:04:27,217 [pool-521-thread-1] INFO  server.RaftServerConfigKeys (ConfUtils.java:logGet(44)) - raft.server.storage.dir = [/home/runner/work/ozone/ozone/hadoop-ozone/integration-test/target/test-dir/MiniOzoneClusterImpl-5b6cbd2a-2976-43bc-8d1c-e3ca86cddeeb/datanode-0/data/ratis] (custom)
2021-11-14 01:04:27,217 [pool-521-thread-1] INFO  server.RaftServerConfigKeys (ConfUtils.java:logGet(44)) - raft.server.log.corruption.policy = EXCEPTION (default)
2021-11-14 01:04:27,217 [pool-521-thread-1] INFO  server.RaftServerConfigKeys (ConfUtils.java:logGet(44)) - raft.server.storage.free-space.min = 0MB (=0) (default)
2021-11-14 01:04:27,217 [pool-521-thread-1] INFO  storage.RaftStorageDirectory (RaftStorageDirectoryImpl.java:analyzeStorage(135)) - The storage directory /home/runner/work/ozone/ozone/hadoop-ozone/integration-test/target/test-dir/MiniOzoneClusterImpl-5b6cbd2a-2976-43bc-8d1c-e3ca86cddeeb/datanode-0/data/ratis/075e133d-6554-4497-a8b7-728cc57844c0 does not exist. Creating ...
2021-11-14 01:04:27,218 [pool-521-thread-1] INFO  storage.RaftStorageDirectory (RaftStorageDirectoryImpl.java:tryLock(230)) - Lock on /home/runner/work/ozone/ozone/hadoop-ozone/integration-test/target/test-dir/MiniOzoneClusterImpl-5b6cbd2a-2976-43bc-8d1c-e3ca86cddeeb/datanode-0/data/ratis/075e133d-6554-4497-a8b7-728cc57844c0/in_use.lock acquired by nodename 9791@fv-az395-453
2021-11-14 01:04:27,219 [pool-521-thread-1] INFO  storage.RaftStorage (RaftStorageImpl.java:format(89)) - Storage directory /home/runner/work/ozone/ozone/hadoop-ozone/integration-test/target/test-dir/MiniOzoneClusterImpl-5b6cbd2a-2976-43bc-8d1c-e3ca86cddeeb/datanode-0/data/ratis/075e133d-6554-4497-a8b7-728cc57844c0 has been successfully formatted.
2021-11-14 01:04:27,220 [pool-521-thread-1] INFO  ratis.ContainerStateMachine (ContainerStateMachine.java:loadSnapshot(224)) - group-728CC57844C0: The snapshot info is null. Setting the last applied indexto:(t:0, i:~)
2021-11-14 01:04:27,228 [pool-521-thread-1] INFO  server.RaftServerConfigKeys (ConfUtils.java:logGet(44)) - raft.server.notification.no-leader.timeout = 300000ms (custom)
2021-11-14 01:04:27,230 [pool-521-thread-1] INFO  server.RaftServerConfigKeys (ConfUtils.java:logGet(44)) - raft.server.log.use.memory = false (default)
2021-11-14 01:04:27,231 [pool-521-thread-1] INFO  server.RaftServerConfigKeys (ConfUtils.java:logGet(44)) - raft.server.log.purge.gap = 1000000 (custom)
2021-11-14 01:04:27,231 [pool-521-thread-1] INFO  server.RaftServerConfigKeys (ConfUtils.java:logGet(44)) - raft.server.log.appender.buffer.byte-limit = 33554432 (custom)
2021-11-14 01:04:27,231 [pool-521-thread-1] INFO  server.RaftServerConfigKeys (ConfUtils.java:logGet(44)) - raft.server.log.segment.size.max = 1048576 (custom)
2021-11-14 01:04:27,232 [pool-521-thread-1] INFO  server.RaftServerConfigKeys (ConfUtils.java:logGet(44)) - raft.server.log.segment.cache.num.max = 2 (custom)
2021-11-14 01:04:27,229 [EventQueue-OpenPipelineForHealthyPipelineSafeModeRule] INFO  safemode.SCMSafeModeManager (HealthyPipelineSafeModeRule.java:process(124)) - SCM in safe mode. Healthy pipelines reported count is 0, required healthy pipeline reported count is 1
2021-11-14 01:04:27,234 [pool-521-thread-1] INFO  server.RaftServerConfigKeys (ConfUtils.java:logGet(44)) - raft.server.log.segment.cache.size.max = 200MB (=209715200) (default)
2021-11-14 01:04:27,236 [pool-521-thread-1] INFO  segmented.SegmentedRaftLogWorker (SegmentedRaftLogWorker.java:<init>(182)) - new 32069a0d-f39a-42d5-b706-96b3f478e9d8@group-728CC57844C0-SegmentedRaftLogWorker for RaftStorageImpl:Storage Directory /home/runner/work/ozone/ozone/hadoop-ozone/integration-test/target/test-dir/MiniOzoneClusterImpl-5b6cbd2a-2976-43bc-8d1c-e3ca86cddeeb/datanode-0/data/ratis/075e133d-6554-4497-a8b7-728cc57844c0
2021-11-14 01:04:27,236 [pool-521-thread-1] INFO  server.RaftServerConfigKeys (ConfUtils.java:logGet(44)) - raft.server.log.queue.byte-limit = 2147483647 (custom)
2021-11-14 01:04:27,236 [pool-521-thread-1] INFO  server.RaftServerConfigKeys (ConfUtils.java:logGet(44)) - raft.server.log.queue.element-limit = 1024 (custom)
2021-11-14 01:04:27,236 [pool-521-thread-1] INFO  server.RaftServerConfigKeys (ConfUtils.java:logGet(44)) - raft.server.log.segment.size.max = 1048576 (custom)
2021-11-14 01:04:27,236 [pool-521-thread-1] INFO  server.RaftServerConfigKeys (ConfUtils.java:logGet(44)) - raft.server.log.preallocated.size = 16384 (custom)
2021-11-14 01:04:27,236 [pool-521-thread-1] INFO  server.RaftServerConfigKeys (ConfUtils.java:logGet(44)) - raft.server.log.force.sync.num = 128 (default)
2021-11-14 01:04:27,236 [pool-521-thread-1] INFO  server.RaftServerConfigKeys (ConfUtils.java:logGet(44)) - raft.server.log.statemachine.data.sync = true (default)
2021-11-14 01:04:27,236 [pool-521-thread-1] INFO  server.RaftServerConfigKeys (ConfUtils.java:logGet(44)) - raft.server.log.statemachine.data.sync.timeout = 10s (default)
2021-11-14 01:04:27,236 [pool-521-thread-1] INFO  server.RaftServerConfigKeys (ConfUtils.java:logGet(44)) - raft.server.log.statemachine.data.sync.timeout.retry = -1 (default)
2021-11-14 01:04:27,239 [pool-521-thread-1] INFO  server.RaftServerConfigKeys (ConfUtils.java:logGet(44)) - raft.server.log.write.buffer.size = 1048576 (custom)
2021-11-14 01:04:27,240 [pool-521-thread-1] INFO  server.RaftServerConfigKeys (ConfUtils.java:logGet(44)) - raft.server.log.statemachine.data.caching.enabled = true (custom)
2021-11-14 01:04:27,240 [pool-521-thread-1] INFO  segmented.SegmentedRaftLogWorker (SegmentedRaftLogWorker.java:lambda$new$0(133)) - 32069a0d-f39a-42d5-b706-96b3f478e9d8@group-728CC57844C0-SegmentedRaftLogWorker: flushIndex: setUnconditionally 0 -> -1
2021-11-14 01:04:27,240 [pool-521-thread-1] INFO  segmented.SegmentedRaftLogWorker (SegmentedRaftLogWorker.java:lambda$new$0(133)) - 32069a0d-f39a-42d5-b706-96b3f478e9d8@group-728CC57844C0-SegmentedRaftLogWorker: safeCacheEvictIndex: setUnconditionally 0 -> -1
2021-11-14 01:04:27,256 [pool-521-thread-1] INFO  server.RaftServerConfigKeys (ConfUtils.java:logGet(44)) - raft.server.snapshot.auto.trigger.enabled = true (custom)
2021-11-14 01:04:27,256 [pool-521-thread-1] INFO  server.RaftServerConfigKeys (ConfUtils.java:logGet(44)) - raft.server.snapshot.auto.trigger.threshold = 10000 (custom)
2021-11-14 01:04:27,256 [pool-521-thread-1] INFO  server.RaftServerConfigKeys (ConfUtils.java:logGet(44)) - raft.server.snapshot.retention.file.num = 5 (custom)
2021-11-14 01:04:27,256 [pool-521-thread-1] INFO  server.RaftServerConfigKeys (ConfUtils.java:logGet(44)) - raft.server.log.purge.upto.snapshot.index = false (default)
2021-11-14 01:04:27,256 [pool-521-thread-1] INFO  server.RaftServerConfigKeys (ConfUtils.java:logGet(44)) - raft.server.retrycache.expirytime = 600000ms (custom)
2021-11-14 01:04:27,256 [pool-521-thread-1] INFO  server.RaftServerConfigKeys (ConfUtils.java:logGet(44)) - raft.server.retrycache.statistics.expirytime = 100μs (default)
2021-11-14 01:04:27,258 [pool-521-thread-1] INFO  server.RaftServer$Division (RaftServerImpl.java:start(301)) - 32069a0d-f39a-42d5-b706-96b3f478e9d8@group-728CC57844C0: start as a follower, conf=-1: [a5432c49-5461-405d-b7d7-37e5c225d9bf|rpc:10.1.0.47:33007|priority:1, 32069a0d-f39a-42d5-b706-96b3f478e9d8|rpc:10.1.0.47:43355|priority:0, 42593a4f-89d4-4363-aad7-ee84fdc40b17|rpc:10.1.0.47:38117|priority:0], old=null
2021-11-14 01:04:27,258 [pool-521-thread-1] INFO  server.RaftServer$Division (RaftServerImpl.java:setRole(290)) - 32069a0d-f39a-42d5-b706-96b3f478e9d8@group-728CC57844C0: changes role from      null to FOLLOWER at term 0 for startAsFollower
2021-11-14 01:04:27,258 [pool-521-thread-1] INFO  impl.RoleInfo (RoleInfo.java:updateAndGet(130)) - 32069a0d-f39a-42d5-b706-96b3f478e9d8: start 32069a0d-f39a-42d5-b706-96b3f478e9d8@group-728CC57844C0-FollowerState
2021-11-14 01:04:27,289 [pool-521-thread-1] INFO  util.JmxRegister (JmxRegister.java:tryRegister(44)) - Successfully registered JMX Bean with object name Ratis:service=RaftServer,group=group-728CC57844C0,id=32069a0d-f39a-42d5-b706-96b3f478e9d8
2021-11-14 01:04:27,296 [Command processor thread] INFO  ratis.XceiverServerRatis (XceiverServerRatis.java:addGroup(768)) - Created group PipelineID=075e133d-6554-4497-a8b7-728cc57844c0
2021-11-14 01:04:27,349 [grpc-default-executor-1] INFO  server.RaftServer (RaftServerProxy.java:addNew(95)) - a5432c49-5461-405d-b7d7-37e5c225d9bf: addNew group-728CC57844C0:[a5432c49-5461-405d-b7d7-37e5c225d9bf|rpc:10.1.0.47:33007|dataStream:|priority:1, 32069a0d-f39a-42d5-b706-96b3f478e9d8|rpc:10.1.0.47:43355|dataStream:|priority:0, 42593a4f-89d4-4363-aad7-ee84fdc40b17|rpc:10.1.0.47:38117|dataStream:|priority:0] returns group-728CC57844C0:java.util.concurrent.CompletableFuture@4e0eef04[Not completed]
2021-11-14 01:04:27,350 [pool-540-thread-1] INFO  server.RaftServer$Division (RaftServerImpl.java:<init>(184)) - a5432c49-5461-405d-b7d7-37e5c225d9bf: new RaftServerImpl for group-728CC57844C0:[a5432c49-5461-405d-b7d7-37e5c225d9bf|rpc:10.1.0.47:33007|dataStream:|priority:1, 32069a0d-f39a-42d5-b706-96b3f478e9d8|rpc:10.1.0.47:43355|dataStream:|priority:0, 42593a4f-89d4-4363-aad7-ee84fdc40b17|rpc:10.1.0.47:38117|dataStream:|priority:0] with ContainerStateMachine:uninitialized
2021-11-14 01:04:27,350 [pool-540-thread-1] INFO  server.RaftServerConfigKeys (ConfUtils.java:logGet(44)) - raft.server.rpc.timeout.min = 5s (custom)
2021-11-14 01:04:27,350 [pool-540-thread-1] INFO  server.RaftServerConfigKeys (ConfUtils.java:logGet(44)) - raft.server.rpc.timeout.max = 5200ms (custom)
2021-11-14 01:04:27,350 [pool-540-thread-1] INFO  server.RaftServerConfigKeys (ConfUtils.java:logGet(44)) - raft.server.rpc.sleep.time = 25ms (default)
2021-11-14 01:04:27,350 [pool-540-thread-1] INFO  server.RaftServerConfigKeys (ConfUtils.java:logGet(44)) - raft.server.rpc.slowness.timeout = 300000ms (custom)
2021-11-14 01:04:27,350 [pool-540-thread-1] INFO  server.RaftServerConfigKeys (ConfUtils.java:logGet(44)) - raft.server.leaderelection.leader.step-down.wait-time = 10s (default)
2021-11-14 01:04:27,350 [pool-540-thread-1] INFO  server.RaftServerConfigKeys (ConfUtils.java:logGet(44)) - raft.server.sleep.deviation.threshold = 300ms (default)
2021-11-14 01:04:27,350 [pool-540-thread-1] INFO  server.RaftServerConfigKeys (ConfUtils.java:logGet(44)) - raft.server.log.appender.install.snapshot.enabled = false (custom)
2021-11-14 01:04:27,350 [pool-540-thread-1] INFO  server.RaftServer$Division (ServerState.java:<init>(105)) - a5432c49-5461-405d-b7d7-37e5c225d9bf@group-728CC57844C0: ConfigurationManager, init=-1: [a5432c49-5461-405d-b7d7-37e5c225d9bf|rpc:10.1.0.47:33007|dataStream:|priority:1, 32069a0d-f39a-42d5-b706-96b3f478e9d8|rpc:10.1.0.47:43355|dataStream:|priority:0, 42593a4f-89d4-4363-aad7-ee84fdc40b17|rpc:10.1.0.47:38117|dataStream:|priority:0], old=null, confs=<EMPTY_MAP>
2021-11-14 01:04:27,350 [pool-540-thread-1] INFO  server.RaftServerConfigKeys (ConfUtils.java:logGet(44)) - raft.server.storage.dir = [/home/runner/work/ozone/ozone/hadoop-ozone/integration-test/target/test-dir/MiniOzoneClusterImpl-5b6cbd2a-2976-43bc-8d1c-e3ca86cddeeb/datanode-1/data/ratis] (custom)
2021-11-14 01:04:27,351 [pool-540-thread-1] INFO  server.RaftServerConfigKeys (ConfUtils.java:logGet(44)) - raft.server.log.corruption.policy = EXCEPTION (default)
2021-11-14 01:04:27,351 [pool-540-thread-1] INFO  server.RaftServerConfigKeys (ConfUtils.java:logGet(44)) - raft.server.storage.free-space.min = 0MB (=0) (default)
2021-11-14 01:04:27,351 [pool-540-thread-1] INFO  storage.RaftStorageDirectory (RaftStorageDirectoryImpl.java:analyzeStorage(135)) - The storage directory /home/runner/work/ozone/ozone/hadoop-ozone/integration-test/target/test-dir/MiniOzoneClusterImpl-5b6cbd2a-2976-43bc-8d1c-e3ca86cddeeb/datanode-1/data/ratis/075e133d-6554-4497-a8b7-728cc57844c0 does not exist. Creating ...
2021-11-14 01:04:27,352 [pool-540-thread-1] INFO  storage.RaftStorageDirectory (RaftStorageDirectoryImpl.java:tryLock(230)) - Lock on /home/runner/work/ozone/ozone/hadoop-ozone/integration-test/target/test-dir/MiniOzoneClusterImpl-5b6cbd2a-2976-43bc-8d1c-e3ca86cddeeb/datanode-1/data/ratis/075e133d-6554-4497-a8b7-728cc57844c0/in_use.lock acquired by nodename 9791@fv-az395-453
2021-11-14 01:04:27,354 [Command processor thread] INFO  commandhandler.CreatePipelineCommandHandler (CreatePipelineCommandHandler.java:handle(106)) - Created Pipeline RATIS THREE PipelineID=10d69cc4-77f6-403d-bda5-21d2ae8b93c5.
2021-11-14 01:04:27,373 [pool-540-thread-1] INFO  storage.RaftStorage (RaftStorageImpl.java:format(89)) - Storage directory /home/runner/work/ozone/ozone/hadoop-ozone/integration-test/target/test-dir/MiniOzoneClusterImpl-5b6cbd2a-2976-43bc-8d1c-e3ca86cddeeb/datanode-1/data/ratis/075e133d-6554-4497-a8b7-728cc57844c0 has been successfully formatted.
2021-11-14 01:04:27,374 [pool-540-thread-1] INFO  ratis.ContainerStateMachine (ContainerStateMachine.java:loadSnapshot(224)) - group-728CC57844C0: The snapshot info is null. Setting the last applied indexto:(t:0, i:~)
2021-11-14 01:04:27,374 [pool-540-thread-1] INFO  server.RaftServerConfigKeys (ConfUtils.java:logGet(44)) - raft.server.notification.no-leader.timeout = 300000ms (custom)
2021-11-14 01:04:27,374 [pool-540-thread-1] INFO  server.RaftServerConfigKeys (ConfUtils.java:logGet(44)) - raft.server.log.use.memory = false (default)
2021-11-14 01:04:27,374 [pool-540-thread-1] INFO  server.RaftServerConfigKeys (ConfUtils.java:logGet(44)) - raft.server.log.purge.gap = 1000000 (custom)
2021-11-14 01:04:27,374 [pool-540-thread-1] INFO  server.RaftServerConfigKeys (ConfUtils.java:logGet(44)) - raft.server.log.appender.buffer.byte-limit = 33554432 (custom)
2021-11-14 01:04:27,374 [pool-540-thread-1] INFO  server.RaftServerConfigKeys (ConfUtils.java:logGet(44)) - raft.server.log.segment.size.max = 1048576 (custom)
2021-11-14 01:04:27,375 [pool-540-thread-1] INFO  server.RaftServerConfigKeys (ConfUtils.java:logGet(44)) - raft.server.log.segment.cache.num.max = 2 (custom)
2021-11-14 01:04:27,375 [pool-540-thread-1] INFO  server.RaftServerConfigKeys (ConfUtils.java:logGet(44)) - raft.server.log.segment.cache.size.max = 200MB (=209715200) (default)
2021-11-14 01:04:27,375 [pool-540-thread-1] INFO  segmented.SegmentedRaftLogWorker (SegmentedRaftLogWorker.java:<init>(182)) - new a5432c49-5461-405d-b7d7-37e5c225d9bf@group-728CC57844C0-SegmentedRaftLogWorker for RaftStorageImpl:Storage Directory /home/runner/work/ozone/ozone/hadoop-ozone/integration-test/target/test-dir/MiniOzoneClusterImpl-5b6cbd2a-2976-43bc-8d1c-e3ca86cddeeb/datanode-1/data/ratis/075e133d-6554-4497-a8b7-728cc57844c0
2021-11-14 01:04:27,375 [pool-540-thread-1] INFO  server.RaftServerConfigKeys (ConfUtils.java:logGet(44)) - raft.server.log.queue.byte-limit = 2147483647 (custom)
2021-11-14 01:04:27,375 [pool-540-thread-1] INFO  server.RaftServerConfigKeys (ConfUtils.java:logGet(44)) - raft.server.log.queue.element-limit = 1024 (custom)
2021-11-14 01:04:27,375 [pool-540-thread-1] INFO  server.RaftServerConfigKeys (ConfUtils.java:logGet(44)) - raft.server.log.segment.size.max = 1048576 (custom)
2021-11-14 01:04:27,375 [pool-540-thread-1] INFO  server.RaftServerConfigKeys (ConfUtils.java:logGet(44)) - raft.server.log.preallocated.size = 16384 (custom)
2021-11-14 01:04:27,375 [pool-540-thread-1] INFO  server.RaftServerConfigKeys (ConfUtils.java:logGet(44)) - raft.server.log.force.sync.num = 128 (default)
2021-11-14 01:04:27,375 [pool-540-thread-1] INFO  server.RaftServerConfigKeys (ConfUtils.java:logGet(44)) - raft.server.log.statemachine.data.sync = true (default)
2021-11-14 01:04:27,375 [pool-540-thread-1] INFO  server.RaftServerConfigKeys (ConfUtils.java:logGet(44)) - raft.server.log.statemachine.data.sync.timeout = 10s (default)
2021-11-14 01:04:27,375 [pool-540-thread-1] INFO  server.RaftServerConfigKeys (ConfUtils.java:logGet(44)) - raft.server.log.statemachine.data.sync.timeout.retry = -1 (default)
2021-11-14 01:04:27,376 [pool-540-thread-1] INFO  server.RaftServerConfigKeys (ConfUtils.java:logGet(44)) - raft.server.log.write.buffer.size = 1048576 (custom)
2021-11-14 01:04:27,379 [EventQueue-OpenPipelineForHealthyPipelineSafeModeRule] INFO  safemode.SCMSafeModeManager (HealthyPipelineSafeModeRule.java:process(124)) - SCM in safe mode. Healthy pipelines reported count is 0, required healthy pipeline reported count is 1
2021-11-14 01:04:27,384 [pool-540-thread-1] INFO  server.RaftServerConfigKeys (ConfUtils.java:logGet(44)) - raft.server.log.statemachine.data.caching.enabled = true (custom)
2021-11-14 01:04:27,384 [pool-540-thread-1] INFO  segmented.SegmentedRaftLogWorker (SegmentedRaftLogWorker.java:lambda$new$0(133)) - a5432c49-5461-405d-b7d7-37e5c225d9bf@group-728CC57844C0-SegmentedRaftLogWorker: flushIndex: setUnconditionally 0 -> -1
2021-11-14 01:04:27,384 [pool-540-thread-1] INFO  segmented.SegmentedRaftLogWorker (SegmentedRaftLogWorker.java:lambda$new$0(133)) - a5432c49-5461-405d-b7d7-37e5c225d9bf@group-728CC57844C0-SegmentedRaftLogWorker: safeCacheEvictIndex: setUnconditionally 0 -> -1
2021-11-14 01:04:27,401 [pool-540-thread-1] INFO  server.RaftServerConfigKeys (ConfUtils.java:logGet(44)) - raft.server.snapshot.auto.trigger.enabled = true (custom)
2021-11-14 01:04:27,401 [pool-540-thread-1] INFO  server.RaftServerConfigKeys (ConfUtils.java:logGet(44)) - raft.server.snapshot.auto.trigger.threshold = 10000 (custom)
2021-11-14 01:04:27,401 [pool-540-thread-1] INFO  server.RaftServerConfigKeys (ConfUtils.java:logGet(44)) - raft.server.snapshot.retention.file.num = 5 (custom)
2021-11-14 01:04:27,401 [pool-540-thread-1] INFO  server.RaftServerConfigKeys (ConfUtils.java:logGet(44)) - raft.server.log.purge.upto.snapshot.index = false (default)
2021-11-14 01:04:27,401 [pool-540-thread-1] INFO  server.RaftServerConfigKeys (ConfUtils.java:logGet(44)) - raft.server.retrycache.expirytime = 600000ms (custom)
2021-11-14 01:04:27,402 [pool-540-thread-1] INFO  server.RaftServerConfigKeys (ConfUtils.java:logGet(44)) - raft.server.retrycache.statistics.expirytime = 100μs (default)
2021-11-14 01:04:27,403 [pool-540-thread-1] INFO  server.RaftServer$Division (RaftServerImpl.java:start(301)) - a5432c49-5461-405d-b7d7-37e5c225d9bf@group-728CC57844C0: start as a follower, conf=-1: [a5432c49-5461-405d-b7d7-37e5c225d9bf|rpc:10.1.0.47:33007|dataStream:|priority:1, 32069a0d-f39a-42d5-b706-96b3f478e9d8|rpc:10.1.0.47:43355|dataStream:|priority:0, 42593a4f-89d4-4363-aad7-ee84fdc40b17|rpc:10.1.0.47:38117|dataStream:|priority:0], old=null
2021-11-14 01:04:27,403 [pool-540-thread-1] INFO  server.RaftServer$Division (RaftServerImpl.java:setRole(290)) - a5432c49-5461-405d-b7d7-37e5c225d9bf@group-728CC57844C0: changes role from      null to FOLLOWER at term 0 for startAsFollower
2021-11-14 01:04:27,403 [pool-540-thread-1] INFO  impl.RoleInfo (RoleInfo.java:updateAndGet(130)) - a5432c49-5461-405d-b7d7-37e5c225d9bf: start a5432c49-5461-405d-b7d7-37e5c225d9bf@group-728CC57844C0-FollowerState
2021-11-14 01:04:27,404 [Listener at 127.0.0.1/34021] INFO  ozone.MiniOzoneClusterImpl (MiniOzoneClusterImpl.java:lambda$waitForClusterToBeReady$0(235)) - Nodes are ready. Got 7 of 7 DN Heartbeats.
2021-11-14 01:04:27,404 [Listener at 127.0.0.1/34021] INFO  ozone.MiniOzoneClusterImpl (MiniOzoneClusterImpl.java:lambda$waitForClusterToBeReady$0(238)) - Waiting for cluster to exit safe mode
2021-11-14 01:04:27,404 [pool-540-thread-1] INFO  util.JmxRegister (JmxRegister.java:tryRegister(44)) - Successfully registered JMX Bean with object name Ratis:service=RaftServer,group=group-728CC57844C0,id=a5432c49-5461-405d-b7d7-37e5c225d9bf
2021-11-14 01:04:27,404 [Listener at 127.0.0.1/34021] INFO  ozone.MiniOzoneClusterImpl (MiniOzoneClusterImpl.java:lambda$waitForClusterToBeReady$0(240)) - SCM became leader
2021-11-14 01:04:27,464 [grpc-default-executor-1] INFO  server.RaftServer (RaftServerProxy.java:addNew(95)) - 42593a4f-89d4-4363-aad7-ee84fdc40b17: addNew group-728CC57844C0:[a5432c49-5461-405d-b7d7-37e5c225d9bf|rpc:10.1.0.47:33007|dataStream:|priority:1, 32069a0d-f39a-42d5-b706-96b3f478e9d8|rpc:10.1.0.47:43355|dataStream:|priority:0, 42593a4f-89d4-4363-aad7-ee84fdc40b17|rpc:10.1.0.47:38117|dataStream:|priority:0] returns group-728CC57844C0:java.util.concurrent.CompletableFuture@5dc6ae82[Not completed]
2021-11-14 01:04:27,464 [pool-559-thread-1] INFO  server.RaftServer$Division (RaftServerImpl.java:<init>(184)) - 42593a4f-89d4-4363-aad7-ee84fdc40b17: new RaftServerImpl for group-728CC57844C0:[a5432c49-5461-405d-b7d7-37e5c225d9bf|rpc:10.1.0.47:33007|dataStream:|priority:1, 32069a0d-f39a-42d5-b706-96b3f478e9d8|rpc:10.1.0.47:43355|dataStream:|priority:0, 42593a4f-89d4-4363-aad7-ee84fdc40b17|rpc:10.1.0.47:38117|dataStream:|priority:0] with ContainerStateMachine:uninitialized
2021-11-14 01:04:27,465 [pool-559-thread-1] INFO  server.RaftServerConfigKeys (ConfUtils.java:logGet(44)) - raft.server.rpc.timeout.min = 5s (custom)
2021-11-14 01:04:27,465 [pool-559-thread-1] INFO  server.RaftServerConfigKeys (ConfUtils.java:logGet(44)) - raft.server.rpc.timeout.max = 5200ms (custom)
2021-11-14 01:04:27,465 [pool-559-thread-1] INFO  server.RaftServerConfigKeys (ConfUtils.java:logGet(44)) - raft.server.rpc.sleep.time = 25ms (default)
2021-11-14 01:04:27,465 [pool-559-thread-1] INFO  server.RaftServerConfigKeys (ConfUtils.java:logGet(44)) - raft.server.rpc.slowness.timeout = 300000ms (custom)
2021-11-14 01:04:27,465 [pool-559-thread-1] INFO  server.RaftServerConfigKeys (ConfUtils.java:logGet(44)) - raft.server.leaderelection.leader.step-down.wait-time = 10s (default)
2021-11-14 01:04:27,465 [pool-559-thread-1] INFO  server.RaftServerConfigKeys (ConfUtils.java:logGet(44)) - raft.server.sleep.deviation.threshold = 300ms (default)
2021-11-14 01:04:27,465 [pool-559-thread-1] INFO  server.RaftServerConfigKeys (ConfUtils.java:logGet(44)) - raft.server.log.appender.install.snapshot.enabled = false (custom)
2021-11-14 01:04:27,465 [pool-559-thread-1] INFO  server.RaftServer$Division (ServerState.java:<init>(105)) - 42593a4f-89d4-4363-aad7-ee84fdc40b17@group-728CC57844C0: ConfigurationManager, init=-1: [a5432c49-5461-405d-b7d7-37e5c225d9bf|rpc:10.1.0.47:33007|dataStream:|priority:1, 32069a0d-f39a-42d5-b706-96b3f478e9d8|rpc:10.1.0.47:43355|dataStream:|priority:0, 42593a4f-89d4-4363-aad7-ee84fdc40b17|rpc:10.1.0.47:38117|dataStream:|priority:0], old=null, confs=<EMPTY_MAP>
2021-11-14 01:04:27,465 [pool-559-thread-1] INFO  server.RaftServerConfigKeys (ConfUtils.java:logGet(44)) - raft.server.storage.dir = [/home/runner/work/ozone/ozone/hadoop-ozone/integration-test/target/test-dir/MiniOzoneClusterImpl-5b6cbd2a-2976-43bc-8d1c-e3ca86cddeeb/datanode-2/data/ratis] (custom)
2021-11-14 01:04:27,465 [pool-559-thread-1] INFO  server.RaftServerConfigKeys (ConfUtils.java:logGet(44)) - raft.server.log.corruption.policy = EXCEPTION (default)
2021-11-14 01:04:27,466 [pool-559-thread-1] INFO  server.RaftServerConfigKeys (ConfUtils.java:logGet(44)) - raft.server.storage.free-space.min = 0MB (=0) (default)
2021-11-14 01:04:27,466 [pool-559-thread-1] INFO  storage.RaftStorageDirectory (RaftStorageDirectoryImpl.java:analyzeStorage(135)) - The storage directory /home/runner/work/ozone/ozone/hadoop-ozone/integration-test/target/test-dir/MiniOzoneClusterImpl-5b6cbd2a-2976-43bc-8d1c-e3ca86cddeeb/datanode-2/data/ratis/075e133d-6554-4497-a8b7-728cc57844c0 does not exist. Creating ...
2021-11-14 01:04:27,472 [pool-559-thread-1] INFO  storage.RaftStorageDirectory (RaftStorageDirectoryImpl.java:tryLock(230)) - Lock on /home/runner/work/ozone/ozone/hadoop-ozone/integration-test/target/test-dir/MiniOzoneClusterImpl-5b6cbd2a-2976-43bc-8d1c-e3ca86cddeeb/datanode-2/data/ratis/075e133d-6554-4497-a8b7-728cc57844c0/in_use.lock acquired by nodename 9791@fv-az395-453
2021-11-14 01:04:27,483 [pool-559-thread-1] INFO  storage.RaftStorage (RaftStorageImpl.java:format(89)) - Storage directory /home/runner/work/ozone/ozone/hadoop-ozone/integration-test/target/test-dir/MiniOzoneClusterImpl-5b6cbd2a-2976-43bc-8d1c-e3ca86cddeeb/datanode-2/data/ratis/075e133d-6554-4497-a8b7-728cc57844c0 has been successfully formatted.
2021-11-14 01:04:27,484 [pool-559-thread-1] INFO  ratis.ContainerStateMachine (ContainerStateMachine.java:loadSnapshot(224)) - group-728CC57844C0: The snapshot info is null. Setting the last applied indexto:(t:0, i:~)
2021-11-14 01:04:27,485 [pool-559-thread-1] INFO  server.RaftServerConfigKeys (ConfUtils.java:logGet(44)) - raft.server.notification.no-leader.timeout = 300000ms (custom)
2021-11-14 01:04:27,485 [pool-559-thread-1] INFO  server.RaftServerConfigKeys (ConfUtils.java:logGet(44)) - raft.server.log.use.memory = false (default)
2021-11-14 01:04:27,485 [pool-559-thread-1] INFO  server.RaftServerConfigKeys (ConfUtils.java:logGet(44)) - raft.server.log.purge.gap = 1000000 (custom)
2021-11-14 01:04:27,485 [pool-559-thread-1] INFO  server.RaftServerConfigKeys (ConfUtils.java:logGet(44)) - raft.server.log.appender.buffer.byte-limit = 33554432 (custom)
2021-11-14 01:04:27,485 [pool-559-thread-1] INFO  server.RaftServerConfigKeys (ConfUtils.java:logGet(44)) - raft.server.log.segment.size.max = 1048576 (custom)
2021-11-14 01:04:27,486 [pool-559-thread-1] INFO  server.RaftServerConfigKeys (ConfUtils.java:logGet(44)) - raft.server.log.segment.cache.num.max = 2 (custom)
2021-11-14 01:04:27,486 [pool-559-thread-1] INFO  server.RaftServerConfigKeys (ConfUtils.java:logGet(44)) - raft.server.log.segment.cache.size.max = 200MB (=209715200) (default)
2021-11-14 01:04:27,486 [pool-559-thread-1] INFO  segmented.SegmentedRaftLogWorker (SegmentedRaftLogWorker.java:<init>(182)) - new 42593a4f-89d4-4363-aad7-ee84fdc40b17@group-728CC57844C0-SegmentedRaftLogWorker for RaftStorageImpl:Storage Directory /home/runner/work/ozone/ozone/hadoop-ozone/integration-test/target/test-dir/MiniOzoneClusterImpl-5b6cbd2a-2976-43bc-8d1c-e3ca86cddeeb/datanode-2/data/ratis/075e133d-6554-4497-a8b7-728cc57844c0
2021-11-14 01:04:27,486 [pool-559-thread-1] INFO  server.RaftServerConfigKeys (ConfUtils.java:logGet(44)) - raft.server.log.queue.byte-limit = 2147483647 (custom)
2021-11-14 01:04:27,486 [pool-559-thread-1] INFO  server.RaftServerConfigKeys (ConfUtils.java:logGet(44)) - raft.server.log.queue.element-limit = 1024 (custom)
2021-11-14 01:04:27,486 [pool-559-thread-1] INFO  server.RaftServerConfigKeys (ConfUtils.java:logGet(44)) - raft.server.log.segment.size.max = 1048576 (custom)
2021-11-14 01:04:27,486 [pool-559-thread-1] INFO  server.RaftServerConfigKeys (ConfUtils.java:logGet(44)) - raft.server.log.preallocated.size = 16384 (custom)
2021-11-14 01:04:27,486 [pool-559-thread-1] INFO  server.RaftServerConfigKeys (ConfUtils.java:logGet(44)) - raft.server.log.force.sync.num = 128 (default)
2021-11-14 01:04:27,486 [pool-559-thread-1] INFO  server.RaftServerConfigKeys (ConfUtils.java:logGet(44)) - raft.server.log.statemachine.data.sync = true (default)
2021-11-14 01:04:27,487 [pool-559-thread-1] INFO  server.RaftServerConfigKeys (ConfUtils.java:logGet(44)) - raft.server.log.statemachine.data.sync.timeout = 10s (default)
2021-11-14 01:04:27,487 [pool-559-thread-1] INFO  server.RaftServerConfigKeys (ConfUtils.java:logGet(44)) - raft.server.log.statemachine.data.sync.timeout.retry = -1 (default)
2021-11-14 01:04:27,488 [pool-559-thread-1] INFO  server.RaftServerConfigKeys (ConfUtils.java:logGet(44)) - raft.server.log.write.buffer.size = 1048576 (custom)
2021-11-14 01:04:27,488 [pool-559-thread-1] INFO  server.RaftServerConfigKeys (ConfUtils.java:logGet(44)) - raft.server.log.statemachine.data.caching.enabled = true (custom)
2021-11-14 01:04:27,489 [pool-559-thread-1] INFO  segmented.SegmentedRaftLogWorker (SegmentedRaftLogWorker.java:lambda$new$0(133)) - 42593a4f-89d4-4363-aad7-ee84fdc40b17@group-728CC57844C0-SegmentedRaftLogWorker: flushIndex: setUnconditionally 0 -> -1
2021-11-14 01:04:27,489 [pool-559-thread-1] INFO  segmented.SegmentedRaftLogWorker (SegmentedRaftLogWorker.java:lambda$new$0(133)) - 42593a4f-89d4-4363-aad7-ee84fdc40b17@group-728CC57844C0-SegmentedRaftLogWorker: safeCacheEvictIndex: setUnconditionally 0 -> -1
2021-11-14 01:04:27,501 [pool-559-thread-1] INFO  server.RaftServerConfigKeys (ConfUtils.java:logGet(44)) - raft.server.snapshot.auto.trigger.enabled = true (custom)
2021-11-14 01:04:27,502 [pool-559-thread-1] INFO  server.RaftServerConfigKeys (ConfUtils.java:logGet(44)) - raft.server.snapshot.auto.trigger.threshold = 10000 (custom)
2021-11-14 01:04:27,502 [pool-559-thread-1] INFO  server.RaftServerConfigKeys (ConfUtils.java:logGet(44)) - raft.server.snapshot.retention.file.num = 5 (custom)
2021-11-14 01:04:27,502 [pool-559-thread-1] INFO  server.RaftServerConfigKeys (ConfUtils.java:logGet(44)) - raft.server.log.purge.upto.snapshot.index = false (default)
2021-11-14 01:04:27,502 [pool-559-thread-1] INFO  server.RaftServerConfigKeys (ConfUtils.java:logGet(44)) - raft.server.retrycache.expirytime = 600000ms (custom)
2021-11-14 01:04:27,502 [pool-559-thread-1] INFO  server.RaftServerConfigKeys (ConfUtils.java:logGet(44)) - raft.server.retrycache.statistics.expirytime = 100μs (default)
2021-11-14 01:04:27,504 [pool-559-thread-1] INFO  server.RaftServer$Division (RaftServerImpl.java:start(301)) - 42593a4f-89d4-4363-aad7-ee84fdc40b17@group-728CC57844C0: start as a follower, conf=-1: [a5432c49-5461-405d-b7d7-37e5c225d9bf|rpc:10.1.0.47:33007|dataStream:|priority:1, 32069a0d-f39a-42d5-b706-96b3f478e9d8|rpc:10.1.0.47:43355|dataStream:|priority:0, 42593a4f-89d4-4363-aad7-ee84fdc40b17|rpc:10.1.0.47:38117|dataStream:|priority:0], old=null
2021-11-14 01:04:27,505 [pool-559-thread-1] INFO  server.RaftServer$Division (RaftServerImpl.java:setRole(290)) - 42593a4f-89d4-4363-aad7-ee84fdc40b17@group-728CC57844C0: changes role from      null to FOLLOWER at term 0 for startAsFollower
2021-11-14 01:04:27,505 [pool-559-thread-1] INFO  impl.RoleInfo (RoleInfo.java:updateAndGet(130)) - 42593a4f-89d4-4363-aad7-ee84fdc40b17: start 42593a4f-89d4-4363-aad7-ee84fdc40b17@group-728CC57844C0-FollowerState
2021-11-14 01:04:27,518 [pool-559-thread-1] INFO  util.JmxRegister (JmxRegister.java:tryRegister(44)) - Successfully registered JMX Bean with object name Ratis:service=RaftServer,group=group-728CC57844C0,id=42593a4f-89d4-4363-aad7-ee84fdc40b17
2021-11-14 01:04:27,544 [Command processor thread] INFO  commandhandler.CreatePipelineCommandHandler (CreatePipelineCommandHandler.java:handle(106)) - Created Pipeline RATIS THREE PipelineID=075e133d-6554-4497-a8b7-728cc57844c0.
2021-11-14 01:04:27,650 [Command processor thread] INFO  server.RaftServer (RaftServerProxy.java:addNew(95)) - 42593a4f-89d4-4363-aad7-ee84fdc40b17: addNew group-5453DB22F216:[42593a4f-89d4-4363-aad7-ee84fdc40b17|rpc:10.1.0.47:38117|priority:1] returns group-5453DB22F216:java.util.concurrent.CompletableFuture@278b4c12[Not completed]
2021-11-14 01:04:27,651 [pool-559-thread-1] INFO  server.RaftServer$Division (RaftServerImpl.java:<init>(184)) - 42593a4f-89d4-4363-aad7-ee84fdc40b17: new RaftServerImpl for group-5453DB22F216:[42593a4f-89d4-4363-aad7-ee84fdc40b17|rpc:10.1.0.47:38117|priority:1] with ContainerStateMachine:uninitialized
2021-11-14 01:04:27,651 [pool-559-thread-1] INFO  server.RaftServerConfigKeys (ConfUtils.java:logGet(44)) - raft.server.rpc.timeout.min = 5s (custom)
2021-11-14 01:04:27,651 [pool-559-thread-1] INFO  server.RaftServerConfigKeys (ConfUtils.java:logGet(44)) - raft.server.rpc.timeout.max = 5200ms (custom)
2021-11-14 01:04:27,651 [pool-559-thread-1] INFO  server.RaftServerConfigKeys (ConfUtils.java:logGet(44)) - raft.server.rpc.sleep.time = 25ms (default)
2021-11-14 01:04:27,651 [pool-559-thread-1] INFO  server.RaftServerConfigKeys (ConfUtils.java:logGet(44)) - raft.server.rpc.slowness.timeout = 300000ms (custom)
2021-11-14 01:04:27,651 [pool-559-thread-1] INFO  server.RaftServerConfigKeys (ConfUtils.java:logGet(44)) - raft.server.leaderelection.leader.step-down.wait-time = 10s (default)
2021-11-14 01:04:27,652 [pool-559-thread-1] INFO  server.RaftServerConfigKeys (ConfUtils.java:logGet(44)) - raft.server.sleep.deviation.threshold = 300ms (default)
2021-11-14 01:04:27,652 [pool-559-thread-1] INFO  server.RaftServerConfigKeys (ConfUtils.java:logGet(44)) - raft.server.log.appender.install.snapshot.enabled = false (custom)
2021-11-14 01:04:27,652 [pool-559-thread-1] INFO  server.RaftServer$Division (ServerState.java:<init>(105)) - 42593a4f-89d4-4363-aad7-ee84fdc40b17@group-5453DB22F216: ConfigurationManager, init=-1: [42593a4f-89d4-4363-aad7-ee84fdc40b17|rpc:10.1.0.47:38117|priority:1], old=null, confs=<EMPTY_MAP>
2021-11-14 01:04:27,652 [pool-559-thread-1] INFO  server.RaftServerConfigKeys (ConfUtils.java:logGet(44)) - raft.server.storage.dir = [/home/runner/work/ozone/ozone/hadoop-ozone/integration-test/target/test-dir/MiniOzoneClusterImpl-5b6cbd2a-2976-43bc-8d1c-e3ca86cddeeb/datanode-2/data/ratis] (custom)
2021-11-14 01:04:27,652 [pool-559-thread-1] INFO  server.RaftServerConfigKeys (ConfUtils.java:logGet(44)) - raft.server.log.corruption.policy = EXCEPTION (default)
2021-11-14 01:04:27,652 [pool-559-thread-1] INFO  server.RaftServerConfigKeys (ConfUtils.java:logGet(44)) - raft.server.storage.free-space.min = 0MB (=0) (default)
2021-11-14 01:04:27,652 [pool-559-thread-1] INFO  storage.RaftStorageDirectory (RaftStorageDirectoryImpl.java:analyzeStorage(135)) - The storage directory /home/runner/work/ozone/ozone/hadoop-ozone/integration-test/target/test-dir/MiniOzoneClusterImpl-5b6cbd2a-2976-43bc-8d1c-e3ca86cddeeb/datanode-2/data/ratis/9877ffae-06a8-41cd-9b6b-5453db22f216 does not exist. Creating ...
2021-11-14 01:04:27,660 [pool-559-thread-1] INFO  storage.RaftStorageDirectory (RaftStorageDirectoryImpl.java:tryLock(230)) - Lock on /home/runner/work/ozone/ozone/hadoop-ozone/integration-test/target/test-dir/MiniOzoneClusterImpl-5b6cbd2a-2976-43bc-8d1c-e3ca86cddeeb/datanode-2/data/ratis/9877ffae-06a8-41cd-9b6b-5453db22f216/in_use.lock acquired by nodename 9791@fv-az395-453
2021-11-14 01:04:27,663 [pool-559-thread-1] INFO  storage.RaftStorage (RaftStorageImpl.java:format(89)) - Storage directory /home/runner/work/ozone/ozone/hadoop-ozone/integration-test/target/test-dir/MiniOzoneClusterImpl-5b6cbd2a-2976-43bc-8d1c-e3ca86cddeeb/datanode-2/data/ratis/9877ffae-06a8-41cd-9b6b-5453db22f216 has been successfully formatted.
2021-11-14 01:04:27,663 [pool-559-thread-1] INFO  ratis.ContainerStateMachine (ContainerStateMachine.java:loadSnapshot(224)) - group-5453DB22F216: The snapshot info is null. Setting the last applied indexto:(t:0, i:~)
2021-11-14 01:04:27,664 [pool-559-thread-1] INFO  server.RaftServerConfigKeys (ConfUtils.java:logGet(44)) - raft.server.notification.no-leader.timeout = 300000ms (custom)
2021-11-14 01:04:27,664 [pool-559-thread-1] INFO  server.RaftServerConfigKeys (ConfUtils.java:logGet(44)) - raft.server.log.use.memory = false (default)
2021-11-14 01:04:27,664 [pool-559-thread-1] INFO  server.RaftServerConfigKeys (ConfUtils.java:logGet(44)) - raft.server.log.purge.gap = 1000000 (custom)
2021-11-14 01:04:27,664 [EventQueue-PipelineReportForPipelineReportHandler] INFO  pipeline.PipelineManagerImpl (PipelineManagerImpl.java:openPipeline(289)) - Pipeline Pipeline[ Id: 9877ffae-06a8-41cd-9b6b-5453db22f216, Nodes: 42593a4f-89d4-4363-aad7-ee84fdc40b17{ip: 10.1.0.47, host: fv-az395-453.zfmzfyrfkyou3ow0tsr0jxwq1e.bx.internal.cloudapp.net, ports: [REPLICATION=44265, RATIS=38117, RATIS_ADMIN=38117, RATIS_SERVER=38117, STANDALONE=45285], networkLocation: /default-rack, certSerialId: null, persistedOpState: IN_SERVICE, persistedOpStateExpiryEpochSec: 0}, ReplicationConfig: RATIS/ONE, State:ALLOCATED, leaderId:42593a4f-89d4-4363-aad7-ee84fdc40b17, CreationTimestamp2021-11-14T01:04:24.655Z[Etc/UTC]] moved to OPEN state
2021-11-14 01:04:27,665 [EventQueue-OpenPipelineForHealthyPipelineSafeModeRule] INFO  safemode.SCMSafeModeManager (HealthyPipelineSafeModeRule.java:process(124)) - SCM in safe mode. Healthy pipelines reported count is 0, required healthy pipeline reported count is 1
2021-11-14 01:04:27,665 [pool-559-thread-1] INFO  server.RaftServerConfigKeys (ConfUtils.java:logGet(44)) - raft.server.log.appender.buffer.byte-limit = 33554432 (custom)
2021-11-14 01:04:27,665 [pool-559-thread-1] INFO  server.RaftServerConfigKeys (ConfUtils.java:logGet(44)) - raft.server.log.segment.size.max = 1048576 (custom)
2021-11-14 01:04:27,666 [pool-559-thread-1] INFO  server.RaftServerConfigKeys (ConfUtils.java:logGet(44)) - raft.server.log.segment.cache.num.max = 2 (custom)
2021-11-14 01:04:27,666 [pool-559-thread-1] INFO  server.RaftServerConfigKeys (ConfUtils.java:logGet(44)) - raft.server.log.segment.cache.size.max = 200MB (=209715200) (default)
2021-11-14 01:04:27,666 [pool-559-thread-1] INFO  segmented.SegmentedRaftLogWorker (SegmentedRaftLogWorker.java:<init>(182)) - new 42593a4f-89d4-4363-aad7-ee84fdc40b17@group-5453DB22F216-SegmentedRaftLogWorker for RaftStorageImpl:Storage Directory /home/runner/work/ozone/ozone/hadoop-ozone/integration-test/target/test-dir/MiniOzoneClusterImpl-5b6cbd2a-2976-43bc-8d1c-e3ca86cddeeb/datanode-2/data/ratis/9877ffae-06a8-41cd-9b6b-5453db22f216
2021-11-14 01:04:27,666 [pool-559-thread-1] INFO  server.RaftServerConfigKeys (ConfUtils.java:logGet(44)) - raft.server.log.queue.byte-limit = 2147483647 (custom)
2021-11-14 01:04:27,666 [pool-559-thread-1] INFO  server.RaftServerConfigKeys (ConfUtils.java:logGet(44)) - raft.server.log.queue.element-limit = 1024 (custom)
2021-11-14 01:04:27,667 [pool-559-thread-1] INFO  server.RaftServerConfigKeys (ConfUtils.java:logGet(44)) - raft.server.log.segment.size.max = 1048576 (custom)
2021-11-14 01:04:27,667 [pool-559-thread-1] INFO  server.RaftServerConfigKeys (ConfUtils.java:logGet(44)) - raft.server.log.preallocated.size = 16384 (custom)
2021-11-14 01:04:27,667 [pool-559-thread-1] INFO  server.RaftServerConfigKeys (ConfUtils.java:logGet(44)) - raft.server.log.force.sync.num = 128 (default)
2021-11-14 01:04:27,667 [pool-559-thread-1] INFO  server.RaftServerConfigKeys (ConfUtils.java:logGet(44)) - raft.server.log.statemachine.data.sync = true (default)
2021-11-14 01:04:27,667 [pool-559-thread-1] INFO  server.RaftServerConfigKeys (ConfUtils.java:logGet(44)) - raft.server.log.statemachine.data.sync.timeout = 10s (default)
2021-11-14 01:04:27,671 [pool-559-thread-1] INFO  server.RaftServerConfigKeys (ConfUtils.java:logGet(44)) - raft.server.log.statemachine.data.sync.timeout.retry = -1 (default)
2021-11-14 01:04:27,672 [pool-559-thread-1] INFO  server.RaftServerConfigKeys (ConfUtils.java:logGet(44)) - raft.server.log.write.buffer.size = 1048576 (custom)
2021-11-14 01:04:27,674 [pool-559-thread-1] INFO  server.RaftServerConfigKeys (ConfUtils.java:logGet(44)) - raft.server.log.statemachine.data.caching.enabled = true (custom)
2021-11-14 01:04:27,674 [pool-559-thread-1] INFO  segmented.SegmentedRaftLogWorker (SegmentedRaftLogWorker.java:lambda$new$0(133)) - 42593a4f-89d4-4363-aad7-ee84fdc40b17@group-5453DB22F216-SegmentedRaftLogWorker: flushIndex: setUnconditionally 0 -> -1
2021-11-14 01:04:27,674 [pool-559-thread-1] INFO  segmented.SegmentedRaftLogWorker (SegmentedRaftLogWorker.java:lambda$new$0(133)) - 42593a4f-89d4-4363-aad7-ee84fdc40b17@group-5453DB22F216-SegmentedRaftLogWorker: safeCacheEvictIndex: setUnconditionally 0 -> -1
2021-11-14 01:04:27,675 [pool-559-thread-1] INFO  server.RaftServerConfigKeys (ConfUtils.java:logGet(44)) - raft.server.snapshot.auto.trigger.enabled = true (custom)
2021-11-14 01:04:27,675 [pool-559-thread-1] INFO  server.RaftServerConfigKeys (ConfUtils.java:logGet(44)) - raft.server.snapshot.auto.trigger.threshold = 10000 (custom)
2021-11-14 01:04:27,675 [pool-559-thread-1] INFO  server.RaftServerConfigKeys (ConfUtils.java:logGet(44)) - raft.server.snapshot.retention.file.num = 5 (custom)
2021-11-14 01:04:27,675 [pool-559-thread-1] INFO  server.RaftServerConfigKeys (ConfUtils.java:logGet(44)) - raft.server.log.purge.upto.snapshot.index = false (default)
2021-11-14 01:04:27,675 [pool-559-thread-1] INFO  server.RaftServerConfigKeys (ConfUtils.java:logGet(44)) - raft.server.retrycache.expirytime = 600000ms (custom)
2021-11-14 01:04:27,675 [pool-559-thread-1] INFO  server.RaftServerConfigKeys (ConfUtils.java:logGet(44)) - raft.server.retrycache.statistics.expirytime = 100μs (default)
2021-11-14 01:04:27,676 [pool-559-thread-1] INFO  server.RaftServer$Division (RaftServerImpl.java:start(301)) - 42593a4f-89d4-4363-aad7-ee84fdc40b17@group-5453DB22F216: start as a follower, conf=-1: [42593a4f-89d4-4363-aad7-ee84fdc40b17|rpc:10.1.0.47:38117|priority:1], old=null
2021-11-14 01:04:27,677 [pool-559-thread-1] INFO  server.RaftServer$Division (RaftServerImpl.java:setRole(290)) - 42593a4f-89d4-4363-aad7-ee84fdc40b17@group-5453DB22F216: changes role from      null to FOLLOWER at term 0 for startAsFollower
2021-11-14 01:04:27,677 [pool-559-thread-1] INFO  impl.RoleInfo (RoleInfo.java:updateAndGet(130)) - 42593a4f-89d4-4363-aad7-ee84fdc40b17: start 42593a4f-89d4-4363-aad7-ee84fdc40b17@group-5453DB22F216-FollowerState
2021-11-14 01:04:27,684 [pool-559-thread-1] INFO  util.JmxRegister (JmxRegister.java:tryRegister(44)) - Successfully registered JMX Bean with object name Ratis:service=RaftServer,group=group-5453DB22F216,id=42593a4f-89d4-4363-aad7-ee84fdc40b17
2021-11-14 01:04:27,689 [Command processor thread] INFO  ratis.XceiverServerRatis (XceiverServerRatis.java:addGroup(768)) - Created group PipelineID=9877ffae-06a8-41cd-9b6b-5453db22f216
2021-11-14 01:04:27,689 [Command processor thread] INFO  commandhandler.CreatePipelineCommandHandler (CreatePipelineCommandHandler.java:handle(106)) - Created Pipeline RATIS ONE PipelineID=9877ffae-06a8-41cd-9b6b-5453db22f216.
2021-11-14 01:04:27,961 [Command processor thread] INFO  server.RaftServer (RaftServerProxy.java:addNew(95)) - 8f64935f-b83c-4009-bc32-b4395deb71aa: addNew group-BD964F6AA3B8:[8f64935f-b83c-4009-bc32-b4395deb71aa|rpc:10.1.0.47:45069|priority:1] returns group-BD964F6AA3B8:java.util.concurrent.CompletableFuture@3cf50f02[Not completed]
2021-11-14 01:04:27,967 [pool-578-thread-1] INFO  server.RaftServer$Division (RaftServerImpl.java:<init>(184)) - 8f64935f-b83c-4009-bc32-b4395deb71aa: new RaftServerImpl for group-BD964F6AA3B8:[8f64935f-b83c-4009-bc32-b4395deb71aa|rpc:10.1.0.47:45069|priority:1] with ContainerStateMachine:uninitialized
2021-11-14 01:04:27,967 [pool-578-thread-1] INFO  server.RaftServerConfigKeys (ConfUtils.java:logGet(44)) - raft.server.rpc.timeout.min = 5s (custom)
2021-11-14 01:04:27,967 [pool-578-thread-1] INFO  server.RaftServerConfigKeys (ConfUtils.java:logGet(44)) - raft.server.rpc.timeout.max = 5200ms (custom)
2021-11-14 01:04:27,967 [pool-578-thread-1] INFO  server.RaftServerConfigKeys (ConfUtils.java:logGet(44)) - raft.server.rpc.sleep.time = 25ms (default)
2021-11-14 01:04:27,967 [pool-578-thread-1] INFO  server.RaftServerConfigKeys (ConfUtils.java:logGet(44)) - raft.server.rpc.slowness.timeout = 300000ms (custom)
2021-11-14 01:04:27,967 [pool-578-thread-1] INFO  server.RaftServerConfigKeys (ConfUtils.java:logGet(44)) - raft.server.leaderelection.leader.step-down.wait-time = 10s (default)
2021-11-14 01:04:27,967 [pool-578-thread-1] INFO  server.RaftServerConfigKeys (ConfUtils.java:logGet(44)) - raft.server.sleep.deviation.threshold = 300ms (default)
2021-11-14 01:04:27,967 [pool-578-thread-1] INFO  server.RaftServerConfigKeys (ConfUtils.java:logGet(44)) - raft.server.log.appender.install.snapshot.enabled = false (custom)
2021-11-14 01:04:27,968 [pool-578-thread-1] INFO  server.RaftServer$Division (ServerState.java:<init>(105)) - 8f64935f-b83c-4009-bc32-b4395deb71aa@group-BD964F6AA3B8: ConfigurationManager, init=-1: [8f64935f-b83c-4009-bc32-b4395deb71aa|rpc:10.1.0.47:45069|priority:1], old=null, confs=<EMPTY_MAP>
2021-11-14 01:04:27,968 [pool-578-thread-1] INFO  server.RaftServerConfigKeys (ConfUtils.java:logGet(44)) - raft.server.storage.dir = [/home/runner/work/ozone/ozone/hadoop-ozone/integration-test/target/test-dir/MiniOzoneClusterImpl-5b6cbd2a-2976-43bc-8d1c-e3ca86cddeeb/datanode-3/data/ratis] (custom)
2021-11-14 01:04:27,968 [pool-578-thread-1] INFO  server.RaftServerConfigKeys (ConfUtils.java:logGet(44)) - raft.server.log.corruption.policy = EXCEPTION (default)
2021-11-14 01:04:27,968 [pool-578-thread-1] INFO  server.RaftServerConfigKeys (ConfUtils.java:logGet(44)) - raft.server.storage.free-space.min = 0MB (=0) (default)
2021-11-14 01:04:27,968 [pool-578-thread-1] INFO  storage.RaftStorageDirectory (RaftStorageDirectoryImpl.java:analyzeStorage(135)) - The storage directory /home/runner/work/ozone/ozone/hadoop-ozone/integration-test/target/test-dir/MiniOzoneClusterImpl-5b6cbd2a-2976-43bc-8d1c-e3ca86cddeeb/datanode-3/data/ratis/2299449d-ae01-4eb1-b672-bd964f6aa3b8 does not exist. Creating ...
2021-11-14 01:04:27,982 [pool-578-thread-1] INFO  storage.RaftStorageDirectory (RaftStorageDirectoryImpl.java:tryLock(230)) - Lock on /home/runner/work/ozone/ozone/hadoop-ozone/integration-test/target/test-dir/MiniOzoneClusterImpl-5b6cbd2a-2976-43bc-8d1c-e3ca86cddeeb/datanode-3/data/ratis/2299449d-ae01-4eb1-b672-bd964f6aa3b8/in_use.lock acquired by nodename 9791@fv-az395-453
2021-11-14 01:04:27,983 [pool-578-thread-1] INFO  storage.RaftStorage (RaftStorageImpl.java:format(89)) - Storage directory /home/runner/work/ozone/ozone/hadoop-ozone/integration-test/target/test-dir/MiniOzoneClusterImpl-5b6cbd2a-2976-43bc-8d1c-e3ca86cddeeb/datanode-3/data/ratis/2299449d-ae01-4eb1-b672-bd964f6aa3b8 has been successfully formatted.
2021-11-14 01:04:27,999 [pool-578-thread-1] INFO  ratis.ContainerStateMachine (ContainerStateMachine.java:loadSnapshot(224)) - group-BD964F6AA3B8: The snapshot info is null. Setting the last applied indexto:(t:0, i:~)
2021-11-14 01:04:27,999 [pool-578-thread-1] INFO  server.RaftServerConfigKeys (ConfUtils.java:logGet(44)) - raft.server.notification.no-leader.timeout = 300000ms (custom)
2021-11-14 01:04:27,999 [pool-578-thread-1] INFO  server.RaftServerConfigKeys (ConfUtils.java:logGet(44)) - raft.server.log.use.memory = false (default)
2021-11-14 01:04:27,999 [pool-578-thread-1] INFO  server.RaftServerConfigKeys (ConfUtils.java:logGet(44)) - raft.server.log.purge.gap = 1000000 (custom)
2021-11-14 01:04:27,999 [pool-578-thread-1] INFO  server.RaftServerConfigKeys (ConfUtils.java:logGet(44)) - raft.server.log.appender.buffer.byte-limit = 33554432 (custom)
2021-11-14 01:04:28,000 [pool-578-thread-1] INFO  server.RaftServerConfigKeys (ConfUtils.java:logGet(44)) - raft.server.log.segment.size.max = 1048576 (custom)
2021-11-14 01:04:28,000 [pool-578-thread-1] INFO  server.RaftServerConfigKeys (ConfUtils.java:logGet(44)) - raft.server.log.segment.cache.num.max = 2 (custom)
2021-11-14 01:04:28,000 [pool-578-thread-1] INFO  server.RaftServerConfigKeys (ConfUtils.java:logGet(44)) - raft.server.log.segment.cache.size.max = 200MB (=209715200) (default)
2021-11-14 01:04:28,000 [pool-578-thread-1] INFO  segmented.SegmentedRaftLogWorker (SegmentedRaftLogWorker.java:<init>(182)) - new 8f64935f-b83c-4009-bc32-b4395deb71aa@group-BD964F6AA3B8-SegmentedRaftLogWorker for RaftStorageImpl:Storage Directory /home/runner/work/ozone/ozone/hadoop-ozone/integration-test/target/test-dir/MiniOzoneClusterImpl-5b6cbd2a-2976-43bc-8d1c-e3ca86cddeeb/datanode-3/data/ratis/2299449d-ae01-4eb1-b672-bd964f6aa3b8
2021-11-14 01:04:28,000 [pool-578-thread-1] INFO  server.RaftServerConfigKeys (ConfUtils.java:logGet(44)) - raft.server.log.queue.byte-limit = 2147483647 (custom)
2021-11-14 01:04:28,000 [pool-578-thread-1] INFO  server.RaftServerConfigKeys (ConfUtils.java:logGet(44)) - raft.server.log.queue.element-limit = 1024 (custom)
2021-11-14 01:04:28,000 [pool-578-thread-1] INFO  server.RaftServerConfigKeys (ConfUtils.java:logGet(44)) - raft.server.log.segment.size.max = 1048576 (custom)
2021-11-14 01:04:28,000 [pool-578-thread-1] INFO  server.RaftServerConfigKeys (ConfUtils.java:logGet(44)) - raft.server.log.preallocated.size = 16384 (custom)
2021-11-14 01:04:28,000 [pool-578-thread-1] INFO  server.RaftServerConfigKeys (ConfUtils.java:logGet(44)) - raft.server.log.force.sync.num = 128 (default)
2021-11-14 01:04:28,001 [pool-578-thread-1] INFO  server.RaftServerConfigKeys (ConfUtils.java:logGet(44)) - raft.server.log.statemachine.data.sync = true (default)
2021-11-14 01:04:28,001 [pool-578-thread-1] INFO  server.RaftServerConfigKeys (ConfUtils.java:logGet(44)) - raft.server.log.statemachine.data.sync.timeout = 10s (default)
2021-11-14 01:04:28,001 [pool-578-thread-1] INFO  server.RaftServerConfigKeys (ConfUtils.java:logGet(44)) - raft.server.log.statemachine.data.sync.timeout.retry = -1 (default)
2021-11-14 01:04:28,003 [EventQueue-PipelineReportForPipelineReportHandler] INFO  pipeline.PipelineManagerImpl (PipelineManagerImpl.java:openPipeline(289)) - Pipeline Pipeline[ Id: 2299449d-ae01-4eb1-b672-bd964f6aa3b8, Nodes: 8f64935f-b83c-4009-bc32-b4395deb71aa{ip: 10.1.0.47, host: fv-az395-453.zfmzfyrfkyou3ow0tsr0jxwq1e.bx.internal.cloudapp.net, ports: [REPLICATION=43731, RATIS=45069, RATIS_ADMIN=45069, RATIS_SERVER=45069, STANDALONE=39111], networkLocation: /default-rack, certSerialId: null, persistedOpState: IN_SERVICE, persistedOpStateExpiryEpochSec: 0}, ReplicationConfig: RATIS/ONE, State:ALLOCATED, leaderId:8f64935f-b83c-4009-bc32-b4395deb71aa, CreationTimestamp2021-11-14T01:04:24.933Z[Etc/UTC]] moved to OPEN state
2021-11-14 01:04:28,003 [EventQueue-OpenPipelineForHealthyPipelineSafeModeRule] INFO  safemode.SCMSafeModeManager (HealthyPipelineSafeModeRule.java:process(124)) - SCM in safe mode. Healthy pipelines reported count is 0, required healthy pipeline reported count is 1
2021-11-14 01:04:28,007 [pool-578-thread-1] INFO  server.RaftServerConfigKeys (ConfUtils.java:logGet(44)) - raft.server.log.write.buffer.size = 1048576 (custom)
2021-11-14 01:04:28,008 [pool-578-thread-1] INFO  server.RaftServerConfigKeys (ConfUtils.java:logGet(44)) - raft.server.log.statemachine.data.caching.enabled = true (custom)
2021-11-14 01:04:28,008 [pool-578-thread-1] INFO  segmented.SegmentedRaftLogWorker (SegmentedRaftLogWorker.java:lambda$new$0(133)) - 8f64935f-b83c-4009-bc32-b4395deb71aa@group-BD964F6AA3B8-SegmentedRaftLogWorker: flushIndex: setUnconditionally 0 -> -1
2021-11-14 01:04:28,008 [pool-578-thread-1] INFO  segmented.SegmentedRaftLogWorker (SegmentedRaftLogWorker.java:lambda$new$0(133)) - 8f64935f-b83c-4009-bc32-b4395deb71aa@group-BD964F6AA3B8-SegmentedRaftLogWorker: safeCacheEvictIndex: setUnconditionally 0 -> -1
2021-11-14 01:04:28,015 [pool-578-thread-1] INFO  server.RaftServerConfigKeys (ConfUtils.java:logGet(44)) - raft.server.snapshot.auto.trigger.enabled = true (custom)
2021-11-14 01:04:28,021 [pool-578-thread-1] INFO  server.RaftServerConfigKeys (ConfUtils.java:logGet(44)) - raft.server.snapshot.auto.trigger.threshold = 10000 (custom)
2021-11-14 01:04:28,021 [pool-578-thread-1] INFO  server.RaftServerConfigKeys (ConfUtils.java:logGet(44)) - raft.server.snapshot.retention.file.num = 5 (custom)
2021-11-14 01:04:28,021 [pool-578-thread-1] INFO  server.RaftServerConfigKeys (ConfUtils.java:logGet(44)) - raft.server.log.purge.upto.snapshot.index = false (default)
2021-11-14 01:04:28,021 [pool-578-thread-1] INFO  server.RaftServerConfigKeys (ConfUtils.java:logGet(44)) - raft.server.retrycache.expirytime = 600000ms (custom)
2021-11-14 01:04:28,022 [pool-578-thread-1] INFO  server.RaftServerConfigKeys (ConfUtils.java:logGet(44)) - raft.server.retrycache.statistics.expirytime = 100μs (default)
2021-11-14 01:04:28,023 [pool-578-thread-1] INFO  server.RaftServer$Division (RaftServerImpl.java:start(301)) - 8f64935f-b83c-4009-bc32-b4395deb71aa@group-BD964F6AA3B8: start as a follower, conf=-1: [8f64935f-b83c-4009-bc32-b4395deb71aa|rpc:10.1.0.47:45069|priority:1], old=null
2021-11-14 01:04:28,028 [pool-578-thread-1] INFO  server.RaftServer$Division (RaftServerImpl.java:setRole(290)) - 8f64935f-b83c-4009-bc32-b4395deb71aa@group-BD964F6AA3B8: changes role from      null to FOLLOWER at term 0 for startAsFollower
2021-11-14 01:04:28,028 [pool-578-thread-1] INFO  impl.RoleInfo (RoleInfo.java:updateAndGet(130)) - 8f64935f-b83c-4009-bc32-b4395deb71aa: start 8f64935f-b83c-4009-bc32-b4395deb71aa@group-BD964F6AA3B8-FollowerState
2021-11-14 01:04:28,041 [pool-578-thread-1] INFO  util.JmxRegister (JmxRegister.java:tryRegister(44)) - Successfully registered JMX Bean with object name Ratis:service=RaftServer,group=group-BD964F6AA3B8,id=8f64935f-b83c-4009-bc32-b4395deb71aa
2021-11-14 01:04:28,042 [Command processor thread] INFO  ratis.XceiverServerRatis (XceiverServerRatis.java:addGroup(768)) - Created group PipelineID=2299449d-ae01-4eb1-b672-bd964f6aa3b8
2021-11-14 01:04:28,042 [Command processor thread] INFO  commandhandler.CreatePipelineCommandHandler (CreatePipelineCommandHandler.java:handle(106)) - Created Pipeline RATIS ONE PipelineID=2299449d-ae01-4eb1-b672-bd964f6aa3b8.
2021-11-14 01:04:28,043 [Command processor thread] INFO  server.RaftServer (RaftServerProxy.java:addNew(95)) - 8f64935f-b83c-4009-bc32-b4395deb71aa: addNew group-B41A3219138A:[e624a09e-d66f-4eff-951a-8f24e1213b58|rpc:10.1.0.47:41437|priority:0, 8f64935f-b83c-4009-bc32-b4395deb71aa|rpc:10.1.0.47:45069|priority:0, 5b42674d-a9fa-4183-866d-d0b91026c546|rpc:10.1.0.47:35089|priority:1] returns group-B41A3219138A:java.util.concurrent.CompletableFuture@38ca9c44[Not completed]
2021-11-14 01:04:28,043 [pool-578-thread-1] INFO  server.RaftServer$Division (RaftServerImpl.java:<init>(184)) - 8f64935f-b83c-4009-bc32-b4395deb71aa: new RaftServerImpl for group-B41A3219138A:[e624a09e-d66f-4eff-951a-8f24e1213b58|rpc:10.1.0.47:41437|priority:0, 8f64935f-b83c-4009-bc32-b4395deb71aa|rpc:10.1.0.47:45069|priority:0, 5b42674d-a9fa-4183-866d-d0b91026c546|rpc:10.1.0.47:35089|priority:1] with ContainerStateMachine:uninitialized
2021-11-14 01:04:28,044 [pool-578-thread-1] INFO  server.RaftServerConfigKeys (ConfUtils.java:logGet(44)) - raft.server.rpc.timeout.min = 5s (custom)
2021-11-14 01:04:28,044 [pool-578-thread-1] INFO  server.RaftServerConfigKeys (ConfUtils.java:logGet(44)) - raft.server.rpc.timeout.max = 5200ms (custom)
2021-11-14 01:04:28,044 [pool-578-thread-1] INFO  server.RaftServerConfigKeys (ConfUtils.java:logGet(44)) - raft.server.rpc.sleep.time = 25ms (default)
2021-11-14 01:04:28,044 [pool-578-thread-1] INFO  server.RaftServerConfigKeys (ConfUtils.java:logGet(44)) - raft.server.rpc.slowness.timeout = 300000ms (custom)
2021-11-14 01:04:28,044 [pool-578-thread-1] INFO  server.RaftServerConfigKeys (ConfUtils.java:logGet(44)) - raft.server.leaderelection.leader.step-down.wait-time = 10s (default)
2021-11-14 01:04:28,044 [pool-578-thread-1] INFO  server.RaftServerConfigKeys (ConfUtils.java:logGet(44)) - raft.server.sleep.deviation.threshold = 300ms (default)
2021-11-14 01:04:28,044 [pool-578-thread-1] INFO  server.RaftServerConfigKeys (ConfUtils.java:logGet(44)) - raft.server.log.appender.install.snapshot.enabled = false (custom)
2021-11-14 01:04:28,044 [pool-578-thread-1] INFO  server.RaftServer$Division (ServerState.java:<init>(105)) - 8f64935f-b83c-4009-bc32-b4395deb71aa@group-B41A3219138A: ConfigurationManager, init=-1: [e624a09e-d66f-4eff-951a-8f24e1213b58|rpc:10.1.0.47:41437|priority:0, 8f64935f-b83c-4009-bc32-b4395deb71aa|rpc:10.1.0.47:45069|priority:0, 5b42674d-a9fa-4183-866d-d0b91026c546|rpc:10.1.0.47:35089|priority:1], old=null, confs=<EMPTY_MAP>
2021-11-14 01:04:28,044 [pool-578-thread-1] INFO  server.RaftServerConfigKeys (ConfUtils.java:logGet(44)) - raft.server.storage.dir = [/home/runner/work/ozone/ozone/hadoop-ozone/integration-test/target/test-dir/MiniOzoneClusterImpl-5b6cbd2a-2976-43bc-8d1c-e3ca86cddeeb/datanode-3/data/ratis] (custom)
2021-11-14 01:04:28,044 [pool-578-thread-1] INFO  server.RaftServerConfigKeys (ConfUtils.java:logGet(44)) - raft.server.log.corruption.policy = EXCEPTION (default)
2021-11-14 01:04:28,044 [pool-578-thread-1] INFO  server.RaftServerConfigKeys (ConfUtils.java:logGet(44)) - raft.server.storage.free-space.min = 0MB (=0) (default)
2021-11-14 01:04:28,044 [pool-578-thread-1] INFO  storage.RaftStorageDirectory (RaftStorageDirectoryImpl.java:analyzeStorage(135)) - The storage directory /home/runner/work/ozone/ozone/hadoop-ozone/integration-test/target/test-dir/MiniOzoneClusterImpl-5b6cbd2a-2976-43bc-8d1c-e3ca86cddeeb/datanode-3/data/ratis/18bfed5b-9086-4d3b-be28-b41a3219138a does not exist. Creating ...
2021-11-14 01:04:28,050 [pool-578-thread-1] INFO  storage.RaftStorageDirectory (RaftStorageDirectoryImpl.java:tryLock(230)) - Lock on /home/runner/work/ozone/ozone/hadoop-ozone/integration-test/target/test-dir/MiniOzoneClusterImpl-5b6cbd2a-2976-43bc-8d1c-e3ca86cddeeb/datanode-3/data/ratis/18bfed5b-9086-4d3b-be28-b41a3219138a/in_use.lock acquired by nodename 9791@fv-az395-453
2021-11-14 01:04:28,057 [pool-578-thread-1] INFO  storage.RaftStorage (RaftStorageImpl.java:format(89)) - Storage directory /home/runner/work/ozone/ozone/hadoop-ozone/integration-test/target/test-dir/MiniOzoneClusterImpl-5b6cbd2a-2976-43bc-8d1c-e3ca86cddeeb/datanode-3/data/ratis/18bfed5b-9086-4d3b-be28-b41a3219138a has been successfully formatted.
2021-11-14 01:04:28,058 [pool-578-thread-1] INFO  ratis.ContainerStateMachine (ContainerStateMachine.java:loadSnapshot(224)) - group-B41A3219138A: The snapshot info is null. Setting the last applied indexto:(t:0, i:~)
2021-11-14 01:04:28,058 [pool-578-thread-1] INFO  server.RaftServerConfigKeys (ConfUtils.java:logGet(44)) - raft.server.notification.no-leader.timeout = 300000ms (custom)
2021-11-14 01:04:28,058 [pool-578-thread-1] INFO  server.RaftServerConfigKeys (ConfUtils.java:logGet(44)) - raft.server.log.use.memory = false (default)
2021-11-14 01:04:28,058 [pool-578-thread-1] INFO  server.RaftServerConfigKeys (ConfUtils.java:logGet(44)) - raft.server.log.purge.gap = 1000000 (custom)
2021-11-14 01:04:28,058 [pool-578-thread-1] INFO  server.RaftServerConfigKeys (ConfUtils.java:logGet(44)) - raft.server.log.appender.buffer.byte-limit = 33554432 (custom)
2021-11-14 01:04:28,058 [pool-578-thread-1] INFO  server.RaftServerConfigKeys (ConfUtils.java:logGet(44)) - raft.server.log.segment.size.max = 1048576 (custom)
2021-11-14 01:04:28,059 [pool-578-thread-1] INFO  server.RaftServerConfigKeys (ConfUtils.java:logGet(44)) - raft.server.log.segment.cache.num.max = 2 (custom)
2021-11-14 01:04:28,059 [pool-578-thread-1] INFO  server.RaftServerConfigKeys (ConfUtils.java:logGet(44)) - raft.server.log.segment.cache.size.max = 200MB (=209715200) (default)
2021-11-14 01:04:28,059 [pool-578-thread-1] INFO  segmented.SegmentedRaftLogWorker (SegmentedRaftLogWorker.java:<init>(182)) - new 8f64935f-b83c-4009-bc32-b4395deb71aa@group-B41A3219138A-SegmentedRaftLogWorker for RaftStorageImpl:Storage Directory /home/runner/work/ozone/ozone/hadoop-ozone/integration-test/target/test-dir/MiniOzoneClusterImpl-5b6cbd2a-2976-43bc-8d1c-e3ca86cddeeb/datanode-3/data/ratis/18bfed5b-9086-4d3b-be28-b41a3219138a
2021-11-14 01:04:28,059 [pool-578-thread-1] INFO  server.RaftServerConfigKeys (ConfUtils.java:logGet(44)) - raft.server.log.queue.byte-limit = 2147483647 (custom)
2021-11-14 01:04:28,059 [pool-578-thread-1] INFO  server.RaftServerConfigKeys (ConfUtils.java:logGet(44)) - raft.server.log.queue.element-limit = 1024 (custom)
2021-11-14 01:04:28,059 [pool-578-thread-1] INFO  server.RaftServerConfigKeys (ConfUtils.java:logGet(44)) - raft.server.log.segment.size.max = 1048576 (custom)
2021-11-14 01:04:28,059 [pool-578-thread-1] INFO  server.RaftServerConfigKeys (ConfUtils.java:logGet(44)) - raft.server.log.preallocated.size = 16384 (custom)
2021-11-14 01:04:28,059 [pool-578-thread-1] INFO  server.RaftServerConfigKeys (ConfUtils.java:logGet(44)) - raft.server.log.force.sync.num = 128 (default)
2021-11-14 01:04:28,059 [pool-578-thread-1] INFO  server.RaftServerConfigKeys (ConfUtils.java:logGet(44)) - raft.server.log.statemachine.data.sync = true (default)
2021-11-14 01:04:28,059 [pool-578-thread-1] INFO  server.RaftServerConfigKeys (ConfUtils.java:logGet(44)) - raft.server.log.statemachine.data.sync.timeout = 10s (default)
2021-11-14 01:04:28,059 [pool-578-thread-1] INFO  server.RaftServerConfigKeys (ConfUtils.java:logGet(44)) - raft.server.log.statemachine.data.sync.timeout.retry = -1 (default)
2021-11-14 01:04:28,060 [pool-578-thread-1] INFO  server.RaftServerConfigKeys (ConfUtils.java:logGet(44)) - raft.server.log.write.buffer.size = 1048576 (custom)
2021-11-14 01:04:28,062 [EventQueue-OpenPipelineForHealthyPipelineSafeModeRule] INFO  safemode.SCMSafeModeManager (HealthyPipelineSafeModeRule.java:process(124)) - SCM in safe mode. Healthy pipelines reported count is 0, required healthy pipeline reported count is 1
2021-11-14 01:04:28,063 [pool-578-thread-1] INFO  server.RaftServerConfigKeys (ConfUtils.java:logGet(44)) - raft.server.log.statemachine.data.caching.enabled = true (custom)
2021-11-14 01:04:28,063 [pool-578-thread-1] INFO  segmented.SegmentedRaftLogWorker (SegmentedRaftLogWorker.java:lambda$new$0(133)) - 8f64935f-b83c-4009-bc32-b4395deb71aa@group-B41A3219138A-SegmentedRaftLogWorker: flushIndex: setUnconditionally 0 -> -1
2021-11-14 01:04:28,063 [pool-578-thread-1] INFO  segmented.SegmentedRaftLogWorker (SegmentedRaftLogWorker.java:lambda$new$0(133)) - 8f64935f-b83c-4009-bc32-b4395deb71aa@group-B41A3219138A-SegmentedRaftLogWorker: safeCacheEvictIndex: setUnconditionally 0 -> -1
2021-11-14 01:04:28,081 [pool-578-thread-1] INFO  server.RaftServerConfigKeys (ConfUtils.java:logGet(44)) - raft.server.snapshot.auto.trigger.enabled = true (custom)
2021-11-14 01:04:28,081 [pool-578-thread-1] INFO  server.RaftServerConfigKeys (ConfUtils.java:logGet(44)) - raft.server.snapshot.auto.trigger.threshold = 10000 (custom)
2021-11-14 01:04:28,081 [pool-578-thread-1] INFO  server.RaftServerConfigKeys (ConfUtils.java:logGet(44)) - raft.server.snapshot.retention.file.num = 5 (custom)
2021-11-14 01:04:28,081 [pool-578-thread-1] INFO  server.RaftServerConfigKeys (ConfUtils.java:logGet(44)) - raft.server.log.purge.upto.snapshot.index = false (default)
2021-11-14 01:04:28,081 [pool-578-thread-1] INFO  server.RaftServerConfigKeys (ConfUtils.java:logGet(44)) - raft.server.retrycache.expirytime = 600000ms (custom)
2021-11-14 01:04:28,082 [pool-578-thread-1] INFO  server.RaftServerConfigKeys (ConfUtils.java:logGet(44)) - raft.server.retrycache.statistics.expirytime = 100μs (default)
2021-11-14 01:04:28,083 [pool-578-thread-1] INFO  server.RaftServer$Division (RaftServerImpl.java:start(301)) - 8f64935f-b83c-4009-bc32-b4395deb71aa@group-B41A3219138A: start as a follower, conf=-1: [e624a09e-d66f-4eff-951a-8f24e1213b58|rpc:10.1.0.47:41437|priority:0, 8f64935f-b83c-4009-bc32-b4395deb71aa|rpc:10.1.0.47:45069|priority:0, 5b42674d-a9fa-4183-866d-d0b91026c546|rpc:10.1.0.47:35089|priority:1], old=null
2021-11-14 01:04:28,083 [pool-578-thread-1] INFO  server.RaftServer$Division (RaftServerImpl.java:setRole(290)) - 8f64935f-b83c-4009-bc32-b4395deb71aa@group-B41A3219138A: changes role from      null to FOLLOWER at term 0 for startAsFollower
2021-11-14 01:04:28,083 [pool-578-thread-1] INFO  impl.RoleInfo (RoleInfo.java:updateAndGet(130)) - 8f64935f-b83c-4009-bc32-b4395deb71aa: start 8f64935f-b83c-4009-bc32-b4395deb71aa@group-B41A3219138A-FollowerState
2021-11-14 01:04:28,088 [pool-578-thread-1] INFO  util.JmxRegister (JmxRegister.java:tryRegister(44)) - Successfully registered JMX Bean with object name Ratis:service=RaftServer,group=group-B41A3219138A,id=8f64935f-b83c-4009-bc32-b4395deb71aa
2021-11-14 01:04:28,108 [Command processor thread] INFO  ratis.XceiverServerRatis (XceiverServerRatis.java:addGroup(768)) - Created group PipelineID=18bfed5b-9086-4d3b-be28-b41a3219138a
2021-11-14 01:04:28,131 [grpc-default-executor-1] INFO  server.RaftServer (RaftServerProxy.java:addNew(95)) - e624a09e-d66f-4eff-951a-8f24e1213b58: addNew group-B41A3219138A:[e624a09e-d66f-4eff-951a-8f24e1213b58|rpc:10.1.0.47:41437|dataStream:|priority:0, 8f64935f-b83c-4009-bc32-b4395deb71aa|rpc:10.1.0.47:45069|dataStream:|priority:0, 5b42674d-a9fa-4183-866d-d0b91026c546|rpc:10.1.0.47:35089|dataStream:|priority:1] returns group-B41A3219138A:java.util.concurrent.CompletableFuture@7292ec18[Not completed]
2021-11-14 01:04:28,156 [pool-616-thread-1] INFO  server.RaftServer$Division (RaftServerImpl.java:<init>(184)) - e624a09e-d66f-4eff-951a-8f24e1213b58: new RaftServerImpl for group-B41A3219138A:[e624a09e-d66f-4eff-951a-8f24e1213b58|rpc:10.1.0.47:41437|dataStream:|priority:0, 8f64935f-b83c-4009-bc32-b4395deb71aa|rpc:10.1.0.47:45069|dataStream:|priority:0, 5b42674d-a9fa-4183-866d-d0b91026c546|rpc:10.1.0.47:35089|dataStream:|priority:1] with ContainerStateMachine:uninitialized
2021-11-14 01:04:28,160 [pool-616-thread-1] INFO  server.RaftServerConfigKeys (ConfUtils.java:logGet(44)) - raft.server.rpc.timeout.min = 5s (custom)
2021-11-14 01:04:28,160 [pool-616-thread-1] INFO  server.RaftServerConfigKeys (ConfUtils.java:logGet(44)) - raft.server.rpc.timeout.max = 5200ms (custom)
2021-11-14 01:04:28,160 [pool-616-thread-1] INFO  server.RaftServerConfigKeys (ConfUtils.java:logGet(44)) - raft.server.rpc.sleep.time = 25ms (default)
2021-11-14 01:04:28,161 [pool-616-thread-1] INFO  server.RaftServerConfigKeys (ConfUtils.java:logGet(44)) - raft.server.rpc.slowness.timeout = 300000ms (custom)
2021-11-14 01:04:28,161 [pool-616-thread-1] INFO  server.RaftServerConfigKeys (ConfUtils.java:logGet(44)) - raft.server.leaderelection.leader.step-down.wait-time = 10s (default)
2021-11-14 01:04:28,162 [pool-616-thread-1] INFO  server.RaftServerConfigKeys (ConfUtils.java:logGet(44)) - raft.server.sleep.deviation.threshold = 300ms (default)
2021-11-14 01:04:28,165 [pool-616-thread-1] INFO  server.RaftServerConfigKeys (ConfUtils.java:logGet(44)) - raft.server.log.appender.install.snapshot.enabled = false (custom)
2021-11-14 01:04:28,165 [pool-616-thread-1] INFO  server.RaftServer$Division (ServerState.java:<init>(105)) - e624a09e-d66f-4eff-951a-8f24e1213b58@group-B41A3219138A: ConfigurationManager, init=-1: [e624a09e-d66f-4eff-951a-8f24e1213b58|rpc:10.1.0.47:41437|dataStream:|priority:0, 8f64935f-b83c-4009-bc32-b4395deb71aa|rpc:10.1.0.47:45069|dataStream:|priority:0, 5b42674d-a9fa-4183-866d-d0b91026c546|rpc:10.1.0.47:35089|dataStream:|priority:1], old=null, confs=<EMPTY_MAP>
2021-11-14 01:04:28,166 [pool-616-thread-1] INFO  server.RaftServerConfigKeys (ConfUtils.java:logGet(44)) - raft.server.storage.dir = [/home/runner/work/ozone/ozone/hadoop-ozone/integration-test/target/test-dir/MiniOzoneClusterImpl-5b6cbd2a-2976-43bc-8d1c-e3ca86cddeeb/datanode-5/data/ratis] (custom)
2021-11-14 01:04:28,166 [pool-616-thread-1] INFO  server.RaftServerConfigKeys (ConfUtils.java:logGet(44)) - raft.server.log.corruption.policy = EXCEPTION (default)
2021-11-14 01:04:28,166 [pool-616-thread-1] INFO  server.RaftServerConfigKeys (ConfUtils.java:logGet(44)) - raft.server.storage.free-space.min = 0MB (=0) (default)
2021-11-14 01:04:28,166 [pool-616-thread-1] INFO  storage.RaftStorageDirectory (RaftStorageDirectoryImpl.java:analyzeStorage(135)) - The storage directory /home/runner/work/ozone/ozone/hadoop-ozone/integration-test/target/test-dir/MiniOzoneClusterImpl-5b6cbd2a-2976-43bc-8d1c-e3ca86cddeeb/datanode-5/data/ratis/18bfed5b-9086-4d3b-be28-b41a3219138a does not exist. Creating ...
2021-11-14 01:04:28,167 [pool-616-thread-1] INFO  storage.RaftStorageDirectory (RaftStorageDirectoryImpl.java:tryLock(230)) - Lock on /home/runner/work/ozone/ozone/hadoop-ozone/integration-test/target/test-dir/MiniOzoneClusterImpl-5b6cbd2a-2976-43bc-8d1c-e3ca86cddeeb/datanode-5/data/ratis/18bfed5b-9086-4d3b-be28-b41a3219138a/in_use.lock acquired by nodename 9791@fv-az395-453
2021-11-14 01:04:28,174 [pool-616-thread-1] INFO  storage.RaftStorage (RaftStorageImpl.java:format(89)) - Storage directory /home/runner/work/ozone/ozone/hadoop-ozone/integration-test/target/test-dir/MiniOzoneClusterImpl-5b6cbd2a-2976-43bc-8d1c-e3ca86cddeeb/datanode-5/data/ratis/18bfed5b-9086-4d3b-be28-b41a3219138a has been successfully formatted.
2021-11-14 01:04:28,180 [pool-616-thread-1] INFO  ratis.ContainerStateMachine (ContainerStateMachine.java:loadSnapshot(224)) - group-B41A3219138A: The snapshot info is null. Setting the last applied indexto:(t:0, i:~)
2021-11-14 01:04:28,181 [pool-616-thread-1] INFO  server.RaftServerConfigKeys (ConfUtils.java:logGet(44)) - raft.server.notification.no-leader.timeout = 300000ms (custom)
2021-11-14 01:04:28,181 [pool-616-thread-1] INFO  server.RaftServerConfigKeys (ConfUtils.java:logGet(44)) - raft.server.log.use.memory = false (default)
2021-11-14 01:04:28,181 [pool-616-thread-1] INFO  server.RaftServerConfigKeys (ConfUtils.java:logGet(44)) - raft.server.log.purge.gap = 1000000 (custom)
2021-11-14 01:04:28,181 [pool-616-thread-1] INFO  server.RaftServerConfigKeys (ConfUtils.java:logGet(44)) - raft.server.log.appender.buffer.byte-limit = 33554432 (custom)
2021-11-14 01:04:28,181 [pool-616-thread-1] INFO  server.RaftServerConfigKeys (ConfUtils.java:logGet(44)) - raft.server.log.segment.size.max = 1048576 (custom)
2021-11-14 01:04:28,182 [pool-616-thread-1] INFO  server.RaftServerConfigKeys (ConfUtils.java:logGet(44)) - raft.server.log.segment.cache.num.max = 2 (custom)
2021-11-14 01:04:28,194 [pool-616-thread-1] INFO  server.RaftServerConfigKeys (ConfUtils.java:logGet(44)) - raft.server.log.segment.cache.size.max = 200MB (=209715200) (default)
2021-11-14 01:04:28,194 [pool-616-thread-1] INFO  segmented.SegmentedRaftLogWorker (SegmentedRaftLogWorker.java:<init>(182)) - new e624a09e-d66f-4eff-951a-8f24e1213b58@group-B41A3219138A-SegmentedRaftLogWorker for RaftStorageImpl:Storage Directory /home/runner/work/ozone/ozone/hadoop-ozone/integration-test/target/test-dir/MiniOzoneClusterImpl-5b6cbd2a-2976-43bc-8d1c-e3ca86cddeeb/datanode-5/data/ratis/18bfed5b-9086-4d3b-be28-b41a3219138a
2021-11-14 01:04:28,194 [pool-616-thread-1] INFO  server.RaftServerConfigKeys (ConfUtils.java:logGet(44)) - raft.server.log.queue.byte-limit = 2147483647 (custom)
2021-11-14 01:04:28,195 [pool-616-thread-1] INFO  server.RaftServerConfigKeys (ConfUtils.java:logGet(44)) - raft.server.log.queue.element-limit = 1024 (custom)
2021-11-14 01:04:28,195 [pool-616-thread-1] INFO  server.RaftServerConfigKeys (ConfUtils.java:logGet(44)) - raft.server.log.segment.size.max = 1048576 (custom)
2021-11-14 01:04:28,195 [pool-616-thread-1] INFO  server.RaftServerConfigKeys (ConfUtils.java:logGet(44)) - raft.server.log.preallocated.size = 16384 (custom)
2021-11-14 01:04:28,195 [pool-616-thread-1] INFO  server.RaftServerConfigKeys (ConfUtils.java:logGet(44)) - raft.server.log.force.sync.num = 128 (default)
2021-11-14 01:04:28,195 [pool-616-thread-1] INFO  server.RaftServerConfigKeys (ConfUtils.java:logGet(44)) - raft.server.log.statemachine.data.sync = true (default)
2021-11-14 01:04:28,195 [pool-616-thread-1] INFO  server.RaftServerConfigKeys (ConfUtils.java:logGet(44)) - raft.server.log.statemachine.data.sync.timeout = 10s (default)
2021-11-14 01:04:28,195 [pool-616-thread-1] INFO  server.RaftServerConfigKeys (ConfUtils.java:logGet(44)) - raft.server.log.statemachine.data.sync.timeout.retry = -1 (default)
2021-11-14 01:04:28,196 [pool-616-thread-1] INFO  server.RaftServerConfigKeys (ConfUtils.java:logGet(44)) - raft.server.log.write.buffer.size = 1048576 (custom)
2021-11-14 01:04:28,198 [pool-616-thread-1] INFO  server.RaftServerConfigKeys (ConfUtils.java:logGet(44)) - raft.server.log.statemachine.data.caching.enabled = true (custom)
2021-11-14 01:04:28,198 [pool-616-thread-1] INFO  segmented.SegmentedRaftLogWorker (SegmentedRaftLogWorker.java:lambda$new$0(133)) - e624a09e-d66f-4eff-951a-8f24e1213b58@group-B41A3219138A-SegmentedRaftLogWorker: flushIndex: setUnconditionally 0 -> -1
2021-11-14 01:04:28,198 [pool-616-thread-1] INFO  segmented.SegmentedRaftLogWorker (SegmentedRaftLogWorker.java:lambda$new$0(133)) - e624a09e-d66f-4eff-951a-8f24e1213b58@group-B41A3219138A-SegmentedRaftLogWorker: safeCacheEvictIndex: setUnconditionally 0 -> -1
2021-11-14 01:04:28,198 [pool-616-thread-1] INFO  server.RaftServerConfigKeys (ConfUtils.java:logGet(44)) - raft.server.snapshot.auto.trigger.enabled = true (custom)
2021-11-14 01:04:28,198 [pool-616-thread-1] INFO  server.RaftServerConfigKeys (ConfUtils.java:logGet(44)) - raft.server.snapshot.auto.trigger.threshold = 10000 (custom)
2021-11-14 01:04:28,198 [pool-616-thread-1] INFO  server.RaftServerConfigKeys (ConfUtils.java:logGet(44)) - raft.server.snapshot.retention.file.num = 5 (custom)
2021-11-14 01:04:28,198 [pool-616-thread-1] INFO  server.RaftServerConfigKeys (ConfUtils.java:logGet(44)) - raft.server.log.purge.upto.snapshot.index = false (default)
2021-11-14 01:04:28,198 [pool-616-thread-1] INFO  server.RaftServerConfigKeys (ConfUtils.java:logGet(44)) - raft.server.retrycache.expirytime = 600000ms (custom)
2021-11-14 01:04:28,199 [pool-616-thread-1] INFO  server.RaftServerConfigKeys (ConfUtils.java:logGet(44)) - raft.server.retrycache.statistics.expirytime = 100μs (default)
2021-11-14 01:04:28,200 [pool-616-thread-1] INFO  server.RaftServer$Division (RaftServerImpl.java:start(301)) - e624a09e-d66f-4eff-951a-8f24e1213b58@group-B41A3219138A: start as a follower, conf=-1: [e624a09e-d66f-4eff-951a-8f24e1213b58|rpc:10.1.0.47:41437|dataStream:|priority:0, 8f64935f-b83c-4009-bc32-b4395deb71aa|rpc:10.1.0.47:45069|dataStream:|priority:0, 5b42674d-a9fa-4183-866d-d0b91026c546|rpc:10.1.0.47:35089|dataStream:|priority:1], old=null
2021-11-14 01:04:28,200 [pool-616-thread-1] INFO  server.RaftServer$Division (RaftServerImpl.java:setRole(290)) - e624a09e-d66f-4eff-951a-8f24e1213b58@group-B41A3219138A: changes role from      null to FOLLOWER at term 0 for startAsFollower
2021-11-14 01:04:28,200 [pool-616-thread-1] INFO  impl.RoleInfo (RoleInfo.java:updateAndGet(130)) - e624a09e-d66f-4eff-951a-8f24e1213b58: start e624a09e-d66f-4eff-951a-8f24e1213b58@group-B41A3219138A-FollowerState
2021-11-14 01:04:28,201 [pool-616-thread-1] INFO  util.JmxRegister (JmxRegister.java:tryRegister(44)) - Successfully registered JMX Bean with object name Ratis:service=RaftServer,group=group-B41A3219138A,id=e624a09e-d66f-4eff-951a-8f24e1213b58
2021-11-14 01:04:28,256 [grpc-default-executor-1] INFO  server.RaftServer (RaftServerProxy.java:addNew(95)) - 5b42674d-a9fa-4183-866d-d0b91026c546: addNew group-B41A3219138A:[e624a09e-d66f-4eff-951a-8f24e1213b58|rpc:10.1.0.47:41437|dataStream:|priority:0, 8f64935f-b83c-4009-bc32-b4395deb71aa|rpc:10.1.0.47:45069|dataStream:|priority:0, 5b42674d-a9fa-4183-866d-d0b91026c546|rpc:10.1.0.47:35089|dataStream:|priority:1] returns group-B41A3219138A:java.util.concurrent.CompletableFuture@2d6f395e[Not completed]
2021-11-14 01:04:28,257 [pool-597-thread-1] INFO  server.RaftServer$Division (RaftServerImpl.java:<init>(184)) - 5b42674d-a9fa-4183-866d-d0b91026c546: new RaftServerImpl for group-B41A3219138A:[e624a09e-d66f-4eff-951a-8f24e1213b58|rpc:10.1.0.47:41437|dataStream:|priority:0, 8f64935f-b83c-4009-bc32-b4395deb71aa|rpc:10.1.0.47:45069|dataStream:|priority:0, 5b42674d-a9fa-4183-866d-d0b91026c546|rpc:10.1.0.47:35089|dataStream:|priority:1] with ContainerStateMachine:uninitialized
2021-11-14 01:04:28,257 [pool-597-thread-1] INFO  server.RaftServerConfigKeys (ConfUtils.java:logGet(44)) - raft.server.rpc.timeout.min = 5s (custom)
2021-11-14 01:04:28,262 [pool-597-thread-1] INFO  server.RaftServerConfigKeys (ConfUtils.java:logGet(44)) - raft.server.rpc.timeout.max = 5200ms (custom)
2021-11-14 01:04:28,262 [pool-597-thread-1] INFO  server.RaftServerConfigKeys (ConfUtils.java:logGet(44)) - raft.server.rpc.sleep.time = 25ms (default)
2021-11-14 01:04:28,263 [pool-597-thread-1] INFO  server.RaftServerConfigKeys (ConfUtils.java:logGet(44)) - raft.server.rpc.slowness.timeout = 300000ms (custom)
2021-11-14 01:04:28,263 [pool-597-thread-1] INFO  server.RaftServerConfigKeys (ConfUtils.java:logGet(44)) - raft.server.leaderelection.leader.step-down.wait-time = 10s (default)
2021-11-14 01:04:28,263 [pool-597-thread-1] INFO  server.RaftServerConfigKeys (ConfUtils.java:logGet(44)) - raft.server.sleep.deviation.threshold = 300ms (default)
2021-11-14 01:04:28,263 [pool-597-thread-1] INFO  server.RaftServerConfigKeys (ConfUtils.java:logGet(44)) - raft.server.log.appender.install.snapshot.enabled = false (custom)
2021-11-14 01:04:28,263 [pool-597-thread-1] INFO  server.RaftServer$Division (ServerState.java:<init>(105)) - 5b42674d-a9fa-4183-866d-d0b91026c546@group-B41A3219138A: ConfigurationManager, init=-1: [e624a09e-d66f-4eff-951a-8f24e1213b58|rpc:10.1.0.47:41437|dataStream:|priority:0, 8f64935f-b83c-4009-bc32-b4395deb71aa|rpc:10.1.0.47:45069|dataStream:|priority:0, 5b42674d-a9fa-4183-866d-d0b91026c546|rpc:10.1.0.47:35089|dataStream:|priority:1], old=null, confs=<EMPTY_MAP>
2021-11-14 01:04:28,263 [pool-597-thread-1] INFO  server.RaftServerConfigKeys (ConfUtils.java:logGet(44)) - raft.server.storage.dir = [/home/runner/work/ozone/ozone/hadoop-ozone/integration-test/target/test-dir/MiniOzoneClusterImpl-5b6cbd2a-2976-43bc-8d1c-e3ca86cddeeb/datanode-4/data/ratis] (custom)
2021-11-14 01:04:28,263 [pool-597-thread-1] INFO  server.RaftServerConfigKeys (ConfUtils.java:logGet(44)) - raft.server.log.corruption.policy = EXCEPTION (default)
2021-11-14 01:04:28,263 [pool-597-thread-1] INFO  server.RaftServerConfigKeys (ConfUtils.java:logGet(44)) - raft.server.storage.free-space.min = 0MB (=0) (default)
2021-11-14 01:04:28,263 [pool-597-thread-1] INFO  storage.RaftStorageDirectory (RaftStorageDirectoryImpl.java:analyzeStorage(135)) - The storage directory /home/runner/work/ozone/ozone/hadoop-ozone/integration-test/target/test-dir/MiniOzoneClusterImpl-5b6cbd2a-2976-43bc-8d1c-e3ca86cddeeb/datanode-4/data/ratis/18bfed5b-9086-4d3b-be28-b41a3219138a does not exist. Creating ...
2021-11-14 01:04:28,269 [pool-597-thread-1] INFO  storage.RaftStorageDirectory (RaftStorageDirectoryImpl.java:tryLock(230)) - Lock on /home/runner/work/ozone/ozone/hadoop-ozone/integration-test/target/test-dir/MiniOzoneClusterImpl-5b6cbd2a-2976-43bc-8d1c-e3ca86cddeeb/datanode-4/data/ratis/18bfed5b-9086-4d3b-be28-b41a3219138a/in_use.lock acquired by nodename 9791@fv-az395-453
2021-11-14 01:04:28,276 [pool-597-thread-1] INFO  storage.RaftStorage (RaftStorageImpl.java:format(89)) - Storage directory /home/runner/work/ozone/ozone/hadoop-ozone/integration-test/target/test-dir/MiniOzoneClusterImpl-5b6cbd2a-2976-43bc-8d1c-e3ca86cddeeb/datanode-4/data/ratis/18bfed5b-9086-4d3b-be28-b41a3219138a has been successfully formatted.
2021-11-14 01:04:28,309 [pool-597-thread-1] INFO  ratis.ContainerStateMachine (ContainerStateMachine.java:loadSnapshot(224)) - group-B41A3219138A: The snapshot info is null. Setting the last applied indexto:(t:0, i:~)
2021-11-14 01:04:28,309 [pool-597-thread-1] INFO  server.RaftServerConfigKeys (ConfUtils.java:logGet(44)) - raft.server.notification.no-leader.timeout = 300000ms (custom)
2021-11-14 01:04:28,310 [pool-597-thread-1] INFO  server.RaftServerConfigKeys (ConfUtils.java:logGet(44)) - raft.server.log.use.memory = false (default)
2021-11-14 01:04:28,310 [pool-597-thread-1] INFO  server.RaftServerConfigKeys (ConfUtils.java:logGet(44)) - raft.server.log.purge.gap = 1000000 (custom)
2021-11-14 01:04:28,310 [pool-597-thread-1] INFO  server.RaftServerConfigKeys (ConfUtils.java:logGet(44)) - raft.server.log.appender.buffer.byte-limit = 33554432 (custom)
2021-11-14 01:04:28,310 [pool-597-thread-1] INFO  server.RaftServerConfigKeys (ConfUtils.java:logGet(44)) - raft.server.log.segment.size.max = 1048576 (custom)
2021-11-14 01:04:28,310 [pool-597-thread-1] INFO  server.RaftServerConfigKeys (ConfUtils.java:logGet(44)) - raft.server.log.segment.cache.num.max = 2 (custom)
2021-11-14 01:04:28,311 [pool-597-thread-1] INFO  server.RaftServerConfigKeys (ConfUtils.java:logGet(44)) - raft.server.log.segment.cache.size.max = 200MB (=209715200) (default)
2021-11-14 01:04:28,311 [pool-597-thread-1] INFO  segmented.SegmentedRaftLogWorker (SegmentedRaftLogWorker.java:<init>(182)) - new 5b42674d-a9fa-4183-866d-d0b91026c546@group-B41A3219138A-SegmentedRaftLogWorker for RaftStorageImpl:Storage Directory /home/runner/work/ozone/ozone/hadoop-ozone/integration-test/target/test-dir/MiniOzoneClusterImpl-5b6cbd2a-2976-43bc-8d1c-e3ca86cddeeb/datanode-4/data/ratis/18bfed5b-9086-4d3b-be28-b41a3219138a
2021-11-14 01:04:28,311 [pool-597-thread-1] INFO  server.RaftServerConfigKeys (ConfUtils.java:logGet(44)) - raft.server.log.queue.byte-limit = 2147483647 (custom)
2021-11-14 01:04:28,311 [pool-597-thread-1] INFO  server.RaftServerConfigKeys (ConfUtils.java:logGet(44)) - raft.server.log.queue.element-limit = 1024 (custom)
2021-11-14 01:04:28,311 [pool-597-thread-1] INFO  server.RaftServerConfigKeys (ConfUtils.java:logGet(44)) - raft.server.log.segment.size.max = 1048576 (custom)
2021-11-14 01:04:28,311 [pool-597-thread-1] INFO  server.RaftServerConfigKeys (ConfUtils.java:logGet(44)) - raft.server.log.preallocated.size = 16384 (custom)
2021-11-14 01:04:28,311 [pool-597-thread-1] INFO  server.RaftServerConfigKeys (ConfUtils.java:logGet(44)) - raft.server.log.force.sync.num = 128 (default)
2021-11-14 01:04:28,311 [pool-597-thread-1] INFO  server.RaftServerConfigKeys (ConfUtils.java:logGet(44)) - raft.server.log.statemachine.data.sync = true (default)
2021-11-14 01:04:28,311 [pool-597-thread-1] INFO  server.RaftServerConfigKeys (ConfUtils.java:logGet(44)) - raft.server.log.statemachine.data.sync.timeout = 10s (default)
2021-11-14 01:04:28,311 [pool-597-thread-1] INFO  server.RaftServerConfigKeys (ConfUtils.java:logGet(44)) - raft.server.log.statemachine.data.sync.timeout.retry = -1 (default)
2021-11-14 01:04:28,312 [pool-597-thread-1] INFO  server.RaftServerConfigKeys (ConfUtils.java:logGet(44)) - raft.server.log.write.buffer.size = 1048576 (custom)
2021-11-14 01:04:28,313 [pool-597-thread-1] INFO  server.RaftServerConfigKeys (ConfUtils.java:logGet(44)) - raft.server.log.statemachine.data.caching.enabled = true (custom)
2021-11-14 01:04:28,325 [Command processor thread] INFO  server.RaftServer (RaftServerProxy.java:addNew(95)) - 5b42674d-a9fa-4183-866d-d0b91026c546: addNew group-49E67502BCBE:[5b42674d-a9fa-4183-866d-d0b91026c546|rpc:10.1.0.47:35089|priority:1] returns group-49E67502BCBE:java.util.concurrent.CompletableFuture@77c0cd29[Not completed]
2021-11-14 01:04:28,327 [pool-597-thread-1] INFO  segmented.SegmentedRaftLogWorker (SegmentedRaftLogWorker.java:lambda$new$0(133)) - 5b42674d-a9fa-4183-866d-d0b91026c546@group-B41A3219138A-SegmentedRaftLogWorker: flushIndex: setUnconditionally 0 -> -1
2021-11-14 01:04:28,327 [pool-597-thread-1] INFO  segmented.SegmentedRaftLogWorker (SegmentedRaftLogWorker.java:lambda$new$0(133)) - 5b42674d-a9fa-4183-866d-d0b91026c546@group-B41A3219138A-SegmentedRaftLogWorker: safeCacheEvictIndex: setUnconditionally 0 -> -1
2021-11-14 01:04:28,330 [pool-597-thread-1] INFO  server.RaftServerConfigKeys (ConfUtils.java:logGet(44)) - raft.server.snapshot.auto.trigger.enabled = true (custom)
2021-11-14 01:04:28,330 [pool-597-thread-1] INFO  server.RaftServerConfigKeys (ConfUtils.java:logGet(44)) - raft.server.snapshot.auto.trigger.threshold = 10000 (custom)
2021-11-14 01:04:28,330 [pool-597-thread-1] INFO  server.RaftServerConfigKeys (ConfUtils.java:logGet(44)) - raft.server.snapshot.retention.file.num = 5 (custom)
2021-11-14 01:04:28,330 [pool-597-thread-1] INFO  server.RaftServerConfigKeys (ConfUtils.java:logGet(44)) - raft.server.log.purge.upto.snapshot.index = false (default)
2021-11-14 01:04:28,330 [pool-597-thread-1] INFO  server.RaftServerConfigKeys (ConfUtils.java:logGet(44)) - raft.server.retrycache.expirytime = 600000ms (custom)
2021-11-14 01:04:28,331 [pool-597-thread-1] INFO  server.RaftServerConfigKeys (ConfUtils.java:logGet(44)) - raft.server.retrycache.statistics.expirytime = 100μs (default)
2021-11-14 01:04:28,334 [pool-597-thread-1] INFO  server.RaftServer$Division (RaftServerImpl.java:<init>(184)) - 5b42674d-a9fa-4183-866d-d0b91026c546: new RaftServerImpl for group-49E67502BCBE:[5b42674d-a9fa-4183-866d-d0b91026c546|rpc:10.1.0.47:35089|priority:1] with ContainerStateMachine:uninitialized
2021-11-14 01:04:28,334 [pool-597-thread-1] INFO  server.RaftServerConfigKeys (ConfUtils.java:logGet(44)) - raft.server.rpc.timeout.min = 5s (custom)
2021-11-14 01:04:28,334 [pool-597-thread-1] INFO  server.RaftServerConfigKeys (ConfUtils.java:logGet(44)) - raft.server.rpc.timeout.max = 5200ms (custom)
2021-11-14 01:04:28,334 [pool-597-thread-1] INFO  server.RaftServerConfigKeys (ConfUtils.java:logGet(44)) - raft.server.rpc.sleep.time = 25ms (default)
2021-11-14 01:04:28,334 [pool-597-thread-1] INFO  server.RaftServerConfigKeys (ConfUtils.java:logGet(44)) - raft.server.rpc.slowness.timeout = 300000ms (custom)
2021-11-14 01:04:28,334 [pool-597-thread-1] INFO  server.RaftServerConfigKeys (ConfUtils.java:logGet(44)) - raft.server.leaderelection.leader.step-down.wait-time = 10s (default)
2021-11-14 01:04:28,334 [pool-597-thread-1] INFO  server.RaftServerConfigKeys (ConfUtils.java:logGet(44)) - raft.server.sleep.deviation.threshold = 300ms (default)
2021-11-14 01:04:28,334 [pool-597-thread-1] INFO  server.RaftServerConfigKeys (ConfUtils.java:logGet(44)) - raft.server.log.appender.install.snapshot.enabled = false (custom)
2021-11-14 01:04:28,334 [pool-597-thread-1] INFO  server.RaftServer$Division (ServerState.java:<init>(105)) - 5b42674d-a9fa-4183-866d-d0b91026c546@group-49E67502BCBE: ConfigurationManager, init=-1: [5b42674d-a9fa-4183-866d-d0b91026c546|rpc:10.1.0.47:35089|priority:1], old=null, confs=<EMPTY_MAP>
2021-11-14 01:04:28,334 [pool-597-thread-1] INFO  server.RaftServerConfigKeys (ConfUtils.java:logGet(44)) - raft.server.storage.dir = [/home/runner/work/ozone/ozone/hadoop-ozone/integration-test/target/test-dir/MiniOzoneClusterImpl-5b6cbd2a-2976-43bc-8d1c-e3ca86cddeeb/datanode-4/data/ratis] (custom)
2021-11-14 01:04:28,334 [pool-597-thread-1] INFO  server.RaftServerConfigKeys (ConfUtils.java:logGet(44)) - raft.server.log.corruption.policy = EXCEPTION (default)
2021-11-14 01:04:28,335 [pool-597-thread-1] INFO  server.RaftServerConfigKeys (ConfUtils.java:logGet(44)) - raft.server.storage.free-space.min = 0MB (=0) (default)
2021-11-14 01:04:28,335 [pool-597-thread-1] INFO  storage.RaftStorageDirectory (RaftStorageDirectoryImpl.java:analyzeStorage(135)) - The storage directory /home/runner/work/ozone/ozone/hadoop-ozone/integration-test/target/test-dir/MiniOzoneClusterImpl-5b6cbd2a-2976-43bc-8d1c-e3ca86cddeeb/datanode-4/data/ratis/73954cd4-b9e7-4cf0-9245-49e67502bcbe does not exist. Creating ...
2021-11-14 01:04:28,336 [pool-597-thread-1] INFO  storage.RaftStorageDirectory (RaftStorageDirectoryImpl.java:tryLock(230)) - Lock on /home/runner/work/ozone/ozone/hadoop-ozone/integration-test/target/test-dir/MiniOzoneClusterImpl-5b6cbd2a-2976-43bc-8d1c-e3ca86cddeeb/datanode-4/data/ratis/73954cd4-b9e7-4cf0-9245-49e67502bcbe/in_use.lock acquired by nodename 9791@fv-az395-453
2021-11-14 01:04:28,338 [pool-597-thread-1] INFO  storage.RaftStorage (RaftStorageImpl.java:format(89)) - Storage directory /home/runner/work/ozone/ozone/hadoop-ozone/integration-test/target/test-dir/MiniOzoneClusterImpl-5b6cbd2a-2976-43bc-8d1c-e3ca86cddeeb/datanode-4/data/ratis/73954cd4-b9e7-4cf0-9245-49e67502bcbe has been successfully formatted.
2021-11-14 01:04:28,339 [EventQueue-PipelineReportForPipelineReportHandler] INFO  pipeline.PipelineManagerImpl (PipelineManagerImpl.java:openPipeline(289)) - Pipeline Pipeline[ Id: 73954cd4-b9e7-4cf0-9245-49e67502bcbe, Nodes: 5b42674d-a9fa-4183-866d-d0b91026c546{ip: 10.1.0.47, host: fv-az395-453.zfmzfyrfkyou3ow0tsr0jxwq1e.bx.internal.cloudapp.net, ports: [REPLICATION=37017, RATIS=35089, RATIS_ADMIN=35089, RATIS_SERVER=35089, STANDALONE=42415], networkLocation: /default-rack, certSerialId: null, persistedOpState: IN_SERVICE, persistedOpStateExpiryEpochSec: 0}, ReplicationConfig: RATIS/ONE, State:ALLOCATED, leaderId:5b42674d-a9fa-4183-866d-d0b91026c546, CreationTimestamp2021-11-14T01:04:25.327Z[Etc/UTC]] moved to OPEN state
2021-11-14 01:04:28,339 [pool-597-thread-1] INFO  ratis.ContainerStateMachine (ContainerStateMachine.java:loadSnapshot(224)) - group-49E67502BCBE: The snapshot info is null. Setting the last applied indexto:(t:0, i:~)
2021-11-14 01:04:28,339 [pool-597-thread-1] INFO  server.RaftServerConfigKeys (ConfUtils.java:logGet(44)) - raft.server.notification.no-leader.timeout = 300000ms (custom)
2021-11-14 01:04:28,339 [pool-597-thread-1] INFO  server.RaftServerConfigKeys (ConfUtils.java:logGet(44)) - raft.server.log.use.memory = false (default)
2021-11-14 01:04:28,339 [EventQueue-OpenPipelineForHealthyPipelineSafeModeRule] INFO  safemode.SCMSafeModeManager (HealthyPipelineSafeModeRule.java:process(124)) - SCM in safe mode. Healthy pipelines reported count is 0, required healthy pipeline reported count is 1
2021-11-14 01:04:28,340 [pool-597-thread-1] INFO  server.RaftServerConfigKeys (ConfUtils.java:logGet(44)) - raft.server.log.purge.gap = 1000000 (custom)
2021-11-14 01:04:28,349 [pool-597-thread-1] INFO  server.RaftServerConfigKeys (ConfUtils.java:logGet(44)) - raft.server.log.appender.buffer.byte-limit = 33554432 (custom)
2021-11-14 01:04:28,349 [pool-597-thread-1] INFO  server.RaftServerConfigKeys (ConfUtils.java:logGet(44)) - raft.server.log.segment.size.max = 1048576 (custom)
2021-11-14 01:04:28,350 [pool-597-thread-1] INFO  server.RaftServerConfigKeys (ConfUtils.java:logGet(44)) - raft.server.log.segment.cache.num.max = 2 (custom)
2021-11-14 01:04:28,358 [pool-597-thread-1] INFO  server.RaftServerConfigKeys (ConfUtils.java:logGet(44)) - raft.server.log.segment.cache.size.max = 200MB (=209715200) (default)
2021-11-14 01:04:28,358 [pool-597-thread-1] INFO  segmented.SegmentedRaftLogWorker (SegmentedRaftLogWorker.java:<init>(182)) - new 5b42674d-a9fa-4183-866d-d0b91026c546@group-49E67502BCBE-SegmentedRaftLogWorker for RaftStorageImpl:Storage Directory /home/runner/work/ozone/ozone/hadoop-ozone/integration-test/target/test-dir/MiniOzoneClusterImpl-5b6cbd2a-2976-43bc-8d1c-e3ca86cddeeb/datanode-4/data/ratis/73954cd4-b9e7-4cf0-9245-49e67502bcbe
2021-11-14 01:04:28,358 [pool-597-thread-1] INFO  server.RaftServerConfigKeys (ConfUtils.java:logGet(44)) - raft.server.log.queue.byte-limit = 2147483647 (custom)
2021-11-14 01:04:28,358 [pool-597-thread-1] INFO  server.RaftServerConfigKeys (ConfUtils.java:logGet(44)) - raft.server.log.queue.element-limit = 1024 (custom)
2021-11-14 01:04:28,358 [pool-597-thread-1] INFO  server.RaftServerConfigKeys (ConfUtils.java:logGet(44)) - raft.server.log.segment.size.max = 1048576 (custom)
2021-11-14 01:04:28,358 [pool-597-thread-1] INFO  server.RaftServerConfigKeys (ConfUtils.java:logGet(44)) - raft.server.log.preallocated.size = 16384 (custom)
2021-11-14 01:04:28,359 [pool-597-thread-1] INFO  server.RaftServerConfigKeys (ConfUtils.java:logGet(44)) - raft.server.log.force.sync.num = 128 (default)
2021-11-14 01:04:28,359 [pool-597-thread-1] INFO  server.RaftServerConfigKeys (ConfUtils.java:logGet(44)) - raft.server.log.statemachine.data.sync = true (default)
2021-11-14 01:04:28,359 [pool-597-thread-1] INFO  server.RaftServerConfigKeys (ConfUtils.java:logGet(44)) - raft.server.log.statemachine.data.sync.timeout = 10s (default)
2021-11-14 01:04:28,359 [pool-597-thread-1] INFO  server.RaftServerConfigKeys (ConfUtils.java:logGet(44)) - raft.server.log.statemachine.data.sync.timeout.retry = -1 (default)
2021-11-14 01:04:28,360 [pool-597-thread-1] INFO  server.RaftServerConfigKeys (ConfUtils.java:logGet(44)) - raft.server.log.write.buffer.size = 1048576 (custom)
2021-11-14 01:04:28,366 [pool-597-thread-1] INFO  server.RaftServerConfigKeys (ConfUtils.java:logGet(44)) - raft.server.log.statemachine.data.caching.enabled = true (custom)
2021-11-14 01:04:28,366 [pool-597-thread-1] INFO  segmented.SegmentedRaftLogWorker (SegmentedRaftLogWorker.java:lambda$new$0(133)) - 5b42674d-a9fa-4183-866d-d0b91026c546@group-49E67502BCBE-SegmentedRaftLogWorker: flushIndex: setUnconditionally 0 -> -1
2021-11-14 01:04:28,366 [pool-597-thread-1] INFO  segmented.SegmentedRaftLogWorker (SegmentedRaftLogWorker.java:lambda$new$0(133)) - 5b42674d-a9fa-4183-866d-d0b91026c546@group-49E67502BCBE-SegmentedRaftLogWorker: safeCacheEvictIndex: setUnconditionally 0 -> -1
2021-11-14 01:04:28,367 [pool-597-thread-1] INFO  server.RaftServerConfigKeys (ConfUtils.java:logGet(44)) - raft.server.snapshot.auto.trigger.enabled = true (custom)
2021-11-14 01:04:28,367 [pool-597-thread-1] INFO  server.RaftServerConfigKeys (ConfUtils.java:logGet(44)) - raft.server.snapshot.auto.trigger.threshold = 10000 (custom)
2021-11-14 01:04:28,367 [pool-597-thread-1] INFO  server.RaftServerConfigKeys (ConfUtils.java:logGet(44)) - raft.server.snapshot.retention.file.num = 5 (custom)
2021-11-14 01:04:28,367 [pool-597-thread-1] INFO  server.RaftServerConfigKeys (ConfUtils.java:logGet(44)) - raft.server.log.purge.upto.snapshot.index = false (default)
2021-11-14 01:04:28,367 [pool-597-thread-1] INFO  server.RaftServerConfigKeys (ConfUtils.java:logGet(44)) - raft.server.retrycache.expirytime = 600000ms (custom)
2021-11-14 01:04:28,367 [pool-597-thread-1] INFO  server.RaftServerConfigKeys (ConfUtils.java:logGet(44)) - raft.server.retrycache.statistics.expirytime = 100μs (default)
2021-11-14 01:04:28,369 [pool-597-thread-1] INFO  server.RaftServer$Division (RaftServerImpl.java:start(301)) - 5b42674d-a9fa-4183-866d-d0b91026c546@group-B41A3219138A: start as a follower, conf=-1: [e624a09e-d66f-4eff-951a-8f24e1213b58|rpc:10.1.0.47:41437|dataStream:|priority:0, 8f64935f-b83c-4009-bc32-b4395deb71aa|rpc:10.1.0.47:45069|dataStream:|priority:0, 5b42674d-a9fa-4183-866d-d0b91026c546|rpc:10.1.0.47:35089|dataStream:|priority:1], old=null
2021-11-14 01:04:28,369 [pool-597-thread-1] INFO  server.RaftServer$Division (RaftServerImpl.java:setRole(290)) - 5b42674d-a9fa-4183-866d-d0b91026c546@group-B41A3219138A: changes role from      null to FOLLOWER at term 0 for startAsFollower
2021-11-14 01:04:28,385 [pool-597-thread-1] INFO  impl.RoleInfo (RoleInfo.java:updateAndGet(130)) - 5b42674d-a9fa-4183-866d-d0b91026c546: start 5b42674d-a9fa-4183-866d-d0b91026c546@group-B41A3219138A-FollowerState
2021-11-14 01:04:28,390 [pool-597-thread-1] INFO  util.JmxRegister (JmxRegister.java:tryRegister(44)) - Successfully registered JMX Bean with object name Ratis:service=RaftServer,group=group-B41A3219138A,id=5b42674d-a9fa-4183-866d-d0b91026c546
2021-11-14 01:04:28,391 [pool-597-thread-1] INFO  server.RaftServer$Division (RaftServerImpl.java:start(301)) - 5b42674d-a9fa-4183-866d-d0b91026c546@group-49E67502BCBE: start as a follower, conf=-1: [5b42674d-a9fa-4183-866d-d0b91026c546|rpc:10.1.0.47:35089|priority:1], old=null
2021-11-14 01:04:28,391 [pool-597-thread-1] INFO  server.RaftServer$Division (RaftServerImpl.java:setRole(290)) - 5b42674d-a9fa-4183-866d-d0b91026c546@group-49E67502BCBE: changes role from      null to FOLLOWER at term 0 for startAsFollower
2021-11-14 01:04:28,391 [pool-597-thread-1] INFO  impl.RoleInfo (RoleInfo.java:updateAndGet(130)) - 5b42674d-a9fa-4183-866d-d0b91026c546: start 5b42674d-a9fa-4183-866d-d0b91026c546@group-49E67502BCBE-FollowerState
2021-11-14 01:04:28,397 [pool-597-thread-1] INFO  util.JmxRegister (JmxRegister.java:tryRegister(44)) - Successfully registered JMX Bean with object name Ratis:service=RaftServer,group=group-49E67502BCBE,id=5b42674d-a9fa-4183-866d-d0b91026c546
2021-11-14 01:04:28,418 [Command processor thread] INFO  commandhandler.CreatePipelineCommandHandler (CreatePipelineCommandHandler.java:handle(106)) - Created Pipeline RATIS THREE PipelineID=18bfed5b-9086-4d3b-be28-b41a3219138a.
2021-11-14 01:04:28,418 [Command processor thread] INFO  server.RaftServer (RaftServerProxy.java:addNew(95)) - 8f64935f-b83c-4009-bc32-b4395deb71aa: addNew group-B8A997D08E4F:[e624a09e-d66f-4eff-951a-8f24e1213b58|rpc:10.1.0.47:41437|priority:0, 8f64935f-b83c-4009-bc32-b4395deb71aa|rpc:10.1.0.47:45069|priority:1, 5b42674d-a9fa-4183-866d-d0b91026c546|rpc:10.1.0.47:35089|priority:0] returns group-B8A997D08E4F:java.util.concurrent.CompletableFuture@e4fdde4[Not completed]
2021-11-14 01:04:28,419 [pool-578-thread-1] INFO  server.RaftServer$Division (RaftServerImpl.java:<init>(184)) - 8f64935f-b83c-4009-bc32-b4395deb71aa: new RaftServerImpl for group-B8A997D08E4F:[e624a09e-d66f-4eff-951a-8f24e1213b58|rpc:10.1.0.47:41437|priority:0, 8f64935f-b83c-4009-bc32-b4395deb71aa|rpc:10.1.0.47:45069|priority:1, 5b42674d-a9fa-4183-866d-d0b91026c546|rpc:10.1.0.47:35089|priority:0] with ContainerStateMachine:uninitialized
2021-11-14 01:04:28,419 [pool-578-thread-1] INFO  server.RaftServerConfigKeys (ConfUtils.java:logGet(44)) - raft.server.rpc.timeout.min = 5s (custom)
2021-11-14 01:04:28,419 [pool-578-thread-1] INFO  server.RaftServerConfigKeys (ConfUtils.java:logGet(44)) - raft.server.rpc.timeout.max = 5200ms (custom)
2021-11-14 01:04:28,419 [pool-578-thread-1] INFO  server.RaftServerConfigKeys (ConfUtils.java:logGet(44)) - raft.server.rpc.sleep.time = 25ms (default)
2021-11-14 01:04:28,419 [pool-578-thread-1] INFO  server.RaftServerConfigKeys (ConfUtils.java:logGet(44)) - raft.server.rpc.slowness.timeout = 300000ms (custom)
2021-11-14 01:04:28,419 [pool-578-thread-1] INFO  server.RaftServerConfigKeys (ConfUtils.java:logGet(44)) - raft.server.leaderelection.leader.step-down.wait-time = 10s (default)
2021-11-14 01:04:28,419 [pool-578-thread-1] INFO  server.RaftServerConfigKeys (ConfUtils.java:logGet(44)) - raft.server.sleep.deviation.threshold = 300ms (default)
2021-11-14 01:04:28,419 [pool-578-thread-1] INFO  server.RaftServerConfigKeys (ConfUtils.java:logGet(44)) - raft.server.log.appender.install.snapshot.enabled = false (custom)
2021-11-14 01:04:28,419 [pool-578-thread-1] INFO  server.RaftServer$Division (ServerState.java:<init>(105)) - 8f64935f-b83c-4009-bc32-b4395deb71aa@group-B8A997D08E4F: ConfigurationManager, init=-1: [e624a09e-d66f-4eff-951a-8f24e1213b58|rpc:10.1.0.47:41437|priority:0, 8f64935f-b83c-4009-bc32-b4395deb71aa|rpc:10.1.0.47:45069|priority:1, 5b42674d-a9fa-4183-866d-d0b91026c546|rpc:10.1.0.47:35089|priority:0], old=null, confs=<EMPTY_MAP>
2021-11-14 01:04:28,419 [pool-578-thread-1] INFO  server.RaftServerConfigKeys (ConfUtils.java:logGet(44)) - raft.server.storage.dir = [/home/runner/work/ozone/ozone/hadoop-ozone/integration-test/target/test-dir/MiniOzoneClusterImpl-5b6cbd2a-2976-43bc-8d1c-e3ca86cddeeb/datanode-3/data/ratis] (custom)
2021-11-14 01:04:28,420 [pool-578-thread-1] INFO  server.RaftServerConfigKeys (ConfUtils.java:logGet(44)) - raft.server.log.corruption.policy = EXCEPTION (default)
2021-11-14 01:04:28,420 [pool-578-thread-1] INFO  server.RaftServerConfigKeys (ConfUtils.java:logGet(44)) - raft.server.storage.free-space.min = 0MB (=0) (default)
2021-11-14 01:04:28,420 [pool-578-thread-1] INFO  storage.RaftStorageDirectory (RaftStorageDirectoryImpl.java:analyzeStorage(135)) - The storage directory /home/runner/work/ozone/ozone/hadoop-ozone/integration-test/target/test-dir/MiniOzoneClusterImpl-5b6cbd2a-2976-43bc-8d1c-e3ca86cddeeb/datanode-3/data/ratis/f6c2ffd6-7342-4066-bffd-b8a997d08e4f does not exist. Creating ...
2021-11-14 01:04:28,435 [Command processor thread] INFO  ratis.XceiverServerRatis (XceiverServerRatis.java:addGroup(768)) - Created group PipelineID=73954cd4-b9e7-4cf0-9245-49e67502bcbe
2021-11-14 01:04:28,435 [Command processor thread] INFO  commandhandler.CreatePipelineCommandHandler (CreatePipelineCommandHandler.java:handle(106)) - Created Pipeline RATIS ONE PipelineID=73954cd4-b9e7-4cf0-9245-49e67502bcbe.
2021-11-14 01:04:28,435 [Command processor thread] INFO  server.RaftServer (RaftServerProxy.java:addNew(95)) - 5b42674d-a9fa-4183-866d-d0b91026c546: addNew group-B8A997D08E4F:[e624a09e-d66f-4eff-951a-8f24e1213b58|rpc:10.1.0.47:41437|priority:0, 8f64935f-b83c-4009-bc32-b4395deb71aa|rpc:10.1.0.47:45069|priority:1, 5b42674d-a9fa-4183-866d-d0b91026c546|rpc:10.1.0.47:35089|priority:0] returns group-B8A997D08E4F:java.util.concurrent.CompletableFuture@79072da1[Not completed]
2021-11-14 01:04:28,435 [Listener at 127.0.0.1/34021] INFO  ozone.MiniOzoneClusterImpl (MiniOzoneClusterImpl.java:lambda$waitForClusterToBeReady$0(235)) - Nodes are ready. Got 7 of 7 DN Heartbeats.
2021-11-14 01:04:28,435 [Listener at 127.0.0.1/34021] INFO  ozone.MiniOzoneClusterImpl (MiniOzoneClusterImpl.java:lambda$waitForClusterToBeReady$0(238)) - Waiting for cluster to exit safe mode
2021-11-14 01:04:28,435 [Listener at 127.0.0.1/34021] INFO  ozone.MiniOzoneClusterImpl (MiniOzoneClusterImpl.java:lambda$waitForClusterToBeReady$0(240)) - SCM became leader
2021-11-14 01:04:28,436 [pool-597-thread-1] INFO  server.RaftServer$Division (RaftServerImpl.java:<init>(184)) - 5b42674d-a9fa-4183-866d-d0b91026c546: new RaftServerImpl for group-B8A997D08E4F:[e624a09e-d66f-4eff-951a-8f24e1213b58|rpc:10.1.0.47:41437|priority:0, 8f64935f-b83c-4009-bc32-b4395deb71aa|rpc:10.1.0.47:45069|priority:1, 5b42674d-a9fa-4183-866d-d0b91026c546|rpc:10.1.0.47:35089|priority:0] with ContainerStateMachine:uninitialized
2021-11-14 01:04:28,437 [pool-597-thread-1] INFO  server.RaftServerConfigKeys (ConfUtils.java:logGet(44)) - raft.server.rpc.timeout.min = 5s (custom)
2021-11-14 01:04:28,437 [pool-597-thread-1] INFO  server.RaftServerConfigKeys (ConfUtils.java:logGet(44)) - raft.server.rpc.timeout.max = 5200ms (custom)
2021-11-14 01:04:28,437 [pool-597-thread-1] INFO  server.RaftServerConfigKeys (ConfUtils.java:logGet(44)) - raft.server.rpc.sleep.time = 25ms (default)
2021-11-14 01:04:28,437 [pool-597-thread-1] INFO  server.RaftServerConfigKeys (ConfUtils.java:logGet(44)) - raft.server.rpc.slowness.timeout = 300000ms (custom)
2021-11-14 01:04:28,437 [pool-597-thread-1] INFO  server.RaftServerConfigKeys (ConfUtils.java:logGet(44)) - raft.server.leaderelection.leader.step-down.wait-time = 10s (default)
2021-11-14 01:04:28,437 [pool-597-thread-1] INFO  server.RaftServerConfigKeys (ConfUtils.java:logGet(44)) - raft.server.sleep.deviation.threshold = 300ms (default)
2021-11-14 01:04:28,437 [pool-597-thread-1] INFO  server.RaftServerConfigKeys (ConfUtils.java:logGet(44)) - raft.server.log.appender.install.snapshot.enabled = false (custom)
2021-11-14 01:04:28,437 [pool-597-thread-1] INFO  server.RaftServer$Division (ServerState.java:<init>(105)) - 5b42674d-a9fa-4183-866d-d0b91026c546@group-B8A997D08E4F: ConfigurationManager, init=-1: [e624a09e-d66f-4eff-951a-8f24e1213b58|rpc:10.1.0.47:41437|priority:0, 8f64935f-b83c-4009-bc32-b4395deb71aa|rpc:10.1.0.47:45069|priority:1, 5b42674d-a9fa-4183-866d-d0b91026c546|rpc:10.1.0.47:35089|priority:0], old=null, confs=<EMPTY_MAP>
2021-11-14 01:04:28,437 [pool-597-thread-1] INFO  server.RaftServerConfigKeys (ConfUtils.java:logGet(44)) - raft.server.storage.dir = [/home/runner/work/ozone/ozone/hadoop-ozone/integration-test/target/test-dir/MiniOzoneClusterImpl-5b6cbd2a-2976-43bc-8d1c-e3ca86cddeeb/datanode-4/data/ratis] (custom)
2021-11-14 01:04:28,437 [pool-597-thread-1] INFO  server.RaftServerConfigKeys (ConfUtils.java:logGet(44)) - raft.server.log.corruption.policy = EXCEPTION (default)
2021-11-14 01:04:28,437 [pool-597-thread-1] INFO  server.RaftServerConfigKeys (ConfUtils.java:logGet(44)) - raft.server.storage.free-space.min = 0MB (=0) (default)
2021-11-14 01:04:28,437 [pool-597-thread-1] INFO  storage.RaftStorageDirectory (RaftStorageDirectoryImpl.java:analyzeStorage(135)) - The storage directory /home/runner/work/ozone/ozone/hadoop-ozone/integration-test/target/test-dir/MiniOzoneClusterImpl-5b6cbd2a-2976-43bc-8d1c-e3ca86cddeeb/datanode-4/data/ratis/f6c2ffd6-7342-4066-bffd-b8a997d08e4f does not exist. Creating ...
2021-11-14 01:04:28,439 [pool-578-thread-1] INFO  storage.RaftStorageDirectory (RaftStorageDirectoryImpl.java:tryLock(230)) - Lock on /home/runner/work/ozone/ozone/hadoop-ozone/integration-test/target/test-dir/MiniOzoneClusterImpl-5b6cbd2a-2976-43bc-8d1c-e3ca86cddeeb/datanode-3/data/ratis/f6c2ffd6-7342-4066-bffd-b8a997d08e4f/in_use.lock acquired by nodename 9791@fv-az395-453
2021-11-14 01:04:28,440 [pool-597-thread-1] INFO  storage.RaftStorageDirectory (RaftStorageDirectoryImpl.java:tryLock(230)) - Lock on /home/runner/work/ozone/ozone/hadoop-ozone/integration-test/target/test-dir/MiniOzoneClusterImpl-5b6cbd2a-2976-43bc-8d1c-e3ca86cddeeb/datanode-4/data/ratis/f6c2ffd6-7342-4066-bffd-b8a997d08e4f/in_use.lock acquired by nodename 9791@fv-az395-453
2021-11-14 01:04:28,442 [pool-578-thread-1] INFO  storage.RaftStorage (RaftStorageImpl.java:format(89)) - Storage directory /home/runner/work/ozone/ozone/hadoop-ozone/integration-test/target/test-dir/MiniOzoneClusterImpl-5b6cbd2a-2976-43bc-8d1c-e3ca86cddeeb/datanode-3/data/ratis/f6c2ffd6-7342-4066-bffd-b8a997d08e4f has been successfully formatted.
2021-11-14 01:04:28,442 [pool-578-thread-1] INFO  ratis.ContainerStateMachine (ContainerStateMachine.java:loadSnapshot(224)) - group-B8A997D08E4F: The snapshot info is null. Setting the last applied indexto:(t:0, i:~)
2021-11-14 01:04:28,442 [pool-597-thread-1] INFO  storage.RaftStorage (RaftStorageImpl.java:format(89)) - Storage directory /home/runner/work/ozone/ozone/hadoop-ozone/integration-test/target/test-dir/MiniOzoneClusterImpl-5b6cbd2a-2976-43bc-8d1c-e3ca86cddeeb/datanode-4/data/ratis/f6c2ffd6-7342-4066-bffd-b8a997d08e4f has been successfully formatted.
2021-11-14 01:04:28,443 [pool-578-thread-1] INFO  server.RaftServerConfigKeys (ConfUtils.java:logGet(44)) - raft.server.notification.no-leader.timeout = 300000ms (custom)
2021-11-14 01:04:28,443 [pool-578-thread-1] INFO  server.RaftServerConfigKeys (ConfUtils.java:logGet(44)) - raft.server.log.use.memory = false (default)
2021-11-14 01:04:28,443 [EventQueue-OpenPipelineForHealthyPipelineSafeModeRule] INFO  safemode.SCMSafeModeManager (HealthyPipelineSafeModeRule.java:process(124)) - SCM in safe mode. Healthy pipelines reported count is 0, required healthy pipeline reported count is 1
2021-11-14 01:04:28,444 [EventQueue-OpenPipelineForHealthyPipelineSafeModeRule] INFO  safemode.SCMSafeModeManager (HealthyPipelineSafeModeRule.java:process(124)) - SCM in safe mode. Healthy pipelines reported count is 0, required healthy pipeline reported count is 1
2021-11-14 01:04:28,444 [pool-597-thread-1] INFO  ratis.ContainerStateMachine (ContainerStateMachine.java:loadSnapshot(224)) - group-B8A997D08E4F: The snapshot info is null. Setting the last applied indexto:(t:0, i:~)
2021-11-14 01:04:28,444 [pool-597-thread-1] INFO  server.RaftServerConfigKeys (ConfUtils.java:logGet(44)) - raft.server.notification.no-leader.timeout = 300000ms (custom)
2021-11-14 01:04:28,444 [pool-597-thread-1] INFO  server.RaftServerConfigKeys (ConfUtils.java:logGet(44)) - raft.server.log.use.memory = false (default)
2021-11-14 01:04:28,444 [pool-597-thread-1] INFO  server.RaftServerConfigKeys (ConfUtils.java:logGet(44)) - raft.server.log.purge.gap = 1000000 (custom)
2021-11-14 01:04:28,444 [pool-597-thread-1] INFO  server.RaftServerConfigKeys (ConfUtils.java:logGet(44)) - raft.server.log.appender.buffer.byte-limit = 33554432 (custom)
2021-11-14 01:04:28,445 [pool-597-thread-1] INFO  server.RaftServerConfigKeys (ConfUtils.java:logGet(44)) - raft.server.log.segment.size.max = 1048576 (custom)
2021-11-14 01:04:28,445 [pool-597-thread-1] INFO  server.RaftServerConfigKeys (ConfUtils.java:logGet(44)) - raft.server.log.segment.cache.num.max = 2 (custom)
2021-11-14 01:04:28,445 [pool-597-thread-1] INFO  server.RaftServerConfigKeys (ConfUtils.java:logGet(44)) - raft.server.log.segment.cache.size.max = 200MB (=209715200) (default)
2021-11-14 01:04:28,445 [pool-597-thread-1] INFO  segmented.SegmentedRaftLogWorker (SegmentedRaftLogWorker.java:<init>(182)) - new 5b42674d-a9fa-4183-866d-d0b91026c546@group-B8A997D08E4F-SegmentedRaftLogWorker for RaftStorageImpl:Storage Directory /home/runner/work/ozone/ozone/hadoop-ozone/integration-test/target/test-dir/MiniOzoneClusterImpl-5b6cbd2a-2976-43bc-8d1c-e3ca86cddeeb/datanode-4/data/ratis/f6c2ffd6-7342-4066-bffd-b8a997d08e4f
2021-11-14 01:04:28,446 [pool-597-thread-1] INFO  server.RaftServerConfigKeys (ConfUtils.java:logGet(44)) - raft.server.log.queue.byte-limit = 2147483647 (custom)
2021-11-14 01:04:28,446 [pool-597-thread-1] INFO  server.RaftServerConfigKeys (ConfUtils.java:logGet(44)) - raft.server.log.queue.element-limit = 1024 (custom)
2021-11-14 01:04:28,446 [pool-597-thread-1] INFO  server.RaftServerConfigKeys (ConfUtils.java:logGet(44)) - raft.server.log.segment.size.max = 1048576 (custom)
2021-11-14 01:04:28,446 [pool-597-thread-1] INFO  server.RaftServerConfigKeys (ConfUtils.java:logGet(44)) - raft.server.log.preallocated.size = 16384 (custom)
2021-11-14 01:04:28,446 [pool-597-thread-1] INFO  server.RaftServerConfigKeys (ConfUtils.java:logGet(44)) - raft.server.log.force.sync.num = 128 (default)
2021-11-14 01:04:28,446 [pool-597-thread-1] INFO  server.RaftServerConfigKeys (ConfUtils.java:logGet(44)) - raft.server.log.statemachine.data.sync = true (default)
2021-11-14 01:04:28,443 [pool-578-thread-1] INFO  server.RaftServerConfigKeys (ConfUtils.java:logGet(44)) - raft.server.log.purge.gap = 1000000 (custom)
2021-11-14 01:04:28,447 [pool-578-thread-1] INFO  server.RaftServerConfigKeys (ConfUtils.java:logGet(44)) - raft.server.log.appender.buffer.byte-limit = 33554432 (custom)
2021-11-14 01:04:28,447 [pool-578-thread-1] INFO  server.RaftServerConfigKeys (ConfUtils.java:logGet(44)) - raft.server.log.segment.size.max = 1048576 (custom)
2021-11-14 01:04:28,448 [pool-578-thread-1] INFO  server.RaftServerConfigKeys (ConfUtils.java:logGet(44)) - raft.server.log.segment.cache.num.max = 2 (custom)
2021-11-14 01:04:28,448 [pool-578-thread-1] INFO  server.RaftServerConfigKeys (ConfUtils.java:logGet(44)) - raft.server.log.segment.cache.size.max = 200MB (=209715200) (default)
2021-11-14 01:04:28,448 [pool-578-thread-1] INFO  segmented.SegmentedRaftLogWorker (SegmentedRaftLogWorker.java:<init>(182)) - new 8f64935f-b83c-4009-bc32-b4395deb71aa@group-B8A997D08E4F-SegmentedRaftLogWorker for RaftStorageImpl:Storage Directory /home/runner/work/ozone/ozone/hadoop-ozone/integration-test/target/test-dir/MiniOzoneClusterImpl-5b6cbd2a-2976-43bc-8d1c-e3ca86cddeeb/datanode-3/data/ratis/f6c2ffd6-7342-4066-bffd-b8a997d08e4f
2021-11-14 01:04:28,448 [pool-578-thread-1] INFO  server.RaftServerConfigKeys (ConfUtils.java:logGet(44)) - raft.server.log.queue.byte-limit = 2147483647 (custom)
2021-11-14 01:04:28,448 [pool-578-thread-1] INFO  server.RaftServerConfigKeys (ConfUtils.java:logGet(44)) - raft.server.log.queue.element-limit = 1024 (custom)
2021-11-14 01:04:28,448 [pool-578-thread-1] INFO  server.RaftServerConfigKeys (ConfUtils.java:logGet(44)) - raft.server.log.segment.size.max = 1048576 (custom)
2021-11-14 01:04:28,448 [pool-578-thread-1] INFO  server.RaftServerConfigKeys (ConfUtils.java:logGet(44)) - raft.server.log.preallocated.size = 16384 (custom)
2021-11-14 01:04:28,448 [pool-578-thread-1] INFO  server.RaftServerConfigKeys (ConfUtils.java:logGet(44)) - raft.server.log.force.sync.num = 128 (default)
2021-11-14 01:04:28,448 [pool-578-thread-1] INFO  server.RaftServerConfigKeys (ConfUtils.java:logGet(44)) - raft.server.log.statemachine.data.sync = true (default)
2021-11-14 01:04:28,449 [pool-578-thread-1] INFO  server.RaftServerConfigKeys (ConfUtils.java:logGet(44)) - raft.server.log.statemachine.data.sync.timeout = 10s (default)
2021-11-14 01:04:28,449 [pool-578-thread-1] INFO  server.RaftServerConfigKeys (ConfUtils.java:logGet(44)) - raft.server.log.statemachine.data.sync.timeout.retry = -1 (default)
2021-11-14 01:04:28,450 [pool-578-thread-1] INFO  server.RaftServerConfigKeys (ConfUtils.java:logGet(44)) - raft.server.log.write.buffer.size = 1048576 (custom)
2021-11-14 01:04:28,454 [pool-578-thread-1] INFO  server.RaftServerConfigKeys (ConfUtils.java:logGet(44)) - raft.server.log.statemachine.data.caching.enabled = true (custom)
2021-11-14 01:04:28,462 [pool-578-thread-1] INFO  segmented.SegmentedRaftLogWorker (SegmentedRaftLogWorker.java:lambda$new$0(133)) - 8f64935f-b83c-4009-bc32-b4395deb71aa@group-B8A997D08E4F-SegmentedRaftLogWorker: flushIndex: setUnconditionally 0 -> -1
2021-11-14 01:04:28,462 [pool-578-thread-1] INFO  segmented.SegmentedRaftLogWorker (SegmentedRaftLogWorker.java:lambda$new$0(133)) - 8f64935f-b83c-4009-bc32-b4395deb71aa@group-B8A997D08E4F-SegmentedRaftLogWorker: safeCacheEvictIndex: setUnconditionally 0 -> -1
2021-11-14 01:04:28,450 [pool-597-thread-1] INFO  server.RaftServerConfigKeys (ConfUtils.java:logGet(44)) - raft.server.log.statemachine.data.sync.timeout = 10s (default)
2021-11-14 01:04:28,462 [pool-597-thread-1] INFO  server.RaftServerConfigKeys (ConfUtils.java:logGet(44)) - raft.server.log.statemachine.data.sync.timeout.retry = -1 (default)
2021-11-14 01:04:28,472 [pool-578-thread-1] INFO  server.RaftServerConfigKeys (ConfUtils.java:logGet(44)) - raft.server.snapshot.auto.trigger.enabled = true (custom)
2021-11-14 01:04:28,473 [pool-578-thread-1] INFO  server.RaftServerConfigKeys (ConfUtils.java:logGet(44)) - raft.server.snapshot.auto.trigger.threshold = 10000 (custom)
2021-11-14 01:04:28,474 [pool-578-thread-1] INFO  server.RaftServerConfigKeys (ConfUtils.java:logGet(44)) - raft.server.snapshot.retention.file.num = 5 (custom)
2021-11-14 01:04:28,474 [pool-578-thread-1] INFO  server.RaftServerConfigKeys (ConfUtils.java:logGet(44)) - raft.server.log.purge.upto.snapshot.index = false (default)
2021-11-14 01:04:28,474 [pool-578-thread-1] INFO  server.RaftServerConfigKeys (ConfUtils.java:logGet(44)) - raft.server.retrycache.expirytime = 600000ms (custom)
2021-11-14 01:04:28,474 [pool-578-thread-1] INFO  server.RaftServerConfigKeys (ConfUtils.java:logGet(44)) - raft.server.retrycache.statistics.expirytime = 100μs (default)
2021-11-14 01:04:28,475 [pool-578-thread-1] INFO  server.RaftServer$Division (RaftServerImpl.java:start(301)) - 8f64935f-b83c-4009-bc32-b4395deb71aa@group-B8A997D08E4F: start as a follower, conf=-1: [e624a09e-d66f-4eff-951a-8f24e1213b58|rpc:10.1.0.47:41437|priority:0, 8f64935f-b83c-4009-bc32-b4395deb71aa|rpc:10.1.0.47:45069|priority:1, 5b42674d-a9fa-4183-866d-d0b91026c546|rpc:10.1.0.47:35089|priority:0], old=null
2021-11-14 01:04:28,473 [pool-597-thread-1] INFO  server.RaftServerConfigKeys (ConfUtils.java:logGet(44)) - raft.server.log.write.buffer.size = 1048576 (custom)
2021-11-14 01:04:28,477 [pool-597-thread-1] INFO  server.RaftServerConfigKeys (ConfUtils.java:logGet(44)) - raft.server.log.statemachine.data.caching.enabled = true (custom)
2021-11-14 01:04:28,477 [pool-597-thread-1] INFO  segmented.SegmentedRaftLogWorker (SegmentedRaftLogWorker.java:lambda$new$0(133)) - 5b42674d-a9fa-4183-866d-d0b91026c546@group-B8A997D08E4F-SegmentedRaftLogWorker: flushIndex: setUnconditionally 0 -> -1
2021-11-14 01:04:28,477 [pool-597-thread-1] INFO  segmented.SegmentedRaftLogWorker (SegmentedRaftLogWorker.java:lambda$new$0(133)) - 5b42674d-a9fa-4183-866d-d0b91026c546@group-B8A997D08E4F-SegmentedRaftLogWorker: safeCacheEvictIndex: setUnconditionally 0 -> -1
2021-11-14 01:04:28,477 [pool-578-thread-1] INFO  server.RaftServer$Division (RaftServerImpl.java:setRole(290)) - 8f64935f-b83c-4009-bc32-b4395deb71aa@group-B8A997D08E4F: changes role from      null to FOLLOWER at term 0 for startAsFollower
2021-11-14 01:04:28,493 [pool-597-thread-1] INFO  server.RaftServerConfigKeys (ConfUtils.java:logGet(44)) - raft.server.snapshot.auto.trigger.enabled = true (custom)
2021-11-14 01:04:28,493 [pool-597-thread-1] INFO  server.RaftServerConfigKeys (ConfUtils.java:logGet(44)) - raft.server.snapshot.auto.trigger.threshold = 10000 (custom)
2021-11-14 01:04:28,493 [pool-597-thread-1] INFO  server.RaftServerConfigKeys (ConfUtils.java:logGet(44)) - raft.server.snapshot.retention.file.num = 5 (custom)
2021-11-14 01:04:28,493 [pool-597-thread-1] INFO  server.RaftServerConfigKeys (ConfUtils.java:logGet(44)) - raft.server.log.purge.upto.snapshot.index = false (default)
2021-11-14 01:04:28,494 [pool-597-thread-1] INFO  server.RaftServerConfigKeys (ConfUtils.java:logGet(44)) - raft.server.retrycache.expirytime = 600000ms (custom)
2021-11-14 01:04:28,494 [pool-597-thread-1] INFO  server.RaftServerConfigKeys (ConfUtils.java:logGet(44)) - raft.server.retrycache.statistics.expirytime = 100μs (default)
2021-11-14 01:04:28,494 [pool-578-thread-1] INFO  impl.RoleInfo (RoleInfo.java:updateAndGet(130)) - 8f64935f-b83c-4009-bc32-b4395deb71aa: start 8f64935f-b83c-4009-bc32-b4395deb71aa@group-B8A997D08E4F-FollowerState
2021-11-14 01:04:28,496 [pool-597-thread-1] INFO  server.RaftServer$Division (RaftServerImpl.java:start(301)) - 5b42674d-a9fa-4183-866d-d0b91026c546@group-B8A997D08E4F: start as a follower, conf=-1: [e624a09e-d66f-4eff-951a-8f24e1213b58|rpc:10.1.0.47:41437|priority:0, 8f64935f-b83c-4009-bc32-b4395deb71aa|rpc:10.1.0.47:45069|priority:1, 5b42674d-a9fa-4183-866d-d0b91026c546|rpc:10.1.0.47:35089|priority:0], old=null
2021-11-14 01:04:28,496 [pool-597-thread-1] INFO  server.RaftServer$Division (RaftServerImpl.java:setRole(290)) - 5b42674d-a9fa-4183-866d-d0b91026c546@group-B8A997D08E4F: changes role from      null to FOLLOWER at term 0 for startAsFollower
2021-11-14 01:04:28,517 [pool-578-thread-1] INFO  util.JmxRegister (JmxRegister.java:tryRegister(44)) - Successfully registered JMX Bean with object name Ratis:service=RaftServer,group=group-B8A997D08E4F,id=8f64935f-b83c-4009-bc32-b4395deb71aa
2021-11-14 01:04:28,522 [pool-597-thread-1] INFO  impl.RoleInfo (RoleInfo.java:updateAndGet(130)) - 5b42674d-a9fa-4183-866d-d0b91026c546: start 5b42674d-a9fa-4183-866d-d0b91026c546@group-B8A997D08E4F-FollowerState
2021-11-14 01:04:28,522 [Command processor thread] INFO  ratis.XceiverServerRatis (XceiverServerRatis.java:addGroup(768)) - Created group PipelineID=f6c2ffd6-7342-4066-bffd-b8a997d08e4f
2021-11-14 01:04:28,551 [pool-597-thread-1] INFO  util.JmxRegister (JmxRegister.java:tryRegister(44)) - Successfully registered JMX Bean with object name Ratis:service=RaftServer,group=group-B8A997D08E4F,id=5b42674d-a9fa-4183-866d-d0b91026c546
2021-11-14 01:04:28,613 [Command processor thread] INFO  ratis.XceiverServerRatis (XceiverServerRatis.java:addGroup(768)) - Created group PipelineID=f6c2ffd6-7342-4066-bffd-b8a997d08e4f
2021-11-14 01:04:28,625 [grpc-default-executor-1] INFO  server.RaftServer (RaftServerProxy.java:addNew(95)) - e624a09e-d66f-4eff-951a-8f24e1213b58: addNew group-B8A997D08E4F:[e624a09e-d66f-4eff-951a-8f24e1213b58|rpc:10.1.0.47:41437|dataStream:|priority:0, 8f64935f-b83c-4009-bc32-b4395deb71aa|rpc:10.1.0.47:45069|dataStream:|priority:1, 5b42674d-a9fa-4183-866d-d0b91026c546|rpc:10.1.0.47:35089|dataStream:|priority:0] returns group-B8A997D08E4F:java.util.concurrent.CompletableFuture@626ba97f[Not completed]
2021-11-14 01:04:28,626 [pool-616-thread-1] INFO  server.RaftServer$Division (RaftServerImpl.java:<init>(184)) - e624a09e-d66f-4eff-951a-8f24e1213b58: new RaftServerImpl for group-B8A997D08E4F:[e624a09e-d66f-4eff-951a-8f24e1213b58|rpc:10.1.0.47:41437|dataStream:|priority:0, 8f64935f-b83c-4009-bc32-b4395deb71aa|rpc:10.1.0.47:45069|dataStream:|priority:1, 5b42674d-a9fa-4183-866d-d0b91026c546|rpc:10.1.0.47:35089|dataStream:|priority:0] with ContainerStateMachine:uninitialized
2021-11-14 01:04:28,626 [pool-616-thread-1] INFO  server.RaftServerConfigKeys (ConfUtils.java:logGet(44)) - raft.server.rpc.timeout.min = 5s (custom)
2021-11-14 01:04:28,626 [pool-616-thread-1] INFO  server.RaftServerConfigKeys (ConfUtils.java:logGet(44)) - raft.server.rpc.timeout.max = 5200ms (custom)
2021-11-14 01:04:28,626 [pool-616-thread-1] INFO  server.RaftServerConfigKeys (ConfUtils.java:logGet(44)) - raft.server.rpc.sleep.time = 25ms (default)
2021-11-14 01:04:28,626 [pool-616-thread-1] INFO  server.RaftServerConfigKeys (ConfUtils.java:logGet(44)) - raft.server.rpc.slowness.timeout = 300000ms (custom)
2021-11-14 01:04:28,626 [pool-616-thread-1] INFO  server.RaftServerConfigKeys (ConfUtils.java:logGet(44)) - raft.server.leaderelection.leader.step-down.wait-time = 10s (default)
2021-11-14 01:04:28,626 [pool-616-thread-1] INFO  server.RaftServerConfigKeys (ConfUtils.java:logGet(44)) - raft.server.sleep.deviation.threshold = 300ms (default)
2021-11-14 01:04:28,626 [pool-616-thread-1] INFO  server.RaftServerConfigKeys (ConfUtils.java:logGet(44)) - raft.server.log.appender.install.snapshot.enabled = false (custom)
2021-11-14 01:04:28,626 [pool-616-thread-1] INFO  server.RaftServer$Division (ServerState.java:<init>(105)) - e624a09e-d66f-4eff-951a-8f24e1213b58@group-B8A997D08E4F: ConfigurationManager, init=-1: [e624a09e-d66f-4eff-951a-8f24e1213b58|rpc:10.1.0.47:41437|dataStream:|priority:0, 8f64935f-b83c-4009-bc32-b4395deb71aa|rpc:10.1.0.47:45069|dataStream:|priority:1, 5b42674d-a9fa-4183-866d-d0b91026c546|rpc:10.1.0.47:35089|dataStream:|priority:0], old=null, confs=<EMPTY_MAP>
2021-11-14 01:04:28,627 [pool-616-thread-1] INFO  server.RaftServerConfigKeys (ConfUtils.java:logGet(44)) - raft.server.storage.dir = [/home/runner/work/ozone/ozone/hadoop-ozone/integration-test/target/test-dir/MiniOzoneClusterImpl-5b6cbd2a-2976-43bc-8d1c-e3ca86cddeeb/datanode-5/data/ratis] (custom)
2021-11-14 01:04:28,627 [pool-616-thread-1] INFO  server.RaftServerConfigKeys (ConfUtils.java:logGet(44)) - raft.server.log.corruption.policy = EXCEPTION (default)
2021-11-14 01:04:28,627 [pool-616-thread-1] INFO  server.RaftServerConfigKeys (ConfUtils.java:logGet(44)) - raft.server.storage.free-space.min = 0MB (=0) (default)
2021-11-14 01:04:28,627 [pool-616-thread-1] INFO  storage.RaftStorageDirectory (RaftStorageDirectoryImpl.java:analyzeStorage(135)) - The storage directory /home/runner/work/ozone/ozone/hadoop-ozone/integration-test/target/test-dir/MiniOzoneClusterImpl-5b6cbd2a-2976-43bc-8d1c-e3ca86cddeeb/datanode-5/data/ratis/f6c2ffd6-7342-4066-bffd-b8a997d08e4f does not exist. Creating ...
2021-11-14 01:04:28,628 [pool-616-thread-1] INFO  storage.RaftStorageDirectory (RaftStorageDirectoryImpl.java:tryLock(230)) - Lock on /home/runner/work/ozone/ozone/hadoop-ozone/integration-test/target/test-dir/MiniOzoneClusterImpl-5b6cbd2a-2976-43bc-8d1c-e3ca86cddeeb/datanode-5/data/ratis/f6c2ffd6-7342-4066-bffd-b8a997d08e4f/in_use.lock acquired by nodename 9791@fv-az395-453
2021-11-14 01:04:28,629 [pool-616-thread-1] INFO  storage.RaftStorage (RaftStorageImpl.java:format(89)) - Storage directory /home/runner/work/ozone/ozone/hadoop-ozone/integration-test/target/test-dir/MiniOzoneClusterImpl-5b6cbd2a-2976-43bc-8d1c-e3ca86cddeeb/datanode-5/data/ratis/f6c2ffd6-7342-4066-bffd-b8a997d08e4f has been successfully formatted.
2021-11-14 01:04:28,630 [pool-616-thread-1] INFO  ratis.ContainerStateMachine (ContainerStateMachine.java:loadSnapshot(224)) - group-B8A997D08E4F: The snapshot info is null. Setting the last applied indexto:(t:0, i:~)
2021-11-14 01:04:28,639 [pool-616-thread-1] INFO  server.RaftServerConfigKeys (ConfUtils.java:logGet(44)) - raft.server.notification.no-leader.timeout = 300000ms (custom)
2021-11-14 01:04:28,639 [pool-616-thread-1] INFO  server.RaftServerConfigKeys (ConfUtils.java:logGet(44)) - raft.server.log.use.memory = false (default)
2021-11-14 01:04:28,639 [pool-616-thread-1] INFO  server.RaftServerConfigKeys (ConfUtils.java:logGet(44)) - raft.server.log.purge.gap = 1000000 (custom)
2021-11-14 01:04:28,639 [pool-616-thread-1] INFO  server.RaftServerConfigKeys (ConfUtils.java:logGet(44)) - raft.server.log.appender.buffer.byte-limit = 33554432 (custom)
2021-11-14 01:04:28,640 [pool-616-thread-1] INFO  server.RaftServerConfigKeys (ConfUtils.java:logGet(44)) - raft.server.log.segment.size.max = 1048576 (custom)
2021-11-14 01:04:28,640 [pool-616-thread-1] INFO  server.RaftServerConfigKeys (ConfUtils.java:logGet(44)) - raft.server.log.segment.cache.num.max = 2 (custom)
2021-11-14 01:04:28,640 [pool-616-thread-1] INFO  server.RaftServerConfigKeys (ConfUtils.java:logGet(44)) - raft.server.log.segment.cache.size.max = 200MB (=209715200) (default)
2021-11-14 01:04:28,640 [pool-616-thread-1] INFO  segmented.SegmentedRaftLogWorker (SegmentedRaftLogWorker.java:<init>(182)) - new e624a09e-d66f-4eff-951a-8f24e1213b58@group-B8A997D08E4F-SegmentedRaftLogWorker for RaftStorageImpl:Storage Directory /home/runner/work/ozone/ozone/hadoop-ozone/integration-test/target/test-dir/MiniOzoneClusterImpl-5b6cbd2a-2976-43bc-8d1c-e3ca86cddeeb/datanode-5/data/ratis/f6c2ffd6-7342-4066-bffd-b8a997d08e4f
2021-11-14 01:04:28,660 [pool-616-thread-1] INFO  server.RaftServerConfigKeys (ConfUtils.java:logGet(44)) - raft.server.log.queue.byte-limit = 2147483647 (custom)
2021-11-14 01:04:28,660 [pool-616-thread-1] INFO  server.RaftServerConfigKeys (ConfUtils.java:logGet(44)) - raft.server.log.queue.element-limit = 1024 (custom)
2021-11-14 01:04:28,660 [pool-616-thread-1] INFO  server.RaftServerConfigKeys (ConfUtils.java:logGet(44)) - raft.server.log.segment.size.max = 1048576 (custom)
2021-11-14 01:04:28,660 [pool-616-thread-1] INFO  server.RaftServerConfigKeys (ConfUtils.java:logGet(44)) - raft.server.log.preallocated.size = 16384 (custom)
2021-11-14 01:04:28,660 [pool-616-thread-1] INFO  server.RaftServerConfigKeys (ConfUtils.java:logGet(44)) - raft.server.log.force.sync.num = 128 (default)
2021-11-14 01:04:28,660 [pool-616-thread-1] INFO  server.RaftServerConfigKeys (ConfUtils.java:logGet(44)) - raft.server.log.statemachine.data.sync = true (default)
2021-11-14 01:04:28,660 [pool-616-thread-1] INFO  server.RaftServerConfigKeys (ConfUtils.java:logGet(44)) - raft.server.log.statemachine.data.sync.timeout = 10s (default)
2021-11-14 01:04:28,660 [pool-616-thread-1] INFO  server.RaftServerConfigKeys (ConfUtils.java:logGet(44)) - raft.server.log.statemachine.data.sync.timeout.retry = -1 (default)
2021-11-14 01:04:28,661 [pool-616-thread-1] INFO  server.RaftServerConfigKeys (ConfUtils.java:logGet(44)) - raft.server.log.write.buffer.size = 1048576 (custom)
2021-11-14 01:04:28,661 [pool-616-thread-1] INFO  server.RaftServerConfigKeys (ConfUtils.java:logGet(44)) - raft.server.log.statemachine.data.caching.enabled = true (custom)
2021-11-14 01:04:28,662 [pool-616-thread-1] INFO  segmented.SegmentedRaftLogWorker (SegmentedRaftLogWorker.java:lambda$new$0(133)) - e624a09e-d66f-4eff-951a-8f24e1213b58@group-B8A997D08E4F-SegmentedRaftLogWorker: flushIndex: setUnconditionally 0 -> -1
2021-11-14 01:04:28,662 [pool-616-thread-1] INFO  segmented.SegmentedRaftLogWorker (SegmentedRaftLogWorker.java:lambda$new$0(133)) - e624a09e-d66f-4eff-951a-8f24e1213b58@group-B8A997D08E4F-SegmentedRaftLogWorker: safeCacheEvictIndex: setUnconditionally 0 -> -1
2021-11-14 01:04:28,689 [pool-616-thread-1] INFO  server.RaftServerConfigKeys (ConfUtils.java:logGet(44)) - raft.server.snapshot.auto.trigger.enabled = true (custom)
2021-11-14 01:04:28,689 [pool-616-thread-1] INFO  server.RaftServerConfigKeys (ConfUtils.java:logGet(44)) - raft.server.snapshot.auto.trigger.threshold = 10000 (custom)
2021-11-14 01:04:28,689 [pool-616-thread-1] INFO  server.RaftServerConfigKeys (ConfUtils.java:logGet(44)) - raft.server.snapshot.retention.file.num = 5 (custom)
2021-11-14 01:04:28,689 [pool-616-thread-1] INFO  server.RaftServerConfigKeys (ConfUtils.java:logGet(44)) - raft.server.log.purge.upto.snapshot.index = false (default)
2021-11-14 01:04:28,690 [pool-616-thread-1] INFO  server.RaftServerConfigKeys (ConfUtils.java:logGet(44)) - raft.server.retrycache.expirytime = 600000ms (custom)
2021-11-14 01:04:28,690 [pool-616-thread-1] INFO  server.RaftServerConfigKeys (ConfUtils.java:logGet(44)) - raft.server.retrycache.statistics.expirytime = 100μs (default)
2021-11-14 01:04:28,691 [pool-616-thread-1] INFO  server.RaftServer$Division (RaftServerImpl.java:start(301)) - e624a09e-d66f-4eff-951a-8f24e1213b58@group-B8A997D08E4F: start as a follower, conf=-1: [e624a09e-d66f-4eff-951a-8f24e1213b58|rpc:10.1.0.47:41437|dataStream:|priority:0, 8f64935f-b83c-4009-bc32-b4395deb71aa|rpc:10.1.0.47:45069|dataStream:|priority:1, 5b42674d-a9fa-4183-866d-d0b91026c546|rpc:10.1.0.47:35089|dataStream:|priority:0], old=null
2021-11-14 01:04:28,691 [pool-616-thread-1] INFO  server.RaftServer$Division (RaftServerImpl.java:setRole(290)) - e624a09e-d66f-4eff-951a-8f24e1213b58@group-B8A997D08E4F: changes role from      null to FOLLOWER at term 0 for startAsFollower
2021-11-14 01:04:28,691 [pool-616-thread-1] INFO  impl.RoleInfo (RoleInfo.java:updateAndGet(130)) - e624a09e-d66f-4eff-951a-8f24e1213b58: start e624a09e-d66f-4eff-951a-8f24e1213b58@group-B8A997D08E4F-FollowerState
2021-11-14 01:04:28,694 [pool-616-thread-1] INFO  util.JmxRegister (JmxRegister.java:tryRegister(44)) - Successfully registered JMX Bean with object name Ratis:service=RaftServer,group=group-B8A997D08E4F,id=e624a09e-d66f-4eff-951a-8f24e1213b58
2021-11-14 01:04:28,871 [Command processor thread] INFO  server.RaftServer (RaftServerProxy.java:addNew(95)) - e624a09e-d66f-4eff-951a-8f24e1213b58: addNew group-EE291D70EFFD:[e624a09e-d66f-4eff-951a-8f24e1213b58|rpc:10.1.0.47:41437|priority:1] returns group-EE291D70EFFD:java.util.concurrent.CompletableFuture@529f9045[Not completed]
2021-11-14 01:04:28,872 [pool-616-thread-1] INFO  server.RaftServer$Division (RaftServerImpl.java:<init>(184)) - e624a09e-d66f-4eff-951a-8f24e1213b58: new RaftServerImpl for group-EE291D70EFFD:[e624a09e-d66f-4eff-951a-8f24e1213b58|rpc:10.1.0.47:41437|priority:1] with ContainerStateMachine:uninitialized
2021-11-14 01:04:28,872 [pool-616-thread-1] INFO  server.RaftServerConfigKeys (ConfUtils.java:logGet(44)) - raft.server.rpc.timeout.min = 5s (custom)
2021-11-14 01:04:28,872 [pool-616-thread-1] INFO  server.RaftServerConfigKeys (ConfUtils.java:logGet(44)) - raft.server.rpc.timeout.max = 5200ms (custom)
2021-11-14 01:04:28,873 [pool-616-thread-1] INFO  server.RaftServerConfigKeys (ConfUtils.java:logGet(44)) - raft.server.rpc.sleep.time = 25ms (default)
2021-11-14 01:04:28,873 [pool-616-thread-1] INFO  server.RaftServerConfigKeys (ConfUtils.java:logGet(44)) - raft.server.rpc.slowness.timeout = 300000ms (custom)
2021-11-14 01:04:28,873 [pool-616-thread-1] INFO  server.RaftServerConfigKeys (ConfUtils.java:logGet(44)) - raft.server.leaderelection.leader.step-down.wait-time = 10s (default)
2021-11-14 01:04:28,873 [pool-616-thread-1] INFO  server.RaftServerConfigKeys (ConfUtils.java:logGet(44)) - raft.server.sleep.deviation.threshold = 300ms (default)
2021-11-14 01:04:28,873 [pool-616-thread-1] INFO  server.RaftServerConfigKeys (ConfUtils.java:logGet(44)) - raft.server.log.appender.install.snapshot.enabled = false (custom)
2021-11-14 01:04:28,873 [pool-616-thread-1] INFO  server.RaftServer$Division (ServerState.java:<init>(105)) - e624a09e-d66f-4eff-951a-8f24e1213b58@group-EE291D70EFFD: ConfigurationManager, init=-1: [e624a09e-d66f-4eff-951a-8f24e1213b58|rpc:10.1.0.47:41437|priority:1], old=null, confs=<EMPTY_MAP>
2021-11-14 01:04:28,873 [pool-616-thread-1] INFO  server.RaftServerConfigKeys (ConfUtils.java:logGet(44)) - raft.server.storage.dir = [/home/runner/work/ozone/ozone/hadoop-ozone/integration-test/target/test-dir/MiniOzoneClusterImpl-5b6cbd2a-2976-43bc-8d1c-e3ca86cddeeb/datanode-5/data/ratis] (custom)
2021-11-14 01:04:28,873 [pool-616-thread-1] INFO  server.RaftServerConfigKeys (ConfUtils.java:logGet(44)) - raft.server.log.corruption.policy = EXCEPTION (default)
2021-11-14 01:04:28,873 [pool-616-thread-1] INFO  server.RaftServerConfigKeys (ConfUtils.java:logGet(44)) - raft.server.storage.free-space.min = 0MB (=0) (default)
2021-11-14 01:04:28,873 [pool-616-thread-1] INFO  storage.RaftStorageDirectory (RaftStorageDirectoryImpl.java:analyzeStorage(135)) - The storage directory /home/runner/work/ozone/ozone/hadoop-ozone/integration-test/target/test-dir/MiniOzoneClusterImpl-5b6cbd2a-2976-43bc-8d1c-e3ca86cddeeb/datanode-5/data/ratis/910c467b-220f-4c72-8ab1-ee291d70effd does not exist. Creating ...
2021-11-14 01:04:28,880 [pool-616-thread-1] INFO  storage.RaftStorageDirectory (RaftStorageDirectoryImpl.java:tryLock(230)) - Lock on /home/runner/work/ozone/ozone/hadoop-ozone/integration-test/target/test-dir/MiniOzoneClusterImpl-5b6cbd2a-2976-43bc-8d1c-e3ca86cddeeb/datanode-5/data/ratis/910c467b-220f-4c72-8ab1-ee291d70effd/in_use.lock acquired by nodename 9791@fv-az395-453
2021-11-14 01:04:28,881 [Command processor thread] INFO  commandhandler.CreatePipelineCommandHandler (CreatePipelineCommandHandler.java:handle(106)) - Created Pipeline RATIS THREE PipelineID=f6c2ffd6-7342-4066-bffd-b8a997d08e4f.
2021-11-14 01:04:28,882 [Command processor thread] INFO  server.RaftServer (RaftServerProxy.java:addNew(95)) - 5b42674d-a9fa-4183-866d-d0b91026c546: addNew group-0E53E93CFD0F:[e624a09e-d66f-4eff-951a-8f24e1213b58|rpc:10.1.0.47:41437|priority:1, 8f64935f-b83c-4009-bc32-b4395deb71aa|rpc:10.1.0.47:45069|priority:0, 5b42674d-a9fa-4183-866d-d0b91026c546|rpc:10.1.0.47:35089|priority:0] returns group-0E53E93CFD0F:java.util.concurrent.CompletableFuture@28b3f561[Not completed]
2021-11-14 01:04:28,882 [pool-597-thread-1] INFO  server.RaftServer$Division (RaftServerImpl.java:<init>(184)) - 5b42674d-a9fa-4183-866d-d0b91026c546: new RaftServerImpl for group-0E53E93CFD0F:[e624a09e-d66f-4eff-951a-8f24e1213b58|rpc:10.1.0.47:41437|priority:1, 8f64935f-b83c-4009-bc32-b4395deb71aa|rpc:10.1.0.47:45069|priority:0, 5b42674d-a9fa-4183-866d-d0b91026c546|rpc:10.1.0.47:35089|priority:0] with ContainerStateMachine:uninitialized
2021-11-14 01:04:28,883 [pool-597-thread-1] INFO  server.RaftServerConfigKeys (ConfUtils.java:logGet(44)) - raft.server.rpc.timeout.min = 5s (custom)
2021-11-14 01:04:28,883 [pool-597-thread-1] INFO  server.RaftServerConfigKeys (ConfUtils.java:logGet(44)) - raft.server.rpc.timeout.max = 5200ms (custom)
2021-11-14 01:04:28,883 [pool-597-thread-1] INFO  server.RaftServerConfigKeys (ConfUtils.java:logGet(44)) - raft.server.rpc.sleep.time = 25ms (default)
2021-11-14 01:04:28,883 [pool-597-thread-1] INFO  server.RaftServerConfigKeys (ConfUtils.java:logGet(44)) - raft.server.rpc.slowness.timeout = 300000ms (custom)
2021-11-14 01:04:28,883 [pool-597-thread-1] INFO  server.RaftServerConfigKeys (ConfUtils.java:logGet(44)) - raft.server.leaderelection.leader.step-down.wait-time = 10s (default)
2021-11-14 01:04:28,883 [pool-597-thread-1] INFO  server.RaftServerConfigKeys (ConfUtils.java:logGet(44)) - raft.server.sleep.deviation.threshold = 300ms (default)
2021-11-14 01:04:28,883 [pool-597-thread-1] INFO  server.RaftServerConfigKeys (ConfUtils.java:logGet(44)) - raft.server.log.appender.install.snapshot.enabled = false (custom)
2021-11-14 01:04:28,883 [pool-597-thread-1] INFO  server.RaftServer$Division (ServerState.java:<init>(105)) - 5b42674d-a9fa-4183-866d-d0b91026c546@group-0E53E93CFD0F: ConfigurationManager, init=-1: [e624a09e-d66f-4eff-951a-8f24e1213b58|rpc:10.1.0.47:41437|priority:1, 8f64935f-b83c-4009-bc32-b4395deb71aa|rpc:10.1.0.47:45069|priority:0, 5b42674d-a9fa-4183-866d-d0b91026c546|rpc:10.1.0.47:35089|priority:0], old=null, confs=<EMPTY_MAP>
2021-11-14 01:04:28,883 [pool-597-thread-1] INFO  server.RaftServerConfigKeys (ConfUtils.java:logGet(44)) - raft.server.storage.dir = [/home/runner/work/ozone/ozone/hadoop-ozone/integration-test/target/test-dir/MiniOzoneClusterImpl-5b6cbd2a-2976-43bc-8d1c-e3ca86cddeeb/datanode-4/data/ratis] (custom)
2021-11-14 01:04:28,883 [pool-597-thread-1] INFO  server.RaftServerConfigKeys (ConfUtils.java:logGet(44)) - raft.server.log.corruption.policy = EXCEPTION (default)
2021-11-14 01:04:28,883 [pool-597-thread-1] INFO  server.RaftServerConfigKeys (ConfUtils.java:logGet(44)) - raft.server.storage.free-space.min = 0MB (=0) (default)
2021-11-14 01:04:28,883 [pool-597-thread-1] INFO  storage.RaftStorageDirectory (RaftStorageDirectoryImpl.java:analyzeStorage(135)) - The storage directory /home/runner/work/ozone/ozone/hadoop-ozone/integration-test/target/test-dir/MiniOzoneClusterImpl-5b6cbd2a-2976-43bc-8d1c-e3ca86cddeeb/datanode-4/data/ratis/d0e7521d-b1bf-4417-8d3e-0e53e93cfd0f does not exist. Creating ...
2021-11-14 01:04:28,886 [pool-597-thread-1] INFO  storage.RaftStorageDirectory (RaftStorageDirectoryImpl.java:tryLock(230)) - Lock on /home/runner/work/ozone/ozone/hadoop-ozone/integration-test/target/test-dir/MiniOzoneClusterImpl-5b6cbd2a-2976-43bc-8d1c-e3ca86cddeeb/datanode-4/data/ratis/d0e7521d-b1bf-4417-8d3e-0e53e93cfd0f/in_use.lock acquired by nodename 9791@fv-az395-453
2021-11-14 01:04:28,891 [pool-597-thread-1] INFO  storage.RaftStorage (RaftStorageImpl.java:format(89)) - Storage directory /home/runner/work/ozone/ozone/hadoop-ozone/integration-test/target/test-dir/MiniOzoneClusterImpl-5b6cbd2a-2976-43bc-8d1c-e3ca86cddeeb/datanode-4/data/ratis/d0e7521d-b1bf-4417-8d3e-0e53e93cfd0f has been successfully formatted.
2021-11-14 01:04:28,892 [pool-597-thread-1] INFO  ratis.ContainerStateMachine (ContainerStateMachine.java:loadSnapshot(224)) - group-0E53E93CFD0F: The snapshot info is null. Setting the last applied indexto:(t:0, i:~)
2021-11-14 01:04:28,892 [pool-597-thread-1] INFO  server.RaftServerConfigKeys (ConfUtils.java:logGet(44)) - raft.server.notification.no-leader.timeout = 300000ms (custom)
2021-11-14 01:04:28,892 [pool-597-thread-1] INFO  server.RaftServerConfigKeys (ConfUtils.java:logGet(44)) - raft.server.log.use.memory = false (default)
2021-11-14 01:04:28,892 [pool-597-thread-1] INFO  server.RaftServerConfigKeys (ConfUtils.java:logGet(44)) - raft.server.log.purge.gap = 1000000 (custom)
2021-11-14 01:04:28,893 [pool-597-thread-1] INFO  server.RaftServerConfigKeys (ConfUtils.java:logGet(44)) - raft.server.log.appender.buffer.byte-limit = 33554432 (custom)
2021-11-14 01:04:28,893 [pool-597-thread-1] INFO  server.RaftServerConfigKeys (ConfUtils.java:logGet(44)) - raft.server.log.segment.size.max = 1048576 (custom)
2021-11-14 01:04:28,893 [EventQueue-OpenPipelineForHealthyPipelineSafeModeRule] INFO  safemode.SCMSafeModeManager (HealthyPipelineSafeModeRule.java:process(124)) - SCM in safe mode. Healthy pipelines reported count is 0, required healthy pipeline reported count is 1
2021-11-14 01:04:28,893 [pool-597-thread-1] INFO  server.RaftServerConfigKeys (ConfUtils.java:logGet(44)) - raft.server.log.segment.cache.num.max = 2 (custom)
2021-11-14 01:04:28,894 [pool-597-thread-1] INFO  server.RaftServerConfigKeys (ConfUtils.java:logGet(44)) - raft.server.log.segment.cache.size.max = 200MB (=209715200) (default)
2021-11-14 01:04:28,894 [pool-597-thread-1] INFO  segmented.SegmentedRaftLogWorker (SegmentedRaftLogWorker.java:<init>(182)) - new 5b42674d-a9fa-4183-866d-d0b91026c546@group-0E53E93CFD0F-SegmentedRaftLogWorker for RaftStorageImpl:Storage Directory /home/runner/work/ozone/ozone/hadoop-ozone/integration-test/target/test-dir/MiniOzoneClusterImpl-5b6cbd2a-2976-43bc-8d1c-e3ca86cddeeb/datanode-4/data/ratis/d0e7521d-b1bf-4417-8d3e-0e53e93cfd0f
2021-11-14 01:04:28,894 [pool-597-thread-1] INFO  server.RaftServerConfigKeys (ConfUtils.java:logGet(44)) - raft.server.log.queue.byte-limit = 2147483647 (custom)
2021-11-14 01:04:28,894 [pool-597-thread-1] INFO  server.RaftServerConfigKeys (ConfUtils.java:logGet(44)) - raft.server.log.queue.element-limit = 1024 (custom)
2021-11-14 01:04:28,894 [pool-597-thread-1] INFO  server.RaftServerConfigKeys (ConfUtils.java:logGet(44)) - raft.server.log.segment.size.max = 1048576 (custom)
2021-11-14 01:04:28,894 [pool-597-thread-1] INFO  server.RaftServerConfigKeys (ConfUtils.java:logGet(44)) - raft.server.log.preallocated.size = 16384 (custom)
2021-11-14 01:04:28,894 [pool-597-thread-1] INFO  server.RaftServerConfigKeys (ConfUtils.java:logGet(44)) - raft.server.log.force.sync.num = 128 (default)
2021-11-14 01:04:28,894 [pool-597-thread-1] INFO  server.RaftServerConfigKeys (ConfUtils.java:logGet(44)) - raft.server.log.statemachine.data.sync = true (default)
2021-11-14 01:04:28,894 [pool-597-thread-1] INFO  server.RaftServerConfigKeys (ConfUtils.java:logGet(44)) - raft.server.log.statemachine.data.sync.timeout = 10s (default)
2021-11-14 01:04:28,894 [pool-597-thread-1] INFO  server.RaftServerConfigKeys (ConfUtils.java:logGet(44)) - raft.server.log.statemachine.data.sync.timeout.retry = -1 (default)
2021-11-14 01:04:28,895 [pool-597-thread-1] INFO  server.RaftServerConfigKeys (ConfUtils.java:logGet(44)) - raft.server.log.write.buffer.size = 1048576 (custom)
2021-11-14 01:04:28,895 [pool-616-thread-1] INFO  storage.RaftStorage (RaftStorageImpl.java:format(89)) - Storage directory /home/runner/work/ozone/ozone/hadoop-ozone/integration-test/target/test-dir/MiniOzoneClusterImpl-5b6cbd2a-2976-43bc-8d1c-e3ca86cddeeb/datanode-5/data/ratis/910c467b-220f-4c72-8ab1-ee291d70effd has been successfully formatted.
2021-11-14 01:04:28,896 [pool-616-thread-1] INFO  ratis.ContainerStateMachine (ContainerStateMachine.java:loadSnapshot(224)) - group-EE291D70EFFD: The snapshot info is null. Setting the last applied indexto:(t:0, i:~)
2021-11-14 01:04:28,901 [pool-616-thread-1] INFO  server.RaftServerConfigKeys (ConfUtils.java:logGet(44)) - raft.server.notification.no-leader.timeout = 300000ms (custom)
2021-11-14 01:04:28,902 [pool-616-thread-1] INFO  server.RaftServerConfigKeys (ConfUtils.java:logGet(44)) - raft.server.log.use.memory = false (default)
2021-11-14 01:04:28,902 [pool-616-thread-1] INFO  server.RaftServerConfigKeys (ConfUtils.java:logGet(44)) - raft.server.log.purge.gap = 1000000 (custom)
2021-11-14 01:04:28,902 [pool-616-thread-1] INFO  server.RaftServerConfigKeys (ConfUtils.java:logGet(44)) - raft.server.log.appender.buffer.byte-limit = 33554432 (custom)
2021-11-14 01:04:28,903 [pool-616-thread-1] INFO  server.RaftServerConfigKeys (ConfUtils.java:logGet(44)) - raft.server.log.segment.size.max = 1048576 (custom)
2021-11-14 01:04:28,904 [pool-616-thread-1] INFO  server.RaftServerConfigKeys (ConfUtils.java:logGet(44)) - raft.server.log.segment.cache.num.max = 2 (custom)
2021-11-14 01:04:28,905 [pool-616-thread-1] INFO  server.RaftServerConfigKeys (ConfUtils.java:logGet(44)) - raft.server.log.segment.cache.size.max = 200MB (=209715200) (default)
2021-11-14 01:04:28,905 [pool-616-thread-1] INFO  segmented.SegmentedRaftLogWorker (SegmentedRaftLogWorker.java:<init>(182)) - new e624a09e-d66f-4eff-951a-8f24e1213b58@group-EE291D70EFFD-SegmentedRaftLogWorker for RaftStorageImpl:Storage Directory /home/runner/work/ozone/ozone/hadoop-ozone/integration-test/target/test-dir/MiniOzoneClusterImpl-5b6cbd2a-2976-43bc-8d1c-e3ca86cddeeb/datanode-5/data/ratis/910c467b-220f-4c72-8ab1-ee291d70effd
2021-11-14 01:04:28,905 [pool-616-thread-1] INFO  server.RaftServerConfigKeys (ConfUtils.java:logGet(44)) - raft.server.log.queue.byte-limit = 2147483647 (custom)
2021-11-14 01:04:28,906 [EventQueue-PipelineReportForPipelineReportHandler] INFO  pipeline.PipelineManagerImpl (PipelineManagerImpl.java:openPipeline(289)) - Pipeline Pipeline[ Id: 910c467b-220f-4c72-8ab1-ee291d70effd, Nodes: e624a09e-d66f-4eff-951a-8f24e1213b58{ip: 10.1.0.47, host: fv-az395-453.zfmzfyrfkyou3ow0tsr0jxwq1e.bx.internal.cloudapp.net, ports: [REPLICATION=39939, RATIS=41437, RATIS_ADMIN=41437, RATIS_SERVER=41437, STANDALONE=42433], networkLocation: /default-rack, certSerialId: null, persistedOpState: IN_SERVICE, persistedOpStateExpiryEpochSec: 0}, ReplicationConfig: RATIS/ONE, State:ALLOCATED, leaderId:e624a09e-d66f-4eff-951a-8f24e1213b58, CreationTimestamp2021-11-14T01:04:25.875Z[Etc/UTC]] moved to OPEN state
2021-11-14 01:04:28,906 [EventQueue-OpenPipelineForHealthyPipelineSafeModeRule] INFO  safemode.SCMSafeModeManager (HealthyPipelineSafeModeRule.java:process(124)) - SCM in safe mode. Healthy pipelines reported count is 0, required healthy pipeline reported count is 1
2021-11-14 01:04:28,906 [pool-616-thread-1] INFO  server.RaftServerConfigKeys (ConfUtils.java:logGet(44)) - raft.server.log.queue.element-limit = 1024 (custom)
2021-11-14 01:04:28,907 [pool-616-thread-1] INFO  server.RaftServerConfigKeys (ConfUtils.java:logGet(44)) - raft.server.log.segment.size.max = 1048576 (custom)
2021-11-14 01:04:28,907 [pool-616-thread-1] INFO  server.RaftServerConfigKeys (ConfUtils.java:logGet(44)) - raft.server.log.preallocated.size = 16384 (custom)
2021-11-14 01:04:28,907 [pool-616-thread-1] INFO  server.RaftServerConfigKeys (ConfUtils.java:logGet(44)) - raft.server.log.force.sync.num = 128 (default)
2021-11-14 01:04:28,935 [pool-616-thread-1] INFO  server.RaftServerConfigKeys (ConfUtils.java:logGet(44)) - raft.server.log.statemachine.data.sync = true (default)
2021-11-14 01:04:28,935 [pool-616-thread-1] INFO  server.RaftServerConfigKeys (ConfUtils.java:logGet(44)) - raft.server.log.statemachine.data.sync.timeout = 10s (default)
2021-11-14 01:04:28,935 [pool-616-thread-1] INFO  server.RaftServerConfigKeys (ConfUtils.java:logGet(44)) - raft.server.log.statemachine.data.sync.timeout.retry = -1 (default)
2021-11-14 01:04:28,938 [pool-616-thread-1] INFO  server.RaftServerConfigKeys (ConfUtils.java:logGet(44)) - raft.server.log.write.buffer.size = 1048576 (custom)
2021-11-14 01:04:28,922 [pool-597-thread-1] INFO  server.RaftServerConfigKeys (ConfUtils.java:logGet(44)) - raft.server.log.statemachine.data.caching.enabled = true (custom)
2021-11-14 01:04:28,915 [Command processor thread] INFO  commandhandler.CreatePipelineCommandHandler (CreatePipelineCommandHandler.java:handle(106)) - Created Pipeline RATIS THREE PipelineID=f6c2ffd6-7342-4066-bffd-b8a997d08e4f.
2021-11-14 01:04:28,939 [Command processor thread] INFO  server.RaftServer (RaftServerProxy.java:addNew(95)) - 8f64935f-b83c-4009-bc32-b4395deb71aa: addNew group-0E53E93CFD0F:[e624a09e-d66f-4eff-951a-8f24e1213b58|rpc:10.1.0.47:41437|priority:1, 8f64935f-b83c-4009-bc32-b4395deb71aa|rpc:10.1.0.47:45069|priority:0, 5b42674d-a9fa-4183-866d-d0b91026c546|rpc:10.1.0.47:35089|priority:0] returns group-0E53E93CFD0F:java.util.concurrent.CompletableFuture@482c8ca4[Not completed]
2021-11-14 01:04:28,940 [pool-578-thread-1] INFO  server.RaftServer$Division (RaftServerImpl.java:<init>(184)) - 8f64935f-b83c-4009-bc32-b4395deb71aa: new RaftServerImpl for group-0E53E93CFD0F:[e624a09e-d66f-4eff-951a-8f24e1213b58|rpc:10.1.0.47:41437|priority:1, 8f64935f-b83c-4009-bc32-b4395deb71aa|rpc:10.1.0.47:45069|priority:0, 5b42674d-a9fa-4183-866d-d0b91026c546|rpc:10.1.0.47:35089|priority:0] with ContainerStateMachine:uninitialized
2021-11-14 01:04:28,940 [pool-578-thread-1] INFO  server.RaftServerConfigKeys (ConfUtils.java:logGet(44)) - raft.server.rpc.timeout.min = 5s (custom)
2021-11-14 01:04:28,940 [pool-578-thread-1] INFO  server.RaftServerConfigKeys (ConfUtils.java:logGet(44)) - raft.server.rpc.timeout.max = 5200ms (custom)
2021-11-14 01:04:28,940 [pool-578-thread-1] INFO  server.RaftServerConfigKeys (ConfUtils.java:logGet(44)) - raft.server.rpc.sleep.time = 25ms (default)
2021-11-14 01:04:28,940 [pool-578-thread-1] INFO  server.RaftServerConfigKeys (ConfUtils.java:logGet(44)) - raft.server.rpc.slowness.timeout = 300000ms (custom)
2021-11-14 01:04:28,940 [pool-578-thread-1] INFO  server.RaftServerConfigKeys (ConfUtils.java:logGet(44)) - raft.server.leaderelection.leader.step-down.wait-time = 10s (default)
2021-11-14 01:04:28,940 [pool-578-thread-1] INFO  server.RaftServerConfigKeys (ConfUtils.java:logGet(44)) - raft.server.sleep.deviation.threshold = 300ms (default)
2021-11-14 01:04:28,940 [pool-578-thread-1] INFO  server.RaftServerConfigKeys (ConfUtils.java:logGet(44)) - raft.server.log.appender.install.snapshot.enabled = false (custom)
2021-11-14 01:04:28,940 [pool-578-thread-1] INFO  server.RaftServer$Division (ServerState.java:<init>(105)) - 8f64935f-b83c-4009-bc32-b4395deb71aa@group-0E53E93CFD0F: ConfigurationManager, init=-1: [e624a09e-d66f-4eff-951a-8f24e1213b58|rpc:10.1.0.47:41437|priority:1, 8f64935f-b83c-4009-bc32-b4395deb71aa|rpc:10.1.0.47:45069|priority:0, 5b42674d-a9fa-4183-866d-d0b91026c546|rpc:10.1.0.47:35089|priority:0], old=null, confs=<EMPTY_MAP>
2021-11-14 01:04:28,940 [pool-578-thread-1] INFO  server.RaftServerConfigKeys (ConfUtils.java:logGet(44)) - raft.server.storage.dir = [/home/runner/work/ozone/ozone/hadoop-ozone/integration-test/target/test-dir/MiniOzoneClusterImpl-5b6cbd2a-2976-43bc-8d1c-e3ca86cddeeb/datanode-3/data/ratis] (custom)
2021-11-14 01:04:28,941 [pool-578-thread-1] INFO  server.RaftServerConfigKeys (ConfUtils.java:logGet(44)) - raft.server.log.corruption.policy = EXCEPTION (default)
2021-11-14 01:04:28,941 [pool-578-thread-1] INFO  server.RaftServerConfigKeys (ConfUtils.java:logGet(44)) - raft.server.storage.free-space.min = 0MB (=0) (default)
2021-11-14 01:04:28,941 [pool-578-thread-1] INFO  storage.RaftStorageDirectory (RaftStorageDirectoryImpl.java:analyzeStorage(135)) - The storage directory /home/runner/work/ozone/ozone/hadoop-ozone/integration-test/target/test-dir/MiniOzoneClusterImpl-5b6cbd2a-2976-43bc-8d1c-e3ca86cddeeb/datanode-3/data/ratis/d0e7521d-b1bf-4417-8d3e-0e53e93cfd0f does not exist. Creating ...
2021-11-14 01:04:28,941 [pool-597-thread-1] INFO  segmented.SegmentedRaftLogWorker (SegmentedRaftLogWorker.java:lambda$new$0(133)) - 5b42674d-a9fa-4183-866d-d0b91026c546@group-0E53E93CFD0F-SegmentedRaftLogWorker: flushIndex: setUnconditionally 0 -> -1
2021-11-14 01:04:28,942 [pool-597-thread-1] INFO  segmented.SegmentedRaftLogWorker (SegmentedRaftLogWorker.java:lambda$new$0(133)) - 5b42674d-a9fa-4183-866d-d0b91026c546@group-0E53E93CFD0F-SegmentedRaftLogWorker: safeCacheEvictIndex: setUnconditionally 0 -> -1
2021-11-14 01:04:28,942 [pool-578-thread-1] INFO  storage.RaftStorageDirectory (RaftStorageDirectoryImpl.java:tryLock(230)) - Lock on /home/runner/work/ozone/ozone/hadoop-ozone/integration-test/target/test-dir/MiniOzoneClusterImpl-5b6cbd2a-2976-43bc-8d1c-e3ca86cddeeb/datanode-3/data/ratis/d0e7521d-b1bf-4417-8d3e-0e53e93cfd0f/in_use.lock acquired by nodename 9791@fv-az395-453
2021-11-14 01:04:28,949 [pool-578-thread-1] INFO  storage.RaftStorage (RaftStorageImpl.java:format(89)) - Storage directory /home/runner/work/ozone/ozone/hadoop-ozone/integration-test/target/test-dir/MiniOzoneClusterImpl-5b6cbd2a-2976-43bc-8d1c-e3ca86cddeeb/datanode-3/data/ratis/d0e7521d-b1bf-4417-8d3e-0e53e93cfd0f has been successfully formatted.
2021-11-14 01:04:28,956 [pool-616-thread-1] INFO  server.RaftServerConfigKeys (ConfUtils.java:logGet(44)) - raft.server.log.statemachine.data.caching.enabled = true (custom)
2021-11-14 01:04:28,956 [pool-616-thread-1] INFO  segmented.SegmentedRaftLogWorker (SegmentedRaftLogWorker.java:lambda$new$0(133)) - e624a09e-d66f-4eff-951a-8f24e1213b58@group-EE291D70EFFD-SegmentedRaftLogWorker: flushIndex: setUnconditionally 0 -> -1
2021-11-14 01:04:28,956 [pool-616-thread-1] INFO  segmented.SegmentedRaftLogWorker (SegmentedRaftLogWorker.java:lambda$new$0(133)) - e624a09e-d66f-4eff-951a-8f24e1213b58@group-EE291D70EFFD-SegmentedRaftLogWorker: safeCacheEvictIndex: setUnconditionally 0 -> -1
2021-11-14 01:04:28,958 [pool-597-thread-1] INFO  server.RaftServerConfigKeys (ConfUtils.java:logGet(44)) - raft.server.snapshot.auto.trigger.enabled = true (custom)
2021-11-14 01:04:28,958 [pool-597-thread-1] INFO  server.RaftServerConfigKeys (ConfUtils.java:logGet(44)) - raft.server.snapshot.auto.trigger.threshold = 10000 (custom)
2021-11-14 01:04:28,958 [pool-597-thread-1] INFO  server.RaftServerConfigKeys (ConfUtils.java:logGet(44)) - raft.server.snapshot.retention.file.num = 5 (custom)
2021-11-14 01:04:28,958 [pool-597-thread-1] INFO  server.RaftServerConfigKeys (ConfUtils.java:logGet(44)) - raft.server.log.purge.upto.snapshot.index = false (default)
2021-11-14 01:04:28,959 [pool-597-thread-1] INFO  server.RaftServerConfigKeys (ConfUtils.java:logGet(44)) - raft.server.retrycache.expirytime = 600000ms (custom)
2021-11-14 01:04:28,959 [pool-597-thread-1] INFO  server.RaftServerConfigKeys (ConfUtils.java:logGet(44)) - raft.server.retrycache.statistics.expirytime = 100μs (default)
2021-11-14 01:04:28,960 [pool-597-thread-1] INFO  server.RaftServer$Division (RaftServerImpl.java:start(301)) - 5b42674d-a9fa-4183-866d-d0b91026c546@group-0E53E93CFD0F: start as a follower, conf=-1: [e624a09e-d66f-4eff-951a-8f24e1213b58|rpc:10.1.0.47:41437|priority:1, 8f64935f-b83c-4009-bc32-b4395deb71aa|rpc:10.1.0.47:45069|priority:0, 5b42674d-a9fa-4183-866d-d0b91026c546|rpc:10.1.0.47:35089|priority:0], old=null
2021-11-14 01:04:28,960 [pool-597-thread-1] INFO  server.RaftServer$Division (RaftServerImpl.java:setRole(290)) - 5b42674d-a9fa-4183-866d-d0b91026c546@group-0E53E93CFD0F: changes role from      null to FOLLOWER at term 0 for startAsFollower
2021-11-14 01:04:28,960 [pool-597-thread-1] INFO  impl.RoleInfo (RoleInfo.java:updateAndGet(130)) - 5b42674d-a9fa-4183-866d-d0b91026c546: start 5b42674d-a9fa-4183-866d-d0b91026c546@group-0E53E93CFD0F-FollowerState
2021-11-14 01:04:28,961 [pool-597-thread-1] INFO  util.JmxRegister (JmxRegister.java:tryRegister(44)) - Successfully registered JMX Bean with object name Ratis:service=RaftServer,group=group-0E53E93CFD0F,id=5b42674d-a9fa-4183-866d-d0b91026c546
2021-11-14 01:04:28,962 [Command processor thread] INFO  ratis.XceiverServerRatis (XceiverServerRatis.java:addGroup(768)) - Created group PipelineID=d0e7521d-b1bf-4417-8d3e-0e53e93cfd0f
2021-11-14 01:04:28,965 [pool-616-thread-1] INFO  server.RaftServerConfigKeys (ConfUtils.java:logGet(44)) - raft.server.snapshot.auto.trigger.enabled = true (custom)
2021-11-14 01:04:28,965 [pool-616-thread-1] INFO  server.RaftServerConfigKeys (ConfUtils.java:logGet(44)) - raft.server.snapshot.auto.trigger.threshold = 10000 (custom)
2021-11-14 01:04:28,966 [pool-616-thread-1] INFO  server.RaftServerConfigKeys (ConfUtils.java:logGet(44)) - raft.server.snapshot.retention.file.num = 5 (custom)
2021-11-14 01:04:28,966 [pool-616-thread-1] INFO  server.RaftServerConfigKeys (ConfUtils.java:logGet(44)) - raft.server.log.purge.upto.snapshot.index = false (default)
2021-11-14 01:04:28,966 [pool-616-thread-1] INFO  server.RaftServerConfigKeys (ConfUtils.java:logGet(44)) - raft.server.retrycache.expirytime = 600000ms (custom)
2021-11-14 01:04:28,966 [pool-616-thread-1] INFO  server.RaftServerConfigKeys (ConfUtils.java:logGet(44)) - raft.server.retrycache.statistics.expirytime = 100μs (default)
2021-11-14 01:04:28,966 [pool-578-thread-1] INFO  ratis.ContainerStateMachine (ContainerStateMachine.java:loadSnapshot(224)) - group-0E53E93CFD0F: The snapshot info is null. Setting the last applied indexto:(t:0, i:~)
2021-11-14 01:04:28,966 [pool-578-thread-1] INFO  server.RaftServerConfigKeys (ConfUtils.java:logGet(44)) - raft.server.notification.no-leader.timeout = 300000ms (custom)
2021-11-14 01:04:28,966 [pool-578-thread-1] INFO  server.RaftServerConfigKeys (ConfUtils.java:logGet(44)) - raft.server.log.use.memory = false (default)
2021-11-14 01:04:28,966 [pool-578-thread-1] INFO  server.RaftServerConfigKeys (ConfUtils.java:logGet(44)) - raft.server.log.purge.gap = 1000000 (custom)
2021-11-14 01:04:28,967 [pool-578-thread-1] INFO  server.RaftServerConfigKeys (ConfUtils.java:logGet(44)) - raft.server.log.appender.buffer.byte-limit = 33554432 (custom)
2021-11-14 01:04:28,967 [pool-578-thread-1] INFO  server.RaftServerConfigKeys (ConfUtils.java:logGet(44)) - raft.server.log.segment.size.max = 1048576 (custom)
2021-11-14 01:04:28,971 [pool-616-thread-1] INFO  server.RaftServer$Division (RaftServerImpl.java:start(301)) - e624a09e-d66f-4eff-951a-8f24e1213b58@group-EE291D70EFFD: start as a follower, conf=-1: [e624a09e-d66f-4eff-951a-8f24e1213b58|rpc:10.1.0.47:41437|priority:1], old=null
2021-11-14 01:04:28,971 [pool-616-thread-1] INFO  server.RaftServer$Division (RaftServerImpl.java:setRole(290)) - e624a09e-d66f-4eff-951a-8f24e1213b58@group-EE291D70EFFD: changes role from      null to FOLLOWER at term 0 for startAsFollower
2021-11-14 01:04:28,971 [pool-616-thread-1] INFO  impl.RoleInfo (RoleInfo.java:updateAndGet(130)) - e624a09e-d66f-4eff-951a-8f24e1213b58: start e624a09e-d66f-4eff-951a-8f24e1213b58@group-EE291D70EFFD-FollowerState
2021-11-14 01:04:28,971 [pool-578-thread-1] INFO  server.RaftServerConfigKeys (ConfUtils.java:logGet(44)) - raft.server.log.segment.cache.num.max = 2 (custom)
2021-11-14 01:04:28,972 [pool-578-thread-1] INFO  server.RaftServerConfigKeys (ConfUtils.java:logGet(44)) - raft.server.log.segment.cache.size.max = 200MB (=209715200) (default)
2021-11-14 01:04:28,972 [pool-578-thread-1] INFO  segmented.SegmentedRaftLogWorker (SegmentedRaftLogWorker.java:<init>(182)) - new 8f64935f-b83c-4009-bc32-b4395deb71aa@group-0E53E93CFD0F-SegmentedRaftLogWorker for RaftStorageImpl:Storage Directory /home/runner/work/ozone/ozone/hadoop-ozone/integration-test/target/test-dir/MiniOzoneClusterImpl-5b6cbd2a-2976-43bc-8d1c-e3ca86cddeeb/datanode-3/data/ratis/d0e7521d-b1bf-4417-8d3e-0e53e93cfd0f
2021-11-14 01:04:28,972 [pool-578-thread-1] INFO  server.RaftServerConfigKeys (ConfUtils.java:logGet(44)) - raft.server.log.queue.byte-limit = 2147483647 (custom)
2021-11-14 01:04:28,972 [pool-578-thread-1] INFO  server.RaftServerConfigKeys (ConfUtils.java:logGet(44)) - raft.server.log.queue.element-limit = 1024 (custom)
2021-11-14 01:04:28,972 [pool-578-thread-1] INFO  server.RaftServerConfigKeys (ConfUtils.java:logGet(44)) - raft.server.log.segment.size.max = 1048576 (custom)
2021-11-14 01:04:28,972 [pool-578-thread-1] INFO  server.RaftServerConfigKeys (ConfUtils.java:logGet(44)) - raft.server.log.preallocated.size = 16384 (custom)
2021-11-14 01:04:28,972 [pool-578-thread-1] INFO  server.RaftServerConfigKeys (ConfUtils.java:logGet(44)) - raft.server.log.force.sync.num = 128 (default)
2021-11-14 01:04:28,972 [pool-578-thread-1] INFO  server.RaftServerConfigKeys (ConfUtils.java:logGet(44)) - raft.server.log.statemachine.data.sync = true (default)
2021-11-14 01:04:28,972 [pool-578-thread-1] INFO  server.RaftServerConfigKeys (ConfUtils.java:logGet(44)) - raft.server.log.statemachine.data.sync.timeout = 10s (default)
2021-11-14 01:04:28,972 [pool-578-thread-1] INFO  server.RaftServerConfigKeys (ConfUtils.java:logGet(44)) - raft.server.log.statemachine.data.sync.timeout.retry = -1 (default)
2021-11-14 01:04:28,973 [pool-616-thread-1] INFO  util.JmxRegister (JmxRegister.java:tryRegister(44)) - Successfully registered JMX Bean with object name Ratis:service=RaftServer,group=group-EE291D70EFFD,id=e624a09e-d66f-4eff-951a-8f24e1213b58
2021-11-14 01:04:28,974 [pool-578-thread-1] INFO  server.RaftServerConfigKeys (ConfUtils.java:logGet(44)) - raft.server.log.write.buffer.size = 1048576 (custom)
2021-11-14 01:04:28,975 [pool-578-thread-1] INFO  server.RaftServerConfigKeys (ConfUtils.java:logGet(44)) - raft.server.log.statemachine.data.caching.enabled = true (custom)
2021-11-14 01:04:28,975 [pool-578-thread-1] INFO  segmented.SegmentedRaftLogWorker (SegmentedRaftLogWorker.java:lambda$new$0(133)) - 8f64935f-b83c-4009-bc32-b4395deb71aa@group-0E53E93CFD0F-SegmentedRaftLogWorker: flushIndex: setUnconditionally 0 -> -1
2021-11-14 01:04:28,975 [pool-578-thread-1] INFO  segmented.SegmentedRaftLogWorker (SegmentedRaftLogWorker.java:lambda$new$0(133)) - 8f64935f-b83c-4009-bc32-b4395deb71aa@group-0E53E93CFD0F-SegmentedRaftLogWorker: safeCacheEvictIndex: setUnconditionally 0 -> -1
2021-11-14 01:04:28,977 [EventQueue-OpenPipelineForHealthyPipelineSafeModeRule] INFO  safemode.SCMSafeModeManager (HealthyPipelineSafeModeRule.java:process(124)) - SCM in safe mode. Healthy pipelines reported count is 0, required healthy pipeline reported count is 1
2021-11-14 01:04:28,981 [pool-578-thread-1] INFO  server.RaftServerConfigKeys (ConfUtils.java:logGet(44)) - raft.server.snapshot.auto.trigger.enabled = true (custom)
2021-11-14 01:04:28,981 [pool-578-thread-1] INFO  server.RaftServerConfigKeys (ConfUtils.java:logGet(44)) - raft.server.snapshot.auto.trigger.threshold = 10000 (custom)
2021-11-14 01:04:28,981 [pool-578-thread-1] INFO  server.RaftServerConfigKeys (ConfUtils.java:logGet(44)) - raft.server.snapshot.retention.file.num = 5 (custom)
2021-11-14 01:04:28,981 [pool-578-thread-1] INFO  server.RaftServerConfigKeys (ConfUtils.java:logGet(44)) - raft.server.log.purge.upto.snapshot.index = false (default)
2021-11-14 01:04:28,981 [pool-578-thread-1] INFO  server.RaftServerConfigKeys (ConfUtils.java:logGet(44)) - raft.server.retrycache.expirytime = 600000ms (custom)
2021-11-14 01:04:28,981 [pool-578-thread-1] INFO  server.RaftServerConfigKeys (ConfUtils.java:logGet(44)) - raft.server.retrycache.statistics.expirytime = 100μs (default)
2021-11-14 01:04:28,983 [pool-578-thread-1] INFO  server.RaftServer$Division (RaftServerImpl.java:start(301)) - 8f64935f-b83c-4009-bc32-b4395deb71aa@group-0E53E93CFD0F: start as a follower, conf=-1: [e624a09e-d66f-4eff-951a-8f24e1213b58|rpc:10.1.0.47:41437|priority:1, 8f64935f-b83c-4009-bc32-b4395deb71aa|rpc:10.1.0.47:45069|priority:0, 5b42674d-a9fa-4183-866d-d0b91026c546|rpc:10.1.0.47:35089|priority:0], old=null
2021-11-14 01:04:28,983 [pool-578-thread-1] INFO  server.RaftServer$Division (RaftServerImpl.java:setRole(290)) - 8f64935f-b83c-4009-bc32-b4395deb71aa@group-0E53E93CFD0F: changes role from      null to FOLLOWER at term 0 for startAsFollower
2021-11-14 01:04:29,021 [Command processor thread] INFO  ratis.XceiverServerRatis (XceiverServerRatis.java:addGroup(768)) - Created group PipelineID=910c467b-220f-4c72-8ab1-ee291d70effd
2021-11-14 01:04:29,021 [Command processor thread] INFO  commandhandler.CreatePipelineCommandHandler (CreatePipelineCommandHandler.java:handle(106)) - Created Pipeline RATIS ONE PipelineID=910c467b-220f-4c72-8ab1-ee291d70effd.
2021-11-14 01:04:29,021 [Command processor thread] INFO  server.RaftServer (RaftServerProxy.java:addNew(95)) - e624a09e-d66f-4eff-951a-8f24e1213b58: addNew group-0E53E93CFD0F:[e624a09e-d66f-4eff-951a-8f24e1213b58|rpc:10.1.0.47:41437|priority:1, 8f64935f-b83c-4009-bc32-b4395deb71aa|rpc:10.1.0.47:45069|priority:0, 5b42674d-a9fa-4183-866d-d0b91026c546|rpc:10.1.0.47:35089|priority:0] returns group-0E53E93CFD0F:java.util.concurrent.CompletableFuture@5c587466[Not completed]
2021-11-14 01:04:29,022 [pool-616-thread-1] INFO  server.RaftServer$Division (RaftServerImpl.java:<init>(184)) - e624a09e-d66f-4eff-951a-8f24e1213b58: new RaftServerImpl for group-0E53E93CFD0F:[e624a09e-d66f-4eff-951a-8f24e1213b58|rpc:10.1.0.47:41437|priority:1, 8f64935f-b83c-4009-bc32-b4395deb71aa|rpc:10.1.0.47:45069|priority:0, 5b42674d-a9fa-4183-866d-d0b91026c546|rpc:10.1.0.47:35089|priority:0] with ContainerStateMachine:uninitialized
2021-11-14 01:04:29,022 [pool-616-thread-1] INFO  server.RaftServerConfigKeys (ConfUtils.java:logGet(44)) - raft.server.rpc.timeout.min = 5s (custom)
2021-11-14 01:04:29,022 [pool-616-thread-1] INFO  server.RaftServerConfigKeys (ConfUtils.java:logGet(44)) - raft.server.rpc.timeout.max = 5200ms (custom)
2021-11-14 01:04:29,022 [pool-616-thread-1] INFO  server.RaftServerConfigKeys (ConfUtils.java:logGet(44)) - raft.server.rpc.sleep.time = 25ms (default)
2021-11-14 01:04:29,023 [pool-616-thread-1] INFO  server.RaftServerConfigKeys (ConfUtils.java:logGet(44)) - raft.server.rpc.slowness.timeout = 300000ms (custom)
2021-11-14 01:04:29,023 [pool-616-thread-1] INFO  server.RaftServerConfigKeys (ConfUtils.java:logGet(44)) - raft.server.leaderelection.leader.step-down.wait-time = 10s (default)
2021-11-14 01:04:29,023 [pool-616-thread-1] INFO  server.RaftServerConfigKeys (ConfUtils.java:logGet(44)) - raft.server.sleep.deviation.threshold = 300ms (default)
2021-11-14 01:04:29,023 [pool-616-thread-1] INFO  server.RaftServerConfigKeys (ConfUtils.java:logGet(44)) - raft.server.log.appender.install.snapshot.enabled = false (custom)
2021-11-14 01:04:29,023 [pool-616-thread-1] INFO  server.RaftServer$Division (ServerState.java:<init>(105)) - e624a09e-d66f-4eff-951a-8f24e1213b58@group-0E53E93CFD0F: ConfigurationManager, init=-1: [e624a09e-d66f-4eff-951a-8f24e1213b58|rpc:10.1.0.47:41437|priority:1, 8f64935f-b83c-4009-bc32-b4395deb71aa|rpc:10.1.0.47:45069|priority:0, 5b42674d-a9fa-4183-866d-d0b91026c546|rpc:10.1.0.47:35089|priority:0], old=null, confs=<EMPTY_MAP>
2021-11-14 01:04:29,023 [pool-616-thread-1] INFO  server.RaftServerConfigKeys (ConfUtils.java:logGet(44)) - raft.server.storage.dir = [/home/runner/work/ozone/ozone/hadoop-ozone/integration-test/target/test-dir/MiniOzoneClusterImpl-5b6cbd2a-2976-43bc-8d1c-e3ca86cddeeb/datanode-5/data/ratis] (custom)
2021-11-14 01:04:29,023 [pool-616-thread-1] INFO  server.RaftServerConfigKeys (ConfUtils.java:logGet(44)) - raft.server.log.corruption.policy = EXCEPTION (default)
2021-11-14 01:04:29,023 [pool-616-thread-1] INFO  server.RaftServerConfigKeys (ConfUtils.java:logGet(44)) - raft.server.storage.free-space.min = 0MB (=0) (default)
2021-11-14 01:04:29,023 [pool-616-thread-1] INFO  storage.RaftStorageDirectory (RaftStorageDirectoryImpl.java:analyzeStorage(135)) - The storage directory /home/runner/work/ozone/ozone/hadoop-ozone/integration-test/target/test-dir/MiniOzoneClusterImpl-5b6cbd2a-2976-43bc-8d1c-e3ca86cddeeb/datanode-5/data/ratis/d0e7521d-b1bf-4417-8d3e-0e53e93cfd0f does not exist. Creating ...
2021-11-14 01:04:29,026 [pool-616-thread-1] INFO  storage.RaftStorageDirectory (RaftStorageDirectoryImpl.java:tryLock(230)) - Lock on /home/runner/work/ozone/ozone/hadoop-ozone/integration-test/target/test-dir/MiniOzoneClusterImpl-5b6cbd2a-2976-43bc-8d1c-e3ca86cddeeb/datanode-5/data/ratis/d0e7521d-b1bf-4417-8d3e-0e53e93cfd0f/in_use.lock acquired by nodename 9791@fv-az395-453
2021-11-14 01:04:29,027 [pool-578-thread-1] INFO  impl.RoleInfo (RoleInfo.java:updateAndGet(130)) - 8f64935f-b83c-4009-bc32-b4395deb71aa: start 8f64935f-b83c-4009-bc32-b4395deb71aa@group-0E53E93CFD0F-FollowerState
2021-11-14 01:04:29,028 [pool-616-thread-1] INFO  storage.RaftStorage (RaftStorageImpl.java:format(89)) - Storage directory /home/runner/work/ozone/ozone/hadoop-ozone/integration-test/target/test-dir/MiniOzoneClusterImpl-5b6cbd2a-2976-43bc-8d1c-e3ca86cddeeb/datanode-5/data/ratis/d0e7521d-b1bf-4417-8d3e-0e53e93cfd0f has been successfully formatted.
2021-11-14 01:04:29,041 [pool-578-thread-1] INFO  util.JmxRegister (JmxRegister.java:tryRegister(44)) - Successfully registered JMX Bean with object name Ratis:service=RaftServer,group=group-0E53E93CFD0F,id=8f64935f-b83c-4009-bc32-b4395deb71aa
2021-11-14 01:04:29,055 [pool-616-thread-1] INFO  ratis.ContainerStateMachine (ContainerStateMachine.java:loadSnapshot(224)) - group-0E53E93CFD0F: The snapshot info is null. Setting the last applied indexto:(t:0, i:~)
2021-11-14 01:04:29,055 [pool-616-thread-1] INFO  server.RaftServerConfigKeys (ConfUtils.java:logGet(44)) - raft.server.notification.no-leader.timeout = 300000ms (custom)
2021-11-14 01:04:29,055 [pool-616-thread-1] INFO  server.RaftServerConfigKeys (ConfUtils.java:logGet(44)) - raft.server.log.use.memory = false (default)
2021-11-14 01:04:29,055 [pool-616-thread-1] INFO  server.RaftServerConfigKeys (ConfUtils.java:logGet(44)) - raft.server.log.purge.gap = 1000000 (custom)
2021-11-14 01:04:29,056 [pool-616-thread-1] INFO  server.RaftServerConfigKeys (ConfUtils.java:logGet(44)) - raft.server.log.appender.buffer.byte-limit = 33554432 (custom)
2021-11-14 01:04:29,056 [EventQueue-OpenPipelineForHealthyPipelineSafeModeRule] INFO  safemode.SCMSafeModeManager (HealthyPipelineSafeModeRule.java:process(124)) - SCM in safe mode. Healthy pipelines reported count is 0, required healthy pipeline reported count is 1
2021-11-14 01:04:29,085 [pool-616-thread-1] INFO  server.RaftServerConfigKeys (ConfUtils.java:logGet(44)) - raft.server.log.segment.size.max = 1048576 (custom)
2021-11-14 01:04:29,085 [pool-616-thread-1] INFO  server.RaftServerConfigKeys (ConfUtils.java:logGet(44)) - raft.server.log.segment.cache.num.max = 2 (custom)
2021-11-14 01:04:29,085 [pool-616-thread-1] INFO  server.RaftServerConfigKeys (ConfUtils.java:logGet(44)) - raft.server.log.segment.cache.size.max = 200MB (=209715200) (default)
2021-11-14 01:04:29,085 [pool-616-thread-1] INFO  segmented.SegmentedRaftLogWorker (SegmentedRaftLogWorker.java:<init>(182)) - new e624a09e-d66f-4eff-951a-8f24e1213b58@group-0E53E93CFD0F-SegmentedRaftLogWorker for RaftStorageImpl:Storage Directory /home/runner/work/ozone/ozone/hadoop-ozone/integration-test/target/test-dir/MiniOzoneClusterImpl-5b6cbd2a-2976-43bc-8d1c-e3ca86cddeeb/datanode-5/data/ratis/d0e7521d-b1bf-4417-8d3e-0e53e93cfd0f
2021-11-14 01:04:29,085 [pool-616-thread-1] INFO  server.RaftServerConfigKeys (ConfUtils.java:logGet(44)) - raft.server.log.queue.byte-limit = 2147483647 (custom)
2021-11-14 01:04:29,086 [pool-616-thread-1] INFO  server.RaftServerConfigKeys (ConfUtils.java:logGet(44)) - raft.server.log.queue.element-limit = 1024 (custom)
2021-11-14 01:04:29,086 [pool-616-thread-1] INFO  server.RaftServerConfigKeys (ConfUtils.java:logGet(44)) - raft.server.log.segment.size.max = 1048576 (custom)
2021-11-14 01:04:29,086 [pool-616-thread-1] INFO  server.RaftServerConfigKeys (ConfUtils.java:logGet(44)) - raft.server.log.preallocated.size = 16384 (custom)
2021-11-14 01:04:29,086 [pool-616-thread-1] INFO  server.RaftServerConfigKeys (ConfUtils.java:logGet(44)) - raft.server.log.force.sync.num = 128 (default)
2021-11-14 01:04:29,086 [pool-616-thread-1] INFO  server.RaftServerConfigKeys (ConfUtils.java:logGet(44)) - raft.server.log.statemachine.data.sync = true (default)
2021-11-14 01:04:29,086 [pool-616-thread-1] INFO  server.RaftServerConfigKeys (ConfUtils.java:logGet(44)) - raft.server.log.statemachine.data.sync.timeout = 10s (default)
2021-11-14 01:04:29,086 [pool-616-thread-1] INFO  server.RaftServerConfigKeys (ConfUtils.java:logGet(44)) - raft.server.log.statemachine.data.sync.timeout.retry = -1 (default)
2021-11-14 01:04:29,089 [Command processor thread] INFO  ratis.XceiverServerRatis (XceiverServerRatis.java:addGroup(768)) - Created group PipelineID=d0e7521d-b1bf-4417-8d3e-0e53e93cfd0f
2021-11-14 01:04:29,107 [pool-616-thread-1] INFO  server.RaftServerConfigKeys (ConfUtils.java:logGet(44)) - raft.server.log.write.buffer.size = 1048576 (custom)
2021-11-14 01:04:29,108 [pool-616-thread-1] INFO  server.RaftServerConfigKeys (ConfUtils.java:logGet(44)) - raft.server.log.statemachine.data.caching.enabled = true (custom)
2021-11-14 01:04:29,109 [pool-616-thread-1] INFO  segmented.SegmentedRaftLogWorker (SegmentedRaftLogWorker.java:lambda$new$0(133)) - e624a09e-d66f-4eff-951a-8f24e1213b58@group-0E53E93CFD0F-SegmentedRaftLogWorker: flushIndex: setUnconditionally 0 -> -1
2021-11-14 01:04:29,109 [pool-616-thread-1] INFO  segmented.SegmentedRaftLogWorker (SegmentedRaftLogWorker.java:lambda$new$0(133)) - e624a09e-d66f-4eff-951a-8f24e1213b58@group-0E53E93CFD0F-SegmentedRaftLogWorker: safeCacheEvictIndex: setUnconditionally 0 -> -1
2021-11-14 01:04:29,109 [pool-616-thread-1] INFO  server.RaftServerConfigKeys (ConfUtils.java:logGet(44)) - raft.server.snapshot.auto.trigger.enabled = true (custom)
2021-11-14 01:04:29,109 [pool-616-thread-1] INFO  server.RaftServerConfigKeys (ConfUtils.java:logGet(44)) - raft.server.snapshot.auto.trigger.threshold = 10000 (custom)
2021-11-14 01:04:29,109 [pool-616-thread-1] INFO  server.RaftServerConfigKeys (ConfUtils.java:logGet(44)) - raft.server.snapshot.retention.file.num = 5 (custom)
2021-11-14 01:04:29,109 [pool-616-thread-1] INFO  server.RaftServerConfigKeys (ConfUtils.java:logGet(44)) - raft.server.log.purge.upto.snapshot.index = false (default)
2021-11-14 01:04:29,109 [pool-616-thread-1] INFO  server.RaftServerConfigKeys (ConfUtils.java:logGet(44)) - raft.server.retrycache.expirytime = 600000ms (custom)
2021-11-14 01:04:29,109 [pool-616-thread-1] INFO  server.RaftServerConfigKeys (ConfUtils.java:logGet(44)) - raft.server.retrycache.statistics.expirytime = 100μs (default)
2021-11-14 01:04:29,111 [pool-616-thread-1] INFO  server.RaftServer$Division (RaftServerImpl.java:start(301)) - e624a09e-d66f-4eff-951a-8f24e1213b58@group-0E53E93CFD0F: start as a follower, conf=-1: [e624a09e-d66f-4eff-951a-8f24e1213b58|rpc:10.1.0.47:41437|priority:1, 8f64935f-b83c-4009-bc32-b4395deb71aa|rpc:10.1.0.47:45069|priority:0, 5b42674d-a9fa-4183-866d-d0b91026c546|rpc:10.1.0.47:35089|priority:0], old=null
2021-11-14 01:04:29,111 [pool-616-thread-1] INFO  server.RaftServer$Division (RaftServerImpl.java:setRole(290)) - e624a09e-d66f-4eff-951a-8f24e1213b58@group-0E53E93CFD0F: changes role from      null to FOLLOWER at term 0 for startAsFollower
2021-11-14 01:04:29,111 [pool-616-thread-1] INFO  impl.RoleInfo (RoleInfo.java:updateAndGet(130)) - e624a09e-d66f-4eff-951a-8f24e1213b58: start e624a09e-d66f-4eff-951a-8f24e1213b58@group-0E53E93CFD0F-FollowerState
2021-11-14 01:04:29,111 [pool-616-thread-1] INFO  util.JmxRegister (JmxRegister.java:tryRegister(44)) - Successfully registered JMX Bean with object name Ratis:service=RaftServer,group=group-0E53E93CFD0F,id=e624a09e-d66f-4eff-951a-8f24e1213b58
2021-11-14 01:04:29,112 [Command processor thread] INFO  ratis.XceiverServerRatis (XceiverServerRatis.java:addGroup(768)) - Created group PipelineID=d0e7521d-b1bf-4417-8d3e-0e53e93cfd0f
2021-11-14 01:04:29,293 [Command processor thread] INFO  commandhandler.CreatePipelineCommandHandler (CreatePipelineCommandHandler.java:handle(106)) - Created Pipeline RATIS THREE PipelineID=d0e7521d-b1bf-4417-8d3e-0e53e93cfd0f.
2021-11-14 01:04:29,425 [Command processor thread] INFO  server.RaftServer (RaftServerProxy.java:addNew(95)) - eb0c46e4-5725-4afa-bb96-e719b980f47a: addNew group-82432EB5AAAA:[eb0c46e4-5725-4afa-bb96-e719b980f47a|rpc:10.1.0.47:38135|priority:1] returns group-82432EB5AAAA:java.util.concurrent.CompletableFuture@e80aa06[Not completed]
2021-11-14 01:04:29,435 [Listener at 127.0.0.1/34021] INFO  ozone.MiniOzoneClusterImpl (MiniOzoneClusterImpl.java:lambda$waitForClusterToBeReady$0(235)) - Nodes are ready. Got 7 of 7 DN Heartbeats.
2021-11-14 01:04:29,436 [Listener at 127.0.0.1/34021] INFO  ozone.MiniOzoneClusterImpl (MiniOzoneClusterImpl.java:lambda$waitForClusterToBeReady$0(238)) - Waiting for cluster to exit safe mode
2021-11-14 01:04:29,436 [Listener at 127.0.0.1/34021] INFO  ozone.MiniOzoneClusterImpl (MiniOzoneClusterImpl.java:lambda$waitForClusterToBeReady$0(240)) - SCM became leader
2021-11-14 01:04:29,454 [Command processor thread] INFO  commandhandler.CreatePipelineCommandHandler (CreatePipelineCommandHandler.java:handle(106)) - Created Pipeline RATIS THREE PipelineID=d0e7521d-b1bf-4417-8d3e-0e53e93cfd0f.
2021-11-14 01:04:29,460 [pool-635-thread-1] INFO  server.RaftServer$Division (RaftServerImpl.java:<init>(184)) - eb0c46e4-5725-4afa-bb96-e719b980f47a: new RaftServerImpl for group-82432EB5AAAA:[eb0c46e4-5725-4afa-bb96-e719b980f47a|rpc:10.1.0.47:38135|priority:1] with ContainerStateMachine:uninitialized
2021-11-14 01:04:29,461 [pool-635-thread-1] INFO  server.RaftServerConfigKeys (ConfUtils.java:logGet(44)) - raft.server.rpc.timeout.min = 5s (custom)
2021-11-14 01:04:29,461 [pool-635-thread-1] INFO  server.RaftServerConfigKeys (ConfUtils.java:logGet(44)) - raft.server.rpc.timeout.max = 5200ms (custom)
2021-11-14 01:04:29,461 [pool-635-thread-1] INFO  server.RaftServerConfigKeys (ConfUtils.java:logGet(44)) - raft.server.rpc.sleep.time = 25ms (default)
2021-11-14 01:04:29,461 [pool-635-thread-1] INFO  server.RaftServerConfigKeys (ConfUtils.java:logGet(44)) - raft.server.rpc.slowness.timeout = 300000ms (custom)
2021-11-14 01:04:29,461 [pool-635-thread-1] INFO  server.RaftServerConfigKeys (ConfUtils.java:logGet(44)) - raft.server.leaderelection.leader.step-down.wait-time = 10s (default)
2021-11-14 01:04:29,461 [pool-635-thread-1] INFO  server.RaftServerConfigKeys (ConfUtils.java:logGet(44)) - raft.server.sleep.deviation.threshold = 300ms (default)
2021-11-14 01:04:29,461 [pool-635-thread-1] INFO  server.RaftServerConfigKeys (ConfUtils.java:logGet(44)) - raft.server.log.appender.install.snapshot.enabled = false (custom)
2021-11-14 01:04:29,461 [pool-635-thread-1] INFO  server.RaftServer$Division (ServerState.java:<init>(105)) - eb0c46e4-5725-4afa-bb96-e719b980f47a@group-82432EB5AAAA: ConfigurationManager, init=-1: [eb0c46e4-5725-4afa-bb96-e719b980f47a|rpc:10.1.0.47:38135|priority:1], old=null, confs=<EMPTY_MAP>
2021-11-14 01:04:29,461 [pool-635-thread-1] INFO  server.RaftServerConfigKeys (ConfUtils.java:logGet(44)) - raft.server.storage.dir = [/home/runner/work/ozone/ozone/hadoop-ozone/integration-test/target/test-dir/MiniOzoneClusterImpl-5b6cbd2a-2976-43bc-8d1c-e3ca86cddeeb/datanode-6/data/ratis] (custom)
2021-11-14 01:04:29,461 [pool-635-thread-1] INFO  server.RaftServerConfigKeys (ConfUtils.java:logGet(44)) - raft.server.log.corruption.policy = EXCEPTION (default)
2021-11-14 01:04:29,461 [pool-635-thread-1] INFO  server.RaftServerConfigKeys (ConfUtils.java:logGet(44)) - raft.server.storage.free-space.min = 0MB (=0) (default)
2021-11-14 01:04:29,462 [pool-635-thread-1] INFO  storage.RaftStorageDirectory (RaftStorageDirectoryImpl.java:analyzeStorage(135)) - The storage directory /home/runner/work/ozone/ozone/hadoop-ozone/integration-test/target/test-dir/MiniOzoneClusterImpl-5b6cbd2a-2976-43bc-8d1c-e3ca86cddeeb/datanode-6/data/ratis/a9c9fa27-e157-4e26-8819-82432eb5aaaa does not exist. Creating ...
2021-11-14 01:04:29,463 [pool-635-thread-1] INFO  storage.RaftStorageDirectory (RaftStorageDirectoryImpl.java:tryLock(230)) - Lock on /home/runner/work/ozone/ozone/hadoop-ozone/integration-test/target/test-dir/MiniOzoneClusterImpl-5b6cbd2a-2976-43bc-8d1c-e3ca86cddeeb/datanode-6/data/ratis/a9c9fa27-e157-4e26-8819-82432eb5aaaa/in_use.lock acquired by nodename 9791@fv-az395-453
2021-11-14 01:04:29,464 [pool-635-thread-1] INFO  storage.RaftStorage (RaftStorageImpl.java:format(89)) - Storage directory /home/runner/work/ozone/ozone/hadoop-ozone/integration-test/target/test-dir/MiniOzoneClusterImpl-5b6cbd2a-2976-43bc-8d1c-e3ca86cddeeb/datanode-6/data/ratis/a9c9fa27-e157-4e26-8819-82432eb5aaaa has been successfully formatted.
2021-11-14 01:04:29,550 [pool-635-thread-1] INFO  ratis.ContainerStateMachine (ContainerStateMachine.java:loadSnapshot(224)) - group-82432EB5AAAA: The snapshot info is null. Setting the last applied indexto:(t:0, i:~)
2021-11-14 01:04:29,550 [pool-635-thread-1] INFO  server.RaftServerConfigKeys (ConfUtils.java:logGet(44)) - raft.server.notification.no-leader.timeout = 300000ms (custom)
2021-11-14 01:04:29,550 [pool-635-thread-1] INFO  server.RaftServerConfigKeys (ConfUtils.java:logGet(44)) - raft.server.log.use.memory = false (default)
2021-11-14 01:04:29,550 [pool-635-thread-1] INFO  server.RaftServerConfigKeys (ConfUtils.java:logGet(44)) - raft.server.log.purge.gap = 1000000 (custom)
2021-11-14 01:04:29,550 [pool-635-thread-1] INFO  server.RaftServerConfigKeys (ConfUtils.java:logGet(44)) - raft.server.log.appender.buffer.byte-limit = 33554432 (custom)
2021-11-14 01:04:29,551 [pool-635-thread-1] INFO  server.RaftServerConfigKeys (ConfUtils.java:logGet(44)) - raft.server.log.segment.size.max = 1048576 (custom)
2021-11-14 01:04:29,551 [pool-635-thread-1] INFO  server.RaftServerConfigKeys (ConfUtils.java:logGet(44)) - raft.server.log.segment.cache.num.max = 2 (custom)
2021-11-14 01:04:29,551 [pool-635-thread-1] INFO  server.RaftServerConfigKeys (ConfUtils.java:logGet(44)) - raft.server.log.segment.cache.size.max = 200MB (=209715200) (default)
2021-11-14 01:04:29,551 [EventQueue-PipelineReportForPipelineReportHandler] INFO  pipeline.PipelineManagerImpl (PipelineManagerImpl.java:openPipeline(289)) - Pipeline Pipeline[ Id: a9c9fa27-e157-4e26-8819-82432eb5aaaa, Nodes: eb0c46e4-5725-4afa-bb96-e719b980f47a{ip: 10.1.0.47, host: fv-az395-453.zfmzfyrfkyou3ow0tsr0jxwq1e.bx.internal.cloudapp.net, ports: [REPLICATION=35283, RATIS=38135, RATIS_ADMIN=38135, RATIS_SERVER=38135, STANDALONE=42151], networkLocation: /default-rack, certSerialId: null, persistedOpState: IN_SERVICE, persistedOpStateExpiryEpochSec: 0}, ReplicationConfig: RATIS/ONE, State:ALLOCATED, leaderId:eb0c46e4-5725-4afa-bb96-e719b980f47a, CreationTimestamp2021-11-14T01:04:26.459Z[Etc/UTC]] moved to OPEN state
2021-11-14 01:04:29,551 [Command processor thread] INFO  commandhandler.CreatePipelineCommandHandler (CreatePipelineCommandHandler.java:handle(106)) - Created Pipeline RATIS THREE PipelineID=d0e7521d-b1bf-4417-8d3e-0e53e93cfd0f.
2021-11-14 01:04:29,552 [EventQueue-OpenPipelineForHealthyPipelineSafeModeRule] INFO  safemode.SCMSafeModeManager (HealthyPipelineSafeModeRule.java:process(124)) - SCM in safe mode. Healthy pipelines reported count is 0, required healthy pipeline reported count is 1
2021-11-14 01:04:29,551 [pool-635-thread-1] INFO  segmented.SegmentedRaftLogWorker (SegmentedRaftLogWorker.java:<init>(182)) - new eb0c46e4-5725-4afa-bb96-e719b980f47a@group-82432EB5AAAA-SegmentedRaftLogWorker for RaftStorageImpl:Storage Directory /home/runner/work/ozone/ozone/hadoop-ozone/integration-test/target/test-dir/MiniOzoneClusterImpl-5b6cbd2a-2976-43bc-8d1c-e3ca86cddeeb/datanode-6/data/ratis/a9c9fa27-e157-4e26-8819-82432eb5aaaa
2021-11-14 01:04:29,552 [pool-635-thread-1] INFO  server.RaftServerConfigKeys (ConfUtils.java:logGet(44)) - raft.server.log.queue.byte-limit = 2147483647 (custom)
2021-11-14 01:04:29,552 [pool-635-thread-1] INFO  server.RaftServerConfigKeys (ConfUtils.java:logGet(44)) - raft.server.log.queue.element-limit = 1024 (custom)
2021-11-14 01:04:29,552 [pool-635-thread-1] INFO  server.RaftServerConfigKeys (ConfUtils.java:logGet(44)) - raft.server.log.segment.size.max = 1048576 (custom)
2021-11-14 01:04:29,552 [pool-635-thread-1] INFO  server.RaftServerConfigKeys (ConfUtils.java:logGet(44)) - raft.server.log.preallocated.size = 16384 (custom)
2021-11-14 01:04:29,552 [pool-635-thread-1] INFO  server.RaftServerConfigKeys (ConfUtils.java:logGet(44)) - raft.server.log.force.sync.num = 128 (default)
2021-11-14 01:04:29,552 [pool-635-thread-1] INFO  server.RaftServerConfigKeys (ConfUtils.java:logGet(44)) - raft.server.log.statemachine.data.sync = true (default)
2021-11-14 01:04:29,552 [pool-635-thread-1] INFO  server.RaftServerConfigKeys (ConfUtils.java:logGet(44)) - raft.server.log.statemachine.data.sync.timeout = 10s (default)
2021-11-14 01:04:29,553 [pool-635-thread-1] INFO  server.RaftServerConfigKeys (ConfUtils.java:logGet(44)) - raft.server.log.statemachine.data.sync.timeout.retry = -1 (default)
2021-11-14 01:04:29,554 [pool-635-thread-1] INFO  server.RaftServerConfigKeys (ConfUtils.java:logGet(44)) - raft.server.log.write.buffer.size = 1048576 (custom)
2021-11-14 01:04:29,555 [pool-635-thread-1] INFO  server.RaftServerConfigKeys (ConfUtils.java:logGet(44)) - raft.server.log.statemachine.data.caching.enabled = true (custom)
2021-11-14 01:04:29,555 [pool-635-thread-1] INFO  segmented.SegmentedRaftLogWorker (SegmentedRaftLogWorker.java:lambda$new$0(133)) - eb0c46e4-5725-4afa-bb96-e719b980f47a@group-82432EB5AAAA-SegmentedRaftLogWorker: flushIndex: setUnconditionally 0 -> -1
2021-11-14 01:04:29,555 [pool-635-thread-1] INFO  segmented.SegmentedRaftLogWorker (SegmentedRaftLogWorker.java:lambda$new$0(133)) - eb0c46e4-5725-4afa-bb96-e719b980f47a@group-82432EB5AAAA-SegmentedRaftLogWorker: safeCacheEvictIndex: setUnconditionally 0 -> -1
2021-11-14 01:04:29,564 [pool-635-thread-1] INFO  server.RaftServerConfigKeys (ConfUtils.java:logGet(44)) - raft.server.snapshot.auto.trigger.enabled = true (custom)
2021-11-14 01:04:29,564 [pool-635-thread-1] INFO  server.RaftServerConfigKeys (ConfUtils.java:logGet(44)) - raft.server.snapshot.auto.trigger.threshold = 10000 (custom)
2021-11-14 01:04:29,564 [pool-635-thread-1] INFO  server.RaftServerConfigKeys (ConfUtils.java:logGet(44)) - raft.server.snapshot.retention.file.num = 5 (custom)
2021-11-14 01:04:29,564 [pool-635-thread-1] INFO  server.RaftServerConfigKeys (ConfUtils.java:logGet(44)) - raft.server.log.purge.upto.snapshot.index = false (default)
2021-11-14 01:04:29,565 [pool-635-thread-1] INFO  server.RaftServerConfigKeys (ConfUtils.java:logGet(44)) - raft.server.retrycache.expirytime = 600000ms (custom)
2021-11-14 01:04:29,565 [pool-635-thread-1] INFO  server.RaftServerConfigKeys (ConfUtils.java:logGet(44)) - raft.server.retrycache.statistics.expirytime = 100μs (default)
2021-11-14 01:04:29,566 [pool-635-thread-1] INFO  server.RaftServer$Division (RaftServerImpl.java:start(301)) - eb0c46e4-5725-4afa-bb96-e719b980f47a@group-82432EB5AAAA: start as a follower, conf=-1: [eb0c46e4-5725-4afa-bb96-e719b980f47a|rpc:10.1.0.47:38135|priority:1], old=null
2021-11-14 01:04:29,566 [pool-635-thread-1] INFO  server.RaftServer$Division (RaftServerImpl.java:setRole(290)) - eb0c46e4-5725-4afa-bb96-e719b980f47a@group-82432EB5AAAA: changes role from      null to FOLLOWER at term 0 for startAsFollower
2021-11-14 01:04:29,566 [pool-635-thread-1] INFO  impl.RoleInfo (RoleInfo.java:updateAndGet(130)) - eb0c46e4-5725-4afa-bb96-e719b980f47a: start eb0c46e4-5725-4afa-bb96-e719b980f47a@group-82432EB5AAAA-FollowerState
2021-11-14 01:04:29,573 [pool-635-thread-1] INFO  util.JmxRegister (JmxRegister.java:tryRegister(44)) - Successfully registered JMX Bean with object name Ratis:service=RaftServer,group=group-82432EB5AAAA,id=eb0c46e4-5725-4afa-bb96-e719b980f47a
2021-11-14 01:04:29,581 [Command processor thread] INFO  ratis.XceiverServerRatis (XceiverServerRatis.java:addGroup(768)) - Created group PipelineID=a9c9fa27-e157-4e26-8819-82432eb5aaaa
2021-11-14 01:04:29,581 [Command processor thread] INFO  commandhandler.CreatePipelineCommandHandler (CreatePipelineCommandHandler.java:handle(106)) - Created Pipeline RATIS ONE PipelineID=a9c9fa27-e157-4e26-8819-82432eb5aaaa.
2021-11-14 01:04:30,436 [Listener at 127.0.0.1/34021] INFO  ozone.MiniOzoneClusterImpl (MiniOzoneClusterImpl.java:lambda$waitForClusterToBeReady$0(235)) - Nodes are ready. Got 7 of 7 DN Heartbeats.
2021-11-14 01:04:30,436 [Listener at 127.0.0.1/34021] INFO  ozone.MiniOzoneClusterImpl (MiniOzoneClusterImpl.java:lambda$waitForClusterToBeReady$0(238)) - Waiting for cluster to exit safe mode
2021-11-14 01:04:30,436 [Listener at 127.0.0.1/34021] INFO  ozone.MiniOzoneClusterImpl (MiniOzoneClusterImpl.java:lambda$waitForClusterToBeReady$0(240)) - SCM became leader
2021-11-14 01:04:31,436 [Listener at 127.0.0.1/34021] INFO  ozone.MiniOzoneClusterImpl (MiniOzoneClusterImpl.java:lambda$waitForClusterToBeReady$0(235)) - Nodes are ready. Got 7 of 7 DN Heartbeats.
2021-11-14 01:04:31,436 [Listener at 127.0.0.1/34021] INFO  ozone.MiniOzoneClusterImpl (MiniOzoneClusterImpl.java:lambda$waitForClusterToBeReady$0(238)) - Waiting for cluster to exit safe mode
2021-11-14 01:04:31,437 [Listener at 127.0.0.1/34021] INFO  ozone.MiniOzoneClusterImpl (MiniOzoneClusterImpl.java:lambda$waitForClusterToBeReady$0(240)) - SCM became leader
2021-11-14 01:04:31,568 [32069a0d-f39a-42d5-b706-96b3f478e9d8@group-58FA2C6BBA1C-FollowerState] INFO  impl.FollowerState (FollowerState.java:run(134)) - 32069a0d-f39a-42d5-b706-96b3f478e9d8@group-58FA2C6BBA1C-FollowerState: change to CANDIDATE, lastRpcElapsedTime:5086669771ns, electionTimeout:5073ms
2021-11-14 01:04:31,568 [32069a0d-f39a-42d5-b706-96b3f478e9d8@group-58FA2C6BBA1C-FollowerState] INFO  impl.RoleInfo (RoleInfo.java:shutdownFollowerState(108)) - 32069a0d-f39a-42d5-b706-96b3f478e9d8: shutdown 32069a0d-f39a-42d5-b706-96b3f478e9d8@group-58FA2C6BBA1C-FollowerState
2021-11-14 01:04:31,568 [32069a0d-f39a-42d5-b706-96b3f478e9d8@group-58FA2C6BBA1C-FollowerState] INFO  server.RaftServer$Division (RaftServerImpl.java:setRole(290)) - 32069a0d-f39a-42d5-b706-96b3f478e9d8@group-58FA2C6BBA1C: changes role from  FOLLOWER to CANDIDATE at term 0 for changeToCandidate
2021-11-14 01:04:31,570 [32069a0d-f39a-42d5-b706-96b3f478e9d8@group-58FA2C6BBA1C-FollowerState] INFO  server.RaftServerConfigKeys (ConfUtils.java:logGet(44)) - raft.server.leaderelection.pre-vote = false (custom)
2021-11-14 01:04:31,570 [32069a0d-f39a-42d5-b706-96b3f478e9d8@group-58FA2C6BBA1C-FollowerState] INFO  impl.RoleInfo (RoleInfo.java:updateAndGet(130)) - 32069a0d-f39a-42d5-b706-96b3f478e9d8: start 32069a0d-f39a-42d5-b706-96b3f478e9d8@group-58FA2C6BBA1C-LeaderElection99
2021-11-14 01:04:31,593 [32069a0d-f39a-42d5-b706-96b3f478e9d8@group-58FA2C6BBA1C-LeaderElection99] INFO  impl.LeaderElection (LeaderElection.java:askForVotes(306)) - 32069a0d-f39a-42d5-b706-96b3f478e9d8@group-58FA2C6BBA1C-LeaderElection99 ELECTION round 0: submit vote requests at term 1 for -1: [a5432c49-5461-405d-b7d7-37e5c225d9bf|rpc:10.1.0.47:33007|priority:0, 32069a0d-f39a-42d5-b706-96b3f478e9d8|rpc:10.1.0.47:43355|priority:1, 42593a4f-89d4-4363-aad7-ee84fdc40b17|rpc:10.1.0.47:38117|priority:0], old=null
2021-11-14 01:04:31,599 [grpc-default-executor-0] INFO  server.RaftServer$Division (RaftServerImpl.java:requestVote(1046)) - a5432c49-5461-405d-b7d7-37e5c225d9bf@group-58FA2C6BBA1C: receive requestVote(ELECTION, 32069a0d-f39a-42d5-b706-96b3f478e9d8, group-58FA2C6BBA1C, 1, (t:0, i:0))
2021-11-14 01:04:31,599 [grpc-default-executor-0] INFO  impl.VoteContext (VoteContext.java:log(48)) - a5432c49-5461-405d-b7d7-37e5c225d9bf@group-58FA2C6BBA1C-FOLLOWER: accept ELECTION from 32069a0d-f39a-42d5-b706-96b3f478e9d8: our priority 0 <= candidate's priority 1
2021-11-14 01:04:31,599 [grpc-default-executor-0] INFO  server.RaftServer$Division (RaftServerImpl.java:setRole(290)) - a5432c49-5461-405d-b7d7-37e5c225d9bf@group-58FA2C6BBA1C: changes role from  FOLLOWER to FOLLOWER at term 1 for candidate:32069a0d-f39a-42d5-b706-96b3f478e9d8
2021-11-14 01:04:31,599 [grpc-default-executor-0] INFO  impl.RoleInfo (RoleInfo.java:shutdownFollowerState(108)) - a5432c49-5461-405d-b7d7-37e5c225d9bf: shutdown a5432c49-5461-405d-b7d7-37e5c225d9bf@group-58FA2C6BBA1C-FollowerState
2021-11-14 01:04:31,599 [grpc-default-executor-0] INFO  impl.RoleInfo (RoleInfo.java:updateAndGet(130)) - a5432c49-5461-405d-b7d7-37e5c225d9bf: start a5432c49-5461-405d-b7d7-37e5c225d9bf@group-58FA2C6BBA1C-FollowerState
2021-11-14 01:04:31,599 [a5432c49-5461-405d-b7d7-37e5c225d9bf@group-58FA2C6BBA1C-FollowerState] INFO  impl.FollowerState (FollowerState.java:run(143)) - a5432c49-5461-405d-b7d7-37e5c225d9bf@group-58FA2C6BBA1C-FollowerState was interrupted: {}
java.lang.InterruptedException: sleep interrupted
	at java.lang.Thread.sleep(Native Method)
	at java.lang.Thread.sleep(Thread.java:340)
	at java.util.concurrent.TimeUnit.sleep(TimeUnit.java:386)
	at org.apache.ratis.util.TimeDuration.sleep(TimeDuration.java:324)
	at org.apache.ratis.util.TimeDuration.sleep(TimeDuration.java:309)
	at org.apache.ratis.server.impl.FollowerState.run(FollowerState.java:118)
2021-11-14 01:04:31,639 [32069a0d-f39a-42d5-b706-96b3f478e9d8@group-ED4C9AF695D8-FollowerState] INFO  impl.FollowerState (FollowerState.java:run(134)) - 32069a0d-f39a-42d5-b706-96b3f478e9d8@group-ED4C9AF695D8-FollowerState: change to CANDIDATE, lastRpcElapsedTime:5219469667ns, electionTimeout:5190ms
2021-11-14 01:04:31,639 [32069a0d-f39a-42d5-b706-96b3f478e9d8@group-ED4C9AF695D8-FollowerState] INFO  impl.RoleInfo (RoleInfo.java:shutdownFollowerState(108)) - 32069a0d-f39a-42d5-b706-96b3f478e9d8: shutdown 32069a0d-f39a-42d5-b706-96b3f478e9d8@group-ED4C9AF695D8-FollowerState
2021-11-14 01:04:31,639 [32069a0d-f39a-42d5-b706-96b3f478e9d8@group-ED4C9AF695D8-FollowerState] INFO  server.RaftServer$Division (RaftServerImpl.java:setRole(290)) - 32069a0d-f39a-42d5-b706-96b3f478e9d8@group-ED4C9AF695D8: changes role from  FOLLOWER to CANDIDATE at term 0 for changeToCandidate
2021-11-14 01:04:31,639 [32069a0d-f39a-42d5-b706-96b3f478e9d8@group-ED4C9AF695D8-FollowerState] INFO  server.RaftServerConfigKeys (ConfUtils.java:logGet(44)) - raft.server.leaderelection.pre-vote = false (custom)
2021-11-14 01:04:31,639 [32069a0d-f39a-42d5-b706-96b3f478e9d8@group-ED4C9AF695D8-FollowerState] INFO  impl.RoleInfo (RoleInfo.java:updateAndGet(130)) - 32069a0d-f39a-42d5-b706-96b3f478e9d8: start 32069a0d-f39a-42d5-b706-96b3f478e9d8@group-ED4C9AF695D8-LeaderElection100
2021-11-14 01:04:31,644 [grpc-default-executor-1] INFO  server.RaftServer$Division (RaftServerImpl.java:requestVote(1046)) - 42593a4f-89d4-4363-aad7-ee84fdc40b17@group-58FA2C6BBA1C: receive requestVote(ELECTION, 32069a0d-f39a-42d5-b706-96b3f478e9d8, group-58FA2C6BBA1C, 1, (t:0, i:0))
2021-11-14 01:04:31,644 [grpc-default-executor-1] INFO  impl.VoteContext (VoteContext.java:log(48)) - 42593a4f-89d4-4363-aad7-ee84fdc40b17@group-58FA2C6BBA1C-FOLLOWER: accept ELECTION from 32069a0d-f39a-42d5-b706-96b3f478e9d8: our priority 0 <= candidate's priority 1
2021-11-14 01:04:31,644 [grpc-default-executor-1] INFO  server.RaftServer$Division (RaftServerImpl.java:setRole(290)) - 42593a4f-89d4-4363-aad7-ee84fdc40b17@group-58FA2C6BBA1C: changes role from  FOLLOWER to FOLLOWER at term 1 for candidate:32069a0d-f39a-42d5-b706-96b3f478e9d8
2021-11-14 01:04:31,644 [grpc-default-executor-1] INFO  impl.RoleInfo (RoleInfo.java:shutdownFollowerState(108)) - 42593a4f-89d4-4363-aad7-ee84fdc40b17: shutdown 42593a4f-89d4-4363-aad7-ee84fdc40b17@group-58FA2C6BBA1C-FollowerState
2021-11-14 01:04:31,646 [grpc-default-executor-1] INFO  impl.RoleInfo (RoleInfo.java:updateAndGet(130)) - 42593a4f-89d4-4363-aad7-ee84fdc40b17: start 42593a4f-89d4-4363-aad7-ee84fdc40b17@group-58FA2C6BBA1C-FollowerState
2021-11-14 01:04:31,646 [grpc-default-executor-0] INFO  server.RaftServer$Division (RaftServerImpl.java:requestVote(1078)) - a5432c49-5461-405d-b7d7-37e5c225d9bf@group-58FA2C6BBA1C replies to ELECTION vote request: 32069a0d-f39a-42d5-b706-96b3f478e9d8<-a5432c49-5461-405d-b7d7-37e5c225d9bf#0:OK-t1. Peer's state: a5432c49-5461-405d-b7d7-37e5c225d9bf@group-58FA2C6BBA1C:t1, leader=null, voted=32069a0d-f39a-42d5-b706-96b3f478e9d8, raftlog=a5432c49-5461-405d-b7d7-37e5c225d9bf@group-58FA2C6BBA1C-SegmentedRaftLog:OPENED:c-1, conf=-1: [a5432c49-5461-405d-b7d7-37e5c225d9bf|rpc:10.1.0.47:33007|dataStream:|priority:0, 32069a0d-f39a-42d5-b706-96b3f478e9d8|rpc:10.1.0.47:43355|dataStream:|priority:1, 42593a4f-89d4-4363-aad7-ee84fdc40b17|rpc:10.1.0.47:38117|dataStream:|priority:0], old=null
2021-11-14 01:04:31,647 [42593a4f-89d4-4363-aad7-ee84fdc40b17@group-58FA2C6BBA1C-FollowerState] INFO  impl.FollowerState (FollowerState.java:run(143)) - 42593a4f-89d4-4363-aad7-ee84fdc40b17@group-58FA2C6BBA1C-FollowerState was interrupted: {}
java.lang.InterruptedException: sleep interrupted
	at java.lang.Thread.sleep(Native Method)
	at java.lang.Thread.sleep(Thread.java:340)
	at java.util.concurrent.TimeUnit.sleep(TimeUnit.java:386)
	at org.apache.ratis.util.TimeDuration.sleep(TimeDuration.java:324)
	at org.apache.ratis.util.TimeDuration.sleep(TimeDuration.java:309)
	at org.apache.ratis.server.impl.FollowerState.run(FollowerState.java:118)
2021-11-14 01:04:31,653 [grpc-default-executor-1] INFO  server.RaftServer$Division (RaftServerImpl.java:requestVote(1078)) - 42593a4f-89d4-4363-aad7-ee84fdc40b17@group-58FA2C6BBA1C replies to ELECTION vote request: 32069a0d-f39a-42d5-b706-96b3f478e9d8<-42593a4f-89d4-4363-aad7-ee84fdc40b17#0:OK-t1. Peer's state: 42593a4f-89d4-4363-aad7-ee84fdc40b17@group-58FA2C6BBA1C:t1, leader=null, voted=32069a0d-f39a-42d5-b706-96b3f478e9d8, raftlog=42593a4f-89d4-4363-aad7-ee84fdc40b17@group-58FA2C6BBA1C-SegmentedRaftLog:OPENED:c-1, conf=-1: [a5432c49-5461-405d-b7d7-37e5c225d9bf|rpc:10.1.0.47:33007|dataStream:|priority:0, 32069a0d-f39a-42d5-b706-96b3f478e9d8|rpc:10.1.0.47:43355|dataStream:|priority:1, 42593a4f-89d4-4363-aad7-ee84fdc40b17|rpc:10.1.0.47:38117|dataStream:|priority:0], old=null
2021-11-14 01:04:31,655 [32069a0d-f39a-42d5-b706-96b3f478e9d8@group-58FA2C6BBA1C-LeaderElection99] INFO  impl.LeaderElection (LeaderElection.java:logAndReturn(89)) - 32069a0d-f39a-42d5-b706-96b3f478e9d8@group-58FA2C6BBA1C-LeaderElection99: ELECTION PASSED received 1 response(s) and 0 exception(s):
2021-11-14 01:04:31,655 [32069a0d-f39a-42d5-b706-96b3f478e9d8@group-58FA2C6BBA1C-LeaderElection99] INFO  impl.LeaderElection (LeaderElection.java:logAndReturn(93)) -   Response 0: 32069a0d-f39a-42d5-b706-96b3f478e9d8<-a5432c49-5461-405d-b7d7-37e5c225d9bf#0:OK-t1
2021-11-14 01:04:31,655 [32069a0d-f39a-42d5-b706-96b3f478e9d8@group-58FA2C6BBA1C-LeaderElection99] INFO  impl.LeaderElection (LeaderElection.java:askForVotes(308)) - 32069a0d-f39a-42d5-b706-96b3f478e9d8@group-58FA2C6BBA1C-LeaderElection99 ELECTION round 0: result PASSED
2021-11-14 01:04:31,655 [32069a0d-f39a-42d5-b706-96b3f478e9d8@group-58FA2C6BBA1C-LeaderElection99] INFO  impl.RoleInfo (RoleInfo.java:shutdownLeaderElection(121)) - 32069a0d-f39a-42d5-b706-96b3f478e9d8: shutdown 32069a0d-f39a-42d5-b706-96b3f478e9d8@group-58FA2C6BBA1C-LeaderElection99
2021-11-14 01:04:31,655 [32069a0d-f39a-42d5-b706-96b3f478e9d8@group-58FA2C6BBA1C-LeaderElection99] INFO  server.RaftServer$Division (RaftServerImpl.java:setRole(290)) - 32069a0d-f39a-42d5-b706-96b3f478e9d8@group-58FA2C6BBA1C: changes role from CANDIDATE to LEADER at term 1 for changeToLeader
2021-11-14 01:04:31,655 [32069a0d-f39a-42d5-b706-96b3f478e9d8@group-58FA2C6BBA1C-LeaderElection99] INFO  ratis.XceiverServerRatis (XceiverServerRatis.java:handleLeaderChangedNotification(866)) - Leader change notification received for group: group-58FA2C6BBA1C with new leaderId: 32069a0d-f39a-42d5-b706-96b3f478e9d8
2021-11-14 01:04:31,656 [32069a0d-f39a-42d5-b706-96b3f478e9d8@group-58FA2C6BBA1C-LeaderElection99] INFO  server.RaftServer$Division (ServerState.java:setLeader(285)) - 32069a0d-f39a-42d5-b706-96b3f478e9d8@group-58FA2C6BBA1C: change Leader from null to 32069a0d-f39a-42d5-b706-96b3f478e9d8 at term 1 for becomeLeader, leader elected after 5214ms
2021-11-14 01:04:31,656 [32069a0d-f39a-42d5-b706-96b3f478e9d8@group-58FA2C6BBA1C-LeaderElection99] INFO  server.RaftServerConfigKeys (ConfUtils.java:logGet(44)) - raft.server.staging.catchup.gap = 1000 (default)
2021-11-14 01:04:31,656 [32069a0d-f39a-42d5-b706-96b3f478e9d8@group-58FA2C6BBA1C-LeaderElection99] INFO  server.RaftServerConfigKeys (ConfUtils.java:logGet(44)) - raft.server.write.element-limit = 1024 (custom)
2021-11-14 01:04:31,656 [32069a0d-f39a-42d5-b706-96b3f478e9d8@group-58FA2C6BBA1C-LeaderElection99] INFO  server.RaftServerConfigKeys (ConfUtils.java:logGet(44)) - raft.server.write.byte-limit = 1024 M (=1073741824) (custom)
2021-11-14 01:04:31,656 [32069a0d-f39a-42d5-b706-96b3f478e9d8@group-58FA2C6BBA1C-LeaderElection99] INFO  server.RaftServerConfigKeys (ConfUtils.java:logGet(44)) - raft.server.watch.timeout = 3000ms (custom)
2021-11-14 01:04:31,656 [32069a0d-f39a-42d5-b706-96b3f478e9d8@group-58FA2C6BBA1C-LeaderElection99] INFO  server.RaftServerConfigKeys (ConfUtils.java:logGet(44)) - raft.server.watch.timeout.denomination = 1s (default)
2021-11-14 01:04:31,656 [32069a0d-f39a-42d5-b706-96b3f478e9d8@group-58FA2C6BBA1C-LeaderElection99] INFO  server.RaftServerConfigKeys (ConfUtils.java:logGet(44)) - raft.server.watch.element-limit = 65536 (default)
2021-11-14 01:04:31,657 [32069a0d-f39a-42d5-b706-96b3f478e9d8@group-58FA2C6BBA1C-LeaderElection99] INFO  server.RaftServerConfigKeys (ConfUtils.java:logGet(44)) - raft.server.write.element-limit = 1024 (custom)
2021-11-14 01:04:31,657 [32069a0d-f39a-42d5-b706-96b3f478e9d8@group-58FA2C6BBA1C-LeaderElection99] INFO  server.RaftServerConfigKeys (ConfUtils.java:logGet(44)) - raft.server.write.follower.gap.ratio.max = -1.0 (default)
2021-11-14 01:04:31,657 [32069a0d-f39a-42d5-b706-96b3f478e9d8@group-58FA2C6BBA1C-LeaderElection99] INFO  server.RaftServerConfigKeys (ConfUtils.java:logGet(44)) - raft.server.log.appender.snapshot.chunk.size.max = 16MB (=16777216) (default)
2021-11-14 01:04:31,657 [32069a0d-f39a-42d5-b706-96b3f478e9d8@group-58FA2C6BBA1C-LeaderElection99] INFO  server.RaftServerConfigKeys (ConfUtils.java:logGet(44)) - raft.server.log.appender.buffer.byte-limit = 33554432 (custom)
2021-11-14 01:04:31,657 [32069a0d-f39a-42d5-b706-96b3f478e9d8@group-58FA2C6BBA1C-LeaderElection99] INFO  server.RaftServerConfigKeys (ConfUtils.java:logGet(44)) - raft.server.log.appender.buffer.element-limit = 1 (custom)
2021-11-14 01:04:31,657 [32069a0d-f39a-42d5-b706-96b3f478e9d8@group-58FA2C6BBA1C-LeaderElection99] INFO  grpc.GrpcConfigKeys (ConfUtils.java:logGet(44)) - raft.grpc.server.leader.outstanding.appends.max = 128 (default)
2021-11-14 01:04:31,657 [32069a0d-f39a-42d5-b706-96b3f478e9d8@group-58FA2C6BBA1C-LeaderElection99] INFO  server.RaftServerConfigKeys (ConfUtils.java:logGet(44)) - raft.server.rpc.request.timeout = 3000ms (default)
2021-11-14 01:04:31,657 [32069a0d-f39a-42d5-b706-96b3f478e9d8@group-58FA2C6BBA1C-LeaderElection99] INFO  server.RaftServerConfigKeys (ConfUtils.java:logGet(44)) - raft.server.log.appender.install.snapshot.enabled = false (custom)
2021-11-14 01:04:31,660 [EventQueue-PipelineReportForPipelineReportHandler] INFO  pipeline.PipelineManagerImpl (PipelineManagerImpl.java:openPipeline(289)) - Pipeline Pipeline[ Id: 022119a0-66e2-4555-98aa-58fa2c6bba1c, Nodes: 32069a0d-f39a-42d5-b706-96b3f478e9d8{ip: 10.1.0.47, host: fv-az395-453.zfmzfyrfkyou3ow0tsr0jxwq1e.bx.internal.cloudapp.net, ports: [REPLICATION=45299, RATIS=43355, RATIS_ADMIN=43355, RATIS_SERVER=43355, STANDALONE=42407], networkLocation: /default-rack, certSerialId: null, persistedOpState: IN_SERVICE, persistedOpStateExpiryEpochSec: 0}42593a4f-89d4-4363-aad7-ee84fdc40b17{ip: 10.1.0.47, host: fv-az395-453.zfmzfyrfkyou3ow0tsr0jxwq1e.bx.internal.cloudapp.net, ports: [REPLICATION=44265, RATIS=38117, RATIS_ADMIN=38117, RATIS_SERVER=38117, STANDALONE=45285], networkLocation: /default-rack, certSerialId: null, persistedOpState: IN_SERVICE, persistedOpStateExpiryEpochSec: 0}a5432c49-5461-405d-b7d7-37e5c225d9bf{ip: 10.1.0.47, host: fv-az395-453.zfmzfyrfkyou3ow0tsr0jxwq1e.bx.internal.cloudapp.net, ports: [REPLICATION=42911, RATIS=33007, RATIS_ADMIN=33007, RATIS_SERVER=33007, STANDALONE=34183], networkLocation: /default-rack, certSerialId: null, persistedOpState: IN_SERVICE, persistedOpStateExpiryEpochSec: 0}, ReplicationConfig: RATIS/THREE, State:ALLOCATED, leaderId:32069a0d-f39a-42d5-b706-96b3f478e9d8, CreationTimestamp2021-11-14T01:04:24.657Z[Etc/UTC]] moved to OPEN state
2021-11-14 01:04:31,660 [EventQueue-OpenPipelineForHealthyPipelineSafeModeRule] INFO  safemode.SCMSafeModeManager (HealthyPipelineSafeModeRule.java:process(124)) - SCM in safe mode. Healthy pipelines reported count is 1, required healthy pipeline reported count is 1
2021-11-14 01:04:31,660 [EventQueue-OpenPipelineForHealthyPipelineSafeModeRule] INFO  safemode.SCMSafeModeManager (SCMSafeModeManager.java:validateSafeModeExitRules(204)) - HealthyPipelineSafeModeRule rule is successfully validated
2021-11-14 01:04:31,660 [EventQueue-OpenPipelineForHealthyPipelineSafeModeRule] INFO  safemode.SCMSafeModeManager (SCMSafeModeManager.java:validateSafeModeExitRules(219)) - ScmSafeModeManager, all rules are successfully validated
2021-11-14 01:04:31,660 [EventQueue-OpenPipelineForHealthyPipelineSafeModeRule] INFO  safemode.SCMSafeModeManager (SCMSafeModeManager.java:exitSafeMode(248)) - SCM exiting safe mode.
2021-11-14 01:04:31,660 [EventQueue-OpenPipelineForHealthyPipelineSafeModeRule] WARN  events.EventQueue (EventQueue.java:fireEvent(194)) - No event handler registered for event TypedEvent{payloadType=SafeModeStatus, name='Safe mode status'}
2021-11-14 01:04:31,660 [EventQueue-OpenPipelineForHealthyPipelineSafeModeRule] INFO  ha.SCMContext (SCMContext.java:updateSafeModeStatus(205)) - Update SafeModeStatus from SafeModeStatus{safeModeStatus=true, preCheckPassed=true} to SafeModeStatus{safeModeStatus=false, preCheckPassed=true}.
2021-11-14 01:04:31,660 [EventQueue-OpenPipelineForHealthyPipelineSafeModeRule] INFO  pipeline.BackgroundPipelineCreator (BackgroundPipelineCreator.java:notifyStatusChanged(264)) - Service BackgroundPipelineCreator transitions to RUNNING.
2021-11-14 01:04:31,660 [EventQueue-OpenPipelineForHealthyPipelineSafeModeRule] INFO  container.ReplicationManager (ReplicationManager.java:notifyStatusChanged(1746)) - Service ReplicationManager transitions to RUNNING.
2021-11-14 01:04:31,661 [32069a0d-f39a-42d5-b706-96b3f478e9d8@group-58FA2C6BBA1C-LeaderElection99] INFO  server.RaftServerConfigKeys (ConfUtils.java:logGet(44)) - raft.server.log.appender.snapshot.chunk.size.max = 16MB (=16777216) (default)
2021-11-14 01:04:31,662 [32069a0d-f39a-42d5-b706-96b3f478e9d8@group-58FA2C6BBA1C-LeaderElection99] INFO  server.RaftServerConfigKeys (ConfUtils.java:logGet(44)) - raft.server.log.appender.buffer.byte-limit = 33554432 (custom)
2021-11-14 01:04:31,662 [32069a0d-f39a-42d5-b706-96b3f478e9d8@group-58FA2C6BBA1C-LeaderElection99] INFO  server.RaftServerConfigKeys (ConfUtils.java:logGet(44)) - raft.server.log.appender.buffer.element-limit = 1 (custom)
2021-11-14 01:04:31,662 [32069a0d-f39a-42d5-b706-96b3f478e9d8@group-58FA2C6BBA1C-LeaderElection99] INFO  grpc.GrpcConfigKeys (ConfUtils.java:logGet(44)) - raft.grpc.server.leader.outstanding.appends.max = 128 (default)
2021-11-14 01:04:31,662 [32069a0d-f39a-42d5-b706-96b3f478e9d8@group-58FA2C6BBA1C-LeaderElection99] INFO  server.RaftServerConfigKeys (ConfUtils.java:logGet(44)) - raft.server.rpc.request.timeout = 3000ms (default)
2021-11-14 01:04:31,662 [32069a0d-f39a-42d5-b706-96b3f478e9d8@group-58FA2C6BBA1C-LeaderElection99] INFO  server.RaftServerConfigKeys (ConfUtils.java:logGet(44)) - raft.server.log.appender.install.snapshot.enabled = false (custom)
2021-11-14 01:04:31,663 [32069a0d-f39a-42d5-b706-96b3f478e9d8@group-58FA2C6BBA1C-LeaderElection99] INFO  impl.RoleInfo (RoleInfo.java:updateAndGet(130)) - 32069a0d-f39a-42d5-b706-96b3f478e9d8: start 32069a0d-f39a-42d5-b706-96b3f478e9d8@group-58FA2C6BBA1C-LeaderStateImpl
2021-11-14 01:04:31,689 [32069a0d-f39a-42d5-b706-96b3f478e9d8@group-58FA2C6BBA1C-LeaderElection99] INFO  segmented.SegmentedRaftLogWorker (SegmentedRaftLogWorker.java:startLogSegment(394)) - 32069a0d-f39a-42d5-b706-96b3f478e9d8@group-58FA2C6BBA1C-SegmentedRaftLogWorker: Starting segment from index:0
2021-11-14 01:04:31,693 [32069a0d-f39a-42d5-b706-96b3f478e9d8@group-58FA2C6BBA1C-SegmentedRaftLogWorker] INFO  segmented.SegmentedRaftLogWorker (SegmentedRaftLogWorker.java:execute(601)) - 32069a0d-f39a-42d5-b706-96b3f478e9d8@group-58FA2C6BBA1C-SegmentedRaftLogWorker: created new log segment /home/runner/work/ozone/ozone/hadoop-ozone/integration-test/target/test-dir/MiniOzoneClusterImpl-5b6cbd2a-2976-43bc-8d1c-e3ca86cddeeb/datanode-0/data/ratis/022119a0-66e2-4555-98aa-58fa2c6bba1c/current/log_inprogress_0
2021-11-14 01:04:31,694 [32069a0d-f39a-42d5-b706-96b3f478e9d8@group-ED4C9AF695D8-LeaderElection100] INFO  impl.LeaderElection (LeaderElection.java:askForVotes(306)) - 32069a0d-f39a-42d5-b706-96b3f478e9d8@group-ED4C9AF695D8-LeaderElection100 ELECTION round 0: submit vote requests at term 1 for -1: [32069a0d-f39a-42d5-b706-96b3f478e9d8|rpc:10.1.0.47:43355|priority:1], old=null
2021-11-14 01:04:31,694 [32069a0d-f39a-42d5-b706-96b3f478e9d8@group-ED4C9AF695D8-LeaderElection100] INFO  impl.LeaderElection (LeaderElection.java:askForVotes(308)) - 32069a0d-f39a-42d5-b706-96b3f478e9d8@group-ED4C9AF695D8-LeaderElection100 ELECTION round 0: result PASSED (term=1)
2021-11-14 01:04:31,694 [32069a0d-f39a-42d5-b706-96b3f478e9d8@group-ED4C9AF695D8-LeaderElection100] INFO  impl.RoleInfo (RoleInfo.java:shutdownLeaderElection(121)) - 32069a0d-f39a-42d5-b706-96b3f478e9d8: shutdown 32069a0d-f39a-42d5-b706-96b3f478e9d8@group-ED4C9AF695D8-LeaderElection100
2021-11-14 01:04:31,694 [32069a0d-f39a-42d5-b706-96b3f478e9d8@group-ED4C9AF695D8-LeaderElection100] INFO  server.RaftServer$Division (RaftServerImpl.java:setRole(290)) - 32069a0d-f39a-42d5-b706-96b3f478e9d8@group-ED4C9AF695D8: changes role from CANDIDATE to LEADER at term 1 for changeToLeader
2021-11-14 01:04:31,694 [32069a0d-f39a-42d5-b706-96b3f478e9d8@group-ED4C9AF695D8-LeaderElection100] INFO  ratis.XceiverServerRatis (XceiverServerRatis.java:handleLeaderChangedNotification(866)) - Leader change notification received for group: group-ED4C9AF695D8 with new leaderId: 32069a0d-f39a-42d5-b706-96b3f478e9d8
2021-11-14 01:04:31,696 [32069a0d-f39a-42d5-b706-96b3f478e9d8@group-ED4C9AF695D8-LeaderElection100] INFO  server.RaftServer$Division (ServerState.java:setLeader(285)) - 32069a0d-f39a-42d5-b706-96b3f478e9d8@group-ED4C9AF695D8: change Leader from null to 32069a0d-f39a-42d5-b706-96b3f478e9d8 at term 1 for becomeLeader, leader elected after 5281ms
2021-11-14 01:04:31,696 [32069a0d-f39a-42d5-b706-96b3f478e9d8@group-ED4C9AF695D8-LeaderElection100] INFO  server.RaftServerConfigKeys (ConfUtils.java:logGet(44)) - raft.server.staging.catchup.gap = 1000 (default)
2021-11-14 01:04:31,696 [32069a0d-f39a-42d5-b706-96b3f478e9d8@group-ED4C9AF695D8-LeaderElection100] INFO  server.RaftServerConfigKeys (ConfUtils.java:logGet(44)) - raft.server.write.element-limit = 1024 (custom)
2021-11-14 01:04:31,696 [32069a0d-f39a-42d5-b706-96b3f478e9d8@group-ED4C9AF695D8-LeaderElection100] INFO  server.RaftServerConfigKeys (ConfUtils.java:logGet(44)) - raft.server.write.byte-limit = 1024 M (=1073741824) (custom)
2021-11-14 01:04:31,696 [32069a0d-f39a-42d5-b706-96b3f478e9d8@group-ED4C9AF695D8-LeaderElection100] INFO  server.RaftServerConfigKeys (ConfUtils.java:logGet(44)) - raft.server.watch.timeout = 3000ms (custom)
2021-11-14 01:04:31,697 [32069a0d-f39a-42d5-b706-96b3f478e9d8@group-ED4C9AF695D8-LeaderElection100] INFO  server.RaftServerConfigKeys (ConfUtils.java:logGet(44)) - raft.server.watch.timeout.denomination = 1s (default)
2021-11-14 01:04:31,697 [32069a0d-f39a-42d5-b706-96b3f478e9d8@group-ED4C9AF695D8-LeaderElection100] INFO  server.RaftServerConfigKeys (ConfUtils.java:logGet(44)) - raft.server.watch.element-limit = 65536 (default)
2021-11-14 01:04:31,697 [32069a0d-f39a-42d5-b706-96b3f478e9d8@group-ED4C9AF695D8-LeaderElection100] INFO  server.RaftServerConfigKeys (ConfUtils.java:logGet(44)) - raft.server.write.element-limit = 1024 (custom)
2021-11-14 01:04:31,697 [32069a0d-f39a-42d5-b706-96b3f478e9d8@group-ED4C9AF695D8-LeaderElection100] INFO  server.RaftServerConfigKeys (ConfUtils.java:logGet(44)) - raft.server.write.follower.gap.ratio.max = -1.0 (default)
2021-11-14 01:04:31,697 [32069a0d-f39a-42d5-b706-96b3f478e9d8@group-ED4C9AF695D8-LeaderElection100] INFO  impl.RoleInfo (RoleInfo.java:updateAndGet(130)) - 32069a0d-f39a-42d5-b706-96b3f478e9d8: start 32069a0d-f39a-42d5-b706-96b3f478e9d8@group-ED4C9AF695D8-LeaderStateImpl
2021-11-14 01:04:31,697 [32069a0d-f39a-42d5-b706-96b3f478e9d8@group-ED4C9AF695D8-LeaderElection100] INFO  segmented.SegmentedRaftLogWorker (SegmentedRaftLogWorker.java:startLogSegment(394)) - 32069a0d-f39a-42d5-b706-96b3f478e9d8@group-ED4C9AF695D8-SegmentedRaftLogWorker: Starting segment from index:0
2021-11-14 01:04:31,699 [32069a0d-f39a-42d5-b706-96b3f478e9d8@group-ED4C9AF695D8-SegmentedRaftLogWorker] INFO  segmented.SegmentedRaftLogWorker (SegmentedRaftLogWorker.java:execute(601)) - 32069a0d-f39a-42d5-b706-96b3f478e9d8@group-ED4C9AF695D8-SegmentedRaftLogWorker: created new log segment /home/runner/work/ozone/ozone/hadoop-ozone/integration-test/target/test-dir/MiniOzoneClusterImpl-5b6cbd2a-2976-43bc-8d1c-e3ca86cddeeb/datanode-0/data/ratis/89923835-73f6-4067-a20c-ed4c9af695d8/current/log_inprogress_0
2021-11-14 01:04:31,706 [32069a0d-f39a-42d5-b706-96b3f478e9d8@group-ED4C9AF695D8-LeaderElection100] INFO  server.RaftServer$Division (ServerState.java:setRaftConf(387)) - 32069a0d-f39a-42d5-b706-96b3f478e9d8@group-ED4C9AF695D8: set configuration 0: [32069a0d-f39a-42d5-b706-96b3f478e9d8|rpc:10.1.0.47:43355|dataStream:|priority:1], old=null
2021-11-14 01:04:31,734 [32069a0d-f39a-42d5-b706-96b3f478e9d8@group-58FA2C6BBA1C-LeaderElection99] INFO  server.RaftServer$Division (ServerState.java:setRaftConf(387)) - 32069a0d-f39a-42d5-b706-96b3f478e9d8@group-58FA2C6BBA1C: set configuration 0: [a5432c49-5461-405d-b7d7-37e5c225d9bf|rpc:10.1.0.47:33007|dataStream:|priority:0, 32069a0d-f39a-42d5-b706-96b3f478e9d8|rpc:10.1.0.47:43355|dataStream:|priority:1, 42593a4f-89d4-4363-aad7-ee84fdc40b17|rpc:10.1.0.47:38117|dataStream:|priority:0], old=null
2021-11-14 01:04:31,752 [grpc-default-executor-1] INFO  ratis.XceiverServerRatis (XceiverServerRatis.java:handleLeaderChangedNotification(866)) - Leader change notification received for group: group-58FA2C6BBA1C with new leaderId: 32069a0d-f39a-42d5-b706-96b3f478e9d8
2021-11-14 01:04:31,752 [grpc-default-executor-1] INFO  server.RaftServer$Division (ServerState.java:setLeader(285)) - 42593a4f-89d4-4363-aad7-ee84fdc40b17@group-58FA2C6BBA1C: change Leader from null to 32069a0d-f39a-42d5-b706-96b3f478e9d8 at term 1 for appendEntries, leader elected after 5086ms
2021-11-14 01:04:31,777 [grpc-default-executor-0] INFO  ratis.XceiverServerRatis (XceiverServerRatis.java:handleLeaderChangedNotification(866)) - Leader change notification received for group: group-58FA2C6BBA1C with new leaderId: 32069a0d-f39a-42d5-b706-96b3f478e9d8
2021-11-14 01:04:31,777 [grpc-default-executor-0] INFO  server.RaftServer$Division (ServerState.java:setLeader(285)) - a5432c49-5461-405d-b7d7-37e5c225d9bf@group-58FA2C6BBA1C: change Leader from null to 32069a0d-f39a-42d5-b706-96b3f478e9d8 at term 1 for appendEntries, leader elected after 4985ms
2021-11-14 01:04:31,818 [grpc-default-executor-1] INFO  server.RaftServer$Division (ServerState.java:setRaftConf(387)) - a5432c49-5461-405d-b7d7-37e5c225d9bf@group-58FA2C6BBA1C: set configuration 0: [a5432c49-5461-405d-b7d7-37e5c225d9bf|rpc:10.1.0.47:33007|dataStream:|priority:0, 32069a0d-f39a-42d5-b706-96b3f478e9d8|rpc:10.1.0.47:43355|dataStream:|priority:1, 42593a4f-89d4-4363-aad7-ee84fdc40b17|rpc:10.1.0.47:38117|dataStream:|priority:0], old=null
2021-11-14 01:04:31,818 [grpc-default-executor-1] INFO  segmented.SegmentedRaftLogWorker (SegmentedRaftLogWorker.java:startLogSegment(394)) - a5432c49-5461-405d-b7d7-37e5c225d9bf@group-58FA2C6BBA1C-SegmentedRaftLogWorker: Starting segment from index:0
2021-11-14 01:04:31,820 [a5432c49-5461-405d-b7d7-37e5c225d9bf@group-58FA2C6BBA1C-SegmentedRaftLogWorker] INFO  segmented.SegmentedRaftLogWorker (SegmentedRaftLogWorker.java:execute(601)) - a5432c49-5461-405d-b7d7-37e5c225d9bf@group-58FA2C6BBA1C-SegmentedRaftLogWorker: created new log segment /home/runner/work/ozone/ozone/hadoop-ozone/integration-test/target/test-dir/MiniOzoneClusterImpl-5b6cbd2a-2976-43bc-8d1c-e3ca86cddeeb/datanode-1/data/ratis/022119a0-66e2-4555-98aa-58fa2c6bba1c/current/log_inprogress_0
2021-11-14 01:04:31,847 [grpc-default-executor-0] INFO  server.RaftServer$Division (ServerState.java:setRaftConf(387)) - 42593a4f-89d4-4363-aad7-ee84fdc40b17@group-58FA2C6BBA1C: set configuration 0: [a5432c49-5461-405d-b7d7-37e5c225d9bf|rpc:10.1.0.47:33007|dataStream:|priority:0, 32069a0d-f39a-42d5-b706-96b3f478e9d8|rpc:10.1.0.47:43355|dataStream:|priority:1, 42593a4f-89d4-4363-aad7-ee84fdc40b17|rpc:10.1.0.47:38117|dataStream:|priority:0], old=null
2021-11-14 01:04:31,847 [grpc-default-executor-0] INFO  segmented.SegmentedRaftLogWorker (SegmentedRaftLogWorker.java:startLogSegment(394)) - 42593a4f-89d4-4363-aad7-ee84fdc40b17@group-58FA2C6BBA1C-SegmentedRaftLogWorker: Starting segment from index:0
2021-11-14 01:04:31,849 [42593a4f-89d4-4363-aad7-ee84fdc40b17@group-58FA2C6BBA1C-SegmentedRaftLogWorker] INFO  segmented.SegmentedRaftLogWorker (SegmentedRaftLogWorker.java:execute(601)) - 42593a4f-89d4-4363-aad7-ee84fdc40b17@group-58FA2C6BBA1C-SegmentedRaftLogWorker: created new log segment /home/runner/work/ozone/ozone/hadoop-ozone/integration-test/target/test-dir/MiniOzoneClusterImpl-5b6cbd2a-2976-43bc-8d1c-e3ca86cddeeb/datanode-2/data/ratis/022119a0-66e2-4555-98aa-58fa2c6bba1c/current/log_inprogress_0
2021-11-14 01:04:32,034 [a5432c49-5461-405d-b7d7-37e5c225d9bf@group-60CC15F72D53-FollowerState] INFO  impl.FollowerState (FollowerState.java:run(134)) - a5432c49-5461-405d-b7d7-37e5c225d9bf@group-60CC15F72D53-FollowerState: change to CANDIDATE, lastRpcElapsedTime:5065691843ns, electionTimeout:5062ms
2021-11-14 01:04:32,034 [a5432c49-5461-405d-b7d7-37e5c225d9bf@group-60CC15F72D53-FollowerState] INFO  impl.RoleInfo (RoleInfo.java:shutdownFollowerState(108)) - a5432c49-5461-405d-b7d7-37e5c225d9bf: shutdown a5432c49-5461-405d-b7d7-37e5c225d9bf@group-60CC15F72D53-FollowerState
2021-11-14 01:04:32,034 [a5432c49-5461-405d-b7d7-37e5c225d9bf@group-60CC15F72D53-FollowerState] INFO  server.RaftServer$Division (RaftServerImpl.java:setRole(290)) - a5432c49-5461-405d-b7d7-37e5c225d9bf@group-60CC15F72D53: changes role from  FOLLOWER to CANDIDATE at term 0 for changeToCandidate
2021-11-14 01:04:32,036 [a5432c49-5461-405d-b7d7-37e5c225d9bf@group-60CC15F72D53-FollowerState] INFO  server.RaftServerConfigKeys (ConfUtils.java:logGet(44)) - raft.server.leaderelection.pre-vote = false (custom)
2021-11-14 01:04:32,036 [a5432c49-5461-405d-b7d7-37e5c225d9bf@group-60CC15F72D53-FollowerState] INFO  impl.RoleInfo (RoleInfo.java:updateAndGet(130)) - a5432c49-5461-405d-b7d7-37e5c225d9bf: start a5432c49-5461-405d-b7d7-37e5c225d9bf@group-60CC15F72D53-LeaderElection101
2021-11-14 01:04:32,049 [32069a0d-f39a-42d5-b706-96b3f478e9d8@group-21D2AE8B93C5-FollowerState] INFO  impl.FollowerState (FollowerState.java:run(134)) - 32069a0d-f39a-42d5-b706-96b3f478e9d8@group-21D2AE8B93C5-FollowerState: change to CANDIDATE, lastRpcElapsedTime:5117992787ns, electionTimeout:5084ms
2021-11-14 01:04:32,049 [32069a0d-f39a-42d5-b706-96b3f478e9d8@group-21D2AE8B93C5-FollowerState] INFO  impl.RoleInfo (RoleInfo.java:shutdownFollowerState(108)) - 32069a0d-f39a-42d5-b706-96b3f478e9d8: shutdown 32069a0d-f39a-42d5-b706-96b3f478e9d8@group-21D2AE8B93C5-FollowerState
2021-11-14 01:04:32,049 [32069a0d-f39a-42d5-b706-96b3f478e9d8@group-21D2AE8B93C5-FollowerState] INFO  server.RaftServer$Division (RaftServerImpl.java:setRole(290)) - 32069a0d-f39a-42d5-b706-96b3f478e9d8@group-21D2AE8B93C5: changes role from  FOLLOWER to CANDIDATE at term 0 for changeToCandidate
2021-11-14 01:04:32,050 [32069a0d-f39a-42d5-b706-96b3f478e9d8@group-21D2AE8B93C5-FollowerState] INFO  server.RaftServerConfigKeys (ConfUtils.java:logGet(44)) - raft.server.leaderelection.pre-vote = false (custom)
2021-11-14 01:04:32,050 [32069a0d-f39a-42d5-b706-96b3f478e9d8@group-21D2AE8B93C5-FollowerState] INFO  impl.RoleInfo (RoleInfo.java:updateAndGet(130)) - 32069a0d-f39a-42d5-b706-96b3f478e9d8: start 32069a0d-f39a-42d5-b706-96b3f478e9d8@group-21D2AE8B93C5-LeaderElection102
2021-11-14 01:04:32,060 [a5432c49-5461-405d-b7d7-37e5c225d9bf@group-60CC15F72D53-LeaderElection101] INFO  impl.LeaderElection (LeaderElection.java:askForVotes(306)) - a5432c49-5461-405d-b7d7-37e5c225d9bf@group-60CC15F72D53-LeaderElection101 ELECTION round 0: submit vote requests at term 1 for -1: [a5432c49-5461-405d-b7d7-37e5c225d9bf|rpc:10.1.0.47:33007|priority:1], old=null
2021-11-14 01:04:32,061 [a5432c49-5461-405d-b7d7-37e5c225d9bf@group-60CC15F72D53-LeaderElection101] INFO  impl.LeaderElection (LeaderElection.java:askForVotes(308)) - a5432c49-5461-405d-b7d7-37e5c225d9bf@group-60CC15F72D53-LeaderElection101 ELECTION round 0: result PASSED (term=1)
2021-11-14 01:04:32,061 [a5432c49-5461-405d-b7d7-37e5c225d9bf@group-60CC15F72D53-LeaderElection101] INFO  impl.RoleInfo (RoleInfo.java:shutdownLeaderElection(121)) - a5432c49-5461-405d-b7d7-37e5c225d9bf: shutdown a5432c49-5461-405d-b7d7-37e5c225d9bf@group-60CC15F72D53-LeaderElection101
2021-11-14 01:04:32,061 [a5432c49-5461-405d-b7d7-37e5c225d9bf@group-60CC15F72D53-LeaderElection101] INFO  server.RaftServer$Division (RaftServerImpl.java:setRole(290)) - a5432c49-5461-405d-b7d7-37e5c225d9bf@group-60CC15F72D53: changes role from CANDIDATE to LEADER at term 1 for changeToLeader
2021-11-14 01:04:32,061 [a5432c49-5461-405d-b7d7-37e5c225d9bf@group-60CC15F72D53-LeaderElection101] INFO  ratis.XceiverServerRatis (XceiverServerRatis.java:handleLeaderChangedNotification(866)) - Leader change notification received for group: group-60CC15F72D53 with new leaderId: a5432c49-5461-405d-b7d7-37e5c225d9bf
2021-11-14 01:04:32,061 [a5432c49-5461-405d-b7d7-37e5c225d9bf@group-60CC15F72D53-LeaderElection101] INFO  server.RaftServer$Division (ServerState.java:setLeader(285)) - a5432c49-5461-405d-b7d7-37e5c225d9bf@group-60CC15F72D53: change Leader from null to a5432c49-5461-405d-b7d7-37e5c225d9bf at term 1 for becomeLeader, leader elected after 5179ms
2021-11-14 01:04:32,062 [a5432c49-5461-405d-b7d7-37e5c225d9bf@group-60CC15F72D53-LeaderElection101] INFO  server.RaftServerConfigKeys (ConfUtils.java:logGet(44)) - raft.server.staging.catchup.gap = 1000 (default)
2021-11-14 01:04:32,062 [a5432c49-5461-405d-b7d7-37e5c225d9bf@group-60CC15F72D53-LeaderElection101] INFO  server.RaftServerConfigKeys (ConfUtils.java:logGet(44)) - raft.server.write.element-limit = 1024 (custom)
2021-11-14 01:04:32,062 [a5432c49-5461-405d-b7d7-37e5c225d9bf@group-60CC15F72D53-LeaderElection101] INFO  server.RaftServerConfigKeys (ConfUtils.java:logGet(44)) - raft.server.write.byte-limit = 1024 M (=1073741824) (custom)
2021-11-14 01:04:32,063 [a5432c49-5461-405d-b7d7-37e5c225d9bf@group-60CC15F72D53-LeaderElection101] INFO  server.RaftServerConfigKeys (ConfUtils.java:logGet(44)) - raft.server.watch.timeout = 3000ms (custom)
2021-11-14 01:04:32,063 [a5432c49-5461-405d-b7d7-37e5c225d9bf@group-60CC15F72D53-LeaderElection101] INFO  server.RaftServerConfigKeys (ConfUtils.java:logGet(44)) - raft.server.watch.timeout.denomination = 1s (default)
2021-11-14 01:04:32,066 [a5432c49-5461-405d-b7d7-37e5c225d9bf@group-60CC15F72D53-LeaderElection101] INFO  server.RaftServerConfigKeys (ConfUtils.java:logGet(44)) - raft.server.watch.element-limit = 65536 (default)
2021-11-14 01:04:32,067 [a5432c49-5461-405d-b7d7-37e5c225d9bf@group-60CC15F72D53-LeaderElection101] INFO  server.RaftServerConfigKeys (ConfUtils.java:logGet(44)) - raft.server.write.element-limit = 1024 (custom)
2021-11-14 01:04:32,067 [a5432c49-5461-405d-b7d7-37e5c225d9bf@group-60CC15F72D53-LeaderElection101] INFO  server.RaftServerConfigKeys (ConfUtils.java:logGet(44)) - raft.server.write.follower.gap.ratio.max = -1.0 (default)
2021-11-14 01:04:32,067 [a5432c49-5461-405d-b7d7-37e5c225d9bf@group-60CC15F72D53-LeaderElection101] INFO  impl.RoleInfo (RoleInfo.java:updateAndGet(130)) - a5432c49-5461-405d-b7d7-37e5c225d9bf: start a5432c49-5461-405d-b7d7-37e5c225d9bf@group-60CC15F72D53-LeaderStateImpl
2021-11-14 01:04:32,069 [42593a4f-89d4-4363-aad7-ee84fdc40b17@group-21D2AE8B93C5-FollowerState] INFO  impl.FollowerState (FollowerState.java:run(134)) - 42593a4f-89d4-4363-aad7-ee84fdc40b17@group-21D2AE8B93C5-FollowerState: change to CANDIDATE, lastRpcElapsedTime:5033698464ns, electionTimeout:5020ms
2021-11-14 01:04:32,069 [42593a4f-89d4-4363-aad7-ee84fdc40b17@group-21D2AE8B93C5-FollowerState] INFO  impl.RoleInfo (RoleInfo.java:shutdownFollowerState(108)) - 42593a4f-89d4-4363-aad7-ee84fdc40b17: shutdown 42593a4f-89d4-4363-aad7-ee84fdc40b17@group-21D2AE8B93C5-FollowerState
2021-11-14 01:04:32,069 [42593a4f-89d4-4363-aad7-ee84fdc40b17@group-21D2AE8B93C5-FollowerState] INFO  server.RaftServer$Division (RaftServerImpl.java:setRole(290)) - 42593a4f-89d4-4363-aad7-ee84fdc40b17@group-21D2AE8B93C5: changes role from  FOLLOWER to CANDIDATE at term 0 for changeToCandidate
2021-11-14 01:04:32,070 [42593a4f-89d4-4363-aad7-ee84fdc40b17@group-21D2AE8B93C5-FollowerState] INFO  server.RaftServerConfigKeys (ConfUtils.java:logGet(44)) - raft.server.leaderelection.pre-vote = false (custom)
2021-11-14 01:04:32,070 [42593a4f-89d4-4363-aad7-ee84fdc40b17@group-21D2AE8B93C5-FollowerState] INFO  impl.RoleInfo (RoleInfo.java:updateAndGet(130)) - 42593a4f-89d4-4363-aad7-ee84fdc40b17: start 42593a4f-89d4-4363-aad7-ee84fdc40b17@group-21D2AE8B93C5-LeaderElection103
2021-11-14 01:04:32,071 [32069a0d-f39a-42d5-b706-96b3f478e9d8@group-21D2AE8B93C5-LeaderElection102] INFO  impl.LeaderElection (LeaderElection.java:askForVotes(306)) - 32069a0d-f39a-42d5-b706-96b3f478e9d8@group-21D2AE8B93C5-LeaderElection102 ELECTION round 0: submit vote requests at term 1 for -1: [a5432c49-5461-405d-b7d7-37e5c225d9bf|rpc:10.1.0.47:33007|priority:0, 32069a0d-f39a-42d5-b706-96b3f478e9d8|rpc:10.1.0.47:43355|priority:0, 42593a4f-89d4-4363-aad7-ee84fdc40b17|rpc:10.1.0.47:38117|priority:1], old=null
2021-11-14 01:04:32,076 [grpc-default-executor-1] INFO  server.RaftServer$Division (RaftServerImpl.java:requestVote(1046)) - a5432c49-5461-405d-b7d7-37e5c225d9bf@group-21D2AE8B93C5: receive requestVote(ELECTION, 32069a0d-f39a-42d5-b706-96b3f478e9d8, group-21D2AE8B93C5, 1, (t:0, i:0))
2021-11-14 01:04:32,076 [grpc-default-executor-1] INFO  impl.VoteContext (VoteContext.java:log(48)) - a5432c49-5461-405d-b7d7-37e5c225d9bf@group-21D2AE8B93C5-FOLLOWER: accept ELECTION from 32069a0d-f39a-42d5-b706-96b3f478e9d8: our priority 0 <= candidate's priority 0
2021-11-14 01:04:32,076 [grpc-default-executor-1] INFO  server.RaftServer$Division (RaftServerImpl.java:setRole(290)) - a5432c49-5461-405d-b7d7-37e5c225d9bf@group-21D2AE8B93C5: changes role from  FOLLOWER to FOLLOWER at term 1 for candidate:32069a0d-f39a-42d5-b706-96b3f478e9d8
2021-11-14 01:04:32,076 [grpc-default-executor-1] INFO  impl.RoleInfo (RoleInfo.java:shutdownFollowerState(108)) - a5432c49-5461-405d-b7d7-37e5c225d9bf: shutdown a5432c49-5461-405d-b7d7-37e5c225d9bf@group-21D2AE8B93C5-FollowerState
2021-11-14 01:04:32,090 [a5432c49-5461-405d-b7d7-37e5c225d9bf@group-60CC15F72D53-LeaderElection101] INFO  segmented.SegmentedRaftLogWorker (SegmentedRaftLogWorker.java:startLogSegment(394)) - a5432c49-5461-405d-b7d7-37e5c225d9bf@group-60CC15F72D53-SegmentedRaftLogWorker: Starting segment from index:0
2021-11-14 01:04:32,096 [grpc-default-executor-0] INFO  server.RaftServer$Division (RaftServerImpl.java:requestVote(1046)) - 42593a4f-89d4-4363-aad7-ee84fdc40b17@group-21D2AE8B93C5: receive requestVote(ELECTION, 32069a0d-f39a-42d5-b706-96b3f478e9d8, group-21D2AE8B93C5, 1, (t:0, i:0))
2021-11-14 01:04:32,098 [a5432c49-5461-405d-b7d7-37e5c225d9bf@group-60CC15F72D53-SegmentedRaftLogWorker] INFO  segmented.SegmentedRaftLogWorker (SegmentedRaftLogWorker.java:execute(601)) - a5432c49-5461-405d-b7d7-37e5c225d9bf@group-60CC15F72D53-SegmentedRaftLogWorker: created new log segment /home/runner/work/ozone/ozone/hadoop-ozone/integration-test/target/test-dir/MiniOzoneClusterImpl-5b6cbd2a-2976-43bc-8d1c-e3ca86cddeeb/datanode-1/data/ratis/72688eae-7812-4aae-8a84-60cc15f72d53/current/log_inprogress_0
2021-11-14 01:04:32,101 [grpc-default-executor-1] INFO  impl.RoleInfo (RoleInfo.java:updateAndGet(130)) - a5432c49-5461-405d-b7d7-37e5c225d9bf: start a5432c49-5461-405d-b7d7-37e5c225d9bf@group-21D2AE8B93C5-FollowerState
2021-11-14 01:04:32,101 [a5432c49-5461-405d-b7d7-37e5c225d9bf@group-21D2AE8B93C5-FollowerState] INFO  impl.FollowerState (FollowerState.java:run(143)) - a5432c49-5461-405d-b7d7-37e5c225d9bf@group-21D2AE8B93C5-FollowerState was interrupted: {}
java.lang.InterruptedException: sleep interrupted
	at java.lang.Thread.sleep(Native Method)
	at java.lang.Thread.sleep(Thread.java:340)
	at java.util.concurrent.TimeUnit.sleep(TimeUnit.java:386)
	at org.apache.ratis.util.TimeDuration.sleep(TimeDuration.java:324)
	at org.apache.ratis.util.TimeDuration.sleep(TimeDuration.java:309)
	at org.apache.ratis.server.impl.FollowerState.run(FollowerState.java:118)
2021-11-14 01:04:32,109 [a5432c49-5461-405d-b7d7-37e5c225d9bf@group-60CC15F72D53-LeaderElection101] INFO  server.RaftServer$Division (ServerState.java:setRaftConf(387)) - a5432c49-5461-405d-b7d7-37e5c225d9bf@group-60CC15F72D53: set configuration 0: [a5432c49-5461-405d-b7d7-37e5c225d9bf|rpc:10.1.0.47:33007|dataStream:|priority:1], old=null
2021-11-14 01:04:32,110 [42593a4f-89d4-4363-aad7-ee84fdc40b17@group-21D2AE8B93C5-LeaderElection103] INFO  impl.LeaderElection (LeaderElection.java:askForVotes(306)) - 42593a4f-89d4-4363-aad7-ee84fdc40b17@group-21D2AE8B93C5-LeaderElection103 ELECTION round 0: submit vote requests at term 1 for -1: [a5432c49-5461-405d-b7d7-37e5c225d9bf|rpc:10.1.0.47:33007|dataStream:|priority:0, 32069a0d-f39a-42d5-b706-96b3f478e9d8|rpc:10.1.0.47:43355|dataStream:|priority:0, 42593a4f-89d4-4363-aad7-ee84fdc40b17|rpc:10.1.0.47:38117|dataStream:|priority:1], old=null
2021-11-14 01:04:32,111 [grpc-default-executor-0] INFO  impl.VoteContext (VoteContext.java:log(48)) - 42593a4f-89d4-4363-aad7-ee84fdc40b17@group-21D2AE8B93C5-CANDIDATE: reject ELECTION from 32069a0d-f39a-42d5-b706-96b3f478e9d8: already has voted for 42593a4f-89d4-4363-aad7-ee84fdc40b17 at current term 1
2021-11-14 01:04:32,111 [grpc-default-executor-0] INFO  server.RaftServer$Division (RaftServerImpl.java:requestVote(1078)) - 42593a4f-89d4-4363-aad7-ee84fdc40b17@group-21D2AE8B93C5 replies to ELECTION vote request: 32069a0d-f39a-42d5-b706-96b3f478e9d8<-42593a4f-89d4-4363-aad7-ee84fdc40b17#0:FAIL-t1. Peer's state: 42593a4f-89d4-4363-aad7-ee84fdc40b17@group-21D2AE8B93C5:t1, leader=null, voted=42593a4f-89d4-4363-aad7-ee84fdc40b17, raftlog=42593a4f-89d4-4363-aad7-ee84fdc40b17@group-21D2AE8B93C5-SegmentedRaftLog:OPENED:c-1, conf=-1: [a5432c49-5461-405d-b7d7-37e5c225d9bf|rpc:10.1.0.47:33007|dataStream:|priority:0, 32069a0d-f39a-42d5-b706-96b3f478e9d8|rpc:10.1.0.47:43355|dataStream:|priority:0, 42593a4f-89d4-4363-aad7-ee84fdc40b17|rpc:10.1.0.47:38117|dataStream:|priority:1], old=null
2021-11-14 01:04:32,134 [grpc-default-executor-1] INFO  server.RaftServer$Division (RaftServerImpl.java:requestVote(1078)) - a5432c49-5461-405d-b7d7-37e5c225d9bf@group-21D2AE8B93C5 replies to ELECTION vote request: 32069a0d-f39a-42d5-b706-96b3f478e9d8<-a5432c49-5461-405d-b7d7-37e5c225d9bf#0:OK-t1. Peer's state: a5432c49-5461-405d-b7d7-37e5c225d9bf@group-21D2AE8B93C5:t1, leader=null, voted=32069a0d-f39a-42d5-b706-96b3f478e9d8, raftlog=a5432c49-5461-405d-b7d7-37e5c225d9bf@group-21D2AE8B93C5-SegmentedRaftLog:OPENED:c-1, conf=-1: [a5432c49-5461-405d-b7d7-37e5c225d9bf|rpc:10.1.0.47:33007|priority:0, 32069a0d-f39a-42d5-b706-96b3f478e9d8|rpc:10.1.0.47:43355|priority:0, 42593a4f-89d4-4363-aad7-ee84fdc40b17|rpc:10.1.0.47:38117|priority:1], old=null
2021-11-14 01:04:32,137 [32069a0d-f39a-42d5-b706-96b3f478e9d8@group-21D2AE8B93C5-LeaderElection102] INFO  impl.LeaderElection (LeaderElection.java:logAndReturn(89)) - 32069a0d-f39a-42d5-b706-96b3f478e9d8@group-21D2AE8B93C5-LeaderElection102: ELECTION REJECTED received 1 response(s) and 0 exception(s):
2021-11-14 01:04:32,137 [32069a0d-f39a-42d5-b706-96b3f478e9d8@group-21D2AE8B93C5-LeaderElection102] INFO  impl.LeaderElection (LeaderElection.java:logAndReturn(93)) -   Response 0: 32069a0d-f39a-42d5-b706-96b3f478e9d8<-42593a4f-89d4-4363-aad7-ee84fdc40b17#0:FAIL-t1
2021-11-14 01:04:32,137 [32069a0d-f39a-42d5-b706-96b3f478e9d8@group-21D2AE8B93C5-LeaderElection102] INFO  impl.LeaderElection (LeaderElection.java:askForVotes(308)) - 32069a0d-f39a-42d5-b706-96b3f478e9d8@group-21D2AE8B93C5-LeaderElection102 ELECTION round 0: result REJECTED
2021-11-14 01:04:32,137 [32069a0d-f39a-42d5-b706-96b3f478e9d8@group-21D2AE8B93C5-LeaderElection102] INFO  server.RaftServer$Division (RaftServerImpl.java:setRole(290)) - 32069a0d-f39a-42d5-b706-96b3f478e9d8@group-21D2AE8B93C5: changes role from CANDIDATE to FOLLOWER at term 1 for REJECTED
2021-11-14 01:04:32,137 [32069a0d-f39a-42d5-b706-96b3f478e9d8@group-21D2AE8B93C5-LeaderElection102] INFO  impl.RoleInfo (RoleInfo.java:shutdownLeaderElection(121)) - 32069a0d-f39a-42d5-b706-96b3f478e9d8: shutdown 32069a0d-f39a-42d5-b706-96b3f478e9d8@group-21D2AE8B93C5-LeaderElection102
2021-11-14 01:04:32,137 [32069a0d-f39a-42d5-b706-96b3f478e9d8@group-21D2AE8B93C5-LeaderElection102] INFO  impl.RoleInfo (RoleInfo.java:updateAndGet(130)) - 32069a0d-f39a-42d5-b706-96b3f478e9d8: start 32069a0d-f39a-42d5-b706-96b3f478e9d8@group-21D2AE8B93C5-FollowerState
2021-11-14 01:04:32,167 [grpc-default-executor-0] INFO  server.RaftServer$Division (RaftServerImpl.java:requestVote(1046)) - 32069a0d-f39a-42d5-b706-96b3f478e9d8@group-21D2AE8B93C5: receive requestVote(ELECTION, 42593a4f-89d4-4363-aad7-ee84fdc40b17, group-21D2AE8B93C5, 1, (t:0, i:0))
2021-11-14 01:04:32,167 [grpc-default-executor-0] INFO  impl.VoteContext (VoteContext.java:log(48)) - 32069a0d-f39a-42d5-b706-96b3f478e9d8@group-21D2AE8B93C5-FOLLOWER: reject ELECTION from 42593a4f-89d4-4363-aad7-ee84fdc40b17: already has voted for 32069a0d-f39a-42d5-b706-96b3f478e9d8 at current term 1
2021-11-14 01:04:32,168 [grpc-default-executor-0] INFO  server.RaftServer$Division (RaftServerImpl.java:requestVote(1078)) - 32069a0d-f39a-42d5-b706-96b3f478e9d8@group-21D2AE8B93C5 replies to ELECTION vote request: 42593a4f-89d4-4363-aad7-ee84fdc40b17<-32069a0d-f39a-42d5-b706-96b3f478e9d8#0:FAIL-t1. Peer's state: 32069a0d-f39a-42d5-b706-96b3f478e9d8@group-21D2AE8B93C5:t1, leader=null, voted=32069a0d-f39a-42d5-b706-96b3f478e9d8, raftlog=32069a0d-f39a-42d5-b706-96b3f478e9d8@group-21D2AE8B93C5-SegmentedRaftLog:OPENED:c-1, conf=-1: [a5432c49-5461-405d-b7d7-37e5c225d9bf|rpc:10.1.0.47:33007|priority:0, 32069a0d-f39a-42d5-b706-96b3f478e9d8|rpc:10.1.0.47:43355|priority:0, 42593a4f-89d4-4363-aad7-ee84fdc40b17|rpc:10.1.0.47:38117|priority:1], old=null
2021-11-14 01:04:32,170 [grpc-default-executor-0] INFO  server.RaftServer$Division (RaftServerImpl.java:requestVote(1046)) - a5432c49-5461-405d-b7d7-37e5c225d9bf@group-21D2AE8B93C5: receive requestVote(ELECTION, 42593a4f-89d4-4363-aad7-ee84fdc40b17, group-21D2AE8B93C5, 1, (t:0, i:0))
2021-11-14 01:04:32,174 [grpc-default-executor-0] INFO  impl.VoteContext (VoteContext.java:log(48)) - a5432c49-5461-405d-b7d7-37e5c225d9bf@group-21D2AE8B93C5-FOLLOWER: reject ELECTION from 42593a4f-89d4-4363-aad7-ee84fdc40b17: already has voted for 32069a0d-f39a-42d5-b706-96b3f478e9d8 at current term 1
2021-11-14 01:04:32,175 [grpc-default-executor-0] INFO  server.RaftServer$Division (RaftServerImpl.java:requestVote(1078)) - a5432c49-5461-405d-b7d7-37e5c225d9bf@group-21D2AE8B93C5 replies to ELECTION vote request: 42593a4f-89d4-4363-aad7-ee84fdc40b17<-a5432c49-5461-405d-b7d7-37e5c225d9bf#0:FAIL-t1. Peer's state: a5432c49-5461-405d-b7d7-37e5c225d9bf@group-21D2AE8B93C5:t1, leader=null, voted=32069a0d-f39a-42d5-b706-96b3f478e9d8, raftlog=a5432c49-5461-405d-b7d7-37e5c225d9bf@group-21D2AE8B93C5-SegmentedRaftLog:OPENED:c-1, conf=-1: [a5432c49-5461-405d-b7d7-37e5c225d9bf|rpc:10.1.0.47:33007|priority:0, 32069a0d-f39a-42d5-b706-96b3f478e9d8|rpc:10.1.0.47:43355|priority:0, 42593a4f-89d4-4363-aad7-ee84fdc40b17|rpc:10.1.0.47:38117|priority:1], old=null
2021-11-14 01:04:32,182 [42593a4f-89d4-4363-aad7-ee84fdc40b17@group-21D2AE8B93C5-LeaderElection103] INFO  impl.LeaderElection (LeaderElection.java:logAndReturn(89)) - 42593a4f-89d4-4363-aad7-ee84fdc40b17@group-21D2AE8B93C5-LeaderElection103: ELECTION REJECTED received 2 response(s) and 0 exception(s):
2021-11-14 01:04:32,182 [42593a4f-89d4-4363-aad7-ee84fdc40b17@group-21D2AE8B93C5-LeaderElection103] INFO  impl.LeaderElection (LeaderElection.java:logAndReturn(93)) -   Response 0: 42593a4f-89d4-4363-aad7-ee84fdc40b17<-a5432c49-5461-405d-b7d7-37e5c225d9bf#0:FAIL-t1
2021-11-14 01:04:32,182 [42593a4f-89d4-4363-aad7-ee84fdc40b17@group-21D2AE8B93C5-LeaderElection103] INFO  impl.LeaderElection (LeaderElection.java:logAndReturn(93)) -   Response 1: 42593a4f-89d4-4363-aad7-ee84fdc40b17<-32069a0d-f39a-42d5-b706-96b3f478e9d8#0:FAIL-t1
2021-11-14 01:04:32,182 [42593a4f-89d4-4363-aad7-ee84fdc40b17@group-21D2AE8B93C5-LeaderElection103] INFO  impl.LeaderElection (LeaderElection.java:askForVotes(308)) - 42593a4f-89d4-4363-aad7-ee84fdc40b17@group-21D2AE8B93C5-LeaderElection103 ELECTION round 0: result REJECTED
2021-11-14 01:04:32,182 [42593a4f-89d4-4363-aad7-ee84fdc40b17@group-21D2AE8B93C5-LeaderElection103] INFO  server.RaftServer$Division (RaftServerImpl.java:setRole(290)) - 42593a4f-89d4-4363-aad7-ee84fdc40b17@group-21D2AE8B93C5: changes role from CANDIDATE to FOLLOWER at term 1 for REJECTED
2021-11-14 01:04:32,182 [42593a4f-89d4-4363-aad7-ee84fdc40b17@group-21D2AE8B93C5-LeaderElection103] INFO  impl.RoleInfo (RoleInfo.java:shutdownLeaderElection(121)) - 42593a4f-89d4-4363-aad7-ee84fdc40b17: shutdown 42593a4f-89d4-4363-aad7-ee84fdc40b17@group-21D2AE8B93C5-LeaderElection103
2021-11-14 01:04:32,182 [42593a4f-89d4-4363-aad7-ee84fdc40b17@group-21D2AE8B93C5-LeaderElection103] INFO  impl.RoleInfo (RoleInfo.java:updateAndGet(130)) - 42593a4f-89d4-4363-aad7-ee84fdc40b17: start 42593a4f-89d4-4363-aad7-ee84fdc40b17@group-21D2AE8B93C5-FollowerState
2021-11-14 01:04:32,437 [Listener at 127.0.0.1/34021] INFO  ozone.MiniOzoneClusterImpl (MiniOzoneClusterImpl.java:lambda$waitForClusterToBeReady$0(235)) - Nodes are ready. Got 7 of 7 DN Heartbeats.
2021-11-14 01:04:32,437 [Listener at 127.0.0.1/34021] INFO  ozone.MiniOzoneClusterImpl (MiniOzoneClusterImpl.java:lambda$waitForClusterToBeReady$0(238)) - Cluster exits safe mode
2021-11-14 01:04:32,437 [Listener at 127.0.0.1/34021] INFO  ozone.MiniOzoneClusterImpl (MiniOzoneClusterImpl.java:lambda$waitForClusterToBeReady$0(240)) - SCM became leader
2021-11-14 01:04:32,439 [Listener at 127.0.0.1/34021] INFO  rpc.RpcClient (RpcClient.java:createVolume(349)) - Creating Volume: testblockoutputstream, with runner as owner and space quota set to -1 bytes, counts quota set to -1
2021-11-14 01:04:32,473 [32069a0d-f39a-42d5-b706-96b3f478e9d8@group-728CC57844C0-FollowerState] INFO  impl.FollowerState (FollowerState.java:run(134)) - 32069a0d-f39a-42d5-b706-96b3f478e9d8@group-728CC57844C0-FollowerState: change to CANDIDATE, lastRpcElapsedTime:5215393348ns, electionTimeout:5173ms
2021-11-14 01:04:32,474 [32069a0d-f39a-42d5-b706-96b3f478e9d8@group-728CC57844C0-FollowerState] INFO  impl.RoleInfo (RoleInfo.java:shutdownFollowerState(108)) - 32069a0d-f39a-42d5-b706-96b3f478e9d8: shutdown 32069a0d-f39a-42d5-b706-96b3f478e9d8@group-728CC57844C0-FollowerState
2021-11-14 01:04:32,474 [32069a0d-f39a-42d5-b706-96b3f478e9d8@group-728CC57844C0-FollowerState] INFO  server.RaftServer$Division (RaftServerImpl.java:setRole(290)) - 32069a0d-f39a-42d5-b706-96b3f478e9d8@group-728CC57844C0: changes role from  FOLLOWER to CANDIDATE at term 0 for changeToCandidate
2021-11-14 01:04:32,474 [32069a0d-f39a-42d5-b706-96b3f478e9d8@group-728CC57844C0-FollowerState] INFO  server.RaftServerConfigKeys (ConfUtils.java:logGet(44)) - raft.server.leaderelection.pre-vote = false (custom)
2021-11-14 01:04:32,474 [32069a0d-f39a-42d5-b706-96b3f478e9d8@group-728CC57844C0-FollowerState] INFO  impl.RoleInfo (RoleInfo.java:updateAndGet(130)) - 32069a0d-f39a-42d5-b706-96b3f478e9d8: start 32069a0d-f39a-42d5-b706-96b3f478e9d8@group-728CC57844C0-LeaderElection104
2021-11-14 01:04:32,493 [OM StateMachine ApplyTransaction Thread - 0] INFO  volume.OMVolumeCreateRequest (OMVolumeCreateRequest.java:validateAndUpdateCache(195)) - created volume:testblockoutputstream for user:runner
2021-11-14 01:04:32,520 [32069a0d-f39a-42d5-b706-96b3f478e9d8@group-728CC57844C0-LeaderElection104] INFO  impl.LeaderElection (LeaderElection.java:askForVotes(306)) - 32069a0d-f39a-42d5-b706-96b3f478e9d8@group-728CC57844C0-LeaderElection104 ELECTION round 0: submit vote requests at term 1 for -1: [a5432c49-5461-405d-b7d7-37e5c225d9bf|rpc:10.1.0.47:33007|priority:1, 32069a0d-f39a-42d5-b706-96b3f478e9d8|rpc:10.1.0.47:43355|priority:0, 42593a4f-89d4-4363-aad7-ee84fdc40b17|rpc:10.1.0.47:38117|priority:0], old=null
2021-11-14 01:04:32,522 [grpc-default-executor-0] INFO  server.RaftServer$Division (RaftServerImpl.java:requestVote(1046)) - a5432c49-5461-405d-b7d7-37e5c225d9bf@group-728CC57844C0: receive requestVote(ELECTION, 32069a0d-f39a-42d5-b706-96b3f478e9d8, group-728CC57844C0, 1, (t:0, i:0))
2021-11-14 01:04:32,522 [grpc-default-executor-0] INFO  impl.VoteContext (VoteContext.java:log(48)) - a5432c49-5461-405d-b7d7-37e5c225d9bf@group-728CC57844C0-FOLLOWER: reject ELECTION from 32069a0d-f39a-42d5-b706-96b3f478e9d8: our priority 1 > candidate's priority 0
2021-11-14 01:04:32,522 [grpc-default-executor-0] INFO  server.RaftServer$Division (RaftServerImpl.java:setRole(290)) - a5432c49-5461-405d-b7d7-37e5c225d9bf@group-728CC57844C0: changes role from  FOLLOWER to FOLLOWER at term 1 for candidate:32069a0d-f39a-42d5-b706-96b3f478e9d8
2021-11-14 01:04:32,522 [grpc-default-executor-0] INFO  impl.RoleInfo (RoleInfo.java:shutdownFollowerState(108)) - a5432c49-5461-405d-b7d7-37e5c225d9bf: shutdown a5432c49-5461-405d-b7d7-37e5c225d9bf@group-728CC57844C0-FollowerState
2021-11-14 01:04:32,530 [Listener at 127.0.0.1/34021] INFO  rpc.RpcClient (RpcClient.java:createBucket(509)) - Creating Bucket: testblockoutputstream/testblockoutputstream, with Versioning false and Storage Type set to DISK and Encryption set to false 
2021-11-14 01:04:32,569 [a5432c49-5461-405d-b7d7-37e5c225d9bf@group-728CC57844C0-FollowerState] INFO  impl.FollowerState (FollowerState.java:run(127)) - a5432c49-5461-405d-b7d7-37e5c225d9bf@group-728CC57844C0-FollowerState: Stopping now (isRunning? false, isFollower? true)
2021-11-14 01:04:32,579 [grpc-default-executor-1] INFO  server.RaftServer$Division (RaftServerImpl.java:requestVote(1046)) - 42593a4f-89d4-4363-aad7-ee84fdc40b17@group-728CC57844C0: receive requestVote(ELECTION, 32069a0d-f39a-42d5-b706-96b3f478e9d8, group-728CC57844C0, 1, (t:0, i:0))
2021-11-14 01:04:32,579 [grpc-default-executor-1] INFO  impl.VoteContext (VoteContext.java:log(48)) - 42593a4f-89d4-4363-aad7-ee84fdc40b17@group-728CC57844C0-FOLLOWER: accept ELECTION from 32069a0d-f39a-42d5-b706-96b3f478e9d8: our priority 0 <= candidate's priority 0
2021-11-14 01:04:32,579 [grpc-default-executor-1] INFO  server.RaftServer$Division (RaftServerImpl.java:setRole(290)) - 42593a4f-89d4-4363-aad7-ee84fdc40b17@group-728CC57844C0: changes role from  FOLLOWER to FOLLOWER at term 1 for candidate:32069a0d-f39a-42d5-b706-96b3f478e9d8
2021-11-14 01:04:32,579 [grpc-default-executor-1] INFO  impl.RoleInfo (RoleInfo.java:shutdownFollowerState(108)) - 42593a4f-89d4-4363-aad7-ee84fdc40b17: shutdown 42593a4f-89d4-4363-aad7-ee84fdc40b17@group-728CC57844C0-FollowerState
2021-11-14 01:04:32,579 [grpc-default-executor-1] INFO  impl.RoleInfo (RoleInfo.java:updateAndGet(130)) - 42593a4f-89d4-4363-aad7-ee84fdc40b17: start 42593a4f-89d4-4363-aad7-ee84fdc40b17@group-728CC57844C0-FollowerState
2021-11-14 01:04:32,579 [42593a4f-89d4-4363-aad7-ee84fdc40b17@group-728CC57844C0-FollowerState] INFO  impl.FollowerState (FollowerState.java:run(143)) - 42593a4f-89d4-4363-aad7-ee84fdc40b17@group-728CC57844C0-FollowerState was interrupted: {}
java.lang.InterruptedException: sleep interrupted
	at java.lang.Thread.sleep(Native Method)
	at java.lang.Thread.sleep(Thread.java:340)
	at java.util.concurrent.TimeUnit.sleep(TimeUnit.java:386)
	at org.apache.ratis.util.TimeDuration.sleep(TimeDuration.java:324)
	at org.apache.ratis.util.TimeDuration.sleep(TimeDuration.java:309)
	at org.apache.ratis.server.impl.FollowerState.run(FollowerState.java:118)
2021-11-14 01:04:32,586 [grpc-default-executor-0] INFO  impl.RoleInfo (RoleInfo.java:updateAndGet(130)) - a5432c49-5461-405d-b7d7-37e5c225d9bf: start a5432c49-5461-405d-b7d7-37e5c225d9bf@group-728CC57844C0-FollowerState
2021-11-14 01:04:32,611 [IPC Server handler 1 on default port 40983] INFO  ha.SequenceIdGenerator (SequenceIdGenerator.java:getNextId(127)) - Allocate a batch for containerId, change lastId from 0 to 1000.
2021-11-14 01:04:32,611 [IPC Server handler 1 on default port 40983] WARN  ha.SequenceIdGenerator (SequenceIdGenerator.java:allocateBatch(235)) - Failed to allocate a batch for localId, expected lastId is 0, actual lastId is 107544261427200000.
2021-11-14 01:04:32,612 [IPC Server handler 1 on default port 40983] INFO  ha.SequenceIdGenerator (SequenceIdGenerator.java:getNextId(127)) - Allocate a batch for localId, change lastId from 107544261427200000 to 107544261427201000.
2021-11-14 01:04:32,612 [grpc-default-executor-0] INFO  server.RaftServer$Division (RaftServerImpl.java:requestVote(1078)) - a5432c49-5461-405d-b7d7-37e5c225d9bf@group-728CC57844C0 replies to ELECTION vote request: 32069a0d-f39a-42d5-b706-96b3f478e9d8<-a5432c49-5461-405d-b7d7-37e5c225d9bf#0:FAIL-t1. Peer's state: a5432c49-5461-405d-b7d7-37e5c225d9bf@group-728CC57844C0:t1, leader=null, voted=null, raftlog=a5432c49-5461-405d-b7d7-37e5c225d9bf@group-728CC57844C0-SegmentedRaftLog:OPENED:c-1, conf=-1: [a5432c49-5461-405d-b7d7-37e5c225d9bf|rpc:10.1.0.47:33007|dataStream:|priority:1, 32069a0d-f39a-42d5-b706-96b3f478e9d8|rpc:10.1.0.47:43355|dataStream:|priority:0, 42593a4f-89d4-4363-aad7-ee84fdc40b17|rpc:10.1.0.47:38117|dataStream:|priority:0], old=null
2021-11-14 01:04:32,613 [32069a0d-f39a-42d5-b706-96b3f478e9d8@group-728CC57844C0-LeaderElection104] INFO  impl.LeaderElection (LeaderElection.java:logAndReturn(89)) - 32069a0d-f39a-42d5-b706-96b3f478e9d8@group-728CC57844C0-LeaderElection104: ELECTION REJECTED received 1 response(s) and 0 exception(s):
2021-11-14 01:04:32,613 [32069a0d-f39a-42d5-b706-96b3f478e9d8@group-728CC57844C0-LeaderElection104] INFO  impl.LeaderElection (LeaderElection.java:logAndReturn(93)) -   Response 0: 32069a0d-f39a-42d5-b706-96b3f478e9d8<-a5432c49-5461-405d-b7d7-37e5c225d9bf#0:FAIL-t1
2021-11-14 01:04:32,613 [32069a0d-f39a-42d5-b706-96b3f478e9d8@group-728CC57844C0-LeaderElection104] INFO  impl.LeaderElection (LeaderElection.java:askForVotes(308)) - 32069a0d-f39a-42d5-b706-96b3f478e9d8@group-728CC57844C0-LeaderElection104 ELECTION round 0: result REJECTED
2021-11-14 01:04:32,613 [32069a0d-f39a-42d5-b706-96b3f478e9d8@group-728CC57844C0-LeaderElection104] INFO  server.RaftServer$Division (RaftServerImpl.java:setRole(290)) - 32069a0d-f39a-42d5-b706-96b3f478e9d8@group-728CC57844C0: changes role from CANDIDATE to FOLLOWER at term 1 for REJECTED
2021-11-14 01:04:32,613 [32069a0d-f39a-42d5-b706-96b3f478e9d8@group-728CC57844C0-LeaderElection104] INFO  impl.RoleInfo (RoleInfo.java:shutdownLeaderElection(121)) - 32069a0d-f39a-42d5-b706-96b3f478e9d8: shutdown 32069a0d-f39a-42d5-b706-96b3f478e9d8@group-728CC57844C0-LeaderElection104
2021-11-14 01:04:32,614 [32069a0d-f39a-42d5-b706-96b3f478e9d8@group-728CC57844C0-LeaderElection104] INFO  impl.RoleInfo (RoleInfo.java:updateAndGet(130)) - 32069a0d-f39a-42d5-b706-96b3f478e9d8: start 32069a0d-f39a-42d5-b706-96b3f478e9d8@group-728CC57844C0-FollowerState
2021-11-14 01:04:32,617 [grpc-default-executor-1] INFO  server.RaftServer$Division (RaftServerImpl.java:requestVote(1078)) - 42593a4f-89d4-4363-aad7-ee84fdc40b17@group-728CC57844C0 replies to ELECTION vote request: 32069a0d-f39a-42d5-b706-96b3f478e9d8<-42593a4f-89d4-4363-aad7-ee84fdc40b17#0:OK-t1. Peer's state: 42593a4f-89d4-4363-aad7-ee84fdc40b17@group-728CC57844C0:t1, leader=null, voted=32069a0d-f39a-42d5-b706-96b3f478e9d8, raftlog=42593a4f-89d4-4363-aad7-ee84fdc40b17@group-728CC57844C0-SegmentedRaftLog:OPENED:c-1, conf=-1: [a5432c49-5461-405d-b7d7-37e5c225d9bf|rpc:10.1.0.47:33007|dataStream:|priority:1, 32069a0d-f39a-42d5-b706-96b3f478e9d8|rpc:10.1.0.47:43355|dataStream:|priority:0, 42593a4f-89d4-4363-aad7-ee84fdc40b17|rpc:10.1.0.47:38117|dataStream:|priority:0], old=null
2021-11-14 01:04:32,799 [42593a4f-89d4-4363-aad7-ee84fdc40b17@group-5453DB22F216-FollowerState] INFO  impl.FollowerState (FollowerState.java:run(134)) - 42593a4f-89d4-4363-aad7-ee84fdc40b17@group-5453DB22F216-FollowerState: change to CANDIDATE, lastRpcElapsedTime:5122667001ns, electionTimeout:5114ms
2021-11-14 01:04:32,800 [42593a4f-89d4-4363-aad7-ee84fdc40b17@group-5453DB22F216-FollowerState] INFO  impl.RoleInfo (RoleInfo.java:shutdownFollowerState(108)) - 42593a4f-89d4-4363-aad7-ee84fdc40b17: shutdown 42593a4f-89d4-4363-aad7-ee84fdc40b17@group-5453DB22F216-FollowerState
2021-11-14 01:04:32,800 [42593a4f-89d4-4363-aad7-ee84fdc40b17@group-5453DB22F216-FollowerState] INFO  server.RaftServer$Division (RaftServerImpl.java:setRole(290)) - 42593a4f-89d4-4363-aad7-ee84fdc40b17@group-5453DB22F216: changes role from  FOLLOWER to CANDIDATE at term 0 for changeToCandidate
2021-11-14 01:04:32,800 [42593a4f-89d4-4363-aad7-ee84fdc40b17@group-5453DB22F216-FollowerState] INFO  server.RaftServerConfigKeys (ConfUtils.java:logGet(44)) - raft.server.leaderelection.pre-vote = false (custom)
2021-11-14 01:04:32,800 [42593a4f-89d4-4363-aad7-ee84fdc40b17@group-5453DB22F216-FollowerState] INFO  impl.RoleInfo (RoleInfo.java:updateAndGet(130)) - 42593a4f-89d4-4363-aad7-ee84fdc40b17: start 42593a4f-89d4-4363-aad7-ee84fdc40b17@group-5453DB22F216-LeaderElection105
2021-11-14 01:04:32,823 [42593a4f-89d4-4363-aad7-ee84fdc40b17@group-5453DB22F216-LeaderElection105] INFO  impl.LeaderElection (LeaderElection.java:askForVotes(306)) - 42593a4f-89d4-4363-aad7-ee84fdc40b17@group-5453DB22F216-LeaderElection105 ELECTION round 0: submit vote requests at term 1 for -1: [42593a4f-89d4-4363-aad7-ee84fdc40b17|rpc:10.1.0.47:38117|priority:1], old=null
2021-11-14 01:04:32,823 [42593a4f-89d4-4363-aad7-ee84fdc40b17@group-5453DB22F216-LeaderElection105] INFO  impl.LeaderElection (LeaderElection.java:askForVotes(308)) - 42593a4f-89d4-4363-aad7-ee84fdc40b17@group-5453DB22F216-LeaderElection105 ELECTION round 0: result PASSED (term=1)
2021-11-14 01:04:32,823 [42593a4f-89d4-4363-aad7-ee84fdc40b17@group-5453DB22F216-LeaderElection105] INFO  impl.RoleInfo (RoleInfo.java:shutdownLeaderElection(121)) - 42593a4f-89d4-4363-aad7-ee84fdc40b17: shutdown 42593a4f-89d4-4363-aad7-ee84fdc40b17@group-5453DB22F216-LeaderElection105
2021-11-14 01:04:32,823 [42593a4f-89d4-4363-aad7-ee84fdc40b17@group-5453DB22F216-LeaderElection105] INFO  server.RaftServer$Division (RaftServerImpl.java:setRole(290)) - 42593a4f-89d4-4363-aad7-ee84fdc40b17@group-5453DB22F216: changes role from CANDIDATE to LEADER at term 1 for changeToLeader
2021-11-14 01:04:32,823 [42593a4f-89d4-4363-aad7-ee84fdc40b17@group-5453DB22F216-LeaderElection105] INFO  ratis.XceiverServerRatis (XceiverServerRatis.java:handleLeaderChangedNotification(866)) - Leader change notification received for group: group-5453DB22F216 with new leaderId: 42593a4f-89d4-4363-aad7-ee84fdc40b17
2021-11-14 01:04:32,823 [42593a4f-89d4-4363-aad7-ee84fdc40b17@group-5453DB22F216-LeaderElection105] INFO  server.RaftServer$Division (ServerState.java:setLeader(285)) - 42593a4f-89d4-4363-aad7-ee84fdc40b17@group-5453DB22F216: change Leader from null to 42593a4f-89d4-4363-aad7-ee84fdc40b17 at term 1 for becomeLeader, leader elected after 5159ms
2021-11-14 01:04:32,823 [42593a4f-89d4-4363-aad7-ee84fdc40b17@group-5453DB22F216-LeaderElection105] INFO  server.RaftServerConfigKeys (ConfUtils.java:logGet(44)) - raft.server.staging.catchup.gap = 1000 (default)
2021-11-14 01:04:32,824 [42593a4f-89d4-4363-aad7-ee84fdc40b17@group-5453DB22F216-LeaderElection105] INFO  server.RaftServerConfigKeys (ConfUtils.java:logGet(44)) - raft.server.write.element-limit = 1024 (custom)
2021-11-14 01:04:32,833 [42593a4f-89d4-4363-aad7-ee84fdc40b17@group-5453DB22F216-LeaderElection105] INFO  server.RaftServerConfigKeys (ConfUtils.java:logGet(44)) - raft.server.write.byte-limit = 1024 M (=1073741824) (custom)
2021-11-14 01:04:32,843 [42593a4f-89d4-4363-aad7-ee84fdc40b17@group-5453DB22F216-LeaderElection105] INFO  server.RaftServerConfigKeys (ConfUtils.java:logGet(44)) - raft.server.watch.timeout = 3000ms (custom)
2021-11-14 01:04:32,843 [42593a4f-89d4-4363-aad7-ee84fdc40b17@group-5453DB22F216-LeaderElection105] INFO  server.RaftServerConfigKeys (ConfUtils.java:logGet(44)) - raft.server.watch.timeout.denomination = 1s (default)
2021-11-14 01:04:32,843 [42593a4f-89d4-4363-aad7-ee84fdc40b17@group-5453DB22F216-LeaderElection105] INFO  server.RaftServerConfigKeys (ConfUtils.java:logGet(44)) - raft.server.watch.element-limit = 65536 (default)
2021-11-14 01:04:32,845 [42593a4f-89d4-4363-aad7-ee84fdc40b17@group-5453DB22F216-LeaderElection105] INFO  server.RaftServerConfigKeys (ConfUtils.java:logGet(44)) - raft.server.write.element-limit = 1024 (custom)
2021-11-14 01:04:32,845 [42593a4f-89d4-4363-aad7-ee84fdc40b17@group-5453DB22F216-LeaderElection105] INFO  server.RaftServerConfigKeys (ConfUtils.java:logGet(44)) - raft.server.write.follower.gap.ratio.max = -1.0 (default)
2021-11-14 01:04:32,845 [42593a4f-89d4-4363-aad7-ee84fdc40b17@group-5453DB22F216-LeaderElection105] INFO  impl.RoleInfo (RoleInfo.java:updateAndGet(130)) - 42593a4f-89d4-4363-aad7-ee84fdc40b17: start 42593a4f-89d4-4363-aad7-ee84fdc40b17@group-5453DB22F216-LeaderStateImpl
2021-11-14 01:04:32,846 [42593a4f-89d4-4363-aad7-ee84fdc40b17@group-5453DB22F216-LeaderElection105] INFO  segmented.SegmentedRaftLogWorker (SegmentedRaftLogWorker.java:startLogSegment(394)) - 42593a4f-89d4-4363-aad7-ee84fdc40b17@group-5453DB22F216-SegmentedRaftLogWorker: Starting segment from index:0
2021-11-14 01:04:32,847 [42593a4f-89d4-4363-aad7-ee84fdc40b17@group-5453DB22F216-SegmentedRaftLogWorker] INFO  segmented.SegmentedRaftLogWorker (SegmentedRaftLogWorker.java:execute(601)) - 42593a4f-89d4-4363-aad7-ee84fdc40b17@group-5453DB22F216-SegmentedRaftLogWorker: created new log segment /home/runner/work/ozone/ozone/hadoop-ozone/integration-test/target/test-dir/MiniOzoneClusterImpl-5b6cbd2a-2976-43bc-8d1c-e3ca86cddeeb/datanode-2/data/ratis/9877ffae-06a8-41cd-9b6b-5453db22f216/current/log_inprogress_0
2021-11-14 01:04:32,857 [42593a4f-89d4-4363-aad7-ee84fdc40b17@group-5453DB22F216-LeaderElection105] INFO  server.RaftServer$Division (ServerState.java:setRaftConf(387)) - 42593a4f-89d4-4363-aad7-ee84fdc40b17@group-5453DB22F216: set configuration 0: [42593a4f-89d4-4363-aad7-ee84fdc40b17|rpc:10.1.0.47:38117|dataStream:|priority:1], old=null
2021-11-14 01:04:33,141 [8f64935f-b83c-4009-bc32-b4395deb71aa@group-BD964F6AA3B8-FollowerState] INFO  impl.FollowerState (FollowerState.java:run(134)) - 8f64935f-b83c-4009-bc32-b4395deb71aa@group-BD964F6AA3B8-FollowerState: change to CANDIDATE, lastRpcElapsedTime:5113308587ns, electionTimeout:5099ms
2021-11-14 01:04:33,142 [8f64935f-b83c-4009-bc32-b4395deb71aa@group-BD964F6AA3B8-FollowerState] INFO  impl.RoleInfo (RoleInfo.java:shutdownFollowerState(108)) - 8f64935f-b83c-4009-bc32-b4395deb71aa: shutdown 8f64935f-b83c-4009-bc32-b4395deb71aa@group-BD964F6AA3B8-FollowerState
2021-11-14 01:04:33,142 [8f64935f-b83c-4009-bc32-b4395deb71aa@group-BD964F6AA3B8-FollowerState] INFO  server.RaftServer$Division (RaftServerImpl.java:setRole(290)) - 8f64935f-b83c-4009-bc32-b4395deb71aa@group-BD964F6AA3B8: changes role from  FOLLOWER to CANDIDATE at term 0 for changeToCandidate
2021-11-14 01:04:33,149 [8f64935f-b83c-4009-bc32-b4395deb71aa@group-BD964F6AA3B8-FollowerState] INFO  server.RaftServerConfigKeys (ConfUtils.java:logGet(44)) - raft.server.leaderelection.pre-vote = false (custom)
2021-11-14 01:04:33,149 [8f64935f-b83c-4009-bc32-b4395deb71aa@group-BD964F6AA3B8-FollowerState] INFO  impl.RoleInfo (RoleInfo.java:updateAndGet(130)) - 8f64935f-b83c-4009-bc32-b4395deb71aa: start 8f64935f-b83c-4009-bc32-b4395deb71aa@group-BD964F6AA3B8-LeaderElection106
2021-11-14 01:04:33,178 [8f64935f-b83c-4009-bc32-b4395deb71aa@group-BD964F6AA3B8-LeaderElection106] INFO  impl.LeaderElection (LeaderElection.java:askForVotes(306)) - 8f64935f-b83c-4009-bc32-b4395deb71aa@group-BD964F6AA3B8-LeaderElection106 ELECTION round 0: submit vote requests at term 1 for -1: [8f64935f-b83c-4009-bc32-b4395deb71aa|rpc:10.1.0.47:45069|priority:1], old=null
2021-11-14 01:04:33,178 [8f64935f-b83c-4009-bc32-b4395deb71aa@group-BD964F6AA3B8-LeaderElection106] INFO  impl.LeaderElection (LeaderElection.java:askForVotes(308)) - 8f64935f-b83c-4009-bc32-b4395deb71aa@group-BD964F6AA3B8-LeaderElection106 ELECTION round 0: result PASSED (term=1)
2021-11-14 01:04:33,179 [8f64935f-b83c-4009-bc32-b4395deb71aa@group-BD964F6AA3B8-LeaderElection106] INFO  impl.RoleInfo (RoleInfo.java:shutdownLeaderElection(121)) - 8f64935f-b83c-4009-bc32-b4395deb71aa: shutdown 8f64935f-b83c-4009-bc32-b4395deb71aa@group-BD964F6AA3B8-LeaderElection106
2021-11-14 01:04:33,179 [8f64935f-b83c-4009-bc32-b4395deb71aa@group-BD964F6AA3B8-LeaderElection106] INFO  server.RaftServer$Division (RaftServerImpl.java:setRole(290)) - 8f64935f-b83c-4009-bc32-b4395deb71aa@group-BD964F6AA3B8: changes role from CANDIDATE to LEADER at term 1 for changeToLeader
2021-11-14 01:04:33,179 [8f64935f-b83c-4009-bc32-b4395deb71aa@group-BD964F6AA3B8-LeaderElection106] INFO  ratis.XceiverServerRatis (XceiverServerRatis.java:handleLeaderChangedNotification(866)) - Leader change notification received for group: group-BD964F6AA3B8 with new leaderId: 8f64935f-b83c-4009-bc32-b4395deb71aa
2021-11-14 01:04:33,180 [8f64935f-b83c-4009-bc32-b4395deb71aa@group-BD964F6AA3B8-LeaderElection106] INFO  server.RaftServer$Division (ServerState.java:setLeader(285)) - 8f64935f-b83c-4009-bc32-b4395deb71aa@group-BD964F6AA3B8: change Leader from null to 8f64935f-b83c-4009-bc32-b4395deb71aa at term 1 for becomeLeader, leader elected after 5179ms
2021-11-14 01:04:33,180 [8f64935f-b83c-4009-bc32-b4395deb71aa@group-BD964F6AA3B8-LeaderElection106] INFO  server.RaftServerConfigKeys (ConfUtils.java:logGet(44)) - raft.server.staging.catchup.gap = 1000 (default)
2021-11-14 01:04:33,180 [8f64935f-b83c-4009-bc32-b4395deb71aa@group-BD964F6AA3B8-LeaderElection106] INFO  server.RaftServerConfigKeys (ConfUtils.java:logGet(44)) - raft.server.write.element-limit = 1024 (custom)
2021-11-14 01:04:33,180 [8f64935f-b83c-4009-bc32-b4395deb71aa@group-BD964F6AA3B8-LeaderElection106] INFO  server.RaftServerConfigKeys (ConfUtils.java:logGet(44)) - raft.server.write.byte-limit = 1024 M (=1073741824) (custom)
2021-11-14 01:04:33,181 [8f64935f-b83c-4009-bc32-b4395deb71aa@group-BD964F6AA3B8-LeaderElection106] INFO  server.RaftServerConfigKeys (ConfUtils.java:logGet(44)) - raft.server.watch.timeout = 3000ms (custom)
2021-11-14 01:04:33,181 [8f64935f-b83c-4009-bc32-b4395deb71aa@group-BD964F6AA3B8-LeaderElection106] INFO  server.RaftServerConfigKeys (ConfUtils.java:logGet(44)) - raft.server.watch.timeout.denomination = 1s (default)
2021-11-14 01:04:33,181 [8f64935f-b83c-4009-bc32-b4395deb71aa@group-BD964F6AA3B8-LeaderElection106] INFO  server.RaftServerConfigKeys (ConfUtils.java:logGet(44)) - raft.server.watch.element-limit = 65536 (default)
2021-11-14 01:04:33,181 [8f64935f-b83c-4009-bc32-b4395deb71aa@group-BD964F6AA3B8-LeaderElection106] INFO  server.RaftServerConfigKeys (ConfUtils.java:logGet(44)) - raft.server.write.element-limit = 1024 (custom)
2021-11-14 01:04:33,181 [8f64935f-b83c-4009-bc32-b4395deb71aa@group-BD964F6AA3B8-LeaderElection106] INFO  server.RaftServerConfigKeys (ConfUtils.java:logGet(44)) - raft.server.write.follower.gap.ratio.max = -1.0 (default)
2021-11-14 01:04:33,181 [8f64935f-b83c-4009-bc32-b4395deb71aa@group-BD964F6AA3B8-LeaderElection106] INFO  impl.RoleInfo (RoleInfo.java:updateAndGet(130)) - 8f64935f-b83c-4009-bc32-b4395deb71aa: start 8f64935f-b83c-4009-bc32-b4395deb71aa@group-BD964F6AA3B8-LeaderStateImpl
2021-11-14 01:04:33,183 [8f64935f-b83c-4009-bc32-b4395deb71aa@group-BD964F6AA3B8-LeaderElection106] INFO  segmented.SegmentedRaftLogWorker (SegmentedRaftLogWorker.java:startLogSegment(394)) - 8f64935f-b83c-4009-bc32-b4395deb71aa@group-BD964F6AA3B8-SegmentedRaftLogWorker: Starting segment from index:0
2021-11-14 01:04:33,188 [8f64935f-b83c-4009-bc32-b4395deb71aa@group-BD964F6AA3B8-LeaderElection106] INFO  server.RaftServer$Division (ServerState.java:setRaftConf(387)) - 8f64935f-b83c-4009-bc32-b4395deb71aa@group-BD964F6AA3B8: set configuration 0: [8f64935f-b83c-4009-bc32-b4395deb71aa|rpc:10.1.0.47:45069|dataStream:|priority:1], old=null
2021-11-14 01:04:33,200 [8f64935f-b83c-4009-bc32-b4395deb71aa@group-BD964F6AA3B8-SegmentedRaftLogWorker] INFO  segmented.SegmentedRaftLogWorker (SegmentedRaftLogWorker.java:execute(601)) - 8f64935f-b83c-4009-bc32-b4395deb71aa@group-BD964F6AA3B8-SegmentedRaftLogWorker: created new log segment /home/runner/work/ozone/ozone/hadoop-ozone/integration-test/target/test-dir/MiniOzoneClusterImpl-5b6cbd2a-2976-43bc-8d1c-e3ca86cddeeb/datanode-3/data/ratis/2299449d-ae01-4eb1-b672-bd964f6aa3b8/current/log_inprogress_0
2021-11-14 01:04:33,215 [8f64935f-b83c-4009-bc32-b4395deb71aa@group-B41A3219138A-FollowerState] INFO  impl.FollowerState (FollowerState.java:run(134)) - 8f64935f-b83c-4009-bc32-b4395deb71aa@group-B41A3219138A-FollowerState: change to CANDIDATE, lastRpcElapsedTime:5131992664ns, electionTimeout:5127ms
2021-11-14 01:04:33,216 [8f64935f-b83c-4009-bc32-b4395deb71aa@group-B41A3219138A-FollowerState] INFO  impl.RoleInfo (RoleInfo.java:shutdownFollowerState(108)) - 8f64935f-b83c-4009-bc32-b4395deb71aa: shutdown 8f64935f-b83c-4009-bc32-b4395deb71aa@group-B41A3219138A-FollowerState
2021-11-14 01:04:33,216 [8f64935f-b83c-4009-bc32-b4395deb71aa@group-B41A3219138A-FollowerState] INFO  server.RaftServer$Division (RaftServerImpl.java:setRole(290)) - 8f64935f-b83c-4009-bc32-b4395deb71aa@group-B41A3219138A: changes role from  FOLLOWER to CANDIDATE at term 0 for changeToCandidate
2021-11-14 01:04:33,216 [8f64935f-b83c-4009-bc32-b4395deb71aa@group-B41A3219138A-FollowerState] INFO  server.RaftServerConfigKeys (ConfUtils.java:logGet(44)) - raft.server.leaderelection.pre-vote = false (custom)
2021-11-14 01:04:33,216 [8f64935f-b83c-4009-bc32-b4395deb71aa@group-B41A3219138A-FollowerState] INFO  impl.RoleInfo (RoleInfo.java:updateAndGet(130)) - 8f64935f-b83c-4009-bc32-b4395deb71aa: start 8f64935f-b83c-4009-bc32-b4395deb71aa@group-B41A3219138A-LeaderElection107
2021-11-14 01:04:33,240 [8f64935f-b83c-4009-bc32-b4395deb71aa@group-B41A3219138A-LeaderElection107] INFO  impl.LeaderElection (LeaderElection.java:askForVotes(306)) - 8f64935f-b83c-4009-bc32-b4395deb71aa@group-B41A3219138A-LeaderElection107 ELECTION round 0: submit vote requests at term 1 for -1: [e624a09e-d66f-4eff-951a-8f24e1213b58|rpc:10.1.0.47:41437|priority:0, 8f64935f-b83c-4009-bc32-b4395deb71aa|rpc:10.1.0.47:45069|priority:0, 5b42674d-a9fa-4183-866d-d0b91026c546|rpc:10.1.0.47:35089|priority:1], old=null
2021-11-14 01:04:33,251 [e624a09e-d66f-4eff-951a-8f24e1213b58@group-B41A3219138A-FollowerState] INFO  impl.FollowerState (FollowerState.java:run(134)) - e624a09e-d66f-4eff-951a-8f24e1213b58@group-B41A3219138A-FollowerState: change to CANDIDATE, lastRpcElapsedTime:5051190117ns, electionTimeout:5050ms
2021-11-14 01:04:33,252 [e624a09e-d66f-4eff-951a-8f24e1213b58@group-B41A3219138A-FollowerState] INFO  impl.RoleInfo (RoleInfo.java:shutdownFollowerState(108)) - e624a09e-d66f-4eff-951a-8f24e1213b58: shutdown e624a09e-d66f-4eff-951a-8f24e1213b58@group-B41A3219138A-FollowerState
2021-11-14 01:04:33,252 [e624a09e-d66f-4eff-951a-8f24e1213b58@group-B41A3219138A-FollowerState] INFO  server.RaftServer$Division (RaftServerImpl.java:setRole(290)) - e624a09e-d66f-4eff-951a-8f24e1213b58@group-B41A3219138A: changes role from  FOLLOWER to CANDIDATE at term 0 for changeToCandidate
2021-11-14 01:04:33,269 [grpc-default-executor-1] INFO  server.RaftServer$Division (RaftServerImpl.java:requestVote(1046)) - e624a09e-d66f-4eff-951a-8f24e1213b58@group-B41A3219138A: receive requestVote(ELECTION, 8f64935f-b83c-4009-bc32-b4395deb71aa, group-B41A3219138A, 1, (t:0, i:0))
2021-11-14 01:04:33,290 [e624a09e-d66f-4eff-951a-8f24e1213b58@group-B41A3219138A-FollowerState] INFO  server.RaftServerConfigKeys (ConfUtils.java:logGet(44)) - raft.server.leaderelection.pre-vote = false (custom)
2021-11-14 01:04:33,290 [e624a09e-d66f-4eff-951a-8f24e1213b58@group-B41A3219138A-FollowerState] INFO  impl.RoleInfo (RoleInfo.java:updateAndGet(130)) - e624a09e-d66f-4eff-951a-8f24e1213b58: start e624a09e-d66f-4eff-951a-8f24e1213b58@group-B41A3219138A-LeaderElection108
2021-11-14 01:04:33,292 [grpc-default-executor-1] INFO  impl.VoteContext (VoteContext.java:log(48)) - e624a09e-d66f-4eff-951a-8f24e1213b58@group-B41A3219138A-CANDIDATE: accept ELECTION from 8f64935f-b83c-4009-bc32-b4395deb71aa: our priority 0 <= candidate's priority 0
2021-11-14 01:04:33,292 [grpc-default-executor-1] INFO  server.RaftServer$Division (RaftServerImpl.java:setRole(290)) - e624a09e-d66f-4eff-951a-8f24e1213b58@group-B41A3219138A: changes role from CANDIDATE to FOLLOWER at term 1 for candidate:8f64935f-b83c-4009-bc32-b4395deb71aa
2021-11-14 01:04:33,292 [grpc-default-executor-1] INFO  impl.RoleInfo (RoleInfo.java:shutdownLeaderElection(121)) - e624a09e-d66f-4eff-951a-8f24e1213b58: shutdown e624a09e-d66f-4eff-951a-8f24e1213b58@group-B41A3219138A-LeaderElection108
2021-11-14 01:04:33,292 [grpc-default-executor-1] INFO  impl.RoleInfo (RoleInfo.java:updateAndGet(130)) - e624a09e-d66f-4eff-951a-8f24e1213b58: start e624a09e-d66f-4eff-951a-8f24e1213b58@group-B41A3219138A-FollowerState
2021-11-14 01:04:33,293 [e624a09e-d66f-4eff-951a-8f24e1213b58@group-B41A3219138A-LeaderElection108] INFO  impl.LeaderElection (LeaderElection.java:run(230)) - e624a09e-d66f-4eff-951a-8f24e1213b58@group-B41A3219138A-LeaderElection108: skip running since this is already CLOSING
2021-11-14 01:04:33,300 [grpc-default-executor-1] INFO  server.RaftServer$Division (RaftServerImpl.java:requestVote(1078)) - e624a09e-d66f-4eff-951a-8f24e1213b58@group-B41A3219138A replies to ELECTION vote request: 8f64935f-b83c-4009-bc32-b4395deb71aa<-e624a09e-d66f-4eff-951a-8f24e1213b58#0:OK-t1. Peer's state: e624a09e-d66f-4eff-951a-8f24e1213b58@group-B41A3219138A:t1, leader=null, voted=8f64935f-b83c-4009-bc32-b4395deb71aa, raftlog=e624a09e-d66f-4eff-951a-8f24e1213b58@group-B41A3219138A-SegmentedRaftLog:OPENED:c-1, conf=-1: [e624a09e-d66f-4eff-951a-8f24e1213b58|rpc:10.1.0.47:41437|dataStream:|priority:0, 8f64935f-b83c-4009-bc32-b4395deb71aa|rpc:10.1.0.47:45069|dataStream:|priority:0, 5b42674d-a9fa-4183-866d-d0b91026c546|rpc:10.1.0.47:35089|dataStream:|priority:1], old=null
2021-11-14 01:04:33,329 [grpc-default-executor-1] INFO  server.RaftServer$Division (RaftServerImpl.java:requestVote(1046)) - 5b42674d-a9fa-4183-866d-d0b91026c546@group-B41A3219138A: receive requestVote(ELECTION, 8f64935f-b83c-4009-bc32-b4395deb71aa, group-B41A3219138A, 1, (t:0, i:0))
2021-11-14 01:04:33,329 [grpc-default-executor-1] INFO  impl.VoteContext (VoteContext.java:log(48)) - 5b42674d-a9fa-4183-866d-d0b91026c546@group-B41A3219138A-FOLLOWER: reject ELECTION from 8f64935f-b83c-4009-bc32-b4395deb71aa: our priority 1 > candidate's priority 0
2021-11-14 01:04:33,329 [grpc-default-executor-1] INFO  server.RaftServer$Division (RaftServerImpl.java:setRole(290)) - 5b42674d-a9fa-4183-866d-d0b91026c546@group-B41A3219138A: changes role from  FOLLOWER to FOLLOWER at term 1 for candidate:8f64935f-b83c-4009-bc32-b4395deb71aa
2021-11-14 01:04:33,329 [grpc-default-executor-1] INFO  impl.RoleInfo (RoleInfo.java:shutdownFollowerState(108)) - 5b42674d-a9fa-4183-866d-d0b91026c546: shutdown 5b42674d-a9fa-4183-866d-d0b91026c546@group-B41A3219138A-FollowerState
2021-11-14 01:04:33,330 [grpc-default-executor-1] INFO  impl.RoleInfo (RoleInfo.java:updateAndGet(130)) - 5b42674d-a9fa-4183-866d-d0b91026c546: start 5b42674d-a9fa-4183-866d-d0b91026c546@group-B41A3219138A-FollowerState
2021-11-14 01:04:33,330 [5b42674d-a9fa-4183-866d-d0b91026c546@group-B41A3219138A-FollowerState] INFO  impl.FollowerState (FollowerState.java:run(143)) - 5b42674d-a9fa-4183-866d-d0b91026c546@group-B41A3219138A-FollowerState was interrupted: {}
java.lang.InterruptedException: sleep interrupted
	at java.lang.Thread.sleep(Native Method)
	at java.lang.Thread.sleep(Thread.java:340)
	at java.util.concurrent.TimeUnit.sleep(TimeUnit.java:386)
	at org.apache.ratis.util.TimeDuration.sleep(TimeDuration.java:324)
	at org.apache.ratis.util.TimeDuration.sleep(TimeDuration.java:309)
	at org.apache.ratis.server.impl.FollowerState.run(FollowerState.java:118)
2021-11-14 01:04:33,358 [grpc-default-executor-1] INFO  server.RaftServer$Division (RaftServerImpl.java:requestVote(1078)) - 5b42674d-a9fa-4183-866d-d0b91026c546@group-B41A3219138A replies to ELECTION vote request: 8f64935f-b83c-4009-bc32-b4395deb71aa<-5b42674d-a9fa-4183-866d-d0b91026c546#0:FAIL-t1. Peer's state: 5b42674d-a9fa-4183-866d-d0b91026c546@group-B41A3219138A:t1, leader=null, voted=null, raftlog=5b42674d-a9fa-4183-866d-d0b91026c546@group-B41A3219138A-SegmentedRaftLog:OPENED:c-1, conf=-1: [e624a09e-d66f-4eff-951a-8f24e1213b58|rpc:10.1.0.47:41437|dataStream:|priority:0, 8f64935f-b83c-4009-bc32-b4395deb71aa|rpc:10.1.0.47:45069|dataStream:|priority:0, 5b42674d-a9fa-4183-866d-d0b91026c546|rpc:10.1.0.47:35089|dataStream:|priority:1], old=null
2021-11-14 01:04:33,360 [8f64935f-b83c-4009-bc32-b4395deb71aa@group-B41A3219138A-LeaderElection107] INFO  impl.LeaderElection (LeaderElection.java:logAndReturn(89)) - 8f64935f-b83c-4009-bc32-b4395deb71aa@group-B41A3219138A-LeaderElection107: ELECTION REJECTED received 2 response(s) and 0 exception(s):
2021-11-14 01:04:33,360 [8f64935f-b83c-4009-bc32-b4395deb71aa@group-B41A3219138A-LeaderElection107] INFO  impl.LeaderElection (LeaderElection.java:logAndReturn(93)) -   Response 0: 8f64935f-b83c-4009-bc32-b4395deb71aa<-e624a09e-d66f-4eff-951a-8f24e1213b58#0:OK-t1
2021-11-14 01:04:33,360 [8f64935f-b83c-4009-bc32-b4395deb71aa@group-B41A3219138A-LeaderElection107] INFO  impl.LeaderElection (LeaderElection.java:logAndReturn(93)) -   Response 1: 8f64935f-b83c-4009-bc32-b4395deb71aa<-5b42674d-a9fa-4183-866d-d0b91026c546#0:FAIL-t1
2021-11-14 01:04:33,360 [8f64935f-b83c-4009-bc32-b4395deb71aa@group-B41A3219138A-LeaderElection107] INFO  impl.LeaderElection (LeaderElection.java:askForVotes(308)) - 8f64935f-b83c-4009-bc32-b4395deb71aa@group-B41A3219138A-LeaderElection107 ELECTION round 0: result REJECTED
2021-11-14 01:04:33,360 [8f64935f-b83c-4009-bc32-b4395deb71aa@group-B41A3219138A-LeaderElection107] INFO  server.RaftServer$Division (RaftServerImpl.java:setRole(290)) - 8f64935f-b83c-4009-bc32-b4395deb71aa@group-B41A3219138A: changes role from CANDIDATE to FOLLOWER at term 1 for REJECTED
2021-11-14 01:04:33,360 [8f64935f-b83c-4009-bc32-b4395deb71aa@group-B41A3219138A-LeaderElection107] INFO  impl.RoleInfo (RoleInfo.java:shutdownLeaderElection(121)) - 8f64935f-b83c-4009-bc32-b4395deb71aa: shutdown 8f64935f-b83c-4009-bc32-b4395deb71aa@group-B41A3219138A-LeaderElection107
2021-11-14 01:04:33,360 [8f64935f-b83c-4009-bc32-b4395deb71aa@group-B41A3219138A-LeaderElection107] INFO  impl.RoleInfo (RoleInfo.java:updateAndGet(130)) - 8f64935f-b83c-4009-bc32-b4395deb71aa: start 8f64935f-b83c-4009-bc32-b4395deb71aa@group-B41A3219138A-FollowerState
2021-11-14 01:04:33,553 [5b42674d-a9fa-4183-866d-d0b91026c546@group-49E67502BCBE-FollowerState] INFO  impl.FollowerState (FollowerState.java:run(134)) - 5b42674d-a9fa-4183-866d-d0b91026c546@group-49E67502BCBE-FollowerState: change to CANDIDATE, lastRpcElapsedTime:5161804081ns, electionTimeout:5152ms
2021-11-14 01:04:33,553 [5b42674d-a9fa-4183-866d-d0b91026c546@group-49E67502BCBE-FollowerState] INFO  impl.RoleInfo (RoleInfo.java:shutdownFollowerState(108)) - 5b42674d-a9fa-4183-866d-d0b91026c546: shutdown 5b42674d-a9fa-4183-866d-d0b91026c546@group-49E67502BCBE-FollowerState
2021-11-14 01:04:33,553 [5b42674d-a9fa-4183-866d-d0b91026c546@group-49E67502BCBE-FollowerState] INFO  server.RaftServer$Division (RaftServerImpl.java:setRole(290)) - 5b42674d-a9fa-4183-866d-d0b91026c546@group-49E67502BCBE: changes role from  FOLLOWER to CANDIDATE at term 0 for changeToCandidate
2021-11-14 01:04:33,559 [5b42674d-a9fa-4183-866d-d0b91026c546@group-49E67502BCBE-FollowerState] INFO  server.RaftServerConfigKeys (ConfUtils.java:logGet(44)) - raft.server.leaderelection.pre-vote = false (custom)
2021-11-14 01:04:33,559 [5b42674d-a9fa-4183-866d-d0b91026c546@group-49E67502BCBE-FollowerState] INFO  impl.RoleInfo (RoleInfo.java:updateAndGet(130)) - 5b42674d-a9fa-4183-866d-d0b91026c546: start 5b42674d-a9fa-4183-866d-d0b91026c546@group-49E67502BCBE-LeaderElection109
2021-11-14 01:04:33,589 [5b42674d-a9fa-4183-866d-d0b91026c546@group-49E67502BCBE-LeaderElection109] INFO  impl.LeaderElection (LeaderElection.java:askForVotes(306)) - 5b42674d-a9fa-4183-866d-d0b91026c546@group-49E67502BCBE-LeaderElection109 ELECTION round 0: submit vote requests at term 1 for -1: [5b42674d-a9fa-4183-866d-d0b91026c546|rpc:10.1.0.47:35089|priority:1], old=null
2021-11-14 01:04:33,589 [5b42674d-a9fa-4183-866d-d0b91026c546@group-49E67502BCBE-LeaderElection109] INFO  impl.LeaderElection (LeaderElection.java:askForVotes(308)) - 5b42674d-a9fa-4183-866d-d0b91026c546@group-49E67502BCBE-LeaderElection109 ELECTION round 0: result PASSED (term=1)
2021-11-14 01:04:33,589 [5b42674d-a9fa-4183-866d-d0b91026c546@group-49E67502BCBE-LeaderElection109] INFO  impl.RoleInfo (RoleInfo.java:shutdownLeaderElection(121)) - 5b42674d-a9fa-4183-866d-d0b91026c546: shutdown 5b42674d-a9fa-4183-866d-d0b91026c546@group-49E67502BCBE-LeaderElection109
2021-11-14 01:04:33,589 [5b42674d-a9fa-4183-866d-d0b91026c546@group-49E67502BCBE-LeaderElection109] INFO  server.RaftServer$Division (RaftServerImpl.java:setRole(290)) - 5b42674d-a9fa-4183-866d-d0b91026c546@group-49E67502BCBE: changes role from CANDIDATE to LEADER at term 1 for changeToLeader
2021-11-14 01:04:33,589 [5b42674d-a9fa-4183-866d-d0b91026c546@group-49E67502BCBE-LeaderElection109] INFO  ratis.XceiverServerRatis (XceiverServerRatis.java:handleLeaderChangedNotification(866)) - Leader change notification received for group: group-49E67502BCBE with new leaderId: 5b42674d-a9fa-4183-866d-d0b91026c546
2021-11-14 01:04:33,590 [5b42674d-a9fa-4183-866d-d0b91026c546@group-49E67502BCBE-LeaderElection109] INFO  server.RaftServer$Division (ServerState.java:setLeader(285)) - 5b42674d-a9fa-4183-866d-d0b91026c546@group-49E67502BCBE: change Leader from null to 5b42674d-a9fa-4183-866d-d0b91026c546 at term 1 for becomeLeader, leader elected after 5249ms
2021-11-14 01:04:33,590 [5b42674d-a9fa-4183-866d-d0b91026c546@group-49E67502BCBE-LeaderElection109] INFO  server.RaftServerConfigKeys (ConfUtils.java:logGet(44)) - raft.server.staging.catchup.gap = 1000 (default)
2021-11-14 01:04:33,592 [5b42674d-a9fa-4183-866d-d0b91026c546@group-49E67502BCBE-LeaderElection109] INFO  server.RaftServerConfigKeys (ConfUtils.java:logGet(44)) - raft.server.write.element-limit = 1024 (custom)
2021-11-14 01:04:33,593 [5b42674d-a9fa-4183-866d-d0b91026c546@group-49E67502BCBE-LeaderElection109] INFO  server.RaftServerConfigKeys (ConfUtils.java:logGet(44)) - raft.server.write.byte-limit = 1024 M (=1073741824) (custom)
2021-11-14 01:04:33,593 [5b42674d-a9fa-4183-866d-d0b91026c546@group-49E67502BCBE-LeaderElection109] INFO  server.RaftServerConfigKeys (ConfUtils.java:logGet(44)) - raft.server.watch.timeout = 3000ms (custom)
2021-11-14 01:04:33,593 [5b42674d-a9fa-4183-866d-d0b91026c546@group-49E67502BCBE-LeaderElection109] INFO  server.RaftServerConfigKeys (ConfUtils.java:logGet(44)) - raft.server.watch.timeout.denomination = 1s (default)
2021-11-14 01:04:33,594 [5b42674d-a9fa-4183-866d-d0b91026c546@group-49E67502BCBE-LeaderElection109] INFO  server.RaftServerConfigKeys (ConfUtils.java:logGet(44)) - raft.server.watch.element-limit = 65536 (default)
2021-11-14 01:04:33,594 [5b42674d-a9fa-4183-866d-d0b91026c546@group-49E67502BCBE-LeaderElection109] INFO  server.RaftServerConfigKeys (ConfUtils.java:logGet(44)) - raft.server.write.element-limit = 1024 (custom)
2021-11-14 01:04:33,594 [5b42674d-a9fa-4183-866d-d0b91026c546@group-49E67502BCBE-LeaderElection109] INFO  server.RaftServerConfigKeys (ConfUtils.java:logGet(44)) - raft.server.write.follower.gap.ratio.max = -1.0 (default)
2021-11-14 01:04:33,594 [5b42674d-a9fa-4183-866d-d0b91026c546@group-49E67502BCBE-LeaderElection109] INFO  impl.RoleInfo (RoleInfo.java:updateAndGet(130)) - 5b42674d-a9fa-4183-866d-d0b91026c546: start 5b42674d-a9fa-4183-866d-d0b91026c546@group-49E67502BCBE-LeaderStateImpl
2021-11-14 01:04:33,595 [5b42674d-a9fa-4183-866d-d0b91026c546@group-49E67502BCBE-LeaderElection109] INFO  segmented.SegmentedRaftLogWorker (SegmentedRaftLogWorker.java:startLogSegment(394)) - 5b42674d-a9fa-4183-866d-d0b91026c546@group-49E67502BCBE-SegmentedRaftLogWorker: Starting segment from index:0
2021-11-14 01:04:33,596 [5b42674d-a9fa-4183-866d-d0b91026c546@group-49E67502BCBE-SegmentedRaftLogWorker] INFO  segmented.SegmentedRaftLogWorker (SegmentedRaftLogWorker.java:execute(601)) - 5b42674d-a9fa-4183-866d-d0b91026c546@group-49E67502BCBE-SegmentedRaftLogWorker: created new log segment /home/runner/work/ozone/ozone/hadoop-ozone/integration-test/target/test-dir/MiniOzoneClusterImpl-5b6cbd2a-2976-43bc-8d1c-e3ca86cddeeb/datanode-4/data/ratis/73954cd4-b9e7-4cf0-9245-49e67502bcbe/current/log_inprogress_0
2021-11-14 01:04:33,616 [5b42674d-a9fa-4183-866d-d0b91026c546@group-49E67502BCBE-LeaderElection109] INFO  server.RaftServer$Division (ServerState.java:setRaftConf(387)) - 5b42674d-a9fa-4183-866d-d0b91026c546@group-49E67502BCBE: set configuration 0: [5b42674d-a9fa-4183-866d-d0b91026c546|rpc:10.1.0.47:35089|dataStream:|priority:1], old=null
2021-11-14 01:04:33,672 [5b42674d-a9fa-4183-866d-d0b91026c546@group-B8A997D08E4F-FollowerState] INFO  impl.FollowerState (FollowerState.java:run(134)) - 5b42674d-a9fa-4183-866d-d0b91026c546@group-B8A997D08E4F-FollowerState: change to CANDIDATE, lastRpcElapsedTime:5150243467ns, electionTimeout:5047ms
2021-11-14 01:04:33,673 [5b42674d-a9fa-4183-866d-d0b91026c546@group-B8A997D08E4F-FollowerState] INFO  impl.RoleInfo (RoleInfo.java:shutdownFollowerState(108)) - 5b42674d-a9fa-4183-866d-d0b91026c546: shutdown 5b42674d-a9fa-4183-866d-d0b91026c546@group-B8A997D08E4F-FollowerState
2021-11-14 01:04:33,673 [5b42674d-a9fa-4183-866d-d0b91026c546@group-B8A997D08E4F-FollowerState] INFO  server.RaftServer$Division (RaftServerImpl.java:setRole(290)) - 5b42674d-a9fa-4183-866d-d0b91026c546@group-B8A997D08E4F: changes role from  FOLLOWER to CANDIDATE at term 0 for changeToCandidate
2021-11-14 01:04:33,673 [5b42674d-a9fa-4183-866d-d0b91026c546@group-B8A997D08E4F-FollowerState] INFO  server.RaftServerConfigKeys (ConfUtils.java:logGet(44)) - raft.server.leaderelection.pre-vote = false (custom)
2021-11-14 01:04:33,673 [5b42674d-a9fa-4183-866d-d0b91026c546@group-B8A997D08E4F-FollowerState] INFO  impl.RoleInfo (RoleInfo.java:updateAndGet(130)) - 5b42674d-a9fa-4183-866d-d0b91026c546: start 5b42674d-a9fa-4183-866d-d0b91026c546@group-B8A997D08E4F-LeaderElection110
2021-11-14 01:04:33,695 [8f64935f-b83c-4009-bc32-b4395deb71aa@group-B8A997D08E4F-FollowerState] INFO  impl.FollowerState (FollowerState.java:run(134)) - 8f64935f-b83c-4009-bc32-b4395deb71aa@group-B8A997D08E4F-FollowerState: change to CANDIDATE, lastRpcElapsedTime:5200248828ns, electionTimeout:5175ms
2021-11-14 01:04:33,695 [8f64935f-b83c-4009-bc32-b4395deb71aa@group-B8A997D08E4F-FollowerState] INFO  impl.RoleInfo (RoleInfo.java:shutdownFollowerState(108)) - 8f64935f-b83c-4009-bc32-b4395deb71aa: shutdown 8f64935f-b83c-4009-bc32-b4395deb71aa@group-B8A997D08E4F-FollowerState
2021-11-14 01:04:33,695 [8f64935f-b83c-4009-bc32-b4395deb71aa@group-B8A997D08E4F-FollowerState] INFO  server.RaftServer$Division (RaftServerImpl.java:setRole(290)) - 8f64935f-b83c-4009-bc32-b4395deb71aa@group-B8A997D08E4F: changes role from  FOLLOWER to CANDIDATE at term 0 for changeToCandidate
2021-11-14 01:04:33,695 [8f64935f-b83c-4009-bc32-b4395deb71aa@group-B8A997D08E4F-FollowerState] INFO  server.RaftServerConfigKeys (ConfUtils.java:logGet(44)) - raft.server.leaderelection.pre-vote = false (custom)
2021-11-14 01:04:33,695 [8f64935f-b83c-4009-bc32-b4395deb71aa@group-B8A997D08E4F-FollowerState] INFO  impl.RoleInfo (RoleInfo.java:updateAndGet(130)) - 8f64935f-b83c-4009-bc32-b4395deb71aa: start 8f64935f-b83c-4009-bc32-b4395deb71aa@group-B8A997D08E4F-LeaderElection111
2021-11-14 01:04:33,724 [5b42674d-a9fa-4183-866d-d0b91026c546@group-B8A997D08E4F-LeaderElection110] INFO  impl.LeaderElection (LeaderElection.java:askForVotes(306)) - 5b42674d-a9fa-4183-866d-d0b91026c546@group-B8A997D08E4F-LeaderElection110 ELECTION round 0: submit vote requests at term 1 for -1: [e624a09e-d66f-4eff-951a-8f24e1213b58|rpc:10.1.0.47:41437|priority:0, 8f64935f-b83c-4009-bc32-b4395deb71aa|rpc:10.1.0.47:45069|priority:1, 5b42674d-a9fa-4183-866d-d0b91026c546|rpc:10.1.0.47:35089|priority:0], old=null
2021-11-14 01:04:33,737 [8f64935f-b83c-4009-bc32-b4395deb71aa@group-B8A997D08E4F-LeaderElection111] INFO  impl.LeaderElection (LeaderElection.java:askForVotes(306)) - 8f64935f-b83c-4009-bc32-b4395deb71aa@group-B8A997D08E4F-LeaderElection111 ELECTION round 0: submit vote requests at term 1 for -1: [e624a09e-d66f-4eff-951a-8f24e1213b58|rpc:10.1.0.47:41437|priority:0, 8f64935f-b83c-4009-bc32-b4395deb71aa|rpc:10.1.0.47:45069|priority:1, 5b42674d-a9fa-4183-866d-d0b91026c546|rpc:10.1.0.47:35089|priority:0], old=null
2021-11-14 01:04:33,758 [grpc-default-executor-1] INFO  server.RaftServer$Division (RaftServerImpl.java:requestVote(1046)) - e624a09e-d66f-4eff-951a-8f24e1213b58@group-B8A997D08E4F: receive requestVote(ELECTION, 8f64935f-b83c-4009-bc32-b4395deb71aa, group-B8A997D08E4F, 1, (t:0, i:0))
2021-11-14 01:04:33,759 [grpc-default-executor-1] INFO  impl.VoteContext (VoteContext.java:log(48)) - e624a09e-d66f-4eff-951a-8f24e1213b58@group-B8A997D08E4F-FOLLOWER: accept ELECTION from 8f64935f-b83c-4009-bc32-b4395deb71aa: our priority 0 <= candidate's priority 1
2021-11-14 01:04:33,759 [grpc-default-executor-1] INFO  server.RaftServer$Division (RaftServerImpl.java:setRole(290)) - e624a09e-d66f-4eff-951a-8f24e1213b58@group-B8A997D08E4F: changes role from  FOLLOWER to FOLLOWER at term 1 for candidate:8f64935f-b83c-4009-bc32-b4395deb71aa
2021-11-14 01:04:33,759 [grpc-default-executor-1] INFO  impl.RoleInfo (RoleInfo.java:shutdownFollowerState(108)) - e624a09e-d66f-4eff-951a-8f24e1213b58: shutdown e624a09e-d66f-4eff-951a-8f24e1213b58@group-B8A997D08E4F-FollowerState
2021-11-14 01:04:33,759 [grpc-default-executor-1] INFO  impl.RoleInfo (RoleInfo.java:updateAndGet(130)) - e624a09e-d66f-4eff-951a-8f24e1213b58: start e624a09e-d66f-4eff-951a-8f24e1213b58@group-B8A997D08E4F-FollowerState
2021-11-14 01:04:33,759 [e624a09e-d66f-4eff-951a-8f24e1213b58@group-B8A997D08E4F-FollowerState] INFO  impl.FollowerState (FollowerState.java:run(143)) - e624a09e-d66f-4eff-951a-8f24e1213b58@group-B8A997D08E4F-FollowerState was interrupted: {}
java.lang.InterruptedException: sleep interrupted
	at java.lang.Thread.sleep(Native Method)
	at java.lang.Thread.sleep(Thread.java:340)
	at java.util.concurrent.TimeUnit.sleep(TimeUnit.java:386)
	at org.apache.ratis.util.TimeDuration.sleep(TimeDuration.java:324)
	at org.apache.ratis.util.TimeDuration.sleep(TimeDuration.java:309)
	at org.apache.ratis.server.impl.FollowerState.run(FollowerState.java:118)
2021-11-14 01:04:33,761 [grpc-default-executor-4] INFO  server.RaftServer$Division (RaftServerImpl.java:requestVote(1046)) - e624a09e-d66f-4eff-951a-8f24e1213b58@group-B8A997D08E4F: receive requestVote(ELECTION, 5b42674d-a9fa-4183-866d-d0b91026c546, group-B8A997D08E4F, 1, (t:0, i:0))
2021-11-14 01:04:33,763 [grpc-default-executor-0] INFO  server.RaftServer$Division (RaftServerImpl.java:requestVote(1046)) - 8f64935f-b83c-4009-bc32-b4395deb71aa@group-B8A997D08E4F: receive requestVote(ELECTION, 5b42674d-a9fa-4183-866d-d0b91026c546, group-B8A997D08E4F, 1, (t:0, i:0))
2021-11-14 01:04:33,763 [grpc-default-executor-0] INFO  impl.VoteContext (VoteContext.java:log(48)) - 8f64935f-b83c-4009-bc32-b4395deb71aa@group-B8A997D08E4F-CANDIDATE: reject ELECTION from 5b42674d-a9fa-4183-866d-d0b91026c546: already has voted for 8f64935f-b83c-4009-bc32-b4395deb71aa at current term 1
2021-11-14 01:04:33,763 [grpc-default-executor-0] INFO  server.RaftServer$Division (RaftServerImpl.java:requestVote(1078)) - 8f64935f-b83c-4009-bc32-b4395deb71aa@group-B8A997D08E4F replies to ELECTION vote request: 5b42674d-a9fa-4183-866d-d0b91026c546<-8f64935f-b83c-4009-bc32-b4395deb71aa#0:FAIL-t1. Peer's state: 8f64935f-b83c-4009-bc32-b4395deb71aa@group-B8A997D08E4F:t1, leader=null, voted=8f64935f-b83c-4009-bc32-b4395deb71aa, raftlog=8f64935f-b83c-4009-bc32-b4395deb71aa@group-B8A997D08E4F-SegmentedRaftLog:OPENED:c-1, conf=-1: [e624a09e-d66f-4eff-951a-8f24e1213b58|rpc:10.1.0.47:41437|priority:0, 8f64935f-b83c-4009-bc32-b4395deb71aa|rpc:10.1.0.47:45069|priority:1, 5b42674d-a9fa-4183-866d-d0b91026c546|rpc:10.1.0.47:35089|priority:0], old=null
2021-11-14 01:04:33,769 [grpc-default-executor-1] INFO  server.RaftServer$Division (RaftServerImpl.java:requestVote(1078)) - e624a09e-d66f-4eff-951a-8f24e1213b58@group-B8A997D08E4F replies to ELECTION vote request: 8f64935f-b83c-4009-bc32-b4395deb71aa<-e624a09e-d66f-4eff-951a-8f24e1213b58#0:OK-t1. Peer's state: e624a09e-d66f-4eff-951a-8f24e1213b58@group-B8A997D08E4F:t1, leader=null, voted=8f64935f-b83c-4009-bc32-b4395deb71aa, raftlog=e624a09e-d66f-4eff-951a-8f24e1213b58@group-B8A997D08E4F-SegmentedRaftLog:OPENED:c-1, conf=-1: [e624a09e-d66f-4eff-951a-8f24e1213b58|rpc:10.1.0.47:41437|dataStream:|priority:0, 8f64935f-b83c-4009-bc32-b4395deb71aa|rpc:10.1.0.47:45069|dataStream:|priority:1, 5b42674d-a9fa-4183-866d-d0b91026c546|rpc:10.1.0.47:35089|dataStream:|priority:0], old=null
2021-11-14 01:04:33,801 [grpc-default-executor-4] INFO  impl.VoteContext (VoteContext.java:log(48)) - e624a09e-d66f-4eff-951a-8f24e1213b58@group-B8A997D08E4F-FOLLOWER: reject ELECTION from 5b42674d-a9fa-4183-866d-d0b91026c546: already has voted for 8f64935f-b83c-4009-bc32-b4395deb71aa at current term 1
2021-11-14 01:04:33,801 [grpc-default-executor-4] INFO  server.RaftServer$Division (RaftServerImpl.java:requestVote(1078)) - e624a09e-d66f-4eff-951a-8f24e1213b58@group-B8A997D08E4F replies to ELECTION vote request: 5b42674d-a9fa-4183-866d-d0b91026c546<-e624a09e-d66f-4eff-951a-8f24e1213b58#0:FAIL-t1. Peer's state: e624a09e-d66f-4eff-951a-8f24e1213b58@group-B8A997D08E4F:t1, leader=null, voted=8f64935f-b83c-4009-bc32-b4395deb71aa, raftlog=e624a09e-d66f-4eff-951a-8f24e1213b58@group-B8A997D08E4F-SegmentedRaftLog:OPENED:c-1, conf=-1: [e624a09e-d66f-4eff-951a-8f24e1213b58|rpc:10.1.0.47:41437|dataStream:|priority:0, 8f64935f-b83c-4009-bc32-b4395deb71aa|rpc:10.1.0.47:45069|dataStream:|priority:1, 5b42674d-a9fa-4183-866d-d0b91026c546|rpc:10.1.0.47:35089|dataStream:|priority:0], old=null
2021-11-14 01:04:33,806 [5b42674d-a9fa-4183-866d-d0b91026c546@group-B8A997D08E4F-LeaderElection110] INFO  impl.LeaderElection (LeaderElection.java:logAndReturn(89)) - 5b42674d-a9fa-4183-866d-d0b91026c546@group-B8A997D08E4F-LeaderElection110: ELECTION REJECTED received 1 response(s) and 0 exception(s):
2021-11-14 01:04:33,806 [5b42674d-a9fa-4183-866d-d0b91026c546@group-B8A997D08E4F-LeaderElection110] INFO  impl.LeaderElection (LeaderElection.java:logAndReturn(93)) -   Response 0: 5b42674d-a9fa-4183-866d-d0b91026c546<-8f64935f-b83c-4009-bc32-b4395deb71aa#0:FAIL-t1
2021-11-14 01:04:33,806 [5b42674d-a9fa-4183-866d-d0b91026c546@group-B8A997D08E4F-LeaderElection110] INFO  impl.LeaderElection (LeaderElection.java:askForVotes(308)) - 5b42674d-a9fa-4183-866d-d0b91026c546@group-B8A997D08E4F-LeaderElection110 ELECTION round 0: result REJECTED
2021-11-14 01:04:33,806 [5b42674d-a9fa-4183-866d-d0b91026c546@group-B8A997D08E4F-LeaderElection110] INFO  server.RaftServer$Division (RaftServerImpl.java:setRole(290)) - 5b42674d-a9fa-4183-866d-d0b91026c546@group-B8A997D08E4F: changes role from CANDIDATE to FOLLOWER at term 1 for REJECTED
2021-11-14 01:04:33,806 [5b42674d-a9fa-4183-866d-d0b91026c546@group-B8A997D08E4F-LeaderElection110] INFO  impl.RoleInfo (RoleInfo.java:shutdownLeaderElection(121)) - 5b42674d-a9fa-4183-866d-d0b91026c546: shutdown 5b42674d-a9fa-4183-866d-d0b91026c546@group-B8A997D08E4F-LeaderElection110
2021-11-14 01:04:33,806 [5b42674d-a9fa-4183-866d-d0b91026c546@group-B8A997D08E4F-LeaderElection110] INFO  impl.RoleInfo (RoleInfo.java:updateAndGet(130)) - 5b42674d-a9fa-4183-866d-d0b91026c546: start 5b42674d-a9fa-4183-866d-d0b91026c546@group-B8A997D08E4F-FollowerState
2021-11-14 01:04:33,836 [8f64935f-b83c-4009-bc32-b4395deb71aa@group-B8A997D08E4F-LeaderElection111] INFO  impl.LeaderElection (LeaderElection.java:logAndReturn(89)) - 8f64935f-b83c-4009-bc32-b4395deb71aa@group-B8A997D08E4F-LeaderElection111: ELECTION PASSED received 1 response(s) and 0 exception(s):
2021-11-14 01:04:33,836 [8f64935f-b83c-4009-bc32-b4395deb71aa@group-B8A997D08E4F-LeaderElection111] INFO  impl.LeaderElection (LeaderElection.java:logAndReturn(93)) -   Response 0: 8f64935f-b83c-4009-bc32-b4395deb71aa<-e624a09e-d66f-4eff-951a-8f24e1213b58#0:OK-t1
2021-11-14 01:04:33,836 [8f64935f-b83c-4009-bc32-b4395deb71aa@group-B8A997D08E4F-LeaderElection111] INFO  impl.LeaderElection (LeaderElection.java:askForVotes(308)) - 8f64935f-b83c-4009-bc32-b4395deb71aa@group-B8A997D08E4F-LeaderElection111 ELECTION round 0: result PASSED
2021-11-14 01:04:33,836 [8f64935f-b83c-4009-bc32-b4395deb71aa@group-B8A997D08E4F-LeaderElection111] INFO  impl.RoleInfo (RoleInfo.java:shutdownLeaderElection(121)) - 8f64935f-b83c-4009-bc32-b4395deb71aa: shutdown 8f64935f-b83c-4009-bc32-b4395deb71aa@group-B8A997D08E4F-LeaderElection111
2021-11-14 01:04:33,836 [8f64935f-b83c-4009-bc32-b4395deb71aa@group-B8A997D08E4F-LeaderElection111] INFO  server.RaftServer$Division (RaftServerImpl.java:setRole(290)) - 8f64935f-b83c-4009-bc32-b4395deb71aa@group-B8A997D08E4F: changes role from CANDIDATE to LEADER at term 1 for changeToLeader
2021-11-14 01:04:33,836 [8f64935f-b83c-4009-bc32-b4395deb71aa@group-B8A997D08E4F-LeaderElection111] INFO  ratis.XceiverServerRatis (XceiverServerRatis.java:handleLeaderChangedNotification(866)) - Leader change notification received for group: group-B8A997D08E4F with new leaderId: 8f64935f-b83c-4009-bc32-b4395deb71aa
2021-11-14 01:04:33,836 [8f64935f-b83c-4009-bc32-b4395deb71aa@group-B8A997D08E4F-LeaderElection111] INFO  server.RaftServer$Division (ServerState.java:setLeader(285)) - 8f64935f-b83c-4009-bc32-b4395deb71aa@group-B8A997D08E4F: change Leader from null to 8f64935f-b83c-4009-bc32-b4395deb71aa at term 1 for becomeLeader, leader elected after 5393ms
2021-11-14 01:04:33,836 [8f64935f-b83c-4009-bc32-b4395deb71aa@group-B8A997D08E4F-LeaderElection111] INFO  server.RaftServerConfigKeys (ConfUtils.java:logGet(44)) - raft.server.staging.catchup.gap = 1000 (default)
2021-11-14 01:04:33,836 [8f64935f-b83c-4009-bc32-b4395deb71aa@group-B8A997D08E4F-LeaderElection111] INFO  server.RaftServerConfigKeys (ConfUtils.java:logGet(44)) - raft.server.write.element-limit = 1024 (custom)
2021-11-14 01:04:33,836 [8f64935f-b83c-4009-bc32-b4395deb71aa@group-B8A997D08E4F-LeaderElection111] INFO  server.RaftServerConfigKeys (ConfUtils.java:logGet(44)) - raft.server.write.byte-limit = 1024 M (=1073741824) (custom)
2021-11-14 01:04:33,837 [8f64935f-b83c-4009-bc32-b4395deb71aa@group-B8A997D08E4F-LeaderElection111] INFO  server.RaftServerConfigKeys (ConfUtils.java:logGet(44)) - raft.server.watch.timeout = 3000ms (custom)
2021-11-14 01:04:33,837 [grpc-default-executor-4] INFO  server.RaftServer$Division (RaftServerImpl.java:requestVote(1046)) - 5b42674d-a9fa-4183-866d-d0b91026c546@group-B8A997D08E4F: receive requestVote(ELECTION, 8f64935f-b83c-4009-bc32-b4395deb71aa, group-B8A997D08E4F, 1, (t:0, i:0))
2021-11-14 01:04:33,837 [grpc-default-executor-4] INFO  impl.VoteContext (VoteContext.java:log(48)) - 5b42674d-a9fa-4183-866d-d0b91026c546@group-B8A997D08E4F-FOLLOWER: reject ELECTION from 8f64935f-b83c-4009-bc32-b4395deb71aa: already has voted for 5b42674d-a9fa-4183-866d-d0b91026c546 at current term 1
2021-11-14 01:04:33,837 [grpc-default-executor-4] INFO  server.RaftServer$Division (RaftServerImpl.java:requestVote(1078)) - 5b42674d-a9fa-4183-866d-d0b91026c546@group-B8A997D08E4F replies to ELECTION vote request: 8f64935f-b83c-4009-bc32-b4395deb71aa<-5b42674d-a9fa-4183-866d-d0b91026c546#0:FAIL-t1. Peer's state: 5b42674d-a9fa-4183-866d-d0b91026c546@group-B8A997D08E4F:t1, leader=null, voted=5b42674d-a9fa-4183-866d-d0b91026c546, raftlog=5b42674d-a9fa-4183-866d-d0b91026c546@group-B8A997D08E4F-SegmentedRaftLog:OPENED:c-1, conf=-1: [e624a09e-d66f-4eff-951a-8f24e1213b58|rpc:10.1.0.47:41437|priority:0, 8f64935f-b83c-4009-bc32-b4395deb71aa|rpc:10.1.0.47:45069|priority:1, 5b42674d-a9fa-4183-866d-d0b91026c546|rpc:10.1.0.47:35089|priority:0], old=null
2021-11-14 01:04:33,837 [8f64935f-b83c-4009-bc32-b4395deb71aa@group-B8A997D08E4F-LeaderElection111] INFO  server.RaftServerConfigKeys (ConfUtils.java:logGet(44)) - raft.server.watch.timeout.denomination = 1s (default)
2021-11-14 01:04:33,837 [8f64935f-b83c-4009-bc32-b4395deb71aa@group-B8A997D08E4F-LeaderElection111] INFO  server.RaftServerConfigKeys (ConfUtils.java:logGet(44)) - raft.server.watch.element-limit = 65536 (default)
2021-11-14 01:04:33,838 [8f64935f-b83c-4009-bc32-b4395deb71aa@group-B8A997D08E4F-LeaderElection111] INFO  server.RaftServerConfigKeys (ConfUtils.java:logGet(44)) - raft.server.write.element-limit = 1024 (custom)
2021-11-14 01:04:33,838 [8f64935f-b83c-4009-bc32-b4395deb71aa@group-B8A997D08E4F-LeaderElection111] INFO  server.RaftServerConfigKeys (ConfUtils.java:logGet(44)) - raft.server.write.follower.gap.ratio.max = -1.0 (default)
2021-11-14 01:04:33,838 [8f64935f-b83c-4009-bc32-b4395deb71aa@group-B8A997D08E4F-LeaderElection111] INFO  server.RaftServerConfigKeys (ConfUtils.java:logGet(44)) - raft.server.log.appender.snapshot.chunk.size.max = 16MB (=16777216) (default)
2021-11-14 01:04:33,838 [8f64935f-b83c-4009-bc32-b4395deb71aa@group-B8A997D08E4F-LeaderElection111] INFO  server.RaftServerConfigKeys (ConfUtils.java:logGet(44)) - raft.server.log.appender.buffer.byte-limit = 33554432 (custom)
2021-11-14 01:04:33,838 [8f64935f-b83c-4009-bc32-b4395deb71aa@group-B8A997D08E4F-LeaderElection111] INFO  server.RaftServerConfigKeys (ConfUtils.java:logGet(44)) - raft.server.log.appender.buffer.element-limit = 1 (custom)
2021-11-14 01:04:33,838 [8f64935f-b83c-4009-bc32-b4395deb71aa@group-B8A997D08E4F-LeaderElection111] INFO  grpc.GrpcConfigKeys (ConfUtils.java:logGet(44)) - raft.grpc.server.leader.outstanding.appends.max = 128 (default)
2021-11-14 01:04:33,838 [8f64935f-b83c-4009-bc32-b4395deb71aa@group-B8A997D08E4F-LeaderElection111] INFO  server.RaftServerConfigKeys (ConfUtils.java:logGet(44)) - raft.server.rpc.request.timeout = 3000ms (default)
2021-11-14 01:04:33,838 [8f64935f-b83c-4009-bc32-b4395deb71aa@group-B8A997D08E4F-LeaderElection111] INFO  server.RaftServerConfigKeys (ConfUtils.java:logGet(44)) - raft.server.log.appender.install.snapshot.enabled = false (custom)
2021-11-14 01:04:33,839 [8f64935f-b83c-4009-bc32-b4395deb71aa@group-B8A997D08E4F-LeaderElection111] INFO  server.RaftServerConfigKeys (ConfUtils.java:logGet(44)) - raft.server.log.appender.snapshot.chunk.size.max = 16MB (=16777216) (default)
2021-11-14 01:04:33,840 [8f64935f-b83c-4009-bc32-b4395deb71aa@group-B8A997D08E4F-LeaderElection111] INFO  server.RaftServerConfigKeys (ConfUtils.java:logGet(44)) - raft.server.log.appender.buffer.byte-limit = 33554432 (custom)
2021-11-14 01:04:33,840 [8f64935f-b83c-4009-bc32-b4395deb71aa@group-B8A997D08E4F-LeaderElection111] INFO  server.RaftServerConfigKeys (ConfUtils.java:logGet(44)) - raft.server.log.appender.buffer.element-limit = 1 (custom)
2021-11-14 01:04:33,840 [8f64935f-b83c-4009-bc32-b4395deb71aa@group-B8A997D08E4F-LeaderElection111] INFO  grpc.GrpcConfigKeys (ConfUtils.java:logGet(44)) - raft.grpc.server.leader.outstanding.appends.max = 128 (default)
2021-11-14 01:04:33,840 [8f64935f-b83c-4009-bc32-b4395deb71aa@group-B8A997D08E4F-LeaderElection111] INFO  server.RaftServerConfigKeys (ConfUtils.java:logGet(44)) - raft.server.rpc.request.timeout = 3000ms (default)
2021-11-14 01:04:33,840 [8f64935f-b83c-4009-bc32-b4395deb71aa@group-B8A997D08E4F-LeaderElection111] INFO  server.RaftServerConfigKeys (ConfUtils.java:logGet(44)) - raft.server.log.appender.install.snapshot.enabled = false (custom)
2021-11-14 01:04:33,841 [8f64935f-b83c-4009-bc32-b4395deb71aa@group-B8A997D08E4F-LeaderElection111] INFO  impl.RoleInfo (RoleInfo.java:updateAndGet(130)) - 8f64935f-b83c-4009-bc32-b4395deb71aa: start 8f64935f-b83c-4009-bc32-b4395deb71aa@group-B8A997D08E4F-LeaderStateImpl
2021-11-14 01:04:33,841 [8f64935f-b83c-4009-bc32-b4395deb71aa@group-B8A997D08E4F-LeaderElection111] INFO  segmented.SegmentedRaftLogWorker (SegmentedRaftLogWorker.java:startLogSegment(394)) - 8f64935f-b83c-4009-bc32-b4395deb71aa@group-B8A997D08E4F-SegmentedRaftLogWorker: Starting segment from index:0
2021-11-14 01:04:33,843 [8f64935f-b83c-4009-bc32-b4395deb71aa@group-B8A997D08E4F-SegmentedRaftLogWorker] INFO  segmented.SegmentedRaftLogWorker (SegmentedRaftLogWorker.java:execute(601)) - 8f64935f-b83c-4009-bc32-b4395deb71aa@group-B8A997D08E4F-SegmentedRaftLogWorker: created new log segment /home/runner/work/ozone/ozone/hadoop-ozone/integration-test/target/test-dir/MiniOzoneClusterImpl-5b6cbd2a-2976-43bc-8d1c-e3ca86cddeeb/datanode-3/data/ratis/f6c2ffd6-7342-4066-bffd-b8a997d08e4f/current/log_inprogress_0
2021-11-14 01:04:33,851 [grpc-default-executor-0] INFO  ratis.XceiverServerRatis (XceiverServerRatis.java:handleLeaderChangedNotification(866)) - Leader change notification received for group: group-B8A997D08E4F with new leaderId: 8f64935f-b83c-4009-bc32-b4395deb71aa
2021-11-14 01:04:33,851 [grpc-default-executor-0] INFO  server.RaftServer$Division (ServerState.java:setLeader(285)) - 5b42674d-a9fa-4183-866d-d0b91026c546@group-B8A997D08E4F: change Leader from null to 8f64935f-b83c-4009-bc32-b4395deb71aa at term 1 for appendEntries, leader elected after 5407ms
2021-11-14 01:04:33,854 [grpc-default-executor-0] INFO  server.RaftServer$Division (ServerState.java:setRaftConf(387)) - 5b42674d-a9fa-4183-866d-d0b91026c546@group-B8A997D08E4F: set configuration 0: [e624a09e-d66f-4eff-951a-8f24e1213b58|rpc:10.1.0.47:41437|dataStream:|priority:0, 8f64935f-b83c-4009-bc32-b4395deb71aa|rpc:10.1.0.47:45069|dataStream:|priority:1, 5b42674d-a9fa-4183-866d-d0b91026c546|rpc:10.1.0.47:35089|dataStream:|priority:0], old=null
2021-11-14 01:04:33,855 [grpc-default-executor-0] INFO  segmented.SegmentedRaftLogWorker (SegmentedRaftLogWorker.java:startLogSegment(394)) - 5b42674d-a9fa-4183-866d-d0b91026c546@group-B8A997D08E4F-SegmentedRaftLogWorker: Starting segment from index:0
2021-11-14 01:04:33,864 [5b42674d-a9fa-4183-866d-d0b91026c546@group-B8A997D08E4F-SegmentedRaftLogWorker] INFO  segmented.SegmentedRaftLogWorker (SegmentedRaftLogWorker.java:execute(601)) - 5b42674d-a9fa-4183-866d-d0b91026c546@group-B8A997D08E4F-SegmentedRaftLogWorker: created new log segment /home/runner/work/ozone/ozone/hadoop-ozone/integration-test/target/test-dir/MiniOzoneClusterImpl-5b6cbd2a-2976-43bc-8d1c-e3ca86cddeeb/datanode-4/data/ratis/f6c2ffd6-7342-4066-bffd-b8a997d08e4f/current/log_inprogress_0
2021-11-14 01:04:33,874 [EventQueue-PipelineReportForPipelineReportHandler] INFO  pipeline.PipelineManagerImpl (PipelineManagerImpl.java:openPipeline(289)) - Pipeline Pipeline[ Id: f6c2ffd6-7342-4066-bffd-b8a997d08e4f, Nodes: e624a09e-d66f-4eff-951a-8f24e1213b58{ip: 10.1.0.47, host: fv-az395-453.zfmzfyrfkyou3ow0tsr0jxwq1e.bx.internal.cloudapp.net, ports: [REPLICATION=39939, RATIS=41437, RATIS_ADMIN=41437, RATIS_SERVER=41437, STANDALONE=42433], networkLocation: /default-rack, certSerialId: null, persistedOpState: IN_SERVICE, persistedOpStateExpiryEpochSec: 0}8f64935f-b83c-4009-bc32-b4395deb71aa{ip: 10.1.0.47, host: fv-az395-453.zfmzfyrfkyou3ow0tsr0jxwq1e.bx.internal.cloudapp.net, ports: [REPLICATION=43731, RATIS=45069, RATIS_ADMIN=45069, RATIS_SERVER=45069, STANDALONE=39111], networkLocation: /default-rack, certSerialId: null, persistedOpState: IN_SERVICE, persistedOpStateExpiryEpochSec: 0}5b42674d-a9fa-4183-866d-d0b91026c546{ip: 10.1.0.47, host: fv-az395-453.zfmzfyrfkyou3ow0tsr0jxwq1e.bx.internal.cloudapp.net, ports: [REPLICATION=37017, RATIS=35089, RATIS_ADMIN=35089, RATIS_SERVER=35089, STANDALONE=42415], networkLocation: /default-rack, certSerialId: null, persistedOpState: IN_SERVICE, persistedOpStateExpiryEpochSec: 0}, ReplicationConfig: RATIS/THREE, State:ALLOCATED, leaderId:8f64935f-b83c-4009-bc32-b4395deb71aa, CreationTimestamp2021-11-14T01:04:25.878Z[Etc/UTC]] moved to OPEN state
2021-11-14 01:04:33,889 [8f64935f-b83c-4009-bc32-b4395deb71aa@group-B8A997D08E4F-LeaderElection111] INFO  server.RaftServer$Division (ServerState.java:setRaftConf(387)) - 8f64935f-b83c-4009-bc32-b4395deb71aa@group-B8A997D08E4F: set configuration 0: [e624a09e-d66f-4eff-951a-8f24e1213b58|rpc:10.1.0.47:41437|dataStream:|priority:0, 8f64935f-b83c-4009-bc32-b4395deb71aa|rpc:10.1.0.47:45069|dataStream:|priority:1, 5b42674d-a9fa-4183-866d-d0b91026c546|rpc:10.1.0.47:35089|dataStream:|priority:0], old=null
2021-11-14 01:04:33,911 [grpc-default-executor-4] INFO  ratis.XceiverServerRatis (XceiverServerRatis.java:handleLeaderChangedNotification(866)) - Leader change notification received for group: group-B8A997D08E4F with new leaderId: 8f64935f-b83c-4009-bc32-b4395deb71aa
2021-11-14 01:04:33,911 [grpc-default-executor-4] INFO  server.RaftServer$Division (ServerState.java:setLeader(285)) - e624a09e-d66f-4eff-951a-8f24e1213b58@group-B8A997D08E4F: change Leader from null to 8f64935f-b83c-4009-bc32-b4395deb71aa at term 1 for appendEntries, leader elected after 5271ms
2021-11-14 01:04:33,922 [grpc-default-executor-4] INFO  server.RaftServer$Division (ServerState.java:setRaftConf(387)) - e624a09e-d66f-4eff-951a-8f24e1213b58@group-B8A997D08E4F: set configuration 0: [e624a09e-d66f-4eff-951a-8f24e1213b58|rpc:10.1.0.47:41437|dataStream:|priority:0, 8f64935f-b83c-4009-bc32-b4395deb71aa|rpc:10.1.0.47:45069|dataStream:|priority:1, 5b42674d-a9fa-4183-866d-d0b91026c546|rpc:10.1.0.47:35089|dataStream:|priority:0], old=null
2021-11-14 01:04:33,923 [grpc-default-executor-4] INFO  segmented.SegmentedRaftLogWorker (SegmentedRaftLogWorker.java:startLogSegment(394)) - e624a09e-d66f-4eff-951a-8f24e1213b58@group-B8A997D08E4F-SegmentedRaftLogWorker: Starting segment from index:0
2021-11-14 01:04:33,925 [e624a09e-d66f-4eff-951a-8f24e1213b58@group-B8A997D08E4F-SegmentedRaftLogWorker] INFO  segmented.SegmentedRaftLogWorker (SegmentedRaftLogWorker.java:execute(601)) - e624a09e-d66f-4eff-951a-8f24e1213b58@group-B8A997D08E4F-SegmentedRaftLogWorker: created new log segment /home/runner/work/ozone/ozone/hadoop-ozone/integration-test/target/test-dir/MiniOzoneClusterImpl-5b6cbd2a-2976-43bc-8d1c-e3ca86cddeeb/datanode-5/data/ratis/f6c2ffd6-7342-4066-bffd-b8a997d08e4f/current/log_inprogress_0
2021-11-14 01:04:34,115 [5b42674d-a9fa-4183-866d-d0b91026c546@group-0E53E93CFD0F-FollowerState] INFO  impl.FollowerState (FollowerState.java:run(134)) - 5b42674d-a9fa-4183-866d-d0b91026c546@group-0E53E93CFD0F-FollowerState: change to CANDIDATE, lastRpcElapsedTime:5154214169ns, electionTimeout:5153ms
2021-11-14 01:04:34,115 [5b42674d-a9fa-4183-866d-d0b91026c546@group-0E53E93CFD0F-FollowerState] INFO  impl.RoleInfo (RoleInfo.java:shutdownFollowerState(108)) - 5b42674d-a9fa-4183-866d-d0b91026c546: shutdown 5b42674d-a9fa-4183-866d-d0b91026c546@group-0E53E93CFD0F-FollowerState
2021-11-14 01:04:34,115 [5b42674d-a9fa-4183-866d-d0b91026c546@group-0E53E93CFD0F-FollowerState] INFO  server.RaftServer$Division (RaftServerImpl.java:setRole(290)) - 5b42674d-a9fa-4183-866d-d0b91026c546@group-0E53E93CFD0F: changes role from  FOLLOWER to CANDIDATE at term 0 for changeToCandidate
2021-11-14 01:04:34,115 [5b42674d-a9fa-4183-866d-d0b91026c546@group-0E53E93CFD0F-FollowerState] INFO  server.RaftServerConfigKeys (ConfUtils.java:logGet(44)) - raft.server.leaderelection.pre-vote = false (custom)
2021-11-14 01:04:34,115 [5b42674d-a9fa-4183-866d-d0b91026c546@group-0E53E93CFD0F-FollowerState] INFO  impl.RoleInfo (RoleInfo.java:updateAndGet(130)) - 5b42674d-a9fa-4183-866d-d0b91026c546: start 5b42674d-a9fa-4183-866d-d0b91026c546@group-0E53E93CFD0F-LeaderElection112
2021-11-14 01:04:34,148 [5b42674d-a9fa-4183-866d-d0b91026c546@group-0E53E93CFD0F-LeaderElection112] INFO  impl.LeaderElection (LeaderElection.java:askForVotes(306)) - 5b42674d-a9fa-4183-866d-d0b91026c546@group-0E53E93CFD0F-LeaderElection112 ELECTION round 0: submit vote requests at term 1 for -1: [e624a09e-d66f-4eff-951a-8f24e1213b58|rpc:10.1.0.47:41437|priority:1, 8f64935f-b83c-4009-bc32-b4395deb71aa|rpc:10.1.0.47:45069|priority:0, 5b42674d-a9fa-4183-866d-d0b91026c546|rpc:10.1.0.47:35089|priority:0], old=null
2021-11-14 01:04:34,153 [grpc-default-executor-4] INFO  server.RaftServer$Division (RaftServerImpl.java:requestVote(1046)) - e624a09e-d66f-4eff-951a-8f24e1213b58@group-0E53E93CFD0F: receive requestVote(ELECTION, 5b42674d-a9fa-4183-866d-d0b91026c546, group-0E53E93CFD0F, 1, (t:0, i:0))
2021-11-14 01:04:34,153 [grpc-default-executor-4] INFO  impl.VoteContext (VoteContext.java:log(48)) - e624a09e-d66f-4eff-951a-8f24e1213b58@group-0E53E93CFD0F-FOLLOWER: reject ELECTION from 5b42674d-a9fa-4183-866d-d0b91026c546: our priority 1 > candidate's priority 0
2021-11-14 01:04:34,153 [grpc-default-executor-4] INFO  server.RaftServer$Division (RaftServerImpl.java:setRole(290)) - e624a09e-d66f-4eff-951a-8f24e1213b58@group-0E53E93CFD0F: changes role from  FOLLOWER to FOLLOWER at term 1 for candidate:5b42674d-a9fa-4183-866d-d0b91026c546
2021-11-14 01:04:34,154 [grpc-default-executor-4] INFO  impl.RoleInfo (RoleInfo.java:shutdownFollowerState(108)) - e624a09e-d66f-4eff-951a-8f24e1213b58: shutdown e624a09e-d66f-4eff-951a-8f24e1213b58@group-0E53E93CFD0F-FollowerState
2021-11-14 01:04:34,163 [grpc-default-executor-4] INFO  impl.RoleInfo (RoleInfo.java:updateAndGet(130)) - e624a09e-d66f-4eff-951a-8f24e1213b58: start e624a09e-d66f-4eff-951a-8f24e1213b58@group-0E53E93CFD0F-FollowerState
2021-11-14 01:04:34,163 [e624a09e-d66f-4eff-951a-8f24e1213b58@group-0E53E93CFD0F-FollowerState] INFO  impl.FollowerState (FollowerState.java:run(143)) - e624a09e-d66f-4eff-951a-8f24e1213b58@group-0E53E93CFD0F-FollowerState was interrupted: {}
java.lang.InterruptedException: sleep interrupted
	at java.lang.Thread.sleep(Native Method)
	at java.lang.Thread.sleep(Thread.java:340)
	at java.util.concurrent.TimeUnit.sleep(TimeUnit.java:386)
	at org.apache.ratis.util.TimeDuration.sleep(TimeDuration.java:324)
	at org.apache.ratis.util.TimeDuration.sleep(TimeDuration.java:309)
	at org.apache.ratis.server.impl.FollowerState.run(FollowerState.java:118)
2021-11-14 01:04:34,165 [grpc-default-executor-0] INFO  server.RaftServer$Division (RaftServerImpl.java:requestVote(1046)) - 8f64935f-b83c-4009-bc32-b4395deb71aa@group-0E53E93CFD0F: receive requestVote(ELECTION, 5b42674d-a9fa-4183-866d-d0b91026c546, group-0E53E93CFD0F, 1, (t:0, i:0))
2021-11-14 01:04:34,165 [grpc-default-executor-0] INFO  impl.VoteContext (VoteContext.java:log(48)) - 8f64935f-b83c-4009-bc32-b4395deb71aa@group-0E53E93CFD0F-FOLLOWER: accept ELECTION from 5b42674d-a9fa-4183-866d-d0b91026c546: our priority 0 <= candidate's priority 0
2021-11-14 01:04:34,165 [grpc-default-executor-0] INFO  server.RaftServer$Division (RaftServerImpl.java:setRole(290)) - 8f64935f-b83c-4009-bc32-b4395deb71aa@group-0E53E93CFD0F: changes role from  FOLLOWER to FOLLOWER at term 1 for candidate:5b42674d-a9fa-4183-866d-d0b91026c546
2021-11-14 01:04:34,165 [grpc-default-executor-0] INFO  impl.RoleInfo (RoleInfo.java:shutdownFollowerState(108)) - 8f64935f-b83c-4009-bc32-b4395deb71aa: shutdown 8f64935f-b83c-4009-bc32-b4395deb71aa@group-0E53E93CFD0F-FollowerState
2021-11-14 01:04:34,166 [grpc-default-executor-0] INFO  impl.RoleInfo (RoleInfo.java:updateAndGet(130)) - 8f64935f-b83c-4009-bc32-b4395deb71aa: start 8f64935f-b83c-4009-bc32-b4395deb71aa@group-0E53E93CFD0F-FollowerState
2021-11-14 01:04:34,166 [8f64935f-b83c-4009-bc32-b4395deb71aa@group-0E53E93CFD0F-FollowerState] INFO  impl.FollowerState (FollowerState.java:run(143)) - 8f64935f-b83c-4009-bc32-b4395deb71aa@group-0E53E93CFD0F-FollowerState was interrupted: {}
java.lang.InterruptedException: sleep interrupted
	at java.lang.Thread.sleep(Native Method)
	at java.lang.Thread.sleep(Thread.java:340)
	at java.util.concurrent.TimeUnit.sleep(TimeUnit.java:386)
	at org.apache.ratis.util.TimeDuration.sleep(TimeDuration.java:324)
	at org.apache.ratis.util.TimeDuration.sleep(TimeDuration.java:309)
	at org.apache.ratis.server.impl.FollowerState.run(FollowerState.java:118)
2021-11-14 01:04:34,167 [grpc-default-executor-4] INFO  server.RaftServer$Division (RaftServerImpl.java:requestVote(1078)) - e624a09e-d66f-4eff-951a-8f24e1213b58@group-0E53E93CFD0F replies to ELECTION vote request: 5b42674d-a9fa-4183-866d-d0b91026c546<-e624a09e-d66f-4eff-951a-8f24e1213b58#0:FAIL-t1. Peer's state: e624a09e-d66f-4eff-951a-8f24e1213b58@group-0E53E93CFD0F:t1, leader=null, voted=null, raftlog=e624a09e-d66f-4eff-951a-8f24e1213b58@group-0E53E93CFD0F-SegmentedRaftLog:OPENED:c-1, conf=-1: [e624a09e-d66f-4eff-951a-8f24e1213b58|rpc:10.1.0.47:41437|priority:1, 8f64935f-b83c-4009-bc32-b4395deb71aa|rpc:10.1.0.47:45069|priority:0, 5b42674d-a9fa-4183-866d-d0b91026c546|rpc:10.1.0.47:35089|priority:0], old=null
2021-11-14 01:04:34,168 [grpc-default-executor-0] INFO  server.RaftServer$Division (RaftServerImpl.java:requestVote(1078)) - 8f64935f-b83c-4009-bc32-b4395deb71aa@group-0E53E93CFD0F replies to ELECTION vote request: 5b42674d-a9fa-4183-866d-d0b91026c546<-8f64935f-b83c-4009-bc32-b4395deb71aa#0:OK-t1. Peer's state: 8f64935f-b83c-4009-bc32-b4395deb71aa@group-0E53E93CFD0F:t1, leader=null, voted=5b42674d-a9fa-4183-866d-d0b91026c546, raftlog=8f64935f-b83c-4009-bc32-b4395deb71aa@group-0E53E93CFD0F-SegmentedRaftLog:OPENED:c-1, conf=-1: [e624a09e-d66f-4eff-951a-8f24e1213b58|rpc:10.1.0.47:41437|priority:1, 8f64935f-b83c-4009-bc32-b4395deb71aa|rpc:10.1.0.47:45069|priority:0, 5b42674d-a9fa-4183-866d-d0b91026c546|rpc:10.1.0.47:35089|priority:0], old=null
2021-11-14 01:04:34,175 [5b42674d-a9fa-4183-866d-d0b91026c546@group-0E53E93CFD0F-LeaderElection112] INFO  impl.LeaderElection (LeaderElection.java:logAndReturn(89)) - 5b42674d-a9fa-4183-866d-d0b91026c546@group-0E53E93CFD0F-LeaderElection112: ELECTION REJECTED received 2 response(s) and 0 exception(s):
2021-11-14 01:04:34,175 [5b42674d-a9fa-4183-866d-d0b91026c546@group-0E53E93CFD0F-LeaderElection112] INFO  impl.LeaderElection (LeaderElection.java:logAndReturn(93)) -   Response 0: 5b42674d-a9fa-4183-866d-d0b91026c546<-e624a09e-d66f-4eff-951a-8f24e1213b58#0:FAIL-t1
2021-11-14 01:04:34,175 [5b42674d-a9fa-4183-866d-d0b91026c546@group-0E53E93CFD0F-LeaderElection112] INFO  impl.LeaderElection (LeaderElection.java:logAndReturn(93)) -   Response 1: 5b42674d-a9fa-4183-866d-d0b91026c546<-8f64935f-b83c-4009-bc32-b4395deb71aa#0:OK-t1
2021-11-14 01:04:34,175 [5b42674d-a9fa-4183-866d-d0b91026c546@group-0E53E93CFD0F-LeaderElection112] INFO  impl.LeaderElection (LeaderElection.java:askForVotes(308)) - 5b42674d-a9fa-4183-866d-d0b91026c546@group-0E53E93CFD0F-LeaderElection112 ELECTION round 0: result REJECTED
2021-11-14 01:04:34,175 [5b42674d-a9fa-4183-866d-d0b91026c546@group-0E53E93CFD0F-LeaderElection112] INFO  server.RaftServer$Division (RaftServerImpl.java:setRole(290)) - 5b42674d-a9fa-4183-866d-d0b91026c546@group-0E53E93CFD0F: changes role from CANDIDATE to FOLLOWER at term 1 for REJECTED
2021-11-14 01:04:34,175 [5b42674d-a9fa-4183-866d-d0b91026c546@group-0E53E93CFD0F-LeaderElection112] INFO  impl.RoleInfo (RoleInfo.java:shutdownLeaderElection(121)) - 5b42674d-a9fa-4183-866d-d0b91026c546: shutdown 5b42674d-a9fa-4183-866d-d0b91026c546@group-0E53E93CFD0F-LeaderElection112
2021-11-14 01:04:34,175 [5b42674d-a9fa-4183-866d-d0b91026c546@group-0E53E93CFD0F-LeaderElection112] INFO  impl.RoleInfo (RoleInfo.java:updateAndGet(130)) - 5b42674d-a9fa-4183-866d-d0b91026c546: start 5b42674d-a9fa-4183-866d-d0b91026c546@group-0E53E93CFD0F-FollowerState
2021-11-14 01:04:34,180 [e624a09e-d66f-4eff-951a-8f24e1213b58@group-EE291D70EFFD-FollowerState] INFO  impl.FollowerState (FollowerState.java:run(134)) - e624a09e-d66f-4eff-951a-8f24e1213b58@group-EE291D70EFFD-FollowerState: change to CANDIDATE, lastRpcElapsedTime:5208314705ns, electionTimeout:5199ms
2021-11-14 01:04:34,180 [e624a09e-d66f-4eff-951a-8f24e1213b58@group-EE291D70EFFD-FollowerState] INFO  impl.RoleInfo (RoleInfo.java:shutdownFollowerState(108)) - e624a09e-d66f-4eff-951a-8f24e1213b58: shutdown e624a09e-d66f-4eff-951a-8f24e1213b58@group-EE291D70EFFD-FollowerState
2021-11-14 01:04:34,180 [e624a09e-d66f-4eff-951a-8f24e1213b58@group-EE291D70EFFD-FollowerState] INFO  server.RaftServer$Division (RaftServerImpl.java:setRole(290)) - e624a09e-d66f-4eff-951a-8f24e1213b58@group-EE291D70EFFD: changes role from  FOLLOWER to CANDIDATE at term 0 for changeToCandidate
2021-11-14 01:04:34,180 [e624a09e-d66f-4eff-951a-8f24e1213b58@group-EE291D70EFFD-FollowerState] INFO  server.RaftServerConfigKeys (ConfUtils.java:logGet(44)) - raft.server.leaderelection.pre-vote = false (custom)
2021-11-14 01:04:34,180 [e624a09e-d66f-4eff-951a-8f24e1213b58@group-EE291D70EFFD-FollowerState] INFO  impl.RoleInfo (RoleInfo.java:updateAndGet(130)) - e624a09e-d66f-4eff-951a-8f24e1213b58: start e624a09e-d66f-4eff-951a-8f24e1213b58@group-EE291D70EFFD-LeaderElection113
2021-11-14 01:04:34,217 [e624a09e-d66f-4eff-951a-8f24e1213b58@group-EE291D70EFFD-LeaderElection113] INFO  impl.LeaderElection (LeaderElection.java:askForVotes(306)) - e624a09e-d66f-4eff-951a-8f24e1213b58@group-EE291D70EFFD-LeaderElection113 ELECTION round 0: submit vote requests at term 1 for -1: [e624a09e-d66f-4eff-951a-8f24e1213b58|rpc:10.1.0.47:41437|priority:1], old=null
2021-11-14 01:04:34,218 [e624a09e-d66f-4eff-951a-8f24e1213b58@group-EE291D70EFFD-LeaderElection113] INFO  impl.LeaderElection (LeaderElection.java:askForVotes(308)) - e624a09e-d66f-4eff-951a-8f24e1213b58@group-EE291D70EFFD-LeaderElection113 ELECTION round 0: result PASSED (term=1)
2021-11-14 01:04:34,218 [e624a09e-d66f-4eff-951a-8f24e1213b58@group-EE291D70EFFD-LeaderElection113] INFO  impl.RoleInfo (RoleInfo.java:shutdownLeaderElection(121)) - e624a09e-d66f-4eff-951a-8f24e1213b58: shutdown e624a09e-d66f-4eff-951a-8f24e1213b58@group-EE291D70EFFD-LeaderElection113
2021-11-14 01:04:34,218 [e624a09e-d66f-4eff-951a-8f24e1213b58@group-EE291D70EFFD-LeaderElection113] INFO  server.RaftServer$Division (RaftServerImpl.java:setRole(290)) - e624a09e-d66f-4eff-951a-8f24e1213b58@group-EE291D70EFFD: changes role from CANDIDATE to LEADER at term 1 for changeToLeader
2021-11-14 01:04:34,218 [e624a09e-d66f-4eff-951a-8f24e1213b58@group-EE291D70EFFD-LeaderElection113] INFO  ratis.XceiverServerRatis (XceiverServerRatis.java:handleLeaderChangedNotification(866)) - Leader change notification received for group: group-EE291D70EFFD with new leaderId: e624a09e-d66f-4eff-951a-8f24e1213b58
2021-11-14 01:04:34,223 [e624a09e-d66f-4eff-951a-8f24e1213b58@group-EE291D70EFFD-LeaderElection113] INFO  server.RaftServer$Division (ServerState.java:setLeader(285)) - e624a09e-d66f-4eff-951a-8f24e1213b58@group-EE291D70EFFD: change Leader from null to e624a09e-d66f-4eff-951a-8f24e1213b58 at term 1 for becomeLeader, leader elected after 5316ms
2021-11-14 01:04:34,223 [e624a09e-d66f-4eff-951a-8f24e1213b58@group-EE291D70EFFD-LeaderElection113] INFO  server.RaftServerConfigKeys (ConfUtils.java:logGet(44)) - raft.server.staging.catchup.gap = 1000 (default)
2021-11-14 01:04:34,223 [e624a09e-d66f-4eff-951a-8f24e1213b58@group-EE291D70EFFD-LeaderElection113] INFO  server.RaftServerConfigKeys (ConfUtils.java:logGet(44)) - raft.server.write.element-limit = 1024 (custom)
2021-11-14 01:04:34,223 [e624a09e-d66f-4eff-951a-8f24e1213b58@group-EE291D70EFFD-LeaderElection113] INFO  server.RaftServerConfigKeys (ConfUtils.java:logGet(44)) - raft.server.write.byte-limit = 1024 M (=1073741824) (custom)
2021-11-14 01:04:34,227 [e624a09e-d66f-4eff-951a-8f24e1213b58@group-EE291D70EFFD-LeaderElection113] INFO  server.RaftServerConfigKeys (ConfUtils.java:logGet(44)) - raft.server.watch.timeout = 3000ms (custom)
2021-11-14 01:04:34,228 [e624a09e-d66f-4eff-951a-8f24e1213b58@group-EE291D70EFFD-LeaderElection113] INFO  server.RaftServerConfigKeys (ConfUtils.java:logGet(44)) - raft.server.watch.timeout.denomination = 1s (default)
2021-11-14 01:04:34,228 [e624a09e-d66f-4eff-951a-8f24e1213b58@group-EE291D70EFFD-LeaderElection113] INFO  server.RaftServerConfigKeys (ConfUtils.java:logGet(44)) - raft.server.watch.element-limit = 65536 (default)
2021-11-14 01:04:34,234 [e624a09e-d66f-4eff-951a-8f24e1213b58@group-EE291D70EFFD-LeaderElection113] INFO  server.RaftServerConfigKeys (ConfUtils.java:logGet(44)) - raft.server.write.element-limit = 1024 (custom)
2021-11-14 01:04:34,234 [e624a09e-d66f-4eff-951a-8f24e1213b58@group-EE291D70EFFD-LeaderElection113] INFO  server.RaftServerConfigKeys (ConfUtils.java:logGet(44)) - raft.server.write.follower.gap.ratio.max = -1.0 (default)
2021-11-14 01:04:34,234 [e624a09e-d66f-4eff-951a-8f24e1213b58@group-EE291D70EFFD-LeaderElection113] INFO  impl.RoleInfo (RoleInfo.java:updateAndGet(130)) - e624a09e-d66f-4eff-951a-8f24e1213b58: start e624a09e-d66f-4eff-951a-8f24e1213b58@group-EE291D70EFFD-LeaderStateImpl
2021-11-14 01:04:34,234 [e624a09e-d66f-4eff-951a-8f24e1213b58@group-EE291D70EFFD-LeaderElection113] INFO  segmented.SegmentedRaftLogWorker (SegmentedRaftLogWorker.java:startLogSegment(394)) - e624a09e-d66f-4eff-951a-8f24e1213b58@group-EE291D70EFFD-SegmentedRaftLogWorker: Starting segment from index:0
2021-11-14 01:04:34,240 [e624a09e-d66f-4eff-951a-8f24e1213b58@group-EE291D70EFFD-SegmentedRaftLogWorker] INFO  segmented.SegmentedRaftLogWorker (SegmentedRaftLogWorker.java:execute(601)) - e624a09e-d66f-4eff-951a-8f24e1213b58@group-EE291D70EFFD-SegmentedRaftLogWorker: created new log segment /home/runner/work/ozone/ozone/hadoop-ozone/integration-test/target/test-dir/MiniOzoneClusterImpl-5b6cbd2a-2976-43bc-8d1c-e3ca86cddeeb/datanode-5/data/ratis/910c467b-220f-4c72-8ab1-ee291d70effd/current/log_inprogress_0
2021-11-14 01:04:34,250 [e624a09e-d66f-4eff-951a-8f24e1213b58@group-EE291D70EFFD-LeaderElection113] INFO  server.RaftServer$Division (ServerState.java:setRaftConf(387)) - e624a09e-d66f-4eff-951a-8f24e1213b58@group-EE291D70EFFD: set configuration 0: [e624a09e-d66f-4eff-951a-8f24e1213b58|rpc:10.1.0.47:41437|dataStream:|priority:1], old=null
2021-11-14 01:04:34,794 [eb0c46e4-5725-4afa-bb96-e719b980f47a@group-82432EB5AAAA-FollowerState] INFO  impl.FollowerState (FollowerState.java:run(134)) - eb0c46e4-5725-4afa-bb96-e719b980f47a@group-82432EB5AAAA-FollowerState: change to CANDIDATE, lastRpcElapsedTime:5227422112ns, electionTimeout:5196ms
2021-11-14 01:04:34,794 [eb0c46e4-5725-4afa-bb96-e719b980f47a@group-82432EB5AAAA-FollowerState] INFO  impl.RoleInfo (RoleInfo.java:shutdownFollowerState(108)) - eb0c46e4-5725-4afa-bb96-e719b980f47a: shutdown eb0c46e4-5725-4afa-bb96-e719b980f47a@group-82432EB5AAAA-FollowerState
2021-11-14 01:04:34,794 [eb0c46e4-5725-4afa-bb96-e719b980f47a@group-82432EB5AAAA-FollowerState] INFO  server.RaftServer$Division (RaftServerImpl.java:setRole(290)) - eb0c46e4-5725-4afa-bb96-e719b980f47a@group-82432EB5AAAA: changes role from  FOLLOWER to CANDIDATE at term 0 for changeToCandidate
2021-11-14 01:04:34,796 [eb0c46e4-5725-4afa-bb96-e719b980f47a@group-82432EB5AAAA-FollowerState] INFO  server.RaftServerConfigKeys (ConfUtils.java:logGet(44)) - raft.server.leaderelection.pre-vote = false (custom)
2021-11-14 01:04:34,796 [eb0c46e4-5725-4afa-bb96-e719b980f47a@group-82432EB5AAAA-FollowerState] INFO  impl.RoleInfo (RoleInfo.java:updateAndGet(130)) - eb0c46e4-5725-4afa-bb96-e719b980f47a: start eb0c46e4-5725-4afa-bb96-e719b980f47a@group-82432EB5AAAA-LeaderElection114
2021-11-14 01:04:34,822 [eb0c46e4-5725-4afa-bb96-e719b980f47a@group-82432EB5AAAA-LeaderElection114] INFO  impl.LeaderElection (LeaderElection.java:askForVotes(306)) - eb0c46e4-5725-4afa-bb96-e719b980f47a@group-82432EB5AAAA-LeaderElection114 ELECTION round 0: submit vote requests at term 1 for -1: [eb0c46e4-5725-4afa-bb96-e719b980f47a|rpc:10.1.0.47:38135|priority:1], old=null
2021-11-14 01:04:34,822 [eb0c46e4-5725-4afa-bb96-e719b980f47a@group-82432EB5AAAA-LeaderElection114] INFO  impl.LeaderElection (LeaderElection.java:askForVotes(308)) - eb0c46e4-5725-4afa-bb96-e719b980f47a@group-82432EB5AAAA-LeaderElection114 ELECTION round 0: result PASSED (term=1)
2021-11-14 01:04:34,822 [eb0c46e4-5725-4afa-bb96-e719b980f47a@group-82432EB5AAAA-LeaderElection114] INFO  impl.RoleInfo (RoleInfo.java:shutdownLeaderElection(121)) - eb0c46e4-5725-4afa-bb96-e719b980f47a: shutdown eb0c46e4-5725-4afa-bb96-e719b980f47a@group-82432EB5AAAA-LeaderElection114
2021-11-14 01:04:34,823 [eb0c46e4-5725-4afa-bb96-e719b980f47a@group-82432EB5AAAA-LeaderElection114] INFO  server.RaftServer$Division (RaftServerImpl.java:setRole(290)) - eb0c46e4-5725-4afa-bb96-e719b980f47a@group-82432EB5AAAA: changes role from CANDIDATE to LEADER at term 1 for changeToLeader
2021-11-14 01:04:34,823 [eb0c46e4-5725-4afa-bb96-e719b980f47a@group-82432EB5AAAA-LeaderElection114] INFO  ratis.XceiverServerRatis (XceiverServerRatis.java:handleLeaderChangedNotification(866)) - Leader change notification received for group: group-82432EB5AAAA with new leaderId: eb0c46e4-5725-4afa-bb96-e719b980f47a
2021-11-14 01:04:34,823 [eb0c46e4-5725-4afa-bb96-e719b980f47a@group-82432EB5AAAA-LeaderElection114] INFO  server.RaftServer$Division (ServerState.java:setLeader(285)) - eb0c46e4-5725-4afa-bb96-e719b980f47a@group-82432EB5AAAA: change Leader from null to eb0c46e4-5725-4afa-bb96-e719b980f47a at term 1 for becomeLeader, leader elected after 5272ms
2021-11-14 01:04:34,823 [eb0c46e4-5725-4afa-bb96-e719b980f47a@group-82432EB5AAAA-LeaderElection114] INFO  server.RaftServerConfigKeys (ConfUtils.java:logGet(44)) - raft.server.staging.catchup.gap = 1000 (default)
2021-11-14 01:04:34,823 [eb0c46e4-5725-4afa-bb96-e719b980f47a@group-82432EB5AAAA-LeaderElection114] INFO  server.RaftServerConfigKeys (ConfUtils.java:logGet(44)) - raft.server.write.element-limit = 1024 (custom)
2021-11-14 01:04:34,824 [eb0c46e4-5725-4afa-bb96-e719b980f47a@group-82432EB5AAAA-LeaderElection114] INFO  server.RaftServerConfigKeys (ConfUtils.java:logGet(44)) - raft.server.write.byte-limit = 1024 M (=1073741824) (custom)
2021-11-14 01:04:34,827 [eb0c46e4-5725-4afa-bb96-e719b980f47a@group-82432EB5AAAA-LeaderElection114] INFO  server.RaftServerConfigKeys (ConfUtils.java:logGet(44)) - raft.server.watch.timeout = 3000ms (custom)
2021-11-14 01:04:34,827 [eb0c46e4-5725-4afa-bb96-e719b980f47a@group-82432EB5AAAA-LeaderElection114] INFO  server.RaftServerConfigKeys (ConfUtils.java:logGet(44)) - raft.server.watch.timeout.denomination = 1s (default)
2021-11-14 01:04:34,827 [eb0c46e4-5725-4afa-bb96-e719b980f47a@group-82432EB5AAAA-LeaderElection114] INFO  server.RaftServerConfigKeys (ConfUtils.java:logGet(44)) - raft.server.watch.element-limit = 65536 (default)
2021-11-14 01:04:34,829 [eb0c46e4-5725-4afa-bb96-e719b980f47a@group-82432EB5AAAA-LeaderElection114] INFO  server.RaftServerConfigKeys (ConfUtils.java:logGet(44)) - raft.server.write.element-limit = 1024 (custom)
2021-11-14 01:04:34,829 [eb0c46e4-5725-4afa-bb96-e719b980f47a@group-82432EB5AAAA-LeaderElection114] INFO  server.RaftServerConfigKeys (ConfUtils.java:logGet(44)) - raft.server.write.follower.gap.ratio.max = -1.0 (default)
2021-11-14 01:04:34,829 [eb0c46e4-5725-4afa-bb96-e719b980f47a@group-82432EB5AAAA-LeaderElection114] INFO  impl.RoleInfo (RoleInfo.java:updateAndGet(130)) - eb0c46e4-5725-4afa-bb96-e719b980f47a: start eb0c46e4-5725-4afa-bb96-e719b980f47a@group-82432EB5AAAA-LeaderStateImpl
2021-11-14 01:04:34,829 [eb0c46e4-5725-4afa-bb96-e719b980f47a@group-82432EB5AAAA-LeaderElection114] INFO  segmented.SegmentedRaftLogWorker (SegmentedRaftLogWorker.java:startLogSegment(394)) - eb0c46e4-5725-4afa-bb96-e719b980f47a@group-82432EB5AAAA-SegmentedRaftLogWorker: Starting segment from index:0
2021-11-14 01:04:34,834 [eb0c46e4-5725-4afa-bb96-e719b980f47a@group-82432EB5AAAA-LeaderElection114] INFO  server.RaftServer$Division (ServerState.java:setRaftConf(387)) - eb0c46e4-5725-4afa-bb96-e719b980f47a@group-82432EB5AAAA: set configuration 0: [eb0c46e4-5725-4afa-bb96-e719b980f47a|rpc:10.1.0.47:38135|dataStream:|priority:1], old=null
2021-11-14 01:04:34,838 [eb0c46e4-5725-4afa-bb96-e719b980f47a@group-82432EB5AAAA-SegmentedRaftLogWorker] INFO  segmented.SegmentedRaftLogWorker (SegmentedRaftLogWorker.java:execute(601)) - eb0c46e4-5725-4afa-bb96-e719b980f47a@group-82432EB5AAAA-SegmentedRaftLogWorker: created new log segment /home/runner/work/ozone/ozone/hadoop-ozone/integration-test/target/test-dir/MiniOzoneClusterImpl-5b6cbd2a-2976-43bc-8d1c-e3ca86cddeeb/datanode-6/data/ratis/a9c9fa27-e157-4e26-8819-82432eb5aaaa/current/log_inprogress_0
2021-11-14 01:04:37,186 [a5432c49-5461-405d-b7d7-37e5c225d9bf@group-21D2AE8B93C5-FollowerState] INFO  impl.FollowerState (FollowerState.java:run(134)) - a5432c49-5461-405d-b7d7-37e5c225d9bf@group-21D2AE8B93C5-FollowerState: change to CANDIDATE, lastRpcElapsedTime:5051844352ns, electionTimeout:5043ms
2021-11-14 01:04:37,186 [a5432c49-5461-405d-b7d7-37e5c225d9bf@group-21D2AE8B93C5-FollowerState] INFO  impl.RoleInfo (RoleInfo.java:shutdownFollowerState(108)) - a5432c49-5461-405d-b7d7-37e5c225d9bf: shutdown a5432c49-5461-405d-b7d7-37e5c225d9bf@group-21D2AE8B93C5-FollowerState
2021-11-14 01:04:37,186 [a5432c49-5461-405d-b7d7-37e5c225d9bf@group-21D2AE8B93C5-FollowerState] INFO  server.RaftServer$Division (RaftServerImpl.java:setRole(290)) - a5432c49-5461-405d-b7d7-37e5c225d9bf@group-21D2AE8B93C5: changes role from  FOLLOWER to CANDIDATE at term 1 for changeToCandidate
2021-11-14 01:04:37,187 [a5432c49-5461-405d-b7d7-37e5c225d9bf@group-21D2AE8B93C5-FollowerState] INFO  server.RaftServerConfigKeys (ConfUtils.java:logGet(44)) - raft.server.leaderelection.pre-vote = false (custom)
2021-11-14 01:04:37,187 [a5432c49-5461-405d-b7d7-37e5c225d9bf@group-21D2AE8B93C5-FollowerState] INFO  impl.RoleInfo (RoleInfo.java:updateAndGet(130)) - a5432c49-5461-405d-b7d7-37e5c225d9bf: start a5432c49-5461-405d-b7d7-37e5c225d9bf@group-21D2AE8B93C5-LeaderElection115
2021-11-14 01:04:37,190 [a5432c49-5461-405d-b7d7-37e5c225d9bf@group-21D2AE8B93C5-LeaderElection115] INFO  impl.LeaderElection (LeaderElection.java:askForVotes(306)) - a5432c49-5461-405d-b7d7-37e5c225d9bf@group-21D2AE8B93C5-LeaderElection115 ELECTION round 0: submit vote requests at term 2 for -1: [a5432c49-5461-405d-b7d7-37e5c225d9bf|rpc:10.1.0.47:33007|priority:0, 32069a0d-f39a-42d5-b706-96b3f478e9d8|rpc:10.1.0.47:43355|priority:0, 42593a4f-89d4-4363-aad7-ee84fdc40b17|rpc:10.1.0.47:38117|priority:1], old=null
2021-11-14 01:04:37,219 [grpc-default-executor-0] INFO  server.RaftServer$Division (RaftServerImpl.java:requestVote(1046)) - 32069a0d-f39a-42d5-b706-96b3f478e9d8@group-21D2AE8B93C5: receive requestVote(ELECTION, a5432c49-5461-405d-b7d7-37e5c225d9bf, group-21D2AE8B93C5, 2, (t:0, i:0))
2021-11-14 01:04:37,220 [grpc-default-executor-0] INFO  impl.VoteContext (VoteContext.java:log(48)) - 32069a0d-f39a-42d5-b706-96b3f478e9d8@group-21D2AE8B93C5-FOLLOWER: accept ELECTION from a5432c49-5461-405d-b7d7-37e5c225d9bf: our priority 0 <= candidate's priority 0
2021-11-14 01:04:37,220 [grpc-default-executor-0] INFO  server.RaftServer$Division (RaftServerImpl.java:setRole(290)) - 32069a0d-f39a-42d5-b706-96b3f478e9d8@group-21D2AE8B93C5: changes role from  FOLLOWER to FOLLOWER at term 2 for candidate:a5432c49-5461-405d-b7d7-37e5c225d9bf
2021-11-14 01:04:37,220 [grpc-default-executor-0] INFO  impl.RoleInfo (RoleInfo.java:shutdownFollowerState(108)) - 32069a0d-f39a-42d5-b706-96b3f478e9d8: shutdown 32069a0d-f39a-42d5-b706-96b3f478e9d8@group-21D2AE8B93C5-FollowerState
2021-11-14 01:04:37,220 [grpc-default-executor-0] INFO  impl.RoleInfo (RoleInfo.java:updateAndGet(130)) - 32069a0d-f39a-42d5-b706-96b3f478e9d8: start 32069a0d-f39a-42d5-b706-96b3f478e9d8@group-21D2AE8B93C5-FollowerState
2021-11-14 01:04:37,220 [32069a0d-f39a-42d5-b706-96b3f478e9d8@group-21D2AE8B93C5-FollowerState] INFO  impl.FollowerState (FollowerState.java:run(143)) - 32069a0d-f39a-42d5-b706-96b3f478e9d8@group-21D2AE8B93C5-FollowerState was interrupted: {}
java.lang.InterruptedException: sleep interrupted
	at java.lang.Thread.sleep(Native Method)
	at java.lang.Thread.sleep(Thread.java:340)
	at java.util.concurrent.TimeUnit.sleep(TimeUnit.java:386)
	at org.apache.ratis.util.TimeDuration.sleep(TimeDuration.java:324)
	at org.apache.ratis.util.TimeDuration.sleep(TimeDuration.java:309)
	at org.apache.ratis.server.impl.FollowerState.run(FollowerState.java:118)
2021-11-14 01:04:37,233 [grpc-default-executor-0] INFO  server.RaftServer$Division (RaftServerImpl.java:requestVote(1078)) - 32069a0d-f39a-42d5-b706-96b3f478e9d8@group-21D2AE8B93C5 replies to ELECTION vote request: a5432c49-5461-405d-b7d7-37e5c225d9bf<-32069a0d-f39a-42d5-b706-96b3f478e9d8#0:OK-t2. Peer's state: 32069a0d-f39a-42d5-b706-96b3f478e9d8@group-21D2AE8B93C5:t2, leader=null, voted=a5432c49-5461-405d-b7d7-37e5c225d9bf, raftlog=32069a0d-f39a-42d5-b706-96b3f478e9d8@group-21D2AE8B93C5-SegmentedRaftLog:OPENED:c-1, conf=-1: [a5432c49-5461-405d-b7d7-37e5c225d9bf|rpc:10.1.0.47:33007|priority:0, 32069a0d-f39a-42d5-b706-96b3f478e9d8|rpc:10.1.0.47:43355|priority:0, 42593a4f-89d4-4363-aad7-ee84fdc40b17|rpc:10.1.0.47:38117|priority:1], old=null
2021-11-14 01:04:37,287 [grpc-default-executor-0] INFO  server.RaftServer$Division (RaftServerImpl.java:requestVote(1046)) - 42593a4f-89d4-4363-aad7-ee84fdc40b17@group-21D2AE8B93C5: receive requestVote(ELECTION, a5432c49-5461-405d-b7d7-37e5c225d9bf, group-21D2AE8B93C5, 2, (t:0, i:0))
2021-11-14 01:04:37,287 [grpc-default-executor-0] INFO  impl.VoteContext (VoteContext.java:log(48)) - 42593a4f-89d4-4363-aad7-ee84fdc40b17@group-21D2AE8B93C5-FOLLOWER: reject ELECTION from a5432c49-5461-405d-b7d7-37e5c225d9bf: our priority 1 > candidate's priority 0
2021-11-14 01:04:37,287 [grpc-default-executor-0] INFO  server.RaftServer$Division (RaftServerImpl.java:setRole(290)) - 42593a4f-89d4-4363-aad7-ee84fdc40b17@group-21D2AE8B93C5: changes role from  FOLLOWER to FOLLOWER at term 2 for candidate:a5432c49-5461-405d-b7d7-37e5c225d9bf
2021-11-14 01:04:37,287 [grpc-default-executor-0] INFO  impl.RoleInfo (RoleInfo.java:shutdownFollowerState(108)) - 42593a4f-89d4-4363-aad7-ee84fdc40b17: shutdown 42593a4f-89d4-4363-aad7-ee84fdc40b17@group-21D2AE8B93C5-FollowerState
2021-11-14 01:04:37,287 [grpc-default-executor-0] INFO  impl.RoleInfo (RoleInfo.java:updateAndGet(130)) - 42593a4f-89d4-4363-aad7-ee84fdc40b17: start 42593a4f-89d4-4363-aad7-ee84fdc40b17@group-21D2AE8B93C5-FollowerState
2021-11-14 01:04:37,288 [42593a4f-89d4-4363-aad7-ee84fdc40b17@group-21D2AE8B93C5-FollowerState] INFO  impl.FollowerState (FollowerState.java:run(143)) - 42593a4f-89d4-4363-aad7-ee84fdc40b17@group-21D2AE8B93C5-FollowerState was interrupted: {}
java.lang.InterruptedException: sleep interrupted
	at java.lang.Thread.sleep(Native Method)
	at java.lang.Thread.sleep(Thread.java:340)
	at java.util.concurrent.TimeUnit.sleep(TimeUnit.java:386)
	at org.apache.ratis.util.TimeDuration.sleep(TimeDuration.java:324)
	at org.apache.ratis.util.TimeDuration.sleep(TimeDuration.java:309)
	at org.apache.ratis.server.impl.FollowerState.run(FollowerState.java:118)
2021-11-14 01:04:37,293 [grpc-default-executor-0] INFO  server.RaftServer$Division (RaftServerImpl.java:requestVote(1078)) - 42593a4f-89d4-4363-aad7-ee84fdc40b17@group-21D2AE8B93C5 replies to ELECTION vote request: a5432c49-5461-405d-b7d7-37e5c225d9bf<-42593a4f-89d4-4363-aad7-ee84fdc40b17#0:FAIL-t2. Peer's state: 42593a4f-89d4-4363-aad7-ee84fdc40b17@group-21D2AE8B93C5:t2, leader=null, voted=null, raftlog=42593a4f-89d4-4363-aad7-ee84fdc40b17@group-21D2AE8B93C5-SegmentedRaftLog:OPENED:c-1, conf=-1: [a5432c49-5461-405d-b7d7-37e5c225d9bf|rpc:10.1.0.47:33007|dataStream:|priority:0, 32069a0d-f39a-42d5-b706-96b3f478e9d8|rpc:10.1.0.47:43355|dataStream:|priority:0, 42593a4f-89d4-4363-aad7-ee84fdc40b17|rpc:10.1.0.47:38117|dataStream:|priority:1], old=null
2021-11-14 01:04:37,297 [a5432c49-5461-405d-b7d7-37e5c225d9bf@group-21D2AE8B93C5-LeaderElection115] INFO  impl.LeaderElection (LeaderElection.java:logAndReturn(89)) - a5432c49-5461-405d-b7d7-37e5c225d9bf@group-21D2AE8B93C5-LeaderElection115: ELECTION REJECTED received 2 response(s) and 0 exception(s):
2021-11-14 01:04:37,297 [a5432c49-5461-405d-b7d7-37e5c225d9bf@group-21D2AE8B93C5-LeaderElection115] INFO  impl.LeaderElection (LeaderElection.java:logAndReturn(93)) -   Response 0: a5432c49-5461-405d-b7d7-37e5c225d9bf<-32069a0d-f39a-42d5-b706-96b3f478e9d8#0:OK-t2
2021-11-14 01:04:37,297 [a5432c49-5461-405d-b7d7-37e5c225d9bf@group-21D2AE8B93C5-LeaderElection115] INFO  impl.LeaderElection (LeaderElection.java:logAndReturn(93)) -   Response 1: a5432c49-5461-405d-b7d7-37e5c225d9bf<-42593a4f-89d4-4363-aad7-ee84fdc40b17#0:FAIL-t2
2021-11-14 01:04:37,297 [a5432c49-5461-405d-b7d7-37e5c225d9bf@group-21D2AE8B93C5-LeaderElection115] INFO  impl.LeaderElection (LeaderElection.java:askForVotes(308)) - a5432c49-5461-405d-b7d7-37e5c225d9bf@group-21D2AE8B93C5-LeaderElection115 ELECTION round 0: result REJECTED
2021-11-14 01:04:37,297 [a5432c49-5461-405d-b7d7-37e5c225d9bf@group-21D2AE8B93C5-LeaderElection115] INFO  server.RaftServer$Division (RaftServerImpl.java:setRole(290)) - a5432c49-5461-405d-b7d7-37e5c225d9bf@group-21D2AE8B93C5: changes role from CANDIDATE to FOLLOWER at term 2 for REJECTED
2021-11-14 01:04:37,297 [a5432c49-5461-405d-b7d7-37e5c225d9bf@group-21D2AE8B93C5-LeaderElection115] INFO  impl.RoleInfo (RoleInfo.java:shutdownLeaderElection(121)) - a5432c49-5461-405d-b7d7-37e5c225d9bf: shutdown a5432c49-5461-405d-b7d7-37e5c225d9bf@group-21D2AE8B93C5-LeaderElection115
2021-11-14 01:04:37,297 [a5432c49-5461-405d-b7d7-37e5c225d9bf@group-21D2AE8B93C5-LeaderElection115] INFO  impl.RoleInfo (RoleInfo.java:updateAndGet(130)) - a5432c49-5461-405d-b7d7-37e5c225d9bf: start a5432c49-5461-405d-b7d7-37e5c225d9bf@group-21D2AE8B93C5-FollowerState
2021-11-14 01:04:37,609 [a5432c49-5461-405d-b7d7-37e5c225d9bf@group-728CC57844C0-FollowerState] INFO  impl.FollowerState (FollowerState.java:run(134)) - a5432c49-5461-405d-b7d7-37e5c225d9bf@group-728CC57844C0-FollowerState: change to CANDIDATE, lastRpcElapsedTime:5023526669ns, electionTimeout:5000ms
2021-11-14 01:04:37,610 [a5432c49-5461-405d-b7d7-37e5c225d9bf@group-728CC57844C0-FollowerState] INFO  impl.RoleInfo (RoleInfo.java:shutdownFollowerState(108)) - a5432c49-5461-405d-b7d7-37e5c225d9bf: shutdown a5432c49-5461-405d-b7d7-37e5c225d9bf@group-728CC57844C0-FollowerState
2021-11-14 01:04:37,610 [a5432c49-5461-405d-b7d7-37e5c225d9bf@group-728CC57844C0-FollowerState] INFO  server.RaftServer$Division (RaftServerImpl.java:setRole(290)) - a5432c49-5461-405d-b7d7-37e5c225d9bf@group-728CC57844C0: changes role from  FOLLOWER to CANDIDATE at term 1 for changeToCandidate
2021-11-14 01:04:37,610 [a5432c49-5461-405d-b7d7-37e5c225d9bf@group-728CC57844C0-FollowerState] INFO  server.RaftServerConfigKeys (ConfUtils.java:logGet(44)) - raft.server.leaderelection.pre-vote = false (custom)
2021-11-14 01:04:37,610 [a5432c49-5461-405d-b7d7-37e5c225d9bf@group-728CC57844C0-FollowerState] INFO  impl.RoleInfo (RoleInfo.java:updateAndGet(130)) - a5432c49-5461-405d-b7d7-37e5c225d9bf: start a5432c49-5461-405d-b7d7-37e5c225d9bf@group-728CC57844C0-LeaderElection116
2021-11-14 01:04:37,628 [a5432c49-5461-405d-b7d7-37e5c225d9bf@group-728CC57844C0-LeaderElection116] INFO  impl.LeaderElection (LeaderElection.java:askForVotes(306)) - a5432c49-5461-405d-b7d7-37e5c225d9bf@group-728CC57844C0-LeaderElection116 ELECTION round 0: submit vote requests at term 2 for -1: [a5432c49-5461-405d-b7d7-37e5c225d9bf|rpc:10.1.0.47:33007|dataStream:|priority:1, 32069a0d-f39a-42d5-b706-96b3f478e9d8|rpc:10.1.0.47:43355|dataStream:|priority:0, 42593a4f-89d4-4363-aad7-ee84fdc40b17|rpc:10.1.0.47:38117|dataStream:|priority:0], old=null
2021-11-14 01:04:37,630 [grpc-default-executor-0] INFO  server.RaftServer$Division (RaftServerImpl.java:requestVote(1046)) - 32069a0d-f39a-42d5-b706-96b3f478e9d8@group-728CC57844C0: receive requestVote(ELECTION, a5432c49-5461-405d-b7d7-37e5c225d9bf, group-728CC57844C0, 2, (t:0, i:0))
2021-11-14 01:04:37,630 [grpc-default-executor-0] INFO  impl.VoteContext (VoteContext.java:log(48)) - 32069a0d-f39a-42d5-b706-96b3f478e9d8@group-728CC57844C0-FOLLOWER: accept ELECTION from a5432c49-5461-405d-b7d7-37e5c225d9bf: our priority 0 <= candidate's priority 1
2021-11-14 01:04:37,630 [grpc-default-executor-0] INFO  server.RaftServer$Division (RaftServerImpl.java:setRole(290)) - 32069a0d-f39a-42d5-b706-96b3f478e9d8@group-728CC57844C0: changes role from  FOLLOWER to FOLLOWER at term 2 for candidate:a5432c49-5461-405d-b7d7-37e5c225d9bf
2021-11-14 01:04:37,630 [grpc-default-executor-0] INFO  impl.RoleInfo (RoleInfo.java:shutdownFollowerState(108)) - 32069a0d-f39a-42d5-b706-96b3f478e9d8: shutdown 32069a0d-f39a-42d5-b706-96b3f478e9d8@group-728CC57844C0-FollowerState
2021-11-14 01:04:37,631 [grpc-default-executor-0] INFO  impl.RoleInfo (RoleInfo.java:updateAndGet(130)) - 32069a0d-f39a-42d5-b706-96b3f478e9d8: start 32069a0d-f39a-42d5-b706-96b3f478e9d8@group-728CC57844C0-FollowerState
2021-11-14 01:04:37,631 [32069a0d-f39a-42d5-b706-96b3f478e9d8@group-728CC57844C0-FollowerState] INFO  impl.FollowerState (FollowerState.java:run(143)) - 32069a0d-f39a-42d5-b706-96b3f478e9d8@group-728CC57844C0-FollowerState was interrupted: {}
java.lang.InterruptedException: sleep interrupted
	at java.lang.Thread.sleep(Native Method)
	at java.lang.Thread.sleep(Thread.java:340)
	at java.util.concurrent.TimeUnit.sleep(TimeUnit.java:386)
	at org.apache.ratis.util.TimeDuration.sleep(TimeDuration.java:324)
	at org.apache.ratis.util.TimeDuration.sleep(TimeDuration.java:309)
	at org.apache.ratis.server.impl.FollowerState.run(FollowerState.java:118)
2021-11-14 01:04:37,632 [grpc-default-executor-4] INFO  server.RaftServer$Division (RaftServerImpl.java:requestVote(1046)) - 42593a4f-89d4-4363-aad7-ee84fdc40b17@group-728CC57844C0: receive requestVote(ELECTION, a5432c49-5461-405d-b7d7-37e5c225d9bf, group-728CC57844C0, 2, (t:0, i:0))
2021-11-14 01:04:37,634 [grpc-default-executor-4] INFO  impl.VoteContext (VoteContext.java:log(48)) - 42593a4f-89d4-4363-aad7-ee84fdc40b17@group-728CC57844C0-FOLLOWER: accept ELECTION from a5432c49-5461-405d-b7d7-37e5c225d9bf: our priority 0 <= candidate's priority 1
2021-11-14 01:04:37,635 [grpc-default-executor-0] INFO  server.RaftServer$Division (RaftServerImpl.java:requestVote(1078)) - 32069a0d-f39a-42d5-b706-96b3f478e9d8@group-728CC57844C0 replies to ELECTION vote request: a5432c49-5461-405d-b7d7-37e5c225d9bf<-32069a0d-f39a-42d5-b706-96b3f478e9d8#0:OK-t2. Peer's state: 32069a0d-f39a-42d5-b706-96b3f478e9d8@group-728CC57844C0:t2, leader=null, voted=a5432c49-5461-405d-b7d7-37e5c225d9bf, raftlog=32069a0d-f39a-42d5-b706-96b3f478e9d8@group-728CC57844C0-SegmentedRaftLog:OPENED:c-1, conf=-1: [a5432c49-5461-405d-b7d7-37e5c225d9bf|rpc:10.1.0.47:33007|priority:1, 32069a0d-f39a-42d5-b706-96b3f478e9d8|rpc:10.1.0.47:43355|priority:0, 42593a4f-89d4-4363-aad7-ee84fdc40b17|rpc:10.1.0.47:38117|priority:0], old=null
2021-11-14 01:04:37,635 [grpc-default-executor-4] INFO  server.RaftServer$Division (RaftServerImpl.java:setRole(290)) - 42593a4f-89d4-4363-aad7-ee84fdc40b17@group-728CC57844C0: changes role from  FOLLOWER to FOLLOWER at term 2 for candidate:a5432c49-5461-405d-b7d7-37e5c225d9bf
2021-11-14 01:04:37,635 [grpc-default-executor-4] INFO  impl.RoleInfo (RoleInfo.java:shutdownFollowerState(108)) - 42593a4f-89d4-4363-aad7-ee84fdc40b17: shutdown 42593a4f-89d4-4363-aad7-ee84fdc40b17@group-728CC57844C0-FollowerState
2021-11-14 01:04:37,635 [grpc-default-executor-4] INFO  impl.RoleInfo (RoleInfo.java:updateAndGet(130)) - 42593a4f-89d4-4363-aad7-ee84fdc40b17: start 42593a4f-89d4-4363-aad7-ee84fdc40b17@group-728CC57844C0-FollowerState
2021-11-14 01:04:37,635 [42593a4f-89d4-4363-aad7-ee84fdc40b17@group-728CC57844C0-FollowerState] INFO  impl.FollowerState (FollowerState.java:run(143)) - 42593a4f-89d4-4363-aad7-ee84fdc40b17@group-728CC57844C0-FollowerState was interrupted: {}
java.lang.InterruptedException: sleep interrupted
	at java.lang.Thread.sleep(Native Method)
	at java.lang.Thread.sleep(Thread.java:340)
	at java.util.concurrent.TimeUnit.sleep(TimeUnit.java:386)
	at org.apache.ratis.util.TimeDuration.sleep(TimeDuration.java:324)
	at org.apache.ratis.util.TimeDuration.sleep(TimeDuration.java:309)
	at org.apache.ratis.server.impl.FollowerState.run(FollowerState.java:118)
2021-11-14 01:04:37,636 [a5432c49-5461-405d-b7d7-37e5c225d9bf@group-728CC57844C0-LeaderElection116] INFO  impl.LeaderElection (LeaderElection.java:logAndReturn(89)) - a5432c49-5461-405d-b7d7-37e5c225d9bf@group-728CC57844C0-LeaderElection116: ELECTION PASSED received 1 response(s) and 0 exception(s):
2021-11-14 01:04:37,636 [a5432c49-5461-405d-b7d7-37e5c225d9bf@group-728CC57844C0-LeaderElection116] INFO  impl.LeaderElection (LeaderElection.java:logAndReturn(93)) -   Response 0: a5432c49-5461-405d-b7d7-37e5c225d9bf<-32069a0d-f39a-42d5-b706-96b3f478e9d8#0:OK-t2
2021-11-14 01:04:37,636 [a5432c49-5461-405d-b7d7-37e5c225d9bf@group-728CC57844C0-LeaderElection116] INFO  impl.LeaderElection (LeaderElection.java:askForVotes(308)) - a5432c49-5461-405d-b7d7-37e5c225d9bf@group-728CC57844C0-LeaderElection116 ELECTION round 0: result PASSED
2021-11-14 01:04:37,636 [a5432c49-5461-405d-b7d7-37e5c225d9bf@group-728CC57844C0-LeaderElection116] INFO  impl.RoleInfo (RoleInfo.java:shutdownLeaderElection(121)) - a5432c49-5461-405d-b7d7-37e5c225d9bf: shutdown a5432c49-5461-405d-b7d7-37e5c225d9bf@group-728CC57844C0-LeaderElection116
2021-11-14 01:04:37,636 [a5432c49-5461-405d-b7d7-37e5c225d9bf@group-728CC57844C0-LeaderElection116] INFO  server.RaftServer$Division (RaftServerImpl.java:setRole(290)) - a5432c49-5461-405d-b7d7-37e5c225d9bf@group-728CC57844C0: changes role from CANDIDATE to LEADER at term 2 for changeToLeader
2021-11-14 01:04:37,636 [a5432c49-5461-405d-b7d7-37e5c225d9bf@group-728CC57844C0-LeaderElection116] INFO  ratis.XceiverServerRatis (XceiverServerRatis.java:handleLeaderChangedNotification(866)) - Leader change notification received for group: group-728CC57844C0 with new leaderId: a5432c49-5461-405d-b7d7-37e5c225d9bf
2021-11-14 01:04:37,636 [a5432c49-5461-405d-b7d7-37e5c225d9bf@group-728CC57844C0-LeaderElection116] INFO  server.RaftServer$Division (ServerState.java:setLeader(285)) - a5432c49-5461-405d-b7d7-37e5c225d9bf@group-728CC57844C0: change Leader from null to a5432c49-5461-405d-b7d7-37e5c225d9bf at term 2 for becomeLeader, leader elected after 10262ms
2021-11-14 01:04:37,636 [a5432c49-5461-405d-b7d7-37e5c225d9bf@group-728CC57844C0-LeaderElection116] INFO  server.RaftServerConfigKeys (ConfUtils.java:logGet(44)) - raft.server.staging.catchup.gap = 1000 (default)
2021-11-14 01:04:37,637 [a5432c49-5461-405d-b7d7-37e5c225d9bf@group-728CC57844C0-LeaderElection116] INFO  server.RaftServerConfigKeys (ConfUtils.java:logGet(44)) - raft.server.write.element-limit = 1024 (custom)
2021-11-14 01:04:37,637 [a5432c49-5461-405d-b7d7-37e5c225d9bf@group-728CC57844C0-LeaderElection116] INFO  server.RaftServerConfigKeys (ConfUtils.java:logGet(44)) - raft.server.write.byte-limit = 1024 M (=1073741824) (custom)
2021-11-14 01:04:37,637 [a5432c49-5461-405d-b7d7-37e5c225d9bf@group-728CC57844C0-LeaderElection116] INFO  server.RaftServerConfigKeys (ConfUtils.java:logGet(44)) - raft.server.watch.timeout = 3000ms (custom)
2021-11-14 01:04:37,637 [a5432c49-5461-405d-b7d7-37e5c225d9bf@group-728CC57844C0-LeaderElection116] INFO  server.RaftServerConfigKeys (ConfUtils.java:logGet(44)) - raft.server.watch.timeout.denomination = 1s (default)
2021-11-14 01:04:37,637 [a5432c49-5461-405d-b7d7-37e5c225d9bf@group-728CC57844C0-LeaderElection116] INFO  server.RaftServerConfigKeys (ConfUtils.java:logGet(44)) - raft.server.watch.element-limit = 65536 (default)
2021-11-14 01:04:37,637 [a5432c49-5461-405d-b7d7-37e5c225d9bf@group-728CC57844C0-LeaderElection116] INFO  server.RaftServerConfigKeys (ConfUtils.java:logGet(44)) - raft.server.write.element-limit = 1024 (custom)
2021-11-14 01:04:37,637 [a5432c49-5461-405d-b7d7-37e5c225d9bf@group-728CC57844C0-LeaderElection116] INFO  server.RaftServerConfigKeys (ConfUtils.java:logGet(44)) - raft.server.write.follower.gap.ratio.max = -1.0 (default)
2021-11-14 01:04:37,637 [a5432c49-5461-405d-b7d7-37e5c225d9bf@group-728CC57844C0-LeaderElection116] INFO  server.RaftServerConfigKeys (ConfUtils.java:logGet(44)) - raft.server.log.appender.snapshot.chunk.size.max = 16MB (=16777216) (default)
2021-11-14 01:04:37,637 [a5432c49-5461-405d-b7d7-37e5c225d9bf@group-728CC57844C0-LeaderElection116] INFO  server.RaftServerConfigKeys (ConfUtils.java:logGet(44)) - raft.server.log.appender.buffer.byte-limit = 33554432 (custom)
2021-11-14 01:04:37,638 [a5432c49-5461-405d-b7d7-37e5c225d9bf@group-728CC57844C0-LeaderElection116] INFO  server.RaftServerConfigKeys (ConfUtils.java:logGet(44)) - raft.server.log.appender.buffer.element-limit = 1 (custom)
2021-11-14 01:04:37,638 [a5432c49-5461-405d-b7d7-37e5c225d9bf@group-728CC57844C0-LeaderElection116] INFO  grpc.GrpcConfigKeys (ConfUtils.java:logGet(44)) - raft.grpc.server.leader.outstanding.appends.max = 128 (default)
2021-11-14 01:04:37,638 [a5432c49-5461-405d-b7d7-37e5c225d9bf@group-728CC57844C0-LeaderElection116] INFO  server.RaftServerConfigKeys (ConfUtils.java:logGet(44)) - raft.server.rpc.request.timeout = 3000ms (default)
2021-11-14 01:04:37,638 [grpc-default-executor-4] INFO  server.RaftServer$Division (RaftServerImpl.java:requestVote(1078)) - 42593a4f-89d4-4363-aad7-ee84fdc40b17@group-728CC57844C0 replies to ELECTION vote request: a5432c49-5461-405d-b7d7-37e5c225d9bf<-42593a4f-89d4-4363-aad7-ee84fdc40b17#0:OK-t2. Peer's state: 42593a4f-89d4-4363-aad7-ee84fdc40b17@group-728CC57844C0:t2, leader=null, voted=a5432c49-5461-405d-b7d7-37e5c225d9bf, raftlog=42593a4f-89d4-4363-aad7-ee84fdc40b17@group-728CC57844C0-SegmentedRaftLog:OPENED:c-1, conf=-1: [a5432c49-5461-405d-b7d7-37e5c225d9bf|rpc:10.1.0.47:33007|dataStream:|priority:1, 32069a0d-f39a-42d5-b706-96b3f478e9d8|rpc:10.1.0.47:43355|dataStream:|priority:0, 42593a4f-89d4-4363-aad7-ee84fdc40b17|rpc:10.1.0.47:38117|dataStream:|priority:0], old=null
2021-11-14 01:04:37,638 [EventQueue-PipelineReportForPipelineReportHandler] INFO  pipeline.PipelineManagerImpl (PipelineManagerImpl.java:openPipeline(289)) - Pipeline Pipeline[ Id: 075e133d-6554-4497-a8b7-728cc57844c0, Nodes: a5432c49-5461-405d-b7d7-37e5c225d9bf{ip: 10.1.0.47, host: fv-az395-453.zfmzfyrfkyou3ow0tsr0jxwq1e.bx.internal.cloudapp.net, ports: [REPLICATION=42911, RATIS=33007, RATIS_ADMIN=33007, RATIS_SERVER=33007, STANDALONE=34183], networkLocation: /default-rack, certSerialId: null, persistedOpState: IN_SERVICE, persistedOpStateExpiryEpochSec: 0}42593a4f-89d4-4363-aad7-ee84fdc40b17{ip: 10.1.0.47, host: fv-az395-453.zfmzfyrfkyou3ow0tsr0jxwq1e.bx.internal.cloudapp.net, ports: [REPLICATION=44265, RATIS=38117, RATIS_ADMIN=38117, RATIS_SERVER=38117, STANDALONE=45285], networkLocation: /default-rack, certSerialId: null, persistedOpState: IN_SERVICE, persistedOpStateExpiryEpochSec: 0}32069a0d-f39a-42d5-b706-96b3f478e9d8{ip: 10.1.0.47, host: fv-az395-453.zfmzfyrfkyou3ow0tsr0jxwq1e.bx.internal.cloudapp.net, ports: [REPLICATION=45299, RATIS=43355, RATIS_ADMIN=43355, RATIS_SERVER=43355, STANDALONE=42407], networkLocation: /default-rack, certSerialId: null, persistedOpState: IN_SERVICE, persistedOpStateExpiryEpochSec: 0}, ReplicationConfig: RATIS/THREE, State:ALLOCATED, leaderId:a5432c49-5461-405d-b7d7-37e5c225d9bf, CreationTimestamp2021-11-14T01:04:24.659Z[Etc/UTC]] moved to OPEN state
2021-11-14 01:04:37,638 [a5432c49-5461-405d-b7d7-37e5c225d9bf@group-728CC57844C0-LeaderElection116] INFO  server.RaftServerConfigKeys (ConfUtils.java:logGet(44)) - raft.server.log.appender.install.snapshot.enabled = false (custom)
2021-11-14 01:04:37,640 [a5432c49-5461-405d-b7d7-37e5c225d9bf@group-728CC57844C0-LeaderElection116] INFO  server.RaftServerConfigKeys (ConfUtils.java:logGet(44)) - raft.server.log.appender.snapshot.chunk.size.max = 16MB (=16777216) (default)
2021-11-14 01:04:37,640 [a5432c49-5461-405d-b7d7-37e5c225d9bf@group-728CC57844C0-LeaderElection116] INFO  server.RaftServerConfigKeys (ConfUtils.java:logGet(44)) - raft.server.log.appender.buffer.byte-limit = 33554432 (custom)
2021-11-14 01:04:37,640 [a5432c49-5461-405d-b7d7-37e5c225d9bf@group-728CC57844C0-LeaderElection116] INFO  server.RaftServerConfigKeys (ConfUtils.java:logGet(44)) - raft.server.log.appender.buffer.element-limit = 1 (custom)
2021-11-14 01:04:37,640 [a5432c49-5461-405d-b7d7-37e5c225d9bf@group-728CC57844C0-LeaderElection116] INFO  grpc.GrpcConfigKeys (ConfUtils.java:logGet(44)) - raft.grpc.server.leader.outstanding.appends.max = 128 (default)
2021-11-14 01:04:37,641 [a5432c49-5461-405d-b7d7-37e5c225d9bf@group-728CC57844C0-LeaderElection116] INFO  server.RaftServerConfigKeys (ConfUtils.java:logGet(44)) - raft.server.rpc.request.timeout = 3000ms (default)
2021-11-14 01:04:37,641 [a5432c49-5461-405d-b7d7-37e5c225d9bf@group-728CC57844C0-LeaderElection116] INFO  server.RaftServerConfigKeys (ConfUtils.java:logGet(44)) - raft.server.log.appender.install.snapshot.enabled = false (custom)
2021-11-14 01:04:37,645 [a5432c49-5461-405d-b7d7-37e5c225d9bf@group-728CC57844C0-LeaderElection116] INFO  impl.RoleInfo (RoleInfo.java:updateAndGet(130)) - a5432c49-5461-405d-b7d7-37e5c225d9bf: start a5432c49-5461-405d-b7d7-37e5c225d9bf@group-728CC57844C0-LeaderStateImpl
2021-11-14 01:04:37,645 [a5432c49-5461-405d-b7d7-37e5c225d9bf@group-728CC57844C0-LeaderElection116] INFO  segmented.SegmentedRaftLogWorker (SegmentedRaftLogWorker.java:startLogSegment(394)) - a5432c49-5461-405d-b7d7-37e5c225d9bf@group-728CC57844C0-SegmentedRaftLogWorker: Starting segment from index:0
2021-11-14 01:04:37,647 [a5432c49-5461-405d-b7d7-37e5c225d9bf@group-728CC57844C0-SegmentedRaftLogWorker] INFO  segmented.SegmentedRaftLogWorker (SegmentedRaftLogWorker.java:execute(601)) - a5432c49-5461-405d-b7d7-37e5c225d9bf@group-728CC57844C0-SegmentedRaftLogWorker: created new log segment /home/runner/work/ozone/ozone/hadoop-ozone/integration-test/target/test-dir/MiniOzoneClusterImpl-5b6cbd2a-2976-43bc-8d1c-e3ca86cddeeb/datanode-1/data/ratis/075e133d-6554-4497-a8b7-728cc57844c0/current/log_inprogress_0
2021-11-14 01:04:37,664 [grpc-default-executor-4] INFO  ratis.XceiverServerRatis (XceiverServerRatis.java:handleLeaderChangedNotification(866)) - Leader change notification received for group: group-728CC57844C0 with new leaderId: a5432c49-5461-405d-b7d7-37e5c225d9bf
2021-11-14 01:04:37,664 [grpc-default-executor-4] INFO  server.RaftServer$Division (ServerState.java:setLeader(285)) - 42593a4f-89d4-4363-aad7-ee84fdc40b17@group-728CC57844C0: change Leader from null to a5432c49-5461-405d-b7d7-37e5c225d9bf at term 2 for appendEntries, leader elected after 10179ms
2021-11-14 01:04:37,674 [grpc-default-executor-1] INFO  ratis.XceiverServerRatis (XceiverServerRatis.java:handleLeaderChangedNotification(866)) - Leader change notification received for group: group-728CC57844C0 with new leaderId: a5432c49-5461-405d-b7d7-37e5c225d9bf
2021-11-14 01:04:37,674 [grpc-default-executor-1] INFO  server.RaftServer$Division (ServerState.java:setLeader(285)) - 32069a0d-f39a-42d5-b706-96b3f478e9d8@group-728CC57844C0: change Leader from null to a5432c49-5461-405d-b7d7-37e5c225d9bf at term 2 for appendEntries, leader elected after 10445ms
2021-11-14 01:04:37,675 [grpc-default-executor-1] INFO  server.RaftServer$Division (ServerState.java:setRaftConf(387)) - 32069a0d-f39a-42d5-b706-96b3f478e9d8@group-728CC57844C0: set configuration 0: [a5432c49-5461-405d-b7d7-37e5c225d9bf|rpc:10.1.0.47:33007|dataStream:|priority:1, 32069a0d-f39a-42d5-b706-96b3f478e9d8|rpc:10.1.0.47:43355|dataStream:|priority:0, 42593a4f-89d4-4363-aad7-ee84fdc40b17|rpc:10.1.0.47:38117|dataStream:|priority:0], old=null
2021-11-14 01:04:37,675 [grpc-default-executor-1] INFO  segmented.SegmentedRaftLogWorker (SegmentedRaftLogWorker.java:startLogSegment(394)) - 32069a0d-f39a-42d5-b706-96b3f478e9d8@group-728CC57844C0-SegmentedRaftLogWorker: Starting segment from index:0
2021-11-14 01:04:37,677 [a5432c49-5461-405d-b7d7-37e5c225d9bf@group-728CC57844C0-LeaderElection116] INFO  server.RaftServer$Division (ServerState.java:setRaftConf(387)) - a5432c49-5461-405d-b7d7-37e5c225d9bf@group-728CC57844C0: set configuration 0: [a5432c49-5461-405d-b7d7-37e5c225d9bf|rpc:10.1.0.47:33007|dataStream:|priority:1, 32069a0d-f39a-42d5-b706-96b3f478e9d8|rpc:10.1.0.47:43355|dataStream:|priority:0, 42593a4f-89d4-4363-aad7-ee84fdc40b17|rpc:10.1.0.47:38117|dataStream:|priority:0], old=null
2021-11-14 01:04:37,681 [32069a0d-f39a-42d5-b706-96b3f478e9d8@group-728CC57844C0-SegmentedRaftLogWorker] INFO  segmented.SegmentedRaftLogWorker (SegmentedRaftLogWorker.java:execute(601)) - 32069a0d-f39a-42d5-b706-96b3f478e9d8@group-728CC57844C0-SegmentedRaftLogWorker: created new log segment /home/runner/work/ozone/ozone/hadoop-ozone/integration-test/target/test-dir/MiniOzoneClusterImpl-5b6cbd2a-2976-43bc-8d1c-e3ca86cddeeb/datanode-0/data/ratis/075e133d-6554-4497-a8b7-728cc57844c0/current/log_inprogress_0
2021-11-14 01:04:37,691 [grpc-default-executor-4] INFO  server.RaftServer$Division (ServerState.java:setRaftConf(387)) - 42593a4f-89d4-4363-aad7-ee84fdc40b17@group-728CC57844C0: set configuration 0: [a5432c49-5461-405d-b7d7-37e5c225d9bf|rpc:10.1.0.47:33007|dataStream:|priority:1, 32069a0d-f39a-42d5-b706-96b3f478e9d8|rpc:10.1.0.47:43355|dataStream:|priority:0, 42593a4f-89d4-4363-aad7-ee84fdc40b17|rpc:10.1.0.47:38117|dataStream:|priority:0], old=null
2021-11-14 01:04:37,691 [grpc-default-executor-4] INFO  segmented.SegmentedRaftLogWorker (SegmentedRaftLogWorker.java:startLogSegment(394)) - 42593a4f-89d4-4363-aad7-ee84fdc40b17@group-728CC57844C0-SegmentedRaftLogWorker: Starting segment from index:0
2021-11-14 01:04:37,696 [42593a4f-89d4-4363-aad7-ee84fdc40b17@group-728CC57844C0-SegmentedRaftLogWorker] INFO  segmented.SegmentedRaftLogWorker (SegmentedRaftLogWorker.java:execute(601)) - 42593a4f-89d4-4363-aad7-ee84fdc40b17@group-728CC57844C0-SegmentedRaftLogWorker: created new log segment /home/runner/work/ozone/ozone/hadoop-ozone/integration-test/target/test-dir/MiniOzoneClusterImpl-5b6cbd2a-2976-43bc-8d1c-e3ca86cddeeb/datanode-2/data/ratis/075e133d-6554-4497-a8b7-728cc57844c0/current/log_inprogress_0
2021-11-14 01:04:38,394 [5b42674d-a9fa-4183-866d-d0b91026c546@group-B41A3219138A-FollowerState] INFO  impl.FollowerState (FollowerState.java:run(134)) - 5b42674d-a9fa-4183-866d-d0b91026c546@group-B41A3219138A-FollowerState: change to CANDIDATE, lastRpcElapsedTime:5064168742ns, electionTimeout:5034ms
2021-11-14 01:04:38,394 [5b42674d-a9fa-4183-866d-d0b91026c546@group-B41A3219138A-FollowerState] INFO  impl.RoleInfo (RoleInfo.java:shutdownFollowerState(108)) - 5b42674d-a9fa-4183-866d-d0b91026c546: shutdown 5b42674d-a9fa-4183-866d-d0b91026c546@group-B41A3219138A-FollowerState
2021-11-14 01:04:38,394 [5b42674d-a9fa-4183-866d-d0b91026c546@group-B41A3219138A-FollowerState] INFO  server.RaftServer$Division (RaftServerImpl.java:setRole(290)) - 5b42674d-a9fa-4183-866d-d0b91026c546@group-B41A3219138A: changes role from  FOLLOWER to CANDIDATE at term 1 for changeToCandidate
2021-11-14 01:04:38,394 [5b42674d-a9fa-4183-866d-d0b91026c546@group-B41A3219138A-FollowerState] INFO  server.RaftServerConfigKeys (ConfUtils.java:logGet(44)) - raft.server.leaderelection.pre-vote = false (custom)
2021-11-14 01:04:38,394 [5b42674d-a9fa-4183-866d-d0b91026c546@group-B41A3219138A-FollowerState] INFO  impl.RoleInfo (RoleInfo.java:updateAndGet(130)) - 5b42674d-a9fa-4183-866d-d0b91026c546: start 5b42674d-a9fa-4183-866d-d0b91026c546@group-B41A3219138A-LeaderElection117
2021-11-14 01:04:38,404 [5b42674d-a9fa-4183-866d-d0b91026c546@group-B41A3219138A-LeaderElection117] INFO  impl.LeaderElection (LeaderElection.java:askForVotes(306)) - 5b42674d-a9fa-4183-866d-d0b91026c546@group-B41A3219138A-LeaderElection117 ELECTION round 0: submit vote requests at term 2 for -1: [e624a09e-d66f-4eff-951a-8f24e1213b58|rpc:10.1.0.47:41437|dataStream:|priority:0, 8f64935f-b83c-4009-bc32-b4395deb71aa|rpc:10.1.0.47:45069|dataStream:|priority:0, 5b42674d-a9fa-4183-866d-d0b91026c546|rpc:10.1.0.47:35089|dataStream:|priority:1], old=null
2021-11-14 01:04:38,407 [grpc-default-executor-4] INFO  server.RaftServer$Division (RaftServerImpl.java:requestVote(1046)) - 8f64935f-b83c-4009-bc32-b4395deb71aa@group-B41A3219138A: receive requestVote(ELECTION, 5b42674d-a9fa-4183-866d-d0b91026c546, group-B41A3219138A, 2, (t:0, i:0))
2021-11-14 01:04:38,407 [grpc-default-executor-4] INFO  impl.VoteContext (VoteContext.java:log(48)) - 8f64935f-b83c-4009-bc32-b4395deb71aa@group-B41A3219138A-FOLLOWER: accept ELECTION from 5b42674d-a9fa-4183-866d-d0b91026c546: our priority 0 <= candidate's priority 1
2021-11-14 01:04:38,408 [grpc-default-executor-4] INFO  server.RaftServer$Division (RaftServerImpl.java:setRole(290)) - 8f64935f-b83c-4009-bc32-b4395deb71aa@group-B41A3219138A: changes role from  FOLLOWER to FOLLOWER at term 2 for candidate:5b42674d-a9fa-4183-866d-d0b91026c546
2021-11-14 01:04:38,408 [grpc-default-executor-4] INFO  impl.RoleInfo (RoleInfo.java:shutdownFollowerState(108)) - 8f64935f-b83c-4009-bc32-b4395deb71aa: shutdown 8f64935f-b83c-4009-bc32-b4395deb71aa@group-B41A3219138A-FollowerState
2021-11-14 01:04:38,408 [grpc-default-executor-4] INFO  impl.RoleInfo (RoleInfo.java:updateAndGet(130)) - 8f64935f-b83c-4009-bc32-b4395deb71aa: start 8f64935f-b83c-4009-bc32-b4395deb71aa@group-B41A3219138A-FollowerState
2021-11-14 01:04:38,408 [8f64935f-b83c-4009-bc32-b4395deb71aa@group-B41A3219138A-FollowerState] INFO  impl.FollowerState (FollowerState.java:run(143)) - 8f64935f-b83c-4009-bc32-b4395deb71aa@group-B41A3219138A-FollowerState was interrupted: {}
java.lang.InterruptedException: sleep interrupted
	at java.lang.Thread.sleep(Native Method)
	at java.lang.Thread.sleep(Thread.java:340)
	at java.util.concurrent.TimeUnit.sleep(TimeUnit.java:386)
	at org.apache.ratis.util.TimeDuration.sleep(TimeDuration.java:324)
	at org.apache.ratis.util.TimeDuration.sleep(TimeDuration.java:309)
	at org.apache.ratis.server.impl.FollowerState.run(FollowerState.java:118)
2021-11-14 01:04:38,414 [grpc-default-executor-4] INFO  server.RaftServer$Division (RaftServerImpl.java:requestVote(1078)) - 8f64935f-b83c-4009-bc32-b4395deb71aa@group-B41A3219138A replies to ELECTION vote request: 5b42674d-a9fa-4183-866d-d0b91026c546<-8f64935f-b83c-4009-bc32-b4395deb71aa#0:OK-t2. Peer's state: 8f64935f-b83c-4009-bc32-b4395deb71aa@group-B41A3219138A:t2, leader=null, voted=5b42674d-a9fa-4183-866d-d0b91026c546, raftlog=8f64935f-b83c-4009-bc32-b4395deb71aa@group-B41A3219138A-SegmentedRaftLog:OPENED:c-1, conf=-1: [e624a09e-d66f-4eff-951a-8f24e1213b58|rpc:10.1.0.47:41437|priority:0, 8f64935f-b83c-4009-bc32-b4395deb71aa|rpc:10.1.0.47:45069|priority:0, 5b42674d-a9fa-4183-866d-d0b91026c546|rpc:10.1.0.47:35089|priority:1], old=null
2021-11-14 01:04:38,417 [5b42674d-a9fa-4183-866d-d0b91026c546@group-B41A3219138A-LeaderElection117] INFO  impl.LeaderElection (LeaderElection.java:logAndReturn(89)) - 5b42674d-a9fa-4183-866d-d0b91026c546@group-B41A3219138A-LeaderElection117: ELECTION PASSED received 1 response(s) and 0 exception(s):
2021-11-14 01:04:38,417 [5b42674d-a9fa-4183-866d-d0b91026c546@group-B41A3219138A-LeaderElection117] INFO  impl.LeaderElection (LeaderElection.java:logAndReturn(93)) -   Response 0: 5b42674d-a9fa-4183-866d-d0b91026c546<-8f64935f-b83c-4009-bc32-b4395deb71aa#0:OK-t2
2021-11-14 01:04:38,417 [5b42674d-a9fa-4183-866d-d0b91026c546@group-B41A3219138A-LeaderElection117] INFO  impl.LeaderElection (LeaderElection.java:askForVotes(308)) - 5b42674d-a9fa-4183-866d-d0b91026c546@group-B41A3219138A-LeaderElection117 ELECTION round 0: result PASSED
2021-11-14 01:04:38,417 [5b42674d-a9fa-4183-866d-d0b91026c546@group-B41A3219138A-LeaderElection117] INFO  impl.RoleInfo (RoleInfo.java:shutdownLeaderElection(121)) - 5b42674d-a9fa-4183-866d-d0b91026c546: shutdown 5b42674d-a9fa-4183-866d-d0b91026c546@group-B41A3219138A-LeaderElection117
2021-11-14 01:04:38,417 [5b42674d-a9fa-4183-866d-d0b91026c546@group-B41A3219138A-LeaderElection117] INFO  server.RaftServer$Division (RaftServerImpl.java:setRole(290)) - 5b42674d-a9fa-4183-866d-d0b91026c546@group-B41A3219138A: changes role from CANDIDATE to LEADER at term 2 for changeToLeader
2021-11-14 01:04:38,417 [5b42674d-a9fa-4183-866d-d0b91026c546@group-B41A3219138A-LeaderElection117] INFO  ratis.XceiverServerRatis (XceiverServerRatis.java:handleLeaderChangedNotification(866)) - Leader change notification received for group: group-B41A3219138A with new leaderId: 5b42674d-a9fa-4183-866d-d0b91026c546
2021-11-14 01:04:38,417 [5b42674d-a9fa-4183-866d-d0b91026c546@group-B41A3219138A-LeaderElection117] INFO  server.RaftServer$Division (ServerState.java:setLeader(285)) - 5b42674d-a9fa-4183-866d-d0b91026c546@group-B41A3219138A: change Leader from null to 5b42674d-a9fa-4183-866d-d0b91026c546 at term 2 for becomeLeader, leader elected after 10107ms
2021-11-14 01:04:38,417 [5b42674d-a9fa-4183-866d-d0b91026c546@group-B41A3219138A-LeaderElection117] INFO  server.RaftServerConfigKeys (ConfUtils.java:logGet(44)) - raft.server.staging.catchup.gap = 1000 (default)
2021-11-14 01:04:38,417 [5b42674d-a9fa-4183-866d-d0b91026c546@group-B41A3219138A-LeaderElection117] INFO  server.RaftServerConfigKeys (ConfUtils.java:logGet(44)) - raft.server.write.element-limit = 1024 (custom)
2021-11-14 01:04:38,418 [5b42674d-a9fa-4183-866d-d0b91026c546@group-B41A3219138A-LeaderElection117] INFO  server.RaftServerConfigKeys (ConfUtils.java:logGet(44)) - raft.server.write.byte-limit = 1024 M (=1073741824) (custom)
2021-11-14 01:04:38,418 [5b42674d-a9fa-4183-866d-d0b91026c546@group-B41A3219138A-LeaderElection117] INFO  server.RaftServerConfigKeys (ConfUtils.java:logGet(44)) - raft.server.watch.timeout = 3000ms (custom)
2021-11-14 01:04:38,418 [5b42674d-a9fa-4183-866d-d0b91026c546@group-B41A3219138A-LeaderElection117] INFO  server.RaftServerConfigKeys (ConfUtils.java:logGet(44)) - raft.server.watch.timeout.denomination = 1s (default)
2021-11-14 01:04:38,418 [5b42674d-a9fa-4183-866d-d0b91026c546@group-B41A3219138A-LeaderElection117] INFO  server.RaftServerConfigKeys (ConfUtils.java:logGet(44)) - raft.server.watch.element-limit = 65536 (default)
2021-11-14 01:04:38,418 [5b42674d-a9fa-4183-866d-d0b91026c546@group-B41A3219138A-LeaderElection117] INFO  server.RaftServerConfigKeys (ConfUtils.java:logGet(44)) - raft.server.write.element-limit = 1024 (custom)
2021-11-14 01:04:38,418 [5b42674d-a9fa-4183-866d-d0b91026c546@group-B41A3219138A-LeaderElection117] INFO  server.RaftServerConfigKeys (ConfUtils.java:logGet(44)) - raft.server.write.follower.gap.ratio.max = -1.0 (default)
2021-11-14 01:04:38,418 [5b42674d-a9fa-4183-866d-d0b91026c546@group-B41A3219138A-LeaderElection117] INFO  server.RaftServerConfigKeys (ConfUtils.java:logGet(44)) - raft.server.log.appender.snapshot.chunk.size.max = 16MB (=16777216) (default)
2021-11-14 01:04:38,418 [5b42674d-a9fa-4183-866d-d0b91026c546@group-B41A3219138A-LeaderElection117] INFO  server.RaftServerConfigKeys (ConfUtils.java:logGet(44)) - raft.server.log.appender.buffer.byte-limit = 33554432 (custom)
2021-11-14 01:04:38,419 [5b42674d-a9fa-4183-866d-d0b91026c546@group-B41A3219138A-LeaderElection117] INFO  server.RaftServerConfigKeys (ConfUtils.java:logGet(44)) - raft.server.log.appender.buffer.element-limit = 1 (custom)
2021-11-14 01:04:38,419 [5b42674d-a9fa-4183-866d-d0b91026c546@group-B41A3219138A-LeaderElection117] INFO  grpc.GrpcConfigKeys (ConfUtils.java:logGet(44)) - raft.grpc.server.leader.outstanding.appends.max = 128 (default)
2021-11-14 01:04:38,419 [5b42674d-a9fa-4183-866d-d0b91026c546@group-B41A3219138A-LeaderElection117] INFO  server.RaftServerConfigKeys (ConfUtils.java:logGet(44)) - raft.server.rpc.request.timeout = 3000ms (default)
2021-11-14 01:04:38,419 [5b42674d-a9fa-4183-866d-d0b91026c546@group-B41A3219138A-LeaderElection117] INFO  server.RaftServerConfigKeys (ConfUtils.java:logGet(44)) - raft.server.log.appender.install.snapshot.enabled = false (custom)
2021-11-14 01:04:38,420 [5b42674d-a9fa-4183-866d-d0b91026c546@group-B41A3219138A-LeaderElection117] INFO  server.RaftServerConfigKeys (ConfUtils.java:logGet(44)) - raft.server.log.appender.snapshot.chunk.size.max = 16MB (=16777216) (default)
2021-11-14 01:04:38,420 [5b42674d-a9fa-4183-866d-d0b91026c546@group-B41A3219138A-LeaderElection117] INFO  server.RaftServerConfigKeys (ConfUtils.java:logGet(44)) - raft.server.log.appender.buffer.byte-limit = 33554432 (custom)
2021-11-14 01:04:38,420 [5b42674d-a9fa-4183-866d-d0b91026c546@group-B41A3219138A-LeaderElection117] INFO  server.RaftServerConfigKeys (ConfUtils.java:logGet(44)) - raft.server.log.appender.buffer.element-limit = 1 (custom)
2021-11-14 01:04:38,420 [5b42674d-a9fa-4183-866d-d0b91026c546@group-B41A3219138A-LeaderElection117] INFO  grpc.GrpcConfigKeys (ConfUtils.java:logGet(44)) - raft.grpc.server.leader.outstanding.appends.max = 128 (default)
2021-11-14 01:04:38,420 [5b42674d-a9fa-4183-866d-d0b91026c546@group-B41A3219138A-LeaderElection117] INFO  server.RaftServerConfigKeys (ConfUtils.java:logGet(44)) - raft.server.rpc.request.timeout = 3000ms (default)
2021-11-14 01:04:38,420 [5b42674d-a9fa-4183-866d-d0b91026c546@group-B41A3219138A-LeaderElection117] INFO  server.RaftServerConfigKeys (ConfUtils.java:logGet(44)) - raft.server.log.appender.install.snapshot.enabled = false (custom)
2021-11-14 01:04:38,423 [5b42674d-a9fa-4183-866d-d0b91026c546@group-B41A3219138A-LeaderElection117] INFO  impl.RoleInfo (RoleInfo.java:updateAndGet(130)) - 5b42674d-a9fa-4183-866d-d0b91026c546: start 5b42674d-a9fa-4183-866d-d0b91026c546@group-B41A3219138A-LeaderStateImpl
2021-11-14 01:04:38,423 [5b42674d-a9fa-4183-866d-d0b91026c546@group-B41A3219138A-LeaderElection117] INFO  segmented.SegmentedRaftLogWorker (SegmentedRaftLogWorker.java:startLogSegment(394)) - 5b42674d-a9fa-4183-866d-d0b91026c546@group-B41A3219138A-SegmentedRaftLogWorker: Starting segment from index:0
2021-11-14 01:04:38,424 [5b42674d-a9fa-4183-866d-d0b91026c546@group-B41A3219138A-SegmentedRaftLogWorker] INFO  segmented.SegmentedRaftLogWorker (SegmentedRaftLogWorker.java:execute(601)) - 5b42674d-a9fa-4183-866d-d0b91026c546@group-B41A3219138A-SegmentedRaftLogWorker: created new log segment /home/runner/work/ozone/ozone/hadoop-ozone/integration-test/target/test-dir/MiniOzoneClusterImpl-5b6cbd2a-2976-43bc-8d1c-e3ca86cddeeb/datanode-4/data/ratis/18bfed5b-9086-4d3b-be28-b41a3219138a/current/log_inprogress_0
2021-11-14 01:04:38,426 [grpc-default-executor-4] INFO  server.RaftServer$Division (RaftServerImpl.java:requestVote(1046)) - e624a09e-d66f-4eff-951a-8f24e1213b58@group-B41A3219138A: receive requestVote(ELECTION, 5b42674d-a9fa-4183-866d-d0b91026c546, group-B41A3219138A, 2, (t:0, i:0))
2021-11-14 01:04:38,427 [grpc-default-executor-4] INFO  impl.VoteContext (VoteContext.java:log(48)) - e624a09e-d66f-4eff-951a-8f24e1213b58@group-B41A3219138A-FOLLOWER: accept ELECTION from 5b42674d-a9fa-4183-866d-d0b91026c546: our priority 0 <= candidate's priority 1
2021-11-14 01:04:38,427 [grpc-default-executor-4] INFO  server.RaftServer$Division (RaftServerImpl.java:setRole(290)) - e624a09e-d66f-4eff-951a-8f24e1213b58@group-B41A3219138A: changes role from  FOLLOWER to FOLLOWER at term 2 for candidate:5b42674d-a9fa-4183-866d-d0b91026c546
2021-11-14 01:04:38,427 [grpc-default-executor-4] INFO  impl.RoleInfo (RoleInfo.java:shutdownFollowerState(108)) - e624a09e-d66f-4eff-951a-8f24e1213b58: shutdown e624a09e-d66f-4eff-951a-8f24e1213b58@group-B41A3219138A-FollowerState
2021-11-14 01:04:38,427 [grpc-default-executor-4] INFO  impl.RoleInfo (RoleInfo.java:updateAndGet(130)) - e624a09e-d66f-4eff-951a-8f24e1213b58: start e624a09e-d66f-4eff-951a-8f24e1213b58@group-B41A3219138A-FollowerState
2021-11-14 01:04:38,427 [e624a09e-d66f-4eff-951a-8f24e1213b58@group-B41A3219138A-FollowerState] INFO  impl.FollowerState (FollowerState.java:run(143)) - e624a09e-d66f-4eff-951a-8f24e1213b58@group-B41A3219138A-FollowerState was interrupted: {}
java.lang.InterruptedException: sleep interrupted
	at java.lang.Thread.sleep(Native Method)
	at java.lang.Thread.sleep(Thread.java:340)
	at java.util.concurrent.TimeUnit.sleep(TimeUnit.java:386)
	at org.apache.ratis.util.TimeDuration.sleep(TimeDuration.java:324)
	at org.apache.ratis.util.TimeDuration.sleep(TimeDuration.java:309)
	at org.apache.ratis.server.impl.FollowerState.run(FollowerState.java:118)
2021-11-14 01:04:38,429 [EventQueue-PipelineReportForPipelineReportHandler] INFO  pipeline.PipelineManagerImpl (PipelineManagerImpl.java:openPipeline(289)) - Pipeline Pipeline[ Id: 18bfed5b-9086-4d3b-be28-b41a3219138a, Nodes: e624a09e-d66f-4eff-951a-8f24e1213b58{ip: 10.1.0.47, host: fv-az395-453.zfmzfyrfkyou3ow0tsr0jxwq1e.bx.internal.cloudapp.net, ports: [REPLICATION=39939, RATIS=41437, RATIS_ADMIN=41437, RATIS_SERVER=41437, STANDALONE=42433], networkLocation: /default-rack, certSerialId: null, persistedOpState: IN_SERVICE, persistedOpStateExpiryEpochSec: 0}8f64935f-b83c-4009-bc32-b4395deb71aa{ip: 10.1.0.47, host: fv-az395-453.zfmzfyrfkyou3ow0tsr0jxwq1e.bx.internal.cloudapp.net, ports: [REPLICATION=43731, RATIS=45069, RATIS_ADMIN=45069, RATIS_SERVER=45069, STANDALONE=39111], networkLocation: /default-rack, certSerialId: null, persistedOpState: IN_SERVICE, persistedOpStateExpiryEpochSec: 0}5b42674d-a9fa-4183-866d-d0b91026c546{ip: 10.1.0.47, host: fv-az395-453.zfmzfyrfkyou3ow0tsr0jxwq1e.bx.internal.cloudapp.net, ports: [REPLICATION=37017, RATIS=35089, RATIS_ADMIN=35089, RATIS_SERVER=35089, STANDALONE=42415], networkLocation: /default-rack, certSerialId: null, persistedOpState: IN_SERVICE, persistedOpStateExpiryEpochSec: 0}, ReplicationConfig: RATIS/THREE, State:ALLOCATED, leaderId:5b42674d-a9fa-4183-866d-d0b91026c546, CreationTimestamp2021-11-14T01:04:25.876Z[Etc/UTC]] moved to OPEN state
2021-11-14 01:04:38,446 [grpc-default-executor-0] INFO  ratis.XceiverServerRatis (XceiverServerRatis.java:handleLeaderChangedNotification(866)) - Leader change notification received for group: group-B41A3219138A with new leaderId: 5b42674d-a9fa-4183-866d-d0b91026c546
2021-11-14 01:04:38,447 [grpc-default-executor-0] INFO  server.RaftServer$Division (ServerState.java:setLeader(285)) - 8f64935f-b83c-4009-bc32-b4395deb71aa@group-B41A3219138A: change Leader from null to 5b42674d-a9fa-4183-866d-d0b91026c546 at term 2 for appendEntries, leader elected after 10388ms
2021-11-14 01:04:38,449 [5b42674d-a9fa-4183-866d-d0b91026c546@group-B41A3219138A-LeaderElection117] INFO  server.RaftServer$Division (ServerState.java:setRaftConf(387)) - 5b42674d-a9fa-4183-866d-d0b91026c546@group-B41A3219138A: set configuration 0: [e624a09e-d66f-4eff-951a-8f24e1213b58|rpc:10.1.0.47:41437|dataStream:|priority:0, 8f64935f-b83c-4009-bc32-b4395deb71aa|rpc:10.1.0.47:45069|dataStream:|priority:0, 5b42674d-a9fa-4183-866d-d0b91026c546|rpc:10.1.0.47:35089|dataStream:|priority:1], old=null
2021-11-14 01:04:38,450 [grpc-default-executor-4] INFO  server.RaftServer$Division (RaftServerImpl.java:requestVote(1078)) - e624a09e-d66f-4eff-951a-8f24e1213b58@group-B41A3219138A replies to ELECTION vote request: 5b42674d-a9fa-4183-866d-d0b91026c546<-e624a09e-d66f-4eff-951a-8f24e1213b58#0:OK-t2. Peer's state: e624a09e-d66f-4eff-951a-8f24e1213b58@group-B41A3219138A:t2, leader=null, voted=5b42674d-a9fa-4183-866d-d0b91026c546, raftlog=e624a09e-d66f-4eff-951a-8f24e1213b58@group-B41A3219138A-SegmentedRaftLog:OPENED:c-1, conf=-1: [e624a09e-d66f-4eff-951a-8f24e1213b58|rpc:10.1.0.47:41437|dataStream:|priority:0, 8f64935f-b83c-4009-bc32-b4395deb71aa|rpc:10.1.0.47:45069|dataStream:|priority:0, 5b42674d-a9fa-4183-866d-d0b91026c546|rpc:10.1.0.47:35089|dataStream:|priority:1], old=null
2021-11-14 01:04:38,459 [grpc-default-executor-0] INFO  server.RaftServer$Division (ServerState.java:setRaftConf(387)) - 8f64935f-b83c-4009-bc32-b4395deb71aa@group-B41A3219138A: set configuration 0: [e624a09e-d66f-4eff-951a-8f24e1213b58|rpc:10.1.0.47:41437|dataStream:|priority:0, 8f64935f-b83c-4009-bc32-b4395deb71aa|rpc:10.1.0.47:45069|dataStream:|priority:0, 5b42674d-a9fa-4183-866d-d0b91026c546|rpc:10.1.0.47:35089|dataStream:|priority:1], old=null
2021-11-14 01:04:38,459 [grpc-default-executor-0] INFO  segmented.SegmentedRaftLogWorker (SegmentedRaftLogWorker.java:startLogSegment(394)) - 8f64935f-b83c-4009-bc32-b4395deb71aa@group-B41A3219138A-SegmentedRaftLogWorker: Starting segment from index:0
2021-11-14 01:04:38,462 [8f64935f-b83c-4009-bc32-b4395deb71aa@group-B41A3219138A-SegmentedRaftLogWorker] INFO  segmented.SegmentedRaftLogWorker (SegmentedRaftLogWorker.java:execute(601)) - 8f64935f-b83c-4009-bc32-b4395deb71aa@group-B41A3219138A-SegmentedRaftLogWorker: created new log segment /home/runner/work/ozone/ozone/hadoop-ozone/integration-test/target/test-dir/MiniOzoneClusterImpl-5b6cbd2a-2976-43bc-8d1c-e3ca86cddeeb/datanode-3/data/ratis/18bfed5b-9086-4d3b-be28-b41a3219138a/current/log_inprogress_0
2021-11-14 01:04:38,479 [grpc-default-executor-0] INFO  ratis.XceiverServerRatis (XceiverServerRatis.java:handleLeaderChangedNotification(866)) - Leader change notification received for group: group-B41A3219138A with new leaderId: 5b42674d-a9fa-4183-866d-d0b91026c546
2021-11-14 01:04:38,479 [grpc-default-executor-0] INFO  server.RaftServer$Division (ServerState.java:setLeader(285)) - e624a09e-d66f-4eff-951a-8f24e1213b58@group-B41A3219138A: change Leader from null to 5b42674d-a9fa-4183-866d-d0b91026c546 at term 2 for appendEntries, leader elected after 10298ms
2021-11-14 01:04:38,488 [grpc-default-executor-0] INFO  server.RaftServer$Division (ServerState.java:setRaftConf(387)) - e624a09e-d66f-4eff-951a-8f24e1213b58@group-B41A3219138A: set configuration 0: [e624a09e-d66f-4eff-951a-8f24e1213b58|rpc:10.1.0.47:41437|dataStream:|priority:0, 8f64935f-b83c-4009-bc32-b4395deb71aa|rpc:10.1.0.47:45069|dataStream:|priority:0, 5b42674d-a9fa-4183-866d-d0b91026c546|rpc:10.1.0.47:35089|dataStream:|priority:1], old=null
2021-11-14 01:04:38,488 [grpc-default-executor-0] INFO  segmented.SegmentedRaftLogWorker (SegmentedRaftLogWorker.java:startLogSegment(394)) - e624a09e-d66f-4eff-951a-8f24e1213b58@group-B41A3219138A-SegmentedRaftLogWorker: Starting segment from index:0
2021-11-14 01:04:38,492 [e624a09e-d66f-4eff-951a-8f24e1213b58@group-B41A3219138A-SegmentedRaftLogWorker] INFO  segmented.SegmentedRaftLogWorker (SegmentedRaftLogWorker.java:execute(601)) - e624a09e-d66f-4eff-951a-8f24e1213b58@group-B41A3219138A-SegmentedRaftLogWorker: created new log segment /home/runner/work/ozone/ozone/hadoop-ozone/integration-test/target/test-dir/MiniOzoneClusterImpl-5b6cbd2a-2976-43bc-8d1c-e3ca86cddeeb/datanode-5/data/ratis/18bfed5b-9086-4d3b-be28-b41a3219138a/current/log_inprogress_0
2021-11-14 01:04:39,192 [e624a09e-d66f-4eff-951a-8f24e1213b58@group-0E53E93CFD0F-FollowerState] INFO  impl.FollowerState (FollowerState.java:run(134)) - e624a09e-d66f-4eff-951a-8f24e1213b58@group-0E53E93CFD0F-FollowerState: change to CANDIDATE, lastRpcElapsedTime:5028478930ns, electionTimeout:5024ms
2021-11-14 01:04:39,192 [e624a09e-d66f-4eff-951a-8f24e1213b58@group-0E53E93CFD0F-FollowerState] INFO  impl.RoleInfo (RoleInfo.java:shutdownFollowerState(108)) - e624a09e-d66f-4eff-951a-8f24e1213b58: shutdown e624a09e-d66f-4eff-951a-8f24e1213b58@group-0E53E93CFD0F-FollowerState
2021-11-14 01:04:39,192 [e624a09e-d66f-4eff-951a-8f24e1213b58@group-0E53E93CFD0F-FollowerState] INFO  server.RaftServer$Division (RaftServerImpl.java:setRole(290)) - e624a09e-d66f-4eff-951a-8f24e1213b58@group-0E53E93CFD0F: changes role from  FOLLOWER to CANDIDATE at term 1 for changeToCandidate
2021-11-14 01:04:39,192 [e624a09e-d66f-4eff-951a-8f24e1213b58@group-0E53E93CFD0F-FollowerState] INFO  server.RaftServerConfigKeys (ConfUtils.java:logGet(44)) - raft.server.leaderelection.pre-vote = false (custom)
2021-11-14 01:04:39,192 [e624a09e-d66f-4eff-951a-8f24e1213b58@group-0E53E93CFD0F-FollowerState] INFO  impl.RoleInfo (RoleInfo.java:updateAndGet(130)) - e624a09e-d66f-4eff-951a-8f24e1213b58: start e624a09e-d66f-4eff-951a-8f24e1213b58@group-0E53E93CFD0F-LeaderElection118
2021-11-14 01:04:39,215 [e624a09e-d66f-4eff-951a-8f24e1213b58@group-0E53E93CFD0F-LeaderElection118] INFO  impl.LeaderElection (LeaderElection.java:askForVotes(306)) - e624a09e-d66f-4eff-951a-8f24e1213b58@group-0E53E93CFD0F-LeaderElection118 ELECTION round 0: submit vote requests at term 2 for -1: [e624a09e-d66f-4eff-951a-8f24e1213b58|rpc:10.1.0.47:41437|priority:1, 8f64935f-b83c-4009-bc32-b4395deb71aa|rpc:10.1.0.47:45069|priority:0, 5b42674d-a9fa-4183-866d-d0b91026c546|rpc:10.1.0.47:35089|priority:0], old=null
2021-11-14 01:04:39,225 [grpc-default-executor-0] INFO  server.RaftServer$Division (RaftServerImpl.java:requestVote(1046)) - 5b42674d-a9fa-4183-866d-d0b91026c546@group-0E53E93CFD0F: receive requestVote(ELECTION, e624a09e-d66f-4eff-951a-8f24e1213b58, group-0E53E93CFD0F, 2, (t:0, i:0))
2021-11-14 01:04:39,225 [grpc-default-executor-0] INFO  impl.VoteContext (VoteContext.java:log(48)) - 5b42674d-a9fa-4183-866d-d0b91026c546@group-0E53E93CFD0F-FOLLOWER: accept ELECTION from e624a09e-d66f-4eff-951a-8f24e1213b58: our priority 0 <= candidate's priority 1
2021-11-14 01:04:39,226 [grpc-default-executor-0] INFO  server.RaftServer$Division (RaftServerImpl.java:setRole(290)) - 5b42674d-a9fa-4183-866d-d0b91026c546@group-0E53E93CFD0F: changes role from  FOLLOWER to FOLLOWER at term 2 for candidate:e624a09e-d66f-4eff-951a-8f24e1213b58
2021-11-14 01:04:39,226 [grpc-default-executor-0] INFO  impl.RoleInfo (RoleInfo.java:shutdownFollowerState(108)) - 5b42674d-a9fa-4183-866d-d0b91026c546: shutdown 5b42674d-a9fa-4183-866d-d0b91026c546@group-0E53E93CFD0F-FollowerState
2021-11-14 01:04:39,226 [grpc-default-executor-0] INFO  impl.RoleInfo (RoleInfo.java:updateAndGet(130)) - 5b42674d-a9fa-4183-866d-d0b91026c546: start 5b42674d-a9fa-4183-866d-d0b91026c546@group-0E53E93CFD0F-FollowerState
2021-11-14 01:04:39,226 [5b42674d-a9fa-4183-866d-d0b91026c546@group-0E53E93CFD0F-FollowerState] INFO  impl.FollowerState (FollowerState.java:run(143)) - 5b42674d-a9fa-4183-866d-d0b91026c546@group-0E53E93CFD0F-FollowerState was interrupted: {}
java.lang.InterruptedException: sleep interrupted
	at java.lang.Thread.sleep(Native Method)
	at java.lang.Thread.sleep(Thread.java:340)
	at java.util.concurrent.TimeUnit.sleep(TimeUnit.java:386)
	at org.apache.ratis.util.TimeDuration.sleep(TimeDuration.java:324)
	at org.apache.ratis.util.TimeDuration.sleep(TimeDuration.java:309)
	at org.apache.ratis.server.impl.FollowerState.run(FollowerState.java:118)
2021-11-14 01:04:39,229 [grpc-default-executor-4] INFO  server.RaftServer$Division (RaftServerImpl.java:requestVote(1046)) - 8f64935f-b83c-4009-bc32-b4395deb71aa@group-0E53E93CFD0F: receive requestVote(ELECTION, e624a09e-d66f-4eff-951a-8f24e1213b58, group-0E53E93CFD0F, 2, (t:0, i:0))
2021-11-14 01:04:39,237 [grpc-default-executor-4] INFO  impl.VoteContext (VoteContext.java:log(48)) - 8f64935f-b83c-4009-bc32-b4395deb71aa@group-0E53E93CFD0F-FOLLOWER: accept ELECTION from e624a09e-d66f-4eff-951a-8f24e1213b58: our priority 0 <= candidate's priority 1
2021-11-14 01:04:39,237 [grpc-default-executor-4] INFO  server.RaftServer$Division (RaftServerImpl.java:setRole(290)) - 8f64935f-b83c-4009-bc32-b4395deb71aa@group-0E53E93CFD0F: changes role from  FOLLOWER to FOLLOWER at term 2 for candidate:e624a09e-d66f-4eff-951a-8f24e1213b58
2021-11-14 01:04:39,238 [grpc-default-executor-4] INFO  impl.RoleInfo (RoleInfo.java:shutdownFollowerState(108)) - 8f64935f-b83c-4009-bc32-b4395deb71aa: shutdown 8f64935f-b83c-4009-bc32-b4395deb71aa@group-0E53E93CFD0F-FollowerState
2021-11-14 01:04:39,238 [grpc-default-executor-0] INFO  server.RaftServer$Division (RaftServerImpl.java:requestVote(1078)) - 5b42674d-a9fa-4183-866d-d0b91026c546@group-0E53E93CFD0F replies to ELECTION vote request: e624a09e-d66f-4eff-951a-8f24e1213b58<-5b42674d-a9fa-4183-866d-d0b91026c546#0:OK-t2. Peer's state: 5b42674d-a9fa-4183-866d-d0b91026c546@group-0E53E93CFD0F:t2, leader=null, voted=e624a09e-d66f-4eff-951a-8f24e1213b58, raftlog=5b42674d-a9fa-4183-866d-d0b91026c546@group-0E53E93CFD0F-SegmentedRaftLog:OPENED:c-1, conf=-1: [e624a09e-d66f-4eff-951a-8f24e1213b58|rpc:10.1.0.47:41437|priority:1, 8f64935f-b83c-4009-bc32-b4395deb71aa|rpc:10.1.0.47:45069|priority:0, 5b42674d-a9fa-4183-866d-d0b91026c546|rpc:10.1.0.47:35089|priority:0], old=null
2021-11-14 01:04:39,238 [8f64935f-b83c-4009-bc32-b4395deb71aa@group-0E53E93CFD0F-FollowerState] INFO  impl.FollowerState (FollowerState.java:run(143)) - 8f64935f-b83c-4009-bc32-b4395deb71aa@group-0E53E93CFD0F-FollowerState was interrupted: {}
java.lang.InterruptedException: sleep interrupted
	at java.lang.Thread.sleep(Native Method)
	at java.lang.Thread.sleep(Thread.java:340)
	at java.util.concurrent.TimeUnit.sleep(TimeUnit.java:386)
	at org.apache.ratis.util.TimeDuration.sleep(TimeDuration.java:324)
	at org.apache.ratis.util.TimeDuration.sleep(TimeDuration.java:309)
	at org.apache.ratis.server.impl.FollowerState.run(FollowerState.java:118)
2021-11-14 01:04:39,238 [grpc-default-executor-4] INFO  impl.RoleInfo (RoleInfo.java:updateAndGet(130)) - 8f64935f-b83c-4009-bc32-b4395deb71aa: start 8f64935f-b83c-4009-bc32-b4395deb71aa@group-0E53E93CFD0F-FollowerState
2021-11-14 01:04:39,238 [e624a09e-d66f-4eff-951a-8f24e1213b58@group-0E53E93CFD0F-LeaderElection118] INFO  impl.LeaderElection (LeaderElection.java:logAndReturn(89)) - e624a09e-d66f-4eff-951a-8f24e1213b58@group-0E53E93CFD0F-LeaderElection118: ELECTION PASSED received 1 response(s) and 0 exception(s):
2021-11-14 01:04:39,239 [e624a09e-d66f-4eff-951a-8f24e1213b58@group-0E53E93CFD0F-LeaderElection118] INFO  impl.LeaderElection (LeaderElection.java:logAndReturn(93)) -   Response 0: e624a09e-d66f-4eff-951a-8f24e1213b58<-5b42674d-a9fa-4183-866d-d0b91026c546#0:OK-t2
2021-11-14 01:04:39,239 [e624a09e-d66f-4eff-951a-8f24e1213b58@group-0E53E93CFD0F-LeaderElection118] INFO  impl.LeaderElection (LeaderElection.java:askForVotes(308)) - e624a09e-d66f-4eff-951a-8f24e1213b58@group-0E53E93CFD0F-LeaderElection118 ELECTION round 0: result PASSED
2021-11-14 01:04:39,239 [e624a09e-d66f-4eff-951a-8f24e1213b58@group-0E53E93CFD0F-LeaderElection118] INFO  impl.RoleInfo (RoleInfo.java:shutdownLeaderElection(121)) - e624a09e-d66f-4eff-951a-8f24e1213b58: shutdown e624a09e-d66f-4eff-951a-8f24e1213b58@group-0E53E93CFD0F-LeaderElection118
2021-11-14 01:04:39,239 [e624a09e-d66f-4eff-951a-8f24e1213b58@group-0E53E93CFD0F-LeaderElection118] INFO  server.RaftServer$Division (RaftServerImpl.java:setRole(290)) - e624a09e-d66f-4eff-951a-8f24e1213b58@group-0E53E93CFD0F: changes role from CANDIDATE to LEADER at term 2 for changeToLeader
2021-11-14 01:04:39,239 [e624a09e-d66f-4eff-951a-8f24e1213b58@group-0E53E93CFD0F-LeaderElection118] INFO  ratis.XceiverServerRatis (XceiverServerRatis.java:handleLeaderChangedNotification(866)) - Leader change notification received for group: group-0E53E93CFD0F with new leaderId: e624a09e-d66f-4eff-951a-8f24e1213b58
2021-11-14 01:04:39,239 [e624a09e-d66f-4eff-951a-8f24e1213b58@group-0E53E93CFD0F-LeaderElection118] INFO  server.RaftServer$Division (ServerState.java:setLeader(285)) - e624a09e-d66f-4eff-951a-8f24e1213b58@group-0E53E93CFD0F: change Leader from null to e624a09e-d66f-4eff-951a-8f24e1213b58 at term 2 for becomeLeader, leader elected after 10183ms
2021-11-14 01:04:39,239 [e624a09e-d66f-4eff-951a-8f24e1213b58@group-0E53E93CFD0F-LeaderElection118] INFO  server.RaftServerConfigKeys (ConfUtils.java:logGet(44)) - raft.server.staging.catchup.gap = 1000 (default)
2021-11-14 01:04:39,239 [e624a09e-d66f-4eff-951a-8f24e1213b58@group-0E53E93CFD0F-LeaderElection118] INFO  server.RaftServerConfigKeys (ConfUtils.java:logGet(44)) - raft.server.write.element-limit = 1024 (custom)
2021-11-14 01:04:39,239 [e624a09e-d66f-4eff-951a-8f24e1213b58@group-0E53E93CFD0F-LeaderElection118] INFO  server.RaftServerConfigKeys (ConfUtils.java:logGet(44)) - raft.server.write.byte-limit = 1024 M (=1073741824) (custom)
2021-11-14 01:04:39,240 [e624a09e-d66f-4eff-951a-8f24e1213b58@group-0E53E93CFD0F-LeaderElection118] INFO  server.RaftServerConfigKeys (ConfUtils.java:logGet(44)) - raft.server.watch.timeout = 3000ms (custom)
2021-11-14 01:04:39,240 [e624a09e-d66f-4eff-951a-8f24e1213b58@group-0E53E93CFD0F-LeaderElection118] INFO  server.RaftServerConfigKeys (ConfUtils.java:logGet(44)) - raft.server.watch.timeout.denomination = 1s (default)
2021-11-14 01:04:39,240 [e624a09e-d66f-4eff-951a-8f24e1213b58@group-0E53E93CFD0F-LeaderElection118] INFO  server.RaftServerConfigKeys (ConfUtils.java:logGet(44)) - raft.server.watch.element-limit = 65536 (default)
2021-11-14 01:04:39,240 [e624a09e-d66f-4eff-951a-8f24e1213b58@group-0E53E93CFD0F-LeaderElection118] INFO  server.RaftServerConfigKeys (ConfUtils.java:logGet(44)) - raft.server.write.element-limit = 1024 (custom)
2021-11-14 01:04:39,240 [e624a09e-d66f-4eff-951a-8f24e1213b58@group-0E53E93CFD0F-LeaderElection118] INFO  server.RaftServerConfigKeys (ConfUtils.java:logGet(44)) - raft.server.write.follower.gap.ratio.max = -1.0 (default)
2021-11-14 01:04:39,240 [e624a09e-d66f-4eff-951a-8f24e1213b58@group-0E53E93CFD0F-LeaderElection118] INFO  server.RaftServerConfigKeys (ConfUtils.java:logGet(44)) - raft.server.log.appender.snapshot.chunk.size.max = 16MB (=16777216) (default)
2021-11-14 01:04:39,240 [e624a09e-d66f-4eff-951a-8f24e1213b58@group-0E53E93CFD0F-LeaderElection118] INFO  server.RaftServerConfigKeys (ConfUtils.java:logGet(44)) - raft.server.log.appender.buffer.byte-limit = 33554432 (custom)
2021-11-14 01:04:39,240 [e624a09e-d66f-4eff-951a-8f24e1213b58@group-0E53E93CFD0F-LeaderElection118] INFO  server.RaftServerConfigKeys (ConfUtils.java:logGet(44)) - raft.server.log.appender.buffer.element-limit = 1 (custom)
2021-11-14 01:04:39,240 [e624a09e-d66f-4eff-951a-8f24e1213b58@group-0E53E93CFD0F-LeaderElection118] INFO  grpc.GrpcConfigKeys (ConfUtils.java:logGet(44)) - raft.grpc.server.leader.outstanding.appends.max = 128 (default)
2021-11-14 01:04:39,240 [e624a09e-d66f-4eff-951a-8f24e1213b58@group-0E53E93CFD0F-LeaderElection118] INFO  server.RaftServerConfigKeys (ConfUtils.java:logGet(44)) - raft.server.rpc.request.timeout = 3000ms (default)
2021-11-14 01:04:39,240 [e624a09e-d66f-4eff-951a-8f24e1213b58@group-0E53E93CFD0F-LeaderElection118] INFO  server.RaftServerConfigKeys (ConfUtils.java:logGet(44)) - raft.server.log.appender.install.snapshot.enabled = false (custom)
2021-11-14 01:04:39,242 [grpc-default-executor-4] INFO  server.RaftServer$Division (RaftServerImpl.java:requestVote(1078)) - 8f64935f-b83c-4009-bc32-b4395deb71aa@group-0E53E93CFD0F replies to ELECTION vote request: e624a09e-d66f-4eff-951a-8f24e1213b58<-8f64935f-b83c-4009-bc32-b4395deb71aa#0:OK-t2. Peer's state: 8f64935f-b83c-4009-bc32-b4395deb71aa@group-0E53E93CFD0F:t2, leader=null, voted=e624a09e-d66f-4eff-951a-8f24e1213b58, raftlog=8f64935f-b83c-4009-bc32-b4395deb71aa@group-0E53E93CFD0F-SegmentedRaftLog:OPENED:c-1, conf=-1: [e624a09e-d66f-4eff-951a-8f24e1213b58|rpc:10.1.0.47:41437|priority:1, 8f64935f-b83c-4009-bc32-b4395deb71aa|rpc:10.1.0.47:45069|priority:0, 5b42674d-a9fa-4183-866d-d0b91026c546|rpc:10.1.0.47:35089|priority:0], old=null
2021-11-14 01:04:39,243 [e624a09e-d66f-4eff-951a-8f24e1213b58@group-0E53E93CFD0F-LeaderElection118] INFO  server.RaftServerConfigKeys (ConfUtils.java:logGet(44)) - raft.server.log.appender.snapshot.chunk.size.max = 16MB (=16777216) (default)
2021-11-14 01:04:39,249 [e624a09e-d66f-4eff-951a-8f24e1213b58@group-0E53E93CFD0F-LeaderElection118] INFO  server.RaftServerConfigKeys (ConfUtils.java:logGet(44)) - raft.server.log.appender.buffer.byte-limit = 33554432 (custom)
2021-11-14 01:04:39,249 [e624a09e-d66f-4eff-951a-8f24e1213b58@group-0E53E93CFD0F-LeaderElection118] INFO  server.RaftServerConfigKeys (ConfUtils.java:logGet(44)) - raft.server.log.appender.buffer.element-limit = 1 (custom)
2021-11-14 01:04:39,249 [e624a09e-d66f-4eff-951a-8f24e1213b58@group-0E53E93CFD0F-LeaderElection118] INFO  grpc.GrpcConfigKeys (ConfUtils.java:logGet(44)) - raft.grpc.server.leader.outstanding.appends.max = 128 (default)
2021-11-14 01:04:39,250 [e624a09e-d66f-4eff-951a-8f24e1213b58@group-0E53E93CFD0F-LeaderElection118] INFO  server.RaftServerConfigKeys (ConfUtils.java:logGet(44)) - raft.server.rpc.request.timeout = 3000ms (default)
2021-11-14 01:04:39,250 [e624a09e-d66f-4eff-951a-8f24e1213b58@group-0E53E93CFD0F-LeaderElection118] INFO  server.RaftServerConfigKeys (ConfUtils.java:logGet(44)) - raft.server.log.appender.install.snapshot.enabled = false (custom)
2021-11-14 01:04:39,246 [EventQueue-PipelineReportForPipelineReportHandler] INFO  pipeline.PipelineManagerImpl (PipelineManagerImpl.java:openPipeline(289)) - Pipeline Pipeline[ Id: d0e7521d-b1bf-4417-8d3e-0e53e93cfd0f, Nodes: 8f64935f-b83c-4009-bc32-b4395deb71aa{ip: 10.1.0.47, host: fv-az395-453.zfmzfyrfkyou3ow0tsr0jxwq1e.bx.internal.cloudapp.net, ports: [REPLICATION=43731, RATIS=45069, RATIS_ADMIN=45069, RATIS_SERVER=45069, STANDALONE=39111], networkLocation: /default-rack, certSerialId: null, persistedOpState: IN_SERVICE, persistedOpStateExpiryEpochSec: 0}5b42674d-a9fa-4183-866d-d0b91026c546{ip: 10.1.0.47, host: fv-az395-453.zfmzfyrfkyou3ow0tsr0jxwq1e.bx.internal.cloudapp.net, ports: [REPLICATION=37017, RATIS=35089, RATIS_ADMIN=35089, RATIS_SERVER=35089, STANDALONE=42415], networkLocation: /default-rack, certSerialId: null, persistedOpState: IN_SERVICE, persistedOpStateExpiryEpochSec: 0}e624a09e-d66f-4eff-951a-8f24e1213b58{ip: 10.1.0.47, host: fv-az395-453.zfmzfyrfkyou3ow0tsr0jxwq1e.bx.internal.cloudapp.net, ports: [REPLICATION=39939, RATIS=41437, RATIS_ADMIN=41437, RATIS_SERVER=41437, STANDALONE=42433], networkLocation: /default-rack, certSerialId: null, persistedOpState: IN_SERVICE, persistedOpStateExpiryEpochSec: 0}, ReplicationConfig: RATIS/THREE, State:ALLOCATED, leaderId:e624a09e-d66f-4eff-951a-8f24e1213b58, CreationTimestamp2021-11-14T01:04:25.879Z[Etc/UTC]] moved to OPEN state
2021-11-14 01:04:39,252 [e624a09e-d66f-4eff-951a-8f24e1213b58@group-0E53E93CFD0F-LeaderElection118] INFO  impl.RoleInfo (RoleInfo.java:updateAndGet(130)) - e624a09e-d66f-4eff-951a-8f24e1213b58: start e624a09e-d66f-4eff-951a-8f24e1213b58@group-0E53E93CFD0F-LeaderStateImpl
2021-11-14 01:04:39,252 [e624a09e-d66f-4eff-951a-8f24e1213b58@group-0E53E93CFD0F-LeaderElection118] INFO  segmented.SegmentedRaftLogWorker (SegmentedRaftLogWorker.java:startLogSegment(394)) - e624a09e-d66f-4eff-951a-8f24e1213b58@group-0E53E93CFD0F-SegmentedRaftLogWorker: Starting segment from index:0
2021-11-14 01:04:39,268 [e624a09e-d66f-4eff-951a-8f24e1213b58@group-0E53E93CFD0F-SegmentedRaftLogWorker] INFO  segmented.SegmentedRaftLogWorker (SegmentedRaftLogWorker.java:execute(601)) - e624a09e-d66f-4eff-951a-8f24e1213b58@group-0E53E93CFD0F-SegmentedRaftLogWorker: created new log segment /home/runner/work/ozone/ozone/hadoop-ozone/integration-test/target/test-dir/MiniOzoneClusterImpl-5b6cbd2a-2976-43bc-8d1c-e3ca86cddeeb/datanode-5/data/ratis/d0e7521d-b1bf-4417-8d3e-0e53e93cfd0f/current/log_inprogress_0
2021-11-14 01:04:39,368 [grpc-default-executor-0] INFO  ratis.XceiverServerRatis (XceiverServerRatis.java:handleLeaderChangedNotification(866)) - Leader change notification received for group: group-0E53E93CFD0F with new leaderId: e624a09e-d66f-4eff-951a-8f24e1213b58
2021-11-14 01:04:39,368 [grpc-default-executor-0] INFO  server.RaftServer$Division (ServerState.java:setLeader(285)) - 5b42674d-a9fa-4183-866d-d0b91026c546@group-0E53E93CFD0F: change Leader from null to e624a09e-d66f-4eff-951a-8f24e1213b58 at term 2 for appendEntries, leader elected after 10475ms
2021-11-14 01:04:39,388 [grpc-default-executor-0] INFO  server.RaftServer$Division (ServerState.java:setRaftConf(387)) - 5b42674d-a9fa-4183-866d-d0b91026c546@group-0E53E93CFD0F: set configuration 0: [e624a09e-d66f-4eff-951a-8f24e1213b58|rpc:10.1.0.47:41437|dataStream:|priority:1, 8f64935f-b83c-4009-bc32-b4395deb71aa|rpc:10.1.0.47:45069|dataStream:|priority:0, 5b42674d-a9fa-4183-866d-d0b91026c546|rpc:10.1.0.47:35089|dataStream:|priority:0], old=null
2021-11-14 01:04:39,388 [grpc-default-executor-0] INFO  segmented.SegmentedRaftLogWorker (SegmentedRaftLogWorker.java:startLogSegment(394)) - 5b42674d-a9fa-4183-866d-d0b91026c546@group-0E53E93CFD0F-SegmentedRaftLogWorker: Starting segment from index:0
2021-11-14 01:04:39,391 [e624a09e-d66f-4eff-951a-8f24e1213b58@group-0E53E93CFD0F-LeaderElection118] INFO  server.RaftServer$Division (ServerState.java:setRaftConf(387)) - e624a09e-d66f-4eff-951a-8f24e1213b58@group-0E53E93CFD0F: set configuration 0: [e624a09e-d66f-4eff-951a-8f24e1213b58|rpc:10.1.0.47:41437|dataStream:|priority:1, 8f64935f-b83c-4009-bc32-b4395deb71aa|rpc:10.1.0.47:45069|dataStream:|priority:0, 5b42674d-a9fa-4183-866d-d0b91026c546|rpc:10.1.0.47:35089|dataStream:|priority:0], old=null
2021-11-14 01:04:39,426 [5b42674d-a9fa-4183-866d-d0b91026c546@group-0E53E93CFD0F-SegmentedRaftLogWorker] INFO  segmented.SegmentedRaftLogWorker (SegmentedRaftLogWorker.java:execute(601)) - 5b42674d-a9fa-4183-866d-d0b91026c546@group-0E53E93CFD0F-SegmentedRaftLogWorker: created new log segment /home/runner/work/ozone/ozone/hadoop-ozone/integration-test/target/test-dir/MiniOzoneClusterImpl-5b6cbd2a-2976-43bc-8d1c-e3ca86cddeeb/datanode-4/data/ratis/d0e7521d-b1bf-4417-8d3e-0e53e93cfd0f/current/log_inprogress_0
2021-11-14 01:04:39,429 [grpc-default-executor-0] INFO  ratis.XceiverServerRatis (XceiverServerRatis.java:handleLeaderChangedNotification(866)) - Leader change notification received for group: group-0E53E93CFD0F with new leaderId: e624a09e-d66f-4eff-951a-8f24e1213b58
2021-11-14 01:04:39,430 [grpc-default-executor-0] INFO  server.RaftServer$Division (ServerState.java:setLeader(285)) - 8f64935f-b83c-4009-bc32-b4395deb71aa@group-0E53E93CFD0F: change Leader from null to e624a09e-d66f-4eff-951a-8f24e1213b58 at term 2 for appendEntries, leader elected after 10463ms
2021-11-14 01:04:39,433 [grpc-default-executor-0] INFO  server.RaftServer$Division (ServerState.java:setRaftConf(387)) - 8f64935f-b83c-4009-bc32-b4395deb71aa@group-0E53E93CFD0F: set configuration 0: [e624a09e-d66f-4eff-951a-8f24e1213b58|rpc:10.1.0.47:41437|dataStream:|priority:1, 8f64935f-b83c-4009-bc32-b4395deb71aa|rpc:10.1.0.47:45069|dataStream:|priority:0, 5b42674d-a9fa-4183-866d-d0b91026c546|rpc:10.1.0.47:35089|dataStream:|priority:0], old=null
2021-11-14 01:04:39,434 [grpc-default-executor-0] INFO  segmented.SegmentedRaftLogWorker (SegmentedRaftLogWorker.java:startLogSegment(394)) - 8f64935f-b83c-4009-bc32-b4395deb71aa@group-0E53E93CFD0F-SegmentedRaftLogWorker: Starting segment from index:0
2021-11-14 01:04:39,443 [8f64935f-b83c-4009-bc32-b4395deb71aa@group-0E53E93CFD0F-SegmentedRaftLogWorker] INFO  segmented.SegmentedRaftLogWorker (SegmentedRaftLogWorker.java:execute(601)) - 8f64935f-b83c-4009-bc32-b4395deb71aa@group-0E53E93CFD0F-SegmentedRaftLogWorker: created new log segment /home/runner/work/ozone/ozone/hadoop-ozone/integration-test/target/test-dir/MiniOzoneClusterImpl-5b6cbd2a-2976-43bc-8d1c-e3ca86cddeeb/datanode-3/data/ratis/d0e7521d-b1bf-4417-8d3e-0e53e93cfd0f/current/log_inprogress_0
2021-11-14 01:04:42,366 [a5432c49-5461-405d-b7d7-37e5c225d9bf@group-21D2AE8B93C5-FollowerState] INFO  impl.FollowerState (FollowerState.java:run(134)) - a5432c49-5461-405d-b7d7-37e5c225d9bf@group-21D2AE8B93C5-FollowerState: change to CANDIDATE, lastRpcElapsedTime:5068968946ns, electionTimeout:5055ms
2021-11-14 01:04:42,366 [a5432c49-5461-405d-b7d7-37e5c225d9bf@group-21D2AE8B93C5-FollowerState] INFO  impl.RoleInfo (RoleInfo.java:shutdownFollowerState(108)) - a5432c49-5461-405d-b7d7-37e5c225d9bf: shutdown a5432c49-5461-405d-b7d7-37e5c225d9bf@group-21D2AE8B93C5-FollowerState
2021-11-14 01:04:42,366 [a5432c49-5461-405d-b7d7-37e5c225d9bf@group-21D2AE8B93C5-FollowerState] INFO  server.RaftServer$Division (RaftServerImpl.java:setRole(290)) - a5432c49-5461-405d-b7d7-37e5c225d9bf@group-21D2AE8B93C5: changes role from  FOLLOWER to CANDIDATE at term 2 for changeToCandidate
2021-11-14 01:04:42,367 [a5432c49-5461-405d-b7d7-37e5c225d9bf@group-21D2AE8B93C5-FollowerState] INFO  server.RaftServerConfigKeys (ConfUtils.java:logGet(44)) - raft.server.leaderelection.pre-vote = false (custom)
2021-11-14 01:04:42,367 [a5432c49-5461-405d-b7d7-37e5c225d9bf@group-21D2AE8B93C5-FollowerState] INFO  impl.RoleInfo (RoleInfo.java:updateAndGet(130)) - a5432c49-5461-405d-b7d7-37e5c225d9bf: start a5432c49-5461-405d-b7d7-37e5c225d9bf@group-21D2AE8B93C5-LeaderElection119
2021-11-14 01:04:42,373 [42593a4f-89d4-4363-aad7-ee84fdc40b17@group-21D2AE8B93C5-FollowerState] INFO  impl.FollowerState (FollowerState.java:run(134)) - 42593a4f-89d4-4363-aad7-ee84fdc40b17@group-21D2AE8B93C5-FollowerState: change to CANDIDATE, lastRpcElapsedTime:5085176438ns, electionTimeout:5081ms
2021-11-14 01:04:42,373 [42593a4f-89d4-4363-aad7-ee84fdc40b17@group-21D2AE8B93C5-FollowerState] INFO  impl.RoleInfo (RoleInfo.java:shutdownFollowerState(108)) - 42593a4f-89d4-4363-aad7-ee84fdc40b17: shutdown 42593a4f-89d4-4363-aad7-ee84fdc40b17@group-21D2AE8B93C5-FollowerState
2021-11-14 01:04:42,373 [42593a4f-89d4-4363-aad7-ee84fdc40b17@group-21D2AE8B93C5-FollowerState] INFO  server.RaftServer$Division (RaftServerImpl.java:setRole(290)) - 42593a4f-89d4-4363-aad7-ee84fdc40b17@group-21D2AE8B93C5: changes role from  FOLLOWER to CANDIDATE at term 2 for changeToCandidate
2021-11-14 01:04:42,375 [42593a4f-89d4-4363-aad7-ee84fdc40b17@group-21D2AE8B93C5-FollowerState] INFO  server.RaftServerConfigKeys (ConfUtils.java:logGet(44)) - raft.server.leaderelection.pre-vote = false (custom)
2021-11-14 01:04:42,375 [42593a4f-89d4-4363-aad7-ee84fdc40b17@group-21D2AE8B93C5-FollowerState] INFO  impl.RoleInfo (RoleInfo.java:updateAndGet(130)) - 42593a4f-89d4-4363-aad7-ee84fdc40b17: start 42593a4f-89d4-4363-aad7-ee84fdc40b17@group-21D2AE8B93C5-LeaderElection120
2021-11-14 01:04:42,377 [a5432c49-5461-405d-b7d7-37e5c225d9bf@group-21D2AE8B93C5-LeaderElection119] INFO  impl.LeaderElection (LeaderElection.java:askForVotes(306)) - a5432c49-5461-405d-b7d7-37e5c225d9bf@group-21D2AE8B93C5-LeaderElection119 ELECTION round 0: submit vote requests at term 3 for -1: [a5432c49-5461-405d-b7d7-37e5c225d9bf|rpc:10.1.0.47:33007|priority:0, 32069a0d-f39a-42d5-b706-96b3f478e9d8|rpc:10.1.0.47:43355|priority:0, 42593a4f-89d4-4363-aad7-ee84fdc40b17|rpc:10.1.0.47:38117|priority:1], old=null
2021-11-14 01:04:42,392 [32069a0d-f39a-42d5-b706-96b3f478e9d8@group-21D2AE8B93C5-FollowerState] INFO  impl.FollowerState (FollowerState.java:run(134)) - 32069a0d-f39a-42d5-b706-96b3f478e9d8@group-21D2AE8B93C5-FollowerState: change to CANDIDATE, lastRpcElapsedTime:5158399748ns, electionTimeout:5118ms
2021-11-14 01:04:42,392 [32069a0d-f39a-42d5-b706-96b3f478e9d8@group-21D2AE8B93C5-FollowerState] INFO  impl.RoleInfo (RoleInfo.java:shutdownFollowerState(108)) - 32069a0d-f39a-42d5-b706-96b3f478e9d8: shutdown 32069a0d-f39a-42d5-b706-96b3f478e9d8@group-21D2AE8B93C5-FollowerState
2021-11-14 01:04:42,392 [32069a0d-f39a-42d5-b706-96b3f478e9d8@group-21D2AE8B93C5-FollowerState] INFO  server.RaftServer$Division (RaftServerImpl.java:setRole(290)) - 32069a0d-f39a-42d5-b706-96b3f478e9d8@group-21D2AE8B93C5: changes role from  FOLLOWER to CANDIDATE at term 2 for changeToCandidate
2021-11-14 01:04:42,393 [42593a4f-89d4-4363-aad7-ee84fdc40b17@group-21D2AE8B93C5-LeaderElection120] INFO  impl.LeaderElection (LeaderElection.java:askForVotes(306)) - 42593a4f-89d4-4363-aad7-ee84fdc40b17@group-21D2AE8B93C5-LeaderElection120 ELECTION round 0: submit vote requests at term 3 for -1: [a5432c49-5461-405d-b7d7-37e5c225d9bf|rpc:10.1.0.47:33007|dataStream:|priority:0, 32069a0d-f39a-42d5-b706-96b3f478e9d8|rpc:10.1.0.47:43355|dataStream:|priority:0, 42593a4f-89d4-4363-aad7-ee84fdc40b17|rpc:10.1.0.47:38117|dataStream:|priority:1], old=null
2021-11-14 01:04:42,395 [grpc-default-executor-1] INFO  server.RaftServer$Division (RaftServerImpl.java:requestVote(1046)) - 32069a0d-f39a-42d5-b706-96b3f478e9d8@group-21D2AE8B93C5: receive requestVote(ELECTION, a5432c49-5461-405d-b7d7-37e5c225d9bf, group-21D2AE8B93C5, 3, (t:0, i:0))
2021-11-14 01:04:42,395 [32069a0d-f39a-42d5-b706-96b3f478e9d8@group-21D2AE8B93C5-FollowerState] INFO  server.RaftServerConfigKeys (ConfUtils.java:logGet(44)) - raft.server.leaderelection.pre-vote = false (custom)
2021-11-14 01:04:42,395 [32069a0d-f39a-42d5-b706-96b3f478e9d8@group-21D2AE8B93C5-FollowerState] INFO  impl.RoleInfo (RoleInfo.java:updateAndGet(130)) - 32069a0d-f39a-42d5-b706-96b3f478e9d8: start 32069a0d-f39a-42d5-b706-96b3f478e9d8@group-21D2AE8B93C5-LeaderElection121
2021-11-14 01:04:42,397 [grpc-default-executor-0] INFO  server.RaftServer$Division (RaftServerImpl.java:requestVote(1046)) - 42593a4f-89d4-4363-aad7-ee84fdc40b17@group-21D2AE8B93C5: receive requestVote(ELECTION, a5432c49-5461-405d-b7d7-37e5c225d9bf, group-21D2AE8B93C5, 3, (t:0, i:0))
2021-11-14 01:04:42,397 [grpc-default-executor-0] INFO  impl.VoteContext (VoteContext.java:log(48)) - 42593a4f-89d4-4363-aad7-ee84fdc40b17@group-21D2AE8B93C5-CANDIDATE: reject ELECTION from a5432c49-5461-405d-b7d7-37e5c225d9bf: already has voted for 42593a4f-89d4-4363-aad7-ee84fdc40b17 at current term 3
2021-11-14 01:04:42,398 [grpc-default-executor-0] INFO  server.RaftServer$Division (RaftServerImpl.java:requestVote(1078)) - 42593a4f-89d4-4363-aad7-ee84fdc40b17@group-21D2AE8B93C5 replies to ELECTION vote request: a5432c49-5461-405d-b7d7-37e5c225d9bf<-42593a4f-89d4-4363-aad7-ee84fdc40b17#0:FAIL-t3. Peer's state: 42593a4f-89d4-4363-aad7-ee84fdc40b17@group-21D2AE8B93C5:t3, leader=null, voted=42593a4f-89d4-4363-aad7-ee84fdc40b17, raftlog=42593a4f-89d4-4363-aad7-ee84fdc40b17@group-21D2AE8B93C5-SegmentedRaftLog:OPENED:c-1, conf=-1: [a5432c49-5461-405d-b7d7-37e5c225d9bf|rpc:10.1.0.47:33007|dataStream:|priority:0, 32069a0d-f39a-42d5-b706-96b3f478e9d8|rpc:10.1.0.47:43355|dataStream:|priority:0, 42593a4f-89d4-4363-aad7-ee84fdc40b17|rpc:10.1.0.47:38117|dataStream:|priority:1], old=null
2021-11-14 01:04:42,402 [grpc-default-executor-0] INFO  server.RaftServer$Division (RaftServerImpl.java:requestVote(1046)) - a5432c49-5461-405d-b7d7-37e5c225d9bf@group-21D2AE8B93C5: receive requestVote(ELECTION, 42593a4f-89d4-4363-aad7-ee84fdc40b17, group-21D2AE8B93C5, 3, (t:0, i:0))
2021-11-14 01:04:42,402 [grpc-default-executor-0] INFO  impl.VoteContext (VoteContext.java:log(48)) - a5432c49-5461-405d-b7d7-37e5c225d9bf@group-21D2AE8B93C5-CANDIDATE: reject ELECTION from 42593a4f-89d4-4363-aad7-ee84fdc40b17: already has voted for a5432c49-5461-405d-b7d7-37e5c225d9bf at current term 3
2021-11-14 01:04:42,402 [grpc-default-executor-0] INFO  server.RaftServer$Division (RaftServerImpl.java:requestVote(1078)) - a5432c49-5461-405d-b7d7-37e5c225d9bf@group-21D2AE8B93C5 replies to ELECTION vote request: 42593a4f-89d4-4363-aad7-ee84fdc40b17<-a5432c49-5461-405d-b7d7-37e5c225d9bf#0:FAIL-t3. Peer's state: a5432c49-5461-405d-b7d7-37e5c225d9bf@group-21D2AE8B93C5:t3, leader=null, voted=a5432c49-5461-405d-b7d7-37e5c225d9bf, raftlog=a5432c49-5461-405d-b7d7-37e5c225d9bf@group-21D2AE8B93C5-SegmentedRaftLog:OPENED:c-1, conf=-1: [a5432c49-5461-405d-b7d7-37e5c225d9bf|rpc:10.1.0.47:33007|priority:0, 32069a0d-f39a-42d5-b706-96b3f478e9d8|rpc:10.1.0.47:43355|priority:0, 42593a4f-89d4-4363-aad7-ee84fdc40b17|rpc:10.1.0.47:38117|priority:1], old=null
2021-11-14 01:04:42,418 [grpc-default-executor-1] INFO  impl.VoteContext (VoteContext.java:log(48)) - 32069a0d-f39a-42d5-b706-96b3f478e9d8@group-21D2AE8B93C5-CANDIDATE: accept ELECTION from a5432c49-5461-405d-b7d7-37e5c225d9bf: our priority 0 <= candidate's priority 0
2021-11-14 01:04:42,418 [grpc-default-executor-1] INFO  server.RaftServer$Division (RaftServerImpl.java:setRole(290)) - 32069a0d-f39a-42d5-b706-96b3f478e9d8@group-21D2AE8B93C5: changes role from CANDIDATE to FOLLOWER at term 3 for candidate:a5432c49-5461-405d-b7d7-37e5c225d9bf
2021-11-14 01:04:42,418 [grpc-default-executor-1] INFO  impl.RoleInfo (RoleInfo.java:shutdownLeaderElection(121)) - 32069a0d-f39a-42d5-b706-96b3f478e9d8: shutdown 32069a0d-f39a-42d5-b706-96b3f478e9d8@group-21D2AE8B93C5-LeaderElection121
2021-11-14 01:04:42,418 [grpc-default-executor-1] INFO  impl.RoleInfo (RoleInfo.java:updateAndGet(130)) - 32069a0d-f39a-42d5-b706-96b3f478e9d8: start 32069a0d-f39a-42d5-b706-96b3f478e9d8@group-21D2AE8B93C5-FollowerState
2021-11-14 01:04:42,418 [32069a0d-f39a-42d5-b706-96b3f478e9d8@group-21D2AE8B93C5-LeaderElection121] INFO  impl.LeaderElection (LeaderElection.java:run(230)) - 32069a0d-f39a-42d5-b706-96b3f478e9d8@group-21D2AE8B93C5-LeaderElection121: skip running since this is already CLOSING
2021-11-14 01:04:42,422 [a5432c49-5461-405d-b7d7-37e5c225d9bf@group-21D2AE8B93C5-LeaderElection119] INFO  impl.LeaderElection (LeaderElection.java:logAndReturn(89)) - a5432c49-5461-405d-b7d7-37e5c225d9bf@group-21D2AE8B93C5-LeaderElection119: ELECTION REJECTED received 1 response(s) and 0 exception(s):
2021-11-14 01:04:42,422 [a5432c49-5461-405d-b7d7-37e5c225d9bf@group-21D2AE8B93C5-LeaderElection119] INFO  impl.LeaderElection (LeaderElection.java:logAndReturn(93)) -   Response 0: a5432c49-5461-405d-b7d7-37e5c225d9bf<-42593a4f-89d4-4363-aad7-ee84fdc40b17#0:FAIL-t3
2021-11-14 01:04:42,422 [a5432c49-5461-405d-b7d7-37e5c225d9bf@group-21D2AE8B93C5-LeaderElection119] INFO  impl.LeaderElection (LeaderElection.java:askForVotes(308)) - a5432c49-5461-405d-b7d7-37e5c225d9bf@group-21D2AE8B93C5-LeaderElection119 ELECTION round 0: result REJECTED
2021-11-14 01:04:42,422 [a5432c49-5461-405d-b7d7-37e5c225d9bf@group-21D2AE8B93C5-LeaderElection119] INFO  server.RaftServer$Division (RaftServerImpl.java:setRole(290)) - a5432c49-5461-405d-b7d7-37e5c225d9bf@group-21D2AE8B93C5: changes role from CANDIDATE to FOLLOWER at term 3 for REJECTED
2021-11-14 01:04:42,422 [a5432c49-5461-405d-b7d7-37e5c225d9bf@group-21D2AE8B93C5-LeaderElection119] INFO  impl.RoleInfo (RoleInfo.java:shutdownLeaderElection(121)) - a5432c49-5461-405d-b7d7-37e5c225d9bf: shutdown a5432c49-5461-405d-b7d7-37e5c225d9bf@group-21D2AE8B93C5-LeaderElection119
2021-11-14 01:04:42,422 [a5432c49-5461-405d-b7d7-37e5c225d9bf@group-21D2AE8B93C5-LeaderElection119] INFO  impl.RoleInfo (RoleInfo.java:updateAndGet(130)) - a5432c49-5461-405d-b7d7-37e5c225d9bf: start a5432c49-5461-405d-b7d7-37e5c225d9bf@group-21D2AE8B93C5-FollowerState
2021-11-14 01:04:42,427 [grpc-default-executor-1] INFO  server.RaftServer$Division (RaftServerImpl.java:requestVote(1078)) - 32069a0d-f39a-42d5-b706-96b3f478e9d8@group-21D2AE8B93C5 replies to ELECTION vote request: a5432c49-5461-405d-b7d7-37e5c225d9bf<-32069a0d-f39a-42d5-b706-96b3f478e9d8#0:OK-t3. Peer's state: 32069a0d-f39a-42d5-b706-96b3f478e9d8@group-21D2AE8B93C5:t3, leader=null, voted=a5432c49-5461-405d-b7d7-37e5c225d9bf, raftlog=32069a0d-f39a-42d5-b706-96b3f478e9d8@group-21D2AE8B93C5-SegmentedRaftLog:OPENED:c-1, conf=-1: [a5432c49-5461-405d-b7d7-37e5c225d9bf|rpc:10.1.0.47:33007|priority:0, 32069a0d-f39a-42d5-b706-96b3f478e9d8|rpc:10.1.0.47:43355|priority:0, 42593a4f-89d4-4363-aad7-ee84fdc40b17|rpc:10.1.0.47:38117|priority:1], old=null
2021-11-14 01:04:42,443 [grpc-default-executor-1] INFO  server.RaftServer$Division (RaftServerImpl.java:requestVote(1046)) - 32069a0d-f39a-42d5-b706-96b3f478e9d8@group-21D2AE8B93C5: receive requestVote(ELECTION, 42593a4f-89d4-4363-aad7-ee84fdc40b17, group-21D2AE8B93C5, 3, (t:0, i:0))
2021-11-14 01:04:42,443 [grpc-default-executor-1] INFO  impl.VoteContext (VoteContext.java:log(48)) - 32069a0d-f39a-42d5-b706-96b3f478e9d8@group-21D2AE8B93C5-FOLLOWER: reject ELECTION from 42593a4f-89d4-4363-aad7-ee84fdc40b17: already has voted for a5432c49-5461-405d-b7d7-37e5c225d9bf at current term 3
2021-11-14 01:04:42,443 [grpc-default-executor-1] INFO  server.RaftServer$Division (RaftServerImpl.java:requestVote(1078)) - 32069a0d-f39a-42d5-b706-96b3f478e9d8@group-21D2AE8B93C5 replies to ELECTION vote request: 42593a4f-89d4-4363-aad7-ee84fdc40b17<-32069a0d-f39a-42d5-b706-96b3f478e9d8#0:FAIL-t3. Peer's state: 32069a0d-f39a-42d5-b706-96b3f478e9d8@group-21D2AE8B93C5:t3, leader=null, voted=a5432c49-5461-405d-b7d7-37e5c225d9bf, raftlog=32069a0d-f39a-42d5-b706-96b3f478e9d8@group-21D2AE8B93C5-SegmentedRaftLog:OPENED:c-1, conf=-1: [a5432c49-5461-405d-b7d7-37e5c225d9bf|rpc:10.1.0.47:33007|priority:0, 32069a0d-f39a-42d5-b706-96b3f478e9d8|rpc:10.1.0.47:43355|priority:0, 42593a4f-89d4-4363-aad7-ee84fdc40b17|rpc:10.1.0.47:38117|priority:1], old=null
2021-11-14 01:04:42,444 [42593a4f-89d4-4363-aad7-ee84fdc40b17@group-21D2AE8B93C5-LeaderElection120] INFO  impl.LeaderElection (LeaderElection.java:logAndReturn(89)) - 42593a4f-89d4-4363-aad7-ee84fdc40b17@group-21D2AE8B93C5-LeaderElection120: ELECTION REJECTED received 2 response(s) and 0 exception(s):
2021-11-14 01:04:42,444 [42593a4f-89d4-4363-aad7-ee84fdc40b17@group-21D2AE8B93C5-LeaderElection120] INFO  impl.LeaderElection (LeaderElection.java:logAndReturn(93)) -   Response 0: 42593a4f-89d4-4363-aad7-ee84fdc40b17<-a5432c49-5461-405d-b7d7-37e5c225d9bf#0:FAIL-t3
2021-11-14 01:04:42,444 [42593a4f-89d4-4363-aad7-ee84fdc40b17@group-21D2AE8B93C5-LeaderElection120] INFO  impl.LeaderElection (LeaderElection.java:logAndReturn(93)) -   Response 1: 42593a4f-89d4-4363-aad7-ee84fdc40b17<-32069a0d-f39a-42d5-b706-96b3f478e9d8#0:FAIL-t3
2021-11-14 01:04:42,444 [42593a4f-89d4-4363-aad7-ee84fdc40b17@group-21D2AE8B93C5-LeaderElection120] INFO  impl.LeaderElection (LeaderElection.java:askForVotes(308)) - 42593a4f-89d4-4363-aad7-ee84fdc40b17@group-21D2AE8B93C5-LeaderElection120 ELECTION round 0: result REJECTED
2021-11-14 01:04:42,444 [42593a4f-89d4-4363-aad7-ee84fdc40b17@group-21D2AE8B93C5-LeaderElection120] INFO  server.RaftServer$Division (RaftServerImpl.java:setRole(290)) - 42593a4f-89d4-4363-aad7-ee84fdc40b17@group-21D2AE8B93C5: changes role from CANDIDATE to FOLLOWER at term 3 for REJECTED
2021-11-14 01:04:42,444 [42593a4f-89d4-4363-aad7-ee84fdc40b17@group-21D2AE8B93C5-LeaderElection120] INFO  impl.RoleInfo (RoleInfo.java:shutdownLeaderElection(121)) - 42593a4f-89d4-4363-aad7-ee84fdc40b17: shutdown 42593a4f-89d4-4363-aad7-ee84fdc40b17@group-21D2AE8B93C5-LeaderElection120
2021-11-14 01:04:42,444 [42593a4f-89d4-4363-aad7-ee84fdc40b17@group-21D2AE8B93C5-LeaderElection120] INFO  impl.RoleInfo (RoleInfo.java:updateAndGet(130)) - 42593a4f-89d4-4363-aad7-ee84fdc40b17: start 42593a4f-89d4-4363-aad7-ee84fdc40b17@group-21D2AE8B93C5-FollowerState
2021-11-14 01:04:47,463 [a5432c49-5461-405d-b7d7-37e5c225d9bf@group-21D2AE8B93C5-FollowerState] INFO  impl.FollowerState (FollowerState.java:run(134)) - a5432c49-5461-405d-b7d7-37e5c225d9bf@group-21D2AE8B93C5-FollowerState: change to CANDIDATE, lastRpcElapsedTime:5040526935ns, electionTimeout:5017ms
2021-11-14 01:04:47,463 [a5432c49-5461-405d-b7d7-37e5c225d9bf@group-21D2AE8B93C5-FollowerState] INFO  impl.RoleInfo (RoleInfo.java:shutdownFollowerState(108)) - a5432c49-5461-405d-b7d7-37e5c225d9bf: shutdown a5432c49-5461-405d-b7d7-37e5c225d9bf@group-21D2AE8B93C5-FollowerState
2021-11-14 01:04:47,463 [a5432c49-5461-405d-b7d7-37e5c225d9bf@group-21D2AE8B93C5-FollowerState] INFO  server.RaftServer$Division (RaftServerImpl.java:setRole(290)) - a5432c49-5461-405d-b7d7-37e5c225d9bf@group-21D2AE8B93C5: changes role from  FOLLOWER to CANDIDATE at term 3 for changeToCandidate
2021-11-14 01:04:47,463 [a5432c49-5461-405d-b7d7-37e5c225d9bf@group-21D2AE8B93C5-FollowerState] INFO  server.RaftServerConfigKeys (ConfUtils.java:logGet(44)) - raft.server.leaderelection.pre-vote = false (custom)
2021-11-14 01:04:47,463 [a5432c49-5461-405d-b7d7-37e5c225d9bf@group-21D2AE8B93C5-FollowerState] INFO  impl.RoleInfo (RoleInfo.java:updateAndGet(130)) - a5432c49-5461-405d-b7d7-37e5c225d9bf: start a5432c49-5461-405d-b7d7-37e5c225d9bf@group-21D2AE8B93C5-LeaderElection122
2021-11-14 01:04:47,473 [a5432c49-5461-405d-b7d7-37e5c225d9bf@group-21D2AE8B93C5-LeaderElection122] INFO  impl.LeaderElection (LeaderElection.java:askForVotes(306)) - a5432c49-5461-405d-b7d7-37e5c225d9bf@group-21D2AE8B93C5-LeaderElection122 ELECTION round 0: submit vote requests at term 4 for -1: [a5432c49-5461-405d-b7d7-37e5c225d9bf|rpc:10.1.0.47:33007|priority:0, 32069a0d-f39a-42d5-b706-96b3f478e9d8|rpc:10.1.0.47:43355|priority:0, 42593a4f-89d4-4363-aad7-ee84fdc40b17|rpc:10.1.0.47:38117|priority:1], old=null
2021-11-14 01:04:47,475 [grpc-default-executor-4] INFO  server.RaftServer$Division (RaftServerImpl.java:requestVote(1046)) - 32069a0d-f39a-42d5-b706-96b3f478e9d8@group-21D2AE8B93C5: receive requestVote(ELECTION, a5432c49-5461-405d-b7d7-37e5c225d9bf, group-21D2AE8B93C5, 4, (t:0, i:0))
2021-11-14 01:04:47,475 [grpc-default-executor-4] INFO  impl.VoteContext (VoteContext.java:log(48)) - 32069a0d-f39a-42d5-b706-96b3f478e9d8@group-21D2AE8B93C5-FOLLOWER: accept ELECTION from a5432c49-5461-405d-b7d7-37e5c225d9bf: our priority 0 <= candidate's priority 0
2021-11-14 01:04:47,475 [grpc-default-executor-4] INFO  server.RaftServer$Division (RaftServerImpl.java:setRole(290)) - 32069a0d-f39a-42d5-b706-96b3f478e9d8@group-21D2AE8B93C5: changes role from  FOLLOWER to FOLLOWER at term 4 for candidate:a5432c49-5461-405d-b7d7-37e5c225d9bf
2021-11-14 01:04:47,475 [grpc-default-executor-4] INFO  impl.RoleInfo (RoleInfo.java:shutdownFollowerState(108)) - 32069a0d-f39a-42d5-b706-96b3f478e9d8: shutdown 32069a0d-f39a-42d5-b706-96b3f478e9d8@group-21D2AE8B93C5-FollowerState
2021-11-14 01:04:47,475 [grpc-default-executor-4] INFO  impl.RoleInfo (RoleInfo.java:updateAndGet(130)) - 32069a0d-f39a-42d5-b706-96b3f478e9d8: start 32069a0d-f39a-42d5-b706-96b3f478e9d8@group-21D2AE8B93C5-FollowerState
2021-11-14 01:04:47,475 [32069a0d-f39a-42d5-b706-96b3f478e9d8@group-21D2AE8B93C5-FollowerState] INFO  impl.FollowerState (FollowerState.java:run(143)) - 32069a0d-f39a-42d5-b706-96b3f478e9d8@group-21D2AE8B93C5-FollowerState was interrupted: {}
java.lang.InterruptedException: sleep interrupted
	at java.lang.Thread.sleep(Native Method)
	at java.lang.Thread.sleep(Thread.java:340)
	at java.util.concurrent.TimeUnit.sleep(TimeUnit.java:386)
	at org.apache.ratis.util.TimeDuration.sleep(TimeDuration.java:324)
	at org.apache.ratis.util.TimeDuration.sleep(TimeDuration.java:309)
	at org.apache.ratis.server.impl.FollowerState.run(FollowerState.java:118)
2021-11-14 01:04:47,476 [grpc-default-executor-1] INFO  server.RaftServer$Division (RaftServerImpl.java:requestVote(1046)) - 42593a4f-89d4-4363-aad7-ee84fdc40b17@group-21D2AE8B93C5: receive requestVote(ELECTION, a5432c49-5461-405d-b7d7-37e5c225d9bf, group-21D2AE8B93C5, 4, (t:0, i:0))
2021-11-14 01:04:47,476 [grpc-default-executor-1] INFO  impl.VoteContext (VoteContext.java:log(48)) - 42593a4f-89d4-4363-aad7-ee84fdc40b17@group-21D2AE8B93C5-FOLLOWER: reject ELECTION from a5432c49-5461-405d-b7d7-37e5c225d9bf: our priority 1 > candidate's priority 0
2021-11-14 01:04:47,476 [grpc-default-executor-1] INFO  server.RaftServer$Division (RaftServerImpl.java:setRole(290)) - 42593a4f-89d4-4363-aad7-ee84fdc40b17@group-21D2AE8B93C5: changes role from  FOLLOWER to FOLLOWER at term 4 for candidate:a5432c49-5461-405d-b7d7-37e5c225d9bf
2021-11-14 01:04:47,476 [grpc-default-executor-1] INFO  impl.RoleInfo (RoleInfo.java:shutdownFollowerState(108)) - 42593a4f-89d4-4363-aad7-ee84fdc40b17: shutdown 42593a4f-89d4-4363-aad7-ee84fdc40b17@group-21D2AE8B93C5-FollowerState
2021-11-14 01:04:47,478 [grpc-default-executor-1] INFO  impl.RoleInfo (RoleInfo.java:updateAndGet(130)) - 42593a4f-89d4-4363-aad7-ee84fdc40b17: start 42593a4f-89d4-4363-aad7-ee84fdc40b17@group-21D2AE8B93C5-FollowerState
2021-11-14 01:04:47,478 [42593a4f-89d4-4363-aad7-ee84fdc40b17@group-21D2AE8B93C5-FollowerState] INFO  impl.FollowerState (FollowerState.java:run(143)) - 42593a4f-89d4-4363-aad7-ee84fdc40b17@group-21D2AE8B93C5-FollowerState was interrupted: {}
java.lang.InterruptedException: sleep interrupted
	at java.lang.Thread.sleep(Native Method)
	at java.lang.Thread.sleep(Thread.java:340)
	at java.util.concurrent.TimeUnit.sleep(TimeUnit.java:386)
	at org.apache.ratis.util.TimeDuration.sleep(TimeDuration.java:324)
	at org.apache.ratis.util.TimeDuration.sleep(TimeDuration.java:309)
	at org.apache.ratis.server.impl.FollowerState.run(FollowerState.java:118)
2021-11-14 01:04:47,479 [grpc-default-executor-4] INFO  server.RaftServer$Division (RaftServerImpl.java:requestVote(1078)) - 32069a0d-f39a-42d5-b706-96b3f478e9d8@group-21D2AE8B93C5 replies to ELECTION vote request: a5432c49-5461-405d-b7d7-37e5c225d9bf<-32069a0d-f39a-42d5-b706-96b3f478e9d8#0:OK-t4. Peer's state: 32069a0d-f39a-42d5-b706-96b3f478e9d8@group-21D2AE8B93C5:t4, leader=null, voted=a5432c49-5461-405d-b7d7-37e5c225d9bf, raftlog=32069a0d-f39a-42d5-b706-96b3f478e9d8@group-21D2AE8B93C5-SegmentedRaftLog:OPENED:c-1, conf=-1: [a5432c49-5461-405d-b7d7-37e5c225d9bf|rpc:10.1.0.47:33007|priority:0, 32069a0d-f39a-42d5-b706-96b3f478e9d8|rpc:10.1.0.47:43355|priority:0, 42593a4f-89d4-4363-aad7-ee84fdc40b17|rpc:10.1.0.47:38117|priority:1], old=null
2021-11-14 01:04:47,485 [grpc-default-executor-1] INFO  server.RaftServer$Division (RaftServerImpl.java:requestVote(1078)) - 42593a4f-89d4-4363-aad7-ee84fdc40b17@group-21D2AE8B93C5 replies to ELECTION vote request: a5432c49-5461-405d-b7d7-37e5c225d9bf<-42593a4f-89d4-4363-aad7-ee84fdc40b17#0:FAIL-t4. Peer's state: 42593a4f-89d4-4363-aad7-ee84fdc40b17@group-21D2AE8B93C5:t4, leader=null, voted=null, raftlog=42593a4f-89d4-4363-aad7-ee84fdc40b17@group-21D2AE8B93C5-SegmentedRaftLog:OPENED:c-1, conf=-1: [a5432c49-5461-405d-b7d7-37e5c225d9bf|rpc:10.1.0.47:33007|dataStream:|priority:0, 32069a0d-f39a-42d5-b706-96b3f478e9d8|rpc:10.1.0.47:43355|dataStream:|priority:0, 42593a4f-89d4-4363-aad7-ee84fdc40b17|rpc:10.1.0.47:38117|dataStream:|priority:1], old=null
2021-11-14 01:04:47,485 [a5432c49-5461-405d-b7d7-37e5c225d9bf@group-21D2AE8B93C5-LeaderElection122] INFO  impl.LeaderElection (LeaderElection.java:logAndReturn(89)) - a5432c49-5461-405d-b7d7-37e5c225d9bf@group-21D2AE8B93C5-LeaderElection122: ELECTION REJECTED received 2 response(s) and 0 exception(s):
2021-11-14 01:04:47,485 [a5432c49-5461-405d-b7d7-37e5c225d9bf@group-21D2AE8B93C5-LeaderElection122] INFO  impl.LeaderElection (LeaderElection.java:logAndReturn(93)) -   Response 0: a5432c49-5461-405d-b7d7-37e5c225d9bf<-32069a0d-f39a-42d5-b706-96b3f478e9d8#0:OK-t4
2021-11-14 01:04:47,485 [a5432c49-5461-405d-b7d7-37e5c225d9bf@group-21D2AE8B93C5-LeaderElection122] INFO  impl.LeaderElection (LeaderElection.java:logAndReturn(93)) -   Response 1: a5432c49-5461-405d-b7d7-37e5c225d9bf<-42593a4f-89d4-4363-aad7-ee84fdc40b17#0:FAIL-t4
2021-11-14 01:04:47,485 [a5432c49-5461-405d-b7d7-37e5c225d9bf@group-21D2AE8B93C5-LeaderElection122] INFO  impl.LeaderElection (LeaderElection.java:askForVotes(308)) - a5432c49-5461-405d-b7d7-37e5c225d9bf@group-21D2AE8B93C5-LeaderElection122 ELECTION round 0: result REJECTED
2021-11-14 01:04:47,485 [a5432c49-5461-405d-b7d7-37e5c225d9bf@group-21D2AE8B93C5-LeaderElection122] INFO  server.RaftServer$Division (RaftServerImpl.java:setRole(290)) - a5432c49-5461-405d-b7d7-37e5c225d9bf@group-21D2AE8B93C5: changes role from CANDIDATE to FOLLOWER at term 4 for REJECTED
2021-11-14 01:04:47,485 [a5432c49-5461-405d-b7d7-37e5c225d9bf@group-21D2AE8B93C5-LeaderElection122] INFO  impl.RoleInfo (RoleInfo.java:shutdownLeaderElection(121)) - a5432c49-5461-405d-b7d7-37e5c225d9bf: shutdown a5432c49-5461-405d-b7d7-37e5c225d9bf@group-21D2AE8B93C5-LeaderElection122
2021-11-14 01:04:47,486 [a5432c49-5461-405d-b7d7-37e5c225d9bf@group-21D2AE8B93C5-LeaderElection122] INFO  impl.RoleInfo (RoleInfo.java:updateAndGet(130)) - a5432c49-5461-405d-b7d7-37e5c225d9bf: start a5432c49-5461-405d-b7d7-37e5c225d9bf@group-21D2AE8B93C5-FollowerState
2021-11-14 01:04:49,503 [Listener at 127.0.0.1/34021] INFO  ozoneimpl.OzoneContainer (OzoneContainer.java:stop(325)) - Attempting to stop container services.
2021-11-14 01:04:49,504 [Listener at 127.0.0.1/34021] INFO  server.RaftServer (RaftServerProxy.java:lambda$close$6(391)) - 42593a4f-89d4-4363-aad7-ee84fdc40b17: close
2021-11-14 01:04:49,508 [Listener at 127.0.0.1/34021] INFO  server.RaftServer$Division (RaftServerImpl.java:lambda$close$4(412)) - 42593a4f-89d4-4363-aad7-ee84fdc40b17@group-21D2AE8B93C5: shutdown
2021-11-14 01:04:49,508 [Listener at 127.0.0.1/34021] INFO  util.JmxRegister (JmxRegister.java:unregister(73)) - Successfully un-registered JMX Bean with object name Ratis:service=RaftServer,group=group-21D2AE8B93C5,id=42593a4f-89d4-4363-aad7-ee84fdc40b17
2021-11-14 01:04:49,508 [Listener at 127.0.0.1/34021] INFO  impl.RoleInfo (RoleInfo.java:shutdownFollowerState(108)) - 42593a4f-89d4-4363-aad7-ee84fdc40b17: shutdown 42593a4f-89d4-4363-aad7-ee84fdc40b17@group-21D2AE8B93C5-FollowerState
2021-11-14 01:04:49,508 [Listener at 127.0.0.1/34021] INFO  impl.StateMachineUpdater (StateMachineUpdater.java:stopAndJoin(149)) - 42593a4f-89d4-4363-aad7-ee84fdc40b17@group-21D2AE8B93C5-StateMachineUpdater: set stopIndex = -1
2021-11-14 01:04:49,508 [42593a4f-89d4-4363-aad7-ee84fdc40b17@group-21D2AE8B93C5-FollowerState] INFO  impl.FollowerState (FollowerState.java:run(143)) - 42593a4f-89d4-4363-aad7-ee84fdc40b17@group-21D2AE8B93C5-FollowerState was interrupted: {}
java.lang.InterruptedException: sleep interrupted
	at java.lang.Thread.sleep(Native Method)
	at java.lang.Thread.sleep(Thread.java:340)
	at java.util.concurrent.TimeUnit.sleep(TimeUnit.java:386)
	at org.apache.ratis.util.TimeDuration.sleep(TimeDuration.java:324)
	at org.apache.ratis.util.TimeDuration.sleep(TimeDuration.java:309)
	at org.apache.ratis.server.impl.FollowerState.run(FollowerState.java:118)
2021-11-14 01:04:49,513 [Listener at 127.0.0.1/34021] INFO  server.RaftServer$Division (ServerState.java:close(419)) - 42593a4f-89d4-4363-aad7-ee84fdc40b17@group-21D2AE8B93C5: closes. applyIndex: -1
2021-11-14 01:04:49,513 [42593a4f-89d4-4363-aad7-ee84fdc40b17@group-21D2AE8B93C5-SegmentedRaftLogWorker] INFO  segmented.SegmentedRaftLogWorker (SegmentedRaftLogWorker.java:run(327)) - 42593a4f-89d4-4363-aad7-ee84fdc40b17@group-21D2AE8B93C5-SegmentedRaftLogWorker was interrupted, exiting. There are 0 tasks remaining in the queue.
2021-11-14 01:04:49,513 [Listener at 127.0.0.1/34021] INFO  segmented.SegmentedRaftLogWorker (SegmentedRaftLogWorker.java:close(237)) - 42593a4f-89d4-4363-aad7-ee84fdc40b17@group-21D2AE8B93C5-SegmentedRaftLogWorker close()
2021-11-14 01:04:49,516 [Listener at 127.0.0.1/34021] INFO  server.RaftServer$Division (RaftServerImpl.java:lambda$close$4(412)) - 42593a4f-89d4-4363-aad7-ee84fdc40b17@group-5453DB22F216: shutdown
2021-11-14 01:04:49,516 [Listener at 127.0.0.1/34021] INFO  util.JmxRegister (JmxRegister.java:unregister(73)) - Successfully un-registered JMX Bean with object name Ratis:service=RaftServer,group=group-5453DB22F216,id=42593a4f-89d4-4363-aad7-ee84fdc40b17
2021-11-14 01:04:49,516 [Listener at 127.0.0.1/34021] INFO  impl.RoleInfo (RoleInfo.java:shutdownLeaderState(91)) - 42593a4f-89d4-4363-aad7-ee84fdc40b17: shutdown 42593a4f-89d4-4363-aad7-ee84fdc40b17@group-5453DB22F216-LeaderStateImpl
2021-11-14 01:04:49,516 [Listener at 127.0.0.1/34021] INFO  impl.PendingRequests (PendingRequests.java:sendNotLeaderResponses(282)) - 42593a4f-89d4-4363-aad7-ee84fdc40b17@group-5453DB22F216-PendingRequests: sendNotLeaderResponses
2021-11-14 01:04:49,532 [42593a4f-89d4-4363-aad7-ee84fdc40b17@group-5453DB22F216-StateMachineUpdater] INFO  ratis.ContainerStateMachine (ContainerStateMachine.java:takeSnapshot(292)) - group-5453DB22F216: Taking a snapshot at:(t:1, i:11) file /home/runner/work/ozone/ozone/hadoop-ozone/integration-test/target/test-dir/MiniOzoneClusterImpl-5b6cbd2a-2976-43bc-8d1c-e3ca86cddeeb/datanode-2/data/ratis/9877ffae-06a8-41cd-9b6b-5453db22f216/sm/snapshot.1_11
2021-11-14 01:04:49,532 [Listener at 127.0.0.1/34021] INFO  impl.StateMachineUpdater (StateMachineUpdater.java:stopAndJoin(149)) - 42593a4f-89d4-4363-aad7-ee84fdc40b17@group-5453DB22F216-StateMachineUpdater: set stopIndex = 11
2021-11-14 01:04:49,534 [42593a4f-89d4-4363-aad7-ee84fdc40b17@group-5453DB22F216-StateMachineUpdater] INFO  ratis.ContainerStateMachine (ContainerStateMachine.java:takeSnapshot(303)) - group-5453DB22F216: Finished taking a snapshot at:(t:1, i:11) file:/home/runner/work/ozone/ozone/hadoop-ozone/integration-test/target/test-dir/MiniOzoneClusterImpl-5b6cbd2a-2976-43bc-8d1c-e3ca86cddeeb/datanode-2/data/ratis/9877ffae-06a8-41cd-9b6b-5453db22f216/sm/snapshot.1_11 took: 1 ms
2021-11-14 01:04:49,534 [42593a4f-89d4-4363-aad7-ee84fdc40b17@group-5453DB22F216-StateMachineUpdater] INFO  impl.StateMachineUpdater (StateMachineUpdater.java:takeSnapshot(281)) - 42593a4f-89d4-4363-aad7-ee84fdc40b17@group-5453DB22F216-StateMachineUpdater: Took a snapshot at index 11
2021-11-14 01:04:49,534 [42593a4f-89d4-4363-aad7-ee84fdc40b17@group-5453DB22F216-StateMachineUpdater] INFO  impl.StateMachineUpdater (StateMachineUpdater.java:lambda$new$0(89)) - 42593a4f-89d4-4363-aad7-ee84fdc40b17@group-5453DB22F216-StateMachineUpdater: snapshotIndex: updateIncreasingly -1 -> 11
2021-11-14 01:04:49,535 [Listener at 127.0.0.1/34021] INFO  server.RaftServer$Division (ServerState.java:close(419)) - 42593a4f-89d4-4363-aad7-ee84fdc40b17@group-5453DB22F216: closes. applyIndex: 11
2021-11-14 01:04:49,535 [42593a4f-89d4-4363-aad7-ee84fdc40b17@group-5453DB22F216-SegmentedRaftLogWorker] INFO  segmented.SegmentedRaftLogWorker (SegmentedRaftLogWorker.java:run(327)) - 42593a4f-89d4-4363-aad7-ee84fdc40b17@group-5453DB22F216-SegmentedRaftLogWorker was interrupted, exiting. There are 0 tasks remaining in the queue.
2021-11-14 01:04:49,544 [Listener at 127.0.0.1/34021] INFO  segmented.SegmentedRaftLogWorker (SegmentedRaftLogWorker.java:close(237)) - 42593a4f-89d4-4363-aad7-ee84fdc40b17@group-5453DB22F216-SegmentedRaftLogWorker close()
2021-11-14 01:04:49,546 [Listener at 127.0.0.1/34021] INFO  server.RaftServer$Division (RaftServerImpl.java:lambda$close$4(412)) - 42593a4f-89d4-4363-aad7-ee84fdc40b17@group-58FA2C6BBA1C: shutdown
2021-11-14 01:04:49,549 [Listener at 127.0.0.1/34021] INFO  util.JmxRegister (JmxRegister.java:unregister(73)) - Successfully un-registered JMX Bean with object name Ratis:service=RaftServer,group=group-58FA2C6BBA1C,id=42593a4f-89d4-4363-aad7-ee84fdc40b17
2021-11-14 01:04:49,551 [Listener at 127.0.0.1/34021] INFO  impl.RoleInfo (RoleInfo.java:shutdownFollowerState(108)) - 42593a4f-89d4-4363-aad7-ee84fdc40b17: shutdown 42593a4f-89d4-4363-aad7-ee84fdc40b17@group-58FA2C6BBA1C-FollowerState
2021-11-14 01:04:49,552 [42593a4f-89d4-4363-aad7-ee84fdc40b17@group-58FA2C6BBA1C-FollowerState] INFO  impl.FollowerState (FollowerState.java:run(143)) - 42593a4f-89d4-4363-aad7-ee84fdc40b17@group-58FA2C6BBA1C-FollowerState was interrupted: {}
java.lang.InterruptedException: sleep interrupted
	at java.lang.Thread.sleep(Native Method)
	at java.lang.Thread.sleep(Thread.java:340)
	at java.util.concurrent.TimeUnit.sleep(TimeUnit.java:386)
	at org.apache.ratis.util.TimeDuration.sleep(TimeDuration.java:324)
	at org.apache.ratis.util.TimeDuration.sleep(TimeDuration.java:309)
	at org.apache.ratis.server.impl.FollowerState.run(FollowerState.java:118)
2021-11-14 01:04:49,552 [42593a4f-89d4-4363-aad7-ee84fdc40b17@group-58FA2C6BBA1C-StateMachineUpdater] INFO  ratis.ContainerStateMachine (ContainerStateMachine.java:takeSnapshot(292)) - group-58FA2C6BBA1C: Taking a snapshot at:(t:1, i:0) file /home/runner/work/ozone/ozone/hadoop-ozone/integration-test/target/test-dir/MiniOzoneClusterImpl-5b6cbd2a-2976-43bc-8d1c-e3ca86cddeeb/datanode-2/data/ratis/022119a0-66e2-4555-98aa-58fa2c6bba1c/sm/snapshot.1_0
2021-11-14 01:04:49,553 [Listener at 127.0.0.1/34021] INFO  impl.StateMachineUpdater (StateMachineUpdater.java:stopAndJoin(149)) - 42593a4f-89d4-4363-aad7-ee84fdc40b17@group-58FA2C6BBA1C-StateMachineUpdater: set stopIndex = 0
2021-11-14 01:04:49,555 [42593a4f-89d4-4363-aad7-ee84fdc40b17@group-58FA2C6BBA1C-StateMachineUpdater] INFO  ratis.ContainerStateMachine (ContainerStateMachine.java:takeSnapshot(303)) - group-58FA2C6BBA1C: Finished taking a snapshot at:(t:1, i:0) file:/home/runner/work/ozone/ozone/hadoop-ozone/integration-test/target/test-dir/MiniOzoneClusterImpl-5b6cbd2a-2976-43bc-8d1c-e3ca86cddeeb/datanode-2/data/ratis/022119a0-66e2-4555-98aa-58fa2c6bba1c/sm/snapshot.1_0 took: 3 ms
2021-11-14 01:04:49,555 [42593a4f-89d4-4363-aad7-ee84fdc40b17@group-58FA2C6BBA1C-StateMachineUpdater] INFO  impl.StateMachineUpdater (StateMachineUpdater.java:takeSnapshot(281)) - 42593a4f-89d4-4363-aad7-ee84fdc40b17@group-58FA2C6BBA1C-StateMachineUpdater: Took a snapshot at index 0
2021-11-14 01:04:49,555 [42593a4f-89d4-4363-aad7-ee84fdc40b17@group-58FA2C6BBA1C-StateMachineUpdater] INFO  impl.StateMachineUpdater (StateMachineUpdater.java:lambda$new$0(89)) - 42593a4f-89d4-4363-aad7-ee84fdc40b17@group-58FA2C6BBA1C-StateMachineUpdater: snapshotIndex: updateIncreasingly -1 -> 0
2021-11-14 01:04:49,557 [Listener at 127.0.0.1/34021] INFO  server.RaftServer$Division (ServerState.java:close(419)) - 42593a4f-89d4-4363-aad7-ee84fdc40b17@group-58FA2C6BBA1C: closes. applyIndex: 0
2021-11-14 01:04:49,557 [42593a4f-89d4-4363-aad7-ee84fdc40b17@group-58FA2C6BBA1C-SegmentedRaftLogWorker] INFO  segmented.SegmentedRaftLogWorker (SegmentedRaftLogWorker.java:run(327)) - 42593a4f-89d4-4363-aad7-ee84fdc40b17@group-58FA2C6BBA1C-SegmentedRaftLogWorker was interrupted, exiting. There are 0 tasks remaining in the queue.
2021-11-14 01:04:49,564 [Listener at 127.0.0.1/34021] INFO  segmented.SegmentedRaftLogWorker (SegmentedRaftLogWorker.java:close(237)) - 42593a4f-89d4-4363-aad7-ee84fdc40b17@group-58FA2C6BBA1C-SegmentedRaftLogWorker close()
2021-11-14 01:04:49,572 [Listener at 127.0.0.1/34021] INFO  server.RaftServer$Division (RaftServerImpl.java:lambda$close$4(412)) - 42593a4f-89d4-4363-aad7-ee84fdc40b17@group-728CC57844C0: shutdown
2021-11-14 01:04:49,572 [Listener at 127.0.0.1/34021] INFO  util.JmxRegister (JmxRegister.java:unregister(73)) - Successfully un-registered JMX Bean with object name Ratis:service=RaftServer,group=group-728CC57844C0,id=42593a4f-89d4-4363-aad7-ee84fdc40b17
2021-11-14 01:04:49,576 [Listener at 127.0.0.1/34021] INFO  impl.RoleInfo (RoleInfo.java:shutdownFollowerState(108)) - 42593a4f-89d4-4363-aad7-ee84fdc40b17: shutdown 42593a4f-89d4-4363-aad7-ee84fdc40b17@group-728CC57844C0-FollowerState
2021-11-14 01:04:49,577 [42593a4f-89d4-4363-aad7-ee84fdc40b17@group-728CC57844C0-FollowerState] INFO  impl.FollowerState (FollowerState.java:run(143)) - 42593a4f-89d4-4363-aad7-ee84fdc40b17@group-728CC57844C0-FollowerState was interrupted: {}
java.lang.InterruptedException: sleep interrupted
	at java.lang.Thread.sleep(Native Method)
	at java.lang.Thread.sleep(Thread.java:340)
	at java.util.concurrent.TimeUnit.sleep(TimeUnit.java:386)
	at org.apache.ratis.util.TimeDuration.sleep(TimeDuration.java:324)
	at org.apache.ratis.util.TimeDuration.sleep(TimeDuration.java:309)
	at org.apache.ratis.server.impl.FollowerState.run(FollowerState.java:118)
2021-11-14 01:04:49,577 [42593a4f-89d4-4363-aad7-ee84fdc40b17@group-728CC57844C0-StateMachineUpdater] INFO  ratis.ContainerStateMachine (ContainerStateMachine.java:takeSnapshot(292)) - group-728CC57844C0: Taking a snapshot at:(t:2, i:0) file /home/runner/work/ozone/ozone/hadoop-ozone/integration-test/target/test-dir/MiniOzoneClusterImpl-5b6cbd2a-2976-43bc-8d1c-e3ca86cddeeb/datanode-2/data/ratis/075e133d-6554-4497-a8b7-728cc57844c0/sm/snapshot.2_0
2021-11-14 01:04:49,578 [Listener at 127.0.0.1/34021] INFO  impl.StateMachineUpdater (StateMachineUpdater.java:stopAndJoin(149)) - 42593a4f-89d4-4363-aad7-ee84fdc40b17@group-728CC57844C0-StateMachineUpdater: set stopIndex = 0
2021-11-14 01:04:49,579 [42593a4f-89d4-4363-aad7-ee84fdc40b17@group-728CC57844C0-StateMachineUpdater] INFO  ratis.ContainerStateMachine (ContainerStateMachine.java:takeSnapshot(303)) - group-728CC57844C0: Finished taking a snapshot at:(t:2, i:0) file:/home/runner/work/ozone/ozone/hadoop-ozone/integration-test/target/test-dir/MiniOzoneClusterImpl-5b6cbd2a-2976-43bc-8d1c-e3ca86cddeeb/datanode-2/data/ratis/075e133d-6554-4497-a8b7-728cc57844c0/sm/snapshot.2_0 took: 1 ms
2021-11-14 01:04:49,579 [42593a4f-89d4-4363-aad7-ee84fdc40b17@group-728CC57844C0-StateMachineUpdater] INFO  impl.StateMachineUpdater (StateMachineUpdater.java:takeSnapshot(281)) - 42593a4f-89d4-4363-aad7-ee84fdc40b17@group-728CC57844C0-StateMachineUpdater: Took a snapshot at index 0
2021-11-14 01:04:49,579 [42593a4f-89d4-4363-aad7-ee84fdc40b17@group-728CC57844C0-StateMachineUpdater] INFO  impl.StateMachineUpdater (StateMachineUpdater.java:lambda$new$0(89)) - 42593a4f-89d4-4363-aad7-ee84fdc40b17@group-728CC57844C0-StateMachineUpdater: snapshotIndex: updateIncreasingly -1 -> 0
2021-11-14 01:04:49,579 [Listener at 127.0.0.1/34021] INFO  server.RaftServer$Division (ServerState.java:close(419)) - 42593a4f-89d4-4363-aad7-ee84fdc40b17@group-728CC57844C0: closes. applyIndex: 0
2021-11-14 01:04:49,579 [42593a4f-89d4-4363-aad7-ee84fdc40b17@group-728CC57844C0-SegmentedRaftLogWorker] INFO  segmented.SegmentedRaftLogWorker (SegmentedRaftLogWorker.java:run(327)) - 42593a4f-89d4-4363-aad7-ee84fdc40b17@group-728CC57844C0-SegmentedRaftLogWorker was interrupted, exiting. There are 0 tasks remaining in the queue.
2021-11-14 01:04:49,580 [Listener at 127.0.0.1/34021] INFO  segmented.SegmentedRaftLogWorker (SegmentedRaftLogWorker.java:close(237)) - 42593a4f-89d4-4363-aad7-ee84fdc40b17@group-728CC57844C0-SegmentedRaftLogWorker close()
2021-11-14 01:04:49,583 [Listener at 127.0.0.1/34021] INFO  server.GrpcService (GrpcService.java:closeImpl(262)) - 42593a4f-89d4-4363-aad7-ee84fdc40b17: shutdown server with port 38117 now
2021-11-14 01:04:49,603 [grpc-default-executor-2] WARN  server.GrpcServerProtocolService (LogUtils.java:warn(122)) - 42593a4f-89d4-4363-aad7-ee84fdc40b17: installSnapshot onError, lastRequest: 32069a0d-f39a-42d5-b706-96b3f478e9d8->42593a4f-89d4-4363-aad7-ee84fdc40b17#1-t1,previous=(t:0, i:0),leaderCommit=0,initializing? true,entries: size=1, first=(t:1, i:0), CONFIGURATIONENTRY: org.apache.ratis.thirdparty.io.grpc.StatusRuntimeException: CANCELLED: client cancelled
2021-11-14 01:04:49,605 [grpc-default-executor-1] WARN  server.GrpcServerProtocolService (LogUtils.java:warn(122)) - 42593a4f-89d4-4363-aad7-ee84fdc40b17: installSnapshot onError, lastRequest: a5432c49-5461-405d-b7d7-37e5c225d9bf->42593a4f-89d4-4363-aad7-ee84fdc40b17#1-t2,previous=(t:0, i:0),leaderCommit=-1,initializing? true,entries: size=1, first=(t:2, i:0), CONFIGURATIONENTRY: org.apache.ratis.thirdparty.io.grpc.StatusRuntimeException: CANCELLED: client cancelled
2021-11-14 01:04:49,605 [grpc-default-executor-0] WARN  server.GrpcLogAppender (LogUtils.java:warn(122)) - a5432c49-5461-405d-b7d7-37e5c225d9bf@group-728CC57844C0->42593a4f-89d4-4363-aad7-ee84fdc40b17-AppendLogResponseHandler: Failed appendEntries: org.apache.ratis.thirdparty.io.grpc.StatusRuntimeException: CANCELLED: HTTP/2 error code: CANCEL
Received Rst Stream
2021-11-14 01:04:49,605 [grpc-default-executor-0] WARN  server.GrpcLogAppender (GrpcLogAppender.java:resetClient(110)) - a5432c49-5461-405d-b7d7-37e5c225d9bf@group-728CC57844C0->42593a4f-89d4-4363-aad7-ee84fdc40b17-GrpcLogAppender: Leader has not got in touch with Follower a5432c49-5461-405d-b7d7-37e5c225d9bf@group-728CC57844C0->42593a4f-89d4-4363-aad7-ee84fdc40b17(c0,m0,n1, attendVote=true, lastRpcSendTime=1834, lastRpcResponseTime=1823) yet, just keep nextIndex unchanged and retry.
2021-11-14 01:04:49,609 [grpc-default-executor-4] WARN  server.GrpcLogAppender (LogUtils.java:warn(122)) - 32069a0d-f39a-42d5-b706-96b3f478e9d8@group-58FA2C6BBA1C->42593a4f-89d4-4363-aad7-ee84fdc40b17-AppendLogResponseHandler: Failed appendEntries: org.apache.ratis.thirdparty.io.grpc.StatusRuntimeException: CANCELLED: HTTP/2 error code: CANCEL
Received Rst Stream
2021-11-14 01:04:49,609 [grpc-default-executor-4] WARN  server.GrpcLogAppender (GrpcLogAppender.java:resetClient(110)) - 32069a0d-f39a-42d5-b706-96b3f478e9d8@group-58FA2C6BBA1C->42593a4f-89d4-4363-aad7-ee84fdc40b17-GrpcLogAppender: Leader has not got in touch with Follower 32069a0d-f39a-42d5-b706-96b3f478e9d8@group-58FA2C6BBA1C->42593a4f-89d4-4363-aad7-ee84fdc40b17(c0,m0,n1, attendVote=true, lastRpcSendTime=150, lastRpcResponseTime=142) yet, just keep nextIndex unchanged and retry.
2021-11-14 01:04:49,623 [Listener at 127.0.0.1/34021] INFO  server.GrpcService (GrpcService.java:closeImpl(271)) - 42593a4f-89d4-4363-aad7-ee84fdc40b17: shutdown server with port 38117 successfully
2021-11-14 01:04:49,624 [org.apache.ratis.util.JvmPauseMonitor$$Lambda$531/1045442098@13fdf81d] INFO  util.JvmPauseMonitor (JvmPauseMonitor.java:run(109)) - JvmPauseMonitor-42593a4f-89d4-4363-aad7-ee84fdc40b17: Stopped
2021-11-14 01:04:49,647 [Listener at 127.0.0.1/34021] INFO  utils.BackgroundService (BackgroundService.java:shutdown(132)) - Shutting down service BlockDeletingService
2021-11-14 01:04:50,312 [grpc-default-executor-0] WARN  server.GrpcLogAppender (LogUtils.java:warn(122)) - a5432c49-5461-405d-b7d7-37e5c225d9bf@group-728CC57844C0->42593a4f-89d4-4363-aad7-ee84fdc40b17-AppendLogResponseHandler: Failed appendEntries: org.apache.ratis.thirdparty.io.grpc.StatusRuntimeException: UNAVAILABLE: io exception
2021-11-14 01:04:50,312 [grpc-default-executor-0] WARN  server.GrpcLogAppender (GrpcLogAppender.java:resetClient(110)) - a5432c49-5461-405d-b7d7-37e5c225d9bf@group-728CC57844C0->42593a4f-89d4-4363-aad7-ee84fdc40b17-GrpcLogAppender: Leader has not got in touch with Follower a5432c49-5461-405d-b7d7-37e5c225d9bf@group-728CC57844C0->42593a4f-89d4-4363-aad7-ee84fdc40b17(c0,m0,n1, attendVote=true, lastRpcSendTime=3, lastRpcResponseTime=2531) yet, just keep nextIndex unchanged and retry.
2021-11-14 01:04:51,977 [grpc-default-executor-2] WARN  server.GrpcLogAppender (LogUtils.java:warn(122)) - 32069a0d-f39a-42d5-b706-96b3f478e9d8@group-58FA2C6BBA1C->42593a4f-89d4-4363-aad7-ee84fdc40b17-AppendLogResponseHandler: Failed appendEntries: org.apache.ratis.thirdparty.io.grpc.StatusRuntimeException: UNAVAILABLE: io exception
2021-11-14 01:04:51,978 [grpc-default-executor-2] WARN  server.GrpcLogAppender (GrpcLogAppender.java:resetClient(110)) - 32069a0d-f39a-42d5-b706-96b3f478e9d8@group-58FA2C6BBA1C->42593a4f-89d4-4363-aad7-ee84fdc40b17-GrpcLogAppender: Leader has not got in touch with Follower 32069a0d-f39a-42d5-b706-96b3f478e9d8@group-58FA2C6BBA1C->42593a4f-89d4-4363-aad7-ee84fdc40b17(c0,m0,n1, attendVote=true, lastRpcSendTime=4, lastRpcResponseTime=2510) yet, just keep nextIndex unchanged and retry.
2021-11-14 01:04:52,509 [32069a0d-f39a-42d5-b706-96b3f478e9d8@group-21D2AE8B93C5-FollowerState] INFO  impl.FollowerState (FollowerState.java:run(134)) - 32069a0d-f39a-42d5-b706-96b3f478e9d8@group-21D2AE8B93C5-FollowerState: change to CANDIDATE, lastRpcElapsedTime:5030669788ns, electionTimeout:5028ms
2021-11-14 01:04:52,510 [32069a0d-f39a-42d5-b706-96b3f478e9d8@group-21D2AE8B93C5-FollowerState] INFO  impl.RoleInfo (RoleInfo.java:shutdownFollowerState(108)) - 32069a0d-f39a-42d5-b706-96b3f478e9d8: shutdown 32069a0d-f39a-42d5-b706-96b3f478e9d8@group-21D2AE8B93C5-FollowerState
2021-11-14 01:04:52,510 [32069a0d-f39a-42d5-b706-96b3f478e9d8@group-21D2AE8B93C5-FollowerState] INFO  server.RaftServer$Division (RaftServerImpl.java:setRole(290)) - 32069a0d-f39a-42d5-b706-96b3f478e9d8@group-21D2AE8B93C5: changes role from  FOLLOWER to CANDIDATE at term 4 for changeToCandidate
2021-11-14 01:04:52,510 [32069a0d-f39a-42d5-b706-96b3f478e9d8@group-21D2AE8B93C5-FollowerState] INFO  server.RaftServerConfigKeys (ConfUtils.java:logGet(44)) - raft.server.leaderelection.pre-vote = false (custom)
2021-11-14 01:04:52,510 [32069a0d-f39a-42d5-b706-96b3f478e9d8@group-21D2AE8B93C5-FollowerState] INFO  impl.RoleInfo (RoleInfo.java:updateAndGet(130)) - 32069a0d-f39a-42d5-b706-96b3f478e9d8: start 32069a0d-f39a-42d5-b706-96b3f478e9d8@group-21D2AE8B93C5-LeaderElection123
2021-11-14 01:04:52,520 [a5432c49-5461-405d-b7d7-37e5c225d9bf@group-21D2AE8B93C5-FollowerState] INFO  impl.FollowerState (FollowerState.java:run(134)) - a5432c49-5461-405d-b7d7-37e5c225d9bf@group-21D2AE8B93C5-FollowerState: change to CANDIDATE, lastRpcElapsedTime:5034626863ns, electionTimeout:5034ms
2021-11-14 01:04:52,520 [a5432c49-5461-405d-b7d7-37e5c225d9bf@group-21D2AE8B93C5-FollowerState] INFO  impl.RoleInfo (RoleInfo.java:shutdownFollowerState(108)) - a5432c49-5461-405d-b7d7-37e5c225d9bf: shutdown a5432c49-5461-405d-b7d7-37e5c225d9bf@group-21D2AE8B93C5-FollowerState
2021-11-14 01:04:52,520 [a5432c49-5461-405d-b7d7-37e5c225d9bf@group-21D2AE8B93C5-FollowerState] INFO  server.RaftServer$Division (RaftServerImpl.java:setRole(290)) - a5432c49-5461-405d-b7d7-37e5c225d9bf@group-21D2AE8B93C5: changes role from  FOLLOWER to CANDIDATE at term 4 for changeToCandidate
2021-11-14 01:04:52,535 [a5432c49-5461-405d-b7d7-37e5c225d9bf@group-21D2AE8B93C5-FollowerState] INFO  server.RaftServerConfigKeys (ConfUtils.java:logGet(44)) - raft.server.leaderelection.pre-vote = false (custom)
2021-11-14 01:04:52,535 [a5432c49-5461-405d-b7d7-37e5c225d9bf@group-21D2AE8B93C5-FollowerState] INFO  impl.RoleInfo (RoleInfo.java:updateAndGet(130)) - a5432c49-5461-405d-b7d7-37e5c225d9bf: start a5432c49-5461-405d-b7d7-37e5c225d9bf@group-21D2AE8B93C5-LeaderElection124
2021-11-14 01:04:52,539 [32069a0d-f39a-42d5-b706-96b3f478e9d8@group-21D2AE8B93C5-LeaderElection123] INFO  impl.LeaderElection (LeaderElection.java:askForVotes(306)) - 32069a0d-f39a-42d5-b706-96b3f478e9d8@group-21D2AE8B93C5-LeaderElection123 ELECTION round 0: submit vote requests at term 5 for -1: [a5432c49-5461-405d-b7d7-37e5c225d9bf|rpc:10.1.0.47:33007|priority:0, 32069a0d-f39a-42d5-b706-96b3f478e9d8|rpc:10.1.0.47:43355|priority:0, 42593a4f-89d4-4363-aad7-ee84fdc40b17|rpc:10.1.0.47:38117|priority:1], old=null
2021-11-14 01:04:52,569 [a5432c49-5461-405d-b7d7-37e5c225d9bf@group-21D2AE8B93C5-LeaderElection124] INFO  impl.LeaderElection (LeaderElection.java:askForVotes(306)) - a5432c49-5461-405d-b7d7-37e5c225d9bf@group-21D2AE8B93C5-LeaderElection124 ELECTION round 0: submit vote requests at term 5 for -1: [a5432c49-5461-405d-b7d7-37e5c225d9bf|rpc:10.1.0.47:33007|priority:0, 32069a0d-f39a-42d5-b706-96b3f478e9d8|rpc:10.1.0.47:43355|priority:0, 42593a4f-89d4-4363-aad7-ee84fdc40b17|rpc:10.1.0.47:38117|priority:1], old=null
2021-11-14 01:04:52,586 [grpc-default-executor-0] INFO  server.RaftServer$Division (RaftServerImpl.java:requestVote(1046)) - 32069a0d-f39a-42d5-b706-96b3f478e9d8@group-21D2AE8B93C5: receive requestVote(ELECTION, a5432c49-5461-405d-b7d7-37e5c225d9bf, group-21D2AE8B93C5, 5, (t:0, i:0))
2021-11-14 01:04:52,586 [grpc-default-executor-0] INFO  impl.VoteContext (VoteContext.java:log(48)) - 32069a0d-f39a-42d5-b706-96b3f478e9d8@group-21D2AE8B93C5-CANDIDATE: reject ELECTION from a5432c49-5461-405d-b7d7-37e5c225d9bf: already has voted for 32069a0d-f39a-42d5-b706-96b3f478e9d8 at current term 5
2021-11-14 01:04:52,586 [grpc-default-executor-0] INFO  server.RaftServer$Division (RaftServerImpl.java:requestVote(1078)) - 32069a0d-f39a-42d5-b706-96b3f478e9d8@group-21D2AE8B93C5 replies to ELECTION vote request: a5432c49-5461-405d-b7d7-37e5c225d9bf<-32069a0d-f39a-42d5-b706-96b3f478e9d8#0:FAIL-t5. Peer's state: 32069a0d-f39a-42d5-b706-96b3f478e9d8@group-21D2AE8B93C5:t5, leader=null, voted=32069a0d-f39a-42d5-b706-96b3f478e9d8, raftlog=32069a0d-f39a-42d5-b706-96b3f478e9d8@group-21D2AE8B93C5-SegmentedRaftLog:OPENED:c-1, conf=-1: [a5432c49-5461-405d-b7d7-37e5c225d9bf|rpc:10.1.0.47:33007|priority:0, 32069a0d-f39a-42d5-b706-96b3f478e9d8|rpc:10.1.0.47:43355|priority:0, 42593a4f-89d4-4363-aad7-ee84fdc40b17|rpc:10.1.0.47:38117|priority:1], old=null
2021-11-14 01:04:52,637 [grpc-default-executor-0] INFO  server.RaftServer$Division (RaftServerImpl.java:requestVote(1046)) - a5432c49-5461-405d-b7d7-37e5c225d9bf@group-21D2AE8B93C5: receive requestVote(ELECTION, 32069a0d-f39a-42d5-b706-96b3f478e9d8, group-21D2AE8B93C5, 5, (t:0, i:0))
2021-11-14 01:04:52,638 [grpc-default-executor-0] INFO  impl.VoteContext (VoteContext.java:log(48)) - a5432c49-5461-405d-b7d7-37e5c225d9bf@group-21D2AE8B93C5-CANDIDATE: reject ELECTION from 32069a0d-f39a-42d5-b706-96b3f478e9d8: already has voted for a5432c49-5461-405d-b7d7-37e5c225d9bf at current term 5
2021-11-14 01:04:52,638 [grpc-default-executor-0] INFO  server.RaftServer$Division (RaftServerImpl.java:requestVote(1078)) - a5432c49-5461-405d-b7d7-37e5c225d9bf@group-21D2AE8B93C5 replies to ELECTION vote request: 32069a0d-f39a-42d5-b706-96b3f478e9d8<-a5432c49-5461-405d-b7d7-37e5c225d9bf#0:FAIL-t5. Peer's state: a5432c49-5461-405d-b7d7-37e5c225d9bf@group-21D2AE8B93C5:t5, leader=null, voted=a5432c49-5461-405d-b7d7-37e5c225d9bf, raftlog=a5432c49-5461-405d-b7d7-37e5c225d9bf@group-21D2AE8B93C5-SegmentedRaftLog:OPENED:c-1, conf=-1: [a5432c49-5461-405d-b7d7-37e5c225d9bf|rpc:10.1.0.47:33007|priority:0, 32069a0d-f39a-42d5-b706-96b3f478e9d8|rpc:10.1.0.47:43355|priority:0, 42593a4f-89d4-4363-aad7-ee84fdc40b17|rpc:10.1.0.47:38117|priority:1], old=null
2021-11-14 01:04:52,684 [32069a0d-f39a-42d5-b706-96b3f478e9d8@group-21D2AE8B93C5-LeaderElection123] INFO  impl.LeaderElection (LogUtils.java:infoOrTrace(137)) - 32069a0d-f39a-42d5-b706-96b3f478e9d8@group-21D2AE8B93C5-LeaderElection123 got exception when requesting votes: java.util.concurrent.ExecutionException: org.apache.ratis.thirdparty.io.grpc.StatusRuntimeException: UNAVAILABLE: io exception
2021-11-14 01:04:52,686 [a5432c49-5461-405d-b7d7-37e5c225d9bf@group-21D2AE8B93C5-LeaderElection124] INFO  impl.LeaderElection (LogUtils.java:infoOrTrace(137)) - a5432c49-5461-405d-b7d7-37e5c225d9bf@group-21D2AE8B93C5-LeaderElection124 got exception when requesting votes: java.util.concurrent.ExecutionException: org.apache.ratis.thirdparty.io.grpc.StatusRuntimeException: UNAVAILABLE: io exception
2021-11-14 01:04:52,686 [a5432c49-5461-405d-b7d7-37e5c225d9bf@group-21D2AE8B93C5-LeaderElection124] INFO  impl.LeaderElection (LeaderElection.java:logAndReturn(89)) - a5432c49-5461-405d-b7d7-37e5c225d9bf@group-21D2AE8B93C5-LeaderElection124: ELECTION REJECTED received 1 response(s) and 1 exception(s):
2021-11-14 01:04:52,686 [a5432c49-5461-405d-b7d7-37e5c225d9bf@group-21D2AE8B93C5-LeaderElection124] INFO  impl.LeaderElection (LeaderElection.java:logAndReturn(93)) -   Response 0: a5432c49-5461-405d-b7d7-37e5c225d9bf<-32069a0d-f39a-42d5-b706-96b3f478e9d8#0:FAIL-t5
2021-11-14 01:04:52,686 [a5432c49-5461-405d-b7d7-37e5c225d9bf@group-21D2AE8B93C5-LeaderElection124] INFO  impl.LeaderElection (LogUtils.java:infoOrTrace(137)) -   Exception 1: java.util.concurrent.ExecutionException: org.apache.ratis.thirdparty.io.grpc.StatusRuntimeException: UNAVAILABLE: io exception
2021-11-14 01:04:52,686 [a5432c49-5461-405d-b7d7-37e5c225d9bf@group-21D2AE8B93C5-LeaderElection124] INFO  impl.LeaderElection (LeaderElection.java:askForVotes(308)) - a5432c49-5461-405d-b7d7-37e5c225d9bf@group-21D2AE8B93C5-LeaderElection124 ELECTION round 0: result REJECTED
2021-11-14 01:04:52,686 [a5432c49-5461-405d-b7d7-37e5c225d9bf@group-21D2AE8B93C5-LeaderElection124] INFO  server.RaftServer$Division (RaftServerImpl.java:setRole(290)) - a5432c49-5461-405d-b7d7-37e5c225d9bf@group-21D2AE8B93C5: changes role from CANDIDATE to FOLLOWER at term 5 for REJECTED
2021-11-14 01:04:52,686 [a5432c49-5461-405d-b7d7-37e5c225d9bf@group-21D2AE8B93C5-LeaderElection124] INFO  impl.RoleInfo (RoleInfo.java:shutdownLeaderElection(121)) - a5432c49-5461-405d-b7d7-37e5c225d9bf: shutdown a5432c49-5461-405d-b7d7-37e5c225d9bf@group-21D2AE8B93C5-LeaderElection124
2021-11-14 01:04:52,686 [a5432c49-5461-405d-b7d7-37e5c225d9bf@group-21D2AE8B93C5-LeaderElection124] INFO  impl.RoleInfo (RoleInfo.java:updateAndGet(130)) - a5432c49-5461-405d-b7d7-37e5c225d9bf: start a5432c49-5461-405d-b7d7-37e5c225d9bf@group-21D2AE8B93C5-FollowerState
2021-11-14 01:04:52,689 [32069a0d-f39a-42d5-b706-96b3f478e9d8@group-21D2AE8B93C5-LeaderElection123] INFO  impl.LeaderElection (LeaderElection.java:logAndReturn(89)) - 32069a0d-f39a-42d5-b706-96b3f478e9d8@group-21D2AE8B93C5-LeaderElection123: ELECTION REJECTED received 1 response(s) and 1 exception(s):
2021-11-14 01:04:52,689 [32069a0d-f39a-42d5-b706-96b3f478e9d8@group-21D2AE8B93C5-LeaderElection123] INFO  impl.LeaderElection (LeaderElection.java:logAndReturn(93)) -   Response 0: 32069a0d-f39a-42d5-b706-96b3f478e9d8<-a5432c49-5461-405d-b7d7-37e5c225d9bf#0:FAIL-t5
2021-11-14 01:04:52,689 [32069a0d-f39a-42d5-b706-96b3f478e9d8@group-21D2AE8B93C5-LeaderElection123] INFO  impl.LeaderElection (LogUtils.java:infoOrTrace(137)) -   Exception 1: java.util.concurrent.ExecutionException: org.apache.ratis.thirdparty.io.grpc.StatusRuntimeException: UNAVAILABLE: io exception
2021-11-14 01:04:52,694 [Listener at 127.0.0.1/34021] INFO  statemachine.DatanodeStateMachine (DatanodeStateMachine.java:stopDaemon(526)) - Ozone container server stopped.
2021-11-14 01:04:52,710 [32069a0d-f39a-42d5-b706-96b3f478e9d8@group-21D2AE8B93C5-LeaderElection123] INFO  impl.LeaderElection (LeaderElection.java:askForVotes(308)) - 32069a0d-f39a-42d5-b706-96b3f478e9d8@group-21D2AE8B93C5-LeaderElection123 ELECTION round 0: result REJECTED
2021-11-14 01:04:52,711 [32069a0d-f39a-42d5-b706-96b3f478e9d8@group-21D2AE8B93C5-LeaderElection123] INFO  server.RaftServer$Division (RaftServerImpl.java:setRole(290)) - 32069a0d-f39a-42d5-b706-96b3f478e9d8@group-21D2AE8B93C5: changes role from CANDIDATE to FOLLOWER at term 5 for REJECTED
2021-11-14 01:04:52,711 [32069a0d-f39a-42d5-b706-96b3f478e9d8@group-21D2AE8B93C5-LeaderElection123] INFO  impl.RoleInfo (RoleInfo.java:shutdownLeaderElection(121)) - 32069a0d-f39a-42d5-b706-96b3f478e9d8: shutdown 32069a0d-f39a-42d5-b706-96b3f478e9d8@group-21D2AE8B93C5-LeaderElection123
2021-11-14 01:04:52,711 [32069a0d-f39a-42d5-b706-96b3f478e9d8@group-21D2AE8B93C5-LeaderElection123] INFO  impl.RoleInfo (RoleInfo.java:updateAndGet(130)) - 32069a0d-f39a-42d5-b706-96b3f478e9d8: start 32069a0d-f39a-42d5-b706-96b3f478e9d8@group-21D2AE8B93C5-FollowerState
2021-11-14 01:04:52,731 [Listener at 127.0.0.1/34021] INFO  handler.ContextHandler (ContextHandler.java:doStop(1153)) - Stopped o.e.j.w.WebAppContext@110d4bd9{hddsDatanode,/,null,STOPPED}{jar:file:/home/runner/.m2/repository/org/apache/ozone/hdds-container-service/1.2.0-SNAPSHOT/hdds-container-service-1.2.0-SNAPSHOT.jar!/webapps/hddsDatanode}
2021-11-14 01:04:52,731 [Listener at 127.0.0.1/34021] INFO  server.AbstractConnector (AbstractConnector.java:doStop(381)) - Stopped ServerConnector@5582a3ec{HTTP/1.1, (http/1.1)}{0.0.0.0:0}
2021-11-14 01:04:52,732 [Listener at 127.0.0.1/34021] INFO  server.session (HouseKeeper.java:stopScavenging(149)) - node0 Stopped scavenging
2021-11-14 01:04:52,732 [Listener at 127.0.0.1/34021] INFO  handler.ContextHandler (ContextHandler.java:doStop(1153)) - Stopped o.e.j.s.ServletContextHandler@6b237731{static,/static,jar:file:/home/runner/.m2/repository/org/apache/ozone/hdds-container-service/1.2.0-SNAPSHOT/hdds-container-service-1.2.0-SNAPSHOT.jar!/webapps/static,STOPPED}
2021-11-14 01:04:52,732 [Listener at 127.0.0.1/34021] INFO  handler.ContextHandler (ContextHandler.java:doStop(1153)) - Stopped o.e.j.s.ServletContextHandler@265bf118{logs,/logs,file:///home/runner/work/ozone/ozone/hadoop-ozone/integration-test/target/log,STOPPED}
2021-11-14 01:04:52,825 [grpc-default-executor-0] WARN  server.GrpcLogAppender (LogUtils.java:warn(122)) - a5432c49-5461-405d-b7d7-37e5c225d9bf@group-728CC57844C0->42593a4f-89d4-4363-aad7-ee84fdc40b17-AppendLogResponseHandler: Failed appendEntries: org.apache.ratis.thirdparty.io.grpc.StatusRuntimeException: UNAVAILABLE: io exception
2021-11-14 01:04:52,825 [grpc-default-executor-0] WARN  server.GrpcLogAppender (GrpcLogAppender.java:resetClient(110)) - a5432c49-5461-405d-b7d7-37e5c225d9bf@group-728CC57844C0->42593a4f-89d4-4363-aad7-ee84fdc40b17-GrpcLogAppender: Leader has not got in touch with Follower a5432c49-5461-405d-b7d7-37e5c225d9bf@group-728CC57844C0->42593a4f-89d4-4363-aad7-ee84fdc40b17(c0,m0,n1, attendVote=true, lastRpcSendTime=0, lastRpcResponseTime=5044) yet, just keep nextIndex unchanged and retry.
2021-11-14 01:04:54,405 [EventQueue-StaleNodeForStaleNodeHandler] INFO  node.StaleNodeHandler (StaleNodeHandler.java:onMessage(58)) - Datanode 42593a4f-89d4-4363-aad7-ee84fdc40b17{ip: 10.1.0.47, host: fv-az395-453.zfmzfyrfkyou3ow0tsr0jxwq1e.bx.internal.cloudapp.net, ports: [REPLICATION=44265, RATIS=38117, RATIS_ADMIN=38117, RATIS_SERVER=38117, STANDALONE=45285], networkLocation: /default-rack, certSerialId: null, persistedOpState: IN_SERVICE, persistedOpStateExpiryEpochSec: 0} moved to stale state. Finalizing its pipelines [PipelineID=9877ffae-06a8-41cd-9b6b-5453db22f216, PipelineID=10d69cc4-77f6-403d-bda5-21d2ae8b93c5, PipelineID=022119a0-66e2-4555-98aa-58fa2c6bba1c, PipelineID=075e133d-6554-4497-a8b7-728cc57844c0]
2021-11-14 01:04:54,406 [EventQueue-StaleNodeForStaleNodeHandler] INFO  pipeline.PipelineManagerImpl (PipelineManagerImpl.java:closePipeline(349)) - Pipeline Pipeline[ Id: 9877ffae-06a8-41cd-9b6b-5453db22f216, Nodes: 42593a4f-89d4-4363-aad7-ee84fdc40b17{ip: 10.1.0.47, host: fv-az395-453.zfmzfyrfkyou3ow0tsr0jxwq1e.bx.internal.cloudapp.net, ports: [REPLICATION=44265, RATIS=38117, RATIS_ADMIN=38117, RATIS_SERVER=38117, STANDALONE=45285], networkLocation: /default-rack, certSerialId: null, persistedOpState: IN_SERVICE, persistedOpStateExpiryEpochSec: 0}, ReplicationConfig: RATIS/ONE, State:OPEN, leaderId:42593a4f-89d4-4363-aad7-ee84fdc40b17, CreationTimestamp2021-11-14T01:04:24.655Z[Etc/UTC]] moved to CLOSED state
2021-11-14 01:04:54,415 [EventQueue-StaleNodeForStaleNodeHandler] INFO  pipeline.PipelineManagerImpl (PipelineManagerImpl.java:closePipeline(349)) - Pipeline Pipeline[ Id: 10d69cc4-77f6-403d-bda5-21d2ae8b93c5, Nodes: 42593a4f-89d4-4363-aad7-ee84fdc40b17{ip: 10.1.0.47, host: fv-az395-453.zfmzfyrfkyou3ow0tsr0jxwq1e.bx.internal.cloudapp.net, ports: [REPLICATION=44265, RATIS=38117, RATIS_ADMIN=38117, RATIS_SERVER=38117, STANDALONE=45285], networkLocation: /default-rack, certSerialId: null, persistedOpState: IN_SERVICE, persistedOpStateExpiryEpochSec: 0}32069a0d-f39a-42d5-b706-96b3f478e9d8{ip: 10.1.0.47, host: fv-az395-453.zfmzfyrfkyou3ow0tsr0jxwq1e.bx.internal.cloudapp.net, ports: [REPLICATION=45299, RATIS=43355, RATIS_ADMIN=43355, RATIS_SERVER=43355, STANDALONE=42407], networkLocation: /default-rack, certSerialId: null, persistedOpState: IN_SERVICE, persistedOpStateExpiryEpochSec: 0}a5432c49-5461-405d-b7d7-37e5c225d9bf{ip: 10.1.0.47, host: fv-az395-453.zfmzfyrfkyou3ow0tsr0jxwq1e.bx.internal.cloudapp.net, ports: [REPLICATION=42911, RATIS=33007, RATIS_ADMIN=33007, RATIS_SERVER=33007, STANDALONE=34183], networkLocation: /default-rack, certSerialId: null, persistedOpState: IN_SERVICE, persistedOpStateExpiryEpochSec: 0}, ReplicationConfig: RATIS/THREE, State:ALLOCATED, leaderId:, CreationTimestamp2021-11-14T01:04:24.658Z[Etc/UTC]] moved to CLOSED state
2021-11-14 01:04:54,416 [EventQueue-StaleNodeForStaleNodeHandler] INFO  pipeline.PipelineManagerImpl (PipelineManagerImpl.java:closePipeline(349)) - Pipeline Pipeline[ Id: 022119a0-66e2-4555-98aa-58fa2c6bba1c, Nodes: 32069a0d-f39a-42d5-b706-96b3f478e9d8{ip: 10.1.0.47, host: fv-az395-453.zfmzfyrfkyou3ow0tsr0jxwq1e.bx.internal.cloudapp.net, ports: [REPLICATION=45299, RATIS=43355, RATIS_ADMIN=43355, RATIS_SERVER=43355, STANDALONE=42407], networkLocation: /default-rack, certSerialId: null, persistedOpState: IN_SERVICE, persistedOpStateExpiryEpochSec: 0}42593a4f-89d4-4363-aad7-ee84fdc40b17{ip: 10.1.0.47, host: fv-az395-453.zfmzfyrfkyou3ow0tsr0jxwq1e.bx.internal.cloudapp.net, ports: [REPLICATION=44265, RATIS=38117, RATIS_ADMIN=38117, RATIS_SERVER=38117, STANDALONE=45285], networkLocation: /default-rack, certSerialId: null, persistedOpState: IN_SERVICE, persistedOpStateExpiryEpochSec: 0}a5432c49-5461-405d-b7d7-37e5c225d9bf{ip: 10.1.0.47, host: fv-az395-453.zfmzfyrfkyou3ow0tsr0jxwq1e.bx.internal.cloudapp.net, ports: [REPLICATION=42911, RATIS=33007, RATIS_ADMIN=33007, RATIS_SERVER=33007, STANDALONE=34183], networkLocation: /default-rack, certSerialId: null, persistedOpState: IN_SERVICE, persistedOpStateExpiryEpochSec: 0}, ReplicationConfig: RATIS/THREE, State:OPEN, leaderId:32069a0d-f39a-42d5-b706-96b3f478e9d8, CreationTimestamp2021-11-14T01:04:24.657Z[Etc/UTC]] moved to CLOSED state
2021-11-14 01:04:54,416 [EventQueue-StaleNodeForStaleNodeHandler] INFO  pipeline.PipelineManagerImpl (PipelineManagerImpl.java:closePipeline(349)) - Pipeline Pipeline[ Id: 075e133d-6554-4497-a8b7-728cc57844c0, Nodes: a5432c49-5461-405d-b7d7-37e5c225d9bf{ip: 10.1.0.47, host: fv-az395-453.zfmzfyrfkyou3ow0tsr0jxwq1e.bx.internal.cloudapp.net, ports: [REPLICATION=42911, RATIS=33007, RATIS_ADMIN=33007, RATIS_SERVER=33007, STANDALONE=34183], networkLocation: /default-rack, certSerialId: null, persistedOpState: IN_SERVICE, persistedOpStateExpiryEpochSec: 0}42593a4f-89d4-4363-aad7-ee84fdc40b17{ip: 10.1.0.47, host: fv-az395-453.zfmzfyrfkyou3ow0tsr0jxwq1e.bx.internal.cloudapp.net, ports: [REPLICATION=44265, RATIS=38117, RATIS_ADMIN=38117, RATIS_SERVER=38117, STANDALONE=45285], networkLocation: /default-rack, certSerialId: null, persistedOpState: IN_SERVICE, persistedOpStateExpiryEpochSec: 0}32069a0d-f39a-42d5-b706-96b3f478e9d8{ip: 10.1.0.47, host: fv-az395-453.zfmzfyrfkyou3ow0tsr0jxwq1e.bx.internal.cloudapp.net, ports: [REPLICATION=45299, RATIS=43355, RATIS_ADMIN=43355, RATIS_SERVER=43355, STANDALONE=42407], networkLocation: /default-rack, certSerialId: null, persistedOpState: IN_SERVICE, persistedOpStateExpiryEpochSec: 0}, ReplicationConfig: RATIS/THREE, State:OPEN, leaderId:a5432c49-5461-405d-b7d7-37e5c225d9bf, CreationTimestamp2021-11-14T01:04:24.659Z[Etc/UTC]] moved to CLOSED state
2021-11-14 01:04:54,424 [EventQueue-CloseContainerForCloseContainerEventHandler] INFO  container.CloseContainerEventHandler (CloseContainerEventHandler.java:onMessage(69)) - Close container Event triggered for container : #1
2021-11-14 01:04:54,475 [grpc-default-executor-4] WARN  server.GrpcLogAppender (LogUtils.java:warn(122)) - 32069a0d-f39a-42d5-b706-96b3f478e9d8@group-58FA2C6BBA1C->42593a4f-89d4-4363-aad7-ee84fdc40b17-AppendLogResponseHandler: Failed appendEntries: org.apache.ratis.thirdparty.io.grpc.StatusRuntimeException: UNAVAILABLE: io exception
2021-11-14 01:04:54,476 [grpc-default-executor-4] WARN  server.GrpcLogAppender (GrpcLogAppender.java:resetClient(110)) - 32069a0d-f39a-42d5-b706-96b3f478e9d8@group-58FA2C6BBA1C->42593a4f-89d4-4363-aad7-ee84fdc40b17-GrpcLogAppender: Leader has not got in touch with Follower 32069a0d-f39a-42d5-b706-96b3f478e9d8@group-58FA2C6BBA1C->42593a4f-89d4-4363-aad7-ee84fdc40b17(c0,m0,n1, attendVote=true, lastRpcSendTime=2502, lastRpcResponseTime=5008) yet, just keep nextIndex unchanged and retry.
2021-11-14 01:04:55,337 [grpc-default-executor-4] WARN  server.GrpcLogAppender (LogUtils.java:warn(122)) - a5432c49-5461-405d-b7d7-37e5c225d9bf@group-728CC57844C0->42593a4f-89d4-4363-aad7-ee84fdc40b17-AppendLogResponseHandler: Failed appendEntries: org.apache.ratis.thirdparty.io.grpc.StatusRuntimeException: UNAVAILABLE: io exception
2021-11-14 01:04:55,337 [grpc-default-executor-4] WARN  server.GrpcLogAppender (GrpcLogAppender.java:resetClient(110)) - a5432c49-5461-405d-b7d7-37e5c225d9bf@group-728CC57844C0->42593a4f-89d4-4363-aad7-ee84fdc40b17-GrpcLogAppender: Leader has not got in touch with Follower a5432c49-5461-405d-b7d7-37e5c225d9bf@group-728CC57844C0->42593a4f-89d4-4363-aad7-ee84fdc40b17(c0,m0,n1, attendVote=true, lastRpcSendTime=2512, lastRpcResponseTime=7556) yet, just keep nextIndex unchanged and retry.
2021-11-14 01:04:56,986 [grpc-default-executor-0] WARN  server.GrpcLogAppender (LogUtils.java:warn(122)) - 32069a0d-f39a-42d5-b706-96b3f478e9d8@group-58FA2C6BBA1C->42593a4f-89d4-4363-aad7-ee84fdc40b17-AppendLogResponseHandler: Failed appendEntries: org.apache.ratis.thirdparty.io.grpc.StatusRuntimeException: UNAVAILABLE: io exception
2021-11-14 01:04:56,986 [grpc-default-executor-0] WARN  server.GrpcLogAppender (GrpcLogAppender.java:resetClient(110)) - 32069a0d-f39a-42d5-b706-96b3f478e9d8@group-58FA2C6BBA1C->42593a4f-89d4-4363-aad7-ee84fdc40b17-GrpcLogAppender: Leader has not got in touch with Follower 32069a0d-f39a-42d5-b706-96b3f478e9d8@group-58FA2C6BBA1C->42593a4f-89d4-4363-aad7-ee84fdc40b17(c0,m0,n1, attendVote=true, lastRpcSendTime=2509, lastRpcResponseTime=7519) yet, just keep nextIndex unchanged and retry.
2021-11-14 01:04:57,726 [32069a0d-f39a-42d5-b706-96b3f478e9d8@group-21D2AE8B93C5-FollowerState] INFO  impl.FollowerState (FollowerState.java:run(134)) - 32069a0d-f39a-42d5-b706-96b3f478e9d8@group-21D2AE8B93C5-FollowerState: change to CANDIDATE, lastRpcElapsedTime:5015635979ns, electionTimeout:5013ms
2021-11-14 01:04:57,727 [32069a0d-f39a-42d5-b706-96b3f478e9d8@group-21D2AE8B93C5-FollowerState] INFO  impl.RoleInfo (RoleInfo.java:shutdownFollowerState(108)) - 32069a0d-f39a-42d5-b706-96b3f478e9d8: shutdown 32069a0d-f39a-42d5-b706-96b3f478e9d8@group-21D2AE8B93C5-FollowerState
2021-11-14 01:04:57,727 [32069a0d-f39a-42d5-b706-96b3f478e9d8@group-21D2AE8B93C5-FollowerState] INFO  server.RaftServer$Division (RaftServerImpl.java:setRole(290)) - 32069a0d-f39a-42d5-b706-96b3f478e9d8@group-21D2AE8B93C5: changes role from  FOLLOWER to CANDIDATE at term 5 for changeToCandidate
2021-11-14 01:04:57,727 [32069a0d-f39a-42d5-b706-96b3f478e9d8@group-21D2AE8B93C5-FollowerState] INFO  server.RaftServerConfigKeys (ConfUtils.java:logGet(44)) - raft.server.leaderelection.pre-vote = false (custom)
2021-11-14 01:04:57,727 [32069a0d-f39a-42d5-b706-96b3f478e9d8@group-21D2AE8B93C5-FollowerState] INFO  impl.RoleInfo (RoleInfo.java:updateAndGet(130)) - 32069a0d-f39a-42d5-b706-96b3f478e9d8: start 32069a0d-f39a-42d5-b706-96b3f478e9d8@group-21D2AE8B93C5-LeaderElection125
2021-11-14 01:04:57,738 [32069a0d-f39a-42d5-b706-96b3f478e9d8@group-21D2AE8B93C5-LeaderElection125] INFO  impl.LeaderElection (LeaderElection.java:askForVotes(306)) - 32069a0d-f39a-42d5-b706-96b3f478e9d8@group-21D2AE8B93C5-LeaderElection125 ELECTION round 0: submit vote requests at term 6 for -1: [a5432c49-5461-405d-b7d7-37e5c225d9bf|rpc:10.1.0.47:33007|priority:0, 32069a0d-f39a-42d5-b706-96b3f478e9d8|rpc:10.1.0.47:43355|priority:0, 42593a4f-89d4-4363-aad7-ee84fdc40b17|rpc:10.1.0.47:38117|priority:1], old=null
2021-11-14 01:04:57,748 [grpc-default-executor-4] INFO  server.RaftServer$Division (RaftServerImpl.java:requestVote(1046)) - a5432c49-5461-405d-b7d7-37e5c225d9bf@group-21D2AE8B93C5: receive requestVote(ELECTION, 32069a0d-f39a-42d5-b706-96b3f478e9d8, group-21D2AE8B93C5, 6, (t:0, i:0))
2021-11-14 01:04:57,748 [grpc-default-executor-4] INFO  impl.VoteContext (VoteContext.java:log(48)) - a5432c49-5461-405d-b7d7-37e5c225d9bf@group-21D2AE8B93C5-FOLLOWER: accept ELECTION from 32069a0d-f39a-42d5-b706-96b3f478e9d8: our priority 0 <= candidate's priority 0
2021-11-14 01:04:57,748 [grpc-default-executor-4] INFO  server.RaftServer$Division (RaftServerImpl.java:setRole(290)) - a5432c49-5461-405d-b7d7-37e5c225d9bf@group-21D2AE8B93C5: changes role from  FOLLOWER to FOLLOWER at term 6 for candidate:32069a0d-f39a-42d5-b706-96b3f478e9d8
2021-11-14 01:04:57,748 [grpc-default-executor-4] INFO  impl.RoleInfo (RoleInfo.java:shutdownFollowerState(108)) - a5432c49-5461-405d-b7d7-37e5c225d9bf: shutdown a5432c49-5461-405d-b7d7-37e5c225d9bf@group-21D2AE8B93C5-FollowerState
2021-11-14 01:04:57,748 [grpc-default-executor-4] INFO  impl.RoleInfo (RoleInfo.java:updateAndGet(130)) - a5432c49-5461-405d-b7d7-37e5c225d9bf: start a5432c49-5461-405d-b7d7-37e5c225d9bf@group-21D2AE8B93C5-FollowerState
2021-11-14 01:04:57,748 [a5432c49-5461-405d-b7d7-37e5c225d9bf@group-21D2AE8B93C5-FollowerState] INFO  impl.FollowerState (FollowerState.java:run(143)) - a5432c49-5461-405d-b7d7-37e5c225d9bf@group-21D2AE8B93C5-FollowerState was interrupted: {}
java.lang.InterruptedException: sleep interrupted
	at java.lang.Thread.sleep(Native Method)
	at java.lang.Thread.sleep(Thread.java:340)
	at java.util.concurrent.TimeUnit.sleep(TimeUnit.java:386)
	at org.apache.ratis.util.TimeDuration.sleep(TimeDuration.java:324)
	at org.apache.ratis.util.TimeDuration.sleep(TimeDuration.java:309)
	at org.apache.ratis.server.impl.FollowerState.run(FollowerState.java:118)
2021-11-14 01:04:57,749 [32069a0d-f39a-42d5-b706-96b3f478e9d8@group-21D2AE8B93C5-LeaderElection125] INFO  impl.LeaderElection (LogUtils.java:infoOrTrace(137)) - 32069a0d-f39a-42d5-b706-96b3f478e9d8@group-21D2AE8B93C5-LeaderElection125 got exception when requesting votes: java.util.concurrent.ExecutionException: org.apache.ratis.thirdparty.io.grpc.StatusRuntimeException: UNAVAILABLE: io exception
2021-11-14 01:04:57,750 [grpc-default-executor-4] INFO  server.RaftServer$Division (RaftServerImpl.java:requestVote(1078)) - a5432c49-5461-405d-b7d7-37e5c225d9bf@group-21D2AE8B93C5 replies to ELECTION vote request: 32069a0d-f39a-42d5-b706-96b3f478e9d8<-a5432c49-5461-405d-b7d7-37e5c225d9bf#0:OK-t6. Peer's state: a5432c49-5461-405d-b7d7-37e5c225d9bf@group-21D2AE8B93C5:t6, leader=null, voted=32069a0d-f39a-42d5-b706-96b3f478e9d8, raftlog=a5432c49-5461-405d-b7d7-37e5c225d9bf@group-21D2AE8B93C5-SegmentedRaftLog:OPENED:c-1, conf=-1: [a5432c49-5461-405d-b7d7-37e5c225d9bf|rpc:10.1.0.47:33007|priority:0, 32069a0d-f39a-42d5-b706-96b3f478e9d8|rpc:10.1.0.47:43355|priority:0, 42593a4f-89d4-4363-aad7-ee84fdc40b17|rpc:10.1.0.47:38117|priority:1], old=null
2021-11-14 01:04:57,751 [32069a0d-f39a-42d5-b706-96b3f478e9d8@group-21D2AE8B93C5-LeaderElection125] INFO  impl.LeaderElection (LeaderElection.java:logAndReturn(89)) - 32069a0d-f39a-42d5-b706-96b3f478e9d8@group-21D2AE8B93C5-LeaderElection125: ELECTION PASSED received 1 response(s) and 1 exception(s):
2021-11-14 01:04:57,751 [32069a0d-f39a-42d5-b706-96b3f478e9d8@group-21D2AE8B93C5-LeaderElection125] INFO  impl.LeaderElection (LeaderElection.java:logAndReturn(93)) -   Response 0: 32069a0d-f39a-42d5-b706-96b3f478e9d8<-a5432c49-5461-405d-b7d7-37e5c225d9bf#0:OK-t6
2021-11-14 01:04:57,751 [32069a0d-f39a-42d5-b706-96b3f478e9d8@group-21D2AE8B93C5-LeaderElection125] INFO  impl.LeaderElection (LogUtils.java:infoOrTrace(137)) -   Exception 1: java.util.concurrent.ExecutionException: org.apache.ratis.thirdparty.io.grpc.StatusRuntimeException: UNAVAILABLE: io exception
2021-11-14 01:04:57,751 [32069a0d-f39a-42d5-b706-96b3f478e9d8@group-21D2AE8B93C5-LeaderElection125] INFO  impl.LeaderElection (LeaderElection.java:askForVotes(308)) - 32069a0d-f39a-42d5-b706-96b3f478e9d8@group-21D2AE8B93C5-LeaderElection125 ELECTION round 0: result PASSED
2021-11-14 01:04:57,751 [32069a0d-f39a-42d5-b706-96b3f478e9d8@group-21D2AE8B93C5-LeaderElection125] INFO  impl.RoleInfo (RoleInfo.java:shutdownLeaderElection(121)) - 32069a0d-f39a-42d5-b706-96b3f478e9d8: shutdown 32069a0d-f39a-42d5-b706-96b3f478e9d8@group-21D2AE8B93C5-LeaderElection125
2021-11-14 01:04:57,751 [32069a0d-f39a-42d5-b706-96b3f478e9d8@group-21D2AE8B93C5-LeaderElection125] INFO  server.RaftServer$Division (RaftServerImpl.java:setRole(290)) - 32069a0d-f39a-42d5-b706-96b3f478e9d8@group-21D2AE8B93C5: changes role from CANDIDATE to LEADER at term 6 for changeToLeader
2021-11-14 01:04:57,751 [32069a0d-f39a-42d5-b706-96b3f478e9d8@group-21D2AE8B93C5-LeaderElection125] INFO  ratis.XceiverServerRatis (XceiverServerRatis.java:handleLeaderChangedNotification(866)) - Leader change notification received for group: group-21D2AE8B93C5 with new leaderId: 32069a0d-f39a-42d5-b706-96b3f478e9d8
2021-11-14 01:04:57,752 [32069a0d-f39a-42d5-b706-96b3f478e9d8@group-21D2AE8B93C5-LeaderElection125] INFO  server.RaftServer$Division (ServerState.java:setLeader(285)) - 32069a0d-f39a-42d5-b706-96b3f478e9d8@group-21D2AE8B93C5: change Leader from null to 32069a0d-f39a-42d5-b706-96b3f478e9d8 at term 6 for becomeLeader, leader elected after 30868ms
2021-11-14 01:04:57,752 [32069a0d-f39a-42d5-b706-96b3f478e9d8@group-21D2AE8B93C5-LeaderElection125] INFO  server.RaftServerConfigKeys (ConfUtils.java:logGet(44)) - raft.server.staging.catchup.gap = 1000 (default)
2021-11-14 01:04:57,752 [32069a0d-f39a-42d5-b706-96b3f478e9d8@group-21D2AE8B93C5-LeaderElection125] INFO  server.RaftServerConfigKeys (ConfUtils.java:logGet(44)) - raft.server.write.element-limit = 1024 (custom)
2021-11-14 01:04:57,752 [32069a0d-f39a-42d5-b706-96b3f478e9d8@group-21D2AE8B93C5-LeaderElection125] INFO  server.RaftServerConfigKeys (ConfUtils.java:logGet(44)) - raft.server.write.byte-limit = 1024 M (=1073741824) (custom)
2021-11-14 01:04:57,752 [32069a0d-f39a-42d5-b706-96b3f478e9d8@group-21D2AE8B93C5-LeaderElection125] INFO  server.RaftServerConfigKeys (ConfUtils.java:logGet(44)) - raft.server.watch.timeout = 3000ms (custom)
2021-11-14 01:04:57,752 [32069a0d-f39a-42d5-b706-96b3f478e9d8@group-21D2AE8B93C5-LeaderElection125] INFO  server.RaftServerConfigKeys (ConfUtils.java:logGet(44)) - raft.server.watch.timeout.denomination = 1s (default)
2021-11-14 01:04:57,753 [32069a0d-f39a-42d5-b706-96b3f478e9d8@group-21D2AE8B93C5-LeaderElection125] INFO  server.RaftServerConfigKeys (ConfUtils.java:logGet(44)) - raft.server.watch.element-limit = 65536 (default)
2021-11-14 01:04:57,753 [32069a0d-f39a-42d5-b706-96b3f478e9d8@group-21D2AE8B93C5-LeaderElection125] INFO  server.RaftServerConfigKeys (ConfUtils.java:logGet(44)) - raft.server.write.element-limit = 1024 (custom)
2021-11-14 01:04:57,753 [32069a0d-f39a-42d5-b706-96b3f478e9d8@group-21D2AE8B93C5-LeaderElection125] INFO  server.RaftServerConfigKeys (ConfUtils.java:logGet(44)) - raft.server.write.follower.gap.ratio.max = -1.0 (default)
2021-11-14 01:04:57,753 [32069a0d-f39a-42d5-b706-96b3f478e9d8@group-21D2AE8B93C5-LeaderElection125] INFO  server.RaftServerConfigKeys (ConfUtils.java:logGet(44)) - raft.server.log.appender.snapshot.chunk.size.max = 16MB (=16777216) (default)
2021-11-14 01:04:57,753 [32069a0d-f39a-42d5-b706-96b3f478e9d8@group-21D2AE8B93C5-LeaderElection125] INFO  server.RaftServerConfigKeys (ConfUtils.java:logGet(44)) - raft.server.log.appender.buffer.byte-limit = 33554432 (custom)
2021-11-14 01:04:57,753 [32069a0d-f39a-42d5-b706-96b3f478e9d8@group-21D2AE8B93C5-LeaderElection125] INFO  server.RaftServerConfigKeys (ConfUtils.java:logGet(44)) - raft.server.log.appender.buffer.element-limit = 1 (custom)
2021-11-14 01:04:57,753 [32069a0d-f39a-42d5-b706-96b3f478e9d8@group-21D2AE8B93C5-LeaderElection125] INFO  grpc.GrpcConfigKeys (ConfUtils.java:logGet(44)) - raft.grpc.server.leader.outstanding.appends.max = 128 (default)
2021-11-14 01:04:57,753 [32069a0d-f39a-42d5-b706-96b3f478e9d8@group-21D2AE8B93C5-LeaderElection125] INFO  server.RaftServerConfigKeys (ConfUtils.java:logGet(44)) - raft.server.rpc.request.timeout = 3000ms (default)
2021-11-14 01:04:57,753 [32069a0d-f39a-42d5-b706-96b3f478e9d8@group-21D2AE8B93C5-LeaderElection125] INFO  server.RaftServerConfigKeys (ConfUtils.java:logGet(44)) - raft.server.log.appender.install.snapshot.enabled = false (custom)
2021-11-14 01:04:57,769 [32069a0d-f39a-42d5-b706-96b3f478e9d8@group-21D2AE8B93C5-LeaderElection125] INFO  server.RaftServerConfigKeys (ConfUtils.java:logGet(44)) - raft.server.log.appender.snapshot.chunk.size.max = 16MB (=16777216) (default)
2021-11-14 01:04:57,769 [32069a0d-f39a-42d5-b706-96b3f478e9d8@group-21D2AE8B93C5-LeaderElection125] INFO  server.RaftServerConfigKeys (ConfUtils.java:logGet(44)) - raft.server.log.appender.buffer.byte-limit = 33554432 (custom)
2021-11-14 01:04:57,769 [32069a0d-f39a-42d5-b706-96b3f478e9d8@group-21D2AE8B93C5-LeaderElection125] INFO  server.RaftServerConfigKeys (ConfUtils.java:logGet(44)) - raft.server.log.appender.buffer.element-limit = 1 (custom)
2021-11-14 01:04:57,770 [32069a0d-f39a-42d5-b706-96b3f478e9d8@group-21D2AE8B93C5-LeaderElection125] INFO  grpc.GrpcConfigKeys (ConfUtils.java:logGet(44)) - raft.grpc.server.leader.outstanding.appends.max = 128 (default)
2021-11-14 01:04:57,770 [32069a0d-f39a-42d5-b706-96b3f478e9d8@group-21D2AE8B93C5-LeaderElection125] INFO  server.RaftServerConfigKeys (ConfUtils.java:logGet(44)) - raft.server.rpc.request.timeout = 3000ms (default)
2021-11-14 01:04:57,773 [32069a0d-f39a-42d5-b706-96b3f478e9d8@group-21D2AE8B93C5-LeaderElection125] INFO  server.RaftServerConfigKeys (ConfUtils.java:logGet(44)) - raft.server.log.appender.install.snapshot.enabled = false (custom)
2021-11-14 01:04:57,774 [32069a0d-f39a-42d5-b706-96b3f478e9d8@group-21D2AE8B93C5-LeaderElection125] INFO  impl.RoleInfo (RoleInfo.java:updateAndGet(130)) - 32069a0d-f39a-42d5-b706-96b3f478e9d8: start 32069a0d-f39a-42d5-b706-96b3f478e9d8@group-21D2AE8B93C5-LeaderStateImpl
2021-11-14 01:04:57,775 [32069a0d-f39a-42d5-b706-96b3f478e9d8@group-21D2AE8B93C5-LeaderElection125] INFO  segmented.SegmentedRaftLogWorker (SegmentedRaftLogWorker.java:startLogSegment(394)) - 32069a0d-f39a-42d5-b706-96b3f478e9d8@group-21D2AE8B93C5-SegmentedRaftLogWorker: Starting segment from index:0
2021-11-14 01:04:57,777 [32069a0d-f39a-42d5-b706-96b3f478e9d8@group-21D2AE8B93C5-SegmentedRaftLogWorker] INFO  segmented.SegmentedRaftLogWorker (SegmentedRaftLogWorker.java:execute(601)) - 32069a0d-f39a-42d5-b706-96b3f478e9d8@group-21D2AE8B93C5-SegmentedRaftLogWorker: created new log segment /home/runner/work/ozone/ozone/hadoop-ozone/integration-test/target/test-dir/MiniOzoneClusterImpl-5b6cbd2a-2976-43bc-8d1c-e3ca86cddeeb/datanode-0/data/ratis/10d69cc4-77f6-403d-bda5-21d2ae8b93c5/current/log_inprogress_0
2021-11-14 01:04:57,853 [32069a0d-f39a-42d5-b706-96b3f478e9d8@group-21D2AE8B93C5-LeaderElection125] INFO  server.RaftServer$Division (ServerState.java:setRaftConf(387)) - 32069a0d-f39a-42d5-b706-96b3f478e9d8@group-21D2AE8B93C5: set configuration 0: [a5432c49-5461-405d-b7d7-37e5c225d9bf|rpc:10.1.0.47:33007|dataStream:|priority:0, 32069a0d-f39a-42d5-b706-96b3f478e9d8|rpc:10.1.0.47:43355|dataStream:|priority:0, 42593a4f-89d4-4363-aad7-ee84fdc40b17|rpc:10.1.0.47:38117|dataStream:|priority:1], old=null
2021-11-14 01:04:57,894 [grpc-default-executor-0] INFO  ratis.XceiverServerRatis (XceiverServerRatis.java:handleLeaderChangedNotification(866)) - Leader change notification received for group: group-21D2AE8B93C5 with new leaderId: 32069a0d-f39a-42d5-b706-96b3f478e9d8
2021-11-14 01:04:57,894 [grpc-default-executor-0] INFO  server.RaftServer$Division (ServerState.java:setLeader(285)) - a5432c49-5461-405d-b7d7-37e5c225d9bf@group-21D2AE8B93C5: change Leader from null to 32069a0d-f39a-42d5-b706-96b3f478e9d8 at term 6 for appendEntries, leader elected after 30839ms
2021-11-14 01:04:57,898 [grpc-default-executor-2] WARN  server.GrpcLogAppender (LogUtils.java:warn(122)) - 32069a0d-f39a-42d5-b706-96b3f478e9d8@group-21D2AE8B93C5->42593a4f-89d4-4363-aad7-ee84fdc40b17-AppendLogResponseHandler: Failed appendEntries: org.apache.ratis.thirdparty.io.grpc.StatusRuntimeException: UNAVAILABLE: io exception
2021-11-14 01:04:57,899 [grpc-default-executor-2] WARN  server.GrpcLogAppender (GrpcLogAppender.java:resetClient(110)) - 32069a0d-f39a-42d5-b706-96b3f478e9d8@group-21D2AE8B93C5->42593a4f-89d4-4363-aad7-ee84fdc40b17-GrpcLogAppender: Leader has not got in touch with Follower 32069a0d-f39a-42d5-b706-96b3f478e9d8@group-21D2AE8B93C5->42593a4f-89d4-4363-aad7-ee84fdc40b17(c-1,m0,n1, attendVote=true, lastRpcSendTime=0, lastRpcResponseTime=5345) yet, just keep nextIndex unchanged and retry.
2021-11-14 01:04:57,900 [grpc-default-executor-4] WARN  server.GrpcLogAppender (LogUtils.java:warn(122)) - a5432c49-5461-405d-b7d7-37e5c225d9bf@group-728CC57844C0->42593a4f-89d4-4363-aad7-ee84fdc40b17-AppendLogResponseHandler: Failed appendEntries: org.apache.ratis.thirdparty.io.grpc.StatusRuntimeException: UNAVAILABLE: io exception
2021-11-14 01:04:57,901 [grpc-default-executor-4] WARN  server.GrpcLogAppender (GrpcLogAppender.java:resetClient(110)) - a5432c49-5461-405d-b7d7-37e5c225d9bf@group-728CC57844C0->42593a4f-89d4-4363-aad7-ee84fdc40b17-GrpcLogAppender: Leader has not got in touch with Follower a5432c49-5461-405d-b7d7-37e5c225d9bf@group-728CC57844C0->42593a4f-89d4-4363-aad7-ee84fdc40b17(c0,m0,n1, attendVote=true, lastRpcSendTime=54, lastRpcResponseTime=10119) yet, just keep nextIndex unchanged and retry.
2021-11-14 01:04:57,922 [grpc-default-executor-0] INFO  server.RaftServer$Division (ServerState.java:setRaftConf(387)) - a5432c49-5461-405d-b7d7-37e5c225d9bf@group-21D2AE8B93C5: set configuration 0: [a5432c49-5461-405d-b7d7-37e5c225d9bf|rpc:10.1.0.47:33007|dataStream:|priority:0, 32069a0d-f39a-42d5-b706-96b3f478e9d8|rpc:10.1.0.47:43355|dataStream:|priority:0, 42593a4f-89d4-4363-aad7-ee84fdc40b17|rpc:10.1.0.47:38117|dataStream:|priority:1], old=null
2021-11-14 01:04:57,922 [grpc-default-executor-0] INFO  segmented.SegmentedRaftLogWorker (SegmentedRaftLogWorker.java:startLogSegment(394)) - a5432c49-5461-405d-b7d7-37e5c225d9bf@group-21D2AE8B93C5-SegmentedRaftLogWorker: Starting segment from index:0
2021-11-14 01:04:57,928 [a5432c49-5461-405d-b7d7-37e5c225d9bf@group-21D2AE8B93C5-SegmentedRaftLogWorker] INFO  segmented.SegmentedRaftLogWorker (SegmentedRaftLogWorker.java:execute(601)) - a5432c49-5461-405d-b7d7-37e5c225d9bf@group-21D2AE8B93C5-SegmentedRaftLogWorker: created new log segment /home/runner/work/ozone/ozone/hadoop-ozone/integration-test/target/test-dir/MiniOzoneClusterImpl-5b6cbd2a-2976-43bc-8d1c-e3ca86cddeeb/datanode-1/data/ratis/10d69cc4-77f6-403d-bda5-21d2ae8b93c5/current/log_inprogress_0
2021-11-14 01:04:59,524 [grpc-default-executor-0] WARN  server.GrpcLogAppender (LogUtils.java:warn(122)) - 32069a0d-f39a-42d5-b706-96b3f478e9d8@group-58FA2C6BBA1C->42593a4f-89d4-4363-aad7-ee84fdc40b17-AppendLogResponseHandler: Failed appendEntries: org.apache.ratis.thirdparty.io.grpc.StatusRuntimeException: UNAVAILABLE: io exception
2021-11-14 01:04:59,525 [grpc-default-executor-0] WARN  server.GrpcLogAppender (GrpcLogAppender.java:resetClient(110)) - 32069a0d-f39a-42d5-b706-96b3f478e9d8@group-58FA2C6BBA1C->42593a4f-89d4-4363-aad7-ee84fdc40b17-GrpcLogAppender: Leader has not got in touch with Follower 32069a0d-f39a-42d5-b706-96b3f478e9d8@group-58FA2C6BBA1C->42593a4f-89d4-4363-aad7-ee84fdc40b17(c0,m0,n1, attendVote=true, lastRpcSendTime=2533, lastRpcResponseTime=10057) yet, just keep nextIndex unchanged and retry.
2021-11-14 01:05:00,378 [grpc-default-executor-0] WARN  server.GrpcLogAppender (LogUtils.java:warn(122)) - a5432c49-5461-405d-b7d7-37e5c225d9bf@group-728CC57844C0->42593a4f-89d4-4363-aad7-ee84fdc40b17-AppendLogResponseHandler: Failed appendEntries: org.apache.ratis.thirdparty.io.grpc.StatusRuntimeException: UNAVAILABLE: io exception
2021-11-14 01:05:00,379 [grpc-default-executor-0] WARN  server.GrpcLogAppender (GrpcLogAppender.java:resetClient(110)) - a5432c49-5461-405d-b7d7-37e5c225d9bf@group-728CC57844C0->42593a4f-89d4-4363-aad7-ee84fdc40b17-GrpcLogAppender: Leader has not got in touch with Follower a5432c49-5461-405d-b7d7-37e5c225d9bf@group-728CC57844C0->42593a4f-89d4-4363-aad7-ee84fdc40b17(c0,m0,n1, attendVote=true, lastRpcSendTime=17, lastRpcResponseTime=12597) yet, just keep nextIndex unchanged and retry.
2021-11-14 01:05:00,405 [grpc-default-executor-0] WARN  server.GrpcLogAppender (LogUtils.java:warn(122)) - 32069a0d-f39a-42d5-b706-96b3f478e9d8@group-21D2AE8B93C5->42593a4f-89d4-4363-aad7-ee84fdc40b17-AppendLogResponseHandler: Failed appendEntries: org.apache.ratis.thirdparty.io.grpc.StatusRuntimeException: UNAVAILABLE: io exception
2021-11-14 01:05:00,406 [grpc-default-executor-0] WARN  server.GrpcLogAppender (GrpcLogAppender.java:resetClient(110)) - 32069a0d-f39a-42d5-b706-96b3f478e9d8@group-21D2AE8B93C5->42593a4f-89d4-4363-aad7-ee84fdc40b17-GrpcLogAppender: Leader has not got in touch with Follower 32069a0d-f39a-42d5-b706-96b3f478e9d8@group-21D2AE8B93C5->42593a4f-89d4-4363-aad7-ee84fdc40b17(c-1,m0,n1, attendVote=true, lastRpcSendTime=6, lastRpcResponseTime=7853) yet, just keep nextIndex unchanged and retry.
2021-11-14 01:05:02,038 [grpc-default-executor-4] WARN  server.GrpcLogAppender (LogUtils.java:warn(122)) - 32069a0d-f39a-42d5-b706-96b3f478e9d8@group-58FA2C6BBA1C->42593a4f-89d4-4363-aad7-ee84fdc40b17-AppendLogResponseHandler: Failed appendEntries: org.apache.ratis.thirdparty.io.grpc.StatusRuntimeException: UNAVAILABLE: io exception
2021-11-14 01:05:02,039 [grpc-default-executor-4] WARN  server.GrpcLogAppender (GrpcLogAppender.java:resetClient(110)) - 32069a0d-f39a-42d5-b706-96b3f478e9d8@group-58FA2C6BBA1C->42593a4f-89d4-4363-aad7-ee84fdc40b17-GrpcLogAppender: Leader has not got in touch with Follower 32069a0d-f39a-42d5-b706-96b3f478e9d8@group-58FA2C6BBA1C->42593a4f-89d4-4363-aad7-ee84fdc40b17(c0,m0,n1, attendVote=true, lastRpcSendTime=2513, lastRpcResponseTime=12571) yet, just keep nextIndex unchanged and retry.
2021-11-14 01:05:02,889 [grpc-default-executor-0] WARN  server.GrpcLogAppender (LogUtils.java:warn(122)) - a5432c49-5461-405d-b7d7-37e5c225d9bf@group-728CC57844C0->42593a4f-89d4-4363-aad7-ee84fdc40b17-AppendLogResponseHandler: Failed appendEntries: org.apache.ratis.thirdparty.io.grpc.StatusRuntimeException: UNAVAILABLE: io exception
2021-11-14 01:05:02,891 [grpc-default-executor-0] WARN  server.GrpcLogAppender (GrpcLogAppender.java:resetClient(110)) - a5432c49-5461-405d-b7d7-37e5c225d9bf@group-728CC57844C0->42593a4f-89d4-4363-aad7-ee84fdc40b17-GrpcLogAppender: Leader has not got in touch with Follower a5432c49-5461-405d-b7d7-37e5c225d9bf@group-728CC57844C0->42593a4f-89d4-4363-aad7-ee84fdc40b17(c0,m0,n1, attendVote=true, lastRpcSendTime=2529, lastRpcResponseTime=15109) yet, just keep nextIndex unchanged and retry.
2021-11-14 01:05:02,909 [grpc-default-executor-0] WARN  server.GrpcLogAppender (LogUtils.java:warn(122)) - 32069a0d-f39a-42d5-b706-96b3f478e9d8@group-21D2AE8B93C5->42593a4f-89d4-4363-aad7-ee84fdc40b17-AppendLogResponseHandler: Failed appendEntries: org.apache.ratis.thirdparty.io.grpc.StatusRuntimeException: UNAVAILABLE: io exception
2021-11-14 01:05:02,909 [grpc-default-executor-0] WARN  server.GrpcLogAppender (GrpcLogAppender.java:resetClient(110)) - 32069a0d-f39a-42d5-b706-96b3f478e9d8@group-21D2AE8B93C5->42593a4f-89d4-4363-aad7-ee84fdc40b17-GrpcLogAppender: Leader has not got in touch with Follower 32069a0d-f39a-42d5-b706-96b3f478e9d8@group-21D2AE8B93C5->42593a4f-89d4-4363-aad7-ee84fdc40b17(c-1,m0,n1, attendVote=true, lastRpcSendTime=2509, lastRpcResponseTime=10356) yet, just keep nextIndex unchanged and retry.
2021-11-14 01:05:03,089 [32069a0d-f39a-42d5-b706-96b3f478e9d8@group-21D2AE8B93C5-LeaderStateImpl] INFO  server.RaftServer$Division (LeaderStateImpl.java:yieldLeaderToHigherPriorityPeer(930)) - 32069a0d-f39a-42d5-b706-96b3f478e9d8@group-21D2AE8B93C5-LeaderStateImpl send StartLeaderElectionRequest to follower:42593a4f-89d4-4363-aad7-ee84fdc40b17 on term:6 because follower's priority:1 is higher than leader's:0 and follower's lastEntry index:0 catch up with leader's:0
2021-11-14 01:05:04,417 [EventQueue-DeadNodeForDeadNodeHandler] INFO  node.DeadNodeHandler (DeadNodeHandler.java:onMessage(80)) - A dead datanode is detected. 42593a4f-89d4-4363-aad7-ee84fdc40b17{ip: 10.1.0.47, host: fv-az395-453.zfmzfyrfkyou3ow0tsr0jxwq1e.bx.internal.cloudapp.net, ports: [REPLICATION=44265, RATIS=38117, RATIS_ADMIN=38117, RATIS_SERVER=38117, STANDALONE=45285], networkLocation: /default-rack, certSerialId: null, persistedOpState: IN_SERVICE, persistedOpStateExpiryEpochSec: 0}
2021-11-14 01:05:04,418 [EventQueue-DeadNodeForDeadNodeHandler] INFO  pipeline.RatisPipelineProvider (RatisPipelineProvider.java:lambda$close$1(222)) - Send pipeline:PipelineID=9877ffae-06a8-41cd-9b6b-5453db22f216 close command to datanode 42593a4f-89d4-4363-aad7-ee84fdc40b17
2021-11-14 01:05:04,423 [EventQueue-DeadNodeForDeadNodeHandler] INFO  pipeline.PipelineStateManagerImpl (PipelineStateManagerImpl.java:removePipeline(223)) - Pipeline Pipeline[ Id: 9877ffae-06a8-41cd-9b6b-5453db22f216, Nodes: 42593a4f-89d4-4363-aad7-ee84fdc40b17{ip: 10.1.0.47, host: fv-az395-453.zfmzfyrfkyou3ow0tsr0jxwq1e.bx.internal.cloudapp.net, ports: [REPLICATION=44265, RATIS=38117, RATIS_ADMIN=38117, RATIS_SERVER=38117, STANDALONE=45285], networkLocation: /default-rack, certSerialId: null, persistedOpState: IN_SERVICE, persistedOpStateExpiryEpochSec: 0}, ReplicationConfig: RATIS/ONE, State:CLOSED, leaderId:42593a4f-89d4-4363-aad7-ee84fdc40b17, CreationTimestamp2021-11-14T01:04:24.655Z[Etc/UTC]] removed.
2021-11-14 01:05:04,423 [EventQueue-DeadNodeForDeadNodeHandler] INFO  pipeline.RatisPipelineProvider (RatisPipelineProvider.java:lambda$close$1(222)) - Send pipeline:PipelineID=10d69cc4-77f6-403d-bda5-21d2ae8b93c5 close command to datanode 42593a4f-89d4-4363-aad7-ee84fdc40b17
2021-11-14 01:05:04,423 [EventQueue-DeadNodeForDeadNodeHandler] INFO  pipeline.RatisPipelineProvider (RatisPipelineProvider.java:lambda$close$1(222)) - Send pipeline:PipelineID=10d69cc4-77f6-403d-bda5-21d2ae8b93c5 close command to datanode 32069a0d-f39a-42d5-b706-96b3f478e9d8
2021-11-14 01:05:04,423 [EventQueue-DeadNodeForDeadNodeHandler] INFO  pipeline.RatisPipelineProvider (RatisPipelineProvider.java:lambda$close$1(222)) - Send pipeline:PipelineID=10d69cc4-77f6-403d-bda5-21d2ae8b93c5 close command to datanode a5432c49-5461-405d-b7d7-37e5c225d9bf
2021-11-14 01:05:04,423 [EventQueue-DeadNodeForDeadNodeHandler] INFO  pipeline.PipelineStateManagerImpl (PipelineStateManagerImpl.java:removePipeline(223)) - Pipeline Pipeline[ Id: 10d69cc4-77f6-403d-bda5-21d2ae8b93c5, Nodes: 42593a4f-89d4-4363-aad7-ee84fdc40b17{ip: 10.1.0.47, host: fv-az395-453.zfmzfyrfkyou3ow0tsr0jxwq1e.bx.internal.cloudapp.net, ports: [REPLICATION=44265, RATIS=38117, RATIS_ADMIN=38117, RATIS_SERVER=38117, STANDALONE=45285], networkLocation: /default-rack, certSerialId: null, persistedOpState: IN_SERVICE, persistedOpStateExpiryEpochSec: 0}32069a0d-f39a-42d5-b706-96b3f478e9d8{ip: 10.1.0.47, host: fv-az395-453.zfmzfyrfkyou3ow0tsr0jxwq1e.bx.internal.cloudapp.net, ports: [REPLICATION=45299, RATIS=43355, RATIS_ADMIN=43355, RATIS_SERVER=43355, STANDALONE=42407], networkLocation: /default-rack, certSerialId: null, persistedOpState: IN_SERVICE, persistedOpStateExpiryEpochSec: 0}a5432c49-5461-405d-b7d7-37e5c225d9bf{ip: 10.1.0.47, host: fv-az395-453.zfmzfyrfkyou3ow0tsr0jxwq1e.bx.internal.cloudapp.net, ports: [REPLICATION=42911, RATIS=33007, RATIS_ADMIN=33007, RATIS_SERVER=33007, STANDALONE=34183], networkLocation: /default-rack, certSerialId: null, persistedOpState: IN_SERVICE, persistedOpStateExpiryEpochSec: 0}, ReplicationConfig: RATIS/THREE, State:CLOSED, leaderId:32069a0d-f39a-42d5-b706-96b3f478e9d8, CreationTimestamp2021-11-14T01:04:24.658Z[Etc/UTC]] removed.
2021-11-14 01:05:04,423 [EventQueue-DeadNodeForDeadNodeHandler] INFO  pipeline.RatisPipelineProvider (RatisPipelineProvider.java:lambda$close$1(222)) - Send pipeline:PipelineID=022119a0-66e2-4555-98aa-58fa2c6bba1c close command to datanode 32069a0d-f39a-42d5-b706-96b3f478e9d8
2021-11-14 01:05:04,423 [EventQueue-DeadNodeForDeadNodeHandler] INFO  pipeline.RatisPipelineProvider (RatisPipelineProvider.java:lambda$close$1(222)) - Send pipeline:PipelineID=022119a0-66e2-4555-98aa-58fa2c6bba1c close command to datanode 42593a4f-89d4-4363-aad7-ee84fdc40b17
2021-11-14 01:05:04,423 [EventQueue-DeadNodeForDeadNodeHandler] INFO  pipeline.RatisPipelineProvider (RatisPipelineProvider.java:lambda$close$1(222)) - Send pipeline:PipelineID=022119a0-66e2-4555-98aa-58fa2c6bba1c close command to datanode a5432c49-5461-405d-b7d7-37e5c225d9bf
2021-11-14 01:05:04,423 [EventQueue-DeadNodeForDeadNodeHandler] INFO  pipeline.PipelineStateManagerImpl (PipelineStateManagerImpl.java:removePipeline(223)) - Pipeline Pipeline[ Id: 022119a0-66e2-4555-98aa-58fa2c6bba1c, Nodes: 32069a0d-f39a-42d5-b706-96b3f478e9d8{ip: 10.1.0.47, host: fv-az395-453.zfmzfyrfkyou3ow0tsr0jxwq1e.bx.internal.cloudapp.net, ports: [REPLICATION=45299, RATIS=43355, RATIS_ADMIN=43355, RATIS_SERVER=43355, STANDALONE=42407], networkLocation: /default-rack, certSerialId: null, persistedOpState: IN_SERVICE, persistedOpStateExpiryEpochSec: 0}42593a4f-89d4-4363-aad7-ee84fdc40b17{ip: 10.1.0.47, host: fv-az395-453.zfmzfyrfkyou3ow0tsr0jxwq1e.bx.internal.cloudapp.net, ports: [REPLICATION=44265, RATIS=38117, RATIS_ADMIN=38117, RATIS_SERVER=38117, STANDALONE=45285], networkLocation: /default-rack, certSerialId: null, persistedOpState: IN_SERVICE, persistedOpStateExpiryEpochSec: 0}a5432c49-5461-405d-b7d7-37e5c225d9bf{ip: 10.1.0.47, host: fv-az395-453.zfmzfyrfkyou3ow0tsr0jxwq1e.bx.internal.cloudapp.net, ports: [REPLICATION=42911, RATIS=33007, RATIS_ADMIN=33007, RATIS_SERVER=33007, STANDALONE=34183], networkLocation: /default-rack, certSerialId: null, persistedOpState: IN_SERVICE, persistedOpStateExpiryEpochSec: 0}, ReplicationConfig: RATIS/THREE, State:CLOSED, leaderId:32069a0d-f39a-42d5-b706-96b3f478e9d8, CreationTimestamp2021-11-14T01:04:24.657Z[Etc/UTC]] removed.
2021-11-14 01:05:04,424 [EventQueue-DeadNodeForDeadNodeHandler] INFO  pipeline.RatisPipelineProvider (RatisPipelineProvider.java:lambda$close$1(222)) - Send pipeline:PipelineID=075e133d-6554-4497-a8b7-728cc57844c0 close command to datanode a5432c49-5461-405d-b7d7-37e5c225d9bf
2021-11-14 01:05:04,424 [EventQueue-DeadNodeForDeadNodeHandler] INFO  pipeline.RatisPipelineProvider (RatisPipelineProvider.java:lambda$close$1(222)) - Send pipeline:PipelineID=075e133d-6554-4497-a8b7-728cc57844c0 close command to datanode 42593a4f-89d4-4363-aad7-ee84fdc40b17
2021-11-14 01:05:04,424 [EventQueue-DeadNodeForDeadNodeHandler] INFO  pipeline.RatisPipelineProvider (RatisPipelineProvider.java:lambda$close$1(222)) - Send pipeline:PipelineID=075e133d-6554-4497-a8b7-728cc57844c0 close command to datanode 32069a0d-f39a-42d5-b706-96b3f478e9d8
2021-11-14 01:05:04,424 [EventQueue-DeadNodeForDeadNodeHandler] INFO  pipeline.PipelineStateManagerImpl (PipelineStateManagerImpl.java:removePipeline(223)) - Pipeline Pipeline[ Id: 075e133d-6554-4497-a8b7-728cc57844c0, Nodes: a5432c49-5461-405d-b7d7-37e5c225d9bf{ip: 10.1.0.47, host: fv-az395-453.zfmzfyrfkyou3ow0tsr0jxwq1e.bx.internal.cloudapp.net, ports: [REPLICATION=42911, RATIS=33007, RATIS_ADMIN=33007, RATIS_SERVER=33007, STANDALONE=34183], networkLocation: /default-rack, certSerialId: null, persistedOpState: IN_SERVICE, persistedOpStateExpiryEpochSec: 0}42593a4f-89d4-4363-aad7-ee84fdc40b17{ip: 10.1.0.47, host: fv-az395-453.zfmzfyrfkyou3ow0tsr0jxwq1e.bx.internal.cloudapp.net, ports: [REPLICATION=44265, RATIS=38117, RATIS_ADMIN=38117, RATIS_SERVER=38117, STANDALONE=45285], networkLocation: /default-rack, certSerialId: null, persistedOpState: IN_SERVICE, persistedOpStateExpiryEpochSec: 0}32069a0d-f39a-42d5-b706-96b3f478e9d8{ip: 10.1.0.47, host: fv-az395-453.zfmzfyrfkyou3ow0tsr0jxwq1e.bx.internal.cloudapp.net, ports: [REPLICATION=45299, RATIS=43355, RATIS_ADMIN=43355, RATIS_SERVER=43355, STANDALONE=42407], networkLocation: /default-rack, certSerialId: null, persistedOpState: IN_SERVICE, persistedOpStateExpiryEpochSec: 0}, ReplicationConfig: RATIS/THREE, State:CLOSED, leaderId:a5432c49-5461-405d-b7d7-37e5c225d9bf, CreationTimestamp2021-11-14T01:04:24.659Z[Etc/UTC]] removed.
2021-11-14 01:05:04,430 [EventQueue-DeadNodeForDeadNodeHandler] INFO  net.NetworkTopologyImpl (NetworkTopologyImpl.java:remove(137)) - Removed a node: /default-rack/42593a4f-89d4-4363-aad7-ee84fdc40b17
2021-11-14 01:05:04,560 [grpc-default-executor-4] WARN  server.GrpcLogAppender (LogUtils.java:warn(122)) - 32069a0d-f39a-42d5-b706-96b3f478e9d8@group-58FA2C6BBA1C->42593a4f-89d4-4363-aad7-ee84fdc40b17-AppendLogResponseHandler: Failed appendEntries: org.apache.ratis.thirdparty.io.grpc.StatusRuntimeException: UNAVAILABLE: io exception
2021-11-14 01:05:04,561 [grpc-default-executor-4] WARN  server.GrpcLogAppender (GrpcLogAppender.java:resetClient(110)) - 32069a0d-f39a-42d5-b706-96b3f478e9d8@group-58FA2C6BBA1C->42593a4f-89d4-4363-aad7-ee84fdc40b17-GrpcLogAppender: Leader has not got in touch with Follower 32069a0d-f39a-42d5-b706-96b3f478e9d8@group-58FA2C6BBA1C->42593a4f-89d4-4363-aad7-ee84fdc40b17(c0,m0,n1, attendVote=true, lastRpcSendTime=2501, lastRpcResponseTime=15093) yet, just keep nextIndex unchanged and retry.
2021-11-14 01:05:05,410 [grpc-default-executor-2] WARN  server.GrpcLogAppender (LogUtils.java:warn(122)) - a5432c49-5461-405d-b7d7-37e5c225d9bf@group-728CC57844C0->42593a4f-89d4-4363-aad7-ee84fdc40b17-AppendLogResponseHandler: Failed appendEntries: org.apache.ratis.thirdparty.io.grpc.StatusRuntimeException: UNAVAILABLE: io exception
2021-11-14 01:05:05,411 [grpc-default-executor-2] WARN  server.GrpcLogAppender (GrpcLogAppender.java:resetClient(110)) - a5432c49-5461-405d-b7d7-37e5c225d9bf@group-728CC57844C0->42593a4f-89d4-4363-aad7-ee84fdc40b17-GrpcLogAppender: Leader has not got in touch with Follower a5432c49-5461-405d-b7d7-37e5c225d9bf@group-728CC57844C0->42593a4f-89d4-4363-aad7-ee84fdc40b17(c0,m0,n1, attendVote=true, lastRpcSendTime=2519, lastRpcResponseTime=17629) yet, just keep nextIndex unchanged and retry.
2021-11-14 01:05:05,422 [grpc-default-executor-0] WARN  server.GrpcLogAppender (LogUtils.java:warn(122)) - 32069a0d-f39a-42d5-b706-96b3f478e9d8@group-21D2AE8B93C5->42593a4f-89d4-4363-aad7-ee84fdc40b17-AppendLogResponseHandler: Failed appendEntries: org.apache.ratis.thirdparty.io.grpc.StatusRuntimeException: UNAVAILABLE: io exception
2021-11-14 01:05:05,422 [grpc-default-executor-0] WARN  server.GrpcLogAppender (GrpcLogAppender.java:resetClient(110)) - 32069a0d-f39a-42d5-b706-96b3f478e9d8@group-21D2AE8B93C5->42593a4f-89d4-4363-aad7-ee84fdc40b17-GrpcLogAppender: Leader has not got in touch with Follower 32069a0d-f39a-42d5-b706-96b3f478e9d8@group-21D2AE8B93C5->42593a4f-89d4-4363-aad7-ee84fdc40b17(c-1,m0,n1, attendVote=true, lastRpcSendTime=2512, lastRpcResponseTime=12869) yet, just keep nextIndex unchanged and retry.
2021-11-14 01:05:06,661 [Command processor thread] INFO  server.RaftServer (RaftServerProxy.java:remove(106)) - a5432c49-5461-405d-b7d7-37e5c225d9bf: remove  FOLLOWER a5432c49-5461-405d-b7d7-37e5c225d9bf@group-21D2AE8B93C5:t6, leader=32069a0d-f39a-42d5-b706-96b3f478e9d8, voted=32069a0d-f39a-42d5-b706-96b3f478e9d8, raftlog=a5432c49-5461-405d-b7d7-37e5c225d9bf@group-21D2AE8B93C5-SegmentedRaftLog:OPENED:c0, conf=0: [a5432c49-5461-405d-b7d7-37e5c225d9bf|rpc:10.1.0.47:33007|dataStream:|priority:0, 32069a0d-f39a-42d5-b706-96b3f478e9d8|rpc:10.1.0.47:43355|dataStream:|priority:0, 42593a4f-89d4-4363-aad7-ee84fdc40b17|rpc:10.1.0.47:38117|dataStream:|priority:1], old=null RUNNING
2021-11-14 01:05:06,661 [Command processor thread] INFO  server.RaftServer$Division (RaftServerImpl.java:lambda$close$4(412)) - a5432c49-5461-405d-b7d7-37e5c225d9bf@group-21D2AE8B93C5: shutdown
2021-11-14 01:05:06,662 [Command processor thread] INFO  util.JmxRegister (JmxRegister.java:unregister(73)) - Successfully un-registered JMX Bean with object name Ratis:service=RaftServer,group=group-21D2AE8B93C5,id=a5432c49-5461-405d-b7d7-37e5c225d9bf
2021-11-14 01:05:06,662 [Command processor thread] INFO  impl.RoleInfo (RoleInfo.java:shutdownFollowerState(108)) - a5432c49-5461-405d-b7d7-37e5c225d9bf: shutdown a5432c49-5461-405d-b7d7-37e5c225d9bf@group-21D2AE8B93C5-FollowerState
2021-11-14 01:05:06,662 [Command processor thread] INFO  impl.StateMachineUpdater (StateMachineUpdater.java:stopAndJoin(149)) - a5432c49-5461-405d-b7d7-37e5c225d9bf@group-21D2AE8B93C5-StateMachineUpdater: set stopIndex = 0
2021-11-14 01:05:06,662 [a5432c49-5461-405d-b7d7-37e5c225d9bf@group-21D2AE8B93C5-FollowerState] INFO  impl.FollowerState (FollowerState.java:run(143)) - a5432c49-5461-405d-b7d7-37e5c225d9bf@group-21D2AE8B93C5-FollowerState was interrupted: {}
java.lang.InterruptedException: sleep interrupted
	at java.lang.Thread.sleep(Native Method)
	at java.lang.Thread.sleep(Thread.java:340)
	at java.util.concurrent.TimeUnit.sleep(TimeUnit.java:386)
	at org.apache.ratis.util.TimeDuration.sleep(TimeDuration.java:324)
	at org.apache.ratis.util.TimeDuration.sleep(TimeDuration.java:309)
	at org.apache.ratis.server.impl.FollowerState.run(FollowerState.java:118)
2021-11-14 01:05:06,662 [a5432c49-5461-405d-b7d7-37e5c225d9bf@group-21D2AE8B93C5-StateMachineUpdater] INFO  ratis.ContainerStateMachine (ContainerStateMachine.java:takeSnapshot(292)) - group-21D2AE8B93C5: Taking a snapshot at:(t:6, i:0) file /home/runner/work/ozone/ozone/hadoop-ozone/integration-test/target/test-dir/MiniOzoneClusterImpl-5b6cbd2a-2976-43bc-8d1c-e3ca86cddeeb/datanode-1/data/ratis/10d69cc4-77f6-403d-bda5-21d2ae8b93c5/sm/snapshot.6_0
2021-11-14 01:05:06,664 [a5432c49-5461-405d-b7d7-37e5c225d9bf@group-21D2AE8B93C5-StateMachineUpdater] INFO  ratis.ContainerStateMachine (ContainerStateMachine.java:takeSnapshot(303)) - group-21D2AE8B93C5: Finished taking a snapshot at:(t:6, i:0) file:/home/runner/work/ozone/ozone/hadoop-ozone/integration-test/target/test-dir/MiniOzoneClusterImpl-5b6cbd2a-2976-43bc-8d1c-e3ca86cddeeb/datanode-1/data/ratis/10d69cc4-77f6-403d-bda5-21d2ae8b93c5/sm/snapshot.6_0 took: 1 ms
2021-11-14 01:05:06,664 [a5432c49-5461-405d-b7d7-37e5c225d9bf@group-21D2AE8B93C5-StateMachineUpdater] INFO  impl.StateMachineUpdater (StateMachineUpdater.java:takeSnapshot(281)) - a5432c49-5461-405d-b7d7-37e5c225d9bf@group-21D2AE8B93C5-StateMachineUpdater: Took a snapshot at index 0
2021-11-14 01:05:06,664 [a5432c49-5461-405d-b7d7-37e5c225d9bf@group-21D2AE8B93C5-StateMachineUpdater] INFO  impl.StateMachineUpdater (StateMachineUpdater.java:lambda$new$0(89)) - a5432c49-5461-405d-b7d7-37e5c225d9bf@group-21D2AE8B93C5-StateMachineUpdater: snapshotIndex: updateIncreasingly -1 -> 0
2021-11-14 01:05:06,664 [Command processor thread] INFO  server.RaftServer$Division (ServerState.java:close(419)) - a5432c49-5461-405d-b7d7-37e5c225d9bf@group-21D2AE8B93C5: closes. applyIndex: 0
2021-11-14 01:05:06,665 [a5432c49-5461-405d-b7d7-37e5c225d9bf@group-21D2AE8B93C5-SegmentedRaftLogWorker] INFO  segmented.SegmentedRaftLogWorker (SegmentedRaftLogWorker.java:run(327)) - a5432c49-5461-405d-b7d7-37e5c225d9bf@group-21D2AE8B93C5-SegmentedRaftLogWorker was interrupted, exiting. There are 0 tasks remaining in the queue.
2021-11-14 01:05:06,670 [Command processor thread] INFO  segmented.SegmentedRaftLogWorker (SegmentedRaftLogWorker.java:close(237)) - a5432c49-5461-405d-b7d7-37e5c225d9bf@group-21D2AE8B93C5-SegmentedRaftLogWorker close()
2021-11-14 01:05:06,674 [Command processor thread] INFO  server.RaftServer$Division (RaftServerImpl.java:groupRemove(382)) - a5432c49-5461-405d-b7d7-37e5c225d9bf@group-21D2AE8B93C5: Succeed to remove RaftStorageDirectory Storage Directory /home/runner/work/ozone/ozone/hadoop-ozone/integration-test/target/test-dir/MiniOzoneClusterImpl-5b6cbd2a-2976-43bc-8d1c-e3ca86cddeeb/datanode-1/data/ratis/10d69cc4-77f6-403d-bda5-21d2ae8b93c5
2021-11-14 01:05:06,674 [Command processor thread] INFO  commandhandler.ClosePipelineCommandHandler (ClosePipelineCommandHandler.java:handle(78)) - Close Pipeline PipelineID=10d69cc4-77f6-403d-bda5-21d2ae8b93c5 command on datanode a5432c49-5461-405d-b7d7-37e5c225d9bf.
2021-11-14 01:05:06,675 [Command processor thread] INFO  server.RaftServer (RaftServerProxy.java:remove(106)) - a5432c49-5461-405d-b7d7-37e5c225d9bf: remove  FOLLOWER a5432c49-5461-405d-b7d7-37e5c225d9bf@group-58FA2C6BBA1C:t1, leader=32069a0d-f39a-42d5-b706-96b3f478e9d8, voted=32069a0d-f39a-42d5-b706-96b3f478e9d8, raftlog=a5432c49-5461-405d-b7d7-37e5c225d9bf@group-58FA2C6BBA1C-SegmentedRaftLog:OPENED:c0, conf=0: [a5432c49-5461-405d-b7d7-37e5c225d9bf|rpc:10.1.0.47:33007|dataStream:|priority:0, 32069a0d-f39a-42d5-b706-96b3f478e9d8|rpc:10.1.0.47:43355|dataStream:|priority:1, 42593a4f-89d4-4363-aad7-ee84fdc40b17|rpc:10.1.0.47:38117|dataStream:|priority:0], old=null RUNNING
2021-11-14 01:05:06,675 [Command processor thread] INFO  server.RaftServer$Division (RaftServerImpl.java:lambda$close$4(412)) - a5432c49-5461-405d-b7d7-37e5c225d9bf@group-58FA2C6BBA1C: shutdown
2021-11-14 01:05:06,675 [Command processor thread] INFO  util.JmxRegister (JmxRegister.java:unregister(73)) - Successfully un-registered JMX Bean with object name Ratis:service=RaftServer,group=group-58FA2C6BBA1C,id=a5432c49-5461-405d-b7d7-37e5c225d9bf
2021-11-14 01:05:06,675 [Command processor thread] INFO  impl.RoleInfo (RoleInfo.java:shutdownFollowerState(108)) - a5432c49-5461-405d-b7d7-37e5c225d9bf: shutdown a5432c49-5461-405d-b7d7-37e5c225d9bf@group-58FA2C6BBA1C-FollowerState
2021-11-14 01:05:06,675 [Command processor thread] INFO  impl.StateMachineUpdater (StateMachineUpdater.java:stopAndJoin(149)) - a5432c49-5461-405d-b7d7-37e5c225d9bf@group-58FA2C6BBA1C-StateMachineUpdater: set stopIndex = 0
2021-11-14 01:05:06,677 [a5432c49-5461-405d-b7d7-37e5c225d9bf@group-58FA2C6BBA1C-FollowerState] INFO  impl.FollowerState (FollowerState.java:run(143)) - a5432c49-5461-405d-b7d7-37e5c225d9bf@group-58FA2C6BBA1C-FollowerState was interrupted: {}
java.lang.InterruptedException: sleep interrupted
	at java.lang.Thread.sleep(Native Method)
	at java.lang.Thread.sleep(Thread.java:340)
	at java.util.concurrent.TimeUnit.sleep(TimeUnit.java:386)
	at org.apache.ratis.util.TimeDuration.sleep(TimeDuration.java:324)
	at org.apache.ratis.util.TimeDuration.sleep(TimeDuration.java:309)
	at org.apache.ratis.server.impl.FollowerState.run(FollowerState.java:118)
2021-11-14 01:05:06,677 [a5432c49-5461-405d-b7d7-37e5c225d9bf@group-58FA2C6BBA1C-StateMachineUpdater] INFO  ratis.ContainerStateMachine (ContainerStateMachine.java:takeSnapshot(292)) - group-58FA2C6BBA1C: Taking a snapshot at:(t:1, i:0) file /home/runner/work/ozone/ozone/hadoop-ozone/integration-test/target/test-dir/MiniOzoneClusterImpl-5b6cbd2a-2976-43bc-8d1c-e3ca86cddeeb/datanode-1/data/ratis/022119a0-66e2-4555-98aa-58fa2c6bba1c/sm/snapshot.1_0
2021-11-14 01:05:06,680 [a5432c49-5461-405d-b7d7-37e5c225d9bf@group-58FA2C6BBA1C-StateMachineUpdater] INFO  ratis.ContainerStateMachine (ContainerStateMachine.java:takeSnapshot(303)) - group-58FA2C6BBA1C: Finished taking a snapshot at:(t:1, i:0) file:/home/runner/work/ozone/ozone/hadoop-ozone/integration-test/target/test-dir/MiniOzoneClusterImpl-5b6cbd2a-2976-43bc-8d1c-e3ca86cddeeb/datanode-1/data/ratis/022119a0-66e2-4555-98aa-58fa2c6bba1c/sm/snapshot.1_0 took: 3 ms
2021-11-14 01:05:06,681 [a5432c49-5461-405d-b7d7-37e5c225d9bf@group-58FA2C6BBA1C-StateMachineUpdater] INFO  impl.StateMachineUpdater (StateMachineUpdater.java:takeSnapshot(281)) - a5432c49-5461-405d-b7d7-37e5c225d9bf@group-58FA2C6BBA1C-StateMachineUpdater: Took a snapshot at index 0
2021-11-14 01:05:06,681 [a5432c49-5461-405d-b7d7-37e5c225d9bf@group-58FA2C6BBA1C-StateMachineUpdater] INFO  impl.StateMachineUpdater (StateMachineUpdater.java:lambda$new$0(89)) - a5432c49-5461-405d-b7d7-37e5c225d9bf@group-58FA2C6BBA1C-StateMachineUpdater: snapshotIndex: updateIncreasingly -1 -> 0
2021-11-14 01:05:06,681 [Command processor thread] INFO  server.RaftServer$Division (ServerState.java:close(419)) - a5432c49-5461-405d-b7d7-37e5c225d9bf@group-58FA2C6BBA1C: closes. applyIndex: 0
2021-11-14 01:05:06,681 [a5432c49-5461-405d-b7d7-37e5c225d9bf@group-58FA2C6BBA1C-SegmentedRaftLogWorker] INFO  segmented.SegmentedRaftLogWorker (SegmentedRaftLogWorker.java:run(327)) - a5432c49-5461-405d-b7d7-37e5c225d9bf@group-58FA2C6BBA1C-SegmentedRaftLogWorker was interrupted, exiting. There are 0 tasks remaining in the queue.
2021-11-14 01:05:06,704 [Command processor thread] INFO  segmented.SegmentedRaftLogWorker (SegmentedRaftLogWorker.java:close(237)) - a5432c49-5461-405d-b7d7-37e5c225d9bf@group-58FA2C6BBA1C-SegmentedRaftLogWorker close()
2021-11-14 01:05:06,706 [Command processor thread] INFO  server.RaftServer$Division (RaftServerImpl.java:groupRemove(382)) - a5432c49-5461-405d-b7d7-37e5c225d9bf@group-58FA2C6BBA1C: Succeed to remove RaftStorageDirectory Storage Directory /home/runner/work/ozone/ozone/hadoop-ozone/integration-test/target/test-dir/MiniOzoneClusterImpl-5b6cbd2a-2976-43bc-8d1c-e3ca86cddeeb/datanode-1/data/ratis/022119a0-66e2-4555-98aa-58fa2c6bba1c
2021-11-14 01:05:06,706 [Command processor thread] INFO  commandhandler.ClosePipelineCommandHandler (ClosePipelineCommandHandler.java:handle(78)) - Close Pipeline PipelineID=022119a0-66e2-4555-98aa-58fa2c6bba1c command on datanode a5432c49-5461-405d-b7d7-37e5c225d9bf.
2021-11-14 01:05:06,706 [Command processor thread] INFO  server.RaftServer (RaftServerProxy.java:remove(106)) - a5432c49-5461-405d-b7d7-37e5c225d9bf: remove    LEADER a5432c49-5461-405d-b7d7-37e5c225d9bf@group-728CC57844C0:t2, leader=a5432c49-5461-405d-b7d7-37e5c225d9bf, voted=a5432c49-5461-405d-b7d7-37e5c225d9bf, raftlog=a5432c49-5461-405d-b7d7-37e5c225d9bf@group-728CC57844C0-SegmentedRaftLog:OPENED:c0, conf=0: [a5432c49-5461-405d-b7d7-37e5c225d9bf|rpc:10.1.0.47:33007|dataStream:|priority:1, 32069a0d-f39a-42d5-b706-96b3f478e9d8|rpc:10.1.0.47:43355|dataStream:|priority:0, 42593a4f-89d4-4363-aad7-ee84fdc40b17|rpc:10.1.0.47:38117|dataStream:|priority:0], old=null RUNNING
2021-11-14 01:05:06,706 [Command processor thread] INFO  server.RaftServer$Division (RaftServerImpl.java:lambda$close$4(412)) - a5432c49-5461-405d-b7d7-37e5c225d9bf@group-728CC57844C0: shutdown
2021-11-14 01:05:06,706 [Command processor thread] INFO  util.JmxRegister (JmxRegister.java:unregister(73)) - Successfully un-registered JMX Bean with object name Ratis:service=RaftServer,group=group-728CC57844C0,id=a5432c49-5461-405d-b7d7-37e5c225d9bf
2021-11-14 01:05:06,706 [Command processor thread] INFO  impl.RoleInfo (RoleInfo.java:shutdownLeaderState(91)) - a5432c49-5461-405d-b7d7-37e5c225d9bf: shutdown a5432c49-5461-405d-b7d7-37e5c225d9bf@group-728CC57844C0-LeaderStateImpl
2021-11-14 01:05:06,713 [Command processor thread] INFO  impl.PendingRequests (PendingRequests.java:sendNotLeaderResponses(282)) - a5432c49-5461-405d-b7d7-37e5c225d9bf@group-728CC57844C0-PendingRequests: sendNotLeaderResponses
2021-11-14 01:05:06,714 [Command processor thread] INFO  impl.StateMachineUpdater (StateMachineUpdater.java:stopAndJoin(149)) - a5432c49-5461-405d-b7d7-37e5c225d9bf@group-728CC57844C0-StateMachineUpdater: set stopIndex = 0
2021-11-14 01:05:06,716 [a5432c49-5461-405d-b7d7-37e5c225d9bf@group-728CC57844C0-StateMachineUpdater] INFO  ratis.ContainerStateMachine (ContainerStateMachine.java:takeSnapshot(292)) - group-728CC57844C0: Taking a snapshot at:(t:2, i:0) file /home/runner/work/ozone/ozone/hadoop-ozone/integration-test/target/test-dir/MiniOzoneClusterImpl-5b6cbd2a-2976-43bc-8d1c-e3ca86cddeeb/datanode-1/data/ratis/075e133d-6554-4497-a8b7-728cc57844c0/sm/snapshot.2_0
2021-11-14 01:05:06,716 [a5432c49-5461-405d-b7d7-37e5c225d9bf@group-728CC57844C0->32069a0d-f39a-42d5-b706-96b3f478e9d8-GrpcLogAppender-LogAppenderDaemon] WARN  server.GrpcLogAppender (GrpcLogAppender.java:mayWait(177)) - a5432c49-5461-405d-b7d7-37e5c225d9bf@group-728CC57844C0->32069a0d-f39a-42d5-b706-96b3f478e9d8-GrpcLogAppender: Wait interrupted by java.lang.InterruptedException
2021-11-14 01:05:06,717 [grpc-default-executor-0] INFO  server.GrpcServerProtocolService (GrpcServerProtocolService.java:onCompleted(140)) - 32069a0d-f39a-42d5-b706-96b3f478e9d8: Completed APPEND_ENTRIES, lastRequest: a5432c49-5461-405d-b7d7-37e5c225d9bf->32069a0d-f39a-42d5-b706-96b3f478e9d8#1-t2,previous=(t:0, i:0),leaderCommit=-1,initializing? true,entries: size=1, first=(t:2, i:0), CONFIGURATIONENTRY
2021-11-14 01:05:06,721 [grpc-default-executor-4] INFO  server.GrpcLogAppender (GrpcLogAppender.java:onCompleted(346)) - a5432c49-5461-405d-b7d7-37e5c225d9bf@group-728CC57844C0->32069a0d-f39a-42d5-b706-96b3f478e9d8-AppendLogResponseHandler: follower responses appendEntries COMPLETED
2021-11-14 01:05:06,721 [grpc-default-executor-4] INFO  leader.FollowerInfo (FollowerInfoImpl.java:lambda$new$0(47)) - a5432c49-5461-405d-b7d7-37e5c225d9bf@group-728CC57844C0->32069a0d-f39a-42d5-b706-96b3f478e9d8: nextIndex: updateUnconditionally 1 -> 0
2021-11-14 01:05:06,722 [a5432c49-5461-405d-b7d7-37e5c225d9bf@group-728CC57844C0-StateMachineUpdater] INFO  ratis.ContainerStateMachine (ContainerStateMachine.java:takeSnapshot(303)) - group-728CC57844C0: Finished taking a snapshot at:(t:2, i:0) file:/home/runner/work/ozone/ozone/hadoop-ozone/integration-test/target/test-dir/MiniOzoneClusterImpl-5b6cbd2a-2976-43bc-8d1c-e3ca86cddeeb/datanode-1/data/ratis/075e133d-6554-4497-a8b7-728cc57844c0/sm/snapshot.2_0 took: 6 ms
2021-11-14 01:05:06,722 [a5432c49-5461-405d-b7d7-37e5c225d9bf@group-728CC57844C0-StateMachineUpdater] INFO  impl.StateMachineUpdater (StateMachineUpdater.java:takeSnapshot(281)) - a5432c49-5461-405d-b7d7-37e5c225d9bf@group-728CC57844C0-StateMachineUpdater: Took a snapshot at index 0
2021-11-14 01:05:06,722 [a5432c49-5461-405d-b7d7-37e5c225d9bf@group-728CC57844C0-StateMachineUpdater] INFO  impl.StateMachineUpdater (StateMachineUpdater.java:lambda$new$0(89)) - a5432c49-5461-405d-b7d7-37e5c225d9bf@group-728CC57844C0-StateMachineUpdater: snapshotIndex: updateIncreasingly -1 -> 0
2021-11-14 01:05:06,733 [Command processor thread] INFO  server.RaftServer$Division (ServerState.java:close(419)) - a5432c49-5461-405d-b7d7-37e5c225d9bf@group-728CC57844C0: closes. applyIndex: 0
2021-11-14 01:05:06,751 [a5432c49-5461-405d-b7d7-37e5c225d9bf@group-728CC57844C0-SegmentedRaftLogWorker] INFO  segmented.SegmentedRaftLogWorker (SegmentedRaftLogWorker.java:run(327)) - a5432c49-5461-405d-b7d7-37e5c225d9bf@group-728CC57844C0-SegmentedRaftLogWorker was interrupted, exiting. There are 0 tasks remaining in the queue.
2021-11-14 01:05:06,764 [Command processor thread] INFO  segmented.SegmentedRaftLogWorker (SegmentedRaftLogWorker.java:close(237)) - a5432c49-5461-405d-b7d7-37e5c225d9bf@group-728CC57844C0-SegmentedRaftLogWorker close()
2021-11-14 01:05:06,766 [Command processor thread] INFO  server.RaftServer$Division (RaftServerImpl.java:groupRemove(382)) - a5432c49-5461-405d-b7d7-37e5c225d9bf@group-728CC57844C0: Succeed to remove RaftStorageDirectory Storage Directory /home/runner/work/ozone/ozone/hadoop-ozone/integration-test/target/test-dir/MiniOzoneClusterImpl-5b6cbd2a-2976-43bc-8d1c-e3ca86cddeeb/datanode-1/data/ratis/075e133d-6554-4497-a8b7-728cc57844c0
2021-11-14 01:05:06,766 [Command processor thread] INFO  commandhandler.ClosePipelineCommandHandler (ClosePipelineCommandHandler.java:handle(78)) - Close Pipeline PipelineID=075e133d-6554-4497-a8b7-728cc57844c0 command on datanode a5432c49-5461-405d-b7d7-37e5c225d9bf.
2021-11-14 01:05:06,774 [Command processor thread] INFO  server.RaftServer (RaftServerProxy.java:remove(106)) - 32069a0d-f39a-42d5-b706-96b3f478e9d8: remove    LEADER 32069a0d-f39a-42d5-b706-96b3f478e9d8@group-21D2AE8B93C5:t6, leader=32069a0d-f39a-42d5-b706-96b3f478e9d8, voted=32069a0d-f39a-42d5-b706-96b3f478e9d8, raftlog=32069a0d-f39a-42d5-b706-96b3f478e9d8@group-21D2AE8B93C5-SegmentedRaftLog:OPENED:c0, conf=0: [a5432c49-5461-405d-b7d7-37e5c225d9bf|rpc:10.1.0.47:33007|dataStream:|priority:0, 32069a0d-f39a-42d5-b706-96b3f478e9d8|rpc:10.1.0.47:43355|dataStream:|priority:0, 42593a4f-89d4-4363-aad7-ee84fdc40b17|rpc:10.1.0.47:38117|dataStream:|priority:1], old=null RUNNING
2021-11-14 01:05:06,774 [Command processor thread] INFO  server.RaftServer$Division (RaftServerImpl.java:lambda$close$4(412)) - 32069a0d-f39a-42d5-b706-96b3f478e9d8@group-21D2AE8B93C5: shutdown
2021-11-14 01:05:06,774 [Command processor thread] INFO  util.JmxRegister (JmxRegister.java:unregister(73)) - Successfully un-registered JMX Bean with object name Ratis:service=RaftServer,group=group-21D2AE8B93C5,id=32069a0d-f39a-42d5-b706-96b3f478e9d8
2021-11-14 01:05:06,774 [Command processor thread] INFO  impl.RoleInfo (RoleInfo.java:shutdownLeaderState(91)) - 32069a0d-f39a-42d5-b706-96b3f478e9d8: shutdown 32069a0d-f39a-42d5-b706-96b3f478e9d8@group-21D2AE8B93C5-LeaderStateImpl
2021-11-14 01:05:06,774 [Command processor thread] INFO  impl.PendingRequests (PendingRequests.java:sendNotLeaderResponses(282)) - 32069a0d-f39a-42d5-b706-96b3f478e9d8@group-21D2AE8B93C5-PendingRequests: sendNotLeaderResponses
2021-11-14 01:05:06,775 [Command processor thread] INFO  impl.StateMachineUpdater (StateMachineUpdater.java:stopAndJoin(149)) - 32069a0d-f39a-42d5-b706-96b3f478e9d8@group-21D2AE8B93C5-StateMachineUpdater: set stopIndex = 0
2021-11-14 01:05:06,776 [32069a0d-f39a-42d5-b706-96b3f478e9d8@group-21D2AE8B93C5-StateMachineUpdater] INFO  ratis.ContainerStateMachine (ContainerStateMachine.java:takeSnapshot(292)) - group-21D2AE8B93C5: Taking a snapshot at:(t:6, i:0) file /home/runner/work/ozone/ozone/hadoop-ozone/integration-test/target/test-dir/MiniOzoneClusterImpl-5b6cbd2a-2976-43bc-8d1c-e3ca86cddeeb/datanode-0/data/ratis/10d69cc4-77f6-403d-bda5-21d2ae8b93c5/sm/snapshot.6_0
2021-11-14 01:05:06,781 [32069a0d-f39a-42d5-b706-96b3f478e9d8@group-21D2AE8B93C5-StateMachineUpdater] INFO  ratis.ContainerStateMachine (ContainerStateMachine.java:takeSnapshot(303)) - group-21D2AE8B93C5: Finished taking a snapshot at:(t:6, i:0) file:/home/runner/work/ozone/ozone/hadoop-ozone/integration-test/target/test-dir/MiniOzoneClusterImpl-5b6cbd2a-2976-43bc-8d1c-e3ca86cddeeb/datanode-0/data/ratis/10d69cc4-77f6-403d-bda5-21d2ae8b93c5/sm/snapshot.6_0 took: 5 ms
2021-11-14 01:05:06,781 [32069a0d-f39a-42d5-b706-96b3f478e9d8@group-21D2AE8B93C5-StateMachineUpdater] INFO  impl.StateMachineUpdater (StateMachineUpdater.java:takeSnapshot(281)) - 32069a0d-f39a-42d5-b706-96b3f478e9d8@group-21D2AE8B93C5-StateMachineUpdater: Took a snapshot at index 0
2021-11-14 01:05:06,781 [32069a0d-f39a-42d5-b706-96b3f478e9d8@group-21D2AE8B93C5-StateMachineUpdater] INFO  impl.StateMachineUpdater (StateMachineUpdater.java:lambda$new$0(89)) - 32069a0d-f39a-42d5-b706-96b3f478e9d8@group-21D2AE8B93C5-StateMachineUpdater: snapshotIndex: updateIncreasingly -1 -> 0
2021-11-14 01:05:06,783 [Command processor thread] INFO  server.RaftServer$Division (ServerState.java:close(419)) - 32069a0d-f39a-42d5-b706-96b3f478e9d8@group-21D2AE8B93C5: closes. applyIndex: 0
2021-11-14 01:05:06,784 [32069a0d-f39a-42d5-b706-96b3f478e9d8@group-21D2AE8B93C5-SegmentedRaftLogWorker] INFO  segmented.SegmentedRaftLogWorker (SegmentedRaftLogWorker.java:run(327)) - 32069a0d-f39a-42d5-b706-96b3f478e9d8@group-21D2AE8B93C5-SegmentedRaftLogWorker was interrupted, exiting. There are 0 tasks remaining in the queue.
2021-11-14 01:05:06,793 [32069a0d-f39a-42d5-b706-96b3f478e9d8@group-21D2AE8B93C5->42593a4f-89d4-4363-aad7-ee84fdc40b17-GrpcLogAppender-LogAppenderDaemon] ERROR leader.LogAppenderDaemon (LogAppenderDaemon.java:run(86)) - 32069a0d-f39a-42d5-b706-96b3f478e9d8@group-21D2AE8B93C5->42593a4f-89d4-4363-aad7-ee84fdc40b17-GrpcLogAppender-LogAppenderDaemon failed
java.lang.IllegalArgumentException: 32069a0d-f39a-42d5-b706-96b3f478e9d8@group-21D2AE8B93C5-SegmentedRaftLog is expected to be opened but it is CLOSED
	at org.apache.ratis.util.OpenCloseState.assertOpen(OpenCloseState.java:63)
	at org.apache.ratis.server.raftlog.RaftLogBase.checkLogState(RaftLogBase.java:107)
	at org.apache.ratis.server.raftlog.segmented.SegmentedRaftLog.getLastEntryTermIndex(SegmentedRaftLog.java:339)
	at org.apache.ratis.server.raftlog.RaftLog.getNextIndex(RaftLog.java:83)
	at org.apache.ratis.server.leader.LogAppenderBase.newAppendEntriesRequest(LogAppenderBase.java:138)
	at org.apache.ratis.grpc.server.GrpcLogAppender.appendLog(GrpcLogAppender.java:213)
	at org.apache.ratis.grpc.server.GrpcLogAppender.run(GrpcLogAppender.java:147)
	at org.apache.ratis.server.leader.LogAppenderDaemon.run(LogAppenderDaemon.java:77)
	at java.lang.Thread.run(Thread.java:748)
Caused by: org.apache.ratis.util.OpenCloseState$CloseTrace: Close 32069a0d-f39a-42d5-b706-96b3f478e9d8@group-21D2AE8B93C5-SegmentedRaftLog
	at org.apache.ratis.util.OpenCloseState.lambda$close$1(OpenCloseState.java:109)
	at java.util.concurrent.atomic.AtomicReference.getAndUpdate(AtomicReference.java:160)
	at org.apache.ratis.util.OpenCloseState.close(OpenCloseState.java:109)
	at org.apache.ratis.server.raftlog.RaftLogBase.close(RaftLogBase.java:356)
	at org.apache.ratis.server.raftlog.segmented.SegmentedRaftLog.close(SegmentedRaftLog.java:505)
	at org.apache.ratis.server.impl.ServerState.close(ServerState.java:421)
	at org.apache.ratis.server.impl.RaftServerImpl.lambda$close$4(RaftServerImpl.java:434)
	at org.apache.ratis.util.LifeCycle.lambda$checkStateAndClose$4(LifeCycle.java:299)
	at org.apache.ratis.util.LifeCycle.checkStateAndClose(LifeCycle.java:319)
	at org.apache.ratis.util.LifeCycle.checkStateAndClose(LifeCycle.java:297)
	at org.apache.ratis.server.impl.RaftServerImpl.close(RaftServerImpl.java:411)
	at org.apache.ratis.server.impl.RaftServerImpl.groupRemove(RaftServerImpl.java:376)
	at org.apache.ratis.server.impl.RaftServerProxy.lambda$groupRemoveAsync$14(RaftServerProxy.java:507)
	at java.util.concurrent.CompletableFuture.uniApply(CompletableFuture.java:616)
	at java.util.concurrent.CompletableFuture.uniApplyStage(CompletableFuture.java:628)
	at java.util.concurrent.CompletableFuture.thenApply(CompletableFuture.java:1996)
	at org.apache.ratis.server.impl.RaftServerProxy.groupRemoveAsync(RaftServerProxy.java:506)
	at org.apache.ratis.server.impl.RaftServerProxy.groupManagementAsync(RaftServerProxy.java:460)
	at org.apache.ratis.server.impl.RaftServerProxy.groupManagement(RaftServerProxy.java:440)
	at org.apache.hadoop.ozone.container.common.transport.server.ratis.XceiverServerRatis.removeGroup(XceiverServerRatis.java:784)
	at org.apache.hadoop.ozone.container.common.statemachine.commandhandler.ClosePipelineCommandHandler.handle(ClosePipelineCommandHandler.java:77)
	at org.apache.hadoop.ozone.container.common.statemachine.commandhandler.CommandDispatcher.handle(CommandDispatcher.java:99)
	at org.apache.hadoop.ozone.container.common.statemachine.DatanodeStateMachine.lambda$initCommandHandlerThread$2(DatanodeStateMachine.java:567)
	... 1 more
2021-11-14 01:05:06,802 [Command processor thread] INFO  segmented.SegmentedRaftLogWorker (SegmentedRaftLogWorker.java:close(237)) - 32069a0d-f39a-42d5-b706-96b3f478e9d8@group-21D2AE8B93C5-SegmentedRaftLogWorker close()
2021-11-14 01:05:06,811 [Command processor thread] INFO  server.RaftServer$Division (RaftServerImpl.java:groupRemove(382)) - 32069a0d-f39a-42d5-b706-96b3f478e9d8@group-21D2AE8B93C5: Succeed to remove RaftStorageDirectory Storage Directory /home/runner/work/ozone/ozone/hadoop-ozone/integration-test/target/test-dir/MiniOzoneClusterImpl-5b6cbd2a-2976-43bc-8d1c-e3ca86cddeeb/datanode-0/data/ratis/10d69cc4-77f6-403d-bda5-21d2ae8b93c5
2021-11-14 01:05:06,811 [Command processor thread] INFO  commandhandler.ClosePipelineCommandHandler (ClosePipelineCommandHandler.java:handle(78)) - Close Pipeline PipelineID=10d69cc4-77f6-403d-bda5-21d2ae8b93c5 command on datanode 32069a0d-f39a-42d5-b706-96b3f478e9d8.
2021-11-14 01:05:06,811 [Command processor thread] INFO  server.RaftServer (RaftServerProxy.java:remove(106)) - 32069a0d-f39a-42d5-b706-96b3f478e9d8: remove    LEADER 32069a0d-f39a-42d5-b706-96b3f478e9d8@group-58FA2C6BBA1C:t1, leader=32069a0d-f39a-42d5-b706-96b3f478e9d8, voted=32069a0d-f39a-42d5-b706-96b3f478e9d8, raftlog=32069a0d-f39a-42d5-b706-96b3f478e9d8@group-58FA2C6BBA1C-SegmentedRaftLog:OPENED:c0, conf=0: [a5432c49-5461-405d-b7d7-37e5c225d9bf|rpc:10.1.0.47:33007|dataStream:|priority:0, 32069a0d-f39a-42d5-b706-96b3f478e9d8|rpc:10.1.0.47:43355|dataStream:|priority:1, 42593a4f-89d4-4363-aad7-ee84fdc40b17|rpc:10.1.0.47:38117|dataStream:|priority:0], old=null RUNNING
2021-11-14 01:05:06,811 [Command processor thread] INFO  server.RaftServer$Division (RaftServerImpl.java:lambda$close$4(412)) - 32069a0d-f39a-42d5-b706-96b3f478e9d8@group-58FA2C6BBA1C: shutdown
2021-11-14 01:05:06,811 [Command processor thread] INFO  util.JmxRegister (JmxRegister.java:unregister(73)) - Successfully un-registered JMX Bean with object name Ratis:service=RaftServer,group=group-58FA2C6BBA1C,id=32069a0d-f39a-42d5-b706-96b3f478e9d8
2021-11-14 01:05:06,811 [Command processor thread] INFO  impl.RoleInfo (RoleInfo.java:shutdownLeaderState(91)) - 32069a0d-f39a-42d5-b706-96b3f478e9d8: shutdown 32069a0d-f39a-42d5-b706-96b3f478e9d8@group-58FA2C6BBA1C-LeaderStateImpl
2021-11-14 01:05:06,828 [32069a0d-f39a-42d5-b706-96b3f478e9d8@group-21D2AE8B93C5->a5432c49-5461-405d-b7d7-37e5c225d9bf-GrpcLogAppender-LogAppenderDaemon] WARN  server.GrpcLogAppender (GrpcLogAppender.java:mayWait(177)) - 32069a0d-f39a-42d5-b706-96b3f478e9d8@group-21D2AE8B93C5->a5432c49-5461-405d-b7d7-37e5c225d9bf-GrpcLogAppender: Wait interrupted by java.lang.InterruptedException
2021-11-14 01:05:06,828 [grpc-default-executor-2] INFO  server.GrpcServerProtocolService (GrpcServerProtocolService.java:onCompleted(140)) - a5432c49-5461-405d-b7d7-37e5c225d9bf: Completed APPEND_ENTRIES, lastRequest: 32069a0d-f39a-42d5-b706-96b3f478e9d8->a5432c49-5461-405d-b7d7-37e5c225d9bf#1-t6,previous=(t:0, i:0),leaderCommit=0,initializing? true,entries: size=1, first=(t:6, i:0), CONFIGURATIONENTRY
2021-11-14 01:05:06,829 [grpc-default-executor-4] INFO  server.GrpcLogAppender (GrpcLogAppender.java:onCompleted(346)) - 32069a0d-f39a-42d5-b706-96b3f478e9d8@group-21D2AE8B93C5->a5432c49-5461-405d-b7d7-37e5c225d9bf-AppendLogResponseHandler: follower responses appendEntries COMPLETED
2021-11-14 01:05:06,829 [grpc-default-executor-4] INFO  leader.FollowerInfo (FollowerInfoImpl.java:lambda$new$0(47)) - 32069a0d-f39a-42d5-b706-96b3f478e9d8@group-21D2AE8B93C5->a5432c49-5461-405d-b7d7-37e5c225d9bf: nextIndex: updateUnconditionally 1 -> 0
2021-11-14 01:05:06,832 [Command processor thread] INFO  impl.PendingRequests (PendingRequests.java:sendNotLeaderResponses(282)) - 32069a0d-f39a-42d5-b706-96b3f478e9d8@group-58FA2C6BBA1C-PendingRequests: sendNotLeaderResponses
2021-11-14 01:05:06,833 [32069a0d-f39a-42d5-b706-96b3f478e9d8@group-58FA2C6BBA1C-StateMachineUpdater] INFO  ratis.ContainerStateMachine (ContainerStateMachine.java:takeSnapshot(292)) - group-58FA2C6BBA1C: Taking a snapshot at:(t:1, i:0) file /home/runner/work/ozone/ozone/hadoop-ozone/integration-test/target/test-dir/MiniOzoneClusterImpl-5b6cbd2a-2976-43bc-8d1c-e3ca86cddeeb/datanode-0/data/ratis/022119a0-66e2-4555-98aa-58fa2c6bba1c/sm/snapshot.1_0
2021-11-14 01:05:06,833 [Command processor thread] INFO  impl.StateMachineUpdater (StateMachineUpdater.java:stopAndJoin(149)) - 32069a0d-f39a-42d5-b706-96b3f478e9d8@group-58FA2C6BBA1C-StateMachineUpdater: set stopIndex = 0
2021-11-14 01:05:06,834 [32069a0d-f39a-42d5-b706-96b3f478e9d8@group-58FA2C6BBA1C-StateMachineUpdater] INFO  ratis.ContainerStateMachine (ContainerStateMachine.java:takeSnapshot(303)) - group-58FA2C6BBA1C: Finished taking a snapshot at:(t:1, i:0) file:/home/runner/work/ozone/ozone/hadoop-ozone/integration-test/target/test-dir/MiniOzoneClusterImpl-5b6cbd2a-2976-43bc-8d1c-e3ca86cddeeb/datanode-0/data/ratis/022119a0-66e2-4555-98aa-58fa2c6bba1c/sm/snapshot.1_0 took: 1 ms
2021-11-14 01:05:06,834 [32069a0d-f39a-42d5-b706-96b3f478e9d8@group-58FA2C6BBA1C-StateMachineUpdater] INFO  impl.StateMachineUpdater (StateMachineUpdater.java:takeSnapshot(281)) - 32069a0d-f39a-42d5-b706-96b3f478e9d8@group-58FA2C6BBA1C-StateMachineUpdater: Took a snapshot at index 0
2021-11-14 01:05:06,834 [32069a0d-f39a-42d5-b706-96b3f478e9d8@group-58FA2C6BBA1C-StateMachineUpdater] INFO  impl.StateMachineUpdater (StateMachineUpdater.java:lambda$new$0(89)) - 32069a0d-f39a-42d5-b706-96b3f478e9d8@group-58FA2C6BBA1C-StateMachineUpdater: snapshotIndex: updateIncreasingly -1 -> 0
2021-11-14 01:05:06,837 [Command processor thread] INFO  server.RaftServer$Division (ServerState.java:close(419)) - 32069a0d-f39a-42d5-b706-96b3f478e9d8@group-58FA2C6BBA1C: closes. applyIndex: 0
2021-11-14 01:05:06,837 [32069a0d-f39a-42d5-b706-96b3f478e9d8@group-58FA2C6BBA1C-SegmentedRaftLogWorker] INFO  segmented.SegmentedRaftLogWorker (SegmentedRaftLogWorker.java:run(327)) - 32069a0d-f39a-42d5-b706-96b3f478e9d8@group-58FA2C6BBA1C-SegmentedRaftLogWorker was interrupted, exiting. There are 0 tasks remaining in the queue.
2021-11-14 01:05:06,848 [32069a0d-f39a-42d5-b706-96b3f478e9d8@group-58FA2C6BBA1C->a5432c49-5461-405d-b7d7-37e5c225d9bf-GrpcLogAppender-LogAppenderDaemon] WARN  server.GrpcLogAppender (GrpcLogAppender.java:mayWait(177)) - 32069a0d-f39a-42d5-b706-96b3f478e9d8@group-58FA2C6BBA1C->a5432c49-5461-405d-b7d7-37e5c225d9bf-GrpcLogAppender: Wait interrupted by java.lang.InterruptedException
2021-11-14 01:05:06,848 [grpc-default-executor-2] INFO  server.GrpcServerProtocolService (GrpcServerProtocolService.java:onCompleted(140)) - a5432c49-5461-405d-b7d7-37e5c225d9bf: Completed APPEND_ENTRIES, lastRequest: 32069a0d-f39a-42d5-b706-96b3f478e9d8->a5432c49-5461-405d-b7d7-37e5c225d9bf#1-t1,previous=(t:0, i:0),leaderCommit=0,initializing? true,entries: size=1, first=(t:1, i:0), CONFIGURATIONENTRY
2021-11-14 01:05:06,849 [grpc-default-executor-4] INFO  server.GrpcLogAppender (GrpcLogAppender.java:onCompleted(346)) - 32069a0d-f39a-42d5-b706-96b3f478e9d8@group-58FA2C6BBA1C->a5432c49-5461-405d-b7d7-37e5c225d9bf-AppendLogResponseHandler: follower responses appendEntries COMPLETED
2021-11-14 01:05:06,849 [grpc-default-executor-4] INFO  leader.FollowerInfo (FollowerInfoImpl.java:lambda$new$0(47)) - 32069a0d-f39a-42d5-b706-96b3f478e9d8@group-58FA2C6BBA1C->a5432c49-5461-405d-b7d7-37e5c225d9bf: nextIndex: updateUnconditionally 1 -> 0
2021-11-14 01:05:06,855 [Command processor thread] INFO  segmented.SegmentedRaftLogWorker (SegmentedRaftLogWorker.java:close(237)) - 32069a0d-f39a-42d5-b706-96b3f478e9d8@group-58FA2C6BBA1C-SegmentedRaftLogWorker close()
2021-11-14 01:05:06,875 [Command processor thread] INFO  server.RaftServer$Division (RaftServerImpl.java:groupRemove(382)) - 32069a0d-f39a-42d5-b706-96b3f478e9d8@group-58FA2C6BBA1C: Succeed to remove RaftStorageDirectory Storage Directory /home/runner/work/ozone/ozone/hadoop-ozone/integration-test/target/test-dir/MiniOzoneClusterImpl-5b6cbd2a-2976-43bc-8d1c-e3ca86cddeeb/datanode-0/data/ratis/022119a0-66e2-4555-98aa-58fa2c6bba1c
2021-11-14 01:05:06,876 [Command processor thread] INFO  commandhandler.ClosePipelineCommandHandler (ClosePipelineCommandHandler.java:handle(78)) - Close Pipeline PipelineID=022119a0-66e2-4555-98aa-58fa2c6bba1c command on datanode 32069a0d-f39a-42d5-b706-96b3f478e9d8.
2021-11-14 01:05:06,876 [Command processor thread] INFO  server.RaftServer (RaftServerProxy.java:remove(106)) - 32069a0d-f39a-42d5-b706-96b3f478e9d8: remove  FOLLOWER 32069a0d-f39a-42d5-b706-96b3f478e9d8@group-728CC57844C0:t2, leader=a5432c49-5461-405d-b7d7-37e5c225d9bf, voted=a5432c49-5461-405d-b7d7-37e5c225d9bf, raftlog=32069a0d-f39a-42d5-b706-96b3f478e9d8@group-728CC57844C0-SegmentedRaftLog:OPENED:c0, conf=0: [a5432c49-5461-405d-b7d7-37e5c225d9bf|rpc:10.1.0.47:33007|dataStream:|priority:1, 32069a0d-f39a-42d5-b706-96b3f478e9d8|rpc:10.1.0.47:43355|dataStream:|priority:0, 42593a4f-89d4-4363-aad7-ee84fdc40b17|rpc:10.1.0.47:38117|dataStream:|priority:0], old=null RUNNING
2021-11-14 01:05:06,876 [Command processor thread] INFO  server.RaftServer$Division (RaftServerImpl.java:lambda$close$4(412)) - 32069a0d-f39a-42d5-b706-96b3f478e9d8@group-728CC57844C0: shutdown
2021-11-14 01:05:06,876 [Command processor thread] INFO  util.JmxRegister (JmxRegister.java:unregister(73)) - Successfully un-registered JMX Bean with object name Ratis:service=RaftServer,group=group-728CC57844C0,id=32069a0d-f39a-42d5-b706-96b3f478e9d8
2021-11-14 01:05:06,876 [Command processor thread] INFO  impl.RoleInfo (RoleInfo.java:shutdownFollowerState(108)) - 32069a0d-f39a-42d5-b706-96b3f478e9d8: shutdown 32069a0d-f39a-42d5-b706-96b3f478e9d8@group-728CC57844C0-FollowerState
2021-11-14 01:05:06,877 [32069a0d-f39a-42d5-b706-96b3f478e9d8@group-728CC57844C0-FollowerState] INFO  impl.FollowerState (FollowerState.java:run(143)) - 32069a0d-f39a-42d5-b706-96b3f478e9d8@group-728CC57844C0-FollowerState was interrupted: {}
java.lang.InterruptedException: sleep interrupted
	at java.lang.Thread.sleep(Native Method)
	at java.lang.Thread.sleep(Thread.java:340)
	at java.util.concurrent.TimeUnit.sleep(TimeUnit.java:386)
	at org.apache.ratis.util.TimeDuration.sleep(TimeDuration.java:324)
	at org.apache.ratis.util.TimeDuration.sleep(TimeDuration.java:309)
	at org.apache.ratis.server.impl.FollowerState.run(FollowerState.java:118)
2021-11-14 01:05:06,883 [Command processor thread] INFO  impl.StateMachineUpdater (StateMachineUpdater.java:stopAndJoin(149)) - 32069a0d-f39a-42d5-b706-96b3f478e9d8@group-728CC57844C0-StateMachineUpdater: set stopIndex = 0
2021-11-14 01:05:06,883 [32069a0d-f39a-42d5-b706-96b3f478e9d8@group-728CC57844C0-StateMachineUpdater] INFO  ratis.ContainerStateMachine (ContainerStateMachine.java:takeSnapshot(292)) - group-728CC57844C0: Taking a snapshot at:(t:2, i:0) file /home/runner/work/ozone/ozone/hadoop-ozone/integration-test/target/test-dir/MiniOzoneClusterImpl-5b6cbd2a-2976-43bc-8d1c-e3ca86cddeeb/datanode-0/data/ratis/075e133d-6554-4497-a8b7-728cc57844c0/sm/snapshot.2_0
2021-11-14 01:05:06,886 [32069a0d-f39a-42d5-b706-96b3f478e9d8@group-728CC57844C0-StateMachineUpdater] INFO  ratis.ContainerStateMachine (ContainerStateMachine.java:takeSnapshot(303)) - group-728CC57844C0: Finished taking a snapshot at:(t:2, i:0) file:/home/runner/work/ozone/ozone/hadoop-ozone/integration-test/target/test-dir/MiniOzoneClusterImpl-5b6cbd2a-2976-43bc-8d1c-e3ca86cddeeb/datanode-0/data/ratis/075e133d-6554-4497-a8b7-728cc57844c0/sm/snapshot.2_0 took: 3 ms
2021-11-14 01:05:06,886 [32069a0d-f39a-42d5-b706-96b3f478e9d8@group-728CC57844C0-StateMachineUpdater] INFO  impl.StateMachineUpdater (StateMachineUpdater.java:takeSnapshot(281)) - 32069a0d-f39a-42d5-b706-96b3f478e9d8@group-728CC57844C0-StateMachineUpdater: Took a snapshot at index 0
2021-11-14 01:05:06,886 [32069a0d-f39a-42d5-b706-96b3f478e9d8@group-728CC57844C0-StateMachineUpdater] INFO  impl.StateMachineUpdater (StateMachineUpdater.java:lambda$new$0(89)) - 32069a0d-f39a-42d5-b706-96b3f478e9d8@group-728CC57844C0-StateMachineUpdater: snapshotIndex: updateIncreasingly -1 -> 0
2021-11-14 01:05:06,892 [Command processor thread] INFO  server.RaftServer$Division (ServerState.java:close(419)) - 32069a0d-f39a-42d5-b706-96b3f478e9d8@group-728CC57844C0: closes. applyIndex: 0
2021-11-14 01:05:06,892 [32069a0d-f39a-42d5-b706-96b3f478e9d8@group-728CC57844C0-SegmentedRaftLogWorker] INFO  segmented.SegmentedRaftLogWorker (SegmentedRaftLogWorker.java:run(327)) - 32069a0d-f39a-42d5-b706-96b3f478e9d8@group-728CC57844C0-SegmentedRaftLogWorker was interrupted, exiting. There are 0 tasks remaining in the queue.
2021-11-14 01:05:06,893 [Command processor thread] INFO  segmented.SegmentedRaftLogWorker (SegmentedRaftLogWorker.java:close(237)) - 32069a0d-f39a-42d5-b706-96b3f478e9d8@group-728CC57844C0-SegmentedRaftLogWorker close()
2021-11-14 01:05:06,895 [Command processor thread] INFO  server.RaftServer$Division (RaftServerImpl.java:groupRemove(382)) - 32069a0d-f39a-42d5-b706-96b3f478e9d8@group-728CC57844C0: Succeed to remove RaftStorageDirectory Storage Directory /home/runner/work/ozone/ozone/hadoop-ozone/integration-test/target/test-dir/MiniOzoneClusterImpl-5b6cbd2a-2976-43bc-8d1c-e3ca86cddeeb/datanode-0/data/ratis/075e133d-6554-4497-a8b7-728cc57844c0
2021-11-14 01:05:06,895 [Command processor thread] INFO  commandhandler.ClosePipelineCommandHandler (ClosePipelineCommandHandler.java:handle(78)) - Close Pipeline PipelineID=075e133d-6554-4497-a8b7-728cc57844c0 command on datanode 32069a0d-f39a-42d5-b706-96b3f478e9d8.
2021-11-14 01:05:17,656 [Socket Reader #1 for port 0] WARN  ipc.Server (Server.java:readAndProcess(2287)) - Incorrect RPC Header length from 10.1.0.47:57976 expected length: java.nio.HeapByteBuffer[pos=0 lim=4 cap=4] got length: java.nio.HeapByteBuffer[pos=0 lim=4 cap=4]
2021-11-14 01:05:27,293 [Listener at 127.0.0.1/34021] WARN  io.KeyOutputStream (KeyOutputStream.java:handleException(310)) - Encountered exception java.io.IOException: Unexpected Storage Container Exception: java.util.concurrent.CompletionException: Failed to write chunk 107544261427200001_chunk_6 into block conID: 1 locID: 107544261427200001 bcsId: 10 on the pipeline Pipeline[ Id: 9877ffae-06a8-41cd-9b6b-5453db22f216, Nodes: 42593a4f-89d4-4363-aad7-ee84fdc40b17{ip: 10.1.0.47, host: fv-az395-453.zfmzfyrfkyou3ow0tsr0jxwq1e.bx.internal.cloudapp.net, ports: [REPLICATION=44265, RATIS=38117, RATIS_ADMIN=38117, RATIS_SERVER=38117, STANDALONE=45285], networkLocation: /default-rack, certSerialId: null, persistedOpState: IN_SERVICE, persistedOpStateExpiryEpochSec: 0}, ReplicationConfig: RATIS/ONE, State:OPEN, leaderId:42593a4f-89d4-4363-aad7-ee84fdc40b17, CreationTimestamp2021-11-14T01:04:24.655Z[Etc/UTC]]. The last committed block length is 500, uncommitted data length is 300 retry count 0
2021-11-14 01:05:27,923 [Listener at 127.0.0.1/34021] WARN  impl.MetricRegistriesImpl (MetricRegistriesImpl.java:addReporterRegistration(111)) - New reporters are added after registries were created. Some metrics will be missing from the reporter. Please add reporter before adding any new registry.
2021-11-14 01:05:27,923 [Listener at 127.0.0.1/34021] WARN  impl.MetricRegistriesImpl (MetricRegistriesImpl.java:addReporterRegistration(111)) - New reporters are added after registries were created. Some metrics will be missing from the reporter. Please add reporter before adding any new registry.
2021-11-14 01:05:27,924 [Listener at 127.0.0.1/34021] INFO  impl.MetricsSystemImpl (MetricsSystemImpl.java:init(158)) - HddsDatanode metrics system started (again)
2021-11-14 01:05:28,019 [Listener at 127.0.0.1/34021] INFO  ozone.HddsDatanodeService (HddsDatanodeService.java:start(234)) - HddsDatanodeService host:fv-az395-453.zfmzfyrfkyou3ow0tsr0jxwq1e.bx.internal.cloudapp.net ip:10.1.0.47
2021-11-14 01:05:28,055 [Listener at 127.0.0.1/34021] INFO  upgrade.AbstractLayoutVersionManager (AbstractLayoutVersionManager.java:init(79)) - Initializing Layout version manager with metadata layout = SCM_HA (version = 2), software layout = SCM_HA (version = 2)
2021-11-14 01:05:28,166 [Listener at 127.0.0.1/34021] INFO  reflections.Reflections (Reflections.java:scan(232)) - Reflections took 109 ms to scan 7 urls, producing 119 keys and 279 values 
2021-11-14 01:05:28,168 [Listener at 127.0.0.1/34021] INFO  statemachine.DatanodeStateMachine (DatanodeStateMachine.java:getEndPointTaskThreadPoolSize(219)) - Datanode State Machine Task Thread Pool size 2
2021-11-14 01:05:28,169 [Listener at 127.0.0.1/34021] INFO  volume.HddsVolume (HddsVolume.java:<init>(120)) - Creating HddsVolume: /home/runner/work/ozone/ozone/hadoop-ozone/integration-test/target/test-dir/MiniOzoneClusterImpl-5b6cbd2a-2976-43bc-8d1c-e3ca86cddeeb/datanode-2/data-0/containers/hdds of storage type : DISK capacity : 9223372036854775807
2021-11-14 01:05:28,169 [Listener at 127.0.0.1/34021] INFO  volume.MutableVolumeSet (MutableVolumeSet.java:initializeVolumeSet(168)) - Added Volume : /home/runner/work/ozone/ozone/hadoop-ozone/integration-test/target/test-dir/MiniOzoneClusterImpl-5b6cbd2a-2976-43bc-8d1c-e3ca86cddeeb/datanode-2/data-0/containers/hdds to VolumeSet
2021-11-14 01:05:28,170 [Listener at 127.0.0.1/34021] INFO  volume.ThrottledAsyncChecker (ThrottledAsyncChecker.java:schedule(141)) - Scheduling a check for /home/runner/work/ozone/ozone/hadoop-ozone/integration-test/target/test-dir/MiniOzoneClusterImpl-5b6cbd2a-2976-43bc-8d1c-e3ca86cddeeb/datanode-2/data-0/containers/hdds
2021-11-14 01:05:28,179 [Listener at 127.0.0.1/34021] INFO  volume.StorageVolumeChecker (StorageVolumeChecker.java:checkAllVolumes(202)) - Scheduled health check for volume /home/runner/work/ozone/ozone/hadoop-ozone/integration-test/target/test-dir/MiniOzoneClusterImpl-5b6cbd2a-2976-43bc-8d1c-e3ca86cddeeb/datanode-2/data-0/containers/hdds
2021-11-14 01:05:28,195 [Listener at 127.0.0.1/34021] INFO  volume.MutableVolumeSet (MutableVolumeSet.java:initializeVolumeSet(168)) - Added Volume : /home/runner/work/ozone/ozone/hadoop-ozone/integration-test/target/test-dir/MiniOzoneClusterImpl-5b6cbd2a-2976-43bc-8d1c-e3ca86cddeeb/datanode-2/data/ratis to VolumeSet
2021-11-14 01:05:28,196 [Listener at 127.0.0.1/34021] INFO  volume.ThrottledAsyncChecker (ThrottledAsyncChecker.java:schedule(141)) - Scheduling a check for /home/runner/work/ozone/ozone/hadoop-ozone/integration-test/target/test-dir/MiniOzoneClusterImpl-5b6cbd2a-2976-43bc-8d1c-e3ca86cddeeb/datanode-2/data/ratis
2021-11-14 01:05:28,213 [Listener at 127.0.0.1/34021] INFO  volume.StorageVolumeChecker (StorageVolumeChecker.java:checkAllVolumes(202)) - Scheduled health check for volume /home/runner/work/ozone/ozone/hadoop-ozone/integration-test/target/test-dir/MiniOzoneClusterImpl-5b6cbd2a-2976-43bc-8d1c-e3ca86cddeeb/datanode-2/data/ratis
2021-11-14 01:05:28,253 [Thread-2165] INFO  ozoneimpl.ContainerReader (ContainerReader.java:readVolume(142)) - Start to verify containers on volume /home/runner/work/ozone/ozone/hadoop-ozone/integration-test/target/test-dir/MiniOzoneClusterImpl-5b6cbd2a-2976-43bc-8d1c-e3ca86cddeeb/datanode-2/data-0/containers/hdds
2021-11-14 01:05:28,289 [Thread-2165] INFO  ozoneimpl.ContainerReader (ContainerReader.java:readVolume(172)) - Finish verifying containers on volume /home/runner/work/ozone/ozone/hadoop-ozone/integration-test/target/test-dir/MiniOzoneClusterImpl-5b6cbd2a-2976-43bc-8d1c-e3ca86cddeeb/datanode-2/data-0/containers/hdds
2021-11-14 01:05:28,289 [Listener at 127.0.0.1/34021] INFO  ozoneimpl.OzoneContainer (OzoneContainer.java:buildContainerSet(236)) - Build ContainerSet costs 0s
2021-11-14 01:05:28,291 [Listener at 127.0.0.1/34021] INFO  server.RaftServer (ConfUtils.java:logGet(44)) - raft.rpc.type = GRPC (default)
2021-11-14 01:05:28,291 [Listener at 127.0.0.1/34021] INFO  grpc.GrpcFactory (GrpcFactory.java:checkPooledByteBufAllocatorUseCacheForAllThreads(48)) - PERFORMANCE WARNING: useCacheForAllThreads is true that may cause Netty to create a lot garbage objects and, as a result, trigger GC.
	It is recommended to disable useCacheForAllThreads by setting -Dorg.apache.ratis.thirdparty.io.netty.allocator.useCacheForAllThreads=false in command line.
2021-11-14 01:05:28,292 [Listener at 127.0.0.1/34021] INFO  grpc.GrpcConfigKeys (ConfUtils.java:logGet(44)) - raft.grpc.admin.port = 38117 (custom)
2021-11-14 01:05:28,292 [Listener at 127.0.0.1/34021] INFO  grpc.GrpcConfigKeys (ConfUtils.java:logGet(44)) - raft.grpc.client.port = 38117 (custom)
2021-11-14 01:05:28,292 [Listener at 127.0.0.1/34021] INFO  grpc.GrpcConfigKeys (ConfUtils.java:logGet(44)) - raft.grpc.server.port = 38117 (custom)
2021-11-14 01:05:28,292 [Listener at 127.0.0.1/34021] INFO  server.GrpcService (ConfUtils.java:logGet(44)) - raft.grpc.message.size.max = 32MB (=33554432) (custom)
2021-11-14 01:05:28,292 [Listener at 127.0.0.1/34021] INFO  server.RaftServerConfigKeys (ConfUtils.java:logGet(44)) - raft.server.log.appender.buffer.byte-limit = 33554432 (custom)
2021-11-14 01:05:28,292 [Listener at 127.0.0.1/34021] INFO  server.GrpcService (ConfUtils.java:logGet(44)) - raft.grpc.flow.control.window = 5MB (=5242880) (custom)
2021-11-14 01:05:28,292 [Listener at 127.0.0.1/34021] INFO  server.RaftServerConfigKeys (ConfUtils.java:logGet(44)) - raft.server.rpc.request.timeout = 3000ms (default)
2021-11-14 01:05:28,294 [Listener at 127.0.0.1/34021] INFO  impl.DataStreamServerImpl (ConfUtils.java:logGet(44)) - raft.datastream.type = DISABLED (default)
2021-11-14 01:05:28,294 [Listener at 127.0.0.1/34021] INFO  server.RaftServerConfigKeys (ConfUtils.java:logGet(44)) - raft.server.rpc.slowness.timeout = 300000ms (custom)
2021-11-14 01:05:28,294 [Listener at 127.0.0.1/34021] INFO  server.RaftServerConfigKeys (ConfUtils.java:logGet(44)) - raft.server.leaderelection.leader.step-down.wait-time = 10s (default)
2021-11-14 01:05:28,294 [Listener at 127.0.0.1/34021] INFO  server.RaftServerConfigKeys (ConfUtils.java:logGet(44)) - raft.server.storage.dir = [/home/runner/work/ozone/ozone/hadoop-ozone/integration-test/target/test-dir/MiniOzoneClusterImpl-5b6cbd2a-2976-43bc-8d1c-e3ca86cddeeb/datanode-2/data/ratis] (custom)
2021-11-14 01:05:28,294 [Listener at 127.0.0.1/34021] INFO  server.RaftServer (RaftServerProxy.java:lambda$null$1(235)) - 42593a4f-89d4-4363-aad7-ee84fdc40b17: found a subdirectory /home/runner/work/ozone/ozone/hadoop-ozone/integration-test/target/test-dir/MiniOzoneClusterImpl-5b6cbd2a-2976-43bc-8d1c-e3ca86cddeeb/datanode-2/data/ratis/075e133d-6554-4497-a8b7-728cc57844c0
2021-11-14 01:05:28,308 [Listener at 127.0.0.1/34021] INFO  server.RaftServer (RaftServerProxy.java:addNew(95)) - 42593a4f-89d4-4363-aad7-ee84fdc40b17: addNew group-728CC57844C0:[] returns group-728CC57844C0:java.util.concurrent.CompletableFuture@4ac8c3b9[Not completed]
2021-11-14 01:05:28,309 [Listener at 127.0.0.1/34021] INFO  server.RaftServer (RaftServerProxy.java:lambda$null$1(235)) - 42593a4f-89d4-4363-aad7-ee84fdc40b17: found a subdirectory /home/runner/work/ozone/ozone/hadoop-ozone/integration-test/target/test-dir/MiniOzoneClusterImpl-5b6cbd2a-2976-43bc-8d1c-e3ca86cddeeb/datanode-2/data/ratis/10d69cc4-77f6-403d-bda5-21d2ae8b93c5
2021-11-14 01:05:28,309 [Listener at 127.0.0.1/34021] INFO  server.RaftServer (RaftServerProxy.java:addNew(95)) - 42593a4f-89d4-4363-aad7-ee84fdc40b17: addNew group-21D2AE8B93C5:[] returns group-21D2AE8B93C5:java.util.concurrent.CompletableFuture@385c74b9[Not completed]
2021-11-14 01:05:28,309 [Listener at 127.0.0.1/34021] INFO  server.RaftServer (RaftServerProxy.java:lambda$null$1(235)) - 42593a4f-89d4-4363-aad7-ee84fdc40b17: found a subdirectory /home/runner/work/ozone/ozone/hadoop-ozone/integration-test/target/test-dir/MiniOzoneClusterImpl-5b6cbd2a-2976-43bc-8d1c-e3ca86cddeeb/datanode-2/data/ratis/9877ffae-06a8-41cd-9b6b-5453db22f216
2021-11-14 01:05:28,309 [Listener at 127.0.0.1/34021] INFO  server.RaftServer (RaftServerProxy.java:addNew(95)) - 42593a4f-89d4-4363-aad7-ee84fdc40b17: addNew group-5453DB22F216:[] returns group-5453DB22F216:java.util.concurrent.CompletableFuture@dfb2f5f[Not completed]
2021-11-14 01:05:28,309 [Listener at 127.0.0.1/34021] INFO  server.RaftServer (RaftServerProxy.java:lambda$null$1(235)) - 42593a4f-89d4-4363-aad7-ee84fdc40b17: found a subdirectory /home/runner/work/ozone/ozone/hadoop-ozone/integration-test/target/test-dir/MiniOzoneClusterImpl-5b6cbd2a-2976-43bc-8d1c-e3ca86cddeeb/datanode-2/data/ratis/022119a0-66e2-4555-98aa-58fa2c6bba1c
2021-11-14 01:05:28,309 [Listener at 127.0.0.1/34021] INFO  server.RaftServer (RaftServerProxy.java:addNew(95)) - 42593a4f-89d4-4363-aad7-ee84fdc40b17: addNew group-58FA2C6BBA1C:[] returns group-58FA2C6BBA1C:java.util.concurrent.CompletableFuture@69a8ab06[Not completed]
2021-11-14 01:05:28,315 [pool-693-thread-1] INFO  server.RaftServer$Division (RaftServerImpl.java:<init>(184)) - 42593a4f-89d4-4363-aad7-ee84fdc40b17: new RaftServerImpl for group-728CC57844C0:[] with ContainerStateMachine:uninitialized
2021-11-14 01:05:28,335 [pool-693-thread-1] INFO  server.RaftServerConfigKeys (ConfUtils.java:logGet(44)) - raft.server.rpc.timeout.min = 5s (custom)
2021-11-14 01:05:28,335 [pool-693-thread-1] INFO  server.RaftServerConfigKeys (ConfUtils.java:logGet(44)) - raft.server.rpc.timeout.max = 5200ms (custom)
2021-11-14 01:05:28,335 [pool-693-thread-1] INFO  server.RaftServerConfigKeys (ConfUtils.java:logGet(44)) - raft.server.rpc.sleep.time = 25ms (default)
2021-11-14 01:05:28,335 [pool-693-thread-1] INFO  server.RaftServerConfigKeys (ConfUtils.java:logGet(44)) - raft.server.rpc.slowness.timeout = 300000ms (custom)
2021-11-14 01:05:28,335 [pool-693-thread-1] INFO  server.RaftServerConfigKeys (ConfUtils.java:logGet(44)) - raft.server.leaderelection.leader.step-down.wait-time = 10s (default)
2021-11-14 01:05:28,335 [pool-693-thread-1] INFO  server.RaftServerConfigKeys (ConfUtils.java:logGet(44)) - raft.server.sleep.deviation.threshold = 300ms (default)
2021-11-14 01:05:28,335 [pool-693-thread-1] INFO  server.RaftServerConfigKeys (ConfUtils.java:logGet(44)) - raft.server.log.appender.install.snapshot.enabled = false (custom)
2021-11-14 01:05:28,336 [pool-693-thread-1] INFO  server.RaftServer$Division (ServerState.java:<init>(105)) - 42593a4f-89d4-4363-aad7-ee84fdc40b17@group-728CC57844C0: ConfigurationManager, init=-1: [], old=null, confs=<EMPTY_MAP>
2021-11-14 01:05:28,336 [pool-693-thread-1] INFO  server.RaftServerConfigKeys (ConfUtils.java:logGet(44)) - raft.server.storage.dir = [/home/runner/work/ozone/ozone/hadoop-ozone/integration-test/target/test-dir/MiniOzoneClusterImpl-5b6cbd2a-2976-43bc-8d1c-e3ca86cddeeb/datanode-2/data/ratis] (custom)
2021-11-14 01:05:28,336 [pool-693-thread-1] INFO  server.RaftServerConfigKeys (ConfUtils.java:logGet(44)) - raft.server.log.corruption.policy = EXCEPTION (default)
2021-11-14 01:05:28,336 [pool-693-thread-1] INFO  server.RaftServerConfigKeys (ConfUtils.java:logGet(44)) - raft.server.storage.free-space.min = 0MB (=0) (default)
2021-11-14 01:05:28,352 [pool-693-thread-1] INFO  storage.RaftStorageDirectory (RaftStorageDirectoryImpl.java:tryLock(230)) - Lock on /home/runner/work/ozone/ozone/hadoop-ozone/integration-test/target/test-dir/MiniOzoneClusterImpl-5b6cbd2a-2976-43bc-8d1c-e3ca86cddeeb/datanode-2/data/ratis/075e133d-6554-4497-a8b7-728cc57844c0/in_use.lock acquired by nodename 9791@fv-az395-453
2021-11-14 01:05:28,353 [pool-693-thread-1] INFO  storage.RaftStorage (RaftStorageImpl.java:analyzeAndRecoverStorage(110)) - Read RaftStorageMetadata{term=2, votedFor=a5432c49-5461-405d-b7d7-37e5c225d9bf} from /home/runner/work/ozone/ozone/hadoop-ozone/integration-test/target/test-dir/MiniOzoneClusterImpl-5b6cbd2a-2976-43bc-8d1c-e3ca86cddeeb/datanode-2/data/ratis/075e133d-6554-4497-a8b7-728cc57844c0/current/raft-meta
2021-11-14 01:05:28,355 [Listener at 127.0.0.1/34021] INFO  http.BaseHttpServer (BaseHttpServer.java:newHttpServer2BuilderForOzone(209)) - Starting Web-server for hddsDatanode at: http://0.0.0.0:46809
2021-11-14 01:05:28,355 [Listener at 127.0.0.1/34021] INFO  http.BaseHttpServer (BaseHttpServer.java:<init>(107)) - Hadoop Security Enabled: false Ozone Security Enabled: false Ozone HTTP Security Enabled: false 
2021-11-14 01:05:28,356 [Listener at 127.0.0.1/34021] INFO  server.AuthenticationFilter (AuthenticationFilter.java:constructSecretProvider(240)) - Unable to initialize FileSignerSecretProvider, falling back to use random secrets.
2021-11-14 01:05:28,365 [Listener at 127.0.0.1/34021] WARN  http.HttpRequestLog (HttpRequestLog.java:getRequestLog(103)) - Jetty request log can only be enabled using Log4j
2021-11-14 01:05:28,366 [Listener at 127.0.0.1/34021] INFO  http.HttpServer2 (HttpServer2.java:addGlobalFilter(1030)) - Added global filter 'safety' (class=org.apache.hadoop.hdds.server.http.HttpServer2$QuotingInputFilter)
2021-11-14 01:05:28,366 [Listener at 127.0.0.1/34021] INFO  http.HttpServer2 (HttpServer2.java:addFilter(1006)) - Added filter static_user_filter (class=org.apache.hadoop.http.lib.StaticUserWebFilter$StaticUserFilter) to context hddsDatanode
2021-11-14 01:05:28,366 [Listener at 127.0.0.1/34021] INFO  http.HttpServer2 (HttpServer2.java:addFilter(1014)) - Added filter static_user_filter (class=org.apache.hadoop.http.lib.StaticUserWebFilter$StaticUserFilter) to context static
2021-11-14 01:05:28,366 [Listener at 127.0.0.1/34021] INFO  http.HttpServer2 (HttpServer2.java:addFilter(1014)) - Added filter static_user_filter (class=org.apache.hadoop.http.lib.StaticUserWebFilter$StaticUserFilter) to context logs
2021-11-14 01:05:28,367 [Listener at 127.0.0.1/34021] INFO  http.HttpServer2 (HttpServer2.java:bindListener(1249)) - Jetty bound to port 46809
2021-11-14 01:05:28,367 [Listener at 127.0.0.1/34021] INFO  server.Server (Server.java:doStart(375)) - jetty-9.4.43.v20210629; built: 2021-06-30T11:07:22.254Z; git: 526006ecfa3af7f1a27ef3a288e2bef7ea9dd7e8; jvm 1.8.0_292-b10
2021-11-14 01:05:28,369 [Listener at 127.0.0.1/34021] INFO  server.session (DefaultSessionIdManager.java:doStart(334)) - DefaultSessionIdManager workerName=node0
2021-11-14 01:05:28,369 [Listener at 127.0.0.1/34021] INFO  server.session (DefaultSessionIdManager.java:doStart(339)) - No SessionScavenger set, using defaults
2021-11-14 01:05:28,369 [Listener at 127.0.0.1/34021] INFO  server.session (HouseKeeper.java:startScavenging(132)) - node0 Scavenging every 600000ms
2021-11-14 01:05:28,388 [Listener at 127.0.0.1/34021] INFO  handler.ContextHandler (ContextHandler.java:doStart(915)) - Started o.e.j.s.ServletContextHandler@f7cf544{logs,/logs,file:///home/runner/work/ozone/ozone/hadoop-ozone/integration-test/target/log,AVAILABLE}
2021-11-14 01:05:28,389 [Listener at 127.0.0.1/34021] INFO  handler.ContextHandler (ContextHandler.java:doStart(915)) - Started o.e.j.s.ServletContextHandler@40d99abc{static,/static,jar:file:/home/runner/.m2/repository/org/apache/ozone/hdds-container-service/1.2.0-SNAPSHOT/hdds-container-service-1.2.0-SNAPSHOT.jar!/webapps/static,AVAILABLE}
2021-11-14 01:05:28,434 [pool-693-thread-1] INFO  ratis.ContainerStateMachine (ContainerStateMachine.java:loadSnapshot(233)) - group-728CC57844C0: Setting the last applied index to (t:2, i:0)
2021-11-14 01:05:28,435 [pool-693-thread-1] INFO  server.RaftServer$Division (ServerState.java:setRaftConf(387)) - 42593a4f-89d4-4363-aad7-ee84fdc40b17@group-728CC57844C0: set configuration 0: [a5432c49-5461-405d-b7d7-37e5c225d9bf|rpc:10.1.0.47:33007|dataStream:|priority:1, 32069a0d-f39a-42d5-b706-96b3f478e9d8|rpc:10.1.0.47:43355|dataStream:|priority:0, 42593a4f-89d4-4363-aad7-ee84fdc40b17|rpc:10.1.0.47:38117|dataStream:|priority:0], old=null
2021-11-14 01:05:28,435 [pool-693-thread-1] INFO  server.RaftServerConfigKeys (ConfUtils.java:logGet(44)) - raft.server.notification.no-leader.timeout = 300000ms (custom)
2021-11-14 01:05:28,435 [pool-693-thread-1] INFO  server.RaftServerConfigKeys (ConfUtils.java:logGet(44)) - raft.server.log.use.memory = false (default)
2021-11-14 01:05:28,435 [pool-693-thread-1] INFO  server.RaftServerConfigKeys (ConfUtils.java:logGet(44)) - raft.server.log.purge.gap = 1000000 (custom)
2021-11-14 01:05:28,435 [pool-693-thread-1] INFO  server.RaftServerConfigKeys (ConfUtils.java:logGet(44)) - raft.server.log.appender.buffer.byte-limit = 33554432 (custom)
2021-11-14 01:05:28,435 [pool-693-thread-1] INFO  server.RaftServerConfigKeys (ConfUtils.java:logGet(44)) - raft.server.log.segment.size.max = 1048576 (custom)
2021-11-14 01:05:28,436 [pool-693-thread-1] INFO  server.RaftServerConfigKeys (ConfUtils.java:logGet(44)) - raft.server.log.segment.cache.num.max = 2 (custom)
2021-11-14 01:05:28,436 [pool-693-thread-1] INFO  server.RaftServerConfigKeys (ConfUtils.java:logGet(44)) - raft.server.log.segment.cache.size.max = 200MB (=209715200) (default)
2021-11-14 01:05:28,436 [pool-693-thread-1] INFO  segmented.SegmentedRaftLogWorker (SegmentedRaftLogWorker.java:<init>(182)) - new 42593a4f-89d4-4363-aad7-ee84fdc40b17@group-728CC57844C0-SegmentedRaftLogWorker for RaftStorageImpl:Storage Directory /home/runner/work/ozone/ozone/hadoop-ozone/integration-test/target/test-dir/MiniOzoneClusterImpl-5b6cbd2a-2976-43bc-8d1c-e3ca86cddeeb/datanode-2/data/ratis/075e133d-6554-4497-a8b7-728cc57844c0
2021-11-14 01:05:28,436 [pool-693-thread-1] INFO  server.RaftServerConfigKeys (ConfUtils.java:logGet(44)) - raft.server.log.queue.byte-limit = 2147483647 (custom)
2021-11-14 01:05:28,436 [pool-693-thread-1] INFO  server.RaftServerConfigKeys (ConfUtils.java:logGet(44)) - raft.server.log.queue.element-limit = 1024 (custom)
2021-11-14 01:05:28,436 [pool-693-thread-1] INFO  server.RaftServerConfigKeys (ConfUtils.java:logGet(44)) - raft.server.log.segment.size.max = 1048576 (custom)
2021-11-14 01:05:28,436 [pool-693-thread-1] INFO  server.RaftServerConfigKeys (ConfUtils.java:logGet(44)) - raft.server.log.preallocated.size = 16384 (custom)
2021-11-14 01:05:28,436 [pool-693-thread-1] INFO  server.RaftServerConfigKeys (ConfUtils.java:logGet(44)) - raft.server.log.force.sync.num = 128 (default)
2021-11-14 01:05:28,436 [pool-693-thread-1] INFO  server.RaftServerConfigKeys (ConfUtils.java:logGet(44)) - raft.server.log.statemachine.data.sync = true (default)
2021-11-14 01:05:28,436 [pool-693-thread-1] INFO  server.RaftServerConfigKeys (ConfUtils.java:logGet(44)) - raft.server.log.statemachine.data.sync.timeout = 10s (default)
2021-11-14 01:05:28,436 [pool-693-thread-1] INFO  server.RaftServerConfigKeys (ConfUtils.java:logGet(44)) - raft.server.log.statemachine.data.sync.timeout.retry = -1 (default)
2021-11-14 01:05:28,437 [pool-693-thread-1] INFO  server.RaftServerConfigKeys (ConfUtils.java:logGet(44)) - raft.server.log.write.buffer.size = 1048576 (custom)
2021-11-14 01:05:28,441 [pool-693-thread-1] INFO  server.RaftServerConfigKeys (ConfUtils.java:logGet(44)) - raft.server.log.statemachine.data.caching.enabled = true (custom)
2021-11-14 01:05:28,442 [pool-693-thread-1] INFO  server.RaftServer$Division (ServerState.java:setRaftConf(387)) - 42593a4f-89d4-4363-aad7-ee84fdc40b17@group-728CC57844C0: set configuration 0: [a5432c49-5461-405d-b7d7-37e5c225d9bf|rpc:10.1.0.47:33007|dataStream:|priority:1, 32069a0d-f39a-42d5-b706-96b3f478e9d8|rpc:10.1.0.47:43355|dataStream:|priority:0, 42593a4f-89d4-4363-aad7-ee84fdc40b17|rpc:10.1.0.47:38117|dataStream:|priority:0], old=null
2021-11-14 01:05:28,442 [pool-693-thread-1] INFO  segmented.LogSegment (LogSegment.java:loadSegment(173)) - Successfully read 1 entries from segment file /home/runner/work/ozone/ozone/hadoop-ozone/integration-test/target/test-dir/MiniOzoneClusterImpl-5b6cbd2a-2976-43bc-8d1c-e3ca86cddeeb/datanode-2/data/ratis/075e133d-6554-4497-a8b7-728cc57844c0/current/log_inprogress_0
2021-11-14 01:05:28,442 [pool-693-thread-1] INFO  segmented.SegmentedRaftLogWorker (SegmentedRaftLogWorker.java:lambda$new$0(133)) - 42593a4f-89d4-4363-aad7-ee84fdc40b17@group-728CC57844C0-SegmentedRaftLogWorker: flushIndex: setUnconditionally 0 -> 0
2021-11-14 01:05:28,442 [pool-693-thread-1] INFO  segmented.SegmentedRaftLogWorker (SegmentedRaftLogWorker.java:lambda$new$0(133)) - 42593a4f-89d4-4363-aad7-ee84fdc40b17@group-728CC57844C0-SegmentedRaftLogWorker: safeCacheEvictIndex: setUnconditionally 0 -> -1
2021-11-14 01:05:28,448 [pool-693-thread-1] INFO  server.RaftServerConfigKeys (ConfUtils.java:logGet(44)) - raft.server.snapshot.auto.trigger.enabled = true (custom)
2021-11-14 01:05:28,448 [pool-693-thread-1] INFO  server.RaftServerConfigKeys (ConfUtils.java:logGet(44)) - raft.server.snapshot.auto.trigger.threshold = 10000 (custom)
2021-11-14 01:05:28,448 [pool-693-thread-1] INFO  server.RaftServerConfigKeys (ConfUtils.java:logGet(44)) - raft.server.snapshot.retention.file.num = 5 (custom)
2021-11-14 01:05:28,448 [pool-693-thread-1] INFO  server.RaftServerConfigKeys (ConfUtils.java:logGet(44)) - raft.server.log.purge.upto.snapshot.index = false (default)
2021-11-14 01:05:28,448 [pool-693-thread-1] INFO  server.RaftServerConfigKeys (ConfUtils.java:logGet(44)) - raft.server.retrycache.expirytime = 600000ms (custom)
2021-11-14 01:05:28,448 [pool-693-thread-1] INFO  server.RaftServerConfigKeys (ConfUtils.java:logGet(44)) - raft.server.retrycache.statistics.expirytime = 100μs (default)
2021-11-14 01:05:28,451 [pool-693-thread-1] INFO  server.RaftServer$Division (RaftServerImpl.java:<init>(184)) - 42593a4f-89d4-4363-aad7-ee84fdc40b17: new RaftServerImpl for group-21D2AE8B93C5:[] with ContainerStateMachine:uninitialized
2021-11-14 01:05:28,455 [pool-693-thread-1] INFO  server.RaftServerConfigKeys (ConfUtils.java:logGet(44)) - raft.server.rpc.timeout.min = 5s (custom)
2021-11-14 01:05:28,455 [pool-693-thread-1] INFO  server.RaftServerConfigKeys (ConfUtils.java:logGet(44)) - raft.server.rpc.timeout.max = 5200ms (custom)
2021-11-14 01:05:28,455 [pool-693-thread-1] INFO  server.RaftServerConfigKeys (ConfUtils.java:logGet(44)) - raft.server.rpc.sleep.time = 25ms (default)
2021-11-14 01:05:28,455 [pool-693-thread-1] INFO  server.RaftServerConfigKeys (ConfUtils.java:logGet(44)) - raft.server.rpc.slowness.timeout = 300000ms (custom)
2021-11-14 01:05:28,455 [pool-693-thread-1] INFO  server.RaftServerConfigKeys (ConfUtils.java:logGet(44)) - raft.server.leaderelection.leader.step-down.wait-time = 10s (default)
2021-11-14 01:05:28,455 [pool-693-thread-1] INFO  server.RaftServerConfigKeys (ConfUtils.java:logGet(44)) - raft.server.sleep.deviation.threshold = 300ms (default)
2021-11-14 01:05:28,455 [pool-693-thread-1] INFO  server.RaftServerConfigKeys (ConfUtils.java:logGet(44)) - raft.server.log.appender.install.snapshot.enabled = false (custom)
2021-11-14 01:05:28,455 [pool-693-thread-1] INFO  server.RaftServer$Division (ServerState.java:<init>(105)) - 42593a4f-89d4-4363-aad7-ee84fdc40b17@group-21D2AE8B93C5: ConfigurationManager, init=-1: [], old=null, confs=<EMPTY_MAP>
2021-11-14 01:05:28,455 [pool-693-thread-1] INFO  server.RaftServerConfigKeys (ConfUtils.java:logGet(44)) - raft.server.storage.dir = [/home/runner/work/ozone/ozone/hadoop-ozone/integration-test/target/test-dir/MiniOzoneClusterImpl-5b6cbd2a-2976-43bc-8d1c-e3ca86cddeeb/datanode-2/data/ratis] (custom)
2021-11-14 01:05:28,456 [pool-693-thread-1] INFO  server.RaftServerConfigKeys (ConfUtils.java:logGet(44)) - raft.server.log.corruption.policy = EXCEPTION (default)
2021-11-14 01:05:28,456 [pool-693-thread-1] INFO  server.RaftServerConfigKeys (ConfUtils.java:logGet(44)) - raft.server.storage.free-space.min = 0MB (=0) (default)
2021-11-14 01:05:28,461 [pool-693-thread-1] INFO  storage.RaftStorageDirectory (RaftStorageDirectoryImpl.java:tryLock(230)) - Lock on /home/runner/work/ozone/ozone/hadoop-ozone/integration-test/target/test-dir/MiniOzoneClusterImpl-5b6cbd2a-2976-43bc-8d1c-e3ca86cddeeb/datanode-2/data/ratis/10d69cc4-77f6-403d-bda5-21d2ae8b93c5/in_use.lock acquired by nodename 9791@fv-az395-453
2021-11-14 01:05:28,478 [pool-693-thread-1] INFO  storage.RaftStorage (RaftStorageImpl.java:analyzeAndRecoverStorage(110)) - Read RaftStorageMetadata{term=4, votedFor=} from /home/runner/work/ozone/ozone/hadoop-ozone/integration-test/target/test-dir/MiniOzoneClusterImpl-5b6cbd2a-2976-43bc-8d1c-e3ca86cddeeb/datanode-2/data/ratis/10d69cc4-77f6-403d-bda5-21d2ae8b93c5/current/raft-meta
2021-11-14 01:05:28,478 [pool-693-thread-1] INFO  ratis.ContainerStateMachine (ContainerStateMachine.java:loadSnapshot(224)) - group-21D2AE8B93C5: The snapshot info is null. Setting the last applied indexto:(t:0, i:~)
2021-11-14 01:05:28,478 [pool-693-thread-1] INFO  server.RaftServerConfigKeys (ConfUtils.java:logGet(44)) - raft.server.notification.no-leader.timeout = 300000ms (custom)
2021-11-14 01:05:28,478 [pool-693-thread-1] INFO  server.RaftServerConfigKeys (ConfUtils.java:logGet(44)) - raft.server.log.use.memory = false (default)
2021-11-14 01:05:28,478 [pool-693-thread-1] INFO  server.RaftServerConfigKeys (ConfUtils.java:logGet(44)) - raft.server.log.purge.gap = 1000000 (custom)
2021-11-14 01:05:28,479 [pool-693-thread-1] INFO  server.RaftServerConfigKeys (ConfUtils.java:logGet(44)) - raft.server.log.appender.buffer.byte-limit = 33554432 (custom)
2021-11-14 01:05:28,479 [pool-693-thread-1] INFO  server.RaftServerConfigKeys (ConfUtils.java:logGet(44)) - raft.server.log.segment.size.max = 1048576 (custom)
2021-11-14 01:05:28,480 [pool-693-thread-1] INFO  server.RaftServerConfigKeys (ConfUtils.java:logGet(44)) - raft.server.log.segment.cache.num.max = 2 (custom)
2021-11-14 01:05:28,480 [pool-693-thread-1] INFO  server.RaftServerConfigKeys (ConfUtils.java:logGet(44)) - raft.server.log.segment.cache.size.max = 200MB (=209715200) (default)
2021-11-14 01:05:28,480 [pool-693-thread-1] INFO  segmented.SegmentedRaftLogWorker (SegmentedRaftLogWorker.java:<init>(182)) - new 42593a4f-89d4-4363-aad7-ee84fdc40b17@group-21D2AE8B93C5-SegmentedRaftLogWorker for RaftStorageImpl:Storage Directory /home/runner/work/ozone/ozone/hadoop-ozone/integration-test/target/test-dir/MiniOzoneClusterImpl-5b6cbd2a-2976-43bc-8d1c-e3ca86cddeeb/datanode-2/data/ratis/10d69cc4-77f6-403d-bda5-21d2ae8b93c5
2021-11-14 01:05:28,480 [pool-693-thread-1] INFO  server.RaftServerConfigKeys (ConfUtils.java:logGet(44)) - raft.server.log.queue.byte-limit = 2147483647 (custom)
2021-11-14 01:05:28,480 [pool-693-thread-1] INFO  server.RaftServerConfigKeys (ConfUtils.java:logGet(44)) - raft.server.log.queue.element-limit = 1024 (custom)
2021-11-14 01:05:28,480 [pool-693-thread-1] INFO  server.RaftServerConfigKeys (ConfUtils.java:logGet(44)) - raft.server.log.segment.size.max = 1048576 (custom)
2021-11-14 01:05:28,480 [pool-693-thread-1] INFO  server.RaftServerConfigKeys (ConfUtils.java:logGet(44)) - raft.server.log.preallocated.size = 16384 (custom)
2021-11-14 01:05:28,480 [pool-693-thread-1] INFO  server.RaftServerConfigKeys (ConfUtils.java:logGet(44)) - raft.server.log.force.sync.num = 128 (default)
2021-11-14 01:05:28,480 [pool-693-thread-1] INFO  server.RaftServerConfigKeys (ConfUtils.java:logGet(44)) - raft.server.log.statemachine.data.sync = true (default)
2021-11-14 01:05:28,480 [pool-693-thread-1] INFO  server.RaftServerConfigKeys (ConfUtils.java:logGet(44)) - raft.server.log.statemachine.data.sync.timeout = 10s (default)
2021-11-14 01:05:28,480 [pool-693-thread-1] INFO  server.RaftServerConfigKeys (ConfUtils.java:logGet(44)) - raft.server.log.statemachine.data.sync.timeout.retry = -1 (default)
2021-11-14 01:05:28,482 [pool-693-thread-1] INFO  server.RaftServerConfigKeys (ConfUtils.java:logGet(44)) - raft.server.log.write.buffer.size = 1048576 (custom)
2021-11-14 01:05:28,483 [pool-693-thread-1] INFO  server.RaftServerConfigKeys (ConfUtils.java:logGet(44)) - raft.server.log.statemachine.data.caching.enabled = true (custom)
2021-11-14 01:05:28,485 [pool-693-thread-1] INFO  segmented.SegmentedRaftLogWorker (SegmentedRaftLogWorker.java:lambda$new$0(133)) - 42593a4f-89d4-4363-aad7-ee84fdc40b17@group-21D2AE8B93C5-SegmentedRaftLogWorker: flushIndex: setUnconditionally 0 -> -1
2021-11-14 01:05:28,485 [pool-693-thread-1] INFO  segmented.SegmentedRaftLogWorker (SegmentedRaftLogWorker.java:lambda$new$0(133)) - 42593a4f-89d4-4363-aad7-ee84fdc40b17@group-21D2AE8B93C5-SegmentedRaftLogWorker: safeCacheEvictIndex: setUnconditionally 0 -> -1
2021-11-14 01:05:28,491 [pool-693-thread-1] INFO  server.RaftServerConfigKeys (ConfUtils.java:logGet(44)) - raft.server.snapshot.auto.trigger.enabled = true (custom)
2021-11-14 01:05:28,491 [pool-693-thread-1] INFO  server.RaftServerConfigKeys (ConfUtils.java:logGet(44)) - raft.server.snapshot.auto.trigger.threshold = 10000 (custom)
2021-11-14 01:05:28,492 [pool-693-thread-1] INFO  server.RaftServerConfigKeys (ConfUtils.java:logGet(44)) - raft.server.snapshot.retention.file.num = 5 (custom)
2021-11-14 01:05:28,492 [pool-693-thread-1] INFO  server.RaftServerConfigKeys (ConfUtils.java:logGet(44)) - raft.server.log.purge.upto.snapshot.index = false (default)
2021-11-14 01:05:28,492 [pool-693-thread-1] INFO  server.RaftServerConfigKeys (ConfUtils.java:logGet(44)) - raft.server.retrycache.expirytime = 600000ms (custom)
2021-11-14 01:05:28,492 [pool-693-thread-1] INFO  server.RaftServerConfigKeys (ConfUtils.java:logGet(44)) - raft.server.retrycache.statistics.expirytime = 100μs (default)
2021-11-14 01:05:28,497 [pool-693-thread-1] INFO  server.RaftServer$Division (RaftServerImpl.java:<init>(184)) - 42593a4f-89d4-4363-aad7-ee84fdc40b17: new RaftServerImpl for group-5453DB22F216:[] with ContainerStateMachine:uninitialized
2021-11-14 01:05:28,497 [pool-693-thread-1] INFO  server.RaftServerConfigKeys (ConfUtils.java:logGet(44)) - raft.server.rpc.timeout.min = 5s (custom)
2021-11-14 01:05:28,500 [pool-693-thread-1] INFO  server.RaftServerConfigKeys (ConfUtils.java:logGet(44)) - raft.server.rpc.timeout.max = 5200ms (custom)
2021-11-14 01:05:28,500 [pool-693-thread-1] INFO  server.RaftServerConfigKeys (ConfUtils.java:logGet(44)) - raft.server.rpc.sleep.time = 25ms (default)
2021-11-14 01:05:28,500 [pool-693-thread-1] INFO  server.RaftServerConfigKeys (ConfUtils.java:logGet(44)) - raft.server.rpc.slowness.timeout = 300000ms (custom)
2021-11-14 01:05:28,500 [pool-693-thread-1] INFO  server.RaftServerConfigKeys (ConfUtils.java:logGet(44)) - raft.server.leaderelection.leader.step-down.wait-time = 10s (default)
2021-11-14 01:05:28,500 [pool-693-thread-1] INFO  server.RaftServerConfigKeys (ConfUtils.java:logGet(44)) - raft.server.sleep.deviation.threshold = 300ms (default)
2021-11-14 01:05:28,500 [pool-693-thread-1] INFO  server.RaftServerConfigKeys (ConfUtils.java:logGet(44)) - raft.server.log.appender.install.snapshot.enabled = false (custom)
2021-11-14 01:05:28,501 [pool-693-thread-1] INFO  server.RaftServer$Division (ServerState.java:<init>(105)) - 42593a4f-89d4-4363-aad7-ee84fdc40b17@group-5453DB22F216: ConfigurationManager, init=-1: [], old=null, confs=<EMPTY_MAP>
2021-11-14 01:05:28,501 [pool-693-thread-1] INFO  server.RaftServerConfigKeys (ConfUtils.java:logGet(44)) - raft.server.storage.dir = [/home/runner/work/ozone/ozone/hadoop-ozone/integration-test/target/test-dir/MiniOzoneClusterImpl-5b6cbd2a-2976-43bc-8d1c-e3ca86cddeeb/datanode-2/data/ratis] (custom)
2021-11-14 01:05:28,501 [pool-693-thread-1] INFO  server.RaftServerConfigKeys (ConfUtils.java:logGet(44)) - raft.server.log.corruption.policy = EXCEPTION (default)
2021-11-14 01:05:28,501 [pool-693-thread-1] INFO  server.RaftServerConfigKeys (ConfUtils.java:logGet(44)) - raft.server.storage.free-space.min = 0MB (=0) (default)
2021-11-14 01:05:28,505 [pool-693-thread-1] INFO  storage.RaftStorageDirectory (RaftStorageDirectoryImpl.java:tryLock(230)) - Lock on /home/runner/work/ozone/ozone/hadoop-ozone/integration-test/target/test-dir/MiniOzoneClusterImpl-5b6cbd2a-2976-43bc-8d1c-e3ca86cddeeb/datanode-2/data/ratis/9877ffae-06a8-41cd-9b6b-5453db22f216/in_use.lock acquired by nodename 9791@fv-az395-453
2021-11-14 01:05:28,505 [pool-693-thread-1] INFO  storage.RaftStorage (RaftStorageImpl.java:analyzeAndRecoverStorage(110)) - Read RaftStorageMetadata{term=1, votedFor=42593a4f-89d4-4363-aad7-ee84fdc40b17} from /home/runner/work/ozone/ozone/hadoop-ozone/integration-test/target/test-dir/MiniOzoneClusterImpl-5b6cbd2a-2976-43bc-8d1c-e3ca86cddeeb/datanode-2/data/ratis/9877ffae-06a8-41cd-9b6b-5453db22f216/current/raft-meta
2021-11-14 01:05:28,506 [pool-693-thread-1] INFO  ratis.ContainerStateMachine (ContainerStateMachine.java:loadSnapshot(233)) - group-5453DB22F216: Setting the last applied index to (t:1, i:11)
2021-11-14 01:05:28,506 [pool-693-thread-1] INFO  server.RaftServer$Division (ServerState.java:setRaftConf(387)) - 42593a4f-89d4-4363-aad7-ee84fdc40b17@group-5453DB22F216: set configuration 0: [42593a4f-89d4-4363-aad7-ee84fdc40b17|rpc:10.1.0.47:38117|dataStream:|priority:1], old=null
2021-11-14 01:05:28,506 [pool-693-thread-1] INFO  server.RaftServerConfigKeys (ConfUtils.java:logGet(44)) - raft.server.notification.no-leader.timeout = 300000ms (custom)
2021-11-14 01:05:28,506 [pool-693-thread-1] INFO  server.RaftServerConfigKeys (ConfUtils.java:logGet(44)) - raft.server.log.use.memory = false (default)
2021-11-14 01:05:28,506 [pool-693-thread-1] INFO  server.RaftServerConfigKeys (ConfUtils.java:logGet(44)) - raft.server.log.purge.gap = 1000000 (custom)
2021-11-14 01:05:28,506 [pool-693-thread-1] INFO  server.RaftServerConfigKeys (ConfUtils.java:logGet(44)) - raft.server.log.appender.buffer.byte-limit = 33554432 (custom)
2021-11-14 01:05:28,506 [pool-693-thread-1] INFO  server.RaftServerConfigKeys (ConfUtils.java:logGet(44)) - raft.server.log.segment.size.max = 1048576 (custom)
2021-11-14 01:05:28,507 [pool-693-thread-1] INFO  server.RaftServerConfigKeys (ConfUtils.java:logGet(44)) - raft.server.log.segment.cache.num.max = 2 (custom)
2021-11-14 01:05:28,507 [pool-693-thread-1] INFO  server.RaftServerConfigKeys (ConfUtils.java:logGet(44)) - raft.server.log.segment.cache.size.max = 200MB (=209715200) (default)
2021-11-14 01:05:28,507 [pool-693-thread-1] INFO  segmented.SegmentedRaftLogWorker (SegmentedRaftLogWorker.java:<init>(182)) - new 42593a4f-89d4-4363-aad7-ee84fdc40b17@group-5453DB22F216-SegmentedRaftLogWorker for RaftStorageImpl:Storage Directory /home/runner/work/ozone/ozone/hadoop-ozone/integration-test/target/test-dir/MiniOzoneClusterImpl-5b6cbd2a-2976-43bc-8d1c-e3ca86cddeeb/datanode-2/data/ratis/9877ffae-06a8-41cd-9b6b-5453db22f216
2021-11-14 01:05:28,507 [pool-693-thread-1] INFO  server.RaftServerConfigKeys (ConfUtils.java:logGet(44)) - raft.server.log.queue.byte-limit = 2147483647 (custom)
2021-11-14 01:05:28,507 [pool-693-thread-1] INFO  server.RaftServerConfigKeys (ConfUtils.java:logGet(44)) - raft.server.log.queue.element-limit = 1024 (custom)
2021-11-14 01:05:28,507 [pool-693-thread-1] INFO  server.RaftServerConfigKeys (ConfUtils.java:logGet(44)) - raft.server.log.segment.size.max = 1048576 (custom)
2021-11-14 01:05:28,507 [pool-693-thread-1] INFO  server.RaftServerConfigKeys (ConfUtils.java:logGet(44)) - raft.server.log.preallocated.size = 16384 (custom)
2021-11-14 01:05:28,507 [pool-693-thread-1] INFO  server.RaftServerConfigKeys (ConfUtils.java:logGet(44)) - raft.server.log.force.sync.num = 128 (default)
2021-11-14 01:05:28,507 [pool-693-thread-1] INFO  server.RaftServerConfigKeys (ConfUtils.java:logGet(44)) - raft.server.log.statemachine.data.sync = true (default)
2021-11-14 01:05:28,507 [pool-693-thread-1] INFO  server.RaftServerConfigKeys (ConfUtils.java:logGet(44)) - raft.server.log.statemachine.data.sync.timeout = 10s (default)
2021-11-14 01:05:28,507 [pool-693-thread-1] INFO  server.RaftServerConfigKeys (ConfUtils.java:logGet(44)) - raft.server.log.statemachine.data.sync.timeout.retry = -1 (default)
2021-11-14 01:05:28,509 [pool-693-thread-1] INFO  server.RaftServerConfigKeys (ConfUtils.java:logGet(44)) - raft.server.log.write.buffer.size = 1048576 (custom)
2021-11-14 01:05:28,512 [pool-693-thread-1] INFO  server.RaftServerConfigKeys (ConfUtils.java:logGet(44)) - raft.server.log.statemachine.data.caching.enabled = true (custom)
2021-11-14 01:05:28,521 [pool-693-thread-1] INFO  server.RaftServer$Division (ServerState.java:setRaftConf(387)) - 42593a4f-89d4-4363-aad7-ee84fdc40b17@group-5453DB22F216: set configuration 0: [42593a4f-89d4-4363-aad7-ee84fdc40b17|rpc:10.1.0.47:38117|dataStream:|priority:1], old=null
2021-11-14 01:05:28,522 [pool-693-thread-1] INFO  segmented.LogSegment (LogSegment.java:loadSegment(173)) - Successfully read 12 entries from segment file /home/runner/work/ozone/ozone/hadoop-ozone/integration-test/target/test-dir/MiniOzoneClusterImpl-5b6cbd2a-2976-43bc-8d1c-e3ca86cddeeb/datanode-2/data/ratis/9877ffae-06a8-41cd-9b6b-5453db22f216/current/log_inprogress_0
2021-11-14 01:05:28,522 [pool-693-thread-1] INFO  segmented.SegmentedRaftLogWorker (SegmentedRaftLogWorker.java:lambda$new$0(133)) - 42593a4f-89d4-4363-aad7-ee84fdc40b17@group-5453DB22F216-SegmentedRaftLogWorker: flushIndex: setUnconditionally 0 -> 11
2021-11-14 01:05:28,522 [pool-693-thread-1] INFO  segmented.SegmentedRaftLogWorker (SegmentedRaftLogWorker.java:lambda$new$0(133)) - 42593a4f-89d4-4363-aad7-ee84fdc40b17@group-5453DB22F216-SegmentedRaftLogWorker: safeCacheEvictIndex: setUnconditionally 0 -> -1
2021-11-14 01:05:28,555 [pool-693-thread-1] INFO  raftlog.RaftLog (RaftLogBase.java:lambda$new$0(53)) - 42593a4f-89d4-4363-aad7-ee84fdc40b17@group-5453DB22F216-SegmentedRaftLog: commitIndex: updateToMax old=11, new=10, updated? false
2021-11-14 01:05:28,555 [pool-693-thread-1] INFO  server.RaftServerConfigKeys (ConfUtils.java:logGet(44)) - raft.server.snapshot.auto.trigger.enabled = true (custom)
2021-11-14 01:05:28,555 [pool-693-thread-1] INFO  server.RaftServerConfigKeys (ConfUtils.java:logGet(44)) - raft.server.snapshot.auto.trigger.threshold = 10000 (custom)
2021-11-14 01:05:28,555 [pool-693-thread-1] INFO  server.RaftServerConfigKeys (ConfUtils.java:logGet(44)) - raft.server.snapshot.retention.file.num = 5 (custom)
2021-11-14 01:05:28,555 [pool-693-thread-1] INFO  server.RaftServerConfigKeys (ConfUtils.java:logGet(44)) - raft.server.log.purge.upto.snapshot.index = false (default)
2021-11-14 01:05:28,555 [pool-693-thread-1] INFO  server.RaftServerConfigKeys (ConfUtils.java:logGet(44)) - raft.server.retrycache.expirytime = 600000ms (custom)
2021-11-14 01:05:28,555 [pool-693-thread-1] INFO  server.RaftServerConfigKeys (ConfUtils.java:logGet(44)) - raft.server.retrycache.statistics.expirytime = 100μs (default)
2021-11-14 01:05:28,558 [pool-693-thread-1] INFO  server.RaftServer$Division (RaftServerImpl.java:<init>(184)) - 42593a4f-89d4-4363-aad7-ee84fdc40b17: new RaftServerImpl for group-58FA2C6BBA1C:[] with ContainerStateMachine:uninitialized
2021-11-14 01:05:28,558 [pool-693-thread-1] INFO  server.RaftServerConfigKeys (ConfUtils.java:logGet(44)) - raft.server.rpc.timeout.min = 5s (custom)
2021-11-14 01:05:28,558 [pool-693-thread-1] INFO  server.RaftServerConfigKeys (ConfUtils.java:logGet(44)) - raft.server.rpc.timeout.max = 5200ms (custom)
2021-11-14 01:05:28,558 [pool-693-thread-1] INFO  server.RaftServerConfigKeys (ConfUtils.java:logGet(44)) - raft.server.rpc.sleep.time = 25ms (default)
2021-11-14 01:05:28,558 [pool-693-thread-1] INFO  server.RaftServerConfigKeys (ConfUtils.java:logGet(44)) - raft.server.rpc.slowness.timeout = 300000ms (custom)
2021-11-14 01:05:28,558 [pool-693-thread-1] INFO  server.RaftServerConfigKeys (ConfUtils.java:logGet(44)) - raft.server.leaderelection.leader.step-down.wait-time = 10s (default)
2021-11-14 01:05:28,558 [pool-693-thread-1] INFO  server.RaftServerConfigKeys (ConfUtils.java:logGet(44)) - raft.server.sleep.deviation.threshold = 300ms (default)
2021-11-14 01:05:28,558 [pool-693-thread-1] INFO  server.RaftServerConfigKeys (ConfUtils.java:logGet(44)) - raft.server.log.appender.install.snapshot.enabled = false (custom)
2021-11-14 01:05:28,558 [pool-693-thread-1] INFO  server.RaftServer$Division (ServerState.java:<init>(105)) - 42593a4f-89d4-4363-aad7-ee84fdc40b17@group-58FA2C6BBA1C: ConfigurationManager, init=-1: [], old=null, confs=<EMPTY_MAP>
2021-11-14 01:05:28,558 [pool-693-thread-1] INFO  server.RaftServerConfigKeys (ConfUtils.java:logGet(44)) - raft.server.storage.dir = [/home/runner/work/ozone/ozone/hadoop-ozone/integration-test/target/test-dir/MiniOzoneClusterImpl-5b6cbd2a-2976-43bc-8d1c-e3ca86cddeeb/datanode-2/data/ratis] (custom)
2021-11-14 01:05:28,559 [pool-693-thread-1] INFO  server.RaftServerConfigKeys (ConfUtils.java:logGet(44)) - raft.server.log.corruption.policy = EXCEPTION (default)
2021-11-14 01:05:28,559 [pool-693-thread-1] INFO  server.RaftServerConfigKeys (ConfUtils.java:logGet(44)) - raft.server.storage.free-space.min = 0MB (=0) (default)
2021-11-14 01:05:28,578 [pool-693-thread-1] INFO  storage.RaftStorageDirectory (RaftStorageDirectoryImpl.java:tryLock(230)) - Lock on /home/runner/work/ozone/ozone/hadoop-ozone/integration-test/target/test-dir/MiniOzoneClusterImpl-5b6cbd2a-2976-43bc-8d1c-e3ca86cddeeb/datanode-2/data/ratis/022119a0-66e2-4555-98aa-58fa2c6bba1c/in_use.lock acquired by nodename 9791@fv-az395-453
2021-11-14 01:05:28,582 [pool-693-thread-1] INFO  storage.RaftStorage (RaftStorageImpl.java:analyzeAndRecoverStorage(110)) - Read RaftStorageMetadata{term=1, votedFor=32069a0d-f39a-42d5-b706-96b3f478e9d8} from /home/runner/work/ozone/ozone/hadoop-ozone/integration-test/target/test-dir/MiniOzoneClusterImpl-5b6cbd2a-2976-43bc-8d1c-e3ca86cddeeb/datanode-2/data/ratis/022119a0-66e2-4555-98aa-58fa2c6bba1c/current/raft-meta
2021-11-14 01:05:28,589 [pool-693-thread-1] INFO  ratis.ContainerStateMachine (ContainerStateMachine.java:loadSnapshot(233)) - group-58FA2C6BBA1C: Setting the last applied index to (t:1, i:0)
2021-11-14 01:05:28,589 [pool-693-thread-1] INFO  server.RaftServer$Division (ServerState.java:setRaftConf(387)) - 42593a4f-89d4-4363-aad7-ee84fdc40b17@group-58FA2C6BBA1C: set configuration 0: [a5432c49-5461-405d-b7d7-37e5c225d9bf|rpc:10.1.0.47:33007|dataStream:|priority:0, 32069a0d-f39a-42d5-b706-96b3f478e9d8|rpc:10.1.0.47:43355|dataStream:|priority:1, 42593a4f-89d4-4363-aad7-ee84fdc40b17|rpc:10.1.0.47:38117|dataStream:|priority:0], old=null
2021-11-14 01:05:28,590 [pool-693-thread-1] INFO  server.RaftServerConfigKeys (ConfUtils.java:logGet(44)) - raft.server.notification.no-leader.timeout = 300000ms (custom)
2021-11-14 01:05:28,590 [pool-693-thread-1] INFO  server.RaftServerConfigKeys (ConfUtils.java:logGet(44)) - raft.server.log.use.memory = false (default)
2021-11-14 01:05:28,590 [pool-693-thread-1] INFO  server.RaftServerConfigKeys (ConfUtils.java:logGet(44)) - raft.server.log.purge.gap = 1000000 (custom)
2021-11-14 01:05:28,590 [pool-693-thread-1] INFO  server.RaftServerConfigKeys (ConfUtils.java:logGet(44)) - raft.server.log.appender.buffer.byte-limit = 33554432 (custom)
2021-11-14 01:05:28,590 [pool-693-thread-1] INFO  server.RaftServerConfigKeys (ConfUtils.java:logGet(44)) - raft.server.log.segment.size.max = 1048576 (custom)
2021-11-14 01:05:28,593 [pool-693-thread-1] INFO  server.RaftServerConfigKeys (ConfUtils.java:logGet(44)) - raft.server.log.segment.cache.num.max = 2 (custom)
2021-11-14 01:05:28,594 [pool-693-thread-1] INFO  server.RaftServerConfigKeys (ConfUtils.java:logGet(44)) - raft.server.log.segment.cache.size.max = 200MB (=209715200) (default)
2021-11-14 01:05:28,594 [pool-693-thread-1] INFO  segmented.SegmentedRaftLogWorker (SegmentedRaftLogWorker.java:<init>(182)) - new 42593a4f-89d4-4363-aad7-ee84fdc40b17@group-58FA2C6BBA1C-SegmentedRaftLogWorker for RaftStorageImpl:Storage Directory /home/runner/work/ozone/ozone/hadoop-ozone/integration-test/target/test-dir/MiniOzoneClusterImpl-5b6cbd2a-2976-43bc-8d1c-e3ca86cddeeb/datanode-2/data/ratis/022119a0-66e2-4555-98aa-58fa2c6bba1c
2021-11-14 01:05:28,594 [pool-693-thread-1] INFO  server.RaftServerConfigKeys (ConfUtils.java:logGet(44)) - raft.server.log.queue.byte-limit = 2147483647 (custom)
2021-11-14 01:05:28,594 [pool-693-thread-1] INFO  server.RaftServerConfigKeys (ConfUtils.java:logGet(44)) - raft.server.log.queue.element-limit = 1024 (custom)
2021-11-14 01:05:28,594 [pool-693-thread-1] INFO  server.RaftServerConfigKeys (ConfUtils.java:logGet(44)) - raft.server.log.segment.size.max = 1048576 (custom)
2021-11-14 01:05:28,594 [pool-693-thread-1] INFO  server.RaftServerConfigKeys (ConfUtils.java:logGet(44)) - raft.server.log.preallocated.size = 16384 (custom)
2021-11-14 01:05:28,594 [pool-693-thread-1] INFO  server.RaftServerConfigKeys (ConfUtils.java:logGet(44)) - raft.server.log.force.sync.num = 128 (default)
2021-11-14 01:05:28,594 [pool-693-thread-1] INFO  server.RaftServerConfigKeys (ConfUtils.java:logGet(44)) - raft.server.log.statemachine.data.sync = true (default)
2021-11-14 01:05:28,594 [pool-693-thread-1] INFO  server.RaftServerConfigKeys (ConfUtils.java:logGet(44)) - raft.server.log.statemachine.data.sync.timeout = 10s (default)
2021-11-14 01:05:28,595 [pool-693-thread-1] INFO  server.RaftServerConfigKeys (ConfUtils.java:logGet(44)) - raft.server.log.statemachine.data.sync.timeout.retry = -1 (default)
2021-11-14 01:05:28,596 [pool-693-thread-1] INFO  server.RaftServerConfigKeys (ConfUtils.java:logGet(44)) - raft.server.log.write.buffer.size = 1048576 (custom)
2021-11-14 01:05:28,593 [Listener at 127.0.0.1/34021] INFO  handler.ContextHandler (ContextHandler.java:doStart(915)) - Started o.e.j.w.WebAppContext@36f19{hddsDatanode,/,file:///tmp/jetty-0_0_0_0-46809-hdds-container-service-1_2_0-SNAPSHOT_jar-_-any-5728155823340317953/webapp/,AVAILABLE}{jar:file:/home/runner/.m2/repository/org/apache/ozone/hdds-container-service/1.2.0-SNAPSHOT/hdds-container-service-1.2.0-SNAPSHOT.jar!/webapps/hddsDatanode}
2021-11-14 01:05:28,603 [Listener at 127.0.0.1/34021] INFO  server.AbstractConnector (AbstractConnector.java:doStart(331)) - Started ServerConnector@4ebb00ed{HTTP/1.1, (http/1.1)}{0.0.0.0:46809}
2021-11-14 01:05:28,603 [Listener at 127.0.0.1/34021] INFO  server.Server (Server.java:doStart(415)) - Started @246871ms
2021-11-14 01:05:28,603 [Listener at 127.0.0.1/34021] WARN  impl.MetricsSystemImpl (MetricsSystemImpl.java:register(279)) - Sink prometheus already exists!
2021-11-14 01:05:28,604 [pool-693-thread-1] INFO  server.RaftServerConfigKeys (ConfUtils.java:logGet(44)) - raft.server.log.statemachine.data.caching.enabled = true (custom)
2021-11-14 01:05:28,605 [Listener at 127.0.0.1/34021] INFO  http.BaseHttpServer (BaseHttpServer.java:updateConnectorAddress(329)) - HTTP server of hddsDatanode listening at http://0.0.0.0:46809
2021-11-14 01:05:28,606 [Listener at 127.0.0.1/34021] INFO  ozone.MiniOzoneClusterImpl (MiniOzoneClusterImpl.java:lambda$waitForClusterToBeReady$0(235)) - Waiting for nodes to be ready. Got 6 of 7 DN Heartbeats.
2021-11-14 01:05:28,606 [Listener at 127.0.0.1/34021] INFO  ozone.MiniOzoneClusterImpl (MiniOzoneClusterImpl.java:lambda$waitForClusterToBeReady$0(238)) - Cluster exits safe mode
2021-11-14 01:05:28,606 [Listener at 127.0.0.1/34021] INFO  ozone.MiniOzoneClusterImpl (MiniOzoneClusterImpl.java:lambda$waitForClusterToBeReady$0(240)) - SCM became leader
2021-11-14 01:05:28,610 [pool-693-thread-1] INFO  server.RaftServer$Division (ServerState.java:setRaftConf(387)) - 42593a4f-89d4-4363-aad7-ee84fdc40b17@group-58FA2C6BBA1C: set configuration 0: [a5432c49-5461-405d-b7d7-37e5c225d9bf|rpc:10.1.0.47:33007|dataStream:|priority:0, 32069a0d-f39a-42d5-b706-96b3f478e9d8|rpc:10.1.0.47:43355|dataStream:|priority:1, 42593a4f-89d4-4363-aad7-ee84fdc40b17|rpc:10.1.0.47:38117|dataStream:|priority:0], old=null
2021-11-14 01:05:28,611 [pool-693-thread-1] INFO  segmented.LogSegment (LogSegment.java:loadSegment(173)) - Successfully read 1 entries from segment file /home/runner/work/ozone/ozone/hadoop-ozone/integration-test/target/test-dir/MiniOzoneClusterImpl-5b6cbd2a-2976-43bc-8d1c-e3ca86cddeeb/datanode-2/data/ratis/022119a0-66e2-4555-98aa-58fa2c6bba1c/current/log_inprogress_0
2021-11-14 01:05:28,611 [pool-693-thread-1] INFO  segmented.SegmentedRaftLogWorker (SegmentedRaftLogWorker.java:lambda$new$0(133)) - 42593a4f-89d4-4363-aad7-ee84fdc40b17@group-58FA2C6BBA1C-SegmentedRaftLogWorker: flushIndex: setUnconditionally 0 -> 0
2021-11-14 01:05:28,611 [pool-693-thread-1] INFO  segmented.SegmentedRaftLogWorker (SegmentedRaftLogWorker.java:lambda$new$0(133)) - 42593a4f-89d4-4363-aad7-ee84fdc40b17@group-58FA2C6BBA1C-SegmentedRaftLogWorker: safeCacheEvictIndex: setUnconditionally 0 -> -1
2021-11-14 01:05:28,612 [pool-693-thread-1] INFO  server.RaftServerConfigKeys (ConfUtils.java:logGet(44)) - raft.server.snapshot.auto.trigger.enabled = true (custom)
2021-11-14 01:05:28,612 [pool-693-thread-1] INFO  server.RaftServerConfigKeys (ConfUtils.java:logGet(44)) - raft.server.snapshot.auto.trigger.threshold = 10000 (custom)
2021-11-14 01:05:28,612 [pool-693-thread-1] INFO  server.RaftServerConfigKeys (ConfUtils.java:logGet(44)) - raft.server.snapshot.retention.file.num = 5 (custom)
2021-11-14 01:05:28,612 [pool-693-thread-1] INFO  server.RaftServerConfigKeys (ConfUtils.java:logGet(44)) - raft.server.log.purge.upto.snapshot.index = false (default)
2021-11-14 01:05:28,612 [pool-693-thread-1] INFO  server.RaftServerConfigKeys (ConfUtils.java:logGet(44)) - raft.server.retrycache.expirytime = 600000ms (custom)
2021-11-14 01:05:28,612 [pool-693-thread-1] INFO  server.RaftServerConfigKeys (ConfUtils.java:logGet(44)) - raft.server.retrycache.statistics.expirytime = 100μs (default)
2021-11-14 01:05:28,624 [Datanode State Machine Daemon Thread] INFO  statemachine.DatanodeStateMachine (DatanodeStateMachine.java:lambda$startDaemon$0(467)) - Ozone container server started.
2021-11-14 01:05:28,641 [org.apache.hadoop.util.JvmPauseMonitor$Monitor@72aafc72] INFO  util.JvmPauseMonitor (JvmPauseMonitor.java:run(188)) - Starting JVM pause monitor
2021-11-14 01:05:29,606 [Listener at 127.0.0.1/34021] INFO  ozone.MiniOzoneClusterImpl (MiniOzoneClusterImpl.java:lambda$waitForClusterToBeReady$0(235)) - Waiting for nodes to be ready. Got 6 of 7 DN Heartbeats.
2021-11-14 01:05:29,606 [Listener at 127.0.0.1/34021] INFO  ozone.MiniOzoneClusterImpl (MiniOzoneClusterImpl.java:lambda$waitForClusterToBeReady$0(238)) - Cluster exits safe mode
2021-11-14 01:05:29,606 [Listener at 127.0.0.1/34021] INFO  ozone.MiniOzoneClusterImpl (MiniOzoneClusterImpl.java:lambda$waitForClusterToBeReady$0(240)) - SCM became leader
2021-11-14 01:05:30,607 [Listener at 127.0.0.1/34021] INFO  ozone.MiniOzoneClusterImpl (MiniOzoneClusterImpl.java:lambda$waitForClusterToBeReady$0(235)) - Waiting for nodes to be ready. Got 6 of 7 DN Heartbeats.
2021-11-14 01:05:30,607 [Listener at 127.0.0.1/34021] INFO  ozone.MiniOzoneClusterImpl (MiniOzoneClusterImpl.java:lambda$waitForClusterToBeReady$0(238)) - Cluster exits safe mode
2021-11-14 01:05:30,607 [Listener at 127.0.0.1/34021] INFO  ozone.MiniOzoneClusterImpl (MiniOzoneClusterImpl.java:lambda$waitForClusterToBeReady$0(240)) - SCM became leader
2021-11-14 01:05:30,650 [EndpointStateMachine task thread for /0.0.0.0:43729 - 0 ] INFO  ozoneimpl.OzoneContainer (OzoneContainer.java:start(304)) - Attempting to start container services.
2021-11-14 01:05:30,650 [EndpointStateMachine task thread for /0.0.0.0:43729 - 0 ] INFO  ozoneimpl.OzoneContainer (OzoneContainer.java:startContainerScrub(249)) - Background container scanner has been disabled.
2021-11-14 01:05:30,651 [EndpointStateMachine task thread for /0.0.0.0:43729 - 0 ] INFO  replication.ReplicationServer (ReplicationServer.java:start(107)) - ReplicationServer is started using port 42969
2021-11-14 01:05:30,651 [EndpointStateMachine task thread for /0.0.0.0:43729 - 0 ] INFO  ratis.XceiverServerRatis (XceiverServerRatis.java:start(484)) - Starting XceiverServerRatis 42593a4f-89d4-4363-aad7-ee84fdc40b17
2021-11-14 01:05:30,658 [EndpointStateMachine task thread for /0.0.0.0:43729 - 0 ] INFO  server.RaftServer$Division (RaftServerImpl.java:start(301)) - 42593a4f-89d4-4363-aad7-ee84fdc40b17@group-58FA2C6BBA1C: start as a follower, conf=0: [a5432c49-5461-405d-b7d7-37e5c225d9bf|rpc:10.1.0.47:33007|dataStream:|priority:0, 32069a0d-f39a-42d5-b706-96b3f478e9d8|rpc:10.1.0.47:43355|dataStream:|priority:1, 42593a4f-89d4-4363-aad7-ee84fdc40b17|rpc:10.1.0.47:38117|dataStream:|priority:0], old=null
2021-11-14 01:05:30,658 [EndpointStateMachine task thread for /0.0.0.0:43729 - 0 ] INFO  server.RaftServer$Division (RaftServerImpl.java:setRole(290)) - 42593a4f-89d4-4363-aad7-ee84fdc40b17@group-58FA2C6BBA1C: changes role from      null to FOLLOWER at term 1 for startAsFollower
2021-11-14 01:05:30,658 [EndpointStateMachine task thread for /0.0.0.0:43729 - 0 ] INFO  impl.RoleInfo (RoleInfo.java:updateAndGet(130)) - 42593a4f-89d4-4363-aad7-ee84fdc40b17: start 42593a4f-89d4-4363-aad7-ee84fdc40b17@group-58FA2C6BBA1C-FollowerState
2021-11-14 01:05:30,658 [ForkJoinPool.commonPool-worker-1] INFO  server.RaftServer$Division (RaftServerImpl.java:start(301)) - 42593a4f-89d4-4363-aad7-ee84fdc40b17@group-5453DB22F216: start as a follower, conf=0: [42593a4f-89d4-4363-aad7-ee84fdc40b17|rpc:10.1.0.47:38117|dataStream:|priority:1], old=null
2021-11-14 01:05:30,659 [ForkJoinPool.commonPool-worker-1] INFO  server.RaftServer$Division (RaftServerImpl.java:setRole(290)) - 42593a4f-89d4-4363-aad7-ee84fdc40b17@group-5453DB22F216: changes role from      null to FOLLOWER at term 1 for startAsFollower
2021-11-14 01:05:30,659 [EndpointStateMachine task thread for /0.0.0.0:43729 - 0 ] INFO  util.JmxRegister (JmxRegister.java:tryRegister(44)) - Successfully registered JMX Bean with object name Ratis:service=RaftServer,group=group-58FA2C6BBA1C,id=42593a4f-89d4-4363-aad7-ee84fdc40b17
2021-11-14 01:05:30,665 [EndpointStateMachine task thread for /0.0.0.0:43729 - 0 ] INFO  server.RaftServer$Division (RaftServerImpl.java:start(301)) - 42593a4f-89d4-4363-aad7-ee84fdc40b17@group-728CC57844C0: start as a follower, conf=0: [a5432c49-5461-405d-b7d7-37e5c225d9bf|rpc:10.1.0.47:33007|dataStream:|priority:1, 32069a0d-f39a-42d5-b706-96b3f478e9d8|rpc:10.1.0.47:43355|dataStream:|priority:0, 42593a4f-89d4-4363-aad7-ee84fdc40b17|rpc:10.1.0.47:38117|dataStream:|priority:0], old=null
2021-11-14 01:05:30,666 [EndpointStateMachine task thread for /0.0.0.0:43729 - 0 ] INFO  server.RaftServer$Division (RaftServerImpl.java:setRole(290)) - 42593a4f-89d4-4363-aad7-ee84fdc40b17@group-728CC57844C0: changes role from      null to FOLLOWER at term 2 for startAsFollower
2021-11-14 01:05:30,666 [EndpointStateMachine task thread for /0.0.0.0:43729 - 0 ] INFO  impl.RoleInfo (RoleInfo.java:updateAndGet(130)) - 42593a4f-89d4-4363-aad7-ee84fdc40b17: start 42593a4f-89d4-4363-aad7-ee84fdc40b17@group-728CC57844C0-FollowerState
2021-11-14 01:05:30,666 [EndpointStateMachine task thread for /0.0.0.0:43729 - 0 ] INFO  util.JmxRegister (JmxRegister.java:tryRegister(44)) - Successfully registered JMX Bean with object name Ratis:service=RaftServer,group=group-728CC57844C0,id=42593a4f-89d4-4363-aad7-ee84fdc40b17
2021-11-14 01:05:30,667 [EndpointStateMachine task thread for /0.0.0.0:43729 - 0 ] INFO  server.RaftServer$Division (RaftServerImpl.java:start(304)) - 42593a4f-89d4-4363-aad7-ee84fdc40b17@group-21D2AE8B93C5: start with initializing state, conf=-1: [], old=null
2021-11-14 01:05:30,667 [EndpointStateMachine task thread for /0.0.0.0:43729 - 0 ] INFO  server.RaftServer$Division (RaftServerImpl.java:setRole(290)) - 42593a4f-89d4-4363-aad7-ee84fdc40b17@group-21D2AE8B93C5: changes role from      null to FOLLOWER at term 4 for startInitializing
2021-11-14 01:05:30,668 [EndpointStateMachine task thread for /0.0.0.0:43729 - 0 ] INFO  util.JmxRegister (JmxRegister.java:tryRegister(44)) - Successfully registered JMX Bean with object name Ratis:service=RaftServer,group=group-21D2AE8B93C5,id=42593a4f-89d4-4363-aad7-ee84fdc40b17
2021-11-14 01:05:30,668 [ForkJoinPool.commonPool-worker-1] INFO  impl.RoleInfo (RoleInfo.java:updateAndGet(130)) - 42593a4f-89d4-4363-aad7-ee84fdc40b17: start 42593a4f-89d4-4363-aad7-ee84fdc40b17@group-5453DB22F216-FollowerState
2021-11-14 01:05:30,669 [ForkJoinPool.commonPool-worker-1] INFO  util.JmxRegister (JmxRegister.java:tryRegister(44)) - Successfully registered JMX Bean with object name Ratis:service=RaftServer,group=group-5453DB22F216,id=42593a4f-89d4-4363-aad7-ee84fdc40b17
2021-11-14 01:05:30,673 [EndpointStateMachine task thread for /0.0.0.0:43729 - 0 ] INFO  server.RaftServer (RaftServerProxy.java:lambda$start$5(374)) - 42593a4f-89d4-4363-aad7-ee84fdc40b17: start RPC server
2021-11-14 01:05:30,685 [EndpointStateMachine task thread for /0.0.0.0:43729 - 0 ] INFO  server.GrpcService (GrpcService.java:startImpl(253)) - 42593a4f-89d4-4363-aad7-ee84fdc40b17: GrpcService started, listening on 38117
2021-11-14 01:05:30,704 [EndpointStateMachine task thread for /0.0.0.0:43729 - 0 ] INFO  ratis.XceiverServerRatis (XceiverServerRatis.java:getRealPort(505)) - XceiverServerRatis 42593a4f-89d4-4363-aad7-ee84fdc40b17 is started using port 38117 for RATIS
2021-11-14 01:05:30,704 [EndpointStateMachine task thread for /0.0.0.0:43729 - 0 ] INFO  ratis.XceiverServerRatis (XceiverServerRatis.java:getRealPort(505)) - XceiverServerRatis 42593a4f-89d4-4363-aad7-ee84fdc40b17 is started using port 38117 for RATIS_ADMIN
2021-11-14 01:05:30,704 [EndpointStateMachine task thread for /0.0.0.0:43729 - 0 ] INFO  ratis.XceiverServerRatis (XceiverServerRatis.java:getRealPort(505)) - XceiverServerRatis 42593a4f-89d4-4363-aad7-ee84fdc40b17 is started using port 38117 for RATIS_SERVER
2021-11-14 01:05:30,704 [org.apache.ratis.util.JvmPauseMonitor$$Lambda$531/1045442098@7058e123] INFO  util.JvmPauseMonitor (JvmPauseMonitor.java:run(103)) - JvmPauseMonitor-42593a4f-89d4-4363-aad7-ee84fdc40b17: Started
2021-11-14 01:05:31,607 [Listener at 127.0.0.1/34021] INFO  ozone.MiniOzoneClusterImpl (MiniOzoneClusterImpl.java:lambda$waitForClusterToBeReady$0(235)) - Waiting for nodes to be ready. Got 6 of 7 DN Heartbeats.
2021-11-14 01:05:31,607 [Listener at 127.0.0.1/34021] INFO  ozone.MiniOzoneClusterImpl (MiniOzoneClusterImpl.java:lambda$waitForClusterToBeReady$0(238)) - Cluster exits safe mode
2021-11-14 01:05:31,608 [Listener at 127.0.0.1/34021] INFO  ozone.MiniOzoneClusterImpl (MiniOzoneClusterImpl.java:lambda$waitForClusterToBeReady$0(240)) - SCM became leader
2021-11-14 01:05:32,608 [Listener at 127.0.0.1/34021] INFO  ozone.MiniOzoneClusterImpl (MiniOzoneClusterImpl.java:lambda$waitForClusterToBeReady$0(235)) - Waiting for nodes to be ready. Got 6 of 7 DN Heartbeats.
2021-11-14 01:05:32,608 [Listener at 127.0.0.1/34021] INFO  ozone.MiniOzoneClusterImpl (MiniOzoneClusterImpl.java:lambda$waitForClusterToBeReady$0(238)) - Cluster exits safe mode
2021-11-14 01:05:32,608 [Listener at 127.0.0.1/34021] INFO  ozone.MiniOzoneClusterImpl (MiniOzoneClusterImpl.java:lambda$waitForClusterToBeReady$0(240)) - SCM became leader
2021-11-14 01:05:32,647 [EventQueue-PipelineReportForPipelineReportHandler] INFO  pipeline.PipelineReportHandler (PipelineReportHandler.java:processPipelineReport(113)) - Reported pipeline PipelineID=10d69cc4-77f6-403d-bda5-21d2ae8b93c5 is not found
2021-11-14 01:05:32,647 [EventQueue-PipelineReportForPipelineReportHandler] INFO  pipeline.PipelineReportHandler (PipelineReportHandler.java:processPipelineReport(113)) - Reported pipeline PipelineID=9877ffae-06a8-41cd-9b6b-5453db22f216 is not found
2021-11-14 01:05:32,648 [EventQueue-PipelineReportForPipelineReportHandler] INFO  pipeline.PipelineReportHandler (PipelineReportHandler.java:processPipelineReport(113)) - Reported pipeline PipelineID=022119a0-66e2-4555-98aa-58fa2c6bba1c is not found
2021-11-14 01:05:32,648 [EventQueue-PipelineReportForPipelineReportHandler] INFO  pipeline.PipelineReportHandler (PipelineReportHandler.java:processPipelineReport(113)) - Reported pipeline PipelineID=075e133d-6554-4497-a8b7-728cc57844c0 is not found
2021-11-14 01:05:33,608 [Listener at 127.0.0.1/34021] INFO  ozone.MiniOzoneClusterImpl (MiniOzoneClusterImpl.java:lambda$waitForClusterToBeReady$0(235)) - Waiting for nodes to be ready. Got 6 of 7 DN Heartbeats.
2021-11-14 01:05:33,608 [Listener at 127.0.0.1/34021] INFO  ozone.MiniOzoneClusterImpl (MiniOzoneClusterImpl.java:lambda$waitForClusterToBeReady$0(238)) - Cluster exits safe mode
2021-11-14 01:05:33,608 [Listener at 127.0.0.1/34021] INFO  ozone.MiniOzoneClusterImpl (MiniOzoneClusterImpl.java:lambda$waitForClusterToBeReady$0(240)) - SCM became leader
2021-11-14 01:05:34,610 [Listener at 127.0.0.1/34021] INFO  ozone.MiniOzoneClusterImpl (MiniOzoneClusterImpl.java:lambda$waitForClusterToBeReady$0(235)) - Waiting for nodes to be ready. Got 6 of 7 DN Heartbeats.
2021-11-14 01:05:34,610 [Listener at 127.0.0.1/34021] INFO  ozone.MiniOzoneClusterImpl (MiniOzoneClusterImpl.java:lambda$waitForClusterToBeReady$0(238)) - Cluster exits safe mode
2021-11-14 01:05:34,610 [Listener at 127.0.0.1/34021] INFO  ozone.MiniOzoneClusterImpl (MiniOzoneClusterImpl.java:lambda$waitForClusterToBeReady$0(240)) - SCM became leader
2021-11-14 01:05:34,710 [EventQueue-HealthyReadonlyNodeForHealthyReadOnlyNodeHandler] INFO  node.HealthyReadOnlyNodeHandler (HealthyReadOnlyNodeHandler.java:onMessage(58)) - Datanode 42593a4f-89d4-4363-aad7-ee84fdc40b17{ip: 10.1.0.47, host: fv-az395-453.zfmzfyrfkyou3ow0tsr0jxwq1e.bx.internal.cloudapp.net, ports: [REPLICATION=44265, RATIS=38117, RATIS_ADMIN=38117, RATIS_SERVER=38117, STANDALONE=45285], networkLocation: /default-rack, certSerialId: null, persistedOpState: IN_SERVICE, persistedOpStateExpiryEpochSec: 0} moved to HEALTHY READONLY state.
2021-11-14 01:05:34,711 [EventQueue-HealthyReadonlyNodeForHealthyReadOnlyNodeHandler] INFO  net.NetworkTopologyImpl (NetworkTopologyImpl.java:add(112)) - Added a new node: /default-rack/42593a4f-89d4-4363-aad7-ee84fdc40b17
2021-11-14 01:05:34,810 [EventQueue-HealthyReadonlyToHealthyNodeForReadOnlyHealthyToHealthyNodeHandler] INFO  node.ReadOnlyHealthyToHealthyNodeHandler (ReadOnlyHealthyToHealthyNodeHandler.java:onMessage(51)) - Datanode 42593a4f-89d4-4363-aad7-ee84fdc40b17{ip: 10.1.0.47, host: fv-az395-453.zfmzfyrfkyou3ow0tsr0jxwq1e.bx.internal.cloudapp.net, ports: [REPLICATION=44265, RATIS=38117, RATIS_ADMIN=38117, RATIS_SERVER=38117, STANDALONE=45285], networkLocation: /default-rack, certSerialId: null, persistedOpState: IN_SERVICE, persistedOpStateExpiryEpochSec: 0} moved to HEALTHY state.
2021-11-14 01:05:34,811 [EventQueue-HealthyReadonlyToHealthyNodeForReadOnlyHealthyToHealthyNodeHandler] INFO  pipeline.BackgroundPipelineCreator (BackgroundPipelineCreator.java:notifyEventTriggered(285)) - trigger a one-shot run on RatisPipelineUtilsThread.
2021-11-14 01:05:34,817 [RatisPipelineUtilsThread - 0] INFO  pipeline.RatisPipelineProvider (RatisPipelineProvider.java:lambda$create$0(183)) - Sending CreatePipelineCommand for pipeline:PipelineID=cc1dc006-f3c4-4fc8-af80-046f1a34b9c3 to datanode:42593a4f-89d4-4363-aad7-ee84fdc40b17
2021-11-14 01:05:34,817 [RatisPipelineUtilsThread - 0] INFO  pipeline.PipelineStateManagerImpl (PipelineStateManagerImpl.java:addPipeline(101)) - Created pipeline Pipeline[ Id: cc1dc006-f3c4-4fc8-af80-046f1a34b9c3, Nodes: 42593a4f-89d4-4363-aad7-ee84fdc40b17{ip: 10.1.0.47, host: fv-az395-453.zfmzfyrfkyou3ow0tsr0jxwq1e.bx.internal.cloudapp.net, ports: [REPLICATION=44265, RATIS=38117, RATIS_ADMIN=38117, RATIS_SERVER=38117, STANDALONE=45285], networkLocation: /default-rack, certSerialId: null, persistedOpState: IN_SERVICE, persistedOpStateExpiryEpochSec: 0}, ReplicationConfig: RATIS/ONE, State:ALLOCATED, leaderId:, CreationTimestamp2021-11-14T01:05:34.817Z[Etc/UTC]].
2021-11-14 01:05:34,818 [RatisPipelineUtilsThread - 0] INFO  pipeline.RatisPipelineProvider (RatisPipelineProvider.java:lambda$create$0(183)) - Sending CreatePipelineCommand for pipeline:PipelineID=b601b5a7-45d0-45c0-b013-4276e13490a7 to datanode:eb0c46e4-5725-4afa-bb96-e719b980f47a
2021-11-14 01:05:34,818 [RatisPipelineUtilsThread - 0] INFO  pipeline.RatisPipelineProvider (RatisPipelineProvider.java:lambda$create$0(183)) - Sending CreatePipelineCommand for pipeline:PipelineID=b601b5a7-45d0-45c0-b013-4276e13490a7 to datanode:a5432c49-5461-405d-b7d7-37e5c225d9bf
2021-11-14 01:05:34,818 [RatisPipelineUtilsThread - 0] INFO  pipeline.RatisPipelineProvider (RatisPipelineProvider.java:lambda$create$0(183)) - Sending CreatePipelineCommand for pipeline:PipelineID=b601b5a7-45d0-45c0-b013-4276e13490a7 to datanode:42593a4f-89d4-4363-aad7-ee84fdc40b17
2021-11-14 01:05:34,818 [RatisPipelineUtilsThread - 0] INFO  pipeline.PipelineStateManagerImpl (PipelineStateManagerImpl.java:addPipeline(101)) - Created pipeline Pipeline[ Id: b601b5a7-45d0-45c0-b013-4276e13490a7, Nodes: eb0c46e4-5725-4afa-bb96-e719b980f47a{ip: 10.1.0.47, host: fv-az395-453.zfmzfyrfkyou3ow0tsr0jxwq1e.bx.internal.cloudapp.net, ports: [REPLICATION=35283, RATIS=38135, RATIS_ADMIN=38135, RATIS_SERVER=38135, STANDALONE=42151], networkLocation: /default-rack, certSerialId: null, persistedOpState: IN_SERVICE, persistedOpStateExpiryEpochSec: 0}a5432c49-5461-405d-b7d7-37e5c225d9bf{ip: 10.1.0.47, host: fv-az395-453.zfmzfyrfkyou3ow0tsr0jxwq1e.bx.internal.cloudapp.net, ports: [REPLICATION=42911, RATIS=33007, RATIS_ADMIN=33007, RATIS_SERVER=33007, STANDALONE=34183], networkLocation: /default-rack, certSerialId: null, persistedOpState: IN_SERVICE, persistedOpStateExpiryEpochSec: 0}42593a4f-89d4-4363-aad7-ee84fdc40b17{ip: 10.1.0.47, host: fv-az395-453.zfmzfyrfkyou3ow0tsr0jxwq1e.bx.internal.cloudapp.net, ports: [REPLICATION=44265, RATIS=38117, RATIS_ADMIN=38117, RATIS_SERVER=38117, STANDALONE=45285], networkLocation: /default-rack, certSerialId: null, persistedOpState: IN_SERVICE, persistedOpStateExpiryEpochSec: 0}, ReplicationConfig: RATIS/THREE, State:ALLOCATED, leaderId:, CreationTimestamp2021-11-14T01:05:34.818Z[Etc/UTC]].
2021-11-14 01:05:34,819 [RatisPipelineUtilsThread - 0] INFO  pipeline.RatisPipelineProvider (RatisPipelineProvider.java:lambda$create$0(183)) - Sending CreatePipelineCommand for pipeline:PipelineID=8e390908-89ca-426b-9455-083767a110ed to datanode:eb0c46e4-5725-4afa-bb96-e719b980f47a
2021-11-14 01:05:34,819 [RatisPipelineUtilsThread - 0] INFO  pipeline.RatisPipelineProvider (RatisPipelineProvider.java:lambda$create$0(183)) - Sending CreatePipelineCommand for pipeline:PipelineID=8e390908-89ca-426b-9455-083767a110ed to datanode:32069a0d-f39a-42d5-b706-96b3f478e9d8
2021-11-14 01:05:34,819 [RatisPipelineUtilsThread - 0] INFO  pipeline.RatisPipelineProvider (RatisPipelineProvider.java:lambda$create$0(183)) - Sending CreatePipelineCommand for pipeline:PipelineID=8e390908-89ca-426b-9455-083767a110ed to datanode:42593a4f-89d4-4363-aad7-ee84fdc40b17
2021-11-14 01:05:34,820 [RatisPipelineUtilsThread - 0] INFO  pipeline.PipelineStateManagerImpl (PipelineStateManagerImpl.java:addPipeline(101)) - Created pipeline Pipeline[ Id: 8e390908-89ca-426b-9455-083767a110ed, Nodes: eb0c46e4-5725-4afa-bb96-e719b980f47a{ip: 10.1.0.47, host: fv-az395-453.zfmzfyrfkyou3ow0tsr0jxwq1e.bx.internal.cloudapp.net, ports: [REPLICATION=35283, RATIS=38135, RATIS_ADMIN=38135, RATIS_SERVER=38135, STANDALONE=42151], networkLocation: /default-rack, certSerialId: null, persistedOpState: IN_SERVICE, persistedOpStateExpiryEpochSec: 0}32069a0d-f39a-42d5-b706-96b3f478e9d8{ip: 10.1.0.47, host: fv-az395-453.zfmzfyrfkyou3ow0tsr0jxwq1e.bx.internal.cloudapp.net, ports: [REPLICATION=45299, RATIS=43355, RATIS_ADMIN=43355, RATIS_SERVER=43355, STANDALONE=42407], networkLocation: /default-rack, certSerialId: null, persistedOpState: IN_SERVICE, persistedOpStateExpiryEpochSec: 0}42593a4f-89d4-4363-aad7-ee84fdc40b17{ip: 10.1.0.47, host: fv-az395-453.zfmzfyrfkyou3ow0tsr0jxwq1e.bx.internal.cloudapp.net, ports: [REPLICATION=44265, RATIS=38117, RATIS_ADMIN=38117, RATIS_SERVER=38117, STANDALONE=45285], networkLocation: /default-rack, certSerialId: null, persistedOpState: IN_SERVICE, persistedOpStateExpiryEpochSec: 0}, ReplicationConfig: RATIS/THREE, State:ALLOCATED, leaderId:, CreationTimestamp2021-11-14T01:05:34.819Z[Etc/UTC]].
2021-11-14 01:05:34,820 [RatisPipelineUtilsThread - 0] INFO  pipeline.RatisPipelineProvider (RatisPipelineProvider.java:lambda$create$0(183)) - Sending CreatePipelineCommand for pipeline:PipelineID=5db15519-d160-414d-8fcd-06f4125447c4 to datanode:eb0c46e4-5725-4afa-bb96-e719b980f47a
2021-11-14 01:05:34,820 [RatisPipelineUtilsThread - 0] INFO  pipeline.RatisPipelineProvider (RatisPipelineProvider.java:lambda$create$0(183)) - Sending CreatePipelineCommand for pipeline:PipelineID=5db15519-d160-414d-8fcd-06f4125447c4 to datanode:32069a0d-f39a-42d5-b706-96b3f478e9d8
2021-11-14 01:05:34,820 [RatisPipelineUtilsThread - 0] INFO  pipeline.RatisPipelineProvider (RatisPipelineProvider.java:lambda$create$0(183)) - Sending CreatePipelineCommand for pipeline:PipelineID=5db15519-d160-414d-8fcd-06f4125447c4 to datanode:a5432c49-5461-405d-b7d7-37e5c225d9bf
2021-11-14 01:05:34,821 [RatisPipelineUtilsThread - 0] INFO  pipeline.PipelineStateManagerImpl (PipelineStateManagerImpl.java:addPipeline(101)) - Created pipeline Pipeline[ Id: 5db15519-d160-414d-8fcd-06f4125447c4, Nodes: eb0c46e4-5725-4afa-bb96-e719b980f47a{ip: 10.1.0.47, host: fv-az395-453.zfmzfyrfkyou3ow0tsr0jxwq1e.bx.internal.cloudapp.net, ports: [REPLICATION=35283, RATIS=38135, RATIS_ADMIN=38135, RATIS_SERVER=38135, STANDALONE=42151], networkLocation: /default-rack, certSerialId: null, persistedOpState: IN_SERVICE, persistedOpStateExpiryEpochSec: 0}32069a0d-f39a-42d5-b706-96b3f478e9d8{ip: 10.1.0.47, host: fv-az395-453.zfmzfyrfkyou3ow0tsr0jxwq1e.bx.internal.cloudapp.net, ports: [REPLICATION=45299, RATIS=43355, RATIS_ADMIN=43355, RATIS_SERVER=43355, STANDALONE=42407], networkLocation: /default-rack, certSerialId: null, persistedOpState: IN_SERVICE, persistedOpStateExpiryEpochSec: 0}a5432c49-5461-405d-b7d7-37e5c225d9bf{ip: 10.1.0.47, host: fv-az395-453.zfmzfyrfkyou3ow0tsr0jxwq1e.bx.internal.cloudapp.net, ports: [REPLICATION=42911, RATIS=33007, RATIS_ADMIN=33007, RATIS_SERVER=33007, STANDALONE=34183], networkLocation: /default-rack, certSerialId: null, persistedOpState: IN_SERVICE, persistedOpStateExpiryEpochSec: 0}, ReplicationConfig: RATIS/THREE, State:ALLOCATED, leaderId:, CreationTimestamp2021-11-14T01:05:34.820Z[Etc/UTC]].
2021-11-14 01:05:34,824 [RatisPipelineUtilsThread - 0] INFO  pipeline.RatisPipelineProvider (RatisPipelineProvider.java:lambda$create$0(183)) - Sending CreatePipelineCommand for pipeline:PipelineID=504e848c-8156-4a34-b367-caa489d3cfe4 to datanode:a5432c49-5461-405d-b7d7-37e5c225d9bf
2021-11-14 01:05:34,825 [RatisPipelineUtilsThread - 0] INFO  pipeline.RatisPipelineProvider (RatisPipelineProvider.java:lambda$create$0(183)) - Sending CreatePipelineCommand for pipeline:PipelineID=504e848c-8156-4a34-b367-caa489d3cfe4 to datanode:32069a0d-f39a-42d5-b706-96b3f478e9d8
2021-11-14 01:05:34,825 [RatisPipelineUtilsThread - 0] INFO  pipeline.RatisPipelineProvider (RatisPipelineProvider.java:lambda$create$0(183)) - Sending CreatePipelineCommand for pipeline:PipelineID=504e848c-8156-4a34-b367-caa489d3cfe4 to datanode:42593a4f-89d4-4363-aad7-ee84fdc40b17
2021-11-14 01:05:34,825 [RatisPipelineUtilsThread - 0] INFO  pipeline.PipelineStateManagerImpl (PipelineStateManagerImpl.java:addPipeline(101)) - Created pipeline Pipeline[ Id: 504e848c-8156-4a34-b367-caa489d3cfe4, Nodes: a5432c49-5461-405d-b7d7-37e5c225d9bf{ip: 10.1.0.47, host: fv-az395-453.zfmzfyrfkyou3ow0tsr0jxwq1e.bx.internal.cloudapp.net, ports: [REPLICATION=42911, RATIS=33007, RATIS_ADMIN=33007, RATIS_SERVER=33007, STANDALONE=34183], networkLocation: /default-rack, certSerialId: null, persistedOpState: IN_SERVICE, persistedOpStateExpiryEpochSec: 0}32069a0d-f39a-42d5-b706-96b3f478e9d8{ip: 10.1.0.47, host: fv-az395-453.zfmzfyrfkyou3ow0tsr0jxwq1e.bx.internal.cloudapp.net, ports: [REPLICATION=45299, RATIS=43355, RATIS_ADMIN=43355, RATIS_SERVER=43355, STANDALONE=42407], networkLocation: /default-rack, certSerialId: null, persistedOpState: IN_SERVICE, persistedOpStateExpiryEpochSec: 0}42593a4f-89d4-4363-aad7-ee84fdc40b17{ip: 10.1.0.47, host: fv-az395-453.zfmzfyrfkyou3ow0tsr0jxwq1e.bx.internal.cloudapp.net, ports: [REPLICATION=44265, RATIS=38117, RATIS_ADMIN=38117, RATIS_SERVER=38117, STANDALONE=45285], networkLocation: /default-rack, certSerialId: null, persistedOpState: IN_SERVICE, persistedOpStateExpiryEpochSec: 0}, ReplicationConfig: RATIS/THREE, State:ALLOCATED, leaderId:, CreationTimestamp2021-11-14T01:05:34.824Z[Etc/UTC]].
2021-11-14 01:05:35,610 [Listener at 127.0.0.1/34021] INFO  ozone.MiniOzoneClusterImpl (MiniOzoneClusterImpl.java:lambda$waitForClusterToBeReady$0(235)) - Nodes are ready. Got 7 of 7 DN Heartbeats.
2021-11-14 01:05:35,611 [Listener at 127.0.0.1/34021] INFO  ozone.MiniOzoneClusterImpl (MiniOzoneClusterImpl.java:lambda$waitForClusterToBeReady$0(238)) - Cluster exits safe mode
2021-11-14 01:05:35,611 [Listener at 127.0.0.1/34021] INFO  ozone.MiniOzoneClusterImpl (MiniOzoneClusterImpl.java:lambda$waitForClusterToBeReady$0(240)) - SCM became leader
2021-11-14 01:05:35,654 [Command processor thread] INFO  server.RaftServer (RaftServerProxy.java:remove(106)) - 42593a4f-89d4-4363-aad7-ee84fdc40b17: remove  FOLLOWER 42593a4f-89d4-4363-aad7-ee84fdc40b17@group-5453DB22F216:t1, leader=null, voted=42593a4f-89d4-4363-aad7-ee84fdc40b17, raftlog=42593a4f-89d4-4363-aad7-ee84fdc40b17@group-5453DB22F216-SegmentedRaftLog:OPENED:c11, conf=0: [42593a4f-89d4-4363-aad7-ee84fdc40b17|rpc:10.1.0.47:38117|dataStream:|priority:1], old=null RUNNING
2021-11-14 01:05:35,654 [Command processor thread] INFO  server.RaftServer$Division (RaftServerImpl.java:lambda$close$4(412)) - 42593a4f-89d4-4363-aad7-ee84fdc40b17@group-5453DB22F216: shutdown
2021-11-14 01:05:35,654 [Command processor thread] INFO  util.JmxRegister (JmxRegister.java:unregister(73)) - Successfully un-registered JMX Bean with object name Ratis:service=RaftServer,group=group-5453DB22F216,id=42593a4f-89d4-4363-aad7-ee84fdc40b17
2021-11-14 01:05:35,654 [Command processor thread] INFO  impl.RoleInfo (RoleInfo.java:shutdownFollowerState(108)) - 42593a4f-89d4-4363-aad7-ee84fdc40b17: shutdown 42593a4f-89d4-4363-aad7-ee84fdc40b17@group-5453DB22F216-FollowerState
2021-11-14 01:05:35,654 [42593a4f-89d4-4363-aad7-ee84fdc40b17@group-5453DB22F216-FollowerState] INFO  impl.FollowerState (FollowerState.java:run(143)) - 42593a4f-89d4-4363-aad7-ee84fdc40b17@group-5453DB22F216-FollowerState was interrupted: {}
java.lang.InterruptedException: sleep interrupted
	at java.lang.Thread.sleep(Native Method)
	at java.lang.Thread.sleep(Thread.java:340)
	at java.util.concurrent.TimeUnit.sleep(TimeUnit.java:386)
	at org.apache.ratis.util.TimeDuration.sleep(TimeDuration.java:324)
	at org.apache.ratis.util.TimeDuration.sleep(TimeDuration.java:309)
	at org.apache.ratis.server.impl.FollowerState.run(FollowerState.java:118)
2021-11-14 01:05:35,655 [Command processor thread] INFO  impl.StateMachineUpdater (StateMachineUpdater.java:stopAndJoin(149)) - 42593a4f-89d4-4363-aad7-ee84fdc40b17@group-5453DB22F216-StateMachineUpdater: set stopIndex = 11
2021-11-14 01:05:35,655 [Command processor thread] INFO  server.RaftServer$Division (ServerState.java:close(419)) - 42593a4f-89d4-4363-aad7-ee84fdc40b17@group-5453DB22F216: closes. applyIndex: 11
2021-11-14 01:05:35,655 [42593a4f-89d4-4363-aad7-ee84fdc40b17@group-5453DB22F216-SegmentedRaftLogWorker] INFO  segmented.SegmentedRaftLogWorker (SegmentedRaftLogWorker.java:run(327)) - 42593a4f-89d4-4363-aad7-ee84fdc40b17@group-5453DB22F216-SegmentedRaftLogWorker was interrupted, exiting. There are 0 tasks remaining in the queue.
2021-11-14 01:05:35,690 [Command processor thread] INFO  segmented.SegmentedRaftLogWorker (SegmentedRaftLogWorker.java:close(237)) - 42593a4f-89d4-4363-aad7-ee84fdc40b17@group-5453DB22F216-SegmentedRaftLogWorker close()
2021-11-14 01:05:35,742 [Command processor thread] INFO  keyvalue.KeyValueContainer (KeyValueContainer.java:flushAndSyncDB(397)) - Container 1 is synced with bcsId 10.
2021-11-14 01:05:35,743 [Command processor thread] INFO  keyvalue.KeyValueContainer (KeyValueContainer.java:flushAndSyncDB(397)) - Container 1 is synced with bcsId 10.
2021-11-14 01:05:35,751 [EventQueue-IncrementalContainerReportForIncrementalContainerReportHandler] INFO  container.IncrementalContainerReportHandler (AbstractContainerReportHandler.java:updateContainerState(216)) - Moving container #1 to QUASI_CLOSED state, datanode 42593a4f-89d4-4363-aad7-ee84fdc40b17{ip: 10.1.0.47, host: fv-az395-453.zfmzfyrfkyou3ow0tsr0jxwq1e.bx.internal.cloudapp.net, ports: [REPLICATION=44265, RATIS=38117, RATIS_ADMIN=38117, RATIS_SERVER=38117, STANDALONE=45285], networkLocation: /default-rack, certSerialId: null, persistedOpState: IN_SERVICE, persistedOpStateExpiryEpochSec: 0} reported QUASI_CLOSED replica.
2021-11-14 01:05:35,752 [Command processor thread] INFO  server.RaftServer$Division (RaftServerImpl.java:groupRemove(382)) - 42593a4f-89d4-4363-aad7-ee84fdc40b17@group-5453DB22F216: Succeed to remove RaftStorageDirectory Storage Directory /home/runner/work/ozone/ozone/hadoop-ozone/integration-test/target/test-dir/MiniOzoneClusterImpl-5b6cbd2a-2976-43bc-8d1c-e3ca86cddeeb/datanode-2/data/ratis/9877ffae-06a8-41cd-9b6b-5453db22f216
2021-11-14 01:05:35,752 [Command processor thread] INFO  commandhandler.ClosePipelineCommandHandler (ClosePipelineCommandHandler.java:handle(78)) - Close Pipeline PipelineID=9877ffae-06a8-41cd-9b6b-5453db22f216 command on datanode 42593a4f-89d4-4363-aad7-ee84fdc40b17.
2021-11-14 01:05:35,752 [Command processor thread] INFO  server.RaftServer (RaftServerProxy.java:remove(106)) - 42593a4f-89d4-4363-aad7-ee84fdc40b17: remove  FOLLOWER 42593a4f-89d4-4363-aad7-ee84fdc40b17@group-21D2AE8B93C5:t4, leader=null, voted=, raftlog=42593a4f-89d4-4363-aad7-ee84fdc40b17@group-21D2AE8B93C5-SegmentedRaftLog:OPENED:c-1, conf=-1: [], old=null STARTING
2021-11-14 01:05:35,752 [Command processor thread] INFO  server.RaftServer$Division (RaftServerImpl.java:lambda$close$4(412)) - 42593a4f-89d4-4363-aad7-ee84fdc40b17@group-21D2AE8B93C5: shutdown
2021-11-14 01:05:35,752 [Command processor thread] INFO  util.JmxRegister (JmxRegister.java:unregister(73)) - Successfully un-registered JMX Bean with object name Ratis:service=RaftServer,group=group-21D2AE8B93C5,id=42593a4f-89d4-4363-aad7-ee84fdc40b17
2021-11-14 01:05:35,752 [Command processor thread] INFO  impl.StateMachineUpdater (StateMachineUpdater.java:stopAndJoin(149)) - 42593a4f-89d4-4363-aad7-ee84fdc40b17@group-21D2AE8B93C5-StateMachineUpdater: set stopIndex = -1
2021-11-14 01:05:35,753 [Command processor thread] INFO  server.RaftServer$Division (ServerState.java:close(419)) - 42593a4f-89d4-4363-aad7-ee84fdc40b17@group-21D2AE8B93C5: closes. applyIndex: -1
2021-11-14 01:05:35,753 [42593a4f-89d4-4363-aad7-ee84fdc40b17@group-21D2AE8B93C5-SegmentedRaftLogWorker] INFO  segmented.SegmentedRaftLogWorker (SegmentedRaftLogWorker.java:run(327)) - 42593a4f-89d4-4363-aad7-ee84fdc40b17@group-21D2AE8B93C5-SegmentedRaftLogWorker was interrupted, exiting. There are 0 tasks remaining in the queue.
2021-11-14 01:05:35,758 [Command processor thread] INFO  segmented.SegmentedRaftLogWorker (SegmentedRaftLogWorker.java:close(237)) - 42593a4f-89d4-4363-aad7-ee84fdc40b17@group-21D2AE8B93C5-SegmentedRaftLogWorker close()
2021-11-14 01:05:35,762 [Command processor thread] INFO  server.RaftServer$Division (RaftServerImpl.java:groupRemove(382)) - 42593a4f-89d4-4363-aad7-ee84fdc40b17@group-21D2AE8B93C5: Succeed to remove RaftStorageDirectory Storage Directory /home/runner/work/ozone/ozone/hadoop-ozone/integration-test/target/test-dir/MiniOzoneClusterImpl-5b6cbd2a-2976-43bc-8d1c-e3ca86cddeeb/datanode-2/data/ratis/10d69cc4-77f6-403d-bda5-21d2ae8b93c5
2021-11-14 01:05:35,780 [Command processor thread] INFO  commandhandler.ClosePipelineCommandHandler (ClosePipelineCommandHandler.java:handle(78)) - Close Pipeline PipelineID=10d69cc4-77f6-403d-bda5-21d2ae8b93c5 command on datanode 42593a4f-89d4-4363-aad7-ee84fdc40b17.
2021-11-14 01:05:35,781 [Command processor thread] INFO  server.RaftServer (RaftServerProxy.java:remove(106)) - 42593a4f-89d4-4363-aad7-ee84fdc40b17: remove  FOLLOWER 42593a4f-89d4-4363-aad7-ee84fdc40b17@group-58FA2C6BBA1C:t1, leader=null, voted=32069a0d-f39a-42d5-b706-96b3f478e9d8, raftlog=42593a4f-89d4-4363-aad7-ee84fdc40b17@group-58FA2C6BBA1C-SegmentedRaftLog:OPENED:c0, conf=0: [a5432c49-5461-405d-b7d7-37e5c225d9bf|rpc:10.1.0.47:33007|dataStream:|priority:0, 32069a0d-f39a-42d5-b706-96b3f478e9d8|rpc:10.1.0.47:43355|dataStream:|priority:1, 42593a4f-89d4-4363-aad7-ee84fdc40b17|rpc:10.1.0.47:38117|dataStream:|priority:0], old=null RUNNING
2021-11-14 01:05:35,789 [Command processor thread] INFO  server.RaftServer$Division (RaftServerImpl.java:lambda$close$4(412)) - 42593a4f-89d4-4363-aad7-ee84fdc40b17@group-58FA2C6BBA1C: shutdown
2021-11-14 01:05:35,789 [Command processor thread] INFO  util.JmxRegister (JmxRegister.java:unregister(73)) - Successfully un-registered JMX Bean with object name Ratis:service=RaftServer,group=group-58FA2C6BBA1C,id=42593a4f-89d4-4363-aad7-ee84fdc40b17
2021-11-14 01:05:35,790 [Command processor thread] INFO  impl.RoleInfo (RoleInfo.java:shutdownFollowerState(108)) - 42593a4f-89d4-4363-aad7-ee84fdc40b17: shutdown 42593a4f-89d4-4363-aad7-ee84fdc40b17@group-58FA2C6BBA1C-FollowerState
2021-11-14 01:05:35,793 [42593a4f-89d4-4363-aad7-ee84fdc40b17@group-58FA2C6BBA1C-FollowerState] INFO  impl.FollowerState (FollowerState.java:run(143)) - 42593a4f-89d4-4363-aad7-ee84fdc40b17@group-58FA2C6BBA1C-FollowerState was interrupted: {}
java.lang.InterruptedException: sleep interrupted
	at java.lang.Thread.sleep(Native Method)
	at java.lang.Thread.sleep(Thread.java:340)
	at java.util.concurrent.TimeUnit.sleep(TimeUnit.java:386)
	at org.apache.ratis.util.TimeDuration.sleep(TimeDuration.java:324)
	at org.apache.ratis.util.TimeDuration.sleep(TimeDuration.java:309)
	at org.apache.ratis.server.impl.FollowerState.run(FollowerState.java:118)
2021-11-14 01:05:35,794 [Command processor thread] INFO  impl.StateMachineUpdater (StateMachineUpdater.java:stopAndJoin(149)) - 42593a4f-89d4-4363-aad7-ee84fdc40b17@group-58FA2C6BBA1C-StateMachineUpdater: set stopIndex = 0
2021-11-14 01:05:35,794 [Command processor thread] INFO  server.RaftServer$Division (ServerState.java:close(419)) - 42593a4f-89d4-4363-aad7-ee84fdc40b17@group-58FA2C6BBA1C: closes. applyIndex: 0
2021-11-14 01:05:35,794 [42593a4f-89d4-4363-aad7-ee84fdc40b17@group-58FA2C6BBA1C-SegmentedRaftLogWorker] INFO  segmented.SegmentedRaftLogWorker (SegmentedRaftLogWorker.java:run(327)) - 42593a4f-89d4-4363-aad7-ee84fdc40b17@group-58FA2C6BBA1C-SegmentedRaftLogWorker was interrupted, exiting. There are 0 tasks remaining in the queue.
2021-11-14 01:05:35,796 [Command processor thread] INFO  segmented.SegmentedRaftLogWorker (SegmentedRaftLogWorker.java:close(237)) - 42593a4f-89d4-4363-aad7-ee84fdc40b17@group-58FA2C6BBA1C-SegmentedRaftLogWorker close()
2021-11-14 01:05:35,798 [Command processor thread] INFO  server.RaftServer$Division (RaftServerImpl.java:groupRemove(382)) - 42593a4f-89d4-4363-aad7-ee84fdc40b17@group-58FA2C6BBA1C: Succeed to remove RaftStorageDirectory Storage Directory /home/runner/work/ozone/ozone/hadoop-ozone/integration-test/target/test-dir/MiniOzoneClusterImpl-5b6cbd2a-2976-43bc-8d1c-e3ca86cddeeb/datanode-2/data/ratis/022119a0-66e2-4555-98aa-58fa2c6bba1c
2021-11-14 01:05:35,798 [Command processor thread] INFO  commandhandler.ClosePipelineCommandHandler (ClosePipelineCommandHandler.java:handle(78)) - Close Pipeline PipelineID=022119a0-66e2-4555-98aa-58fa2c6bba1c command on datanode 42593a4f-89d4-4363-aad7-ee84fdc40b17.
2021-11-14 01:05:35,799 [Command processor thread] INFO  server.RaftServer (RaftServerProxy.java:remove(106)) - 42593a4f-89d4-4363-aad7-ee84fdc40b17: remove  FOLLOWER 42593a4f-89d4-4363-aad7-ee84fdc40b17@group-728CC57844C0:t2, leader=null, voted=a5432c49-5461-405d-b7d7-37e5c225d9bf, raftlog=42593a4f-89d4-4363-aad7-ee84fdc40b17@group-728CC57844C0-SegmentedRaftLog:OPENED:c0, conf=0: [a5432c49-5461-405d-b7d7-37e5c225d9bf|rpc:10.1.0.47:33007|dataStream:|priority:1, 32069a0d-f39a-42d5-b706-96b3f478e9d8|rpc:10.1.0.47:43355|dataStream:|priority:0, 42593a4f-89d4-4363-aad7-ee84fdc40b17|rpc:10.1.0.47:38117|dataStream:|priority:0], old=null RUNNING
2021-11-14 01:05:35,799 [Command processor thread] INFO  server.RaftServer$Division (RaftServerImpl.java:lambda$close$4(412)) - 42593a4f-89d4-4363-aad7-ee84fdc40b17@group-728CC57844C0: shutdown
2021-11-14 01:05:35,799 [Command processor thread] INFO  util.JmxRegister (JmxRegister.java:unregister(73)) - Successfully un-registered JMX Bean with object name Ratis:service=RaftServer,group=group-728CC57844C0,id=42593a4f-89d4-4363-aad7-ee84fdc40b17
2021-11-14 01:05:35,799 [Command processor thread] INFO  impl.RoleInfo (RoleInfo.java:shutdownFollowerState(108)) - 42593a4f-89d4-4363-aad7-ee84fdc40b17: shutdown 42593a4f-89d4-4363-aad7-ee84fdc40b17@group-728CC57844C0-FollowerState
2021-11-14 01:05:35,799 [42593a4f-89d4-4363-aad7-ee84fdc40b17@group-728CC57844C0-FollowerState] INFO  impl.FollowerState (FollowerState.java:run(143)) - 42593a4f-89d4-4363-aad7-ee84fdc40b17@group-728CC57844C0-FollowerState was interrupted: {}
java.lang.InterruptedException: sleep interrupted
	at java.lang.Thread.sleep(Native Method)
	at java.lang.Thread.sleep(Thread.java:340)
	at java.util.concurrent.TimeUnit.sleep(TimeUnit.java:386)
	at org.apache.ratis.util.TimeDuration.sleep(TimeDuration.java:324)
	at org.apache.ratis.util.TimeDuration.sleep(TimeDuration.java:309)
	at org.apache.ratis.server.impl.FollowerState.run(FollowerState.java:118)
2021-11-14 01:05:35,799 [Command processor thread] INFO  impl.StateMachineUpdater (StateMachineUpdater.java:stopAndJoin(149)) - 42593a4f-89d4-4363-aad7-ee84fdc40b17@group-728CC57844C0-StateMachineUpdater: set stopIndex = 0
2021-11-14 01:05:35,799 [Command processor thread] INFO  server.RaftServer$Division (ServerState.java:close(419)) - 42593a4f-89d4-4363-aad7-ee84fdc40b17@group-728CC57844C0: closes. applyIndex: 0
2021-11-14 01:05:35,799 [42593a4f-89d4-4363-aad7-ee84fdc40b17@group-728CC57844C0-SegmentedRaftLogWorker] INFO  segmented.SegmentedRaftLogWorker (SegmentedRaftLogWorker.java:run(327)) - 42593a4f-89d4-4363-aad7-ee84fdc40b17@group-728CC57844C0-SegmentedRaftLogWorker was interrupted, exiting. There are 0 tasks remaining in the queue.
2021-11-14 01:05:35,812 [Command processor thread] INFO  segmented.SegmentedRaftLogWorker (SegmentedRaftLogWorker.java:close(237)) - 42593a4f-89d4-4363-aad7-ee84fdc40b17@group-728CC57844C0-SegmentedRaftLogWorker close()
2021-11-14 01:05:35,833 [Command processor thread] INFO  server.RaftServer$Division (RaftServerImpl.java:groupRemove(382)) - 42593a4f-89d4-4363-aad7-ee84fdc40b17@group-728CC57844C0: Succeed to remove RaftStorageDirectory Storage Directory /home/runner/work/ozone/ozone/hadoop-ozone/integration-test/target/test-dir/MiniOzoneClusterImpl-5b6cbd2a-2976-43bc-8d1c-e3ca86cddeeb/datanode-2/data/ratis/075e133d-6554-4497-a8b7-728cc57844c0
2021-11-14 01:05:35,844 [Command processor thread] INFO  commandhandler.ClosePipelineCommandHandler (ClosePipelineCommandHandler.java:handle(78)) - Close Pipeline PipelineID=075e133d-6554-4497-a8b7-728cc57844c0 command on datanode 42593a4f-89d4-4363-aad7-ee84fdc40b17.
2021-11-14 01:05:35,860 [pool-693-thread-1] INFO  server.RaftServer$Division (RaftServerImpl.java:<init>(184)) - 42593a4f-89d4-4363-aad7-ee84fdc40b17: new RaftServerImpl for group-046F1A34B9C3:[42593a4f-89d4-4363-aad7-ee84fdc40b17|rpc:10.1.0.47:38117|priority:1] with ContainerStateMachine:uninitialized
2021-11-14 01:05:35,860 [pool-693-thread-1] INFO  server.RaftServerConfigKeys (ConfUtils.java:logGet(44)) - raft.server.rpc.timeout.min = 5s (custom)
2021-11-14 01:05:35,860 [pool-693-thread-1] INFO  server.RaftServerConfigKeys (ConfUtils.java:logGet(44)) - raft.server.rpc.timeout.max = 5200ms (custom)
2021-11-14 01:05:35,860 [pool-693-thread-1] INFO  server.RaftServerConfigKeys (ConfUtils.java:logGet(44)) - raft.server.rpc.sleep.time = 25ms (default)
2021-11-14 01:05:35,860 [pool-693-thread-1] INFO  server.RaftServerConfigKeys (ConfUtils.java:logGet(44)) - raft.server.rpc.slowness.timeout = 300000ms (custom)
2021-11-14 01:05:35,860 [pool-693-thread-1] INFO  server.RaftServerConfigKeys (ConfUtils.java:logGet(44)) - raft.server.leaderelection.leader.step-down.wait-time = 10s (default)
2021-11-14 01:05:35,860 [pool-693-thread-1] INFO  server.RaftServerConfigKeys (ConfUtils.java:logGet(44)) - raft.server.sleep.deviation.threshold = 300ms (default)
2021-11-14 01:05:35,860 [pool-693-thread-1] INFO  server.RaftServerConfigKeys (ConfUtils.java:logGet(44)) - raft.server.log.appender.install.snapshot.enabled = false (custom)
2021-11-14 01:05:35,861 [pool-693-thread-1] INFO  server.RaftServer$Division (ServerState.java:<init>(105)) - 42593a4f-89d4-4363-aad7-ee84fdc40b17@group-046F1A34B9C3: ConfigurationManager, init=-1: [42593a4f-89d4-4363-aad7-ee84fdc40b17|rpc:10.1.0.47:38117|priority:1], old=null, confs=<EMPTY_MAP>
2021-11-14 01:05:35,861 [pool-693-thread-1] INFO  server.RaftServerConfigKeys (ConfUtils.java:logGet(44)) - raft.server.storage.dir = [/home/runner/work/ozone/ozone/hadoop-ozone/integration-test/target/test-dir/MiniOzoneClusterImpl-5b6cbd2a-2976-43bc-8d1c-e3ca86cddeeb/datanode-2/data/ratis] (custom)
2021-11-14 01:05:35,861 [pool-693-thread-1] INFO  server.RaftServerConfigKeys (ConfUtils.java:logGet(44)) - raft.server.log.corruption.policy = EXCEPTION (default)
2021-11-14 01:05:35,861 [pool-693-thread-1] INFO  server.RaftServerConfigKeys (ConfUtils.java:logGet(44)) - raft.server.storage.free-space.min = 0MB (=0) (default)
2021-11-14 01:05:35,861 [pool-693-thread-1] INFO  storage.RaftStorageDirectory (RaftStorageDirectoryImpl.java:analyzeStorage(135)) - The storage directory /home/runner/work/ozone/ozone/hadoop-ozone/integration-test/target/test-dir/MiniOzoneClusterImpl-5b6cbd2a-2976-43bc-8d1c-e3ca86cddeeb/datanode-2/data/ratis/cc1dc006-f3c4-4fc8-af80-046f1a34b9c3 does not exist. Creating ...
2021-11-14 01:05:35,862 [Command processor thread] INFO  server.RaftServer (RaftServerProxy.java:addNew(95)) - 42593a4f-89d4-4363-aad7-ee84fdc40b17: addNew group-046F1A34B9C3:[42593a4f-89d4-4363-aad7-ee84fdc40b17|rpc:10.1.0.47:38117|priority:1] returns group-046F1A34B9C3:java.util.concurrent.CompletableFuture@c339b25[Not completed]
2021-11-14 01:05:35,863 [pool-693-thread-1] INFO  storage.RaftStorageDirectory (RaftStorageDirectoryImpl.java:tryLock(230)) - Lock on /home/runner/work/ozone/ozone/hadoop-ozone/integration-test/target/test-dir/MiniOzoneClusterImpl-5b6cbd2a-2976-43bc-8d1c-e3ca86cddeeb/datanode-2/data/ratis/cc1dc006-f3c4-4fc8-af80-046f1a34b9c3/in_use.lock acquired by nodename 9791@fv-az395-453
2021-11-14 01:05:35,866 [Listener at 127.0.0.1/34021] INFO  ozone.MiniOzoneClusterImpl (MiniOzoneClusterImpl.java:shutdown(453)) - Shutting down the Mini Ozone Cluster
2021-11-14 01:05:35,866 [Listener at 127.0.0.1/34021] INFO  ozone.MiniOzoneClusterImpl (MiniOzoneClusterImpl.java:stop(468)) - Stopping the Mini Ozone Cluster
2021-11-14 01:05:35,866 [Listener at 127.0.0.1/34021] INFO  ozone.MiniOzoneClusterImpl (MiniOzoneClusterImpl.java:stopOM(550)) - Stopping the OzoneManager
2021-11-14 01:05:35,867 [Listener at 127.0.0.1/34021] INFO  om.OzoneManager (OzoneManager.java:stop(1698)) - Stopping Ozone Manager
2021-11-14 01:05:35,867 [Listener at 127.0.0.1/34021] INFO  ipc.Server (Server.java:stop(3414)) - Stopping server on 34021
2021-11-14 01:05:35,878 [pool-635-thread-1] INFO  server.RaftServer$Division (RaftServerImpl.java:<init>(184)) - eb0c46e4-5725-4afa-bb96-e719b980f47a: new RaftServerImpl for group-4276E13490A7:[a5432c49-5461-405d-b7d7-37e5c225d9bf|rpc:10.1.0.47:33007|priority:0, 42593a4f-89d4-4363-aad7-ee84fdc40b17|rpc:10.1.0.47:38117|priority:1, eb0c46e4-5725-4afa-bb96-e719b980f47a|rpc:10.1.0.47:38135|priority:0] with ContainerStateMachine:uninitialized
2021-11-14 01:05:35,886 [pool-635-thread-1] INFO  server.RaftServerConfigKeys (ConfUtils.java:logGet(44)) - raft.server.rpc.timeout.min = 5s (custom)
2021-11-14 01:05:35,886 [pool-635-thread-1] INFO  server.RaftServerConfigKeys (ConfUtils.java:logGet(44)) - raft.server.rpc.timeout.max = 5200ms (custom)
2021-11-14 01:05:35,887 [pool-635-thread-1] INFO  server.RaftServerConfigKeys (ConfUtils.java:logGet(44)) - raft.server.rpc.sleep.time = 25ms (default)
2021-11-14 01:05:35,887 [pool-635-thread-1] INFO  server.RaftServerConfigKeys (ConfUtils.java:logGet(44)) - raft.server.rpc.slowness.timeout = 300000ms (custom)
2021-11-14 01:05:35,877 [Command processor thread] INFO  server.RaftServer (RaftServerProxy.java:addNew(95)) - eb0c46e4-5725-4afa-bb96-e719b980f47a: addNew group-4276E13490A7:[a5432c49-5461-405d-b7d7-37e5c225d9bf|rpc:10.1.0.47:33007|priority:0, 42593a4f-89d4-4363-aad7-ee84fdc40b17|rpc:10.1.0.47:38117|priority:1, eb0c46e4-5725-4afa-bb96-e719b980f47a|rpc:10.1.0.47:38135|priority:0] returns group-4276E13490A7:java.util.concurrent.CompletableFuture@abf3f0e[Not completed]
2021-11-14 01:05:35,887 [pool-635-thread-1] INFO  server.RaftServerConfigKeys (ConfUtils.java:logGet(44)) - raft.server.leaderelection.leader.step-down.wait-time = 10s (default)
2021-11-14 01:05:35,887 [pool-635-thread-1] INFO  server.RaftServerConfigKeys (ConfUtils.java:logGet(44)) - raft.server.sleep.deviation.threshold = 300ms (default)
2021-11-14 01:05:35,887 [pool-635-thread-1] INFO  server.RaftServerConfigKeys (ConfUtils.java:logGet(44)) - raft.server.log.appender.install.snapshot.enabled = false (custom)
2021-11-14 01:05:35,887 [pool-635-thread-1] INFO  server.RaftServer$Division (ServerState.java:<init>(105)) - eb0c46e4-5725-4afa-bb96-e719b980f47a@group-4276E13490A7: ConfigurationManager, init=-1: [a5432c49-5461-405d-b7d7-37e5c225d9bf|rpc:10.1.0.47:33007|priority:0, 42593a4f-89d4-4363-aad7-ee84fdc40b17|rpc:10.1.0.47:38117|priority:1, eb0c46e4-5725-4afa-bb96-e719b980f47a|rpc:10.1.0.47:38135|priority:0], old=null, confs=<EMPTY_MAP>
2021-11-14 01:05:35,887 [pool-635-thread-1] INFO  server.RaftServerConfigKeys (ConfUtils.java:logGet(44)) - raft.server.storage.dir = [/home/runner/work/ozone/ozone/hadoop-ozone/integration-test/target/test-dir/MiniOzoneClusterImpl-5b6cbd2a-2976-43bc-8d1c-e3ca86cddeeb/datanode-6/data/ratis] (custom)
2021-11-14 01:05:35,887 [pool-635-thread-1] INFO  server.RaftServerConfigKeys (ConfUtils.java:logGet(44)) - raft.server.log.corruption.policy = EXCEPTION (default)
2021-11-14 01:05:35,887 [pool-635-thread-1] INFO  server.RaftServerConfigKeys (ConfUtils.java:logGet(44)) - raft.server.storage.free-space.min = 0MB (=0) (default)
2021-11-14 01:05:35,888 [pool-635-thread-1] INFO  storage.RaftStorageDirectory (RaftStorageDirectoryImpl.java:analyzeStorage(135)) - The storage directory /home/runner/work/ozone/ozone/hadoop-ozone/integration-test/target/test-dir/MiniOzoneClusterImpl-5b6cbd2a-2976-43bc-8d1c-e3ca86cddeeb/datanode-6/data/ratis/b601b5a7-45d0-45c0-b013-4276e13490a7 does not exist. Creating ...
2021-11-14 01:05:35,888 [IPC Server listener on 0] INFO  ipc.Server (Server.java:run(1376)) - Stopping IPC Server listener on 0
2021-11-14 01:05:35,890 [pool-693-thread-1] INFO  storage.RaftStorage (RaftStorageImpl.java:format(89)) - Storage directory /home/runner/work/ozone/ozone/hadoop-ozone/integration-test/target/test-dir/MiniOzoneClusterImpl-5b6cbd2a-2976-43bc-8d1c-e3ca86cddeeb/datanode-2/data/ratis/cc1dc006-f3c4-4fc8-af80-046f1a34b9c3 has been successfully formatted.
2021-11-14 01:05:35,890 [pool-693-thread-1] INFO  ratis.ContainerStateMachine (ContainerStateMachine.java:loadSnapshot(224)) - group-046F1A34B9C3: The snapshot info is null. Setting the last applied indexto:(t:0, i:~)
2021-11-14 01:05:35,890 [pool-693-thread-1] INFO  server.RaftServerConfigKeys (ConfUtils.java:logGet(44)) - raft.server.notification.no-leader.timeout = 300000ms (custom)
2021-11-14 01:05:35,890 [pool-693-thread-1] INFO  server.RaftServerConfigKeys (ConfUtils.java:logGet(44)) - raft.server.log.use.memory = false (default)
2021-11-14 01:05:35,891 [pool-693-thread-1] INFO  server.RaftServerConfigKeys (ConfUtils.java:logGet(44)) - raft.server.log.purge.gap = 1000000 (custom)
2021-11-14 01:05:35,891 [pool-693-thread-1] INFO  server.RaftServerConfigKeys (ConfUtils.java:logGet(44)) - raft.server.log.appender.buffer.byte-limit = 33554432 (custom)
2021-11-14 01:05:35,891 [pool-693-thread-1] INFO  server.RaftServerConfigKeys (ConfUtils.java:logGet(44)) - raft.server.log.segment.size.max = 1048576 (custom)
2021-11-14 01:05:35,891 [pool-693-thread-1] INFO  server.RaftServerConfigKeys (ConfUtils.java:logGet(44)) - raft.server.log.segment.cache.num.max = 2 (custom)
2021-11-14 01:05:35,891 [pool-693-thread-1] INFO  server.RaftServerConfigKeys (ConfUtils.java:logGet(44)) - raft.server.log.segment.cache.size.max = 200MB (=209715200) (default)
2021-11-14 01:05:35,891 [pool-693-thread-1] INFO  segmented.SegmentedRaftLogWorker (SegmentedRaftLogWorker.java:<init>(182)) - new 42593a4f-89d4-4363-aad7-ee84fdc40b17@group-046F1A34B9C3-SegmentedRaftLogWorker for RaftStorageImpl:Storage Directory /home/runner/work/ozone/ozone/hadoop-ozone/integration-test/target/test-dir/MiniOzoneClusterImpl-5b6cbd2a-2976-43bc-8d1c-e3ca86cddeeb/datanode-2/data/ratis/cc1dc006-f3c4-4fc8-af80-046f1a34b9c3
2021-11-14 01:05:35,891 [pool-693-thread-1] INFO  server.RaftServerConfigKeys (ConfUtils.java:logGet(44)) - raft.server.log.queue.byte-limit = 2147483647 (custom)
2021-11-14 01:05:35,891 [pool-693-thread-1] INFO  server.RaftServerConfigKeys (ConfUtils.java:logGet(44)) - raft.server.log.queue.element-limit = 1024 (custom)
2021-11-14 01:05:35,892 [pool-693-thread-1] INFO  server.RaftServerConfigKeys (ConfUtils.java:logGet(44)) - raft.server.log.segment.size.max = 1048576 (custom)
2021-11-14 01:05:35,892 [pool-693-thread-1] INFO  server.RaftServerConfigKeys (ConfUtils.java:logGet(44)) - raft.server.log.preallocated.size = 16384 (custom)
2021-11-14 01:05:35,892 [pool-693-thread-1] INFO  server.RaftServerConfigKeys (ConfUtils.java:logGet(44)) - raft.server.log.force.sync.num = 128 (default)
2021-11-14 01:05:35,892 [pool-693-thread-1] INFO  server.RaftServerConfigKeys (ConfUtils.java:logGet(44)) - raft.server.log.statemachine.data.sync = true (default)
2021-11-14 01:05:35,916 [pool-693-thread-1] INFO  server.RaftServerConfigKeys (ConfUtils.java:logGet(44)) - raft.server.log.statemachine.data.sync.timeout = 10s (default)
2021-11-14 01:05:35,916 [pool-693-thread-1] INFO  server.RaftServerConfigKeys (ConfUtils.java:logGet(44)) - raft.server.log.statemachine.data.sync.timeout.retry = -1 (default)
2021-11-14 01:05:35,917 [EventQueue-PipelineReportForPipelineReportHandler] INFO  pipeline.PipelineManagerImpl (PipelineManagerImpl.java:openPipeline(289)) - Pipeline Pipeline[ Id: cc1dc006-f3c4-4fc8-af80-046f1a34b9c3, Nodes: 42593a4f-89d4-4363-aad7-ee84fdc40b17{ip: 10.1.0.47, host: fv-az395-453.zfmzfyrfkyou3ow0tsr0jxwq1e.bx.internal.cloudapp.net, ports: [REPLICATION=44265, RATIS=38117, RATIS_ADMIN=38117, RATIS_SERVER=38117, STANDALONE=45285], networkLocation: /default-rack, certSerialId: null, persistedOpState: IN_SERVICE, persistedOpStateExpiryEpochSec: 0}, ReplicationConfig: RATIS/ONE, State:ALLOCATED, leaderId:42593a4f-89d4-4363-aad7-ee84fdc40b17, CreationTimestamp2021-11-14T01:05:34.817Z[Etc/UTC]] moved to OPEN state
2021-11-14 01:05:35,915 [pool-635-thread-1] INFO  storage.RaftStorageDirectory (RaftStorageDirectoryImpl.java:tryLock(230)) - Lock on /home/runner/work/ozone/ozone/hadoop-ozone/integration-test/target/test-dir/MiniOzoneClusterImpl-5b6cbd2a-2976-43bc-8d1c-e3ca86cddeeb/datanode-6/data/ratis/b601b5a7-45d0-45c0-b013-4276e13490a7/in_use.lock acquired by nodename 9791@fv-az395-453
2021-11-14 01:05:35,907 [Listener at 127.0.0.1/34021] INFO  server.RaftServer (RaftServerProxy.java:lambda$close$6(391)) - om1: close
2021-11-14 01:05:35,918 [Listener at 127.0.0.1/34021] INFO  server.RaftServer$Division (RaftServerImpl.java:lambda$close$4(412)) - om1@group-C5BA1605619E: shutdown
2021-11-14 01:05:35,907 [IPC Server Responder] INFO  ipc.Server (Server.java:run(1512)) - Stopping IPC Server Responder
2021-11-14 01:05:35,918 [Listener at 127.0.0.1/34021] INFO  util.JmxRegister (JmxRegister.java:unregister(73)) - Successfully un-registered JMX Bean with object name Ratis:service=RaftServer,group=group-C5BA1605619E,id=om1
2021-11-14 01:05:35,918 [Listener at 127.0.0.1/34021] INFO  impl.RoleInfo (RoleInfo.java:shutdownLeaderState(91)) - om1: shutdown om1@group-C5BA1605619E-LeaderStateImpl
2021-11-14 01:05:35,919 [pool-635-thread-1] INFO  storage.RaftStorage (RaftStorageImpl.java:format(89)) - Storage directory /home/runner/work/ozone/ozone/hadoop-ozone/integration-test/target/test-dir/MiniOzoneClusterImpl-5b6cbd2a-2976-43bc-8d1c-e3ca86cddeeb/datanode-6/data/ratis/b601b5a7-45d0-45c0-b013-4276e13490a7 has been successfully formatted.
2021-11-14 01:05:35,919 [pool-635-thread-1] INFO  ratis.ContainerStateMachine (ContainerStateMachine.java:loadSnapshot(224)) - group-4276E13490A7: The snapshot info is null. Setting the last applied indexto:(t:0, i:~)
2021-11-14 01:05:35,919 [pool-635-thread-1] INFO  server.RaftServerConfigKeys (ConfUtils.java:logGet(44)) - raft.server.notification.no-leader.timeout = 300000ms (custom)
2021-11-14 01:05:35,919 [pool-635-thread-1] INFO  server.RaftServerConfigKeys (ConfUtils.java:logGet(44)) - raft.server.log.use.memory = false (default)
2021-11-14 01:05:35,919 [pool-635-thread-1] INFO  server.RaftServerConfigKeys (ConfUtils.java:logGet(44)) - raft.server.log.purge.gap = 1000000 (custom)
2021-11-14 01:05:35,919 [pool-635-thread-1] INFO  server.RaftServerConfigKeys (ConfUtils.java:logGet(44)) - raft.server.log.appender.buffer.byte-limit = 33554432 (custom)
2021-11-14 01:05:35,920 [Listener at 127.0.0.1/34021] INFO  impl.PendingRequests (PendingRequests.java:sendNotLeaderResponses(282)) - om1@group-C5BA1605619E-PendingRequests: sendNotLeaderResponses
2021-11-14 01:05:35,920 [pool-635-thread-1] INFO  server.RaftServerConfigKeys (ConfUtils.java:logGet(44)) - raft.server.log.segment.size.max = 1048576 (custom)
2021-11-14 01:05:35,923 [pool-635-thread-1] INFO  server.RaftServerConfigKeys (ConfUtils.java:logGet(44)) - raft.server.log.segment.cache.num.max = 2 (custom)
2021-11-14 01:05:35,923 [pool-635-thread-1] INFO  server.RaftServerConfigKeys (ConfUtils.java:logGet(44)) - raft.server.log.segment.cache.size.max = 200MB (=209715200) (default)
2021-11-14 01:05:35,923 [pool-635-thread-1] INFO  segmented.SegmentedRaftLogWorker (SegmentedRaftLogWorker.java:<init>(182)) - new eb0c46e4-5725-4afa-bb96-e719b980f47a@group-4276E13490A7-SegmentedRaftLogWorker for RaftStorageImpl:Storage Directory /home/runner/work/ozone/ozone/hadoop-ozone/integration-test/target/test-dir/MiniOzoneClusterImpl-5b6cbd2a-2976-43bc-8d1c-e3ca86cddeeb/datanode-6/data/ratis/b601b5a7-45d0-45c0-b013-4276e13490a7
2021-11-14 01:05:35,923 [pool-635-thread-1] INFO  server.RaftServerConfigKeys (ConfUtils.java:logGet(44)) - raft.server.log.queue.byte-limit = 2147483647 (custom)
2021-11-14 01:05:35,923 [pool-635-thread-1] INFO  server.RaftServerConfigKeys (ConfUtils.java:logGet(44)) - raft.server.log.queue.element-limit = 1024 (custom)
2021-11-14 01:05:35,924 [pool-635-thread-1] INFO  server.RaftServerConfigKeys (ConfUtils.java:logGet(44)) - raft.server.log.segment.size.max = 1048576 (custom)
2021-11-14 01:05:35,924 [pool-635-thread-1] INFO  server.RaftServerConfigKeys (ConfUtils.java:logGet(44)) - raft.server.log.preallocated.size = 16384 (custom)
2021-11-14 01:05:35,924 [pool-635-thread-1] INFO  server.RaftServerConfigKeys (ConfUtils.java:logGet(44)) - raft.server.log.force.sync.num = 128 (default)
2021-11-14 01:05:35,924 [pool-635-thread-1] INFO  server.RaftServerConfigKeys (ConfUtils.java:logGet(44)) - raft.server.log.statemachine.data.sync = true (default)
2021-11-14 01:05:35,925 [pool-635-thread-1] INFO  server.RaftServerConfigKeys (ConfUtils.java:logGet(44)) - raft.server.log.statemachine.data.sync.timeout = 10s (default)
2021-11-14 01:05:35,925 [pool-635-thread-1] INFO  server.RaftServerConfigKeys (ConfUtils.java:logGet(44)) - raft.server.log.statemachine.data.sync.timeout.retry = -1 (default)
2021-11-14 01:05:35,926 [pool-635-thread-1] INFO  server.RaftServerConfigKeys (ConfUtils.java:logGet(44)) - raft.server.log.write.buffer.size = 1048576 (custom)
2021-11-14 01:05:35,927 [pool-635-thread-1] INFO  server.RaftServerConfigKeys (ConfUtils.java:logGet(44)) - raft.server.log.statemachine.data.caching.enabled = true (custom)
2021-11-14 01:05:35,923 [pool-693-thread-1] INFO  server.RaftServerConfigKeys (ConfUtils.java:logGet(44)) - raft.server.log.write.buffer.size = 1048576 (custom)
2021-11-14 01:05:35,930 [pool-693-thread-1] INFO  server.RaftServerConfigKeys (ConfUtils.java:logGet(44)) - raft.server.log.statemachine.data.caching.enabled = true (custom)
2021-11-14 01:05:35,930 [pool-693-thread-1] INFO  segmented.SegmentedRaftLogWorker (SegmentedRaftLogWorker.java:lambda$new$0(133)) - 42593a4f-89d4-4363-aad7-ee84fdc40b17@group-046F1A34B9C3-SegmentedRaftLogWorker: flushIndex: setUnconditionally 0 -> -1
2021-11-14 01:05:35,930 [pool-693-thread-1] INFO  segmented.SegmentedRaftLogWorker (SegmentedRaftLogWorker.java:lambda$new$0(133)) - 42593a4f-89d4-4363-aad7-ee84fdc40b17@group-046F1A34B9C3-SegmentedRaftLogWorker: safeCacheEvictIndex: setUnconditionally 0 -> -1
2021-11-14 01:05:35,930 [pool-635-thread-1] INFO  segmented.SegmentedRaftLogWorker (SegmentedRaftLogWorker.java:lambda$new$0(133)) - eb0c46e4-5725-4afa-bb96-e719b980f47a@group-4276E13490A7-SegmentedRaftLogWorker: flushIndex: setUnconditionally 0 -> -1
2021-11-14 01:05:35,930 [pool-635-thread-1] INFO  segmented.SegmentedRaftLogWorker (SegmentedRaftLogWorker.java:lambda$new$0(133)) - eb0c46e4-5725-4afa-bb96-e719b980f47a@group-4276E13490A7-SegmentedRaftLogWorker: safeCacheEvictIndex: setUnconditionally 0 -> -1
2021-11-14 01:05:35,936 [pool-693-thread-1] INFO  server.RaftServerConfigKeys (ConfUtils.java:logGet(44)) - raft.server.snapshot.auto.trigger.enabled = true (custom)
2021-11-14 01:05:35,936 [pool-693-thread-1] INFO  server.RaftServerConfigKeys (ConfUtils.java:logGet(44)) - raft.server.snapshot.auto.trigger.threshold = 10000 (custom)
2021-11-14 01:05:35,936 [pool-693-thread-1] INFO  server.RaftServerConfigKeys (ConfUtils.java:logGet(44)) - raft.server.snapshot.retention.file.num = 5 (custom)
2021-11-14 01:05:35,936 [pool-693-thread-1] INFO  server.RaftServerConfigKeys (ConfUtils.java:logGet(44)) - raft.server.log.purge.upto.snapshot.index = false (default)
2021-11-14 01:05:35,936 [pool-693-thread-1] INFO  server.RaftServerConfigKeys (ConfUtils.java:logGet(44)) - raft.server.retrycache.expirytime = 600000ms (custom)
2021-11-14 01:05:35,937 [pool-693-thread-1] INFO  server.RaftServerConfigKeys (ConfUtils.java:logGet(44)) - raft.server.retrycache.statistics.expirytime = 100μs (default)
2021-11-14 01:05:35,938 [pool-693-thread-1] INFO  server.RaftServer$Division (RaftServerImpl.java:start(301)) - 42593a4f-89d4-4363-aad7-ee84fdc40b17@group-046F1A34B9C3: start as a follower, conf=-1: [42593a4f-89d4-4363-aad7-ee84fdc40b17|rpc:10.1.0.47:38117|priority:1], old=null
2021-11-14 01:05:35,969 [pool-693-thread-1] INFO  server.RaftServer$Division (RaftServerImpl.java:setRole(290)) - 42593a4f-89d4-4363-aad7-ee84fdc40b17@group-046F1A34B9C3: changes role from      null to FOLLOWER at term 0 for startAsFollower
2021-11-14 01:05:35,969 [pool-693-thread-1] INFO  impl.RoleInfo (RoleInfo.java:updateAndGet(130)) - 42593a4f-89d4-4363-aad7-ee84fdc40b17: start 42593a4f-89d4-4363-aad7-ee84fdc40b17@group-046F1A34B9C3-FollowerState
2021-11-14 01:05:35,970 [pool-693-thread-1] INFO  util.JmxRegister (JmxRegister.java:tryRegister(44)) - Successfully registered JMX Bean with object name Ratis:service=RaftServer,group=group-046F1A34B9C3,id=42593a4f-89d4-4363-aad7-ee84fdc40b17
2021-11-14 01:05:35,971 [Command processor thread] INFO  ratis.XceiverServerRatis (XceiverServerRatis.java:addGroup(768)) - Created group PipelineID=cc1dc006-f3c4-4fc8-af80-046f1a34b9c3
2021-11-14 01:05:35,971 [Command processor thread] INFO  commandhandler.CreatePipelineCommandHandler (CreatePipelineCommandHandler.java:handle(106)) - Created Pipeline RATIS ONE PipelineID=cc1dc006-f3c4-4fc8-af80-046f1a34b9c3.
2021-11-14 01:05:35,971 [Command processor thread] INFO  server.RaftServer (RaftServerProxy.java:addNew(95)) - 42593a4f-89d4-4363-aad7-ee84fdc40b17: addNew group-4276E13490A7:[a5432c49-5461-405d-b7d7-37e5c225d9bf|rpc:10.1.0.47:33007|priority:0, 42593a4f-89d4-4363-aad7-ee84fdc40b17|rpc:10.1.0.47:38117|priority:1, eb0c46e4-5725-4afa-bb96-e719b980f47a|rpc:10.1.0.47:38135|priority:0] returns group-4276E13490A7:java.util.concurrent.CompletableFuture@615aa67c[Not completed]
2021-11-14 01:05:35,957 [om1@group-C5BA1605619E-StateMachineUpdater] INFO  ratis.OzoneManagerStateMachine (OzoneManagerStateMachine.java:takeSnapshot(417)) - Current Snapshot Index (t:1, i:10)
2021-11-14 01:05:35,973 [om1@group-C5BA1605619E-StateMachineUpdater] INFO  impl.StateMachineUpdater (StateMachineUpdater.java:takeSnapshot(281)) - om1@group-C5BA1605619E-StateMachineUpdater: Took a snapshot at index 10
2021-11-14 01:05:35,973 [om1@group-C5BA1605619E-StateMachineUpdater] INFO  impl.StateMachineUpdater (StateMachineUpdater.java:lambda$new$0(89)) - om1@group-C5BA1605619E-StateMachineUpdater: snapshotIndex: updateIncreasingly -1 -> 10
2021-11-14 01:05:35,973 [om1@group-C5BA1605619E-StateMachineUpdater] INFO  ratis.OzoneManagerStateMachine (OzoneManagerStateMachine.java:close(471)) - StateMachine has shutdown. Shutdown OzoneManager if not already shutdown.
2021-11-14 01:05:35,955 [Listener at 127.0.0.1/34021] INFO  impl.StateMachineUpdater (StateMachineUpdater.java:stopAndJoin(149)) - om1@group-C5BA1605619E-StateMachineUpdater: set stopIndex = 10
2021-11-14 01:05:35,974 [Listener at 127.0.0.1/34021] INFO  server.RaftServer$Division (ServerState.java:close(419)) - om1@group-C5BA1605619E: closes. applyIndex: 10
2021-11-14 01:05:35,947 [pool-635-thread-1] INFO  server.RaftServerConfigKeys (ConfUtils.java:logGet(44)) - raft.server.snapshot.auto.trigger.enabled = true (custom)
2021-11-14 01:05:35,974 [pool-635-thread-1] INFO  server.RaftServerConfigKeys (ConfUtils.java:logGet(44)) - raft.server.snapshot.auto.trigger.threshold = 10000 (custom)
2021-11-14 01:05:35,974 [pool-635-thread-1] INFO  server.RaftServerConfigKeys (ConfUtils.java:logGet(44)) - raft.server.snapshot.retention.file.num = 5 (custom)
2021-11-14 01:05:35,974 [pool-635-thread-1] INFO  server.RaftServerConfigKeys (ConfUtils.java:logGet(44)) - raft.server.log.purge.upto.snapshot.index = false (default)
2021-11-14 01:05:35,974 [pool-635-thread-1] INFO  server.RaftServerConfigKeys (ConfUtils.java:logGet(44)) - raft.server.retrycache.expirytime = 600000ms (custom)
2021-11-14 01:05:35,974 [pool-635-thread-1] INFO  server.RaftServerConfigKeys (ConfUtils.java:logGet(44)) - raft.server.retrycache.statistics.expirytime = 100μs (default)
2021-11-14 01:05:35,975 [pool-693-thread-1] INFO  server.RaftServer$Division (RaftServerImpl.java:<init>(184)) - 42593a4f-89d4-4363-aad7-ee84fdc40b17: new RaftServerImpl for group-4276E13490A7:[a5432c49-5461-405d-b7d7-37e5c225d9bf|rpc:10.1.0.47:33007|priority:0, 42593a4f-89d4-4363-aad7-ee84fdc40b17|rpc:10.1.0.47:38117|priority:1, eb0c46e4-5725-4afa-bb96-e719b980f47a|rpc:10.1.0.47:38135|priority:0] with ContainerStateMachine:uninitialized
2021-11-14 01:05:35,975 [pool-693-thread-1] INFO  server.RaftServerConfigKeys (ConfUtils.java:logGet(44)) - raft.server.rpc.timeout.min = 5s (custom)
2021-11-14 01:05:35,975 [pool-693-thread-1] INFO  server.RaftServerConfigKeys (ConfUtils.java:logGet(44)) - raft.server.rpc.timeout.max = 5200ms (custom)
2021-11-14 01:05:35,975 [pool-693-thread-1] INFO  server.RaftServerConfigKeys (ConfUtils.java:logGet(44)) - raft.server.rpc.sleep.time = 25ms (default)
2021-11-14 01:05:35,975 [pool-693-thread-1] INFO  server.RaftServerConfigKeys (ConfUtils.java:logGet(44)) - raft.server.rpc.slowness.timeout = 300000ms (custom)
2021-11-14 01:05:35,975 [pool-693-thread-1] INFO  server.RaftServerConfigKeys (ConfUtils.java:logGet(44)) - raft.server.leaderelection.leader.step-down.wait-time = 10s (default)
2021-11-14 01:05:35,975 [pool-693-thread-1] INFO  server.RaftServerConfigKeys (ConfUtils.java:logGet(44)) - raft.server.sleep.deviation.threshold = 300ms (default)
2021-11-14 01:05:35,975 [pool-693-thread-1] INFO  server.RaftServerConfigKeys (ConfUtils.java:logGet(44)) - raft.server.log.appender.install.snapshot.enabled = false (custom)
2021-11-14 01:05:35,975 [pool-693-thread-1] INFO  server.RaftServer$Division (ServerState.java:<init>(105)) - 42593a4f-89d4-4363-aad7-ee84fdc40b17@group-4276E13490A7: ConfigurationManager, init=-1: [a5432c49-5461-405d-b7d7-37e5c225d9bf|rpc:10.1.0.47:33007|priority:0, 42593a4f-89d4-4363-aad7-ee84fdc40b17|rpc:10.1.0.47:38117|priority:1, eb0c46e4-5725-4afa-bb96-e719b980f47a|rpc:10.1.0.47:38135|priority:0], old=null, confs=<EMPTY_MAP>
2021-11-14 01:05:35,975 [pool-693-thread-1] INFO  server.RaftServerConfigKeys (ConfUtils.java:logGet(44)) - raft.server.storage.dir = [/home/runner/work/ozone/ozone/hadoop-ozone/integration-test/target/test-dir/MiniOzoneClusterImpl-5b6cbd2a-2976-43bc-8d1c-e3ca86cddeeb/datanode-2/data/ratis] (custom)
2021-11-14 01:05:35,976 [pool-693-thread-1] INFO  server.RaftServerConfigKeys (ConfUtils.java:logGet(44)) - raft.server.log.corruption.policy = EXCEPTION (default)
2021-11-14 01:05:35,976 [pool-693-thread-1] INFO  server.RaftServerConfigKeys (ConfUtils.java:logGet(44)) - raft.server.storage.free-space.min = 0MB (=0) (default)
2021-11-14 01:05:35,976 [pool-693-thread-1] INFO  storage.RaftStorageDirectory (RaftStorageDirectoryImpl.java:analyzeStorage(135)) - The storage directory /home/runner/work/ozone/ozone/hadoop-ozone/integration-test/target/test-dir/MiniOzoneClusterImpl-5b6cbd2a-2976-43bc-8d1c-e3ca86cddeeb/datanode-2/data/ratis/b601b5a7-45d0-45c0-b013-4276e13490a7 does not exist. Creating ...
2021-11-14 01:05:35,976 [pool-635-thread-1] INFO  server.RaftServer$Division (RaftServerImpl.java:start(301)) - eb0c46e4-5725-4afa-bb96-e719b980f47a@group-4276E13490A7: start as a follower, conf=-1: [a5432c49-5461-405d-b7d7-37e5c225d9bf|rpc:10.1.0.47:33007|priority:0, 42593a4f-89d4-4363-aad7-ee84fdc40b17|rpc:10.1.0.47:38117|priority:1, eb0c46e4-5725-4afa-bb96-e719b980f47a|rpc:10.1.0.47:38135|priority:0], old=null
2021-11-14 01:05:35,976 [pool-635-thread-1] INFO  server.RaftServer$Division (RaftServerImpl.java:setRole(290)) - eb0c46e4-5725-4afa-bb96-e719b980f47a@group-4276E13490A7: changes role from      null to FOLLOWER at term 0 for startAsFollower
2021-11-14 01:05:35,976 [pool-635-thread-1] INFO  impl.RoleInfo (RoleInfo.java:updateAndGet(130)) - eb0c46e4-5725-4afa-bb96-e719b980f47a: start eb0c46e4-5725-4afa-bb96-e719b980f47a@group-4276E13490A7-FollowerState
2021-11-14 01:05:35,974 [om1@group-C5BA1605619E-SegmentedRaftLogWorker] INFO  segmented.SegmentedRaftLogWorker (SegmentedRaftLogWorker.java:run(327)) - om1@group-C5BA1605619E-SegmentedRaftLogWorker was interrupted, exiting. There are 0 tasks remaining in the queue.
2021-11-14 01:05:35,976 [pool-635-thread-1] INFO  util.JmxRegister (JmxRegister.java:tryRegister(44)) - Successfully registered JMX Bean with object name Ratis:service=RaftServer,group=group-4276E13490A7,id=eb0c46e4-5725-4afa-bb96-e719b980f47a
2021-11-14 01:05:35,987 [pool-693-thread-1] INFO  storage.RaftStorageDirectory (RaftStorageDirectoryImpl.java:tryLock(230)) - Lock on /home/runner/work/ozone/ozone/hadoop-ozone/integration-test/target/test-dir/MiniOzoneClusterImpl-5b6cbd2a-2976-43bc-8d1c-e3ca86cddeeb/datanode-2/data/ratis/b601b5a7-45d0-45c0-b013-4276e13490a7/in_use.lock acquired by nodename 9791@fv-az395-453
2021-11-14 01:05:35,990 [pool-693-thread-1] INFO  storage.RaftStorage (RaftStorageImpl.java:format(89)) - Storage directory /home/runner/work/ozone/ozone/hadoop-ozone/integration-test/target/test-dir/MiniOzoneClusterImpl-5b6cbd2a-2976-43bc-8d1c-e3ca86cddeeb/datanode-2/data/ratis/b601b5a7-45d0-45c0-b013-4276e13490a7 has been successfully formatted.
2021-11-14 01:05:36,002 [Command processor thread] INFO  ratis.XceiverServerRatis (XceiverServerRatis.java:addGroup(768)) - Created group PipelineID=b601b5a7-45d0-45c0-b013-4276e13490a7
2021-11-14 01:05:36,006 [pool-693-thread-1] INFO  ratis.ContainerStateMachine (ContainerStateMachine.java:loadSnapshot(224)) - group-4276E13490A7: The snapshot info is null. Setting the last applied indexto:(t:0, i:~)
2021-11-14 01:05:36,006 [pool-693-thread-1] INFO  server.RaftServerConfigKeys (ConfUtils.java:logGet(44)) - raft.server.notification.no-leader.timeout = 300000ms (custom)
2021-11-14 01:05:36,006 [pool-693-thread-1] INFO  server.RaftServerConfigKeys (ConfUtils.java:logGet(44)) - raft.server.log.use.memory = false (default)
2021-11-14 01:05:36,006 [pool-693-thread-1] INFO  server.RaftServerConfigKeys (ConfUtils.java:logGet(44)) - raft.server.log.purge.gap = 1000000 (custom)
2021-11-14 01:05:36,006 [pool-693-thread-1] INFO  server.RaftServerConfigKeys (ConfUtils.java:logGet(44)) - raft.server.log.appender.buffer.byte-limit = 33554432 (custom)
2021-11-14 01:05:36,006 [pool-693-thread-1] INFO  server.RaftServerConfigKeys (ConfUtils.java:logGet(44)) - raft.server.log.segment.size.max = 1048576 (custom)
2021-11-14 01:05:36,007 [pool-693-thread-1] INFO  server.RaftServerConfigKeys (ConfUtils.java:logGet(44)) - raft.server.log.segment.cache.num.max = 2 (custom)
2021-11-14 01:05:36,007 [pool-693-thread-1] INFO  server.RaftServerConfigKeys (ConfUtils.java:logGet(44)) - raft.server.log.segment.cache.size.max = 200MB (=209715200) (default)
2021-11-14 01:05:36,007 [pool-693-thread-1] INFO  segmented.SegmentedRaftLogWorker (SegmentedRaftLogWorker.java:<init>(182)) - new 42593a4f-89d4-4363-aad7-ee84fdc40b17@group-4276E13490A7-SegmentedRaftLogWorker for RaftStorageImpl:Storage Directory /home/runner/work/ozone/ozone/hadoop-ozone/integration-test/target/test-dir/MiniOzoneClusterImpl-5b6cbd2a-2976-43bc-8d1c-e3ca86cddeeb/datanode-2/data/ratis/b601b5a7-45d0-45c0-b013-4276e13490a7
2021-11-14 01:05:36,007 [pool-693-thread-1] INFO  server.RaftServerConfigKeys (ConfUtils.java:logGet(44)) - raft.server.log.queue.byte-limit = 2147483647 (custom)
2021-11-14 01:05:36,007 [pool-693-thread-1] INFO  server.RaftServerConfigKeys (ConfUtils.java:logGet(44)) - raft.server.log.queue.element-limit = 1024 (custom)
2021-11-14 01:05:36,007 [pool-693-thread-1] INFO  server.RaftServerConfigKeys (ConfUtils.java:logGet(44)) - raft.server.log.segment.size.max = 1048576 (custom)
2021-11-14 01:05:36,007 [pool-693-thread-1] INFO  server.RaftServerConfigKeys (ConfUtils.java:logGet(44)) - raft.server.log.preallocated.size = 16384 (custom)
2021-11-14 01:05:36,007 [pool-693-thread-1] INFO  server.RaftServerConfigKeys (ConfUtils.java:logGet(44)) - raft.server.log.force.sync.num = 128 (default)
2021-11-14 01:05:36,007 [pool-693-thread-1] INFO  server.RaftServerConfigKeys (ConfUtils.java:logGet(44)) - raft.server.log.statemachine.data.sync = true (default)
2021-11-14 01:05:36,007 [pool-693-thread-1] INFO  server.RaftServerConfigKeys (ConfUtils.java:logGet(44)) - raft.server.log.statemachine.data.sync.timeout = 10s (default)
2021-11-14 01:05:36,007 [pool-693-thread-1] INFO  server.RaftServerConfigKeys (ConfUtils.java:logGet(44)) - raft.server.log.statemachine.data.sync.timeout.retry = -1 (default)
2021-11-14 01:05:36,009 [pool-693-thread-1] INFO  server.RaftServerConfigKeys (ConfUtils.java:logGet(44)) - raft.server.log.write.buffer.size = 1048576 (custom)
2021-11-14 01:05:36,013 [Listener at 127.0.0.1/34021] INFO  segmented.SegmentedRaftLogWorker (SegmentedRaftLogWorker.java:close(237)) - om1@group-C5BA1605619E-SegmentedRaftLogWorker close()
2021-11-14 01:05:36,017 [Listener at 127.0.0.1/34021] INFO  server.GrpcService (GrpcService.java:closeImpl(262)) - om1: shutdown server with port 9872 now
2021-11-14 01:05:36,018 [Listener at 127.0.0.1/34021] INFO  server.GrpcService (GrpcService.java:closeImpl(271)) - om1: shutdown server with port 9872 successfully
2021-11-14 01:05:36,018 [org.apache.ratis.util.JvmPauseMonitor$$Lambda$531/1045442098@41de3a09] INFO  util.JvmPauseMonitor (JvmPauseMonitor.java:run(109)) - JvmPauseMonitor-om1: Stopped
2021-11-14 01:05:36,018 [Listener at 127.0.0.1/34021] INFO  ratis.OzoneManagerDoubleBuffer (OzoneManagerDoubleBuffer.java:stop(437)) - Stopping OMDoubleBuffer flush thread
2021-11-14 01:05:36,018 [OMDoubleBufferFlushThread] INFO  ratis.OzoneManagerDoubleBuffer (OzoneManagerDoubleBuffer.java:flushTransactions(356)) - OMDoubleBuffer flush thread OMDoubleBufferFlushThread is interrupted and will exit. OMDoubleBufferFlushThread
2021-11-14 01:05:36,030 [pool-693-thread-1] INFO  server.RaftServerConfigKeys (ConfUtils.java:logGet(44)) - raft.server.log.statemachine.data.caching.enabled = true (custom)
2021-11-14 01:05:36,031 [pool-693-thread-1] INFO  segmented.SegmentedRaftLogWorker (SegmentedRaftLogWorker.java:lambda$new$0(133)) - 42593a4f-89d4-4363-aad7-ee84fdc40b17@group-4276E13490A7-SegmentedRaftLogWorker: flushIndex: setUnconditionally 0 -> -1
2021-11-14 01:05:36,031 [pool-693-thread-1] INFO  segmented.SegmentedRaftLogWorker (SegmentedRaftLogWorker.java:lambda$new$0(133)) - 42593a4f-89d4-4363-aad7-ee84fdc40b17@group-4276E13490A7-SegmentedRaftLogWorker: safeCacheEvictIndex: setUnconditionally 0 -> -1
2021-11-14 01:05:36,042 [pool-693-thread-1] INFO  server.RaftServerConfigKeys (ConfUtils.java:logGet(44)) - raft.server.snapshot.auto.trigger.enabled = true (custom)
2021-11-14 01:05:36,042 [pool-693-thread-1] INFO  server.RaftServerConfigKeys (ConfUtils.java:logGet(44)) - raft.server.snapshot.auto.trigger.threshold = 10000 (custom)
2021-11-14 01:05:36,042 [pool-693-thread-1] INFO  server.RaftServerConfigKeys (ConfUtils.java:logGet(44)) - raft.server.snapshot.retention.file.num = 5 (custom)
2021-11-14 01:05:36,043 [pool-693-thread-1] INFO  server.RaftServerConfigKeys (ConfUtils.java:logGet(44)) - raft.server.log.purge.upto.snapshot.index = false (default)
2021-11-14 01:05:36,043 [pool-693-thread-1] INFO  server.RaftServerConfigKeys (ConfUtils.java:logGet(44)) - raft.server.retrycache.expirytime = 600000ms (custom)
2021-11-14 01:05:36,043 [pool-693-thread-1] INFO  server.RaftServerConfigKeys (ConfUtils.java:logGet(44)) - raft.server.retrycache.statistics.expirytime = 100μs (default)
2021-11-14 01:05:36,045 [pool-693-thread-1] INFO  server.RaftServer$Division (RaftServerImpl.java:start(301)) - 42593a4f-89d4-4363-aad7-ee84fdc40b17@group-4276E13490A7: start as a follower, conf=-1: [a5432c49-5461-405d-b7d7-37e5c225d9bf|rpc:10.1.0.47:33007|priority:0, 42593a4f-89d4-4363-aad7-ee84fdc40b17|rpc:10.1.0.47:38117|priority:1, eb0c46e4-5725-4afa-bb96-e719b980f47a|rpc:10.1.0.47:38135|priority:0], old=null
2021-11-14 01:05:36,045 [pool-693-thread-1] INFO  server.RaftServer$Division (RaftServerImpl.java:setRole(290)) - 42593a4f-89d4-4363-aad7-ee84fdc40b17@group-4276E13490A7: changes role from      null to FOLLOWER at term 0 for startAsFollower
2021-11-14 01:05:36,045 [pool-693-thread-1] INFO  impl.RoleInfo (RoleInfo.java:updateAndGet(130)) - 42593a4f-89d4-4363-aad7-ee84fdc40b17: start 42593a4f-89d4-4363-aad7-ee84fdc40b17@group-4276E13490A7-FollowerState
2021-11-14 01:05:36,053 [pool-693-thread-1] INFO  util.JmxRegister (JmxRegister.java:tryRegister(44)) - Successfully registered JMX Bean with object name Ratis:service=RaftServer,group=group-4276E13490A7,id=42593a4f-89d4-4363-aad7-ee84fdc40b17
2021-11-14 01:05:36,061 [Listener at 127.0.0.1/34021] INFO  utils.BackgroundService (BackgroundService.java:shutdown(132)) - Shutting down service KeyDeletingService
2021-11-14 01:05:36,065 [Listener at 127.0.0.1/34021] INFO  utils.BackgroundService (BackgroundService.java:shutdown(132)) - Shutting down service DirectoryDeletingService
2021-11-14 01:05:36,066 [Listener at 127.0.0.1/34021] INFO  handler.ContextHandler (ContextHandler.java:doStop(1153)) - Stopped o.e.j.w.WebAppContext@183bbdf2{ozoneManager,/,null,STOPPED}{file:/home/runner/work/ozone/ozone/hadoop-ozone/integration-test/target/test-classes/webapps/ozoneManager}
2021-11-14 01:05:36,067 [Listener at 127.0.0.1/34021] INFO  server.AbstractConnector (AbstractConnector.java:doStop(381)) - Stopped ServerConnector@7115c95{HTTP/1.1, (http/1.1)}{0.0.0.0:0}
2021-11-14 01:05:36,067 [Listener at 127.0.0.1/34021] INFO  server.session (HouseKeeper.java:stopScavenging(149)) - node0 Stopped scavenging
2021-11-14 01:05:36,067 [grpc-default-executor-2] INFO  server.RaftServer (RaftServerProxy.java:addNew(95)) - a5432c49-5461-405d-b7d7-37e5c225d9bf: addNew group-4276E13490A7:[a5432c49-5461-405d-b7d7-37e5c225d9bf|rpc:10.1.0.47:33007|dataStream:|priority:0, 42593a4f-89d4-4363-aad7-ee84fdc40b17|rpc:10.1.0.47:38117|dataStream:|priority:1, eb0c46e4-5725-4afa-bb96-e719b980f47a|rpc:10.1.0.47:38135|dataStream:|priority:0] returns group-4276E13490A7:java.util.concurrent.CompletableFuture@10bf6004[Not completed]
2021-11-14 01:05:36,068 [pool-540-thread-1] INFO  server.RaftServer$Division (RaftServerImpl.java:<init>(184)) - a5432c49-5461-405d-b7d7-37e5c225d9bf: new RaftServerImpl for group-4276E13490A7:[a5432c49-5461-405d-b7d7-37e5c225d9bf|rpc:10.1.0.47:33007|dataStream:|priority:0, 42593a4f-89d4-4363-aad7-ee84fdc40b17|rpc:10.1.0.47:38117|dataStream:|priority:1, eb0c46e4-5725-4afa-bb96-e719b980f47a|rpc:10.1.0.47:38135|dataStream:|priority:0] with ContainerStateMachine:uninitialized
2021-11-14 01:05:36,068 [pool-540-thread-1] INFO  server.RaftServerConfigKeys (ConfUtils.java:logGet(44)) - raft.server.rpc.timeout.min = 5s (custom)
2021-11-14 01:05:36,068 [pool-540-thread-1] INFO  server.RaftServerConfigKeys (ConfUtils.java:logGet(44)) - raft.server.rpc.timeout.max = 5200ms (custom)
2021-11-14 01:05:36,068 [pool-540-thread-1] INFO  server.RaftServerConfigKeys (ConfUtils.java:logGet(44)) - raft.server.rpc.sleep.time = 25ms (default)
2021-11-14 01:05:36,068 [pool-540-thread-1] INFO  server.RaftServerConfigKeys (ConfUtils.java:logGet(44)) - raft.server.rpc.slowness.timeout = 300000ms (custom)
2021-11-14 01:05:36,068 [pool-540-thread-1] INFO  server.RaftServerConfigKeys (ConfUtils.java:logGet(44)) - raft.server.leaderelection.leader.step-down.wait-time = 10s (default)
2021-11-14 01:05:36,068 [pool-540-thread-1] INFO  server.RaftServerConfigKeys (ConfUtils.java:logGet(44)) - raft.server.sleep.deviation.threshold = 300ms (default)
2021-11-14 01:05:36,068 [pool-540-thread-1] INFO  server.RaftServerConfigKeys (ConfUtils.java:logGet(44)) - raft.server.log.appender.install.snapshot.enabled = false (custom)
2021-11-14 01:05:36,068 [pool-540-thread-1] INFO  server.RaftServer$Division (ServerState.java:<init>(105)) - a5432c49-5461-405d-b7d7-37e5c225d9bf@group-4276E13490A7: ConfigurationManager, init=-1: [a5432c49-5461-405d-b7d7-37e5c225d9bf|rpc:10.1.0.47:33007|dataStream:|priority:0, 42593a4f-89d4-4363-aad7-ee84fdc40b17|rpc:10.1.0.47:38117|dataStream:|priority:1, eb0c46e4-5725-4afa-bb96-e719b980f47a|rpc:10.1.0.47:38135|dataStream:|priority:0], old=null, confs=<EMPTY_MAP>
2021-11-14 01:05:36,068 [pool-540-thread-1] INFO  server.RaftServerConfigKeys (ConfUtils.java:logGet(44)) - raft.server.storage.dir = [/home/runner/work/ozone/ozone/hadoop-ozone/integration-test/target/test-dir/MiniOzoneClusterImpl-5b6cbd2a-2976-43bc-8d1c-e3ca86cddeeb/datanode-1/data/ratis] (custom)
2021-11-14 01:05:36,069 [pool-540-thread-1] INFO  server.RaftServerConfigKeys (ConfUtils.java:logGet(44)) - raft.server.log.corruption.policy = EXCEPTION (default)
2021-11-14 01:05:36,069 [pool-540-thread-1] INFO  server.RaftServerConfigKeys (ConfUtils.java:logGet(44)) - raft.server.storage.free-space.min = 0MB (=0) (default)
2021-11-14 01:05:36,069 [pool-540-thread-1] INFO  storage.RaftStorageDirectory (RaftStorageDirectoryImpl.java:analyzeStorage(135)) - The storage directory /home/runner/work/ozone/ozone/hadoop-ozone/integration-test/target/test-dir/MiniOzoneClusterImpl-5b6cbd2a-2976-43bc-8d1c-e3ca86cddeeb/datanode-1/data/ratis/b601b5a7-45d0-45c0-b013-4276e13490a7 does not exist. Creating ...
2021-11-14 01:05:36,070 [pool-540-thread-1] INFO  storage.RaftStorageDirectory (RaftStorageDirectoryImpl.java:tryLock(230)) - Lock on /home/runner/work/ozone/ozone/hadoop-ozone/integration-test/target/test-dir/MiniOzoneClusterImpl-5b6cbd2a-2976-43bc-8d1c-e3ca86cddeeb/datanode-1/data/ratis/b601b5a7-45d0-45c0-b013-4276e13490a7/in_use.lock acquired by nodename 9791@fv-az395-453
2021-11-14 01:05:36,071 [pool-540-thread-1] INFO  storage.RaftStorage (RaftStorageImpl.java:format(89)) - Storage directory /home/runner/work/ozone/ozone/hadoop-ozone/integration-test/target/test-dir/MiniOzoneClusterImpl-5b6cbd2a-2976-43bc-8d1c-e3ca86cddeeb/datanode-1/data/ratis/b601b5a7-45d0-45c0-b013-4276e13490a7 has been successfully formatted.
2021-11-14 01:05:36,078 [Command processor thread] INFO  ratis.XceiverServerRatis (XceiverServerRatis.java:addGroup(768)) - Created group PipelineID=b601b5a7-45d0-45c0-b013-4276e13490a7
2021-11-14 01:05:36,081 [pool-540-thread-1] INFO  ratis.ContainerStateMachine (ContainerStateMachine.java:loadSnapshot(224)) - group-4276E13490A7: The snapshot info is null. Setting the last applied indexto:(t:0, i:~)
2021-11-14 01:05:36,081 [pool-540-thread-1] INFO  server.RaftServerConfigKeys (ConfUtils.java:logGet(44)) - raft.server.notification.no-leader.timeout = 300000ms (custom)
2021-11-14 01:05:36,081 [pool-540-thread-1] INFO  server.RaftServerConfigKeys (ConfUtils.java:logGet(44)) - raft.server.log.use.memory = false (default)
2021-11-14 01:05:36,081 [pool-540-thread-1] INFO  server.RaftServerConfigKeys (ConfUtils.java:logGet(44)) - raft.server.log.purge.gap = 1000000 (custom)
2021-11-14 01:05:36,082 [pool-540-thread-1] INFO  server.RaftServerConfigKeys (ConfUtils.java:logGet(44)) - raft.server.log.appender.buffer.byte-limit = 33554432 (custom)
2021-11-14 01:05:36,082 [pool-540-thread-1] INFO  server.RaftServerConfigKeys (ConfUtils.java:logGet(44)) - raft.server.log.segment.size.max = 1048576 (custom)
2021-11-14 01:05:36,082 [pool-540-thread-1] INFO  server.RaftServerConfigKeys (ConfUtils.java:logGet(44)) - raft.server.log.segment.cache.num.max = 2 (custom)
2021-11-14 01:05:36,082 [pool-540-thread-1] INFO  server.RaftServerConfigKeys (ConfUtils.java:logGet(44)) - raft.server.log.segment.cache.size.max = 200MB (=209715200) (default)
2021-11-14 01:05:36,082 [pool-540-thread-1] INFO  segmented.SegmentedRaftLogWorker (SegmentedRaftLogWorker.java:<init>(182)) - new a5432c49-5461-405d-b7d7-37e5c225d9bf@group-4276E13490A7-SegmentedRaftLogWorker for RaftStorageImpl:Storage Directory /home/runner/work/ozone/ozone/hadoop-ozone/integration-test/target/test-dir/MiniOzoneClusterImpl-5b6cbd2a-2976-43bc-8d1c-e3ca86cddeeb/datanode-1/data/ratis/b601b5a7-45d0-45c0-b013-4276e13490a7
2021-11-14 01:05:36,082 [pool-540-thread-1] INFO  server.RaftServerConfigKeys (ConfUtils.java:logGet(44)) - raft.server.log.queue.byte-limit = 2147483647 (custom)
2021-11-14 01:05:36,083 [pool-540-thread-1] INFO  server.RaftServerConfigKeys (ConfUtils.java:logGet(44)) - raft.server.log.queue.element-limit = 1024 (custom)
2021-11-14 01:05:36,083 [pool-540-thread-1] INFO  server.RaftServerConfigKeys (ConfUtils.java:logGet(44)) - raft.server.log.segment.size.max = 1048576 (custom)
2021-11-14 01:05:36,083 [pool-540-thread-1] INFO  server.RaftServerConfigKeys (ConfUtils.java:logGet(44)) - raft.server.log.preallocated.size = 16384 (custom)
2021-11-14 01:05:36,083 [pool-540-thread-1] INFO  server.RaftServerConfigKeys (ConfUtils.java:logGet(44)) - raft.server.log.force.sync.num = 128 (default)
2021-11-14 01:05:36,083 [pool-540-thread-1] INFO  server.RaftServerConfigKeys (ConfUtils.java:logGet(44)) - raft.server.log.statemachine.data.sync = true (default)
2021-11-14 01:05:36,083 [pool-540-thread-1] INFO  server.RaftServerConfigKeys (ConfUtils.java:logGet(44)) - raft.server.log.statemachine.data.sync.timeout = 10s (default)
2021-11-14 01:05:36,083 [pool-540-thread-1] INFO  server.RaftServerConfigKeys (ConfUtils.java:logGet(44)) - raft.server.log.statemachine.data.sync.timeout.retry = -1 (default)
2021-11-14 01:05:36,084 [pool-540-thread-1] INFO  server.RaftServerConfigKeys (ConfUtils.java:logGet(44)) - raft.server.log.write.buffer.size = 1048576 (custom)
2021-11-14 01:05:36,085 [pool-540-thread-1] INFO  server.RaftServerConfigKeys (ConfUtils.java:logGet(44)) - raft.server.log.statemachine.data.caching.enabled = true (custom)
2021-11-14 01:05:36,085 [pool-540-thread-1] INFO  segmented.SegmentedRaftLogWorker (SegmentedRaftLogWorker.java:lambda$new$0(133)) - a5432c49-5461-405d-b7d7-37e5c225d9bf@group-4276E13490A7-SegmentedRaftLogWorker: flushIndex: setUnconditionally 0 -> -1
2021-11-14 01:05:36,085 [Listener at 127.0.0.1/34021] INFO  handler.ContextHandler (ContextHandler.java:doStop(1153)) - Stopped o.e.j.s.ServletContextHandler@1a09f3a4{static,/static,file:///home/runner/work/ozone/ozone/hadoop-ozone/integration-test/target/test-classes/webapps/static,STOPPED}
2021-11-14 01:05:36,090 [Listener at 127.0.0.1/34021] INFO  handler.ContextHandler (ContextHandler.java:doStop(1153)) - Stopped o.e.j.s.ServletContextHandler@52fc92f8{logs,/logs,file:///home/runner/work/ozone/ozone/hadoop-ozone/integration-test/target/log,STOPPED}
2021-11-14 01:05:36,090 [pool-540-thread-1] INFO  segmented.SegmentedRaftLogWorker (SegmentedRaftLogWorker.java:lambda$new$0(133)) - a5432c49-5461-405d-b7d7-37e5c225d9bf@group-4276E13490A7-SegmentedRaftLogWorker: safeCacheEvictIndex: setUnconditionally 0 -> -1
2021-11-14 01:05:36,090 [pool-540-thread-1] INFO  server.RaftServerConfigKeys (ConfUtils.java:logGet(44)) - raft.server.snapshot.auto.trigger.enabled = true (custom)
2021-11-14 01:05:36,091 [pool-540-thread-1] INFO  server.RaftServerConfigKeys (ConfUtils.java:logGet(44)) - raft.server.snapshot.auto.trigger.threshold = 10000 (custom)
2021-11-14 01:05:36,091 [pool-540-thread-1] INFO  server.RaftServerConfigKeys (ConfUtils.java:logGet(44)) - raft.server.snapshot.retention.file.num = 5 (custom)
2021-11-14 01:05:36,091 [pool-540-thread-1] INFO  server.RaftServerConfigKeys (ConfUtils.java:logGet(44)) - raft.server.log.purge.upto.snapshot.index = false (default)
2021-11-14 01:05:36,091 [pool-540-thread-1] INFO  server.RaftServerConfigKeys (ConfUtils.java:logGet(44)) - raft.server.retrycache.expirytime = 600000ms (custom)
2021-11-14 01:05:36,091 [pool-540-thread-1] INFO  server.RaftServerConfigKeys (ConfUtils.java:logGet(44)) - raft.server.retrycache.statistics.expirytime = 100μs (default)
2021-11-14 01:05:36,092 [pool-540-thread-1] INFO  server.RaftServer$Division (RaftServerImpl.java:start(301)) - a5432c49-5461-405d-b7d7-37e5c225d9bf@group-4276E13490A7: start as a follower, conf=-1: [a5432c49-5461-405d-b7d7-37e5c225d9bf|rpc:10.1.0.47:33007|dataStream:|priority:0, 42593a4f-89d4-4363-aad7-ee84fdc40b17|rpc:10.1.0.47:38117|dataStream:|priority:1, eb0c46e4-5725-4afa-bb96-e719b980f47a|rpc:10.1.0.47:38135|dataStream:|priority:0], old=null
2021-11-14 01:05:36,092 [pool-540-thread-1] INFO  server.RaftServer$Division (RaftServerImpl.java:setRole(290)) - a5432c49-5461-405d-b7d7-37e5c225d9bf@group-4276E13490A7: changes role from      null to FOLLOWER at term 0 for startAsFollower
2021-11-14 01:05:36,092 [pool-540-thread-1] INFO  impl.RoleInfo (RoleInfo.java:updateAndGet(130)) - a5432c49-5461-405d-b7d7-37e5c225d9bf: start a5432c49-5461-405d-b7d7-37e5c225d9bf@group-4276E13490A7-FollowerState
2021-11-14 01:05:36,093 [pool-540-thread-1] INFO  util.JmxRegister (JmxRegister.java:tryRegister(44)) - Successfully registered JMX Bean with object name Ratis:service=RaftServer,group=group-4276E13490A7,id=a5432c49-5461-405d-b7d7-37e5c225d9bf
2021-11-14 01:05:36,205 [Listener at 127.0.0.1/34021] INFO  ozone.MiniOzoneClusterImpl (MiniOzoneClusterImpl.java:stopDatanodes(527)) - Stopping the HddsDatanodes
2021-11-14 01:05:36,353 [Command processor thread] INFO  commandhandler.CreatePipelineCommandHandler (CreatePipelineCommandHandler.java:handle(106)) - Created Pipeline RATIS THREE PipelineID=b601b5a7-45d0-45c0-b013-4276e13490a7.
2021-11-14 01:05:36,353 [Command processor thread] INFO  server.RaftServer (RaftServerProxy.java:addNew(95)) - eb0c46e4-5725-4afa-bb96-e719b980f47a: addNew group-083767A110ED:[32069a0d-f39a-42d5-b706-96b3f478e9d8|rpc:10.1.0.47:43355|priority:1, 42593a4f-89d4-4363-aad7-ee84fdc40b17|rpc:10.1.0.47:38117|priority:0, eb0c46e4-5725-4afa-bb96-e719b980f47a|rpc:10.1.0.47:38135|priority:0] returns group-083767A110ED:java.util.concurrent.CompletableFuture@117e959[Not completed]
2021-11-14 01:05:36,354 [pool-635-thread-1] INFO  server.RaftServer$Division (RaftServerImpl.java:<init>(184)) - eb0c46e4-5725-4afa-bb96-e719b980f47a: new RaftServerImpl for group-083767A110ED:[32069a0d-f39a-42d5-b706-96b3f478e9d8|rpc:10.1.0.47:43355|priority:1, 42593a4f-89d4-4363-aad7-ee84fdc40b17|rpc:10.1.0.47:38117|priority:0, eb0c46e4-5725-4afa-bb96-e719b980f47a|rpc:10.1.0.47:38135|priority:0] with ContainerStateMachine:uninitialized
2021-11-14 01:05:36,354 [pool-635-thread-1] INFO  server.RaftServerConfigKeys (ConfUtils.java:logGet(44)) - raft.server.rpc.timeout.min = 5s (custom)
2021-11-14 01:05:36,354 [pool-635-thread-1] INFO  server.RaftServerConfigKeys (ConfUtils.java:logGet(44)) - raft.server.rpc.timeout.max = 5200ms (custom)
2021-11-14 01:05:36,354 [pool-635-thread-1] INFO  server.RaftServerConfigKeys (ConfUtils.java:logGet(44)) - raft.server.rpc.sleep.time = 25ms (default)
2021-11-14 01:05:36,354 [pool-635-thread-1] INFO  server.RaftServerConfigKeys (ConfUtils.java:logGet(44)) - raft.server.rpc.slowness.timeout = 300000ms (custom)
2021-11-14 01:05:36,355 [pool-635-thread-1] INFO  server.RaftServerConfigKeys (ConfUtils.java:logGet(44)) - raft.server.leaderelection.leader.step-down.wait-time = 10s (default)
2021-11-14 01:05:36,355 [pool-635-thread-1] INFO  server.RaftServerConfigKeys (ConfUtils.java:logGet(44)) - raft.server.sleep.deviation.threshold = 300ms (default)
2021-11-14 01:05:36,355 [pool-635-thread-1] INFO  server.RaftServerConfigKeys (ConfUtils.java:logGet(44)) - raft.server.log.appender.install.snapshot.enabled = false (custom)
2021-11-14 01:05:36,355 [pool-635-thread-1] INFO  server.RaftServer$Division (ServerState.java:<init>(105)) - eb0c46e4-5725-4afa-bb96-e719b980f47a@group-083767A110ED: ConfigurationManager, init=-1: [32069a0d-f39a-42d5-b706-96b3f478e9d8|rpc:10.1.0.47:43355|priority:1, 42593a4f-89d4-4363-aad7-ee84fdc40b17|rpc:10.1.0.47:38117|priority:0, eb0c46e4-5725-4afa-bb96-e719b980f47a|rpc:10.1.0.47:38135|priority:0], old=null, confs=<EMPTY_MAP>
2021-11-14 01:05:36,355 [pool-635-thread-1] INFO  server.RaftServerConfigKeys (ConfUtils.java:logGet(44)) - raft.server.storage.dir = [/home/runner/work/ozone/ozone/hadoop-ozone/integration-test/target/test-dir/MiniOzoneClusterImpl-5b6cbd2a-2976-43bc-8d1c-e3ca86cddeeb/datanode-6/data/ratis] (custom)
2021-11-14 01:05:36,355 [pool-635-thread-1] INFO  server.RaftServerConfigKeys (ConfUtils.java:logGet(44)) - raft.server.log.corruption.policy = EXCEPTION (default)
2021-11-14 01:05:36,355 [pool-635-thread-1] INFO  server.RaftServerConfigKeys (ConfUtils.java:logGet(44)) - raft.server.storage.free-space.min = 0MB (=0) (default)
2021-11-14 01:05:36,355 [pool-635-thread-1] INFO  storage.RaftStorageDirectory (RaftStorageDirectoryImpl.java:analyzeStorage(135)) - The storage directory /home/runner/work/ozone/ozone/hadoop-ozone/integration-test/target/test-dir/MiniOzoneClusterImpl-5b6cbd2a-2976-43bc-8d1c-e3ca86cddeeb/datanode-6/data/ratis/8e390908-89ca-426b-9455-083767a110ed does not exist. Creating ...
2021-11-14 01:05:36,356 [pool-635-thread-1] INFO  storage.RaftStorageDirectory (RaftStorageDirectoryImpl.java:tryLock(230)) - Lock on /home/runner/work/ozone/ozone/hadoop-ozone/integration-test/target/test-dir/MiniOzoneClusterImpl-5b6cbd2a-2976-43bc-8d1c-e3ca86cddeeb/datanode-6/data/ratis/8e390908-89ca-426b-9455-083767a110ed/in_use.lock acquired by nodename 9791@fv-az395-453
2021-11-14 01:05:36,358 [pool-635-thread-1] INFO  storage.RaftStorage (RaftStorageImpl.java:format(89)) - Storage directory /home/runner/work/ozone/ozone/hadoop-ozone/integration-test/target/test-dir/MiniOzoneClusterImpl-5b6cbd2a-2976-43bc-8d1c-e3ca86cddeeb/datanode-6/data/ratis/8e390908-89ca-426b-9455-083767a110ed has been successfully formatted.
2021-11-14 01:05:36,358 [pool-635-thread-1] INFO  ratis.ContainerStateMachine (ContainerStateMachine.java:loadSnapshot(224)) - group-083767A110ED: The snapshot info is null. Setting the last applied indexto:(t:0, i:~)
2021-11-14 01:05:36,359 [pool-635-thread-1] INFO  server.RaftServerConfigKeys (ConfUtils.java:logGet(44)) - raft.server.notification.no-leader.timeout = 300000ms (custom)
2021-11-14 01:05:36,359 [pool-635-thread-1] INFO  server.RaftServerConfigKeys (ConfUtils.java:logGet(44)) - raft.server.log.use.memory = false (default)
2021-11-14 01:05:36,359 [pool-635-thread-1] INFO  server.RaftServerConfigKeys (ConfUtils.java:logGet(44)) - raft.server.log.purge.gap = 1000000 (custom)
2021-11-14 01:05:36,359 [pool-635-thread-1] INFO  server.RaftServerConfigKeys (ConfUtils.java:logGet(44)) - raft.server.log.appender.buffer.byte-limit = 33554432 (custom)
2021-11-14 01:05:36,359 [pool-635-thread-1] INFO  server.RaftServerConfigKeys (ConfUtils.java:logGet(44)) - raft.server.log.segment.size.max = 1048576 (custom)
2021-11-14 01:05:36,360 [pool-635-thread-1] INFO  server.RaftServerConfigKeys (ConfUtils.java:logGet(44)) - raft.server.log.segment.cache.num.max = 2 (custom)
2021-11-14 01:05:36,360 [pool-635-thread-1] INFO  server.RaftServerConfigKeys (ConfUtils.java:logGet(44)) - raft.server.log.segment.cache.size.max = 200MB (=209715200) (default)
2021-11-14 01:05:36,360 [pool-635-thread-1] INFO  segmented.SegmentedRaftLogWorker (SegmentedRaftLogWorker.java:<init>(182)) - new eb0c46e4-5725-4afa-bb96-e719b980f47a@group-083767A110ED-SegmentedRaftLogWorker for RaftStorageImpl:Storage Directory /home/runner/work/ozone/ozone/hadoop-ozone/integration-test/target/test-dir/MiniOzoneClusterImpl-5b6cbd2a-2976-43bc-8d1c-e3ca86cddeeb/datanode-6/data/ratis/8e390908-89ca-426b-9455-083767a110ed
2021-11-14 01:05:36,360 [pool-635-thread-1] INFO  server.RaftServerConfigKeys (ConfUtils.java:logGet(44)) - raft.server.log.queue.byte-limit = 2147483647 (custom)
2021-11-14 01:05:36,360 [pool-635-thread-1] INFO  server.RaftServerConfigKeys (ConfUtils.java:logGet(44)) - raft.server.log.queue.element-limit = 1024 (custom)
2021-11-14 01:05:36,360 [pool-635-thread-1] INFO  server.RaftServerConfigKeys (ConfUtils.java:logGet(44)) - raft.server.log.segment.size.max = 1048576 (custom)
2021-11-14 01:05:36,360 [pool-635-thread-1] INFO  server.RaftServerConfigKeys (ConfUtils.java:logGet(44)) - raft.server.log.preallocated.size = 16384 (custom)
2021-11-14 01:05:36,360 [pool-635-thread-1] INFO  server.RaftServerConfigKeys (ConfUtils.java:logGet(44)) - raft.server.log.force.sync.num = 128 (default)
2021-11-14 01:05:36,360 [pool-635-thread-1] INFO  server.RaftServerConfigKeys (ConfUtils.java:logGet(44)) - raft.server.log.statemachine.data.sync = true (default)
2021-11-14 01:05:36,360 [pool-635-thread-1] INFO  server.RaftServerConfigKeys (ConfUtils.java:logGet(44)) - raft.server.log.statemachine.data.sync.timeout = 10s (default)
2021-11-14 01:05:36,360 [pool-635-thread-1] INFO  server.RaftServerConfigKeys (ConfUtils.java:logGet(44)) - raft.server.log.statemachine.data.sync.timeout.retry = -1 (default)
2021-11-14 01:05:36,362 [pool-635-thread-1] INFO  server.RaftServerConfigKeys (ConfUtils.java:logGet(44)) - raft.server.log.write.buffer.size = 1048576 (custom)
2021-11-14 01:05:36,362 [pool-635-thread-1] INFO  server.RaftServerConfigKeys (ConfUtils.java:logGet(44)) - raft.server.log.statemachine.data.caching.enabled = true (custom)
2021-11-14 01:05:36,362 [pool-635-thread-1] INFO  segmented.SegmentedRaftLogWorker (SegmentedRaftLogWorker.java:lambda$new$0(133)) - eb0c46e4-5725-4afa-bb96-e719b980f47a@group-083767A110ED-SegmentedRaftLogWorker: flushIndex: setUnconditionally 0 -> -1
2021-11-14 01:05:36,362 [pool-635-thread-1] INFO  segmented.SegmentedRaftLogWorker (SegmentedRaftLogWorker.java:lambda$new$0(133)) - eb0c46e4-5725-4afa-bb96-e719b980f47a@group-083767A110ED-SegmentedRaftLogWorker: safeCacheEvictIndex: setUnconditionally 0 -> -1
2021-11-14 01:05:36,383 [pool-635-thread-1] INFO  server.RaftServerConfigKeys (ConfUtils.java:logGet(44)) - raft.server.snapshot.auto.trigger.enabled = true (custom)
2021-11-14 01:05:36,383 [pool-635-thread-1] INFO  server.RaftServerConfigKeys (ConfUtils.java:logGet(44)) - raft.server.snapshot.auto.trigger.threshold = 10000 (custom)
2021-11-14 01:05:36,383 [pool-635-thread-1] INFO  server.RaftServerConfigKeys (ConfUtils.java:logGet(44)) - raft.server.snapshot.retention.file.num = 5 (custom)
2021-11-14 01:05:36,383 [pool-635-thread-1] INFO  server.RaftServerConfigKeys (ConfUtils.java:logGet(44)) - raft.server.log.purge.upto.snapshot.index = false (default)
2021-11-14 01:05:36,383 [pool-635-thread-1] INFO  server.RaftServerConfigKeys (ConfUtils.java:logGet(44)) - raft.server.retrycache.expirytime = 600000ms (custom)
2021-11-14 01:05:36,383 [pool-635-thread-1] INFO  server.RaftServerConfigKeys (ConfUtils.java:logGet(44)) - raft.server.retrycache.statistics.expirytime = 100μs (default)
2021-11-14 01:05:36,384 [pool-635-thread-1] INFO  server.RaftServer$Division (RaftServerImpl.java:start(301)) - eb0c46e4-5725-4afa-bb96-e719b980f47a@group-083767A110ED: start as a follower, conf=-1: [32069a0d-f39a-42d5-b706-96b3f478e9d8|rpc:10.1.0.47:43355|priority:1, 42593a4f-89d4-4363-aad7-ee84fdc40b17|rpc:10.1.0.47:38117|priority:0, eb0c46e4-5725-4afa-bb96-e719b980f47a|rpc:10.1.0.47:38135|priority:0], old=null
2021-11-14 01:05:36,384 [pool-635-thread-1] INFO  server.RaftServer$Division (RaftServerImpl.java:setRole(290)) - eb0c46e4-5725-4afa-bb96-e719b980f47a@group-083767A110ED: changes role from      null to FOLLOWER at term 0 for startAsFollower
2021-11-14 01:05:36,385 [pool-635-thread-1] INFO  impl.RoleInfo (RoleInfo.java:updateAndGet(130)) - eb0c46e4-5725-4afa-bb96-e719b980f47a: start eb0c46e4-5725-4afa-bb96-e719b980f47a@group-083767A110ED-FollowerState
2021-11-14 01:05:36,385 [pool-635-thread-1] INFO  util.JmxRegister (JmxRegister.java:tryRegister(44)) - Successfully registered JMX Bean with object name Ratis:service=RaftServer,group=group-083767A110ED,id=eb0c46e4-5725-4afa-bb96-e719b980f47a
2021-11-14 01:05:36,394 [Command processor thread] INFO  ratis.XceiverServerRatis (XceiverServerRatis.java:addGroup(768)) - Created group PipelineID=8e390908-89ca-426b-9455-083767a110ed
2021-11-14 01:05:36,404 [grpc-default-executor-0] INFO  server.RaftServer (RaftServerProxy.java:addNew(95)) - 32069a0d-f39a-42d5-b706-96b3f478e9d8: addNew group-083767A110ED:[32069a0d-f39a-42d5-b706-96b3f478e9d8|rpc:10.1.0.47:43355|dataStream:|priority:1, 42593a4f-89d4-4363-aad7-ee84fdc40b17|rpc:10.1.0.47:38117|dataStream:|priority:0, eb0c46e4-5725-4afa-bb96-e719b980f47a|rpc:10.1.0.47:38135|dataStream:|priority:0] returns group-083767A110ED:java.util.concurrent.CompletableFuture@6900f1ea[Not completed]
2021-11-14 01:05:36,404 [pool-521-thread-1] INFO  server.RaftServer$Division (RaftServerImpl.java:<init>(184)) - 32069a0d-f39a-42d5-b706-96b3f478e9d8: new RaftServerImpl for group-083767A110ED:[32069a0d-f39a-42d5-b706-96b3f478e9d8|rpc:10.1.0.47:43355|dataStream:|priority:1, 42593a4f-89d4-4363-aad7-ee84fdc40b17|rpc:10.1.0.47:38117|dataStream:|priority:0, eb0c46e4-5725-4afa-bb96-e719b980f47a|rpc:10.1.0.47:38135|dataStream:|priority:0] with ContainerStateMachine:uninitialized
2021-11-14 01:05:36,405 [pool-521-thread-1] INFO  server.RaftServerConfigKeys (ConfUtils.java:logGet(44)) - raft.server.rpc.timeout.min = 5s (custom)
2021-11-14 01:05:36,405 [pool-521-thread-1] INFO  server.RaftServerConfigKeys (ConfUtils.java:logGet(44)) - raft.server.rpc.timeout.max = 5200ms (custom)
2021-11-14 01:05:36,405 [pool-521-thread-1] INFO  server.RaftServerConfigKeys (ConfUtils.java:logGet(44)) - raft.server.rpc.sleep.time = 25ms (default)
2021-11-14 01:05:36,405 [pool-521-thread-1] INFO  server.RaftServerConfigKeys (ConfUtils.java:logGet(44)) - raft.server.rpc.slowness.timeout = 300000ms (custom)
2021-11-14 01:05:36,405 [pool-521-thread-1] INFO  server.RaftServerConfigKeys (ConfUtils.java:logGet(44)) - raft.server.leaderelection.leader.step-down.wait-time = 10s (default)
2021-11-14 01:05:36,405 [pool-521-thread-1] INFO  server.RaftServerConfigKeys (ConfUtils.java:logGet(44)) - raft.server.sleep.deviation.threshold = 300ms (default)
2021-11-14 01:05:36,405 [pool-521-thread-1] INFO  server.RaftServerConfigKeys (ConfUtils.java:logGet(44)) - raft.server.log.appender.install.snapshot.enabled = false (custom)
2021-11-14 01:05:36,405 [pool-521-thread-1] INFO  server.RaftServer$Division (ServerState.java:<init>(105)) - 32069a0d-f39a-42d5-b706-96b3f478e9d8@group-083767A110ED: ConfigurationManager, init=-1: [32069a0d-f39a-42d5-b706-96b3f478e9d8|rpc:10.1.0.47:43355|dataStream:|priority:1, 42593a4f-89d4-4363-aad7-ee84fdc40b17|rpc:10.1.0.47:38117|dataStream:|priority:0, eb0c46e4-5725-4afa-bb96-e719b980f47a|rpc:10.1.0.47:38135|dataStream:|priority:0], old=null, confs=<EMPTY_MAP>
2021-11-14 01:05:36,405 [pool-521-thread-1] INFO  server.RaftServerConfigKeys (ConfUtils.java:logGet(44)) - raft.server.storage.dir = [/home/runner/work/ozone/ozone/hadoop-ozone/integration-test/target/test-dir/MiniOzoneClusterImpl-5b6cbd2a-2976-43bc-8d1c-e3ca86cddeeb/datanode-0/data/ratis] (custom)
2021-11-14 01:05:36,405 [pool-521-thread-1] INFO  server.RaftServerConfigKeys (ConfUtils.java:logGet(44)) - raft.server.log.corruption.policy = EXCEPTION (default)
2021-11-14 01:05:36,405 [pool-521-thread-1] INFO  server.RaftServerConfigKeys (ConfUtils.java:logGet(44)) - raft.server.storage.free-space.min = 0MB (=0) (default)
2021-11-14 01:05:36,405 [pool-521-thread-1] INFO  storage.RaftStorageDirectory (RaftStorageDirectoryImpl.java:analyzeStorage(135)) - The storage directory /home/runner/work/ozone/ozone/hadoop-ozone/integration-test/target/test-dir/MiniOzoneClusterImpl-5b6cbd2a-2976-43bc-8d1c-e3ca86cddeeb/datanode-0/data/ratis/8e390908-89ca-426b-9455-083767a110ed does not exist. Creating ...
2021-11-14 01:05:36,442 [pool-521-thread-1] INFO  storage.RaftStorageDirectory (RaftStorageDirectoryImpl.java:tryLock(230)) - Lock on /home/runner/work/ozone/ozone/hadoop-ozone/integration-test/target/test-dir/MiniOzoneClusterImpl-5b6cbd2a-2976-43bc-8d1c-e3ca86cddeeb/datanode-0/data/ratis/8e390908-89ca-426b-9455-083767a110ed/in_use.lock acquired by nodename 9791@fv-az395-453
2021-11-14 01:05:36,445 [pool-521-thread-1] INFO  storage.RaftStorage (RaftStorageImpl.java:format(89)) - Storage directory /home/runner/work/ozone/ozone/hadoop-ozone/integration-test/target/test-dir/MiniOzoneClusterImpl-5b6cbd2a-2976-43bc-8d1c-e3ca86cddeeb/datanode-0/data/ratis/8e390908-89ca-426b-9455-083767a110ed has been successfully formatted.
2021-11-14 01:05:36,445 [pool-521-thread-1] INFO  ratis.ContainerStateMachine (ContainerStateMachine.java:loadSnapshot(224)) - group-083767A110ED: The snapshot info is null. Setting the last applied indexto:(t:0, i:~)
2021-11-14 01:05:36,445 [pool-521-thread-1] INFO  server.RaftServerConfigKeys (ConfUtils.java:logGet(44)) - raft.server.notification.no-leader.timeout = 300000ms (custom)
2021-11-14 01:05:36,446 [pool-521-thread-1] INFO  server.RaftServerConfigKeys (ConfUtils.java:logGet(44)) - raft.server.log.use.memory = false (default)
2021-11-14 01:05:36,446 [pool-521-thread-1] INFO  server.RaftServerConfigKeys (ConfUtils.java:logGet(44)) - raft.server.log.purge.gap = 1000000 (custom)
2021-11-14 01:05:36,446 [pool-521-thread-1] INFO  server.RaftServerConfigKeys (ConfUtils.java:logGet(44)) - raft.server.log.appender.buffer.byte-limit = 33554432 (custom)
2021-11-14 01:05:36,446 [pool-521-thread-1] INFO  server.RaftServerConfigKeys (ConfUtils.java:logGet(44)) - raft.server.log.segment.size.max = 1048576 (custom)
2021-11-14 01:05:36,447 [pool-521-thread-1] INFO  server.RaftServerConfigKeys (ConfUtils.java:logGet(44)) - raft.server.log.segment.cache.num.max = 2 (custom)
2021-11-14 01:05:36,447 [pool-521-thread-1] INFO  server.RaftServerConfigKeys (ConfUtils.java:logGet(44)) - raft.server.log.segment.cache.size.max = 200MB (=209715200) (default)
2021-11-14 01:05:36,447 [pool-521-thread-1] INFO  segmented.SegmentedRaftLogWorker (SegmentedRaftLogWorker.java:<init>(182)) - new 32069a0d-f39a-42d5-b706-96b3f478e9d8@group-083767A110ED-SegmentedRaftLogWorker for RaftStorageImpl:Storage Directory /home/runner/work/ozone/ozone/hadoop-ozone/integration-test/target/test-dir/MiniOzoneClusterImpl-5b6cbd2a-2976-43bc-8d1c-e3ca86cddeeb/datanode-0/data/ratis/8e390908-89ca-426b-9455-083767a110ed
2021-11-14 01:05:36,447 [pool-521-thread-1] INFO  server.RaftServerConfigKeys (ConfUtils.java:logGet(44)) - raft.server.log.queue.byte-limit = 2147483647 (custom)
2021-11-14 01:05:36,447 [pool-521-thread-1] INFO  server.RaftServerConfigKeys (ConfUtils.java:logGet(44)) - raft.server.log.queue.element-limit = 1024 (custom)
2021-11-14 01:05:36,447 [pool-521-thread-1] INFO  server.RaftServerConfigKeys (ConfUtils.java:logGet(44)) - raft.server.log.segment.size.max = 1048576 (custom)
2021-11-14 01:05:36,447 [pool-521-thread-1] INFO  server.RaftServerConfigKeys (ConfUtils.java:logGet(44)) - raft.server.log.preallocated.size = 16384 (custom)
2021-11-14 01:05:36,447 [pool-521-thread-1] INFO  server.RaftServerConfigKeys (ConfUtils.java:logGet(44)) - raft.server.log.force.sync.num = 128 (default)
2021-11-14 01:05:36,447 [pool-521-thread-1] INFO  server.RaftServerConfigKeys (ConfUtils.java:logGet(44)) - raft.server.log.statemachine.data.sync = true (default)
2021-11-14 01:05:36,447 [pool-521-thread-1] INFO  server.RaftServerConfigKeys (ConfUtils.java:logGet(44)) - raft.server.log.statemachine.data.sync.timeout = 10s (default)
2021-11-14 01:05:36,447 [pool-521-thread-1] INFO  server.RaftServerConfigKeys (ConfUtils.java:logGet(44)) - raft.server.log.statemachine.data.sync.timeout.retry = -1 (default)
2021-11-14 01:05:36,449 [pool-521-thread-1] INFO  server.RaftServerConfigKeys (ConfUtils.java:logGet(44)) - raft.server.log.write.buffer.size = 1048576 (custom)
2021-11-14 01:05:36,452 [pool-521-thread-1] INFO  server.RaftServerConfigKeys (ConfUtils.java:logGet(44)) - raft.server.log.statemachine.data.caching.enabled = true (custom)
2021-11-14 01:05:36,452 [pool-521-thread-1] INFO  segmented.SegmentedRaftLogWorker (SegmentedRaftLogWorker.java:lambda$new$0(133)) - 32069a0d-f39a-42d5-b706-96b3f478e9d8@group-083767A110ED-SegmentedRaftLogWorker: flushIndex: setUnconditionally 0 -> -1
2021-11-14 01:05:36,453 [pool-521-thread-1] INFO  segmented.SegmentedRaftLogWorker (SegmentedRaftLogWorker.java:lambda$new$0(133)) - 32069a0d-f39a-42d5-b706-96b3f478e9d8@group-083767A110ED-SegmentedRaftLogWorker: safeCacheEvictIndex: setUnconditionally 0 -> -1
2021-11-14 01:05:36,461 [pool-521-thread-1] INFO  server.RaftServerConfigKeys (ConfUtils.java:logGet(44)) - raft.server.snapshot.auto.trigger.enabled = true (custom)
2021-11-14 01:05:36,462 [pool-521-thread-1] INFO  server.RaftServerConfigKeys (ConfUtils.java:logGet(44)) - raft.server.snapshot.auto.trigger.threshold = 10000 (custom)
2021-11-14 01:05:36,462 [pool-521-thread-1] INFO  server.RaftServerConfigKeys (ConfUtils.java:logGet(44)) - raft.server.snapshot.retention.file.num = 5 (custom)
2021-11-14 01:05:36,462 [pool-521-thread-1] INFO  server.RaftServerConfigKeys (ConfUtils.java:logGet(44)) - raft.server.log.purge.upto.snapshot.index = false (default)
2021-11-14 01:05:36,463 [pool-521-thread-1] INFO  server.RaftServerConfigKeys (ConfUtils.java:logGet(44)) - raft.server.retrycache.expirytime = 600000ms (custom)
2021-11-14 01:05:36,463 [pool-521-thread-1] INFO  server.RaftServerConfigKeys (ConfUtils.java:logGet(44)) - raft.server.retrycache.statistics.expirytime = 100μs (default)
2021-11-14 01:05:36,464 [pool-521-thread-1] INFO  server.RaftServer$Division (RaftServerImpl.java:start(301)) - 32069a0d-f39a-42d5-b706-96b3f478e9d8@group-083767A110ED: start as a follower, conf=-1: [32069a0d-f39a-42d5-b706-96b3f478e9d8|rpc:10.1.0.47:43355|dataStream:|priority:1, 42593a4f-89d4-4363-aad7-ee84fdc40b17|rpc:10.1.0.47:38117|dataStream:|priority:0, eb0c46e4-5725-4afa-bb96-e719b980f47a|rpc:10.1.0.47:38135|dataStream:|priority:0], old=null
2021-11-14 01:05:36,464 [pool-521-thread-1] INFO  server.RaftServer$Division (RaftServerImpl.java:setRole(290)) - 32069a0d-f39a-42d5-b706-96b3f478e9d8@group-083767A110ED: changes role from      null to FOLLOWER at term 0 for startAsFollower
2021-11-14 01:05:36,464 [pool-521-thread-1] INFO  impl.RoleInfo (RoleInfo.java:updateAndGet(130)) - 32069a0d-f39a-42d5-b706-96b3f478e9d8: start 32069a0d-f39a-42d5-b706-96b3f478e9d8@group-083767A110ED-FollowerState
2021-11-14 01:05:36,465 [pool-521-thread-1] INFO  util.JmxRegister (JmxRegister.java:tryRegister(44)) - Successfully registered JMX Bean with object name Ratis:service=RaftServer,group=group-083767A110ED,id=32069a0d-f39a-42d5-b706-96b3f478e9d8
2021-11-14 01:05:36,575 [grpc-default-executor-0] INFO  server.RaftServer (RaftServerProxy.java:addNew(95)) - 42593a4f-89d4-4363-aad7-ee84fdc40b17: addNew group-083767A110ED:[32069a0d-f39a-42d5-b706-96b3f478e9d8|rpc:10.1.0.47:43355|dataStream:|priority:1, 42593a4f-89d4-4363-aad7-ee84fdc40b17|rpc:10.1.0.47:38117|dataStream:|priority:0, eb0c46e4-5725-4afa-bb96-e719b980f47a|rpc:10.1.0.47:38135|dataStream:|priority:0] returns group-083767A110ED:java.util.concurrent.CompletableFuture@7213f1aa[Not completed]
2021-11-14 01:05:36,581 [pool-693-thread-1] INFO  server.RaftServer$Division (RaftServerImpl.java:<init>(184)) - 42593a4f-89d4-4363-aad7-ee84fdc40b17: new RaftServerImpl for group-083767A110ED:[32069a0d-f39a-42d5-b706-96b3f478e9d8|rpc:10.1.0.47:43355|dataStream:|priority:1, 42593a4f-89d4-4363-aad7-ee84fdc40b17|rpc:10.1.0.47:38117|dataStream:|priority:0, eb0c46e4-5725-4afa-bb96-e719b980f47a|rpc:10.1.0.47:38135|dataStream:|priority:0] with ContainerStateMachine:uninitialized
2021-11-14 01:05:36,581 [pool-693-thread-1] INFO  server.RaftServerConfigKeys (ConfUtils.java:logGet(44)) - raft.server.rpc.timeout.min = 5s (custom)
2021-11-14 01:05:36,581 [pool-693-thread-1] INFO  server.RaftServerConfigKeys (ConfUtils.java:logGet(44)) - raft.server.rpc.timeout.max = 5200ms (custom)
2021-11-14 01:05:36,581 [pool-693-thread-1] INFO  server.RaftServerConfigKeys (ConfUtils.java:logGet(44)) - raft.server.rpc.sleep.time = 25ms (default)
2021-11-14 01:05:36,581 [pool-693-thread-1] INFO  server.RaftServerConfigKeys (ConfUtils.java:logGet(44)) - raft.server.rpc.slowness.timeout = 300000ms (custom)
2021-11-14 01:05:36,581 [pool-693-thread-1] INFO  server.RaftServerConfigKeys (ConfUtils.java:logGet(44)) - raft.server.leaderelection.leader.step-down.wait-time = 10s (default)
2021-11-14 01:05:36,581 [pool-693-thread-1] INFO  server.RaftServerConfigKeys (ConfUtils.java:logGet(44)) - raft.server.sleep.deviation.threshold = 300ms (default)
2021-11-14 01:05:36,581 [pool-693-thread-1] INFO  server.RaftServerConfigKeys (ConfUtils.java:logGet(44)) - raft.server.log.appender.install.snapshot.enabled = false (custom)
2021-11-14 01:05:36,582 [pool-693-thread-1] INFO  server.RaftServer$Division (ServerState.java:<init>(105)) - 42593a4f-89d4-4363-aad7-ee84fdc40b17@group-083767A110ED: ConfigurationManager, init=-1: [32069a0d-f39a-42d5-b706-96b3f478e9d8|rpc:10.1.0.47:43355|dataStream:|priority:1, 42593a4f-89d4-4363-aad7-ee84fdc40b17|rpc:10.1.0.47:38117|dataStream:|priority:0, eb0c46e4-5725-4afa-bb96-e719b980f47a|rpc:10.1.0.47:38135|dataStream:|priority:0], old=null, confs=<EMPTY_MAP>
2021-11-14 01:05:36,582 [pool-693-thread-1] INFO  server.RaftServerConfigKeys (ConfUtils.java:logGet(44)) - raft.server.storage.dir = [/home/runner/work/ozone/ozone/hadoop-ozone/integration-test/target/test-dir/MiniOzoneClusterImpl-5b6cbd2a-2976-43bc-8d1c-e3ca86cddeeb/datanode-2/data/ratis] (custom)
2021-11-14 01:05:36,582 [pool-693-thread-1] INFO  server.RaftServerConfigKeys (ConfUtils.java:logGet(44)) - raft.server.log.corruption.policy = EXCEPTION (default)
2021-11-14 01:05:36,582 [pool-693-thread-1] INFO  server.RaftServerConfigKeys (ConfUtils.java:logGet(44)) - raft.server.storage.free-space.min = 0MB (=0) (default)
2021-11-14 01:05:36,582 [pool-693-thread-1] INFO  storage.RaftStorageDirectory (RaftStorageDirectoryImpl.java:analyzeStorage(135)) - The storage directory /home/runner/work/ozone/ozone/hadoop-ozone/integration-test/target/test-dir/MiniOzoneClusterImpl-5b6cbd2a-2976-43bc-8d1c-e3ca86cddeeb/datanode-2/data/ratis/8e390908-89ca-426b-9455-083767a110ed does not exist. Creating ...
2021-11-14 01:05:36,605 [pool-693-thread-1] INFO  storage.RaftStorageDirectory (RaftStorageDirectoryImpl.java:tryLock(230)) - Lock on /home/runner/work/ozone/ozone/hadoop-ozone/integration-test/target/test-dir/MiniOzoneClusterImpl-5b6cbd2a-2976-43bc-8d1c-e3ca86cddeeb/datanode-2/data/ratis/8e390908-89ca-426b-9455-083767a110ed/in_use.lock acquired by nodename 9791@fv-az395-453
2021-11-14 01:05:36,607 [pool-693-thread-1] INFO  storage.RaftStorage (RaftStorageImpl.java:format(89)) - Storage directory /home/runner/work/ozone/ozone/hadoop-ozone/integration-test/target/test-dir/MiniOzoneClusterImpl-5b6cbd2a-2976-43bc-8d1c-e3ca86cddeeb/datanode-2/data/ratis/8e390908-89ca-426b-9455-083767a110ed has been successfully formatted.
2021-11-14 01:05:36,608 [pool-693-thread-1] INFO  ratis.ContainerStateMachine (ContainerStateMachine.java:loadSnapshot(224)) - group-083767A110ED: The snapshot info is null. Setting the last applied indexto:(t:0, i:~)
2021-11-14 01:05:36,608 [pool-693-thread-1] INFO  server.RaftServerConfigKeys (ConfUtils.java:logGet(44)) - raft.server.notification.no-leader.timeout = 300000ms (custom)
2021-11-14 01:05:36,608 [pool-693-thread-1] INFO  server.RaftServerConfigKeys (ConfUtils.java:logGet(44)) - raft.server.log.use.memory = false (default)
2021-11-14 01:05:36,610 [pool-693-thread-1] INFO  server.RaftServerConfigKeys (ConfUtils.java:logGet(44)) - raft.server.log.purge.gap = 1000000 (custom)
2021-11-14 01:05:36,611 [pool-693-thread-1] INFO  server.RaftServerConfigKeys (ConfUtils.java:logGet(44)) - raft.server.log.appender.buffer.byte-limit = 33554432 (custom)
2021-11-14 01:05:36,611 [pool-693-thread-1] INFO  server.RaftServerConfigKeys (ConfUtils.java:logGet(44)) - raft.server.log.segment.size.max = 1048576 (custom)
2021-11-14 01:05:36,622 [pool-693-thread-1] INFO  server.RaftServerConfigKeys (ConfUtils.java:logGet(44)) - raft.server.log.segment.cache.num.max = 2 (custom)
2021-11-14 01:05:36,622 [pool-693-thread-1] INFO  server.RaftServerConfigKeys (ConfUtils.java:logGet(44)) - raft.server.log.segment.cache.size.max = 200MB (=209715200) (default)
2021-11-14 01:05:36,622 [pool-693-thread-1] INFO  segmented.SegmentedRaftLogWorker (SegmentedRaftLogWorker.java:<init>(182)) - new 42593a4f-89d4-4363-aad7-ee84fdc40b17@group-083767A110ED-SegmentedRaftLogWorker for RaftStorageImpl:Storage Directory /home/runner/work/ozone/ozone/hadoop-ozone/integration-test/target/test-dir/MiniOzoneClusterImpl-5b6cbd2a-2976-43bc-8d1c-e3ca86cddeeb/datanode-2/data/ratis/8e390908-89ca-426b-9455-083767a110ed
2021-11-14 01:05:36,622 [pool-693-thread-1] INFO  server.RaftServerConfigKeys (ConfUtils.java:logGet(44)) - raft.server.log.queue.byte-limit = 2147483647 (custom)
2021-11-14 01:05:36,622 [pool-693-thread-1] INFO  server.RaftServerConfigKeys (ConfUtils.java:logGet(44)) - raft.server.log.queue.element-limit = 1024 (custom)
2021-11-14 01:05:36,622 [pool-693-thread-1] INFO  server.RaftServerConfigKeys (ConfUtils.java:logGet(44)) - raft.server.log.segment.size.max = 1048576 (custom)
2021-11-14 01:05:36,622 [pool-693-thread-1] INFO  server.RaftServerConfigKeys (ConfUtils.java:logGet(44)) - raft.server.log.preallocated.size = 16384 (custom)
2021-11-14 01:05:36,622 [pool-693-thread-1] INFO  server.RaftServerConfigKeys (ConfUtils.java:logGet(44)) - raft.server.log.force.sync.num = 128 (default)
2021-11-14 01:05:36,622 [pool-693-thread-1] INFO  server.RaftServerConfigKeys (ConfUtils.java:logGet(44)) - raft.server.log.statemachine.data.sync = true (default)
2021-11-14 01:05:36,622 [pool-693-thread-1] INFO  server.RaftServerConfigKeys (ConfUtils.java:logGet(44)) - raft.server.log.statemachine.data.sync.timeout = 10s (default)
2021-11-14 01:05:36,623 [pool-693-thread-1] INFO  server.RaftServerConfigKeys (ConfUtils.java:logGet(44)) - raft.server.log.statemachine.data.sync.timeout.retry = -1 (default)
2021-11-14 01:05:36,624 [pool-693-thread-1] INFO  server.RaftServerConfigKeys (ConfUtils.java:logGet(44)) - raft.server.log.write.buffer.size = 1048576 (custom)
2021-11-14 01:05:36,628 [pool-693-thread-1] INFO  server.RaftServerConfigKeys (ConfUtils.java:logGet(44)) - raft.server.log.statemachine.data.caching.enabled = true (custom)
2021-11-14 01:05:36,668 [pool-693-thread-1] INFO  segmented.SegmentedRaftLogWorker (SegmentedRaftLogWorker.java:lambda$new$0(133)) - 42593a4f-89d4-4363-aad7-ee84fdc40b17@group-083767A110ED-SegmentedRaftLogWorker: flushIndex: setUnconditionally 0 -> -1
2021-11-14 01:05:36,668 [pool-693-thread-1] INFO  segmented.SegmentedRaftLogWorker (SegmentedRaftLogWorker.java:lambda$new$0(133)) - 42593a4f-89d4-4363-aad7-ee84fdc40b17@group-083767A110ED-SegmentedRaftLogWorker: safeCacheEvictIndex: setUnconditionally 0 -> -1
2021-11-14 01:05:36,678 [pool-693-thread-1] INFO  server.RaftServerConfigKeys (ConfUtils.java:logGet(44)) - raft.server.snapshot.auto.trigger.enabled = true (custom)
2021-11-14 01:05:36,678 [pool-693-thread-1] INFO  server.RaftServerConfigKeys (ConfUtils.java:logGet(44)) - raft.server.snapshot.auto.trigger.threshold = 10000 (custom)
2021-11-14 01:05:36,678 [pool-693-thread-1] INFO  server.RaftServerConfigKeys (ConfUtils.java:logGet(44)) - raft.server.snapshot.retention.file.num = 5 (custom)
2021-11-14 01:05:36,678 [pool-693-thread-1] INFO  server.RaftServerConfigKeys (ConfUtils.java:logGet(44)) - raft.server.log.purge.upto.snapshot.index = false (default)
2021-11-14 01:05:36,678 [pool-693-thread-1] INFO  server.RaftServerConfigKeys (ConfUtils.java:logGet(44)) - raft.server.retrycache.expirytime = 600000ms (custom)
2021-11-14 01:05:36,678 [pool-693-thread-1] INFO  server.RaftServerConfigKeys (ConfUtils.java:logGet(44)) - raft.server.retrycache.statistics.expirytime = 100μs (default)
2021-11-14 01:05:36,680 [pool-693-thread-1] INFO  server.RaftServer$Division (RaftServerImpl.java:start(301)) - 42593a4f-89d4-4363-aad7-ee84fdc40b17@group-083767A110ED: start as a follower, conf=-1: [32069a0d-f39a-42d5-b706-96b3f478e9d8|rpc:10.1.0.47:43355|dataStream:|priority:1, 42593a4f-89d4-4363-aad7-ee84fdc40b17|rpc:10.1.0.47:38117|dataStream:|priority:0, eb0c46e4-5725-4afa-bb96-e719b980f47a|rpc:10.1.0.47:38135|dataStream:|priority:0], old=null
2021-11-14 01:05:36,680 [pool-693-thread-1] INFO  server.RaftServer$Division (RaftServerImpl.java:setRole(290)) - 42593a4f-89d4-4363-aad7-ee84fdc40b17@group-083767A110ED: changes role from      null to FOLLOWER at term 0 for startAsFollower
2021-11-14 01:05:36,680 [pool-693-thread-1] INFO  impl.RoleInfo (RoleInfo.java:updateAndGet(130)) - 42593a4f-89d4-4363-aad7-ee84fdc40b17: start 42593a4f-89d4-4363-aad7-ee84fdc40b17@group-083767A110ED-FollowerState
2021-11-14 01:05:36,689 [pool-693-thread-1] INFO  util.JmxRegister (JmxRegister.java:tryRegister(44)) - Successfully registered JMX Bean with object name Ratis:service=RaftServer,group=group-083767A110ED,id=42593a4f-89d4-4363-aad7-ee84fdc40b17
2021-11-14 01:05:36,801 [Command processor thread] INFO  server.RaftServer (RaftServerProxy.java:addNew(95)) - 32069a0d-f39a-42d5-b706-96b3f478e9d8: addNew group-06F4125447C4:[a5432c49-5461-405d-b7d7-37e5c225d9bf|rpc:10.1.0.47:33007|priority:0, 32069a0d-f39a-42d5-b706-96b3f478e9d8|rpc:10.1.0.47:43355|priority:0, eb0c46e4-5725-4afa-bb96-e719b980f47a|rpc:10.1.0.47:38135|priority:1] returns group-06F4125447C4:java.util.concurrent.CompletableFuture@75945926[Not completed]
2021-11-14 01:05:36,801 [pool-521-thread-1] INFO  server.RaftServer$Division (RaftServerImpl.java:<init>(184)) - 32069a0d-f39a-42d5-b706-96b3f478e9d8: new RaftServerImpl for group-06F4125447C4:[a5432c49-5461-405d-b7d7-37e5c225d9bf|rpc:10.1.0.47:33007|priority:0, 32069a0d-f39a-42d5-b706-96b3f478e9d8|rpc:10.1.0.47:43355|priority:0, eb0c46e4-5725-4afa-bb96-e719b980f47a|rpc:10.1.0.47:38135|priority:1] with ContainerStateMachine:uninitialized
2021-11-14 01:05:36,802 [pool-521-thread-1] INFO  server.RaftServerConfigKeys (ConfUtils.java:logGet(44)) - raft.server.rpc.timeout.min = 5s (custom)
2021-11-14 01:05:36,802 [pool-521-thread-1] INFO  server.RaftServerConfigKeys (ConfUtils.java:logGet(44)) - raft.server.rpc.timeout.max = 5200ms (custom)
2021-11-14 01:05:36,803 [Command processor thread] INFO  commandhandler.CreatePipelineCommandHandler (CreatePipelineCommandHandler.java:handle(106)) - Created Pipeline RATIS THREE PipelineID=8e390908-89ca-426b-9455-083767a110ed.
2021-11-14 01:05:36,807 [pool-521-thread-1] INFO  server.RaftServerConfigKeys (ConfUtils.java:logGet(44)) - raft.server.rpc.sleep.time = 25ms (default)
2021-11-14 01:05:36,807 [pool-521-thread-1] INFO  server.RaftServerConfigKeys (ConfUtils.java:logGet(44)) - raft.server.rpc.slowness.timeout = 300000ms (custom)
2021-11-14 01:05:36,807 [Command processor thread] INFO  server.RaftServer (RaftServerProxy.java:addNew(95)) - eb0c46e4-5725-4afa-bb96-e719b980f47a: addNew group-06F4125447C4:[a5432c49-5461-405d-b7d7-37e5c225d9bf|rpc:10.1.0.47:33007|priority:0, 32069a0d-f39a-42d5-b706-96b3f478e9d8|rpc:10.1.0.47:43355|priority:0, eb0c46e4-5725-4afa-bb96-e719b980f47a|rpc:10.1.0.47:38135|priority:1] returns group-06F4125447C4:java.util.concurrent.CompletableFuture@54117334[Not completed]
2021-11-14 01:05:36,807 [pool-521-thread-1] INFO  server.RaftServerConfigKeys (ConfUtils.java:logGet(44)) - raft.server.leaderelection.leader.step-down.wait-time = 10s (default)
2021-11-14 01:05:36,808 [pool-521-thread-1] INFO  server.RaftServerConfigKeys (ConfUtils.java:logGet(44)) - raft.server.sleep.deviation.threshold = 300ms (default)
2021-11-14 01:05:36,808 [pool-521-thread-1] INFO  server.RaftServerConfigKeys (ConfUtils.java:logGet(44)) - raft.server.log.appender.install.snapshot.enabled = false (custom)
2021-11-14 01:05:36,808 [pool-521-thread-1] INFO  server.RaftServer$Division (ServerState.java:<init>(105)) - 32069a0d-f39a-42d5-b706-96b3f478e9d8@group-06F4125447C4: ConfigurationManager, init=-1: [a5432c49-5461-405d-b7d7-37e5c225d9bf|rpc:10.1.0.47:33007|priority:0, 32069a0d-f39a-42d5-b706-96b3f478e9d8|rpc:10.1.0.47:43355|priority:0, eb0c46e4-5725-4afa-bb96-e719b980f47a|rpc:10.1.0.47:38135|priority:1], old=null, confs=<EMPTY_MAP>
2021-11-14 01:05:36,808 [pool-521-thread-1] INFO  server.RaftServerConfigKeys (ConfUtils.java:logGet(44)) - raft.server.storage.dir = [/home/runner/work/ozone/ozone/hadoop-ozone/integration-test/target/test-dir/MiniOzoneClusterImpl-5b6cbd2a-2976-43bc-8d1c-e3ca86cddeeb/datanode-0/data/ratis] (custom)
2021-11-14 01:05:36,808 [pool-521-thread-1] INFO  server.RaftServerConfigKeys (ConfUtils.java:logGet(44)) - raft.server.log.corruption.policy = EXCEPTION (default)
2021-11-14 01:05:36,808 [pool-521-thread-1] INFO  server.RaftServerConfigKeys (ConfUtils.java:logGet(44)) - raft.server.storage.free-space.min = 0MB (=0) (default)
2021-11-14 01:05:36,808 [pool-635-thread-1] INFO  server.RaftServer$Division (RaftServerImpl.java:<init>(184)) - eb0c46e4-5725-4afa-bb96-e719b980f47a: new RaftServerImpl for group-06F4125447C4:[a5432c49-5461-405d-b7d7-37e5c225d9bf|rpc:10.1.0.47:33007|priority:0, 32069a0d-f39a-42d5-b706-96b3f478e9d8|rpc:10.1.0.47:43355|priority:0, eb0c46e4-5725-4afa-bb96-e719b980f47a|rpc:10.1.0.47:38135|priority:1] with ContainerStateMachine:uninitialized
2021-11-14 01:05:36,808 [pool-635-thread-1] INFO  server.RaftServerConfigKeys (ConfUtils.java:logGet(44)) - raft.server.rpc.timeout.min = 5s (custom)
2021-11-14 01:05:36,808 [pool-635-thread-1] INFO  server.RaftServerConfigKeys (ConfUtils.java:logGet(44)) - raft.server.rpc.timeout.max = 5200ms (custom)
2021-11-14 01:05:36,808 [pool-635-thread-1] INFO  server.RaftServerConfigKeys (ConfUtils.java:logGet(44)) - raft.server.rpc.sleep.time = 25ms (default)
2021-11-14 01:05:36,808 [pool-635-thread-1] INFO  server.RaftServerConfigKeys (ConfUtils.java:logGet(44)) - raft.server.rpc.slowness.timeout = 300000ms (custom)
2021-11-14 01:05:36,808 [pool-635-thread-1] INFO  server.RaftServerConfigKeys (ConfUtils.java:logGet(44)) - raft.server.leaderelection.leader.step-down.wait-time = 10s (default)
2021-11-14 01:05:36,809 [pool-635-thread-1] INFO  server.RaftServerConfigKeys (ConfUtils.java:logGet(44)) - raft.server.sleep.deviation.threshold = 300ms (default)
2021-11-14 01:05:36,809 [pool-635-thread-1] INFO  server.RaftServerConfigKeys (ConfUtils.java:logGet(44)) - raft.server.log.appender.install.snapshot.enabled = false (custom)
2021-11-14 01:05:36,808 [pool-521-thread-1] INFO  storage.RaftStorageDirectory (RaftStorageDirectoryImpl.java:analyzeStorage(135)) - The storage directory /home/runner/work/ozone/ozone/hadoop-ozone/integration-test/target/test-dir/MiniOzoneClusterImpl-5b6cbd2a-2976-43bc-8d1c-e3ca86cddeeb/datanode-0/data/ratis/5db15519-d160-414d-8fcd-06f4125447c4 does not exist. Creating ...
2021-11-14 01:05:36,809 [pool-635-thread-1] INFO  server.RaftServer$Division (ServerState.java:<init>(105)) - eb0c46e4-5725-4afa-bb96-e719b980f47a@group-06F4125447C4: ConfigurationManager, init=-1: [a5432c49-5461-405d-b7d7-37e5c225d9bf|rpc:10.1.0.47:33007|priority:0, 32069a0d-f39a-42d5-b706-96b3f478e9d8|rpc:10.1.0.47:43355|priority:0, eb0c46e4-5725-4afa-bb96-e719b980f47a|rpc:10.1.0.47:38135|priority:1], old=null, confs=<EMPTY_MAP>
2021-11-14 01:05:36,809 [pool-635-thread-1] INFO  server.RaftServerConfigKeys (ConfUtils.java:logGet(44)) - raft.server.storage.dir = [/home/runner/work/ozone/ozone/hadoop-ozone/integration-test/target/test-dir/MiniOzoneClusterImpl-5b6cbd2a-2976-43bc-8d1c-e3ca86cddeeb/datanode-6/data/ratis] (custom)
2021-11-14 01:05:36,809 [pool-635-thread-1] INFO  server.RaftServerConfigKeys (ConfUtils.java:logGet(44)) - raft.server.log.corruption.policy = EXCEPTION (default)
2021-11-14 01:05:36,809 [pool-635-thread-1] INFO  server.RaftServerConfigKeys (ConfUtils.java:logGet(44)) - raft.server.storage.free-space.min = 0MB (=0) (default)
2021-11-14 01:05:36,809 [pool-635-thread-1] INFO  storage.RaftStorageDirectory (RaftStorageDirectoryImpl.java:analyzeStorage(135)) - The storage directory /home/runner/work/ozone/ozone/hadoop-ozone/integration-test/target/test-dir/MiniOzoneClusterImpl-5b6cbd2a-2976-43bc-8d1c-e3ca86cddeeb/datanode-6/data/ratis/5db15519-d160-414d-8fcd-06f4125447c4 does not exist. Creating ...
2021-11-14 01:05:36,811 [pool-635-thread-1] INFO  storage.RaftStorageDirectory (RaftStorageDirectoryImpl.java:tryLock(230)) - Lock on /home/runner/work/ozone/ozone/hadoop-ozone/integration-test/target/test-dir/MiniOzoneClusterImpl-5b6cbd2a-2976-43bc-8d1c-e3ca86cddeeb/datanode-6/data/ratis/5db15519-d160-414d-8fcd-06f4125447c4/in_use.lock acquired by nodename 9791@fv-az395-453
2021-11-14 01:05:36,812 [pool-521-thread-1] INFO  storage.RaftStorageDirectory (RaftStorageDirectoryImpl.java:tryLock(230)) - Lock on /home/runner/work/ozone/ozone/hadoop-ozone/integration-test/target/test-dir/MiniOzoneClusterImpl-5b6cbd2a-2976-43bc-8d1c-e3ca86cddeeb/datanode-0/data/ratis/5db15519-d160-414d-8fcd-06f4125447c4/in_use.lock acquired by nodename 9791@fv-az395-453
2021-11-14 01:05:36,813 [pool-635-thread-1] INFO  storage.RaftStorage (RaftStorageImpl.java:format(89)) - Storage directory /home/runner/work/ozone/ozone/hadoop-ozone/integration-test/target/test-dir/MiniOzoneClusterImpl-5b6cbd2a-2976-43bc-8d1c-e3ca86cddeeb/datanode-6/data/ratis/5db15519-d160-414d-8fcd-06f4125447c4 has been successfully formatted.
2021-11-14 01:05:36,813 [pool-635-thread-1] INFO  ratis.ContainerStateMachine (ContainerStateMachine.java:loadSnapshot(224)) - group-06F4125447C4: The snapshot info is null. Setting the last applied indexto:(t:0, i:~)
2021-11-14 01:05:36,814 [pool-635-thread-1] INFO  server.RaftServerConfigKeys (ConfUtils.java:logGet(44)) - raft.server.notification.no-leader.timeout = 300000ms (custom)
2021-11-14 01:05:36,814 [pool-635-thread-1] INFO  server.RaftServerConfigKeys (ConfUtils.java:logGet(44)) - raft.server.log.use.memory = false (default)
2021-11-14 01:05:36,814 [pool-635-thread-1] INFO  server.RaftServerConfigKeys (ConfUtils.java:logGet(44)) - raft.server.log.purge.gap = 1000000 (custom)
2021-11-14 01:05:36,814 [pool-635-thread-1] INFO  server.RaftServerConfigKeys (ConfUtils.java:logGet(44)) - raft.server.log.appender.buffer.byte-limit = 33554432 (custom)
2021-11-14 01:05:36,814 [pool-635-thread-1] INFO  server.RaftServerConfigKeys (ConfUtils.java:logGet(44)) - raft.server.log.segment.size.max = 1048576 (custom)
2021-11-14 01:05:36,815 [pool-635-thread-1] INFO  server.RaftServerConfigKeys (ConfUtils.java:logGet(44)) - raft.server.log.segment.cache.num.max = 2 (custom)
2021-11-14 01:05:36,816 [pool-635-thread-1] INFO  server.RaftServerConfigKeys (ConfUtils.java:logGet(44)) - raft.server.log.segment.cache.size.max = 200MB (=209715200) (default)
2021-11-14 01:05:36,816 [pool-635-thread-1] INFO  segmented.SegmentedRaftLogWorker (SegmentedRaftLogWorker.java:<init>(182)) - new eb0c46e4-5725-4afa-bb96-e719b980f47a@group-06F4125447C4-SegmentedRaftLogWorker for RaftStorageImpl:Storage Directory /home/runner/work/ozone/ozone/hadoop-ozone/integration-test/target/test-dir/MiniOzoneClusterImpl-5b6cbd2a-2976-43bc-8d1c-e3ca86cddeeb/datanode-6/data/ratis/5db15519-d160-414d-8fcd-06f4125447c4
2021-11-14 01:05:36,813 [pool-521-thread-1] INFO  storage.RaftStorage (RaftStorageImpl.java:format(89)) - Storage directory /home/runner/work/ozone/ozone/hadoop-ozone/integration-test/target/test-dir/MiniOzoneClusterImpl-5b6cbd2a-2976-43bc-8d1c-e3ca86cddeeb/datanode-0/data/ratis/5db15519-d160-414d-8fcd-06f4125447c4 has been successfully formatted.
2021-11-14 01:05:36,817 [pool-521-thread-1] INFO  ratis.ContainerStateMachine (ContainerStateMachine.java:loadSnapshot(224)) - group-06F4125447C4: The snapshot info is null. Setting the last applied indexto:(t:0, i:~)
2021-11-14 01:05:36,817 [pool-521-thread-1] INFO  server.RaftServerConfigKeys (ConfUtils.java:logGet(44)) - raft.server.notification.no-leader.timeout = 300000ms (custom)
2021-11-14 01:05:36,817 [pool-521-thread-1] INFO  server.RaftServerConfigKeys (ConfUtils.java:logGet(44)) - raft.server.log.use.memory = false (default)
2021-11-14 01:05:36,818 [pool-521-thread-1] INFO  server.RaftServerConfigKeys (ConfUtils.java:logGet(44)) - raft.server.log.purge.gap = 1000000 (custom)
2021-11-14 01:05:36,818 [pool-521-thread-1] INFO  server.RaftServerConfigKeys (ConfUtils.java:logGet(44)) - raft.server.log.appender.buffer.byte-limit = 33554432 (custom)
2021-11-14 01:05:36,818 [pool-521-thread-1] INFO  server.RaftServerConfigKeys (ConfUtils.java:logGet(44)) - raft.server.log.segment.size.max = 1048576 (custom)
2021-11-14 01:05:36,818 [pool-521-thread-1] INFO  server.RaftServerConfigKeys (ConfUtils.java:logGet(44)) - raft.server.log.segment.cache.num.max = 2 (custom)
2021-11-14 01:05:36,819 [pool-521-thread-1] INFO  server.RaftServerConfigKeys (ConfUtils.java:logGet(44)) - raft.server.log.segment.cache.size.max = 200MB (=209715200) (default)
2021-11-14 01:05:36,819 [pool-521-thread-1] INFO  segmented.SegmentedRaftLogWorker (SegmentedRaftLogWorker.java:<init>(182)) - new 32069a0d-f39a-42d5-b706-96b3f478e9d8@group-06F4125447C4-SegmentedRaftLogWorker for RaftStorageImpl:Storage Directory /home/runner/work/ozone/ozone/hadoop-ozone/integration-test/target/test-dir/MiniOzoneClusterImpl-5b6cbd2a-2976-43bc-8d1c-e3ca86cddeeb/datanode-0/data/ratis/5db15519-d160-414d-8fcd-06f4125447c4
2021-11-14 01:05:36,819 [pool-521-thread-1] INFO  server.RaftServerConfigKeys (ConfUtils.java:logGet(44)) - raft.server.log.queue.byte-limit = 2147483647 (custom)
2021-11-14 01:05:36,819 [pool-521-thread-1] INFO  server.RaftServerConfigKeys (ConfUtils.java:logGet(44)) - raft.server.log.queue.element-limit = 1024 (custom)
2021-11-14 01:05:36,819 [pool-521-thread-1] INFO  server.RaftServerConfigKeys (ConfUtils.java:logGet(44)) - raft.server.log.segment.size.max = 1048576 (custom)
2021-11-14 01:05:36,819 [pool-521-thread-1] INFO  server.RaftServerConfigKeys (ConfUtils.java:logGet(44)) - raft.server.log.preallocated.size = 16384 (custom)
2021-11-14 01:05:36,819 [pool-635-thread-1] INFO  server.RaftServerConfigKeys (ConfUtils.java:logGet(44)) - raft.server.log.queue.byte-limit = 2147483647 (custom)
2021-11-14 01:05:36,822 [pool-635-thread-1] INFO  server.RaftServerConfigKeys (ConfUtils.java:logGet(44)) - raft.server.log.queue.element-limit = 1024 (custom)
2021-11-14 01:05:36,822 [pool-635-thread-1] INFO  server.RaftServerConfigKeys (ConfUtils.java:logGet(44)) - raft.server.log.segment.size.max = 1048576 (custom)
2021-11-14 01:05:36,823 [pool-635-thread-1] INFO  server.RaftServerConfigKeys (ConfUtils.java:logGet(44)) - raft.server.log.preallocated.size = 16384 (custom)
2021-11-14 01:05:36,823 [pool-635-thread-1] INFO  server.RaftServerConfigKeys (ConfUtils.java:logGet(44)) - raft.server.log.force.sync.num = 128 (default)
2021-11-14 01:05:36,823 [pool-635-thread-1] INFO  server.RaftServerConfigKeys (ConfUtils.java:logGet(44)) - raft.server.log.statemachine.data.sync = true (default)
2021-11-14 01:05:36,825 [pool-635-thread-1] INFO  server.RaftServerConfigKeys (ConfUtils.java:logGet(44)) - raft.server.log.statemachine.data.sync.timeout = 10s (default)
2021-11-14 01:05:36,825 [pool-635-thread-1] INFO  server.RaftServerConfigKeys (ConfUtils.java:logGet(44)) - raft.server.log.statemachine.data.sync.timeout.retry = -1 (default)
2021-11-14 01:05:36,822 [pool-521-thread-1] INFO  server.RaftServerConfigKeys (ConfUtils.java:logGet(44)) - raft.server.log.force.sync.num = 128 (default)
2021-11-14 01:05:36,826 [pool-521-thread-1] INFO  server.RaftServerConfigKeys (ConfUtils.java:logGet(44)) - raft.server.log.statemachine.data.sync = true (default)
2021-11-14 01:05:36,826 [pool-521-thread-1] INFO  server.RaftServerConfigKeys (ConfUtils.java:logGet(44)) - raft.server.log.statemachine.data.sync.timeout = 10s (default)
2021-11-14 01:05:36,826 [pool-521-thread-1] INFO  server.RaftServerConfigKeys (ConfUtils.java:logGet(44)) - raft.server.log.statemachine.data.sync.timeout.retry = -1 (default)
2021-11-14 01:05:36,834 [pool-635-thread-1] INFO  server.RaftServerConfigKeys (ConfUtils.java:logGet(44)) - raft.server.log.write.buffer.size = 1048576 (custom)
2021-11-14 01:05:36,836 [pool-635-thread-1] INFO  server.RaftServerConfigKeys (ConfUtils.java:logGet(44)) - raft.server.log.statemachine.data.caching.enabled = true (custom)
2021-11-14 01:05:36,836 [pool-635-thread-1] INFO  segmented.SegmentedRaftLogWorker (SegmentedRaftLogWorker.java:lambda$new$0(133)) - eb0c46e4-5725-4afa-bb96-e719b980f47a@group-06F4125447C4-SegmentedRaftLogWorker: flushIndex: setUnconditionally 0 -> -1
2021-11-14 01:05:36,836 [pool-635-thread-1] INFO  segmented.SegmentedRaftLogWorker (SegmentedRaftLogWorker.java:lambda$new$0(133)) - eb0c46e4-5725-4afa-bb96-e719b980f47a@group-06F4125447C4-SegmentedRaftLogWorker: safeCacheEvictIndex: setUnconditionally 0 -> -1
2021-11-14 01:05:36,835 [pool-521-thread-1] INFO  server.RaftServerConfigKeys (ConfUtils.java:logGet(44)) - raft.server.log.write.buffer.size = 1048576 (custom)
2021-11-14 01:05:36,837 [pool-521-thread-1] INFO  server.RaftServerConfigKeys (ConfUtils.java:logGet(44)) - raft.server.log.statemachine.data.caching.enabled = true (custom)
2021-11-14 01:05:36,838 [pool-521-thread-1] INFO  segmented.SegmentedRaftLogWorker (SegmentedRaftLogWorker.java:lambda$new$0(133)) - 32069a0d-f39a-42d5-b706-96b3f478e9d8@group-06F4125447C4-SegmentedRaftLogWorker: flushIndex: setUnconditionally 0 -> -1
2021-11-14 01:05:36,838 [pool-521-thread-1] INFO  segmented.SegmentedRaftLogWorker (SegmentedRaftLogWorker.java:lambda$new$0(133)) - 32069a0d-f39a-42d5-b706-96b3f478e9d8@group-06F4125447C4-SegmentedRaftLogWorker: safeCacheEvictIndex: setUnconditionally 0 -> -1
2021-11-14 01:05:36,838 [pool-635-thread-1] INFO  server.RaftServerConfigKeys (ConfUtils.java:logGet(44)) - raft.server.snapshot.auto.trigger.enabled = true (custom)
2021-11-14 01:05:36,838 [pool-635-thread-1] INFO  server.RaftServerConfigKeys (ConfUtils.java:logGet(44)) - raft.server.snapshot.auto.trigger.threshold = 10000 (custom)
2021-11-14 01:05:36,838 [pool-635-thread-1] INFO  server.RaftServerConfigKeys (ConfUtils.java:logGet(44)) - raft.server.snapshot.retention.file.num = 5 (custom)
2021-11-14 01:05:36,838 [pool-635-thread-1] INFO  server.RaftServerConfigKeys (ConfUtils.java:logGet(44)) - raft.server.log.purge.upto.snapshot.index = false (default)
2021-11-14 01:05:36,839 [pool-521-thread-1] INFO  server.RaftServerConfigKeys (ConfUtils.java:logGet(44)) - raft.server.snapshot.auto.trigger.enabled = true (custom)
2021-11-14 01:05:36,839 [pool-521-thread-1] INFO  server.RaftServerConfigKeys (ConfUtils.java:logGet(44)) - raft.server.snapshot.auto.trigger.threshold = 10000 (custom)
2021-11-14 01:05:36,839 [pool-521-thread-1] INFO  server.RaftServerConfigKeys (ConfUtils.java:logGet(44)) - raft.server.snapshot.retention.file.num = 5 (custom)
2021-11-14 01:05:36,840 [pool-521-thread-1] INFO  server.RaftServerConfigKeys (ConfUtils.java:logGet(44)) - raft.server.log.purge.upto.snapshot.index = false (default)
2021-11-14 01:05:36,840 [pool-521-thread-1] INFO  server.RaftServerConfigKeys (ConfUtils.java:logGet(44)) - raft.server.retrycache.expirytime = 600000ms (custom)
2021-11-14 01:05:36,840 [pool-521-thread-1] INFO  server.RaftServerConfigKeys (ConfUtils.java:logGet(44)) - raft.server.retrycache.statistics.expirytime = 100μs (default)
2021-11-14 01:05:36,844 [pool-635-thread-1] INFO  server.RaftServerConfigKeys (ConfUtils.java:logGet(44)) - raft.server.retrycache.expirytime = 600000ms (custom)
2021-11-14 01:05:36,844 [pool-635-thread-1] INFO  server.RaftServerConfigKeys (ConfUtils.java:logGet(44)) - raft.server.retrycache.statistics.expirytime = 100μs (default)
2021-11-14 01:05:36,849 [pool-521-thread-1] INFO  server.RaftServer$Division (RaftServerImpl.java:start(301)) - 32069a0d-f39a-42d5-b706-96b3f478e9d8@group-06F4125447C4: start as a follower, conf=-1: [a5432c49-5461-405d-b7d7-37e5c225d9bf|rpc:10.1.0.47:33007|priority:0, 32069a0d-f39a-42d5-b706-96b3f478e9d8|rpc:10.1.0.47:43355|priority:0, eb0c46e4-5725-4afa-bb96-e719b980f47a|rpc:10.1.0.47:38135|priority:1], old=null
2021-11-14 01:05:36,850 [pool-521-thread-1] INFO  server.RaftServer$Division (RaftServerImpl.java:setRole(290)) - 32069a0d-f39a-42d5-b706-96b3f478e9d8@group-06F4125447C4: changes role from      null to FOLLOWER at term 0 for startAsFollower
2021-11-14 01:05:36,851 [pool-521-thread-1] INFO  impl.RoleInfo (RoleInfo.java:updateAndGet(130)) - 32069a0d-f39a-42d5-b706-96b3f478e9d8: start 32069a0d-f39a-42d5-b706-96b3f478e9d8@group-06F4125447C4-FollowerState
2021-11-14 01:05:36,850 [pool-635-thread-1] INFO  server.RaftServer$Division (RaftServerImpl.java:start(301)) - eb0c46e4-5725-4afa-bb96-e719b980f47a@group-06F4125447C4: start as a follower, conf=-1: [a5432c49-5461-405d-b7d7-37e5c225d9bf|rpc:10.1.0.47:33007|priority:0, 32069a0d-f39a-42d5-b706-96b3f478e9d8|rpc:10.1.0.47:43355|priority:0, eb0c46e4-5725-4afa-bb96-e719b980f47a|rpc:10.1.0.47:38135|priority:1], old=null
2021-11-14 01:05:36,851 [pool-635-thread-1] INFO  server.RaftServer$Division (RaftServerImpl.java:setRole(290)) - eb0c46e4-5725-4afa-bb96-e719b980f47a@group-06F4125447C4: changes role from      null to FOLLOWER at term 0 for startAsFollower
2021-11-14 01:05:36,860 [pool-521-thread-1] INFO  util.JmxRegister (JmxRegister.java:tryRegister(44)) - Successfully registered JMX Bean with object name Ratis:service=RaftServer,group=group-06F4125447C4,id=32069a0d-f39a-42d5-b706-96b3f478e9d8
2021-11-14 01:05:36,865 [pool-635-thread-1] INFO  impl.RoleInfo (RoleInfo.java:updateAndGet(130)) - eb0c46e4-5725-4afa-bb96-e719b980f47a: start eb0c46e4-5725-4afa-bb96-e719b980f47a@group-06F4125447C4-FollowerState
2021-11-14 01:05:36,867 [Command processor thread] INFO  ratis.XceiverServerRatis (XceiverServerRatis.java:addGroup(768)) - Created group PipelineID=5db15519-d160-414d-8fcd-06f4125447c4
2021-11-14 01:05:36,883 [pool-635-thread-1] INFO  util.JmxRegister (JmxRegister.java:tryRegister(44)) - Successfully registered JMX Bean with object name Ratis:service=RaftServer,group=group-06F4125447C4,id=eb0c46e4-5725-4afa-bb96-e719b980f47a
2021-11-14 01:05:36,884 [Command processor thread] INFO  ratis.XceiverServerRatis (XceiverServerRatis.java:addGroup(768)) - Created group PipelineID=5db15519-d160-414d-8fcd-06f4125447c4
2021-11-14 01:05:37,085 [grpc-default-executor-0] INFO  server.RaftServer (RaftServerProxy.java:addNew(95)) - a5432c49-5461-405d-b7d7-37e5c225d9bf: addNew group-06F4125447C4:[a5432c49-5461-405d-b7d7-37e5c225d9bf|rpc:10.1.0.47:33007|dataStream:|priority:0, 32069a0d-f39a-42d5-b706-96b3f478e9d8|rpc:10.1.0.47:43355|dataStream:|priority:0, eb0c46e4-5725-4afa-bb96-e719b980f47a|rpc:10.1.0.47:38135|dataStream:|priority:1] returns group-06F4125447C4:java.util.concurrent.CompletableFuture@2cadc83e[Not completed]
2021-11-14 01:05:37,085 [pool-540-thread-1] INFO  server.RaftServer$Division (RaftServerImpl.java:<init>(184)) - a5432c49-5461-405d-b7d7-37e5c225d9bf: new RaftServerImpl for group-06F4125447C4:[a5432c49-5461-405d-b7d7-37e5c225d9bf|rpc:10.1.0.47:33007|dataStream:|priority:0, 32069a0d-f39a-42d5-b706-96b3f478e9d8|rpc:10.1.0.47:43355|dataStream:|priority:0, eb0c46e4-5725-4afa-bb96-e719b980f47a|rpc:10.1.0.47:38135|dataStream:|priority:1] with ContainerStateMachine:uninitialized
2021-11-14 01:05:37,086 [pool-540-thread-1] INFO  server.RaftServerConfigKeys (ConfUtils.java:logGet(44)) - raft.server.rpc.timeout.min = 5s (custom)
2021-11-14 01:05:37,086 [pool-540-thread-1] INFO  server.RaftServerConfigKeys (ConfUtils.java:logGet(44)) - raft.server.rpc.timeout.max = 5200ms (custom)
2021-11-14 01:05:37,086 [pool-540-thread-1] INFO  server.RaftServerConfigKeys (ConfUtils.java:logGet(44)) - raft.server.rpc.sleep.time = 25ms (default)
2021-11-14 01:05:37,086 [pool-540-thread-1] INFO  server.RaftServerConfigKeys (ConfUtils.java:logGet(44)) - raft.server.rpc.slowness.timeout = 300000ms (custom)
2021-11-14 01:05:37,086 [pool-540-thread-1] INFO  server.RaftServerConfigKeys (ConfUtils.java:logGet(44)) - raft.server.leaderelection.leader.step-down.wait-time = 10s (default)
2021-11-14 01:05:37,086 [pool-540-thread-1] INFO  server.RaftServerConfigKeys (ConfUtils.java:logGet(44)) - raft.server.sleep.deviation.threshold = 300ms (default)
2021-11-14 01:05:37,086 [pool-540-thread-1] INFO  server.RaftServerConfigKeys (ConfUtils.java:logGet(44)) - raft.server.log.appender.install.snapshot.enabled = false (custom)
2021-11-14 01:05:37,086 [pool-540-thread-1] INFO  server.RaftServer$Division (ServerState.java:<init>(105)) - a5432c49-5461-405d-b7d7-37e5c225d9bf@group-06F4125447C4: ConfigurationManager, init=-1: [a5432c49-5461-405d-b7d7-37e5c225d9bf|rpc:10.1.0.47:33007|dataStream:|priority:0, 32069a0d-f39a-42d5-b706-96b3f478e9d8|rpc:10.1.0.47:43355|dataStream:|priority:0, eb0c46e4-5725-4afa-bb96-e719b980f47a|rpc:10.1.0.47:38135|dataStream:|priority:1], old=null, confs=<EMPTY_MAP>
2021-11-14 01:05:37,086 [pool-540-thread-1] INFO  server.RaftServerConfigKeys (ConfUtils.java:logGet(44)) - raft.server.storage.dir = [/home/runner/work/ozone/ozone/hadoop-ozone/integration-test/target/test-dir/MiniOzoneClusterImpl-5b6cbd2a-2976-43bc-8d1c-e3ca86cddeeb/datanode-1/data/ratis] (custom)
2021-11-14 01:05:37,086 [pool-540-thread-1] INFO  server.RaftServerConfigKeys (ConfUtils.java:logGet(44)) - raft.server.log.corruption.policy = EXCEPTION (default)
2021-11-14 01:05:37,086 [pool-540-thread-1] INFO  server.RaftServerConfigKeys (ConfUtils.java:logGet(44)) - raft.server.storage.free-space.min = 0MB (=0) (default)
2021-11-14 01:05:37,086 [pool-540-thread-1] INFO  storage.RaftStorageDirectory (RaftStorageDirectoryImpl.java:analyzeStorage(135)) - The storage directory /home/runner/work/ozone/ozone/hadoop-ozone/integration-test/target/test-dir/MiniOzoneClusterImpl-5b6cbd2a-2976-43bc-8d1c-e3ca86cddeeb/datanode-1/data/ratis/5db15519-d160-414d-8fcd-06f4125447c4 does not exist. Creating ...
2021-11-14 01:05:37,147 [pool-540-thread-1] INFO  storage.RaftStorageDirectory (RaftStorageDirectoryImpl.java:tryLock(230)) - Lock on /home/runner/work/ozone/ozone/hadoop-ozone/integration-test/target/test-dir/MiniOzoneClusterImpl-5b6cbd2a-2976-43bc-8d1c-e3ca86cddeeb/datanode-1/data/ratis/5db15519-d160-414d-8fcd-06f4125447c4/in_use.lock acquired by nodename 9791@fv-az395-453
2021-11-14 01:05:37,149 [pool-540-thread-1] INFO  storage.RaftStorage (RaftStorageImpl.java:format(89)) - Storage directory /home/runner/work/ozone/ozone/hadoop-ozone/integration-test/target/test-dir/MiniOzoneClusterImpl-5b6cbd2a-2976-43bc-8d1c-e3ca86cddeeb/datanode-1/data/ratis/5db15519-d160-414d-8fcd-06f4125447c4 has been successfully formatted.
2021-11-14 01:05:37,149 [pool-540-thread-1] INFO  ratis.ContainerStateMachine (ContainerStateMachine.java:loadSnapshot(224)) - group-06F4125447C4: The snapshot info is null. Setting the last applied indexto:(t:0, i:~)
2021-11-14 01:05:37,149 [pool-540-thread-1] INFO  server.RaftServerConfigKeys (ConfUtils.java:logGet(44)) - raft.server.notification.no-leader.timeout = 300000ms (custom)
2021-11-14 01:05:37,149 [pool-540-thread-1] INFO  server.RaftServerConfigKeys (ConfUtils.java:logGet(44)) - raft.server.log.use.memory = false (default)
2021-11-14 01:05:37,150 [pool-540-thread-1] INFO  server.RaftServerConfigKeys (ConfUtils.java:logGet(44)) - raft.server.log.purge.gap = 1000000 (custom)
2021-11-14 01:05:37,150 [pool-540-thread-1] INFO  server.RaftServerConfigKeys (ConfUtils.java:logGet(44)) - raft.server.log.appender.buffer.byte-limit = 33554432 (custom)
2021-11-14 01:05:37,150 [pool-540-thread-1] INFO  server.RaftServerConfigKeys (ConfUtils.java:logGet(44)) - raft.server.log.segment.size.max = 1048576 (custom)
2021-11-14 01:05:37,150 [pool-540-thread-1] INFO  server.RaftServerConfigKeys (ConfUtils.java:logGet(44)) - raft.server.log.segment.cache.num.max = 2 (custom)
2021-11-14 01:05:37,150 [pool-540-thread-1] INFO  server.RaftServerConfigKeys (ConfUtils.java:logGet(44)) - raft.server.log.segment.cache.size.max = 200MB (=209715200) (default)
2021-11-14 01:05:37,150 [pool-540-thread-1] INFO  segmented.SegmentedRaftLogWorker (SegmentedRaftLogWorker.java:<init>(182)) - new a5432c49-5461-405d-b7d7-37e5c225d9bf@group-06F4125447C4-SegmentedRaftLogWorker for RaftStorageImpl:Storage Directory /home/runner/work/ozone/ozone/hadoop-ozone/integration-test/target/test-dir/MiniOzoneClusterImpl-5b6cbd2a-2976-43bc-8d1c-e3ca86cddeeb/datanode-1/data/ratis/5db15519-d160-414d-8fcd-06f4125447c4
2021-11-14 01:05:37,151 [pool-540-thread-1] INFO  server.RaftServerConfigKeys (ConfUtils.java:logGet(44)) - raft.server.log.queue.byte-limit = 2147483647 (custom)
2021-11-14 01:05:37,151 [pool-540-thread-1] INFO  server.RaftServerConfigKeys (ConfUtils.java:logGet(44)) - raft.server.log.queue.element-limit = 1024 (custom)
2021-11-14 01:05:37,151 [pool-540-thread-1] INFO  server.RaftServerConfigKeys (ConfUtils.java:logGet(44)) - raft.server.log.segment.size.max = 1048576 (custom)
2021-11-14 01:05:37,151 [pool-540-thread-1] INFO  server.RaftServerConfigKeys (ConfUtils.java:logGet(44)) - raft.server.log.preallocated.size = 16384 (custom)
2021-11-14 01:05:37,151 [pool-540-thread-1] INFO  server.RaftServerConfigKeys (ConfUtils.java:logGet(44)) - raft.server.log.force.sync.num = 128 (default)
2021-11-14 01:05:37,151 [pool-540-thread-1] INFO  server.RaftServerConfigKeys (ConfUtils.java:logGet(44)) - raft.server.log.statemachine.data.sync = true (default)
2021-11-14 01:05:37,151 [pool-540-thread-1] INFO  server.RaftServerConfigKeys (ConfUtils.java:logGet(44)) - raft.server.log.statemachine.data.sync.timeout = 10s (default)
2021-11-14 01:05:37,151 [pool-540-thread-1] INFO  server.RaftServerConfigKeys (ConfUtils.java:logGet(44)) - raft.server.log.statemachine.data.sync.timeout.retry = -1 (default)
2021-11-14 01:05:37,152 [pool-540-thread-1] INFO  server.RaftServerConfigKeys (ConfUtils.java:logGet(44)) - raft.server.log.write.buffer.size = 1048576 (custom)
2021-11-14 01:05:37,152 [pool-540-thread-1] INFO  server.RaftServerConfigKeys (ConfUtils.java:logGet(44)) - raft.server.log.statemachine.data.caching.enabled = true (custom)
2021-11-14 01:05:37,153 [pool-540-thread-1] INFO  segmented.SegmentedRaftLogWorker (SegmentedRaftLogWorker.java:lambda$new$0(133)) - a5432c49-5461-405d-b7d7-37e5c225d9bf@group-06F4125447C4-SegmentedRaftLogWorker: flushIndex: setUnconditionally 0 -> -1
2021-11-14 01:05:37,153 [pool-540-thread-1] INFO  segmented.SegmentedRaftLogWorker (SegmentedRaftLogWorker.java:lambda$new$0(133)) - a5432c49-5461-405d-b7d7-37e5c225d9bf@group-06F4125447C4-SegmentedRaftLogWorker: safeCacheEvictIndex: setUnconditionally 0 -> -1
2021-11-14 01:05:37,162 [pool-540-thread-1] INFO  server.RaftServerConfigKeys (ConfUtils.java:logGet(44)) - raft.server.snapshot.auto.trigger.enabled = true (custom)
2021-11-14 01:05:37,162 [pool-540-thread-1] INFO  server.RaftServerConfigKeys (ConfUtils.java:logGet(44)) - raft.server.snapshot.auto.trigger.threshold = 10000 (custom)
2021-11-14 01:05:37,162 [pool-540-thread-1] INFO  server.RaftServerConfigKeys (ConfUtils.java:logGet(44)) - raft.server.snapshot.retention.file.num = 5 (custom)
2021-11-14 01:05:37,162 [pool-540-thread-1] INFO  server.RaftServerConfigKeys (ConfUtils.java:logGet(44)) - raft.server.log.purge.upto.snapshot.index = false (default)
2021-11-14 01:05:37,162 [pool-540-thread-1] INFO  server.RaftServerConfigKeys (ConfUtils.java:logGet(44)) - raft.server.retrycache.expirytime = 600000ms (custom)
2021-11-14 01:05:37,162 [pool-540-thread-1] INFO  server.RaftServerConfigKeys (ConfUtils.java:logGet(44)) - raft.server.retrycache.statistics.expirytime = 100μs (default)
2021-11-14 01:05:37,164 [pool-540-thread-1] INFO  server.RaftServer$Division (RaftServerImpl.java:start(301)) - a5432c49-5461-405d-b7d7-37e5c225d9bf@group-06F4125447C4: start as a follower, conf=-1: [a5432c49-5461-405d-b7d7-37e5c225d9bf|rpc:10.1.0.47:33007|dataStream:|priority:0, 32069a0d-f39a-42d5-b706-96b3f478e9d8|rpc:10.1.0.47:43355|dataStream:|priority:0, eb0c46e4-5725-4afa-bb96-e719b980f47a|rpc:10.1.0.47:38135|dataStream:|priority:1], old=null
2021-11-14 01:05:37,213 [pool-540-thread-1] INFO  server.RaftServer$Division (RaftServerImpl.java:setRole(290)) - a5432c49-5461-405d-b7d7-37e5c225d9bf@group-06F4125447C4: changes role from      null to FOLLOWER at term 0 for startAsFollower
2021-11-14 01:05:37,213 [pool-540-thread-1] INFO  impl.RoleInfo (RoleInfo.java:updateAndGet(130)) - a5432c49-5461-405d-b7d7-37e5c225d9bf: start a5432c49-5461-405d-b7d7-37e5c225d9bf@group-06F4125447C4-FollowerState
2021-11-14 01:05:37,195 [Command processor thread] INFO  commandhandler.CreatePipelineCommandHandler (CreatePipelineCommandHandler.java:handle(106)) - Created Pipeline RATIS THREE PipelineID=5db15519-d160-414d-8fcd-06f4125447c4.
2021-11-14 01:05:37,218 [pool-540-thread-1] INFO  util.JmxRegister (JmxRegister.java:tryRegister(44)) - Successfully registered JMX Bean with object name Ratis:service=RaftServer,group=group-06F4125447C4,id=a5432c49-5461-405d-b7d7-37e5c225d9bf
2021-11-14 01:05:37,241 [Command processor thread] INFO  commandhandler.CreatePipelineCommandHandler (CreatePipelineCommandHandler.java:handle(106)) - Created Pipeline RATIS THREE PipelineID=5db15519-d160-414d-8fcd-06f4125447c4.
2021-11-14 01:05:37,241 [Command processor thread] INFO  server.RaftServer (RaftServerProxy.java:addNew(95)) - 32069a0d-f39a-42d5-b706-96b3f478e9d8: addNew group-CAA489D3CFE4:[a5432c49-5461-405d-b7d7-37e5c225d9bf|rpc:10.1.0.47:33007|priority:1, 32069a0d-f39a-42d5-b706-96b3f478e9d8|rpc:10.1.0.47:43355|priority:0, 42593a4f-89d4-4363-aad7-ee84fdc40b17|rpc:10.1.0.47:38117|priority:0] returns group-CAA489D3CFE4:java.util.concurrent.CompletableFuture@79cfd893[Not completed]
2021-11-14 01:05:37,244 [pool-521-thread-1] INFO  server.RaftServer$Division (RaftServerImpl.java:<init>(184)) - 32069a0d-f39a-42d5-b706-96b3f478e9d8: new RaftServerImpl for group-CAA489D3CFE4:[a5432c49-5461-405d-b7d7-37e5c225d9bf|rpc:10.1.0.47:33007|priority:1, 32069a0d-f39a-42d5-b706-96b3f478e9d8|rpc:10.1.0.47:43355|priority:0, 42593a4f-89d4-4363-aad7-ee84fdc40b17|rpc:10.1.0.47:38117|priority:0] with ContainerStateMachine:uninitialized
2021-11-14 01:05:37,244 [pool-521-thread-1] INFO  server.RaftServerConfigKeys (ConfUtils.java:logGet(44)) - raft.server.rpc.timeout.min = 5s (custom)
2021-11-14 01:05:37,244 [pool-521-thread-1] INFO  server.RaftServerConfigKeys (ConfUtils.java:logGet(44)) - raft.server.rpc.timeout.max = 5200ms (custom)
2021-11-14 01:05:37,244 [pool-521-thread-1] INFO  server.RaftServerConfigKeys (ConfUtils.java:logGet(44)) - raft.server.rpc.sleep.time = 25ms (default)
2021-11-14 01:05:37,244 [pool-521-thread-1] INFO  server.RaftServerConfigKeys (ConfUtils.java:logGet(44)) - raft.server.rpc.slowness.timeout = 300000ms (custom)
2021-11-14 01:05:37,244 [pool-521-thread-1] INFO  server.RaftServerConfigKeys (ConfUtils.java:logGet(44)) - raft.server.leaderelection.leader.step-down.wait-time = 10s (default)
2021-11-14 01:05:37,244 [pool-521-thread-1] INFO  server.RaftServerConfigKeys (ConfUtils.java:logGet(44)) - raft.server.sleep.deviation.threshold = 300ms (default)
2021-11-14 01:05:37,244 [pool-521-thread-1] INFO  server.RaftServerConfigKeys (ConfUtils.java:logGet(44)) - raft.server.log.appender.install.snapshot.enabled = false (custom)
2021-11-14 01:05:37,244 [pool-521-thread-1] INFO  server.RaftServer$Division (ServerState.java:<init>(105)) - 32069a0d-f39a-42d5-b706-96b3f478e9d8@group-CAA489D3CFE4: ConfigurationManager, init=-1: [a5432c49-5461-405d-b7d7-37e5c225d9bf|rpc:10.1.0.47:33007|priority:1, 32069a0d-f39a-42d5-b706-96b3f478e9d8|rpc:10.1.0.47:43355|priority:0, 42593a4f-89d4-4363-aad7-ee84fdc40b17|rpc:10.1.0.47:38117|priority:0], old=null, confs=<EMPTY_MAP>
2021-11-14 01:05:37,244 [pool-521-thread-1] INFO  server.RaftServerConfigKeys (ConfUtils.java:logGet(44)) - raft.server.storage.dir = [/home/runner/work/ozone/ozone/hadoop-ozone/integration-test/target/test-dir/MiniOzoneClusterImpl-5b6cbd2a-2976-43bc-8d1c-e3ca86cddeeb/datanode-0/data/ratis] (custom)
2021-11-14 01:05:37,245 [pool-521-thread-1] INFO  server.RaftServerConfigKeys (ConfUtils.java:logGet(44)) - raft.server.log.corruption.policy = EXCEPTION (default)
2021-11-14 01:05:37,245 [pool-521-thread-1] INFO  server.RaftServerConfigKeys (ConfUtils.java:logGet(44)) - raft.server.storage.free-space.min = 0MB (=0) (default)
2021-11-14 01:05:37,245 [pool-521-thread-1] INFO  storage.RaftStorageDirectory (RaftStorageDirectoryImpl.java:analyzeStorage(135)) - The storage directory /home/runner/work/ozone/ozone/hadoop-ozone/integration-test/target/test-dir/MiniOzoneClusterImpl-5b6cbd2a-2976-43bc-8d1c-e3ca86cddeeb/datanode-0/data/ratis/504e848c-8156-4a34-b367-caa489d3cfe4 does not exist. Creating ...
2021-11-14 01:05:37,247 [pool-521-thread-1] INFO  storage.RaftStorageDirectory (RaftStorageDirectoryImpl.java:tryLock(230)) - Lock on /home/runner/work/ozone/ozone/hadoop-ozone/integration-test/target/test-dir/MiniOzoneClusterImpl-5b6cbd2a-2976-43bc-8d1c-e3ca86cddeeb/datanode-0/data/ratis/504e848c-8156-4a34-b367-caa489d3cfe4/in_use.lock acquired by nodename 9791@fv-az395-453
2021-11-14 01:05:37,249 [pool-521-thread-1] INFO  storage.RaftStorage (RaftStorageImpl.java:format(89)) - Storage directory /home/runner/work/ozone/ozone/hadoop-ozone/integration-test/target/test-dir/MiniOzoneClusterImpl-5b6cbd2a-2976-43bc-8d1c-e3ca86cddeeb/datanode-0/data/ratis/504e848c-8156-4a34-b367-caa489d3cfe4 has been successfully formatted.
2021-11-14 01:05:37,249 [pool-521-thread-1] INFO  ratis.ContainerStateMachine (ContainerStateMachine.java:loadSnapshot(224)) - group-CAA489D3CFE4: The snapshot info is null. Setting the last applied indexto:(t:0, i:~)
2021-11-14 01:05:37,249 [pool-521-thread-1] INFO  server.RaftServerConfigKeys (ConfUtils.java:logGet(44)) - raft.server.notification.no-leader.timeout = 300000ms (custom)
2021-11-14 01:05:37,249 [pool-521-thread-1] INFO  server.RaftServerConfigKeys (ConfUtils.java:logGet(44)) - raft.server.log.use.memory = false (default)
2021-11-14 01:05:37,250 [pool-521-thread-1] INFO  server.RaftServerConfigKeys (ConfUtils.java:logGet(44)) - raft.server.log.purge.gap = 1000000 (custom)
2021-11-14 01:05:37,250 [pool-521-thread-1] INFO  server.RaftServerConfigKeys (ConfUtils.java:logGet(44)) - raft.server.log.appender.buffer.byte-limit = 33554432 (custom)
2021-11-14 01:05:37,250 [pool-521-thread-1] INFO  server.RaftServerConfigKeys (ConfUtils.java:logGet(44)) - raft.server.log.segment.size.max = 1048576 (custom)
2021-11-14 01:05:37,250 [pool-521-thread-1] INFO  server.RaftServerConfigKeys (ConfUtils.java:logGet(44)) - raft.server.log.segment.cache.num.max = 2 (custom)
2021-11-14 01:05:37,250 [pool-521-thread-1] INFO  server.RaftServerConfigKeys (ConfUtils.java:logGet(44)) - raft.server.log.segment.cache.size.max = 200MB (=209715200) (default)
2021-11-14 01:05:37,250 [pool-521-thread-1] INFO  segmented.SegmentedRaftLogWorker (SegmentedRaftLogWorker.java:<init>(182)) - new 32069a0d-f39a-42d5-b706-96b3f478e9d8@group-CAA489D3CFE4-SegmentedRaftLogWorker for RaftStorageImpl:Storage Directory /home/runner/work/ozone/ozone/hadoop-ozone/integration-test/target/test-dir/MiniOzoneClusterImpl-5b6cbd2a-2976-43bc-8d1c-e3ca86cddeeb/datanode-0/data/ratis/504e848c-8156-4a34-b367-caa489d3cfe4
2021-11-14 01:05:37,250 [pool-521-thread-1] INFO  server.RaftServerConfigKeys (ConfUtils.java:logGet(44)) - raft.server.log.queue.byte-limit = 2147483647 (custom)
2021-11-14 01:05:37,250 [pool-521-thread-1] INFO  server.RaftServerConfigKeys (ConfUtils.java:logGet(44)) - raft.server.log.queue.element-limit = 1024 (custom)
2021-11-14 01:05:37,251 [pool-521-thread-1] INFO  server.RaftServerConfigKeys (ConfUtils.java:logGet(44)) - raft.server.log.segment.size.max = 1048576 (custom)
2021-11-14 01:05:37,251 [pool-521-thread-1] INFO  server.RaftServerConfigKeys (ConfUtils.java:logGet(44)) - raft.server.log.preallocated.size = 16384 (custom)
2021-11-14 01:05:37,251 [pool-521-thread-1] INFO  server.RaftServerConfigKeys (ConfUtils.java:logGet(44)) - raft.server.log.force.sync.num = 128 (default)
2021-11-14 01:05:37,251 [pool-521-thread-1] INFO  server.RaftServerConfigKeys (ConfUtils.java:logGet(44)) - raft.server.log.statemachine.data.sync = true (default)
2021-11-14 01:05:37,251 [pool-521-thread-1] INFO  server.RaftServerConfigKeys (ConfUtils.java:logGet(44)) - raft.server.log.statemachine.data.sync.timeout = 10s (default)
2021-11-14 01:05:37,251 [pool-521-thread-1] INFO  server.RaftServerConfigKeys (ConfUtils.java:logGet(44)) - raft.server.log.statemachine.data.sync.timeout.retry = -1 (default)
2021-11-14 01:05:37,252 [pool-521-thread-1] INFO  server.RaftServerConfigKeys (ConfUtils.java:logGet(44)) - raft.server.log.write.buffer.size = 1048576 (custom)
2021-11-14 01:05:37,253 [pool-521-thread-1] INFO  server.RaftServerConfigKeys (ConfUtils.java:logGet(44)) - raft.server.log.statemachine.data.caching.enabled = true (custom)
2021-11-14 01:05:37,258 [pool-521-thread-1] INFO  segmented.SegmentedRaftLogWorker (SegmentedRaftLogWorker.java:lambda$new$0(133)) - 32069a0d-f39a-42d5-b706-96b3f478e9d8@group-CAA489D3CFE4-SegmentedRaftLogWorker: flushIndex: setUnconditionally 0 -> -1
2021-11-14 01:05:37,258 [pool-521-thread-1] INFO  segmented.SegmentedRaftLogWorker (SegmentedRaftLogWorker.java:lambda$new$0(133)) - 32069a0d-f39a-42d5-b706-96b3f478e9d8@group-CAA489D3CFE4-SegmentedRaftLogWorker: safeCacheEvictIndex: setUnconditionally 0 -> -1
2021-11-14 01:05:37,267 [pool-521-thread-1] INFO  server.RaftServerConfigKeys (ConfUtils.java:logGet(44)) - raft.server.snapshot.auto.trigger.enabled = true (custom)
2021-11-14 01:05:37,267 [pool-521-thread-1] INFO  server.RaftServerConfigKeys (ConfUtils.java:logGet(44)) - raft.server.snapshot.auto.trigger.threshold = 10000 (custom)
2021-11-14 01:05:37,267 [pool-521-thread-1] INFO  server.RaftServerConfigKeys (ConfUtils.java:logGet(44)) - raft.server.snapshot.retention.file.num = 5 (custom)
2021-11-14 01:05:37,267 [pool-521-thread-1] INFO  server.RaftServerConfigKeys (ConfUtils.java:logGet(44)) - raft.server.log.purge.upto.snapshot.index = false (default)
2021-11-14 01:05:37,267 [pool-521-thread-1] INFO  server.RaftServerConfigKeys (ConfUtils.java:logGet(44)) - raft.server.retrycache.expirytime = 600000ms (custom)
2021-11-14 01:05:37,267 [pool-521-thread-1] INFO  server.RaftServerConfigKeys (ConfUtils.java:logGet(44)) - raft.server.retrycache.statistics.expirytime = 100μs (default)
2021-11-14 01:05:37,269 [pool-521-thread-1] INFO  server.RaftServer$Division (RaftServerImpl.java:start(301)) - 32069a0d-f39a-42d5-b706-96b3f478e9d8@group-CAA489D3CFE4: start as a follower, conf=-1: [a5432c49-5461-405d-b7d7-37e5c225d9bf|rpc:10.1.0.47:33007|priority:1, 32069a0d-f39a-42d5-b706-96b3f478e9d8|rpc:10.1.0.47:43355|priority:0, 42593a4f-89d4-4363-aad7-ee84fdc40b17|rpc:10.1.0.47:38117|priority:0], old=null
2021-11-14 01:05:37,269 [pool-521-thread-1] INFO  server.RaftServer$Division (RaftServerImpl.java:setRole(290)) - 32069a0d-f39a-42d5-b706-96b3f478e9d8@group-CAA489D3CFE4: changes role from      null to FOLLOWER at term 0 for startAsFollower
2021-11-14 01:05:37,269 [pool-521-thread-1] INFO  impl.RoleInfo (RoleInfo.java:updateAndGet(130)) - 32069a0d-f39a-42d5-b706-96b3f478e9d8: start 32069a0d-f39a-42d5-b706-96b3f478e9d8@group-CAA489D3CFE4-FollowerState
2021-11-14 01:05:37,270 [pool-521-thread-1] INFO  util.JmxRegister (JmxRegister.java:tryRegister(44)) - Successfully registered JMX Bean with object name Ratis:service=RaftServer,group=group-CAA489D3CFE4,id=32069a0d-f39a-42d5-b706-96b3f478e9d8
2021-11-14 01:05:37,279 [Command processor thread] INFO  ratis.XceiverServerRatis (XceiverServerRatis.java:addGroup(768)) - Created group PipelineID=504e848c-8156-4a34-b367-caa489d3cfe4
2021-11-14 01:05:37,290 [grpc-default-executor-4] INFO  server.RaftServer (RaftServerProxy.java:addNew(95)) - a5432c49-5461-405d-b7d7-37e5c225d9bf: addNew group-CAA489D3CFE4:[a5432c49-5461-405d-b7d7-37e5c225d9bf|rpc:10.1.0.47:33007|dataStream:|priority:1, 32069a0d-f39a-42d5-b706-96b3f478e9d8|rpc:10.1.0.47:43355|dataStream:|priority:0, 42593a4f-89d4-4363-aad7-ee84fdc40b17|rpc:10.1.0.47:38117|dataStream:|priority:0] returns group-CAA489D3CFE4:java.util.concurrent.CompletableFuture@5be55c4d[Not completed]
2021-11-14 01:05:37,291 [pool-540-thread-1] INFO  server.RaftServer$Division (RaftServerImpl.java:<init>(184)) - a5432c49-5461-405d-b7d7-37e5c225d9bf: new RaftServerImpl for group-CAA489D3CFE4:[a5432c49-5461-405d-b7d7-37e5c225d9bf|rpc:10.1.0.47:33007|dataStream:|priority:1, 32069a0d-f39a-42d5-b706-96b3f478e9d8|rpc:10.1.0.47:43355|dataStream:|priority:0, 42593a4f-89d4-4363-aad7-ee84fdc40b17|rpc:10.1.0.47:38117|dataStream:|priority:0] with ContainerStateMachine:uninitialized
2021-11-14 01:05:37,291 [pool-540-thread-1] INFO  server.RaftServerConfigKeys (ConfUtils.java:logGet(44)) - raft.server.rpc.timeout.min = 5s (custom)
2021-11-14 01:05:37,291 [pool-540-thread-1] INFO  server.RaftServerConfigKeys (ConfUtils.java:logGet(44)) - raft.server.rpc.timeout.max = 5200ms (custom)
2021-11-14 01:05:37,291 [pool-540-thread-1] INFO  server.RaftServerConfigKeys (ConfUtils.java:logGet(44)) - raft.server.rpc.sleep.time = 25ms (default)
2021-11-14 01:05:37,291 [pool-540-thread-1] INFO  server.RaftServerConfigKeys (ConfUtils.java:logGet(44)) - raft.server.rpc.slowness.timeout = 300000ms (custom)
2021-11-14 01:05:37,291 [pool-540-thread-1] INFO  server.RaftServerConfigKeys (ConfUtils.java:logGet(44)) - raft.server.leaderelection.leader.step-down.wait-time = 10s (default)
2021-11-14 01:05:37,291 [pool-540-thread-1] INFO  server.RaftServerConfigKeys (ConfUtils.java:logGet(44)) - raft.server.sleep.deviation.threshold = 300ms (default)
2021-11-14 01:05:37,291 [pool-540-thread-1] INFO  server.RaftServerConfigKeys (ConfUtils.java:logGet(44)) - raft.server.log.appender.install.snapshot.enabled = false (custom)
2021-11-14 01:05:37,291 [pool-540-thread-1] INFO  server.RaftServer$Division (ServerState.java:<init>(105)) - a5432c49-5461-405d-b7d7-37e5c225d9bf@group-CAA489D3CFE4: ConfigurationManager, init=-1: [a5432c49-5461-405d-b7d7-37e5c225d9bf|rpc:10.1.0.47:33007|dataStream:|priority:1, 32069a0d-f39a-42d5-b706-96b3f478e9d8|rpc:10.1.0.47:43355|dataStream:|priority:0, 42593a4f-89d4-4363-aad7-ee84fdc40b17|rpc:10.1.0.47:38117|dataStream:|priority:0], old=null, confs=<EMPTY_MAP>
2021-11-14 01:05:37,291 [pool-540-thread-1] INFO  server.RaftServerConfigKeys (ConfUtils.java:logGet(44)) - raft.server.storage.dir = [/home/runner/work/ozone/ozone/hadoop-ozone/integration-test/target/test-dir/MiniOzoneClusterImpl-5b6cbd2a-2976-43bc-8d1c-e3ca86cddeeb/datanode-1/data/ratis] (custom)
2021-11-14 01:05:37,291 [pool-540-thread-1] INFO  server.RaftServerConfigKeys (ConfUtils.java:logGet(44)) - raft.server.log.corruption.policy = EXCEPTION (default)
2021-11-14 01:05:37,292 [pool-540-thread-1] INFO  server.RaftServerConfigKeys (ConfUtils.java:logGet(44)) - raft.server.storage.free-space.min = 0MB (=0) (default)
2021-11-14 01:05:37,292 [pool-540-thread-1] INFO  storage.RaftStorageDirectory (RaftStorageDirectoryImpl.java:analyzeStorage(135)) - The storage directory /home/runner/work/ozone/ozone/hadoop-ozone/integration-test/target/test-dir/MiniOzoneClusterImpl-5b6cbd2a-2976-43bc-8d1c-e3ca86cddeeb/datanode-1/data/ratis/504e848c-8156-4a34-b367-caa489d3cfe4 does not exist. Creating ...
2021-11-14 01:05:37,293 [pool-540-thread-1] INFO  storage.RaftStorageDirectory (RaftStorageDirectoryImpl.java:tryLock(230)) - Lock on /home/runner/work/ozone/ozone/hadoop-ozone/integration-test/target/test-dir/MiniOzoneClusterImpl-5b6cbd2a-2976-43bc-8d1c-e3ca86cddeeb/datanode-1/data/ratis/504e848c-8156-4a34-b367-caa489d3cfe4/in_use.lock acquired by nodename 9791@fv-az395-453
2021-11-14 01:05:37,294 [pool-540-thread-1] INFO  storage.RaftStorage (RaftStorageImpl.java:format(89)) - Storage directory /home/runner/work/ozone/ozone/hadoop-ozone/integration-test/target/test-dir/MiniOzoneClusterImpl-5b6cbd2a-2976-43bc-8d1c-e3ca86cddeeb/datanode-1/data/ratis/504e848c-8156-4a34-b367-caa489d3cfe4 has been successfully formatted.
2021-11-14 01:05:37,295 [pool-540-thread-1] INFO  ratis.ContainerStateMachine (ContainerStateMachine.java:loadSnapshot(224)) - group-CAA489D3CFE4: The snapshot info is null. Setting the last applied indexto:(t:0, i:~)
2021-11-14 01:05:37,295 [pool-540-thread-1] INFO  server.RaftServerConfigKeys (ConfUtils.java:logGet(44)) - raft.server.notification.no-leader.timeout = 300000ms (custom)
2021-11-14 01:05:37,295 [pool-540-thread-1] INFO  server.RaftServerConfigKeys (ConfUtils.java:logGet(44)) - raft.server.log.use.memory = false (default)
2021-11-14 01:05:37,295 [pool-540-thread-1] INFO  server.RaftServerConfigKeys (ConfUtils.java:logGet(44)) - raft.server.log.purge.gap = 1000000 (custom)
2021-11-14 01:05:37,295 [pool-540-thread-1] INFO  server.RaftServerConfigKeys (ConfUtils.java:logGet(44)) - raft.server.log.appender.buffer.byte-limit = 33554432 (custom)
2021-11-14 01:05:37,296 [pool-540-thread-1] INFO  server.RaftServerConfigKeys (ConfUtils.java:logGet(44)) - raft.server.log.segment.size.max = 1048576 (custom)
2021-11-14 01:05:37,296 [pool-540-thread-1] INFO  server.RaftServerConfigKeys (ConfUtils.java:logGet(44)) - raft.server.log.segment.cache.num.max = 2 (custom)
2021-11-14 01:05:37,296 [pool-540-thread-1] INFO  server.RaftServerConfigKeys (ConfUtils.java:logGet(44)) - raft.server.log.segment.cache.size.max = 200MB (=209715200) (default)
2021-11-14 01:05:37,296 [pool-540-thread-1] INFO  segmented.SegmentedRaftLogWorker (SegmentedRaftLogWorker.java:<init>(182)) - new a5432c49-5461-405d-b7d7-37e5c225d9bf@group-CAA489D3CFE4-SegmentedRaftLogWorker for RaftStorageImpl:Storage Directory /home/runner/work/ozone/ozone/hadoop-ozone/integration-test/target/test-dir/MiniOzoneClusterImpl-5b6cbd2a-2976-43bc-8d1c-e3ca86cddeeb/datanode-1/data/ratis/504e848c-8156-4a34-b367-caa489d3cfe4
2021-11-14 01:05:37,296 [pool-540-thread-1] INFO  server.RaftServerConfigKeys (ConfUtils.java:logGet(44)) - raft.server.log.queue.byte-limit = 2147483647 (custom)
2021-11-14 01:05:37,296 [pool-540-thread-1] INFO  server.RaftServerConfigKeys (ConfUtils.java:logGet(44)) - raft.server.log.queue.element-limit = 1024 (custom)
2021-11-14 01:05:37,296 [pool-540-thread-1] INFO  server.RaftServerConfigKeys (ConfUtils.java:logGet(44)) - raft.server.log.segment.size.max = 1048576 (custom)
2021-11-14 01:05:37,296 [pool-540-thread-1] INFO  server.RaftServerConfigKeys (ConfUtils.java:logGet(44)) - raft.server.log.preallocated.size = 16384 (custom)
2021-11-14 01:05:37,296 [pool-540-thread-1] INFO  server.RaftServerConfigKeys (ConfUtils.java:logGet(44)) - raft.server.log.force.sync.num = 128 (default)
2021-11-14 01:05:37,296 [pool-540-thread-1] INFO  server.RaftServerConfigKeys (ConfUtils.java:logGet(44)) - raft.server.log.statemachine.data.sync = true (default)
2021-11-14 01:05:37,297 [pool-540-thread-1] INFO  server.RaftServerConfigKeys (ConfUtils.java:logGet(44)) - raft.server.log.statemachine.data.sync.timeout = 10s (default)
2021-11-14 01:05:37,297 [pool-540-thread-1] INFO  server.RaftServerConfigKeys (ConfUtils.java:logGet(44)) - raft.server.log.statemachine.data.sync.timeout.retry = -1 (default)
2021-11-14 01:05:37,318 [pool-540-thread-1] INFO  server.RaftServerConfigKeys (ConfUtils.java:logGet(44)) - raft.server.log.write.buffer.size = 1048576 (custom)
2021-11-14 01:05:37,319 [pool-540-thread-1] INFO  server.RaftServerConfigKeys (ConfUtils.java:logGet(44)) - raft.server.log.statemachine.data.caching.enabled = true (custom)
2021-11-14 01:05:37,319 [pool-540-thread-1] INFO  segmented.SegmentedRaftLogWorker (SegmentedRaftLogWorker.java:lambda$new$0(133)) - a5432c49-5461-405d-b7d7-37e5c225d9bf@group-CAA489D3CFE4-SegmentedRaftLogWorker: flushIndex: setUnconditionally 0 -> -1
2021-11-14 01:05:37,319 [pool-540-thread-1] INFO  segmented.SegmentedRaftLogWorker (SegmentedRaftLogWorker.java:lambda$new$0(133)) - a5432c49-5461-405d-b7d7-37e5c225d9bf@group-CAA489D3CFE4-SegmentedRaftLogWorker: safeCacheEvictIndex: setUnconditionally 0 -> -1
2021-11-14 01:05:37,319 [pool-540-thread-1] INFO  server.RaftServerConfigKeys (ConfUtils.java:logGet(44)) - raft.server.snapshot.auto.trigger.enabled = true (custom)
2021-11-14 01:05:37,320 [pool-540-thread-1] INFO  server.RaftServerConfigKeys (ConfUtils.java:logGet(44)) - raft.server.snapshot.auto.trigger.threshold = 10000 (custom)
2021-11-14 01:05:37,320 [pool-540-thread-1] INFO  server.RaftServerConfigKeys (ConfUtils.java:logGet(44)) - raft.server.snapshot.retention.file.num = 5 (custom)
2021-11-14 01:05:37,320 [pool-540-thread-1] INFO  server.RaftServerConfigKeys (ConfUtils.java:logGet(44)) - raft.server.log.purge.upto.snapshot.index = false (default)
2021-11-14 01:05:37,320 [pool-540-thread-1] INFO  server.RaftServerConfigKeys (ConfUtils.java:logGet(44)) - raft.server.retrycache.expirytime = 600000ms (custom)
2021-11-14 01:05:37,320 [pool-540-thread-1] INFO  server.RaftServerConfigKeys (ConfUtils.java:logGet(44)) - raft.server.retrycache.statistics.expirytime = 100μs (default)
2021-11-14 01:05:37,321 [pool-540-thread-1] INFO  server.RaftServer$Division (RaftServerImpl.java:start(301)) - a5432c49-5461-405d-b7d7-37e5c225d9bf@group-CAA489D3CFE4: start as a follower, conf=-1: [a5432c49-5461-405d-b7d7-37e5c225d9bf|rpc:10.1.0.47:33007|dataStream:|priority:1, 32069a0d-f39a-42d5-b706-96b3f478e9d8|rpc:10.1.0.47:43355|dataStream:|priority:0, 42593a4f-89d4-4363-aad7-ee84fdc40b17|rpc:10.1.0.47:38117|dataStream:|priority:0], old=null
2021-11-14 01:05:37,321 [pool-540-thread-1] INFO  server.RaftServer$Division (RaftServerImpl.java:setRole(290)) - a5432c49-5461-405d-b7d7-37e5c225d9bf@group-CAA489D3CFE4: changes role from      null to FOLLOWER at term 0 for startAsFollower
2021-11-14 01:05:37,321 [pool-540-thread-1] INFO  impl.RoleInfo (RoleInfo.java:updateAndGet(130)) - a5432c49-5461-405d-b7d7-37e5c225d9bf: start a5432c49-5461-405d-b7d7-37e5c225d9bf@group-CAA489D3CFE4-FollowerState
2021-11-14 01:05:37,323 [pool-540-thread-1] INFO  util.JmxRegister (JmxRegister.java:tryRegister(44)) - Successfully registered JMX Bean with object name Ratis:service=RaftServer,group=group-CAA489D3CFE4,id=a5432c49-5461-405d-b7d7-37e5c225d9bf
2021-11-14 01:05:37,365 [grpc-default-executor-0] INFO  server.RaftServer (RaftServerProxy.java:addNew(95)) - 42593a4f-89d4-4363-aad7-ee84fdc40b17: addNew group-CAA489D3CFE4:[a5432c49-5461-405d-b7d7-37e5c225d9bf|rpc:10.1.0.47:33007|dataStream:|priority:1, 32069a0d-f39a-42d5-b706-96b3f478e9d8|rpc:10.1.0.47:43355|dataStream:|priority:0, 42593a4f-89d4-4363-aad7-ee84fdc40b17|rpc:10.1.0.47:38117|dataStream:|priority:0] returns group-CAA489D3CFE4:java.util.concurrent.CompletableFuture@6abd2a9d[Not completed]
2021-11-14 01:05:37,366 [pool-693-thread-1] INFO  server.RaftServer$Division (RaftServerImpl.java:<init>(184)) - 42593a4f-89d4-4363-aad7-ee84fdc40b17: new RaftServerImpl for group-CAA489D3CFE4:[a5432c49-5461-405d-b7d7-37e5c225d9bf|rpc:10.1.0.47:33007|dataStream:|priority:1, 32069a0d-f39a-42d5-b706-96b3f478e9d8|rpc:10.1.0.47:43355|dataStream:|priority:0, 42593a4f-89d4-4363-aad7-ee84fdc40b17|rpc:10.1.0.47:38117|dataStream:|priority:0] with ContainerStateMachine:uninitialized
2021-11-14 01:05:37,366 [pool-693-thread-1] INFO  server.RaftServerConfigKeys (ConfUtils.java:logGet(44)) - raft.server.rpc.timeout.min = 5s (custom)
2021-11-14 01:05:37,366 [pool-693-thread-1] INFO  server.RaftServerConfigKeys (ConfUtils.java:logGet(44)) - raft.server.rpc.timeout.max = 5200ms (custom)
2021-11-14 01:05:37,366 [pool-693-thread-1] INFO  server.RaftServerConfigKeys (ConfUtils.java:logGet(44)) - raft.server.rpc.sleep.time = 25ms (default)
2021-11-14 01:05:37,366 [pool-693-thread-1] INFO  server.RaftServerConfigKeys (ConfUtils.java:logGet(44)) - raft.server.rpc.slowness.timeout = 300000ms (custom)
2021-11-14 01:05:37,366 [pool-693-thread-1] INFO  server.RaftServerConfigKeys (ConfUtils.java:logGet(44)) - raft.server.leaderelection.leader.step-down.wait-time = 10s (default)
2021-11-14 01:05:37,366 [pool-693-thread-1] INFO  server.RaftServerConfigKeys (ConfUtils.java:logGet(44)) - raft.server.sleep.deviation.threshold = 300ms (default)
2021-11-14 01:05:37,366 [pool-693-thread-1] INFO  server.RaftServerConfigKeys (ConfUtils.java:logGet(44)) - raft.server.log.appender.install.snapshot.enabled = false (custom)
2021-11-14 01:05:37,366 [pool-693-thread-1] INFO  server.RaftServer$Division (ServerState.java:<init>(105)) - 42593a4f-89d4-4363-aad7-ee84fdc40b17@group-CAA489D3CFE4: ConfigurationManager, init=-1: [a5432c49-5461-405d-b7d7-37e5c225d9bf|rpc:10.1.0.47:33007|dataStream:|priority:1, 32069a0d-f39a-42d5-b706-96b3f478e9d8|rpc:10.1.0.47:43355|dataStream:|priority:0, 42593a4f-89d4-4363-aad7-ee84fdc40b17|rpc:10.1.0.47:38117|dataStream:|priority:0], old=null, confs=<EMPTY_MAP>
2021-11-14 01:05:37,366 [pool-693-thread-1] INFO  server.RaftServerConfigKeys (ConfUtils.java:logGet(44)) - raft.server.storage.dir = [/home/runner/work/ozone/ozone/hadoop-ozone/integration-test/target/test-dir/MiniOzoneClusterImpl-5b6cbd2a-2976-43bc-8d1c-e3ca86cddeeb/datanode-2/data/ratis] (custom)
2021-11-14 01:05:37,367 [pool-693-thread-1] INFO  server.RaftServerConfigKeys (ConfUtils.java:logGet(44)) - raft.server.log.corruption.policy = EXCEPTION (default)
2021-11-14 01:05:37,367 [pool-693-thread-1] INFO  server.RaftServerConfigKeys (ConfUtils.java:logGet(44)) - raft.server.storage.free-space.min = 0MB (=0) (default)
2021-11-14 01:05:37,367 [pool-693-thread-1] INFO  storage.RaftStorageDirectory (RaftStorageDirectoryImpl.java:analyzeStorage(135)) - The storage directory /home/runner/work/ozone/ozone/hadoop-ozone/integration-test/target/test-dir/MiniOzoneClusterImpl-5b6cbd2a-2976-43bc-8d1c-e3ca86cddeeb/datanode-2/data/ratis/504e848c-8156-4a34-b367-caa489d3cfe4 does not exist. Creating ...
2021-11-14 01:05:37,372 [pool-693-thread-1] INFO  storage.RaftStorageDirectory (RaftStorageDirectoryImpl.java:tryLock(230)) - Lock on /home/runner/work/ozone/ozone/hadoop-ozone/integration-test/target/test-dir/MiniOzoneClusterImpl-5b6cbd2a-2976-43bc-8d1c-e3ca86cddeeb/datanode-2/data/ratis/504e848c-8156-4a34-b367-caa489d3cfe4/in_use.lock acquired by nodename 9791@fv-az395-453
2021-11-14 01:05:37,380 [pool-693-thread-1] INFO  storage.RaftStorage (RaftStorageImpl.java:format(89)) - Storage directory /home/runner/work/ozone/ozone/hadoop-ozone/integration-test/target/test-dir/MiniOzoneClusterImpl-5b6cbd2a-2976-43bc-8d1c-e3ca86cddeeb/datanode-2/data/ratis/504e848c-8156-4a34-b367-caa489d3cfe4 has been successfully formatted.
2021-11-14 01:05:37,381 [pool-693-thread-1] INFO  ratis.ContainerStateMachine (ContainerStateMachine.java:loadSnapshot(224)) - group-CAA489D3CFE4: The snapshot info is null. Setting the last applied indexto:(t:0, i:~)
2021-11-14 01:05:37,382 [pool-693-thread-1] INFO  server.RaftServerConfigKeys (ConfUtils.java:logGet(44)) - raft.server.notification.no-leader.timeout = 300000ms (custom)
2021-11-14 01:05:37,382 [pool-693-thread-1] INFO  server.RaftServerConfigKeys (ConfUtils.java:logGet(44)) - raft.server.log.use.memory = false (default)
2021-11-14 01:05:37,382 [pool-693-thread-1] INFO  server.RaftServerConfigKeys (ConfUtils.java:logGet(44)) - raft.server.log.purge.gap = 1000000 (custom)
2021-11-14 01:05:37,382 [pool-693-thread-1] INFO  server.RaftServerConfigKeys (ConfUtils.java:logGet(44)) - raft.server.log.appender.buffer.byte-limit = 33554432 (custom)
2021-11-14 01:05:37,382 [pool-693-thread-1] INFO  server.RaftServerConfigKeys (ConfUtils.java:logGet(44)) - raft.server.log.segment.size.max = 1048576 (custom)
2021-11-14 01:05:37,383 [pool-693-thread-1] INFO  server.RaftServerConfigKeys (ConfUtils.java:logGet(44)) - raft.server.log.segment.cache.num.max = 2 (custom)
2021-11-14 01:05:37,383 [pool-693-thread-1] INFO  server.RaftServerConfigKeys (ConfUtils.java:logGet(44)) - raft.server.log.segment.cache.size.max = 200MB (=209715200) (default)
2021-11-14 01:05:37,383 [pool-693-thread-1] INFO  segmented.SegmentedRaftLogWorker (SegmentedRaftLogWorker.java:<init>(182)) - new 42593a4f-89d4-4363-aad7-ee84fdc40b17@group-CAA489D3CFE4-SegmentedRaftLogWorker for RaftStorageImpl:Storage Directory /home/runner/work/ozone/ozone/hadoop-ozone/integration-test/target/test-dir/MiniOzoneClusterImpl-5b6cbd2a-2976-43bc-8d1c-e3ca86cddeeb/datanode-2/data/ratis/504e848c-8156-4a34-b367-caa489d3cfe4
2021-11-14 01:05:37,383 [pool-693-thread-1] INFO  server.RaftServerConfigKeys (ConfUtils.java:logGet(44)) - raft.server.log.queue.byte-limit = 2147483647 (custom)
2021-11-14 01:05:37,383 [pool-693-thread-1] INFO  server.RaftServerConfigKeys (ConfUtils.java:logGet(44)) - raft.server.log.queue.element-limit = 1024 (custom)
2021-11-14 01:05:37,383 [pool-693-thread-1] INFO  server.RaftServerConfigKeys (ConfUtils.java:logGet(44)) - raft.server.log.segment.size.max = 1048576 (custom)
2021-11-14 01:05:37,383 [pool-693-thread-1] INFO  server.RaftServerConfigKeys (ConfUtils.java:logGet(44)) - raft.server.log.preallocated.size = 16384 (custom)
2021-11-14 01:05:37,383 [pool-693-thread-1] INFO  server.RaftServerConfigKeys (ConfUtils.java:logGet(44)) - raft.server.log.force.sync.num = 128 (default)
2021-11-14 01:05:37,383 [pool-693-thread-1] INFO  server.RaftServerConfigKeys (ConfUtils.java:logGet(44)) - raft.server.log.statemachine.data.sync = true (default)
2021-11-14 01:05:37,383 [pool-693-thread-1] INFO  server.RaftServerConfigKeys (ConfUtils.java:logGet(44)) - raft.server.log.statemachine.data.sync.timeout = 10s (default)
2021-11-14 01:05:37,383 [pool-693-thread-1] INFO  server.RaftServerConfigKeys (ConfUtils.java:logGet(44)) - raft.server.log.statemachine.data.sync.timeout.retry = -1 (default)
2021-11-14 01:05:37,385 [pool-693-thread-1] INFO  server.RaftServerConfigKeys (ConfUtils.java:logGet(44)) - raft.server.log.write.buffer.size = 1048576 (custom)
2021-11-14 01:05:37,392 [pool-693-thread-1] INFO  server.RaftServerConfigKeys (ConfUtils.java:logGet(44)) - raft.server.log.statemachine.data.caching.enabled = true (custom)
2021-11-14 01:05:37,392 [pool-693-thread-1] INFO  segmented.SegmentedRaftLogWorker (SegmentedRaftLogWorker.java:lambda$new$0(133)) - 42593a4f-89d4-4363-aad7-ee84fdc40b17@group-CAA489D3CFE4-SegmentedRaftLogWorker: flushIndex: setUnconditionally 0 -> -1
2021-11-14 01:05:37,392 [pool-693-thread-1] INFO  segmented.SegmentedRaftLogWorker (SegmentedRaftLogWorker.java:lambda$new$0(133)) - 42593a4f-89d4-4363-aad7-ee84fdc40b17@group-CAA489D3CFE4-SegmentedRaftLogWorker: safeCacheEvictIndex: setUnconditionally 0 -> -1
2021-11-14 01:05:37,392 [pool-693-thread-1] INFO  server.RaftServerConfigKeys (ConfUtils.java:logGet(44)) - raft.server.snapshot.auto.trigger.enabled = true (custom)
2021-11-14 01:05:37,393 [pool-693-thread-1] INFO  server.RaftServerConfigKeys (ConfUtils.java:logGet(44)) - raft.server.snapshot.auto.trigger.threshold = 10000 (custom)
2021-11-14 01:05:37,393 [pool-693-thread-1] INFO  server.RaftServerConfigKeys (ConfUtils.java:logGet(44)) - raft.server.snapshot.retention.file.num = 5 (custom)
2021-11-14 01:05:37,393 [pool-693-thread-1] INFO  server.RaftServerConfigKeys (ConfUtils.java:logGet(44)) - raft.server.log.purge.upto.snapshot.index = false (default)
2021-11-14 01:05:37,393 [pool-693-thread-1] INFO  server.RaftServerConfigKeys (ConfUtils.java:logGet(44)) - raft.server.retrycache.expirytime = 600000ms (custom)
2021-11-14 01:05:37,393 [pool-693-thread-1] INFO  server.RaftServerConfigKeys (ConfUtils.java:logGet(44)) - raft.server.retrycache.statistics.expirytime = 100μs (default)
2021-11-14 01:05:37,395 [pool-693-thread-1] INFO  server.RaftServer$Division (RaftServerImpl.java:start(301)) - 42593a4f-89d4-4363-aad7-ee84fdc40b17@group-CAA489D3CFE4: start as a follower, conf=-1: [a5432c49-5461-405d-b7d7-37e5c225d9bf|rpc:10.1.0.47:33007|dataStream:|priority:1, 32069a0d-f39a-42d5-b706-96b3f478e9d8|rpc:10.1.0.47:43355|dataStream:|priority:0, 42593a4f-89d4-4363-aad7-ee84fdc40b17|rpc:10.1.0.47:38117|dataStream:|priority:0], old=null
2021-11-14 01:05:37,395 [pool-693-thread-1] INFO  server.RaftServer$Division (RaftServerImpl.java:setRole(290)) - 42593a4f-89d4-4363-aad7-ee84fdc40b17@group-CAA489D3CFE4: changes role from      null to FOLLOWER at term 0 for startAsFollower
2021-11-14 01:05:37,395 [pool-693-thread-1] INFO  impl.RoleInfo (RoleInfo.java:updateAndGet(130)) - 42593a4f-89d4-4363-aad7-ee84fdc40b17: start 42593a4f-89d4-4363-aad7-ee84fdc40b17@group-CAA489D3CFE4-FollowerState
2021-11-14 01:05:37,396 [pool-693-thread-1] INFO  util.JmxRegister (JmxRegister.java:tryRegister(44)) - Successfully registered JMX Bean with object name Ratis:service=RaftServer,group=group-CAA489D3CFE4,id=42593a4f-89d4-4363-aad7-ee84fdc40b17
2021-11-14 01:05:37,427 [Command processor thread] INFO  commandhandler.CreatePipelineCommandHandler (CreatePipelineCommandHandler.java:handle(106)) - Created Pipeline RATIS THREE PipelineID=504e848c-8156-4a34-b367-caa489d3cfe4.
2021-11-14 01:05:41,020 [eb0c46e4-5725-4afa-bb96-e719b980f47a@group-4276E13490A7-FollowerState] INFO  impl.FollowerState (FollowerState.java:run(134)) - eb0c46e4-5725-4afa-bb96-e719b980f47a@group-4276E13490A7-FollowerState: change to CANDIDATE, lastRpcElapsedTime:5044175306ns, electionTimeout:5043ms
2021-11-14 01:05:41,021 [eb0c46e4-5725-4afa-bb96-e719b980f47a@group-4276E13490A7-FollowerState] INFO  impl.RoleInfo (RoleInfo.java:shutdownFollowerState(108)) - eb0c46e4-5725-4afa-bb96-e719b980f47a: shutdown eb0c46e4-5725-4afa-bb96-e719b980f47a@group-4276E13490A7-FollowerState
2021-11-14 01:05:41,021 [eb0c46e4-5725-4afa-bb96-e719b980f47a@group-4276E13490A7-FollowerState] INFO  server.RaftServer$Division (RaftServerImpl.java:setRole(290)) - eb0c46e4-5725-4afa-bb96-e719b980f47a@group-4276E13490A7: changes role from  FOLLOWER to CANDIDATE at term 0 for changeToCandidate
2021-11-14 01:05:41,021 [eb0c46e4-5725-4afa-bb96-e719b980f47a@group-4276E13490A7-FollowerState] INFO  server.RaftServerConfigKeys (ConfUtils.java:logGet(44)) - raft.server.leaderelection.pre-vote = false (custom)
2021-11-14 01:05:41,021 [eb0c46e4-5725-4afa-bb96-e719b980f47a@group-4276E13490A7-FollowerState] INFO  impl.RoleInfo (RoleInfo.java:updateAndGet(130)) - eb0c46e4-5725-4afa-bb96-e719b980f47a: start eb0c46e4-5725-4afa-bb96-e719b980f47a@group-4276E13490A7-LeaderElection126
2021-11-14 01:05:41,047 [eb0c46e4-5725-4afa-bb96-e719b980f47a@group-4276E13490A7-LeaderElection126] INFO  impl.LeaderElection (LeaderElection.java:askForVotes(306)) - eb0c46e4-5725-4afa-bb96-e719b980f47a@group-4276E13490A7-LeaderElection126 ELECTION round 0: submit vote requests at term 1 for -1: [a5432c49-5461-405d-b7d7-37e5c225d9bf|rpc:10.1.0.47:33007|priority:0, 42593a4f-89d4-4363-aad7-ee84fdc40b17|rpc:10.1.0.47:38117|priority:1, eb0c46e4-5725-4afa-bb96-e719b980f47a|rpc:10.1.0.47:38135|priority:0], old=null
2021-11-14 01:05:41,081 [42593a4f-89d4-4363-aad7-ee84fdc40b17@group-046F1A34B9C3-FollowerState] INFO  impl.FollowerState (FollowerState.java:run(134)) - 42593a4f-89d4-4363-aad7-ee84fdc40b17@group-046F1A34B9C3-FollowerState: change to CANDIDATE, lastRpcElapsedTime:5111415300ns, electionTimeout:5107ms
2021-11-14 01:05:41,081 [42593a4f-89d4-4363-aad7-ee84fdc40b17@group-046F1A34B9C3-FollowerState] INFO  impl.RoleInfo (RoleInfo.java:shutdownFollowerState(108)) - 42593a4f-89d4-4363-aad7-ee84fdc40b17: shutdown 42593a4f-89d4-4363-aad7-ee84fdc40b17@group-046F1A34B9C3-FollowerState
2021-11-14 01:05:41,081 [42593a4f-89d4-4363-aad7-ee84fdc40b17@group-046F1A34B9C3-FollowerState] INFO  server.RaftServer$Division (RaftServerImpl.java:setRole(290)) - 42593a4f-89d4-4363-aad7-ee84fdc40b17@group-046F1A34B9C3: changes role from  FOLLOWER to CANDIDATE at term 0 for changeToCandidate
2021-11-14 01:05:41,081 [42593a4f-89d4-4363-aad7-ee84fdc40b17@group-046F1A34B9C3-FollowerState] INFO  server.RaftServerConfigKeys (ConfUtils.java:logGet(44)) - raft.server.leaderelection.pre-vote = false (custom)
2021-11-14 01:05:41,081 [42593a4f-89d4-4363-aad7-ee84fdc40b17@group-046F1A34B9C3-FollowerState] INFO  impl.RoleInfo (RoleInfo.java:updateAndGet(130)) - 42593a4f-89d4-4363-aad7-ee84fdc40b17: start 42593a4f-89d4-4363-aad7-ee84fdc40b17@group-046F1A34B9C3-LeaderElection127
2021-11-14 01:05:41,094 [grpc-default-executor-0] INFO  server.RaftServer$Division (RaftServerImpl.java:requestVote(1046)) - a5432c49-5461-405d-b7d7-37e5c225d9bf@group-4276E13490A7: receive requestVote(ELECTION, eb0c46e4-5725-4afa-bb96-e719b980f47a, group-4276E13490A7, 1, (t:0, i:0))
2021-11-14 01:05:41,094 [grpc-default-executor-0] INFO  impl.VoteContext (VoteContext.java:log(48)) - a5432c49-5461-405d-b7d7-37e5c225d9bf@group-4276E13490A7-FOLLOWER: accept ELECTION from eb0c46e4-5725-4afa-bb96-e719b980f47a: our priority 0 <= candidate's priority 0
2021-11-14 01:05:41,094 [grpc-default-executor-0] INFO  server.RaftServer$Division (RaftServerImpl.java:setRole(290)) - a5432c49-5461-405d-b7d7-37e5c225d9bf@group-4276E13490A7: changes role from  FOLLOWER to FOLLOWER at term 1 for candidate:eb0c46e4-5725-4afa-bb96-e719b980f47a
2021-11-14 01:05:41,094 [grpc-default-executor-0] INFO  impl.RoleInfo (RoleInfo.java:shutdownFollowerState(108)) - a5432c49-5461-405d-b7d7-37e5c225d9bf: shutdown a5432c49-5461-405d-b7d7-37e5c225d9bf@group-4276E13490A7-FollowerState
2021-11-14 01:05:41,094 [grpc-default-executor-0] INFO  impl.RoleInfo (RoleInfo.java:updateAndGet(130)) - a5432c49-5461-405d-b7d7-37e5c225d9bf: start a5432c49-5461-405d-b7d7-37e5c225d9bf@group-4276E13490A7-FollowerState
2021-11-14 01:05:41,094 [a5432c49-5461-405d-b7d7-37e5c225d9bf@group-4276E13490A7-FollowerState] INFO  impl.FollowerState (FollowerState.java:run(143)) - a5432c49-5461-405d-b7d7-37e5c225d9bf@group-4276E13490A7-FollowerState was interrupted: {}
java.lang.InterruptedException: sleep interrupted
	at java.lang.Thread.sleep(Native Method)
	at java.lang.Thread.sleep(Thread.java:340)
	at java.util.concurrent.TimeUnit.sleep(TimeUnit.java:386)
	at org.apache.ratis.util.TimeDuration.sleep(TimeDuration.java:324)
	at org.apache.ratis.util.TimeDuration.sleep(TimeDuration.java:309)
	at org.apache.ratis.server.impl.FollowerState.run(FollowerState.java:118)
2021-11-14 01:05:41,097 [grpc-default-executor-2] INFO  server.RaftServer$Division (RaftServerImpl.java:requestVote(1046)) - 42593a4f-89d4-4363-aad7-ee84fdc40b17@group-4276E13490A7: receive requestVote(ELECTION, eb0c46e4-5725-4afa-bb96-e719b980f47a, group-4276E13490A7, 1, (t:0, i:0))
2021-11-14 01:05:41,097 [grpc-default-executor-2] INFO  impl.VoteContext (VoteContext.java:log(48)) - 42593a4f-89d4-4363-aad7-ee84fdc40b17@group-4276E13490A7-FOLLOWER: reject ELECTION from eb0c46e4-5725-4afa-bb96-e719b980f47a: our priority 1 > candidate's priority 0
2021-11-14 01:05:41,097 [grpc-default-executor-2] INFO  server.RaftServer$Division (RaftServerImpl.java:setRole(290)) - 42593a4f-89d4-4363-aad7-ee84fdc40b17@group-4276E13490A7: changes role from  FOLLOWER to FOLLOWER at term 1 for candidate:eb0c46e4-5725-4afa-bb96-e719b980f47a
2021-11-14 01:05:41,097 [grpc-default-executor-2] INFO  impl.RoleInfo (RoleInfo.java:shutdownFollowerState(108)) - 42593a4f-89d4-4363-aad7-ee84fdc40b17: shutdown 42593a4f-89d4-4363-aad7-ee84fdc40b17@group-4276E13490A7-FollowerState
2021-11-14 01:05:41,113 [grpc-default-executor-2] INFO  impl.RoleInfo (RoleInfo.java:updateAndGet(130)) - 42593a4f-89d4-4363-aad7-ee84fdc40b17: start 42593a4f-89d4-4363-aad7-ee84fdc40b17@group-4276E13490A7-FollowerState
2021-11-14 01:05:41,113 [42593a4f-89d4-4363-aad7-ee84fdc40b17@group-4276E13490A7-FollowerState] INFO  impl.FollowerState (FollowerState.java:run(143)) - 42593a4f-89d4-4363-aad7-ee84fdc40b17@group-4276E13490A7-FollowerState was interrupted: {}
java.lang.InterruptedException: sleep interrupted
	at java.lang.Thread.sleep(Native Method)
	at java.lang.Thread.sleep(Thread.java:340)
	at java.util.concurrent.TimeUnit.sleep(TimeUnit.java:386)
	at org.apache.ratis.util.TimeDuration.sleep(TimeDuration.java:324)
	at org.apache.ratis.util.TimeDuration.sleep(TimeDuration.java:309)
	at org.apache.ratis.server.impl.FollowerState.run(FollowerState.java:118)
2021-11-14 01:05:41,115 [42593a4f-89d4-4363-aad7-ee84fdc40b17@group-046F1A34B9C3-LeaderElection127] INFO  impl.LeaderElection (LeaderElection.java:askForVotes(306)) - 42593a4f-89d4-4363-aad7-ee84fdc40b17@group-046F1A34B9C3-LeaderElection127 ELECTION round 0: submit vote requests at term 1 for -1: [42593a4f-89d4-4363-aad7-ee84fdc40b17|rpc:10.1.0.47:38117|priority:1], old=null
2021-11-14 01:05:41,115 [42593a4f-89d4-4363-aad7-ee84fdc40b17@group-046F1A34B9C3-LeaderElection127] INFO  impl.LeaderElection (LeaderElection.java:askForVotes(308)) - 42593a4f-89d4-4363-aad7-ee84fdc40b17@group-046F1A34B9C3-LeaderElection127 ELECTION round 0: result PASSED (term=1)
2021-11-14 01:05:41,115 [42593a4f-89d4-4363-aad7-ee84fdc40b17@group-046F1A34B9C3-LeaderElection127] INFO  impl.RoleInfo (RoleInfo.java:shutdownLeaderElection(121)) - 42593a4f-89d4-4363-aad7-ee84fdc40b17: shutdown 42593a4f-89d4-4363-aad7-ee84fdc40b17@group-046F1A34B9C3-LeaderElection127
2021-11-14 01:05:41,115 [42593a4f-89d4-4363-aad7-ee84fdc40b17@group-046F1A34B9C3-LeaderElection127] INFO  server.RaftServer$Division (RaftServerImpl.java:setRole(290)) - 42593a4f-89d4-4363-aad7-ee84fdc40b17@group-046F1A34B9C3: changes role from CANDIDATE to LEADER at term 1 for changeToLeader
2021-11-14 01:05:41,115 [42593a4f-89d4-4363-aad7-ee84fdc40b17@group-046F1A34B9C3-LeaderElection127] INFO  ratis.XceiverServerRatis (XceiverServerRatis.java:handleLeaderChangedNotification(866)) - Leader change notification received for group: group-046F1A34B9C3 with new leaderId: 42593a4f-89d4-4363-aad7-ee84fdc40b17
2021-11-14 01:05:41,115 [grpc-default-executor-2] INFO  server.RaftServer$Division (RaftServerImpl.java:requestVote(1078)) - 42593a4f-89d4-4363-aad7-ee84fdc40b17@group-4276E13490A7 replies to ELECTION vote request: eb0c46e4-5725-4afa-bb96-e719b980f47a<-42593a4f-89d4-4363-aad7-ee84fdc40b17#0:FAIL-t1. Peer's state: 42593a4f-89d4-4363-aad7-ee84fdc40b17@group-4276E13490A7:t1, leader=null, voted=null, raftlog=42593a4f-89d4-4363-aad7-ee84fdc40b17@group-4276E13490A7-SegmentedRaftLog:OPENED:c-1, conf=-1: [a5432c49-5461-405d-b7d7-37e5c225d9bf|rpc:10.1.0.47:33007|priority:0, 42593a4f-89d4-4363-aad7-ee84fdc40b17|rpc:10.1.0.47:38117|priority:1, eb0c46e4-5725-4afa-bb96-e719b980f47a|rpc:10.1.0.47:38135|priority:0], old=null
2021-11-14 01:05:41,117 [42593a4f-89d4-4363-aad7-ee84fdc40b17@group-046F1A34B9C3-LeaderElection127] INFO  server.RaftServer$Division (ServerState.java:setLeader(285)) - 42593a4f-89d4-4363-aad7-ee84fdc40b17@group-046F1A34B9C3: change Leader from null to 42593a4f-89d4-4363-aad7-ee84fdc40b17 at term 1 for becomeLeader, leader elected after 5225ms
2021-11-14 01:05:41,117 [42593a4f-89d4-4363-aad7-ee84fdc40b17@group-046F1A34B9C3-LeaderElection127] INFO  server.RaftServerConfigKeys (ConfUtils.java:logGet(44)) - raft.server.staging.catchup.gap = 1000 (default)
2021-11-14 01:05:41,118 [42593a4f-89d4-4363-aad7-ee84fdc40b17@group-046F1A34B9C3-LeaderElection127] INFO  server.RaftServerConfigKeys (ConfUtils.java:logGet(44)) - raft.server.write.element-limit = 1024 (custom)
2021-11-14 01:05:41,118 [42593a4f-89d4-4363-aad7-ee84fdc40b17@group-046F1A34B9C3-LeaderElection127] INFO  server.RaftServerConfigKeys (ConfUtils.java:logGet(44)) - raft.server.write.byte-limit = 1024 M (=1073741824) (custom)
2021-11-14 01:05:41,118 [42593a4f-89d4-4363-aad7-ee84fdc40b17@group-046F1A34B9C3-LeaderElection127] INFO  server.RaftServerConfigKeys (ConfUtils.java:logGet(44)) - raft.server.watch.timeout = 3000ms (custom)
2021-11-14 01:05:41,118 [42593a4f-89d4-4363-aad7-ee84fdc40b17@group-046F1A34B9C3-LeaderElection127] INFO  server.RaftServerConfigKeys (ConfUtils.java:logGet(44)) - raft.server.watch.timeout.denomination = 1s (default)
2021-11-14 01:05:41,118 [42593a4f-89d4-4363-aad7-ee84fdc40b17@group-046F1A34B9C3-LeaderElection127] INFO  server.RaftServerConfigKeys (ConfUtils.java:logGet(44)) - raft.server.watch.element-limit = 65536 (default)
2021-11-14 01:05:41,118 [42593a4f-89d4-4363-aad7-ee84fdc40b17@group-046F1A34B9C3-LeaderElection127] INFO  server.RaftServerConfigKeys (ConfUtils.java:logGet(44)) - raft.server.write.element-limit = 1024 (custom)
2021-11-14 01:05:41,119 [42593a4f-89d4-4363-aad7-ee84fdc40b17@group-046F1A34B9C3-LeaderElection127] INFO  server.RaftServerConfigKeys (ConfUtils.java:logGet(44)) - raft.server.write.follower.gap.ratio.max = -1.0 (default)
2021-11-14 01:05:41,119 [42593a4f-89d4-4363-aad7-ee84fdc40b17@group-046F1A34B9C3-LeaderElection127] INFO  impl.RoleInfo (RoleInfo.java:updateAndGet(130)) - 42593a4f-89d4-4363-aad7-ee84fdc40b17: start 42593a4f-89d4-4363-aad7-ee84fdc40b17@group-046F1A34B9C3-LeaderStateImpl
2021-11-14 01:05:41,119 [42593a4f-89d4-4363-aad7-ee84fdc40b17@group-046F1A34B9C3-LeaderElection127] INFO  segmented.SegmentedRaftLogWorker (SegmentedRaftLogWorker.java:startLogSegment(394)) - 42593a4f-89d4-4363-aad7-ee84fdc40b17@group-046F1A34B9C3-SegmentedRaftLogWorker: Starting segment from index:0
2021-11-14 01:05:41,126 [42593a4f-89d4-4363-aad7-ee84fdc40b17@group-046F1A34B9C3-SegmentedRaftLogWorker] INFO  segmented.SegmentedRaftLogWorker (SegmentedRaftLogWorker.java:execute(601)) - 42593a4f-89d4-4363-aad7-ee84fdc40b17@group-046F1A34B9C3-SegmentedRaftLogWorker: created new log segment /home/runner/work/ozone/ozone/hadoop-ozone/integration-test/target/test-dir/MiniOzoneClusterImpl-5b6cbd2a-2976-43bc-8d1c-e3ca86cddeeb/datanode-2/data/ratis/cc1dc006-f3c4-4fc8-af80-046f1a34b9c3/current/log_inprogress_0
2021-11-14 01:05:41,147 [42593a4f-89d4-4363-aad7-ee84fdc40b17@group-046F1A34B9C3-LeaderElection127] INFO  server.RaftServer$Division (ServerState.java:setRaftConf(387)) - 42593a4f-89d4-4363-aad7-ee84fdc40b17@group-046F1A34B9C3: set configuration 0: [42593a4f-89d4-4363-aad7-ee84fdc40b17|rpc:10.1.0.47:38117|dataStream:|priority:1], old=null
2021-11-14 01:05:41,149 [eb0c46e4-5725-4afa-bb96-e719b980f47a@group-4276E13490A7-LeaderElection126] INFO  impl.LeaderElection (LeaderElection.java:logAndReturn(89)) - eb0c46e4-5725-4afa-bb96-e719b980f47a@group-4276E13490A7-LeaderElection126: ELECTION REJECTED received 1 response(s) and 0 exception(s):
2021-11-14 01:05:41,149 [eb0c46e4-5725-4afa-bb96-e719b980f47a@group-4276E13490A7-LeaderElection126] INFO  impl.LeaderElection (LeaderElection.java:logAndReturn(93)) -   Response 0: eb0c46e4-5725-4afa-bb96-e719b980f47a<-42593a4f-89d4-4363-aad7-ee84fdc40b17#0:FAIL-t1
2021-11-14 01:05:41,149 [eb0c46e4-5725-4afa-bb96-e719b980f47a@group-4276E13490A7-LeaderElection126] INFO  impl.LeaderElection (LeaderElection.java:askForVotes(308)) - eb0c46e4-5725-4afa-bb96-e719b980f47a@group-4276E13490A7-LeaderElection126 ELECTION round 0: result REJECTED
2021-11-14 01:05:41,149 [eb0c46e4-5725-4afa-bb96-e719b980f47a@group-4276E13490A7-LeaderElection126] INFO  server.RaftServer$Division (RaftServerImpl.java:setRole(290)) - eb0c46e4-5725-4afa-bb96-e719b980f47a@group-4276E13490A7: changes role from CANDIDATE to FOLLOWER at term 1 for REJECTED
2021-11-14 01:05:41,149 [eb0c46e4-5725-4afa-bb96-e719b980f47a@group-4276E13490A7-LeaderElection126] INFO  impl.RoleInfo (RoleInfo.java:shutdownLeaderElection(121)) - eb0c46e4-5725-4afa-bb96-e719b980f47a: shutdown eb0c46e4-5725-4afa-bb96-e719b980f47a@group-4276E13490A7-LeaderElection126
2021-11-14 01:05:41,149 [eb0c46e4-5725-4afa-bb96-e719b980f47a@group-4276E13490A7-LeaderElection126] INFO  impl.RoleInfo (RoleInfo.java:updateAndGet(130)) - eb0c46e4-5725-4afa-bb96-e719b980f47a: start eb0c46e4-5725-4afa-bb96-e719b980f47a@group-4276E13490A7-FollowerState
2021-11-14 01:05:41,170 [grpc-default-executor-0] INFO  server.RaftServer$Division (RaftServerImpl.java:requestVote(1078)) - a5432c49-5461-405d-b7d7-37e5c225d9bf@group-4276E13490A7 replies to ELECTION vote request: eb0c46e4-5725-4afa-bb96-e719b980f47a<-a5432c49-5461-405d-b7d7-37e5c225d9bf#0:OK-t1. Peer's state: a5432c49-5461-405d-b7d7-37e5c225d9bf@group-4276E13490A7:t1, leader=null, voted=eb0c46e4-5725-4afa-bb96-e719b980f47a, raftlog=a5432c49-5461-405d-b7d7-37e5c225d9bf@group-4276E13490A7-SegmentedRaftLog:OPENED:c-1, conf=-1: [a5432c49-5461-405d-b7d7-37e5c225d9bf|rpc:10.1.0.47:33007|dataStream:|priority:0, 42593a4f-89d4-4363-aad7-ee84fdc40b17|rpc:10.1.0.47:38117|dataStream:|priority:1, eb0c46e4-5725-4afa-bb96-e719b980f47a|rpc:10.1.0.47:38135|dataStream:|priority:0], old=null
2021-11-14 01:05:41,209 [ForkJoinPool.commonPool-worker-0] INFO  ozoneimpl.OzoneContainer (OzoneContainer.java:stop(325)) - Attempting to stop container services.
2021-11-14 01:05:41,212 [ForkJoinPool.commonPool-worker-0] INFO  server.RaftServer (RaftServerProxy.java:lambda$close$6(391)) - a5432c49-5461-405d-b7d7-37e5c225d9bf: close
2021-11-14 01:05:41,212 [ForkJoinPool.commonPool-worker-0] INFO  server.RaftServer$Division (RaftServerImpl.java:lambda$close$4(412)) - a5432c49-5461-405d-b7d7-37e5c225d9bf@group-CAA489D3CFE4: shutdown
2021-11-14 01:05:41,212 [ForkJoinPool.commonPool-worker-0] INFO  util.JmxRegister (JmxRegister.java:unregister(73)) - Successfully un-registered JMX Bean with object name Ratis:service=RaftServer,group=group-CAA489D3CFE4,id=a5432c49-5461-405d-b7d7-37e5c225d9bf
2021-11-14 01:05:41,212 [ForkJoinPool.commonPool-worker-0] INFO  impl.RoleInfo (RoleInfo.java:shutdownFollowerState(108)) - a5432c49-5461-405d-b7d7-37e5c225d9bf: shutdown a5432c49-5461-405d-b7d7-37e5c225d9bf@group-CAA489D3CFE4-FollowerState
2021-11-14 01:05:41,212 [ForkJoinPool.commonPool-worker-0] INFO  impl.StateMachineUpdater (StateMachineUpdater.java:stopAndJoin(149)) - a5432c49-5461-405d-b7d7-37e5c225d9bf@group-CAA489D3CFE4-StateMachineUpdater: set stopIndex = -1
2021-11-14 01:05:41,212 [a5432c49-5461-405d-b7d7-37e5c225d9bf@group-CAA489D3CFE4-FollowerState] INFO  impl.FollowerState (FollowerState.java:run(143)) - a5432c49-5461-405d-b7d7-37e5c225d9bf@group-CAA489D3CFE4-FollowerState was interrupted: {}
java.lang.InterruptedException: sleep interrupted
	at java.lang.Thread.sleep(Native Method)
	at java.lang.Thread.sleep(Thread.java:340)
	at java.util.concurrent.TimeUnit.sleep(TimeUnit.java:386)
	at org.apache.ratis.util.TimeDuration.sleep(TimeDuration.java:324)
	at org.apache.ratis.util.TimeDuration.sleep(TimeDuration.java:309)
	at org.apache.ratis.server.impl.FollowerState.run(FollowerState.java:118)
2021-11-14 01:05:41,213 [ForkJoinPool.commonPool-worker-0] INFO  server.RaftServer$Division (ServerState.java:close(419)) - a5432c49-5461-405d-b7d7-37e5c225d9bf@group-CAA489D3CFE4: closes. applyIndex: -1
2021-11-14 01:05:41,213 [a5432c49-5461-405d-b7d7-37e5c225d9bf@group-CAA489D3CFE4-SegmentedRaftLogWorker] INFO  segmented.SegmentedRaftLogWorker (SegmentedRaftLogWorker.java:run(327)) - a5432c49-5461-405d-b7d7-37e5c225d9bf@group-CAA489D3CFE4-SegmentedRaftLogWorker was interrupted, exiting. There are 0 tasks remaining in the queue.
2021-11-14 01:05:41,214 [ForkJoinPool.commonPool-worker-0] INFO  segmented.SegmentedRaftLogWorker (SegmentedRaftLogWorker.java:close(237)) - a5432c49-5461-405d-b7d7-37e5c225d9bf@group-CAA489D3CFE4-SegmentedRaftLogWorker close()
2021-11-14 01:05:41,219 [ForkJoinPool.commonPool-worker-0] INFO  server.RaftServer$Division (RaftServerImpl.java:lambda$close$4(412)) - a5432c49-5461-405d-b7d7-37e5c225d9bf@group-60CC15F72D53: shutdown
2021-11-14 01:05:41,219 [ForkJoinPool.commonPool-worker-0] INFO  util.JmxRegister (JmxRegister.java:unregister(73)) - Successfully un-registered JMX Bean with object name Ratis:service=RaftServer,group=group-60CC15F72D53,id=a5432c49-5461-405d-b7d7-37e5c225d9bf
2021-11-14 01:05:41,219 [ForkJoinPool.commonPool-worker-0] INFO  impl.RoleInfo (RoleInfo.java:shutdownLeaderState(91)) - a5432c49-5461-405d-b7d7-37e5c225d9bf: shutdown a5432c49-5461-405d-b7d7-37e5c225d9bf@group-60CC15F72D53-LeaderStateImpl
2021-11-14 01:05:41,221 [ForkJoinPool.commonPool-worker-0] INFO  impl.PendingRequests (PendingRequests.java:sendNotLeaderResponses(282)) - a5432c49-5461-405d-b7d7-37e5c225d9bf@group-60CC15F72D53-PendingRequests: sendNotLeaderResponses
2021-11-14 01:05:41,222 [ForkJoinPool.commonPool-worker-0] INFO  impl.StateMachineUpdater (StateMachineUpdater.java:stopAndJoin(149)) - a5432c49-5461-405d-b7d7-37e5c225d9bf@group-60CC15F72D53-StateMachineUpdater: set stopIndex = 0
2021-11-14 01:05:41,222 [a5432c49-5461-405d-b7d7-37e5c225d9bf@group-60CC15F72D53-StateMachineUpdater] INFO  ratis.ContainerStateMachine (ContainerStateMachine.java:takeSnapshot(292)) - group-60CC15F72D53: Taking a snapshot at:(t:1, i:0) file /home/runner/work/ozone/ozone/hadoop-ozone/integration-test/target/test-dir/MiniOzoneClusterImpl-5b6cbd2a-2976-43bc-8d1c-e3ca86cddeeb/datanode-1/data/ratis/72688eae-7812-4aae-8a84-60cc15f72d53/sm/snapshot.1_0
2021-11-14 01:05:41,223 [a5432c49-5461-405d-b7d7-37e5c225d9bf@group-60CC15F72D53-StateMachineUpdater] INFO  ratis.ContainerStateMachine (ContainerStateMachine.java:takeSnapshot(303)) - group-60CC15F72D53: Finished taking a snapshot at:(t:1, i:0) file:/home/runner/work/ozone/ozone/hadoop-ozone/integration-test/target/test-dir/MiniOzoneClusterImpl-5b6cbd2a-2976-43bc-8d1c-e3ca86cddeeb/datanode-1/data/ratis/72688eae-7812-4aae-8a84-60cc15f72d53/sm/snapshot.1_0 took: 1 ms
2021-11-14 01:05:41,223 [a5432c49-5461-405d-b7d7-37e5c225d9bf@group-60CC15F72D53-StateMachineUpdater] INFO  impl.StateMachineUpdater (StateMachineUpdater.java:takeSnapshot(281)) - a5432c49-5461-405d-b7d7-37e5c225d9bf@group-60CC15F72D53-StateMachineUpdater: Took a snapshot at index 0
2021-11-14 01:05:41,223 [a5432c49-5461-405d-b7d7-37e5c225d9bf@group-60CC15F72D53-StateMachineUpdater] INFO  impl.StateMachineUpdater (StateMachineUpdater.java:lambda$new$0(89)) - a5432c49-5461-405d-b7d7-37e5c225d9bf@group-60CC15F72D53-StateMachineUpdater: snapshotIndex: updateIncreasingly -1 -> 0
2021-11-14 01:05:41,229 [ForkJoinPool.commonPool-worker-0] INFO  server.RaftServer$Division (ServerState.java:close(419)) - a5432c49-5461-405d-b7d7-37e5c225d9bf@group-60CC15F72D53: closes. applyIndex: 0
2021-11-14 01:05:41,229 [a5432c49-5461-405d-b7d7-37e5c225d9bf@group-60CC15F72D53-SegmentedRaftLogWorker] INFO  segmented.SegmentedRaftLogWorker (SegmentedRaftLogWorker.java:run(327)) - a5432c49-5461-405d-b7d7-37e5c225d9bf@group-60CC15F72D53-SegmentedRaftLogWorker was interrupted, exiting. There are 0 tasks remaining in the queue.
2021-11-14 01:05:41,230 [ForkJoinPool.commonPool-worker-0] INFO  segmented.SegmentedRaftLogWorker (SegmentedRaftLogWorker.java:close(237)) - a5432c49-5461-405d-b7d7-37e5c225d9bf@group-60CC15F72D53-SegmentedRaftLogWorker close()
2021-11-14 01:05:41,237 [Listener at 127.0.0.1/34021] INFO  ozoneimpl.OzoneContainer (OzoneContainer.java:stop(325)) - Attempting to stop container services.
2021-11-14 01:05:41,238 [ForkJoinPool.commonPool-worker-0] INFO  server.RaftServer$Division (RaftServerImpl.java:lambda$close$4(412)) - a5432c49-5461-405d-b7d7-37e5c225d9bf@group-4276E13490A7: shutdown
2021-11-14 01:05:41,238 [ForkJoinPool.commonPool-worker-0] INFO  util.JmxRegister (JmxRegister.java:unregister(73)) - Successfully un-registered JMX Bean with object name Ratis:service=RaftServer,group=group-4276E13490A7,id=a5432c49-5461-405d-b7d7-37e5c225d9bf
2021-11-14 01:05:41,238 [ForkJoinPool.commonPool-worker-0] INFO  impl.RoleInfo (RoleInfo.java:shutdownFollowerState(108)) - a5432c49-5461-405d-b7d7-37e5c225d9bf: shutdown a5432c49-5461-405d-b7d7-37e5c225d9bf@group-4276E13490A7-FollowerState
2021-11-14 01:05:41,238 [ForkJoinPool.commonPool-worker-0] INFO  impl.StateMachineUpdater (StateMachineUpdater.java:stopAndJoin(149)) - a5432c49-5461-405d-b7d7-37e5c225d9bf@group-4276E13490A7-StateMachineUpdater: set stopIndex = -1
2021-11-14 01:05:41,238 [ForkJoinPool.commonPool-worker-0] INFO  server.RaftServer$Division (ServerState.java:close(419)) - a5432c49-5461-405d-b7d7-37e5c225d9bf@group-4276E13490A7: closes. applyIndex: -1
2021-11-14 01:05:41,238 [a5432c49-5461-405d-b7d7-37e5c225d9bf@group-4276E13490A7-FollowerState] INFO  impl.FollowerState (FollowerState.java:run(143)) - a5432c49-5461-405d-b7d7-37e5c225d9bf@group-4276E13490A7-FollowerState was interrupted: {}
java.lang.InterruptedException: sleep interrupted
	at java.lang.Thread.sleep(Native Method)
	at java.lang.Thread.sleep(Thread.java:340)
	at java.util.concurrent.TimeUnit.sleep(TimeUnit.java:386)
	at org.apache.ratis.util.TimeDuration.sleep(TimeDuration.java:324)
	at org.apache.ratis.util.TimeDuration.sleep(TimeDuration.java:309)
	at org.apache.ratis.server.impl.FollowerState.run(FollowerState.java:118)
2021-11-14 01:05:41,239 [a5432c49-5461-405d-b7d7-37e5c225d9bf@group-4276E13490A7-SegmentedRaftLogWorker] INFO  segmented.SegmentedRaftLogWorker (SegmentedRaftLogWorker.java:run(327)) - a5432c49-5461-405d-b7d7-37e5c225d9bf@group-4276E13490A7-SegmentedRaftLogWorker was interrupted, exiting. There are 0 tasks remaining in the queue.
2021-11-14 01:05:41,245 [ForkJoinPool.commonPool-worker-0] INFO  segmented.SegmentedRaftLogWorker (SegmentedRaftLogWorker.java:close(237)) - a5432c49-5461-405d-b7d7-37e5c225d9bf@group-4276E13490A7-SegmentedRaftLogWorker close()
2021-11-14 01:05:41,246 [Listener at 127.0.0.1/34021] INFO  server.RaftServer (RaftServerProxy.java:lambda$close$6(391)) - 5b42674d-a9fa-4183-866d-d0b91026c546: close
2021-11-14 01:05:41,246 [Listener at 127.0.0.1/34021] INFO  server.RaftServer$Division (RaftServerImpl.java:lambda$close$4(412)) - 5b42674d-a9fa-4183-866d-d0b91026c546@group-B41A3219138A: shutdown
2021-11-14 01:05:41,246 [Listener at 127.0.0.1/34021] INFO  util.JmxRegister (JmxRegister.java:unregister(73)) - Successfully un-registered JMX Bean with object name Ratis:service=RaftServer,group=group-B41A3219138A,id=5b42674d-a9fa-4183-866d-d0b91026c546
2021-11-14 01:05:41,246 [Listener at 127.0.0.1/34021] INFO  impl.RoleInfo (RoleInfo.java:shutdownLeaderState(91)) - 5b42674d-a9fa-4183-866d-d0b91026c546: shutdown 5b42674d-a9fa-4183-866d-d0b91026c546@group-B41A3219138A-LeaderStateImpl
2021-11-14 01:05:41,246 [Listener at 127.0.0.1/34021] INFO  impl.PendingRequests (PendingRequests.java:sendNotLeaderResponses(282)) - 5b42674d-a9fa-4183-866d-d0b91026c546@group-B41A3219138A-PendingRequests: sendNotLeaderResponses
2021-11-14 01:05:41,247 [5b42674d-a9fa-4183-866d-d0b91026c546@group-B41A3219138A->8f64935f-b83c-4009-bc32-b4395deb71aa-GrpcLogAppender-LogAppenderDaemon] WARN  server.GrpcLogAppender (GrpcLogAppender.java:mayWait(177)) - 5b42674d-a9fa-4183-866d-d0b91026c546@group-B41A3219138A->8f64935f-b83c-4009-bc32-b4395deb71aa-GrpcLogAppender: Wait interrupted by java.lang.InterruptedException
2021-11-14 01:05:41,248 [5b42674d-a9fa-4183-866d-d0b91026c546@group-B41A3219138A-StateMachineUpdater] INFO  ratis.ContainerStateMachine (ContainerStateMachine.java:takeSnapshot(292)) - group-B41A3219138A: Taking a snapshot at:(t:2, i:0) file /home/runner/work/ozone/ozone/hadoop-ozone/integration-test/target/test-dir/MiniOzoneClusterImpl-5b6cbd2a-2976-43bc-8d1c-e3ca86cddeeb/datanode-4/data/ratis/18bfed5b-9086-4d3b-be28-b41a3219138a/sm/snapshot.2_0
2021-11-14 01:05:41,248 [Listener at 127.0.0.1/34021] INFO  impl.StateMachineUpdater (StateMachineUpdater.java:stopAndJoin(149)) - 5b42674d-a9fa-4183-866d-d0b91026c546@group-B41A3219138A-StateMachineUpdater: set stopIndex = 0
2021-11-14 01:05:41,261 [ForkJoinPool.commonPool-worker-0] INFO  server.RaftServer$Division (RaftServerImpl.java:lambda$close$4(412)) - a5432c49-5461-405d-b7d7-37e5c225d9bf@group-06F4125447C4: shutdown
2021-11-14 01:05:41,262 [ForkJoinPool.commonPool-worker-0] INFO  util.JmxRegister (JmxRegister.java:unregister(73)) - Successfully un-registered JMX Bean with object name Ratis:service=RaftServer,group=group-06F4125447C4,id=a5432c49-5461-405d-b7d7-37e5c225d9bf
2021-11-14 01:05:41,262 [ForkJoinPool.commonPool-worker-0] INFO  impl.RoleInfo (RoleInfo.java:shutdownFollowerState(108)) - a5432c49-5461-405d-b7d7-37e5c225d9bf: shutdown a5432c49-5461-405d-b7d7-37e5c225d9bf@group-06F4125447C4-FollowerState
2021-11-14 01:05:41,262 [ForkJoinPool.commonPool-worker-0] INFO  impl.StateMachineUpdater (StateMachineUpdater.java:stopAndJoin(149)) - a5432c49-5461-405d-b7d7-37e5c225d9bf@group-06F4125447C4-StateMachineUpdater: set stopIndex = -1
2021-11-14 01:05:41,262 [a5432c49-5461-405d-b7d7-37e5c225d9bf@group-06F4125447C4-FollowerState] INFO  impl.FollowerState (FollowerState.java:run(143)) - a5432c49-5461-405d-b7d7-37e5c225d9bf@group-06F4125447C4-FollowerState was interrupted: {}
java.lang.InterruptedException: sleep interrupted
	at java.lang.Thread.sleep(Native Method)
	at java.lang.Thread.sleep(Thread.java:340)
	at java.util.concurrent.TimeUnit.sleep(TimeUnit.java:386)
	at org.apache.ratis.util.TimeDuration.sleep(TimeDuration.java:324)
	at org.apache.ratis.util.TimeDuration.sleep(TimeDuration.java:309)
	at org.apache.ratis.server.impl.FollowerState.run(FollowerState.java:118)
2021-11-14 01:05:41,262 [ForkJoinPool.commonPool-worker-0] INFO  server.RaftServer$Division (ServerState.java:close(419)) - a5432c49-5461-405d-b7d7-37e5c225d9bf@group-06F4125447C4: closes. applyIndex: -1
2021-11-14 01:05:41,263 [a5432c49-5461-405d-b7d7-37e5c225d9bf@group-06F4125447C4-SegmentedRaftLogWorker] INFO  segmented.SegmentedRaftLogWorker (SegmentedRaftLogWorker.java:run(327)) - a5432c49-5461-405d-b7d7-37e5c225d9bf@group-06F4125447C4-SegmentedRaftLogWorker was interrupted, exiting. There are 0 tasks remaining in the queue.
2021-11-14 01:05:41,263 [ForkJoinPool.commonPool-worker-0] INFO  segmented.SegmentedRaftLogWorker (SegmentedRaftLogWorker.java:close(237)) - a5432c49-5461-405d-b7d7-37e5c225d9bf@group-06F4125447C4-SegmentedRaftLogWorker close()
2021-11-14 01:05:41,266 [ForkJoinPool.commonPool-worker-0] INFO  server.GrpcService (GrpcService.java:closeImpl(262)) - a5432c49-5461-405d-b7d7-37e5c225d9bf: shutdown server with port 33007 now
2021-11-14 01:05:41,282 [grpc-default-executor-0] INFO  server.GrpcServerProtocolService (GrpcServerProtocolService.java:onCompleted(140)) - 8f64935f-b83c-4009-bc32-b4395deb71aa: Completed APPEND_ENTRIES, lastRequest: 5b42674d-a9fa-4183-866d-d0b91026c546->8f64935f-b83c-4009-bc32-b4395deb71aa#1-t2,previous=(t:0, i:0),leaderCommit=-1,initializing? true,entries: size=1, first=(t:2, i:0), CONFIGURATIONENTRY
2021-11-14 01:05:41,283 [5b42674d-a9fa-4183-866d-d0b91026c546@group-B41A3219138A->e624a09e-d66f-4eff-951a-8f24e1213b58-GrpcLogAppender-LogAppenderDaemon] WARN  server.GrpcLogAppender (GrpcLogAppender.java:mayWait(177)) - 5b42674d-a9fa-4183-866d-d0b91026c546@group-B41A3219138A->e624a09e-d66f-4eff-951a-8f24e1213b58-GrpcLogAppender: Wait interrupted by java.lang.InterruptedException
2021-11-14 01:05:41,287 [5b42674d-a9fa-4183-866d-d0b91026c546@group-B41A3219138A-StateMachineUpdater] INFO  ratis.ContainerStateMachine (ContainerStateMachine.java:takeSnapshot(303)) - group-B41A3219138A: Finished taking a snapshot at:(t:2, i:0) file:/home/runner/work/ozone/ozone/hadoop-ozone/integration-test/target/test-dir/MiniOzoneClusterImpl-5b6cbd2a-2976-43bc-8d1c-e3ca86cddeeb/datanode-4/data/ratis/18bfed5b-9086-4d3b-be28-b41a3219138a/sm/snapshot.2_0 took: 39 ms
2021-11-14 01:05:41,287 [5b42674d-a9fa-4183-866d-d0b91026c546@group-B41A3219138A-StateMachineUpdater] INFO  impl.StateMachineUpdater (StateMachineUpdater.java:takeSnapshot(281)) - 5b42674d-a9fa-4183-866d-d0b91026c546@group-B41A3219138A-StateMachineUpdater: Took a snapshot at index 0
2021-11-14 01:05:41,288 [5b42674d-a9fa-4183-866d-d0b91026c546@group-B41A3219138A-StateMachineUpdater] INFO  impl.StateMachineUpdater (StateMachineUpdater.java:lambda$new$0(89)) - 5b42674d-a9fa-4183-866d-d0b91026c546@group-B41A3219138A-StateMachineUpdater: snapshotIndex: updateIncreasingly -1 -> 0
2021-11-14 01:05:41,288 [Listener at 127.0.0.1/34021] INFO  server.RaftServer$Division (ServerState.java:close(419)) - 5b42674d-a9fa-4183-866d-d0b91026c546@group-B41A3219138A: closes. applyIndex: 0
2021-11-14 01:05:41,288 [5b42674d-a9fa-4183-866d-d0b91026c546@group-B41A3219138A-SegmentedRaftLogWorker] INFO  segmented.SegmentedRaftLogWorker (SegmentedRaftLogWorker.java:run(327)) - 5b42674d-a9fa-4183-866d-d0b91026c546@group-B41A3219138A-SegmentedRaftLogWorker was interrupted, exiting. There are 0 tasks remaining in the queue.
2021-11-14 01:05:41,288 [Listener at 127.0.0.1/34021] INFO  segmented.SegmentedRaftLogWorker (SegmentedRaftLogWorker.java:close(237)) - 5b42674d-a9fa-4183-866d-d0b91026c546@group-B41A3219138A-SegmentedRaftLogWorker close()
2021-11-14 01:05:41,297 [Listener at 127.0.0.1/34021] INFO  server.RaftServer$Division (RaftServerImpl.java:lambda$close$4(412)) - 5b42674d-a9fa-4183-866d-d0b91026c546@group-49E67502BCBE: shutdown
2021-11-14 01:05:41,297 [Listener at 127.0.0.1/34021] INFO  util.JmxRegister (JmxRegister.java:unregister(73)) - Successfully un-registered JMX Bean with object name Ratis:service=RaftServer,group=group-49E67502BCBE,id=5b42674d-a9fa-4183-866d-d0b91026c546
2021-11-14 01:05:41,297 [Listener at 127.0.0.1/34021] INFO  impl.RoleInfo (RoleInfo.java:shutdownLeaderState(91)) - 5b42674d-a9fa-4183-866d-d0b91026c546: shutdown 5b42674d-a9fa-4183-866d-d0b91026c546@group-49E67502BCBE-LeaderStateImpl
2021-11-14 01:05:41,298 [Listener at 127.0.0.1/34021] INFO  impl.PendingRequests (PendingRequests.java:sendNotLeaderResponses(282)) - 5b42674d-a9fa-4183-866d-d0b91026c546@group-49E67502BCBE-PendingRequests: sendNotLeaderResponses
2021-11-14 01:05:41,298 [grpc-default-executor-0] INFO  server.GrpcServerProtocolService (GrpcServerProtocolService.java:onCompleted(140)) - e624a09e-d66f-4eff-951a-8f24e1213b58: Completed APPEND_ENTRIES, lastRequest: 5b42674d-a9fa-4183-866d-d0b91026c546->e624a09e-d66f-4eff-951a-8f24e1213b58#1-t2,previous=(t:0, i:0),leaderCommit=0,initializing? true,entries: size=1, first=(t:2, i:0), CONFIGURATIONENTRY
2021-11-14 01:05:41,301 [grpc-default-executor-2] INFO  server.GrpcLogAppender (GrpcLogAppender.java:onCompleted(346)) - 5b42674d-a9fa-4183-866d-d0b91026c546@group-B41A3219138A->8f64935f-b83c-4009-bc32-b4395deb71aa-AppendLogResponseHandler: follower responses appendEntries COMPLETED
2021-11-14 01:05:41,301 [ForkJoinPool.commonPool-worker-0] INFO  server.GrpcService (GrpcService.java:closeImpl(271)) - a5432c49-5461-405d-b7d7-37e5c225d9bf: shutdown server with port 33007 successfully
2021-11-14 01:05:41,313 [org.apache.ratis.util.JvmPauseMonitor$$Lambda$531/1045442098@cf09cfc] INFO  util.JvmPauseMonitor (JvmPauseMonitor.java:run(109)) - JvmPauseMonitor-a5432c49-5461-405d-b7d7-37e5c225d9bf: Stopped
2021-11-14 01:05:41,313 [grpc-default-executor-2] INFO  leader.FollowerInfo (FollowerInfoImpl.java:lambda$new$0(47)) - 5b42674d-a9fa-4183-866d-d0b91026c546@group-B41A3219138A->8f64935f-b83c-4009-bc32-b4395deb71aa: nextIndex: updateUnconditionally 1 -> 0
2021-11-14 01:05:41,314 [grpc-default-executor-2] INFO  server.GrpcLogAppender (GrpcLogAppender.java:onCompleted(346)) - 5b42674d-a9fa-4183-866d-d0b91026c546@group-B41A3219138A->e624a09e-d66f-4eff-951a-8f24e1213b58-AppendLogResponseHandler: follower responses appendEntries COMPLETED
2021-11-14 01:05:41,314 [grpc-default-executor-2] INFO  leader.FollowerInfo (FollowerInfoImpl.java:lambda$new$0(47)) - 5b42674d-a9fa-4183-866d-d0b91026c546@group-B41A3219138A->e624a09e-d66f-4eff-951a-8f24e1213b58: nextIndex: updateUnconditionally 1 -> 0
2021-11-14 01:05:41,335 [ForkJoinPool.commonPool-worker-0] INFO  utils.BackgroundService (BackgroundService.java:shutdown(132)) - Shutting down service BlockDeletingService
2021-11-14 01:05:41,355 [Listener at 127.0.0.1/34021] INFO  impl.StateMachineUpdater (StateMachineUpdater.java:stopAndJoin(149)) - 5b42674d-a9fa-4183-866d-d0b91026c546@group-49E67502BCBE-StateMachineUpdater: set stopIndex = 13
2021-11-14 01:05:41,355 [5b42674d-a9fa-4183-866d-d0b91026c546@group-49E67502BCBE-StateMachineUpdater] INFO  ratis.ContainerStateMachine (ContainerStateMachine.java:takeSnapshot(292)) - group-49E67502BCBE: Taking a snapshot at:(t:1, i:13) file /home/runner/work/ozone/ozone/hadoop-ozone/integration-test/target/test-dir/MiniOzoneClusterImpl-5b6cbd2a-2976-43bc-8d1c-e3ca86cddeeb/datanode-4/data/ratis/73954cd4-b9e7-4cf0-9245-49e67502bcbe/sm/snapshot.1_13
2021-11-14 01:05:41,383 [5b42674d-a9fa-4183-866d-d0b91026c546@group-49E67502BCBE-StateMachineUpdater] INFO  ratis.ContainerStateMachine (ContainerStateMachine.java:takeSnapshot(303)) - group-49E67502BCBE: Finished taking a snapshot at:(t:1, i:13) file:/home/runner/work/ozone/ozone/hadoop-ozone/integration-test/target/test-dir/MiniOzoneClusterImpl-5b6cbd2a-2976-43bc-8d1c-e3ca86cddeeb/datanode-4/data/ratis/73954cd4-b9e7-4cf0-9245-49e67502bcbe/sm/snapshot.1_13 took: 28 ms
2021-11-14 01:05:41,384 [5b42674d-a9fa-4183-866d-d0b91026c546@group-49E67502BCBE-StateMachineUpdater] INFO  impl.StateMachineUpdater (StateMachineUpdater.java:takeSnapshot(281)) - 5b42674d-a9fa-4183-866d-d0b91026c546@group-49E67502BCBE-StateMachineUpdater: Took a snapshot at index 13
2021-11-14 01:05:41,384 [5b42674d-a9fa-4183-866d-d0b91026c546@group-49E67502BCBE-StateMachineUpdater] INFO  impl.StateMachineUpdater (StateMachineUpdater.java:lambda$new$0(89)) - 5b42674d-a9fa-4183-866d-d0b91026c546@group-49E67502BCBE-StateMachineUpdater: snapshotIndex: updateIncreasingly -1 -> 13
2021-11-14 01:05:41,385 [Listener at 127.0.0.1/34021] INFO  server.RaftServer$Division (ServerState.java:close(419)) - 5b42674d-a9fa-4183-866d-d0b91026c546@group-49E67502BCBE: closes. applyIndex: 13
2021-11-14 01:05:41,386 [5b42674d-a9fa-4183-866d-d0b91026c546@group-49E67502BCBE-SegmentedRaftLogWorker] INFO  segmented.SegmentedRaftLogWorker (SegmentedRaftLogWorker.java:run(327)) - 5b42674d-a9fa-4183-866d-d0b91026c546@group-49E67502BCBE-SegmentedRaftLogWorker was interrupted, exiting. There are 0 tasks remaining in the queue.
2021-11-14 01:05:41,392 [Listener at 127.0.0.1/34021] INFO  segmented.SegmentedRaftLogWorker (SegmentedRaftLogWorker.java:close(237)) - 5b42674d-a9fa-4183-866d-d0b91026c546@group-49E67502BCBE-SegmentedRaftLogWorker close()
2021-11-14 01:05:41,392 [Listener at 127.0.0.1/34021] INFO  server.RaftServer$Division (RaftServerImpl.java:lambda$close$4(412)) - 5b42674d-a9fa-4183-866d-d0b91026c546@group-B8A997D08E4F: shutdown
2021-11-14 01:05:41,392 [Listener at 127.0.0.1/34021] INFO  util.JmxRegister (JmxRegister.java:unregister(73)) - Successfully un-registered JMX Bean with object name Ratis:service=RaftServer,group=group-B8A997D08E4F,id=5b42674d-a9fa-4183-866d-d0b91026c546
2021-11-14 01:05:41,392 [Listener at 127.0.0.1/34021] INFO  impl.RoleInfo (RoleInfo.java:shutdownFollowerState(108)) - 5b42674d-a9fa-4183-866d-d0b91026c546: shutdown 5b42674d-a9fa-4183-866d-d0b91026c546@group-B8A997D08E4F-FollowerState
2021-11-14 01:05:41,392 [Listener at 127.0.0.1/34021] INFO  impl.StateMachineUpdater (StateMachineUpdater.java:stopAndJoin(149)) - 5b42674d-a9fa-4183-866d-d0b91026c546@group-B8A997D08E4F-StateMachineUpdater: set stopIndex = 0
2021-11-14 01:05:41,392 [5b42674d-a9fa-4183-866d-d0b91026c546@group-B8A997D08E4F-FollowerState] INFO  impl.FollowerState (FollowerState.java:run(143)) - 5b42674d-a9fa-4183-866d-d0b91026c546@group-B8A997D08E4F-FollowerState was interrupted: {}
java.lang.InterruptedException: sleep interrupted
	at java.lang.Thread.sleep(Native Method)
	at java.lang.Thread.sleep(Thread.java:340)
	at java.util.concurrent.TimeUnit.sleep(TimeUnit.java:386)
	at org.apache.ratis.util.TimeDuration.sleep(TimeDuration.java:324)
	at org.apache.ratis.util.TimeDuration.sleep(TimeDuration.java:309)
	at org.apache.ratis.server.impl.FollowerState.run(FollowerState.java:118)
2021-11-14 01:05:41,393 [5b42674d-a9fa-4183-866d-d0b91026c546@group-B8A997D08E4F-StateMachineUpdater] INFO  ratis.ContainerStateMachine (ContainerStateMachine.java:takeSnapshot(292)) - group-B8A997D08E4F: Taking a snapshot at:(t:1, i:0) file /home/runner/work/ozone/ozone/hadoop-ozone/integration-test/target/test-dir/MiniOzoneClusterImpl-5b6cbd2a-2976-43bc-8d1c-e3ca86cddeeb/datanode-4/data/ratis/f6c2ffd6-7342-4066-bffd-b8a997d08e4f/sm/snapshot.1_0
2021-11-14 01:05:41,398 [5b42674d-a9fa-4183-866d-d0b91026c546@group-B8A997D08E4F-StateMachineUpdater] INFO  ratis.ContainerStateMachine (ContainerStateMachine.java:takeSnapshot(303)) - group-B8A997D08E4F: Finished taking a snapshot at:(t:1, i:0) file:/home/runner/work/ozone/ozone/hadoop-ozone/integration-test/target/test-dir/MiniOzoneClusterImpl-5b6cbd2a-2976-43bc-8d1c-e3ca86cddeeb/datanode-4/data/ratis/f6c2ffd6-7342-4066-bffd-b8a997d08e4f/sm/snapshot.1_0 took: 5 ms
2021-11-14 01:05:41,398 [5b42674d-a9fa-4183-866d-d0b91026c546@group-B8A997D08E4F-StateMachineUpdater] INFO  impl.StateMachineUpdater (StateMachineUpdater.java:takeSnapshot(281)) - 5b42674d-a9fa-4183-866d-d0b91026c546@group-B8A997D08E4F-StateMachineUpdater: Took a snapshot at index 0
2021-11-14 01:05:41,398 [5b42674d-a9fa-4183-866d-d0b91026c546@group-B8A997D08E4F-StateMachineUpdater] INFO  impl.StateMachineUpdater (StateMachineUpdater.java:lambda$new$0(89)) - 5b42674d-a9fa-4183-866d-d0b91026c546@group-B8A997D08E4F-StateMachineUpdater: snapshotIndex: updateIncreasingly -1 -> 0
2021-11-14 01:05:41,404 [Listener at 127.0.0.1/34021] INFO  server.RaftServer$Division (ServerState.java:close(419)) - 5b42674d-a9fa-4183-866d-d0b91026c546@group-B8A997D08E4F: closes. applyIndex: 0
2021-11-14 01:05:41,404 [5b42674d-a9fa-4183-866d-d0b91026c546@group-B8A997D08E4F-SegmentedRaftLogWorker] INFO  segmented.SegmentedRaftLogWorker (SegmentedRaftLogWorker.java:run(327)) - 5b42674d-a9fa-4183-866d-d0b91026c546@group-B8A997D08E4F-SegmentedRaftLogWorker was interrupted, exiting. There are 0 tasks remaining in the queue.
2021-11-14 01:05:41,404 [Listener at 127.0.0.1/34021] INFO  segmented.SegmentedRaftLogWorker (SegmentedRaftLogWorker.java:close(237)) - 5b42674d-a9fa-4183-866d-d0b91026c546@group-B8A997D08E4F-SegmentedRaftLogWorker close()
2021-11-14 01:05:41,405 [Listener at 127.0.0.1/34021] INFO  server.RaftServer$Division (RaftServerImpl.java:lambda$close$4(412)) - 5b42674d-a9fa-4183-866d-d0b91026c546@group-0E53E93CFD0F: shutdown
2021-11-14 01:05:41,405 [Listener at 127.0.0.1/34021] INFO  util.JmxRegister (JmxRegister.java:unregister(73)) - Successfully un-registered JMX Bean with object name Ratis:service=RaftServer,group=group-0E53E93CFD0F,id=5b42674d-a9fa-4183-866d-d0b91026c546
2021-11-14 01:05:41,405 [Listener at 127.0.0.1/34021] INFO  impl.RoleInfo (RoleInfo.java:shutdownFollowerState(108)) - 5b42674d-a9fa-4183-866d-d0b91026c546: shutdown 5b42674d-a9fa-4183-866d-d0b91026c546@group-0E53E93CFD0F-FollowerState
2021-11-14 01:05:41,405 [5b42674d-a9fa-4183-866d-d0b91026c546@group-0E53E93CFD0F-FollowerState] INFO  impl.FollowerState (FollowerState.java:run(143)) - 5b42674d-a9fa-4183-866d-d0b91026c546@group-0E53E93CFD0F-FollowerState was interrupted: {}
java.lang.InterruptedException: sleep interrupted
	at java.lang.Thread.sleep(Native Method)
	at java.lang.Thread.sleep(Thread.java:340)
	at java.util.concurrent.TimeUnit.sleep(TimeUnit.java:386)
	at org.apache.ratis.util.TimeDuration.sleep(TimeDuration.java:324)
	at org.apache.ratis.util.TimeDuration.sleep(TimeDuration.java:309)
	at org.apache.ratis.server.impl.FollowerState.run(FollowerState.java:118)
2021-11-14 01:05:41,406 [5b42674d-a9fa-4183-866d-d0b91026c546@group-0E53E93CFD0F-StateMachineUpdater] INFO  ratis.ContainerStateMachine (ContainerStateMachine.java:takeSnapshot(292)) - group-0E53E93CFD0F: Taking a snapshot at:(t:2, i:0) file /home/runner/work/ozone/ozone/hadoop-ozone/integration-test/target/test-dir/MiniOzoneClusterImpl-5b6cbd2a-2976-43bc-8d1c-e3ca86cddeeb/datanode-4/data/ratis/d0e7521d-b1bf-4417-8d3e-0e53e93cfd0f/sm/snapshot.2_0
2021-11-14 01:05:41,407 [5b42674d-a9fa-4183-866d-d0b91026c546@group-0E53E93CFD0F-StateMachineUpdater] INFO  ratis.ContainerStateMachine (ContainerStateMachine.java:takeSnapshot(303)) - group-0E53E93CFD0F: Finished taking a snapshot at:(t:2, i:0) file:/home/runner/work/ozone/ozone/hadoop-ozone/integration-test/target/test-dir/MiniOzoneClusterImpl-5b6cbd2a-2976-43bc-8d1c-e3ca86cddeeb/datanode-4/data/ratis/d0e7521d-b1bf-4417-8d3e-0e53e93cfd0f/sm/snapshot.2_0 took: 1 ms
2021-11-14 01:05:41,407 [5b42674d-a9fa-4183-866d-d0b91026c546@group-0E53E93CFD0F-StateMachineUpdater] INFO  impl.StateMachineUpdater (StateMachineUpdater.java:takeSnapshot(281)) - 5b42674d-a9fa-4183-866d-d0b91026c546@group-0E53E93CFD0F-StateMachineUpdater: Took a snapshot at index 0
2021-11-14 01:05:41,407 [5b42674d-a9fa-4183-866d-d0b91026c546@group-0E53E93CFD0F-StateMachineUpdater] INFO  impl.StateMachineUpdater (StateMachineUpdater.java:lambda$new$0(89)) - 5b42674d-a9fa-4183-866d-d0b91026c546@group-0E53E93CFD0F-StateMachineUpdater: snapshotIndex: updateIncreasingly -1 -> 0
2021-11-14 01:05:41,413 [Listener at 127.0.0.1/34021] INFO  impl.StateMachineUpdater (StateMachineUpdater.java:stopAndJoin(149)) - 5b42674d-a9fa-4183-866d-d0b91026c546@group-0E53E93CFD0F-StateMachineUpdater: set stopIndex = 0
2021-11-14 01:05:41,413 [Listener at 127.0.0.1/34021] INFO  server.RaftServer$Division (ServerState.java:close(419)) - 5b42674d-a9fa-4183-866d-d0b91026c546@group-0E53E93CFD0F: closes. applyIndex: 0
2021-11-14 01:05:41,415 [5b42674d-a9fa-4183-866d-d0b91026c546@group-0E53E93CFD0F-SegmentedRaftLogWorker] INFO  segmented.SegmentedRaftLogWorker (SegmentedRaftLogWorker.java:run(327)) - 5b42674d-a9fa-4183-866d-d0b91026c546@group-0E53E93CFD0F-SegmentedRaftLogWorker was interrupted, exiting. There are 0 tasks remaining in the queue.
2021-11-14 01:05:41,415 [Listener at 127.0.0.1/34021] INFO  segmented.SegmentedRaftLogWorker (SegmentedRaftLogWorker.java:close(237)) - 5b42674d-a9fa-4183-866d-d0b91026c546@group-0E53E93CFD0F-SegmentedRaftLogWorker close()
2021-11-14 01:05:41,415 [Listener at 127.0.0.1/34021] INFO  server.GrpcService (GrpcService.java:closeImpl(262)) - 5b42674d-a9fa-4183-866d-d0b91026c546: shutdown server with port 35089 now
2021-11-14 01:05:41,417 [grpc-default-executor-2] WARN  server.GrpcServerProtocolService (LogUtils.java:warn(122)) - 5b42674d-a9fa-4183-866d-d0b91026c546: installSnapshot onError, lastRequest: e624a09e-d66f-4eff-951a-8f24e1213b58->5b42674d-a9fa-4183-866d-d0b91026c546#1-t2,previous=(t:0, i:0),leaderCommit=-1,initializing? true,entries: size=1, first=(t:2, i:0), CONFIGURATIONENTRY: org.apache.ratis.thirdparty.io.grpc.StatusRuntimeException: CANCELLED: client cancelled
2021-11-14 01:05:41,417 [grpc-default-executor-1] WARN  server.GrpcServerProtocolService (LogUtils.java:warn(122)) - 5b42674d-a9fa-4183-866d-d0b91026c546: installSnapshot onError, lastRequest: 8f64935f-b83c-4009-bc32-b4395deb71aa->5b42674d-a9fa-4183-866d-d0b91026c546#1-t1,previous=(t:0, i:0),leaderCommit=-1,initializing? true,entries: size=1, first=(t:1, i:0), CONFIGURATIONENTRY: org.apache.ratis.thirdparty.io.grpc.StatusRuntimeException: CANCELLED: client cancelled
2021-11-14 01:05:41,433 [grpc-default-executor-2] WARN  server.GrpcLogAppender (LogUtils.java:warn(122)) - e624a09e-d66f-4eff-951a-8f24e1213b58@group-0E53E93CFD0F->5b42674d-a9fa-4183-866d-d0b91026c546-AppendLogResponseHandler: Failed appendEntries: org.apache.ratis.thirdparty.io.grpc.StatusRuntimeException: CANCELLED: HTTP/2 error code: CANCEL
Received Rst Stream
2021-11-14 01:05:41,434 [grpc-default-executor-2] WARN  server.GrpcLogAppender (GrpcLogAppender.java:resetClient(110)) - e624a09e-d66f-4eff-951a-8f24e1213b58@group-0E53E93CFD0F->5b42674d-a9fa-4183-866d-d0b91026c546-GrpcLogAppender: Leader has not got in touch with Follower e624a09e-d66f-4eff-951a-8f24e1213b58@group-0E53E93CFD0F->5b42674d-a9fa-4183-866d-d0b91026c546(c0,m0,n1, attendVote=true, lastRpcSendTime=1610, lastRpcResponseTime=1609) yet, just keep nextIndex unchanged and retry.
2021-11-14 01:05:41,443 [grpc-default-executor-1] WARN  server.GrpcLogAppender (LogUtils.java:warn(122)) - 8f64935f-b83c-4009-bc32-b4395deb71aa@group-B8A997D08E4F->5b42674d-a9fa-4183-866d-d0b91026c546-AppendLogResponseHandler: Failed appendEntries: org.apache.ratis.thirdparty.io.grpc.StatusRuntimeException: CANCELLED: HTTP/2 error code: CANCEL
Received Rst Stream
2021-11-14 01:05:41,444 [grpc-default-executor-1] WARN  server.GrpcLogAppender (GrpcLogAppender.java:resetClient(110)) - 8f64935f-b83c-4009-bc32-b4395deb71aa@group-B8A997D08E4F->5b42674d-a9fa-4183-866d-d0b91026c546-GrpcLogAppender: Leader has not got in touch with Follower 8f64935f-b83c-4009-bc32-b4395deb71aa@group-B8A997D08E4F->5b42674d-a9fa-4183-866d-d0b91026c546(c0,m0,n1, attendVote=true, lastRpcSendTime=2178, lastRpcResponseTime=2167) yet, just keep nextIndex unchanged and retry.
2021-11-14 01:05:41,485 [Listener at 127.0.0.1/34021] INFO  server.GrpcService (GrpcService.java:closeImpl(271)) - 5b42674d-a9fa-4183-866d-d0b91026c546: shutdown server with port 35089 successfully
2021-11-14 01:05:41,486 [org.apache.ratis.util.JvmPauseMonitor$$Lambda$531/1045442098@4d3c376a] INFO  util.JvmPauseMonitor (JvmPauseMonitor.java:run(109)) - JvmPauseMonitor-5b42674d-a9fa-4183-866d-d0b91026c546: Stopped
2021-11-14 01:05:41,503 [eb0c46e4-5725-4afa-bb96-e719b980f47a@group-083767A110ED-FollowerState] INFO  impl.FollowerState (FollowerState.java:run(134)) - eb0c46e4-5725-4afa-bb96-e719b980f47a@group-083767A110ED-FollowerState: change to CANDIDATE, lastRpcElapsedTime:5118661675ns, electionTimeout:5060ms
2021-11-14 01:05:41,503 [eb0c46e4-5725-4afa-bb96-e719b980f47a@group-083767A110ED-FollowerState] INFO  impl.RoleInfo (RoleInfo.java:shutdownFollowerState(108)) - eb0c46e4-5725-4afa-bb96-e719b980f47a: shutdown eb0c46e4-5725-4afa-bb96-e719b980f47a@group-083767A110ED-FollowerState
2021-11-14 01:05:41,504 [eb0c46e4-5725-4afa-bb96-e719b980f47a@group-083767A110ED-FollowerState] INFO  server.RaftServer$Division (RaftServerImpl.java:setRole(290)) - eb0c46e4-5725-4afa-bb96-e719b980f47a@group-083767A110ED: changes role from  FOLLOWER to CANDIDATE at term 0 for changeToCandidate
2021-11-14 01:05:41,504 [eb0c46e4-5725-4afa-bb96-e719b980f47a@group-083767A110ED-FollowerState] INFO  server.RaftServerConfigKeys (ConfUtils.java:logGet(44)) - raft.server.leaderelection.pre-vote = false (custom)
2021-11-14 01:05:41,504 [eb0c46e4-5725-4afa-bb96-e719b980f47a@group-083767A110ED-FollowerState] INFO  impl.RoleInfo (RoleInfo.java:updateAndGet(130)) - eb0c46e4-5725-4afa-bb96-e719b980f47a: start eb0c46e4-5725-4afa-bb96-e719b980f47a@group-083767A110ED-LeaderElection128
2021-11-14 01:05:41,528 [Listener at 127.0.0.1/34021] INFO  utils.BackgroundService (BackgroundService.java:shutdown(132)) - Shutting down service BlockDeletingService
2021-11-14 01:05:41,531 [32069a0d-f39a-42d5-b706-96b3f478e9d8@group-083767A110ED-FollowerState] INFO  impl.FollowerState (FollowerState.java:run(134)) - 32069a0d-f39a-42d5-b706-96b3f478e9d8@group-083767A110ED-FollowerState: change to CANDIDATE, lastRpcElapsedTime:5066274996ns, electionTimeout:5065ms
2021-11-14 01:05:41,531 [32069a0d-f39a-42d5-b706-96b3f478e9d8@group-083767A110ED-FollowerState] INFO  impl.RoleInfo (RoleInfo.java:shutdownFollowerState(108)) - 32069a0d-f39a-42d5-b706-96b3f478e9d8: shutdown 32069a0d-f39a-42d5-b706-96b3f478e9d8@group-083767A110ED-FollowerState
2021-11-14 01:05:41,531 [32069a0d-f39a-42d5-b706-96b3f478e9d8@group-083767A110ED-FollowerState] INFO  server.RaftServer$Division (RaftServerImpl.java:setRole(290)) - 32069a0d-f39a-42d5-b706-96b3f478e9d8@group-083767A110ED: changes role from  FOLLOWER to CANDIDATE at term 0 for changeToCandidate
2021-11-14 01:05:41,531 [32069a0d-f39a-42d5-b706-96b3f478e9d8@group-083767A110ED-FollowerState] INFO  server.RaftServerConfigKeys (ConfUtils.java:logGet(44)) - raft.server.leaderelection.pre-vote = false (custom)
2021-11-14 01:05:41,531 [32069a0d-f39a-42d5-b706-96b3f478e9d8@group-083767A110ED-FollowerState] INFO  impl.RoleInfo (RoleInfo.java:updateAndGet(130)) - 32069a0d-f39a-42d5-b706-96b3f478e9d8: start 32069a0d-f39a-42d5-b706-96b3f478e9d8@group-083767A110ED-LeaderElection129
2021-11-14 01:05:41,563 [eb0c46e4-5725-4afa-bb96-e719b980f47a@group-083767A110ED-LeaderElection128] INFO  impl.LeaderElection (LeaderElection.java:askForVotes(306)) - eb0c46e4-5725-4afa-bb96-e719b980f47a@group-083767A110ED-LeaderElection128 ELECTION round 0: submit vote requests at term 1 for -1: [32069a0d-f39a-42d5-b706-96b3f478e9d8|rpc:10.1.0.47:43355|priority:1, 42593a4f-89d4-4363-aad7-ee84fdc40b17|rpc:10.1.0.47:38117|priority:0, eb0c46e4-5725-4afa-bb96-e719b980f47a|rpc:10.1.0.47:38135|priority:0], old=null
2021-11-14 01:05:41,564 [32069a0d-f39a-42d5-b706-96b3f478e9d8@group-083767A110ED-LeaderElection129] INFO  impl.LeaderElection (LeaderElection.java:askForVotes(306)) - 32069a0d-f39a-42d5-b706-96b3f478e9d8@group-083767A110ED-LeaderElection129 ELECTION round 0: submit vote requests at term 1 for -1: [32069a0d-f39a-42d5-b706-96b3f478e9d8|rpc:10.1.0.47:43355|dataStream:|priority:1, 42593a4f-89d4-4363-aad7-ee84fdc40b17|rpc:10.1.0.47:38117|dataStream:|priority:0, eb0c46e4-5725-4afa-bb96-e719b980f47a|rpc:10.1.0.47:38135|dataStream:|priority:0], old=null
2021-11-14 01:05:41,569 [grpc-default-executor-2] INFO  server.RaftServer$Division (RaftServerImpl.java:requestVote(1046)) - 42593a4f-89d4-4363-aad7-ee84fdc40b17@group-083767A110ED: receive requestVote(ELECTION, eb0c46e4-5725-4afa-bb96-e719b980f47a, group-083767A110ED, 1, (t:0, i:0))
2021-11-14 01:05:41,569 [grpc-default-executor-2] INFO  impl.VoteContext (VoteContext.java:log(48)) - 42593a4f-89d4-4363-aad7-ee84fdc40b17@group-083767A110ED-FOLLOWER: accept ELECTION from eb0c46e4-5725-4afa-bb96-e719b980f47a: our priority 0 <= candidate's priority 0
2021-11-14 01:05:41,569 [grpc-default-executor-2] INFO  server.RaftServer$Division (RaftServerImpl.java:setRole(290)) - 42593a4f-89d4-4363-aad7-ee84fdc40b17@group-083767A110ED: changes role from  FOLLOWER to FOLLOWER at term 1 for candidate:eb0c46e4-5725-4afa-bb96-e719b980f47a
2021-11-14 01:05:41,569 [grpc-default-executor-2] INFO  impl.RoleInfo (RoleInfo.java:shutdownFollowerState(108)) - 42593a4f-89d4-4363-aad7-ee84fdc40b17: shutdown 42593a4f-89d4-4363-aad7-ee84fdc40b17@group-083767A110ED-FollowerState
2021-11-14 01:05:41,569 [42593a4f-89d4-4363-aad7-ee84fdc40b17@group-083767A110ED-FollowerState] INFO  impl.FollowerState (FollowerState.java:run(143)) - 42593a4f-89d4-4363-aad7-ee84fdc40b17@group-083767A110ED-FollowerState was interrupted: {}
java.lang.InterruptedException: sleep interrupted
	at java.lang.Thread.sleep(Native Method)
	at java.lang.Thread.sleep(Thread.java:340)
	at java.util.concurrent.TimeUnit.sleep(TimeUnit.java:386)
	at org.apache.ratis.util.TimeDuration.sleep(TimeDuration.java:324)
	at org.apache.ratis.util.TimeDuration.sleep(TimeDuration.java:309)
	at org.apache.ratis.server.impl.FollowerState.run(FollowerState.java:118)
2021-11-14 01:05:41,569 [grpc-default-executor-2] INFO  impl.RoleInfo (RoleInfo.java:updateAndGet(130)) - 42593a4f-89d4-4363-aad7-ee84fdc40b17: start 42593a4f-89d4-4363-aad7-ee84fdc40b17@group-083767A110ED-FollowerState
2021-11-14 01:05:41,583 [grpc-default-executor-2] INFO  server.RaftServer$Division (RaftServerImpl.java:requestVote(1078)) - 42593a4f-89d4-4363-aad7-ee84fdc40b17@group-083767A110ED replies to ELECTION vote request: eb0c46e4-5725-4afa-bb96-e719b980f47a<-42593a4f-89d4-4363-aad7-ee84fdc40b17#0:OK-t1. Peer's state: 42593a4f-89d4-4363-aad7-ee84fdc40b17@group-083767A110ED:t1, leader=null, voted=eb0c46e4-5725-4afa-bb96-e719b980f47a, raftlog=42593a4f-89d4-4363-aad7-ee84fdc40b17@group-083767A110ED-SegmentedRaftLog:OPENED:c-1, conf=-1: [32069a0d-f39a-42d5-b706-96b3f478e9d8|rpc:10.1.0.47:43355|dataStream:|priority:1, 42593a4f-89d4-4363-aad7-ee84fdc40b17|rpc:10.1.0.47:38117|dataStream:|priority:0, eb0c46e4-5725-4afa-bb96-e719b980f47a|rpc:10.1.0.47:38135|dataStream:|priority:0], old=null
2021-11-14 01:05:41,693 [grpc-default-executor-1] INFO  server.RaftServer$Division (RaftServerImpl.java:requestVote(1046)) - 42593a4f-89d4-4363-aad7-ee84fdc40b17@group-083767A110ED: receive requestVote(ELECTION, 32069a0d-f39a-42d5-b706-96b3f478e9d8, group-083767A110ED, 1, (t:0, i:0))
2021-11-14 01:05:41,697 [grpc-default-executor-2] INFO  server.RaftServer$Division (RaftServerImpl.java:requestVote(1046)) - 32069a0d-f39a-42d5-b706-96b3f478e9d8@group-083767A110ED: receive requestVote(ELECTION, eb0c46e4-5725-4afa-bb96-e719b980f47a, group-083767A110ED, 1, (t:0, i:0))
2021-11-14 01:05:41,697 [grpc-default-executor-2] INFO  impl.VoteContext (VoteContext.java:log(48)) - 32069a0d-f39a-42d5-b706-96b3f478e9d8@group-083767A110ED-CANDIDATE: reject ELECTION from eb0c46e4-5725-4afa-bb96-e719b980f47a: already has voted for 32069a0d-f39a-42d5-b706-96b3f478e9d8 at current term 1
2021-11-14 01:05:41,697 [grpc-default-executor-2] INFO  server.RaftServer$Division (RaftServerImpl.java:requestVote(1078)) - 32069a0d-f39a-42d5-b706-96b3f478e9d8@group-083767A110ED replies to ELECTION vote request: eb0c46e4-5725-4afa-bb96-e719b980f47a<-32069a0d-f39a-42d5-b706-96b3f478e9d8#0:FAIL-t1. Peer's state: 32069a0d-f39a-42d5-b706-96b3f478e9d8@group-083767A110ED:t1, leader=null, voted=32069a0d-f39a-42d5-b706-96b3f478e9d8, raftlog=32069a0d-f39a-42d5-b706-96b3f478e9d8@group-083767A110ED-SegmentedRaftLog:OPENED:c-1, conf=-1: [32069a0d-f39a-42d5-b706-96b3f478e9d8|rpc:10.1.0.47:43355|dataStream:|priority:1, 42593a4f-89d4-4363-aad7-ee84fdc40b17|rpc:10.1.0.47:38117|dataStream:|priority:0, eb0c46e4-5725-4afa-bb96-e719b980f47a|rpc:10.1.0.47:38135|dataStream:|priority:0], old=null
2021-11-14 01:05:41,705 [grpc-default-executor-1] INFO  impl.VoteContext (VoteContext.java:log(48)) - 42593a4f-89d4-4363-aad7-ee84fdc40b17@group-083767A110ED-FOLLOWER: reject ELECTION from 32069a0d-f39a-42d5-b706-96b3f478e9d8: already has voted for eb0c46e4-5725-4afa-bb96-e719b980f47a at current term 1
2021-11-14 01:05:41,706 [grpc-default-executor-1] INFO  server.RaftServer$Division (RaftServerImpl.java:requestVote(1078)) - 42593a4f-89d4-4363-aad7-ee84fdc40b17@group-083767A110ED replies to ELECTION vote request: 32069a0d-f39a-42d5-b706-96b3f478e9d8<-42593a4f-89d4-4363-aad7-ee84fdc40b17#0:FAIL-t1. Peer's state: 42593a4f-89d4-4363-aad7-ee84fdc40b17@group-083767A110ED:t1, leader=null, voted=eb0c46e4-5725-4afa-bb96-e719b980f47a, raftlog=42593a4f-89d4-4363-aad7-ee84fdc40b17@group-083767A110ED-SegmentedRaftLog:OPENED:c-1, conf=-1: [32069a0d-f39a-42d5-b706-96b3f478e9d8|rpc:10.1.0.47:43355|dataStream:|priority:1, 42593a4f-89d4-4363-aad7-ee84fdc40b17|rpc:10.1.0.47:38117|dataStream:|priority:0, eb0c46e4-5725-4afa-bb96-e719b980f47a|rpc:10.1.0.47:38135|dataStream:|priority:0], old=null
2021-11-14 01:05:41,707 [eb0c46e4-5725-4afa-bb96-e719b980f47a@group-083767A110ED-LeaderElection128] INFO  impl.LeaderElection (LeaderElection.java:logAndReturn(89)) - eb0c46e4-5725-4afa-bb96-e719b980f47a@group-083767A110ED-LeaderElection128: ELECTION REJECTED received 2 response(s) and 0 exception(s):
2021-11-14 01:05:41,707 [eb0c46e4-5725-4afa-bb96-e719b980f47a@group-083767A110ED-LeaderElection128] INFO  impl.LeaderElection (LeaderElection.java:logAndReturn(93)) -   Response 0: eb0c46e4-5725-4afa-bb96-e719b980f47a<-32069a0d-f39a-42d5-b706-96b3f478e9d8#0:FAIL-t1
2021-11-14 01:05:41,707 [eb0c46e4-5725-4afa-bb96-e719b980f47a@group-083767A110ED-LeaderElection128] INFO  impl.LeaderElection (LeaderElection.java:logAndReturn(93)) -   Response 1: eb0c46e4-5725-4afa-bb96-e719b980f47a<-42593a4f-89d4-4363-aad7-ee84fdc40b17#0:OK-t1
2021-11-14 01:05:41,707 [eb0c46e4-5725-4afa-bb96-e719b980f47a@group-083767A110ED-LeaderElection128] INFO  impl.LeaderElection (LeaderElection.java:askForVotes(308)) - eb0c46e4-5725-4afa-bb96-e719b980f47a@group-083767A110ED-LeaderElection128 ELECTION round 0: result REJECTED
2021-11-14 01:05:41,707 [eb0c46e4-5725-4afa-bb96-e719b980f47a@group-083767A110ED-LeaderElection128] INFO  server.RaftServer$Division (RaftServerImpl.java:setRole(290)) - eb0c46e4-5725-4afa-bb96-e719b980f47a@group-083767A110ED: changes role from CANDIDATE to FOLLOWER at term 1 for REJECTED
2021-11-14 01:05:41,707 [eb0c46e4-5725-4afa-bb96-e719b980f47a@group-083767A110ED-LeaderElection128] INFO  impl.RoleInfo (RoleInfo.java:shutdownLeaderElection(121)) - eb0c46e4-5725-4afa-bb96-e719b980f47a: shutdown eb0c46e4-5725-4afa-bb96-e719b980f47a@group-083767A110ED-LeaderElection128
2021-11-14 01:05:41,707 [eb0c46e4-5725-4afa-bb96-e719b980f47a@group-083767A110ED-LeaderElection128] INFO  impl.RoleInfo (RoleInfo.java:updateAndGet(130)) - eb0c46e4-5725-4afa-bb96-e719b980f47a: start eb0c46e4-5725-4afa-bb96-e719b980f47a@group-083767A110ED-FollowerState
2021-11-14 01:05:41,708 [grpc-default-executor-1] INFO  server.RaftServer$Division (RaftServerImpl.java:requestVote(1046)) - eb0c46e4-5725-4afa-bb96-e719b980f47a@group-083767A110ED: receive requestVote(ELECTION, 32069a0d-f39a-42d5-b706-96b3f478e9d8, group-083767A110ED, 1, (t:0, i:0))
2021-11-14 01:05:41,720 [grpc-default-executor-1] INFO  impl.VoteContext (VoteContext.java:log(48)) - eb0c46e4-5725-4afa-bb96-e719b980f47a@group-083767A110ED-FOLLOWER: reject ELECTION from 32069a0d-f39a-42d5-b706-96b3f478e9d8: already has voted for eb0c46e4-5725-4afa-bb96-e719b980f47a at current term 1
2021-11-14 01:05:41,720 [grpc-default-executor-1] INFO  server.RaftServer$Division (RaftServerImpl.java:requestVote(1078)) - eb0c46e4-5725-4afa-bb96-e719b980f47a@group-083767A110ED replies to ELECTION vote request: 32069a0d-f39a-42d5-b706-96b3f478e9d8<-eb0c46e4-5725-4afa-bb96-e719b980f47a#0:FAIL-t1. Peer's state: eb0c46e4-5725-4afa-bb96-e719b980f47a@group-083767A110ED:t1, leader=null, voted=eb0c46e4-5725-4afa-bb96-e719b980f47a, raftlog=eb0c46e4-5725-4afa-bb96-e719b980f47a@group-083767A110ED-SegmentedRaftLog:OPENED:c-1, conf=-1: [32069a0d-f39a-42d5-b706-96b3f478e9d8|rpc:10.1.0.47:43355|priority:1, 42593a4f-89d4-4363-aad7-ee84fdc40b17|rpc:10.1.0.47:38117|priority:0, eb0c46e4-5725-4afa-bb96-e719b980f47a|rpc:10.1.0.47:38135|priority:0], old=null
2021-11-14 01:05:41,730 [32069a0d-f39a-42d5-b706-96b3f478e9d8@group-083767A110ED-LeaderElection129] INFO  impl.LeaderElection (LeaderElection.java:logAndReturn(89)) - 32069a0d-f39a-42d5-b706-96b3f478e9d8@group-083767A110ED-LeaderElection129: ELECTION REJECTED received 2 response(s) and 0 exception(s):
2021-11-14 01:05:41,730 [32069a0d-f39a-42d5-b706-96b3f478e9d8@group-083767A110ED-LeaderElection129] INFO  impl.LeaderElection (LeaderElection.java:logAndReturn(93)) -   Response 0: 32069a0d-f39a-42d5-b706-96b3f478e9d8<-42593a4f-89d4-4363-aad7-ee84fdc40b17#0:FAIL-t1
2021-11-14 01:05:41,730 [32069a0d-f39a-42d5-b706-96b3f478e9d8@group-083767A110ED-LeaderElection129] INFO  impl.LeaderElection (LeaderElection.java:logAndReturn(93)) -   Response 1: 32069a0d-f39a-42d5-b706-96b3f478e9d8<-eb0c46e4-5725-4afa-bb96-e719b980f47a#0:FAIL-t1
2021-11-14 01:05:41,730 [32069a0d-f39a-42d5-b706-96b3f478e9d8@group-083767A110ED-LeaderElection129] INFO  impl.LeaderElection (LeaderElection.java:askForVotes(308)) - 32069a0d-f39a-42d5-b706-96b3f478e9d8@group-083767A110ED-LeaderElection129 ELECTION round 0: result REJECTED
2021-11-14 01:05:41,730 [32069a0d-f39a-42d5-b706-96b3f478e9d8@group-083767A110ED-LeaderElection129] INFO  server.RaftServer$Division (RaftServerImpl.java:setRole(290)) - 32069a0d-f39a-42d5-b706-96b3f478e9d8@group-083767A110ED: changes role from CANDIDATE to FOLLOWER at term 1 for REJECTED
2021-11-14 01:05:41,730 [32069a0d-f39a-42d5-b706-96b3f478e9d8@group-083767A110ED-LeaderElection129] INFO  impl.RoleInfo (RoleInfo.java:shutdownLeaderElection(121)) - 32069a0d-f39a-42d5-b706-96b3f478e9d8: shutdown 32069a0d-f39a-42d5-b706-96b3f478e9d8@group-083767A110ED-LeaderElection129
2021-11-14 01:05:41,730 [32069a0d-f39a-42d5-b706-96b3f478e9d8@group-083767A110ED-LeaderElection129] INFO  impl.RoleInfo (RoleInfo.java:updateAndGet(130)) - 32069a0d-f39a-42d5-b706-96b3f478e9d8: start 32069a0d-f39a-42d5-b706-96b3f478e9d8@group-083767A110ED-FollowerState
2021-11-14 01:05:41,784 [grpc-default-executor-1] WARN  server.GrpcLogAppender (LogUtils.java:warn(122)) - 8f64935f-b83c-4009-bc32-b4395deb71aa@group-B8A997D08E4F->5b42674d-a9fa-4183-866d-d0b91026c546-AppendLogResponseHandler: Failed appendEntries: org.apache.ratis.thirdparty.io.grpc.StatusRuntimeException: UNAVAILABLE: io exception
2021-11-14 01:05:41,785 [grpc-default-executor-1] WARN  server.GrpcLogAppender (GrpcLogAppender.java:resetClient(110)) - 8f64935f-b83c-4009-bc32-b4395deb71aa@group-B8A997D08E4F->5b42674d-a9fa-4183-866d-d0b91026c546-GrpcLogAppender: Leader has not got in touch with Follower 8f64935f-b83c-4009-bc32-b4395deb71aa@group-B8A997D08E4F->5b42674d-a9fa-4183-866d-d0b91026c546(c0,m0,n1, attendVote=true, lastRpcSendTime=2519, lastRpcResponseTime=2509) yet, just keep nextIndex unchanged and retry.
2021-11-14 01:05:41,902 [eb0c46e4-5725-4afa-bb96-e719b980f47a@group-06F4125447C4-FollowerState] INFO  impl.FollowerState (FollowerState.java:run(134)) - eb0c46e4-5725-4afa-bb96-e719b980f47a@group-06F4125447C4-FollowerState: change to CANDIDATE, lastRpcElapsedTime:5036537894ns, electionTimeout:5018ms
2021-11-14 01:05:41,902 [eb0c46e4-5725-4afa-bb96-e719b980f47a@group-06F4125447C4-FollowerState] INFO  impl.RoleInfo (RoleInfo.java:shutdownFollowerState(108)) - eb0c46e4-5725-4afa-bb96-e719b980f47a: shutdown eb0c46e4-5725-4afa-bb96-e719b980f47a@group-06F4125447C4-FollowerState
2021-11-14 01:05:41,902 [eb0c46e4-5725-4afa-bb96-e719b980f47a@group-06F4125447C4-FollowerState] INFO  server.RaftServer$Division (RaftServerImpl.java:setRole(290)) - eb0c46e4-5725-4afa-bb96-e719b980f47a@group-06F4125447C4: changes role from  FOLLOWER to CANDIDATE at term 0 for changeToCandidate
2021-11-14 01:05:41,921 [eb0c46e4-5725-4afa-bb96-e719b980f47a@group-06F4125447C4-FollowerState] INFO  server.RaftServerConfigKeys (ConfUtils.java:logGet(44)) - raft.server.leaderelection.pre-vote = false (custom)
2021-11-14 01:05:41,921 [eb0c46e4-5725-4afa-bb96-e719b980f47a@group-06F4125447C4-FollowerState] INFO  impl.RoleInfo (RoleInfo.java:updateAndGet(130)) - eb0c46e4-5725-4afa-bb96-e719b980f47a: start eb0c46e4-5725-4afa-bb96-e719b980f47a@group-06F4125447C4-LeaderElection130
2021-11-14 01:05:41,950 [eb0c46e4-5725-4afa-bb96-e719b980f47a@group-06F4125447C4-LeaderElection130] INFO  impl.LeaderElection (LeaderElection.java:askForVotes(306)) - eb0c46e4-5725-4afa-bb96-e719b980f47a@group-06F4125447C4-LeaderElection130 ELECTION round 0: submit vote requests at term 1 for -1: [a5432c49-5461-405d-b7d7-37e5c225d9bf|rpc:10.1.0.47:33007|priority:0, 32069a0d-f39a-42d5-b706-96b3f478e9d8|rpc:10.1.0.47:43355|priority:0, eb0c46e4-5725-4afa-bb96-e719b980f47a|rpc:10.1.0.47:38135|priority:1], old=null
2021-11-14 01:05:42,017 [eb0c46e4-5725-4afa-bb96-e719b980f47a@group-06F4125447C4-LeaderElection130] INFO  impl.LeaderElection (LogUtils.java:infoOrTrace(137)) - eb0c46e4-5725-4afa-bb96-e719b980f47a@group-06F4125447C4-LeaderElection130 got exception when requesting votes: java.util.concurrent.ExecutionException: org.apache.ratis.thirdparty.io.grpc.StatusRuntimeException: UNAVAILABLE: io exception
2021-11-14 01:05:42,023 [32069a0d-f39a-42d5-b706-96b3f478e9d8@group-06F4125447C4-FollowerState] INFO  impl.FollowerState (FollowerState.java:run(134)) - 32069a0d-f39a-42d5-b706-96b3f478e9d8@group-06F4125447C4-FollowerState: change to CANDIDATE, lastRpcElapsedTime:5172668972ns, electionTimeout:5162ms
2021-11-14 01:05:42,023 [32069a0d-f39a-42d5-b706-96b3f478e9d8@group-06F4125447C4-FollowerState] INFO  impl.RoleInfo (RoleInfo.java:shutdownFollowerState(108)) - 32069a0d-f39a-42d5-b706-96b3f478e9d8: shutdown 32069a0d-f39a-42d5-b706-96b3f478e9d8@group-06F4125447C4-FollowerState
2021-11-14 01:05:42,024 [32069a0d-f39a-42d5-b706-96b3f478e9d8@group-06F4125447C4-FollowerState] INFO  server.RaftServer$Division (RaftServerImpl.java:setRole(290)) - 32069a0d-f39a-42d5-b706-96b3f478e9d8@group-06F4125447C4: changes role from  FOLLOWER to CANDIDATE at term 0 for changeToCandidate
2021-11-14 01:05:42,024 [32069a0d-f39a-42d5-b706-96b3f478e9d8@group-06F4125447C4-FollowerState] INFO  server.RaftServerConfigKeys (ConfUtils.java:logGet(44)) - raft.server.leaderelection.pre-vote = false (custom)
2021-11-14 01:05:42,024 [32069a0d-f39a-42d5-b706-96b3f478e9d8@group-06F4125447C4-FollowerState] INFO  impl.RoleInfo (RoleInfo.java:updateAndGet(130)) - 32069a0d-f39a-42d5-b706-96b3f478e9d8: start 32069a0d-f39a-42d5-b706-96b3f478e9d8@group-06F4125447C4-LeaderElection131
2021-11-14 01:05:42,025 [grpc-default-executor-1] INFO  server.RaftServer$Division (RaftServerImpl.java:requestVote(1046)) - 32069a0d-f39a-42d5-b706-96b3f478e9d8@group-06F4125447C4: receive requestVote(ELECTION, eb0c46e4-5725-4afa-bb96-e719b980f47a, group-06F4125447C4, 1, (t:0, i:0))
2021-11-14 01:05:42,050 [grpc-default-executor-1] INFO  impl.VoteContext (VoteContext.java:log(48)) - 32069a0d-f39a-42d5-b706-96b3f478e9d8@group-06F4125447C4-CANDIDATE: accept ELECTION from eb0c46e4-5725-4afa-bb96-e719b980f47a: our priority 0 <= candidate's priority 1
2021-11-14 01:05:42,050 [grpc-default-executor-1] INFO  server.RaftServer$Division (RaftServerImpl.java:setRole(290)) - 32069a0d-f39a-42d5-b706-96b3f478e9d8@group-06F4125447C4: changes role from CANDIDATE to FOLLOWER at term 1 for candidate:eb0c46e4-5725-4afa-bb96-e719b980f47a
2021-11-14 01:05:42,050 [grpc-default-executor-1] INFO  impl.RoleInfo (RoleInfo.java:shutdownLeaderElection(121)) - 32069a0d-f39a-42d5-b706-96b3f478e9d8: shutdown 32069a0d-f39a-42d5-b706-96b3f478e9d8@group-06F4125447C4-LeaderElection131
2021-11-14 01:05:42,050 [grpc-default-executor-1] INFO  impl.RoleInfo (RoleInfo.java:updateAndGet(130)) - 32069a0d-f39a-42d5-b706-96b3f478e9d8: start 32069a0d-f39a-42d5-b706-96b3f478e9d8@group-06F4125447C4-FollowerState
2021-11-14 01:05:42,090 [grpc-default-executor-1] INFO  server.RaftServer$Division (RaftServerImpl.java:requestVote(1078)) - 32069a0d-f39a-42d5-b706-96b3f478e9d8@group-06F4125447C4 replies to ELECTION vote request: eb0c46e4-5725-4afa-bb96-e719b980f47a<-32069a0d-f39a-42d5-b706-96b3f478e9d8#0:OK-t1. Peer's state: 32069a0d-f39a-42d5-b706-96b3f478e9d8@group-06F4125447C4:t1, leader=null, voted=eb0c46e4-5725-4afa-bb96-e719b980f47a, raftlog=32069a0d-f39a-42d5-b706-96b3f478e9d8@group-06F4125447C4-SegmentedRaftLog:OPENED:c-1, conf=-1: [a5432c49-5461-405d-b7d7-37e5c225d9bf|rpc:10.1.0.47:33007|priority:0, 32069a0d-f39a-42d5-b706-96b3f478e9d8|rpc:10.1.0.47:43355|priority:0, eb0c46e4-5725-4afa-bb96-e719b980f47a|rpc:10.1.0.47:38135|priority:1], old=null
2021-11-14 01:05:42,101 [32069a0d-f39a-42d5-b706-96b3f478e9d8@group-06F4125447C4-LeaderElection131] INFO  impl.LeaderElection (LeaderElection.java:run(230)) - 32069a0d-f39a-42d5-b706-96b3f478e9d8@group-06F4125447C4-LeaderElection131: skip running since this is already CLOSING
2021-11-14 01:05:42,101 [eb0c46e4-5725-4afa-bb96-e719b980f47a@group-06F4125447C4-LeaderElection130] INFO  impl.LeaderElection (LeaderElection.java:logAndReturn(89)) - eb0c46e4-5725-4afa-bb96-e719b980f47a@group-06F4125447C4-LeaderElection130: ELECTION PASSED received 1 response(s) and 1 exception(s):
2021-11-14 01:05:42,101 [eb0c46e4-5725-4afa-bb96-e719b980f47a@group-06F4125447C4-LeaderElection130] INFO  impl.LeaderElection (LeaderElection.java:logAndReturn(93)) -   Response 0: eb0c46e4-5725-4afa-bb96-e719b980f47a<-32069a0d-f39a-42d5-b706-96b3f478e9d8#0:OK-t1
2021-11-14 01:05:42,101 [eb0c46e4-5725-4afa-bb96-e719b980f47a@group-06F4125447C4-LeaderElection130] INFO  impl.LeaderElection (LogUtils.java:infoOrTrace(137)) -   Exception 1: java.util.concurrent.ExecutionException: org.apache.ratis.thirdparty.io.grpc.StatusRuntimeException: UNAVAILABLE: io exception
2021-11-14 01:05:42,101 [eb0c46e4-5725-4afa-bb96-e719b980f47a@group-06F4125447C4-LeaderElection130] INFO  impl.LeaderElection (LeaderElection.java:askForVotes(308)) - eb0c46e4-5725-4afa-bb96-e719b980f47a@group-06F4125447C4-LeaderElection130 ELECTION round 0: result PASSED
2021-11-14 01:05:42,102 [eb0c46e4-5725-4afa-bb96-e719b980f47a@group-06F4125447C4-LeaderElection130] INFO  impl.RoleInfo (RoleInfo.java:shutdownLeaderElection(121)) - eb0c46e4-5725-4afa-bb96-e719b980f47a: shutdown eb0c46e4-5725-4afa-bb96-e719b980f47a@group-06F4125447C4-LeaderElection130
2021-11-14 01:05:42,102 [eb0c46e4-5725-4afa-bb96-e719b980f47a@group-06F4125447C4-LeaderElection130] INFO  server.RaftServer$Division (RaftServerImpl.java:setRole(290)) - eb0c46e4-5725-4afa-bb96-e719b980f47a@group-06F4125447C4: changes role from CANDIDATE to LEADER at term 1 for changeToLeader
2021-11-14 01:05:42,102 [eb0c46e4-5725-4afa-bb96-e719b980f47a@group-06F4125447C4-LeaderElection130] INFO  ratis.XceiverServerRatis (XceiverServerRatis.java:handleLeaderChangedNotification(866)) - Leader change notification received for group: group-06F4125447C4 with new leaderId: eb0c46e4-5725-4afa-bb96-e719b980f47a
2021-11-14 01:05:42,102 [eb0c46e4-5725-4afa-bb96-e719b980f47a@group-06F4125447C4-LeaderElection130] INFO  server.RaftServer$Division (ServerState.java:setLeader(285)) - eb0c46e4-5725-4afa-bb96-e719b980f47a@group-06F4125447C4: change Leader from null to eb0c46e4-5725-4afa-bb96-e719b980f47a at term 1 for becomeLeader, leader elected after 5288ms
2021-11-14 01:05:42,102 [eb0c46e4-5725-4afa-bb96-e719b980f47a@group-06F4125447C4-LeaderElection130] INFO  server.RaftServerConfigKeys (ConfUtils.java:logGet(44)) - raft.server.staging.catchup.gap = 1000 (default)
2021-11-14 01:05:42,102 [eb0c46e4-5725-4afa-bb96-e719b980f47a@group-06F4125447C4-LeaderElection130] INFO  server.RaftServerConfigKeys (ConfUtils.java:logGet(44)) - raft.server.write.element-limit = 1024 (custom)
2021-11-14 01:05:42,102 [eb0c46e4-5725-4afa-bb96-e719b980f47a@group-06F4125447C4-LeaderElection130] INFO  server.RaftServerConfigKeys (ConfUtils.java:logGet(44)) - raft.server.write.byte-limit = 1024 M (=1073741824) (custom)
2021-11-14 01:05:42,103 [eb0c46e4-5725-4afa-bb96-e719b980f47a@group-06F4125447C4-LeaderElection130] INFO  server.RaftServerConfigKeys (ConfUtils.java:logGet(44)) - raft.server.watch.timeout = 3000ms (custom)
2021-11-14 01:05:42,103 [eb0c46e4-5725-4afa-bb96-e719b980f47a@group-06F4125447C4-LeaderElection130] INFO  server.RaftServerConfigKeys (ConfUtils.java:logGet(44)) - raft.server.watch.timeout.denomination = 1s (default)
2021-11-14 01:05:42,103 [eb0c46e4-5725-4afa-bb96-e719b980f47a@group-06F4125447C4-LeaderElection130] INFO  server.RaftServerConfigKeys (ConfUtils.java:logGet(44)) - raft.server.watch.element-limit = 65536 (default)
2021-11-14 01:05:42,103 [eb0c46e4-5725-4afa-bb96-e719b980f47a@group-06F4125447C4-LeaderElection130] INFO  server.RaftServerConfigKeys (ConfUtils.java:logGet(44)) - raft.server.write.element-limit = 1024 (custom)
2021-11-14 01:05:42,103 [eb0c46e4-5725-4afa-bb96-e719b980f47a@group-06F4125447C4-LeaderElection130] INFO  server.RaftServerConfigKeys (ConfUtils.java:logGet(44)) - raft.server.write.follower.gap.ratio.max = -1.0 (default)
2021-11-14 01:05:42,103 [eb0c46e4-5725-4afa-bb96-e719b980f47a@group-06F4125447C4-LeaderElection130] INFO  server.RaftServerConfigKeys (ConfUtils.java:logGet(44)) - raft.server.log.appender.snapshot.chunk.size.max = 16MB (=16777216) (default)
2021-11-14 01:05:42,103 [eb0c46e4-5725-4afa-bb96-e719b980f47a@group-06F4125447C4-LeaderElection130] INFO  server.RaftServerConfigKeys (ConfUtils.java:logGet(44)) - raft.server.log.appender.buffer.byte-limit = 33554432 (custom)
2021-11-14 01:05:42,103 [eb0c46e4-5725-4afa-bb96-e719b980f47a@group-06F4125447C4-LeaderElection130] INFO  server.RaftServerConfigKeys (ConfUtils.java:logGet(44)) - raft.server.log.appender.buffer.element-limit = 1 (custom)
2021-11-14 01:05:42,103 [eb0c46e4-5725-4afa-bb96-e719b980f47a@group-06F4125447C4-LeaderElection130] INFO  grpc.GrpcConfigKeys (ConfUtils.java:logGet(44)) - raft.grpc.server.leader.outstanding.appends.max = 128 (default)
2021-11-14 01:05:42,103 [eb0c46e4-5725-4afa-bb96-e719b980f47a@group-06F4125447C4-LeaderElection130] INFO  server.RaftServerConfigKeys (ConfUtils.java:logGet(44)) - raft.server.rpc.request.timeout = 3000ms (default)
2021-11-14 01:05:42,103 [eb0c46e4-5725-4afa-bb96-e719b980f47a@group-06F4125447C4-LeaderElection130] INFO  server.RaftServerConfigKeys (ConfUtils.java:logGet(44)) - raft.server.log.appender.install.snapshot.enabled = false (custom)
2021-11-14 01:05:42,104 [eb0c46e4-5725-4afa-bb96-e719b980f47a@group-06F4125447C4-LeaderElection130] INFO  server.RaftServerConfigKeys (ConfUtils.java:logGet(44)) - raft.server.log.appender.snapshot.chunk.size.max = 16MB (=16777216) (default)
2021-11-14 01:05:42,105 [eb0c46e4-5725-4afa-bb96-e719b980f47a@group-06F4125447C4-LeaderElection130] INFO  server.RaftServerConfigKeys (ConfUtils.java:logGet(44)) - raft.server.log.appender.buffer.byte-limit = 33554432 (custom)
2021-11-14 01:05:42,105 [eb0c46e4-5725-4afa-bb96-e719b980f47a@group-06F4125447C4-LeaderElection130] INFO  server.RaftServerConfigKeys (ConfUtils.java:logGet(44)) - raft.server.log.appender.buffer.element-limit = 1 (custom)
2021-11-14 01:05:42,105 [eb0c46e4-5725-4afa-bb96-e719b980f47a@group-06F4125447C4-LeaderElection130] INFO  grpc.GrpcConfigKeys (ConfUtils.java:logGet(44)) - raft.grpc.server.leader.outstanding.appends.max = 128 (default)
2021-11-14 01:05:42,105 [eb0c46e4-5725-4afa-bb96-e719b980f47a@group-06F4125447C4-LeaderElection130] INFO  server.RaftServerConfigKeys (ConfUtils.java:logGet(44)) - raft.server.rpc.request.timeout = 3000ms (default)
2021-11-14 01:05:42,105 [eb0c46e4-5725-4afa-bb96-e719b980f47a@group-06F4125447C4-LeaderElection130] INFO  server.RaftServerConfigKeys (ConfUtils.java:logGet(44)) - raft.server.log.appender.install.snapshot.enabled = false (custom)
2021-11-14 01:05:42,108 [eb0c46e4-5725-4afa-bb96-e719b980f47a@group-06F4125447C4-LeaderElection130] INFO  impl.RoleInfo (RoleInfo.java:updateAndGet(130)) - eb0c46e4-5725-4afa-bb96-e719b980f47a: start eb0c46e4-5725-4afa-bb96-e719b980f47a@group-06F4125447C4-LeaderStateImpl
2021-11-14 01:05:42,110 [eb0c46e4-5725-4afa-bb96-e719b980f47a@group-06F4125447C4-LeaderElection130] INFO  segmented.SegmentedRaftLogWorker (SegmentedRaftLogWorker.java:startLogSegment(394)) - eb0c46e4-5725-4afa-bb96-e719b980f47a@group-06F4125447C4-SegmentedRaftLogWorker: Starting segment from index:0
2021-11-14 01:05:42,117 [eb0c46e4-5725-4afa-bb96-e719b980f47a@group-06F4125447C4-SegmentedRaftLogWorker] INFO  segmented.SegmentedRaftLogWorker (SegmentedRaftLogWorker.java:execute(601)) - eb0c46e4-5725-4afa-bb96-e719b980f47a@group-06F4125447C4-SegmentedRaftLogWorker: created new log segment /home/runner/work/ozone/ozone/hadoop-ozone/integration-test/target/test-dir/MiniOzoneClusterImpl-5b6cbd2a-2976-43bc-8d1c-e3ca86cddeeb/datanode-6/data/ratis/5db15519-d160-414d-8fcd-06f4125447c4/current/log_inprogress_0
2021-11-14 01:05:42,180 [grpc-default-executor-1] INFO  ratis.XceiverServerRatis (XceiverServerRatis.java:handleLeaderChangedNotification(866)) - Leader change notification received for group: group-06F4125447C4 with new leaderId: eb0c46e4-5725-4afa-bb96-e719b980f47a
2021-11-14 01:05:42,180 [grpc-default-executor-1] INFO  server.RaftServer$Division (ServerState.java:setLeader(285)) - 32069a0d-f39a-42d5-b706-96b3f478e9d8@group-06F4125447C4: change Leader from null to eb0c46e4-5725-4afa-bb96-e719b980f47a at term 1 for appendEntries, leader elected after 5362ms
2021-11-14 01:05:42,191 [grpc-default-executor-2] WARN  server.GrpcLogAppender (LogUtils.java:warn(122)) - eb0c46e4-5725-4afa-bb96-e719b980f47a@group-06F4125447C4->a5432c49-5461-405d-b7d7-37e5c225d9bf-AppendLogResponseHandler: Failed appendEntries: org.apache.ratis.thirdparty.io.grpc.StatusRuntimeException: UNAVAILABLE: io exception
2021-11-14 01:05:42,192 [grpc-default-executor-2] WARN  server.GrpcLogAppender (GrpcLogAppender.java:resetClient(110)) - eb0c46e4-5725-4afa-bb96-e719b980f47a@group-06F4125447C4->a5432c49-5461-405d-b7d7-37e5c225d9bf-GrpcLogAppender: Leader has not got in touch with Follower eb0c46e4-5725-4afa-bb96-e719b980f47a@group-06F4125447C4->a5432c49-5461-405d-b7d7-37e5c225d9bf(c-1,m0,n0, attendVote=true, lastRpcSendTime=5289, lastRpcResponseTime=5289) yet, just keep nextIndex unchanged and retry.
2021-11-14 01:05:42,199 [eb0c46e4-5725-4afa-bb96-e719b980f47a@group-06F4125447C4-LeaderElection130] INFO  server.RaftServer$Division (ServerState.java:setRaftConf(387)) - eb0c46e4-5725-4afa-bb96-e719b980f47a@group-06F4125447C4: set configuration 0: [a5432c49-5461-405d-b7d7-37e5c225d9bf|rpc:10.1.0.47:33007|dataStream:|priority:0, 32069a0d-f39a-42d5-b706-96b3f478e9d8|rpc:10.1.0.47:43355|dataStream:|priority:0, eb0c46e4-5725-4afa-bb96-e719b980f47a|rpc:10.1.0.47:38135|dataStream:|priority:1], old=null
2021-11-14 01:05:42,247 [grpc-default-executor-2] WARN  server.GrpcLogAppender (LogUtils.java:warn(122)) - eb0c46e4-5725-4afa-bb96-e719b980f47a@group-06F4125447C4->a5432c49-5461-405d-b7d7-37e5c225d9bf-AppendLogResponseHandler: Failed appendEntries: org.apache.ratis.thirdparty.io.grpc.StatusRuntimeException: UNAVAILABLE: io exception
2021-11-14 01:05:42,251 [grpc-default-executor-2] WARN  server.GrpcLogAppender (GrpcLogAppender.java:resetClient(110)) - eb0c46e4-5725-4afa-bb96-e719b980f47a@group-06F4125447C4->a5432c49-5461-405d-b7d7-37e5c225d9bf-GrpcLogAppender: Leader has not got in touch with Follower eb0c46e4-5725-4afa-bb96-e719b980f47a@group-06F4125447C4->a5432c49-5461-405d-b7d7-37e5c225d9bf(c-1,m0,n1, attendVote=true, lastRpcSendTime=3, lastRpcResponseTime=5348) yet, just keep nextIndex unchanged and retry.
2021-11-14 01:05:42,252 [grpc-default-executor-1] INFO  server.RaftServer$Division (ServerState.java:setRaftConf(387)) - 32069a0d-f39a-42d5-b706-96b3f478e9d8@group-06F4125447C4: set configuration 0: [a5432c49-5461-405d-b7d7-37e5c225d9bf|rpc:10.1.0.47:33007|dataStream:|priority:0, 32069a0d-f39a-42d5-b706-96b3f478e9d8|rpc:10.1.0.47:43355|dataStream:|priority:0, eb0c46e4-5725-4afa-bb96-e719b980f47a|rpc:10.1.0.47:38135|dataStream:|priority:1], old=null
2021-11-14 01:05:42,253 [grpc-default-executor-1] INFO  segmented.SegmentedRaftLogWorker (SegmentedRaftLogWorker.java:startLogSegment(394)) - 32069a0d-f39a-42d5-b706-96b3f478e9d8@group-06F4125447C4-SegmentedRaftLogWorker: Starting segment from index:0
2021-11-14 01:05:42,254 [32069a0d-f39a-42d5-b706-96b3f478e9d8@group-06F4125447C4-SegmentedRaftLogWorker] INFO  segmented.SegmentedRaftLogWorker (SegmentedRaftLogWorker.java:execute(601)) - 32069a0d-f39a-42d5-b706-96b3f478e9d8@group-06F4125447C4-SegmentedRaftLogWorker: created new log segment /home/runner/work/ozone/ozone/hadoop-ozone/integration-test/target/test-dir/MiniOzoneClusterImpl-5b6cbd2a-2976-43bc-8d1c-e3ca86cddeeb/datanode-0/data/ratis/5db15519-d160-414d-8fcd-06f4125447c4/current/log_inprogress_0
2021-11-14 01:05:42,351 [grpc-default-executor-1] WARN  server.GrpcLogAppender (LogUtils.java:warn(122)) - e624a09e-d66f-4eff-951a-8f24e1213b58@group-0E53E93CFD0F->5b42674d-a9fa-4183-866d-d0b91026c546-AppendLogResponseHandler: Failed appendEntries: org.apache.ratis.thirdparty.io.grpc.StatusRuntimeException: UNAVAILABLE: io exception
2021-11-14 01:05:42,351 [grpc-default-executor-1] WARN  server.GrpcLogAppender (GrpcLogAppender.java:resetClient(110)) - e624a09e-d66f-4eff-951a-8f24e1213b58@group-0E53E93CFD0F->5b42674d-a9fa-4183-866d-d0b91026c546-GrpcLogAppender: Leader has not got in touch with Follower e624a09e-d66f-4eff-951a-8f24e1213b58@group-0E53E93CFD0F->5b42674d-a9fa-4183-866d-d0b91026c546(c0,m0,n1, attendVote=true, lastRpcSendTime=2528, lastRpcResponseTime=2527) yet, just keep nextIndex unchanged and retry.
2021-11-14 01:05:42,400 [32069a0d-f39a-42d5-b706-96b3f478e9d8@group-CAA489D3CFE4-FollowerState] INFO  impl.FollowerState (FollowerState.java:run(134)) - 32069a0d-f39a-42d5-b706-96b3f478e9d8@group-CAA489D3CFE4-FollowerState: change to CANDIDATE, lastRpcElapsedTime:5131021743ns, electionTimeout:5129ms
2021-11-14 01:05:42,400 [32069a0d-f39a-42d5-b706-96b3f478e9d8@group-CAA489D3CFE4-FollowerState] INFO  impl.RoleInfo (RoleInfo.java:shutdownFollowerState(108)) - 32069a0d-f39a-42d5-b706-96b3f478e9d8: shutdown 32069a0d-f39a-42d5-b706-96b3f478e9d8@group-CAA489D3CFE4-FollowerState
2021-11-14 01:05:42,400 [32069a0d-f39a-42d5-b706-96b3f478e9d8@group-CAA489D3CFE4-FollowerState] INFO  server.RaftServer$Division (RaftServerImpl.java:setRole(290)) - 32069a0d-f39a-42d5-b706-96b3f478e9d8@group-CAA489D3CFE4: changes role from  FOLLOWER to CANDIDATE at term 0 for changeToCandidate
2021-11-14 01:05:42,400 [32069a0d-f39a-42d5-b706-96b3f478e9d8@group-CAA489D3CFE4-FollowerState] INFO  server.RaftServerConfigKeys (ConfUtils.java:logGet(44)) - raft.server.leaderelection.pre-vote = false (custom)
2021-11-14 01:05:42,400 [32069a0d-f39a-42d5-b706-96b3f478e9d8@group-CAA489D3CFE4-FollowerState] INFO  impl.RoleInfo (RoleInfo.java:updateAndGet(130)) - 32069a0d-f39a-42d5-b706-96b3f478e9d8: start 32069a0d-f39a-42d5-b706-96b3f478e9d8@group-CAA489D3CFE4-LeaderElection132
2021-11-14 01:05:42,430 [42593a4f-89d4-4363-aad7-ee84fdc40b17@group-CAA489D3CFE4-FollowerState] INFO  impl.FollowerState (FollowerState.java:run(134)) - 42593a4f-89d4-4363-aad7-ee84fdc40b17@group-CAA489D3CFE4-FollowerState: change to CANDIDATE, lastRpcElapsedTime:5035238126ns, electionTimeout:5033ms
2021-11-14 01:05:42,430 [42593a4f-89d4-4363-aad7-ee84fdc40b17@group-CAA489D3CFE4-FollowerState] INFO  impl.RoleInfo (RoleInfo.java:shutdownFollowerState(108)) - 42593a4f-89d4-4363-aad7-ee84fdc40b17: shutdown 42593a4f-89d4-4363-aad7-ee84fdc40b17@group-CAA489D3CFE4-FollowerState
2021-11-14 01:05:42,430 [42593a4f-89d4-4363-aad7-ee84fdc40b17@group-CAA489D3CFE4-FollowerState] INFO  server.RaftServer$Division (RaftServerImpl.java:setRole(290)) - 42593a4f-89d4-4363-aad7-ee84fdc40b17@group-CAA489D3CFE4: changes role from  FOLLOWER to CANDIDATE at term 0 for changeToCandidate
2021-11-14 01:05:42,431 [42593a4f-89d4-4363-aad7-ee84fdc40b17@group-CAA489D3CFE4-FollowerState] INFO  server.RaftServerConfigKeys (ConfUtils.java:logGet(44)) - raft.server.leaderelection.pre-vote = false (custom)
2021-11-14 01:05:42,431 [42593a4f-89d4-4363-aad7-ee84fdc40b17@group-CAA489D3CFE4-FollowerState] INFO  impl.RoleInfo (RoleInfo.java:updateAndGet(130)) - 42593a4f-89d4-4363-aad7-ee84fdc40b17: start 42593a4f-89d4-4363-aad7-ee84fdc40b17@group-CAA489D3CFE4-LeaderElection133
2021-11-14 01:05:42,500 [32069a0d-f39a-42d5-b706-96b3f478e9d8@group-CAA489D3CFE4-LeaderElection132] INFO  impl.LeaderElection (LeaderElection.java:askForVotes(306)) - 32069a0d-f39a-42d5-b706-96b3f478e9d8@group-CAA489D3CFE4-LeaderElection132 ELECTION round 0: submit vote requests at term 1 for -1: [a5432c49-5461-405d-b7d7-37e5c225d9bf|rpc:10.1.0.47:33007|priority:1, 32069a0d-f39a-42d5-b706-96b3f478e9d8|rpc:10.1.0.47:43355|priority:0, 42593a4f-89d4-4363-aad7-ee84fdc40b17|rpc:10.1.0.47:38117|priority:0], old=null
2021-11-14 01:05:42,501 [42593a4f-89d4-4363-aad7-ee84fdc40b17@group-CAA489D3CFE4-LeaderElection133] INFO  impl.LeaderElection (LeaderElection.java:askForVotes(306)) - 42593a4f-89d4-4363-aad7-ee84fdc40b17@group-CAA489D3CFE4-LeaderElection133 ELECTION round 0: submit vote requests at term 1 for -1: [a5432c49-5461-405d-b7d7-37e5c225d9bf|rpc:10.1.0.47:33007|dataStream:|priority:1, 32069a0d-f39a-42d5-b706-96b3f478e9d8|rpc:10.1.0.47:43355|dataStream:|priority:0, 42593a4f-89d4-4363-aad7-ee84fdc40b17|rpc:10.1.0.47:38117|dataStream:|priority:0], old=null
2021-11-14 01:05:42,535 [32069a0d-f39a-42d5-b706-96b3f478e9d8@group-CAA489D3CFE4-LeaderElection132] INFO  impl.LeaderElection (LogUtils.java:infoOrTrace(137)) - 32069a0d-f39a-42d5-b706-96b3f478e9d8@group-CAA489D3CFE4-LeaderElection132 got exception when requesting votes: java.util.concurrent.ExecutionException: org.apache.ratis.thirdparty.io.grpc.StatusRuntimeException: UNAVAILABLE: io exception
2021-11-14 01:05:42,538 [grpc-default-executor-1] INFO  server.RaftServer$Division (RaftServerImpl.java:requestVote(1046)) - 42593a4f-89d4-4363-aad7-ee84fdc40b17@group-CAA489D3CFE4: receive requestVote(ELECTION, 32069a0d-f39a-42d5-b706-96b3f478e9d8, group-CAA489D3CFE4, 1, (t:0, i:0))
2021-11-14 01:05:42,538 [grpc-default-executor-1] INFO  impl.VoteContext (VoteContext.java:log(48)) - 42593a4f-89d4-4363-aad7-ee84fdc40b17@group-CAA489D3CFE4-CANDIDATE: reject ELECTION from 32069a0d-f39a-42d5-b706-96b3f478e9d8: already has voted for 42593a4f-89d4-4363-aad7-ee84fdc40b17 at current term 1
2021-11-14 01:05:42,538 [grpc-default-executor-1] INFO  server.RaftServer$Division (RaftServerImpl.java:requestVote(1078)) - 42593a4f-89d4-4363-aad7-ee84fdc40b17@group-CAA489D3CFE4 replies to ELECTION vote request: 32069a0d-f39a-42d5-b706-96b3f478e9d8<-42593a4f-89d4-4363-aad7-ee84fdc40b17#0:FAIL-t1. Peer's state: 42593a4f-89d4-4363-aad7-ee84fdc40b17@group-CAA489D3CFE4:t1, leader=null, voted=42593a4f-89d4-4363-aad7-ee84fdc40b17, raftlog=42593a4f-89d4-4363-aad7-ee84fdc40b17@group-CAA489D3CFE4-SegmentedRaftLog:OPENED:c-1, conf=-1: [a5432c49-5461-405d-b7d7-37e5c225d9bf|rpc:10.1.0.47:33007|dataStream:|priority:1, 32069a0d-f39a-42d5-b706-96b3f478e9d8|rpc:10.1.0.47:43355|dataStream:|priority:0, 42593a4f-89d4-4363-aad7-ee84fdc40b17|rpc:10.1.0.47:38117|dataStream:|priority:0], old=null
2021-11-14 01:05:42,554 [32069a0d-f39a-42d5-b706-96b3f478e9d8@group-CAA489D3CFE4-LeaderElection132] INFO  impl.LeaderElection (LeaderElection.java:logAndReturn(89)) - 32069a0d-f39a-42d5-b706-96b3f478e9d8@group-CAA489D3CFE4-LeaderElection132: ELECTION REJECTED received 1 response(s) and 1 exception(s):
2021-11-14 01:05:42,554 [32069a0d-f39a-42d5-b706-96b3f478e9d8@group-CAA489D3CFE4-LeaderElection132] INFO  impl.LeaderElection (LeaderElection.java:logAndReturn(93)) -   Response 0: 32069a0d-f39a-42d5-b706-96b3f478e9d8<-42593a4f-89d4-4363-aad7-ee84fdc40b17#0:FAIL-t1
2021-11-14 01:05:42,554 [32069a0d-f39a-42d5-b706-96b3f478e9d8@group-CAA489D3CFE4-LeaderElection132] INFO  impl.LeaderElection (LogUtils.java:infoOrTrace(137)) -   Exception 1: java.util.concurrent.ExecutionException: org.apache.ratis.thirdparty.io.grpc.StatusRuntimeException: UNAVAILABLE: io exception
2021-11-14 01:05:42,554 [32069a0d-f39a-42d5-b706-96b3f478e9d8@group-CAA489D3CFE4-LeaderElection132] INFO  impl.LeaderElection (LeaderElection.java:askForVotes(308)) - 32069a0d-f39a-42d5-b706-96b3f478e9d8@group-CAA489D3CFE4-LeaderElection132 ELECTION round 0: result REJECTED
2021-11-14 01:05:42,554 [32069a0d-f39a-42d5-b706-96b3f478e9d8@group-CAA489D3CFE4-LeaderElection132] INFO  server.RaftServer$Division (RaftServerImpl.java:setRole(290)) - 32069a0d-f39a-42d5-b706-96b3f478e9d8@group-CAA489D3CFE4: changes role from CANDIDATE to FOLLOWER at term 1 for REJECTED
2021-11-14 01:05:42,554 [32069a0d-f39a-42d5-b706-96b3f478e9d8@group-CAA489D3CFE4-LeaderElection132] INFO  impl.RoleInfo (RoleInfo.java:shutdownLeaderElection(121)) - 32069a0d-f39a-42d5-b706-96b3f478e9d8: shutdown 32069a0d-f39a-42d5-b706-96b3f478e9d8@group-CAA489D3CFE4-LeaderElection132
2021-11-14 01:05:42,554 [32069a0d-f39a-42d5-b706-96b3f478e9d8@group-CAA489D3CFE4-LeaderElection132] INFO  impl.RoleInfo (RoleInfo.java:updateAndGet(130)) - 32069a0d-f39a-42d5-b706-96b3f478e9d8: start 32069a0d-f39a-42d5-b706-96b3f478e9d8@group-CAA489D3CFE4-FollowerState
2021-11-14 01:05:42,571 [grpc-default-executor-1] INFO  server.RaftServer$Division (RaftServerImpl.java:requestVote(1046)) - 32069a0d-f39a-42d5-b706-96b3f478e9d8@group-CAA489D3CFE4: receive requestVote(ELECTION, 42593a4f-89d4-4363-aad7-ee84fdc40b17, group-CAA489D3CFE4, 1, (t:0, i:0))
2021-11-14 01:05:42,591 [42593a4f-89d4-4363-aad7-ee84fdc40b17@group-CAA489D3CFE4-LeaderElection133] INFO  impl.LeaderElection (LogUtils.java:infoOrTrace(137)) - 42593a4f-89d4-4363-aad7-ee84fdc40b17@group-CAA489D3CFE4-LeaderElection133 got exception when requesting votes: java.util.concurrent.ExecutionException: org.apache.ratis.thirdparty.io.grpc.StatusRuntimeException: UNAVAILABLE: io exception
2021-11-14 01:05:42,619 [grpc-default-executor-1] INFO  impl.VoteContext (VoteContext.java:log(48)) - 32069a0d-f39a-42d5-b706-96b3f478e9d8@group-CAA489D3CFE4-FOLLOWER: reject ELECTION from 42593a4f-89d4-4363-aad7-ee84fdc40b17: already has voted for 32069a0d-f39a-42d5-b706-96b3f478e9d8 at current term 1
2021-11-14 01:05:42,619 [grpc-default-executor-1] INFO  server.RaftServer$Division (RaftServerImpl.java:requestVote(1078)) - 32069a0d-f39a-42d5-b706-96b3f478e9d8@group-CAA489D3CFE4 replies to ELECTION vote request: 42593a4f-89d4-4363-aad7-ee84fdc40b17<-32069a0d-f39a-42d5-b706-96b3f478e9d8#0:FAIL-t1. Peer's state: 32069a0d-f39a-42d5-b706-96b3f478e9d8@group-CAA489D3CFE4:t1, leader=null, voted=32069a0d-f39a-42d5-b706-96b3f478e9d8, raftlog=32069a0d-f39a-42d5-b706-96b3f478e9d8@group-CAA489D3CFE4-SegmentedRaftLog:OPENED:c-1, conf=-1: [a5432c49-5461-405d-b7d7-37e5c225d9bf|rpc:10.1.0.47:33007|priority:1, 32069a0d-f39a-42d5-b706-96b3f478e9d8|rpc:10.1.0.47:43355|priority:0, 42593a4f-89d4-4363-aad7-ee84fdc40b17|rpc:10.1.0.47:38117|priority:0], old=null
2021-11-14 01:05:42,621 [42593a4f-89d4-4363-aad7-ee84fdc40b17@group-CAA489D3CFE4-LeaderElection133] INFO  impl.LeaderElection (LeaderElection.java:logAndReturn(89)) - 42593a4f-89d4-4363-aad7-ee84fdc40b17@group-CAA489D3CFE4-LeaderElection133: ELECTION REJECTED received 1 response(s) and 1 exception(s):
2021-11-14 01:05:42,621 [42593a4f-89d4-4363-aad7-ee84fdc40b17@group-CAA489D3CFE4-LeaderElection133] INFO  impl.LeaderElection (LeaderElection.java:logAndReturn(93)) -   Response 0: 42593a4f-89d4-4363-aad7-ee84fdc40b17<-32069a0d-f39a-42d5-b706-96b3f478e9d8#0:FAIL-t1
2021-11-14 01:05:42,621 [42593a4f-89d4-4363-aad7-ee84fdc40b17@group-CAA489D3CFE4-LeaderElection133] INFO  impl.LeaderElection (LogUtils.java:infoOrTrace(137)) -   Exception 1: java.util.concurrent.ExecutionException: org.apache.ratis.thirdparty.io.grpc.StatusRuntimeException: UNAVAILABLE: io exception
2021-11-14 01:05:42,621 [42593a4f-89d4-4363-aad7-ee84fdc40b17@group-CAA489D3CFE4-LeaderElection133] INFO  impl.LeaderElection (LeaderElection.java:askForVotes(308)) - 42593a4f-89d4-4363-aad7-ee84fdc40b17@group-CAA489D3CFE4-LeaderElection133 ELECTION round 0: result REJECTED
2021-11-14 01:05:42,621 [42593a4f-89d4-4363-aad7-ee84fdc40b17@group-CAA489D3CFE4-LeaderElection133] INFO  server.RaftServer$Division (RaftServerImpl.java:setRole(290)) - 42593a4f-89d4-4363-aad7-ee84fdc40b17@group-CAA489D3CFE4: changes role from CANDIDATE to FOLLOWER at term 1 for REJECTED
2021-11-14 01:05:42,621 [42593a4f-89d4-4363-aad7-ee84fdc40b17@group-CAA489D3CFE4-LeaderElection133] INFO  impl.RoleInfo (RoleInfo.java:shutdownLeaderElection(121)) - 42593a4f-89d4-4363-aad7-ee84fdc40b17: shutdown 42593a4f-89d4-4363-aad7-ee84fdc40b17@group-CAA489D3CFE4-LeaderElection133
2021-11-14 01:05:42,621 [42593a4f-89d4-4363-aad7-ee84fdc40b17@group-CAA489D3CFE4-LeaderElection133] INFO  impl.RoleInfo (RoleInfo.java:updateAndGet(130)) - 42593a4f-89d4-4363-aad7-ee84fdc40b17: start 42593a4f-89d4-4363-aad7-ee84fdc40b17@group-CAA489D3CFE4-FollowerState
2021-11-14 01:05:44,298 [grpc-default-executor-1] WARN  server.GrpcLogAppender (LogUtils.java:warn(122)) - 8f64935f-b83c-4009-bc32-b4395deb71aa@group-B8A997D08E4F->5b42674d-a9fa-4183-866d-d0b91026c546-AppendLogResponseHandler: Failed appendEntries: org.apache.ratis.thirdparty.io.grpc.StatusRuntimeException: UNAVAILABLE: io exception
2021-11-14 01:05:44,298 [grpc-default-executor-1] WARN  server.GrpcLogAppender (GrpcLogAppender.java:resetClient(110)) - 8f64935f-b83c-4009-bc32-b4395deb71aa@group-B8A997D08E4F->5b42674d-a9fa-4183-866d-d0b91026c546-GrpcLogAppender: Leader has not got in touch with Follower 8f64935f-b83c-4009-bc32-b4395deb71aa@group-B8A997D08E4F->5b42674d-a9fa-4183-866d-d0b91026c546(c0,m0,n1, attendVote=true, lastRpcSendTime=2511, lastRpcResponseTime=5022) yet, just keep nextIndex unchanged and retry.
2021-11-14 01:05:44,368 [ForkJoinPool.commonPool-worker-0] INFO  statemachine.DatanodeStateMachine (DatanodeStateMachine.java:stopDaemon(526)) - Ozone container server stopped.
2021-11-14 01:05:44,374 [ForkJoinPool.commonPool-worker-0] INFO  handler.ContextHandler (ContextHandler.java:doStop(1153)) - Stopped o.e.j.w.WebAppContext@6b6d9728{hddsDatanode,/,null,STOPPED}{jar:file:/home/runner/.m2/repository/org/apache/ozone/hdds-container-service/1.2.0-SNAPSHOT/hdds-container-service-1.2.0-SNAPSHOT.jar!/webapps/hddsDatanode}
2021-11-14 01:05:44,375 [ForkJoinPool.commonPool-worker-0] INFO  server.AbstractConnector (AbstractConnector.java:doStop(381)) - Stopped ServerConnector@4fe8c84{HTTP/1.1, (http/1.1)}{0.0.0.0:0}
2021-11-14 01:05:44,375 [ForkJoinPool.commonPool-worker-0] INFO  server.session (HouseKeeper.java:stopScavenging(149)) - node0 Stopped scavenging
2021-11-14 01:05:44,376 [ForkJoinPool.commonPool-worker-0] INFO  handler.ContextHandler (ContextHandler.java:doStop(1153)) - Stopped o.e.j.s.ServletContextHandler@3bcf18c{static,/static,jar:file:/home/runner/.m2/repository/org/apache/ozone/hdds-container-service/1.2.0-SNAPSHOT/hdds-container-service-1.2.0-SNAPSHOT.jar!/webapps/static,STOPPED}
2021-11-14 01:05:44,376 [ForkJoinPool.commonPool-worker-0] INFO  handler.ContextHandler (ContextHandler.java:doStop(1153)) - Stopped o.e.j.s.ServletContextHandler@16cf38da{logs,/logs,file:///home/runner/work/ozone/ozone/hadoop-ozone/integration-test/target/log,STOPPED}
2021-11-14 01:05:44,669 [Listener at 127.0.0.1/34021] INFO  statemachine.DatanodeStateMachine (DatanodeStateMachine.java:stopDaemon(526)) - Ozone container server stopped.
2021-11-14 01:05:44,670 [Listener at 127.0.0.1/34021] INFO  handler.ContextHandler (ContextHandler.java:doStop(1153)) - Stopped o.e.j.w.WebAppContext@458f21df{hddsDatanode,/,null,STOPPED}{jar:file:/home/runner/.m2/repository/org/apache/ozone/hdds-container-service/1.2.0-SNAPSHOT/hdds-container-service-1.2.0-SNAPSHOT.jar!/webapps/hddsDatanode}
2021-11-14 01:05:44,671 [Listener at 127.0.0.1/34021] INFO  server.AbstractConnector (AbstractConnector.java:doStop(381)) - Stopped ServerConnector@2bab66f6{HTTP/1.1, (http/1.1)}{0.0.0.0:0}
2021-11-14 01:05:44,671 [Listener at 127.0.0.1/34021] INFO  server.session (HouseKeeper.java:stopScavenging(149)) - node0 Stopped scavenging
2021-11-14 01:05:44,671 [Listener at 127.0.0.1/34021] INFO  handler.ContextHandler (ContextHandler.java:doStop(1153)) - Stopped o.e.j.s.ServletContextHandler@6d6a912f{static,/static,jar:file:/home/runner/.m2/repository/org/apache/ozone/hdds-container-service/1.2.0-SNAPSHOT/hdds-container-service-1.2.0-SNAPSHOT.jar!/webapps/static,STOPPED}
2021-11-14 01:05:44,671 [Listener at 127.0.0.1/34021] INFO  handler.ContextHandler (ContextHandler.java:doStop(1153)) - Stopped o.e.j.s.ServletContextHandler@673557e8{logs,/logs,file:///home/runner/work/ozone/ozone/hadoop-ozone/integration-test/target/log,STOPPED}
2021-11-14 01:05:44,757 [grpc-default-executor-1] WARN  server.GrpcLogAppender (LogUtils.java:warn(122)) - eb0c46e4-5725-4afa-bb96-e719b980f47a@group-06F4125447C4->a5432c49-5461-405d-b7d7-37e5c225d9bf-AppendLogResponseHandler: Failed appendEntries: org.apache.ratis.thirdparty.io.grpc.StatusRuntimeException: UNAVAILABLE: io exception
2021-11-14 01:05:44,758 [grpc-default-executor-1] WARN  server.GrpcLogAppender (GrpcLogAppender.java:resetClient(110)) - eb0c46e4-5725-4afa-bb96-e719b980f47a@group-06F4125447C4->a5432c49-5461-405d-b7d7-37e5c225d9bf-GrpcLogAppender: Leader has not got in touch with Follower eb0c46e4-5725-4afa-bb96-e719b980f47a@group-06F4125447C4->a5432c49-5461-405d-b7d7-37e5c225d9bf(c-1,m0,n1, attendVote=true, lastRpcSendTime=6, lastRpcResponseTime=7854) yet, just keep nextIndex unchanged and retry.
2021-11-14 01:05:44,869 [e624a09e-d66f-4eff-951a-8f24e1213b58@group-B41A3219138A-FollowerState] INFO  impl.FollowerState (FollowerState.java:run(134)) - e624a09e-d66f-4eff-951a-8f24e1213b58@group-B41A3219138A-FollowerState: change to CANDIDATE, lastRpcElapsedTime:6068116782ns, electionTimeout:5183ms
2021-11-14 01:05:44,869 [e624a09e-d66f-4eff-951a-8f24e1213b58@group-B41A3219138A-FollowerState] INFO  impl.RoleInfo (RoleInfo.java:shutdownFollowerState(108)) - e624a09e-d66f-4eff-951a-8f24e1213b58: shutdown e624a09e-d66f-4eff-951a-8f24e1213b58@group-B41A3219138A-FollowerState
2021-11-14 01:05:44,869 [e624a09e-d66f-4eff-951a-8f24e1213b58@group-B41A3219138A-FollowerState] INFO  server.RaftServer$Division (RaftServerImpl.java:setRole(290)) - e624a09e-d66f-4eff-951a-8f24e1213b58@group-B41A3219138A: changes role from  FOLLOWER to CANDIDATE at term 2 for changeToCandidate
2021-11-14 01:05:44,881 [grpc-default-executor-1] WARN  server.GrpcLogAppender (LogUtils.java:warn(122)) - e624a09e-d66f-4eff-951a-8f24e1213b58@group-0E53E93CFD0F->5b42674d-a9fa-4183-866d-d0b91026c546-AppendLogResponseHandler: Failed appendEntries: org.apache.ratis.thirdparty.io.grpc.StatusRuntimeException: UNAVAILABLE: io exception
2021-11-14 01:05:44,882 [grpc-default-executor-1] WARN  server.GrpcLogAppender (GrpcLogAppender.java:resetClient(110)) - e624a09e-d66f-4eff-951a-8f24e1213b58@group-0E53E93CFD0F->5b42674d-a9fa-4183-866d-d0b91026c546-GrpcLogAppender: Leader has not got in touch with Follower e624a09e-d66f-4eff-951a-8f24e1213b58@group-0E53E93CFD0F->5b42674d-a9fa-4183-866d-d0b91026c546(c0,m0,n1, attendVote=true, lastRpcSendTime=3, lastRpcResponseTime=5057) yet, just keep nextIndex unchanged and retry.
2021-11-14 01:05:44,903 [e624a09e-d66f-4eff-951a-8f24e1213b58@group-B41A3219138A-FollowerState] INFO  server.RaftServerConfigKeys (ConfUtils.java:logGet(44)) - raft.server.leaderelection.pre-vote = false (custom)
2021-11-14 01:05:44,903 [e624a09e-d66f-4eff-951a-8f24e1213b58@group-B41A3219138A-FollowerState] INFO  impl.RoleInfo (RoleInfo.java:updateAndGet(130)) - e624a09e-d66f-4eff-951a-8f24e1213b58: start e624a09e-d66f-4eff-951a-8f24e1213b58@group-B41A3219138A-LeaderElection134
2021-11-14 01:05:44,923 [e624a09e-d66f-4eff-951a-8f24e1213b58@group-B41A3219138A-LeaderElection134] INFO  server.RaftServer$Division (ServerState.java:setLeader(285)) - e624a09e-d66f-4eff-951a-8f24e1213b58@group-B41A3219138A: change Leader from 5b42674d-a9fa-4183-866d-d0b91026c546 to null at term 2 for ELECTION
2021-11-14 01:05:44,928 [e624a09e-d66f-4eff-951a-8f24e1213b58@group-B41A3219138A-LeaderElection134] INFO  impl.LeaderElection (LeaderElection.java:askForVotes(306)) - e624a09e-d66f-4eff-951a-8f24e1213b58@group-B41A3219138A-LeaderElection134 ELECTION round 0: submit vote requests at term 3 for 0: [e624a09e-d66f-4eff-951a-8f24e1213b58|rpc:10.1.0.47:41437|dataStream:|priority:0, 8f64935f-b83c-4009-bc32-b4395deb71aa|rpc:10.1.0.47:45069|dataStream:|priority:0, 5b42674d-a9fa-4183-866d-d0b91026c546|rpc:10.1.0.47:35089|dataStream:|priority:1], old=null
2021-11-14 01:05:44,960 [grpc-default-executor-2] INFO  server.RaftServer$Division (RaftServerImpl.java:requestVote(1046)) - 8f64935f-b83c-4009-bc32-b4395deb71aa@group-B41A3219138A: receive requestVote(ELECTION, e624a09e-d66f-4eff-951a-8f24e1213b58, group-B41A3219138A, 3, (t:2, i:0))
2021-11-14 01:05:44,960 [grpc-default-executor-2] INFO  impl.VoteContext (VoteContext.java:log(48)) - 8f64935f-b83c-4009-bc32-b4395deb71aa@group-B41A3219138A-FOLLOWER: accept ELECTION from e624a09e-d66f-4eff-951a-8f24e1213b58: our priority 0 <= candidate's priority 0
2021-11-14 01:05:44,961 [grpc-default-executor-2] INFO  server.RaftServer$Division (ServerState.java:setLeader(285)) - 8f64935f-b83c-4009-bc32-b4395deb71aa@group-B41A3219138A: change Leader from 5b42674d-a9fa-4183-866d-d0b91026c546 to null at term 3 for updateCurrentTerm
2021-11-14 01:05:44,961 [grpc-default-executor-2] INFO  server.RaftServer$Division (RaftServerImpl.java:setRole(290)) - 8f64935f-b83c-4009-bc32-b4395deb71aa@group-B41A3219138A: changes role from  FOLLOWER to FOLLOWER at term 3 for candidate:e624a09e-d66f-4eff-951a-8f24e1213b58
2021-11-14 01:05:44,961 [grpc-default-executor-2] INFO  impl.RoleInfo (RoleInfo.java:shutdownFollowerState(108)) - 8f64935f-b83c-4009-bc32-b4395deb71aa: shutdown 8f64935f-b83c-4009-bc32-b4395deb71aa@group-B41A3219138A-FollowerState
2021-11-14 01:05:44,969 [8f64935f-b83c-4009-bc32-b4395deb71aa@group-B41A3219138A-FollowerState] INFO  impl.FollowerState (FollowerState.java:run(127)) - 8f64935f-b83c-4009-bc32-b4395deb71aa@group-B41A3219138A-FollowerState: Stopping now (isRunning? false, isFollower? true)
2021-11-14 01:05:45,038 [grpc-default-executor-2] INFO  impl.RoleInfo (RoleInfo.java:updateAndGet(130)) - 8f64935f-b83c-4009-bc32-b4395deb71aa: start 8f64935f-b83c-4009-bc32-b4395deb71aa@group-B41A3219138A-FollowerState
2021-11-14 01:05:45,038 [e624a09e-d66f-4eff-951a-8f24e1213b58@group-B41A3219138A-LeaderElection134] INFO  impl.LeaderElection (LogUtils.java:infoOrTrace(137)) - e624a09e-d66f-4eff-951a-8f24e1213b58@group-B41A3219138A-LeaderElection134 got exception when requesting votes: java.util.concurrent.ExecutionException: org.apache.ratis.thirdparty.io.grpc.StatusRuntimeException: UNAVAILABLE: io exception
2021-11-14 01:05:45,053 [grpc-default-executor-2] INFO  server.RaftServer$Division (RaftServerImpl.java:requestVote(1078)) - 8f64935f-b83c-4009-bc32-b4395deb71aa@group-B41A3219138A replies to ELECTION vote request: e624a09e-d66f-4eff-951a-8f24e1213b58<-8f64935f-b83c-4009-bc32-b4395deb71aa#0:OK-t3. Peer's state: 8f64935f-b83c-4009-bc32-b4395deb71aa@group-B41A3219138A:t3, leader=null, voted=e624a09e-d66f-4eff-951a-8f24e1213b58, raftlog=8f64935f-b83c-4009-bc32-b4395deb71aa@group-B41A3219138A-SegmentedRaftLog:OPENED:c0, conf=0: [e624a09e-d66f-4eff-951a-8f24e1213b58|rpc:10.1.0.47:41437|dataStream:|priority:0, 8f64935f-b83c-4009-bc32-b4395deb71aa|rpc:10.1.0.47:45069|dataStream:|priority:0, 5b42674d-a9fa-4183-866d-d0b91026c546|rpc:10.1.0.47:35089|dataStream:|priority:1], old=null
2021-11-14 01:05:45,056 [e624a09e-d66f-4eff-951a-8f24e1213b58@group-B41A3219138A-LeaderElection134] INFO  impl.LeaderElection (LeaderElection.java:logAndReturn(89)) - e624a09e-d66f-4eff-951a-8f24e1213b58@group-B41A3219138A-LeaderElection134: ELECTION PASSED received 1 response(s) and 1 exception(s):
2021-11-14 01:05:45,057 [e624a09e-d66f-4eff-951a-8f24e1213b58@group-B41A3219138A-LeaderElection134] INFO  impl.LeaderElection (LeaderElection.java:logAndReturn(93)) -   Response 0: e624a09e-d66f-4eff-951a-8f24e1213b58<-8f64935f-b83c-4009-bc32-b4395deb71aa#0:OK-t3
2021-11-14 01:05:45,057 [e624a09e-d66f-4eff-951a-8f24e1213b58@group-B41A3219138A-LeaderElection134] INFO  impl.LeaderElection (LogUtils.java:infoOrTrace(137)) -   Exception 1: java.util.concurrent.ExecutionException: org.apache.ratis.thirdparty.io.grpc.StatusRuntimeException: UNAVAILABLE: io exception
2021-11-14 01:05:45,057 [e624a09e-d66f-4eff-951a-8f24e1213b58@group-B41A3219138A-LeaderElection134] INFO  impl.LeaderElection (LeaderElection.java:askForVotes(308)) - e624a09e-d66f-4eff-951a-8f24e1213b58@group-B41A3219138A-LeaderElection134 ELECTION round 0: result PASSED
2021-11-14 01:05:45,057 [e624a09e-d66f-4eff-951a-8f24e1213b58@group-B41A3219138A-LeaderElection134] INFO  impl.RoleInfo (RoleInfo.java:shutdownLeaderElection(121)) - e624a09e-d66f-4eff-951a-8f24e1213b58: shutdown e624a09e-d66f-4eff-951a-8f24e1213b58@group-B41A3219138A-LeaderElection134
2021-11-14 01:05:45,057 [e624a09e-d66f-4eff-951a-8f24e1213b58@group-B41A3219138A-LeaderElection134] INFO  server.RaftServer$Division (RaftServerImpl.java:setRole(290)) - e624a09e-d66f-4eff-951a-8f24e1213b58@group-B41A3219138A: changes role from CANDIDATE to LEADER at term 3 for changeToLeader
2021-11-14 01:05:45,057 [e624a09e-d66f-4eff-951a-8f24e1213b58@group-B41A3219138A-LeaderElection134] INFO  ratis.XceiverServerRatis (XceiverServerRatis.java:handleLeaderChangedNotification(866)) - Leader change notification received for group: group-B41A3219138A with new leaderId: e624a09e-d66f-4eff-951a-8f24e1213b58
2021-11-14 01:05:45,057 [e624a09e-d66f-4eff-951a-8f24e1213b58@group-B41A3219138A-LeaderElection134] INFO  server.RaftServer$Division (ServerState.java:setLeader(285)) - e624a09e-d66f-4eff-951a-8f24e1213b58@group-B41A3219138A: change Leader from null to e624a09e-d66f-4eff-951a-8f24e1213b58 at term 3 for becomeLeader, leader elected after 133ms
2021-11-14 01:05:45,057 [e624a09e-d66f-4eff-951a-8f24e1213b58@group-B41A3219138A-LeaderElection134] INFO  server.RaftServerConfigKeys (ConfUtils.java:logGet(44)) - raft.server.staging.catchup.gap = 1000 (default)
2021-11-14 01:05:45,057 [e624a09e-d66f-4eff-951a-8f24e1213b58@group-B41A3219138A-LeaderElection134] INFO  server.RaftServerConfigKeys (ConfUtils.java:logGet(44)) - raft.server.write.element-limit = 1024 (custom)
2021-11-14 01:05:45,057 [e624a09e-d66f-4eff-951a-8f24e1213b58@group-B41A3219138A-LeaderElection134] INFO  server.RaftServerConfigKeys (ConfUtils.java:logGet(44)) - raft.server.write.byte-limit = 1024 M (=1073741824) (custom)
2021-11-14 01:05:45,058 [e624a09e-d66f-4eff-951a-8f24e1213b58@group-B41A3219138A-LeaderElection134] INFO  server.RaftServerConfigKeys (ConfUtils.java:logGet(44)) - raft.server.watch.timeout = 3000ms (custom)
2021-11-14 01:05:45,058 [e624a09e-d66f-4eff-951a-8f24e1213b58@group-B41A3219138A-LeaderElection134] INFO  server.RaftServerConfigKeys (ConfUtils.java:logGet(44)) - raft.server.watch.timeout.denomination = 1s (default)
2021-11-14 01:05:45,058 [e624a09e-d66f-4eff-951a-8f24e1213b58@group-B41A3219138A-LeaderElection134] INFO  server.RaftServerConfigKeys (ConfUtils.java:logGet(44)) - raft.server.watch.element-limit = 65536 (default)
2021-11-14 01:05:45,058 [e624a09e-d66f-4eff-951a-8f24e1213b58@group-B41A3219138A-LeaderElection134] INFO  server.RaftServerConfigKeys (ConfUtils.java:logGet(44)) - raft.server.write.element-limit = 1024 (custom)
2021-11-14 01:05:45,058 [e624a09e-d66f-4eff-951a-8f24e1213b58@group-B41A3219138A-LeaderElection134] INFO  server.RaftServerConfigKeys (ConfUtils.java:logGet(44)) - raft.server.write.follower.gap.ratio.max = -1.0 (default)
2021-11-14 01:05:45,058 [e624a09e-d66f-4eff-951a-8f24e1213b58@group-B41A3219138A-LeaderElection134] INFO  server.RaftServerConfigKeys (ConfUtils.java:logGet(44)) - raft.server.log.appender.snapshot.chunk.size.max = 16MB (=16777216) (default)
2021-11-14 01:05:45,058 [e624a09e-d66f-4eff-951a-8f24e1213b58@group-B41A3219138A-LeaderElection134] INFO  server.RaftServerConfigKeys (ConfUtils.java:logGet(44)) - raft.server.log.appender.buffer.byte-limit = 33554432 (custom)
2021-11-14 01:05:45,058 [e624a09e-d66f-4eff-951a-8f24e1213b58@group-B41A3219138A-LeaderElection134] INFO  server.RaftServerConfigKeys (ConfUtils.java:logGet(44)) - raft.server.log.appender.buffer.element-limit = 1 (custom)
2021-11-14 01:05:45,058 [e624a09e-d66f-4eff-951a-8f24e1213b58@group-B41A3219138A-LeaderElection134] INFO  grpc.GrpcConfigKeys (ConfUtils.java:logGet(44)) - raft.grpc.server.leader.outstanding.appends.max = 128 (default)
2021-11-14 01:05:45,058 [e624a09e-d66f-4eff-951a-8f24e1213b58@group-B41A3219138A-LeaderElection134] INFO  server.RaftServerConfigKeys (ConfUtils.java:logGet(44)) - raft.server.rpc.request.timeout = 3000ms (default)
2021-11-14 01:05:45,059 [e624a09e-d66f-4eff-951a-8f24e1213b58@group-B41A3219138A-LeaderElection134] INFO  server.RaftServerConfigKeys (ConfUtils.java:logGet(44)) - raft.server.log.appender.install.snapshot.enabled = false (custom)
2021-11-14 01:05:45,060 [e624a09e-d66f-4eff-951a-8f24e1213b58@group-B41A3219138A-LeaderElection134] INFO  server.RaftServerConfigKeys (ConfUtils.java:logGet(44)) - raft.server.log.appender.snapshot.chunk.size.max = 16MB (=16777216) (default)
2021-11-14 01:05:45,060 [e624a09e-d66f-4eff-951a-8f24e1213b58@group-B41A3219138A-LeaderElection134] INFO  server.RaftServerConfigKeys (ConfUtils.java:logGet(44)) - raft.server.log.appender.buffer.byte-limit = 33554432 (custom)
2021-11-14 01:05:45,060 [e624a09e-d66f-4eff-951a-8f24e1213b58@group-B41A3219138A-LeaderElection134] INFO  server.RaftServerConfigKeys (ConfUtils.java:logGet(44)) - raft.server.log.appender.buffer.element-limit = 1 (custom)
2021-11-14 01:05:45,060 [e624a09e-d66f-4eff-951a-8f24e1213b58@group-B41A3219138A-LeaderElection134] INFO  grpc.GrpcConfigKeys (ConfUtils.java:logGet(44)) - raft.grpc.server.leader.outstanding.appends.max = 128 (default)
2021-11-14 01:05:45,060 [e624a09e-d66f-4eff-951a-8f24e1213b58@group-B41A3219138A-LeaderElection134] INFO  server.RaftServerConfigKeys (ConfUtils.java:logGet(44)) - raft.server.rpc.request.timeout = 3000ms (default)
2021-11-14 01:05:45,060 [e624a09e-d66f-4eff-951a-8f24e1213b58@group-B41A3219138A-LeaderElection134] INFO  server.RaftServerConfigKeys (ConfUtils.java:logGet(44)) - raft.server.log.appender.install.snapshot.enabled = false (custom)
2021-11-14 01:05:45,066 [e624a09e-d66f-4eff-951a-8f24e1213b58@group-B41A3219138A-LeaderElection134] INFO  impl.RoleInfo (RoleInfo.java:updateAndGet(130)) - e624a09e-d66f-4eff-951a-8f24e1213b58: start e624a09e-d66f-4eff-951a-8f24e1213b58@group-B41A3219138A-LeaderStateImpl
2021-11-14 01:05:45,068 [e624a09e-d66f-4eff-951a-8f24e1213b58@group-B41A3219138A-LeaderElection134] INFO  segmented.SegmentedRaftLogWorker (SegmentedRaftLogWorker.java:rollLogSegment(399)) - e624a09e-d66f-4eff-951a-8f24e1213b58@group-B41A3219138A-SegmentedRaftLogWorker: Rolling segment log-0_0 to index:0
2021-11-14 01:05:45,068 [e624a09e-d66f-4eff-951a-8f24e1213b58@group-B41A3219138A-SegmentedRaftLogWorker] INFO  segmented.SegmentedRaftLogWorker (SegmentedRaftLogWorker.java:execute(558)) - e624a09e-d66f-4eff-951a-8f24e1213b58@group-B41A3219138A-SegmentedRaftLogWorker: Rolled log segment from /home/runner/work/ozone/ozone/hadoop-ozone/integration-test/target/test-dir/MiniOzoneClusterImpl-5b6cbd2a-2976-43bc-8d1c-e3ca86cddeeb/datanode-5/data/ratis/18bfed5b-9086-4d3b-be28-b41a3219138a/current/log_inprogress_0 to /home/runner/work/ozone/ozone/hadoop-ozone/integration-test/target/test-dir/MiniOzoneClusterImpl-5b6cbd2a-2976-43bc-8d1c-e3ca86cddeeb/datanode-5/data/ratis/18bfed5b-9086-4d3b-be28-b41a3219138a/current/log_0-0
2021-11-14 01:05:45,071 [e624a09e-d66f-4eff-951a-8f24e1213b58@group-B41A3219138A-SegmentedRaftLogWorker] INFO  segmented.SegmentedRaftLogWorker (SegmentedRaftLogWorker.java:execute(601)) - e624a09e-d66f-4eff-951a-8f24e1213b58@group-B41A3219138A-SegmentedRaftLogWorker: created new log segment /home/runner/work/ozone/ozone/hadoop-ozone/integration-test/target/test-dir/MiniOzoneClusterImpl-5b6cbd2a-2976-43bc-8d1c-e3ca86cddeeb/datanode-5/data/ratis/18bfed5b-9086-4d3b-be28-b41a3219138a/current/log_inprogress_1
2021-11-14 01:05:45,085 [grpc-default-executor-2] WARN  server.GrpcLogAppender (LogUtils.java:warn(122)) - e624a09e-d66f-4eff-951a-8f24e1213b58@group-B41A3219138A->5b42674d-a9fa-4183-866d-d0b91026c546-AppendLogResponseHandler: Failed appendEntries: org.apache.ratis.thirdparty.io.grpc.StatusRuntimeException: UNAVAILABLE: io exception
2021-11-14 01:05:45,086 [grpc-default-executor-2] WARN  server.GrpcLogAppender (GrpcLogAppender.java:resetClient(110)) - e624a09e-d66f-4eff-951a-8f24e1213b58@group-B41A3219138A->5b42674d-a9fa-4183-866d-d0b91026c546-GrpcLogAppender: Leader has not got in touch with Follower e624a09e-d66f-4eff-951a-8f24e1213b58@group-B41A3219138A->5b42674d-a9fa-4183-866d-d0b91026c546(c-1,m0,n1, attendVote=true, lastRpcSendTime=5227, lastRpcResponseTime=5227) yet, just keep nextIndex unchanged and retry.
2021-11-14 01:05:45,087 [grpc-default-executor-2] WARN  server.GrpcLogAppender (LogUtils.java:warn(122)) - e624a09e-d66f-4eff-951a-8f24e1213b58@group-B41A3219138A->5b42674d-a9fa-4183-866d-d0b91026c546-AppendLogResponseHandler: Failed appendEntries: org.apache.ratis.thirdparty.io.grpc.StatusRuntimeException: UNAVAILABLE: io exception
2021-11-14 01:05:45,088 [grpc-default-executor-2] WARN  server.GrpcLogAppender (GrpcLogAppender.java:resetClient(110)) - e624a09e-d66f-4eff-951a-8f24e1213b58@group-B41A3219138A->5b42674d-a9fa-4183-866d-d0b91026c546-GrpcLogAppender: Leader has not got in touch with Follower e624a09e-d66f-4eff-951a-8f24e1213b58@group-B41A3219138A->5b42674d-a9fa-4183-866d-d0b91026c546(c-1,m0,n2, attendVote=true, lastRpcSendTime=0, lastRpcResponseTime=5229) yet, just keep nextIndex unchanged and retry.
2021-11-14 01:05:45,140 [grpc-default-executor-2] INFO  ratis.XceiverServerRatis (XceiverServerRatis.java:handleLeaderChangedNotification(866)) - Leader change notification received for group: group-B41A3219138A with new leaderId: e624a09e-d66f-4eff-951a-8f24e1213b58
2021-11-14 01:05:45,140 [grpc-default-executor-2] INFO  server.RaftServer$Division (ServerState.java:setLeader(285)) - 8f64935f-b83c-4009-bc32-b4395deb71aa@group-B41A3219138A: change Leader from null to e624a09e-d66f-4eff-951a-8f24e1213b58 at term 3 for appendEntries, leader elected after 178ms
2021-11-14 01:05:45,154 [e624a09e-d66f-4eff-951a-8f24e1213b58@group-B41A3219138A-LeaderElection134] INFO  server.RaftServer$Division (ServerState.java:setRaftConf(387)) - e624a09e-d66f-4eff-951a-8f24e1213b58@group-B41A3219138A: set configuration 1: [e624a09e-d66f-4eff-951a-8f24e1213b58|rpc:10.1.0.47:41437|dataStream:|priority:0, 8f64935f-b83c-4009-bc32-b4395deb71aa|rpc:10.1.0.47:45069|dataStream:|priority:0, 5b42674d-a9fa-4183-866d-d0b91026c546|rpc:10.1.0.47:35089|dataStream:|priority:1], old=null
2021-11-14 01:05:45,175 [grpc-default-executor-2] INFO  server.RaftServer$Division (ServerState.java:setRaftConf(387)) - 8f64935f-b83c-4009-bc32-b4395deb71aa@group-B41A3219138A: set configuration 1: [e624a09e-d66f-4eff-951a-8f24e1213b58|rpc:10.1.0.47:41437|dataStream:|priority:0, 8f64935f-b83c-4009-bc32-b4395deb71aa|rpc:10.1.0.47:45069|dataStream:|priority:0, 5b42674d-a9fa-4183-866d-d0b91026c546|rpc:10.1.0.47:35089|dataStream:|priority:1], old=null
2021-11-14 01:05:45,176 [grpc-default-executor-2] INFO  segmented.SegmentedRaftLogWorker (SegmentedRaftLogWorker.java:rollLogSegment(399)) - 8f64935f-b83c-4009-bc32-b4395deb71aa@group-B41A3219138A-SegmentedRaftLogWorker: Rolling segment log-0_0 to index:0
2021-11-14 01:05:45,176 [8f64935f-b83c-4009-bc32-b4395deb71aa@group-B41A3219138A-SegmentedRaftLogWorker] INFO  segmented.SegmentedRaftLogWorker (SegmentedRaftLogWorker.java:execute(558)) - 8f64935f-b83c-4009-bc32-b4395deb71aa@group-B41A3219138A-SegmentedRaftLogWorker: Rolled log segment from /home/runner/work/ozone/ozone/hadoop-ozone/integration-test/target/test-dir/MiniOzoneClusterImpl-5b6cbd2a-2976-43bc-8d1c-e3ca86cddeeb/datanode-3/data/ratis/18bfed5b-9086-4d3b-be28-b41a3219138a/current/log_inprogress_0 to /home/runner/work/ozone/ozone/hadoop-ozone/integration-test/target/test-dir/MiniOzoneClusterImpl-5b6cbd2a-2976-43bc-8d1c-e3ca86cddeeb/datanode-3/data/ratis/18bfed5b-9086-4d3b-be28-b41a3219138a/current/log_0-0
2021-11-14 01:05:45,183 [8f64935f-b83c-4009-bc32-b4395deb71aa@group-B41A3219138A-SegmentedRaftLogWorker] INFO  segmented.SegmentedRaftLogWorker (SegmentedRaftLogWorker.java:execute(601)) - 8f64935f-b83c-4009-bc32-b4395deb71aa@group-B41A3219138A-SegmentedRaftLogWorker: created new log segment /home/runner/work/ozone/ozone/hadoop-ozone/integration-test/target/test-dir/MiniOzoneClusterImpl-5b6cbd2a-2976-43bc-8d1c-e3ca86cddeeb/datanode-3/data/ratis/18bfed5b-9086-4d3b-be28-b41a3219138a/current/log_inprogress_1
2021-11-14 01:05:45,198 [grpc-default-executor-2] WARN  server.GrpcLogAppender (LogUtils.java:warn(122)) - e624a09e-d66f-4eff-951a-8f24e1213b58@group-B41A3219138A->5b42674d-a9fa-4183-866d-d0b91026c546-AppendLogResponseHandler: Failed appendEntries: org.apache.ratis.thirdparty.io.grpc.StatusRuntimeException: UNAVAILABLE: io exception
2021-11-14 01:05:45,199 [grpc-default-executor-2] WARN  server.GrpcLogAppender (GrpcLogAppender.java:resetClient(110)) - e624a09e-d66f-4eff-951a-8f24e1213b58@group-B41A3219138A->5b42674d-a9fa-4183-866d-d0b91026c546-GrpcLogAppender: Leader has not got in touch with Follower e624a09e-d66f-4eff-951a-8f24e1213b58@group-B41A3219138A->5b42674d-a9fa-4183-866d-d0b91026c546(c-1,m0,n3, attendVote=true, lastRpcSendTime=0, lastRpcResponseTime=5340) yet, just keep nextIndex unchanged and retry.
2021-11-14 01:05:45,636 [EventQueue-StaleNodeForStaleNodeHandler] INFO  node.StaleNodeHandler (StaleNodeHandler.java:onMessage(58)) - Datanode 5b42674d-a9fa-4183-866d-d0b91026c546{ip: 10.1.0.47, host: fv-az395-453.zfmzfyrfkyou3ow0tsr0jxwq1e.bx.internal.cloudapp.net, ports: [REPLICATION=37017, RATIS=35089, RATIS_ADMIN=35089, RATIS_SERVER=35089, STANDALONE=42415], networkLocation: /default-rack, certSerialId: null, persistedOpState: IN_SERVICE, persistedOpStateExpiryEpochSec: 0} moved to stale state. Finalizing its pipelines [PipelineID=18bfed5b-9086-4d3b-be28-b41a3219138a, PipelineID=73954cd4-b9e7-4cf0-9245-49e67502bcbe, PipelineID=f6c2ffd6-7342-4066-bffd-b8a997d08e4f, PipelineID=d0e7521d-b1bf-4417-8d3e-0e53e93cfd0f]
2021-11-14 01:05:45,636 [EventQueue-StaleNodeForStaleNodeHandler] INFO  pipeline.PipelineManagerImpl (PipelineManagerImpl.java:closePipeline(349)) - Pipeline Pipeline[ Id: 18bfed5b-9086-4d3b-be28-b41a3219138a, Nodes: e624a09e-d66f-4eff-951a-8f24e1213b58{ip: 10.1.0.47, host: fv-az395-453.zfmzfyrfkyou3ow0tsr0jxwq1e.bx.internal.cloudapp.net, ports: [REPLICATION=39939, RATIS=41437, RATIS_ADMIN=41437, RATIS_SERVER=41437, STANDALONE=42433], networkLocation: /default-rack, certSerialId: null, persistedOpState: IN_SERVICE, persistedOpStateExpiryEpochSec: 0}8f64935f-b83c-4009-bc32-b4395deb71aa{ip: 10.1.0.47, host: fv-az395-453.zfmzfyrfkyou3ow0tsr0jxwq1e.bx.internal.cloudapp.net, ports: [REPLICATION=43731, RATIS=45069, RATIS_ADMIN=45069, RATIS_SERVER=45069, STANDALONE=39111], networkLocation: /default-rack, certSerialId: null, persistedOpState: IN_SERVICE, persistedOpStateExpiryEpochSec: 0}5b42674d-a9fa-4183-866d-d0b91026c546{ip: 10.1.0.47, host: fv-az395-453.zfmzfyrfkyou3ow0tsr0jxwq1e.bx.internal.cloudapp.net, ports: [REPLICATION=37017, RATIS=35089, RATIS_ADMIN=35089, RATIS_SERVER=35089, STANDALONE=42415], networkLocation: /default-rack, certSerialId: null, persistedOpState: IN_SERVICE, persistedOpStateExpiryEpochSec: 0}, ReplicationConfig: RATIS/THREE, State:OPEN, leaderId:e624a09e-d66f-4eff-951a-8f24e1213b58, CreationTimestamp2021-11-14T01:04:25.876Z[Etc/UTC]] moved to CLOSED state
2021-11-14 01:05:45,636 [EventQueue-StaleNodeForStaleNodeHandler] INFO  pipeline.PipelineManagerImpl (PipelineManagerImpl.java:closePipeline(349)) - Pipeline Pipeline[ Id: 73954cd4-b9e7-4cf0-9245-49e67502bcbe, Nodes: 5b42674d-a9fa-4183-866d-d0b91026c546{ip: 10.1.0.47, host: fv-az395-453.zfmzfyrfkyou3ow0tsr0jxwq1e.bx.internal.cloudapp.net, ports: [REPLICATION=37017, RATIS=35089, RATIS_ADMIN=35089, RATIS_SERVER=35089, STANDALONE=42415], networkLocation: /default-rack, certSerialId: null, persistedOpState: IN_SERVICE, persistedOpStateExpiryEpochSec: 0}, ReplicationConfig: RATIS/ONE, State:OPEN, leaderId:5b42674d-a9fa-4183-866d-d0b91026c546, CreationTimestamp2021-11-14T01:04:25.327Z[Etc/UTC]] moved to CLOSED state
2021-11-14 01:05:45,637 [EventQueue-CloseContainerForCloseContainerEventHandler] INFO  container.CloseContainerEventHandler (CloseContainerEventHandler.java:onMessage(69)) - Close container Event triggered for container : #2
2021-11-14 01:05:45,637 [EventQueue-StaleNodeForStaleNodeHandler] INFO  pipeline.PipelineManagerImpl (PipelineManagerImpl.java:closePipeline(349)) - Pipeline Pipeline[ Id: f6c2ffd6-7342-4066-bffd-b8a997d08e4f, Nodes: e624a09e-d66f-4eff-951a-8f24e1213b58{ip: 10.1.0.47, host: fv-az395-453.zfmzfyrfkyou3ow0tsr0jxwq1e.bx.internal.cloudapp.net, ports: [REPLICATION=39939, RATIS=41437, RATIS_ADMIN=41437, RATIS_SERVER=41437, STANDALONE=42433], networkLocation: /default-rack, certSerialId: null, persistedOpState: IN_SERVICE, persistedOpStateExpiryEpochSec: 0}8f64935f-b83c-4009-bc32-b4395deb71aa{ip: 10.1.0.47, host: fv-az395-453.zfmzfyrfkyou3ow0tsr0jxwq1e.bx.internal.cloudapp.net, ports: [REPLICATION=43731, RATIS=45069, RATIS_ADMIN=45069, RATIS_SERVER=45069, STANDALONE=39111], networkLocation: /default-rack, certSerialId: null, persistedOpState: IN_SERVICE, persistedOpStateExpiryEpochSec: 0}5b42674d-a9fa-4183-866d-d0b91026c546{ip: 10.1.0.47, host: fv-az395-453.zfmzfyrfkyou3ow0tsr0jxwq1e.bx.internal.cloudapp.net, ports: [REPLICATION=37017, RATIS=35089, RATIS_ADMIN=35089, RATIS_SERVER=35089, STANDALONE=42415], networkLocation: /default-rack, certSerialId: null, persistedOpState: IN_SERVICE, persistedOpStateExpiryEpochSec: 0}, ReplicationConfig: RATIS/THREE, State:OPEN, leaderId:8f64935f-b83c-4009-bc32-b4395deb71aa, CreationTimestamp2021-11-14T01:04:25.878Z[Etc/UTC]] moved to CLOSED state
2021-11-14 01:05:45,637 [EventQueue-StaleNodeForStaleNodeHandler] INFO  pipeline.PipelineManagerImpl (PipelineManagerImpl.java:closePipeline(349)) - Pipeline Pipeline[ Id: d0e7521d-b1bf-4417-8d3e-0e53e93cfd0f, Nodes: 8f64935f-b83c-4009-bc32-b4395deb71aa{ip: 10.1.0.47, host: fv-az395-453.zfmzfyrfkyou3ow0tsr0jxwq1e.bx.internal.cloudapp.net, ports: [REPLICATION=43731, RATIS=45069, RATIS_ADMIN=45069, RATIS_SERVER=45069, STANDALONE=39111], networkLocation: /default-rack, certSerialId: null, persistedOpState: IN_SERVICE, persistedOpStateExpiryEpochSec: 0}5b42674d-a9fa-4183-866d-d0b91026c546{ip: 10.1.0.47, host: fv-az395-453.zfmzfyrfkyou3ow0tsr0jxwq1e.bx.internal.cloudapp.net, ports: [REPLICATION=37017, RATIS=35089, RATIS_ADMIN=35089, RATIS_SERVER=35089, STANDALONE=42415], networkLocation: /default-rack, certSerialId: null, persistedOpState: IN_SERVICE, persistedOpStateExpiryEpochSec: 0}e624a09e-d66f-4eff-951a-8f24e1213b58{ip: 10.1.0.47, host: fv-az395-453.zfmzfyrfkyou3ow0tsr0jxwq1e.bx.internal.cloudapp.net, ports: [REPLICATION=39939, RATIS=41437, RATIS_ADMIN=41437, RATIS_SERVER=41437, STANDALONE=42433], networkLocation: /default-rack, certSerialId: null, persistedOpState: IN_SERVICE, persistedOpStateExpiryEpochSec: 0}, ReplicationConfig: RATIS/THREE, State:OPEN, leaderId:e624a09e-d66f-4eff-951a-8f24e1213b58, CreationTimestamp2021-11-14T01:04:25.879Z[Etc/UTC]] moved to CLOSED state
2021-11-14 01:05:46,137 [EventQueue-StaleNodeForStaleNodeHandler] INFO  node.StaleNodeHandler (StaleNodeHandler.java:onMessage(58)) - Datanode a5432c49-5461-405d-b7d7-37e5c225d9bf{ip: 10.1.0.47, host: fv-az395-453.zfmzfyrfkyou3ow0tsr0jxwq1e.bx.internal.cloudapp.net, ports: [REPLICATION=42911, RATIS=33007, RATIS_ADMIN=33007, RATIS_SERVER=33007, STANDALONE=34183], networkLocation: /default-rack, certSerialId: null, persistedOpState: IN_SERVICE, persistedOpStateExpiryEpochSec: 0} moved to stale state. Finalizing its pipelines [PipelineID=b601b5a7-45d0-45c0-b013-4276e13490a7, PipelineID=504e848c-8156-4a34-b367-caa489d3cfe4, PipelineID=72688eae-7812-4aae-8a84-60cc15f72d53, PipelineID=5db15519-d160-414d-8fcd-06f4125447c4]
2021-11-14 01:05:46,138 [EventQueue-StaleNodeForStaleNodeHandler] INFO  pipeline.PipelineManagerImpl (PipelineManagerImpl.java:closePipeline(349)) - Pipeline Pipeline[ Id: b601b5a7-45d0-45c0-b013-4276e13490a7, Nodes: eb0c46e4-5725-4afa-bb96-e719b980f47a{ip: 10.1.0.47, host: fv-az395-453.zfmzfyrfkyou3ow0tsr0jxwq1e.bx.internal.cloudapp.net, ports: [REPLICATION=35283, RATIS=38135, RATIS_ADMIN=38135, RATIS_SERVER=38135, STANDALONE=42151], networkLocation: /default-rack, certSerialId: null, persistedOpState: IN_SERVICE, persistedOpStateExpiryEpochSec: 0}a5432c49-5461-405d-b7d7-37e5c225d9bf{ip: 10.1.0.47, host: fv-az395-453.zfmzfyrfkyou3ow0tsr0jxwq1e.bx.internal.cloudapp.net, ports: [REPLICATION=42911, RATIS=33007, RATIS_ADMIN=33007, RATIS_SERVER=33007, STANDALONE=34183], networkLocation: /default-rack, certSerialId: null, persistedOpState: IN_SERVICE, persistedOpStateExpiryEpochSec: 0}42593a4f-89d4-4363-aad7-ee84fdc40b17{ip: 10.1.0.47, host: fv-az395-453.zfmzfyrfkyou3ow0tsr0jxwq1e.bx.internal.cloudapp.net, ports: [REPLICATION=44265, RATIS=38117, RATIS_ADMIN=38117, RATIS_SERVER=38117, STANDALONE=45285], networkLocation: /default-rack, certSerialId: null, persistedOpState: IN_SERVICE, persistedOpStateExpiryEpochSec: 0}, ReplicationConfig: RATIS/THREE, State:ALLOCATED, leaderId:, CreationTimestamp2021-11-14T01:05:34.818Z[Etc/UTC]] moved to CLOSED state
2021-11-14 01:05:46,138 [EventQueue-StaleNodeForStaleNodeHandler] INFO  pipeline.PipelineManagerImpl (PipelineManagerImpl.java:closePipeline(349)) - Pipeline Pipeline[ Id: 504e848c-8156-4a34-b367-caa489d3cfe4, Nodes: a5432c49-5461-405d-b7d7-37e5c225d9bf{ip: 10.1.0.47, host: fv-az395-453.zfmzfyrfkyou3ow0tsr0jxwq1e.bx.internal.cloudapp.net, ports: [REPLICATION=42911, RATIS=33007, RATIS_ADMIN=33007, RATIS_SERVER=33007, STANDALONE=34183], networkLocation: /default-rack, certSerialId: null, persistedOpState: IN_SERVICE, persistedOpStateExpiryEpochSec: 0}32069a0d-f39a-42d5-b706-96b3f478e9d8{ip: 10.1.0.47, host: fv-az395-453.zfmzfyrfkyou3ow0tsr0jxwq1e.bx.internal.cloudapp.net, ports: [REPLICATION=45299, RATIS=43355, RATIS_ADMIN=43355, RATIS_SERVER=43355, STANDALONE=42407], networkLocation: /default-rack, certSerialId: null, persistedOpState: IN_SERVICE, persistedOpStateExpiryEpochSec: 0}42593a4f-89d4-4363-aad7-ee84fdc40b17{ip: 10.1.0.47, host: fv-az395-453.zfmzfyrfkyou3ow0tsr0jxwq1e.bx.internal.cloudapp.net, ports: [REPLICATION=44265, RATIS=38117, RATIS_ADMIN=38117, RATIS_SERVER=38117, STANDALONE=45285], networkLocation: /default-rack, certSerialId: null, persistedOpState: IN_SERVICE, persistedOpStateExpiryEpochSec: 0}, ReplicationConfig: RATIS/THREE, State:ALLOCATED, leaderId:, CreationTimestamp2021-11-14T01:05:34.824Z[Etc/UTC]] moved to CLOSED state
2021-11-14 01:05:46,138 [EventQueue-StaleNodeForStaleNodeHandler] INFO  pipeline.PipelineManagerImpl (PipelineManagerImpl.java:closePipeline(349)) - Pipeline Pipeline[ Id: 72688eae-7812-4aae-8a84-60cc15f72d53, Nodes: a5432c49-5461-405d-b7d7-37e5c225d9bf{ip: 10.1.0.47, host: fv-az395-453.zfmzfyrfkyou3ow0tsr0jxwq1e.bx.internal.cloudapp.net, ports: [REPLICATION=42911, RATIS=33007, RATIS_ADMIN=33007, RATIS_SERVER=33007, STANDALONE=34183], networkLocation: /default-rack, certSerialId: null, persistedOpState: IN_SERVICE, persistedOpStateExpiryEpochSec: 0}, ReplicationConfig: RATIS/ONE, State:OPEN, leaderId:a5432c49-5461-405d-b7d7-37e5c225d9bf, CreationTimestamp2021-11-14T01:04:23.873Z[Etc/UTC]] moved to CLOSED state
2021-11-14 01:05:46,138 [EventQueue-StaleNodeForStaleNodeHandler] INFO  pipeline.PipelineManagerImpl (PipelineManagerImpl.java:closePipeline(349)) - Pipeline Pipeline[ Id: 5db15519-d160-414d-8fcd-06f4125447c4, Nodes: eb0c46e4-5725-4afa-bb96-e719b980f47a{ip: 10.1.0.47, host: fv-az395-453.zfmzfyrfkyou3ow0tsr0jxwq1e.bx.internal.cloudapp.net, ports: [REPLICATION=35283, RATIS=38135, RATIS_ADMIN=38135, RATIS_SERVER=38135, STANDALONE=42151], networkLocation: /default-rack, certSerialId: null, persistedOpState: IN_SERVICE, persistedOpStateExpiryEpochSec: 0}32069a0d-f39a-42d5-b706-96b3f478e9d8{ip: 10.1.0.47, host: fv-az395-453.zfmzfyrfkyou3ow0tsr0jxwq1e.bx.internal.cloudapp.net, ports: [REPLICATION=45299, RATIS=43355, RATIS_ADMIN=43355, RATIS_SERVER=43355, STANDALONE=42407], networkLocation: /default-rack, certSerialId: null, persistedOpState: IN_SERVICE, persistedOpStateExpiryEpochSec: 0}a5432c49-5461-405d-b7d7-37e5c225d9bf{ip: 10.1.0.47, host: fv-az395-453.zfmzfyrfkyou3ow0tsr0jxwq1e.bx.internal.cloudapp.net, ports: [REPLICATION=42911, RATIS=33007, RATIS_ADMIN=33007, RATIS_SERVER=33007, STANDALONE=34183], networkLocation: /default-rack, certSerialId: null, persistedOpState: IN_SERVICE, persistedOpStateExpiryEpochSec: 0}, ReplicationConfig: RATIS/THREE, State:ALLOCATED, leaderId:eb0c46e4-5725-4afa-bb96-e719b980f47a, CreationTimestamp2021-11-14T01:05:34.820Z[Etc/UTC]] moved to CLOSED state
2021-11-14 01:05:46,313 [42593a4f-89d4-4363-aad7-ee84fdc40b17@group-4276E13490A7-FollowerState] INFO  impl.FollowerState (FollowerState.java:run(134)) - 42593a4f-89d4-4363-aad7-ee84fdc40b17@group-4276E13490A7-FollowerState: change to CANDIDATE, lastRpcElapsedTime:5199828112ns, electionTimeout:5197ms
2021-11-14 01:05:46,313 [42593a4f-89d4-4363-aad7-ee84fdc40b17@group-4276E13490A7-FollowerState] INFO  impl.RoleInfo (RoleInfo.java:shutdownFollowerState(108)) - 42593a4f-89d4-4363-aad7-ee84fdc40b17: shutdown 42593a4f-89d4-4363-aad7-ee84fdc40b17@group-4276E13490A7-FollowerState
2021-11-14 01:05:46,313 [42593a4f-89d4-4363-aad7-ee84fdc40b17@group-4276E13490A7-FollowerState] INFO  server.RaftServer$Division (RaftServerImpl.java:setRole(290)) - 42593a4f-89d4-4363-aad7-ee84fdc40b17@group-4276E13490A7: changes role from  FOLLOWER to CANDIDATE at term 1 for changeToCandidate
2021-11-14 01:05:46,313 [42593a4f-89d4-4363-aad7-ee84fdc40b17@group-4276E13490A7-FollowerState] INFO  server.RaftServerConfigKeys (ConfUtils.java:logGet(44)) - raft.server.leaderelection.pre-vote = false (custom)
2021-11-14 01:05:46,313 [42593a4f-89d4-4363-aad7-ee84fdc40b17@group-4276E13490A7-FollowerState] INFO  impl.RoleInfo (RoleInfo.java:updateAndGet(130)) - 42593a4f-89d4-4363-aad7-ee84fdc40b17: start 42593a4f-89d4-4363-aad7-ee84fdc40b17@group-4276E13490A7-LeaderElection135
2021-11-14 01:05:46,330 [eb0c46e4-5725-4afa-bb96-e719b980f47a@group-4276E13490A7-FollowerState] INFO  impl.FollowerState (FollowerState.java:run(134)) - eb0c46e4-5725-4afa-bb96-e719b980f47a@group-4276E13490A7-FollowerState: change to CANDIDATE, lastRpcElapsedTime:5180613729ns, electionTimeout:5178ms
2021-11-14 01:05:46,330 [eb0c46e4-5725-4afa-bb96-e719b980f47a@group-4276E13490A7-FollowerState] INFO  impl.RoleInfo (RoleInfo.java:shutdownFollowerState(108)) - eb0c46e4-5725-4afa-bb96-e719b980f47a: shutdown eb0c46e4-5725-4afa-bb96-e719b980f47a@group-4276E13490A7-FollowerState
2021-11-14 01:05:46,330 [eb0c46e4-5725-4afa-bb96-e719b980f47a@group-4276E13490A7-FollowerState] INFO  server.RaftServer$Division (RaftServerImpl.java:setRole(290)) - eb0c46e4-5725-4afa-bb96-e719b980f47a@group-4276E13490A7: changes role from  FOLLOWER to CANDIDATE at term 1 for changeToCandidate
2021-11-14 01:05:46,330 [eb0c46e4-5725-4afa-bb96-e719b980f47a@group-4276E13490A7-FollowerState] INFO  server.RaftServerConfigKeys (ConfUtils.java:logGet(44)) - raft.server.leaderelection.pre-vote = false (custom)
2021-11-14 01:05:46,330 [eb0c46e4-5725-4afa-bb96-e719b980f47a@group-4276E13490A7-FollowerState] INFO  impl.RoleInfo (RoleInfo.java:updateAndGet(130)) - eb0c46e4-5725-4afa-bb96-e719b980f47a: start eb0c46e4-5725-4afa-bb96-e719b980f47a@group-4276E13490A7-LeaderElection136
2021-11-14 01:05:46,341 [eb0c46e4-5725-4afa-bb96-e719b980f47a@group-4276E13490A7-LeaderElection136] INFO  impl.LeaderElection (LeaderElection.java:askForVotes(306)) - eb0c46e4-5725-4afa-bb96-e719b980f47a@group-4276E13490A7-LeaderElection136 ELECTION round 0: submit vote requests at term 2 for -1: [a5432c49-5461-405d-b7d7-37e5c225d9bf|rpc:10.1.0.47:33007|priority:0, 42593a4f-89d4-4363-aad7-ee84fdc40b17|rpc:10.1.0.47:38117|priority:1, eb0c46e4-5725-4afa-bb96-e719b980f47a|rpc:10.1.0.47:38135|priority:0], old=null
2021-11-14 01:05:46,342 [eb0c46e4-5725-4afa-bb96-e719b980f47a@group-4276E13490A7-LeaderElection136] INFO  impl.LeaderElection (LogUtils.java:infoOrTrace(137)) - eb0c46e4-5725-4afa-bb96-e719b980f47a@group-4276E13490A7-LeaderElection136 got exception when requesting votes: java.util.concurrent.ExecutionException: org.apache.ratis.thirdparty.io.grpc.StatusRuntimeException: UNAVAILABLE: io exception
2021-11-14 01:05:46,346 [grpc-default-executor-2] INFO  server.RaftServer$Division (RaftServerImpl.java:requestVote(1046)) - 42593a4f-89d4-4363-aad7-ee84fdc40b17@group-4276E13490A7: receive requestVote(ELECTION, eb0c46e4-5725-4afa-bb96-e719b980f47a, group-4276E13490A7, 2, (t:0, i:0))
2021-11-14 01:05:46,419 [42593a4f-89d4-4363-aad7-ee84fdc40b17@group-4276E13490A7-LeaderElection135] INFO  impl.LeaderElection (LeaderElection.java:askForVotes(306)) - 42593a4f-89d4-4363-aad7-ee84fdc40b17@group-4276E13490A7-LeaderElection135 ELECTION round 0: submit vote requests at term 2 for -1: [a5432c49-5461-405d-b7d7-37e5c225d9bf|rpc:10.1.0.47:33007|priority:0, 42593a4f-89d4-4363-aad7-ee84fdc40b17|rpc:10.1.0.47:38117|priority:1, eb0c46e4-5725-4afa-bb96-e719b980f47a|rpc:10.1.0.47:38135|priority:0], old=null
2021-11-14 01:05:46,419 [grpc-default-executor-2] INFO  impl.VoteContext (VoteContext.java:log(48)) - 42593a4f-89d4-4363-aad7-ee84fdc40b17@group-4276E13490A7-CANDIDATE: reject ELECTION from eb0c46e4-5725-4afa-bb96-e719b980f47a: already has voted for 42593a4f-89d4-4363-aad7-ee84fdc40b17 at current term 2
2021-11-14 01:05:46,420 [grpc-default-executor-2] INFO  server.RaftServer$Division (RaftServerImpl.java:requestVote(1078)) - 42593a4f-89d4-4363-aad7-ee84fdc40b17@group-4276E13490A7 replies to ELECTION vote request: eb0c46e4-5725-4afa-bb96-e719b980f47a<-42593a4f-89d4-4363-aad7-ee84fdc40b17#0:FAIL-t2. Peer's state: 42593a4f-89d4-4363-aad7-ee84fdc40b17@group-4276E13490A7:t2, leader=null, voted=42593a4f-89d4-4363-aad7-ee84fdc40b17, raftlog=42593a4f-89d4-4363-aad7-ee84fdc40b17@group-4276E13490A7-SegmentedRaftLog:OPENED:c-1, conf=-1: [a5432c49-5461-405d-b7d7-37e5c225d9bf|rpc:10.1.0.47:33007|priority:0, 42593a4f-89d4-4363-aad7-ee84fdc40b17|rpc:10.1.0.47:38117|priority:1, eb0c46e4-5725-4afa-bb96-e719b980f47a|rpc:10.1.0.47:38135|priority:0], old=null
2021-11-14 01:05:46,433 [42593a4f-89d4-4363-aad7-ee84fdc40b17@group-4276E13490A7-LeaderElection135] INFO  impl.LeaderElection (LogUtils.java:infoOrTrace(137)) - 42593a4f-89d4-4363-aad7-ee84fdc40b17@group-4276E13490A7-LeaderElection135 got exception when requesting votes: java.util.concurrent.ExecutionException: org.apache.ratis.thirdparty.io.grpc.StatusRuntimeException: UNAVAILABLE: io exception
2021-11-14 01:05:46,434 [eb0c46e4-5725-4afa-bb96-e719b980f47a@group-4276E13490A7-LeaderElection136] INFO  impl.LeaderElection (LeaderElection.java:logAndReturn(89)) - eb0c46e4-5725-4afa-bb96-e719b980f47a@group-4276E13490A7-LeaderElection136: ELECTION REJECTED received 1 response(s) and 1 exception(s):
2021-11-14 01:05:46,434 [eb0c46e4-5725-4afa-bb96-e719b980f47a@group-4276E13490A7-LeaderElection136] INFO  impl.LeaderElection (LeaderElection.java:logAndReturn(93)) -   Response 0: eb0c46e4-5725-4afa-bb96-e719b980f47a<-42593a4f-89d4-4363-aad7-ee84fdc40b17#0:FAIL-t2
2021-11-14 01:05:46,434 [eb0c46e4-5725-4afa-bb96-e719b980f47a@group-4276E13490A7-LeaderElection136] INFO  impl.LeaderElection (LogUtils.java:infoOrTrace(137)) -   Exception 1: java.util.concurrent.ExecutionException: org.apache.ratis.thirdparty.io.grpc.StatusRuntimeException: UNAVAILABLE: io exception
2021-11-14 01:05:46,434 [eb0c46e4-5725-4afa-bb96-e719b980f47a@group-4276E13490A7-LeaderElection136] INFO  impl.LeaderElection (LeaderElection.java:askForVotes(308)) - eb0c46e4-5725-4afa-bb96-e719b980f47a@group-4276E13490A7-LeaderElection136 ELECTION round 0: result REJECTED
2021-11-14 01:05:46,434 [eb0c46e4-5725-4afa-bb96-e719b980f47a@group-4276E13490A7-LeaderElection136] INFO  server.RaftServer$Division (RaftServerImpl.java:setRole(290)) - eb0c46e4-5725-4afa-bb96-e719b980f47a@group-4276E13490A7: changes role from CANDIDATE to FOLLOWER at term 2 for REJECTED
2021-11-14 01:05:46,434 [eb0c46e4-5725-4afa-bb96-e719b980f47a@group-4276E13490A7-LeaderElection136] INFO  impl.RoleInfo (RoleInfo.java:shutdownLeaderElection(121)) - eb0c46e4-5725-4afa-bb96-e719b980f47a: shutdown eb0c46e4-5725-4afa-bb96-e719b980f47a@group-4276E13490A7-LeaderElection136
2021-11-14 01:05:46,434 [eb0c46e4-5725-4afa-bb96-e719b980f47a@group-4276E13490A7-LeaderElection136] INFO  impl.RoleInfo (RoleInfo.java:updateAndGet(130)) - eb0c46e4-5725-4afa-bb96-e719b980f47a: start eb0c46e4-5725-4afa-bb96-e719b980f47a@group-4276E13490A7-FollowerState
2021-11-14 01:05:46,444 [grpc-default-executor-2] INFO  server.RaftServer$Division (RaftServerImpl.java:requestVote(1046)) - eb0c46e4-5725-4afa-bb96-e719b980f47a@group-4276E13490A7: receive requestVote(ELECTION, 42593a4f-89d4-4363-aad7-ee84fdc40b17, group-4276E13490A7, 2, (t:0, i:0))
2021-11-14 01:05:46,445 [grpc-default-executor-2] INFO  impl.VoteContext (VoteContext.java:log(48)) - eb0c46e4-5725-4afa-bb96-e719b980f47a@group-4276E13490A7-FOLLOWER: reject ELECTION from 42593a4f-89d4-4363-aad7-ee84fdc40b17: already has voted for eb0c46e4-5725-4afa-bb96-e719b980f47a at current term 2
2021-11-14 01:05:46,445 [grpc-default-executor-2] INFO  server.RaftServer$Division (RaftServerImpl.java:requestVote(1078)) - eb0c46e4-5725-4afa-bb96-e719b980f47a@group-4276E13490A7 replies to ELECTION vote request: 42593a4f-89d4-4363-aad7-ee84fdc40b17<-eb0c46e4-5725-4afa-bb96-e719b980f47a#0:FAIL-t2. Peer's state: eb0c46e4-5725-4afa-bb96-e719b980f47a@group-4276E13490A7:t2, leader=null, voted=eb0c46e4-5725-4afa-bb96-e719b980f47a, raftlog=eb0c46e4-5725-4afa-bb96-e719b980f47a@group-4276E13490A7-SegmentedRaftLog:OPENED:c-1, conf=-1: [a5432c49-5461-405d-b7d7-37e5c225d9bf|rpc:10.1.0.47:33007|priority:0, 42593a4f-89d4-4363-aad7-ee84fdc40b17|rpc:10.1.0.47:38117|priority:1, eb0c46e4-5725-4afa-bb96-e719b980f47a|rpc:10.1.0.47:38135|priority:0], old=null
2021-11-14 01:05:46,446 [42593a4f-89d4-4363-aad7-ee84fdc40b17@group-4276E13490A7-LeaderElection135] INFO  impl.LeaderElection (LeaderElection.java:logAndReturn(89)) - 42593a4f-89d4-4363-aad7-ee84fdc40b17@group-4276E13490A7-LeaderElection135: ELECTION REJECTED received 1 response(s) and 1 exception(s):
2021-11-14 01:05:46,446 [42593a4f-89d4-4363-aad7-ee84fdc40b17@group-4276E13490A7-LeaderElection135] INFO  impl.LeaderElection (LeaderElection.java:logAndReturn(93)) -   Response 0: 42593a4f-89d4-4363-aad7-ee84fdc40b17<-eb0c46e4-5725-4afa-bb96-e719b980f47a#0:FAIL-t2
2021-11-14 01:05:46,446 [42593a4f-89d4-4363-aad7-ee84fdc40b17@group-4276E13490A7-LeaderElection135] INFO  impl.LeaderElection (LogUtils.java:infoOrTrace(137)) -   Exception 1: java.util.concurrent.ExecutionException: org.apache.ratis.thirdparty.io.grpc.StatusRuntimeException: UNAVAILABLE: io exception
2021-11-14 01:05:46,446 [42593a4f-89d4-4363-aad7-ee84fdc40b17@group-4276E13490A7-LeaderElection135] INFO  impl.LeaderElection (LeaderElection.java:askForVotes(308)) - 42593a4f-89d4-4363-aad7-ee84fdc40b17@group-4276E13490A7-LeaderElection135 ELECTION round 0: result REJECTED
2021-11-14 01:05:46,446 [42593a4f-89d4-4363-aad7-ee84fdc40b17@group-4276E13490A7-LeaderElection135] INFO  server.RaftServer$Division (RaftServerImpl.java:setRole(290)) - 42593a4f-89d4-4363-aad7-ee84fdc40b17@group-4276E13490A7: changes role from CANDIDATE to FOLLOWER at term 2 for REJECTED
2021-11-14 01:05:46,446 [42593a4f-89d4-4363-aad7-ee84fdc40b17@group-4276E13490A7-LeaderElection135] INFO  impl.RoleInfo (RoleInfo.java:shutdownLeaderElection(121)) - 42593a4f-89d4-4363-aad7-ee84fdc40b17: shutdown 42593a4f-89d4-4363-aad7-ee84fdc40b17@group-4276E13490A7-LeaderElection135
2021-11-14 01:05:46,446 [42593a4f-89d4-4363-aad7-ee84fdc40b17@group-4276E13490A7-LeaderElection135] INFO  impl.RoleInfo (RoleInfo.java:updateAndGet(130)) - 42593a4f-89d4-4363-aad7-ee84fdc40b17: start 42593a4f-89d4-4363-aad7-ee84fdc40b17@group-4276E13490A7-FollowerState
2021-11-14 01:05:46,829 [grpc-default-executor-2] WARN  server.GrpcLogAppender (LogUtils.java:warn(122)) - 8f64935f-b83c-4009-bc32-b4395deb71aa@group-B8A997D08E4F->5b42674d-a9fa-4183-866d-d0b91026c546-AppendLogResponseHandler: Failed appendEntries: org.apache.ratis.thirdparty.io.grpc.StatusRuntimeException: UNAVAILABLE: io exception
2021-11-14 01:05:46,830 [grpc-default-executor-2] WARN  server.GrpcLogAppender (GrpcLogAppender.java:resetClient(110)) - 8f64935f-b83c-4009-bc32-b4395deb71aa@group-B8A997D08E4F->5b42674d-a9fa-4183-866d-d0b91026c546-GrpcLogAppender: Leader has not got in touch with Follower 8f64935f-b83c-4009-bc32-b4395deb71aa@group-B8A997D08E4F->5b42674d-a9fa-4183-866d-d0b91026c546(c0,m0,n1, attendVote=true, lastRpcSendTime=4, lastRpcResponseTime=7554) yet, just keep nextIndex unchanged and retry.
2021-11-14 01:05:46,847 [32069a0d-f39a-42d5-b706-96b3f478e9d8@group-083767A110ED-FollowerState] INFO  impl.FollowerState (FollowerState.java:run(134)) - 32069a0d-f39a-42d5-b706-96b3f478e9d8@group-083767A110ED-FollowerState: change to CANDIDATE, lastRpcElapsedTime:5117195435ns, electionTimeout:5112ms
2021-11-14 01:05:46,847 [32069a0d-f39a-42d5-b706-96b3f478e9d8@group-083767A110ED-FollowerState] INFO  impl.RoleInfo (RoleInfo.java:shutdownFollowerState(108)) - 32069a0d-f39a-42d5-b706-96b3f478e9d8: shutdown 32069a0d-f39a-42d5-b706-96b3f478e9d8@group-083767A110ED-FollowerState
2021-11-14 01:05:46,847 [32069a0d-f39a-42d5-b706-96b3f478e9d8@group-083767A110ED-FollowerState] INFO  server.RaftServer$Division (RaftServerImpl.java:setRole(290)) - 32069a0d-f39a-42d5-b706-96b3f478e9d8@group-083767A110ED: changes role from  FOLLOWER to CANDIDATE at term 1 for changeToCandidate
2021-11-14 01:05:46,847 [32069a0d-f39a-42d5-b706-96b3f478e9d8@group-083767A110ED-FollowerState] INFO  server.RaftServerConfigKeys (ConfUtils.java:logGet(44)) - raft.server.leaderelection.pre-vote = false (custom)
2021-11-14 01:05:46,847 [32069a0d-f39a-42d5-b706-96b3f478e9d8@group-083767A110ED-FollowerState] INFO  impl.RoleInfo (RoleInfo.java:updateAndGet(130)) - 32069a0d-f39a-42d5-b706-96b3f478e9d8: start 32069a0d-f39a-42d5-b706-96b3f478e9d8@group-083767A110ED-LeaderElection137
2021-11-14 01:05:46,888 [eb0c46e4-5725-4afa-bb96-e719b980f47a@group-083767A110ED-FollowerState] INFO  impl.FollowerState (FollowerState.java:run(134)) - eb0c46e4-5725-4afa-bb96-e719b980f47a@group-083767A110ED-FollowerState: change to CANDIDATE, lastRpcElapsedTime:5180966752ns, electionTimeout:5123ms
2021-11-14 01:05:46,888 [eb0c46e4-5725-4afa-bb96-e719b980f47a@group-083767A110ED-FollowerState] INFO  impl.RoleInfo (RoleInfo.java:shutdownFollowerState(108)) - eb0c46e4-5725-4afa-bb96-e719b980f47a: shutdown eb0c46e4-5725-4afa-bb96-e719b980f47a@group-083767A110ED-FollowerState
2021-11-14 01:05:46,888 [eb0c46e4-5725-4afa-bb96-e719b980f47a@group-083767A110ED-FollowerState] INFO  server.RaftServer$Division (RaftServerImpl.java:setRole(290)) - eb0c46e4-5725-4afa-bb96-e719b980f47a@group-083767A110ED: changes role from  FOLLOWER to CANDIDATE at term 1 for changeToCandidate
2021-11-14 01:05:46,888 [eb0c46e4-5725-4afa-bb96-e719b980f47a@group-083767A110ED-FollowerState] INFO  server.RaftServerConfigKeys (ConfUtils.java:logGet(44)) - raft.server.leaderelection.pre-vote = false (custom)
2021-11-14 01:05:46,888 [eb0c46e4-5725-4afa-bb96-e719b980f47a@group-083767A110ED-FollowerState] INFO  impl.RoleInfo (RoleInfo.java:updateAndGet(130)) - eb0c46e4-5725-4afa-bb96-e719b980f47a: start eb0c46e4-5725-4afa-bb96-e719b980f47a@group-083767A110ED-LeaderElection138
2021-11-14 01:05:46,903 [eb0c46e4-5725-4afa-bb96-e719b980f47a@group-083767A110ED-LeaderElection138] INFO  impl.LeaderElection (LeaderElection.java:askForVotes(306)) - eb0c46e4-5725-4afa-bb96-e719b980f47a@group-083767A110ED-LeaderElection138 ELECTION round 0: submit vote requests at term 2 for -1: [32069a0d-f39a-42d5-b706-96b3f478e9d8|rpc:10.1.0.47:43355|priority:1, 42593a4f-89d4-4363-aad7-ee84fdc40b17|rpc:10.1.0.47:38117|priority:0, eb0c46e4-5725-4afa-bb96-e719b980f47a|rpc:10.1.0.47:38135|priority:0], old=null
2021-11-14 01:05:46,935 [32069a0d-f39a-42d5-b706-96b3f478e9d8@group-083767A110ED-LeaderElection137] INFO  impl.LeaderElection (LeaderElection.java:askForVotes(306)) - 32069a0d-f39a-42d5-b706-96b3f478e9d8@group-083767A110ED-LeaderElection137 ELECTION round 0: submit vote requests at term 2 for -1: [32069a0d-f39a-42d5-b706-96b3f478e9d8|rpc:10.1.0.47:43355|dataStream:|priority:1, 42593a4f-89d4-4363-aad7-ee84fdc40b17|rpc:10.1.0.47:38117|dataStream:|priority:0, eb0c46e4-5725-4afa-bb96-e719b980f47a|rpc:10.1.0.47:38135|dataStream:|priority:0], old=null
2021-11-14 01:05:46,952 [grpc-default-executor-1] INFO  server.RaftServer$Division (RaftServerImpl.java:requestVote(1046)) - 32069a0d-f39a-42d5-b706-96b3f478e9d8@group-083767A110ED: receive requestVote(ELECTION, eb0c46e4-5725-4afa-bb96-e719b980f47a, group-083767A110ED, 2, (t:0, i:0))
2021-11-14 01:05:46,952 [grpc-default-executor-1] INFO  impl.VoteContext (VoteContext.java:log(48)) - 32069a0d-f39a-42d5-b706-96b3f478e9d8@group-083767A110ED-CANDIDATE: reject ELECTION from eb0c46e4-5725-4afa-bb96-e719b980f47a: already has voted for 32069a0d-f39a-42d5-b706-96b3f478e9d8 at current term 2
2021-11-14 01:05:46,952 [grpc-default-executor-1] INFO  server.RaftServer$Division (RaftServerImpl.java:requestVote(1078)) - 32069a0d-f39a-42d5-b706-96b3f478e9d8@group-083767A110ED replies to ELECTION vote request: eb0c46e4-5725-4afa-bb96-e719b980f47a<-32069a0d-f39a-42d5-b706-96b3f478e9d8#0:FAIL-t2. Peer's state: 32069a0d-f39a-42d5-b706-96b3f478e9d8@group-083767A110ED:t2, leader=null, voted=32069a0d-f39a-42d5-b706-96b3f478e9d8, raftlog=32069a0d-f39a-42d5-b706-96b3f478e9d8@group-083767A110ED-SegmentedRaftLog:OPENED:c-1, conf=-1: [32069a0d-f39a-42d5-b706-96b3f478e9d8|rpc:10.1.0.47:43355|dataStream:|priority:1, 42593a4f-89d4-4363-aad7-ee84fdc40b17|rpc:10.1.0.47:38117|dataStream:|priority:0, eb0c46e4-5725-4afa-bb96-e719b980f47a|rpc:10.1.0.47:38135|dataStream:|priority:0], old=null
2021-11-14 01:05:46,981 [eb0c46e4-5725-4afa-bb96-e719b980f47a@group-083767A110ED-LeaderElection138] INFO  impl.LeaderElection (LeaderElection.java:logAndReturn(89)) - eb0c46e4-5725-4afa-bb96-e719b980f47a@group-083767A110ED-LeaderElection138: ELECTION REJECTED received 1 response(s) and 0 exception(s):
2021-11-14 01:05:46,981 [eb0c46e4-5725-4afa-bb96-e719b980f47a@group-083767A110ED-LeaderElection138] INFO  impl.LeaderElection (LeaderElection.java:logAndReturn(93)) -   Response 0: eb0c46e4-5725-4afa-bb96-e719b980f47a<-32069a0d-f39a-42d5-b706-96b3f478e9d8#0:FAIL-t2
2021-11-14 01:05:46,981 [eb0c46e4-5725-4afa-bb96-e719b980f47a@group-083767A110ED-LeaderElection138] INFO  impl.LeaderElection (LeaderElection.java:askForVotes(308)) - eb0c46e4-5725-4afa-bb96-e719b980f47a@group-083767A110ED-LeaderElection138 ELECTION round 0: result REJECTED
2021-11-14 01:05:46,981 [eb0c46e4-5725-4afa-bb96-e719b980f47a@group-083767A110ED-LeaderElection138] INFO  server.RaftServer$Division (RaftServerImpl.java:setRole(290)) - eb0c46e4-5725-4afa-bb96-e719b980f47a@group-083767A110ED: changes role from CANDIDATE to FOLLOWER at term 2 for REJECTED
2021-11-14 01:05:46,981 [eb0c46e4-5725-4afa-bb96-e719b980f47a@group-083767A110ED-LeaderElection138] INFO  impl.RoleInfo (RoleInfo.java:shutdownLeaderElection(121)) - eb0c46e4-5725-4afa-bb96-e719b980f47a: shutdown eb0c46e4-5725-4afa-bb96-e719b980f47a@group-083767A110ED-LeaderElection138
2021-11-14 01:05:46,981 [eb0c46e4-5725-4afa-bb96-e719b980f47a@group-083767A110ED-LeaderElection138] INFO  impl.RoleInfo (RoleInfo.java:updateAndGet(130)) - eb0c46e4-5725-4afa-bb96-e719b980f47a: start eb0c46e4-5725-4afa-bb96-e719b980f47a@group-083767A110ED-FollowerState
2021-11-14 01:05:46,985 [grpc-default-executor-1] INFO  server.RaftServer$Division (RaftServerImpl.java:requestVote(1046)) - 42593a4f-89d4-4363-aad7-ee84fdc40b17@group-083767A110ED: receive requestVote(ELECTION, eb0c46e4-5725-4afa-bb96-e719b980f47a, group-083767A110ED, 2, (t:0, i:0))
2021-11-14 01:05:46,985 [grpc-default-executor-1] INFO  impl.VoteContext (VoteContext.java:log(48)) - 42593a4f-89d4-4363-aad7-ee84fdc40b17@group-083767A110ED-FOLLOWER: accept ELECTION from eb0c46e4-5725-4afa-bb96-e719b980f47a: our priority 0 <= candidate's priority 0
2021-11-14 01:05:46,985 [grpc-default-executor-1] INFO  server.RaftServer$Division (RaftServerImpl.java:setRole(290)) - 42593a4f-89d4-4363-aad7-ee84fdc40b17@group-083767A110ED: changes role from  FOLLOWER to FOLLOWER at term 2 for candidate:eb0c46e4-5725-4afa-bb96-e719b980f47a
2021-11-14 01:05:46,985 [grpc-default-executor-1] INFO  impl.RoleInfo (RoleInfo.java:shutdownFollowerState(108)) - 42593a4f-89d4-4363-aad7-ee84fdc40b17: shutdown 42593a4f-89d4-4363-aad7-ee84fdc40b17@group-083767A110ED-FollowerState
2021-11-14 01:05:46,995 [grpc-default-executor-0] INFO  server.RaftServer$Division (RaftServerImpl.java:requestVote(1046)) - 42593a4f-89d4-4363-aad7-ee84fdc40b17@group-083767A110ED: receive requestVote(ELECTION, 32069a0d-f39a-42d5-b706-96b3f478e9d8, group-083767A110ED, 2, (t:0, i:0))
2021-11-14 01:05:47,002 [grpc-default-executor-4] INFO  server.RaftServer$Division (RaftServerImpl.java:requestVote(1046)) - eb0c46e4-5725-4afa-bb96-e719b980f47a@group-083767A110ED: receive requestVote(ELECTION, 32069a0d-f39a-42d5-b706-96b3f478e9d8, group-083767A110ED, 2, (t:0, i:0))
2021-11-14 01:05:47,002 [grpc-default-executor-4] INFO  impl.VoteContext (VoteContext.java:log(48)) - eb0c46e4-5725-4afa-bb96-e719b980f47a@group-083767A110ED-FOLLOWER: reject ELECTION from 32069a0d-f39a-42d5-b706-96b3f478e9d8: already has voted for eb0c46e4-5725-4afa-bb96-e719b980f47a at current term 2
2021-11-14 01:05:47,002 [grpc-default-executor-4] INFO  server.RaftServer$Division (RaftServerImpl.java:requestVote(1078)) - eb0c46e4-5725-4afa-bb96-e719b980f47a@group-083767A110ED replies to ELECTION vote request: 32069a0d-f39a-42d5-b706-96b3f478e9d8<-eb0c46e4-5725-4afa-bb96-e719b980f47a#0:FAIL-t2. Peer's state: eb0c46e4-5725-4afa-bb96-e719b980f47a@group-083767A110ED:t2, leader=null, voted=eb0c46e4-5725-4afa-bb96-e719b980f47a, raftlog=eb0c46e4-5725-4afa-bb96-e719b980f47a@group-083767A110ED-SegmentedRaftLog:OPENED:c-1, conf=-1: [32069a0d-f39a-42d5-b706-96b3f478e9d8|rpc:10.1.0.47:43355|priority:1, 42593a4f-89d4-4363-aad7-ee84fdc40b17|rpc:10.1.0.47:38117|priority:0, eb0c46e4-5725-4afa-bb96-e719b980f47a|rpc:10.1.0.47:38135|priority:0], old=null
2021-11-14 01:05:47,009 [grpc-default-executor-1] INFO  impl.RoleInfo (RoleInfo.java:updateAndGet(130)) - 42593a4f-89d4-4363-aad7-ee84fdc40b17: start 42593a4f-89d4-4363-aad7-ee84fdc40b17@group-083767A110ED-FollowerState
2021-11-14 01:05:47,009 [42593a4f-89d4-4363-aad7-ee84fdc40b17@group-083767A110ED-FollowerState] INFO  impl.FollowerState (FollowerState.java:run(143)) - 42593a4f-89d4-4363-aad7-ee84fdc40b17@group-083767A110ED-FollowerState was interrupted: {}
java.lang.InterruptedException: sleep interrupted
	at java.lang.Thread.sleep(Native Method)
	at java.lang.Thread.sleep(Thread.java:340)
	at java.util.concurrent.TimeUnit.sleep(TimeUnit.java:386)
	at org.apache.ratis.util.TimeDuration.sleep(TimeDuration.java:324)
	at org.apache.ratis.util.TimeDuration.sleep(TimeDuration.java:309)
	at org.apache.ratis.server.impl.FollowerState.run(FollowerState.java:118)
2021-11-14 01:05:47,030 [grpc-default-executor-1] INFO  server.RaftServer$Division (RaftServerImpl.java:requestVote(1078)) - 42593a4f-89d4-4363-aad7-ee84fdc40b17@group-083767A110ED replies to ELECTION vote request: eb0c46e4-5725-4afa-bb96-e719b980f47a<-42593a4f-89d4-4363-aad7-ee84fdc40b17#0:OK-t2. Peer's state: 42593a4f-89d4-4363-aad7-ee84fdc40b17@group-083767A110ED:t2, leader=null, voted=eb0c46e4-5725-4afa-bb96-e719b980f47a, raftlog=42593a4f-89d4-4363-aad7-ee84fdc40b17@group-083767A110ED-SegmentedRaftLog:OPENED:c-1, conf=-1: [32069a0d-f39a-42d5-b706-96b3f478e9d8|rpc:10.1.0.47:43355|dataStream:|priority:1, 42593a4f-89d4-4363-aad7-ee84fdc40b17|rpc:10.1.0.47:38117|dataStream:|priority:0, eb0c46e4-5725-4afa-bb96-e719b980f47a|rpc:10.1.0.47:38135|dataStream:|priority:0], old=null
2021-11-14 01:05:47,030 [grpc-default-executor-0] INFO  impl.VoteContext (VoteContext.java:log(48)) - 42593a4f-89d4-4363-aad7-ee84fdc40b17@group-083767A110ED-FOLLOWER: reject ELECTION from 32069a0d-f39a-42d5-b706-96b3f478e9d8: already has voted for eb0c46e4-5725-4afa-bb96-e719b980f47a at current term 2
2021-11-14 01:05:47,030 [grpc-default-executor-0] INFO  server.RaftServer$Division (RaftServerImpl.java:requestVote(1078)) - 42593a4f-89d4-4363-aad7-ee84fdc40b17@group-083767A110ED replies to ELECTION vote request: 32069a0d-f39a-42d5-b706-96b3f478e9d8<-42593a4f-89d4-4363-aad7-ee84fdc40b17#0:FAIL-t2. Peer's state: 42593a4f-89d4-4363-aad7-ee84fdc40b17@group-083767A110ED:t2, leader=null, voted=eb0c46e4-5725-4afa-bb96-e719b980f47a, raftlog=42593a4f-89d4-4363-aad7-ee84fdc40b17@group-083767A110ED-SegmentedRaftLog:OPENED:c-1, conf=-1: [32069a0d-f39a-42d5-b706-96b3f478e9d8|rpc:10.1.0.47:43355|dataStream:|priority:1, 42593a4f-89d4-4363-aad7-ee84fdc40b17|rpc:10.1.0.47:38117|dataStream:|priority:0, eb0c46e4-5725-4afa-bb96-e719b980f47a|rpc:10.1.0.47:38135|dataStream:|priority:0], old=null
2021-11-14 01:05:47,033 [32069a0d-f39a-42d5-b706-96b3f478e9d8@group-083767A110ED-LeaderElection137] INFO  impl.LeaderElection (LeaderElection.java:logAndReturn(89)) - 32069a0d-f39a-42d5-b706-96b3f478e9d8@group-083767A110ED-LeaderElection137: ELECTION REJECTED received 2 response(s) and 0 exception(s):
2021-11-14 01:05:47,033 [32069a0d-f39a-42d5-b706-96b3f478e9d8@group-083767A110ED-LeaderElection137] INFO  impl.LeaderElection (LeaderElection.java:logAndReturn(93)) -   Response 0: 32069a0d-f39a-42d5-b706-96b3f478e9d8<-42593a4f-89d4-4363-aad7-ee84fdc40b17#0:FAIL-t2
2021-11-14 01:05:47,033 [32069a0d-f39a-42d5-b706-96b3f478e9d8@group-083767A110ED-LeaderElection137] INFO  impl.LeaderElection (LeaderElection.java:logAndReturn(93)) -   Response 1: 32069a0d-f39a-42d5-b706-96b3f478e9d8<-eb0c46e4-5725-4afa-bb96-e719b980f47a#0:FAIL-t2
2021-11-14 01:05:47,034 [32069a0d-f39a-42d5-b706-96b3f478e9d8@group-083767A110ED-LeaderElection137] INFO  impl.LeaderElection (LeaderElection.java:askForVotes(308)) - 32069a0d-f39a-42d5-b706-96b3f478e9d8@group-083767A110ED-LeaderElection137 ELECTION round 0: result REJECTED
2021-11-14 01:05:47,034 [32069a0d-f39a-42d5-b706-96b3f478e9d8@group-083767A110ED-LeaderElection137] INFO  server.RaftServer$Division (RaftServerImpl.java:setRole(290)) - 32069a0d-f39a-42d5-b706-96b3f478e9d8@group-083767A110ED: changes role from CANDIDATE to FOLLOWER at term 2 for REJECTED
2021-11-14 01:05:47,034 [32069a0d-f39a-42d5-b706-96b3f478e9d8@group-083767A110ED-LeaderElection137] INFO  impl.RoleInfo (RoleInfo.java:shutdownLeaderElection(121)) - 32069a0d-f39a-42d5-b706-96b3f478e9d8: shutdown 32069a0d-f39a-42d5-b706-96b3f478e9d8@group-083767A110ED-LeaderElection137
2021-11-14 01:05:47,034 [32069a0d-f39a-42d5-b706-96b3f478e9d8@group-083767A110ED-LeaderElection137] INFO  impl.RoleInfo (RoleInfo.java:updateAndGet(130)) - 32069a0d-f39a-42d5-b706-96b3f478e9d8: start 32069a0d-f39a-42d5-b706-96b3f478e9d8@group-083767A110ED-FollowerState
2021-11-14 01:05:47,256 [grpc-default-executor-1] WARN  server.GrpcLogAppender (LogUtils.java:warn(122)) - eb0c46e4-5725-4afa-bb96-e719b980f47a@group-06F4125447C4->a5432c49-5461-405d-b7d7-37e5c225d9bf-AppendLogResponseHandler: Failed appendEntries: org.apache.ratis.thirdparty.io.grpc.StatusRuntimeException: UNAVAILABLE: io exception
2021-11-14 01:05:47,256 [grpc-default-executor-1] WARN  server.GrpcLogAppender (GrpcLogAppender.java:resetClient(110)) - eb0c46e4-5725-4afa-bb96-e719b980f47a@group-06F4125447C4->a5432c49-5461-405d-b7d7-37e5c225d9bf-GrpcLogAppender: Leader has not got in touch with Follower eb0c46e4-5725-4afa-bb96-e719b980f47a@group-06F4125447C4->a5432c49-5461-405d-b7d7-37e5c225d9bf(c-1,m0,n1, attendVote=true, lastRpcSendTime=2505, lastRpcResponseTime=10353) yet, just keep nextIndex unchanged and retry.
2021-11-14 01:05:47,384 [grpc-default-executor-0] WARN  server.GrpcLogAppender (LogUtils.java:warn(122)) - e624a09e-d66f-4eff-951a-8f24e1213b58@group-0E53E93CFD0F->5b42674d-a9fa-4183-866d-d0b91026c546-AppendLogResponseHandler: Failed appendEntries: org.apache.ratis.thirdparty.io.grpc.StatusRuntimeException: UNAVAILABLE: io exception
2021-11-14 01:05:47,385 [grpc-default-executor-0] WARN  server.GrpcLogAppender (GrpcLogAppender.java:resetClient(110)) - e624a09e-d66f-4eff-951a-8f24e1213b58@group-0E53E93CFD0F->5b42674d-a9fa-4183-866d-d0b91026c546-GrpcLogAppender: Leader has not got in touch with Follower e624a09e-d66f-4eff-951a-8f24e1213b58@group-0E53E93CFD0F->5b42674d-a9fa-4183-866d-d0b91026c546(c0,m0,n1, attendVote=true, lastRpcSendTime=2506, lastRpcResponseTime=7560) yet, just keep nextIndex unchanged and retry.
2021-11-14 01:05:47,653 [32069a0d-f39a-42d5-b706-96b3f478e9d8@group-CAA489D3CFE4-FollowerState] INFO  impl.FollowerState (FollowerState.java:run(134)) - 32069a0d-f39a-42d5-b706-96b3f478e9d8@group-CAA489D3CFE4-FollowerState: change to CANDIDATE, lastRpcElapsedTime:5098920183ns, electionTimeout:5026ms
2021-11-14 01:05:47,653 [32069a0d-f39a-42d5-b706-96b3f478e9d8@group-CAA489D3CFE4-FollowerState] INFO  impl.RoleInfo (RoleInfo.java:shutdownFollowerState(108)) - 32069a0d-f39a-42d5-b706-96b3f478e9d8: shutdown 32069a0d-f39a-42d5-b706-96b3f478e9d8@group-CAA489D3CFE4-FollowerState
2021-11-14 01:05:47,653 [32069a0d-f39a-42d5-b706-96b3f478e9d8@group-CAA489D3CFE4-FollowerState] INFO  server.RaftServer$Division (RaftServerImpl.java:setRole(290)) - 32069a0d-f39a-42d5-b706-96b3f478e9d8@group-CAA489D3CFE4: changes role from  FOLLOWER to CANDIDATE at term 1 for changeToCandidate
2021-11-14 01:05:47,653 [32069a0d-f39a-42d5-b706-96b3f478e9d8@group-CAA489D3CFE4-FollowerState] INFO  server.RaftServerConfigKeys (ConfUtils.java:logGet(44)) - raft.server.leaderelection.pre-vote = false (custom)
2021-11-14 01:05:47,653 [32069a0d-f39a-42d5-b706-96b3f478e9d8@group-CAA489D3CFE4-FollowerState] INFO  impl.RoleInfo (RoleInfo.java:updateAndGet(130)) - 32069a0d-f39a-42d5-b706-96b3f478e9d8: start 32069a0d-f39a-42d5-b706-96b3f478e9d8@group-CAA489D3CFE4-LeaderElection139
2021-11-14 01:05:47,668 [32069a0d-f39a-42d5-b706-96b3f478e9d8@group-CAA489D3CFE4-LeaderElection139] INFO  impl.LeaderElection (LeaderElection.java:askForVotes(306)) - 32069a0d-f39a-42d5-b706-96b3f478e9d8@group-CAA489D3CFE4-LeaderElection139 ELECTION round 0: submit vote requests at term 2 for -1: [a5432c49-5461-405d-b7d7-37e5c225d9bf|rpc:10.1.0.47:33007|priority:1, 32069a0d-f39a-42d5-b706-96b3f478e9d8|rpc:10.1.0.47:43355|priority:0, 42593a4f-89d4-4363-aad7-ee84fdc40b17|rpc:10.1.0.47:38117|priority:0], old=null
2021-11-14 01:05:47,693 [32069a0d-f39a-42d5-b706-96b3f478e9d8@group-CAA489D3CFE4-LeaderElection139] INFO  impl.LeaderElection (LogUtils.java:infoOrTrace(137)) - 32069a0d-f39a-42d5-b706-96b3f478e9d8@group-CAA489D3CFE4-LeaderElection139 got exception when requesting votes: java.util.concurrent.ExecutionException: org.apache.ratis.thirdparty.io.grpc.StatusRuntimeException: UNAVAILABLE: io exception
2021-11-14 01:05:47,694 [grpc-default-executor-1] INFO  server.RaftServer$Division (RaftServerImpl.java:requestVote(1046)) - 42593a4f-89d4-4363-aad7-ee84fdc40b17@group-CAA489D3CFE4: receive requestVote(ELECTION, 32069a0d-f39a-42d5-b706-96b3f478e9d8, group-CAA489D3CFE4, 2, (t:0, i:0))
2021-11-14 01:05:47,694 [grpc-default-executor-1] INFO  impl.VoteContext (VoteContext.java:log(48)) - 42593a4f-89d4-4363-aad7-ee84fdc40b17@group-CAA489D3CFE4-FOLLOWER: accept ELECTION from 32069a0d-f39a-42d5-b706-96b3f478e9d8: our priority 0 <= candidate's priority 0
2021-11-14 01:05:47,694 [grpc-default-executor-1] INFO  server.RaftServer$Division (RaftServerImpl.java:setRole(290)) - 42593a4f-89d4-4363-aad7-ee84fdc40b17@group-CAA489D3CFE4: changes role from  FOLLOWER to FOLLOWER at term 2 for candidate:32069a0d-f39a-42d5-b706-96b3f478e9d8
2021-11-14 01:05:47,694 [grpc-default-executor-1] INFO  impl.RoleInfo (RoleInfo.java:shutdownFollowerState(108)) - 42593a4f-89d4-4363-aad7-ee84fdc40b17: shutdown 42593a4f-89d4-4363-aad7-ee84fdc40b17@group-CAA489D3CFE4-FollowerState
2021-11-14 01:05:47,695 [grpc-default-executor-1] INFO  impl.RoleInfo (RoleInfo.java:updateAndGet(130)) - 42593a4f-89d4-4363-aad7-ee84fdc40b17: start 42593a4f-89d4-4363-aad7-ee84fdc40b17@group-CAA489D3CFE4-FollowerState
2021-11-14 01:05:47,695 [42593a4f-89d4-4363-aad7-ee84fdc40b17@group-CAA489D3CFE4-FollowerState] INFO  impl.FollowerState (FollowerState.java:run(143)) - 42593a4f-89d4-4363-aad7-ee84fdc40b17@group-CAA489D3CFE4-FollowerState was interrupted: {}
java.lang.InterruptedException: sleep interrupted
	at java.lang.Thread.sleep(Native Method)
	at java.lang.Thread.sleep(Thread.java:340)
	at java.util.concurrent.TimeUnit.sleep(TimeUnit.java:386)
	at org.apache.ratis.util.TimeDuration.sleep(TimeDuration.java:324)
	at org.apache.ratis.util.TimeDuration.sleep(TimeDuration.java:309)
	at org.apache.ratis.server.impl.FollowerState.run(FollowerState.java:118)
2021-11-14 01:05:47,698 [grpc-default-executor-0] WARN  server.GrpcLogAppender (LogUtils.java:warn(122)) - e624a09e-d66f-4eff-951a-8f24e1213b58@group-B41A3219138A->5b42674d-a9fa-4183-866d-d0b91026c546-AppendLogResponseHandler: Failed appendEntries: org.apache.ratis.thirdparty.io.grpc.StatusRuntimeException: UNAVAILABLE: io exception
2021-11-14 01:05:47,699 [grpc-default-executor-0] WARN  server.GrpcLogAppender (GrpcLogAppender.java:resetClient(110)) - e624a09e-d66f-4eff-951a-8f24e1213b58@group-B41A3219138A->5b42674d-a9fa-4183-866d-d0b91026c546-GrpcLogAppender: Leader has not got in touch with Follower e624a09e-d66f-4eff-951a-8f24e1213b58@group-B41A3219138A->5b42674d-a9fa-4183-866d-d0b91026c546(c-1,m0,n3, attendVote=true, lastRpcSendTime=0, lastRpcResponseTime=7840) yet, just keep nextIndex unchanged and retry.
2021-11-14 01:05:47,715 [grpc-default-executor-1] INFO  server.RaftServer$Division (RaftServerImpl.java:requestVote(1078)) - 42593a4f-89d4-4363-aad7-ee84fdc40b17@group-CAA489D3CFE4 replies to ELECTION vote request: 32069a0d-f39a-42d5-b706-96b3f478e9d8<-42593a4f-89d4-4363-aad7-ee84fdc40b17#0:OK-t2. Peer's state: 42593a4f-89d4-4363-aad7-ee84fdc40b17@group-CAA489D3CFE4:t2, leader=null, voted=32069a0d-f39a-42d5-b706-96b3f478e9d8, raftlog=42593a4f-89d4-4363-aad7-ee84fdc40b17@group-CAA489D3CFE4-SegmentedRaftLog:OPENED:c-1, conf=-1: [a5432c49-5461-405d-b7d7-37e5c225d9bf|rpc:10.1.0.47:33007|dataStream:|priority:1, 32069a0d-f39a-42d5-b706-96b3f478e9d8|rpc:10.1.0.47:43355|dataStream:|priority:0, 42593a4f-89d4-4363-aad7-ee84fdc40b17|rpc:10.1.0.47:38117|dataStream:|priority:0], old=null
2021-11-14 01:05:47,792 [32069a0d-f39a-42d5-b706-96b3f478e9d8@group-CAA489D3CFE4-LeaderElection139] INFO  impl.LeaderElection (LeaderElection.java:logAndReturn(89)) - 32069a0d-f39a-42d5-b706-96b3f478e9d8@group-CAA489D3CFE4-LeaderElection139: ELECTION PASSED received 1 response(s) and 1 exception(s):
2021-11-14 01:05:47,792 [32069a0d-f39a-42d5-b706-96b3f478e9d8@group-CAA489D3CFE4-LeaderElection139] INFO  impl.LeaderElection (LeaderElection.java:logAndReturn(93)) -   Response 0: 32069a0d-f39a-42d5-b706-96b3f478e9d8<-42593a4f-89d4-4363-aad7-ee84fdc40b17#0:OK-t2
2021-11-14 01:05:47,792 [32069a0d-f39a-42d5-b706-96b3f478e9d8@group-CAA489D3CFE4-LeaderElection139] INFO  impl.LeaderElection (LogUtils.java:infoOrTrace(137)) -   Exception 1: java.util.concurrent.ExecutionException: org.apache.ratis.thirdparty.io.grpc.StatusRuntimeException: UNAVAILABLE: io exception
2021-11-14 01:05:47,792 [32069a0d-f39a-42d5-b706-96b3f478e9d8@group-CAA489D3CFE4-LeaderElection139] INFO  impl.LeaderElection (LeaderElection.java:askForVotes(308)) - 32069a0d-f39a-42d5-b706-96b3f478e9d8@group-CAA489D3CFE4-LeaderElection139 ELECTION round 0: result PASSED
2021-11-14 01:05:47,792 [32069a0d-f39a-42d5-b706-96b3f478e9d8@group-CAA489D3CFE4-LeaderElection139] INFO  impl.RoleInfo (RoleInfo.java:shutdownLeaderElection(121)) - 32069a0d-f39a-42d5-b706-96b3f478e9d8: shutdown 32069a0d-f39a-42d5-b706-96b3f478e9d8@group-CAA489D3CFE4-LeaderElection139
2021-11-14 01:05:47,792 [32069a0d-f39a-42d5-b706-96b3f478e9d8@group-CAA489D3CFE4-LeaderElection139] INFO  server.RaftServer$Division (RaftServerImpl.java:setRole(290)) - 32069a0d-f39a-42d5-b706-96b3f478e9d8@group-CAA489D3CFE4: changes role from CANDIDATE to LEADER at term 2 for changeToLeader
2021-11-14 01:05:47,792 [32069a0d-f39a-42d5-b706-96b3f478e9d8@group-CAA489D3CFE4-LeaderElection139] INFO  ratis.XceiverServerRatis (XceiverServerRatis.java:handleLeaderChangedNotification(866)) - Leader change notification received for group: group-CAA489D3CFE4 with new leaderId: 32069a0d-f39a-42d5-b706-96b3f478e9d8
2021-11-14 01:05:47,792 [32069a0d-f39a-42d5-b706-96b3f478e9d8@group-CAA489D3CFE4-LeaderElection139] INFO  server.RaftServer$Division (ServerState.java:setLeader(285)) - 32069a0d-f39a-42d5-b706-96b3f478e9d8@group-CAA489D3CFE4: change Leader from null to 32069a0d-f39a-42d5-b706-96b3f478e9d8 at term 2 for becomeLeader, leader elected after 10542ms
2021-11-14 01:05:47,792 [32069a0d-f39a-42d5-b706-96b3f478e9d8@group-CAA489D3CFE4-LeaderElection139] INFO  server.RaftServerConfigKeys (ConfUtils.java:logGet(44)) - raft.server.staging.catchup.gap = 1000 (default)
2021-11-14 01:05:47,793 [32069a0d-f39a-42d5-b706-96b3f478e9d8@group-CAA489D3CFE4-LeaderElection139] INFO  server.RaftServerConfigKeys (ConfUtils.java:logGet(44)) - raft.server.write.element-limit = 1024 (custom)
2021-11-14 01:05:47,793 [32069a0d-f39a-42d5-b706-96b3f478e9d8@group-CAA489D3CFE4-LeaderElection139] INFO  server.RaftServerConfigKeys (ConfUtils.java:logGet(44)) - raft.server.write.byte-limit = 1024 M (=1073741824) (custom)
2021-11-14 01:05:47,793 [32069a0d-f39a-42d5-b706-96b3f478e9d8@group-CAA489D3CFE4-LeaderElection139] INFO  server.RaftServerConfigKeys (ConfUtils.java:logGet(44)) - raft.server.watch.timeout = 3000ms (custom)
2021-11-14 01:05:47,793 [32069a0d-f39a-42d5-b706-96b3f478e9d8@group-CAA489D3CFE4-LeaderElection139] INFO  server.RaftServerConfigKeys (ConfUtils.java:logGet(44)) - raft.server.watch.timeout.denomination = 1s (default)
2021-11-14 01:05:47,793 [32069a0d-f39a-42d5-b706-96b3f478e9d8@group-CAA489D3CFE4-LeaderElection139] INFO  server.RaftServerConfigKeys (ConfUtils.java:logGet(44)) - raft.server.watch.element-limit = 65536 (default)
2021-11-14 01:05:47,793 [32069a0d-f39a-42d5-b706-96b3f478e9d8@group-CAA489D3CFE4-LeaderElection139] INFO  server.RaftServerConfigKeys (ConfUtils.java:logGet(44)) - raft.server.write.element-limit = 1024 (custom)
2021-11-14 01:05:47,793 [32069a0d-f39a-42d5-b706-96b3f478e9d8@group-CAA489D3CFE4-LeaderElection139] INFO  server.RaftServerConfigKeys (ConfUtils.java:logGet(44)) - raft.server.write.follower.gap.ratio.max = -1.0 (default)
2021-11-14 01:05:47,794 [32069a0d-f39a-42d5-b706-96b3f478e9d8@group-CAA489D3CFE4-LeaderElection139] INFO  server.RaftServerConfigKeys (ConfUtils.java:logGet(44)) - raft.server.log.appender.snapshot.chunk.size.max = 16MB (=16777216) (default)
2021-11-14 01:05:47,794 [32069a0d-f39a-42d5-b706-96b3f478e9d8@group-CAA489D3CFE4-LeaderElection139] INFO  server.RaftServerConfigKeys (ConfUtils.java:logGet(44)) - raft.server.log.appender.buffer.byte-limit = 33554432 (custom)
2021-11-14 01:05:47,794 [32069a0d-f39a-42d5-b706-96b3f478e9d8@group-CAA489D3CFE4-LeaderElection139] INFO  server.RaftServerConfigKeys (ConfUtils.java:logGet(44)) - raft.server.log.appender.buffer.element-limit = 1 (custom)
2021-11-14 01:05:47,794 [32069a0d-f39a-42d5-b706-96b3f478e9d8@group-CAA489D3CFE4-LeaderElection139] INFO  grpc.GrpcConfigKeys (ConfUtils.java:logGet(44)) - raft.grpc.server.leader.outstanding.appends.max = 128 (default)
2021-11-14 01:05:47,794 [32069a0d-f39a-42d5-b706-96b3f478e9d8@group-CAA489D3CFE4-LeaderElection139] INFO  server.RaftServerConfigKeys (ConfUtils.java:logGet(44)) - raft.server.rpc.request.timeout = 3000ms (default)
2021-11-14 01:05:47,794 [32069a0d-f39a-42d5-b706-96b3f478e9d8@group-CAA489D3CFE4-LeaderElection139] INFO  server.RaftServerConfigKeys (ConfUtils.java:logGet(44)) - raft.server.log.appender.install.snapshot.enabled = false (custom)
2021-11-14 01:05:47,796 [32069a0d-f39a-42d5-b706-96b3f478e9d8@group-CAA489D3CFE4-LeaderElection139] INFO  server.RaftServerConfigKeys (ConfUtils.java:logGet(44)) - raft.server.log.appender.snapshot.chunk.size.max = 16MB (=16777216) (default)
2021-11-14 01:05:47,796 [32069a0d-f39a-42d5-b706-96b3f478e9d8@group-CAA489D3CFE4-LeaderElection139] INFO  server.RaftServerConfigKeys (ConfUtils.java:logGet(44)) - raft.server.log.appender.buffer.byte-limit = 33554432 (custom)
2021-11-14 01:05:47,797 [32069a0d-f39a-42d5-b706-96b3f478e9d8@group-CAA489D3CFE4-LeaderElection139] INFO  server.RaftServerConfigKeys (ConfUtils.java:logGet(44)) - raft.server.log.appender.buffer.element-limit = 1 (custom)
2021-11-14 01:05:47,797 [32069a0d-f39a-42d5-b706-96b3f478e9d8@group-CAA489D3CFE4-LeaderElection139] INFO  grpc.GrpcConfigKeys (ConfUtils.java:logGet(44)) - raft.grpc.server.leader.outstanding.appends.max = 128 (default)
2021-11-14 01:05:47,797 [32069a0d-f39a-42d5-b706-96b3f478e9d8@group-CAA489D3CFE4-LeaderElection139] INFO  server.RaftServerConfigKeys (ConfUtils.java:logGet(44)) - raft.server.rpc.request.timeout = 3000ms (default)
2021-11-14 01:05:47,797 [32069a0d-f39a-42d5-b706-96b3f478e9d8@group-CAA489D3CFE4-LeaderElection139] INFO  server.RaftServerConfigKeys (ConfUtils.java:logGet(44)) - raft.server.log.appender.install.snapshot.enabled = false (custom)
2021-11-14 01:05:47,846 [32069a0d-f39a-42d5-b706-96b3f478e9d8@group-CAA489D3CFE4-LeaderElection139] INFO  impl.RoleInfo (RoleInfo.java:updateAndGet(130)) - 32069a0d-f39a-42d5-b706-96b3f478e9d8: start 32069a0d-f39a-42d5-b706-96b3f478e9d8@group-CAA489D3CFE4-LeaderStateImpl
2021-11-14 01:05:47,847 [32069a0d-f39a-42d5-b706-96b3f478e9d8@group-CAA489D3CFE4-LeaderElection139] INFO  segmented.SegmentedRaftLogWorker (SegmentedRaftLogWorker.java:startLogSegment(394)) - 32069a0d-f39a-42d5-b706-96b3f478e9d8@group-CAA489D3CFE4-SegmentedRaftLogWorker: Starting segment from index:0
2021-11-14 01:05:47,850 [32069a0d-f39a-42d5-b706-96b3f478e9d8@group-CAA489D3CFE4-SegmentedRaftLogWorker] INFO  segmented.SegmentedRaftLogWorker (SegmentedRaftLogWorker.java:execute(601)) - 32069a0d-f39a-42d5-b706-96b3f478e9d8@group-CAA489D3CFE4-SegmentedRaftLogWorker: created new log segment /home/runner/work/ozone/ozone/hadoop-ozone/integration-test/target/test-dir/MiniOzoneClusterImpl-5b6cbd2a-2976-43bc-8d1c-e3ca86cddeeb/datanode-0/data/ratis/504e848c-8156-4a34-b367-caa489d3cfe4/current/log_inprogress_0
2021-11-14 01:05:47,902 [grpc-default-executor-0] INFO  ratis.XceiverServerRatis (XceiverServerRatis.java:handleLeaderChangedNotification(866)) - Leader change notification received for group: group-CAA489D3CFE4 with new leaderId: 32069a0d-f39a-42d5-b706-96b3f478e9d8
2021-11-14 01:05:47,902 [grpc-default-executor-0] INFO  server.RaftServer$Division (ServerState.java:setLeader(285)) - 42593a4f-89d4-4363-aad7-ee84fdc40b17@group-CAA489D3CFE4: change Leader from null to 32069a0d-f39a-42d5-b706-96b3f478e9d8 at term 2 for appendEntries, leader elected after 10520ms
2021-11-14 01:05:47,917 [32069a0d-f39a-42d5-b706-96b3f478e9d8@group-CAA489D3CFE4-LeaderElection139] INFO  server.RaftServer$Division (ServerState.java:setRaftConf(387)) - 32069a0d-f39a-42d5-b706-96b3f478e9d8@group-CAA489D3CFE4: set configuration 0: [a5432c49-5461-405d-b7d7-37e5c225d9bf|rpc:10.1.0.47:33007|dataStream:|priority:1, 32069a0d-f39a-42d5-b706-96b3f478e9d8|rpc:10.1.0.47:43355|dataStream:|priority:0, 42593a4f-89d4-4363-aad7-ee84fdc40b17|rpc:10.1.0.47:38117|dataStream:|priority:0], old=null
2021-11-14 01:05:47,962 [grpc-default-executor-1] WARN  server.GrpcLogAppender (LogUtils.java:warn(122)) - 32069a0d-f39a-42d5-b706-96b3f478e9d8@group-CAA489D3CFE4->a5432c49-5461-405d-b7d7-37e5c225d9bf-AppendLogResponseHandler: Failed appendEntries: org.apache.ratis.thirdparty.io.grpc.StatusRuntimeException: UNAVAILABLE: io exception
2021-11-14 01:05:47,966 [grpc-default-executor-0] INFO  server.RaftServer$Division (ServerState.java:setRaftConf(387)) - 42593a4f-89d4-4363-aad7-ee84fdc40b17@group-CAA489D3CFE4: set configuration 0: [a5432c49-5461-405d-b7d7-37e5c225d9bf|rpc:10.1.0.47:33007|dataStream:|priority:1, 32069a0d-f39a-42d5-b706-96b3f478e9d8|rpc:10.1.0.47:43355|dataStream:|priority:0, 42593a4f-89d4-4363-aad7-ee84fdc40b17|rpc:10.1.0.47:38117|dataStream:|priority:0], old=null
2021-11-14 01:05:48,002 [grpc-default-executor-1] WARN  server.GrpcLogAppender (GrpcLogAppender.java:resetClient(110)) - 32069a0d-f39a-42d5-b706-96b3f478e9d8@group-CAA489D3CFE4->a5432c49-5461-405d-b7d7-37e5c225d9bf-GrpcLogAppender: Leader has not got in touch with Follower 32069a0d-f39a-42d5-b706-96b3f478e9d8@group-CAA489D3CFE4->a5432c49-5461-405d-b7d7-37e5c225d9bf(c-1,m0,n1, attendVote=true, lastRpcSendTime=1, lastRpcResponseTime=5408) yet, just keep nextIndex unchanged and retry.
2021-11-14 01:05:48,002 [grpc-default-executor-0] INFO  segmented.SegmentedRaftLogWorker (SegmentedRaftLogWorker.java:startLogSegment(394)) - 42593a4f-89d4-4363-aad7-ee84fdc40b17@group-CAA489D3CFE4-SegmentedRaftLogWorker: Starting segment from index:0
2021-11-14 01:05:48,009 [42593a4f-89d4-4363-aad7-ee84fdc40b17@group-CAA489D3CFE4-SegmentedRaftLogWorker] INFO  segmented.SegmentedRaftLogWorker (SegmentedRaftLogWorker.java:execute(601)) - 42593a4f-89d4-4363-aad7-ee84fdc40b17@group-CAA489D3CFE4-SegmentedRaftLogWorker: created new log segment /home/runner/work/ozone/ozone/hadoop-ozone/integration-test/target/test-dir/MiniOzoneClusterImpl-5b6cbd2a-2976-43bc-8d1c-e3ca86cddeeb/datanode-2/data/ratis/504e848c-8156-4a34-b367-caa489d3cfe4/current/log_inprogress_0
2021-11-14 01:05:49,351 [grpc-default-executor-2] WARN  server.GrpcLogAppender (LogUtils.java:warn(122)) - 8f64935f-b83c-4009-bc32-b4395deb71aa@group-B8A997D08E4F->5b42674d-a9fa-4183-866d-d0b91026c546-AppendLogResponseHandler: Failed appendEntries: org.apache.ratis.thirdparty.io.grpc.StatusRuntimeException: UNAVAILABLE: io exception
2021-11-14 01:05:49,352 [grpc-default-executor-2] WARN  server.GrpcLogAppender (GrpcLogAppender.java:resetClient(110)) - 8f64935f-b83c-4009-bc32-b4395deb71aa@group-B8A997D08E4F->5b42674d-a9fa-4183-866d-d0b91026c546-GrpcLogAppender: Leader has not got in touch with Follower 8f64935f-b83c-4009-bc32-b4395deb71aa@group-B8A997D08E4F->5b42674d-a9fa-4183-866d-d0b91026c546(c0,m0,n1, attendVote=true, lastRpcSendTime=2526, lastRpcResponseTime=10076) yet, just keep nextIndex unchanged and retry.
2021-11-14 01:05:49,426 [ForkJoinPool.commonPool-worker-0] INFO  ozoneimpl.OzoneContainer (OzoneContainer.java:stop(325)) - Attempting to stop container services.
2021-11-14 01:05:49,429 [ForkJoinPool.commonPool-worker-0] INFO  server.RaftServer (RaftServerProxy.java:lambda$close$6(391)) - 42593a4f-89d4-4363-aad7-ee84fdc40b17: close
2021-11-14 01:05:49,429 [ForkJoinPool.commonPool-worker-0] INFO  server.RaftServer$Division (RaftServerImpl.java:lambda$close$4(412)) - 42593a4f-89d4-4363-aad7-ee84fdc40b17@group-CAA489D3CFE4: shutdown
2021-11-14 01:05:49,429 [ForkJoinPool.commonPool-worker-0] INFO  util.JmxRegister (JmxRegister.java:unregister(73)) - Successfully un-registered JMX Bean with object name Ratis:service=RaftServer,group=group-CAA489D3CFE4,id=42593a4f-89d4-4363-aad7-ee84fdc40b17
2021-11-14 01:05:49,429 [ForkJoinPool.commonPool-worker-0] INFO  impl.RoleInfo (RoleInfo.java:shutdownFollowerState(108)) - 42593a4f-89d4-4363-aad7-ee84fdc40b17: shutdown 42593a4f-89d4-4363-aad7-ee84fdc40b17@group-CAA489D3CFE4-FollowerState
2021-11-14 01:05:49,430 [ForkJoinPool.commonPool-worker-0] INFO  impl.StateMachineUpdater (StateMachineUpdater.java:stopAndJoin(149)) - 42593a4f-89d4-4363-aad7-ee84fdc40b17@group-CAA489D3CFE4-StateMachineUpdater: set stopIndex = 0
2021-11-14 01:05:49,432 [42593a4f-89d4-4363-aad7-ee84fdc40b17@group-CAA489D3CFE4-FollowerState] INFO  impl.FollowerState (FollowerState.java:run(143)) - 42593a4f-89d4-4363-aad7-ee84fdc40b17@group-CAA489D3CFE4-FollowerState was interrupted: {}
java.lang.InterruptedException: sleep interrupted
	at java.lang.Thread.sleep(Native Method)
	at java.lang.Thread.sleep(Thread.java:340)
	at java.util.concurrent.TimeUnit.sleep(TimeUnit.java:386)
	at org.apache.ratis.util.TimeDuration.sleep(TimeDuration.java:324)
	at org.apache.ratis.util.TimeDuration.sleep(TimeDuration.java:309)
	at org.apache.ratis.server.impl.FollowerState.run(FollowerState.java:118)
2021-11-14 01:05:49,432 [42593a4f-89d4-4363-aad7-ee84fdc40b17@group-CAA489D3CFE4-StateMachineUpdater] INFO  ratis.ContainerStateMachine (ContainerStateMachine.java:takeSnapshot(292)) - group-CAA489D3CFE4: Taking a snapshot at:(t:2, i:0) file /home/runner/work/ozone/ozone/hadoop-ozone/integration-test/target/test-dir/MiniOzoneClusterImpl-5b6cbd2a-2976-43bc-8d1c-e3ca86cddeeb/datanode-2/data/ratis/504e848c-8156-4a34-b367-caa489d3cfe4/sm/snapshot.2_0
2021-11-14 01:05:49,433 [42593a4f-89d4-4363-aad7-ee84fdc40b17@group-CAA489D3CFE4-StateMachineUpdater] INFO  ratis.ContainerStateMachine (ContainerStateMachine.java:takeSnapshot(303)) - group-CAA489D3CFE4: Finished taking a snapshot at:(t:2, i:0) file:/home/runner/work/ozone/ozone/hadoop-ozone/integration-test/target/test-dir/MiniOzoneClusterImpl-5b6cbd2a-2976-43bc-8d1c-e3ca86cddeeb/datanode-2/data/ratis/504e848c-8156-4a34-b367-caa489d3cfe4/sm/snapshot.2_0 took: 1 ms
2021-11-14 01:05:49,434 [42593a4f-89d4-4363-aad7-ee84fdc40b17@group-CAA489D3CFE4-StateMachineUpdater] INFO  impl.StateMachineUpdater (StateMachineUpdater.java:takeSnapshot(281)) - 42593a4f-89d4-4363-aad7-ee84fdc40b17@group-CAA489D3CFE4-StateMachineUpdater: Took a snapshot at index 0
2021-11-14 01:05:49,434 [42593a4f-89d4-4363-aad7-ee84fdc40b17@group-CAA489D3CFE4-StateMachineUpdater] INFO  impl.StateMachineUpdater (StateMachineUpdater.java:lambda$new$0(89)) - 42593a4f-89d4-4363-aad7-ee84fdc40b17@group-CAA489D3CFE4-StateMachineUpdater: snapshotIndex: updateIncreasingly -1 -> 0
2021-11-14 01:05:49,435 [ForkJoinPool.commonPool-worker-0] INFO  server.RaftServer$Division (ServerState.java:close(419)) - 42593a4f-89d4-4363-aad7-ee84fdc40b17@group-CAA489D3CFE4: closes. applyIndex: 0
2021-11-14 01:05:49,435 [42593a4f-89d4-4363-aad7-ee84fdc40b17@group-CAA489D3CFE4-SegmentedRaftLogWorker] INFO  segmented.SegmentedRaftLogWorker (SegmentedRaftLogWorker.java:run(327)) - 42593a4f-89d4-4363-aad7-ee84fdc40b17@group-CAA489D3CFE4-SegmentedRaftLogWorker was interrupted, exiting. There are 0 tasks remaining in the queue.
2021-11-14 01:05:49,437 [ForkJoinPool.commonPool-worker-0] INFO  segmented.SegmentedRaftLogWorker (SegmentedRaftLogWorker.java:close(237)) - 42593a4f-89d4-4363-aad7-ee84fdc40b17@group-CAA489D3CFE4-SegmentedRaftLogWorker close()
2021-11-14 01:05:49,438 [ForkJoinPool.commonPool-worker-0] INFO  server.RaftServer$Division (RaftServerImpl.java:lambda$close$4(412)) - 42593a4f-89d4-4363-aad7-ee84fdc40b17@group-4276E13490A7: shutdown
2021-11-14 01:05:49,438 [ForkJoinPool.commonPool-worker-0] INFO  util.JmxRegister (JmxRegister.java:unregister(73)) - Successfully un-registered JMX Bean with object name Ratis:service=RaftServer,group=group-4276E13490A7,id=42593a4f-89d4-4363-aad7-ee84fdc40b17
2021-11-14 01:05:49,438 [ForkJoinPool.commonPool-worker-0] INFO  impl.RoleInfo (RoleInfo.java:shutdownFollowerState(108)) - 42593a4f-89d4-4363-aad7-ee84fdc40b17: shutdown 42593a4f-89d4-4363-aad7-ee84fdc40b17@group-4276E13490A7-FollowerState
2021-11-14 01:05:49,438 [ForkJoinPool.commonPool-worker-0] INFO  impl.StateMachineUpdater (StateMachineUpdater.java:stopAndJoin(149)) - 42593a4f-89d4-4363-aad7-ee84fdc40b17@group-4276E13490A7-StateMachineUpdater: set stopIndex = -1
2021-11-14 01:05:49,438 [42593a4f-89d4-4363-aad7-ee84fdc40b17@group-4276E13490A7-FollowerState] INFO  impl.FollowerState (FollowerState.java:run(143)) - 42593a4f-89d4-4363-aad7-ee84fdc40b17@group-4276E13490A7-FollowerState was interrupted: {}
java.lang.InterruptedException: sleep interrupted
	at java.lang.Thread.sleep(Native Method)
	at java.lang.Thread.sleep(Thread.java:340)
	at java.util.concurrent.TimeUnit.sleep(TimeUnit.java:386)
	at org.apache.ratis.util.TimeDuration.sleep(TimeDuration.java:324)
	at org.apache.ratis.util.TimeDuration.sleep(TimeDuration.java:309)
	at org.apache.ratis.server.impl.FollowerState.run(FollowerState.java:118)
2021-11-14 01:05:49,439 [ForkJoinPool.commonPool-worker-0] INFO  server.RaftServer$Division (ServerState.java:close(419)) - 42593a4f-89d4-4363-aad7-ee84fdc40b17@group-4276E13490A7: closes. applyIndex: -1
2021-11-14 01:05:49,439 [42593a4f-89d4-4363-aad7-ee84fdc40b17@group-4276E13490A7-SegmentedRaftLogWorker] INFO  segmented.SegmentedRaftLogWorker (SegmentedRaftLogWorker.java:run(327)) - 42593a4f-89d4-4363-aad7-ee84fdc40b17@group-4276E13490A7-SegmentedRaftLogWorker was interrupted, exiting. There are 0 tasks remaining in the queue.
2021-11-14 01:05:49,439 [ForkJoinPool.commonPool-worker-0] INFO  segmented.SegmentedRaftLogWorker (SegmentedRaftLogWorker.java:close(237)) - 42593a4f-89d4-4363-aad7-ee84fdc40b17@group-4276E13490A7-SegmentedRaftLogWorker close()
2021-11-14 01:05:49,443 [ForkJoinPool.commonPool-worker-0] INFO  server.RaftServer$Division (RaftServerImpl.java:lambda$close$4(412)) - 42593a4f-89d4-4363-aad7-ee84fdc40b17@group-083767A110ED: shutdown
2021-11-14 01:05:49,444 [ForkJoinPool.commonPool-worker-0] INFO  util.JmxRegister (JmxRegister.java:unregister(73)) - Successfully un-registered JMX Bean with object name Ratis:service=RaftServer,group=group-083767A110ED,id=42593a4f-89d4-4363-aad7-ee84fdc40b17
2021-11-14 01:05:49,444 [ForkJoinPool.commonPool-worker-0] INFO  impl.RoleInfo (RoleInfo.java:shutdownFollowerState(108)) - 42593a4f-89d4-4363-aad7-ee84fdc40b17: shutdown 42593a4f-89d4-4363-aad7-ee84fdc40b17@group-083767A110ED-FollowerState
2021-11-14 01:05:49,444 [ForkJoinPool.commonPool-worker-0] INFO  impl.StateMachineUpdater (StateMachineUpdater.java:stopAndJoin(149)) - 42593a4f-89d4-4363-aad7-ee84fdc40b17@group-083767A110ED-StateMachineUpdater: set stopIndex = -1
2021-11-14 01:05:49,444 [ForkJoinPool.commonPool-worker-0] INFO  server.RaftServer$Division (ServerState.java:close(419)) - 42593a4f-89d4-4363-aad7-ee84fdc40b17@group-083767A110ED: closes. applyIndex: -1
2021-11-14 01:05:49,444 [42593a4f-89d4-4363-aad7-ee84fdc40b17@group-083767A110ED-SegmentedRaftLogWorker] INFO  segmented.SegmentedRaftLogWorker (SegmentedRaftLogWorker.java:run(327)) - 42593a4f-89d4-4363-aad7-ee84fdc40b17@group-083767A110ED-SegmentedRaftLogWorker was interrupted, exiting. There are 0 tasks remaining in the queue.
2021-11-14 01:05:49,444 [ForkJoinPool.commonPool-worker-0] INFO  segmented.SegmentedRaftLogWorker (SegmentedRaftLogWorker.java:close(237)) - 42593a4f-89d4-4363-aad7-ee84fdc40b17@group-083767A110ED-SegmentedRaftLogWorker close()
2021-11-14 01:05:49,445 [ForkJoinPool.commonPool-worker-0] INFO  server.RaftServer$Division (RaftServerImpl.java:lambda$close$4(412)) - 42593a4f-89d4-4363-aad7-ee84fdc40b17@group-046F1A34B9C3: shutdown
2021-11-14 01:05:49,446 [ForkJoinPool.commonPool-worker-0] INFO  util.JmxRegister (JmxRegister.java:unregister(73)) - Successfully un-registered JMX Bean with object name Ratis:service=RaftServer,group=group-046F1A34B9C3,id=42593a4f-89d4-4363-aad7-ee84fdc40b17
2021-11-14 01:05:49,446 [ForkJoinPool.commonPool-worker-0] INFO  impl.RoleInfo (RoleInfo.java:shutdownLeaderState(91)) - 42593a4f-89d4-4363-aad7-ee84fdc40b17: shutdown 42593a4f-89d4-4363-aad7-ee84fdc40b17@group-046F1A34B9C3-LeaderStateImpl
2021-11-14 01:05:49,446 [ForkJoinPool.commonPool-worker-0] INFO  impl.PendingRequests (PendingRequests.java:sendNotLeaderResponses(282)) - 42593a4f-89d4-4363-aad7-ee84fdc40b17@group-046F1A34B9C3-PendingRequests: sendNotLeaderResponses
2021-11-14 01:05:49,461 [42593a4f-89d4-4363-aad7-ee84fdc40b17@group-083767A110ED-FollowerState] INFO  impl.FollowerState (FollowerState.java:run(143)) - 42593a4f-89d4-4363-aad7-ee84fdc40b17@group-083767A110ED-FollowerState was interrupted: {}
java.lang.InterruptedException: sleep interrupted
	at java.lang.Thread.sleep(Native Method)
	at java.lang.Thread.sleep(Thread.java:340)
	at java.util.concurrent.TimeUnit.sleep(TimeUnit.java:386)
	at org.apache.ratis.util.TimeDuration.sleep(TimeDuration.java:324)
	at org.apache.ratis.util.TimeDuration.sleep(TimeDuration.java:309)
	at org.apache.ratis.server.impl.FollowerState.run(FollowerState.java:118)
2021-11-14 01:05:49,470 [42593a4f-89d4-4363-aad7-ee84fdc40b17@group-046F1A34B9C3-StateMachineUpdater] INFO  ratis.ContainerStateMachine (ContainerStateMachine.java:takeSnapshot(292)) - group-046F1A34B9C3: Taking a snapshot at:(t:1, i:0) file /home/runner/work/ozone/ozone/hadoop-ozone/integration-test/target/test-dir/MiniOzoneClusterImpl-5b6cbd2a-2976-43bc-8d1c-e3ca86cddeeb/datanode-2/data/ratis/cc1dc006-f3c4-4fc8-af80-046f1a34b9c3/sm/snapshot.1_0
2021-11-14 01:05:49,470 [ForkJoinPool.commonPool-worker-0] INFO  impl.StateMachineUpdater (StateMachineUpdater.java:stopAndJoin(149)) - 42593a4f-89d4-4363-aad7-ee84fdc40b17@group-046F1A34B9C3-StateMachineUpdater: set stopIndex = 0
2021-11-14 01:05:49,471 [42593a4f-89d4-4363-aad7-ee84fdc40b17@group-046F1A34B9C3-StateMachineUpdater] INFO  ratis.ContainerStateMachine (ContainerStateMachine.java:takeSnapshot(303)) - group-046F1A34B9C3: Finished taking a snapshot at:(t:1, i:0) file:/home/runner/work/ozone/ozone/hadoop-ozone/integration-test/target/test-dir/MiniOzoneClusterImpl-5b6cbd2a-2976-43bc-8d1c-e3ca86cddeeb/datanode-2/data/ratis/cc1dc006-f3c4-4fc8-af80-046f1a34b9c3/sm/snapshot.1_0 took: 2 ms
2021-11-14 01:05:49,471 [42593a4f-89d4-4363-aad7-ee84fdc40b17@group-046F1A34B9C3-StateMachineUpdater] INFO  impl.StateMachineUpdater (StateMachineUpdater.java:takeSnapshot(281)) - 42593a4f-89d4-4363-aad7-ee84fdc40b17@group-046F1A34B9C3-StateMachineUpdater: Took a snapshot at index 0
2021-11-14 01:05:49,471 [42593a4f-89d4-4363-aad7-ee84fdc40b17@group-046F1A34B9C3-StateMachineUpdater] INFO  impl.StateMachineUpdater (StateMachineUpdater.java:lambda$new$0(89)) - 42593a4f-89d4-4363-aad7-ee84fdc40b17@group-046F1A34B9C3-StateMachineUpdater: snapshotIndex: updateIncreasingly -1 -> 0
2021-11-14 01:05:49,472 [ForkJoinPool.commonPool-worker-0] INFO  server.RaftServer$Division (ServerState.java:close(419)) - 42593a4f-89d4-4363-aad7-ee84fdc40b17@group-046F1A34B9C3: closes. applyIndex: 0
2021-11-14 01:05:49,472 [42593a4f-89d4-4363-aad7-ee84fdc40b17@group-046F1A34B9C3-SegmentedRaftLogWorker] INFO  segmented.SegmentedRaftLogWorker (SegmentedRaftLogWorker.java:run(327)) - 42593a4f-89d4-4363-aad7-ee84fdc40b17@group-046F1A34B9C3-SegmentedRaftLogWorker was interrupted, exiting. There are 0 tasks remaining in the queue.
2021-11-14 01:05:49,527 [ForkJoinPool.commonPool-worker-0] INFO  segmented.SegmentedRaftLogWorker (SegmentedRaftLogWorker.java:close(237)) - 42593a4f-89d4-4363-aad7-ee84fdc40b17@group-046F1A34B9C3-SegmentedRaftLogWorker close()
2021-11-14 01:05:49,535 [ForkJoinPool.commonPool-worker-0] INFO  server.GrpcService (GrpcService.java:closeImpl(262)) - 42593a4f-89d4-4363-aad7-ee84fdc40b17: shutdown server with port 38117 now
2021-11-14 01:05:49,638 [grpc-default-executor-0] WARN  server.GrpcServerProtocolService (LogUtils.java:warn(122)) - 42593a4f-89d4-4363-aad7-ee84fdc40b17: installSnapshot onError, lastRequest: 32069a0d-f39a-42d5-b706-96b3f478e9d8->42593a4f-89d4-4363-aad7-ee84fdc40b17#1-t2,previous=(t:0, i:0),leaderCommit=-1,initializing? true,entries: size=1, first=(t:2, i:0), CONFIGURATIONENTRY: org.apache.ratis.thirdparty.io.grpc.StatusRuntimeException: CANCELLED: client cancelled
2021-11-14 01:05:49,638 [grpc-default-executor-2] WARN  server.GrpcLogAppender (LogUtils.java:warn(122)) - 32069a0d-f39a-42d5-b706-96b3f478e9d8@group-CAA489D3CFE4->42593a4f-89d4-4363-aad7-ee84fdc40b17-AppendLogResponseHandler: Failed appendEntries: org.apache.ratis.thirdparty.io.grpc.StatusRuntimeException: CANCELLED: HTTP/2 error code: CANCEL
Received Rst Stream
2021-11-14 01:05:49,638 [grpc-default-executor-2] WARN  server.GrpcLogAppender (GrpcLogAppender.java:resetClient(110)) - 32069a0d-f39a-42d5-b706-96b3f478e9d8@group-CAA489D3CFE4->42593a4f-89d4-4363-aad7-ee84fdc40b17-GrpcLogAppender: Leader has not got in touch with Follower 32069a0d-f39a-42d5-b706-96b3f478e9d8@group-CAA489D3CFE4->42593a4f-89d4-4363-aad7-ee84fdc40b17(c0,m0,n1, attendVote=true, lastRpcSendTime=1708, lastRpcResponseTime=1542) yet, just keep nextIndex unchanged and retry.
2021-11-14 01:05:49,649 [ForkJoinPool.commonPool-worker-0] INFO  server.GrpcService (GrpcService.java:closeImpl(271)) - 42593a4f-89d4-4363-aad7-ee84fdc40b17: shutdown server with port 38117 successfully
2021-11-14 01:05:49,649 [org.apache.ratis.util.JvmPauseMonitor$$Lambda$531/1045442098@7058e123] INFO  util.JvmPauseMonitor (JvmPauseMonitor.java:run(109)) - JvmPauseMonitor-42593a4f-89d4-4363-aad7-ee84fdc40b17: Stopped
2021-11-14 01:05:49,676 [Listener at 127.0.0.1/34021] INFO  ozoneimpl.OzoneContainer (OzoneContainer.java:stop(325)) - Attempting to stop container services.
2021-11-14 01:05:49,698 [Listener at 127.0.0.1/34021] INFO  server.RaftServer (RaftServerProxy.java:lambda$close$6(391)) - eb0c46e4-5725-4afa-bb96-e719b980f47a: close
2021-11-14 01:05:49,698 [Listener at 127.0.0.1/34021] INFO  server.RaftServer$Division (RaftServerImpl.java:lambda$close$4(412)) - eb0c46e4-5725-4afa-bb96-e719b980f47a@group-4276E13490A7: shutdown
2021-11-14 01:05:49,698 [Listener at 127.0.0.1/34021] INFO  util.JmxRegister (JmxRegister.java:unregister(73)) - Successfully un-registered JMX Bean with object name Ratis:service=RaftServer,group=group-4276E13490A7,id=eb0c46e4-5725-4afa-bb96-e719b980f47a
2021-11-14 01:05:49,699 [Listener at 127.0.0.1/34021] INFO  impl.RoleInfo (RoleInfo.java:shutdownFollowerState(108)) - eb0c46e4-5725-4afa-bb96-e719b980f47a: shutdown eb0c46e4-5725-4afa-bb96-e719b980f47a@group-4276E13490A7-FollowerState
2021-11-14 01:05:49,699 [Listener at 127.0.0.1/34021] INFO  impl.StateMachineUpdater (StateMachineUpdater.java:stopAndJoin(149)) - eb0c46e4-5725-4afa-bb96-e719b980f47a@group-4276E13490A7-StateMachineUpdater: set stopIndex = -1
2021-11-14 01:05:49,699 [eb0c46e4-5725-4afa-bb96-e719b980f47a@group-4276E13490A7-FollowerState] INFO  impl.FollowerState (FollowerState.java:run(143)) - eb0c46e4-5725-4afa-bb96-e719b980f47a@group-4276E13490A7-FollowerState was interrupted: {}
java.lang.InterruptedException: sleep interrupted
	at java.lang.Thread.sleep(Native Method)
	at java.lang.Thread.sleep(Thread.java:340)
	at java.util.concurrent.TimeUnit.sleep(TimeUnit.java:386)
	at org.apache.ratis.util.TimeDuration.sleep(TimeDuration.java:324)
	at org.apache.ratis.util.TimeDuration.sleep(TimeDuration.java:309)
	at org.apache.ratis.server.impl.FollowerState.run(FollowerState.java:118)
2021-11-14 01:05:49,699 [Listener at 127.0.0.1/34021] INFO  server.RaftServer$Division (ServerState.java:close(419)) - eb0c46e4-5725-4afa-bb96-e719b980f47a@group-4276E13490A7: closes. applyIndex: -1
2021-11-14 01:05:49,700 [eb0c46e4-5725-4afa-bb96-e719b980f47a@group-4276E13490A7-SegmentedRaftLogWorker] INFO  segmented.SegmentedRaftLogWorker (SegmentedRaftLogWorker.java:run(327)) - eb0c46e4-5725-4afa-bb96-e719b980f47a@group-4276E13490A7-SegmentedRaftLogWorker was interrupted, exiting. There are 0 tasks remaining in the queue.
2021-11-14 01:05:49,700 [Listener at 127.0.0.1/34021] INFO  segmented.SegmentedRaftLogWorker (SegmentedRaftLogWorker.java:close(237)) - eb0c46e4-5725-4afa-bb96-e719b980f47a@group-4276E13490A7-SegmentedRaftLogWorker close()
2021-11-14 01:05:49,764 [ForkJoinPool.commonPool-worker-0] INFO  utils.BackgroundService (BackgroundService.java:shutdown(132)) - Shutting down service BlockDeletingService
2021-11-14 01:05:49,805 [grpc-default-executor-2] WARN  server.GrpcLogAppender (LogUtils.java:warn(122)) - eb0c46e4-5725-4afa-bb96-e719b980f47a@group-06F4125447C4->a5432c49-5461-405d-b7d7-37e5c225d9bf-AppendLogResponseHandler: Failed appendEntries: org.apache.ratis.thirdparty.io.grpc.StatusRuntimeException: UNAVAILABLE: io exception
2021-11-14 01:05:49,806 [grpc-default-executor-2] WARN  server.GrpcLogAppender (GrpcLogAppender.java:resetClient(110)) - eb0c46e4-5725-4afa-bb96-e719b980f47a@group-06F4125447C4->a5432c49-5461-405d-b7d7-37e5c225d9bf-GrpcLogAppender: Leader has not got in touch with Follower eb0c46e4-5725-4afa-bb96-e719b980f47a@group-06F4125447C4->a5432c49-5461-405d-b7d7-37e5c225d9bf(c-1,m0,n1, attendVote=true, lastRpcSendTime=0, lastRpcResponseTime=12902) yet, just keep nextIndex unchanged and retry.
2021-11-14 01:05:49,814 [Listener at 127.0.0.1/34021] INFO  server.RaftServer$Division (RaftServerImpl.java:lambda$close$4(412)) - eb0c46e4-5725-4afa-bb96-e719b980f47a@group-82432EB5AAAA: shutdown
2021-11-14 01:05:49,815 [Listener at 127.0.0.1/34021] INFO  util.JmxRegister (JmxRegister.java:unregister(73)) - Successfully un-registered JMX Bean with object name Ratis:service=RaftServer,group=group-82432EB5AAAA,id=eb0c46e4-5725-4afa-bb96-e719b980f47a
2021-11-14 01:05:49,815 [Listener at 127.0.0.1/34021] INFO  impl.RoleInfo (RoleInfo.java:shutdownLeaderState(91)) - eb0c46e4-5725-4afa-bb96-e719b980f47a: shutdown eb0c46e4-5725-4afa-bb96-e719b980f47a@group-82432EB5AAAA-LeaderStateImpl
2021-11-14 01:05:49,815 [Listener at 127.0.0.1/34021] INFO  impl.PendingRequests (PendingRequests.java:sendNotLeaderResponses(282)) - eb0c46e4-5725-4afa-bb96-e719b980f47a@group-82432EB5AAAA-PendingRequests: sendNotLeaderResponses
2021-11-14 01:05:49,816 [Listener at 127.0.0.1/34021] INFO  impl.StateMachineUpdater (StateMachineUpdater.java:stopAndJoin(149)) - eb0c46e4-5725-4afa-bb96-e719b980f47a@group-82432EB5AAAA-StateMachineUpdater: set stopIndex = 0
2021-11-14 01:05:49,817 [eb0c46e4-5725-4afa-bb96-e719b980f47a@group-82432EB5AAAA-StateMachineUpdater] INFO  ratis.ContainerStateMachine (ContainerStateMachine.java:takeSnapshot(292)) - group-82432EB5AAAA: Taking a snapshot at:(t:1, i:0) file /home/runner/work/ozone/ozone/hadoop-ozone/integration-test/target/test-dir/MiniOzoneClusterImpl-5b6cbd2a-2976-43bc-8d1c-e3ca86cddeeb/datanode-6/data/ratis/a9c9fa27-e157-4e26-8819-82432eb5aaaa/sm/snapshot.1_0
2021-11-14 01:05:49,818 [eb0c46e4-5725-4afa-bb96-e719b980f47a@group-82432EB5AAAA-StateMachineUpdater] INFO  ratis.ContainerStateMachine (ContainerStateMachine.java:takeSnapshot(303)) - group-82432EB5AAAA: Finished taking a snapshot at:(t:1, i:0) file:/home/runner/work/ozone/ozone/hadoop-ozone/integration-test/target/test-dir/MiniOzoneClusterImpl-5b6cbd2a-2976-43bc-8d1c-e3ca86cddeeb/datanode-6/data/ratis/a9c9fa27-e157-4e26-8819-82432eb5aaaa/sm/snapshot.1_0 took: 1 ms
2021-11-14 01:05:49,818 [eb0c46e4-5725-4afa-bb96-e719b980f47a@group-82432EB5AAAA-StateMachineUpdater] INFO  impl.StateMachineUpdater (StateMachineUpdater.java:takeSnapshot(281)) - eb0c46e4-5725-4afa-bb96-e719b980f47a@group-82432EB5AAAA-StateMachineUpdater: Took a snapshot at index 0
2021-11-14 01:05:49,818 [eb0c46e4-5725-4afa-bb96-e719b980f47a@group-82432EB5AAAA-StateMachineUpdater] INFO  impl.StateMachineUpdater (StateMachineUpdater.java:lambda$new$0(89)) - eb0c46e4-5725-4afa-bb96-e719b980f47a@group-82432EB5AAAA-StateMachineUpdater: snapshotIndex: updateIncreasingly -1 -> 0
2021-11-14 01:05:49,819 [Listener at 127.0.0.1/34021] INFO  server.RaftServer$Division (ServerState.java:close(419)) - eb0c46e4-5725-4afa-bb96-e719b980f47a@group-82432EB5AAAA: closes. applyIndex: 0
2021-11-14 01:05:49,819 [eb0c46e4-5725-4afa-bb96-e719b980f47a@group-82432EB5AAAA-SegmentedRaftLogWorker] INFO  segmented.SegmentedRaftLogWorker (SegmentedRaftLogWorker.java:run(327)) - eb0c46e4-5725-4afa-bb96-e719b980f47a@group-82432EB5AAAA-SegmentedRaftLogWorker was interrupted, exiting. There are 0 tasks remaining in the queue.
2021-11-14 01:05:49,819 [Listener at 127.0.0.1/34021] INFO  segmented.SegmentedRaftLogWorker (SegmentedRaftLogWorker.java:close(237)) - eb0c46e4-5725-4afa-bb96-e719b980f47a@group-82432EB5AAAA-SegmentedRaftLogWorker close()
2021-11-14 01:05:49,820 [Listener at 127.0.0.1/34021] INFO  server.RaftServer$Division (RaftServerImpl.java:lambda$close$4(412)) - eb0c46e4-5725-4afa-bb96-e719b980f47a@group-06F4125447C4: shutdown
2021-11-14 01:05:49,820 [Listener at 127.0.0.1/34021] INFO  util.JmxRegister (JmxRegister.java:unregister(73)) - Successfully un-registered JMX Bean with object name Ratis:service=RaftServer,group=group-06F4125447C4,id=eb0c46e4-5725-4afa-bb96-e719b980f47a
2021-11-14 01:05:49,820 [Listener at 127.0.0.1/34021] INFO  impl.RoleInfo (RoleInfo.java:shutdownLeaderState(91)) - eb0c46e4-5725-4afa-bb96-e719b980f47a: shutdown eb0c46e4-5725-4afa-bb96-e719b980f47a@group-06F4125447C4-LeaderStateImpl
2021-11-14 01:05:49,820 [Listener at 127.0.0.1/34021] INFO  impl.PendingRequests (PendingRequests.java:sendNotLeaderResponses(282)) - eb0c46e4-5725-4afa-bb96-e719b980f47a@group-06F4125447C4-PendingRequests: sendNotLeaderResponses
2021-11-14 01:05:49,822 [eb0c46e4-5725-4afa-bb96-e719b980f47a@group-06F4125447C4-StateMachineUpdater] INFO  ratis.ContainerStateMachine (ContainerStateMachine.java:takeSnapshot(292)) - group-06F4125447C4: Taking a snapshot at:(t:1, i:0) file /home/runner/work/ozone/ozone/hadoop-ozone/integration-test/target/test-dir/MiniOzoneClusterImpl-5b6cbd2a-2976-43bc-8d1c-e3ca86cddeeb/datanode-6/data/ratis/5db15519-d160-414d-8fcd-06f4125447c4/sm/snapshot.1_0
2021-11-14 01:05:49,822 [Listener at 127.0.0.1/34021] INFO  impl.StateMachineUpdater (StateMachineUpdater.java:stopAndJoin(149)) - eb0c46e4-5725-4afa-bb96-e719b980f47a@group-06F4125447C4-StateMachineUpdater: set stopIndex = 0
2021-11-14 01:05:49,822 [eb0c46e4-5725-4afa-bb96-e719b980f47a@group-06F4125447C4-StateMachineUpdater] INFO  ratis.ContainerStateMachine (ContainerStateMachine.java:takeSnapshot(303)) - group-06F4125447C4: Finished taking a snapshot at:(t:1, i:0) file:/home/runner/work/ozone/ozone/hadoop-ozone/integration-test/target/test-dir/MiniOzoneClusterImpl-5b6cbd2a-2976-43bc-8d1c-e3ca86cddeeb/datanode-6/data/ratis/5db15519-d160-414d-8fcd-06f4125447c4/sm/snapshot.1_0 took: 1 ms
2021-11-14 01:05:49,822 [eb0c46e4-5725-4afa-bb96-e719b980f47a@group-06F4125447C4-StateMachineUpdater] INFO  impl.StateMachineUpdater (StateMachineUpdater.java:takeSnapshot(281)) - eb0c46e4-5725-4afa-bb96-e719b980f47a@group-06F4125447C4-StateMachineUpdater: Took a snapshot at index 0
2021-11-14 01:05:49,822 [eb0c46e4-5725-4afa-bb96-e719b980f47a@group-06F4125447C4-StateMachineUpdater] INFO  impl.StateMachineUpdater (StateMachineUpdater.java:lambda$new$0(89)) - eb0c46e4-5725-4afa-bb96-e719b980f47a@group-06F4125447C4-StateMachineUpdater: snapshotIndex: updateIncreasingly -1 -> 0
2021-11-14 01:05:49,823 [Listener at 127.0.0.1/34021] INFO  server.RaftServer$Division (ServerState.java:close(419)) - eb0c46e4-5725-4afa-bb96-e719b980f47a@group-06F4125447C4: closes. applyIndex: 0
2021-11-14 01:05:49,823 [eb0c46e4-5725-4afa-bb96-e719b980f47a@group-06F4125447C4-SegmentedRaftLogWorker] INFO  segmented.SegmentedRaftLogWorker (SegmentedRaftLogWorker.java:run(327)) - eb0c46e4-5725-4afa-bb96-e719b980f47a@group-06F4125447C4-SegmentedRaftLogWorker was interrupted, exiting. There are 0 tasks remaining in the queue.
2021-11-14 01:05:49,833 [Listener at 127.0.0.1/34021] INFO  segmented.SegmentedRaftLogWorker (SegmentedRaftLogWorker.java:close(237)) - eb0c46e4-5725-4afa-bb96-e719b980f47a@group-06F4125447C4-SegmentedRaftLogWorker close()
2021-11-14 01:05:49,833 [Listener at 127.0.0.1/34021] INFO  server.RaftServer$Division (RaftServerImpl.java:lambda$close$4(412)) - eb0c46e4-5725-4afa-bb96-e719b980f47a@group-083767A110ED: shutdown
2021-11-14 01:05:49,833 [Listener at 127.0.0.1/34021] INFO  util.JmxRegister (JmxRegister.java:unregister(73)) - Successfully un-registered JMX Bean with object name Ratis:service=RaftServer,group=group-083767A110ED,id=eb0c46e4-5725-4afa-bb96-e719b980f47a
2021-11-14 01:05:49,833 [Listener at 127.0.0.1/34021] INFO  impl.RoleInfo (RoleInfo.java:shutdownFollowerState(108)) - eb0c46e4-5725-4afa-bb96-e719b980f47a: shutdown eb0c46e4-5725-4afa-bb96-e719b980f47a@group-083767A110ED-FollowerState
2021-11-14 01:05:49,833 [Listener at 127.0.0.1/34021] INFO  impl.StateMachineUpdater (StateMachineUpdater.java:stopAndJoin(149)) - eb0c46e4-5725-4afa-bb96-e719b980f47a@group-083767A110ED-StateMachineUpdater: set stopIndex = -1
2021-11-14 01:05:49,834 [eb0c46e4-5725-4afa-bb96-e719b980f47a@group-083767A110ED-FollowerState] INFO  impl.FollowerState (FollowerState.java:run(143)) - eb0c46e4-5725-4afa-bb96-e719b980f47a@group-083767A110ED-FollowerState was interrupted: {}
java.lang.InterruptedException: sleep interrupted
	at java.lang.Thread.sleep(Native Method)
	at java.lang.Thread.sleep(Thread.java:340)
	at java.util.concurrent.TimeUnit.sleep(TimeUnit.java:386)
	at org.apache.ratis.util.TimeDuration.sleep(TimeDuration.java:324)
	at org.apache.ratis.util.TimeDuration.sleep(TimeDuration.java:309)
	at org.apache.ratis.server.impl.FollowerState.run(FollowerState.java:118)
2021-11-14 01:05:49,834 [Listener at 127.0.0.1/34021] INFO  server.RaftServer$Division (ServerState.java:close(419)) - eb0c46e4-5725-4afa-bb96-e719b980f47a@group-083767A110ED: closes. applyIndex: -1
2021-11-14 01:05:49,834 [eb0c46e4-5725-4afa-bb96-e719b980f47a@group-083767A110ED-SegmentedRaftLogWorker] INFO  segmented.SegmentedRaftLogWorker (SegmentedRaftLogWorker.java:run(327)) - eb0c46e4-5725-4afa-bb96-e719b980f47a@group-083767A110ED-SegmentedRaftLogWorker was interrupted, exiting. There are 0 tasks remaining in the queue.
2021-11-14 01:05:49,834 [Listener at 127.0.0.1/34021] INFO  segmented.SegmentedRaftLogWorker (SegmentedRaftLogWorker.java:close(237)) - eb0c46e4-5725-4afa-bb96-e719b980f47a@group-083767A110ED-SegmentedRaftLogWorker close()
2021-11-14 01:05:49,835 [Listener at 127.0.0.1/34021] INFO  server.GrpcService (GrpcService.java:closeImpl(262)) - eb0c46e4-5725-4afa-bb96-e719b980f47a: shutdown server with port 38135 now
2021-11-14 01:05:49,838 [eb0c46e4-5725-4afa-bb96-e719b980f47a@group-06F4125447C4->32069a0d-f39a-42d5-b706-96b3f478e9d8-GrpcLogAppender-LogAppenderDaemon] WARN  server.GrpcLogAppender (GrpcLogAppender.java:mayWait(177)) - eb0c46e4-5725-4afa-bb96-e719b980f47a@group-06F4125447C4->32069a0d-f39a-42d5-b706-96b3f478e9d8-GrpcLogAppender: Wait interrupted by java.lang.InterruptedException
2021-11-14 01:05:49,889 [grpc-default-executor-2] INFO  server.GrpcServerProtocolService (GrpcServerProtocolService.java:onCompleted(140)) - 32069a0d-f39a-42d5-b706-96b3f478e9d8: Completed APPEND_ENTRIES, lastRequest: eb0c46e4-5725-4afa-bb96-e719b980f47a->32069a0d-f39a-42d5-b706-96b3f478e9d8#1-t1,previous=(t:0, i:0),leaderCommit=-1,initializing? true,entries: size=1, first=(t:1, i:0), CONFIGURATIONENTRY
2021-11-14 01:05:49,890 [grpc-default-executor-0] INFO  server.GrpcLogAppender (GrpcLogAppender.java:onCompleted(346)) - eb0c46e4-5725-4afa-bb96-e719b980f47a@group-06F4125447C4->32069a0d-f39a-42d5-b706-96b3f478e9d8-AppendLogResponseHandler: follower responses appendEntries COMPLETED
2021-11-14 01:05:49,890 [grpc-default-executor-0] WARN  server.GrpcLogAppender (GrpcLogAppender.java:resetClient(116)) - eb0c46e4-5725-4afa-bb96-e719b980f47a@group-06F4125447C4->32069a0d-f39a-42d5-b706-96b3f478e9d8-GrpcLogAppender: Failed to getClient for 32069a0d-f39a-42d5-b706-96b3f478e9d8
org.apache.ratis.protocol.exceptions.AlreadyClosedException: eb0c46e4-5725-4afa-bb96-e719b980f47a is already CLOSED
	at org.apache.ratis.util.PeerProxyMap$PeerAndProxy.getProxy(PeerProxyMap.java:60)
	at org.apache.ratis.util.PeerProxyMap.getProxy(PeerProxyMap.java:114)
	at org.apache.ratis.grpc.server.GrpcLogAppender.getClient(GrpcLogAppender.java:95)
	at org.apache.ratis.grpc.server.GrpcLogAppender.resetClient(GrpcLogAppender.java:100)
	at org.apache.ratis.grpc.server.GrpcLogAppender.access$500(GrpcLogAppender.java:53)
	at org.apache.ratis.grpc.server.GrpcLogAppender$AppendLogResponseHandler.onCompleted(GrpcLogAppender.java:347)
	at org.apache.ratis.thirdparty.io.grpc.stub.ClientCalls$StreamObserverToCallListenerAdapter.onClose(ClientCalls.java:476)
	at org.apache.ratis.thirdparty.io.grpc.internal.ClientCallImpl.closeObserver(ClientCallImpl.java:616)
	at org.apache.ratis.thirdparty.io.grpc.internal.ClientCallImpl.access$300(ClientCallImpl.java:69)
	at org.apache.ratis.thirdparty.io.grpc.internal.ClientCallImpl$ClientStreamListenerImpl$1StreamClosed.runInternal(ClientCallImpl.java:802)
	at org.apache.ratis.thirdparty.io.grpc.internal.ClientCallImpl$ClientStreamListenerImpl$1StreamClosed.runInContext(ClientCallImpl.java:781)
	at org.apache.ratis.thirdparty.io.grpc.internal.ContextRunnable.run(ContextRunnable.java:37)
	at org.apache.ratis.thirdparty.io.grpc.internal.SerializingExecutor.run(SerializingExecutor.java:123)
	at java.util.concurrent.ThreadPoolExecutor.runWorker(ThreadPoolExecutor.java:1149)
	at java.util.concurrent.ThreadPoolExecutor$Worker.run(ThreadPoolExecutor.java:624)
	at java.lang.Thread.run(Thread.java:748)
2021-11-14 01:05:49,890 [grpc-default-executor-0] WARN  server.GrpcLogAppender (LogUtils.java:warn(122)) - e624a09e-d66f-4eff-951a-8f24e1213b58@group-0E53E93CFD0F->5b42674d-a9fa-4183-866d-d0b91026c546-AppendLogResponseHandler: Failed appendEntries: org.apache.ratis.thirdparty.io.grpc.StatusRuntimeException: UNAVAILABLE: io exception
2021-11-14 01:05:49,891 [grpc-default-executor-0] WARN  server.GrpcLogAppender (GrpcLogAppender.java:resetClient(110)) - e624a09e-d66f-4eff-951a-8f24e1213b58@group-0E53E93CFD0F->5b42674d-a9fa-4183-866d-d0b91026c546-GrpcLogAppender: Leader has not got in touch with Follower e624a09e-d66f-4eff-951a-8f24e1213b58@group-0E53E93CFD0F->5b42674d-a9fa-4183-866d-d0b91026c546(c0,m0,n1, attendVote=true, lastRpcSendTime=0, lastRpcResponseTime=10067) yet, just keep nextIndex unchanged and retry.
2021-11-14 01:05:49,902 [Listener at 127.0.0.1/34021] INFO  server.GrpcService (GrpcService.java:closeImpl(271)) - eb0c46e4-5725-4afa-bb96-e719b980f47a: shutdown server with port 38135 successfully
2021-11-14 01:05:49,903 [org.apache.ratis.util.JvmPauseMonitor$$Lambda$531/1045442098@1ed35d34] INFO  util.JvmPauseMonitor (JvmPauseMonitor.java:run(109)) - JvmPauseMonitor-eb0c46e4-5725-4afa-bb96-e719b980f47a: Stopped
2021-11-14 01:05:49,905 [Listener at 127.0.0.1/34021] INFO  utils.BackgroundService (BackgroundService.java:shutdown(132)) - Shutting down service BlockDeletingService
2021-11-14 01:05:50,210 [grpc-default-executor-0] WARN  server.GrpcLogAppender (LogUtils.java:warn(122)) - e624a09e-d66f-4eff-951a-8f24e1213b58@group-B41A3219138A->5b42674d-a9fa-4183-866d-d0b91026c546-AppendLogResponseHandler: Failed appendEntries: org.apache.ratis.thirdparty.io.grpc.StatusRuntimeException: UNAVAILABLE: io exception
2021-11-14 01:05:50,210 [grpc-default-executor-0] WARN  server.GrpcLogAppender (GrpcLogAppender.java:resetClient(110)) - e624a09e-d66f-4eff-951a-8f24e1213b58@group-B41A3219138A->5b42674d-a9fa-4183-866d-d0b91026c546-GrpcLogAppender: Leader has not got in touch with Follower e624a09e-d66f-4eff-951a-8f24e1213b58@group-B41A3219138A->5b42674d-a9fa-4183-866d-d0b91026c546(c-1,m0,n3, attendVote=true, lastRpcSendTime=2512, lastRpcResponseTime=10352) yet, just keep nextIndex unchanged and retry.
2021-11-14 01:05:50,501 [grpc-default-executor-0] WARN  server.GrpcLogAppender (LogUtils.java:warn(122)) - 32069a0d-f39a-42d5-b706-96b3f478e9d8@group-CAA489D3CFE4->a5432c49-5461-405d-b7d7-37e5c225d9bf-AppendLogResponseHandler: Failed appendEntries: org.apache.ratis.thirdparty.io.grpc.StatusRuntimeException: UNAVAILABLE: io exception
2021-11-14 01:05:50,502 [grpc-default-executor-0] WARN  server.GrpcLogAppender (GrpcLogAppender.java:resetClient(110)) - 32069a0d-f39a-42d5-b706-96b3f478e9d8@group-CAA489D3CFE4->a5432c49-5461-405d-b7d7-37e5c225d9bf-GrpcLogAppender: Leader has not got in touch with Follower 32069a0d-f39a-42d5-b706-96b3f478e9d8@group-CAA489D3CFE4->a5432c49-5461-405d-b7d7-37e5c225d9bf(c-1,m0,n1, attendVote=true, lastRpcSendTime=2501, lastRpcResponseTime=7908) yet, just keep nextIndex unchanged and retry.
2021-11-14 01:05:50,604 [grpc-default-executor-0] WARN  server.GrpcLogAppender (LogUtils.java:warn(122)) - 32069a0d-f39a-42d5-b706-96b3f478e9d8@group-CAA489D3CFE4->42593a4f-89d4-4363-aad7-ee84fdc40b17-AppendLogResponseHandler: Failed appendEntries: org.apache.ratis.thirdparty.io.grpc.StatusRuntimeException: UNAVAILABLE: io exception
2021-11-14 01:05:50,604 [grpc-default-executor-0] WARN  server.GrpcLogAppender (GrpcLogAppender.java:resetClient(110)) - 32069a0d-f39a-42d5-b706-96b3f478e9d8@group-CAA489D3CFE4->42593a4f-89d4-4363-aad7-ee84fdc40b17-GrpcLogAppender: Leader has not got in touch with Follower 32069a0d-f39a-42d5-b706-96b3f478e9d8@group-CAA489D3CFE4->42593a4f-89d4-4363-aad7-ee84fdc40b17(c0,m0,n1, attendVote=true, lastRpcSendTime=2675, lastRpcResponseTime=2508) yet, just keep nextIndex unchanged and retry.
2021-11-14 01:05:51,882 [grpc-default-executor-0] WARN  server.GrpcLogAppender (LogUtils.java:warn(122)) - 8f64935f-b83c-4009-bc32-b4395deb71aa@group-B8A997D08E4F->5b42674d-a9fa-4183-866d-d0b91026c546-AppendLogResponseHandler: Failed appendEntries: org.apache.ratis.thirdparty.io.grpc.StatusRuntimeException: UNAVAILABLE: io exception
2021-11-14 01:05:51,882 [grpc-default-executor-0] WARN  server.GrpcLogAppender (GrpcLogAppender.java:resetClient(110)) - 8f64935f-b83c-4009-bc32-b4395deb71aa@group-B8A997D08E4F->5b42674d-a9fa-4183-866d-d0b91026c546-GrpcLogAppender: Leader has not got in touch with Follower 8f64935f-b83c-4009-bc32-b4395deb71aa@group-B8A997D08E4F->5b42674d-a9fa-4183-866d-d0b91026c546(c0,m0,n1, attendVote=true, lastRpcSendTime=1, lastRpcResponseTime=12606) yet, just keep nextIndex unchanged and retry.
2021-11-14 01:05:52,060 [32069a0d-f39a-42d5-b706-96b3f478e9d8@group-083767A110ED-FollowerState] INFO  impl.FollowerState (FollowerState.java:run(134)) - 32069a0d-f39a-42d5-b706-96b3f478e9d8@group-083767A110ED-FollowerState: change to CANDIDATE, lastRpcElapsedTime:5025866323ns, electionTimeout:5018ms
2021-11-14 01:05:52,060 [32069a0d-f39a-42d5-b706-96b3f478e9d8@group-083767A110ED-FollowerState] INFO  impl.RoleInfo (RoleInfo.java:shutdownFollowerState(108)) - 32069a0d-f39a-42d5-b706-96b3f478e9d8: shutdown 32069a0d-f39a-42d5-b706-96b3f478e9d8@group-083767A110ED-FollowerState
2021-11-14 01:05:52,060 [32069a0d-f39a-42d5-b706-96b3f478e9d8@group-083767A110ED-FollowerState] INFO  server.RaftServer$Division (RaftServerImpl.java:setRole(290)) - 32069a0d-f39a-42d5-b706-96b3f478e9d8@group-083767A110ED: changes role from  FOLLOWER to CANDIDATE at term 2 for changeToCandidate
2021-11-14 01:05:52,060 [32069a0d-f39a-42d5-b706-96b3f478e9d8@group-083767A110ED-FollowerState] INFO  server.RaftServerConfigKeys (ConfUtils.java:logGet(44)) - raft.server.leaderelection.pre-vote = false (custom)
2021-11-14 01:05:52,060 [32069a0d-f39a-42d5-b706-96b3f478e9d8@group-083767A110ED-FollowerState] INFO  impl.RoleInfo (RoleInfo.java:updateAndGet(130)) - 32069a0d-f39a-42d5-b706-96b3f478e9d8: start 32069a0d-f39a-42d5-b706-96b3f478e9d8@group-083767A110ED-LeaderElection140
2021-11-14 01:05:52,110 [32069a0d-f39a-42d5-b706-96b3f478e9d8@group-083767A110ED-LeaderElection140] INFO  impl.LeaderElection (LeaderElection.java:askForVotes(306)) - 32069a0d-f39a-42d5-b706-96b3f478e9d8@group-083767A110ED-LeaderElection140 ELECTION round 0: submit vote requests at term 3 for -1: [32069a0d-f39a-42d5-b706-96b3f478e9d8|rpc:10.1.0.47:43355|dataStream:|priority:1, 42593a4f-89d4-4363-aad7-ee84fdc40b17|rpc:10.1.0.47:38117|dataStream:|priority:0, eb0c46e4-5725-4afa-bb96-e719b980f47a|rpc:10.1.0.47:38135|dataStream:|priority:0], old=null
2021-11-14 01:05:52,168 [32069a0d-f39a-42d5-b706-96b3f478e9d8@group-083767A110ED-LeaderElection140] INFO  impl.LeaderElection (LogUtils.java:infoOrTrace(137)) - 32069a0d-f39a-42d5-b706-96b3f478e9d8@group-083767A110ED-LeaderElection140 got exception when requesting votes: java.util.concurrent.ExecutionException: org.apache.ratis.thirdparty.io.grpc.StatusRuntimeException: UNAVAILABLE: io exception
2021-11-14 01:05:52,172 [32069a0d-f39a-42d5-b706-96b3f478e9d8@group-083767A110ED-LeaderElection140] INFO  impl.LeaderElection (LogUtils.java:infoOrTrace(137)) - 32069a0d-f39a-42d5-b706-96b3f478e9d8@group-083767A110ED-LeaderElection140 got exception when requesting votes: java.util.concurrent.ExecutionException: org.apache.ratis.thirdparty.io.grpc.StatusRuntimeException: UNAVAILABLE: io exception
2021-11-14 01:05:52,172 [32069a0d-f39a-42d5-b706-96b3f478e9d8@group-083767A110ED-LeaderElection140] INFO  impl.LeaderElection (LeaderElection.java:logAndReturn(89)) - 32069a0d-f39a-42d5-b706-96b3f478e9d8@group-083767A110ED-LeaderElection140: ELECTION REJECTED received 0 response(s) and 2 exception(s):
2021-11-14 01:05:52,172 [32069a0d-f39a-42d5-b706-96b3f478e9d8@group-083767A110ED-LeaderElection140] INFO  impl.LeaderElection (LogUtils.java:infoOrTrace(137)) -   Exception 0: java.util.concurrent.ExecutionException: org.apache.ratis.thirdparty.io.grpc.StatusRuntimeException: UNAVAILABLE: io exception
2021-11-14 01:05:52,172 [32069a0d-f39a-42d5-b706-96b3f478e9d8@group-083767A110ED-LeaderElection140] INFO  impl.LeaderElection (LogUtils.java:infoOrTrace(137)) -   Exception 1: java.util.concurrent.ExecutionException: org.apache.ratis.thirdparty.io.grpc.StatusRuntimeException: UNAVAILABLE: io exception
2021-11-14 01:05:52,172 [32069a0d-f39a-42d5-b706-96b3f478e9d8@group-083767A110ED-LeaderElection140] INFO  impl.LeaderElection (LeaderElection.java:askForVotes(308)) - 32069a0d-f39a-42d5-b706-96b3f478e9d8@group-083767A110ED-LeaderElection140 ELECTION round 0: result REJECTED
2021-11-14 01:05:52,173 [32069a0d-f39a-42d5-b706-96b3f478e9d8@group-083767A110ED-LeaderElection140] INFO  server.RaftServer$Division (RaftServerImpl.java:setRole(290)) - 32069a0d-f39a-42d5-b706-96b3f478e9d8@group-083767A110ED: changes role from CANDIDATE to FOLLOWER at term 3 for REJECTED
2021-11-14 01:05:52,173 [32069a0d-f39a-42d5-b706-96b3f478e9d8@group-083767A110ED-LeaderElection140] INFO  impl.RoleInfo (RoleInfo.java:shutdownLeaderElection(121)) - 32069a0d-f39a-42d5-b706-96b3f478e9d8: shutdown 32069a0d-f39a-42d5-b706-96b3f478e9d8@group-083767A110ED-LeaderElection140
2021-11-14 01:05:52,173 [32069a0d-f39a-42d5-b706-96b3f478e9d8@group-083767A110ED-LeaderElection140] INFO  impl.RoleInfo (RoleInfo.java:updateAndGet(130)) - 32069a0d-f39a-42d5-b706-96b3f478e9d8: start 32069a0d-f39a-42d5-b706-96b3f478e9d8@group-083767A110ED-FollowerState
2021-11-14 01:05:52,411 [grpc-default-executor-0] WARN  server.GrpcLogAppender (LogUtils.java:warn(122)) - e624a09e-d66f-4eff-951a-8f24e1213b58@group-0E53E93CFD0F->5b42674d-a9fa-4183-866d-d0b91026c546-AppendLogResponseHandler: Failed appendEntries: org.apache.ratis.thirdparty.io.grpc.StatusRuntimeException: UNAVAILABLE: io exception
2021-11-14 01:05:52,412 [grpc-default-executor-0] WARN  server.GrpcLogAppender (GrpcLogAppender.java:resetClient(110)) - e624a09e-d66f-4eff-951a-8f24e1213b58@group-0E53E93CFD0F->5b42674d-a9fa-4183-866d-d0b91026c546-GrpcLogAppender: Leader has not got in touch with Follower e624a09e-d66f-4eff-951a-8f24e1213b58@group-0E53E93CFD0F->5b42674d-a9fa-4183-866d-d0b91026c546(c0,m0,n1, attendVote=true, lastRpcSendTime=0, lastRpcResponseTime=12588) yet, just keep nextIndex unchanged and retry.
2021-11-14 01:05:52,731 [grpc-default-executor-0] WARN  server.GrpcLogAppender (LogUtils.java:warn(122)) - e624a09e-d66f-4eff-951a-8f24e1213b58@group-B41A3219138A->5b42674d-a9fa-4183-866d-d0b91026c546-AppendLogResponseHandler: Failed appendEntries: org.apache.ratis.thirdparty.io.grpc.StatusRuntimeException: UNAVAILABLE: io exception
2021-11-14 01:05:52,732 [grpc-default-executor-0] WARN  server.GrpcLogAppender (GrpcLogAppender.java:resetClient(110)) - e624a09e-d66f-4eff-951a-8f24e1213b58@group-B41A3219138A->5b42674d-a9fa-4183-866d-d0b91026c546-GrpcLogAppender: Leader has not got in touch with Follower e624a09e-d66f-4eff-951a-8f24e1213b58@group-B41A3219138A->5b42674d-a9fa-4183-866d-d0b91026c546(c-1,m0,n3, attendVote=true, lastRpcSendTime=2521, lastRpcResponseTime=12874) yet, just keep nextIndex unchanged and retry.
2021-11-14 01:05:52,774 [ForkJoinPool.commonPool-worker-0] INFO  statemachine.DatanodeStateMachine (DatanodeStateMachine.java:stopDaemon(526)) - Ozone container server stopped.
2021-11-14 01:05:52,817 [ForkJoinPool.commonPool-worker-0] INFO  handler.ContextHandler (ContextHandler.java:doStop(1153)) - Stopped o.e.j.w.WebAppContext@36f19{hddsDatanode,/,null,STOPPED}{jar:file:/home/runner/.m2/repository/org/apache/ozone/hdds-container-service/1.2.0-SNAPSHOT/hdds-container-service-1.2.0-SNAPSHOT.jar!/webapps/hddsDatanode}
2021-11-14 01:05:52,820 [ForkJoinPool.commonPool-worker-0] INFO  server.AbstractConnector (AbstractConnector.java:doStop(381)) - Stopped ServerConnector@4ebb00ed{HTTP/1.1, (http/1.1)}{0.0.0.0:46809}
2021-11-14 01:05:52,820 [ForkJoinPool.commonPool-worker-0] INFO  server.session (HouseKeeper.java:stopScavenging(149)) - node0 Stopped scavenging
2021-11-14 01:05:52,880 [ForkJoinPool.commonPool-worker-0] INFO  handler.ContextHandler (ContextHandler.java:doStop(1153)) - Stopped o.e.j.s.ServletContextHandler@40d99abc{static,/static,jar:file:/home/runner/.m2/repository/org/apache/ozone/hdds-container-service/1.2.0-SNAPSHOT/hdds-container-service-1.2.0-SNAPSHOT.jar!/webapps/static,STOPPED}
2021-11-14 01:05:52,881 [ForkJoinPool.commonPool-worker-0] INFO  handler.ContextHandler (ContextHandler.java:doStop(1153)) - Stopped o.e.j.s.ServletContextHandler@f7cf544{logs,/logs,file:///home/runner/work/ozone/ozone/hadoop-ozone/integration-test/target/log,STOPPED}
2021-11-14 01:05:52,926 [Listener at 127.0.0.1/34021] INFO  statemachine.DatanodeStateMachine (DatanodeStateMachine.java:stopDaemon(526)) - Ozone container server stopped.
2021-11-14 01:05:52,927 [Listener at 127.0.0.1/34021] INFO  handler.ContextHandler (ContextHandler.java:doStop(1153)) - Stopped o.e.j.w.WebAppContext@400aa819{hddsDatanode,/,null,STOPPED}{jar:file:/home/runner/.m2/repository/org/apache/ozone/hdds-container-service/1.2.0-SNAPSHOT/hdds-container-service-1.2.0-SNAPSHOT.jar!/webapps/hddsDatanode}
2021-11-14 01:05:52,928 [Listener at 127.0.0.1/34021] INFO  server.AbstractConnector (AbstractConnector.java:doStop(381)) - Stopped ServerConnector@58da7bf4{HTTP/1.1, (http/1.1)}{0.0.0.0:0}
2021-11-14 01:05:52,928 [Listener at 127.0.0.1/34021] INFO  server.session (HouseKeeper.java:stopScavenging(149)) - node0 Stopped scavenging
2021-11-14 01:05:52,928 [Listener at 127.0.0.1/34021] INFO  handler.ContextHandler (ContextHandler.java:doStop(1153)) - Stopped o.e.j.s.ServletContextHandler@16f8d982{static,/static,jar:file:/home/runner/.m2/repository/org/apache/ozone/hdds-container-service/1.2.0-SNAPSHOT/hdds-container-service-1.2.0-SNAPSHOT.jar!/webapps/static,STOPPED}
2021-11-14 01:05:52,928 [Listener at 127.0.0.1/34021] INFO  handler.ContextHandler (ContextHandler.java:doStop(1153)) - Stopped o.e.j.s.ServletContextHandler@4ea5362c{logs,/logs,file:///home/runner/work/ozone/ozone/hadoop-ozone/integration-test/target/log,STOPPED}
2021-11-14 01:05:53,061 [grpc-default-executor-0] WARN  server.GrpcLogAppender (LogUtils.java:warn(122)) - 32069a0d-f39a-42d5-b706-96b3f478e9d8@group-CAA489D3CFE4->a5432c49-5461-405d-b7d7-37e5c225d9bf-AppendLogResponseHandler: Failed appendEntries: org.apache.ratis.thirdparty.io.grpc.StatusRuntimeException: UNAVAILABLE: io exception
2021-11-14 01:05:53,062 [grpc-default-executor-0] WARN  server.GrpcLogAppender (GrpcLogAppender.java:resetClient(110)) - 32069a0d-f39a-42d5-b706-96b3f478e9d8@group-CAA489D3CFE4->a5432c49-5461-405d-b7d7-37e5c225d9bf-GrpcLogAppender: Leader has not got in touch with Follower 32069a0d-f39a-42d5-b706-96b3f478e9d8@group-CAA489D3CFE4->a5432c49-5461-405d-b7d7-37e5c225d9bf(c-1,m0,n1, attendVote=true, lastRpcSendTime=2558, lastRpcResponseTime=10468) yet, just keep nextIndex unchanged and retry.
2021-11-14 01:05:53,116 [grpc-default-executor-0] WARN  server.GrpcLogAppender (LogUtils.java:warn(122)) - 32069a0d-f39a-42d5-b706-96b3f478e9d8@group-CAA489D3CFE4->42593a4f-89d4-4363-aad7-ee84fdc40b17-AppendLogResponseHandler: Failed appendEntries: org.apache.ratis.thirdparty.io.grpc.StatusRuntimeException: UNAVAILABLE: io exception
2021-11-14 01:05:53,117 [grpc-default-executor-0] WARN  server.GrpcLogAppender (GrpcLogAppender.java:resetClient(110)) - 32069a0d-f39a-42d5-b706-96b3f478e9d8@group-CAA489D3CFE4->42593a4f-89d4-4363-aad7-ee84fdc40b17-GrpcLogAppender: Leader has not got in touch with Follower 32069a0d-f39a-42d5-b706-96b3f478e9d8@group-CAA489D3CFE4->42593a4f-89d4-4363-aad7-ee84fdc40b17(c0,m0,n1, attendVote=true, lastRpcSendTime=3, lastRpcResponseTime=5020) yet, just keep nextIndex unchanged and retry.
2021-11-14 01:05:53,131 [32069a0d-f39a-42d5-b706-96b3f478e9d8@group-CAA489D3CFE4-LeaderStateImpl] INFO  server.RaftServer$Division (LeaderStateImpl.java:yieldLeaderToHigherPriorityPeer(930)) - 32069a0d-f39a-42d5-b706-96b3f478e9d8@group-CAA489D3CFE4-LeaderStateImpl send StartLeaderElectionRequest to follower:a5432c49-5461-405d-b7d7-37e5c225d9bf on term:2 because follower's priority:1 is higher than leader's:0 and follower's lastEntry index:0 catch up with leader's:0
2021-11-14 01:05:54,183 [EventQueue-StaleNodeForStaleNodeHandler] INFO  node.StaleNodeHandler (StaleNodeHandler.java:onMessage(58)) - Datanode 42593a4f-89d4-4363-aad7-ee84fdc40b17{ip: 10.1.0.47, host: fv-az395-453.zfmzfyrfkyou3ow0tsr0jxwq1e.bx.internal.cloudapp.net, ports: [REPLICATION=44265, RATIS=38117, RATIS_ADMIN=38117, RATIS_SERVER=38117, STANDALONE=45285], networkLocation: /default-rack, certSerialId: null, persistedOpState: IN_SERVICE, persistedOpStateExpiryEpochSec: 0} moved to stale state. Finalizing its pipelines [PipelineID=b601b5a7-45d0-45c0-b013-4276e13490a7, PipelineID=504e848c-8156-4a34-b367-caa489d3cfe4, PipelineID=8e390908-89ca-426b-9455-083767a110ed, PipelineID=cc1dc006-f3c4-4fc8-af80-046f1a34b9c3]
2021-11-14 01:05:54,184 [EventQueue-StaleNodeForStaleNodeHandler] INFO  pipeline.PipelineManagerImpl (PipelineManagerImpl.java:closePipeline(349)) - Pipeline Pipeline[ Id: 8e390908-89ca-426b-9455-083767a110ed, Nodes: eb0c46e4-5725-4afa-bb96-e719b980f47a{ip: 10.1.0.47, host: fv-az395-453.zfmzfyrfkyou3ow0tsr0jxwq1e.bx.internal.cloudapp.net, ports: [REPLICATION=35283, RATIS=38135, RATIS_ADMIN=38135, RATIS_SERVER=38135, STANDALONE=42151], networkLocation: /default-rack, certSerialId: null, persistedOpState: IN_SERVICE, persistedOpStateExpiryEpochSec: 0}32069a0d-f39a-42d5-b706-96b3f478e9d8{ip: 10.1.0.47, host: fv-az395-453.zfmzfyrfkyou3ow0tsr0jxwq1e.bx.internal.cloudapp.net, ports: [REPLICATION=45299, RATIS=43355, RATIS_ADMIN=43355, RATIS_SERVER=43355, STANDALONE=42407], networkLocation: /default-rack, certSerialId: null, persistedOpState: IN_SERVICE, persistedOpStateExpiryEpochSec: 0}42593a4f-89d4-4363-aad7-ee84fdc40b17{ip: 10.1.0.47, host: fv-az395-453.zfmzfyrfkyou3ow0tsr0jxwq1e.bx.internal.cloudapp.net, ports: [REPLICATION=44265, RATIS=38117, RATIS_ADMIN=38117, RATIS_SERVER=38117, STANDALONE=45285], networkLocation: /default-rack, certSerialId: null, persistedOpState: IN_SERVICE, persistedOpStateExpiryEpochSec: 0}, ReplicationConfig: RATIS/THREE, State:ALLOCATED, leaderId:, CreationTimestamp2021-11-14T01:05:34.819Z[Etc/UTC]] moved to CLOSED state
2021-11-14 01:05:54,185 [EventQueue-StaleNodeForStaleNodeHandler] INFO  pipeline.PipelineManagerImpl (PipelineManagerImpl.java:closePipeline(349)) - Pipeline Pipeline[ Id: cc1dc006-f3c4-4fc8-af80-046f1a34b9c3, Nodes: 42593a4f-89d4-4363-aad7-ee84fdc40b17{ip: 10.1.0.47, host: fv-az395-453.zfmzfyrfkyou3ow0tsr0jxwq1e.bx.internal.cloudapp.net, ports: [REPLICATION=44265, RATIS=38117, RATIS_ADMIN=38117, RATIS_SERVER=38117, STANDALONE=45285], networkLocation: /default-rack, certSerialId: null, persistedOpState: IN_SERVICE, persistedOpStateExpiryEpochSec: 0}, ReplicationConfig: RATIS/ONE, State:OPEN, leaderId:42593a4f-89d4-4363-aad7-ee84fdc40b17, CreationTimestamp2021-11-14T01:05:34.817Z[Etc/UTC]] moved to CLOSED state
2021-11-14 01:05:54,185 [EventQueue-StaleNodeForStaleNodeHandler] INFO  node.StaleNodeHandler (StaleNodeHandler.java:onMessage(58)) - Datanode eb0c46e4-5725-4afa-bb96-e719b980f47a{ip: 10.1.0.47, host: fv-az395-453.zfmzfyrfkyou3ow0tsr0jxwq1e.bx.internal.cloudapp.net, ports: [REPLICATION=35283, RATIS=38135, RATIS_ADMIN=38135, RATIS_SERVER=38135, STANDALONE=42151], networkLocation: /default-rack, certSerialId: null, persistedOpState: IN_SERVICE, persistedOpStateExpiryEpochSec: 0} moved to stale state. Finalizing its pipelines [PipelineID=b601b5a7-45d0-45c0-b013-4276e13490a7, PipelineID=a9c9fa27-e157-4e26-8819-82432eb5aaaa, PipelineID=5db15519-d160-414d-8fcd-06f4125447c4, PipelineID=8e390908-89ca-426b-9455-083767a110ed]
2021-11-14 01:05:54,185 [EventQueue-StaleNodeForStaleNodeHandler] INFO  pipeline.PipelineManagerImpl (PipelineManagerImpl.java:closePipeline(349)) - Pipeline Pipeline[ Id: a9c9fa27-e157-4e26-8819-82432eb5aaaa, Nodes: eb0c46e4-5725-4afa-bb96-e719b980f47a{ip: 10.1.0.47, host: fv-az395-453.zfmzfyrfkyou3ow0tsr0jxwq1e.bx.internal.cloudapp.net, ports: [REPLICATION=35283, RATIS=38135, RATIS_ADMIN=38135, RATIS_SERVER=38135, STANDALONE=42151], networkLocation: /default-rack, certSerialId: null, persistedOpState: IN_SERVICE, persistedOpStateExpiryEpochSec: 0}, ReplicationConfig: RATIS/ONE, State:OPEN, leaderId:eb0c46e4-5725-4afa-bb96-e719b980f47a, CreationTimestamp2021-11-14T01:04:26.459Z[Etc/UTC]] moved to CLOSED state
2021-11-14 01:05:54,385 [grpc-default-executor-0] WARN  server.GrpcLogAppender (LogUtils.java:warn(122)) - 8f64935f-b83c-4009-bc32-b4395deb71aa@group-B8A997D08E4F->5b42674d-a9fa-4183-866d-d0b91026c546-AppendLogResponseHandler: Failed appendEntries: org.apache.ratis.thirdparty.io.grpc.StatusRuntimeException: UNAVAILABLE: io exception
2021-11-14 01:05:54,386 [grpc-default-executor-0] WARN  server.GrpcLogAppender (GrpcLogAppender.java:resetClient(110)) - 8f64935f-b83c-4009-bc32-b4395deb71aa@group-B8A997D08E4F->5b42674d-a9fa-4183-866d-d0b91026c546-GrpcLogAppender: Leader has not got in touch with Follower 8f64935f-b83c-4009-bc32-b4395deb71aa@group-B8A997D08E4F->5b42674d-a9fa-4183-866d-d0b91026c546(c0,m0,n1, attendVote=true, lastRpcSendTime=2504, lastRpcResponseTime=15110) yet, just keep nextIndex unchanged and retry.
2021-11-14 01:05:54,929 [grpc-default-executor-0] WARN  server.GrpcLogAppender (LogUtils.java:warn(122)) - e624a09e-d66f-4eff-951a-8f24e1213b58@group-0E53E93CFD0F->5b42674d-a9fa-4183-866d-d0b91026c546-AppendLogResponseHandler: Failed appendEntries: org.apache.ratis.thirdparty.io.grpc.StatusRuntimeException: UNAVAILABLE: io exception
2021-11-14 01:05:54,930 [grpc-default-executor-0] WARN  server.GrpcLogAppender (GrpcLogAppender.java:resetClient(110)) - e624a09e-d66f-4eff-951a-8f24e1213b58@group-0E53E93CFD0F->5b42674d-a9fa-4183-866d-d0b91026c546-GrpcLogAppender: Leader has not got in touch with Follower e624a09e-d66f-4eff-951a-8f24e1213b58@group-0E53E93CFD0F->5b42674d-a9fa-4183-866d-d0b91026c546(c0,m0,n1, attendVote=true, lastRpcSendTime=2518, lastRpcResponseTime=15105) yet, just keep nextIndex unchanged and retry.
2021-11-14 01:05:55,253 [grpc-default-executor-0] WARN  server.GrpcLogAppender (LogUtils.java:warn(122)) - e624a09e-d66f-4eff-951a-8f24e1213b58@group-B41A3219138A->5b42674d-a9fa-4183-866d-d0b91026c546-AppendLogResponseHandler: Failed appendEntries: org.apache.ratis.thirdparty.io.grpc.StatusRuntimeException: UNAVAILABLE: io exception
2021-11-14 01:05:55,254 [grpc-default-executor-0] WARN  server.GrpcLogAppender (GrpcLogAppender.java:resetClient(110)) - e624a09e-d66f-4eff-951a-8f24e1213b58@group-B41A3219138A->5b42674d-a9fa-4183-866d-d0b91026c546-GrpcLogAppender: Leader has not got in touch with Follower e624a09e-d66f-4eff-951a-8f24e1213b58@group-B41A3219138A->5b42674d-a9fa-4183-866d-d0b91026c546(c-1,m0,n3, attendVote=true, lastRpcSendTime=0, lastRpcResponseTime=15396) yet, just keep nextIndex unchanged and retry.
2021-11-14 01:05:55,571 [grpc-default-executor-0] WARN  server.GrpcLogAppender (LogUtils.java:warn(122)) - 32069a0d-f39a-42d5-b706-96b3f478e9d8@group-CAA489D3CFE4->a5432c49-5461-405d-b7d7-37e5c225d9bf-AppendLogResponseHandler: Failed appendEntries: org.apache.ratis.thirdparty.io.grpc.StatusRuntimeException: UNAVAILABLE: io exception
2021-11-14 01:05:55,571 [grpc-default-executor-0] WARN  server.GrpcLogAppender (GrpcLogAppender.java:resetClient(110)) - 32069a0d-f39a-42d5-b706-96b3f478e9d8@group-CAA489D3CFE4->a5432c49-5461-405d-b7d7-37e5c225d9bf-GrpcLogAppender: Leader has not got in touch with Follower 32069a0d-f39a-42d5-b706-96b3f478e9d8@group-CAA489D3CFE4->a5432c49-5461-405d-b7d7-37e5c225d9bf(c-1,m0,n1, attendVote=true, lastRpcSendTime=0, lastRpcResponseTime=12977) yet, just keep nextIndex unchanged and retry.
2021-11-14 01:05:55,586 [EventQueue-DeadNodeForDeadNodeHandler] INFO  node.DeadNodeHandler (DeadNodeHandler.java:onMessage(80)) - A dead datanode is detected. 5b42674d-a9fa-4183-866d-d0b91026c546{ip: 10.1.0.47, host: fv-az395-453.zfmzfyrfkyou3ow0tsr0jxwq1e.bx.internal.cloudapp.net, ports: [REPLICATION=37017, RATIS=35089, RATIS_ADMIN=35089, RATIS_SERVER=35089, STANDALONE=42415], networkLocation: /default-rack, certSerialId: null, persistedOpState: IN_SERVICE, persistedOpStateExpiryEpochSec: 0}
2021-11-14 01:05:55,586 [EventQueue-DeadNodeForDeadNodeHandler] INFO  pipeline.RatisPipelineProvider (RatisPipelineProvider.java:lambda$close$1(222)) - Send pipeline:PipelineID=18bfed5b-9086-4d3b-be28-b41a3219138a close command to datanode e624a09e-d66f-4eff-951a-8f24e1213b58
2021-11-14 01:05:55,586 [EventQueue-DeadNodeForDeadNodeHandler] INFO  pipeline.RatisPipelineProvider (RatisPipelineProvider.java:lambda$close$1(222)) - Send pipeline:PipelineID=18bfed5b-9086-4d3b-be28-b41a3219138a close command to datanode 8f64935f-b83c-4009-bc32-b4395deb71aa
2021-11-14 01:05:55,586 [EventQueue-DeadNodeForDeadNodeHandler] INFO  pipeline.RatisPipelineProvider (RatisPipelineProvider.java:lambda$close$1(222)) - Send pipeline:PipelineID=18bfed5b-9086-4d3b-be28-b41a3219138a close command to datanode 5b42674d-a9fa-4183-866d-d0b91026c546
2021-11-14 01:05:55,586 [EventQueue-DeadNodeForDeadNodeHandler] INFO  pipeline.PipelineStateManagerImpl (PipelineStateManagerImpl.java:removePipeline(223)) - Pipeline Pipeline[ Id: 18bfed5b-9086-4d3b-be28-b41a3219138a, Nodes: e624a09e-d66f-4eff-951a-8f24e1213b58{ip: 10.1.0.47, host: fv-az395-453.zfmzfyrfkyou3ow0tsr0jxwq1e.bx.internal.cloudapp.net, ports: [REPLICATION=39939, RATIS=41437, RATIS_ADMIN=41437, RATIS_SERVER=41437, STANDALONE=42433], networkLocation: /default-rack, certSerialId: null, persistedOpState: IN_SERVICE, persistedOpStateExpiryEpochSec: 0}8f64935f-b83c-4009-bc32-b4395deb71aa{ip: 10.1.0.47, host: fv-az395-453.zfmzfyrfkyou3ow0tsr0jxwq1e.bx.internal.cloudapp.net, ports: [REPLICATION=43731, RATIS=45069, RATIS_ADMIN=45069, RATIS_SERVER=45069, STANDALONE=39111], networkLocation: /default-rack, certSerialId: null, persistedOpState: IN_SERVICE, persistedOpStateExpiryEpochSec: 0}5b42674d-a9fa-4183-866d-d0b91026c546{ip: 10.1.0.47, host: fv-az395-453.zfmzfyrfkyou3ow0tsr0jxwq1e.bx.internal.cloudapp.net, ports: [REPLICATION=37017, RATIS=35089, RATIS_ADMIN=35089, RATIS_SERVER=35089, STANDALONE=42415], networkLocation: /default-rack, certSerialId: null, persistedOpState: IN_SERVICE, persistedOpStateExpiryEpochSec: 0}, ReplicationConfig: RATIS/THREE, State:CLOSED, leaderId:e624a09e-d66f-4eff-951a-8f24e1213b58, CreationTimestamp2021-11-14T01:04:25.876Z[Etc/UTC]] removed.
2021-11-14 01:05:55,586 [EventQueue-DeadNodeForDeadNodeHandler] INFO  pipeline.RatisPipelineProvider (RatisPipelineProvider.java:lambda$close$1(222)) - Send pipeline:PipelineID=73954cd4-b9e7-4cf0-9245-49e67502bcbe close command to datanode 5b42674d-a9fa-4183-866d-d0b91026c546
2021-11-14 01:05:55,587 [EventQueue-DeadNodeForDeadNodeHandler] INFO  pipeline.PipelineStateManagerImpl (PipelineStateManagerImpl.java:removePipeline(223)) - Pipeline Pipeline[ Id: 73954cd4-b9e7-4cf0-9245-49e67502bcbe, Nodes: 5b42674d-a9fa-4183-866d-d0b91026c546{ip: 10.1.0.47, host: fv-az395-453.zfmzfyrfkyou3ow0tsr0jxwq1e.bx.internal.cloudapp.net, ports: [REPLICATION=37017, RATIS=35089, RATIS_ADMIN=35089, RATIS_SERVER=35089, STANDALONE=42415], networkLocation: /default-rack, certSerialId: null, persistedOpState: IN_SERVICE, persistedOpStateExpiryEpochSec: 0}, ReplicationConfig: RATIS/ONE, State:CLOSED, leaderId:5b42674d-a9fa-4183-866d-d0b91026c546, CreationTimestamp2021-11-14T01:04:25.327Z[Etc/UTC]] removed.
2021-11-14 01:05:55,587 [EventQueue-DeadNodeForDeadNodeHandler] INFO  pipeline.RatisPipelineProvider (RatisPipelineProvider.java:lambda$close$1(222)) - Send pipeline:PipelineID=f6c2ffd6-7342-4066-bffd-b8a997d08e4f close command to datanode e624a09e-d66f-4eff-951a-8f24e1213b58
2021-11-14 01:05:55,587 [EventQueue-DeadNodeForDeadNodeHandler] INFO  pipeline.RatisPipelineProvider (RatisPipelineProvider.java:lambda$close$1(222)) - Send pipeline:PipelineID=f6c2ffd6-7342-4066-bffd-b8a997d08e4f close command to datanode 8f64935f-b83c-4009-bc32-b4395deb71aa
2021-11-14 01:05:55,587 [EventQueue-DeadNodeForDeadNodeHandler] INFO  pipeline.RatisPipelineProvider (RatisPipelineProvider.java:lambda$close$1(222)) - Send pipeline:PipelineID=f6c2ffd6-7342-4066-bffd-b8a997d08e4f close command to datanode 5b42674d-a9fa-4183-866d-d0b91026c546
2021-11-14 01:05:55,587 [EventQueue-DeadNodeForDeadNodeHandler] INFO  pipeline.PipelineStateManagerImpl (PipelineStateManagerImpl.java:removePipeline(223)) - Pipeline Pipeline[ Id: f6c2ffd6-7342-4066-bffd-b8a997d08e4f, Nodes: e624a09e-d66f-4eff-951a-8f24e1213b58{ip: 10.1.0.47, host: fv-az395-453.zfmzfyrfkyou3ow0tsr0jxwq1e.bx.internal.cloudapp.net, ports: [REPLICATION=39939, RATIS=41437, RATIS_ADMIN=41437, RATIS_SERVER=41437, STANDALONE=42433], networkLocation: /default-rack, certSerialId: null, persistedOpState: IN_SERVICE, persistedOpStateExpiryEpochSec: 0}8f64935f-b83c-4009-bc32-b4395deb71aa{ip: 10.1.0.47, host: fv-az395-453.zfmzfyrfkyou3ow0tsr0jxwq1e.bx.internal.cloudapp.net, ports: [REPLICATION=43731, RATIS=45069, RATIS_ADMIN=45069, RATIS_SERVER=45069, STANDALONE=39111], networkLocation: /default-rack, certSerialId: null, persistedOpState: IN_SERVICE, persistedOpStateExpiryEpochSec: 0}5b42674d-a9fa-4183-866d-d0b91026c546{ip: 10.1.0.47, host: fv-az395-453.zfmzfyrfkyou3ow0tsr0jxwq1e.bx.internal.cloudapp.net, ports: [REPLICATION=37017, RATIS=35089, RATIS_ADMIN=35089, RATIS_SERVER=35089, STANDALONE=42415], networkLocation: /default-rack, certSerialId: null, persistedOpState: IN_SERVICE, persistedOpStateExpiryEpochSec: 0}, ReplicationConfig: RATIS/THREE, State:CLOSED, leaderId:8f64935f-b83c-4009-bc32-b4395deb71aa, CreationTimestamp2021-11-14T01:04:25.878Z[Etc/UTC]] removed.
2021-11-14 01:05:55,587 [EventQueue-DeadNodeForDeadNodeHandler] INFO  pipeline.RatisPipelineProvider (RatisPipelineProvider.java:lambda$close$1(222)) - Send pipeline:PipelineID=d0e7521d-b1bf-4417-8d3e-0e53e93cfd0f close command to datanode 8f64935f-b83c-4009-bc32-b4395deb71aa
2021-11-14 01:05:55,587 [EventQueue-DeadNodeForDeadNodeHandler] INFO  pipeline.RatisPipelineProvider (RatisPipelineProvider.java:lambda$close$1(222)) - Send pipeline:PipelineID=d0e7521d-b1bf-4417-8d3e-0e53e93cfd0f close command to datanode 5b42674d-a9fa-4183-866d-d0b91026c546
2021-11-14 01:05:55,587 [EventQueue-DeadNodeForDeadNodeHandler] INFO  pipeline.RatisPipelineProvider (RatisPipelineProvider.java:lambda$close$1(222)) - Send pipeline:PipelineID=d0e7521d-b1bf-4417-8d3e-0e53e93cfd0f close command to datanode e624a09e-d66f-4eff-951a-8f24e1213b58
2021-11-14 01:05:55,587 [EventQueue-DeadNodeForDeadNodeHandler] INFO  pipeline.PipelineStateManagerImpl (PipelineStateManagerImpl.java:removePipeline(223)) - Pipeline Pipeline[ Id: d0e7521d-b1bf-4417-8d3e-0e53e93cfd0f, Nodes: 8f64935f-b83c-4009-bc32-b4395deb71aa{ip: 10.1.0.47, host: fv-az395-453.zfmzfyrfkyou3ow0tsr0jxwq1e.bx.internal.cloudapp.net, ports: [REPLICATION=43731, RATIS=45069, RATIS_ADMIN=45069, RATIS_SERVER=45069, STANDALONE=39111], networkLocation: /default-rack, certSerialId: null, persistedOpState: IN_SERVICE, persistedOpStateExpiryEpochSec: 0}5b42674d-a9fa-4183-866d-d0b91026c546{ip: 10.1.0.47, host: fv-az395-453.zfmzfyrfkyou3ow0tsr0jxwq1e.bx.internal.cloudapp.net, ports: [REPLICATION=37017, RATIS=35089, RATIS_ADMIN=35089, RATIS_SERVER=35089, STANDALONE=42415], networkLocation: /default-rack, certSerialId: null, persistedOpState: IN_SERVICE, persistedOpStateExpiryEpochSec: 0}e624a09e-d66f-4eff-951a-8f24e1213b58{ip: 10.1.0.47, host: fv-az395-453.zfmzfyrfkyou3ow0tsr0jxwq1e.bx.internal.cloudapp.net, ports: [REPLICATION=39939, RATIS=41437, RATIS_ADMIN=41437, RATIS_SERVER=41437, STANDALONE=42433], networkLocation: /default-rack, certSerialId: null, persistedOpState: IN_SERVICE, persistedOpStateExpiryEpochSec: 0}, ReplicationConfig: RATIS/THREE, State:CLOSED, leaderId:e624a09e-d66f-4eff-951a-8f24e1213b58, CreationTimestamp2021-11-14T01:04:25.879Z[Etc/UTC]] removed.
2021-11-14 01:05:55,587 [EventQueue-DeadNodeForDeadNodeHandler] INFO  net.NetworkTopologyImpl (NetworkTopologyImpl.java:remove(137)) - Removed a node: /default-rack/5b42674d-a9fa-4183-866d-d0b91026c546
2021-11-14 01:05:55,614 [grpc-default-executor-0] WARN  server.GrpcLogAppender (LogUtils.java:warn(122)) - 32069a0d-f39a-42d5-b706-96b3f478e9d8@group-CAA489D3CFE4->42593a4f-89d4-4363-aad7-ee84fdc40b17-AppendLogResponseHandler: Failed appendEntries: org.apache.ratis.thirdparty.io.grpc.StatusRuntimeException: UNAVAILABLE: io exception
2021-11-14 01:05:55,614 [grpc-default-executor-0] WARN  server.GrpcLogAppender (GrpcLogAppender.java:resetClient(110)) - 32069a0d-f39a-42d5-b706-96b3f478e9d8@group-CAA489D3CFE4->42593a4f-89d4-4363-aad7-ee84fdc40b17-GrpcLogAppender: Leader has not got in touch with Follower 32069a0d-f39a-42d5-b706-96b3f478e9d8@group-CAA489D3CFE4->42593a4f-89d4-4363-aad7-ee84fdc40b17(c0,m0,n1, attendVote=true, lastRpcSendTime=0, lastRpcResponseTime=7518) yet, just keep nextIndex unchanged and retry.
2021-11-14 01:05:56,093 [EventQueue-DeadNodeForDeadNodeHandler] INFO  node.DeadNodeHandler (DeadNodeHandler.java:onMessage(80)) - A dead datanode is detected. a5432c49-5461-405d-b7d7-37e5c225d9bf{ip: 10.1.0.47, host: fv-az395-453.zfmzfyrfkyou3ow0tsr0jxwq1e.bx.internal.cloudapp.net, ports: [REPLICATION=42911, RATIS=33007, RATIS_ADMIN=33007, RATIS_SERVER=33007, STANDALONE=34183], networkLocation: /default-rack, certSerialId: null, persistedOpState: IN_SERVICE, persistedOpStateExpiryEpochSec: 0}
2021-11-14 01:05:56,093 [EventQueue-DeadNodeForDeadNodeHandler] INFO  pipeline.RatisPipelineProvider (RatisPipelineProvider.java:lambda$close$1(222)) - Send pipeline:PipelineID=b601b5a7-45d0-45c0-b013-4276e13490a7 close command to datanode eb0c46e4-5725-4afa-bb96-e719b980f47a
2021-11-14 01:05:56,093 [EventQueue-DeadNodeForDeadNodeHandler] INFO  pipeline.RatisPipelineProvider (RatisPipelineProvider.java:lambda$close$1(222)) - Send pipeline:PipelineID=b601b5a7-45d0-45c0-b013-4276e13490a7 close command to datanode a5432c49-5461-405d-b7d7-37e5c225d9bf
2021-11-14 01:05:56,093 [EventQueue-DeadNodeForDeadNodeHandler] INFO  pipeline.RatisPipelineProvider (RatisPipelineProvider.java:lambda$close$1(222)) - Send pipeline:PipelineID=b601b5a7-45d0-45c0-b013-4276e13490a7 close command to datanode 42593a4f-89d4-4363-aad7-ee84fdc40b17
2021-11-14 01:05:56,094 [EventQueue-DeadNodeForDeadNodeHandler] INFO  pipeline.PipelineStateManagerImpl (PipelineStateManagerImpl.java:removePipeline(223)) - Pipeline Pipeline[ Id: b601b5a7-45d0-45c0-b013-4276e13490a7, Nodes: eb0c46e4-5725-4afa-bb96-e719b980f47a{ip: 10.1.0.47, host: fv-az395-453.zfmzfyrfkyou3ow0tsr0jxwq1e.bx.internal.cloudapp.net, ports: [REPLICATION=35283, RATIS=38135, RATIS_ADMIN=38135, RATIS_SERVER=38135, STANDALONE=42151], networkLocation: /default-rack, certSerialId: null, persistedOpState: IN_SERVICE, persistedOpStateExpiryEpochSec: 0}a5432c49-5461-405d-b7d7-37e5c225d9bf{ip: 10.1.0.47, host: fv-az395-453.zfmzfyrfkyou3ow0tsr0jxwq1e.bx.internal.cloudapp.net, ports: [REPLICATION=42911, RATIS=33007, RATIS_ADMIN=33007, RATIS_SERVER=33007, STANDALONE=34183], networkLocation: /default-rack, certSerialId: null, persistedOpState: IN_SERVICE, persistedOpStateExpiryEpochSec: 0}42593a4f-89d4-4363-aad7-ee84fdc40b17{ip: 10.1.0.47, host: fv-az395-453.zfmzfyrfkyou3ow0tsr0jxwq1e.bx.internal.cloudapp.net, ports: [REPLICATION=44265, RATIS=38117, RATIS_ADMIN=38117, RATIS_SERVER=38117, STANDALONE=45285], networkLocation: /default-rack, certSerialId: null, persistedOpState: IN_SERVICE, persistedOpStateExpiryEpochSec: 0}, ReplicationConfig: RATIS/THREE, State:CLOSED, leaderId:, CreationTimestamp2021-11-14T01:05:34.818Z[Etc/UTC]] removed.
2021-11-14 01:05:56,094 [EventQueue-DeadNodeForDeadNodeHandler] INFO  pipeline.RatisPipelineProvider (RatisPipelineProvider.java:lambda$close$1(222)) - Send pipeline:PipelineID=504e848c-8156-4a34-b367-caa489d3cfe4 close command to datanode a5432c49-5461-405d-b7d7-37e5c225d9bf
2021-11-14 01:05:56,094 [EventQueue-DeadNodeForDeadNodeHandler] INFO  pipeline.RatisPipelineProvider (RatisPipelineProvider.java:lambda$close$1(222)) - Send pipeline:PipelineID=504e848c-8156-4a34-b367-caa489d3cfe4 close command to datanode 32069a0d-f39a-42d5-b706-96b3f478e9d8
2021-11-14 01:05:56,094 [EventQueue-DeadNodeForDeadNodeHandler] INFO  pipeline.RatisPipelineProvider (RatisPipelineProvider.java:lambda$close$1(222)) - Send pipeline:PipelineID=504e848c-8156-4a34-b367-caa489d3cfe4 close command to datanode 42593a4f-89d4-4363-aad7-ee84fdc40b17
2021-11-14 01:05:56,094 [EventQueue-DeadNodeForDeadNodeHandler] INFO  pipeline.PipelineStateManagerImpl (PipelineStateManagerImpl.java:removePipeline(223)) - Pipeline Pipeline[ Id: 504e848c-8156-4a34-b367-caa489d3cfe4, Nodes: a5432c49-5461-405d-b7d7-37e5c225d9bf{ip: 10.1.0.47, host: fv-az395-453.zfmzfyrfkyou3ow0tsr0jxwq1e.bx.internal.cloudapp.net, ports: [REPLICATION=42911, RATIS=33007, RATIS_ADMIN=33007, RATIS_SERVER=33007, STANDALONE=34183], networkLocation: /default-rack, certSerialId: null, persistedOpState: IN_SERVICE, persistedOpStateExpiryEpochSec: 0}32069a0d-f39a-42d5-b706-96b3f478e9d8{ip: 10.1.0.47, host: fv-az395-453.zfmzfyrfkyou3ow0tsr0jxwq1e.bx.internal.cloudapp.net, ports: [REPLICATION=45299, RATIS=43355, RATIS_ADMIN=43355, RATIS_SERVER=43355, STANDALONE=42407], networkLocation: /default-rack, certSerialId: null, persistedOpState: IN_SERVICE, persistedOpStateExpiryEpochSec: 0}42593a4f-89d4-4363-aad7-ee84fdc40b17{ip: 10.1.0.47, host: fv-az395-453.zfmzfyrfkyou3ow0tsr0jxwq1e.bx.internal.cloudapp.net, ports: [REPLICATION=44265, RATIS=38117, RATIS_ADMIN=38117, RATIS_SERVER=38117, STANDALONE=45285], networkLocation: /default-rack, certSerialId: null, persistedOpState: IN_SERVICE, persistedOpStateExpiryEpochSec: 0}, ReplicationConfig: RATIS/THREE, State:CLOSED, leaderId:32069a0d-f39a-42d5-b706-96b3f478e9d8, CreationTimestamp2021-11-14T01:05:34.824Z[Etc/UTC]] removed.
2021-11-14 01:05:56,094 [EventQueue-DeadNodeForDeadNodeHandler] INFO  pipeline.RatisPipelineProvider (RatisPipelineProvider.java:lambda$close$1(222)) - Send pipeline:PipelineID=72688eae-7812-4aae-8a84-60cc15f72d53 close command to datanode a5432c49-5461-405d-b7d7-37e5c225d9bf
2021-11-14 01:05:56,094 [EventQueue-DeadNodeForDeadNodeHandler] INFO  pipeline.PipelineStateManagerImpl (PipelineStateManagerImpl.java:removePipeline(223)) - Pipeline Pipeline[ Id: 72688eae-7812-4aae-8a84-60cc15f72d53, Nodes: a5432c49-5461-405d-b7d7-37e5c225d9bf{ip: 10.1.0.47, host: fv-az395-453.zfmzfyrfkyou3ow0tsr0jxwq1e.bx.internal.cloudapp.net, ports: [REPLICATION=42911, RATIS=33007, RATIS_ADMIN=33007, RATIS_SERVER=33007, STANDALONE=34183], networkLocation: /default-rack, certSerialId: null, persistedOpState: IN_SERVICE, persistedOpStateExpiryEpochSec: 0}, ReplicationConfig: RATIS/ONE, State:CLOSED, leaderId:a5432c49-5461-405d-b7d7-37e5c225d9bf, CreationTimestamp2021-11-14T01:04:23.873Z[Etc/UTC]] removed.
2021-11-14 01:05:56,094 [EventQueue-DeadNodeForDeadNodeHandler] INFO  pipeline.RatisPipelineProvider (RatisPipelineProvider.java:lambda$close$1(222)) - Send pipeline:PipelineID=5db15519-d160-414d-8fcd-06f4125447c4 close command to datanode eb0c46e4-5725-4afa-bb96-e719b980f47a
2021-11-14 01:05:56,094 [EventQueue-DeadNodeForDeadNodeHandler] INFO  pipeline.RatisPipelineProvider (RatisPipelineProvider.java:lambda$close$1(222)) - Send pipeline:PipelineID=5db15519-d160-414d-8fcd-06f4125447c4 close command to datanode 32069a0d-f39a-42d5-b706-96b3f478e9d8
2021-11-14 01:05:56,094 [EventQueue-DeadNodeForDeadNodeHandler] INFO  pipeline.RatisPipelineProvider (RatisPipelineProvider.java:lambda$close$1(222)) - Send pipeline:PipelineID=5db15519-d160-414d-8fcd-06f4125447c4 close command to datanode a5432c49-5461-405d-b7d7-37e5c225d9bf
2021-11-14 01:05:56,094 [EventQueue-DeadNodeForDeadNodeHandler] INFO  pipeline.PipelineStateManagerImpl (PipelineStateManagerImpl.java:removePipeline(223)) - Pipeline Pipeline[ Id: 5db15519-d160-414d-8fcd-06f4125447c4, Nodes: eb0c46e4-5725-4afa-bb96-e719b980f47a{ip: 10.1.0.47, host: fv-az395-453.zfmzfyrfkyou3ow0tsr0jxwq1e.bx.internal.cloudapp.net, ports: [REPLICATION=35283, RATIS=38135, RATIS_ADMIN=38135, RATIS_SERVER=38135, STANDALONE=42151], networkLocation: /default-rack, certSerialId: null, persistedOpState: IN_SERVICE, persistedOpStateExpiryEpochSec: 0}32069a0d-f39a-42d5-b706-96b3f478e9d8{ip: 10.1.0.47, host: fv-az395-453.zfmzfyrfkyou3ow0tsr0jxwq1e.bx.internal.cloudapp.net, ports: [REPLICATION=45299, RATIS=43355, RATIS_ADMIN=43355, RATIS_SERVER=43355, STANDALONE=42407], networkLocation: /default-rack, certSerialId: null, persistedOpState: IN_SERVICE, persistedOpStateExpiryEpochSec: 0}a5432c49-5461-405d-b7d7-37e5c225d9bf{ip: 10.1.0.47, host: fv-az395-453.zfmzfyrfkyou3ow0tsr0jxwq1e.bx.internal.cloudapp.net, ports: [REPLICATION=42911, RATIS=33007, RATIS_ADMIN=33007, RATIS_SERVER=33007, STANDALONE=34183], networkLocation: /default-rack, certSerialId: null, persistedOpState: IN_SERVICE, persistedOpStateExpiryEpochSec: 0}, ReplicationConfig: RATIS/THREE, State:CLOSED, leaderId:eb0c46e4-5725-4afa-bb96-e719b980f47a, CreationTimestamp2021-11-14T01:05:34.820Z[Etc/UTC]] removed.
2021-11-14 01:05:56,095 [EventQueue-DeadNodeForDeadNodeHandler] INFO  net.NetworkTopologyImpl (NetworkTopologyImpl.java:remove(137)) - Removed a node: /default-rack/a5432c49-5461-405d-b7d7-37e5c225d9bf
2021-11-14 01:05:56,893 [grpc-default-executor-0] WARN  server.GrpcLogAppender (LogUtils.java:warn(122)) - 8f64935f-b83c-4009-bc32-b4395deb71aa@group-B8A997D08E4F->5b42674d-a9fa-4183-866d-d0b91026c546-AppendLogResponseHandler: Failed appendEntries: org.apache.ratis.thirdparty.io.grpc.StatusRuntimeException: UNAVAILABLE: io exception
2021-11-14 01:05:56,902 [grpc-default-executor-0] WARN  server.GrpcLogAppender (GrpcLogAppender.java:resetClient(110)) - 8f64935f-b83c-4009-bc32-b4395deb71aa@group-B8A997D08E4F->5b42674d-a9fa-4183-866d-d0b91026c546-GrpcLogAppender: Leader has not got in touch with Follower 8f64935f-b83c-4009-bc32-b4395deb71aa@group-B8A997D08E4F->5b42674d-a9fa-4183-866d-d0b91026c546(c0,m0,n1, attendVote=true, lastRpcSendTime=2514, lastRpcResponseTime=17625) yet, just keep nextIndex unchanged and retry.
2021-11-14 01:05:57,341 [32069a0d-f39a-42d5-b706-96b3f478e9d8@group-083767A110ED-FollowerState] INFO  impl.FollowerState (FollowerState.java:run(134)) - 32069a0d-f39a-42d5-b706-96b3f478e9d8@group-083767A110ED-FollowerState: change to CANDIDATE, lastRpcElapsedTime:5168823108ns, electionTimeout:5152ms
2021-11-14 01:05:57,342 [32069a0d-f39a-42d5-b706-96b3f478e9d8@group-083767A110ED-FollowerState] INFO  impl.RoleInfo (RoleInfo.java:shutdownFollowerState(108)) - 32069a0d-f39a-42d5-b706-96b3f478e9d8: shutdown 32069a0d-f39a-42d5-b706-96b3f478e9d8@group-083767A110ED-FollowerState
2021-11-14 01:05:57,342 [32069a0d-f39a-42d5-b706-96b3f478e9d8@group-083767A110ED-FollowerState] INFO  server.RaftServer$Division (RaftServerImpl.java:setRole(290)) - 32069a0d-f39a-42d5-b706-96b3f478e9d8@group-083767A110ED: changes role from  FOLLOWER to CANDIDATE at term 3 for changeToCandidate
2021-11-14 01:05:57,342 [32069a0d-f39a-42d5-b706-96b3f478e9d8@group-083767A110ED-FollowerState] INFO  server.RaftServerConfigKeys (ConfUtils.java:logGet(44)) - raft.server.leaderelection.pre-vote = false (custom)
2021-11-14 01:05:57,342 [32069a0d-f39a-42d5-b706-96b3f478e9d8@group-083767A110ED-FollowerState] INFO  impl.RoleInfo (RoleInfo.java:updateAndGet(130)) - 32069a0d-f39a-42d5-b706-96b3f478e9d8: start 32069a0d-f39a-42d5-b706-96b3f478e9d8@group-083767A110ED-LeaderElection141
2021-11-14 01:05:57,392 [32069a0d-f39a-42d5-b706-96b3f478e9d8@group-083767A110ED-LeaderElection141] INFO  impl.LeaderElection (LeaderElection.java:askForVotes(306)) - 32069a0d-f39a-42d5-b706-96b3f478e9d8@group-083767A110ED-LeaderElection141 ELECTION round 0: submit vote requests at term 4 for -1: [32069a0d-f39a-42d5-b706-96b3f478e9d8|rpc:10.1.0.47:43355|dataStream:|priority:1, 42593a4f-89d4-4363-aad7-ee84fdc40b17|rpc:10.1.0.47:38117|dataStream:|priority:0, eb0c46e4-5725-4afa-bb96-e719b980f47a|rpc:10.1.0.47:38135|dataStream:|priority:0], old=null
2021-11-14 01:05:57,406 [32069a0d-f39a-42d5-b706-96b3f478e9d8@group-06F4125447C4-FollowerState] INFO  impl.FollowerState (FollowerState.java:run(134)) - 32069a0d-f39a-42d5-b706-96b3f478e9d8@group-06F4125447C4-FollowerState: change to CANDIDATE, lastRpcElapsedTime:10017528001ns, electionTimeout:5108ms
2021-11-14 01:05:57,406 [32069a0d-f39a-42d5-b706-96b3f478e9d8@group-06F4125447C4-FollowerState] INFO  impl.RoleInfo (RoleInfo.java:shutdownFollowerState(108)) - 32069a0d-f39a-42d5-b706-96b3f478e9d8: shutdown 32069a0d-f39a-42d5-b706-96b3f478e9d8@group-06F4125447C4-FollowerState
2021-11-14 01:05:57,406 [32069a0d-f39a-42d5-b706-96b3f478e9d8@group-06F4125447C4-FollowerState] INFO  server.RaftServer$Division (RaftServerImpl.java:setRole(290)) - 32069a0d-f39a-42d5-b706-96b3f478e9d8@group-06F4125447C4: changes role from  FOLLOWER to CANDIDATE at term 1 for changeToCandidate
2021-11-14 01:05:57,433 [grpc-default-executor-0] WARN  server.GrpcLogAppender (LogUtils.java:warn(122)) - e624a09e-d66f-4eff-951a-8f24e1213b58@group-0E53E93CFD0F->5b42674d-a9fa-4183-866d-d0b91026c546-AppendLogResponseHandler: Failed appendEntries: org.apache.ratis.thirdparty.io.grpc.StatusRuntimeException: UNAVAILABLE: io exception
2021-11-14 01:05:57,434 [grpc-default-executor-0] WARN  server.GrpcLogAppender (GrpcLogAppender.java:resetClient(110)) - e624a09e-d66f-4eff-951a-8f24e1213b58@group-0E53E93CFD0F->5b42674d-a9fa-4183-866d-d0b91026c546-GrpcLogAppender: Leader has not got in touch with Follower e624a09e-d66f-4eff-951a-8f24e1213b58@group-0E53E93CFD0F->5b42674d-a9fa-4183-866d-d0b91026c546(c0,m0,n1, attendVote=true, lastRpcSendTime=2503, lastRpcResponseTime=17609) yet, just keep nextIndex unchanged and retry.
2021-11-14 01:05:57,445 [32069a0d-f39a-42d5-b706-96b3f478e9d8@group-06F4125447C4-FollowerState] INFO  server.RaftServerConfigKeys (ConfUtils.java:logGet(44)) - raft.server.leaderelection.pre-vote = false (custom)
2021-11-14 01:05:57,445 [32069a0d-f39a-42d5-b706-96b3f478e9d8@group-06F4125447C4-FollowerState] INFO  impl.RoleInfo (RoleInfo.java:updateAndGet(130)) - 32069a0d-f39a-42d5-b706-96b3f478e9d8: start 32069a0d-f39a-42d5-b706-96b3f478e9d8@group-06F4125447C4-LeaderElection142
2021-11-14 01:05:57,446 [32069a0d-f39a-42d5-b706-96b3f478e9d8@group-06F4125447C4-LeaderElection142] INFO  server.RaftServer$Division (ServerState.java:setLeader(285)) - 32069a0d-f39a-42d5-b706-96b3f478e9d8@group-06F4125447C4: change Leader from eb0c46e4-5725-4afa-bb96-e719b980f47a to null at term 1 for ELECTION
2021-11-14 01:05:57,447 [32069a0d-f39a-42d5-b706-96b3f478e9d8@group-083767A110ED-LeaderElection141] INFO  impl.LeaderElection (LogUtils.java:infoOrTrace(137)) - 32069a0d-f39a-42d5-b706-96b3f478e9d8@group-083767A110ED-LeaderElection141 got exception when requesting votes: java.util.concurrent.ExecutionException: org.apache.ratis.thirdparty.io.grpc.StatusRuntimeException: UNAVAILABLE: io exception
2021-11-14 01:05:57,448 [32069a0d-f39a-42d5-b706-96b3f478e9d8@group-083767A110ED-LeaderElection141] INFO  impl.LeaderElection (LogUtils.java:infoOrTrace(137)) - 32069a0d-f39a-42d5-b706-96b3f478e9d8@group-083767A110ED-LeaderElection141 got exception when requesting votes: java.util.concurrent.ExecutionException: org.apache.ratis.thirdparty.io.grpc.StatusRuntimeException: UNAVAILABLE: io exception
2021-11-14 01:05:57,448 [32069a0d-f39a-42d5-b706-96b3f478e9d8@group-083767A110ED-LeaderElection141] INFO  impl.LeaderElection (LeaderElection.java:logAndReturn(89)) - 32069a0d-f39a-42d5-b706-96b3f478e9d8@group-083767A110ED-LeaderElection141: ELECTION REJECTED received 0 response(s) and 2 exception(s):
2021-11-14 01:05:57,448 [32069a0d-f39a-42d5-b706-96b3f478e9d8@group-083767A110ED-LeaderElection141] INFO  impl.LeaderElection (LogUtils.java:infoOrTrace(137)) -   Exception 0: java.util.concurrent.ExecutionException: org.apache.ratis.thirdparty.io.grpc.StatusRuntimeException: UNAVAILABLE: io exception
2021-11-14 01:05:57,448 [32069a0d-f39a-42d5-b706-96b3f478e9d8@group-083767A110ED-LeaderElection141] INFO  impl.LeaderElection (LogUtils.java:infoOrTrace(137)) -   Exception 1: java.util.concurrent.ExecutionException: org.apache.ratis.thirdparty.io.grpc.StatusRuntimeException: UNAVAILABLE: io exception
2021-11-14 01:05:57,448 [32069a0d-f39a-42d5-b706-96b3f478e9d8@group-083767A110ED-LeaderElection141] INFO  impl.LeaderElection (LeaderElection.java:askForVotes(308)) - 32069a0d-f39a-42d5-b706-96b3f478e9d8@group-083767A110ED-LeaderElection141 ELECTION round 0: result REJECTED
2021-11-14 01:05:57,448 [32069a0d-f39a-42d5-b706-96b3f478e9d8@group-083767A110ED-LeaderElection141] INFO  server.RaftServer$Division (RaftServerImpl.java:setRole(290)) - 32069a0d-f39a-42d5-b706-96b3f478e9d8@group-083767A110ED: changes role from CANDIDATE to FOLLOWER at term 4 for REJECTED
2021-11-14 01:05:57,448 [32069a0d-f39a-42d5-b706-96b3f478e9d8@group-083767A110ED-LeaderElection141] INFO  impl.RoleInfo (RoleInfo.java:shutdownLeaderElection(121)) - 32069a0d-f39a-42d5-b706-96b3f478e9d8: shutdown 32069a0d-f39a-42d5-b706-96b3f478e9d8@group-083767A110ED-LeaderElection141
2021-11-14 01:05:57,448 [32069a0d-f39a-42d5-b706-96b3f478e9d8@group-083767A110ED-LeaderElection141] INFO  impl.RoleInfo (RoleInfo.java:updateAndGet(130)) - 32069a0d-f39a-42d5-b706-96b3f478e9d8: start 32069a0d-f39a-42d5-b706-96b3f478e9d8@group-083767A110ED-FollowerState
2021-11-14 01:05:57,457 [32069a0d-f39a-42d5-b706-96b3f478e9d8@group-06F4125447C4-LeaderElection142] INFO  impl.LeaderElection (LeaderElection.java:askForVotes(306)) - 32069a0d-f39a-42d5-b706-96b3f478e9d8@group-06F4125447C4-LeaderElection142 ELECTION round 0: submit vote requests at term 2 for 0: [a5432c49-5461-405d-b7d7-37e5c225d9bf|rpc:10.1.0.47:33007|dataStream:|priority:0, 32069a0d-f39a-42d5-b706-96b3f478e9d8|rpc:10.1.0.47:43355|dataStream:|priority:0, eb0c46e4-5725-4afa-bb96-e719b980f47a|rpc:10.1.0.47:38135|dataStream:|priority:1], old=null
2021-11-14 01:05:57,574 [32069a0d-f39a-42d5-b706-96b3f478e9d8@group-06F4125447C4-LeaderElection142] INFO  impl.LeaderElection (LogUtils.java:infoOrTrace(137)) - 32069a0d-f39a-42d5-b706-96b3f478e9d8@group-06F4125447C4-LeaderElection142 got exception when requesting votes: java.util.concurrent.ExecutionException: org.apache.ratis.thirdparty.io.grpc.StatusRuntimeException: UNAVAILABLE: io exception
2021-11-14 01:05:57,576 [32069a0d-f39a-42d5-b706-96b3f478e9d8@group-06F4125447C4-LeaderElection142] INFO  impl.LeaderElection (LogUtils.java:infoOrTrace(137)) - 32069a0d-f39a-42d5-b706-96b3f478e9d8@group-06F4125447C4-LeaderElection142 got exception when requesting votes: java.util.concurrent.ExecutionException: org.apache.ratis.thirdparty.io.grpc.StatusRuntimeException: UNAVAILABLE: io exception
2021-11-14 01:05:57,577 [32069a0d-f39a-42d5-b706-96b3f478e9d8@group-06F4125447C4-LeaderElection142] INFO  impl.LeaderElection (LeaderElection.java:logAndReturn(89)) - 32069a0d-f39a-42d5-b706-96b3f478e9d8@group-06F4125447C4-LeaderElection142: ELECTION REJECTED received 0 response(s) and 2 exception(s):
2021-11-14 01:05:57,577 [32069a0d-f39a-42d5-b706-96b3f478e9d8@group-06F4125447C4-LeaderElection142] INFO  impl.LeaderElection (LogUtils.java:infoOrTrace(137)) -   Exception 0: java.util.concurrent.ExecutionException: org.apache.ratis.thirdparty.io.grpc.StatusRuntimeException: UNAVAILABLE: io exception
2021-11-14 01:05:57,577 [32069a0d-f39a-42d5-b706-96b3f478e9d8@group-06F4125447C4-LeaderElection142] INFO  impl.LeaderElection (LogUtils.java:infoOrTrace(137)) -   Exception 1: java.util.concurrent.ExecutionException: org.apache.ratis.thirdparty.io.grpc.StatusRuntimeException: UNAVAILABLE: io exception
2021-11-14 01:05:57,577 [32069a0d-f39a-42d5-b706-96b3f478e9d8@group-06F4125447C4-LeaderElection142] INFO  impl.LeaderElection (LeaderElection.java:askForVotes(308)) - 32069a0d-f39a-42d5-b706-96b3f478e9d8@group-06F4125447C4-LeaderElection142 ELECTION round 0: result REJECTED
2021-11-14 01:05:57,577 [32069a0d-f39a-42d5-b706-96b3f478e9d8@group-06F4125447C4-LeaderElection142] INFO  server.RaftServer$Division (RaftServerImpl.java:setRole(290)) - 32069a0d-f39a-42d5-b706-96b3f478e9d8@group-06F4125447C4: changes role from CANDIDATE to FOLLOWER at term 2 for REJECTED
2021-11-14 01:05:57,577 [32069a0d-f39a-42d5-b706-96b3f478e9d8@group-06F4125447C4-LeaderElection142] INFO  impl.RoleInfo (RoleInfo.java:shutdownLeaderElection(121)) - 32069a0d-f39a-42d5-b706-96b3f478e9d8: shutdown 32069a0d-f39a-42d5-b706-96b3f478e9d8@group-06F4125447C4-LeaderElection142
2021-11-14 01:05:57,577 [32069a0d-f39a-42d5-b706-96b3f478e9d8@group-06F4125447C4-LeaderElection142] INFO  impl.RoleInfo (RoleInfo.java:updateAndGet(130)) - 32069a0d-f39a-42d5-b706-96b3f478e9d8: start 32069a0d-f39a-42d5-b706-96b3f478e9d8@group-06F4125447C4-FollowerState
2021-11-14 01:05:57,797 [grpc-default-executor-0] WARN  server.GrpcLogAppender (LogUtils.java:warn(122)) - e624a09e-d66f-4eff-951a-8f24e1213b58@group-B41A3219138A->5b42674d-a9fa-4183-866d-d0b91026c546-AppendLogResponseHandler: Failed appendEntries: org.apache.ratis.thirdparty.io.grpc.StatusRuntimeException: UNAVAILABLE: io exception
2021-11-14 01:05:57,798 [grpc-default-executor-0] WARN  server.GrpcLogAppender (GrpcLogAppender.java:resetClient(110)) - e624a09e-d66f-4eff-951a-8f24e1213b58@group-B41A3219138A->5b42674d-a9fa-4183-866d-d0b91026c546-GrpcLogAppender: Leader has not got in touch with Follower e624a09e-d66f-4eff-951a-8f24e1213b58@group-B41A3219138A->5b42674d-a9fa-4183-866d-d0b91026c546(c-1,m0,n3, attendVote=true, lastRpcSendTime=0, lastRpcResponseTime=17939) yet, just keep nextIndex unchanged and retry.
2021-11-14 01:05:57,891 [Command processor thread] INFO  server.RaftServer (RaftServerProxy.java:remove(106)) - 8f64935f-b83c-4009-bc32-b4395deb71aa: remove  FOLLOWER 8f64935f-b83c-4009-bc32-b4395deb71aa@group-B41A3219138A:t3, leader=e624a09e-d66f-4eff-951a-8f24e1213b58, voted=e624a09e-d66f-4eff-951a-8f24e1213b58, raftlog=8f64935f-b83c-4009-bc32-b4395deb71aa@group-B41A3219138A-SegmentedRaftLog:OPENED:c2, conf=1: [e624a09e-d66f-4eff-951a-8f24e1213b58|rpc:10.1.0.47:41437|dataStream:|priority:0, 8f64935f-b83c-4009-bc32-b4395deb71aa|rpc:10.1.0.47:45069|dataStream:|priority:0, 5b42674d-a9fa-4183-866d-d0b91026c546|rpc:10.1.0.47:35089|dataStream:|priority:1], old=null RUNNING
2021-11-14 01:05:57,891 [Command processor thread] INFO  server.RaftServer$Division (RaftServerImpl.java:lambda$close$4(412)) - 8f64935f-b83c-4009-bc32-b4395deb71aa@group-B41A3219138A: shutdown
2021-11-14 01:05:57,891 [Command processor thread] INFO  util.JmxRegister (JmxRegister.java:unregister(73)) - Successfully un-registered JMX Bean with object name Ratis:service=RaftServer,group=group-B41A3219138A,id=8f64935f-b83c-4009-bc32-b4395deb71aa
2021-11-14 01:05:57,891 [Command processor thread] INFO  impl.RoleInfo (RoleInfo.java:shutdownFollowerState(108)) - 8f64935f-b83c-4009-bc32-b4395deb71aa: shutdown 8f64935f-b83c-4009-bc32-b4395deb71aa@group-B41A3219138A-FollowerState
2021-11-14 01:05:57,891 [Command processor thread] INFO  impl.StateMachineUpdater (StateMachineUpdater.java:stopAndJoin(149)) - 8f64935f-b83c-4009-bc32-b4395deb71aa@group-B41A3219138A-StateMachineUpdater: set stopIndex = 2
2021-11-14 01:05:57,891 [8f64935f-b83c-4009-bc32-b4395deb71aa@group-B41A3219138A-FollowerState] INFO  impl.FollowerState (FollowerState.java:run(143)) - 8f64935f-b83c-4009-bc32-b4395deb71aa@group-B41A3219138A-FollowerState was interrupted: {}
java.lang.InterruptedException: sleep interrupted
	at java.lang.Thread.sleep(Native Method)
	at java.lang.Thread.sleep(Thread.java:340)
	at java.util.concurrent.TimeUnit.sleep(TimeUnit.java:386)
	at org.apache.ratis.util.TimeDuration.sleep(TimeDuration.java:324)
	at org.apache.ratis.util.TimeDuration.sleep(TimeDuration.java:309)
	at org.apache.ratis.server.impl.FollowerState.run(FollowerState.java:118)
2021-11-14 01:05:57,893 [8f64935f-b83c-4009-bc32-b4395deb71aa@group-B41A3219138A-StateMachineUpdater] INFO  ratis.ContainerStateMachine (ContainerStateMachine.java:takeSnapshot(292)) - group-B41A3219138A: Taking a snapshot at:(t:3, i:2) file /home/runner/work/ozone/ozone/hadoop-ozone/integration-test/target/test-dir/MiniOzoneClusterImpl-5b6cbd2a-2976-43bc-8d1c-e3ca86cddeeb/datanode-3/data/ratis/18bfed5b-9086-4d3b-be28-b41a3219138a/sm/snapshot.3_2
2021-11-14 01:05:57,894 [8f64935f-b83c-4009-bc32-b4395deb71aa@group-B41A3219138A-StateMachineUpdater] INFO  ratis.ContainerStateMachine (ContainerStateMachine.java:takeSnapshot(303)) - group-B41A3219138A: Finished taking a snapshot at:(t:3, i:2) file:/home/runner/work/ozone/ozone/hadoop-ozone/integration-test/target/test-dir/MiniOzoneClusterImpl-5b6cbd2a-2976-43bc-8d1c-e3ca86cddeeb/datanode-3/data/ratis/18bfed5b-9086-4d3b-be28-b41a3219138a/sm/snapshot.3_2 took: 2 ms
2021-11-14 01:05:57,894 [8f64935f-b83c-4009-bc32-b4395deb71aa@group-B41A3219138A-StateMachineUpdater] INFO  impl.StateMachineUpdater (StateMachineUpdater.java:takeSnapshot(281)) - 8f64935f-b83c-4009-bc32-b4395deb71aa@group-B41A3219138A-StateMachineUpdater: Took a snapshot at index 2
2021-11-14 01:05:57,894 [8f64935f-b83c-4009-bc32-b4395deb71aa@group-B41A3219138A-StateMachineUpdater] INFO  impl.StateMachineUpdater (StateMachineUpdater.java:lambda$new$0(89)) - 8f64935f-b83c-4009-bc32-b4395deb71aa@group-B41A3219138A-StateMachineUpdater: snapshotIndex: updateIncreasingly -1 -> 2
2021-11-14 01:05:57,895 [Command processor thread] INFO  server.RaftServer$Division (ServerState.java:close(419)) - 8f64935f-b83c-4009-bc32-b4395deb71aa@group-B41A3219138A: closes. applyIndex: 2
2021-11-14 01:05:57,895 [8f64935f-b83c-4009-bc32-b4395deb71aa@group-B41A3219138A-SegmentedRaftLogWorker] INFO  segmented.SegmentedRaftLogWorker (SegmentedRaftLogWorker.java:run(327)) - 8f64935f-b83c-4009-bc32-b4395deb71aa@group-B41A3219138A-SegmentedRaftLogWorker was interrupted, exiting. There are 0 tasks remaining in the queue.
2021-11-14 01:05:57,895 [Command processor thread] INFO  segmented.SegmentedRaftLogWorker (SegmentedRaftLogWorker.java:close(237)) - 8f64935f-b83c-4009-bc32-b4395deb71aa@group-B41A3219138A-SegmentedRaftLogWorker close()
2021-11-14 01:05:57,896 [Command processor thread] INFO  server.RaftServer$Division (RaftServerImpl.java:groupRemove(382)) - 8f64935f-b83c-4009-bc32-b4395deb71aa@group-B41A3219138A: Succeed to remove RaftStorageDirectory Storage Directory /home/runner/work/ozone/ozone/hadoop-ozone/integration-test/target/test-dir/MiniOzoneClusterImpl-5b6cbd2a-2976-43bc-8d1c-e3ca86cddeeb/datanode-3/data/ratis/18bfed5b-9086-4d3b-be28-b41a3219138a
2021-11-14 01:05:57,896 [Command processor thread] INFO  commandhandler.ClosePipelineCommandHandler (ClosePipelineCommandHandler.java:handle(78)) - Close Pipeline PipelineID=18bfed5b-9086-4d3b-be28-b41a3219138a command on datanode 8f64935f-b83c-4009-bc32-b4395deb71aa.
2021-11-14 01:05:57,896 [Command processor thread] INFO  server.RaftServer (RaftServerProxy.java:remove(106)) - 8f64935f-b83c-4009-bc32-b4395deb71aa: remove    LEADER 8f64935f-b83c-4009-bc32-b4395deb71aa@group-B8A997D08E4F:t1, leader=8f64935f-b83c-4009-bc32-b4395deb71aa, voted=8f64935f-b83c-4009-bc32-b4395deb71aa, raftlog=8f64935f-b83c-4009-bc32-b4395deb71aa@group-B8A997D08E4F-SegmentedRaftLog:OPENED:c0, conf=0: [e624a09e-d66f-4eff-951a-8f24e1213b58|rpc:10.1.0.47:41437|dataStream:|priority:0, 8f64935f-b83c-4009-bc32-b4395deb71aa|rpc:10.1.0.47:45069|dataStream:|priority:1, 5b42674d-a9fa-4183-866d-d0b91026c546|rpc:10.1.0.47:35089|dataStream:|priority:0], old=null RUNNING
2021-11-14 01:05:57,896 [Command processor thread] INFO  server.RaftServer$Division (RaftServerImpl.java:lambda$close$4(412)) - 8f64935f-b83c-4009-bc32-b4395deb71aa@group-B8A997D08E4F: shutdown
2021-11-14 01:05:57,896 [Command processor thread] INFO  util.JmxRegister (JmxRegister.java:unregister(73)) - Successfully un-registered JMX Bean with object name Ratis:service=RaftServer,group=group-B8A997D08E4F,id=8f64935f-b83c-4009-bc32-b4395deb71aa
2021-11-14 01:05:57,896 [Command processor thread] INFO  impl.RoleInfo (RoleInfo.java:shutdownLeaderState(91)) - 8f64935f-b83c-4009-bc32-b4395deb71aa: shutdown 8f64935f-b83c-4009-bc32-b4395deb71aa@group-B8A997D08E4F-LeaderStateImpl
2021-11-14 01:05:57,896 [Command processor thread] INFO  impl.PendingRequests (PendingRequests.java:sendNotLeaderResponses(282)) - 8f64935f-b83c-4009-bc32-b4395deb71aa@group-B8A997D08E4F-PendingRequests: sendNotLeaderResponses
2021-11-14 01:05:57,898 [8f64935f-b83c-4009-bc32-b4395deb71aa@group-B8A997D08E4F-StateMachineUpdater] INFO  ratis.ContainerStateMachine (ContainerStateMachine.java:takeSnapshot(292)) - group-B8A997D08E4F: Taking a snapshot at:(t:1, i:0) file /home/runner/work/ozone/ozone/hadoop-ozone/integration-test/target/test-dir/MiniOzoneClusterImpl-5b6cbd2a-2976-43bc-8d1c-e3ca86cddeeb/datanode-3/data/ratis/f6c2ffd6-7342-4066-bffd-b8a997d08e4f/sm/snapshot.1_0
2021-11-14 01:05:57,898 [Command processor thread] INFO  impl.StateMachineUpdater (StateMachineUpdater.java:stopAndJoin(149)) - 8f64935f-b83c-4009-bc32-b4395deb71aa@group-B8A997D08E4F-StateMachineUpdater: set stopIndex = 0
2021-11-14 01:05:57,899 [8f64935f-b83c-4009-bc32-b4395deb71aa@group-B8A997D08E4F-StateMachineUpdater] INFO  ratis.ContainerStateMachine (ContainerStateMachine.java:takeSnapshot(303)) - group-B8A997D08E4F: Finished taking a snapshot at:(t:1, i:0) file:/home/runner/work/ozone/ozone/hadoop-ozone/integration-test/target/test-dir/MiniOzoneClusterImpl-5b6cbd2a-2976-43bc-8d1c-e3ca86cddeeb/datanode-3/data/ratis/f6c2ffd6-7342-4066-bffd-b8a997d08e4f/sm/snapshot.1_0 took: 2 ms
2021-11-14 01:05:57,899 [8f64935f-b83c-4009-bc32-b4395deb71aa@group-B8A997D08E4F-StateMachineUpdater] INFO  impl.StateMachineUpdater (StateMachineUpdater.java:takeSnapshot(281)) - 8f64935f-b83c-4009-bc32-b4395deb71aa@group-B8A997D08E4F-StateMachineUpdater: Took a snapshot at index 0
2021-11-14 01:05:57,900 [8f64935f-b83c-4009-bc32-b4395deb71aa@group-B8A997D08E4F-StateMachineUpdater] INFO  impl.StateMachineUpdater (StateMachineUpdater.java:lambda$new$0(89)) - 8f64935f-b83c-4009-bc32-b4395deb71aa@group-B8A997D08E4F-StateMachineUpdater: snapshotIndex: updateIncreasingly -1 -> 0
2021-11-14 01:05:57,905 [Command processor thread] INFO  server.RaftServer$Division (ServerState.java:close(419)) - 8f64935f-b83c-4009-bc32-b4395deb71aa@group-B8A997D08E4F: closes. applyIndex: 0
2021-11-14 01:05:57,922 [8f64935f-b83c-4009-bc32-b4395deb71aa@group-B8A997D08E4F->e624a09e-d66f-4eff-951a-8f24e1213b58-GrpcLogAppender-LogAppenderDaemon] WARN  server.GrpcLogAppender (GrpcLogAppender.java:mayWait(177)) - 8f64935f-b83c-4009-bc32-b4395deb71aa@group-B8A997D08E4F->e624a09e-d66f-4eff-951a-8f24e1213b58-GrpcLogAppender: Wait interrupted by java.lang.InterruptedException
2021-11-14 01:05:57,928 [grpc-default-executor-0] INFO  server.GrpcServerProtocolService (GrpcServerProtocolService.java:onCompleted(140)) - e624a09e-d66f-4eff-951a-8f24e1213b58: Completed APPEND_ENTRIES, lastRequest: 8f64935f-b83c-4009-bc32-b4395deb71aa->e624a09e-d66f-4eff-951a-8f24e1213b58#1-t1,previous=(t:0, i:0),leaderCommit=0,initializing? true,entries: size=1, first=(t:1, i:0), CONFIGURATIONENTRY
2021-11-14 01:05:57,928 [8f64935f-b83c-4009-bc32-b4395deb71aa@group-B8A997D08E4F-SegmentedRaftLogWorker] INFO  segmented.SegmentedRaftLogWorker (SegmentedRaftLogWorker.java:run(327)) - 8f64935f-b83c-4009-bc32-b4395deb71aa@group-B8A997D08E4F-SegmentedRaftLogWorker was interrupted, exiting. There are 0 tasks remaining in the queue.
2021-11-14 01:05:57,929 [Command processor thread] INFO  segmented.SegmentedRaftLogWorker (SegmentedRaftLogWorker.java:close(237)) - 8f64935f-b83c-4009-bc32-b4395deb71aa@group-B8A997D08E4F-SegmentedRaftLogWorker close()
2021-11-14 01:05:57,929 [Command processor thread] INFO  server.RaftServer$Division (RaftServerImpl.java:groupRemove(382)) - 8f64935f-b83c-4009-bc32-b4395deb71aa@group-B8A997D08E4F: Succeed to remove RaftStorageDirectory Storage Directory /home/runner/work/ozone/ozone/hadoop-ozone/integration-test/target/test-dir/MiniOzoneClusterImpl-5b6cbd2a-2976-43bc-8d1c-e3ca86cddeeb/datanode-3/data/ratis/f6c2ffd6-7342-4066-bffd-b8a997d08e4f
2021-11-14 01:05:57,930 [Command processor thread] INFO  commandhandler.ClosePipelineCommandHandler (ClosePipelineCommandHandler.java:handle(78)) - Close Pipeline PipelineID=f6c2ffd6-7342-4066-bffd-b8a997d08e4f command on datanode 8f64935f-b83c-4009-bc32-b4395deb71aa.
2021-11-14 01:05:57,930 [Command processor thread] INFO  server.RaftServer (RaftServerProxy.java:remove(106)) - 8f64935f-b83c-4009-bc32-b4395deb71aa: remove  FOLLOWER 8f64935f-b83c-4009-bc32-b4395deb71aa@group-0E53E93CFD0F:t2, leader=e624a09e-d66f-4eff-951a-8f24e1213b58, voted=e624a09e-d66f-4eff-951a-8f24e1213b58, raftlog=8f64935f-b83c-4009-bc32-b4395deb71aa@group-0E53E93CFD0F-SegmentedRaftLog:OPENED:c0, conf=0: [e624a09e-d66f-4eff-951a-8f24e1213b58|rpc:10.1.0.47:41437|dataStream:|priority:1, 8f64935f-b83c-4009-bc32-b4395deb71aa|rpc:10.1.0.47:45069|dataStream:|priority:0, 5b42674d-a9fa-4183-866d-d0b91026c546|rpc:10.1.0.47:35089|dataStream:|priority:0], old=null RUNNING
2021-11-14 01:05:57,930 [Command processor thread] INFO  server.RaftServer$Division (RaftServerImpl.java:lambda$close$4(412)) - 8f64935f-b83c-4009-bc32-b4395deb71aa@group-0E53E93CFD0F: shutdown
2021-11-14 01:05:57,930 [Command processor thread] INFO  util.JmxRegister (JmxRegister.java:unregister(73)) - Successfully un-registered JMX Bean with object name Ratis:service=RaftServer,group=group-0E53E93CFD0F,id=8f64935f-b83c-4009-bc32-b4395deb71aa
2021-11-14 01:05:57,930 [Command processor thread] INFO  impl.RoleInfo (RoleInfo.java:shutdownFollowerState(108)) - 8f64935f-b83c-4009-bc32-b4395deb71aa: shutdown 8f64935f-b83c-4009-bc32-b4395deb71aa@group-0E53E93CFD0F-FollowerState
2021-11-14 01:05:57,930 [Command processor thread] INFO  impl.StateMachineUpdater (StateMachineUpdater.java:stopAndJoin(149)) - 8f64935f-b83c-4009-bc32-b4395deb71aa@group-0E53E93CFD0F-StateMachineUpdater: set stopIndex = 0
2021-11-14 01:05:57,930 [8f64935f-b83c-4009-bc32-b4395deb71aa@group-B8A997D08E4F->5b42674d-a9fa-4183-866d-d0b91026c546-GrpcLogAppender-LogAppenderDaemon] ERROR leader.LogAppenderDaemon (LogAppenderDaemon.java:run(86)) - 8f64935f-b83c-4009-bc32-b4395deb71aa@group-B8A997D08E4F->5b42674d-a9fa-4183-866d-d0b91026c546-GrpcLogAppender-LogAppenderDaemon failed
java.lang.IllegalArgumentException: 8f64935f-b83c-4009-bc32-b4395deb71aa@group-B8A997D08E4F-SegmentedRaftLog is expected to be opened but it is CLOSED
	at org.apache.ratis.util.OpenCloseState.assertOpen(OpenCloseState.java:63)
	at org.apache.ratis.server.raftlog.RaftLogBase.checkLogState(RaftLogBase.java:107)
	at org.apache.ratis.server.raftlog.segmented.SegmentedRaftLog.getLastEntryTermIndex(SegmentedRaftLog.java:339)
	at org.apache.ratis.server.raftlog.RaftLog.getNextIndex(RaftLog.java:83)
	at org.apache.ratis.server.leader.LogAppenderBase.newAppendEntriesRequest(LogAppenderBase.java:138)
	at org.apache.ratis.grpc.server.GrpcLogAppender.appendLog(GrpcLogAppender.java:213)
	at org.apache.ratis.grpc.server.GrpcLogAppender.run(GrpcLogAppender.java:147)
	at org.apache.ratis.server.leader.LogAppenderDaemon.run(LogAppenderDaemon.java:77)
	at java.lang.Thread.run(Thread.java:748)
Caused by: org.apache.ratis.util.OpenCloseState$CloseTrace: Close 8f64935f-b83c-4009-bc32-b4395deb71aa@group-B8A997D08E4F-SegmentedRaftLog
	at org.apache.ratis.util.OpenCloseState.lambda$close$1(OpenCloseState.java:109)
	at java.util.concurrent.atomic.AtomicReference.getAndUpdate(AtomicReference.java:160)
	at org.apache.ratis.util.OpenCloseState.close(OpenCloseState.java:109)
	at org.apache.ratis.server.raftlog.RaftLogBase.close(RaftLogBase.java:356)
	at org.apache.ratis.server.raftlog.segmented.SegmentedRaftLog.close(SegmentedRaftLog.java:505)
	at org.apache.ratis.server.impl.ServerState.close(ServerState.java:421)
	at org.apache.ratis.server.impl.RaftServerImpl.lambda$close$4(RaftServerImpl.java:434)
	at org.apache.ratis.util.LifeCycle.lambda$checkStateAndClose$4(LifeCycle.java:299)
	at org.apache.ratis.util.LifeCycle.checkStateAndClose(LifeCycle.java:319)
	at org.apache.ratis.util.LifeCycle.checkStateAndClose(LifeCycle.java:297)
	at org.apache.ratis.server.impl.RaftServerImpl.close(RaftServerImpl.java:411)
	at org.apache.ratis.server.impl.RaftServerImpl.groupRemove(RaftServerImpl.java:376)
	at org.apache.ratis.server.impl.RaftServerProxy.lambda$groupRemoveAsync$14(RaftServerProxy.java:507)
	at java.util.concurrent.CompletableFuture.uniApply(CompletableFuture.java:616)
	at java.util.concurrent.CompletableFuture.uniApplyStage(CompletableFuture.java:628)
	at java.util.concurrent.CompletableFuture.thenApply(CompletableFuture.java:1996)
	at org.apache.ratis.server.impl.RaftServerProxy.groupRemoveAsync(RaftServerProxy.java:506)
	at org.apache.ratis.server.impl.RaftServerProxy.groupManagementAsync(RaftServerProxy.java:460)
	at org.apache.ratis.server.impl.RaftServerProxy.groupManagement(RaftServerProxy.java:440)
	at org.apache.hadoop.ozone.container.common.transport.server.ratis.XceiverServerRatis.removeGroup(XceiverServerRatis.java:784)
	at org.apache.hadoop.ozone.container.common.statemachine.commandhandler.ClosePipelineCommandHandler.handle(ClosePipelineCommandHandler.java:77)
	at org.apache.hadoop.ozone.container.common.statemachine.commandhandler.CommandDispatcher.handle(CommandDispatcher.java:99)
	at org.apache.hadoop.ozone.container.common.statemachine.DatanodeStateMachine.lambda$initCommandHandlerThread$2(DatanodeStateMachine.java:567)
	... 1 more
2021-11-14 01:05:57,975 [8f64935f-b83c-4009-bc32-b4395deb71aa@group-0E53E93CFD0F-StateMachineUpdater] INFO  ratis.ContainerStateMachine (ContainerStateMachine.java:takeSnapshot(292)) - group-0E53E93CFD0F: Taking a snapshot at:(t:2, i:0) file /home/runner/work/ozone/ozone/hadoop-ozone/integration-test/target/test-dir/MiniOzoneClusterImpl-5b6cbd2a-2976-43bc-8d1c-e3ca86cddeeb/datanode-3/data/ratis/d0e7521d-b1bf-4417-8d3e-0e53e93cfd0f/sm/snapshot.2_0
2021-11-14 01:05:57,975 [8f64935f-b83c-4009-bc32-b4395deb71aa@group-0E53E93CFD0F-FollowerState] INFO  impl.FollowerState (FollowerState.java:run(143)) - 8f64935f-b83c-4009-bc32-b4395deb71aa@group-0E53E93CFD0F-FollowerState was interrupted: {}
java.lang.InterruptedException: sleep interrupted
	at java.lang.Thread.sleep(Native Method)
	at java.lang.Thread.sleep(Thread.java:340)
	at java.util.concurrent.TimeUnit.sleep(TimeUnit.java:386)
	at org.apache.ratis.util.TimeDuration.sleep(TimeDuration.java:324)
	at org.apache.ratis.util.TimeDuration.sleep(TimeDuration.java:309)
	at org.apache.ratis.server.impl.FollowerState.run(FollowerState.java:118)
2021-11-14 01:05:57,976 [Listener at 127.0.0.1/34021] INFO  ozoneimpl.OzoneContainer (OzoneContainer.java:stop(325)) - Attempting to stop container services.
2021-11-14 01:05:57,976 [grpc-default-executor-0] INFO  server.GrpcLogAppender (GrpcLogAppender.java:onCompleted(346)) - 8f64935f-b83c-4009-bc32-b4395deb71aa@group-B8A997D08E4F->e624a09e-d66f-4eff-951a-8f24e1213b58-AppendLogResponseHandler: follower responses appendEntries COMPLETED
2021-11-14 01:05:57,976 [grpc-default-executor-0] INFO  leader.FollowerInfo (FollowerInfoImpl.java:lambda$new$0(47)) - 8f64935f-b83c-4009-bc32-b4395deb71aa@group-B8A997D08E4F->e624a09e-d66f-4eff-951a-8f24e1213b58: nextIndex: updateUnconditionally 1 -> 0
2021-11-14 01:05:57,980 [Listener at 127.0.0.1/34021] INFO  server.RaftServer (RaftServerProxy.java:lambda$close$6(391)) - e624a09e-d66f-4eff-951a-8f24e1213b58: close
2021-11-14 01:05:57,980 [Listener at 127.0.0.1/34021] INFO  server.RaftServer$Division (RaftServerImpl.java:lambda$close$4(412)) - e624a09e-d66f-4eff-951a-8f24e1213b58@group-B41A3219138A: shutdown
2021-11-14 01:05:57,980 [Listener at 127.0.0.1/34021] INFO  util.JmxRegister (JmxRegister.java:unregister(73)) - Successfully un-registered JMX Bean with object name Ratis:service=RaftServer,group=group-B41A3219138A,id=e624a09e-d66f-4eff-951a-8f24e1213b58
2021-11-14 01:05:57,980 [Listener at 127.0.0.1/34021] INFO  impl.RoleInfo (RoleInfo.java:shutdownLeaderState(91)) - e624a09e-d66f-4eff-951a-8f24e1213b58: shutdown e624a09e-d66f-4eff-951a-8f24e1213b58@group-B41A3219138A-LeaderStateImpl
2021-11-14 01:05:57,980 [Listener at 127.0.0.1/34021] INFO  impl.PendingRequests (PendingRequests.java:sendNotLeaderResponses(282)) - e624a09e-d66f-4eff-951a-8f24e1213b58@group-B41A3219138A-PendingRequests: sendNotLeaderResponses
2021-11-14 01:05:57,980 [8f64935f-b83c-4009-bc32-b4395deb71aa@group-0E53E93CFD0F-StateMachineUpdater] INFO  ratis.ContainerStateMachine (ContainerStateMachine.java:takeSnapshot(303)) - group-0E53E93CFD0F: Finished taking a snapshot at:(t:2, i:0) file:/home/runner/work/ozone/ozone/hadoop-ozone/integration-test/target/test-dir/MiniOzoneClusterImpl-5b6cbd2a-2976-43bc-8d1c-e3ca86cddeeb/datanode-3/data/ratis/d0e7521d-b1bf-4417-8d3e-0e53e93cfd0f/sm/snapshot.2_0 took: 6 ms
2021-11-14 01:05:57,981 [8f64935f-b83c-4009-bc32-b4395deb71aa@group-0E53E93CFD0F-StateMachineUpdater] INFO  impl.StateMachineUpdater (StateMachineUpdater.java:takeSnapshot(281)) - 8f64935f-b83c-4009-bc32-b4395deb71aa@group-0E53E93CFD0F-StateMachineUpdater: Took a snapshot at index 0
2021-11-14 01:05:57,981 [8f64935f-b83c-4009-bc32-b4395deb71aa@group-0E53E93CFD0F-StateMachineUpdater] INFO  impl.StateMachineUpdater (StateMachineUpdater.java:lambda$new$0(89)) - 8f64935f-b83c-4009-bc32-b4395deb71aa@group-0E53E93CFD0F-StateMachineUpdater: snapshotIndex: updateIncreasingly -1 -> 0
2021-11-14 01:05:57,981 [Command processor thread] INFO  server.RaftServer$Division (ServerState.java:close(419)) - 8f64935f-b83c-4009-bc32-b4395deb71aa@group-0E53E93CFD0F: closes. applyIndex: 0
2021-11-14 01:05:57,981 [8f64935f-b83c-4009-bc32-b4395deb71aa@group-0E53E93CFD0F-SegmentedRaftLogWorker] INFO  segmented.SegmentedRaftLogWorker (SegmentedRaftLogWorker.java:run(327)) - 8f64935f-b83c-4009-bc32-b4395deb71aa@group-0E53E93CFD0F-SegmentedRaftLogWorker was interrupted, exiting. There are 0 tasks remaining in the queue.
2021-11-14 01:05:57,982 [Command processor thread] INFO  segmented.SegmentedRaftLogWorker (SegmentedRaftLogWorker.java:close(237)) - 8f64935f-b83c-4009-bc32-b4395deb71aa@group-0E53E93CFD0F-SegmentedRaftLogWorker close()
2021-11-14 01:05:57,982 [Command processor thread] INFO  server.RaftServer$Division (RaftServerImpl.java:groupRemove(382)) - 8f64935f-b83c-4009-bc32-b4395deb71aa@group-0E53E93CFD0F: Succeed to remove RaftStorageDirectory Storage Directory /home/runner/work/ozone/ozone/hadoop-ozone/integration-test/target/test-dir/MiniOzoneClusterImpl-5b6cbd2a-2976-43bc-8d1c-e3ca86cddeeb/datanode-3/data/ratis/d0e7521d-b1bf-4417-8d3e-0e53e93cfd0f
2021-11-14 01:05:57,982 [Command processor thread] INFO  commandhandler.ClosePipelineCommandHandler (ClosePipelineCommandHandler.java:handle(78)) - Close Pipeline PipelineID=d0e7521d-b1bf-4417-8d3e-0e53e93cfd0f command on datanode 8f64935f-b83c-4009-bc32-b4395deb71aa.
2021-11-14 01:05:57,997 [e624a09e-d66f-4eff-951a-8f24e1213b58@group-B41A3219138A->8f64935f-b83c-4009-bc32-b4395deb71aa-GrpcLogAppender-LogAppenderDaemon] WARN  server.GrpcLogAppender (GrpcLogAppender.java:mayWait(177)) - e624a09e-d66f-4eff-951a-8f24e1213b58@group-B41A3219138A->8f64935f-b83c-4009-bc32-b4395deb71aa-GrpcLogAppender: Wait interrupted by java.lang.InterruptedException
2021-11-14 01:05:58,000 [grpc-default-executor-2] INFO  server.GrpcServerProtocolService (GrpcServerProtocolService.java:onCompleted(140)) - 8f64935f-b83c-4009-bc32-b4395deb71aa: Completed APPEND_ENTRIES, lastRequest: e624a09e-d66f-4eff-951a-8f24e1213b58->8f64935f-b83c-4009-bc32-b4395deb71aa#2-t3,previous=(t:3, i:1),leaderCommit=1,initializing? true,entries: size=1, first=(t:3, i:2), METADATAENTRY(c:1)
2021-11-14 01:05:58,001 [grpc-default-executor-0] INFO  server.GrpcLogAppender (GrpcLogAppender.java:onCompleted(346)) - e624a09e-d66f-4eff-951a-8f24e1213b58@group-B41A3219138A->8f64935f-b83c-4009-bc32-b4395deb71aa-AppendLogResponseHandler: follower responses appendEntries COMPLETED
2021-11-14 01:05:58,001 [grpc-default-executor-0] INFO  leader.FollowerInfo (FollowerInfoImpl.java:lambda$new$0(47)) - e624a09e-d66f-4eff-951a-8f24e1213b58@group-B41A3219138A->8f64935f-b83c-4009-bc32-b4395deb71aa: nextIndex: updateUnconditionally 3 -> 2
2021-11-14 01:05:58,050 [Listener at 127.0.0.1/34021] INFO  impl.StateMachineUpdater (StateMachineUpdater.java:stopAndJoin(149)) - e624a09e-d66f-4eff-951a-8f24e1213b58@group-B41A3219138A-StateMachineUpdater: set stopIndex = 2
2021-11-14 01:05:58,053 [e624a09e-d66f-4eff-951a-8f24e1213b58@group-B41A3219138A-StateMachineUpdater] INFO  ratis.ContainerStateMachine (ContainerStateMachine.java:takeSnapshot(292)) - group-B41A3219138A: Taking a snapshot at:(t:3, i:2) file /home/runner/work/ozone/ozone/hadoop-ozone/integration-test/target/test-dir/MiniOzoneClusterImpl-5b6cbd2a-2976-43bc-8d1c-e3ca86cddeeb/datanode-5/data/ratis/18bfed5b-9086-4d3b-be28-b41a3219138a/sm/snapshot.3_2
2021-11-14 01:05:58,065 [e624a09e-d66f-4eff-951a-8f24e1213b58@group-B41A3219138A-StateMachineUpdater] INFO  ratis.ContainerStateMachine (ContainerStateMachine.java:takeSnapshot(303)) - group-B41A3219138A: Finished taking a snapshot at:(t:3, i:2) file:/home/runner/work/ozone/ozone/hadoop-ozone/integration-test/target/test-dir/MiniOzoneClusterImpl-5b6cbd2a-2976-43bc-8d1c-e3ca86cddeeb/datanode-5/data/ratis/18bfed5b-9086-4d3b-be28-b41a3219138a/sm/snapshot.3_2 took: 12 ms
2021-11-14 01:05:58,065 [e624a09e-d66f-4eff-951a-8f24e1213b58@group-B41A3219138A-StateMachineUpdater] INFO  impl.StateMachineUpdater (StateMachineUpdater.java:takeSnapshot(281)) - e624a09e-d66f-4eff-951a-8f24e1213b58@group-B41A3219138A-StateMachineUpdater: Took a snapshot at index 2
2021-11-14 01:05:58,066 [e624a09e-d66f-4eff-951a-8f24e1213b58@group-B41A3219138A-StateMachineUpdater] INFO  impl.StateMachineUpdater (StateMachineUpdater.java:lambda$new$0(89)) - e624a09e-d66f-4eff-951a-8f24e1213b58@group-B41A3219138A-StateMachineUpdater: snapshotIndex: updateIncreasingly -1 -> 2
2021-11-14 01:05:58,067 [Listener at 127.0.0.1/34021] INFO  server.RaftServer$Division (ServerState.java:close(419)) - e624a09e-d66f-4eff-951a-8f24e1213b58@group-B41A3219138A: closes. applyIndex: 2
2021-11-14 01:05:58,067 [e624a09e-d66f-4eff-951a-8f24e1213b58@group-B41A3219138A-SegmentedRaftLogWorker] INFO  segmented.SegmentedRaftLogWorker (SegmentedRaftLogWorker.java:run(327)) - e624a09e-d66f-4eff-951a-8f24e1213b58@group-B41A3219138A-SegmentedRaftLogWorker was interrupted, exiting. There are 0 tasks remaining in the queue.
2021-11-14 01:05:58,067 [Listener at 127.0.0.1/34021] INFO  segmented.SegmentedRaftLogWorker (SegmentedRaftLogWorker.java:close(237)) - e624a09e-d66f-4eff-951a-8f24e1213b58@group-B41A3219138A-SegmentedRaftLogWorker close()
2021-11-14 01:05:58,068 [Listener at 127.0.0.1/34021] INFO  server.RaftServer$Division (RaftServerImpl.java:lambda$close$4(412)) - e624a09e-d66f-4eff-951a-8f24e1213b58@group-B8A997D08E4F: shutdown
2021-11-14 01:05:58,068 [Listener at 127.0.0.1/34021] INFO  util.JmxRegister (JmxRegister.java:unregister(73)) - Successfully un-registered JMX Bean with object name Ratis:service=RaftServer,group=group-B8A997D08E4F,id=e624a09e-d66f-4eff-951a-8f24e1213b58
2021-11-14 01:05:58,068 [Listener at 127.0.0.1/34021] INFO  impl.RoleInfo (RoleInfo.java:shutdownFollowerState(108)) - e624a09e-d66f-4eff-951a-8f24e1213b58: shutdown e624a09e-d66f-4eff-951a-8f24e1213b58@group-B8A997D08E4F-FollowerState
2021-11-14 01:05:58,068 [Listener at 127.0.0.1/34021] INFO  impl.StateMachineUpdater (StateMachineUpdater.java:stopAndJoin(149)) - e624a09e-d66f-4eff-951a-8f24e1213b58@group-B8A997D08E4F-StateMachineUpdater: set stopIndex = 0
2021-11-14 01:05:58,068 [e624a09e-d66f-4eff-951a-8f24e1213b58@group-B8A997D08E4F-StateMachineUpdater] INFO  ratis.ContainerStateMachine (ContainerStateMachine.java:takeSnapshot(292)) - group-B8A997D08E4F: Taking a snapshot at:(t:1, i:0) file /home/runner/work/ozone/ozone/hadoop-ozone/integration-test/target/test-dir/MiniOzoneClusterImpl-5b6cbd2a-2976-43bc-8d1c-e3ca86cddeeb/datanode-5/data/ratis/f6c2ffd6-7342-4066-bffd-b8a997d08e4f/sm/snapshot.1_0
2021-11-14 01:05:58,068 [e624a09e-d66f-4eff-951a-8f24e1213b58@group-B8A997D08E4F-FollowerState] INFO  impl.FollowerState (FollowerState.java:run(143)) - e624a09e-d66f-4eff-951a-8f24e1213b58@group-B8A997D08E4F-FollowerState was interrupted: {}
java.lang.InterruptedException: sleep interrupted
	at java.lang.Thread.sleep(Native Method)
	at java.lang.Thread.sleep(Thread.java:340)
	at java.util.concurrent.TimeUnit.sleep(TimeUnit.java:386)
	at org.apache.ratis.util.TimeDuration.sleep(TimeDuration.java:324)
	at org.apache.ratis.util.TimeDuration.sleep(TimeDuration.java:309)
	at org.apache.ratis.server.impl.FollowerState.run(FollowerState.java:118)
2021-11-14 01:05:58,070 [e624a09e-d66f-4eff-951a-8f24e1213b58@group-B8A997D08E4F-StateMachineUpdater] INFO  ratis.ContainerStateMachine (ContainerStateMachine.java:takeSnapshot(303)) - group-B8A997D08E4F: Finished taking a snapshot at:(t:1, i:0) file:/home/runner/work/ozone/ozone/hadoop-ozone/integration-test/target/test-dir/MiniOzoneClusterImpl-5b6cbd2a-2976-43bc-8d1c-e3ca86cddeeb/datanode-5/data/ratis/f6c2ffd6-7342-4066-bffd-b8a997d08e4f/sm/snapshot.1_0 took: 1 ms
2021-11-14 01:05:58,070 [e624a09e-d66f-4eff-951a-8f24e1213b58@group-B8A997D08E4F-StateMachineUpdater] INFO  impl.StateMachineUpdater (StateMachineUpdater.java:takeSnapshot(281)) - e624a09e-d66f-4eff-951a-8f24e1213b58@group-B8A997D08E4F-StateMachineUpdater: Took a snapshot at index 0
2021-11-14 01:05:58,070 [e624a09e-d66f-4eff-951a-8f24e1213b58@group-B8A997D08E4F-StateMachineUpdater] INFO  impl.StateMachineUpdater (StateMachineUpdater.java:lambda$new$0(89)) - e624a09e-d66f-4eff-951a-8f24e1213b58@group-B8A997D08E4F-StateMachineUpdater: snapshotIndex: updateIncreasingly -1 -> 0
2021-11-14 01:05:58,073 [Listener at 127.0.0.1/34021] INFO  server.RaftServer$Division (ServerState.java:close(419)) - e624a09e-d66f-4eff-951a-8f24e1213b58@group-B8A997D08E4F: closes. applyIndex: 0
2021-11-14 01:05:58,081 [grpc-default-executor-2] WARN  server.GrpcLogAppender (LogUtils.java:warn(122)) - 32069a0d-f39a-42d5-b706-96b3f478e9d8@group-CAA489D3CFE4->a5432c49-5461-405d-b7d7-37e5c225d9bf-AppendLogResponseHandler: Failed appendEntries: org.apache.ratis.thirdparty.io.grpc.StatusRuntimeException: UNAVAILABLE: io exception
2021-11-14 01:05:58,082 [grpc-default-executor-2] WARN  server.GrpcLogAppender (GrpcLogAppender.java:resetClient(110)) - 32069a0d-f39a-42d5-b706-96b3f478e9d8@group-CAA489D3CFE4->a5432c49-5461-405d-b7d7-37e5c225d9bf-GrpcLogAppender: Leader has not got in touch with Follower 32069a0d-f39a-42d5-b706-96b3f478e9d8@group-CAA489D3CFE4->a5432c49-5461-405d-b7d7-37e5c225d9bf(c-1,m0,n1, attendVote=true, lastRpcSendTime=2510, lastRpcResponseTime=15488) yet, just keep nextIndex unchanged and retry.
2021-11-14 01:05:58,089 [e624a09e-d66f-4eff-951a-8f24e1213b58@group-B8A997D08E4F-SegmentedRaftLogWorker] INFO  segmented.SegmentedRaftLogWorker (SegmentedRaftLogWorker.java:run(327)) - e624a09e-d66f-4eff-951a-8f24e1213b58@group-B8A997D08E4F-SegmentedRaftLogWorker was interrupted, exiting. There are 0 tasks remaining in the queue.
2021-11-14 01:05:58,094 [Listener at 127.0.0.1/34021] INFO  segmented.SegmentedRaftLogWorker (SegmentedRaftLogWorker.java:close(237)) - e624a09e-d66f-4eff-951a-8f24e1213b58@group-B8A997D08E4F-SegmentedRaftLogWorker close()
2021-11-14 01:05:58,094 [Listener at 127.0.0.1/34021] INFO  server.RaftServer$Division (RaftServerImpl.java:lambda$close$4(412)) - e624a09e-d66f-4eff-951a-8f24e1213b58@group-0E53E93CFD0F: shutdown
2021-11-14 01:05:58,095 [Listener at 127.0.0.1/34021] INFO  util.JmxRegister (JmxRegister.java:unregister(73)) - Successfully un-registered JMX Bean with object name Ratis:service=RaftServer,group=group-0E53E93CFD0F,id=e624a09e-d66f-4eff-951a-8f24e1213b58
2021-11-14 01:05:58,095 [Listener at 127.0.0.1/34021] INFO  impl.RoleInfo (RoleInfo.java:shutdownLeaderState(91)) - e624a09e-d66f-4eff-951a-8f24e1213b58: shutdown e624a09e-d66f-4eff-951a-8f24e1213b58@group-0E53E93CFD0F-LeaderStateImpl
2021-11-14 01:05:58,095 [e624a09e-d66f-4eff-951a-8f24e1213b58@group-0E53E93CFD0F->8f64935f-b83c-4009-bc32-b4395deb71aa-GrpcLogAppender-LogAppenderDaemon] WARN  server.GrpcLogAppender (GrpcLogAppender.java:mayWait(177)) - e624a09e-d66f-4eff-951a-8f24e1213b58@group-0E53E93CFD0F->8f64935f-b83c-4009-bc32-b4395deb71aa-GrpcLogAppender: Wait interrupted by java.lang.InterruptedException
2021-11-14 01:05:58,095 [grpc-default-executor-2] INFO  server.GrpcServerProtocolService (GrpcServerProtocolService.java:onCompleted(140)) - 8f64935f-b83c-4009-bc32-b4395deb71aa: Completed APPEND_ENTRIES, lastRequest: e624a09e-d66f-4eff-951a-8f24e1213b58->8f64935f-b83c-4009-bc32-b4395deb71aa#1-t2,previous=(t:0, i:0),leaderCommit=0,initializing? true,entries: size=1, first=(t:2, i:0), CONFIGURATIONENTRY
2021-11-14 01:05:58,096 [grpc-default-executor-0] INFO  server.GrpcLogAppender (GrpcLogAppender.java:onCompleted(346)) - e624a09e-d66f-4eff-951a-8f24e1213b58@group-0E53E93CFD0F->8f64935f-b83c-4009-bc32-b4395deb71aa-AppendLogResponseHandler: follower responses appendEntries COMPLETED
2021-11-14 01:05:58,096 [grpc-default-executor-0] INFO  leader.FollowerInfo (FollowerInfoImpl.java:lambda$new$0(47)) - e624a09e-d66f-4eff-951a-8f24e1213b58@group-0E53E93CFD0F->8f64935f-b83c-4009-bc32-b4395deb71aa: nextIndex: updateUnconditionally 1 -> 0
2021-11-14 01:05:58,097 [Listener at 127.0.0.1/34021] INFO  impl.PendingRequests (PendingRequests.java:sendNotLeaderResponses(282)) - e624a09e-d66f-4eff-951a-8f24e1213b58@group-0E53E93CFD0F-PendingRequests: sendNotLeaderResponses
2021-11-14 01:05:58,100 [Listener at 127.0.0.1/34021] INFO  impl.StateMachineUpdater (StateMachineUpdater.java:stopAndJoin(149)) - e624a09e-d66f-4eff-951a-8f24e1213b58@group-0E53E93CFD0F-StateMachineUpdater: set stopIndex = 0
2021-11-14 01:05:58,100 [e624a09e-d66f-4eff-951a-8f24e1213b58@group-0E53E93CFD0F-StateMachineUpdater] INFO  ratis.ContainerStateMachine (ContainerStateMachine.java:takeSnapshot(292)) - group-0E53E93CFD0F: Taking a snapshot at:(t:2, i:0) file /home/runner/work/ozone/ozone/hadoop-ozone/integration-test/target/test-dir/MiniOzoneClusterImpl-5b6cbd2a-2976-43bc-8d1c-e3ca86cddeeb/datanode-5/data/ratis/d0e7521d-b1bf-4417-8d3e-0e53e93cfd0f/sm/snapshot.2_0
2021-11-14 01:05:58,101 [e624a09e-d66f-4eff-951a-8f24e1213b58@group-0E53E93CFD0F-StateMachineUpdater] INFO  ratis.ContainerStateMachine (ContainerStateMachine.java:takeSnapshot(303)) - group-0E53E93CFD0F: Finished taking a snapshot at:(t:2, i:0) file:/home/runner/work/ozone/ozone/hadoop-ozone/integration-test/target/test-dir/MiniOzoneClusterImpl-5b6cbd2a-2976-43bc-8d1c-e3ca86cddeeb/datanode-5/data/ratis/d0e7521d-b1bf-4417-8d3e-0e53e93cfd0f/sm/snapshot.2_0 took: 1 ms
2021-11-14 01:05:58,101 [e624a09e-d66f-4eff-951a-8f24e1213b58@group-0E53E93CFD0F-StateMachineUpdater] INFO  impl.StateMachineUpdater (StateMachineUpdater.java:takeSnapshot(281)) - e624a09e-d66f-4eff-951a-8f24e1213b58@group-0E53E93CFD0F-StateMachineUpdater: Took a snapshot at index 0
2021-11-14 01:05:58,101 [e624a09e-d66f-4eff-951a-8f24e1213b58@group-0E53E93CFD0F-StateMachineUpdater] INFO  impl.StateMachineUpdater (StateMachineUpdater.java:lambda$new$0(89)) - e624a09e-d66f-4eff-951a-8f24e1213b58@group-0E53E93CFD0F-StateMachineUpdater: snapshotIndex: updateIncreasingly -1 -> 0
2021-11-14 01:05:58,102 [Listener at 127.0.0.1/34021] INFO  server.RaftServer$Division (ServerState.java:close(419)) - e624a09e-d66f-4eff-951a-8f24e1213b58@group-0E53E93CFD0F: closes. applyIndex: 0
2021-11-14 01:05:58,109 [e624a09e-d66f-4eff-951a-8f24e1213b58@group-0E53E93CFD0F->5b42674d-a9fa-4183-866d-d0b91026c546-GrpcLogAppender-LogAppenderDaemon] ERROR leader.LogAppenderDaemon (LogAppenderDaemon.java:run(86)) - e624a09e-d66f-4eff-951a-8f24e1213b58@group-0E53E93CFD0F->5b42674d-a9fa-4183-866d-d0b91026c546-GrpcLogAppender-LogAppenderDaemon failed
java.lang.IllegalArgumentException: e624a09e-d66f-4eff-951a-8f24e1213b58@group-0E53E93CFD0F-SegmentedRaftLog is expected to be opened but it is CLOSED
	at org.apache.ratis.util.OpenCloseState.assertOpen(OpenCloseState.java:63)
	at org.apache.ratis.server.raftlog.RaftLogBase.checkLogState(RaftLogBase.java:107)
	at org.apache.ratis.server.raftlog.segmented.SegmentedRaftLog.getTermIndex(SegmentedRaftLog.java:322)
	at org.apache.ratis.server.leader.LogAppenderBase.getPrevious(LogAppenderBase.java:110)
	at org.apache.ratis.server.leader.LogAppenderBase.newAppendEntriesRequest(LogAppenderBase.java:128)
	at org.apache.ratis.grpc.server.GrpcLogAppender.appendLog(GrpcLogAppender.java:213)
	at org.apache.ratis.grpc.server.GrpcLogAppender.run(GrpcLogAppender.java:147)
	at org.apache.ratis.server.leader.LogAppenderDaemon.run(LogAppenderDaemon.java:77)
	at java.lang.Thread.run(Thread.java:748)
Caused by: org.apache.ratis.util.OpenCloseState$CloseTrace: Close e624a09e-d66f-4eff-951a-8f24e1213b58@group-0E53E93CFD0F-SegmentedRaftLog
	at org.apache.ratis.util.OpenCloseState.lambda$close$1(OpenCloseState.java:109)
	at java.util.concurrent.atomic.AtomicReference.getAndUpdate(AtomicReference.java:160)
	at org.apache.ratis.util.OpenCloseState.close(OpenCloseState.java:109)
	at org.apache.ratis.server.raftlog.RaftLogBase.close(RaftLogBase.java:356)
	at org.apache.ratis.server.raftlog.segmented.SegmentedRaftLog.close(SegmentedRaftLog.java:505)
	at org.apache.ratis.server.impl.ServerState.close(ServerState.java:421)
	at org.apache.ratis.server.impl.RaftServerImpl.lambda$close$4(RaftServerImpl.java:434)
	at org.apache.ratis.util.LifeCycle.lambda$checkStateAndClose$4(LifeCycle.java:299)
	at org.apache.ratis.util.LifeCycle.checkStateAndClose(LifeCycle.java:319)
	at org.apache.ratis.util.LifeCycle.checkStateAndClose(LifeCycle.java:297)
	at org.apache.ratis.server.impl.RaftServerImpl.close(RaftServerImpl.java:411)
	at org.apache.ratis.server.impl.RaftServerProxy$ImplMap.close(RaftServerProxy.java:129)
	at org.apache.ratis.server.impl.RaftServerProxy$ImplMap.lambda$close$0(RaftServerProxy.java:117)
	at java.util.stream.ForEachOps$ForEachOp$OfRef.accept(ForEachOps.java:183)
	at java.util.concurrent.ConcurrentHashMap$EntrySpliterator.forEachRemaining(ConcurrentHashMap.java:3606)
	at java.util.stream.AbstractPipeline.copyInto(AbstractPipeline.java:482)
	at java.util.stream.ForEachOps$ForEachTask.compute(ForEachOps.java:290)
	at java.util.concurrent.CountedCompleter.exec(CountedCompleter.java:731)
	at java.util.concurrent.ForkJoinTask.doExec(ForkJoinTask.java:289)
	at java.util.concurrent.ForkJoinPool.helpComplete(ForkJoinPool.java:1870)
	at java.util.concurrent.ForkJoinPool.externalHelpComplete(ForkJoinPool.java:2467)
	at java.util.concurrent.ForkJoinTask.externalAwaitDone(ForkJoinTask.java:324)
	at java.util.concurrent.ForkJoinTask.doInvoke(ForkJoinTask.java:405)
	at java.util.concurrent.ForkJoinTask.invoke(ForkJoinTask.java:734)
	at java.util.stream.ForEachOps$ForEachOp.evaluateParallel(ForEachOps.java:159)
	at java.util.stream.ForEachOps$ForEachOp$OfRef.evaluateParallel(ForEachOps.java:173)
	at java.util.stream.AbstractPipeline.evaluate(AbstractPipeline.java:233)
	at java.util.stream.ReferencePipeline.forEach(ReferencePipeline.java:485)
	at java.util.stream.ReferencePipeline$Head.forEach(ReferencePipeline.java:650)
	at org.apache.ratis.server.impl.RaftServerProxy$ImplMap.close(RaftServerProxy.java:117)
	at org.apache.ratis.server.impl.RaftServerProxy.lambda$close$6(RaftServerProxy.java:392)
	at org.apache.ratis.util.LifeCycle.lambda$checkStateAndClose$4(LifeCycle.java:299)
	at org.apache.ratis.util.LifeCycle.checkStateAndClose(LifeCycle.java:319)
	at org.apache.ratis.util.LifeCycle.checkStateAndClose(LifeCycle.java:297)
	at org.apache.ratis.server.impl.RaftServerProxy.close(RaftServerProxy.java:390)
	at org.apache.hadoop.ozone.container.common.transport.server.ratis.XceiverServerRatis.stop(XceiverServerRatis.java:516)
	at org.apache.hadoop.ozone.container.ozoneimpl.OzoneContainer.stop(OzoneContainer.java:328)
	at org.apache.hadoop.ozone.container.common.statemachine.DatanodeStateMachine.close(DatanodeStateMachine.java:380)
	at org.apache.hadoop.ozone.container.common.statemachine.DatanodeStateMachine.stopDaemon(DatanodeStateMachine.java:525)
	at org.apache.hadoop.ozone.HddsDatanodeService.stop(HddsDatanodeService.java:587)
	at org.apache.hadoop.ozone.MiniOzoneClusterImpl.stopDatanode(MiniOzoneClusterImpl.java:535)
	at java.util.stream.ForEachOps$ForEachOp$OfRef.accept(ForEachOps.java:183)
	at java.util.ArrayList$ArrayListSpliterator.forEachRemaining(ArrayList.java:1384)
	at java.util.stream.AbstractPipeline.copyInto(AbstractPipeline.java:482)
	at java.util.stream.ForEachOps$ForEachTask.compute(ForEachOps.java:290)
	at java.util.concurrent.CountedCompleter.exec(CountedCompleter.java:731)
	at java.util.concurrent.ForkJoinTask.doExec(ForkJoinTask.java:289)
	at java.util.concurrent.ForkJoinPool.helpComplete(ForkJoinPool.java:1870)
	at java.util.concurrent.ForkJoinPool.externalHelpComplete(ForkJoinPool.java:2467)
	at java.util.concurrent.ForkJoinTask.externalAwaitDone(ForkJoinTask.java:324)
	at java.util.concurrent.ForkJoinTask.doInvoke(ForkJoinTask.java:405)
	at java.util.concurrent.ForkJoinTask.invoke(ForkJoinTask.java:734)
	at java.util.stream.ForEachOps$ForEachOp.evaluateParallel(ForEachOps.java:159)
	at java.util.stream.ForEachOps$ForEachOp$OfRef.evaluateParallel(ForEachOps.java:173)
	at java.util.stream.AbstractPipeline.evaluate(AbstractPipeline.java:233)
	at java.util.stream.ReferencePipeline.forEach(ReferencePipeline.java:485)
	at java.util.stream.ReferencePipeline$Head.forEach(ReferencePipeline.java:650)
	at org.apache.hadoop.ozone.MiniOzoneClusterImpl.stopDatanodes(MiniOzoneClusterImpl.java:529)
	at org.apache.hadoop.ozone.MiniOzoneClusterImpl.stop(MiniOzoneClusterImpl.java:470)
	at org.apache.hadoop.ozone.MiniOzoneClusterImpl.shutdown(MiniOzoneClusterImpl.java:457)
	at org.apache.hadoop.ozone.client.rpc.TestBlockOutputStreamWithFailuresFlushDelay.shutdown(TestBlockOutputStreamWithFailuresFlushDelay.java:160)
	at sun.reflect.NativeMethodAccessorImpl.invoke0(Native Method)
	at sun.reflect.NativeMethodAccessorImpl.invoke(NativeMethodAccessorImpl.java:62)
	at sun.reflect.DelegatingMethodAccessorImpl.invoke(DelegatingMethodAccessorImpl.java:43)
	at java.lang.reflect.Method.invoke(Method.java:498)
	at org.junit.runners.model.FrameworkMethod$1.runReflectiveCall(FrameworkMethod.java:59)
	at org.junit.internal.runners.model.ReflectiveCallable.run(ReflectiveCallable.java:12)
	at org.junit.runners.model.FrameworkMethod.invokeExplosively(FrameworkMethod.java:56)
	at org.junit.internal.runners.statements.RunAfters.invokeMethod(RunAfters.java:46)
	at org.junit.internal.runners.statements.RunAfters.evaluate(RunAfters.java:33)
	at org.junit.internal.runners.statements.FailOnTimeout$CallableStatement.call(FailOnTimeout.java:288)
	at org.junit.internal.runners.statements.FailOnTimeout$CallableStatement.call(FailOnTimeout.java:282)
	at java.util.concurrent.FutureTask.run(FutureTask.java:266)
	... 1 more
2021-11-14 01:05:58,109 [e624a09e-d66f-4eff-951a-8f24e1213b58@group-0E53E93CFD0F-SegmentedRaftLogWorker] INFO  segmented.SegmentedRaftLogWorker (SegmentedRaftLogWorker.java:run(327)) - e624a09e-d66f-4eff-951a-8f24e1213b58@group-0E53E93CFD0F-SegmentedRaftLogWorker was interrupted, exiting. There are 0 tasks remaining in the queue.
2021-11-14 01:05:58,117 [Listener at 127.0.0.1/34021] INFO  segmented.SegmentedRaftLogWorker (SegmentedRaftLogWorker.java:close(237)) - e624a09e-d66f-4eff-951a-8f24e1213b58@group-0E53E93CFD0F-SegmentedRaftLogWorker close()
2021-11-14 01:05:58,117 [Listener at 127.0.0.1/34021] INFO  server.RaftServer$Division (RaftServerImpl.java:lambda$close$4(412)) - e624a09e-d66f-4eff-951a-8f24e1213b58@group-EE291D70EFFD: shutdown
2021-11-14 01:05:58,118 [Listener at 127.0.0.1/34021] INFO  util.JmxRegister (JmxRegister.java:unregister(73)) - Successfully un-registered JMX Bean with object name Ratis:service=RaftServer,group=group-EE291D70EFFD,id=e624a09e-d66f-4eff-951a-8f24e1213b58
2021-11-14 01:05:58,118 [Listener at 127.0.0.1/34021] INFO  impl.RoleInfo (RoleInfo.java:shutdownLeaderState(91)) - e624a09e-d66f-4eff-951a-8f24e1213b58: shutdown e624a09e-d66f-4eff-951a-8f24e1213b58@group-EE291D70EFFD-LeaderStateImpl
2021-11-14 01:05:58,118 [Listener at 127.0.0.1/34021] INFO  impl.PendingRequests (PendingRequests.java:sendNotLeaderResponses(282)) - e624a09e-d66f-4eff-951a-8f24e1213b58@group-EE291D70EFFD-PendingRequests: sendNotLeaderResponses
2021-11-14 01:05:58,119 [Listener at 127.0.0.1/34021] INFO  impl.StateMachineUpdater (StateMachineUpdater.java:stopAndJoin(149)) - e624a09e-d66f-4eff-951a-8f24e1213b58@group-EE291D70EFFD-StateMachineUpdater: set stopIndex = 0
2021-11-14 01:05:58,119 [e624a09e-d66f-4eff-951a-8f24e1213b58@group-EE291D70EFFD-StateMachineUpdater] INFO  ratis.ContainerStateMachine (ContainerStateMachine.java:takeSnapshot(292)) - group-EE291D70EFFD: Taking a snapshot at:(t:1, i:0) file /home/runner/work/ozone/ozone/hadoop-ozone/integration-test/target/test-dir/MiniOzoneClusterImpl-5b6cbd2a-2976-43bc-8d1c-e3ca86cddeeb/datanode-5/data/ratis/910c467b-220f-4c72-8ab1-ee291d70effd/sm/snapshot.1_0
2021-11-14 01:05:58,125 [e624a09e-d66f-4eff-951a-8f24e1213b58@group-EE291D70EFFD-StateMachineUpdater] INFO  ratis.ContainerStateMachine (ContainerStateMachine.java:takeSnapshot(303)) - group-EE291D70EFFD: Finished taking a snapshot at:(t:1, i:0) file:/home/runner/work/ozone/ozone/hadoop-ozone/integration-test/target/test-dir/MiniOzoneClusterImpl-5b6cbd2a-2976-43bc-8d1c-e3ca86cddeeb/datanode-5/data/ratis/910c467b-220f-4c72-8ab1-ee291d70effd/sm/snapshot.1_0 took: 6 ms
2021-11-14 01:05:58,125 [e624a09e-d66f-4eff-951a-8f24e1213b58@group-EE291D70EFFD-StateMachineUpdater] INFO  impl.StateMachineUpdater (StateMachineUpdater.java:takeSnapshot(281)) - e624a09e-d66f-4eff-951a-8f24e1213b58@group-EE291D70EFFD-StateMachineUpdater: Took a snapshot at index 0
2021-11-14 01:05:58,125 [e624a09e-d66f-4eff-951a-8f24e1213b58@group-EE291D70EFFD-StateMachineUpdater] INFO  impl.StateMachineUpdater (StateMachineUpdater.java:lambda$new$0(89)) - e624a09e-d66f-4eff-951a-8f24e1213b58@group-EE291D70EFFD-StateMachineUpdater: snapshotIndex: updateIncreasingly -1 -> 0
2021-11-14 01:05:58,126 [Listener at 127.0.0.1/34021] INFO  server.RaftServer$Division (ServerState.java:close(419)) - e624a09e-d66f-4eff-951a-8f24e1213b58@group-EE291D70EFFD: closes. applyIndex: 0
2021-11-14 01:05:58,129 [e624a09e-d66f-4eff-951a-8f24e1213b58@group-EE291D70EFFD-SegmentedRaftLogWorker] INFO  segmented.SegmentedRaftLogWorker (SegmentedRaftLogWorker.java:run(327)) - e624a09e-d66f-4eff-951a-8f24e1213b58@group-EE291D70EFFD-SegmentedRaftLogWorker was interrupted, exiting. There are 0 tasks remaining in the queue.
2021-11-14 01:05:58,129 [Listener at 127.0.0.1/34021] INFO  segmented.SegmentedRaftLogWorker (SegmentedRaftLogWorker.java:close(237)) - e624a09e-d66f-4eff-951a-8f24e1213b58@group-EE291D70EFFD-SegmentedRaftLogWorker close()
2021-11-14 01:05:58,129 [Listener at 127.0.0.1/34021] INFO  server.GrpcService (GrpcService.java:closeImpl(262)) - e624a09e-d66f-4eff-951a-8f24e1213b58: shutdown server with port 41437 now
2021-11-14 01:05:58,132 [Listener at 127.0.0.1/34021] INFO  server.GrpcService (GrpcService.java:closeImpl(271)) - e624a09e-d66f-4eff-951a-8f24e1213b58: shutdown server with port 41437 successfully
2021-11-14 01:05:58,133 [org.apache.ratis.util.JvmPauseMonitor$$Lambda$531/1045442098@32a03d1a] INFO  util.JvmPauseMonitor (JvmPauseMonitor.java:run(109)) - JvmPauseMonitor-e624a09e-d66f-4eff-951a-8f24e1213b58: Stopped
2021-11-14 01:05:58,136 [Listener at 127.0.0.1/34021] INFO  utils.BackgroundService (BackgroundService.java:shutdown(132)) - Shutting down service BlockDeletingService
2021-11-14 01:05:58,161 [grpc-default-executor-2] WARN  server.GrpcLogAppender (LogUtils.java:warn(122)) - 32069a0d-f39a-42d5-b706-96b3f478e9d8@group-CAA489D3CFE4->42593a4f-89d4-4363-aad7-ee84fdc40b17-AppendLogResponseHandler: Failed appendEntries: org.apache.ratis.thirdparty.io.grpc.StatusRuntimeException: UNAVAILABLE: io exception
2021-11-14 01:05:58,162 [grpc-default-executor-2] WARN  server.GrpcLogAppender (GrpcLogAppender.java:resetClient(110)) - 32069a0d-f39a-42d5-b706-96b3f478e9d8@group-CAA489D3CFE4->42593a4f-89d4-4363-aad7-ee84fdc40b17-GrpcLogAppender: Leader has not got in touch with Follower 32069a0d-f39a-42d5-b706-96b3f478e9d8@group-CAA489D3CFE4->42593a4f-89d4-4363-aad7-ee84fdc40b17(c0,m0,n1, attendVote=true, lastRpcSendTime=3, lastRpcResponseTime=10065) yet, just keep nextIndex unchanged and retry.
2021-11-14 01:05:58,352 [32069a0d-f39a-42d5-b706-96b3f478e9d8@group-CAA489D3CFE4-LeaderStateImpl] INFO  server.RaftServer$Division (LeaderStateImpl.java:yieldLeaderToHigherPriorityPeer(930)) - 32069a0d-f39a-42d5-b706-96b3f478e9d8@group-CAA489D3CFE4-LeaderStateImpl send StartLeaderElectionRequest to follower:a5432c49-5461-405d-b7d7-37e5c225d9bf on term:2 because follower's priority:1 is higher than leader's:0 and follower's lastEntry index:0 catch up with leader's:0
2021-11-14 01:05:58,376 [32069a0d-f39a-42d5-b706-96b3f478e9d8@group-CAA489D3CFE4-LeaderStateImpl] WARN  server.RaftServer$Division (LeaderStateImpl.java:checkLeadership(974)) - 32069a0d-f39a-42d5-b706-96b3f478e9d8@group-CAA489D3CFE4-LeaderStateImpl: Lost leadership on term: 2. Election timeout: 5200ms. In charge for: 10583ms. Conf: 0: [a5432c49-5461-405d-b7d7-37e5c225d9bf|rpc:10.1.0.47:33007|dataStream:|priority:1, 32069a0d-f39a-42d5-b706-96b3f478e9d8|rpc:10.1.0.47:43355|dataStream:|priority:0, 42593a4f-89d4-4363-aad7-ee84fdc40b17|rpc:10.1.0.47:38117|dataStream:|priority:0], old=null
2021-11-14 01:05:58,376 [32069a0d-f39a-42d5-b706-96b3f478e9d8@group-CAA489D3CFE4-LeaderStateImpl] WARN  server.RaftServer$Division (LeaderStateImpl.java:lambda$checkLeadership$15(978)) - Follower 32069a0d-f39a-42d5-b706-96b3f478e9d8@group-CAA489D3CFE4->a5432c49-5461-405d-b7d7-37e5c225d9bf(c-1,m0,n1, attendVote=true, lastRpcSendTime=293, lastRpcResponseTime=15782)
2021-11-14 01:05:58,376 [32069a0d-f39a-42d5-b706-96b3f478e9d8@group-CAA489D3CFE4-LeaderStateImpl] WARN  server.RaftServer$Division (LeaderStateImpl.java:lambda$checkLeadership$15(978)) - Follower 32069a0d-f39a-42d5-b706-96b3f478e9d8@group-CAA489D3CFE4->42593a4f-89d4-4363-aad7-ee84fdc40b17(c0,m0,n1, attendVote=true, lastRpcSendTime=217, lastRpcResponseTime=10280)
2021-11-14 01:05:58,376 [32069a0d-f39a-42d5-b706-96b3f478e9d8@group-CAA489D3CFE4-LeaderStateImpl] INFO  server.RaftServer$Division (RaftServerImpl.java:setRole(290)) - 32069a0d-f39a-42d5-b706-96b3f478e9d8@group-CAA489D3CFE4: changes role from    LEADER to FOLLOWER at term 2 for StepDownReason:LOST_MAJORITY_HEARTBEATS
2021-11-14 01:05:58,376 [32069a0d-f39a-42d5-b706-96b3f478e9d8@group-CAA489D3CFE4-LeaderStateImpl] INFO  impl.RoleInfo (RoleInfo.java:shutdownLeaderState(91)) - 32069a0d-f39a-42d5-b706-96b3f478e9d8: shutdown 32069a0d-f39a-42d5-b706-96b3f478e9d8@group-CAA489D3CFE4-LeaderStateImpl
2021-11-14 01:05:58,377 [32069a0d-f39a-42d5-b706-96b3f478e9d8@group-CAA489D3CFE4-LeaderStateImpl] INFO  impl.PendingRequests (PendingRequests.java:sendNotLeaderResponses(282)) - 32069a0d-f39a-42d5-b706-96b3f478e9d8@group-CAA489D3CFE4-PendingRequests: sendNotLeaderResponses
2021-11-14 01:05:58,377 [32069a0d-f39a-42d5-b706-96b3f478e9d8@group-CAA489D3CFE4-LeaderStateImpl] INFO  impl.RoleInfo (RoleInfo.java:updateAndGet(130)) - 32069a0d-f39a-42d5-b706-96b3f478e9d8: start 32069a0d-f39a-42d5-b706-96b3f478e9d8@group-CAA489D3CFE4-FollowerState
2021-11-14 01:05:58,853 [Command processor thread] INFO  server.RaftServer (RaftServerProxy.java:remove(106)) - 32069a0d-f39a-42d5-b706-96b3f478e9d8: remove  FOLLOWER 32069a0d-f39a-42d5-b706-96b3f478e9d8@group-CAA489D3CFE4:t2, leader=32069a0d-f39a-42d5-b706-96b3f478e9d8, voted=32069a0d-f39a-42d5-b706-96b3f478e9d8, raftlog=32069a0d-f39a-42d5-b706-96b3f478e9d8@group-CAA489D3CFE4-SegmentedRaftLog:OPENED:c0, conf=0: [a5432c49-5461-405d-b7d7-37e5c225d9bf|rpc:10.1.0.47:33007|dataStream:|priority:1, 32069a0d-f39a-42d5-b706-96b3f478e9d8|rpc:10.1.0.47:43355|dataStream:|priority:0, 42593a4f-89d4-4363-aad7-ee84fdc40b17|rpc:10.1.0.47:38117|dataStream:|priority:0], old=null RUNNING
2021-11-14 01:05:58,854 [Command processor thread] INFO  server.RaftServer$Division (RaftServerImpl.java:lambda$close$4(412)) - 32069a0d-f39a-42d5-b706-96b3f478e9d8@group-CAA489D3CFE4: shutdown
2021-11-14 01:05:58,854 [Command processor thread] INFO  util.JmxRegister (JmxRegister.java:unregister(73)) - Successfully un-registered JMX Bean with object name Ratis:service=RaftServer,group=group-CAA489D3CFE4,id=32069a0d-f39a-42d5-b706-96b3f478e9d8
2021-11-14 01:05:58,854 [Command processor thread] INFO  impl.RoleInfo (RoleInfo.java:shutdownFollowerState(108)) - 32069a0d-f39a-42d5-b706-96b3f478e9d8: shutdown 32069a0d-f39a-42d5-b706-96b3f478e9d8@group-CAA489D3CFE4-FollowerState
2021-11-14 01:05:58,854 [Command processor thread] INFO  impl.StateMachineUpdater (StateMachineUpdater.java:stopAndJoin(149)) - 32069a0d-f39a-42d5-b706-96b3f478e9d8@group-CAA489D3CFE4-StateMachineUpdater: set stopIndex = 0
2021-11-14 01:05:58,854 [32069a0d-f39a-42d5-b706-96b3f478e9d8@group-CAA489D3CFE4-FollowerState] INFO  impl.FollowerState (FollowerState.java:run(143)) - 32069a0d-f39a-42d5-b706-96b3f478e9d8@group-CAA489D3CFE4-FollowerState was interrupted: {}
java.lang.InterruptedException: sleep interrupted
	at java.lang.Thread.sleep(Native Method)
	at java.lang.Thread.sleep(Thread.java:340)
	at java.util.concurrent.TimeUnit.sleep(TimeUnit.java:386)
	at org.apache.ratis.util.TimeDuration.sleep(TimeDuration.java:324)
	at org.apache.ratis.util.TimeDuration.sleep(TimeDuration.java:309)
	at org.apache.ratis.server.impl.FollowerState.run(FollowerState.java:118)
2021-11-14 01:05:58,855 [32069a0d-f39a-42d5-b706-96b3f478e9d8@group-CAA489D3CFE4-StateMachineUpdater] INFO  ratis.ContainerStateMachine (ContainerStateMachine.java:takeSnapshot(292)) - group-CAA489D3CFE4: Taking a snapshot at:(t:2, i:0) file /home/runner/work/ozone/ozone/hadoop-ozone/integration-test/target/test-dir/MiniOzoneClusterImpl-5b6cbd2a-2976-43bc-8d1c-e3ca86cddeeb/datanode-0/data/ratis/504e848c-8156-4a34-b367-caa489d3cfe4/sm/snapshot.2_0
2021-11-14 01:05:58,856 [32069a0d-f39a-42d5-b706-96b3f478e9d8@group-CAA489D3CFE4-StateMachineUpdater] INFO  ratis.ContainerStateMachine (ContainerStateMachine.java:takeSnapshot(303)) - group-CAA489D3CFE4: Finished taking a snapshot at:(t:2, i:0) file:/home/runner/work/ozone/ozone/hadoop-ozone/integration-test/target/test-dir/MiniOzoneClusterImpl-5b6cbd2a-2976-43bc-8d1c-e3ca86cddeeb/datanode-0/data/ratis/504e848c-8156-4a34-b367-caa489d3cfe4/sm/snapshot.2_0 took: 2 ms
2021-11-14 01:05:58,856 [32069a0d-f39a-42d5-b706-96b3f478e9d8@group-CAA489D3CFE4-StateMachineUpdater] INFO  impl.StateMachineUpdater (StateMachineUpdater.java:takeSnapshot(281)) - 32069a0d-f39a-42d5-b706-96b3f478e9d8@group-CAA489D3CFE4-StateMachineUpdater: Took a snapshot at index 0
2021-11-14 01:05:58,856 [32069a0d-f39a-42d5-b706-96b3f478e9d8@group-CAA489D3CFE4-StateMachineUpdater] INFO  impl.StateMachineUpdater (StateMachineUpdater.java:lambda$new$0(89)) - 32069a0d-f39a-42d5-b706-96b3f478e9d8@group-CAA489D3CFE4-StateMachineUpdater: snapshotIndex: updateIncreasingly -1 -> 0
2021-11-14 01:05:58,856 [Command processor thread] INFO  server.RaftServer$Division (ServerState.java:close(419)) - 32069a0d-f39a-42d5-b706-96b3f478e9d8@group-CAA489D3CFE4: closes. applyIndex: 0
2021-11-14 01:05:58,857 [32069a0d-f39a-42d5-b706-96b3f478e9d8@group-CAA489D3CFE4-SegmentedRaftLogWorker] INFO  segmented.SegmentedRaftLogWorker (SegmentedRaftLogWorker.java:run(327)) - 32069a0d-f39a-42d5-b706-96b3f478e9d8@group-CAA489D3CFE4-SegmentedRaftLogWorker was interrupted, exiting. There are 0 tasks remaining in the queue.
2021-11-14 01:05:58,857 [Command processor thread] INFO  segmented.SegmentedRaftLogWorker (SegmentedRaftLogWorker.java:close(237)) - 32069a0d-f39a-42d5-b706-96b3f478e9d8@group-CAA489D3CFE4-SegmentedRaftLogWorker close()
2021-11-14 01:05:58,858 [Command processor thread] INFO  server.RaftServer$Division (RaftServerImpl.java:groupRemove(382)) - 32069a0d-f39a-42d5-b706-96b3f478e9d8@group-CAA489D3CFE4: Succeed to remove RaftStorageDirectory Storage Directory /home/runner/work/ozone/ozone/hadoop-ozone/integration-test/target/test-dir/MiniOzoneClusterImpl-5b6cbd2a-2976-43bc-8d1c-e3ca86cddeeb/datanode-0/data/ratis/504e848c-8156-4a34-b367-caa489d3cfe4
2021-11-14 01:05:58,858 [Command processor thread] INFO  commandhandler.ClosePipelineCommandHandler (ClosePipelineCommandHandler.java:handle(78)) - Close Pipeline PipelineID=504e848c-8156-4a34-b367-caa489d3cfe4 command on datanode 32069a0d-f39a-42d5-b706-96b3f478e9d8.
2021-11-14 01:05:58,858 [Command processor thread] INFO  server.RaftServer (RaftServerProxy.java:remove(106)) - 32069a0d-f39a-42d5-b706-96b3f478e9d8: remove  FOLLOWER 32069a0d-f39a-42d5-b706-96b3f478e9d8@group-06F4125447C4:t2, leader=null, voted=32069a0d-f39a-42d5-b706-96b3f478e9d8, raftlog=32069a0d-f39a-42d5-b706-96b3f478e9d8@group-06F4125447C4-SegmentedRaftLog:OPENED:c0, conf=0: [a5432c49-5461-405d-b7d7-37e5c225d9bf|rpc:10.1.0.47:33007|dataStream:|priority:0, 32069a0d-f39a-42d5-b706-96b3f478e9d8|rpc:10.1.0.47:43355|dataStream:|priority:0, eb0c46e4-5725-4afa-bb96-e719b980f47a|rpc:10.1.0.47:38135|dataStream:|priority:1], old=null RUNNING
2021-11-14 01:05:58,858 [Command processor thread] INFO  server.RaftServer$Division (RaftServerImpl.java:lambda$close$4(412)) - 32069a0d-f39a-42d5-b706-96b3f478e9d8@group-06F4125447C4: shutdown
2021-11-14 01:05:58,858 [Command processor thread] INFO  util.JmxRegister (JmxRegister.java:unregister(73)) - Successfully un-registered JMX Bean with object name Ratis:service=RaftServer,group=group-06F4125447C4,id=32069a0d-f39a-42d5-b706-96b3f478e9d8
2021-11-14 01:05:58,858 [Command processor thread] INFO  impl.RoleInfo (RoleInfo.java:shutdownFollowerState(108)) - 32069a0d-f39a-42d5-b706-96b3f478e9d8: shutdown 32069a0d-f39a-42d5-b706-96b3f478e9d8@group-06F4125447C4-FollowerState
2021-11-14 01:05:58,858 [Command processor thread] INFO  impl.StateMachineUpdater (StateMachineUpdater.java:stopAndJoin(149)) - 32069a0d-f39a-42d5-b706-96b3f478e9d8@group-06F4125447C4-StateMachineUpdater: set stopIndex = 0
2021-11-14 01:05:58,858 [32069a0d-f39a-42d5-b706-96b3f478e9d8@group-06F4125447C4-FollowerState] INFO  impl.FollowerState (FollowerState.java:run(143)) - 32069a0d-f39a-42d5-b706-96b3f478e9d8@group-06F4125447C4-FollowerState was interrupted: {}
java.lang.InterruptedException: sleep interrupted
	at java.lang.Thread.sleep(Native Method)
	at java.lang.Thread.sleep(Thread.java:340)
	at java.util.concurrent.TimeUnit.sleep(TimeUnit.java:386)
	at org.apache.ratis.util.TimeDuration.sleep(TimeDuration.java:324)
	at org.apache.ratis.util.TimeDuration.sleep(TimeDuration.java:309)
	at org.apache.ratis.server.impl.FollowerState.run(FollowerState.java:118)
2021-11-14 01:05:58,858 [32069a0d-f39a-42d5-b706-96b3f478e9d8@group-06F4125447C4-StateMachineUpdater] INFO  ratis.ContainerStateMachine (ContainerStateMachine.java:takeSnapshot(292)) - group-06F4125447C4: Taking a snapshot at:(t:1, i:0) file /home/runner/work/ozone/ozone/hadoop-ozone/integration-test/target/test-dir/MiniOzoneClusterImpl-5b6cbd2a-2976-43bc-8d1c-e3ca86cddeeb/datanode-0/data/ratis/5db15519-d160-414d-8fcd-06f4125447c4/sm/snapshot.1_0
2021-11-14 01:05:58,859 [32069a0d-f39a-42d5-b706-96b3f478e9d8@group-06F4125447C4-StateMachineUpdater] INFO  ratis.ContainerStateMachine (ContainerStateMachine.java:takeSnapshot(303)) - group-06F4125447C4: Finished taking a snapshot at:(t:1, i:0) file:/home/runner/work/ozone/ozone/hadoop-ozone/integration-test/target/test-dir/MiniOzoneClusterImpl-5b6cbd2a-2976-43bc-8d1c-e3ca86cddeeb/datanode-0/data/ratis/5db15519-d160-414d-8fcd-06f4125447c4/sm/snapshot.1_0 took: 1 ms
2021-11-14 01:05:58,859 [32069a0d-f39a-42d5-b706-96b3f478e9d8@group-06F4125447C4-StateMachineUpdater] INFO  impl.StateMachineUpdater (StateMachineUpdater.java:takeSnapshot(281)) - 32069a0d-f39a-42d5-b706-96b3f478e9d8@group-06F4125447C4-StateMachineUpdater: Took a snapshot at index 0
2021-11-14 01:05:58,859 [32069a0d-f39a-42d5-b706-96b3f478e9d8@group-06F4125447C4-StateMachineUpdater] INFO  impl.StateMachineUpdater (StateMachineUpdater.java:lambda$new$0(89)) - 32069a0d-f39a-42d5-b706-96b3f478e9d8@group-06F4125447C4-StateMachineUpdater: snapshotIndex: updateIncreasingly -1 -> 0
2021-11-14 01:05:58,860 [Command processor thread] INFO  server.RaftServer$Division (ServerState.java:close(419)) - 32069a0d-f39a-42d5-b706-96b3f478e9d8@group-06F4125447C4: closes. applyIndex: 0
2021-11-14 01:05:58,860 [32069a0d-f39a-42d5-b706-96b3f478e9d8@group-06F4125447C4-SegmentedRaftLogWorker] INFO  segmented.SegmentedRaftLogWorker (SegmentedRaftLogWorker.java:run(327)) - 32069a0d-f39a-42d5-b706-96b3f478e9d8@group-06F4125447C4-SegmentedRaftLogWorker was interrupted, exiting. There are 0 tasks remaining in the queue.
2021-11-14 01:05:58,860 [Command processor thread] INFO  segmented.SegmentedRaftLogWorker (SegmentedRaftLogWorker.java:close(237)) - 32069a0d-f39a-42d5-b706-96b3f478e9d8@group-06F4125447C4-SegmentedRaftLogWorker close()
2021-11-14 01:05:58,861 [Command processor thread] INFO  server.RaftServer$Division (RaftServerImpl.java:groupRemove(382)) - 32069a0d-f39a-42d5-b706-96b3f478e9d8@group-06F4125447C4: Succeed to remove RaftStorageDirectory Storage Directory /home/runner/work/ozone/ozone/hadoop-ozone/integration-test/target/test-dir/MiniOzoneClusterImpl-5b6cbd2a-2976-43bc-8d1c-e3ca86cddeeb/datanode-0/data/ratis/5db15519-d160-414d-8fcd-06f4125447c4
2021-11-14 01:05:58,861 [Command processor thread] INFO  commandhandler.ClosePipelineCommandHandler (ClosePipelineCommandHandler.java:handle(78)) - Close Pipeline PipelineID=5db15519-d160-414d-8fcd-06f4125447c4 command on datanode 32069a0d-f39a-42d5-b706-96b3f478e9d8.
2021-11-14 01:06:01,193 [Listener at 127.0.0.1/34021] INFO  statemachine.DatanodeStateMachine (DatanodeStateMachine.java:stopDaemon(526)) - Ozone container server stopped.
2021-11-14 01:06:01,194 [Listener at 127.0.0.1/34021] INFO  handler.ContextHandler (ContextHandler.java:doStop(1153)) - Stopped o.e.j.w.WebAppContext@1992db07{hddsDatanode,/,null,STOPPED}{jar:file:/home/runner/.m2/repository/org/apache/ozone/hdds-container-service/1.2.0-SNAPSHOT/hdds-container-service-1.2.0-SNAPSHOT.jar!/webapps/hddsDatanode}
2021-11-14 01:06:01,196 [Listener at 127.0.0.1/34021] INFO  server.AbstractConnector (AbstractConnector.java:doStop(381)) - Stopped ServerConnector@6f5c80a9{HTTP/1.1, (http/1.1)}{0.0.0.0:0}
2021-11-14 01:06:01,196 [Listener at 127.0.0.1/34021] INFO  server.session (HouseKeeper.java:stopScavenging(149)) - node0 Stopped scavenging
2021-11-14 01:06:01,197 [Listener at 127.0.0.1/34021] INFO  handler.ContextHandler (ContextHandler.java:doStop(1153)) - Stopped o.e.j.s.ServletContextHandler@36d5d353{static,/static,jar:file:/home/runner/.m2/repository/org/apache/ozone/hdds-container-service/1.2.0-SNAPSHOT/hdds-container-service-1.2.0-SNAPSHOT.jar!/webapps/static,STOPPED}
2021-11-14 01:06:01,197 [Listener at 127.0.0.1/34021] INFO  handler.ContextHandler (ContextHandler.java:doStop(1153)) - Stopped o.e.j.s.ServletContextHandler@2f857e83{logs,/logs,file:///home/runner/work/ozone/ozone/hadoop-ozone/integration-test/target/log,STOPPED}
2021-11-14 01:06:02,150 [EventQueue-StaleNodeForStaleNodeHandler] INFO  node.StaleNodeHandler (StaleNodeHandler.java:onMessage(58)) - Datanode e624a09e-d66f-4eff-951a-8f24e1213b58{ip: 10.1.0.47, host: fv-az395-453.zfmzfyrfkyou3ow0tsr0jxwq1e.bx.internal.cloudapp.net, ports: [REPLICATION=39939, RATIS=41437, RATIS_ADMIN=41437, RATIS_SERVER=41437, STANDALONE=42433], networkLocation: /default-rack, certSerialId: null, persistedOpState: IN_SERVICE, persistedOpStateExpiryEpochSec: 0} moved to stale state. Finalizing its pipelines [PipelineID=910c467b-220f-4c72-8ab1-ee291d70effd]
2021-11-14 01:06:02,151 [EventQueue-StaleNodeForStaleNodeHandler] INFO  pipeline.PipelineManagerImpl (PipelineManagerImpl.java:closePipeline(349)) - Pipeline Pipeline[ Id: 910c467b-220f-4c72-8ab1-ee291d70effd, Nodes: e624a09e-d66f-4eff-951a-8f24e1213b58{ip: 10.1.0.47, host: fv-az395-453.zfmzfyrfkyou3ow0tsr0jxwq1e.bx.internal.cloudapp.net, ports: [REPLICATION=39939, RATIS=41437, RATIS_ADMIN=41437, RATIS_SERVER=41437, STANDALONE=42433], networkLocation: /default-rack, certSerialId: null, persistedOpState: IN_SERVICE, persistedOpStateExpiryEpochSec: 0}, ReplicationConfig: RATIS/ONE, State:OPEN, leaderId:e624a09e-d66f-4eff-951a-8f24e1213b58, CreationTimestamp2021-11-14T01:04:25.875Z[Etc/UTC]] moved to CLOSED state
2021-11-14 01:06:02,646 [32069a0d-f39a-42d5-b706-96b3f478e9d8@group-083767A110ED-FollowerState] INFO  impl.FollowerState (FollowerState.java:run(134)) - 32069a0d-f39a-42d5-b706-96b3f478e9d8@group-083767A110ED-FollowerState: change to CANDIDATE, lastRpcElapsedTime:5198035672ns, electionTimeout:5189ms
2021-11-14 01:06:02,646 [32069a0d-f39a-42d5-b706-96b3f478e9d8@group-083767A110ED-FollowerState] INFO  impl.RoleInfo (RoleInfo.java:shutdownFollowerState(108)) - 32069a0d-f39a-42d5-b706-96b3f478e9d8: shutdown 32069a0d-f39a-42d5-b706-96b3f478e9d8@group-083767A110ED-FollowerState
2021-11-14 01:06:02,646 [32069a0d-f39a-42d5-b706-96b3f478e9d8@group-083767A110ED-FollowerState] INFO  server.RaftServer$Division (RaftServerImpl.java:setRole(290)) - 32069a0d-f39a-42d5-b706-96b3f478e9d8@group-083767A110ED: changes role from  FOLLOWER to CANDIDATE at term 4 for changeToCandidate
2021-11-14 01:06:02,646 [32069a0d-f39a-42d5-b706-96b3f478e9d8@group-083767A110ED-FollowerState] INFO  server.RaftServerConfigKeys (ConfUtils.java:logGet(44)) - raft.server.leaderelection.pre-vote = false (custom)
2021-11-14 01:06:02,646 [32069a0d-f39a-42d5-b706-96b3f478e9d8@group-083767A110ED-FollowerState] INFO  impl.RoleInfo (RoleInfo.java:updateAndGet(130)) - 32069a0d-f39a-42d5-b706-96b3f478e9d8: start 32069a0d-f39a-42d5-b706-96b3f478e9d8@group-083767A110ED-LeaderElection143
2021-11-14 01:06:02,653 [32069a0d-f39a-42d5-b706-96b3f478e9d8@group-083767A110ED-LeaderElection143] INFO  impl.LeaderElection (LeaderElection.java:askForVotes(306)) - 32069a0d-f39a-42d5-b706-96b3f478e9d8@group-083767A110ED-LeaderElection143 ELECTION round 0: submit vote requests at term 5 for -1: [32069a0d-f39a-42d5-b706-96b3f478e9d8|rpc:10.1.0.47:43355|dataStream:|priority:1, 42593a4f-89d4-4363-aad7-ee84fdc40b17|rpc:10.1.0.47:38117|dataStream:|priority:0, eb0c46e4-5725-4afa-bb96-e719b980f47a|rpc:10.1.0.47:38135|dataStream:|priority:0], old=null
2021-11-14 01:06:02,654 [32069a0d-f39a-42d5-b706-96b3f478e9d8@group-083767A110ED-LeaderElection143] INFO  impl.LeaderElection (LogUtils.java:infoOrTrace(137)) - 32069a0d-f39a-42d5-b706-96b3f478e9d8@group-083767A110ED-LeaderElection143 got exception when requesting votes: java.util.concurrent.ExecutionException: org.apache.ratis.thirdparty.io.grpc.StatusRuntimeException: UNAVAILABLE: io exception
2021-11-14 01:06:02,654 [32069a0d-f39a-42d5-b706-96b3f478e9d8@group-083767A110ED-LeaderElection143] INFO  impl.LeaderElection (LogUtils.java:infoOrTrace(137)) - 32069a0d-f39a-42d5-b706-96b3f478e9d8@group-083767A110ED-LeaderElection143 got exception when requesting votes: java.util.concurrent.ExecutionException: org.apache.ratis.thirdparty.io.grpc.StatusRuntimeException: UNAVAILABLE: io exception
2021-11-14 01:06:02,654 [32069a0d-f39a-42d5-b706-96b3f478e9d8@group-083767A110ED-LeaderElection143] INFO  impl.LeaderElection (LeaderElection.java:logAndReturn(89)) - 32069a0d-f39a-42d5-b706-96b3f478e9d8@group-083767A110ED-LeaderElection143: ELECTION REJECTED received 0 response(s) and 2 exception(s):
2021-11-14 01:06:02,654 [32069a0d-f39a-42d5-b706-96b3f478e9d8@group-083767A110ED-LeaderElection143] INFO  impl.LeaderElection (LogUtils.java:infoOrTrace(137)) -   Exception 0: java.util.concurrent.ExecutionException: org.apache.ratis.thirdparty.io.grpc.StatusRuntimeException: UNAVAILABLE: io exception
2021-11-14 01:06:02,654 [32069a0d-f39a-42d5-b706-96b3f478e9d8@group-083767A110ED-LeaderElection143] INFO  impl.LeaderElection (LogUtils.java:infoOrTrace(137)) -   Exception 1: java.util.concurrent.ExecutionException: org.apache.ratis.thirdparty.io.grpc.StatusRuntimeException: UNAVAILABLE: io exception
2021-11-14 01:06:02,654 [32069a0d-f39a-42d5-b706-96b3f478e9d8@group-083767A110ED-LeaderElection143] INFO  impl.LeaderElection (LeaderElection.java:askForVotes(308)) - 32069a0d-f39a-42d5-b706-96b3f478e9d8@group-083767A110ED-LeaderElection143 ELECTION round 0: result REJECTED
2021-11-14 01:06:02,654 [32069a0d-f39a-42d5-b706-96b3f478e9d8@group-083767A110ED-LeaderElection143] INFO  server.RaftServer$Division (RaftServerImpl.java:setRole(290)) - 32069a0d-f39a-42d5-b706-96b3f478e9d8@group-083767A110ED: changes role from CANDIDATE to FOLLOWER at term 5 for REJECTED
2021-11-14 01:06:02,655 [32069a0d-f39a-42d5-b706-96b3f478e9d8@group-083767A110ED-LeaderElection143] INFO  impl.RoleInfo (RoleInfo.java:shutdownLeaderElection(121)) - 32069a0d-f39a-42d5-b706-96b3f478e9d8: shutdown 32069a0d-f39a-42d5-b706-96b3f478e9d8@group-083767A110ED-LeaderElection143
2021-11-14 01:06:02,655 [32069a0d-f39a-42d5-b706-96b3f478e9d8@group-083767A110ED-LeaderElection143] INFO  impl.RoleInfo (RoleInfo.java:updateAndGet(130)) - 32069a0d-f39a-42d5-b706-96b3f478e9d8: start 32069a0d-f39a-42d5-b706-96b3f478e9d8@group-083767A110ED-FollowerState
2021-11-14 01:06:04,157 [EventQueue-DeadNodeForDeadNodeHandler] INFO  node.DeadNodeHandler (DeadNodeHandler.java:onMessage(80)) - A dead datanode is detected. 42593a4f-89d4-4363-aad7-ee84fdc40b17{ip: 10.1.0.47, host: fv-az395-453.zfmzfyrfkyou3ow0tsr0jxwq1e.bx.internal.cloudapp.net, ports: [REPLICATION=44265, RATIS=38117, RATIS_ADMIN=38117, RATIS_SERVER=38117, STANDALONE=45285], networkLocation: /default-rack, certSerialId: null, persistedOpState: IN_SERVICE, persistedOpStateExpiryEpochSec: 0}
2021-11-14 01:06:04,158 [EventQueue-DeadNodeForDeadNodeHandler] INFO  pipeline.RatisPipelineProvider (RatisPipelineProvider.java:lambda$close$1(222)) - Send pipeline:PipelineID=8e390908-89ca-426b-9455-083767a110ed close command to datanode eb0c46e4-5725-4afa-bb96-e719b980f47a
2021-11-14 01:06:04,158 [EventQueue-DeadNodeForDeadNodeHandler] INFO  pipeline.RatisPipelineProvider (RatisPipelineProvider.java:lambda$close$1(222)) - Send pipeline:PipelineID=8e390908-89ca-426b-9455-083767a110ed close command to datanode 32069a0d-f39a-42d5-b706-96b3f478e9d8
2021-11-14 01:06:04,158 [EventQueue-DeadNodeForDeadNodeHandler] INFO  pipeline.RatisPipelineProvider (RatisPipelineProvider.java:lambda$close$1(222)) - Send pipeline:PipelineID=8e390908-89ca-426b-9455-083767a110ed close command to datanode 42593a4f-89d4-4363-aad7-ee84fdc40b17
2021-11-14 01:06:04,158 [EventQueue-DeadNodeForDeadNodeHandler] INFO  pipeline.PipelineStateManagerImpl (PipelineStateManagerImpl.java:removePipeline(223)) - Pipeline Pipeline[ Id: 8e390908-89ca-426b-9455-083767a110ed, Nodes: eb0c46e4-5725-4afa-bb96-e719b980f47a{ip: 10.1.0.47, host: fv-az395-453.zfmzfyrfkyou3ow0tsr0jxwq1e.bx.internal.cloudapp.net, ports: [REPLICATION=35283, RATIS=38135, RATIS_ADMIN=38135, RATIS_SERVER=38135, STANDALONE=42151], networkLocation: /default-rack, certSerialId: null, persistedOpState: IN_SERVICE, persistedOpStateExpiryEpochSec: 0}32069a0d-f39a-42d5-b706-96b3f478e9d8{ip: 10.1.0.47, host: fv-az395-453.zfmzfyrfkyou3ow0tsr0jxwq1e.bx.internal.cloudapp.net, ports: [REPLICATION=45299, RATIS=43355, RATIS_ADMIN=43355, RATIS_SERVER=43355, STANDALONE=42407], networkLocation: /default-rack, certSerialId: null, persistedOpState: IN_SERVICE, persistedOpStateExpiryEpochSec: 0}42593a4f-89d4-4363-aad7-ee84fdc40b17{ip: 10.1.0.47, host: fv-az395-453.zfmzfyrfkyou3ow0tsr0jxwq1e.bx.internal.cloudapp.net, ports: [REPLICATION=44265, RATIS=38117, RATIS_ADMIN=38117, RATIS_SERVER=38117, STANDALONE=45285], networkLocation: /default-rack, certSerialId: null, persistedOpState: IN_SERVICE, persistedOpStateExpiryEpochSec: 0}, ReplicationConfig: RATIS/THREE, State:CLOSED, leaderId:, CreationTimestamp2021-11-14T01:05:34.819Z[Etc/UTC]] removed.
2021-11-14 01:06:04,158 [EventQueue-DeadNodeForDeadNodeHandler] INFO  pipeline.RatisPipelineProvider (RatisPipelineProvider.java:lambda$close$1(222)) - Send pipeline:PipelineID=cc1dc006-f3c4-4fc8-af80-046f1a34b9c3 close command to datanode 42593a4f-89d4-4363-aad7-ee84fdc40b17
2021-11-14 01:06:04,158 [EventQueue-DeadNodeForDeadNodeHandler] INFO  pipeline.PipelineStateManagerImpl (PipelineStateManagerImpl.java:removePipeline(223)) - Pipeline Pipeline[ Id: cc1dc006-f3c4-4fc8-af80-046f1a34b9c3, Nodes: 42593a4f-89d4-4363-aad7-ee84fdc40b17{ip: 10.1.0.47, host: fv-az395-453.zfmzfyrfkyou3ow0tsr0jxwq1e.bx.internal.cloudapp.net, ports: [REPLICATION=44265, RATIS=38117, RATIS_ADMIN=38117, RATIS_SERVER=38117, STANDALONE=45285], networkLocation: /default-rack, certSerialId: null, persistedOpState: IN_SERVICE, persistedOpStateExpiryEpochSec: 0}, ReplicationConfig: RATIS/ONE, State:CLOSED, leaderId:42593a4f-89d4-4363-aad7-ee84fdc40b17, CreationTimestamp2021-11-14T01:05:34.817Z[Etc/UTC]] removed.
2021-11-14 01:06:04,159 [EventQueue-DeadNodeForDeadNodeHandler] INFO  net.NetworkTopologyImpl (NetworkTopologyImpl.java:remove(137)) - Removed a node: /default-rack/42593a4f-89d4-4363-aad7-ee84fdc40b17
2021-11-14 01:06:04,159 [EventQueue-DeadNodeForDeadNodeHandler] INFO  node.DeadNodeHandler (DeadNodeHandler.java:onMessage(80)) - A dead datanode is detected. eb0c46e4-5725-4afa-bb96-e719b980f47a{ip: 10.1.0.47, host: fv-az395-453.zfmzfyrfkyou3ow0tsr0jxwq1e.bx.internal.cloudapp.net, ports: [REPLICATION=35283, RATIS=38135, RATIS_ADMIN=38135, RATIS_SERVER=38135, STANDALONE=42151], networkLocation: /default-rack, certSerialId: null, persistedOpState: IN_SERVICE, persistedOpStateExpiryEpochSec: 0}
2021-11-14 01:06:04,159 [EventQueue-DeadNodeForDeadNodeHandler] INFO  pipeline.RatisPipelineProvider (RatisPipelineProvider.java:lambda$close$1(222)) - Send pipeline:PipelineID=a9c9fa27-e157-4e26-8819-82432eb5aaaa close command to datanode eb0c46e4-5725-4afa-bb96-e719b980f47a
2021-11-14 01:06:04,159 [EventQueue-DeadNodeForDeadNodeHandler] INFO  pipeline.PipelineStateManagerImpl (PipelineStateManagerImpl.java:removePipeline(223)) - Pipeline Pipeline[ Id: a9c9fa27-e157-4e26-8819-82432eb5aaaa, Nodes: eb0c46e4-5725-4afa-bb96-e719b980f47a{ip: 10.1.0.47, host: fv-az395-453.zfmzfyrfkyou3ow0tsr0jxwq1e.bx.internal.cloudapp.net, ports: [REPLICATION=35283, RATIS=38135, RATIS_ADMIN=38135, RATIS_SERVER=38135, STANDALONE=42151], networkLocation: /default-rack, certSerialId: null, persistedOpState: IN_SERVICE, persistedOpStateExpiryEpochSec: 0}, ReplicationConfig: RATIS/ONE, State:CLOSED, leaderId:eb0c46e4-5725-4afa-bb96-e719b980f47a, CreationTimestamp2021-11-14T01:04:26.459Z[Etc/UTC]] removed.
2021-11-14 01:06:04,159 [EventQueue-DeadNodeForDeadNodeHandler] INFO  net.NetworkTopologyImpl (NetworkTopologyImpl.java:remove(137)) - Removed a node: /default-rack/eb0c46e4-5725-4afa-bb96-e719b980f47a
2021-11-14 01:06:06,199 [Listener at 127.0.0.1/34021] INFO  ozoneimpl.OzoneContainer (OzoneContainer.java:stop(325)) - Attempting to stop container services.
2021-11-14 01:06:06,203 [Listener at 127.0.0.1/34021] INFO  server.RaftServer (RaftServerProxy.java:lambda$close$6(391)) - 32069a0d-f39a-42d5-b706-96b3f478e9d8: close
2021-11-14 01:06:06,203 [Listener at 127.0.0.1/34021] INFO  server.RaftServer$Division (RaftServerImpl.java:lambda$close$4(412)) - 32069a0d-f39a-42d5-b706-96b3f478e9d8@group-ED4C9AF695D8: shutdown
2021-11-14 01:06:06,203 [Listener at 127.0.0.1/34021] INFO  util.JmxRegister (JmxRegister.java:unregister(73)) - Successfully un-registered JMX Bean with object name Ratis:service=RaftServer,group=group-ED4C9AF695D8,id=32069a0d-f39a-42d5-b706-96b3f478e9d8
2021-11-14 01:06:06,203 [Listener at 127.0.0.1/34021] INFO  impl.RoleInfo (RoleInfo.java:shutdownLeaderState(91)) - 32069a0d-f39a-42d5-b706-96b3f478e9d8: shutdown 32069a0d-f39a-42d5-b706-96b3f478e9d8@group-ED4C9AF695D8-LeaderStateImpl
2021-11-14 01:06:06,204 [Listener at 127.0.0.1/34021] INFO  impl.PendingRequests (PendingRequests.java:sendNotLeaderResponses(282)) - 32069a0d-f39a-42d5-b706-96b3f478e9d8@group-ED4C9AF695D8-PendingRequests: sendNotLeaderResponses
2021-11-14 01:06:06,207 [Listener at 127.0.0.1/34021] INFO  impl.StateMachineUpdater (StateMachineUpdater.java:stopAndJoin(149)) - 32069a0d-f39a-42d5-b706-96b3f478e9d8@group-ED4C9AF695D8-StateMachineUpdater: set stopIndex = 0
2021-11-14 01:06:06,207 [32069a0d-f39a-42d5-b706-96b3f478e9d8@group-ED4C9AF695D8-StateMachineUpdater] INFO  ratis.ContainerStateMachine (ContainerStateMachine.java:takeSnapshot(292)) - group-ED4C9AF695D8: Taking a snapshot at:(t:1, i:0) file /home/runner/work/ozone/ozone/hadoop-ozone/integration-test/target/test-dir/MiniOzoneClusterImpl-5b6cbd2a-2976-43bc-8d1c-e3ca86cddeeb/datanode-0/data/ratis/89923835-73f6-4067-a20c-ed4c9af695d8/sm/snapshot.1_0
2021-11-14 01:06:06,210 [32069a0d-f39a-42d5-b706-96b3f478e9d8@group-ED4C9AF695D8-StateMachineUpdater] INFO  ratis.ContainerStateMachine (ContainerStateMachine.java:takeSnapshot(303)) - group-ED4C9AF695D8: Finished taking a snapshot at:(t:1, i:0) file:/home/runner/work/ozone/ozone/hadoop-ozone/integration-test/target/test-dir/MiniOzoneClusterImpl-5b6cbd2a-2976-43bc-8d1c-e3ca86cddeeb/datanode-0/data/ratis/89923835-73f6-4067-a20c-ed4c9af695d8/sm/snapshot.1_0 took: 3 ms
2021-11-14 01:06:06,211 [32069a0d-f39a-42d5-b706-96b3f478e9d8@group-ED4C9AF695D8-StateMachineUpdater] INFO  impl.StateMachineUpdater (StateMachineUpdater.java:takeSnapshot(281)) - 32069a0d-f39a-42d5-b706-96b3f478e9d8@group-ED4C9AF695D8-StateMachineUpdater: Took a snapshot at index 0
2021-11-14 01:06:06,211 [32069a0d-f39a-42d5-b706-96b3f478e9d8@group-ED4C9AF695D8-StateMachineUpdater] INFO  impl.StateMachineUpdater (StateMachineUpdater.java:lambda$new$0(89)) - 32069a0d-f39a-42d5-b706-96b3f478e9d8@group-ED4C9AF695D8-StateMachineUpdater: snapshotIndex: updateIncreasingly -1 -> 0
2021-11-14 01:06:06,213 [Listener at 127.0.0.1/34021] INFO  server.RaftServer$Division (ServerState.java:close(419)) - 32069a0d-f39a-42d5-b706-96b3f478e9d8@group-ED4C9AF695D8: closes. applyIndex: 0
2021-11-14 01:06:06,213 [32069a0d-f39a-42d5-b706-96b3f478e9d8@group-ED4C9AF695D8-SegmentedRaftLogWorker] INFO  segmented.SegmentedRaftLogWorker (SegmentedRaftLogWorker.java:run(327)) - 32069a0d-f39a-42d5-b706-96b3f478e9d8@group-ED4C9AF695D8-SegmentedRaftLogWorker was interrupted, exiting. There are 0 tasks remaining in the queue.
2021-11-14 01:06:06,215 [Listener at 127.0.0.1/34021] INFO  segmented.SegmentedRaftLogWorker (SegmentedRaftLogWorker.java:close(237)) - 32069a0d-f39a-42d5-b706-96b3f478e9d8@group-ED4C9AF695D8-SegmentedRaftLogWorker close()
2021-11-14 01:06:06,215 [Listener at 127.0.0.1/34021] INFO  server.RaftServer$Division (RaftServerImpl.java:lambda$close$4(412)) - 32069a0d-f39a-42d5-b706-96b3f478e9d8@group-083767A110ED: shutdown
2021-11-14 01:06:06,215 [Listener at 127.0.0.1/34021] INFO  util.JmxRegister (JmxRegister.java:unregister(73)) - Successfully un-registered JMX Bean with object name Ratis:service=RaftServer,group=group-083767A110ED,id=32069a0d-f39a-42d5-b706-96b3f478e9d8
2021-11-14 01:06:06,216 [Listener at 127.0.0.1/34021] INFO  impl.RoleInfo (RoleInfo.java:shutdownFollowerState(108)) - 32069a0d-f39a-42d5-b706-96b3f478e9d8: shutdown 32069a0d-f39a-42d5-b706-96b3f478e9d8@group-083767A110ED-FollowerState
2021-11-14 01:06:06,216 [32069a0d-f39a-42d5-b706-96b3f478e9d8@group-083767A110ED-FollowerState] INFO  impl.FollowerState (FollowerState.java:run(143)) - 32069a0d-f39a-42d5-b706-96b3f478e9d8@group-083767A110ED-FollowerState was interrupted: {}
java.lang.InterruptedException: sleep interrupted
	at java.lang.Thread.sleep(Native Method)
	at java.lang.Thread.sleep(Thread.java:340)
	at java.util.concurrent.TimeUnit.sleep(TimeUnit.java:386)
	at org.apache.ratis.util.TimeDuration.sleep(TimeDuration.java:324)
	at org.apache.ratis.util.TimeDuration.sleep(TimeDuration.java:309)
	at org.apache.ratis.server.impl.FollowerState.run(FollowerState.java:118)
2021-11-14 01:06:06,216 [Listener at 127.0.0.1/34021] INFO  impl.StateMachineUpdater (StateMachineUpdater.java:stopAndJoin(149)) - 32069a0d-f39a-42d5-b706-96b3f478e9d8@group-083767A110ED-StateMachineUpdater: set stopIndex = -1
2021-11-14 01:06:06,217 [Listener at 127.0.0.1/34021] INFO  server.RaftServer$Division (ServerState.java:close(419)) - 32069a0d-f39a-42d5-b706-96b3f478e9d8@group-083767A110ED: closes. applyIndex: -1
2021-11-14 01:06:06,217 [32069a0d-f39a-42d5-b706-96b3f478e9d8@group-083767A110ED-SegmentedRaftLogWorker] INFO  segmented.SegmentedRaftLogWorker (SegmentedRaftLogWorker.java:run(327)) - 32069a0d-f39a-42d5-b706-96b3f478e9d8@group-083767A110ED-SegmentedRaftLogWorker was interrupted, exiting. There are 0 tasks remaining in the queue.
2021-11-14 01:06:06,223 [Listener at 127.0.0.1/34021] INFO  segmented.SegmentedRaftLogWorker (SegmentedRaftLogWorker.java:close(237)) - 32069a0d-f39a-42d5-b706-96b3f478e9d8@group-083767A110ED-SegmentedRaftLogWorker close()
2021-11-14 01:06:06,223 [Listener at 127.0.0.1/34021] INFO  server.GrpcService (GrpcService.java:closeImpl(262)) - 32069a0d-f39a-42d5-b706-96b3f478e9d8: shutdown server with port 43355 now
2021-11-14 01:06:06,226 [Listener at 127.0.0.1/34021] INFO  server.GrpcService (GrpcService.java:closeImpl(271)) - 32069a0d-f39a-42d5-b706-96b3f478e9d8: shutdown server with port 43355 successfully
2021-11-14 01:06:06,233 [org.apache.ratis.util.JvmPauseMonitor$$Lambda$531/1045442098@3dc2dbd1] INFO  util.JvmPauseMonitor (JvmPauseMonitor.java:run(109)) - JvmPauseMonitor-32069a0d-f39a-42d5-b706-96b3f478e9d8: Stopped
2021-11-14 01:06:06,234 [Listener at 127.0.0.1/34021] INFO  utils.BackgroundService (BackgroundService.java:shutdown(132)) - Shutting down service BlockDeletingService
2021-11-14 01:06:09,298 [Listener at 127.0.0.1/34021] INFO  statemachine.DatanodeStateMachine (DatanodeStateMachine.java:stopDaemon(526)) - Ozone container server stopped.
2021-11-14 01:06:09,300 [Listener at 127.0.0.1/34021] INFO  handler.ContextHandler (ContextHandler.java:doStop(1153)) - Stopped o.e.j.w.WebAppContext@6a8986fb{hddsDatanode,/,null,STOPPED}{jar:file:/home/runner/.m2/repository/org/apache/ozone/hdds-container-service/1.2.0-SNAPSHOT/hdds-container-service-1.2.0-SNAPSHOT.jar!/webapps/hddsDatanode}
2021-11-14 01:06:09,300 [Listener at 127.0.0.1/34021] INFO  server.AbstractConnector (AbstractConnector.java:doStop(381)) - Stopped ServerConnector@7056e347{HTTP/1.1, (http/1.1)}{0.0.0.0:0}
2021-11-14 01:06:09,301 [Listener at 127.0.0.1/34021] INFO  server.session (HouseKeeper.java:stopScavenging(149)) - node0 Stopped scavenging
2021-11-14 01:06:09,301 [Listener at 127.0.0.1/34021] INFO  handler.ContextHandler (ContextHandler.java:doStop(1153)) - Stopped o.e.j.s.ServletContextHandler@675473be{static,/static,jar:file:/home/runner/.m2/repository/org/apache/ozone/hdds-container-service/1.2.0-SNAPSHOT/hdds-container-service-1.2.0-SNAPSHOT.jar!/webapps/static,STOPPED}
2021-11-14 01:06:09,301 [Listener at 127.0.0.1/34021] INFO  handler.ContextHandler (ContextHandler.java:doStop(1153)) - Stopped o.e.j.s.ServletContextHandler@449200a8{logs,/logs,file:///home/runner/work/ozone/ozone/hadoop-ozone/integration-test/target/log,STOPPED}
2021-11-14 01:06:10,871 [EventQueue-StaleNodeForStaleNodeHandler] INFO  node.StaleNodeHandler (StaleNodeHandler.java:onMessage(58)) - Datanode 32069a0d-f39a-42d5-b706-96b3f478e9d8{ip: 10.1.0.47, host: fv-az395-453.zfmzfyrfkyou3ow0tsr0jxwq1e.bx.internal.cloudapp.net, ports: [REPLICATION=45299, RATIS=43355, RATIS_ADMIN=43355, RATIS_SERVER=43355, STANDALONE=42407], networkLocation: /default-rack, certSerialId: null, persistedOpState: IN_SERVICE, persistedOpStateExpiryEpochSec: 0} moved to stale state. Finalizing its pipelines [PipelineID=89923835-73f6-4067-a20c-ed4c9af695d8]
2021-11-14 01:06:10,871 [EventQueue-StaleNodeForStaleNodeHandler] INFO  pipeline.PipelineManagerImpl (PipelineManagerImpl.java:closePipeline(349)) - Pipeline Pipeline[ Id: 89923835-73f6-4067-a20c-ed4c9af695d8, Nodes: 32069a0d-f39a-42d5-b706-96b3f478e9d8{ip: 10.1.0.47, host: fv-az395-453.zfmzfyrfkyou3ow0tsr0jxwq1e.bx.internal.cloudapp.net, ports: [REPLICATION=45299, RATIS=43355, RATIS_ADMIN=43355, RATIS_SERVER=43355, STANDALONE=42407], networkLocation: /default-rack, certSerialId: null, persistedOpState: IN_SERVICE, persistedOpStateExpiryEpochSec: 0}, ReplicationConfig: RATIS/ONE, State:OPEN, leaderId:32069a0d-f39a-42d5-b706-96b3f478e9d8, CreationTimestamp2021-11-14T01:04:23.384Z[Etc/UTC]] moved to CLOSED state
2021-11-14 01:06:12,077 [EventQueue-DeadNodeForDeadNodeHandler] INFO  node.DeadNodeHandler (DeadNodeHandler.java:onMessage(80)) - A dead datanode is detected. e624a09e-d66f-4eff-951a-8f24e1213b58{ip: 10.1.0.47, host: fv-az395-453.zfmzfyrfkyou3ow0tsr0jxwq1e.bx.internal.cloudapp.net, ports: [REPLICATION=39939, RATIS=41437, RATIS_ADMIN=41437, RATIS_SERVER=41437, STANDALONE=42433], networkLocation: /default-rack, certSerialId: null, persistedOpState: IN_SERVICE, persistedOpStateExpiryEpochSec: 0}
2021-11-14 01:06:12,077 [EventQueue-DeadNodeForDeadNodeHandler] INFO  pipeline.RatisPipelineProvider (RatisPipelineProvider.java:lambda$close$1(222)) - Send pipeline:PipelineID=910c467b-220f-4c72-8ab1-ee291d70effd close command to datanode e624a09e-d66f-4eff-951a-8f24e1213b58
2021-11-14 01:06:12,077 [EventQueue-DeadNodeForDeadNodeHandler] INFO  pipeline.PipelineStateManagerImpl (PipelineStateManagerImpl.java:removePipeline(223)) - Pipeline Pipeline[ Id: 910c467b-220f-4c72-8ab1-ee291d70effd, Nodes: e624a09e-d66f-4eff-951a-8f24e1213b58{ip: 10.1.0.47, host: fv-az395-453.zfmzfyrfkyou3ow0tsr0jxwq1e.bx.internal.cloudapp.net, ports: [REPLICATION=39939, RATIS=41437, RATIS_ADMIN=41437, RATIS_SERVER=41437, STANDALONE=42433], networkLocation: /default-rack, certSerialId: null, persistedOpState: IN_SERVICE, persistedOpStateExpiryEpochSec: 0}, ReplicationConfig: RATIS/ONE, State:CLOSED, leaderId:e624a09e-d66f-4eff-951a-8f24e1213b58, CreationTimestamp2021-11-14T01:04:25.875Z[Etc/UTC]] removed.
2021-11-14 01:06:12,077 [EventQueue-DeadNodeForDeadNodeHandler] INFO  net.NetworkTopologyImpl (NetworkTopologyImpl.java:remove(137)) - Removed a node: /default-rack/e624a09e-d66f-4eff-951a-8f24e1213b58
2021-11-14 01:06:14,305 [Listener at 127.0.0.1/34021] INFO  ozoneimpl.OzoneContainer (OzoneContainer.java:stop(325)) - Attempting to stop container services.
2021-11-14 01:06:14,306 [Listener at 127.0.0.1/34021] INFO  server.RaftServer (RaftServerProxy.java:lambda$close$6(391)) - 8f64935f-b83c-4009-bc32-b4395deb71aa: close
2021-11-14 01:06:14,306 [Listener at 127.0.0.1/34021] INFO  server.RaftServer$Division (RaftServerImpl.java:lambda$close$4(412)) - 8f64935f-b83c-4009-bc32-b4395deb71aa@group-BD964F6AA3B8: shutdown
2021-11-14 01:06:14,306 [Listener at 127.0.0.1/34021] INFO  util.JmxRegister (JmxRegister.java:unregister(73)) - Successfully un-registered JMX Bean with object name Ratis:service=RaftServer,group=group-BD964F6AA3B8,id=8f64935f-b83c-4009-bc32-b4395deb71aa
2021-11-14 01:06:14,306 [Listener at 127.0.0.1/34021] INFO  impl.RoleInfo (RoleInfo.java:shutdownLeaderState(91)) - 8f64935f-b83c-4009-bc32-b4395deb71aa: shutdown 8f64935f-b83c-4009-bc32-b4395deb71aa@group-BD964F6AA3B8-LeaderStateImpl
2021-11-14 01:06:14,306 [Listener at 127.0.0.1/34021] INFO  impl.PendingRequests (PendingRequests.java:sendNotLeaderResponses(282)) - 8f64935f-b83c-4009-bc32-b4395deb71aa@group-BD964F6AA3B8-PendingRequests: sendNotLeaderResponses
2021-11-14 01:06:14,307 [Listener at 127.0.0.1/34021] INFO  impl.StateMachineUpdater (StateMachineUpdater.java:stopAndJoin(149)) - 8f64935f-b83c-4009-bc32-b4395deb71aa@group-BD964F6AA3B8-StateMachineUpdater: set stopIndex = 0
2021-11-14 01:06:14,309 [8f64935f-b83c-4009-bc32-b4395deb71aa@group-BD964F6AA3B8-StateMachineUpdater] INFO  ratis.ContainerStateMachine (ContainerStateMachine.java:takeSnapshot(292)) - group-BD964F6AA3B8: Taking a snapshot at:(t:1, i:0) file /home/runner/work/ozone/ozone/hadoop-ozone/integration-test/target/test-dir/MiniOzoneClusterImpl-5b6cbd2a-2976-43bc-8d1c-e3ca86cddeeb/datanode-3/data/ratis/2299449d-ae01-4eb1-b672-bd964f6aa3b8/sm/snapshot.1_0
2021-11-14 01:06:14,310 [8f64935f-b83c-4009-bc32-b4395deb71aa@group-BD964F6AA3B8-StateMachineUpdater] INFO  ratis.ContainerStateMachine (ContainerStateMachine.java:takeSnapshot(303)) - group-BD964F6AA3B8: Finished taking a snapshot at:(t:1, i:0) file:/home/runner/work/ozone/ozone/hadoop-ozone/integration-test/target/test-dir/MiniOzoneClusterImpl-5b6cbd2a-2976-43bc-8d1c-e3ca86cddeeb/datanode-3/data/ratis/2299449d-ae01-4eb1-b672-bd964f6aa3b8/sm/snapshot.1_0 took: 1 ms
2021-11-14 01:06:14,310 [8f64935f-b83c-4009-bc32-b4395deb71aa@group-BD964F6AA3B8-StateMachineUpdater] INFO  impl.StateMachineUpdater (StateMachineUpdater.java:takeSnapshot(281)) - 8f64935f-b83c-4009-bc32-b4395deb71aa@group-BD964F6AA3B8-StateMachineUpdater: Took a snapshot at index 0
2021-11-14 01:06:14,310 [8f64935f-b83c-4009-bc32-b4395deb71aa@group-BD964F6AA3B8-StateMachineUpdater] INFO  impl.StateMachineUpdater (StateMachineUpdater.java:lambda$new$0(89)) - 8f64935f-b83c-4009-bc32-b4395deb71aa@group-BD964F6AA3B8-StateMachineUpdater: snapshotIndex: updateIncreasingly -1 -> 0
2021-11-14 01:06:14,317 [Listener at 127.0.0.1/34021] INFO  server.RaftServer$Division (ServerState.java:close(419)) - 8f64935f-b83c-4009-bc32-b4395deb71aa@group-BD964F6AA3B8: closes. applyIndex: 0
2021-11-14 01:06:14,317 [8f64935f-b83c-4009-bc32-b4395deb71aa@group-BD964F6AA3B8-SegmentedRaftLogWorker] INFO  segmented.SegmentedRaftLogWorker (SegmentedRaftLogWorker.java:run(327)) - 8f64935f-b83c-4009-bc32-b4395deb71aa@group-BD964F6AA3B8-SegmentedRaftLogWorker was interrupted, exiting. There are 0 tasks remaining in the queue.
2021-11-14 01:06:14,318 [Listener at 127.0.0.1/34021] INFO  segmented.SegmentedRaftLogWorker (SegmentedRaftLogWorker.java:close(237)) - 8f64935f-b83c-4009-bc32-b4395deb71aa@group-BD964F6AA3B8-SegmentedRaftLogWorker close()
2021-11-14 01:06:14,318 [Listener at 127.0.0.1/34021] INFO  server.GrpcService (GrpcService.java:closeImpl(262)) - 8f64935f-b83c-4009-bc32-b4395deb71aa: shutdown server with port 45069 now
2021-11-14 01:06:14,327 [Listener at 127.0.0.1/34021] INFO  server.GrpcService (GrpcService.java:closeImpl(271)) - 8f64935f-b83c-4009-bc32-b4395deb71aa: shutdown server with port 45069 successfully
2021-11-14 01:06:14,327 [org.apache.ratis.util.JvmPauseMonitor$$Lambda$531/1045442098@29e05602] INFO  util.JvmPauseMonitor (JvmPauseMonitor.java:run(109)) - JvmPauseMonitor-8f64935f-b83c-4009-bc32-b4395deb71aa: Stopped
2021-11-14 01:06:14,336 [Listener at 127.0.0.1/34021] INFO  utils.BackgroundService (BackgroundService.java:shutdown(132)) - Shutting down service BlockDeletingService
2021-11-14 01:06:17,352 [Listener at 127.0.0.1/34021] INFO  statemachine.DatanodeStateMachine (DatanodeStateMachine.java:stopDaemon(526)) - Ozone container server stopped.
2021-11-14 01:06:17,354 [Listener at 127.0.0.1/34021] INFO  handler.ContextHandler (ContextHandler.java:doStop(1153)) - Stopped o.e.j.w.WebAppContext@51187c05{hddsDatanode,/,null,STOPPED}{jar:file:/home/runner/.m2/repository/org/apache/ozone/hdds-container-service/1.2.0-SNAPSHOT/hdds-container-service-1.2.0-SNAPSHOT.jar!/webapps/hddsDatanode}
2021-11-14 01:06:17,355 [Listener at 127.0.0.1/34021] INFO  server.AbstractConnector (AbstractConnector.java:doStop(381)) - Stopped ServerConnector@2aef0b3a{HTTP/1.1, (http/1.1)}{0.0.0.0:0}
2021-11-14 01:06:17,355 [Listener at 127.0.0.1/34021] INFO  server.session (HouseKeeper.java:stopScavenging(149)) - node0 Stopped scavenging
2021-11-14 01:06:17,355 [Listener at 127.0.0.1/34021] INFO  handler.ContextHandler (ContextHandler.java:doStop(1153)) - Stopped o.e.j.s.ServletContextHandler@1e855f80{static,/static,jar:file:/home/runner/.m2/repository/org/apache/ozone/hdds-container-service/1.2.0-SNAPSHOT/hdds-container-service-1.2.0-SNAPSHOT.jar!/webapps/static,STOPPED}
2021-11-14 01:06:17,355 [Listener at 127.0.0.1/34021] INFO  handler.ContextHandler (ContextHandler.java:doStop(1153)) - Stopped o.e.j.s.ServletContextHandler@5359b0fa{logs,/logs,file:///home/runner/work/ozone/ozone/hadoop-ozone/integration-test/target/log,STOPPED}
2021-11-14 01:06:19,006 [EventQueue-StaleNodeForStaleNodeHandler] INFO  node.StaleNodeHandler (StaleNodeHandler.java:onMessage(58)) - Datanode 8f64935f-b83c-4009-bc32-b4395deb71aa{ip: 10.1.0.47, host: fv-az395-453.zfmzfyrfkyou3ow0tsr0jxwq1e.bx.internal.cloudapp.net, ports: [REPLICATION=43731, RATIS=45069, RATIS_ADMIN=45069, RATIS_SERVER=45069, STANDALONE=39111], networkLocation: /default-rack, certSerialId: null, persistedOpState: IN_SERVICE, persistedOpStateExpiryEpochSec: 0} moved to stale state. Finalizing its pipelines [PipelineID=2299449d-ae01-4eb1-b672-bd964f6aa3b8]
2021-11-14 01:06:19,007 [EventQueue-StaleNodeForStaleNodeHandler] INFO  pipeline.PipelineManagerImpl (PipelineManagerImpl.java:closePipeline(349)) - Pipeline Pipeline[ Id: 2299449d-ae01-4eb1-b672-bd964f6aa3b8, Nodes: 8f64935f-b83c-4009-bc32-b4395deb71aa{ip: 10.1.0.47, host: fv-az395-453.zfmzfyrfkyou3ow0tsr0jxwq1e.bx.internal.cloudapp.net, ports: [REPLICATION=43731, RATIS=45069, RATIS_ADMIN=45069, RATIS_SERVER=45069, STANDALONE=39111], networkLocation: /default-rack, certSerialId: null, persistedOpState: IN_SERVICE, persistedOpStateExpiryEpochSec: 0}, ReplicationConfig: RATIS/ONE, State:OPEN, leaderId:8f64935f-b83c-4009-bc32-b4395deb71aa, CreationTimestamp2021-11-14T01:04:24.933Z[Etc/UTC]] moved to CLOSED state
2021-11-14 01:06:20,919 [EventQueue-DeadNodeForDeadNodeHandler] INFO  node.DeadNodeHandler (DeadNodeHandler.java:onMessage(80)) - A dead datanode is detected. 32069a0d-f39a-42d5-b706-96b3f478e9d8{ip: 10.1.0.47, host: fv-az395-453.zfmzfyrfkyou3ow0tsr0jxwq1e.bx.internal.cloudapp.net, ports: [REPLICATION=45299, RATIS=43355, RATIS_ADMIN=43355, RATIS_SERVER=43355, STANDALONE=42407], networkLocation: /default-rack, certSerialId: null, persistedOpState: IN_SERVICE, persistedOpStateExpiryEpochSec: 0}
2021-11-14 01:06:20,920 [EventQueue-DeadNodeForDeadNodeHandler] INFO  pipeline.RatisPipelineProvider (RatisPipelineProvider.java:lambda$close$1(222)) - Send pipeline:PipelineID=89923835-73f6-4067-a20c-ed4c9af695d8 close command to datanode 32069a0d-f39a-42d5-b706-96b3f478e9d8
2021-11-14 01:06:20,920 [EventQueue-DeadNodeForDeadNodeHandler] INFO  pipeline.PipelineStateManagerImpl (PipelineStateManagerImpl.java:removePipeline(223)) - Pipeline Pipeline[ Id: 89923835-73f6-4067-a20c-ed4c9af695d8, Nodes: 32069a0d-f39a-42d5-b706-96b3f478e9d8{ip: 10.1.0.47, host: fv-az395-453.zfmzfyrfkyou3ow0tsr0jxwq1e.bx.internal.cloudapp.net, ports: [REPLICATION=45299, RATIS=43355, RATIS_ADMIN=43355, RATIS_SERVER=43355, STANDALONE=42407], networkLocation: /default-rack, certSerialId: null, persistedOpState: IN_SERVICE, persistedOpStateExpiryEpochSec: 0}, ReplicationConfig: RATIS/ONE, State:CLOSED, leaderId:32069a0d-f39a-42d5-b706-96b3f478e9d8, CreationTimestamp2021-11-14T01:04:23.384Z[Etc/UTC]] removed.
2021-11-14 01:06:20,920 [EventQueue-DeadNodeForDeadNodeHandler] INFO  net.NetworkTopologyImpl (NetworkTopologyImpl.java:remove(137)) - Removed a node: /default-rack/32069a0d-f39a-42d5-b706-96b3f478e9d8
2021-11-14 01:06:28,949 [EventQueue-DeadNodeForDeadNodeHandler] INFO  node.DeadNodeHandler (DeadNodeHandler.java:onMessage(80)) - A dead datanode is detected. 8f64935f-b83c-4009-bc32-b4395deb71aa{ip: 10.1.0.47, host: fv-az395-453.zfmzfyrfkyou3ow0tsr0jxwq1e.bx.internal.cloudapp.net, ports: [REPLICATION=43731, RATIS=45069, RATIS_ADMIN=45069, RATIS_SERVER=45069, STANDALONE=39111], networkLocation: /default-rack, certSerialId: null, persistedOpState: IN_SERVICE, persistedOpStateExpiryEpochSec: 0}
2021-11-14 01:06:28,949 [EventQueue-DeadNodeForDeadNodeHandler] INFO  pipeline.RatisPipelineProvider (RatisPipelineProvider.java:lambda$close$1(222)) - Send pipeline:PipelineID=2299449d-ae01-4eb1-b672-bd964f6aa3b8 close command to datanode 8f64935f-b83c-4009-bc32-b4395deb71aa
2021-11-14 01:06:28,949 [EventQueue-DeadNodeForDeadNodeHandler] INFO  pipeline.PipelineStateManagerImpl (PipelineStateManagerImpl.java:removePipeline(223)) - Pipeline Pipeline[ Id: 2299449d-ae01-4eb1-b672-bd964f6aa3b8, Nodes: 8f64935f-b83c-4009-bc32-b4395deb71aa{ip: 10.1.0.47, host: fv-az395-453.zfmzfyrfkyou3ow0tsr0jxwq1e.bx.internal.cloudapp.net, ports: [REPLICATION=43731, RATIS=45069, RATIS_ADMIN=45069, RATIS_SERVER=45069, STANDALONE=39111], networkLocation: /default-rack, certSerialId: null, persistedOpState: IN_SERVICE, persistedOpStateExpiryEpochSec: 0}, ReplicationConfig: RATIS/ONE, State:CLOSED, leaderId:8f64935f-b83c-4009-bc32-b4395deb71aa, CreationTimestamp2021-11-14T01:04:24.933Z[Etc/UTC]] removed.
2021-11-14 01:06:28,949 [EventQueue-DeadNodeForDeadNodeHandler] INFO  net.NetworkTopologyImpl (NetworkTopologyImpl.java:remove(137)) - Removed a node: /default-rack/8f64935f-b83c-4009-bc32-b4395deb71aa
2021-11-14 01:07:02,040 [Socket Reader #1 for port 0] WARN  ipc.Server (Server.java:readAndProcess(2287)) - Incorrect RPC Header length from 10.1.0.47:58354 expected length: java.nio.HeapByteBuffer[pos=0 lim=4 cap=4] got length: java.nio.HeapByteBuffer[pos=0 lim=4 cap=4]
2021-11-14 01:07:34,826 [RatisPipelineUtilsThread - 0] ERROR scm.SCMCommonPlacementPolicy (SCMCommonPlacementPolicy.java:filterNodesWithSpace(171)) - Unable to find enough nodes that meet the space requirement of 1073741824 bytes for metadata and 5368709120 bytes for data in healthy node set. Required 3. Found 0.
2021-11-14 01:09:14,935 [Socket Reader #1 for port 0] WARN  ipc.Server (Server.java:readAndProcess(2287)) - Incorrect RPC Header length from 10.1.0.47:58514 expected length: java.nio.HeapByteBuffer[pos=0 lim=4 cap=4] got length: java.nio.HeapByteBuffer[pos=0 lim=4 cap=4]
]]></system-out>
    <system-err><![CDATA[Nov 14, 2021 1:04:26 AM org.apache.ratis.thirdparty.io.grpc.internal.ManagedChannelOrphanWrapper$ManagedChannelReference cleanQueue
SEVERE: *~*~*~ Channel ManagedChannelImpl{logId=590, target=10.1.0.47:34989} was not shutdown properly!!! ~*~*~*
    Make sure to call shutdown()/shutdownNow() and wait until awaitTermination() returns true.
java.lang.RuntimeException: ManagedChannel allocation site
	at org.apache.ratis.thirdparty.io.grpc.internal.ManagedChannelOrphanWrapper$ManagedChannelReference.<init>(ManagedChannelOrphanWrapper.java:93)
	at org.apache.ratis.thirdparty.io.grpc.internal.ManagedChannelOrphanWrapper.<init>(ManagedChannelOrphanWrapper.java:53)
	at org.apache.ratis.thirdparty.io.grpc.internal.ManagedChannelOrphanWrapper.<init>(ManagedChannelOrphanWrapper.java:44)
	at org.apache.ratis.thirdparty.io.grpc.internal.ManagedChannelImplBuilder.build(ManagedChannelImplBuilder.java:596)
	at org.apache.ratis.thirdparty.io.grpc.ForwardingChannelBuilder.build(ForwardingChannelBuilder.java:255)
	at org.apache.ratis.grpc.client.GrpcClientProtocolClient.buildChannel(GrpcClientProtocolClient.java:159)
	at org.apache.ratis.grpc.client.GrpcClientProtocolClient.<init>(GrpcClientProtocolClient.java:111)
	at org.apache.ratis.grpc.client.GrpcClientRpc.lambda$new$0(GrpcClientRpc.java:57)
	at org.apache.ratis.util.PeerProxyMap$PeerAndProxy.lambda$getProxy$0(PeerProxyMap.java:63)
	at org.apache.ratis.util.LifeCycle.startAndTransition(LifeCycle.java:270)
	at org.apache.ratis.util.PeerProxyMap$PeerAndProxy.getProxy(PeerProxyMap.java:62)
	at org.apache.ratis.util.PeerProxyMap.getProxy(PeerProxyMap.java:114)
	at org.apache.ratis.grpc.client.GrpcClientRpc.sendRequestAsync(GrpcClientRpc.java:67)
	at org.apache.ratis.client.impl.OrderedAsync.sendRequest(OrderedAsync.java:236)
	at org.apache.ratis.client.impl.OrderedAsync.sendRequestWithRetry(OrderedAsync.java:189)
	at org.apache.ratis.util.SlidingWindow$Client.sendOrDelayRequest(SlidingWindow.java:280)
	at org.apache.ratis.util.SlidingWindow$Client.submitNewRequest(SlidingWindow.java:259)
	at org.apache.ratis.client.impl.OrderedAsync.send(OrderedAsync.java:170)
	at org.apache.ratis.client.impl.OrderedAsync.newInstance(OrderedAsync.java:118)
	at org.apache.ratis.client.impl.RaftClientImpl.lambda$new$0(RaftClientImpl.java:162)
	at org.apache.ratis.util.MemoizedSupplier.get(MemoizedSupplier.java:62)
	at org.apache.ratis.client.impl.RaftClientImpl.getOrderedAsync(RaftClientImpl.java:215)
	at org.apache.ratis.client.impl.AsyncImpl.send(AsyncImpl.java:41)
	at org.apache.ratis.client.impl.AsyncImpl.send(AsyncImpl.java:46)
	at org.apache.hadoop.hdds.scm.XceiverClientRatis.lambda$sendRequestAsync$3(XceiverClientRatis.java:225)
	at org.apache.hadoop.hdds.tracing.TracingUtil.executeInNewSpan(TracingUtil.java:159)
	at org.apache.hadoop.hdds.scm.XceiverClientRatis.sendRequestAsync(XceiverClientRatis.java:210)
	at org.apache.hadoop.hdds.scm.XceiverClientRatis.sendCommandAsync(XceiverClientRatis.java:306)
	at org.apache.hadoop.hdds.scm.storage.ContainerProtocolCalls.writeChunkAsync(ContainerProtocolCalls.java:300)
	at org.apache.hadoop.hdds.scm.storage.BlockOutputStream.writeChunkToContainer(BlockOutputStream.java:666)
	at org.apache.hadoop.hdds.scm.storage.BlockOutputStream.writeChunk(BlockOutputStream.java:506)
	at org.apache.hadoop.hdds.scm.storage.BlockOutputStream.writeOnRetry(BlockOutputStream.java:306)
	at org.apache.hadoop.ozone.client.io.BlockOutputStreamEntry.writeOnRetry(BlockOutputStreamEntry.java:123)
	at org.apache.hadoop.ozone.client.io.KeyOutputStream.writeToOutputStream(KeyOutputStream.java:253)
	at org.apache.hadoop.ozone.client.io.KeyOutputStream.handleWrite(KeyOutputStream.java:233)
	at org.apache.hadoop.ozone.client.io.KeyOutputStream.handleRetry(KeyOutputStream.java:415)
	at org.apache.hadoop.ozone.client.io.KeyOutputStream.handleException(KeyOutputStream.java:360)
	at org.apache.hadoop.ozone.client.io.KeyOutputStream.handleFlushOrClose(KeyOutputStream.java:471)
	at org.apache.hadoop.ozone.client.io.KeyOutputStream.handleWrite(KeyOutputStream.java:237)
	at org.apache.hadoop.ozone.client.io.KeyOutputStream.write(KeyOutputStream.java:213)
	at org.apache.hadoop.ozone.client.io.OzoneOutputStream.write(OzoneOutputStream.java:50)
	at java.io.OutputStream.write(OutputStream.java:75)
	at org.apache.hadoop.ozone.client.rpc.TestBlockOutputStreamWithFailuresFlushDelay.testDatanodeFailureWithPreAllocation(TestBlockOutputStreamWithFailuresFlushDelay.java:837)
	at sun.reflect.NativeMethodAccessorImpl.invoke0(Native Method)
	at sun.reflect.NativeMethodAccessorImpl.invoke(NativeMethodAccessorImpl.java:62)
	at sun.reflect.DelegatingMethodAccessorImpl.invoke(DelegatingMethodAccessorImpl.java:43)
	at java.lang.reflect.Method.invoke(Method.java:498)
	at org.junit.runners.model.FrameworkMethod$1.runReflectiveCall(FrameworkMethod.java:59)
	at org.junit.internal.runners.model.ReflectiveCallable.run(ReflectiveCallable.java:12)
	at org.junit.runners.model.FrameworkMethod.invokeExplosively(FrameworkMethod.java:56)
	at org.junit.internal.runners.statements.InvokeMethod.evaluate(InvokeMethod.java:17)
	at org.junit.internal.runners.statements.RunBefores.evaluate(RunBefores.java:26)
	at org.junit.internal.runners.statements.RunAfters.evaluate(RunAfters.java:27)
	at org.junit.internal.runners.statements.FailOnTimeout$CallableStatement.call(FailOnTimeout.java:288)
	at org.junit.internal.runners.statements.FailOnTimeout$CallableStatement.call(FailOnTimeout.java:282)
	at java.util.concurrent.FutureTask.run(FutureTask.java:266)
	at java.lang.Thread.run(Thread.java:748)

Nov 14, 2021 1:04:26 AM org.apache.ratis.thirdparty.io.grpc.internal.ManagedChannelOrphanWrapper$ManagedChannelReference cleanQueue
SEVERE: *~*~*~ Channel ManagedChannelImpl{logId=269, target=10.1.0.47:38199} was not shutdown properly!!! ~*~*~*
    Make sure to call shutdown()/shutdownNow() and wait until awaitTermination() returns true.
java.lang.RuntimeException: ManagedChannel allocation site
	at org.apache.ratis.thirdparty.io.grpc.internal.ManagedChannelOrphanWrapper$ManagedChannelReference.<init>(ManagedChannelOrphanWrapper.java:93)
	at org.apache.ratis.thirdparty.io.grpc.internal.ManagedChannelOrphanWrapper.<init>(ManagedChannelOrphanWrapper.java:53)
	at org.apache.ratis.thirdparty.io.grpc.internal.ManagedChannelOrphanWrapper.<init>(ManagedChannelOrphanWrapper.java:44)
	at org.apache.ratis.thirdparty.io.grpc.internal.ManagedChannelImplBuilder.build(ManagedChannelImplBuilder.java:596)
	at org.apache.ratis.thirdparty.io.grpc.ForwardingChannelBuilder.build(ForwardingChannelBuilder.java:255)
	at org.apache.hadoop.hdds.scm.XceiverClientGrpc.connectToDatanode(XceiverClientGrpc.java:193)
	at org.apache.hadoop.hdds.scm.XceiverClientGrpc.connect(XceiverClientGrpc.java:142)
	at org.apache.hadoop.hdds.scm.XceiverClientManager$2.call(XceiverClientManager.java:237)
	at org.apache.hadoop.hdds.scm.XceiverClientManager$2.call(XceiverClientManager.java:221)
	at com.google.common.cache.LocalCache$LocalManualCache$1.load(LocalCache.java:4864)
	at com.google.common.cache.LocalCache$LoadingValueReference.loadFuture(LocalCache.java:3529)
	at com.google.common.cache.LocalCache$Segment.loadSync(LocalCache.java:2278)
	at com.google.common.cache.LocalCache$Segment.lockedGetOrLoad(LocalCache.java:2155)
	at com.google.common.cache.LocalCache$Segment.get(LocalCache.java:2045)
	at com.google.common.cache.LocalCache.get(LocalCache.java:3962)
	at com.google.common.cache.LocalCache$LocalManualCache.get(LocalCache.java:4859)
	at org.apache.hadoop.hdds.scm.XceiverClientManager.getClient(XceiverClientManager.java:221)
	at org.apache.hadoop.hdds.scm.XceiverClientManager.acquireClient(XceiverClientManager.java:165)
	at org.apache.hadoop.hdds.scm.XceiverClientManager.acquireClientForReadData(XceiverClientManager.java:154)
	at org.apache.hadoop.hdds.scm.storage.BlockInputStream.acquireClient(BlockInputStream.java:255)
	at org.apache.hadoop.hdds.scm.storage.BlockInputStream.getChunkInfos(BlockInputStream.java:229)
	at org.apache.hadoop.hdds.scm.storage.BlockInputStream.initialize(BlockInputStream.java:153)
	at org.apache.hadoop.hdds.scm.storage.BlockInputStream.readWithStrategy(BlockInputStream.java:314)
	at org.apache.hadoop.hdds.scm.storage.BlockInputStream.read(BlockInputStream.java:297)
	at org.apache.hadoop.hdds.scm.storage.ByteArrayReader.readFromBlock(ByteArrayReader.java:57)
	at org.apache.hadoop.ozone.client.io.KeyInputStream.readWithStrategy(KeyInputStream.java:262)
	at org.apache.hadoop.ozone.client.io.KeyInputStream.read(KeyInputStream.java:230)
	at org.apache.hadoop.ozone.client.io.OzoneInputStream.read(OzoneInputStream.java:55)
	at java.io.InputStream.read(InputStream.java:101)
	at org.apache.hadoop.ozone.container.TestHelper.validateData(TestHelper.java:146)
	at org.apache.hadoop.ozone.client.rpc.TestBlockOutputStreamWithFailuresFlushDelay.validateData(TestBlockOutputStreamWithFailuresFlushDelay.java:876)
	at org.apache.hadoop.ozone.client.rpc.TestBlockOutputStreamWithFailuresFlushDelay.test2DatanodesFailure(TestBlockOutputStreamWithFailuresFlushDelay.java:450)
	at sun.reflect.NativeMethodAccessorImpl.invoke0(Native Method)
	at sun.reflect.NativeMethodAccessorImpl.invoke(NativeMethodAccessorImpl.java:62)
	at sun.reflect.DelegatingMethodAccessorImpl.invoke(DelegatingMethodAccessorImpl.java:43)
	at java.lang.reflect.Method.invoke(Method.java:498)
	at org.junit.runners.model.FrameworkMethod$1.runReflectiveCall(FrameworkMethod.java:59)
	at org.junit.internal.runners.model.ReflectiveCallable.run(ReflectiveCallable.java:12)
	at org.junit.runners.model.FrameworkMethod.invokeExplosively(FrameworkMethod.java:56)
	at org.junit.internal.runners.statements.InvokeMethod.evaluate(InvokeMethod.java:17)
	at org.junit.internal.runners.statements.RunBefores.evaluate(RunBefores.java:26)
	at org.junit.internal.runners.statements.RunAfters.evaluate(RunAfters.java:27)
	at org.junit.internal.runners.statements.FailOnTimeout$CallableStatement.call(FailOnTimeout.java:288)
	at org.junit.internal.runners.statements.FailOnTimeout$CallableStatement.call(FailOnTimeout.java:282)
	at java.util.concurrent.FutureTask.run(FutureTask.java:266)
	at java.lang.Thread.run(Thread.java:748)

Nov 14, 2021 1:04:26 AM org.apache.ratis.thirdparty.io.grpc.internal.ManagedChannelOrphanWrapper$ManagedChannelReference cleanQueue
SEVERE: *~*~*~ Channel ManagedChannelImpl{logId=617, target=10.1.0.47:39103} was not shutdown properly!!! ~*~*~*
    Make sure to call shutdown()/shutdownNow() and wait until awaitTermination() returns true.
java.lang.RuntimeException: ManagedChannel allocation site
	at org.apache.ratis.thirdparty.io.grpc.internal.ManagedChannelOrphanWrapper$ManagedChannelReference.<init>(ManagedChannelOrphanWrapper.java:93)
	at org.apache.ratis.thirdparty.io.grpc.internal.ManagedChannelOrphanWrapper.<init>(ManagedChannelOrphanWrapper.java:53)
	at org.apache.ratis.thirdparty.io.grpc.internal.ManagedChannelOrphanWrapper.<init>(ManagedChannelOrphanWrapper.java:44)
	at org.apache.ratis.thirdparty.io.grpc.internal.ManagedChannelImplBuilder.build(ManagedChannelImplBuilder.java:596)
	at org.apache.ratis.thirdparty.io.grpc.ForwardingChannelBuilder.build(ForwardingChannelBuilder.java:255)
	at org.apache.hadoop.hdds.scm.XceiverClientGrpc.connectToDatanode(XceiverClientGrpc.java:193)
	at org.apache.hadoop.hdds.scm.XceiverClientGrpc.connect(XceiverClientGrpc.java:142)
	at org.apache.hadoop.hdds.scm.XceiverClientManager$2.call(XceiverClientManager.java:237)
	at org.apache.hadoop.hdds.scm.XceiverClientManager$2.call(XceiverClientManager.java:221)
	at com.google.common.cache.LocalCache$LocalManualCache$1.load(LocalCache.java:4864)
	at com.google.common.cache.LocalCache$LoadingValueReference.loadFuture(LocalCache.java:3529)
	at com.google.common.cache.LocalCache$Segment.loadSync(LocalCache.java:2278)
	at com.google.common.cache.LocalCache$Segment.lockedGetOrLoad(LocalCache.java:2155)
	at com.google.common.cache.LocalCache$Segment.get(LocalCache.java:2045)
	at com.google.common.cache.LocalCache.get(LocalCache.java:3962)
	at com.google.common.cache.LocalCache$LocalManualCache.get(LocalCache.java:4859)
	at org.apache.hadoop.hdds.scm.XceiverClientManager.getClient(XceiverClientManager.java:221)
	at org.apache.hadoop.hdds.scm.XceiverClientManager.acquireClient(XceiverClientManager.java:165)
	at org.apache.hadoop.hdds.scm.XceiverClientManager.acquireClientForReadData(XceiverClientManager.java:154)
	at org.apache.hadoop.hdds.scm.storage.BlockInputStream.acquireClient(BlockInputStream.java:255)
	at org.apache.hadoop.hdds.scm.storage.BlockInputStream.getChunkInfos(BlockInputStream.java:229)
	at org.apache.hadoop.hdds.scm.storage.BlockInputStream.initialize(BlockInputStream.java:153)
	at org.apache.hadoop.hdds.scm.storage.BlockInputStream.readWithStrategy(BlockInputStream.java:314)
	at org.apache.hadoop.hdds.scm.storage.BlockInputStream.read(BlockInputStream.java:297)
	at org.apache.hadoop.hdds.scm.storage.ByteArrayReader.readFromBlock(ByteArrayReader.java:57)
	at org.apache.hadoop.ozone.client.io.KeyInputStream.readWithStrategy(KeyInputStream.java:262)
	at org.apache.hadoop.ozone.client.io.KeyInputStream.read(KeyInputStream.java:230)
	at org.apache.hadoop.ozone.client.io.OzoneInputStream.read(OzoneInputStream.java:55)
	at java.io.InputStream.read(InputStream.java:101)
	at org.apache.hadoop.ozone.container.TestHelper.validateData(TestHelper.java:146)
	at org.apache.hadoop.ozone.client.rpc.TestBlockOutputStreamWithFailuresFlushDelay.validateData(TestBlockOutputStreamWithFailuresFlushDelay.java:876)
	at org.apache.hadoop.ozone.client.rpc.TestBlockOutputStreamWithFailuresFlushDelay.testDatanodeFailureWithPreAllocation(TestBlockOutputStreamWithFailuresFlushDelay.java:859)
	at sun.reflect.NativeMethodAccessorImpl.invoke0(Native Method)
	at sun.reflect.NativeMethodAccessorImpl.invoke(NativeMethodAccessorImpl.java:62)
	at sun.reflect.DelegatingMethodAccessorImpl.invoke(DelegatingMethodAccessorImpl.java:43)
	at java.lang.reflect.Method.invoke(Method.java:498)
	at org.junit.runners.model.FrameworkMethod$1.runReflectiveCall(FrameworkMethod.java:59)
	at org.junit.internal.runners.model.ReflectiveCallable.run(ReflectiveCallable.java:12)
	at org.junit.runners.model.FrameworkMethod.invokeExplosively(FrameworkMethod.java:56)
	at org.junit.internal.runners.statements.InvokeMethod.evaluate(InvokeMethod.java:17)
	at org.junit.internal.runners.statements.RunBefores.evaluate(RunBefores.java:26)
	at org.junit.internal.runners.statements.RunAfters.evaluate(RunAfters.java:27)
	at org.junit.internal.runners.statements.FailOnTimeout$CallableStatement.call(FailOnTimeout.java:288)
	at org.junit.internal.runners.statements.FailOnTimeout$CallableStatement.call(FailOnTimeout.java:282)
	at java.util.concurrent.FutureTask.run(FutureTask.java:266)
	at java.lang.Thread.run(Thread.java:748)

Nov 14, 2021 1:04:26 AM org.apache.ratis.thirdparty.io.grpc.internal.ManagedChannelOrphanWrapper$ManagedChannelReference cleanQueue
SEVERE: *~*~*~ Channel ManagedChannelImpl{logId=264, target=10.1.0.47:43957} was not shutdown properly!!! ~*~*~*
    Make sure to call shutdown()/shutdownNow() and wait until awaitTermination() returns true.
java.lang.RuntimeException: ManagedChannel allocation site
	at org.apache.ratis.thirdparty.io.grpc.internal.ManagedChannelOrphanWrapper$ManagedChannelReference.<init>(ManagedChannelOrphanWrapper.java:93)
	at org.apache.ratis.thirdparty.io.grpc.internal.ManagedChannelOrphanWrapper.<init>(ManagedChannelOrphanWrapper.java:53)
	at org.apache.ratis.thirdparty.io.grpc.internal.ManagedChannelOrphanWrapper.<init>(ManagedChannelOrphanWrapper.java:44)
	at org.apache.ratis.thirdparty.io.grpc.internal.ManagedChannelImplBuilder.build(ManagedChannelImplBuilder.java:596)
	at org.apache.ratis.thirdparty.io.grpc.ForwardingChannelBuilder.build(ForwardingChannelBuilder.java:255)
	at org.apache.ratis.grpc.client.GrpcClientProtocolClient.buildChannel(GrpcClientProtocolClient.java:159)
	at org.apache.ratis.grpc.client.GrpcClientProtocolClient.<init>(GrpcClientProtocolClient.java:111)
	at org.apache.ratis.grpc.client.GrpcClientRpc.lambda$new$0(GrpcClientRpc.java:57)
	at org.apache.ratis.util.PeerProxyMap$PeerAndProxy.lambda$getProxy$0(PeerProxyMap.java:63)
	at org.apache.ratis.util.LifeCycle.startAndTransition(LifeCycle.java:270)
	at org.apache.ratis.util.PeerProxyMap$PeerAndProxy.getProxy(PeerProxyMap.java:62)
	at org.apache.ratis.util.PeerProxyMap.getProxy(PeerProxyMap.java:114)
	at org.apache.ratis.grpc.client.GrpcClientRpc.sendRequestAsync(GrpcClientRpc.java:67)
	at org.apache.ratis.client.impl.OrderedAsync.sendRequest(OrderedAsync.java:236)
	at org.apache.ratis.client.impl.OrderedAsync.sendRequestWithRetry(OrderedAsync.java:189)
	at org.apache.ratis.util.SlidingWindow$Client.sendOrDelayRequest(SlidingWindow.java:280)
	at org.apache.ratis.util.SlidingWindow$Client.submitNewRequest(SlidingWindow.java:259)
	at org.apache.ratis.client.impl.OrderedAsync.send(OrderedAsync.java:170)
	at org.apache.ratis.client.impl.OrderedAsync.newInstance(OrderedAsync.java:118)
	at org.apache.ratis.client.impl.RaftClientImpl.lambda$new$0(RaftClientImpl.java:162)
	at org.apache.ratis.util.MemoizedSupplier.get(MemoizedSupplier.java:62)
	at org.apache.ratis.client.impl.RaftClientImpl.getOrderedAsync(RaftClientImpl.java:215)
	at org.apache.ratis.client.impl.AsyncImpl.send(AsyncImpl.java:41)
	at org.apache.ratis.client.impl.AsyncImpl.send(AsyncImpl.java:46)
	at org.apache.hadoop.hdds.scm.XceiverClientRatis.lambda$sendRequestAsync$3(XceiverClientRatis.java:225)
	at org.apache.hadoop.hdds.tracing.TracingUtil.executeInNewSpan(TracingUtil.java:159)
	at org.apache.hadoop.hdds.scm.XceiverClientRatis.sendRequestAsync(XceiverClientRatis.java:210)
	at org.apache.hadoop.hdds.scm.XceiverClientRatis.sendCommandAsync(XceiverClientRatis.java:306)
	at org.apache.hadoop.hdds.scm.storage.ContainerProtocolCalls.writeChunkAsync(ContainerProtocolCalls.java:300)
	at org.apache.hadoop.hdds.scm.storage.BlockOutputStream.writeChunkToContainer(BlockOutputStream.java:666)
	at org.apache.hadoop.hdds.scm.storage.BlockOutputStream.writeChunk(BlockOutputStream.java:506)
	at org.apache.hadoop.hdds.scm.storage.BlockOutputStream.writeOnRetry(BlockOutputStream.java:306)
	at org.apache.hadoop.ozone.client.io.BlockOutputStreamEntry.writeOnRetry(BlockOutputStreamEntry.java:123)
	at org.apache.hadoop.ozone.client.io.KeyOutputStream.writeToOutputStream(KeyOutputStream.java:253)
	at org.apache.hadoop.ozone.client.io.KeyOutputStream.handleWrite(KeyOutputStream.java:233)
	at org.apache.hadoop.ozone.client.io.KeyOutputStream.handleRetry(KeyOutputStream.java:415)
	at org.apache.hadoop.ozone.client.io.KeyOutputStream.handleException(KeyOutputStream.java:360)
	at org.apache.hadoop.ozone.client.io.KeyOutputStream.handleFlushOrClose(KeyOutputStream.java:471)
	at org.apache.hadoop.ozone.client.io.KeyOutputStream.handleWrite(KeyOutputStream.java:237)
	at org.apache.hadoop.ozone.client.io.KeyOutputStream.write(KeyOutputStream.java:213)
	at org.apache.hadoop.ozone.client.io.OzoneOutputStream.write(OzoneOutputStream.java:50)
	at java.io.OutputStream.write(OutputStream.java:75)
	at org.apache.hadoop.ozone.client.rpc.TestBlockOutputStreamWithFailuresFlushDelay.test2DatanodesFailure(TestBlockOutputStreamWithFailuresFlushDelay.java:416)
	at sun.reflect.NativeMethodAccessorImpl.invoke0(Native Method)
	at sun.reflect.NativeMethodAccessorImpl.invoke(NativeMethodAccessorImpl.java:62)
	at sun.reflect.DelegatingMethodAccessorImpl.invoke(DelegatingMethodAccessorImpl.java:43)
	at java.lang.reflect.Method.invoke(Method.java:498)
	at org.junit.runners.model.FrameworkMethod$1.runReflectiveCall(FrameworkMethod.java:59)
	at org.junit.internal.runners.model.ReflectiveCallable.run(ReflectiveCallable.java:12)
	at org.junit.runners.model.FrameworkMethod.invokeExplosively(FrameworkMethod.java:56)
	at org.junit.internal.runners.statements.InvokeMethod.evaluate(InvokeMethod.java:17)
	at org.junit.internal.runners.statements.RunBefores.evaluate(RunBefores.java:26)
	at org.junit.internal.runners.statements.RunAfters.evaluate(RunAfters.java:27)
	at org.junit.internal.runners.statements.FailOnTimeout$CallableStatement.call(FailOnTimeout.java:288)
	at org.junit.internal.runners.statements.FailOnTimeout$CallableStatement.call(FailOnTimeout.java:282)
	at java.util.concurrent.FutureTask.run(FutureTask.java:266)
	at java.lang.Thread.run(Thread.java:748)

Nov 14, 2021 1:04:26 AM org.apache.ratis.thirdparty.io.grpc.internal.ManagedChannelOrphanWrapper$ManagedChannelReference cleanQueue
SEVERE: *~*~*~ Channel ManagedChannelImpl{logId=586, target=10.1.0.47:38009} was not shutdown properly!!! ~*~*~*
    Make sure to call shutdown()/shutdownNow() and wait until awaitTermination() returns true.
java.lang.RuntimeException: ManagedChannel allocation site
	at org.apache.ratis.thirdparty.io.grpc.internal.ManagedChannelOrphanWrapper$ManagedChannelReference.<init>(ManagedChannelOrphanWrapper.java:93)
	at org.apache.ratis.thirdparty.io.grpc.internal.ManagedChannelOrphanWrapper.<init>(ManagedChannelOrphanWrapper.java:53)
	at org.apache.ratis.thirdparty.io.grpc.internal.ManagedChannelOrphanWrapper.<init>(ManagedChannelOrphanWrapper.java:44)
	at org.apache.ratis.thirdparty.io.grpc.internal.ManagedChannelImplBuilder.build(ManagedChannelImplBuilder.java:596)
	at org.apache.ratis.thirdparty.io.grpc.ForwardingChannelBuilder.build(ForwardingChannelBuilder.java:255)
	at org.apache.ratis.grpc.client.GrpcClientProtocolClient.buildChannel(GrpcClientProtocolClient.java:159)
	at org.apache.ratis.grpc.client.GrpcClientProtocolClient.<init>(GrpcClientProtocolClient.java:111)
	at org.apache.ratis.grpc.client.GrpcClientRpc.lambda$new$0(GrpcClientRpc.java:57)
	at org.apache.ratis.util.PeerProxyMap$PeerAndProxy.lambda$getProxy$0(PeerProxyMap.java:63)
	at org.apache.ratis.util.LifeCycle.startAndTransition(LifeCycle.java:270)
	at org.apache.ratis.util.PeerProxyMap$PeerAndProxy.getProxy(PeerProxyMap.java:62)
	at org.apache.ratis.util.PeerProxyMap.getProxy(PeerProxyMap.java:114)
	at org.apache.ratis.grpc.client.GrpcClientRpc.sendRequestAsync(GrpcClientRpc.java:67)
	at org.apache.ratis.client.impl.OrderedAsync.sendRequest(OrderedAsync.java:236)
	at org.apache.ratis.client.impl.OrderedAsync.sendRequestWithRetry(OrderedAsync.java:189)
	at org.apache.ratis.util.SlidingWindow$Client.sendOrDelayRequest(SlidingWindow.java:280)
	at org.apache.ratis.util.SlidingWindow$Client.retry(SlidingWindow.java:296)
	at org.apache.ratis.client.impl.OrderedAsync.lambda$scheduleWithTimeout$7(OrderedAsync.java:223)
	at org.apache.ratis.util.TimeoutScheduler.lambda$onTimeout$0(TimeoutScheduler.java:141)
	at org.apache.ratis.util.TimeoutScheduler.lambda$onTimeout$1(TimeoutScheduler.java:155)
	at org.apache.ratis.util.LogUtils.runAndLog(LogUtils.java:38)
	at org.apache.ratis.util.LogUtils$1.run(LogUtils.java:79)
	at java.util.concurrent.Executors$RunnableAdapter.call(Executors.java:511)
	at java.util.concurrent.FutureTask.run(FutureTask.java:266)
	at java.util.concurrent.ScheduledThreadPoolExecutor$ScheduledFutureTask.access$201(ScheduledThreadPoolExecutor.java:180)
	at java.util.concurrent.ScheduledThreadPoolExecutor$ScheduledFutureTask.run(ScheduledThreadPoolExecutor.java:293)
	at java.util.concurrent.ThreadPoolExecutor.runWorker(ThreadPoolExecutor.java:1149)
	at java.util.concurrent.ThreadPoolExecutor$Worker.run(ThreadPoolExecutor.java:624)
	at java.lang.Thread.run(Thread.java:748)

Nov 14, 2021 1:04:26 AM org.apache.ratis.thirdparty.io.grpc.internal.ManagedChannelOrphanWrapper$ManagedChannelReference cleanQueue
SEVERE: *~*~*~ Channel ManagedChannelImpl{logId=612, target=10.1.0.47:38195} was not shutdown properly!!! ~*~*~*
    Make sure to call shutdown()/shutdownNow() and wait until awaitTermination() returns true.
java.lang.RuntimeException: ManagedChannel allocation site
	at org.apache.ratis.thirdparty.io.grpc.internal.ManagedChannelOrphanWrapper$ManagedChannelReference.<init>(ManagedChannelOrphanWrapper.java:93)
	at org.apache.ratis.thirdparty.io.grpc.internal.ManagedChannelOrphanWrapper.<init>(ManagedChannelOrphanWrapper.java:53)
	at org.apache.ratis.thirdparty.io.grpc.internal.ManagedChannelOrphanWrapper.<init>(ManagedChannelOrphanWrapper.java:44)
	at org.apache.ratis.thirdparty.io.grpc.internal.ManagedChannelImplBuilder.build(ManagedChannelImplBuilder.java:596)
	at org.apache.ratis.thirdparty.io.grpc.ForwardingChannelBuilder.build(ForwardingChannelBuilder.java:255)
	at org.apache.hadoop.hdds.scm.XceiverClientGrpc.connectToDatanode(XceiverClientGrpc.java:193)
	at org.apache.hadoop.hdds.scm.XceiverClientGrpc.connect(XceiverClientGrpc.java:142)
	at org.apache.hadoop.hdds.scm.XceiverClientManager$2.call(XceiverClientManager.java:237)
	at org.apache.hadoop.hdds.scm.XceiverClientManager$2.call(XceiverClientManager.java:221)
	at com.google.common.cache.LocalCache$LocalManualCache$1.load(LocalCache.java:4864)
	at com.google.common.cache.LocalCache$LoadingValueReference.loadFuture(LocalCache.java:3529)
	at com.google.common.cache.LocalCache$Segment.loadSync(LocalCache.java:2278)
	at com.google.common.cache.LocalCache$Segment.lockedGetOrLoad(LocalCache.java:2155)
	at com.google.common.cache.LocalCache$Segment.get(LocalCache.java:2045)
	at com.google.common.cache.LocalCache.get(LocalCache.java:3962)
	at com.google.common.cache.LocalCache$LocalManualCache.get(LocalCache.java:4859)
	at org.apache.hadoop.hdds.scm.XceiverClientManager.getClient(XceiverClientManager.java:221)
	at org.apache.hadoop.hdds.scm.XceiverClientManager.acquireClient(XceiverClientManager.java:165)
	at org.apache.hadoop.hdds.scm.XceiverClientManager.acquireClientForReadData(XceiverClientManager.java:154)
	at org.apache.hadoop.hdds.scm.storage.BlockInputStream.acquireClient(BlockInputStream.java:255)
	at org.apache.hadoop.hdds.scm.storage.BlockInputStream.getChunkInfos(BlockInputStream.java:229)
	at org.apache.hadoop.hdds.scm.storage.BlockInputStream.initialize(BlockInputStream.java:153)
	at org.apache.hadoop.hdds.scm.storage.BlockInputStream.readWithStrategy(BlockInputStream.java:314)
	at org.apache.hadoop.hdds.scm.storage.BlockInputStream.read(BlockInputStream.java:297)
	at org.apache.hadoop.hdds.scm.storage.ByteArrayReader.readFromBlock(ByteArrayReader.java:57)
	at org.apache.hadoop.ozone.client.io.KeyInputStream.readWithStrategy(KeyInputStream.java:262)
	at org.apache.hadoop.ozone.client.io.KeyInputStream.read(KeyInputStream.java:230)
	at org.apache.hadoop.ozone.client.io.OzoneInputStream.read(OzoneInputStream.java:55)
	at java.io.InputStream.read(InputStream.java:101)
	at org.apache.hadoop.ozone.container.TestHelper.validateData(TestHelper.java:146)
	at org.apache.hadoop.ozone.client.rpc.TestBlockOutputStreamWithFailuresFlushDelay.validateData(TestBlockOutputStreamWithFailuresFlushDelay.java:876)
	at org.apache.hadoop.ozone.client.rpc.TestBlockOutputStreamWithFailuresFlushDelay.testDatanodeFailureWithPreAllocation(TestBlockOutputStreamWithFailuresFlushDelay.java:859)
	at sun.reflect.NativeMethodAccessorImpl.invoke0(Native Method)
	at sun.reflect.NativeMethodAccessorImpl.invoke(NativeMethodAccessorImpl.java:62)
	at sun.reflect.DelegatingMethodAccessorImpl.invoke(DelegatingMethodAccessorImpl.java:43)
	at java.lang.reflect.Method.invoke(Method.java:498)
	at org.junit.runners.model.FrameworkMethod$1.runReflectiveCall(FrameworkMethod.java:59)
	at org.junit.internal.runners.model.ReflectiveCallable.run(ReflectiveCallable.java:12)
	at org.junit.runners.model.FrameworkMethod.invokeExplosively(FrameworkMethod.java:56)
	at org.junit.internal.runners.statements.InvokeMethod.evaluate(InvokeMethod.java:17)
	at org.junit.internal.runners.statements.RunBefores.evaluate(RunBefores.java:26)
	at org.junit.internal.runners.statements.RunAfters.evaluate(RunAfters.java:27)
	at org.junit.internal.runners.statements.FailOnTimeout$CallableStatement.call(FailOnTimeout.java:288)
	at org.junit.internal.runners.statements.FailOnTimeout$CallableStatement.call(FailOnTimeout.java:282)
	at java.util.concurrent.FutureTask.run(FutureTask.java:266)
	at java.lang.Thread.run(Thread.java:748)

Nov 14, 2021 1:04:26 AM org.apache.ratis.thirdparty.io.grpc.internal.ManagedChannelOrphanWrapper$ManagedChannelReference cleanQueue
SEVERE: *~*~*~ Channel ManagedChannelImpl{logId=271, target=10.1.0.47:43729} was not shutdown properly!!! ~*~*~*
    Make sure to call shutdown()/shutdownNow() and wait until awaitTermination() returns true.
java.lang.RuntimeException: ManagedChannel allocation site
	at org.apache.ratis.thirdparty.io.grpc.internal.ManagedChannelOrphanWrapper$ManagedChannelReference.<init>(ManagedChannelOrphanWrapper.java:93)
	at org.apache.ratis.thirdparty.io.grpc.internal.ManagedChannelOrphanWrapper.<init>(ManagedChannelOrphanWrapper.java:53)
	at org.apache.ratis.thirdparty.io.grpc.internal.ManagedChannelOrphanWrapper.<init>(ManagedChannelOrphanWrapper.java:44)
	at org.apache.ratis.thirdparty.io.grpc.internal.ManagedChannelImplBuilder.build(ManagedChannelImplBuilder.java:596)
	at org.apache.ratis.thirdparty.io.grpc.ForwardingChannelBuilder.build(ForwardingChannelBuilder.java:255)
	at org.apache.hadoop.hdds.scm.XceiverClientGrpc.connectToDatanode(XceiverClientGrpc.java:193)
	at org.apache.hadoop.hdds.scm.XceiverClientGrpc.reconnect(XceiverClientGrpc.java:551)
	at org.apache.hadoop.hdds.scm.XceiverClientGrpc.checkOpen(XceiverClientGrpc.java:542)
	at org.apache.hadoop.hdds.scm.XceiverClientGrpc.sendCommandAsync(XceiverClientGrpc.java:470)
	at org.apache.hadoop.hdds.scm.XceiverClientGrpc.sendCommandWithRetry(XceiverClientGrpc.java:377)
	at org.apache.hadoop.hdds.scm.XceiverClientGrpc.lambda$sendCommandWithTraceIDAndRetry$0(XceiverClientGrpc.java:317)
	at org.apache.hadoop.hdds.tracing.TracingUtil.executeInSpan(TracingUtil.java:174)
	at org.apache.hadoop.hdds.tracing.TracingUtil.executeInNewSpan(TracingUtil.java:148)
	at org.apache.hadoop.hdds.scm.XceiverClientGrpc.sendCommandWithTraceIDAndRetry(XceiverClientGrpc.java:311)
	at org.apache.hadoop.hdds.scm.XceiverClientGrpc.sendCommand(XceiverClientGrpc.java:292)
	at org.apache.hadoop.hdds.scm.storage.ContainerProtocolCalls.getBlock(ContainerProtocolCalls.java:105)
	at org.apache.hadoop.hdds.scm.storage.BlockInputStream.getChunkInfos(BlockInputStream.java:241)
	at org.apache.hadoop.hdds.scm.storage.BlockInputStream.initialize(BlockInputStream.java:153)
	at org.apache.hadoop.hdds.scm.storage.BlockInputStream.readWithStrategy(BlockInputStream.java:314)
	at org.apache.hadoop.hdds.scm.storage.BlockInputStream.read(BlockInputStream.java:297)
	at org.apache.hadoop.hdds.scm.storage.ByteArrayReader.readFromBlock(ByteArrayReader.java:57)
	at org.apache.hadoop.ozone.client.io.KeyInputStream.readWithStrategy(KeyInputStream.java:262)
	at org.apache.hadoop.ozone.client.io.KeyInputStream.read(KeyInputStream.java:230)
	at org.apache.hadoop.ozone.client.io.OzoneInputStream.read(OzoneInputStream.java:55)
	at java.io.InputStream.read(InputStream.java:101)
	at org.apache.hadoop.ozone.container.TestHelper.validateData(TestHelper.java:146)
	at org.apache.hadoop.ozone.client.rpc.TestBlockOutputStreamWithFailuresFlushDelay.validateData(TestBlockOutputStreamWithFailuresFlushDelay.java:876)
	at org.apache.hadoop.ozone.client.rpc.TestBlockOutputStreamWithFailuresFlushDelay.test2DatanodesFailure(TestBlockOutputStreamWithFailuresFlushDelay.java:450)
	at sun.reflect.NativeMethodAccessorImpl.invoke0(Native Method)
	at sun.reflect.NativeMethodAccessorImpl.invoke(NativeMethodAccessorImpl.java:62)
	at sun.reflect.DelegatingMethodAccessorImpl.invoke(DelegatingMethodAccessorImpl.java:43)
	at java.lang.reflect.Method.invoke(Method.java:498)
	at org.junit.runners.model.FrameworkMethod$1.runReflectiveCall(FrameworkMethod.java:59)
	at org.junit.internal.runners.model.ReflectiveCallable.run(ReflectiveCallable.java:12)
	at org.junit.runners.model.FrameworkMethod.invokeExplosively(FrameworkMethod.java:56)
	at org.junit.internal.runners.statements.InvokeMethod.evaluate(InvokeMethod.java:17)
	at org.junit.internal.runners.statements.RunBefores.evaluate(RunBefores.java:26)
	at org.junit.internal.runners.statements.RunAfters.evaluate(RunAfters.java:27)
	at org.junit.internal.runners.statements.FailOnTimeout$CallableStatement.call(FailOnTimeout.java:288)
	at org.junit.internal.runners.statements.FailOnTimeout$CallableStatement.call(FailOnTimeout.java:282)
	at java.util.concurrent.FutureTask.run(FutureTask.java:266)
	at java.lang.Thread.run(Thread.java:748)

]]></system-err>
  </testcase>
  <testcase name="testWatchForCommitDatanodeFailure" classname="org.apache.hadoop.ozone.client.rpc.TestBlockOutputStreamWithFailuresFlushDelay" time="85.257"/>
  <testcase name="testContainerClose" classname="org.apache.hadoop.ozone.client.rpc.TestBlockOutputStreamWithFailuresFlushDelay" time="89.938"/>
</testsuite>