<?xml version="1.0" encoding="UTF-8"?>
<testsuite xmlns:xsi="http://www.w3.org/2001/XMLSchema-instance" xsi:noNamespaceSchemaLocation="https://maven.apache.org/surefire/maven-surefire-plugin/xsd/surefire-test-report-3.0.xsd" version="3.0" name="org.apache.hadoop.ozone.client.rpc.TestContainerStateMachineFailures" time="175.52" tests="7" errors="0" skipped="0" failures="1">
  <properties>
    <property name="awt.toolkit" value="sun.awt.X11.XToolkit"/>
    <property name="file.encoding.pkg" value="sun.io"/>
    <property name="java.specification.version" value="1.8"/>
    <property name="sun.cpu.isalist" value=""/>
    <property name="sun.jnu.encoding" value="UTF-8"/>
    <property name="java.class.path" value="/home/runner/work/ozone/ozone/hadoop-ozone/integration-test/target/test-classes:/home/runner/work/ozone/ozone/hadoop-ozone/integration-test/target/classes:/home/runner/.m2/repository/org/apache/ozone/ozone-common/1.3.0-SNAPSHOT/ozone-common-1.3.0-SNAPSHOT.jar:/home/runner/.m2/repository/org/apache/commons/commons-compress/1.21/commons-compress-1.21.jar:/home/runner/.m2/repository/org/apache/ozone/hdds-common/1.3.0-SNAPSHOT/hdds-common-1.3.0-SNAPSHOT.jar:/home/runner/.m2/repository/org/apache/ozone/hdds-client/1.3.0-SNAPSHOT/hdds-client-1.3.0-SNAPSHOT.jar:/home/runner/.m2/repository/org/apache/ozone/ozone-interface-client/1.3.0-SNAPSHOT/ozone-interface-client-1.3.0-SNAPSHOT.jar:/home/runner/.m2/repository/org/apache/ozone/hdds-test-utils/1.3.0-SNAPSHOT/hdds-test-utils-1.3.0-SNAPSHOT.jar:/home/runner/.m2/repository/com/google/guava/guava/30.1.1-jre/guava-30.1.1-jre.jar:/home/runner/.m2/repository/com/google/guava/failureaccess/1.0.1/failureaccess-1.0.1.jar:/home/runner/.m2/repository/com/google/guava/listenablefuture/9999.0-empty-to-avoid-conflict-with-guava/listenablefuture-9999.0-empty-to-avoid-conflict-with-guava.jar:/home/runner/.m2/repository/com/google/code/findbugs/jsr305/3.0.0/jsr305-3.0.0.jar:/home/runner/.m2/repository/org/checkerframework/checker-qual/3.8.0/checker-qual-3.8.0.jar:/home/runner/.m2/repository/com/google/errorprone/error_prone_annotations/2.2.0/error_prone_annotations-2.2.0.jar:/home/runner/.m2/repository/com/google/j2objc/j2objc-annotations/1.3/j2objc-annotations-1.3.jar:/home/runner/.m2/repository/commons-io/commons-io/2.11.0/commons-io-2.11.0.jar:/home/runner/.m2/repository/commons-logging/commons-logging/1.2/commons-logging-1.2.jar:/home/runner/.m2/repository/log4j/log4j/1.2.17/log4j-1.2.17.jar:/home/runner/.m2/repository/org/slf4j/slf4j-api/1.7.30/slf4j-api-1.7.30.jar:/home/runner/.m2/repository/org/apache/ozone/hdds-server-scm/1.3.0-SNAPSHOT/hdds-server-scm-1.3.0-SNAPSHOT.jar:/home/runner/.m2/repository/org/apache/ozone/hdds-container-service/1.3.0-SNAPSHOT/hdds-container-service-1.3.0-SNAPSHOT.jar:/home/runner/.m2/repository/org/apache/ozone/hdds-hadoop-dependency-server/1.3.0-SNAPSHOT/hdds-hadoop-dependency-server-1.3.0-SNAPSHOT.jar:/home/runner/.m2/repository/org/apache/hadoop/hadoop-hdfs/3.3.1/hadoop-hdfs-3.3.1.jar:/home/runner/.m2/repository/org/apache/ozone/hdds-server-framework/1.3.0-SNAPSHOT/hdds-server-framework-1.3.0-SNAPSHOT.jar:/home/runner/.m2/repository/org/apache/ozone/hdds-interface-server/1.3.0-SNAPSHOT/hdds-interface-server-1.3.0-SNAPSHOT.jar:/home/runner/.m2/repository/org/apache/logging/log4j/log4j-core/2.17.1/log4j-core-2.17.1.jar:/home/runner/.m2/repository/com/lmax/disruptor/3.4.2/disruptor-3.4.2.jar:/home/runner/.m2/repository/org/eclipse/jetty/jetty-servlet/9.4.43.v20210629/jetty-servlet-9.4.43.v20210629.jar:/home/runner/.m2/repository/org/eclipse/jetty/jetty-security/9.4.43.v20210629/jetty-security-9.4.43.v20210629.jar:/home/runner/.m2/repository/org/rocksdb/rocksdbjni/7.0.4/rocksdbjni-7.0.4.jar:/home/runner/.m2/repository/io/prometheus/simpleclient_dropwizard/0.7.0/simpleclient_dropwizard-0.7.0.jar:/home/runner/.m2/repository/io/prometheus/simpleclient/0.7.0/simpleclient-0.7.0.jar:/home/runner/.m2/repository/io/prometheus/simpleclient_common/0.7.0/simpleclient_common-0.7.0.jar:/home/runner/.m2/repository/io/dropwizard/metrics/metrics-core/3.2.4/metrics-core-3.2.4.jar:/home/runner/.m2/repository/org/apache/hadoop/hadoop-hdfs-client/3.3.1/hadoop-hdfs-client-3.3.1.jar:/home/runner/.m2/repository/org/bouncycastle/bcprov-jdk15on/1.67/bcprov-jdk15on-1.67.jar:/home/runner/.m2/repository/com/google/protobuf/protobuf-java/2.5.0/protobuf-java-2.5.0.jar:/home/runner/.m2/repository/org/apache/ozone/ozone-manager/1.3.0-SNAPSHOT/ozone-manager-1.3.0-SNAPSHOT.jar:/home/runner/.m2/repository/org/aspectj/aspectjrt/1.9.7/aspectjrt-1.9.7.jar:/home/runner/.m2/repository/org/aspectj/aspectjweaver/1.9.7/aspectjweaver-1.9.7.jar:/home/runner/.m2/repository/org/apache/ozone/hdds-interface-client/1.3.0-SNAPSHOT/hdds-interface-client-1.3.0-SNAPSHOT.jar:/home/runner/.m2/repository/org/apache/hadoop/thirdparty/hadoop-shaded-protobuf_3_7/1.1.1/hadoop-shaded-protobuf_3_7-1.1.1.jar:/home/runner/.m2/repository/org/apache/ozone/ozone-interface-storage/1.3.0-SNAPSHOT/ozone-interface-storage-1.3.0-SNAPSHOT.jar:/home/runner/.m2/repository/org/reflections/reflections/0.9.11/reflections-0.9.11.jar:/home/runner/.m2/repository/org/apache/hadoop/hadoop-minikdc/3.3.1/hadoop-minikdc-3.3.1.jar:/home/runner/.m2/repository/org/apache/kerby/kerb-simplekdc/1.0.1/kerb-simplekdc-1.0.1.jar:/home/runner/.m2/repository/org/apache/kerby/kerb-client/1.0.1/kerb-client-1.0.1.jar:/home/runner/.m2/repository/org/apache/kerby/kerby-config/1.0.1/kerby-config-1.0.1.jar:/home/runner/.m2/repository/org/apache/kerby/kerb-common/1.0.1/kerb-common-1.0.1.jar:/home/runner/.m2/repository/org/apache/kerby/kerb-crypto/1.0.1/kerb-crypto-1.0.1.jar:/home/runner/.m2/repository/org/apache/kerby/kerb-util/1.0.1/kerb-util-1.0.1.jar:/home/runner/.m2/repository/org/apache/kerby/token-provider/1.0.1/token-provider-1.0.1.jar:/home/runner/.m2/repository/org/apache/kerby/kerb-admin/1.0.1/kerb-admin-1.0.1.jar:/home/runner/.m2/repository/org/apache/kerby/kerb-server/1.0.1/kerb-server-1.0.1.jar:/home/runner/.m2/repository/org/apache/kerby/kerb-identity/1.0.1/kerb-identity-1.0.1.jar:/home/runner/.m2/repository/org/apache/kerby/kerby-xdr/1.0.1/kerby-xdr-1.0.1.jar:/home/runner/.m2/repository/org/slf4j/slf4j-log4j12/1.7.30/slf4j-log4j12-1.7.30.jar:/home/runner/.m2/repository/org/apache/ozone/ozone-s3gateway/1.3.0-SNAPSHOT/ozone-s3gateway-1.3.0-SNAPSHOT.jar:/home/runner/.m2/repository/org/javassist/javassist/3.21.0-GA/javassist-3.21.0-GA.jar:/home/runner/.m2/repository/org/jboss/weld/servlet/weld-servlet/2.4.7.Final/weld-servlet-2.4.7.Final.jar:/home/runner/.m2/repository/org/glassfish/jersey/containers/jersey-container-servlet-core/2.33/jersey-container-servlet-core-2.33.jar:/home/runner/.m2/repository/org/glassfish/hk2/external/jakarta.inject/2.6.1/jakarta.inject-2.6.1.jar:/home/runner/.m2/repository/org/glassfish/jersey/core/jersey-common/2.33/jersey-common-2.33.jar:/home/runner/.m2/repository/jakarta/ws/rs/jakarta.ws.rs-api/2.1.6/jakarta.ws.rs-api-2.1.6.jar:/home/runner/.m2/repository/org/glassfish/jersey/ext/cdi/jersey-cdi1x/2.33/jersey-cdi1x-2.33.jar:/home/runner/.m2/repository/org/glassfish/jersey/inject/jersey-hk2/2.33/jersey-hk2-2.33.jar:/home/runner/.m2/repository/org/glassfish/hk2/hk2-locator/2.6.1/hk2-locator-2.6.1.jar:/home/runner/.m2/repository/org/glassfish/jersey/media/jersey-media-jaxb/2.33/jersey-media-jaxb-2.33.jar:/home/runner/.m2/repository/org/glassfish/hk2/osgi-resource-locator/1.0.3/osgi-resource-locator-1.0.3.jar:/home/runner/.m2/repository/org/glassfish/hk2/hk2-api/2.5.0/hk2-api-2.5.0.jar:/home/runner/.m2/repository/org/glassfish/hk2/hk2-utils/2.5.0/hk2-utils-2.5.0.jar:/home/runner/.m2/repository/org/glassfish/hk2/external/aopalliance-repackaged/2.5.0/aopalliance-repackaged-2.5.0.jar:/home/runner/.m2/repository/com/fasterxml/jackson/dataformat/jackson-dataformat-xml/2.13.2/jackson-dataformat-xml-2.13.2.jar:/home/runner/.m2/repository/com/fasterxml/jackson/core/jackson-core/2.13.2/jackson-core-2.13.2.jar:/home/runner/.m2/repository/org/codehaus/woodstox/stax2-api/3.1.4/stax2-api-3.1.4.jar:/home/runner/.m2/repository/com/fasterxml/woodstox/woodstox-core/5.0.3/woodstox-core-5.0.3.jar:/home/runner/.m2/repository/com/fasterxml/jackson/module/jackson-module-jaxb-annotations/2.13.2/jackson-module-jaxb-annotations-2.13.2.jar:/home/runner/.m2/repository/jakarta/xml/bind/jakarta.xml.bind-api/2.3.3/jakarta.xml.bind-api-2.3.3.jar:/home/runner/.m2/repository/jakarta/activation/jakarta.activation-api/1.2.1/jakarta.activation-api-1.2.1.jar:/home/runner/.m2/repository/javax/enterprise/cdi-api/1.2/cdi-api-1.2.jar:/home/runner/.m2/repository/javax/el/javax.el-api/3.0.0/javax.el-api-3.0.0.jar:/home/runner/.m2/repository/javax/interceptor/javax.interceptor-api/1.2/javax.interceptor-api-1.2.jar:/home/runner/.m2/repository/javax/inject/javax.inject/1/javax.inject-1.jar:/home/runner/.m2/repository/javax/xml/bind/jaxb-api/2.3.0/jaxb-api-2.3.0.jar:/home/runner/.m2/repository/org/glassfish/jaxb/jaxb-runtime/2.3.0.1/jaxb-runtime-2.3.0.1.jar:/home/runner/.m2/repository/org/glassfish/jaxb/jaxb-core/2.3.0.1/jaxb-core-2.3.0.1.jar:/home/runner/.m2/repository/org/glassfish/jaxb/txw2/2.3.0.1/txw2-2.3.0.1.jar:/home/runner/.m2/repository/com/sun/istack/istack-commons-runtime/3.0.5/istack-commons-runtime-3.0.5.jar:/home/runner/.m2/repository/org/jvnet/staxex/stax-ex/1.7.8/stax-ex-1.7.8.jar:/home/runner/.m2/repository/com/sun/xml/fastinfoset/FastInfoset/1.2.13/FastInfoset-1.2.13.jar:/home/runner/.m2/repository/javax/activation/activation/1.1.1/activation-1.1.1.jar:/home/runner/.m2/repository/org/apache/ozone/ozone-csi/1.3.0-SNAPSHOT/ozone-csi-1.3.0-SNAPSHOT.jar:/home/runner/.m2/repository/com/google/protobuf/protobuf-java-util/3.12.0/protobuf-java-util-3.12.0.jar:/home/runner/.m2/repository/com/google/code/gson/gson/2.2.4/gson-2.2.4.jar:/home/runner/.m2/repository/org/apache/ozone/hdds-config/1.3.0-SNAPSHOT/hdds-config-1.3.0-SNAPSHOT.jar:/home/runner/.m2/repository/io/grpc/grpc-netty/1.33.0/grpc-netty-1.33.0.jar:/home/runner/.m2/repository/io/grpc/grpc-core/1.33.0/grpc-core-1.33.0.jar:/home/runner/.m2/repository/com/google/android/annotations/4.1.1.4/annotations-4.1.1.4.jar:/home/runner/.m2/repository/io/netty/netty-codec-http2/4.1.63.Final/netty-codec-http2-4.1.63.Final.jar:/home/runner/.m2/repository/io/netty/netty-codec-http/4.1.63.Final/netty-codec-http-4.1.63.Final.jar:/home/runner/.m2/repository/io/netty/netty-handler-proxy/4.1.63.Final/netty-handler-proxy-4.1.63.Final.jar:/home/runner/.m2/repository/io/netty/netty-codec-socks/4.1.63.Final/netty-codec-socks-4.1.63.Final.jar:/home/runner/.m2/repository/io/perfmark/perfmark-api/0.19.0/perfmark-api-0.19.0.jar:/home/runner/.m2/repository/org/codehaus/mojo/animal-sniffer-annotations/1.18/animal-sniffer-annotations-1.18.jar:/home/runner/.m2/repository/io/netty/netty-transport-native-epoll/4.1.63.Final/netty-transport-native-epoll-4.1.63.Final.jar:/home/runner/.m2/repository/io/netty/netty-common/4.1.63.Final/netty-common-4.1.63.Final.jar:/home/runner/.m2/repository/io/netty/netty-buffer/4.1.63.Final/netty-buffer-4.1.63.Final.jar:/home/runner/.m2/repository/io/netty/netty-transport-native-unix-common/4.1.63.Final/netty-transport-native-unix-common-4.1.63.Final.jar:/home/runner/.m2/repository/io/grpc/grpc-protobuf/1.33.0/grpc-protobuf-1.33.0.jar:/home/runner/.m2/repository/io/grpc/grpc-api/1.33.0/grpc-api-1.33.0.jar:/home/runner/.m2/repository/io/grpc/grpc-context/1.33.0/grpc-context-1.33.0.jar:/home/runner/.m2/repository/com/google/api/grpc/proto-google-common-protos/1.17.0/proto-google-common-protos-1.17.0.jar:/home/runner/.m2/repository/io/grpc/grpc-protobuf-lite/1.33.0/grpc-protobuf-lite-1.33.0.jar:/home/runner/.m2/repository/io/grpc/grpc-stub/1.33.0/grpc-stub-1.33.0.jar:/home/runner/.m2/repository/org/apache/ozone/ozone-recon/1.3.0-SNAPSHOT/ozone-recon-1.3.0-SNAPSHOT.jar:/home/runner/.m2/repository/org/apache/ozone/ozone-reconcodegen/1.3.0-SNAPSHOT/ozone-reconcodegen-1.3.0-SNAPSHOT.jar:/home/runner/.m2/repository/com/google/inject/extensions/guice-multibindings/4.0/guice-multibindings-4.0.jar:/home/runner/.m2/repository/com/google/inject/guice/4.0/guice-4.0.jar:/home/runner/.m2/repository/aopalliance/aopalliance/1.0/aopalliance-1.0.jar:/home/runner/.m2/repository/com/google/inject/extensions/guice-assistedinject/4.0/guice-assistedinject-4.0.jar:/home/runner/.m2/repository/com/google/inject/extensions/guice-servlet/4.0/guice-servlet-4.0.jar:/home/runner/.m2/repository/org/glassfish/jersey/containers/jersey-container-servlet/2.33/jersey-container-servlet-2.33.jar:/home/runner/.m2/repository/org/glassfish/hk2/guice-bridge/2.5.0/guice-bridge-2.5.0.jar:/home/runner/.m2/repository/org/glassfish/jersey/core/jersey-server/2.33/jersey-server-2.33.jar:/home/runner/.m2/repository/org/glassfish/jersey/core/jersey-client/2.33/jersey-client-2.33.jar:/home/runner/.m2/repository/jakarta/annotation/jakarta.annotation-api/1.3.5/jakarta.annotation-api-1.3.5.jar:/home/runner/.m2/repository/jakarta/validation/jakarta.validation-api/2.0.2/jakarta.validation-api-2.0.2.jar:/home/runner/.m2/repository/org/glassfish/jersey/media/jersey-media-json-jackson/2.33/jersey-media-json-jackson-2.33.jar:/home/runner/.m2/repository/org/glassfish/jersey/ext/jersey-entity-filtering/2.33/jersey-entity-filtering-2.33.jar:/home/runner/.m2/repository/org/jooq/jooq/3.11.10/jooq-3.11.10.jar:/home/runner/.m2/repository/org/jooq/jooq-meta/3.11.10/jooq-meta-3.11.10.jar:/home/runner/.m2/repository/org/jooq/jooq-codegen/3.11.10/jooq-codegen-3.11.10.jar:/home/runner/.m2/repository/com/jolbox/bonecp/0.8.0.RELEASE/bonecp-0.8.0.RELEASE.jar:/home/runner/.m2/repository/org/apache/derby/derby/10.14.2.0/derby-10.14.2.0.jar:/home/runner/.m2/repository/org/xerial/sqlite-jdbc/3.25.2/sqlite-jdbc-3.25.2.jar:/home/runner/.m2/repository/org/springframework/spring-jdbc/5.2.20.RELEASE/spring-jdbc-5.2.20.RELEASE.jar:/home/runner/.m2/repository/org/springframework/spring-beans/5.2.20.RELEASE/spring-beans-5.2.20.RELEASE.jar:/home/runner/.m2/repository/org/springframework/spring-core/5.2.20.RELEASE/spring-core-5.2.20.RELEASE.jar:/home/runner/.m2/repository/org/springframework/spring-jcl/5.2.20.RELEASE/spring-jcl-5.2.20.RELEASE.jar:/home/runner/.m2/repository/org/springframework/spring-tx/5.2.20.RELEASE/spring-tx-5.2.20.RELEASE.jar:/home/runner/.m2/repository/org/apache/ozone/ozone-client/1.3.0-SNAPSHOT/ozone-client-1.3.0-SNAPSHOT.jar:/home/runner/.m2/repository/org/apache/ozone/hdds-erasurecode/1.3.0-SNAPSHOT/hdds-erasurecode-1.3.0-SNAPSHOT.jar:/home/runner/.m2/repository/com/github/spotbugs/spotbugs-annotations/3.1.12/spotbugs-annotations-3.1.12.jar:/home/runner/.m2/repository/org/apache/ozone/ozone-filesystem/1.3.0-SNAPSHOT/ozone-filesystem-1.3.0-SNAPSHOT.jar:/home/runner/.m2/repository/org/apache/ozone/ozone-filesystem-common/1.3.0-SNAPSHOT/ozone-filesystem-common-1.3.0-SNAPSHOT.jar:/home/runner/.m2/repository/org/apache/ozone/ozone-tools/1.3.0-SNAPSHOT/ozone-tools-1.3.0-SNAPSHOT.jar:/home/runner/.m2/repository/org/apache/ratis/ratis-tools/2.2.0/ratis-tools-2.2.0.jar:/home/runner/.m2/repository/com/amazonaws/aws-java-sdk-core/1.12.124/aws-java-sdk-core-1.12.124.jar:/home/runner/.m2/repository/org/apache/httpcomponents/httpclient/4.5.13/httpclient-4.5.13.jar:/home/runner/.m2/repository/org/apache/httpcomponents/httpcore/4.4.13/httpcore-4.4.13.jar:/home/runner/.m2/repository/software/amazon/ion/ion-java/1.0.2/ion-java-1.0.2.jar:/home/runner/.m2/repository/com/fasterxml/jackson/dataformat/jackson-dataformat-cbor/2.13.2/jackson-dataformat-cbor-2.13.2.jar:/home/runner/.m2/repository/joda-time/joda-time/2.8.1/joda-time-2.8.1.jar:/home/runner/.m2/repository/com/amazonaws/aws-java-sdk-s3/1.12.124/aws-java-sdk-s3-1.12.124.jar:/home/runner/.m2/repository/com/amazonaws/aws-java-sdk-kms/1.12.124/aws-java-sdk-kms-1.12.124.jar:/home/runner/.m2/repository/com/amazonaws/jmespath-java/1.12.124/jmespath-java-1.12.124.jar:/home/runner/.m2/repository/org/kohsuke/metainf-services/metainf-services/1.8/metainf-services-1.8.jar:/home/runner/.m2/repository/org/apache/ozone/hdds-tools/1.3.0-SNAPSHOT/hdds-tools-1.3.0-SNAPSHOT.jar:/home/runner/.m2/repository/commons-cli/commons-cli/1.2/commons-cli-1.2.jar:/home/runner/.m2/repository/org/apache/commons/commons-lang3/3.7/commons-lang3-3.7.jar:/home/runner/.m2/repository/org/apache/ozone/ozone-manager/1.3.0-SNAPSHOT/ozone-manager-1.3.0-SNAPSHOT-tests.jar:/home/runner/.m2/repository/org/apache/ozone/hdds-common/1.3.0-SNAPSHOT/hdds-common-1.3.0-SNAPSHOT-tests.jar:/home/runner/.m2/repository/org/apache/ozone/hdds-hadoop-dependency-client/1.3.0-SNAPSHOT/hdds-hadoop-dependency-client-1.3.0-SNAPSHOT.jar:/home/runner/.m2/repository/info/picocli/picocli/4.6.1/picocli-4.6.1.jar:/home/runner/.m2/repository/com/fasterxml/jackson/core/jackson-annotations/2.13.2/jackson-annotations-2.13.2.jar:/home/runner/.m2/repository/com/fasterxml/jackson/datatype/jackson-datatype-jsr310/2.13.2/jackson-datatype-jsr310-2.13.2.jar:/home/runner/.m2/repository/javax/annotation/javax.annotation-api/1.2/javax.annotation-api-1.2.jar:/home/runner/.m2/repository/org/apache/ratis/ratis-server/2.2.0/ratis-server-2.2.0.jar:/home/runner/.m2/repository/org/apache/ratis/ratis-client/2.2.0/ratis-client-2.2.0.jar:/home/runner/.m2/repository/org/apache/ratis/ratis-server-api/2.2.0/ratis-server-api-2.2.0.jar:/home/runner/.m2/repository/org/apache/ratis/ratis-metrics/2.2.0/ratis-metrics-2.2.0.jar:/home/runner/.m2/repository/org/apache/ratis/ratis-netty/2.2.0/ratis-netty-2.2.0.jar:/home/runner/.m2/repository/org/apache/ratis/ratis-grpc/2.2.0/ratis-grpc-2.2.0.jar:/home/runner/.m2/repository/org/apache/logging/log4j/log4j-api/2.17.1/log4j-api-2.17.1.jar:/home/runner/.m2/repository/org/apache/commons/commons-pool2/2.6.0/commons-pool2-2.6.0.jar:/home/runner/.m2/repository/org/bouncycastle/bcpkix-jdk15on/1.67/bcpkix-jdk15on-1.67.jar:/home/runner/.m2/repository/commons-validator/commons-validator/1.6/commons-validator-1.6.jar:/home/runner/.m2/repository/commons-beanutils/commons-beanutils/1.9.4/commons-beanutils-1.9.4.jar:/home/runner/.m2/repository/commons-digester/commons-digester/1.8.1/commons-digester-1.8.1.jar:/home/runner/.m2/repository/commons-collections/commons-collections/3.2.2/commons-collections-3.2.2.jar:/home/runner/.m2/repository/io/jaegertracing/jaeger-client/1.6.0/jaeger-client-1.6.0.jar:/home/runner/.m2/repository/io/jaegertracing/jaeger-thrift/1.6.0/jaeger-thrift-1.6.0.jar:/home/runner/.m2/repository/org/apache/thrift/libthrift/0.14.1/libthrift-0.14.1.jar:/home/runner/.m2/repository/com/squareup/okhttp3/okhttp/4.9.0/okhttp-4.9.0.jar:/home/runner/.m2/repository/com/squareup/okio/okio/2.8.0/okio-2.8.0.jar:/home/runner/.m2/repository/io/jaegertracing/jaeger-core/1.6.0/jaeger-core-1.6.0.jar:/home/runner/.m2/repository/io/jaegertracing/jaeger-tracerresolver/1.6.0/jaeger-tracerresolver-1.6.0.jar:/home/runner/.m2/repository/io/opentracing/contrib/opentracing-tracerresolver/0.1.8/opentracing-tracerresolver-0.1.8.jar:/home/runner/.m2/repository/org/jetbrains/kotlin/kotlin-stdlib/1.4.31/kotlin-stdlib-1.4.31.jar:/home/runner/.m2/repository/org/jetbrains/kotlin/kotlin-stdlib-common/1.4.31/kotlin-stdlib-common-1.4.31.jar:/home/runner/.m2/repository/org/jetbrains/annotations/13.0/annotations-13.0.jar:/home/runner/.m2/repository/io/opentracing/opentracing-util/0.33.0/opentracing-util-0.33.0.jar:/home/runner/.m2/repository/io/opentracing/opentracing-api/0.33.0/opentracing-api-0.33.0.jar:/home/runner/.m2/repository/io/opentracing/opentracing-noop/0.33.0/opentracing-noop-0.33.0.jar:/home/runner/.m2/repository/org/yaml/snakeyaml/1.26/snakeyaml-1.26.jar:/home/runner/.m2/repository/org/apache/ozone/hdds-interface-admin/1.3.0-SNAPSHOT/hdds-interface-admin-1.3.0-SNAPSHOT.jar:/home/runner/.m2/repository/junit/junit/4.13.1/junit-4.13.1.jar:/home/runner/.m2/repository/org/hamcrest/hamcrest-core/1.3/hamcrest-core-1.3.jar:/home/runner/.m2/repository/org/junit/jupiter/junit-jupiter-api/5.7.0/junit-jupiter-api-5.7.0.jar:/home/runner/.m2/repository/org/apiguardian/apiguardian-api/1.1.0/apiguardian-api-1.1.0.jar:/home/runner/.m2/repository/org/opentest4j/opentest4j/1.2.0/opentest4j-1.2.0.jar:/home/runner/.m2/repository/org/junit/platform/junit-platform-commons/1.7.0/junit-platform-commons-1.7.0.jar:/home/runner/.m2/repository/org/junit/jupiter/junit-jupiter-params/5.7.0/junit-jupiter-params-5.7.0.jar:/home/runner/.m2/repository/org/junit/jupiter/junit-jupiter-migrationsupport/5.7.0/junit-jupiter-migrationsupport-5.7.0.jar:/home/runner/.m2/repository/org/junit/jupiter/junit-jupiter-engine/5.7.0/junit-jupiter-engine-5.7.0.jar:/home/runner/.m2/repository/org/junit/platform/junit-platform-engine/1.7.0/junit-platform-engine-1.7.0.jar:/home/runner/.m2/repository/org/junit/vintage/junit-vintage-engine/5.7.0/junit-vintage-engine-5.7.0.jar:/home/runner/.m2/repository/org/junit/platform/junit-platform-launcher/1.7.0/junit-platform-launcher-1.7.0.jar:/home/runner/.m2/repository/org/mockito/mockito-core/2.28.2/mockito-core-2.28.2.jar:/home/runner/.m2/repository/net/bytebuddy/byte-buddy/1.9.10/byte-buddy-1.9.10.jar:/home/runner/.m2/repository/net/bytebuddy/byte-buddy-agent/1.9.10/byte-buddy-agent-1.9.10.jar:/home/runner/.m2/repository/org/objenesis/objenesis/1.0/objenesis-1.0.jar:/home/runner/.m2/repository/org/apache/hadoop/hadoop-kms/3.3.1/hadoop-kms-3.3.1.jar:/home/runner/.m2/repository/org/apache/hadoop/hadoop-auth/3.3.1/hadoop-auth-3.3.1.jar:/home/runner/.m2/repository/com/nimbusds/nimbus-jose-jwt/7.9/nimbus-jose-jwt-7.9.jar:/home/runner/.m2/repository/com/github/stephenc/jcip/jcip-annotations/1.0-1/jcip-annotations-1.0-1.jar:/home/runner/.m2/repository/net/minidev/json-smart/2.4.7/json-smart-2.4.7.jar:/home/runner/.m2/repository/net/minidev/accessors-smart/2.4.7/accessors-smart-2.4.7.jar:/home/runner/.m2/repository/org/ow2/asm/asm/5.0.4/asm-5.0.4.jar:/home/runner/.m2/repository/org/apache/zookeeper/zookeeper/3.5.6/zookeeper-3.5.6.jar:/home/runner/.m2/repository/org/apache/zookeeper/zookeeper-jute/3.5.6/zookeeper-jute-3.5.6.jar:/home/runner/.m2/repository/org/apache/yetus/audience-annotations/0.5.0/audience-annotations-0.5.0.jar:/home/runner/.m2/repository/org/apache/curator/curator-framework/4.2.0/curator-framework-4.2.0.jar:/home/runner/.m2/repository/org/apache/hadoop/thirdparty/hadoop-shaded-guava/1.1.1/hadoop-shaded-guava-1.1.1.jar:/home/runner/.m2/repository/com/sun/jersey/jersey-core/1.19/jersey-core-1.19.jar:/home/runner/.m2/repository/javax/ws/rs/jsr311-api/1.1.1/jsr311-api-1.1.1.jar:/home/runner/.m2/repository/com/sun/jersey/jersey-server/1.19/jersey-server-1.19.jar:/home/runner/.m2/repository/javax/servlet/javax.servlet-api/3.1.0/javax.servlet-api-3.1.0.jar:/home/runner/.m2/repository/org/eclipse/jetty/jetty-server/9.4.43.v20210629/jetty-server-9.4.43.v20210629.jar:/home/runner/.m2/repository/org/eclipse/jetty/jetty-http/9.4.43.v20210629/jetty-http-9.4.43.v20210629.jar:/home/runner/.m2/repository/org/eclipse/jetty/jetty-io/9.4.43.v20210629/jetty-io-9.4.43.v20210629.jar:/home/runner/.m2/repository/org/eclipse/jetty/jetty-webapp/9.4.43.v20210629/jetty-webapp-9.4.43.v20210629.jar:/home/runner/.m2/repository/org/eclipse/jetty/jetty-xml/9.4.43.v20210629/jetty-xml-9.4.43.v20210629.jar:/home/runner/.m2/repository/org/apache/hadoop/hadoop-common/3.3.1/hadoop-common-3.3.1.jar:/home/runner/.m2/repository/org/apache/commons/commons-math3/3.1.1/commons-math3-3.1.1.jar:/home/runner/.m2/repository/commons-net/commons-net/3.6/commons-net-3.6.jar:/home/runner/.m2/repository/com/sun/jersey/jersey-servlet/1.19/jersey-servlet-1.19.jar:/home/runner/.m2/repository/com/sun/jersey/jersey-json/1.19/jersey-json-1.19.jar:/home/runner/.m2/repository/org/codehaus/jettison/jettison/1.1/jettison-1.1.jar:/home/runner/.m2/repository/com/sun/xml/bind/jaxb-impl/2.2.3-1/jaxb-impl-2.2.3-1.jar:/home/runner/.m2/repository/org/codehaus/jackson/jackson-jaxrs/1.9.2/jackson-jaxrs-1.9.2.jar:/home/runner/.m2/repository/org/codehaus/jackson/jackson-xc/1.9.2/jackson-xc-1.9.2.jar:/home/runner/.m2/repository/org/apache/commons/commons-configuration2/2.1.1/commons-configuration2-2.1.1.jar:/home/runner/.m2/repository/org/apache/commons/commons-text/1.4/commons-text-1.4.jar:/home/runner/.m2/repository/com/google/re2j/re2j/1.1/re2j-1.1.jar:/home/runner/.m2/repository/com/jcraft/jsch/0.1.54/jsch-0.1.54.jar:/home/runner/.m2/repository/org/apache/curator/curator-client/4.2.0/curator-client-4.2.0.jar:/home/runner/.m2/repository/org/apache/curator/curator-recipes/4.2.0/curator-recipes-4.2.0.jar:/home/runner/.m2/repository/org/apache/kerby/kerb-core/1.0.1/kerb-core-1.0.1.jar:/home/runner/.m2/repository/org/apache/kerby/kerby-pkix/1.0.1/kerby-pkix-1.0.1.jar:/home/runner/.m2/repository/org/apache/kerby/kerby-asn1/1.0.1/kerby-asn1-1.0.1.jar:/home/runner/.m2/repository/org/apache/kerby/kerby-util/1.0.1/kerby-util-1.0.1.jar:/home/runner/.m2/repository/dnsjava/dnsjava/2.1.7/dnsjava-2.1.7.jar:/home/runner/.m2/repository/org/xerial/snappy/snappy-java/1.1.8.2/snappy-java-1.1.8.2.jar:/home/runner/.m2/repository/org/slf4j/jul-to-slf4j/1.7.30/jul-to-slf4j-1.7.30.jar:/home/runner/.m2/repository/org/eclipse/jetty/jetty-util/9.4.43.v20210629/jetty-util-9.4.43.v20210629.jar:/home/runner/.m2/repository/com/fasterxml/jackson/core/jackson-databind/2.13.2.2/jackson-databind-2.13.2.2.jar:/home/runner/.m2/repository/org/apache/hadoop/hadoop-kms/3.3.1/hadoop-kms-3.3.1-tests.jar:/home/runner/.m2/repository/org/apache/ozone/hdds-server-scm/1.3.0-SNAPSHOT/hdds-server-scm-1.3.0-SNAPSHOT-tests.jar:/home/runner/.m2/repository/org/apache/ozone/hdds-container-service/1.3.0-SNAPSHOT/hdds-container-service-1.3.0-SNAPSHOT-tests.jar:/home/runner/.m2/repository/commons-codec/commons-codec/1.11/commons-codec-1.11.jar:/home/runner/.m2/repository/io/netty/netty-transport/4.1.63.Final/netty-transport-4.1.63.Final.jar:/home/runner/.m2/repository/io/netty/netty-resolver/4.1.63.Final/netty-resolver-4.1.63.Final.jar:/home/runner/.m2/repository/io/netty/netty-codec/4.1.63.Final/netty-codec-4.1.63.Final.jar:/home/runner/.m2/repository/io/netty/netty-handler/4.1.63.Final/netty-handler-4.1.63.Final.jar:/home/runner/.m2/repository/org/apache/ozone/hdds-hadoop-dependency-test/1.3.0-SNAPSHOT/hdds-hadoop-dependency-test-1.3.0-SNAPSHOT.jar:/home/runner/.m2/repository/org/apache/hadoop/hadoop-common/3.3.1/hadoop-common-3.3.1-tests.jar:/home/runner/.m2/repository/org/assertj/assertj-core/3.12.2/assertj-core-3.12.2.jar:/home/runner/.m2/repository/org/apache/hadoop/hadoop-hdfs/3.3.1/hadoop-hdfs-3.3.1-tests.jar:/home/runner/.m2/repository/org/eclipse/jetty/jetty-util-ajax/9.4.43.v20210629/jetty-util-ajax-9.4.43.v20210629.jar:/home/runner/.m2/repository/commons-daemon/commons-daemon/1.0.13/commons-daemon-1.0.13.jar:/home/runner/.m2/repository/io/netty/netty/3.10.6.Final/netty-3.10.6.Final.jar:/home/runner/.m2/repository/io/netty/netty-all/4.1.63.Final/netty-all-4.1.63.Final.jar:/home/runner/.m2/repository/org/apache/htrace/htrace-core4/4.1.0-incubating/htrace-core4-4.1.0-incubating.jar:/home/runner/.m2/repository/org/fusesource/leveldbjni/leveldbjni-all/1.8/leveldbjni-all-1.8.jar:/home/runner/.m2/repository/org/apache/hadoop/hadoop-distcp/3.3.1/hadoop-distcp-3.3.1.jar:/home/runner/.m2/repository/org/apache/hadoop/hadoop-mapreduce-client-jobclient/3.3.1/hadoop-mapreduce-client-jobclient-3.3.1.jar:/home/runner/.m2/repository/org/apache/hadoop/hadoop-mapreduce-client-common/3.3.1/hadoop-mapreduce-client-common-3.3.1.jar:/home/runner/.m2/repository/org/apache/hadoop/hadoop-yarn-common/3.3.1/hadoop-yarn-common-3.3.1.jar:/home/runner/.m2/repository/org/apache/hadoop/hadoop-yarn-api/3.3.1/hadoop-yarn-api-3.3.1.jar:/home/runner/.m2/repository/com/sun/jersey/jersey-client/1.19/jersey-client-1.19.jar:/home/runner/.m2/repository/com/sun/jersey/contribs/jersey-guice/1.19/jersey-guice-1.19.jar:/home/runner/.m2/repository/com/fasterxml/jackson/jaxrs/jackson-jaxrs-json-provider/2.13.2/jackson-jaxrs-json-provider-2.13.2.jar:/home/runner/.m2/repository/com/fasterxml/jackson/jaxrs/jackson-jaxrs-base/2.13.2/jackson-jaxrs-base-2.13.2.jar:/home/runner/.m2/repository/org/apache/hadoop/hadoop-yarn-client/3.3.1/hadoop-yarn-client-3.3.1.jar:/home/runner/.m2/repository/org/eclipse/jetty/websocket/websocket-client/9.4.40.v20210413/websocket-client-9.4.40.v20210413.jar:/home/runner/.m2/repository/org/eclipse/jetty/jetty-client/9.4.40.v20210413/jetty-client-9.4.40.v20210413.jar:/home/runner/.m2/repository/org/eclipse/jetty/websocket/websocket-common/9.4.40.v20210413/websocket-common-9.4.40.v20210413.jar:/home/runner/.m2/repository/org/eclipse/jetty/websocket/websocket-api/9.4.40.v20210413/websocket-api-9.4.40.v20210413.jar:/home/runner/.m2/repository/org/jline/jline/3.9.0/jline-3.9.0.jar:/home/runner/.m2/repository/org/apache/hadoop/hadoop-mapreduce-client-core/3.3.1/hadoop-mapreduce-client-core-3.3.1.jar:/home/runner/.m2/repository/org/apache/avro/avro/1.7.7/avro-1.7.7.jar:/home/runner/.m2/repository/org/codehaus/jackson/jackson-core-asl/1.9.13/jackson-core-asl-1.9.13.jar:/home/runner/.m2/repository/org/codehaus/jackson/jackson-mapper-asl/1.9.13/jackson-mapper-asl-1.9.13.jar:/home/runner/.m2/repository/com/thoughtworks/paranamer/paranamer/2.3/paranamer-2.3.jar:/home/runner/.m2/repository/org/apache/hadoop/hadoop-annotations/3.3.1/hadoop-annotations-3.3.1.jar:/usr/lib/jvm/temurin-8-jdk-amd64/jre/../lib/tools.jar:/home/runner/.m2/repository/org/apache/hadoop/hadoop-distcp/3.3.1/hadoop-distcp-3.3.1-tests.jar:/home/runner/.m2/repository/org/apache/ratis/ratis-common/2.2.0/ratis-common-2.2.0.jar:/home/runner/.m2/repository/org/apache/ratis/ratis-thirdparty-misc/0.7.0/ratis-thirdparty-misc-0.7.0.jar:/home/runner/.m2/repository/org/apache/ratis/ratis-proto/2.2.0/ratis-proto-2.2.0.jar:/home/runner/.m2/repository/org/apache/ozone/ozone-annotation-processing/1.3.0-SNAPSHOT/ozone-annotation-processing-1.3.0-SNAPSHOT.jar:"/>
    <property name="java.vm.vendor" value="Temurin"/>
    <property name="sun.arch.data.model" value="64"/>
    <property name="test.build.dir" value="/home/runner/work/ozone/ozone/hadoop-ozone/integration-test/target/test-dir"/>
    <property name="test.cache.data" value=""/>
    <property name="java.vendor.url" value="https://adoptium.net/"/>
    <property name="user.timezone" value="Etc/UTC"/>
    <property name="java.vm.specification.version" value="1.8"/>
    <property name="os.name" value="Linux"/>
    <property name="test.build.data" value="/home/runner/work/ozone/ozone/hadoop-ozone/integration-test/target/test-dir"/>
    <property name="sun.java.launcher" value="SUN_STANDARD"/>
    <property name="sun.boot.library.path" value="/usr/lib/jvm/temurin-8-jdk-amd64/jre/lib/amd64"/>
    <property name="sun.java.command" value="/home/runner/work/ozone/ozone/hadoop-ozone/integration-test/target/surefire/surefirebooter5823344259703610437.jar /home/runner/work/ozone/ozone/hadoop-ozone/integration-test/target/surefire 2022-04-27T10-51-39_980-jvmRun1 surefire1654624748499449336tmp surefire_06092310960176111316tmp"/>
    <property name="surefire.test.class.path" value="/home/runner/work/ozone/ozone/hadoop-ozone/integration-test/target/test-classes:/home/runner/work/ozone/ozone/hadoop-ozone/integration-test/target/classes:/home/runner/.m2/repository/org/apache/ozone/ozone-common/1.3.0-SNAPSHOT/ozone-common-1.3.0-SNAPSHOT.jar:/home/runner/.m2/repository/org/apache/commons/commons-compress/1.21/commons-compress-1.21.jar:/home/runner/.m2/repository/org/apache/ozone/hdds-common/1.3.0-SNAPSHOT/hdds-common-1.3.0-SNAPSHOT.jar:/home/runner/.m2/repository/org/apache/ozone/hdds-client/1.3.0-SNAPSHOT/hdds-client-1.3.0-SNAPSHOT.jar:/home/runner/.m2/repository/org/apache/ozone/ozone-interface-client/1.3.0-SNAPSHOT/ozone-interface-client-1.3.0-SNAPSHOT.jar:/home/runner/.m2/repository/org/apache/ozone/hdds-test-utils/1.3.0-SNAPSHOT/hdds-test-utils-1.3.0-SNAPSHOT.jar:/home/runner/.m2/repository/com/google/guava/guava/30.1.1-jre/guava-30.1.1-jre.jar:/home/runner/.m2/repository/com/google/guava/failureaccess/1.0.1/failureaccess-1.0.1.jar:/home/runner/.m2/repository/com/google/guava/listenablefuture/9999.0-empty-to-avoid-conflict-with-guava/listenablefuture-9999.0-empty-to-avoid-conflict-with-guava.jar:/home/runner/.m2/repository/com/google/code/findbugs/jsr305/3.0.0/jsr305-3.0.0.jar:/home/runner/.m2/repository/org/checkerframework/checker-qual/3.8.0/checker-qual-3.8.0.jar:/home/runner/.m2/repository/com/google/errorprone/error_prone_annotations/2.2.0/error_prone_annotations-2.2.0.jar:/home/runner/.m2/repository/com/google/j2objc/j2objc-annotations/1.3/j2objc-annotations-1.3.jar:/home/runner/.m2/repository/commons-io/commons-io/2.11.0/commons-io-2.11.0.jar:/home/runner/.m2/repository/commons-logging/commons-logging/1.2/commons-logging-1.2.jar:/home/runner/.m2/repository/log4j/log4j/1.2.17/log4j-1.2.17.jar:/home/runner/.m2/repository/org/slf4j/slf4j-api/1.7.30/slf4j-api-1.7.30.jar:/home/runner/.m2/repository/org/apache/ozone/hdds-server-scm/1.3.0-SNAPSHOT/hdds-server-scm-1.3.0-SNAPSHOT.jar:/home/runner/.m2/repository/org/apache/ozone/hdds-container-service/1.3.0-SNAPSHOT/hdds-container-service-1.3.0-SNAPSHOT.jar:/home/runner/.m2/repository/org/apache/ozone/hdds-hadoop-dependency-server/1.3.0-SNAPSHOT/hdds-hadoop-dependency-server-1.3.0-SNAPSHOT.jar:/home/runner/.m2/repository/org/apache/hadoop/hadoop-hdfs/3.3.1/hadoop-hdfs-3.3.1.jar:/home/runner/.m2/repository/org/apache/ozone/hdds-server-framework/1.3.0-SNAPSHOT/hdds-server-framework-1.3.0-SNAPSHOT.jar:/home/runner/.m2/repository/org/apache/ozone/hdds-interface-server/1.3.0-SNAPSHOT/hdds-interface-server-1.3.0-SNAPSHOT.jar:/home/runner/.m2/repository/org/apache/logging/log4j/log4j-core/2.17.1/log4j-core-2.17.1.jar:/home/runner/.m2/repository/com/lmax/disruptor/3.4.2/disruptor-3.4.2.jar:/home/runner/.m2/repository/org/eclipse/jetty/jetty-servlet/9.4.43.v20210629/jetty-servlet-9.4.43.v20210629.jar:/home/runner/.m2/repository/org/eclipse/jetty/jetty-security/9.4.43.v20210629/jetty-security-9.4.43.v20210629.jar:/home/runner/.m2/repository/org/rocksdb/rocksdbjni/7.0.4/rocksdbjni-7.0.4.jar:/home/runner/.m2/repository/io/prometheus/simpleclient_dropwizard/0.7.0/simpleclient_dropwizard-0.7.0.jar:/home/runner/.m2/repository/io/prometheus/simpleclient/0.7.0/simpleclient-0.7.0.jar:/home/runner/.m2/repository/io/prometheus/simpleclient_common/0.7.0/simpleclient_common-0.7.0.jar:/home/runner/.m2/repository/io/dropwizard/metrics/metrics-core/3.2.4/metrics-core-3.2.4.jar:/home/runner/.m2/repository/org/apache/hadoop/hadoop-hdfs-client/3.3.1/hadoop-hdfs-client-3.3.1.jar:/home/runner/.m2/repository/org/bouncycastle/bcprov-jdk15on/1.67/bcprov-jdk15on-1.67.jar:/home/runner/.m2/repository/com/google/protobuf/protobuf-java/2.5.0/protobuf-java-2.5.0.jar:/home/runner/.m2/repository/org/apache/ozone/ozone-manager/1.3.0-SNAPSHOT/ozone-manager-1.3.0-SNAPSHOT.jar:/home/runner/.m2/repository/org/aspectj/aspectjrt/1.9.7/aspectjrt-1.9.7.jar:/home/runner/.m2/repository/org/aspectj/aspectjweaver/1.9.7/aspectjweaver-1.9.7.jar:/home/runner/.m2/repository/org/apache/ozone/hdds-interface-client/1.3.0-SNAPSHOT/hdds-interface-client-1.3.0-SNAPSHOT.jar:/home/runner/.m2/repository/org/apache/hadoop/thirdparty/hadoop-shaded-protobuf_3_7/1.1.1/hadoop-shaded-protobuf_3_7-1.1.1.jar:/home/runner/.m2/repository/org/apache/ozone/ozone-interface-storage/1.3.0-SNAPSHOT/ozone-interface-storage-1.3.0-SNAPSHOT.jar:/home/runner/.m2/repository/org/reflections/reflections/0.9.11/reflections-0.9.11.jar:/home/runner/.m2/repository/org/apache/hadoop/hadoop-minikdc/3.3.1/hadoop-minikdc-3.3.1.jar:/home/runner/.m2/repository/org/apache/kerby/kerb-simplekdc/1.0.1/kerb-simplekdc-1.0.1.jar:/home/runner/.m2/repository/org/apache/kerby/kerb-client/1.0.1/kerb-client-1.0.1.jar:/home/runner/.m2/repository/org/apache/kerby/kerby-config/1.0.1/kerby-config-1.0.1.jar:/home/runner/.m2/repository/org/apache/kerby/kerb-common/1.0.1/kerb-common-1.0.1.jar:/home/runner/.m2/repository/org/apache/kerby/kerb-crypto/1.0.1/kerb-crypto-1.0.1.jar:/home/runner/.m2/repository/org/apache/kerby/kerb-util/1.0.1/kerb-util-1.0.1.jar:/home/runner/.m2/repository/org/apache/kerby/token-provider/1.0.1/token-provider-1.0.1.jar:/home/runner/.m2/repository/org/apache/kerby/kerb-admin/1.0.1/kerb-admin-1.0.1.jar:/home/runner/.m2/repository/org/apache/kerby/kerb-server/1.0.1/kerb-server-1.0.1.jar:/home/runner/.m2/repository/org/apache/kerby/kerb-identity/1.0.1/kerb-identity-1.0.1.jar:/home/runner/.m2/repository/org/apache/kerby/kerby-xdr/1.0.1/kerby-xdr-1.0.1.jar:/home/runner/.m2/repository/org/slf4j/slf4j-log4j12/1.7.30/slf4j-log4j12-1.7.30.jar:/home/runner/.m2/repository/org/apache/ozone/ozone-s3gateway/1.3.0-SNAPSHOT/ozone-s3gateway-1.3.0-SNAPSHOT.jar:/home/runner/.m2/repository/org/javassist/javassist/3.21.0-GA/javassist-3.21.0-GA.jar:/home/runner/.m2/repository/org/jboss/weld/servlet/weld-servlet/2.4.7.Final/weld-servlet-2.4.7.Final.jar:/home/runner/.m2/repository/org/glassfish/jersey/containers/jersey-container-servlet-core/2.33/jersey-container-servlet-core-2.33.jar:/home/runner/.m2/repository/org/glassfish/hk2/external/jakarta.inject/2.6.1/jakarta.inject-2.6.1.jar:/home/runner/.m2/repository/org/glassfish/jersey/core/jersey-common/2.33/jersey-common-2.33.jar:/home/runner/.m2/repository/jakarta/ws/rs/jakarta.ws.rs-api/2.1.6/jakarta.ws.rs-api-2.1.6.jar:/home/runner/.m2/repository/org/glassfish/jersey/ext/cdi/jersey-cdi1x/2.33/jersey-cdi1x-2.33.jar:/home/runner/.m2/repository/org/glassfish/jersey/inject/jersey-hk2/2.33/jersey-hk2-2.33.jar:/home/runner/.m2/repository/org/glassfish/hk2/hk2-locator/2.6.1/hk2-locator-2.6.1.jar:/home/runner/.m2/repository/org/glassfish/jersey/media/jersey-media-jaxb/2.33/jersey-media-jaxb-2.33.jar:/home/runner/.m2/repository/org/glassfish/hk2/osgi-resource-locator/1.0.3/osgi-resource-locator-1.0.3.jar:/home/runner/.m2/repository/org/glassfish/hk2/hk2-api/2.5.0/hk2-api-2.5.0.jar:/home/runner/.m2/repository/org/glassfish/hk2/hk2-utils/2.5.0/hk2-utils-2.5.0.jar:/home/runner/.m2/repository/org/glassfish/hk2/external/aopalliance-repackaged/2.5.0/aopalliance-repackaged-2.5.0.jar:/home/runner/.m2/repository/com/fasterxml/jackson/dataformat/jackson-dataformat-xml/2.13.2/jackson-dataformat-xml-2.13.2.jar:/home/runner/.m2/repository/com/fasterxml/jackson/core/jackson-core/2.13.2/jackson-core-2.13.2.jar:/home/runner/.m2/repository/org/codehaus/woodstox/stax2-api/3.1.4/stax2-api-3.1.4.jar:/home/runner/.m2/repository/com/fasterxml/woodstox/woodstox-core/5.0.3/woodstox-core-5.0.3.jar:/home/runner/.m2/repository/com/fasterxml/jackson/module/jackson-module-jaxb-annotations/2.13.2/jackson-module-jaxb-annotations-2.13.2.jar:/home/runner/.m2/repository/jakarta/xml/bind/jakarta.xml.bind-api/2.3.3/jakarta.xml.bind-api-2.3.3.jar:/home/runner/.m2/repository/jakarta/activation/jakarta.activation-api/1.2.1/jakarta.activation-api-1.2.1.jar:/home/runner/.m2/repository/javax/enterprise/cdi-api/1.2/cdi-api-1.2.jar:/home/runner/.m2/repository/javax/el/javax.el-api/3.0.0/javax.el-api-3.0.0.jar:/home/runner/.m2/repository/javax/interceptor/javax.interceptor-api/1.2/javax.interceptor-api-1.2.jar:/home/runner/.m2/repository/javax/inject/javax.inject/1/javax.inject-1.jar:/home/runner/.m2/repository/javax/xml/bind/jaxb-api/2.3.0/jaxb-api-2.3.0.jar:/home/runner/.m2/repository/org/glassfish/jaxb/jaxb-runtime/2.3.0.1/jaxb-runtime-2.3.0.1.jar:/home/runner/.m2/repository/org/glassfish/jaxb/jaxb-core/2.3.0.1/jaxb-core-2.3.0.1.jar:/home/runner/.m2/repository/org/glassfish/jaxb/txw2/2.3.0.1/txw2-2.3.0.1.jar:/home/runner/.m2/repository/com/sun/istack/istack-commons-runtime/3.0.5/istack-commons-runtime-3.0.5.jar:/home/runner/.m2/repository/org/jvnet/staxex/stax-ex/1.7.8/stax-ex-1.7.8.jar:/home/runner/.m2/repository/com/sun/xml/fastinfoset/FastInfoset/1.2.13/FastInfoset-1.2.13.jar:/home/runner/.m2/repository/javax/activation/activation/1.1.1/activation-1.1.1.jar:/home/runner/.m2/repository/org/apache/ozone/ozone-csi/1.3.0-SNAPSHOT/ozone-csi-1.3.0-SNAPSHOT.jar:/home/runner/.m2/repository/com/google/protobuf/protobuf-java-util/3.12.0/protobuf-java-util-3.12.0.jar:/home/runner/.m2/repository/com/google/code/gson/gson/2.2.4/gson-2.2.4.jar:/home/runner/.m2/repository/org/apache/ozone/hdds-config/1.3.0-SNAPSHOT/hdds-config-1.3.0-SNAPSHOT.jar:/home/runner/.m2/repository/io/grpc/grpc-netty/1.33.0/grpc-netty-1.33.0.jar:/home/runner/.m2/repository/io/grpc/grpc-core/1.33.0/grpc-core-1.33.0.jar:/home/runner/.m2/repository/com/google/android/annotations/4.1.1.4/annotations-4.1.1.4.jar:/home/runner/.m2/repository/io/netty/netty-codec-http2/4.1.63.Final/netty-codec-http2-4.1.63.Final.jar:/home/runner/.m2/repository/io/netty/netty-codec-http/4.1.63.Final/netty-codec-http-4.1.63.Final.jar:/home/runner/.m2/repository/io/netty/netty-handler-proxy/4.1.63.Final/netty-handler-proxy-4.1.63.Final.jar:/home/runner/.m2/repository/io/netty/netty-codec-socks/4.1.63.Final/netty-codec-socks-4.1.63.Final.jar:/home/runner/.m2/repository/io/perfmark/perfmark-api/0.19.0/perfmark-api-0.19.0.jar:/home/runner/.m2/repository/org/codehaus/mojo/animal-sniffer-annotations/1.18/animal-sniffer-annotations-1.18.jar:/home/runner/.m2/repository/io/netty/netty-transport-native-epoll/4.1.63.Final/netty-transport-native-epoll-4.1.63.Final.jar:/home/runner/.m2/repository/io/netty/netty-common/4.1.63.Final/netty-common-4.1.63.Final.jar:/home/runner/.m2/repository/io/netty/netty-buffer/4.1.63.Final/netty-buffer-4.1.63.Final.jar:/home/runner/.m2/repository/io/netty/netty-transport-native-unix-common/4.1.63.Final/netty-transport-native-unix-common-4.1.63.Final.jar:/home/runner/.m2/repository/io/grpc/grpc-protobuf/1.33.0/grpc-protobuf-1.33.0.jar:/home/runner/.m2/repository/io/grpc/grpc-api/1.33.0/grpc-api-1.33.0.jar:/home/runner/.m2/repository/io/grpc/grpc-context/1.33.0/grpc-context-1.33.0.jar:/home/runner/.m2/repository/com/google/api/grpc/proto-google-common-protos/1.17.0/proto-google-common-protos-1.17.0.jar:/home/runner/.m2/repository/io/grpc/grpc-protobuf-lite/1.33.0/grpc-protobuf-lite-1.33.0.jar:/home/runner/.m2/repository/io/grpc/grpc-stub/1.33.0/grpc-stub-1.33.0.jar:/home/runner/.m2/repository/org/apache/ozone/ozone-recon/1.3.0-SNAPSHOT/ozone-recon-1.3.0-SNAPSHOT.jar:/home/runner/.m2/repository/org/apache/ozone/ozone-reconcodegen/1.3.0-SNAPSHOT/ozone-reconcodegen-1.3.0-SNAPSHOT.jar:/home/runner/.m2/repository/com/google/inject/extensions/guice-multibindings/4.0/guice-multibindings-4.0.jar:/home/runner/.m2/repository/com/google/inject/guice/4.0/guice-4.0.jar:/home/runner/.m2/repository/aopalliance/aopalliance/1.0/aopalliance-1.0.jar:/home/runner/.m2/repository/com/google/inject/extensions/guice-assistedinject/4.0/guice-assistedinject-4.0.jar:/home/runner/.m2/repository/com/google/inject/extensions/guice-servlet/4.0/guice-servlet-4.0.jar:/home/runner/.m2/repository/org/glassfish/jersey/containers/jersey-container-servlet/2.33/jersey-container-servlet-2.33.jar:/home/runner/.m2/repository/org/glassfish/hk2/guice-bridge/2.5.0/guice-bridge-2.5.0.jar:/home/runner/.m2/repository/org/glassfish/jersey/core/jersey-server/2.33/jersey-server-2.33.jar:/home/runner/.m2/repository/org/glassfish/jersey/core/jersey-client/2.33/jersey-client-2.33.jar:/home/runner/.m2/repository/jakarta/annotation/jakarta.annotation-api/1.3.5/jakarta.annotation-api-1.3.5.jar:/home/runner/.m2/repository/jakarta/validation/jakarta.validation-api/2.0.2/jakarta.validation-api-2.0.2.jar:/home/runner/.m2/repository/org/glassfish/jersey/media/jersey-media-json-jackson/2.33/jersey-media-json-jackson-2.33.jar:/home/runner/.m2/repository/org/glassfish/jersey/ext/jersey-entity-filtering/2.33/jersey-entity-filtering-2.33.jar:/home/runner/.m2/repository/org/jooq/jooq/3.11.10/jooq-3.11.10.jar:/home/runner/.m2/repository/org/jooq/jooq-meta/3.11.10/jooq-meta-3.11.10.jar:/home/runner/.m2/repository/org/jooq/jooq-codegen/3.11.10/jooq-codegen-3.11.10.jar:/home/runner/.m2/repository/com/jolbox/bonecp/0.8.0.RELEASE/bonecp-0.8.0.RELEASE.jar:/home/runner/.m2/repository/org/apache/derby/derby/10.14.2.0/derby-10.14.2.0.jar:/home/runner/.m2/repository/org/xerial/sqlite-jdbc/3.25.2/sqlite-jdbc-3.25.2.jar:/home/runner/.m2/repository/org/springframework/spring-jdbc/5.2.20.RELEASE/spring-jdbc-5.2.20.RELEASE.jar:/home/runner/.m2/repository/org/springframework/spring-beans/5.2.20.RELEASE/spring-beans-5.2.20.RELEASE.jar:/home/runner/.m2/repository/org/springframework/spring-core/5.2.20.RELEASE/spring-core-5.2.20.RELEASE.jar:/home/runner/.m2/repository/org/springframework/spring-jcl/5.2.20.RELEASE/spring-jcl-5.2.20.RELEASE.jar:/home/runner/.m2/repository/org/springframework/spring-tx/5.2.20.RELEASE/spring-tx-5.2.20.RELEASE.jar:/home/runner/.m2/repository/org/apache/ozone/ozone-client/1.3.0-SNAPSHOT/ozone-client-1.3.0-SNAPSHOT.jar:/home/runner/.m2/repository/org/apache/ozone/hdds-erasurecode/1.3.0-SNAPSHOT/hdds-erasurecode-1.3.0-SNAPSHOT.jar:/home/runner/.m2/repository/com/github/spotbugs/spotbugs-annotations/3.1.12/spotbugs-annotations-3.1.12.jar:/home/runner/.m2/repository/org/apache/ozone/ozone-filesystem/1.3.0-SNAPSHOT/ozone-filesystem-1.3.0-SNAPSHOT.jar:/home/runner/.m2/repository/org/apache/ozone/ozone-filesystem-common/1.3.0-SNAPSHOT/ozone-filesystem-common-1.3.0-SNAPSHOT.jar:/home/runner/.m2/repository/org/apache/ozone/ozone-tools/1.3.0-SNAPSHOT/ozone-tools-1.3.0-SNAPSHOT.jar:/home/runner/.m2/repository/org/apache/ratis/ratis-tools/2.2.0/ratis-tools-2.2.0.jar:/home/runner/.m2/repository/com/amazonaws/aws-java-sdk-core/1.12.124/aws-java-sdk-core-1.12.124.jar:/home/runner/.m2/repository/org/apache/httpcomponents/httpclient/4.5.13/httpclient-4.5.13.jar:/home/runner/.m2/repository/org/apache/httpcomponents/httpcore/4.4.13/httpcore-4.4.13.jar:/home/runner/.m2/repository/software/amazon/ion/ion-java/1.0.2/ion-java-1.0.2.jar:/home/runner/.m2/repository/com/fasterxml/jackson/dataformat/jackson-dataformat-cbor/2.13.2/jackson-dataformat-cbor-2.13.2.jar:/home/runner/.m2/repository/joda-time/joda-time/2.8.1/joda-time-2.8.1.jar:/home/runner/.m2/repository/com/amazonaws/aws-java-sdk-s3/1.12.124/aws-java-sdk-s3-1.12.124.jar:/home/runner/.m2/repository/com/amazonaws/aws-java-sdk-kms/1.12.124/aws-java-sdk-kms-1.12.124.jar:/home/runner/.m2/repository/com/amazonaws/jmespath-java/1.12.124/jmespath-java-1.12.124.jar:/home/runner/.m2/repository/org/kohsuke/metainf-services/metainf-services/1.8/metainf-services-1.8.jar:/home/runner/.m2/repository/org/apache/ozone/hdds-tools/1.3.0-SNAPSHOT/hdds-tools-1.3.0-SNAPSHOT.jar:/home/runner/.m2/repository/commons-cli/commons-cli/1.2/commons-cli-1.2.jar:/home/runner/.m2/repository/org/apache/commons/commons-lang3/3.7/commons-lang3-3.7.jar:/home/runner/.m2/repository/org/apache/ozone/ozone-manager/1.3.0-SNAPSHOT/ozone-manager-1.3.0-SNAPSHOT-tests.jar:/home/runner/.m2/repository/org/apache/ozone/hdds-common/1.3.0-SNAPSHOT/hdds-common-1.3.0-SNAPSHOT-tests.jar:/home/runner/.m2/repository/org/apache/ozone/hdds-hadoop-dependency-client/1.3.0-SNAPSHOT/hdds-hadoop-dependency-client-1.3.0-SNAPSHOT.jar:/home/runner/.m2/repository/info/picocli/picocli/4.6.1/picocli-4.6.1.jar:/home/runner/.m2/repository/com/fasterxml/jackson/core/jackson-annotations/2.13.2/jackson-annotations-2.13.2.jar:/home/runner/.m2/repository/com/fasterxml/jackson/datatype/jackson-datatype-jsr310/2.13.2/jackson-datatype-jsr310-2.13.2.jar:/home/runner/.m2/repository/javax/annotation/javax.annotation-api/1.2/javax.annotation-api-1.2.jar:/home/runner/.m2/repository/org/apache/ratis/ratis-server/2.2.0/ratis-server-2.2.0.jar:/home/runner/.m2/repository/org/apache/ratis/ratis-client/2.2.0/ratis-client-2.2.0.jar:/home/runner/.m2/repository/org/apache/ratis/ratis-server-api/2.2.0/ratis-server-api-2.2.0.jar:/home/runner/.m2/repository/org/apache/ratis/ratis-metrics/2.2.0/ratis-metrics-2.2.0.jar:/home/runner/.m2/repository/org/apache/ratis/ratis-netty/2.2.0/ratis-netty-2.2.0.jar:/home/runner/.m2/repository/org/apache/ratis/ratis-grpc/2.2.0/ratis-grpc-2.2.0.jar:/home/runner/.m2/repository/org/apache/logging/log4j/log4j-api/2.17.1/log4j-api-2.17.1.jar:/home/runner/.m2/repository/org/apache/commons/commons-pool2/2.6.0/commons-pool2-2.6.0.jar:/home/runner/.m2/repository/org/bouncycastle/bcpkix-jdk15on/1.67/bcpkix-jdk15on-1.67.jar:/home/runner/.m2/repository/commons-validator/commons-validator/1.6/commons-validator-1.6.jar:/home/runner/.m2/repository/commons-beanutils/commons-beanutils/1.9.4/commons-beanutils-1.9.4.jar:/home/runner/.m2/repository/commons-digester/commons-digester/1.8.1/commons-digester-1.8.1.jar:/home/runner/.m2/repository/commons-collections/commons-collections/3.2.2/commons-collections-3.2.2.jar:/home/runner/.m2/repository/io/jaegertracing/jaeger-client/1.6.0/jaeger-client-1.6.0.jar:/home/runner/.m2/repository/io/jaegertracing/jaeger-thrift/1.6.0/jaeger-thrift-1.6.0.jar:/home/runner/.m2/repository/org/apache/thrift/libthrift/0.14.1/libthrift-0.14.1.jar:/home/runner/.m2/repository/com/squareup/okhttp3/okhttp/4.9.0/okhttp-4.9.0.jar:/home/runner/.m2/repository/com/squareup/okio/okio/2.8.0/okio-2.8.0.jar:/home/runner/.m2/repository/io/jaegertracing/jaeger-core/1.6.0/jaeger-core-1.6.0.jar:/home/runner/.m2/repository/io/jaegertracing/jaeger-tracerresolver/1.6.0/jaeger-tracerresolver-1.6.0.jar:/home/runner/.m2/repository/io/opentracing/contrib/opentracing-tracerresolver/0.1.8/opentracing-tracerresolver-0.1.8.jar:/home/runner/.m2/repository/org/jetbrains/kotlin/kotlin-stdlib/1.4.31/kotlin-stdlib-1.4.31.jar:/home/runner/.m2/repository/org/jetbrains/kotlin/kotlin-stdlib-common/1.4.31/kotlin-stdlib-common-1.4.31.jar:/home/runner/.m2/repository/org/jetbrains/annotations/13.0/annotations-13.0.jar:/home/runner/.m2/repository/io/opentracing/opentracing-util/0.33.0/opentracing-util-0.33.0.jar:/home/runner/.m2/repository/io/opentracing/opentracing-api/0.33.0/opentracing-api-0.33.0.jar:/home/runner/.m2/repository/io/opentracing/opentracing-noop/0.33.0/opentracing-noop-0.33.0.jar:/home/runner/.m2/repository/org/yaml/snakeyaml/1.26/snakeyaml-1.26.jar:/home/runner/.m2/repository/org/apache/ozone/hdds-interface-admin/1.3.0-SNAPSHOT/hdds-interface-admin-1.3.0-SNAPSHOT.jar:/home/runner/.m2/repository/junit/junit/4.13.1/junit-4.13.1.jar:/home/runner/.m2/repository/org/hamcrest/hamcrest-core/1.3/hamcrest-core-1.3.jar:/home/runner/.m2/repository/org/junit/jupiter/junit-jupiter-api/5.7.0/junit-jupiter-api-5.7.0.jar:/home/runner/.m2/repository/org/apiguardian/apiguardian-api/1.1.0/apiguardian-api-1.1.0.jar:/home/runner/.m2/repository/org/opentest4j/opentest4j/1.2.0/opentest4j-1.2.0.jar:/home/runner/.m2/repository/org/junit/platform/junit-platform-commons/1.7.0/junit-platform-commons-1.7.0.jar:/home/runner/.m2/repository/org/junit/jupiter/junit-jupiter-params/5.7.0/junit-jupiter-params-5.7.0.jar:/home/runner/.m2/repository/org/junit/jupiter/junit-jupiter-migrationsupport/5.7.0/junit-jupiter-migrationsupport-5.7.0.jar:/home/runner/.m2/repository/org/junit/jupiter/junit-jupiter-engine/5.7.0/junit-jupiter-engine-5.7.0.jar:/home/runner/.m2/repository/org/junit/platform/junit-platform-engine/1.7.0/junit-platform-engine-1.7.0.jar:/home/runner/.m2/repository/org/junit/vintage/junit-vintage-engine/5.7.0/junit-vintage-engine-5.7.0.jar:/home/runner/.m2/repository/org/junit/platform/junit-platform-launcher/1.7.0/junit-platform-launcher-1.7.0.jar:/home/runner/.m2/repository/org/mockito/mockito-core/2.28.2/mockito-core-2.28.2.jar:/home/runner/.m2/repository/net/bytebuddy/byte-buddy/1.9.10/byte-buddy-1.9.10.jar:/home/runner/.m2/repository/net/bytebuddy/byte-buddy-agent/1.9.10/byte-buddy-agent-1.9.10.jar:/home/runner/.m2/repository/org/objenesis/objenesis/1.0/objenesis-1.0.jar:/home/runner/.m2/repository/org/apache/hadoop/hadoop-kms/3.3.1/hadoop-kms-3.3.1.jar:/home/runner/.m2/repository/org/apache/hadoop/hadoop-auth/3.3.1/hadoop-auth-3.3.1.jar:/home/runner/.m2/repository/com/nimbusds/nimbus-jose-jwt/7.9/nimbus-jose-jwt-7.9.jar:/home/runner/.m2/repository/com/github/stephenc/jcip/jcip-annotations/1.0-1/jcip-annotations-1.0-1.jar:/home/runner/.m2/repository/net/minidev/json-smart/2.4.7/json-smart-2.4.7.jar:/home/runner/.m2/repository/net/minidev/accessors-smart/2.4.7/accessors-smart-2.4.7.jar:/home/runner/.m2/repository/org/ow2/asm/asm/5.0.4/asm-5.0.4.jar:/home/runner/.m2/repository/org/apache/zookeeper/zookeeper/3.5.6/zookeeper-3.5.6.jar:/home/runner/.m2/repository/org/apache/zookeeper/zookeeper-jute/3.5.6/zookeeper-jute-3.5.6.jar:/home/runner/.m2/repository/org/apache/yetus/audience-annotations/0.5.0/audience-annotations-0.5.0.jar:/home/runner/.m2/repository/org/apache/curator/curator-framework/4.2.0/curator-framework-4.2.0.jar:/home/runner/.m2/repository/org/apache/hadoop/thirdparty/hadoop-shaded-guava/1.1.1/hadoop-shaded-guava-1.1.1.jar:/home/runner/.m2/repository/com/sun/jersey/jersey-core/1.19/jersey-core-1.19.jar:/home/runner/.m2/repository/javax/ws/rs/jsr311-api/1.1.1/jsr311-api-1.1.1.jar:/home/runner/.m2/repository/com/sun/jersey/jersey-server/1.19/jersey-server-1.19.jar:/home/runner/.m2/repository/javax/servlet/javax.servlet-api/3.1.0/javax.servlet-api-3.1.0.jar:/home/runner/.m2/repository/org/eclipse/jetty/jetty-server/9.4.43.v20210629/jetty-server-9.4.43.v20210629.jar:/home/runner/.m2/repository/org/eclipse/jetty/jetty-http/9.4.43.v20210629/jetty-http-9.4.43.v20210629.jar:/home/runner/.m2/repository/org/eclipse/jetty/jetty-io/9.4.43.v20210629/jetty-io-9.4.43.v20210629.jar:/home/runner/.m2/repository/org/eclipse/jetty/jetty-webapp/9.4.43.v20210629/jetty-webapp-9.4.43.v20210629.jar:/home/runner/.m2/repository/org/eclipse/jetty/jetty-xml/9.4.43.v20210629/jetty-xml-9.4.43.v20210629.jar:/home/runner/.m2/repository/org/apache/hadoop/hadoop-common/3.3.1/hadoop-common-3.3.1.jar:/home/runner/.m2/repository/org/apache/commons/commons-math3/3.1.1/commons-math3-3.1.1.jar:/home/runner/.m2/repository/commons-net/commons-net/3.6/commons-net-3.6.jar:/home/runner/.m2/repository/com/sun/jersey/jersey-servlet/1.19/jersey-servlet-1.19.jar:/home/runner/.m2/repository/com/sun/jersey/jersey-json/1.19/jersey-json-1.19.jar:/home/runner/.m2/repository/org/codehaus/jettison/jettison/1.1/jettison-1.1.jar:/home/runner/.m2/repository/com/sun/xml/bind/jaxb-impl/2.2.3-1/jaxb-impl-2.2.3-1.jar:/home/runner/.m2/repository/org/codehaus/jackson/jackson-jaxrs/1.9.2/jackson-jaxrs-1.9.2.jar:/home/runner/.m2/repository/org/codehaus/jackson/jackson-xc/1.9.2/jackson-xc-1.9.2.jar:/home/runner/.m2/repository/org/apache/commons/commons-configuration2/2.1.1/commons-configuration2-2.1.1.jar:/home/runner/.m2/repository/org/apache/commons/commons-text/1.4/commons-text-1.4.jar:/home/runner/.m2/repository/com/google/re2j/re2j/1.1/re2j-1.1.jar:/home/runner/.m2/repository/com/jcraft/jsch/0.1.54/jsch-0.1.54.jar:/home/runner/.m2/repository/org/apache/curator/curator-client/4.2.0/curator-client-4.2.0.jar:/home/runner/.m2/repository/org/apache/curator/curator-recipes/4.2.0/curator-recipes-4.2.0.jar:/home/runner/.m2/repository/org/apache/kerby/kerb-core/1.0.1/kerb-core-1.0.1.jar:/home/runner/.m2/repository/org/apache/kerby/kerby-pkix/1.0.1/kerby-pkix-1.0.1.jar:/home/runner/.m2/repository/org/apache/kerby/kerby-asn1/1.0.1/kerby-asn1-1.0.1.jar:/home/runner/.m2/repository/org/apache/kerby/kerby-util/1.0.1/kerby-util-1.0.1.jar:/home/runner/.m2/repository/dnsjava/dnsjava/2.1.7/dnsjava-2.1.7.jar:/home/runner/.m2/repository/org/xerial/snappy/snappy-java/1.1.8.2/snappy-java-1.1.8.2.jar:/home/runner/.m2/repository/org/slf4j/jul-to-slf4j/1.7.30/jul-to-slf4j-1.7.30.jar:/home/runner/.m2/repository/org/eclipse/jetty/jetty-util/9.4.43.v20210629/jetty-util-9.4.43.v20210629.jar:/home/runner/.m2/repository/com/fasterxml/jackson/core/jackson-databind/2.13.2.2/jackson-databind-2.13.2.2.jar:/home/runner/.m2/repository/org/apache/hadoop/hadoop-kms/3.3.1/hadoop-kms-3.3.1-tests.jar:/home/runner/.m2/repository/org/apache/ozone/hdds-server-scm/1.3.0-SNAPSHOT/hdds-server-scm-1.3.0-SNAPSHOT-tests.jar:/home/runner/.m2/repository/org/apache/ozone/hdds-container-service/1.3.0-SNAPSHOT/hdds-container-service-1.3.0-SNAPSHOT-tests.jar:/home/runner/.m2/repository/commons-codec/commons-codec/1.11/commons-codec-1.11.jar:/home/runner/.m2/repository/io/netty/netty-transport/4.1.63.Final/netty-transport-4.1.63.Final.jar:/home/runner/.m2/repository/io/netty/netty-resolver/4.1.63.Final/netty-resolver-4.1.63.Final.jar:/home/runner/.m2/repository/io/netty/netty-codec/4.1.63.Final/netty-codec-4.1.63.Final.jar:/home/runner/.m2/repository/io/netty/netty-handler/4.1.63.Final/netty-handler-4.1.63.Final.jar:/home/runner/.m2/repository/org/apache/ozone/hdds-hadoop-dependency-test/1.3.0-SNAPSHOT/hdds-hadoop-dependency-test-1.3.0-SNAPSHOT.jar:/home/runner/.m2/repository/org/apache/hadoop/hadoop-common/3.3.1/hadoop-common-3.3.1-tests.jar:/home/runner/.m2/repository/org/assertj/assertj-core/3.12.2/assertj-core-3.12.2.jar:/home/runner/.m2/repository/org/apache/hadoop/hadoop-hdfs/3.3.1/hadoop-hdfs-3.3.1-tests.jar:/home/runner/.m2/repository/org/eclipse/jetty/jetty-util-ajax/9.4.43.v20210629/jetty-util-ajax-9.4.43.v20210629.jar:/home/runner/.m2/repository/commons-daemon/commons-daemon/1.0.13/commons-daemon-1.0.13.jar:/home/runner/.m2/repository/io/netty/netty/3.10.6.Final/netty-3.10.6.Final.jar:/home/runner/.m2/repository/io/netty/netty-all/4.1.63.Final/netty-all-4.1.63.Final.jar:/home/runner/.m2/repository/org/apache/htrace/htrace-core4/4.1.0-incubating/htrace-core4-4.1.0-incubating.jar:/home/runner/.m2/repository/org/fusesource/leveldbjni/leveldbjni-all/1.8/leveldbjni-all-1.8.jar:/home/runner/.m2/repository/org/apache/hadoop/hadoop-distcp/3.3.1/hadoop-distcp-3.3.1.jar:/home/runner/.m2/repository/org/apache/hadoop/hadoop-mapreduce-client-jobclient/3.3.1/hadoop-mapreduce-client-jobclient-3.3.1.jar:/home/runner/.m2/repository/org/apache/hadoop/hadoop-mapreduce-client-common/3.3.1/hadoop-mapreduce-client-common-3.3.1.jar:/home/runner/.m2/repository/org/apache/hadoop/hadoop-yarn-common/3.3.1/hadoop-yarn-common-3.3.1.jar:/home/runner/.m2/repository/org/apache/hadoop/hadoop-yarn-api/3.3.1/hadoop-yarn-api-3.3.1.jar:/home/runner/.m2/repository/com/sun/jersey/jersey-client/1.19/jersey-client-1.19.jar:/home/runner/.m2/repository/com/sun/jersey/contribs/jersey-guice/1.19/jersey-guice-1.19.jar:/home/runner/.m2/repository/com/fasterxml/jackson/jaxrs/jackson-jaxrs-json-provider/2.13.2/jackson-jaxrs-json-provider-2.13.2.jar:/home/runner/.m2/repository/com/fasterxml/jackson/jaxrs/jackson-jaxrs-base/2.13.2/jackson-jaxrs-base-2.13.2.jar:/home/runner/.m2/repository/org/apache/hadoop/hadoop-yarn-client/3.3.1/hadoop-yarn-client-3.3.1.jar:/home/runner/.m2/repository/org/eclipse/jetty/websocket/websocket-client/9.4.40.v20210413/websocket-client-9.4.40.v20210413.jar:/home/runner/.m2/repository/org/eclipse/jetty/jetty-client/9.4.40.v20210413/jetty-client-9.4.40.v20210413.jar:/home/runner/.m2/repository/org/eclipse/jetty/websocket/websocket-common/9.4.40.v20210413/websocket-common-9.4.40.v20210413.jar:/home/runner/.m2/repository/org/eclipse/jetty/websocket/websocket-api/9.4.40.v20210413/websocket-api-9.4.40.v20210413.jar:/home/runner/.m2/repository/org/jline/jline/3.9.0/jline-3.9.0.jar:/home/runner/.m2/repository/org/apache/hadoop/hadoop-mapreduce-client-core/3.3.1/hadoop-mapreduce-client-core-3.3.1.jar:/home/runner/.m2/repository/org/apache/avro/avro/1.7.7/avro-1.7.7.jar:/home/runner/.m2/repository/org/codehaus/jackson/jackson-core-asl/1.9.13/jackson-core-asl-1.9.13.jar:/home/runner/.m2/repository/org/codehaus/jackson/jackson-mapper-asl/1.9.13/jackson-mapper-asl-1.9.13.jar:/home/runner/.m2/repository/com/thoughtworks/paranamer/paranamer/2.3/paranamer-2.3.jar:/home/runner/.m2/repository/org/apache/hadoop/hadoop-annotations/3.3.1/hadoop-annotations-3.3.1.jar:/usr/lib/jvm/temurin-8-jdk-amd64/jre/../lib/tools.jar:/home/runner/.m2/repository/org/apache/hadoop/hadoop-distcp/3.3.1/hadoop-distcp-3.3.1-tests.jar:/home/runner/.m2/repository/org/apache/ratis/ratis-common/2.2.0/ratis-common-2.2.0.jar:/home/runner/.m2/repository/org/apache/ratis/ratis-thirdparty-misc/0.7.0/ratis-thirdparty-misc-0.7.0.jar:/home/runner/.m2/repository/org/apache/ratis/ratis-proto/2.2.0/ratis-proto-2.2.0.jar:/home/runner/.m2/repository/org/apache/ozone/ozone-annotation-processing/1.3.0-SNAPSHOT/ozone-annotation-processing-1.3.0-SNAPSHOT.jar:"/>
    <property name="sun.cpu.endian" value="little"/>
    <property name="user.home" value="/home/runner"/>
    <property name="user.language" value="en"/>
    <property name="java.specification.vendor" value="Oracle Corporation"/>
    <property name="java.home" value="/usr/lib/jvm/temurin-8-jdk-amd64/jre"/>
    <property name="java.security.krb5.conf" value="/home/runner/work/ozone/ozone/hadoop-ozone/integration-test/target/test-classes/krb5.conf"/>
    <property name="basedir" value="/home/runner/work/ozone/ozone/hadoop-ozone/integration-test"/>
    <property name="file.separator" value="/"/>
    <property name="line.separator" value="&#10;"/>
    <property name="java.vm.specification.vendor" value="Oracle Corporation"/>
    <property name="java.specification.name" value="Java Platform API Specification"/>
    <property name="java.awt.graphicsenv" value="sun.awt.X11GraphicsEnvironment"/>
    <property name="skip.installnpx" value="true"/>
    <property name="surefire.real.class.path" value="/home/runner/work/ozone/ozone/hadoop-ozone/integration-test/target/surefire/surefirebooter5823344259703610437.jar:/home/runner/.m2/repository/org/jacoco/org.jacoco.agent/0.8.5/org.jacoco.agent-0.8.5-runtime.jar"/>
    <property name="hadoop.log.dir" value="/home/runner/work/ozone/ozone/hadoop-ozone/integration-test/target/log"/>
    <property name="sun.boot.class.path" value="/usr/lib/jvm/temurin-8-jdk-amd64/jre/lib/resources.jar:/usr/lib/jvm/temurin-8-jdk-amd64/jre/lib/rt.jar:/usr/lib/jvm/temurin-8-jdk-amd64/jre/lib/sunrsasign.jar:/usr/lib/jvm/temurin-8-jdk-amd64/jre/lib/jsse.jar:/usr/lib/jvm/temurin-8-jdk-amd64/jre/lib/jce.jar:/usr/lib/jvm/temurin-8-jdk-amd64/jre/lib/charsets.jar:/usr/lib/jvm/temurin-8-jdk-amd64/jre/lib/jfr.jar:/usr/lib/jvm/temurin-8-jdk-amd64/jre/classes"/>
    <property name="sun.management.compiler" value="HotSpot 64-Bit Tiered Compilers"/>
    <property name="skip.npx" value="true"/>
    <property name="java.runtime.version" value="1.8.0_322-b06"/>
    <property name="java.net.preferIPv4Stack" value="true"/>
    <property name="user.name" value="runner"/>
    <property name="path.separator" value=":"/>
    <property name="java.security.egd" value="file:///dev/urandom"/>
    <property name="os.version" value="5.4.0-1074-azure"/>
    <property name="java.endorsed.dirs" value="/usr/lib/jvm/temurin-8-jdk-amd64/jre/lib/endorsed"/>
    <property name="java.runtime.name" value="OpenJDK Runtime Environment"/>
    <property name="file.encoding" value="UTF-8"/>
    <property name="java.vm.name" value="OpenJDK 64-Bit Server VM"/>
    <property name="test.build.webapps" value=""/>
    <property name="localRepository" value="/home/runner/.m2/repository"/>
    <property name="jetty.git.hash" value="526006ecfa3af7f1a27ef3a288e2bef7ea9dd7e8"/>
    <property name="java.vendor.url.bug" value="https://github.com/adoptium/adoptium-support/issues"/>
    <property name="java.io.tmpdir" value="/tmp"/>
    <property name="require.test.libhadoop" value=""/>
    <property name="java.version" value="1.8.0_322"/>
    <property name="user.dir" value="/home/runner/work/ozone/ozone/hadoop-ozone/integration-test"/>
    <property name="os.arch" value="amd64"/>
    <property name="java.vm.specification.name" value="Java Virtual Machine Specification"/>
    <property name="test.build.classes" value="/home/runner/work/ozone/ozone/hadoop-ozone/integration-test/target/test-classes"/>
    <property name="java.awt.printerjob" value="sun.print.PSPrinterJob"/>
    <property name="sun.os.patch.level" value="unknown"/>
    <property name="hadoop.tmp.dir" value="/home/runner/work/ozone/ozone/hadoop-ozone/integration-test/target/tmp"/>
    <property name="java.library.path" value="/usr/java/packages/lib/amd64:/usr/lib64:/lib64:/lib:/usr/lib"/>
    <property name="java.vm.info" value="mixed mode"/>
    <property name="java.vendor" value="Temurin"/>
    <property name="java.vm.version" value="25.322-b06"/>
    <property name="java.ext.dirs" value="/usr/lib/jvm/temurin-8-jdk-amd64/jre/lib/ext:/usr/java/packages/lib/ext"/>
    <property name="sun.io.unicode.encoding" value="UnicodeLittle"/>
    <property name="java.class.version" value="52.0"/>
  </properties>
  <testcase name="testContainerStateMachineCloseOnMissingPipeline" classname="org.apache.hadoop.ozone.client.rpc.TestContainerStateMachineFailures" time="2.033">
    <system-out><![CDATA[2022-04-27 10:51:43,253 [main] WARN  server.ServerUtils (ServerUtils.java:getScmDbDir(148)) - ozone.scm.db.dirs is not configured. We recommend adding this setting. Falling back to ozone.metadata.dirs instead.
2022-04-27 10:51:43,355 [main] INFO  ha.SCMHANodeDetails (SCMHANodeDetails.java:loadSCMHAConfig(157)) - ServiceID for StorageContainerManager is null
2022-04-27 10:51:43,356 [main] INFO  ha.SCMHANodeDetails (SCMHANodeDetails.java:loadSCMHAConfig(162)) - ozone.scm.default.service.id is not defined, falling back to ozone.scm.service.ids to find serviceID for StorageContainerManager if it is HA enabled cluster
2022-04-27 10:51:43,489 [main] WARN  server.ServerUtils (ServerUtils.java:getScmDbDir(148)) - ozone.scm.db.dirs is not configured. We recommend adding this setting. Falling back to ozone.metadata.dirs instead.
2022-04-27 10:51:43,494 [main] INFO  upgrade.AbstractLayoutVersionManager (AbstractLayoutVersionManager.java:init(79)) - Initializing Layout version manager with metadata layout = ERASURE_CODED_STORAGE_SUPPORT (version = 3), software layout = ERASURE_CODED_STORAGE_SUPPORT (version = 3)
2022-04-27 10:51:43,764 [main] INFO  reflections.Reflections (Reflections.java:scan(232)) - Reflections took 164 ms to scan 7 urls, producing 126 keys and 287 values 
2022-04-27 10:51:44,479 [main] WARN  utils.HAUtils (HAUtils.java:getMetaDir(342)) - ozone.scm.db.dirs is not configured. We recommend adding this setting. Falling back to ozone.metadata.dirs instead.
2022-04-27 10:51:44,648 [main] WARN  db.DBStoreBuilder (DBStoreBuilder.java:applyDBDefinition(145)) - ozone.scm.db.dirs is not configured. We recommend adding this setting. Falling back to ozone.metadata.dirs instead.
2022-04-27 10:51:44,829 [main] INFO  net.NodeSchemaLoader (NodeSchemaLoader.java:loadSchemaFromFile(129)) - Loading schema from [jar:file:/home/runner/.m2/repository/org/apache/ozone/hdds-common/1.3.0-SNAPSHOT/hdds-common-1.3.0-SNAPSHOT.jar!/network-topology-default.xml]
2022-04-27 10:51:44,830 [main] INFO  net.NodeSchemaLoader (NodeSchemaLoader.java:loadSchema(176)) - Loading network topology layer schema file
2022-04-27 10:51:44,873 [main] INFO  metrics.MetricRegistries (MetricRegistriesLoader.java:load(64)) - Loaded MetricRegistries class org.apache.ratis.metrics.impl.MetricRegistriesImpl
2022-04-27 10:51:44,888 [main] INFO  ha.SequenceIdGenerator (SequenceIdGenerator.java:upgradeToSequenceId(347)) - upgrade localId to 109611004723200000
2022-04-27 10:51:44,889 [main] INFO  ha.SequenceIdGenerator (SequenceIdGenerator.java:upgradeToSequenceId(357)) - upgrade delTxnId to 0
2022-04-27 10:51:44,892 [main] INFO  ha.SequenceIdGenerator (SequenceIdGenerator.java:upgradeToSequenceId(371)) - upgrade containerId to 0
2022-04-27 10:51:44,896 [main] INFO  ha.SequenceIdGenerator (SequenceIdGenerator.java:<init>(218)) - Init the HA SequenceIdGenerator.
2022-04-27 10:51:44,943 [main] INFO  node.SCMNodeManager (SCMNodeManager.java:<init>(146)) - Entering startup safe mode.
2022-04-27 10:51:45,006 [main] INFO  algorithms.ContainerPlacementPolicyFactory (ContainerPlacementPolicyFactory.java:getPolicyInternal(86)) - Create container placement policy of type org.apache.hadoop.hdds.scm.container.placement.algorithms.SCMContainerPlacementRandom
2022-04-27 10:51:45,017 [main] INFO  pipeline.PipelineStateManagerImpl (PipelineStateManagerImpl.java:initialize(78)) - No pipeline exists in current db
2022-04-27 10:51:45,059 [main] INFO  algorithms.LeaderChoosePolicyFactory (LeaderChoosePolicyFactory.java:getPolicy(57)) - Create leader choose policy of type org.apache.hadoop.hdds.scm.pipeline.leader.choose.algorithms.MinLeaderCountChoosePolicy
2022-04-27 10:51:45,060 [main] INFO  algorithms.ContainerPlacementPolicyFactory (ContainerPlacementPolicyFactory.java:getPolicyInternal(86)) - Create container placement policy of type org.apache.hadoop.hdds.scm.container.placement.algorithms.SCMContainerPlacementRackScatter
2022-04-27 10:51:45,066 [main] INFO  pipeline.BackgroundPipelineCreator (BackgroundPipelineCreator.java:start(123)) - Starting RatisPipelineUtilsThread.
2022-04-27 10:51:45,068 [main] INFO  pipeline.BackgroundPipelineScrubber (BackgroundPipelineScrubber.java:start(123)) - Starting Pipeline Scrubber Service.
2022-04-27 10:51:45,071 [main] INFO  ha.SCMServiceManager (SCMServiceManager.java:register(42)) - Registering service BackgroundPipelineCreator.
2022-04-27 10:51:45,072 [main] INFO  ha.SCMServiceManager (SCMServiceManager.java:register(42)) - Registering service BackgroundPipelineScrubber.
2022-04-27 10:51:45,103 [main] INFO  algorithms.PipelineChoosePolicyFactory (PipelineChoosePolicyFactory.java:createPipelineChoosePolicyFromClass(73)) - Create pipeline choose policy of type org.apache.hadoop.hdds.scm.pipeline.choose.algorithms.RandomPipelineChoosePolicy
2022-04-27 10:51:45,126 [main] INFO  ha.SCMServiceManager (SCMServiceManager.java:register(42)) - Registering service SCMBlockDeletingService.
2022-04-27 10:51:45,154 [main] INFO  ha.SCMServiceManager (SCMServiceManager.java:register(42)) - Registering service ReplicationManager.
2022-04-27 10:51:45,166 [main] INFO  container.ReplicationManager (ReplicationManager.java:start(326)) - Starting Replication Monitor Thread.
2022-04-27 10:51:45,177 [main] INFO  safemode.ContainerSafeModeRule (ContainerSafeModeRule.java:<init>(89)) - containers with one replica threshold count 0
2022-04-27 10:51:45,180 [ReplicationMonitor] INFO  container.ReplicationManager (ReplicationManager.java:processAll(374)) - Replication Manager is not ready to run until 3000ms after safemode exit
2022-04-27 10:51:45,182 [main] INFO  safemode.HealthyPipelineSafeModeRule (HealthyPipelineSafeModeRule.java:initializeRule(156)) - Total pipeline count is 0, healthy pipeline threshold count is 1
2022-04-27 10:51:45,184 [main] INFO  safemode.OneReplicaPipelineSafeModeRule (OneReplicaPipelineSafeModeRule.java:initializeRule(180)) - Total pipeline count is 0, pipeline's with at least one datanode reported threshold count is 0
2022-04-27 10:51:45,564 [main] INFO  audit.AuditLogger (AuditLogger.java:refreshDebugCmdSet(120)) - Refresh DebugCmdSet for SCMAudit to [].
2022-04-27 10:51:45,597 [main] INFO  ipc.CallQueueManager (CallQueueManager.java:<init>(90)) - Using callQueue: class java.util.concurrent.LinkedBlockingQueue, queueCapacity: 2000, scheduler: class org.apache.hadoop.ipc.DefaultRpcScheduler, ipcBackoff: false.
2022-04-27 10:51:45,642 [Socket Reader #1 for port 0] INFO  ipc.Server (Server.java:run(1265)) - Starting Socket Reader #1 for port 0
2022-04-27 10:51:45,700 [Listener at 0.0.0.0/44525] INFO  audit.AuditLogger (AuditLogger.java:refreshDebugCmdSet(120)) - Refresh DebugCmdSet for SCMAudit to [].
2022-04-27 10:51:45,706 [Listener at 0.0.0.0/44525] INFO  ipc.CallQueueManager (CallQueueManager.java:<init>(90)) - Using callQueue: class java.util.concurrent.LinkedBlockingQueue, queueCapacity: 2000, scheduler: class org.apache.hadoop.ipc.DefaultRpcScheduler, ipcBackoff: false.
2022-04-27 10:51:45,707 [Socket Reader #1 for port 0] INFO  ipc.Server (Server.java:run(1265)) - Starting Socket Reader #1 for port 0
2022-04-27 10:51:45,737 [Listener at 0.0.0.0/38805] INFO  audit.AuditLogger (AuditLogger.java:refreshDebugCmdSet(120)) - Refresh DebugCmdSet for SCMAudit to [].
2022-04-27 10:51:45,750 [Listener at 0.0.0.0/38805] INFO  ipc.CallQueueManager (CallQueueManager.java:<init>(90)) - Using callQueue: class java.util.concurrent.LinkedBlockingQueue, queueCapacity: 2000, scheduler: class org.apache.hadoop.ipc.DefaultRpcScheduler, ipcBackoff: false.
2022-04-27 10:51:45,752 [Socket Reader #1 for port 0] INFO  ipc.Server (Server.java:run(1265)) - Starting Socket Reader #1 for port 0
2022-04-27 10:51:45,816 [Listener at 0.0.0.0/37057] INFO  server.StorageContainerManager (StorageContainerManager.java:<init>(390)) - 
Container Balancer status:
Key                            Value
Running                        false
Container Balancer Configuration values:
Key                                                Value
Threshold                                          10
Max Datanodes to Involve per Iteration(percent)    20
Max Size to Move per Iteration                     500GB
Max Size Entering Target per Iteration             26GB
Max Size Leaving Source per Iteration              26GB

2022-04-27 10:51:45,817 [Listener at 0.0.0.0/37057] WARN  events.EventQueue (EventQueue.java:fireEvent(194)) - No event handler registered for event TypedEvent{payloadType=SafeModeStatus, name='Safe mode status'}
2022-04-27 10:51:45,817 [Listener at 0.0.0.0/37057] INFO  ha.SCMContext (SCMContext.java:updateSafeModeStatus(211)) - Update SafeModeStatus from SafeModeStatus{safeModeStatus=true, preCheckPassed=false} to SafeModeStatus{safeModeStatus=true, preCheckPassed=false}.
2022-04-27 10:51:45,820 [Listener at 0.0.0.0/37057] INFO  server.StorageContainerManager (StorageContainerManager.java:start(1328)) - StorageContainerLocationProtocol RPC server is listening at /0.0.0.0:37057
2022-04-27 10:51:45,895 [Listener at 0.0.0.0/37057] WARN  impl.MetricsConfig (MetricsConfig.java:loadFirst(136)) - Cannot locate configuration: tried hadoop-metrics2-storagecontainermanager.properties,hadoop-metrics2.properties
2022-04-27 10:51:45,911 [Listener at 0.0.0.0/37057] INFO  impl.MetricsSystemImpl (MetricsSystemImpl.java:startTimer(378)) - Scheduled Metric snapshot period at 10 second(s).
2022-04-27 10:51:45,912 [Listener at 0.0.0.0/37057] INFO  impl.MetricsSystemImpl (MetricsSystemImpl.java:start(191)) - StorageContainerManager metrics system started
2022-04-27 10:51:46,321 [Listener at 0.0.0.0/37057] INFO  server.SCMClientProtocolServer (SCMClientProtocolServer.java:start(169)) - RPC server for Client  is listening at /0.0.0.0:37057
2022-04-27 10:51:46,323 [IPC Server Responder] INFO  ipc.Server (Server.java:run(1507)) - IPC Server Responder: starting
2022-04-27 10:51:46,325 [IPC Server listener on 0] INFO  ipc.Server (Server.java:run(1344)) - IPC Server listener on 0: starting
2022-04-27 10:51:46,332 [Listener at 0.0.0.0/37057] INFO  server.StorageContainerManager (StorageContainerManager.java:start(1343)) - ScmBlockLocationProtocol RPC server is listening at /0.0.0.0:38805
2022-04-27 10:51:46,333 [Listener at 0.0.0.0/37057] INFO  server.SCMBlockProtocolServer (SCMBlockProtocolServer.java:start(151)) - RPC server for Block Protocol is listening at /0.0.0.0:38805
2022-04-27 10:51:46,334 [IPC Server Responder] INFO  ipc.Server (Server.java:run(1507)) - IPC Server Responder: starting
2022-04-27 10:51:46,336 [IPC Server listener on 0] INFO  ipc.Server (Server.java:run(1344)) - IPC Server listener on 0: starting
2022-04-27 10:51:46,340 [Listener at 0.0.0.0/37057] INFO  server.SCMDatanodeProtocolServer (SCMDatanodeProtocolServer.java:start(183)) - ScmDatanodeProtocol RPC server for DataNodes is listening at /0.0.0.0:44525
2022-04-27 10:51:46,341 [IPC Server Responder] INFO  ipc.Server (Server.java:run(1507)) - IPC Server Responder: starting
2022-04-27 10:51:46,341 [IPC Server listener on 0] INFO  ipc.Server (Server.java:run(1344)) - IPC Server listener on 0: starting
2022-04-27 10:51:46,369 [org.apache.hadoop.util.JvmPauseMonitor$Monitor@776a3365] INFO  util.JvmPauseMonitor (JvmPauseMonitor.java:run(188)) - Starting JVM pause monitor
2022-04-27 10:51:46,385 [Listener at 0.0.0.0/37057] INFO  http.BaseHttpServer (BaseHttpServer.java:newHttpServer2BuilderForOzone(209)) - Starting Web-server for scm at: http://0.0.0.0:0
2022-04-27 10:51:46,385 [Listener at 0.0.0.0/37057] INFO  http.BaseHttpServer (BaseHttpServer.java:<init>(107)) - Hadoop Security Enabled: false Ozone Security Enabled: false Ozone HTTP Security Enabled: false 
2022-04-27 10:51:46,415 [Listener at 0.0.0.0/37057] INFO  util.log (Log.java:initialized(170)) - Logging initialized @4858ms to org.eclipse.jetty.util.log.Slf4jLog
2022-04-27 10:51:46,534 [Listener at 0.0.0.0/37057] INFO  server.AuthenticationFilter (AuthenticationFilter.java:constructSecretProvider(240)) - Unable to initialize FileSignerSecretProvider, falling back to use random secrets.
2022-04-27 10:51:46,544 [Listener at 0.0.0.0/37057] WARN  http.HttpRequestLog (HttpRequestLog.java:getRequestLog(103)) - Jetty request log can only be enabled using Log4j
2022-04-27 10:51:46,550 [Listener at 0.0.0.0/37057] INFO  http.HttpServer2 (HttpServer2.java:addGlobalFilter(1030)) - Added global filter 'safety' (class=org.apache.hadoop.hdds.server.http.HttpServer2$QuotingInputFilter)
2022-04-27 10:51:46,552 [Listener at 0.0.0.0/37057] INFO  http.HttpServer2 (HttpServer2.java:addFilter(1006)) - Added filter static_user_filter (class=org.apache.hadoop.http.lib.StaticUserWebFilter$StaticUserFilter) to context scm
2022-04-27 10:51:46,552 [Listener at 0.0.0.0/37057] INFO  http.HttpServer2 (HttpServer2.java:addFilter(1014)) - Added filter static_user_filter (class=org.apache.hadoop.http.lib.StaticUserWebFilter$StaticUserFilter) to context logs
2022-04-27 10:51:46,553 [Listener at 0.0.0.0/37057] INFO  http.HttpServer2 (HttpServer2.java:addFilter(1014)) - Added filter static_user_filter (class=org.apache.hadoop.http.lib.StaticUserWebFilter$StaticUserFilter) to context static
2022-04-27 10:51:46,594 [Listener at 0.0.0.0/37057] INFO  http.HttpServer2 (HttpServer2.java:bindListener(1249)) - Jetty bound to port 35863
2022-04-27 10:51:46,596 [Listener at 0.0.0.0/37057] INFO  server.Server (Server.java:doStart(375)) - jetty-9.4.43.v20210629; built: 2021-06-30T11:07:22.254Z; git: 526006ecfa3af7f1a27ef3a288e2bef7ea9dd7e8; jvm 1.8.0_322-b06
2022-04-27 10:51:46,640 [Listener at 0.0.0.0/37057] INFO  server.session (DefaultSessionIdManager.java:doStart(334)) - DefaultSessionIdManager workerName=node0
2022-04-27 10:51:46,641 [Listener at 0.0.0.0/37057] INFO  server.session (DefaultSessionIdManager.java:doStart(339)) - No SessionScavenger set, using defaults
2022-04-27 10:51:46,644 [Listener at 0.0.0.0/37057] INFO  server.session (HouseKeeper.java:startScavenging(132)) - node0 Scavenging every 660000ms
2022-04-27 10:51:46,660 [Listener at 0.0.0.0/37057] INFO  handler.ContextHandler (ContextHandler.java:doStart(915)) - Started o.e.j.s.ServletContextHandler@68303c3e{logs,/logs,file:///home/runner/work/ozone/ozone/hadoop-ozone/integration-test/target/log,AVAILABLE}
2022-04-27 10:51:46,661 [Listener at 0.0.0.0/37057] INFO  handler.ContextHandler (ContextHandler.java:doStart(915)) - Started o.e.j.s.ServletContextHandler@b386a17{static,/static,file:///home/runner/work/ozone/ozone/hadoop-ozone/integration-test/target/test-classes/webapps/static,AVAILABLE}
2022-04-27 10:51:46,715 [Listener at 0.0.0.0/37057] INFO  handler.ContextHandler (ContextHandler.java:doStart(915)) - Started o.e.j.w.WebAppContext@334d825c{scm,/,file:///home/runner/work/ozone/ozone/hadoop-ozone/integration-test/target/test-classes/webapps/scm/,AVAILABLE}{file:/home/runner/work/ozone/ozone/hadoop-ozone/integration-test/target/test-classes/webapps/scm}
2022-04-27 10:51:46,727 [Listener at 0.0.0.0/37057] INFO  server.AbstractConnector (AbstractConnector.java:doStart(331)) - Started ServerConnector@39dce2df{HTTP/1.1, (http/1.1)}{0.0.0.0:35863}
2022-04-27 10:51:46,727 [Listener at 0.0.0.0/37057] INFO  server.Server (Server.java:doStart(415)) - Started @5170ms
2022-04-27 10:51:46,729 [Listener at 0.0.0.0/37057] INFO  impl.MetricsSinkAdapter (MetricsSinkAdapter.java:start(204)) - Sink prometheus started
2022-04-27 10:51:46,730 [Listener at 0.0.0.0/37057] INFO  impl.MetricsSystemImpl (MetricsSystemImpl.java:registerSink(305)) - Registered sink prometheus
2022-04-27 10:51:46,731 [Listener at 0.0.0.0/37057] INFO  http.BaseHttpServer (BaseHttpServer.java:updateConnectorAddress(329)) - HTTP server of scm listening at http://0.0.0.0:35863
2022-04-27 10:51:46,733 [Listener at 0.0.0.0/37057] WARN  server.ServerUtils (ServerUtils.java:getDBPath(225)) - ozone.om.db.dirs is not configured. We recommend adding this setting. Falling back to ozone.metadata.dirs instead.
2022-04-27 10:51:46,792 [Listener at 0.0.0.0/37057] INFO  audit.AuditLogger (AuditLogger.java:refreshDebugCmdSet(120)) - Refresh DebugCmdSet for OMAudit to [].
2022-04-27 10:51:46,897 [Listener at 0.0.0.0/37057] INFO  ha.OMHANodeDetails (OMHANodeDetails.java:loadOMHAConfig(112)) - ozone.om.internal.service.id is not defined, falling back to ozone.om.service.ids to find serviceID for OzoneManager if it is HA enabled cluster
2022-04-27 10:51:46,904 [Listener at 0.0.0.0/37057] INFO  ha.OMHANodeDetails (OMHANodeDetails.java:loadOMHAConfig(218)) - Configuration does not have ozone.om.address set. Falling back to the default OM address /127.0.0.1:0
2022-04-27 10:51:46,904 [Listener at 0.0.0.0/37057] INFO  ha.OMHANodeDetails (OMHANodeDetails.java:getOMNodeDetailsForNonHA(246)) - OM Service ID is not set. Setting it to the default ID: omServiceIdDefault
2022-04-27 10:51:46,906 [Listener at 0.0.0.0/37057] INFO  ha.OMHANodeDetails (OMHANodeDetails.java:getOMNodeDetailsForNonHA(253)) - OM Node ID is not set. Setting it to the default ID: om1
2022-04-27 10:51:46,911 [Listener at 0.0.0.0/37057] WARN  server.ServerUtils (ServerUtils.java:getDBPath(225)) - ozone.om.db.dirs is not configured. We recommend adding this setting. Falling back to ozone.metadata.dirs instead.
2022-04-27 10:51:46,913 [Listener at 0.0.0.0/37057] INFO  upgrade.AbstractLayoutVersionManager (AbstractLayoutVersionManager.java:init(79)) - Initializing Layout version manager with metadata layout = ERASURE_CODED_STORAGE_SUPPORT (version = 1), software layout = ERASURE_CODED_STORAGE_SUPPORT (version = 1)
2022-04-27 10:51:47,008 [Listener at 0.0.0.0/37057] INFO  reflections.Reflections (Reflections.java:scan(232)) - Reflections took 88 ms to scan 2 urls, producing 142 keys and 367 values [using 2 cores]
2022-04-27 10:51:47,013 [Listener at 0.0.0.0/37057] INFO  upgrade.OMLayoutVersionManager (OMLayoutVersionManager.java:lambda$0(115)) - Skipping Upgrade Action MockOmUpgradeAction since it has been finalized.
2022-04-27 10:51:47,014 [Listener at 0.0.0.0/37057] WARN  server.ServerUtils (ServerUtils.java:getDBPath(225)) - ozone.om.db.dirs is not configured. We recommend adding this setting. Falling back to ozone.metadata.dirs instead.
2022-04-27 10:51:47,489 [Listener at 0.0.0.0/37057] WARN  server.ServerUtils (ServerUtils.java:getDBPath(225)) - ozone.om.db.dirs is not configured. We recommend adding this setting. Falling back to ozone.metadata.dirs instead.
2022-04-27 10:51:47,497 [Listener at 0.0.0.0/37057] INFO  codec.OmKeyInfoCodec (OmKeyInfoCodec.java:<init>(49)) - OmKeyInfoCodec ignorePipeline = true
2022-04-27 10:51:47,498 [Listener at 0.0.0.0/37057] INFO  codec.RepeatedOmKeyInfoCodec (RepeatedOmKeyInfoCodec.java:<init>(41)) - RepeatedOmKeyInfoCodec ignorePipeline = true
2022-04-27 10:51:47,770 [Listener at 0.0.0.0/37057] INFO  om.OzoneManager (OzoneManager.java:addS3GVolumeToDB(3770)) - Created Volume s3v With Owner runner required for S3Gateway operations.
2022-04-27 10:51:47,825 [Listener at 0.0.0.0/37057] WARN  server.ServerUtils (ServerUtils.java:getDefaultRatisDirectory(237)) - Storage directory for Ratis is not configured. It is a good idea to map this to an SSD disk. Falling back to ozone.metadata.dirs
2022-04-27 10:51:47,825 [Listener at 0.0.0.0/37057] WARN  utils.OzoneManagerRatisUtils (OzoneManagerRatisUtils.java:getOMRatisSnapshotDirectory(395)) - ozone.om.ratis.snapshot.dir is not configured. Falling back to ozone.metadata.dirs config
2022-04-27 10:51:47,850 [Listener at 0.0.0.0/37057] WARN  server.ServerUtils (ServerUtils.java:getDefaultRatisDirectory(237)) - Storage directory for Ratis is not configured. It is a good idea to map this to an SSD disk. Falling back to ozone.metadata.dirs
2022-04-27 10:51:47,884 [Listener at 0.0.0.0/37057] INFO  ratis.OzoneManagerRatisServer (OzoneManagerRatisServer.java:<init>(159)) - Instantiating OM Ratis server with groupID: omServiceIdDefault and peers: localhost:9872
2022-04-27 10:51:47,894 [Listener at 0.0.0.0/37057] INFO  ratis.OzoneManagerStateMachine (OzoneManagerStateMachine.java:loadSnapshotInfoFromDB(617)) - LastAppliedIndex is set from TransactionInfo from OM DB as (t:0, i:~)
2022-04-27 10:51:47,966 [Listener at 0.0.0.0/37057] INFO  server.RaftServer (ConfUtils.java:logGet(44)) - raft.rpc.type = GRPC (default)
2022-04-27 10:51:48,063 [Listener at 0.0.0.0/37057] INFO  grpc.GrpcFactory (GrpcFactory.java:checkPooledByteBufAllocatorUseCacheForAllThreads(48)) - PERFORMANCE WARNING: useCacheForAllThreads is true that may cause Netty to create a lot garbage objects and, as a result, trigger GC.
	It is recommended to disable useCacheForAllThreads by setting -Dorg.apache.ratis.thirdparty.io.netty.allocator.useCacheForAllThreads=false in command line.
2022-04-27 10:51:48,067 [Listener at 0.0.0.0/37057] INFO  grpc.GrpcConfigKeys (ConfUtils.java:logGet(44)) - raft.grpc.admin.port = -1 (default)
2022-04-27 10:51:48,068 [Listener at 0.0.0.0/37057] INFO  grpc.GrpcConfigKeys (ConfUtils.java:logGet(44)) - raft.grpc.server.port = 9872 (custom)
2022-04-27 10:51:48,069 [Listener at 0.0.0.0/37057] INFO  grpc.GrpcConfigKeys (ConfUtils.java:logGet(44)) - raft.grpc.client.port = -1 (default)
2022-04-27 10:51:48,069 [Listener at 0.0.0.0/37057] INFO  grpc.GrpcConfigKeys (ConfUtils.java:logGet(44)) - raft.grpc.server.port = 9872 (custom)
2022-04-27 10:51:48,069 [Listener at 0.0.0.0/37057] INFO  grpc.GrpcConfigKeys (ConfUtils.java:logGet(44)) - raft.grpc.server.port = 9872 (custom)
2022-04-27 10:51:48,070 [Listener at 0.0.0.0/37057] INFO  server.GrpcService (ConfUtils.java:logGet(44)) - raft.grpc.message.size.max = 33554432 (custom)
2022-04-27 10:51:48,071 [Listener at 0.0.0.0/37057] INFO  server.RaftServerConfigKeys (ConfUtils.java:logGet(44)) - raft.server.log.appender.buffer.byte-limit = 33554432 (custom)
2022-04-27 10:51:48,072 [Listener at 0.0.0.0/37057] INFO  server.GrpcService (ConfUtils.java:logGet(44)) - raft.grpc.flow.control.window = 1MB (=1048576) (default)
2022-04-27 10:51:48,073 [Listener at 0.0.0.0/37057] INFO  server.RaftServerConfigKeys (ConfUtils.java:logGet(44)) - raft.server.rpc.request.timeout = 3000ms (default)
2022-04-27 10:51:48,398 [Listener at 0.0.0.0/37057] INFO  impl.DataStreamServerImpl (ConfUtils.java:logGet(44)) - raft.datastream.type = DISABLED (default)
2022-04-27 10:51:48,401 [Listener at 0.0.0.0/37057] INFO  server.RaftServerConfigKeys (ConfUtils.java:logGet(44)) - raft.server.rpc.slowness.timeout = 120s (custom)
2022-04-27 10:51:48,401 [Listener at 0.0.0.0/37057] INFO  server.RaftServerConfigKeys (ConfUtils.java:logGet(44)) - raft.server.leaderelection.leader.step-down.wait-time = 10s (default)
2022-04-27 10:51:48,419 [Listener at 0.0.0.0/37057] INFO  server.RaftServerConfigKeys (ConfUtils.java:logGet(44)) - raft.server.storage.dir = [/home/runner/work/ozone/ozone/hadoop-ozone/integration-test/target/test-dir/MiniOzoneClusterImpl-6fb830c9-5413-49cc-a625-6cf41c4e5c97/ozone-meta/ratis] (custom)
2022-04-27 10:51:48,428 [Listener at 0.0.0.0/37057] INFO  server.RaftServer (RaftServerProxy.java:addNew(95)) - om1: addNew group-C5BA1605619E:[om1|rpc:localhost:9872|priority:0] returns group-C5BA1605619E:java.util.concurrent.CompletableFuture@7fa498b3[Not completed]
2022-04-27 10:51:48,428 [Listener at 0.0.0.0/37057] INFO  om.OzoneManager (OzoneManager.java:initializeRatisServer(1839)) - OzoneManager Ratis server initialized at port 9872
2022-04-27 10:51:48,462 [pool-50-thread-1] INFO  server.RaftServer$Division (RaftServerImpl.java:<init>(184)) - om1: new RaftServerImpl for group-C5BA1605619E:[om1|rpc:localhost:9872|priority:0] with OzoneManagerStateMachine:uninitialized
2022-04-27 10:51:48,465 [pool-50-thread-1] INFO  server.RaftServerConfigKeys (ConfUtils.java:logGet(44)) - raft.server.rpc.timeout.min = 1s (custom)
2022-04-27 10:51:48,467 [pool-50-thread-1] INFO  server.RaftServerConfigKeys (ConfUtils.java:logGet(44)) - raft.server.rpc.timeout.max = 1200ms (custom)
2022-04-27 10:51:48,468 [pool-50-thread-1] INFO  server.RaftServerConfigKeys (ConfUtils.java:logGet(44)) - raft.server.rpc.sleep.time = 25ms (default)
2022-04-27 10:51:48,468 [pool-50-thread-1] INFO  server.RaftServerConfigKeys (ConfUtils.java:logGet(44)) - raft.server.rpc.slowness.timeout = 120s (custom)
2022-04-27 10:51:48,468 [pool-50-thread-1] INFO  server.RaftServerConfigKeys (ConfUtils.java:logGet(44)) - raft.server.leaderelection.leader.step-down.wait-time = 10s (default)
2022-04-27 10:51:48,468 [pool-50-thread-1] INFO  server.RaftServerConfigKeys (ConfUtils.java:logGet(44)) - raft.server.sleep.deviation.threshold = 300ms (default)
2022-04-27 10:51:48,469 [pool-50-thread-1] INFO  server.RaftServerConfigKeys (ConfUtils.java:logGet(44)) - raft.server.log.appender.install.snapshot.enabled = false (custom)
2022-04-27 10:51:48,475 [pool-50-thread-1] INFO  server.RaftServer$Division (ServerState.java:<init>(105)) - om1@group-C5BA1605619E: ConfigurationManager, init=-1: [om1|rpc:localhost:9872|priority:0], old=null, confs=<EMPTY_MAP>
2022-04-27 10:51:48,475 [pool-50-thread-1] INFO  server.RaftServerConfigKeys (ConfUtils.java:logGet(44)) - raft.server.storage.dir = [/home/runner/work/ozone/ozone/hadoop-ozone/integration-test/target/test-dir/MiniOzoneClusterImpl-6fb830c9-5413-49cc-a625-6cf41c4e5c97/ozone-meta/ratis] (custom)
2022-04-27 10:51:48,492 [pool-50-thread-1] INFO  server.RaftServerConfigKeys (ConfUtils.java:logGet(44)) - raft.server.log.corruption.policy = EXCEPTION (default)
2022-04-27 10:51:48,492 [pool-50-thread-1] INFO  server.RaftServerConfigKeys (ConfUtils.java:logGet(44)) - raft.server.storage.free-space.min = 0MB (=0) (default)
2022-04-27 10:51:48,494 [pool-50-thread-1] INFO  storage.RaftStorageDirectory (RaftStorageDirectoryImpl.java:analyzeStorage(135)) - The storage directory /home/runner/work/ozone/ozone/hadoop-ozone/integration-test/target/test-dir/MiniOzoneClusterImpl-6fb830c9-5413-49cc-a625-6cf41c4e5c97/ozone-meta/ratis/bf265839-605b-3f16-9796-c5ba1605619e does not exist. Creating ...
2022-04-27 10:51:48,513 [pool-50-thread-1] INFO  storage.RaftStorageDirectory (RaftStorageDirectoryImpl.java:tryLock(230)) - Lock on /home/runner/work/ozone/ozone/hadoop-ozone/integration-test/target/test-dir/MiniOzoneClusterImpl-6fb830c9-5413-49cc-a625-6cf41c4e5c97/ozone-meta/ratis/bf265839-605b-3f16-9796-c5ba1605619e/in_use.lock acquired by nodename 2917@fv-az270-423
2022-04-27 10:51:48,525 [pool-50-thread-1] INFO  storage.RaftStorage (RaftStorageImpl.java:format(89)) - Storage directory /home/runner/work/ozone/ozone/hadoop-ozone/integration-test/target/test-dir/MiniOzoneClusterImpl-6fb830c9-5413-49cc-a625-6cf41c4e5c97/ozone-meta/ratis/bf265839-605b-3f16-9796-c5ba1605619e has been successfully formatted.
2022-04-27 10:51:48,529 [pool-50-thread-1] INFO  server.RaftServerConfigKeys (ConfUtils.java:logGet(44)) - raft.server.notification.no-leader.timeout = 120s (custom)
2022-04-27 10:51:48,531 [pool-50-thread-1] INFO  server.RaftServerConfigKeys (ConfUtils.java:logGet(44)) - raft.server.log.use.memory = false (default)
2022-04-27 10:51:48,541 [pool-50-thread-1] INFO  server.RaftServerConfigKeys (ConfUtils.java:logGet(44)) - raft.server.log.purge.gap = 1000000 (custom)
2022-04-27 10:51:48,542 [pool-50-thread-1] INFO  server.RaftServerConfigKeys (ConfUtils.java:logGet(44)) - raft.server.log.appender.buffer.byte-limit = 33554432 (custom)
2022-04-27 10:51:48,598 [pool-50-thread-1] INFO  server.RaftServerConfigKeys (ConfUtils.java:logGet(44)) - raft.server.log.segment.size.max = 4194304 (custom)
2022-04-27 10:51:48,643 [pool-50-thread-1] INFO  server.RaftServerConfigKeys (ConfUtils.java:logGet(44)) - raft.server.log.segment.cache.num.max = 2 (custom)
2022-04-27 10:51:48,643 [pool-50-thread-1] INFO  server.RaftServerConfigKeys (ConfUtils.java:logGet(44)) - raft.server.log.segment.cache.size.max = 200MB (=209715200) (default)
2022-04-27 10:51:48,650 [pool-50-thread-1] INFO  segmented.SegmentedRaftLogWorker (SegmentedRaftLogWorker.java:<init>(182)) - new om1@group-C5BA1605619E-SegmentedRaftLogWorker for RaftStorageImpl:Storage Directory /home/runner/work/ozone/ozone/hadoop-ozone/integration-test/target/test-dir/MiniOzoneClusterImpl-6fb830c9-5413-49cc-a625-6cf41c4e5c97/ozone-meta/ratis/bf265839-605b-3f16-9796-c5ba1605619e
2022-04-27 10:51:48,651 [pool-50-thread-1] INFO  server.RaftServerConfigKeys (ConfUtils.java:logGet(44)) - raft.server.log.queue.byte-limit = 64MB (=67108864) (default)
2022-04-27 10:51:48,654 [pool-50-thread-1] INFO  server.RaftServerConfigKeys (ConfUtils.java:logGet(44)) - raft.server.log.queue.element-limit = 4096 (default)
2022-04-27 10:51:48,655 [pool-50-thread-1] INFO  server.RaftServerConfigKeys (ConfUtils.java:logGet(44)) - raft.server.log.segment.size.max = 4194304 (custom)
2022-04-27 10:51:48,655 [pool-50-thread-1] INFO  server.RaftServerConfigKeys (ConfUtils.java:logGet(44)) - raft.server.log.preallocated.size = 4194304 (custom)
2022-04-27 10:51:48,655 [pool-50-thread-1] INFO  server.RaftServerConfigKeys (ConfUtils.java:logGet(44)) - raft.server.log.force.sync.num = 128 (default)
2022-04-27 10:51:48,667 [pool-50-thread-1] INFO  server.RaftServerConfigKeys (ConfUtils.java:logGet(44)) - raft.server.log.statemachine.data.sync = true (default)
2022-04-27 10:51:48,667 [pool-50-thread-1] INFO  server.RaftServerConfigKeys (ConfUtils.java:logGet(44)) - raft.server.log.statemachine.data.sync.timeout = 10s (default)
2022-04-27 10:51:48,667 [pool-50-thread-1] INFO  server.RaftServerConfigKeys (ConfUtils.java:logGet(44)) - raft.server.log.statemachine.data.sync.timeout.retry = -1 (default)
2022-04-27 10:51:48,720 [pool-50-thread-1] INFO  server.RaftServerConfigKeys (ConfUtils.java:logGet(44)) - raft.server.log.write.buffer.size = 64KB (=65536) (default)
2022-04-27 10:51:48,721 [pool-50-thread-1] INFO  server.RaftServerConfigKeys (ConfUtils.java:logGet(44)) - raft.server.log.statemachine.data.caching.enabled = false (default)
2022-04-27 10:51:48,761 [pool-50-thread-1] INFO  segmented.SegmentedRaftLogWorker (SegmentedRaftLogWorker.java:lambda$new$0(133)) - om1@group-C5BA1605619E-SegmentedRaftLogWorker: flushIndex: setUnconditionally 0 -> -1
2022-04-27 10:51:48,761 [pool-50-thread-1] INFO  segmented.SegmentedRaftLogWorker (SegmentedRaftLogWorker.java:lambda$new$0(133)) - om1@group-C5BA1605619E-SegmentedRaftLogWorker: safeCacheEvictIndex: setUnconditionally 0 -> -1
2022-04-27 10:51:48,776 [pool-50-thread-1] INFO  server.RaftServerConfigKeys (ConfUtils.java:logGet(44)) - raft.server.snapshot.auto.trigger.enabled = true (custom)
2022-04-27 10:51:48,778 [pool-50-thread-1] INFO  server.RaftServerConfigKeys (ConfUtils.java:logGet(44)) - raft.server.snapshot.auto.trigger.threshold = 400000 (default)
2022-04-27 10:51:48,778 [pool-50-thread-1] INFO  server.RaftServerConfigKeys (ConfUtils.java:logGet(44)) - raft.server.snapshot.retention.file.num = -1 (default)
2022-04-27 10:51:48,791 [pool-50-thread-1] INFO  server.RaftServerConfigKeys (ConfUtils.java:logGet(44)) - raft.server.log.purge.upto.snapshot.index = true (custom)
2022-04-27 10:51:48,799 [pool-50-thread-1] INFO  server.RaftServerConfigKeys (ConfUtils.java:logGet(44)) - raft.server.retrycache.expirytime = 300s (custom)
2022-04-27 10:51:48,799 [pool-50-thread-1] INFO  server.RaftServerConfigKeys (ConfUtils.java:logGet(44)) - raft.server.retrycache.statistics.expirytime = 100μs (default)
2022-04-27 10:51:49,184 [Listener at 0.0.0.0/37057] INFO  reflections.Reflections (Reflections.java:scan(232)) - Reflections took 664 ms to scan 18 urls, producing 61 keys and 3663 values [using 2 cores]
2022-04-27 10:51:49,388 [Listener at 0.0.0.0/37057] INFO  ipc.CallQueueManager (CallQueueManager.java:<init>(90)) - Using callQueue: class java.util.concurrent.LinkedBlockingQueue, queueCapacity: 2000, scheduler: class org.apache.hadoop.ipc.DefaultRpcScheduler, ipcBackoff: false.
2022-04-27 10:51:49,389 [Socket Reader #1 for port 0] INFO  ipc.Server (Server.java:run(1265)) - Starting Socket Reader #1 for port 0
2022-04-27 10:51:49,420 [Listener at 127.0.0.1/43313] INFO  impl.MetricsSystemImpl (MetricsSystemImpl.java:init(158)) - OzoneManager metrics system started (again)
2022-04-27 10:51:49,434 [Listener at 127.0.0.1/43313] INFO  om.OzoneManager (OzoneManager.java:start(1367)) - OzoneManager RPC server is listening at localhost/127.0.0.1:43313
2022-04-27 10:51:49,434 [Listener at 127.0.0.1/43313] INFO  ratis.OzoneManagerRatisServer (OzoneManagerRatisServer.java:start(554)) - Starting OzoneManagerRatisServer om1 at port 9872
2022-04-27 10:51:49,436 [Listener at 127.0.0.1/43313] INFO  server.RaftServer$Division (RaftServerImpl.java:start(301)) - om1@group-C5BA1605619E: start as a follower, conf=-1: [om1|rpc:localhost:9872|priority:0], old=null
2022-04-27 10:51:49,438 [Listener at 127.0.0.1/43313] INFO  server.RaftServer$Division (RaftServerImpl.java:setRole(290)) - om1@group-C5BA1605619E: changes role from      null to FOLLOWER at term 0 for startAsFollower
2022-04-27 10:51:49,440 [Listener at 127.0.0.1/43313] INFO  impl.RoleInfo (RoleInfo.java:updateAndGet(130)) - om1: start om1@group-C5BA1605619E-FollowerState
2022-04-27 10:51:49,445 [Listener at 127.0.0.1/43313] INFO  util.JmxRegister (JmxRegister.java:tryRegister(44)) - Successfully registered JMX Bean with object name Ratis:service=RaftServer,group=group-C5BA1605619E,id=om1
2022-04-27 10:51:49,448 [Listener at 127.0.0.1/43313] INFO  server.RaftServer (RaftServerProxy.java:lambda$start$5(374)) - om1: start RPC server
2022-04-27 10:51:49,515 [Listener at 127.0.0.1/43313] INFO  server.GrpcService (GrpcService.java:startImpl(253)) - om1: GrpcService started, listening on 9872
2022-04-27 10:51:49,517 [Listener at 127.0.0.1/43313] INFO  om.OzoneManager (OzoneManager.java:start(1383)) - Version File has different layout version (1) than OM DB (null). That is expected if this OM has never been finalized to a newer layout version.
2022-04-27 10:51:49,519 [org.apache.ratis.util.JvmPauseMonitor$$Lambda$626/1217536106@752114f1] INFO  util.JvmPauseMonitor (JvmPauseMonitor.java:run(103)) - JvmPauseMonitor-om1: Started
2022-04-27 10:51:49,540 [Listener at 127.0.0.1/43313] INFO  http.BaseHttpServer (BaseHttpServer.java:newHttpServer2BuilderForOzone(209)) - Starting Web-server for ozoneManager at: http://0.0.0.0:0
2022-04-27 10:51:49,541 [Listener at 127.0.0.1/43313] INFO  http.BaseHttpServer (BaseHttpServer.java:<init>(107)) - Hadoop Security Enabled: false Ozone Security Enabled: false Ozone HTTP Security Enabled: false 
2022-04-27 10:51:49,542 [Listener at 127.0.0.1/43313] INFO  server.AuthenticationFilter (AuthenticationFilter.java:constructSecretProvider(240)) - Unable to initialize FileSignerSecretProvider, falling back to use random secrets.
2022-04-27 10:51:49,544 [Listener at 127.0.0.1/43313] WARN  http.HttpRequestLog (HttpRequestLog.java:getRequestLog(103)) - Jetty request log can only be enabled using Log4j
2022-04-27 10:51:49,545 [Listener at 127.0.0.1/43313] INFO  http.HttpServer2 (HttpServer2.java:addGlobalFilter(1030)) - Added global filter 'safety' (class=org.apache.hadoop.hdds.server.http.HttpServer2$QuotingInputFilter)
2022-04-27 10:51:49,546 [Listener at 127.0.0.1/43313] INFO  http.HttpServer2 (HttpServer2.java:addFilter(1006)) - Added filter static_user_filter (class=org.apache.hadoop.http.lib.StaticUserWebFilter$StaticUserFilter) to context ozoneManager
2022-04-27 10:51:49,547 [Listener at 127.0.0.1/43313] INFO  http.HttpServer2 (HttpServer2.java:addFilter(1014)) - Added filter static_user_filter (class=org.apache.hadoop.http.lib.StaticUserWebFilter$StaticUserFilter) to context logs
2022-04-27 10:51:49,547 [Listener at 127.0.0.1/43313] INFO  http.HttpServer2 (HttpServer2.java:addFilter(1014)) - Added filter static_user_filter (class=org.apache.hadoop.http.lib.StaticUserWebFilter$StaticUserFilter) to context static
2022-04-27 10:51:49,549 [Listener at 127.0.0.1/43313] INFO  http.HttpServer2 (HttpServer2.java:bindListener(1249)) - Jetty bound to port 37649
2022-04-27 10:51:49,549 [Listener at 127.0.0.1/43313] INFO  server.Server (Server.java:doStart(375)) - jetty-9.4.43.v20210629; built: 2021-06-30T11:07:22.254Z; git: 526006ecfa3af7f1a27ef3a288e2bef7ea9dd7e8; jvm 1.8.0_322-b06
2022-04-27 10:51:49,556 [Listener at 127.0.0.1/43313] INFO  server.session (DefaultSessionIdManager.java:doStart(334)) - DefaultSessionIdManager workerName=node0
2022-04-27 10:51:49,556 [Listener at 127.0.0.1/43313] INFO  server.session (DefaultSessionIdManager.java:doStart(339)) - No SessionScavenger set, using defaults
2022-04-27 10:51:49,556 [Listener at 127.0.0.1/43313] INFO  server.session (HouseKeeper.java:startScavenging(132)) - node0 Scavenging every 660000ms
2022-04-27 10:51:49,557 [Listener at 127.0.0.1/43313] INFO  handler.ContextHandler (ContextHandler.java:doStart(915)) - Started o.e.j.s.ServletContextHandler@4002f09c{logs,/logs,file:///home/runner/work/ozone/ozone/hadoop-ozone/integration-test/target/log,AVAILABLE}
2022-04-27 10:51:49,558 [Listener at 127.0.0.1/43313] INFO  handler.ContextHandler (ContextHandler.java:doStart(915)) - Started o.e.j.s.ServletContextHandler@73d0dbbf{static,/static,file:///home/runner/work/ozone/ozone/hadoop-ozone/integration-test/target/test-classes/webapps/static,AVAILABLE}
2022-04-27 10:51:49,565 [Listener at 127.0.0.1/43313] INFO  handler.ContextHandler (ContextHandler.java:doStart(915)) - Started o.e.j.w.WebAppContext@2dec97ea{ozoneManager,/,file:///home/runner/work/ozone/ozone/hadoop-ozone/integration-test/target/test-classes/webapps/ozoneManager/,AVAILABLE}{file:/home/runner/work/ozone/ozone/hadoop-ozone/integration-test/target/test-classes/webapps/ozoneManager}
2022-04-27 10:51:49,566 [Listener at 127.0.0.1/43313] INFO  server.AbstractConnector (AbstractConnector.java:doStart(331)) - Started ServerConnector@57db81e2{HTTP/1.1, (http/1.1)}{0.0.0.0:37649}
2022-04-27 10:51:49,566 [Listener at 127.0.0.1/43313] INFO  server.Server (Server.java:doStart(415)) - Started @8009ms
2022-04-27 10:51:49,567 [Listener at 127.0.0.1/43313] WARN  impl.MetricsSystemImpl (MetricsSystemImpl.java:register(279)) - Sink prometheus already exists!
2022-04-27 10:51:49,568 [Listener at 127.0.0.1/43313] INFO  http.BaseHttpServer (BaseHttpServer.java:updateConnectorAddress(329)) - HTTP server of ozoneManager listening at http://0.0.0.0:37649
2022-04-27 10:51:49,568 [IPC Server Responder] INFO  ipc.Server (Server.java:run(1507)) - IPC Server Responder: starting
2022-04-27 10:51:49,569 [IPC Server listener on 0] INFO  ipc.Server (Server.java:run(1344)) - IPC Server listener on 0: starting
2022-04-27 10:51:49,574 [Listener at 127.0.0.1/43313] INFO  om.OzoneManager (OzoneManager.java:startTrashEmptier(1797)) - Trash Interval set to 0. Files deleted will not move to trash
2022-04-27 10:51:49,584 [org.apache.hadoop.util.JvmPauseMonitor$Monitor@3aa768c0] INFO  util.JvmPauseMonitor (JvmPauseMonitor.java:run(188)) - Starting JVM pause monitor
2022-04-27 10:51:49,761 [Listener at 127.0.0.1/43313] WARN  impl.MetricRegistriesImpl (MetricRegistriesImpl.java:addReporterRegistration(111)) - New reporters are added after registries were created. Some metrics will be missing from the reporter. Please add reporter before adding any new registry.
2022-04-27 10:51:49,762 [Listener at 127.0.0.1/43313] WARN  impl.MetricRegistriesImpl (MetricRegistriesImpl.java:addReporterRegistration(111)) - New reporters are added after registries were created. Some metrics will be missing from the reporter. Please add reporter before adding any new registry.
2022-04-27 10:51:49,762 [Listener at 127.0.0.1/43313] INFO  impl.MetricsSystemImpl (MetricsSystemImpl.java:init(158)) - HddsDatanode metrics system started (again)
2022-04-27 10:51:49,780 [Listener at 127.0.0.1/43313] INFO  ozone.HddsDatanodeService (HddsDatanodeService.java:start(233)) - HddsDatanodeService host:fv-az270-423.tacnzluakwdehk1hpragurqkma.bx.internal.cloudapp.net ip:10.1.0.29
2022-04-27 10:51:49,818 [Listener at 127.0.0.1/43313] INFO  upgrade.AbstractLayoutVersionManager (AbstractLayoutVersionManager.java:init(79)) - Initializing Layout version manager with metadata layout = ERASURE_CODED_STORAGE_SUPPORT (version = 3), software layout = ERASURE_CODED_STORAGE_SUPPORT (version = 3)
2022-04-27 10:51:49,866 [Listener at 127.0.0.1/43313] INFO  reflections.Reflections (Reflections.java:scan(232)) - Reflections took 47 ms to scan 7 urls, producing 126 keys and 287 values 
2022-04-27 10:51:49,870 [Listener at 127.0.0.1/43313] INFO  statemachine.DatanodeStateMachine (DatanodeStateMachine.java:getEndPointTaskThreadPoolSize(224)) - Datanode State Machine Task Thread Pool size 2
2022-04-27 10:51:50,156 [Listener at 127.0.0.1/43313] INFO  volume.HddsVolume (HddsVolume.java:<init>(120)) - Creating HddsVolume: /home/runner/work/ozone/ozone/hadoop-ozone/integration-test/target/test-dir/MiniOzoneClusterImpl-6fb830c9-5413-49cc-a625-6cf41c4e5c97/datanode-0/data-0/containers/hdds of storage type : DISK capacity : 9223372036854775807
2022-04-27 10:51:50,159 [Listener at 127.0.0.1/43313] INFO  volume.MutableVolumeSet (MutableVolumeSet.java:initializeVolumeSet(168)) - Added Volume : /home/runner/work/ozone/ozone/hadoop-ozone/integration-test/target/test-dir/MiniOzoneClusterImpl-6fb830c9-5413-49cc-a625-6cf41c4e5c97/datanode-0/data-0/containers/hdds to VolumeSet
2022-04-27 10:51:50,160 [Listener at 127.0.0.1/43313] INFO  volume.ThrottledAsyncChecker (ThrottledAsyncChecker.java:schedule(141)) - Scheduling a check for /home/runner/work/ozone/ozone/hadoop-ozone/integration-test/target/test-dir/MiniOzoneClusterImpl-6fb830c9-5413-49cc-a625-6cf41c4e5c97/datanode-0/data-0/containers/hdds
2022-04-27 10:51:50,186 [Listener at 127.0.0.1/43313] INFO  volume.StorageVolumeChecker (StorageVolumeChecker.java:checkAllVolumes(202)) - Scheduled health check for volume /home/runner/work/ozone/ozone/hadoop-ozone/integration-test/target/test-dir/MiniOzoneClusterImpl-6fb830c9-5413-49cc-a625-6cf41c4e5c97/datanode-0/data-0/containers/hdds
2022-04-27 10:51:50,210 [Listener at 127.0.0.1/43313] INFO  volume.MutableVolumeSet (MutableVolumeSet.java:initializeVolumeSet(168)) - Added Volume : /home/runner/work/ozone/ozone/hadoop-ozone/integration-test/target/test-dir/MiniOzoneClusterImpl-6fb830c9-5413-49cc-a625-6cf41c4e5c97/datanode-0/data/ratis to VolumeSet
2022-04-27 10:51:50,213 [Listener at 127.0.0.1/43313] INFO  volume.ThrottledAsyncChecker (ThrottledAsyncChecker.java:schedule(141)) - Scheduling a check for /home/runner/work/ozone/ozone/hadoop-ozone/integration-test/target/test-dir/MiniOzoneClusterImpl-6fb830c9-5413-49cc-a625-6cf41c4e5c97/datanode-0/data/ratis
2022-04-27 10:51:50,214 [Listener at 127.0.0.1/43313] INFO  volume.StorageVolumeChecker (StorageVolumeChecker.java:checkAllVolumes(202)) - Scheduled health check for volume /home/runner/work/ozone/ozone/hadoop-ozone/integration-test/target/test-dir/MiniOzoneClusterImpl-6fb830c9-5413-49cc-a625-6cf41c4e5c97/datanode-0/data/ratis
2022-04-27 10:51:50,240 [Thread-131] INFO  ozoneimpl.ContainerReader (ContainerReader.java:readVolume(172)) - Finish verifying containers on volume /home/runner/work/ozone/ozone/hadoop-ozone/integration-test/target/test-dir/MiniOzoneClusterImpl-6fb830c9-5413-49cc-a625-6cf41c4e5c97/datanode-0/data-0/containers/hdds
2022-04-27 10:51:50,240 [Listener at 127.0.0.1/43313] INFO  ozoneimpl.OzoneContainer (OzoneContainer.java:buildContainerSet(257)) - Build ContainerSet costs 0s
2022-04-27 10:51:50,305 [Listener at 127.0.0.1/43313] INFO  audit.AuditLogger (AuditLogger.java:refreshDebugCmdSet(120)) - Refresh DebugCmdSet for DNAudit to [].
2022-04-27 10:51:50,337 [Listener at 127.0.0.1/43313] INFO  server.RaftServer (ConfUtils.java:logGet(44)) - raft.rpc.type = GRPC (default)
2022-04-27 10:51:50,338 [Listener at 127.0.0.1/43313] INFO  grpc.GrpcFactory (GrpcFactory.java:checkPooledByteBufAllocatorUseCacheForAllThreads(48)) - PERFORMANCE WARNING: useCacheForAllThreads is true that may cause Netty to create a lot garbage objects and, as a result, trigger GC.
	It is recommended to disable useCacheForAllThreads by setting -Dorg.apache.ratis.thirdparty.io.netty.allocator.useCacheForAllThreads=false in command line.
2022-04-27 10:51:50,338 [Listener at 127.0.0.1/43313] INFO  grpc.GrpcConfigKeys (ConfUtils.java:logGet(44)) - raft.grpc.admin.port = 0 (custom)
2022-04-27 10:51:50,339 [Listener at 127.0.0.1/43313] INFO  grpc.GrpcConfigKeys (ConfUtils.java:logGet(44)) - raft.grpc.client.port = 0 (custom)
2022-04-27 10:51:50,340 [Listener at 127.0.0.1/43313] INFO  grpc.GrpcConfigKeys (ConfUtils.java:logGet(44)) - raft.grpc.server.port = 0 (default)
2022-04-27 10:51:50,341 [Listener at 127.0.0.1/43313] INFO  server.GrpcService (ConfUtils.java:logGet(44)) - raft.grpc.message.size.max = 32MB (=33554432) (custom)
2022-04-27 10:51:50,341 [Listener at 127.0.0.1/43313] INFO  server.RaftServerConfigKeys (ConfUtils.java:logGet(44)) - raft.server.log.appender.buffer.byte-limit = 33554432 (custom)
2022-04-27 10:51:50,341 [Listener at 127.0.0.1/43313] INFO  server.GrpcService (ConfUtils.java:logGet(44)) - raft.grpc.flow.control.window = 5MB (=5242880) (custom)
2022-04-27 10:51:50,341 [Listener at 127.0.0.1/43313] INFO  server.RaftServerConfigKeys (ConfUtils.java:logGet(44)) - raft.server.rpc.request.timeout = 3000ms (default)
2022-04-27 10:51:50,344 [Listener at 127.0.0.1/43313] INFO  impl.DataStreamServerImpl (ConfUtils.java:logGet(44)) - raft.datastream.type = DISABLED (default)
2022-04-27 10:51:50,344 [Listener at 127.0.0.1/43313] INFO  server.RaftServerConfigKeys (ConfUtils.java:logGet(44)) - raft.server.rpc.slowness.timeout = 300000ms (custom)
2022-04-27 10:51:50,344 [Listener at 127.0.0.1/43313] INFO  server.RaftServerConfigKeys (ConfUtils.java:logGet(44)) - raft.server.leaderelection.leader.step-down.wait-time = 10s (default)
2022-04-27 10:51:50,345 [Listener at 127.0.0.1/43313] INFO  server.RaftServerConfigKeys (ConfUtils.java:logGet(44)) - raft.server.storage.dir = [/home/runner/work/ozone/ozone/hadoop-ozone/integration-test/target/test-dir/MiniOzoneClusterImpl-6fb830c9-5413-49cc-a625-6cf41c4e5c97/datanode-0/data/ratis] (custom)
2022-04-27 10:51:50,365 [Listener at 127.0.0.1/43313] INFO  server.XceiverServerGrpc (XceiverServerGrpc.java:<init>(132)) - GrpcServer channel type EpollServerSocketChannel
2022-04-27 10:51:50,422 [Listener at 127.0.0.1/43313] INFO  http.BaseHttpServer (BaseHttpServer.java:newHttpServer2BuilderForOzone(209)) - Starting Web-server for hddsDatanode at: http://0.0.0.0:0
2022-04-27 10:51:50,422 [Listener at 127.0.0.1/43313] INFO  http.BaseHttpServer (BaseHttpServer.java:<init>(107)) - Hadoop Security Enabled: false Ozone Security Enabled: false Ozone HTTP Security Enabled: false 
2022-04-27 10:51:50,424 [Listener at 127.0.0.1/43313] INFO  server.AuthenticationFilter (AuthenticationFilter.java:constructSecretProvider(240)) - Unable to initialize FileSignerSecretProvider, falling back to use random secrets.
2022-04-27 10:51:50,425 [Listener at 127.0.0.1/43313] WARN  http.HttpRequestLog (HttpRequestLog.java:getRequestLog(103)) - Jetty request log can only be enabled using Log4j
2022-04-27 10:51:50,426 [Listener at 127.0.0.1/43313] INFO  http.HttpServer2 (HttpServer2.java:addGlobalFilter(1030)) - Added global filter 'safety' (class=org.apache.hadoop.hdds.server.http.HttpServer2$QuotingInputFilter)
2022-04-27 10:51:50,427 [Listener at 127.0.0.1/43313] INFO  http.HttpServer2 (HttpServer2.java:addFilter(1006)) - Added filter static_user_filter (class=org.apache.hadoop.http.lib.StaticUserWebFilter$StaticUserFilter) to context hddsDatanode
2022-04-27 10:51:50,427 [Listener at 127.0.0.1/43313] INFO  http.HttpServer2 (HttpServer2.java:addFilter(1014)) - Added filter static_user_filter (class=org.apache.hadoop.http.lib.StaticUserWebFilter$StaticUserFilter) to context logs
2022-04-27 10:51:50,427 [Listener at 127.0.0.1/43313] INFO  http.HttpServer2 (HttpServer2.java:addFilter(1014)) - Added filter static_user_filter (class=org.apache.hadoop.http.lib.StaticUserWebFilter$StaticUserFilter) to context static
2022-04-27 10:51:50,428 [Listener at 127.0.0.1/43313] INFO  http.HttpServer2 (HttpServer2.java:bindListener(1249)) - Jetty bound to port 41463
2022-04-27 10:51:50,429 [Listener at 127.0.0.1/43313] INFO  server.Server (Server.java:doStart(375)) - jetty-9.4.43.v20210629; built: 2021-06-30T11:07:22.254Z; git: 526006ecfa3af7f1a27ef3a288e2bef7ea9dd7e8; jvm 1.8.0_322-b06
2022-04-27 10:51:50,436 [Listener at 127.0.0.1/43313] INFO  server.session (DefaultSessionIdManager.java:doStart(334)) - DefaultSessionIdManager workerName=node0
2022-04-27 10:51:50,436 [Listener at 127.0.0.1/43313] INFO  server.session (DefaultSessionIdManager.java:doStart(339)) - No SessionScavenger set, using defaults
2022-04-27 10:51:50,436 [Listener at 127.0.0.1/43313] INFO  server.session (HouseKeeper.java:startScavenging(132)) - node0 Scavenging every 660000ms
2022-04-27 10:51:50,437 [Listener at 127.0.0.1/43313] INFO  handler.ContextHandler (ContextHandler.java:doStart(915)) - Started o.e.j.s.ServletContextHandler@3948f7b9{logs,/logs,file:///home/runner/work/ozone/ozone/hadoop-ozone/integration-test/target/log,AVAILABLE}
2022-04-27 10:51:50,438 [Listener at 127.0.0.1/43313] INFO  handler.ContextHandler (ContextHandler.java:doStart(915)) - Started o.e.j.s.ServletContextHandler@3c844476{static,/static,jar:file:/home/runner/.m2/repository/org/apache/ozone/hdds-container-service/1.3.0-SNAPSHOT/hdds-container-service-1.3.0-SNAPSHOT.jar!/webapps/static,AVAILABLE}
2022-04-27 10:51:50,488 [om1@group-C5BA1605619E-FollowerState] INFO  impl.FollowerState (FollowerState.java:run(134)) - om1@group-C5BA1605619E-FollowerState: change to CANDIDATE, lastRpcElapsedTime:1048438649ns, electionTimeout:1039ms
2022-04-27 10:51:50,489 [om1@group-C5BA1605619E-FollowerState] INFO  impl.RoleInfo (RoleInfo.java:shutdownFollowerState(108)) - om1: shutdown om1@group-C5BA1605619E-FollowerState
2022-04-27 10:51:50,490 [om1@group-C5BA1605619E-FollowerState] INFO  server.RaftServer$Division (RaftServerImpl.java:setRole(290)) - om1@group-C5BA1605619E: changes role from  FOLLOWER to CANDIDATE at term 0 for changeToCandidate
2022-04-27 10:51:50,493 [om1@group-C5BA1605619E-FollowerState] INFO  server.RaftServerConfigKeys (ConfUtils.java:logGet(44)) - raft.server.leaderelection.pre-vote = false (custom)
2022-04-27 10:51:50,493 [om1@group-C5BA1605619E-FollowerState] INFO  impl.RoleInfo (RoleInfo.java:updateAndGet(130)) - om1: start om1@group-C5BA1605619E-LeaderElection1
2022-04-27 10:51:50,499 [om1@group-C5BA1605619E-LeaderElection1] INFO  impl.LeaderElection (LeaderElection.java:askForVotes(306)) - om1@group-C5BA1605619E-LeaderElection1 ELECTION round 0: submit vote requests at term 1 for -1: [om1|rpc:localhost:9872|priority:0], old=null
2022-04-27 10:51:50,500 [om1@group-C5BA1605619E-LeaderElection1] INFO  impl.LeaderElection (LeaderElection.java:askForVotes(308)) - om1@group-C5BA1605619E-LeaderElection1 ELECTION round 0: result PASSED (term=1)
2022-04-27 10:51:50,500 [om1@group-C5BA1605619E-LeaderElection1] INFO  impl.RoleInfo (RoleInfo.java:shutdownLeaderElection(121)) - om1: shutdown om1@group-C5BA1605619E-LeaderElection1
2022-04-27 10:51:50,501 [om1@group-C5BA1605619E-LeaderElection1] INFO  server.RaftServer$Division (RaftServerImpl.java:setRole(290)) - om1@group-C5BA1605619E: changes role from CANDIDATE to LEADER at term 1 for changeToLeader
2022-04-27 10:51:50,501 [om1@group-C5BA1605619E-LeaderElection1] INFO  server.RaftServer$Division (ServerState.java:setLeader(285)) - om1@group-C5BA1605619E: change Leader from null to om1 at term 1 for becomeLeader, leader elected after 1971ms
2022-04-27 10:51:50,507 [om1@group-C5BA1605619E-LeaderElection1] INFO  server.RaftServerConfigKeys (ConfUtils.java:logGet(44)) - raft.server.staging.catchup.gap = 1000 (default)
2022-04-27 10:51:50,512 [om1@group-C5BA1605619E-LeaderElection1] INFO  server.RaftServerConfigKeys (ConfUtils.java:logGet(44)) - raft.server.write.element-limit = 4096 (default)
2022-04-27 10:51:50,513 [om1@group-C5BA1605619E-LeaderElection1] INFO  server.RaftServerConfigKeys (ConfUtils.java:logGet(44)) - raft.server.write.byte-limit = 64MB (=67108864) (default)
2022-04-27 10:51:50,518 [om1@group-C5BA1605619E-LeaderElection1] INFO  server.RaftServerConfigKeys (ConfUtils.java:logGet(44)) - raft.server.watch.timeout = 10s (default)
2022-04-27 10:51:50,519 [om1@group-C5BA1605619E-LeaderElection1] INFO  server.RaftServerConfigKeys (ConfUtils.java:logGet(44)) - raft.server.watch.timeout.denomination = 1s (default)
2022-04-27 10:51:50,519 [om1@group-C5BA1605619E-LeaderElection1] INFO  server.RaftServerConfigKeys (ConfUtils.java:logGet(44)) - raft.server.watch.element-limit = 65536 (default)
2022-04-27 10:51:50,523 [om1@group-C5BA1605619E-LeaderElection1] INFO  server.RaftServerConfigKeys (ConfUtils.java:logGet(44)) - raft.server.write.element-limit = 4096 (default)
2022-04-27 10:51:50,525 [om1@group-C5BA1605619E-LeaderElection1] INFO  server.RaftServerConfigKeys (ConfUtils.java:logGet(44)) - raft.server.write.follower.gap.ratio.max = -1.0 (default)
2022-04-27 10:51:50,528 [om1@group-C5BA1605619E-LeaderElection1] INFO  impl.RoleInfo (RoleInfo.java:updateAndGet(130)) - om1: start om1@group-C5BA1605619E-LeaderStateImpl
2022-04-27 10:51:50,581 [om1@group-C5BA1605619E-LeaderElection1] INFO  segmented.SegmentedRaftLogWorker (SegmentedRaftLogWorker.java:startLogSegment(394)) - om1@group-C5BA1605619E-SegmentedRaftLogWorker: Starting segment from index:0
2022-04-27 10:51:50,663 [om1@group-C5BA1605619E-LeaderElection1] INFO  server.RaftServer$Division (ServerState.java:setRaftConf(387)) - om1@group-C5BA1605619E: set configuration 0: [om1|rpc:localhost:9872|admin:|client:|dataStream:|priority:0], old=null
2022-04-27 10:51:50,746 [om1@group-C5BA1605619E-SegmentedRaftLogWorker] INFO  segmented.SegmentedRaftLogWorker (SegmentedRaftLogWorker.java:execute(601)) - om1@group-C5BA1605619E-SegmentedRaftLogWorker: created new log segment /home/runner/work/ozone/ozone/hadoop-ozone/integration-test/target/test-dir/MiniOzoneClusterImpl-6fb830c9-5413-49cc-a625-6cf41c4e5c97/ozone-meta/ratis/bf265839-605b-3f16-9796-c5ba1605619e/current/log_inprogress_0
2022-04-27 10:51:50,829 [Listener at 127.0.0.1/43313] INFO  handler.ContextHandler (ContextHandler.java:doStart(915)) - Started o.e.j.w.WebAppContext@2321035{hddsDatanode,/,file:///tmp/jetty-0_0_0_0-41463-hdds-container-service-1_3_0-SNAPSHOT_jar-_-any-4381817730556743892/webapp/,AVAILABLE}{jar:file:/home/runner/.m2/repository/org/apache/ozone/hdds-container-service/1.3.0-SNAPSHOT/hdds-container-service-1.3.0-SNAPSHOT.jar!/webapps/hddsDatanode}
2022-04-27 10:51:50,831 [Listener at 127.0.0.1/43313] INFO  server.AbstractConnector (AbstractConnector.java:doStart(331)) - Started ServerConnector@10320992{HTTP/1.1, (http/1.1)}{0.0.0.0:41463}
2022-04-27 10:51:50,831 [Listener at 127.0.0.1/43313] INFO  server.Server (Server.java:doStart(415)) - Started @9274ms
2022-04-27 10:51:50,832 [Listener at 127.0.0.1/43313] WARN  impl.MetricsSystemImpl (MetricsSystemImpl.java:register(279)) - Sink prometheus already exists!
2022-04-27 10:51:50,832 [Listener at 127.0.0.1/43313] INFO  http.BaseHttpServer (BaseHttpServer.java:updateConnectorAddress(329)) - HTTP server of hddsDatanode listening at http://0.0.0.0:41463
2022-04-27 10:51:50,840 [Listener at 127.0.0.1/43313] WARN  impl.MetricRegistriesImpl (MetricRegistriesImpl.java:addReporterRegistration(111)) - New reporters are added after registries were created. Some metrics will be missing from the reporter. Please add reporter before adding any new registry.
2022-04-27 10:51:50,841 [Listener at 127.0.0.1/43313] WARN  impl.MetricRegistriesImpl (MetricRegistriesImpl.java:addReporterRegistration(111)) - New reporters are added after registries were created. Some metrics will be missing from the reporter. Please add reporter before adding any new registry.
2022-04-27 10:51:50,842 [Listener at 127.0.0.1/43313] INFO  impl.MetricsSystemImpl (MetricsSystemImpl.java:init(158)) - HddsDatanode metrics system started (again)
2022-04-27 10:51:50,840 [Datanode State Machine Daemon Thread] INFO  statemachine.DatanodeStateMachine (DatanodeStateMachine.java:lambda$startDaemon$0(472)) - Ozone container server started.
2022-04-27 10:51:50,868 [org.apache.hadoop.util.JvmPauseMonitor$Monitor@6f4ddd07] INFO  util.JvmPauseMonitor (JvmPauseMonitor.java:run(188)) - Starting JVM pause monitor
2022-04-27 10:51:50,881 [Listener at 127.0.0.1/43313] INFO  ozone.HddsDatanodeService (HddsDatanodeService.java:start(233)) - HddsDatanodeService host:fv-az270-423.tacnzluakwdehk1hpragurqkma.bx.internal.cloudapp.net ip:10.1.0.29
2022-04-27 10:51:50,916 [om1@group-C5BA1605619E-StateMachineUpdater] INFO  ratis.OzoneManagerStateMachine (OzoneManagerStateMachine.java:notifyConfigurationChanged(189)) - Received Configuration change notification from Ratis. New Peer list:
[id: "om1"
address: "localhost:9872"
]
2022-04-27 10:51:50,918 [Listener at 127.0.0.1/43313] INFO  upgrade.AbstractLayoutVersionManager (AbstractLayoutVersionManager.java:init(79)) - Initializing Layout version manager with metadata layout = ERASURE_CODED_STORAGE_SUPPORT (version = 3), software layout = ERASURE_CODED_STORAGE_SUPPORT (version = 3)
2022-04-27 10:51:51,012 [Listener at 127.0.0.1/43313] INFO  reflections.Reflections (Reflections.java:scan(232)) - Reflections took 93 ms to scan 7 urls, producing 126 keys and 287 values 
2022-04-27 10:51:51,014 [Listener at 127.0.0.1/43313] INFO  statemachine.DatanodeStateMachine (DatanodeStateMachine.java:getEndPointTaskThreadPoolSize(224)) - Datanode State Machine Task Thread Pool size 2
2022-04-27 10:51:51,017 [Listener at 127.0.0.1/43313] INFO  volume.HddsVolume (HddsVolume.java:<init>(120)) - Creating HddsVolume: /home/runner/work/ozone/ozone/hadoop-ozone/integration-test/target/test-dir/MiniOzoneClusterImpl-6fb830c9-5413-49cc-a625-6cf41c4e5c97/datanode-1/data-0/containers/hdds of storage type : DISK capacity : 9223372036854775807
2022-04-27 10:51:51,018 [Listener at 127.0.0.1/43313] INFO  volume.MutableVolumeSet (MutableVolumeSet.java:initializeVolumeSet(168)) - Added Volume : /home/runner/work/ozone/ozone/hadoop-ozone/integration-test/target/test-dir/MiniOzoneClusterImpl-6fb830c9-5413-49cc-a625-6cf41c4e5c97/datanode-1/data-0/containers/hdds to VolumeSet
2022-04-27 10:51:51,018 [Listener at 127.0.0.1/43313] INFO  volume.ThrottledAsyncChecker (ThrottledAsyncChecker.java:schedule(141)) - Scheduling a check for /home/runner/work/ozone/ozone/hadoop-ozone/integration-test/target/test-dir/MiniOzoneClusterImpl-6fb830c9-5413-49cc-a625-6cf41c4e5c97/datanode-1/data-0/containers/hdds
2022-04-27 10:51:51,019 [Listener at 127.0.0.1/43313] INFO  volume.StorageVolumeChecker (StorageVolumeChecker.java:checkAllVolumes(202)) - Scheduled health check for volume /home/runner/work/ozone/ozone/hadoop-ozone/integration-test/target/test-dir/MiniOzoneClusterImpl-6fb830c9-5413-49cc-a625-6cf41c4e5c97/datanode-1/data-0/containers/hdds
2022-04-27 10:51:51,032 [Listener at 127.0.0.1/43313] INFO  volume.MutableVolumeSet (MutableVolumeSet.java:initializeVolumeSet(168)) - Added Volume : /home/runner/work/ozone/ozone/hadoop-ozone/integration-test/target/test-dir/MiniOzoneClusterImpl-6fb830c9-5413-49cc-a625-6cf41c4e5c97/datanode-1/data/ratis to VolumeSet
2022-04-27 10:51:51,032 [Listener at 127.0.0.1/43313] INFO  volume.ThrottledAsyncChecker (ThrottledAsyncChecker.java:schedule(141)) - Scheduling a check for /home/runner/work/ozone/ozone/hadoop-ozone/integration-test/target/test-dir/MiniOzoneClusterImpl-6fb830c9-5413-49cc-a625-6cf41c4e5c97/datanode-1/data/ratis
2022-04-27 10:51:51,032 [Listener at 127.0.0.1/43313] INFO  volume.StorageVolumeChecker (StorageVolumeChecker.java:checkAllVolumes(202)) - Scheduled health check for volume /home/runner/work/ozone/ozone/hadoop-ozone/integration-test/target/test-dir/MiniOzoneClusterImpl-6fb830c9-5413-49cc-a625-6cf41c4e5c97/datanode-1/data/ratis
2022-04-27 10:51:51,044 [Thread-145] INFO  ozoneimpl.ContainerReader (ContainerReader.java:readVolume(172)) - Finish verifying containers on volume /home/runner/work/ozone/ozone/hadoop-ozone/integration-test/target/test-dir/MiniOzoneClusterImpl-6fb830c9-5413-49cc-a625-6cf41c4e5c97/datanode-1/data-0/containers/hdds
2022-04-27 10:51:51,045 [Listener at 127.0.0.1/43313] INFO  ozoneimpl.OzoneContainer (OzoneContainer.java:buildContainerSet(257)) - Build ContainerSet costs 0s
2022-04-27 10:51:51,049 [Listener at 127.0.0.1/43313] INFO  server.RaftServer (ConfUtils.java:logGet(44)) - raft.rpc.type = GRPC (default)
2022-04-27 10:51:51,049 [Listener at 127.0.0.1/43313] INFO  grpc.GrpcFactory (GrpcFactory.java:checkPooledByteBufAllocatorUseCacheForAllThreads(48)) - PERFORMANCE WARNING: useCacheForAllThreads is true that may cause Netty to create a lot garbage objects and, as a result, trigger GC.
	It is recommended to disable useCacheForAllThreads by setting -Dorg.apache.ratis.thirdparty.io.netty.allocator.useCacheForAllThreads=false in command line.
2022-04-27 10:51:51,049 [Listener at 127.0.0.1/43313] INFO  grpc.GrpcConfigKeys (ConfUtils.java:logGet(44)) - raft.grpc.admin.port = 0 (custom)
2022-04-27 10:51:51,049 [Listener at 127.0.0.1/43313] INFO  grpc.GrpcConfigKeys (ConfUtils.java:logGet(44)) - raft.grpc.client.port = 0 (custom)
2022-04-27 10:51:51,054 [Listener at 127.0.0.1/43313] INFO  grpc.GrpcConfigKeys (ConfUtils.java:logGet(44)) - raft.grpc.server.port = 0 (default)
2022-04-27 10:51:51,054 [Listener at 127.0.0.1/43313] INFO  server.GrpcService (ConfUtils.java:logGet(44)) - raft.grpc.message.size.max = 32MB (=33554432) (custom)
2022-04-27 10:51:51,055 [Listener at 127.0.0.1/43313] INFO  server.RaftServerConfigKeys (ConfUtils.java:logGet(44)) - raft.server.log.appender.buffer.byte-limit = 33554432 (custom)
2022-04-27 10:51:51,055 [Listener at 127.0.0.1/43313] INFO  server.GrpcService (ConfUtils.java:logGet(44)) - raft.grpc.flow.control.window = 5MB (=5242880) (custom)
2022-04-27 10:51:51,055 [Listener at 127.0.0.1/43313] INFO  server.RaftServerConfigKeys (ConfUtils.java:logGet(44)) - raft.server.rpc.request.timeout = 3000ms (default)
2022-04-27 10:51:51,057 [Listener at 127.0.0.1/43313] INFO  impl.DataStreamServerImpl (ConfUtils.java:logGet(44)) - raft.datastream.type = DISABLED (default)
2022-04-27 10:51:51,058 [Listener at 127.0.0.1/43313] INFO  server.RaftServerConfigKeys (ConfUtils.java:logGet(44)) - raft.server.rpc.slowness.timeout = 300000ms (custom)
2022-04-27 10:51:51,058 [Listener at 127.0.0.1/43313] INFO  server.RaftServerConfigKeys (ConfUtils.java:logGet(44)) - raft.server.leaderelection.leader.step-down.wait-time = 10s (default)
2022-04-27 10:51:51,058 [Listener at 127.0.0.1/43313] INFO  server.RaftServerConfigKeys (ConfUtils.java:logGet(44)) - raft.server.storage.dir = [/home/runner/work/ozone/ozone/hadoop-ozone/integration-test/target/test-dir/MiniOzoneClusterImpl-6fb830c9-5413-49cc-a625-6cf41c4e5c97/datanode-1/data/ratis] (custom)
2022-04-27 10:51:51,060 [Listener at 127.0.0.1/43313] INFO  server.XceiverServerGrpc (XceiverServerGrpc.java:<init>(132)) - GrpcServer channel type EpollServerSocketChannel
2022-04-27 10:51:51,064 [Listener at 127.0.0.1/43313] INFO  http.BaseHttpServer (BaseHttpServer.java:newHttpServer2BuilderForOzone(209)) - Starting Web-server for hddsDatanode at: http://0.0.0.0:0
2022-04-27 10:51:51,064 [Listener at 127.0.0.1/43313] INFO  http.BaseHttpServer (BaseHttpServer.java:<init>(107)) - Hadoop Security Enabled: false Ozone Security Enabled: false Ozone HTTP Security Enabled: false 
2022-04-27 10:51:51,065 [Listener at 127.0.0.1/43313] INFO  server.AuthenticationFilter (AuthenticationFilter.java:constructSecretProvider(240)) - Unable to initialize FileSignerSecretProvider, falling back to use random secrets.
2022-04-27 10:51:51,068 [Listener at 127.0.0.1/43313] WARN  http.HttpRequestLog (HttpRequestLog.java:getRequestLog(103)) - Jetty request log can only be enabled using Log4j
2022-04-27 10:51:51,069 [Listener at 127.0.0.1/43313] INFO  http.HttpServer2 (HttpServer2.java:addGlobalFilter(1030)) - Added global filter 'safety' (class=org.apache.hadoop.hdds.server.http.HttpServer2$QuotingInputFilter)
2022-04-27 10:51:51,070 [Listener at 127.0.0.1/43313] INFO  http.HttpServer2 (HttpServer2.java:addFilter(1006)) - Added filter static_user_filter (class=org.apache.hadoop.http.lib.StaticUserWebFilter$StaticUserFilter) to context hddsDatanode
2022-04-27 10:51:51,070 [Listener at 127.0.0.1/43313] INFO  http.HttpServer2 (HttpServer2.java:addFilter(1014)) - Added filter static_user_filter (class=org.apache.hadoop.http.lib.StaticUserWebFilter$StaticUserFilter) to context static
2022-04-27 10:51:51,071 [Listener at 127.0.0.1/43313] INFO  http.HttpServer2 (HttpServer2.java:addFilter(1014)) - Added filter static_user_filter (class=org.apache.hadoop.http.lib.StaticUserWebFilter$StaticUserFilter) to context logs
2022-04-27 10:51:51,071 [Listener at 127.0.0.1/43313] INFO  http.HttpServer2 (HttpServer2.java:bindListener(1249)) - Jetty bound to port 35749
2022-04-27 10:51:51,071 [Listener at 127.0.0.1/43313] INFO  server.Server (Server.java:doStart(375)) - jetty-9.4.43.v20210629; built: 2021-06-30T11:07:22.254Z; git: 526006ecfa3af7f1a27ef3a288e2bef7ea9dd7e8; jvm 1.8.0_322-b06
2022-04-27 10:51:51,081 [Datanode State Machine Task Thread - 0] INFO  datanode.InitDatanodeState (InitDatanodeState.java:persistContainerDatanodeDetails(138)) - DatanodeDetails is persisted to /home/runner/work/ozone/ozone/hadoop-ozone/integration-test/target/test-dir/MiniOzoneClusterImpl-6fb830c9-5413-49cc-a625-6cf41c4e5c97/datanode-0/meta/datanode.id
2022-04-27 10:51:51,083 [Listener at 127.0.0.1/43313] INFO  server.session (DefaultSessionIdManager.java:doStart(334)) - DefaultSessionIdManager workerName=node0
2022-04-27 10:51:51,084 [Listener at 127.0.0.1/43313] INFO  server.session (DefaultSessionIdManager.java:doStart(339)) - No SessionScavenger set, using defaults
2022-04-27 10:51:51,084 [Listener at 127.0.0.1/43313] INFO  server.session (HouseKeeper.java:startScavenging(132)) - node0 Scavenging every 660000ms
2022-04-27 10:51:51,085 [Listener at 127.0.0.1/43313] INFO  handler.ContextHandler (ContextHandler.java:doStart(915)) - Started o.e.j.s.ServletContextHandler@57b57ffe{logs,/logs,file:///home/runner/work/ozone/ozone/hadoop-ozone/integration-test/target/log,AVAILABLE}
2022-04-27 10:51:51,085 [Listener at 127.0.0.1/43313] INFO  handler.ContextHandler (ContextHandler.java:doStart(915)) - Started o.e.j.s.ServletContextHandler@e56c524{static,/static,jar:file:/home/runner/.m2/repository/org/apache/ozone/hdds-container-service/1.3.0-SNAPSHOT/hdds-container-service-1.3.0-SNAPSHOT.jar!/webapps/static,AVAILABLE}
2022-04-27 10:51:51,293 [Listener at 127.0.0.1/43313] INFO  handler.ContextHandler (ContextHandler.java:doStart(915)) - Started o.e.j.w.WebAppContext@65b7c392{hddsDatanode,/,file:///tmp/jetty-0_0_0_0-35749-hdds-container-service-1_3_0-SNAPSHOT_jar-_-any-2544441434086142361/webapp/,AVAILABLE}{jar:file:/home/runner/.m2/repository/org/apache/ozone/hdds-container-service/1.3.0-SNAPSHOT/hdds-container-service-1.3.0-SNAPSHOT.jar!/webapps/hddsDatanode}
2022-04-27 10:51:51,294 [Listener at 127.0.0.1/43313] INFO  server.AbstractConnector (AbstractConnector.java:doStart(331)) - Started ServerConnector@64ebcabf{HTTP/1.1, (http/1.1)}{0.0.0.0:35749}
2022-04-27 10:51:51,295 [Listener at 127.0.0.1/43313] INFO  server.Server (Server.java:doStart(415)) - Started @9737ms
2022-04-27 10:51:51,295 [Listener at 127.0.0.1/43313] WARN  impl.MetricsSystemImpl (MetricsSystemImpl.java:register(279)) - Sink prometheus already exists!
2022-04-27 10:51:51,295 [Listener at 127.0.0.1/43313] INFO  http.BaseHttpServer (BaseHttpServer.java:updateConnectorAddress(329)) - HTTP server of hddsDatanode listening at http://0.0.0.0:35749
2022-04-27 10:51:51,296 [Datanode State Machine Daemon Thread] INFO  statemachine.DatanodeStateMachine (DatanodeStateMachine.java:lambda$startDaemon$0(472)) - Ozone container server started.
2022-04-27 10:51:51,296 [Listener at 127.0.0.1/43313] WARN  impl.MetricRegistriesImpl (MetricRegistriesImpl.java:addReporterRegistration(111)) - New reporters are added after registries were created. Some metrics will be missing from the reporter. Please add reporter before adding any new registry.
2022-04-27 10:51:51,297 [Listener at 127.0.0.1/43313] WARN  impl.MetricRegistriesImpl (MetricRegistriesImpl.java:addReporterRegistration(111)) - New reporters are added after registries were created. Some metrics will be missing from the reporter. Please add reporter before adding any new registry.
2022-04-27 10:51:51,297 [Listener at 127.0.0.1/43313] INFO  impl.MetricsSystemImpl (MetricsSystemImpl.java:init(158)) - HddsDatanode metrics system started (again)
2022-04-27 10:51:51,311 [Listener at 127.0.0.1/43313] INFO  ozone.HddsDatanodeService (HddsDatanodeService.java:start(233)) - HddsDatanodeService host:fv-az270-423.tacnzluakwdehk1hpragurqkma.bx.internal.cloudapp.net ip:10.1.0.29
2022-04-27 10:51:51,312 [org.apache.hadoop.util.JvmPauseMonitor$Monitor@57c38594] INFO  util.JvmPauseMonitor (JvmPauseMonitor.java:run(188)) - Starting JVM pause monitor
2022-04-27 10:51:51,319 [Datanode State Machine Task Thread - 0] INFO  datanode.InitDatanodeState (InitDatanodeState.java:persistContainerDatanodeDetails(138)) - DatanodeDetails is persisted to /home/runner/work/ozone/ozone/hadoop-ozone/integration-test/target/test-dir/MiniOzoneClusterImpl-6fb830c9-5413-49cc-a625-6cf41c4e5c97/datanode-1/meta/datanode.id
2022-04-27 10:51:51,337 [Listener at 127.0.0.1/43313] INFO  upgrade.AbstractLayoutVersionManager (AbstractLayoutVersionManager.java:init(79)) - Initializing Layout version manager with metadata layout = ERASURE_CODED_STORAGE_SUPPORT (version = 3), software layout = ERASURE_CODED_STORAGE_SUPPORT (version = 3)
2022-04-27 10:51:51,402 [Listener at 127.0.0.1/43313] INFO  reflections.Reflections (Reflections.java:scan(232)) - Reflections took 63 ms to scan 7 urls, producing 126 keys and 287 values 
2022-04-27 10:51:51,404 [Listener at 127.0.0.1/43313] INFO  statemachine.DatanodeStateMachine (DatanodeStateMachine.java:getEndPointTaskThreadPoolSize(224)) - Datanode State Machine Task Thread Pool size 2
2022-04-27 10:51:51,416 [Listener at 127.0.0.1/43313] INFO  volume.HddsVolume (HddsVolume.java:<init>(120)) - Creating HddsVolume: /home/runner/work/ozone/ozone/hadoop-ozone/integration-test/target/test-dir/MiniOzoneClusterImpl-6fb830c9-5413-49cc-a625-6cf41c4e5c97/datanode-2/data-0/containers/hdds of storage type : DISK capacity : 9223372036854775807
2022-04-27 10:51:51,417 [Listener at 127.0.0.1/43313] INFO  volume.MutableVolumeSet (MutableVolumeSet.java:initializeVolumeSet(168)) - Added Volume : /home/runner/work/ozone/ozone/hadoop-ozone/integration-test/target/test-dir/MiniOzoneClusterImpl-6fb830c9-5413-49cc-a625-6cf41c4e5c97/datanode-2/data-0/containers/hdds to VolumeSet
2022-04-27 10:51:51,417 [Listener at 127.0.0.1/43313] INFO  volume.ThrottledAsyncChecker (ThrottledAsyncChecker.java:schedule(141)) - Scheduling a check for /home/runner/work/ozone/ozone/hadoop-ozone/integration-test/target/test-dir/MiniOzoneClusterImpl-6fb830c9-5413-49cc-a625-6cf41c4e5c97/datanode-2/data-0/containers/hdds
2022-04-27 10:51:51,419 [Listener at 127.0.0.1/43313] INFO  volume.StorageVolumeChecker (StorageVolumeChecker.java:checkAllVolumes(202)) - Scheduled health check for volume /home/runner/work/ozone/ozone/hadoop-ozone/integration-test/target/test-dir/MiniOzoneClusterImpl-6fb830c9-5413-49cc-a625-6cf41c4e5c97/datanode-2/data-0/containers/hdds
2022-04-27 10:51:51,433 [Listener at 127.0.0.1/43313] INFO  volume.MutableVolumeSet (MutableVolumeSet.java:initializeVolumeSet(168)) - Added Volume : /home/runner/work/ozone/ozone/hadoop-ozone/integration-test/target/test-dir/MiniOzoneClusterImpl-6fb830c9-5413-49cc-a625-6cf41c4e5c97/datanode-2/data/ratis to VolumeSet
2022-04-27 10:51:51,433 [Listener at 127.0.0.1/43313] INFO  volume.ThrottledAsyncChecker (ThrottledAsyncChecker.java:schedule(141)) - Scheduling a check for /home/runner/work/ozone/ozone/hadoop-ozone/integration-test/target/test-dir/MiniOzoneClusterImpl-6fb830c9-5413-49cc-a625-6cf41c4e5c97/datanode-2/data/ratis
2022-04-27 10:51:51,433 [Listener at 127.0.0.1/43313] INFO  volume.StorageVolumeChecker (StorageVolumeChecker.java:checkAllVolumes(202)) - Scheduled health check for volume /home/runner/work/ozone/ozone/hadoop-ozone/integration-test/target/test-dir/MiniOzoneClusterImpl-6fb830c9-5413-49cc-a625-6cf41c4e5c97/datanode-2/data/ratis
2022-04-27 10:51:51,446 [Thread-157] INFO  ozoneimpl.ContainerReader (ContainerReader.java:readVolume(172)) - Finish verifying containers on volume /home/runner/work/ozone/ozone/hadoop-ozone/integration-test/target/test-dir/MiniOzoneClusterImpl-6fb830c9-5413-49cc-a625-6cf41c4e5c97/datanode-2/data-0/containers/hdds
2022-04-27 10:51:51,446 [Listener at 127.0.0.1/43313] INFO  ozoneimpl.OzoneContainer (OzoneContainer.java:buildContainerSet(257)) - Build ContainerSet costs 0s
2022-04-27 10:51:51,450 [Listener at 127.0.0.1/43313] INFO  server.RaftServer (ConfUtils.java:logGet(44)) - raft.rpc.type = GRPC (default)
2022-04-27 10:51:51,450 [Listener at 127.0.0.1/43313] INFO  grpc.GrpcFactory (GrpcFactory.java:checkPooledByteBufAllocatorUseCacheForAllThreads(48)) - PERFORMANCE WARNING: useCacheForAllThreads is true that may cause Netty to create a lot garbage objects and, as a result, trigger GC.
	It is recommended to disable useCacheForAllThreads by setting -Dorg.apache.ratis.thirdparty.io.netty.allocator.useCacheForAllThreads=false in command line.
2022-04-27 10:51:51,450 [Listener at 127.0.0.1/43313] INFO  grpc.GrpcConfigKeys (ConfUtils.java:logGet(44)) - raft.grpc.admin.port = 0 (custom)
2022-04-27 10:51:51,450 [Listener at 127.0.0.1/43313] INFO  grpc.GrpcConfigKeys (ConfUtils.java:logGet(44)) - raft.grpc.client.port = 0 (custom)
2022-04-27 10:51:51,451 [Listener at 127.0.0.1/43313] INFO  grpc.GrpcConfigKeys (ConfUtils.java:logGet(44)) - raft.grpc.server.port = 0 (default)
2022-04-27 10:51:51,451 [Listener at 127.0.0.1/43313] INFO  server.GrpcService (ConfUtils.java:logGet(44)) - raft.grpc.message.size.max = 32MB (=33554432) (custom)
2022-04-27 10:51:51,451 [Listener at 127.0.0.1/43313] INFO  server.RaftServerConfigKeys (ConfUtils.java:logGet(44)) - raft.server.log.appender.buffer.byte-limit = 33554432 (custom)
2022-04-27 10:51:51,451 [Listener at 127.0.0.1/43313] INFO  server.GrpcService (ConfUtils.java:logGet(44)) - raft.grpc.flow.control.window = 5MB (=5242880) (custom)
2022-04-27 10:51:51,451 [Listener at 127.0.0.1/43313] INFO  server.RaftServerConfigKeys (ConfUtils.java:logGet(44)) - raft.server.rpc.request.timeout = 3000ms (default)
2022-04-27 10:51:51,453 [Listener at 127.0.0.1/43313] INFO  impl.DataStreamServerImpl (ConfUtils.java:logGet(44)) - raft.datastream.type = DISABLED (default)
2022-04-27 10:51:51,453 [Listener at 127.0.0.1/43313] INFO  server.RaftServerConfigKeys (ConfUtils.java:logGet(44)) - raft.server.rpc.slowness.timeout = 300000ms (custom)
2022-04-27 10:51:51,453 [Listener at 127.0.0.1/43313] INFO  server.RaftServerConfigKeys (ConfUtils.java:logGet(44)) - raft.server.leaderelection.leader.step-down.wait-time = 10s (default)
2022-04-27 10:51:51,453 [Listener at 127.0.0.1/43313] INFO  server.RaftServerConfigKeys (ConfUtils.java:logGet(44)) - raft.server.storage.dir = [/home/runner/work/ozone/ozone/hadoop-ozone/integration-test/target/test-dir/MiniOzoneClusterImpl-6fb830c9-5413-49cc-a625-6cf41c4e5c97/datanode-2/data/ratis] (custom)
2022-04-27 10:51:51,455 [Listener at 127.0.0.1/43313] INFO  server.XceiverServerGrpc (XceiverServerGrpc.java:<init>(132)) - GrpcServer channel type EpollServerSocketChannel
2022-04-27 10:51:51,458 [Listener at 127.0.0.1/43313] INFO  http.BaseHttpServer (BaseHttpServer.java:newHttpServer2BuilderForOzone(209)) - Starting Web-server for hddsDatanode at: http://0.0.0.0:0
2022-04-27 10:51:51,458 [Listener at 127.0.0.1/43313] INFO  http.BaseHttpServer (BaseHttpServer.java:<init>(107)) - Hadoop Security Enabled: false Ozone Security Enabled: false Ozone HTTP Security Enabled: false 
2022-04-27 10:51:51,459 [Listener at 127.0.0.1/43313] INFO  server.AuthenticationFilter (AuthenticationFilter.java:constructSecretProvider(240)) - Unable to initialize FileSignerSecretProvider, falling back to use random secrets.
2022-04-27 10:51:51,460 [Listener at 127.0.0.1/43313] WARN  http.HttpRequestLog (HttpRequestLog.java:getRequestLog(103)) - Jetty request log can only be enabled using Log4j
2022-04-27 10:51:51,461 [Listener at 127.0.0.1/43313] INFO  http.HttpServer2 (HttpServer2.java:addGlobalFilter(1030)) - Added global filter 'safety' (class=org.apache.hadoop.hdds.server.http.HttpServer2$QuotingInputFilter)
2022-04-27 10:51:51,462 [Listener at 127.0.0.1/43313] INFO  http.HttpServer2 (HttpServer2.java:addFilter(1006)) - Added filter static_user_filter (class=org.apache.hadoop.http.lib.StaticUserWebFilter$StaticUserFilter) to context hddsDatanode
2022-04-27 10:51:51,462 [Listener at 127.0.0.1/43313] INFO  http.HttpServer2 (HttpServer2.java:addFilter(1014)) - Added filter static_user_filter (class=org.apache.hadoop.http.lib.StaticUserWebFilter$StaticUserFilter) to context logs
2022-04-27 10:51:51,462 [Listener at 127.0.0.1/43313] INFO  http.HttpServer2 (HttpServer2.java:addFilter(1014)) - Added filter static_user_filter (class=org.apache.hadoop.http.lib.StaticUserWebFilter$StaticUserFilter) to context static
2022-04-27 10:51:51,463 [Listener at 127.0.0.1/43313] INFO  http.HttpServer2 (HttpServer2.java:bindListener(1249)) - Jetty bound to port 45101
2022-04-27 10:51:51,463 [Listener at 127.0.0.1/43313] INFO  server.Server (Server.java:doStart(375)) - jetty-9.4.43.v20210629; built: 2021-06-30T11:07:22.254Z; git: 526006ecfa3af7f1a27ef3a288e2bef7ea9dd7e8; jvm 1.8.0_322-b06
2022-04-27 10:51:51,466 [Listener at 127.0.0.1/43313] INFO  server.session (DefaultSessionIdManager.java:doStart(334)) - DefaultSessionIdManager workerName=node0
2022-04-27 10:51:51,466 [Listener at 127.0.0.1/43313] INFO  server.session (DefaultSessionIdManager.java:doStart(339)) - No SessionScavenger set, using defaults
2022-04-27 10:51:51,467 [Listener at 127.0.0.1/43313] INFO  server.session (HouseKeeper.java:startScavenging(132)) - node0 Scavenging every 600000ms
2022-04-27 10:51:51,468 [Listener at 127.0.0.1/43313] INFO  handler.ContextHandler (ContextHandler.java:doStart(915)) - Started o.e.j.s.ServletContextHandler@5c64026c{logs,/logs,file:///home/runner/work/ozone/ozone/hadoop-ozone/integration-test/target/log,AVAILABLE}
2022-04-27 10:51:51,468 [Listener at 127.0.0.1/43313] INFO  handler.ContextHandler (ContextHandler.java:doStart(915)) - Started o.e.j.s.ServletContextHandler@43caeb40{static,/static,jar:file:/home/runner/.m2/repository/org/apache/ozone/hdds-container-service/1.3.0-SNAPSHOT/hdds-container-service-1.3.0-SNAPSHOT.jar!/webapps/static,AVAILABLE}
2022-04-27 10:51:51,669 [Listener at 127.0.0.1/43313] INFO  handler.ContextHandler (ContextHandler.java:doStart(915)) - Started o.e.j.w.WebAppContext@6b72226a{hddsDatanode,/,file:///tmp/jetty-0_0_0_0-45101-hdds-container-service-1_3_0-SNAPSHOT_jar-_-any-3897896349276868912/webapp/,AVAILABLE}{jar:file:/home/runner/.m2/repository/org/apache/ozone/hdds-container-service/1.3.0-SNAPSHOT/hdds-container-service-1.3.0-SNAPSHOT.jar!/webapps/hddsDatanode}
2022-04-27 10:51:51,672 [Listener at 127.0.0.1/43313] INFO  server.AbstractConnector (AbstractConnector.java:doStart(331)) - Started ServerConnector@36fe079c{HTTP/1.1, (http/1.1)}{0.0.0.0:45101}
2022-04-27 10:51:51,672 [Listener at 127.0.0.1/43313] INFO  server.Server (Server.java:doStart(415)) - Started @10115ms
2022-04-27 10:51:51,672 [Listener at 127.0.0.1/43313] WARN  impl.MetricsSystemImpl (MetricsSystemImpl.java:register(279)) - Sink prometheus already exists!
2022-04-27 10:51:51,673 [Listener at 127.0.0.1/43313] INFO  http.BaseHttpServer (BaseHttpServer.java:updateConnectorAddress(329)) - HTTP server of hddsDatanode listening at http://0.0.0.0:45101
2022-04-27 10:51:51,677 [Listener at 127.0.0.1/43313] WARN  impl.MetricRegistriesImpl (MetricRegistriesImpl.java:addReporterRegistration(111)) - New reporters are added after registries were created. Some metrics will be missing from the reporter. Please add reporter before adding any new registry.
2022-04-27 10:51:51,678 [Listener at 127.0.0.1/43313] WARN  impl.MetricRegistriesImpl (MetricRegistriesImpl.java:addReporterRegistration(111)) - New reporters are added after registries were created. Some metrics will be missing from the reporter. Please add reporter before adding any new registry.
2022-04-27 10:51:51,678 [Listener at 127.0.0.1/43313] INFO  impl.MetricsSystemImpl (MetricsSystemImpl.java:init(158)) - HddsDatanode metrics system started (again)
2022-04-27 10:51:51,678 [Datanode State Machine Daemon Thread] INFO  statemachine.DatanodeStateMachine (DatanodeStateMachine.java:lambda$startDaemon$0(472)) - Ozone container server started.
2022-04-27 10:51:51,692 [org.apache.hadoop.util.JvmPauseMonitor$Monitor@6279a47a] INFO  util.JvmPauseMonitor (JvmPauseMonitor.java:run(188)) - Starting JVM pause monitor
2022-04-27 10:51:51,707 [Datanode State Machine Task Thread - 0] INFO  datanode.InitDatanodeState (InitDatanodeState.java:persistContainerDatanodeDetails(138)) - DatanodeDetails is persisted to /home/runner/work/ozone/ozone/hadoop-ozone/integration-test/target/test-dir/MiniOzoneClusterImpl-6fb830c9-5413-49cc-a625-6cf41c4e5c97/datanode-2/meta/datanode.id
2022-04-27 10:51:51,713 [Listener at 127.0.0.1/43313] INFO  ozone.HddsDatanodeService (HddsDatanodeService.java:start(233)) - HddsDatanodeService host:fv-az270-423.tacnzluakwdehk1hpragurqkma.bx.internal.cloudapp.net ip:10.1.0.29
2022-04-27 10:51:51,740 [Listener at 127.0.0.1/43313] INFO  upgrade.AbstractLayoutVersionManager (AbstractLayoutVersionManager.java:init(79)) - Initializing Layout version manager with metadata layout = ERASURE_CODED_STORAGE_SUPPORT (version = 3), software layout = ERASURE_CODED_STORAGE_SUPPORT (version = 3)
2022-04-27 10:51:51,842 [Listener at 127.0.0.1/43313] INFO  reflections.Reflections (Reflections.java:scan(232)) - Reflections took 100 ms to scan 7 urls, producing 126 keys and 287 values 
2022-04-27 10:51:51,844 [Listener at 127.0.0.1/43313] INFO  statemachine.DatanodeStateMachine (DatanodeStateMachine.java:getEndPointTaskThreadPoolSize(224)) - Datanode State Machine Task Thread Pool size 2
2022-04-27 10:51:51,857 [Listener at 127.0.0.1/43313] INFO  volume.HddsVolume (HddsVolume.java:<init>(120)) - Creating HddsVolume: /home/runner/work/ozone/ozone/hadoop-ozone/integration-test/target/test-dir/MiniOzoneClusterImpl-6fb830c9-5413-49cc-a625-6cf41c4e5c97/datanode-3/data-0/containers/hdds of storage type : DISK capacity : 9223372036854775807
2022-04-27 10:51:51,857 [Listener at 127.0.0.1/43313] INFO  volume.MutableVolumeSet (MutableVolumeSet.java:initializeVolumeSet(168)) - Added Volume : /home/runner/work/ozone/ozone/hadoop-ozone/integration-test/target/test-dir/MiniOzoneClusterImpl-6fb830c9-5413-49cc-a625-6cf41c4e5c97/datanode-3/data-0/containers/hdds to VolumeSet
2022-04-27 10:51:51,857 [Listener at 127.0.0.1/43313] INFO  volume.ThrottledAsyncChecker (ThrottledAsyncChecker.java:schedule(141)) - Scheduling a check for /home/runner/work/ozone/ozone/hadoop-ozone/integration-test/target/test-dir/MiniOzoneClusterImpl-6fb830c9-5413-49cc-a625-6cf41c4e5c97/datanode-3/data-0/containers/hdds
2022-04-27 10:51:51,858 [Listener at 127.0.0.1/43313] INFO  volume.StorageVolumeChecker (StorageVolumeChecker.java:checkAllVolumes(202)) - Scheduled health check for volume /home/runner/work/ozone/ozone/hadoop-ozone/integration-test/target/test-dir/MiniOzoneClusterImpl-6fb830c9-5413-49cc-a625-6cf41c4e5c97/datanode-3/data-0/containers/hdds
2022-04-27 10:51:51,872 [Listener at 127.0.0.1/43313] INFO  volume.MutableVolumeSet (MutableVolumeSet.java:initializeVolumeSet(168)) - Added Volume : /home/runner/work/ozone/ozone/hadoop-ozone/integration-test/target/test-dir/MiniOzoneClusterImpl-6fb830c9-5413-49cc-a625-6cf41c4e5c97/datanode-3/data/ratis to VolumeSet
2022-04-27 10:51:51,872 [Listener at 127.0.0.1/43313] INFO  volume.ThrottledAsyncChecker (ThrottledAsyncChecker.java:schedule(141)) - Scheduling a check for /home/runner/work/ozone/ozone/hadoop-ozone/integration-test/target/test-dir/MiniOzoneClusterImpl-6fb830c9-5413-49cc-a625-6cf41c4e5c97/datanode-3/data/ratis
2022-04-27 10:51:51,872 [Listener at 127.0.0.1/43313] INFO  volume.StorageVolumeChecker (StorageVolumeChecker.java:checkAllVolumes(202)) - Scheduled health check for volume /home/runner/work/ozone/ozone/hadoop-ozone/integration-test/target/test-dir/MiniOzoneClusterImpl-6fb830c9-5413-49cc-a625-6cf41c4e5c97/datanode-3/data/ratis
2022-04-27 10:51:51,884 [Thread-169] INFO  ozoneimpl.ContainerReader (ContainerReader.java:readVolume(172)) - Finish verifying containers on volume /home/runner/work/ozone/ozone/hadoop-ozone/integration-test/target/test-dir/MiniOzoneClusterImpl-6fb830c9-5413-49cc-a625-6cf41c4e5c97/datanode-3/data-0/containers/hdds
2022-04-27 10:51:51,885 [Listener at 127.0.0.1/43313] INFO  ozoneimpl.OzoneContainer (OzoneContainer.java:buildContainerSet(257)) - Build ContainerSet costs 0s
2022-04-27 10:51:51,888 [Listener at 127.0.0.1/43313] INFO  server.RaftServer (ConfUtils.java:logGet(44)) - raft.rpc.type = GRPC (default)
2022-04-27 10:51:51,889 [Listener at 127.0.0.1/43313] INFO  grpc.GrpcFactory (GrpcFactory.java:checkPooledByteBufAllocatorUseCacheForAllThreads(48)) - PERFORMANCE WARNING: useCacheForAllThreads is true that may cause Netty to create a lot garbage objects and, as a result, trigger GC.
	It is recommended to disable useCacheForAllThreads by setting -Dorg.apache.ratis.thirdparty.io.netty.allocator.useCacheForAllThreads=false in command line.
2022-04-27 10:51:51,889 [Listener at 127.0.0.1/43313] INFO  grpc.GrpcConfigKeys (ConfUtils.java:logGet(44)) - raft.grpc.admin.port = 0 (custom)
2022-04-27 10:51:51,889 [Listener at 127.0.0.1/43313] INFO  grpc.GrpcConfigKeys (ConfUtils.java:logGet(44)) - raft.grpc.client.port = 0 (custom)
2022-04-27 10:51:51,889 [Listener at 127.0.0.1/43313] INFO  grpc.GrpcConfigKeys (ConfUtils.java:logGet(44)) - raft.grpc.server.port = 0 (default)
2022-04-27 10:51:51,889 [Listener at 127.0.0.1/43313] INFO  server.GrpcService (ConfUtils.java:logGet(44)) - raft.grpc.message.size.max = 32MB (=33554432) (custom)
2022-04-27 10:51:51,890 [Listener at 127.0.0.1/43313] INFO  server.RaftServerConfigKeys (ConfUtils.java:logGet(44)) - raft.server.log.appender.buffer.byte-limit = 33554432 (custom)
2022-04-27 10:51:51,890 [Listener at 127.0.0.1/43313] INFO  server.GrpcService (ConfUtils.java:logGet(44)) - raft.grpc.flow.control.window = 5MB (=5242880) (custom)
2022-04-27 10:51:51,890 [Listener at 127.0.0.1/43313] INFO  server.RaftServerConfigKeys (ConfUtils.java:logGet(44)) - raft.server.rpc.request.timeout = 3000ms (default)
2022-04-27 10:51:51,891 [Listener at 127.0.0.1/43313] INFO  impl.DataStreamServerImpl (ConfUtils.java:logGet(44)) - raft.datastream.type = DISABLED (default)
2022-04-27 10:51:51,892 [Listener at 127.0.0.1/43313] INFO  server.RaftServerConfigKeys (ConfUtils.java:logGet(44)) - raft.server.rpc.slowness.timeout = 300000ms (custom)
2022-04-27 10:51:51,892 [Listener at 127.0.0.1/43313] INFO  server.RaftServerConfigKeys (ConfUtils.java:logGet(44)) - raft.server.leaderelection.leader.step-down.wait-time = 10s (default)
2022-04-27 10:51:51,892 [Listener at 127.0.0.1/43313] INFO  server.RaftServerConfigKeys (ConfUtils.java:logGet(44)) - raft.server.storage.dir = [/home/runner/work/ozone/ozone/hadoop-ozone/integration-test/target/test-dir/MiniOzoneClusterImpl-6fb830c9-5413-49cc-a625-6cf41c4e5c97/datanode-3/data/ratis] (custom)
2022-04-27 10:51:51,894 [Listener at 127.0.0.1/43313] INFO  server.XceiverServerGrpc (XceiverServerGrpc.java:<init>(132)) - GrpcServer channel type EpollServerSocketChannel
2022-04-27 10:51:51,900 [Listener at 127.0.0.1/43313] INFO  http.BaseHttpServer (BaseHttpServer.java:newHttpServer2BuilderForOzone(209)) - Starting Web-server for hddsDatanode at: http://0.0.0.0:0
2022-04-27 10:51:51,900 [Listener at 127.0.0.1/43313] INFO  http.BaseHttpServer (BaseHttpServer.java:<init>(107)) - Hadoop Security Enabled: false Ozone Security Enabled: false Ozone HTTP Security Enabled: false 
2022-04-27 10:51:51,902 [Listener at 127.0.0.1/43313] INFO  server.AuthenticationFilter (AuthenticationFilter.java:constructSecretProvider(240)) - Unable to initialize FileSignerSecretProvider, falling back to use random secrets.
2022-04-27 10:51:51,902 [Listener at 127.0.0.1/43313] WARN  http.HttpRequestLog (HttpRequestLog.java:getRequestLog(103)) - Jetty request log can only be enabled using Log4j
2022-04-27 10:51:51,903 [Listener at 127.0.0.1/43313] INFO  http.HttpServer2 (HttpServer2.java:addGlobalFilter(1030)) - Added global filter 'safety' (class=org.apache.hadoop.hdds.server.http.HttpServer2$QuotingInputFilter)
2022-04-27 10:51:51,904 [Listener at 127.0.0.1/43313] INFO  http.HttpServer2 (HttpServer2.java:addFilter(1006)) - Added filter static_user_filter (class=org.apache.hadoop.http.lib.StaticUserWebFilter$StaticUserFilter) to context hddsDatanode
2022-04-27 10:51:51,904 [Listener at 127.0.0.1/43313] INFO  http.HttpServer2 (HttpServer2.java:addFilter(1014)) - Added filter static_user_filter (class=org.apache.hadoop.http.lib.StaticUserWebFilter$StaticUserFilter) to context static
2022-04-27 10:51:51,904 [Listener at 127.0.0.1/43313] INFO  http.HttpServer2 (HttpServer2.java:addFilter(1014)) - Added filter static_user_filter (class=org.apache.hadoop.http.lib.StaticUserWebFilter$StaticUserFilter) to context logs
2022-04-27 10:51:51,905 [Listener at 127.0.0.1/43313] INFO  http.HttpServer2 (HttpServer2.java:bindListener(1249)) - Jetty bound to port 39429
2022-04-27 10:51:51,906 [Listener at 127.0.0.1/43313] INFO  server.Server (Server.java:doStart(375)) - jetty-9.4.43.v20210629; built: 2021-06-30T11:07:22.254Z; git: 526006ecfa3af7f1a27ef3a288e2bef7ea9dd7e8; jvm 1.8.0_322-b06
2022-04-27 10:51:51,908 [Listener at 127.0.0.1/43313] INFO  server.session (DefaultSessionIdManager.java:doStart(334)) - DefaultSessionIdManager workerName=node0
2022-04-27 10:51:51,908 [Listener at 127.0.0.1/43313] INFO  server.session (DefaultSessionIdManager.java:doStart(339)) - No SessionScavenger set, using defaults
2022-04-27 10:51:51,908 [Listener at 127.0.0.1/43313] INFO  server.session (HouseKeeper.java:startScavenging(132)) - node0 Scavenging every 660000ms
2022-04-27 10:51:51,909 [Listener at 127.0.0.1/43313] INFO  handler.ContextHandler (ContextHandler.java:doStart(915)) - Started o.e.j.s.ServletContextHandler@23bd16f6{logs,/logs,file:///home/runner/work/ozone/ozone/hadoop-ozone/integration-test/target/log,AVAILABLE}
2022-04-27 10:51:51,910 [Listener at 127.0.0.1/43313] INFO  handler.ContextHandler (ContextHandler.java:doStart(915)) - Started o.e.j.s.ServletContextHandler@25b56ad5{static,/static,jar:file:/home/runner/.m2/repository/org/apache/ozone/hdds-container-service/1.3.0-SNAPSHOT/hdds-container-service-1.3.0-SNAPSHOT.jar!/webapps/static,AVAILABLE}
2022-04-27 10:51:52,114 [Listener at 127.0.0.1/43313] INFO  handler.ContextHandler (ContextHandler.java:doStart(915)) - Started o.e.j.w.WebAppContext@547f1d52{hddsDatanode,/,file:///tmp/jetty-0_0_0_0-39429-hdds-container-service-1_3_0-SNAPSHOT_jar-_-any-8211104845663252700/webapp/,AVAILABLE}{jar:file:/home/runner/.m2/repository/org/apache/ozone/hdds-container-service/1.3.0-SNAPSHOT/hdds-container-service-1.3.0-SNAPSHOT.jar!/webapps/hddsDatanode}
2022-04-27 10:51:52,115 [Listener at 127.0.0.1/43313] INFO  server.AbstractConnector (AbstractConnector.java:doStart(331)) - Started ServerConnector@56a0c515{HTTP/1.1, (http/1.1)}{0.0.0.0:39429}
2022-04-27 10:51:52,116 [Listener at 127.0.0.1/43313] INFO  server.Server (Server.java:doStart(415)) - Started @10559ms
2022-04-27 10:51:52,116 [Listener at 127.0.0.1/43313] WARN  impl.MetricsSystemImpl (MetricsSystemImpl.java:register(279)) - Sink prometheus already exists!
2022-04-27 10:51:52,117 [Listener at 127.0.0.1/43313] INFO  http.BaseHttpServer (BaseHttpServer.java:updateConnectorAddress(329)) - HTTP server of hddsDatanode listening at http://0.0.0.0:39429
2022-04-27 10:51:52,118 [Listener at 127.0.0.1/43313] WARN  impl.MetricRegistriesImpl (MetricRegistriesImpl.java:addReporterRegistration(111)) - New reporters are added after registries were created. Some metrics will be missing from the reporter. Please add reporter before adding any new registry.
2022-04-27 10:51:52,118 [Listener at 127.0.0.1/43313] WARN  impl.MetricRegistriesImpl (MetricRegistriesImpl.java:addReporterRegistration(111)) - New reporters are added after registries were created. Some metrics will be missing from the reporter. Please add reporter before adding any new registry.
2022-04-27 10:51:52,118 [Listener at 127.0.0.1/43313] INFO  impl.MetricsSystemImpl (MetricsSystemImpl.java:init(158)) - HddsDatanode metrics system started (again)
2022-04-27 10:51:52,123 [Datanode State Machine Daemon Thread] INFO  statemachine.DatanodeStateMachine (DatanodeStateMachine.java:lambda$startDaemon$0(472)) - Ozone container server started.
2022-04-27 10:51:52,137 [org.apache.hadoop.util.JvmPauseMonitor$Monitor@58d95335] INFO  util.JvmPauseMonitor (JvmPauseMonitor.java:run(188)) - Starting JVM pause monitor
2022-04-27 10:51:52,142 [Listener at 127.0.0.1/43313] INFO  ozone.HddsDatanodeService (HddsDatanodeService.java:start(233)) - HddsDatanodeService host:fv-az270-423.tacnzluakwdehk1hpragurqkma.bx.internal.cloudapp.net ip:10.1.0.29
2022-04-27 10:51:52,139 [Datanode State Machine Task Thread - 0] INFO  datanode.InitDatanodeState (InitDatanodeState.java:persistContainerDatanodeDetails(138)) - DatanodeDetails is persisted to /home/runner/work/ozone/ozone/hadoop-ozone/integration-test/target/test-dir/MiniOzoneClusterImpl-6fb830c9-5413-49cc-a625-6cf41c4e5c97/datanode-3/meta/datanode.id
2022-04-27 10:51:52,164 [Listener at 127.0.0.1/43313] INFO  upgrade.AbstractLayoutVersionManager (AbstractLayoutVersionManager.java:init(79)) - Initializing Layout version manager with metadata layout = ERASURE_CODED_STORAGE_SUPPORT (version = 3), software layout = ERASURE_CODED_STORAGE_SUPPORT (version = 3)
2022-04-27 10:51:52,215 [Listener at 127.0.0.1/43313] INFO  reflections.Reflections (Reflections.java:scan(232)) - Reflections took 49 ms to scan 7 urls, producing 126 keys and 287 values 
2022-04-27 10:51:52,217 [Listener at 127.0.0.1/43313] INFO  statemachine.DatanodeStateMachine (DatanodeStateMachine.java:getEndPointTaskThreadPoolSize(224)) - Datanode State Machine Task Thread Pool size 2
2022-04-27 10:51:52,221 [Listener at 127.0.0.1/43313] INFO  volume.HddsVolume (HddsVolume.java:<init>(120)) - Creating HddsVolume: /home/runner/work/ozone/ozone/hadoop-ozone/integration-test/target/test-dir/MiniOzoneClusterImpl-6fb830c9-5413-49cc-a625-6cf41c4e5c97/datanode-4/data-0/containers/hdds of storage type : DISK capacity : 9223372036854775807
2022-04-27 10:51:52,221 [Listener at 127.0.0.1/43313] INFO  volume.MutableVolumeSet (MutableVolumeSet.java:initializeVolumeSet(168)) - Added Volume : /home/runner/work/ozone/ozone/hadoop-ozone/integration-test/target/test-dir/MiniOzoneClusterImpl-6fb830c9-5413-49cc-a625-6cf41c4e5c97/datanode-4/data-0/containers/hdds to VolumeSet
2022-04-27 10:51:52,221 [Listener at 127.0.0.1/43313] INFO  volume.ThrottledAsyncChecker (ThrottledAsyncChecker.java:schedule(141)) - Scheduling a check for /home/runner/work/ozone/ozone/hadoop-ozone/integration-test/target/test-dir/MiniOzoneClusterImpl-6fb830c9-5413-49cc-a625-6cf41c4e5c97/datanode-4/data-0/containers/hdds
2022-04-27 10:51:52,224 [Listener at 127.0.0.1/43313] INFO  volume.StorageVolumeChecker (StorageVolumeChecker.java:checkAllVolumes(202)) - Scheduled health check for volume /home/runner/work/ozone/ozone/hadoop-ozone/integration-test/target/test-dir/MiniOzoneClusterImpl-6fb830c9-5413-49cc-a625-6cf41c4e5c97/datanode-4/data-0/containers/hdds
2022-04-27 10:51:52,238 [Listener at 127.0.0.1/43313] INFO  volume.MutableVolumeSet (MutableVolumeSet.java:initializeVolumeSet(168)) - Added Volume : /home/runner/work/ozone/ozone/hadoop-ozone/integration-test/target/test-dir/MiniOzoneClusterImpl-6fb830c9-5413-49cc-a625-6cf41c4e5c97/datanode-4/data/ratis to VolumeSet
2022-04-27 10:51:52,238 [Listener at 127.0.0.1/43313] INFO  volume.ThrottledAsyncChecker (ThrottledAsyncChecker.java:schedule(141)) - Scheduling a check for /home/runner/work/ozone/ozone/hadoop-ozone/integration-test/target/test-dir/MiniOzoneClusterImpl-6fb830c9-5413-49cc-a625-6cf41c4e5c97/datanode-4/data/ratis
2022-04-27 10:51:52,239 [Listener at 127.0.0.1/43313] INFO  volume.StorageVolumeChecker (StorageVolumeChecker.java:checkAllVolumes(202)) - Scheduled health check for volume /home/runner/work/ozone/ozone/hadoop-ozone/integration-test/target/test-dir/MiniOzoneClusterImpl-6fb830c9-5413-49cc-a625-6cf41c4e5c97/datanode-4/data/ratis
2022-04-27 10:51:52,251 [Thread-181] INFO  ozoneimpl.ContainerReader (ContainerReader.java:readVolume(172)) - Finish verifying containers on volume /home/runner/work/ozone/ozone/hadoop-ozone/integration-test/target/test-dir/MiniOzoneClusterImpl-6fb830c9-5413-49cc-a625-6cf41c4e5c97/datanode-4/data-0/containers/hdds
2022-04-27 10:51:52,251 [Listener at 127.0.0.1/43313] INFO  ozoneimpl.OzoneContainer (OzoneContainer.java:buildContainerSet(257)) - Build ContainerSet costs 0s
2022-04-27 10:51:52,254 [Listener at 127.0.0.1/43313] INFO  server.RaftServer (ConfUtils.java:logGet(44)) - raft.rpc.type = GRPC (default)
2022-04-27 10:51:52,255 [Listener at 127.0.0.1/43313] INFO  grpc.GrpcFactory (GrpcFactory.java:checkPooledByteBufAllocatorUseCacheForAllThreads(48)) - PERFORMANCE WARNING: useCacheForAllThreads is true that may cause Netty to create a lot garbage objects and, as a result, trigger GC.
	It is recommended to disable useCacheForAllThreads by setting -Dorg.apache.ratis.thirdparty.io.netty.allocator.useCacheForAllThreads=false in command line.
2022-04-27 10:51:52,255 [Listener at 127.0.0.1/43313] INFO  grpc.GrpcConfigKeys (ConfUtils.java:logGet(44)) - raft.grpc.admin.port = 0 (custom)
2022-04-27 10:51:52,255 [Listener at 127.0.0.1/43313] INFO  grpc.GrpcConfigKeys (ConfUtils.java:logGet(44)) - raft.grpc.client.port = 0 (custom)
2022-04-27 10:51:52,255 [Listener at 127.0.0.1/43313] INFO  grpc.GrpcConfigKeys (ConfUtils.java:logGet(44)) - raft.grpc.server.port = 0 (default)
2022-04-27 10:51:52,255 [Listener at 127.0.0.1/43313] INFO  server.GrpcService (ConfUtils.java:logGet(44)) - raft.grpc.message.size.max = 32MB (=33554432) (custom)
2022-04-27 10:51:52,256 [Listener at 127.0.0.1/43313] INFO  server.RaftServerConfigKeys (ConfUtils.java:logGet(44)) - raft.server.log.appender.buffer.byte-limit = 33554432 (custom)
2022-04-27 10:51:52,256 [Listener at 127.0.0.1/43313] INFO  server.GrpcService (ConfUtils.java:logGet(44)) - raft.grpc.flow.control.window = 5MB (=5242880) (custom)
2022-04-27 10:51:52,256 [Listener at 127.0.0.1/43313] INFO  server.RaftServerConfigKeys (ConfUtils.java:logGet(44)) - raft.server.rpc.request.timeout = 3000ms (default)
2022-04-27 10:51:52,257 [Listener at 127.0.0.1/43313] INFO  impl.DataStreamServerImpl (ConfUtils.java:logGet(44)) - raft.datastream.type = DISABLED (default)
2022-04-27 10:51:52,258 [Listener at 127.0.0.1/43313] INFO  server.RaftServerConfigKeys (ConfUtils.java:logGet(44)) - raft.server.rpc.slowness.timeout = 300000ms (custom)
2022-04-27 10:51:52,258 [Listener at 127.0.0.1/43313] INFO  server.RaftServerConfigKeys (ConfUtils.java:logGet(44)) - raft.server.leaderelection.leader.step-down.wait-time = 10s (default)
2022-04-27 10:51:52,258 [Listener at 127.0.0.1/43313] INFO  server.RaftServerConfigKeys (ConfUtils.java:logGet(44)) - raft.server.storage.dir = [/home/runner/work/ozone/ozone/hadoop-ozone/integration-test/target/test-dir/MiniOzoneClusterImpl-6fb830c9-5413-49cc-a625-6cf41c4e5c97/datanode-4/data/ratis] (custom)
2022-04-27 10:51:52,259 [Listener at 127.0.0.1/43313] INFO  server.XceiverServerGrpc (XceiverServerGrpc.java:<init>(132)) - GrpcServer channel type EpollServerSocketChannel
2022-04-27 10:51:52,267 [Listener at 127.0.0.1/43313] INFO  http.BaseHttpServer (BaseHttpServer.java:newHttpServer2BuilderForOzone(209)) - Starting Web-server for hddsDatanode at: http://0.0.0.0:0
2022-04-27 10:51:52,268 [Listener at 127.0.0.1/43313] INFO  http.BaseHttpServer (BaseHttpServer.java:<init>(107)) - Hadoop Security Enabled: false Ozone Security Enabled: false Ozone HTTP Security Enabled: false 
2022-04-27 10:51:52,269 [Listener at 127.0.0.1/43313] INFO  server.AuthenticationFilter (AuthenticationFilter.java:constructSecretProvider(240)) - Unable to initialize FileSignerSecretProvider, falling back to use random secrets.
2022-04-27 10:51:52,270 [Listener at 127.0.0.1/43313] WARN  http.HttpRequestLog (HttpRequestLog.java:getRequestLog(103)) - Jetty request log can only be enabled using Log4j
2022-04-27 10:51:52,271 [Listener at 127.0.0.1/43313] INFO  http.HttpServer2 (HttpServer2.java:addGlobalFilter(1030)) - Added global filter 'safety' (class=org.apache.hadoop.hdds.server.http.HttpServer2$QuotingInputFilter)
2022-04-27 10:51:52,272 [Listener at 127.0.0.1/43313] INFO  http.HttpServer2 (HttpServer2.java:addFilter(1006)) - Added filter static_user_filter (class=org.apache.hadoop.http.lib.StaticUserWebFilter$StaticUserFilter) to context hddsDatanode
2022-04-27 10:51:52,272 [Listener at 127.0.0.1/43313] INFO  http.HttpServer2 (HttpServer2.java:addFilter(1014)) - Added filter static_user_filter (class=org.apache.hadoop.http.lib.StaticUserWebFilter$StaticUserFilter) to context logs
2022-04-27 10:51:52,272 [Listener at 127.0.0.1/43313] INFO  http.HttpServer2 (HttpServer2.java:addFilter(1014)) - Added filter static_user_filter (class=org.apache.hadoop.http.lib.StaticUserWebFilter$StaticUserFilter) to context static
2022-04-27 10:51:52,273 [Listener at 127.0.0.1/43313] INFO  http.HttpServer2 (HttpServer2.java:bindListener(1249)) - Jetty bound to port 33829
2022-04-27 10:51:52,273 [Listener at 127.0.0.1/43313] INFO  server.Server (Server.java:doStart(375)) - jetty-9.4.43.v20210629; built: 2021-06-30T11:07:22.254Z; git: 526006ecfa3af7f1a27ef3a288e2bef7ea9dd7e8; jvm 1.8.0_322-b06
2022-04-27 10:51:52,275 [Listener at 127.0.0.1/43313] INFO  server.session (DefaultSessionIdManager.java:doStart(334)) - DefaultSessionIdManager workerName=node0
2022-04-27 10:51:52,275 [Listener at 127.0.0.1/43313] INFO  server.session (DefaultSessionIdManager.java:doStart(339)) - No SessionScavenger set, using defaults
2022-04-27 10:51:52,275 [Listener at 127.0.0.1/43313] INFO  server.session (HouseKeeper.java:startScavenging(132)) - node0 Scavenging every 600000ms
2022-04-27 10:51:52,276 [Listener at 127.0.0.1/43313] INFO  handler.ContextHandler (ContextHandler.java:doStart(915)) - Started o.e.j.s.ServletContextHandler@3b88b5f8{logs,/logs,file:///home/runner/work/ozone/ozone/hadoop-ozone/integration-test/target/log,AVAILABLE}
2022-04-27 10:51:52,277 [Listener at 127.0.0.1/43313] INFO  handler.ContextHandler (ContextHandler.java:doStart(915)) - Started o.e.j.s.ServletContextHandler@57336465{static,/static,jar:file:/home/runner/.m2/repository/org/apache/ozone/hdds-container-service/1.3.0-SNAPSHOT/hdds-container-service-1.3.0-SNAPSHOT.jar!/webapps/static,AVAILABLE}
2022-04-27 10:51:52,500 [Listener at 127.0.0.1/43313] INFO  handler.ContextHandler (ContextHandler.java:doStart(915)) - Started o.e.j.w.WebAppContext@29c29f5f{hddsDatanode,/,file:///tmp/jetty-0_0_0_0-33829-hdds-container-service-1_3_0-SNAPSHOT_jar-_-any-3235322837753867773/webapp/,AVAILABLE}{jar:file:/home/runner/.m2/repository/org/apache/ozone/hdds-container-service/1.3.0-SNAPSHOT/hdds-container-service-1.3.0-SNAPSHOT.jar!/webapps/hddsDatanode}
2022-04-27 10:51:52,501 [Listener at 127.0.0.1/43313] INFO  server.AbstractConnector (AbstractConnector.java:doStart(331)) - Started ServerConnector@6f7be76{HTTP/1.1, (http/1.1)}{0.0.0.0:33829}
2022-04-27 10:51:52,501 [Listener at 127.0.0.1/43313] INFO  server.Server (Server.java:doStart(415)) - Started @10944ms
2022-04-27 10:51:52,502 [Listener at 127.0.0.1/43313] WARN  impl.MetricsSystemImpl (MetricsSystemImpl.java:register(279)) - Sink prometheus already exists!
2022-04-27 10:51:52,503 [Listener at 127.0.0.1/43313] INFO  http.BaseHttpServer (BaseHttpServer.java:updateConnectorAddress(329)) - HTTP server of hddsDatanode listening at http://0.0.0.0:33829
2022-04-27 10:51:52,503 [Listener at 127.0.0.1/43313] WARN  impl.MetricRegistriesImpl (MetricRegistriesImpl.java:addReporterRegistration(111)) - New reporters are added after registries were created. Some metrics will be missing from the reporter. Please add reporter before adding any new registry.
2022-04-27 10:51:52,503 [Listener at 127.0.0.1/43313] WARN  impl.MetricRegistriesImpl (MetricRegistriesImpl.java:addReporterRegistration(111)) - New reporters are added after registries were created. Some metrics will be missing from the reporter. Please add reporter before adding any new registry.
2022-04-27 10:51:52,504 [Listener at 127.0.0.1/43313] INFO  impl.MetricsSystemImpl (MetricsSystemImpl.java:init(158)) - HddsDatanode metrics system started (again)
2022-04-27 10:51:52,507 [Datanode State Machine Daemon Thread] INFO  statemachine.DatanodeStateMachine (DatanodeStateMachine.java:lambda$startDaemon$0(472)) - Ozone container server started.
2022-04-27 10:51:52,515 [org.apache.hadoop.util.JvmPauseMonitor$Monitor@5efb4c26] INFO  util.JvmPauseMonitor (JvmPauseMonitor.java:run(188)) - Starting JVM pause monitor
2022-04-27 10:51:52,524 [Datanode State Machine Task Thread - 0] INFO  datanode.InitDatanodeState (InitDatanodeState.java:persistContainerDatanodeDetails(138)) - DatanodeDetails is persisted to /home/runner/work/ozone/ozone/hadoop-ozone/integration-test/target/test-dir/MiniOzoneClusterImpl-6fb830c9-5413-49cc-a625-6cf41c4e5c97/datanode-4/meta/datanode.id
2022-04-27 10:51:52,526 [Listener at 127.0.0.1/43313] INFO  ozone.HddsDatanodeService (HddsDatanodeService.java:start(233)) - HddsDatanodeService host:fv-az270-423.tacnzluakwdehk1hpragurqkma.bx.internal.cloudapp.net ip:10.1.0.29
2022-04-27 10:51:52,552 [Listener at 127.0.0.1/43313] INFO  upgrade.AbstractLayoutVersionManager (AbstractLayoutVersionManager.java:init(79)) - Initializing Layout version manager with metadata layout = ERASURE_CODED_STORAGE_SUPPORT (version = 3), software layout = ERASURE_CODED_STORAGE_SUPPORT (version = 3)
2022-04-27 10:51:52,600 [Listener at 127.0.0.1/43313] INFO  reflections.Reflections (Reflections.java:scan(232)) - Reflections took 46 ms to scan 7 urls, producing 126 keys and 287 values 
2022-04-27 10:51:52,602 [Listener at 127.0.0.1/43313] INFO  statemachine.DatanodeStateMachine (DatanodeStateMachine.java:getEndPointTaskThreadPoolSize(224)) - Datanode State Machine Task Thread Pool size 2
2022-04-27 10:51:52,612 [Listener at 127.0.0.1/43313] INFO  volume.HddsVolume (HddsVolume.java:<init>(120)) - Creating HddsVolume: /home/runner/work/ozone/ozone/hadoop-ozone/integration-test/target/test-dir/MiniOzoneClusterImpl-6fb830c9-5413-49cc-a625-6cf41c4e5c97/datanode-5/data-0/containers/hdds of storage type : DISK capacity : 9223372036854775807
2022-04-27 10:51:52,613 [Listener at 127.0.0.1/43313] INFO  volume.MutableVolumeSet (MutableVolumeSet.java:initializeVolumeSet(168)) - Added Volume : /home/runner/work/ozone/ozone/hadoop-ozone/integration-test/target/test-dir/MiniOzoneClusterImpl-6fb830c9-5413-49cc-a625-6cf41c4e5c97/datanode-5/data-0/containers/hdds to VolumeSet
2022-04-27 10:51:52,613 [Listener at 127.0.0.1/43313] INFO  volume.ThrottledAsyncChecker (ThrottledAsyncChecker.java:schedule(141)) - Scheduling a check for /home/runner/work/ozone/ozone/hadoop-ozone/integration-test/target/test-dir/MiniOzoneClusterImpl-6fb830c9-5413-49cc-a625-6cf41c4e5c97/datanode-5/data-0/containers/hdds
2022-04-27 10:51:52,614 [Listener at 127.0.0.1/43313] INFO  volume.StorageVolumeChecker (StorageVolumeChecker.java:checkAllVolumes(202)) - Scheduled health check for volume /home/runner/work/ozone/ozone/hadoop-ozone/integration-test/target/test-dir/MiniOzoneClusterImpl-6fb830c9-5413-49cc-a625-6cf41c4e5c97/datanode-5/data-0/containers/hdds
2022-04-27 10:51:52,627 [Listener at 127.0.0.1/43313] INFO  volume.MutableVolumeSet (MutableVolumeSet.java:initializeVolumeSet(168)) - Added Volume : /home/runner/work/ozone/ozone/hadoop-ozone/integration-test/target/test-dir/MiniOzoneClusterImpl-6fb830c9-5413-49cc-a625-6cf41c4e5c97/datanode-5/data/ratis to VolumeSet
2022-04-27 10:51:52,627 [Listener at 127.0.0.1/43313] INFO  volume.ThrottledAsyncChecker (ThrottledAsyncChecker.java:schedule(141)) - Scheduling a check for /home/runner/work/ozone/ozone/hadoop-ozone/integration-test/target/test-dir/MiniOzoneClusterImpl-6fb830c9-5413-49cc-a625-6cf41c4e5c97/datanode-5/data/ratis
2022-04-27 10:51:52,627 [Listener at 127.0.0.1/43313] INFO  volume.StorageVolumeChecker (StorageVolumeChecker.java:checkAllVolumes(202)) - Scheduled health check for volume /home/runner/work/ozone/ozone/hadoop-ozone/integration-test/target/test-dir/MiniOzoneClusterImpl-6fb830c9-5413-49cc-a625-6cf41c4e5c97/datanode-5/data/ratis
2022-04-27 10:51:52,639 [Thread-193] INFO  ozoneimpl.ContainerReader (ContainerReader.java:readVolume(172)) - Finish verifying containers on volume /home/runner/work/ozone/ozone/hadoop-ozone/integration-test/target/test-dir/MiniOzoneClusterImpl-6fb830c9-5413-49cc-a625-6cf41c4e5c97/datanode-5/data-0/containers/hdds
2022-04-27 10:51:52,639 [Listener at 127.0.0.1/43313] INFO  ozoneimpl.OzoneContainer (OzoneContainer.java:buildContainerSet(257)) - Build ContainerSet costs 0s
2022-04-27 10:51:52,643 [Listener at 127.0.0.1/43313] INFO  server.RaftServer (ConfUtils.java:logGet(44)) - raft.rpc.type = GRPC (default)
2022-04-27 10:51:52,643 [Listener at 127.0.0.1/43313] INFO  grpc.GrpcFactory (GrpcFactory.java:checkPooledByteBufAllocatorUseCacheForAllThreads(48)) - PERFORMANCE WARNING: useCacheForAllThreads is true that may cause Netty to create a lot garbage objects and, as a result, trigger GC.
	It is recommended to disable useCacheForAllThreads by setting -Dorg.apache.ratis.thirdparty.io.netty.allocator.useCacheForAllThreads=false in command line.
2022-04-27 10:51:52,643 [Listener at 127.0.0.1/43313] INFO  grpc.GrpcConfigKeys (ConfUtils.java:logGet(44)) - raft.grpc.admin.port = 0 (custom)
2022-04-27 10:51:52,644 [Listener at 127.0.0.1/43313] INFO  grpc.GrpcConfigKeys (ConfUtils.java:logGet(44)) - raft.grpc.client.port = 0 (custom)
2022-04-27 10:51:52,644 [Listener at 127.0.0.1/43313] INFO  grpc.GrpcConfigKeys (ConfUtils.java:logGet(44)) - raft.grpc.server.port = 0 (default)
2022-04-27 10:51:52,644 [Listener at 127.0.0.1/43313] INFO  server.GrpcService (ConfUtils.java:logGet(44)) - raft.grpc.message.size.max = 32MB (=33554432) (custom)
2022-04-27 10:51:52,644 [Listener at 127.0.0.1/43313] INFO  server.RaftServerConfigKeys (ConfUtils.java:logGet(44)) - raft.server.log.appender.buffer.byte-limit = 33554432 (custom)
2022-04-27 10:51:52,644 [Listener at 127.0.0.1/43313] INFO  server.GrpcService (ConfUtils.java:logGet(44)) - raft.grpc.flow.control.window = 5MB (=5242880) (custom)
2022-04-27 10:51:52,644 [Listener at 127.0.0.1/43313] INFO  server.RaftServerConfigKeys (ConfUtils.java:logGet(44)) - raft.server.rpc.request.timeout = 3000ms (default)
2022-04-27 10:51:52,646 [Listener at 127.0.0.1/43313] INFO  impl.DataStreamServerImpl (ConfUtils.java:logGet(44)) - raft.datastream.type = DISABLED (default)
2022-04-27 10:51:52,646 [Listener at 127.0.0.1/43313] INFO  server.RaftServerConfigKeys (ConfUtils.java:logGet(44)) - raft.server.rpc.slowness.timeout = 300000ms (custom)
2022-04-27 10:51:52,646 [Listener at 127.0.0.1/43313] INFO  server.RaftServerConfigKeys (ConfUtils.java:logGet(44)) - raft.server.leaderelection.leader.step-down.wait-time = 10s (default)
2022-04-27 10:51:52,646 [Listener at 127.0.0.1/43313] INFO  server.RaftServerConfigKeys (ConfUtils.java:logGet(44)) - raft.server.storage.dir = [/home/runner/work/ozone/ozone/hadoop-ozone/integration-test/target/test-dir/MiniOzoneClusterImpl-6fb830c9-5413-49cc-a625-6cf41c4e5c97/datanode-5/data/ratis] (custom)
2022-04-27 10:51:52,648 [Listener at 127.0.0.1/43313] INFO  server.XceiverServerGrpc (XceiverServerGrpc.java:<init>(132)) - GrpcServer channel type EpollServerSocketChannel
2022-04-27 10:51:52,651 [Listener at 127.0.0.1/43313] INFO  http.BaseHttpServer (BaseHttpServer.java:newHttpServer2BuilderForOzone(209)) - Starting Web-server for hddsDatanode at: http://0.0.0.0:0
2022-04-27 10:51:52,651 [Listener at 127.0.0.1/43313] INFO  http.BaseHttpServer (BaseHttpServer.java:<init>(107)) - Hadoop Security Enabled: false Ozone Security Enabled: false Ozone HTTP Security Enabled: false 
2022-04-27 10:51:52,652 [Listener at 127.0.0.1/43313] INFO  server.AuthenticationFilter (AuthenticationFilter.java:constructSecretProvider(240)) - Unable to initialize FileSignerSecretProvider, falling back to use random secrets.
2022-04-27 10:51:52,653 [Listener at 127.0.0.1/43313] WARN  http.HttpRequestLog (HttpRequestLog.java:getRequestLog(103)) - Jetty request log can only be enabled using Log4j
2022-04-27 10:51:52,654 [Listener at 127.0.0.1/43313] INFO  http.HttpServer2 (HttpServer2.java:addGlobalFilter(1030)) - Added global filter 'safety' (class=org.apache.hadoop.hdds.server.http.HttpServer2$QuotingInputFilter)
2022-04-27 10:51:52,655 [Listener at 127.0.0.1/43313] INFO  http.HttpServer2 (HttpServer2.java:addFilter(1006)) - Added filter static_user_filter (class=org.apache.hadoop.http.lib.StaticUserWebFilter$StaticUserFilter) to context hddsDatanode
2022-04-27 10:51:52,655 [Listener at 127.0.0.1/43313] INFO  http.HttpServer2 (HttpServer2.java:addFilter(1014)) - Added filter static_user_filter (class=org.apache.hadoop.http.lib.StaticUserWebFilter$StaticUserFilter) to context static
2022-04-27 10:51:52,655 [Listener at 127.0.0.1/43313] INFO  http.HttpServer2 (HttpServer2.java:addFilter(1014)) - Added filter static_user_filter (class=org.apache.hadoop.http.lib.StaticUserWebFilter$StaticUserFilter) to context logs
2022-04-27 10:51:52,656 [Listener at 127.0.0.1/43313] INFO  http.HttpServer2 (HttpServer2.java:bindListener(1249)) - Jetty bound to port 39149
2022-04-27 10:51:52,657 [Listener at 127.0.0.1/43313] INFO  server.Server (Server.java:doStart(375)) - jetty-9.4.43.v20210629; built: 2021-06-30T11:07:22.254Z; git: 526006ecfa3af7f1a27ef3a288e2bef7ea9dd7e8; jvm 1.8.0_322-b06
2022-04-27 10:51:52,659 [Listener at 127.0.0.1/43313] INFO  server.session (DefaultSessionIdManager.java:doStart(334)) - DefaultSessionIdManager workerName=node0
2022-04-27 10:51:52,659 [Listener at 127.0.0.1/43313] INFO  server.session (DefaultSessionIdManager.java:doStart(339)) - No SessionScavenger set, using defaults
2022-04-27 10:51:52,659 [Listener at 127.0.0.1/43313] INFO  server.session (HouseKeeper.java:startScavenging(132)) - node0 Scavenging every 600000ms
2022-04-27 10:51:52,660 [Listener at 127.0.0.1/43313] INFO  handler.ContextHandler (ContextHandler.java:doStart(915)) - Started o.e.j.s.ServletContextHandler@b18d1ff{logs,/logs,file:///home/runner/work/ozone/ozone/hadoop-ozone/integration-test/target/log,AVAILABLE}
2022-04-27 10:51:52,660 [Listener at 127.0.0.1/43313] INFO  handler.ContextHandler (ContextHandler.java:doStart(915)) - Started o.e.j.s.ServletContextHandler@1b5b5ac9{static,/static,jar:file:/home/runner/.m2/repository/org/apache/ozone/hdds-container-service/1.3.0-SNAPSHOT/hdds-container-service-1.3.0-SNAPSHOT.jar!/webapps/static,AVAILABLE}
2022-04-27 10:51:52,857 [Listener at 127.0.0.1/43313] INFO  handler.ContextHandler (ContextHandler.java:doStart(915)) - Started o.e.j.w.WebAppContext@be1f3d6{hddsDatanode,/,file:///tmp/jetty-0_0_0_0-39149-hdds-container-service-1_3_0-SNAPSHOT_jar-_-any-7018879352397356088/webapp/,AVAILABLE}{jar:file:/home/runner/.m2/repository/org/apache/ozone/hdds-container-service/1.3.0-SNAPSHOT/hdds-container-service-1.3.0-SNAPSHOT.jar!/webapps/hddsDatanode}
2022-04-27 10:51:52,858 [Listener at 127.0.0.1/43313] INFO  server.AbstractConnector (AbstractConnector.java:doStart(331)) - Started ServerConnector@29db3f23{HTTP/1.1, (http/1.1)}{0.0.0.0:39149}
2022-04-27 10:51:52,859 [Listener at 127.0.0.1/43313] INFO  server.Server (Server.java:doStart(415)) - Started @11301ms
2022-04-27 10:51:52,859 [Listener at 127.0.0.1/43313] WARN  impl.MetricsSystemImpl (MetricsSystemImpl.java:register(279)) - Sink prometheus already exists!
2022-04-27 10:51:52,860 [Listener at 127.0.0.1/43313] INFO  http.BaseHttpServer (BaseHttpServer.java:updateConnectorAddress(329)) - HTTP server of hddsDatanode listening at http://0.0.0.0:39149
2022-04-27 10:51:52,862 [Listener at 127.0.0.1/43313] WARN  impl.MetricRegistriesImpl (MetricRegistriesImpl.java:addReporterRegistration(111)) - New reporters are added after registries were created. Some metrics will be missing from the reporter. Please add reporter before adding any new registry.
2022-04-27 10:51:52,862 [Listener at 127.0.0.1/43313] WARN  impl.MetricRegistriesImpl (MetricRegistriesImpl.java:addReporterRegistration(111)) - New reporters are added after registries were created. Some metrics will be missing from the reporter. Please add reporter before adding any new registry.
2022-04-27 10:51:52,862 [Listener at 127.0.0.1/43313] INFO  impl.MetricsSystemImpl (MetricsSystemImpl.java:init(158)) - HddsDatanode metrics system started (again)
2022-04-27 10:51:52,867 [Datanode State Machine Daemon Thread] INFO  statemachine.DatanodeStateMachine (DatanodeStateMachine.java:lambda$startDaemon$0(472)) - Ozone container server started.
2022-04-27 10:51:52,875 [Listener at 127.0.0.1/43313] INFO  ozone.HddsDatanodeService (HddsDatanodeService.java:start(233)) - HddsDatanodeService host:fv-az270-423.tacnzluakwdehk1hpragurqkma.bx.internal.cloudapp.net ip:10.1.0.29
2022-04-27 10:51:52,908 [org.apache.hadoop.util.JvmPauseMonitor$Monitor@e8d5a33] INFO  util.JvmPauseMonitor (JvmPauseMonitor.java:run(188)) - Starting JVM pause monitor
2022-04-27 10:51:52,909 [Listener at 127.0.0.1/43313] INFO  upgrade.AbstractLayoutVersionManager (AbstractLayoutVersionManager.java:init(79)) - Initializing Layout version manager with metadata layout = ERASURE_CODED_STORAGE_SUPPORT (version = 3), software layout = ERASURE_CODED_STORAGE_SUPPORT (version = 3)
2022-04-27 10:51:52,910 [Datanode State Machine Task Thread - 0] INFO  datanode.InitDatanodeState (InitDatanodeState.java:persistContainerDatanodeDetails(138)) - DatanodeDetails is persisted to /home/runner/work/ozone/ozone/hadoop-ozone/integration-test/target/test-dir/MiniOzoneClusterImpl-6fb830c9-5413-49cc-a625-6cf41c4e5c97/datanode-5/meta/datanode.id
2022-04-27 10:51:52,962 [Listener at 127.0.0.1/43313] INFO  reflections.Reflections (Reflections.java:scan(232)) - Reflections took 51 ms to scan 7 urls, producing 126 keys and 287 values 
2022-04-27 10:51:52,964 [Listener at 127.0.0.1/43313] INFO  statemachine.DatanodeStateMachine (DatanodeStateMachine.java:getEndPointTaskThreadPoolSize(224)) - Datanode State Machine Task Thread Pool size 2
2022-04-27 10:51:52,974 [Listener at 127.0.0.1/43313] INFO  volume.HddsVolume (HddsVolume.java:<init>(120)) - Creating HddsVolume: /home/runner/work/ozone/ozone/hadoop-ozone/integration-test/target/test-dir/MiniOzoneClusterImpl-6fb830c9-5413-49cc-a625-6cf41c4e5c97/datanode-6/data-0/containers/hdds of storage type : DISK capacity : 9223372036854775807
2022-04-27 10:51:52,974 [Listener at 127.0.0.1/43313] INFO  volume.MutableVolumeSet (MutableVolumeSet.java:initializeVolumeSet(168)) - Added Volume : /home/runner/work/ozone/ozone/hadoop-ozone/integration-test/target/test-dir/MiniOzoneClusterImpl-6fb830c9-5413-49cc-a625-6cf41c4e5c97/datanode-6/data-0/containers/hdds to VolumeSet
2022-04-27 10:51:52,974 [Listener at 127.0.0.1/43313] INFO  volume.ThrottledAsyncChecker (ThrottledAsyncChecker.java:schedule(141)) - Scheduling a check for /home/runner/work/ozone/ozone/hadoop-ozone/integration-test/target/test-dir/MiniOzoneClusterImpl-6fb830c9-5413-49cc-a625-6cf41c4e5c97/datanode-6/data-0/containers/hdds
2022-04-27 10:51:52,982 [Listener at 127.0.0.1/43313] INFO  volume.StorageVolumeChecker (StorageVolumeChecker.java:checkAllVolumes(202)) - Scheduled health check for volume /home/runner/work/ozone/ozone/hadoop-ozone/integration-test/target/test-dir/MiniOzoneClusterImpl-6fb830c9-5413-49cc-a625-6cf41c4e5c97/datanode-6/data-0/containers/hdds
2022-04-27 10:51:52,987 [EndpointStateMachine task thread for /0.0.0.0:44525 - 0 ] INFO  ozoneimpl.OzoneContainer (OzoneContainer.java:start(335)) - Attempting to start container services.
2022-04-27 10:51:52,990 [EndpointStateMachine task thread for /0.0.0.0:44525 - 0 ] INFO  ozoneimpl.OzoneContainer (OzoneContainer.java:startContainerScrub(270)) - Background container scanner has been disabled.
2022-04-27 10:51:52,996 [EndpointStateMachine task thread for /0.0.0.0:44525 - 0 ] INFO  replication.ReplicationServer (ReplicationServer.java:start(111)) - ReplicationServer is started using port 41789
2022-04-27 10:51:52,999 [EndpointStateMachine task thread for /0.0.0.0:44525 - 0 ] INFO  ratis.XceiverServerRatis (XceiverServerRatis.java:start(481)) - Starting XceiverServerRatis b4543bad-81d3-4f1d-9fc6-5e97dcd2d8eb
2022-04-27 10:51:53,000 [EndpointStateMachine task thread for /0.0.0.0:44525 - 0 ] INFO  server.RaftServer (RaftServerProxy.java:lambda$start$5(374)) - b4543bad-81d3-4f1d-9fc6-5e97dcd2d8eb: start RPC server
2022-04-27 10:51:53,005 [EndpointStateMachine task thread for /0.0.0.0:44525 - 0 ] INFO  server.GrpcService (GrpcService.java:startImpl(253)) - b4543bad-81d3-4f1d-9fc6-5e97dcd2d8eb: GrpcService started, listening on 41129
2022-04-27 10:51:53,006 [EndpointStateMachine task thread for /0.0.0.0:44525 - 0 ] INFO  ratis.XceiverServerRatis (XceiverServerRatis.java:getRealPort(502)) - XceiverServerRatis b4543bad-81d3-4f1d-9fc6-5e97dcd2d8eb is started using port 41129 for RATIS
2022-04-27 10:51:53,006 [EndpointStateMachine task thread for /0.0.0.0:44525 - 0 ] INFO  ratis.XceiverServerRatis (XceiverServerRatis.java:getRealPort(502)) - XceiverServerRatis b4543bad-81d3-4f1d-9fc6-5e97dcd2d8eb is started using port 41129 for RATIS_ADMIN
2022-04-27 10:51:53,006 [EndpointStateMachine task thread for /0.0.0.0:44525 - 0 ] INFO  ratis.XceiverServerRatis (XceiverServerRatis.java:getRealPort(502)) - XceiverServerRatis b4543bad-81d3-4f1d-9fc6-5e97dcd2d8eb is started using port 41129 for RATIS_SERVER
2022-04-27 10:51:53,006 [org.apache.ratis.util.JvmPauseMonitor$$Lambda$626/1217536106@14b83c81] INFO  util.JvmPauseMonitor (JvmPauseMonitor.java:run(103)) - JvmPauseMonitor-b4543bad-81d3-4f1d-9fc6-5e97dcd2d8eb: Started
2022-04-27 10:51:53,009 [EndpointStateMachine task thread for /0.0.0.0:44525 - 0 ] INFO  server.XceiverServerGrpc (XceiverServerGrpc.java:start(180)) - XceiverServerGrpc b4543bad-81d3-4f1d-9fc6-5e97dcd2d8eb is started using port 36927
2022-04-27 10:51:53,011 [Listener at 127.0.0.1/43313] INFO  volume.MutableVolumeSet (MutableVolumeSet.java:initializeVolumeSet(168)) - Added Volume : /home/runner/work/ozone/ozone/hadoop-ozone/integration-test/target/test-dir/MiniOzoneClusterImpl-6fb830c9-5413-49cc-a625-6cf41c4e5c97/datanode-6/data/ratis to VolumeSet
2022-04-27 10:51:53,011 [Listener at 127.0.0.1/43313] INFO  volume.ThrottledAsyncChecker (ThrottledAsyncChecker.java:schedule(141)) - Scheduling a check for /home/runner/work/ozone/ozone/hadoop-ozone/integration-test/target/test-dir/MiniOzoneClusterImpl-6fb830c9-5413-49cc-a625-6cf41c4e5c97/datanode-6/data/ratis
2022-04-27 10:51:53,027 [Listener at 127.0.0.1/43313] INFO  volume.StorageVolumeChecker (StorageVolumeChecker.java:checkAllVolumes(202)) - Scheduled health check for volume /home/runner/work/ozone/ozone/hadoop-ozone/integration-test/target/test-dir/MiniOzoneClusterImpl-6fb830c9-5413-49cc-a625-6cf41c4e5c97/datanode-6/data/ratis
2022-04-27 10:51:53,055 [Thread-209] INFO  ozoneimpl.ContainerReader (ContainerReader.java:readVolume(172)) - Finish verifying containers on volume /home/runner/work/ozone/ozone/hadoop-ozone/integration-test/target/test-dir/MiniOzoneClusterImpl-6fb830c9-5413-49cc-a625-6cf41c4e5c97/datanode-6/data-0/containers/hdds
2022-04-27 10:51:53,055 [Listener at 127.0.0.1/43313] INFO  ozoneimpl.OzoneContainer (OzoneContainer.java:buildContainerSet(257)) - Build ContainerSet costs 0s
2022-04-27 10:51:53,059 [Listener at 127.0.0.1/43313] INFO  server.RaftServer (ConfUtils.java:logGet(44)) - raft.rpc.type = GRPC (default)
2022-04-27 10:51:53,059 [Listener at 127.0.0.1/43313] INFO  grpc.GrpcFactory (GrpcFactory.java:checkPooledByteBufAllocatorUseCacheForAllThreads(48)) - PERFORMANCE WARNING: useCacheForAllThreads is true that may cause Netty to create a lot garbage objects and, as a result, trigger GC.
	It is recommended to disable useCacheForAllThreads by setting -Dorg.apache.ratis.thirdparty.io.netty.allocator.useCacheForAllThreads=false in command line.
2022-04-27 10:51:53,059 [Listener at 127.0.0.1/43313] INFO  grpc.GrpcConfigKeys (ConfUtils.java:logGet(44)) - raft.grpc.admin.port = 0 (custom)
2022-04-27 10:51:53,059 [Listener at 127.0.0.1/43313] INFO  grpc.GrpcConfigKeys (ConfUtils.java:logGet(44)) - raft.grpc.client.port = 0 (custom)
2022-04-27 10:51:53,059 [Listener at 127.0.0.1/43313] INFO  grpc.GrpcConfigKeys (ConfUtils.java:logGet(44)) - raft.grpc.server.port = 0 (default)
2022-04-27 10:51:53,062 [Listener at 127.0.0.1/43313] INFO  server.GrpcService (ConfUtils.java:logGet(44)) - raft.grpc.message.size.max = 32MB (=33554432) (custom)
2022-04-27 10:51:53,062 [Listener at 127.0.0.1/43313] INFO  server.RaftServerConfigKeys (ConfUtils.java:logGet(44)) - raft.server.log.appender.buffer.byte-limit = 33554432 (custom)
2022-04-27 10:51:53,062 [Listener at 127.0.0.1/43313] INFO  server.GrpcService (ConfUtils.java:logGet(44)) - raft.grpc.flow.control.window = 5MB (=5242880) (custom)
2022-04-27 10:51:53,062 [Listener at 127.0.0.1/43313] INFO  server.RaftServerConfigKeys (ConfUtils.java:logGet(44)) - raft.server.rpc.request.timeout = 3000ms (default)
2022-04-27 10:51:53,064 [Listener at 127.0.0.1/43313] INFO  impl.DataStreamServerImpl (ConfUtils.java:logGet(44)) - raft.datastream.type = DISABLED (default)
2022-04-27 10:51:53,064 [Listener at 127.0.0.1/43313] INFO  server.RaftServerConfigKeys (ConfUtils.java:logGet(44)) - raft.server.rpc.slowness.timeout = 300000ms (custom)
2022-04-27 10:51:53,064 [Listener at 127.0.0.1/43313] INFO  server.RaftServerConfigKeys (ConfUtils.java:logGet(44)) - raft.server.leaderelection.leader.step-down.wait-time = 10s (default)
2022-04-27 10:51:53,065 [Listener at 127.0.0.1/43313] INFO  server.RaftServerConfigKeys (ConfUtils.java:logGet(44)) - raft.server.storage.dir = [/home/runner/work/ozone/ozone/hadoop-ozone/integration-test/target/test-dir/MiniOzoneClusterImpl-6fb830c9-5413-49cc-a625-6cf41c4e5c97/datanode-6/data/ratis] (custom)
2022-04-27 10:51:53,072 [Listener at 127.0.0.1/43313] INFO  server.XceiverServerGrpc (XceiverServerGrpc.java:<init>(132)) - GrpcServer channel type EpollServerSocketChannel
2022-04-27 10:51:53,078 [Listener at 127.0.0.1/43313] INFO  http.BaseHttpServer (BaseHttpServer.java:newHttpServer2BuilderForOzone(209)) - Starting Web-server for hddsDatanode at: http://0.0.0.0:0
2022-04-27 10:51:53,078 [Listener at 127.0.0.1/43313] INFO  http.BaseHttpServer (BaseHttpServer.java:<init>(107)) - Hadoop Security Enabled: false Ozone Security Enabled: false Ozone HTTP Security Enabled: false 
2022-04-27 10:51:53,080 [Listener at 127.0.0.1/43313] INFO  server.AuthenticationFilter (AuthenticationFilter.java:constructSecretProvider(240)) - Unable to initialize FileSignerSecretProvider, falling back to use random secrets.
2022-04-27 10:51:53,086 [Listener at 127.0.0.1/43313] WARN  http.HttpRequestLog (HttpRequestLog.java:getRequestLog(103)) - Jetty request log can only be enabled using Log4j
2022-04-27 10:51:53,087 [Listener at 127.0.0.1/43313] INFO  http.HttpServer2 (HttpServer2.java:addGlobalFilter(1030)) - Added global filter 'safety' (class=org.apache.hadoop.hdds.server.http.HttpServer2$QuotingInputFilter)
2022-04-27 10:51:53,088 [Listener at 127.0.0.1/43313] INFO  http.HttpServer2 (HttpServer2.java:addFilter(1006)) - Added filter static_user_filter (class=org.apache.hadoop.http.lib.StaticUserWebFilter$StaticUserFilter) to context hddsDatanode
2022-04-27 10:51:53,089 [Listener at 127.0.0.1/43313] INFO  http.HttpServer2 (HttpServer2.java:addFilter(1014)) - Added filter static_user_filter (class=org.apache.hadoop.http.lib.StaticUserWebFilter$StaticUserFilter) to context logs
2022-04-27 10:51:53,089 [Listener at 127.0.0.1/43313] INFO  http.HttpServer2 (HttpServer2.java:addFilter(1014)) - Added filter static_user_filter (class=org.apache.hadoop.http.lib.StaticUserWebFilter$StaticUserFilter) to context static
2022-04-27 10:51:53,089 [Listener at 127.0.0.1/43313] INFO  http.HttpServer2 (HttpServer2.java:bindListener(1249)) - Jetty bound to port 35217
2022-04-27 10:51:53,089 [Listener at 127.0.0.1/43313] INFO  server.Server (Server.java:doStart(375)) - jetty-9.4.43.v20210629; built: 2021-06-30T11:07:22.254Z; git: 526006ecfa3af7f1a27ef3a288e2bef7ea9dd7e8; jvm 1.8.0_322-b06
2022-04-27 10:51:53,095 [Listener at 127.0.0.1/43313] INFO  server.session (DefaultSessionIdManager.java:doStart(334)) - DefaultSessionIdManager workerName=node0
2022-04-27 10:51:53,095 [Listener at 127.0.0.1/43313] INFO  server.session (DefaultSessionIdManager.java:doStart(339)) - No SessionScavenger set, using defaults
2022-04-27 10:51:53,096 [Listener at 127.0.0.1/43313] INFO  server.session (HouseKeeper.java:startScavenging(132)) - node0 Scavenging every 660000ms
2022-04-27 10:51:53,096 [Listener at 127.0.0.1/43313] INFO  handler.ContextHandler (ContextHandler.java:doStart(915)) - Started o.e.j.s.ServletContextHandler@14562e0{logs,/logs,file:///home/runner/work/ozone/ozone/hadoop-ozone/integration-test/target/log,AVAILABLE}
2022-04-27 10:51:53,097 [Listener at 127.0.0.1/43313] INFO  handler.ContextHandler (ContextHandler.java:doStart(915)) - Started o.e.j.s.ServletContextHandler@4f3b4b9e{static,/static,jar:file:/home/runner/.m2/repository/org/apache/ozone/hdds-container-service/1.3.0-SNAPSHOT/hdds-container-service-1.3.0-SNAPSHOT.jar!/webapps/static,AVAILABLE}
2022-04-27 10:51:53,291 [Listener at 127.0.0.1/43313] INFO  handler.ContextHandler (ContextHandler.java:doStart(915)) - Started o.e.j.w.WebAppContext@55b678dc{hddsDatanode,/,file:///tmp/jetty-0_0_0_0-35217-hdds-container-service-1_3_0-SNAPSHOT_jar-_-any-2500474190880080258/webapp/,AVAILABLE}{jar:file:/home/runner/.m2/repository/org/apache/ozone/hdds-container-service/1.3.0-SNAPSHOT/hdds-container-service-1.3.0-SNAPSHOT.jar!/webapps/hddsDatanode}
2022-04-27 10:51:53,293 [Listener at 127.0.0.1/43313] INFO  server.AbstractConnector (AbstractConnector.java:doStart(331)) - Started ServerConnector@7837c99c{HTTP/1.1, (http/1.1)}{0.0.0.0:35217}
2022-04-27 10:51:53,293 [Listener at 127.0.0.1/43313] INFO  server.Server (Server.java:doStart(415)) - Started @11736ms
2022-04-27 10:51:53,293 [Listener at 127.0.0.1/43313] WARN  impl.MetricsSystemImpl (MetricsSystemImpl.java:register(279)) - Sink prometheus already exists!
2022-04-27 10:51:53,294 [Listener at 127.0.0.1/43313] INFO  http.BaseHttpServer (BaseHttpServer.java:updateConnectorAddress(329)) - HTTP server of hddsDatanode listening at http://0.0.0.0:35217
2022-04-27 10:51:53,298 [Datanode State Machine Daemon Thread] INFO  statemachine.DatanodeStateMachine (DatanodeStateMachine.java:lambda$startDaemon$0(472)) - Ozone container server started.
2022-04-27 10:51:53,301 [Listener at 127.0.0.1/43313] WARN  impl.MetricRegistriesImpl (MetricRegistriesImpl.java:addReporterRegistration(111)) - New reporters are added after registries were created. Some metrics will be missing from the reporter. Please add reporter before adding any new registry.
2022-04-27 10:51:53,301 [Listener at 127.0.0.1/43313] WARN  impl.MetricRegistriesImpl (MetricRegistriesImpl.java:addReporterRegistration(111)) - New reporters are added after registries were created. Some metrics will be missing from the reporter. Please add reporter before adding any new registry.
2022-04-27 10:51:53,301 [Listener at 127.0.0.1/43313] INFO  impl.MetricsSystemImpl (MetricsSystemImpl.java:init(158)) - HddsDatanode metrics system started (again)
2022-04-27 10:51:53,312 [org.apache.hadoop.util.JvmPauseMonitor$Monitor@73582775] INFO  util.JvmPauseMonitor (JvmPauseMonitor.java:run(188)) - Starting JVM pause monitor
2022-04-27 10:51:53,315 [Listener at 127.0.0.1/43313] INFO  ozone.HddsDatanodeService (HddsDatanodeService.java:start(233)) - HddsDatanodeService host:fv-az270-423.tacnzluakwdehk1hpragurqkma.bx.internal.cloudapp.net ip:10.1.0.29
2022-04-27 10:51:53,319 [Datanode State Machine Task Thread - 0] INFO  datanode.InitDatanodeState (InitDatanodeState.java:persistContainerDatanodeDetails(138)) - DatanodeDetails is persisted to /home/runner/work/ozone/ozone/hadoop-ozone/integration-test/target/test-dir/MiniOzoneClusterImpl-6fb830c9-5413-49cc-a625-6cf41c4e5c97/datanode-6/meta/datanode.id
2022-04-27 10:51:53,329 [EndpointStateMachine task thread for /0.0.0.0:44525 - 0 ] INFO  ozoneimpl.OzoneContainer (OzoneContainer.java:start(335)) - Attempting to start container services.
2022-04-27 10:51:53,329 [EndpointStateMachine task thread for /0.0.0.0:44525 - 0 ] INFO  ozoneimpl.OzoneContainer (OzoneContainer.java:startContainerScrub(270)) - Background container scanner has been disabled.
2022-04-27 10:51:53,333 [EndpointStateMachine task thread for /0.0.0.0:44525 - 0 ] INFO  replication.ReplicationServer (ReplicationServer.java:start(111)) - ReplicationServer is started using port 34055
2022-04-27 10:51:53,334 [EndpointStateMachine task thread for /0.0.0.0:44525 - 0 ] INFO  ratis.XceiverServerRatis (XceiverServerRatis.java:start(481)) - Starting XceiverServerRatis fb1b2524-5f72-4172-b06b-98bf8bab58d7
2022-04-27 10:51:53,342 [EndpointStateMachine task thread for /0.0.0.0:44525 - 0 ] INFO  server.RaftServer (RaftServerProxy.java:lambda$start$5(374)) - fb1b2524-5f72-4172-b06b-98bf8bab58d7: start RPC server
2022-04-27 10:51:53,344 [EndpointStateMachine task thread for /0.0.0.0:44525 - 0 ] INFO  server.GrpcService (GrpcService.java:startImpl(253)) - fb1b2524-5f72-4172-b06b-98bf8bab58d7: GrpcService started, listening on 34621
2022-04-27 10:51:53,344 [Listener at 127.0.0.1/43313] INFO  upgrade.AbstractLayoutVersionManager (AbstractLayoutVersionManager.java:init(79)) - Initializing Layout version manager with metadata layout = ERASURE_CODED_STORAGE_SUPPORT (version = 3), software layout = ERASURE_CODED_STORAGE_SUPPORT (version = 3)
2022-04-27 10:51:53,347 [EndpointStateMachine task thread for /0.0.0.0:44525 - 0 ] INFO  ratis.XceiverServerRatis (XceiverServerRatis.java:getRealPort(502)) - XceiverServerRatis fb1b2524-5f72-4172-b06b-98bf8bab58d7 is started using port 34621 for RATIS
2022-04-27 10:51:53,348 [EndpointStateMachine task thread for /0.0.0.0:44525 - 0 ] INFO  ratis.XceiverServerRatis (XceiverServerRatis.java:getRealPort(502)) - XceiverServerRatis fb1b2524-5f72-4172-b06b-98bf8bab58d7 is started using port 34621 for RATIS_ADMIN
2022-04-27 10:51:53,348 [EndpointStateMachine task thread for /0.0.0.0:44525 - 0 ] INFO  ratis.XceiverServerRatis (XceiverServerRatis.java:getRealPort(502)) - XceiverServerRatis fb1b2524-5f72-4172-b06b-98bf8bab58d7 is started using port 34621 for RATIS_SERVER
2022-04-27 10:51:53,349 [org.apache.ratis.util.JvmPauseMonitor$$Lambda$626/1217536106@785f9569] INFO  util.JvmPauseMonitor (JvmPauseMonitor.java:run(103)) - JvmPauseMonitor-fb1b2524-5f72-4172-b06b-98bf8bab58d7: Started
2022-04-27 10:51:53,352 [EndpointStateMachine task thread for /0.0.0.0:44525 - 0 ] INFO  server.XceiverServerGrpc (XceiverServerGrpc.java:start(180)) - XceiverServerGrpc fb1b2524-5f72-4172-b06b-98bf8bab58d7 is started using port 35257
2022-04-27 10:51:53,397 [Listener at 127.0.0.1/43313] INFO  reflections.Reflections (Reflections.java:scan(232)) - Reflections took 51 ms to scan 7 urls, producing 126 keys and 287 values 
2022-04-27 10:51:53,398 [Listener at 127.0.0.1/43313] INFO  statemachine.DatanodeStateMachine (DatanodeStateMachine.java:getEndPointTaskThreadPoolSize(224)) - Datanode State Machine Task Thread Pool size 2
2022-04-27 10:51:53,400 [Listener at 127.0.0.1/43313] INFO  volume.HddsVolume (HddsVolume.java:<init>(120)) - Creating HddsVolume: /home/runner/work/ozone/ozone/hadoop-ozone/integration-test/target/test-dir/MiniOzoneClusterImpl-6fb830c9-5413-49cc-a625-6cf41c4e5c97/datanode-7/data-0/containers/hdds of storage type : DISK capacity : 9223372036854775807
2022-04-27 10:51:53,400 [Listener at 127.0.0.1/43313] INFO  volume.MutableVolumeSet (MutableVolumeSet.java:initializeVolumeSet(168)) - Added Volume : /home/runner/work/ozone/ozone/hadoop-ozone/integration-test/target/test-dir/MiniOzoneClusterImpl-6fb830c9-5413-49cc-a625-6cf41c4e5c97/datanode-7/data-0/containers/hdds to VolumeSet
2022-04-27 10:51:53,401 [Listener at 127.0.0.1/43313] INFO  volume.ThrottledAsyncChecker (ThrottledAsyncChecker.java:schedule(141)) - Scheduling a check for /home/runner/work/ozone/ozone/hadoop-ozone/integration-test/target/test-dir/MiniOzoneClusterImpl-6fb830c9-5413-49cc-a625-6cf41c4e5c97/datanode-7/data-0/containers/hdds
2022-04-27 10:51:53,404 [Listener at 127.0.0.1/43313] INFO  volume.StorageVolumeChecker (StorageVolumeChecker.java:checkAllVolumes(202)) - Scheduled health check for volume /home/runner/work/ozone/ozone/hadoop-ozone/integration-test/target/test-dir/MiniOzoneClusterImpl-6fb830c9-5413-49cc-a625-6cf41c4e5c97/datanode-7/data-0/containers/hdds
2022-04-27 10:51:53,417 [Listener at 127.0.0.1/43313] INFO  volume.MutableVolumeSet (MutableVolumeSet.java:initializeVolumeSet(168)) - Added Volume : /home/runner/work/ozone/ozone/hadoop-ozone/integration-test/target/test-dir/MiniOzoneClusterImpl-6fb830c9-5413-49cc-a625-6cf41c4e5c97/datanode-7/data/ratis to VolumeSet
2022-04-27 10:51:53,417 [Listener at 127.0.0.1/43313] INFO  volume.ThrottledAsyncChecker (ThrottledAsyncChecker.java:schedule(141)) - Scheduling a check for /home/runner/work/ozone/ozone/hadoop-ozone/integration-test/target/test-dir/MiniOzoneClusterImpl-6fb830c9-5413-49cc-a625-6cf41c4e5c97/datanode-7/data/ratis
2022-04-27 10:51:53,417 [Listener at 127.0.0.1/43313] INFO  volume.StorageVolumeChecker (StorageVolumeChecker.java:checkAllVolumes(202)) - Scheduled health check for volume /home/runner/work/ozone/ozone/hadoop-ozone/integration-test/target/test-dir/MiniOzoneClusterImpl-6fb830c9-5413-49cc-a625-6cf41c4e5c97/datanode-7/data/ratis
2022-04-27 10:51:53,431 [Thread-224] INFO  ozoneimpl.ContainerReader (ContainerReader.java:readVolume(172)) - Finish verifying containers on volume /home/runner/work/ozone/ozone/hadoop-ozone/integration-test/target/test-dir/MiniOzoneClusterImpl-6fb830c9-5413-49cc-a625-6cf41c4e5c97/datanode-7/data-0/containers/hdds
2022-04-27 10:51:53,431 [Listener at 127.0.0.1/43313] INFO  ozoneimpl.OzoneContainer (OzoneContainer.java:buildContainerSet(257)) - Build ContainerSet costs 0s
2022-04-27 10:51:53,433 [Listener at 127.0.0.1/43313] INFO  server.RaftServer (ConfUtils.java:logGet(44)) - raft.rpc.type = GRPC (default)
2022-04-27 10:51:53,434 [Listener at 127.0.0.1/43313] INFO  grpc.GrpcFactory (GrpcFactory.java:checkPooledByteBufAllocatorUseCacheForAllThreads(48)) - PERFORMANCE WARNING: useCacheForAllThreads is true that may cause Netty to create a lot garbage objects and, as a result, trigger GC.
	It is recommended to disable useCacheForAllThreads by setting -Dorg.apache.ratis.thirdparty.io.netty.allocator.useCacheForAllThreads=false in command line.
2022-04-27 10:51:53,434 [Listener at 127.0.0.1/43313] INFO  grpc.GrpcConfigKeys (ConfUtils.java:logGet(44)) - raft.grpc.admin.port = 0 (custom)
2022-04-27 10:51:53,434 [Listener at 127.0.0.1/43313] INFO  grpc.GrpcConfigKeys (ConfUtils.java:logGet(44)) - raft.grpc.client.port = 0 (custom)
2022-04-27 10:51:53,434 [Listener at 127.0.0.1/43313] INFO  grpc.GrpcConfigKeys (ConfUtils.java:logGet(44)) - raft.grpc.server.port = 0 (default)
2022-04-27 10:51:53,434 [Listener at 127.0.0.1/43313] INFO  server.GrpcService (ConfUtils.java:logGet(44)) - raft.grpc.message.size.max = 32MB (=33554432) (custom)
2022-04-27 10:51:53,434 [Listener at 127.0.0.1/43313] INFO  server.RaftServerConfigKeys (ConfUtils.java:logGet(44)) - raft.server.log.appender.buffer.byte-limit = 33554432 (custom)
2022-04-27 10:51:53,435 [Listener at 127.0.0.1/43313] INFO  server.GrpcService (ConfUtils.java:logGet(44)) - raft.grpc.flow.control.window = 5MB (=5242880) (custom)
2022-04-27 10:51:53,435 [Listener at 127.0.0.1/43313] INFO  server.RaftServerConfigKeys (ConfUtils.java:logGet(44)) - raft.server.rpc.request.timeout = 3000ms (default)
2022-04-27 10:51:53,436 [Listener at 127.0.0.1/43313] INFO  impl.DataStreamServerImpl (ConfUtils.java:logGet(44)) - raft.datastream.type = DISABLED (default)
2022-04-27 10:51:53,437 [Listener at 127.0.0.1/43313] INFO  server.RaftServerConfigKeys (ConfUtils.java:logGet(44)) - raft.server.rpc.slowness.timeout = 300000ms (custom)
2022-04-27 10:51:53,437 [Listener at 127.0.0.1/43313] INFO  server.RaftServerConfigKeys (ConfUtils.java:logGet(44)) - raft.server.leaderelection.leader.step-down.wait-time = 10s (default)
2022-04-27 10:51:53,437 [Listener at 127.0.0.1/43313] INFO  server.RaftServerConfigKeys (ConfUtils.java:logGet(44)) - raft.server.storage.dir = [/home/runner/work/ozone/ozone/hadoop-ozone/integration-test/target/test-dir/MiniOzoneClusterImpl-6fb830c9-5413-49cc-a625-6cf41c4e5c97/datanode-7/data/ratis] (custom)
2022-04-27 10:51:53,438 [Listener at 127.0.0.1/43313] INFO  server.XceiverServerGrpc (XceiverServerGrpc.java:<init>(132)) - GrpcServer channel type EpollServerSocketChannel
2022-04-27 10:51:53,444 [Listener at 127.0.0.1/43313] INFO  http.BaseHttpServer (BaseHttpServer.java:newHttpServer2BuilderForOzone(209)) - Starting Web-server for hddsDatanode at: http://0.0.0.0:0
2022-04-27 10:51:53,445 [Listener at 127.0.0.1/43313] INFO  http.BaseHttpServer (BaseHttpServer.java:<init>(107)) - Hadoop Security Enabled: false Ozone Security Enabled: false Ozone HTTP Security Enabled: false 
2022-04-27 10:51:53,446 [Listener at 127.0.0.1/43313] INFO  server.AuthenticationFilter (AuthenticationFilter.java:constructSecretProvider(240)) - Unable to initialize FileSignerSecretProvider, falling back to use random secrets.
2022-04-27 10:51:53,447 [Listener at 127.0.0.1/43313] WARN  http.HttpRequestLog (HttpRequestLog.java:getRequestLog(103)) - Jetty request log can only be enabled using Log4j
2022-04-27 10:51:53,447 [Listener at 127.0.0.1/43313] INFO  http.HttpServer2 (HttpServer2.java:addGlobalFilter(1030)) - Added global filter 'safety' (class=org.apache.hadoop.hdds.server.http.HttpServer2$QuotingInputFilter)
2022-04-27 10:51:53,448 [Listener at 127.0.0.1/43313] INFO  http.HttpServer2 (HttpServer2.java:addFilter(1006)) - Added filter static_user_filter (class=org.apache.hadoop.http.lib.StaticUserWebFilter$StaticUserFilter) to context hddsDatanode
2022-04-27 10:51:53,448 [Listener at 127.0.0.1/43313] INFO  http.HttpServer2 (HttpServer2.java:addFilter(1014)) - Added filter static_user_filter (class=org.apache.hadoop.http.lib.StaticUserWebFilter$StaticUserFilter) to context static
2022-04-27 10:51:53,449 [Listener at 127.0.0.1/43313] INFO  http.HttpServer2 (HttpServer2.java:addFilter(1014)) - Added filter static_user_filter (class=org.apache.hadoop.http.lib.StaticUserWebFilter$StaticUserFilter) to context logs
2022-04-27 10:51:53,449 [Listener at 127.0.0.1/43313] INFO  http.HttpServer2 (HttpServer2.java:bindListener(1249)) - Jetty bound to port 38477
2022-04-27 10:51:53,449 [Listener at 127.0.0.1/43313] INFO  server.Server (Server.java:doStart(375)) - jetty-9.4.43.v20210629; built: 2021-06-30T11:07:22.254Z; git: 526006ecfa3af7f1a27ef3a288e2bef7ea9dd7e8; jvm 1.8.0_322-b06
2022-04-27 10:51:53,451 [Listener at 127.0.0.1/43313] INFO  server.session (DefaultSessionIdManager.java:doStart(334)) - DefaultSessionIdManager workerName=node0
2022-04-27 10:51:53,451 [Listener at 127.0.0.1/43313] INFO  server.session (DefaultSessionIdManager.java:doStart(339)) - No SessionScavenger set, using defaults
2022-04-27 10:51:53,451 [Listener at 127.0.0.1/43313] INFO  server.session (HouseKeeper.java:startScavenging(132)) - node0 Scavenging every 600000ms
2022-04-27 10:51:53,452 [Listener at 127.0.0.1/43313] INFO  handler.ContextHandler (ContextHandler.java:doStart(915)) - Started o.e.j.s.ServletContextHandler@599e79b6{logs,/logs,file:///home/runner/work/ozone/ozone/hadoop-ozone/integration-test/target/log,AVAILABLE}
2022-04-27 10:51:53,453 [Listener at 127.0.0.1/43313] INFO  handler.ContextHandler (ContextHandler.java:doStart(915)) - Started o.e.j.s.ServletContextHandler@2cca9ab9{static,/static,jar:file:/home/runner/.m2/repository/org/apache/ozone/hdds-container-service/1.3.0-SNAPSHOT/hdds-container-service-1.3.0-SNAPSHOT.jar!/webapps/static,AVAILABLE}
2022-04-27 10:51:53,649 [Listener at 127.0.0.1/43313] INFO  handler.ContextHandler (ContextHandler.java:doStart(915)) - Started o.e.j.w.WebAppContext@44eab1b0{hddsDatanode,/,file:///tmp/jetty-0_0_0_0-38477-hdds-container-service-1_3_0-SNAPSHOT_jar-_-any-7560534955303545851/webapp/,AVAILABLE}{jar:file:/home/runner/.m2/repository/org/apache/ozone/hdds-container-service/1.3.0-SNAPSHOT/hdds-container-service-1.3.0-SNAPSHOT.jar!/webapps/hddsDatanode}
2022-04-27 10:51:53,651 [Listener at 127.0.0.1/43313] INFO  server.AbstractConnector (AbstractConnector.java:doStart(331)) - Started ServerConnector@6bdb0635{HTTP/1.1, (http/1.1)}{0.0.0.0:38477}
2022-04-27 10:51:53,651 [Listener at 127.0.0.1/43313] INFO  server.Server (Server.java:doStart(415)) - Started @12094ms
2022-04-27 10:51:53,651 [Listener at 127.0.0.1/43313] WARN  impl.MetricsSystemImpl (MetricsSystemImpl.java:register(279)) - Sink prometheus already exists!
2022-04-27 10:51:53,652 [Listener at 127.0.0.1/43313] INFO  http.BaseHttpServer (BaseHttpServer.java:updateConnectorAddress(329)) - HTTP server of hddsDatanode listening at http://0.0.0.0:38477
2022-04-27 10:51:53,652 [Datanode State Machine Daemon Thread] INFO  statemachine.DatanodeStateMachine (DatanodeStateMachine.java:lambda$startDaemon$0(472)) - Ozone container server started.
2022-04-27 10:51:53,653 [Listener at 127.0.0.1/43313] WARN  impl.MetricRegistriesImpl (MetricRegistriesImpl.java:addReporterRegistration(111)) - New reporters are added after registries were created. Some metrics will be missing from the reporter. Please add reporter before adding any new registry.
2022-04-27 10:51:53,660 [Listener at 127.0.0.1/43313] WARN  impl.MetricRegistriesImpl (MetricRegistriesImpl.java:addReporterRegistration(111)) - New reporters are added after registries were created. Some metrics will be missing from the reporter. Please add reporter before adding any new registry.
2022-04-27 10:51:53,660 [Listener at 127.0.0.1/43313] INFO  impl.MetricsSystemImpl (MetricsSystemImpl.java:init(158)) - HddsDatanode metrics system started (again)
2022-04-27 10:51:53,673 [Listener at 127.0.0.1/43313] INFO  ozone.HddsDatanodeService (HddsDatanodeService.java:start(233)) - HddsDatanodeService host:fv-az270-423.tacnzluakwdehk1hpragurqkma.bx.internal.cloudapp.net ip:10.1.0.29
2022-04-27 10:51:53,682 [org.apache.hadoop.util.JvmPauseMonitor$Monitor@5bbc538f] INFO  util.JvmPauseMonitor (JvmPauseMonitor.java:run(188)) - Starting JVM pause monitor
2022-04-27 10:51:53,684 [Datanode State Machine Task Thread - 0] INFO  datanode.InitDatanodeState (InitDatanodeState.java:persistContainerDatanodeDetails(138)) - DatanodeDetails is persisted to /home/runner/work/ozone/ozone/hadoop-ozone/integration-test/target/test-dir/MiniOzoneClusterImpl-6fb830c9-5413-49cc-a625-6cf41c4e5c97/datanode-7/meta/datanode.id
2022-04-27 10:51:53,697 [EndpointStateMachine task thread for /0.0.0.0:44525 - 0 ] INFO  ozoneimpl.OzoneContainer (OzoneContainer.java:start(335)) - Attempting to start container services.
2022-04-27 10:51:53,697 [EndpointStateMachine task thread for /0.0.0.0:44525 - 0 ] INFO  ozoneimpl.OzoneContainer (OzoneContainer.java:startContainerScrub(270)) - Background container scanner has been disabled.
2022-04-27 10:51:53,700 [EndpointStateMachine task thread for /0.0.0.0:44525 - 0 ] INFO  replication.ReplicationServer (ReplicationServer.java:start(111)) - ReplicationServer is started using port 45903
2022-04-27 10:51:53,700 [Listener at 127.0.0.1/43313] INFO  upgrade.AbstractLayoutVersionManager (AbstractLayoutVersionManager.java:init(79)) - Initializing Layout version manager with metadata layout = ERASURE_CODED_STORAGE_SUPPORT (version = 3), software layout = ERASURE_CODED_STORAGE_SUPPORT (version = 3)
2022-04-27 10:51:53,701 [EndpointStateMachine task thread for /0.0.0.0:44525 - 0 ] INFO  ratis.XceiverServerRatis (XceiverServerRatis.java:start(481)) - Starting XceiverServerRatis 5305b34f-83d0-4be9-8032-f631ee150b78
2022-04-27 10:51:53,730 [EndpointStateMachine task thread for /0.0.0.0:44525 - 0 ] INFO  server.RaftServer (RaftServerProxy.java:lambda$start$5(374)) - 5305b34f-83d0-4be9-8032-f631ee150b78: start RPC server
2022-04-27 10:51:53,733 [EndpointStateMachine task thread for /0.0.0.0:44525 - 0 ] INFO  server.GrpcService (GrpcService.java:startImpl(253)) - 5305b34f-83d0-4be9-8032-f631ee150b78: GrpcService started, listening on 34741
2022-04-27 10:51:53,734 [EndpointStateMachine task thread for /0.0.0.0:44525 - 0 ] INFO  ratis.XceiverServerRatis (XceiverServerRatis.java:getRealPort(502)) - XceiverServerRatis 5305b34f-83d0-4be9-8032-f631ee150b78 is started using port 34741 for RATIS
2022-04-27 10:51:53,734 [EndpointStateMachine task thread for /0.0.0.0:44525 - 0 ] INFO  ratis.XceiverServerRatis (XceiverServerRatis.java:getRealPort(502)) - XceiverServerRatis 5305b34f-83d0-4be9-8032-f631ee150b78 is started using port 34741 for RATIS_ADMIN
2022-04-27 10:51:53,734 [EndpointStateMachine task thread for /0.0.0.0:44525 - 0 ] INFO  ratis.XceiverServerRatis (XceiverServerRatis.java:getRealPort(502)) - XceiverServerRatis 5305b34f-83d0-4be9-8032-f631ee150b78 is started using port 34741 for RATIS_SERVER
2022-04-27 10:51:53,734 [org.apache.ratis.util.JvmPauseMonitor$$Lambda$626/1217536106@5982495] INFO  util.JvmPauseMonitor (JvmPauseMonitor.java:run(103)) - JvmPauseMonitor-5305b34f-83d0-4be9-8032-f631ee150b78: Started
2022-04-27 10:51:53,747 [EndpointStateMachine task thread for /0.0.0.0:44525 - 0 ] INFO  server.XceiverServerGrpc (XceiverServerGrpc.java:start(180)) - XceiverServerGrpc 5305b34f-83d0-4be9-8032-f631ee150b78 is started using port 45233
2022-04-27 10:51:53,783 [Listener at 127.0.0.1/43313] INFO  reflections.Reflections (Reflections.java:scan(232)) - Reflections took 81 ms to scan 7 urls, producing 126 keys and 287 values 
2022-04-27 10:51:53,784 [Listener at 127.0.0.1/43313] INFO  statemachine.DatanodeStateMachine (DatanodeStateMachine.java:getEndPointTaskThreadPoolSize(224)) - Datanode State Machine Task Thread Pool size 2
2022-04-27 10:51:53,786 [Listener at 127.0.0.1/43313] INFO  volume.HddsVolume (HddsVolume.java:<init>(120)) - Creating HddsVolume: /home/runner/work/ozone/ozone/hadoop-ozone/integration-test/target/test-dir/MiniOzoneClusterImpl-6fb830c9-5413-49cc-a625-6cf41c4e5c97/datanode-8/data-0/containers/hdds of storage type : DISK capacity : 9223372036854775807
2022-04-27 10:51:53,787 [Listener at 127.0.0.1/43313] INFO  volume.MutableVolumeSet (MutableVolumeSet.java:initializeVolumeSet(168)) - Added Volume : /home/runner/work/ozone/ozone/hadoop-ozone/integration-test/target/test-dir/MiniOzoneClusterImpl-6fb830c9-5413-49cc-a625-6cf41c4e5c97/datanode-8/data-0/containers/hdds to VolumeSet
2022-04-27 10:51:53,787 [Listener at 127.0.0.1/43313] INFO  volume.ThrottledAsyncChecker (ThrottledAsyncChecker.java:schedule(141)) - Scheduling a check for /home/runner/work/ozone/ozone/hadoop-ozone/integration-test/target/test-dir/MiniOzoneClusterImpl-6fb830c9-5413-49cc-a625-6cf41c4e5c97/datanode-8/data-0/containers/hdds
2022-04-27 10:51:53,792 [Listener at 127.0.0.1/43313] INFO  volume.StorageVolumeChecker (StorageVolumeChecker.java:checkAllVolumes(202)) - Scheduled health check for volume /home/runner/work/ozone/ozone/hadoop-ozone/integration-test/target/test-dir/MiniOzoneClusterImpl-6fb830c9-5413-49cc-a625-6cf41c4e5c97/datanode-8/data-0/containers/hdds
2022-04-27 10:51:53,804 [Listener at 127.0.0.1/43313] INFO  volume.MutableVolumeSet (MutableVolumeSet.java:initializeVolumeSet(168)) - Added Volume : /home/runner/work/ozone/ozone/hadoop-ozone/integration-test/target/test-dir/MiniOzoneClusterImpl-6fb830c9-5413-49cc-a625-6cf41c4e5c97/datanode-8/data/ratis to VolumeSet
2022-04-27 10:51:53,805 [Listener at 127.0.0.1/43313] INFO  volume.ThrottledAsyncChecker (ThrottledAsyncChecker.java:schedule(141)) - Scheduling a check for /home/runner/work/ozone/ozone/hadoop-ozone/integration-test/target/test-dir/MiniOzoneClusterImpl-6fb830c9-5413-49cc-a625-6cf41c4e5c97/datanode-8/data/ratis
2022-04-27 10:51:53,805 [Listener at 127.0.0.1/43313] INFO  volume.StorageVolumeChecker (StorageVolumeChecker.java:checkAllVolumes(202)) - Scheduled health check for volume /home/runner/work/ozone/ozone/hadoop-ozone/integration-test/target/test-dir/MiniOzoneClusterImpl-6fb830c9-5413-49cc-a625-6cf41c4e5c97/datanode-8/data/ratis
2022-04-27 10:51:53,818 [Thread-239] INFO  ozoneimpl.ContainerReader (ContainerReader.java:readVolume(172)) - Finish verifying containers on volume /home/runner/work/ozone/ozone/hadoop-ozone/integration-test/target/test-dir/MiniOzoneClusterImpl-6fb830c9-5413-49cc-a625-6cf41c4e5c97/datanode-8/data-0/containers/hdds
2022-04-27 10:51:53,818 [Listener at 127.0.0.1/43313] INFO  ozoneimpl.OzoneContainer (OzoneContainer.java:buildContainerSet(257)) - Build ContainerSet costs 0s
2022-04-27 10:51:53,821 [Listener at 127.0.0.1/43313] INFO  server.RaftServer (ConfUtils.java:logGet(44)) - raft.rpc.type = GRPC (default)
2022-04-27 10:51:53,821 [Listener at 127.0.0.1/43313] INFO  grpc.GrpcFactory (GrpcFactory.java:checkPooledByteBufAllocatorUseCacheForAllThreads(48)) - PERFORMANCE WARNING: useCacheForAllThreads is true that may cause Netty to create a lot garbage objects and, as a result, trigger GC.
	It is recommended to disable useCacheForAllThreads by setting -Dorg.apache.ratis.thirdparty.io.netty.allocator.useCacheForAllThreads=false in command line.
2022-04-27 10:51:53,821 [Listener at 127.0.0.1/43313] INFO  grpc.GrpcConfigKeys (ConfUtils.java:logGet(44)) - raft.grpc.admin.port = 0 (custom)
2022-04-27 10:51:53,822 [Listener at 127.0.0.1/43313] INFO  grpc.GrpcConfigKeys (ConfUtils.java:logGet(44)) - raft.grpc.client.port = 0 (custom)
2022-04-27 10:51:53,822 [Listener at 127.0.0.1/43313] INFO  grpc.GrpcConfigKeys (ConfUtils.java:logGet(44)) - raft.grpc.server.port = 0 (default)
2022-04-27 10:51:53,822 [Listener at 127.0.0.1/43313] INFO  server.GrpcService (ConfUtils.java:logGet(44)) - raft.grpc.message.size.max = 32MB (=33554432) (custom)
2022-04-27 10:51:53,822 [Listener at 127.0.0.1/43313] INFO  server.RaftServerConfigKeys (ConfUtils.java:logGet(44)) - raft.server.log.appender.buffer.byte-limit = 33554432 (custom)
2022-04-27 10:51:53,822 [Listener at 127.0.0.1/43313] INFO  server.GrpcService (ConfUtils.java:logGet(44)) - raft.grpc.flow.control.window = 5MB (=5242880) (custom)
2022-04-27 10:51:53,822 [Listener at 127.0.0.1/43313] INFO  server.RaftServerConfigKeys (ConfUtils.java:logGet(44)) - raft.server.rpc.request.timeout = 3000ms (default)
2022-04-27 10:51:53,823 [Listener at 127.0.0.1/43313] INFO  impl.DataStreamServerImpl (ConfUtils.java:logGet(44)) - raft.datastream.type = DISABLED (default)
2022-04-27 10:51:53,824 [Listener at 127.0.0.1/43313] INFO  server.RaftServerConfigKeys (ConfUtils.java:logGet(44)) - raft.server.rpc.slowness.timeout = 300000ms (custom)
2022-04-27 10:51:53,824 [Listener at 127.0.0.1/43313] INFO  server.RaftServerConfigKeys (ConfUtils.java:logGet(44)) - raft.server.leaderelection.leader.step-down.wait-time = 10s (default)
2022-04-27 10:51:53,824 [Listener at 127.0.0.1/43313] INFO  server.RaftServerConfigKeys (ConfUtils.java:logGet(44)) - raft.server.storage.dir = [/home/runner/work/ozone/ozone/hadoop-ozone/integration-test/target/test-dir/MiniOzoneClusterImpl-6fb830c9-5413-49cc-a625-6cf41c4e5c97/datanode-8/data/ratis] (custom)
2022-04-27 10:51:53,825 [Listener at 127.0.0.1/43313] INFO  server.XceiverServerGrpc (XceiverServerGrpc.java:<init>(132)) - GrpcServer channel type EpollServerSocketChannel
2022-04-27 10:51:53,829 [Listener at 127.0.0.1/43313] INFO  http.BaseHttpServer (BaseHttpServer.java:newHttpServer2BuilderForOzone(209)) - Starting Web-server for hddsDatanode at: http://0.0.0.0:0
2022-04-27 10:51:53,829 [Listener at 127.0.0.1/43313] INFO  http.BaseHttpServer (BaseHttpServer.java:<init>(107)) - Hadoop Security Enabled: false Ozone Security Enabled: false Ozone HTTP Security Enabled: false 
2022-04-27 10:51:53,831 [Listener at 127.0.0.1/43313] INFO  server.AuthenticationFilter (AuthenticationFilter.java:constructSecretProvider(240)) - Unable to initialize FileSignerSecretProvider, falling back to use random secrets.
2022-04-27 10:51:53,831 [Listener at 127.0.0.1/43313] WARN  http.HttpRequestLog (HttpRequestLog.java:getRequestLog(103)) - Jetty request log can only be enabled using Log4j
2022-04-27 10:51:53,832 [Listener at 127.0.0.1/43313] INFO  http.HttpServer2 (HttpServer2.java:addGlobalFilter(1030)) - Added global filter 'safety' (class=org.apache.hadoop.hdds.server.http.HttpServer2$QuotingInputFilter)
2022-04-27 10:51:53,834 [Listener at 127.0.0.1/43313] INFO  http.HttpServer2 (HttpServer2.java:addFilter(1006)) - Added filter static_user_filter (class=org.apache.hadoop.http.lib.StaticUserWebFilter$StaticUserFilter) to context hddsDatanode
2022-04-27 10:51:53,834 [Listener at 127.0.0.1/43313] INFO  http.HttpServer2 (HttpServer2.java:addFilter(1014)) - Added filter static_user_filter (class=org.apache.hadoop.http.lib.StaticUserWebFilter$StaticUserFilter) to context static
2022-04-27 10:51:53,834 [Listener at 127.0.0.1/43313] INFO  http.HttpServer2 (HttpServer2.java:addFilter(1014)) - Added filter static_user_filter (class=org.apache.hadoop.http.lib.StaticUserWebFilter$StaticUserFilter) to context logs
2022-04-27 10:51:53,835 [Listener at 127.0.0.1/43313] INFO  http.HttpServer2 (HttpServer2.java:bindListener(1249)) - Jetty bound to port 33463
2022-04-27 10:51:53,835 [Listener at 127.0.0.1/43313] INFO  server.Server (Server.java:doStart(375)) - jetty-9.4.43.v20210629; built: 2021-06-30T11:07:22.254Z; git: 526006ecfa3af7f1a27ef3a288e2bef7ea9dd7e8; jvm 1.8.0_322-b06
2022-04-27 10:51:53,837 [Listener at 127.0.0.1/43313] INFO  server.session (DefaultSessionIdManager.java:doStart(334)) - DefaultSessionIdManager workerName=node0
2022-04-27 10:51:53,838 [Listener at 127.0.0.1/43313] INFO  server.session (DefaultSessionIdManager.java:doStart(339)) - No SessionScavenger set, using defaults
2022-04-27 10:51:53,838 [Listener at 127.0.0.1/43313] INFO  server.session (HouseKeeper.java:startScavenging(132)) - node0 Scavenging every 660000ms
2022-04-27 10:51:53,839 [Listener at 127.0.0.1/43313] INFO  handler.ContextHandler (ContextHandler.java:doStart(915)) - Started o.e.j.s.ServletContextHandler@12ccc0d3{logs,/logs,file:///home/runner/work/ozone/ozone/hadoop-ozone/integration-test/target/log,AVAILABLE}
2022-04-27 10:51:53,839 [Listener at 127.0.0.1/43313] INFO  handler.ContextHandler (ContextHandler.java:doStart(915)) - Started o.e.j.s.ServletContextHandler@19cc4b7c{static,/static,jar:file:/home/runner/.m2/repository/org/apache/ozone/hdds-container-service/1.3.0-SNAPSHOT/hdds-container-service-1.3.0-SNAPSHOT.jar!/webapps/static,AVAILABLE}
2022-04-27 10:51:54,039 [Listener at 127.0.0.1/43313] INFO  handler.ContextHandler (ContextHandler.java:doStart(915)) - Started o.e.j.w.WebAppContext@598e7b84{hddsDatanode,/,file:///tmp/jetty-0_0_0_0-33463-hdds-container-service-1_3_0-SNAPSHOT_jar-_-any-6689410146134591542/webapp/,AVAILABLE}{jar:file:/home/runner/.m2/repository/org/apache/ozone/hdds-container-service/1.3.0-SNAPSHOT/hdds-container-service-1.3.0-SNAPSHOT.jar!/webapps/hddsDatanode}
2022-04-27 10:51:54,040 [Listener at 127.0.0.1/43313] INFO  server.AbstractConnector (AbstractConnector.java:doStart(331)) - Started ServerConnector@1b2b2b6d{HTTP/1.1, (http/1.1)}{0.0.0.0:33463}
2022-04-27 10:51:54,041 [Listener at 127.0.0.1/43313] INFO  server.Server (Server.java:doStart(415)) - Started @12483ms
2022-04-27 10:51:54,041 [Listener at 127.0.0.1/43313] WARN  impl.MetricsSystemImpl (MetricsSystemImpl.java:register(279)) - Sink prometheus already exists!
2022-04-27 10:51:54,041 [Listener at 127.0.0.1/43313] INFO  http.BaseHttpServer (BaseHttpServer.java:updateConnectorAddress(329)) - HTTP server of hddsDatanode listening at http://0.0.0.0:33463
2022-04-27 10:51:54,042 [Datanode State Machine Daemon Thread] INFO  statemachine.DatanodeStateMachine (DatanodeStateMachine.java:lambda$startDaemon$0(472)) - Ozone container server started.
2022-04-27 10:51:54,042 [Listener at 127.0.0.1/43313] WARN  impl.MetricRegistriesImpl (MetricRegistriesImpl.java:addReporterRegistration(111)) - New reporters are added after registries were created. Some metrics will be missing from the reporter. Please add reporter before adding any new registry.
2022-04-27 10:51:54,043 [Listener at 127.0.0.1/43313] WARN  impl.MetricRegistriesImpl (MetricRegistriesImpl.java:addReporterRegistration(111)) - New reporters are added after registries were created. Some metrics will be missing from the reporter. Please add reporter before adding any new registry.
2022-04-27 10:51:54,043 [Listener at 127.0.0.1/43313] INFO  impl.MetricsSystemImpl (MetricsSystemImpl.java:init(158)) - HddsDatanode metrics system started (again)
2022-04-27 10:51:54,052 [org.apache.hadoop.util.JvmPauseMonitor$Monitor@5cdbe9e4] INFO  util.JvmPauseMonitor (JvmPauseMonitor.java:run(188)) - Starting JVM pause monitor
2022-04-27 10:51:54,058 [Datanode State Machine Task Thread - 0] INFO  datanode.InitDatanodeState (InitDatanodeState.java:persistContainerDatanodeDetails(138)) - DatanodeDetails is persisted to /home/runner/work/ozone/ozone/hadoop-ozone/integration-test/target/test-dir/MiniOzoneClusterImpl-6fb830c9-5413-49cc-a625-6cf41c4e5c97/datanode-8/meta/datanode.id
2022-04-27 10:51:54,060 [Listener at 127.0.0.1/43313] INFO  ozone.HddsDatanodeService (HddsDatanodeService.java:start(233)) - HddsDatanodeService host:fv-az270-423.tacnzluakwdehk1hpragurqkma.bx.internal.cloudapp.net ip:10.1.0.29
2022-04-27 10:51:54,089 [Listener at 127.0.0.1/43313] INFO  upgrade.AbstractLayoutVersionManager (AbstractLayoutVersionManager.java:init(79)) - Initializing Layout version manager with metadata layout = ERASURE_CODED_STORAGE_SUPPORT (version = 3), software layout = ERASURE_CODED_STORAGE_SUPPORT (version = 3)
2022-04-27 10:51:54,135 [Listener at 127.0.0.1/43313] INFO  reflections.Reflections (Reflections.java:scan(232)) - Reflections took 44 ms to scan 7 urls, producing 126 keys and 287 values 
2022-04-27 10:51:54,136 [Listener at 127.0.0.1/43313] INFO  statemachine.DatanodeStateMachine (DatanodeStateMachine.java:getEndPointTaskThreadPoolSize(224)) - Datanode State Machine Task Thread Pool size 2
2022-04-27 10:51:54,140 [Listener at 127.0.0.1/43313] INFO  volume.HddsVolume (HddsVolume.java:<init>(120)) - Creating HddsVolume: /home/runner/work/ozone/ozone/hadoop-ozone/integration-test/target/test-dir/MiniOzoneClusterImpl-6fb830c9-5413-49cc-a625-6cf41c4e5c97/datanode-9/data-0/containers/hdds of storage type : DISK capacity : 9223372036854775807
2022-04-27 10:51:54,141 [Listener at 127.0.0.1/43313] INFO  volume.MutableVolumeSet (MutableVolumeSet.java:initializeVolumeSet(168)) - Added Volume : /home/runner/work/ozone/ozone/hadoop-ozone/integration-test/target/test-dir/MiniOzoneClusterImpl-6fb830c9-5413-49cc-a625-6cf41c4e5c97/datanode-9/data-0/containers/hdds to VolumeSet
2022-04-27 10:51:54,141 [Listener at 127.0.0.1/43313] INFO  volume.ThrottledAsyncChecker (ThrottledAsyncChecker.java:schedule(141)) - Scheduling a check for /home/runner/work/ozone/ozone/hadoop-ozone/integration-test/target/test-dir/MiniOzoneClusterImpl-6fb830c9-5413-49cc-a625-6cf41c4e5c97/datanode-9/data-0/containers/hdds
2022-04-27 10:51:54,143 [Listener at 127.0.0.1/43313] INFO  volume.StorageVolumeChecker (StorageVolumeChecker.java:checkAllVolumes(202)) - Scheduled health check for volume /home/runner/work/ozone/ozone/hadoop-ozone/integration-test/target/test-dir/MiniOzoneClusterImpl-6fb830c9-5413-49cc-a625-6cf41c4e5c97/datanode-9/data-0/containers/hdds
2022-04-27 10:51:54,153 [EndpointStateMachine task thread for /0.0.0.0:44525 - 0 ] INFO  ozoneimpl.OzoneContainer (OzoneContainer.java:start(335)) - Attempting to start container services.
2022-04-27 10:51:54,153 [EndpointStateMachine task thread for /0.0.0.0:44525 - 0 ] INFO  ozoneimpl.OzoneContainer (OzoneContainer.java:startContainerScrub(270)) - Background container scanner has been disabled.
2022-04-27 10:51:54,168 [EndpointStateMachine task thread for /0.0.0.0:44525 - 0 ] INFO  replication.ReplicationServer (ReplicationServer.java:start(111)) - ReplicationServer is started using port 41459
2022-04-27 10:51:54,169 [EndpointStateMachine task thread for /0.0.0.0:44525 - 0 ] INFO  ratis.XceiverServerRatis (XceiverServerRatis.java:start(481)) - Starting XceiverServerRatis 6f2ed759-dfb9-4419-9191-8597321ac421
2022-04-27 10:51:54,170 [EndpointStateMachine task thread for /0.0.0.0:44525 - 0 ] INFO  server.RaftServer (RaftServerProxy.java:lambda$start$5(374)) - 6f2ed759-dfb9-4419-9191-8597321ac421: start RPC server
2022-04-27 10:51:54,172 [EndpointStateMachine task thread for /0.0.0.0:44525 - 0 ] INFO  server.GrpcService (GrpcService.java:startImpl(253)) - 6f2ed759-dfb9-4419-9191-8597321ac421: GrpcService started, listening on 39501
2022-04-27 10:51:54,173 [EndpointStateMachine task thread for /0.0.0.0:44525 - 0 ] INFO  ratis.XceiverServerRatis (XceiverServerRatis.java:getRealPort(502)) - XceiverServerRatis 6f2ed759-dfb9-4419-9191-8597321ac421 is started using port 39501 for RATIS
2022-04-27 10:51:54,173 [EndpointStateMachine task thread for /0.0.0.0:44525 - 0 ] INFO  ratis.XceiverServerRatis (XceiverServerRatis.java:getRealPort(502)) - XceiverServerRatis 6f2ed759-dfb9-4419-9191-8597321ac421 is started using port 39501 for RATIS_ADMIN
2022-04-27 10:51:54,173 [EndpointStateMachine task thread for /0.0.0.0:44525 - 0 ] INFO  ratis.XceiverServerRatis (XceiverServerRatis.java:getRealPort(502)) - XceiverServerRatis 6f2ed759-dfb9-4419-9191-8597321ac421 is started using port 39501 for RATIS_SERVER
2022-04-27 10:51:54,173 [org.apache.ratis.util.JvmPauseMonitor$$Lambda$626/1217536106@55722370] INFO  util.JvmPauseMonitor (JvmPauseMonitor.java:run(103)) - JvmPauseMonitor-6f2ed759-dfb9-4419-9191-8597321ac421: Started
2022-04-27 10:51:54,175 [Listener at 127.0.0.1/43313] INFO  volume.MutableVolumeSet (MutableVolumeSet.java:initializeVolumeSet(168)) - Added Volume : /home/runner/work/ozone/ozone/hadoop-ozone/integration-test/target/test-dir/MiniOzoneClusterImpl-6fb830c9-5413-49cc-a625-6cf41c4e5c97/datanode-9/data/ratis to VolumeSet
2022-04-27 10:51:54,175 [Listener at 127.0.0.1/43313] INFO  volume.ThrottledAsyncChecker (ThrottledAsyncChecker.java:schedule(141)) - Scheduling a check for /home/runner/work/ozone/ozone/hadoop-ozone/integration-test/target/test-dir/MiniOzoneClusterImpl-6fb830c9-5413-49cc-a625-6cf41c4e5c97/datanode-9/data/ratis
2022-04-27 10:51:54,175 [Listener at 127.0.0.1/43313] INFO  volume.StorageVolumeChecker (StorageVolumeChecker.java:checkAllVolumes(202)) - Scheduled health check for volume /home/runner/work/ozone/ozone/hadoop-ozone/integration-test/target/test-dir/MiniOzoneClusterImpl-6fb830c9-5413-49cc-a625-6cf41c4e5c97/datanode-9/data/ratis
2022-04-27 10:51:54,177 [EndpointStateMachine task thread for /0.0.0.0:44525 - 0 ] INFO  server.XceiverServerGrpc (XceiverServerGrpc.java:start(180)) - XceiverServerGrpc 6f2ed759-dfb9-4419-9191-8597321ac421 is started using port 44875
2022-04-27 10:51:54,189 [Thread-254] INFO  ozoneimpl.ContainerReader (ContainerReader.java:readVolume(172)) - Finish verifying containers on volume /home/runner/work/ozone/ozone/hadoop-ozone/integration-test/target/test-dir/MiniOzoneClusterImpl-6fb830c9-5413-49cc-a625-6cf41c4e5c97/datanode-9/data-0/containers/hdds
2022-04-27 10:51:54,189 [Listener at 127.0.0.1/43313] INFO  ozoneimpl.OzoneContainer (OzoneContainer.java:buildContainerSet(257)) - Build ContainerSet costs 0s
2022-04-27 10:51:54,193 [Listener at 127.0.0.1/43313] INFO  server.RaftServer (ConfUtils.java:logGet(44)) - raft.rpc.type = GRPC (default)
2022-04-27 10:51:54,193 [Listener at 127.0.0.1/43313] INFO  grpc.GrpcFactory (GrpcFactory.java:checkPooledByteBufAllocatorUseCacheForAllThreads(48)) - PERFORMANCE WARNING: useCacheForAllThreads is true that may cause Netty to create a lot garbage objects and, as a result, trigger GC.
	It is recommended to disable useCacheForAllThreads by setting -Dorg.apache.ratis.thirdparty.io.netty.allocator.useCacheForAllThreads=false in command line.
2022-04-27 10:51:54,193 [Listener at 127.0.0.1/43313] INFO  grpc.GrpcConfigKeys (ConfUtils.java:logGet(44)) - raft.grpc.admin.port = 0 (custom)
2022-04-27 10:51:54,193 [Listener at 127.0.0.1/43313] INFO  grpc.GrpcConfigKeys (ConfUtils.java:logGet(44)) - raft.grpc.client.port = 0 (custom)
2022-04-27 10:51:54,193 [Listener at 127.0.0.1/43313] INFO  grpc.GrpcConfigKeys (ConfUtils.java:logGet(44)) - raft.grpc.server.port = 0 (default)
2022-04-27 10:51:54,193 [Listener at 127.0.0.1/43313] INFO  server.GrpcService (ConfUtils.java:logGet(44)) - raft.grpc.message.size.max = 32MB (=33554432) (custom)
2022-04-27 10:51:54,194 [Listener at 127.0.0.1/43313] INFO  server.RaftServerConfigKeys (ConfUtils.java:logGet(44)) - raft.server.log.appender.buffer.byte-limit = 33554432 (custom)
2022-04-27 10:51:54,194 [Listener at 127.0.0.1/43313] INFO  server.GrpcService (ConfUtils.java:logGet(44)) - raft.grpc.flow.control.window = 5MB (=5242880) (custom)
2022-04-27 10:51:54,194 [Listener at 127.0.0.1/43313] INFO  server.RaftServerConfigKeys (ConfUtils.java:logGet(44)) - raft.server.rpc.request.timeout = 3000ms (default)
2022-04-27 10:51:54,195 [Listener at 127.0.0.1/43313] INFO  impl.DataStreamServerImpl (ConfUtils.java:logGet(44)) - raft.datastream.type = DISABLED (default)
2022-04-27 10:51:54,195 [Listener at 127.0.0.1/43313] INFO  server.RaftServerConfigKeys (ConfUtils.java:logGet(44)) - raft.server.rpc.slowness.timeout = 300000ms (custom)
2022-04-27 10:51:54,196 [Listener at 127.0.0.1/43313] INFO  server.RaftServerConfigKeys (ConfUtils.java:logGet(44)) - raft.server.leaderelection.leader.step-down.wait-time = 10s (default)
2022-04-27 10:51:54,196 [Listener at 127.0.0.1/43313] INFO  server.RaftServerConfigKeys (ConfUtils.java:logGet(44)) - raft.server.storage.dir = [/home/runner/work/ozone/ozone/hadoop-ozone/integration-test/target/test-dir/MiniOzoneClusterImpl-6fb830c9-5413-49cc-a625-6cf41c4e5c97/datanode-9/data/ratis] (custom)
2022-04-27 10:51:54,197 [Listener at 127.0.0.1/43313] INFO  server.XceiverServerGrpc (XceiverServerGrpc.java:<init>(132)) - GrpcServer channel type EpollServerSocketChannel
2022-04-27 10:51:54,200 [Listener at 127.0.0.1/43313] INFO  http.BaseHttpServer (BaseHttpServer.java:newHttpServer2BuilderForOzone(209)) - Starting Web-server for hddsDatanode at: http://0.0.0.0:0
2022-04-27 10:51:54,201 [Listener at 127.0.0.1/43313] INFO  http.BaseHttpServer (BaseHttpServer.java:<init>(107)) - Hadoop Security Enabled: false Ozone Security Enabled: false Ozone HTTP Security Enabled: false 
2022-04-27 10:51:54,202 [Listener at 127.0.0.1/43313] INFO  server.AuthenticationFilter (AuthenticationFilter.java:constructSecretProvider(240)) - Unable to initialize FileSignerSecretProvider, falling back to use random secrets.
2022-04-27 10:51:54,202 [Listener at 127.0.0.1/43313] WARN  http.HttpRequestLog (HttpRequestLog.java:getRequestLog(103)) - Jetty request log can only be enabled using Log4j
2022-04-27 10:51:54,203 [Listener at 127.0.0.1/43313] INFO  http.HttpServer2 (HttpServer2.java:addGlobalFilter(1030)) - Added global filter 'safety' (class=org.apache.hadoop.hdds.server.http.HttpServer2$QuotingInputFilter)
2022-04-27 10:51:54,207 [Listener at 127.0.0.1/43313] INFO  http.HttpServer2 (HttpServer2.java:addFilter(1006)) - Added filter static_user_filter (class=org.apache.hadoop.http.lib.StaticUserWebFilter$StaticUserFilter) to context hddsDatanode
2022-04-27 10:51:54,207 [Listener at 127.0.0.1/43313] INFO  http.HttpServer2 (HttpServer2.java:addFilter(1014)) - Added filter static_user_filter (class=org.apache.hadoop.http.lib.StaticUserWebFilter$StaticUserFilter) to context logs
2022-04-27 10:51:54,207 [Listener at 127.0.0.1/43313] INFO  http.HttpServer2 (HttpServer2.java:addFilter(1014)) - Added filter static_user_filter (class=org.apache.hadoop.http.lib.StaticUserWebFilter$StaticUserFilter) to context static
2022-04-27 10:51:54,208 [Listener at 127.0.0.1/43313] INFO  http.HttpServer2 (HttpServer2.java:bindListener(1249)) - Jetty bound to port 33963
2022-04-27 10:51:54,208 [Listener at 127.0.0.1/43313] INFO  server.Server (Server.java:doStart(375)) - jetty-9.4.43.v20210629; built: 2021-06-30T11:07:22.254Z; git: 526006ecfa3af7f1a27ef3a288e2bef7ea9dd7e8; jvm 1.8.0_322-b06
2022-04-27 10:51:54,211 [Listener at 127.0.0.1/43313] INFO  server.session (DefaultSessionIdManager.java:doStart(334)) - DefaultSessionIdManager workerName=node0
2022-04-27 10:51:54,211 [Listener at 127.0.0.1/43313] INFO  server.session (DefaultSessionIdManager.java:doStart(339)) - No SessionScavenger set, using defaults
2022-04-27 10:51:54,212 [Listener at 127.0.0.1/43313] INFO  server.session (HouseKeeper.java:startScavenging(132)) - node0 Scavenging every 600000ms
2022-04-27 10:51:54,212 [Listener at 127.0.0.1/43313] INFO  handler.ContextHandler (ContextHandler.java:doStart(915)) - Started o.e.j.s.ServletContextHandler@75b186e4{logs,/logs,file:///home/runner/work/ozone/ozone/hadoop-ozone/integration-test/target/log,AVAILABLE}
2022-04-27 10:51:54,213 [Listener at 127.0.0.1/43313] INFO  handler.ContextHandler (ContextHandler.java:doStart(915)) - Started o.e.j.s.ServletContextHandler@34408125{static,/static,jar:file:/home/runner/.m2/repository/org/apache/ozone/hdds-container-service/1.3.0-SNAPSHOT/hdds-container-service-1.3.0-SNAPSHOT.jar!/webapps/static,AVAILABLE}
2022-04-27 10:51:54,406 [Listener at 127.0.0.1/43313] INFO  handler.ContextHandler (ContextHandler.java:doStart(915)) - Started o.e.j.w.WebAppContext@6b92b8c9{hddsDatanode,/,file:///tmp/jetty-0_0_0_0-33963-hdds-container-service-1_3_0-SNAPSHOT_jar-_-any-6051627044115427369/webapp/,AVAILABLE}{jar:file:/home/runner/.m2/repository/org/apache/ozone/hdds-container-service/1.3.0-SNAPSHOT/hdds-container-service-1.3.0-SNAPSHOT.jar!/webapps/hddsDatanode}
2022-04-27 10:51:54,407 [Listener at 127.0.0.1/43313] INFO  server.AbstractConnector (AbstractConnector.java:doStart(331)) - Started ServerConnector@64004f10{HTTP/1.1, (http/1.1)}{0.0.0.0:33963}
2022-04-27 10:51:54,408 [Listener at 127.0.0.1/43313] INFO  server.Server (Server.java:doStart(415)) - Started @12851ms
2022-04-27 10:51:54,408 [Listener at 127.0.0.1/43313] WARN  impl.MetricsSystemImpl (MetricsSystemImpl.java:register(279)) - Sink prometheus already exists!
2022-04-27 10:51:54,409 [Listener at 127.0.0.1/43313] INFO  http.BaseHttpServer (BaseHttpServer.java:updateConnectorAddress(329)) - HTTP server of hddsDatanode listening at http://0.0.0.0:33963
2022-04-27 10:51:54,409 [Datanode State Machine Daemon Thread] INFO  statemachine.DatanodeStateMachine (DatanodeStateMachine.java:lambda$startDaemon$0(472)) - Ozone container server started.
2022-04-27 10:51:54,411 [Listener at 127.0.0.1/43313] INFO  ozone.MiniOzoneClusterImpl (MiniOzoneClusterImpl.java:lambda$waitForClusterToBeReady$0(221)) - Waiting for nodes to be ready. Got 0 of 10 DN Heartbeats.
2022-04-27 10:51:54,411 [Listener at 127.0.0.1/43313] INFO  ozone.MiniOzoneClusterImpl (MiniOzoneClusterImpl.java:lambda$waitForClusterToBeReady$0(224)) - Waiting for cluster to exit safe mode
2022-04-27 10:51:54,411 [Listener at 127.0.0.1/43313] INFO  ozone.MiniOzoneClusterImpl (MiniOzoneClusterImpl.java:lambda$waitForClusterToBeReady$0(226)) - SCM became leader
2022-04-27 10:51:54,420 [org.apache.hadoop.util.JvmPauseMonitor$Monitor@245c3496] INFO  util.JvmPauseMonitor (JvmPauseMonitor.java:run(188)) - Starting JVM pause monitor
2022-04-27 10:51:54,422 [Datanode State Machine Task Thread - 0] INFO  datanode.InitDatanodeState (InitDatanodeState.java:persistContainerDatanodeDetails(138)) - DatanodeDetails is persisted to /home/runner/work/ozone/ozone/hadoop-ozone/integration-test/target/test-dir/MiniOzoneClusterImpl-6fb830c9-5413-49cc-a625-6cf41c4e5c97/datanode-9/meta/datanode.id
2022-04-27 10:51:54,521 [EndpointStateMachine task thread for /0.0.0.0:44525 - 0 ] INFO  ozoneimpl.OzoneContainer (OzoneContainer.java:start(335)) - Attempting to start container services.
2022-04-27 10:51:54,521 [EndpointStateMachine task thread for /0.0.0.0:44525 - 0 ] INFO  ozoneimpl.OzoneContainer (OzoneContainer.java:startContainerScrub(270)) - Background container scanner has been disabled.
2022-04-27 10:51:54,523 [EndpointStateMachine task thread for /0.0.0.0:44525 - 0 ] INFO  replication.ReplicationServer (ReplicationServer.java:start(111)) - ReplicationServer is started using port 38343
2022-04-27 10:51:54,524 [EndpointStateMachine task thread for /0.0.0.0:44525 - 0 ] INFO  ratis.XceiverServerRatis (XceiverServerRatis.java:start(481)) - Starting XceiverServerRatis 0a06a8c4-9179-4a2e-838b-55c09a430176
2022-04-27 10:51:54,525 [EndpointStateMachine task thread for /0.0.0.0:44525 - 0 ] INFO  server.RaftServer (RaftServerProxy.java:lambda$start$5(374)) - 0a06a8c4-9179-4a2e-838b-55c09a430176: start RPC server
2022-04-27 10:51:54,529 [EndpointStateMachine task thread for /0.0.0.0:44525 - 0 ] INFO  server.GrpcService (GrpcService.java:startImpl(253)) - 0a06a8c4-9179-4a2e-838b-55c09a430176: GrpcService started, listening on 39993
2022-04-27 10:51:54,529 [EndpointStateMachine task thread for /0.0.0.0:44525 - 0 ] INFO  ratis.XceiverServerRatis (XceiverServerRatis.java:getRealPort(502)) - XceiverServerRatis 0a06a8c4-9179-4a2e-838b-55c09a430176 is started using port 39993 for RATIS
2022-04-27 10:51:54,529 [EndpointStateMachine task thread for /0.0.0.0:44525 - 0 ] INFO  ratis.XceiverServerRatis (XceiverServerRatis.java:getRealPort(502)) - XceiverServerRatis 0a06a8c4-9179-4a2e-838b-55c09a430176 is started using port 39993 for RATIS_ADMIN
2022-04-27 10:51:54,529 [EndpointStateMachine task thread for /0.0.0.0:44525 - 0 ] INFO  ratis.XceiverServerRatis (XceiverServerRatis.java:getRealPort(502)) - XceiverServerRatis 0a06a8c4-9179-4a2e-838b-55c09a430176 is started using port 39993 for RATIS_SERVER
2022-04-27 10:51:54,530 [org.apache.ratis.util.JvmPauseMonitor$$Lambda$626/1217536106@225844fb] INFO  util.JvmPauseMonitor (JvmPauseMonitor.java:run(103)) - JvmPauseMonitor-0a06a8c4-9179-4a2e-838b-55c09a430176: Started
2022-04-27 10:51:54,533 [EndpointStateMachine task thread for /0.0.0.0:44525 - 0 ] INFO  server.XceiverServerGrpc (XceiverServerGrpc.java:start(180)) - XceiverServerGrpc 0a06a8c4-9179-4a2e-838b-55c09a430176 is started using port 39275
2022-04-27 10:51:54,888 [IPC Server handler 1 on default port 44525] INFO  net.NetworkTopologyImpl (NetworkTopologyImpl.java:add(112)) - Added a new node: /default-rack/b4543bad-81d3-4f1d-9fc6-5e97dcd2d8eb
2022-04-27 10:51:54,890 [IPC Server handler 1 on default port 44525] INFO  node.SCMNodeManager (SCMNodeManager.java:register(391)) - Registered Data node : b4543bad-81d3-4f1d-9fc6-5e97dcd2d8eb{ip: 10.1.0.29, host: fv-az270-423.tacnzluakwdehk1hpragurqkma.bx.internal.cloudapp.net, ports: [REPLICATION=41789, RATIS=41129, RATIS_ADMIN=41129, RATIS_SERVER=41129, STANDALONE=36927], networkLocation: /default-rack, certSerialId: null, persistedOpState: null, persistedOpStateExpiryEpochSec: 0}
2022-04-27 10:51:54,894 [EventQueue-NewNodeForNewNodeHandler] INFO  pipeline.BackgroundPipelineCreator (BackgroundPipelineCreator.java:notifyEventTriggered(271)) - trigger a one-shot run on RatisPipelineUtilsThread.
2022-04-27 10:51:54,902 [EventQueue-NodeRegistrationContainerReportForContainerSafeModeRule] INFO  safemode.SCMSafeModeManager (SCMSafeModeManager.java:validateSafeModeExitRules(204)) - ContainerSafeModeRule rule is successfully validated
2022-04-27 10:51:54,902 [EventQueue-NodeRegistrationContainerReportForDataNodeSafeModeRule] INFO  safemode.SCMSafeModeManager (DataNodeSafeModeRule.java:process(71)) - SCM in safe mode. 1 DataNodes registered, 3 required.
2022-04-27 10:51:54,907 [EventQueue-PipelineReportForOneReplicaPipelineSafeModeRule] INFO  safemode.SCMSafeModeManager (SCMSafeModeManager.java:validateSafeModeExitRules(204)) - AtleastOneDatanodeReportedRule rule is successfully validated
2022-04-27 10:51:54,908 [RatisPipelineUtilsThread - 0] INFO  pipeline.RatisPipelineProvider (RatisPipelineProvider.java:lambda$create$0(195)) - Sending CreatePipelineCommand for pipeline:PipelineID=7b30fe29-44b7-4f18-b2bd-b437493561cc to datanode:b4543bad-81d3-4f1d-9fc6-5e97dcd2d8eb
2022-04-27 10:51:54,914 [EndpointStateMachine task thread for /0.0.0.0:44525 - 0 ] INFO  ozoneimpl.OzoneContainer (OzoneContainer.java:start(335)) - Attempting to start container services.
2022-04-27 10:51:54,914 [EndpointStateMachine task thread for /0.0.0.0:44525 - 0 ] INFO  ozoneimpl.OzoneContainer (OzoneContainer.java:startContainerScrub(270)) - Background container scanner has been disabled.
2022-04-27 10:51:54,916 [EndpointStateMachine task thread for /0.0.0.0:44525 - 0 ] INFO  replication.ReplicationServer (ReplicationServer.java:start(111)) - ReplicationServer is started using port 39479
2022-04-27 10:51:54,917 [EndpointStateMachine task thread for /0.0.0.0:44525 - 0 ] INFO  ratis.XceiverServerRatis (XceiverServerRatis.java:start(481)) - Starting XceiverServerRatis 5e3f1479-9daf-43cd-8651-224960992f9b
2022-04-27 10:51:54,924 [EndpointStateMachine task thread for /0.0.0.0:44525 - 0 ] INFO  server.RaftServer (RaftServerProxy.java:lambda$start$5(374)) - 5e3f1479-9daf-43cd-8651-224960992f9b: start RPC server
2022-04-27 10:51:54,926 [EndpointStateMachine task thread for /0.0.0.0:44525 - 0 ] INFO  server.GrpcService (GrpcService.java:startImpl(253)) - 5e3f1479-9daf-43cd-8651-224960992f9b: GrpcService started, listening on 36215
2022-04-27 10:51:54,926 [EndpointStateMachine task thread for /0.0.0.0:44525 - 0 ] INFO  ratis.XceiverServerRatis (XceiverServerRatis.java:getRealPort(502)) - XceiverServerRatis 5e3f1479-9daf-43cd-8651-224960992f9b is started using port 36215 for RATIS
2022-04-27 10:51:54,926 [EndpointStateMachine task thread for /0.0.0.0:44525 - 0 ] INFO  ratis.XceiverServerRatis (XceiverServerRatis.java:getRealPort(502)) - XceiverServerRatis 5e3f1479-9daf-43cd-8651-224960992f9b is started using port 36215 for RATIS_ADMIN
2022-04-27 10:51:54,927 [EndpointStateMachine task thread for /0.0.0.0:44525 - 0 ] INFO  ratis.XceiverServerRatis (XceiverServerRatis.java:getRealPort(502)) - XceiverServerRatis 5e3f1479-9daf-43cd-8651-224960992f9b is started using port 36215 for RATIS_SERVER
2022-04-27 10:51:54,927 [org.apache.ratis.util.JvmPauseMonitor$$Lambda$626/1217536106@6f8e1d07] INFO  util.JvmPauseMonitor (JvmPauseMonitor.java:run(103)) - JvmPauseMonitor-5e3f1479-9daf-43cd-8651-224960992f9b: Started
2022-04-27 10:51:54,929 [EndpointStateMachine task thread for /0.0.0.0:44525 - 0 ] INFO  server.XceiverServerGrpc (XceiverServerGrpc.java:start(180)) - XceiverServerGrpc 5e3f1479-9daf-43cd-8651-224960992f9b is started using port 43119
2022-04-27 10:51:54,931 [RatisPipelineUtilsThread - 0] INFO  pipeline.PipelineStateManagerImpl (PipelineStateManagerImpl.java:addPipeline(101)) - Created pipeline Pipeline[ Id: 7b30fe29-44b7-4f18-b2bd-b437493561cc, Nodes: b4543bad-81d3-4f1d-9fc6-5e97dcd2d8eb{ip: 10.1.0.29, host: fv-az270-423.tacnzluakwdehk1hpragurqkma.bx.internal.cloudapp.net, ports: [REPLICATION=41789, RATIS=41129, RATIS_ADMIN=41129, RATIS_SERVER=41129, STANDALONE=36927], networkLocation: /default-rack, certSerialId: null, persistedOpState: IN_SERVICE, persistedOpStateExpiryEpochSec: 0}, ReplicationConfig: RATIS/ONE, State:ALLOCATED, leaderId:, CreationTimestamp2022-04-27T10:51:54.904Z[Etc/UTC]].
2022-04-27 10:51:55,317 [IPC Server handler 3 on default port 44525] INFO  net.NetworkTopologyImpl (NetworkTopologyImpl.java:add(112)) - Added a new node: /default-rack/fb1b2524-5f72-4172-b06b-98bf8bab58d7
2022-04-27 10:51:55,317 [IPC Server handler 3 on default port 44525] INFO  node.SCMNodeManager (SCMNodeManager.java:register(391)) - Registered Data node : fb1b2524-5f72-4172-b06b-98bf8bab58d7{ip: 10.1.0.29, host: fv-az270-423.tacnzluakwdehk1hpragurqkma.bx.internal.cloudapp.net, ports: [REPLICATION=34055, RATIS=34621, RATIS_ADMIN=34621, RATIS_SERVER=34621, STANDALONE=35257], networkLocation: /default-rack, certSerialId: null, persistedOpState: null, persistedOpStateExpiryEpochSec: 0}
2022-04-27 10:51:55,318 [EventQueue-NewNodeForNewNodeHandler] INFO  pipeline.BackgroundPipelineCreator (BackgroundPipelineCreator.java:notifyEventTriggered(271)) - trigger a one-shot run on RatisPipelineUtilsThread.
2022-04-27 10:51:55,318 [EventQueue-NodeRegistrationContainerReportForDataNodeSafeModeRule] INFO  safemode.SCMSafeModeManager (DataNodeSafeModeRule.java:process(71)) - SCM in safe mode. 2 DataNodes registered, 3 required.
2022-04-27 10:51:55,322 [RatisPipelineUtilsThread - 0] INFO  pipeline.RatisPipelineProvider (RatisPipelineProvider.java:lambda$create$0(195)) - Sending CreatePipelineCommand for pipeline:PipelineID=c27f3644-2dbb-48e9-a2dd-41142b8a8bd8 to datanode:fb1b2524-5f72-4172-b06b-98bf8bab58d7
2022-04-27 10:51:55,322 [RatisPipelineUtilsThread - 0] INFO  pipeline.PipelineStateManagerImpl (PipelineStateManagerImpl.java:addPipeline(101)) - Created pipeline Pipeline[ Id: c27f3644-2dbb-48e9-a2dd-41142b8a8bd8, Nodes: fb1b2524-5f72-4172-b06b-98bf8bab58d7{ip: 10.1.0.29, host: fv-az270-423.tacnzluakwdehk1hpragurqkma.bx.internal.cloudapp.net, ports: [REPLICATION=34055, RATIS=34621, RATIS_ADMIN=34621, RATIS_SERVER=34621, STANDALONE=35257], networkLocation: /default-rack, certSerialId: null, persistedOpState: IN_SERVICE, persistedOpStateExpiryEpochSec: 0}, ReplicationConfig: RATIS/ONE, State:ALLOCATED, leaderId:, CreationTimestamp2022-04-27T10:51:55.322Z[Etc/UTC]].
2022-04-27 10:51:55,326 [EndpointStateMachine task thread for /0.0.0.0:44525 - 0 ] INFO  ozoneimpl.OzoneContainer (OzoneContainer.java:start(335)) - Attempting to start container services.
2022-04-27 10:51:55,327 [EndpointStateMachine task thread for /0.0.0.0:44525 - 0 ] INFO  ozoneimpl.OzoneContainer (OzoneContainer.java:startContainerScrub(270)) - Background container scanner has been disabled.
2022-04-27 10:51:55,332 [EndpointStateMachine task thread for /0.0.0.0:44525 - 0 ] INFO  replication.ReplicationServer (ReplicationServer.java:start(111)) - ReplicationServer is started using port 43783
2022-04-27 10:51:55,333 [EndpointStateMachine task thread for /0.0.0.0:44525 - 0 ] INFO  ratis.XceiverServerRatis (XceiverServerRatis.java:start(481)) - Starting XceiverServerRatis 5e6908a8-a78b-4a66-9555-b48c04384dc8
2022-04-27 10:51:55,334 [EndpointStateMachine task thread for /0.0.0.0:44525 - 0 ] INFO  server.RaftServer (RaftServerProxy.java:lambda$start$5(374)) - 5e6908a8-a78b-4a66-9555-b48c04384dc8: start RPC server
2022-04-27 10:51:55,335 [EndpointStateMachine task thread for /0.0.0.0:44525 - 0 ] INFO  server.GrpcService (GrpcService.java:startImpl(253)) - 5e6908a8-a78b-4a66-9555-b48c04384dc8: GrpcService started, listening on 40571
2022-04-27 10:51:55,336 [EndpointStateMachine task thread for /0.0.0.0:44525 - 0 ] INFO  ratis.XceiverServerRatis (XceiverServerRatis.java:getRealPort(502)) - XceiverServerRatis 5e6908a8-a78b-4a66-9555-b48c04384dc8 is started using port 40571 for RATIS
2022-04-27 10:51:55,336 [EndpointStateMachine task thread for /0.0.0.0:44525 - 0 ] INFO  ratis.XceiverServerRatis (XceiverServerRatis.java:getRealPort(502)) - XceiverServerRatis 5e6908a8-a78b-4a66-9555-b48c04384dc8 is started using port 40571 for RATIS_ADMIN
2022-04-27 10:51:55,336 [org.apache.ratis.util.JvmPauseMonitor$$Lambda$626/1217536106@53c25422] INFO  util.JvmPauseMonitor (JvmPauseMonitor.java:run(103)) - JvmPauseMonitor-5e6908a8-a78b-4a66-9555-b48c04384dc8: Started
2022-04-27 10:51:55,336 [EndpointStateMachine task thread for /0.0.0.0:44525 - 0 ] INFO  ratis.XceiverServerRatis (XceiverServerRatis.java:getRealPort(502)) - XceiverServerRatis 5e6908a8-a78b-4a66-9555-b48c04384dc8 is started using port 40571 for RATIS_SERVER
2022-04-27 10:51:55,342 [EndpointStateMachine task thread for /0.0.0.0:44525 - 0 ] INFO  server.XceiverServerGrpc (XceiverServerGrpc.java:start(180)) - XceiverServerGrpc 5e6908a8-a78b-4a66-9555-b48c04384dc8 is started using port 44169
2022-04-27 10:51:55,412 [Listener at 127.0.0.1/43313] INFO  ozone.MiniOzoneClusterImpl (MiniOzoneClusterImpl.java:lambda$waitForClusterToBeReady$0(221)) - Waiting for nodes to be ready. Got 2 of 10 DN Heartbeats.
2022-04-27 10:51:55,412 [Listener at 127.0.0.1/43313] INFO  ozone.MiniOzoneClusterImpl (MiniOzoneClusterImpl.java:lambda$waitForClusterToBeReady$0(224)) - Waiting for cluster to exit safe mode
2022-04-27 10:51:55,412 [Listener at 127.0.0.1/43313] INFO  ozone.MiniOzoneClusterImpl (MiniOzoneClusterImpl.java:lambda$waitForClusterToBeReady$0(226)) - SCM became leader
2022-04-27 10:51:55,687 [EndpointStateMachine task thread for /0.0.0.0:44525 - 0 ] INFO  ozoneimpl.OzoneContainer (OzoneContainer.java:start(335)) - Attempting to start container services.
2022-04-27 10:51:55,688 [EndpointStateMachine task thread for /0.0.0.0:44525 - 0 ] INFO  ozoneimpl.OzoneContainer (OzoneContainer.java:startContainerScrub(270)) - Background container scanner has been disabled.
2022-04-27 10:51:55,690 [EndpointStateMachine task thread for /0.0.0.0:44525 - 0 ] INFO  replication.ReplicationServer (ReplicationServer.java:start(111)) - ReplicationServer is started using port 32879
2022-04-27 10:51:55,691 [EndpointStateMachine task thread for /0.0.0.0:44525 - 0 ] INFO  ratis.XceiverServerRatis (XceiverServerRatis.java:start(481)) - Starting XceiverServerRatis 7171416e-d570-4db8-8282-6e036003ab52
2022-04-27 10:51:55,692 [EndpointStateMachine task thread for /0.0.0.0:44525 - 0 ] INFO  server.RaftServer (RaftServerProxy.java:lambda$start$5(374)) - 7171416e-d570-4db8-8282-6e036003ab52: start RPC server
2022-04-27 10:51:55,701 [EndpointStateMachine task thread for /0.0.0.0:44525 - 0 ] INFO  server.GrpcService (GrpcService.java:startImpl(253)) - 7171416e-d570-4db8-8282-6e036003ab52: GrpcService started, listening on 35393
2022-04-27 10:51:55,701 [IPC Server handler 2 on default port 44525] INFO  net.NetworkTopologyImpl (NetworkTopologyImpl.java:add(112)) - Added a new node: /default-rack/5305b34f-83d0-4be9-8032-f631ee150b78
2022-04-27 10:51:55,701 [IPC Server handler 2 on default port 44525] INFO  node.SCMNodeManager (SCMNodeManager.java:register(391)) - Registered Data node : 5305b34f-83d0-4be9-8032-f631ee150b78{ip: 10.1.0.29, host: fv-az270-423.tacnzluakwdehk1hpragurqkma.bx.internal.cloudapp.net, ports: [REPLICATION=45903, RATIS=34741, RATIS_ADMIN=34741, RATIS_SERVER=34741, STANDALONE=45233], networkLocation: /default-rack, certSerialId: null, persistedOpState: null, persistedOpStateExpiryEpochSec: 0}
2022-04-27 10:51:55,701 [EventQueue-NewNodeForNewNodeHandler] INFO  pipeline.BackgroundPipelineCreator (BackgroundPipelineCreator.java:notifyEventTriggered(271)) - trigger a one-shot run on RatisPipelineUtilsThread.
2022-04-27 10:51:55,701 [EndpointStateMachine task thread for /0.0.0.0:44525 - 0 ] INFO  ratis.XceiverServerRatis (XceiverServerRatis.java:getRealPort(502)) - XceiverServerRatis 7171416e-d570-4db8-8282-6e036003ab52 is started using port 35393 for RATIS
2022-04-27 10:51:55,701 [EndpointStateMachine task thread for /0.0.0.0:44525 - 0 ] INFO  ratis.XceiverServerRatis (XceiverServerRatis.java:getRealPort(502)) - XceiverServerRatis 7171416e-d570-4db8-8282-6e036003ab52 is started using port 35393 for RATIS_ADMIN
2022-04-27 10:51:55,701 [EndpointStateMachine task thread for /0.0.0.0:44525 - 0 ] INFO  ratis.XceiverServerRatis (XceiverServerRatis.java:getRealPort(502)) - XceiverServerRatis 7171416e-d570-4db8-8282-6e036003ab52 is started using port 35393 for RATIS_SERVER
2022-04-27 10:51:55,702 [RatisPipelineUtilsThread - 0] INFO  pipeline.RatisPipelineProvider (RatisPipelineProvider.java:lambda$create$0(195)) - Sending CreatePipelineCommand for pipeline:PipelineID=e2d981b6-22f8-4a7e-9e1d-21136e7cfe22 to datanode:5305b34f-83d0-4be9-8032-f631ee150b78
2022-04-27 10:51:55,702 [org.apache.ratis.util.JvmPauseMonitor$$Lambda$626/1217536106@40756a85] INFO  util.JvmPauseMonitor (JvmPauseMonitor.java:run(103)) - JvmPauseMonitor-7171416e-d570-4db8-8282-6e036003ab52: Started
2022-04-27 10:51:55,702 [RatisPipelineUtilsThread - 0] INFO  pipeline.PipelineStateManagerImpl (PipelineStateManagerImpl.java:addPipeline(101)) - Created pipeline Pipeline[ Id: e2d981b6-22f8-4a7e-9e1d-21136e7cfe22, Nodes: 5305b34f-83d0-4be9-8032-f631ee150b78{ip: 10.1.0.29, host: fv-az270-423.tacnzluakwdehk1hpragurqkma.bx.internal.cloudapp.net, ports: [REPLICATION=45903, RATIS=34741, RATIS_ADMIN=34741, RATIS_SERVER=34741, STANDALONE=45233], networkLocation: /default-rack, certSerialId: null, persistedOpState: IN_SERVICE, persistedOpStateExpiryEpochSec: 0}, ReplicationConfig: RATIS/ONE, State:ALLOCATED, leaderId:, CreationTimestamp2022-04-27T10:51:55.702Z[Etc/UTC]].
2022-04-27 10:51:55,703 [EventQueue-NodeRegistrationContainerReportForDataNodeSafeModeRule] INFO  safemode.SCMSafeModeManager (DataNodeSafeModeRule.java:process(71)) - SCM in safe mode. 3 DataNodes registered, 3 required.
2022-04-27 10:51:55,706 [EndpointStateMachine task thread for /0.0.0.0:44525 - 0 ] INFO  server.XceiverServerGrpc (XceiverServerGrpc.java:start(180)) - XceiverServerGrpc 7171416e-d570-4db8-8282-6e036003ab52 is started using port 34561
2022-04-27 10:51:55,707 [EventQueue-NodeRegistrationContainerReportForDataNodeSafeModeRule] INFO  safemode.SCMSafeModeManager (SCMSafeModeManager.java:validateSafeModeExitRules(204)) - DataNodeSafeModeRule rule is successfully validated
2022-04-27 10:51:55,708 [EventQueue-NodeRegistrationContainerReportForDataNodeSafeModeRule] INFO  safemode.SCMSafeModeManager (SCMSafeModeManager.java:completePreCheck(233)) - All SCM safe mode pre check rules have passed
2022-04-27 10:51:55,708 [EventQueue-NodeRegistrationContainerReportForDataNodeSafeModeRule] WARN  events.EventQueue (EventQueue.java:fireEvent(194)) - No event handler registered for event TypedEvent{payloadType=SafeModeStatus, name='Safe mode status'}
2022-04-27 10:51:55,708 [EventQueue-NodeRegistrationContainerReportForDataNodeSafeModeRule] INFO  ha.SCMContext (SCMContext.java:updateSafeModeStatus(211)) - Update SafeModeStatus from SafeModeStatus{safeModeStatus=true, preCheckPassed=false} to SafeModeStatus{safeModeStatus=true, preCheckPassed=true}.
2022-04-27 10:51:55,708 [EventQueue-NodeRegistrationContainerReportForDataNodeSafeModeRule] INFO  pipeline.BackgroundPipelineCreator (BackgroundPipelineCreator.java:notifyEventTriggered(271)) - trigger a one-shot run on RatisPipelineUtilsThread.
2022-04-27 10:51:55,713 [RatisPipelineUtilsThread - 0] INFO  pipeline.RatisPipelineProvider (RatisPipelineProvider.java:lambda$create$0(195)) - Sending CreatePipelineCommand for pipeline:PipelineID=7f2d013c-276b-4407-99e7-7308f894fd3a to datanode:5305b34f-83d0-4be9-8032-f631ee150b78
2022-04-27 10:51:55,713 [RatisPipelineUtilsThread - 0] INFO  pipeline.RatisPipelineProvider (RatisPipelineProvider.java:lambda$create$0(195)) - Sending CreatePipelineCommand for pipeline:PipelineID=7f2d013c-276b-4407-99e7-7308f894fd3a to datanode:b4543bad-81d3-4f1d-9fc6-5e97dcd2d8eb
2022-04-27 10:51:55,713 [RatisPipelineUtilsThread - 0] INFO  pipeline.RatisPipelineProvider (RatisPipelineProvider.java:lambda$create$0(195)) - Sending CreatePipelineCommand for pipeline:PipelineID=7f2d013c-276b-4407-99e7-7308f894fd3a to datanode:fb1b2524-5f72-4172-b06b-98bf8bab58d7
2022-04-27 10:51:55,714 [RatisPipelineUtilsThread - 0] INFO  pipeline.PipelineStateManagerImpl (PipelineStateManagerImpl.java:addPipeline(101)) - Created pipeline Pipeline[ Id: 7f2d013c-276b-4407-99e7-7308f894fd3a, Nodes: 5305b34f-83d0-4be9-8032-f631ee150b78{ip: 10.1.0.29, host: fv-az270-423.tacnzluakwdehk1hpragurqkma.bx.internal.cloudapp.net, ports: [REPLICATION=45903, RATIS=34741, RATIS_ADMIN=34741, RATIS_SERVER=34741, STANDALONE=45233], networkLocation: /default-rack, certSerialId: null, persistedOpState: IN_SERVICE, persistedOpStateExpiryEpochSec: 0}b4543bad-81d3-4f1d-9fc6-5e97dcd2d8eb{ip: 10.1.0.29, host: fv-az270-423.tacnzluakwdehk1hpragurqkma.bx.internal.cloudapp.net, ports: [REPLICATION=41789, RATIS=41129, RATIS_ADMIN=41129, RATIS_SERVER=41129, STANDALONE=36927], networkLocation: /default-rack, certSerialId: null, persistedOpState: IN_SERVICE, persistedOpStateExpiryEpochSec: 0}fb1b2524-5f72-4172-b06b-98bf8bab58d7{ip: 10.1.0.29, host: fv-az270-423.tacnzluakwdehk1hpragurqkma.bx.internal.cloudapp.net, ports: [REPLICATION=34055, RATIS=34621, RATIS_ADMIN=34621, RATIS_SERVER=34621, STANDALONE=35257], networkLocation: /default-rack, certSerialId: null, persistedOpState: IN_SERVICE, persistedOpStateExpiryEpochSec: 0}, ReplicationConfig: RATIS/THREE, State:ALLOCATED, leaderId:, CreationTimestamp2022-04-27T10:51:55.713Z[Etc/UTC]].
2022-04-27 10:51:55,715 [RatisPipelineUtilsThread - 0] INFO  pipeline.RatisPipelineProvider (RatisPipelineProvider.java:lambda$create$0(195)) - Sending CreatePipelineCommand for pipeline:PipelineID=8ca8e877-4856-4220-bb74-75ab1b4ba813 to datanode:5305b34f-83d0-4be9-8032-f631ee150b78
2022-04-27 10:51:55,715 [RatisPipelineUtilsThread - 0] INFO  pipeline.RatisPipelineProvider (RatisPipelineProvider.java:lambda$create$0(195)) - Sending CreatePipelineCommand for pipeline:PipelineID=8ca8e877-4856-4220-bb74-75ab1b4ba813 to datanode:b4543bad-81d3-4f1d-9fc6-5e97dcd2d8eb
2022-04-27 10:51:55,715 [RatisPipelineUtilsThread - 0] INFO  pipeline.RatisPipelineProvider (RatisPipelineProvider.java:lambda$create$0(195)) - Sending CreatePipelineCommand for pipeline:PipelineID=8ca8e877-4856-4220-bb74-75ab1b4ba813 to datanode:fb1b2524-5f72-4172-b06b-98bf8bab58d7
2022-04-27 10:51:55,716 [RatisPipelineUtilsThread - 0] INFO  pipeline.PipelineStateManagerImpl (PipelineStateManagerImpl.java:addPipeline(101)) - Created pipeline Pipeline[ Id: 8ca8e877-4856-4220-bb74-75ab1b4ba813, Nodes: 5305b34f-83d0-4be9-8032-f631ee150b78{ip: 10.1.0.29, host: fv-az270-423.tacnzluakwdehk1hpragurqkma.bx.internal.cloudapp.net, ports: [REPLICATION=45903, RATIS=34741, RATIS_ADMIN=34741, RATIS_SERVER=34741, STANDALONE=45233], networkLocation: /default-rack, certSerialId: null, persistedOpState: IN_SERVICE, persistedOpStateExpiryEpochSec: 0}b4543bad-81d3-4f1d-9fc6-5e97dcd2d8eb{ip: 10.1.0.29, host: fv-az270-423.tacnzluakwdehk1hpragurqkma.bx.internal.cloudapp.net, ports: [REPLICATION=41789, RATIS=41129, RATIS_ADMIN=41129, RATIS_SERVER=41129, STANDALONE=36927], networkLocation: /default-rack, certSerialId: null, persistedOpState: IN_SERVICE, persistedOpStateExpiryEpochSec: 0}fb1b2524-5f72-4172-b06b-98bf8bab58d7{ip: 10.1.0.29, host: fv-az270-423.tacnzluakwdehk1hpragurqkma.bx.internal.cloudapp.net, ports: [REPLICATION=34055, RATIS=34621, RATIS_ADMIN=34621, RATIS_SERVER=34621, STANDALONE=35257], networkLocation: /default-rack, certSerialId: null, persistedOpState: IN_SERVICE, persistedOpStateExpiryEpochSec: 0}, ReplicationConfig: RATIS/THREE, State:ALLOCATED, leaderId:, CreationTimestamp2022-04-27T10:51:55.715Z[Etc/UTC]].
2022-04-27 10:51:55,717 [RatisPipelineUtilsThread - 0] INFO  pipeline.PipelineManagerImpl (PipelineManagerImpl.java:recordMetricsForPipeline(687)) - Pipeline: PipelineID=8ca8e877-4856-4220-bb74-75ab1b4ba813 contains same datanodes as previous pipelines: PipelineID=7f2d013c-276b-4407-99e7-7308f894fd3a nodeIds: 5305b34f-83d0-4be9-8032-f631ee150b78, b4543bad-81d3-4f1d-9fc6-5e97dcd2d8eb, fb1b2524-5f72-4172-b06b-98bf8bab58d7
2022-04-27 10:51:56,057 [EndpointStateMachine task thread for /0.0.0.0:44525 - 0 ] INFO  ozoneimpl.OzoneContainer (OzoneContainer.java:start(335)) - Attempting to start container services.
2022-04-27 10:51:56,058 [EndpointStateMachine task thread for /0.0.0.0:44525 - 0 ] INFO  ozoneimpl.OzoneContainer (OzoneContainer.java:startContainerScrub(270)) - Background container scanner has been disabled.
2022-04-27 10:51:56,060 [EndpointStateMachine task thread for /0.0.0.0:44525 - 0 ] INFO  replication.ReplicationServer (ReplicationServer.java:start(111)) - ReplicationServer is started using port 37147
2022-04-27 10:51:56,061 [EndpointStateMachine task thread for /0.0.0.0:44525 - 0 ] INFO  ratis.XceiverServerRatis (XceiverServerRatis.java:start(481)) - Starting XceiverServerRatis fc150688-1f76-4ec0-a672-aaf91f0753c3
2022-04-27 10:51:56,061 [EndpointStateMachine task thread for /0.0.0.0:44525 - 0 ] INFO  server.RaftServer (RaftServerProxy.java:lambda$start$5(374)) - fc150688-1f76-4ec0-a672-aaf91f0753c3: start RPC server
2022-04-27 10:51:56,063 [EndpointStateMachine task thread for /0.0.0.0:44525 - 0 ] INFO  server.GrpcService (GrpcService.java:startImpl(253)) - fc150688-1f76-4ec0-a672-aaf91f0753c3: GrpcService started, listening on 37101
2022-04-27 10:51:56,063 [EndpointStateMachine task thread for /0.0.0.0:44525 - 0 ] INFO  ratis.XceiverServerRatis (XceiverServerRatis.java:getRealPort(502)) - XceiverServerRatis fc150688-1f76-4ec0-a672-aaf91f0753c3 is started using port 37101 for RATIS
2022-04-27 10:51:56,063 [org.apache.ratis.util.JvmPauseMonitor$$Lambda$626/1217536106@75e3e162] INFO  util.JvmPauseMonitor (JvmPauseMonitor.java:run(103)) - JvmPauseMonitor-fc150688-1f76-4ec0-a672-aaf91f0753c3: Started
2022-04-27 10:51:56,063 [EndpointStateMachine task thread for /0.0.0.0:44525 - 0 ] INFO  ratis.XceiverServerRatis (XceiverServerRatis.java:getRealPort(502)) - XceiverServerRatis fc150688-1f76-4ec0-a672-aaf91f0753c3 is started using port 37101 for RATIS_ADMIN
2022-04-27 10:51:56,064 [EndpointStateMachine task thread for /0.0.0.0:44525 - 0 ] INFO  ratis.XceiverServerRatis (XceiverServerRatis.java:getRealPort(502)) - XceiverServerRatis fc150688-1f76-4ec0-a672-aaf91f0753c3 is started using port 37101 for RATIS_SERVER
2022-04-27 10:51:56,066 [EndpointStateMachine task thread for /0.0.0.0:44525 - 0 ] INFO  server.XceiverServerGrpc (XceiverServerGrpc.java:start(180)) - XceiverServerGrpc fc150688-1f76-4ec0-a672-aaf91f0753c3 is started using port 34823
2022-04-27 10:51:56,139 [IPC Server handler 4 on default port 44525] INFO  net.NetworkTopologyImpl (NetworkTopologyImpl.java:add(112)) - Added a new node: /default-rack/6f2ed759-dfb9-4419-9191-8597321ac421
2022-04-27 10:51:56,140 [IPC Server handler 4 on default port 44525] INFO  node.SCMNodeManager (SCMNodeManager.java:register(391)) - Registered Data node : 6f2ed759-dfb9-4419-9191-8597321ac421{ip: 10.1.0.29, host: fv-az270-423.tacnzluakwdehk1hpragurqkma.bx.internal.cloudapp.net, ports: [REPLICATION=41459, RATIS=39501, RATIS_ADMIN=39501, RATIS_SERVER=39501, STANDALONE=44875], networkLocation: /default-rack, certSerialId: null, persistedOpState: null, persistedOpStateExpiryEpochSec: 0}
2022-04-27 10:51:56,140 [EventQueue-NewNodeForNewNodeHandler] INFO  pipeline.BackgroundPipelineCreator (BackgroundPipelineCreator.java:notifyEventTriggered(271)) - trigger a one-shot run on RatisPipelineUtilsThread.
2022-04-27 10:51:56,141 [RatisPipelineUtilsThread - 0] INFO  pipeline.RatisPipelineProvider (RatisPipelineProvider.java:lambda$create$0(195)) - Sending CreatePipelineCommand for pipeline:PipelineID=c27720ca-1e4d-4a71-ba71-ac163a07df08 to datanode:6f2ed759-dfb9-4419-9191-8597321ac421
2022-04-27 10:51:56,142 [RatisPipelineUtilsThread - 0] INFO  pipeline.PipelineStateManagerImpl (PipelineStateManagerImpl.java:addPipeline(101)) - Created pipeline Pipeline[ Id: c27720ca-1e4d-4a71-ba71-ac163a07df08, Nodes: 6f2ed759-dfb9-4419-9191-8597321ac421{ip: 10.1.0.29, host: fv-az270-423.tacnzluakwdehk1hpragurqkma.bx.internal.cloudapp.net, ports: [REPLICATION=41459, RATIS=39501, RATIS_ADMIN=39501, RATIS_SERVER=39501, STANDALONE=44875], networkLocation: /default-rack, certSerialId: null, persistedOpState: IN_SERVICE, persistedOpStateExpiryEpochSec: 0}, ReplicationConfig: RATIS/ONE, State:ALLOCATED, leaderId:, CreationTimestamp2022-04-27T10:51:56.141Z[Etc/UTC]].
2022-04-27 10:51:56,412 [Listener at 127.0.0.1/43313] INFO  ozone.MiniOzoneClusterImpl (MiniOzoneClusterImpl.java:lambda$waitForClusterToBeReady$0(221)) - Waiting for nodes to be ready. Got 4 of 10 DN Heartbeats.
2022-04-27 10:51:56,413 [Listener at 127.0.0.1/43313] INFO  ozone.MiniOzoneClusterImpl (MiniOzoneClusterImpl.java:lambda$waitForClusterToBeReady$0(224)) - Waiting for cluster to exit safe mode
2022-04-27 10:51:56,413 [Listener at 127.0.0.1/43313] INFO  ozone.MiniOzoneClusterImpl (MiniOzoneClusterImpl.java:lambda$waitForClusterToBeReady$0(226)) - SCM became leader
2022-04-27 10:51:56,426 [EndpointStateMachine task thread for /0.0.0.0:44525 - 0 ] INFO  ozoneimpl.OzoneContainer (OzoneContainer.java:start(335)) - Attempting to start container services.
2022-04-27 10:51:56,427 [EndpointStateMachine task thread for /0.0.0.0:44525 - 0 ] INFO  ozoneimpl.OzoneContainer (OzoneContainer.java:startContainerScrub(270)) - Background container scanner has been disabled.
2022-04-27 10:51:56,430 [EndpointStateMachine task thread for /0.0.0.0:44525 - 0 ] INFO  replication.ReplicationServer (ReplicationServer.java:start(111)) - ReplicationServer is started using port 46351
2022-04-27 10:51:56,431 [EndpointStateMachine task thread for /0.0.0.0:44525 - 0 ] INFO  ratis.XceiverServerRatis (XceiverServerRatis.java:start(481)) - Starting XceiverServerRatis 4fef3099-80a8-4154-b528-44138d57637f
2022-04-27 10:51:56,440 [EndpointStateMachine task thread for /0.0.0.0:44525 - 0 ] INFO  server.RaftServer (RaftServerProxy.java:lambda$start$5(374)) - 4fef3099-80a8-4154-b528-44138d57637f: start RPC server
2022-04-27 10:51:56,442 [EndpointStateMachine task thread for /0.0.0.0:44525 - 0 ] INFO  server.GrpcService (GrpcService.java:startImpl(253)) - 4fef3099-80a8-4154-b528-44138d57637f: GrpcService started, listening on 45983
2022-04-27 10:51:56,443 [EndpointStateMachine task thread for /0.0.0.0:44525 - 0 ] INFO  ratis.XceiverServerRatis (XceiverServerRatis.java:getRealPort(502)) - XceiverServerRatis 4fef3099-80a8-4154-b528-44138d57637f is started using port 45983 for RATIS
2022-04-27 10:51:56,443 [EndpointStateMachine task thread for /0.0.0.0:44525 - 0 ] INFO  ratis.XceiverServerRatis (XceiverServerRatis.java:getRealPort(502)) - XceiverServerRatis 4fef3099-80a8-4154-b528-44138d57637f is started using port 45983 for RATIS_ADMIN
2022-04-27 10:51:56,443 [EndpointStateMachine task thread for /0.0.0.0:44525 - 0 ] INFO  ratis.XceiverServerRatis (XceiverServerRatis.java:getRealPort(502)) - XceiverServerRatis 4fef3099-80a8-4154-b528-44138d57637f is started using port 45983 for RATIS_SERVER
2022-04-27 10:51:56,443 [org.apache.ratis.util.JvmPauseMonitor$$Lambda$626/1217536106@649dd26e] INFO  util.JvmPauseMonitor (JvmPauseMonitor.java:run(103)) - JvmPauseMonitor-4fef3099-80a8-4154-b528-44138d57637f: Started
2022-04-27 10:51:56,445 [EndpointStateMachine task thread for /0.0.0.0:44525 - 0 ] INFO  server.XceiverServerGrpc (XceiverServerGrpc.java:start(180)) - XceiverServerGrpc 4fef3099-80a8-4154-b528-44138d57637f is started using port 40783
2022-04-27 10:51:56,520 [IPC Server handler 1 on default port 44525] INFO  net.NetworkTopologyImpl (NetworkTopologyImpl.java:add(112)) - Added a new node: /default-rack/0a06a8c4-9179-4a2e-838b-55c09a430176
2022-04-27 10:51:56,520 [IPC Server handler 1 on default port 44525] INFO  node.SCMNodeManager (SCMNodeManager.java:register(391)) - Registered Data node : 0a06a8c4-9179-4a2e-838b-55c09a430176{ip: 10.1.0.29, host: fv-az270-423.tacnzluakwdehk1hpragurqkma.bx.internal.cloudapp.net, ports: [REPLICATION=38343, RATIS=39993, RATIS_ADMIN=39993, RATIS_SERVER=39993, STANDALONE=39275], networkLocation: /default-rack, certSerialId: null, persistedOpState: null, persistedOpStateExpiryEpochSec: 0}
2022-04-27 10:51:56,521 [EventQueue-NewNodeForNewNodeHandler] INFO  pipeline.BackgroundPipelineCreator (BackgroundPipelineCreator.java:notifyEventTriggered(271)) - trigger a one-shot run on RatisPipelineUtilsThread.
2022-04-27 10:51:56,522 [RatisPipelineUtilsThread - 0] INFO  pipeline.RatisPipelineProvider (RatisPipelineProvider.java:lambda$create$0(195)) - Sending CreatePipelineCommand for pipeline:PipelineID=8a4d7d21-f02d-4242-9d7f-2f55a4fc3e5e to datanode:0a06a8c4-9179-4a2e-838b-55c09a430176
2022-04-27 10:51:56,522 [RatisPipelineUtilsThread - 0] INFO  pipeline.PipelineStateManagerImpl (PipelineStateManagerImpl.java:addPipeline(101)) - Created pipeline Pipeline[ Id: 8a4d7d21-f02d-4242-9d7f-2f55a4fc3e5e, Nodes: 0a06a8c4-9179-4a2e-838b-55c09a430176{ip: 10.1.0.29, host: fv-az270-423.tacnzluakwdehk1hpragurqkma.bx.internal.cloudapp.net, ports: [REPLICATION=38343, RATIS=39993, RATIS_ADMIN=39993, RATIS_SERVER=39993, STANDALONE=39275], networkLocation: /default-rack, certSerialId: null, persistedOpState: IN_SERVICE, persistedOpStateExpiryEpochSec: 0}, ReplicationConfig: RATIS/ONE, State:ALLOCATED, leaderId:, CreationTimestamp2022-04-27T10:51:56.522Z[Etc/UTC]].
2022-04-27 10:51:56,911 [IPC Server handler 4 on default port 44525] INFO  net.NetworkTopologyImpl (NetworkTopologyImpl.java:add(112)) - Added a new node: /default-rack/5e3f1479-9daf-43cd-8651-224960992f9b
2022-04-27 10:51:56,911 [IPC Server handler 4 on default port 44525] INFO  node.SCMNodeManager (SCMNodeManager.java:register(391)) - Registered Data node : 5e3f1479-9daf-43cd-8651-224960992f9b{ip: 10.1.0.29, host: fv-az270-423.tacnzluakwdehk1hpragurqkma.bx.internal.cloudapp.net, ports: [REPLICATION=39479, RATIS=36215, RATIS_ADMIN=36215, RATIS_SERVER=36215, STANDALONE=43119], networkLocation: /default-rack, certSerialId: null, persistedOpState: null, persistedOpStateExpiryEpochSec: 0}
2022-04-27 10:51:56,912 [EventQueue-NewNodeForNewNodeHandler] INFO  pipeline.BackgroundPipelineCreator (BackgroundPipelineCreator.java:notifyEventTriggered(271)) - trigger a one-shot run on RatisPipelineUtilsThread.
2022-04-27 10:51:56,915 [RatisPipelineUtilsThread - 0] INFO  pipeline.RatisPipelineProvider (RatisPipelineProvider.java:lambda$create$0(195)) - Sending CreatePipelineCommand for pipeline:PipelineID=49ef6d15-2e42-49a2-8056-760431d8f0e0 to datanode:5e3f1479-9daf-43cd-8651-224960992f9b
2022-04-27 10:51:56,915 [RatisPipelineUtilsThread - 0] INFO  pipeline.PipelineStateManagerImpl (PipelineStateManagerImpl.java:addPipeline(101)) - Created pipeline Pipeline[ Id: 49ef6d15-2e42-49a2-8056-760431d8f0e0, Nodes: 5e3f1479-9daf-43cd-8651-224960992f9b{ip: 10.1.0.29, host: fv-az270-423.tacnzluakwdehk1hpragurqkma.bx.internal.cloudapp.net, ports: [REPLICATION=39479, RATIS=36215, RATIS_ADMIN=36215, RATIS_SERVER=36215, STANDALONE=43119], networkLocation: /default-rack, certSerialId: null, persistedOpState: IN_SERVICE, persistedOpStateExpiryEpochSec: 0}, ReplicationConfig: RATIS/ONE, State:ALLOCATED, leaderId:, CreationTimestamp2022-04-27T10:51:56.915Z[Etc/UTC]].
2022-04-27 10:51:56,916 [RatisPipelineUtilsThread - 0] INFO  pipeline.RatisPipelineProvider (RatisPipelineProvider.java:lambda$create$0(195)) - Sending CreatePipelineCommand for pipeline:PipelineID=cf80c735-cb93-438b-a05e-dff27b2a1031 to datanode:0a06a8c4-9179-4a2e-838b-55c09a430176
2022-04-27 10:51:56,916 [RatisPipelineUtilsThread - 0] INFO  pipeline.RatisPipelineProvider (RatisPipelineProvider.java:lambda$create$0(195)) - Sending CreatePipelineCommand for pipeline:PipelineID=cf80c735-cb93-438b-a05e-dff27b2a1031 to datanode:6f2ed759-dfb9-4419-9191-8597321ac421
2022-04-27 10:51:56,916 [RatisPipelineUtilsThread - 0] INFO  pipeline.RatisPipelineProvider (RatisPipelineProvider.java:lambda$create$0(195)) - Sending CreatePipelineCommand for pipeline:PipelineID=cf80c735-cb93-438b-a05e-dff27b2a1031 to datanode:5e3f1479-9daf-43cd-8651-224960992f9b
2022-04-27 10:51:56,917 [RatisPipelineUtilsThread - 0] INFO  pipeline.PipelineStateManagerImpl (PipelineStateManagerImpl.java:addPipeline(101)) - Created pipeline Pipeline[ Id: cf80c735-cb93-438b-a05e-dff27b2a1031, Nodes: 0a06a8c4-9179-4a2e-838b-55c09a430176{ip: 10.1.0.29, host: fv-az270-423.tacnzluakwdehk1hpragurqkma.bx.internal.cloudapp.net, ports: [REPLICATION=38343, RATIS=39993, RATIS_ADMIN=39993, RATIS_SERVER=39993, STANDALONE=39275], networkLocation: /default-rack, certSerialId: null, persistedOpState: IN_SERVICE, persistedOpStateExpiryEpochSec: 0}6f2ed759-dfb9-4419-9191-8597321ac421{ip: 10.1.0.29, host: fv-az270-423.tacnzluakwdehk1hpragurqkma.bx.internal.cloudapp.net, ports: [REPLICATION=41459, RATIS=39501, RATIS_ADMIN=39501, RATIS_SERVER=39501, STANDALONE=44875], networkLocation: /default-rack, certSerialId: null, persistedOpState: IN_SERVICE, persistedOpStateExpiryEpochSec: 0}5e3f1479-9daf-43cd-8651-224960992f9b{ip: 10.1.0.29, host: fv-az270-423.tacnzluakwdehk1hpragurqkma.bx.internal.cloudapp.net, ports: [REPLICATION=39479, RATIS=36215, RATIS_ADMIN=36215, RATIS_SERVER=36215, STANDALONE=43119], networkLocation: /default-rack, certSerialId: null, persistedOpState: IN_SERVICE, persistedOpStateExpiryEpochSec: 0}, ReplicationConfig: RATIS/THREE, State:ALLOCATED, leaderId:, CreationTimestamp2022-04-27T10:51:56.916Z[Etc/UTC]].
2022-04-27 10:51:56,919 [RatisPipelineUtilsThread - 0] INFO  pipeline.RatisPipelineProvider (RatisPipelineProvider.java:lambda$create$0(195)) - Sending CreatePipelineCommand for pipeline:PipelineID=bf02a7f3-0536-411e-9f4a-a1352ada7bc1 to datanode:6f2ed759-dfb9-4419-9191-8597321ac421
2022-04-27 10:51:56,920 [RatisPipelineUtilsThread - 0] INFO  pipeline.RatisPipelineProvider (RatisPipelineProvider.java:lambda$create$0(195)) - Sending CreatePipelineCommand for pipeline:PipelineID=bf02a7f3-0536-411e-9f4a-a1352ada7bc1 to datanode:0a06a8c4-9179-4a2e-838b-55c09a430176
2022-04-27 10:51:56,920 [RatisPipelineUtilsThread - 0] INFO  pipeline.RatisPipelineProvider (RatisPipelineProvider.java:lambda$create$0(195)) - Sending CreatePipelineCommand for pipeline:PipelineID=bf02a7f3-0536-411e-9f4a-a1352ada7bc1 to datanode:5e3f1479-9daf-43cd-8651-224960992f9b
2022-04-27 10:51:56,921 [RatisPipelineUtilsThread - 0] INFO  pipeline.PipelineStateManagerImpl (PipelineStateManagerImpl.java:addPipeline(101)) - Created pipeline Pipeline[ Id: bf02a7f3-0536-411e-9f4a-a1352ada7bc1, Nodes: 6f2ed759-dfb9-4419-9191-8597321ac421{ip: 10.1.0.29, host: fv-az270-423.tacnzluakwdehk1hpragurqkma.bx.internal.cloudapp.net, ports: [REPLICATION=41459, RATIS=39501, RATIS_ADMIN=39501, RATIS_SERVER=39501, STANDALONE=44875], networkLocation: /default-rack, certSerialId: null, persistedOpState: IN_SERVICE, persistedOpStateExpiryEpochSec: 0}0a06a8c4-9179-4a2e-838b-55c09a430176{ip: 10.1.0.29, host: fv-az270-423.tacnzluakwdehk1hpragurqkma.bx.internal.cloudapp.net, ports: [REPLICATION=38343, RATIS=39993, RATIS_ADMIN=39993, RATIS_SERVER=39993, STANDALONE=39275], networkLocation: /default-rack, certSerialId: null, persistedOpState: IN_SERVICE, persistedOpStateExpiryEpochSec: 0}5e3f1479-9daf-43cd-8651-224960992f9b{ip: 10.1.0.29, host: fv-az270-423.tacnzluakwdehk1hpragurqkma.bx.internal.cloudapp.net, ports: [REPLICATION=39479, RATIS=36215, RATIS_ADMIN=36215, RATIS_SERVER=36215, STANDALONE=43119], networkLocation: /default-rack, certSerialId: null, persistedOpState: IN_SERVICE, persistedOpStateExpiryEpochSec: 0}, ReplicationConfig: RATIS/THREE, State:ALLOCATED, leaderId:, CreationTimestamp2022-04-27T10:51:56.919Z[Etc/UTC]].
2022-04-27 10:51:56,921 [RatisPipelineUtilsThread - 0] INFO  pipeline.PipelineManagerImpl (PipelineManagerImpl.java:recordMetricsForPipeline(687)) - Pipeline: PipelineID=bf02a7f3-0536-411e-9f4a-a1352ada7bc1 contains same datanodes as previous pipelines: PipelineID=cf80c735-cb93-438b-a05e-dff27b2a1031 nodeIds: 6f2ed759-dfb9-4419-9191-8597321ac421, 0a06a8c4-9179-4a2e-838b-55c09a430176, 5e3f1479-9daf-43cd-8651-224960992f9b
2022-04-27 10:51:57,317 [IPC Server handler 9 on default port 44525] INFO  net.NetworkTopologyImpl (NetworkTopologyImpl.java:add(112)) - Added a new node: /default-rack/5e6908a8-a78b-4a66-9555-b48c04384dc8
2022-04-27 10:51:57,319 [IPC Server handler 9 on default port 44525] INFO  node.SCMNodeManager (SCMNodeManager.java:register(391)) - Registered Data node : 5e6908a8-a78b-4a66-9555-b48c04384dc8{ip: 10.1.0.29, host: fv-az270-423.tacnzluakwdehk1hpragurqkma.bx.internal.cloudapp.net, ports: [REPLICATION=43783, RATIS=40571, RATIS_ADMIN=40571, RATIS_SERVER=40571, STANDALONE=44169], networkLocation: /default-rack, certSerialId: null, persistedOpState: null, persistedOpStateExpiryEpochSec: 0}
2022-04-27 10:51:57,319 [EventQueue-NewNodeForNewNodeHandler] INFO  pipeline.BackgroundPipelineCreator (BackgroundPipelineCreator.java:notifyEventTriggered(271)) - trigger a one-shot run on RatisPipelineUtilsThread.
2022-04-27 10:51:57,320 [RatisPipelineUtilsThread - 0] INFO  pipeline.RatisPipelineProvider (RatisPipelineProvider.java:lambda$create$0(195)) - Sending CreatePipelineCommand for pipeline:PipelineID=717baaa0-bc9c-4652-8e86-0d88492a0c14 to datanode:5e6908a8-a78b-4a66-9555-b48c04384dc8
2022-04-27 10:51:57,320 [RatisPipelineUtilsThread - 0] INFO  pipeline.PipelineStateManagerImpl (PipelineStateManagerImpl.java:addPipeline(101)) - Created pipeline Pipeline[ Id: 717baaa0-bc9c-4652-8e86-0d88492a0c14, Nodes: 5e6908a8-a78b-4a66-9555-b48c04384dc8{ip: 10.1.0.29, host: fv-az270-423.tacnzluakwdehk1hpragurqkma.bx.internal.cloudapp.net, ports: [REPLICATION=43783, RATIS=40571, RATIS_ADMIN=40571, RATIS_SERVER=40571, STANDALONE=44169], networkLocation: /default-rack, certSerialId: null, persistedOpState: IN_SERVICE, persistedOpStateExpiryEpochSec: 0}, ReplicationConfig: RATIS/ONE, State:ALLOCATED, leaderId:, CreationTimestamp2022-04-27T10:51:57.319Z[Etc/UTC]].
2022-04-27 10:51:57,413 [Listener at 127.0.0.1/43313] INFO  ozone.MiniOzoneClusterImpl (MiniOzoneClusterImpl.java:lambda$waitForClusterToBeReady$0(221)) - Waiting for nodes to be ready. Got 7 of 10 DN Heartbeats.
2022-04-27 10:51:57,414 [Listener at 127.0.0.1/43313] INFO  ozone.MiniOzoneClusterImpl (MiniOzoneClusterImpl.java:lambda$waitForClusterToBeReady$0(224)) - Waiting for cluster to exit safe mode
2022-04-27 10:51:57,414 [Listener at 127.0.0.1/43313] INFO  ozone.MiniOzoneClusterImpl (MiniOzoneClusterImpl.java:lambda$waitForClusterToBeReady$0(226)) - SCM became leader
2022-04-27 10:51:57,685 [IPC Server handler 3 on default port 44525] INFO  net.NetworkTopologyImpl (NetworkTopologyImpl.java:add(112)) - Added a new node: /default-rack/7171416e-d570-4db8-8282-6e036003ab52
2022-04-27 10:51:57,686 [IPC Server handler 3 on default port 44525] INFO  node.SCMNodeManager (SCMNodeManager.java:register(391)) - Registered Data node : 7171416e-d570-4db8-8282-6e036003ab52{ip: 10.1.0.29, host: fv-az270-423.tacnzluakwdehk1hpragurqkma.bx.internal.cloudapp.net, ports: [REPLICATION=32879, RATIS=35393, RATIS_ADMIN=35393, RATIS_SERVER=35393, STANDALONE=34561], networkLocation: /default-rack, certSerialId: null, persistedOpState: null, persistedOpStateExpiryEpochSec: 0}
2022-04-27 10:51:57,687 [EventQueue-NewNodeForNewNodeHandler] INFO  pipeline.BackgroundPipelineCreator (BackgroundPipelineCreator.java:notifyEventTriggered(271)) - trigger a one-shot run on RatisPipelineUtilsThread.
2022-04-27 10:51:57,687 [RatisPipelineUtilsThread - 0] INFO  pipeline.RatisPipelineProvider (RatisPipelineProvider.java:lambda$create$0(195)) - Sending CreatePipelineCommand for pipeline:PipelineID=c9c170e5-b04b-41fc-81ee-d4883f05b1b1 to datanode:7171416e-d570-4db8-8282-6e036003ab52
2022-04-27 10:51:57,688 [RatisPipelineUtilsThread - 0] INFO  pipeline.PipelineStateManagerImpl (PipelineStateManagerImpl.java:addPipeline(101)) - Created pipeline Pipeline[ Id: c9c170e5-b04b-41fc-81ee-d4883f05b1b1, Nodes: 7171416e-d570-4db8-8282-6e036003ab52{ip: 10.1.0.29, host: fv-az270-423.tacnzluakwdehk1hpragurqkma.bx.internal.cloudapp.net, ports: [REPLICATION=32879, RATIS=35393, RATIS_ADMIN=35393, RATIS_SERVER=35393, STANDALONE=34561], networkLocation: /default-rack, certSerialId: null, persistedOpState: IN_SERVICE, persistedOpStateExpiryEpochSec: 0}, ReplicationConfig: RATIS/ONE, State:ALLOCATED, leaderId:, CreationTimestamp2022-04-27T10:51:57.687Z[Etc/UTC]].
2022-04-27 10:51:57,875 [Command processor thread] INFO  server.RaftServer (RaftServerProxy.java:addNew(95)) - b4543bad-81d3-4f1d-9fc6-5e97dcd2d8eb: addNew group-B437493561CC:[b4543bad-81d3-4f1d-9fc6-5e97dcd2d8eb|rpc:10.1.0.29:41129|priority:1] returns group-B437493561CC:java.util.concurrent.CompletableFuture@4d0cc177[Not completed]
2022-04-27 10:51:57,889 [pool-67-thread-1] INFO  server.RaftServer$Division (RaftServerImpl.java:<init>(184)) - b4543bad-81d3-4f1d-9fc6-5e97dcd2d8eb: new RaftServerImpl for group-B437493561CC:[b4543bad-81d3-4f1d-9fc6-5e97dcd2d8eb|rpc:10.1.0.29:41129|priority:1] with ContainerStateMachine:uninitialized
2022-04-27 10:51:57,891 [pool-67-thread-1] INFO  server.RaftServerConfigKeys (ConfUtils.java:logGet(44)) - raft.server.rpc.timeout.min = 5s (custom)
2022-04-27 10:51:57,891 [pool-67-thread-1] INFO  server.RaftServerConfigKeys (ConfUtils.java:logGet(44)) - raft.server.rpc.timeout.max = 5200ms (custom)
2022-04-27 10:51:57,891 [pool-67-thread-1] INFO  server.RaftServerConfigKeys (ConfUtils.java:logGet(44)) - raft.server.rpc.sleep.time = 25ms (default)
2022-04-27 10:51:57,891 [pool-67-thread-1] INFO  server.RaftServerConfigKeys (ConfUtils.java:logGet(44)) - raft.server.rpc.slowness.timeout = 300000ms (custom)
2022-04-27 10:51:57,891 [pool-67-thread-1] INFO  server.RaftServerConfigKeys (ConfUtils.java:logGet(44)) - raft.server.leaderelection.leader.step-down.wait-time = 10s (default)
2022-04-27 10:51:57,891 [pool-67-thread-1] INFO  server.RaftServerConfigKeys (ConfUtils.java:logGet(44)) - raft.server.sleep.deviation.threshold = 300ms (default)
2022-04-27 10:51:57,891 [pool-67-thread-1] INFO  server.RaftServerConfigKeys (ConfUtils.java:logGet(44)) - raft.server.log.appender.install.snapshot.enabled = false (custom)
2022-04-27 10:51:57,891 [pool-67-thread-1] INFO  server.RaftServer$Division (ServerState.java:<init>(105)) - b4543bad-81d3-4f1d-9fc6-5e97dcd2d8eb@group-B437493561CC: ConfigurationManager, init=-1: [b4543bad-81d3-4f1d-9fc6-5e97dcd2d8eb|rpc:10.1.0.29:41129|priority:1], old=null, confs=<EMPTY_MAP>
2022-04-27 10:51:57,891 [pool-67-thread-1] INFO  server.RaftServerConfigKeys (ConfUtils.java:logGet(44)) - raft.server.storage.dir = [/home/runner/work/ozone/ozone/hadoop-ozone/integration-test/target/test-dir/MiniOzoneClusterImpl-6fb830c9-5413-49cc-a625-6cf41c4e5c97/datanode-0/data/ratis] (custom)
2022-04-27 10:51:57,891 [pool-67-thread-1] INFO  server.RaftServerConfigKeys (ConfUtils.java:logGet(44)) - raft.server.log.corruption.policy = EXCEPTION (default)
2022-04-27 10:51:57,892 [pool-67-thread-1] INFO  server.RaftServerConfigKeys (ConfUtils.java:logGet(44)) - raft.server.storage.free-space.min = 0MB (=0) (default)
2022-04-27 10:51:57,892 [pool-67-thread-1] INFO  storage.RaftStorageDirectory (RaftStorageDirectoryImpl.java:analyzeStorage(135)) - The storage directory /home/runner/work/ozone/ozone/hadoop-ozone/integration-test/target/test-dir/MiniOzoneClusterImpl-6fb830c9-5413-49cc-a625-6cf41c4e5c97/datanode-0/data/ratis/7b30fe29-44b7-4f18-b2bd-b437493561cc does not exist. Creating ...
2022-04-27 10:51:57,899 [pool-67-thread-1] INFO  storage.RaftStorageDirectory (RaftStorageDirectoryImpl.java:tryLock(230)) - Lock on /home/runner/work/ozone/ozone/hadoop-ozone/integration-test/target/test-dir/MiniOzoneClusterImpl-6fb830c9-5413-49cc-a625-6cf41c4e5c97/datanode-0/data/ratis/7b30fe29-44b7-4f18-b2bd-b437493561cc/in_use.lock acquired by nodename 2917@fv-az270-423
2022-04-27 10:51:57,901 [pool-67-thread-1] INFO  storage.RaftStorage (RaftStorageImpl.java:format(89)) - Storage directory /home/runner/work/ozone/ozone/hadoop-ozone/integration-test/target/test-dir/MiniOzoneClusterImpl-6fb830c9-5413-49cc-a625-6cf41c4e5c97/datanode-0/data/ratis/7b30fe29-44b7-4f18-b2bd-b437493561cc has been successfully formatted.
2022-04-27 10:51:57,903 [pool-67-thread-1] INFO  ratis.ContainerStateMachine (ContainerStateMachine.java:loadSnapshot(236)) - group-B437493561CC: The snapshot info is null. Setting the last applied indexto:(t:0, i:~)
2022-04-27 10:51:57,903 [pool-67-thread-1] INFO  server.RaftServerConfigKeys (ConfUtils.java:logGet(44)) - raft.server.notification.no-leader.timeout = 300000ms (custom)
2022-04-27 10:51:57,904 [pool-67-thread-1] INFO  server.RaftServerConfigKeys (ConfUtils.java:logGet(44)) - raft.server.log.use.memory = false (default)
2022-04-27 10:51:57,904 [pool-67-thread-1] INFO  server.RaftServerConfigKeys (ConfUtils.java:logGet(44)) - raft.server.log.purge.gap = 1000000 (custom)
2022-04-27 10:51:57,904 [pool-67-thread-1] INFO  server.RaftServerConfigKeys (ConfUtils.java:logGet(44)) - raft.server.log.appender.buffer.byte-limit = 33554432 (custom)
2022-04-27 10:51:57,905 [pool-67-thread-1] INFO  server.RaftServerConfigKeys (ConfUtils.java:logGet(44)) - raft.server.log.segment.size.max = 1048576 (custom)
2022-04-27 10:51:57,906 [EventQueue-PipelineReportForPipelineReportHandler] INFO  pipeline.PipelineManagerImpl (PipelineManagerImpl.java:openPipeline(328)) - Pipeline Pipeline[ Id: 7b30fe29-44b7-4f18-b2bd-b437493561cc, Nodes: b4543bad-81d3-4f1d-9fc6-5e97dcd2d8eb{ip: 10.1.0.29, host: fv-az270-423.tacnzluakwdehk1hpragurqkma.bx.internal.cloudapp.net, ports: [REPLICATION=41789, RATIS=41129, RATIS_ADMIN=41129, RATIS_SERVER=41129, STANDALONE=36927], networkLocation: /default-rack, certSerialId: null, persistedOpState: IN_SERVICE, persistedOpStateExpiryEpochSec: 0}, ReplicationConfig: RATIS/ONE, State:ALLOCATED, leaderId:b4543bad-81d3-4f1d-9fc6-5e97dcd2d8eb, CreationTimestamp2022-04-27T10:51:54.904Z[Etc/UTC]] moved to OPEN state
2022-04-27 10:51:57,907 [pool-67-thread-1] INFO  server.RaftServerConfigKeys (ConfUtils.java:logGet(44)) - raft.server.log.segment.cache.num.max = 2 (custom)
2022-04-27 10:51:57,908 [pool-67-thread-1] INFO  server.RaftServerConfigKeys (ConfUtils.java:logGet(44)) - raft.server.log.segment.cache.size.max = 200MB (=209715200) (default)
2022-04-27 10:51:57,908 [pool-67-thread-1] INFO  segmented.SegmentedRaftLogWorker (SegmentedRaftLogWorker.java:<init>(182)) - new b4543bad-81d3-4f1d-9fc6-5e97dcd2d8eb@group-B437493561CC-SegmentedRaftLogWorker for RaftStorageImpl:Storage Directory /home/runner/work/ozone/ozone/hadoop-ozone/integration-test/target/test-dir/MiniOzoneClusterImpl-6fb830c9-5413-49cc-a625-6cf41c4e5c97/datanode-0/data/ratis/7b30fe29-44b7-4f18-b2bd-b437493561cc
2022-04-27 10:51:57,908 [pool-67-thread-1] INFO  server.RaftServerConfigKeys (ConfUtils.java:logGet(44)) - raft.server.log.queue.byte-limit = 4294967296 (custom)
2022-04-27 10:51:57,908 [pool-67-thread-1] INFO  server.RaftServerConfigKeys (ConfUtils.java:logGet(44)) - raft.server.log.queue.element-limit = 1024 (custom)
2022-04-27 10:51:57,908 [pool-67-thread-1] INFO  server.RaftServerConfigKeys (ConfUtils.java:logGet(44)) - raft.server.log.segment.size.max = 1048576 (custom)
2022-04-27 10:51:57,908 [pool-67-thread-1] INFO  server.RaftServerConfigKeys (ConfUtils.java:logGet(44)) - raft.server.log.preallocated.size = 16384 (custom)
2022-04-27 10:51:57,908 [pool-67-thread-1] INFO  server.RaftServerConfigKeys (ConfUtils.java:logGet(44)) - raft.server.log.force.sync.num = 128 (default)
2022-04-27 10:51:57,911 [EventQueue-OpenPipelineForHealthyPipelineSafeModeRule] INFO  safemode.SCMSafeModeManager (HealthyPipelineSafeModeRule.java:process(124)) - SCM in safe mode. Healthy pipelines reported count is 0, required healthy pipeline reported count is 1
2022-04-27 10:51:57,912 [pool-67-thread-1] INFO  server.RaftServerConfigKeys (ConfUtils.java:logGet(44)) - raft.server.log.statemachine.data.sync = true (default)
2022-04-27 10:51:57,912 [pool-67-thread-1] INFO  server.RaftServerConfigKeys (ConfUtils.java:logGet(44)) - raft.server.log.statemachine.data.sync.timeout = 10s (default)
2022-04-27 10:51:57,912 [pool-67-thread-1] INFO  server.RaftServerConfigKeys (ConfUtils.java:logGet(44)) - raft.server.log.statemachine.data.sync.timeout.retry = -1 (default)
2022-04-27 10:51:57,923 [pool-67-thread-1] INFO  server.RaftServerConfigKeys (ConfUtils.java:logGet(44)) - raft.server.log.write.buffer.size = 1048576 (custom)
2022-04-27 10:51:57,923 [pool-67-thread-1] INFO  server.RaftServerConfigKeys (ConfUtils.java:logGet(44)) - raft.server.log.statemachine.data.caching.enabled = true (custom)
2022-04-27 10:51:57,923 [pool-67-thread-1] INFO  segmented.SegmentedRaftLogWorker (SegmentedRaftLogWorker.java:lambda$new$0(133)) - b4543bad-81d3-4f1d-9fc6-5e97dcd2d8eb@group-B437493561CC-SegmentedRaftLogWorker: flushIndex: setUnconditionally 0 -> -1
2022-04-27 10:51:57,924 [pool-67-thread-1] INFO  segmented.SegmentedRaftLogWorker (SegmentedRaftLogWorker.java:lambda$new$0(133)) - b4543bad-81d3-4f1d-9fc6-5e97dcd2d8eb@group-B437493561CC-SegmentedRaftLogWorker: safeCacheEvictIndex: setUnconditionally 0 -> -1
2022-04-27 10:51:57,925 [pool-67-thread-1] INFO  server.RaftServerConfigKeys (ConfUtils.java:logGet(44)) - raft.server.snapshot.auto.trigger.enabled = true (custom)
2022-04-27 10:51:57,925 [pool-67-thread-1] INFO  server.RaftServerConfigKeys (ConfUtils.java:logGet(44)) - raft.server.snapshot.auto.trigger.threshold = 1 (custom)
2022-04-27 10:51:57,925 [pool-67-thread-1] INFO  server.RaftServerConfigKeys (ConfUtils.java:logGet(44)) - raft.server.snapshot.retention.file.num = 5 (custom)
2022-04-27 10:51:57,926 [pool-67-thread-1] INFO  server.RaftServerConfigKeys (ConfUtils.java:logGet(44)) - raft.server.log.purge.upto.snapshot.index = false (default)
2022-04-27 10:51:57,926 [pool-67-thread-1] INFO  server.RaftServerConfigKeys (ConfUtils.java:logGet(44)) - raft.server.retrycache.expirytime = 600000ms (custom)
2022-04-27 10:51:57,926 [pool-67-thread-1] INFO  server.RaftServerConfigKeys (ConfUtils.java:logGet(44)) - raft.server.retrycache.statistics.expirytime = 100μs (default)
2022-04-27 10:51:57,929 [pool-67-thread-1] INFO  server.RaftServer$Division (RaftServerImpl.java:start(301)) - b4543bad-81d3-4f1d-9fc6-5e97dcd2d8eb@group-B437493561CC: start as a follower, conf=-1: [b4543bad-81d3-4f1d-9fc6-5e97dcd2d8eb|rpc:10.1.0.29:41129|priority:1], old=null
2022-04-27 10:51:57,929 [pool-67-thread-1] INFO  server.RaftServer$Division (RaftServerImpl.java:setRole(290)) - b4543bad-81d3-4f1d-9fc6-5e97dcd2d8eb@group-B437493561CC: changes role from      null to FOLLOWER at term 0 for startAsFollower
2022-04-27 10:51:57,929 [pool-67-thread-1] INFO  impl.RoleInfo (RoleInfo.java:updateAndGet(130)) - b4543bad-81d3-4f1d-9fc6-5e97dcd2d8eb: start b4543bad-81d3-4f1d-9fc6-5e97dcd2d8eb@group-B437493561CC-FollowerState
2022-04-27 10:51:57,930 [pool-67-thread-1] INFO  util.JmxRegister (JmxRegister.java:tryRegister(44)) - Successfully registered JMX Bean with object name Ratis:service=RaftServer,group=group-B437493561CC,id=b4543bad-81d3-4f1d-9fc6-5e97dcd2d8eb
2022-04-27 10:51:57,948 [Command processor thread] INFO  ratis.XceiverServerRatis (XceiverServerRatis.java:addGroup(765)) - Created group PipelineID=7b30fe29-44b7-4f18-b2bd-b437493561cc
2022-04-27 10:51:57,948 [Command processor thread] INFO  commandhandler.CreatePipelineCommandHandler (CreatePipelineCommandHandler.java:handle(113)) - Created Pipeline RATIS ONE PipelineID=7b30fe29-44b7-4f18-b2bd-b437493561cc.
2022-04-27 10:51:57,949 [Command processor thread] INFO  server.RaftServer (RaftServerProxy.java:addNew(95)) - b4543bad-81d3-4f1d-9fc6-5e97dcd2d8eb: addNew group-7308F894FD3A:[5305b34f-83d0-4be9-8032-f631ee150b78|rpc:10.1.0.29:34741|priority:0, b4543bad-81d3-4f1d-9fc6-5e97dcd2d8eb|rpc:10.1.0.29:41129|priority:0, fb1b2524-5f72-4172-b06b-98bf8bab58d7|rpc:10.1.0.29:34621|priority:1] returns group-7308F894FD3A:java.util.concurrent.CompletableFuture@395b449e[Not completed]
2022-04-27 10:51:57,951 [pool-67-thread-1] INFO  server.RaftServer$Division (RaftServerImpl.java:<init>(184)) - b4543bad-81d3-4f1d-9fc6-5e97dcd2d8eb: new RaftServerImpl for group-7308F894FD3A:[5305b34f-83d0-4be9-8032-f631ee150b78|rpc:10.1.0.29:34741|priority:0, b4543bad-81d3-4f1d-9fc6-5e97dcd2d8eb|rpc:10.1.0.29:41129|priority:0, fb1b2524-5f72-4172-b06b-98bf8bab58d7|rpc:10.1.0.29:34621|priority:1] with ContainerStateMachine:uninitialized
2022-04-27 10:51:57,951 [pool-67-thread-1] INFO  server.RaftServerConfigKeys (ConfUtils.java:logGet(44)) - raft.server.rpc.timeout.min = 5s (custom)
2022-04-27 10:51:57,951 [pool-67-thread-1] INFO  server.RaftServerConfigKeys (ConfUtils.java:logGet(44)) - raft.server.rpc.timeout.max = 5200ms (custom)
2022-04-27 10:51:57,951 [pool-67-thread-1] INFO  server.RaftServerConfigKeys (ConfUtils.java:logGet(44)) - raft.server.rpc.sleep.time = 25ms (default)
2022-04-27 10:51:57,951 [pool-67-thread-1] INFO  server.RaftServerConfigKeys (ConfUtils.java:logGet(44)) - raft.server.rpc.slowness.timeout = 300000ms (custom)
2022-04-27 10:51:57,951 [pool-67-thread-1] INFO  server.RaftServerConfigKeys (ConfUtils.java:logGet(44)) - raft.server.leaderelection.leader.step-down.wait-time = 10s (default)
2022-04-27 10:51:57,951 [pool-67-thread-1] INFO  server.RaftServerConfigKeys (ConfUtils.java:logGet(44)) - raft.server.sleep.deviation.threshold = 300ms (default)
2022-04-27 10:51:57,951 [pool-67-thread-1] INFO  server.RaftServerConfigKeys (ConfUtils.java:logGet(44)) - raft.server.log.appender.install.snapshot.enabled = false (custom)
2022-04-27 10:51:57,953 [pool-67-thread-1] INFO  server.RaftServer$Division (ServerState.java:<init>(105)) - b4543bad-81d3-4f1d-9fc6-5e97dcd2d8eb@group-7308F894FD3A: ConfigurationManager, init=-1: [5305b34f-83d0-4be9-8032-f631ee150b78|rpc:10.1.0.29:34741|priority:0, b4543bad-81d3-4f1d-9fc6-5e97dcd2d8eb|rpc:10.1.0.29:41129|priority:0, fb1b2524-5f72-4172-b06b-98bf8bab58d7|rpc:10.1.0.29:34621|priority:1], old=null, confs=<EMPTY_MAP>
2022-04-27 10:51:57,953 [pool-67-thread-1] INFO  server.RaftServerConfigKeys (ConfUtils.java:logGet(44)) - raft.server.storage.dir = [/home/runner/work/ozone/ozone/hadoop-ozone/integration-test/target/test-dir/MiniOzoneClusterImpl-6fb830c9-5413-49cc-a625-6cf41c4e5c97/datanode-0/data/ratis] (custom)
2022-04-27 10:51:57,953 [pool-67-thread-1] INFO  server.RaftServerConfigKeys (ConfUtils.java:logGet(44)) - raft.server.log.corruption.policy = EXCEPTION (default)
2022-04-27 10:51:57,953 [pool-67-thread-1] INFO  server.RaftServerConfigKeys (ConfUtils.java:logGet(44)) - raft.server.storage.free-space.min = 0MB (=0) (default)
2022-04-27 10:51:57,953 [pool-67-thread-1] INFO  storage.RaftStorageDirectory (RaftStorageDirectoryImpl.java:analyzeStorage(135)) - The storage directory /home/runner/work/ozone/ozone/hadoop-ozone/integration-test/target/test-dir/MiniOzoneClusterImpl-6fb830c9-5413-49cc-a625-6cf41c4e5c97/datanode-0/data/ratis/7f2d013c-276b-4407-99e7-7308f894fd3a does not exist. Creating ...
2022-04-27 10:51:57,955 [pool-67-thread-1] INFO  storage.RaftStorageDirectory (RaftStorageDirectoryImpl.java:tryLock(230)) - Lock on /home/runner/work/ozone/ozone/hadoop-ozone/integration-test/target/test-dir/MiniOzoneClusterImpl-6fb830c9-5413-49cc-a625-6cf41c4e5c97/datanode-0/data/ratis/7f2d013c-276b-4407-99e7-7308f894fd3a/in_use.lock acquired by nodename 2917@fv-az270-423
2022-04-27 10:51:57,956 [pool-67-thread-1] INFO  storage.RaftStorage (RaftStorageImpl.java:format(89)) - Storage directory /home/runner/work/ozone/ozone/hadoop-ozone/integration-test/target/test-dir/MiniOzoneClusterImpl-6fb830c9-5413-49cc-a625-6cf41c4e5c97/datanode-0/data/ratis/7f2d013c-276b-4407-99e7-7308f894fd3a has been successfully formatted.
2022-04-27 10:51:57,957 [pool-67-thread-1] INFO  ratis.ContainerStateMachine (ContainerStateMachine.java:loadSnapshot(236)) - group-7308F894FD3A: The snapshot info is null. Setting the last applied indexto:(t:0, i:~)
2022-04-27 10:51:57,959 [pool-67-thread-1] INFO  server.RaftServerConfigKeys (ConfUtils.java:logGet(44)) - raft.server.notification.no-leader.timeout = 300000ms (custom)
2022-04-27 10:51:57,959 [pool-67-thread-1] INFO  server.RaftServerConfigKeys (ConfUtils.java:logGet(44)) - raft.server.log.use.memory = false (default)
2022-04-27 10:51:57,959 [pool-67-thread-1] INFO  server.RaftServerConfigKeys (ConfUtils.java:logGet(44)) - raft.server.log.purge.gap = 1000000 (custom)
2022-04-27 10:51:57,959 [pool-67-thread-1] INFO  server.RaftServerConfigKeys (ConfUtils.java:logGet(44)) - raft.server.log.appender.buffer.byte-limit = 33554432 (custom)
2022-04-27 10:51:57,960 [EventQueue-OpenPipelineForHealthyPipelineSafeModeRule] INFO  safemode.SCMSafeModeManager (HealthyPipelineSafeModeRule.java:process(124)) - SCM in safe mode. Healthy pipelines reported count is 0, required healthy pipeline reported count is 1
2022-04-27 10:51:57,960 [pool-67-thread-1] INFO  server.RaftServerConfigKeys (ConfUtils.java:logGet(44)) - raft.server.log.segment.size.max = 1048576 (custom)
2022-04-27 10:51:57,964 [pool-67-thread-1] INFO  server.RaftServerConfigKeys (ConfUtils.java:logGet(44)) - raft.server.log.segment.cache.num.max = 2 (custom)
2022-04-27 10:51:57,964 [pool-67-thread-1] INFO  server.RaftServerConfigKeys (ConfUtils.java:logGet(44)) - raft.server.log.segment.cache.size.max = 200MB (=209715200) (default)
2022-04-27 10:51:57,964 [pool-67-thread-1] INFO  segmented.SegmentedRaftLogWorker (SegmentedRaftLogWorker.java:<init>(182)) - new b4543bad-81d3-4f1d-9fc6-5e97dcd2d8eb@group-7308F894FD3A-SegmentedRaftLogWorker for RaftStorageImpl:Storage Directory /home/runner/work/ozone/ozone/hadoop-ozone/integration-test/target/test-dir/MiniOzoneClusterImpl-6fb830c9-5413-49cc-a625-6cf41c4e5c97/datanode-0/data/ratis/7f2d013c-276b-4407-99e7-7308f894fd3a
2022-04-27 10:51:57,964 [pool-67-thread-1] INFO  server.RaftServerConfigKeys (ConfUtils.java:logGet(44)) - raft.server.log.queue.byte-limit = 4294967296 (custom)
2022-04-27 10:51:57,964 [pool-67-thread-1] INFO  server.RaftServerConfigKeys (ConfUtils.java:logGet(44)) - raft.server.log.queue.element-limit = 1024 (custom)
2022-04-27 10:51:57,964 [pool-67-thread-1] INFO  server.RaftServerConfigKeys (ConfUtils.java:logGet(44)) - raft.server.log.segment.size.max = 1048576 (custom)
2022-04-27 10:51:57,964 [pool-67-thread-1] INFO  server.RaftServerConfigKeys (ConfUtils.java:logGet(44)) - raft.server.log.preallocated.size = 16384 (custom)
2022-04-27 10:51:57,964 [pool-67-thread-1] INFO  server.RaftServerConfigKeys (ConfUtils.java:logGet(44)) - raft.server.log.force.sync.num = 128 (default)
2022-04-27 10:51:57,964 [pool-67-thread-1] INFO  server.RaftServerConfigKeys (ConfUtils.java:logGet(44)) - raft.server.log.statemachine.data.sync = true (default)
2022-04-27 10:51:57,964 [pool-67-thread-1] INFO  server.RaftServerConfigKeys (ConfUtils.java:logGet(44)) - raft.server.log.statemachine.data.sync.timeout = 10s (default)
2022-04-27 10:51:57,965 [pool-67-thread-1] INFO  server.RaftServerConfigKeys (ConfUtils.java:logGet(44)) - raft.server.log.statemachine.data.sync.timeout.retry = -1 (default)
2022-04-27 10:51:57,967 [pool-67-thread-1] INFO  server.RaftServerConfigKeys (ConfUtils.java:logGet(44)) - raft.server.log.write.buffer.size = 1048576 (custom)
2022-04-27 10:51:57,967 [pool-67-thread-1] INFO  server.RaftServerConfigKeys (ConfUtils.java:logGet(44)) - raft.server.log.statemachine.data.caching.enabled = true (custom)
2022-04-27 10:51:57,967 [pool-67-thread-1] INFO  segmented.SegmentedRaftLogWorker (SegmentedRaftLogWorker.java:lambda$new$0(133)) - b4543bad-81d3-4f1d-9fc6-5e97dcd2d8eb@group-7308F894FD3A-SegmentedRaftLogWorker: flushIndex: setUnconditionally 0 -> -1
2022-04-27 10:51:57,967 [pool-67-thread-1] INFO  segmented.SegmentedRaftLogWorker (SegmentedRaftLogWorker.java:lambda$new$0(133)) - b4543bad-81d3-4f1d-9fc6-5e97dcd2d8eb@group-7308F894FD3A-SegmentedRaftLogWorker: safeCacheEvictIndex: setUnconditionally 0 -> -1
2022-04-27 10:51:57,969 [pool-67-thread-1] INFO  server.RaftServerConfigKeys (ConfUtils.java:logGet(44)) - raft.server.snapshot.auto.trigger.enabled = true (custom)
2022-04-27 10:51:57,969 [pool-67-thread-1] INFO  server.RaftServerConfigKeys (ConfUtils.java:logGet(44)) - raft.server.snapshot.auto.trigger.threshold = 1 (custom)
2022-04-27 10:51:57,969 [pool-67-thread-1] INFO  server.RaftServerConfigKeys (ConfUtils.java:logGet(44)) - raft.server.snapshot.retention.file.num = 5 (custom)
2022-04-27 10:51:57,969 [pool-67-thread-1] INFO  server.RaftServerConfigKeys (ConfUtils.java:logGet(44)) - raft.server.log.purge.upto.snapshot.index = false (default)
2022-04-27 10:51:57,969 [pool-67-thread-1] INFO  server.RaftServerConfigKeys (ConfUtils.java:logGet(44)) - raft.server.retrycache.expirytime = 600000ms (custom)
2022-04-27 10:51:57,969 [pool-67-thread-1] INFO  server.RaftServerConfigKeys (ConfUtils.java:logGet(44)) - raft.server.retrycache.statistics.expirytime = 100μs (default)
2022-04-27 10:51:57,973 [pool-67-thread-1] INFO  server.RaftServer$Division (RaftServerImpl.java:start(301)) - b4543bad-81d3-4f1d-9fc6-5e97dcd2d8eb@group-7308F894FD3A: start as a follower, conf=-1: [5305b34f-83d0-4be9-8032-f631ee150b78|rpc:10.1.0.29:34741|priority:0, b4543bad-81d3-4f1d-9fc6-5e97dcd2d8eb|rpc:10.1.0.29:41129|priority:0, fb1b2524-5f72-4172-b06b-98bf8bab58d7|rpc:10.1.0.29:34621|priority:1], old=null
2022-04-27 10:51:57,973 [pool-67-thread-1] INFO  server.RaftServer$Division (RaftServerImpl.java:setRole(290)) - b4543bad-81d3-4f1d-9fc6-5e97dcd2d8eb@group-7308F894FD3A: changes role from      null to FOLLOWER at term 0 for startAsFollower
2022-04-27 10:51:57,973 [pool-67-thread-1] INFO  impl.RoleInfo (RoleInfo.java:updateAndGet(130)) - b4543bad-81d3-4f1d-9fc6-5e97dcd2d8eb: start b4543bad-81d3-4f1d-9fc6-5e97dcd2d8eb@group-7308F894FD3A-FollowerState
2022-04-27 10:51:57,978 [pool-67-thread-1] INFO  util.JmxRegister (JmxRegister.java:tryRegister(44)) - Successfully registered JMX Bean with object name Ratis:service=RaftServer,group=group-7308F894FD3A,id=b4543bad-81d3-4f1d-9fc6-5e97dcd2d8eb
2022-04-27 10:51:57,984 [Command processor thread] INFO  ratis.XceiverServerRatis (XceiverServerRatis.java:addGroup(765)) - Created group PipelineID=7f2d013c-276b-4407-99e7-7308f894fd3a
2022-04-27 10:51:58,054 [IPC Server handler 13 on default port 44525] INFO  net.NetworkTopologyImpl (NetworkTopologyImpl.java:add(112)) - Added a new node: /default-rack/fc150688-1f76-4ec0-a672-aaf91f0753c3
2022-04-27 10:51:58,054 [IPC Server handler 13 on default port 44525] INFO  node.SCMNodeManager (SCMNodeManager.java:register(391)) - Registered Data node : fc150688-1f76-4ec0-a672-aaf91f0753c3{ip: 10.1.0.29, host: fv-az270-423.tacnzluakwdehk1hpragurqkma.bx.internal.cloudapp.net, ports: [REPLICATION=37147, RATIS=37101, RATIS_ADMIN=37101, RATIS_SERVER=37101, STANDALONE=34823], networkLocation: /default-rack, certSerialId: null, persistedOpState: null, persistedOpStateExpiryEpochSec: 0}
2022-04-27 10:51:58,055 [EventQueue-NewNodeForNewNodeHandler] INFO  pipeline.BackgroundPipelineCreator (BackgroundPipelineCreator.java:notifyEventTriggered(271)) - trigger a one-shot run on RatisPipelineUtilsThread.
2022-04-27 10:51:58,055 [RatisPipelineUtilsThread - 0] INFO  pipeline.RatisPipelineProvider (RatisPipelineProvider.java:lambda$create$0(195)) - Sending CreatePipelineCommand for pipeline:PipelineID=f3c8c0c5-a3de-4190-961f-88db927c3e3a to datanode:fc150688-1f76-4ec0-a672-aaf91f0753c3
2022-04-27 10:51:58,056 [RatisPipelineUtilsThread - 0] INFO  pipeline.PipelineStateManagerImpl (PipelineStateManagerImpl.java:addPipeline(101)) - Created pipeline Pipeline[ Id: f3c8c0c5-a3de-4190-961f-88db927c3e3a, Nodes: fc150688-1f76-4ec0-a672-aaf91f0753c3{ip: 10.1.0.29, host: fv-az270-423.tacnzluakwdehk1hpragurqkma.bx.internal.cloudapp.net, ports: [REPLICATION=37147, RATIS=37101, RATIS_ADMIN=37101, RATIS_SERVER=37101, STANDALONE=34823], networkLocation: /default-rack, certSerialId: null, persistedOpState: IN_SERVICE, persistedOpStateExpiryEpochSec: 0}, ReplicationConfig: RATIS/ONE, State:ALLOCATED, leaderId:, CreationTimestamp2022-04-27T10:51:58.055Z[Etc/UTC]].
2022-04-27 10:51:58,057 [RatisPipelineUtilsThread - 0] INFO  pipeline.RatisPipelineProvider (RatisPipelineProvider.java:lambda$create$0(195)) - Sending CreatePipelineCommand for pipeline:PipelineID=d2638837-f985-4e21-8ffd-e78063f29d5f to datanode:fc150688-1f76-4ec0-a672-aaf91f0753c3
2022-04-27 10:51:58,057 [RatisPipelineUtilsThread - 0] INFO  pipeline.RatisPipelineProvider (RatisPipelineProvider.java:lambda$create$0(195)) - Sending CreatePipelineCommand for pipeline:PipelineID=d2638837-f985-4e21-8ffd-e78063f29d5f to datanode:7171416e-d570-4db8-8282-6e036003ab52
2022-04-27 10:51:58,057 [RatisPipelineUtilsThread - 0] INFO  pipeline.RatisPipelineProvider (RatisPipelineProvider.java:lambda$create$0(195)) - Sending CreatePipelineCommand for pipeline:PipelineID=d2638837-f985-4e21-8ffd-e78063f29d5f to datanode:5e6908a8-a78b-4a66-9555-b48c04384dc8
2022-04-27 10:51:58,058 [RatisPipelineUtilsThread - 0] INFO  pipeline.PipelineStateManagerImpl (PipelineStateManagerImpl.java:addPipeline(101)) - Created pipeline Pipeline[ Id: d2638837-f985-4e21-8ffd-e78063f29d5f, Nodes: fc150688-1f76-4ec0-a672-aaf91f0753c3{ip: 10.1.0.29, host: fv-az270-423.tacnzluakwdehk1hpragurqkma.bx.internal.cloudapp.net, ports: [REPLICATION=37147, RATIS=37101, RATIS_ADMIN=37101, RATIS_SERVER=37101, STANDALONE=34823], networkLocation: /default-rack, certSerialId: null, persistedOpState: IN_SERVICE, persistedOpStateExpiryEpochSec: 0}7171416e-d570-4db8-8282-6e036003ab52{ip: 10.1.0.29, host: fv-az270-423.tacnzluakwdehk1hpragurqkma.bx.internal.cloudapp.net, ports: [REPLICATION=32879, RATIS=35393, RATIS_ADMIN=35393, RATIS_SERVER=35393, STANDALONE=34561], networkLocation: /default-rack, certSerialId: null, persistedOpState: IN_SERVICE, persistedOpStateExpiryEpochSec: 0}5e6908a8-a78b-4a66-9555-b48c04384dc8{ip: 10.1.0.29, host: fv-az270-423.tacnzluakwdehk1hpragurqkma.bx.internal.cloudapp.net, ports: [REPLICATION=43783, RATIS=40571, RATIS_ADMIN=40571, RATIS_SERVER=40571, STANDALONE=44169], networkLocation: /default-rack, certSerialId: null, persistedOpState: IN_SERVICE, persistedOpStateExpiryEpochSec: 0}, ReplicationConfig: RATIS/THREE, State:ALLOCATED, leaderId:, CreationTimestamp2022-04-27T10:51:58.057Z[Etc/UTC]].
2022-04-27 10:51:58,061 [RatisPipelineUtilsThread - 0] INFO  pipeline.RatisPipelineProvider (RatisPipelineProvider.java:lambda$create$0(195)) - Sending CreatePipelineCommand for pipeline:PipelineID=42eb8c22-99cc-4ce6-a0af-eef7e24d5ddb to datanode:fc150688-1f76-4ec0-a672-aaf91f0753c3
2022-04-27 10:51:58,061 [RatisPipelineUtilsThread - 0] INFO  pipeline.RatisPipelineProvider (RatisPipelineProvider.java:lambda$create$0(195)) - Sending CreatePipelineCommand for pipeline:PipelineID=42eb8c22-99cc-4ce6-a0af-eef7e24d5ddb to datanode:5e6908a8-a78b-4a66-9555-b48c04384dc8
2022-04-27 10:51:58,061 [RatisPipelineUtilsThread - 0] INFO  pipeline.RatisPipelineProvider (RatisPipelineProvider.java:lambda$create$0(195)) - Sending CreatePipelineCommand for pipeline:PipelineID=42eb8c22-99cc-4ce6-a0af-eef7e24d5ddb to datanode:7171416e-d570-4db8-8282-6e036003ab52
2022-04-27 10:51:58,062 [RatisPipelineUtilsThread - 0] INFO  pipeline.PipelineStateManagerImpl (PipelineStateManagerImpl.java:addPipeline(101)) - Created pipeline Pipeline[ Id: 42eb8c22-99cc-4ce6-a0af-eef7e24d5ddb, Nodes: fc150688-1f76-4ec0-a672-aaf91f0753c3{ip: 10.1.0.29, host: fv-az270-423.tacnzluakwdehk1hpragurqkma.bx.internal.cloudapp.net, ports: [REPLICATION=37147, RATIS=37101, RATIS_ADMIN=37101, RATIS_SERVER=37101, STANDALONE=34823], networkLocation: /default-rack, certSerialId: null, persistedOpState: IN_SERVICE, persistedOpStateExpiryEpochSec: 0}5e6908a8-a78b-4a66-9555-b48c04384dc8{ip: 10.1.0.29, host: fv-az270-423.tacnzluakwdehk1hpragurqkma.bx.internal.cloudapp.net, ports: [REPLICATION=43783, RATIS=40571, RATIS_ADMIN=40571, RATIS_SERVER=40571, STANDALONE=44169], networkLocation: /default-rack, certSerialId: null, persistedOpState: IN_SERVICE, persistedOpStateExpiryEpochSec: 0}7171416e-d570-4db8-8282-6e036003ab52{ip: 10.1.0.29, host: fv-az270-423.tacnzluakwdehk1hpragurqkma.bx.internal.cloudapp.net, ports: [REPLICATION=32879, RATIS=35393, RATIS_ADMIN=35393, RATIS_SERVER=35393, STANDALONE=34561], networkLocation: /default-rack, certSerialId: null, persistedOpState: IN_SERVICE, persistedOpStateExpiryEpochSec: 0}, ReplicationConfig: RATIS/THREE, State:ALLOCATED, leaderId:, CreationTimestamp2022-04-27T10:51:58.061Z[Etc/UTC]].
2022-04-27 10:51:58,062 [RatisPipelineUtilsThread - 0] INFO  pipeline.PipelineManagerImpl (PipelineManagerImpl.java:recordMetricsForPipeline(687)) - Pipeline: PipelineID=42eb8c22-99cc-4ce6-a0af-eef7e24d5ddb contains same datanodes as previous pipelines: PipelineID=d2638837-f985-4e21-8ffd-e78063f29d5f nodeIds: fc150688-1f76-4ec0-a672-aaf91f0753c3, 5e6908a8-a78b-4a66-9555-b48c04384dc8, 7171416e-d570-4db8-8282-6e036003ab52
2022-04-27 10:51:58,183 [EventQueue-OpenPipelineForHealthyPipelineSafeModeRule] INFO  safemode.SCMSafeModeManager (HealthyPipelineSafeModeRule.java:process(124)) - SCM in safe mode. Healthy pipelines reported count is 0, required healthy pipeline reported count is 1
2022-04-27 10:51:58,313 [Command processor thread] INFO  server.RaftServer (RaftServerProxy.java:addNew(95)) - fb1b2524-5f72-4172-b06b-98bf8bab58d7: addNew group-41142B8A8BD8:[fb1b2524-5f72-4172-b06b-98bf8bab58d7|rpc:10.1.0.29:34621|priority:1] returns group-41142B8A8BD8:java.util.concurrent.CompletableFuture@56f78129[Not completed]
2022-04-27 10:51:58,334 [pool-88-thread-1] INFO  server.RaftServer$Division (RaftServerImpl.java:<init>(184)) - fb1b2524-5f72-4172-b06b-98bf8bab58d7: new RaftServerImpl for group-41142B8A8BD8:[fb1b2524-5f72-4172-b06b-98bf8bab58d7|rpc:10.1.0.29:34621|priority:1] with ContainerStateMachine:uninitialized
2022-04-27 10:51:58,334 [pool-88-thread-1] INFO  server.RaftServerConfigKeys (ConfUtils.java:logGet(44)) - raft.server.rpc.timeout.min = 5s (custom)
2022-04-27 10:51:58,335 [pool-88-thread-1] INFO  server.RaftServerConfigKeys (ConfUtils.java:logGet(44)) - raft.server.rpc.timeout.max = 5200ms (custom)
2022-04-27 10:51:58,335 [pool-88-thread-1] INFO  server.RaftServerConfigKeys (ConfUtils.java:logGet(44)) - raft.server.rpc.sleep.time = 25ms (default)
2022-04-27 10:51:58,335 [pool-88-thread-1] INFO  server.RaftServerConfigKeys (ConfUtils.java:logGet(44)) - raft.server.rpc.slowness.timeout = 300000ms (custom)
2022-04-27 10:51:58,335 [pool-88-thread-1] INFO  server.RaftServerConfigKeys (ConfUtils.java:logGet(44)) - raft.server.leaderelection.leader.step-down.wait-time = 10s (default)
2022-04-27 10:51:58,335 [pool-88-thread-1] INFO  server.RaftServerConfigKeys (ConfUtils.java:logGet(44)) - raft.server.sleep.deviation.threshold = 300ms (default)
2022-04-27 10:51:58,335 [pool-88-thread-1] INFO  server.RaftServerConfigKeys (ConfUtils.java:logGet(44)) - raft.server.log.appender.install.snapshot.enabled = false (custom)
2022-04-27 10:51:58,336 [pool-88-thread-1] INFO  server.RaftServer$Division (ServerState.java:<init>(105)) - fb1b2524-5f72-4172-b06b-98bf8bab58d7@group-41142B8A8BD8: ConfigurationManager, init=-1: [fb1b2524-5f72-4172-b06b-98bf8bab58d7|rpc:10.1.0.29:34621|priority:1], old=null, confs=<EMPTY_MAP>
2022-04-27 10:51:58,339 [pool-88-thread-1] INFO  server.RaftServerConfigKeys (ConfUtils.java:logGet(44)) - raft.server.storage.dir = [/home/runner/work/ozone/ozone/hadoop-ozone/integration-test/target/test-dir/MiniOzoneClusterImpl-6fb830c9-5413-49cc-a625-6cf41c4e5c97/datanode-1/data/ratis] (custom)
2022-04-27 10:51:58,340 [pool-88-thread-1] INFO  server.RaftServerConfigKeys (ConfUtils.java:logGet(44)) - raft.server.log.corruption.policy = EXCEPTION (default)
2022-04-27 10:51:58,340 [pool-88-thread-1] INFO  server.RaftServerConfigKeys (ConfUtils.java:logGet(44)) - raft.server.storage.free-space.min = 0MB (=0) (default)
2022-04-27 10:51:58,340 [pool-88-thread-1] INFO  storage.RaftStorageDirectory (RaftStorageDirectoryImpl.java:analyzeStorage(135)) - The storage directory /home/runner/work/ozone/ozone/hadoop-ozone/integration-test/target/test-dir/MiniOzoneClusterImpl-6fb830c9-5413-49cc-a625-6cf41c4e5c97/datanode-1/data/ratis/c27f3644-2dbb-48e9-a2dd-41142b8a8bd8 does not exist. Creating ...
2022-04-27 10:51:58,343 [pool-88-thread-1] INFO  storage.RaftStorageDirectory (RaftStorageDirectoryImpl.java:tryLock(230)) - Lock on /home/runner/work/ozone/ozone/hadoop-ozone/integration-test/target/test-dir/MiniOzoneClusterImpl-6fb830c9-5413-49cc-a625-6cf41c4e5c97/datanode-1/data/ratis/c27f3644-2dbb-48e9-a2dd-41142b8a8bd8/in_use.lock acquired by nodename 2917@fv-az270-423
2022-04-27 10:51:58,345 [pool-88-thread-1] INFO  storage.RaftStorage (RaftStorageImpl.java:format(89)) - Storage directory /home/runner/work/ozone/ozone/hadoop-ozone/integration-test/target/test-dir/MiniOzoneClusterImpl-6fb830c9-5413-49cc-a625-6cf41c4e5c97/datanode-1/data/ratis/c27f3644-2dbb-48e9-a2dd-41142b8a8bd8 has been successfully formatted.
2022-04-27 10:51:58,346 [pool-88-thread-1] INFO  ratis.ContainerStateMachine (ContainerStateMachine.java:loadSnapshot(236)) - group-41142B8A8BD8: The snapshot info is null. Setting the last applied indexto:(t:0, i:~)
2022-04-27 10:51:58,349 [pool-88-thread-1] INFO  server.RaftServerConfigKeys (ConfUtils.java:logGet(44)) - raft.server.notification.no-leader.timeout = 300000ms (custom)
2022-04-27 10:51:58,349 [pool-88-thread-1] INFO  server.RaftServerConfigKeys (ConfUtils.java:logGet(44)) - raft.server.log.use.memory = false (default)
2022-04-27 10:51:58,349 [pool-88-thread-1] INFO  server.RaftServerConfigKeys (ConfUtils.java:logGet(44)) - raft.server.log.purge.gap = 1000000 (custom)
2022-04-27 10:51:58,350 [pool-88-thread-1] INFO  server.RaftServerConfigKeys (ConfUtils.java:logGet(44)) - raft.server.log.appender.buffer.byte-limit = 33554432 (custom)
2022-04-27 10:51:58,350 [pool-88-thread-1] INFO  server.RaftServerConfigKeys (ConfUtils.java:logGet(44)) - raft.server.log.segment.size.max = 1048576 (custom)
2022-04-27 10:51:58,351 [EventQueue-PipelineReportForPipelineReportHandler] INFO  pipeline.PipelineManagerImpl (PipelineManagerImpl.java:openPipeline(328)) - Pipeline Pipeline[ Id: c27f3644-2dbb-48e9-a2dd-41142b8a8bd8, Nodes: fb1b2524-5f72-4172-b06b-98bf8bab58d7{ip: 10.1.0.29, host: fv-az270-423.tacnzluakwdehk1hpragurqkma.bx.internal.cloudapp.net, ports: [REPLICATION=34055, RATIS=34621, RATIS_ADMIN=34621, RATIS_SERVER=34621, STANDALONE=35257], networkLocation: /default-rack, certSerialId: null, persistedOpState: IN_SERVICE, persistedOpStateExpiryEpochSec: 0}, ReplicationConfig: RATIS/ONE, State:ALLOCATED, leaderId:fb1b2524-5f72-4172-b06b-98bf8bab58d7, CreationTimestamp2022-04-27T10:51:55.322Z[Etc/UTC]] moved to OPEN state
2022-04-27 10:51:58,351 [pool-88-thread-1] INFO  server.RaftServerConfigKeys (ConfUtils.java:logGet(44)) - raft.server.log.segment.cache.num.max = 2 (custom)
2022-04-27 10:51:58,351 [pool-88-thread-1] INFO  server.RaftServerConfigKeys (ConfUtils.java:logGet(44)) - raft.server.log.segment.cache.size.max = 200MB (=209715200) (default)
2022-04-27 10:51:58,351 [pool-88-thread-1] INFO  segmented.SegmentedRaftLogWorker (SegmentedRaftLogWorker.java:<init>(182)) - new fb1b2524-5f72-4172-b06b-98bf8bab58d7@group-41142B8A8BD8-SegmentedRaftLogWorker for RaftStorageImpl:Storage Directory /home/runner/work/ozone/ozone/hadoop-ozone/integration-test/target/test-dir/MiniOzoneClusterImpl-6fb830c9-5413-49cc-a625-6cf41c4e5c97/datanode-1/data/ratis/c27f3644-2dbb-48e9-a2dd-41142b8a8bd8
2022-04-27 10:51:58,351 [pool-88-thread-1] INFO  server.RaftServerConfigKeys (ConfUtils.java:logGet(44)) - raft.server.log.queue.byte-limit = 4294967296 (custom)
2022-04-27 10:51:58,351 [pool-88-thread-1] INFO  server.RaftServerConfigKeys (ConfUtils.java:logGet(44)) - raft.server.log.queue.element-limit = 1024 (custom)
2022-04-27 10:51:58,351 [EventQueue-OpenPipelineForHealthyPipelineSafeModeRule] INFO  safemode.SCMSafeModeManager (HealthyPipelineSafeModeRule.java:process(124)) - SCM in safe mode. Healthy pipelines reported count is 0, required healthy pipeline reported count is 1
2022-04-27 10:51:58,352 [pool-88-thread-1] INFO  server.RaftServerConfigKeys (ConfUtils.java:logGet(44)) - raft.server.log.segment.size.max = 1048576 (custom)
2022-04-27 10:51:58,357 [pool-88-thread-1] INFO  server.RaftServerConfigKeys (ConfUtils.java:logGet(44)) - raft.server.log.preallocated.size = 16384 (custom)
2022-04-27 10:51:58,357 [pool-88-thread-1] INFO  server.RaftServerConfigKeys (ConfUtils.java:logGet(44)) - raft.server.log.force.sync.num = 128 (default)
2022-04-27 10:51:58,357 [pool-88-thread-1] INFO  server.RaftServerConfigKeys (ConfUtils.java:logGet(44)) - raft.server.log.statemachine.data.sync = true (default)
2022-04-27 10:51:58,357 [pool-88-thread-1] INFO  server.RaftServerConfigKeys (ConfUtils.java:logGet(44)) - raft.server.log.statemachine.data.sync.timeout = 10s (default)
2022-04-27 10:51:58,357 [pool-88-thread-1] INFO  server.RaftServerConfigKeys (ConfUtils.java:logGet(44)) - raft.server.log.statemachine.data.sync.timeout.retry = -1 (default)
2022-04-27 10:51:58,360 [pool-88-thread-1] INFO  server.RaftServerConfigKeys (ConfUtils.java:logGet(44)) - raft.server.log.write.buffer.size = 1048576 (custom)
2022-04-27 10:51:58,360 [pool-88-thread-1] INFO  server.RaftServerConfigKeys (ConfUtils.java:logGet(44)) - raft.server.log.statemachine.data.caching.enabled = true (custom)
2022-04-27 10:51:58,361 [pool-88-thread-1] INFO  segmented.SegmentedRaftLogWorker (SegmentedRaftLogWorker.java:lambda$new$0(133)) - fb1b2524-5f72-4172-b06b-98bf8bab58d7@group-41142B8A8BD8-SegmentedRaftLogWorker: flushIndex: setUnconditionally 0 -> -1
2022-04-27 10:51:58,361 [pool-88-thread-1] INFO  segmented.SegmentedRaftLogWorker (SegmentedRaftLogWorker.java:lambda$new$0(133)) - fb1b2524-5f72-4172-b06b-98bf8bab58d7@group-41142B8A8BD8-SegmentedRaftLogWorker: safeCacheEvictIndex: setUnconditionally 0 -> -1
2022-04-27 10:51:58,366 [pool-88-thread-1] INFO  server.RaftServerConfigKeys (ConfUtils.java:logGet(44)) - raft.server.snapshot.auto.trigger.enabled = true (custom)
2022-04-27 10:51:58,366 [pool-88-thread-1] INFO  server.RaftServerConfigKeys (ConfUtils.java:logGet(44)) - raft.server.snapshot.auto.trigger.threshold = 1 (custom)
2022-04-27 10:51:58,366 [pool-88-thread-1] INFO  server.RaftServerConfigKeys (ConfUtils.java:logGet(44)) - raft.server.snapshot.retention.file.num = 5 (custom)
2022-04-27 10:51:58,366 [pool-88-thread-1] INFO  server.RaftServerConfigKeys (ConfUtils.java:logGet(44)) - raft.server.log.purge.upto.snapshot.index = false (default)
2022-04-27 10:51:58,366 [pool-88-thread-1] INFO  server.RaftServerConfigKeys (ConfUtils.java:logGet(44)) - raft.server.retrycache.expirytime = 600000ms (custom)
2022-04-27 10:51:58,366 [pool-88-thread-1] INFO  server.RaftServerConfigKeys (ConfUtils.java:logGet(44)) - raft.server.retrycache.statistics.expirytime = 100μs (default)
2022-04-27 10:51:58,368 [pool-88-thread-1] INFO  server.RaftServer$Division (RaftServerImpl.java:start(301)) - fb1b2524-5f72-4172-b06b-98bf8bab58d7@group-41142B8A8BD8: start as a follower, conf=-1: [fb1b2524-5f72-4172-b06b-98bf8bab58d7|rpc:10.1.0.29:34621|priority:1], old=null
2022-04-27 10:51:58,368 [pool-88-thread-1] INFO  server.RaftServer$Division (RaftServerImpl.java:setRole(290)) - fb1b2524-5f72-4172-b06b-98bf8bab58d7@group-41142B8A8BD8: changes role from      null to FOLLOWER at term 0 for startAsFollower
2022-04-27 10:51:58,368 [pool-88-thread-1] INFO  impl.RoleInfo (RoleInfo.java:updateAndGet(130)) - fb1b2524-5f72-4172-b06b-98bf8bab58d7: start fb1b2524-5f72-4172-b06b-98bf8bab58d7@group-41142B8A8BD8-FollowerState
2022-04-27 10:51:58,384 [pool-88-thread-1] INFO  util.JmxRegister (JmxRegister.java:tryRegister(44)) - Successfully registered JMX Bean with object name Ratis:service=RaftServer,group=group-41142B8A8BD8,id=fb1b2524-5f72-4172-b06b-98bf8bab58d7
2022-04-27 10:51:58,396 [Command processor thread] INFO  ratis.XceiverServerRatis (XceiverServerRatis.java:addGroup(765)) - Created group PipelineID=c27f3644-2dbb-48e9-a2dd-41142b8a8bd8
2022-04-27 10:51:58,396 [Command processor thread] INFO  commandhandler.CreatePipelineCommandHandler (CreatePipelineCommandHandler.java:handle(113)) - Created Pipeline RATIS ONE PipelineID=c27f3644-2dbb-48e9-a2dd-41142b8a8bd8.
2022-04-27 10:51:58,396 [Command processor thread] INFO  server.RaftServer (RaftServerProxy.java:addNew(95)) - fb1b2524-5f72-4172-b06b-98bf8bab58d7: addNew group-7308F894FD3A:[5305b34f-83d0-4be9-8032-f631ee150b78|rpc:10.1.0.29:34741|priority:0, b4543bad-81d3-4f1d-9fc6-5e97dcd2d8eb|rpc:10.1.0.29:41129|priority:0, fb1b2524-5f72-4172-b06b-98bf8bab58d7|rpc:10.1.0.29:34621|priority:1] returns group-7308F894FD3A:java.util.concurrent.CompletableFuture@52c80f2f[Not completed]
2022-04-27 10:51:58,397 [pool-88-thread-1] INFO  server.RaftServer$Division (RaftServerImpl.java:<init>(184)) - fb1b2524-5f72-4172-b06b-98bf8bab58d7: new RaftServerImpl for group-7308F894FD3A:[5305b34f-83d0-4be9-8032-f631ee150b78|rpc:10.1.0.29:34741|priority:0, b4543bad-81d3-4f1d-9fc6-5e97dcd2d8eb|rpc:10.1.0.29:41129|priority:0, fb1b2524-5f72-4172-b06b-98bf8bab58d7|rpc:10.1.0.29:34621|priority:1] with ContainerStateMachine:uninitialized
2022-04-27 10:51:58,397 [pool-88-thread-1] INFO  server.RaftServerConfigKeys (ConfUtils.java:logGet(44)) - raft.server.rpc.timeout.min = 5s (custom)
2022-04-27 10:51:58,397 [pool-88-thread-1] INFO  server.RaftServerConfigKeys (ConfUtils.java:logGet(44)) - raft.server.rpc.timeout.max = 5200ms (custom)
2022-04-27 10:51:58,398 [pool-88-thread-1] INFO  server.RaftServerConfigKeys (ConfUtils.java:logGet(44)) - raft.server.rpc.sleep.time = 25ms (default)
2022-04-27 10:51:58,398 [pool-88-thread-1] INFO  server.RaftServerConfigKeys (ConfUtils.java:logGet(44)) - raft.server.rpc.slowness.timeout = 300000ms (custom)
2022-04-27 10:51:58,398 [pool-88-thread-1] INFO  server.RaftServerConfigKeys (ConfUtils.java:logGet(44)) - raft.server.leaderelection.leader.step-down.wait-time = 10s (default)
2022-04-27 10:51:58,398 [pool-88-thread-1] INFO  server.RaftServerConfigKeys (ConfUtils.java:logGet(44)) - raft.server.sleep.deviation.threshold = 300ms (default)
2022-04-27 10:51:58,398 [pool-88-thread-1] INFO  server.RaftServerConfigKeys (ConfUtils.java:logGet(44)) - raft.server.log.appender.install.snapshot.enabled = false (custom)
2022-04-27 10:51:58,399 [pool-88-thread-1] INFO  server.RaftServer$Division (ServerState.java:<init>(105)) - fb1b2524-5f72-4172-b06b-98bf8bab58d7@group-7308F894FD3A: ConfigurationManager, init=-1: [5305b34f-83d0-4be9-8032-f631ee150b78|rpc:10.1.0.29:34741|priority:0, b4543bad-81d3-4f1d-9fc6-5e97dcd2d8eb|rpc:10.1.0.29:41129|priority:0, fb1b2524-5f72-4172-b06b-98bf8bab58d7|rpc:10.1.0.29:34621|priority:1], old=null, confs=<EMPTY_MAP>
2022-04-27 10:51:58,399 [pool-88-thread-1] INFO  server.RaftServerConfigKeys (ConfUtils.java:logGet(44)) - raft.server.storage.dir = [/home/runner/work/ozone/ozone/hadoop-ozone/integration-test/target/test-dir/MiniOzoneClusterImpl-6fb830c9-5413-49cc-a625-6cf41c4e5c97/datanode-1/data/ratis] (custom)
2022-04-27 10:51:58,399 [pool-88-thread-1] INFO  server.RaftServerConfigKeys (ConfUtils.java:logGet(44)) - raft.server.log.corruption.policy = EXCEPTION (default)
2022-04-27 10:51:58,399 [pool-88-thread-1] INFO  server.RaftServerConfigKeys (ConfUtils.java:logGet(44)) - raft.server.storage.free-space.min = 0MB (=0) (default)
2022-04-27 10:51:58,399 [pool-88-thread-1] INFO  storage.RaftStorageDirectory (RaftStorageDirectoryImpl.java:analyzeStorage(135)) - The storage directory /home/runner/work/ozone/ozone/hadoop-ozone/integration-test/target/test-dir/MiniOzoneClusterImpl-6fb830c9-5413-49cc-a625-6cf41c4e5c97/datanode-1/data/ratis/7f2d013c-276b-4407-99e7-7308f894fd3a does not exist. Creating ...
2022-04-27 10:51:58,400 [pool-88-thread-1] INFO  storage.RaftStorageDirectory (RaftStorageDirectoryImpl.java:tryLock(230)) - Lock on /home/runner/work/ozone/ozone/hadoop-ozone/integration-test/target/test-dir/MiniOzoneClusterImpl-6fb830c9-5413-49cc-a625-6cf41c4e5c97/datanode-1/data/ratis/7f2d013c-276b-4407-99e7-7308f894fd3a/in_use.lock acquired by nodename 2917@fv-az270-423
2022-04-27 10:51:58,402 [pool-88-thread-1] INFO  storage.RaftStorage (RaftStorageImpl.java:format(89)) - Storage directory /home/runner/work/ozone/ozone/hadoop-ozone/integration-test/target/test-dir/MiniOzoneClusterImpl-6fb830c9-5413-49cc-a625-6cf41c4e5c97/datanode-1/data/ratis/7f2d013c-276b-4407-99e7-7308f894fd3a has been successfully formatted.
2022-04-27 10:51:58,403 [pool-88-thread-1] INFO  ratis.ContainerStateMachine (ContainerStateMachine.java:loadSnapshot(236)) - group-7308F894FD3A: The snapshot info is null. Setting the last applied indexto:(t:0, i:~)
2022-04-27 10:51:58,403 [pool-88-thread-1] INFO  server.RaftServerConfigKeys (ConfUtils.java:logGet(44)) - raft.server.notification.no-leader.timeout = 300000ms (custom)
2022-04-27 10:51:58,403 [pool-88-thread-1] INFO  server.RaftServerConfigKeys (ConfUtils.java:logGet(44)) - raft.server.log.use.memory = false (default)
2022-04-27 10:51:58,403 [pool-88-thread-1] INFO  server.RaftServerConfigKeys (ConfUtils.java:logGet(44)) - raft.server.log.purge.gap = 1000000 (custom)
2022-04-27 10:51:58,403 [pool-88-thread-1] INFO  server.RaftServerConfigKeys (ConfUtils.java:logGet(44)) - raft.server.log.appender.buffer.byte-limit = 33554432 (custom)
2022-04-27 10:51:58,403 [pool-88-thread-1] INFO  server.RaftServerConfigKeys (ConfUtils.java:logGet(44)) - raft.server.log.segment.size.max = 1048576 (custom)
2022-04-27 10:51:58,404 [pool-88-thread-1] INFO  server.RaftServerConfigKeys (ConfUtils.java:logGet(44)) - raft.server.log.segment.cache.num.max = 2 (custom)
2022-04-27 10:51:58,404 [pool-88-thread-1] INFO  server.RaftServerConfigKeys (ConfUtils.java:logGet(44)) - raft.server.log.segment.cache.size.max = 200MB (=209715200) (default)
2022-04-27 10:51:58,404 [pool-88-thread-1] INFO  segmented.SegmentedRaftLogWorker (SegmentedRaftLogWorker.java:<init>(182)) - new fb1b2524-5f72-4172-b06b-98bf8bab58d7@group-7308F894FD3A-SegmentedRaftLogWorker for RaftStorageImpl:Storage Directory /home/runner/work/ozone/ozone/hadoop-ozone/integration-test/target/test-dir/MiniOzoneClusterImpl-6fb830c9-5413-49cc-a625-6cf41c4e5c97/datanode-1/data/ratis/7f2d013c-276b-4407-99e7-7308f894fd3a
2022-04-27 10:51:58,404 [pool-88-thread-1] INFO  server.RaftServerConfigKeys (ConfUtils.java:logGet(44)) - raft.server.log.queue.byte-limit = 4294967296 (custom)
2022-04-27 10:51:58,404 [pool-88-thread-1] INFO  server.RaftServerConfigKeys (ConfUtils.java:logGet(44)) - raft.server.log.queue.element-limit = 1024 (custom)
2022-04-27 10:51:58,404 [pool-88-thread-1] INFO  server.RaftServerConfigKeys (ConfUtils.java:logGet(44)) - raft.server.log.segment.size.max = 1048576 (custom)
2022-04-27 10:51:58,404 [pool-88-thread-1] INFO  server.RaftServerConfigKeys (ConfUtils.java:logGet(44)) - raft.server.log.preallocated.size = 16384 (custom)
2022-04-27 10:51:58,404 [pool-88-thread-1] INFO  server.RaftServerConfigKeys (ConfUtils.java:logGet(44)) - raft.server.log.force.sync.num = 128 (default)
2022-04-27 10:51:58,404 [pool-88-thread-1] INFO  server.RaftServerConfigKeys (ConfUtils.java:logGet(44)) - raft.server.log.statemachine.data.sync = true (default)
2022-04-27 10:51:58,404 [pool-88-thread-1] INFO  server.RaftServerConfigKeys (ConfUtils.java:logGet(44)) - raft.server.log.statemachine.data.sync.timeout = 10s (default)
2022-04-27 10:51:58,405 [pool-88-thread-1] INFO  server.RaftServerConfigKeys (ConfUtils.java:logGet(44)) - raft.server.log.statemachine.data.sync.timeout.retry = -1 (default)
2022-04-27 10:51:58,406 [EventQueue-OpenPipelineForHealthyPipelineSafeModeRule] INFO  safemode.SCMSafeModeManager (HealthyPipelineSafeModeRule.java:process(124)) - SCM in safe mode. Healthy pipelines reported count is 0, required healthy pipeline reported count is 1
2022-04-27 10:51:58,407 [pool-88-thread-1] INFO  server.RaftServerConfigKeys (ConfUtils.java:logGet(44)) - raft.server.log.write.buffer.size = 1048576 (custom)
2022-04-27 10:51:58,409 [pool-88-thread-1] INFO  server.RaftServerConfigKeys (ConfUtils.java:logGet(44)) - raft.server.log.statemachine.data.caching.enabled = true (custom)
2022-04-27 10:51:58,409 [pool-88-thread-1] INFO  segmented.SegmentedRaftLogWorker (SegmentedRaftLogWorker.java:lambda$new$0(133)) - fb1b2524-5f72-4172-b06b-98bf8bab58d7@group-7308F894FD3A-SegmentedRaftLogWorker: flushIndex: setUnconditionally 0 -> -1
2022-04-27 10:51:58,409 [pool-88-thread-1] INFO  segmented.SegmentedRaftLogWorker (SegmentedRaftLogWorker.java:lambda$new$0(133)) - fb1b2524-5f72-4172-b06b-98bf8bab58d7@group-7308F894FD3A-SegmentedRaftLogWorker: safeCacheEvictIndex: setUnconditionally 0 -> -1
2022-04-27 10:51:58,409 [pool-88-thread-1] INFO  server.RaftServerConfigKeys (ConfUtils.java:logGet(44)) - raft.server.snapshot.auto.trigger.enabled = true (custom)
2022-04-27 10:51:58,409 [pool-88-thread-1] INFO  server.RaftServerConfigKeys (ConfUtils.java:logGet(44)) - raft.server.snapshot.auto.trigger.threshold = 1 (custom)
2022-04-27 10:51:58,410 [pool-88-thread-1] INFO  server.RaftServerConfigKeys (ConfUtils.java:logGet(44)) - raft.server.snapshot.retention.file.num = 5 (custom)
2022-04-27 10:51:58,410 [pool-88-thread-1] INFO  server.RaftServerConfigKeys (ConfUtils.java:logGet(44)) - raft.server.log.purge.upto.snapshot.index = false (default)
2022-04-27 10:51:58,410 [pool-88-thread-1] INFO  server.RaftServerConfigKeys (ConfUtils.java:logGet(44)) - raft.server.retrycache.expirytime = 600000ms (custom)
2022-04-27 10:51:58,410 [pool-88-thread-1] INFO  server.RaftServerConfigKeys (ConfUtils.java:logGet(44)) - raft.server.retrycache.statistics.expirytime = 100μs (default)
2022-04-27 10:51:58,413 [pool-88-thread-1] INFO  server.RaftServer$Division (RaftServerImpl.java:start(301)) - fb1b2524-5f72-4172-b06b-98bf8bab58d7@group-7308F894FD3A: start as a follower, conf=-1: [5305b34f-83d0-4be9-8032-f631ee150b78|rpc:10.1.0.29:34741|priority:0, b4543bad-81d3-4f1d-9fc6-5e97dcd2d8eb|rpc:10.1.0.29:41129|priority:0, fb1b2524-5f72-4172-b06b-98bf8bab58d7|rpc:10.1.0.29:34621|priority:1], old=null
2022-04-27 10:51:58,413 [pool-88-thread-1] INFO  server.RaftServer$Division (RaftServerImpl.java:setRole(290)) - fb1b2524-5f72-4172-b06b-98bf8bab58d7@group-7308F894FD3A: changes role from      null to FOLLOWER at term 0 for startAsFollower
2022-04-27 10:51:58,413 [pool-88-thread-1] INFO  impl.RoleInfo (RoleInfo.java:updateAndGet(130)) - fb1b2524-5f72-4172-b06b-98bf8bab58d7: start fb1b2524-5f72-4172-b06b-98bf8bab58d7@group-7308F894FD3A-FollowerState
2022-04-27 10:51:58,413 [pool-88-thread-1] INFO  util.JmxRegister (JmxRegister.java:tryRegister(44)) - Successfully registered JMX Bean with object name Ratis:service=RaftServer,group=group-7308F894FD3A,id=fb1b2524-5f72-4172-b06b-98bf8bab58d7
2022-04-27 10:51:58,414 [Listener at 127.0.0.1/43313] INFO  ozone.MiniOzoneClusterImpl (MiniOzoneClusterImpl.java:lambda$waitForClusterToBeReady$0(221)) - Waiting for nodes to be ready. Got 9 of 10 DN Heartbeats.
2022-04-27 10:51:58,414 [Listener at 127.0.0.1/43313] INFO  ozone.MiniOzoneClusterImpl (MiniOzoneClusterImpl.java:lambda$waitForClusterToBeReady$0(224)) - Waiting for cluster to exit safe mode
2022-04-27 10:51:58,414 [Listener at 127.0.0.1/43313] INFO  ozone.MiniOzoneClusterImpl (MiniOzoneClusterImpl.java:lambda$waitForClusterToBeReady$0(226)) - SCM became leader
2022-04-27 10:51:58,414 [Command processor thread] INFO  ratis.XceiverServerRatis (XceiverServerRatis.java:addGroup(765)) - Created group PipelineID=7f2d013c-276b-4407-99e7-7308f894fd3a
2022-04-27 10:51:58,429 [IPC Server handler 4 on default port 44525] INFO  net.NetworkTopologyImpl (NetworkTopologyImpl.java:add(112)) - Added a new node: /default-rack/4fef3099-80a8-4154-b528-44138d57637f
2022-04-27 10:51:58,429 [IPC Server handler 4 on default port 44525] INFO  node.SCMNodeManager (SCMNodeManager.java:register(391)) - Registered Data node : 4fef3099-80a8-4154-b528-44138d57637f{ip: 10.1.0.29, host: fv-az270-423.tacnzluakwdehk1hpragurqkma.bx.internal.cloudapp.net, ports: [REPLICATION=46351, RATIS=45983, RATIS_ADMIN=45983, RATIS_SERVER=45983, STANDALONE=40783], networkLocation: /default-rack, certSerialId: null, persistedOpState: null, persistedOpStateExpiryEpochSec: 0}
2022-04-27 10:51:58,429 [EventQueue-NewNodeForNewNodeHandler] INFO  pipeline.BackgroundPipelineCreator (BackgroundPipelineCreator.java:notifyEventTriggered(271)) - trigger a one-shot run on RatisPipelineUtilsThread.
2022-04-27 10:51:58,430 [RatisPipelineUtilsThread - 0] INFO  pipeline.RatisPipelineProvider (RatisPipelineProvider.java:lambda$create$0(195)) - Sending CreatePipelineCommand for pipeline:PipelineID=a638700d-2bf8-4193-8325-dac67e794d68 to datanode:4fef3099-80a8-4154-b528-44138d57637f
2022-04-27 10:51:58,431 [RatisPipelineUtilsThread - 0] INFO  pipeline.PipelineStateManagerImpl (PipelineStateManagerImpl.java:addPipeline(101)) - Created pipeline Pipeline[ Id: a638700d-2bf8-4193-8325-dac67e794d68, Nodes: 4fef3099-80a8-4154-b528-44138d57637f{ip: 10.1.0.29, host: fv-az270-423.tacnzluakwdehk1hpragurqkma.bx.internal.cloudapp.net, ports: [REPLICATION=46351, RATIS=45983, RATIS_ADMIN=45983, RATIS_SERVER=45983, STANDALONE=40783], networkLocation: /default-rack, certSerialId: null, persistedOpState: IN_SERVICE, persistedOpStateExpiryEpochSec: 0}, ReplicationConfig: RATIS/ONE, State:ALLOCATED, leaderId:, CreationTimestamp2022-04-27T10:51:58.429Z[Etc/UTC]].
2022-04-27 10:51:58,565 [EventQueue-OpenPipelineForHealthyPipelineSafeModeRule] INFO  safemode.SCMSafeModeManager (HealthyPipelineSafeModeRule.java:process(124)) - SCM in safe mode. Healthy pipelines reported count is 0, required healthy pipeline reported count is 1
2022-04-27 10:51:58,604 [EventQueue-OpenPipelineForHealthyPipelineSafeModeRule] INFO  safemode.SCMSafeModeManager (HealthyPipelineSafeModeRule.java:process(124)) - SCM in safe mode. Healthy pipelines reported count is 0, required healthy pipeline reported count is 1
2022-04-27 10:51:58,680 [grpc-default-executor-0] INFO  server.RaftServer (RaftServerProxy.java:addNew(95)) - 5305b34f-83d0-4be9-8032-f631ee150b78: addNew group-7308F894FD3A:[5305b34f-83d0-4be9-8032-f631ee150b78|rpc:10.1.0.29:34741|dataStream:|priority:0, b4543bad-81d3-4f1d-9fc6-5e97dcd2d8eb|rpc:10.1.0.29:41129|dataStream:|priority:0, fb1b2524-5f72-4172-b06b-98bf8bab58d7|rpc:10.1.0.29:34621|dataStream:|priority:1] returns group-7308F894FD3A:java.util.concurrent.CompletableFuture@726d5520[Not completed]
2022-04-27 10:51:58,683 [pool-109-thread-1] INFO  server.RaftServer$Division (RaftServerImpl.java:<init>(184)) - 5305b34f-83d0-4be9-8032-f631ee150b78: new RaftServerImpl for group-7308F894FD3A:[5305b34f-83d0-4be9-8032-f631ee150b78|rpc:10.1.0.29:34741|dataStream:|priority:0, b4543bad-81d3-4f1d-9fc6-5e97dcd2d8eb|rpc:10.1.0.29:41129|dataStream:|priority:0, fb1b2524-5f72-4172-b06b-98bf8bab58d7|rpc:10.1.0.29:34621|dataStream:|priority:1] with ContainerStateMachine:uninitialized
2022-04-27 10:51:58,683 [pool-109-thread-1] INFO  server.RaftServerConfigKeys (ConfUtils.java:logGet(44)) - raft.server.rpc.timeout.min = 5s (custom)
2022-04-27 10:51:58,683 [pool-109-thread-1] INFO  server.RaftServerConfigKeys (ConfUtils.java:logGet(44)) - raft.server.rpc.timeout.max = 5200ms (custom)
2022-04-27 10:51:58,683 [pool-109-thread-1] INFO  server.RaftServerConfigKeys (ConfUtils.java:logGet(44)) - raft.server.rpc.sleep.time = 25ms (default)
2022-04-27 10:51:58,683 [pool-109-thread-1] INFO  server.RaftServerConfigKeys (ConfUtils.java:logGet(44)) - raft.server.rpc.slowness.timeout = 300000ms (custom)
2022-04-27 10:51:58,683 [pool-109-thread-1] INFO  server.RaftServerConfigKeys (ConfUtils.java:logGet(44)) - raft.server.leaderelection.leader.step-down.wait-time = 10s (default)
2022-04-27 10:51:58,683 [pool-109-thread-1] INFO  server.RaftServerConfigKeys (ConfUtils.java:logGet(44)) - raft.server.sleep.deviation.threshold = 300ms (default)
2022-04-27 10:51:58,683 [pool-109-thread-1] INFO  server.RaftServerConfigKeys (ConfUtils.java:logGet(44)) - raft.server.log.appender.install.snapshot.enabled = false (custom)
2022-04-27 10:51:58,683 [pool-109-thread-1] INFO  server.RaftServer$Division (ServerState.java:<init>(105)) - 5305b34f-83d0-4be9-8032-f631ee150b78@group-7308F894FD3A: ConfigurationManager, init=-1: [5305b34f-83d0-4be9-8032-f631ee150b78|rpc:10.1.0.29:34741|dataStream:|priority:0, b4543bad-81d3-4f1d-9fc6-5e97dcd2d8eb|rpc:10.1.0.29:41129|dataStream:|priority:0, fb1b2524-5f72-4172-b06b-98bf8bab58d7|rpc:10.1.0.29:34621|dataStream:|priority:1], old=null, confs=<EMPTY_MAP>
2022-04-27 10:51:58,683 [pool-109-thread-1] INFO  server.RaftServerConfigKeys (ConfUtils.java:logGet(44)) - raft.server.storage.dir = [/home/runner/work/ozone/ozone/hadoop-ozone/integration-test/target/test-dir/MiniOzoneClusterImpl-6fb830c9-5413-49cc-a625-6cf41c4e5c97/datanode-2/data/ratis] (custom)
2022-04-27 10:51:58,684 [pool-109-thread-1] INFO  server.RaftServerConfigKeys (ConfUtils.java:logGet(44)) - raft.server.log.corruption.policy = EXCEPTION (default)
2022-04-27 10:51:58,684 [pool-109-thread-1] INFO  server.RaftServerConfigKeys (ConfUtils.java:logGet(44)) - raft.server.storage.free-space.min = 0MB (=0) (default)
2022-04-27 10:51:58,684 [pool-109-thread-1] INFO  storage.RaftStorageDirectory (RaftStorageDirectoryImpl.java:analyzeStorage(135)) - The storage directory /home/runner/work/ozone/ozone/hadoop-ozone/integration-test/target/test-dir/MiniOzoneClusterImpl-6fb830c9-5413-49cc-a625-6cf41c4e5c97/datanode-2/data/ratis/7f2d013c-276b-4407-99e7-7308f894fd3a does not exist. Creating ...
2022-04-27 10:51:58,686 [pool-109-thread-1] INFO  storage.RaftStorageDirectory (RaftStorageDirectoryImpl.java:tryLock(230)) - Lock on /home/runner/work/ozone/ozone/hadoop-ozone/integration-test/target/test-dir/MiniOzoneClusterImpl-6fb830c9-5413-49cc-a625-6cf41c4e5c97/datanode-2/data/ratis/7f2d013c-276b-4407-99e7-7308f894fd3a/in_use.lock acquired by nodename 2917@fv-az270-423
2022-04-27 10:51:58,690 [pool-109-thread-1] INFO  storage.RaftStorage (RaftStorageImpl.java:format(89)) - Storage directory /home/runner/work/ozone/ozone/hadoop-ozone/integration-test/target/test-dir/MiniOzoneClusterImpl-6fb830c9-5413-49cc-a625-6cf41c4e5c97/datanode-2/data/ratis/7f2d013c-276b-4407-99e7-7308f894fd3a has been successfully formatted.
2022-04-27 10:51:58,692 [Command processor thread] INFO  server.RaftServer (RaftServerProxy.java:addNew(95)) - 5305b34f-83d0-4be9-8032-f631ee150b78: addNew group-21136E7CFE22:[5305b34f-83d0-4be9-8032-f631ee150b78|rpc:10.1.0.29:34741|priority:1] returns group-21136E7CFE22:java.util.concurrent.CompletableFuture@c06f656[Not completed]
2022-04-27 10:51:58,692 [pool-109-thread-1] INFO  ratis.ContainerStateMachine (ContainerStateMachine.java:loadSnapshot(236)) - group-7308F894FD3A: The snapshot info is null. Setting the last applied indexto:(t:0, i:~)
2022-04-27 10:51:58,695 [pool-109-thread-1] INFO  server.RaftServerConfigKeys (ConfUtils.java:logGet(44)) - raft.server.notification.no-leader.timeout = 300000ms (custom)
2022-04-27 10:51:58,695 [pool-109-thread-1] INFO  server.RaftServerConfigKeys (ConfUtils.java:logGet(44)) - raft.server.log.use.memory = false (default)
2022-04-27 10:51:58,695 [pool-109-thread-1] INFO  server.RaftServerConfigKeys (ConfUtils.java:logGet(44)) - raft.server.log.purge.gap = 1000000 (custom)
2022-04-27 10:51:58,695 [pool-109-thread-1] INFO  server.RaftServerConfigKeys (ConfUtils.java:logGet(44)) - raft.server.log.appender.buffer.byte-limit = 33554432 (custom)
2022-04-27 10:51:58,696 [pool-109-thread-1] INFO  server.RaftServerConfigKeys (ConfUtils.java:logGet(44)) - raft.server.log.segment.size.max = 1048576 (custom)
2022-04-27 10:51:58,696 [pool-109-thread-1] INFO  server.RaftServerConfigKeys (ConfUtils.java:logGet(44)) - raft.server.log.segment.cache.num.max = 2 (custom)
2022-04-27 10:51:58,696 [pool-109-thread-1] INFO  server.RaftServerConfigKeys (ConfUtils.java:logGet(44)) - raft.server.log.segment.cache.size.max = 200MB (=209715200) (default)
2022-04-27 10:51:58,696 [pool-109-thread-1] INFO  segmented.SegmentedRaftLogWorker (SegmentedRaftLogWorker.java:<init>(182)) - new 5305b34f-83d0-4be9-8032-f631ee150b78@group-7308F894FD3A-SegmentedRaftLogWorker for RaftStorageImpl:Storage Directory /home/runner/work/ozone/ozone/hadoop-ozone/integration-test/target/test-dir/MiniOzoneClusterImpl-6fb830c9-5413-49cc-a625-6cf41c4e5c97/datanode-2/data/ratis/7f2d013c-276b-4407-99e7-7308f894fd3a
2022-04-27 10:51:58,696 [pool-109-thread-1] INFO  server.RaftServerConfigKeys (ConfUtils.java:logGet(44)) - raft.server.log.queue.byte-limit = 4294967296 (custom)
2022-04-27 10:51:58,697 [pool-109-thread-1] INFO  server.RaftServerConfigKeys (ConfUtils.java:logGet(44)) - raft.server.log.queue.element-limit = 1024 (custom)
2022-04-27 10:51:58,697 [pool-109-thread-1] INFO  server.RaftServerConfigKeys (ConfUtils.java:logGet(44)) - raft.server.log.segment.size.max = 1048576 (custom)
2022-04-27 10:51:58,697 [pool-109-thread-1] INFO  server.RaftServerConfigKeys (ConfUtils.java:logGet(44)) - raft.server.log.preallocated.size = 16384 (custom)
2022-04-27 10:51:58,697 [pool-109-thread-1] INFO  server.RaftServerConfigKeys (ConfUtils.java:logGet(44)) - raft.server.log.force.sync.num = 128 (default)
2022-04-27 10:51:58,697 [pool-109-thread-1] INFO  server.RaftServerConfigKeys (ConfUtils.java:logGet(44)) - raft.server.log.statemachine.data.sync = true (default)
2022-04-27 10:51:58,697 [pool-109-thread-1] INFO  server.RaftServerConfigKeys (ConfUtils.java:logGet(44)) - raft.server.log.statemachine.data.sync.timeout = 10s (default)
2022-04-27 10:51:58,698 [pool-109-thread-1] INFO  server.RaftServerConfigKeys (ConfUtils.java:logGet(44)) - raft.server.log.statemachine.data.sync.timeout.retry = -1 (default)
2022-04-27 10:51:58,699 [pool-109-thread-1] INFO  server.RaftServerConfigKeys (ConfUtils.java:logGet(44)) - raft.server.log.write.buffer.size = 1048576 (custom)
2022-04-27 10:51:58,700 [pool-109-thread-1] INFO  server.RaftServerConfigKeys (ConfUtils.java:logGet(44)) - raft.server.log.statemachine.data.caching.enabled = true (custom)
2022-04-27 10:51:58,700 [pool-109-thread-1] INFO  segmented.SegmentedRaftLogWorker (SegmentedRaftLogWorker.java:lambda$new$0(133)) - 5305b34f-83d0-4be9-8032-f631ee150b78@group-7308F894FD3A-SegmentedRaftLogWorker: flushIndex: setUnconditionally 0 -> -1
2022-04-27 10:51:58,700 [pool-109-thread-1] INFO  segmented.SegmentedRaftLogWorker (SegmentedRaftLogWorker.java:lambda$new$0(133)) - 5305b34f-83d0-4be9-8032-f631ee150b78@group-7308F894FD3A-SegmentedRaftLogWorker: safeCacheEvictIndex: setUnconditionally 0 -> -1
2022-04-27 10:51:58,708 [pool-109-thread-1] INFO  server.RaftServerConfigKeys (ConfUtils.java:logGet(44)) - raft.server.snapshot.auto.trigger.enabled = true (custom)
2022-04-27 10:51:58,708 [pool-109-thread-1] INFO  server.RaftServerConfigKeys (ConfUtils.java:logGet(44)) - raft.server.snapshot.auto.trigger.threshold = 1 (custom)
2022-04-27 10:51:58,708 [pool-109-thread-1] INFO  server.RaftServerConfigKeys (ConfUtils.java:logGet(44)) - raft.server.snapshot.retention.file.num = 5 (custom)
2022-04-27 10:51:58,708 [pool-109-thread-1] INFO  server.RaftServerConfigKeys (ConfUtils.java:logGet(44)) - raft.server.log.purge.upto.snapshot.index = false (default)
2022-04-27 10:51:58,708 [pool-109-thread-1] INFO  server.RaftServerConfigKeys (ConfUtils.java:logGet(44)) - raft.server.retrycache.expirytime = 600000ms (custom)
2022-04-27 10:51:58,708 [pool-109-thread-1] INFO  server.RaftServerConfigKeys (ConfUtils.java:logGet(44)) - raft.server.retrycache.statistics.expirytime = 100μs (default)
2022-04-27 10:51:58,710 [pool-109-thread-1] INFO  server.RaftServer$Division (RaftServerImpl.java:<init>(184)) - 5305b34f-83d0-4be9-8032-f631ee150b78: new RaftServerImpl for group-21136E7CFE22:[5305b34f-83d0-4be9-8032-f631ee150b78|rpc:10.1.0.29:34741|priority:1] with ContainerStateMachine:uninitialized
2022-04-27 10:51:58,710 [pool-109-thread-1] INFO  server.RaftServerConfigKeys (ConfUtils.java:logGet(44)) - raft.server.rpc.timeout.min = 5s (custom)
2022-04-27 10:51:58,710 [pool-109-thread-1] INFO  server.RaftServerConfigKeys (ConfUtils.java:logGet(44)) - raft.server.rpc.timeout.max = 5200ms (custom)
2022-04-27 10:51:58,711 [pool-109-thread-1] INFO  server.RaftServerConfigKeys (ConfUtils.java:logGet(44)) - raft.server.rpc.sleep.time = 25ms (default)
2022-04-27 10:51:58,711 [pool-109-thread-1] INFO  server.RaftServerConfigKeys (ConfUtils.java:logGet(44)) - raft.server.rpc.slowness.timeout = 300000ms (custom)
2022-04-27 10:51:58,711 [pool-109-thread-1] INFO  server.RaftServerConfigKeys (ConfUtils.java:logGet(44)) - raft.server.leaderelection.leader.step-down.wait-time = 10s (default)
2022-04-27 10:51:58,711 [pool-109-thread-1] INFO  server.RaftServerConfigKeys (ConfUtils.java:logGet(44)) - raft.server.sleep.deviation.threshold = 300ms (default)
2022-04-27 10:51:58,711 [pool-109-thread-1] INFO  server.RaftServerConfigKeys (ConfUtils.java:logGet(44)) - raft.server.log.appender.install.snapshot.enabled = false (custom)
2022-04-27 10:51:58,711 [pool-109-thread-1] INFO  server.RaftServer$Division (ServerState.java:<init>(105)) - 5305b34f-83d0-4be9-8032-f631ee150b78@group-21136E7CFE22: ConfigurationManager, init=-1: [5305b34f-83d0-4be9-8032-f631ee150b78|rpc:10.1.0.29:34741|priority:1], old=null, confs=<EMPTY_MAP>
2022-04-27 10:51:58,711 [pool-109-thread-1] INFO  server.RaftServerConfigKeys (ConfUtils.java:logGet(44)) - raft.server.storage.dir = [/home/runner/work/ozone/ozone/hadoop-ozone/integration-test/target/test-dir/MiniOzoneClusterImpl-6fb830c9-5413-49cc-a625-6cf41c4e5c97/datanode-2/data/ratis] (custom)
2022-04-27 10:51:58,711 [pool-109-thread-1] INFO  server.RaftServerConfigKeys (ConfUtils.java:logGet(44)) - raft.server.log.corruption.policy = EXCEPTION (default)
2022-04-27 10:51:58,711 [pool-109-thread-1] INFO  server.RaftServerConfigKeys (ConfUtils.java:logGet(44)) - raft.server.storage.free-space.min = 0MB (=0) (default)
2022-04-27 10:51:58,711 [pool-109-thread-1] INFO  storage.RaftStorageDirectory (RaftStorageDirectoryImpl.java:analyzeStorage(135)) - The storage directory /home/runner/work/ozone/ozone/hadoop-ozone/integration-test/target/test-dir/MiniOzoneClusterImpl-6fb830c9-5413-49cc-a625-6cf41c4e5c97/datanode-2/data/ratis/e2d981b6-22f8-4a7e-9e1d-21136e7cfe22 does not exist. Creating ...
2022-04-27 10:51:58,716 [pool-109-thread-1] INFO  storage.RaftStorageDirectory (RaftStorageDirectoryImpl.java:tryLock(230)) - Lock on /home/runner/work/ozone/ozone/hadoop-ozone/integration-test/target/test-dir/MiniOzoneClusterImpl-6fb830c9-5413-49cc-a625-6cf41c4e5c97/datanode-2/data/ratis/e2d981b6-22f8-4a7e-9e1d-21136e7cfe22/in_use.lock acquired by nodename 2917@fv-az270-423
2022-04-27 10:51:58,719 [pool-109-thread-1] INFO  storage.RaftStorage (RaftStorageImpl.java:format(89)) - Storage directory /home/runner/work/ozone/ozone/hadoop-ozone/integration-test/target/test-dir/MiniOzoneClusterImpl-6fb830c9-5413-49cc-a625-6cf41c4e5c97/datanode-2/data/ratis/e2d981b6-22f8-4a7e-9e1d-21136e7cfe22 has been successfully formatted.
2022-04-27 10:51:58,719 [pool-109-thread-1] INFO  ratis.ContainerStateMachine (ContainerStateMachine.java:loadSnapshot(236)) - group-21136E7CFE22: The snapshot info is null. Setting the last applied indexto:(t:0, i:~)
2022-04-27 10:51:58,719 [pool-109-thread-1] INFO  server.RaftServerConfigKeys (ConfUtils.java:logGet(44)) - raft.server.notification.no-leader.timeout = 300000ms (custom)
2022-04-27 10:51:58,719 [pool-109-thread-1] INFO  server.RaftServerConfigKeys (ConfUtils.java:logGet(44)) - raft.server.log.use.memory = false (default)
2022-04-27 10:51:58,719 [pool-109-thread-1] INFO  server.RaftServerConfigKeys (ConfUtils.java:logGet(44)) - raft.server.log.purge.gap = 1000000 (custom)
2022-04-27 10:51:58,719 [pool-109-thread-1] INFO  server.RaftServerConfigKeys (ConfUtils.java:logGet(44)) - raft.server.log.appender.buffer.byte-limit = 33554432 (custom)
2022-04-27 10:51:58,720 [pool-109-thread-1] INFO  server.RaftServerConfigKeys (ConfUtils.java:logGet(44)) - raft.server.log.segment.size.max = 1048576 (custom)
2022-04-27 10:51:58,720 [pool-109-thread-1] INFO  server.RaftServerConfigKeys (ConfUtils.java:logGet(44)) - raft.server.log.segment.cache.num.max = 2 (custom)
2022-04-27 10:51:58,720 [pool-109-thread-1] INFO  server.RaftServerConfigKeys (ConfUtils.java:logGet(44)) - raft.server.log.segment.cache.size.max = 200MB (=209715200) (default)
2022-04-27 10:51:58,720 [pool-109-thread-1] INFO  segmented.SegmentedRaftLogWorker (SegmentedRaftLogWorker.java:<init>(182)) - new 5305b34f-83d0-4be9-8032-f631ee150b78@group-21136E7CFE22-SegmentedRaftLogWorker for RaftStorageImpl:Storage Directory /home/runner/work/ozone/ozone/hadoop-ozone/integration-test/target/test-dir/MiniOzoneClusterImpl-6fb830c9-5413-49cc-a625-6cf41c4e5c97/datanode-2/data/ratis/e2d981b6-22f8-4a7e-9e1d-21136e7cfe22
2022-04-27 10:51:58,720 [pool-109-thread-1] INFO  server.RaftServerConfigKeys (ConfUtils.java:logGet(44)) - raft.server.log.queue.byte-limit = 4294967296 (custom)
2022-04-27 10:51:58,721 [pool-109-thread-1] INFO  server.RaftServerConfigKeys (ConfUtils.java:logGet(44)) - raft.server.log.queue.element-limit = 1024 (custom)
2022-04-27 10:51:58,721 [pool-109-thread-1] INFO  server.RaftServerConfigKeys (ConfUtils.java:logGet(44)) - raft.server.log.segment.size.max = 1048576 (custom)
2022-04-27 10:51:58,721 [pool-109-thread-1] INFO  server.RaftServerConfigKeys (ConfUtils.java:logGet(44)) - raft.server.log.preallocated.size = 16384 (custom)
2022-04-27 10:51:58,721 [pool-109-thread-1] INFO  server.RaftServerConfigKeys (ConfUtils.java:logGet(44)) - raft.server.log.force.sync.num = 128 (default)
2022-04-27 10:51:58,721 [pool-109-thread-1] INFO  server.RaftServerConfigKeys (ConfUtils.java:logGet(44)) - raft.server.log.statemachine.data.sync = true (default)
2022-04-27 10:51:58,721 [pool-109-thread-1] INFO  server.RaftServerConfigKeys (ConfUtils.java:logGet(44)) - raft.server.log.statemachine.data.sync.timeout = 10s (default)
2022-04-27 10:51:58,721 [pool-109-thread-1] INFO  server.RaftServerConfigKeys (ConfUtils.java:logGet(44)) - raft.server.log.statemachine.data.sync.timeout.retry = -1 (default)
2022-04-27 10:51:58,723 [pool-109-thread-1] INFO  server.RaftServerConfigKeys (ConfUtils.java:logGet(44)) - raft.server.log.write.buffer.size = 1048576 (custom)
2022-04-27 10:51:58,727 [pool-109-thread-1] INFO  server.RaftServerConfigKeys (ConfUtils.java:logGet(44)) - raft.server.log.statemachine.data.caching.enabled = true (custom)
2022-04-27 10:51:58,728 [pool-109-thread-1] INFO  segmented.SegmentedRaftLogWorker (SegmentedRaftLogWorker.java:lambda$new$0(133)) - 5305b34f-83d0-4be9-8032-f631ee150b78@group-21136E7CFE22-SegmentedRaftLogWorker: flushIndex: setUnconditionally 0 -> -1
2022-04-27 10:51:58,728 [pool-109-thread-1] INFO  segmented.SegmentedRaftLogWorker (SegmentedRaftLogWorker.java:lambda$new$0(133)) - 5305b34f-83d0-4be9-8032-f631ee150b78@group-21136E7CFE22-SegmentedRaftLogWorker: safeCacheEvictIndex: setUnconditionally 0 -> -1
2022-04-27 10:51:58,728 [pool-109-thread-1] INFO  server.RaftServerConfigKeys (ConfUtils.java:logGet(44)) - raft.server.snapshot.auto.trigger.enabled = true (custom)
2022-04-27 10:51:58,728 [pool-109-thread-1] INFO  server.RaftServerConfigKeys (ConfUtils.java:logGet(44)) - raft.server.snapshot.auto.trigger.threshold = 1 (custom)
2022-04-27 10:51:58,728 [pool-109-thread-1] INFO  server.RaftServerConfigKeys (ConfUtils.java:logGet(44)) - raft.server.snapshot.retention.file.num = 5 (custom)
2022-04-27 10:51:58,728 [pool-109-thread-1] INFO  server.RaftServerConfigKeys (ConfUtils.java:logGet(44)) - raft.server.log.purge.upto.snapshot.index = false (default)
2022-04-27 10:51:58,728 [pool-109-thread-1] INFO  server.RaftServerConfigKeys (ConfUtils.java:logGet(44)) - raft.server.retrycache.expirytime = 600000ms (custom)
2022-04-27 10:51:58,728 [EventQueue-PipelineReportForPipelineReportHandler] INFO  pipeline.PipelineManagerImpl (PipelineManagerImpl.java:openPipeline(328)) - Pipeline Pipeline[ Id: e2d981b6-22f8-4a7e-9e1d-21136e7cfe22, Nodes: 5305b34f-83d0-4be9-8032-f631ee150b78{ip: 10.1.0.29, host: fv-az270-423.tacnzluakwdehk1hpragurqkma.bx.internal.cloudapp.net, ports: [REPLICATION=45903, RATIS=34741, RATIS_ADMIN=34741, RATIS_SERVER=34741, STANDALONE=45233], networkLocation: /default-rack, certSerialId: null, persistedOpState: IN_SERVICE, persistedOpStateExpiryEpochSec: 0}, ReplicationConfig: RATIS/ONE, State:ALLOCATED, leaderId:5305b34f-83d0-4be9-8032-f631ee150b78, CreationTimestamp2022-04-27T10:51:55.702Z[Etc/UTC]] moved to OPEN state
2022-04-27 10:51:58,728 [pool-109-thread-1] INFO  server.RaftServerConfigKeys (ConfUtils.java:logGet(44)) - raft.server.retrycache.statistics.expirytime = 100μs (default)
2022-04-27 10:51:58,729 [EventQueue-OpenPipelineForHealthyPipelineSafeModeRule] INFO  safemode.SCMSafeModeManager (HealthyPipelineSafeModeRule.java:process(124)) - SCM in safe mode. Healthy pipelines reported count is 0, required healthy pipeline reported count is 1
2022-04-27 10:51:58,730 [pool-109-thread-1] INFO  server.RaftServer$Division (RaftServerImpl.java:start(301)) - 5305b34f-83d0-4be9-8032-f631ee150b78@group-7308F894FD3A: start as a follower, conf=-1: [5305b34f-83d0-4be9-8032-f631ee150b78|rpc:10.1.0.29:34741|dataStream:|priority:0, b4543bad-81d3-4f1d-9fc6-5e97dcd2d8eb|rpc:10.1.0.29:41129|dataStream:|priority:0, fb1b2524-5f72-4172-b06b-98bf8bab58d7|rpc:10.1.0.29:34621|dataStream:|priority:1], old=null
2022-04-27 10:51:58,737 [pool-109-thread-1] INFO  server.RaftServer$Division (RaftServerImpl.java:setRole(290)) - 5305b34f-83d0-4be9-8032-f631ee150b78@group-7308F894FD3A: changes role from      null to FOLLOWER at term 0 for startAsFollower
2022-04-27 10:51:58,737 [pool-109-thread-1] INFO  impl.RoleInfo (RoleInfo.java:updateAndGet(130)) - 5305b34f-83d0-4be9-8032-f631ee150b78: start 5305b34f-83d0-4be9-8032-f631ee150b78@group-7308F894FD3A-FollowerState
2022-04-27 10:51:58,737 [pool-109-thread-1] INFO  util.JmxRegister (JmxRegister.java:tryRegister(44)) - Successfully registered JMX Bean with object name Ratis:service=RaftServer,group=group-7308F894FD3A,id=5305b34f-83d0-4be9-8032-f631ee150b78
2022-04-27 10:51:58,751 [pool-109-thread-1] INFO  server.RaftServer$Division (RaftServerImpl.java:start(301)) - 5305b34f-83d0-4be9-8032-f631ee150b78@group-21136E7CFE22: start as a follower, conf=-1: [5305b34f-83d0-4be9-8032-f631ee150b78|rpc:10.1.0.29:34741|priority:1], old=null
2022-04-27 10:51:58,752 [pool-109-thread-1] INFO  server.RaftServer$Division (RaftServerImpl.java:setRole(290)) - 5305b34f-83d0-4be9-8032-f631ee150b78@group-21136E7CFE22: changes role from      null to FOLLOWER at term 0 for startAsFollower
2022-04-27 10:51:58,752 [pool-109-thread-1] INFO  impl.RoleInfo (RoleInfo.java:updateAndGet(130)) - 5305b34f-83d0-4be9-8032-f631ee150b78: start 5305b34f-83d0-4be9-8032-f631ee150b78@group-21136E7CFE22-FollowerState
2022-04-27 10:51:58,758 [pool-109-thread-1] INFO  util.JmxRegister (JmxRegister.java:tryRegister(44)) - Successfully registered JMX Bean with object name Ratis:service=RaftServer,group=group-21136E7CFE22,id=5305b34f-83d0-4be9-8032-f631ee150b78
2022-04-27 10:51:58,759 [EventQueue-OpenPipelineForHealthyPipelineSafeModeRule] INFO  safemode.SCMSafeModeManager (HealthyPipelineSafeModeRule.java:process(124)) - SCM in safe mode. Healthy pipelines reported count is 0, required healthy pipeline reported count is 1
2022-04-27 10:51:58,768 [Command processor thread] INFO  ratis.XceiverServerRatis (XceiverServerRatis.java:addGroup(765)) - Created group PipelineID=e2d981b6-22f8-4a7e-9e1d-21136e7cfe22
2022-04-27 10:51:58,768 [Command processor thread] INFO  commandhandler.CreatePipelineCommandHandler (CreatePipelineCommandHandler.java:handle(113)) - Created Pipeline RATIS ONE PipelineID=e2d981b6-22f8-4a7e-9e1d-21136e7cfe22.
2022-04-27 10:51:58,770 [Command processor thread] INFO  server.RaftServer (RaftServerProxy.java:addNew(95)) - 5305b34f-83d0-4be9-8032-f631ee150b78: addNew group-75AB1B4BA813:[5305b34f-83d0-4be9-8032-f631ee150b78|rpc:10.1.0.29:34741|priority:1, b4543bad-81d3-4f1d-9fc6-5e97dcd2d8eb|rpc:10.1.0.29:41129|priority:0, fb1b2524-5f72-4172-b06b-98bf8bab58d7|rpc:10.1.0.29:34621|priority:0] returns group-75AB1B4BA813:java.util.concurrent.CompletableFuture@2c119a6[Not completed]
2022-04-27 10:51:58,771 [pool-109-thread-1] INFO  server.RaftServer$Division (RaftServerImpl.java:<init>(184)) - 5305b34f-83d0-4be9-8032-f631ee150b78: new RaftServerImpl for group-75AB1B4BA813:[5305b34f-83d0-4be9-8032-f631ee150b78|rpc:10.1.0.29:34741|priority:1, b4543bad-81d3-4f1d-9fc6-5e97dcd2d8eb|rpc:10.1.0.29:41129|priority:0, fb1b2524-5f72-4172-b06b-98bf8bab58d7|rpc:10.1.0.29:34621|priority:0] with ContainerStateMachine:uninitialized
2022-04-27 10:51:58,771 [pool-109-thread-1] INFO  server.RaftServerConfigKeys (ConfUtils.java:logGet(44)) - raft.server.rpc.timeout.min = 5s (custom)
2022-04-27 10:51:58,771 [pool-109-thread-1] INFO  server.RaftServerConfigKeys (ConfUtils.java:logGet(44)) - raft.server.rpc.timeout.max = 5200ms (custom)
2022-04-27 10:51:58,771 [pool-109-thread-1] INFO  server.RaftServerConfigKeys (ConfUtils.java:logGet(44)) - raft.server.rpc.sleep.time = 25ms (default)
2022-04-27 10:51:58,771 [pool-109-thread-1] INFO  server.RaftServerConfigKeys (ConfUtils.java:logGet(44)) - raft.server.rpc.slowness.timeout = 300000ms (custom)
2022-04-27 10:51:58,771 [pool-109-thread-1] INFO  server.RaftServerConfigKeys (ConfUtils.java:logGet(44)) - raft.server.leaderelection.leader.step-down.wait-time = 10s (default)
2022-04-27 10:51:58,771 [pool-109-thread-1] INFO  server.RaftServerConfigKeys (ConfUtils.java:logGet(44)) - raft.server.sleep.deviation.threshold = 300ms (default)
2022-04-27 10:51:58,771 [pool-109-thread-1] INFO  server.RaftServerConfigKeys (ConfUtils.java:logGet(44)) - raft.server.log.appender.install.snapshot.enabled = false (custom)
2022-04-27 10:51:58,771 [pool-109-thread-1] INFO  server.RaftServer$Division (ServerState.java:<init>(105)) - 5305b34f-83d0-4be9-8032-f631ee150b78@group-75AB1B4BA813: ConfigurationManager, init=-1: [5305b34f-83d0-4be9-8032-f631ee150b78|rpc:10.1.0.29:34741|priority:1, b4543bad-81d3-4f1d-9fc6-5e97dcd2d8eb|rpc:10.1.0.29:41129|priority:0, fb1b2524-5f72-4172-b06b-98bf8bab58d7|rpc:10.1.0.29:34621|priority:0], old=null, confs=<EMPTY_MAP>
2022-04-27 10:51:58,771 [pool-109-thread-1] INFO  server.RaftServerConfigKeys (ConfUtils.java:logGet(44)) - raft.server.storage.dir = [/home/runner/work/ozone/ozone/hadoop-ozone/integration-test/target/test-dir/MiniOzoneClusterImpl-6fb830c9-5413-49cc-a625-6cf41c4e5c97/datanode-2/data/ratis] (custom)
2022-04-27 10:51:58,772 [pool-109-thread-1] INFO  server.RaftServerConfigKeys (ConfUtils.java:logGet(44)) - raft.server.log.corruption.policy = EXCEPTION (default)
2022-04-27 10:51:58,772 [pool-109-thread-1] INFO  server.RaftServerConfigKeys (ConfUtils.java:logGet(44)) - raft.server.storage.free-space.min = 0MB (=0) (default)
2022-04-27 10:51:58,772 [pool-109-thread-1] INFO  storage.RaftStorageDirectory (RaftStorageDirectoryImpl.java:analyzeStorage(135)) - The storage directory /home/runner/work/ozone/ozone/hadoop-ozone/integration-test/target/test-dir/MiniOzoneClusterImpl-6fb830c9-5413-49cc-a625-6cf41c4e5c97/datanode-2/data/ratis/8ca8e877-4856-4220-bb74-75ab1b4ba813 does not exist. Creating ...
2022-04-27 10:51:58,773 [pool-109-thread-1] INFO  storage.RaftStorageDirectory (RaftStorageDirectoryImpl.java:tryLock(230)) - Lock on /home/runner/work/ozone/ozone/hadoop-ozone/integration-test/target/test-dir/MiniOzoneClusterImpl-6fb830c9-5413-49cc-a625-6cf41c4e5c97/datanode-2/data/ratis/8ca8e877-4856-4220-bb74-75ab1b4ba813/in_use.lock acquired by nodename 2917@fv-az270-423
2022-04-27 10:51:58,775 [pool-109-thread-1] INFO  storage.RaftStorage (RaftStorageImpl.java:format(89)) - Storage directory /home/runner/work/ozone/ozone/hadoop-ozone/integration-test/target/test-dir/MiniOzoneClusterImpl-6fb830c9-5413-49cc-a625-6cf41c4e5c97/datanode-2/data/ratis/8ca8e877-4856-4220-bb74-75ab1b4ba813 has been successfully formatted.
2022-04-27 10:51:58,775 [pool-109-thread-1] INFO  ratis.ContainerStateMachine (ContainerStateMachine.java:loadSnapshot(236)) - group-75AB1B4BA813: The snapshot info is null. Setting the last applied indexto:(t:0, i:~)
2022-04-27 10:51:58,776 [pool-109-thread-1] INFO  server.RaftServerConfigKeys (ConfUtils.java:logGet(44)) - raft.server.notification.no-leader.timeout = 300000ms (custom)
2022-04-27 10:51:58,776 [pool-109-thread-1] INFO  server.RaftServerConfigKeys (ConfUtils.java:logGet(44)) - raft.server.log.use.memory = false (default)
2022-04-27 10:51:58,776 [pool-109-thread-1] INFO  server.RaftServerConfigKeys (ConfUtils.java:logGet(44)) - raft.server.log.purge.gap = 1000000 (custom)
2022-04-27 10:51:58,777 [EventQueue-OpenPipelineForHealthyPipelineSafeModeRule] INFO  safemode.SCMSafeModeManager (HealthyPipelineSafeModeRule.java:process(124)) - SCM in safe mode. Healthy pipelines reported count is 0, required healthy pipeline reported count is 1
2022-04-27 10:51:58,778 [pool-109-thread-1] INFO  server.RaftServerConfigKeys (ConfUtils.java:logGet(44)) - raft.server.log.appender.buffer.byte-limit = 33554432 (custom)
2022-04-27 10:51:58,779 [EventQueue-OpenPipelineForHealthyPipelineSafeModeRule] INFO  safemode.SCMSafeModeManager (HealthyPipelineSafeModeRule.java:process(124)) - SCM in safe mode. Healthy pipelines reported count is 0, required healthy pipeline reported count is 1
2022-04-27 10:51:58,779 [pool-109-thread-1] INFO  server.RaftServerConfigKeys (ConfUtils.java:logGet(44)) - raft.server.log.segment.size.max = 1048576 (custom)
2022-04-27 10:51:58,780 [pool-109-thread-1] INFO  server.RaftServerConfigKeys (ConfUtils.java:logGet(44)) - raft.server.log.segment.cache.num.max = 2 (custom)
2022-04-27 10:51:58,780 [pool-109-thread-1] INFO  server.RaftServerConfigKeys (ConfUtils.java:logGet(44)) - raft.server.log.segment.cache.size.max = 200MB (=209715200) (default)
2022-04-27 10:51:58,780 [pool-109-thread-1] INFO  segmented.SegmentedRaftLogWorker (SegmentedRaftLogWorker.java:<init>(182)) - new 5305b34f-83d0-4be9-8032-f631ee150b78@group-75AB1B4BA813-SegmentedRaftLogWorker for RaftStorageImpl:Storage Directory /home/runner/work/ozone/ozone/hadoop-ozone/integration-test/target/test-dir/MiniOzoneClusterImpl-6fb830c9-5413-49cc-a625-6cf41c4e5c97/datanode-2/data/ratis/8ca8e877-4856-4220-bb74-75ab1b4ba813
2022-04-27 10:51:58,780 [pool-109-thread-1] INFO  server.RaftServerConfigKeys (ConfUtils.java:logGet(44)) - raft.server.log.queue.byte-limit = 4294967296 (custom)
2022-04-27 10:51:58,780 [pool-109-thread-1] INFO  server.RaftServerConfigKeys (ConfUtils.java:logGet(44)) - raft.server.log.queue.element-limit = 1024 (custom)
2022-04-27 10:51:58,780 [pool-109-thread-1] INFO  server.RaftServerConfigKeys (ConfUtils.java:logGet(44)) - raft.server.log.segment.size.max = 1048576 (custom)
2022-04-27 10:51:58,780 [pool-109-thread-1] INFO  server.RaftServerConfigKeys (ConfUtils.java:logGet(44)) - raft.server.log.preallocated.size = 16384 (custom)
2022-04-27 10:51:58,780 [pool-109-thread-1] INFO  server.RaftServerConfigKeys (ConfUtils.java:logGet(44)) - raft.server.log.force.sync.num = 128 (default)
2022-04-27 10:51:58,780 [pool-109-thread-1] INFO  server.RaftServerConfigKeys (ConfUtils.java:logGet(44)) - raft.server.log.statemachine.data.sync = true (default)
2022-04-27 10:51:58,780 [pool-109-thread-1] INFO  server.RaftServerConfigKeys (ConfUtils.java:logGet(44)) - raft.server.log.statemachine.data.sync.timeout = 10s (default)
2022-04-27 10:51:58,780 [pool-109-thread-1] INFO  server.RaftServerConfigKeys (ConfUtils.java:logGet(44)) - raft.server.log.statemachine.data.sync.timeout.retry = -1 (default)
2022-04-27 10:51:58,781 [pool-109-thread-1] INFO  server.RaftServerConfigKeys (ConfUtils.java:logGet(44)) - raft.server.log.write.buffer.size = 1048576 (custom)
2022-04-27 10:51:58,782 [pool-109-thread-1] INFO  server.RaftServerConfigKeys (ConfUtils.java:logGet(44)) - raft.server.log.statemachine.data.caching.enabled = true (custom)
2022-04-27 10:51:58,782 [pool-109-thread-1] INFO  segmented.SegmentedRaftLogWorker (SegmentedRaftLogWorker.java:lambda$new$0(133)) - 5305b34f-83d0-4be9-8032-f631ee150b78@group-75AB1B4BA813-SegmentedRaftLogWorker: flushIndex: setUnconditionally 0 -> -1
2022-04-27 10:51:58,782 [pool-109-thread-1] INFO  segmented.SegmentedRaftLogWorker (SegmentedRaftLogWorker.java:lambda$new$0(133)) - 5305b34f-83d0-4be9-8032-f631ee150b78@group-75AB1B4BA813-SegmentedRaftLogWorker: safeCacheEvictIndex: setUnconditionally 0 -> -1
2022-04-27 10:51:58,783 [pool-109-thread-1] INFO  server.RaftServerConfigKeys (ConfUtils.java:logGet(44)) - raft.server.snapshot.auto.trigger.enabled = true (custom)
2022-04-27 10:51:58,784 [pool-109-thread-1] INFO  server.RaftServerConfigKeys (ConfUtils.java:logGet(44)) - raft.server.snapshot.auto.trigger.threshold = 1 (custom)
2022-04-27 10:51:58,784 [pool-109-thread-1] INFO  server.RaftServerConfigKeys (ConfUtils.java:logGet(44)) - raft.server.snapshot.retention.file.num = 5 (custom)
2022-04-27 10:51:58,784 [pool-109-thread-1] INFO  server.RaftServerConfigKeys (ConfUtils.java:logGet(44)) - raft.server.log.purge.upto.snapshot.index = false (default)
2022-04-27 10:51:58,784 [pool-109-thread-1] INFO  server.RaftServerConfigKeys (ConfUtils.java:logGet(44)) - raft.server.retrycache.expirytime = 600000ms (custom)
2022-04-27 10:51:58,784 [pool-109-thread-1] INFO  server.RaftServerConfigKeys (ConfUtils.java:logGet(44)) - raft.server.retrycache.statistics.expirytime = 100μs (default)
2022-04-27 10:51:58,785 [pool-109-thread-1] INFO  server.RaftServer$Division (RaftServerImpl.java:start(301)) - 5305b34f-83d0-4be9-8032-f631ee150b78@group-75AB1B4BA813: start as a follower, conf=-1: [5305b34f-83d0-4be9-8032-f631ee150b78|rpc:10.1.0.29:34741|priority:1, b4543bad-81d3-4f1d-9fc6-5e97dcd2d8eb|rpc:10.1.0.29:41129|priority:0, fb1b2524-5f72-4172-b06b-98bf8bab58d7|rpc:10.1.0.29:34621|priority:0], old=null
2022-04-27 10:51:58,785 [pool-109-thread-1] INFO  server.RaftServer$Division (RaftServerImpl.java:setRole(290)) - 5305b34f-83d0-4be9-8032-f631ee150b78@group-75AB1B4BA813: changes role from      null to FOLLOWER at term 0 for startAsFollower
2022-04-27 10:51:58,785 [pool-109-thread-1] INFO  impl.RoleInfo (RoleInfo.java:updateAndGet(130)) - 5305b34f-83d0-4be9-8032-f631ee150b78: start 5305b34f-83d0-4be9-8032-f631ee150b78@group-75AB1B4BA813-FollowerState
2022-04-27 10:51:58,786 [pool-109-thread-1] INFO  util.JmxRegister (JmxRegister.java:tryRegister(44)) - Successfully registered JMX Bean with object name Ratis:service=RaftServer,group=group-75AB1B4BA813,id=5305b34f-83d0-4be9-8032-f631ee150b78
2022-04-27 10:51:58,787 [Command processor thread] INFO  ratis.XceiverServerRatis (XceiverServerRatis.java:addGroup(765)) - Created group PipelineID=8ca8e877-4856-4220-bb74-75ab1b4ba813
2022-04-27 10:51:58,849 [grpc-default-executor-0] INFO  server.RaftServer (RaftServerProxy.java:addNew(95)) - b4543bad-81d3-4f1d-9fc6-5e97dcd2d8eb: addNew group-75AB1B4BA813:[5305b34f-83d0-4be9-8032-f631ee150b78|rpc:10.1.0.29:34741|dataStream:|priority:1, b4543bad-81d3-4f1d-9fc6-5e97dcd2d8eb|rpc:10.1.0.29:41129|dataStream:|priority:0, fb1b2524-5f72-4172-b06b-98bf8bab58d7|rpc:10.1.0.29:34621|dataStream:|priority:0] returns group-75AB1B4BA813:java.util.concurrent.CompletableFuture@2b9a888[Not completed]
2022-04-27 10:51:58,850 [pool-67-thread-1] INFO  server.RaftServer$Division (RaftServerImpl.java:<init>(184)) - b4543bad-81d3-4f1d-9fc6-5e97dcd2d8eb: new RaftServerImpl for group-75AB1B4BA813:[5305b34f-83d0-4be9-8032-f631ee150b78|rpc:10.1.0.29:34741|dataStream:|priority:1, b4543bad-81d3-4f1d-9fc6-5e97dcd2d8eb|rpc:10.1.0.29:41129|dataStream:|priority:0, fb1b2524-5f72-4172-b06b-98bf8bab58d7|rpc:10.1.0.29:34621|dataStream:|priority:0] with ContainerStateMachine:uninitialized
2022-04-27 10:51:58,850 [pool-67-thread-1] INFO  server.RaftServerConfigKeys (ConfUtils.java:logGet(44)) - raft.server.rpc.timeout.min = 5s (custom)
2022-04-27 10:51:58,850 [pool-67-thread-1] INFO  server.RaftServerConfigKeys (ConfUtils.java:logGet(44)) - raft.server.rpc.timeout.max = 5200ms (custom)
2022-04-27 10:51:58,850 [pool-67-thread-1] INFO  server.RaftServerConfigKeys (ConfUtils.java:logGet(44)) - raft.server.rpc.sleep.time = 25ms (default)
2022-04-27 10:51:58,850 [pool-67-thread-1] INFO  server.RaftServerConfigKeys (ConfUtils.java:logGet(44)) - raft.server.rpc.slowness.timeout = 300000ms (custom)
2022-04-27 10:51:58,850 [pool-67-thread-1] INFO  server.RaftServerConfigKeys (ConfUtils.java:logGet(44)) - raft.server.leaderelection.leader.step-down.wait-time = 10s (default)
2022-04-27 10:51:58,850 [pool-67-thread-1] INFO  server.RaftServerConfigKeys (ConfUtils.java:logGet(44)) - raft.server.sleep.deviation.threshold = 300ms (default)
2022-04-27 10:51:58,850 [pool-67-thread-1] INFO  server.RaftServerConfigKeys (ConfUtils.java:logGet(44)) - raft.server.log.appender.install.snapshot.enabled = false (custom)
2022-04-27 10:51:58,850 [pool-67-thread-1] INFO  server.RaftServer$Division (ServerState.java:<init>(105)) - b4543bad-81d3-4f1d-9fc6-5e97dcd2d8eb@group-75AB1B4BA813: ConfigurationManager, init=-1: [5305b34f-83d0-4be9-8032-f631ee150b78|rpc:10.1.0.29:34741|dataStream:|priority:1, b4543bad-81d3-4f1d-9fc6-5e97dcd2d8eb|rpc:10.1.0.29:41129|dataStream:|priority:0, fb1b2524-5f72-4172-b06b-98bf8bab58d7|rpc:10.1.0.29:34621|dataStream:|priority:0], old=null, confs=<EMPTY_MAP>
2022-04-27 10:51:58,851 [pool-67-thread-1] INFO  server.RaftServerConfigKeys (ConfUtils.java:logGet(44)) - raft.server.storage.dir = [/home/runner/work/ozone/ozone/hadoop-ozone/integration-test/target/test-dir/MiniOzoneClusterImpl-6fb830c9-5413-49cc-a625-6cf41c4e5c97/datanode-0/data/ratis] (custom)
2022-04-27 10:51:58,851 [pool-67-thread-1] INFO  server.RaftServerConfigKeys (ConfUtils.java:logGet(44)) - raft.server.log.corruption.policy = EXCEPTION (default)
2022-04-27 10:51:58,852 [pool-67-thread-1] INFO  server.RaftServerConfigKeys (ConfUtils.java:logGet(44)) - raft.server.storage.free-space.min = 0MB (=0) (default)
2022-04-27 10:51:58,852 [pool-67-thread-1] INFO  storage.RaftStorageDirectory (RaftStorageDirectoryImpl.java:analyzeStorage(135)) - The storage directory /home/runner/work/ozone/ozone/hadoop-ozone/integration-test/target/test-dir/MiniOzoneClusterImpl-6fb830c9-5413-49cc-a625-6cf41c4e5c97/datanode-0/data/ratis/8ca8e877-4856-4220-bb74-75ab1b4ba813 does not exist. Creating ...
2022-04-27 10:51:58,855 [pool-67-thread-1] INFO  storage.RaftStorageDirectory (RaftStorageDirectoryImpl.java:tryLock(230)) - Lock on /home/runner/work/ozone/ozone/hadoop-ozone/integration-test/target/test-dir/MiniOzoneClusterImpl-6fb830c9-5413-49cc-a625-6cf41c4e5c97/datanode-0/data/ratis/8ca8e877-4856-4220-bb74-75ab1b4ba813/in_use.lock acquired by nodename 2917@fv-az270-423
2022-04-27 10:51:58,857 [pool-67-thread-1] INFO  storage.RaftStorage (RaftStorageImpl.java:format(89)) - Storage directory /home/runner/work/ozone/ozone/hadoop-ozone/integration-test/target/test-dir/MiniOzoneClusterImpl-6fb830c9-5413-49cc-a625-6cf41c4e5c97/datanode-0/data/ratis/8ca8e877-4856-4220-bb74-75ab1b4ba813 has been successfully formatted.
2022-04-27 10:51:58,864 [pool-67-thread-1] INFO  ratis.ContainerStateMachine (ContainerStateMachine.java:loadSnapshot(236)) - group-75AB1B4BA813: The snapshot info is null. Setting the last applied indexto:(t:0, i:~)
2022-04-27 10:51:58,864 [pool-67-thread-1] INFO  server.RaftServerConfigKeys (ConfUtils.java:logGet(44)) - raft.server.notification.no-leader.timeout = 300000ms (custom)
2022-04-27 10:51:58,864 [pool-67-thread-1] INFO  server.RaftServerConfigKeys (ConfUtils.java:logGet(44)) - raft.server.log.use.memory = false (default)
2022-04-27 10:51:58,864 [pool-67-thread-1] INFO  server.RaftServerConfigKeys (ConfUtils.java:logGet(44)) - raft.server.log.purge.gap = 1000000 (custom)
2022-04-27 10:51:58,864 [pool-67-thread-1] INFO  server.RaftServerConfigKeys (ConfUtils.java:logGet(44)) - raft.server.log.appender.buffer.byte-limit = 33554432 (custom)
2022-04-27 10:51:58,865 [pool-67-thread-1] INFO  server.RaftServerConfigKeys (ConfUtils.java:logGet(44)) - raft.server.log.segment.size.max = 1048576 (custom)
2022-04-27 10:51:58,865 [pool-67-thread-1] INFO  server.RaftServerConfigKeys (ConfUtils.java:logGet(44)) - raft.server.log.segment.cache.num.max = 2 (custom)
2022-04-27 10:51:58,865 [pool-67-thread-1] INFO  server.RaftServerConfigKeys (ConfUtils.java:logGet(44)) - raft.server.log.segment.cache.size.max = 200MB (=209715200) (default)
2022-04-27 10:51:58,865 [pool-67-thread-1] INFO  segmented.SegmentedRaftLogWorker (SegmentedRaftLogWorker.java:<init>(182)) - new b4543bad-81d3-4f1d-9fc6-5e97dcd2d8eb@group-75AB1B4BA813-SegmentedRaftLogWorker for RaftStorageImpl:Storage Directory /home/runner/work/ozone/ozone/hadoop-ozone/integration-test/target/test-dir/MiniOzoneClusterImpl-6fb830c9-5413-49cc-a625-6cf41c4e5c97/datanode-0/data/ratis/8ca8e877-4856-4220-bb74-75ab1b4ba813
2022-04-27 10:51:58,865 [pool-67-thread-1] INFO  server.RaftServerConfigKeys (ConfUtils.java:logGet(44)) - raft.server.log.queue.byte-limit = 4294967296 (custom)
2022-04-27 10:51:58,865 [pool-67-thread-1] INFO  server.RaftServerConfigKeys (ConfUtils.java:logGet(44)) - raft.server.log.queue.element-limit = 1024 (custom)
2022-04-27 10:51:58,865 [pool-67-thread-1] INFO  server.RaftServerConfigKeys (ConfUtils.java:logGet(44)) - raft.server.log.segment.size.max = 1048576 (custom)
2022-04-27 10:51:58,865 [pool-67-thread-1] INFO  server.RaftServerConfigKeys (ConfUtils.java:logGet(44)) - raft.server.log.preallocated.size = 16384 (custom)
2022-04-27 10:51:58,865 [pool-67-thread-1] INFO  server.RaftServerConfigKeys (ConfUtils.java:logGet(44)) - raft.server.log.force.sync.num = 128 (default)
2022-04-27 10:51:58,865 [pool-67-thread-1] INFO  server.RaftServerConfigKeys (ConfUtils.java:logGet(44)) - raft.server.log.statemachine.data.sync = true (default)
2022-04-27 10:51:58,866 [pool-67-thread-1] INFO  server.RaftServerConfigKeys (ConfUtils.java:logGet(44)) - raft.server.log.statemachine.data.sync.timeout = 10s (default)
2022-04-27 10:51:58,866 [pool-67-thread-1] INFO  server.RaftServerConfigKeys (ConfUtils.java:logGet(44)) - raft.server.log.statemachine.data.sync.timeout.retry = -1 (default)
2022-04-27 10:51:58,867 [pool-67-thread-1] INFO  server.RaftServerConfigKeys (ConfUtils.java:logGet(44)) - raft.server.log.write.buffer.size = 1048576 (custom)
2022-04-27 10:51:58,867 [pool-67-thread-1] INFO  server.RaftServerConfigKeys (ConfUtils.java:logGet(44)) - raft.server.log.statemachine.data.caching.enabled = true (custom)
2022-04-27 10:51:58,867 [pool-67-thread-1] INFO  segmented.SegmentedRaftLogWorker (SegmentedRaftLogWorker.java:lambda$new$0(133)) - b4543bad-81d3-4f1d-9fc6-5e97dcd2d8eb@group-75AB1B4BA813-SegmentedRaftLogWorker: flushIndex: setUnconditionally 0 -> -1
2022-04-27 10:51:58,867 [pool-67-thread-1] INFO  segmented.SegmentedRaftLogWorker (SegmentedRaftLogWorker.java:lambda$new$0(133)) - b4543bad-81d3-4f1d-9fc6-5e97dcd2d8eb@group-75AB1B4BA813-SegmentedRaftLogWorker: safeCacheEvictIndex: setUnconditionally 0 -> -1
2022-04-27 10:51:58,870 [EventQueue-OpenPipelineForHealthyPipelineSafeModeRule] INFO  safemode.SCMSafeModeManager (HealthyPipelineSafeModeRule.java:process(124)) - SCM in safe mode. Healthy pipelines reported count is 0, required healthy pipeline reported count is 1
2022-04-27 10:51:58,875 [pool-67-thread-1] INFO  server.RaftServerConfigKeys (ConfUtils.java:logGet(44)) - raft.server.snapshot.auto.trigger.enabled = true (custom)
2022-04-27 10:51:58,875 [pool-67-thread-1] INFO  server.RaftServerConfigKeys (ConfUtils.java:logGet(44)) - raft.server.snapshot.auto.trigger.threshold = 1 (custom)
2022-04-27 10:51:58,876 [pool-67-thread-1] INFO  server.RaftServerConfigKeys (ConfUtils.java:logGet(44)) - raft.server.snapshot.retention.file.num = 5 (custom)
2022-04-27 10:51:58,876 [pool-67-thread-1] INFO  server.RaftServerConfigKeys (ConfUtils.java:logGet(44)) - raft.server.log.purge.upto.snapshot.index = false (default)
2022-04-27 10:51:58,876 [pool-67-thread-1] INFO  server.RaftServerConfigKeys (ConfUtils.java:logGet(44)) - raft.server.retrycache.expirytime = 600000ms (custom)
2022-04-27 10:51:58,876 [pool-67-thread-1] INFO  server.RaftServerConfigKeys (ConfUtils.java:logGet(44)) - raft.server.retrycache.statistics.expirytime = 100μs (default)
2022-04-27 10:51:58,877 [pool-67-thread-1] INFO  server.RaftServer$Division (RaftServerImpl.java:start(301)) - b4543bad-81d3-4f1d-9fc6-5e97dcd2d8eb@group-75AB1B4BA813: start as a follower, conf=-1: [5305b34f-83d0-4be9-8032-f631ee150b78|rpc:10.1.0.29:34741|dataStream:|priority:1, b4543bad-81d3-4f1d-9fc6-5e97dcd2d8eb|rpc:10.1.0.29:41129|dataStream:|priority:0, fb1b2524-5f72-4172-b06b-98bf8bab58d7|rpc:10.1.0.29:34621|dataStream:|priority:0], old=null
2022-04-27 10:51:58,877 [pool-67-thread-1] INFO  server.RaftServer$Division (RaftServerImpl.java:setRole(290)) - b4543bad-81d3-4f1d-9fc6-5e97dcd2d8eb@group-75AB1B4BA813: changes role from      null to FOLLOWER at term 0 for startAsFollower
2022-04-27 10:51:58,877 [pool-67-thread-1] INFO  impl.RoleInfo (RoleInfo.java:updateAndGet(130)) - b4543bad-81d3-4f1d-9fc6-5e97dcd2d8eb: start b4543bad-81d3-4f1d-9fc6-5e97dcd2d8eb@group-75AB1B4BA813-FollowerState
2022-04-27 10:51:58,878 [pool-67-thread-1] INFO  util.JmxRegister (JmxRegister.java:tryRegister(44)) - Successfully registered JMX Bean with object name Ratis:service=RaftServer,group=group-75AB1B4BA813,id=b4543bad-81d3-4f1d-9fc6-5e97dcd2d8eb
2022-04-27 10:51:58,889 [Command processor thread] INFO  commandhandler.CreatePipelineCommandHandler (CreatePipelineCommandHandler.java:handle(113)) - Created Pipeline RATIS THREE PipelineID=7f2d013c-276b-4407-99e7-7308f894fd3a.
2022-04-27 10:51:58,889 [Command processor thread] INFO  server.RaftServer (RaftServerProxy.java:addNew(95)) - fb1b2524-5f72-4172-b06b-98bf8bab58d7: addNew group-75AB1B4BA813:[5305b34f-83d0-4be9-8032-f631ee150b78|rpc:10.1.0.29:34741|priority:1, b4543bad-81d3-4f1d-9fc6-5e97dcd2d8eb|rpc:10.1.0.29:41129|priority:0, fb1b2524-5f72-4172-b06b-98bf8bab58d7|rpc:10.1.0.29:34621|priority:0] returns group-75AB1B4BA813:java.util.concurrent.CompletableFuture@15bdccdb[Not completed]
2022-04-27 10:51:58,890 [pool-88-thread-1] INFO  server.RaftServer$Division (RaftServerImpl.java:<init>(184)) - fb1b2524-5f72-4172-b06b-98bf8bab58d7: new RaftServerImpl for group-75AB1B4BA813:[5305b34f-83d0-4be9-8032-f631ee150b78|rpc:10.1.0.29:34741|priority:1, b4543bad-81d3-4f1d-9fc6-5e97dcd2d8eb|rpc:10.1.0.29:41129|priority:0, fb1b2524-5f72-4172-b06b-98bf8bab58d7|rpc:10.1.0.29:34621|priority:0] with ContainerStateMachine:uninitialized
2022-04-27 10:51:58,891 [pool-88-thread-1] INFO  server.RaftServerConfigKeys (ConfUtils.java:logGet(44)) - raft.server.rpc.timeout.min = 5s (custom)
2022-04-27 10:51:58,891 [pool-88-thread-1] INFO  server.RaftServerConfigKeys (ConfUtils.java:logGet(44)) - raft.server.rpc.timeout.max = 5200ms (custom)
2022-04-27 10:51:58,891 [pool-88-thread-1] INFO  server.RaftServerConfigKeys (ConfUtils.java:logGet(44)) - raft.server.rpc.sleep.time = 25ms (default)
2022-04-27 10:51:58,891 [pool-88-thread-1] INFO  server.RaftServerConfigKeys (ConfUtils.java:logGet(44)) - raft.server.rpc.slowness.timeout = 300000ms (custom)
2022-04-27 10:51:58,891 [pool-88-thread-1] INFO  server.RaftServerConfigKeys (ConfUtils.java:logGet(44)) - raft.server.leaderelection.leader.step-down.wait-time = 10s (default)
2022-04-27 10:51:58,891 [pool-88-thread-1] INFO  server.RaftServerConfigKeys (ConfUtils.java:logGet(44)) - raft.server.sleep.deviation.threshold = 300ms (default)
2022-04-27 10:51:58,891 [pool-88-thread-1] INFO  server.RaftServerConfigKeys (ConfUtils.java:logGet(44)) - raft.server.log.appender.install.snapshot.enabled = false (custom)
2022-04-27 10:51:58,891 [pool-88-thread-1] INFO  server.RaftServer$Division (ServerState.java:<init>(105)) - fb1b2524-5f72-4172-b06b-98bf8bab58d7@group-75AB1B4BA813: ConfigurationManager, init=-1: [5305b34f-83d0-4be9-8032-f631ee150b78|rpc:10.1.0.29:34741|priority:1, b4543bad-81d3-4f1d-9fc6-5e97dcd2d8eb|rpc:10.1.0.29:41129|priority:0, fb1b2524-5f72-4172-b06b-98bf8bab58d7|rpc:10.1.0.29:34621|priority:0], old=null, confs=<EMPTY_MAP>
2022-04-27 10:51:58,891 [pool-88-thread-1] INFO  server.RaftServerConfigKeys (ConfUtils.java:logGet(44)) - raft.server.storage.dir = [/home/runner/work/ozone/ozone/hadoop-ozone/integration-test/target/test-dir/MiniOzoneClusterImpl-6fb830c9-5413-49cc-a625-6cf41c4e5c97/datanode-1/data/ratis] (custom)
2022-04-27 10:51:58,891 [pool-88-thread-1] INFO  server.RaftServerConfigKeys (ConfUtils.java:logGet(44)) - raft.server.log.corruption.policy = EXCEPTION (default)
2022-04-27 10:51:58,891 [pool-88-thread-1] INFO  server.RaftServerConfigKeys (ConfUtils.java:logGet(44)) - raft.server.storage.free-space.min = 0MB (=0) (default)
2022-04-27 10:51:58,891 [pool-88-thread-1] INFO  storage.RaftStorageDirectory (RaftStorageDirectoryImpl.java:analyzeStorage(135)) - The storage directory /home/runner/work/ozone/ozone/hadoop-ozone/integration-test/target/test-dir/MiniOzoneClusterImpl-6fb830c9-5413-49cc-a625-6cf41c4e5c97/datanode-1/data/ratis/8ca8e877-4856-4220-bb74-75ab1b4ba813 does not exist. Creating ...
2022-04-27 10:51:58,893 [pool-88-thread-1] INFO  storage.RaftStorageDirectory (RaftStorageDirectoryImpl.java:tryLock(230)) - Lock on /home/runner/work/ozone/ozone/hadoop-ozone/integration-test/target/test-dir/MiniOzoneClusterImpl-6fb830c9-5413-49cc-a625-6cf41c4e5c97/datanode-1/data/ratis/8ca8e877-4856-4220-bb74-75ab1b4ba813/in_use.lock acquired by nodename 2917@fv-az270-423
2022-04-27 10:51:58,895 [pool-88-thread-1] INFO  storage.RaftStorage (RaftStorageImpl.java:format(89)) - Storage directory /home/runner/work/ozone/ozone/hadoop-ozone/integration-test/target/test-dir/MiniOzoneClusterImpl-6fb830c9-5413-49cc-a625-6cf41c4e5c97/datanode-1/data/ratis/8ca8e877-4856-4220-bb74-75ab1b4ba813 has been successfully formatted.
2022-04-27 10:51:58,895 [pool-88-thread-1] INFO  ratis.ContainerStateMachine (ContainerStateMachine.java:loadSnapshot(236)) - group-75AB1B4BA813: The snapshot info is null. Setting the last applied indexto:(t:0, i:~)
2022-04-27 10:51:58,895 [pool-88-thread-1] INFO  server.RaftServerConfigKeys (ConfUtils.java:logGet(44)) - raft.server.notification.no-leader.timeout = 300000ms (custom)
2022-04-27 10:51:58,895 [pool-88-thread-1] INFO  server.RaftServerConfigKeys (ConfUtils.java:logGet(44)) - raft.server.log.use.memory = false (default)
2022-04-27 10:51:58,895 [pool-88-thread-1] INFO  server.RaftServerConfigKeys (ConfUtils.java:logGet(44)) - raft.server.log.purge.gap = 1000000 (custom)
2022-04-27 10:51:58,895 [pool-88-thread-1] INFO  server.RaftServerConfigKeys (ConfUtils.java:logGet(44)) - raft.server.log.appender.buffer.byte-limit = 33554432 (custom)
2022-04-27 10:51:58,896 [pool-88-thread-1] INFO  server.RaftServerConfigKeys (ConfUtils.java:logGet(44)) - raft.server.log.segment.size.max = 1048576 (custom)
2022-04-27 10:51:58,897 [EventQueue-OpenPipelineForHealthyPipelineSafeModeRule] INFO  safemode.SCMSafeModeManager (HealthyPipelineSafeModeRule.java:process(124)) - SCM in safe mode. Healthy pipelines reported count is 0, required healthy pipeline reported count is 1
2022-04-27 10:51:58,900 [pool-88-thread-1] INFO  server.RaftServerConfigKeys (ConfUtils.java:logGet(44)) - raft.server.log.segment.cache.num.max = 2 (custom)
2022-04-27 10:51:58,900 [pool-88-thread-1] INFO  server.RaftServerConfigKeys (ConfUtils.java:logGet(44)) - raft.server.log.segment.cache.size.max = 200MB (=209715200) (default)
2022-04-27 10:51:58,900 [pool-88-thread-1] INFO  segmented.SegmentedRaftLogWorker (SegmentedRaftLogWorker.java:<init>(182)) - new fb1b2524-5f72-4172-b06b-98bf8bab58d7@group-75AB1B4BA813-SegmentedRaftLogWorker for RaftStorageImpl:Storage Directory /home/runner/work/ozone/ozone/hadoop-ozone/integration-test/target/test-dir/MiniOzoneClusterImpl-6fb830c9-5413-49cc-a625-6cf41c4e5c97/datanode-1/data/ratis/8ca8e877-4856-4220-bb74-75ab1b4ba813
2022-04-27 10:51:58,900 [pool-88-thread-1] INFO  server.RaftServerConfigKeys (ConfUtils.java:logGet(44)) - raft.server.log.queue.byte-limit = 4294967296 (custom)
2022-04-27 10:51:58,900 [pool-88-thread-1] INFO  server.RaftServerConfigKeys (ConfUtils.java:logGet(44)) - raft.server.log.queue.element-limit = 1024 (custom)
2022-04-27 10:51:58,900 [pool-88-thread-1] INFO  server.RaftServerConfigKeys (ConfUtils.java:logGet(44)) - raft.server.log.segment.size.max = 1048576 (custom)
2022-04-27 10:51:58,900 [pool-88-thread-1] INFO  server.RaftServerConfigKeys (ConfUtils.java:logGet(44)) - raft.server.log.preallocated.size = 16384 (custom)
2022-04-27 10:51:58,900 [pool-88-thread-1] INFO  server.RaftServerConfigKeys (ConfUtils.java:logGet(44)) - raft.server.log.force.sync.num = 128 (default)
2022-04-27 10:51:58,900 [pool-88-thread-1] INFO  server.RaftServerConfigKeys (ConfUtils.java:logGet(44)) - raft.server.log.statemachine.data.sync = true (default)
2022-04-27 10:51:58,900 [pool-88-thread-1] INFO  server.RaftServerConfigKeys (ConfUtils.java:logGet(44)) - raft.server.log.statemachine.data.sync.timeout = 10s (default)
2022-04-27 10:51:58,900 [pool-88-thread-1] INFO  server.RaftServerConfigKeys (ConfUtils.java:logGet(44)) - raft.server.log.statemachine.data.sync.timeout.retry = -1 (default)
2022-04-27 10:51:58,901 [pool-88-thread-1] INFO  server.RaftServerConfigKeys (ConfUtils.java:logGet(44)) - raft.server.log.write.buffer.size = 1048576 (custom)
2022-04-27 10:51:58,902 [pool-88-thread-1] INFO  server.RaftServerConfigKeys (ConfUtils.java:logGet(44)) - raft.server.log.statemachine.data.caching.enabled = true (custom)
2022-04-27 10:51:58,902 [pool-88-thread-1] INFO  segmented.SegmentedRaftLogWorker (SegmentedRaftLogWorker.java:lambda$new$0(133)) - fb1b2524-5f72-4172-b06b-98bf8bab58d7@group-75AB1B4BA813-SegmentedRaftLogWorker: flushIndex: setUnconditionally 0 -> -1
2022-04-27 10:51:58,902 [pool-88-thread-1] INFO  segmented.SegmentedRaftLogWorker (SegmentedRaftLogWorker.java:lambda$new$0(133)) - fb1b2524-5f72-4172-b06b-98bf8bab58d7@group-75AB1B4BA813-SegmentedRaftLogWorker: safeCacheEvictIndex: setUnconditionally 0 -> -1
2022-04-27 10:51:58,908 [Command processor thread] INFO  commandhandler.CreatePipelineCommandHandler (CreatePipelineCommandHandler.java:handle(113)) - Created Pipeline RATIS THREE PipelineID=7f2d013c-276b-4407-99e7-7308f894fd3a.
2022-04-27 10:51:58,910 [pool-88-thread-1] INFO  server.RaftServerConfigKeys (ConfUtils.java:logGet(44)) - raft.server.snapshot.auto.trigger.enabled = true (custom)
2022-04-27 10:51:58,910 [pool-88-thread-1] INFO  server.RaftServerConfigKeys (ConfUtils.java:logGet(44)) - raft.server.snapshot.auto.trigger.threshold = 1 (custom)
2022-04-27 10:51:58,910 [pool-88-thread-1] INFO  server.RaftServerConfigKeys (ConfUtils.java:logGet(44)) - raft.server.snapshot.retention.file.num = 5 (custom)
2022-04-27 10:51:58,910 [pool-88-thread-1] INFO  server.RaftServerConfigKeys (ConfUtils.java:logGet(44)) - raft.server.log.purge.upto.snapshot.index = false (default)
2022-04-27 10:51:58,910 [pool-88-thread-1] INFO  server.RaftServerConfigKeys (ConfUtils.java:logGet(44)) - raft.server.retrycache.expirytime = 600000ms (custom)
2022-04-27 10:51:58,910 [pool-88-thread-1] INFO  server.RaftServerConfigKeys (ConfUtils.java:logGet(44)) - raft.server.retrycache.statistics.expirytime = 100μs (default)
2022-04-27 10:51:58,922 [pool-88-thread-1] INFO  server.RaftServer$Division (RaftServerImpl.java:start(301)) - fb1b2524-5f72-4172-b06b-98bf8bab58d7@group-75AB1B4BA813: start as a follower, conf=-1: [5305b34f-83d0-4be9-8032-f631ee150b78|rpc:10.1.0.29:34741|priority:1, b4543bad-81d3-4f1d-9fc6-5e97dcd2d8eb|rpc:10.1.0.29:41129|priority:0, fb1b2524-5f72-4172-b06b-98bf8bab58d7|rpc:10.1.0.29:34621|priority:0], old=null
2022-04-27 10:51:58,922 [pool-88-thread-1] INFO  server.RaftServer$Division (RaftServerImpl.java:setRole(290)) - fb1b2524-5f72-4172-b06b-98bf8bab58d7@group-75AB1B4BA813: changes role from      null to FOLLOWER at term 0 for startAsFollower
2022-04-27 10:51:58,922 [pool-88-thread-1] INFO  impl.RoleInfo (RoleInfo.java:updateAndGet(130)) - fb1b2524-5f72-4172-b06b-98bf8bab58d7: start fb1b2524-5f72-4172-b06b-98bf8bab58d7@group-75AB1B4BA813-FollowerState
2022-04-27 10:51:58,926 [pool-88-thread-1] INFO  util.JmxRegister (JmxRegister.java:tryRegister(44)) - Successfully registered JMX Bean with object name Ratis:service=RaftServer,group=group-75AB1B4BA813,id=fb1b2524-5f72-4172-b06b-98bf8bab58d7
2022-04-27 10:51:58,927 [Command processor thread] INFO  ratis.XceiverServerRatis (XceiverServerRatis.java:addGroup(765)) - Created group PipelineID=8ca8e877-4856-4220-bb74-75ab1b4ba813
2022-04-27 10:51:58,960 [Command processor thread] INFO  commandhandler.CreatePipelineCommandHandler (CreatePipelineCommandHandler.java:handle(113)) - Created Pipeline RATIS THREE PipelineID=8ca8e877-4856-4220-bb74-75ab1b4ba813.
2022-04-27 10:51:58,988 [Command processor thread] INFO  commandhandler.CreatePipelineCommandHandler (CreatePipelineCommandHandler.java:handle(113)) - Created Pipeline RATIS THREE PipelineID=8ca8e877-4856-4220-bb74-75ab1b4ba813.
2022-04-27 10:51:59,069 [EventQueue-OpenPipelineForHealthyPipelineSafeModeRule] INFO  safemode.SCMSafeModeManager (HealthyPipelineSafeModeRule.java:process(124)) - SCM in safe mode. Healthy pipelines reported count is 0, required healthy pipeline reported count is 1
2022-04-27 10:51:59,097 [EventQueue-OpenPipelineForHealthyPipelineSafeModeRule] INFO  safemode.SCMSafeModeManager (HealthyPipelineSafeModeRule.java:process(124)) - SCM in safe mode. Healthy pipelines reported count is 0, required healthy pipeline reported count is 1
2022-04-27 10:51:59,137 [Command processor thread] INFO  server.RaftServer (RaftServerProxy.java:addNew(95)) - 6f2ed759-dfb9-4419-9191-8597321ac421: addNew group-AC163A07DF08:[6f2ed759-dfb9-4419-9191-8597321ac421|rpc:10.1.0.29:39501|priority:1] returns group-AC163A07DF08:java.util.concurrent.CompletableFuture@7b276f8a[Not completed]
2022-04-27 10:51:59,138 [pool-130-thread-1] INFO  server.RaftServer$Division (RaftServerImpl.java:<init>(184)) - 6f2ed759-dfb9-4419-9191-8597321ac421: new RaftServerImpl for group-AC163A07DF08:[6f2ed759-dfb9-4419-9191-8597321ac421|rpc:10.1.0.29:39501|priority:1] with ContainerStateMachine:uninitialized
2022-04-27 10:51:59,139 [pool-130-thread-1] INFO  server.RaftServerConfigKeys (ConfUtils.java:logGet(44)) - raft.server.rpc.timeout.min = 5s (custom)
2022-04-27 10:51:59,139 [pool-130-thread-1] INFO  server.RaftServerConfigKeys (ConfUtils.java:logGet(44)) - raft.server.rpc.timeout.max = 5200ms (custom)
2022-04-27 10:51:59,139 [pool-130-thread-1] INFO  server.RaftServerConfigKeys (ConfUtils.java:logGet(44)) - raft.server.rpc.sleep.time = 25ms (default)
2022-04-27 10:51:59,139 [pool-130-thread-1] INFO  server.RaftServerConfigKeys (ConfUtils.java:logGet(44)) - raft.server.rpc.slowness.timeout = 300000ms (custom)
2022-04-27 10:51:59,139 [pool-130-thread-1] INFO  server.RaftServerConfigKeys (ConfUtils.java:logGet(44)) - raft.server.leaderelection.leader.step-down.wait-time = 10s (default)
2022-04-27 10:51:59,139 [pool-130-thread-1] INFO  server.RaftServerConfigKeys (ConfUtils.java:logGet(44)) - raft.server.sleep.deviation.threshold = 300ms (default)
2022-04-27 10:51:59,139 [pool-130-thread-1] INFO  server.RaftServerConfigKeys (ConfUtils.java:logGet(44)) - raft.server.log.appender.install.snapshot.enabled = false (custom)
2022-04-27 10:51:59,141 [pool-130-thread-1] INFO  server.RaftServer$Division (ServerState.java:<init>(105)) - 6f2ed759-dfb9-4419-9191-8597321ac421@group-AC163A07DF08: ConfigurationManager, init=-1: [6f2ed759-dfb9-4419-9191-8597321ac421|rpc:10.1.0.29:39501|priority:1], old=null, confs=<EMPTY_MAP>
2022-04-27 10:51:59,141 [pool-130-thread-1] INFO  server.RaftServerConfigKeys (ConfUtils.java:logGet(44)) - raft.server.storage.dir = [/home/runner/work/ozone/ozone/hadoop-ozone/integration-test/target/test-dir/MiniOzoneClusterImpl-6fb830c9-5413-49cc-a625-6cf41c4e5c97/datanode-3/data/ratis] (custom)
2022-04-27 10:51:59,141 [pool-130-thread-1] INFO  server.RaftServerConfigKeys (ConfUtils.java:logGet(44)) - raft.server.log.corruption.policy = EXCEPTION (default)
2022-04-27 10:51:59,141 [pool-130-thread-1] INFO  server.RaftServerConfigKeys (ConfUtils.java:logGet(44)) - raft.server.storage.free-space.min = 0MB (=0) (default)
2022-04-27 10:51:59,141 [pool-130-thread-1] INFO  storage.RaftStorageDirectory (RaftStorageDirectoryImpl.java:analyzeStorage(135)) - The storage directory /home/runner/work/ozone/ozone/hadoop-ozone/integration-test/target/test-dir/MiniOzoneClusterImpl-6fb830c9-5413-49cc-a625-6cf41c4e5c97/datanode-3/data/ratis/c27720ca-1e4d-4a71-ba71-ac163a07df08 does not exist. Creating ...
2022-04-27 10:51:59,143 [pool-130-thread-1] INFO  storage.RaftStorageDirectory (RaftStorageDirectoryImpl.java:tryLock(230)) - Lock on /home/runner/work/ozone/ozone/hadoop-ozone/integration-test/target/test-dir/MiniOzoneClusterImpl-6fb830c9-5413-49cc-a625-6cf41c4e5c97/datanode-3/data/ratis/c27720ca-1e4d-4a71-ba71-ac163a07df08/in_use.lock acquired by nodename 2917@fv-az270-423
2022-04-27 10:51:59,145 [pool-130-thread-1] INFO  storage.RaftStorage (RaftStorageImpl.java:format(89)) - Storage directory /home/runner/work/ozone/ozone/hadoop-ozone/integration-test/target/test-dir/MiniOzoneClusterImpl-6fb830c9-5413-49cc-a625-6cf41c4e5c97/datanode-3/data/ratis/c27720ca-1e4d-4a71-ba71-ac163a07df08 has been successfully formatted.
2022-04-27 10:51:59,145 [pool-130-thread-1] INFO  ratis.ContainerStateMachine (ContainerStateMachine.java:loadSnapshot(236)) - group-AC163A07DF08: The snapshot info is null. Setting the last applied indexto:(t:0, i:~)
2022-04-27 10:51:59,147 [EventQueue-PipelineReportForPipelineReportHandler] INFO  pipeline.PipelineManagerImpl (PipelineManagerImpl.java:openPipeline(328)) - Pipeline Pipeline[ Id: c27720ca-1e4d-4a71-ba71-ac163a07df08, Nodes: 6f2ed759-dfb9-4419-9191-8597321ac421{ip: 10.1.0.29, host: fv-az270-423.tacnzluakwdehk1hpragurqkma.bx.internal.cloudapp.net, ports: [REPLICATION=41459, RATIS=39501, RATIS_ADMIN=39501, RATIS_SERVER=39501, STANDALONE=44875], networkLocation: /default-rack, certSerialId: null, persistedOpState: IN_SERVICE, persistedOpStateExpiryEpochSec: 0}, ReplicationConfig: RATIS/ONE, State:ALLOCATED, leaderId:6f2ed759-dfb9-4419-9191-8597321ac421, CreationTimestamp2022-04-27T10:51:56.141Z[Etc/UTC]] moved to OPEN state
2022-04-27 10:51:59,148 [EventQueue-OpenPipelineForHealthyPipelineSafeModeRule] INFO  safemode.SCMSafeModeManager (HealthyPipelineSafeModeRule.java:process(124)) - SCM in safe mode. Healthy pipelines reported count is 0, required healthy pipeline reported count is 1
2022-04-27 10:51:59,152 [pool-130-thread-1] INFO  server.RaftServerConfigKeys (ConfUtils.java:logGet(44)) - raft.server.notification.no-leader.timeout = 300000ms (custom)
2022-04-27 10:51:59,153 [pool-130-thread-1] INFO  server.RaftServerConfigKeys (ConfUtils.java:logGet(44)) - raft.server.log.use.memory = false (default)
2022-04-27 10:51:59,153 [pool-130-thread-1] INFO  server.RaftServerConfigKeys (ConfUtils.java:logGet(44)) - raft.server.log.purge.gap = 1000000 (custom)
2022-04-27 10:51:59,153 [pool-130-thread-1] INFO  server.RaftServerConfigKeys (ConfUtils.java:logGet(44)) - raft.server.log.appender.buffer.byte-limit = 33554432 (custom)
2022-04-27 10:51:59,154 [pool-130-thread-1] INFO  server.RaftServerConfigKeys (ConfUtils.java:logGet(44)) - raft.server.log.segment.size.max = 1048576 (custom)
2022-04-27 10:51:59,154 [pool-130-thread-1] INFO  server.RaftServerConfigKeys (ConfUtils.java:logGet(44)) - raft.server.log.segment.cache.num.max = 2 (custom)
2022-04-27 10:51:59,154 [pool-130-thread-1] INFO  server.RaftServerConfigKeys (ConfUtils.java:logGet(44)) - raft.server.log.segment.cache.size.max = 200MB (=209715200) (default)
2022-04-27 10:51:59,154 [pool-130-thread-1] INFO  segmented.SegmentedRaftLogWorker (SegmentedRaftLogWorker.java:<init>(182)) - new 6f2ed759-dfb9-4419-9191-8597321ac421@group-AC163A07DF08-SegmentedRaftLogWorker for RaftStorageImpl:Storage Directory /home/runner/work/ozone/ozone/hadoop-ozone/integration-test/target/test-dir/MiniOzoneClusterImpl-6fb830c9-5413-49cc-a625-6cf41c4e5c97/datanode-3/data/ratis/c27720ca-1e4d-4a71-ba71-ac163a07df08
2022-04-27 10:51:59,154 [pool-130-thread-1] INFO  server.RaftServerConfigKeys (ConfUtils.java:logGet(44)) - raft.server.log.queue.byte-limit = 4294967296 (custom)
2022-04-27 10:51:59,155 [pool-130-thread-1] INFO  server.RaftServerConfigKeys (ConfUtils.java:logGet(44)) - raft.server.log.queue.element-limit = 1024 (custom)
2022-04-27 10:51:59,155 [pool-130-thread-1] INFO  server.RaftServerConfigKeys (ConfUtils.java:logGet(44)) - raft.server.log.segment.size.max = 1048576 (custom)
2022-04-27 10:51:59,155 [pool-130-thread-1] INFO  server.RaftServerConfigKeys (ConfUtils.java:logGet(44)) - raft.server.log.preallocated.size = 16384 (custom)
2022-04-27 10:51:59,155 [pool-130-thread-1] INFO  server.RaftServerConfigKeys (ConfUtils.java:logGet(44)) - raft.server.log.force.sync.num = 128 (default)
2022-04-27 10:51:59,155 [pool-130-thread-1] INFO  server.RaftServerConfigKeys (ConfUtils.java:logGet(44)) - raft.server.log.statemachine.data.sync = true (default)
2022-04-27 10:51:59,155 [pool-130-thread-1] INFO  server.RaftServerConfigKeys (ConfUtils.java:logGet(44)) - raft.server.log.statemachine.data.sync.timeout = 10s (default)
2022-04-27 10:51:59,155 [pool-130-thread-1] INFO  server.RaftServerConfigKeys (ConfUtils.java:logGet(44)) - raft.server.log.statemachine.data.sync.timeout.retry = -1 (default)
2022-04-27 10:51:59,156 [pool-130-thread-1] INFO  server.RaftServerConfigKeys (ConfUtils.java:logGet(44)) - raft.server.log.write.buffer.size = 1048576 (custom)
2022-04-27 10:51:59,157 [pool-130-thread-1] INFO  server.RaftServerConfigKeys (ConfUtils.java:logGet(44)) - raft.server.log.statemachine.data.caching.enabled = true (custom)
2022-04-27 10:51:59,157 [pool-130-thread-1] INFO  segmented.SegmentedRaftLogWorker (SegmentedRaftLogWorker.java:lambda$new$0(133)) - 6f2ed759-dfb9-4419-9191-8597321ac421@group-AC163A07DF08-SegmentedRaftLogWorker: flushIndex: setUnconditionally 0 -> -1
2022-04-27 10:51:59,157 [pool-130-thread-1] INFO  segmented.SegmentedRaftLogWorker (SegmentedRaftLogWorker.java:lambda$new$0(133)) - 6f2ed759-dfb9-4419-9191-8597321ac421@group-AC163A07DF08-SegmentedRaftLogWorker: safeCacheEvictIndex: setUnconditionally 0 -> -1
2022-04-27 10:51:59,160 [pool-130-thread-1] INFO  server.RaftServerConfigKeys (ConfUtils.java:logGet(44)) - raft.server.snapshot.auto.trigger.enabled = true (custom)
2022-04-27 10:51:59,160 [pool-130-thread-1] INFO  server.RaftServerConfigKeys (ConfUtils.java:logGet(44)) - raft.server.snapshot.auto.trigger.threshold = 1 (custom)
2022-04-27 10:51:59,160 [pool-130-thread-1] INFO  server.RaftServerConfigKeys (ConfUtils.java:logGet(44)) - raft.server.snapshot.retention.file.num = 5 (custom)
2022-04-27 10:51:59,160 [pool-130-thread-1] INFO  server.RaftServerConfigKeys (ConfUtils.java:logGet(44)) - raft.server.log.purge.upto.snapshot.index = false (default)
2022-04-27 10:51:59,160 [pool-130-thread-1] INFO  server.RaftServerConfigKeys (ConfUtils.java:logGet(44)) - raft.server.retrycache.expirytime = 600000ms (custom)
2022-04-27 10:51:59,160 [pool-130-thread-1] INFO  server.RaftServerConfigKeys (ConfUtils.java:logGet(44)) - raft.server.retrycache.statistics.expirytime = 100μs (default)
2022-04-27 10:51:59,162 [pool-130-thread-1] INFO  server.RaftServer$Division (RaftServerImpl.java:start(301)) - 6f2ed759-dfb9-4419-9191-8597321ac421@group-AC163A07DF08: start as a follower, conf=-1: [6f2ed759-dfb9-4419-9191-8597321ac421|rpc:10.1.0.29:39501|priority:1], old=null
2022-04-27 10:51:59,162 [pool-130-thread-1] INFO  server.RaftServer$Division (RaftServerImpl.java:setRole(290)) - 6f2ed759-dfb9-4419-9191-8597321ac421@group-AC163A07DF08: changes role from      null to FOLLOWER at term 0 for startAsFollower
2022-04-27 10:51:59,162 [pool-130-thread-1] INFO  impl.RoleInfo (RoleInfo.java:updateAndGet(130)) - 6f2ed759-dfb9-4419-9191-8597321ac421: start 6f2ed759-dfb9-4419-9191-8597321ac421@group-AC163A07DF08-FollowerState
2022-04-27 10:51:59,163 [pool-130-thread-1] INFO  util.JmxRegister (JmxRegister.java:tryRegister(44)) - Successfully registered JMX Bean with object name Ratis:service=RaftServer,group=group-AC163A07DF08,id=6f2ed759-dfb9-4419-9191-8597321ac421
2022-04-27 10:51:59,165 [Command processor thread] INFO  ratis.XceiverServerRatis (XceiverServerRatis.java:addGroup(765)) - Created group PipelineID=c27720ca-1e4d-4a71-ba71-ac163a07df08
2022-04-27 10:51:59,165 [Command processor thread] INFO  commandhandler.CreatePipelineCommandHandler (CreatePipelineCommandHandler.java:handle(113)) - Created Pipeline RATIS ONE PipelineID=c27720ca-1e4d-4a71-ba71-ac163a07df08.
2022-04-27 10:51:59,165 [Command processor thread] INFO  server.RaftServer (RaftServerProxy.java:addNew(95)) - 6f2ed759-dfb9-4419-9191-8597321ac421: addNew group-DFF27B2A1031:[0a06a8c4-9179-4a2e-838b-55c09a430176|rpc:10.1.0.29:39993|priority:0, 5e3f1479-9daf-43cd-8651-224960992f9b|rpc:10.1.0.29:36215|priority:0, 6f2ed759-dfb9-4419-9191-8597321ac421|rpc:10.1.0.29:39501|priority:1] returns group-DFF27B2A1031:java.util.concurrent.CompletableFuture@7f18e436[Not completed]
2022-04-27 10:51:59,166 [pool-130-thread-1] INFO  server.RaftServer$Division (RaftServerImpl.java:<init>(184)) - 6f2ed759-dfb9-4419-9191-8597321ac421: new RaftServerImpl for group-DFF27B2A1031:[0a06a8c4-9179-4a2e-838b-55c09a430176|rpc:10.1.0.29:39993|priority:0, 5e3f1479-9daf-43cd-8651-224960992f9b|rpc:10.1.0.29:36215|priority:0, 6f2ed759-dfb9-4419-9191-8597321ac421|rpc:10.1.0.29:39501|priority:1] with ContainerStateMachine:uninitialized
2022-04-27 10:51:59,166 [pool-130-thread-1] INFO  server.RaftServerConfigKeys (ConfUtils.java:logGet(44)) - raft.server.rpc.timeout.min = 5s (custom)
2022-04-27 10:51:59,166 [pool-130-thread-1] INFO  server.RaftServerConfigKeys (ConfUtils.java:logGet(44)) - raft.server.rpc.timeout.max = 5200ms (custom)
2022-04-27 10:51:59,166 [pool-130-thread-1] INFO  server.RaftServerConfigKeys (ConfUtils.java:logGet(44)) - raft.server.rpc.sleep.time = 25ms (default)
2022-04-27 10:51:59,166 [pool-130-thread-1] INFO  server.RaftServerConfigKeys (ConfUtils.java:logGet(44)) - raft.server.rpc.slowness.timeout = 300000ms (custom)
2022-04-27 10:51:59,166 [pool-130-thread-1] INFO  server.RaftServerConfigKeys (ConfUtils.java:logGet(44)) - raft.server.leaderelection.leader.step-down.wait-time = 10s (default)
2022-04-27 10:51:59,166 [pool-130-thread-1] INFO  server.RaftServerConfigKeys (ConfUtils.java:logGet(44)) - raft.server.sleep.deviation.threshold = 300ms (default)
2022-04-27 10:51:59,167 [pool-130-thread-1] INFO  server.RaftServerConfigKeys (ConfUtils.java:logGet(44)) - raft.server.log.appender.install.snapshot.enabled = false (custom)
2022-04-27 10:51:59,167 [pool-130-thread-1] INFO  server.RaftServer$Division (ServerState.java:<init>(105)) - 6f2ed759-dfb9-4419-9191-8597321ac421@group-DFF27B2A1031: ConfigurationManager, init=-1: [0a06a8c4-9179-4a2e-838b-55c09a430176|rpc:10.1.0.29:39993|priority:0, 5e3f1479-9daf-43cd-8651-224960992f9b|rpc:10.1.0.29:36215|priority:0, 6f2ed759-dfb9-4419-9191-8597321ac421|rpc:10.1.0.29:39501|priority:1], old=null, confs=<EMPTY_MAP>
2022-04-27 10:51:59,167 [pool-130-thread-1] INFO  server.RaftServerConfigKeys (ConfUtils.java:logGet(44)) - raft.server.storage.dir = [/home/runner/work/ozone/ozone/hadoop-ozone/integration-test/target/test-dir/MiniOzoneClusterImpl-6fb830c9-5413-49cc-a625-6cf41c4e5c97/datanode-3/data/ratis] (custom)
2022-04-27 10:51:59,167 [pool-130-thread-1] INFO  server.RaftServerConfigKeys (ConfUtils.java:logGet(44)) - raft.server.log.corruption.policy = EXCEPTION (default)
2022-04-27 10:51:59,167 [pool-130-thread-1] INFO  server.RaftServerConfigKeys (ConfUtils.java:logGet(44)) - raft.server.storage.free-space.min = 0MB (=0) (default)
2022-04-27 10:51:59,167 [pool-130-thread-1] INFO  storage.RaftStorageDirectory (RaftStorageDirectoryImpl.java:analyzeStorage(135)) - The storage directory /home/runner/work/ozone/ozone/hadoop-ozone/integration-test/target/test-dir/MiniOzoneClusterImpl-6fb830c9-5413-49cc-a625-6cf41c4e5c97/datanode-3/data/ratis/cf80c735-cb93-438b-a05e-dff27b2a1031 does not exist. Creating ...
2022-04-27 10:51:59,168 [pool-130-thread-1] INFO  storage.RaftStorageDirectory (RaftStorageDirectoryImpl.java:tryLock(230)) - Lock on /home/runner/work/ozone/ozone/hadoop-ozone/integration-test/target/test-dir/MiniOzoneClusterImpl-6fb830c9-5413-49cc-a625-6cf41c4e5c97/datanode-3/data/ratis/cf80c735-cb93-438b-a05e-dff27b2a1031/in_use.lock acquired by nodename 2917@fv-az270-423
2022-04-27 10:51:59,170 [pool-130-thread-1] INFO  storage.RaftStorage (RaftStorageImpl.java:format(89)) - Storage directory /home/runner/work/ozone/ozone/hadoop-ozone/integration-test/target/test-dir/MiniOzoneClusterImpl-6fb830c9-5413-49cc-a625-6cf41c4e5c97/datanode-3/data/ratis/cf80c735-cb93-438b-a05e-dff27b2a1031 has been successfully formatted.
2022-04-27 10:51:59,170 [pool-130-thread-1] INFO  ratis.ContainerStateMachine (ContainerStateMachine.java:loadSnapshot(236)) - group-DFF27B2A1031: The snapshot info is null. Setting the last applied indexto:(t:0, i:~)
2022-04-27 10:51:59,170 [pool-130-thread-1] INFO  server.RaftServerConfigKeys (ConfUtils.java:logGet(44)) - raft.server.notification.no-leader.timeout = 300000ms (custom)
2022-04-27 10:51:59,170 [pool-130-thread-1] INFO  server.RaftServerConfigKeys (ConfUtils.java:logGet(44)) - raft.server.log.use.memory = false (default)
2022-04-27 10:51:59,171 [pool-130-thread-1] INFO  server.RaftServerConfigKeys (ConfUtils.java:logGet(44)) - raft.server.log.purge.gap = 1000000 (custom)
2022-04-27 10:51:59,171 [pool-130-thread-1] INFO  server.RaftServerConfigKeys (ConfUtils.java:logGet(44)) - raft.server.log.appender.buffer.byte-limit = 33554432 (custom)
2022-04-27 10:51:59,171 [pool-130-thread-1] INFO  server.RaftServerConfigKeys (ConfUtils.java:logGet(44)) - raft.server.log.segment.size.max = 1048576 (custom)
2022-04-27 10:51:59,172 [pool-130-thread-1] INFO  server.RaftServerConfigKeys (ConfUtils.java:logGet(44)) - raft.server.log.segment.cache.num.max = 2 (custom)
2022-04-27 10:51:59,172 [pool-130-thread-1] INFO  server.RaftServerConfigKeys (ConfUtils.java:logGet(44)) - raft.server.log.segment.cache.size.max = 200MB (=209715200) (default)
2022-04-27 10:51:59,172 [pool-130-thread-1] INFO  segmented.SegmentedRaftLogWorker (SegmentedRaftLogWorker.java:<init>(182)) - new 6f2ed759-dfb9-4419-9191-8597321ac421@group-DFF27B2A1031-SegmentedRaftLogWorker for RaftStorageImpl:Storage Directory /home/runner/work/ozone/ozone/hadoop-ozone/integration-test/target/test-dir/MiniOzoneClusterImpl-6fb830c9-5413-49cc-a625-6cf41c4e5c97/datanode-3/data/ratis/cf80c735-cb93-438b-a05e-dff27b2a1031
2022-04-27 10:51:59,172 [pool-130-thread-1] INFO  server.RaftServerConfigKeys (ConfUtils.java:logGet(44)) - raft.server.log.queue.byte-limit = 4294967296 (custom)
2022-04-27 10:51:59,172 [pool-130-thread-1] INFO  server.RaftServerConfigKeys (ConfUtils.java:logGet(44)) - raft.server.log.queue.element-limit = 1024 (custom)
2022-04-27 10:51:59,172 [pool-130-thread-1] INFO  server.RaftServerConfigKeys (ConfUtils.java:logGet(44)) - raft.server.log.segment.size.max = 1048576 (custom)
2022-04-27 10:51:59,172 [pool-130-thread-1] INFO  server.RaftServerConfigKeys (ConfUtils.java:logGet(44)) - raft.server.log.preallocated.size = 16384 (custom)
2022-04-27 10:51:59,172 [pool-130-thread-1] INFO  server.RaftServerConfigKeys (ConfUtils.java:logGet(44)) - raft.server.log.force.sync.num = 128 (default)
2022-04-27 10:51:59,172 [pool-130-thread-1] INFO  server.RaftServerConfigKeys (ConfUtils.java:logGet(44)) - raft.server.log.statemachine.data.sync = true (default)
2022-04-27 10:51:59,173 [EventQueue-OpenPipelineForHealthyPipelineSafeModeRule] INFO  safemode.SCMSafeModeManager (HealthyPipelineSafeModeRule.java:process(124)) - SCM in safe mode. Healthy pipelines reported count is 0, required healthy pipeline reported count is 1
2022-04-27 10:51:59,174 [pool-130-thread-1] INFO  server.RaftServerConfigKeys (ConfUtils.java:logGet(44)) - raft.server.log.statemachine.data.sync.timeout = 10s (default)
2022-04-27 10:51:59,174 [pool-130-thread-1] INFO  server.RaftServerConfigKeys (ConfUtils.java:logGet(44)) - raft.server.log.statemachine.data.sync.timeout.retry = -1 (default)
2022-04-27 10:51:59,177 [pool-130-thread-1] INFO  server.RaftServerConfigKeys (ConfUtils.java:logGet(44)) - raft.server.log.write.buffer.size = 1048576 (custom)
2022-04-27 10:51:59,177 [EventQueue-OpenPipelineForHealthyPipelineSafeModeRule] INFO  safemode.SCMSafeModeManager (HealthyPipelineSafeModeRule.java:process(124)) - SCM in safe mode. Healthy pipelines reported count is 0, required healthy pipeline reported count is 1
2022-04-27 10:51:59,178 [pool-130-thread-1] INFO  server.RaftServerConfigKeys (ConfUtils.java:logGet(44)) - raft.server.log.statemachine.data.caching.enabled = true (custom)
2022-04-27 10:51:59,178 [pool-130-thread-1] INFO  segmented.SegmentedRaftLogWorker (SegmentedRaftLogWorker.java:lambda$new$0(133)) - 6f2ed759-dfb9-4419-9191-8597321ac421@group-DFF27B2A1031-SegmentedRaftLogWorker: flushIndex: setUnconditionally 0 -> -1
2022-04-27 10:51:59,178 [pool-130-thread-1] INFO  segmented.SegmentedRaftLogWorker (SegmentedRaftLogWorker.java:lambda$new$0(133)) - 6f2ed759-dfb9-4419-9191-8597321ac421@group-DFF27B2A1031-SegmentedRaftLogWorker: safeCacheEvictIndex: setUnconditionally 0 -> -1
2022-04-27 10:51:59,179 [pool-130-thread-1] INFO  server.RaftServerConfigKeys (ConfUtils.java:logGet(44)) - raft.server.snapshot.auto.trigger.enabled = true (custom)
2022-04-27 10:51:59,179 [pool-130-thread-1] INFO  server.RaftServerConfigKeys (ConfUtils.java:logGet(44)) - raft.server.snapshot.auto.trigger.threshold = 1 (custom)
2022-04-27 10:51:59,179 [pool-130-thread-1] INFO  server.RaftServerConfigKeys (ConfUtils.java:logGet(44)) - raft.server.snapshot.retention.file.num = 5 (custom)
2022-04-27 10:51:59,179 [pool-130-thread-1] INFO  server.RaftServerConfigKeys (ConfUtils.java:logGet(44)) - raft.server.log.purge.upto.snapshot.index = false (default)
2022-04-27 10:51:59,179 [pool-130-thread-1] INFO  server.RaftServerConfigKeys (ConfUtils.java:logGet(44)) - raft.server.retrycache.expirytime = 600000ms (custom)
2022-04-27 10:51:59,179 [pool-130-thread-1] INFO  server.RaftServerConfigKeys (ConfUtils.java:logGet(44)) - raft.server.retrycache.statistics.expirytime = 100μs (default)
2022-04-27 10:51:59,180 [pool-130-thread-1] INFO  server.RaftServer$Division (RaftServerImpl.java:start(301)) - 6f2ed759-dfb9-4419-9191-8597321ac421@group-DFF27B2A1031: start as a follower, conf=-1: [0a06a8c4-9179-4a2e-838b-55c09a430176|rpc:10.1.0.29:39993|priority:0, 5e3f1479-9daf-43cd-8651-224960992f9b|rpc:10.1.0.29:36215|priority:0, 6f2ed759-dfb9-4419-9191-8597321ac421|rpc:10.1.0.29:39501|priority:1], old=null
2022-04-27 10:51:59,180 [pool-130-thread-1] INFO  server.RaftServer$Division (RaftServerImpl.java:setRole(290)) - 6f2ed759-dfb9-4419-9191-8597321ac421@group-DFF27B2A1031: changes role from      null to FOLLOWER at term 0 for startAsFollower
2022-04-27 10:51:59,180 [pool-130-thread-1] INFO  impl.RoleInfo (RoleInfo.java:updateAndGet(130)) - 6f2ed759-dfb9-4419-9191-8597321ac421: start 6f2ed759-dfb9-4419-9191-8597321ac421@group-DFF27B2A1031-FollowerState
2022-04-27 10:51:59,184 [pool-130-thread-1] INFO  util.JmxRegister (JmxRegister.java:tryRegister(44)) - Successfully registered JMX Bean with object name Ratis:service=RaftServer,group=group-DFF27B2A1031,id=6f2ed759-dfb9-4419-9191-8597321ac421
2022-04-27 10:51:59,184 [Command processor thread] INFO  ratis.XceiverServerRatis (XceiverServerRatis.java:addGroup(765)) - Created group PipelineID=cf80c735-cb93-438b-a05e-dff27b2a1031
2022-04-27 10:51:59,199 [grpc-default-executor-0] INFO  server.RaftServer (RaftServerProxy.java:addNew(95)) - 0a06a8c4-9179-4a2e-838b-55c09a430176: addNew group-DFF27B2A1031:[0a06a8c4-9179-4a2e-838b-55c09a430176|rpc:10.1.0.29:39993|dataStream:|priority:0, 5e3f1479-9daf-43cd-8651-224960992f9b|rpc:10.1.0.29:36215|dataStream:|priority:0, 6f2ed759-dfb9-4419-9191-8597321ac421|rpc:10.1.0.29:39501|dataStream:|priority:1] returns group-DFF27B2A1031:java.util.concurrent.CompletableFuture@75571d5d[Not completed]
2022-04-27 10:51:59,204 [pool-151-thread-1] INFO  server.RaftServer$Division (RaftServerImpl.java:<init>(184)) - 0a06a8c4-9179-4a2e-838b-55c09a430176: new RaftServerImpl for group-DFF27B2A1031:[0a06a8c4-9179-4a2e-838b-55c09a430176|rpc:10.1.0.29:39993|dataStream:|priority:0, 5e3f1479-9daf-43cd-8651-224960992f9b|rpc:10.1.0.29:36215|dataStream:|priority:0, 6f2ed759-dfb9-4419-9191-8597321ac421|rpc:10.1.0.29:39501|dataStream:|priority:1] with ContainerStateMachine:uninitialized
2022-04-27 10:51:59,204 [pool-151-thread-1] INFO  server.RaftServerConfigKeys (ConfUtils.java:logGet(44)) - raft.server.rpc.timeout.min = 5s (custom)
2022-04-27 10:51:59,204 [pool-151-thread-1] INFO  server.RaftServerConfigKeys (ConfUtils.java:logGet(44)) - raft.server.rpc.timeout.max = 5200ms (custom)
2022-04-27 10:51:59,205 [pool-151-thread-1] INFO  server.RaftServerConfigKeys (ConfUtils.java:logGet(44)) - raft.server.rpc.sleep.time = 25ms (default)
2022-04-27 10:51:59,205 [pool-151-thread-1] INFO  server.RaftServerConfigKeys (ConfUtils.java:logGet(44)) - raft.server.rpc.slowness.timeout = 300000ms (custom)
2022-04-27 10:51:59,205 [pool-151-thread-1] INFO  server.RaftServerConfigKeys (ConfUtils.java:logGet(44)) - raft.server.leaderelection.leader.step-down.wait-time = 10s (default)
2022-04-27 10:51:59,205 [pool-151-thread-1] INFO  server.RaftServerConfigKeys (ConfUtils.java:logGet(44)) - raft.server.sleep.deviation.threshold = 300ms (default)
2022-04-27 10:51:59,205 [pool-151-thread-1] INFO  server.RaftServerConfigKeys (ConfUtils.java:logGet(44)) - raft.server.log.appender.install.snapshot.enabled = false (custom)
2022-04-27 10:51:59,205 [pool-151-thread-1] INFO  server.RaftServer$Division (ServerState.java:<init>(105)) - 0a06a8c4-9179-4a2e-838b-55c09a430176@group-DFF27B2A1031: ConfigurationManager, init=-1: [0a06a8c4-9179-4a2e-838b-55c09a430176|rpc:10.1.0.29:39993|dataStream:|priority:0, 5e3f1479-9daf-43cd-8651-224960992f9b|rpc:10.1.0.29:36215|dataStream:|priority:0, 6f2ed759-dfb9-4419-9191-8597321ac421|rpc:10.1.0.29:39501|dataStream:|priority:1], old=null, confs=<EMPTY_MAP>
2022-04-27 10:51:59,205 [pool-151-thread-1] INFO  server.RaftServerConfigKeys (ConfUtils.java:logGet(44)) - raft.server.storage.dir = [/home/runner/work/ozone/ozone/hadoop-ozone/integration-test/target/test-dir/MiniOzoneClusterImpl-6fb830c9-5413-49cc-a625-6cf41c4e5c97/datanode-4/data/ratis] (custom)
2022-04-27 10:51:59,205 [pool-151-thread-1] INFO  server.RaftServerConfigKeys (ConfUtils.java:logGet(44)) - raft.server.log.corruption.policy = EXCEPTION (default)
2022-04-27 10:51:59,205 [pool-151-thread-1] INFO  server.RaftServerConfigKeys (ConfUtils.java:logGet(44)) - raft.server.storage.free-space.min = 0MB (=0) (default)
2022-04-27 10:51:59,205 [pool-151-thread-1] INFO  storage.RaftStorageDirectory (RaftStorageDirectoryImpl.java:analyzeStorage(135)) - The storage directory /home/runner/work/ozone/ozone/hadoop-ozone/integration-test/target/test-dir/MiniOzoneClusterImpl-6fb830c9-5413-49cc-a625-6cf41c4e5c97/datanode-4/data/ratis/cf80c735-cb93-438b-a05e-dff27b2a1031 does not exist. Creating ...
2022-04-27 10:51:59,207 [pool-151-thread-1] INFO  storage.RaftStorageDirectory (RaftStorageDirectoryImpl.java:tryLock(230)) - Lock on /home/runner/work/ozone/ozone/hadoop-ozone/integration-test/target/test-dir/MiniOzoneClusterImpl-6fb830c9-5413-49cc-a625-6cf41c4e5c97/datanode-4/data/ratis/cf80c735-cb93-438b-a05e-dff27b2a1031/in_use.lock acquired by nodename 2917@fv-az270-423
2022-04-27 10:51:59,208 [pool-151-thread-1] INFO  storage.RaftStorage (RaftStorageImpl.java:format(89)) - Storage directory /home/runner/work/ozone/ozone/hadoop-ozone/integration-test/target/test-dir/MiniOzoneClusterImpl-6fb830c9-5413-49cc-a625-6cf41c4e5c97/datanode-4/data/ratis/cf80c735-cb93-438b-a05e-dff27b2a1031 has been successfully formatted.
2022-04-27 10:51:59,210 [pool-151-thread-1] INFO  ratis.ContainerStateMachine (ContainerStateMachine.java:loadSnapshot(236)) - group-DFF27B2A1031: The snapshot info is null. Setting the last applied indexto:(t:0, i:~)
2022-04-27 10:51:59,211 [pool-151-thread-1] INFO  server.RaftServerConfigKeys (ConfUtils.java:logGet(44)) - raft.server.notification.no-leader.timeout = 300000ms (custom)
2022-04-27 10:51:59,211 [pool-151-thread-1] INFO  server.RaftServerConfigKeys (ConfUtils.java:logGet(44)) - raft.server.log.use.memory = false (default)
2022-04-27 10:51:59,211 [pool-151-thread-1] INFO  server.RaftServerConfigKeys (ConfUtils.java:logGet(44)) - raft.server.log.purge.gap = 1000000 (custom)
2022-04-27 10:51:59,211 [pool-151-thread-1] INFO  server.RaftServerConfigKeys (ConfUtils.java:logGet(44)) - raft.server.log.appender.buffer.byte-limit = 33554432 (custom)
2022-04-27 10:51:59,211 [pool-151-thread-1] INFO  server.RaftServerConfigKeys (ConfUtils.java:logGet(44)) - raft.server.log.segment.size.max = 1048576 (custom)
2022-04-27 10:51:59,212 [pool-151-thread-1] INFO  server.RaftServerConfigKeys (ConfUtils.java:logGet(44)) - raft.server.log.segment.cache.num.max = 2 (custom)
2022-04-27 10:51:59,212 [pool-151-thread-1] INFO  server.RaftServerConfigKeys (ConfUtils.java:logGet(44)) - raft.server.log.segment.cache.size.max = 200MB (=209715200) (default)
2022-04-27 10:51:59,212 [pool-151-thread-1] INFO  segmented.SegmentedRaftLogWorker (SegmentedRaftLogWorker.java:<init>(182)) - new 0a06a8c4-9179-4a2e-838b-55c09a430176@group-DFF27B2A1031-SegmentedRaftLogWorker for RaftStorageImpl:Storage Directory /home/runner/work/ozone/ozone/hadoop-ozone/integration-test/target/test-dir/MiniOzoneClusterImpl-6fb830c9-5413-49cc-a625-6cf41c4e5c97/datanode-4/data/ratis/cf80c735-cb93-438b-a05e-dff27b2a1031
2022-04-27 10:51:59,212 [pool-151-thread-1] INFO  server.RaftServerConfigKeys (ConfUtils.java:logGet(44)) - raft.server.log.queue.byte-limit = 4294967296 (custom)
2022-04-27 10:51:59,212 [pool-151-thread-1] INFO  server.RaftServerConfigKeys (ConfUtils.java:logGet(44)) - raft.server.log.queue.element-limit = 1024 (custom)
2022-04-27 10:51:59,212 [pool-151-thread-1] INFO  server.RaftServerConfigKeys (ConfUtils.java:logGet(44)) - raft.server.log.segment.size.max = 1048576 (custom)
2022-04-27 10:51:59,212 [pool-151-thread-1] INFO  server.RaftServerConfigKeys (ConfUtils.java:logGet(44)) - raft.server.log.preallocated.size = 16384 (custom)
2022-04-27 10:51:59,212 [pool-151-thread-1] INFO  server.RaftServerConfigKeys (ConfUtils.java:logGet(44)) - raft.server.log.force.sync.num = 128 (default)
2022-04-27 10:51:59,212 [pool-151-thread-1] INFO  server.RaftServerConfigKeys (ConfUtils.java:logGet(44)) - raft.server.log.statemachine.data.sync = true (default)
2022-04-27 10:51:59,212 [pool-151-thread-1] INFO  server.RaftServerConfigKeys (ConfUtils.java:logGet(44)) - raft.server.log.statemachine.data.sync.timeout = 10s (default)
2022-04-27 10:51:59,212 [pool-151-thread-1] INFO  server.RaftServerConfigKeys (ConfUtils.java:logGet(44)) - raft.server.log.statemachine.data.sync.timeout.retry = -1 (default)
2022-04-27 10:51:59,213 [pool-151-thread-1] INFO  server.RaftServerConfigKeys (ConfUtils.java:logGet(44)) - raft.server.log.write.buffer.size = 1048576 (custom)
2022-04-27 10:51:59,214 [pool-151-thread-1] INFO  server.RaftServerConfigKeys (ConfUtils.java:logGet(44)) - raft.server.log.statemachine.data.caching.enabled = true (custom)
2022-04-27 10:51:59,214 [pool-151-thread-1] INFO  segmented.SegmentedRaftLogWorker (SegmentedRaftLogWorker.java:lambda$new$0(133)) - 0a06a8c4-9179-4a2e-838b-55c09a430176@group-DFF27B2A1031-SegmentedRaftLogWorker: flushIndex: setUnconditionally 0 -> -1
2022-04-27 10:51:59,214 [pool-151-thread-1] INFO  segmented.SegmentedRaftLogWorker (SegmentedRaftLogWorker.java:lambda$new$0(133)) - 0a06a8c4-9179-4a2e-838b-55c09a430176@group-DFF27B2A1031-SegmentedRaftLogWorker: safeCacheEvictIndex: setUnconditionally 0 -> -1
2022-04-27 10:51:59,215 [pool-151-thread-1] INFO  server.RaftServerConfigKeys (ConfUtils.java:logGet(44)) - raft.server.snapshot.auto.trigger.enabled = true (custom)
2022-04-27 10:51:59,215 [pool-151-thread-1] INFO  server.RaftServerConfigKeys (ConfUtils.java:logGet(44)) - raft.server.snapshot.auto.trigger.threshold = 1 (custom)
2022-04-27 10:51:59,215 [pool-151-thread-1] INFO  server.RaftServerConfigKeys (ConfUtils.java:logGet(44)) - raft.server.snapshot.retention.file.num = 5 (custom)
2022-04-27 10:51:59,215 [pool-151-thread-1] INFO  server.RaftServerConfigKeys (ConfUtils.java:logGet(44)) - raft.server.log.purge.upto.snapshot.index = false (default)
2022-04-27 10:51:59,215 [pool-151-thread-1] INFO  server.RaftServerConfigKeys (ConfUtils.java:logGet(44)) - raft.server.retrycache.expirytime = 600000ms (custom)
2022-04-27 10:51:59,215 [pool-151-thread-1] INFO  server.RaftServerConfigKeys (ConfUtils.java:logGet(44)) - raft.server.retrycache.statistics.expirytime = 100μs (default)
2022-04-27 10:51:59,216 [pool-151-thread-1] INFO  server.RaftServer$Division (RaftServerImpl.java:start(301)) - 0a06a8c4-9179-4a2e-838b-55c09a430176@group-DFF27B2A1031: start as a follower, conf=-1: [0a06a8c4-9179-4a2e-838b-55c09a430176|rpc:10.1.0.29:39993|dataStream:|priority:0, 5e3f1479-9daf-43cd-8651-224960992f9b|rpc:10.1.0.29:36215|dataStream:|priority:0, 6f2ed759-dfb9-4419-9191-8597321ac421|rpc:10.1.0.29:39501|dataStream:|priority:1], old=null
2022-04-27 10:51:59,216 [pool-151-thread-1] INFO  server.RaftServer$Division (RaftServerImpl.java:setRole(290)) - 0a06a8c4-9179-4a2e-838b-55c09a430176@group-DFF27B2A1031: changes role from      null to FOLLOWER at term 0 for startAsFollower
2022-04-27 10:51:59,216 [pool-151-thread-1] INFO  impl.RoleInfo (RoleInfo.java:updateAndGet(130)) - 0a06a8c4-9179-4a2e-838b-55c09a430176: start 0a06a8c4-9179-4a2e-838b-55c09a430176@group-DFF27B2A1031-FollowerState
2022-04-27 10:51:59,217 [pool-151-thread-1] INFO  util.JmxRegister (JmxRegister.java:tryRegister(44)) - Successfully registered JMX Bean with object name Ratis:service=RaftServer,group=group-DFF27B2A1031,id=0a06a8c4-9179-4a2e-838b-55c09a430176
2022-04-27 10:51:59,233 [grpc-default-executor-0] INFO  server.RaftServer (RaftServerProxy.java:addNew(95)) - 5e3f1479-9daf-43cd-8651-224960992f9b: addNew group-DFF27B2A1031:[0a06a8c4-9179-4a2e-838b-55c09a430176|rpc:10.1.0.29:39993|dataStream:|priority:0, 5e3f1479-9daf-43cd-8651-224960992f9b|rpc:10.1.0.29:36215|dataStream:|priority:0, 6f2ed759-dfb9-4419-9191-8597321ac421|rpc:10.1.0.29:39501|dataStream:|priority:1] returns group-DFF27B2A1031:java.util.concurrent.CompletableFuture@1dd886ac[Not completed]
2022-04-27 10:51:59,237 [pool-172-thread-1] INFO  server.RaftServer$Division (RaftServerImpl.java:<init>(184)) - 5e3f1479-9daf-43cd-8651-224960992f9b: new RaftServerImpl for group-DFF27B2A1031:[0a06a8c4-9179-4a2e-838b-55c09a430176|rpc:10.1.0.29:39993|dataStream:|priority:0, 5e3f1479-9daf-43cd-8651-224960992f9b|rpc:10.1.0.29:36215|dataStream:|priority:0, 6f2ed759-dfb9-4419-9191-8597321ac421|rpc:10.1.0.29:39501|dataStream:|priority:1] with ContainerStateMachine:uninitialized
2022-04-27 10:51:59,237 [pool-172-thread-1] INFO  server.RaftServerConfigKeys (ConfUtils.java:logGet(44)) - raft.server.rpc.timeout.min = 5s (custom)
2022-04-27 10:51:59,237 [pool-172-thread-1] INFO  server.RaftServerConfigKeys (ConfUtils.java:logGet(44)) - raft.server.rpc.timeout.max = 5200ms (custom)
2022-04-27 10:51:59,237 [pool-172-thread-1] INFO  server.RaftServerConfigKeys (ConfUtils.java:logGet(44)) - raft.server.rpc.sleep.time = 25ms (default)
2022-04-27 10:51:59,238 [pool-172-thread-1] INFO  server.RaftServerConfigKeys (ConfUtils.java:logGet(44)) - raft.server.rpc.slowness.timeout = 300000ms (custom)
2022-04-27 10:51:59,240 [pool-172-thread-1] INFO  server.RaftServerConfigKeys (ConfUtils.java:logGet(44)) - raft.server.leaderelection.leader.step-down.wait-time = 10s (default)
2022-04-27 10:51:59,240 [pool-172-thread-1] INFO  server.RaftServerConfigKeys (ConfUtils.java:logGet(44)) - raft.server.sleep.deviation.threshold = 300ms (default)
2022-04-27 10:51:59,240 [pool-172-thread-1] INFO  server.RaftServerConfigKeys (ConfUtils.java:logGet(44)) - raft.server.log.appender.install.snapshot.enabled = false (custom)
2022-04-27 10:51:59,240 [pool-172-thread-1] INFO  server.RaftServer$Division (ServerState.java:<init>(105)) - 5e3f1479-9daf-43cd-8651-224960992f9b@group-DFF27B2A1031: ConfigurationManager, init=-1: [0a06a8c4-9179-4a2e-838b-55c09a430176|rpc:10.1.0.29:39993|dataStream:|priority:0, 5e3f1479-9daf-43cd-8651-224960992f9b|rpc:10.1.0.29:36215|dataStream:|priority:0, 6f2ed759-dfb9-4419-9191-8597321ac421|rpc:10.1.0.29:39501|dataStream:|priority:1], old=null, confs=<EMPTY_MAP>
2022-04-27 10:51:59,240 [pool-172-thread-1] INFO  server.RaftServerConfigKeys (ConfUtils.java:logGet(44)) - raft.server.storage.dir = [/home/runner/work/ozone/ozone/hadoop-ozone/integration-test/target/test-dir/MiniOzoneClusterImpl-6fb830c9-5413-49cc-a625-6cf41c4e5c97/datanode-5/data/ratis] (custom)
2022-04-27 10:51:59,240 [pool-172-thread-1] INFO  server.RaftServerConfigKeys (ConfUtils.java:logGet(44)) - raft.server.log.corruption.policy = EXCEPTION (default)
2022-04-27 10:51:59,240 [pool-172-thread-1] INFO  server.RaftServerConfigKeys (ConfUtils.java:logGet(44)) - raft.server.storage.free-space.min = 0MB (=0) (default)
2022-04-27 10:51:59,240 [pool-172-thread-1] INFO  storage.RaftStorageDirectory (RaftStorageDirectoryImpl.java:analyzeStorage(135)) - The storage directory /home/runner/work/ozone/ozone/hadoop-ozone/integration-test/target/test-dir/MiniOzoneClusterImpl-6fb830c9-5413-49cc-a625-6cf41c4e5c97/datanode-5/data/ratis/cf80c735-cb93-438b-a05e-dff27b2a1031 does not exist. Creating ...
2022-04-27 10:51:59,242 [pool-172-thread-1] INFO  storage.RaftStorageDirectory (RaftStorageDirectoryImpl.java:tryLock(230)) - Lock on /home/runner/work/ozone/ozone/hadoop-ozone/integration-test/target/test-dir/MiniOzoneClusterImpl-6fb830c9-5413-49cc-a625-6cf41c4e5c97/datanode-5/data/ratis/cf80c735-cb93-438b-a05e-dff27b2a1031/in_use.lock acquired by nodename 2917@fv-az270-423
2022-04-27 10:51:59,243 [pool-172-thread-1] INFO  storage.RaftStorage (RaftStorageImpl.java:format(89)) - Storage directory /home/runner/work/ozone/ozone/hadoop-ozone/integration-test/target/test-dir/MiniOzoneClusterImpl-6fb830c9-5413-49cc-a625-6cf41c4e5c97/datanode-5/data/ratis/cf80c735-cb93-438b-a05e-dff27b2a1031 has been successfully formatted.
2022-04-27 10:51:59,244 [pool-172-thread-1] INFO  ratis.ContainerStateMachine (ContainerStateMachine.java:loadSnapshot(236)) - group-DFF27B2A1031: The snapshot info is null. Setting the last applied indexto:(t:0, i:~)
2022-04-27 10:51:59,247 [pool-172-thread-1] INFO  server.RaftServerConfigKeys (ConfUtils.java:logGet(44)) - raft.server.notification.no-leader.timeout = 300000ms (custom)
2022-04-27 10:51:59,248 [pool-172-thread-1] INFO  server.RaftServerConfigKeys (ConfUtils.java:logGet(44)) - raft.server.log.use.memory = false (default)
2022-04-27 10:51:59,248 [pool-172-thread-1] INFO  server.RaftServerConfigKeys (ConfUtils.java:logGet(44)) - raft.server.log.purge.gap = 1000000 (custom)
2022-04-27 10:51:59,248 [pool-172-thread-1] INFO  server.RaftServerConfigKeys (ConfUtils.java:logGet(44)) - raft.server.log.appender.buffer.byte-limit = 33554432 (custom)
2022-04-27 10:51:59,248 [pool-172-thread-1] INFO  server.RaftServerConfigKeys (ConfUtils.java:logGet(44)) - raft.server.log.segment.size.max = 1048576 (custom)
2022-04-27 10:51:59,248 [pool-172-thread-1] INFO  server.RaftServerConfigKeys (ConfUtils.java:logGet(44)) - raft.server.log.segment.cache.num.max = 2 (custom)
2022-04-27 10:51:59,248 [pool-172-thread-1] INFO  server.RaftServerConfigKeys (ConfUtils.java:logGet(44)) - raft.server.log.segment.cache.size.max = 200MB (=209715200) (default)
2022-04-27 10:51:59,248 [pool-172-thread-1] INFO  segmented.SegmentedRaftLogWorker (SegmentedRaftLogWorker.java:<init>(182)) - new 5e3f1479-9daf-43cd-8651-224960992f9b@group-DFF27B2A1031-SegmentedRaftLogWorker for RaftStorageImpl:Storage Directory /home/runner/work/ozone/ozone/hadoop-ozone/integration-test/target/test-dir/MiniOzoneClusterImpl-6fb830c9-5413-49cc-a625-6cf41c4e5c97/datanode-5/data/ratis/cf80c735-cb93-438b-a05e-dff27b2a1031
2022-04-27 10:51:59,249 [pool-172-thread-1] INFO  server.RaftServerConfigKeys (ConfUtils.java:logGet(44)) - raft.server.log.queue.byte-limit = 4294967296 (custom)
2022-04-27 10:51:59,249 [pool-172-thread-1] INFO  server.RaftServerConfigKeys (ConfUtils.java:logGet(44)) - raft.server.log.queue.element-limit = 1024 (custom)
2022-04-27 10:51:59,249 [pool-172-thread-1] INFO  server.RaftServerConfigKeys (ConfUtils.java:logGet(44)) - raft.server.log.segment.size.max = 1048576 (custom)
2022-04-27 10:51:59,249 [pool-172-thread-1] INFO  server.RaftServerConfigKeys (ConfUtils.java:logGet(44)) - raft.server.log.preallocated.size = 16384 (custom)
2022-04-27 10:51:59,249 [pool-172-thread-1] INFO  server.RaftServerConfigKeys (ConfUtils.java:logGet(44)) - raft.server.log.force.sync.num = 128 (default)
2022-04-27 10:51:59,249 [pool-172-thread-1] INFO  server.RaftServerConfigKeys (ConfUtils.java:logGet(44)) - raft.server.log.statemachine.data.sync = true (default)
2022-04-27 10:51:59,249 [pool-172-thread-1] INFO  server.RaftServerConfigKeys (ConfUtils.java:logGet(44)) - raft.server.log.statemachine.data.sync.timeout = 10s (default)
2022-04-27 10:51:59,249 [pool-172-thread-1] INFO  server.RaftServerConfigKeys (ConfUtils.java:logGet(44)) - raft.server.log.statemachine.data.sync.timeout.retry = -1 (default)
2022-04-27 10:51:59,250 [pool-172-thread-1] INFO  server.RaftServerConfigKeys (ConfUtils.java:logGet(44)) - raft.server.log.write.buffer.size = 1048576 (custom)
2022-04-27 10:51:59,251 [pool-172-thread-1] INFO  server.RaftServerConfigKeys (ConfUtils.java:logGet(44)) - raft.server.log.statemachine.data.caching.enabled = true (custom)
2022-04-27 10:51:59,251 [pool-172-thread-1] INFO  segmented.SegmentedRaftLogWorker (SegmentedRaftLogWorker.java:lambda$new$0(133)) - 5e3f1479-9daf-43cd-8651-224960992f9b@group-DFF27B2A1031-SegmentedRaftLogWorker: flushIndex: setUnconditionally 0 -> -1
2022-04-27 10:51:59,251 [pool-172-thread-1] INFO  segmented.SegmentedRaftLogWorker (SegmentedRaftLogWorker.java:lambda$new$0(133)) - 5e3f1479-9daf-43cd-8651-224960992f9b@group-DFF27B2A1031-SegmentedRaftLogWorker: safeCacheEvictIndex: setUnconditionally 0 -> -1
2022-04-27 10:51:59,256 [pool-172-thread-1] INFO  server.RaftServerConfigKeys (ConfUtils.java:logGet(44)) - raft.server.snapshot.auto.trigger.enabled = true (custom)
2022-04-27 10:51:59,256 [pool-172-thread-1] INFO  server.RaftServerConfigKeys (ConfUtils.java:logGet(44)) - raft.server.snapshot.auto.trigger.threshold = 1 (custom)
2022-04-27 10:51:59,256 [pool-172-thread-1] INFO  server.RaftServerConfigKeys (ConfUtils.java:logGet(44)) - raft.server.snapshot.retention.file.num = 5 (custom)
2022-04-27 10:51:59,256 [pool-172-thread-1] INFO  server.RaftServerConfigKeys (ConfUtils.java:logGet(44)) - raft.server.log.purge.upto.snapshot.index = false (default)
2022-04-27 10:51:59,256 [pool-172-thread-1] INFO  server.RaftServerConfigKeys (ConfUtils.java:logGet(44)) - raft.server.retrycache.expirytime = 600000ms (custom)
2022-04-27 10:51:59,257 [pool-172-thread-1] INFO  server.RaftServerConfigKeys (ConfUtils.java:logGet(44)) - raft.server.retrycache.statistics.expirytime = 100μs (default)
2022-04-27 10:51:59,258 [pool-172-thread-1] INFO  server.RaftServer$Division (RaftServerImpl.java:start(301)) - 5e3f1479-9daf-43cd-8651-224960992f9b@group-DFF27B2A1031: start as a follower, conf=-1: [0a06a8c4-9179-4a2e-838b-55c09a430176|rpc:10.1.0.29:39993|dataStream:|priority:0, 5e3f1479-9daf-43cd-8651-224960992f9b|rpc:10.1.0.29:36215|dataStream:|priority:0, 6f2ed759-dfb9-4419-9191-8597321ac421|rpc:10.1.0.29:39501|dataStream:|priority:1], old=null
2022-04-27 10:51:59,258 [pool-172-thread-1] INFO  server.RaftServer$Division (RaftServerImpl.java:setRole(290)) - 5e3f1479-9daf-43cd-8651-224960992f9b@group-DFF27B2A1031: changes role from      null to FOLLOWER at term 0 for startAsFollower
2022-04-27 10:51:59,258 [pool-172-thread-1] INFO  impl.RoleInfo (RoleInfo.java:updateAndGet(130)) - 5e3f1479-9daf-43cd-8651-224960992f9b: start 5e3f1479-9daf-43cd-8651-224960992f9b@group-DFF27B2A1031-FollowerState
2022-04-27 10:51:59,258 [pool-172-thread-1] INFO  util.JmxRegister (JmxRegister.java:tryRegister(44)) - Successfully registered JMX Bean with object name Ratis:service=RaftServer,group=group-DFF27B2A1031,id=5e3f1479-9daf-43cd-8651-224960992f9b
2022-04-27 10:51:59,269 [Command processor thread] INFO  commandhandler.CreatePipelineCommandHandler (CreatePipelineCommandHandler.java:handle(113)) - Created Pipeline RATIS THREE PipelineID=cf80c735-cb93-438b-a05e-dff27b2a1031.
2022-04-27 10:51:59,269 [Command processor thread] INFO  server.RaftServer (RaftServerProxy.java:addNew(95)) - 6f2ed759-dfb9-4419-9191-8597321ac421: addNew group-A1352ADA7BC1:[0a06a8c4-9179-4a2e-838b-55c09a430176|rpc:10.1.0.29:39993|priority:1, 5e3f1479-9daf-43cd-8651-224960992f9b|rpc:10.1.0.29:36215|priority:0, 6f2ed759-dfb9-4419-9191-8597321ac421|rpc:10.1.0.29:39501|priority:0] returns group-A1352ADA7BC1:java.util.concurrent.CompletableFuture@520334f4[Not completed]
2022-04-27 10:51:59,271 [pool-130-thread-1] INFO  server.RaftServer$Division (RaftServerImpl.java:<init>(184)) - 6f2ed759-dfb9-4419-9191-8597321ac421: new RaftServerImpl for group-A1352ADA7BC1:[0a06a8c4-9179-4a2e-838b-55c09a430176|rpc:10.1.0.29:39993|priority:1, 5e3f1479-9daf-43cd-8651-224960992f9b|rpc:10.1.0.29:36215|priority:0, 6f2ed759-dfb9-4419-9191-8597321ac421|rpc:10.1.0.29:39501|priority:0] with ContainerStateMachine:uninitialized
2022-04-27 10:51:59,271 [pool-130-thread-1] INFO  server.RaftServerConfigKeys (ConfUtils.java:logGet(44)) - raft.server.rpc.timeout.min = 5s (custom)
2022-04-27 10:51:59,271 [pool-130-thread-1] INFO  server.RaftServerConfigKeys (ConfUtils.java:logGet(44)) - raft.server.rpc.timeout.max = 5200ms (custom)
2022-04-27 10:51:59,271 [pool-130-thread-1] INFO  server.RaftServerConfigKeys (ConfUtils.java:logGet(44)) - raft.server.rpc.sleep.time = 25ms (default)
2022-04-27 10:51:59,271 [pool-130-thread-1] INFO  server.RaftServerConfigKeys (ConfUtils.java:logGet(44)) - raft.server.rpc.slowness.timeout = 300000ms (custom)
2022-04-27 10:51:59,271 [pool-130-thread-1] INFO  server.RaftServerConfigKeys (ConfUtils.java:logGet(44)) - raft.server.leaderelection.leader.step-down.wait-time = 10s (default)
2022-04-27 10:51:59,271 [pool-130-thread-1] INFO  server.RaftServerConfigKeys (ConfUtils.java:logGet(44)) - raft.server.sleep.deviation.threshold = 300ms (default)
2022-04-27 10:51:59,271 [pool-130-thread-1] INFO  server.RaftServerConfigKeys (ConfUtils.java:logGet(44)) - raft.server.log.appender.install.snapshot.enabled = false (custom)
2022-04-27 10:51:59,271 [pool-130-thread-1] INFO  server.RaftServer$Division (ServerState.java:<init>(105)) - 6f2ed759-dfb9-4419-9191-8597321ac421@group-A1352ADA7BC1: ConfigurationManager, init=-1: [0a06a8c4-9179-4a2e-838b-55c09a430176|rpc:10.1.0.29:39993|priority:1, 5e3f1479-9daf-43cd-8651-224960992f9b|rpc:10.1.0.29:36215|priority:0, 6f2ed759-dfb9-4419-9191-8597321ac421|rpc:10.1.0.29:39501|priority:0], old=null, confs=<EMPTY_MAP>
2022-04-27 10:51:59,271 [pool-130-thread-1] INFO  server.RaftServerConfigKeys (ConfUtils.java:logGet(44)) - raft.server.storage.dir = [/home/runner/work/ozone/ozone/hadoop-ozone/integration-test/target/test-dir/MiniOzoneClusterImpl-6fb830c9-5413-49cc-a625-6cf41c4e5c97/datanode-3/data/ratis] (custom)
2022-04-27 10:51:59,271 [pool-130-thread-1] INFO  server.RaftServerConfigKeys (ConfUtils.java:logGet(44)) - raft.server.log.corruption.policy = EXCEPTION (default)
2022-04-27 10:51:59,272 [pool-130-thread-1] INFO  server.RaftServerConfigKeys (ConfUtils.java:logGet(44)) - raft.server.storage.free-space.min = 0MB (=0) (default)
2022-04-27 10:51:59,272 [pool-130-thread-1] INFO  storage.RaftStorageDirectory (RaftStorageDirectoryImpl.java:analyzeStorage(135)) - The storage directory /home/runner/work/ozone/ozone/hadoop-ozone/integration-test/target/test-dir/MiniOzoneClusterImpl-6fb830c9-5413-49cc-a625-6cf41c4e5c97/datanode-3/data/ratis/bf02a7f3-0536-411e-9f4a-a1352ada7bc1 does not exist. Creating ...
2022-04-27 10:51:59,273 [pool-130-thread-1] INFO  storage.RaftStorageDirectory (RaftStorageDirectoryImpl.java:tryLock(230)) - Lock on /home/runner/work/ozone/ozone/hadoop-ozone/integration-test/target/test-dir/MiniOzoneClusterImpl-6fb830c9-5413-49cc-a625-6cf41c4e5c97/datanode-3/data/ratis/bf02a7f3-0536-411e-9f4a-a1352ada7bc1/in_use.lock acquired by nodename 2917@fv-az270-423
2022-04-27 10:51:59,275 [pool-130-thread-1] INFO  storage.RaftStorage (RaftStorageImpl.java:format(89)) - Storage directory /home/runner/work/ozone/ozone/hadoop-ozone/integration-test/target/test-dir/MiniOzoneClusterImpl-6fb830c9-5413-49cc-a625-6cf41c4e5c97/datanode-3/data/ratis/bf02a7f3-0536-411e-9f4a-a1352ada7bc1 has been successfully formatted.
2022-04-27 10:51:59,275 [pool-130-thread-1] INFO  ratis.ContainerStateMachine (ContainerStateMachine.java:loadSnapshot(236)) - group-A1352ADA7BC1: The snapshot info is null. Setting the last applied indexto:(t:0, i:~)
2022-04-27 10:51:59,275 [pool-130-thread-1] INFO  server.RaftServerConfigKeys (ConfUtils.java:logGet(44)) - raft.server.notification.no-leader.timeout = 300000ms (custom)
2022-04-27 10:51:59,275 [pool-130-thread-1] INFO  server.RaftServerConfigKeys (ConfUtils.java:logGet(44)) - raft.server.log.use.memory = false (default)
2022-04-27 10:51:59,276 [pool-130-thread-1] INFO  server.RaftServerConfigKeys (ConfUtils.java:logGet(44)) - raft.server.log.purge.gap = 1000000 (custom)
2022-04-27 10:51:59,276 [pool-130-thread-1] INFO  server.RaftServerConfigKeys (ConfUtils.java:logGet(44)) - raft.server.log.appender.buffer.byte-limit = 33554432 (custom)
2022-04-27 10:51:59,276 [EventQueue-OpenPipelineForHealthyPipelineSafeModeRule] INFO  safemode.SCMSafeModeManager (HealthyPipelineSafeModeRule.java:process(124)) - SCM in safe mode. Healthy pipelines reported count is 0, required healthy pipeline reported count is 1
2022-04-27 10:51:59,277 [pool-130-thread-1] INFO  server.RaftServerConfigKeys (ConfUtils.java:logGet(44)) - raft.server.log.segment.size.max = 1048576 (custom)
2022-04-27 10:51:59,278 [pool-130-thread-1] INFO  server.RaftServerConfigKeys (ConfUtils.java:logGet(44)) - raft.server.log.segment.cache.num.max = 2 (custom)
2022-04-27 10:51:59,278 [pool-130-thread-1] INFO  server.RaftServerConfigKeys (ConfUtils.java:logGet(44)) - raft.server.log.segment.cache.size.max = 200MB (=209715200) (default)
2022-04-27 10:51:59,278 [pool-130-thread-1] INFO  segmented.SegmentedRaftLogWorker (SegmentedRaftLogWorker.java:<init>(182)) - new 6f2ed759-dfb9-4419-9191-8597321ac421@group-A1352ADA7BC1-SegmentedRaftLogWorker for RaftStorageImpl:Storage Directory /home/runner/work/ozone/ozone/hadoop-ozone/integration-test/target/test-dir/MiniOzoneClusterImpl-6fb830c9-5413-49cc-a625-6cf41c4e5c97/datanode-3/data/ratis/bf02a7f3-0536-411e-9f4a-a1352ada7bc1
2022-04-27 10:51:59,278 [pool-130-thread-1] INFO  server.RaftServerConfigKeys (ConfUtils.java:logGet(44)) - raft.server.log.queue.byte-limit = 4294967296 (custom)
2022-04-27 10:51:59,278 [pool-130-thread-1] INFO  server.RaftServerConfigKeys (ConfUtils.java:logGet(44)) - raft.server.log.queue.element-limit = 1024 (custom)
2022-04-27 10:51:59,278 [pool-130-thread-1] INFO  server.RaftServerConfigKeys (ConfUtils.java:logGet(44)) - raft.server.log.segment.size.max = 1048576 (custom)
2022-04-27 10:51:59,278 [pool-130-thread-1] INFO  server.RaftServerConfigKeys (ConfUtils.java:logGet(44)) - raft.server.log.preallocated.size = 16384 (custom)
2022-04-27 10:51:59,278 [pool-130-thread-1] INFO  server.RaftServerConfigKeys (ConfUtils.java:logGet(44)) - raft.server.log.force.sync.num = 128 (default)
2022-04-27 10:51:59,278 [pool-130-thread-1] INFO  server.RaftServerConfigKeys (ConfUtils.java:logGet(44)) - raft.server.log.statemachine.data.sync = true (default)
2022-04-27 10:51:59,278 [pool-130-thread-1] INFO  server.RaftServerConfigKeys (ConfUtils.java:logGet(44)) - raft.server.log.statemachine.data.sync.timeout = 10s (default)
2022-04-27 10:51:59,278 [pool-130-thread-1] INFO  server.RaftServerConfigKeys (ConfUtils.java:logGet(44)) - raft.server.log.statemachine.data.sync.timeout.retry = -1 (default)
2022-04-27 10:51:59,279 [pool-130-thread-1] INFO  server.RaftServerConfigKeys (ConfUtils.java:logGet(44)) - raft.server.log.write.buffer.size = 1048576 (custom)
2022-04-27 10:51:59,280 [pool-130-thread-1] INFO  server.RaftServerConfigKeys (ConfUtils.java:logGet(44)) - raft.server.log.statemachine.data.caching.enabled = true (custom)
2022-04-27 10:51:59,280 [pool-130-thread-1] INFO  segmented.SegmentedRaftLogWorker (SegmentedRaftLogWorker.java:lambda$new$0(133)) - 6f2ed759-dfb9-4419-9191-8597321ac421@group-A1352ADA7BC1-SegmentedRaftLogWorker: flushIndex: setUnconditionally 0 -> -1
2022-04-27 10:51:59,280 [pool-130-thread-1] INFO  segmented.SegmentedRaftLogWorker (SegmentedRaftLogWorker.java:lambda$new$0(133)) - 6f2ed759-dfb9-4419-9191-8597321ac421@group-A1352ADA7BC1-SegmentedRaftLogWorker: safeCacheEvictIndex: setUnconditionally 0 -> -1
2022-04-27 10:51:59,284 [pool-130-thread-1] INFO  server.RaftServerConfigKeys (ConfUtils.java:logGet(44)) - raft.server.snapshot.auto.trigger.enabled = true (custom)
2022-04-27 10:51:59,284 [pool-130-thread-1] INFO  server.RaftServerConfigKeys (ConfUtils.java:logGet(44)) - raft.server.snapshot.auto.trigger.threshold = 1 (custom)
2022-04-27 10:51:59,284 [pool-130-thread-1] INFO  server.RaftServerConfigKeys (ConfUtils.java:logGet(44)) - raft.server.snapshot.retention.file.num = 5 (custom)
2022-04-27 10:51:59,284 [pool-130-thread-1] INFO  server.RaftServerConfigKeys (ConfUtils.java:logGet(44)) - raft.server.log.purge.upto.snapshot.index = false (default)
2022-04-27 10:51:59,284 [pool-130-thread-1] INFO  server.RaftServerConfigKeys (ConfUtils.java:logGet(44)) - raft.server.retrycache.expirytime = 600000ms (custom)
2022-04-27 10:51:59,284 [pool-130-thread-1] INFO  server.RaftServerConfigKeys (ConfUtils.java:logGet(44)) - raft.server.retrycache.statistics.expirytime = 100μs (default)
2022-04-27 10:51:59,285 [pool-130-thread-1] INFO  server.RaftServer$Division (RaftServerImpl.java:start(301)) - 6f2ed759-dfb9-4419-9191-8597321ac421@group-A1352ADA7BC1: start as a follower, conf=-1: [0a06a8c4-9179-4a2e-838b-55c09a430176|rpc:10.1.0.29:39993|priority:1, 5e3f1479-9daf-43cd-8651-224960992f9b|rpc:10.1.0.29:36215|priority:0, 6f2ed759-dfb9-4419-9191-8597321ac421|rpc:10.1.0.29:39501|priority:0], old=null
2022-04-27 10:51:59,285 [pool-130-thread-1] INFO  server.RaftServer$Division (RaftServerImpl.java:setRole(290)) - 6f2ed759-dfb9-4419-9191-8597321ac421@group-A1352ADA7BC1: changes role from      null to FOLLOWER at term 0 for startAsFollower
2022-04-27 10:51:59,285 [pool-130-thread-1] INFO  impl.RoleInfo (RoleInfo.java:updateAndGet(130)) - 6f2ed759-dfb9-4419-9191-8597321ac421: start 6f2ed759-dfb9-4419-9191-8597321ac421@group-A1352ADA7BC1-FollowerState
2022-04-27 10:51:59,287 [pool-130-thread-1] INFO  util.JmxRegister (JmxRegister.java:tryRegister(44)) - Successfully registered JMX Bean with object name Ratis:service=RaftServer,group=group-A1352ADA7BC1,id=6f2ed759-dfb9-4419-9191-8597321ac421
2022-04-27 10:51:59,292 [Command processor thread] INFO  ratis.XceiverServerRatis (XceiverServerRatis.java:addGroup(765)) - Created group PipelineID=bf02a7f3-0536-411e-9f4a-a1352ada7bc1
2022-04-27 10:51:59,298 [EventQueue-OpenPipelineForHealthyPipelineSafeModeRule] INFO  safemode.SCMSafeModeManager (HealthyPipelineSafeModeRule.java:process(124)) - SCM in safe mode. Healthy pipelines reported count is 0, required healthy pipeline reported count is 1
2022-04-27 10:51:59,304 [grpc-default-executor-0] INFO  server.RaftServer (RaftServerProxy.java:addNew(95)) - 0a06a8c4-9179-4a2e-838b-55c09a430176: addNew group-A1352ADA7BC1:[0a06a8c4-9179-4a2e-838b-55c09a430176|rpc:10.1.0.29:39993|dataStream:|priority:1, 5e3f1479-9daf-43cd-8651-224960992f9b|rpc:10.1.0.29:36215|dataStream:|priority:0, 6f2ed759-dfb9-4419-9191-8597321ac421|rpc:10.1.0.29:39501|dataStream:|priority:0] returns group-A1352ADA7BC1:java.util.concurrent.CompletableFuture@37fdf29b[Not completed]
2022-04-27 10:51:59,305 [pool-151-thread-1] INFO  server.RaftServer$Division (RaftServerImpl.java:<init>(184)) - 0a06a8c4-9179-4a2e-838b-55c09a430176: new RaftServerImpl for group-A1352ADA7BC1:[0a06a8c4-9179-4a2e-838b-55c09a430176|rpc:10.1.0.29:39993|dataStream:|priority:1, 5e3f1479-9daf-43cd-8651-224960992f9b|rpc:10.1.0.29:36215|dataStream:|priority:0, 6f2ed759-dfb9-4419-9191-8597321ac421|rpc:10.1.0.29:39501|dataStream:|priority:0] with ContainerStateMachine:uninitialized
2022-04-27 10:51:59,305 [pool-151-thread-1] INFO  server.RaftServerConfigKeys (ConfUtils.java:logGet(44)) - raft.server.rpc.timeout.min = 5s (custom)
2022-04-27 10:51:59,305 [pool-151-thread-1] INFO  server.RaftServerConfigKeys (ConfUtils.java:logGet(44)) - raft.server.rpc.timeout.max = 5200ms (custom)
2022-04-27 10:51:59,305 [pool-151-thread-1] INFO  server.RaftServerConfigKeys (ConfUtils.java:logGet(44)) - raft.server.rpc.sleep.time = 25ms (default)
2022-04-27 10:51:59,306 [pool-151-thread-1] INFO  server.RaftServerConfigKeys (ConfUtils.java:logGet(44)) - raft.server.rpc.slowness.timeout = 300000ms (custom)
2022-04-27 10:51:59,306 [pool-151-thread-1] INFO  server.RaftServerConfigKeys (ConfUtils.java:logGet(44)) - raft.server.leaderelection.leader.step-down.wait-time = 10s (default)
2022-04-27 10:51:59,306 [pool-151-thread-1] INFO  server.RaftServerConfigKeys (ConfUtils.java:logGet(44)) - raft.server.sleep.deviation.threshold = 300ms (default)
2022-04-27 10:51:59,306 [pool-151-thread-1] INFO  server.RaftServerConfigKeys (ConfUtils.java:logGet(44)) - raft.server.log.appender.install.snapshot.enabled = false (custom)
2022-04-27 10:51:59,306 [pool-151-thread-1] INFO  server.RaftServer$Division (ServerState.java:<init>(105)) - 0a06a8c4-9179-4a2e-838b-55c09a430176@group-A1352ADA7BC1: ConfigurationManager, init=-1: [0a06a8c4-9179-4a2e-838b-55c09a430176|rpc:10.1.0.29:39993|dataStream:|priority:1, 5e3f1479-9daf-43cd-8651-224960992f9b|rpc:10.1.0.29:36215|dataStream:|priority:0, 6f2ed759-dfb9-4419-9191-8597321ac421|rpc:10.1.0.29:39501|dataStream:|priority:0], old=null, confs=<EMPTY_MAP>
2022-04-27 10:51:59,306 [pool-151-thread-1] INFO  server.RaftServerConfigKeys (ConfUtils.java:logGet(44)) - raft.server.storage.dir = [/home/runner/work/ozone/ozone/hadoop-ozone/integration-test/target/test-dir/MiniOzoneClusterImpl-6fb830c9-5413-49cc-a625-6cf41c4e5c97/datanode-4/data/ratis] (custom)
2022-04-27 10:51:59,306 [pool-151-thread-1] INFO  server.RaftServerConfigKeys (ConfUtils.java:logGet(44)) - raft.server.log.corruption.policy = EXCEPTION (default)
2022-04-27 10:51:59,306 [pool-151-thread-1] INFO  server.RaftServerConfigKeys (ConfUtils.java:logGet(44)) - raft.server.storage.free-space.min = 0MB (=0) (default)
2022-04-27 10:51:59,306 [pool-151-thread-1] INFO  storage.RaftStorageDirectory (RaftStorageDirectoryImpl.java:analyzeStorage(135)) - The storage directory /home/runner/work/ozone/ozone/hadoop-ozone/integration-test/target/test-dir/MiniOzoneClusterImpl-6fb830c9-5413-49cc-a625-6cf41c4e5c97/datanode-4/data/ratis/bf02a7f3-0536-411e-9f4a-a1352ada7bc1 does not exist. Creating ...
2022-04-27 10:51:59,308 [pool-151-thread-1] INFO  storage.RaftStorageDirectory (RaftStorageDirectoryImpl.java:tryLock(230)) - Lock on /home/runner/work/ozone/ozone/hadoop-ozone/integration-test/target/test-dir/MiniOzoneClusterImpl-6fb830c9-5413-49cc-a625-6cf41c4e5c97/datanode-4/data/ratis/bf02a7f3-0536-411e-9f4a-a1352ada7bc1/in_use.lock acquired by nodename 2917@fv-az270-423
2022-04-27 10:51:59,309 [pool-151-thread-1] INFO  storage.RaftStorage (RaftStorageImpl.java:format(89)) - Storage directory /home/runner/work/ozone/ozone/hadoop-ozone/integration-test/target/test-dir/MiniOzoneClusterImpl-6fb830c9-5413-49cc-a625-6cf41c4e5c97/datanode-4/data/ratis/bf02a7f3-0536-411e-9f4a-a1352ada7bc1 has been successfully formatted.
2022-04-27 10:51:59,309 [pool-151-thread-1] INFO  ratis.ContainerStateMachine (ContainerStateMachine.java:loadSnapshot(236)) - group-A1352ADA7BC1: The snapshot info is null. Setting the last applied indexto:(t:0, i:~)
2022-04-27 10:51:59,309 [pool-151-thread-1] INFO  server.RaftServerConfigKeys (ConfUtils.java:logGet(44)) - raft.server.notification.no-leader.timeout = 300000ms (custom)
2022-04-27 10:51:59,310 [pool-151-thread-1] INFO  server.RaftServerConfigKeys (ConfUtils.java:logGet(44)) - raft.server.log.use.memory = false (default)
2022-04-27 10:51:59,310 [pool-151-thread-1] INFO  server.RaftServerConfigKeys (ConfUtils.java:logGet(44)) - raft.server.log.purge.gap = 1000000 (custom)
2022-04-27 10:51:59,310 [pool-151-thread-1] INFO  server.RaftServerConfigKeys (ConfUtils.java:logGet(44)) - raft.server.log.appender.buffer.byte-limit = 33554432 (custom)
2022-04-27 10:51:59,310 [pool-151-thread-1] INFO  server.RaftServerConfigKeys (ConfUtils.java:logGet(44)) - raft.server.log.segment.size.max = 1048576 (custom)
2022-04-27 10:51:59,310 [pool-151-thread-1] INFO  server.RaftServerConfigKeys (ConfUtils.java:logGet(44)) - raft.server.log.segment.cache.num.max = 2 (custom)
2022-04-27 10:51:59,310 [pool-151-thread-1] INFO  server.RaftServerConfigKeys (ConfUtils.java:logGet(44)) - raft.server.log.segment.cache.size.max = 200MB (=209715200) (default)
2022-04-27 10:51:59,310 [pool-151-thread-1] INFO  segmented.SegmentedRaftLogWorker (SegmentedRaftLogWorker.java:<init>(182)) - new 0a06a8c4-9179-4a2e-838b-55c09a430176@group-A1352ADA7BC1-SegmentedRaftLogWorker for RaftStorageImpl:Storage Directory /home/runner/work/ozone/ozone/hadoop-ozone/integration-test/target/test-dir/MiniOzoneClusterImpl-6fb830c9-5413-49cc-a625-6cf41c4e5c97/datanode-4/data/ratis/bf02a7f3-0536-411e-9f4a-a1352ada7bc1
2022-04-27 10:51:59,310 [pool-151-thread-1] INFO  server.RaftServerConfigKeys (ConfUtils.java:logGet(44)) - raft.server.log.queue.byte-limit = 4294967296 (custom)
2022-04-27 10:51:59,310 [pool-151-thread-1] INFO  server.RaftServerConfigKeys (ConfUtils.java:logGet(44)) - raft.server.log.queue.element-limit = 1024 (custom)
2022-04-27 10:51:59,311 [pool-151-thread-1] INFO  server.RaftServerConfigKeys (ConfUtils.java:logGet(44)) - raft.server.log.segment.size.max = 1048576 (custom)
2022-04-27 10:51:59,311 [pool-151-thread-1] INFO  server.RaftServerConfigKeys (ConfUtils.java:logGet(44)) - raft.server.log.preallocated.size = 16384 (custom)
2022-04-27 10:51:59,311 [pool-151-thread-1] INFO  server.RaftServerConfigKeys (ConfUtils.java:logGet(44)) - raft.server.log.force.sync.num = 128 (default)
2022-04-27 10:51:59,311 [pool-151-thread-1] INFO  server.RaftServerConfigKeys (ConfUtils.java:logGet(44)) - raft.server.log.statemachine.data.sync = true (default)
2022-04-27 10:51:59,311 [pool-151-thread-1] INFO  server.RaftServerConfigKeys (ConfUtils.java:logGet(44)) - raft.server.log.statemachine.data.sync.timeout = 10s (default)
2022-04-27 10:51:59,311 [pool-151-thread-1] INFO  server.RaftServerConfigKeys (ConfUtils.java:logGet(44)) - raft.server.log.statemachine.data.sync.timeout.retry = -1 (default)
2022-04-27 10:51:59,312 [pool-151-thread-1] INFO  server.RaftServerConfigKeys (ConfUtils.java:logGet(44)) - raft.server.log.write.buffer.size = 1048576 (custom)
2022-04-27 10:51:59,317 [pool-151-thread-1] INFO  server.RaftServerConfigKeys (ConfUtils.java:logGet(44)) - raft.server.log.statemachine.data.caching.enabled = true (custom)
2022-04-27 10:51:59,318 [pool-151-thread-1] INFO  segmented.SegmentedRaftLogWorker (SegmentedRaftLogWorker.java:lambda$new$0(133)) - 0a06a8c4-9179-4a2e-838b-55c09a430176@group-A1352ADA7BC1-SegmentedRaftLogWorker: flushIndex: setUnconditionally 0 -> -1
2022-04-27 10:51:59,318 [pool-151-thread-1] INFO  segmented.SegmentedRaftLogWorker (SegmentedRaftLogWorker.java:lambda$new$0(133)) - 0a06a8c4-9179-4a2e-838b-55c09a430176@group-A1352ADA7BC1-SegmentedRaftLogWorker: safeCacheEvictIndex: setUnconditionally 0 -> -1
2022-04-27 10:51:59,318 [pool-151-thread-1] INFO  server.RaftServerConfigKeys (ConfUtils.java:logGet(44)) - raft.server.snapshot.auto.trigger.enabled = true (custom)
2022-04-27 10:51:59,319 [pool-151-thread-1] INFO  server.RaftServerConfigKeys (ConfUtils.java:logGet(44)) - raft.server.snapshot.auto.trigger.threshold = 1 (custom)
2022-04-27 10:51:59,319 [pool-151-thread-1] INFO  server.RaftServerConfigKeys (ConfUtils.java:logGet(44)) - raft.server.snapshot.retention.file.num = 5 (custom)
2022-04-27 10:51:59,319 [pool-151-thread-1] INFO  server.RaftServerConfigKeys (ConfUtils.java:logGet(44)) - raft.server.log.purge.upto.snapshot.index = false (default)
2022-04-27 10:51:59,319 [pool-151-thread-1] INFO  server.RaftServerConfigKeys (ConfUtils.java:logGet(44)) - raft.server.retrycache.expirytime = 600000ms (custom)
2022-04-27 10:51:59,319 [pool-151-thread-1] INFO  server.RaftServerConfigKeys (ConfUtils.java:logGet(44)) - raft.server.retrycache.statistics.expirytime = 100μs (default)
2022-04-27 10:51:59,320 [pool-151-thread-1] INFO  server.RaftServer$Division (RaftServerImpl.java:start(301)) - 0a06a8c4-9179-4a2e-838b-55c09a430176@group-A1352ADA7BC1: start as a follower, conf=-1: [0a06a8c4-9179-4a2e-838b-55c09a430176|rpc:10.1.0.29:39993|dataStream:|priority:1, 5e3f1479-9daf-43cd-8651-224960992f9b|rpc:10.1.0.29:36215|dataStream:|priority:0, 6f2ed759-dfb9-4419-9191-8597321ac421|rpc:10.1.0.29:39501|dataStream:|priority:0], old=null
2022-04-27 10:51:59,320 [pool-151-thread-1] INFO  server.RaftServer$Division (RaftServerImpl.java:setRole(290)) - 0a06a8c4-9179-4a2e-838b-55c09a430176@group-A1352ADA7BC1: changes role from      null to FOLLOWER at term 0 for startAsFollower
2022-04-27 10:51:59,320 [pool-151-thread-1] INFO  impl.RoleInfo (RoleInfo.java:updateAndGet(130)) - 0a06a8c4-9179-4a2e-838b-55c09a430176: start 0a06a8c4-9179-4a2e-838b-55c09a430176@group-A1352ADA7BC1-FollowerState
2022-04-27 10:51:59,322 [pool-151-thread-1] INFO  util.JmxRegister (JmxRegister.java:tryRegister(44)) - Successfully registered JMX Bean with object name Ratis:service=RaftServer,group=group-A1352ADA7BC1,id=0a06a8c4-9179-4a2e-838b-55c09a430176
2022-04-27 10:51:59,349 [grpc-default-executor-0] INFO  server.RaftServer (RaftServerProxy.java:addNew(95)) - 5e3f1479-9daf-43cd-8651-224960992f9b: addNew group-A1352ADA7BC1:[0a06a8c4-9179-4a2e-838b-55c09a430176|rpc:10.1.0.29:39993|dataStream:|priority:1, 5e3f1479-9daf-43cd-8651-224960992f9b|rpc:10.1.0.29:36215|dataStream:|priority:0, 6f2ed759-dfb9-4419-9191-8597321ac421|rpc:10.1.0.29:39501|dataStream:|priority:0] returns group-A1352ADA7BC1:java.util.concurrent.CompletableFuture@5d39e9d1[Not completed]
2022-04-27 10:51:59,350 [pool-172-thread-1] INFO  server.RaftServer$Division (RaftServerImpl.java:<init>(184)) - 5e3f1479-9daf-43cd-8651-224960992f9b: new RaftServerImpl for group-A1352ADA7BC1:[0a06a8c4-9179-4a2e-838b-55c09a430176|rpc:10.1.0.29:39993|dataStream:|priority:1, 5e3f1479-9daf-43cd-8651-224960992f9b|rpc:10.1.0.29:36215|dataStream:|priority:0, 6f2ed759-dfb9-4419-9191-8597321ac421|rpc:10.1.0.29:39501|dataStream:|priority:0] with ContainerStateMachine:uninitialized
2022-04-27 10:51:59,350 [pool-172-thread-1] INFO  server.RaftServerConfigKeys (ConfUtils.java:logGet(44)) - raft.server.rpc.timeout.min = 5s (custom)
2022-04-27 10:51:59,350 [pool-172-thread-1] INFO  server.RaftServerConfigKeys (ConfUtils.java:logGet(44)) - raft.server.rpc.timeout.max = 5200ms (custom)
2022-04-27 10:51:59,350 [pool-172-thread-1] INFO  server.RaftServerConfigKeys (ConfUtils.java:logGet(44)) - raft.server.rpc.sleep.time = 25ms (default)
2022-04-27 10:51:59,350 [pool-172-thread-1] INFO  server.RaftServerConfigKeys (ConfUtils.java:logGet(44)) - raft.server.rpc.slowness.timeout = 300000ms (custom)
2022-04-27 10:51:59,350 [pool-172-thread-1] INFO  server.RaftServerConfigKeys (ConfUtils.java:logGet(44)) - raft.server.leaderelection.leader.step-down.wait-time = 10s (default)
2022-04-27 10:51:59,350 [pool-172-thread-1] INFO  server.RaftServerConfigKeys (ConfUtils.java:logGet(44)) - raft.server.sleep.deviation.threshold = 300ms (default)
2022-04-27 10:51:59,351 [pool-172-thread-1] INFO  server.RaftServerConfigKeys (ConfUtils.java:logGet(44)) - raft.server.log.appender.install.snapshot.enabled = false (custom)
2022-04-27 10:51:59,351 [pool-172-thread-1] INFO  server.RaftServer$Division (ServerState.java:<init>(105)) - 5e3f1479-9daf-43cd-8651-224960992f9b@group-A1352ADA7BC1: ConfigurationManager, init=-1: [0a06a8c4-9179-4a2e-838b-55c09a430176|rpc:10.1.0.29:39993|dataStream:|priority:1, 5e3f1479-9daf-43cd-8651-224960992f9b|rpc:10.1.0.29:36215|dataStream:|priority:0, 6f2ed759-dfb9-4419-9191-8597321ac421|rpc:10.1.0.29:39501|dataStream:|priority:0], old=null, confs=<EMPTY_MAP>
2022-04-27 10:51:59,351 [pool-172-thread-1] INFO  server.RaftServerConfigKeys (ConfUtils.java:logGet(44)) - raft.server.storage.dir = [/home/runner/work/ozone/ozone/hadoop-ozone/integration-test/target/test-dir/MiniOzoneClusterImpl-6fb830c9-5413-49cc-a625-6cf41c4e5c97/datanode-5/data/ratis] (custom)
2022-04-27 10:51:59,351 [pool-172-thread-1] INFO  server.RaftServerConfigKeys (ConfUtils.java:logGet(44)) - raft.server.log.corruption.policy = EXCEPTION (default)
2022-04-27 10:51:59,351 [pool-172-thread-1] INFO  server.RaftServerConfigKeys (ConfUtils.java:logGet(44)) - raft.server.storage.free-space.min = 0MB (=0) (default)
2022-04-27 10:51:59,351 [pool-172-thread-1] INFO  storage.RaftStorageDirectory (RaftStorageDirectoryImpl.java:analyzeStorage(135)) - The storage directory /home/runner/work/ozone/ozone/hadoop-ozone/integration-test/target/test-dir/MiniOzoneClusterImpl-6fb830c9-5413-49cc-a625-6cf41c4e5c97/datanode-5/data/ratis/bf02a7f3-0536-411e-9f4a-a1352ada7bc1 does not exist. Creating ...
2022-04-27 10:51:59,352 [pool-172-thread-1] INFO  storage.RaftStorageDirectory (RaftStorageDirectoryImpl.java:tryLock(230)) - Lock on /home/runner/work/ozone/ozone/hadoop-ozone/integration-test/target/test-dir/MiniOzoneClusterImpl-6fb830c9-5413-49cc-a625-6cf41c4e5c97/datanode-5/data/ratis/bf02a7f3-0536-411e-9f4a-a1352ada7bc1/in_use.lock acquired by nodename 2917@fv-az270-423
2022-04-27 10:51:59,354 [pool-172-thread-1] INFO  storage.RaftStorage (RaftStorageImpl.java:format(89)) - Storage directory /home/runner/work/ozone/ozone/hadoop-ozone/integration-test/target/test-dir/MiniOzoneClusterImpl-6fb830c9-5413-49cc-a625-6cf41c4e5c97/datanode-5/data/ratis/bf02a7f3-0536-411e-9f4a-a1352ada7bc1 has been successfully formatted.
2022-04-27 10:51:59,355 [pool-172-thread-1] INFO  ratis.ContainerStateMachine (ContainerStateMachine.java:loadSnapshot(236)) - group-A1352ADA7BC1: The snapshot info is null. Setting the last applied indexto:(t:0, i:~)
2022-04-27 10:51:59,355 [pool-172-thread-1] INFO  server.RaftServerConfigKeys (ConfUtils.java:logGet(44)) - raft.server.notification.no-leader.timeout = 300000ms (custom)
2022-04-27 10:51:59,355 [pool-172-thread-1] INFO  server.RaftServerConfigKeys (ConfUtils.java:logGet(44)) - raft.server.log.use.memory = false (default)
2022-04-27 10:51:59,355 [pool-172-thread-1] INFO  server.RaftServerConfigKeys (ConfUtils.java:logGet(44)) - raft.server.log.purge.gap = 1000000 (custom)
2022-04-27 10:51:59,355 [pool-172-thread-1] INFO  server.RaftServerConfigKeys (ConfUtils.java:logGet(44)) - raft.server.log.appender.buffer.byte-limit = 33554432 (custom)
2022-04-27 10:51:59,356 [pool-172-thread-1] INFO  server.RaftServerConfigKeys (ConfUtils.java:logGet(44)) - raft.server.log.segment.size.max = 1048576 (custom)
2022-04-27 10:51:59,356 [pool-172-thread-1] INFO  server.RaftServerConfigKeys (ConfUtils.java:logGet(44)) - raft.server.log.segment.cache.num.max = 2 (custom)
2022-04-27 10:51:59,357 [pool-172-thread-1] INFO  server.RaftServerConfigKeys (ConfUtils.java:logGet(44)) - raft.server.log.segment.cache.size.max = 200MB (=209715200) (default)
2022-04-27 10:51:59,357 [pool-172-thread-1] INFO  segmented.SegmentedRaftLogWorker (SegmentedRaftLogWorker.java:<init>(182)) - new 5e3f1479-9daf-43cd-8651-224960992f9b@group-A1352ADA7BC1-SegmentedRaftLogWorker for RaftStorageImpl:Storage Directory /home/runner/work/ozone/ozone/hadoop-ozone/integration-test/target/test-dir/MiniOzoneClusterImpl-6fb830c9-5413-49cc-a625-6cf41c4e5c97/datanode-5/data/ratis/bf02a7f3-0536-411e-9f4a-a1352ada7bc1
2022-04-27 10:51:59,357 [pool-172-thread-1] INFO  server.RaftServerConfigKeys (ConfUtils.java:logGet(44)) - raft.server.log.queue.byte-limit = 4294967296 (custom)
2022-04-27 10:51:59,357 [pool-172-thread-1] INFO  server.RaftServerConfigKeys (ConfUtils.java:logGet(44)) - raft.server.log.queue.element-limit = 1024 (custom)
2022-04-27 10:51:59,357 [pool-172-thread-1] INFO  server.RaftServerConfigKeys (ConfUtils.java:logGet(44)) - raft.server.log.segment.size.max = 1048576 (custom)
2022-04-27 10:51:59,357 [pool-172-thread-1] INFO  server.RaftServerConfigKeys (ConfUtils.java:logGet(44)) - raft.server.log.preallocated.size = 16384 (custom)
2022-04-27 10:51:59,357 [pool-172-thread-1] INFO  server.RaftServerConfigKeys (ConfUtils.java:logGet(44)) - raft.server.log.force.sync.num = 128 (default)
2022-04-27 10:51:59,357 [pool-172-thread-1] INFO  server.RaftServerConfigKeys (ConfUtils.java:logGet(44)) - raft.server.log.statemachine.data.sync = true (default)
2022-04-27 10:51:59,358 [pool-172-thread-1] INFO  server.RaftServerConfigKeys (ConfUtils.java:logGet(44)) - raft.server.log.statemachine.data.sync.timeout = 10s (default)
2022-04-27 10:51:59,358 [pool-172-thread-1] INFO  server.RaftServerConfigKeys (ConfUtils.java:logGet(44)) - raft.server.log.statemachine.data.sync.timeout.retry = -1 (default)
2022-04-27 10:51:59,358 [pool-172-thread-1] INFO  server.RaftServerConfigKeys (ConfUtils.java:logGet(44)) - raft.server.log.write.buffer.size = 1048576 (custom)
2022-04-27 10:51:59,359 [pool-172-thread-1] INFO  server.RaftServerConfigKeys (ConfUtils.java:logGet(44)) - raft.server.log.statemachine.data.caching.enabled = true (custom)
2022-04-27 10:51:59,360 [pool-172-thread-1] INFO  segmented.SegmentedRaftLogWorker (SegmentedRaftLogWorker.java:lambda$new$0(133)) - 5e3f1479-9daf-43cd-8651-224960992f9b@group-A1352ADA7BC1-SegmentedRaftLogWorker: flushIndex: setUnconditionally 0 -> -1
2022-04-27 10:51:59,360 [pool-172-thread-1] INFO  segmented.SegmentedRaftLogWorker (SegmentedRaftLogWorker.java:lambda$new$0(133)) - 5e3f1479-9daf-43cd-8651-224960992f9b@group-A1352ADA7BC1-SegmentedRaftLogWorker: safeCacheEvictIndex: setUnconditionally 0 -> -1
2022-04-27 10:51:59,360 [pool-172-thread-1] INFO  server.RaftServerConfigKeys (ConfUtils.java:logGet(44)) - raft.server.snapshot.auto.trigger.enabled = true (custom)
2022-04-27 10:51:59,360 [pool-172-thread-1] INFO  server.RaftServerConfigKeys (ConfUtils.java:logGet(44)) - raft.server.snapshot.auto.trigger.threshold = 1 (custom)
2022-04-27 10:51:59,360 [pool-172-thread-1] INFO  server.RaftServerConfigKeys (ConfUtils.java:logGet(44)) - raft.server.snapshot.retention.file.num = 5 (custom)
2022-04-27 10:51:59,360 [pool-172-thread-1] INFO  server.RaftServerConfigKeys (ConfUtils.java:logGet(44)) - raft.server.log.purge.upto.snapshot.index = false (default)
2022-04-27 10:51:59,360 [pool-172-thread-1] INFO  server.RaftServerConfigKeys (ConfUtils.java:logGet(44)) - raft.server.retrycache.expirytime = 600000ms (custom)
2022-04-27 10:51:59,360 [pool-172-thread-1] INFO  server.RaftServerConfigKeys (ConfUtils.java:logGet(44)) - raft.server.retrycache.statistics.expirytime = 100μs (default)
2022-04-27 10:51:59,361 [pool-172-thread-1] INFO  server.RaftServer$Division (RaftServerImpl.java:start(301)) - 5e3f1479-9daf-43cd-8651-224960992f9b@group-A1352ADA7BC1: start as a follower, conf=-1: [0a06a8c4-9179-4a2e-838b-55c09a430176|rpc:10.1.0.29:39993|dataStream:|priority:1, 5e3f1479-9daf-43cd-8651-224960992f9b|rpc:10.1.0.29:36215|dataStream:|priority:0, 6f2ed759-dfb9-4419-9191-8597321ac421|rpc:10.1.0.29:39501|dataStream:|priority:0], old=null
2022-04-27 10:51:59,361 [pool-172-thread-1] INFO  server.RaftServer$Division (RaftServerImpl.java:setRole(290)) - 5e3f1479-9daf-43cd-8651-224960992f9b@group-A1352ADA7BC1: changes role from      null to FOLLOWER at term 0 for startAsFollower
2022-04-27 10:51:59,362 [pool-172-thread-1] INFO  impl.RoleInfo (RoleInfo.java:updateAndGet(130)) - 5e3f1479-9daf-43cd-8651-224960992f9b: start 5e3f1479-9daf-43cd-8651-224960992f9b@group-A1352ADA7BC1-FollowerState
2022-04-27 10:51:59,362 [pool-172-thread-1] INFO  util.JmxRegister (JmxRegister.java:tryRegister(44)) - Successfully registered JMX Bean with object name Ratis:service=RaftServer,group=group-A1352ADA7BC1,id=5e3f1479-9daf-43cd-8651-224960992f9b
2022-04-27 10:51:59,368 [Command processor thread] INFO  commandhandler.CreatePipelineCommandHandler (CreatePipelineCommandHandler.java:handle(113)) - Created Pipeline RATIS THREE PipelineID=bf02a7f3-0536-411e-9f4a-a1352ada7bc1.
2022-04-27 10:51:59,415 [Listener at 127.0.0.1/43313] INFO  ozone.MiniOzoneClusterImpl (MiniOzoneClusterImpl.java:lambda$waitForClusterToBeReady$0(221)) - Nodes are ready. Got 10 of 10 DN Heartbeats.
2022-04-27 10:51:59,415 [Listener at 127.0.0.1/43313] INFO  ozone.MiniOzoneClusterImpl (MiniOzoneClusterImpl.java:lambda$waitForClusterToBeReady$0(224)) - Waiting for cluster to exit safe mode
2022-04-27 10:51:59,415 [Listener at 127.0.0.1/43313] INFO  ozone.MiniOzoneClusterImpl (MiniOzoneClusterImpl.java:lambda$waitForClusterToBeReady$0(226)) - SCM became leader
2022-04-27 10:51:59,470 [EventQueue-OpenPipelineForHealthyPipelineSafeModeRule] INFO  safemode.SCMSafeModeManager (HealthyPipelineSafeModeRule.java:process(124)) - SCM in safe mode. Healthy pipelines reported count is 0, required healthy pipeline reported count is 1
2022-04-27 10:51:59,476 [EventQueue-OpenPipelineForHealthyPipelineSafeModeRule] INFO  safemode.SCMSafeModeManager (HealthyPipelineSafeModeRule.java:process(124)) - SCM in safe mode. Healthy pipelines reported count is 0, required healthy pipeline reported count is 1
2022-04-27 10:51:59,515 [Command processor thread] INFO  server.RaftServer (RaftServerProxy.java:addNew(95)) - 0a06a8c4-9179-4a2e-838b-55c09a430176: addNew group-2F55A4FC3E5E:[0a06a8c4-9179-4a2e-838b-55c09a430176|rpc:10.1.0.29:39993|priority:1] returns group-2F55A4FC3E5E:java.util.concurrent.CompletableFuture@4679b8cd[Not completed]
2022-04-27 10:51:59,517 [pool-151-thread-1] INFO  server.RaftServer$Division (RaftServerImpl.java:<init>(184)) - 0a06a8c4-9179-4a2e-838b-55c09a430176: new RaftServerImpl for group-2F55A4FC3E5E:[0a06a8c4-9179-4a2e-838b-55c09a430176|rpc:10.1.0.29:39993|priority:1] with ContainerStateMachine:uninitialized
2022-04-27 10:51:59,517 [pool-151-thread-1] INFO  server.RaftServerConfigKeys (ConfUtils.java:logGet(44)) - raft.server.rpc.timeout.min = 5s (custom)
2022-04-27 10:51:59,517 [pool-151-thread-1] INFO  server.RaftServerConfigKeys (ConfUtils.java:logGet(44)) - raft.server.rpc.timeout.max = 5200ms (custom)
2022-04-27 10:51:59,517 [pool-151-thread-1] INFO  server.RaftServerConfigKeys (ConfUtils.java:logGet(44)) - raft.server.rpc.sleep.time = 25ms (default)
2022-04-27 10:51:59,517 [pool-151-thread-1] INFO  server.RaftServerConfigKeys (ConfUtils.java:logGet(44)) - raft.server.rpc.slowness.timeout = 300000ms (custom)
2022-04-27 10:51:59,517 [pool-151-thread-1] INFO  server.RaftServerConfigKeys (ConfUtils.java:logGet(44)) - raft.server.leaderelection.leader.step-down.wait-time = 10s (default)
2022-04-27 10:51:59,517 [pool-151-thread-1] INFO  server.RaftServerConfigKeys (ConfUtils.java:logGet(44)) - raft.server.sleep.deviation.threshold = 300ms (default)
2022-04-27 10:51:59,517 [pool-151-thread-1] INFO  server.RaftServerConfigKeys (ConfUtils.java:logGet(44)) - raft.server.log.appender.install.snapshot.enabled = false (custom)
2022-04-27 10:51:59,517 [pool-151-thread-1] INFO  server.RaftServer$Division (ServerState.java:<init>(105)) - 0a06a8c4-9179-4a2e-838b-55c09a430176@group-2F55A4FC3E5E: ConfigurationManager, init=-1: [0a06a8c4-9179-4a2e-838b-55c09a430176|rpc:10.1.0.29:39993|priority:1], old=null, confs=<EMPTY_MAP>
2022-04-27 10:51:59,517 [pool-151-thread-1] INFO  server.RaftServerConfigKeys (ConfUtils.java:logGet(44)) - raft.server.storage.dir = [/home/runner/work/ozone/ozone/hadoop-ozone/integration-test/target/test-dir/MiniOzoneClusterImpl-6fb830c9-5413-49cc-a625-6cf41c4e5c97/datanode-4/data/ratis] (custom)
2022-04-27 10:51:59,517 [pool-151-thread-1] INFO  server.RaftServerConfigKeys (ConfUtils.java:logGet(44)) - raft.server.log.corruption.policy = EXCEPTION (default)
2022-04-27 10:51:59,518 [pool-151-thread-1] INFO  server.RaftServerConfigKeys (ConfUtils.java:logGet(44)) - raft.server.storage.free-space.min = 0MB (=0) (default)
2022-04-27 10:51:59,518 [pool-151-thread-1] INFO  storage.RaftStorageDirectory (RaftStorageDirectoryImpl.java:analyzeStorage(135)) - The storage directory /home/runner/work/ozone/ozone/hadoop-ozone/integration-test/target/test-dir/MiniOzoneClusterImpl-6fb830c9-5413-49cc-a625-6cf41c4e5c97/datanode-4/data/ratis/8a4d7d21-f02d-4242-9d7f-2f55a4fc3e5e does not exist. Creating ...
2022-04-27 10:51:59,519 [pool-151-thread-1] INFO  storage.RaftStorageDirectory (RaftStorageDirectoryImpl.java:tryLock(230)) - Lock on /home/runner/work/ozone/ozone/hadoop-ozone/integration-test/target/test-dir/MiniOzoneClusterImpl-6fb830c9-5413-49cc-a625-6cf41c4e5c97/datanode-4/data/ratis/8a4d7d21-f02d-4242-9d7f-2f55a4fc3e5e/in_use.lock acquired by nodename 2917@fv-az270-423
2022-04-27 10:51:59,521 [pool-151-thread-1] INFO  storage.RaftStorage (RaftStorageImpl.java:format(89)) - Storage directory /home/runner/work/ozone/ozone/hadoop-ozone/integration-test/target/test-dir/MiniOzoneClusterImpl-6fb830c9-5413-49cc-a625-6cf41c4e5c97/datanode-4/data/ratis/8a4d7d21-f02d-4242-9d7f-2f55a4fc3e5e has been successfully formatted.
2022-04-27 10:51:59,521 [pool-151-thread-1] INFO  ratis.ContainerStateMachine (ContainerStateMachine.java:loadSnapshot(236)) - group-2F55A4FC3E5E: The snapshot info is null. Setting the last applied indexto:(t:0, i:~)
2022-04-27 10:51:59,522 [EventQueue-PipelineReportForPipelineReportHandler] INFO  pipeline.PipelineManagerImpl (PipelineManagerImpl.java:openPipeline(328)) - Pipeline Pipeline[ Id: 8a4d7d21-f02d-4242-9d7f-2f55a4fc3e5e, Nodes: 0a06a8c4-9179-4a2e-838b-55c09a430176{ip: 10.1.0.29, host: fv-az270-423.tacnzluakwdehk1hpragurqkma.bx.internal.cloudapp.net, ports: [REPLICATION=38343, RATIS=39993, RATIS_ADMIN=39993, RATIS_SERVER=39993, STANDALONE=39275], networkLocation: /default-rack, certSerialId: null, persistedOpState: IN_SERVICE, persistedOpStateExpiryEpochSec: 0}, ReplicationConfig: RATIS/ONE, State:ALLOCATED, leaderId:0a06a8c4-9179-4a2e-838b-55c09a430176, CreationTimestamp2022-04-27T10:51:56.522Z[Etc/UTC]] moved to OPEN state
2022-04-27 10:51:59,523 [EventQueue-OpenPipelineForHealthyPipelineSafeModeRule] INFO  safemode.SCMSafeModeManager (HealthyPipelineSafeModeRule.java:process(124)) - SCM in safe mode. Healthy pipelines reported count is 0, required healthy pipeline reported count is 1
2022-04-27 10:51:59,524 [pool-151-thread-1] INFO  server.RaftServerConfigKeys (ConfUtils.java:logGet(44)) - raft.server.notification.no-leader.timeout = 300000ms (custom)
2022-04-27 10:51:59,526 [pool-151-thread-1] INFO  server.RaftServerConfigKeys (ConfUtils.java:logGet(44)) - raft.server.log.use.memory = false (default)
2022-04-27 10:51:59,526 [pool-151-thread-1] INFO  server.RaftServerConfigKeys (ConfUtils.java:logGet(44)) - raft.server.log.purge.gap = 1000000 (custom)
2022-04-27 10:51:59,526 [pool-151-thread-1] INFO  server.RaftServerConfigKeys (ConfUtils.java:logGet(44)) - raft.server.log.appender.buffer.byte-limit = 33554432 (custom)
2022-04-27 10:51:59,526 [pool-151-thread-1] INFO  server.RaftServerConfigKeys (ConfUtils.java:logGet(44)) - raft.server.log.segment.size.max = 1048576 (custom)
2022-04-27 10:51:59,526 [pool-151-thread-1] INFO  server.RaftServerConfigKeys (ConfUtils.java:logGet(44)) - raft.server.log.segment.cache.num.max = 2 (custom)
2022-04-27 10:51:59,527 [pool-151-thread-1] INFO  server.RaftServerConfigKeys (ConfUtils.java:logGet(44)) - raft.server.log.segment.cache.size.max = 200MB (=209715200) (default)
2022-04-27 10:51:59,527 [pool-151-thread-1] INFO  segmented.SegmentedRaftLogWorker (SegmentedRaftLogWorker.java:<init>(182)) - new 0a06a8c4-9179-4a2e-838b-55c09a430176@group-2F55A4FC3E5E-SegmentedRaftLogWorker for RaftStorageImpl:Storage Directory /home/runner/work/ozone/ozone/hadoop-ozone/integration-test/target/test-dir/MiniOzoneClusterImpl-6fb830c9-5413-49cc-a625-6cf41c4e5c97/datanode-4/data/ratis/8a4d7d21-f02d-4242-9d7f-2f55a4fc3e5e
2022-04-27 10:51:59,527 [pool-151-thread-1] INFO  server.RaftServerConfigKeys (ConfUtils.java:logGet(44)) - raft.server.log.queue.byte-limit = 4294967296 (custom)
2022-04-27 10:51:59,527 [pool-151-thread-1] INFO  server.RaftServerConfigKeys (ConfUtils.java:logGet(44)) - raft.server.log.queue.element-limit = 1024 (custom)
2022-04-27 10:51:59,527 [pool-151-thread-1] INFO  server.RaftServerConfigKeys (ConfUtils.java:logGet(44)) - raft.server.log.segment.size.max = 1048576 (custom)
2022-04-27 10:51:59,527 [pool-151-thread-1] INFO  server.RaftServerConfigKeys (ConfUtils.java:logGet(44)) - raft.server.log.preallocated.size = 16384 (custom)
2022-04-27 10:51:59,527 [pool-151-thread-1] INFO  server.RaftServerConfigKeys (ConfUtils.java:logGet(44)) - raft.server.log.force.sync.num = 128 (default)
2022-04-27 10:51:59,527 [pool-151-thread-1] INFO  server.RaftServerConfigKeys (ConfUtils.java:logGet(44)) - raft.server.log.statemachine.data.sync = true (default)
2022-04-27 10:51:59,527 [pool-151-thread-1] INFO  server.RaftServerConfigKeys (ConfUtils.java:logGet(44)) - raft.server.log.statemachine.data.sync.timeout = 10s (default)
2022-04-27 10:51:59,527 [pool-151-thread-1] INFO  server.RaftServerConfigKeys (ConfUtils.java:logGet(44)) - raft.server.log.statemachine.data.sync.timeout.retry = -1 (default)
2022-04-27 10:51:59,528 [pool-151-thread-1] INFO  server.RaftServerConfigKeys (ConfUtils.java:logGet(44)) - raft.server.log.write.buffer.size = 1048576 (custom)
2022-04-27 10:51:59,529 [pool-151-thread-1] INFO  server.RaftServerConfigKeys (ConfUtils.java:logGet(44)) - raft.server.log.statemachine.data.caching.enabled = true (custom)
2022-04-27 10:51:59,529 [pool-151-thread-1] INFO  segmented.SegmentedRaftLogWorker (SegmentedRaftLogWorker.java:lambda$new$0(133)) - 0a06a8c4-9179-4a2e-838b-55c09a430176@group-2F55A4FC3E5E-SegmentedRaftLogWorker: flushIndex: setUnconditionally 0 -> -1
2022-04-27 10:51:59,529 [pool-151-thread-1] INFO  segmented.SegmentedRaftLogWorker (SegmentedRaftLogWorker.java:lambda$new$0(133)) - 0a06a8c4-9179-4a2e-838b-55c09a430176@group-2F55A4FC3E5E-SegmentedRaftLogWorker: safeCacheEvictIndex: setUnconditionally 0 -> -1
2022-04-27 10:51:59,529 [pool-151-thread-1] INFO  server.RaftServerConfigKeys (ConfUtils.java:logGet(44)) - raft.server.snapshot.auto.trigger.enabled = true (custom)
2022-04-27 10:51:59,530 [pool-151-thread-1] INFO  server.RaftServerConfigKeys (ConfUtils.java:logGet(44)) - raft.server.snapshot.auto.trigger.threshold = 1 (custom)
2022-04-27 10:51:59,530 [pool-151-thread-1] INFO  server.RaftServerConfigKeys (ConfUtils.java:logGet(44)) - raft.server.snapshot.retention.file.num = 5 (custom)
2022-04-27 10:51:59,530 [pool-151-thread-1] INFO  server.RaftServerConfigKeys (ConfUtils.java:logGet(44)) - raft.server.log.purge.upto.snapshot.index = false (default)
2022-04-27 10:51:59,530 [pool-151-thread-1] INFO  server.RaftServerConfigKeys (ConfUtils.java:logGet(44)) - raft.server.retrycache.expirytime = 600000ms (custom)
2022-04-27 10:51:59,530 [pool-151-thread-1] INFO  server.RaftServerConfigKeys (ConfUtils.java:logGet(44)) - raft.server.retrycache.statistics.expirytime = 100μs (default)
2022-04-27 10:51:59,531 [pool-151-thread-1] INFO  server.RaftServer$Division (RaftServerImpl.java:start(301)) - 0a06a8c4-9179-4a2e-838b-55c09a430176@group-2F55A4FC3E5E: start as a follower, conf=-1: [0a06a8c4-9179-4a2e-838b-55c09a430176|rpc:10.1.0.29:39993|priority:1], old=null
2022-04-27 10:51:59,531 [pool-151-thread-1] INFO  server.RaftServer$Division (RaftServerImpl.java:setRole(290)) - 0a06a8c4-9179-4a2e-838b-55c09a430176@group-2F55A4FC3E5E: changes role from      null to FOLLOWER at term 0 for startAsFollower
2022-04-27 10:51:59,531 [pool-151-thread-1] INFO  impl.RoleInfo (RoleInfo.java:updateAndGet(130)) - 0a06a8c4-9179-4a2e-838b-55c09a430176: start 0a06a8c4-9179-4a2e-838b-55c09a430176@group-2F55A4FC3E5E-FollowerState
2022-04-27 10:51:59,532 [pool-151-thread-1] INFO  util.JmxRegister (JmxRegister.java:tryRegister(44)) - Successfully registered JMX Bean with object name Ratis:service=RaftServer,group=group-2F55A4FC3E5E,id=0a06a8c4-9179-4a2e-838b-55c09a430176
2022-04-27 10:51:59,533 [Command processor thread] INFO  ratis.XceiverServerRatis (XceiverServerRatis.java:addGroup(765)) - Created group PipelineID=8a4d7d21-f02d-4242-9d7f-2f55a4fc3e5e
2022-04-27 10:51:59,533 [Command processor thread] INFO  commandhandler.CreatePipelineCommandHandler (CreatePipelineCommandHandler.java:handle(113)) - Created Pipeline RATIS ONE PipelineID=8a4d7d21-f02d-4242-9d7f-2f55a4fc3e5e.
2022-04-27 10:51:59,580 [EventQueue-OpenPipelineForHealthyPipelineSafeModeRule] INFO  safemode.SCMSafeModeManager (HealthyPipelineSafeModeRule.java:process(124)) - SCM in safe mode. Healthy pipelines reported count is 0, required healthy pipeline reported count is 1
2022-04-27 10:51:59,670 [EventQueue-OpenPipelineForHealthyPipelineSafeModeRule] INFO  safemode.SCMSafeModeManager (HealthyPipelineSafeModeRule.java:process(124)) - SCM in safe mode. Healthy pipelines reported count is 0, required healthy pipeline reported count is 1
2022-04-27 10:51:59,676 [EventQueue-OpenPipelineForHealthyPipelineSafeModeRule] INFO  safemode.SCMSafeModeManager (HealthyPipelineSafeModeRule.java:process(124)) - SCM in safe mode. Healthy pipelines reported count is 0, required healthy pipeline reported count is 1
2022-04-27 10:51:59,696 [EventQueue-OpenPipelineForHealthyPipelineSafeModeRule] INFO  safemode.SCMSafeModeManager (HealthyPipelineSafeModeRule.java:process(124)) - SCM in safe mode. Healthy pipelines reported count is 0, required healthy pipeline reported count is 1
2022-04-27 10:51:59,723 [EventQueue-OpenPipelineForHealthyPipelineSafeModeRule] INFO  safemode.SCMSafeModeManager (HealthyPipelineSafeModeRule.java:process(124)) - SCM in safe mode. Healthy pipelines reported count is 0, required healthy pipeline reported count is 1
2022-04-27 10:51:59,782 [EventQueue-OpenPipelineForHealthyPipelineSafeModeRule] INFO  safemode.SCMSafeModeManager (HealthyPipelineSafeModeRule.java:process(124)) - SCM in safe mode. Healthy pipelines reported count is 0, required healthy pipeline reported count is 1
2022-04-27 10:51:59,871 [EventQueue-OpenPipelineForHealthyPipelineSafeModeRule] INFO  safemode.SCMSafeModeManager (HealthyPipelineSafeModeRule.java:process(124)) - SCM in safe mode. Healthy pipelines reported count is 0, required healthy pipeline reported count is 1
2022-04-27 10:51:59,908 [Command processor thread] INFO  server.RaftServer (RaftServerProxy.java:addNew(95)) - 5e3f1479-9daf-43cd-8651-224960992f9b: addNew group-760431D8F0E0:[5e3f1479-9daf-43cd-8651-224960992f9b|rpc:10.1.0.29:36215|priority:1] returns group-760431D8F0E0:java.util.concurrent.CompletableFuture@7991c5eb[Not completed]
2022-04-27 10:51:59,909 [pool-172-thread-1] INFO  server.RaftServer$Division (RaftServerImpl.java:<init>(184)) - 5e3f1479-9daf-43cd-8651-224960992f9b: new RaftServerImpl for group-760431D8F0E0:[5e3f1479-9daf-43cd-8651-224960992f9b|rpc:10.1.0.29:36215|priority:1] with ContainerStateMachine:uninitialized
2022-04-27 10:51:59,909 [pool-172-thread-1] INFO  server.RaftServerConfigKeys (ConfUtils.java:logGet(44)) - raft.server.rpc.timeout.min = 5s (custom)
2022-04-27 10:51:59,910 [pool-172-thread-1] INFO  server.RaftServerConfigKeys (ConfUtils.java:logGet(44)) - raft.server.rpc.timeout.max = 5200ms (custom)
2022-04-27 10:51:59,910 [pool-172-thread-1] INFO  server.RaftServerConfigKeys (ConfUtils.java:logGet(44)) - raft.server.rpc.sleep.time = 25ms (default)
2022-04-27 10:51:59,910 [pool-172-thread-1] INFO  server.RaftServerConfigKeys (ConfUtils.java:logGet(44)) - raft.server.rpc.slowness.timeout = 300000ms (custom)
2022-04-27 10:51:59,910 [pool-172-thread-1] INFO  server.RaftServerConfigKeys (ConfUtils.java:logGet(44)) - raft.server.leaderelection.leader.step-down.wait-time = 10s (default)
2022-04-27 10:51:59,910 [pool-172-thread-1] INFO  server.RaftServerConfigKeys (ConfUtils.java:logGet(44)) - raft.server.sleep.deviation.threshold = 300ms (default)
2022-04-27 10:51:59,910 [pool-172-thread-1] INFO  server.RaftServerConfigKeys (ConfUtils.java:logGet(44)) - raft.server.log.appender.install.snapshot.enabled = false (custom)
2022-04-27 10:51:59,910 [pool-172-thread-1] INFO  server.RaftServer$Division (ServerState.java:<init>(105)) - 5e3f1479-9daf-43cd-8651-224960992f9b@group-760431D8F0E0: ConfigurationManager, init=-1: [5e3f1479-9daf-43cd-8651-224960992f9b|rpc:10.1.0.29:36215|priority:1], old=null, confs=<EMPTY_MAP>
2022-04-27 10:51:59,910 [pool-172-thread-1] INFO  server.RaftServerConfigKeys (ConfUtils.java:logGet(44)) - raft.server.storage.dir = [/home/runner/work/ozone/ozone/hadoop-ozone/integration-test/target/test-dir/MiniOzoneClusterImpl-6fb830c9-5413-49cc-a625-6cf41c4e5c97/datanode-5/data/ratis] (custom)
2022-04-27 10:51:59,910 [pool-172-thread-1] INFO  server.RaftServerConfigKeys (ConfUtils.java:logGet(44)) - raft.server.log.corruption.policy = EXCEPTION (default)
2022-04-27 10:51:59,910 [pool-172-thread-1] INFO  server.RaftServerConfigKeys (ConfUtils.java:logGet(44)) - raft.server.storage.free-space.min = 0MB (=0) (default)
2022-04-27 10:51:59,911 [pool-172-thread-1] INFO  storage.RaftStorageDirectory (RaftStorageDirectoryImpl.java:analyzeStorage(135)) - The storage directory /home/runner/work/ozone/ozone/hadoop-ozone/integration-test/target/test-dir/MiniOzoneClusterImpl-6fb830c9-5413-49cc-a625-6cf41c4e5c97/datanode-5/data/ratis/49ef6d15-2e42-49a2-8056-760431d8f0e0 does not exist. Creating ...
2022-04-27 10:51:59,913 [pool-172-thread-1] INFO  storage.RaftStorageDirectory (RaftStorageDirectoryImpl.java:tryLock(230)) - Lock on /home/runner/work/ozone/ozone/hadoop-ozone/integration-test/target/test-dir/MiniOzoneClusterImpl-6fb830c9-5413-49cc-a625-6cf41c4e5c97/datanode-5/data/ratis/49ef6d15-2e42-49a2-8056-760431d8f0e0/in_use.lock acquired by nodename 2917@fv-az270-423
2022-04-27 10:51:59,915 [pool-172-thread-1] INFO  storage.RaftStorage (RaftStorageImpl.java:format(89)) - Storage directory /home/runner/work/ozone/ozone/hadoop-ozone/integration-test/target/test-dir/MiniOzoneClusterImpl-6fb830c9-5413-49cc-a625-6cf41c4e5c97/datanode-5/data/ratis/49ef6d15-2e42-49a2-8056-760431d8f0e0 has been successfully formatted.
2022-04-27 10:51:59,917 [EventQueue-PipelineReportForPipelineReportHandler] INFO  pipeline.PipelineManagerImpl (PipelineManagerImpl.java:openPipeline(328)) - Pipeline Pipeline[ Id: 49ef6d15-2e42-49a2-8056-760431d8f0e0, Nodes: 5e3f1479-9daf-43cd-8651-224960992f9b{ip: 10.1.0.29, host: fv-az270-423.tacnzluakwdehk1hpragurqkma.bx.internal.cloudapp.net, ports: [REPLICATION=39479, RATIS=36215, RATIS_ADMIN=36215, RATIS_SERVER=36215, STANDALONE=43119], networkLocation: /default-rack, certSerialId: null, persistedOpState: IN_SERVICE, persistedOpStateExpiryEpochSec: 0}, ReplicationConfig: RATIS/ONE, State:ALLOCATED, leaderId:5e3f1479-9daf-43cd-8651-224960992f9b, CreationTimestamp2022-04-27T10:51:56.915Z[Etc/UTC]] moved to OPEN state
2022-04-27 10:51:59,917 [EventQueue-OpenPipelineForHealthyPipelineSafeModeRule] INFO  safemode.SCMSafeModeManager (HealthyPipelineSafeModeRule.java:process(124)) - SCM in safe mode. Healthy pipelines reported count is 0, required healthy pipeline reported count is 1
2022-04-27 10:51:59,918 [pool-172-thread-1] INFO  ratis.ContainerStateMachine (ContainerStateMachine.java:loadSnapshot(236)) - group-760431D8F0E0: The snapshot info is null. Setting the last applied indexto:(t:0, i:~)
2022-04-27 10:51:59,919 [pool-172-thread-1] INFO  server.RaftServerConfigKeys (ConfUtils.java:logGet(44)) - raft.server.notification.no-leader.timeout = 300000ms (custom)
2022-04-27 10:51:59,919 [pool-172-thread-1] INFO  server.RaftServerConfigKeys (ConfUtils.java:logGet(44)) - raft.server.log.use.memory = false (default)
2022-04-27 10:51:59,919 [pool-172-thread-1] INFO  server.RaftServerConfigKeys (ConfUtils.java:logGet(44)) - raft.server.log.purge.gap = 1000000 (custom)
2022-04-27 10:51:59,920 [pool-172-thread-1] INFO  server.RaftServerConfigKeys (ConfUtils.java:logGet(44)) - raft.server.log.appender.buffer.byte-limit = 33554432 (custom)
2022-04-27 10:51:59,920 [pool-172-thread-1] INFO  server.RaftServerConfigKeys (ConfUtils.java:logGet(44)) - raft.server.log.segment.size.max = 1048576 (custom)
2022-04-27 10:51:59,923 [pool-172-thread-1] INFO  server.RaftServerConfigKeys (ConfUtils.java:logGet(44)) - raft.server.log.segment.cache.num.max = 2 (custom)
2022-04-27 10:51:59,923 [pool-172-thread-1] INFO  server.RaftServerConfigKeys (ConfUtils.java:logGet(44)) - raft.server.log.segment.cache.size.max = 200MB (=209715200) (default)
2022-04-27 10:51:59,923 [pool-172-thread-1] INFO  segmented.SegmentedRaftLogWorker (SegmentedRaftLogWorker.java:<init>(182)) - new 5e3f1479-9daf-43cd-8651-224960992f9b@group-760431D8F0E0-SegmentedRaftLogWorker for RaftStorageImpl:Storage Directory /home/runner/work/ozone/ozone/hadoop-ozone/integration-test/target/test-dir/MiniOzoneClusterImpl-6fb830c9-5413-49cc-a625-6cf41c4e5c97/datanode-5/data/ratis/49ef6d15-2e42-49a2-8056-760431d8f0e0
2022-04-27 10:51:59,923 [pool-172-thread-1] INFO  server.RaftServerConfigKeys (ConfUtils.java:logGet(44)) - raft.server.log.queue.byte-limit = 4294967296 (custom)
2022-04-27 10:51:59,923 [pool-172-thread-1] INFO  server.RaftServerConfigKeys (ConfUtils.java:logGet(44)) - raft.server.log.queue.element-limit = 1024 (custom)
2022-04-27 10:51:59,923 [pool-172-thread-1] INFO  server.RaftServerConfigKeys (ConfUtils.java:logGet(44)) - raft.server.log.segment.size.max = 1048576 (custom)
2022-04-27 10:51:59,923 [pool-172-thread-1] INFO  server.RaftServerConfigKeys (ConfUtils.java:logGet(44)) - raft.server.log.preallocated.size = 16384 (custom)
2022-04-27 10:51:59,923 [pool-172-thread-1] INFO  server.RaftServerConfigKeys (ConfUtils.java:logGet(44)) - raft.server.log.force.sync.num = 128 (default)
2022-04-27 10:51:59,923 [pool-172-thread-1] INFO  server.RaftServerConfigKeys (ConfUtils.java:logGet(44)) - raft.server.log.statemachine.data.sync = true (default)
2022-04-27 10:51:59,923 [pool-172-thread-1] INFO  server.RaftServerConfigKeys (ConfUtils.java:logGet(44)) - raft.server.log.statemachine.data.sync.timeout = 10s (default)
2022-04-27 10:51:59,924 [pool-172-thread-1] INFO  server.RaftServerConfigKeys (ConfUtils.java:logGet(44)) - raft.server.log.statemachine.data.sync.timeout.retry = -1 (default)
2022-04-27 10:51:59,924 [EventQueue-OpenPipelineForHealthyPipelineSafeModeRule] INFO  safemode.SCMSafeModeManager (HealthyPipelineSafeModeRule.java:process(124)) - SCM in safe mode. Healthy pipelines reported count is 0, required healthy pipeline reported count is 1
2022-04-27 10:51:59,924 [pool-172-thread-1] INFO  server.RaftServerConfigKeys (ConfUtils.java:logGet(44)) - raft.server.log.write.buffer.size = 1048576 (custom)
2022-04-27 10:51:59,928 [pool-172-thread-1] INFO  server.RaftServerConfigKeys (ConfUtils.java:logGet(44)) - raft.server.log.statemachine.data.caching.enabled = true (custom)
2022-04-27 10:51:59,929 [pool-172-thread-1] INFO  segmented.SegmentedRaftLogWorker (SegmentedRaftLogWorker.java:lambda$new$0(133)) - 5e3f1479-9daf-43cd-8651-224960992f9b@group-760431D8F0E0-SegmentedRaftLogWorker: flushIndex: setUnconditionally 0 -> -1
2022-04-27 10:51:59,929 [pool-172-thread-1] INFO  segmented.SegmentedRaftLogWorker (SegmentedRaftLogWorker.java:lambda$new$0(133)) - 5e3f1479-9daf-43cd-8651-224960992f9b@group-760431D8F0E0-SegmentedRaftLogWorker: safeCacheEvictIndex: setUnconditionally 0 -> -1
2022-04-27 10:51:59,929 [pool-172-thread-1] INFO  server.RaftServerConfigKeys (ConfUtils.java:logGet(44)) - raft.server.snapshot.auto.trigger.enabled = true (custom)
2022-04-27 10:51:59,929 [pool-172-thread-1] INFO  server.RaftServerConfigKeys (ConfUtils.java:logGet(44)) - raft.server.snapshot.auto.trigger.threshold = 1 (custom)
2022-04-27 10:51:59,929 [pool-172-thread-1] INFO  server.RaftServerConfigKeys (ConfUtils.java:logGet(44)) - raft.server.snapshot.retention.file.num = 5 (custom)
2022-04-27 10:51:59,929 [pool-172-thread-1] INFO  server.RaftServerConfigKeys (ConfUtils.java:logGet(44)) - raft.server.log.purge.upto.snapshot.index = false (default)
2022-04-27 10:51:59,929 [pool-172-thread-1] INFO  server.RaftServerConfigKeys (ConfUtils.java:logGet(44)) - raft.server.retrycache.expirytime = 600000ms (custom)
2022-04-27 10:51:59,929 [pool-172-thread-1] INFO  server.RaftServerConfigKeys (ConfUtils.java:logGet(44)) - raft.server.retrycache.statistics.expirytime = 100μs (default)
2022-04-27 10:51:59,930 [pool-172-thread-1] INFO  server.RaftServer$Division (RaftServerImpl.java:start(301)) - 5e3f1479-9daf-43cd-8651-224960992f9b@group-760431D8F0E0: start as a follower, conf=-1: [5e3f1479-9daf-43cd-8651-224960992f9b|rpc:10.1.0.29:36215|priority:1], old=null
2022-04-27 10:51:59,931 [pool-172-thread-1] INFO  server.RaftServer$Division (RaftServerImpl.java:setRole(290)) - 5e3f1479-9daf-43cd-8651-224960992f9b@group-760431D8F0E0: changes role from      null to FOLLOWER at term 0 for startAsFollower
2022-04-27 10:51:59,931 [pool-172-thread-1] INFO  impl.RoleInfo (RoleInfo.java:updateAndGet(130)) - 5e3f1479-9daf-43cd-8651-224960992f9b: start 5e3f1479-9daf-43cd-8651-224960992f9b@group-760431D8F0E0-FollowerState
2022-04-27 10:51:59,932 [pool-172-thread-1] INFO  util.JmxRegister (JmxRegister.java:tryRegister(44)) - Successfully registered JMX Bean with object name Ratis:service=RaftServer,group=group-760431D8F0E0,id=5e3f1479-9daf-43cd-8651-224960992f9b
2022-04-27 10:51:59,932 [Command processor thread] INFO  ratis.XceiverServerRatis (XceiverServerRatis.java:addGroup(765)) - Created group PipelineID=49ef6d15-2e42-49a2-8056-760431d8f0e0
2022-04-27 10:51:59,932 [Command processor thread] INFO  commandhandler.CreatePipelineCommandHandler (CreatePipelineCommandHandler.java:handle(113)) - Created Pipeline RATIS ONE PipelineID=49ef6d15-2e42-49a2-8056-760431d8f0e0.
2022-04-27 10:51:59,981 [EventQueue-OpenPipelineForHealthyPipelineSafeModeRule] INFO  safemode.SCMSafeModeManager (HealthyPipelineSafeModeRule.java:process(124)) - SCM in safe mode. Healthy pipelines reported count is 0, required healthy pipeline reported count is 1
2022-04-27 10:52:00,076 [EventQueue-OpenPipelineForHealthyPipelineSafeModeRule] INFO  safemode.SCMSafeModeManager (HealthyPipelineSafeModeRule.java:process(124)) - SCM in safe mode. Healthy pipelines reported count is 0, required healthy pipeline reported count is 1
2022-04-27 10:52:00,096 [EventQueue-OpenPipelineForHealthyPipelineSafeModeRule] INFO  safemode.SCMSafeModeManager (HealthyPipelineSafeModeRule.java:process(124)) - SCM in safe mode. Healthy pipelines reported count is 0, required healthy pipeline reported count is 1
2022-04-27 10:52:00,117 [EventQueue-OpenPipelineForHealthyPipelineSafeModeRule] INFO  safemode.SCMSafeModeManager (HealthyPipelineSafeModeRule.java:process(124)) - SCM in safe mode. Healthy pipelines reported count is 0, required healthy pipeline reported count is 1
2022-04-27 10:52:00,271 [EventQueue-OpenPipelineForHealthyPipelineSafeModeRule] INFO  safemode.SCMSafeModeManager (HealthyPipelineSafeModeRule.java:process(124)) - SCM in safe mode. Healthy pipelines reported count is 0, required healthy pipeline reported count is 1
2022-04-27 10:52:00,276 [EventQueue-OpenPipelineForHealthyPipelineSafeModeRule] INFO  safemode.SCMSafeModeManager (HealthyPipelineSafeModeRule.java:process(124)) - SCM in safe mode. Healthy pipelines reported count is 0, required healthy pipeline reported count is 1
2022-04-27 10:52:00,297 [EventQueue-OpenPipelineForHealthyPipelineSafeModeRule] INFO  safemode.SCMSafeModeManager (HealthyPipelineSafeModeRule.java:process(124)) - SCM in safe mode. Healthy pipelines reported count is 0, required healthy pipeline reported count is 1
2022-04-27 10:52:00,313 [Command processor thread] INFO  server.RaftServer (RaftServerProxy.java:addNew(95)) - 5e6908a8-a78b-4a66-9555-b48c04384dc8: addNew group-0D88492A0C14:[5e6908a8-a78b-4a66-9555-b48c04384dc8|rpc:10.1.0.29:40571|priority:1] returns group-0D88492A0C14:java.util.concurrent.CompletableFuture@2e27c7dd[Not completed]
2022-04-27 10:52:00,314 [pool-193-thread-1] INFO  server.RaftServer$Division (RaftServerImpl.java:<init>(184)) - 5e6908a8-a78b-4a66-9555-b48c04384dc8: new RaftServerImpl for group-0D88492A0C14:[5e6908a8-a78b-4a66-9555-b48c04384dc8|rpc:10.1.0.29:40571|priority:1] with ContainerStateMachine:uninitialized
2022-04-27 10:52:00,314 [pool-193-thread-1] INFO  server.RaftServerConfigKeys (ConfUtils.java:logGet(44)) - raft.server.rpc.timeout.min = 5s (custom)
2022-04-27 10:52:00,314 [pool-193-thread-1] INFO  server.RaftServerConfigKeys (ConfUtils.java:logGet(44)) - raft.server.rpc.timeout.max = 5200ms (custom)
2022-04-27 10:52:00,314 [pool-193-thread-1] INFO  server.RaftServerConfigKeys (ConfUtils.java:logGet(44)) - raft.server.rpc.sleep.time = 25ms (default)
2022-04-27 10:52:00,314 [pool-193-thread-1] INFO  server.RaftServerConfigKeys (ConfUtils.java:logGet(44)) - raft.server.rpc.slowness.timeout = 300000ms (custom)
2022-04-27 10:52:00,314 [pool-193-thread-1] INFO  server.RaftServerConfigKeys (ConfUtils.java:logGet(44)) - raft.server.leaderelection.leader.step-down.wait-time = 10s (default)
2022-04-27 10:52:00,314 [pool-193-thread-1] INFO  server.RaftServerConfigKeys (ConfUtils.java:logGet(44)) - raft.server.sleep.deviation.threshold = 300ms (default)
2022-04-27 10:52:00,314 [pool-193-thread-1] INFO  server.RaftServerConfigKeys (ConfUtils.java:logGet(44)) - raft.server.log.appender.install.snapshot.enabled = false (custom)
2022-04-27 10:52:00,315 [pool-193-thread-1] INFO  server.RaftServer$Division (ServerState.java:<init>(105)) - 5e6908a8-a78b-4a66-9555-b48c04384dc8@group-0D88492A0C14: ConfigurationManager, init=-1: [5e6908a8-a78b-4a66-9555-b48c04384dc8|rpc:10.1.0.29:40571|priority:1], old=null, confs=<EMPTY_MAP>
2022-04-27 10:52:00,315 [pool-193-thread-1] INFO  server.RaftServerConfigKeys (ConfUtils.java:logGet(44)) - raft.server.storage.dir = [/home/runner/work/ozone/ozone/hadoop-ozone/integration-test/target/test-dir/MiniOzoneClusterImpl-6fb830c9-5413-49cc-a625-6cf41c4e5c97/datanode-6/data/ratis] (custom)
2022-04-27 10:52:00,315 [pool-193-thread-1] INFO  server.RaftServerConfigKeys (ConfUtils.java:logGet(44)) - raft.server.log.corruption.policy = EXCEPTION (default)
2022-04-27 10:52:00,315 [pool-193-thread-1] INFO  server.RaftServerConfigKeys (ConfUtils.java:logGet(44)) - raft.server.storage.free-space.min = 0MB (=0) (default)
2022-04-27 10:52:00,315 [pool-193-thread-1] INFO  storage.RaftStorageDirectory (RaftStorageDirectoryImpl.java:analyzeStorage(135)) - The storage directory /home/runner/work/ozone/ozone/hadoop-ozone/integration-test/target/test-dir/MiniOzoneClusterImpl-6fb830c9-5413-49cc-a625-6cf41c4e5c97/datanode-6/data/ratis/717baaa0-bc9c-4652-8e86-0d88492a0c14 does not exist. Creating ...
2022-04-27 10:52:00,316 [pool-193-thread-1] INFO  storage.RaftStorageDirectory (RaftStorageDirectoryImpl.java:tryLock(230)) - Lock on /home/runner/work/ozone/ozone/hadoop-ozone/integration-test/target/test-dir/MiniOzoneClusterImpl-6fb830c9-5413-49cc-a625-6cf41c4e5c97/datanode-6/data/ratis/717baaa0-bc9c-4652-8e86-0d88492a0c14/in_use.lock acquired by nodename 2917@fv-az270-423
2022-04-27 10:52:00,318 [EventQueue-OpenPipelineForHealthyPipelineSafeModeRule] INFO  safemode.SCMSafeModeManager (HealthyPipelineSafeModeRule.java:process(124)) - SCM in safe mode. Healthy pipelines reported count is 0, required healthy pipeline reported count is 1
2022-04-27 10:52:00,318 [pool-193-thread-1] INFO  storage.RaftStorage (RaftStorageImpl.java:format(89)) - Storage directory /home/runner/work/ozone/ozone/hadoop-ozone/integration-test/target/test-dir/MiniOzoneClusterImpl-6fb830c9-5413-49cc-a625-6cf41c4e5c97/datanode-6/data/ratis/717baaa0-bc9c-4652-8e86-0d88492a0c14 has been successfully formatted.
2022-04-27 10:52:00,318 [pool-193-thread-1] INFO  ratis.ContainerStateMachine (ContainerStateMachine.java:loadSnapshot(236)) - group-0D88492A0C14: The snapshot info is null. Setting the last applied indexto:(t:0, i:~)
2022-04-27 10:52:00,318 [pool-193-thread-1] INFO  server.RaftServerConfigKeys (ConfUtils.java:logGet(44)) - raft.server.notification.no-leader.timeout = 300000ms (custom)
2022-04-27 10:52:00,319 [pool-193-thread-1] INFO  server.RaftServerConfigKeys (ConfUtils.java:logGet(44)) - raft.server.log.use.memory = false (default)
2022-04-27 10:52:00,319 [pool-193-thread-1] INFO  server.RaftServerConfigKeys (ConfUtils.java:logGet(44)) - raft.server.log.purge.gap = 1000000 (custom)
2022-04-27 10:52:00,319 [pool-193-thread-1] INFO  server.RaftServerConfigKeys (ConfUtils.java:logGet(44)) - raft.server.log.appender.buffer.byte-limit = 33554432 (custom)
2022-04-27 10:52:00,319 [pool-193-thread-1] INFO  server.RaftServerConfigKeys (ConfUtils.java:logGet(44)) - raft.server.log.segment.size.max = 1048576 (custom)
2022-04-27 10:52:00,319 [EventQueue-PipelineReportForPipelineReportHandler] INFO  pipeline.PipelineManagerImpl (PipelineManagerImpl.java:openPipeline(328)) - Pipeline Pipeline[ Id: 717baaa0-bc9c-4652-8e86-0d88492a0c14, Nodes: 5e6908a8-a78b-4a66-9555-b48c04384dc8{ip: 10.1.0.29, host: fv-az270-423.tacnzluakwdehk1hpragurqkma.bx.internal.cloudapp.net, ports: [REPLICATION=43783, RATIS=40571, RATIS_ADMIN=40571, RATIS_SERVER=40571, STANDALONE=44169], networkLocation: /default-rack, certSerialId: null, persistedOpState: IN_SERVICE, persistedOpStateExpiryEpochSec: 0}, ReplicationConfig: RATIS/ONE, State:ALLOCATED, leaderId:5e6908a8-a78b-4a66-9555-b48c04384dc8, CreationTimestamp2022-04-27T10:51:57.319Z[Etc/UTC]] moved to OPEN state
2022-04-27 10:52:00,320 [EventQueue-OpenPipelineForHealthyPipelineSafeModeRule] INFO  safemode.SCMSafeModeManager (HealthyPipelineSafeModeRule.java:process(124)) - SCM in safe mode. Healthy pipelines reported count is 0, required healthy pipeline reported count is 1
2022-04-27 10:52:00,321 [pool-193-thread-1] INFO  server.RaftServerConfigKeys (ConfUtils.java:logGet(44)) - raft.server.log.segment.cache.num.max = 2 (custom)
2022-04-27 10:52:00,323 [pool-193-thread-1] INFO  server.RaftServerConfigKeys (ConfUtils.java:logGet(44)) - raft.server.log.segment.cache.size.max = 200MB (=209715200) (default)
2022-04-27 10:52:00,323 [pool-193-thread-1] INFO  segmented.SegmentedRaftLogWorker (SegmentedRaftLogWorker.java:<init>(182)) - new 5e6908a8-a78b-4a66-9555-b48c04384dc8@group-0D88492A0C14-SegmentedRaftLogWorker for RaftStorageImpl:Storage Directory /home/runner/work/ozone/ozone/hadoop-ozone/integration-test/target/test-dir/MiniOzoneClusterImpl-6fb830c9-5413-49cc-a625-6cf41c4e5c97/datanode-6/data/ratis/717baaa0-bc9c-4652-8e86-0d88492a0c14
2022-04-27 10:52:00,323 [pool-193-thread-1] INFO  server.RaftServerConfigKeys (ConfUtils.java:logGet(44)) - raft.server.log.queue.byte-limit = 4294967296 (custom)
2022-04-27 10:52:00,323 [pool-193-thread-1] INFO  server.RaftServerConfigKeys (ConfUtils.java:logGet(44)) - raft.server.log.queue.element-limit = 1024 (custom)
2022-04-27 10:52:00,323 [pool-193-thread-1] INFO  server.RaftServerConfigKeys (ConfUtils.java:logGet(44)) - raft.server.log.segment.size.max = 1048576 (custom)
2022-04-27 10:52:00,323 [pool-193-thread-1] INFO  server.RaftServerConfigKeys (ConfUtils.java:logGet(44)) - raft.server.log.preallocated.size = 16384 (custom)
2022-04-27 10:52:00,323 [pool-193-thread-1] INFO  server.RaftServerConfigKeys (ConfUtils.java:logGet(44)) - raft.server.log.force.sync.num = 128 (default)
2022-04-27 10:52:00,323 [pool-193-thread-1] INFO  server.RaftServerConfigKeys (ConfUtils.java:logGet(44)) - raft.server.log.statemachine.data.sync = true (default)
2022-04-27 10:52:00,323 [EventQueue-OpenPipelineForHealthyPipelineSafeModeRule] INFO  safemode.SCMSafeModeManager (HealthyPipelineSafeModeRule.java:process(124)) - SCM in safe mode. Healthy pipelines reported count is 0, required healthy pipeline reported count is 1
2022-04-27 10:52:00,323 [pool-193-thread-1] INFO  server.RaftServerConfigKeys (ConfUtils.java:logGet(44)) - raft.server.log.statemachine.data.sync.timeout = 10s (default)
2022-04-27 10:52:00,324 [pool-193-thread-1] INFO  server.RaftServerConfigKeys (ConfUtils.java:logGet(44)) - raft.server.log.statemachine.data.sync.timeout.retry = -1 (default)
2022-04-27 10:52:00,325 [pool-193-thread-1] INFO  server.RaftServerConfigKeys (ConfUtils.java:logGet(44)) - raft.server.log.write.buffer.size = 1048576 (custom)
2022-04-27 10:52:00,325 [pool-193-thread-1] INFO  server.RaftServerConfigKeys (ConfUtils.java:logGet(44)) - raft.server.log.statemachine.data.caching.enabled = true (custom)
2022-04-27 10:52:00,326 [pool-193-thread-1] INFO  segmented.SegmentedRaftLogWorker (SegmentedRaftLogWorker.java:lambda$new$0(133)) - 5e6908a8-a78b-4a66-9555-b48c04384dc8@group-0D88492A0C14-SegmentedRaftLogWorker: flushIndex: setUnconditionally 0 -> -1
2022-04-27 10:52:00,326 [pool-193-thread-1] INFO  segmented.SegmentedRaftLogWorker (SegmentedRaftLogWorker.java:lambda$new$0(133)) - 5e6908a8-a78b-4a66-9555-b48c04384dc8@group-0D88492A0C14-SegmentedRaftLogWorker: safeCacheEvictIndex: setUnconditionally 0 -> -1
2022-04-27 10:52:00,326 [pool-193-thread-1] INFO  server.RaftServerConfigKeys (ConfUtils.java:logGet(44)) - raft.server.snapshot.auto.trigger.enabled = true (custom)
2022-04-27 10:52:00,326 [pool-193-thread-1] INFO  server.RaftServerConfigKeys (ConfUtils.java:logGet(44)) - raft.server.snapshot.auto.trigger.threshold = 1 (custom)
2022-04-27 10:52:00,326 [pool-193-thread-1] INFO  server.RaftServerConfigKeys (ConfUtils.java:logGet(44)) - raft.server.snapshot.retention.file.num = 5 (custom)
2022-04-27 10:52:00,326 [pool-193-thread-1] INFO  server.RaftServerConfigKeys (ConfUtils.java:logGet(44)) - raft.server.log.purge.upto.snapshot.index = false (default)
2022-04-27 10:52:00,326 [pool-193-thread-1] INFO  server.RaftServerConfigKeys (ConfUtils.java:logGet(44)) - raft.server.retrycache.expirytime = 600000ms (custom)
2022-04-27 10:52:00,326 [pool-193-thread-1] INFO  server.RaftServerConfigKeys (ConfUtils.java:logGet(44)) - raft.server.retrycache.statistics.expirytime = 100μs (default)
2022-04-27 10:52:00,327 [pool-193-thread-1] INFO  server.RaftServer$Division (RaftServerImpl.java:start(301)) - 5e6908a8-a78b-4a66-9555-b48c04384dc8@group-0D88492A0C14: start as a follower, conf=-1: [5e6908a8-a78b-4a66-9555-b48c04384dc8|rpc:10.1.0.29:40571|priority:1], old=null
2022-04-27 10:52:00,327 [pool-193-thread-1] INFO  server.RaftServer$Division (RaftServerImpl.java:setRole(290)) - 5e6908a8-a78b-4a66-9555-b48c04384dc8@group-0D88492A0C14: changes role from      null to FOLLOWER at term 0 for startAsFollower
2022-04-27 10:52:00,328 [pool-193-thread-1] INFO  impl.RoleInfo (RoleInfo.java:updateAndGet(130)) - 5e6908a8-a78b-4a66-9555-b48c04384dc8: start 5e6908a8-a78b-4a66-9555-b48c04384dc8@group-0D88492A0C14-FollowerState
2022-04-27 10:52:00,334 [pool-193-thread-1] INFO  util.JmxRegister (JmxRegister.java:tryRegister(44)) - Successfully registered JMX Bean with object name Ratis:service=RaftServer,group=group-0D88492A0C14,id=5e6908a8-a78b-4a66-9555-b48c04384dc8
2022-04-27 10:52:00,335 [Command processor thread] INFO  ratis.XceiverServerRatis (XceiverServerRatis.java:addGroup(765)) - Created group PipelineID=717baaa0-bc9c-4652-8e86-0d88492a0c14
2022-04-27 10:52:00,337 [Command processor thread] INFO  commandhandler.CreatePipelineCommandHandler (CreatePipelineCommandHandler.java:handle(113)) - Created Pipeline RATIS ONE PipelineID=717baaa0-bc9c-4652-8e86-0d88492a0c14.
2022-04-27 10:52:00,338 [Command processor thread] INFO  server.RaftServer (RaftServerProxy.java:addNew(95)) - 5e6908a8-a78b-4a66-9555-b48c04384dc8: addNew group-E78063F29D5F:[7171416e-d570-4db8-8282-6e036003ab52|rpc:10.1.0.29:35393|priority:0, 5e6908a8-a78b-4a66-9555-b48c04384dc8|rpc:10.1.0.29:40571|priority:0, fc150688-1f76-4ec0-a672-aaf91f0753c3|rpc:10.1.0.29:37101|priority:1] returns group-E78063F29D5F:java.util.concurrent.CompletableFuture@2a1846c1[Not completed]
2022-04-27 10:52:00,339 [pool-193-thread-1] INFO  server.RaftServer$Division (RaftServerImpl.java:<init>(184)) - 5e6908a8-a78b-4a66-9555-b48c04384dc8: new RaftServerImpl for group-E78063F29D5F:[7171416e-d570-4db8-8282-6e036003ab52|rpc:10.1.0.29:35393|priority:0, 5e6908a8-a78b-4a66-9555-b48c04384dc8|rpc:10.1.0.29:40571|priority:0, fc150688-1f76-4ec0-a672-aaf91f0753c3|rpc:10.1.0.29:37101|priority:1] with ContainerStateMachine:uninitialized
2022-04-27 10:52:00,339 [pool-193-thread-1] INFO  server.RaftServerConfigKeys (ConfUtils.java:logGet(44)) - raft.server.rpc.timeout.min = 5s (custom)
2022-04-27 10:52:00,339 [pool-193-thread-1] INFO  server.RaftServerConfigKeys (ConfUtils.java:logGet(44)) - raft.server.rpc.timeout.max = 5200ms (custom)
2022-04-27 10:52:00,339 [pool-193-thread-1] INFO  server.RaftServerConfigKeys (ConfUtils.java:logGet(44)) - raft.server.rpc.sleep.time = 25ms (default)
2022-04-27 10:52:00,339 [pool-193-thread-1] INFO  server.RaftServerConfigKeys (ConfUtils.java:logGet(44)) - raft.server.rpc.slowness.timeout = 300000ms (custom)
2022-04-27 10:52:00,339 [pool-193-thread-1] INFO  server.RaftServerConfigKeys (ConfUtils.java:logGet(44)) - raft.server.leaderelection.leader.step-down.wait-time = 10s (default)
2022-04-27 10:52:00,339 [pool-193-thread-1] INFO  server.RaftServerConfigKeys (ConfUtils.java:logGet(44)) - raft.server.sleep.deviation.threshold = 300ms (default)
2022-04-27 10:52:00,339 [pool-193-thread-1] INFO  server.RaftServerConfigKeys (ConfUtils.java:logGet(44)) - raft.server.log.appender.install.snapshot.enabled = false (custom)
2022-04-27 10:52:00,339 [pool-193-thread-1] INFO  server.RaftServer$Division (ServerState.java:<init>(105)) - 5e6908a8-a78b-4a66-9555-b48c04384dc8@group-E78063F29D5F: ConfigurationManager, init=-1: [7171416e-d570-4db8-8282-6e036003ab52|rpc:10.1.0.29:35393|priority:0, 5e6908a8-a78b-4a66-9555-b48c04384dc8|rpc:10.1.0.29:40571|priority:0, fc150688-1f76-4ec0-a672-aaf91f0753c3|rpc:10.1.0.29:37101|priority:1], old=null, confs=<EMPTY_MAP>
2022-04-27 10:52:00,339 [pool-193-thread-1] INFO  server.RaftServerConfigKeys (ConfUtils.java:logGet(44)) - raft.server.storage.dir = [/home/runner/work/ozone/ozone/hadoop-ozone/integration-test/target/test-dir/MiniOzoneClusterImpl-6fb830c9-5413-49cc-a625-6cf41c4e5c97/datanode-6/data/ratis] (custom)
2022-04-27 10:52:00,340 [pool-193-thread-1] INFO  server.RaftServerConfigKeys (ConfUtils.java:logGet(44)) - raft.server.log.corruption.policy = EXCEPTION (default)
2022-04-27 10:52:00,340 [pool-193-thread-1] INFO  server.RaftServerConfigKeys (ConfUtils.java:logGet(44)) - raft.server.storage.free-space.min = 0MB (=0) (default)
2022-04-27 10:52:00,340 [pool-193-thread-1] INFO  storage.RaftStorageDirectory (RaftStorageDirectoryImpl.java:analyzeStorage(135)) - The storage directory /home/runner/work/ozone/ozone/hadoop-ozone/integration-test/target/test-dir/MiniOzoneClusterImpl-6fb830c9-5413-49cc-a625-6cf41c4e5c97/datanode-6/data/ratis/d2638837-f985-4e21-8ffd-e78063f29d5f does not exist. Creating ...
2022-04-27 10:52:00,341 [pool-193-thread-1] INFO  storage.RaftStorageDirectory (RaftStorageDirectoryImpl.java:tryLock(230)) - Lock on /home/runner/work/ozone/ozone/hadoop-ozone/integration-test/target/test-dir/MiniOzoneClusterImpl-6fb830c9-5413-49cc-a625-6cf41c4e5c97/datanode-6/data/ratis/d2638837-f985-4e21-8ffd-e78063f29d5f/in_use.lock acquired by nodename 2917@fv-az270-423
2022-04-27 10:52:00,342 [pool-193-thread-1] INFO  storage.RaftStorage (RaftStorageImpl.java:format(89)) - Storage directory /home/runner/work/ozone/ozone/hadoop-ozone/integration-test/target/test-dir/MiniOzoneClusterImpl-6fb830c9-5413-49cc-a625-6cf41c4e5c97/datanode-6/data/ratis/d2638837-f985-4e21-8ffd-e78063f29d5f has been successfully formatted.
2022-04-27 10:52:00,343 [pool-193-thread-1] INFO  ratis.ContainerStateMachine (ContainerStateMachine.java:loadSnapshot(236)) - group-E78063F29D5F: The snapshot info is null. Setting the last applied indexto:(t:0, i:~)
2022-04-27 10:52:00,343 [pool-193-thread-1] INFO  server.RaftServerConfigKeys (ConfUtils.java:logGet(44)) - raft.server.notification.no-leader.timeout = 300000ms (custom)
2022-04-27 10:52:00,344 [pool-193-thread-1] INFO  server.RaftServerConfigKeys (ConfUtils.java:logGet(44)) - raft.server.log.use.memory = false (default)
2022-04-27 10:52:00,344 [pool-193-thread-1] INFO  server.RaftServerConfigKeys (ConfUtils.java:logGet(44)) - raft.server.log.purge.gap = 1000000 (custom)
2022-04-27 10:52:00,344 [pool-193-thread-1] INFO  server.RaftServerConfigKeys (ConfUtils.java:logGet(44)) - raft.server.log.appender.buffer.byte-limit = 33554432 (custom)
2022-04-27 10:52:00,344 [pool-193-thread-1] INFO  server.RaftServerConfigKeys (ConfUtils.java:logGet(44)) - raft.server.log.segment.size.max = 1048576 (custom)
2022-04-27 10:52:00,344 [pool-193-thread-1] INFO  server.RaftServerConfigKeys (ConfUtils.java:logGet(44)) - raft.server.log.segment.cache.num.max = 2 (custom)
2022-04-27 10:52:00,344 [EventQueue-OpenPipelineForHealthyPipelineSafeModeRule] INFO  safemode.SCMSafeModeManager (HealthyPipelineSafeModeRule.java:process(124)) - SCM in safe mode. Healthy pipelines reported count is 0, required healthy pipeline reported count is 1
2022-04-27 10:52:00,345 [pool-193-thread-1] INFO  server.RaftServerConfigKeys (ConfUtils.java:logGet(44)) - raft.server.log.segment.cache.size.max = 200MB (=209715200) (default)
2022-04-27 10:52:00,345 [pool-193-thread-1] INFO  segmented.SegmentedRaftLogWorker (SegmentedRaftLogWorker.java:<init>(182)) - new 5e6908a8-a78b-4a66-9555-b48c04384dc8@group-E78063F29D5F-SegmentedRaftLogWorker for RaftStorageImpl:Storage Directory /home/runner/work/ozone/ozone/hadoop-ozone/integration-test/target/test-dir/MiniOzoneClusterImpl-6fb830c9-5413-49cc-a625-6cf41c4e5c97/datanode-6/data/ratis/d2638837-f985-4e21-8ffd-e78063f29d5f
2022-04-27 10:52:00,345 [pool-193-thread-1] INFO  server.RaftServerConfigKeys (ConfUtils.java:logGet(44)) - raft.server.log.queue.byte-limit = 4294967296 (custom)
2022-04-27 10:52:00,345 [pool-193-thread-1] INFO  server.RaftServerConfigKeys (ConfUtils.java:logGet(44)) - raft.server.log.queue.element-limit = 1024 (custom)
2022-04-27 10:52:00,345 [pool-193-thread-1] INFO  server.RaftServerConfigKeys (ConfUtils.java:logGet(44)) - raft.server.log.segment.size.max = 1048576 (custom)
2022-04-27 10:52:00,345 [pool-193-thread-1] INFO  server.RaftServerConfigKeys (ConfUtils.java:logGet(44)) - raft.server.log.preallocated.size = 16384 (custom)
2022-04-27 10:52:00,345 [pool-193-thread-1] INFO  server.RaftServerConfigKeys (ConfUtils.java:logGet(44)) - raft.server.log.force.sync.num = 128 (default)
2022-04-27 10:52:00,345 [pool-193-thread-1] INFO  server.RaftServerConfigKeys (ConfUtils.java:logGet(44)) - raft.server.log.statemachine.data.sync = true (default)
2022-04-27 10:52:00,345 [pool-193-thread-1] INFO  server.RaftServerConfigKeys (ConfUtils.java:logGet(44)) - raft.server.log.statemachine.data.sync.timeout = 10s (default)
2022-04-27 10:52:00,345 [pool-193-thread-1] INFO  server.RaftServerConfigKeys (ConfUtils.java:logGet(44)) - raft.server.log.statemachine.data.sync.timeout.retry = -1 (default)
2022-04-27 10:52:00,346 [pool-193-thread-1] INFO  server.RaftServerConfigKeys (ConfUtils.java:logGet(44)) - raft.server.log.write.buffer.size = 1048576 (custom)
2022-04-27 10:52:00,347 [pool-193-thread-1] INFO  server.RaftServerConfigKeys (ConfUtils.java:logGet(44)) - raft.server.log.statemachine.data.caching.enabled = true (custom)
2022-04-27 10:52:00,347 [pool-193-thread-1] INFO  segmented.SegmentedRaftLogWorker (SegmentedRaftLogWorker.java:lambda$new$0(133)) - 5e6908a8-a78b-4a66-9555-b48c04384dc8@group-E78063F29D5F-SegmentedRaftLogWorker: flushIndex: setUnconditionally 0 -> -1
2022-04-27 10:52:00,347 [pool-193-thread-1] INFO  segmented.SegmentedRaftLogWorker (SegmentedRaftLogWorker.java:lambda$new$0(133)) - 5e6908a8-a78b-4a66-9555-b48c04384dc8@group-E78063F29D5F-SegmentedRaftLogWorker: safeCacheEvictIndex: setUnconditionally 0 -> -1
2022-04-27 10:52:00,351 [pool-193-thread-1] INFO  server.RaftServerConfigKeys (ConfUtils.java:logGet(44)) - raft.server.snapshot.auto.trigger.enabled = true (custom)
2022-04-27 10:52:00,351 [pool-193-thread-1] INFO  server.RaftServerConfigKeys (ConfUtils.java:logGet(44)) - raft.server.snapshot.auto.trigger.threshold = 1 (custom)
2022-04-27 10:52:00,351 [pool-193-thread-1] INFO  server.RaftServerConfigKeys (ConfUtils.java:logGet(44)) - raft.server.snapshot.retention.file.num = 5 (custom)
2022-04-27 10:52:00,351 [pool-193-thread-1] INFO  server.RaftServerConfigKeys (ConfUtils.java:logGet(44)) - raft.server.log.purge.upto.snapshot.index = false (default)
2022-04-27 10:52:00,351 [pool-193-thread-1] INFO  server.RaftServerConfigKeys (ConfUtils.java:logGet(44)) - raft.server.retrycache.expirytime = 600000ms (custom)
2022-04-27 10:52:00,351 [pool-193-thread-1] INFO  server.RaftServerConfigKeys (ConfUtils.java:logGet(44)) - raft.server.retrycache.statistics.expirytime = 100μs (default)
2022-04-27 10:52:00,352 [pool-193-thread-1] INFO  server.RaftServer$Division (RaftServerImpl.java:start(301)) - 5e6908a8-a78b-4a66-9555-b48c04384dc8@group-E78063F29D5F: start as a follower, conf=-1: [7171416e-d570-4db8-8282-6e036003ab52|rpc:10.1.0.29:35393|priority:0, 5e6908a8-a78b-4a66-9555-b48c04384dc8|rpc:10.1.0.29:40571|priority:0, fc150688-1f76-4ec0-a672-aaf91f0753c3|rpc:10.1.0.29:37101|priority:1], old=null
2022-04-27 10:52:00,352 [pool-193-thread-1] INFO  server.RaftServer$Division (RaftServerImpl.java:setRole(290)) - 5e6908a8-a78b-4a66-9555-b48c04384dc8@group-E78063F29D5F: changes role from      null to FOLLOWER at term 0 for startAsFollower
2022-04-27 10:52:00,353 [pool-193-thread-1] INFO  impl.RoleInfo (RoleInfo.java:updateAndGet(130)) - 5e6908a8-a78b-4a66-9555-b48c04384dc8: start 5e6908a8-a78b-4a66-9555-b48c04384dc8@group-E78063F29D5F-FollowerState
2022-04-27 10:52:00,353 [pool-193-thread-1] INFO  util.JmxRegister (JmxRegister.java:tryRegister(44)) - Successfully registered JMX Bean with object name Ratis:service=RaftServer,group=group-E78063F29D5F,id=5e6908a8-a78b-4a66-9555-b48c04384dc8
2022-04-27 10:52:00,354 [Command processor thread] INFO  ratis.XceiverServerRatis (XceiverServerRatis.java:addGroup(765)) - Created group PipelineID=d2638837-f985-4e21-8ffd-e78063f29d5f
2022-04-27 10:52:00,366 [grpc-default-executor-0] INFO  server.RaftServer (RaftServerProxy.java:addNew(95)) - fc150688-1f76-4ec0-a672-aaf91f0753c3: addNew group-E78063F29D5F:[7171416e-d570-4db8-8282-6e036003ab52|rpc:10.1.0.29:35393|dataStream:|priority:0, 5e6908a8-a78b-4a66-9555-b48c04384dc8|rpc:10.1.0.29:40571|dataStream:|priority:0, fc150688-1f76-4ec0-a672-aaf91f0753c3|rpc:10.1.0.29:37101|dataStream:|priority:1] returns group-E78063F29D5F:java.util.concurrent.CompletableFuture@6bbc295e[Not completed]
2022-04-27 10:52:00,367 [pool-235-thread-1] INFO  server.RaftServer$Division (RaftServerImpl.java:<init>(184)) - fc150688-1f76-4ec0-a672-aaf91f0753c3: new RaftServerImpl for group-E78063F29D5F:[7171416e-d570-4db8-8282-6e036003ab52|rpc:10.1.0.29:35393|dataStream:|priority:0, 5e6908a8-a78b-4a66-9555-b48c04384dc8|rpc:10.1.0.29:40571|dataStream:|priority:0, fc150688-1f76-4ec0-a672-aaf91f0753c3|rpc:10.1.0.29:37101|dataStream:|priority:1] with ContainerStateMachine:uninitialized
2022-04-27 10:52:00,367 [pool-235-thread-1] INFO  server.RaftServerConfigKeys (ConfUtils.java:logGet(44)) - raft.server.rpc.timeout.min = 5s (custom)
2022-04-27 10:52:00,367 [pool-235-thread-1] INFO  server.RaftServerConfigKeys (ConfUtils.java:logGet(44)) - raft.server.rpc.timeout.max = 5200ms (custom)
2022-04-27 10:52:00,367 [pool-235-thread-1] INFO  server.RaftServerConfigKeys (ConfUtils.java:logGet(44)) - raft.server.rpc.sleep.time = 25ms (default)
2022-04-27 10:52:00,368 [pool-235-thread-1] INFO  server.RaftServerConfigKeys (ConfUtils.java:logGet(44)) - raft.server.rpc.slowness.timeout = 300000ms (custom)
2022-04-27 10:52:00,368 [pool-235-thread-1] INFO  server.RaftServerConfigKeys (ConfUtils.java:logGet(44)) - raft.server.leaderelection.leader.step-down.wait-time = 10s (default)
2022-04-27 10:52:00,368 [pool-235-thread-1] INFO  server.RaftServerConfigKeys (ConfUtils.java:logGet(44)) - raft.server.sleep.deviation.threshold = 300ms (default)
2022-04-27 10:52:00,368 [pool-235-thread-1] INFO  server.RaftServerConfigKeys (ConfUtils.java:logGet(44)) - raft.server.log.appender.install.snapshot.enabled = false (custom)
2022-04-27 10:52:00,368 [pool-235-thread-1] INFO  server.RaftServer$Division (ServerState.java:<init>(105)) - fc150688-1f76-4ec0-a672-aaf91f0753c3@group-E78063F29D5F: ConfigurationManager, init=-1: [7171416e-d570-4db8-8282-6e036003ab52|rpc:10.1.0.29:35393|dataStream:|priority:0, 5e6908a8-a78b-4a66-9555-b48c04384dc8|rpc:10.1.0.29:40571|dataStream:|priority:0, fc150688-1f76-4ec0-a672-aaf91f0753c3|rpc:10.1.0.29:37101|dataStream:|priority:1], old=null, confs=<EMPTY_MAP>
2022-04-27 10:52:00,368 [pool-235-thread-1] INFO  server.RaftServerConfigKeys (ConfUtils.java:logGet(44)) - raft.server.storage.dir = [/home/runner/work/ozone/ozone/hadoop-ozone/integration-test/target/test-dir/MiniOzoneClusterImpl-6fb830c9-5413-49cc-a625-6cf41c4e5c97/datanode-8/data/ratis] (custom)
2022-04-27 10:52:00,368 [pool-235-thread-1] INFO  server.RaftServerConfigKeys (ConfUtils.java:logGet(44)) - raft.server.log.corruption.policy = EXCEPTION (default)
2022-04-27 10:52:00,368 [pool-235-thread-1] INFO  server.RaftServerConfigKeys (ConfUtils.java:logGet(44)) - raft.server.storage.free-space.min = 0MB (=0) (default)
2022-04-27 10:52:00,368 [pool-235-thread-1] INFO  storage.RaftStorageDirectory (RaftStorageDirectoryImpl.java:analyzeStorage(135)) - The storage directory /home/runner/work/ozone/ozone/hadoop-ozone/integration-test/target/test-dir/MiniOzoneClusterImpl-6fb830c9-5413-49cc-a625-6cf41c4e5c97/datanode-8/data/ratis/d2638837-f985-4e21-8ffd-e78063f29d5f does not exist. Creating ...
2022-04-27 10:52:00,370 [pool-235-thread-1] INFO  storage.RaftStorageDirectory (RaftStorageDirectoryImpl.java:tryLock(230)) - Lock on /home/runner/work/ozone/ozone/hadoop-ozone/integration-test/target/test-dir/MiniOzoneClusterImpl-6fb830c9-5413-49cc-a625-6cf41c4e5c97/datanode-8/data/ratis/d2638837-f985-4e21-8ffd-e78063f29d5f/in_use.lock acquired by nodename 2917@fv-az270-423
2022-04-27 10:52:00,371 [pool-235-thread-1] INFO  storage.RaftStorage (RaftStorageImpl.java:format(89)) - Storage directory /home/runner/work/ozone/ozone/hadoop-ozone/integration-test/target/test-dir/MiniOzoneClusterImpl-6fb830c9-5413-49cc-a625-6cf41c4e5c97/datanode-8/data/ratis/d2638837-f985-4e21-8ffd-e78063f29d5f has been successfully formatted.
2022-04-27 10:52:00,375 [pool-235-thread-1] INFO  ratis.ContainerStateMachine (ContainerStateMachine.java:loadSnapshot(236)) - group-E78063F29D5F: The snapshot info is null. Setting the last applied indexto:(t:0, i:~)
2022-04-27 10:52:00,375 [pool-235-thread-1] INFO  server.RaftServerConfigKeys (ConfUtils.java:logGet(44)) - raft.server.notification.no-leader.timeout = 300000ms (custom)
2022-04-27 10:52:00,375 [pool-235-thread-1] INFO  server.RaftServerConfigKeys (ConfUtils.java:logGet(44)) - raft.server.log.use.memory = false (default)
2022-04-27 10:52:00,375 [pool-235-thread-1] INFO  server.RaftServerConfigKeys (ConfUtils.java:logGet(44)) - raft.server.log.purge.gap = 1000000 (custom)
2022-04-27 10:52:00,375 [pool-235-thread-1] INFO  server.RaftServerConfigKeys (ConfUtils.java:logGet(44)) - raft.server.log.appender.buffer.byte-limit = 33554432 (custom)
2022-04-27 10:52:00,375 [pool-235-thread-1] INFO  server.RaftServerConfigKeys (ConfUtils.java:logGet(44)) - raft.server.log.segment.size.max = 1048576 (custom)
2022-04-27 10:52:00,376 [pool-235-thread-1] INFO  server.RaftServerConfigKeys (ConfUtils.java:logGet(44)) - raft.server.log.segment.cache.num.max = 2 (custom)
2022-04-27 10:52:00,376 [pool-235-thread-1] INFO  server.RaftServerConfigKeys (ConfUtils.java:logGet(44)) - raft.server.log.segment.cache.size.max = 200MB (=209715200) (default)
2022-04-27 10:52:00,376 [pool-235-thread-1] INFO  segmented.SegmentedRaftLogWorker (SegmentedRaftLogWorker.java:<init>(182)) - new fc150688-1f76-4ec0-a672-aaf91f0753c3@group-E78063F29D5F-SegmentedRaftLogWorker for RaftStorageImpl:Storage Directory /home/runner/work/ozone/ozone/hadoop-ozone/integration-test/target/test-dir/MiniOzoneClusterImpl-6fb830c9-5413-49cc-a625-6cf41c4e5c97/datanode-8/data/ratis/d2638837-f985-4e21-8ffd-e78063f29d5f
2022-04-27 10:52:00,376 [pool-235-thread-1] INFO  server.RaftServerConfigKeys (ConfUtils.java:logGet(44)) - raft.server.log.queue.byte-limit = 4294967296 (custom)
2022-04-27 10:52:00,376 [pool-235-thread-1] INFO  server.RaftServerConfigKeys (ConfUtils.java:logGet(44)) - raft.server.log.queue.element-limit = 1024 (custom)
2022-04-27 10:52:00,376 [pool-235-thread-1] INFO  server.RaftServerConfigKeys (ConfUtils.java:logGet(44)) - raft.server.log.segment.size.max = 1048576 (custom)
2022-04-27 10:52:00,376 [pool-235-thread-1] INFO  server.RaftServerConfigKeys (ConfUtils.java:logGet(44)) - raft.server.log.preallocated.size = 16384 (custom)
2022-04-27 10:52:00,376 [pool-235-thread-1] INFO  server.RaftServerConfigKeys (ConfUtils.java:logGet(44)) - raft.server.log.force.sync.num = 128 (default)
2022-04-27 10:52:00,376 [pool-235-thread-1] INFO  server.RaftServerConfigKeys (ConfUtils.java:logGet(44)) - raft.server.log.statemachine.data.sync = true (default)
2022-04-27 10:52:00,376 [pool-235-thread-1] INFO  server.RaftServerConfigKeys (ConfUtils.java:logGet(44)) - raft.server.log.statemachine.data.sync.timeout = 10s (default)
2022-04-27 10:52:00,376 [pool-235-thread-1] INFO  server.RaftServerConfigKeys (ConfUtils.java:logGet(44)) - raft.server.log.statemachine.data.sync.timeout.retry = -1 (default)
2022-04-27 10:52:00,377 [pool-235-thread-1] INFO  server.RaftServerConfigKeys (ConfUtils.java:logGet(44)) - raft.server.log.write.buffer.size = 1048576 (custom)
2022-04-27 10:52:00,377 [pool-235-thread-1] INFO  server.RaftServerConfigKeys (ConfUtils.java:logGet(44)) - raft.server.log.statemachine.data.caching.enabled = true (custom)
2022-04-27 10:52:00,377 [pool-235-thread-1] INFO  segmented.SegmentedRaftLogWorker (SegmentedRaftLogWorker.java:lambda$new$0(133)) - fc150688-1f76-4ec0-a672-aaf91f0753c3@group-E78063F29D5F-SegmentedRaftLogWorker: flushIndex: setUnconditionally 0 -> -1
2022-04-27 10:52:00,378 [pool-235-thread-1] INFO  segmented.SegmentedRaftLogWorker (SegmentedRaftLogWorker.java:lambda$new$0(133)) - fc150688-1f76-4ec0-a672-aaf91f0753c3@group-E78063F29D5F-SegmentedRaftLogWorker: safeCacheEvictIndex: setUnconditionally 0 -> -1
2022-04-27 10:52:00,380 [EventQueue-OpenPipelineForHealthyPipelineSafeModeRule] INFO  safemode.SCMSafeModeManager (HealthyPipelineSafeModeRule.java:process(124)) - SCM in safe mode. Healthy pipelines reported count is 0, required healthy pipeline reported count is 1
2022-04-27 10:52:00,382 [pool-235-thread-1] INFO  server.RaftServerConfigKeys (ConfUtils.java:logGet(44)) - raft.server.snapshot.auto.trigger.enabled = true (custom)
2022-04-27 10:52:00,382 [pool-235-thread-1] INFO  server.RaftServerConfigKeys (ConfUtils.java:logGet(44)) - raft.server.snapshot.auto.trigger.threshold = 1 (custom)
2022-04-27 10:52:00,382 [pool-235-thread-1] INFO  server.RaftServerConfigKeys (ConfUtils.java:logGet(44)) - raft.server.snapshot.retention.file.num = 5 (custom)
2022-04-27 10:52:00,382 [pool-235-thread-1] INFO  server.RaftServerConfigKeys (ConfUtils.java:logGet(44)) - raft.server.log.purge.upto.snapshot.index = false (default)
2022-04-27 10:52:00,382 [pool-235-thread-1] INFO  server.RaftServerConfigKeys (ConfUtils.java:logGet(44)) - raft.server.retrycache.expirytime = 600000ms (custom)
2022-04-27 10:52:00,382 [pool-235-thread-1] INFO  server.RaftServerConfigKeys (ConfUtils.java:logGet(44)) - raft.server.retrycache.statistics.expirytime = 100μs (default)
2022-04-27 10:52:00,384 [pool-235-thread-1] INFO  server.RaftServer$Division (RaftServerImpl.java:start(301)) - fc150688-1f76-4ec0-a672-aaf91f0753c3@group-E78063F29D5F: start as a follower, conf=-1: [7171416e-d570-4db8-8282-6e036003ab52|rpc:10.1.0.29:35393|dataStream:|priority:0, 5e6908a8-a78b-4a66-9555-b48c04384dc8|rpc:10.1.0.29:40571|dataStream:|priority:0, fc150688-1f76-4ec0-a672-aaf91f0753c3|rpc:10.1.0.29:37101|dataStream:|priority:1], old=null
2022-04-27 10:52:00,384 [pool-235-thread-1] INFO  server.RaftServer$Division (RaftServerImpl.java:setRole(290)) - fc150688-1f76-4ec0-a672-aaf91f0753c3@group-E78063F29D5F: changes role from      null to FOLLOWER at term 0 for startAsFollower
2022-04-27 10:52:00,384 [pool-235-thread-1] INFO  impl.RoleInfo (RoleInfo.java:updateAndGet(130)) - fc150688-1f76-4ec0-a672-aaf91f0753c3: start fc150688-1f76-4ec0-a672-aaf91f0753c3@group-E78063F29D5F-FollowerState
2022-04-27 10:52:00,384 [pool-235-thread-1] INFO  util.JmxRegister (JmxRegister.java:tryRegister(44)) - Successfully registered JMX Bean with object name Ratis:service=RaftServer,group=group-E78063F29D5F,id=fc150688-1f76-4ec0-a672-aaf91f0753c3
2022-04-27 10:52:00,405 [grpc-default-executor-0] INFO  server.RaftServer (RaftServerProxy.java:addNew(95)) - 7171416e-d570-4db8-8282-6e036003ab52: addNew group-E78063F29D5F:[7171416e-d570-4db8-8282-6e036003ab52|rpc:10.1.0.29:35393|dataStream:|priority:0, 5e6908a8-a78b-4a66-9555-b48c04384dc8|rpc:10.1.0.29:40571|dataStream:|priority:0, fc150688-1f76-4ec0-a672-aaf91f0753c3|rpc:10.1.0.29:37101|dataStream:|priority:1] returns group-E78063F29D5F:java.util.concurrent.CompletableFuture@28d636bc[Not completed]
2022-04-27 10:52:00,406 [pool-214-thread-1] INFO  server.RaftServer$Division (RaftServerImpl.java:<init>(184)) - 7171416e-d570-4db8-8282-6e036003ab52: new RaftServerImpl for group-E78063F29D5F:[7171416e-d570-4db8-8282-6e036003ab52|rpc:10.1.0.29:35393|dataStream:|priority:0, 5e6908a8-a78b-4a66-9555-b48c04384dc8|rpc:10.1.0.29:40571|dataStream:|priority:0, fc150688-1f76-4ec0-a672-aaf91f0753c3|rpc:10.1.0.29:37101|dataStream:|priority:1] with ContainerStateMachine:uninitialized
2022-04-27 10:52:00,406 [pool-214-thread-1] INFO  server.RaftServerConfigKeys (ConfUtils.java:logGet(44)) - raft.server.rpc.timeout.min = 5s (custom)
2022-04-27 10:52:00,406 [pool-214-thread-1] INFO  server.RaftServerConfigKeys (ConfUtils.java:logGet(44)) - raft.server.rpc.timeout.max = 5200ms (custom)
2022-04-27 10:52:00,406 [pool-214-thread-1] INFO  server.RaftServerConfigKeys (ConfUtils.java:logGet(44)) - raft.server.rpc.sleep.time = 25ms (default)
2022-04-27 10:52:00,406 [pool-214-thread-1] INFO  server.RaftServerConfigKeys (ConfUtils.java:logGet(44)) - raft.server.rpc.slowness.timeout = 300000ms (custom)
2022-04-27 10:52:00,406 [pool-214-thread-1] INFO  server.RaftServerConfigKeys (ConfUtils.java:logGet(44)) - raft.server.leaderelection.leader.step-down.wait-time = 10s (default)
2022-04-27 10:52:00,406 [pool-214-thread-1] INFO  server.RaftServerConfigKeys (ConfUtils.java:logGet(44)) - raft.server.sleep.deviation.threshold = 300ms (default)
2022-04-27 10:52:00,406 [pool-214-thread-1] INFO  server.RaftServerConfigKeys (ConfUtils.java:logGet(44)) - raft.server.log.appender.install.snapshot.enabled = false (custom)
2022-04-27 10:52:00,406 [pool-214-thread-1] INFO  server.RaftServer$Division (ServerState.java:<init>(105)) - 7171416e-d570-4db8-8282-6e036003ab52@group-E78063F29D5F: ConfigurationManager, init=-1: [7171416e-d570-4db8-8282-6e036003ab52|rpc:10.1.0.29:35393|dataStream:|priority:0, 5e6908a8-a78b-4a66-9555-b48c04384dc8|rpc:10.1.0.29:40571|dataStream:|priority:0, fc150688-1f76-4ec0-a672-aaf91f0753c3|rpc:10.1.0.29:37101|dataStream:|priority:1], old=null, confs=<EMPTY_MAP>
2022-04-27 10:52:00,407 [pool-214-thread-1] INFO  server.RaftServerConfigKeys (ConfUtils.java:logGet(44)) - raft.server.storage.dir = [/home/runner/work/ozone/ozone/hadoop-ozone/integration-test/target/test-dir/MiniOzoneClusterImpl-6fb830c9-5413-49cc-a625-6cf41c4e5c97/datanode-7/data/ratis] (custom)
2022-04-27 10:52:00,407 [pool-214-thread-1] INFO  server.RaftServerConfigKeys (ConfUtils.java:logGet(44)) - raft.server.log.corruption.policy = EXCEPTION (default)
2022-04-27 10:52:00,407 [pool-214-thread-1] INFO  server.RaftServerConfigKeys (ConfUtils.java:logGet(44)) - raft.server.storage.free-space.min = 0MB (=0) (default)
2022-04-27 10:52:00,407 [pool-214-thread-1] INFO  storage.RaftStorageDirectory (RaftStorageDirectoryImpl.java:analyzeStorage(135)) - The storage directory /home/runner/work/ozone/ozone/hadoop-ozone/integration-test/target/test-dir/MiniOzoneClusterImpl-6fb830c9-5413-49cc-a625-6cf41c4e5c97/datanode-7/data/ratis/d2638837-f985-4e21-8ffd-e78063f29d5f does not exist. Creating ...
2022-04-27 10:52:00,409 [pool-214-thread-1] INFO  storage.RaftStorageDirectory (RaftStorageDirectoryImpl.java:tryLock(230)) - Lock on /home/runner/work/ozone/ozone/hadoop-ozone/integration-test/target/test-dir/MiniOzoneClusterImpl-6fb830c9-5413-49cc-a625-6cf41c4e5c97/datanode-7/data/ratis/d2638837-f985-4e21-8ffd-e78063f29d5f/in_use.lock acquired by nodename 2917@fv-az270-423
2022-04-27 10:52:00,410 [pool-214-thread-1] INFO  storage.RaftStorage (RaftStorageImpl.java:format(89)) - Storage directory /home/runner/work/ozone/ozone/hadoop-ozone/integration-test/target/test-dir/MiniOzoneClusterImpl-6fb830c9-5413-49cc-a625-6cf41c4e5c97/datanode-7/data/ratis/d2638837-f985-4e21-8ffd-e78063f29d5f has been successfully formatted.
2022-04-27 10:52:00,411 [pool-214-thread-1] INFO  ratis.ContainerStateMachine (ContainerStateMachine.java:loadSnapshot(236)) - group-E78063F29D5F: The snapshot info is null. Setting the last applied indexto:(t:0, i:~)
2022-04-27 10:52:00,413 [pool-214-thread-1] INFO  server.RaftServerConfigKeys (ConfUtils.java:logGet(44)) - raft.server.notification.no-leader.timeout = 300000ms (custom)
2022-04-27 10:52:00,413 [pool-214-thread-1] INFO  server.RaftServerConfigKeys (ConfUtils.java:logGet(44)) - raft.server.log.use.memory = false (default)
2022-04-27 10:52:00,413 [pool-214-thread-1] INFO  server.RaftServerConfigKeys (ConfUtils.java:logGet(44)) - raft.server.log.purge.gap = 1000000 (custom)
2022-04-27 10:52:00,413 [pool-214-thread-1] INFO  server.RaftServerConfigKeys (ConfUtils.java:logGet(44)) - raft.server.log.appender.buffer.byte-limit = 33554432 (custom)
2022-04-27 10:52:00,413 [pool-214-thread-1] INFO  server.RaftServerConfigKeys (ConfUtils.java:logGet(44)) - raft.server.log.segment.size.max = 1048576 (custom)
2022-04-27 10:52:00,414 [pool-214-thread-1] INFO  server.RaftServerConfigKeys (ConfUtils.java:logGet(44)) - raft.server.log.segment.cache.num.max = 2 (custom)
2022-04-27 10:52:00,414 [pool-214-thread-1] INFO  server.RaftServerConfigKeys (ConfUtils.java:logGet(44)) - raft.server.log.segment.cache.size.max = 200MB (=209715200) (default)
2022-04-27 10:52:00,414 [pool-214-thread-1] INFO  segmented.SegmentedRaftLogWorker (SegmentedRaftLogWorker.java:<init>(182)) - new 7171416e-d570-4db8-8282-6e036003ab52@group-E78063F29D5F-SegmentedRaftLogWorker for RaftStorageImpl:Storage Directory /home/runner/work/ozone/ozone/hadoop-ozone/integration-test/target/test-dir/MiniOzoneClusterImpl-6fb830c9-5413-49cc-a625-6cf41c4e5c97/datanode-7/data/ratis/d2638837-f985-4e21-8ffd-e78063f29d5f
2022-04-27 10:52:00,414 [pool-214-thread-1] INFO  server.RaftServerConfigKeys (ConfUtils.java:logGet(44)) - raft.server.log.queue.byte-limit = 4294967296 (custom)
2022-04-27 10:52:00,414 [pool-214-thread-1] INFO  server.RaftServerConfigKeys (ConfUtils.java:logGet(44)) - raft.server.log.queue.element-limit = 1024 (custom)
2022-04-27 10:52:00,414 [pool-214-thread-1] INFO  server.RaftServerConfigKeys (ConfUtils.java:logGet(44)) - raft.server.log.segment.size.max = 1048576 (custom)
2022-04-27 10:52:00,414 [pool-214-thread-1] INFO  server.RaftServerConfigKeys (ConfUtils.java:logGet(44)) - raft.server.log.preallocated.size = 16384 (custom)
2022-04-27 10:52:00,414 [pool-214-thread-1] INFO  server.RaftServerConfigKeys (ConfUtils.java:logGet(44)) - raft.server.log.force.sync.num = 128 (default)
2022-04-27 10:52:00,414 [pool-214-thread-1] INFO  server.RaftServerConfigKeys (ConfUtils.java:logGet(44)) - raft.server.log.statemachine.data.sync = true (default)
2022-04-27 10:52:00,414 [pool-214-thread-1] INFO  server.RaftServerConfigKeys (ConfUtils.java:logGet(44)) - raft.server.log.statemachine.data.sync.timeout = 10s (default)
2022-04-27 10:52:00,414 [pool-214-thread-1] INFO  server.RaftServerConfigKeys (ConfUtils.java:logGet(44)) - raft.server.log.statemachine.data.sync.timeout.retry = -1 (default)
2022-04-27 10:52:00,415 [Listener at 127.0.0.1/43313] INFO  ozone.MiniOzoneClusterImpl (MiniOzoneClusterImpl.java:lambda$waitForClusterToBeReady$0(221)) - Nodes are ready. Got 10 of 10 DN Heartbeats.
2022-04-27 10:52:00,416 [Listener at 127.0.0.1/43313] INFO  ozone.MiniOzoneClusterImpl (MiniOzoneClusterImpl.java:lambda$waitForClusterToBeReady$0(224)) - Waiting for cluster to exit safe mode
2022-04-27 10:52:00,416 [Listener at 127.0.0.1/43313] INFO  ozone.MiniOzoneClusterImpl (MiniOzoneClusterImpl.java:lambda$waitForClusterToBeReady$0(226)) - SCM became leader
2022-04-27 10:52:00,416 [pool-214-thread-1] INFO  server.RaftServerConfigKeys (ConfUtils.java:logGet(44)) - raft.server.log.write.buffer.size = 1048576 (custom)
2022-04-27 10:52:00,417 [pool-214-thread-1] INFO  server.RaftServerConfigKeys (ConfUtils.java:logGet(44)) - raft.server.log.statemachine.data.caching.enabled = true (custom)
2022-04-27 10:52:00,417 [pool-214-thread-1] INFO  segmented.SegmentedRaftLogWorker (SegmentedRaftLogWorker.java:lambda$new$0(133)) - 7171416e-d570-4db8-8282-6e036003ab52@group-E78063F29D5F-SegmentedRaftLogWorker: flushIndex: setUnconditionally 0 -> -1
2022-04-27 10:52:00,417 [pool-214-thread-1] INFO  segmented.SegmentedRaftLogWorker (SegmentedRaftLogWorker.java:lambda$new$0(133)) - 7171416e-d570-4db8-8282-6e036003ab52@group-E78063F29D5F-SegmentedRaftLogWorker: safeCacheEvictIndex: setUnconditionally 0 -> -1
2022-04-27 10:52:00,419 [pool-214-thread-1] INFO  server.RaftServerConfigKeys (ConfUtils.java:logGet(44)) - raft.server.snapshot.auto.trigger.enabled = true (custom)
2022-04-27 10:52:00,420 [pool-214-thread-1] INFO  server.RaftServerConfigKeys (ConfUtils.java:logGet(44)) - raft.server.snapshot.auto.trigger.threshold = 1 (custom)
2022-04-27 10:52:00,420 [pool-214-thread-1] INFO  server.RaftServerConfigKeys (ConfUtils.java:logGet(44)) - raft.server.snapshot.retention.file.num = 5 (custom)
2022-04-27 10:52:00,420 [pool-214-thread-1] INFO  server.RaftServerConfigKeys (ConfUtils.java:logGet(44)) - raft.server.log.purge.upto.snapshot.index = false (default)
2022-04-27 10:52:00,420 [pool-214-thread-1] INFO  server.RaftServerConfigKeys (ConfUtils.java:logGet(44)) - raft.server.retrycache.expirytime = 600000ms (custom)
2022-04-27 10:52:00,420 [pool-214-thread-1] INFO  server.RaftServerConfigKeys (ConfUtils.java:logGet(44)) - raft.server.retrycache.statistics.expirytime = 100μs (default)
2022-04-27 10:52:00,424 [pool-214-thread-1] INFO  server.RaftServer$Division (RaftServerImpl.java:start(301)) - 7171416e-d570-4db8-8282-6e036003ab52@group-E78063F29D5F: start as a follower, conf=-1: [7171416e-d570-4db8-8282-6e036003ab52|rpc:10.1.0.29:35393|dataStream:|priority:0, 5e6908a8-a78b-4a66-9555-b48c04384dc8|rpc:10.1.0.29:40571|dataStream:|priority:0, fc150688-1f76-4ec0-a672-aaf91f0753c3|rpc:10.1.0.29:37101|dataStream:|priority:1], old=null
2022-04-27 10:52:00,424 [pool-214-thread-1] INFO  server.RaftServer$Division (RaftServerImpl.java:setRole(290)) - 7171416e-d570-4db8-8282-6e036003ab52@group-E78063F29D5F: changes role from      null to FOLLOWER at term 0 for startAsFollower
2022-04-27 10:52:00,424 [pool-214-thread-1] INFO  impl.RoleInfo (RoleInfo.java:updateAndGet(130)) - 7171416e-d570-4db8-8282-6e036003ab52: start 7171416e-d570-4db8-8282-6e036003ab52@group-E78063F29D5F-FollowerState
2022-04-27 10:52:00,425 [pool-214-thread-1] INFO  util.JmxRegister (JmxRegister.java:tryRegister(44)) - Successfully registered JMX Bean with object name Ratis:service=RaftServer,group=group-E78063F29D5F,id=7171416e-d570-4db8-8282-6e036003ab52
2022-04-27 10:52:00,434 [Command processor thread] INFO  commandhandler.CreatePipelineCommandHandler (CreatePipelineCommandHandler.java:handle(113)) - Created Pipeline RATIS THREE PipelineID=d2638837-f985-4e21-8ffd-e78063f29d5f.
2022-04-27 10:52:00,434 [Command processor thread] INFO  server.RaftServer (RaftServerProxy.java:addNew(95)) - 5e6908a8-a78b-4a66-9555-b48c04384dc8: addNew group-EEF7E24D5DDB:[7171416e-d570-4db8-8282-6e036003ab52|rpc:10.1.0.29:35393|priority:0, 5e6908a8-a78b-4a66-9555-b48c04384dc8|rpc:10.1.0.29:40571|priority:1, fc150688-1f76-4ec0-a672-aaf91f0753c3|rpc:10.1.0.29:37101|priority:0] returns group-EEF7E24D5DDB:java.util.concurrent.CompletableFuture@2b20de32[Not completed]
2022-04-27 10:52:00,435 [pool-193-thread-1] INFO  server.RaftServer$Division (RaftServerImpl.java:<init>(184)) - 5e6908a8-a78b-4a66-9555-b48c04384dc8: new RaftServerImpl for group-EEF7E24D5DDB:[7171416e-d570-4db8-8282-6e036003ab52|rpc:10.1.0.29:35393|priority:0, 5e6908a8-a78b-4a66-9555-b48c04384dc8|rpc:10.1.0.29:40571|priority:1, fc150688-1f76-4ec0-a672-aaf91f0753c3|rpc:10.1.0.29:37101|priority:0] with ContainerStateMachine:uninitialized
2022-04-27 10:52:00,435 [pool-193-thread-1] INFO  server.RaftServerConfigKeys (ConfUtils.java:logGet(44)) - raft.server.rpc.timeout.min = 5s (custom)
2022-04-27 10:52:00,435 [pool-193-thread-1] INFO  server.RaftServerConfigKeys (ConfUtils.java:logGet(44)) - raft.server.rpc.timeout.max = 5200ms (custom)
2022-04-27 10:52:00,436 [pool-193-thread-1] INFO  server.RaftServerConfigKeys (ConfUtils.java:logGet(44)) - raft.server.rpc.sleep.time = 25ms (default)
2022-04-27 10:52:00,436 [pool-193-thread-1] INFO  server.RaftServerConfigKeys (ConfUtils.java:logGet(44)) - raft.server.rpc.slowness.timeout = 300000ms (custom)
2022-04-27 10:52:00,436 [pool-193-thread-1] INFO  server.RaftServerConfigKeys (ConfUtils.java:logGet(44)) - raft.server.leaderelection.leader.step-down.wait-time = 10s (default)
2022-04-27 10:52:00,436 [pool-193-thread-1] INFO  server.RaftServerConfigKeys (ConfUtils.java:logGet(44)) - raft.server.sleep.deviation.threshold = 300ms (default)
2022-04-27 10:52:00,436 [pool-193-thread-1] INFO  server.RaftServerConfigKeys (ConfUtils.java:logGet(44)) - raft.server.log.appender.install.snapshot.enabled = false (custom)
2022-04-27 10:52:00,436 [pool-193-thread-1] INFO  server.RaftServer$Division (ServerState.java:<init>(105)) - 5e6908a8-a78b-4a66-9555-b48c04384dc8@group-EEF7E24D5DDB: ConfigurationManager, init=-1: [7171416e-d570-4db8-8282-6e036003ab52|rpc:10.1.0.29:35393|priority:0, 5e6908a8-a78b-4a66-9555-b48c04384dc8|rpc:10.1.0.29:40571|priority:1, fc150688-1f76-4ec0-a672-aaf91f0753c3|rpc:10.1.0.29:37101|priority:0], old=null, confs=<EMPTY_MAP>
2022-04-27 10:52:00,436 [pool-193-thread-1] INFO  server.RaftServerConfigKeys (ConfUtils.java:logGet(44)) - raft.server.storage.dir = [/home/runner/work/ozone/ozone/hadoop-ozone/integration-test/target/test-dir/MiniOzoneClusterImpl-6fb830c9-5413-49cc-a625-6cf41c4e5c97/datanode-6/data/ratis] (custom)
2022-04-27 10:52:00,436 [pool-193-thread-1] INFO  server.RaftServerConfigKeys (ConfUtils.java:logGet(44)) - raft.server.log.corruption.policy = EXCEPTION (default)
2022-04-27 10:52:00,436 [pool-193-thread-1] INFO  server.RaftServerConfigKeys (ConfUtils.java:logGet(44)) - raft.server.storage.free-space.min = 0MB (=0) (default)
2022-04-27 10:52:00,436 [pool-193-thread-1] INFO  storage.RaftStorageDirectory (RaftStorageDirectoryImpl.java:analyzeStorage(135)) - The storage directory /home/runner/work/ozone/ozone/hadoop-ozone/integration-test/target/test-dir/MiniOzoneClusterImpl-6fb830c9-5413-49cc-a625-6cf41c4e5c97/datanode-6/data/ratis/42eb8c22-99cc-4ce6-a0af-eef7e24d5ddb does not exist. Creating ...
2022-04-27 10:52:00,446 [pool-193-thread-1] INFO  storage.RaftStorageDirectory (RaftStorageDirectoryImpl.java:tryLock(230)) - Lock on /home/runner/work/ozone/ozone/hadoop-ozone/integration-test/target/test-dir/MiniOzoneClusterImpl-6fb830c9-5413-49cc-a625-6cf41c4e5c97/datanode-6/data/ratis/42eb8c22-99cc-4ce6-a0af-eef7e24d5ddb/in_use.lock acquired by nodename 2917@fv-az270-423
2022-04-27 10:52:00,447 [pool-193-thread-1] INFO  storage.RaftStorage (RaftStorageImpl.java:format(89)) - Storage directory /home/runner/work/ozone/ozone/hadoop-ozone/integration-test/target/test-dir/MiniOzoneClusterImpl-6fb830c9-5413-49cc-a625-6cf41c4e5c97/datanode-6/data/ratis/42eb8c22-99cc-4ce6-a0af-eef7e24d5ddb has been successfully formatted.
2022-04-27 10:52:00,447 [pool-193-thread-1] INFO  ratis.ContainerStateMachine (ContainerStateMachine.java:loadSnapshot(236)) - group-EEF7E24D5DDB: The snapshot info is null. Setting the last applied indexto:(t:0, i:~)
2022-04-27 10:52:00,447 [pool-193-thread-1] INFO  server.RaftServerConfigKeys (ConfUtils.java:logGet(44)) - raft.server.notification.no-leader.timeout = 300000ms (custom)
2022-04-27 10:52:00,448 [pool-193-thread-1] INFO  server.RaftServerConfigKeys (ConfUtils.java:logGet(44)) - raft.server.log.use.memory = false (default)
2022-04-27 10:52:00,448 [pool-193-thread-1] INFO  server.RaftServerConfigKeys (ConfUtils.java:logGet(44)) - raft.server.log.purge.gap = 1000000 (custom)
2022-04-27 10:52:00,448 [pool-193-thread-1] INFO  server.RaftServerConfigKeys (ConfUtils.java:logGet(44)) - raft.server.log.appender.buffer.byte-limit = 33554432 (custom)
2022-04-27 10:52:00,448 [pool-193-thread-1] INFO  server.RaftServerConfigKeys (ConfUtils.java:logGet(44)) - raft.server.log.segment.size.max = 1048576 (custom)
2022-04-27 10:52:00,448 [pool-193-thread-1] INFO  server.RaftServerConfigKeys (ConfUtils.java:logGet(44)) - raft.server.log.segment.cache.num.max = 2 (custom)
2022-04-27 10:52:00,448 [pool-193-thread-1] INFO  server.RaftServerConfigKeys (ConfUtils.java:logGet(44)) - raft.server.log.segment.cache.size.max = 200MB (=209715200) (default)
2022-04-27 10:52:00,448 [pool-193-thread-1] INFO  segmented.SegmentedRaftLogWorker (SegmentedRaftLogWorker.java:<init>(182)) - new 5e6908a8-a78b-4a66-9555-b48c04384dc8@group-EEF7E24D5DDB-SegmentedRaftLogWorker for RaftStorageImpl:Storage Directory /home/runner/work/ozone/ozone/hadoop-ozone/integration-test/target/test-dir/MiniOzoneClusterImpl-6fb830c9-5413-49cc-a625-6cf41c4e5c97/datanode-6/data/ratis/42eb8c22-99cc-4ce6-a0af-eef7e24d5ddb
2022-04-27 10:52:00,448 [pool-193-thread-1] INFO  server.RaftServerConfigKeys (ConfUtils.java:logGet(44)) - raft.server.log.queue.byte-limit = 4294967296 (custom)
2022-04-27 10:52:00,448 [pool-193-thread-1] INFO  server.RaftServerConfigKeys (ConfUtils.java:logGet(44)) - raft.server.log.queue.element-limit = 1024 (custom)
2022-04-27 10:52:00,449 [pool-193-thread-1] INFO  server.RaftServerConfigKeys (ConfUtils.java:logGet(44)) - raft.server.log.segment.size.max = 1048576 (custom)
2022-04-27 10:52:00,449 [pool-193-thread-1] INFO  server.RaftServerConfigKeys (ConfUtils.java:logGet(44)) - raft.server.log.preallocated.size = 16384 (custom)
2022-04-27 10:52:00,449 [pool-193-thread-1] INFO  server.RaftServerConfigKeys (ConfUtils.java:logGet(44)) - raft.server.log.force.sync.num = 128 (default)
2022-04-27 10:52:00,449 [pool-193-thread-1] INFO  server.RaftServerConfigKeys (ConfUtils.java:logGet(44)) - raft.server.log.statemachine.data.sync = true (default)
2022-04-27 10:52:00,449 [pool-193-thread-1] INFO  server.RaftServerConfigKeys (ConfUtils.java:logGet(44)) - raft.server.log.statemachine.data.sync.timeout = 10s (default)
2022-04-27 10:52:00,449 [pool-193-thread-1] INFO  server.RaftServerConfigKeys (ConfUtils.java:logGet(44)) - raft.server.log.statemachine.data.sync.timeout.retry = -1 (default)
2022-04-27 10:52:00,450 [pool-193-thread-1] INFO  server.RaftServerConfigKeys (ConfUtils.java:logGet(44)) - raft.server.log.write.buffer.size = 1048576 (custom)
2022-04-27 10:52:00,450 [pool-193-thread-1] INFO  server.RaftServerConfigKeys (ConfUtils.java:logGet(44)) - raft.server.log.statemachine.data.caching.enabled = true (custom)
2022-04-27 10:52:00,451 [pool-193-thread-1] INFO  segmented.SegmentedRaftLogWorker (SegmentedRaftLogWorker.java:lambda$new$0(133)) - 5e6908a8-a78b-4a66-9555-b48c04384dc8@group-EEF7E24D5DDB-SegmentedRaftLogWorker: flushIndex: setUnconditionally 0 -> -1
2022-04-27 10:52:00,451 [pool-193-thread-1] INFO  segmented.SegmentedRaftLogWorker (SegmentedRaftLogWorker.java:lambda$new$0(133)) - 5e6908a8-a78b-4a66-9555-b48c04384dc8@group-EEF7E24D5DDB-SegmentedRaftLogWorker: safeCacheEvictIndex: setUnconditionally 0 -> -1
2022-04-27 10:52:00,452 [EventQueue-OpenPipelineForHealthyPipelineSafeModeRule] INFO  safemode.SCMSafeModeManager (HealthyPipelineSafeModeRule.java:process(124)) - SCM in safe mode. Healthy pipelines reported count is 0, required healthy pipeline reported count is 1
2022-04-27 10:52:00,455 [pool-193-thread-1] INFO  server.RaftServerConfigKeys (ConfUtils.java:logGet(44)) - raft.server.snapshot.auto.trigger.enabled = true (custom)
2022-04-27 10:52:00,456 [pool-193-thread-1] INFO  server.RaftServerConfigKeys (ConfUtils.java:logGet(44)) - raft.server.snapshot.auto.trigger.threshold = 1 (custom)
2022-04-27 10:52:00,456 [pool-193-thread-1] INFO  server.RaftServerConfigKeys (ConfUtils.java:logGet(44)) - raft.server.snapshot.retention.file.num = 5 (custom)
2022-04-27 10:52:00,456 [pool-193-thread-1] INFO  server.RaftServerConfigKeys (ConfUtils.java:logGet(44)) - raft.server.log.purge.upto.snapshot.index = false (default)
2022-04-27 10:52:00,456 [pool-193-thread-1] INFO  server.RaftServerConfigKeys (ConfUtils.java:logGet(44)) - raft.server.retrycache.expirytime = 600000ms (custom)
2022-04-27 10:52:00,456 [pool-193-thread-1] INFO  server.RaftServerConfigKeys (ConfUtils.java:logGet(44)) - raft.server.retrycache.statistics.expirytime = 100μs (default)
2022-04-27 10:52:00,457 [pool-193-thread-1] INFO  server.RaftServer$Division (RaftServerImpl.java:start(301)) - 5e6908a8-a78b-4a66-9555-b48c04384dc8@group-EEF7E24D5DDB: start as a follower, conf=-1: [7171416e-d570-4db8-8282-6e036003ab52|rpc:10.1.0.29:35393|priority:0, 5e6908a8-a78b-4a66-9555-b48c04384dc8|rpc:10.1.0.29:40571|priority:1, fc150688-1f76-4ec0-a672-aaf91f0753c3|rpc:10.1.0.29:37101|priority:0], old=null
2022-04-27 10:52:00,457 [pool-193-thread-1] INFO  server.RaftServer$Division (RaftServerImpl.java:setRole(290)) - 5e6908a8-a78b-4a66-9555-b48c04384dc8@group-EEF7E24D5DDB: changes role from      null to FOLLOWER at term 0 for startAsFollower
2022-04-27 10:52:00,457 [pool-193-thread-1] INFO  impl.RoleInfo (RoleInfo.java:updateAndGet(130)) - 5e6908a8-a78b-4a66-9555-b48c04384dc8: start 5e6908a8-a78b-4a66-9555-b48c04384dc8@group-EEF7E24D5DDB-FollowerState
2022-04-27 10:52:00,460 [pool-193-thread-1] INFO  util.JmxRegister (JmxRegister.java:tryRegister(44)) - Successfully registered JMX Bean with object name Ratis:service=RaftServer,group=group-EEF7E24D5DDB,id=5e6908a8-a78b-4a66-9555-b48c04384dc8
2022-04-27 10:52:00,460 [Command processor thread] INFO  ratis.XceiverServerRatis (XceiverServerRatis.java:addGroup(765)) - Created group PipelineID=42eb8c22-99cc-4ce6-a0af-eef7e24d5ddb
2022-04-27 10:52:00,471 [grpc-default-executor-0] INFO  server.RaftServer (RaftServerProxy.java:addNew(95)) - fc150688-1f76-4ec0-a672-aaf91f0753c3: addNew group-EEF7E24D5DDB:[7171416e-d570-4db8-8282-6e036003ab52|rpc:10.1.0.29:35393|dataStream:|priority:0, 5e6908a8-a78b-4a66-9555-b48c04384dc8|rpc:10.1.0.29:40571|dataStream:|priority:1, fc150688-1f76-4ec0-a672-aaf91f0753c3|rpc:10.1.0.29:37101|dataStream:|priority:0] returns group-EEF7E24D5DDB:java.util.concurrent.CompletableFuture@52248ef4[Not completed]
2022-04-27 10:52:00,473 [pool-235-thread-1] INFO  server.RaftServer$Division (RaftServerImpl.java:<init>(184)) - fc150688-1f76-4ec0-a672-aaf91f0753c3: new RaftServerImpl for group-EEF7E24D5DDB:[7171416e-d570-4db8-8282-6e036003ab52|rpc:10.1.0.29:35393|dataStream:|priority:0, 5e6908a8-a78b-4a66-9555-b48c04384dc8|rpc:10.1.0.29:40571|dataStream:|priority:1, fc150688-1f76-4ec0-a672-aaf91f0753c3|rpc:10.1.0.29:37101|dataStream:|priority:0] with ContainerStateMachine:uninitialized
2022-04-27 10:52:00,473 [pool-235-thread-1] INFO  server.RaftServerConfigKeys (ConfUtils.java:logGet(44)) - raft.server.rpc.timeout.min = 5s (custom)
2022-04-27 10:52:00,473 [pool-235-thread-1] INFO  server.RaftServerConfigKeys (ConfUtils.java:logGet(44)) - raft.server.rpc.timeout.max = 5200ms (custom)
2022-04-27 10:52:00,473 [pool-235-thread-1] INFO  server.RaftServerConfigKeys (ConfUtils.java:logGet(44)) - raft.server.rpc.sleep.time = 25ms (default)
2022-04-27 10:52:00,474 [pool-235-thread-1] INFO  server.RaftServerConfigKeys (ConfUtils.java:logGet(44)) - raft.server.rpc.slowness.timeout = 300000ms (custom)
2022-04-27 10:52:00,474 [pool-235-thread-1] INFO  server.RaftServerConfigKeys (ConfUtils.java:logGet(44)) - raft.server.leaderelection.leader.step-down.wait-time = 10s (default)
2022-04-27 10:52:00,474 [pool-235-thread-1] INFO  server.RaftServerConfigKeys (ConfUtils.java:logGet(44)) - raft.server.sleep.deviation.threshold = 300ms (default)
2022-04-27 10:52:00,474 [pool-235-thread-1] INFO  server.RaftServerConfigKeys (ConfUtils.java:logGet(44)) - raft.server.log.appender.install.snapshot.enabled = false (custom)
2022-04-27 10:52:00,474 [pool-235-thread-1] INFO  server.RaftServer$Division (ServerState.java:<init>(105)) - fc150688-1f76-4ec0-a672-aaf91f0753c3@group-EEF7E24D5DDB: ConfigurationManager, init=-1: [7171416e-d570-4db8-8282-6e036003ab52|rpc:10.1.0.29:35393|dataStream:|priority:0, 5e6908a8-a78b-4a66-9555-b48c04384dc8|rpc:10.1.0.29:40571|dataStream:|priority:1, fc150688-1f76-4ec0-a672-aaf91f0753c3|rpc:10.1.0.29:37101|dataStream:|priority:0], old=null, confs=<EMPTY_MAP>
2022-04-27 10:52:00,474 [pool-235-thread-1] INFO  server.RaftServerConfigKeys (ConfUtils.java:logGet(44)) - raft.server.storage.dir = [/home/runner/work/ozone/ozone/hadoop-ozone/integration-test/target/test-dir/MiniOzoneClusterImpl-6fb830c9-5413-49cc-a625-6cf41c4e5c97/datanode-8/data/ratis] (custom)
2022-04-27 10:52:00,474 [pool-235-thread-1] INFO  server.RaftServerConfigKeys (ConfUtils.java:logGet(44)) - raft.server.log.corruption.policy = EXCEPTION (default)
2022-04-27 10:52:00,474 [pool-235-thread-1] INFO  server.RaftServerConfigKeys (ConfUtils.java:logGet(44)) - raft.server.storage.free-space.min = 0MB (=0) (default)
2022-04-27 10:52:00,474 [pool-235-thread-1] INFO  storage.RaftStorageDirectory (RaftStorageDirectoryImpl.java:analyzeStorage(135)) - The storage directory /home/runner/work/ozone/ozone/hadoop-ozone/integration-test/target/test-dir/MiniOzoneClusterImpl-6fb830c9-5413-49cc-a625-6cf41c4e5c97/datanode-8/data/ratis/42eb8c22-99cc-4ce6-a0af-eef7e24d5ddb does not exist. Creating ...
2022-04-27 10:52:00,476 [EventQueue-OpenPipelineForHealthyPipelineSafeModeRule] INFO  safemode.SCMSafeModeManager (HealthyPipelineSafeModeRule.java:process(124)) - SCM in safe mode. Healthy pipelines reported count is 0, required healthy pipeline reported count is 1
2022-04-27 10:52:00,477 [EventQueue-OpenPipelineForHealthyPipelineSafeModeRule] INFO  safemode.SCMSafeModeManager (HealthyPipelineSafeModeRule.java:process(124)) - SCM in safe mode. Healthy pipelines reported count is 0, required healthy pipeline reported count is 1
2022-04-27 10:52:00,477 [pool-235-thread-1] INFO  storage.RaftStorageDirectory (RaftStorageDirectoryImpl.java:tryLock(230)) - Lock on /home/runner/work/ozone/ozone/hadoop-ozone/integration-test/target/test-dir/MiniOzoneClusterImpl-6fb830c9-5413-49cc-a625-6cf41c4e5c97/datanode-8/data/ratis/42eb8c22-99cc-4ce6-a0af-eef7e24d5ddb/in_use.lock acquired by nodename 2917@fv-az270-423
2022-04-27 10:52:00,480 [pool-235-thread-1] INFO  storage.RaftStorage (RaftStorageImpl.java:format(89)) - Storage directory /home/runner/work/ozone/ozone/hadoop-ozone/integration-test/target/test-dir/MiniOzoneClusterImpl-6fb830c9-5413-49cc-a625-6cf41c4e5c97/datanode-8/data/ratis/42eb8c22-99cc-4ce6-a0af-eef7e24d5ddb has been successfully formatted.
2022-04-27 10:52:00,482 [pool-235-thread-1] INFO  ratis.ContainerStateMachine (ContainerStateMachine.java:loadSnapshot(236)) - group-EEF7E24D5DDB: The snapshot info is null. Setting the last applied indexto:(t:0, i:~)
2022-04-27 10:52:00,482 [pool-235-thread-1] INFO  server.RaftServerConfigKeys (ConfUtils.java:logGet(44)) - raft.server.notification.no-leader.timeout = 300000ms (custom)
2022-04-27 10:52:00,482 [pool-235-thread-1] INFO  server.RaftServerConfigKeys (ConfUtils.java:logGet(44)) - raft.server.log.use.memory = false (default)
2022-04-27 10:52:00,482 [pool-235-thread-1] INFO  server.RaftServerConfigKeys (ConfUtils.java:logGet(44)) - raft.server.log.purge.gap = 1000000 (custom)
2022-04-27 10:52:00,482 [pool-235-thread-1] INFO  server.RaftServerConfigKeys (ConfUtils.java:logGet(44)) - raft.server.log.appender.buffer.byte-limit = 33554432 (custom)
2022-04-27 10:52:00,482 [pool-235-thread-1] INFO  server.RaftServerConfigKeys (ConfUtils.java:logGet(44)) - raft.server.log.segment.size.max = 1048576 (custom)
2022-04-27 10:52:00,483 [pool-235-thread-1] INFO  server.RaftServerConfigKeys (ConfUtils.java:logGet(44)) - raft.server.log.segment.cache.num.max = 2 (custom)
2022-04-27 10:52:00,483 [pool-235-thread-1] INFO  server.RaftServerConfigKeys (ConfUtils.java:logGet(44)) - raft.server.log.segment.cache.size.max = 200MB (=209715200) (default)
2022-04-27 10:52:00,483 [pool-235-thread-1] INFO  segmented.SegmentedRaftLogWorker (SegmentedRaftLogWorker.java:<init>(182)) - new fc150688-1f76-4ec0-a672-aaf91f0753c3@group-EEF7E24D5DDB-SegmentedRaftLogWorker for RaftStorageImpl:Storage Directory /home/runner/work/ozone/ozone/hadoop-ozone/integration-test/target/test-dir/MiniOzoneClusterImpl-6fb830c9-5413-49cc-a625-6cf41c4e5c97/datanode-8/data/ratis/42eb8c22-99cc-4ce6-a0af-eef7e24d5ddb
2022-04-27 10:52:00,483 [pool-235-thread-1] INFO  server.RaftServerConfigKeys (ConfUtils.java:logGet(44)) - raft.server.log.queue.byte-limit = 4294967296 (custom)
2022-04-27 10:52:00,483 [pool-235-thread-1] INFO  server.RaftServerConfigKeys (ConfUtils.java:logGet(44)) - raft.server.log.queue.element-limit = 1024 (custom)
2022-04-27 10:52:00,483 [pool-235-thread-1] INFO  server.RaftServerConfigKeys (ConfUtils.java:logGet(44)) - raft.server.log.segment.size.max = 1048576 (custom)
2022-04-27 10:52:00,483 [pool-235-thread-1] INFO  server.RaftServerConfigKeys (ConfUtils.java:logGet(44)) - raft.server.log.preallocated.size = 16384 (custom)
2022-04-27 10:52:00,483 [pool-235-thread-1] INFO  server.RaftServerConfigKeys (ConfUtils.java:logGet(44)) - raft.server.log.force.sync.num = 128 (default)
2022-04-27 10:52:00,483 [pool-235-thread-1] INFO  server.RaftServerConfigKeys (ConfUtils.java:logGet(44)) - raft.server.log.statemachine.data.sync = true (default)
2022-04-27 10:52:00,483 [pool-235-thread-1] INFO  server.RaftServerConfigKeys (ConfUtils.java:logGet(44)) - raft.server.log.statemachine.data.sync.timeout = 10s (default)
2022-04-27 10:52:00,483 [pool-235-thread-1] INFO  server.RaftServerConfigKeys (ConfUtils.java:logGet(44)) - raft.server.log.statemachine.data.sync.timeout.retry = -1 (default)
2022-04-27 10:52:00,485 [pool-235-thread-1] INFO  server.RaftServerConfigKeys (ConfUtils.java:logGet(44)) - raft.server.log.write.buffer.size = 1048576 (custom)
2022-04-27 10:52:00,489 [pool-235-thread-1] INFO  server.RaftServerConfigKeys (ConfUtils.java:logGet(44)) - raft.server.log.statemachine.data.caching.enabled = true (custom)
2022-04-27 10:52:00,489 [pool-235-thread-1] INFO  segmented.SegmentedRaftLogWorker (SegmentedRaftLogWorker.java:lambda$new$0(133)) - fc150688-1f76-4ec0-a672-aaf91f0753c3@group-EEF7E24D5DDB-SegmentedRaftLogWorker: flushIndex: setUnconditionally 0 -> -1
2022-04-27 10:52:00,489 [pool-235-thread-1] INFO  segmented.SegmentedRaftLogWorker (SegmentedRaftLogWorker.java:lambda$new$0(133)) - fc150688-1f76-4ec0-a672-aaf91f0753c3@group-EEF7E24D5DDB-SegmentedRaftLogWorker: safeCacheEvictIndex: setUnconditionally 0 -> -1
2022-04-27 10:52:00,490 [pool-235-thread-1] INFO  server.RaftServerConfigKeys (ConfUtils.java:logGet(44)) - raft.server.snapshot.auto.trigger.enabled = true (custom)
2022-04-27 10:52:00,490 [pool-235-thread-1] INFO  server.RaftServerConfigKeys (ConfUtils.java:logGet(44)) - raft.server.snapshot.auto.trigger.threshold = 1 (custom)
2022-04-27 10:52:00,490 [pool-235-thread-1] INFO  server.RaftServerConfigKeys (ConfUtils.java:logGet(44)) - raft.server.snapshot.retention.file.num = 5 (custom)
2022-04-27 10:52:00,490 [pool-235-thread-1] INFO  server.RaftServerConfigKeys (ConfUtils.java:logGet(44)) - raft.server.log.purge.upto.snapshot.index = false (default)
2022-04-27 10:52:00,490 [pool-235-thread-1] INFO  server.RaftServerConfigKeys (ConfUtils.java:logGet(44)) - raft.server.retrycache.expirytime = 600000ms (custom)
2022-04-27 10:52:00,490 [pool-235-thread-1] INFO  server.RaftServerConfigKeys (ConfUtils.java:logGet(44)) - raft.server.retrycache.statistics.expirytime = 100μs (default)
2022-04-27 10:52:00,492 [pool-235-thread-1] INFO  server.RaftServer$Division (RaftServerImpl.java:start(301)) - fc150688-1f76-4ec0-a672-aaf91f0753c3@group-EEF7E24D5DDB: start as a follower, conf=-1: [7171416e-d570-4db8-8282-6e036003ab52|rpc:10.1.0.29:35393|dataStream:|priority:0, 5e6908a8-a78b-4a66-9555-b48c04384dc8|rpc:10.1.0.29:40571|dataStream:|priority:1, fc150688-1f76-4ec0-a672-aaf91f0753c3|rpc:10.1.0.29:37101|dataStream:|priority:0], old=null
2022-04-27 10:52:00,492 [pool-235-thread-1] INFO  server.RaftServer$Division (RaftServerImpl.java:setRole(290)) - fc150688-1f76-4ec0-a672-aaf91f0753c3@group-EEF7E24D5DDB: changes role from      null to FOLLOWER at term 0 for startAsFollower
2022-04-27 10:52:00,492 [pool-235-thread-1] INFO  impl.RoleInfo (RoleInfo.java:updateAndGet(130)) - fc150688-1f76-4ec0-a672-aaf91f0753c3: start fc150688-1f76-4ec0-a672-aaf91f0753c3@group-EEF7E24D5DDB-FollowerState
2022-04-27 10:52:00,493 [pool-235-thread-1] INFO  util.JmxRegister (JmxRegister.java:tryRegister(44)) - Successfully registered JMX Bean with object name Ratis:service=RaftServer,group=group-EEF7E24D5DDB,id=fc150688-1f76-4ec0-a672-aaf91f0753c3
2022-04-27 10:52:00,519 [grpc-default-executor-0] INFO  server.RaftServer (RaftServerProxy.java:addNew(95)) - 7171416e-d570-4db8-8282-6e036003ab52: addNew group-EEF7E24D5DDB:[7171416e-d570-4db8-8282-6e036003ab52|rpc:10.1.0.29:35393|dataStream:|priority:0, 5e6908a8-a78b-4a66-9555-b48c04384dc8|rpc:10.1.0.29:40571|dataStream:|priority:1, fc150688-1f76-4ec0-a672-aaf91f0753c3|rpc:10.1.0.29:37101|dataStream:|priority:0] returns group-EEF7E24D5DDB:java.util.concurrent.CompletableFuture@42188209[Not completed]
2022-04-27 10:52:00,520 [EventQueue-OpenPipelineForHealthyPipelineSafeModeRule] INFO  safemode.SCMSafeModeManager (HealthyPipelineSafeModeRule.java:process(124)) - SCM in safe mode. Healthy pipelines reported count is 0, required healthy pipeline reported count is 1
2022-04-27 10:52:00,520 [pool-214-thread-1] INFO  server.RaftServer$Division (RaftServerImpl.java:<init>(184)) - 7171416e-d570-4db8-8282-6e036003ab52: new RaftServerImpl for group-EEF7E24D5DDB:[7171416e-d570-4db8-8282-6e036003ab52|rpc:10.1.0.29:35393|dataStream:|priority:0, 5e6908a8-a78b-4a66-9555-b48c04384dc8|rpc:10.1.0.29:40571|dataStream:|priority:1, fc150688-1f76-4ec0-a672-aaf91f0753c3|rpc:10.1.0.29:37101|dataStream:|priority:0] with ContainerStateMachine:uninitialized
2022-04-27 10:52:00,520 [pool-214-thread-1] INFO  server.RaftServerConfigKeys (ConfUtils.java:logGet(44)) - raft.server.rpc.timeout.min = 5s (custom)
2022-04-27 10:52:00,520 [pool-214-thread-1] INFO  server.RaftServerConfigKeys (ConfUtils.java:logGet(44)) - raft.server.rpc.timeout.max = 5200ms (custom)
2022-04-27 10:52:00,520 [pool-214-thread-1] INFO  server.RaftServerConfigKeys (ConfUtils.java:logGet(44)) - raft.server.rpc.sleep.time = 25ms (default)
2022-04-27 10:52:00,520 [pool-214-thread-1] INFO  server.RaftServerConfigKeys (ConfUtils.java:logGet(44)) - raft.server.rpc.slowness.timeout = 300000ms (custom)
2022-04-27 10:52:00,520 [pool-214-thread-1] INFO  server.RaftServerConfigKeys (ConfUtils.java:logGet(44)) - raft.server.leaderelection.leader.step-down.wait-time = 10s (default)
2022-04-27 10:52:00,520 [pool-214-thread-1] INFO  server.RaftServerConfigKeys (ConfUtils.java:logGet(44)) - raft.server.sleep.deviation.threshold = 300ms (default)
2022-04-27 10:52:00,520 [pool-214-thread-1] INFO  server.RaftServerConfigKeys (ConfUtils.java:logGet(44)) - raft.server.log.appender.install.snapshot.enabled = false (custom)
2022-04-27 10:52:00,520 [pool-214-thread-1] INFO  server.RaftServer$Division (ServerState.java:<init>(105)) - 7171416e-d570-4db8-8282-6e036003ab52@group-EEF7E24D5DDB: ConfigurationManager, init=-1: [7171416e-d570-4db8-8282-6e036003ab52|rpc:10.1.0.29:35393|dataStream:|priority:0, 5e6908a8-a78b-4a66-9555-b48c04384dc8|rpc:10.1.0.29:40571|dataStream:|priority:1, fc150688-1f76-4ec0-a672-aaf91f0753c3|rpc:10.1.0.29:37101|dataStream:|priority:0], old=null, confs=<EMPTY_MAP>
2022-04-27 10:52:00,521 [pool-214-thread-1] INFO  server.RaftServerConfigKeys (ConfUtils.java:logGet(44)) - raft.server.storage.dir = [/home/runner/work/ozone/ozone/hadoop-ozone/integration-test/target/test-dir/MiniOzoneClusterImpl-6fb830c9-5413-49cc-a625-6cf41c4e5c97/datanode-7/data/ratis] (custom)
2022-04-27 10:52:00,521 [pool-214-thread-1] INFO  server.RaftServerConfigKeys (ConfUtils.java:logGet(44)) - raft.server.log.corruption.policy = EXCEPTION (default)
2022-04-27 10:52:00,521 [pool-214-thread-1] INFO  server.RaftServerConfigKeys (ConfUtils.java:logGet(44)) - raft.server.storage.free-space.min = 0MB (=0) (default)
2022-04-27 10:52:00,521 [pool-214-thread-1] INFO  storage.RaftStorageDirectory (RaftStorageDirectoryImpl.java:analyzeStorage(135)) - The storage directory /home/runner/work/ozone/ozone/hadoop-ozone/integration-test/target/test-dir/MiniOzoneClusterImpl-6fb830c9-5413-49cc-a625-6cf41c4e5c97/datanode-7/data/ratis/42eb8c22-99cc-4ce6-a0af-eef7e24d5ddb does not exist. Creating ...
2022-04-27 10:52:00,522 [pool-214-thread-1] INFO  storage.RaftStorageDirectory (RaftStorageDirectoryImpl.java:tryLock(230)) - Lock on /home/runner/work/ozone/ozone/hadoop-ozone/integration-test/target/test-dir/MiniOzoneClusterImpl-6fb830c9-5413-49cc-a625-6cf41c4e5c97/datanode-7/data/ratis/42eb8c22-99cc-4ce6-a0af-eef7e24d5ddb/in_use.lock acquired by nodename 2917@fv-az270-423
2022-04-27 10:52:00,525 [pool-214-thread-1] INFO  storage.RaftStorage (RaftStorageImpl.java:format(89)) - Storage directory /home/runner/work/ozone/ozone/hadoop-ozone/integration-test/target/test-dir/MiniOzoneClusterImpl-6fb830c9-5413-49cc-a625-6cf41c4e5c97/datanode-7/data/ratis/42eb8c22-99cc-4ce6-a0af-eef7e24d5ddb has been successfully formatted.
2022-04-27 10:52:00,525 [pool-214-thread-1] INFO  ratis.ContainerStateMachine (ContainerStateMachine.java:loadSnapshot(236)) - group-EEF7E24D5DDB: The snapshot info is null. Setting the last applied indexto:(t:0, i:~)
2022-04-27 10:52:00,525 [pool-214-thread-1] INFO  server.RaftServerConfigKeys (ConfUtils.java:logGet(44)) - raft.server.notification.no-leader.timeout = 300000ms (custom)
2022-04-27 10:52:00,525 [pool-214-thread-1] INFO  server.RaftServerConfigKeys (ConfUtils.java:logGet(44)) - raft.server.log.use.memory = false (default)
2022-04-27 10:52:00,525 [pool-214-thread-1] INFO  server.RaftServerConfigKeys (ConfUtils.java:logGet(44)) - raft.server.log.purge.gap = 1000000 (custom)
2022-04-27 10:52:00,525 [pool-214-thread-1] INFO  server.RaftServerConfigKeys (ConfUtils.java:logGet(44)) - raft.server.log.appender.buffer.byte-limit = 33554432 (custom)
2022-04-27 10:52:00,526 [pool-214-thread-1] INFO  server.RaftServerConfigKeys (ConfUtils.java:logGet(44)) - raft.server.log.segment.size.max = 1048576 (custom)
2022-04-27 10:52:00,527 [pool-214-thread-1] INFO  server.RaftServerConfigKeys (ConfUtils.java:logGet(44)) - raft.server.log.segment.cache.num.max = 2 (custom)
2022-04-27 10:52:00,527 [pool-214-thread-1] INFO  server.RaftServerConfigKeys (ConfUtils.java:logGet(44)) - raft.server.log.segment.cache.size.max = 200MB (=209715200) (default)
2022-04-27 10:52:00,527 [pool-214-thread-1] INFO  segmented.SegmentedRaftLogWorker (SegmentedRaftLogWorker.java:<init>(182)) - new 7171416e-d570-4db8-8282-6e036003ab52@group-EEF7E24D5DDB-SegmentedRaftLogWorker for RaftStorageImpl:Storage Directory /home/runner/work/ozone/ozone/hadoop-ozone/integration-test/target/test-dir/MiniOzoneClusterImpl-6fb830c9-5413-49cc-a625-6cf41c4e5c97/datanode-7/data/ratis/42eb8c22-99cc-4ce6-a0af-eef7e24d5ddb
2022-04-27 10:52:00,527 [pool-214-thread-1] INFO  server.RaftServerConfigKeys (ConfUtils.java:logGet(44)) - raft.server.log.queue.byte-limit = 4294967296 (custom)
2022-04-27 10:52:00,527 [pool-214-thread-1] INFO  server.RaftServerConfigKeys (ConfUtils.java:logGet(44)) - raft.server.log.queue.element-limit = 1024 (custom)
2022-04-27 10:52:00,527 [pool-214-thread-1] INFO  server.RaftServerConfigKeys (ConfUtils.java:logGet(44)) - raft.server.log.segment.size.max = 1048576 (custom)
2022-04-27 10:52:00,527 [pool-214-thread-1] INFO  server.RaftServerConfigKeys (ConfUtils.java:logGet(44)) - raft.server.log.preallocated.size = 16384 (custom)
2022-04-27 10:52:00,527 [pool-214-thread-1] INFO  server.RaftServerConfigKeys (ConfUtils.java:logGet(44)) - raft.server.log.force.sync.num = 128 (default)
2022-04-27 10:52:00,527 [pool-214-thread-1] INFO  server.RaftServerConfigKeys (ConfUtils.java:logGet(44)) - raft.server.log.statemachine.data.sync = true (default)
2022-04-27 10:52:00,527 [pool-214-thread-1] INFO  server.RaftServerConfigKeys (ConfUtils.java:logGet(44)) - raft.server.log.statemachine.data.sync.timeout = 10s (default)
2022-04-27 10:52:00,527 [pool-214-thread-1] INFO  server.RaftServerConfigKeys (ConfUtils.java:logGet(44)) - raft.server.log.statemachine.data.sync.timeout.retry = -1 (default)
2022-04-27 10:52:00,528 [pool-214-thread-1] INFO  server.RaftServerConfigKeys (ConfUtils.java:logGet(44)) - raft.server.log.write.buffer.size = 1048576 (custom)
2022-04-27 10:52:00,529 [pool-214-thread-1] INFO  server.RaftServerConfigKeys (ConfUtils.java:logGet(44)) - raft.server.log.statemachine.data.caching.enabled = true (custom)
2022-04-27 10:52:00,529 [pool-214-thread-1] INFO  segmented.SegmentedRaftLogWorker (SegmentedRaftLogWorker.java:lambda$new$0(133)) - 7171416e-d570-4db8-8282-6e036003ab52@group-EEF7E24D5DDB-SegmentedRaftLogWorker: flushIndex: setUnconditionally 0 -> -1
2022-04-27 10:52:00,529 [pool-214-thread-1] INFO  segmented.SegmentedRaftLogWorker (SegmentedRaftLogWorker.java:lambda$new$0(133)) - 7171416e-d570-4db8-8282-6e036003ab52@group-EEF7E24D5DDB-SegmentedRaftLogWorker: safeCacheEvictIndex: setUnconditionally 0 -> -1
2022-04-27 10:52:00,529 [pool-214-thread-1] INFO  server.RaftServerConfigKeys (ConfUtils.java:logGet(44)) - raft.server.snapshot.auto.trigger.enabled = true (custom)
2022-04-27 10:52:00,529 [pool-214-thread-1] INFO  server.RaftServerConfigKeys (ConfUtils.java:logGet(44)) - raft.server.snapshot.auto.trigger.threshold = 1 (custom)
2022-04-27 10:52:00,529 [pool-214-thread-1] INFO  server.RaftServerConfigKeys (ConfUtils.java:logGet(44)) - raft.server.snapshot.retention.file.num = 5 (custom)
2022-04-27 10:52:00,529 [pool-214-thread-1] INFO  server.RaftServerConfigKeys (ConfUtils.java:logGet(44)) - raft.server.log.purge.upto.snapshot.index = false (default)
2022-04-27 10:52:00,529 [pool-214-thread-1] INFO  server.RaftServerConfigKeys (ConfUtils.java:logGet(44)) - raft.server.retrycache.expirytime = 600000ms (custom)
2022-04-27 10:52:00,529 [pool-214-thread-1] INFO  server.RaftServerConfigKeys (ConfUtils.java:logGet(44)) - raft.server.retrycache.statistics.expirytime = 100μs (default)
2022-04-27 10:52:00,531 [pool-214-thread-1] INFO  server.RaftServer$Division (RaftServerImpl.java:start(301)) - 7171416e-d570-4db8-8282-6e036003ab52@group-EEF7E24D5DDB: start as a follower, conf=-1: [7171416e-d570-4db8-8282-6e036003ab52|rpc:10.1.0.29:35393|dataStream:|priority:0, 5e6908a8-a78b-4a66-9555-b48c04384dc8|rpc:10.1.0.29:40571|dataStream:|priority:1, fc150688-1f76-4ec0-a672-aaf91f0753c3|rpc:10.1.0.29:37101|dataStream:|priority:0], old=null
2022-04-27 10:52:00,531 [pool-214-thread-1] INFO  server.RaftServer$Division (RaftServerImpl.java:setRole(290)) - 7171416e-d570-4db8-8282-6e036003ab52@group-EEF7E24D5DDB: changes role from      null to FOLLOWER at term 0 for startAsFollower
2022-04-27 10:52:00,531 [pool-214-thread-1] INFO  impl.RoleInfo (RoleInfo.java:updateAndGet(130)) - 7171416e-d570-4db8-8282-6e036003ab52: start 7171416e-d570-4db8-8282-6e036003ab52@group-EEF7E24D5DDB-FollowerState
2022-04-27 10:52:00,531 [pool-214-thread-1] INFO  util.JmxRegister (JmxRegister.java:tryRegister(44)) - Successfully registered JMX Bean with object name Ratis:service=RaftServer,group=group-EEF7E24D5DDB,id=7171416e-d570-4db8-8282-6e036003ab52
2022-04-27 10:52:00,542 [Command processor thread] INFO  commandhandler.CreatePipelineCommandHandler (CreatePipelineCommandHandler.java:handle(113)) - Created Pipeline RATIS THREE PipelineID=42eb8c22-99cc-4ce6-a0af-eef7e24d5ddb.
2022-04-27 10:52:00,682 [Command processor thread] INFO  server.RaftServer (RaftServerProxy.java:addNew(95)) - 7171416e-d570-4db8-8282-6e036003ab52: addNew group-D4883F05B1B1:[7171416e-d570-4db8-8282-6e036003ab52|rpc:10.1.0.29:35393|priority:1] returns group-D4883F05B1B1:java.util.concurrent.CompletableFuture@578e66fe[Not completed]
2022-04-27 10:52:00,683 [pool-214-thread-1] INFO  server.RaftServer$Division (RaftServerImpl.java:<init>(184)) - 7171416e-d570-4db8-8282-6e036003ab52: new RaftServerImpl for group-D4883F05B1B1:[7171416e-d570-4db8-8282-6e036003ab52|rpc:10.1.0.29:35393|priority:1] with ContainerStateMachine:uninitialized
2022-04-27 10:52:00,683 [pool-214-thread-1] INFO  server.RaftServerConfigKeys (ConfUtils.java:logGet(44)) - raft.server.rpc.timeout.min = 5s (custom)
2022-04-27 10:52:00,683 [pool-214-thread-1] INFO  server.RaftServerConfigKeys (ConfUtils.java:logGet(44)) - raft.server.rpc.timeout.max = 5200ms (custom)
2022-04-27 10:52:00,683 [pool-214-thread-1] INFO  server.RaftServerConfigKeys (ConfUtils.java:logGet(44)) - raft.server.rpc.sleep.time = 25ms (default)
2022-04-27 10:52:00,683 [pool-214-thread-1] INFO  server.RaftServerConfigKeys (ConfUtils.java:logGet(44)) - raft.server.rpc.slowness.timeout = 300000ms (custom)
2022-04-27 10:52:00,684 [pool-214-thread-1] INFO  server.RaftServerConfigKeys (ConfUtils.java:logGet(44)) - raft.server.leaderelection.leader.step-down.wait-time = 10s (default)
2022-04-27 10:52:00,684 [pool-214-thread-1] INFO  server.RaftServerConfigKeys (ConfUtils.java:logGet(44)) - raft.server.sleep.deviation.threshold = 300ms (default)
2022-04-27 10:52:00,684 [pool-214-thread-1] INFO  server.RaftServerConfigKeys (ConfUtils.java:logGet(44)) - raft.server.log.appender.install.snapshot.enabled = false (custom)
2022-04-27 10:52:00,684 [pool-214-thread-1] INFO  server.RaftServer$Division (ServerState.java:<init>(105)) - 7171416e-d570-4db8-8282-6e036003ab52@group-D4883F05B1B1: ConfigurationManager, init=-1: [7171416e-d570-4db8-8282-6e036003ab52|rpc:10.1.0.29:35393|priority:1], old=null, confs=<EMPTY_MAP>
2022-04-27 10:52:00,684 [pool-214-thread-1] INFO  server.RaftServerConfigKeys (ConfUtils.java:logGet(44)) - raft.server.storage.dir = [/home/runner/work/ozone/ozone/hadoop-ozone/integration-test/target/test-dir/MiniOzoneClusterImpl-6fb830c9-5413-49cc-a625-6cf41c4e5c97/datanode-7/data/ratis] (custom)
2022-04-27 10:52:00,684 [pool-214-thread-1] INFO  server.RaftServerConfigKeys (ConfUtils.java:logGet(44)) - raft.server.log.corruption.policy = EXCEPTION (default)
2022-04-27 10:52:00,684 [pool-214-thread-1] INFO  server.RaftServerConfigKeys (ConfUtils.java:logGet(44)) - raft.server.storage.free-space.min = 0MB (=0) (default)
2022-04-27 10:52:00,684 [pool-214-thread-1] INFO  storage.RaftStorageDirectory (RaftStorageDirectoryImpl.java:analyzeStorage(135)) - The storage directory /home/runner/work/ozone/ozone/hadoop-ozone/integration-test/target/test-dir/MiniOzoneClusterImpl-6fb830c9-5413-49cc-a625-6cf41c4e5c97/datanode-7/data/ratis/c9c170e5-b04b-41fc-81ee-d4883f05b1b1 does not exist. Creating ...
2022-04-27 10:52:00,685 [pool-214-thread-1] INFO  storage.RaftStorageDirectory (RaftStorageDirectoryImpl.java:tryLock(230)) - Lock on /home/runner/work/ozone/ozone/hadoop-ozone/integration-test/target/test-dir/MiniOzoneClusterImpl-6fb830c9-5413-49cc-a625-6cf41c4e5c97/datanode-7/data/ratis/c9c170e5-b04b-41fc-81ee-d4883f05b1b1/in_use.lock acquired by nodename 2917@fv-az270-423
2022-04-27 10:52:00,687 [pool-214-thread-1] INFO  storage.RaftStorage (RaftStorageImpl.java:format(89)) - Storage directory /home/runner/work/ozone/ozone/hadoop-ozone/integration-test/target/test-dir/MiniOzoneClusterImpl-6fb830c9-5413-49cc-a625-6cf41c4e5c97/datanode-7/data/ratis/c9c170e5-b04b-41fc-81ee-d4883f05b1b1 has been successfully formatted.
2022-04-27 10:52:00,687 [pool-214-thread-1] INFO  ratis.ContainerStateMachine (ContainerStateMachine.java:loadSnapshot(236)) - group-D4883F05B1B1: The snapshot info is null. Setting the last applied indexto:(t:0, i:~)
2022-04-27 10:52:00,687 [pool-214-thread-1] INFO  server.RaftServerConfigKeys (ConfUtils.java:logGet(44)) - raft.server.notification.no-leader.timeout = 300000ms (custom)
2022-04-27 10:52:00,687 [pool-214-thread-1] INFO  server.RaftServerConfigKeys (ConfUtils.java:logGet(44)) - raft.server.log.use.memory = false (default)
2022-04-27 10:52:00,688 [pool-214-thread-1] INFO  server.RaftServerConfigKeys (ConfUtils.java:logGet(44)) - raft.server.log.purge.gap = 1000000 (custom)
2022-04-27 10:52:00,688 [pool-214-thread-1] INFO  server.RaftServerConfigKeys (ConfUtils.java:logGet(44)) - raft.server.log.appender.buffer.byte-limit = 33554432 (custom)
2022-04-27 10:52:00,688 [pool-214-thread-1] INFO  server.RaftServerConfigKeys (ConfUtils.java:logGet(44)) - raft.server.log.segment.size.max = 1048576 (custom)
2022-04-27 10:52:00,688 [EventQueue-PipelineReportForPipelineReportHandler] INFO  pipeline.PipelineManagerImpl (PipelineManagerImpl.java:openPipeline(328)) - Pipeline Pipeline[ Id: c9c170e5-b04b-41fc-81ee-d4883f05b1b1, Nodes: 7171416e-d570-4db8-8282-6e036003ab52{ip: 10.1.0.29, host: fv-az270-423.tacnzluakwdehk1hpragurqkma.bx.internal.cloudapp.net, ports: [REPLICATION=32879, RATIS=35393, RATIS_ADMIN=35393, RATIS_SERVER=35393, STANDALONE=34561], networkLocation: /default-rack, certSerialId: null, persistedOpState: IN_SERVICE, persistedOpStateExpiryEpochSec: 0}, ReplicationConfig: RATIS/ONE, State:ALLOCATED, leaderId:7171416e-d570-4db8-8282-6e036003ab52, CreationTimestamp2022-04-27T10:51:57.687Z[Etc/UTC]] moved to OPEN state
2022-04-27 10:52:00,689 [EventQueue-OpenPipelineForHealthyPipelineSafeModeRule] INFO  safemode.SCMSafeModeManager (HealthyPipelineSafeModeRule.java:process(124)) - SCM in safe mode. Healthy pipelines reported count is 0, required healthy pipeline reported count is 1
2022-04-27 10:52:00,688 [pool-214-thread-1] INFO  server.RaftServerConfigKeys (ConfUtils.java:logGet(44)) - raft.server.log.segment.cache.num.max = 2 (custom)
2022-04-27 10:52:00,692 [pool-214-thread-1] INFO  server.RaftServerConfigKeys (ConfUtils.java:logGet(44)) - raft.server.log.segment.cache.size.max = 200MB (=209715200) (default)
2022-04-27 10:52:00,692 [pool-214-thread-1] INFO  segmented.SegmentedRaftLogWorker (SegmentedRaftLogWorker.java:<init>(182)) - new 7171416e-d570-4db8-8282-6e036003ab52@group-D4883F05B1B1-SegmentedRaftLogWorker for RaftStorageImpl:Storage Directory /home/runner/work/ozone/ozone/hadoop-ozone/integration-test/target/test-dir/MiniOzoneClusterImpl-6fb830c9-5413-49cc-a625-6cf41c4e5c97/datanode-7/data/ratis/c9c170e5-b04b-41fc-81ee-d4883f05b1b1
2022-04-27 10:52:00,692 [pool-214-thread-1] INFO  server.RaftServerConfigKeys (ConfUtils.java:logGet(44)) - raft.server.log.queue.byte-limit = 4294967296 (custom)
2022-04-27 10:52:00,692 [pool-214-thread-1] INFO  server.RaftServerConfigKeys (ConfUtils.java:logGet(44)) - raft.server.log.queue.element-limit = 1024 (custom)
2022-04-27 10:52:00,692 [pool-214-thread-1] INFO  server.RaftServerConfigKeys (ConfUtils.java:logGet(44)) - raft.server.log.segment.size.max = 1048576 (custom)
2022-04-27 10:52:00,692 [pool-214-thread-1] INFO  server.RaftServerConfigKeys (ConfUtils.java:logGet(44)) - raft.server.log.preallocated.size = 16384 (custom)
2022-04-27 10:52:00,692 [pool-214-thread-1] INFO  server.RaftServerConfigKeys (ConfUtils.java:logGet(44)) - raft.server.log.force.sync.num = 128 (default)
2022-04-27 10:52:00,692 [pool-214-thread-1] INFO  server.RaftServerConfigKeys (ConfUtils.java:logGet(44)) - raft.server.log.statemachine.data.sync = true (default)
2022-04-27 10:52:00,692 [pool-214-thread-1] INFO  server.RaftServerConfigKeys (ConfUtils.java:logGet(44)) - raft.server.log.statemachine.data.sync.timeout = 10s (default)
2022-04-27 10:52:00,692 [pool-214-thread-1] INFO  server.RaftServerConfigKeys (ConfUtils.java:logGet(44)) - raft.server.log.statemachine.data.sync.timeout.retry = -1 (default)
2022-04-27 10:52:00,693 [pool-214-thread-1] INFO  server.RaftServerConfigKeys (ConfUtils.java:logGet(44)) - raft.server.log.write.buffer.size = 1048576 (custom)
2022-04-27 10:52:00,694 [pool-214-thread-1] INFO  server.RaftServerConfigKeys (ConfUtils.java:logGet(44)) - raft.server.log.statemachine.data.caching.enabled = true (custom)
2022-04-27 10:52:00,694 [pool-214-thread-1] INFO  segmented.SegmentedRaftLogWorker (SegmentedRaftLogWorker.java:lambda$new$0(133)) - 7171416e-d570-4db8-8282-6e036003ab52@group-D4883F05B1B1-SegmentedRaftLogWorker: flushIndex: setUnconditionally 0 -> -1
2022-04-27 10:52:00,694 [pool-214-thread-1] INFO  segmented.SegmentedRaftLogWorker (SegmentedRaftLogWorker.java:lambda$new$0(133)) - 7171416e-d570-4db8-8282-6e036003ab52@group-D4883F05B1B1-SegmentedRaftLogWorker: safeCacheEvictIndex: setUnconditionally 0 -> -1
2022-04-27 10:52:00,695 [pool-214-thread-1] INFO  server.RaftServerConfigKeys (ConfUtils.java:logGet(44)) - raft.server.snapshot.auto.trigger.enabled = true (custom)
2022-04-27 10:52:00,695 [pool-214-thread-1] INFO  server.RaftServerConfigKeys (ConfUtils.java:logGet(44)) - raft.server.snapshot.auto.trigger.threshold = 1 (custom)
2022-04-27 10:52:00,695 [pool-214-thread-1] INFO  server.RaftServerConfigKeys (ConfUtils.java:logGet(44)) - raft.server.snapshot.retention.file.num = 5 (custom)
2022-04-27 10:52:00,695 [pool-214-thread-1] INFO  server.RaftServerConfigKeys (ConfUtils.java:logGet(44)) - raft.server.log.purge.upto.snapshot.index = false (default)
2022-04-27 10:52:00,695 [pool-214-thread-1] INFO  server.RaftServerConfigKeys (ConfUtils.java:logGet(44)) - raft.server.retrycache.expirytime = 600000ms (custom)
2022-04-27 10:52:00,695 [pool-214-thread-1] INFO  server.RaftServerConfigKeys (ConfUtils.java:logGet(44)) - raft.server.retrycache.statistics.expirytime = 100μs (default)
2022-04-27 10:52:00,697 [pool-214-thread-1] INFO  server.RaftServer$Division (RaftServerImpl.java:start(301)) - 7171416e-d570-4db8-8282-6e036003ab52@group-D4883F05B1B1: start as a follower, conf=-1: [7171416e-d570-4db8-8282-6e036003ab52|rpc:10.1.0.29:35393|priority:1], old=null
2022-04-27 10:52:00,697 [pool-214-thread-1] INFO  server.RaftServer$Division (RaftServerImpl.java:setRole(290)) - 7171416e-d570-4db8-8282-6e036003ab52@group-D4883F05B1B1: changes role from      null to FOLLOWER at term 0 for startAsFollower
2022-04-27 10:52:00,697 [pool-214-thread-1] INFO  impl.RoleInfo (RoleInfo.java:updateAndGet(130)) - 7171416e-d570-4db8-8282-6e036003ab52: start 7171416e-d570-4db8-8282-6e036003ab52@group-D4883F05B1B1-FollowerState
2022-04-27 10:52:00,700 [pool-214-thread-1] INFO  util.JmxRegister (JmxRegister.java:tryRegister(44)) - Successfully registered JMX Bean with object name Ratis:service=RaftServer,group=group-D4883F05B1B1,id=7171416e-d570-4db8-8282-6e036003ab52
2022-04-27 10:52:00,700 [EventQueue-OpenPipelineForHealthyPipelineSafeModeRule] INFO  safemode.SCMSafeModeManager (HealthyPipelineSafeModeRule.java:process(124)) - SCM in safe mode. Healthy pipelines reported count is 0, required healthy pipeline reported count is 1
2022-04-27 10:52:00,702 [Command processor thread] INFO  ratis.XceiverServerRatis (XceiverServerRatis.java:addGroup(765)) - Created group PipelineID=c9c170e5-b04b-41fc-81ee-d4883f05b1b1
2022-04-27 10:52:00,702 [Command processor thread] INFO  commandhandler.CreatePipelineCommandHandler (CreatePipelineCommandHandler.java:handle(113)) - Created Pipeline RATIS ONE PipelineID=c9c170e5-b04b-41fc-81ee-d4883f05b1b1.
2022-04-27 10:52:00,720 [EventQueue-OpenPipelineForHealthyPipelineSafeModeRule] INFO  safemode.SCMSafeModeManager (HealthyPipelineSafeModeRule.java:process(124)) - SCM in safe mode. Healthy pipelines reported count is 0, required healthy pipeline reported count is 1
2022-04-27 10:52:00,723 [EventQueue-OpenPipelineForHealthyPipelineSafeModeRule] INFO  safemode.SCMSafeModeManager (HealthyPipelineSafeModeRule.java:process(124)) - SCM in safe mode. Healthy pipelines reported count is 0, required healthy pipeline reported count is 1
2022-04-27 10:52:00,781 [EventQueue-OpenPipelineForHealthyPipelineSafeModeRule] INFO  safemode.SCMSafeModeManager (HealthyPipelineSafeModeRule.java:process(124)) - SCM in safe mode. Healthy pipelines reported count is 0, required healthy pipeline reported count is 1
2022-04-27 10:52:00,850 [EventQueue-OpenPipelineForHealthyPipelineSafeModeRule] INFO  safemode.SCMSafeModeManager (HealthyPipelineSafeModeRule.java:process(124)) - SCM in safe mode. Healthy pipelines reported count is 0, required healthy pipeline reported count is 1
2022-04-27 10:52:00,872 [EventQueue-OpenPipelineForHealthyPipelineSafeModeRule] INFO  safemode.SCMSafeModeManager (HealthyPipelineSafeModeRule.java:process(124)) - SCM in safe mode. Healthy pipelines reported count is 0, required healthy pipeline reported count is 1
2022-04-27 10:52:00,877 [EventQueue-OpenPipelineForHealthyPipelineSafeModeRule] INFO  safemode.SCMSafeModeManager (HealthyPipelineSafeModeRule.java:process(124)) - SCM in safe mode. Healthy pipelines reported count is 0, required healthy pipeline reported count is 1
2022-04-27 10:52:00,900 [EventQueue-OpenPipelineForHealthyPipelineSafeModeRule] INFO  safemode.SCMSafeModeManager (HealthyPipelineSafeModeRule.java:process(124)) - SCM in safe mode. Healthy pipelines reported count is 0, required healthy pipeline reported count is 1
2022-04-27 10:52:01,049 [EventQueue-OpenPipelineForHealthyPipelineSafeModeRule] INFO  safemode.SCMSafeModeManager (HealthyPipelineSafeModeRule.java:process(124)) - SCM in safe mode. Healthy pipelines reported count is 0, required healthy pipeline reported count is 1
2022-04-27 10:52:01,053 [Command processor thread] INFO  server.RaftServer (RaftServerProxy.java:addNew(95)) - fc150688-1f76-4ec0-a672-aaf91f0753c3: addNew group-88DB927C3E3A:[fc150688-1f76-4ec0-a672-aaf91f0753c3|rpc:10.1.0.29:37101|priority:1] returns group-88DB927C3E3A:java.util.concurrent.CompletableFuture@3117582[Not completed]
2022-04-27 10:52:01,054 [pool-235-thread-1] INFO  server.RaftServer$Division (RaftServerImpl.java:<init>(184)) - fc150688-1f76-4ec0-a672-aaf91f0753c3: new RaftServerImpl for group-88DB927C3E3A:[fc150688-1f76-4ec0-a672-aaf91f0753c3|rpc:10.1.0.29:37101|priority:1] with ContainerStateMachine:uninitialized
2022-04-27 10:52:01,054 [pool-235-thread-1] INFO  server.RaftServerConfigKeys (ConfUtils.java:logGet(44)) - raft.server.rpc.timeout.min = 5s (custom)
2022-04-27 10:52:01,054 [pool-235-thread-1] INFO  server.RaftServerConfigKeys (ConfUtils.java:logGet(44)) - raft.server.rpc.timeout.max = 5200ms (custom)
2022-04-27 10:52:01,054 [pool-235-thread-1] INFO  server.RaftServerConfigKeys (ConfUtils.java:logGet(44)) - raft.server.rpc.sleep.time = 25ms (default)
2022-04-27 10:52:01,054 [pool-235-thread-1] INFO  server.RaftServerConfigKeys (ConfUtils.java:logGet(44)) - raft.server.rpc.slowness.timeout = 300000ms (custom)
2022-04-27 10:52:01,054 [pool-235-thread-1] INFO  server.RaftServerConfigKeys (ConfUtils.java:logGet(44)) - raft.server.leaderelection.leader.step-down.wait-time = 10s (default)
2022-04-27 10:52:01,054 [pool-235-thread-1] INFO  server.RaftServerConfigKeys (ConfUtils.java:logGet(44)) - raft.server.sleep.deviation.threshold = 300ms (default)
2022-04-27 10:52:01,054 [pool-235-thread-1] INFO  server.RaftServerConfigKeys (ConfUtils.java:logGet(44)) - raft.server.log.appender.install.snapshot.enabled = false (custom)
2022-04-27 10:52:01,054 [pool-235-thread-1] INFO  server.RaftServer$Division (ServerState.java:<init>(105)) - fc150688-1f76-4ec0-a672-aaf91f0753c3@group-88DB927C3E3A: ConfigurationManager, init=-1: [fc150688-1f76-4ec0-a672-aaf91f0753c3|rpc:10.1.0.29:37101|priority:1], old=null, confs=<EMPTY_MAP>
2022-04-27 10:52:01,054 [pool-235-thread-1] INFO  server.RaftServerConfigKeys (ConfUtils.java:logGet(44)) - raft.server.storage.dir = [/home/runner/work/ozone/ozone/hadoop-ozone/integration-test/target/test-dir/MiniOzoneClusterImpl-6fb830c9-5413-49cc-a625-6cf41c4e5c97/datanode-8/data/ratis] (custom)
2022-04-27 10:52:01,055 [pool-235-thread-1] INFO  server.RaftServerConfigKeys (ConfUtils.java:logGet(44)) - raft.server.log.corruption.policy = EXCEPTION (default)
2022-04-27 10:52:01,055 [pool-235-thread-1] INFO  server.RaftServerConfigKeys (ConfUtils.java:logGet(44)) - raft.server.storage.free-space.min = 0MB (=0) (default)
2022-04-27 10:52:01,055 [pool-235-thread-1] INFO  storage.RaftStorageDirectory (RaftStorageDirectoryImpl.java:analyzeStorage(135)) - The storage directory /home/runner/work/ozone/ozone/hadoop-ozone/integration-test/target/test-dir/MiniOzoneClusterImpl-6fb830c9-5413-49cc-a625-6cf41c4e5c97/datanode-8/data/ratis/f3c8c0c5-a3de-4190-961f-88db927c3e3a does not exist. Creating ...
2022-04-27 10:52:01,057 [pool-235-thread-1] INFO  storage.RaftStorageDirectory (RaftStorageDirectoryImpl.java:tryLock(230)) - Lock on /home/runner/work/ozone/ozone/hadoop-ozone/integration-test/target/test-dir/MiniOzoneClusterImpl-6fb830c9-5413-49cc-a625-6cf41c4e5c97/datanode-8/data/ratis/f3c8c0c5-a3de-4190-961f-88db927c3e3a/in_use.lock acquired by nodename 2917@fv-az270-423
2022-04-27 10:52:01,058 [pool-235-thread-1] INFO  storage.RaftStorage (RaftStorageImpl.java:format(89)) - Storage directory /home/runner/work/ozone/ozone/hadoop-ozone/integration-test/target/test-dir/MiniOzoneClusterImpl-6fb830c9-5413-49cc-a625-6cf41c4e5c97/datanode-8/data/ratis/f3c8c0c5-a3de-4190-961f-88db927c3e3a has been successfully formatted.
2022-04-27 10:52:01,058 [pool-235-thread-1] INFO  ratis.ContainerStateMachine (ContainerStateMachine.java:loadSnapshot(236)) - group-88DB927C3E3A: The snapshot info is null. Setting the last applied indexto:(t:0, i:~)
2022-04-27 10:52:01,059 [pool-235-thread-1] INFO  server.RaftServerConfigKeys (ConfUtils.java:logGet(44)) - raft.server.notification.no-leader.timeout = 300000ms (custom)
2022-04-27 10:52:01,059 [pool-235-thread-1] INFO  server.RaftServerConfigKeys (ConfUtils.java:logGet(44)) - raft.server.log.use.memory = false (default)
2022-04-27 10:52:01,059 [pool-235-thread-1] INFO  server.RaftServerConfigKeys (ConfUtils.java:logGet(44)) - raft.server.log.purge.gap = 1000000 (custom)
2022-04-27 10:52:01,059 [pool-235-thread-1] INFO  server.RaftServerConfigKeys (ConfUtils.java:logGet(44)) - raft.server.log.appender.buffer.byte-limit = 33554432 (custom)
2022-04-27 10:52:01,060 [EventQueue-PipelineReportForPipelineReportHandler] INFO  pipeline.PipelineManagerImpl (PipelineManagerImpl.java:openPipeline(328)) - Pipeline Pipeline[ Id: f3c8c0c5-a3de-4190-961f-88db927c3e3a, Nodes: fc150688-1f76-4ec0-a672-aaf91f0753c3{ip: 10.1.0.29, host: fv-az270-423.tacnzluakwdehk1hpragurqkma.bx.internal.cloudapp.net, ports: [REPLICATION=37147, RATIS=37101, RATIS_ADMIN=37101, RATIS_SERVER=37101, STANDALONE=34823], networkLocation: /default-rack, certSerialId: null, persistedOpState: IN_SERVICE, persistedOpStateExpiryEpochSec: 0}, ReplicationConfig: RATIS/ONE, State:ALLOCATED, leaderId:fc150688-1f76-4ec0-a672-aaf91f0753c3, CreationTimestamp2022-04-27T10:51:58.055Z[Etc/UTC]] moved to OPEN state
2022-04-27 10:52:01,061 [EventQueue-OpenPipelineForHealthyPipelineSafeModeRule] INFO  safemode.SCMSafeModeManager (HealthyPipelineSafeModeRule.java:process(124)) - SCM in safe mode. Healthy pipelines reported count is 0, required healthy pipeline reported count is 1
2022-04-27 10:52:01,061 [pool-235-thread-1] INFO  server.RaftServerConfigKeys (ConfUtils.java:logGet(44)) - raft.server.log.segment.size.max = 1048576 (custom)
2022-04-27 10:52:01,065 [pool-235-thread-1] INFO  server.RaftServerConfigKeys (ConfUtils.java:logGet(44)) - raft.server.log.segment.cache.num.max = 2 (custom)
2022-04-27 10:52:01,065 [pool-235-thread-1] INFO  server.RaftServerConfigKeys (ConfUtils.java:logGet(44)) - raft.server.log.segment.cache.size.max = 200MB (=209715200) (default)
2022-04-27 10:52:01,065 [pool-235-thread-1] INFO  segmented.SegmentedRaftLogWorker (SegmentedRaftLogWorker.java:<init>(182)) - new fc150688-1f76-4ec0-a672-aaf91f0753c3@group-88DB927C3E3A-SegmentedRaftLogWorker for RaftStorageImpl:Storage Directory /home/runner/work/ozone/ozone/hadoop-ozone/integration-test/target/test-dir/MiniOzoneClusterImpl-6fb830c9-5413-49cc-a625-6cf41c4e5c97/datanode-8/data/ratis/f3c8c0c5-a3de-4190-961f-88db927c3e3a
2022-04-27 10:52:01,065 [pool-235-thread-1] INFO  server.RaftServerConfigKeys (ConfUtils.java:logGet(44)) - raft.server.log.queue.byte-limit = 4294967296 (custom)
2022-04-27 10:52:01,065 [pool-235-thread-1] INFO  server.RaftServerConfigKeys (ConfUtils.java:logGet(44)) - raft.server.log.queue.element-limit = 1024 (custom)
2022-04-27 10:52:01,065 [pool-235-thread-1] INFO  server.RaftServerConfigKeys (ConfUtils.java:logGet(44)) - raft.server.log.segment.size.max = 1048576 (custom)
2022-04-27 10:52:01,065 [pool-235-thread-1] INFO  server.RaftServerConfigKeys (ConfUtils.java:logGet(44)) - raft.server.log.preallocated.size = 16384 (custom)
2022-04-27 10:52:01,065 [pool-235-thread-1] INFO  server.RaftServerConfigKeys (ConfUtils.java:logGet(44)) - raft.server.log.force.sync.num = 128 (default)
2022-04-27 10:52:01,065 [pool-235-thread-1] INFO  server.RaftServerConfigKeys (ConfUtils.java:logGet(44)) - raft.server.log.statemachine.data.sync = true (default)
2022-04-27 10:52:01,065 [pool-235-thread-1] INFO  server.RaftServerConfigKeys (ConfUtils.java:logGet(44)) - raft.server.log.statemachine.data.sync.timeout = 10s (default)
2022-04-27 10:52:01,065 [pool-235-thread-1] INFO  server.RaftServerConfigKeys (ConfUtils.java:logGet(44)) - raft.server.log.statemachine.data.sync.timeout.retry = -1 (default)
2022-04-27 10:52:01,066 [pool-235-thread-1] INFO  server.RaftServerConfigKeys (ConfUtils.java:logGet(44)) - raft.server.log.write.buffer.size = 1048576 (custom)
2022-04-27 10:52:01,067 [pool-235-thread-1] INFO  server.RaftServerConfigKeys (ConfUtils.java:logGet(44)) - raft.server.log.statemachine.data.caching.enabled = true (custom)
2022-04-27 10:52:01,067 [pool-235-thread-1] INFO  segmented.SegmentedRaftLogWorker (SegmentedRaftLogWorker.java:lambda$new$0(133)) - fc150688-1f76-4ec0-a672-aaf91f0753c3@group-88DB927C3E3A-SegmentedRaftLogWorker: flushIndex: setUnconditionally 0 -> -1
2022-04-27 10:52:01,067 [pool-235-thread-1] INFO  segmented.SegmentedRaftLogWorker (SegmentedRaftLogWorker.java:lambda$new$0(133)) - fc150688-1f76-4ec0-a672-aaf91f0753c3@group-88DB927C3E3A-SegmentedRaftLogWorker: safeCacheEvictIndex: setUnconditionally 0 -> -1
2022-04-27 10:52:01,070 [pool-235-thread-1] INFO  server.RaftServerConfigKeys (ConfUtils.java:logGet(44)) - raft.server.snapshot.auto.trigger.enabled = true (custom)
2022-04-27 10:52:01,070 [pool-235-thread-1] INFO  server.RaftServerConfigKeys (ConfUtils.java:logGet(44)) - raft.server.snapshot.auto.trigger.threshold = 1 (custom)
2022-04-27 10:52:01,070 [pool-235-thread-1] INFO  server.RaftServerConfigKeys (ConfUtils.java:logGet(44)) - raft.server.snapshot.retention.file.num = 5 (custom)
2022-04-27 10:52:01,070 [pool-235-thread-1] INFO  server.RaftServerConfigKeys (ConfUtils.java:logGet(44)) - raft.server.log.purge.upto.snapshot.index = false (default)
2022-04-27 10:52:01,070 [pool-235-thread-1] INFO  server.RaftServerConfigKeys (ConfUtils.java:logGet(44)) - raft.server.retrycache.expirytime = 600000ms (custom)
2022-04-27 10:52:01,071 [pool-235-thread-1] INFO  server.RaftServerConfigKeys (ConfUtils.java:logGet(44)) - raft.server.retrycache.statistics.expirytime = 100μs (default)
2022-04-27 10:52:01,073 [pool-235-thread-1] INFO  server.RaftServer$Division (RaftServerImpl.java:start(301)) - fc150688-1f76-4ec0-a672-aaf91f0753c3@group-88DB927C3E3A: start as a follower, conf=-1: [fc150688-1f76-4ec0-a672-aaf91f0753c3|rpc:10.1.0.29:37101|priority:1], old=null
2022-04-27 10:52:01,073 [pool-235-thread-1] INFO  server.RaftServer$Division (RaftServerImpl.java:setRole(290)) - fc150688-1f76-4ec0-a672-aaf91f0753c3@group-88DB927C3E3A: changes role from      null to FOLLOWER at term 0 for startAsFollower
2022-04-27 10:52:01,073 [pool-235-thread-1] INFO  impl.RoleInfo (RoleInfo.java:updateAndGet(130)) - fc150688-1f76-4ec0-a672-aaf91f0753c3: start fc150688-1f76-4ec0-a672-aaf91f0753c3@group-88DB927C3E3A-FollowerState
2022-04-27 10:52:01,075 [pool-235-thread-1] INFO  util.JmxRegister (JmxRegister.java:tryRegister(44)) - Successfully registered JMX Bean with object name Ratis:service=RaftServer,group=group-88DB927C3E3A,id=fc150688-1f76-4ec0-a672-aaf91f0753c3
2022-04-27 10:52:01,076 [Command processor thread] INFO  ratis.XceiverServerRatis (XceiverServerRatis.java:addGroup(765)) - Created group PipelineID=f3c8c0c5-a3de-4190-961f-88db927c3e3a
2022-04-27 10:52:01,077 [Command processor thread] INFO  commandhandler.CreatePipelineCommandHandler (CreatePipelineCommandHandler.java:handle(113)) - Created Pipeline RATIS ONE PipelineID=f3c8c0c5-a3de-4190-961f-88db927c3e3a.
2022-04-27 10:52:01,078 [EventQueue-OpenPipelineForHealthyPipelineSafeModeRule] INFO  safemode.SCMSafeModeManager (HealthyPipelineSafeModeRule.java:process(124)) - SCM in safe mode. Healthy pipelines reported count is 0, required healthy pipeline reported count is 1
2022-04-27 10:52:01,089 [EventQueue-OpenPipelineForHealthyPipelineSafeModeRule] INFO  safemode.SCMSafeModeManager (HealthyPipelineSafeModeRule.java:process(124)) - SCM in safe mode. Healthy pipelines reported count is 0, required healthy pipeline reported count is 1
2022-04-27 10:52:01,120 [EventQueue-OpenPipelineForHealthyPipelineSafeModeRule] INFO  safemode.SCMSafeModeManager (HealthyPipelineSafeModeRule.java:process(124)) - SCM in safe mode. Healthy pipelines reported count is 0, required healthy pipeline reported count is 1
2022-04-27 10:52:01,123 [EventQueue-OpenPipelineForHealthyPipelineSafeModeRule] INFO  safemode.SCMSafeModeManager (HealthyPipelineSafeModeRule.java:process(124)) - SCM in safe mode. Healthy pipelines reported count is 0, required healthy pipeline reported count is 1
2022-04-27 10:52:01,180 [EventQueue-OpenPipelineForHealthyPipelineSafeModeRule] INFO  safemode.SCMSafeModeManager (HealthyPipelineSafeModeRule.java:process(124)) - SCM in safe mode. Healthy pipelines reported count is 0, required healthy pipeline reported count is 1
2022-04-27 10:52:01,249 [EventQueue-OpenPipelineForHealthyPipelineSafeModeRule] INFO  safemode.SCMSafeModeManager (HealthyPipelineSafeModeRule.java:process(124)) - SCM in safe mode. Healthy pipelines reported count is 0, required healthy pipeline reported count is 1
2022-04-27 10:52:01,260 [EventQueue-OpenPipelineForHealthyPipelineSafeModeRule] INFO  safemode.SCMSafeModeManager (HealthyPipelineSafeModeRule.java:process(124)) - SCM in safe mode. Healthy pipelines reported count is 0, required healthy pipeline reported count is 1
2022-04-27 10:52:01,274 [EventQueue-OpenPipelineForHealthyPipelineSafeModeRule] INFO  safemode.SCMSafeModeManager (HealthyPipelineSafeModeRule.java:process(124)) - SCM in safe mode. Healthy pipelines reported count is 0, required healthy pipeline reported count is 1
2022-04-27 10:52:01,290 [EventQueue-OpenPipelineForHealthyPipelineSafeModeRule] INFO  safemode.SCMSafeModeManager (HealthyPipelineSafeModeRule.java:process(124)) - SCM in safe mode. Healthy pipelines reported count is 0, required healthy pipeline reported count is 1
2022-04-27 10:52:01,300 [EventQueue-OpenPipelineForHealthyPipelineSafeModeRule] INFO  safemode.SCMSafeModeManager (HealthyPipelineSafeModeRule.java:process(124)) - SCM in safe mode. Healthy pipelines reported count is 0, required healthy pipeline reported count is 1
2022-04-27 10:52:01,323 [EventQueue-OpenPipelineForHealthyPipelineSafeModeRule] INFO  safemode.SCMSafeModeManager (HealthyPipelineSafeModeRule.java:process(124)) - SCM in safe mode. Healthy pipelines reported count is 0, required healthy pipeline reported count is 1
2022-04-27 10:52:01,381 [EventQueue-OpenPipelineForHealthyPipelineSafeModeRule] INFO  safemode.SCMSafeModeManager (HealthyPipelineSafeModeRule.java:process(124)) - SCM in safe mode. Healthy pipelines reported count is 0, required healthy pipeline reported count is 1
2022-04-27 10:52:01,416 [Listener at 127.0.0.1/43313] INFO  ozone.MiniOzoneClusterImpl (MiniOzoneClusterImpl.java:lambda$waitForClusterToBeReady$0(221)) - Nodes are ready. Got 10 of 10 DN Heartbeats.
2022-04-27 10:52:01,416 [Listener at 127.0.0.1/43313] INFO  ozone.MiniOzoneClusterImpl (MiniOzoneClusterImpl.java:lambda$waitForClusterToBeReady$0(224)) - Waiting for cluster to exit safe mode
2022-04-27 10:52:01,416 [Listener at 127.0.0.1/43313] INFO  ozone.MiniOzoneClusterImpl (MiniOzoneClusterImpl.java:lambda$waitForClusterToBeReady$0(226)) - SCM became leader
2022-04-27 10:52:01,425 [Command processor thread] INFO  server.RaftServer (RaftServerProxy.java:addNew(95)) - 4fef3099-80a8-4154-b528-44138d57637f: addNew group-DAC67E794D68:[4fef3099-80a8-4154-b528-44138d57637f|rpc:10.1.0.29:45983|priority:1] returns group-DAC67E794D68:java.util.concurrent.CompletableFuture@fd300a8[Not completed]
2022-04-27 10:52:01,427 [pool-256-thread-1] INFO  server.RaftServer$Division (RaftServerImpl.java:<init>(184)) - 4fef3099-80a8-4154-b528-44138d57637f: new RaftServerImpl for group-DAC67E794D68:[4fef3099-80a8-4154-b528-44138d57637f|rpc:10.1.0.29:45983|priority:1] with ContainerStateMachine:uninitialized
2022-04-27 10:52:01,427 [pool-256-thread-1] INFO  server.RaftServerConfigKeys (ConfUtils.java:logGet(44)) - raft.server.rpc.timeout.min = 5s (custom)
2022-04-27 10:52:01,427 [pool-256-thread-1] INFO  server.RaftServerConfigKeys (ConfUtils.java:logGet(44)) - raft.server.rpc.timeout.max = 5200ms (custom)
2022-04-27 10:52:01,427 [pool-256-thread-1] INFO  server.RaftServerConfigKeys (ConfUtils.java:logGet(44)) - raft.server.rpc.sleep.time = 25ms (default)
2022-04-27 10:52:01,427 [pool-256-thread-1] INFO  server.RaftServerConfigKeys (ConfUtils.java:logGet(44)) - raft.server.rpc.slowness.timeout = 300000ms (custom)
2022-04-27 10:52:01,427 [pool-256-thread-1] INFO  server.RaftServerConfigKeys (ConfUtils.java:logGet(44)) - raft.server.leaderelection.leader.step-down.wait-time = 10s (default)
2022-04-27 10:52:01,427 [pool-256-thread-1] INFO  server.RaftServerConfigKeys (ConfUtils.java:logGet(44)) - raft.server.sleep.deviation.threshold = 300ms (default)
2022-04-27 10:52:01,427 [pool-256-thread-1] INFO  server.RaftServerConfigKeys (ConfUtils.java:logGet(44)) - raft.server.log.appender.install.snapshot.enabled = false (custom)
2022-04-27 10:52:01,427 [pool-256-thread-1] INFO  server.RaftServer$Division (ServerState.java:<init>(105)) - 4fef3099-80a8-4154-b528-44138d57637f@group-DAC67E794D68: ConfigurationManager, init=-1: [4fef3099-80a8-4154-b528-44138d57637f|rpc:10.1.0.29:45983|priority:1], old=null, confs=<EMPTY_MAP>
2022-04-27 10:52:01,428 [pool-256-thread-1] INFO  server.RaftServerConfigKeys (ConfUtils.java:logGet(44)) - raft.server.storage.dir = [/home/runner/work/ozone/ozone/hadoop-ozone/integration-test/target/test-dir/MiniOzoneClusterImpl-6fb830c9-5413-49cc-a625-6cf41c4e5c97/datanode-9/data/ratis] (custom)
2022-04-27 10:52:01,428 [pool-256-thread-1] INFO  server.RaftServerConfigKeys (ConfUtils.java:logGet(44)) - raft.server.log.corruption.policy = EXCEPTION (default)
2022-04-27 10:52:01,428 [pool-256-thread-1] INFO  server.RaftServerConfigKeys (ConfUtils.java:logGet(44)) - raft.server.storage.free-space.min = 0MB (=0) (default)
2022-04-27 10:52:01,429 [pool-256-thread-1] INFO  storage.RaftStorageDirectory (RaftStorageDirectoryImpl.java:analyzeStorage(135)) - The storage directory /home/runner/work/ozone/ozone/hadoop-ozone/integration-test/target/test-dir/MiniOzoneClusterImpl-6fb830c9-5413-49cc-a625-6cf41c4e5c97/datanode-9/data/ratis/a638700d-2bf8-4193-8325-dac67e794d68 does not exist. Creating ...
2022-04-27 10:52:01,474 [EventQueue-OpenPipelineForHealthyPipelineSafeModeRule] INFO  safemode.SCMSafeModeManager (HealthyPipelineSafeModeRule.java:process(124)) - SCM in safe mode. Healthy pipelines reported count is 0, required healthy pipeline reported count is 1
2022-04-27 10:52:01,478 [EventQueue-OpenPipelineForHealthyPipelineSafeModeRule] INFO  safemode.SCMSafeModeManager (HealthyPipelineSafeModeRule.java:process(124)) - SCM in safe mode. Healthy pipelines reported count is 0, required healthy pipeline reported count is 1
2022-04-27 10:52:01,500 [EventQueue-OpenPipelineForHealthyPipelineSafeModeRule] INFO  safemode.SCMSafeModeManager (HealthyPipelineSafeModeRule.java:process(124)) - SCM in safe mode. Healthy pipelines reported count is 0, required healthy pipeline reported count is 1
2022-04-27 10:52:01,519 [EventQueue-OpenPipelineForHealthyPipelineSafeModeRule] INFO  safemode.SCMSafeModeManager (HealthyPipelineSafeModeRule.java:process(124)) - SCM in safe mode. Healthy pipelines reported count is 0, required healthy pipeline reported count is 1
2022-04-27 10:52:01,523 [EventQueue-OpenPipelineForHealthyPipelineSafeModeRule] INFO  safemode.SCMSafeModeManager (HealthyPipelineSafeModeRule.java:process(124)) - SCM in safe mode. Healthy pipelines reported count is 0, required healthy pipeline reported count is 1
2022-04-27 10:52:01,581 [EventQueue-OpenPipelineForHealthyPipelineSafeModeRule] INFO  safemode.SCMSafeModeManager (HealthyPipelineSafeModeRule.java:process(124)) - SCM in safe mode. Healthy pipelines reported count is 0, required healthy pipeline reported count is 1
2022-04-27 10:52:01,622 [EventQueue-PipelineReportForPipelineReportHandler] INFO  pipeline.PipelineManagerImpl (PipelineManagerImpl.java:openPipeline(328)) - Pipeline Pipeline[ Id: a638700d-2bf8-4193-8325-dac67e794d68, Nodes: 4fef3099-80a8-4154-b528-44138d57637f{ip: 10.1.0.29, host: fv-az270-423.tacnzluakwdehk1hpragurqkma.bx.internal.cloudapp.net, ports: [REPLICATION=46351, RATIS=45983, RATIS_ADMIN=45983, RATIS_SERVER=45983, STANDALONE=40783], networkLocation: /default-rack, certSerialId: null, persistedOpState: IN_SERVICE, persistedOpStateExpiryEpochSec: 0}, ReplicationConfig: RATIS/ONE, State:ALLOCATED, leaderId:4fef3099-80a8-4154-b528-44138d57637f, CreationTimestamp2022-04-27T10:51:58.429Z[Etc/UTC]] moved to OPEN state
2022-04-27 10:52:01,622 [EventQueue-OpenPipelineForHealthyPipelineSafeModeRule] INFO  safemode.SCMSafeModeManager (HealthyPipelineSafeModeRule.java:process(124)) - SCM in safe mode. Healthy pipelines reported count is 0, required healthy pipeline reported count is 1
2022-04-27 10:52:01,649 [EventQueue-OpenPipelineForHealthyPipelineSafeModeRule] INFO  safemode.SCMSafeModeManager (HealthyPipelineSafeModeRule.java:process(124)) - SCM in safe mode. Healthy pipelines reported count is 0, required healthy pipeline reported count is 1
2022-04-27 10:52:01,661 [EventQueue-OpenPipelineForHealthyPipelineSafeModeRule] INFO  safemode.SCMSafeModeManager (HealthyPipelineSafeModeRule.java:process(124)) - SCM in safe mode. Healthy pipelines reported count is 0, required healthy pipeline reported count is 1
2022-04-27 10:52:01,674 [EventQueue-OpenPipelineForHealthyPipelineSafeModeRule] INFO  safemode.SCMSafeModeManager (HealthyPipelineSafeModeRule.java:process(124)) - SCM in safe mode. Healthy pipelines reported count is 0, required healthy pipeline reported count is 1
2022-04-27 10:52:01,678 [EventQueue-OpenPipelineForHealthyPipelineSafeModeRule] INFO  safemode.SCMSafeModeManager (HealthyPipelineSafeModeRule.java:process(124)) - SCM in safe mode. Healthy pipelines reported count is 0, required healthy pipeline reported count is 1
2022-04-27 10:52:01,689 [EventQueue-OpenPipelineForHealthyPipelineSafeModeRule] INFO  safemode.SCMSafeModeManager (HealthyPipelineSafeModeRule.java:process(124)) - SCM in safe mode. Healthy pipelines reported count is 0, required healthy pipeline reported count is 1
2022-04-27 10:52:01,694 [pool-256-thread-1] INFO  storage.RaftStorageDirectory (RaftStorageDirectoryImpl.java:tryLock(230)) - Lock on /home/runner/work/ozone/ozone/hadoop-ozone/integration-test/target/test-dir/MiniOzoneClusterImpl-6fb830c9-5413-49cc-a625-6cf41c4e5c97/datanode-9/data/ratis/a638700d-2bf8-4193-8325-dac67e794d68/in_use.lock acquired by nodename 2917@fv-az270-423
2022-04-27 10:52:01,697 [pool-256-thread-1] INFO  storage.RaftStorage (RaftStorageImpl.java:format(89)) - Storage directory /home/runner/work/ozone/ozone/hadoop-ozone/integration-test/target/test-dir/MiniOzoneClusterImpl-6fb830c9-5413-49cc-a625-6cf41c4e5c97/datanode-9/data/ratis/a638700d-2bf8-4193-8325-dac67e794d68 has been successfully formatted.
2022-04-27 10:52:01,697 [pool-256-thread-1] INFO  ratis.ContainerStateMachine (ContainerStateMachine.java:loadSnapshot(236)) - group-DAC67E794D68: The snapshot info is null. Setting the last applied indexto:(t:0, i:~)
2022-04-27 10:52:01,697 [pool-256-thread-1] INFO  server.RaftServerConfigKeys (ConfUtils.java:logGet(44)) - raft.server.notification.no-leader.timeout = 300000ms (custom)
2022-04-27 10:52:01,698 [pool-256-thread-1] INFO  server.RaftServerConfigKeys (ConfUtils.java:logGet(44)) - raft.server.log.use.memory = false (default)
2022-04-27 10:52:01,698 [pool-256-thread-1] INFO  server.RaftServerConfigKeys (ConfUtils.java:logGet(44)) - raft.server.log.purge.gap = 1000000 (custom)
2022-04-27 10:52:01,698 [pool-256-thread-1] INFO  server.RaftServerConfigKeys (ConfUtils.java:logGet(44)) - raft.server.log.appender.buffer.byte-limit = 33554432 (custom)
2022-04-27 10:52:01,698 [pool-256-thread-1] INFO  server.RaftServerConfigKeys (ConfUtils.java:logGet(44)) - raft.server.log.segment.size.max = 1048576 (custom)
2022-04-27 10:52:01,698 [pool-256-thread-1] INFO  server.RaftServerConfigKeys (ConfUtils.java:logGet(44)) - raft.server.log.segment.cache.num.max = 2 (custom)
2022-04-27 10:52:01,698 [pool-256-thread-1] INFO  server.RaftServerConfigKeys (ConfUtils.java:logGet(44)) - raft.server.log.segment.cache.size.max = 200MB (=209715200) (default)
2022-04-27 10:52:01,698 [pool-256-thread-1] INFO  segmented.SegmentedRaftLogWorker (SegmentedRaftLogWorker.java:<init>(182)) - new 4fef3099-80a8-4154-b528-44138d57637f@group-DAC67E794D68-SegmentedRaftLogWorker for RaftStorageImpl:Storage Directory /home/runner/work/ozone/ozone/hadoop-ozone/integration-test/target/test-dir/MiniOzoneClusterImpl-6fb830c9-5413-49cc-a625-6cf41c4e5c97/datanode-9/data/ratis/a638700d-2bf8-4193-8325-dac67e794d68
2022-04-27 10:52:01,699 [pool-256-thread-1] INFO  server.RaftServerConfigKeys (ConfUtils.java:logGet(44)) - raft.server.log.queue.byte-limit = 4294967296 (custom)
2022-04-27 10:52:01,699 [pool-256-thread-1] INFO  server.RaftServerConfigKeys (ConfUtils.java:logGet(44)) - raft.server.log.queue.element-limit = 1024 (custom)
2022-04-27 10:52:01,699 [pool-256-thread-1] INFO  server.RaftServerConfigKeys (ConfUtils.java:logGet(44)) - raft.server.log.segment.size.max = 1048576 (custom)
2022-04-27 10:52:01,699 [pool-256-thread-1] INFO  server.RaftServerConfigKeys (ConfUtils.java:logGet(44)) - raft.server.log.preallocated.size = 16384 (custom)
2022-04-27 10:52:01,699 [pool-256-thread-1] INFO  server.RaftServerConfigKeys (ConfUtils.java:logGet(44)) - raft.server.log.force.sync.num = 128 (default)
2022-04-27 10:52:01,699 [pool-256-thread-1] INFO  server.RaftServerConfigKeys (ConfUtils.java:logGet(44)) - raft.server.log.statemachine.data.sync = true (default)
2022-04-27 10:52:01,699 [pool-256-thread-1] INFO  server.RaftServerConfigKeys (ConfUtils.java:logGet(44)) - raft.server.log.statemachine.data.sync.timeout = 10s (default)
2022-04-27 10:52:01,699 [pool-256-thread-1] INFO  server.RaftServerConfigKeys (ConfUtils.java:logGet(44)) - raft.server.log.statemachine.data.sync.timeout.retry = -1 (default)
2022-04-27 10:52:01,701 [pool-256-thread-1] INFO  server.RaftServerConfigKeys (ConfUtils.java:logGet(44)) - raft.server.log.write.buffer.size = 1048576 (custom)
2022-04-27 10:52:01,702 [pool-256-thread-1] INFO  server.RaftServerConfigKeys (ConfUtils.java:logGet(44)) - raft.server.log.statemachine.data.caching.enabled = true (custom)
2022-04-27 10:52:01,702 [pool-256-thread-1] INFO  segmented.SegmentedRaftLogWorker (SegmentedRaftLogWorker.java:lambda$new$0(133)) - 4fef3099-80a8-4154-b528-44138d57637f@group-DAC67E794D68-SegmentedRaftLogWorker: flushIndex: setUnconditionally 0 -> -1
2022-04-27 10:52:01,702 [pool-256-thread-1] INFO  segmented.SegmentedRaftLogWorker (SegmentedRaftLogWorker.java:lambda$new$0(133)) - 4fef3099-80a8-4154-b528-44138d57637f@group-DAC67E794D68-SegmentedRaftLogWorker: safeCacheEvictIndex: setUnconditionally 0 -> -1
2022-04-27 10:52:01,702 [pool-256-thread-1] INFO  server.RaftServerConfigKeys (ConfUtils.java:logGet(44)) - raft.server.snapshot.auto.trigger.enabled = true (custom)
2022-04-27 10:52:01,702 [pool-256-thread-1] INFO  server.RaftServerConfigKeys (ConfUtils.java:logGet(44)) - raft.server.snapshot.auto.trigger.threshold = 1 (custom)
2022-04-27 10:52:01,702 [pool-256-thread-1] INFO  server.RaftServerConfigKeys (ConfUtils.java:logGet(44)) - raft.server.snapshot.retention.file.num = 5 (custom)
2022-04-27 10:52:01,702 [pool-256-thread-1] INFO  server.RaftServerConfigKeys (ConfUtils.java:logGet(44)) - raft.server.log.purge.upto.snapshot.index = false (default)
2022-04-27 10:52:01,702 [pool-256-thread-1] INFO  server.RaftServerConfigKeys (ConfUtils.java:logGet(44)) - raft.server.retrycache.expirytime = 600000ms (custom)
2022-04-27 10:52:01,702 [pool-256-thread-1] INFO  server.RaftServerConfigKeys (ConfUtils.java:logGet(44)) - raft.server.retrycache.statistics.expirytime = 100μs (default)
2022-04-27 10:52:01,703 [pool-256-thread-1] INFO  server.RaftServer$Division (RaftServerImpl.java:start(301)) - 4fef3099-80a8-4154-b528-44138d57637f@group-DAC67E794D68: start as a follower, conf=-1: [4fef3099-80a8-4154-b528-44138d57637f|rpc:10.1.0.29:45983|priority:1], old=null
2022-04-27 10:52:01,704 [pool-256-thread-1] INFO  server.RaftServer$Division (RaftServerImpl.java:setRole(290)) - 4fef3099-80a8-4154-b528-44138d57637f@group-DAC67E794D68: changes role from      null to FOLLOWER at term 0 for startAsFollower
2022-04-27 10:52:01,704 [pool-256-thread-1] INFO  impl.RoleInfo (RoleInfo.java:updateAndGet(130)) - 4fef3099-80a8-4154-b528-44138d57637f: start 4fef3099-80a8-4154-b528-44138d57637f@group-DAC67E794D68-FollowerState
2022-04-27 10:52:01,704 [EventQueue-OpenPipelineForHealthyPipelineSafeModeRule] INFO  safemode.SCMSafeModeManager (HealthyPipelineSafeModeRule.java:process(124)) - SCM in safe mode. Healthy pipelines reported count is 0, required healthy pipeline reported count is 1
2022-04-27 10:52:01,706 [pool-256-thread-1] INFO  util.JmxRegister (JmxRegister.java:tryRegister(44)) - Successfully registered JMX Bean with object name Ratis:service=RaftServer,group=group-DAC67E794D68,id=4fef3099-80a8-4154-b528-44138d57637f
2022-04-27 10:52:01,707 [Command processor thread] INFO  ratis.XceiverServerRatis (XceiverServerRatis.java:addGroup(765)) - Created group PipelineID=a638700d-2bf8-4193-8325-dac67e794d68
2022-04-27 10:52:01,707 [Command processor thread] INFO  commandhandler.CreatePipelineCommandHandler (CreatePipelineCommandHandler.java:handle(113)) - Created Pipeline RATIS ONE PipelineID=a638700d-2bf8-4193-8325-dac67e794d68.
2022-04-27 10:52:01,719 [EventQueue-OpenPipelineForHealthyPipelineSafeModeRule] INFO  safemode.SCMSafeModeManager (HealthyPipelineSafeModeRule.java:process(124)) - SCM in safe mode. Healthy pipelines reported count is 0, required healthy pipeline reported count is 1
2022-04-27 10:52:01,781 [EventQueue-OpenPipelineForHealthyPipelineSafeModeRule] INFO  safemode.SCMSafeModeManager (HealthyPipelineSafeModeRule.java:process(124)) - SCM in safe mode. Healthy pipelines reported count is 0, required healthy pipeline reported count is 1
2022-04-27 10:52:01,878 [EventQueue-OpenPipelineForHealthyPipelineSafeModeRule] INFO  safemode.SCMSafeModeManager (HealthyPipelineSafeModeRule.java:process(124)) - SCM in safe mode. Healthy pipelines reported count is 0, required healthy pipeline reported count is 1
2022-04-27 10:52:01,900 [EventQueue-OpenPipelineForHealthyPipelineSafeModeRule] INFO  safemode.SCMSafeModeManager (HealthyPipelineSafeModeRule.java:process(124)) - SCM in safe mode. Healthy pipelines reported count is 0, required healthy pipeline reported count is 1
2022-04-27 10:52:01,923 [EventQueue-OpenPipelineForHealthyPipelineSafeModeRule] INFO  safemode.SCMSafeModeManager (HealthyPipelineSafeModeRule.java:process(124)) - SCM in safe mode. Healthy pipelines reported count is 0, required healthy pipeline reported count is 1
2022-04-27 10:52:02,050 [EventQueue-OpenPipelineForHealthyPipelineSafeModeRule] INFO  safemode.SCMSafeModeManager (HealthyPipelineSafeModeRule.java:process(124)) - SCM in safe mode. Healthy pipelines reported count is 0, required healthy pipeline reported count is 1
2022-04-27 10:52:02,062 [EventQueue-OpenPipelineForHealthyPipelineSafeModeRule] INFO  safemode.SCMSafeModeManager (HealthyPipelineSafeModeRule.java:process(124)) - SCM in safe mode. Healthy pipelines reported count is 0, required healthy pipeline reported count is 1
2022-04-27 10:52:02,073 [EventQueue-OpenPipelineForHealthyPipelineSafeModeRule] INFO  safemode.SCMSafeModeManager (HealthyPipelineSafeModeRule.java:process(124)) - SCM in safe mode. Healthy pipelines reported count is 0, required healthy pipeline reported count is 1
2022-04-27 10:52:02,079 [EventQueue-OpenPipelineForHealthyPipelineSafeModeRule] INFO  safemode.SCMSafeModeManager (HealthyPipelineSafeModeRule.java:process(124)) - SCM in safe mode. Healthy pipelines reported count is 0, required healthy pipeline reported count is 1
2022-04-27 10:52:02,089 [EventQueue-OpenPipelineForHealthyPipelineSafeModeRule] INFO  safemode.SCMSafeModeManager (HealthyPipelineSafeModeRule.java:process(124)) - SCM in safe mode. Healthy pipelines reported count is 0, required healthy pipeline reported count is 1
2022-04-27 10:52:02,102 [EventQueue-OpenPipelineForHealthyPipelineSafeModeRule] INFO  safemode.SCMSafeModeManager (HealthyPipelineSafeModeRule.java:process(124)) - SCM in safe mode. Healthy pipelines reported count is 0, required healthy pipeline reported count is 1
2022-04-27 10:52:02,120 [EventQueue-OpenPipelineForHealthyPipelineSafeModeRule] INFO  safemode.SCMSafeModeManager (HealthyPipelineSafeModeRule.java:process(124)) - SCM in safe mode. Healthy pipelines reported count is 0, required healthy pipeline reported count is 1
2022-04-27 10:52:02,125 [EventQueue-OpenPipelineForHealthyPipelineSafeModeRule] INFO  safemode.SCMSafeModeManager (HealthyPipelineSafeModeRule.java:process(124)) - SCM in safe mode. Healthy pipelines reported count is 0, required healthy pipeline reported count is 1
2022-04-27 10:52:02,181 [EventQueue-OpenPipelineForHealthyPipelineSafeModeRule] INFO  safemode.SCMSafeModeManager (HealthyPipelineSafeModeRule.java:process(124)) - SCM in safe mode. Healthy pipelines reported count is 0, required healthy pipeline reported count is 1
2022-04-27 10:52:02,250 [EventQueue-OpenPipelineForHealthyPipelineSafeModeRule] INFO  safemode.SCMSafeModeManager (HealthyPipelineSafeModeRule.java:process(124)) - SCM in safe mode. Healthy pipelines reported count is 0, required healthy pipeline reported count is 1
2022-04-27 10:52:02,261 [EventQueue-OpenPipelineForHealthyPipelineSafeModeRule] INFO  safemode.SCMSafeModeManager (HealthyPipelineSafeModeRule.java:process(124)) - SCM in safe mode. Healthy pipelines reported count is 0, required healthy pipeline reported count is 1
2022-04-27 10:52:02,273 [EventQueue-OpenPipelineForHealthyPipelineSafeModeRule] INFO  safemode.SCMSafeModeManager (HealthyPipelineSafeModeRule.java:process(124)) - SCM in safe mode. Healthy pipelines reported count is 0, required healthy pipeline reported count is 1
2022-04-27 10:52:02,280 [EventQueue-OpenPipelineForHealthyPipelineSafeModeRule] INFO  safemode.SCMSafeModeManager (HealthyPipelineSafeModeRule.java:process(124)) - SCM in safe mode. Healthy pipelines reported count is 0, required healthy pipeline reported count is 1
2022-04-27 10:52:02,289 [EventQueue-OpenPipelineForHealthyPipelineSafeModeRule] INFO  safemode.SCMSafeModeManager (HealthyPipelineSafeModeRule.java:process(124)) - SCM in safe mode. Healthy pipelines reported count is 0, required healthy pipeline reported count is 1
2022-04-27 10:52:02,300 [EventQueue-OpenPipelineForHealthyPipelineSafeModeRule] INFO  safemode.SCMSafeModeManager (HealthyPipelineSafeModeRule.java:process(124)) - SCM in safe mode. Healthy pipelines reported count is 0, required healthy pipeline reported count is 1
2022-04-27 10:52:02,302 [EventQueue-OpenPipelineForHealthyPipelineSafeModeRule] INFO  safemode.SCMSafeModeManager (HealthyPipelineSafeModeRule.java:process(124)) - SCM in safe mode. Healthy pipelines reported count is 0, required healthy pipeline reported count is 1
2022-04-27 10:52:02,381 [EventQueue-OpenPipelineForHealthyPipelineSafeModeRule] INFO  safemode.SCMSafeModeManager (HealthyPipelineSafeModeRule.java:process(124)) - SCM in safe mode. Healthy pipelines reported count is 0, required healthy pipeline reported count is 1
2022-04-27 10:52:02,417 [Listener at 127.0.0.1/43313] INFO  ozone.MiniOzoneClusterImpl (MiniOzoneClusterImpl.java:lambda$waitForClusterToBeReady$0(221)) - Nodes are ready. Got 10 of 10 DN Heartbeats.
2022-04-27 10:52:02,417 [Listener at 127.0.0.1/43313] INFO  ozone.MiniOzoneClusterImpl (MiniOzoneClusterImpl.java:lambda$waitForClusterToBeReady$0(224)) - Waiting for cluster to exit safe mode
2022-04-27 10:52:02,417 [Listener at 127.0.0.1/43313] INFO  ozone.MiniOzoneClusterImpl (MiniOzoneClusterImpl.java:lambda$waitForClusterToBeReady$0(226)) - SCM became leader
2022-04-27 10:52:02,461 [EventQueue-OpenPipelineForHealthyPipelineSafeModeRule] INFO  safemode.SCMSafeModeManager (HealthyPipelineSafeModeRule.java:process(124)) - SCM in safe mode. Healthy pipelines reported count is 0, required healthy pipeline reported count is 1
2022-04-27 10:52:02,474 [EventQueue-OpenPipelineForHealthyPipelineSafeModeRule] INFO  safemode.SCMSafeModeManager (HealthyPipelineSafeModeRule.java:process(124)) - SCM in safe mode. Healthy pipelines reported count is 0, required healthy pipeline reported count is 1
2022-04-27 10:52:02,489 [EventQueue-OpenPipelineForHealthyPipelineSafeModeRule] INFO  safemode.SCMSafeModeManager (HealthyPipelineSafeModeRule.java:process(124)) - SCM in safe mode. Healthy pipelines reported count is 0, required healthy pipeline reported count is 1
2022-04-27 10:52:02,501 [EventQueue-OpenPipelineForHealthyPipelineSafeModeRule] INFO  safemode.SCMSafeModeManager (HealthyPipelineSafeModeRule.java:process(124)) - SCM in safe mode. Healthy pipelines reported count is 0, required healthy pipeline reported count is 1
2022-04-27 10:52:02,502 [EventQueue-OpenPipelineForHealthyPipelineSafeModeRule] INFO  safemode.SCMSafeModeManager (HealthyPipelineSafeModeRule.java:process(124)) - SCM in safe mode. Healthy pipelines reported count is 0, required healthy pipeline reported count is 1
2022-04-27 10:52:02,520 [EventQueue-OpenPipelineForHealthyPipelineSafeModeRule] INFO  safemode.SCMSafeModeManager (HealthyPipelineSafeModeRule.java:process(124)) - SCM in safe mode. Healthy pipelines reported count is 0, required healthy pipeline reported count is 1
2022-04-27 10:52:02,523 [EventQueue-OpenPipelineForHealthyPipelineSafeModeRule] INFO  safemode.SCMSafeModeManager (HealthyPipelineSafeModeRule.java:process(124)) - SCM in safe mode. Healthy pipelines reported count is 0, required healthy pipeline reported count is 1
2022-04-27 10:52:02,650 [EventQueue-OpenPipelineForHealthyPipelineSafeModeRule] INFO  safemode.SCMSafeModeManager (HealthyPipelineSafeModeRule.java:process(124)) - SCM in safe mode. Healthy pipelines reported count is 0, required healthy pipeline reported count is 1
2022-04-27 10:52:02,661 [EventQueue-OpenPipelineForHealthyPipelineSafeModeRule] INFO  safemode.SCMSafeModeManager (HealthyPipelineSafeModeRule.java:process(124)) - SCM in safe mode. Healthy pipelines reported count is 0, required healthy pipeline reported count is 1
2022-04-27 10:52:02,673 [EventQueue-OpenPipelineForHealthyPipelineSafeModeRule] INFO  safemode.SCMSafeModeManager (HealthyPipelineSafeModeRule.java:process(124)) - SCM in safe mode. Healthy pipelines reported count is 0, required healthy pipeline reported count is 1
2022-04-27 10:52:02,679 [EventQueue-OpenPipelineForHealthyPipelineSafeModeRule] INFO  safemode.SCMSafeModeManager (HealthyPipelineSafeModeRule.java:process(124)) - SCM in safe mode. Healthy pipelines reported count is 0, required healthy pipeline reported count is 1
2022-04-27 10:52:02,701 [EventQueue-OpenPipelineForHealthyPipelineSafeModeRule] INFO  safemode.SCMSafeModeManager (HealthyPipelineSafeModeRule.java:process(124)) - SCM in safe mode. Healthy pipelines reported count is 0, required healthy pipeline reported count is 1
2022-04-27 10:52:02,723 [EventQueue-OpenPipelineForHealthyPipelineSafeModeRule] INFO  safemode.SCMSafeModeManager (HealthyPipelineSafeModeRule.java:process(124)) - SCM in safe mode. Healthy pipelines reported count is 0, required healthy pipeline reported count is 1
2022-04-27 10:52:02,782 [EventQueue-OpenPipelineForHealthyPipelineSafeModeRule] INFO  safemode.SCMSafeModeManager (HealthyPipelineSafeModeRule.java:process(124)) - SCM in safe mode. Healthy pipelines reported count is 0, required healthy pipeline reported count is 1
2022-04-27 10:52:02,850 [EventQueue-OpenPipelineForHealthyPipelineSafeModeRule] INFO  safemode.SCMSafeModeManager (HealthyPipelineSafeModeRule.java:process(124)) - SCM in safe mode. Healthy pipelines reported count is 0, required healthy pipeline reported count is 1
2022-04-27 10:52:02,873 [EventQueue-OpenPipelineForHealthyPipelineSafeModeRule] INFO  safemode.SCMSafeModeManager (HealthyPipelineSafeModeRule.java:process(124)) - SCM in safe mode. Healthy pipelines reported count is 0, required healthy pipeline reported count is 1
2022-04-27 10:52:02,890 [EventQueue-OpenPipelineForHealthyPipelineSafeModeRule] INFO  safemode.SCMSafeModeManager (HealthyPipelineSafeModeRule.java:process(124)) - SCM in safe mode. Healthy pipelines reported count is 0, required healthy pipeline reported count is 1
2022-04-27 10:52:02,902 [EventQueue-OpenPipelineForHealthyPipelineSafeModeRule] INFO  safemode.SCMSafeModeManager (HealthyPipelineSafeModeRule.java:process(124)) - SCM in safe mode. Healthy pipelines reported count is 0, required healthy pipeline reported count is 1
2022-04-27 10:52:02,902 [EventQueue-OpenPipelineForHealthyPipelineSafeModeRule] INFO  safemode.SCMSafeModeManager (HealthyPipelineSafeModeRule.java:process(124)) - SCM in safe mode. Healthy pipelines reported count is 0, required healthy pipeline reported count is 1
2022-04-27 10:52:02,920 [EventQueue-OpenPipelineForHealthyPipelineSafeModeRule] INFO  safemode.SCMSafeModeManager (HealthyPipelineSafeModeRule.java:process(124)) - SCM in safe mode. Healthy pipelines reported count is 0, required healthy pipeline reported count is 1
2022-04-27 10:52:02,923 [EventQueue-OpenPipelineForHealthyPipelineSafeModeRule] INFO  safemode.SCMSafeModeManager (HealthyPipelineSafeModeRule.java:process(124)) - SCM in safe mode. Healthy pipelines reported count is 0, required healthy pipeline reported count is 1
2022-04-27 10:52:02,981 [EventQueue-OpenPipelineForHealthyPipelineSafeModeRule] INFO  safemode.SCMSafeModeManager (HealthyPipelineSafeModeRule.java:process(124)) - SCM in safe mode. Healthy pipelines reported count is 0, required healthy pipeline reported count is 1
2022-04-27 10:52:02,988 [b4543bad-81d3-4f1d-9fc6-5e97dcd2d8eb@group-B437493561CC-FollowerState] INFO  impl.FollowerState (FollowerState.java:run(134)) - b4543bad-81d3-4f1d-9fc6-5e97dcd2d8eb@group-B437493561CC-FollowerState: change to CANDIDATE, lastRpcElapsedTime:5058347848ns, electionTimeout:5048ms
2022-04-27 10:52:02,988 [b4543bad-81d3-4f1d-9fc6-5e97dcd2d8eb@group-B437493561CC-FollowerState] INFO  impl.RoleInfo (RoleInfo.java:shutdownFollowerState(108)) - b4543bad-81d3-4f1d-9fc6-5e97dcd2d8eb: shutdown b4543bad-81d3-4f1d-9fc6-5e97dcd2d8eb@group-B437493561CC-FollowerState
2022-04-27 10:52:02,988 [b4543bad-81d3-4f1d-9fc6-5e97dcd2d8eb@group-B437493561CC-FollowerState] INFO  server.RaftServer$Division (RaftServerImpl.java:setRole(290)) - b4543bad-81d3-4f1d-9fc6-5e97dcd2d8eb@group-B437493561CC: changes role from  FOLLOWER to CANDIDATE at term 0 for changeToCandidate
2022-04-27 10:52:02,989 [b4543bad-81d3-4f1d-9fc6-5e97dcd2d8eb@group-B437493561CC-FollowerState] INFO  server.RaftServerConfigKeys (ConfUtils.java:logGet(44)) - raft.server.leaderelection.pre-vote = false (custom)
2022-04-27 10:52:02,990 [b4543bad-81d3-4f1d-9fc6-5e97dcd2d8eb@group-B437493561CC-FollowerState] INFO  impl.RoleInfo (RoleInfo.java:updateAndGet(130)) - b4543bad-81d3-4f1d-9fc6-5e97dcd2d8eb: start b4543bad-81d3-4f1d-9fc6-5e97dcd2d8eb@group-B437493561CC-LeaderElection2
2022-04-27 10:52:02,993 [b4543bad-81d3-4f1d-9fc6-5e97dcd2d8eb@group-B437493561CC-LeaderElection2] INFO  impl.LeaderElection (LeaderElection.java:askForVotes(306)) - b4543bad-81d3-4f1d-9fc6-5e97dcd2d8eb@group-B437493561CC-LeaderElection2 ELECTION round 0: submit vote requests at term 1 for -1: [b4543bad-81d3-4f1d-9fc6-5e97dcd2d8eb|rpc:10.1.0.29:41129|priority:1], old=null
2022-04-27 10:52:02,994 [b4543bad-81d3-4f1d-9fc6-5e97dcd2d8eb@group-B437493561CC-LeaderElection2] INFO  impl.LeaderElection (LeaderElection.java:askForVotes(308)) - b4543bad-81d3-4f1d-9fc6-5e97dcd2d8eb@group-B437493561CC-LeaderElection2 ELECTION round 0: result PASSED (term=1)
2022-04-27 10:52:02,994 [b4543bad-81d3-4f1d-9fc6-5e97dcd2d8eb@group-B437493561CC-LeaderElection2] INFO  impl.RoleInfo (RoleInfo.java:shutdownLeaderElection(121)) - b4543bad-81d3-4f1d-9fc6-5e97dcd2d8eb: shutdown b4543bad-81d3-4f1d-9fc6-5e97dcd2d8eb@group-B437493561CC-LeaderElection2
2022-04-27 10:52:02,994 [b4543bad-81d3-4f1d-9fc6-5e97dcd2d8eb@group-B437493561CC-LeaderElection2] INFO  server.RaftServer$Division (RaftServerImpl.java:setRole(290)) - b4543bad-81d3-4f1d-9fc6-5e97dcd2d8eb@group-B437493561CC: changes role from CANDIDATE to LEADER at term 1 for changeToLeader
2022-04-27 10:52:02,994 [b4543bad-81d3-4f1d-9fc6-5e97dcd2d8eb@group-B437493561CC-LeaderElection2] INFO  ratis.XceiverServerRatis (XceiverServerRatis.java:handleLeaderChangedNotification(863)) - Leader change notification received for group: group-B437493561CC with new leaderId: b4543bad-81d3-4f1d-9fc6-5e97dcd2d8eb
2022-04-27 10:52:02,994 [b4543bad-81d3-4f1d-9fc6-5e97dcd2d8eb@group-B437493561CC-LeaderElection2] INFO  server.RaftServer$Division (ServerState.java:setLeader(285)) - b4543bad-81d3-4f1d-9fc6-5e97dcd2d8eb@group-B437493561CC: change Leader from null to b4543bad-81d3-4f1d-9fc6-5e97dcd2d8eb at term 1 for becomeLeader, leader elected after 5090ms
2022-04-27 10:52:02,994 [b4543bad-81d3-4f1d-9fc6-5e97dcd2d8eb@group-B437493561CC-LeaderElection2] INFO  server.RaftServerConfigKeys (ConfUtils.java:logGet(44)) - raft.server.staging.catchup.gap = 1000 (default)
2022-04-27 10:52:02,995 [EventQueue-OpenPipelineForHealthyPipelineSafeModeRule] INFO  safemode.SCMSafeModeManager (HealthyPipelineSafeModeRule.java:process(124)) - SCM in safe mode. Healthy pipelines reported count is 0, required healthy pipeline reported count is 1
2022-04-27 10:52:02,995 [b4543bad-81d3-4f1d-9fc6-5e97dcd2d8eb@group-B437493561CC-LeaderElection2] INFO  server.RaftServerConfigKeys (ConfUtils.java:logGet(44)) - raft.server.write.element-limit = 1024 (custom)
2022-04-27 10:52:02,995 [b4543bad-81d3-4f1d-9fc6-5e97dcd2d8eb@group-B437493561CC-LeaderElection2] INFO  server.RaftServerConfigKeys (ConfUtils.java:logGet(44)) - raft.server.write.byte-limit = 1024 M (=1073741824) (custom)
2022-04-27 10:52:02,996 [b4543bad-81d3-4f1d-9fc6-5e97dcd2d8eb@group-B437493561CC-LeaderElection2] INFO  server.RaftServerConfigKeys (ConfUtils.java:logGet(44)) - raft.server.watch.timeout = 10000ms (default)
2022-04-27 10:52:02,996 [b4543bad-81d3-4f1d-9fc6-5e97dcd2d8eb@group-B437493561CC-LeaderElection2] INFO  server.RaftServerConfigKeys (ConfUtils.java:logGet(44)) - raft.server.watch.timeout.denomination = 1s (default)
2022-04-27 10:52:02,996 [b4543bad-81d3-4f1d-9fc6-5e97dcd2d8eb@group-B437493561CC-LeaderElection2] INFO  server.RaftServerConfigKeys (ConfUtils.java:logGet(44)) - raft.server.watch.element-limit = 65536 (default)
2022-04-27 10:52:02,996 [b4543bad-81d3-4f1d-9fc6-5e97dcd2d8eb@group-B437493561CC-LeaderElection2] INFO  server.RaftServerConfigKeys (ConfUtils.java:logGet(44)) - raft.server.write.element-limit = 1024 (custom)
2022-04-27 10:52:02,996 [b4543bad-81d3-4f1d-9fc6-5e97dcd2d8eb@group-B437493561CC-LeaderElection2] INFO  server.RaftServerConfigKeys (ConfUtils.java:logGet(44)) - raft.server.write.follower.gap.ratio.max = -1.0 (default)
2022-04-27 10:52:02,996 [b4543bad-81d3-4f1d-9fc6-5e97dcd2d8eb@group-B437493561CC-LeaderElection2] INFO  impl.RoleInfo (RoleInfo.java:updateAndGet(130)) - b4543bad-81d3-4f1d-9fc6-5e97dcd2d8eb: start b4543bad-81d3-4f1d-9fc6-5e97dcd2d8eb@group-B437493561CC-LeaderStateImpl
2022-04-27 10:52:02,997 [b4543bad-81d3-4f1d-9fc6-5e97dcd2d8eb@group-B437493561CC-LeaderElection2] INFO  segmented.SegmentedRaftLogWorker (SegmentedRaftLogWorker.java:startLogSegment(394)) - b4543bad-81d3-4f1d-9fc6-5e97dcd2d8eb@group-B437493561CC-SegmentedRaftLogWorker: Starting segment from index:0
2022-04-27 10:52:02,999 [b4543bad-81d3-4f1d-9fc6-5e97dcd2d8eb@group-B437493561CC-SegmentedRaftLogWorker] INFO  segmented.SegmentedRaftLogWorker (SegmentedRaftLogWorker.java:execute(601)) - b4543bad-81d3-4f1d-9fc6-5e97dcd2d8eb@group-B437493561CC-SegmentedRaftLogWorker: created new log segment /home/runner/work/ozone/ozone/hadoop-ozone/integration-test/target/test-dir/MiniOzoneClusterImpl-6fb830c9-5413-49cc-a625-6cf41c4e5c97/datanode-0/data/ratis/7b30fe29-44b7-4f18-b2bd-b437493561cc/current/log_inprogress_0
2022-04-27 10:52:03,001 [b4543bad-81d3-4f1d-9fc6-5e97dcd2d8eb@group-B437493561CC-LeaderElection2] INFO  server.RaftServer$Division (ServerState.java:setRaftConf(387)) - b4543bad-81d3-4f1d-9fc6-5e97dcd2d8eb@group-B437493561CC: set configuration 0: [b4543bad-81d3-4f1d-9fc6-5e97dcd2d8eb|rpc:10.1.0.29:41129|dataStream:|priority:1], old=null
2022-04-27 10:52:03,003 [b4543bad-81d3-4f1d-9fc6-5e97dcd2d8eb@group-B437493561CC-StateMachineUpdater] INFO  ratis.ContainerStateMachine (ContainerStateMachine.java:takeSnapshot(304)) - group-B437493561CC: Taking a snapshot at:(t:1, i:0) file /home/runner/work/ozone/ozone/hadoop-ozone/integration-test/target/test-dir/MiniOzoneClusterImpl-6fb830c9-5413-49cc-a625-6cf41c4e5c97/datanode-0/data/ratis/7b30fe29-44b7-4f18-b2bd-b437493561cc/sm/snapshot.1_0
2022-04-27 10:52:03,045 [b4543bad-81d3-4f1d-9fc6-5e97dcd2d8eb@group-B437493561CC-StateMachineUpdater] INFO  ratis.ContainerStateMachine (ContainerStateMachine.java:takeSnapshot(315)) - group-B437493561CC: Finished taking a snapshot at:(t:1, i:0) file:/home/runner/work/ozone/ozone/hadoop-ozone/integration-test/target/test-dir/MiniOzoneClusterImpl-6fb830c9-5413-49cc-a625-6cf41c4e5c97/datanode-0/data/ratis/7b30fe29-44b7-4f18-b2bd-b437493561cc/sm/snapshot.1_0 took: 42 ms
2022-04-27 10:52:03,047 [b4543bad-81d3-4f1d-9fc6-5e97dcd2d8eb@group-B437493561CC-StateMachineUpdater] INFO  impl.StateMachineUpdater (StateMachineUpdater.java:takeSnapshot(281)) - b4543bad-81d3-4f1d-9fc6-5e97dcd2d8eb@group-B437493561CC-StateMachineUpdater: Took a snapshot at index 0
2022-04-27 10:52:03,047 [b4543bad-81d3-4f1d-9fc6-5e97dcd2d8eb@group-B437493561CC-StateMachineUpdater] INFO  impl.StateMachineUpdater (StateMachineUpdater.java:lambda$new$0(89)) - b4543bad-81d3-4f1d-9fc6-5e97dcd2d8eb@group-B437493561CC-StateMachineUpdater: snapshotIndex: updateIncreasingly -1 -> 0
2022-04-27 10:52:03,051 [EventQueue-OpenPipelineForHealthyPipelineSafeModeRule] INFO  safemode.SCMSafeModeManager (HealthyPipelineSafeModeRule.java:process(124)) - SCM in safe mode. Healthy pipelines reported count is 0, required healthy pipeline reported count is 1
2022-04-27 10:52:03,061 [EventQueue-OpenPipelineForHealthyPipelineSafeModeRule] INFO  safemode.SCMSafeModeManager (HealthyPipelineSafeModeRule.java:process(124)) - SCM in safe mode. Healthy pipelines reported count is 0, required healthy pipeline reported count is 1
2022-04-27 10:52:03,079 [EventQueue-OpenPipelineForHealthyPipelineSafeModeRule] INFO  safemode.SCMSafeModeManager (HealthyPipelineSafeModeRule.java:process(124)) - SCM in safe mode. Healthy pipelines reported count is 0, required healthy pipeline reported count is 1
2022-04-27 10:52:03,102 [EventQueue-OpenPipelineForHealthyPipelineSafeModeRule] INFO  safemode.SCMSafeModeManager (HealthyPipelineSafeModeRule.java:process(124)) - SCM in safe mode. Healthy pipelines reported count is 0, required healthy pipeline reported count is 1
2022-04-27 10:52:03,102 [EventQueue-OpenPipelineForHealthyPipelineSafeModeRule] INFO  safemode.SCMSafeModeManager (HealthyPipelineSafeModeRule.java:process(124)) - SCM in safe mode. Healthy pipelines reported count is 0, required healthy pipeline reported count is 1
2022-04-27 10:52:03,121 [EventQueue-OpenPipelineForHealthyPipelineSafeModeRule] INFO  safemode.SCMSafeModeManager (HealthyPipelineSafeModeRule.java:process(124)) - SCM in safe mode. Healthy pipelines reported count is 0, required healthy pipeline reported count is 1
2022-04-27 10:52:03,123 [EventQueue-OpenPipelineForHealthyPipelineSafeModeRule] INFO  safemode.SCMSafeModeManager (HealthyPipelineSafeModeRule.java:process(124)) - SCM in safe mode. Healthy pipelines reported count is 0, required healthy pipeline reported count is 1
2022-04-27 10:52:03,172 [b4543bad-81d3-4f1d-9fc6-5e97dcd2d8eb@group-7308F894FD3A-FollowerState] INFO  impl.FollowerState (FollowerState.java:run(134)) - b4543bad-81d3-4f1d-9fc6-5e97dcd2d8eb@group-7308F894FD3A-FollowerState: change to CANDIDATE, lastRpcElapsedTime:5198896797ns, electionTimeout:5188ms
2022-04-27 10:52:03,174 [b4543bad-81d3-4f1d-9fc6-5e97dcd2d8eb@group-7308F894FD3A-FollowerState] INFO  impl.RoleInfo (RoleInfo.java:shutdownFollowerState(108)) - b4543bad-81d3-4f1d-9fc6-5e97dcd2d8eb: shutdown b4543bad-81d3-4f1d-9fc6-5e97dcd2d8eb@group-7308F894FD3A-FollowerState
2022-04-27 10:52:03,174 [b4543bad-81d3-4f1d-9fc6-5e97dcd2d8eb@group-7308F894FD3A-FollowerState] INFO  server.RaftServer$Division (RaftServerImpl.java:setRole(290)) - b4543bad-81d3-4f1d-9fc6-5e97dcd2d8eb@group-7308F894FD3A: changes role from  FOLLOWER to CANDIDATE at term 0 for changeToCandidate
2022-04-27 10:52:03,174 [b4543bad-81d3-4f1d-9fc6-5e97dcd2d8eb@group-7308F894FD3A-FollowerState] INFO  server.RaftServerConfigKeys (ConfUtils.java:logGet(44)) - raft.server.leaderelection.pre-vote = false (custom)
2022-04-27 10:52:03,174 [b4543bad-81d3-4f1d-9fc6-5e97dcd2d8eb@group-7308F894FD3A-FollowerState] INFO  impl.RoleInfo (RoleInfo.java:updateAndGet(130)) - b4543bad-81d3-4f1d-9fc6-5e97dcd2d8eb: start b4543bad-81d3-4f1d-9fc6-5e97dcd2d8eb@group-7308F894FD3A-LeaderElection3
2022-04-27 10:52:03,177 [b4543bad-81d3-4f1d-9fc6-5e97dcd2d8eb@group-7308F894FD3A-LeaderElection3] INFO  impl.LeaderElection (LeaderElection.java:askForVotes(306)) - b4543bad-81d3-4f1d-9fc6-5e97dcd2d8eb@group-7308F894FD3A-LeaderElection3 ELECTION round 0: submit vote requests at term 1 for -1: [5305b34f-83d0-4be9-8032-f631ee150b78|rpc:10.1.0.29:34741|priority:0, b4543bad-81d3-4f1d-9fc6-5e97dcd2d8eb|rpc:10.1.0.29:41129|priority:0, fb1b2524-5f72-4172-b06b-98bf8bab58d7|rpc:10.1.0.29:34621|priority:1], old=null
2022-04-27 10:52:03,197 [EventQueue-OpenPipelineForHealthyPipelineSafeModeRule] INFO  safemode.SCMSafeModeManager (HealthyPipelineSafeModeRule.java:process(124)) - SCM in safe mode. Healthy pipelines reported count is 0, required healthy pipeline reported count is 1
2022-04-27 10:52:03,209 [grpc-default-executor-0] INFO  server.RaftServer$Division (RaftServerImpl.java:requestVote(1046)) - 5305b34f-83d0-4be9-8032-f631ee150b78@group-7308F894FD3A: receive requestVote(ELECTION, b4543bad-81d3-4f1d-9fc6-5e97dcd2d8eb, group-7308F894FD3A, 1, (t:0, i:0))
2022-04-27 10:52:03,211 [grpc-default-executor-0] INFO  impl.VoteContext (VoteContext.java:log(48)) - 5305b34f-83d0-4be9-8032-f631ee150b78@group-7308F894FD3A-FOLLOWER: accept ELECTION from b4543bad-81d3-4f1d-9fc6-5e97dcd2d8eb: our priority 0 <= candidate's priority 0
2022-04-27 10:52:03,211 [grpc-default-executor-0] INFO  server.RaftServer$Division (RaftServerImpl.java:setRole(290)) - 5305b34f-83d0-4be9-8032-f631ee150b78@group-7308F894FD3A: changes role from  FOLLOWER to FOLLOWER at term 1 for candidate:b4543bad-81d3-4f1d-9fc6-5e97dcd2d8eb
2022-04-27 10:52:03,211 [grpc-default-executor-0] INFO  impl.RoleInfo (RoleInfo.java:shutdownFollowerState(108)) - 5305b34f-83d0-4be9-8032-f631ee150b78: shutdown 5305b34f-83d0-4be9-8032-f631ee150b78@group-7308F894FD3A-FollowerState
2022-04-27 10:52:03,212 [5305b34f-83d0-4be9-8032-f631ee150b78@group-7308F894FD3A-FollowerState] INFO  impl.FollowerState (FollowerState.java:run(143)) - 5305b34f-83d0-4be9-8032-f631ee150b78@group-7308F894FD3A-FollowerState was interrupted: {}
java.lang.InterruptedException: sleep interrupted
	at java.lang.Thread.sleep(Native Method)
	at java.lang.Thread.sleep(Thread.java:342)
	at java.util.concurrent.TimeUnit.sleep(TimeUnit.java:386)
	at org.apache.ratis.util.TimeDuration.sleep(TimeDuration.java:324)
	at org.apache.ratis.util.TimeDuration.sleep(TimeDuration.java:309)
	at org.apache.ratis.server.impl.FollowerState.run(FollowerState.java:118)
2022-04-27 10:52:03,214 [grpc-default-executor-0] INFO  impl.RoleInfo (RoleInfo.java:updateAndGet(130)) - 5305b34f-83d0-4be9-8032-f631ee150b78: start 5305b34f-83d0-4be9-8032-f631ee150b78@group-7308F894FD3A-FollowerState
2022-04-27 10:52:03,219 [grpc-default-executor-1] INFO  server.RaftServer$Division (RaftServerImpl.java:requestVote(1046)) - fb1b2524-5f72-4172-b06b-98bf8bab58d7@group-7308F894FD3A: receive requestVote(ELECTION, b4543bad-81d3-4f1d-9fc6-5e97dcd2d8eb, group-7308F894FD3A, 1, (t:0, i:0))
2022-04-27 10:52:03,219 [grpc-default-executor-1] INFO  impl.VoteContext (VoteContext.java:log(48)) - fb1b2524-5f72-4172-b06b-98bf8bab58d7@group-7308F894FD3A-FOLLOWER: reject ELECTION from b4543bad-81d3-4f1d-9fc6-5e97dcd2d8eb: our priority 1 > candidate's priority 0
2022-04-27 10:52:03,225 [grpc-default-executor-1] INFO  server.RaftServer$Division (RaftServerImpl.java:setRole(290)) - fb1b2524-5f72-4172-b06b-98bf8bab58d7@group-7308F894FD3A: changes role from  FOLLOWER to FOLLOWER at term 1 for candidate:b4543bad-81d3-4f1d-9fc6-5e97dcd2d8eb
2022-04-27 10:52:03,225 [grpc-default-executor-1] INFO  impl.RoleInfo (RoleInfo.java:shutdownFollowerState(108)) - fb1b2524-5f72-4172-b06b-98bf8bab58d7: shutdown fb1b2524-5f72-4172-b06b-98bf8bab58d7@group-7308F894FD3A-FollowerState
2022-04-27 10:52:03,225 [grpc-default-executor-1] INFO  impl.RoleInfo (RoleInfo.java:updateAndGet(130)) - fb1b2524-5f72-4172-b06b-98bf8bab58d7: start fb1b2524-5f72-4172-b06b-98bf8bab58d7@group-7308F894FD3A-FollowerState
2022-04-27 10:52:03,225 [fb1b2524-5f72-4172-b06b-98bf8bab58d7@group-7308F894FD3A-FollowerState] INFO  impl.FollowerState (FollowerState.java:run(143)) - fb1b2524-5f72-4172-b06b-98bf8bab58d7@group-7308F894FD3A-FollowerState was interrupted: {}
java.lang.InterruptedException: sleep interrupted
	at java.lang.Thread.sleep(Native Method)
	at java.lang.Thread.sleep(Thread.java:342)
	at java.util.concurrent.TimeUnit.sleep(TimeUnit.java:386)
	at org.apache.ratis.util.TimeDuration.sleep(TimeDuration.java:324)
	at org.apache.ratis.util.TimeDuration.sleep(TimeDuration.java:309)
	at org.apache.ratis.server.impl.FollowerState.run(FollowerState.java:118)
2022-04-27 10:52:03,235 [grpc-default-executor-0] INFO  server.RaftServer$Division (RaftServerImpl.java:requestVote(1078)) - 5305b34f-83d0-4be9-8032-f631ee150b78@group-7308F894FD3A replies to ELECTION vote request: b4543bad-81d3-4f1d-9fc6-5e97dcd2d8eb<-5305b34f-83d0-4be9-8032-f631ee150b78#0:OK-t1. Peer's state: 5305b34f-83d0-4be9-8032-f631ee150b78@group-7308F894FD3A:t1, leader=null, voted=b4543bad-81d3-4f1d-9fc6-5e97dcd2d8eb, raftlog=5305b34f-83d0-4be9-8032-f631ee150b78@group-7308F894FD3A-SegmentedRaftLog:OPENED:c-1, conf=-1: [5305b34f-83d0-4be9-8032-f631ee150b78|rpc:10.1.0.29:34741|dataStream:|priority:0, b4543bad-81d3-4f1d-9fc6-5e97dcd2d8eb|rpc:10.1.0.29:41129|dataStream:|priority:0, fb1b2524-5f72-4172-b06b-98bf8bab58d7|rpc:10.1.0.29:34621|dataStream:|priority:1], old=null
2022-04-27 10:52:03,235 [grpc-default-executor-1] INFO  server.RaftServer$Division (RaftServerImpl.java:requestVote(1078)) - fb1b2524-5f72-4172-b06b-98bf8bab58d7@group-7308F894FD3A replies to ELECTION vote request: b4543bad-81d3-4f1d-9fc6-5e97dcd2d8eb<-fb1b2524-5f72-4172-b06b-98bf8bab58d7#0:FAIL-t1. Peer's state: fb1b2524-5f72-4172-b06b-98bf8bab58d7@group-7308F894FD3A:t1, leader=null, voted=null, raftlog=fb1b2524-5f72-4172-b06b-98bf8bab58d7@group-7308F894FD3A-SegmentedRaftLog:OPENED:c-1, conf=-1: [5305b34f-83d0-4be9-8032-f631ee150b78|rpc:10.1.0.29:34741|priority:0, b4543bad-81d3-4f1d-9fc6-5e97dcd2d8eb|rpc:10.1.0.29:41129|priority:0, fb1b2524-5f72-4172-b06b-98bf8bab58d7|rpc:10.1.0.29:34621|priority:1], old=null
2022-04-27 10:52:03,237 [b4543bad-81d3-4f1d-9fc6-5e97dcd2d8eb@group-7308F894FD3A-LeaderElection3] INFO  impl.LeaderElection (LeaderElection.java:logAndReturn(89)) - b4543bad-81d3-4f1d-9fc6-5e97dcd2d8eb@group-7308F894FD3A-LeaderElection3: ELECTION REJECTED received 1 response(s) and 0 exception(s):
2022-04-27 10:52:03,238 [b4543bad-81d3-4f1d-9fc6-5e97dcd2d8eb@group-7308F894FD3A-LeaderElection3] INFO  impl.LeaderElection (LeaderElection.java:logAndReturn(93)) -   Response 0: b4543bad-81d3-4f1d-9fc6-5e97dcd2d8eb<-fb1b2524-5f72-4172-b06b-98bf8bab58d7#0:FAIL-t1
2022-04-27 10:52:03,238 [b4543bad-81d3-4f1d-9fc6-5e97dcd2d8eb@group-7308F894FD3A-LeaderElection3] INFO  impl.LeaderElection (LeaderElection.java:askForVotes(308)) - b4543bad-81d3-4f1d-9fc6-5e97dcd2d8eb@group-7308F894FD3A-LeaderElection3 ELECTION round 0: result REJECTED
2022-04-27 10:52:03,238 [b4543bad-81d3-4f1d-9fc6-5e97dcd2d8eb@group-7308F894FD3A-LeaderElection3] INFO  server.RaftServer$Division (RaftServerImpl.java:setRole(290)) - b4543bad-81d3-4f1d-9fc6-5e97dcd2d8eb@group-7308F894FD3A: changes role from CANDIDATE to FOLLOWER at term 1 for REJECTED
2022-04-27 10:52:03,238 [b4543bad-81d3-4f1d-9fc6-5e97dcd2d8eb@group-7308F894FD3A-LeaderElection3] INFO  impl.RoleInfo (RoleInfo.java:shutdownLeaderElection(121)) - b4543bad-81d3-4f1d-9fc6-5e97dcd2d8eb: shutdown b4543bad-81d3-4f1d-9fc6-5e97dcd2d8eb@group-7308F894FD3A-LeaderElection3
2022-04-27 10:52:03,239 [b4543bad-81d3-4f1d-9fc6-5e97dcd2d8eb@group-7308F894FD3A-LeaderElection3] INFO  impl.RoleInfo (RoleInfo.java:updateAndGet(130)) - b4543bad-81d3-4f1d-9fc6-5e97dcd2d8eb: start b4543bad-81d3-4f1d-9fc6-5e97dcd2d8eb@group-7308F894FD3A-FollowerState
2022-04-27 10:52:03,251 [EventQueue-OpenPipelineForHealthyPipelineSafeModeRule] INFO  safemode.SCMSafeModeManager (HealthyPipelineSafeModeRule.java:process(124)) - SCM in safe mode. Healthy pipelines reported count is 0, required healthy pipeline reported count is 1
2022-04-27 10:52:03,261 [EventQueue-OpenPipelineForHealthyPipelineSafeModeRule] INFO  safemode.SCMSafeModeManager (HealthyPipelineSafeModeRule.java:process(124)) - SCM in safe mode. Healthy pipelines reported count is 0, required healthy pipeline reported count is 1
2022-04-27 10:52:03,279 [EventQueue-OpenPipelineForHealthyPipelineSafeModeRule] INFO  safemode.SCMSafeModeManager (HealthyPipelineSafeModeRule.java:process(124)) - SCM in safe mode. Healthy pipelines reported count is 0, required healthy pipeline reported count is 1
2022-04-27 10:52:03,290 [EventQueue-OpenPipelineForHealthyPipelineSafeModeRule] INFO  safemode.SCMSafeModeManager (HealthyPipelineSafeModeRule.java:process(124)) - SCM in safe mode. Healthy pipelines reported count is 0, required healthy pipeline reported count is 1
2022-04-27 10:52:03,302 [EventQueue-OpenPipelineForHealthyPipelineSafeModeRule] INFO  safemode.SCMSafeModeManager (HealthyPipelineSafeModeRule.java:process(124)) - SCM in safe mode. Healthy pipelines reported count is 0, required healthy pipeline reported count is 1
2022-04-27 10:52:03,385 [EventQueue-OpenPipelineForHealthyPipelineSafeModeRule] INFO  safemode.SCMSafeModeManager (HealthyPipelineSafeModeRule.java:process(124)) - SCM in safe mode. Healthy pipelines reported count is 0, required healthy pipeline reported count is 1
2022-04-27 10:52:03,418 [Listener at 127.0.0.1/43313] INFO  ozone.MiniOzoneClusterImpl (MiniOzoneClusterImpl.java:lambda$waitForClusterToBeReady$0(221)) - Nodes are ready. Got 10 of 10 DN Heartbeats.
2022-04-27 10:52:03,418 [Listener at 127.0.0.1/43313] INFO  ozone.MiniOzoneClusterImpl (MiniOzoneClusterImpl.java:lambda$waitForClusterToBeReady$0(224)) - Waiting for cluster to exit safe mode
2022-04-27 10:52:03,418 [Listener at 127.0.0.1/43313] INFO  ozone.MiniOzoneClusterImpl (MiniOzoneClusterImpl.java:lambda$waitForClusterToBeReady$0(226)) - SCM became leader
2022-04-27 10:52:03,438 [fb1b2524-5f72-4172-b06b-98bf8bab58d7@group-41142B8A8BD8-FollowerState] INFO  impl.FollowerState (FollowerState.java:run(134)) - fb1b2524-5f72-4172-b06b-98bf8bab58d7@group-41142B8A8BD8-FollowerState: change to CANDIDATE, lastRpcElapsedTime:5069358696ns, electionTimeout:5054ms
2022-04-27 10:52:03,438 [fb1b2524-5f72-4172-b06b-98bf8bab58d7@group-41142B8A8BD8-FollowerState] INFO  impl.RoleInfo (RoleInfo.java:shutdownFollowerState(108)) - fb1b2524-5f72-4172-b06b-98bf8bab58d7: shutdown fb1b2524-5f72-4172-b06b-98bf8bab58d7@group-41142B8A8BD8-FollowerState
2022-04-27 10:52:03,438 [fb1b2524-5f72-4172-b06b-98bf8bab58d7@group-41142B8A8BD8-FollowerState] INFO  server.RaftServer$Division (RaftServerImpl.java:setRole(290)) - fb1b2524-5f72-4172-b06b-98bf8bab58d7@group-41142B8A8BD8: changes role from  FOLLOWER to CANDIDATE at term 0 for changeToCandidate
2022-04-27 10:52:03,440 [fb1b2524-5f72-4172-b06b-98bf8bab58d7@group-41142B8A8BD8-FollowerState] INFO  server.RaftServerConfigKeys (ConfUtils.java:logGet(44)) - raft.server.leaderelection.pre-vote = false (custom)
2022-04-27 10:52:03,440 [fb1b2524-5f72-4172-b06b-98bf8bab58d7@group-41142B8A8BD8-FollowerState] INFO  impl.RoleInfo (RoleInfo.java:updateAndGet(130)) - fb1b2524-5f72-4172-b06b-98bf8bab58d7: start fb1b2524-5f72-4172-b06b-98bf8bab58d7@group-41142B8A8BD8-LeaderElection4
2022-04-27 10:52:03,443 [fb1b2524-5f72-4172-b06b-98bf8bab58d7@group-41142B8A8BD8-LeaderElection4] INFO  impl.LeaderElection (LeaderElection.java:askForVotes(306)) - fb1b2524-5f72-4172-b06b-98bf8bab58d7@group-41142B8A8BD8-LeaderElection4 ELECTION round 0: submit vote requests at term 1 for -1: [fb1b2524-5f72-4172-b06b-98bf8bab58d7|rpc:10.1.0.29:34621|priority:1], old=null
2022-04-27 10:52:03,444 [fb1b2524-5f72-4172-b06b-98bf8bab58d7@group-41142B8A8BD8-LeaderElection4] INFO  impl.LeaderElection (LeaderElection.java:askForVotes(308)) - fb1b2524-5f72-4172-b06b-98bf8bab58d7@group-41142B8A8BD8-LeaderElection4 ELECTION round 0: result PASSED (term=1)
2022-04-27 10:52:03,444 [fb1b2524-5f72-4172-b06b-98bf8bab58d7@group-41142B8A8BD8-LeaderElection4] INFO  impl.RoleInfo (RoleInfo.java:shutdownLeaderElection(121)) - fb1b2524-5f72-4172-b06b-98bf8bab58d7: shutdown fb1b2524-5f72-4172-b06b-98bf8bab58d7@group-41142B8A8BD8-LeaderElection4
2022-04-27 10:52:03,444 [fb1b2524-5f72-4172-b06b-98bf8bab58d7@group-41142B8A8BD8-LeaderElection4] INFO  server.RaftServer$Division (RaftServerImpl.java:setRole(290)) - fb1b2524-5f72-4172-b06b-98bf8bab58d7@group-41142B8A8BD8: changes role from CANDIDATE to LEADER at term 1 for changeToLeader
2022-04-27 10:52:03,444 [fb1b2524-5f72-4172-b06b-98bf8bab58d7@group-41142B8A8BD8-LeaderElection4] INFO  ratis.XceiverServerRatis (XceiverServerRatis.java:handleLeaderChangedNotification(863)) - Leader change notification received for group: group-41142B8A8BD8 with new leaderId: fb1b2524-5f72-4172-b06b-98bf8bab58d7
2022-04-27 10:52:03,444 [fb1b2524-5f72-4172-b06b-98bf8bab58d7@group-41142B8A8BD8-LeaderElection4] INFO  server.RaftServer$Division (ServerState.java:setLeader(285)) - fb1b2524-5f72-4172-b06b-98bf8bab58d7@group-41142B8A8BD8: change Leader from null to fb1b2524-5f72-4172-b06b-98bf8bab58d7 at term 1 for becomeLeader, leader elected after 5094ms
2022-04-27 10:52:03,444 [fb1b2524-5f72-4172-b06b-98bf8bab58d7@group-41142B8A8BD8-LeaderElection4] INFO  server.RaftServerConfigKeys (ConfUtils.java:logGet(44)) - raft.server.staging.catchup.gap = 1000 (default)
2022-04-27 10:52:03,445 [fb1b2524-5f72-4172-b06b-98bf8bab58d7@group-41142B8A8BD8-LeaderElection4] INFO  server.RaftServerConfigKeys (ConfUtils.java:logGet(44)) - raft.server.write.element-limit = 1024 (custom)
2022-04-27 10:52:03,445 [fb1b2524-5f72-4172-b06b-98bf8bab58d7@group-41142B8A8BD8-LeaderElection4] INFO  server.RaftServerConfigKeys (ConfUtils.java:logGet(44)) - raft.server.write.byte-limit = 1024 M (=1073741824) (custom)
2022-04-27 10:52:03,445 [EventQueue-OpenPipelineForHealthyPipelineSafeModeRule] INFO  safemode.SCMSafeModeManager (HealthyPipelineSafeModeRule.java:process(124)) - SCM in safe mode. Healthy pipelines reported count is 0, required healthy pipeline reported count is 1
2022-04-27 10:52:03,445 [fb1b2524-5f72-4172-b06b-98bf8bab58d7@group-41142B8A8BD8-LeaderElection4] INFO  server.RaftServerConfigKeys (ConfUtils.java:logGet(44)) - raft.server.watch.timeout = 10000ms (default)
2022-04-27 10:52:03,446 [fb1b2524-5f72-4172-b06b-98bf8bab58d7@group-41142B8A8BD8-LeaderElection4] INFO  server.RaftServerConfigKeys (ConfUtils.java:logGet(44)) - raft.server.watch.timeout.denomination = 1s (default)
2022-04-27 10:52:03,446 [fb1b2524-5f72-4172-b06b-98bf8bab58d7@group-41142B8A8BD8-LeaderElection4] INFO  server.RaftServerConfigKeys (ConfUtils.java:logGet(44)) - raft.server.watch.element-limit = 65536 (default)
2022-04-27 10:52:03,446 [fb1b2524-5f72-4172-b06b-98bf8bab58d7@group-41142B8A8BD8-LeaderElection4] INFO  server.RaftServerConfigKeys (ConfUtils.java:logGet(44)) - raft.server.write.element-limit = 1024 (custom)
2022-04-27 10:52:03,446 [fb1b2524-5f72-4172-b06b-98bf8bab58d7@group-41142B8A8BD8-LeaderElection4] INFO  server.RaftServerConfigKeys (ConfUtils.java:logGet(44)) - raft.server.write.follower.gap.ratio.max = -1.0 (default)
2022-04-27 10:52:03,446 [fb1b2524-5f72-4172-b06b-98bf8bab58d7@group-41142B8A8BD8-LeaderElection4] INFO  impl.RoleInfo (RoleInfo.java:updateAndGet(130)) - fb1b2524-5f72-4172-b06b-98bf8bab58d7: start fb1b2524-5f72-4172-b06b-98bf8bab58d7@group-41142B8A8BD8-LeaderStateImpl
2022-04-27 10:52:03,446 [fb1b2524-5f72-4172-b06b-98bf8bab58d7@group-41142B8A8BD8-LeaderElection4] INFO  segmented.SegmentedRaftLogWorker (SegmentedRaftLogWorker.java:startLogSegment(394)) - fb1b2524-5f72-4172-b06b-98bf8bab58d7@group-41142B8A8BD8-SegmentedRaftLogWorker: Starting segment from index:0
2022-04-27 10:52:03,448 [fb1b2524-5f72-4172-b06b-98bf8bab58d7@group-41142B8A8BD8-SegmentedRaftLogWorker] INFO  segmented.SegmentedRaftLogWorker (SegmentedRaftLogWorker.java:execute(601)) - fb1b2524-5f72-4172-b06b-98bf8bab58d7@group-41142B8A8BD8-SegmentedRaftLogWorker: created new log segment /home/runner/work/ozone/ozone/hadoop-ozone/integration-test/target/test-dir/MiniOzoneClusterImpl-6fb830c9-5413-49cc-a625-6cf41c4e5c97/datanode-1/data/ratis/c27f3644-2dbb-48e9-a2dd-41142b8a8bd8/current/log_inprogress_0
2022-04-27 10:52:03,452 [fb1b2524-5f72-4172-b06b-98bf8bab58d7@group-41142B8A8BD8-LeaderElection4] INFO  server.RaftServer$Division (ServerState.java:setRaftConf(387)) - fb1b2524-5f72-4172-b06b-98bf8bab58d7@group-41142B8A8BD8: set configuration 0: [fb1b2524-5f72-4172-b06b-98bf8bab58d7|rpc:10.1.0.29:34621|dataStream:|priority:1], old=null
2022-04-27 10:52:03,453 [fb1b2524-5f72-4172-b06b-98bf8bab58d7@group-41142B8A8BD8-StateMachineUpdater] INFO  ratis.ContainerStateMachine (ContainerStateMachine.java:takeSnapshot(304)) - group-41142B8A8BD8: Taking a snapshot at:(t:1, i:0) file /home/runner/work/ozone/ozone/hadoop-ozone/integration-test/target/test-dir/MiniOzoneClusterImpl-6fb830c9-5413-49cc-a625-6cf41c4e5c97/datanode-1/data/ratis/c27f3644-2dbb-48e9-a2dd-41142b8a8bd8/sm/snapshot.1_0
2022-04-27 10:52:03,454 [fb1b2524-5f72-4172-b06b-98bf8bab58d7@group-41142B8A8BD8-StateMachineUpdater] INFO  ratis.ContainerStateMachine (ContainerStateMachine.java:takeSnapshot(315)) - group-41142B8A8BD8: Finished taking a snapshot at:(t:1, i:0) file:/home/runner/work/ozone/ozone/hadoop-ozone/integration-test/target/test-dir/MiniOzoneClusterImpl-6fb830c9-5413-49cc-a625-6cf41c4e5c97/datanode-1/data/ratis/c27f3644-2dbb-48e9-a2dd-41142b8a8bd8/sm/snapshot.1_0 took: 1 ms
2022-04-27 10:52:03,454 [fb1b2524-5f72-4172-b06b-98bf8bab58d7@group-41142B8A8BD8-StateMachineUpdater] INFO  impl.StateMachineUpdater (StateMachineUpdater.java:takeSnapshot(281)) - fb1b2524-5f72-4172-b06b-98bf8bab58d7@group-41142B8A8BD8-StateMachineUpdater: Took a snapshot at index 0
2022-04-27 10:52:03,455 [fb1b2524-5f72-4172-b06b-98bf8bab58d7@group-41142B8A8BD8-StateMachineUpdater] INFO  impl.StateMachineUpdater (StateMachineUpdater.java:lambda$new$0(89)) - fb1b2524-5f72-4172-b06b-98bf8bab58d7@group-41142B8A8BD8-StateMachineUpdater: snapshotIndex: updateIncreasingly -1 -> 0
2022-04-27 10:52:03,461 [EventQueue-OpenPipelineForHealthyPipelineSafeModeRule] INFO  safemode.SCMSafeModeManager (HealthyPipelineSafeModeRule.java:process(124)) - SCM in safe mode. Healthy pipelines reported count is 0, required healthy pipeline reported count is 1
2022-04-27 10:52:03,479 [EventQueue-OpenPipelineForHealthyPipelineSafeModeRule] INFO  safemode.SCMSafeModeManager (HealthyPipelineSafeModeRule.java:process(124)) - SCM in safe mode. Healthy pipelines reported count is 0, required healthy pipeline reported count is 1
2022-04-27 10:52:03,490 [EventQueue-OpenPipelineForHealthyPipelineSafeModeRule] INFO  safemode.SCMSafeModeManager (HealthyPipelineSafeModeRule.java:process(124)) - SCM in safe mode. Healthy pipelines reported count is 0, required healthy pipeline reported count is 1
2022-04-27 10:52:03,502 [EventQueue-OpenPipelineForHealthyPipelineSafeModeRule] INFO  safemode.SCMSafeModeManager (HealthyPipelineSafeModeRule.java:process(124)) - SCM in safe mode. Healthy pipelines reported count is 0, required healthy pipeline reported count is 1
2022-04-27 10:52:03,520 [EventQueue-OpenPipelineForHealthyPipelineSafeModeRule] INFO  safemode.SCMSafeModeManager (HealthyPipelineSafeModeRule.java:process(124)) - SCM in safe mode. Healthy pipelines reported count is 0, required healthy pipeline reported count is 1
2022-04-27 10:52:03,526 [EventQueue-OpenPipelineForHealthyPipelineSafeModeRule] INFO  safemode.SCMSafeModeManager (HealthyPipelineSafeModeRule.java:process(124)) - SCM in safe mode. Healthy pipelines reported count is 0, required healthy pipeline reported count is 1
2022-04-27 10:52:03,584 [EventQueue-OpenPipelineForHealthyPipelineSafeModeRule] INFO  safemode.SCMSafeModeManager (HealthyPipelineSafeModeRule.java:process(124)) - SCM in safe mode. Healthy pipelines reported count is 0, required healthy pipeline reported count is 1
2022-04-27 10:52:03,595 [EventQueue-OpenPipelineForHealthyPipelineSafeModeRule] INFO  safemode.SCMSafeModeManager (HealthyPipelineSafeModeRule.java:process(124)) - SCM in safe mode. Healthy pipelines reported count is 0, required healthy pipeline reported count is 1
2022-04-27 10:52:03,646 [EventQueue-OpenPipelineForHealthyPipelineSafeModeRule] INFO  safemode.SCMSafeModeManager (HealthyPipelineSafeModeRule.java:process(124)) - SCM in safe mode. Healthy pipelines reported count is 0, required healthy pipeline reported count is 1
2022-04-27 10:52:03,652 [EventQueue-OpenPipelineForHealthyPipelineSafeModeRule] INFO  safemode.SCMSafeModeManager (HealthyPipelineSafeModeRule.java:process(124)) - SCM in safe mode. Healthy pipelines reported count is 0, required healthy pipeline reported count is 1
2022-04-27 10:52:03,679 [EventQueue-OpenPipelineForHealthyPipelineSafeModeRule] INFO  safemode.SCMSafeModeManager (HealthyPipelineSafeModeRule.java:process(124)) - SCM in safe mode. Healthy pipelines reported count is 0, required healthy pipeline reported count is 1
2022-04-27 10:52:03,703 [EventQueue-OpenPipelineForHealthyPipelineSafeModeRule] INFO  safemode.SCMSafeModeManager (HealthyPipelineSafeModeRule.java:process(124)) - SCM in safe mode. Healthy pipelines reported count is 0, required healthy pipeline reported count is 1
2022-04-27 10:52:03,720 [EventQueue-OpenPipelineForHealthyPipelineSafeModeRule] INFO  safemode.SCMSafeModeManager (HealthyPipelineSafeModeRule.java:process(124)) - SCM in safe mode. Healthy pipelines reported count is 0, required healthy pipeline reported count is 1
2022-04-27 10:52:03,815 [5305b34f-83d0-4be9-8032-f631ee150b78@group-21136E7CFE22-FollowerState] INFO  impl.FollowerState (FollowerState.java:run(134)) - 5305b34f-83d0-4be9-8032-f631ee150b78@group-21136E7CFE22-FollowerState: change to CANDIDATE, lastRpcElapsedTime:5063505935ns, electionTimeout:5056ms
2022-04-27 10:52:03,816 [5305b34f-83d0-4be9-8032-f631ee150b78@group-21136E7CFE22-FollowerState] INFO  impl.RoleInfo (RoleInfo.java:shutdownFollowerState(108)) - 5305b34f-83d0-4be9-8032-f631ee150b78: shutdown 5305b34f-83d0-4be9-8032-f631ee150b78@group-21136E7CFE22-FollowerState
2022-04-27 10:52:03,816 [5305b34f-83d0-4be9-8032-f631ee150b78@group-21136E7CFE22-FollowerState] INFO  server.RaftServer$Division (RaftServerImpl.java:setRole(290)) - 5305b34f-83d0-4be9-8032-f631ee150b78@group-21136E7CFE22: changes role from  FOLLOWER to CANDIDATE at term 0 for changeToCandidate
2022-04-27 10:52:03,817 [5305b34f-83d0-4be9-8032-f631ee150b78@group-21136E7CFE22-FollowerState] INFO  server.RaftServerConfigKeys (ConfUtils.java:logGet(44)) - raft.server.leaderelection.pre-vote = false (custom)
2022-04-27 10:52:03,817 [5305b34f-83d0-4be9-8032-f631ee150b78@group-21136E7CFE22-FollowerState] INFO  impl.RoleInfo (RoleInfo.java:updateAndGet(130)) - 5305b34f-83d0-4be9-8032-f631ee150b78: start 5305b34f-83d0-4be9-8032-f631ee150b78@group-21136E7CFE22-LeaderElection5
2022-04-27 10:52:03,821 [5305b34f-83d0-4be9-8032-f631ee150b78@group-21136E7CFE22-LeaderElection5] INFO  impl.LeaderElection (LeaderElection.java:askForVotes(306)) - 5305b34f-83d0-4be9-8032-f631ee150b78@group-21136E7CFE22-LeaderElection5 ELECTION round 0: submit vote requests at term 1 for -1: [5305b34f-83d0-4be9-8032-f631ee150b78|rpc:10.1.0.29:34741|priority:1], old=null
2022-04-27 10:52:03,821 [5305b34f-83d0-4be9-8032-f631ee150b78@group-21136E7CFE22-LeaderElection5] INFO  impl.LeaderElection (LeaderElection.java:askForVotes(308)) - 5305b34f-83d0-4be9-8032-f631ee150b78@group-21136E7CFE22-LeaderElection5 ELECTION round 0: result PASSED (term=1)
2022-04-27 10:52:03,821 [5305b34f-83d0-4be9-8032-f631ee150b78@group-21136E7CFE22-LeaderElection5] INFO  impl.RoleInfo (RoleInfo.java:shutdownLeaderElection(121)) - 5305b34f-83d0-4be9-8032-f631ee150b78: shutdown 5305b34f-83d0-4be9-8032-f631ee150b78@group-21136E7CFE22-LeaderElection5
2022-04-27 10:52:03,821 [5305b34f-83d0-4be9-8032-f631ee150b78@group-21136E7CFE22-LeaderElection5] INFO  server.RaftServer$Division (RaftServerImpl.java:setRole(290)) - 5305b34f-83d0-4be9-8032-f631ee150b78@group-21136E7CFE22: changes role from CANDIDATE to LEADER at term 1 for changeToLeader
2022-04-27 10:52:03,821 [5305b34f-83d0-4be9-8032-f631ee150b78@group-21136E7CFE22-LeaderElection5] INFO  ratis.XceiverServerRatis (XceiverServerRatis.java:handleLeaderChangedNotification(863)) - Leader change notification received for group: group-21136E7CFE22 with new leaderId: 5305b34f-83d0-4be9-8032-f631ee150b78
2022-04-27 10:52:03,821 [5305b34f-83d0-4be9-8032-f631ee150b78@group-21136E7CFE22-LeaderElection5] INFO  server.RaftServer$Division (ServerState.java:setLeader(285)) - 5305b34f-83d0-4be9-8032-f631ee150b78@group-21136E7CFE22: change Leader from null to 5305b34f-83d0-4be9-8032-f631ee150b78 at term 1 for becomeLeader, leader elected after 5102ms
2022-04-27 10:52:03,822 [5305b34f-83d0-4be9-8032-f631ee150b78@group-21136E7CFE22-LeaderElection5] INFO  server.RaftServerConfigKeys (ConfUtils.java:logGet(44)) - raft.server.staging.catchup.gap = 1000 (default)
2022-04-27 10:52:03,822 [5305b34f-83d0-4be9-8032-f631ee150b78@group-21136E7CFE22-LeaderElection5] INFO  server.RaftServerConfigKeys (ConfUtils.java:logGet(44)) - raft.server.write.element-limit = 1024 (custom)
2022-04-27 10:52:03,823 [5305b34f-83d0-4be9-8032-f631ee150b78@group-21136E7CFE22-LeaderElection5] INFO  server.RaftServerConfigKeys (ConfUtils.java:logGet(44)) - raft.server.write.byte-limit = 1024 M (=1073741824) (custom)
2022-04-27 10:52:03,823 [EventQueue-OpenPipelineForHealthyPipelineSafeModeRule] INFO  safemode.SCMSafeModeManager (HealthyPipelineSafeModeRule.java:process(124)) - SCM in safe mode. Healthy pipelines reported count is 0, required healthy pipeline reported count is 1
2022-04-27 10:52:03,823 [5305b34f-83d0-4be9-8032-f631ee150b78@group-21136E7CFE22-LeaderElection5] INFO  server.RaftServerConfigKeys (ConfUtils.java:logGet(44)) - raft.server.watch.timeout = 10000ms (default)
2022-04-27 10:52:03,823 [5305b34f-83d0-4be9-8032-f631ee150b78@group-21136E7CFE22-LeaderElection5] INFO  server.RaftServerConfigKeys (ConfUtils.java:logGet(44)) - raft.server.watch.timeout.denomination = 1s (default)
2022-04-27 10:52:03,823 [5305b34f-83d0-4be9-8032-f631ee150b78@group-21136E7CFE22-LeaderElection5] INFO  server.RaftServerConfigKeys (ConfUtils.java:logGet(44)) - raft.server.watch.element-limit = 65536 (default)
2022-04-27 10:52:03,823 [5305b34f-83d0-4be9-8032-f631ee150b78@group-21136E7CFE22-LeaderElection5] INFO  server.RaftServerConfigKeys (ConfUtils.java:logGet(44)) - raft.server.write.element-limit = 1024 (custom)
2022-04-27 10:52:03,824 [5305b34f-83d0-4be9-8032-f631ee150b78@group-21136E7CFE22-LeaderElection5] INFO  server.RaftServerConfigKeys (ConfUtils.java:logGet(44)) - raft.server.write.follower.gap.ratio.max = -1.0 (default)
2022-04-27 10:52:03,824 [5305b34f-83d0-4be9-8032-f631ee150b78@group-21136E7CFE22-LeaderElection5] INFO  impl.RoleInfo (RoleInfo.java:updateAndGet(130)) - 5305b34f-83d0-4be9-8032-f631ee150b78: start 5305b34f-83d0-4be9-8032-f631ee150b78@group-21136E7CFE22-LeaderStateImpl
2022-04-27 10:52:03,824 [5305b34f-83d0-4be9-8032-f631ee150b78@group-21136E7CFE22-LeaderElection5] INFO  segmented.SegmentedRaftLogWorker (SegmentedRaftLogWorker.java:startLogSegment(394)) - 5305b34f-83d0-4be9-8032-f631ee150b78@group-21136E7CFE22-SegmentedRaftLogWorker: Starting segment from index:0
2022-04-27 10:52:03,828 [5305b34f-83d0-4be9-8032-f631ee150b78@group-21136E7CFE22-LeaderElection5] INFO  server.RaftServer$Division (ServerState.java:setRaftConf(387)) - 5305b34f-83d0-4be9-8032-f631ee150b78@group-21136E7CFE22: set configuration 0: [5305b34f-83d0-4be9-8032-f631ee150b78|rpc:10.1.0.29:34741|dataStream:|priority:1], old=null
2022-04-27 10:52:03,830 [5305b34f-83d0-4be9-8032-f631ee150b78@group-21136E7CFE22-SegmentedRaftLogWorker] INFO  segmented.SegmentedRaftLogWorker (SegmentedRaftLogWorker.java:execute(601)) - 5305b34f-83d0-4be9-8032-f631ee150b78@group-21136E7CFE22-SegmentedRaftLogWorker: created new log segment /home/runner/work/ozone/ozone/hadoop-ozone/integration-test/target/test-dir/MiniOzoneClusterImpl-6fb830c9-5413-49cc-a625-6cf41c4e5c97/datanode-2/data/ratis/e2d981b6-22f8-4a7e-9e1d-21136e7cfe22/current/log_inprogress_0
2022-04-27 10:52:03,832 [5305b34f-83d0-4be9-8032-f631ee150b78@group-21136E7CFE22-StateMachineUpdater] INFO  ratis.ContainerStateMachine (ContainerStateMachine.java:takeSnapshot(304)) - group-21136E7CFE22: Taking a snapshot at:(t:1, i:0) file /home/runner/work/ozone/ozone/hadoop-ozone/integration-test/target/test-dir/MiniOzoneClusterImpl-6fb830c9-5413-49cc-a625-6cf41c4e5c97/datanode-2/data/ratis/e2d981b6-22f8-4a7e-9e1d-21136e7cfe22/sm/snapshot.1_0
2022-04-27 10:52:03,833 [5305b34f-83d0-4be9-8032-f631ee150b78@group-21136E7CFE22-StateMachineUpdater] INFO  ratis.ContainerStateMachine (ContainerStateMachine.java:takeSnapshot(315)) - group-21136E7CFE22: Finished taking a snapshot at:(t:1, i:0) file:/home/runner/work/ozone/ozone/hadoop-ozone/integration-test/target/test-dir/MiniOzoneClusterImpl-6fb830c9-5413-49cc-a625-6cf41c4e5c97/datanode-2/data/ratis/e2d981b6-22f8-4a7e-9e1d-21136e7cfe22/sm/snapshot.1_0 took: 1 ms
2022-04-27 10:52:03,833 [5305b34f-83d0-4be9-8032-f631ee150b78@group-21136E7CFE22-StateMachineUpdater] INFO  impl.StateMachineUpdater (StateMachineUpdater.java:takeSnapshot(281)) - 5305b34f-83d0-4be9-8032-f631ee150b78@group-21136E7CFE22-StateMachineUpdater: Took a snapshot at index 0
2022-04-27 10:52:03,833 [5305b34f-83d0-4be9-8032-f631ee150b78@group-21136E7CFE22-StateMachineUpdater] INFO  impl.StateMachineUpdater (StateMachineUpdater.java:lambda$new$0(89)) - 5305b34f-83d0-4be9-8032-f631ee150b78@group-21136E7CFE22-StateMachineUpdater: snapshotIndex: updateIncreasingly -1 -> 0
2022-04-27 10:52:03,852 [EventQueue-OpenPipelineForHealthyPipelineSafeModeRule] INFO  safemode.SCMSafeModeManager (HealthyPipelineSafeModeRule.java:process(124)) - SCM in safe mode. Healthy pipelines reported count is 0, required healthy pipeline reported count is 1
2022-04-27 10:52:03,861 [EventQueue-OpenPipelineForHealthyPipelineSafeModeRule] INFO  safemode.SCMSafeModeManager (HealthyPipelineSafeModeRule.java:process(124)) - SCM in safe mode. Healthy pipelines reported count is 0, required healthy pipeline reported count is 1
2022-04-27 10:52:03,879 [5305b34f-83d0-4be9-8032-f631ee150b78@group-75AB1B4BA813-FollowerState] INFO  impl.FollowerState (FollowerState.java:run(134)) - 5305b34f-83d0-4be9-8032-f631ee150b78@group-75AB1B4BA813-FollowerState: change to CANDIDATE, lastRpcElapsedTime:5093107021ns, electionTimeout:5092ms
2022-04-27 10:52:03,879 [5305b34f-83d0-4be9-8032-f631ee150b78@group-75AB1B4BA813-FollowerState] INFO  impl.RoleInfo (RoleInfo.java:shutdownFollowerState(108)) - 5305b34f-83d0-4be9-8032-f631ee150b78: shutdown 5305b34f-83d0-4be9-8032-f631ee150b78@group-75AB1B4BA813-FollowerState
2022-04-27 10:52:03,879 [5305b34f-83d0-4be9-8032-f631ee150b78@group-75AB1B4BA813-FollowerState] INFO  server.RaftServer$Division (RaftServerImpl.java:setRole(290)) - 5305b34f-83d0-4be9-8032-f631ee150b78@group-75AB1B4BA813: changes role from  FOLLOWER to CANDIDATE at term 0 for changeToCandidate
2022-04-27 10:52:03,879 [5305b34f-83d0-4be9-8032-f631ee150b78@group-75AB1B4BA813-FollowerState] INFO  server.RaftServerConfigKeys (ConfUtils.java:logGet(44)) - raft.server.leaderelection.pre-vote = false (custom)
2022-04-27 10:52:03,879 [5305b34f-83d0-4be9-8032-f631ee150b78@group-75AB1B4BA813-FollowerState] INFO  impl.RoleInfo (RoleInfo.java:updateAndGet(130)) - 5305b34f-83d0-4be9-8032-f631ee150b78: start 5305b34f-83d0-4be9-8032-f631ee150b78@group-75AB1B4BA813-LeaderElection6
2022-04-27 10:52:03,885 [5305b34f-83d0-4be9-8032-f631ee150b78@group-75AB1B4BA813-LeaderElection6] INFO  impl.LeaderElection (LeaderElection.java:askForVotes(306)) - 5305b34f-83d0-4be9-8032-f631ee150b78@group-75AB1B4BA813-LeaderElection6 ELECTION round 0: submit vote requests at term 1 for -1: [5305b34f-83d0-4be9-8032-f631ee150b78|rpc:10.1.0.29:34741|priority:1, b4543bad-81d3-4f1d-9fc6-5e97dcd2d8eb|rpc:10.1.0.29:41129|priority:0, fb1b2524-5f72-4172-b06b-98bf8bab58d7|rpc:10.1.0.29:34621|priority:0], old=null
2022-04-27 10:52:03,892 [EventQueue-OpenPipelineForHealthyPipelineSafeModeRule] INFO  safemode.SCMSafeModeManager (HealthyPipelineSafeModeRule.java:process(124)) - SCM in safe mode. Healthy pipelines reported count is 0, required healthy pipeline reported count is 1
2022-04-27 10:52:03,897 [grpc-default-executor-0] INFO  server.RaftServer$Division (RaftServerImpl.java:requestVote(1046)) - b4543bad-81d3-4f1d-9fc6-5e97dcd2d8eb@group-75AB1B4BA813: receive requestVote(ELECTION, 5305b34f-83d0-4be9-8032-f631ee150b78, group-75AB1B4BA813, 1, (t:0, i:0))
2022-04-27 10:52:03,898 [grpc-default-executor-0] INFO  impl.VoteContext (VoteContext.java:log(48)) - b4543bad-81d3-4f1d-9fc6-5e97dcd2d8eb@group-75AB1B4BA813-FOLLOWER: accept ELECTION from 5305b34f-83d0-4be9-8032-f631ee150b78: our priority 0 <= candidate's priority 1
2022-04-27 10:52:03,898 [grpc-default-executor-0] INFO  server.RaftServer$Division (RaftServerImpl.java:setRole(290)) - b4543bad-81d3-4f1d-9fc6-5e97dcd2d8eb@group-75AB1B4BA813: changes role from  FOLLOWER to FOLLOWER at term 1 for candidate:5305b34f-83d0-4be9-8032-f631ee150b78
2022-04-27 10:52:03,898 [grpc-default-executor-0] INFO  impl.RoleInfo (RoleInfo.java:shutdownFollowerState(108)) - b4543bad-81d3-4f1d-9fc6-5e97dcd2d8eb: shutdown b4543bad-81d3-4f1d-9fc6-5e97dcd2d8eb@group-75AB1B4BA813-FollowerState
2022-04-27 10:52:03,898 [grpc-default-executor-0] INFO  impl.RoleInfo (RoleInfo.java:updateAndGet(130)) - b4543bad-81d3-4f1d-9fc6-5e97dcd2d8eb: start b4543bad-81d3-4f1d-9fc6-5e97dcd2d8eb@group-75AB1B4BA813-FollowerState
2022-04-27 10:52:03,898 [b4543bad-81d3-4f1d-9fc6-5e97dcd2d8eb@group-75AB1B4BA813-FollowerState] INFO  impl.FollowerState (FollowerState.java:run(143)) - b4543bad-81d3-4f1d-9fc6-5e97dcd2d8eb@group-75AB1B4BA813-FollowerState was interrupted: {}
java.lang.InterruptedException: sleep interrupted
	at java.lang.Thread.sleep(Native Method)
	at java.lang.Thread.sleep(Thread.java:342)
	at java.util.concurrent.TimeUnit.sleep(TimeUnit.java:386)
	at org.apache.ratis.util.TimeDuration.sleep(TimeDuration.java:324)
	at org.apache.ratis.util.TimeDuration.sleep(TimeDuration.java:309)
	at org.apache.ratis.server.impl.FollowerState.run(FollowerState.java:118)
2022-04-27 10:52:03,902 [grpc-default-executor-1] INFO  server.RaftServer$Division (RaftServerImpl.java:requestVote(1046)) - fb1b2524-5f72-4172-b06b-98bf8bab58d7@group-75AB1B4BA813: receive requestVote(ELECTION, 5305b34f-83d0-4be9-8032-f631ee150b78, group-75AB1B4BA813, 1, (t:0, i:0))
2022-04-27 10:52:03,902 [grpc-default-executor-0] INFO  server.RaftServer$Division (RaftServerImpl.java:requestVote(1078)) - b4543bad-81d3-4f1d-9fc6-5e97dcd2d8eb@group-75AB1B4BA813 replies to ELECTION vote request: 5305b34f-83d0-4be9-8032-f631ee150b78<-b4543bad-81d3-4f1d-9fc6-5e97dcd2d8eb#0:OK-t1. Peer's state: b4543bad-81d3-4f1d-9fc6-5e97dcd2d8eb@group-75AB1B4BA813:t1, leader=null, voted=5305b34f-83d0-4be9-8032-f631ee150b78, raftlog=b4543bad-81d3-4f1d-9fc6-5e97dcd2d8eb@group-75AB1B4BA813-SegmentedRaftLog:OPENED:c-1, conf=-1: [5305b34f-83d0-4be9-8032-f631ee150b78|rpc:10.1.0.29:34741|dataStream:|priority:1, b4543bad-81d3-4f1d-9fc6-5e97dcd2d8eb|rpc:10.1.0.29:41129|dataStream:|priority:0, fb1b2524-5f72-4172-b06b-98bf8bab58d7|rpc:10.1.0.29:34621|dataStream:|priority:0], old=null
2022-04-27 10:52:03,903 [grpc-default-executor-1] INFO  impl.VoteContext (VoteContext.java:log(48)) - fb1b2524-5f72-4172-b06b-98bf8bab58d7@group-75AB1B4BA813-FOLLOWER: accept ELECTION from 5305b34f-83d0-4be9-8032-f631ee150b78: our priority 0 <= candidate's priority 1
2022-04-27 10:52:03,903 [grpc-default-executor-1] INFO  server.RaftServer$Division (RaftServerImpl.java:setRole(290)) - fb1b2524-5f72-4172-b06b-98bf8bab58d7@group-75AB1B4BA813: changes role from  FOLLOWER to FOLLOWER at term 1 for candidate:5305b34f-83d0-4be9-8032-f631ee150b78
2022-04-27 10:52:03,903 [grpc-default-executor-1] INFO  impl.RoleInfo (RoleInfo.java:shutdownFollowerState(108)) - fb1b2524-5f72-4172-b06b-98bf8bab58d7: shutdown fb1b2524-5f72-4172-b06b-98bf8bab58d7@group-75AB1B4BA813-FollowerState
2022-04-27 10:52:03,903 [grpc-default-executor-1] INFO  impl.RoleInfo (RoleInfo.java:updateAndGet(130)) - fb1b2524-5f72-4172-b06b-98bf8bab58d7: start fb1b2524-5f72-4172-b06b-98bf8bab58d7@group-75AB1B4BA813-FollowerState
2022-04-27 10:52:03,904 [fb1b2524-5f72-4172-b06b-98bf8bab58d7@group-75AB1B4BA813-FollowerState] INFO  impl.FollowerState (FollowerState.java:run(143)) - fb1b2524-5f72-4172-b06b-98bf8bab58d7@group-75AB1B4BA813-FollowerState was interrupted: {}
java.lang.InterruptedException: sleep interrupted
	at java.lang.Thread.sleep(Native Method)
	at java.lang.Thread.sleep(Thread.java:342)
	at java.util.concurrent.TimeUnit.sleep(TimeUnit.java:386)
	at org.apache.ratis.util.TimeDuration.sleep(TimeDuration.java:324)
	at org.apache.ratis.util.TimeDuration.sleep(TimeDuration.java:309)
	at org.apache.ratis.server.impl.FollowerState.run(FollowerState.java:118)
2022-04-27 10:52:03,913 [grpc-default-executor-1] INFO  server.RaftServer$Division (RaftServerImpl.java:requestVote(1078)) - fb1b2524-5f72-4172-b06b-98bf8bab58d7@group-75AB1B4BA813 replies to ELECTION vote request: 5305b34f-83d0-4be9-8032-f631ee150b78<-fb1b2524-5f72-4172-b06b-98bf8bab58d7#0:OK-t1. Peer's state: fb1b2524-5f72-4172-b06b-98bf8bab58d7@group-75AB1B4BA813:t1, leader=null, voted=5305b34f-83d0-4be9-8032-f631ee150b78, raftlog=fb1b2524-5f72-4172-b06b-98bf8bab58d7@group-75AB1B4BA813-SegmentedRaftLog:OPENED:c-1, conf=-1: [5305b34f-83d0-4be9-8032-f631ee150b78|rpc:10.1.0.29:34741|priority:1, b4543bad-81d3-4f1d-9fc6-5e97dcd2d8eb|rpc:10.1.0.29:41129|priority:0, fb1b2524-5f72-4172-b06b-98bf8bab58d7|rpc:10.1.0.29:34621|priority:0], old=null
2022-04-27 10:52:03,904 [EventQueue-OpenPipelineForHealthyPipelineSafeModeRule] INFO  safemode.SCMSafeModeManager (HealthyPipelineSafeModeRule.java:process(124)) - SCM in safe mode. Healthy pipelines reported count is 0, required healthy pipeline reported count is 1
2022-04-27 10:52:03,913 [5305b34f-83d0-4be9-8032-f631ee150b78@group-75AB1B4BA813-LeaderElection6] INFO  impl.LeaderElection (LeaderElection.java:logAndReturn(89)) - 5305b34f-83d0-4be9-8032-f631ee150b78@group-75AB1B4BA813-LeaderElection6: ELECTION PASSED received 1 response(s) and 0 exception(s):
2022-04-27 10:52:03,914 [5305b34f-83d0-4be9-8032-f631ee150b78@group-75AB1B4BA813-LeaderElection6] INFO  impl.LeaderElection (LeaderElection.java:logAndReturn(93)) -   Response 0: 5305b34f-83d0-4be9-8032-f631ee150b78<-b4543bad-81d3-4f1d-9fc6-5e97dcd2d8eb#0:OK-t1
2022-04-27 10:52:03,914 [5305b34f-83d0-4be9-8032-f631ee150b78@group-75AB1B4BA813-LeaderElection6] INFO  impl.LeaderElection (LeaderElection.java:askForVotes(308)) - 5305b34f-83d0-4be9-8032-f631ee150b78@group-75AB1B4BA813-LeaderElection6 ELECTION round 0: result PASSED
2022-04-27 10:52:03,914 [5305b34f-83d0-4be9-8032-f631ee150b78@group-75AB1B4BA813-LeaderElection6] INFO  impl.RoleInfo (RoleInfo.java:shutdownLeaderElection(121)) - 5305b34f-83d0-4be9-8032-f631ee150b78: shutdown 5305b34f-83d0-4be9-8032-f631ee150b78@group-75AB1B4BA813-LeaderElection6
2022-04-27 10:52:03,915 [5305b34f-83d0-4be9-8032-f631ee150b78@group-75AB1B4BA813-LeaderElection6] INFO  server.RaftServer$Division (RaftServerImpl.java:setRole(290)) - 5305b34f-83d0-4be9-8032-f631ee150b78@group-75AB1B4BA813: changes role from CANDIDATE to LEADER at term 1 for changeToLeader
2022-04-27 10:52:03,915 [5305b34f-83d0-4be9-8032-f631ee150b78@group-75AB1B4BA813-LeaderElection6] INFO  ratis.XceiverServerRatis (XceiverServerRatis.java:handleLeaderChangedNotification(863)) - Leader change notification received for group: group-75AB1B4BA813 with new leaderId: 5305b34f-83d0-4be9-8032-f631ee150b78
2022-04-27 10:52:03,916 [5305b34f-83d0-4be9-8032-f631ee150b78@group-75AB1B4BA813-LeaderElection6] INFO  server.RaftServer$Division (ServerState.java:setLeader(285)) - 5305b34f-83d0-4be9-8032-f631ee150b78@group-75AB1B4BA813: change Leader from null to 5305b34f-83d0-4be9-8032-f631ee150b78 at term 1 for becomeLeader, leader elected after 5139ms
2022-04-27 10:52:03,916 [5305b34f-83d0-4be9-8032-f631ee150b78@group-75AB1B4BA813-LeaderElection6] INFO  server.RaftServerConfigKeys (ConfUtils.java:logGet(44)) - raft.server.staging.catchup.gap = 1000 (default)
2022-04-27 10:52:03,916 [5305b34f-83d0-4be9-8032-f631ee150b78@group-75AB1B4BA813-LeaderElection6] INFO  server.RaftServerConfigKeys (ConfUtils.java:logGet(44)) - raft.server.write.element-limit = 1024 (custom)
2022-04-27 10:52:03,916 [5305b34f-83d0-4be9-8032-f631ee150b78@group-75AB1B4BA813-LeaderElection6] INFO  server.RaftServerConfigKeys (ConfUtils.java:logGet(44)) - raft.server.write.byte-limit = 1024 M (=1073741824) (custom)
2022-04-27 10:52:03,917 [5305b34f-83d0-4be9-8032-f631ee150b78@group-75AB1B4BA813-LeaderElection6] INFO  server.RaftServerConfigKeys (ConfUtils.java:logGet(44)) - raft.server.watch.timeout = 10000ms (default)
2022-04-27 10:52:03,917 [5305b34f-83d0-4be9-8032-f631ee150b78@group-75AB1B4BA813-LeaderElection6] INFO  server.RaftServerConfigKeys (ConfUtils.java:logGet(44)) - raft.server.watch.timeout.denomination = 1s (default)
2022-04-27 10:52:03,917 [5305b34f-83d0-4be9-8032-f631ee150b78@group-75AB1B4BA813-LeaderElection6] INFO  server.RaftServerConfigKeys (ConfUtils.java:logGet(44)) - raft.server.watch.element-limit = 65536 (default)
2022-04-27 10:52:03,917 [EventQueue-PipelineReportForPipelineReportHandler] INFO  pipeline.PipelineManagerImpl (PipelineManagerImpl.java:openPipeline(328)) - Pipeline Pipeline[ Id: 8ca8e877-4856-4220-bb74-75ab1b4ba813, Nodes: 5305b34f-83d0-4be9-8032-f631ee150b78{ip: 10.1.0.29, host: fv-az270-423.tacnzluakwdehk1hpragurqkma.bx.internal.cloudapp.net, ports: [REPLICATION=45903, RATIS=34741, RATIS_ADMIN=34741, RATIS_SERVER=34741, STANDALONE=45233], networkLocation: /default-rack, certSerialId: null, persistedOpState: IN_SERVICE, persistedOpStateExpiryEpochSec: 0}b4543bad-81d3-4f1d-9fc6-5e97dcd2d8eb{ip: 10.1.0.29, host: fv-az270-423.tacnzluakwdehk1hpragurqkma.bx.internal.cloudapp.net, ports: [REPLICATION=41789, RATIS=41129, RATIS_ADMIN=41129, RATIS_SERVER=41129, STANDALONE=36927], networkLocation: /default-rack, certSerialId: null, persistedOpState: IN_SERVICE, persistedOpStateExpiryEpochSec: 0}fb1b2524-5f72-4172-b06b-98bf8bab58d7{ip: 10.1.0.29, host: fv-az270-423.tacnzluakwdehk1hpragurqkma.bx.internal.cloudapp.net, ports: [REPLICATION=34055, RATIS=34621, RATIS_ADMIN=34621, RATIS_SERVER=34621, STANDALONE=35257], networkLocation: /default-rack, certSerialId: null, persistedOpState: IN_SERVICE, persistedOpStateExpiryEpochSec: 0}, ReplicationConfig: RATIS/THREE, State:ALLOCATED, leaderId:5305b34f-83d0-4be9-8032-f631ee150b78, CreationTimestamp2022-04-27T10:51:55.715Z[Etc/UTC]] moved to OPEN state
2022-04-27 10:52:03,917 [5305b34f-83d0-4be9-8032-f631ee150b78@group-75AB1B4BA813-LeaderElection6] INFO  server.RaftServerConfigKeys (ConfUtils.java:logGet(44)) - raft.server.write.element-limit = 1024 (custom)
2022-04-27 10:52:03,917 [5305b34f-83d0-4be9-8032-f631ee150b78@group-75AB1B4BA813-LeaderElection6] INFO  server.RaftServerConfigKeys (ConfUtils.java:logGet(44)) - raft.server.write.follower.gap.ratio.max = -1.0 (default)
2022-04-27 10:52:03,917 [EventQueue-OpenPipelineForHealthyPipelineSafeModeRule] INFO  safemode.SCMSafeModeManager (HealthyPipelineSafeModeRule.java:process(124)) - SCM in safe mode. Healthy pipelines reported count is 0, required healthy pipeline reported count is 1
2022-04-27 10:52:03,918 [EventQueue-OpenPipelineForHealthyPipelineSafeModeRule] INFO  safemode.SCMSafeModeManager (HealthyPipelineSafeModeRule.java:process(124)) - SCM in safe mode. Healthy pipelines reported count is 1, required healthy pipeline reported count is 1
2022-04-27 10:52:03,918 [EventQueue-OpenPipelineForHealthyPipelineSafeModeRule] INFO  safemode.SCMSafeModeManager (SCMSafeModeManager.java:validateSafeModeExitRules(204)) - HealthyPipelineSafeModeRule rule is successfully validated
2022-04-27 10:52:03,918 [EventQueue-OpenPipelineForHealthyPipelineSafeModeRule] INFO  safemode.SCMSafeModeManager (SCMSafeModeManager.java:validateSafeModeExitRules(219)) - ScmSafeModeManager, all rules are successfully validated
2022-04-27 10:52:03,918 [EventQueue-OpenPipelineForHealthyPipelineSafeModeRule] INFO  safemode.SCMSafeModeManager (SCMSafeModeManager.java:exitSafeMode(248)) - SCM exiting safe mode.
2022-04-27 10:52:03,918 [EventQueue-OpenPipelineForHealthyPipelineSafeModeRule] WARN  events.EventQueue (EventQueue.java:fireEvent(194)) - No event handler registered for event TypedEvent{payloadType=SafeModeStatus, name='Safe mode status'}
2022-04-27 10:52:03,919 [EventQueue-OpenPipelineForHealthyPipelineSafeModeRule] INFO  ha.SCMContext (SCMContext.java:updateSafeModeStatus(211)) - Update SafeModeStatus from SafeModeStatus{safeModeStatus=true, preCheckPassed=true} to SafeModeStatus{safeModeStatus=false, preCheckPassed=true}.
2022-04-27 10:52:03,919 [EventQueue-OpenPipelineForHealthyPipelineSafeModeRule] INFO  pipeline.BackgroundPipelineCreator (BackgroundPipelineCreator.java:notifyStatusChanged(250)) - Service BackgroundPipelineCreator transitions to RUNNING.
2022-04-27 10:52:03,920 [EventQueue-OpenPipelineForHealthyPipelineSafeModeRule] INFO  pipeline.BackgroundPipelineScrubber (BackgroundPipelineScrubber.java:notifyStatusChanged(85)) - Service BackgroundPipelineScrubber transitions to RUNNING.
2022-04-27 10:52:03,921 [EventQueue-OpenPipelineForHealthyPipelineSafeModeRule] INFO  container.ReplicationManager (ReplicationManager.java:notifyStatusChanged(1815)) - Service ReplicationManager transitions to RUNNING.
2022-04-27 10:52:03,927 [5305b34f-83d0-4be9-8032-f631ee150b78@group-75AB1B4BA813-LeaderElection6] INFO  server.RaftServerConfigKeys (ConfUtils.java:logGet(44)) - raft.server.log.appender.snapshot.chunk.size.max = 16MB (=16777216) (default)
2022-04-27 10:52:03,927 [5305b34f-83d0-4be9-8032-f631ee150b78@group-75AB1B4BA813-LeaderElection6] INFO  server.RaftServerConfigKeys (ConfUtils.java:logGet(44)) - raft.server.log.appender.buffer.byte-limit = 33554432 (custom)
2022-04-27 10:52:03,928 [5305b34f-83d0-4be9-8032-f631ee150b78@group-75AB1B4BA813-LeaderElection6] INFO  server.RaftServerConfigKeys (ConfUtils.java:logGet(44)) - raft.server.log.appender.buffer.element-limit = 1 (custom)
2022-04-27 10:52:03,930 [5305b34f-83d0-4be9-8032-f631ee150b78@group-75AB1B4BA813-LeaderElection6] INFO  grpc.GrpcConfigKeys (ConfUtils.java:logGet(44)) - raft.grpc.server.leader.outstanding.appends.max = 128 (default)
2022-04-27 10:52:03,930 [5305b34f-83d0-4be9-8032-f631ee150b78@group-75AB1B4BA813-LeaderElection6] INFO  server.RaftServerConfigKeys (ConfUtils.java:logGet(44)) - raft.server.rpc.request.timeout = 3000ms (default)
2022-04-27 10:52:03,931 [5305b34f-83d0-4be9-8032-f631ee150b78@group-75AB1B4BA813-LeaderElection6] INFO  server.RaftServerConfigKeys (ConfUtils.java:logGet(44)) - raft.server.log.appender.install.snapshot.enabled = false (custom)
2022-04-27 10:52:03,938 [5305b34f-83d0-4be9-8032-f631ee150b78@group-75AB1B4BA813-LeaderElection6] INFO  server.RaftServerConfigKeys (ConfUtils.java:logGet(44)) - raft.server.log.appender.snapshot.chunk.size.max = 16MB (=16777216) (default)
2022-04-27 10:52:03,938 [5305b34f-83d0-4be9-8032-f631ee150b78@group-75AB1B4BA813-LeaderElection6] INFO  server.RaftServerConfigKeys (ConfUtils.java:logGet(44)) - raft.server.log.appender.buffer.byte-limit = 33554432 (custom)
2022-04-27 10:52:03,938 [5305b34f-83d0-4be9-8032-f631ee150b78@group-75AB1B4BA813-LeaderElection6] INFO  server.RaftServerConfigKeys (ConfUtils.java:logGet(44)) - raft.server.log.appender.buffer.element-limit = 1 (custom)
2022-04-27 10:52:03,938 [5305b34f-83d0-4be9-8032-f631ee150b78@group-75AB1B4BA813-LeaderElection6] INFO  grpc.GrpcConfigKeys (ConfUtils.java:logGet(44)) - raft.grpc.server.leader.outstanding.appends.max = 128 (default)
2022-04-27 10:52:03,938 [5305b34f-83d0-4be9-8032-f631ee150b78@group-75AB1B4BA813-LeaderElection6] INFO  server.RaftServerConfigKeys (ConfUtils.java:logGet(44)) - raft.server.rpc.request.timeout = 3000ms (default)
2022-04-27 10:52:03,938 [5305b34f-83d0-4be9-8032-f631ee150b78@group-75AB1B4BA813-LeaderElection6] INFO  server.RaftServerConfigKeys (ConfUtils.java:logGet(44)) - raft.server.log.appender.install.snapshot.enabled = false (custom)
2022-04-27 10:52:03,939 [5305b34f-83d0-4be9-8032-f631ee150b78@group-75AB1B4BA813-LeaderElection6] INFO  impl.RoleInfo (RoleInfo.java:updateAndGet(130)) - 5305b34f-83d0-4be9-8032-f631ee150b78: start 5305b34f-83d0-4be9-8032-f631ee150b78@group-75AB1B4BA813-LeaderStateImpl
2022-04-27 10:52:03,940 [5305b34f-83d0-4be9-8032-f631ee150b78@group-75AB1B4BA813-LeaderElection6] INFO  segmented.SegmentedRaftLogWorker (SegmentedRaftLogWorker.java:startLogSegment(394)) - 5305b34f-83d0-4be9-8032-f631ee150b78@group-75AB1B4BA813-SegmentedRaftLogWorker: Starting segment from index:0
2022-04-27 10:52:03,944 [5305b34f-83d0-4be9-8032-f631ee150b78@group-75AB1B4BA813-SegmentedRaftLogWorker] INFO  segmented.SegmentedRaftLogWorker (SegmentedRaftLogWorker.java:execute(601)) - 5305b34f-83d0-4be9-8032-f631ee150b78@group-75AB1B4BA813-SegmentedRaftLogWorker: created new log segment /home/runner/work/ozone/ozone/hadoop-ozone/integration-test/target/test-dir/MiniOzoneClusterImpl-6fb830c9-5413-49cc-a625-6cf41c4e5c97/datanode-2/data/ratis/8ca8e877-4856-4220-bb74-75ab1b4ba813/current/log_inprogress_0
2022-04-27 10:52:03,944 [5305b34f-83d0-4be9-8032-f631ee150b78@group-75AB1B4BA813-LeaderElection6] INFO  server.RaftServer$Division (ServerState.java:setRaftConf(387)) - 5305b34f-83d0-4be9-8032-f631ee150b78@group-75AB1B4BA813: set configuration 0: [5305b34f-83d0-4be9-8032-f631ee150b78|rpc:10.1.0.29:34741|dataStream:|priority:1, b4543bad-81d3-4f1d-9fc6-5e97dcd2d8eb|rpc:10.1.0.29:41129|dataStream:|priority:0, fb1b2524-5f72-4172-b06b-98bf8bab58d7|rpc:10.1.0.29:34621|dataStream:|priority:0], old=null
2022-04-27 10:52:03,954 [5305b34f-83d0-4be9-8032-f631ee150b78@group-75AB1B4BA813-StateMachineUpdater] INFO  ratis.ContainerStateMachine (ContainerStateMachine.java:takeSnapshot(304)) - group-75AB1B4BA813: Taking a snapshot at:(t:1, i:0) file /home/runner/work/ozone/ozone/hadoop-ozone/integration-test/target/test-dir/MiniOzoneClusterImpl-6fb830c9-5413-49cc-a625-6cf41c4e5c97/datanode-2/data/ratis/8ca8e877-4856-4220-bb74-75ab1b4ba813/sm/snapshot.1_0
2022-04-27 10:52:03,955 [5305b34f-83d0-4be9-8032-f631ee150b78@group-75AB1B4BA813-StateMachineUpdater] INFO  ratis.ContainerStateMachine (ContainerStateMachine.java:takeSnapshot(315)) - group-75AB1B4BA813: Finished taking a snapshot at:(t:1, i:0) file:/home/runner/work/ozone/ozone/hadoop-ozone/integration-test/target/test-dir/MiniOzoneClusterImpl-6fb830c9-5413-49cc-a625-6cf41c4e5c97/datanode-2/data/ratis/8ca8e877-4856-4220-bb74-75ab1b4ba813/sm/snapshot.1_0 took: 1 ms
2022-04-27 10:52:03,955 [5305b34f-83d0-4be9-8032-f631ee150b78@group-75AB1B4BA813-StateMachineUpdater] INFO  impl.StateMachineUpdater (StateMachineUpdater.java:takeSnapshot(281)) - 5305b34f-83d0-4be9-8032-f631ee150b78@group-75AB1B4BA813-StateMachineUpdater: Took a snapshot at index 0
2022-04-27 10:52:03,955 [5305b34f-83d0-4be9-8032-f631ee150b78@group-75AB1B4BA813-StateMachineUpdater] INFO  impl.StateMachineUpdater (StateMachineUpdater.java:lambda$new$0(89)) - 5305b34f-83d0-4be9-8032-f631ee150b78@group-75AB1B4BA813-StateMachineUpdater: snapshotIndex: updateIncreasingly -1 -> 0
2022-04-27 10:52:03,971 [grpc-default-executor-1] INFO  ratis.XceiverServerRatis (XceiverServerRatis.java:handleLeaderChangedNotification(863)) - Leader change notification received for group: group-75AB1B4BA813 with new leaderId: 5305b34f-83d0-4be9-8032-f631ee150b78
2022-04-27 10:52:03,971 [grpc-default-executor-1] INFO  server.RaftServer$Division (ServerState.java:setLeader(285)) - fb1b2524-5f72-4172-b06b-98bf8bab58d7@group-75AB1B4BA813: change Leader from null to 5305b34f-83d0-4be9-8032-f631ee150b78 at term 1 for appendEntries, leader elected after 5075ms
2022-04-27 10:52:03,975 [grpc-default-executor-2] INFO  ratis.XceiverServerRatis (XceiverServerRatis.java:handleLeaderChangedNotification(863)) - Leader change notification received for group: group-75AB1B4BA813 with new leaderId: 5305b34f-83d0-4be9-8032-f631ee150b78
2022-04-27 10:52:03,975 [grpc-default-executor-2] INFO  server.RaftServer$Division (ServerState.java:setLeader(285)) - b4543bad-81d3-4f1d-9fc6-5e97dcd2d8eb@group-75AB1B4BA813: change Leader from null to 5305b34f-83d0-4be9-8032-f631ee150b78 at term 1 for appendEntries, leader elected after 5111ms
2022-04-27 10:52:03,980 [grpc-default-executor-1] INFO  server.RaftServer$Division (ServerState.java:setRaftConf(387)) - fb1b2524-5f72-4172-b06b-98bf8bab58d7@group-75AB1B4BA813: set configuration 0: [5305b34f-83d0-4be9-8032-f631ee150b78|rpc:10.1.0.29:34741|dataStream:|priority:1, b4543bad-81d3-4f1d-9fc6-5e97dcd2d8eb|rpc:10.1.0.29:41129|dataStream:|priority:0, fb1b2524-5f72-4172-b06b-98bf8bab58d7|rpc:10.1.0.29:34621|dataStream:|priority:0], old=null
2022-04-27 10:52:03,980 [grpc-default-executor-1] INFO  segmented.SegmentedRaftLogWorker (SegmentedRaftLogWorker.java:startLogSegment(394)) - fb1b2524-5f72-4172-b06b-98bf8bab58d7@group-75AB1B4BA813-SegmentedRaftLogWorker: Starting segment from index:0
2022-04-27 10:52:03,985 [grpc-default-executor-2] INFO  server.RaftServer$Division (ServerState.java:setRaftConf(387)) - b4543bad-81d3-4f1d-9fc6-5e97dcd2d8eb@group-75AB1B4BA813: set configuration 0: [5305b34f-83d0-4be9-8032-f631ee150b78|rpc:10.1.0.29:34741|dataStream:|priority:1, b4543bad-81d3-4f1d-9fc6-5e97dcd2d8eb|rpc:10.1.0.29:41129|dataStream:|priority:0, fb1b2524-5f72-4172-b06b-98bf8bab58d7|rpc:10.1.0.29:34621|dataStream:|priority:0], old=null
2022-04-27 10:52:03,985 [grpc-default-executor-2] INFO  segmented.SegmentedRaftLogWorker (SegmentedRaftLogWorker.java:startLogSegment(394)) - b4543bad-81d3-4f1d-9fc6-5e97dcd2d8eb@group-75AB1B4BA813-SegmentedRaftLogWorker: Starting segment from index:0
2022-04-27 10:52:03,986 [fb1b2524-5f72-4172-b06b-98bf8bab58d7@group-75AB1B4BA813-SegmentedRaftLogWorker] INFO  segmented.SegmentedRaftLogWorker (SegmentedRaftLogWorker.java:execute(601)) - fb1b2524-5f72-4172-b06b-98bf8bab58d7@group-75AB1B4BA813-SegmentedRaftLogWorker: created new log segment /home/runner/work/ozone/ozone/hadoop-ozone/integration-test/target/test-dir/MiniOzoneClusterImpl-6fb830c9-5413-49cc-a625-6cf41c4e5c97/datanode-1/data/ratis/8ca8e877-4856-4220-bb74-75ab1b4ba813/current/log_inprogress_0
2022-04-27 10:52:03,987 [b4543bad-81d3-4f1d-9fc6-5e97dcd2d8eb@group-75AB1B4BA813-SegmentedRaftLogWorker] INFO  segmented.SegmentedRaftLogWorker (SegmentedRaftLogWorker.java:execute(601)) - b4543bad-81d3-4f1d-9fc6-5e97dcd2d8eb@group-75AB1B4BA813-SegmentedRaftLogWorker: created new log segment /home/runner/work/ozone/ozone/hadoop-ozone/integration-test/target/test-dir/MiniOzoneClusterImpl-6fb830c9-5413-49cc-a625-6cf41c4e5c97/datanode-0/data/ratis/8ca8e877-4856-4220-bb74-75ab1b4ba813/current/log_inprogress_0
2022-04-27 10:52:04,000 [fb1b2524-5f72-4172-b06b-98bf8bab58d7@group-75AB1B4BA813-StateMachineUpdater] INFO  ratis.ContainerStateMachine (ContainerStateMachine.java:takeSnapshot(304)) - group-75AB1B4BA813: Taking a snapshot at:(t:1, i:0) file /home/runner/work/ozone/ozone/hadoop-ozone/integration-test/target/test-dir/MiniOzoneClusterImpl-6fb830c9-5413-49cc-a625-6cf41c4e5c97/datanode-1/data/ratis/8ca8e877-4856-4220-bb74-75ab1b4ba813/sm/snapshot.1_0
2022-04-27 10:52:04,001 [fb1b2524-5f72-4172-b06b-98bf8bab58d7@group-75AB1B4BA813-StateMachineUpdater] INFO  ratis.ContainerStateMachine (ContainerStateMachine.java:takeSnapshot(315)) - group-75AB1B4BA813: Finished taking a snapshot at:(t:1, i:0) file:/home/runner/work/ozone/ozone/hadoop-ozone/integration-test/target/test-dir/MiniOzoneClusterImpl-6fb830c9-5413-49cc-a625-6cf41c4e5c97/datanode-1/data/ratis/8ca8e877-4856-4220-bb74-75ab1b4ba813/sm/snapshot.1_0 took: 1 ms
2022-04-27 10:52:04,002 [fb1b2524-5f72-4172-b06b-98bf8bab58d7@group-75AB1B4BA813-StateMachineUpdater] INFO  impl.StateMachineUpdater (StateMachineUpdater.java:takeSnapshot(281)) - fb1b2524-5f72-4172-b06b-98bf8bab58d7@group-75AB1B4BA813-StateMachineUpdater: Took a snapshot at index 0
2022-04-27 10:52:04,002 [fb1b2524-5f72-4172-b06b-98bf8bab58d7@group-75AB1B4BA813-StateMachineUpdater] INFO  impl.StateMachineUpdater (StateMachineUpdater.java:lambda$new$0(89)) - fb1b2524-5f72-4172-b06b-98bf8bab58d7@group-75AB1B4BA813-StateMachineUpdater: snapshotIndex: updateIncreasingly -1 -> 0
2022-04-27 10:52:04,003 [b4543bad-81d3-4f1d-9fc6-5e97dcd2d8eb@group-75AB1B4BA813-StateMachineUpdater] INFO  ratis.ContainerStateMachine (ContainerStateMachine.java:takeSnapshot(304)) - group-75AB1B4BA813: Taking a snapshot at:(t:1, i:0) file /home/runner/work/ozone/ozone/hadoop-ozone/integration-test/target/test-dir/MiniOzoneClusterImpl-6fb830c9-5413-49cc-a625-6cf41c4e5c97/datanode-0/data/ratis/8ca8e877-4856-4220-bb74-75ab1b4ba813/sm/snapshot.1_0
2022-04-27 10:52:04,004 [b4543bad-81d3-4f1d-9fc6-5e97dcd2d8eb@group-75AB1B4BA813-StateMachineUpdater] INFO  ratis.ContainerStateMachine (ContainerStateMachine.java:takeSnapshot(315)) - group-75AB1B4BA813: Finished taking a snapshot at:(t:1, i:0) file:/home/runner/work/ozone/ozone/hadoop-ozone/integration-test/target/test-dir/MiniOzoneClusterImpl-6fb830c9-5413-49cc-a625-6cf41c4e5c97/datanode-0/data/ratis/8ca8e877-4856-4220-bb74-75ab1b4ba813/sm/snapshot.1_0 took: 1 ms
2022-04-27 10:52:04,005 [b4543bad-81d3-4f1d-9fc6-5e97dcd2d8eb@group-75AB1B4BA813-StateMachineUpdater] INFO  impl.StateMachineUpdater (StateMachineUpdater.java:takeSnapshot(281)) - b4543bad-81d3-4f1d-9fc6-5e97dcd2d8eb@group-75AB1B4BA813-StateMachineUpdater: Took a snapshot at index 0
2022-04-27 10:52:04,005 [b4543bad-81d3-4f1d-9fc6-5e97dcd2d8eb@group-75AB1B4BA813-StateMachineUpdater] INFO  impl.StateMachineUpdater (StateMachineUpdater.java:lambda$new$0(89)) - b4543bad-81d3-4f1d-9fc6-5e97dcd2d8eb@group-75AB1B4BA813-StateMachineUpdater: snapshotIndex: updateIncreasingly -1 -> 0
2022-04-27 10:52:04,203 [6f2ed759-dfb9-4419-9191-8597321ac421@group-DFF27B2A1031-FollowerState] INFO  impl.FollowerState (FollowerState.java:run(134)) - 6f2ed759-dfb9-4419-9191-8597321ac421@group-DFF27B2A1031-FollowerState: change to CANDIDATE, lastRpcElapsedTime:5023026871ns, electionTimeout:5019ms
2022-04-27 10:52:04,204 [6f2ed759-dfb9-4419-9191-8597321ac421@group-DFF27B2A1031-FollowerState] INFO  impl.RoleInfo (RoleInfo.java:shutdownFollowerState(108)) - 6f2ed759-dfb9-4419-9191-8597321ac421: shutdown 6f2ed759-dfb9-4419-9191-8597321ac421@group-DFF27B2A1031-FollowerState
2022-04-27 10:52:04,204 [6f2ed759-dfb9-4419-9191-8597321ac421@group-DFF27B2A1031-FollowerState] INFO  server.RaftServer$Division (RaftServerImpl.java:setRole(290)) - 6f2ed759-dfb9-4419-9191-8597321ac421@group-DFF27B2A1031: changes role from  FOLLOWER to CANDIDATE at term 0 for changeToCandidate
2022-04-27 10:52:04,205 [6f2ed759-dfb9-4419-9191-8597321ac421@group-DFF27B2A1031-FollowerState] INFO  server.RaftServerConfigKeys (ConfUtils.java:logGet(44)) - raft.server.leaderelection.pre-vote = false (custom)
2022-04-27 10:52:04,205 [6f2ed759-dfb9-4419-9191-8597321ac421@group-DFF27B2A1031-FollowerState] INFO  impl.RoleInfo (RoleInfo.java:updateAndGet(130)) - 6f2ed759-dfb9-4419-9191-8597321ac421: start 6f2ed759-dfb9-4419-9191-8597321ac421@group-DFF27B2A1031-LeaderElection7
2022-04-27 10:52:04,209 [6f2ed759-dfb9-4419-9191-8597321ac421@group-DFF27B2A1031-LeaderElection7] INFO  impl.LeaderElection (LeaderElection.java:askForVotes(306)) - 6f2ed759-dfb9-4419-9191-8597321ac421@group-DFF27B2A1031-LeaderElection7 ELECTION round 0: submit vote requests at term 1 for -1: [0a06a8c4-9179-4a2e-838b-55c09a430176|rpc:10.1.0.29:39993|priority:0, 5e3f1479-9daf-43cd-8651-224960992f9b|rpc:10.1.0.29:36215|priority:0, 6f2ed759-dfb9-4419-9191-8597321ac421|rpc:10.1.0.29:39501|priority:1], old=null
2022-04-27 10:52:04,218 [grpc-default-executor-1] INFO  server.RaftServer$Division (RaftServerImpl.java:requestVote(1046)) - 0a06a8c4-9179-4a2e-838b-55c09a430176@group-DFF27B2A1031: receive requestVote(ELECTION, 6f2ed759-dfb9-4419-9191-8597321ac421, group-DFF27B2A1031, 1, (t:0, i:0))
2022-04-27 10:52:04,218 [grpc-default-executor-1] INFO  impl.VoteContext (VoteContext.java:log(48)) - 0a06a8c4-9179-4a2e-838b-55c09a430176@group-DFF27B2A1031-FOLLOWER: accept ELECTION from 6f2ed759-dfb9-4419-9191-8597321ac421: our priority 0 <= candidate's priority 1
2022-04-27 10:52:04,219 [grpc-default-executor-1] INFO  server.RaftServer$Division (RaftServerImpl.java:setRole(290)) - 0a06a8c4-9179-4a2e-838b-55c09a430176@group-DFF27B2A1031: changes role from  FOLLOWER to FOLLOWER at term 1 for candidate:6f2ed759-dfb9-4419-9191-8597321ac421
2022-04-27 10:52:04,219 [grpc-default-executor-1] INFO  impl.RoleInfo (RoleInfo.java:shutdownFollowerState(108)) - 0a06a8c4-9179-4a2e-838b-55c09a430176: shutdown 0a06a8c4-9179-4a2e-838b-55c09a430176@group-DFF27B2A1031-FollowerState
2022-04-27 10:52:04,219 [grpc-default-executor-1] INFO  impl.RoleInfo (RoleInfo.java:updateAndGet(130)) - 0a06a8c4-9179-4a2e-838b-55c09a430176: start 0a06a8c4-9179-4a2e-838b-55c09a430176@group-DFF27B2A1031-FollowerState
2022-04-27 10:52:04,219 [0a06a8c4-9179-4a2e-838b-55c09a430176@group-DFF27B2A1031-FollowerState] INFO  impl.FollowerState (FollowerState.java:run(143)) - 0a06a8c4-9179-4a2e-838b-55c09a430176@group-DFF27B2A1031-FollowerState was interrupted: {}
java.lang.InterruptedException: sleep interrupted
	at java.lang.Thread.sleep(Native Method)
	at java.lang.Thread.sleep(Thread.java:342)
	at java.util.concurrent.TimeUnit.sleep(TimeUnit.java:386)
	at org.apache.ratis.util.TimeDuration.sleep(TimeDuration.java:324)
	at org.apache.ratis.util.TimeDuration.sleep(TimeDuration.java:309)
	at org.apache.ratis.server.impl.FollowerState.run(FollowerState.java:118)
2022-04-27 10:52:04,221 [grpc-default-executor-1] INFO  server.RaftServer$Division (RaftServerImpl.java:requestVote(1078)) - 0a06a8c4-9179-4a2e-838b-55c09a430176@group-DFF27B2A1031 replies to ELECTION vote request: 6f2ed759-dfb9-4419-9191-8597321ac421<-0a06a8c4-9179-4a2e-838b-55c09a430176#0:OK-t1. Peer's state: 0a06a8c4-9179-4a2e-838b-55c09a430176@group-DFF27B2A1031:t1, leader=null, voted=6f2ed759-dfb9-4419-9191-8597321ac421, raftlog=0a06a8c4-9179-4a2e-838b-55c09a430176@group-DFF27B2A1031-SegmentedRaftLog:OPENED:c-1, conf=-1: [0a06a8c4-9179-4a2e-838b-55c09a430176|rpc:10.1.0.29:39993|dataStream:|priority:0, 5e3f1479-9daf-43cd-8651-224960992f9b|rpc:10.1.0.29:36215|dataStream:|priority:0, 6f2ed759-dfb9-4419-9191-8597321ac421|rpc:10.1.0.29:39501|dataStream:|priority:1], old=null
2022-04-27 10:52:04,222 [6f2ed759-dfb9-4419-9191-8597321ac421@group-DFF27B2A1031-LeaderElection7] INFO  impl.LeaderElection (LeaderElection.java:logAndReturn(89)) - 6f2ed759-dfb9-4419-9191-8597321ac421@group-DFF27B2A1031-LeaderElection7: ELECTION PASSED received 1 response(s) and 0 exception(s):
2022-04-27 10:52:04,222 [6f2ed759-dfb9-4419-9191-8597321ac421@group-DFF27B2A1031-LeaderElection7] INFO  impl.LeaderElection (LeaderElection.java:logAndReturn(93)) -   Response 0: 6f2ed759-dfb9-4419-9191-8597321ac421<-0a06a8c4-9179-4a2e-838b-55c09a430176#0:OK-t1
2022-04-27 10:52:04,223 [6f2ed759-dfb9-4419-9191-8597321ac421@group-DFF27B2A1031-LeaderElection7] INFO  impl.LeaderElection (LeaderElection.java:askForVotes(308)) - 6f2ed759-dfb9-4419-9191-8597321ac421@group-DFF27B2A1031-LeaderElection7 ELECTION round 0: result PASSED
2022-04-27 10:52:04,223 [6f2ed759-dfb9-4419-9191-8597321ac421@group-DFF27B2A1031-LeaderElection7] INFO  impl.RoleInfo (RoleInfo.java:shutdownLeaderElection(121)) - 6f2ed759-dfb9-4419-9191-8597321ac421: shutdown 6f2ed759-dfb9-4419-9191-8597321ac421@group-DFF27B2A1031-LeaderElection7
2022-04-27 10:52:04,223 [6f2ed759-dfb9-4419-9191-8597321ac421@group-DFF27B2A1031-LeaderElection7] INFO  server.RaftServer$Division (RaftServerImpl.java:setRole(290)) - 6f2ed759-dfb9-4419-9191-8597321ac421@group-DFF27B2A1031: changes role from CANDIDATE to LEADER at term 1 for changeToLeader
2022-04-27 10:52:04,224 [6f2ed759-dfb9-4419-9191-8597321ac421@group-DFF27B2A1031-LeaderElection7] INFO  ratis.XceiverServerRatis (XceiverServerRatis.java:handleLeaderChangedNotification(863)) - Leader change notification received for group: group-DFF27B2A1031 with new leaderId: 6f2ed759-dfb9-4419-9191-8597321ac421
2022-04-27 10:52:04,224 [6f2ed759-dfb9-4419-9191-8597321ac421@group-DFF27B2A1031-LeaderElection7] INFO  server.RaftServer$Division (ServerState.java:setLeader(285)) - 6f2ed759-dfb9-4419-9191-8597321ac421@group-DFF27B2A1031: change Leader from null to 6f2ed759-dfb9-4419-9191-8597321ac421 at term 1 for becomeLeader, leader elected after 5053ms
2022-04-27 10:52:04,224 [6f2ed759-dfb9-4419-9191-8597321ac421@group-DFF27B2A1031-LeaderElection7] INFO  server.RaftServerConfigKeys (ConfUtils.java:logGet(44)) - raft.server.staging.catchup.gap = 1000 (default)
2022-04-27 10:52:04,225 [6f2ed759-dfb9-4419-9191-8597321ac421@group-DFF27B2A1031-LeaderElection7] INFO  server.RaftServerConfigKeys (ConfUtils.java:logGet(44)) - raft.server.write.element-limit = 1024 (custom)
2022-04-27 10:52:04,225 [6f2ed759-dfb9-4419-9191-8597321ac421@group-DFF27B2A1031-LeaderElection7] INFO  server.RaftServerConfigKeys (ConfUtils.java:logGet(44)) - raft.server.write.byte-limit = 1024 M (=1073741824) (custom)
2022-04-27 10:52:04,226 [EventQueue-PipelineReportForPipelineReportHandler] INFO  pipeline.PipelineManagerImpl (PipelineManagerImpl.java:openPipeline(328)) - Pipeline Pipeline[ Id: cf80c735-cb93-438b-a05e-dff27b2a1031, Nodes: 0a06a8c4-9179-4a2e-838b-55c09a430176{ip: 10.1.0.29, host: fv-az270-423.tacnzluakwdehk1hpragurqkma.bx.internal.cloudapp.net, ports: [REPLICATION=38343, RATIS=39993, RATIS_ADMIN=39993, RATIS_SERVER=39993, STANDALONE=39275], networkLocation: /default-rack, certSerialId: null, persistedOpState: IN_SERVICE, persistedOpStateExpiryEpochSec: 0}6f2ed759-dfb9-4419-9191-8597321ac421{ip: 10.1.0.29, host: fv-az270-423.tacnzluakwdehk1hpragurqkma.bx.internal.cloudapp.net, ports: [REPLICATION=41459, RATIS=39501, RATIS_ADMIN=39501, RATIS_SERVER=39501, STANDALONE=44875], networkLocation: /default-rack, certSerialId: null, persistedOpState: IN_SERVICE, persistedOpStateExpiryEpochSec: 0}5e3f1479-9daf-43cd-8651-224960992f9b{ip: 10.1.0.29, host: fv-az270-423.tacnzluakwdehk1hpragurqkma.bx.internal.cloudapp.net, ports: [REPLICATION=39479, RATIS=36215, RATIS_ADMIN=36215, RATIS_SERVER=36215, STANDALONE=43119], networkLocation: /default-rack, certSerialId: null, persistedOpState: IN_SERVICE, persistedOpStateExpiryEpochSec: 0}, ReplicationConfig: RATIS/THREE, State:ALLOCATED, leaderId:6f2ed759-dfb9-4419-9191-8597321ac421, CreationTimestamp2022-04-27T10:51:56.916Z[Etc/UTC]] moved to OPEN state
2022-04-27 10:52:04,236 [6f2ed759-dfb9-4419-9191-8597321ac421@group-DFF27B2A1031-LeaderElection7] INFO  server.RaftServerConfigKeys (ConfUtils.java:logGet(44)) - raft.server.watch.timeout = 10000ms (default)
2022-04-27 10:52:04,236 [6f2ed759-dfb9-4419-9191-8597321ac421@group-DFF27B2A1031-LeaderElection7] INFO  server.RaftServerConfigKeys (ConfUtils.java:logGet(44)) - raft.server.watch.timeout.denomination = 1s (default)
2022-04-27 10:52:04,237 [6f2ed759-dfb9-4419-9191-8597321ac421@group-DFF27B2A1031-LeaderElection7] INFO  server.RaftServerConfigKeys (ConfUtils.java:logGet(44)) - raft.server.watch.element-limit = 65536 (default)
2022-04-27 10:52:04,238 [grpc-default-executor-1] INFO  server.RaftServer$Division (RaftServerImpl.java:requestVote(1046)) - 5e3f1479-9daf-43cd-8651-224960992f9b@group-DFF27B2A1031: receive requestVote(ELECTION, 6f2ed759-dfb9-4419-9191-8597321ac421, group-DFF27B2A1031, 1, (t:0, i:0))
2022-04-27 10:52:04,239 [grpc-default-executor-1] INFO  impl.VoteContext (VoteContext.java:log(48)) - 5e3f1479-9daf-43cd-8651-224960992f9b@group-DFF27B2A1031-FOLLOWER: accept ELECTION from 6f2ed759-dfb9-4419-9191-8597321ac421: our priority 0 <= candidate's priority 1
2022-04-27 10:52:04,239 [grpc-default-executor-1] INFO  server.RaftServer$Division (RaftServerImpl.java:setRole(290)) - 5e3f1479-9daf-43cd-8651-224960992f9b@group-DFF27B2A1031: changes role from  FOLLOWER to FOLLOWER at term 1 for candidate:6f2ed759-dfb9-4419-9191-8597321ac421
2022-04-27 10:52:04,239 [grpc-default-executor-1] INFO  impl.RoleInfo (RoleInfo.java:shutdownFollowerState(108)) - 5e3f1479-9daf-43cd-8651-224960992f9b: shutdown 5e3f1479-9daf-43cd-8651-224960992f9b@group-DFF27B2A1031-FollowerState
2022-04-27 10:52:04,239 [grpc-default-executor-1] INFO  impl.RoleInfo (RoleInfo.java:updateAndGet(130)) - 5e3f1479-9daf-43cd-8651-224960992f9b: start 5e3f1479-9daf-43cd-8651-224960992f9b@group-DFF27B2A1031-FollowerState
2022-04-27 10:52:04,239 [5e3f1479-9daf-43cd-8651-224960992f9b@group-DFF27B2A1031-FollowerState] INFO  impl.FollowerState (FollowerState.java:run(143)) - 5e3f1479-9daf-43cd-8651-224960992f9b@group-DFF27B2A1031-FollowerState was interrupted: {}
java.lang.InterruptedException: sleep interrupted
	at java.lang.Thread.sleep(Native Method)
	at java.lang.Thread.sleep(Thread.java:342)
	at java.util.concurrent.TimeUnit.sleep(TimeUnit.java:386)
	at org.apache.ratis.util.TimeDuration.sleep(TimeDuration.java:324)
	at org.apache.ratis.util.TimeDuration.sleep(TimeDuration.java:309)
	at org.apache.ratis.server.impl.FollowerState.run(FollowerState.java:118)
2022-04-27 10:52:04,240 [6f2ed759-dfb9-4419-9191-8597321ac421@group-DFF27B2A1031-LeaderElection7] INFO  server.RaftServerConfigKeys (ConfUtils.java:logGet(44)) - raft.server.write.element-limit = 1024 (custom)
2022-04-27 10:52:04,240 [6f2ed759-dfb9-4419-9191-8597321ac421@group-DFF27B2A1031-LeaderElection7] INFO  server.RaftServerConfigKeys (ConfUtils.java:logGet(44)) - raft.server.write.follower.gap.ratio.max = -1.0 (default)
2022-04-27 10:52:04,241 [6f2ed759-dfb9-4419-9191-8597321ac421@group-DFF27B2A1031-LeaderElection7] INFO  server.RaftServerConfigKeys (ConfUtils.java:logGet(44)) - raft.server.log.appender.snapshot.chunk.size.max = 16MB (=16777216) (default)
2022-04-27 10:52:04,241 [6f2ed759-dfb9-4419-9191-8597321ac421@group-DFF27B2A1031-LeaderElection7] INFO  server.RaftServerConfigKeys (ConfUtils.java:logGet(44)) - raft.server.log.appender.buffer.byte-limit = 33554432 (custom)
2022-04-27 10:52:04,241 [grpc-default-executor-1] INFO  server.RaftServer$Division (RaftServerImpl.java:requestVote(1078)) - 5e3f1479-9daf-43cd-8651-224960992f9b@group-DFF27B2A1031 replies to ELECTION vote request: 6f2ed759-dfb9-4419-9191-8597321ac421<-5e3f1479-9daf-43cd-8651-224960992f9b#0:OK-t1. Peer's state: 5e3f1479-9daf-43cd-8651-224960992f9b@group-DFF27B2A1031:t1, leader=null, voted=6f2ed759-dfb9-4419-9191-8597321ac421, raftlog=5e3f1479-9daf-43cd-8651-224960992f9b@group-DFF27B2A1031-SegmentedRaftLog:OPENED:c-1, conf=-1: [0a06a8c4-9179-4a2e-838b-55c09a430176|rpc:10.1.0.29:39993|dataStream:|priority:0, 5e3f1479-9daf-43cd-8651-224960992f9b|rpc:10.1.0.29:36215|dataStream:|priority:0, 6f2ed759-dfb9-4419-9191-8597321ac421|rpc:10.1.0.29:39501|dataStream:|priority:1], old=null
2022-04-27 10:52:04,241 [6f2ed759-dfb9-4419-9191-8597321ac421@group-DFF27B2A1031-LeaderElection7] INFO  server.RaftServerConfigKeys (ConfUtils.java:logGet(44)) - raft.server.log.appender.buffer.element-limit = 1 (custom)
2022-04-27 10:52:04,241 [6f2ed759-dfb9-4419-9191-8597321ac421@group-DFF27B2A1031-LeaderElection7] INFO  grpc.GrpcConfigKeys (ConfUtils.java:logGet(44)) - raft.grpc.server.leader.outstanding.appends.max = 128 (default)
2022-04-27 10:52:04,242 [6f2ed759-dfb9-4419-9191-8597321ac421@group-DFF27B2A1031-LeaderElection7] INFO  server.RaftServerConfigKeys (ConfUtils.java:logGet(44)) - raft.server.rpc.request.timeout = 3000ms (default)
2022-04-27 10:52:04,242 [6f2ed759-dfb9-4419-9191-8597321ac421@group-DFF27B2A1031-LeaderElection7] INFO  server.RaftServerConfigKeys (ConfUtils.java:logGet(44)) - raft.server.log.appender.install.snapshot.enabled = false (custom)
2022-04-27 10:52:04,243 [6f2ed759-dfb9-4419-9191-8597321ac421@group-DFF27B2A1031-LeaderElection7] INFO  server.RaftServerConfigKeys (ConfUtils.java:logGet(44)) - raft.server.log.appender.snapshot.chunk.size.max = 16MB (=16777216) (default)
2022-04-27 10:52:04,243 [6f2ed759-dfb9-4419-9191-8597321ac421@group-DFF27B2A1031-LeaderElection7] INFO  server.RaftServerConfigKeys (ConfUtils.java:logGet(44)) - raft.server.log.appender.buffer.byte-limit = 33554432 (custom)
2022-04-27 10:52:04,243 [6f2ed759-dfb9-4419-9191-8597321ac421@group-DFF27B2A1031-LeaderElection7] INFO  server.RaftServerConfigKeys (ConfUtils.java:logGet(44)) - raft.server.log.appender.buffer.element-limit = 1 (custom)
2022-04-27 10:52:04,244 [6f2ed759-dfb9-4419-9191-8597321ac421@group-DFF27B2A1031-LeaderElection7] INFO  grpc.GrpcConfigKeys (ConfUtils.java:logGet(44)) - raft.grpc.server.leader.outstanding.appends.max = 128 (default)
2022-04-27 10:52:04,244 [6f2ed759-dfb9-4419-9191-8597321ac421@group-DFF27B2A1031-LeaderElection7] INFO  server.RaftServerConfigKeys (ConfUtils.java:logGet(44)) - raft.server.rpc.request.timeout = 3000ms (default)
2022-04-27 10:52:04,244 [6f2ed759-dfb9-4419-9191-8597321ac421@group-DFF27B2A1031-LeaderElection7] INFO  server.RaftServerConfigKeys (ConfUtils.java:logGet(44)) - raft.server.log.appender.install.snapshot.enabled = false (custom)
2022-04-27 10:52:04,244 [6f2ed759-dfb9-4419-9191-8597321ac421@group-DFF27B2A1031-LeaderElection7] INFO  impl.RoleInfo (RoleInfo.java:updateAndGet(130)) - 6f2ed759-dfb9-4419-9191-8597321ac421: start 6f2ed759-dfb9-4419-9191-8597321ac421@group-DFF27B2A1031-LeaderStateImpl
2022-04-27 10:52:04,245 [6f2ed759-dfb9-4419-9191-8597321ac421@group-DFF27B2A1031-LeaderElection7] INFO  segmented.SegmentedRaftLogWorker (SegmentedRaftLogWorker.java:startLogSegment(394)) - 6f2ed759-dfb9-4419-9191-8597321ac421@group-DFF27B2A1031-SegmentedRaftLogWorker: Starting segment from index:0
2022-04-27 10:52:04,247 [6f2ed759-dfb9-4419-9191-8597321ac421@group-DFF27B2A1031-SegmentedRaftLogWorker] INFO  segmented.SegmentedRaftLogWorker (SegmentedRaftLogWorker.java:execute(601)) - 6f2ed759-dfb9-4419-9191-8597321ac421@group-DFF27B2A1031-SegmentedRaftLogWorker: created new log segment /home/runner/work/ozone/ozone/hadoop-ozone/integration-test/target/test-dir/MiniOzoneClusterImpl-6fb830c9-5413-49cc-a625-6cf41c4e5c97/datanode-3/data/ratis/cf80c735-cb93-438b-a05e-dff27b2a1031/current/log_inprogress_0
2022-04-27 10:52:04,258 [6f2ed759-dfb9-4419-9191-8597321ac421@group-DFF27B2A1031-LeaderElection7] INFO  server.RaftServer$Division (ServerState.java:setRaftConf(387)) - 6f2ed759-dfb9-4419-9191-8597321ac421@group-DFF27B2A1031: set configuration 0: [0a06a8c4-9179-4a2e-838b-55c09a430176|rpc:10.1.0.29:39993|dataStream:|priority:0, 5e3f1479-9daf-43cd-8651-224960992f9b|rpc:10.1.0.29:36215|dataStream:|priority:0, 6f2ed759-dfb9-4419-9191-8597321ac421|rpc:10.1.0.29:39501|dataStream:|priority:1], old=null
2022-04-27 10:52:04,259 [6f2ed759-dfb9-4419-9191-8597321ac421@group-AC163A07DF08-FollowerState] INFO  impl.FollowerState (FollowerState.java:run(134)) - 6f2ed759-dfb9-4419-9191-8597321ac421@group-AC163A07DF08-FollowerState: change to CANDIDATE, lastRpcElapsedTime:5097236900ns, electionTimeout:5085ms
2022-04-27 10:52:04,261 [6f2ed759-dfb9-4419-9191-8597321ac421@group-AC163A07DF08-FollowerState] INFO  impl.RoleInfo (RoleInfo.java:shutdownFollowerState(108)) - 6f2ed759-dfb9-4419-9191-8597321ac421: shutdown 6f2ed759-dfb9-4419-9191-8597321ac421@group-AC163A07DF08-FollowerState
2022-04-27 10:52:04,261 [6f2ed759-dfb9-4419-9191-8597321ac421@group-AC163A07DF08-FollowerState] INFO  server.RaftServer$Division (RaftServerImpl.java:setRole(290)) - 6f2ed759-dfb9-4419-9191-8597321ac421@group-AC163A07DF08: changes role from  FOLLOWER to CANDIDATE at term 0 for changeToCandidate
2022-04-27 10:52:04,261 [6f2ed759-dfb9-4419-9191-8597321ac421@group-AC163A07DF08-FollowerState] INFO  server.RaftServerConfigKeys (ConfUtils.java:logGet(44)) - raft.server.leaderelection.pre-vote = false (custom)
2022-04-27 10:52:04,261 [6f2ed759-dfb9-4419-9191-8597321ac421@group-AC163A07DF08-FollowerState] INFO  impl.RoleInfo (RoleInfo.java:updateAndGet(130)) - 6f2ed759-dfb9-4419-9191-8597321ac421: start 6f2ed759-dfb9-4419-9191-8597321ac421@group-AC163A07DF08-LeaderElection8
2022-04-27 10:52:04,261 [6f2ed759-dfb9-4419-9191-8597321ac421@group-DFF27B2A1031-StateMachineUpdater] INFO  ratis.ContainerStateMachine (ContainerStateMachine.java:takeSnapshot(304)) - group-DFF27B2A1031: Taking a snapshot at:(t:1, i:0) file /home/runner/work/ozone/ozone/hadoop-ozone/integration-test/target/test-dir/MiniOzoneClusterImpl-6fb830c9-5413-49cc-a625-6cf41c4e5c97/datanode-3/data/ratis/cf80c735-cb93-438b-a05e-dff27b2a1031/sm/snapshot.1_0
2022-04-27 10:52:04,262 [6f2ed759-dfb9-4419-9191-8597321ac421@group-DFF27B2A1031-StateMachineUpdater] INFO  ratis.ContainerStateMachine (ContainerStateMachine.java:takeSnapshot(315)) - group-DFF27B2A1031: Finished taking a snapshot at:(t:1, i:0) file:/home/runner/work/ozone/ozone/hadoop-ozone/integration-test/target/test-dir/MiniOzoneClusterImpl-6fb830c9-5413-49cc-a625-6cf41c4e5c97/datanode-3/data/ratis/cf80c735-cb93-438b-a05e-dff27b2a1031/sm/snapshot.1_0 took: 1 ms
2022-04-27 10:52:04,262 [6f2ed759-dfb9-4419-9191-8597321ac421@group-DFF27B2A1031-StateMachineUpdater] INFO  impl.StateMachineUpdater (StateMachineUpdater.java:takeSnapshot(281)) - 6f2ed759-dfb9-4419-9191-8597321ac421@group-DFF27B2A1031-StateMachineUpdater: Took a snapshot at index 0
2022-04-27 10:52:04,262 [6f2ed759-dfb9-4419-9191-8597321ac421@group-DFF27B2A1031-StateMachineUpdater] INFO  impl.StateMachineUpdater (StateMachineUpdater.java:lambda$new$0(89)) - 6f2ed759-dfb9-4419-9191-8597321ac421@group-DFF27B2A1031-StateMachineUpdater: snapshotIndex: updateIncreasingly -1 -> 0
2022-04-27 10:52:04,264 [grpc-default-executor-1] INFO  ratis.XceiverServerRatis (XceiverServerRatis.java:handleLeaderChangedNotification(863)) - Leader change notification received for group: group-DFF27B2A1031 with new leaderId: 6f2ed759-dfb9-4419-9191-8597321ac421
2022-04-27 10:52:04,264 [grpc-default-executor-1] INFO  server.RaftServer$Division (ServerState.java:setLeader(285)) - 5e3f1479-9daf-43cd-8651-224960992f9b@group-DFF27B2A1031: change Leader from null to 6f2ed759-dfb9-4419-9191-8597321ac421 at term 1 for appendEntries, leader elected after 5016ms
2022-04-27 10:52:04,270 [grpc-default-executor-2] INFO  ratis.XceiverServerRatis (XceiverServerRatis.java:handleLeaderChangedNotification(863)) - Leader change notification received for group: group-DFF27B2A1031 with new leaderId: 6f2ed759-dfb9-4419-9191-8597321ac421
2022-04-27 10:52:04,270 [grpc-default-executor-2] INFO  server.RaftServer$Division (ServerState.java:setLeader(285)) - 0a06a8c4-9179-4a2e-838b-55c09a430176@group-DFF27B2A1031: change Leader from null to 6f2ed759-dfb9-4419-9191-8597321ac421 at term 1 for appendEntries, leader elected after 5058ms
2022-04-27 10:52:04,272 [grpc-default-executor-1] INFO  server.RaftServer$Division (ServerState.java:setRaftConf(387)) - 5e3f1479-9daf-43cd-8651-224960992f9b@group-DFF27B2A1031: set configuration 0: [0a06a8c4-9179-4a2e-838b-55c09a430176|rpc:10.1.0.29:39993|dataStream:|priority:0, 5e3f1479-9daf-43cd-8651-224960992f9b|rpc:10.1.0.29:36215|dataStream:|priority:0, 6f2ed759-dfb9-4419-9191-8597321ac421|rpc:10.1.0.29:39501|dataStream:|priority:1], old=null
2022-04-27 10:52:04,272 [grpc-default-executor-1] INFO  segmented.SegmentedRaftLogWorker (SegmentedRaftLogWorker.java:startLogSegment(394)) - 5e3f1479-9daf-43cd-8651-224960992f9b@group-DFF27B2A1031-SegmentedRaftLogWorker: Starting segment from index:0
2022-04-27 10:52:04,274 [5e3f1479-9daf-43cd-8651-224960992f9b@group-DFF27B2A1031-SegmentedRaftLogWorker] INFO  segmented.SegmentedRaftLogWorker (SegmentedRaftLogWorker.java:execute(601)) - 5e3f1479-9daf-43cd-8651-224960992f9b@group-DFF27B2A1031-SegmentedRaftLogWorker: created new log segment /home/runner/work/ozone/ozone/hadoop-ozone/integration-test/target/test-dir/MiniOzoneClusterImpl-6fb830c9-5413-49cc-a625-6cf41c4e5c97/datanode-5/data/ratis/cf80c735-cb93-438b-a05e-dff27b2a1031/current/log_inprogress_0
2022-04-27 10:52:04,274 [6f2ed759-dfb9-4419-9191-8597321ac421@group-AC163A07DF08-LeaderElection8] INFO  impl.LeaderElection (LeaderElection.java:askForVotes(306)) - 6f2ed759-dfb9-4419-9191-8597321ac421@group-AC163A07DF08-LeaderElection8 ELECTION round 0: submit vote requests at term 1 for -1: [6f2ed759-dfb9-4419-9191-8597321ac421|rpc:10.1.0.29:39501|priority:1], old=null
2022-04-27 10:52:04,274 [6f2ed759-dfb9-4419-9191-8597321ac421@group-AC163A07DF08-LeaderElection8] INFO  impl.LeaderElection (LeaderElection.java:askForVotes(308)) - 6f2ed759-dfb9-4419-9191-8597321ac421@group-AC163A07DF08-LeaderElection8 ELECTION round 0: result PASSED (term=1)
2022-04-27 10:52:04,274 [6f2ed759-dfb9-4419-9191-8597321ac421@group-AC163A07DF08-LeaderElection8] INFO  impl.RoleInfo (RoleInfo.java:shutdownLeaderElection(121)) - 6f2ed759-dfb9-4419-9191-8597321ac421: shutdown 6f2ed759-dfb9-4419-9191-8597321ac421@group-AC163A07DF08-LeaderElection8
2022-04-27 10:52:04,275 [6f2ed759-dfb9-4419-9191-8597321ac421@group-AC163A07DF08-LeaderElection8] INFO  server.RaftServer$Division (RaftServerImpl.java:setRole(290)) - 6f2ed759-dfb9-4419-9191-8597321ac421@group-AC163A07DF08: changes role from CANDIDATE to LEADER at term 1 for changeToLeader
2022-04-27 10:52:04,275 [6f2ed759-dfb9-4419-9191-8597321ac421@group-AC163A07DF08-LeaderElection8] INFO  ratis.XceiverServerRatis (XceiverServerRatis.java:handleLeaderChangedNotification(863)) - Leader change notification received for group: group-AC163A07DF08 with new leaderId: 6f2ed759-dfb9-4419-9191-8597321ac421
2022-04-27 10:52:04,275 [6f2ed759-dfb9-4419-9191-8597321ac421@group-AC163A07DF08-LeaderElection8] INFO  server.RaftServer$Division (ServerState.java:setLeader(285)) - 6f2ed759-dfb9-4419-9191-8597321ac421@group-AC163A07DF08: change Leader from null to 6f2ed759-dfb9-4419-9191-8597321ac421 at term 1 for becomeLeader, leader elected after 5123ms
2022-04-27 10:52:04,275 [6f2ed759-dfb9-4419-9191-8597321ac421@group-AC163A07DF08-LeaderElection8] INFO  server.RaftServerConfigKeys (ConfUtils.java:logGet(44)) - raft.server.staging.catchup.gap = 1000 (default)
2022-04-27 10:52:04,275 [6f2ed759-dfb9-4419-9191-8597321ac421@group-AC163A07DF08-LeaderElection8] INFO  server.RaftServerConfigKeys (ConfUtils.java:logGet(44)) - raft.server.write.element-limit = 1024 (custom)
2022-04-27 10:52:04,275 [6f2ed759-dfb9-4419-9191-8597321ac421@group-AC163A07DF08-LeaderElection8] INFO  server.RaftServerConfigKeys (ConfUtils.java:logGet(44)) - raft.server.write.byte-limit = 1024 M (=1073741824) (custom)
2022-04-27 10:52:04,276 [5e3f1479-9daf-43cd-8651-224960992f9b@group-DFF27B2A1031-StateMachineUpdater] INFO  ratis.ContainerStateMachine (ContainerStateMachine.java:takeSnapshot(304)) - group-DFF27B2A1031: Taking a snapshot at:(t:1, i:0) file /home/runner/work/ozone/ozone/hadoop-ozone/integration-test/target/test-dir/MiniOzoneClusterImpl-6fb830c9-5413-49cc-a625-6cf41c4e5c97/datanode-5/data/ratis/cf80c735-cb93-438b-a05e-dff27b2a1031/sm/snapshot.1_0
2022-04-27 10:52:04,280 [grpc-default-executor-2] INFO  server.RaftServer$Division (ServerState.java:setRaftConf(387)) - 0a06a8c4-9179-4a2e-838b-55c09a430176@group-DFF27B2A1031: set configuration 0: [0a06a8c4-9179-4a2e-838b-55c09a430176|rpc:10.1.0.29:39993|dataStream:|priority:0, 5e3f1479-9daf-43cd-8651-224960992f9b|rpc:10.1.0.29:36215|dataStream:|priority:0, 6f2ed759-dfb9-4419-9191-8597321ac421|rpc:10.1.0.29:39501|dataStream:|priority:1], old=null
2022-04-27 10:52:04,281 [grpc-default-executor-2] INFO  segmented.SegmentedRaftLogWorker (SegmentedRaftLogWorker.java:startLogSegment(394)) - 0a06a8c4-9179-4a2e-838b-55c09a430176@group-DFF27B2A1031-SegmentedRaftLogWorker: Starting segment from index:0
2022-04-27 10:52:04,281 [6f2ed759-dfb9-4419-9191-8597321ac421@group-AC163A07DF08-LeaderElection8] INFO  server.RaftServerConfigKeys (ConfUtils.java:logGet(44)) - raft.server.watch.timeout = 10000ms (default)
2022-04-27 10:52:04,282 [6f2ed759-dfb9-4419-9191-8597321ac421@group-AC163A07DF08-LeaderElection8] INFO  server.RaftServerConfigKeys (ConfUtils.java:logGet(44)) - raft.server.watch.timeout.denomination = 1s (default)
2022-04-27 10:52:04,282 [5e3f1479-9daf-43cd-8651-224960992f9b@group-DFF27B2A1031-StateMachineUpdater] INFO  ratis.ContainerStateMachine (ContainerStateMachine.java:takeSnapshot(315)) - group-DFF27B2A1031: Finished taking a snapshot at:(t:1, i:0) file:/home/runner/work/ozone/ozone/hadoop-ozone/integration-test/target/test-dir/MiniOzoneClusterImpl-6fb830c9-5413-49cc-a625-6cf41c4e5c97/datanode-5/data/ratis/cf80c735-cb93-438b-a05e-dff27b2a1031/sm/snapshot.1_0 took: 6 ms
2022-04-27 10:52:04,282 [5e3f1479-9daf-43cd-8651-224960992f9b@group-DFF27B2A1031-StateMachineUpdater] INFO  impl.StateMachineUpdater (StateMachineUpdater.java:takeSnapshot(281)) - 5e3f1479-9daf-43cd-8651-224960992f9b@group-DFF27B2A1031-StateMachineUpdater: Took a snapshot at index 0
2022-04-27 10:52:04,282 [5e3f1479-9daf-43cd-8651-224960992f9b@group-DFF27B2A1031-StateMachineUpdater] INFO  impl.StateMachineUpdater (StateMachineUpdater.java:lambda$new$0(89)) - 5e3f1479-9daf-43cd-8651-224960992f9b@group-DFF27B2A1031-StateMachineUpdater: snapshotIndex: updateIncreasingly -1 -> 0
2022-04-27 10:52:04,282 [6f2ed759-dfb9-4419-9191-8597321ac421@group-AC163A07DF08-LeaderElection8] INFO  server.RaftServerConfigKeys (ConfUtils.java:logGet(44)) - raft.server.watch.element-limit = 65536 (default)
2022-04-27 10:52:04,283 [6f2ed759-dfb9-4419-9191-8597321ac421@group-AC163A07DF08-LeaderElection8] INFO  server.RaftServerConfigKeys (ConfUtils.java:logGet(44)) - raft.server.write.element-limit = 1024 (custom)
2022-04-27 10:52:04,283 [6f2ed759-dfb9-4419-9191-8597321ac421@group-AC163A07DF08-LeaderElection8] INFO  server.RaftServerConfigKeys (ConfUtils.java:logGet(44)) - raft.server.write.follower.gap.ratio.max = -1.0 (default)
2022-04-27 10:52:04,283 [0a06a8c4-9179-4a2e-838b-55c09a430176@group-DFF27B2A1031-SegmentedRaftLogWorker] INFO  segmented.SegmentedRaftLogWorker (SegmentedRaftLogWorker.java:execute(601)) - 0a06a8c4-9179-4a2e-838b-55c09a430176@group-DFF27B2A1031-SegmentedRaftLogWorker: created new log segment /home/runner/work/ozone/ozone/hadoop-ozone/integration-test/target/test-dir/MiniOzoneClusterImpl-6fb830c9-5413-49cc-a625-6cf41c4e5c97/datanode-4/data/ratis/cf80c735-cb93-438b-a05e-dff27b2a1031/current/log_inprogress_0
2022-04-27 10:52:04,283 [6f2ed759-dfb9-4419-9191-8597321ac421@group-AC163A07DF08-LeaderElection8] INFO  impl.RoleInfo (RoleInfo.java:updateAndGet(130)) - 6f2ed759-dfb9-4419-9191-8597321ac421: start 6f2ed759-dfb9-4419-9191-8597321ac421@group-AC163A07DF08-LeaderStateImpl
2022-04-27 10:52:04,285 [6f2ed759-dfb9-4419-9191-8597321ac421@group-AC163A07DF08-LeaderElection8] INFO  segmented.SegmentedRaftLogWorker (SegmentedRaftLogWorker.java:startLogSegment(394)) - 6f2ed759-dfb9-4419-9191-8597321ac421@group-AC163A07DF08-SegmentedRaftLogWorker: Starting segment from index:0
2022-04-27 10:52:04,286 [6f2ed759-dfb9-4419-9191-8597321ac421@group-AC163A07DF08-SegmentedRaftLogWorker] INFO  segmented.SegmentedRaftLogWorker (SegmentedRaftLogWorker.java:execute(601)) - 6f2ed759-dfb9-4419-9191-8597321ac421@group-AC163A07DF08-SegmentedRaftLogWorker: created new log segment /home/runner/work/ozone/ozone/hadoop-ozone/integration-test/target/test-dir/MiniOzoneClusterImpl-6fb830c9-5413-49cc-a625-6cf41c4e5c97/datanode-3/data/ratis/c27720ca-1e4d-4a71-ba71-ac163a07df08/current/log_inprogress_0
2022-04-27 10:52:04,289 [0a06a8c4-9179-4a2e-838b-55c09a430176@group-DFF27B2A1031-StateMachineUpdater] INFO  ratis.ContainerStateMachine (ContainerStateMachine.java:takeSnapshot(304)) - group-DFF27B2A1031: Taking a snapshot at:(t:1, i:0) file /home/runner/work/ozone/ozone/hadoop-ozone/integration-test/target/test-dir/MiniOzoneClusterImpl-6fb830c9-5413-49cc-a625-6cf41c4e5c97/datanode-4/data/ratis/cf80c735-cb93-438b-a05e-dff27b2a1031/sm/snapshot.1_0
2022-04-27 10:52:04,290 [0a06a8c4-9179-4a2e-838b-55c09a430176@group-DFF27B2A1031-StateMachineUpdater] INFO  ratis.ContainerStateMachine (ContainerStateMachine.java:takeSnapshot(315)) - group-DFF27B2A1031: Finished taking a snapshot at:(t:1, i:0) file:/home/runner/work/ozone/ozone/hadoop-ozone/integration-test/target/test-dir/MiniOzoneClusterImpl-6fb830c9-5413-49cc-a625-6cf41c4e5c97/datanode-4/data/ratis/cf80c735-cb93-438b-a05e-dff27b2a1031/sm/snapshot.1_0 took: 1 ms
2022-04-27 10:52:04,290 [0a06a8c4-9179-4a2e-838b-55c09a430176@group-DFF27B2A1031-StateMachineUpdater] INFO  impl.StateMachineUpdater (StateMachineUpdater.java:takeSnapshot(281)) - 0a06a8c4-9179-4a2e-838b-55c09a430176@group-DFF27B2A1031-StateMachineUpdater: Took a snapshot at index 0
2022-04-27 10:52:04,291 [0a06a8c4-9179-4a2e-838b-55c09a430176@group-DFF27B2A1031-StateMachineUpdater] INFO  impl.StateMachineUpdater (StateMachineUpdater.java:lambda$new$0(89)) - 0a06a8c4-9179-4a2e-838b-55c09a430176@group-DFF27B2A1031-StateMachineUpdater: snapshotIndex: updateIncreasingly -1 -> 0
2022-04-27 10:52:04,300 [6f2ed759-dfb9-4419-9191-8597321ac421@group-AC163A07DF08-LeaderElection8] INFO  server.RaftServer$Division (ServerState.java:setRaftConf(387)) - 6f2ed759-dfb9-4419-9191-8597321ac421@group-AC163A07DF08: set configuration 0: [6f2ed759-dfb9-4419-9191-8597321ac421|rpc:10.1.0.29:39501|dataStream:|priority:1], old=null
2022-04-27 10:52:04,303 [6f2ed759-dfb9-4419-9191-8597321ac421@group-A1352ADA7BC1-FollowerState] INFO  impl.FollowerState (FollowerState.java:run(134)) - 6f2ed759-dfb9-4419-9191-8597321ac421@group-A1352ADA7BC1-FollowerState: change to CANDIDATE, lastRpcElapsedTime:5017756986ns, electionTimeout:5007ms
2022-04-27 10:52:04,303 [6f2ed759-dfb9-4419-9191-8597321ac421@group-A1352ADA7BC1-FollowerState] INFO  impl.RoleInfo (RoleInfo.java:shutdownFollowerState(108)) - 6f2ed759-dfb9-4419-9191-8597321ac421: shutdown 6f2ed759-dfb9-4419-9191-8597321ac421@group-A1352ADA7BC1-FollowerState
2022-04-27 10:52:04,303 [6f2ed759-dfb9-4419-9191-8597321ac421@group-A1352ADA7BC1-FollowerState] INFO  server.RaftServer$Division (RaftServerImpl.java:setRole(290)) - 6f2ed759-dfb9-4419-9191-8597321ac421@group-A1352ADA7BC1: changes role from  FOLLOWER to CANDIDATE at term 0 for changeToCandidate
2022-04-27 10:52:04,303 [6f2ed759-dfb9-4419-9191-8597321ac421@group-A1352ADA7BC1-FollowerState] INFO  server.RaftServerConfigKeys (ConfUtils.java:logGet(44)) - raft.server.leaderelection.pre-vote = false (custom)
2022-04-27 10:52:04,303 [6f2ed759-dfb9-4419-9191-8597321ac421@group-A1352ADA7BC1-FollowerState] INFO  impl.RoleInfo (RoleInfo.java:updateAndGet(130)) - 6f2ed759-dfb9-4419-9191-8597321ac421: start 6f2ed759-dfb9-4419-9191-8597321ac421@group-A1352ADA7BC1-LeaderElection9
2022-04-27 10:52:04,313 [6f2ed759-dfb9-4419-9191-8597321ac421@group-AC163A07DF08-StateMachineUpdater] INFO  ratis.ContainerStateMachine (ContainerStateMachine.java:takeSnapshot(304)) - group-AC163A07DF08: Taking a snapshot at:(t:1, i:0) file /home/runner/work/ozone/ozone/hadoop-ozone/integration-test/target/test-dir/MiniOzoneClusterImpl-6fb830c9-5413-49cc-a625-6cf41c4e5c97/datanode-3/data/ratis/c27720ca-1e4d-4a71-ba71-ac163a07df08/sm/snapshot.1_0
2022-04-27 10:52:04,314 [6f2ed759-dfb9-4419-9191-8597321ac421@group-AC163A07DF08-StateMachineUpdater] INFO  ratis.ContainerStateMachine (ContainerStateMachine.java:takeSnapshot(315)) - group-AC163A07DF08: Finished taking a snapshot at:(t:1, i:0) file:/home/runner/work/ozone/ozone/hadoop-ozone/integration-test/target/test-dir/MiniOzoneClusterImpl-6fb830c9-5413-49cc-a625-6cf41c4e5c97/datanode-3/data/ratis/c27720ca-1e4d-4a71-ba71-ac163a07df08/sm/snapshot.1_0 took: 2 ms
2022-04-27 10:52:04,315 [6f2ed759-dfb9-4419-9191-8597321ac421@group-AC163A07DF08-StateMachineUpdater] INFO  impl.StateMachineUpdater (StateMachineUpdater.java:takeSnapshot(281)) - 6f2ed759-dfb9-4419-9191-8597321ac421@group-AC163A07DF08-StateMachineUpdater: Took a snapshot at index 0
2022-04-27 10:52:04,315 [6f2ed759-dfb9-4419-9191-8597321ac421@group-AC163A07DF08-StateMachineUpdater] INFO  impl.StateMachineUpdater (StateMachineUpdater.java:lambda$new$0(89)) - 6f2ed759-dfb9-4419-9191-8597321ac421@group-AC163A07DF08-StateMachineUpdater: snapshotIndex: updateIncreasingly -1 -> 0
2022-04-27 10:52:04,317 [6f2ed759-dfb9-4419-9191-8597321ac421@group-A1352ADA7BC1-LeaderElection9] INFO  impl.LeaderElection (LeaderElection.java:askForVotes(306)) - 6f2ed759-dfb9-4419-9191-8597321ac421@group-A1352ADA7BC1-LeaderElection9 ELECTION round 0: submit vote requests at term 1 for -1: [0a06a8c4-9179-4a2e-838b-55c09a430176|rpc:10.1.0.29:39993|priority:1, 5e3f1479-9daf-43cd-8651-224960992f9b|rpc:10.1.0.29:36215|priority:0, 6f2ed759-dfb9-4419-9191-8597321ac421|rpc:10.1.0.29:39501|priority:0], old=null
2022-04-27 10:52:04,322 [grpc-default-executor-2] INFO  server.RaftServer$Division (RaftServerImpl.java:requestVote(1046)) - 0a06a8c4-9179-4a2e-838b-55c09a430176@group-A1352ADA7BC1: receive requestVote(ELECTION, 6f2ed759-dfb9-4419-9191-8597321ac421, group-A1352ADA7BC1, 1, (t:0, i:0))
2022-04-27 10:52:04,322 [grpc-default-executor-2] INFO  impl.VoteContext (VoteContext.java:log(48)) - 0a06a8c4-9179-4a2e-838b-55c09a430176@group-A1352ADA7BC1-FOLLOWER: reject ELECTION from 6f2ed759-dfb9-4419-9191-8597321ac421: our priority 1 > candidate's priority 0
2022-04-27 10:52:04,322 [grpc-default-executor-2] INFO  server.RaftServer$Division (RaftServerImpl.java:setRole(290)) - 0a06a8c4-9179-4a2e-838b-55c09a430176@group-A1352ADA7BC1: changes role from  FOLLOWER to FOLLOWER at term 1 for candidate:6f2ed759-dfb9-4419-9191-8597321ac421
2022-04-27 10:52:04,322 [grpc-default-executor-2] INFO  impl.RoleInfo (RoleInfo.java:shutdownFollowerState(108)) - 0a06a8c4-9179-4a2e-838b-55c09a430176: shutdown 0a06a8c4-9179-4a2e-838b-55c09a430176@group-A1352ADA7BC1-FollowerState
2022-04-27 10:52:04,322 [grpc-default-executor-2] INFO  impl.RoleInfo (RoleInfo.java:updateAndGet(130)) - 0a06a8c4-9179-4a2e-838b-55c09a430176: start 0a06a8c4-9179-4a2e-838b-55c09a430176@group-A1352ADA7BC1-FollowerState
2022-04-27 10:52:04,323 [0a06a8c4-9179-4a2e-838b-55c09a430176@group-A1352ADA7BC1-FollowerState] INFO  impl.FollowerState (FollowerState.java:run(143)) - 0a06a8c4-9179-4a2e-838b-55c09a430176@group-A1352ADA7BC1-FollowerState was interrupted: {}
java.lang.InterruptedException: sleep interrupted
	at java.lang.Thread.sleep(Native Method)
	at java.lang.Thread.sleep(Thread.java:342)
	at java.util.concurrent.TimeUnit.sleep(TimeUnit.java:386)
	at org.apache.ratis.util.TimeDuration.sleep(TimeDuration.java:324)
	at org.apache.ratis.util.TimeDuration.sleep(TimeDuration.java:309)
	at org.apache.ratis.server.impl.FollowerState.run(FollowerState.java:118)
2022-04-27 10:52:04,329 [grpc-default-executor-1] INFO  server.RaftServer$Division (RaftServerImpl.java:requestVote(1046)) - 5e3f1479-9daf-43cd-8651-224960992f9b@group-A1352ADA7BC1: receive requestVote(ELECTION, 6f2ed759-dfb9-4419-9191-8597321ac421, group-A1352ADA7BC1, 1, (t:0, i:0))
2022-04-27 10:52:04,330 [grpc-default-executor-1] INFO  impl.VoteContext (VoteContext.java:log(48)) - 5e3f1479-9daf-43cd-8651-224960992f9b@group-A1352ADA7BC1-FOLLOWER: accept ELECTION from 6f2ed759-dfb9-4419-9191-8597321ac421: our priority 0 <= candidate's priority 0
2022-04-27 10:52:04,330 [grpc-default-executor-1] INFO  server.RaftServer$Division (RaftServerImpl.java:setRole(290)) - 5e3f1479-9daf-43cd-8651-224960992f9b@group-A1352ADA7BC1: changes role from  FOLLOWER to FOLLOWER at term 1 for candidate:6f2ed759-dfb9-4419-9191-8597321ac421
2022-04-27 10:52:04,330 [grpc-default-executor-1] INFO  impl.RoleInfo (RoleInfo.java:shutdownFollowerState(108)) - 5e3f1479-9daf-43cd-8651-224960992f9b: shutdown 5e3f1479-9daf-43cd-8651-224960992f9b@group-A1352ADA7BC1-FollowerState
2022-04-27 10:52:04,330 [grpc-default-executor-1] INFO  impl.RoleInfo (RoleInfo.java:updateAndGet(130)) - 5e3f1479-9daf-43cd-8651-224960992f9b: start 5e3f1479-9daf-43cd-8651-224960992f9b@group-A1352ADA7BC1-FollowerState
2022-04-27 10:52:04,330 [5e3f1479-9daf-43cd-8651-224960992f9b@group-A1352ADA7BC1-FollowerState] INFO  impl.FollowerState (FollowerState.java:run(143)) - 5e3f1479-9daf-43cd-8651-224960992f9b@group-A1352ADA7BC1-FollowerState was interrupted: {}
java.lang.InterruptedException: sleep interrupted
	at java.lang.Thread.sleep(Native Method)
	at java.lang.Thread.sleep(Thread.java:342)
	at java.util.concurrent.TimeUnit.sleep(TimeUnit.java:386)
	at org.apache.ratis.util.TimeDuration.sleep(TimeDuration.java:324)
	at org.apache.ratis.util.TimeDuration.sleep(TimeDuration.java:309)
	at org.apache.ratis.server.impl.FollowerState.run(FollowerState.java:118)
2022-04-27 10:52:04,331 [grpc-default-executor-2] INFO  server.RaftServer$Division (RaftServerImpl.java:requestVote(1078)) - 0a06a8c4-9179-4a2e-838b-55c09a430176@group-A1352ADA7BC1 replies to ELECTION vote request: 6f2ed759-dfb9-4419-9191-8597321ac421<-0a06a8c4-9179-4a2e-838b-55c09a430176#0:FAIL-t1. Peer's state: 0a06a8c4-9179-4a2e-838b-55c09a430176@group-A1352ADA7BC1:t1, leader=null, voted=null, raftlog=0a06a8c4-9179-4a2e-838b-55c09a430176@group-A1352ADA7BC1-SegmentedRaftLog:OPENED:c-1, conf=-1: [0a06a8c4-9179-4a2e-838b-55c09a430176|rpc:10.1.0.29:39993|dataStream:|priority:1, 5e3f1479-9daf-43cd-8651-224960992f9b|rpc:10.1.0.29:36215|dataStream:|priority:0, 6f2ed759-dfb9-4419-9191-8597321ac421|rpc:10.1.0.29:39501|dataStream:|priority:0], old=null
2022-04-27 10:52:04,334 [6f2ed759-dfb9-4419-9191-8597321ac421@group-A1352ADA7BC1-LeaderElection9] INFO  impl.LeaderElection (LeaderElection.java:logAndReturn(89)) - 6f2ed759-dfb9-4419-9191-8597321ac421@group-A1352ADA7BC1-LeaderElection9: ELECTION REJECTED received 1 response(s) and 0 exception(s):
2022-04-27 10:52:04,335 [6f2ed759-dfb9-4419-9191-8597321ac421@group-A1352ADA7BC1-LeaderElection9] INFO  impl.LeaderElection (LeaderElection.java:logAndReturn(93)) -   Response 0: 6f2ed759-dfb9-4419-9191-8597321ac421<-0a06a8c4-9179-4a2e-838b-55c09a430176#0:FAIL-t1
2022-04-27 10:52:04,335 [6f2ed759-dfb9-4419-9191-8597321ac421@group-A1352ADA7BC1-LeaderElection9] INFO  impl.LeaderElection (LeaderElection.java:askForVotes(308)) - 6f2ed759-dfb9-4419-9191-8597321ac421@group-A1352ADA7BC1-LeaderElection9 ELECTION round 0: result REJECTED
2022-04-27 10:52:04,335 [6f2ed759-dfb9-4419-9191-8597321ac421@group-A1352ADA7BC1-LeaderElection9] INFO  server.RaftServer$Division (RaftServerImpl.java:setRole(290)) - 6f2ed759-dfb9-4419-9191-8597321ac421@group-A1352ADA7BC1: changes role from CANDIDATE to FOLLOWER at term 1 for REJECTED
2022-04-27 10:52:04,335 [6f2ed759-dfb9-4419-9191-8597321ac421@group-A1352ADA7BC1-LeaderElection9] INFO  impl.RoleInfo (RoleInfo.java:shutdownLeaderElection(121)) - 6f2ed759-dfb9-4419-9191-8597321ac421: shutdown 6f2ed759-dfb9-4419-9191-8597321ac421@group-A1352ADA7BC1-LeaderElection9
2022-04-27 10:52:04,335 [6f2ed759-dfb9-4419-9191-8597321ac421@group-A1352ADA7BC1-LeaderElection9] INFO  impl.RoleInfo (RoleInfo.java:updateAndGet(130)) - 6f2ed759-dfb9-4419-9191-8597321ac421: start 6f2ed759-dfb9-4419-9191-8597321ac421@group-A1352ADA7BC1-FollowerState
2022-04-27 10:52:04,335 [grpc-default-executor-1] INFO  server.RaftServer$Division (RaftServerImpl.java:requestVote(1078)) - 5e3f1479-9daf-43cd-8651-224960992f9b@group-A1352ADA7BC1 replies to ELECTION vote request: 6f2ed759-dfb9-4419-9191-8597321ac421<-5e3f1479-9daf-43cd-8651-224960992f9b#0:OK-t1. Peer's state: 5e3f1479-9daf-43cd-8651-224960992f9b@group-A1352ADA7BC1:t1, leader=null, voted=6f2ed759-dfb9-4419-9191-8597321ac421, raftlog=5e3f1479-9daf-43cd-8651-224960992f9b@group-A1352ADA7BC1-SegmentedRaftLog:OPENED:c-1, conf=-1: [0a06a8c4-9179-4a2e-838b-55c09a430176|rpc:10.1.0.29:39993|dataStream:|priority:1, 5e3f1479-9daf-43cd-8651-224960992f9b|rpc:10.1.0.29:36215|dataStream:|priority:0, 6f2ed759-dfb9-4419-9191-8597321ac421|rpc:10.1.0.29:39501|dataStream:|priority:0], old=null
2022-04-27 10:52:04,418 [Listener at 127.0.0.1/43313] INFO  ozone.MiniOzoneClusterImpl (MiniOzoneClusterImpl.java:lambda$waitForClusterToBeReady$0(221)) - Nodes are ready. Got 10 of 10 DN Heartbeats.
2022-04-27 10:52:04,418 [Listener at 127.0.0.1/43313] INFO  ozone.MiniOzoneClusterImpl (MiniOzoneClusterImpl.java:lambda$waitForClusterToBeReady$0(224)) - Cluster exits safe mode
2022-04-27 10:52:04,419 [Listener at 127.0.0.1/43313] INFO  ozone.MiniOzoneClusterImpl (MiniOzoneClusterImpl.java:lambda$waitForClusterToBeReady$0(226)) - SCM became leader
2022-04-27 10:52:04,535 [0a06a8c4-9179-4a2e-838b-55c09a430176@group-2F55A4FC3E5E-FollowerState] INFO  impl.FollowerState (FollowerState.java:run(134)) - 0a06a8c4-9179-4a2e-838b-55c09a430176@group-2F55A4FC3E5E-FollowerState: change to CANDIDATE, lastRpcElapsedTime:5003501916ns, electionTimeout:5002ms
2022-04-27 10:52:04,536 [0a06a8c4-9179-4a2e-838b-55c09a430176@group-2F55A4FC3E5E-FollowerState] INFO  impl.RoleInfo (RoleInfo.java:shutdownFollowerState(108)) - 0a06a8c4-9179-4a2e-838b-55c09a430176: shutdown 0a06a8c4-9179-4a2e-838b-55c09a430176@group-2F55A4FC3E5E-FollowerState
2022-04-27 10:52:04,536 [0a06a8c4-9179-4a2e-838b-55c09a430176@group-2F55A4FC3E5E-FollowerState] INFO  server.RaftServer$Division (RaftServerImpl.java:setRole(290)) - 0a06a8c4-9179-4a2e-838b-55c09a430176@group-2F55A4FC3E5E: changes role from  FOLLOWER to CANDIDATE at term 0 for changeToCandidate
2022-04-27 10:52:04,537 [0a06a8c4-9179-4a2e-838b-55c09a430176@group-2F55A4FC3E5E-FollowerState] INFO  server.RaftServerConfigKeys (ConfUtils.java:logGet(44)) - raft.server.leaderelection.pre-vote = false (custom)
2022-04-27 10:52:04,538 [0a06a8c4-9179-4a2e-838b-55c09a430176@group-2F55A4FC3E5E-FollowerState] INFO  impl.RoleInfo (RoleInfo.java:updateAndGet(130)) - 0a06a8c4-9179-4a2e-838b-55c09a430176: start 0a06a8c4-9179-4a2e-838b-55c09a430176@group-2F55A4FC3E5E-LeaderElection10
2022-04-27 10:52:04,550 [0a06a8c4-9179-4a2e-838b-55c09a430176@group-2F55A4FC3E5E-LeaderElection10] INFO  impl.LeaderElection (LeaderElection.java:askForVotes(306)) - 0a06a8c4-9179-4a2e-838b-55c09a430176@group-2F55A4FC3E5E-LeaderElection10 ELECTION round 0: submit vote requests at term 1 for -1: [0a06a8c4-9179-4a2e-838b-55c09a430176|rpc:10.1.0.29:39993|priority:1], old=null
2022-04-27 10:52:04,550 [0a06a8c4-9179-4a2e-838b-55c09a430176@group-2F55A4FC3E5E-LeaderElection10] INFO  impl.LeaderElection (LeaderElection.java:askForVotes(308)) - 0a06a8c4-9179-4a2e-838b-55c09a430176@group-2F55A4FC3E5E-LeaderElection10 ELECTION round 0: result PASSED (term=1)
2022-04-27 10:52:04,550 [0a06a8c4-9179-4a2e-838b-55c09a430176@group-2F55A4FC3E5E-LeaderElection10] INFO  impl.RoleInfo (RoleInfo.java:shutdownLeaderElection(121)) - 0a06a8c4-9179-4a2e-838b-55c09a430176: shutdown 0a06a8c4-9179-4a2e-838b-55c09a430176@group-2F55A4FC3E5E-LeaderElection10
2022-04-27 10:52:04,550 [0a06a8c4-9179-4a2e-838b-55c09a430176@group-2F55A4FC3E5E-LeaderElection10] INFO  server.RaftServer$Division (RaftServerImpl.java:setRole(290)) - 0a06a8c4-9179-4a2e-838b-55c09a430176@group-2F55A4FC3E5E: changes role from CANDIDATE to LEADER at term 1 for changeToLeader
2022-04-27 10:52:04,550 [0a06a8c4-9179-4a2e-838b-55c09a430176@group-2F55A4FC3E5E-LeaderElection10] INFO  ratis.XceiverServerRatis (XceiverServerRatis.java:handleLeaderChangedNotification(863)) - Leader change notification received for group: group-2F55A4FC3E5E with new leaderId: 0a06a8c4-9179-4a2e-838b-55c09a430176
2022-04-27 10:52:04,550 [0a06a8c4-9179-4a2e-838b-55c09a430176@group-2F55A4FC3E5E-LeaderElection10] INFO  server.RaftServer$Division (ServerState.java:setLeader(285)) - 0a06a8c4-9179-4a2e-838b-55c09a430176@group-2F55A4FC3E5E: change Leader from null to 0a06a8c4-9179-4a2e-838b-55c09a430176 at term 1 for becomeLeader, leader elected after 5028ms
2022-04-27 10:52:04,551 [0a06a8c4-9179-4a2e-838b-55c09a430176@group-2F55A4FC3E5E-LeaderElection10] INFO  server.RaftServerConfigKeys (ConfUtils.java:logGet(44)) - raft.server.staging.catchup.gap = 1000 (default)
2022-04-27 10:52:04,555 [0a06a8c4-9179-4a2e-838b-55c09a430176@group-2F55A4FC3E5E-LeaderElection10] INFO  server.RaftServerConfigKeys (ConfUtils.java:logGet(44)) - raft.server.write.element-limit = 1024 (custom)
2022-04-27 10:52:04,555 [0a06a8c4-9179-4a2e-838b-55c09a430176@group-2F55A4FC3E5E-LeaderElection10] INFO  server.RaftServerConfigKeys (ConfUtils.java:logGet(44)) - raft.server.write.byte-limit = 1024 M (=1073741824) (custom)
2022-04-27 10:52:04,555 [0a06a8c4-9179-4a2e-838b-55c09a430176@group-2F55A4FC3E5E-LeaderElection10] INFO  server.RaftServerConfigKeys (ConfUtils.java:logGet(44)) - raft.server.watch.timeout = 10000ms (default)
2022-04-27 10:52:04,555 [0a06a8c4-9179-4a2e-838b-55c09a430176@group-2F55A4FC3E5E-LeaderElection10] INFO  server.RaftServerConfigKeys (ConfUtils.java:logGet(44)) - raft.server.watch.timeout.denomination = 1s (default)
2022-04-27 10:52:04,555 [0a06a8c4-9179-4a2e-838b-55c09a430176@group-2F55A4FC3E5E-LeaderElection10] INFO  server.RaftServerConfigKeys (ConfUtils.java:logGet(44)) - raft.server.watch.element-limit = 65536 (default)
2022-04-27 10:52:04,555 [0a06a8c4-9179-4a2e-838b-55c09a430176@group-2F55A4FC3E5E-LeaderElection10] INFO  server.RaftServerConfigKeys (ConfUtils.java:logGet(44)) - raft.server.write.element-limit = 1024 (custom)
2022-04-27 10:52:04,555 [0a06a8c4-9179-4a2e-838b-55c09a430176@group-2F55A4FC3E5E-LeaderElection10] INFO  server.RaftServerConfigKeys (ConfUtils.java:logGet(44)) - raft.server.write.follower.gap.ratio.max = -1.0 (default)
2022-04-27 10:52:04,555 [0a06a8c4-9179-4a2e-838b-55c09a430176@group-2F55A4FC3E5E-LeaderElection10] INFO  impl.RoleInfo (RoleInfo.java:updateAndGet(130)) - 0a06a8c4-9179-4a2e-838b-55c09a430176: start 0a06a8c4-9179-4a2e-838b-55c09a430176@group-2F55A4FC3E5E-LeaderStateImpl
2022-04-27 10:52:04,556 [0a06a8c4-9179-4a2e-838b-55c09a430176@group-2F55A4FC3E5E-LeaderElection10] INFO  segmented.SegmentedRaftLogWorker (SegmentedRaftLogWorker.java:startLogSegment(394)) - 0a06a8c4-9179-4a2e-838b-55c09a430176@group-2F55A4FC3E5E-SegmentedRaftLogWorker: Starting segment from index:0
2022-04-27 10:52:04,558 [0a06a8c4-9179-4a2e-838b-55c09a430176@group-2F55A4FC3E5E-SegmentedRaftLogWorker] INFO  segmented.SegmentedRaftLogWorker (SegmentedRaftLogWorker.java:execute(601)) - 0a06a8c4-9179-4a2e-838b-55c09a430176@group-2F55A4FC3E5E-SegmentedRaftLogWorker: created new log segment /home/runner/work/ozone/ozone/hadoop-ozone/integration-test/target/test-dir/MiniOzoneClusterImpl-6fb830c9-5413-49cc-a625-6cf41c4e5c97/datanode-4/data/ratis/8a4d7d21-f02d-4242-9d7f-2f55a4fc3e5e/current/log_inprogress_0
2022-04-27 10:52:04,565 [0a06a8c4-9179-4a2e-838b-55c09a430176@group-2F55A4FC3E5E-LeaderElection10] INFO  server.RaftServer$Division (ServerState.java:setRaftConf(387)) - 0a06a8c4-9179-4a2e-838b-55c09a430176@group-2F55A4FC3E5E: set configuration 0: [0a06a8c4-9179-4a2e-838b-55c09a430176|rpc:10.1.0.29:39993|dataStream:|priority:1], old=null
2022-04-27 10:52:04,566 [0a06a8c4-9179-4a2e-838b-55c09a430176@group-2F55A4FC3E5E-StateMachineUpdater] INFO  ratis.ContainerStateMachine (ContainerStateMachine.java:takeSnapshot(304)) - group-2F55A4FC3E5E: Taking a snapshot at:(t:1, i:0) file /home/runner/work/ozone/ozone/hadoop-ozone/integration-test/target/test-dir/MiniOzoneClusterImpl-6fb830c9-5413-49cc-a625-6cf41c4e5c97/datanode-4/data/ratis/8a4d7d21-f02d-4242-9d7f-2f55a4fc3e5e/sm/snapshot.1_0
2022-04-27 10:52:04,567 [0a06a8c4-9179-4a2e-838b-55c09a430176@group-2F55A4FC3E5E-StateMachineUpdater] INFO  ratis.ContainerStateMachine (ContainerStateMachine.java:takeSnapshot(315)) - group-2F55A4FC3E5E: Finished taking a snapshot at:(t:1, i:0) file:/home/runner/work/ozone/ozone/hadoop-ozone/integration-test/target/test-dir/MiniOzoneClusterImpl-6fb830c9-5413-49cc-a625-6cf41c4e5c97/datanode-4/data/ratis/8a4d7d21-f02d-4242-9d7f-2f55a4fc3e5e/sm/snapshot.1_0 took: 1 ms
2022-04-27 10:52:04,567 [0a06a8c4-9179-4a2e-838b-55c09a430176@group-2F55A4FC3E5E-StateMachineUpdater] INFO  impl.StateMachineUpdater (StateMachineUpdater.java:takeSnapshot(281)) - 0a06a8c4-9179-4a2e-838b-55c09a430176@group-2F55A4FC3E5E-StateMachineUpdater: Took a snapshot at index 0
2022-04-27 10:52:04,567 [0a06a8c4-9179-4a2e-838b-55c09a430176@group-2F55A4FC3E5E-StateMachineUpdater] INFO  impl.StateMachineUpdater (StateMachineUpdater.java:lambda$new$0(89)) - 0a06a8c4-9179-4a2e-838b-55c09a430176@group-2F55A4FC3E5E-StateMachineUpdater: snapshotIndex: updateIncreasingly -1 -> 0
2022-04-27 10:52:04,894 [Listener at 127.0.0.1/43313] INFO  rpc.RpcClient (RpcClient.java:createVolume(448)) - Creating Volume: testcontainerstatemachinefailures, with runner as owner and space quota set to -1 bytes, counts quota set to -1
2022-04-27 10:52:04,948 [OM StateMachine ApplyTransaction Thread - 0] INFO  volume.OMVolumeCreateRequest (OMVolumeCreateRequest.java:validateAndUpdateCache(195)) - created volume:testcontainerstatemachinefailures for user:runner
2022-04-27 10:52:04,981 [Listener at 127.0.0.1/43313] INFO  rpc.RpcClient (RpcClient.java:createBucket(637)) - Creating Bucket: testcontainerstatemachinefailures/testcontainerstatemachinefailures, with runner as owner and Versioning false and Storage Type set to DISK and Encryption set to false 
2022-04-27 10:52:05,005 [OM StateMachine ApplyTransaction Thread - 0] INFO  bucket.OMBucketCreateRequest (OMBucketCreateRequest.java:validateAndUpdateCache(258)) - created bucket: testcontainerstatemachinefailures of layout LEGACY in volume: testcontainerstatemachinefailures
2022-04-27 10:52:05,043 [5e3f1479-9daf-43cd-8651-224960992f9b@group-760431D8F0E0-FollowerState] INFO  impl.FollowerState (FollowerState.java:run(134)) - 5e3f1479-9daf-43cd-8651-224960992f9b@group-760431D8F0E0-FollowerState: change to CANDIDATE, lastRpcElapsedTime:5112561802ns, electionTimeout:5111ms
2022-04-27 10:52:05,043 [5e3f1479-9daf-43cd-8651-224960992f9b@group-760431D8F0E0-FollowerState] INFO  impl.RoleInfo (RoleInfo.java:shutdownFollowerState(108)) - 5e3f1479-9daf-43cd-8651-224960992f9b: shutdown 5e3f1479-9daf-43cd-8651-224960992f9b@group-760431D8F0E0-FollowerState
2022-04-27 10:52:05,044 [5e3f1479-9daf-43cd-8651-224960992f9b@group-760431D8F0E0-FollowerState] INFO  server.RaftServer$Division (RaftServerImpl.java:setRole(290)) - 5e3f1479-9daf-43cd-8651-224960992f9b@group-760431D8F0E0: changes role from  FOLLOWER to CANDIDATE at term 0 for changeToCandidate
2022-04-27 10:52:05,046 [5e3f1479-9daf-43cd-8651-224960992f9b@group-760431D8F0E0-FollowerState] INFO  server.RaftServerConfigKeys (ConfUtils.java:logGet(44)) - raft.server.leaderelection.pre-vote = false (custom)
2022-04-27 10:52:05,046 [5e3f1479-9daf-43cd-8651-224960992f9b@group-760431D8F0E0-FollowerState] INFO  impl.RoleInfo (RoleInfo.java:updateAndGet(130)) - 5e3f1479-9daf-43cd-8651-224960992f9b: start 5e3f1479-9daf-43cd-8651-224960992f9b@group-760431D8F0E0-LeaderElection11
2022-04-27 10:52:05,062 [5e3f1479-9daf-43cd-8651-224960992f9b@group-760431D8F0E0-LeaderElection11] INFO  impl.LeaderElection (LeaderElection.java:askForVotes(306)) - 5e3f1479-9daf-43cd-8651-224960992f9b@group-760431D8F0E0-LeaderElection11 ELECTION round 0: submit vote requests at term 1 for -1: [5e3f1479-9daf-43cd-8651-224960992f9b|rpc:10.1.0.29:36215|priority:1], old=null
2022-04-27 10:52:05,062 [5e3f1479-9daf-43cd-8651-224960992f9b@group-760431D8F0E0-LeaderElection11] INFO  impl.LeaderElection (LeaderElection.java:askForVotes(308)) - 5e3f1479-9daf-43cd-8651-224960992f9b@group-760431D8F0E0-LeaderElection11 ELECTION round 0: result PASSED (term=1)
2022-04-27 10:52:05,062 [5e3f1479-9daf-43cd-8651-224960992f9b@group-760431D8F0E0-LeaderElection11] INFO  impl.RoleInfo (RoleInfo.java:shutdownLeaderElection(121)) - 5e3f1479-9daf-43cd-8651-224960992f9b: shutdown 5e3f1479-9daf-43cd-8651-224960992f9b@group-760431D8F0E0-LeaderElection11
2022-04-27 10:52:05,062 [5e3f1479-9daf-43cd-8651-224960992f9b@group-760431D8F0E0-LeaderElection11] INFO  server.RaftServer$Division (RaftServerImpl.java:setRole(290)) - 5e3f1479-9daf-43cd-8651-224960992f9b@group-760431D8F0E0: changes role from CANDIDATE to LEADER at term 1 for changeToLeader
2022-04-27 10:52:05,062 [5e3f1479-9daf-43cd-8651-224960992f9b@group-760431D8F0E0-LeaderElection11] INFO  ratis.XceiverServerRatis (XceiverServerRatis.java:handleLeaderChangedNotification(863)) - Leader change notification received for group: group-760431D8F0E0 with new leaderId: 5e3f1479-9daf-43cd-8651-224960992f9b
2022-04-27 10:52:05,063 [5e3f1479-9daf-43cd-8651-224960992f9b@group-760431D8F0E0-LeaderElection11] INFO  server.RaftServer$Division (ServerState.java:setLeader(285)) - 5e3f1479-9daf-43cd-8651-224960992f9b@group-760431D8F0E0: change Leader from null to 5e3f1479-9daf-43cd-8651-224960992f9b at term 1 for becomeLeader, leader elected after 5143ms
2022-04-27 10:52:05,063 [5e3f1479-9daf-43cd-8651-224960992f9b@group-760431D8F0E0-LeaderElection11] INFO  server.RaftServerConfigKeys (ConfUtils.java:logGet(44)) - raft.server.staging.catchup.gap = 1000 (default)
2022-04-27 10:52:05,064 [5e3f1479-9daf-43cd-8651-224960992f9b@group-760431D8F0E0-LeaderElection11] INFO  server.RaftServerConfigKeys (ConfUtils.java:logGet(44)) - raft.server.write.element-limit = 1024 (custom)
2022-04-27 10:52:05,064 [5e3f1479-9daf-43cd-8651-224960992f9b@group-760431D8F0E0-LeaderElection11] INFO  server.RaftServerConfigKeys (ConfUtils.java:logGet(44)) - raft.server.write.byte-limit = 1024 M (=1073741824) (custom)
2022-04-27 10:52:05,064 [5e3f1479-9daf-43cd-8651-224960992f9b@group-760431D8F0E0-LeaderElection11] INFO  server.RaftServerConfigKeys (ConfUtils.java:logGet(44)) - raft.server.watch.timeout = 10000ms (default)
2022-04-27 10:52:05,064 [5e3f1479-9daf-43cd-8651-224960992f9b@group-760431D8F0E0-LeaderElection11] INFO  server.RaftServerConfigKeys (ConfUtils.java:logGet(44)) - raft.server.watch.timeout.denomination = 1s (default)
2022-04-27 10:52:05,064 [5e3f1479-9daf-43cd-8651-224960992f9b@group-760431D8F0E0-LeaderElection11] INFO  server.RaftServerConfigKeys (ConfUtils.java:logGet(44)) - raft.server.watch.element-limit = 65536 (default)
2022-04-27 10:52:05,064 [5e3f1479-9daf-43cd-8651-224960992f9b@group-760431D8F0E0-LeaderElection11] INFO  server.RaftServerConfigKeys (ConfUtils.java:logGet(44)) - raft.server.write.element-limit = 1024 (custom)
2022-04-27 10:52:05,064 [5e3f1479-9daf-43cd-8651-224960992f9b@group-760431D8F0E0-LeaderElection11] INFO  server.RaftServerConfigKeys (ConfUtils.java:logGet(44)) - raft.server.write.follower.gap.ratio.max = -1.0 (default)
2022-04-27 10:52:05,064 [5e3f1479-9daf-43cd-8651-224960992f9b@group-760431D8F0E0-LeaderElection11] INFO  impl.RoleInfo (RoleInfo.java:updateAndGet(130)) - 5e3f1479-9daf-43cd-8651-224960992f9b: start 5e3f1479-9daf-43cd-8651-224960992f9b@group-760431D8F0E0-LeaderStateImpl
2022-04-27 10:52:05,065 [5e3f1479-9daf-43cd-8651-224960992f9b@group-760431D8F0E0-LeaderElection11] INFO  segmented.SegmentedRaftLogWorker (SegmentedRaftLogWorker.java:startLogSegment(394)) - 5e3f1479-9daf-43cd-8651-224960992f9b@group-760431D8F0E0-SegmentedRaftLogWorker: Starting segment from index:0
2022-04-27 10:52:05,068 [5e3f1479-9daf-43cd-8651-224960992f9b@group-760431D8F0E0-SegmentedRaftLogWorker] INFO  segmented.SegmentedRaftLogWorker (SegmentedRaftLogWorker.java:execute(601)) - 5e3f1479-9daf-43cd-8651-224960992f9b@group-760431D8F0E0-SegmentedRaftLogWorker: created new log segment /home/runner/work/ozone/ozone/hadoop-ozone/integration-test/target/test-dir/MiniOzoneClusterImpl-6fb830c9-5413-49cc-a625-6cf41c4e5c97/datanode-5/data/ratis/49ef6d15-2e42-49a2-8056-760431d8f0e0/current/log_inprogress_0
2022-04-27 10:52:05,075 [5e3f1479-9daf-43cd-8651-224960992f9b@group-760431D8F0E0-LeaderElection11] INFO  server.RaftServer$Division (ServerState.java:setRaftConf(387)) - 5e3f1479-9daf-43cd-8651-224960992f9b@group-760431D8F0E0: set configuration 0: [5e3f1479-9daf-43cd-8651-224960992f9b|rpc:10.1.0.29:36215|dataStream:|priority:1], old=null
2022-04-27 10:52:05,076 [5e3f1479-9daf-43cd-8651-224960992f9b@group-760431D8F0E0-StateMachineUpdater] INFO  ratis.ContainerStateMachine (ContainerStateMachine.java:takeSnapshot(304)) - group-760431D8F0E0: Taking a snapshot at:(t:1, i:0) file /home/runner/work/ozone/ozone/hadoop-ozone/integration-test/target/test-dir/MiniOzoneClusterImpl-6fb830c9-5413-49cc-a625-6cf41c4e5c97/datanode-5/data/ratis/49ef6d15-2e42-49a2-8056-760431d8f0e0/sm/snapshot.1_0
2022-04-27 10:52:05,077 [5e3f1479-9daf-43cd-8651-224960992f9b@group-760431D8F0E0-StateMachineUpdater] INFO  ratis.ContainerStateMachine (ContainerStateMachine.java:takeSnapshot(315)) - group-760431D8F0E0: Finished taking a snapshot at:(t:1, i:0) file:/home/runner/work/ozone/ozone/hadoop-ozone/integration-test/target/test-dir/MiniOzoneClusterImpl-6fb830c9-5413-49cc-a625-6cf41c4e5c97/datanode-5/data/ratis/49ef6d15-2e42-49a2-8056-760431d8f0e0/sm/snapshot.1_0 took: 2 ms
2022-04-27 10:52:05,078 [5e3f1479-9daf-43cd-8651-224960992f9b@group-760431D8F0E0-StateMachineUpdater] INFO  impl.StateMachineUpdater (StateMachineUpdater.java:takeSnapshot(281)) - 5e3f1479-9daf-43cd-8651-224960992f9b@group-760431D8F0E0-StateMachineUpdater: Took a snapshot at index 0
2022-04-27 10:52:05,078 [5e3f1479-9daf-43cd-8651-224960992f9b@group-760431D8F0E0-StateMachineUpdater] INFO  impl.StateMachineUpdater (StateMachineUpdater.java:lambda$new$0(89)) - 5e3f1479-9daf-43cd-8651-224960992f9b@group-760431D8F0E0-StateMachineUpdater: snapshotIndex: updateIncreasingly -1 -> 0
2022-04-27 10:52:05,138 [IPC Server handler 9 on default port 38805] INFO  ha.SequenceIdGenerator (SequenceIdGenerator.java:getNextId(127)) - Allocate a batch for containerId, change lastId from 0 to 1000.
2022-04-27 10:52:05,150 [IPC Server handler 9 on default port 38805] WARN  ha.SequenceIdGenerator (SequenceIdGenerator.java:allocateBatch(235)) - Failed to allocate a batch for localId, expected lastId is 0, actual lastId is 109611004723200000.
2022-04-27 10:52:05,150 [IPC Server handler 9 on default port 38805] INFO  ha.SequenceIdGenerator (SequenceIdGenerator.java:getNextId(127)) - Allocate a batch for localId, change lastId from 109611004723200000 to 109611004723201000.
2022-04-27 10:52:05,243 [Listener at 127.0.0.1/43313] INFO  impl.MetricsSystemImpl (MetricsSystemImpl.java:init(158)) - XceiverClientMetrics metrics system started (again)
2022-04-27 10:52:05,457 [5e6908a8-a78b-4a66-9555-b48c04384dc8@group-0D88492A0C14-FollowerState] INFO  impl.FollowerState (FollowerState.java:run(134)) - 5e6908a8-a78b-4a66-9555-b48c04384dc8@group-0D88492A0C14-FollowerState: change to CANDIDATE, lastRpcElapsedTime:5129445044ns, electionTimeout:5129ms
2022-04-27 10:52:05,457 [5e6908a8-a78b-4a66-9555-b48c04384dc8@group-0D88492A0C14-FollowerState] INFO  impl.RoleInfo (RoleInfo.java:shutdownFollowerState(108)) - 5e6908a8-a78b-4a66-9555-b48c04384dc8: shutdown 5e6908a8-a78b-4a66-9555-b48c04384dc8@group-0D88492A0C14-FollowerState
2022-04-27 10:52:05,457 [5e6908a8-a78b-4a66-9555-b48c04384dc8@group-0D88492A0C14-FollowerState] INFO  server.RaftServer$Division (RaftServerImpl.java:setRole(290)) - 5e6908a8-a78b-4a66-9555-b48c04384dc8@group-0D88492A0C14: changes role from  FOLLOWER to CANDIDATE at term 0 for changeToCandidate
2022-04-27 10:52:05,459 [5e6908a8-a78b-4a66-9555-b48c04384dc8@group-0D88492A0C14-FollowerState] INFO  server.RaftServerConfigKeys (ConfUtils.java:logGet(44)) - raft.server.leaderelection.pre-vote = false (custom)
2022-04-27 10:52:05,459 [5e6908a8-a78b-4a66-9555-b48c04384dc8@group-0D88492A0C14-FollowerState] INFO  impl.RoleInfo (RoleInfo.java:updateAndGet(130)) - 5e6908a8-a78b-4a66-9555-b48c04384dc8: start 5e6908a8-a78b-4a66-9555-b48c04384dc8@group-0D88492A0C14-LeaderElection12
2022-04-27 10:52:05,476 [5e6908a8-a78b-4a66-9555-b48c04384dc8@group-0D88492A0C14-LeaderElection12] INFO  impl.LeaderElection (LeaderElection.java:askForVotes(306)) - 5e6908a8-a78b-4a66-9555-b48c04384dc8@group-0D88492A0C14-LeaderElection12 ELECTION round 0: submit vote requests at term 1 for -1: [5e6908a8-a78b-4a66-9555-b48c04384dc8|rpc:10.1.0.29:40571|priority:1], old=null
2022-04-27 10:52:05,476 [5e6908a8-a78b-4a66-9555-b48c04384dc8@group-0D88492A0C14-LeaderElection12] INFO  impl.LeaderElection (LeaderElection.java:askForVotes(308)) - 5e6908a8-a78b-4a66-9555-b48c04384dc8@group-0D88492A0C14-LeaderElection12 ELECTION round 0: result PASSED (term=1)
2022-04-27 10:52:05,476 [5e6908a8-a78b-4a66-9555-b48c04384dc8@group-0D88492A0C14-LeaderElection12] INFO  impl.RoleInfo (RoleInfo.java:shutdownLeaderElection(121)) - 5e6908a8-a78b-4a66-9555-b48c04384dc8: shutdown 5e6908a8-a78b-4a66-9555-b48c04384dc8@group-0D88492A0C14-LeaderElection12
2022-04-27 10:52:05,476 [5e6908a8-a78b-4a66-9555-b48c04384dc8@group-0D88492A0C14-LeaderElection12] INFO  server.RaftServer$Division (RaftServerImpl.java:setRole(290)) - 5e6908a8-a78b-4a66-9555-b48c04384dc8@group-0D88492A0C14: changes role from CANDIDATE to LEADER at term 1 for changeToLeader
2022-04-27 10:52:05,477 [5e6908a8-a78b-4a66-9555-b48c04384dc8@group-0D88492A0C14-LeaderElection12] INFO  ratis.XceiverServerRatis (XceiverServerRatis.java:handleLeaderChangedNotification(863)) - Leader change notification received for group: group-0D88492A0C14 with new leaderId: 5e6908a8-a78b-4a66-9555-b48c04384dc8
2022-04-27 10:52:05,477 [5e6908a8-a78b-4a66-9555-b48c04384dc8@group-0D88492A0C14-LeaderElection12] INFO  server.RaftServer$Division (ServerState.java:setLeader(285)) - 5e6908a8-a78b-4a66-9555-b48c04384dc8@group-0D88492A0C14: change Leader from null to 5e6908a8-a78b-4a66-9555-b48c04384dc8 at term 1 for becomeLeader, leader elected after 5158ms
2022-04-27 10:52:05,477 [5e6908a8-a78b-4a66-9555-b48c04384dc8@group-EEF7E24D5DDB-FollowerState] INFO  impl.FollowerState (FollowerState.java:run(134)) - 5e6908a8-a78b-4a66-9555-b48c04384dc8@group-EEF7E24D5DDB-FollowerState: change to CANDIDATE, lastRpcElapsedTime:5020116596ns, electionTimeout:5017ms
2022-04-27 10:52:05,478 [5e6908a8-a78b-4a66-9555-b48c04384dc8@group-EEF7E24D5DDB-FollowerState] INFO  impl.RoleInfo (RoleInfo.java:shutdownFollowerState(108)) - 5e6908a8-a78b-4a66-9555-b48c04384dc8: shutdown 5e6908a8-a78b-4a66-9555-b48c04384dc8@group-EEF7E24D5DDB-FollowerState
2022-04-27 10:52:05,478 [5e6908a8-a78b-4a66-9555-b48c04384dc8@group-EEF7E24D5DDB-FollowerState] INFO  server.RaftServer$Division (RaftServerImpl.java:setRole(290)) - 5e6908a8-a78b-4a66-9555-b48c04384dc8@group-EEF7E24D5DDB: changes role from  FOLLOWER to CANDIDATE at term 0 for changeToCandidate
2022-04-27 10:52:05,478 [5e6908a8-a78b-4a66-9555-b48c04384dc8@group-EEF7E24D5DDB-FollowerState] INFO  server.RaftServerConfigKeys (ConfUtils.java:logGet(44)) - raft.server.leaderelection.pre-vote = false (custom)
2022-04-27 10:52:05,478 [5e6908a8-a78b-4a66-9555-b48c04384dc8@group-EEF7E24D5DDB-FollowerState] INFO  impl.RoleInfo (RoleInfo.java:updateAndGet(130)) - 5e6908a8-a78b-4a66-9555-b48c04384dc8: start 5e6908a8-a78b-4a66-9555-b48c04384dc8@group-EEF7E24D5DDB-LeaderElection13
2022-04-27 10:52:05,478 [5e6908a8-a78b-4a66-9555-b48c04384dc8@group-0D88492A0C14-LeaderElection12] INFO  server.RaftServerConfigKeys (ConfUtils.java:logGet(44)) - raft.server.staging.catchup.gap = 1000 (default)
2022-04-27 10:52:05,484 [5e6908a8-a78b-4a66-9555-b48c04384dc8@group-0D88492A0C14-LeaderElection12] INFO  server.RaftServerConfigKeys (ConfUtils.java:logGet(44)) - raft.server.write.element-limit = 1024 (custom)
2022-04-27 10:52:05,484 [5e6908a8-a78b-4a66-9555-b48c04384dc8@group-0D88492A0C14-LeaderElection12] INFO  server.RaftServerConfigKeys (ConfUtils.java:logGet(44)) - raft.server.write.byte-limit = 1024 M (=1073741824) (custom)
2022-04-27 10:52:05,484 [5e6908a8-a78b-4a66-9555-b48c04384dc8@group-0D88492A0C14-LeaderElection12] INFO  server.RaftServerConfigKeys (ConfUtils.java:logGet(44)) - raft.server.watch.timeout = 10000ms (default)
2022-04-27 10:52:05,484 [5e6908a8-a78b-4a66-9555-b48c04384dc8@group-0D88492A0C14-LeaderElection12] INFO  server.RaftServerConfigKeys (ConfUtils.java:logGet(44)) - raft.server.watch.timeout.denomination = 1s (default)
2022-04-27 10:52:05,485 [5e6908a8-a78b-4a66-9555-b48c04384dc8@group-0D88492A0C14-LeaderElection12] INFO  server.RaftServerConfigKeys (ConfUtils.java:logGet(44)) - raft.server.watch.element-limit = 65536 (default)
2022-04-27 10:52:05,486 [5e6908a8-a78b-4a66-9555-b48c04384dc8@group-0D88492A0C14-LeaderElection12] INFO  server.RaftServerConfigKeys (ConfUtils.java:logGet(44)) - raft.server.write.element-limit = 1024 (custom)
2022-04-27 10:52:05,486 [5e6908a8-a78b-4a66-9555-b48c04384dc8@group-0D88492A0C14-LeaderElection12] INFO  server.RaftServerConfigKeys (ConfUtils.java:logGet(44)) - raft.server.write.follower.gap.ratio.max = -1.0 (default)
2022-04-27 10:52:05,486 [5e6908a8-a78b-4a66-9555-b48c04384dc8@group-EEF7E24D5DDB-LeaderElection13] INFO  impl.LeaderElection (LeaderElection.java:askForVotes(306)) - 5e6908a8-a78b-4a66-9555-b48c04384dc8@group-EEF7E24D5DDB-LeaderElection13 ELECTION round 0: submit vote requests at term 1 for -1: [7171416e-d570-4db8-8282-6e036003ab52|rpc:10.1.0.29:35393|priority:0, 5e6908a8-a78b-4a66-9555-b48c04384dc8|rpc:10.1.0.29:40571|priority:1, fc150688-1f76-4ec0-a672-aaf91f0753c3|rpc:10.1.0.29:37101|priority:0], old=null
2022-04-27 10:52:05,486 [5e6908a8-a78b-4a66-9555-b48c04384dc8@group-0D88492A0C14-LeaderElection12] INFO  impl.RoleInfo (RoleInfo.java:updateAndGet(130)) - 5e6908a8-a78b-4a66-9555-b48c04384dc8: start 5e6908a8-a78b-4a66-9555-b48c04384dc8@group-0D88492A0C14-LeaderStateImpl
2022-04-27 10:52:05,488 [5e6908a8-a78b-4a66-9555-b48c04384dc8@group-0D88492A0C14-LeaderElection12] INFO  segmented.SegmentedRaftLogWorker (SegmentedRaftLogWorker.java:startLogSegment(394)) - 5e6908a8-a78b-4a66-9555-b48c04384dc8@group-0D88492A0C14-SegmentedRaftLogWorker: Starting segment from index:0
2022-04-27 10:52:05,492 [5e6908a8-a78b-4a66-9555-b48c04384dc8@group-0D88492A0C14-SegmentedRaftLogWorker] INFO  segmented.SegmentedRaftLogWorker (SegmentedRaftLogWorker.java:execute(601)) - 5e6908a8-a78b-4a66-9555-b48c04384dc8@group-0D88492A0C14-SegmentedRaftLogWorker: created new log segment /home/runner/work/ozone/ozone/hadoop-ozone/integration-test/target/test-dir/MiniOzoneClusterImpl-6fb830c9-5413-49cc-a625-6cf41c4e5c97/datanode-6/data/ratis/717baaa0-bc9c-4652-8e86-0d88492a0c14/current/log_inprogress_0
2022-04-27 10:52:05,494 [5e6908a8-a78b-4a66-9555-b48c04384dc8@group-0D88492A0C14-LeaderElection12] INFO  server.RaftServer$Division (ServerState.java:setRaftConf(387)) - 5e6908a8-a78b-4a66-9555-b48c04384dc8@group-0D88492A0C14: set configuration 0: [5e6908a8-a78b-4a66-9555-b48c04384dc8|rpc:10.1.0.29:40571|dataStream:|priority:1], old=null
2022-04-27 10:52:05,505 [5e6908a8-a78b-4a66-9555-b48c04384dc8@group-0D88492A0C14-StateMachineUpdater] INFO  ratis.ContainerStateMachine (ContainerStateMachine.java:takeSnapshot(304)) - group-0D88492A0C14: Taking a snapshot at:(t:1, i:0) file /home/runner/work/ozone/ozone/hadoop-ozone/integration-test/target/test-dir/MiniOzoneClusterImpl-6fb830c9-5413-49cc-a625-6cf41c4e5c97/datanode-6/data/ratis/717baaa0-bc9c-4652-8e86-0d88492a0c14/sm/snapshot.1_0
2022-04-27 10:52:05,506 [5e6908a8-a78b-4a66-9555-b48c04384dc8@group-0D88492A0C14-StateMachineUpdater] INFO  ratis.ContainerStateMachine (ContainerStateMachine.java:takeSnapshot(315)) - group-0D88492A0C14: Finished taking a snapshot at:(t:1, i:0) file:/home/runner/work/ozone/ozone/hadoop-ozone/integration-test/target/test-dir/MiniOzoneClusterImpl-6fb830c9-5413-49cc-a625-6cf41c4e5c97/datanode-6/data/ratis/717baaa0-bc9c-4652-8e86-0d88492a0c14/sm/snapshot.1_0 took: 1 ms
2022-04-27 10:52:05,506 [5e6908a8-a78b-4a66-9555-b48c04384dc8@group-0D88492A0C14-StateMachineUpdater] INFO  impl.StateMachineUpdater (StateMachineUpdater.java:takeSnapshot(281)) - 5e6908a8-a78b-4a66-9555-b48c04384dc8@group-0D88492A0C14-StateMachineUpdater: Took a snapshot at index 0
2022-04-27 10:52:05,506 [5e6908a8-a78b-4a66-9555-b48c04384dc8@group-0D88492A0C14-StateMachineUpdater] INFO  impl.StateMachineUpdater (StateMachineUpdater.java:lambda$new$0(89)) - 5e6908a8-a78b-4a66-9555-b48c04384dc8@group-0D88492A0C14-StateMachineUpdater: snapshotIndex: updateIncreasingly -1 -> 0
2022-04-27 10:52:05,510 [grpc-default-executor-1] INFO  server.RaftServer$Division (RaftServerImpl.java:requestVote(1046)) - 7171416e-d570-4db8-8282-6e036003ab52@group-EEF7E24D5DDB: receive requestVote(ELECTION, 5e6908a8-a78b-4a66-9555-b48c04384dc8, group-EEF7E24D5DDB, 1, (t:0, i:0))
2022-04-27 10:52:05,510 [grpc-default-executor-1] INFO  impl.VoteContext (VoteContext.java:log(48)) - 7171416e-d570-4db8-8282-6e036003ab52@group-EEF7E24D5DDB-FOLLOWER: accept ELECTION from 5e6908a8-a78b-4a66-9555-b48c04384dc8: our priority 0 <= candidate's priority 1
2022-04-27 10:52:05,510 [grpc-default-executor-1] INFO  server.RaftServer$Division (RaftServerImpl.java:setRole(290)) - 7171416e-d570-4db8-8282-6e036003ab52@group-EEF7E24D5DDB: changes role from  FOLLOWER to FOLLOWER at term 1 for candidate:5e6908a8-a78b-4a66-9555-b48c04384dc8
2022-04-27 10:52:05,510 [grpc-default-executor-1] INFO  impl.RoleInfo (RoleInfo.java:shutdownFollowerState(108)) - 7171416e-d570-4db8-8282-6e036003ab52: shutdown 7171416e-d570-4db8-8282-6e036003ab52@group-EEF7E24D5DDB-FollowerState
2022-04-27 10:52:05,510 [grpc-default-executor-1] INFO  impl.RoleInfo (RoleInfo.java:updateAndGet(130)) - 7171416e-d570-4db8-8282-6e036003ab52: start 7171416e-d570-4db8-8282-6e036003ab52@group-EEF7E24D5DDB-FollowerState
2022-04-27 10:52:05,510 [7171416e-d570-4db8-8282-6e036003ab52@group-EEF7E24D5DDB-FollowerState] INFO  impl.FollowerState (FollowerState.java:run(143)) - 7171416e-d570-4db8-8282-6e036003ab52@group-EEF7E24D5DDB-FollowerState was interrupted: {}
java.lang.InterruptedException: sleep interrupted
	at java.lang.Thread.sleep(Native Method)
	at java.lang.Thread.sleep(Thread.java:342)
	at java.util.concurrent.TimeUnit.sleep(TimeUnit.java:386)
	at org.apache.ratis.util.TimeDuration.sleep(TimeDuration.java:324)
	at org.apache.ratis.util.TimeDuration.sleep(TimeDuration.java:309)
	at org.apache.ratis.server.impl.FollowerState.run(FollowerState.java:118)
2022-04-27 10:52:05,514 [grpc-default-executor-1] INFO  server.RaftServer$Division (RaftServerImpl.java:requestVote(1078)) - 7171416e-d570-4db8-8282-6e036003ab52@group-EEF7E24D5DDB replies to ELECTION vote request: 5e6908a8-a78b-4a66-9555-b48c04384dc8<-7171416e-d570-4db8-8282-6e036003ab52#0:OK-t1. Peer's state: 7171416e-d570-4db8-8282-6e036003ab52@group-EEF7E24D5DDB:t1, leader=null, voted=5e6908a8-a78b-4a66-9555-b48c04384dc8, raftlog=7171416e-d570-4db8-8282-6e036003ab52@group-EEF7E24D5DDB-SegmentedRaftLog:OPENED:c-1, conf=-1: [7171416e-d570-4db8-8282-6e036003ab52|rpc:10.1.0.29:35393|dataStream:|priority:0, 5e6908a8-a78b-4a66-9555-b48c04384dc8|rpc:10.1.0.29:40571|dataStream:|priority:1, fc150688-1f76-4ec0-a672-aaf91f0753c3|rpc:10.1.0.29:37101|dataStream:|priority:0], old=null
2022-04-27 10:52:05,515 [fc150688-1f76-4ec0-a672-aaf91f0753c3@group-E78063F29D5F-FollowerState] INFO  impl.FollowerState (FollowerState.java:run(134)) - fc150688-1f76-4ec0-a672-aaf91f0753c3@group-E78063F29D5F-FollowerState: change to CANDIDATE, lastRpcElapsedTime:5131324381ns, electionTimeout:5130ms
2022-04-27 10:52:05,516 [fc150688-1f76-4ec0-a672-aaf91f0753c3@group-E78063F29D5F-FollowerState] INFO  impl.RoleInfo (RoleInfo.java:shutdownFollowerState(108)) - fc150688-1f76-4ec0-a672-aaf91f0753c3: shutdown fc150688-1f76-4ec0-a672-aaf91f0753c3@group-E78063F29D5F-FollowerState
2022-04-27 10:52:05,516 [fc150688-1f76-4ec0-a672-aaf91f0753c3@group-E78063F29D5F-FollowerState] INFO  server.RaftServer$Division (RaftServerImpl.java:setRole(290)) - fc150688-1f76-4ec0-a672-aaf91f0753c3@group-E78063F29D5F: changes role from  FOLLOWER to CANDIDATE at term 0 for changeToCandidate
2022-04-27 10:52:05,521 [fc150688-1f76-4ec0-a672-aaf91f0753c3@group-E78063F29D5F-FollowerState] INFO  server.RaftServerConfigKeys (ConfUtils.java:logGet(44)) - raft.server.leaderelection.pre-vote = false (custom)
2022-04-27 10:52:05,521 [fc150688-1f76-4ec0-a672-aaf91f0753c3@group-E78063F29D5F-FollowerState] INFO  impl.RoleInfo (RoleInfo.java:updateAndGet(130)) - fc150688-1f76-4ec0-a672-aaf91f0753c3: start fc150688-1f76-4ec0-a672-aaf91f0753c3@group-E78063F29D5F-LeaderElection14
2022-04-27 10:52:05,522 [7171416e-d570-4db8-8282-6e036003ab52@group-E78063F29D5F-FollowerState] INFO  impl.FollowerState (FollowerState.java:run(134)) - 7171416e-d570-4db8-8282-6e036003ab52@group-E78063F29D5F-FollowerState: change to CANDIDATE, lastRpcElapsedTime:5097545800ns, electionTimeout:5096ms
2022-04-27 10:52:05,528 [5e6908a8-a78b-4a66-9555-b48c04384dc8@group-EEF7E24D5DDB-LeaderElection13] INFO  impl.LeaderElection (LeaderElection.java:logAndReturn(89)) - 5e6908a8-a78b-4a66-9555-b48c04384dc8@group-EEF7E24D5DDB-LeaderElection13: ELECTION PASSED received 1 response(s) and 0 exception(s):
2022-04-27 10:52:05,528 [5e6908a8-a78b-4a66-9555-b48c04384dc8@group-EEF7E24D5DDB-LeaderElection13] INFO  impl.LeaderElection (LeaderElection.java:logAndReturn(93)) -   Response 0: 5e6908a8-a78b-4a66-9555-b48c04384dc8<-7171416e-d570-4db8-8282-6e036003ab52#0:OK-t1
2022-04-27 10:52:05,528 [5e6908a8-a78b-4a66-9555-b48c04384dc8@group-EEF7E24D5DDB-LeaderElection13] INFO  impl.LeaderElection (LeaderElection.java:askForVotes(308)) - 5e6908a8-a78b-4a66-9555-b48c04384dc8@group-EEF7E24D5DDB-LeaderElection13 ELECTION round 0: result PASSED
2022-04-27 10:52:05,528 [5e6908a8-a78b-4a66-9555-b48c04384dc8@group-EEF7E24D5DDB-LeaderElection13] INFO  impl.RoleInfo (RoleInfo.java:shutdownLeaderElection(121)) - 5e6908a8-a78b-4a66-9555-b48c04384dc8: shutdown 5e6908a8-a78b-4a66-9555-b48c04384dc8@group-EEF7E24D5DDB-LeaderElection13
2022-04-27 10:52:05,528 [5e6908a8-a78b-4a66-9555-b48c04384dc8@group-EEF7E24D5DDB-LeaderElection13] INFO  server.RaftServer$Division (RaftServerImpl.java:setRole(290)) - 5e6908a8-a78b-4a66-9555-b48c04384dc8@group-EEF7E24D5DDB: changes role from CANDIDATE to LEADER at term 1 for changeToLeader
2022-04-27 10:52:05,528 [5e6908a8-a78b-4a66-9555-b48c04384dc8@group-EEF7E24D5DDB-LeaderElection13] INFO  ratis.XceiverServerRatis (XceiverServerRatis.java:handleLeaderChangedNotification(863)) - Leader change notification received for group: group-EEF7E24D5DDB with new leaderId: 5e6908a8-a78b-4a66-9555-b48c04384dc8
2022-04-27 10:52:05,528 [5e6908a8-a78b-4a66-9555-b48c04384dc8@group-EEF7E24D5DDB-LeaderElection13] INFO  server.RaftServer$Division (ServerState.java:setLeader(285)) - 5e6908a8-a78b-4a66-9555-b48c04384dc8@group-EEF7E24D5DDB: change Leader from null to 5e6908a8-a78b-4a66-9555-b48c04384dc8 at term 1 for becomeLeader, leader elected after 5080ms
2022-04-27 10:52:05,528 [5e6908a8-a78b-4a66-9555-b48c04384dc8@group-EEF7E24D5DDB-LeaderElection13] INFO  server.RaftServerConfigKeys (ConfUtils.java:logGet(44)) - raft.server.staging.catchup.gap = 1000 (default)
2022-04-27 10:52:05,528 [5e6908a8-a78b-4a66-9555-b48c04384dc8@group-EEF7E24D5DDB-LeaderElection13] INFO  server.RaftServerConfigKeys (ConfUtils.java:logGet(44)) - raft.server.write.element-limit = 1024 (custom)
2022-04-27 10:52:05,528 [5e6908a8-a78b-4a66-9555-b48c04384dc8@group-EEF7E24D5DDB-LeaderElection13] INFO  server.RaftServerConfigKeys (ConfUtils.java:logGet(44)) - raft.server.write.byte-limit = 1024 M (=1073741824) (custom)
2022-04-27 10:52:05,522 [grpc-default-executor-2] INFO  server.RaftServer$Division (RaftServerImpl.java:requestVote(1046)) - fc150688-1f76-4ec0-a672-aaf91f0753c3@group-EEF7E24D5DDB: receive requestVote(ELECTION, 5e6908a8-a78b-4a66-9555-b48c04384dc8, group-EEF7E24D5DDB, 1, (t:0, i:0))
2022-04-27 10:52:05,529 [grpc-default-executor-2] INFO  impl.VoteContext (VoteContext.java:log(48)) - fc150688-1f76-4ec0-a672-aaf91f0753c3@group-EEF7E24D5DDB-FOLLOWER: accept ELECTION from 5e6908a8-a78b-4a66-9555-b48c04384dc8: our priority 0 <= candidate's priority 1
2022-04-27 10:52:05,529 [grpc-default-executor-2] INFO  server.RaftServer$Division (RaftServerImpl.java:setRole(290)) - fc150688-1f76-4ec0-a672-aaf91f0753c3@group-EEF7E24D5DDB: changes role from  FOLLOWER to FOLLOWER at term 1 for candidate:5e6908a8-a78b-4a66-9555-b48c04384dc8
2022-04-27 10:52:05,529 [grpc-default-executor-2] INFO  impl.RoleInfo (RoleInfo.java:shutdownFollowerState(108)) - fc150688-1f76-4ec0-a672-aaf91f0753c3: shutdown fc150688-1f76-4ec0-a672-aaf91f0753c3@group-EEF7E24D5DDB-FollowerState
2022-04-27 10:52:05,529 [grpc-default-executor-2] INFO  impl.RoleInfo (RoleInfo.java:updateAndGet(130)) - fc150688-1f76-4ec0-a672-aaf91f0753c3: start fc150688-1f76-4ec0-a672-aaf91f0753c3@group-EEF7E24D5DDB-FollowerState
2022-04-27 10:52:05,529 [fc150688-1f76-4ec0-a672-aaf91f0753c3@group-EEF7E24D5DDB-FollowerState] INFO  impl.FollowerState (FollowerState.java:run(143)) - fc150688-1f76-4ec0-a672-aaf91f0753c3@group-EEF7E24D5DDB-FollowerState was interrupted: {}
java.lang.InterruptedException: sleep interrupted
	at java.lang.Thread.sleep(Native Method)
	at java.lang.Thread.sleep(Thread.java:342)
	at java.util.concurrent.TimeUnit.sleep(TimeUnit.java:386)
	at org.apache.ratis.util.TimeDuration.sleep(TimeDuration.java:324)
	at org.apache.ratis.util.TimeDuration.sleep(TimeDuration.java:309)
	at org.apache.ratis.server.impl.FollowerState.run(FollowerState.java:118)
2022-04-27 10:52:05,530 [EventQueue-PipelineReportForPipelineReportHandler] INFO  pipeline.PipelineManagerImpl (PipelineManagerImpl.java:openPipeline(328)) - Pipeline Pipeline[ Id: 42eb8c22-99cc-4ce6-a0af-eef7e24d5ddb, Nodes: fc150688-1f76-4ec0-a672-aaf91f0753c3{ip: 10.1.0.29, host: fv-az270-423.tacnzluakwdehk1hpragurqkma.bx.internal.cloudapp.net, ports: [REPLICATION=37147, RATIS=37101, RATIS_ADMIN=37101, RATIS_SERVER=37101, STANDALONE=34823], networkLocation: /default-rack, certSerialId: null, persistedOpState: IN_SERVICE, persistedOpStateExpiryEpochSec: 0}5e6908a8-a78b-4a66-9555-b48c04384dc8{ip: 10.1.0.29, host: fv-az270-423.tacnzluakwdehk1hpragurqkma.bx.internal.cloudapp.net, ports: [REPLICATION=43783, RATIS=40571, RATIS_ADMIN=40571, RATIS_SERVER=40571, STANDALONE=44169], networkLocation: /default-rack, certSerialId: null, persistedOpState: IN_SERVICE, persistedOpStateExpiryEpochSec: 0}7171416e-d570-4db8-8282-6e036003ab52{ip: 10.1.0.29, host: fv-az270-423.tacnzluakwdehk1hpragurqkma.bx.internal.cloudapp.net, ports: [REPLICATION=32879, RATIS=35393, RATIS_ADMIN=35393, RATIS_SERVER=35393, STANDALONE=34561], networkLocation: /default-rack, certSerialId: null, persistedOpState: IN_SERVICE, persistedOpStateExpiryEpochSec: 0}, ReplicationConfig: RATIS/THREE, State:ALLOCATED, leaderId:5e6908a8-a78b-4a66-9555-b48c04384dc8, CreationTimestamp2022-04-27T10:51:58.061Z[Etc/UTC]] moved to OPEN state
2022-04-27 10:52:05,535 [5e6908a8-a78b-4a66-9555-b48c04384dc8@group-E78063F29D5F-FollowerState] INFO  impl.FollowerState (FollowerState.java:run(134)) - 5e6908a8-a78b-4a66-9555-b48c04384dc8@group-E78063F29D5F-FollowerState: change to CANDIDATE, lastRpcElapsedTime:5182108299ns, electionTimeout:5181ms
2022-04-27 10:52:05,545 [grpc-default-executor-2] INFO  server.RaftServer$Division (RaftServerImpl.java:requestVote(1078)) - fc150688-1f76-4ec0-a672-aaf91f0753c3@group-EEF7E24D5DDB replies to ELECTION vote request: 5e6908a8-a78b-4a66-9555-b48c04384dc8<-fc150688-1f76-4ec0-a672-aaf91f0753c3#0:OK-t1. Peer's state: fc150688-1f76-4ec0-a672-aaf91f0753c3@group-EEF7E24D5DDB:t1, leader=null, voted=5e6908a8-a78b-4a66-9555-b48c04384dc8, raftlog=fc150688-1f76-4ec0-a672-aaf91f0753c3@group-EEF7E24D5DDB-SegmentedRaftLog:OPENED:c-1, conf=-1: [7171416e-d570-4db8-8282-6e036003ab52|rpc:10.1.0.29:35393|dataStream:|priority:0, 5e6908a8-a78b-4a66-9555-b48c04384dc8|rpc:10.1.0.29:40571|dataStream:|priority:1, fc150688-1f76-4ec0-a672-aaf91f0753c3|rpc:10.1.0.29:37101|dataStream:|priority:0], old=null
2022-04-27 10:52:05,550 [7171416e-d570-4db8-8282-6e036003ab52@group-E78063F29D5F-FollowerState] INFO  impl.RoleInfo (RoleInfo.java:shutdownFollowerState(108)) - 7171416e-d570-4db8-8282-6e036003ab52: shutdown 7171416e-d570-4db8-8282-6e036003ab52@group-E78063F29D5F-FollowerState
2022-04-27 10:52:05,550 [7171416e-d570-4db8-8282-6e036003ab52@group-E78063F29D5F-FollowerState] INFO  server.RaftServer$Division (RaftServerImpl.java:setRole(290)) - 7171416e-d570-4db8-8282-6e036003ab52@group-E78063F29D5F: changes role from  FOLLOWER to CANDIDATE at term 0 for changeToCandidate
2022-04-27 10:52:05,550 [5e6908a8-a78b-4a66-9555-b48c04384dc8@group-E78063F29D5F-FollowerState] INFO  impl.RoleInfo (RoleInfo.java:shutdownFollowerState(108)) - 5e6908a8-a78b-4a66-9555-b48c04384dc8: shutdown 5e6908a8-a78b-4a66-9555-b48c04384dc8@group-E78063F29D5F-FollowerState
2022-04-27 10:52:05,561 [5e6908a8-a78b-4a66-9555-b48c04384dc8@group-E78063F29D5F-FollowerState] INFO  server.RaftServer$Division (RaftServerImpl.java:setRole(290)) - 5e6908a8-a78b-4a66-9555-b48c04384dc8@group-E78063F29D5F: changes role from  FOLLOWER to CANDIDATE at term 0 for changeToCandidate
2022-04-27 10:52:05,561 [5e6908a8-a78b-4a66-9555-b48c04384dc8@group-E78063F29D5F-FollowerState] INFO  server.RaftServerConfigKeys (ConfUtils.java:logGet(44)) - raft.server.leaderelection.pre-vote = false (custom)
2022-04-27 10:52:05,561 [5e6908a8-a78b-4a66-9555-b48c04384dc8@group-E78063F29D5F-FollowerState] INFO  impl.RoleInfo (RoleInfo.java:updateAndGet(130)) - 5e6908a8-a78b-4a66-9555-b48c04384dc8: start 5e6908a8-a78b-4a66-9555-b48c04384dc8@group-E78063F29D5F-LeaderElection16
2022-04-27 10:52:05,561 [fc150688-1f76-4ec0-a672-aaf91f0753c3@group-E78063F29D5F-LeaderElection14] INFO  impl.LeaderElection (LeaderElection.java:askForVotes(306)) - fc150688-1f76-4ec0-a672-aaf91f0753c3@group-E78063F29D5F-LeaderElection14 ELECTION round 0: submit vote requests at term 1 for -1: [7171416e-d570-4db8-8282-6e036003ab52|rpc:10.1.0.29:35393|dataStream:|priority:0, 5e6908a8-a78b-4a66-9555-b48c04384dc8|rpc:10.1.0.29:40571|dataStream:|priority:0, fc150688-1f76-4ec0-a672-aaf91f0753c3|rpc:10.1.0.29:37101|dataStream:|priority:1], old=null
2022-04-27 10:52:05,556 [7171416e-d570-4db8-8282-6e036003ab52@group-E78063F29D5F-FollowerState] INFO  server.RaftServerConfigKeys (ConfUtils.java:logGet(44)) - raft.server.leaderelection.pre-vote = false (custom)
2022-04-27 10:52:05,562 [7171416e-d570-4db8-8282-6e036003ab52@group-E78063F29D5F-FollowerState] INFO  impl.RoleInfo (RoleInfo.java:updateAndGet(130)) - 7171416e-d570-4db8-8282-6e036003ab52: start 7171416e-d570-4db8-8282-6e036003ab52@group-E78063F29D5F-LeaderElection15
2022-04-27 10:52:05,551 [5e6908a8-a78b-4a66-9555-b48c04384dc8@group-EEF7E24D5DDB-LeaderElection13] INFO  server.RaftServerConfigKeys (ConfUtils.java:logGet(44)) - raft.server.watch.timeout = 10000ms (default)
2022-04-27 10:52:05,589 [5e6908a8-a78b-4a66-9555-b48c04384dc8@group-EEF7E24D5DDB-LeaderElection13] INFO  server.RaftServerConfigKeys (ConfUtils.java:logGet(44)) - raft.server.watch.timeout.denomination = 1s (default)
2022-04-27 10:52:05,589 [5e6908a8-a78b-4a66-9555-b48c04384dc8@group-EEF7E24D5DDB-LeaderElection13] INFO  server.RaftServerConfigKeys (ConfUtils.java:logGet(44)) - raft.server.watch.element-limit = 65536 (default)
2022-04-27 10:52:05,589 [5e6908a8-a78b-4a66-9555-b48c04384dc8@group-EEF7E24D5DDB-LeaderElection13] INFO  server.RaftServerConfigKeys (ConfUtils.java:logGet(44)) - raft.server.write.element-limit = 1024 (custom)
2022-04-27 10:52:05,589 [5e6908a8-a78b-4a66-9555-b48c04384dc8@group-EEF7E24D5DDB-LeaderElection13] INFO  server.RaftServerConfigKeys (ConfUtils.java:logGet(44)) - raft.server.write.follower.gap.ratio.max = -1.0 (default)
2022-04-27 10:52:05,590 [5e6908a8-a78b-4a66-9555-b48c04384dc8@group-EEF7E24D5DDB-LeaderElection13] INFO  server.RaftServerConfigKeys (ConfUtils.java:logGet(44)) - raft.server.log.appender.snapshot.chunk.size.max = 16MB (=16777216) (default)
2022-04-27 10:52:05,590 [5e6908a8-a78b-4a66-9555-b48c04384dc8@group-EEF7E24D5DDB-LeaderElection13] INFO  server.RaftServerConfigKeys (ConfUtils.java:logGet(44)) - raft.server.log.appender.buffer.byte-limit = 33554432 (custom)
2022-04-27 10:52:05,590 [5e6908a8-a78b-4a66-9555-b48c04384dc8@group-EEF7E24D5DDB-LeaderElection13] INFO  server.RaftServerConfigKeys (ConfUtils.java:logGet(44)) - raft.server.log.appender.buffer.element-limit = 1 (custom)
2022-04-27 10:52:05,590 [5e6908a8-a78b-4a66-9555-b48c04384dc8@group-EEF7E24D5DDB-LeaderElection13] INFO  grpc.GrpcConfigKeys (ConfUtils.java:logGet(44)) - raft.grpc.server.leader.outstanding.appends.max = 128 (default)
2022-04-27 10:52:05,590 [5e6908a8-a78b-4a66-9555-b48c04384dc8@group-EEF7E24D5DDB-LeaderElection13] INFO  server.RaftServerConfigKeys (ConfUtils.java:logGet(44)) - raft.server.rpc.request.timeout = 3000ms (default)
2022-04-27 10:52:05,590 [5e6908a8-a78b-4a66-9555-b48c04384dc8@group-EEF7E24D5DDB-LeaderElection13] INFO  server.RaftServerConfigKeys (ConfUtils.java:logGet(44)) - raft.server.log.appender.install.snapshot.enabled = false (custom)
2022-04-27 10:52:05,591 [5e6908a8-a78b-4a66-9555-b48c04384dc8@group-EEF7E24D5DDB-LeaderElection13] INFO  server.RaftServerConfigKeys (ConfUtils.java:logGet(44)) - raft.server.log.appender.snapshot.chunk.size.max = 16MB (=16777216) (default)
2022-04-27 10:52:05,591 [5e6908a8-a78b-4a66-9555-b48c04384dc8@group-EEF7E24D5DDB-LeaderElection13] INFO  server.RaftServerConfigKeys (ConfUtils.java:logGet(44)) - raft.server.log.appender.buffer.byte-limit = 33554432 (custom)
2022-04-27 10:52:05,591 [5e6908a8-a78b-4a66-9555-b48c04384dc8@group-EEF7E24D5DDB-LeaderElection13] INFO  server.RaftServerConfigKeys (ConfUtils.java:logGet(44)) - raft.server.log.appender.buffer.element-limit = 1 (custom)
2022-04-27 10:52:05,591 [5e6908a8-a78b-4a66-9555-b48c04384dc8@group-EEF7E24D5DDB-LeaderElection13] INFO  grpc.GrpcConfigKeys (ConfUtils.java:logGet(44)) - raft.grpc.server.leader.outstanding.appends.max = 128 (default)
2022-04-27 10:52:05,591 [5e6908a8-a78b-4a66-9555-b48c04384dc8@group-EEF7E24D5DDB-LeaderElection13] INFO  server.RaftServerConfigKeys (ConfUtils.java:logGet(44)) - raft.server.rpc.request.timeout = 3000ms (default)
2022-04-27 10:52:05,591 [5e6908a8-a78b-4a66-9555-b48c04384dc8@group-EEF7E24D5DDB-LeaderElection13] INFO  server.RaftServerConfigKeys (ConfUtils.java:logGet(44)) - raft.server.log.appender.install.snapshot.enabled = false (custom)
2022-04-27 10:52:05,593 [grpc-default-executor-2] INFO  server.RaftServer$Division (RaftServerImpl.java:requestVote(1046)) - 7171416e-d570-4db8-8282-6e036003ab52@group-E78063F29D5F: receive requestVote(ELECTION, fc150688-1f76-4ec0-a672-aaf91f0753c3, group-E78063F29D5F, 1, (t:0, i:0))
2022-04-27 10:52:05,593 [5e6908a8-a78b-4a66-9555-b48c04384dc8@group-EEF7E24D5DDB-LeaderElection13] INFO  impl.RoleInfo (RoleInfo.java:updateAndGet(130)) - 5e6908a8-a78b-4a66-9555-b48c04384dc8: start 5e6908a8-a78b-4a66-9555-b48c04384dc8@group-EEF7E24D5DDB-LeaderStateImpl
2022-04-27 10:52:05,593 [7171416e-d570-4db8-8282-6e036003ab52@group-E78063F29D5F-LeaderElection15] INFO  impl.LeaderElection (LeaderElection.java:askForVotes(306)) - 7171416e-d570-4db8-8282-6e036003ab52@group-E78063F29D5F-LeaderElection15 ELECTION round 0: submit vote requests at term 1 for -1: [7171416e-d570-4db8-8282-6e036003ab52|rpc:10.1.0.29:35393|dataStream:|priority:0, 5e6908a8-a78b-4a66-9555-b48c04384dc8|rpc:10.1.0.29:40571|dataStream:|priority:0, fc150688-1f76-4ec0-a672-aaf91f0753c3|rpc:10.1.0.29:37101|dataStream:|priority:1], old=null
2022-04-27 10:52:05,593 [5e6908a8-a78b-4a66-9555-b48c04384dc8@group-EEF7E24D5DDB-LeaderElection13] INFO  segmented.SegmentedRaftLogWorker (SegmentedRaftLogWorker.java:startLogSegment(394)) - 5e6908a8-a78b-4a66-9555-b48c04384dc8@group-EEF7E24D5DDB-SegmentedRaftLogWorker: Starting segment from index:0
2022-04-27 10:52:05,594 [5e6908a8-a78b-4a66-9555-b48c04384dc8@group-E78063F29D5F-LeaderElection16] INFO  impl.LeaderElection (LeaderElection.java:askForVotes(306)) - 5e6908a8-a78b-4a66-9555-b48c04384dc8@group-E78063F29D5F-LeaderElection16 ELECTION round 0: submit vote requests at term 1 for -1: [7171416e-d570-4db8-8282-6e036003ab52|rpc:10.1.0.29:35393|priority:0, 5e6908a8-a78b-4a66-9555-b48c04384dc8|rpc:10.1.0.29:40571|priority:0, fc150688-1f76-4ec0-a672-aaf91f0753c3|rpc:10.1.0.29:37101|priority:1], old=null
2022-04-27 10:52:05,642 [grpc-default-executor-2] INFO  impl.VoteContext (VoteContext.java:log(48)) - 7171416e-d570-4db8-8282-6e036003ab52@group-E78063F29D5F-CANDIDATE: reject ELECTION from fc150688-1f76-4ec0-a672-aaf91f0753c3: already has voted for 7171416e-d570-4db8-8282-6e036003ab52 at current term 1
2022-04-27 10:52:05,643 [grpc-default-executor-2] INFO  server.RaftServer$Division (RaftServerImpl.java:requestVote(1078)) - 7171416e-d570-4db8-8282-6e036003ab52@group-E78063F29D5F replies to ELECTION vote request: fc150688-1f76-4ec0-a672-aaf91f0753c3<-7171416e-d570-4db8-8282-6e036003ab52#0:FAIL-t1. Peer's state: 7171416e-d570-4db8-8282-6e036003ab52@group-E78063F29D5F:t1, leader=null, voted=7171416e-d570-4db8-8282-6e036003ab52, raftlog=7171416e-d570-4db8-8282-6e036003ab52@group-E78063F29D5F-SegmentedRaftLog:OPENED:c-1, conf=-1: [7171416e-d570-4db8-8282-6e036003ab52|rpc:10.1.0.29:35393|dataStream:|priority:0, 5e6908a8-a78b-4a66-9555-b48c04384dc8|rpc:10.1.0.29:40571|dataStream:|priority:0, fc150688-1f76-4ec0-a672-aaf91f0753c3|rpc:10.1.0.29:37101|dataStream:|priority:1], old=null
2022-04-27 10:52:05,643 [grpc-default-executor-1] INFO  server.RaftServer$Division (RaftServerImpl.java:requestVote(1046)) - 5e6908a8-a78b-4a66-9555-b48c04384dc8@group-E78063F29D5F: receive requestVote(ELECTION, 7171416e-d570-4db8-8282-6e036003ab52, group-E78063F29D5F, 1, (t:0, i:0))
2022-04-27 10:52:05,643 [grpc-default-executor-1] INFO  impl.VoteContext (VoteContext.java:log(48)) - 5e6908a8-a78b-4a66-9555-b48c04384dc8@group-E78063F29D5F-CANDIDATE: reject ELECTION from 7171416e-d570-4db8-8282-6e036003ab52: already has voted for 5e6908a8-a78b-4a66-9555-b48c04384dc8 at current term 1
2022-04-27 10:52:05,643 [grpc-default-executor-1] INFO  server.RaftServer$Division (RaftServerImpl.java:requestVote(1078)) - 5e6908a8-a78b-4a66-9555-b48c04384dc8@group-E78063F29D5F replies to ELECTION vote request: 7171416e-d570-4db8-8282-6e036003ab52<-5e6908a8-a78b-4a66-9555-b48c04384dc8#0:FAIL-t1. Peer's state: 5e6908a8-a78b-4a66-9555-b48c04384dc8@group-E78063F29D5F:t1, leader=null, voted=5e6908a8-a78b-4a66-9555-b48c04384dc8, raftlog=5e6908a8-a78b-4a66-9555-b48c04384dc8@group-E78063F29D5F-SegmentedRaftLog:OPENED:c-1, conf=-1: [7171416e-d570-4db8-8282-6e036003ab52|rpc:10.1.0.29:35393|priority:0, 5e6908a8-a78b-4a66-9555-b48c04384dc8|rpc:10.1.0.29:40571|priority:0, fc150688-1f76-4ec0-a672-aaf91f0753c3|rpc:10.1.0.29:37101|priority:1], old=null
2022-04-27 10:52:05,651 [5e6908a8-a78b-4a66-9555-b48c04384dc8@group-EEF7E24D5DDB-SegmentedRaftLogWorker] INFO  segmented.SegmentedRaftLogWorker (SegmentedRaftLogWorker.java:execute(601)) - 5e6908a8-a78b-4a66-9555-b48c04384dc8@group-EEF7E24D5DDB-SegmentedRaftLogWorker: created new log segment /home/runner/work/ozone/ozone/hadoop-ozone/integration-test/target/test-dir/MiniOzoneClusterImpl-6fb830c9-5413-49cc-a625-6cf41c4e5c97/datanode-6/data/ratis/42eb8c22-99cc-4ce6-a0af-eef7e24d5ddb/current/log_inprogress_0
2022-04-27 10:52:05,661 [grpc-default-executor-1] INFO  server.RaftServer$Division (RaftServerImpl.java:requestVote(1046)) - fc150688-1f76-4ec0-a672-aaf91f0753c3@group-E78063F29D5F: receive requestVote(ELECTION, 7171416e-d570-4db8-8282-6e036003ab52, group-E78063F29D5F, 1, (t:0, i:0))
2022-04-27 10:52:05,670 [grpc-default-executor-1] INFO  impl.VoteContext (VoteContext.java:log(48)) - fc150688-1f76-4ec0-a672-aaf91f0753c3@group-E78063F29D5F-CANDIDATE: reject ELECTION from 7171416e-d570-4db8-8282-6e036003ab52: already has voted for fc150688-1f76-4ec0-a672-aaf91f0753c3 at current term 1
2022-04-27 10:52:05,670 [grpc-default-executor-1] INFO  server.RaftServer$Division (RaftServerImpl.java:requestVote(1078)) - fc150688-1f76-4ec0-a672-aaf91f0753c3@group-E78063F29D5F replies to ELECTION vote request: 7171416e-d570-4db8-8282-6e036003ab52<-fc150688-1f76-4ec0-a672-aaf91f0753c3#0:FAIL-t1. Peer's state: fc150688-1f76-4ec0-a672-aaf91f0753c3@group-E78063F29D5F:t1, leader=null, voted=fc150688-1f76-4ec0-a672-aaf91f0753c3, raftlog=fc150688-1f76-4ec0-a672-aaf91f0753c3@group-E78063F29D5F-SegmentedRaftLog:OPENED:c-1, conf=-1: [7171416e-d570-4db8-8282-6e036003ab52|rpc:10.1.0.29:35393|dataStream:|priority:0, 5e6908a8-a78b-4a66-9555-b48c04384dc8|rpc:10.1.0.29:40571|dataStream:|priority:0, fc150688-1f76-4ec0-a672-aaf91f0753c3|rpc:10.1.0.29:37101|dataStream:|priority:1], old=null
2022-04-27 10:52:05,684 [5e6908a8-a78b-4a66-9555-b48c04384dc8@group-EEF7E24D5DDB-LeaderElection13] INFO  server.RaftServer$Division (ServerState.java:setRaftConf(387)) - 5e6908a8-a78b-4a66-9555-b48c04384dc8@group-EEF7E24D5DDB: set configuration 0: [7171416e-d570-4db8-8282-6e036003ab52|rpc:10.1.0.29:35393|dataStream:|priority:0, 5e6908a8-a78b-4a66-9555-b48c04384dc8|rpc:10.1.0.29:40571|dataStream:|priority:1, fc150688-1f76-4ec0-a672-aaf91f0753c3|rpc:10.1.0.29:37101|dataStream:|priority:0], old=null
2022-04-27 10:52:05,691 [grpc-default-executor-1] INFO  server.RaftServer$Division (RaftServerImpl.java:requestVote(1046)) - fc150688-1f76-4ec0-a672-aaf91f0753c3@group-E78063F29D5F: receive requestVote(ELECTION, 5e6908a8-a78b-4a66-9555-b48c04384dc8, group-E78063F29D5F, 1, (t:0, i:0))
2022-04-27 10:52:05,705 [grpc-default-executor-1] INFO  impl.VoteContext (VoteContext.java:log(48)) - fc150688-1f76-4ec0-a672-aaf91f0753c3@group-E78063F29D5F-CANDIDATE: reject ELECTION from 5e6908a8-a78b-4a66-9555-b48c04384dc8: already has voted for fc150688-1f76-4ec0-a672-aaf91f0753c3 at current term 1
2022-04-27 10:52:05,705 [grpc-default-executor-1] INFO  server.RaftServer$Division (RaftServerImpl.java:requestVote(1078)) - fc150688-1f76-4ec0-a672-aaf91f0753c3@group-E78063F29D5F replies to ELECTION vote request: 5e6908a8-a78b-4a66-9555-b48c04384dc8<-fc150688-1f76-4ec0-a672-aaf91f0753c3#0:FAIL-t1. Peer's state: fc150688-1f76-4ec0-a672-aaf91f0753c3@group-E78063F29D5F:t1, leader=null, voted=fc150688-1f76-4ec0-a672-aaf91f0753c3, raftlog=fc150688-1f76-4ec0-a672-aaf91f0753c3@group-E78063F29D5F-SegmentedRaftLog:OPENED:c-1, conf=-1: [7171416e-d570-4db8-8282-6e036003ab52|rpc:10.1.0.29:35393|dataStream:|priority:0, 5e6908a8-a78b-4a66-9555-b48c04384dc8|rpc:10.1.0.29:40571|dataStream:|priority:0, fc150688-1f76-4ec0-a672-aaf91f0753c3|rpc:10.1.0.29:37101|dataStream:|priority:1], old=null
2022-04-27 10:52:05,692 [7171416e-d570-4db8-8282-6e036003ab52@group-E78063F29D5F-LeaderElection15] INFO  impl.LeaderElection (LeaderElection.java:logAndReturn(89)) - 7171416e-d570-4db8-8282-6e036003ab52@group-E78063F29D5F-LeaderElection15: ELECTION REJECTED received 2 response(s) and 0 exception(s):
2022-04-27 10:52:05,708 [7171416e-d570-4db8-8282-6e036003ab52@group-E78063F29D5F-LeaderElection15] INFO  impl.LeaderElection (LeaderElection.java:logAndReturn(93)) -   Response 0: 7171416e-d570-4db8-8282-6e036003ab52<-5e6908a8-a78b-4a66-9555-b48c04384dc8#0:FAIL-t1
2022-04-27 10:52:05,708 [7171416e-d570-4db8-8282-6e036003ab52@group-E78063F29D5F-LeaderElection15] INFO  impl.LeaderElection (LeaderElection.java:logAndReturn(93)) -   Response 1: 7171416e-d570-4db8-8282-6e036003ab52<-fc150688-1f76-4ec0-a672-aaf91f0753c3#0:FAIL-t1
2022-04-27 10:52:05,708 [7171416e-d570-4db8-8282-6e036003ab52@group-E78063F29D5F-LeaderElection15] INFO  impl.LeaderElection (LeaderElection.java:askForVotes(308)) - 7171416e-d570-4db8-8282-6e036003ab52@group-E78063F29D5F-LeaderElection15 ELECTION round 0: result REJECTED
2022-04-27 10:52:05,708 [7171416e-d570-4db8-8282-6e036003ab52@group-E78063F29D5F-LeaderElection15] INFO  server.RaftServer$Division (RaftServerImpl.java:setRole(290)) - 7171416e-d570-4db8-8282-6e036003ab52@group-E78063F29D5F: changes role from CANDIDATE to FOLLOWER at term 1 for REJECTED
2022-04-27 10:52:05,708 [7171416e-d570-4db8-8282-6e036003ab52@group-E78063F29D5F-LeaderElection15] INFO  impl.RoleInfo (RoleInfo.java:shutdownLeaderElection(121)) - 7171416e-d570-4db8-8282-6e036003ab52: shutdown 7171416e-d570-4db8-8282-6e036003ab52@group-E78063F29D5F-LeaderElection15
2022-04-27 10:52:05,708 [7171416e-d570-4db8-8282-6e036003ab52@group-E78063F29D5F-LeaderElection15] INFO  impl.RoleInfo (RoleInfo.java:updateAndGet(130)) - 7171416e-d570-4db8-8282-6e036003ab52: start 7171416e-d570-4db8-8282-6e036003ab52@group-E78063F29D5F-FollowerState
2022-04-27 10:52:05,701 [grpc-default-executor-2] INFO  ratis.XceiverServerRatis (XceiverServerRatis.java:handleLeaderChangedNotification(863)) - Leader change notification received for group: group-EEF7E24D5DDB with new leaderId: 5e6908a8-a78b-4a66-9555-b48c04384dc8
2022-04-27 10:52:05,701 [5e6908a8-a78b-4a66-9555-b48c04384dc8@group-EEF7E24D5DDB-StateMachineUpdater] INFO  ratis.ContainerStateMachine (ContainerStateMachine.java:takeSnapshot(304)) - group-EEF7E24D5DDB: Taking a snapshot at:(t:1, i:0) file /home/runner/work/ozone/ozone/hadoop-ozone/integration-test/target/test-dir/MiniOzoneClusterImpl-6fb830c9-5413-49cc-a625-6cf41c4e5c97/datanode-6/data/ratis/42eb8c22-99cc-4ce6-a0af-eef7e24d5ddb/sm/snapshot.1_0
2022-04-27 10:52:05,692 [grpc-default-executor-0] INFO  server.RaftServer$Division (RaftServerImpl.java:requestVote(1046)) - 7171416e-d570-4db8-8282-6e036003ab52@group-E78063F29D5F: receive requestVote(ELECTION, 5e6908a8-a78b-4a66-9555-b48c04384dc8, group-E78063F29D5F, 1, (t:0, i:0))
2022-04-27 10:52:05,711 [5e6908a8-a78b-4a66-9555-b48c04384dc8@group-EEF7E24D5DDB-StateMachineUpdater] INFO  ratis.ContainerStateMachine (ContainerStateMachine.java:takeSnapshot(315)) - group-EEF7E24D5DDB: Finished taking a snapshot at:(t:1, i:0) file:/home/runner/work/ozone/ozone/hadoop-ozone/integration-test/target/test-dir/MiniOzoneClusterImpl-6fb830c9-5413-49cc-a625-6cf41c4e5c97/datanode-6/data/ratis/42eb8c22-99cc-4ce6-a0af-eef7e24d5ddb/sm/snapshot.1_0 took: 10 ms
2022-04-27 10:52:05,711 [grpc-default-executor-2] INFO  server.RaftServer$Division (ServerState.java:setLeader(285)) - fc150688-1f76-4ec0-a672-aaf91f0753c3@group-EEF7E24D5DDB: change Leader from null to 5e6908a8-a78b-4a66-9555-b48c04384dc8 at term 1 for appendEntries, leader elected after 5219ms
2022-04-27 10:52:05,712 [5e6908a8-a78b-4a66-9555-b48c04384dc8@group-EEF7E24D5DDB-StateMachineUpdater] INFO  impl.StateMachineUpdater (StateMachineUpdater.java:takeSnapshot(281)) - 5e6908a8-a78b-4a66-9555-b48c04384dc8@group-EEF7E24D5DDB-StateMachineUpdater: Took a snapshot at index 0
2022-04-27 10:52:05,712 [5e6908a8-a78b-4a66-9555-b48c04384dc8@group-EEF7E24D5DDB-StateMachineUpdater] INFO  impl.StateMachineUpdater (StateMachineUpdater.java:lambda$new$0(89)) - 5e6908a8-a78b-4a66-9555-b48c04384dc8@group-EEF7E24D5DDB-StateMachineUpdater: snapshotIndex: updateIncreasingly -1 -> 0
2022-04-27 10:52:05,717 [grpc-default-executor-0] INFO  impl.VoteContext (VoteContext.java:log(48)) - 7171416e-d570-4db8-8282-6e036003ab52@group-E78063F29D5F-FOLLOWER: reject ELECTION from 5e6908a8-a78b-4a66-9555-b48c04384dc8: already has voted for 7171416e-d570-4db8-8282-6e036003ab52 at current term 1
2022-04-27 10:52:05,718 [grpc-default-executor-0] INFO  server.RaftServer$Division (RaftServerImpl.java:requestVote(1078)) - 7171416e-d570-4db8-8282-6e036003ab52@group-E78063F29D5F replies to ELECTION vote request: 5e6908a8-a78b-4a66-9555-b48c04384dc8<-7171416e-d570-4db8-8282-6e036003ab52#0:FAIL-t1. Peer's state: 7171416e-d570-4db8-8282-6e036003ab52@group-E78063F29D5F:t1, leader=null, voted=7171416e-d570-4db8-8282-6e036003ab52, raftlog=7171416e-d570-4db8-8282-6e036003ab52@group-E78063F29D5F-SegmentedRaftLog:OPENED:c-1, conf=-1: [7171416e-d570-4db8-8282-6e036003ab52|rpc:10.1.0.29:35393|dataStream:|priority:0, 5e6908a8-a78b-4a66-9555-b48c04384dc8|rpc:10.1.0.29:40571|dataStream:|priority:0, fc150688-1f76-4ec0-a672-aaf91f0753c3|rpc:10.1.0.29:37101|dataStream:|priority:1], old=null
2022-04-27 10:52:05,721 [5e6908a8-a78b-4a66-9555-b48c04384dc8@group-E78063F29D5F-LeaderElection16] INFO  impl.LeaderElection (LeaderElection.java:logAndReturn(89)) - 5e6908a8-a78b-4a66-9555-b48c04384dc8@group-E78063F29D5F-LeaderElection16: ELECTION REJECTED received 1 response(s) and 0 exception(s):
2022-04-27 10:52:05,722 [5e6908a8-a78b-4a66-9555-b48c04384dc8@group-E78063F29D5F-LeaderElection16] INFO  impl.LeaderElection (LeaderElection.java:logAndReturn(93)) -   Response 0: 5e6908a8-a78b-4a66-9555-b48c04384dc8<-fc150688-1f76-4ec0-a672-aaf91f0753c3#0:FAIL-t1
2022-04-27 10:52:05,722 [5e6908a8-a78b-4a66-9555-b48c04384dc8@group-E78063F29D5F-LeaderElection16] INFO  impl.LeaderElection (LeaderElection.java:askForVotes(308)) - 5e6908a8-a78b-4a66-9555-b48c04384dc8@group-E78063F29D5F-LeaderElection16 ELECTION round 0: result REJECTED
2022-04-27 10:52:05,722 [5e6908a8-a78b-4a66-9555-b48c04384dc8@group-E78063F29D5F-LeaderElection16] INFO  server.RaftServer$Division (RaftServerImpl.java:setRole(290)) - 5e6908a8-a78b-4a66-9555-b48c04384dc8@group-E78063F29D5F: changes role from CANDIDATE to FOLLOWER at term 1 for REJECTED
2022-04-27 10:52:05,722 [5e6908a8-a78b-4a66-9555-b48c04384dc8@group-E78063F29D5F-LeaderElection16] INFO  impl.RoleInfo (RoleInfo.java:shutdownLeaderElection(121)) - 5e6908a8-a78b-4a66-9555-b48c04384dc8: shutdown 5e6908a8-a78b-4a66-9555-b48c04384dc8@group-E78063F29D5F-LeaderElection16
2022-04-27 10:52:05,722 [5e6908a8-a78b-4a66-9555-b48c04384dc8@group-E78063F29D5F-LeaderElection16] INFO  impl.RoleInfo (RoleInfo.java:updateAndGet(130)) - 5e6908a8-a78b-4a66-9555-b48c04384dc8: start 5e6908a8-a78b-4a66-9555-b48c04384dc8@group-E78063F29D5F-FollowerState
2022-04-27 10:52:05,732 [grpc-default-executor-0] INFO  ratis.XceiverServerRatis (XceiverServerRatis.java:handleLeaderChangedNotification(863)) - Leader change notification received for group: group-EEF7E24D5DDB with new leaderId: 5e6908a8-a78b-4a66-9555-b48c04384dc8
2022-04-27 10:52:05,732 [grpc-default-executor-0] INFO  server.RaftServer$Division (ServerState.java:setLeader(285)) - 7171416e-d570-4db8-8282-6e036003ab52@group-EEF7E24D5DDB: change Leader from null to 5e6908a8-a78b-4a66-9555-b48c04384dc8 at term 1 for appendEntries, leader elected after 5206ms
2022-04-27 10:52:05,751 [grpc-default-executor-4] INFO  server.RaftServer$Division (RaftServerImpl.java:requestVote(1046)) - 5e6908a8-a78b-4a66-9555-b48c04384dc8@group-E78063F29D5F: receive requestVote(ELECTION, fc150688-1f76-4ec0-a672-aaf91f0753c3, group-E78063F29D5F, 1, (t:0, i:0))
2022-04-27 10:52:05,751 [grpc-default-executor-4] INFO  impl.VoteContext (VoteContext.java:log(48)) - 5e6908a8-a78b-4a66-9555-b48c04384dc8@group-E78063F29D5F-FOLLOWER: reject ELECTION from fc150688-1f76-4ec0-a672-aaf91f0753c3: already has voted for 5e6908a8-a78b-4a66-9555-b48c04384dc8 at current term 1
2022-04-27 10:52:05,751 [grpc-default-executor-4] INFO  server.RaftServer$Division (RaftServerImpl.java:requestVote(1078)) - 5e6908a8-a78b-4a66-9555-b48c04384dc8@group-E78063F29D5F replies to ELECTION vote request: fc150688-1f76-4ec0-a672-aaf91f0753c3<-5e6908a8-a78b-4a66-9555-b48c04384dc8#0:FAIL-t1. Peer's state: 5e6908a8-a78b-4a66-9555-b48c04384dc8@group-E78063F29D5F:t1, leader=null, voted=5e6908a8-a78b-4a66-9555-b48c04384dc8, raftlog=5e6908a8-a78b-4a66-9555-b48c04384dc8@group-E78063F29D5F-SegmentedRaftLog:OPENED:c-1, conf=-1: [7171416e-d570-4db8-8282-6e036003ab52|rpc:10.1.0.29:35393|priority:0, 5e6908a8-a78b-4a66-9555-b48c04384dc8|rpc:10.1.0.29:40571|priority:0, fc150688-1f76-4ec0-a672-aaf91f0753c3|rpc:10.1.0.29:37101|priority:1], old=null
2022-04-27 10:52:05,752 [grpc-default-executor-2] INFO  server.RaftServer$Division (ServerState.java:setRaftConf(387)) - fc150688-1f76-4ec0-a672-aaf91f0753c3@group-EEF7E24D5DDB: set configuration 0: [7171416e-d570-4db8-8282-6e036003ab52|rpc:10.1.0.29:35393|dataStream:|priority:0, 5e6908a8-a78b-4a66-9555-b48c04384dc8|rpc:10.1.0.29:40571|dataStream:|priority:1, fc150688-1f76-4ec0-a672-aaf91f0753c3|rpc:10.1.0.29:37101|dataStream:|priority:0], old=null
2022-04-27 10:52:05,752 [grpc-default-executor-2] INFO  segmented.SegmentedRaftLogWorker (SegmentedRaftLogWorker.java:startLogSegment(394)) - fc150688-1f76-4ec0-a672-aaf91f0753c3@group-EEF7E24D5DDB-SegmentedRaftLogWorker: Starting segment from index:0
2022-04-27 10:52:05,760 [fc150688-1f76-4ec0-a672-aaf91f0753c3@group-E78063F29D5F-LeaderElection14] INFO  impl.LeaderElection (LeaderElection.java:logAndReturn(89)) - fc150688-1f76-4ec0-a672-aaf91f0753c3@group-E78063F29D5F-LeaderElection14: ELECTION REJECTED received 2 response(s) and 0 exception(s):
2022-04-27 10:52:05,760 [fc150688-1f76-4ec0-a672-aaf91f0753c3@group-E78063F29D5F-LeaderElection14] INFO  impl.LeaderElection (LeaderElection.java:logAndReturn(93)) -   Response 0: fc150688-1f76-4ec0-a672-aaf91f0753c3<-7171416e-d570-4db8-8282-6e036003ab52#0:FAIL-t1
2022-04-27 10:52:05,760 [fc150688-1f76-4ec0-a672-aaf91f0753c3@group-E78063F29D5F-LeaderElection14] INFO  impl.LeaderElection (LeaderElection.java:logAndReturn(93)) -   Response 1: fc150688-1f76-4ec0-a672-aaf91f0753c3<-5e6908a8-a78b-4a66-9555-b48c04384dc8#0:FAIL-t1
2022-04-27 10:52:05,760 [fc150688-1f76-4ec0-a672-aaf91f0753c3@group-E78063F29D5F-LeaderElection14] INFO  impl.LeaderElection (LeaderElection.java:askForVotes(308)) - fc150688-1f76-4ec0-a672-aaf91f0753c3@group-E78063F29D5F-LeaderElection14 ELECTION round 0: result REJECTED
2022-04-27 10:52:05,760 [fc150688-1f76-4ec0-a672-aaf91f0753c3@group-E78063F29D5F-LeaderElection14] INFO  server.RaftServer$Division (RaftServerImpl.java:setRole(290)) - fc150688-1f76-4ec0-a672-aaf91f0753c3@group-E78063F29D5F: changes role from CANDIDATE to FOLLOWER at term 1 for REJECTED
2022-04-27 10:52:05,767 [fc150688-1f76-4ec0-a672-aaf91f0753c3@group-E78063F29D5F-LeaderElection14] INFO  impl.RoleInfo (RoleInfo.java:shutdownLeaderElection(121)) - fc150688-1f76-4ec0-a672-aaf91f0753c3: shutdown fc150688-1f76-4ec0-a672-aaf91f0753c3@group-E78063F29D5F-LeaderElection14
2022-04-27 10:52:05,767 [fc150688-1f76-4ec0-a672-aaf91f0753c3@group-E78063F29D5F-LeaderElection14] INFO  impl.RoleInfo (RoleInfo.java:updateAndGet(130)) - fc150688-1f76-4ec0-a672-aaf91f0753c3: start fc150688-1f76-4ec0-a672-aaf91f0753c3@group-E78063F29D5F-FollowerState
2022-04-27 10:52:05,761 [fc150688-1f76-4ec0-a672-aaf91f0753c3@group-EEF7E24D5DDB-SegmentedRaftLogWorker] INFO  segmented.SegmentedRaftLogWorker (SegmentedRaftLogWorker.java:execute(601)) - fc150688-1f76-4ec0-a672-aaf91f0753c3@group-EEF7E24D5DDB-SegmentedRaftLogWorker: created new log segment /home/runner/work/ozone/ozone/hadoop-ozone/integration-test/target/test-dir/MiniOzoneClusterImpl-6fb830c9-5413-49cc-a625-6cf41c4e5c97/datanode-8/data/ratis/42eb8c22-99cc-4ce6-a0af-eef7e24d5ddb/current/log_inprogress_0
2022-04-27 10:52:05,795 [grpc-default-executor-2] INFO  server.RaftServer$Division (ServerState.java:setRaftConf(387)) - 7171416e-d570-4db8-8282-6e036003ab52@group-EEF7E24D5DDB: set configuration 0: [7171416e-d570-4db8-8282-6e036003ab52|rpc:10.1.0.29:35393|dataStream:|priority:0, 5e6908a8-a78b-4a66-9555-b48c04384dc8|rpc:10.1.0.29:40571|dataStream:|priority:1, fc150688-1f76-4ec0-a672-aaf91f0753c3|rpc:10.1.0.29:37101|dataStream:|priority:0], old=null
2022-04-27 10:52:05,795 [grpc-default-executor-2] INFO  segmented.SegmentedRaftLogWorker (SegmentedRaftLogWorker.java:startLogSegment(394)) - 7171416e-d570-4db8-8282-6e036003ab52@group-EEF7E24D5DDB-SegmentedRaftLogWorker: Starting segment from index:0
2022-04-27 10:52:05,815 [7171416e-d570-4db8-8282-6e036003ab52@group-EEF7E24D5DDB-SegmentedRaftLogWorker] INFO  segmented.SegmentedRaftLogWorker (SegmentedRaftLogWorker.java:execute(601)) - 7171416e-d570-4db8-8282-6e036003ab52@group-EEF7E24D5DDB-SegmentedRaftLogWorker: created new log segment /home/runner/work/ozone/ozone/hadoop-ozone/integration-test/target/test-dir/MiniOzoneClusterImpl-6fb830c9-5413-49cc-a625-6cf41c4e5c97/datanode-7/data/ratis/42eb8c22-99cc-4ce6-a0af-eef7e24d5ddb/current/log_inprogress_0
2022-04-27 10:52:05,822 [7171416e-d570-4db8-8282-6e036003ab52@group-D4883F05B1B1-FollowerState] INFO  impl.FollowerState (FollowerState.java:run(134)) - 7171416e-d570-4db8-8282-6e036003ab52@group-D4883F05B1B1-FollowerState: change to CANDIDATE, lastRpcElapsedTime:5124447505ns, electionTimeout:5120ms
2022-04-27 10:52:05,822 [7171416e-d570-4db8-8282-6e036003ab52@group-D4883F05B1B1-FollowerState] INFO  impl.RoleInfo (RoleInfo.java:shutdownFollowerState(108)) - 7171416e-d570-4db8-8282-6e036003ab52: shutdown 7171416e-d570-4db8-8282-6e036003ab52@group-D4883F05B1B1-FollowerState
2022-04-27 10:52:05,822 [7171416e-d570-4db8-8282-6e036003ab52@group-D4883F05B1B1-FollowerState] INFO  server.RaftServer$Division (RaftServerImpl.java:setRole(290)) - 7171416e-d570-4db8-8282-6e036003ab52@group-D4883F05B1B1: changes role from  FOLLOWER to CANDIDATE at term 0 for changeToCandidate
2022-04-27 10:52:05,835 [7171416e-d570-4db8-8282-6e036003ab52@group-D4883F05B1B1-FollowerState] INFO  server.RaftServerConfigKeys (ConfUtils.java:logGet(44)) - raft.server.leaderelection.pre-vote = false (custom)
2022-04-27 10:52:05,835 [7171416e-d570-4db8-8282-6e036003ab52@group-D4883F05B1B1-FollowerState] INFO  impl.RoleInfo (RoleInfo.java:updateAndGet(130)) - 7171416e-d570-4db8-8282-6e036003ab52: start 7171416e-d570-4db8-8282-6e036003ab52@group-D4883F05B1B1-LeaderElection17
2022-04-27 10:52:05,848 [7171416e-d570-4db8-8282-6e036003ab52@group-EEF7E24D5DDB-StateMachineUpdater] INFO  ratis.ContainerStateMachine (ContainerStateMachine.java:takeSnapshot(304)) - group-EEF7E24D5DDB: Taking a snapshot at:(t:1, i:0) file /home/runner/work/ozone/ozone/hadoop-ozone/integration-test/target/test-dir/MiniOzoneClusterImpl-6fb830c9-5413-49cc-a625-6cf41c4e5c97/datanode-7/data/ratis/42eb8c22-99cc-4ce6-a0af-eef7e24d5ddb/sm/snapshot.1_0
2022-04-27 10:52:05,856 [7171416e-d570-4db8-8282-6e036003ab52@group-EEF7E24D5DDB-StateMachineUpdater] INFO  ratis.ContainerStateMachine (ContainerStateMachine.java:takeSnapshot(315)) - group-EEF7E24D5DDB: Finished taking a snapshot at:(t:1, i:0) file:/home/runner/work/ozone/ozone/hadoop-ozone/integration-test/target/test-dir/MiniOzoneClusterImpl-6fb830c9-5413-49cc-a625-6cf41c4e5c97/datanode-7/data/ratis/42eb8c22-99cc-4ce6-a0af-eef7e24d5ddb/sm/snapshot.1_0 took: 8 ms
2022-04-27 10:52:05,856 [7171416e-d570-4db8-8282-6e036003ab52@group-EEF7E24D5DDB-StateMachineUpdater] INFO  impl.StateMachineUpdater (StateMachineUpdater.java:takeSnapshot(281)) - 7171416e-d570-4db8-8282-6e036003ab52@group-EEF7E24D5DDB-StateMachineUpdater: Took a snapshot at index 0
2022-04-27 10:52:05,856 [7171416e-d570-4db8-8282-6e036003ab52@group-EEF7E24D5DDB-StateMachineUpdater] INFO  impl.StateMachineUpdater (StateMachineUpdater.java:lambda$new$0(89)) - 7171416e-d570-4db8-8282-6e036003ab52@group-EEF7E24D5DDB-StateMachineUpdater: snapshotIndex: updateIncreasingly -1 -> 0
2022-04-27 10:52:05,866 [5e3f1479-9daf-43cd-8651-224960992f9b@group-DFF27B2A1031-StateMachineUpdater] INFO  ratis.ContainerStateMachine (ContainerStateMachine.java:takeSnapshot(304)) - group-DFF27B2A1031: Taking a snapshot at:(t:1, i:0) file /home/runner/work/ozone/ozone/hadoop-ozone/integration-test/target/test-dir/MiniOzoneClusterImpl-6fb830c9-5413-49cc-a625-6cf41c4e5c97/datanode-5/data/ratis/cf80c735-cb93-438b-a05e-dff27b2a1031/sm/snapshot.1_0
2022-04-27 10:52:05,867 [7171416e-d570-4db8-8282-6e036003ab52@group-D4883F05B1B1-LeaderElection17] INFO  impl.LeaderElection (LeaderElection.java:askForVotes(306)) - 7171416e-d570-4db8-8282-6e036003ab52@group-D4883F05B1B1-LeaderElection17 ELECTION round 0: submit vote requests at term 1 for -1: [7171416e-d570-4db8-8282-6e036003ab52|rpc:10.1.0.29:35393|priority:1], old=null
2022-04-27 10:52:05,867 [7171416e-d570-4db8-8282-6e036003ab52@group-D4883F05B1B1-LeaderElection17] INFO  impl.LeaderElection (LeaderElection.java:askForVotes(308)) - 7171416e-d570-4db8-8282-6e036003ab52@group-D4883F05B1B1-LeaderElection17 ELECTION round 0: result PASSED (term=1)
2022-04-27 10:52:05,867 [7171416e-d570-4db8-8282-6e036003ab52@group-D4883F05B1B1-LeaderElection17] INFO  impl.RoleInfo (RoleInfo.java:shutdownLeaderElection(121)) - 7171416e-d570-4db8-8282-6e036003ab52: shutdown 7171416e-d570-4db8-8282-6e036003ab52@group-D4883F05B1B1-LeaderElection17
2022-04-27 10:52:05,867 [7171416e-d570-4db8-8282-6e036003ab52@group-D4883F05B1B1-LeaderElection17] INFO  server.RaftServer$Division (RaftServerImpl.java:setRole(290)) - 7171416e-d570-4db8-8282-6e036003ab52@group-D4883F05B1B1: changes role from CANDIDATE to LEADER at term 1 for changeToLeader
2022-04-27 10:52:05,867 [7171416e-d570-4db8-8282-6e036003ab52@group-D4883F05B1B1-LeaderElection17] INFO  ratis.XceiverServerRatis (XceiverServerRatis.java:handleLeaderChangedNotification(863)) - Leader change notification received for group: group-D4883F05B1B1 with new leaderId: 7171416e-d570-4db8-8282-6e036003ab52
2022-04-27 10:52:05,867 [7171416e-d570-4db8-8282-6e036003ab52@group-D4883F05B1B1-LeaderElection17] INFO  server.RaftServer$Division (ServerState.java:setLeader(285)) - 7171416e-d570-4db8-8282-6e036003ab52@group-D4883F05B1B1: change Leader from null to 7171416e-d570-4db8-8282-6e036003ab52 at term 1 for becomeLeader, leader elected after 5179ms
2022-04-27 10:52:05,867 [7171416e-d570-4db8-8282-6e036003ab52@group-D4883F05B1B1-LeaderElection17] INFO  server.RaftServerConfigKeys (ConfUtils.java:logGet(44)) - raft.server.staging.catchup.gap = 1000 (default)
2022-04-27 10:52:05,868 [7171416e-d570-4db8-8282-6e036003ab52@group-D4883F05B1B1-LeaderElection17] INFO  server.RaftServerConfigKeys (ConfUtils.java:logGet(44)) - raft.server.write.element-limit = 1024 (custom)
2022-04-27 10:52:05,868 [7171416e-d570-4db8-8282-6e036003ab52@group-D4883F05B1B1-LeaderElection17] INFO  server.RaftServerConfigKeys (ConfUtils.java:logGet(44)) - raft.server.write.byte-limit = 1024 M (=1073741824) (custom)
2022-04-27 10:52:05,868 [7171416e-d570-4db8-8282-6e036003ab52@group-D4883F05B1B1-LeaderElection17] INFO  server.RaftServerConfigKeys (ConfUtils.java:logGet(44)) - raft.server.watch.timeout = 10000ms (default)
2022-04-27 10:52:05,868 [7171416e-d570-4db8-8282-6e036003ab52@group-D4883F05B1B1-LeaderElection17] INFO  server.RaftServerConfigKeys (ConfUtils.java:logGet(44)) - raft.server.watch.timeout.denomination = 1s (default)
2022-04-27 10:52:05,868 [7171416e-d570-4db8-8282-6e036003ab52@group-D4883F05B1B1-LeaderElection17] INFO  server.RaftServerConfigKeys (ConfUtils.java:logGet(44)) - raft.server.watch.element-limit = 65536 (default)
2022-04-27 10:52:05,868 [7171416e-d570-4db8-8282-6e036003ab52@group-D4883F05B1B1-LeaderElection17] INFO  server.RaftServerConfigKeys (ConfUtils.java:logGet(44)) - raft.server.write.element-limit = 1024 (custom)
2022-04-27 10:52:05,868 [7171416e-d570-4db8-8282-6e036003ab52@group-D4883F05B1B1-LeaderElection17] INFO  server.RaftServerConfigKeys (ConfUtils.java:logGet(44)) - raft.server.write.follower.gap.ratio.max = -1.0 (default)
2022-04-27 10:52:05,868 [7171416e-d570-4db8-8282-6e036003ab52@group-D4883F05B1B1-LeaderElection17] INFO  impl.RoleInfo (RoleInfo.java:updateAndGet(130)) - 7171416e-d570-4db8-8282-6e036003ab52: start 7171416e-d570-4db8-8282-6e036003ab52@group-D4883F05B1B1-LeaderStateImpl
2022-04-27 10:52:05,869 [7171416e-d570-4db8-8282-6e036003ab52@group-D4883F05B1B1-LeaderElection17] INFO  segmented.SegmentedRaftLogWorker (SegmentedRaftLogWorker.java:startLogSegment(394)) - 7171416e-d570-4db8-8282-6e036003ab52@group-D4883F05B1B1-SegmentedRaftLogWorker: Starting segment from index:0
2022-04-27 10:52:05,872 [7171416e-d570-4db8-8282-6e036003ab52@group-D4883F05B1B1-SegmentedRaftLogWorker] INFO  segmented.SegmentedRaftLogWorker (SegmentedRaftLogWorker.java:execute(601)) - 7171416e-d570-4db8-8282-6e036003ab52@group-D4883F05B1B1-SegmentedRaftLogWorker: created new log segment /home/runner/work/ozone/ozone/hadoop-ozone/integration-test/target/test-dir/MiniOzoneClusterImpl-6fb830c9-5413-49cc-a625-6cf41c4e5c97/datanode-7/data/ratis/c9c170e5-b04b-41fc-81ee-d4883f05b1b1/current/log_inprogress_0
2022-04-27 10:52:05,880 [7171416e-d570-4db8-8282-6e036003ab52@group-D4883F05B1B1-LeaderElection17] INFO  server.RaftServer$Division (ServerState.java:setRaftConf(387)) - 7171416e-d570-4db8-8282-6e036003ab52@group-D4883F05B1B1: set configuration 0: [7171416e-d570-4db8-8282-6e036003ab52|rpc:10.1.0.29:35393|dataStream:|priority:1], old=null
2022-04-27 10:52:05,881 [6f2ed759-dfb9-4419-9191-8597321ac421@group-DFF27B2A1031-StateMachineUpdater] INFO  ratis.ContainerStateMachine (ContainerStateMachine.java:takeSnapshot(304)) - group-DFF27B2A1031: Taking a snapshot at:(t:1, i:0) file /home/runner/work/ozone/ozone/hadoop-ozone/integration-test/target/test-dir/MiniOzoneClusterImpl-6fb830c9-5413-49cc-a625-6cf41c4e5c97/datanode-3/data/ratis/cf80c735-cb93-438b-a05e-dff27b2a1031/sm/snapshot.1_0
2022-04-27 10:52:05,889 [5e3f1479-9daf-43cd-8651-224960992f9b@group-DFF27B2A1031-StateMachineUpdater] INFO  ratis.ContainerStateMachine (ContainerStateMachine.java:takeSnapshot(315)) - group-DFF27B2A1031: Finished taking a snapshot at:(t:1, i:0) file:/home/runner/work/ozone/ozone/hadoop-ozone/integration-test/target/test-dir/MiniOzoneClusterImpl-6fb830c9-5413-49cc-a625-6cf41c4e5c97/datanode-5/data/ratis/cf80c735-cb93-438b-a05e-dff27b2a1031/sm/snapshot.1_0 took: 23 ms
2022-04-27 10:52:05,889 [5e3f1479-9daf-43cd-8651-224960992f9b@group-DFF27B2A1031-StateMachineUpdater] INFO  impl.StateMachineUpdater (StateMachineUpdater.java:takeSnapshot(281)) - 5e3f1479-9daf-43cd-8651-224960992f9b@group-DFF27B2A1031-StateMachineUpdater: Took a snapshot at index 0
2022-04-27 10:52:05,889 [5e3f1479-9daf-43cd-8651-224960992f9b@group-DFF27B2A1031-StateMachineUpdater] INFO  impl.StateMachineUpdater (StateMachineUpdater.java:lambda$new$0(89)) - 5e3f1479-9daf-43cd-8651-224960992f9b@group-DFF27B2A1031-StateMachineUpdater: snapshotIndex: updateIncreasingly 0 -> 0
2022-04-27 10:52:05,895 [6f2ed759-dfb9-4419-9191-8597321ac421@group-DFF27B2A1031-StateMachineUpdater] INFO  ratis.ContainerStateMachine (ContainerStateMachine.java:takeSnapshot(315)) - group-DFF27B2A1031: Finished taking a snapshot at:(t:1, i:0) file:/home/runner/work/ozone/ozone/hadoop-ozone/integration-test/target/test-dir/MiniOzoneClusterImpl-6fb830c9-5413-49cc-a625-6cf41c4e5c97/datanode-3/data/ratis/cf80c735-cb93-438b-a05e-dff27b2a1031/sm/snapshot.1_0 took: 14 ms
2022-04-27 10:52:05,895 [6f2ed759-dfb9-4419-9191-8597321ac421@group-DFF27B2A1031-StateMachineUpdater] INFO  impl.StateMachineUpdater (StateMachineUpdater.java:takeSnapshot(281)) - 6f2ed759-dfb9-4419-9191-8597321ac421@group-DFF27B2A1031-StateMachineUpdater: Took a snapshot at index 0
2022-04-27 10:52:05,895 [6f2ed759-dfb9-4419-9191-8597321ac421@group-DFF27B2A1031-StateMachineUpdater] INFO  impl.StateMachineUpdater (StateMachineUpdater.java:lambda$new$0(89)) - 6f2ed759-dfb9-4419-9191-8597321ac421@group-DFF27B2A1031-StateMachineUpdater: snapshotIndex: updateIncreasingly 0 -> 0
2022-04-27 10:52:05,909 [7171416e-d570-4db8-8282-6e036003ab52@group-D4883F05B1B1-StateMachineUpdater] INFO  ratis.ContainerStateMachine (ContainerStateMachine.java:takeSnapshot(304)) - group-D4883F05B1B1: Taking a snapshot at:(t:1, i:0) file /home/runner/work/ozone/ozone/hadoop-ozone/integration-test/target/test-dir/MiniOzoneClusterImpl-6fb830c9-5413-49cc-a625-6cf41c4e5c97/datanode-7/data/ratis/c9c170e5-b04b-41fc-81ee-d4883f05b1b1/sm/snapshot.1_0
2022-04-27 10:52:05,915 [7171416e-d570-4db8-8282-6e036003ab52@group-D4883F05B1B1-StateMachineUpdater] INFO  ratis.ContainerStateMachine (ContainerStateMachine.java:takeSnapshot(315)) - group-D4883F05B1B1: Finished taking a snapshot at:(t:1, i:0) file:/home/runner/work/ozone/ozone/hadoop-ozone/integration-test/target/test-dir/MiniOzoneClusterImpl-6fb830c9-5413-49cc-a625-6cf41c4e5c97/datanode-7/data/ratis/c9c170e5-b04b-41fc-81ee-d4883f05b1b1/sm/snapshot.1_0 took: 6 ms
2022-04-27 10:52:05,915 [7171416e-d570-4db8-8282-6e036003ab52@group-D4883F05B1B1-StateMachineUpdater] INFO  impl.StateMachineUpdater (StateMachineUpdater.java:takeSnapshot(281)) - 7171416e-d570-4db8-8282-6e036003ab52@group-D4883F05B1B1-StateMachineUpdater: Took a snapshot at index 0
2022-04-27 10:52:05,915 [7171416e-d570-4db8-8282-6e036003ab52@group-D4883F05B1B1-StateMachineUpdater] INFO  impl.StateMachineUpdater (StateMachineUpdater.java:lambda$new$0(89)) - 7171416e-d570-4db8-8282-6e036003ab52@group-D4883F05B1B1-StateMachineUpdater: snapshotIndex: updateIncreasingly -1 -> 0
2022-04-27 10:52:05,932 [5e3f1479-9daf-43cd-8651-224960992f9b@group-DFF27B2A1031-StateMachineUpdater] INFO  ratis.ContainerStateMachine (ContainerStateMachine.java:takeSnapshot(304)) - group-DFF27B2A1031: Taking a snapshot at:(t:1, i:2) file /home/runner/work/ozone/ozone/hadoop-ozone/integration-test/target/test-dir/MiniOzoneClusterImpl-6fb830c9-5413-49cc-a625-6cf41c4e5c97/datanode-5/data/ratis/cf80c735-cb93-438b-a05e-dff27b2a1031/sm/snapshot.1_2
2022-04-27 10:52:05,933 [0a06a8c4-9179-4a2e-838b-55c09a430176@group-DFF27B2A1031-StateMachineUpdater] INFO  ratis.ContainerStateMachine (ContainerStateMachine.java:takeSnapshot(304)) - group-DFF27B2A1031: Taking a snapshot at:(t:1, i:1) file /home/runner/work/ozone/ozone/hadoop-ozone/integration-test/target/test-dir/MiniOzoneClusterImpl-6fb830c9-5413-49cc-a625-6cf41c4e5c97/datanode-4/data/ratis/cf80c735-cb93-438b-a05e-dff27b2a1031/sm/snapshot.1_1
2022-04-27 10:52:05,933 [5e3f1479-9daf-43cd-8651-224960992f9b@group-DFF27B2A1031-StateMachineUpdater] INFO  ratis.ContainerStateMachine (ContainerStateMachine.java:takeSnapshot(315)) - group-DFF27B2A1031: Finished taking a snapshot at:(t:1, i:2) file:/home/runner/work/ozone/ozone/hadoop-ozone/integration-test/target/test-dir/MiniOzoneClusterImpl-6fb830c9-5413-49cc-a625-6cf41c4e5c97/datanode-5/data/ratis/cf80c735-cb93-438b-a05e-dff27b2a1031/sm/snapshot.1_2 took: 1 ms
2022-04-27 10:52:05,934 [5e3f1479-9daf-43cd-8651-224960992f9b@group-DFF27B2A1031-StateMachineUpdater] INFO  impl.StateMachineUpdater (StateMachineUpdater.java:takeSnapshot(281)) - 5e3f1479-9daf-43cd-8651-224960992f9b@group-DFF27B2A1031-StateMachineUpdater: Took a snapshot at index 2
2022-04-27 10:52:05,934 [5e3f1479-9daf-43cd-8651-224960992f9b@group-DFF27B2A1031-StateMachineUpdater] INFO  impl.StateMachineUpdater (StateMachineUpdater.java:lambda$new$0(89)) - 5e3f1479-9daf-43cd-8651-224960992f9b@group-DFF27B2A1031-StateMachineUpdater: snapshotIndex: updateIncreasingly 0 -> 2
2022-04-27 10:52:05,934 [0a06a8c4-9179-4a2e-838b-55c09a430176@group-DFF27B2A1031-StateMachineUpdater] INFO  ratis.ContainerStateMachine (ContainerStateMachine.java:takeSnapshot(315)) - group-DFF27B2A1031: Finished taking a snapshot at:(t:1, i:1) file:/home/runner/work/ozone/ozone/hadoop-ozone/integration-test/target/test-dir/MiniOzoneClusterImpl-6fb830c9-5413-49cc-a625-6cf41c4e5c97/datanode-4/data/ratis/cf80c735-cb93-438b-a05e-dff27b2a1031/sm/snapshot.1_1 took: 1 ms
2022-04-27 10:52:05,934 [0a06a8c4-9179-4a2e-838b-55c09a430176@group-DFF27B2A1031-StateMachineUpdater] INFO  impl.StateMachineUpdater (StateMachineUpdater.java:takeSnapshot(281)) - 0a06a8c4-9179-4a2e-838b-55c09a430176@group-DFF27B2A1031-StateMachineUpdater: Took a snapshot at index 1
2022-04-27 10:52:05,934 [0a06a8c4-9179-4a2e-838b-55c09a430176@group-DFF27B2A1031-StateMachineUpdater] INFO  impl.StateMachineUpdater (StateMachineUpdater.java:lambda$new$0(89)) - 0a06a8c4-9179-4a2e-838b-55c09a430176@group-DFF27B2A1031-StateMachineUpdater: snapshotIndex: updateIncreasingly 0 -> 1
2022-04-27 10:52:05,943 [6f2ed759-dfb9-4419-9191-8597321ac421@group-DFF27B2A1031-StateMachineUpdater] INFO  ratis.ContainerStateMachine (ContainerStateMachine.java:takeSnapshot(304)) - group-DFF27B2A1031: Taking a snapshot at:(t:1, i:4) file /home/runner/work/ozone/ozone/hadoop-ozone/integration-test/target/test-dir/MiniOzoneClusterImpl-6fb830c9-5413-49cc-a625-6cf41c4e5c97/datanode-3/data/ratis/cf80c735-cb93-438b-a05e-dff27b2a1031/sm/snapshot.1_4
2022-04-27 10:52:05,949 [6f2ed759-dfb9-4419-9191-8597321ac421@group-DFF27B2A1031-StateMachineUpdater] INFO  ratis.ContainerStateMachine (ContainerStateMachine.java:takeSnapshot(315)) - group-DFF27B2A1031: Finished taking a snapshot at:(t:1, i:4) file:/home/runner/work/ozone/ozone/hadoop-ozone/integration-test/target/test-dir/MiniOzoneClusterImpl-6fb830c9-5413-49cc-a625-6cf41c4e5c97/datanode-3/data/ratis/cf80c735-cb93-438b-a05e-dff27b2a1031/sm/snapshot.1_4 took: 6 ms
2022-04-27 10:52:05,949 [6f2ed759-dfb9-4419-9191-8597321ac421@group-DFF27B2A1031-StateMachineUpdater] INFO  impl.StateMachineUpdater (StateMachineUpdater.java:takeSnapshot(281)) - 6f2ed759-dfb9-4419-9191-8597321ac421@group-DFF27B2A1031-StateMachineUpdater: Took a snapshot at index 4
2022-04-27 10:52:05,949 [6f2ed759-dfb9-4419-9191-8597321ac421@group-DFF27B2A1031-StateMachineUpdater] INFO  impl.StateMachineUpdater (StateMachineUpdater.java:lambda$new$0(89)) - 6f2ed759-dfb9-4419-9191-8597321ac421@group-DFF27B2A1031-StateMachineUpdater: snapshotIndex: updateIncreasingly 0 -> 4
2022-04-27 10:52:06,082 [FixedThreadPoolWithAffinityExecutor-0-0] WARN  container.IncrementalContainerReportHandler (AbstractContainerReportHandler.java:updateContainerState(255)) - Container #1 is in OPEN state, but the datanode 6f2ed759-dfb9-4419-9191-8597321ac421{ip: 10.1.0.29, host: fv-az270-423.tacnzluakwdehk1hpragurqkma.bx.internal.cloudapp.net, ports: [REPLICATION=41459, RATIS=39501, RATIS_ADMIN=39501, RATIS_SERVER=39501, STANDALONE=44875], networkLocation: /default-rack, certSerialId: null, persistedOpState: IN_SERVICE, persistedOpStateExpiryEpochSec: 0} reports an CLOSING replica.
2022-04-27 10:52:06,083 [Command processor thread] INFO  keyvalue.KeyValueContainer (KeyValueContainer.java:flushAndSyncDB(427)) - Container 1 is synced with bcsId 2.
2022-04-27 10:52:06,083 [Command processor thread] INFO  keyvalue.KeyValueContainer (KeyValueContainer.java:flushAndSyncDB(427)) - Container 1 is synced with bcsId 2.
2022-04-27 10:52:06,090 [Command processor thread] INFO  commandhandler.CloseContainerCommandHandler (CloseContainerCommandHandler.java:handle(108)) - Marking Container 1 quasi closed
2022-04-27 10:52:06,091 [FixedThreadPoolWithAffinityExecutor-8-0] WARN  container.IncrementalContainerReportHandler (AbstractContainerReportHandler.java:updateContainerState(255)) - Container #1 is in OPEN state, but the datanode 6f2ed759-dfb9-4419-9191-8597321ac421{ip: 10.1.0.29, host: fv-az270-423.tacnzluakwdehk1hpragurqkma.bx.internal.cloudapp.net, ports: [REPLICATION=41459, RATIS=39501, RATIS_ADMIN=39501, RATIS_SERVER=39501, STANDALONE=44875], networkLocation: /default-rack, certSerialId: null, persistedOpState: IN_SERVICE, persistedOpStateExpiryEpochSec: 0} reports an QUASI_CLOSED replica.
2022-04-27 10:52:06,158 [FixedThreadPoolWithAffinityExecutor-8-0] WARN  container.IncrementalContainerReportHandler (AbstractContainerReportHandler.java:updateContainerState(255)) - Container #1 is in OPEN state, but the datanode 0a06a8c4-9179-4a2e-838b-55c09a430176{ip: 10.1.0.29, host: fv-az270-423.tacnzluakwdehk1hpragurqkma.bx.internal.cloudapp.net, ports: [REPLICATION=38343, RATIS=39993, RATIS_ADMIN=39993, RATIS_SERVER=39993, STANDALONE=39275], networkLocation: /default-rack, certSerialId: null, persistedOpState: IN_SERVICE, persistedOpStateExpiryEpochSec: 0} reports an CLOSING replica.
2022-04-27 10:52:06,159 [Command processor thread] INFO  keyvalue.KeyValueContainer (KeyValueContainer.java:flushAndSyncDB(427)) - Container 1 is synced with bcsId 2.
2022-04-27 10:52:06,160 [Command processor thread] INFO  keyvalue.KeyValueContainer (KeyValueContainer.java:flushAndSyncDB(427)) - Container 1 is synced with bcsId 2.
2022-04-27 10:52:06,165 [FixedThreadPoolWithAffinityExecutor-1-0] WARN  container.IncrementalContainerReportHandler (AbstractContainerReportHandler.java:updateContainerState(255)) - Container #1 is in OPEN state, but the datanode 0a06a8c4-9179-4a2e-838b-55c09a430176{ip: 10.1.0.29, host: fv-az270-423.tacnzluakwdehk1hpragurqkma.bx.internal.cloudapp.net, ports: [REPLICATION=38343, RATIS=39993, RATIS_ADMIN=39993, RATIS_SERVER=39993, STANDALONE=39275], networkLocation: /default-rack, certSerialId: null, persistedOpState: IN_SERVICE, persistedOpStateExpiryEpochSec: 0} reports an QUASI_CLOSED replica.
2022-04-27 10:52:06,163 [Command processor thread] INFO  commandhandler.CloseContainerCommandHandler (CloseContainerCommandHandler.java:handle(108)) - Marking Container 1 quasi closed
2022-04-27 10:52:06,221 [fc150688-1f76-4ec0-a672-aaf91f0753c3@group-88DB927C3E3A-FollowerState] INFO  impl.FollowerState (FollowerState.java:run(134)) - fc150688-1f76-4ec0-a672-aaf91f0753c3@group-88DB927C3E3A-FollowerState: change to CANDIDATE, lastRpcElapsedTime:5147452789ns, electionTimeout:5145ms
2022-04-27 10:52:06,221 [fc150688-1f76-4ec0-a672-aaf91f0753c3@group-88DB927C3E3A-FollowerState] INFO  impl.RoleInfo (RoleInfo.java:shutdownFollowerState(108)) - fc150688-1f76-4ec0-a672-aaf91f0753c3: shutdown fc150688-1f76-4ec0-a672-aaf91f0753c3@group-88DB927C3E3A-FollowerState
2022-04-27 10:52:06,221 [fc150688-1f76-4ec0-a672-aaf91f0753c3@group-88DB927C3E3A-FollowerState] INFO  server.RaftServer$Division (RaftServerImpl.java:setRole(290)) - fc150688-1f76-4ec0-a672-aaf91f0753c3@group-88DB927C3E3A: changes role from  FOLLOWER to CANDIDATE at term 0 for changeToCandidate
2022-04-27 10:52:06,221 [fc150688-1f76-4ec0-a672-aaf91f0753c3@group-88DB927C3E3A-FollowerState] INFO  server.RaftServerConfigKeys (ConfUtils.java:logGet(44)) - raft.server.leaderelection.pre-vote = false (custom)
2022-04-27 10:52:06,221 [fc150688-1f76-4ec0-a672-aaf91f0753c3@group-88DB927C3E3A-FollowerState] INFO  impl.RoleInfo (RoleInfo.java:updateAndGet(130)) - fc150688-1f76-4ec0-a672-aaf91f0753c3: start fc150688-1f76-4ec0-a672-aaf91f0753c3@group-88DB927C3E3A-LeaderElection18
2022-04-27 10:52:06,224 [fc150688-1f76-4ec0-a672-aaf91f0753c3@group-88DB927C3E3A-LeaderElection18] INFO  impl.LeaderElection (LeaderElection.java:askForVotes(306)) - fc150688-1f76-4ec0-a672-aaf91f0753c3@group-88DB927C3E3A-LeaderElection18 ELECTION round 0: submit vote requests at term 1 for -1: [fc150688-1f76-4ec0-a672-aaf91f0753c3|rpc:10.1.0.29:37101|priority:1], old=null
2022-04-27 10:52:06,224 [fc150688-1f76-4ec0-a672-aaf91f0753c3@group-88DB927C3E3A-LeaderElection18] INFO  impl.LeaderElection (LeaderElection.java:askForVotes(308)) - fc150688-1f76-4ec0-a672-aaf91f0753c3@group-88DB927C3E3A-LeaderElection18 ELECTION round 0: result PASSED (term=1)
2022-04-27 10:52:06,225 [fc150688-1f76-4ec0-a672-aaf91f0753c3@group-88DB927C3E3A-LeaderElection18] INFO  impl.RoleInfo (RoleInfo.java:shutdownLeaderElection(121)) - fc150688-1f76-4ec0-a672-aaf91f0753c3: shutdown fc150688-1f76-4ec0-a672-aaf91f0753c3@group-88DB927C3E3A-LeaderElection18
2022-04-27 10:52:06,225 [fc150688-1f76-4ec0-a672-aaf91f0753c3@group-88DB927C3E3A-LeaderElection18] INFO  server.RaftServer$Division (RaftServerImpl.java:setRole(290)) - fc150688-1f76-4ec0-a672-aaf91f0753c3@group-88DB927C3E3A: changes role from CANDIDATE to LEADER at term 1 for changeToLeader
2022-04-27 10:52:06,225 [fc150688-1f76-4ec0-a672-aaf91f0753c3@group-88DB927C3E3A-LeaderElection18] INFO  ratis.XceiverServerRatis (XceiverServerRatis.java:handleLeaderChangedNotification(863)) - Leader change notification received for group: group-88DB927C3E3A with new leaderId: fc150688-1f76-4ec0-a672-aaf91f0753c3
2022-04-27 10:52:06,225 [fc150688-1f76-4ec0-a672-aaf91f0753c3@group-88DB927C3E3A-LeaderElection18] INFO  server.RaftServer$Division (ServerState.java:setLeader(285)) - fc150688-1f76-4ec0-a672-aaf91f0753c3@group-88DB927C3E3A: change Leader from null to fc150688-1f76-4ec0-a672-aaf91f0753c3 at term 1 for becomeLeader, leader elected after 5166ms
2022-04-27 10:52:06,225 [fc150688-1f76-4ec0-a672-aaf91f0753c3@group-88DB927C3E3A-LeaderElection18] INFO  server.RaftServerConfigKeys (ConfUtils.java:logGet(44)) - raft.server.staging.catchup.gap = 1000 (default)
2022-04-27 10:52:06,225 [fc150688-1f76-4ec0-a672-aaf91f0753c3@group-88DB927C3E3A-LeaderElection18] INFO  server.RaftServerConfigKeys (ConfUtils.java:logGet(44)) - raft.server.write.element-limit = 1024 (custom)
2022-04-27 10:52:06,226 [fc150688-1f76-4ec0-a672-aaf91f0753c3@group-88DB927C3E3A-LeaderElection18] INFO  server.RaftServerConfigKeys (ConfUtils.java:logGet(44)) - raft.server.write.byte-limit = 1024 M (=1073741824) (custom)
2022-04-27 10:52:06,226 [fc150688-1f76-4ec0-a672-aaf91f0753c3@group-88DB927C3E3A-LeaderElection18] INFO  server.RaftServerConfigKeys (ConfUtils.java:logGet(44)) - raft.server.watch.timeout = 10000ms (default)
2022-04-27 10:52:06,226 [fc150688-1f76-4ec0-a672-aaf91f0753c3@group-88DB927C3E3A-LeaderElection18] INFO  server.RaftServerConfigKeys (ConfUtils.java:logGet(44)) - raft.server.watch.timeout.denomination = 1s (default)
2022-04-27 10:52:06,226 [fc150688-1f76-4ec0-a672-aaf91f0753c3@group-88DB927C3E3A-LeaderElection18] INFO  server.RaftServerConfigKeys (ConfUtils.java:logGet(44)) - raft.server.watch.element-limit = 65536 (default)
2022-04-27 10:52:06,226 [fc150688-1f76-4ec0-a672-aaf91f0753c3@group-88DB927C3E3A-LeaderElection18] INFO  server.RaftServerConfigKeys (ConfUtils.java:logGet(44)) - raft.server.write.element-limit = 1024 (custom)
2022-04-27 10:52:06,226 [fc150688-1f76-4ec0-a672-aaf91f0753c3@group-88DB927C3E3A-LeaderElection18] INFO  server.RaftServerConfigKeys (ConfUtils.java:logGet(44)) - raft.server.write.follower.gap.ratio.max = -1.0 (default)
2022-04-27 10:52:06,226 [fc150688-1f76-4ec0-a672-aaf91f0753c3@group-88DB927C3E3A-LeaderElection18] INFO  impl.RoleInfo (RoleInfo.java:updateAndGet(130)) - fc150688-1f76-4ec0-a672-aaf91f0753c3: start fc150688-1f76-4ec0-a672-aaf91f0753c3@group-88DB927C3E3A-LeaderStateImpl
2022-04-27 10:52:06,227 [fc150688-1f76-4ec0-a672-aaf91f0753c3@group-88DB927C3E3A-LeaderElection18] INFO  segmented.SegmentedRaftLogWorker (SegmentedRaftLogWorker.java:startLogSegment(394)) - fc150688-1f76-4ec0-a672-aaf91f0753c3@group-88DB927C3E3A-SegmentedRaftLogWorker: Starting segment from index:0
2022-04-27 10:52:06,228 [fc150688-1f76-4ec0-a672-aaf91f0753c3@group-88DB927C3E3A-LeaderElection18] INFO  server.RaftServer$Division (ServerState.java:setRaftConf(387)) - fc150688-1f76-4ec0-a672-aaf91f0753c3@group-88DB927C3E3A: set configuration 0: [fc150688-1f76-4ec0-a672-aaf91f0753c3|rpc:10.1.0.29:37101|dataStream:|priority:1], old=null
2022-04-27 10:52:06,229 [fc150688-1f76-4ec0-a672-aaf91f0753c3@group-88DB927C3E3A-SegmentedRaftLogWorker] INFO  segmented.SegmentedRaftLogWorker (SegmentedRaftLogWorker.java:execute(601)) - fc150688-1f76-4ec0-a672-aaf91f0753c3@group-88DB927C3E3A-SegmentedRaftLogWorker: created new log segment /home/runner/work/ozone/ozone/hadoop-ozone/integration-test/target/test-dir/MiniOzoneClusterImpl-6fb830c9-5413-49cc-a625-6cf41c4e5c97/datanode-8/data/ratis/f3c8c0c5-a3de-4190-961f-88db927c3e3a/current/log_inprogress_0
2022-04-27 10:52:06,231 [fc150688-1f76-4ec0-a672-aaf91f0753c3@group-88DB927C3E3A-StateMachineUpdater] INFO  ratis.ContainerStateMachine (ContainerStateMachine.java:takeSnapshot(304)) - group-88DB927C3E3A: Taking a snapshot at:(t:1, i:0) file /home/runner/work/ozone/ozone/hadoop-ozone/integration-test/target/test-dir/MiniOzoneClusterImpl-6fb830c9-5413-49cc-a625-6cf41c4e5c97/datanode-8/data/ratis/f3c8c0c5-a3de-4190-961f-88db927c3e3a/sm/snapshot.1_0
2022-04-27 10:52:06,232 [fc150688-1f76-4ec0-a672-aaf91f0753c3@group-88DB927C3E3A-StateMachineUpdater] INFO  ratis.ContainerStateMachine (ContainerStateMachine.java:takeSnapshot(315)) - group-88DB927C3E3A: Finished taking a snapshot at:(t:1, i:0) file:/home/runner/work/ozone/ozone/hadoop-ozone/integration-test/target/test-dir/MiniOzoneClusterImpl-6fb830c9-5413-49cc-a625-6cf41c4e5c97/datanode-8/data/ratis/f3c8c0c5-a3de-4190-961f-88db927c3e3a/sm/snapshot.1_0 took: 1 ms
2022-04-27 10:52:06,232 [fc150688-1f76-4ec0-a672-aaf91f0753c3@group-88DB927C3E3A-StateMachineUpdater] INFO  impl.StateMachineUpdater (StateMachineUpdater.java:takeSnapshot(281)) - fc150688-1f76-4ec0-a672-aaf91f0753c3@group-88DB927C3E3A-StateMachineUpdater: Took a snapshot at index 0
2022-04-27 10:52:06,232 [fc150688-1f76-4ec0-a672-aaf91f0753c3@group-88DB927C3E3A-StateMachineUpdater] INFO  impl.StateMachineUpdater (StateMachineUpdater.java:lambda$new$0(89)) - fc150688-1f76-4ec0-a672-aaf91f0753c3@group-88DB927C3E3A-StateMachineUpdater: snapshotIndex: updateIncreasingly -1 -> 0
2022-04-27 10:52:06,291 [FixedThreadPoolWithAffinityExecutor-0-0] WARN  container.ContainerReportHandler (AbstractContainerReportHandler.java:updateContainerState(255)) - Container #1 is in OPEN state, but the datanode 6f2ed759-dfb9-4419-9191-8597321ac421{ip: 10.1.0.29, host: fv-az270-423.tacnzluakwdehk1hpragurqkma.bx.internal.cloudapp.net, ports: [REPLICATION=41459, RATIS=39501, RATIS_ADMIN=39501, RATIS_SERVER=39501, STANDALONE=44875], networkLocation: /default-rack, certSerialId: null, persistedOpState: IN_SERVICE, persistedOpStateExpiryEpochSec: 0} reports an QUASI_CLOSED replica.
2022-04-27 10:52:06,366 [FixedThreadPoolWithAffinityExecutor-9-0] WARN  container.ContainerReportHandler (AbstractContainerReportHandler.java:updateContainerState(255)) - Container #1 is in OPEN state, but the datanode 0a06a8c4-9179-4a2e-838b-55c09a430176{ip: 10.1.0.29, host: fv-az270-423.tacnzluakwdehk1hpragurqkma.bx.internal.cloudapp.net, ports: [REPLICATION=38343, RATIS=39993, RATIS_ADMIN=39993, RATIS_SERVER=39993, STANDALONE=39275], networkLocation: /default-rack, certSerialId: null, persistedOpState: IN_SERVICE, persistedOpStateExpiryEpochSec: 0} reports an QUASI_CLOSED replica.
2022-04-27 10:52:06,492 [FixedThreadPoolWithAffinityExecutor-1-0] WARN  container.ContainerReportHandler (AbstractContainerReportHandler.java:updateContainerState(255)) - Container #1 is in OPEN state, but the datanode 6f2ed759-dfb9-4419-9191-8597321ac421{ip: 10.1.0.29, host: fv-az270-423.tacnzluakwdehk1hpragurqkma.bx.internal.cloudapp.net, ports: [REPLICATION=41459, RATIS=39501, RATIS_ADMIN=39501, RATIS_SERVER=39501, STANDALONE=44875], networkLocation: /default-rack, certSerialId: null, persistedOpState: IN_SERVICE, persistedOpStateExpiryEpochSec: 0} reports an QUASI_CLOSED replica.
2022-04-27 10:52:06,668 [FixedThreadPoolWithAffinityExecutor-1-0] WARN  container.IncrementalContainerReportHandler (AbstractContainerReportHandler.java:updateContainerState(255)) - Container #1 is in OPEN state, but the datanode 5e3f1479-9daf-43cd-8651-224960992f9b{ip: 10.1.0.29, host: fv-az270-423.tacnzluakwdehk1hpragurqkma.bx.internal.cloudapp.net, ports: [REPLICATION=39479, RATIS=36215, RATIS_ADMIN=36215, RATIS_SERVER=36215, STANDALONE=43119], networkLocation: /default-rack, certSerialId: null, persistedOpState: IN_SERVICE, persistedOpStateExpiryEpochSec: 0} reports an CLOSING replica.
2022-04-27 10:52:06,669 [Command processor thread] INFO  keyvalue.KeyValueContainer (KeyValueContainer.java:flushAndSyncDB(427)) - Container 1 is synced with bcsId 2.
2022-04-27 10:52:06,669 [Command processor thread] INFO  keyvalue.KeyValueContainer (KeyValueContainer.java:flushAndSyncDB(427)) - Container 1 is synced with bcsId 2.
2022-04-27 10:52:06,672 [Command processor thread] INFO  commandhandler.CloseContainerCommandHandler (CloseContainerCommandHandler.java:handle(108)) - Marking Container 1 quasi closed
2022-04-27 10:52:06,673 [FixedThreadPoolWithAffinityExecutor-0-0] WARN  container.IncrementalContainerReportHandler (AbstractContainerReportHandler.java:updateContainerState(255)) - Container #1 is in OPEN state, but the datanode 5e3f1479-9daf-43cd-8651-224960992f9b{ip: 10.1.0.29, host: fv-az270-423.tacnzluakwdehk1hpragurqkma.bx.internal.cloudapp.net, ports: [REPLICATION=39479, RATIS=36215, RATIS_ADMIN=36215, RATIS_SERVER=36215, STANDALONE=43119], networkLocation: /default-rack, certSerialId: null, persistedOpState: IN_SERVICE, persistedOpStateExpiryEpochSec: 0} reports an QUASI_CLOSED replica.
2022-04-27 10:52:06,751 [4fef3099-80a8-4154-b528-44138d57637f@group-DAC67E794D68-FollowerState] INFO  impl.FollowerState (FollowerState.java:run(134)) - 4fef3099-80a8-4154-b528-44138d57637f@group-DAC67E794D68-FollowerState: change to CANDIDATE, lastRpcElapsedTime:5046862144ns, electionTimeout:5044ms
2022-04-27 10:52:06,751 [4fef3099-80a8-4154-b528-44138d57637f@group-DAC67E794D68-FollowerState] INFO  impl.RoleInfo (RoleInfo.java:shutdownFollowerState(108)) - 4fef3099-80a8-4154-b528-44138d57637f: shutdown 4fef3099-80a8-4154-b528-44138d57637f@group-DAC67E794D68-FollowerState
2022-04-27 10:52:06,751 [4fef3099-80a8-4154-b528-44138d57637f@group-DAC67E794D68-FollowerState] INFO  server.RaftServer$Division (RaftServerImpl.java:setRole(290)) - 4fef3099-80a8-4154-b528-44138d57637f@group-DAC67E794D68: changes role from  FOLLOWER to CANDIDATE at term 0 for changeToCandidate
2022-04-27 10:52:06,752 [4fef3099-80a8-4154-b528-44138d57637f@group-DAC67E794D68-FollowerState] INFO  server.RaftServerConfigKeys (ConfUtils.java:logGet(44)) - raft.server.leaderelection.pre-vote = false (custom)
2022-04-27 10:52:06,753 [4fef3099-80a8-4154-b528-44138d57637f@group-DAC67E794D68-FollowerState] INFO  impl.RoleInfo (RoleInfo.java:updateAndGet(130)) - 4fef3099-80a8-4154-b528-44138d57637f: start 4fef3099-80a8-4154-b528-44138d57637f@group-DAC67E794D68-LeaderElection19
2022-04-27 10:52:06,757 [4fef3099-80a8-4154-b528-44138d57637f@group-DAC67E794D68-LeaderElection19] INFO  impl.LeaderElection (LeaderElection.java:askForVotes(306)) - 4fef3099-80a8-4154-b528-44138d57637f@group-DAC67E794D68-LeaderElection19 ELECTION round 0: submit vote requests at term 1 for -1: [4fef3099-80a8-4154-b528-44138d57637f|rpc:10.1.0.29:45983|priority:1], old=null
2022-04-27 10:52:06,757 [4fef3099-80a8-4154-b528-44138d57637f@group-DAC67E794D68-LeaderElection19] INFO  impl.LeaderElection (LeaderElection.java:askForVotes(308)) - 4fef3099-80a8-4154-b528-44138d57637f@group-DAC67E794D68-LeaderElection19 ELECTION round 0: result PASSED (term=1)
2022-04-27 10:52:06,757 [4fef3099-80a8-4154-b528-44138d57637f@group-DAC67E794D68-LeaderElection19] INFO  impl.RoleInfo (RoleInfo.java:shutdownLeaderElection(121)) - 4fef3099-80a8-4154-b528-44138d57637f: shutdown 4fef3099-80a8-4154-b528-44138d57637f@group-DAC67E794D68-LeaderElection19
2022-04-27 10:52:06,757 [4fef3099-80a8-4154-b528-44138d57637f@group-DAC67E794D68-LeaderElection19] INFO  server.RaftServer$Division (RaftServerImpl.java:setRole(290)) - 4fef3099-80a8-4154-b528-44138d57637f@group-DAC67E794D68: changes role from CANDIDATE to LEADER at term 1 for changeToLeader
2022-04-27 10:52:06,757 [4fef3099-80a8-4154-b528-44138d57637f@group-DAC67E794D68-LeaderElection19] INFO  ratis.XceiverServerRatis (XceiverServerRatis.java:handleLeaderChangedNotification(863)) - Leader change notification received for group: group-DAC67E794D68 with new leaderId: 4fef3099-80a8-4154-b528-44138d57637f
2022-04-27 10:52:06,758 [4fef3099-80a8-4154-b528-44138d57637f@group-DAC67E794D68-LeaderElection19] INFO  server.RaftServer$Division (ServerState.java:setLeader(285)) - 4fef3099-80a8-4154-b528-44138d57637f@group-DAC67E794D68: change Leader from null to 4fef3099-80a8-4154-b528-44138d57637f at term 1 for becomeLeader, leader elected after 5060ms
2022-04-27 10:52:06,759 [4fef3099-80a8-4154-b528-44138d57637f@group-DAC67E794D68-LeaderElection19] INFO  server.RaftServerConfigKeys (ConfUtils.java:logGet(44)) - raft.server.staging.catchup.gap = 1000 (default)
2022-04-27 10:52:06,759 [4fef3099-80a8-4154-b528-44138d57637f@group-DAC67E794D68-LeaderElection19] INFO  server.RaftServerConfigKeys (ConfUtils.java:logGet(44)) - raft.server.write.element-limit = 1024 (custom)
2022-04-27 10:52:06,759 [4fef3099-80a8-4154-b528-44138d57637f@group-DAC67E794D68-LeaderElection19] INFO  server.RaftServerConfigKeys (ConfUtils.java:logGet(44)) - raft.server.write.byte-limit = 1024 M (=1073741824) (custom)
2022-04-27 10:52:06,760 [4fef3099-80a8-4154-b528-44138d57637f@group-DAC67E794D68-LeaderElection19] INFO  server.RaftServerConfigKeys (ConfUtils.java:logGet(44)) - raft.server.watch.timeout = 10000ms (default)
2022-04-27 10:52:06,760 [4fef3099-80a8-4154-b528-44138d57637f@group-DAC67E794D68-LeaderElection19] INFO  server.RaftServerConfigKeys (ConfUtils.java:logGet(44)) - raft.server.watch.timeout.denomination = 1s (default)
2022-04-27 10:52:06,760 [4fef3099-80a8-4154-b528-44138d57637f@group-DAC67E794D68-LeaderElection19] INFO  server.RaftServerConfigKeys (ConfUtils.java:logGet(44)) - raft.server.watch.element-limit = 65536 (default)
2022-04-27 10:52:06,760 [4fef3099-80a8-4154-b528-44138d57637f@group-DAC67E794D68-LeaderElection19] INFO  server.RaftServerConfigKeys (ConfUtils.java:logGet(44)) - raft.server.write.element-limit = 1024 (custom)
2022-04-27 10:52:06,760 [4fef3099-80a8-4154-b528-44138d57637f@group-DAC67E794D68-LeaderElection19] INFO  server.RaftServerConfigKeys (ConfUtils.java:logGet(44)) - raft.server.write.follower.gap.ratio.max = -1.0 (default)
2022-04-27 10:52:06,760 [4fef3099-80a8-4154-b528-44138d57637f@group-DAC67E794D68-LeaderElection19] INFO  impl.RoleInfo (RoleInfo.java:updateAndGet(130)) - 4fef3099-80a8-4154-b528-44138d57637f: start 4fef3099-80a8-4154-b528-44138d57637f@group-DAC67E794D68-LeaderStateImpl
2022-04-27 10:52:06,760 [4fef3099-80a8-4154-b528-44138d57637f@group-DAC67E794D68-LeaderElection19] INFO  segmented.SegmentedRaftLogWorker (SegmentedRaftLogWorker.java:startLogSegment(394)) - 4fef3099-80a8-4154-b528-44138d57637f@group-DAC67E794D68-SegmentedRaftLogWorker: Starting segment from index:0
2022-04-27 10:52:06,762 [4fef3099-80a8-4154-b528-44138d57637f@group-DAC67E794D68-SegmentedRaftLogWorker] INFO  segmented.SegmentedRaftLogWorker (SegmentedRaftLogWorker.java:execute(601)) - 4fef3099-80a8-4154-b528-44138d57637f@group-DAC67E794D68-SegmentedRaftLogWorker: created new log segment /home/runner/work/ozone/ozone/hadoop-ozone/integration-test/target/test-dir/MiniOzoneClusterImpl-6fb830c9-5413-49cc-a625-6cf41c4e5c97/datanode-9/data/ratis/a638700d-2bf8-4193-8325-dac67e794d68/current/log_inprogress_0
2022-04-27 10:52:06,767 [4fef3099-80a8-4154-b528-44138d57637f@group-DAC67E794D68-LeaderElection19] INFO  server.RaftServer$Division (ServerState.java:setRaftConf(387)) - 4fef3099-80a8-4154-b528-44138d57637f@group-DAC67E794D68: set configuration 0: [4fef3099-80a8-4154-b528-44138d57637f|rpc:10.1.0.29:45983|dataStream:|priority:1], old=null
2022-04-27 10:52:06,769 [FixedThreadPoolWithAffinityExecutor-0-0] WARN  container.ContainerReportHandler (AbstractContainerReportHandler.java:updateContainerState(255)) - Container #1 is in OPEN state, but the datanode 0a06a8c4-9179-4a2e-838b-55c09a430176{ip: 10.1.0.29, host: fv-az270-423.tacnzluakwdehk1hpragurqkma.bx.internal.cloudapp.net, ports: [REPLICATION=38343, RATIS=39993, RATIS_ADMIN=39993, RATIS_SERVER=39993, STANDALONE=39275], networkLocation: /default-rack, certSerialId: null, persistedOpState: IN_SERVICE, persistedOpStateExpiryEpochSec: 0} reports an QUASI_CLOSED replica.
2022-04-27 10:52:06,770 [4fef3099-80a8-4154-b528-44138d57637f@group-DAC67E794D68-StateMachineUpdater] INFO  ratis.ContainerStateMachine (ContainerStateMachine.java:takeSnapshot(304)) - group-DAC67E794D68: Taking a snapshot at:(t:1, i:0) file /home/runner/work/ozone/ozone/hadoop-ozone/integration-test/target/test-dir/MiniOzoneClusterImpl-6fb830c9-5413-49cc-a625-6cf41c4e5c97/datanode-9/data/ratis/a638700d-2bf8-4193-8325-dac67e794d68/sm/snapshot.1_0
2022-04-27 10:52:06,771 [4fef3099-80a8-4154-b528-44138d57637f@group-DAC67E794D68-StateMachineUpdater] INFO  ratis.ContainerStateMachine (ContainerStateMachine.java:takeSnapshot(315)) - group-DAC67E794D68: Finished taking a snapshot at:(t:1, i:0) file:/home/runner/work/ozone/ozone/hadoop-ozone/integration-test/target/test-dir/MiniOzoneClusterImpl-6fb830c9-5413-49cc-a625-6cf41c4e5c97/datanode-9/data/ratis/a638700d-2bf8-4193-8325-dac67e794d68/sm/snapshot.1_0 took: 1 ms
2022-04-27 10:52:06,771 [4fef3099-80a8-4154-b528-44138d57637f@group-DAC67E794D68-StateMachineUpdater] INFO  impl.StateMachineUpdater (StateMachineUpdater.java:takeSnapshot(281)) - 4fef3099-80a8-4154-b528-44138d57637f@group-DAC67E794D68-StateMachineUpdater: Took a snapshot at index 0
2022-04-27 10:52:06,771 [4fef3099-80a8-4154-b528-44138d57637f@group-DAC67E794D68-StateMachineUpdater] INFO  impl.StateMachineUpdater (StateMachineUpdater.java:lambda$new$0(89)) - 4fef3099-80a8-4154-b528-44138d57637f@group-DAC67E794D68-StateMachineUpdater: snapshotIndex: updateIncreasingly -1 -> 0
2022-04-27 10:52:06,873 [FixedThreadPoolWithAffinityExecutor-0-0] WARN  container.ContainerReportHandler (AbstractContainerReportHandler.java:updateContainerState(255)) - Container #1 is in OPEN state, but the datanode 5e3f1479-9daf-43cd-8651-224960992f9b{ip: 10.1.0.29, host: fv-az270-423.tacnzluakwdehk1hpragurqkma.bx.internal.cloudapp.net, ports: [REPLICATION=39479, RATIS=36215, RATIS_ADMIN=36215, RATIS_SERVER=36215, STANDALONE=43119], networkLocation: /default-rack, certSerialId: null, persistedOpState: IN_SERVICE, persistedOpStateExpiryEpochSec: 0} reports an QUASI_CLOSED replica.
2022-04-27 10:52:06,892 [FixedThreadPoolWithAffinityExecutor-8-0] WARN  container.ContainerReportHandler (AbstractContainerReportHandler.java:updateContainerState(255)) - Container #1 is in OPEN state, but the datanode 6f2ed759-dfb9-4419-9191-8597321ac421{ip: 10.1.0.29, host: fv-az270-423.tacnzluakwdehk1hpragurqkma.bx.internal.cloudapp.net, ports: [REPLICATION=41459, RATIS=39501, RATIS_ADMIN=39501, RATIS_SERVER=39501, STANDALONE=44875], networkLocation: /default-rack, certSerialId: null, persistedOpState: IN_SERVICE, persistedOpStateExpiryEpochSec: 0} reports an QUASI_CLOSED replica.
2022-04-27 10:52:06,968 [FixedThreadPoolWithAffinityExecutor-8-0] WARN  container.ContainerReportHandler (AbstractContainerReportHandler.java:updateContainerState(255)) - Container #1 is in OPEN state, but the datanode 0a06a8c4-9179-4a2e-838b-55c09a430176{ip: 10.1.0.29, host: fv-az270-423.tacnzluakwdehk1hpragurqkma.bx.internal.cloudapp.net, ports: [REPLICATION=38343, RATIS=39993, RATIS_ADMIN=39993, RATIS_SERVER=39993, STANDALONE=39275], networkLocation: /default-rack, certSerialId: null, persistedOpState: IN_SERVICE, persistedOpStateExpiryEpochSec: 0} reports an QUASI_CLOSED replica.
10:52:06.983 [grpc-default-executor-2] ERROR DNAudit - user=null | ip=null | op=PUT_BLOCK {blockData=[blockId=conID: 1 locID: 109611004723200001 bcsId: 0, size=5]} | ret=FAILURE
org.apache.hadoop.hdds.scm.container.common.helpers.ContainerNotOpenException: Container 1 in QUASI_CLOSED state
	at org.apache.hadoop.ozone.container.common.impl.HddsDispatcher.validateContainerCommand(HddsDispatcher.java:486) ~[hdds-container-service-1.3.0-SNAPSHOT.jar:?]
	at org.apache.hadoop.ozone.container.common.transport.server.ratis.ContainerStateMachine.startTransaction(ContainerStateMachine.java:330) ~[hdds-container-service-1.3.0-SNAPSHOT.jar:?]
	at org.apache.ratis.server.impl.RaftServerImpl.submitClientRequestAsync(RaftServerImpl.java:797) ~[ratis-server-2.2.0.jar:2.2.0]
	at org.apache.ratis.server.impl.RaftServerProxy.lambda$submitClientRequestAsync$9(RaftServerProxy.java:417) ~[ratis-server-2.2.0.jar:2.2.0]
	at org.apache.ratis.server.impl.RaftServerProxy.lambda$null$7(RaftServerProxy.java:412) ~[ratis-server-2.2.0.jar:2.2.0]
	at org.apache.ratis.util.JavaUtils.callAsUnchecked(JavaUtils.java:115) ~[ratis-common-2.2.0.jar:2.2.0]
	at org.apache.ratis.server.impl.RaftServerProxy.lambda$submitRequest$8(RaftServerProxy.java:412) ~[ratis-server-2.2.0.jar:2.2.0]
	at java.util.concurrent.CompletableFuture.uniComposeStage(CompletableFuture.java:995) ~[?:1.8.0_322]
	at java.util.concurrent.CompletableFuture.thenCompose(CompletableFuture.java:2137) ~[?:1.8.0_322]
	at org.apache.ratis.server.impl.RaftServerProxy.submitRequest(RaftServerProxy.java:411) ~[ratis-server-2.2.0.jar:2.2.0]
	at org.apache.ratis.server.impl.RaftServerProxy.submitClientRequestAsync(RaftServerProxy.java:417) ~[ratis-server-2.2.0.jar:2.2.0]
	at org.apache.ratis.grpc.client.GrpcClientProtocolService$RequestStreamObserver.processClientRequest(GrpcClientProtocolService.java:222) ~[ratis-grpc-2.2.0.jar:2.2.0]
	at org.apache.ratis.grpc.client.GrpcClientProtocolService$OrderedRequestStreamObserver.processClientRequest(GrpcClientProtocolService.java:328) ~[ratis-grpc-2.2.0.jar:2.2.0]
	at org.apache.ratis.util.SlidingWindow$Server.processRequestsFromHead(SlidingWindow.java:431) [ratis-common-2.2.0.jar:2.2.0]
	at org.apache.ratis.util.SlidingWindow$Server.receivedRequest(SlidingWindow.java:423) [ratis-common-2.2.0.jar:2.2.0]
	at org.apache.ratis.grpc.client.GrpcClientProtocolService$OrderedRequestStreamObserver.processClientRequest(GrpcClientProtocolService.java:352) [ratis-grpc-2.2.0.jar:2.2.0]
	at org.apache.ratis.grpc.client.GrpcClientProtocolService$RequestStreamObserver.onNext(GrpcClientProtocolService.java:242) [ratis-grpc-2.2.0.jar:2.2.0]
	at org.apache.ratis.grpc.client.GrpcClientProtocolService$RequestStreamObserver.onNext(GrpcClientProtocolService.java:165) [ratis-grpc-2.2.0.jar:2.2.0]
	at org.apache.ratis.thirdparty.io.grpc.stub.ServerCalls$StreamingServerCallHandler$StreamingServerCallListener.onMessage(ServerCalls.java:255) [ratis-thirdparty-misc-0.7.0.jar:0.7.0]
	at org.apache.ratis.thirdparty.io.grpc.ForwardingServerCallListener.onMessage(ForwardingServerCallListener.java:33) [ratis-thirdparty-misc-0.7.0.jar:0.7.0]
	at org.apache.ratis.thirdparty.io.grpc.internal.ServerCallImpl$ServerStreamListenerImpl.messagesAvailableInternal(ServerCallImpl.java:309) [ratis-thirdparty-misc-0.7.0.jar:0.7.0]
	at org.apache.ratis.thirdparty.io.grpc.internal.ServerCallImpl$ServerStreamListenerImpl.messagesAvailable(ServerCallImpl.java:292) [ratis-thirdparty-misc-0.7.0.jar:0.7.0]
	at org.apache.ratis.thirdparty.io.grpc.internal.ServerImpl$JumpToApplicationThreadServerStreamListener$1MessagesAvailable.runInContext(ServerImpl.java:782) [ratis-thirdparty-misc-0.7.0.jar:0.7.0]
	at org.apache.ratis.thirdparty.io.grpc.internal.ContextRunnable.run(ContextRunnable.java:37) [ratis-thirdparty-misc-0.7.0.jar:0.7.0]
	at org.apache.ratis.thirdparty.io.grpc.internal.SerializingExecutor.run(SerializingExecutor.java:123) [ratis-thirdparty-misc-0.7.0.jar:0.7.0]
	at java.util.concurrent.ThreadPoolExecutor.runWorker(ThreadPoolExecutor.java:1149) [?:1.8.0_322]
	at java.util.concurrent.ThreadPoolExecutor$Worker.run(ThreadPoolExecutor.java:624) [?:1.8.0_322]
	at java.lang.Thread.run(Thread.java:750) [?:1.8.0_322]
]]></system-out>
  </testcase>
  <testcase name="testContainerStateMachineSingleFailureRetry" classname="org.apache.hadoop.ozone.client.rpc.TestContainerStateMachineFailures" time="21.39">
    <system-out><![CDATA[2022-04-27 10:52:07,076 [FixedThreadPoolWithAffinityExecutor-8-0] WARN  container.ContainerReportHandler (AbstractContainerReportHandler.java:updateContainerState(255)) - Container #1 is in OPEN state, but the datanode 5e3f1479-9daf-43cd-8651-224960992f9b{ip: 10.1.0.29, host: fv-az270-423.tacnzluakwdehk1hpragurqkma.bx.internal.cloudapp.net, ports: [REPLICATION=39479, RATIS=36215, RATIS_ADMIN=36215, RATIS_SERVER=36215, STANDALONE=43119], networkLocation: /default-rack, certSerialId: null, persistedOpState: IN_SERVICE, persistedOpStateExpiryEpochSec: 0} reports an QUASI_CLOSED replica.
2022-04-27 10:52:07,093 [FixedThreadPoolWithAffinityExecutor-9-0] WARN  container.ContainerReportHandler (AbstractContainerReportHandler.java:updateContainerState(255)) - Container #1 is in OPEN state, but the datanode 6f2ed759-dfb9-4419-9191-8597321ac421{ip: 10.1.0.29, host: fv-az270-423.tacnzluakwdehk1hpragurqkma.bx.internal.cloudapp.net, ports: [REPLICATION=41459, RATIS=39501, RATIS_ADMIN=39501, RATIS_SERVER=39501, STANDALONE=44875], networkLocation: /default-rack, certSerialId: null, persistedOpState: IN_SERVICE, persistedOpStateExpiryEpochSec: 0} reports an QUASI_CLOSED replica.
2022-04-27 10:52:07,141 [5e3f1479-9daf-43cd-8651-224960992f9b@group-DFF27B2A1031-StateMachineUpdater] INFO  ratis.ContainerStateMachine (ContainerStateMachine.java:takeSnapshot(304)) - group-DFF27B2A1031: Taking a snapshot at:(t:1, i:4) file /home/runner/work/ozone/ozone/hadoop-ozone/integration-test/target/test-dir/MiniOzoneClusterImpl-6fb830c9-5413-49cc-a625-6cf41c4e5c97/datanode-5/data/ratis/cf80c735-cb93-438b-a05e-dff27b2a1031/sm/snapshot.1_4
2022-04-27 10:52:07,142 [5e3f1479-9daf-43cd-8651-224960992f9b@group-DFF27B2A1031-StateMachineUpdater] INFO  ratis.ContainerStateMachine (ContainerStateMachine.java:takeSnapshot(315)) - group-DFF27B2A1031: Finished taking a snapshot at:(t:1, i:4) file:/home/runner/work/ozone/ozone/hadoop-ozone/integration-test/target/test-dir/MiniOzoneClusterImpl-6fb830c9-5413-49cc-a625-6cf41c4e5c97/datanode-5/data/ratis/cf80c735-cb93-438b-a05e-dff27b2a1031/sm/snapshot.1_4 took: 1 ms
2022-04-27 10:52:07,143 [5e3f1479-9daf-43cd-8651-224960992f9b@group-DFF27B2A1031-StateMachineUpdater] INFO  impl.StateMachineUpdater (StateMachineUpdater.java:takeSnapshot(281)) - 5e3f1479-9daf-43cd-8651-224960992f9b@group-DFF27B2A1031-StateMachineUpdater: Took a snapshot at index 4
2022-04-27 10:52:07,143 [5e3f1479-9daf-43cd-8651-224960992f9b@group-DFF27B2A1031-StateMachineUpdater] INFO  impl.StateMachineUpdater (StateMachineUpdater.java:lambda$new$0(89)) - 5e3f1479-9daf-43cd-8651-224960992f9b@group-DFF27B2A1031-StateMachineUpdater: snapshotIndex: updateIncreasingly 2 -> 4
2022-04-27 10:52:07,148 [FixedThreadPoolWithAffinityExecutor-9-0] WARN  container.ContainerReportHandler (AbstractContainerReportHandler.java:updateContainerState(255)) - Container #1 is in OPEN state, but the datanode 0a06a8c4-9179-4a2e-838b-55c09a430176{ip: 10.1.0.29, host: fv-az270-423.tacnzluakwdehk1hpragurqkma.bx.internal.cloudapp.net, ports: [REPLICATION=38343, RATIS=39993, RATIS_ADMIN=39993, RATIS_SERVER=39993, STANDALONE=39275], networkLocation: /default-rack, certSerialId: null, persistedOpState: IN_SERVICE, persistedOpStateExpiryEpochSec: 0} reports an QUASI_CLOSED replica.
2022-04-27 10:52:07,159 [0a06a8c4-9179-4a2e-838b-55c09a430176@group-DFF27B2A1031-StateMachineUpdater] INFO  ratis.ContainerStateMachine (ContainerStateMachine.java:takeSnapshot(304)) - group-DFF27B2A1031: Taking a snapshot at:(t:1, i:4) file /home/runner/work/ozone/ozone/hadoop-ozone/integration-test/target/test-dir/MiniOzoneClusterImpl-6fb830c9-5413-49cc-a625-6cf41c4e5c97/datanode-4/data/ratis/cf80c735-cb93-438b-a05e-dff27b2a1031/sm/snapshot.1_4
2022-04-27 10:52:07,161 [0a06a8c4-9179-4a2e-838b-55c09a430176@group-DFF27B2A1031-StateMachineUpdater] INFO  ratis.ContainerStateMachine (ContainerStateMachine.java:takeSnapshot(315)) - group-DFF27B2A1031: Finished taking a snapshot at:(t:1, i:4) file:/home/runner/work/ozone/ozone/hadoop-ozone/integration-test/target/test-dir/MiniOzoneClusterImpl-6fb830c9-5413-49cc-a625-6cf41c4e5c97/datanode-4/data/ratis/cf80c735-cb93-438b-a05e-dff27b2a1031/sm/snapshot.1_4 took: 2 ms
2022-04-27 10:52:07,161 [0a06a8c4-9179-4a2e-838b-55c09a430176@group-DFF27B2A1031-StateMachineUpdater] INFO  impl.StateMachineUpdater (StateMachineUpdater.java:takeSnapshot(281)) - 0a06a8c4-9179-4a2e-838b-55c09a430176@group-DFF27B2A1031-StateMachineUpdater: Took a snapshot at index 4
2022-04-27 10:52:07,161 [0a06a8c4-9179-4a2e-838b-55c09a430176@group-DFF27B2A1031-StateMachineUpdater] INFO  impl.StateMachineUpdater (StateMachineUpdater.java:lambda$new$0(89)) - 0a06a8c4-9179-4a2e-838b-55c09a430176@group-DFF27B2A1031-StateMachineUpdater: snapshotIndex: updateIncreasingly 1 -> 4
2022-04-27 10:52:07,168 [5e3f1479-9daf-43cd-8651-224960992f9b@group-DFF27B2A1031-StateMachineUpdater] INFO  ratis.ContainerStateMachine (ContainerStateMachine.java:takeSnapshot(304)) - group-DFF27B2A1031: Taking a snapshot at:(t:1, i:5) file /home/runner/work/ozone/ozone/hadoop-ozone/integration-test/target/test-dir/MiniOzoneClusterImpl-6fb830c9-5413-49cc-a625-6cf41c4e5c97/datanode-5/data/ratis/cf80c735-cb93-438b-a05e-dff27b2a1031/sm/snapshot.1_5
2022-04-27 10:52:07,169 [6f2ed759-dfb9-4419-9191-8597321ac421@group-DFF27B2A1031-StateMachineUpdater] INFO  ratis.ContainerStateMachine (ContainerStateMachine.java:takeSnapshot(304)) - group-DFF27B2A1031: Taking a snapshot at:(t:1, i:5) file /home/runner/work/ozone/ozone/hadoop-ozone/integration-test/target/test-dir/MiniOzoneClusterImpl-6fb830c9-5413-49cc-a625-6cf41c4e5c97/datanode-3/data/ratis/cf80c735-cb93-438b-a05e-dff27b2a1031/sm/snapshot.1_5
2022-04-27 10:52:07,170 [5e3f1479-9daf-43cd-8651-224960992f9b@group-DFF27B2A1031-StateMachineUpdater] INFO  ratis.ContainerStateMachine (ContainerStateMachine.java:takeSnapshot(315)) - group-DFF27B2A1031: Finished taking a snapshot at:(t:1, i:5) file:/home/runner/work/ozone/ozone/hadoop-ozone/integration-test/target/test-dir/MiniOzoneClusterImpl-6fb830c9-5413-49cc-a625-6cf41c4e5c97/datanode-5/data/ratis/cf80c735-cb93-438b-a05e-dff27b2a1031/sm/snapshot.1_5 took: 2 ms
2022-04-27 10:52:07,170 [5e3f1479-9daf-43cd-8651-224960992f9b@group-DFF27B2A1031-StateMachineUpdater] INFO  impl.StateMachineUpdater (StateMachineUpdater.java:takeSnapshot(281)) - 5e3f1479-9daf-43cd-8651-224960992f9b@group-DFF27B2A1031-StateMachineUpdater: Took a snapshot at index 5
2022-04-27 10:52:07,170 [5e3f1479-9daf-43cd-8651-224960992f9b@group-DFF27B2A1031-StateMachineUpdater] INFO  impl.StateMachineUpdater (StateMachineUpdater.java:lambda$new$0(89)) - 5e3f1479-9daf-43cd-8651-224960992f9b@group-DFF27B2A1031-StateMachineUpdater: snapshotIndex: updateIncreasingly 4 -> 5
2022-04-27 10:52:07,172 [6f2ed759-dfb9-4419-9191-8597321ac421@group-DFF27B2A1031-StateMachineUpdater] INFO  ratis.ContainerStateMachine (ContainerStateMachine.java:takeSnapshot(315)) - group-DFF27B2A1031: Finished taking a snapshot at:(t:1, i:5) file:/home/runner/work/ozone/ozone/hadoop-ozone/integration-test/target/test-dir/MiniOzoneClusterImpl-6fb830c9-5413-49cc-a625-6cf41c4e5c97/datanode-3/data/ratis/cf80c735-cb93-438b-a05e-dff27b2a1031/sm/snapshot.1_5 took: 3 ms
2022-04-27 10:52:07,172 [6f2ed759-dfb9-4419-9191-8597321ac421@group-DFF27B2A1031-StateMachineUpdater] INFO  impl.StateMachineUpdater (StateMachineUpdater.java:takeSnapshot(281)) - 6f2ed759-dfb9-4419-9191-8597321ac421@group-DFF27B2A1031-StateMachineUpdater: Took a snapshot at index 5
2022-04-27 10:52:07,172 [6f2ed759-dfb9-4419-9191-8597321ac421@group-DFF27B2A1031-StateMachineUpdater] INFO  impl.StateMachineUpdater (StateMachineUpdater.java:lambda$new$0(89)) - 6f2ed759-dfb9-4419-9191-8597321ac421@group-DFF27B2A1031-StateMachineUpdater: snapshotIndex: updateIncreasingly 4 -> 5
2022-04-27 10:52:07,178 [5e3f1479-9daf-43cd-8651-224960992f9b@group-DFF27B2A1031-StateMachineUpdater] INFO  ratis.ContainerStateMachine (ContainerStateMachine.java:takeSnapshot(304)) - group-DFF27B2A1031: Taking a snapshot at:(t:1, i:6) file /home/runner/work/ozone/ozone/hadoop-ozone/integration-test/target/test-dir/MiniOzoneClusterImpl-6fb830c9-5413-49cc-a625-6cf41c4e5c97/datanode-5/data/ratis/cf80c735-cb93-438b-a05e-dff27b2a1031/sm/snapshot.1_6
2022-04-27 10:52:07,178 [0a06a8c4-9179-4a2e-838b-55c09a430176@group-DFF27B2A1031-StateMachineUpdater] INFO  ratis.ContainerStateMachine (ContainerStateMachine.java:takeSnapshot(304)) - group-DFF27B2A1031: Taking a snapshot at:(t:1, i:4) file /home/runner/work/ozone/ozone/hadoop-ozone/integration-test/target/test-dir/MiniOzoneClusterImpl-6fb830c9-5413-49cc-a625-6cf41c4e5c97/datanode-4/data/ratis/cf80c735-cb93-438b-a05e-dff27b2a1031/sm/snapshot.1_4
2022-04-27 10:52:07,179 [6f2ed759-dfb9-4419-9191-8597321ac421@group-DFF27B2A1031-StateMachineUpdater] INFO  ratis.ContainerStateMachine (ContainerStateMachine.java:takeSnapshot(304)) - group-DFF27B2A1031: Taking a snapshot at:(t:1, i:5) file /home/runner/work/ozone/ozone/hadoop-ozone/integration-test/target/test-dir/MiniOzoneClusterImpl-6fb830c9-5413-49cc-a625-6cf41c4e5c97/datanode-3/data/ratis/cf80c735-cb93-438b-a05e-dff27b2a1031/sm/snapshot.1_5
2022-04-27 10:52:07,180 [5e3f1479-9daf-43cd-8651-224960992f9b@group-DFF27B2A1031-StateMachineUpdater] INFO  ratis.ContainerStateMachine (ContainerStateMachine.java:takeSnapshot(315)) - group-DFF27B2A1031: Finished taking a snapshot at:(t:1, i:6) file:/home/runner/work/ozone/ozone/hadoop-ozone/integration-test/target/test-dir/MiniOzoneClusterImpl-6fb830c9-5413-49cc-a625-6cf41c4e5c97/datanode-5/data/ratis/cf80c735-cb93-438b-a05e-dff27b2a1031/sm/snapshot.1_6 took: 2 ms
2022-04-27 10:52:07,180 [0a06a8c4-9179-4a2e-838b-55c09a430176@group-DFF27B2A1031-StateMachineUpdater] INFO  ratis.ContainerStateMachine (ContainerStateMachine.java:takeSnapshot(315)) - group-DFF27B2A1031: Finished taking a snapshot at:(t:1, i:4) file:/home/runner/work/ozone/ozone/hadoop-ozone/integration-test/target/test-dir/MiniOzoneClusterImpl-6fb830c9-5413-49cc-a625-6cf41c4e5c97/datanode-4/data/ratis/cf80c735-cb93-438b-a05e-dff27b2a1031/sm/snapshot.1_4 took: 1 ms
2022-04-27 10:52:07,180 [5e3f1479-9daf-43cd-8651-224960992f9b@group-DFF27B2A1031-StateMachineUpdater] INFO  impl.StateMachineUpdater (StateMachineUpdater.java:takeSnapshot(281)) - 5e3f1479-9daf-43cd-8651-224960992f9b@group-DFF27B2A1031-StateMachineUpdater: Took a snapshot at index 6
2022-04-27 10:52:07,180 [5e3f1479-9daf-43cd-8651-224960992f9b@group-DFF27B2A1031-StateMachineUpdater] INFO  impl.StateMachineUpdater (StateMachineUpdater.java:lambda$new$0(89)) - 5e3f1479-9daf-43cd-8651-224960992f9b@group-DFF27B2A1031-StateMachineUpdater: snapshotIndex: updateIncreasingly 5 -> 6
2022-04-27 10:52:07,180 [0a06a8c4-9179-4a2e-838b-55c09a430176@group-DFF27B2A1031-StateMachineUpdater] INFO  impl.StateMachineUpdater (StateMachineUpdater.java:takeSnapshot(281)) - 0a06a8c4-9179-4a2e-838b-55c09a430176@group-DFF27B2A1031-StateMachineUpdater: Took a snapshot at index 4
2022-04-27 10:52:07,180 [0a06a8c4-9179-4a2e-838b-55c09a430176@group-DFF27B2A1031-StateMachineUpdater] INFO  impl.StateMachineUpdater (StateMachineUpdater.java:lambda$new$0(89)) - 0a06a8c4-9179-4a2e-838b-55c09a430176@group-DFF27B2A1031-StateMachineUpdater: snapshotIndex: updateIncreasingly 4 -> 4
2022-04-27 10:52:07,181 [6f2ed759-dfb9-4419-9191-8597321ac421@group-DFF27B2A1031-StateMachineUpdater] INFO  ratis.ContainerStateMachine (ContainerStateMachine.java:takeSnapshot(315)) - group-DFF27B2A1031: Finished taking a snapshot at:(t:1, i:5) file:/home/runner/work/ozone/ozone/hadoop-ozone/integration-test/target/test-dir/MiniOzoneClusterImpl-6fb830c9-5413-49cc-a625-6cf41c4e5c97/datanode-3/data/ratis/cf80c735-cb93-438b-a05e-dff27b2a1031/sm/snapshot.1_5 took: 2 ms
2022-04-27 10:52:07,181 [6f2ed759-dfb9-4419-9191-8597321ac421@group-DFF27B2A1031-StateMachineUpdater] INFO  impl.StateMachineUpdater (StateMachineUpdater.java:takeSnapshot(281)) - 6f2ed759-dfb9-4419-9191-8597321ac421@group-DFF27B2A1031-StateMachineUpdater: Took a snapshot at index 5
2022-04-27 10:52:07,181 [6f2ed759-dfb9-4419-9191-8597321ac421@group-DFF27B2A1031-StateMachineUpdater] INFO  impl.StateMachineUpdater (StateMachineUpdater.java:lambda$new$0(89)) - 6f2ed759-dfb9-4419-9191-8597321ac421@group-DFF27B2A1031-StateMachineUpdater: snapshotIndex: updateIncreasingly 5 -> 5
2022-04-27 10:52:07,182 [6f2ed759-dfb9-4419-9191-8597321ac421@group-DFF27B2A1031-StateMachineUpdater] INFO  ratis.ContainerStateMachine (ContainerStateMachine.java:takeSnapshot(304)) - group-DFF27B2A1031: Taking a snapshot at:(t:1, i:8) file /home/runner/work/ozone/ozone/hadoop-ozone/integration-test/target/test-dir/MiniOzoneClusterImpl-6fb830c9-5413-49cc-a625-6cf41c4e5c97/datanode-3/data/ratis/cf80c735-cb93-438b-a05e-dff27b2a1031/sm/snapshot.1_8
2022-04-27 10:52:07,187 [0a06a8c4-9179-4a2e-838b-55c09a430176@group-DFF27B2A1031-StateMachineUpdater] INFO  ratis.ContainerStateMachine (ContainerStateMachine.java:takeSnapshot(304)) - group-DFF27B2A1031: Taking a snapshot at:(t:1, i:5) file /home/runner/work/ozone/ozone/hadoop-ozone/integration-test/target/test-dir/MiniOzoneClusterImpl-6fb830c9-5413-49cc-a625-6cf41c4e5c97/datanode-4/data/ratis/cf80c735-cb93-438b-a05e-dff27b2a1031/sm/snapshot.1_5
2022-04-27 10:52:07,188 [ChunkWriter-2-0] ERROR impl.ContainerLayoutVersion (ContainerLayoutVersion.java:getChunkDir(148)) - Chunks dir /home/runner/work/ozone/ozone/hadoop-ozone/integration-test/target/test-dir/MiniOzoneClusterImpl-6fb830c9-5413-49cc-a625-6cf41c4e5c97/datanode-4/data-0/containers/hdds/6fb830c9-5413-49cc-a625-6cf41c4e5c97/current/containerDir0/2/chunks does not exist
2022-04-27 10:52:07,188 [ChunkWriter-2-0] INFO  keyvalue.KeyValueHandler (ContainerUtils.java:logAndReturnError(88)) - Operation: WriteChunk , Trace ID:  , Message: Chunks directory /home/runner/work/ozone/ozone/hadoop-ozone/integration-test/target/test-dir/MiniOzoneClusterImpl-6fb830c9-5413-49cc-a625-6cf41c4e5c97/datanode-4/data-0/containers/hdds/6fb830c9-5413-49cc-a625-6cf41c4e5c97/current/containerDir0/2/chunks does not exist. , Result: UNABLE_TO_FIND_DATA_DIR , StorageContainerException Occurred.
org.apache.hadoop.hdds.scm.container.common.helpers.StorageContainerException: Chunks directory /home/runner/work/ozone/ozone/hadoop-ozone/integration-test/target/test-dir/MiniOzoneClusterImpl-6fb830c9-5413-49cc-a625-6cf41c4e5c97/datanode-4/data-0/containers/hdds/6fb830c9-5413-49cc-a625-6cf41c4e5c97/current/containerDir0/2/chunks does not exist.
	at org.apache.hadoop.ozone.container.common.impl.ContainerLayoutVersion.getChunkDir(ContainerLayoutVersion.java:150)
	at org.apache.hadoop.ozone.container.common.impl.ContainerLayoutVersion.getChunkFile(ContainerLayoutVersion.java:126)
	at org.apache.hadoop.ozone.container.keyvalue.impl.FilePerBlockStrategy.getChunkFile(FilePerBlockStrategy.java:237)
	at org.apache.hadoop.ozone.container.keyvalue.impl.FilePerBlockStrategy.writeChunk(FilePerBlockStrategy.java:119)
	at org.apache.hadoop.ozone.container.keyvalue.impl.ChunkManagerDispatcher.writeChunk(ChunkManagerDispatcher.java:73)
	at org.apache.hadoop.ozone.container.keyvalue.KeyValueHandler.handleWriteChunk(KeyValueHandler.java:744)
	at org.apache.hadoop.ozone.container.keyvalue.KeyValueHandler.dispatchRequest(KeyValueHandler.java:226)
	at org.apache.hadoop.ozone.container.keyvalue.KeyValueHandler.handle(KeyValueHandler.java:190)
	at org.apache.hadoop.ozone.container.common.impl.HddsDispatcher.dispatchRequest(HddsDispatcher.java:307)
	at org.apache.hadoop.ozone.container.common.impl.HddsDispatcher.lambda$dispatch$0(HddsDispatcher.java:169)
	at org.apache.hadoop.hdds.server.OzoneProtocolMessageDispatcher.processRequest(OzoneProtocolMessageDispatcher.java:87)
	at org.apache.hadoop.ozone.container.common.impl.HddsDispatcher.dispatch(HddsDispatcher.java:168)
	at org.apache.hadoop.ozone.container.common.transport.server.ratis.ContainerStateMachine.dispatchCommand(ContainerStateMachine.java:413)
	at org.apache.hadoop.ozone.container.common.transport.server.ratis.ContainerStateMachine.runCommand(ContainerStateMachine.java:423)
	at org.apache.hadoop.ozone.container.common.transport.server.ratis.ContainerStateMachine.lambda$handleWriteChunk$1(ContainerStateMachine.java:455)
	at java.util.concurrent.CompletableFuture$AsyncSupply.run(CompletableFuture.java:1604)
	at java.util.concurrent.ThreadPoolExecutor.runWorker(ThreadPoolExecutor.java:1149)
	at java.util.concurrent.ThreadPoolExecutor$Worker.run(ThreadPoolExecutor.java:624)
	at java.lang.Thread.run(Thread.java:750)
2022-04-27 10:52:07,191 [6f2ed759-dfb9-4419-9191-8597321ac421@group-DFF27B2A1031-StateMachineUpdater] INFO  ratis.ContainerStateMachine (ContainerStateMachine.java:takeSnapshot(315)) - group-DFF27B2A1031: Finished taking a snapshot at:(t:1, i:8) file:/home/runner/work/ozone/ozone/hadoop-ozone/integration-test/target/test-dir/MiniOzoneClusterImpl-6fb830c9-5413-49cc-a625-6cf41c4e5c97/datanode-3/data/ratis/cf80c735-cb93-438b-a05e-dff27b2a1031/sm/snapshot.1_8 took: 9 ms
2022-04-27 10:52:07,191 [6f2ed759-dfb9-4419-9191-8597321ac421@group-DFF27B2A1031-StateMachineUpdater] INFO  impl.StateMachineUpdater (StateMachineUpdater.java:takeSnapshot(281)) - 6f2ed759-dfb9-4419-9191-8597321ac421@group-DFF27B2A1031-StateMachineUpdater: Took a snapshot at index 8
2022-04-27 10:52:07,192 [6f2ed759-dfb9-4419-9191-8597321ac421@group-DFF27B2A1031-StateMachineUpdater] INFO  impl.StateMachineUpdater (StateMachineUpdater.java:lambda$new$0(89)) - 6f2ed759-dfb9-4419-9191-8597321ac421@group-DFF27B2A1031-StateMachineUpdater: snapshotIndex: updateIncreasingly 5 -> 8
2022-04-27 10:52:07,191 [ChunkWriter-2-0] ERROR impl.ContainerLayoutVersion (ContainerLayoutVersion.java:getChunkDir(148)) - Chunks dir /home/runner/work/ozone/ozone/hadoop-ozone/integration-test/target/test-dir/MiniOzoneClusterImpl-6fb830c9-5413-49cc-a625-6cf41c4e5c97/datanode-5/data-0/containers/hdds/6fb830c9-5413-49cc-a625-6cf41c4e5c97/current/containerDir0/2/chunks does not exist
2022-04-27 10:52:07,194 [0a06a8c4-9179-4a2e-838b-55c09a430176@group-DFF27B2A1031-StateMachineUpdater] INFO  ratis.ContainerStateMachine (ContainerStateMachine.java:takeSnapshot(315)) - group-DFF27B2A1031: Finished taking a snapshot at:(t:1, i:5) file:/home/runner/work/ozone/ozone/hadoop-ozone/integration-test/target/test-dir/MiniOzoneClusterImpl-6fb830c9-5413-49cc-a625-6cf41c4e5c97/datanode-4/data/ratis/cf80c735-cb93-438b-a05e-dff27b2a1031/sm/snapshot.1_5 took: 7 ms
2022-04-27 10:52:07,194 [ChunkWriter-2-0] WARN  keyvalue.KeyValueContainer (KeyValueContainer.java:markContainerUnhealthy(327)) - Moving container /home/runner/work/ozone/ozone/hadoop-ozone/integration-test/target/test-dir/MiniOzoneClusterImpl-6fb830c9-5413-49cc-a625-6cf41c4e5c97/datanode-4/data-0/containers/hdds/6fb830c9-5413-49cc-a625-6cf41c4e5c97/current/containerDir0/2 to state UNHEALTHY from state:UNHEALTHY Trace:java.lang.Thread.getStackTrace(Thread.java:1564)
org.apache.hadoop.util.StringUtils.getStackTrace(StringUtils.java:1060)
org.apache.hadoop.ozone.container.keyvalue.KeyValueContainer.markContainerUnhealthy(KeyValueContainer.java:329)
org.apache.hadoop.ozone.container.keyvalue.KeyValueHandler.markContainerUnhealthy(KeyValueHandler.java:989)
org.apache.hadoop.ozone.container.common.impl.HddsDispatcher.dispatchRequest(HddsDispatcher.java:350)
org.apache.hadoop.ozone.container.common.impl.HddsDispatcher.lambda$dispatch$0(HddsDispatcher.java:169)
org.apache.hadoop.hdds.server.OzoneProtocolMessageDispatcher.processRequest(OzoneProtocolMessageDispatcher.java:87)
org.apache.hadoop.ozone.container.common.impl.HddsDispatcher.dispatch(HddsDispatcher.java:168)
org.apache.hadoop.ozone.container.common.transport.server.ratis.ContainerStateMachine.dispatchCommand(ContainerStateMachine.java:413)
org.apache.hadoop.ozone.container.common.transport.server.ratis.ContainerStateMachine.runCommand(ContainerStateMachine.java:423)
org.apache.hadoop.ozone.container.common.transport.server.ratis.ContainerStateMachine.lambda$handleWriteChunk$1(ContainerStateMachine.java:455)
java.util.concurrent.CompletableFuture$AsyncSupply.run(CompletableFuture.java:1604)
java.util.concurrent.ThreadPoolExecutor.runWorker(ThreadPoolExecutor.java:1149)
java.util.concurrent.ThreadPoolExecutor$Worker.run(ThreadPoolExecutor.java:624)
java.lang.Thread.run(Thread.java:750)

2022-04-27 10:52:07,194 [0a06a8c4-9179-4a2e-838b-55c09a430176@group-DFF27B2A1031-StateMachineUpdater] INFO  impl.StateMachineUpdater (StateMachineUpdater.java:takeSnapshot(281)) - 0a06a8c4-9179-4a2e-838b-55c09a430176@group-DFF27B2A1031-StateMachineUpdater: Took a snapshot at index 5
2022-04-27 10:52:07,194 [0a06a8c4-9179-4a2e-838b-55c09a430176@group-DFF27B2A1031-StateMachineUpdater] INFO  impl.StateMachineUpdater (StateMachineUpdater.java:lambda$new$0(89)) - 0a06a8c4-9179-4a2e-838b-55c09a430176@group-DFF27B2A1031-StateMachineUpdater: snapshotIndex: updateIncreasingly 4 -> 5
2022-04-27 10:52:07,194 [ChunkWriter-2-0] INFO  impl.HddsDispatcher (HddsDispatcher.java:dispatchRequest(351)) - Marked Container UNHEALTHY, ContainerID: 2
2022-04-27 10:52:07,196 [FixedThreadPoolWithAffinityExecutor-0-0] WARN  container.IncrementalContainerReportHandler (AbstractContainerReportHandler.java:updateContainerState(255)) - Container #2 is in OPEN state, but the datanode 0a06a8c4-9179-4a2e-838b-55c09a430176{ip: 10.1.0.29, host: fv-az270-423.tacnzluakwdehk1hpragurqkma.bx.internal.cloudapp.net, ports: [REPLICATION=38343, RATIS=39993, RATIS_ADMIN=39993, RATIS_SERVER=39993, STANDALONE=39275], networkLocation: /default-rack, certSerialId: null, persistedOpState: IN_SERVICE, persistedOpStateExpiryEpochSec: 0} reports an UNHEALTHY replica.
2022-04-27 10:52:07,194 [ChunkWriter-2-0] INFO  keyvalue.KeyValueHandler (ContainerUtils.java:logAndReturnError(88)) - Operation: WriteChunk , Trace ID:  , Message: Chunks directory /home/runner/work/ozone/ozone/hadoop-ozone/integration-test/target/test-dir/MiniOzoneClusterImpl-6fb830c9-5413-49cc-a625-6cf41c4e5c97/datanode-5/data-0/containers/hdds/6fb830c9-5413-49cc-a625-6cf41c4e5c97/current/containerDir0/2/chunks does not exist. , Result: UNABLE_TO_FIND_DATA_DIR , StorageContainerException Occurred.
org.apache.hadoop.hdds.scm.container.common.helpers.StorageContainerException: Chunks directory /home/runner/work/ozone/ozone/hadoop-ozone/integration-test/target/test-dir/MiniOzoneClusterImpl-6fb830c9-5413-49cc-a625-6cf41c4e5c97/datanode-5/data-0/containers/hdds/6fb830c9-5413-49cc-a625-6cf41c4e5c97/current/containerDir0/2/chunks does not exist.
	at org.apache.hadoop.ozone.container.common.impl.ContainerLayoutVersion.getChunkDir(ContainerLayoutVersion.java:150)
	at org.apache.hadoop.ozone.container.common.impl.ContainerLayoutVersion.getChunkFile(ContainerLayoutVersion.java:126)
	at org.apache.hadoop.ozone.container.keyvalue.impl.FilePerBlockStrategy.getChunkFile(FilePerBlockStrategy.java:237)
	at org.apache.hadoop.ozone.container.keyvalue.impl.FilePerBlockStrategy.writeChunk(FilePerBlockStrategy.java:119)
	at org.apache.hadoop.ozone.container.keyvalue.impl.ChunkManagerDispatcher.writeChunk(ChunkManagerDispatcher.java:73)
	at org.apache.hadoop.ozone.container.keyvalue.KeyValueHandler.handleWriteChunk(KeyValueHandler.java:744)
	at org.apache.hadoop.ozone.container.keyvalue.KeyValueHandler.dispatchRequest(KeyValueHandler.java:226)
	at org.apache.hadoop.ozone.container.keyvalue.KeyValueHandler.handle(KeyValueHandler.java:190)
	at org.apache.hadoop.ozone.container.common.impl.HddsDispatcher.dispatchRequest(HddsDispatcher.java:307)
	at org.apache.hadoop.ozone.container.common.impl.HddsDispatcher.lambda$dispatch$0(HddsDispatcher.java:169)
	at org.apache.hadoop.hdds.server.OzoneProtocolMessageDispatcher.processRequest(OzoneProtocolMessageDispatcher.java:87)
	at org.apache.hadoop.ozone.container.common.impl.HddsDispatcher.dispatch(HddsDispatcher.java:168)
	at org.apache.hadoop.ozone.container.common.transport.server.ratis.ContainerStateMachine.dispatchCommand(ContainerStateMachine.java:413)
	at org.apache.hadoop.ozone.container.common.transport.server.ratis.ContainerStateMachine.runCommand(ContainerStateMachine.java:423)
	at org.apache.hadoop.ozone.container.common.transport.server.ratis.ContainerStateMachine.lambda$handleWriteChunk$1(ContainerStateMachine.java:455)
	at java.util.concurrent.CompletableFuture$AsyncSupply.run(CompletableFuture.java:1604)
	at java.util.concurrent.ThreadPoolExecutor.runWorker(ThreadPoolExecutor.java:1149)
	at java.util.concurrent.ThreadPoolExecutor$Worker.run(ThreadPoolExecutor.java:624)
	at java.lang.Thread.run(Thread.java:750)
10:52:07.203 [ChunkWriter-2-0] ERROR DNAudit - user=null | ip=null | op=WRITE_CHUNK {blockData=conID: 2 locID: 109611004723200002 bcsId: 6} | ret=FAILURE
java.lang.Exception: Chunks directory /home/runner/work/ozone/ozone/hadoop-ozone/integration-test/target/test-dir/MiniOzoneClusterImpl-6fb830c9-5413-49cc-a625-6cf41c4e5c97/datanode-4/data-0/containers/hdds/6fb830c9-5413-49cc-a625-6cf41c4e5c97/current/containerDir0/2/chunks does not exist.
	at org.apache.hadoop.ozone.container.common.impl.HddsDispatcher.dispatchRequest(HddsDispatcher.java:369) ~[hdds-container-service-1.3.0-SNAPSHOT.jar:?]
	at org.apache.hadoop.ozone.container.common.impl.HddsDispatcher.lambda$dispatch$0(HddsDispatcher.java:169) ~[hdds-container-service-1.3.0-SNAPSHOT.jar:?]
	at org.apache.hadoop.hdds.server.OzoneProtocolMessageDispatcher.processRequest(OzoneProtocolMessageDispatcher.java:87) ~[hdds-server-framework-1.3.0-SNAPSHOT.jar:?]
	at org.apache.hadoop.ozone.container.common.impl.HddsDispatcher.dispatch(HddsDispatcher.java:168) ~[hdds-container-service-1.3.0-SNAPSHOT.jar:?]
	at org.apache.hadoop.ozone.container.common.transport.server.ratis.ContainerStateMachine.dispatchCommand(ContainerStateMachine.java:413) ~[hdds-container-service-1.3.0-SNAPSHOT.jar:?]
	at org.apache.hadoop.ozone.container.common.transport.server.ratis.ContainerStateMachine.runCommand(ContainerStateMachine.java:423) ~[hdds-container-service-1.3.0-SNAPSHOT.jar:?]
	at org.apache.hadoop.ozone.container.common.transport.server.ratis.ContainerStateMachine.lambda$handleWriteChunk$1(ContainerStateMachine.java:455) ~[hdds-container-service-1.3.0-SNAPSHOT.jar:?]
	at java.util.concurrent.CompletableFuture$AsyncSupply.run(CompletableFuture.java:1604) [?:1.8.0_322]
	at java.util.concurrent.ThreadPoolExecutor.runWorker(ThreadPoolExecutor.java:1149) [?:1.8.0_322]
	at java.util.concurrent.ThreadPoolExecutor$Worker.run(ThreadPoolExecutor.java:624) [?:1.8.0_322]
	at java.lang.Thread.run(Thread.java:750) [?:1.8.0_322]
2022-04-27 10:52:07,204 [ChunkWriter-2-0] ERROR ratis.ContainerStateMachine (ContainerStateMachine.java:lambda$handleWriteChunk$2(483)) - group-DFF27B2A1031: writeChunk writeStateMachineData failed: blockIdcontainerID: 2
localID: 109611004723200002
blockCommitSequenceId: 6
replicaIndex: 0
 logIndex 9 chunkName 109611004723200002_chunk_2 Error message: Chunks directory /home/runner/work/ozone/ozone/hadoop-ozone/integration-test/target/test-dir/MiniOzoneClusterImpl-6fb830c9-5413-49cc-a625-6cf41c4e5c97/datanode-4/data-0/containers/hdds/6fb830c9-5413-49cc-a625-6cf41c4e5c97/current/containerDir0/2/chunks does not exist. Container Result: UNABLE_TO_FIND_DATA_DIR
2022-04-27 10:52:07,210 [ChunkWriter-2-0] WARN  keyvalue.KeyValueContainer (KeyValueContainer.java:markContainerUnhealthy(327)) - Moving container /home/runner/work/ozone/ozone/hadoop-ozone/integration-test/target/test-dir/MiniOzoneClusterImpl-6fb830c9-5413-49cc-a625-6cf41c4e5c97/datanode-5/data-0/containers/hdds/6fb830c9-5413-49cc-a625-6cf41c4e5c97/current/containerDir0/2 to state UNHEALTHY from state:UNHEALTHY Trace:java.lang.Thread.getStackTrace(Thread.java:1564)
org.apache.hadoop.util.StringUtils.getStackTrace(StringUtils.java:1060)
org.apache.hadoop.ozone.container.keyvalue.KeyValueContainer.markContainerUnhealthy(KeyValueContainer.java:329)
org.apache.hadoop.ozone.container.keyvalue.KeyValueHandler.markContainerUnhealthy(KeyValueHandler.java:989)
org.apache.hadoop.ozone.container.common.impl.HddsDispatcher.dispatchRequest(HddsDispatcher.java:350)
org.apache.hadoop.ozone.container.common.impl.HddsDispatcher.lambda$dispatch$0(HddsDispatcher.java:169)
org.apache.hadoop.hdds.server.OzoneProtocolMessageDispatcher.processRequest(OzoneProtocolMessageDispatcher.java:87)
org.apache.hadoop.ozone.container.common.impl.HddsDispatcher.dispatch(HddsDispatcher.java:168)
org.apache.hadoop.ozone.container.common.transport.server.ratis.ContainerStateMachine.dispatchCommand(ContainerStateMachine.java:413)
org.apache.hadoop.ozone.container.common.transport.server.ratis.ContainerStateMachine.runCommand(ContainerStateMachine.java:423)
org.apache.hadoop.ozone.container.common.transport.server.ratis.ContainerStateMachine.lambda$handleWriteChunk$1(ContainerStateMachine.java:455)
java.util.concurrent.CompletableFuture$AsyncSupply.run(CompletableFuture.java:1604)
java.util.concurrent.ThreadPoolExecutor.runWorker(ThreadPoolExecutor.java:1149)
java.util.concurrent.ThreadPoolExecutor$Worker.run(ThreadPoolExecutor.java:624)
java.lang.Thread.run(Thread.java:750)

2022-04-27 10:52:07,211 [ChunkWriter-2-0] INFO  impl.HddsDispatcher (HddsDispatcher.java:dispatchRequest(351)) - Marked Container UNHEALTHY, ContainerID: 2
2022-04-27 10:52:07,214 [FixedThreadPoolWithAffinityExecutor-8-0] WARN  container.ContainerReportHandler (AbstractContainerReportHandler.java:updateContainerState(255)) - Container #1 is in OPEN state, but the datanode 5e3f1479-9daf-43cd-8651-224960992f9b{ip: 10.1.0.29, host: fv-az270-423.tacnzluakwdehk1hpragurqkma.bx.internal.cloudapp.net, ports: [REPLICATION=39479, RATIS=36215, RATIS_ADMIN=36215, RATIS_SERVER=36215, STANDALONE=43119], networkLocation: /default-rack, certSerialId: null, persistedOpState: IN_SERVICE, persistedOpStateExpiryEpochSec: 0} reports an QUASI_CLOSED replica.
2022-04-27 10:52:07,214 [FixedThreadPoolWithAffinityExecutor-8-0] WARN  container.IncrementalContainerReportHandler (AbstractContainerReportHandler.java:updateContainerState(255)) - Container #2 is in OPEN state, but the datanode 5e3f1479-9daf-43cd-8651-224960992f9b{ip: 10.1.0.29, host: fv-az270-423.tacnzluakwdehk1hpragurqkma.bx.internal.cloudapp.net, ports: [REPLICATION=39479, RATIS=36215, RATIS_ADMIN=36215, RATIS_SERVER=36215, STANDALONE=43119], networkLocation: /default-rack, certSerialId: null, persistedOpState: IN_SERVICE, persistedOpStateExpiryEpochSec: 0} reports an UNHEALTHY replica.
10:52:07.213 [ChunkWriter-2-0] ERROR DNAudit - user=null | ip=null | op=WRITE_CHUNK {blockData=conID: 2 locID: 109611004723200002 bcsId: 6} | ret=FAILURE
java.lang.Exception: Chunks directory /home/runner/work/ozone/ozone/hadoop-ozone/integration-test/target/test-dir/MiniOzoneClusterImpl-6fb830c9-5413-49cc-a625-6cf41c4e5c97/datanode-5/data-0/containers/hdds/6fb830c9-5413-49cc-a625-6cf41c4e5c97/current/containerDir0/2/chunks does not exist.
	at org.apache.hadoop.ozone.container.common.impl.HddsDispatcher.dispatchRequest(HddsDispatcher.java:369) ~[hdds-container-service-1.3.0-SNAPSHOT.jar:?]
	at org.apache.hadoop.ozone.container.common.impl.HddsDispatcher.lambda$dispatch$0(HddsDispatcher.java:169) ~[hdds-container-service-1.3.0-SNAPSHOT.jar:?]
	at org.apache.hadoop.hdds.server.OzoneProtocolMessageDispatcher.processRequest(OzoneProtocolMessageDispatcher.java:87) ~[hdds-server-framework-1.3.0-SNAPSHOT.jar:?]
	at org.apache.hadoop.ozone.container.common.impl.HddsDispatcher.dispatch(HddsDispatcher.java:168) ~[hdds-container-service-1.3.0-SNAPSHOT.jar:?]
	at org.apache.hadoop.ozone.container.common.transport.server.ratis.ContainerStateMachine.dispatchCommand(ContainerStateMachine.java:413) ~[hdds-container-service-1.3.0-SNAPSHOT.jar:?]
	at org.apache.hadoop.ozone.container.common.transport.server.ratis.ContainerStateMachine.runCommand(ContainerStateMachine.java:423) ~[hdds-container-service-1.3.0-SNAPSHOT.jar:?]
	at org.apache.hadoop.ozone.container.common.transport.server.ratis.ContainerStateMachine.lambda$handleWriteChunk$1(ContainerStateMachine.java:455) ~[hdds-container-service-1.3.0-SNAPSHOT.jar:?]
	at java.util.concurrent.CompletableFuture$AsyncSupply.run(CompletableFuture.java:1604) [?:1.8.0_322]
	at java.util.concurrent.ThreadPoolExecutor.runWorker(ThreadPoolExecutor.java:1149) [?:1.8.0_322]
	at java.util.concurrent.ThreadPoolExecutor$Worker.run(ThreadPoolExecutor.java:624) [?:1.8.0_322]
	at java.lang.Thread.run(Thread.java:750) [?:1.8.0_322]
2022-04-27 10:52:07,215 [ChunkWriter-2-0] ERROR ratis.ContainerStateMachine (ContainerStateMachine.java:lambda$handleWriteChunk$2(483)) - group-DFF27B2A1031: writeChunk writeStateMachineData failed: blockIdcontainerID: 2
localID: 109611004723200002
blockCommitSequenceId: 6
replicaIndex: 0
 logIndex 9 chunkName 109611004723200002_chunk_2 Error message: Chunks directory /home/runner/work/ozone/ozone/hadoop-ozone/integration-test/target/test-dir/MiniOzoneClusterImpl-6fb830c9-5413-49cc-a625-6cf41c4e5c97/datanode-5/data-0/containers/hdds/6fb830c9-5413-49cc-a625-6cf41c4e5c97/current/containerDir0/2/chunks does not exist. Container Result: UNABLE_TO_FIND_DATA_DIR
2022-04-27 10:52:07,221 [5e3f1479-9daf-43cd-8651-224960992f9b@group-DFF27B2A1031-SegmentedRaftLogWorker] ERROR ratis.XceiverServerRatis (XceiverServerRatis.java:triggerPipelineClose(678)) - pipeline Action CLOSE on pipeline PipelineID=cf80c735-cb93-438b-a05e-dff27b2a1031.Reason : Chunks directory /home/runner/work/ozone/ozone/hadoop-ozone/integration-test/target/test-dir/MiniOzoneClusterImpl-6fb830c9-5413-49cc-a625-6cf41c4e5c97/datanode-5/data-0/containers/hdds/6fb830c9-5413-49cc-a625-6cf41c4e5c97/current/containerDir0/2/chunks does not exist.
2022-04-27 10:52:07,227 [0a06a8c4-9179-4a2e-838b-55c09a430176@group-DFF27B2A1031-SegmentedRaftLogWorker] ERROR ratis.XceiverServerRatis (XceiverServerRatis.java:triggerPipelineClose(678)) - pipeline Action CLOSE on pipeline PipelineID=cf80c735-cb93-438b-a05e-dff27b2a1031.Reason : Chunks directory /home/runner/work/ozone/ozone/hadoop-ozone/integration-test/target/test-dir/MiniOzoneClusterImpl-6fb830c9-5413-49cc-a625-6cf41c4e5c97/datanode-4/data-0/containers/hdds/6fb830c9-5413-49cc-a625-6cf41c4e5c97/current/containerDir0/2/chunks does not exist.
2022-04-27 10:52:07,237 [EventQueue-PipelineActionsForPipelineActionHandler] INFO  pipeline.PipelineActionHandler (PipelineActionHandler.java:processPipelineAction(82)) - Received pipeline action CLOSE for PipelineID=cf80c735-cb93-438b-a05e-dff27b2a1031 from datanode 0a06a8c4-9179-4a2e-838b-55c09a430176. Reason : Chunks directory /home/runner/work/ozone/ozone/hadoop-ozone/integration-test/target/test-dir/MiniOzoneClusterImpl-6fb830c9-5413-49cc-a625-6cf41c4e5c97/datanode-4/data-0/containers/hdds/6fb830c9-5413-49cc-a625-6cf41c4e5c97/current/containerDir0/2/chunks does not exist.
2022-04-27 10:52:07,239 [EventQueue-PipelineActionsForPipelineActionHandler] INFO  pipeline.PipelineManagerImpl (PipelineManagerImpl.java:closeContainersForPipeline(381)) - Container #1 closed for pipeline=PipelineID=cf80c735-cb93-438b-a05e-dff27b2a1031
2022-04-27 10:52:07,240 [EventQueue-PipelineActionsForPipelineActionHandler] INFO  pipeline.PipelineManagerImpl (PipelineManagerImpl.java:closeContainersForPipeline(381)) - Container #2 closed for pipeline=PipelineID=cf80c735-cb93-438b-a05e-dff27b2a1031
2022-04-27 10:52:07,240 [EventQueue-PipelineActionsForPipelineActionHandler] INFO  pipeline.PipelineManagerImpl (PipelineManagerImpl.java:closePipeline(402)) - Pipeline Pipeline[ Id: cf80c735-cb93-438b-a05e-dff27b2a1031, Nodes: 0a06a8c4-9179-4a2e-838b-55c09a430176{ip: 10.1.0.29, host: fv-az270-423.tacnzluakwdehk1hpragurqkma.bx.internal.cloudapp.net, ports: [REPLICATION=38343, RATIS=39993, RATIS_ADMIN=39993, RATIS_SERVER=39993, STANDALONE=39275], networkLocation: /default-rack, certSerialId: null, persistedOpState: IN_SERVICE, persistedOpStateExpiryEpochSec: 0}6f2ed759-dfb9-4419-9191-8597321ac421{ip: 10.1.0.29, host: fv-az270-423.tacnzluakwdehk1hpragurqkma.bx.internal.cloudapp.net, ports: [REPLICATION=41459, RATIS=39501, RATIS_ADMIN=39501, RATIS_SERVER=39501, STANDALONE=44875], networkLocation: /default-rack, certSerialId: null, persistedOpState: IN_SERVICE, persistedOpStateExpiryEpochSec: 0}5e3f1479-9daf-43cd-8651-224960992f9b{ip: 10.1.0.29, host: fv-az270-423.tacnzluakwdehk1hpragurqkma.bx.internal.cloudapp.net, ports: [REPLICATION=39479, RATIS=36215, RATIS_ADMIN=36215, RATIS_SERVER=36215, STANDALONE=43119], networkLocation: /default-rack, certSerialId: null, persistedOpState: IN_SERVICE, persistedOpStateExpiryEpochSec: 0}, ReplicationConfig: RATIS/THREE, State:OPEN, leaderId:6f2ed759-dfb9-4419-9191-8597321ac421, CreationTimestamp2022-04-27T10:51:56.916Z[Etc/UTC]] moved to CLOSED state
2022-04-27 10:52:07,257 [EventQueue-PipelineActionsForPipelineActionHandler] INFO  pipeline.RatisPipelineProvider (RatisPipelineProvider.java:lambda$close$1(244)) - Send pipeline:PipelineID=cf80c735-cb93-438b-a05e-dff27b2a1031 close command to datanode 0a06a8c4-9179-4a2e-838b-55c09a430176
2022-04-27 10:52:07,257 [EventQueue-PipelineActionsForPipelineActionHandler] INFO  pipeline.RatisPipelineProvider (RatisPipelineProvider.java:lambda$close$1(244)) - Send pipeline:PipelineID=cf80c735-cb93-438b-a05e-dff27b2a1031 close command to datanode 6f2ed759-dfb9-4419-9191-8597321ac421
2022-04-27 10:52:07,257 [EventQueue-PipelineActionsForPipelineActionHandler] INFO  pipeline.RatisPipelineProvider (RatisPipelineProvider.java:lambda$close$1(244)) - Send pipeline:PipelineID=cf80c735-cb93-438b-a05e-dff27b2a1031 close command to datanode 5e3f1479-9daf-43cd-8651-224960992f9b
2022-04-27 10:52:07,258 [EventQueue-PipelineActionsForPipelineActionHandler] INFO  pipeline.PipelineStateManagerImpl (PipelineStateManagerImpl.java:removePipeline(243)) - Pipeline Pipeline[ Id: cf80c735-cb93-438b-a05e-dff27b2a1031, Nodes: 0a06a8c4-9179-4a2e-838b-55c09a430176{ip: 10.1.0.29, host: fv-az270-423.tacnzluakwdehk1hpragurqkma.bx.internal.cloudapp.net, ports: [REPLICATION=38343, RATIS=39993, RATIS_ADMIN=39993, RATIS_SERVER=39993, STANDALONE=39275], networkLocation: /default-rack, certSerialId: null, persistedOpState: IN_SERVICE, persistedOpStateExpiryEpochSec: 0}6f2ed759-dfb9-4419-9191-8597321ac421{ip: 10.1.0.29, host: fv-az270-423.tacnzluakwdehk1hpragurqkma.bx.internal.cloudapp.net, ports: [REPLICATION=41459, RATIS=39501, RATIS_ADMIN=39501, RATIS_SERVER=39501, STANDALONE=44875], networkLocation: /default-rack, certSerialId: null, persistedOpState: IN_SERVICE, persistedOpStateExpiryEpochSec: 0}5e3f1479-9daf-43cd-8651-224960992f9b{ip: 10.1.0.29, host: fv-az270-423.tacnzluakwdehk1hpragurqkma.bx.internal.cloudapp.net, ports: [REPLICATION=39479, RATIS=36215, RATIS_ADMIN=36215, RATIS_SERVER=36215, STANDALONE=43119], networkLocation: /default-rack, certSerialId: null, persistedOpState: IN_SERVICE, persistedOpStateExpiryEpochSec: 0}, ReplicationConfig: RATIS/THREE, State:CLOSED, leaderId:6f2ed759-dfb9-4419-9191-8597321ac421, CreationTimestamp2022-04-27T10:51:56.916Z[Etc/UTC]] removed.
2022-04-27 10:52:07,258 [EventQueue-PipelineActionsForPipelineActionHandler] INFO  pipeline.PipelineActionHandler (PipelineActionHandler.java:processPipelineAction(82)) - Received pipeline action CLOSE for PipelineID=cf80c735-cb93-438b-a05e-dff27b2a1031 from datanode 5e3f1479-9daf-43cd-8651-224960992f9b. Reason : Chunks directory /home/runner/work/ozone/ozone/hadoop-ozone/integration-test/target/test-dir/MiniOzoneClusterImpl-6fb830c9-5413-49cc-a625-6cf41c4e5c97/datanode-5/data-0/containers/hdds/6fb830c9-5413-49cc-a625-6cf41c4e5c97/current/containerDir0/2/chunks does not exist.
2022-04-27 10:52:07,258 [EventQueue-PipelineActionsForPipelineActionHandler] WARN  pipeline.PipelineActionHandler (PipelineActionHandler.java:processPipelineAction(93)) - Pipeline action CLOSE received for unknown pipeline PipelineID=cf80c735-cb93-438b-a05e-dff27b2a1031, firing close pipeline event.
2022-04-27 10:52:07,268 [EventQueue-CloseContainerForCloseContainerEventHandler] INFO  container.CloseContainerEventHandler (CloseContainerEventHandler.java:onMessage(69)) - Close container Event triggered for container : #2
2022-04-27 10:52:07,270 [EventQueue-CloseContainerForCloseContainerEventHandler] INFO  container.CloseContainerEventHandler (CloseContainerEventHandler.java:onMessage(69)) - Close container Event triggered for container : #1
2022-04-27 10:52:07,270 [EventQueue-CloseContainerForCloseContainerEventHandler] INFO  container.CloseContainerEventHandler (CloseContainerEventHandler.java:onMessage(69)) - Close container Event triggered for container : #2
2022-04-27 10:52:07,270 [EventQueue-CloseContainerForCloseContainerEventHandler] INFO  container.CloseContainerEventHandler (CloseContainerEventHandler.java:onMessage(69)) - Close container Event triggered for container : #2
2022-04-27 10:52:07,289 [0a06a8c4-9179-4a2e-838b-55c09a430176@group-DFF27B2A1031-SegmentedRaftLogWorker] ERROR ratis.XceiverServerRatis (XceiverServerRatis.java:triggerPipelineClose(678)) - pipeline Action CLOSE on pipeline PipelineID=cf80c735-cb93-438b-a05e-dff27b2a1031.Reason : Log already failed at index 9 for task WriteLog:9: (t:1, i:9), STATEMACHINELOGENTRY, cmdType: WriteChunk traceID: "" containerID: 2 datanodeUuid: "0a06a8c4-9179-4a2e-838b-55c09a430176" pipelineID: "cf80c735-cb93-438b-a05e-dff27b2a1031" writeChunk { blockID { containerID: 2 localID: 109611004723200002 blockCommitSequenceId: 6 replicaIndex: 0 } chunkData { chunkName: "109611004723200002_chunk_2" offset: 5 len: 10 checksumData { type: CRC32 bytesPerChecksum: 1048576 checksums: "\317\357R*" } } }, container path=/home/runner/work/ozone/ozone/hadoop-ozone/integration-test/target/test-dir/MiniOzoneClusterImpl-6fb830c9-5413-49cc-a625-6cf41c4e5c97/datanode-4/data-0/containers/hdds/6fb830c9-5413-49cc-a625-6cf41c4e5c97/current/containerDir0/2
2022-04-27 10:52:07,297 [5e3f1479-9daf-43cd-8651-224960992f9b@group-DFF27B2A1031-SegmentedRaftLogWorker] ERROR ratis.XceiverServerRatis (XceiverServerRatis.java:triggerPipelineClose(678)) - pipeline Action CLOSE on pipeline PipelineID=cf80c735-cb93-438b-a05e-dff27b2a1031.Reason : Log already failed at index 9 for task WriteLog:9: (t:1, i:9), STATEMACHINELOGENTRY, cmdType: WriteChunk traceID: "" containerID: 2 datanodeUuid: "0a06a8c4-9179-4a2e-838b-55c09a430176" pipelineID: "cf80c735-cb93-438b-a05e-dff27b2a1031" writeChunk { blockID { containerID: 2 localID: 109611004723200002 blockCommitSequenceId: 6 replicaIndex: 0 } chunkData { chunkName: "109611004723200002_chunk_2" offset: 5 len: 10 checksumData { type: CRC32 bytesPerChecksum: 1048576 checksums: "\317\357R*" } } }, container path=/home/runner/work/ozone/ozone/hadoop-ozone/integration-test/target/test-dir/MiniOzoneClusterImpl-6fb830c9-5413-49cc-a625-6cf41c4e5c97/datanode-5/data-0/containers/hdds/6fb830c9-5413-49cc-a625-6cf41c4e5c97/current/containerDir0/2
2022-04-27 10:52:07,299 [EventQueue-PipelineActionsForPipelineActionHandler] INFO  pipeline.PipelineActionHandler (PipelineActionHandler.java:processPipelineAction(82)) - Received pipeline action CLOSE for PipelineID=cf80c735-cb93-438b-a05e-dff27b2a1031 from datanode 0a06a8c4-9179-4a2e-838b-55c09a430176. Reason : Log already failed at index 9 for task WriteLog:9: (t:1, i:9), STATEMACHINELOGENTRY, cmdType: WriteChunk traceID: "" containerID: 2 datanodeUuid: "0a06a8c4-9179-4a2e-838b-55c09a430176" pipelineID: "cf80c735-cb93-438b-a05e-dff27b2a1031" writeChunk { blockID { containerID: 2 localID: 109611004723200002 blockCommitSequenceId: 6 replicaIndex: 0 } chunkData { chunkName: "109611004723200002_chunk_2" offset: 5 len: 10 checksumData { type: CRC32 bytesPerChecksum: 1048576 checksums: "\317\357R*" } } }, container path=/home/runner/work/ozone/ozone/hadoop-ozone/integration-test/target/test-dir/MiniOzoneClusterImpl-6fb830c9-5413-49cc-a625-6cf41c4e5c97/datanode-4/data-0/containers/hdds/6fb830c9-5413-49cc-a625-6cf41c4e5c97/current/containerDir0/2
2022-04-27 10:52:07,299 [EventQueue-PipelineActionsForPipelineActionHandler] WARN  pipeline.PipelineActionHandler (PipelineActionHandler.java:processPipelineAction(93)) - Pipeline action CLOSE received for unknown pipeline PipelineID=cf80c735-cb93-438b-a05e-dff27b2a1031, firing close pipeline event.
2022-04-27 10:52:07,303 [EventQueue-PipelineActionsForPipelineActionHandler] INFO  pipeline.PipelineActionHandler (PipelineActionHandler.java:processPipelineAction(82)) - Received pipeline action CLOSE for PipelineID=cf80c735-cb93-438b-a05e-dff27b2a1031 from datanode 5e3f1479-9daf-43cd-8651-224960992f9b. Reason : Log already failed at index 9 for task WriteLog:9: (t:1, i:9), STATEMACHINELOGENTRY, cmdType: WriteChunk traceID: "" containerID: 2 datanodeUuid: "0a06a8c4-9179-4a2e-838b-55c09a430176" pipelineID: "cf80c735-cb93-438b-a05e-dff27b2a1031" writeChunk { blockID { containerID: 2 localID: 109611004723200002 blockCommitSequenceId: 6 replicaIndex: 0 } chunkData { chunkName: "109611004723200002_chunk_2" offset: 5 len: 10 checksumData { type: CRC32 bytesPerChecksum: 1048576 checksums: "\317\357R*" } } }, container path=/home/runner/work/ozone/ozone/hadoop-ozone/integration-test/target/test-dir/MiniOzoneClusterImpl-6fb830c9-5413-49cc-a625-6cf41c4e5c97/datanode-5/data-0/containers/hdds/6fb830c9-5413-49cc-a625-6cf41c4e5c97/current/containerDir0/2
2022-04-27 10:52:07,303 [EventQueue-PipelineActionsForPipelineActionHandler] WARN  pipeline.PipelineActionHandler (PipelineActionHandler.java:processPipelineAction(93)) - Pipeline action CLOSE received for unknown pipeline PipelineID=cf80c735-cb93-438b-a05e-dff27b2a1031, firing close pipeline event.
2022-04-27 10:52:07,304 [EventQueue-PipelineReportForPipelineReportHandler] INFO  pipeline.PipelineReportHandler (PipelineReportHandler.java:processPipelineReport(113)) - Reported pipeline PipelineID=cf80c735-cb93-438b-a05e-dff27b2a1031 is not found
2022-04-27 10:52:07,333 [EventQueue-PipelineReportForPipelineReportHandler] INFO  pipeline.PipelineReportHandler (PipelineReportHandler.java:processPipelineReport(113)) - Reported pipeline PipelineID=cf80c735-cb93-438b-a05e-dff27b2a1031 is not found
2022-04-27 10:52:07,334 [FixedThreadPoolWithAffinityExecutor-1-0] INFO  container.ContainerReportHandler (AbstractContainerReportHandler.java:updateContainerState(281)) - Moving container #1 to QUASI_CLOSED state, datanode 6f2ed759-dfb9-4419-9191-8597321ac421{ip: 10.1.0.29, host: fv-az270-423.tacnzluakwdehk1hpragurqkma.bx.internal.cloudapp.net, ports: [REPLICATION=41459, RATIS=39501, RATIS_ADMIN=39501, RATIS_SERVER=39501, STANDALONE=44875], networkLocation: /default-rack, certSerialId: null, persistedOpState: IN_SERVICE, persistedOpStateExpiryEpochSec: 0} reported QUASI_CLOSED replica.
2022-04-27 10:52:07,491 [EventQueue-PipelineReportForPipelineReportHandler] INFO  pipeline.PipelineReportHandler (PipelineReportHandler.java:processPipelineReport(113)) - Reported pipeline PipelineID=cf80c735-cb93-438b-a05e-dff27b2a1031 is not found
2022-04-27 10:52:07,534 [EventQueue-PipelineReportForPipelineReportHandler] INFO  pipeline.PipelineReportHandler (PipelineReportHandler.java:processPipelineReport(113)) - Reported pipeline PipelineID=cf80c735-cb93-438b-a05e-dff27b2a1031 is not found
2022-04-27 10:52:07,699 [EventQueue-PipelineReportForPipelineReportHandler] INFO  pipeline.PipelineReportHandler (PipelineReportHandler.java:processPipelineReport(113)) - Reported pipeline PipelineID=cf80c735-cb93-438b-a05e-dff27b2a1031 is not found
2022-04-27 10:52:07,734 [EventQueue-PipelineReportForPipelineReportHandler] INFO  pipeline.PipelineReportHandler (PipelineReportHandler.java:processPipelineReport(113)) - Reported pipeline PipelineID=cf80c735-cb93-438b-a05e-dff27b2a1031 is not found
2022-04-27 10:52:07,890 [EventQueue-PipelineReportForPipelineReportHandler] INFO  pipeline.PipelineReportHandler (PipelineReportHandler.java:processPipelineReport(113)) - Reported pipeline PipelineID=cf80c735-cb93-438b-a05e-dff27b2a1031 is not found
2022-04-27 10:52:07,899 [EventQueue-PipelineReportForPipelineReportHandler] INFO  pipeline.PipelineReportHandler (PipelineReportHandler.java:processPipelineReport(113)) - Reported pipeline PipelineID=cf80c735-cb93-438b-a05e-dff27b2a1031 is not found
2022-04-27 10:52:08,090 [EventQueue-PipelineReportForPipelineReportHandler] INFO  pipeline.PipelineReportHandler (PipelineReportHandler.java:processPipelineReport(113)) - Reported pipeline PipelineID=cf80c735-cb93-438b-a05e-dff27b2a1031 is not found
2022-04-27 10:52:08,134 [EventQueue-PipelineReportForPipelineReportHandler] INFO  pipeline.PipelineReportHandler (PipelineReportHandler.java:processPipelineReport(113)) - Reported pipeline PipelineID=cf80c735-cb93-438b-a05e-dff27b2a1031 is not found
2022-04-27 10:52:08,289 [fb1b2524-5f72-4172-b06b-98bf8bab58d7@group-7308F894FD3A-FollowerState] INFO  impl.FollowerState (FollowerState.java:run(134)) - fb1b2524-5f72-4172-b06b-98bf8bab58d7@group-7308F894FD3A-FollowerState: change to CANDIDATE, lastRpcElapsedTime:5064135477ns, electionTimeout:5053ms
2022-04-27 10:52:08,290 [fb1b2524-5f72-4172-b06b-98bf8bab58d7@group-7308F894FD3A-FollowerState] INFO  impl.RoleInfo (RoleInfo.java:shutdownFollowerState(108)) - fb1b2524-5f72-4172-b06b-98bf8bab58d7: shutdown fb1b2524-5f72-4172-b06b-98bf8bab58d7@group-7308F894FD3A-FollowerState
2022-04-27 10:52:08,290 [fb1b2524-5f72-4172-b06b-98bf8bab58d7@group-7308F894FD3A-FollowerState] INFO  server.RaftServer$Division (RaftServerImpl.java:setRole(290)) - fb1b2524-5f72-4172-b06b-98bf8bab58d7@group-7308F894FD3A: changes role from  FOLLOWER to CANDIDATE at term 1 for changeToCandidate
2022-04-27 10:52:08,290 [fb1b2524-5f72-4172-b06b-98bf8bab58d7@group-7308F894FD3A-FollowerState] INFO  server.RaftServerConfigKeys (ConfUtils.java:logGet(44)) - raft.server.leaderelection.pre-vote = false (custom)
2022-04-27 10:52:08,290 [fb1b2524-5f72-4172-b06b-98bf8bab58d7@group-7308F894FD3A-FollowerState] INFO  impl.RoleInfo (RoleInfo.java:updateAndGet(130)) - fb1b2524-5f72-4172-b06b-98bf8bab58d7: start fb1b2524-5f72-4172-b06b-98bf8bab58d7@group-7308F894FD3A-LeaderElection20
2022-04-27 10:52:08,293 [EventQueue-PipelineReportForPipelineReportHandler] INFO  pipeline.PipelineReportHandler (PipelineReportHandler.java:processPipelineReport(113)) - Reported pipeline PipelineID=cf80c735-cb93-438b-a05e-dff27b2a1031 is not found
2022-04-27 10:52:08,295 [fb1b2524-5f72-4172-b06b-98bf8bab58d7@group-7308F894FD3A-LeaderElection20] INFO  impl.LeaderElection (LeaderElection.java:askForVotes(306)) - fb1b2524-5f72-4172-b06b-98bf8bab58d7@group-7308F894FD3A-LeaderElection20 ELECTION round 0: submit vote requests at term 2 for -1: [5305b34f-83d0-4be9-8032-f631ee150b78|rpc:10.1.0.29:34741|priority:0, b4543bad-81d3-4f1d-9fc6-5e97dcd2d8eb|rpc:10.1.0.29:41129|priority:0, fb1b2524-5f72-4172-b06b-98bf8bab58d7|rpc:10.1.0.29:34621|priority:1], old=null
2022-04-27 10:52:08,299 [EventQueue-PipelineReportForPipelineReportHandler] INFO  pipeline.PipelineReportHandler (PipelineReportHandler.java:processPipelineReport(113)) - Reported pipeline PipelineID=cf80c735-cb93-438b-a05e-dff27b2a1031 is not found
2022-04-27 10:52:08,307 [grpc-default-executor-1] INFO  server.RaftServer$Division (RaftServerImpl.java:requestVote(1046)) - 5305b34f-83d0-4be9-8032-f631ee150b78@group-7308F894FD3A: receive requestVote(ELECTION, fb1b2524-5f72-4172-b06b-98bf8bab58d7, group-7308F894FD3A, 2, (t:0, i:0))
2022-04-27 10:52:08,307 [grpc-default-executor-1] INFO  impl.VoteContext (VoteContext.java:log(48)) - 5305b34f-83d0-4be9-8032-f631ee150b78@group-7308F894FD3A-FOLLOWER: accept ELECTION from fb1b2524-5f72-4172-b06b-98bf8bab58d7: our priority 0 <= candidate's priority 1
2022-04-27 10:52:08,307 [grpc-default-executor-1] INFO  server.RaftServer$Division (RaftServerImpl.java:setRole(290)) - 5305b34f-83d0-4be9-8032-f631ee150b78@group-7308F894FD3A: changes role from  FOLLOWER to FOLLOWER at term 2 for candidate:fb1b2524-5f72-4172-b06b-98bf8bab58d7
2022-04-27 10:52:08,307 [grpc-default-executor-1] INFO  impl.RoleInfo (RoleInfo.java:shutdownFollowerState(108)) - 5305b34f-83d0-4be9-8032-f631ee150b78: shutdown 5305b34f-83d0-4be9-8032-f631ee150b78@group-7308F894FD3A-FollowerState
2022-04-27 10:52:08,307 [5305b34f-83d0-4be9-8032-f631ee150b78@group-7308F894FD3A-FollowerState] INFO  impl.FollowerState (FollowerState.java:run(143)) - 5305b34f-83d0-4be9-8032-f631ee150b78@group-7308F894FD3A-FollowerState was interrupted: {}
java.lang.InterruptedException: sleep interrupted
	at java.lang.Thread.sleep(Native Method)
	at java.lang.Thread.sleep(Thread.java:342)
	at java.util.concurrent.TimeUnit.sleep(TimeUnit.java:386)
	at org.apache.ratis.util.TimeDuration.sleep(TimeDuration.java:324)
	at org.apache.ratis.util.TimeDuration.sleep(TimeDuration.java:309)
	at org.apache.ratis.server.impl.FollowerState.run(FollowerState.java:118)
2022-04-27 10:52:08,307 [grpc-default-executor-1] INFO  impl.RoleInfo (RoleInfo.java:updateAndGet(130)) - 5305b34f-83d0-4be9-8032-f631ee150b78: start 5305b34f-83d0-4be9-8032-f631ee150b78@group-7308F894FD3A-FollowerState
2022-04-27 10:52:08,312 [grpc-default-executor-1] INFO  server.RaftServer$Division (RaftServerImpl.java:requestVote(1078)) - 5305b34f-83d0-4be9-8032-f631ee150b78@group-7308F894FD3A replies to ELECTION vote request: fb1b2524-5f72-4172-b06b-98bf8bab58d7<-5305b34f-83d0-4be9-8032-f631ee150b78#0:OK-t2. Peer's state: 5305b34f-83d0-4be9-8032-f631ee150b78@group-7308F894FD3A:t2, leader=null, voted=fb1b2524-5f72-4172-b06b-98bf8bab58d7, raftlog=5305b34f-83d0-4be9-8032-f631ee150b78@group-7308F894FD3A-SegmentedRaftLog:OPENED:c-1, conf=-1: [5305b34f-83d0-4be9-8032-f631ee150b78|rpc:10.1.0.29:34741|dataStream:|priority:0, b4543bad-81d3-4f1d-9fc6-5e97dcd2d8eb|rpc:10.1.0.29:41129|dataStream:|priority:0, fb1b2524-5f72-4172-b06b-98bf8bab58d7|rpc:10.1.0.29:34621|dataStream:|priority:1], old=null
2022-04-27 10:52:08,315 [fb1b2524-5f72-4172-b06b-98bf8bab58d7@group-7308F894FD3A-LeaderElection20] INFO  impl.LeaderElection (LeaderElection.java:logAndReturn(89)) - fb1b2524-5f72-4172-b06b-98bf8bab58d7@group-7308F894FD3A-LeaderElection20: ELECTION PASSED received 1 response(s) and 0 exception(s):
2022-04-27 10:52:08,315 [fb1b2524-5f72-4172-b06b-98bf8bab58d7@group-7308F894FD3A-LeaderElection20] INFO  impl.LeaderElection (LeaderElection.java:logAndReturn(93)) -   Response 0: fb1b2524-5f72-4172-b06b-98bf8bab58d7<-5305b34f-83d0-4be9-8032-f631ee150b78#0:OK-t2
2022-04-27 10:52:08,315 [fb1b2524-5f72-4172-b06b-98bf8bab58d7@group-7308F894FD3A-LeaderElection20] INFO  impl.LeaderElection (LeaderElection.java:askForVotes(308)) - fb1b2524-5f72-4172-b06b-98bf8bab58d7@group-7308F894FD3A-LeaderElection20 ELECTION round 0: result PASSED
2022-04-27 10:52:08,315 [fb1b2524-5f72-4172-b06b-98bf8bab58d7@group-7308F894FD3A-LeaderElection20] INFO  impl.RoleInfo (RoleInfo.java:shutdownLeaderElection(121)) - fb1b2524-5f72-4172-b06b-98bf8bab58d7: shutdown fb1b2524-5f72-4172-b06b-98bf8bab58d7@group-7308F894FD3A-LeaderElection20
2022-04-27 10:52:08,315 [fb1b2524-5f72-4172-b06b-98bf8bab58d7@group-7308F894FD3A-LeaderElection20] INFO  server.RaftServer$Division (RaftServerImpl.java:setRole(290)) - fb1b2524-5f72-4172-b06b-98bf8bab58d7@group-7308F894FD3A: changes role from CANDIDATE to LEADER at term 2 for changeToLeader
2022-04-27 10:52:08,315 [fb1b2524-5f72-4172-b06b-98bf8bab58d7@group-7308F894FD3A-LeaderElection20] INFO  ratis.XceiverServerRatis (XceiverServerRatis.java:handleLeaderChangedNotification(863)) - Leader change notification received for group: group-7308F894FD3A with new leaderId: fb1b2524-5f72-4172-b06b-98bf8bab58d7
2022-04-27 10:52:08,315 [fb1b2524-5f72-4172-b06b-98bf8bab58d7@group-7308F894FD3A-LeaderElection20] INFO  server.RaftServer$Division (ServerState.java:setLeader(285)) - fb1b2524-5f72-4172-b06b-98bf8bab58d7@group-7308F894FD3A: change Leader from null to fb1b2524-5f72-4172-b06b-98bf8bab58d7 at term 2 for becomeLeader, leader elected after 9912ms
2022-04-27 10:52:08,316 [fb1b2524-5f72-4172-b06b-98bf8bab58d7@group-7308F894FD3A-LeaderElection20] INFO  server.RaftServerConfigKeys (ConfUtils.java:logGet(44)) - raft.server.staging.catchup.gap = 1000 (default)
2022-04-27 10:52:08,316 [fb1b2524-5f72-4172-b06b-98bf8bab58d7@group-7308F894FD3A-LeaderElection20] INFO  server.RaftServerConfigKeys (ConfUtils.java:logGet(44)) - raft.server.write.element-limit = 1024 (custom)
2022-04-27 10:52:08,316 [fb1b2524-5f72-4172-b06b-98bf8bab58d7@group-7308F894FD3A-LeaderElection20] INFO  server.RaftServerConfigKeys (ConfUtils.java:logGet(44)) - raft.server.write.byte-limit = 1024 M (=1073741824) (custom)
2022-04-27 10:52:08,316 [fb1b2524-5f72-4172-b06b-98bf8bab58d7@group-7308F894FD3A-LeaderElection20] INFO  server.RaftServerConfigKeys (ConfUtils.java:logGet(44)) - raft.server.watch.timeout = 10000ms (default)
2022-04-27 10:52:08,316 [fb1b2524-5f72-4172-b06b-98bf8bab58d7@group-7308F894FD3A-LeaderElection20] INFO  server.RaftServerConfigKeys (ConfUtils.java:logGet(44)) - raft.server.watch.timeout.denomination = 1s (default)
2022-04-27 10:52:08,316 [fb1b2524-5f72-4172-b06b-98bf8bab58d7@group-7308F894FD3A-LeaderElection20] INFO  server.RaftServerConfigKeys (ConfUtils.java:logGet(44)) - raft.server.watch.element-limit = 65536 (default)
2022-04-27 10:52:08,316 [fb1b2524-5f72-4172-b06b-98bf8bab58d7@group-7308F894FD3A-LeaderElection20] INFO  server.RaftServerConfigKeys (ConfUtils.java:logGet(44)) - raft.server.write.element-limit = 1024 (custom)
2022-04-27 10:52:08,316 [fb1b2524-5f72-4172-b06b-98bf8bab58d7@group-7308F894FD3A-LeaderElection20] INFO  server.RaftServerConfigKeys (ConfUtils.java:logGet(44)) - raft.server.write.follower.gap.ratio.max = -1.0 (default)
2022-04-27 10:52:08,316 [fb1b2524-5f72-4172-b06b-98bf8bab58d7@group-7308F894FD3A-LeaderElection20] INFO  server.RaftServerConfigKeys (ConfUtils.java:logGet(44)) - raft.server.log.appender.snapshot.chunk.size.max = 16MB (=16777216) (default)
2022-04-27 10:52:08,317 [fb1b2524-5f72-4172-b06b-98bf8bab58d7@group-7308F894FD3A-LeaderElection20] INFO  server.RaftServerConfigKeys (ConfUtils.java:logGet(44)) - raft.server.log.appender.buffer.byte-limit = 33554432 (custom)
2022-04-27 10:52:08,317 [fb1b2524-5f72-4172-b06b-98bf8bab58d7@group-7308F894FD3A-LeaderElection20] INFO  server.RaftServerConfigKeys (ConfUtils.java:logGet(44)) - raft.server.log.appender.buffer.element-limit = 1 (custom)
2022-04-27 10:52:08,317 [fb1b2524-5f72-4172-b06b-98bf8bab58d7@group-7308F894FD3A-LeaderElection20] INFO  grpc.GrpcConfigKeys (ConfUtils.java:logGet(44)) - raft.grpc.server.leader.outstanding.appends.max = 128 (default)
2022-04-27 10:52:08,317 [fb1b2524-5f72-4172-b06b-98bf8bab58d7@group-7308F894FD3A-LeaderElection20] INFO  server.RaftServerConfigKeys (ConfUtils.java:logGet(44)) - raft.server.rpc.request.timeout = 3000ms (default)
2022-04-27 10:52:08,317 [fb1b2524-5f72-4172-b06b-98bf8bab58d7@group-7308F894FD3A-LeaderElection20] INFO  server.RaftServerConfigKeys (ConfUtils.java:logGet(44)) - raft.server.log.appender.install.snapshot.enabled = false (custom)
2022-04-27 10:52:08,318 [fb1b2524-5f72-4172-b06b-98bf8bab58d7@group-7308F894FD3A-LeaderElection20] INFO  server.RaftServerConfigKeys (ConfUtils.java:logGet(44)) - raft.server.log.appender.snapshot.chunk.size.max = 16MB (=16777216) (default)
2022-04-27 10:52:08,318 [fb1b2524-5f72-4172-b06b-98bf8bab58d7@group-7308F894FD3A-LeaderElection20] INFO  server.RaftServerConfigKeys (ConfUtils.java:logGet(44)) - raft.server.log.appender.buffer.byte-limit = 33554432 (custom)
2022-04-27 10:52:08,318 [fb1b2524-5f72-4172-b06b-98bf8bab58d7@group-7308F894FD3A-LeaderElection20] INFO  server.RaftServerConfigKeys (ConfUtils.java:logGet(44)) - raft.server.log.appender.buffer.element-limit = 1 (custom)
2022-04-27 10:52:08,318 [fb1b2524-5f72-4172-b06b-98bf8bab58d7@group-7308F894FD3A-LeaderElection20] INFO  grpc.GrpcConfigKeys (ConfUtils.java:logGet(44)) - raft.grpc.server.leader.outstanding.appends.max = 128 (default)
2022-04-27 10:52:08,318 [fb1b2524-5f72-4172-b06b-98bf8bab58d7@group-7308F894FD3A-LeaderElection20] INFO  server.RaftServerConfigKeys (ConfUtils.java:logGet(44)) - raft.server.rpc.request.timeout = 3000ms (default)
2022-04-27 10:52:08,318 [fb1b2524-5f72-4172-b06b-98bf8bab58d7@group-7308F894FD3A-LeaderElection20] INFO  server.RaftServerConfigKeys (ConfUtils.java:logGet(44)) - raft.server.log.appender.install.snapshot.enabled = false (custom)
2022-04-27 10:52:08,319 [fb1b2524-5f72-4172-b06b-98bf8bab58d7@group-7308F894FD3A-LeaderElection20] INFO  impl.RoleInfo (RoleInfo.java:updateAndGet(130)) - fb1b2524-5f72-4172-b06b-98bf8bab58d7: start fb1b2524-5f72-4172-b06b-98bf8bab58d7@group-7308F894FD3A-LeaderStateImpl
2022-04-27 10:52:08,319 [fb1b2524-5f72-4172-b06b-98bf8bab58d7@group-7308F894FD3A-LeaderElection20] INFO  segmented.SegmentedRaftLogWorker (SegmentedRaftLogWorker.java:startLogSegment(394)) - fb1b2524-5f72-4172-b06b-98bf8bab58d7@group-7308F894FD3A-SegmentedRaftLogWorker: Starting segment from index:0
2022-04-27 10:52:08,320 [fb1b2524-5f72-4172-b06b-98bf8bab58d7@group-7308F894FD3A-SegmentedRaftLogWorker] INFO  segmented.SegmentedRaftLogWorker (SegmentedRaftLogWorker.java:execute(601)) - fb1b2524-5f72-4172-b06b-98bf8bab58d7@group-7308F894FD3A-SegmentedRaftLogWorker: created new log segment /home/runner/work/ozone/ozone/hadoop-ozone/integration-test/target/test-dir/MiniOzoneClusterImpl-6fb830c9-5413-49cc-a625-6cf41c4e5c97/datanode-1/data/ratis/7f2d013c-276b-4407-99e7-7308f894fd3a/current/log_inprogress_0
2022-04-27 10:52:08,321 [EventQueue-PipelineReportForPipelineReportHandler] INFO  pipeline.PipelineManagerImpl (PipelineManagerImpl.java:openPipeline(328)) - Pipeline Pipeline[ Id: 7f2d013c-276b-4407-99e7-7308f894fd3a, Nodes: 5305b34f-83d0-4be9-8032-f631ee150b78{ip: 10.1.0.29, host: fv-az270-423.tacnzluakwdehk1hpragurqkma.bx.internal.cloudapp.net, ports: [REPLICATION=45903, RATIS=34741, RATIS_ADMIN=34741, RATIS_SERVER=34741, STANDALONE=45233], networkLocation: /default-rack, certSerialId: null, persistedOpState: IN_SERVICE, persistedOpStateExpiryEpochSec: 0}b4543bad-81d3-4f1d-9fc6-5e97dcd2d8eb{ip: 10.1.0.29, host: fv-az270-423.tacnzluakwdehk1hpragurqkma.bx.internal.cloudapp.net, ports: [REPLICATION=41789, RATIS=41129, RATIS_ADMIN=41129, RATIS_SERVER=41129, STANDALONE=36927], networkLocation: /default-rack, certSerialId: null, persistedOpState: IN_SERVICE, persistedOpStateExpiryEpochSec: 0}fb1b2524-5f72-4172-b06b-98bf8bab58d7{ip: 10.1.0.29, host: fv-az270-423.tacnzluakwdehk1hpragurqkma.bx.internal.cloudapp.net, ports: [REPLICATION=34055, RATIS=34621, RATIS_ADMIN=34621, RATIS_SERVER=34621, STANDALONE=35257], networkLocation: /default-rack, certSerialId: null, persistedOpState: IN_SERVICE, persistedOpStateExpiryEpochSec: 0}, ReplicationConfig: RATIS/THREE, State:ALLOCATED, leaderId:fb1b2524-5f72-4172-b06b-98bf8bab58d7, CreationTimestamp2022-04-27T10:51:55.713Z[Etc/UTC]] moved to OPEN state
2022-04-27 10:52:08,333 [grpc-default-executor-1] INFO  server.RaftServer$Division (RaftServerImpl.java:requestVote(1046)) - b4543bad-81d3-4f1d-9fc6-5e97dcd2d8eb@group-7308F894FD3A: receive requestVote(ELECTION, fb1b2524-5f72-4172-b06b-98bf8bab58d7, group-7308F894FD3A, 2, (t:0, i:0))
2022-04-27 10:52:08,333 [grpc-default-executor-1] INFO  impl.VoteContext (VoteContext.java:log(48)) - b4543bad-81d3-4f1d-9fc6-5e97dcd2d8eb@group-7308F894FD3A-FOLLOWER: accept ELECTION from fb1b2524-5f72-4172-b06b-98bf8bab58d7: our priority 0 <= candidate's priority 1
2022-04-27 10:52:08,333 [grpc-default-executor-1] INFO  server.RaftServer$Division (RaftServerImpl.java:setRole(290)) - b4543bad-81d3-4f1d-9fc6-5e97dcd2d8eb@group-7308F894FD3A: changes role from  FOLLOWER to FOLLOWER at term 2 for candidate:fb1b2524-5f72-4172-b06b-98bf8bab58d7
2022-04-27 10:52:08,333 [grpc-default-executor-1] INFO  impl.RoleInfo (RoleInfo.java:shutdownFollowerState(108)) - b4543bad-81d3-4f1d-9fc6-5e97dcd2d8eb: shutdown b4543bad-81d3-4f1d-9fc6-5e97dcd2d8eb@group-7308F894FD3A-FollowerState
2022-04-27 10:52:08,333 [grpc-default-executor-1] INFO  impl.RoleInfo (RoleInfo.java:updateAndGet(130)) - b4543bad-81d3-4f1d-9fc6-5e97dcd2d8eb: start b4543bad-81d3-4f1d-9fc6-5e97dcd2d8eb@group-7308F894FD3A-FollowerState
2022-04-27 10:52:08,333 [b4543bad-81d3-4f1d-9fc6-5e97dcd2d8eb@group-7308F894FD3A-FollowerState] INFO  impl.FollowerState (FollowerState.java:run(143)) - b4543bad-81d3-4f1d-9fc6-5e97dcd2d8eb@group-7308F894FD3A-FollowerState was interrupted: {}
java.lang.InterruptedException: sleep interrupted
	at java.lang.Thread.sleep(Native Method)
	at java.lang.Thread.sleep(Thread.java:342)
	at java.util.concurrent.TimeUnit.sleep(TimeUnit.java:386)
	at org.apache.ratis.util.TimeDuration.sleep(TimeDuration.java:324)
	at org.apache.ratis.util.TimeDuration.sleep(TimeDuration.java:309)
	at org.apache.ratis.server.impl.FollowerState.run(FollowerState.java:118)
2022-04-27 10:52:08,338 [EventQueue-PipelineReportForPipelineReportHandler] INFO  pipeline.PipelineReportHandler (PipelineReportHandler.java:processPipelineReport(113)) - Reported pipeline PipelineID=cf80c735-cb93-438b-a05e-dff27b2a1031 is not found
2022-04-27 10:52:08,342 [grpc-default-executor-1] INFO  server.RaftServer$Division (RaftServerImpl.java:requestVote(1078)) - b4543bad-81d3-4f1d-9fc6-5e97dcd2d8eb@group-7308F894FD3A replies to ELECTION vote request: fb1b2524-5f72-4172-b06b-98bf8bab58d7<-b4543bad-81d3-4f1d-9fc6-5e97dcd2d8eb#0:OK-t2. Peer's state: b4543bad-81d3-4f1d-9fc6-5e97dcd2d8eb@group-7308F894FD3A:t2, leader=null, voted=fb1b2524-5f72-4172-b06b-98bf8bab58d7, raftlog=b4543bad-81d3-4f1d-9fc6-5e97dcd2d8eb@group-7308F894FD3A-SegmentedRaftLog:OPENED:c-1, conf=-1: [5305b34f-83d0-4be9-8032-f631ee150b78|rpc:10.1.0.29:34741|priority:0, b4543bad-81d3-4f1d-9fc6-5e97dcd2d8eb|rpc:10.1.0.29:41129|priority:0, fb1b2524-5f72-4172-b06b-98bf8bab58d7|rpc:10.1.0.29:34621|priority:1], old=null
2022-04-27 10:52:08,342 [grpc-default-executor-0] INFO  ratis.XceiverServerRatis (XceiverServerRatis.java:handleLeaderChangedNotification(863)) - Leader change notification received for group: group-7308F894FD3A with new leaderId: fb1b2524-5f72-4172-b06b-98bf8bab58d7
2022-04-27 10:52:08,342 [grpc-default-executor-0] INFO  server.RaftServer$Division (ServerState.java:setLeader(285)) - b4543bad-81d3-4f1d-9fc6-5e97dcd2d8eb@group-7308F894FD3A: change Leader from null to fb1b2524-5f72-4172-b06b-98bf8bab58d7 at term 2 for appendEntries, leader elected after 10383ms
2022-04-27 10:52:08,343 [Command processor thread] INFO  keyvalue.KeyValueContainer (KeyValueContainer.java:flushAndSyncDB(427)) - Container 2 is synced with bcsId 6.
2022-04-27 10:52:08,343 [Command processor thread] INFO  keyvalue.KeyValueContainer (KeyValueContainer.java:flushAndSyncDB(427)) - Container 2 is synced with bcsId 6.
2022-04-27 10:52:08,345 [fb1b2524-5f72-4172-b06b-98bf8bab58d7@group-7308F894FD3A-LeaderElection20] INFO  server.RaftServer$Division (ServerState.java:setRaftConf(387)) - fb1b2524-5f72-4172-b06b-98bf8bab58d7@group-7308F894FD3A: set configuration 0: [5305b34f-83d0-4be9-8032-f631ee150b78|rpc:10.1.0.29:34741|dataStream:|priority:0, b4543bad-81d3-4f1d-9fc6-5e97dcd2d8eb|rpc:10.1.0.29:41129|dataStream:|priority:0, fb1b2524-5f72-4172-b06b-98bf8bab58d7|rpc:10.1.0.29:34621|dataStream:|priority:1], old=null
2022-04-27 10:52:08,346 [fb1b2524-5f72-4172-b06b-98bf8bab58d7@group-7308F894FD3A-StateMachineUpdater] INFO  ratis.ContainerStateMachine (ContainerStateMachine.java:takeSnapshot(304)) - group-7308F894FD3A: Taking a snapshot at:(t:2, i:0) file /home/runner/work/ozone/ozone/hadoop-ozone/integration-test/target/test-dir/MiniOzoneClusterImpl-6fb830c9-5413-49cc-a625-6cf41c4e5c97/datanode-1/data/ratis/7f2d013c-276b-4407-99e7-7308f894fd3a/sm/snapshot.2_0
2022-04-27 10:52:08,347 [fb1b2524-5f72-4172-b06b-98bf8bab58d7@group-7308F894FD3A-StateMachineUpdater] INFO  ratis.ContainerStateMachine (ContainerStateMachine.java:takeSnapshot(315)) - group-7308F894FD3A: Finished taking a snapshot at:(t:2, i:0) file:/home/runner/work/ozone/ozone/hadoop-ozone/integration-test/target/test-dir/MiniOzoneClusterImpl-6fb830c9-5413-49cc-a625-6cf41c4e5c97/datanode-1/data/ratis/7f2d013c-276b-4407-99e7-7308f894fd3a/sm/snapshot.2_0 took: 1 ms
2022-04-27 10:52:08,347 [fb1b2524-5f72-4172-b06b-98bf8bab58d7@group-7308F894FD3A-StateMachineUpdater] INFO  impl.StateMachineUpdater (StateMachineUpdater.java:takeSnapshot(281)) - fb1b2524-5f72-4172-b06b-98bf8bab58d7@group-7308F894FD3A-StateMachineUpdater: Took a snapshot at index 0
2022-04-27 10:52:08,347 [fb1b2524-5f72-4172-b06b-98bf8bab58d7@group-7308F894FD3A-StateMachineUpdater] INFO  impl.StateMachineUpdater (StateMachineUpdater.java:lambda$new$0(89)) - fb1b2524-5f72-4172-b06b-98bf8bab58d7@group-7308F894FD3A-StateMachineUpdater: snapshotIndex: updateIncreasingly -1 -> 0
2022-04-27 10:52:08,348 [grpc-default-executor-0] INFO  server.RaftServer$Division (ServerState.java:setRaftConf(387)) - b4543bad-81d3-4f1d-9fc6-5e97dcd2d8eb@group-7308F894FD3A: set configuration 0: [5305b34f-83d0-4be9-8032-f631ee150b78|rpc:10.1.0.29:34741|dataStream:|priority:0, b4543bad-81d3-4f1d-9fc6-5e97dcd2d8eb|rpc:10.1.0.29:41129|dataStream:|priority:0, fb1b2524-5f72-4172-b06b-98bf8bab58d7|rpc:10.1.0.29:34621|dataStream:|priority:1], old=null
2022-04-27 10:52:08,349 [grpc-default-executor-0] INFO  segmented.SegmentedRaftLogWorker (SegmentedRaftLogWorker.java:startLogSegment(394)) - b4543bad-81d3-4f1d-9fc6-5e97dcd2d8eb@group-7308F894FD3A-SegmentedRaftLogWorker: Starting segment from index:0
2022-04-27 10:52:08,349 [Command processor thread] INFO  commandhandler.CloseContainerCommandHandler (CloseContainerCommandHandler.java:handle(108)) - Marking Container 2 quasi closed
2022-04-27 10:52:08,353 [b4543bad-81d3-4f1d-9fc6-5e97dcd2d8eb@group-7308F894FD3A-SegmentedRaftLogWorker] INFO  segmented.SegmentedRaftLogWorker (SegmentedRaftLogWorker.java:execute(601)) - b4543bad-81d3-4f1d-9fc6-5e97dcd2d8eb@group-7308F894FD3A-SegmentedRaftLogWorker: created new log segment /home/runner/work/ozone/ozone/hadoop-ozone/integration-test/target/test-dir/MiniOzoneClusterImpl-6fb830c9-5413-49cc-a625-6cf41c4e5c97/datanode-0/data/ratis/7f2d013c-276b-4407-99e7-7308f894fd3a/current/log_inprogress_0
2022-04-27 10:52:08,354 [FixedThreadPoolWithAffinityExecutor-9-0] INFO  container.IncrementalContainerReportHandler (AbstractContainerReportHandler.java:updateContainerState(281)) - Moving container #2 to QUASI_CLOSED state, datanode 6f2ed759-dfb9-4419-9191-8597321ac421{ip: 10.1.0.29, host: fv-az270-423.tacnzluakwdehk1hpragurqkma.bx.internal.cloudapp.net, ports: [REPLICATION=41459, RATIS=39501, RATIS_ADMIN=39501, RATIS_SERVER=39501, STANDALONE=44875], networkLocation: /default-rack, certSerialId: null, persistedOpState: IN_SERVICE, persistedOpStateExpiryEpochSec: 0} reported QUASI_CLOSED replica.
2022-04-27 10:52:08,359 [grpc-default-executor-0] INFO  ratis.XceiverServerRatis (XceiverServerRatis.java:handleLeaderChangedNotification(863)) - Leader change notification received for group: group-7308F894FD3A with new leaderId: fb1b2524-5f72-4172-b06b-98bf8bab58d7
2022-04-27 10:52:08,360 [grpc-default-executor-0] INFO  server.RaftServer$Division (ServerState.java:setLeader(285)) - 5305b34f-83d0-4be9-8032-f631ee150b78@group-7308F894FD3A: change Leader from null to fb1b2524-5f72-4172-b06b-98bf8bab58d7 at term 2 for appendEntries, leader elected after 9664ms
2022-04-27 10:52:08,360 [fc150688-1f76-4ec0-a672-aaf91f0753c3@group-EEF7E24D5DDB-StateMachineUpdater] INFO  ratis.ContainerStateMachine (ContainerStateMachine.java:takeSnapshot(304)) - group-EEF7E24D5DDB: Taking a snapshot at:(t:1, i:0) file /home/runner/work/ozone/ozone/hadoop-ozone/integration-test/target/test-dir/MiniOzoneClusterImpl-6fb830c9-5413-49cc-a625-6cf41c4e5c97/datanode-8/data/ratis/42eb8c22-99cc-4ce6-a0af-eef7e24d5ddb/sm/snapshot.1_0
2022-04-27 10:52:08,361 [fc150688-1f76-4ec0-a672-aaf91f0753c3@group-EEF7E24D5DDB-StateMachineUpdater] INFO  ratis.ContainerStateMachine (ContainerStateMachine.java:takeSnapshot(315)) - group-EEF7E24D5DDB: Finished taking a snapshot at:(t:1, i:0) file:/home/runner/work/ozone/ozone/hadoop-ozone/integration-test/target/test-dir/MiniOzoneClusterImpl-6fb830c9-5413-49cc-a625-6cf41c4e5c97/datanode-8/data/ratis/42eb8c22-99cc-4ce6-a0af-eef7e24d5ddb/sm/snapshot.1_0 took: 1 ms
2022-04-27 10:52:08,361 [fc150688-1f76-4ec0-a672-aaf91f0753c3@group-EEF7E24D5DDB-StateMachineUpdater] INFO  impl.StateMachineUpdater (StateMachineUpdater.java:takeSnapshot(281)) - fc150688-1f76-4ec0-a672-aaf91f0753c3@group-EEF7E24D5DDB-StateMachineUpdater: Took a snapshot at index 0
2022-04-27 10:52:08,361 [fc150688-1f76-4ec0-a672-aaf91f0753c3@group-EEF7E24D5DDB-StateMachineUpdater] INFO  impl.StateMachineUpdater (StateMachineUpdater.java:lambda$new$0(89)) - fc150688-1f76-4ec0-a672-aaf91f0753c3@group-EEF7E24D5DDB-StateMachineUpdater: snapshotIndex: updateIncreasingly -1 -> 0
2022-04-27 10:52:08,366 [grpc-default-executor-0] INFO  server.RaftServer$Division (ServerState.java:setRaftConf(387)) - 5305b34f-83d0-4be9-8032-f631ee150b78@group-7308F894FD3A: set configuration 0: [5305b34f-83d0-4be9-8032-f631ee150b78|rpc:10.1.0.29:34741|dataStream:|priority:0, b4543bad-81d3-4f1d-9fc6-5e97dcd2d8eb|rpc:10.1.0.29:41129|dataStream:|priority:0, fb1b2524-5f72-4172-b06b-98bf8bab58d7|rpc:10.1.0.29:34621|dataStream:|priority:1], old=null
2022-04-27 10:52:08,366 [grpc-default-executor-0] INFO  segmented.SegmentedRaftLogWorker (SegmentedRaftLogWorker.java:startLogSegment(394)) - 5305b34f-83d0-4be9-8032-f631ee150b78@group-7308F894FD3A-SegmentedRaftLogWorker: Starting segment from index:0
2022-04-27 10:52:08,368 [5305b34f-83d0-4be9-8032-f631ee150b78@group-7308F894FD3A-SegmentedRaftLogWorker] INFO  segmented.SegmentedRaftLogWorker (SegmentedRaftLogWorker.java:execute(601)) - 5305b34f-83d0-4be9-8032-f631ee150b78@group-7308F894FD3A-SegmentedRaftLogWorker: created new log segment /home/runner/work/ozone/ozone/hadoop-ozone/integration-test/target/test-dir/MiniOzoneClusterImpl-6fb830c9-5413-49cc-a625-6cf41c4e5c97/datanode-2/data/ratis/7f2d013c-276b-4407-99e7-7308f894fd3a/current/log_inprogress_0
2022-04-27 10:52:08,372 [5305b34f-83d0-4be9-8032-f631ee150b78@group-7308F894FD3A-StateMachineUpdater] INFO  ratis.ContainerStateMachine (ContainerStateMachine.java:takeSnapshot(304)) - group-7308F894FD3A: Taking a snapshot at:(t:2, i:0) file /home/runner/work/ozone/ozone/hadoop-ozone/integration-test/target/test-dir/MiniOzoneClusterImpl-6fb830c9-5413-49cc-a625-6cf41c4e5c97/datanode-2/data/ratis/7f2d013c-276b-4407-99e7-7308f894fd3a/sm/snapshot.2_0
2022-04-27 10:52:08,373 [5305b34f-83d0-4be9-8032-f631ee150b78@group-7308F894FD3A-StateMachineUpdater] INFO  ratis.ContainerStateMachine (ContainerStateMachine.java:takeSnapshot(315)) - group-7308F894FD3A: Finished taking a snapshot at:(t:2, i:0) file:/home/runner/work/ozone/ozone/hadoop-ozone/integration-test/target/test-dir/MiniOzoneClusterImpl-6fb830c9-5413-49cc-a625-6cf41c4e5c97/datanode-2/data/ratis/7f2d013c-276b-4407-99e7-7308f894fd3a/sm/snapshot.2_0 took: 1 ms
2022-04-27 10:52:08,373 [5305b34f-83d0-4be9-8032-f631ee150b78@group-7308F894FD3A-StateMachineUpdater] INFO  impl.StateMachineUpdater (StateMachineUpdater.java:takeSnapshot(281)) - 5305b34f-83d0-4be9-8032-f631ee150b78@group-7308F894FD3A-StateMachineUpdater: Took a snapshot at index 0
2022-04-27 10:52:08,373 [5305b34f-83d0-4be9-8032-f631ee150b78@group-7308F894FD3A-StateMachineUpdater] INFO  impl.StateMachineUpdater (StateMachineUpdater.java:lambda$new$0(89)) - 5305b34f-83d0-4be9-8032-f631ee150b78@group-7308F894FD3A-StateMachineUpdater: snapshotIndex: updateIncreasingly -1 -> 0
2022-04-27 10:52:08,491 [EventQueue-PipelineReportForPipelineReportHandler] INFO  pipeline.PipelineReportHandler (PipelineReportHandler.java:processPipelineReport(113)) - Reported pipeline PipelineID=cf80c735-cb93-438b-a05e-dff27b2a1031 is not found
2022-04-27 10:52:08,699 [EventQueue-PipelineReportForPipelineReportHandler] INFO  pipeline.PipelineReportHandler (PipelineReportHandler.java:processPipelineReport(113)) - Reported pipeline PipelineID=cf80c735-cb93-438b-a05e-dff27b2a1031 is not found
2022-04-27 10:52:08,751 [EventQueue-PipelineReportForPipelineReportHandler] INFO  pipeline.PipelineReportHandler (PipelineReportHandler.java:processPipelineReport(113)) - Reported pipeline PipelineID=cf80c735-cb93-438b-a05e-dff27b2a1031 is not found
2022-04-27 10:52:08,891 [EventQueue-PipelineReportForPipelineReportHandler] INFO  pipeline.PipelineReportHandler (PipelineReportHandler.java:processPipelineReport(113)) - Reported pipeline PipelineID=cf80c735-cb93-438b-a05e-dff27b2a1031 is not found
2022-04-27 10:52:08,900 [EventQueue-PipelineReportForPipelineReportHandler] INFO  pipeline.PipelineReportHandler (PipelineReportHandler.java:processPipelineReport(113)) - Reported pipeline PipelineID=cf80c735-cb93-438b-a05e-dff27b2a1031 is not found
2022-04-27 10:52:08,951 [EventQueue-PipelineReportForPipelineReportHandler] INFO  pipeline.PipelineReportHandler (PipelineReportHandler.java:processPipelineReport(113)) - Reported pipeline PipelineID=cf80c735-cb93-438b-a05e-dff27b2a1031 is not found
2022-04-27 10:52:09,291 [EventQueue-PipelineReportForPipelineReportHandler] INFO  pipeline.PipelineReportHandler (PipelineReportHandler.java:processPipelineReport(113)) - Reported pipeline PipelineID=cf80c735-cb93-438b-a05e-dff27b2a1031 is not found
2022-04-27 10:52:09,300 [EventQueue-PipelineReportForPipelineReportHandler] INFO  pipeline.PipelineReportHandler (PipelineReportHandler.java:processPipelineReport(113)) - Reported pipeline PipelineID=cf80c735-cb93-438b-a05e-dff27b2a1031 is not found
2022-04-27 10:52:09,351 [EventQueue-PipelineReportForPipelineReportHandler] INFO  pipeline.PipelineReportHandler (PipelineReportHandler.java:processPipelineReport(113)) - Reported pipeline PipelineID=cf80c735-cb93-438b-a05e-dff27b2a1031 is not found
2022-04-27 10:52:09,356 [6f2ed759-dfb9-4419-9191-8597321ac421@group-A1352ADA7BC1-FollowerState] INFO  impl.FollowerState (FollowerState.java:run(134)) - 6f2ed759-dfb9-4419-9191-8597321ac421@group-A1352ADA7BC1-FollowerState: change to CANDIDATE, lastRpcElapsedTime:5021073463ns, electionTimeout:5008ms
2022-04-27 10:52:09,356 [6f2ed759-dfb9-4419-9191-8597321ac421@group-A1352ADA7BC1-FollowerState] INFO  impl.RoleInfo (RoleInfo.java:shutdownFollowerState(108)) - 6f2ed759-dfb9-4419-9191-8597321ac421: shutdown 6f2ed759-dfb9-4419-9191-8597321ac421@group-A1352ADA7BC1-FollowerState
2022-04-27 10:52:09,356 [6f2ed759-dfb9-4419-9191-8597321ac421@group-A1352ADA7BC1-FollowerState] INFO  server.RaftServer$Division (RaftServerImpl.java:setRole(290)) - 6f2ed759-dfb9-4419-9191-8597321ac421@group-A1352ADA7BC1: changes role from  FOLLOWER to CANDIDATE at term 1 for changeToCandidate
2022-04-27 10:52:09,356 [6f2ed759-dfb9-4419-9191-8597321ac421@group-A1352ADA7BC1-FollowerState] INFO  server.RaftServerConfigKeys (ConfUtils.java:logGet(44)) - raft.server.leaderelection.pre-vote = false (custom)
2022-04-27 10:52:09,356 [6f2ed759-dfb9-4419-9191-8597321ac421@group-A1352ADA7BC1-FollowerState] INFO  impl.RoleInfo (RoleInfo.java:updateAndGet(130)) - 6f2ed759-dfb9-4419-9191-8597321ac421: start 6f2ed759-dfb9-4419-9191-8597321ac421@group-A1352ADA7BC1-LeaderElection21
2022-04-27 10:52:09,359 [6f2ed759-dfb9-4419-9191-8597321ac421@group-A1352ADA7BC1-LeaderElection21] INFO  impl.LeaderElection (LeaderElection.java:askForVotes(306)) - 6f2ed759-dfb9-4419-9191-8597321ac421@group-A1352ADA7BC1-LeaderElection21 ELECTION round 0: submit vote requests at term 2 for -1: [0a06a8c4-9179-4a2e-838b-55c09a430176|rpc:10.1.0.29:39993|priority:1, 5e3f1479-9daf-43cd-8651-224960992f9b|rpc:10.1.0.29:36215|priority:0, 6f2ed759-dfb9-4419-9191-8597321ac421|rpc:10.1.0.29:39501|priority:0], old=null
2022-04-27 10:52:09,368 [grpc-default-executor-1] INFO  server.RaftServer$Division (RaftServerImpl.java:requestVote(1046)) - 0a06a8c4-9179-4a2e-838b-55c09a430176@group-A1352ADA7BC1: receive requestVote(ELECTION, 6f2ed759-dfb9-4419-9191-8597321ac421, group-A1352ADA7BC1, 2, (t:0, i:0))
2022-04-27 10:52:09,368 [grpc-default-executor-1] INFO  impl.VoteContext (VoteContext.java:log(48)) - 0a06a8c4-9179-4a2e-838b-55c09a430176@group-A1352ADA7BC1-FOLLOWER: reject ELECTION from 6f2ed759-dfb9-4419-9191-8597321ac421: our priority 1 > candidate's priority 0
2022-04-27 10:52:09,368 [grpc-default-executor-1] INFO  server.RaftServer$Division (RaftServerImpl.java:setRole(290)) - 0a06a8c4-9179-4a2e-838b-55c09a430176@group-A1352ADA7BC1: changes role from  FOLLOWER to FOLLOWER at term 2 for candidate:6f2ed759-dfb9-4419-9191-8597321ac421
2022-04-27 10:52:09,368 [grpc-default-executor-1] INFO  impl.RoleInfo (RoleInfo.java:shutdownFollowerState(108)) - 0a06a8c4-9179-4a2e-838b-55c09a430176: shutdown 0a06a8c4-9179-4a2e-838b-55c09a430176@group-A1352ADA7BC1-FollowerState
2022-04-27 10:52:09,368 [grpc-default-executor-1] INFO  impl.RoleInfo (RoleInfo.java:updateAndGet(130)) - 0a06a8c4-9179-4a2e-838b-55c09a430176: start 0a06a8c4-9179-4a2e-838b-55c09a430176@group-A1352ADA7BC1-FollowerState
2022-04-27 10:52:09,368 [0a06a8c4-9179-4a2e-838b-55c09a430176@group-A1352ADA7BC1-FollowerState] INFO  impl.FollowerState (FollowerState.java:run(143)) - 0a06a8c4-9179-4a2e-838b-55c09a430176@group-A1352ADA7BC1-FollowerState was interrupted: {}
java.lang.InterruptedException: sleep interrupted
	at java.lang.Thread.sleep(Native Method)
	at java.lang.Thread.sleep(Thread.java:342)
	at java.util.concurrent.TimeUnit.sleep(TimeUnit.java:386)
	at org.apache.ratis.util.TimeDuration.sleep(TimeDuration.java:324)
	at org.apache.ratis.util.TimeDuration.sleep(TimeDuration.java:309)
	at org.apache.ratis.server.impl.FollowerState.run(FollowerState.java:118)
2022-04-27 10:52:09,372 [grpc-default-executor-0] INFO  server.RaftServer$Division (RaftServerImpl.java:requestVote(1046)) - 5e3f1479-9daf-43cd-8651-224960992f9b@group-A1352ADA7BC1: receive requestVote(ELECTION, 6f2ed759-dfb9-4419-9191-8597321ac421, group-A1352ADA7BC1, 2, (t:0, i:0))
2022-04-27 10:52:09,372 [grpc-default-executor-1] INFO  server.RaftServer$Division (RaftServerImpl.java:requestVote(1078)) - 0a06a8c4-9179-4a2e-838b-55c09a430176@group-A1352ADA7BC1 replies to ELECTION vote request: 6f2ed759-dfb9-4419-9191-8597321ac421<-0a06a8c4-9179-4a2e-838b-55c09a430176#0:FAIL-t2. Peer's state: 0a06a8c4-9179-4a2e-838b-55c09a430176@group-A1352ADA7BC1:t2, leader=null, voted=null, raftlog=0a06a8c4-9179-4a2e-838b-55c09a430176@group-A1352ADA7BC1-SegmentedRaftLog:OPENED:c-1, conf=-1: [0a06a8c4-9179-4a2e-838b-55c09a430176|rpc:10.1.0.29:39993|dataStream:|priority:1, 5e3f1479-9daf-43cd-8651-224960992f9b|rpc:10.1.0.29:36215|dataStream:|priority:0, 6f2ed759-dfb9-4419-9191-8597321ac421|rpc:10.1.0.29:39501|dataStream:|priority:0], old=null
2022-04-27 10:52:09,373 [grpc-default-executor-0] INFO  impl.VoteContext (VoteContext.java:log(48)) - 5e3f1479-9daf-43cd-8651-224960992f9b@group-A1352ADA7BC1-FOLLOWER: accept ELECTION from 6f2ed759-dfb9-4419-9191-8597321ac421: our priority 0 <= candidate's priority 0
2022-04-27 10:52:09,373 [grpc-default-executor-0] INFO  server.RaftServer$Division (RaftServerImpl.java:setRole(290)) - 5e3f1479-9daf-43cd-8651-224960992f9b@group-A1352ADA7BC1: changes role from  FOLLOWER to FOLLOWER at term 2 for candidate:6f2ed759-dfb9-4419-9191-8597321ac421
2022-04-27 10:52:09,373 [grpc-default-executor-0] INFO  impl.RoleInfo (RoleInfo.java:shutdownFollowerState(108)) - 5e3f1479-9daf-43cd-8651-224960992f9b: shutdown 5e3f1479-9daf-43cd-8651-224960992f9b@group-A1352ADA7BC1-FollowerState
2022-04-27 10:52:09,373 [grpc-default-executor-0] INFO  impl.RoleInfo (RoleInfo.java:updateAndGet(130)) - 5e3f1479-9daf-43cd-8651-224960992f9b: start 5e3f1479-9daf-43cd-8651-224960992f9b@group-A1352ADA7BC1-FollowerState
2022-04-27 10:52:09,373 [5e3f1479-9daf-43cd-8651-224960992f9b@group-A1352ADA7BC1-FollowerState] INFO  impl.FollowerState (FollowerState.java:run(143)) - 5e3f1479-9daf-43cd-8651-224960992f9b@group-A1352ADA7BC1-FollowerState was interrupted: {}
java.lang.InterruptedException: sleep interrupted
	at java.lang.Thread.sleep(Native Method)
	at java.lang.Thread.sleep(Thread.java:342)
	at java.util.concurrent.TimeUnit.sleep(TimeUnit.java:386)
	at org.apache.ratis.util.TimeDuration.sleep(TimeDuration.java:324)
	at org.apache.ratis.util.TimeDuration.sleep(TimeDuration.java:309)
	at org.apache.ratis.server.impl.FollowerState.run(FollowerState.java:118)
2022-04-27 10:52:09,376 [6f2ed759-dfb9-4419-9191-8597321ac421@group-A1352ADA7BC1-LeaderElection21] INFO  impl.LeaderElection (LeaderElection.java:logAndReturn(89)) - 6f2ed759-dfb9-4419-9191-8597321ac421@group-A1352ADA7BC1-LeaderElection21: ELECTION REJECTED received 1 response(s) and 0 exception(s):
2022-04-27 10:52:09,376 [6f2ed759-dfb9-4419-9191-8597321ac421@group-A1352ADA7BC1-LeaderElection21] INFO  impl.LeaderElection (LeaderElection.java:logAndReturn(93)) -   Response 0: 6f2ed759-dfb9-4419-9191-8597321ac421<-0a06a8c4-9179-4a2e-838b-55c09a430176#0:FAIL-t2
2022-04-27 10:52:09,376 [6f2ed759-dfb9-4419-9191-8597321ac421@group-A1352ADA7BC1-LeaderElection21] INFO  impl.LeaderElection (LeaderElection.java:askForVotes(308)) - 6f2ed759-dfb9-4419-9191-8597321ac421@group-A1352ADA7BC1-LeaderElection21 ELECTION round 0: result REJECTED
2022-04-27 10:52:09,376 [6f2ed759-dfb9-4419-9191-8597321ac421@group-A1352ADA7BC1-LeaderElection21] INFO  server.RaftServer$Division (RaftServerImpl.java:setRole(290)) - 6f2ed759-dfb9-4419-9191-8597321ac421@group-A1352ADA7BC1: changes role from CANDIDATE to FOLLOWER at term 2 for REJECTED
2022-04-27 10:52:09,376 [6f2ed759-dfb9-4419-9191-8597321ac421@group-A1352ADA7BC1-LeaderElection21] INFO  impl.RoleInfo (RoleInfo.java:shutdownLeaderElection(121)) - 6f2ed759-dfb9-4419-9191-8597321ac421: shutdown 6f2ed759-dfb9-4419-9191-8597321ac421@group-A1352ADA7BC1-LeaderElection21
2022-04-27 10:52:09,376 [6f2ed759-dfb9-4419-9191-8597321ac421@group-A1352ADA7BC1-LeaderElection21] INFO  impl.RoleInfo (RoleInfo.java:updateAndGet(130)) - 6f2ed759-dfb9-4419-9191-8597321ac421: start 6f2ed759-dfb9-4419-9191-8597321ac421@group-A1352ADA7BC1-FollowerState
2022-04-27 10:52:09,378 [grpc-default-executor-0] INFO  server.RaftServer$Division (RaftServerImpl.java:requestVote(1078)) - 5e3f1479-9daf-43cd-8651-224960992f9b@group-A1352ADA7BC1 replies to ELECTION vote request: 6f2ed759-dfb9-4419-9191-8597321ac421<-5e3f1479-9daf-43cd-8651-224960992f9b#0:OK-t2. Peer's state: 5e3f1479-9daf-43cd-8651-224960992f9b@group-A1352ADA7BC1:t2, leader=null, voted=6f2ed759-dfb9-4419-9191-8597321ac421, raftlog=5e3f1479-9daf-43cd-8651-224960992f9b@group-A1352ADA7BC1-SegmentedRaftLog:OPENED:c-1, conf=-1: [0a06a8c4-9179-4a2e-838b-55c09a430176|rpc:10.1.0.29:39993|dataStream:|priority:1, 5e3f1479-9daf-43cd-8651-224960992f9b|rpc:10.1.0.29:36215|dataStream:|priority:0, 6f2ed759-dfb9-4419-9191-8597321ac421|rpc:10.1.0.29:39501|dataStream:|priority:0], old=null
2022-04-27 10:52:09,691 [EventQueue-PipelineReportForPipelineReportHandler] INFO  pipeline.PipelineReportHandler (PipelineReportHandler.java:processPipelineReport(113)) - Reported pipeline PipelineID=cf80c735-cb93-438b-a05e-dff27b2a1031 is not found
2022-04-27 10:52:09,695 [0a06a8c4-9179-4a2e-838b-55c09a430176@group-DFF27B2A1031-StateMachineUpdater] ERROR ratis.ContainerStateMachine (ContainerStateMachine.java:takeSnapshot(298)) - Failed to take snapshot  for group-DFF27B2A1031 as the stateMachine is unhealthy. The last applied index is at (t:1, i:8)
2022-04-27 10:52:09,695 [0a06a8c4-9179-4a2e-838b-55c09a430176@group-DFF27B2A1031-StateMachineUpdater] ERROR impl.StateMachineUpdater (StateMachineUpdater.java:takeSnapshot(276)) - 0a06a8c4-9179-4a2e-838b-55c09a430176@group-DFF27B2A1031-StateMachineUpdater: Failed to take snapshot
org.apache.ratis.protocol.exceptions.StateMachineException: Failed to take snapshot  for group-DFF27B2A1031 as the stateMachine is unhealthy. The last applied index is at (t:1, i:8)
	at org.apache.hadoop.ozone.container.common.transport.server.ratis.ContainerStateMachine.takeSnapshot(ContainerStateMachine.java:297)
	at org.apache.ratis.server.impl.StateMachineUpdater.takeSnapshot(StateMachineUpdater.java:265)
	at org.apache.ratis.server.impl.StateMachineUpdater.checkAndTakeSnapshot(StateMachineUpdater.java:257)
	at org.apache.ratis.server.impl.StateMachineUpdater.run(StateMachineUpdater.java:180)
	at java.lang.Thread.run(Thread.java:750)
2022-04-27 10:52:09,696 [5e3f1479-9daf-43cd-8651-224960992f9b@group-DFF27B2A1031-StateMachineUpdater] ERROR ratis.ContainerStateMachine (ContainerStateMachine.java:takeSnapshot(298)) - Failed to take snapshot  for group-DFF27B2A1031 as the stateMachine is unhealthy. The last applied index is at (t:1, i:8)
2022-04-27 10:52:09,696 [5e3f1479-9daf-43cd-8651-224960992f9b@group-DFF27B2A1031-StateMachineUpdater] ERROR impl.StateMachineUpdater (StateMachineUpdater.java:takeSnapshot(276)) - 5e3f1479-9daf-43cd-8651-224960992f9b@group-DFF27B2A1031-StateMachineUpdater: Failed to take snapshot
org.apache.ratis.protocol.exceptions.StateMachineException: Failed to take snapshot  for group-DFF27B2A1031 as the stateMachine is unhealthy. The last applied index is at (t:1, i:8)
	at org.apache.hadoop.ozone.container.common.transport.server.ratis.ContainerStateMachine.takeSnapshot(ContainerStateMachine.java:297)
	at org.apache.ratis.server.impl.StateMachineUpdater.takeSnapshot(StateMachineUpdater.java:265)
	at org.apache.ratis.server.impl.StateMachineUpdater.checkAndTakeSnapshot(StateMachineUpdater.java:257)
	at org.apache.ratis.server.impl.StateMachineUpdater.run(StateMachineUpdater.java:180)
	at java.lang.Thread.run(Thread.java:750)
2022-04-27 10:52:09,699 [EventQueue-PipelineReportForPipelineReportHandler] INFO  pipeline.PipelineReportHandler (PipelineReportHandler.java:processPipelineReport(113)) - Reported pipeline PipelineID=cf80c735-cb93-438b-a05e-dff27b2a1031 is not found
2022-04-27 10:52:09,751 [EventQueue-PipelineReportForPipelineReportHandler] INFO  pipeline.PipelineReportHandler (PipelineReportHandler.java:processPipelineReport(113)) - Reported pipeline PipelineID=cf80c735-cb93-438b-a05e-dff27b2a1031 is not found
2022-04-27 10:52:09,891 [EventQueue-PipelineReportForPipelineReportHandler] INFO  pipeline.PipelineReportHandler (PipelineReportHandler.java:processPipelineReport(113)) - Reported pipeline PipelineID=cf80c735-cb93-438b-a05e-dff27b2a1031 is not found
2022-04-27 10:52:09,899 [EventQueue-PipelineReportForPipelineReportHandler] INFO  pipeline.PipelineReportHandler (PipelineReportHandler.java:processPipelineReport(113)) - Reported pipeline PipelineID=cf80c735-cb93-438b-a05e-dff27b2a1031 is not found
2022-04-27 10:52:09,951 [EventQueue-PipelineReportForPipelineReportHandler] INFO  pipeline.PipelineReportHandler (PipelineReportHandler.java:processPipelineReport(113)) - Reported pipeline PipelineID=cf80c735-cb93-438b-a05e-dff27b2a1031 is not found
2022-04-27 10:52:10,292 [EventQueue-PipelineReportForPipelineReportHandler] INFO  pipeline.PipelineReportHandler (PipelineReportHandler.java:processPipelineReport(113)) - Reported pipeline PipelineID=cf80c735-cb93-438b-a05e-dff27b2a1031 is not found
2022-04-27 10:52:10,299 [EventQueue-PipelineReportForPipelineReportHandler] INFO  pipeline.PipelineReportHandler (PipelineReportHandler.java:processPipelineReport(113)) - Reported pipeline PipelineID=cf80c735-cb93-438b-a05e-dff27b2a1031 is not found
2022-04-27 10:52:10,351 [EventQueue-PipelineReportForPipelineReportHandler] INFO  pipeline.PipelineReportHandler (PipelineReportHandler.java:processPipelineReport(113)) - Reported pipeline PipelineID=cf80c735-cb93-438b-a05e-dff27b2a1031 is not found
2022-04-27 10:52:10,491 [EventQueue-PipelineReportForPipelineReportHandler] INFO  pipeline.PipelineReportHandler (PipelineReportHandler.java:processPipelineReport(113)) - Reported pipeline PipelineID=cf80c735-cb93-438b-a05e-dff27b2a1031 is not found
2022-04-27 10:52:10,499 [EventQueue-PipelineReportForPipelineReportHandler] INFO  pipeline.PipelineReportHandler (PipelineReportHandler.java:processPipelineReport(113)) - Reported pipeline PipelineID=cf80c735-cb93-438b-a05e-dff27b2a1031 is not found
2022-04-27 10:52:10,551 [EventQueue-PipelineReportForPipelineReportHandler] INFO  pipeline.PipelineReportHandler (PipelineReportHandler.java:processPipelineReport(113)) - Reported pipeline PipelineID=cf80c735-cb93-438b-a05e-dff27b2a1031 is not found
2022-04-27 10:52:10,691 [EventQueue-PipelineReportForPipelineReportHandler] INFO  pipeline.PipelineReportHandler (PipelineReportHandler.java:processPipelineReport(113)) - Reported pipeline PipelineID=cf80c735-cb93-438b-a05e-dff27b2a1031 is not found
2022-04-27 10:52:10,699 [EventQueue-PipelineReportForPipelineReportHandler] INFO  pipeline.PipelineReportHandler (PipelineReportHandler.java:processPipelineReport(113)) - Reported pipeline PipelineID=cf80c735-cb93-438b-a05e-dff27b2a1031 is not found
2022-04-27 10:52:10,873 [b4543bad-81d3-4f1d-9fc6-5e97dcd2d8eb@group-7308F894FD3A-StateMachineUpdater] INFO  ratis.ContainerStateMachine (ContainerStateMachine.java:takeSnapshot(304)) - group-7308F894FD3A: Taking a snapshot at:(t:2, i:0) file /home/runner/work/ozone/ozone/hadoop-ozone/integration-test/target/test-dir/MiniOzoneClusterImpl-6fb830c9-5413-49cc-a625-6cf41c4e5c97/datanode-0/data/ratis/7f2d013c-276b-4407-99e7-7308f894fd3a/sm/snapshot.2_0
2022-04-27 10:52:10,875 [b4543bad-81d3-4f1d-9fc6-5e97dcd2d8eb@group-7308F894FD3A-StateMachineUpdater] INFO  ratis.ContainerStateMachine (ContainerStateMachine.java:takeSnapshot(315)) - group-7308F894FD3A: Finished taking a snapshot at:(t:2, i:0) file:/home/runner/work/ozone/ozone/hadoop-ozone/integration-test/target/test-dir/MiniOzoneClusterImpl-6fb830c9-5413-49cc-a625-6cf41c4e5c97/datanode-0/data/ratis/7f2d013c-276b-4407-99e7-7308f894fd3a/sm/snapshot.2_0 took: 2 ms
2022-04-27 10:52:10,875 [b4543bad-81d3-4f1d-9fc6-5e97dcd2d8eb@group-7308F894FD3A-StateMachineUpdater] INFO  impl.StateMachineUpdater (StateMachineUpdater.java:takeSnapshot(281)) - b4543bad-81d3-4f1d-9fc6-5e97dcd2d8eb@group-7308F894FD3A-StateMachineUpdater: Took a snapshot at index 0
2022-04-27 10:52:10,875 [b4543bad-81d3-4f1d-9fc6-5e97dcd2d8eb@group-7308F894FD3A-StateMachineUpdater] INFO  impl.StateMachineUpdater (StateMachineUpdater.java:lambda$new$0(89)) - b4543bad-81d3-4f1d-9fc6-5e97dcd2d8eb@group-7308F894FD3A-StateMachineUpdater: snapshotIndex: updateIncreasingly -1 -> 0
2022-04-27 10:52:10,878 [5e6908a8-a78b-4a66-9555-b48c04384dc8@group-E78063F29D5F-FollowerState] INFO  impl.FollowerState (FollowerState.java:run(134)) - 5e6908a8-a78b-4a66-9555-b48c04384dc8@group-E78063F29D5F-FollowerState: change to CANDIDATE, lastRpcElapsedTime:5156585239ns, electionTimeout:5148ms
2022-04-27 10:52:10,879 [5e6908a8-a78b-4a66-9555-b48c04384dc8@group-E78063F29D5F-FollowerState] INFO  impl.RoleInfo (RoleInfo.java:shutdownFollowerState(108)) - 5e6908a8-a78b-4a66-9555-b48c04384dc8: shutdown 5e6908a8-a78b-4a66-9555-b48c04384dc8@group-E78063F29D5F-FollowerState
2022-04-27 10:52:10,879 [5e6908a8-a78b-4a66-9555-b48c04384dc8@group-E78063F29D5F-FollowerState] INFO  server.RaftServer$Division (RaftServerImpl.java:setRole(290)) - 5e6908a8-a78b-4a66-9555-b48c04384dc8@group-E78063F29D5F: changes role from  FOLLOWER to CANDIDATE at term 1 for changeToCandidate
2022-04-27 10:52:10,880 [5e6908a8-a78b-4a66-9555-b48c04384dc8@group-E78063F29D5F-FollowerState] INFO  server.RaftServerConfigKeys (ConfUtils.java:logGet(44)) - raft.server.leaderelection.pre-vote = false (custom)
2022-04-27 10:52:10,880 [5e6908a8-a78b-4a66-9555-b48c04384dc8@group-E78063F29D5F-FollowerState] INFO  impl.RoleInfo (RoleInfo.java:updateAndGet(130)) - 5e6908a8-a78b-4a66-9555-b48c04384dc8: start 5e6908a8-a78b-4a66-9555-b48c04384dc8@group-E78063F29D5F-LeaderElection22
2022-04-27 10:52:10,883 [5e6908a8-a78b-4a66-9555-b48c04384dc8@group-E78063F29D5F-LeaderElection22] INFO  impl.LeaderElection (LeaderElection.java:askForVotes(306)) - 5e6908a8-a78b-4a66-9555-b48c04384dc8@group-E78063F29D5F-LeaderElection22 ELECTION round 0: submit vote requests at term 2 for -1: [7171416e-d570-4db8-8282-6e036003ab52|rpc:10.1.0.29:35393|priority:0, 5e6908a8-a78b-4a66-9555-b48c04384dc8|rpc:10.1.0.29:40571|priority:0, fc150688-1f76-4ec0-a672-aaf91f0753c3|rpc:10.1.0.29:37101|priority:1], old=null
2022-04-27 10:52:10,893 [grpc-default-executor-2] INFO  server.RaftServer$Division (RaftServerImpl.java:requestVote(1046)) - fc150688-1f76-4ec0-a672-aaf91f0753c3@group-E78063F29D5F: receive requestVote(ELECTION, 5e6908a8-a78b-4a66-9555-b48c04384dc8, group-E78063F29D5F, 2, (t:0, i:0))
2022-04-27 10:52:10,893 [grpc-default-executor-2] INFO  impl.VoteContext (VoteContext.java:log(48)) - fc150688-1f76-4ec0-a672-aaf91f0753c3@group-E78063F29D5F-FOLLOWER: reject ELECTION from 5e6908a8-a78b-4a66-9555-b48c04384dc8: our priority 1 > candidate's priority 0
2022-04-27 10:52:10,893 [grpc-default-executor-2] INFO  server.RaftServer$Division (RaftServerImpl.java:setRole(290)) - fc150688-1f76-4ec0-a672-aaf91f0753c3@group-E78063F29D5F: changes role from  FOLLOWER to FOLLOWER at term 2 for candidate:5e6908a8-a78b-4a66-9555-b48c04384dc8
2022-04-27 10:52:10,893 [grpc-default-executor-2] INFO  impl.RoleInfo (RoleInfo.java:shutdownFollowerState(108)) - fc150688-1f76-4ec0-a672-aaf91f0753c3: shutdown fc150688-1f76-4ec0-a672-aaf91f0753c3@group-E78063F29D5F-FollowerState
2022-04-27 10:52:10,893 [fc150688-1f76-4ec0-a672-aaf91f0753c3@group-E78063F29D5F-FollowerState] INFO  impl.FollowerState (FollowerState.java:run(143)) - fc150688-1f76-4ec0-a672-aaf91f0753c3@group-E78063F29D5F-FollowerState was interrupted: {}
java.lang.InterruptedException: sleep interrupted
	at java.lang.Thread.sleep(Native Method)
	at java.lang.Thread.sleep(Thread.java:342)
	at java.util.concurrent.TimeUnit.sleep(TimeUnit.java:386)
	at org.apache.ratis.util.TimeDuration.sleep(TimeDuration.java:324)
	at org.apache.ratis.util.TimeDuration.sleep(TimeDuration.java:309)
	at org.apache.ratis.server.impl.FollowerState.run(FollowerState.java:118)
2022-04-27 10:52:10,894 [grpc-default-executor-2] INFO  impl.RoleInfo (RoleInfo.java:updateAndGet(130)) - fc150688-1f76-4ec0-a672-aaf91f0753c3: start fc150688-1f76-4ec0-a672-aaf91f0753c3@group-E78063F29D5F-FollowerState
2022-04-27 10:52:10,895 [grpc-default-executor-0] INFO  server.RaftServer$Division (RaftServerImpl.java:requestVote(1046)) - 7171416e-d570-4db8-8282-6e036003ab52@group-E78063F29D5F: receive requestVote(ELECTION, 5e6908a8-a78b-4a66-9555-b48c04384dc8, group-E78063F29D5F, 2, (t:0, i:0))
2022-04-27 10:52:10,895 [grpc-default-executor-0] INFO  impl.VoteContext (VoteContext.java:log(48)) - 7171416e-d570-4db8-8282-6e036003ab52@group-E78063F29D5F-FOLLOWER: accept ELECTION from 5e6908a8-a78b-4a66-9555-b48c04384dc8: our priority 0 <= candidate's priority 0
2022-04-27 10:52:10,895 [grpc-default-executor-0] INFO  server.RaftServer$Division (RaftServerImpl.java:setRole(290)) - 7171416e-d570-4db8-8282-6e036003ab52@group-E78063F29D5F: changes role from  FOLLOWER to FOLLOWER at term 2 for candidate:5e6908a8-a78b-4a66-9555-b48c04384dc8
2022-04-27 10:52:10,895 [grpc-default-executor-0] INFO  impl.RoleInfo (RoleInfo.java:shutdownFollowerState(108)) - 7171416e-d570-4db8-8282-6e036003ab52: shutdown 7171416e-d570-4db8-8282-6e036003ab52@group-E78063F29D5F-FollowerState
2022-04-27 10:52:10,896 [grpc-default-executor-0] INFO  impl.RoleInfo (RoleInfo.java:updateAndGet(130)) - 7171416e-d570-4db8-8282-6e036003ab52: start 7171416e-d570-4db8-8282-6e036003ab52@group-E78063F29D5F-FollowerState
2022-04-27 10:52:10,896 [7171416e-d570-4db8-8282-6e036003ab52@group-E78063F29D5F-FollowerState] INFO  impl.FollowerState (FollowerState.java:run(143)) - 7171416e-d570-4db8-8282-6e036003ab52@group-E78063F29D5F-FollowerState was interrupted: {}
java.lang.InterruptedException: sleep interrupted
	at java.lang.Thread.sleep(Native Method)
	at java.lang.Thread.sleep(Thread.java:342)
	at java.util.concurrent.TimeUnit.sleep(TimeUnit.java:386)
	at org.apache.ratis.util.TimeDuration.sleep(TimeDuration.java:324)
	at org.apache.ratis.util.TimeDuration.sleep(TimeDuration.java:309)
	at org.apache.ratis.server.impl.FollowerState.run(FollowerState.java:118)
2022-04-27 10:52:10,900 [grpc-default-executor-2] INFO  server.RaftServer$Division (RaftServerImpl.java:requestVote(1078)) - fc150688-1f76-4ec0-a672-aaf91f0753c3@group-E78063F29D5F replies to ELECTION vote request: 5e6908a8-a78b-4a66-9555-b48c04384dc8<-fc150688-1f76-4ec0-a672-aaf91f0753c3#0:FAIL-t2. Peer's state: fc150688-1f76-4ec0-a672-aaf91f0753c3@group-E78063F29D5F:t2, leader=null, voted=null, raftlog=fc150688-1f76-4ec0-a672-aaf91f0753c3@group-E78063F29D5F-SegmentedRaftLog:OPENED:c-1, conf=-1: [7171416e-d570-4db8-8282-6e036003ab52|rpc:10.1.0.29:35393|dataStream:|priority:0, 5e6908a8-a78b-4a66-9555-b48c04384dc8|rpc:10.1.0.29:40571|dataStream:|priority:0, fc150688-1f76-4ec0-a672-aaf91f0753c3|rpc:10.1.0.29:37101|dataStream:|priority:1], old=null
2022-04-27 10:52:10,901 [grpc-default-executor-0] INFO  server.RaftServer$Division (RaftServerImpl.java:requestVote(1078)) - 7171416e-d570-4db8-8282-6e036003ab52@group-E78063F29D5F replies to ELECTION vote request: 5e6908a8-a78b-4a66-9555-b48c04384dc8<-7171416e-d570-4db8-8282-6e036003ab52#0:OK-t2. Peer's state: 7171416e-d570-4db8-8282-6e036003ab52@group-E78063F29D5F:t2, leader=null, voted=5e6908a8-a78b-4a66-9555-b48c04384dc8, raftlog=7171416e-d570-4db8-8282-6e036003ab52@group-E78063F29D5F-SegmentedRaftLog:OPENED:c-1, conf=-1: [7171416e-d570-4db8-8282-6e036003ab52|rpc:10.1.0.29:35393|dataStream:|priority:0, 5e6908a8-a78b-4a66-9555-b48c04384dc8|rpc:10.1.0.29:40571|dataStream:|priority:0, fc150688-1f76-4ec0-a672-aaf91f0753c3|rpc:10.1.0.29:37101|dataStream:|priority:1], old=null
2022-04-27 10:52:10,912 [5e6908a8-a78b-4a66-9555-b48c04384dc8@group-E78063F29D5F-LeaderElection22] INFO  impl.LeaderElection (LeaderElection.java:logAndReturn(89)) - 5e6908a8-a78b-4a66-9555-b48c04384dc8@group-E78063F29D5F-LeaderElection22: ELECTION REJECTED received 2 response(s) and 0 exception(s):
2022-04-27 10:52:10,912 [5e6908a8-a78b-4a66-9555-b48c04384dc8@group-E78063F29D5F-LeaderElection22] INFO  impl.LeaderElection (LeaderElection.java:logAndReturn(93)) -   Response 0: 5e6908a8-a78b-4a66-9555-b48c04384dc8<-7171416e-d570-4db8-8282-6e036003ab52#0:OK-t2
2022-04-27 10:52:10,912 [5e6908a8-a78b-4a66-9555-b48c04384dc8@group-E78063F29D5F-LeaderElection22] INFO  impl.LeaderElection (LeaderElection.java:logAndReturn(93)) -   Response 1: 5e6908a8-a78b-4a66-9555-b48c04384dc8<-fc150688-1f76-4ec0-a672-aaf91f0753c3#0:FAIL-t2
2022-04-27 10:52:10,912 [5e6908a8-a78b-4a66-9555-b48c04384dc8@group-E78063F29D5F-LeaderElection22] INFO  impl.LeaderElection (LeaderElection.java:askForVotes(308)) - 5e6908a8-a78b-4a66-9555-b48c04384dc8@group-E78063F29D5F-LeaderElection22 ELECTION round 0: result REJECTED
2022-04-27 10:52:10,913 [5e6908a8-a78b-4a66-9555-b48c04384dc8@group-E78063F29D5F-LeaderElection22] INFO  server.RaftServer$Division (RaftServerImpl.java:setRole(290)) - 5e6908a8-a78b-4a66-9555-b48c04384dc8@group-E78063F29D5F: changes role from CANDIDATE to FOLLOWER at term 2 for REJECTED
2022-04-27 10:52:10,913 [5e6908a8-a78b-4a66-9555-b48c04384dc8@group-E78063F29D5F-LeaderElection22] INFO  impl.RoleInfo (RoleInfo.java:shutdownLeaderElection(121)) - 5e6908a8-a78b-4a66-9555-b48c04384dc8: shutdown 5e6908a8-a78b-4a66-9555-b48c04384dc8@group-E78063F29D5F-LeaderElection22
2022-04-27 10:52:10,913 [5e6908a8-a78b-4a66-9555-b48c04384dc8@group-E78063F29D5F-LeaderElection22] INFO  impl.RoleInfo (RoleInfo.java:updateAndGet(130)) - 5e6908a8-a78b-4a66-9555-b48c04384dc8: start 5e6908a8-a78b-4a66-9555-b48c04384dc8@group-E78063F29D5F-FollowerState
2022-04-27 10:52:10,951 [EventQueue-PipelineReportForPipelineReportHandler] INFO  pipeline.PipelineReportHandler (PipelineReportHandler.java:processPipelineReport(113)) - Reported pipeline PipelineID=cf80c735-cb93-438b-a05e-dff27b2a1031 is not found
2022-04-27 10:52:11,094 [EventQueue-PipelineReportForPipelineReportHandler] INFO  pipeline.PipelineReportHandler (PipelineReportHandler.java:processPipelineReport(113)) - Reported pipeline PipelineID=cf80c735-cb93-438b-a05e-dff27b2a1031 is not found
2022-04-27 10:52:11,100 [EventQueue-PipelineReportForPipelineReportHandler] INFO  pipeline.PipelineReportHandler (PipelineReportHandler.java:processPipelineReport(113)) - Reported pipeline PipelineID=cf80c735-cb93-438b-a05e-dff27b2a1031 is not found
2022-04-27 10:52:11,151 [EventQueue-PipelineReportForPipelineReportHandler] INFO  pipeline.PipelineReportHandler (PipelineReportHandler.java:processPipelineReport(113)) - Reported pipeline PipelineID=cf80c735-cb93-438b-a05e-dff27b2a1031 is not found
2022-04-27 10:52:11,300 [EventQueue-PipelineReportForPipelineReportHandler] INFO  pipeline.PipelineReportHandler (PipelineReportHandler.java:processPipelineReport(113)) - Reported pipeline PipelineID=cf80c735-cb93-438b-a05e-dff27b2a1031 is not found
2022-04-27 10:52:11,352 [EventQueue-PipelineReportForPipelineReportHandler] INFO  pipeline.PipelineReportHandler (PipelineReportHandler.java:processPipelineReport(113)) - Reported pipeline PipelineID=cf80c735-cb93-438b-a05e-dff27b2a1031 is not found
2022-04-27 10:52:11,495 [EventQueue-PipelineReportForPipelineReportHandler] INFO  pipeline.PipelineReportHandler (PipelineReportHandler.java:processPipelineReport(113)) - Reported pipeline PipelineID=cf80c735-cb93-438b-a05e-dff27b2a1031 is not found
2022-04-27 10:52:11,701 [EventQueue-PipelineReportForPipelineReportHandler] INFO  pipeline.PipelineReportHandler (PipelineReportHandler.java:processPipelineReport(113)) - Reported pipeline PipelineID=cf80c735-cb93-438b-a05e-dff27b2a1031 is not found
2022-04-27 10:52:11,751 [EventQueue-PipelineReportForPipelineReportHandler] INFO  pipeline.PipelineReportHandler (PipelineReportHandler.java:processPipelineReport(113)) - Reported pipeline PipelineID=cf80c735-cb93-438b-a05e-dff27b2a1031 is not found
2022-04-27 10:52:11,894 [EventQueue-PipelineReportForPipelineReportHandler] INFO  pipeline.PipelineReportHandler (PipelineReportHandler.java:processPipelineReport(113)) - Reported pipeline PipelineID=cf80c735-cb93-438b-a05e-dff27b2a1031 is not found
2022-04-27 10:52:11,900 [EventQueue-PipelineReportForPipelineReportHandler] INFO  pipeline.PipelineReportHandler (PipelineReportHandler.java:processPipelineReport(113)) - Reported pipeline PipelineID=cf80c735-cb93-438b-a05e-dff27b2a1031 is not found
2022-04-27 10:52:11,951 [EventQueue-PipelineReportForPipelineReportHandler] INFO  pipeline.PipelineReportHandler (PipelineReportHandler.java:processPipelineReport(113)) - Reported pipeline PipelineID=cf80c735-cb93-438b-a05e-dff27b2a1031 is not found
2022-04-27 10:52:12,094 [EventQueue-PipelineReportForPipelineReportHandler] INFO  pipeline.PipelineReportHandler (PipelineReportHandler.java:processPipelineReport(113)) - Reported pipeline PipelineID=cf80c735-cb93-438b-a05e-dff27b2a1031 is not found
2022-04-27 10:52:12,300 [EventQueue-PipelineReportForPipelineReportHandler] INFO  pipeline.PipelineReportHandler (PipelineReportHandler.java:processPipelineReport(113)) - Reported pipeline PipelineID=cf80c735-cb93-438b-a05e-dff27b2a1031 is not found
2022-04-27 10:52:12,351 [EventQueue-PipelineReportForPipelineReportHandler] INFO  pipeline.PipelineReportHandler (PipelineReportHandler.java:processPipelineReport(113)) - Reported pipeline PipelineID=cf80c735-cb93-438b-a05e-dff27b2a1031 is not found
2022-04-27 10:52:12,494 [EventQueue-PipelineReportForPipelineReportHandler] INFO  pipeline.PipelineReportHandler (PipelineReportHandler.java:processPipelineReport(113)) - Reported pipeline PipelineID=cf80c735-cb93-438b-a05e-dff27b2a1031 is not found
2022-04-27 10:52:12,501 [EventQueue-PipelineReportForPipelineReportHandler] INFO  pipeline.PipelineReportHandler (PipelineReportHandler.java:processPipelineReport(113)) - Reported pipeline PipelineID=cf80c735-cb93-438b-a05e-dff27b2a1031 is not found
2022-04-27 10:52:12,551 [EventQueue-PipelineReportForPipelineReportHandler] INFO  pipeline.PipelineReportHandler (PipelineReportHandler.java:processPipelineReport(113)) - Reported pipeline PipelineID=cf80c735-cb93-438b-a05e-dff27b2a1031 is not found
2022-04-27 10:52:12,694 [EventQueue-PipelineReportForPipelineReportHandler] INFO  pipeline.PipelineReportHandler (PipelineReportHandler.java:processPipelineReport(113)) - Reported pipeline PipelineID=cf80c735-cb93-438b-a05e-dff27b2a1031 is not found
2022-04-27 10:52:12,901 [EventQueue-PipelineReportForPipelineReportHandler] INFO  pipeline.PipelineReportHandler (PipelineReportHandler.java:processPipelineReport(113)) - Reported pipeline PipelineID=cf80c735-cb93-438b-a05e-dff27b2a1031 is not found
2022-04-27 10:52:12,952 [EventQueue-PipelineReportForPipelineReportHandler] INFO  pipeline.PipelineReportHandler (PipelineReportHandler.java:processPipelineReport(113)) - Reported pipeline PipelineID=cf80c735-cb93-438b-a05e-dff27b2a1031 is not found
2022-04-27 10:52:13,094 [EventQueue-PipelineReportForPipelineReportHandler] INFO  pipeline.PipelineReportHandler (PipelineReportHandler.java:processPipelineReport(113)) - Reported pipeline PipelineID=cf80c735-cb93-438b-a05e-dff27b2a1031 is not found
2022-04-27 10:52:13,101 [EventQueue-PipelineReportForPipelineReportHandler] INFO  pipeline.PipelineReportHandler (PipelineReportHandler.java:processPipelineReport(113)) - Reported pipeline PipelineID=cf80c735-cb93-438b-a05e-dff27b2a1031 is not found
2022-04-27 10:52:13,153 [EventQueue-PipelineReportForPipelineReportHandler] INFO  pipeline.PipelineReportHandler (PipelineReportHandler.java:processPipelineReport(113)) - Reported pipeline PipelineID=cf80c735-cb93-438b-a05e-dff27b2a1031 is not found
2022-04-27 10:52:13,189 [java.util.concurrent.ThreadPoolExecutor$Worker@7c2afee1[State = -1, empty queue]] WARN  grpc.GrpcUtil (GrpcUtil.java:shutdownManagedChannel(216)) - Timed out gracefully shutting down connection: ManagedChannelOrphanWrapper{delegate=ManagedChannelImpl{logId=204, target=10.1.0.29:39501}}. 
2022-04-27 10:52:13,201 [java.util.concurrent.ThreadPoolExecutor$Worker@7c2afee1[State = -1, empty queue]] WARN  server.GrpcLogAppender (GrpcLogAppender.java:timeoutAppendRequest(246)) - 6f2ed759-dfb9-4419-9191-8597321ac421@group-DFF27B2A1031->0a06a8c4-9179-4a2e-838b-55c09a430176-GrpcLogAppender:  appendEntries Timeout, request=AppendEntriesRequest:cid=148,entriesCount=1,lastEntry=(t:1, i:9)
2022-04-27 10:52:13,202 [java.util.concurrent.ThreadPoolExecutor$Worker@7c2afee1[State = -1, empty queue]] WARN  server.GrpcLogAppender (GrpcLogAppender.java:timeoutAppendRequest(246)) - 6f2ed759-dfb9-4419-9191-8597321ac421@group-DFF27B2A1031->5e3f1479-9daf-43cd-8651-224960992f9b-GrpcLogAppender:  appendEntries Timeout, request=AppendEntriesRequest:cid=144,entriesCount=1,lastEntry=(t:1, i:9)
2022-04-27 10:52:13,202 [java.util.concurrent.ThreadPoolExecutor$Worker@7c2afee1[State = -1, empty queue]] WARN  server.GrpcLogAppender (GrpcLogAppender.java:timeoutAppendRequest(246)) - 6f2ed759-dfb9-4419-9191-8597321ac421@group-DFF27B2A1031->0a06a8c4-9179-4a2e-838b-55c09a430176-GrpcLogAppender:  appendEntries Timeout, request=AppendEntriesRequest:cid=149,entriesCount=1,lastEntry=(t:1, i:10)
2022-04-27 10:52:13,202 [java.util.concurrent.ThreadPoolExecutor$Worker@7c2afee1[State = -1, empty queue]] WARN  server.GrpcLogAppender (GrpcLogAppender.java:timeoutAppendRequest(246)) - 6f2ed759-dfb9-4419-9191-8597321ac421@group-DFF27B2A1031->5e3f1479-9daf-43cd-8651-224960992f9b-GrpcLogAppender:  appendEntries Timeout, request=AppendEntriesRequest:cid=145,entriesCount=1,lastEntry=(t:1, i:10)
2022-04-27 10:52:13,295 [EventQueue-PipelineReportForPipelineReportHandler] INFO  pipeline.PipelineReportHandler (PipelineReportHandler.java:processPipelineReport(113)) - Reported pipeline PipelineID=cf80c735-cb93-438b-a05e-dff27b2a1031 is not found
2022-04-27 10:52:13,302 [EventQueue-PipelineReportForPipelineReportHandler] INFO  pipeline.PipelineReportHandler (PipelineReportHandler.java:processPipelineReport(113)) - Reported pipeline PipelineID=cf80c735-cb93-438b-a05e-dff27b2a1031 is not found
2022-04-27 10:52:13,502 [EventQueue-PipelineReportForPipelineReportHandler] INFO  pipeline.PipelineReportHandler (PipelineReportHandler.java:processPipelineReport(113)) - Reported pipeline PipelineID=cf80c735-cb93-438b-a05e-dff27b2a1031 is not found
2022-04-27 10:52:13,553 [EventQueue-PipelineReportForPipelineReportHandler] INFO  pipeline.PipelineReportHandler (PipelineReportHandler.java:processPipelineReport(113)) - Reported pipeline PipelineID=cf80c735-cb93-438b-a05e-dff27b2a1031 is not found
2022-04-27 10:52:13,693 [EventQueue-PipelineReportForPipelineReportHandler] INFO  pipeline.PipelineReportHandler (PipelineReportHandler.java:processPipelineReport(113)) - Reported pipeline PipelineID=cf80c735-cb93-438b-a05e-dff27b2a1031 is not found
2022-04-27 10:52:13,902 [EventQueue-PipelineReportForPipelineReportHandler] INFO  pipeline.PipelineReportHandler (PipelineReportHandler.java:processPipelineReport(113)) - Reported pipeline PipelineID=cf80c735-cb93-438b-a05e-dff27b2a1031 is not found
2022-04-27 10:52:13,952 [EventQueue-PipelineReportForPipelineReportHandler] INFO  pipeline.PipelineReportHandler (PipelineReportHandler.java:processPipelineReport(113)) - Reported pipeline PipelineID=cf80c735-cb93-438b-a05e-dff27b2a1031 is not found
2022-04-27 10:52:14,095 [EventQueue-PipelineReportForPipelineReportHandler] INFO  pipeline.PipelineReportHandler (PipelineReportHandler.java:processPipelineReport(113)) - Reported pipeline PipelineID=cf80c735-cb93-438b-a05e-dff27b2a1031 is not found
2022-04-27 10:52:14,102 [EventQueue-PipelineReportForPipelineReportHandler] INFO  pipeline.PipelineReportHandler (PipelineReportHandler.java:processPipelineReport(113)) - Reported pipeline PipelineID=cf80c735-cb93-438b-a05e-dff27b2a1031 is not found
2022-04-27 10:52:14,152 [EventQueue-PipelineReportForPipelineReportHandler] INFO  pipeline.PipelineReportHandler (PipelineReportHandler.java:processPipelineReport(113)) - Reported pipeline PipelineID=cf80c735-cb93-438b-a05e-dff27b2a1031 is not found
2022-04-27 10:52:14,295 [EventQueue-PipelineReportForPipelineReportHandler] INFO  pipeline.PipelineReportHandler (PipelineReportHandler.java:processPipelineReport(113)) - Reported pipeline PipelineID=cf80c735-cb93-438b-a05e-dff27b2a1031 is not found
2022-04-27 10:52:14,303 [EventQueue-PipelineReportForPipelineReportHandler] INFO  pipeline.PipelineReportHandler (PipelineReportHandler.java:processPipelineReport(113)) - Reported pipeline PipelineID=cf80c735-cb93-438b-a05e-dff27b2a1031 is not found
2022-04-27 10:52:14,352 [EventQueue-PipelineReportForPipelineReportHandler] INFO  pipeline.PipelineReportHandler (PipelineReportHandler.java:processPipelineReport(113)) - Reported pipeline PipelineID=cf80c735-cb93-438b-a05e-dff27b2a1031 is not found
2022-04-27 10:52:14,465 [6f2ed759-dfb9-4419-9191-8597321ac421@group-A1352ADA7BC1-FollowerState] INFO  impl.FollowerState (FollowerState.java:run(134)) - 6f2ed759-dfb9-4419-9191-8597321ac421@group-A1352ADA7BC1-FollowerState: change to CANDIDATE, lastRpcElapsedTime:5088588631ns, electionTimeout:5085ms
2022-04-27 10:52:14,465 [6f2ed759-dfb9-4419-9191-8597321ac421@group-A1352ADA7BC1-FollowerState] INFO  impl.RoleInfo (RoleInfo.java:shutdownFollowerState(108)) - 6f2ed759-dfb9-4419-9191-8597321ac421: shutdown 6f2ed759-dfb9-4419-9191-8597321ac421@group-A1352ADA7BC1-FollowerState
2022-04-27 10:52:14,465 [6f2ed759-dfb9-4419-9191-8597321ac421@group-A1352ADA7BC1-FollowerState] INFO  server.RaftServer$Division (RaftServerImpl.java:setRole(290)) - 6f2ed759-dfb9-4419-9191-8597321ac421@group-A1352ADA7BC1: changes role from  FOLLOWER to CANDIDATE at term 2 for changeToCandidate
2022-04-27 10:52:14,465 [6f2ed759-dfb9-4419-9191-8597321ac421@group-A1352ADA7BC1-FollowerState] INFO  server.RaftServerConfigKeys (ConfUtils.java:logGet(44)) - raft.server.leaderelection.pre-vote = false (custom)
2022-04-27 10:52:14,465 [6f2ed759-dfb9-4419-9191-8597321ac421@group-A1352ADA7BC1-FollowerState] INFO  impl.RoleInfo (RoleInfo.java:updateAndGet(130)) - 6f2ed759-dfb9-4419-9191-8597321ac421: start 6f2ed759-dfb9-4419-9191-8597321ac421@group-A1352ADA7BC1-LeaderElection23
2022-04-27 10:52:14,469 [6f2ed759-dfb9-4419-9191-8597321ac421@group-A1352ADA7BC1-LeaderElection23] INFO  impl.LeaderElection (LeaderElection.java:askForVotes(306)) - 6f2ed759-dfb9-4419-9191-8597321ac421@group-A1352ADA7BC1-LeaderElection23 ELECTION round 0: submit vote requests at term 3 for -1: [0a06a8c4-9179-4a2e-838b-55c09a430176|rpc:10.1.0.29:39993|priority:1, 5e3f1479-9daf-43cd-8651-224960992f9b|rpc:10.1.0.29:36215|priority:0, 6f2ed759-dfb9-4419-9191-8597321ac421|rpc:10.1.0.29:39501|priority:0], old=null
2022-04-27 10:52:14,476 [0a06a8c4-9179-4a2e-838b-55c09a430176@group-A1352ADA7BC1-FollowerState] INFO  impl.FollowerState (FollowerState.java:run(134)) - 0a06a8c4-9179-4a2e-838b-55c09a430176@group-A1352ADA7BC1-FollowerState: change to CANDIDATE, lastRpcElapsedTime:5107900129ns, electionTimeout:5105ms
2022-04-27 10:52:14,477 [0a06a8c4-9179-4a2e-838b-55c09a430176@group-A1352ADA7BC1-FollowerState] INFO  impl.RoleInfo (RoleInfo.java:shutdownFollowerState(108)) - 0a06a8c4-9179-4a2e-838b-55c09a430176: shutdown 0a06a8c4-9179-4a2e-838b-55c09a430176@group-A1352ADA7BC1-FollowerState
2022-04-27 10:52:14,477 [grpc-default-executor-0] INFO  server.RaftServer$Division (RaftServerImpl.java:requestVote(1046)) - 5e3f1479-9daf-43cd-8651-224960992f9b@group-A1352ADA7BC1: receive requestVote(ELECTION, 6f2ed759-dfb9-4419-9191-8597321ac421, group-A1352ADA7BC1, 3, (t:0, i:0))
2022-04-27 10:52:14,477 [grpc-default-executor-0] INFO  impl.VoteContext (VoteContext.java:log(48)) - 5e3f1479-9daf-43cd-8651-224960992f9b@group-A1352ADA7BC1-FOLLOWER: accept ELECTION from 6f2ed759-dfb9-4419-9191-8597321ac421: our priority 0 <= candidate's priority 0
2022-04-27 10:52:14,477 [0a06a8c4-9179-4a2e-838b-55c09a430176@group-A1352ADA7BC1-FollowerState] INFO  server.RaftServer$Division (RaftServerImpl.java:setRole(290)) - 0a06a8c4-9179-4a2e-838b-55c09a430176@group-A1352ADA7BC1: changes role from  FOLLOWER to CANDIDATE at term 2 for changeToCandidate
2022-04-27 10:52:14,477 [0a06a8c4-9179-4a2e-838b-55c09a430176@group-A1352ADA7BC1-FollowerState] INFO  server.RaftServerConfigKeys (ConfUtils.java:logGet(44)) - raft.server.leaderelection.pre-vote = false (custom)
2022-04-27 10:52:14,477 [0a06a8c4-9179-4a2e-838b-55c09a430176@group-A1352ADA7BC1-FollowerState] INFO  impl.RoleInfo (RoleInfo.java:updateAndGet(130)) - 0a06a8c4-9179-4a2e-838b-55c09a430176: start 0a06a8c4-9179-4a2e-838b-55c09a430176@group-A1352ADA7BC1-LeaderElection24
2022-04-27 10:52:14,477 [grpc-default-executor-0] INFO  server.RaftServer$Division (RaftServerImpl.java:setRole(290)) - 5e3f1479-9daf-43cd-8651-224960992f9b@group-A1352ADA7BC1: changes role from  FOLLOWER to FOLLOWER at term 3 for candidate:6f2ed759-dfb9-4419-9191-8597321ac421
2022-04-27 10:52:14,478 [grpc-default-executor-0] INFO  impl.RoleInfo (RoleInfo.java:shutdownFollowerState(108)) - 5e3f1479-9daf-43cd-8651-224960992f9b: shutdown 5e3f1479-9daf-43cd-8651-224960992f9b@group-A1352ADA7BC1-FollowerState
2022-04-27 10:52:14,477 [grpc-default-executor-2] INFO  server.RaftServer$Division (RaftServerImpl.java:requestVote(1046)) - 0a06a8c4-9179-4a2e-838b-55c09a430176@group-A1352ADA7BC1: receive requestVote(ELECTION, 6f2ed759-dfb9-4419-9191-8597321ac421, group-A1352ADA7BC1, 3, (t:0, i:0))
2022-04-27 10:52:14,478 [grpc-default-executor-0] INFO  impl.RoleInfo (RoleInfo.java:updateAndGet(130)) - 5e3f1479-9daf-43cd-8651-224960992f9b: start 5e3f1479-9daf-43cd-8651-224960992f9b@group-A1352ADA7BC1-FollowerState
2022-04-27 10:52:14,478 [grpc-default-executor-2] INFO  impl.VoteContext (VoteContext.java:log(48)) - 0a06a8c4-9179-4a2e-838b-55c09a430176@group-A1352ADA7BC1-CANDIDATE: reject ELECTION from 6f2ed759-dfb9-4419-9191-8597321ac421: our priority 1 > candidate's priority 0
2022-04-27 10:52:14,478 [grpc-default-executor-2] INFO  server.RaftServer$Division (RaftServerImpl.java:setRole(290)) - 0a06a8c4-9179-4a2e-838b-55c09a430176@group-A1352ADA7BC1: changes role from CANDIDATE to FOLLOWER at term 3 for candidate:6f2ed759-dfb9-4419-9191-8597321ac421
2022-04-27 10:52:14,478 [grpc-default-executor-2] INFO  impl.RoleInfo (RoleInfo.java:shutdownLeaderElection(121)) - 0a06a8c4-9179-4a2e-838b-55c09a430176: shutdown 0a06a8c4-9179-4a2e-838b-55c09a430176@group-A1352ADA7BC1-LeaderElection24
2022-04-27 10:52:14,478 [grpc-default-executor-2] INFO  impl.RoleInfo (RoleInfo.java:updateAndGet(130)) - 0a06a8c4-9179-4a2e-838b-55c09a430176: start 0a06a8c4-9179-4a2e-838b-55c09a430176@group-A1352ADA7BC1-FollowerState
2022-04-27 10:52:14,478 [5e3f1479-9daf-43cd-8651-224960992f9b@group-A1352ADA7BC1-FollowerState] INFO  impl.FollowerState (FollowerState.java:run(143)) - 5e3f1479-9daf-43cd-8651-224960992f9b@group-A1352ADA7BC1-FollowerState was interrupted: {}
java.lang.InterruptedException: sleep interrupted
	at java.lang.Thread.sleep(Native Method)
	at java.lang.Thread.sleep(Thread.java:342)
	at java.util.concurrent.TimeUnit.sleep(TimeUnit.java:386)
	at org.apache.ratis.util.TimeDuration.sleep(TimeDuration.java:324)
	at org.apache.ratis.util.TimeDuration.sleep(TimeDuration.java:309)
	at org.apache.ratis.server.impl.FollowerState.run(FollowerState.java:118)
2022-04-27 10:52:14,480 [grpc-default-executor-2] INFO  server.RaftServer$Division (RaftServerImpl.java:requestVote(1078)) - 0a06a8c4-9179-4a2e-838b-55c09a430176@group-A1352ADA7BC1 replies to ELECTION vote request: 6f2ed759-dfb9-4419-9191-8597321ac421<-0a06a8c4-9179-4a2e-838b-55c09a430176#0:FAIL-t3. Peer's state: 0a06a8c4-9179-4a2e-838b-55c09a430176@group-A1352ADA7BC1:t3, leader=null, voted=null, raftlog=0a06a8c4-9179-4a2e-838b-55c09a430176@group-A1352ADA7BC1-SegmentedRaftLog:OPENED:c-1, conf=-1: [0a06a8c4-9179-4a2e-838b-55c09a430176|rpc:10.1.0.29:39993|dataStream:|priority:1, 5e3f1479-9daf-43cd-8651-224960992f9b|rpc:10.1.0.29:36215|dataStream:|priority:0, 6f2ed759-dfb9-4419-9191-8597321ac421|rpc:10.1.0.29:39501|dataStream:|priority:0], old=null
2022-04-27 10:52:14,481 [grpc-default-executor-0] INFO  server.RaftServer$Division (RaftServerImpl.java:requestVote(1078)) - 5e3f1479-9daf-43cd-8651-224960992f9b@group-A1352ADA7BC1 replies to ELECTION vote request: 6f2ed759-dfb9-4419-9191-8597321ac421<-5e3f1479-9daf-43cd-8651-224960992f9b#0:OK-t3. Peer's state: 5e3f1479-9daf-43cd-8651-224960992f9b@group-A1352ADA7BC1:t3, leader=null, voted=6f2ed759-dfb9-4419-9191-8597321ac421, raftlog=5e3f1479-9daf-43cd-8651-224960992f9b@group-A1352ADA7BC1-SegmentedRaftLog:OPENED:c-1, conf=-1: [0a06a8c4-9179-4a2e-838b-55c09a430176|rpc:10.1.0.29:39993|dataStream:|priority:1, 5e3f1479-9daf-43cd-8651-224960992f9b|rpc:10.1.0.29:36215|dataStream:|priority:0, 6f2ed759-dfb9-4419-9191-8597321ac421|rpc:10.1.0.29:39501|dataStream:|priority:0], old=null
2022-04-27 10:52:14,482 [6f2ed759-dfb9-4419-9191-8597321ac421@group-A1352ADA7BC1-LeaderElection23] INFO  impl.LeaderElection (LeaderElection.java:logAndReturn(89)) - 6f2ed759-dfb9-4419-9191-8597321ac421@group-A1352ADA7BC1-LeaderElection23: ELECTION REJECTED received 1 response(s) and 0 exception(s):
2022-04-27 10:52:14,482 [6f2ed759-dfb9-4419-9191-8597321ac421@group-A1352ADA7BC1-LeaderElection23] INFO  impl.LeaderElection (LeaderElection.java:logAndReturn(93)) -   Response 0: 6f2ed759-dfb9-4419-9191-8597321ac421<-0a06a8c4-9179-4a2e-838b-55c09a430176#0:FAIL-t3
2022-04-27 10:52:14,482 [6f2ed759-dfb9-4419-9191-8597321ac421@group-A1352ADA7BC1-LeaderElection23] INFO  impl.LeaderElection (LeaderElection.java:askForVotes(308)) - 6f2ed759-dfb9-4419-9191-8597321ac421@group-A1352ADA7BC1-LeaderElection23 ELECTION round 0: result REJECTED
2022-04-27 10:52:14,482 [6f2ed759-dfb9-4419-9191-8597321ac421@group-A1352ADA7BC1-LeaderElection23] INFO  server.RaftServer$Division (RaftServerImpl.java:setRole(290)) - 6f2ed759-dfb9-4419-9191-8597321ac421@group-A1352ADA7BC1: changes role from CANDIDATE to FOLLOWER at term 3 for REJECTED
2022-04-27 10:52:14,482 [6f2ed759-dfb9-4419-9191-8597321ac421@group-A1352ADA7BC1-LeaderElection23] INFO  impl.RoleInfo (RoleInfo.java:shutdownLeaderElection(121)) - 6f2ed759-dfb9-4419-9191-8597321ac421: shutdown 6f2ed759-dfb9-4419-9191-8597321ac421@group-A1352ADA7BC1-LeaderElection23
2022-04-27 10:52:14,482 [6f2ed759-dfb9-4419-9191-8597321ac421@group-A1352ADA7BC1-LeaderElection23] INFO  impl.RoleInfo (RoleInfo.java:updateAndGet(130)) - 6f2ed759-dfb9-4419-9191-8597321ac421: start 6f2ed759-dfb9-4419-9191-8597321ac421@group-A1352ADA7BC1-FollowerState
2022-04-27 10:52:14,482 [0a06a8c4-9179-4a2e-838b-55c09a430176@group-A1352ADA7BC1-LeaderElection24] INFO  impl.LeaderElection (LeaderElection.java:run(230)) - 0a06a8c4-9179-4a2e-838b-55c09a430176@group-A1352ADA7BC1-LeaderElection24: skip running since this is already CLOSING
2022-04-27 10:52:14,504 [EventQueue-PipelineReportForPipelineReportHandler] INFO  pipeline.PipelineReportHandler (PipelineReportHandler.java:processPipelineReport(113)) - Reported pipeline PipelineID=cf80c735-cb93-438b-a05e-dff27b2a1031 is not found
2022-04-27 10:52:14,695 [EventQueue-PipelineReportForPipelineReportHandler] INFO  pipeline.PipelineReportHandler (PipelineReportHandler.java:processPipelineReport(113)) - Reported pipeline PipelineID=cf80c735-cb93-438b-a05e-dff27b2a1031 is not found
2022-04-27 10:52:14,704 [EventQueue-PipelineReportForPipelineReportHandler] INFO  pipeline.PipelineReportHandler (PipelineReportHandler.java:processPipelineReport(113)) - Reported pipeline PipelineID=cf80c735-cb93-438b-a05e-dff27b2a1031 is not found
2022-04-27 10:52:14,752 [EventQueue-PipelineReportForPipelineReportHandler] INFO  pipeline.PipelineReportHandler (PipelineReportHandler.java:processPipelineReport(113)) - Reported pipeline PipelineID=cf80c735-cb93-438b-a05e-dff27b2a1031 is not found
2022-04-27 10:52:14,897 [EventQueue-PipelineReportForPipelineReportHandler] INFO  pipeline.PipelineReportHandler (PipelineReportHandler.java:processPipelineReport(113)) - Reported pipeline PipelineID=cf80c735-cb93-438b-a05e-dff27b2a1031 is not found
2022-04-27 10:52:15,104 [EventQueue-PipelineReportForPipelineReportHandler] INFO  pipeline.PipelineReportHandler (PipelineReportHandler.java:processPipelineReport(113)) - Reported pipeline PipelineID=cf80c735-cb93-438b-a05e-dff27b2a1031 is not found
2022-04-27 10:52:15,152 [EventQueue-PipelineReportForPipelineReportHandler] INFO  pipeline.PipelineReportHandler (PipelineReportHandler.java:processPipelineReport(113)) - Reported pipeline PipelineID=cf80c735-cb93-438b-a05e-dff27b2a1031 is not found
2022-04-27 10:52:15,295 [EventQueue-PipelineReportForPipelineReportHandler] INFO  pipeline.PipelineReportHandler (PipelineReportHandler.java:processPipelineReport(113)) - Reported pipeline PipelineID=cf80c735-cb93-438b-a05e-dff27b2a1031 is not found
2022-04-27 10:52:15,352 [EventQueue-PipelineReportForPipelineReportHandler] INFO  pipeline.PipelineReportHandler (PipelineReportHandler.java:processPipelineReport(113)) - Reported pipeline PipelineID=cf80c735-cb93-438b-a05e-dff27b2a1031 is not found
2022-04-27 10:52:15,504 [EventQueue-PipelineReportForPipelineReportHandler] INFO  pipeline.PipelineReportHandler (PipelineReportHandler.java:processPipelineReport(113)) - Reported pipeline PipelineID=cf80c735-cb93-438b-a05e-dff27b2a1031 is not found
2022-04-27 10:52:15,552 [EventQueue-PipelineReportForPipelineReportHandler] INFO  pipeline.PipelineReportHandler (PipelineReportHandler.java:processPipelineReport(113)) - Reported pipeline PipelineID=cf80c735-cb93-438b-a05e-dff27b2a1031 is not found
2022-04-27 10:52:15,696 [EventQueue-PipelineReportForPipelineReportHandler] INFO  pipeline.PipelineReportHandler (PipelineReportHandler.java:processPipelineReport(113)) - Reported pipeline PipelineID=cf80c735-cb93-438b-a05e-dff27b2a1031 is not found
2022-04-27 10:52:15,895 [EventQueue-PipelineReportForPipelineReportHandler] INFO  pipeline.PipelineReportHandler (PipelineReportHandler.java:processPipelineReport(113)) - Reported pipeline PipelineID=cf80c735-cb93-438b-a05e-dff27b2a1031 is not found
2022-04-27 10:52:15,905 [EventQueue-PipelineReportForPipelineReportHandler] INFO  pipeline.PipelineReportHandler (PipelineReportHandler.java:processPipelineReport(113)) - Reported pipeline PipelineID=cf80c735-cb93-438b-a05e-dff27b2a1031 is not found
2022-04-27 10:52:15,953 [EventQueue-PipelineReportForPipelineReportHandler] INFO  pipeline.PipelineReportHandler (PipelineReportHandler.java:processPipelineReport(113)) - Reported pipeline PipelineID=cf80c735-cb93-438b-a05e-dff27b2a1031 is not found
2022-04-27 10:52:16,053 [fc150688-1f76-4ec0-a672-aaf91f0753c3@group-E78063F29D5F-FollowerState] INFO  impl.FollowerState (FollowerState.java:run(134)) - fc150688-1f76-4ec0-a672-aaf91f0753c3@group-E78063F29D5F-FollowerState: change to CANDIDATE, lastRpcElapsedTime:5159347357ns, electionTimeout:5157ms
2022-04-27 10:52:16,053 [fc150688-1f76-4ec0-a672-aaf91f0753c3@group-E78063F29D5F-FollowerState] INFO  impl.RoleInfo (RoleInfo.java:shutdownFollowerState(108)) - fc150688-1f76-4ec0-a672-aaf91f0753c3: shutdown fc150688-1f76-4ec0-a672-aaf91f0753c3@group-E78063F29D5F-FollowerState
2022-04-27 10:52:16,053 [fc150688-1f76-4ec0-a672-aaf91f0753c3@group-E78063F29D5F-FollowerState] INFO  server.RaftServer$Division (RaftServerImpl.java:setRole(290)) - fc150688-1f76-4ec0-a672-aaf91f0753c3@group-E78063F29D5F: changes role from  FOLLOWER to CANDIDATE at term 2 for changeToCandidate
2022-04-27 10:52:16,053 [fc150688-1f76-4ec0-a672-aaf91f0753c3@group-E78063F29D5F-FollowerState] INFO  server.RaftServerConfigKeys (ConfUtils.java:logGet(44)) - raft.server.leaderelection.pre-vote = false (custom)
2022-04-27 10:52:16,054 [fc150688-1f76-4ec0-a672-aaf91f0753c3@group-E78063F29D5F-FollowerState] INFO  impl.RoleInfo (RoleInfo.java:updateAndGet(130)) - fc150688-1f76-4ec0-a672-aaf91f0753c3: start fc150688-1f76-4ec0-a672-aaf91f0753c3@group-E78063F29D5F-LeaderElection25
2022-04-27 10:52:16,063 [fc150688-1f76-4ec0-a672-aaf91f0753c3@group-E78063F29D5F-LeaderElection25] INFO  impl.LeaderElection (LeaderElection.java:askForVotes(306)) - fc150688-1f76-4ec0-a672-aaf91f0753c3@group-E78063F29D5F-LeaderElection25 ELECTION round 0: submit vote requests at term 3 for -1: [7171416e-d570-4db8-8282-6e036003ab52|rpc:10.1.0.29:35393|dataStream:|priority:0, 5e6908a8-a78b-4a66-9555-b48c04384dc8|rpc:10.1.0.29:40571|dataStream:|priority:0, fc150688-1f76-4ec0-a672-aaf91f0753c3|rpc:10.1.0.29:37101|dataStream:|priority:1], old=null
2022-04-27 10:52:16,066 [grpc-default-executor-0] INFO  server.RaftServer$Division (RaftServerImpl.java:requestVote(1046)) - 7171416e-d570-4db8-8282-6e036003ab52@group-E78063F29D5F: receive requestVote(ELECTION, fc150688-1f76-4ec0-a672-aaf91f0753c3, group-E78063F29D5F, 3, (t:0, i:0))
2022-04-27 10:52:16,066 [grpc-default-executor-0] INFO  impl.VoteContext (VoteContext.java:log(48)) - 7171416e-d570-4db8-8282-6e036003ab52@group-E78063F29D5F-FOLLOWER: accept ELECTION from fc150688-1f76-4ec0-a672-aaf91f0753c3: our priority 0 <= candidate's priority 1
2022-04-27 10:52:16,066 [grpc-default-executor-0] INFO  server.RaftServer$Division (RaftServerImpl.java:setRole(290)) - 7171416e-d570-4db8-8282-6e036003ab52@group-E78063F29D5F: changes role from  FOLLOWER to FOLLOWER at term 3 for candidate:fc150688-1f76-4ec0-a672-aaf91f0753c3
2022-04-27 10:52:16,066 [grpc-default-executor-0] INFO  impl.RoleInfo (RoleInfo.java:shutdownFollowerState(108)) - 7171416e-d570-4db8-8282-6e036003ab52: shutdown 7171416e-d570-4db8-8282-6e036003ab52@group-E78063F29D5F-FollowerState
2022-04-27 10:52:16,067 [grpc-default-executor-0] INFO  impl.RoleInfo (RoleInfo.java:updateAndGet(130)) - 7171416e-d570-4db8-8282-6e036003ab52: start 7171416e-d570-4db8-8282-6e036003ab52@group-E78063F29D5F-FollowerState
2022-04-27 10:52:16,068 [7171416e-d570-4db8-8282-6e036003ab52@group-E78063F29D5F-FollowerState] INFO  impl.FollowerState (FollowerState.java:run(143)) - 7171416e-d570-4db8-8282-6e036003ab52@group-E78063F29D5F-FollowerState was interrupted: {}
java.lang.InterruptedException: sleep interrupted
	at java.lang.Thread.sleep(Native Method)
	at java.lang.Thread.sleep(Thread.java:342)
	at java.util.concurrent.TimeUnit.sleep(TimeUnit.java:386)
	at org.apache.ratis.util.TimeDuration.sleep(TimeDuration.java:324)
	at org.apache.ratis.util.TimeDuration.sleep(TimeDuration.java:309)
	at org.apache.ratis.server.impl.FollowerState.run(FollowerState.java:118)
2022-04-27 10:52:16,070 [grpc-default-executor-2] INFO  server.RaftServer$Division (RaftServerImpl.java:requestVote(1046)) - 5e6908a8-a78b-4a66-9555-b48c04384dc8@group-E78063F29D5F: receive requestVote(ELECTION, fc150688-1f76-4ec0-a672-aaf91f0753c3, group-E78063F29D5F, 3, (t:0, i:0))
2022-04-27 10:52:16,071 [grpc-default-executor-2] INFO  impl.VoteContext (VoteContext.java:log(48)) - 5e6908a8-a78b-4a66-9555-b48c04384dc8@group-E78063F29D5F-FOLLOWER: accept ELECTION from fc150688-1f76-4ec0-a672-aaf91f0753c3: our priority 0 <= candidate's priority 1
2022-04-27 10:52:16,071 [grpc-default-executor-2] INFO  server.RaftServer$Division (RaftServerImpl.java:setRole(290)) - 5e6908a8-a78b-4a66-9555-b48c04384dc8@group-E78063F29D5F: changes role from  FOLLOWER to FOLLOWER at term 3 for candidate:fc150688-1f76-4ec0-a672-aaf91f0753c3
2022-04-27 10:52:16,071 [grpc-default-executor-2] INFO  impl.RoleInfo (RoleInfo.java:shutdownFollowerState(108)) - 5e6908a8-a78b-4a66-9555-b48c04384dc8: shutdown 5e6908a8-a78b-4a66-9555-b48c04384dc8@group-E78063F29D5F-FollowerState
2022-04-27 10:52:16,072 [grpc-default-executor-2] INFO  impl.RoleInfo (RoleInfo.java:updateAndGet(130)) - 5e6908a8-a78b-4a66-9555-b48c04384dc8: start 5e6908a8-a78b-4a66-9555-b48c04384dc8@group-E78063F29D5F-FollowerState
2022-04-27 10:52:16,072 [5e6908a8-a78b-4a66-9555-b48c04384dc8@group-E78063F29D5F-FollowerState] INFO  impl.FollowerState (FollowerState.java:run(143)) - 5e6908a8-a78b-4a66-9555-b48c04384dc8@group-E78063F29D5F-FollowerState was interrupted: {}
java.lang.InterruptedException: sleep interrupted
	at java.lang.Thread.sleep(Native Method)
	at java.lang.Thread.sleep(Thread.java:342)
	at java.util.concurrent.TimeUnit.sleep(TimeUnit.java:386)
	at org.apache.ratis.util.TimeDuration.sleep(TimeDuration.java:324)
	at org.apache.ratis.util.TimeDuration.sleep(TimeDuration.java:309)
	at org.apache.ratis.server.impl.FollowerState.run(FollowerState.java:118)
2022-04-27 10:52:16,075 [grpc-default-executor-0] INFO  server.RaftServer$Division (RaftServerImpl.java:requestVote(1078)) - 7171416e-d570-4db8-8282-6e036003ab52@group-E78063F29D5F replies to ELECTION vote request: fc150688-1f76-4ec0-a672-aaf91f0753c3<-7171416e-d570-4db8-8282-6e036003ab52#0:OK-t3. Peer's state: 7171416e-d570-4db8-8282-6e036003ab52@group-E78063F29D5F:t3, leader=null, voted=fc150688-1f76-4ec0-a672-aaf91f0753c3, raftlog=7171416e-d570-4db8-8282-6e036003ab52@group-E78063F29D5F-SegmentedRaftLog:OPENED:c-1, conf=-1: [7171416e-d570-4db8-8282-6e036003ab52|rpc:10.1.0.29:35393|dataStream:|priority:0, 5e6908a8-a78b-4a66-9555-b48c04384dc8|rpc:10.1.0.29:40571|dataStream:|priority:0, fc150688-1f76-4ec0-a672-aaf91f0753c3|rpc:10.1.0.29:37101|dataStream:|priority:1], old=null
2022-04-27 10:52:16,076 [fc150688-1f76-4ec0-a672-aaf91f0753c3@group-E78063F29D5F-LeaderElection25] INFO  impl.LeaderElection (LeaderElection.java:logAndReturn(89)) - fc150688-1f76-4ec0-a672-aaf91f0753c3@group-E78063F29D5F-LeaderElection25: ELECTION PASSED received 1 response(s) and 0 exception(s):
2022-04-27 10:52:16,076 [fc150688-1f76-4ec0-a672-aaf91f0753c3@group-E78063F29D5F-LeaderElection25] INFO  impl.LeaderElection (LeaderElection.java:logAndReturn(93)) -   Response 0: fc150688-1f76-4ec0-a672-aaf91f0753c3<-7171416e-d570-4db8-8282-6e036003ab52#0:OK-t3
2022-04-27 10:52:16,076 [fc150688-1f76-4ec0-a672-aaf91f0753c3@group-E78063F29D5F-LeaderElection25] INFO  impl.LeaderElection (LeaderElection.java:askForVotes(308)) - fc150688-1f76-4ec0-a672-aaf91f0753c3@group-E78063F29D5F-LeaderElection25 ELECTION round 0: result PASSED
2022-04-27 10:52:16,076 [fc150688-1f76-4ec0-a672-aaf91f0753c3@group-E78063F29D5F-LeaderElection25] INFO  impl.RoleInfo (RoleInfo.java:shutdownLeaderElection(121)) - fc150688-1f76-4ec0-a672-aaf91f0753c3: shutdown fc150688-1f76-4ec0-a672-aaf91f0753c3@group-E78063F29D5F-LeaderElection25
2022-04-27 10:52:16,076 [fc150688-1f76-4ec0-a672-aaf91f0753c3@group-E78063F29D5F-LeaderElection25] INFO  server.RaftServer$Division (RaftServerImpl.java:setRole(290)) - fc150688-1f76-4ec0-a672-aaf91f0753c3@group-E78063F29D5F: changes role from CANDIDATE to LEADER at term 3 for changeToLeader
2022-04-27 10:52:16,076 [fc150688-1f76-4ec0-a672-aaf91f0753c3@group-E78063F29D5F-LeaderElection25] INFO  ratis.XceiverServerRatis (XceiverServerRatis.java:handleLeaderChangedNotification(863)) - Leader change notification received for group: group-E78063F29D5F with new leaderId: fc150688-1f76-4ec0-a672-aaf91f0753c3
2022-04-27 10:52:16,076 [fc150688-1f76-4ec0-a672-aaf91f0753c3@group-E78063F29D5F-LeaderElection25] INFO  server.RaftServer$Division (ServerState.java:setLeader(285)) - fc150688-1f76-4ec0-a672-aaf91f0753c3@group-E78063F29D5F: change Leader from null to fc150688-1f76-4ec0-a672-aaf91f0753c3 at term 3 for becomeLeader, leader elected after 15701ms
2022-04-27 10:52:16,076 [fc150688-1f76-4ec0-a672-aaf91f0753c3@group-E78063F29D5F-LeaderElection25] INFO  server.RaftServerConfigKeys (ConfUtils.java:logGet(44)) - raft.server.staging.catchup.gap = 1000 (default)
2022-04-27 10:52:16,077 [fc150688-1f76-4ec0-a672-aaf91f0753c3@group-E78063F29D5F-LeaderElection25] INFO  server.RaftServerConfigKeys (ConfUtils.java:logGet(44)) - raft.server.write.element-limit = 1024 (custom)
2022-04-27 10:52:16,077 [fc150688-1f76-4ec0-a672-aaf91f0753c3@group-E78063F29D5F-LeaderElection25] INFO  server.RaftServerConfigKeys (ConfUtils.java:logGet(44)) - raft.server.write.byte-limit = 1024 M (=1073741824) (custom)
2022-04-27 10:52:16,077 [fc150688-1f76-4ec0-a672-aaf91f0753c3@group-E78063F29D5F-LeaderElection25] INFO  server.RaftServerConfigKeys (ConfUtils.java:logGet(44)) - raft.server.watch.timeout = 10000ms (default)
2022-04-27 10:52:16,077 [fc150688-1f76-4ec0-a672-aaf91f0753c3@group-E78063F29D5F-LeaderElection25] INFO  server.RaftServerConfigKeys (ConfUtils.java:logGet(44)) - raft.server.watch.timeout.denomination = 1s (default)
2022-04-27 10:52:16,077 [fc150688-1f76-4ec0-a672-aaf91f0753c3@group-E78063F29D5F-LeaderElection25] INFO  server.RaftServerConfigKeys (ConfUtils.java:logGet(44)) - raft.server.watch.element-limit = 65536 (default)
2022-04-27 10:52:16,077 [fc150688-1f76-4ec0-a672-aaf91f0753c3@group-E78063F29D5F-LeaderElection25] INFO  server.RaftServerConfigKeys (ConfUtils.java:logGet(44)) - raft.server.write.element-limit = 1024 (custom)
2022-04-27 10:52:16,077 [fc150688-1f76-4ec0-a672-aaf91f0753c3@group-E78063F29D5F-LeaderElection25] INFO  server.RaftServerConfigKeys (ConfUtils.java:logGet(44)) - raft.server.write.follower.gap.ratio.max = -1.0 (default)
2022-04-27 10:52:16,077 [fc150688-1f76-4ec0-a672-aaf91f0753c3@group-E78063F29D5F-LeaderElection25] INFO  server.RaftServerConfigKeys (ConfUtils.java:logGet(44)) - raft.server.log.appender.snapshot.chunk.size.max = 16MB (=16777216) (default)
2022-04-27 10:52:16,078 [fc150688-1f76-4ec0-a672-aaf91f0753c3@group-E78063F29D5F-LeaderElection25] INFO  server.RaftServerConfigKeys (ConfUtils.java:logGet(44)) - raft.server.log.appender.buffer.byte-limit = 33554432 (custom)
2022-04-27 10:52:16,078 [fc150688-1f76-4ec0-a672-aaf91f0753c3@group-E78063F29D5F-LeaderElection25] INFO  server.RaftServerConfigKeys (ConfUtils.java:logGet(44)) - raft.server.log.appender.buffer.element-limit = 1 (custom)
2022-04-27 10:52:16,078 [fc150688-1f76-4ec0-a672-aaf91f0753c3@group-E78063F29D5F-LeaderElection25] INFO  grpc.GrpcConfigKeys (ConfUtils.java:logGet(44)) - raft.grpc.server.leader.outstanding.appends.max = 128 (default)
2022-04-27 10:52:16,078 [fc150688-1f76-4ec0-a672-aaf91f0753c3@group-E78063F29D5F-LeaderElection25] INFO  server.RaftServerConfigKeys (ConfUtils.java:logGet(44)) - raft.server.rpc.request.timeout = 3000ms (default)
2022-04-27 10:52:16,078 [fc150688-1f76-4ec0-a672-aaf91f0753c3@group-E78063F29D5F-LeaderElection25] INFO  server.RaftServerConfigKeys (ConfUtils.java:logGet(44)) - raft.server.log.appender.install.snapshot.enabled = false (custom)
2022-04-27 10:52:16,079 [grpc-default-executor-2] INFO  server.RaftServer$Division (RaftServerImpl.java:requestVote(1078)) - 5e6908a8-a78b-4a66-9555-b48c04384dc8@group-E78063F29D5F replies to ELECTION vote request: fc150688-1f76-4ec0-a672-aaf91f0753c3<-5e6908a8-a78b-4a66-9555-b48c04384dc8#0:OK-t3. Peer's state: 5e6908a8-a78b-4a66-9555-b48c04384dc8@group-E78063F29D5F:t3, leader=null, voted=fc150688-1f76-4ec0-a672-aaf91f0753c3, raftlog=5e6908a8-a78b-4a66-9555-b48c04384dc8@group-E78063F29D5F-SegmentedRaftLog:OPENED:c-1, conf=-1: [7171416e-d570-4db8-8282-6e036003ab52|rpc:10.1.0.29:35393|priority:0, 5e6908a8-a78b-4a66-9555-b48c04384dc8|rpc:10.1.0.29:40571|priority:0, fc150688-1f76-4ec0-a672-aaf91f0753c3|rpc:10.1.0.29:37101|priority:1], old=null
2022-04-27 10:52:16,080 [fc150688-1f76-4ec0-a672-aaf91f0753c3@group-E78063F29D5F-LeaderElection25] INFO  server.RaftServerConfigKeys (ConfUtils.java:logGet(44)) - raft.server.log.appender.snapshot.chunk.size.max = 16MB (=16777216) (default)
2022-04-27 10:52:16,080 [fc150688-1f76-4ec0-a672-aaf91f0753c3@group-E78063F29D5F-LeaderElection25] INFO  server.RaftServerConfigKeys (ConfUtils.java:logGet(44)) - raft.server.log.appender.buffer.byte-limit = 33554432 (custom)
2022-04-27 10:52:16,080 [EventQueue-PipelineReportForPipelineReportHandler] INFO  pipeline.PipelineManagerImpl (PipelineManagerImpl.java:openPipeline(328)) - Pipeline Pipeline[ Id: d2638837-f985-4e21-8ffd-e78063f29d5f, Nodes: fc150688-1f76-4ec0-a672-aaf91f0753c3{ip: 10.1.0.29, host: fv-az270-423.tacnzluakwdehk1hpragurqkma.bx.internal.cloudapp.net, ports: [REPLICATION=37147, RATIS=37101, RATIS_ADMIN=37101, RATIS_SERVER=37101, STANDALONE=34823], networkLocation: /default-rack, certSerialId: null, persistedOpState: IN_SERVICE, persistedOpStateExpiryEpochSec: 0}7171416e-d570-4db8-8282-6e036003ab52{ip: 10.1.0.29, host: fv-az270-423.tacnzluakwdehk1hpragurqkma.bx.internal.cloudapp.net, ports: [REPLICATION=32879, RATIS=35393, RATIS_ADMIN=35393, RATIS_SERVER=35393, STANDALONE=34561], networkLocation: /default-rack, certSerialId: null, persistedOpState: IN_SERVICE, persistedOpStateExpiryEpochSec: 0}5e6908a8-a78b-4a66-9555-b48c04384dc8{ip: 10.1.0.29, host: fv-az270-423.tacnzluakwdehk1hpragurqkma.bx.internal.cloudapp.net, ports: [REPLICATION=43783, RATIS=40571, RATIS_ADMIN=40571, RATIS_SERVER=40571, STANDALONE=44169], networkLocation: /default-rack, certSerialId: null, persistedOpState: IN_SERVICE, persistedOpStateExpiryEpochSec: 0}, ReplicationConfig: RATIS/THREE, State:ALLOCATED, leaderId:fc150688-1f76-4ec0-a672-aaf91f0753c3, CreationTimestamp2022-04-27T10:51:58.057Z[Etc/UTC]] moved to OPEN state
2022-04-27 10:52:16,080 [fc150688-1f76-4ec0-a672-aaf91f0753c3@group-E78063F29D5F-LeaderElection25] INFO  server.RaftServerConfigKeys (ConfUtils.java:logGet(44)) - raft.server.log.appender.buffer.element-limit = 1 (custom)
2022-04-27 10:52:16,082 [fc150688-1f76-4ec0-a672-aaf91f0753c3@group-E78063F29D5F-LeaderElection25] INFO  grpc.GrpcConfigKeys (ConfUtils.java:logGet(44)) - raft.grpc.server.leader.outstanding.appends.max = 128 (default)
2022-04-27 10:52:16,082 [fc150688-1f76-4ec0-a672-aaf91f0753c3@group-E78063F29D5F-LeaderElection25] INFO  server.RaftServerConfigKeys (ConfUtils.java:logGet(44)) - raft.server.rpc.request.timeout = 3000ms (default)
2022-04-27 10:52:16,082 [fc150688-1f76-4ec0-a672-aaf91f0753c3@group-E78063F29D5F-LeaderElection25] INFO  server.RaftServerConfigKeys (ConfUtils.java:logGet(44)) - raft.server.log.appender.install.snapshot.enabled = false (custom)
2022-04-27 10:52:16,083 [fc150688-1f76-4ec0-a672-aaf91f0753c3@group-E78063F29D5F-LeaderElection25] INFO  impl.RoleInfo (RoleInfo.java:updateAndGet(130)) - fc150688-1f76-4ec0-a672-aaf91f0753c3: start fc150688-1f76-4ec0-a672-aaf91f0753c3@group-E78063F29D5F-LeaderStateImpl
2022-04-27 10:52:16,083 [fc150688-1f76-4ec0-a672-aaf91f0753c3@group-E78063F29D5F-LeaderElection25] INFO  segmented.SegmentedRaftLogWorker (SegmentedRaftLogWorker.java:startLogSegment(394)) - fc150688-1f76-4ec0-a672-aaf91f0753c3@group-E78063F29D5F-SegmentedRaftLogWorker: Starting segment from index:0
2022-04-27 10:52:16,085 [fc150688-1f76-4ec0-a672-aaf91f0753c3@group-E78063F29D5F-SegmentedRaftLogWorker] INFO  segmented.SegmentedRaftLogWorker (SegmentedRaftLogWorker.java:execute(601)) - fc150688-1f76-4ec0-a672-aaf91f0753c3@group-E78063F29D5F-SegmentedRaftLogWorker: created new log segment /home/runner/work/ozone/ozone/hadoop-ozone/integration-test/target/test-dir/MiniOzoneClusterImpl-6fb830c9-5413-49cc-a625-6cf41c4e5c97/datanode-8/data/ratis/d2638837-f985-4e21-8ffd-e78063f29d5f/current/log_inprogress_0
2022-04-27 10:52:16,086 [grpc-default-executor-0] INFO  ratis.XceiverServerRatis (XceiverServerRatis.java:handleLeaderChangedNotification(863)) - Leader change notification received for group: group-E78063F29D5F with new leaderId: fc150688-1f76-4ec0-a672-aaf91f0753c3
2022-04-27 10:52:16,087 [grpc-default-executor-0] INFO  server.RaftServer$Division (ServerState.java:setLeader(285)) - 5e6908a8-a78b-4a66-9555-b48c04384dc8@group-E78063F29D5F: change Leader from null to fc150688-1f76-4ec0-a672-aaf91f0753c3 at term 3 for appendEntries, leader elected after 15743ms
2022-04-27 10:52:16,088 [fc150688-1f76-4ec0-a672-aaf91f0753c3@group-E78063F29D5F-LeaderElection25] INFO  server.RaftServer$Division (ServerState.java:setRaftConf(387)) - fc150688-1f76-4ec0-a672-aaf91f0753c3@group-E78063F29D5F: set configuration 0: [7171416e-d570-4db8-8282-6e036003ab52|rpc:10.1.0.29:35393|dataStream:|priority:0, 5e6908a8-a78b-4a66-9555-b48c04384dc8|rpc:10.1.0.29:40571|dataStream:|priority:0, fc150688-1f76-4ec0-a672-aaf91f0753c3|rpc:10.1.0.29:37101|dataStream:|priority:1], old=null
2022-04-27 10:52:16,096 [grpc-default-executor-1] INFO  ratis.XceiverServerRatis (XceiverServerRatis.java:handleLeaderChangedNotification(863)) - Leader change notification received for group: group-E78063F29D5F with new leaderId: fc150688-1f76-4ec0-a672-aaf91f0753c3
2022-04-27 10:52:16,097 [grpc-default-executor-1] INFO  server.RaftServer$Division (ServerState.java:setLeader(285)) - 7171416e-d570-4db8-8282-6e036003ab52@group-E78063F29D5F: change Leader from null to fc150688-1f76-4ec0-a672-aaf91f0753c3 at term 3 for appendEntries, leader elected after 15683ms
2022-04-27 10:52:16,097 [grpc-default-executor-0] INFO  server.RaftServer$Division (ServerState.java:setRaftConf(387)) - 5e6908a8-a78b-4a66-9555-b48c04384dc8@group-E78063F29D5F: set configuration 0: [7171416e-d570-4db8-8282-6e036003ab52|rpc:10.1.0.29:35393|dataStream:|priority:0, 5e6908a8-a78b-4a66-9555-b48c04384dc8|rpc:10.1.0.29:40571|dataStream:|priority:0, fc150688-1f76-4ec0-a672-aaf91f0753c3|rpc:10.1.0.29:37101|dataStream:|priority:1], old=null
2022-04-27 10:52:16,097 [fc150688-1f76-4ec0-a672-aaf91f0753c3@group-E78063F29D5F-StateMachineUpdater] INFO  ratis.ContainerStateMachine (ContainerStateMachine.java:takeSnapshot(304)) - group-E78063F29D5F: Taking a snapshot at:(t:3, i:0) file /home/runner/work/ozone/ozone/hadoop-ozone/integration-test/target/test-dir/MiniOzoneClusterImpl-6fb830c9-5413-49cc-a625-6cf41c4e5c97/datanode-8/data/ratis/d2638837-f985-4e21-8ffd-e78063f29d5f/sm/snapshot.3_0
2022-04-27 10:52:16,098 [grpc-default-executor-0] INFO  segmented.SegmentedRaftLogWorker (SegmentedRaftLogWorker.java:startLogSegment(394)) - 5e6908a8-a78b-4a66-9555-b48c04384dc8@group-E78063F29D5F-SegmentedRaftLogWorker: Starting segment from index:0
2022-04-27 10:52:16,098 [fc150688-1f76-4ec0-a672-aaf91f0753c3@group-E78063F29D5F-StateMachineUpdater] INFO  ratis.ContainerStateMachine (ContainerStateMachine.java:takeSnapshot(315)) - group-E78063F29D5F: Finished taking a snapshot at:(t:3, i:0) file:/home/runner/work/ozone/ozone/hadoop-ozone/integration-test/target/test-dir/MiniOzoneClusterImpl-6fb830c9-5413-49cc-a625-6cf41c4e5c97/datanode-8/data/ratis/d2638837-f985-4e21-8ffd-e78063f29d5f/sm/snapshot.3_0 took: 1 ms
2022-04-27 10:52:16,098 [fc150688-1f76-4ec0-a672-aaf91f0753c3@group-E78063F29D5F-StateMachineUpdater] INFO  impl.StateMachineUpdater (StateMachineUpdater.java:takeSnapshot(281)) - fc150688-1f76-4ec0-a672-aaf91f0753c3@group-E78063F29D5F-StateMachineUpdater: Took a snapshot at index 0
2022-04-27 10:52:16,098 [fc150688-1f76-4ec0-a672-aaf91f0753c3@group-E78063F29D5F-StateMachineUpdater] INFO  impl.StateMachineUpdater (StateMachineUpdater.java:lambda$new$0(89)) - fc150688-1f76-4ec0-a672-aaf91f0753c3@group-E78063F29D5F-StateMachineUpdater: snapshotIndex: updateIncreasingly -1 -> 0
2022-04-27 10:52:16,100 [grpc-default-executor-1] INFO  server.RaftServer$Division (ServerState.java:setRaftConf(387)) - 7171416e-d570-4db8-8282-6e036003ab52@group-E78063F29D5F: set configuration 0: [7171416e-d570-4db8-8282-6e036003ab52|rpc:10.1.0.29:35393|dataStream:|priority:0, 5e6908a8-a78b-4a66-9555-b48c04384dc8|rpc:10.1.0.29:40571|dataStream:|priority:0, fc150688-1f76-4ec0-a672-aaf91f0753c3|rpc:10.1.0.29:37101|dataStream:|priority:1], old=null
2022-04-27 10:52:16,100 [grpc-default-executor-1] INFO  segmented.SegmentedRaftLogWorker (SegmentedRaftLogWorker.java:startLogSegment(394)) - 7171416e-d570-4db8-8282-6e036003ab52@group-E78063F29D5F-SegmentedRaftLogWorker: Starting segment from index:0
2022-04-27 10:52:16,101 [5e6908a8-a78b-4a66-9555-b48c04384dc8@group-E78063F29D5F-SegmentedRaftLogWorker] INFO  segmented.SegmentedRaftLogWorker (SegmentedRaftLogWorker.java:execute(601)) - 5e6908a8-a78b-4a66-9555-b48c04384dc8@group-E78063F29D5F-SegmentedRaftLogWorker: created new log segment /home/runner/work/ozone/ozone/hadoop-ozone/integration-test/target/test-dir/MiniOzoneClusterImpl-6fb830c9-5413-49cc-a625-6cf41c4e5c97/datanode-6/data/ratis/d2638837-f985-4e21-8ffd-e78063f29d5f/current/log_inprogress_0
2022-04-27 10:52:16,105 [EventQueue-PipelineReportForPipelineReportHandler] INFO  pipeline.PipelineReportHandler (PipelineReportHandler.java:processPipelineReport(113)) - Reported pipeline PipelineID=cf80c735-cb93-438b-a05e-dff27b2a1031 is not found
2022-04-27 10:52:16,106 [5e6908a8-a78b-4a66-9555-b48c04384dc8@group-E78063F29D5F-StateMachineUpdater] INFO  ratis.ContainerStateMachine (ContainerStateMachine.java:takeSnapshot(304)) - group-E78063F29D5F: Taking a snapshot at:(t:3, i:0) file /home/runner/work/ozone/ozone/hadoop-ozone/integration-test/target/test-dir/MiniOzoneClusterImpl-6fb830c9-5413-49cc-a625-6cf41c4e5c97/datanode-6/data/ratis/d2638837-f985-4e21-8ffd-e78063f29d5f/sm/snapshot.3_0
2022-04-27 10:52:16,106 [5e6908a8-a78b-4a66-9555-b48c04384dc8@group-E78063F29D5F-StateMachineUpdater] INFO  ratis.ContainerStateMachine (ContainerStateMachine.java:takeSnapshot(315)) - group-E78063F29D5F: Finished taking a snapshot at:(t:3, i:0) file:/home/runner/work/ozone/ozone/hadoop-ozone/integration-test/target/test-dir/MiniOzoneClusterImpl-6fb830c9-5413-49cc-a625-6cf41c4e5c97/datanode-6/data/ratis/d2638837-f985-4e21-8ffd-e78063f29d5f/sm/snapshot.3_0 took: 0 ms
2022-04-27 10:52:16,107 [5e6908a8-a78b-4a66-9555-b48c04384dc8@group-E78063F29D5F-StateMachineUpdater] INFO  impl.StateMachineUpdater (StateMachineUpdater.java:takeSnapshot(281)) - 5e6908a8-a78b-4a66-9555-b48c04384dc8@group-E78063F29D5F-StateMachineUpdater: Took a snapshot at index 0
2022-04-27 10:52:16,107 [5e6908a8-a78b-4a66-9555-b48c04384dc8@group-E78063F29D5F-StateMachineUpdater] INFO  impl.StateMachineUpdater (StateMachineUpdater.java:lambda$new$0(89)) - 5e6908a8-a78b-4a66-9555-b48c04384dc8@group-E78063F29D5F-StateMachineUpdater: snapshotIndex: updateIncreasingly -1 -> 0
2022-04-27 10:52:16,116 [7171416e-d570-4db8-8282-6e036003ab52@group-E78063F29D5F-SegmentedRaftLogWorker] INFO  segmented.SegmentedRaftLogWorker (SegmentedRaftLogWorker.java:execute(601)) - 7171416e-d570-4db8-8282-6e036003ab52@group-E78063F29D5F-SegmentedRaftLogWorker: created new log segment /home/runner/work/ozone/ozone/hadoop-ozone/integration-test/target/test-dir/MiniOzoneClusterImpl-6fb830c9-5413-49cc-a625-6cf41c4e5c97/datanode-7/data/ratis/d2638837-f985-4e21-8ffd-e78063f29d5f/current/log_inprogress_0
2022-04-27 10:52:16,295 [EventQueue-PipelineReportForPipelineReportHandler] INFO  pipeline.PipelineReportHandler (PipelineReportHandler.java:processPipelineReport(113)) - Reported pipeline PipelineID=cf80c735-cb93-438b-a05e-dff27b2a1031 is not found
2022-04-27 10:52:16,306 [EventQueue-PipelineReportForPipelineReportHandler] INFO  pipeline.PipelineReportHandler (PipelineReportHandler.java:processPipelineReport(113)) - Reported pipeline PipelineID=cf80c735-cb93-438b-a05e-dff27b2a1031 is not found
2022-04-27 10:52:16,353 [EventQueue-PipelineReportForPipelineReportHandler] INFO  pipeline.PipelineReportHandler (PipelineReportHandler.java:processPipelineReport(113)) - Reported pipeline PipelineID=cf80c735-cb93-438b-a05e-dff27b2a1031 is not found
2022-04-27 10:52:16,495 [EventQueue-PipelineReportForPipelineReportHandler] INFO  pipeline.PipelineReportHandler (PipelineReportHandler.java:processPipelineReport(113)) - Reported pipeline PipelineID=cf80c735-cb93-438b-a05e-dff27b2a1031 is not found
2022-04-27 10:52:16,695 [EventQueue-PipelineReportForPipelineReportHandler] INFO  pipeline.PipelineReportHandler (PipelineReportHandler.java:processPipelineReport(113)) - Reported pipeline PipelineID=cf80c735-cb93-438b-a05e-dff27b2a1031 is not found
2022-04-27 10:52:16,705 [EventQueue-PipelineReportForPipelineReportHandler] INFO  pipeline.PipelineReportHandler (PipelineReportHandler.java:processPipelineReport(113)) - Reported pipeline PipelineID=cf80c735-cb93-438b-a05e-dff27b2a1031 is not found
2022-04-27 10:52:16,753 [EventQueue-PipelineReportForPipelineReportHandler] INFO  pipeline.PipelineReportHandler (PipelineReportHandler.java:processPipelineReport(113)) - Reported pipeline PipelineID=cf80c735-cb93-438b-a05e-dff27b2a1031 is not found
2022-04-27 10:52:16,953 [EventQueue-PipelineReportForPipelineReportHandler] INFO  pipeline.PipelineReportHandler (PipelineReportHandler.java:processPipelineReport(113)) - Reported pipeline PipelineID=cf80c735-cb93-438b-a05e-dff27b2a1031 is not found
2022-04-27 10:52:17,095 [EventQueue-PipelineReportForPipelineReportHandler] INFO  pipeline.PipelineReportHandler (PipelineReportHandler.java:processPipelineReport(113)) - Reported pipeline PipelineID=cf80c735-cb93-438b-a05e-dff27b2a1031 is not found
2022-04-27 10:52:17,105 [EventQueue-PipelineReportForPipelineReportHandler] INFO  pipeline.PipelineReportHandler (PipelineReportHandler.java:processPipelineReport(113)) - Reported pipeline PipelineID=cf80c735-cb93-438b-a05e-dff27b2a1031 is not found
2022-04-27 10:52:17,296 [EventQueue-PipelineReportForPipelineReportHandler] INFO  pipeline.PipelineReportHandler (PipelineReportHandler.java:processPipelineReport(113)) - Reported pipeline PipelineID=cf80c735-cb93-438b-a05e-dff27b2a1031 is not found
2022-04-27 10:52:17,305 [EventQueue-PipelineReportForPipelineReportHandler] INFO  pipeline.PipelineReportHandler (PipelineReportHandler.java:processPipelineReport(113)) - Reported pipeline PipelineID=cf80c735-cb93-438b-a05e-dff27b2a1031 is not found
2022-04-27 10:52:17,353 [EventQueue-PipelineReportForPipelineReportHandler] INFO  pipeline.PipelineReportHandler (PipelineReportHandler.java:processPipelineReport(113)) - Reported pipeline PipelineID=cf80c735-cb93-438b-a05e-dff27b2a1031 is not found
2022-04-27 10:52:17,496 [EventQueue-PipelineReportForPipelineReportHandler] INFO  pipeline.PipelineReportHandler (PipelineReportHandler.java:processPipelineReport(113)) - Reported pipeline PipelineID=cf80c735-cb93-438b-a05e-dff27b2a1031 is not found
2022-04-27 10:52:17,505 [EventQueue-PipelineReportForPipelineReportHandler] INFO  pipeline.PipelineReportHandler (PipelineReportHandler.java:processPipelineReport(113)) - Reported pipeline PipelineID=cf80c735-cb93-438b-a05e-dff27b2a1031 is not found
2022-04-27 10:52:17,553 [EventQueue-PipelineReportForPipelineReportHandler] INFO  pipeline.PipelineReportHandler (PipelineReportHandler.java:processPipelineReport(113)) - Reported pipeline PipelineID=cf80c735-cb93-438b-a05e-dff27b2a1031 is not found
2022-04-27 10:52:17,705 [EventQueue-PipelineReportForPipelineReportHandler] INFO  pipeline.PipelineReportHandler (PipelineReportHandler.java:processPipelineReport(113)) - Reported pipeline PipelineID=cf80c735-cb93-438b-a05e-dff27b2a1031 is not found
2022-04-27 10:52:17,896 [EventQueue-PipelineReportForPipelineReportHandler] INFO  pipeline.PipelineReportHandler (PipelineReportHandler.java:processPipelineReport(113)) - Reported pipeline PipelineID=cf80c735-cb93-438b-a05e-dff27b2a1031 is not found
2022-04-27 10:52:17,954 [EventQueue-PipelineReportForPipelineReportHandler] INFO  pipeline.PipelineReportHandler (PipelineReportHandler.java:processPipelineReport(113)) - Reported pipeline PipelineID=cf80c735-cb93-438b-a05e-dff27b2a1031 is not found
2022-04-27 10:52:18,096 [EventQueue-PipelineReportForPipelineReportHandler] INFO  pipeline.PipelineReportHandler (PipelineReportHandler.java:processPipelineReport(113)) - Reported pipeline PipelineID=cf80c735-cb93-438b-a05e-dff27b2a1031 is not found
2022-04-27 10:52:18,105 [EventQueue-PipelineReportForPipelineReportHandler] INFO  pipeline.PipelineReportHandler (PipelineReportHandler.java:processPipelineReport(113)) - Reported pipeline PipelineID=cf80c735-cb93-438b-a05e-dff27b2a1031 is not found
2022-04-27 10:52:18,305 [EventQueue-PipelineReportForPipelineReportHandler] INFO  pipeline.PipelineReportHandler (PipelineReportHandler.java:processPipelineReport(113)) - Reported pipeline PipelineID=cf80c735-cb93-438b-a05e-dff27b2a1031 is not found
2022-04-27 10:52:18,353 [EventQueue-PipelineReportForPipelineReportHandler] INFO  pipeline.PipelineReportHandler (PipelineReportHandler.java:processPipelineReport(113)) - Reported pipeline PipelineID=cf80c735-cb93-438b-a05e-dff27b2a1031 is not found
2022-04-27 10:52:18,496 [EventQueue-PipelineReportForPipelineReportHandler] INFO  pipeline.PipelineReportHandler (PipelineReportHandler.java:processPipelineReport(113)) - Reported pipeline PipelineID=cf80c735-cb93-438b-a05e-dff27b2a1031 is not found
2022-04-27 10:52:18,554 [EventQueue-PipelineReportForPipelineReportHandler] INFO  pipeline.PipelineReportHandler (PipelineReportHandler.java:processPipelineReport(113)) - Reported pipeline PipelineID=cf80c735-cb93-438b-a05e-dff27b2a1031 is not found
2022-04-27 10:52:18,622 [7171416e-d570-4db8-8282-6e036003ab52@group-E78063F29D5F-StateMachineUpdater] INFO  ratis.ContainerStateMachine (ContainerStateMachine.java:takeSnapshot(304)) - group-E78063F29D5F: Taking a snapshot at:(t:3, i:0) file /home/runner/work/ozone/ozone/hadoop-ozone/integration-test/target/test-dir/MiniOzoneClusterImpl-6fb830c9-5413-49cc-a625-6cf41c4e5c97/datanode-7/data/ratis/d2638837-f985-4e21-8ffd-e78063f29d5f/sm/snapshot.3_0
2022-04-27 10:52:18,624 [7171416e-d570-4db8-8282-6e036003ab52@group-E78063F29D5F-StateMachineUpdater] INFO  ratis.ContainerStateMachine (ContainerStateMachine.java:takeSnapshot(315)) - group-E78063F29D5F: Finished taking a snapshot at:(t:3, i:0) file:/home/runner/work/ozone/ozone/hadoop-ozone/integration-test/target/test-dir/MiniOzoneClusterImpl-6fb830c9-5413-49cc-a625-6cf41c4e5c97/datanode-7/data/ratis/d2638837-f985-4e21-8ffd-e78063f29d5f/sm/snapshot.3_0 took: 2 ms
2022-04-27 10:52:18,624 [7171416e-d570-4db8-8282-6e036003ab52@group-E78063F29D5F-StateMachineUpdater] INFO  impl.StateMachineUpdater (StateMachineUpdater.java:takeSnapshot(281)) - 7171416e-d570-4db8-8282-6e036003ab52@group-E78063F29D5F-StateMachineUpdater: Took a snapshot at index 0
2022-04-27 10:52:18,624 [7171416e-d570-4db8-8282-6e036003ab52@group-E78063F29D5F-StateMachineUpdater] INFO  impl.StateMachineUpdater (StateMachineUpdater.java:lambda$new$0(89)) - 7171416e-d570-4db8-8282-6e036003ab52@group-E78063F29D5F-StateMachineUpdater: snapshotIndex: updateIncreasingly -1 -> 0
2022-04-27 10:52:18,705 [EventQueue-PipelineReportForPipelineReportHandler] INFO  pipeline.PipelineReportHandler (PipelineReportHandler.java:processPipelineReport(113)) - Reported pipeline PipelineID=cf80c735-cb93-438b-a05e-dff27b2a1031 is not found
2022-04-27 10:52:18,754 [EventQueue-PipelineReportForPipelineReportHandler] INFO  pipeline.PipelineReportHandler (PipelineReportHandler.java:processPipelineReport(113)) - Reported pipeline PipelineID=cf80c735-cb93-438b-a05e-dff27b2a1031 is not found
2022-04-27 10:52:18,896 [EventQueue-PipelineReportForPipelineReportHandler] INFO  pipeline.PipelineReportHandler (PipelineReportHandler.java:processPipelineReport(113)) - Reported pipeline PipelineID=cf80c735-cb93-438b-a05e-dff27b2a1031 is not found
2022-04-27 10:52:18,905 [EventQueue-PipelineReportForPipelineReportHandler] INFO  pipeline.PipelineReportHandler (PipelineReportHandler.java:processPipelineReport(113)) - Reported pipeline PipelineID=cf80c735-cb93-438b-a05e-dff27b2a1031 is not found
2022-04-27 10:52:19,096 [EventQueue-PipelineReportForPipelineReportHandler] INFO  pipeline.PipelineReportHandler (PipelineReportHandler.java:processPipelineReport(113)) - Reported pipeline PipelineID=cf80c735-cb93-438b-a05e-dff27b2a1031 is not found
2022-04-27 10:52:19,104 [EventQueue-PipelineReportForPipelineReportHandler] INFO  pipeline.PipelineReportHandler (PipelineReportHandler.java:processPipelineReport(113)) - Reported pipeline PipelineID=cf80c735-cb93-438b-a05e-dff27b2a1031 is not found
2022-04-27 10:52:19,154 [EventQueue-PipelineReportForPipelineReportHandler] INFO  pipeline.PipelineReportHandler (PipelineReportHandler.java:processPipelineReport(113)) - Reported pipeline PipelineID=cf80c735-cb93-438b-a05e-dff27b2a1031 is not found
2022-04-27 10:52:19,296 [EventQueue-PipelineReportForPipelineReportHandler] INFO  pipeline.PipelineReportHandler (PipelineReportHandler.java:processPipelineReport(113)) - Reported pipeline PipelineID=cf80c735-cb93-438b-a05e-dff27b2a1031 is not found
2022-04-27 10:52:19,353 [EventQueue-PipelineReportForPipelineReportHandler] INFO  pipeline.PipelineReportHandler (PipelineReportHandler.java:processPipelineReport(113)) - Reported pipeline PipelineID=cf80c735-cb93-438b-a05e-dff27b2a1031 is not found
2022-04-27 10:52:19,495 [EventQueue-PipelineReportForPipelineReportHandler] INFO  pipeline.PipelineReportHandler (PipelineReportHandler.java:processPipelineReport(113)) - Reported pipeline PipelineID=cf80c735-cb93-438b-a05e-dff27b2a1031 is not found
2022-04-27 10:52:19,505 [EventQueue-PipelineReportForPipelineReportHandler] INFO  pipeline.PipelineReportHandler (PipelineReportHandler.java:processPipelineReport(113)) - Reported pipeline PipelineID=cf80c735-cb93-438b-a05e-dff27b2a1031 is not found
2022-04-27 10:52:19,551 [0a06a8c4-9179-4a2e-838b-55c09a430176@group-A1352ADA7BC1-FollowerState] INFO  impl.FollowerState (FollowerState.java:run(134)) - 0a06a8c4-9179-4a2e-838b-55c09a430176@group-A1352ADA7BC1-FollowerState: change to CANDIDATE, lastRpcElapsedTime:5072362431ns, electionTimeout:5068ms
2022-04-27 10:52:19,551 [6f2ed759-dfb9-4419-9191-8597321ac421@group-A1352ADA7BC1-FollowerState] INFO  impl.FollowerState (FollowerState.java:run(134)) - 6f2ed759-dfb9-4419-9191-8597321ac421@group-A1352ADA7BC1-FollowerState: change to CANDIDATE, lastRpcElapsedTime:5068280796ns, electionTimeout:5065ms
2022-04-27 10:52:19,551 [0a06a8c4-9179-4a2e-838b-55c09a430176@group-A1352ADA7BC1-FollowerState] INFO  impl.RoleInfo (RoleInfo.java:shutdownFollowerState(108)) - 0a06a8c4-9179-4a2e-838b-55c09a430176: shutdown 0a06a8c4-9179-4a2e-838b-55c09a430176@group-A1352ADA7BC1-FollowerState
2022-04-27 10:52:19,551 [6f2ed759-dfb9-4419-9191-8597321ac421@group-A1352ADA7BC1-FollowerState] INFO  impl.RoleInfo (RoleInfo.java:shutdownFollowerState(108)) - 6f2ed759-dfb9-4419-9191-8597321ac421: shutdown 6f2ed759-dfb9-4419-9191-8597321ac421@group-A1352ADA7BC1-FollowerState
2022-04-27 10:52:19,551 [0a06a8c4-9179-4a2e-838b-55c09a430176@group-A1352ADA7BC1-FollowerState] INFO  server.RaftServer$Division (RaftServerImpl.java:setRole(290)) - 0a06a8c4-9179-4a2e-838b-55c09a430176@group-A1352ADA7BC1: changes role from  FOLLOWER to CANDIDATE at term 3 for changeToCandidate
2022-04-27 10:52:19,551 [6f2ed759-dfb9-4419-9191-8597321ac421@group-A1352ADA7BC1-FollowerState] INFO  server.RaftServer$Division (RaftServerImpl.java:setRole(290)) - 6f2ed759-dfb9-4419-9191-8597321ac421@group-A1352ADA7BC1: changes role from  FOLLOWER to CANDIDATE at term 3 for changeToCandidate
2022-04-27 10:52:19,551 [0a06a8c4-9179-4a2e-838b-55c09a430176@group-A1352ADA7BC1-FollowerState] INFO  server.RaftServerConfigKeys (ConfUtils.java:logGet(44)) - raft.server.leaderelection.pre-vote = false (custom)
2022-04-27 10:52:19,551 [6f2ed759-dfb9-4419-9191-8597321ac421@group-A1352ADA7BC1-FollowerState] INFO  server.RaftServerConfigKeys (ConfUtils.java:logGet(44)) - raft.server.leaderelection.pre-vote = false (custom)
2022-04-27 10:52:19,551 [6f2ed759-dfb9-4419-9191-8597321ac421@group-A1352ADA7BC1-FollowerState] INFO  impl.RoleInfo (RoleInfo.java:updateAndGet(130)) - 6f2ed759-dfb9-4419-9191-8597321ac421: start 6f2ed759-dfb9-4419-9191-8597321ac421@group-A1352ADA7BC1-LeaderElection27
2022-04-27 10:52:19,551 [0a06a8c4-9179-4a2e-838b-55c09a430176@group-A1352ADA7BC1-FollowerState] INFO  impl.RoleInfo (RoleInfo.java:updateAndGet(130)) - 0a06a8c4-9179-4a2e-838b-55c09a430176: start 0a06a8c4-9179-4a2e-838b-55c09a430176@group-A1352ADA7BC1-LeaderElection26
2022-04-27 10:52:19,554 [EventQueue-PipelineReportForPipelineReportHandler] INFO  pipeline.PipelineReportHandler (PipelineReportHandler.java:processPipelineReport(113)) - Reported pipeline PipelineID=cf80c735-cb93-438b-a05e-dff27b2a1031 is not found
2022-04-27 10:52:19,557 [6f2ed759-dfb9-4419-9191-8597321ac421@group-A1352ADA7BC1-LeaderElection27] INFO  impl.LeaderElection (LeaderElection.java:askForVotes(306)) - 6f2ed759-dfb9-4419-9191-8597321ac421@group-A1352ADA7BC1-LeaderElection27 ELECTION round 0: submit vote requests at term 4 for -1: [0a06a8c4-9179-4a2e-838b-55c09a430176|rpc:10.1.0.29:39993|priority:1, 5e3f1479-9daf-43cd-8651-224960992f9b|rpc:10.1.0.29:36215|priority:0, 6f2ed759-dfb9-4419-9191-8597321ac421|rpc:10.1.0.29:39501|priority:0], old=null
2022-04-27 10:52:19,558 [0a06a8c4-9179-4a2e-838b-55c09a430176@group-A1352ADA7BC1-LeaderElection26] INFO  impl.LeaderElection (LeaderElection.java:askForVotes(306)) - 0a06a8c4-9179-4a2e-838b-55c09a430176@group-A1352ADA7BC1-LeaderElection26 ELECTION round 0: submit vote requests at term 4 for -1: [0a06a8c4-9179-4a2e-838b-55c09a430176|rpc:10.1.0.29:39993|dataStream:|priority:1, 5e3f1479-9daf-43cd-8651-224960992f9b|rpc:10.1.0.29:36215|dataStream:|priority:0, 6f2ed759-dfb9-4419-9191-8597321ac421|rpc:10.1.0.29:39501|dataStream:|priority:0], old=null
2022-04-27 10:52:19,561 [grpc-default-executor-1] INFO  server.RaftServer$Division (RaftServerImpl.java:requestVote(1046)) - 0a06a8c4-9179-4a2e-838b-55c09a430176@group-A1352ADA7BC1: receive requestVote(ELECTION, 6f2ed759-dfb9-4419-9191-8597321ac421, group-A1352ADA7BC1, 4, (t:0, i:0))
2022-04-27 10:52:19,561 [grpc-default-executor-1] INFO  impl.VoteContext (VoteContext.java:log(48)) - 0a06a8c4-9179-4a2e-838b-55c09a430176@group-A1352ADA7BC1-CANDIDATE: reject ELECTION from 6f2ed759-dfb9-4419-9191-8597321ac421: already has voted for 0a06a8c4-9179-4a2e-838b-55c09a430176 at current term 4
2022-04-27 10:52:19,561 [grpc-default-executor-1] INFO  server.RaftServer$Division (RaftServerImpl.java:requestVote(1078)) - 0a06a8c4-9179-4a2e-838b-55c09a430176@group-A1352ADA7BC1 replies to ELECTION vote request: 6f2ed759-dfb9-4419-9191-8597321ac421<-0a06a8c4-9179-4a2e-838b-55c09a430176#0:FAIL-t4. Peer's state: 0a06a8c4-9179-4a2e-838b-55c09a430176@group-A1352ADA7BC1:t4, leader=null, voted=0a06a8c4-9179-4a2e-838b-55c09a430176, raftlog=0a06a8c4-9179-4a2e-838b-55c09a430176@group-A1352ADA7BC1-SegmentedRaftLog:OPENED:c-1, conf=-1: [0a06a8c4-9179-4a2e-838b-55c09a430176|rpc:10.1.0.29:39993|dataStream:|priority:1, 5e3f1479-9daf-43cd-8651-224960992f9b|rpc:10.1.0.29:36215|dataStream:|priority:0, 6f2ed759-dfb9-4419-9191-8597321ac421|rpc:10.1.0.29:39501|dataStream:|priority:0], old=null
2022-04-27 10:52:19,564 [6f2ed759-dfb9-4419-9191-8597321ac421@group-A1352ADA7BC1-LeaderElection27] INFO  impl.LeaderElection (LeaderElection.java:logAndReturn(89)) - 6f2ed759-dfb9-4419-9191-8597321ac421@group-A1352ADA7BC1-LeaderElection27: ELECTION REJECTED received 1 response(s) and 0 exception(s):
2022-04-27 10:52:19,564 [6f2ed759-dfb9-4419-9191-8597321ac421@group-A1352ADA7BC1-LeaderElection27] INFO  impl.LeaderElection (LeaderElection.java:logAndReturn(93)) -   Response 0: 6f2ed759-dfb9-4419-9191-8597321ac421<-0a06a8c4-9179-4a2e-838b-55c09a430176#0:FAIL-t4
2022-04-27 10:52:19,564 [6f2ed759-dfb9-4419-9191-8597321ac421@group-A1352ADA7BC1-LeaderElection27] INFO  impl.LeaderElection (LeaderElection.java:askForVotes(308)) - 6f2ed759-dfb9-4419-9191-8597321ac421@group-A1352ADA7BC1-LeaderElection27 ELECTION round 0: result REJECTED
2022-04-27 10:52:19,565 [6f2ed759-dfb9-4419-9191-8597321ac421@group-A1352ADA7BC1-LeaderElection27] INFO  server.RaftServer$Division (RaftServerImpl.java:setRole(290)) - 6f2ed759-dfb9-4419-9191-8597321ac421@group-A1352ADA7BC1: changes role from CANDIDATE to FOLLOWER at term 4 for REJECTED
2022-04-27 10:52:19,565 [6f2ed759-dfb9-4419-9191-8597321ac421@group-A1352ADA7BC1-LeaderElection27] INFO  impl.RoleInfo (RoleInfo.java:shutdownLeaderElection(121)) - 6f2ed759-dfb9-4419-9191-8597321ac421: shutdown 6f2ed759-dfb9-4419-9191-8597321ac421@group-A1352ADA7BC1-LeaderElection27
2022-04-27 10:52:19,565 [6f2ed759-dfb9-4419-9191-8597321ac421@group-A1352ADA7BC1-LeaderElection27] INFO  impl.RoleInfo (RoleInfo.java:updateAndGet(130)) - 6f2ed759-dfb9-4419-9191-8597321ac421: start 6f2ed759-dfb9-4419-9191-8597321ac421@group-A1352ADA7BC1-FollowerState
2022-04-27 10:52:19,568 [grpc-default-executor-1] INFO  server.RaftServer$Division (RaftServerImpl.java:requestVote(1046)) - 5e3f1479-9daf-43cd-8651-224960992f9b@group-A1352ADA7BC1: receive requestVote(ELECTION, 6f2ed759-dfb9-4419-9191-8597321ac421, group-A1352ADA7BC1, 4, (t:0, i:0))
2022-04-27 10:52:19,577 [grpc-default-executor-1] INFO  impl.VoteContext (VoteContext.java:log(48)) - 5e3f1479-9daf-43cd-8651-224960992f9b@group-A1352ADA7BC1-FOLLOWER: accept ELECTION from 6f2ed759-dfb9-4419-9191-8597321ac421: our priority 0 <= candidate's priority 0
2022-04-27 10:52:19,577 [grpc-default-executor-1] INFO  server.RaftServer$Division (RaftServerImpl.java:setRole(290)) - 5e3f1479-9daf-43cd-8651-224960992f9b@group-A1352ADA7BC1: changes role from  FOLLOWER to FOLLOWER at term 4 for candidate:6f2ed759-dfb9-4419-9191-8597321ac421
2022-04-27 10:52:19,577 [grpc-default-executor-1] INFO  impl.RoleInfo (RoleInfo.java:shutdownFollowerState(108)) - 5e3f1479-9daf-43cd-8651-224960992f9b: shutdown 5e3f1479-9daf-43cd-8651-224960992f9b@group-A1352ADA7BC1-FollowerState
2022-04-27 10:52:19,577 [grpc-default-executor-1] INFO  impl.RoleInfo (RoleInfo.java:updateAndGet(130)) - 5e3f1479-9daf-43cd-8651-224960992f9b: start 5e3f1479-9daf-43cd-8651-224960992f9b@group-A1352ADA7BC1-FollowerState
2022-04-27 10:52:19,577 [5e3f1479-9daf-43cd-8651-224960992f9b@group-A1352ADA7BC1-FollowerState] INFO  impl.FollowerState (FollowerState.java:run(143)) - 5e3f1479-9daf-43cd-8651-224960992f9b@group-A1352ADA7BC1-FollowerState was interrupted: {}
java.lang.InterruptedException: sleep interrupted
	at java.lang.Thread.sleep(Native Method)
	at java.lang.Thread.sleep(Thread.java:342)
	at java.util.concurrent.TimeUnit.sleep(TimeUnit.java:386)
	at org.apache.ratis.util.TimeDuration.sleep(TimeDuration.java:324)
	at org.apache.ratis.util.TimeDuration.sleep(TimeDuration.java:309)
	at org.apache.ratis.server.impl.FollowerState.run(FollowerState.java:118)
2022-04-27 10:52:19,588 [grpc-default-executor-0] INFO  server.RaftServer$Division (RaftServerImpl.java:requestVote(1046)) - 5e3f1479-9daf-43cd-8651-224960992f9b@group-A1352ADA7BC1: receive requestVote(ELECTION, 0a06a8c4-9179-4a2e-838b-55c09a430176, group-A1352ADA7BC1, 4, (t:0, i:0))
2022-04-27 10:52:19,588 [grpc-default-executor-1] INFO  server.RaftServer$Division (RaftServerImpl.java:requestVote(1078)) - 5e3f1479-9daf-43cd-8651-224960992f9b@group-A1352ADA7BC1 replies to ELECTION vote request: 6f2ed759-dfb9-4419-9191-8597321ac421<-5e3f1479-9daf-43cd-8651-224960992f9b#0:OK-t4. Peer's state: 5e3f1479-9daf-43cd-8651-224960992f9b@group-A1352ADA7BC1:t4, leader=null, voted=6f2ed759-dfb9-4419-9191-8597321ac421, raftlog=5e3f1479-9daf-43cd-8651-224960992f9b@group-A1352ADA7BC1-SegmentedRaftLog:OPENED:c-1, conf=-1: [0a06a8c4-9179-4a2e-838b-55c09a430176|rpc:10.1.0.29:39993|dataStream:|priority:1, 5e3f1479-9daf-43cd-8651-224960992f9b|rpc:10.1.0.29:36215|dataStream:|priority:0, 6f2ed759-dfb9-4419-9191-8597321ac421|rpc:10.1.0.29:39501|dataStream:|priority:0], old=null
2022-04-27 10:52:19,590 [grpc-default-executor-0] INFO  impl.VoteContext (VoteContext.java:log(48)) - 5e3f1479-9daf-43cd-8651-224960992f9b@group-A1352ADA7BC1-FOLLOWER: reject ELECTION from 0a06a8c4-9179-4a2e-838b-55c09a430176: already has voted for 6f2ed759-dfb9-4419-9191-8597321ac421 at current term 4
2022-04-27 10:52:19,590 [grpc-default-executor-0] INFO  server.RaftServer$Division (RaftServerImpl.java:requestVote(1078)) - 5e3f1479-9daf-43cd-8651-224960992f9b@group-A1352ADA7BC1 replies to ELECTION vote request: 0a06a8c4-9179-4a2e-838b-55c09a430176<-5e3f1479-9daf-43cd-8651-224960992f9b#0:FAIL-t4. Peer's state: 5e3f1479-9daf-43cd-8651-224960992f9b@group-A1352ADA7BC1:t4, leader=null, voted=6f2ed759-dfb9-4419-9191-8597321ac421, raftlog=5e3f1479-9daf-43cd-8651-224960992f9b@group-A1352ADA7BC1-SegmentedRaftLog:OPENED:c-1, conf=-1: [0a06a8c4-9179-4a2e-838b-55c09a430176|rpc:10.1.0.29:39993|dataStream:|priority:1, 5e3f1479-9daf-43cd-8651-224960992f9b|rpc:10.1.0.29:36215|dataStream:|priority:0, 6f2ed759-dfb9-4419-9191-8597321ac421|rpc:10.1.0.29:39501|dataStream:|priority:0], old=null
2022-04-27 10:52:19,596 [grpc-default-executor-0] INFO  server.RaftServer$Division (RaftServerImpl.java:requestVote(1046)) - 6f2ed759-dfb9-4419-9191-8597321ac421@group-A1352ADA7BC1: receive requestVote(ELECTION, 0a06a8c4-9179-4a2e-838b-55c09a430176, group-A1352ADA7BC1, 4, (t:0, i:0))
2022-04-27 10:52:19,596 [grpc-default-executor-0] INFO  impl.VoteContext (VoteContext.java:log(48)) - 6f2ed759-dfb9-4419-9191-8597321ac421@group-A1352ADA7BC1-FOLLOWER: reject ELECTION from 0a06a8c4-9179-4a2e-838b-55c09a430176: already has voted for 6f2ed759-dfb9-4419-9191-8597321ac421 at current term 4
2022-04-27 10:52:19,596 [grpc-default-executor-0] INFO  server.RaftServer$Division (RaftServerImpl.java:requestVote(1078)) - 6f2ed759-dfb9-4419-9191-8597321ac421@group-A1352ADA7BC1 replies to ELECTION vote request: 0a06a8c4-9179-4a2e-838b-55c09a430176<-6f2ed759-dfb9-4419-9191-8597321ac421#0:FAIL-t4. Peer's state: 6f2ed759-dfb9-4419-9191-8597321ac421@group-A1352ADA7BC1:t4, leader=null, voted=6f2ed759-dfb9-4419-9191-8597321ac421, raftlog=6f2ed759-dfb9-4419-9191-8597321ac421@group-A1352ADA7BC1-SegmentedRaftLog:OPENED:c-1, conf=-1: [0a06a8c4-9179-4a2e-838b-55c09a430176|rpc:10.1.0.29:39993|priority:1, 5e3f1479-9daf-43cd-8651-224960992f9b|rpc:10.1.0.29:36215|priority:0, 6f2ed759-dfb9-4419-9191-8597321ac421|rpc:10.1.0.29:39501|priority:0], old=null
2022-04-27 10:52:19,598 [0a06a8c4-9179-4a2e-838b-55c09a430176@group-A1352ADA7BC1-LeaderElection26] INFO  impl.LeaderElection (LeaderElection.java:logAndReturn(89)) - 0a06a8c4-9179-4a2e-838b-55c09a430176@group-A1352ADA7BC1-LeaderElection26: ELECTION REJECTED received 2 response(s) and 0 exception(s):
2022-04-27 10:52:19,598 [0a06a8c4-9179-4a2e-838b-55c09a430176@group-A1352ADA7BC1-LeaderElection26] INFO  impl.LeaderElection (LeaderElection.java:logAndReturn(93)) -   Response 0: 0a06a8c4-9179-4a2e-838b-55c09a430176<-5e3f1479-9daf-43cd-8651-224960992f9b#0:FAIL-t4
2022-04-27 10:52:19,599 [0a06a8c4-9179-4a2e-838b-55c09a430176@group-A1352ADA7BC1-LeaderElection26] INFO  impl.LeaderElection (LeaderElection.java:logAndReturn(93)) -   Response 1: 0a06a8c4-9179-4a2e-838b-55c09a430176<-6f2ed759-dfb9-4419-9191-8597321ac421#0:FAIL-t4
2022-04-27 10:52:19,599 [0a06a8c4-9179-4a2e-838b-55c09a430176@group-A1352ADA7BC1-LeaderElection26] INFO  impl.LeaderElection (LeaderElection.java:askForVotes(308)) - 0a06a8c4-9179-4a2e-838b-55c09a430176@group-A1352ADA7BC1-LeaderElection26 ELECTION round 0: result REJECTED
2022-04-27 10:52:19,599 [0a06a8c4-9179-4a2e-838b-55c09a430176@group-A1352ADA7BC1-LeaderElection26] INFO  server.RaftServer$Division (RaftServerImpl.java:setRole(290)) - 0a06a8c4-9179-4a2e-838b-55c09a430176@group-A1352ADA7BC1: changes role from CANDIDATE to FOLLOWER at term 4 for REJECTED
2022-04-27 10:52:19,599 [0a06a8c4-9179-4a2e-838b-55c09a430176@group-A1352ADA7BC1-LeaderElection26] INFO  impl.RoleInfo (RoleInfo.java:shutdownLeaderElection(121)) - 0a06a8c4-9179-4a2e-838b-55c09a430176: shutdown 0a06a8c4-9179-4a2e-838b-55c09a430176@group-A1352ADA7BC1-LeaderElection26
2022-04-27 10:52:19,599 [0a06a8c4-9179-4a2e-838b-55c09a430176@group-A1352ADA7BC1-LeaderElection26] INFO  impl.RoleInfo (RoleInfo.java:updateAndGet(130)) - 0a06a8c4-9179-4a2e-838b-55c09a430176: start 0a06a8c4-9179-4a2e-838b-55c09a430176@group-A1352ADA7BC1-FollowerState
2022-04-27 10:52:19,696 [EventQueue-PipelineReportForPipelineReportHandler] INFO  pipeline.PipelineReportHandler (PipelineReportHandler.java:processPipelineReport(113)) - Reported pipeline PipelineID=cf80c735-cb93-438b-a05e-dff27b2a1031 is not found
2022-04-27 10:52:19,705 [EventQueue-PipelineReportForPipelineReportHandler] INFO  pipeline.PipelineReportHandler (PipelineReportHandler.java:processPipelineReport(113)) - Reported pipeline PipelineID=cf80c735-cb93-438b-a05e-dff27b2a1031 is not found
2022-04-27 10:52:19,954 [EventQueue-PipelineReportForPipelineReportHandler] INFO  pipeline.PipelineReportHandler (PipelineReportHandler.java:processPipelineReport(113)) - Reported pipeline PipelineID=cf80c735-cb93-438b-a05e-dff27b2a1031 is not found
2022-04-27 10:52:20,095 [EventQueue-PipelineReportForPipelineReportHandler] INFO  pipeline.PipelineReportHandler (PipelineReportHandler.java:processPipelineReport(113)) - Reported pipeline PipelineID=cf80c735-cb93-438b-a05e-dff27b2a1031 is not found
2022-04-27 10:52:20,106 [EventQueue-PipelineReportForPipelineReportHandler] INFO  pipeline.PipelineReportHandler (PipelineReportHandler.java:processPipelineReport(113)) - Reported pipeline PipelineID=cf80c735-cb93-438b-a05e-dff27b2a1031 is not found
2022-04-27 10:52:20,306 [EventQueue-PipelineReportForPipelineReportHandler] INFO  pipeline.PipelineReportHandler (PipelineReportHandler.java:processPipelineReport(113)) - Reported pipeline PipelineID=cf80c735-cb93-438b-a05e-dff27b2a1031 is not found
2022-04-27 10:52:20,354 [EventQueue-PipelineReportForPipelineReportHandler] INFO  pipeline.PipelineReportHandler (PipelineReportHandler.java:processPipelineReport(113)) - Reported pipeline PipelineID=cf80c735-cb93-438b-a05e-dff27b2a1031 is not found
2022-04-27 10:52:20,496 [EventQueue-PipelineReportForPipelineReportHandler] INFO  pipeline.PipelineReportHandler (PipelineReportHandler.java:processPipelineReport(113)) - Reported pipeline PipelineID=cf80c735-cb93-438b-a05e-dff27b2a1031 is not found
2022-04-27 10:52:20,506 [EventQueue-PipelineReportForPipelineReportHandler] INFO  pipeline.PipelineReportHandler (PipelineReportHandler.java:processPipelineReport(113)) - Reported pipeline PipelineID=cf80c735-cb93-438b-a05e-dff27b2a1031 is not found
2022-04-27 10:52:20,555 [EventQueue-PipelineReportForPipelineReportHandler] INFO  pipeline.PipelineReportHandler (PipelineReportHandler.java:processPipelineReport(113)) - Reported pipeline PipelineID=cf80c735-cb93-438b-a05e-dff27b2a1031 is not found
2022-04-27 10:52:20,696 [EventQueue-PipelineReportForPipelineReportHandler] INFO  pipeline.PipelineReportHandler (PipelineReportHandler.java:processPipelineReport(113)) - Reported pipeline PipelineID=cf80c735-cb93-438b-a05e-dff27b2a1031 is not found
2022-04-27 10:52:20,906 [EventQueue-PipelineReportForPipelineReportHandler] INFO  pipeline.PipelineReportHandler (PipelineReportHandler.java:processPipelineReport(113)) - Reported pipeline PipelineID=cf80c735-cb93-438b-a05e-dff27b2a1031 is not found
2022-04-27 10:52:20,954 [EventQueue-PipelineReportForPipelineReportHandler] INFO  pipeline.PipelineReportHandler (PipelineReportHandler.java:processPipelineReport(113)) - Reported pipeline PipelineID=cf80c735-cb93-438b-a05e-dff27b2a1031 is not found
2022-04-27 10:52:21,096 [EventQueue-PipelineReportForPipelineReportHandler] INFO  pipeline.PipelineReportHandler (PipelineReportHandler.java:processPipelineReport(113)) - Reported pipeline PipelineID=cf80c735-cb93-438b-a05e-dff27b2a1031 is not found
2022-04-27 10:52:21,106 [EventQueue-PipelineReportForPipelineReportHandler] INFO  pipeline.PipelineReportHandler (PipelineReportHandler.java:processPipelineReport(113)) - Reported pipeline PipelineID=cf80c735-cb93-438b-a05e-dff27b2a1031 is not found
2022-04-27 10:52:21,154 [EventQueue-PipelineReportForPipelineReportHandler] INFO  pipeline.PipelineReportHandler (PipelineReportHandler.java:processPipelineReport(113)) - Reported pipeline PipelineID=cf80c735-cb93-438b-a05e-dff27b2a1031 is not found
2022-04-27 10:52:21,496 [EventQueue-PipelineReportForPipelineReportHandler] INFO  pipeline.PipelineReportHandler (PipelineReportHandler.java:processPipelineReport(113)) - Reported pipeline PipelineID=cf80c735-cb93-438b-a05e-dff27b2a1031 is not found
2022-04-27 10:52:21,506 [EventQueue-PipelineReportForPipelineReportHandler] INFO  pipeline.PipelineReportHandler (PipelineReportHandler.java:processPipelineReport(113)) - Reported pipeline PipelineID=cf80c735-cb93-438b-a05e-dff27b2a1031 is not found
2022-04-27 10:52:21,554 [EventQueue-PipelineReportForPipelineReportHandler] INFO  pipeline.PipelineReportHandler (PipelineReportHandler.java:processPipelineReport(113)) - Reported pipeline PipelineID=cf80c735-cb93-438b-a05e-dff27b2a1031 is not found
2022-04-27 10:52:21,696 [EventQueue-PipelineReportForPipelineReportHandler] INFO  pipeline.PipelineReportHandler (PipelineReportHandler.java:processPipelineReport(113)) - Reported pipeline PipelineID=cf80c735-cb93-438b-a05e-dff27b2a1031 is not found
2022-04-27 10:52:21,707 [EventQueue-PipelineReportForPipelineReportHandler] INFO  pipeline.PipelineReportHandler (PipelineReportHandler.java:processPipelineReport(113)) - Reported pipeline PipelineID=cf80c735-cb93-438b-a05e-dff27b2a1031 is not found
2022-04-27 10:52:21,755 [EventQueue-PipelineReportForPipelineReportHandler] INFO  pipeline.PipelineReportHandler (PipelineReportHandler.java:processPipelineReport(113)) - Reported pipeline PipelineID=cf80c735-cb93-438b-a05e-dff27b2a1031 is not found
2022-04-27 10:52:21,896 [EventQueue-PipelineReportForPipelineReportHandler] INFO  pipeline.PipelineReportHandler (PipelineReportHandler.java:processPipelineReport(113)) - Reported pipeline PipelineID=cf80c735-cb93-438b-a05e-dff27b2a1031 is not found
2022-04-27 10:52:22,107 [EventQueue-PipelineReportForPipelineReportHandler] INFO  pipeline.PipelineReportHandler (PipelineReportHandler.java:processPipelineReport(113)) - Reported pipeline PipelineID=cf80c735-cb93-438b-a05e-dff27b2a1031 is not found
2022-04-27 10:52:22,155 [EventQueue-PipelineReportForPipelineReportHandler] INFO  pipeline.PipelineReportHandler (PipelineReportHandler.java:processPipelineReport(113)) - Reported pipeline PipelineID=cf80c735-cb93-438b-a05e-dff27b2a1031 is not found
2022-04-27 10:52:22,297 [EventQueue-PipelineReportForPipelineReportHandler] INFO  pipeline.PipelineReportHandler (PipelineReportHandler.java:processPipelineReport(113)) - Reported pipeline PipelineID=cf80c735-cb93-438b-a05e-dff27b2a1031 is not found
2022-04-27 10:52:22,307 [EventQueue-PipelineReportForPipelineReportHandler] INFO  pipeline.PipelineReportHandler (PipelineReportHandler.java:processPipelineReport(113)) - Reported pipeline PipelineID=cf80c735-cb93-438b-a05e-dff27b2a1031 is not found
2022-04-27 10:52:22,355 [EventQueue-PipelineReportForPipelineReportHandler] INFO  pipeline.PipelineReportHandler (PipelineReportHandler.java:processPipelineReport(113)) - Reported pipeline PipelineID=cf80c735-cb93-438b-a05e-dff27b2a1031 is not found
2022-04-27 10:52:22,497 [EventQueue-PipelineReportForPipelineReportHandler] INFO  pipeline.PipelineReportHandler (PipelineReportHandler.java:processPipelineReport(113)) - Reported pipeline PipelineID=cf80c735-cb93-438b-a05e-dff27b2a1031 is not found
2022-04-27 10:52:22,697 [EventQueue-PipelineReportForPipelineReportHandler] INFO  pipeline.PipelineReportHandler (PipelineReportHandler.java:processPipelineReport(113)) - Reported pipeline PipelineID=cf80c735-cb93-438b-a05e-dff27b2a1031 is not found
2022-04-27 10:52:22,708 [EventQueue-PipelineReportForPipelineReportHandler] INFO  pipeline.PipelineReportHandler (PipelineReportHandler.java:processPipelineReport(113)) - Reported pipeline PipelineID=cf80c735-cb93-438b-a05e-dff27b2a1031 is not found
2022-04-27 10:52:22,754 [EventQueue-PipelineReportForPipelineReportHandler] INFO  pipeline.PipelineReportHandler (PipelineReportHandler.java:processPipelineReport(113)) - Reported pipeline PipelineID=cf80c735-cb93-438b-a05e-dff27b2a1031 is not found
2022-04-27 10:52:22,908 [EventQueue-PipelineReportForPipelineReportHandler] INFO  pipeline.PipelineReportHandler (PipelineReportHandler.java:processPipelineReport(113)) - Reported pipeline PipelineID=cf80c735-cb93-438b-a05e-dff27b2a1031 is not found
2022-04-27 10:52:23,097 [EventQueue-PipelineReportForPipelineReportHandler] INFO  pipeline.PipelineReportHandler (PipelineReportHandler.java:processPipelineReport(113)) - Reported pipeline PipelineID=cf80c735-cb93-438b-a05e-dff27b2a1031 is not found
2022-04-27 10:52:23,107 [EventQueue-PipelineReportForPipelineReportHandler] INFO  pipeline.PipelineReportHandler (PipelineReportHandler.java:processPipelineReport(113)) - Reported pipeline PipelineID=cf80c735-cb93-438b-a05e-dff27b2a1031 is not found
2022-04-27 10:52:23,155 [EventQueue-PipelineReportForPipelineReportHandler] INFO  pipeline.PipelineReportHandler (PipelineReportHandler.java:processPipelineReport(113)) - Reported pipeline PipelineID=cf80c735-cb93-438b-a05e-dff27b2a1031 is not found
2022-04-27 10:52:23,297 [EventQueue-PipelineReportForPipelineReportHandler] INFO  pipeline.PipelineReportHandler (PipelineReportHandler.java:processPipelineReport(113)) - Reported pipeline PipelineID=cf80c735-cb93-438b-a05e-dff27b2a1031 is not found
2022-04-27 10:52:23,308 [EventQueue-PipelineReportForPipelineReportHandler] INFO  pipeline.PipelineReportHandler (PipelineReportHandler.java:processPipelineReport(113)) - Reported pipeline PipelineID=cf80c735-cb93-438b-a05e-dff27b2a1031 is not found
2022-04-27 10:52:23,508 [EventQueue-PipelineReportForPipelineReportHandler] INFO  pipeline.PipelineReportHandler (PipelineReportHandler.java:processPipelineReport(113)) - Reported pipeline PipelineID=cf80c735-cb93-438b-a05e-dff27b2a1031 is not found
2022-04-27 10:52:23,555 [EventQueue-PipelineReportForPipelineReportHandler] INFO  pipeline.PipelineReportHandler (PipelineReportHandler.java:processPipelineReport(113)) - Reported pipeline PipelineID=cf80c735-cb93-438b-a05e-dff27b2a1031 is not found
2022-04-27 10:52:23,697 [EventQueue-PipelineReportForPipelineReportHandler] INFO  pipeline.PipelineReportHandler (PipelineReportHandler.java:processPipelineReport(113)) - Reported pipeline PipelineID=cf80c735-cb93-438b-a05e-dff27b2a1031 is not found
2022-04-27 10:52:23,755 [EventQueue-PipelineReportForPipelineReportHandler] INFO  pipeline.PipelineReportHandler (PipelineReportHandler.java:processPipelineReport(113)) - Reported pipeline PipelineID=cf80c735-cb93-438b-a05e-dff27b2a1031 is not found
2022-04-27 10:52:23,897 [EventQueue-PipelineReportForPipelineReportHandler] INFO  pipeline.PipelineReportHandler (PipelineReportHandler.java:processPipelineReport(113)) - Reported pipeline PipelineID=cf80c735-cb93-438b-a05e-dff27b2a1031 is not found
2022-04-27 10:52:23,908 [EventQueue-PipelineReportForPipelineReportHandler] INFO  pipeline.PipelineReportHandler (PipelineReportHandler.java:processPipelineReport(113)) - Reported pipeline PipelineID=cf80c735-cb93-438b-a05e-dff27b2a1031 is not found
2022-04-27 10:52:24,109 [EventQueue-PipelineReportForPipelineReportHandler] INFO  pipeline.PipelineReportHandler (PipelineReportHandler.java:processPipelineReport(113)) - Reported pipeline PipelineID=cf80c735-cb93-438b-a05e-dff27b2a1031 is not found
2022-04-27 10:52:24,155 [EventQueue-PipelineReportForPipelineReportHandler] INFO  pipeline.PipelineReportHandler (PipelineReportHandler.java:processPipelineReport(113)) - Reported pipeline PipelineID=cf80c735-cb93-438b-a05e-dff27b2a1031 is not found
2022-04-27 10:52:24,297 [EventQueue-PipelineReportForPipelineReportHandler] INFO  pipeline.PipelineReportHandler (PipelineReportHandler.java:processPipelineReport(113)) - Reported pipeline PipelineID=cf80c735-cb93-438b-a05e-dff27b2a1031 is not found
2022-04-27 10:52:24,355 [EventQueue-PipelineReportForPipelineReportHandler] INFO  pipeline.PipelineReportHandler (PipelineReportHandler.java:processPipelineReport(113)) - Reported pipeline PipelineID=cf80c735-cb93-438b-a05e-dff27b2a1031 is not found
2022-04-27 10:52:24,498 [EventQueue-PipelineReportForPipelineReportHandler] INFO  pipeline.PipelineReportHandler (PipelineReportHandler.java:processPipelineReport(113)) - Reported pipeline PipelineID=cf80c735-cb93-438b-a05e-dff27b2a1031 is not found
2022-04-27 10:52:24,508 [EventQueue-PipelineReportForPipelineReportHandler] INFO  pipeline.PipelineReportHandler (PipelineReportHandler.java:processPipelineReport(113)) - Reported pipeline PipelineID=cf80c735-cb93-438b-a05e-dff27b2a1031 is not found
2022-04-27 10:52:24,556 [EventQueue-PipelineReportForPipelineReportHandler] INFO  pipeline.PipelineReportHandler (PipelineReportHandler.java:processPipelineReport(113)) - Reported pipeline PipelineID=cf80c735-cb93-438b-a05e-dff27b2a1031 is not found
2022-04-27 10:52:24,620 [0a06a8c4-9179-4a2e-838b-55c09a430176@group-A1352ADA7BC1-FollowerState] INFO  impl.FollowerState (FollowerState.java:run(134)) - 0a06a8c4-9179-4a2e-838b-55c09a430176@group-A1352ADA7BC1-FollowerState: change to CANDIDATE, lastRpcElapsedTime:5021073927ns, electionTimeout:5016ms
2022-04-27 10:52:24,620 [0a06a8c4-9179-4a2e-838b-55c09a430176@group-A1352ADA7BC1-FollowerState] INFO  impl.RoleInfo (RoleInfo.java:shutdownFollowerState(108)) - 0a06a8c4-9179-4a2e-838b-55c09a430176: shutdown 0a06a8c4-9179-4a2e-838b-55c09a430176@group-A1352ADA7BC1-FollowerState
2022-04-27 10:52:24,620 [0a06a8c4-9179-4a2e-838b-55c09a430176@group-A1352ADA7BC1-FollowerState] INFO  server.RaftServer$Division (RaftServerImpl.java:setRole(290)) - 0a06a8c4-9179-4a2e-838b-55c09a430176@group-A1352ADA7BC1: changes role from  FOLLOWER to CANDIDATE at term 4 for changeToCandidate
2022-04-27 10:52:24,620 [0a06a8c4-9179-4a2e-838b-55c09a430176@group-A1352ADA7BC1-FollowerState] INFO  server.RaftServerConfigKeys (ConfUtils.java:logGet(44)) - raft.server.leaderelection.pre-vote = false (custom)
2022-04-27 10:52:24,620 [0a06a8c4-9179-4a2e-838b-55c09a430176@group-A1352ADA7BC1-FollowerState] INFO  impl.RoleInfo (RoleInfo.java:updateAndGet(130)) - 0a06a8c4-9179-4a2e-838b-55c09a430176: start 0a06a8c4-9179-4a2e-838b-55c09a430176@group-A1352ADA7BC1-LeaderElection28
2022-04-27 10:52:24,626 [0a06a8c4-9179-4a2e-838b-55c09a430176@group-A1352ADA7BC1-LeaderElection28] INFO  impl.LeaderElection (LeaderElection.java:askForVotes(306)) - 0a06a8c4-9179-4a2e-838b-55c09a430176@group-A1352ADA7BC1-LeaderElection28 ELECTION round 0: submit vote requests at term 5 for -1: [0a06a8c4-9179-4a2e-838b-55c09a430176|rpc:10.1.0.29:39993|dataStream:|priority:1, 5e3f1479-9daf-43cd-8651-224960992f9b|rpc:10.1.0.29:36215|dataStream:|priority:0, 6f2ed759-dfb9-4419-9191-8597321ac421|rpc:10.1.0.29:39501|dataStream:|priority:0], old=null
2022-04-27 10:52:24,629 [grpc-default-executor-0] INFO  server.RaftServer$Division (RaftServerImpl.java:requestVote(1046)) - 5e3f1479-9daf-43cd-8651-224960992f9b@group-A1352ADA7BC1: receive requestVote(ELECTION, 0a06a8c4-9179-4a2e-838b-55c09a430176, group-A1352ADA7BC1, 5, (t:0, i:0))
2022-04-27 10:52:24,629 [grpc-default-executor-0] INFO  impl.VoteContext (VoteContext.java:log(48)) - 5e3f1479-9daf-43cd-8651-224960992f9b@group-A1352ADA7BC1-FOLLOWER: accept ELECTION from 0a06a8c4-9179-4a2e-838b-55c09a430176: our priority 0 <= candidate's priority 1
2022-04-27 10:52:24,629 [grpc-default-executor-0] INFO  server.RaftServer$Division (RaftServerImpl.java:setRole(290)) - 5e3f1479-9daf-43cd-8651-224960992f9b@group-A1352ADA7BC1: changes role from  FOLLOWER to FOLLOWER at term 5 for candidate:0a06a8c4-9179-4a2e-838b-55c09a430176
2022-04-27 10:52:24,629 [grpc-default-executor-0] INFO  impl.RoleInfo (RoleInfo.java:shutdownFollowerState(108)) - 5e3f1479-9daf-43cd-8651-224960992f9b: shutdown 5e3f1479-9daf-43cd-8651-224960992f9b@group-A1352ADA7BC1-FollowerState
2022-04-27 10:52:24,629 [grpc-default-executor-0] INFO  impl.RoleInfo (RoleInfo.java:updateAndGet(130)) - 5e3f1479-9daf-43cd-8651-224960992f9b: start 5e3f1479-9daf-43cd-8651-224960992f9b@group-A1352ADA7BC1-FollowerState
2022-04-27 10:52:24,629 [5e3f1479-9daf-43cd-8651-224960992f9b@group-A1352ADA7BC1-FollowerState] INFO  impl.FollowerState (FollowerState.java:run(143)) - 5e3f1479-9daf-43cd-8651-224960992f9b@group-A1352ADA7BC1-FollowerState was interrupted: {}
java.lang.InterruptedException: sleep interrupted
	at java.lang.Thread.sleep(Native Method)
	at java.lang.Thread.sleep(Thread.java:342)
	at java.util.concurrent.TimeUnit.sleep(TimeUnit.java:386)
	at org.apache.ratis.util.TimeDuration.sleep(TimeDuration.java:324)
	at org.apache.ratis.util.TimeDuration.sleep(TimeDuration.java:309)
	at org.apache.ratis.server.impl.FollowerState.run(FollowerState.java:118)
2022-04-27 10:52:24,630 [grpc-default-executor-1] INFO  server.RaftServer$Division (RaftServerImpl.java:requestVote(1046)) - 6f2ed759-dfb9-4419-9191-8597321ac421@group-A1352ADA7BC1: receive requestVote(ELECTION, 0a06a8c4-9179-4a2e-838b-55c09a430176, group-A1352ADA7BC1, 5, (t:0, i:0))
2022-04-27 10:52:24,630 [grpc-default-executor-1] INFO  impl.VoteContext (VoteContext.java:log(48)) - 6f2ed759-dfb9-4419-9191-8597321ac421@group-A1352ADA7BC1-FOLLOWER: accept ELECTION from 0a06a8c4-9179-4a2e-838b-55c09a430176: our priority 0 <= candidate's priority 1
2022-04-27 10:52:24,630 [grpc-default-executor-1] INFO  server.RaftServer$Division (RaftServerImpl.java:setRole(290)) - 6f2ed759-dfb9-4419-9191-8597321ac421@group-A1352ADA7BC1: changes role from  FOLLOWER to FOLLOWER at term 5 for candidate:0a06a8c4-9179-4a2e-838b-55c09a430176
2022-04-27 10:52:24,630 [grpc-default-executor-1] INFO  impl.RoleInfo (RoleInfo.java:shutdownFollowerState(108)) - 6f2ed759-dfb9-4419-9191-8597321ac421: shutdown 6f2ed759-dfb9-4419-9191-8597321ac421@group-A1352ADA7BC1-FollowerState
2022-04-27 10:52:24,630 [grpc-default-executor-1] INFO  impl.RoleInfo (RoleInfo.java:updateAndGet(130)) - 6f2ed759-dfb9-4419-9191-8597321ac421: start 6f2ed759-dfb9-4419-9191-8597321ac421@group-A1352ADA7BC1-FollowerState
2022-04-27 10:52:24,630 [6f2ed759-dfb9-4419-9191-8597321ac421@group-A1352ADA7BC1-FollowerState] INFO  impl.FollowerState (FollowerState.java:run(143)) - 6f2ed759-dfb9-4419-9191-8597321ac421@group-A1352ADA7BC1-FollowerState was interrupted: {}
java.lang.InterruptedException: sleep interrupted
	at java.lang.Thread.sleep(Native Method)
	at java.lang.Thread.sleep(Thread.java:342)
	at java.util.concurrent.TimeUnit.sleep(TimeUnit.java:386)
	at org.apache.ratis.util.TimeDuration.sleep(TimeDuration.java:324)
	at org.apache.ratis.util.TimeDuration.sleep(TimeDuration.java:309)
	at org.apache.ratis.server.impl.FollowerState.run(FollowerState.java:118)
2022-04-27 10:52:24,632 [grpc-default-executor-0] INFO  server.RaftServer$Division (RaftServerImpl.java:requestVote(1078)) - 5e3f1479-9daf-43cd-8651-224960992f9b@group-A1352ADA7BC1 replies to ELECTION vote request: 0a06a8c4-9179-4a2e-838b-55c09a430176<-5e3f1479-9daf-43cd-8651-224960992f9b#0:OK-t5. Peer's state: 5e3f1479-9daf-43cd-8651-224960992f9b@group-A1352ADA7BC1:t5, leader=null, voted=0a06a8c4-9179-4a2e-838b-55c09a430176, raftlog=5e3f1479-9daf-43cd-8651-224960992f9b@group-A1352ADA7BC1-SegmentedRaftLog:OPENED:c-1, conf=-1: [0a06a8c4-9179-4a2e-838b-55c09a430176|rpc:10.1.0.29:39993|dataStream:|priority:1, 5e3f1479-9daf-43cd-8651-224960992f9b|rpc:10.1.0.29:36215|dataStream:|priority:0, 6f2ed759-dfb9-4419-9191-8597321ac421|rpc:10.1.0.29:39501|dataStream:|priority:0], old=null
2022-04-27 10:52:24,633 [0a06a8c4-9179-4a2e-838b-55c09a430176@group-A1352ADA7BC1-LeaderElection28] INFO  impl.LeaderElection (LeaderElection.java:logAndReturn(89)) - 0a06a8c4-9179-4a2e-838b-55c09a430176@group-A1352ADA7BC1-LeaderElection28: ELECTION PASSED received 1 response(s) and 0 exception(s):
2022-04-27 10:52:24,633 [0a06a8c4-9179-4a2e-838b-55c09a430176@group-A1352ADA7BC1-LeaderElection28] INFO  impl.LeaderElection (LeaderElection.java:logAndReturn(93)) -   Response 0: 0a06a8c4-9179-4a2e-838b-55c09a430176<-5e3f1479-9daf-43cd-8651-224960992f9b#0:OK-t5
2022-04-27 10:52:24,633 [0a06a8c4-9179-4a2e-838b-55c09a430176@group-A1352ADA7BC1-LeaderElection28] INFO  impl.LeaderElection (LeaderElection.java:askForVotes(308)) - 0a06a8c4-9179-4a2e-838b-55c09a430176@group-A1352ADA7BC1-LeaderElection28 ELECTION round 0: result PASSED
2022-04-27 10:52:24,633 [0a06a8c4-9179-4a2e-838b-55c09a430176@group-A1352ADA7BC1-LeaderElection28] INFO  impl.RoleInfo (RoleInfo.java:shutdownLeaderElection(121)) - 0a06a8c4-9179-4a2e-838b-55c09a430176: shutdown 0a06a8c4-9179-4a2e-838b-55c09a430176@group-A1352ADA7BC1-LeaderElection28
2022-04-27 10:52:24,633 [0a06a8c4-9179-4a2e-838b-55c09a430176@group-A1352ADA7BC1-LeaderElection28] INFO  server.RaftServer$Division (RaftServerImpl.java:setRole(290)) - 0a06a8c4-9179-4a2e-838b-55c09a430176@group-A1352ADA7BC1: changes role from CANDIDATE to LEADER at term 5 for changeToLeader
2022-04-27 10:52:24,633 [0a06a8c4-9179-4a2e-838b-55c09a430176@group-A1352ADA7BC1-LeaderElection28] INFO  ratis.XceiverServerRatis (XceiverServerRatis.java:handleLeaderChangedNotification(863)) - Leader change notification received for group: group-A1352ADA7BC1 with new leaderId: 0a06a8c4-9179-4a2e-838b-55c09a430176
2022-04-27 10:52:24,634 [0a06a8c4-9179-4a2e-838b-55c09a430176@group-A1352ADA7BC1-LeaderElection28] INFO  server.RaftServer$Division (ServerState.java:setLeader(285)) - 0a06a8c4-9179-4a2e-838b-55c09a430176@group-A1352ADA7BC1: change Leader from null to 0a06a8c4-9179-4a2e-838b-55c09a430176 at term 5 for becomeLeader, leader elected after 25323ms
2022-04-27 10:52:24,634 [0a06a8c4-9179-4a2e-838b-55c09a430176@group-A1352ADA7BC1-LeaderElection28] INFO  server.RaftServerConfigKeys (ConfUtils.java:logGet(44)) - raft.server.staging.catchup.gap = 1000 (default)
2022-04-27 10:52:24,634 [0a06a8c4-9179-4a2e-838b-55c09a430176@group-A1352ADA7BC1-LeaderElection28] INFO  server.RaftServerConfigKeys (ConfUtils.java:logGet(44)) - raft.server.write.element-limit = 1024 (custom)
2022-04-27 10:52:24,634 [0a06a8c4-9179-4a2e-838b-55c09a430176@group-A1352ADA7BC1-LeaderElection28] INFO  server.RaftServerConfigKeys (ConfUtils.java:logGet(44)) - raft.server.write.byte-limit = 1024 M (=1073741824) (custom)
2022-04-27 10:52:24,634 [0a06a8c4-9179-4a2e-838b-55c09a430176@group-A1352ADA7BC1-LeaderElection28] INFO  server.RaftServerConfigKeys (ConfUtils.java:logGet(44)) - raft.server.watch.timeout = 10000ms (default)
2022-04-27 10:52:24,634 [0a06a8c4-9179-4a2e-838b-55c09a430176@group-A1352ADA7BC1-LeaderElection28] INFO  server.RaftServerConfigKeys (ConfUtils.java:logGet(44)) - raft.server.watch.timeout.denomination = 1s (default)
2022-04-27 10:52:24,634 [0a06a8c4-9179-4a2e-838b-55c09a430176@group-A1352ADA7BC1-LeaderElection28] INFO  server.RaftServerConfigKeys (ConfUtils.java:logGet(44)) - raft.server.watch.element-limit = 65536 (default)
2022-04-27 10:52:24,635 [0a06a8c4-9179-4a2e-838b-55c09a430176@group-A1352ADA7BC1-LeaderElection28] INFO  server.RaftServerConfigKeys (ConfUtils.java:logGet(44)) - raft.server.write.element-limit = 1024 (custom)
2022-04-27 10:52:24,635 [0a06a8c4-9179-4a2e-838b-55c09a430176@group-A1352ADA7BC1-LeaderElection28] INFO  server.RaftServerConfigKeys (ConfUtils.java:logGet(44)) - raft.server.write.follower.gap.ratio.max = -1.0 (default)
2022-04-27 10:52:24,635 [0a06a8c4-9179-4a2e-838b-55c09a430176@group-A1352ADA7BC1-LeaderElection28] INFO  server.RaftServerConfigKeys (ConfUtils.java:logGet(44)) - raft.server.log.appender.snapshot.chunk.size.max = 16MB (=16777216) (default)
2022-04-27 10:52:24,635 [0a06a8c4-9179-4a2e-838b-55c09a430176@group-A1352ADA7BC1-LeaderElection28] INFO  server.RaftServerConfigKeys (ConfUtils.java:logGet(44)) - raft.server.log.appender.buffer.byte-limit = 33554432 (custom)
2022-04-27 10:52:24,635 [0a06a8c4-9179-4a2e-838b-55c09a430176@group-A1352ADA7BC1-LeaderElection28] INFO  server.RaftServerConfigKeys (ConfUtils.java:logGet(44)) - raft.server.log.appender.buffer.element-limit = 1 (custom)
2022-04-27 10:52:24,636 [0a06a8c4-9179-4a2e-838b-55c09a430176@group-A1352ADA7BC1-LeaderElection28] INFO  grpc.GrpcConfigKeys (ConfUtils.java:logGet(44)) - raft.grpc.server.leader.outstanding.appends.max = 128 (default)
2022-04-27 10:52:24,636 [0a06a8c4-9179-4a2e-838b-55c09a430176@group-A1352ADA7BC1-LeaderElection28] INFO  server.RaftServerConfigKeys (ConfUtils.java:logGet(44)) - raft.server.rpc.request.timeout = 3000ms (default)
2022-04-27 10:52:24,636 [0a06a8c4-9179-4a2e-838b-55c09a430176@group-A1352ADA7BC1-LeaderElection28] INFO  server.RaftServerConfigKeys (ConfUtils.java:logGet(44)) - raft.server.log.appender.install.snapshot.enabled = false (custom)
2022-04-27 10:52:24,636 [EventQueue-PipelineReportForPipelineReportHandler] INFO  pipeline.PipelineReportHandler (PipelineReportHandler.java:processPipelineReport(113)) - Reported pipeline PipelineID=cf80c735-cb93-438b-a05e-dff27b2a1031 is not found
2022-04-27 10:52:24,636 [EventQueue-PipelineReportForPipelineReportHandler] INFO  pipeline.PipelineManagerImpl (PipelineManagerImpl.java:openPipeline(328)) - Pipeline Pipeline[ Id: bf02a7f3-0536-411e-9f4a-a1352ada7bc1, Nodes: 6f2ed759-dfb9-4419-9191-8597321ac421{ip: 10.1.0.29, host: fv-az270-423.tacnzluakwdehk1hpragurqkma.bx.internal.cloudapp.net, ports: [REPLICATION=41459, RATIS=39501, RATIS_ADMIN=39501, RATIS_SERVER=39501, STANDALONE=44875], networkLocation: /default-rack, certSerialId: null, persistedOpState: IN_SERVICE, persistedOpStateExpiryEpochSec: 0}0a06a8c4-9179-4a2e-838b-55c09a430176{ip: 10.1.0.29, host: fv-az270-423.tacnzluakwdehk1hpragurqkma.bx.internal.cloudapp.net, ports: [REPLICATION=38343, RATIS=39993, RATIS_ADMIN=39993, RATIS_SERVER=39993, STANDALONE=39275], networkLocation: /default-rack, certSerialId: null, persistedOpState: IN_SERVICE, persistedOpStateExpiryEpochSec: 0}5e3f1479-9daf-43cd-8651-224960992f9b{ip: 10.1.0.29, host: fv-az270-423.tacnzluakwdehk1hpragurqkma.bx.internal.cloudapp.net, ports: [REPLICATION=39479, RATIS=36215, RATIS_ADMIN=36215, RATIS_SERVER=36215, STANDALONE=43119], networkLocation: /default-rack, certSerialId: null, persistedOpState: IN_SERVICE, persistedOpStateExpiryEpochSec: 0}, ReplicationConfig: RATIS/THREE, State:ALLOCATED, leaderId:0a06a8c4-9179-4a2e-838b-55c09a430176, CreationTimestamp2022-04-27T10:51:56.919Z[Etc/UTC]] moved to OPEN state
2022-04-27 10:52:24,637 [0a06a8c4-9179-4a2e-838b-55c09a430176@group-A1352ADA7BC1-LeaderElection28] INFO  server.RaftServerConfigKeys (ConfUtils.java:logGet(44)) - raft.server.log.appender.snapshot.chunk.size.max = 16MB (=16777216) (default)
2022-04-27 10:52:24,637 [0a06a8c4-9179-4a2e-838b-55c09a430176@group-A1352ADA7BC1-LeaderElection28] INFO  server.RaftServerConfigKeys (ConfUtils.java:logGet(44)) - raft.server.log.appender.buffer.byte-limit = 33554432 (custom)
2022-04-27 10:52:24,637 [0a06a8c4-9179-4a2e-838b-55c09a430176@group-A1352ADA7BC1-LeaderElection28] INFO  server.RaftServerConfigKeys (ConfUtils.java:logGet(44)) - raft.server.log.appender.buffer.element-limit = 1 (custom)
2022-04-27 10:52:24,637 [0a06a8c4-9179-4a2e-838b-55c09a430176@group-A1352ADA7BC1-LeaderElection28] INFO  grpc.GrpcConfigKeys (ConfUtils.java:logGet(44)) - raft.grpc.server.leader.outstanding.appends.max = 128 (default)
2022-04-27 10:52:24,637 [0a06a8c4-9179-4a2e-838b-55c09a430176@group-A1352ADA7BC1-LeaderElection28] INFO  server.RaftServerConfigKeys (ConfUtils.java:logGet(44)) - raft.server.rpc.request.timeout = 3000ms (default)
2022-04-27 10:52:24,637 [0a06a8c4-9179-4a2e-838b-55c09a430176@group-A1352ADA7BC1-LeaderElection28] INFO  server.RaftServerConfigKeys (ConfUtils.java:logGet(44)) - raft.server.log.appender.install.snapshot.enabled = false (custom)
2022-04-27 10:52:24,637 [grpc-default-executor-1] INFO  server.RaftServer$Division (RaftServerImpl.java:requestVote(1078)) - 6f2ed759-dfb9-4419-9191-8597321ac421@group-A1352ADA7BC1 replies to ELECTION vote request: 0a06a8c4-9179-4a2e-838b-55c09a430176<-6f2ed759-dfb9-4419-9191-8597321ac421#0:OK-t5. Peer's state: 6f2ed759-dfb9-4419-9191-8597321ac421@group-A1352ADA7BC1:t5, leader=null, voted=0a06a8c4-9179-4a2e-838b-55c09a430176, raftlog=6f2ed759-dfb9-4419-9191-8597321ac421@group-A1352ADA7BC1-SegmentedRaftLog:OPENED:c-1, conf=-1: [0a06a8c4-9179-4a2e-838b-55c09a430176|rpc:10.1.0.29:39993|priority:1, 5e3f1479-9daf-43cd-8651-224960992f9b|rpc:10.1.0.29:36215|priority:0, 6f2ed759-dfb9-4419-9191-8597321ac421|rpc:10.1.0.29:39501|priority:0], old=null
2022-04-27 10:52:24,638 [0a06a8c4-9179-4a2e-838b-55c09a430176@group-A1352ADA7BC1-LeaderElection28] INFO  impl.RoleInfo (RoleInfo.java:updateAndGet(130)) - 0a06a8c4-9179-4a2e-838b-55c09a430176: start 0a06a8c4-9179-4a2e-838b-55c09a430176@group-A1352ADA7BC1-LeaderStateImpl
2022-04-27 10:52:24,639 [0a06a8c4-9179-4a2e-838b-55c09a430176@group-A1352ADA7BC1-LeaderElection28] INFO  segmented.SegmentedRaftLogWorker (SegmentedRaftLogWorker.java:startLogSegment(394)) - 0a06a8c4-9179-4a2e-838b-55c09a430176@group-A1352ADA7BC1-SegmentedRaftLogWorker: Starting segment from index:0
2022-04-27 10:52:24,640 [0a06a8c4-9179-4a2e-838b-55c09a430176@group-A1352ADA7BC1-LeaderElection28] INFO  server.RaftServer$Division (ServerState.java:setRaftConf(387)) - 0a06a8c4-9179-4a2e-838b-55c09a430176@group-A1352ADA7BC1: set configuration 0: [0a06a8c4-9179-4a2e-838b-55c09a430176|rpc:10.1.0.29:39993|dataStream:|priority:1, 5e3f1479-9daf-43cd-8651-224960992f9b|rpc:10.1.0.29:36215|dataStream:|priority:0, 6f2ed759-dfb9-4419-9191-8597321ac421|rpc:10.1.0.29:39501|dataStream:|priority:0], old=null
2022-04-27 10:52:24,640 [0a06a8c4-9179-4a2e-838b-55c09a430176@group-A1352ADA7BC1-SegmentedRaftLogWorker] INFO  segmented.SegmentedRaftLogWorker (SegmentedRaftLogWorker.java:execute(601)) - 0a06a8c4-9179-4a2e-838b-55c09a430176@group-A1352ADA7BC1-SegmentedRaftLogWorker: created new log segment /home/runner/work/ozone/ozone/hadoop-ozone/integration-test/target/test-dir/MiniOzoneClusterImpl-6fb830c9-5413-49cc-a625-6cf41c4e5c97/datanode-4/data/ratis/bf02a7f3-0536-411e-9f4a-a1352ada7bc1/current/log_inprogress_0
2022-04-27 10:52:24,644 [grpc-default-executor-1] INFO  ratis.XceiverServerRatis (XceiverServerRatis.java:handleLeaderChangedNotification(863)) - Leader change notification received for group: group-A1352ADA7BC1 with new leaderId: 0a06a8c4-9179-4a2e-838b-55c09a430176
2022-04-27 10:52:24,644 [grpc-default-executor-1] INFO  server.RaftServer$Division (ServerState.java:setLeader(285)) - 5e3f1479-9daf-43cd-8651-224960992f9b@group-A1352ADA7BC1: change Leader from null to 0a06a8c4-9179-4a2e-838b-55c09a430176 at term 5 for appendEntries, leader elected after 25288ms
2022-04-27 10:52:24,645 [grpc-default-executor-0] INFO  ratis.XceiverServerRatis (XceiverServerRatis.java:handleLeaderChangedNotification(863)) - Leader change notification received for group: group-A1352ADA7BC1 with new leaderId: 0a06a8c4-9179-4a2e-838b-55c09a430176
2022-04-27 10:52:24,645 [grpc-default-executor-0] INFO  server.RaftServer$Division (ServerState.java:setLeader(285)) - 6f2ed759-dfb9-4419-9191-8597321ac421@group-A1352ADA7BC1: change Leader from null to 0a06a8c4-9179-4a2e-838b-55c09a430176 at term 5 for appendEntries, leader elected after 25369ms
2022-04-27 10:52:24,647 [grpc-default-executor-1] INFO  server.RaftServer$Division (ServerState.java:setRaftConf(387)) - 5e3f1479-9daf-43cd-8651-224960992f9b@group-A1352ADA7BC1: set configuration 0: [0a06a8c4-9179-4a2e-838b-55c09a430176|rpc:10.1.0.29:39993|dataStream:|priority:1, 5e3f1479-9daf-43cd-8651-224960992f9b|rpc:10.1.0.29:36215|dataStream:|priority:0, 6f2ed759-dfb9-4419-9191-8597321ac421|rpc:10.1.0.29:39501|dataStream:|priority:0], old=null
2022-04-27 10:52:24,648 [grpc-default-executor-1] INFO  segmented.SegmentedRaftLogWorker (SegmentedRaftLogWorker.java:startLogSegment(394)) - 5e3f1479-9daf-43cd-8651-224960992f9b@group-A1352ADA7BC1-SegmentedRaftLogWorker: Starting segment from index:0
2022-04-27 10:52:24,649 [grpc-default-executor-0] INFO  server.RaftServer$Division (ServerState.java:setRaftConf(387)) - 6f2ed759-dfb9-4419-9191-8597321ac421@group-A1352ADA7BC1: set configuration 0: [0a06a8c4-9179-4a2e-838b-55c09a430176|rpc:10.1.0.29:39993|dataStream:|priority:1, 5e3f1479-9daf-43cd-8651-224960992f9b|rpc:10.1.0.29:36215|dataStream:|priority:0, 6f2ed759-dfb9-4419-9191-8597321ac421|rpc:10.1.0.29:39501|dataStream:|priority:0], old=null
2022-04-27 10:52:24,650 [0a06a8c4-9179-4a2e-838b-55c09a430176@group-A1352ADA7BC1-StateMachineUpdater] INFO  ratis.ContainerStateMachine (ContainerStateMachine.java:takeSnapshot(304)) - group-A1352ADA7BC1: Taking a snapshot at:(t:5, i:0) file /home/runner/work/ozone/ozone/hadoop-ozone/integration-test/target/test-dir/MiniOzoneClusterImpl-6fb830c9-5413-49cc-a625-6cf41c4e5c97/datanode-4/data/ratis/bf02a7f3-0536-411e-9f4a-a1352ada7bc1/sm/snapshot.5_0
2022-04-27 10:52:24,653 [0a06a8c4-9179-4a2e-838b-55c09a430176@group-A1352ADA7BC1-StateMachineUpdater] INFO  ratis.ContainerStateMachine (ContainerStateMachine.java:takeSnapshot(315)) - group-A1352ADA7BC1: Finished taking a snapshot at:(t:5, i:0) file:/home/runner/work/ozone/ozone/hadoop-ozone/integration-test/target/test-dir/MiniOzoneClusterImpl-6fb830c9-5413-49cc-a625-6cf41c4e5c97/datanode-4/data/ratis/bf02a7f3-0536-411e-9f4a-a1352ada7bc1/sm/snapshot.5_0 took: 3 ms
2022-04-27 10:52:24,653 [grpc-default-executor-0] INFO  segmented.SegmentedRaftLogWorker (SegmentedRaftLogWorker.java:startLogSegment(394)) - 6f2ed759-dfb9-4419-9191-8597321ac421@group-A1352ADA7BC1-SegmentedRaftLogWorker: Starting segment from index:0
2022-04-27 10:52:24,653 [0a06a8c4-9179-4a2e-838b-55c09a430176@group-A1352ADA7BC1-StateMachineUpdater] INFO  impl.StateMachineUpdater (StateMachineUpdater.java:takeSnapshot(281)) - 0a06a8c4-9179-4a2e-838b-55c09a430176@group-A1352ADA7BC1-StateMachineUpdater: Took a snapshot at index 0
2022-04-27 10:52:24,653 [0a06a8c4-9179-4a2e-838b-55c09a430176@group-A1352ADA7BC1-StateMachineUpdater] INFO  impl.StateMachineUpdater (StateMachineUpdater.java:lambda$new$0(89)) - 0a06a8c4-9179-4a2e-838b-55c09a430176@group-A1352ADA7BC1-StateMachineUpdater: snapshotIndex: updateIncreasingly -1 -> 0
2022-04-27 10:52:24,654 [6f2ed759-dfb9-4419-9191-8597321ac421@group-A1352ADA7BC1-SegmentedRaftLogWorker] INFO  segmented.SegmentedRaftLogWorker (SegmentedRaftLogWorker.java:execute(601)) - 6f2ed759-dfb9-4419-9191-8597321ac421@group-A1352ADA7BC1-SegmentedRaftLogWorker: created new log segment /home/runner/work/ozone/ozone/hadoop-ozone/integration-test/target/test-dir/MiniOzoneClusterImpl-6fb830c9-5413-49cc-a625-6cf41c4e5c97/datanode-3/data/ratis/bf02a7f3-0536-411e-9f4a-a1352ada7bc1/current/log_inprogress_0
2022-04-27 10:52:24,655 [5e3f1479-9daf-43cd-8651-224960992f9b@group-A1352ADA7BC1-SegmentedRaftLogWorker] INFO  segmented.SegmentedRaftLogWorker (SegmentedRaftLogWorker.java:execute(601)) - 5e3f1479-9daf-43cd-8651-224960992f9b@group-A1352ADA7BC1-SegmentedRaftLogWorker: created new log segment /home/runner/work/ozone/ozone/hadoop-ozone/integration-test/target/test-dir/MiniOzoneClusterImpl-6fb830c9-5413-49cc-a625-6cf41c4e5c97/datanode-5/data/ratis/bf02a7f3-0536-411e-9f4a-a1352ada7bc1/current/log_inprogress_0
2022-04-27 10:52:24,665 [6f2ed759-dfb9-4419-9191-8597321ac421@group-A1352ADA7BC1-StateMachineUpdater] INFO  ratis.ContainerStateMachine (ContainerStateMachine.java:takeSnapshot(304)) - group-A1352ADA7BC1: Taking a snapshot at:(t:5, i:0) file /home/runner/work/ozone/ozone/hadoop-ozone/integration-test/target/test-dir/MiniOzoneClusterImpl-6fb830c9-5413-49cc-a625-6cf41c4e5c97/datanode-3/data/ratis/bf02a7f3-0536-411e-9f4a-a1352ada7bc1/sm/snapshot.5_0
2022-04-27 10:52:24,666 [6f2ed759-dfb9-4419-9191-8597321ac421@group-A1352ADA7BC1-StateMachineUpdater] INFO  ratis.ContainerStateMachine (ContainerStateMachine.java:takeSnapshot(315)) - group-A1352ADA7BC1: Finished taking a snapshot at:(t:5, i:0) file:/home/runner/work/ozone/ozone/hadoop-ozone/integration-test/target/test-dir/MiniOzoneClusterImpl-6fb830c9-5413-49cc-a625-6cf41c4e5c97/datanode-3/data/ratis/bf02a7f3-0536-411e-9f4a-a1352ada7bc1/sm/snapshot.5_0 took: 1 ms
2022-04-27 10:52:24,666 [6f2ed759-dfb9-4419-9191-8597321ac421@group-A1352ADA7BC1-StateMachineUpdater] INFO  impl.StateMachineUpdater (StateMachineUpdater.java:takeSnapshot(281)) - 6f2ed759-dfb9-4419-9191-8597321ac421@group-A1352ADA7BC1-StateMachineUpdater: Took a snapshot at index 0
2022-04-27 10:52:24,666 [6f2ed759-dfb9-4419-9191-8597321ac421@group-A1352ADA7BC1-StateMachineUpdater] INFO  impl.StateMachineUpdater (StateMachineUpdater.java:lambda$new$0(89)) - 6f2ed759-dfb9-4419-9191-8597321ac421@group-A1352ADA7BC1-StateMachineUpdater: snapshotIndex: updateIncreasingly -1 -> 0
2022-04-27 10:52:24,708 [EventQueue-PipelineReportForPipelineReportHandler] INFO  pipeline.PipelineReportHandler (PipelineReportHandler.java:processPipelineReport(113)) - Reported pipeline PipelineID=cf80c735-cb93-438b-a05e-dff27b2a1031 is not found
2022-04-27 10:52:24,835 [EventQueue-PipelineReportForPipelineReportHandler] INFO  pipeline.PipelineReportHandler (PipelineReportHandler.java:processPipelineReport(113)) - Reported pipeline PipelineID=cf80c735-cb93-438b-a05e-dff27b2a1031 is not found
2022-04-27 10:52:24,908 [EventQueue-PipelineReportForPipelineReportHandler] INFO  pipeline.PipelineReportHandler (PipelineReportHandler.java:processPipelineReport(113)) - Reported pipeline PipelineID=cf80c735-cb93-438b-a05e-dff27b2a1031 is not found
2022-04-27 10:52:24,956 [EventQueue-PipelineReportForPipelineReportHandler] INFO  pipeline.PipelineReportHandler (PipelineReportHandler.java:processPipelineReport(113)) - Reported pipeline PipelineID=cf80c735-cb93-438b-a05e-dff27b2a1031 is not found
2022-04-27 10:52:25,235 [EventQueue-PipelineReportForPipelineReportHandler] INFO  pipeline.PipelineReportHandler (PipelineReportHandler.java:processPipelineReport(113)) - Reported pipeline PipelineID=cf80c735-cb93-438b-a05e-dff27b2a1031 is not found
2022-04-27 10:52:25,308 [EventQueue-PipelineReportForPipelineReportHandler] INFO  pipeline.PipelineReportHandler (PipelineReportHandler.java:processPipelineReport(113)) - Reported pipeline PipelineID=cf80c735-cb93-438b-a05e-dff27b2a1031 is not found
2022-04-27 10:52:25,356 [EventQueue-PipelineReportForPipelineReportHandler] INFO  pipeline.PipelineReportHandler (PipelineReportHandler.java:processPipelineReport(113)) - Reported pipeline PipelineID=cf80c735-cb93-438b-a05e-dff27b2a1031 is not found
2022-04-27 10:52:25,434 [EventQueue-PipelineReportForPipelineReportHandler] INFO  pipeline.PipelineReportHandler (PipelineReportHandler.java:processPipelineReport(113)) - Reported pipeline PipelineID=cf80c735-cb93-438b-a05e-dff27b2a1031 is not found
2022-04-27 10:52:25,556 [EventQueue-PipelineReportForPipelineReportHandler] INFO  pipeline.PipelineReportHandler (PipelineReportHandler.java:processPipelineReport(113)) - Reported pipeline PipelineID=cf80c735-cb93-438b-a05e-dff27b2a1031 is not found
2022-04-27 10:52:25,709 [EventQueue-PipelineReportForPipelineReportHandler] INFO  pipeline.PipelineReportHandler (PipelineReportHandler.java:processPipelineReport(113)) - Reported pipeline PipelineID=cf80c735-cb93-438b-a05e-dff27b2a1031 is not found
2022-04-27 10:52:25,834 [EventQueue-PipelineReportForPipelineReportHandler] INFO  pipeline.PipelineReportHandler (PipelineReportHandler.java:processPipelineReport(113)) - Reported pipeline PipelineID=cf80c735-cb93-438b-a05e-dff27b2a1031 is not found
2022-04-27 10:52:25,909 [EventQueue-PipelineReportForPipelineReportHandler] INFO  pipeline.PipelineReportHandler (PipelineReportHandler.java:processPipelineReport(113)) - Reported pipeline PipelineID=cf80c735-cb93-438b-a05e-dff27b2a1031 is not found
2022-04-27 10:52:25,955 [EventQueue-PipelineReportForPipelineReportHandler] INFO  pipeline.PipelineReportHandler (PipelineReportHandler.java:processPipelineReport(113)) - Reported pipeline PipelineID=cf80c735-cb93-438b-a05e-dff27b2a1031 is not found
2022-04-27 10:52:26,110 [EventQueue-PipelineReportForPipelineReportHandler] INFO  pipeline.PipelineReportHandler (PipelineReportHandler.java:processPipelineReport(113)) - Reported pipeline PipelineID=cf80c735-cb93-438b-a05e-dff27b2a1031 is not found
2022-04-27 10:52:26,156 [EventQueue-PipelineReportForPipelineReportHandler] INFO  pipeline.PipelineReportHandler (PipelineReportHandler.java:processPipelineReport(113)) - Reported pipeline PipelineID=cf80c735-cb93-438b-a05e-dff27b2a1031 is not found
2022-04-27 10:52:26,235 [EventQueue-PipelineReportForPipelineReportHandler] INFO  pipeline.PipelineReportHandler (PipelineReportHandler.java:processPipelineReport(113)) - Reported pipeline PipelineID=cf80c735-cb93-438b-a05e-dff27b2a1031 is not found
2022-04-27 10:52:26,309 [EventQueue-PipelineReportForPipelineReportHandler] INFO  pipeline.PipelineReportHandler (PipelineReportHandler.java:processPipelineReport(113)) - Reported pipeline PipelineID=cf80c735-cb93-438b-a05e-dff27b2a1031 is not found
2022-04-27 10:52:26,434 [EventQueue-PipelineReportForPipelineReportHandler] INFO  pipeline.PipelineReportHandler (PipelineReportHandler.java:processPipelineReport(113)) - Reported pipeline PipelineID=cf80c735-cb93-438b-a05e-dff27b2a1031 is not found
2022-04-27 10:52:26,556 [EventQueue-PipelineReportForPipelineReportHandler] INFO  pipeline.PipelineReportHandler (PipelineReportHandler.java:processPipelineReport(113)) - Reported pipeline PipelineID=cf80c735-cb93-438b-a05e-dff27b2a1031 is not found
2022-04-27 10:52:26,713 [EventQueue-PipelineReportForPipelineReportHandler] INFO  pipeline.PipelineReportHandler (PipelineReportHandler.java:processPipelineReport(113)) - Reported pipeline PipelineID=cf80c735-cb93-438b-a05e-dff27b2a1031 is not found
2022-04-27 10:52:26,835 [EventQueue-PipelineReportForPipelineReportHandler] INFO  pipeline.PipelineReportHandler (PipelineReportHandler.java:processPipelineReport(113)) - Reported pipeline PipelineID=cf80c735-cb93-438b-a05e-dff27b2a1031 is not found
2022-04-27 10:52:26,957 [EventQueue-PipelineReportForPipelineReportHandler] INFO  pipeline.PipelineReportHandler (PipelineReportHandler.java:processPipelineReport(113)) - Reported pipeline PipelineID=cf80c735-cb93-438b-a05e-dff27b2a1031 is not found
2022-04-27 10:52:27,113 [EventQueue-PipelineReportForPipelineReportHandler] INFO  pipeline.PipelineReportHandler (PipelineReportHandler.java:processPipelineReport(113)) - Reported pipeline PipelineID=cf80c735-cb93-438b-a05e-dff27b2a1031 is not found
2022-04-27 10:52:27,157 [EventQueue-PipelineReportForPipelineReportHandler] INFO  pipeline.PipelineReportHandler (PipelineReportHandler.java:processPipelineReport(113)) - Reported pipeline PipelineID=cf80c735-cb93-438b-a05e-dff27b2a1031 is not found
2022-04-27 10:52:27,168 [5e3f1479-9daf-43cd-8651-224960992f9b@group-A1352ADA7BC1-StateMachineUpdater] INFO  ratis.ContainerStateMachine (ContainerStateMachine.java:takeSnapshot(304)) - group-A1352ADA7BC1: Taking a snapshot at:(t:5, i:0) file /home/runner/work/ozone/ozone/hadoop-ozone/integration-test/target/test-dir/MiniOzoneClusterImpl-6fb830c9-5413-49cc-a625-6cf41c4e5c97/datanode-5/data/ratis/bf02a7f3-0536-411e-9f4a-a1352ada7bc1/sm/snapshot.5_0
2022-04-27 10:52:27,175 [5e3f1479-9daf-43cd-8651-224960992f9b@group-A1352ADA7BC1-StateMachineUpdater] INFO  ratis.ContainerStateMachine (ContainerStateMachine.java:takeSnapshot(315)) - group-A1352ADA7BC1: Finished taking a snapshot at:(t:5, i:0) file:/home/runner/work/ozone/ozone/hadoop-ozone/integration-test/target/test-dir/MiniOzoneClusterImpl-6fb830c9-5413-49cc-a625-6cf41c4e5c97/datanode-5/data/ratis/bf02a7f3-0536-411e-9f4a-a1352ada7bc1/sm/snapshot.5_0 took: 7 ms
2022-04-27 10:52:27,175 [5e3f1479-9daf-43cd-8651-224960992f9b@group-A1352ADA7BC1-StateMachineUpdater] INFO  impl.StateMachineUpdater (StateMachineUpdater.java:takeSnapshot(281)) - 5e3f1479-9daf-43cd-8651-224960992f9b@group-A1352ADA7BC1-StateMachineUpdater: Took a snapshot at index 0
2022-04-27 10:52:27,175 [5e3f1479-9daf-43cd-8651-224960992f9b@group-A1352ADA7BC1-StateMachineUpdater] INFO  impl.StateMachineUpdater (StateMachineUpdater.java:lambda$new$0(89)) - 5e3f1479-9daf-43cd-8651-224960992f9b@group-A1352ADA7BC1-StateMachineUpdater: snapshotIndex: updateIncreasingly -1 -> 0
2022-04-27 10:52:27,235 [EventQueue-PipelineReportForPipelineReportHandler] INFO  pipeline.PipelineReportHandler (PipelineReportHandler.java:processPipelineReport(113)) - Reported pipeline PipelineID=cf80c735-cb93-438b-a05e-dff27b2a1031 is not found
2022-04-27 10:52:27,313 [EventQueue-PipelineReportForPipelineReportHandler] INFO  pipeline.PipelineReportHandler (PipelineReportHandler.java:processPipelineReport(113)) - Reported pipeline PipelineID=cf80c735-cb93-438b-a05e-dff27b2a1031 is not found
2022-04-27 10:52:27,434 [EventQueue-PipelineReportForPipelineReportHandler] INFO  pipeline.PipelineReportHandler (PipelineReportHandler.java:processPipelineReport(113)) - Reported pipeline PipelineID=cf80c735-cb93-438b-a05e-dff27b2a1031 is not found
2022-04-27 10:52:27,557 [EventQueue-PipelineReportForPipelineReportHandler] INFO  pipeline.PipelineReportHandler (PipelineReportHandler.java:processPipelineReport(113)) - Reported pipeline PipelineID=cf80c735-cb93-438b-a05e-dff27b2a1031 is not found
2022-04-27 10:52:27,714 [EventQueue-PipelineReportForPipelineReportHandler] INFO  pipeline.PipelineReportHandler (PipelineReportHandler.java:processPipelineReport(113)) - Reported pipeline PipelineID=cf80c735-cb93-438b-a05e-dff27b2a1031 is not found
2022-04-27 10:52:27,757 [EventQueue-PipelineReportForPipelineReportHandler] INFO  pipeline.PipelineReportHandler (PipelineReportHandler.java:processPipelineReport(113)) - Reported pipeline PipelineID=cf80c735-cb93-438b-a05e-dff27b2a1031 is not found
2022-04-27 10:52:27,775 [java.util.concurrent.ThreadPoolExecutor$Worker@66701fb0[State = -1, empty queue]] WARN  grpc.GrpcUtil (GrpcUtil.java:shutdownManagedChannel(216)) - Timed out gracefully shutting down connection: ManagedChannelOrphanWrapper{delegate=ManagedChannelImpl{logId=264, target=10.1.0.29:39501}}. 
2022-04-27 10:52:27,807 [Listener at 127.0.0.1/43313] WARN  io.KeyOutputStream (KeyOutputStream.java:handleException(309)) - Encountered exception java.io.IOException: Unexpected Storage Container Exception: java.util.concurrent.CompletionException: Failed to write chunk 109611004723200002_chunk_2 into block conID: 2 locID: 109611004723200002 bcsId: 6 on the pipeline Pipeline[ Id: cf80c735-cb93-438b-a05e-dff27b2a1031, Nodes: 0a06a8c4-9179-4a2e-838b-55c09a430176{ip: 10.1.0.29, host: fv-az270-423.tacnzluakwdehk1hpragurqkma.bx.internal.cloudapp.net, ports: [REPLICATION=38343, RATIS=39993, RATIS_ADMIN=39993, RATIS_SERVER=39993, STANDALONE=39275], networkLocation: /default-rack, certSerialId: null, persistedOpState: IN_SERVICE, persistedOpStateExpiryEpochSec: 0}6f2ed759-dfb9-4419-9191-8597321ac421{ip: 10.1.0.29, host: fv-az270-423.tacnzluakwdehk1hpragurqkma.bx.internal.cloudapp.net, ports: [REPLICATION=41459, RATIS=39501, RATIS_ADMIN=39501, RATIS_SERVER=39501, STANDALONE=44875], networkLocation: /default-rack, certSerialId: null, persistedOpState: IN_SERVICE, persistedOpStateExpiryEpochSec: 0}5e3f1479-9daf-43cd-8651-224960992f9b{ip: 10.1.0.29, host: fv-az270-423.tacnzluakwdehk1hpragurqkma.bx.internal.cloudapp.net, ports: [REPLICATION=39479, RATIS=36215, RATIS_ADMIN=36215, RATIS_SERVER=36215, STANDALONE=43119], networkLocation: /default-rack, certSerialId: null, persistedOpState: IN_SERVICE, persistedOpStateExpiryEpochSec: 0}, ReplicationConfig: RATIS/THREE, State:OPEN, leaderId:6f2ed759-dfb9-4419-9191-8597321ac421, CreationTimestamp2022-04-27T10:51:56.916Z[Etc/UTC]]. The last committed block length is 5, uncommitted data length is 10 retry count 0
2022-04-27 10:52:27,838 [EventQueue-PipelineReportForPipelineReportHandler] INFO  pipeline.PipelineReportHandler (PipelineReportHandler.java:processPipelineReport(113)) - Reported pipeline PipelineID=cf80c735-cb93-438b-a05e-dff27b2a1031 is not found
2022-04-27 10:52:27,915 [EventQueue-PipelineReportForPipelineReportHandler] INFO  pipeline.PipelineReportHandler (PipelineReportHandler.java:processPipelineReport(113)) - Reported pipeline PipelineID=cf80c735-cb93-438b-a05e-dff27b2a1031 is not found
2022-04-27 10:52:27,961 [EventQueue-PipelineReportForPipelineReportHandler] INFO  pipeline.PipelineReportHandler (PipelineReportHandler.java:processPipelineReport(113)) - Reported pipeline PipelineID=cf80c735-cb93-438b-a05e-dff27b2a1031 is not found
2022-04-27 10:52:27,986 [fc150688-1f76-4ec0-a672-aaf91f0753c3@group-E78063F29D5F-StateMachineUpdater] INFO  ratis.ContainerStateMachine (ContainerStateMachine.java:takeSnapshot(304)) - group-E78063F29D5F: Taking a snapshot at:(t:3, i:1) file /home/runner/work/ozone/ozone/hadoop-ozone/integration-test/target/test-dir/MiniOzoneClusterImpl-6fb830c9-5413-49cc-a625-6cf41c4e5c97/datanode-8/data/ratis/d2638837-f985-4e21-8ffd-e78063f29d5f/sm/snapshot.3_1
2022-04-27 10:52:27,991 [7171416e-d570-4db8-8282-6e036003ab52@group-E78063F29D5F-StateMachineUpdater] INFO  ratis.ContainerStateMachine (ContainerStateMachine.java:takeSnapshot(304)) - group-E78063F29D5F: Taking a snapshot at:(t:3, i:0) file /home/runner/work/ozone/ozone/hadoop-ozone/integration-test/target/test-dir/MiniOzoneClusterImpl-6fb830c9-5413-49cc-a625-6cf41c4e5c97/datanode-7/data/ratis/d2638837-f985-4e21-8ffd-e78063f29d5f/sm/snapshot.3_0
2022-04-27 10:52:27,991 [5e6908a8-a78b-4a66-9555-b48c04384dc8@group-E78063F29D5F-StateMachineUpdater] INFO  ratis.ContainerStateMachine (ContainerStateMachine.java:takeSnapshot(304)) - group-E78063F29D5F: Taking a snapshot at:(t:3, i:1) file /home/runner/work/ozone/ozone/hadoop-ozone/integration-test/target/test-dir/MiniOzoneClusterImpl-6fb830c9-5413-49cc-a625-6cf41c4e5c97/datanode-6/data/ratis/d2638837-f985-4e21-8ffd-e78063f29d5f/sm/snapshot.3_1
2022-04-27 10:52:27,997 [7171416e-d570-4db8-8282-6e036003ab52@group-E78063F29D5F-StateMachineUpdater] INFO  ratis.ContainerStateMachine (ContainerStateMachine.java:takeSnapshot(315)) - group-E78063F29D5F: Finished taking a snapshot at:(t:3, i:0) file:/home/runner/work/ozone/ozone/hadoop-ozone/integration-test/target/test-dir/MiniOzoneClusterImpl-6fb830c9-5413-49cc-a625-6cf41c4e5c97/datanode-7/data/ratis/d2638837-f985-4e21-8ffd-e78063f29d5f/sm/snapshot.3_0 took: 6 ms
2022-04-27 10:52:27,997 [7171416e-d570-4db8-8282-6e036003ab52@group-E78063F29D5F-StateMachineUpdater] INFO  impl.StateMachineUpdater (StateMachineUpdater.java:takeSnapshot(281)) - 7171416e-d570-4db8-8282-6e036003ab52@group-E78063F29D5F-StateMachineUpdater: Took a snapshot at index 0
2022-04-27 10:52:27,997 [7171416e-d570-4db8-8282-6e036003ab52@group-E78063F29D5F-StateMachineUpdater] INFO  impl.StateMachineUpdater (StateMachineUpdater.java:lambda$new$0(89)) - 7171416e-d570-4db8-8282-6e036003ab52@group-E78063F29D5F-StateMachineUpdater: snapshotIndex: updateIncreasingly 0 -> 0
2022-04-27 10:52:27,997 [5e6908a8-a78b-4a66-9555-b48c04384dc8@group-E78063F29D5F-StateMachineUpdater] INFO  ratis.ContainerStateMachine (ContainerStateMachine.java:takeSnapshot(315)) - group-E78063F29D5F: Finished taking a snapshot at:(t:3, i:1) file:/home/runner/work/ozone/ozone/hadoop-ozone/integration-test/target/test-dir/MiniOzoneClusterImpl-6fb830c9-5413-49cc-a625-6cf41c4e5c97/datanode-6/data/ratis/d2638837-f985-4e21-8ffd-e78063f29d5f/sm/snapshot.3_1 took: 6 ms
2022-04-27 10:52:27,997 [5e6908a8-a78b-4a66-9555-b48c04384dc8@group-E78063F29D5F-StateMachineUpdater] INFO  impl.StateMachineUpdater (StateMachineUpdater.java:takeSnapshot(281)) - 5e6908a8-a78b-4a66-9555-b48c04384dc8@group-E78063F29D5F-StateMachineUpdater: Took a snapshot at index 1
2022-04-27 10:52:27,997 [5e6908a8-a78b-4a66-9555-b48c04384dc8@group-E78063F29D5F-StateMachineUpdater] INFO  impl.StateMachineUpdater (StateMachineUpdater.java:lambda$new$0(89)) - 5e6908a8-a78b-4a66-9555-b48c04384dc8@group-E78063F29D5F-StateMachineUpdater: snapshotIndex: updateIncreasingly 0 -> 1
2022-04-27 10:52:27,999 [fc150688-1f76-4ec0-a672-aaf91f0753c3@group-E78063F29D5F-StateMachineUpdater] INFO  ratis.ContainerStateMachine (ContainerStateMachine.java:takeSnapshot(315)) - group-E78063F29D5F: Finished taking a snapshot at:(t:3, i:1) file:/home/runner/work/ozone/ozone/hadoop-ozone/integration-test/target/test-dir/MiniOzoneClusterImpl-6fb830c9-5413-49cc-a625-6cf41c4e5c97/datanode-8/data/ratis/d2638837-f985-4e21-8ffd-e78063f29d5f/sm/snapshot.3_1 took: 13 ms
2022-04-27 10:52:27,999 [fc150688-1f76-4ec0-a672-aaf91f0753c3@group-E78063F29D5F-StateMachineUpdater] INFO  impl.StateMachineUpdater (StateMachineUpdater.java:takeSnapshot(281)) - fc150688-1f76-4ec0-a672-aaf91f0753c3@group-E78063F29D5F-StateMachineUpdater: Took a snapshot at index 1
2022-04-27 10:52:27,999 [fc150688-1f76-4ec0-a672-aaf91f0753c3@group-E78063F29D5F-StateMachineUpdater] INFO  impl.StateMachineUpdater (StateMachineUpdater.java:lambda$new$0(89)) - fc150688-1f76-4ec0-a672-aaf91f0753c3@group-E78063F29D5F-StateMachineUpdater: snapshotIndex: updateIncreasingly 0 -> 1
2022-04-27 10:52:28,008 [fc150688-1f76-4ec0-a672-aaf91f0753c3@group-E78063F29D5F-StateMachineUpdater] INFO  ratis.ContainerStateMachine (ContainerStateMachine.java:takeSnapshot(304)) - group-E78063F29D5F: Taking a snapshot at:(t:3, i:4) file /home/runner/work/ozone/ozone/hadoop-ozone/integration-test/target/test-dir/MiniOzoneClusterImpl-6fb830c9-5413-49cc-a625-6cf41c4e5c97/datanode-8/data/ratis/d2638837-f985-4e21-8ffd-e78063f29d5f/sm/snapshot.3_4
2022-04-27 10:52:28,009 [fc150688-1f76-4ec0-a672-aaf91f0753c3@group-E78063F29D5F-StateMachineUpdater] INFO  ratis.ContainerStateMachine (ContainerStateMachine.java:takeSnapshot(315)) - group-E78063F29D5F: Finished taking a snapshot at:(t:3, i:4) file:/home/runner/work/ozone/ozone/hadoop-ozone/integration-test/target/test-dir/MiniOzoneClusterImpl-6fb830c9-5413-49cc-a625-6cf41c4e5c97/datanode-8/data/ratis/d2638837-f985-4e21-8ffd-e78063f29d5f/sm/snapshot.3_4 took: 1 ms
2022-04-27 10:52:28,009 [fc150688-1f76-4ec0-a672-aaf91f0753c3@group-E78063F29D5F-StateMachineUpdater] INFO  impl.StateMachineUpdater (StateMachineUpdater.java:takeSnapshot(281)) - fc150688-1f76-4ec0-a672-aaf91f0753c3@group-E78063F29D5F-StateMachineUpdater: Took a snapshot at index 4
2022-04-27 10:52:28,009 [fc150688-1f76-4ec0-a672-aaf91f0753c3@group-E78063F29D5F-StateMachineUpdater] INFO  impl.StateMachineUpdater (StateMachineUpdater.java:lambda$new$0(89)) - fc150688-1f76-4ec0-a672-aaf91f0753c3@group-E78063F29D5F-StateMachineUpdater: snapshotIndex: updateIncreasingly 1 -> 4
2022-04-27 10:52:28,011 [5e6908a8-a78b-4a66-9555-b48c04384dc8@group-E78063F29D5F-StateMachineUpdater] INFO  ratis.ContainerStateMachine (ContainerStateMachine.java:takeSnapshot(304)) - group-E78063F29D5F: Taking a snapshot at:(t:3, i:1) file /home/runner/work/ozone/ozone/hadoop-ozone/integration-test/target/test-dir/MiniOzoneClusterImpl-6fb830c9-5413-49cc-a625-6cf41c4e5c97/datanode-6/data/ratis/d2638837-f985-4e21-8ffd-e78063f29d5f/sm/snapshot.3_1
2022-04-27 10:52:28,012 [5e6908a8-a78b-4a66-9555-b48c04384dc8@group-E78063F29D5F-StateMachineUpdater] INFO  ratis.ContainerStateMachine (ContainerStateMachine.java:takeSnapshot(315)) - group-E78063F29D5F: Finished taking a snapshot at:(t:3, i:1) file:/home/runner/work/ozone/ozone/hadoop-ozone/integration-test/target/test-dir/MiniOzoneClusterImpl-6fb830c9-5413-49cc-a625-6cf41c4e5c97/datanode-6/data/ratis/d2638837-f985-4e21-8ffd-e78063f29d5f/sm/snapshot.3_1 took: 2 ms
2022-04-27 10:52:28,021 [7171416e-d570-4db8-8282-6e036003ab52@group-E78063F29D5F-StateMachineUpdater] INFO  ratis.ContainerStateMachine (ContainerStateMachine.java:takeSnapshot(304)) - group-E78063F29D5F: Taking a snapshot at:(t:3, i:2) file /home/runner/work/ozone/ozone/hadoop-ozone/integration-test/target/test-dir/MiniOzoneClusterImpl-6fb830c9-5413-49cc-a625-6cf41c4e5c97/datanode-7/data/ratis/d2638837-f985-4e21-8ffd-e78063f29d5f/sm/snapshot.3_2
2022-04-27 10:52:28,022 [5e6908a8-a78b-4a66-9555-b48c04384dc8@group-E78063F29D5F-StateMachineUpdater] INFO  impl.StateMachineUpdater (StateMachineUpdater.java:takeSnapshot(281)) - 5e6908a8-a78b-4a66-9555-b48c04384dc8@group-E78063F29D5F-StateMachineUpdater: Took a snapshot at index 1
2022-04-27 10:52:28,023 [5e6908a8-a78b-4a66-9555-b48c04384dc8@group-E78063F29D5F-StateMachineUpdater] INFO  impl.StateMachineUpdater (StateMachineUpdater.java:lambda$new$0(89)) - 5e6908a8-a78b-4a66-9555-b48c04384dc8@group-E78063F29D5F-StateMachineUpdater: snapshotIndex: updateIncreasingly 1 -> 1
2022-04-27 10:52:28,023 [7171416e-d570-4db8-8282-6e036003ab52@group-E78063F29D5F-StateMachineUpdater] INFO  ratis.ContainerStateMachine (ContainerStateMachine.java:takeSnapshot(315)) - group-E78063F29D5F: Finished taking a snapshot at:(t:3, i:2) file:/home/runner/work/ozone/ozone/hadoop-ozone/integration-test/target/test-dir/MiniOzoneClusterImpl-6fb830c9-5413-49cc-a625-6cf41c4e5c97/datanode-7/data/ratis/d2638837-f985-4e21-8ffd-e78063f29d5f/sm/snapshot.3_2 took: 3 ms
2022-04-27 10:52:28,024 [7171416e-d570-4db8-8282-6e036003ab52@group-E78063F29D5F-StateMachineUpdater] INFO  impl.StateMachineUpdater (StateMachineUpdater.java:takeSnapshot(281)) - 7171416e-d570-4db8-8282-6e036003ab52@group-E78063F29D5F-StateMachineUpdater: Took a snapshot at index 2
2022-04-27 10:52:28,024 [7171416e-d570-4db8-8282-6e036003ab52@group-E78063F29D5F-StateMachineUpdater] INFO  impl.StateMachineUpdater (StateMachineUpdater.java:lambda$new$0(89)) - 7171416e-d570-4db8-8282-6e036003ab52@group-E78063F29D5F-StateMachineUpdater: snapshotIndex: updateIncreasingly 0 -> 2
2022-04-27 10:52:28,024 [7171416e-d570-4db8-8282-6e036003ab52@group-E78063F29D5F-StateMachineUpdater] INFO  ratis.ContainerStateMachine (ContainerStateMachine.java:takeSnapshot(304)) - group-E78063F29D5F: Taking a snapshot at:(t:3, i:4) file /home/runner/work/ozone/ozone/hadoop-ozone/integration-test/target/test-dir/MiniOzoneClusterImpl-6fb830c9-5413-49cc-a625-6cf41c4e5c97/datanode-7/data/ratis/d2638837-f985-4e21-8ffd-e78063f29d5f/sm/snapshot.3_4
2022-04-27 10:52:28,026 [7171416e-d570-4db8-8282-6e036003ab52@group-E78063F29D5F-StateMachineUpdater] INFO  ratis.ContainerStateMachine (ContainerStateMachine.java:takeSnapshot(315)) - group-E78063F29D5F: Finished taking a snapshot at:(t:3, i:4) file:/home/runner/work/ozone/ozone/hadoop-ozone/integration-test/target/test-dir/MiniOzoneClusterImpl-6fb830c9-5413-49cc-a625-6cf41c4e5c97/datanode-7/data/ratis/d2638837-f985-4e21-8ffd-e78063f29d5f/sm/snapshot.3_4 took: 2 ms
2022-04-27 10:52:28,026 [7171416e-d570-4db8-8282-6e036003ab52@group-E78063F29D5F-StateMachineUpdater] INFO  impl.StateMachineUpdater (StateMachineUpdater.java:takeSnapshot(281)) - 7171416e-d570-4db8-8282-6e036003ab52@group-E78063F29D5F-StateMachineUpdater: Took a snapshot at index 4
2022-04-27 10:52:28,026 [7171416e-d570-4db8-8282-6e036003ab52@group-E78063F29D5F-StateMachineUpdater] INFO  impl.StateMachineUpdater (StateMachineUpdater.java:lambda$new$0(89)) - 7171416e-d570-4db8-8282-6e036003ab52@group-E78063F29D5F-StateMachineUpdater: snapshotIndex: updateIncreasingly 2 -> 4
2022-04-27 10:52:28,027 [5e6908a8-a78b-4a66-9555-b48c04384dc8@group-E78063F29D5F-StateMachineUpdater] INFO  ratis.ContainerStateMachine (ContainerStateMachine.java:takeSnapshot(304)) - group-E78063F29D5F: Taking a snapshot at:(t:3, i:4) file /home/runner/work/ozone/ozone/hadoop-ozone/integration-test/target/test-dir/MiniOzoneClusterImpl-6fb830c9-5413-49cc-a625-6cf41c4e5c97/datanode-6/data/ratis/d2638837-f985-4e21-8ffd-e78063f29d5f/sm/snapshot.3_4
2022-04-27 10:52:28,029 [5e6908a8-a78b-4a66-9555-b48c04384dc8@group-E78063F29D5F-StateMachineUpdater] INFO  ratis.ContainerStateMachine (ContainerStateMachine.java:takeSnapshot(315)) - group-E78063F29D5F: Finished taking a snapshot at:(t:3, i:4) file:/home/runner/work/ozone/ozone/hadoop-ozone/integration-test/target/test-dir/MiniOzoneClusterImpl-6fb830c9-5413-49cc-a625-6cf41c4e5c97/datanode-6/data/ratis/d2638837-f985-4e21-8ffd-e78063f29d5f/sm/snapshot.3_4 took: 1 ms
2022-04-27 10:52:28,029 [5e6908a8-a78b-4a66-9555-b48c04384dc8@group-E78063F29D5F-StateMachineUpdater] INFO  impl.StateMachineUpdater (StateMachineUpdater.java:takeSnapshot(281)) - 5e6908a8-a78b-4a66-9555-b48c04384dc8@group-E78063F29D5F-StateMachineUpdater: Took a snapshot at index 4
2022-04-27 10:52:28,029 [5e6908a8-a78b-4a66-9555-b48c04384dc8@group-E78063F29D5F-StateMachineUpdater] INFO  impl.StateMachineUpdater (StateMachineUpdater.java:lambda$new$0(89)) - 5e6908a8-a78b-4a66-9555-b48c04384dc8@group-E78063F29D5F-StateMachineUpdater: snapshotIndex: updateIncreasingly 1 -> 4
2022-04-27 10:52:28,036 [EventQueue-PipelineReportForPipelineReportHandler] INFO  pipeline.PipelineReportHandler (PipelineReportHandler.java:processPipelineReport(113)) - Reported pipeline PipelineID=cf80c735-cb93-438b-a05e-dff27b2a1031 is not found
2022-04-27 10:52:28,041 [fc150688-1f76-4ec0-a672-aaf91f0753c3@group-E78063F29D5F-StateMachineUpdater] INFO  ratis.ContainerStateMachine (ContainerStateMachine.java:takeSnapshot(304)) - group-E78063F29D5F: Taking a snapshot at:(t:3, i:5) file /home/runner/work/ozone/ozone/hadoop-ozone/integration-test/target/test-dir/MiniOzoneClusterImpl-6fb830c9-5413-49cc-a625-6cf41c4e5c97/datanode-8/data/ratis/d2638837-f985-4e21-8ffd-e78063f29d5f/sm/snapshot.3_5
2022-04-27 10:52:28,043 [fc150688-1f76-4ec0-a672-aaf91f0753c3@group-E78063F29D5F-StateMachineUpdater] INFO  ratis.ContainerStateMachine (ContainerStateMachine.java:takeSnapshot(315)) - group-E78063F29D5F: Finished taking a snapshot at:(t:3, i:5) file:/home/runner/work/ozone/ozone/hadoop-ozone/integration-test/target/test-dir/MiniOzoneClusterImpl-6fb830c9-5413-49cc-a625-6cf41c4e5c97/datanode-8/data/ratis/d2638837-f985-4e21-8ffd-e78063f29d5f/sm/snapshot.3_5 took: 2 ms
2022-04-27 10:52:28,043 [fc150688-1f76-4ec0-a672-aaf91f0753c3@group-E78063F29D5F-StateMachineUpdater] INFO  impl.StateMachineUpdater (StateMachineUpdater.java:takeSnapshot(281)) - fc150688-1f76-4ec0-a672-aaf91f0753c3@group-E78063F29D5F-StateMachineUpdater: Took a snapshot at index 5
2022-04-27 10:52:28,043 [fc150688-1f76-4ec0-a672-aaf91f0753c3@group-E78063F29D5F-StateMachineUpdater] INFO  impl.StateMachineUpdater (StateMachineUpdater.java:lambda$new$0(89)) - fc150688-1f76-4ec0-a672-aaf91f0753c3@group-E78063F29D5F-StateMachineUpdater: snapshotIndex: updateIncreasingly 4 -> 5
2022-04-27 10:52:28,070 [7171416e-d570-4db8-8282-6e036003ab52@group-E78063F29D5F-StateMachineUpdater] INFO  ratis.ContainerStateMachine (ContainerStateMachine.java:takeSnapshot(304)) - group-E78063F29D5F: Taking a snapshot at:(t:3, i:5) file /home/runner/work/ozone/ozone/hadoop-ozone/integration-test/target/test-dir/MiniOzoneClusterImpl-6fb830c9-5413-49cc-a625-6cf41c4e5c97/datanode-7/data/ratis/d2638837-f985-4e21-8ffd-e78063f29d5f/sm/snapshot.3_5
2022-04-27 10:52:28,070 [5e6908a8-a78b-4a66-9555-b48c04384dc8@group-E78063F29D5F-StateMachineUpdater] INFO  ratis.ContainerStateMachine (ContainerStateMachine.java:takeSnapshot(304)) - group-E78063F29D5F: Taking a snapshot at:(t:3, i:5) file /home/runner/work/ozone/ozone/hadoop-ozone/integration-test/target/test-dir/MiniOzoneClusterImpl-6fb830c9-5413-49cc-a625-6cf41c4e5c97/datanode-6/data/ratis/d2638837-f985-4e21-8ffd-e78063f29d5f/sm/snapshot.3_5
2022-04-27 10:52:28,072 [5e6908a8-a78b-4a66-9555-b48c04384dc8@group-E78063F29D5F-StateMachineUpdater] INFO  ratis.ContainerStateMachine (ContainerStateMachine.java:takeSnapshot(315)) - group-E78063F29D5F: Finished taking a snapshot at:(t:3, i:5) file:/home/runner/work/ozone/ozone/hadoop-ozone/integration-test/target/test-dir/MiniOzoneClusterImpl-6fb830c9-5413-49cc-a625-6cf41c4e5c97/datanode-6/data/ratis/d2638837-f985-4e21-8ffd-e78063f29d5f/sm/snapshot.3_5 took: 2 ms
2022-04-27 10:52:28,072 [5e6908a8-a78b-4a66-9555-b48c04384dc8@group-E78063F29D5F-StateMachineUpdater] INFO  impl.StateMachineUpdater (StateMachineUpdater.java:takeSnapshot(281)) - 5e6908a8-a78b-4a66-9555-b48c04384dc8@group-E78063F29D5F-StateMachineUpdater: Took a snapshot at index 5
2022-04-27 10:52:28,072 [5e6908a8-a78b-4a66-9555-b48c04384dc8@group-E78063F29D5F-StateMachineUpdater] INFO  impl.StateMachineUpdater (StateMachineUpdater.java:lambda$new$0(89)) - 5e6908a8-a78b-4a66-9555-b48c04384dc8@group-E78063F29D5F-StateMachineUpdater: snapshotIndex: updateIncreasingly 4 -> 5
2022-04-27 10:52:28,073 [7171416e-d570-4db8-8282-6e036003ab52@group-E78063F29D5F-StateMachineUpdater] INFO  ratis.ContainerStateMachine (ContainerStateMachine.java:takeSnapshot(315)) - group-E78063F29D5F: Finished taking a snapshot at:(t:3, i:5) file:/home/runner/work/ozone/ozone/hadoop-ozone/integration-test/target/test-dir/MiniOzoneClusterImpl-6fb830c9-5413-49cc-a625-6cf41c4e5c97/datanode-7/data/ratis/d2638837-f985-4e21-8ffd-e78063f29d5f/sm/snapshot.3_5 took: 3 ms
2022-04-27 10:52:28,076 [7171416e-d570-4db8-8282-6e036003ab52@group-E78063F29D5F-StateMachineUpdater] INFO  impl.StateMachineUpdater (StateMachineUpdater.java:takeSnapshot(281)) - 7171416e-d570-4db8-8282-6e036003ab52@group-E78063F29D5F-StateMachineUpdater: Took a snapshot at index 5
2022-04-27 10:52:28,076 [7171416e-d570-4db8-8282-6e036003ab52@group-E78063F29D5F-StateMachineUpdater] INFO  impl.StateMachineUpdater (StateMachineUpdater.java:lambda$new$0(89)) - 7171416e-d570-4db8-8282-6e036003ab52@group-E78063F29D5F-StateMachineUpdater: snapshotIndex: updateIncreasingly 4 -> 5
2022-04-27 10:52:28,081 [fc150688-1f76-4ec0-a672-aaf91f0753c3@group-E78063F29D5F-StateMachineUpdater] INFO  ratis.ContainerStateMachine (ContainerStateMachine.java:takeSnapshot(304)) - group-E78063F29D5F: Taking a snapshot at:(t:3, i:6) file /home/runner/work/ozone/ozone/hadoop-ozone/integration-test/target/test-dir/MiniOzoneClusterImpl-6fb830c9-5413-49cc-a625-6cf41c4e5c97/datanode-8/data/ratis/d2638837-f985-4e21-8ffd-e78063f29d5f/sm/snapshot.3_6
2022-04-27 10:52:28,082 [5e6908a8-a78b-4a66-9555-b48c04384dc8@group-E78063F29D5F-StateMachineUpdater] INFO  ratis.ContainerStateMachine (ContainerStateMachine.java:takeSnapshot(304)) - group-E78063F29D5F: Taking a snapshot at:(t:3, i:5) file /home/runner/work/ozone/ozone/hadoop-ozone/integration-test/target/test-dir/MiniOzoneClusterImpl-6fb830c9-5413-49cc-a625-6cf41c4e5c97/datanode-6/data/ratis/d2638837-f985-4e21-8ffd-e78063f29d5f/sm/snapshot.3_5
2022-04-27 10:52:28,082 [fc150688-1f76-4ec0-a672-aaf91f0753c3@group-E78063F29D5F-StateMachineUpdater] INFO  ratis.ContainerStateMachine (ContainerStateMachine.java:takeSnapshot(315)) - group-E78063F29D5F: Finished taking a snapshot at:(t:3, i:6) file:/home/runner/work/ozone/ozone/hadoop-ozone/integration-test/target/test-dir/MiniOzoneClusterImpl-6fb830c9-5413-49cc-a625-6cf41c4e5c97/datanode-8/data/ratis/d2638837-f985-4e21-8ffd-e78063f29d5f/sm/snapshot.3_6 took: 1 ms
2022-04-27 10:52:28,083 [fc150688-1f76-4ec0-a672-aaf91f0753c3@group-E78063F29D5F-StateMachineUpdater] INFO  impl.StateMachineUpdater (StateMachineUpdater.java:takeSnapshot(281)) - fc150688-1f76-4ec0-a672-aaf91f0753c3@group-E78063F29D5F-StateMachineUpdater: Took a snapshot at index 6
2022-04-27 10:52:28,083 [fc150688-1f76-4ec0-a672-aaf91f0753c3@group-E78063F29D5F-StateMachineUpdater] INFO  impl.StateMachineUpdater (StateMachineUpdater.java:lambda$new$0(89)) - fc150688-1f76-4ec0-a672-aaf91f0753c3@group-E78063F29D5F-StateMachineUpdater: snapshotIndex: updateIncreasingly 5 -> 6
2022-04-27 10:52:28,083 [fc150688-1f76-4ec0-a672-aaf91f0753c3@group-E78063F29D5F-StateMachineUpdater] INFO  ratis.ContainerStateMachine (ContainerStateMachine.java:takeSnapshot(304)) - group-E78063F29D5F: Taking a snapshot at:(t:3, i:8) file /home/runner/work/ozone/ozone/hadoop-ozone/integration-test/target/test-dir/MiniOzoneClusterImpl-6fb830c9-5413-49cc-a625-6cf41c4e5c97/datanode-8/data/ratis/d2638837-f985-4e21-8ffd-e78063f29d5f/sm/snapshot.3_8
2022-04-27 10:52:28,084 [5e6908a8-a78b-4a66-9555-b48c04384dc8@group-E78063F29D5F-StateMachineUpdater] INFO  ratis.ContainerStateMachine (ContainerStateMachine.java:takeSnapshot(315)) - group-E78063F29D5F: Finished taking a snapshot at:(t:3, i:5) file:/home/runner/work/ozone/ozone/hadoop-ozone/integration-test/target/test-dir/MiniOzoneClusterImpl-6fb830c9-5413-49cc-a625-6cf41c4e5c97/datanode-6/data/ratis/d2638837-f985-4e21-8ffd-e78063f29d5f/sm/snapshot.3_5 took: 2 ms
2022-04-27 10:52:28,084 [5e6908a8-a78b-4a66-9555-b48c04384dc8@group-E78063F29D5F-StateMachineUpdater] INFO  impl.StateMachineUpdater (StateMachineUpdater.java:takeSnapshot(281)) - 5e6908a8-a78b-4a66-9555-b48c04384dc8@group-E78063F29D5F-StateMachineUpdater: Took a snapshot at index 5
2022-04-27 10:52:28,084 [5e6908a8-a78b-4a66-9555-b48c04384dc8@group-E78063F29D5F-StateMachineUpdater] INFO  impl.StateMachineUpdater (StateMachineUpdater.java:lambda$new$0(89)) - 5e6908a8-a78b-4a66-9555-b48c04384dc8@group-E78063F29D5F-StateMachineUpdater: snapshotIndex: updateIncreasingly 5 -> 5
2022-04-27 10:52:28,084 [fc150688-1f76-4ec0-a672-aaf91f0753c3@group-E78063F29D5F-StateMachineUpdater] INFO  ratis.ContainerStateMachine (ContainerStateMachine.java:takeSnapshot(315)) - group-E78063F29D5F: Finished taking a snapshot at:(t:3, i:8) file:/home/runner/work/ozone/ozone/hadoop-ozone/integration-test/target/test-dir/MiniOzoneClusterImpl-6fb830c9-5413-49cc-a625-6cf41c4e5c97/datanode-8/data/ratis/d2638837-f985-4e21-8ffd-e78063f29d5f/sm/snapshot.3_8 took: 1 ms
2022-04-27 10:52:28,085 [fc150688-1f76-4ec0-a672-aaf91f0753c3@group-E78063F29D5F-StateMachineUpdater] INFO  impl.SimpleStateMachineStorage (SimpleStateMachineStorage.java:cleanupOldSnapshots(102)) - Deleting old snapshot at /home/runner/work/ozone/ozone/hadoop-ozone/integration-test/target/test-dir/MiniOzoneClusterImpl-6fb830c9-5413-49cc-a625-6cf41c4e5c97/datanode-8/data/ratis/d2638837-f985-4e21-8ffd-e78063f29d5f/sm/snapshot.3_0
2022-04-27 10:52:28,086 [fc150688-1f76-4ec0-a672-aaf91f0753c3@group-E78063F29D5F-StateMachineUpdater] INFO  impl.StateMachineUpdater (StateMachineUpdater.java:takeSnapshot(281)) - fc150688-1f76-4ec0-a672-aaf91f0753c3@group-E78063F29D5F-StateMachineUpdater: Took a snapshot at index 8
2022-04-27 10:52:28,086 [fc150688-1f76-4ec0-a672-aaf91f0753c3@group-E78063F29D5F-StateMachineUpdater] INFO  impl.StateMachineUpdater (StateMachineUpdater.java:lambda$new$0(89)) - fc150688-1f76-4ec0-a672-aaf91f0753c3@group-E78063F29D5F-StateMachineUpdater: snapshotIndex: updateIncreasingly 6 -> 8
2022-04-27 10:52:28,089 [7171416e-d570-4db8-8282-6e036003ab52@group-E78063F29D5F-StateMachineUpdater] INFO  ratis.ContainerStateMachine (ContainerStateMachine.java:takeSnapshot(304)) - group-E78063F29D5F: Taking a snapshot at:(t:3, i:6) file /home/runner/work/ozone/ozone/hadoop-ozone/integration-test/target/test-dir/MiniOzoneClusterImpl-6fb830c9-5413-49cc-a625-6cf41c4e5c97/datanode-7/data/ratis/d2638837-f985-4e21-8ffd-e78063f29d5f/sm/snapshot.3_6
2022-04-27 10:52:28,090 [7171416e-d570-4db8-8282-6e036003ab52@group-E78063F29D5F-StateMachineUpdater] INFO  ratis.ContainerStateMachine (ContainerStateMachine.java:takeSnapshot(315)) - group-E78063F29D5F: Finished taking a snapshot at:(t:3, i:6) file:/home/runner/work/ozone/ozone/hadoop-ozone/integration-test/target/test-dir/MiniOzoneClusterImpl-6fb830c9-5413-49cc-a625-6cf41c4e5c97/datanode-7/data/ratis/d2638837-f985-4e21-8ffd-e78063f29d5f/sm/snapshot.3_6 took: 1 ms
2022-04-27 10:52:28,091 [7171416e-d570-4db8-8282-6e036003ab52@group-E78063F29D5F-StateMachineUpdater] INFO  impl.StateMachineUpdater (StateMachineUpdater.java:takeSnapshot(281)) - 7171416e-d570-4db8-8282-6e036003ab52@group-E78063F29D5F-StateMachineUpdater: Took a snapshot at index 6
2022-04-27 10:52:28,091 [7171416e-d570-4db8-8282-6e036003ab52@group-E78063F29D5F-StateMachineUpdater] INFO  impl.StateMachineUpdater (StateMachineUpdater.java:lambda$new$0(89)) - 7171416e-d570-4db8-8282-6e036003ab52@group-E78063F29D5F-StateMachineUpdater: snapshotIndex: updateIncreasingly 5 -> 6
2022-04-27 10:52:28,094 [7171416e-d570-4db8-8282-6e036003ab52@group-E78063F29D5F-StateMachineUpdater] INFO  ratis.ContainerStateMachine (ContainerStateMachine.java:takeSnapshot(304)) - group-E78063F29D5F: Taking a snapshot at:(t:3, i:8) file /home/runner/work/ozone/ozone/hadoop-ozone/integration-test/target/test-dir/MiniOzoneClusterImpl-6fb830c9-5413-49cc-a625-6cf41c4e5c97/datanode-7/data/ratis/d2638837-f985-4e21-8ffd-e78063f29d5f/sm/snapshot.3_8
2022-04-27 10:52:28,094 [5e6908a8-a78b-4a66-9555-b48c04384dc8@group-E78063F29D5F-StateMachineUpdater] INFO  ratis.ContainerStateMachine (ContainerStateMachine.java:takeSnapshot(304)) - group-E78063F29D5F: Taking a snapshot at:(t:3, i:8) file /home/runner/work/ozone/ozone/hadoop-ozone/integration-test/target/test-dir/MiniOzoneClusterImpl-6fb830c9-5413-49cc-a625-6cf41c4e5c97/datanode-6/data/ratis/d2638837-f985-4e21-8ffd-e78063f29d5f/sm/snapshot.3_8
2022-04-27 10:52:28,095 [7171416e-d570-4db8-8282-6e036003ab52@group-E78063F29D5F-StateMachineUpdater] INFO  ratis.ContainerStateMachine (ContainerStateMachine.java:takeSnapshot(315)) - group-E78063F29D5F: Finished taking a snapshot at:(t:3, i:8) file:/home/runner/work/ozone/ozone/hadoop-ozone/integration-test/target/test-dir/MiniOzoneClusterImpl-6fb830c9-5413-49cc-a625-6cf41c4e5c97/datanode-7/data/ratis/d2638837-f985-4e21-8ffd-e78063f29d5f/sm/snapshot.3_8 took: 1 ms
2022-04-27 10:52:28,095 [7171416e-d570-4db8-8282-6e036003ab52@group-E78063F29D5F-StateMachineUpdater] INFO  impl.SimpleStateMachineStorage (SimpleStateMachineStorage.java:cleanupOldSnapshots(102)) - Deleting old snapshot at /home/runner/work/ozone/ozone/hadoop-ozone/integration-test/target/test-dir/MiniOzoneClusterImpl-6fb830c9-5413-49cc-a625-6cf41c4e5c97/datanode-7/data/ratis/d2638837-f985-4e21-8ffd-e78063f29d5f/sm/snapshot.3_0
2022-04-27 10:52:28,097 [7171416e-d570-4db8-8282-6e036003ab52@group-E78063F29D5F-StateMachineUpdater] INFO  impl.StateMachineUpdater (StateMachineUpdater.java:takeSnapshot(281)) - 7171416e-d570-4db8-8282-6e036003ab52@group-E78063F29D5F-StateMachineUpdater: Took a snapshot at index 8
2022-04-27 10:52:28,097 [7171416e-d570-4db8-8282-6e036003ab52@group-E78063F29D5F-StateMachineUpdater] INFO  impl.StateMachineUpdater (StateMachineUpdater.java:lambda$new$0(89)) - 7171416e-d570-4db8-8282-6e036003ab52@group-E78063F29D5F-StateMachineUpdater: snapshotIndex: updateIncreasingly 6 -> 8
2022-04-27 10:52:28,098 [5e6908a8-a78b-4a66-9555-b48c04384dc8@group-E78063F29D5F-StateMachineUpdater] INFO  ratis.ContainerStateMachine (ContainerStateMachine.java:takeSnapshot(315)) - group-E78063F29D5F: Finished taking a snapshot at:(t:3, i:8) file:/home/runner/work/ozone/ozone/hadoop-ozone/integration-test/target/test-dir/MiniOzoneClusterImpl-6fb830c9-5413-49cc-a625-6cf41c4e5c97/datanode-6/data/ratis/d2638837-f985-4e21-8ffd-e78063f29d5f/sm/snapshot.3_8 took: 4 ms
2022-04-27 10:52:28,098 [5e6908a8-a78b-4a66-9555-b48c04384dc8@group-E78063F29D5F-StateMachineUpdater] INFO  impl.StateMachineUpdater (StateMachineUpdater.java:takeSnapshot(281)) - 5e6908a8-a78b-4a66-9555-b48c04384dc8@group-E78063F29D5F-StateMachineUpdater: Took a snapshot at index 8
2022-04-27 10:52:28,099 [5e6908a8-a78b-4a66-9555-b48c04384dc8@group-E78063F29D5F-StateMachineUpdater] INFO  impl.StateMachineUpdater (StateMachineUpdater.java:lambda$new$0(89)) - 5e6908a8-a78b-4a66-9555-b48c04384dc8@group-E78063F29D5F-StateMachineUpdater: snapshotIndex: updateIncreasingly 5 -> 8
2022-04-27 10:52:28,106 [fc150688-1f76-4ec0-a672-aaf91f0753c3@group-E78063F29D5F-StateMachineUpdater] INFO  ratis.ContainerStateMachine (ContainerStateMachine.java:takeSnapshot(304)) - group-E78063F29D5F: Taking a snapshot at:(t:3, i:9) file /home/runner/work/ozone/ozone/hadoop-ozone/integration-test/target/test-dir/MiniOzoneClusterImpl-6fb830c9-5413-49cc-a625-6cf41c4e5c97/datanode-8/data/ratis/d2638837-f985-4e21-8ffd-e78063f29d5f/sm/snapshot.3_9
2022-04-27 10:52:28,107 [fc150688-1f76-4ec0-a672-aaf91f0753c3@group-E78063F29D5F-StateMachineUpdater] INFO  ratis.ContainerStateMachine (ContainerStateMachine.java:takeSnapshot(315)) - group-E78063F29D5F: Finished taking a snapshot at:(t:3, i:9) file:/home/runner/work/ozone/ozone/hadoop-ozone/integration-test/target/test-dir/MiniOzoneClusterImpl-6fb830c9-5413-49cc-a625-6cf41c4e5c97/datanode-8/data/ratis/d2638837-f985-4e21-8ffd-e78063f29d5f/sm/snapshot.3_9 took: 1 ms
2022-04-27 10:52:28,107 [fc150688-1f76-4ec0-a672-aaf91f0753c3@group-E78063F29D5F-StateMachineUpdater] INFO  impl.SimpleStateMachineStorage (SimpleStateMachineStorage.java:cleanupOldSnapshots(102)) - Deleting old snapshot at /home/runner/work/ozone/ozone/hadoop-ozone/integration-test/target/test-dir/MiniOzoneClusterImpl-6fb830c9-5413-49cc-a625-6cf41c4e5c97/datanode-8/data/ratis/d2638837-f985-4e21-8ffd-e78063f29d5f/sm/snapshot.3_1
2022-04-27 10:52:28,107 [fc150688-1f76-4ec0-a672-aaf91f0753c3@group-E78063F29D5F-StateMachineUpdater] INFO  impl.StateMachineUpdater (StateMachineUpdater.java:takeSnapshot(281)) - fc150688-1f76-4ec0-a672-aaf91f0753c3@group-E78063F29D5F-StateMachineUpdater: Took a snapshot at index 9
2022-04-27 10:52:28,107 [fc150688-1f76-4ec0-a672-aaf91f0753c3@group-E78063F29D5F-StateMachineUpdater] INFO  impl.StateMachineUpdater (StateMachineUpdater.java:lambda$new$0(89)) - fc150688-1f76-4ec0-a672-aaf91f0753c3@group-E78063F29D5F-StateMachineUpdater: snapshotIndex: updateIncreasingly 8 -> 9
2022-04-27 10:52:28,108 [fc150688-1f76-4ec0-a672-aaf91f0753c3@group-E78063F29D5F-StateMachineUpdater] INFO  ratis.ContainerStateMachine (ContainerStateMachine.java:takeSnapshot(304)) - group-E78063F29D5F: Taking a snapshot at:(t:3, i:10) file /home/runner/work/ozone/ozone/hadoop-ozone/integration-test/target/test-dir/MiniOzoneClusterImpl-6fb830c9-5413-49cc-a625-6cf41c4e5c97/datanode-8/data/ratis/d2638837-f985-4e21-8ffd-e78063f29d5f/sm/snapshot.3_10
2022-04-27 10:52:28,109 [fc150688-1f76-4ec0-a672-aaf91f0753c3@group-E78063F29D5F-StateMachineUpdater] INFO  ratis.ContainerStateMachine (ContainerStateMachine.java:takeSnapshot(315)) - group-E78063F29D5F: Finished taking a snapshot at:(t:3, i:10) file:/home/runner/work/ozone/ozone/hadoop-ozone/integration-test/target/test-dir/MiniOzoneClusterImpl-6fb830c9-5413-49cc-a625-6cf41c4e5c97/datanode-8/data/ratis/d2638837-f985-4e21-8ffd-e78063f29d5f/sm/snapshot.3_10 took: 1 ms
2022-04-27 10:52:28,109 [fc150688-1f76-4ec0-a672-aaf91f0753c3@group-E78063F29D5F-StateMachineUpdater] INFO  impl.SimpleStateMachineStorage (SimpleStateMachineStorage.java:cleanupOldSnapshots(102)) - Deleting old snapshot at /home/runner/work/ozone/ozone/hadoop-ozone/integration-test/target/test-dir/MiniOzoneClusterImpl-6fb830c9-5413-49cc-a625-6cf41c4e5c97/datanode-8/data/ratis/d2638837-f985-4e21-8ffd-e78063f29d5f/sm/snapshot.3_4
2022-04-27 10:52:28,109 [fc150688-1f76-4ec0-a672-aaf91f0753c3@group-E78063F29D5F-StateMachineUpdater] INFO  impl.StateMachineUpdater (StateMachineUpdater.java:takeSnapshot(281)) - fc150688-1f76-4ec0-a672-aaf91f0753c3@group-E78063F29D5F-StateMachineUpdater: Took a snapshot at index 10
2022-04-27 10:52:28,109 [fc150688-1f76-4ec0-a672-aaf91f0753c3@group-E78063F29D5F-StateMachineUpdater] INFO  impl.StateMachineUpdater (StateMachineUpdater.java:lambda$new$0(89)) - fc150688-1f76-4ec0-a672-aaf91f0753c3@group-E78063F29D5F-StateMachineUpdater: snapshotIndex: updateIncreasingly 9 -> 10
2022-04-27 10:52:28,116 [EventQueue-PipelineReportForPipelineReportHandler] INFO  pipeline.PipelineReportHandler (PipelineReportHandler.java:processPipelineReport(113)) - Reported pipeline PipelineID=cf80c735-cb93-438b-a05e-dff27b2a1031 is not found
2022-04-27 10:52:28,131 [7171416e-d570-4db8-8282-6e036003ab52@group-E78063F29D5F-StateMachineUpdater] INFO  ratis.ContainerStateMachine (ContainerStateMachine.java:takeSnapshot(304)) - group-E78063F29D5F: Taking a snapshot at:(t:3, i:9) file /home/runner/work/ozone/ozone/hadoop-ozone/integration-test/target/test-dir/MiniOzoneClusterImpl-6fb830c9-5413-49cc-a625-6cf41c4e5c97/datanode-7/data/ratis/d2638837-f985-4e21-8ffd-e78063f29d5f/sm/snapshot.3_9
2022-04-27 10:52:28,133 [7171416e-d570-4db8-8282-6e036003ab52@group-E78063F29D5F-StateMachineUpdater] INFO  ratis.ContainerStateMachine (ContainerStateMachine.java:takeSnapshot(315)) - group-E78063F29D5F: Finished taking a snapshot at:(t:3, i:9) file:/home/runner/work/ozone/ozone/hadoop-ozone/integration-test/target/test-dir/MiniOzoneClusterImpl-6fb830c9-5413-49cc-a625-6cf41c4e5c97/datanode-7/data/ratis/d2638837-f985-4e21-8ffd-e78063f29d5f/sm/snapshot.3_9 took: 2 ms
2022-04-27 10:52:28,133 [7171416e-d570-4db8-8282-6e036003ab52@group-E78063F29D5F-StateMachineUpdater] INFO  impl.SimpleStateMachineStorage (SimpleStateMachineStorage.java:cleanupOldSnapshots(102)) - Deleting old snapshot at /home/runner/work/ozone/ozone/hadoop-ozone/integration-test/target/test-dir/MiniOzoneClusterImpl-6fb830c9-5413-49cc-a625-6cf41c4e5c97/datanode-7/data/ratis/d2638837-f985-4e21-8ffd-e78063f29d5f/sm/snapshot.3_2
2022-04-27 10:52:28,133 [7171416e-d570-4db8-8282-6e036003ab52@group-E78063F29D5F-StateMachineUpdater] INFO  impl.StateMachineUpdater (StateMachineUpdater.java:takeSnapshot(281)) - 7171416e-d570-4db8-8282-6e036003ab52@group-E78063F29D5F-StateMachineUpdater: Took a snapshot at index 9
2022-04-27 10:52:28,133 [7171416e-d570-4db8-8282-6e036003ab52@group-E78063F29D5F-StateMachineUpdater] INFO  impl.StateMachineUpdater (StateMachineUpdater.java:lambda$new$0(89)) - 7171416e-d570-4db8-8282-6e036003ab52@group-E78063F29D5F-StateMachineUpdater: snapshotIndex: updateIncreasingly 8 -> 9
2022-04-27 10:52:28,134 [5e6908a8-a78b-4a66-9555-b48c04384dc8@group-E78063F29D5F-StateMachineUpdater] INFO  ratis.ContainerStateMachine (ContainerStateMachine.java:takeSnapshot(304)) - group-E78063F29D5F: Taking a snapshot at:(t:3, i:8) file /home/runner/work/ozone/ozone/hadoop-ozone/integration-test/target/test-dir/MiniOzoneClusterImpl-6fb830c9-5413-49cc-a625-6cf41c4e5c97/datanode-6/data/ratis/d2638837-f985-4e21-8ffd-e78063f29d5f/sm/snapshot.3_8
2022-04-27 10:52:28,135 [5e6908a8-a78b-4a66-9555-b48c04384dc8@group-E78063F29D5F-StateMachineUpdater] INFO  ratis.ContainerStateMachine (ContainerStateMachine.java:takeSnapshot(315)) - group-E78063F29D5F: Finished taking a snapshot at:(t:3, i:8) file:/home/runner/work/ozone/ozone/hadoop-ozone/integration-test/target/test-dir/MiniOzoneClusterImpl-6fb830c9-5413-49cc-a625-6cf41c4e5c97/datanode-6/data/ratis/d2638837-f985-4e21-8ffd-e78063f29d5f/sm/snapshot.3_8 took: 1 ms
2022-04-27 10:52:28,135 [5e6908a8-a78b-4a66-9555-b48c04384dc8@group-E78063F29D5F-StateMachineUpdater] INFO  impl.StateMachineUpdater (StateMachineUpdater.java:takeSnapshot(281)) - 5e6908a8-a78b-4a66-9555-b48c04384dc8@group-E78063F29D5F-StateMachineUpdater: Took a snapshot at index 8
2022-04-27 10:52:28,135 [5e6908a8-a78b-4a66-9555-b48c04384dc8@group-E78063F29D5F-StateMachineUpdater] INFO  impl.StateMachineUpdater (StateMachineUpdater.java:lambda$new$0(89)) - 5e6908a8-a78b-4a66-9555-b48c04384dc8@group-E78063F29D5F-StateMachineUpdater: snapshotIndex: updateIncreasingly 8 -> 8
2022-04-27 10:52:28,163 [EventQueue-PipelineReportForPipelineReportHandler] INFO  pipeline.PipelineReportHandler (PipelineReportHandler.java:processPipelineReport(113)) - Reported pipeline PipelineID=cf80c735-cb93-438b-a05e-dff27b2a1031 is not found
2022-04-27 10:52:28,236 [EventQueue-PipelineReportForPipelineReportHandler] INFO  pipeline.PipelineReportHandler (PipelineReportHandler.java:processPipelineReport(113)) - Reported pipeline PipelineID=cf80c735-cb93-438b-a05e-dff27b2a1031 is not found
]]></system-out>
  </testcase>
  <testcase name="testWriteStateMachineDataIdempotencyWithClosedContainer" classname="org.apache.hadoop.ozone.client.rpc.TestContainerStateMachineFailures" time="0.729">
    <system-out><![CDATA[2022-04-27 10:52:28,445 [EventQueue-PipelineReportForPipelineReportHandler] INFO  pipeline.PipelineReportHandler (PipelineReportHandler.java:processPipelineReport(113)) - Reported pipeline PipelineID=cf80c735-cb93-438b-a05e-dff27b2a1031 is not found
2022-04-27 10:52:28,514 [EventQueue-PipelineReportForPipelineReportHandler] INFO  pipeline.PipelineReportHandler (PipelineReportHandler.java:processPipelineReport(113)) - Reported pipeline PipelineID=cf80c735-cb93-438b-a05e-dff27b2a1031 is not found
2022-04-27 10:52:28,551 [5305b34f-83d0-4be9-8032-f631ee150b78@group-21136E7CFE22-StateMachineUpdater] INFO  ratis.ContainerStateMachine (ContainerStateMachine.java:takeSnapshot(304)) - group-21136E7CFE22: Taking a snapshot at:(t:1, i:2) file /home/runner/work/ozone/ozone/hadoop-ozone/integration-test/target/test-dir/MiniOzoneClusterImpl-6fb830c9-5413-49cc-a625-6cf41c4e5c97/datanode-2/data/ratis/e2d981b6-22f8-4a7e-9e1d-21136e7cfe22/sm/snapshot.1_2
2022-04-27 10:52:28,566 [5305b34f-83d0-4be9-8032-f631ee150b78@group-21136E7CFE22-StateMachineUpdater] INFO  ratis.ContainerStateMachine (ContainerStateMachine.java:takeSnapshot(315)) - group-21136E7CFE22: Finished taking a snapshot at:(t:1, i:2) file:/home/runner/work/ozone/ozone/hadoop-ozone/integration-test/target/test-dir/MiniOzoneClusterImpl-6fb830c9-5413-49cc-a625-6cf41c4e5c97/datanode-2/data/ratis/e2d981b6-22f8-4a7e-9e1d-21136e7cfe22/sm/snapshot.1_2 took: 15 ms
2022-04-27 10:52:28,566 [5305b34f-83d0-4be9-8032-f631ee150b78@group-21136E7CFE22-StateMachineUpdater] INFO  impl.StateMachineUpdater (StateMachineUpdater.java:takeSnapshot(281)) - 5305b34f-83d0-4be9-8032-f631ee150b78@group-21136E7CFE22-StateMachineUpdater: Took a snapshot at index 2
2022-04-27 10:52:28,566 [5305b34f-83d0-4be9-8032-f631ee150b78@group-21136E7CFE22-StateMachineUpdater] INFO  impl.StateMachineUpdater (StateMachineUpdater.java:lambda$new$0(89)) - 5305b34f-83d0-4be9-8032-f631ee150b78@group-21136E7CFE22-StateMachineUpdater: snapshotIndex: updateIncreasingly 0 -> 2
2022-04-27 10:52:28,567 [5305b34f-83d0-4be9-8032-f631ee150b78@group-21136E7CFE22-StateMachineUpdater] INFO  ratis.ContainerStateMachine (ContainerStateMachine.java:takeSnapshot(304)) - group-21136E7CFE22: Taking a snapshot at:(t:1, i:3) file /home/runner/work/ozone/ozone/hadoop-ozone/integration-test/target/test-dir/MiniOzoneClusterImpl-6fb830c9-5413-49cc-a625-6cf41c4e5c97/datanode-2/data/ratis/e2d981b6-22f8-4a7e-9e1d-21136e7cfe22/sm/snapshot.1_3
2022-04-27 10:52:28,568 [5305b34f-83d0-4be9-8032-f631ee150b78@group-21136E7CFE22-StateMachineUpdater] INFO  ratis.ContainerStateMachine (ContainerStateMachine.java:takeSnapshot(315)) - group-21136E7CFE22: Finished taking a snapshot at:(t:1, i:3) file:/home/runner/work/ozone/ozone/hadoop-ozone/integration-test/target/test-dir/MiniOzoneClusterImpl-6fb830c9-5413-49cc-a625-6cf41c4e5c97/datanode-2/data/ratis/e2d981b6-22f8-4a7e-9e1d-21136e7cfe22/sm/snapshot.1_3 took: 1 ms
2022-04-27 10:52:28,568 [5305b34f-83d0-4be9-8032-f631ee150b78@group-21136E7CFE22-StateMachineUpdater] INFO  impl.StateMachineUpdater (StateMachineUpdater.java:takeSnapshot(281)) - 5305b34f-83d0-4be9-8032-f631ee150b78@group-21136E7CFE22-StateMachineUpdater: Took a snapshot at index 3
2022-04-27 10:52:28,568 [5305b34f-83d0-4be9-8032-f631ee150b78@group-21136E7CFE22-StateMachineUpdater] INFO  impl.StateMachineUpdater (StateMachineUpdater.java:lambda$new$0(89)) - 5305b34f-83d0-4be9-8032-f631ee150b78@group-21136E7CFE22-StateMachineUpdater: snapshotIndex: updateIncreasingly 2 -> 3
2022-04-27 10:52:28,573 [EventQueue-PipelineReportForPipelineReportHandler] INFO  pipeline.PipelineReportHandler (PipelineReportHandler.java:processPipelineReport(113)) - Reported pipeline PipelineID=cf80c735-cb93-438b-a05e-dff27b2a1031 is not found
2022-04-27 10:52:28,588 [5305b34f-83d0-4be9-8032-f631ee150b78@group-21136E7CFE22-StateMachineUpdater] INFO  ratis.ContainerStateMachine (ContainerStateMachine.java:takeSnapshot(304)) - group-21136E7CFE22: Taking a snapshot at:(t:1, i:4) file /home/runner/work/ozone/ozone/hadoop-ozone/integration-test/target/test-dir/MiniOzoneClusterImpl-6fb830c9-5413-49cc-a625-6cf41c4e5c97/datanode-2/data/ratis/e2d981b6-22f8-4a7e-9e1d-21136e7cfe22/sm/snapshot.1_4
2022-04-27 10:52:28,590 [5305b34f-83d0-4be9-8032-f631ee150b78@group-21136E7CFE22-StateMachineUpdater] INFO  ratis.ContainerStateMachine (ContainerStateMachine.java:takeSnapshot(315)) - group-21136E7CFE22: Finished taking a snapshot at:(t:1, i:4) file:/home/runner/work/ozone/ozone/hadoop-ozone/integration-test/target/test-dir/MiniOzoneClusterImpl-6fb830c9-5413-49cc-a625-6cf41c4e5c97/datanode-2/data/ratis/e2d981b6-22f8-4a7e-9e1d-21136e7cfe22/sm/snapshot.1_4 took: 2 ms
2022-04-27 10:52:28,590 [5305b34f-83d0-4be9-8032-f631ee150b78@group-21136E7CFE22-StateMachineUpdater] INFO  impl.StateMachineUpdater (StateMachineUpdater.java:takeSnapshot(281)) - 5305b34f-83d0-4be9-8032-f631ee150b78@group-21136E7CFE22-StateMachineUpdater: Took a snapshot at index 4
2022-04-27 10:52:28,590 [5305b34f-83d0-4be9-8032-f631ee150b78@group-21136E7CFE22-StateMachineUpdater] INFO  impl.StateMachineUpdater (StateMachineUpdater.java:lambda$new$0(89)) - 5305b34f-83d0-4be9-8032-f631ee150b78@group-21136E7CFE22-StateMachineUpdater: snapshotIndex: updateIncreasingly 3 -> 4
2022-04-27 10:52:28,599 [5305b34f-83d0-4be9-8032-f631ee150b78@group-21136E7CFE22-StateMachineUpdater] INFO  ratis.ContainerStateMachine (ContainerStateMachine.java:takeSnapshot(304)) - group-21136E7CFE22: Taking a snapshot at:(t:1, i:7) file /home/runner/work/ozone/ozone/hadoop-ozone/integration-test/target/test-dir/MiniOzoneClusterImpl-6fb830c9-5413-49cc-a625-6cf41c4e5c97/datanode-2/data/ratis/e2d981b6-22f8-4a7e-9e1d-21136e7cfe22/sm/snapshot.1_7
2022-04-27 10:52:28,600 [5305b34f-83d0-4be9-8032-f631ee150b78@group-21136E7CFE22-StateMachineUpdater] INFO  ratis.ContainerStateMachine (ContainerStateMachine.java:takeSnapshot(315)) - group-21136E7CFE22: Finished taking a snapshot at:(t:1, i:7) file:/home/runner/work/ozone/ozone/hadoop-ozone/integration-test/target/test-dir/MiniOzoneClusterImpl-6fb830c9-5413-49cc-a625-6cf41c4e5c97/datanode-2/data/ratis/e2d981b6-22f8-4a7e-9e1d-21136e7cfe22/sm/snapshot.1_7 took: 1 ms
2022-04-27 10:52:28,601 [5305b34f-83d0-4be9-8032-f631ee150b78@group-21136E7CFE22-StateMachineUpdater] INFO  impl.StateMachineUpdater (StateMachineUpdater.java:takeSnapshot(281)) - 5305b34f-83d0-4be9-8032-f631ee150b78@group-21136E7CFE22-StateMachineUpdater: Took a snapshot at index 7
2022-04-27 10:52:28,601 [5305b34f-83d0-4be9-8032-f631ee150b78@group-21136E7CFE22-StateMachineUpdater] INFO  impl.StateMachineUpdater (StateMachineUpdater.java:lambda$new$0(89)) - 5305b34f-83d0-4be9-8032-f631ee150b78@group-21136E7CFE22-StateMachineUpdater: snapshotIndex: updateIncreasingly 4 -> 7
2022-04-27 10:52:28,613 [Listener at 127.0.0.1/43313] INFO  ratis.ContainerStateMachine (ContainerStateMachine.java:takeSnapshot(304)) - group-21136E7CFE22: Taking a snapshot at:(t:1, i:7) file /home/runner/work/ozone/ozone/hadoop-ozone/integration-test/target/test-dir/MiniOzoneClusterImpl-6fb830c9-5413-49cc-a625-6cf41c4e5c97/datanode-2/data/ratis/e2d981b6-22f8-4a7e-9e1d-21136e7cfe22/sm/snapshot.1_7
2022-04-27 10:52:28,614 [Listener at 127.0.0.1/43313] INFO  ratis.ContainerStateMachine (ContainerStateMachine.java:takeSnapshot(315)) - group-21136E7CFE22: Finished taking a snapshot at:(t:1, i:7) file:/home/runner/work/ozone/ozone/hadoop-ozone/integration-test/target/test-dir/MiniOzoneClusterImpl-6fb830c9-5413-49cc-a625-6cf41c4e5c97/datanode-2/data/ratis/e2d981b6-22f8-4a7e-9e1d-21136e7cfe22/sm/snapshot.1_7 took: 1 ms
2022-04-27 10:52:28,614 [Listener at 127.0.0.1/43313] INFO  ozone.MiniOzoneClusterImpl (MiniOzoneClusterImpl.java:getStorageContainerLocationClient(344)) - Creating StorageContainerLocationProtocol RPC client with address /0.0.0.0:37057
2022-04-27 10:52:28,780 [EventQueue-PipelineReportForPipelineReportHandler] INFO  pipeline.PipelineReportHandler (PipelineReportHandler.java:processPipelineReport(113)) - Reported pipeline PipelineID=cf80c735-cb93-438b-a05e-dff27b2a1031 is not found
2022-04-27 10:52:28,784 [ChunkWriter-0-0] WARN  helpers.ChunkUtils (ChunkUtils.java:validateChunkForOverwrite(240)) - Duplicate write chunk request. Chunk overwrite without explicit request. ChunkInfo{chunkName='109611004723200004.data.-1924225855, offset=0, len=5}
2022-04-27 10:52:28,786 [ChunkWriter-0-0] WARN  helpers.ChunkUtils (ChunkUtils.java:validateChunkForOverwrite(240)) - Duplicate write chunk request. Chunk overwrite without explicit request. ChunkInfo{chunkName='109611004723200004.data.-193582941, offset=0, len=5}
2022-04-27 10:52:28,789 [ChunkWriter-0-0] WARN  helpers.ChunkUtils (ChunkUtils.java:validateChunkForOverwrite(240)) - Duplicate write chunk request. Chunk overwrite without explicit request. ChunkInfo{chunkName='109611004723200004.data.452246966, offset=0, len=5}
2022-04-27 10:52:28,791 [ChunkWriter-0-0] WARN  helpers.ChunkUtils (ChunkUtils.java:validateChunkForOverwrite(240)) - Duplicate write chunk request. Chunk overwrite without explicit request. ChunkInfo{chunkName='109611004723200004.data.2011185531, offset=0, len=5}
2022-04-27 10:52:28,792 [ChunkWriter-0-0] WARN  helpers.ChunkUtils (ChunkUtils.java:validateChunkForOverwrite(240)) - Duplicate write chunk request. Chunk overwrite without explicit request. ChunkInfo{chunkName='109611004723200004.data.-724703582, offset=0, len=5}
2022-04-27 10:52:28,794 [ChunkWriter-0-0] WARN  helpers.ChunkUtils (ChunkUtils.java:validateChunkForOverwrite(240)) - Duplicate write chunk request. Chunk overwrite without explicit request. ChunkInfo{chunkName='109611004723200004.data.2129219888, offset=0, len=5}
2022-04-27 10:52:28,795 [ChunkWriter-0-0] WARN  helpers.ChunkUtils (ChunkUtils.java:validateChunkForOverwrite(240)) - Duplicate write chunk request. Chunk overwrite without explicit request. ChunkInfo{chunkName='109611004723200004.data.-147863006, offset=0, len=5}
2022-04-27 10:52:28,796 [ChunkWriter-0-0] WARN  helpers.ChunkUtils (ChunkUtils.java:validateChunkForOverwrite(240)) - Duplicate write chunk request. Chunk overwrite without explicit request. ChunkInfo{chunkName='109611004723200004.data.785152128, offset=0, len=5}
2022-04-27 10:52:28,798 [ChunkWriter-0-0] WARN  helpers.ChunkUtils (ChunkUtils.java:validateChunkForOverwrite(240)) - Duplicate write chunk request. Chunk overwrite without explicit request. ChunkInfo{chunkName='109611004723200004.data.1325909416, offset=0, len=5}
2022-04-27 10:52:28,800 [ChunkWriter-0-0] WARN  helpers.ChunkUtils (ChunkUtils.java:validateChunkForOverwrite(240)) - Duplicate write chunk request. Chunk overwrite without explicit request. ChunkInfo{chunkName='109611004723200004.data.1421293825, offset=0, len=5}
2022-04-27 10:52:28,801 [ChunkWriter-0-0] WARN  helpers.ChunkUtils (ChunkUtils.java:validateChunkForOverwrite(240)) - Duplicate write chunk request. Chunk overwrite without explicit request. ChunkInfo{chunkName='109611004723200004.data.288086621, offset=0, len=5}
2022-04-27 10:52:28,803 [ChunkWriter-0-0] WARN  helpers.ChunkUtils (ChunkUtils.java:validateChunkForOverwrite(240)) - Duplicate write chunk request. Chunk overwrite without explicit request. ChunkInfo{chunkName='109611004723200004.data.-2121044603, offset=0, len=5}
2022-04-27 10:52:28,805 [ChunkWriter-0-0] WARN  helpers.ChunkUtils (ChunkUtils.java:validateChunkForOverwrite(240)) - Duplicate write chunk request. Chunk overwrite without explicit request. ChunkInfo{chunkName='109611004723200004.data.-1455825185, offset=0, len=5}
2022-04-27 10:52:28,806 [ChunkWriter-0-0] WARN  helpers.ChunkUtils (ChunkUtils.java:validateChunkForOverwrite(240)) - Duplicate write chunk request. Chunk overwrite without explicit request. ChunkInfo{chunkName='109611004723200004.data.1012456400, offset=0, len=5}
2022-04-27 10:52:28,808 [ChunkWriter-0-0] WARN  helpers.ChunkUtils (ChunkUtils.java:validateChunkForOverwrite(240)) - Duplicate write chunk request. Chunk overwrite without explicit request. ChunkInfo{chunkName='109611004723200004.data.-1192571874, offset=0, len=5}
2022-04-27 10:52:28,809 [ChunkWriter-0-0] WARN  helpers.ChunkUtils (ChunkUtils.java:validateChunkForOverwrite(240)) - Duplicate write chunk request. Chunk overwrite without explicit request. ChunkInfo{chunkName='109611004723200004.data.-1087397948, offset=0, len=5}
2022-04-27 10:52:28,810 [5305b34f-83d0-4be9-8032-f631ee150b78@group-21136E7CFE22-StateMachineUpdater] INFO  ratis.ContainerStateMachine (ContainerStateMachine.java:takeSnapshot(304)) - group-21136E7CFE22: Taking a snapshot at:(t:1, i:7) file /home/runner/work/ozone/ozone/hadoop-ozone/integration-test/target/test-dir/MiniOzoneClusterImpl-6fb830c9-5413-49cc-a625-6cf41c4e5c97/datanode-2/data/ratis/e2d981b6-22f8-4a7e-9e1d-21136e7cfe22/sm/snapshot.1_7
2022-04-27 10:52:28,811 [5305b34f-83d0-4be9-8032-f631ee150b78@group-21136E7CFE22-StateMachineUpdater] INFO  ratis.ContainerStateMachine (ContainerStateMachine.java:takeSnapshot(315)) - group-21136E7CFE22: Finished taking a snapshot at:(t:1, i:7) file:/home/runner/work/ozone/ozone/hadoop-ozone/integration-test/target/test-dir/MiniOzoneClusterImpl-6fb830c9-5413-49cc-a625-6cf41c4e5c97/datanode-2/data/ratis/e2d981b6-22f8-4a7e-9e1d-21136e7cfe22/sm/snapshot.1_7 took: 1 ms
2022-04-27 10:52:28,812 [5305b34f-83d0-4be9-8032-f631ee150b78@group-21136E7CFE22-StateMachineUpdater] INFO  impl.StateMachineUpdater (StateMachineUpdater.java:takeSnapshot(281)) - 5305b34f-83d0-4be9-8032-f631ee150b78@group-21136E7CFE22-StateMachineUpdater: Took a snapshot at index 7
2022-04-27 10:52:28,812 [5305b34f-83d0-4be9-8032-f631ee150b78@group-21136E7CFE22-StateMachineUpdater] INFO  impl.StateMachineUpdater (StateMachineUpdater.java:lambda$new$0(89)) - 5305b34f-83d0-4be9-8032-f631ee150b78@group-21136E7CFE22-StateMachineUpdater: snapshotIndex: updateIncreasingly 7 -> 7
2022-04-27 10:52:28,816 [ChunkWriter-0-0] WARN  helpers.ChunkUtils (ChunkUtils.java:validateChunkForOverwrite(240)) - Duplicate write chunk request. Chunk overwrite without explicit request. ChunkInfo{chunkName='109611004723200004.data.-209045804, offset=0, len=5}
2022-04-27 10:52:28,832 [ChunkWriter-0-0] WARN  helpers.ChunkUtils (ChunkUtils.java:validateChunkForOverwrite(240)) - Duplicate write chunk request. Chunk overwrite without explicit request. ChunkInfo{chunkName='109611004723200004.data.-1890698162, offset=0, len=5}
2022-04-27 10:52:28,839 [ChunkWriter-0-0] WARN  helpers.ChunkUtils (ChunkUtils.java:validateChunkForOverwrite(240)) - Duplicate write chunk request. Chunk overwrite without explicit request. ChunkInfo{chunkName='109611004723200004.data.472325180, offset=0, len=5}
2022-04-27 10:52:28,839 [ChunkWriter-0-0] WARN  helpers.ChunkUtils (ChunkUtils.java:validateChunkForOverwrite(240)) - Duplicate write chunk request. Chunk overwrite without explicit request. ChunkInfo{chunkName='109611004723200004.data.-164413246, offset=0, len=5}
2022-04-27 10:52:28,839 [ChunkWriter-0-0] WARN  helpers.ChunkUtils (ChunkUtils.java:validateChunkForOverwrite(240)) - Duplicate write chunk request. Chunk overwrite without explicit request. ChunkInfo{chunkName='109611004723200004.data.-590058465, offset=0, len=5}
2022-04-27 10:52:28,840 [ChunkWriter-0-0] WARN  helpers.ChunkUtils (ChunkUtils.java:validateChunkForOverwrite(240)) - Duplicate write chunk request. Chunk overwrite without explicit request. ChunkInfo{chunkName='109611004723200004.data.-438847139, offset=0, len=5}
2022-04-27 10:52:28,840 [ChunkWriter-0-0] WARN  helpers.ChunkUtils (ChunkUtils.java:validateChunkForOverwrite(240)) - Duplicate write chunk request. Chunk overwrite without explicit request. ChunkInfo{chunkName='109611004723200004.data.-1302725806, offset=0, len=5}
2022-04-27 10:52:28,840 [ChunkWriter-0-0] WARN  helpers.ChunkUtils (ChunkUtils.java:validateChunkForOverwrite(240)) - Duplicate write chunk request. Chunk overwrite without explicit request. ChunkInfo{chunkName='109611004723200004.data.-1894047701, offset=0, len=5}
2022-04-27 10:52:28,841 [ChunkWriter-0-0] WARN  helpers.ChunkUtils (ChunkUtils.java:validateChunkForOverwrite(240)) - Duplicate write chunk request. Chunk overwrite without explicit request. ChunkInfo{chunkName='109611004723200004.data.-128575185, offset=0, len=5}
2022-04-27 10:52:28,842 [EventQueue-PipelineReportForPipelineReportHandler] INFO  pipeline.PipelineReportHandler (PipelineReportHandler.java:processPipelineReport(113)) - Reported pipeline PipelineID=cf80c735-cb93-438b-a05e-dff27b2a1031 is not found
2022-04-27 10:52:28,843 [ChunkWriter-0-0] WARN  helpers.ChunkUtils (ChunkUtils.java:validateChunkForOverwrite(240)) - Duplicate write chunk request. Chunk overwrite without explicit request. ChunkInfo{chunkName='109611004723200004.data.1878968200, offset=0, len=5}
2022-04-27 10:52:28,847 [ChunkWriter-0-0] WARN  helpers.ChunkUtils (ChunkUtils.java:validateChunkForOverwrite(240)) - Duplicate write chunk request. Chunk overwrite without explicit request. ChunkInfo{chunkName='109611004723200004.data.-1981099540, offset=0, len=5}
2022-04-27 10:52:28,850 [ChunkWriter-0-0] WARN  helpers.ChunkUtils (ChunkUtils.java:validateChunkForOverwrite(240)) - Duplicate write chunk request. Chunk overwrite without explicit request. ChunkInfo{chunkName='109611004723200004.data.-816713384, offset=0, len=5}
2022-04-27 10:52:28,852 [ChunkWriter-0-0] WARN  helpers.ChunkUtils (ChunkUtils.java:validateChunkForOverwrite(240)) - Duplicate write chunk request. Chunk overwrite without explicit request. ChunkInfo{chunkName='109611004723200004.data.1385974470, offset=0, len=5}
2022-04-27 10:52:28,853 [ChunkWriter-0-0] WARN  helpers.ChunkUtils (ChunkUtils.java:validateChunkForOverwrite(240)) - Duplicate write chunk request. Chunk overwrite without explicit request. ChunkInfo{chunkName='109611004723200004.data.-1674645348, offset=0, len=5}
2022-04-27 10:52:28,857 [ChunkWriter-0-0] WARN  helpers.ChunkUtils (ChunkUtils.java:validateChunkForOverwrite(240)) - Duplicate write chunk request. Chunk overwrite without explicit request. ChunkInfo{chunkName='109611004723200004.data.742698934, offset=0, len=5}
2022-04-27 10:52:28,865 [ChunkWriter-0-0] WARN  helpers.ChunkUtils (ChunkUtils.java:validateChunkForOverwrite(240)) - Duplicate write chunk request. Chunk overwrite without explicit request. ChunkInfo{chunkName='109611004723200004.data.-277943663, offset=0, len=5}
2022-04-27 10:52:28,868 [5305b34f-83d0-4be9-8032-f631ee150b78@group-21136E7CFE22-StateMachineUpdater] INFO  ratis.ContainerStateMachine (ContainerStateMachine.java:takeSnapshot(304)) - group-21136E7CFE22: Taking a snapshot at:(t:1, i:32) file /home/runner/work/ozone/ozone/hadoop-ozone/integration-test/target/test-dir/MiniOzoneClusterImpl-6fb830c9-5413-49cc-a625-6cf41c4e5c97/datanode-2/data/ratis/e2d981b6-22f8-4a7e-9e1d-21136e7cfe22/sm/snapshot.1_32
2022-04-27 10:52:28,871 [ChunkWriter-0-0] WARN  helpers.ChunkUtils (ChunkUtils.java:validateChunkForOverwrite(240)) - Duplicate write chunk request. Chunk overwrite without explicit request. ChunkInfo{chunkName='109611004723200004.data.195061019, offset=0, len=5}
2022-04-27 10:52:28,873 [ChunkWriter-0-0] WARN  helpers.ChunkUtils (ChunkUtils.java:validateChunkForOverwrite(240)) - Duplicate write chunk request. Chunk overwrite without explicit request. ChunkInfo{chunkName='109611004723200004.data.2061438063, offset=0, len=5}
2022-04-27 10:52:28,873 [5305b34f-83d0-4be9-8032-f631ee150b78@group-21136E7CFE22-StateMachineUpdater] INFO  ratis.ContainerStateMachine (ContainerStateMachine.java:takeSnapshot(315)) - group-21136E7CFE22: Finished taking a snapshot at:(t:1, i:32) file:/home/runner/work/ozone/ozone/hadoop-ozone/integration-test/target/test-dir/MiniOzoneClusterImpl-6fb830c9-5413-49cc-a625-6cf41c4e5c97/datanode-2/data/ratis/e2d981b6-22f8-4a7e-9e1d-21136e7cfe22/sm/snapshot.1_32 took: 5 ms
2022-04-27 10:52:28,874 [5305b34f-83d0-4be9-8032-f631ee150b78@group-21136E7CFE22-StateMachineUpdater] INFO  impl.SimpleStateMachineStorage (SimpleStateMachineStorage.java:cleanupOldSnapshots(102)) - Deleting old snapshot at /home/runner/work/ozone/ozone/hadoop-ozone/integration-test/target/test-dir/MiniOzoneClusterImpl-6fb830c9-5413-49cc-a625-6cf41c4e5c97/datanode-2/data/ratis/e2d981b6-22f8-4a7e-9e1d-21136e7cfe22/sm/snapshot.1_0
2022-04-27 10:52:28,874 [5305b34f-83d0-4be9-8032-f631ee150b78@group-21136E7CFE22-StateMachineUpdater] INFO  impl.StateMachineUpdater (StateMachineUpdater.java:takeSnapshot(281)) - 5305b34f-83d0-4be9-8032-f631ee150b78@group-21136E7CFE22-StateMachineUpdater: Took a snapshot at index 32
2022-04-27 10:52:28,874 [5305b34f-83d0-4be9-8032-f631ee150b78@group-21136E7CFE22-StateMachineUpdater] INFO  impl.StateMachineUpdater (StateMachineUpdater.java:lambda$new$0(89)) - 5305b34f-83d0-4be9-8032-f631ee150b78@group-21136E7CFE22-StateMachineUpdater: snapshotIndex: updateIncreasingly 7 -> 32
2022-04-27 10:52:28,881 [ChunkWriter-0-0] WARN  helpers.ChunkUtils (ChunkUtils.java:validateChunkForOverwrite(240)) - Duplicate write chunk request. Chunk overwrite without explicit request. ChunkInfo{chunkName='109611004723200004.data.126428806, offset=0, len=5}
2022-04-27 10:52:28,889 [ChunkWriter-0-0] WARN  helpers.ChunkUtils (ChunkUtils.java:validateChunkForOverwrite(240)) - Duplicate write chunk request. Chunk overwrite without explicit request. ChunkInfo{chunkName='109611004723200004.data.-894669343, offset=0, len=5}
2022-04-27 10:52:28,891 [ChunkWriter-0-0] WARN  helpers.ChunkUtils (ChunkUtils.java:validateChunkForOverwrite(240)) - Duplicate write chunk request. Chunk overwrite without explicit request. ChunkInfo{chunkName='109611004723200004.data.1334827444, offset=0, len=5}
2022-04-27 10:52:28,896 [5305b34f-83d0-4be9-8032-f631ee150b78@group-21136E7CFE22-StateMachineUpdater] INFO  ratis.ContainerStateMachine (ContainerStateMachine.java:takeSnapshot(304)) - group-21136E7CFE22: Taking a snapshot at:(t:1, i:63) file /home/runner/work/ozone/ozone/hadoop-ozone/integration-test/target/test-dir/MiniOzoneClusterImpl-6fb830c9-5413-49cc-a625-6cf41c4e5c97/datanode-2/data/ratis/e2d981b6-22f8-4a7e-9e1d-21136e7cfe22/sm/snapshot.1_63
2022-04-27 10:52:28,897 [5305b34f-83d0-4be9-8032-f631ee150b78@group-21136E7CFE22-StateMachineUpdater] INFO  ratis.ContainerStateMachine (ContainerStateMachine.java:takeSnapshot(315)) - group-21136E7CFE22: Finished taking a snapshot at:(t:1, i:63) file:/home/runner/work/ozone/ozone/hadoop-ozone/integration-test/target/test-dir/MiniOzoneClusterImpl-6fb830c9-5413-49cc-a625-6cf41c4e5c97/datanode-2/data/ratis/e2d981b6-22f8-4a7e-9e1d-21136e7cfe22/sm/snapshot.1_63 took: 2 ms
2022-04-27 10:52:28,898 [5305b34f-83d0-4be9-8032-f631ee150b78@group-21136E7CFE22-StateMachineUpdater] INFO  impl.SimpleStateMachineStorage (SimpleStateMachineStorage.java:cleanupOldSnapshots(102)) - Deleting old snapshot at /home/runner/work/ozone/ozone/hadoop-ozone/integration-test/target/test-dir/MiniOzoneClusterImpl-6fb830c9-5413-49cc-a625-6cf41c4e5c97/datanode-2/data/ratis/e2d981b6-22f8-4a7e-9e1d-21136e7cfe22/sm/snapshot.1_2
2022-04-27 10:52:28,898 [5305b34f-83d0-4be9-8032-f631ee150b78@group-21136E7CFE22-StateMachineUpdater] INFO  impl.StateMachineUpdater (StateMachineUpdater.java:takeSnapshot(281)) - 5305b34f-83d0-4be9-8032-f631ee150b78@group-21136E7CFE22-StateMachineUpdater: Took a snapshot at index 63
2022-04-27 10:52:28,898 [5305b34f-83d0-4be9-8032-f631ee150b78@group-21136E7CFE22-StateMachineUpdater] INFO  impl.StateMachineUpdater (StateMachineUpdater.java:lambda$new$0(89)) - 5305b34f-83d0-4be9-8032-f631ee150b78@group-21136E7CFE22-StateMachineUpdater: snapshotIndex: updateIncreasingly 32 -> 63
2022-04-27 10:52:28,898 [ChunkWriter-0-0] WARN  helpers.ChunkUtils (ChunkUtils.java:validateChunkForOverwrite(240)) - Duplicate write chunk request. Chunk overwrite without explicit request. ChunkInfo{chunkName='109611004723200004.data.1038420349, offset=0, len=5}
2022-04-27 10:52:28,908 [ChunkWriter-0-0] WARN  helpers.ChunkUtils (ChunkUtils.java:validateChunkForOverwrite(240)) - Duplicate write chunk request. Chunk overwrite without explicit request. ChunkInfo{chunkName='109611004723200004.data.483048686, offset=0, len=5}
2022-04-27 10:52:28,909 [5305b34f-83d0-4be9-8032-f631ee150b78@group-21136E7CFE22-StateMachineUpdater] INFO  ratis.ContainerStateMachine (ContainerStateMachine.java:takeSnapshot(304)) - group-21136E7CFE22: Taking a snapshot at:(t:1, i:68) file /home/runner/work/ozone/ozone/hadoop-ozone/integration-test/target/test-dir/MiniOzoneClusterImpl-6fb830c9-5413-49cc-a625-6cf41c4e5c97/datanode-2/data/ratis/e2d981b6-22f8-4a7e-9e1d-21136e7cfe22/sm/snapshot.1_68
2022-04-27 10:52:28,912 [ChunkWriter-0-0] WARN  helpers.ChunkUtils (ChunkUtils.java:validateChunkForOverwrite(240)) - Duplicate write chunk request. Chunk overwrite without explicit request. ChunkInfo{chunkName='109611004723200004.data.1359662007, offset=0, len=5}
2022-04-27 10:52:28,914 [ChunkWriter-0-0] WARN  helpers.ChunkUtils (ChunkUtils.java:validateChunkForOverwrite(240)) - Duplicate write chunk request. Chunk overwrite without explicit request. ChunkInfo{chunkName='109611004723200004.data.-491929623, offset=0, len=5}
2022-04-27 10:52:28,914 [5305b34f-83d0-4be9-8032-f631ee150b78@group-21136E7CFE22-StateMachineUpdater] INFO  ratis.ContainerStateMachine (ContainerStateMachine.java:takeSnapshot(315)) - group-21136E7CFE22: Finished taking a snapshot at:(t:1, i:68) file:/home/runner/work/ozone/ozone/hadoop-ozone/integration-test/target/test-dir/MiniOzoneClusterImpl-6fb830c9-5413-49cc-a625-6cf41c4e5c97/datanode-2/data/ratis/e2d981b6-22f8-4a7e-9e1d-21136e7cfe22/sm/snapshot.1_68 took: 4 ms
2022-04-27 10:52:28,914 [5305b34f-83d0-4be9-8032-f631ee150b78@group-21136E7CFE22-StateMachineUpdater] INFO  impl.SimpleStateMachineStorage (SimpleStateMachineStorage.java:cleanupOldSnapshots(102)) - Deleting old snapshot at /home/runner/work/ozone/ozone/hadoop-ozone/integration-test/target/test-dir/MiniOzoneClusterImpl-6fb830c9-5413-49cc-a625-6cf41c4e5c97/datanode-2/data/ratis/e2d981b6-22f8-4a7e-9e1d-21136e7cfe22/sm/snapshot.1_3
2022-04-27 10:52:28,914 [5305b34f-83d0-4be9-8032-f631ee150b78@group-21136E7CFE22-StateMachineUpdater] INFO  impl.StateMachineUpdater (StateMachineUpdater.java:takeSnapshot(281)) - 5305b34f-83d0-4be9-8032-f631ee150b78@group-21136E7CFE22-StateMachineUpdater: Took a snapshot at index 68
2022-04-27 10:52:28,915 [5305b34f-83d0-4be9-8032-f631ee150b78@group-21136E7CFE22-StateMachineUpdater] INFO  impl.StateMachineUpdater (StateMachineUpdater.java:lambda$new$0(89)) - 5305b34f-83d0-4be9-8032-f631ee150b78@group-21136E7CFE22-StateMachineUpdater: snapshotIndex: updateIncreasingly 63 -> 68
2022-04-27 10:52:28,919 [5305b34f-83d0-4be9-8032-f631ee150b78@group-21136E7CFE22-StateMachineUpdater] INFO  ratis.ContainerStateMachine (ContainerStateMachine.java:takeSnapshot(304)) - group-21136E7CFE22: Taking a snapshot at:(t:1, i:71) file /home/runner/work/ozone/ozone/hadoop-ozone/integration-test/target/test-dir/MiniOzoneClusterImpl-6fb830c9-5413-49cc-a625-6cf41c4e5c97/datanode-2/data/ratis/e2d981b6-22f8-4a7e-9e1d-21136e7cfe22/sm/snapshot.1_71
2022-04-27 10:52:28,920 [ChunkWriter-0-0] WARN  helpers.ChunkUtils (ChunkUtils.java:validateChunkForOverwrite(240)) - Duplicate write chunk request. Chunk overwrite without explicit request. ChunkInfo{chunkName='109611004723200004.data.143037703, offset=0, len=5}
2022-04-27 10:52:28,922 [5305b34f-83d0-4be9-8032-f631ee150b78@group-21136E7CFE22-StateMachineUpdater] INFO  ratis.ContainerStateMachine (ContainerStateMachine.java:takeSnapshot(315)) - group-21136E7CFE22: Finished taking a snapshot at:(t:1, i:71) file:/home/runner/work/ozone/ozone/hadoop-ozone/integration-test/target/test-dir/MiniOzoneClusterImpl-6fb830c9-5413-49cc-a625-6cf41c4e5c97/datanode-2/data/ratis/e2d981b6-22f8-4a7e-9e1d-21136e7cfe22/sm/snapshot.1_71 took: 3 ms
2022-04-27 10:52:28,922 [5305b34f-83d0-4be9-8032-f631ee150b78@group-21136E7CFE22-StateMachineUpdater] INFO  impl.SimpleStateMachineStorage (SimpleStateMachineStorage.java:cleanupOldSnapshots(102)) - Deleting old snapshot at /home/runner/work/ozone/ozone/hadoop-ozone/integration-test/target/test-dir/MiniOzoneClusterImpl-6fb830c9-5413-49cc-a625-6cf41c4e5c97/datanode-2/data/ratis/e2d981b6-22f8-4a7e-9e1d-21136e7cfe22/sm/snapshot.1_4
2022-04-27 10:52:28,923 [5305b34f-83d0-4be9-8032-f631ee150b78@group-21136E7CFE22-StateMachineUpdater] INFO  impl.StateMachineUpdater (StateMachineUpdater.java:takeSnapshot(281)) - 5305b34f-83d0-4be9-8032-f631ee150b78@group-21136E7CFE22-StateMachineUpdater: Took a snapshot at index 71
2022-04-27 10:52:28,923 [5305b34f-83d0-4be9-8032-f631ee150b78@group-21136E7CFE22-StateMachineUpdater] INFO  impl.StateMachineUpdater (StateMachineUpdater.java:lambda$new$0(89)) - 5305b34f-83d0-4be9-8032-f631ee150b78@group-21136E7CFE22-StateMachineUpdater: snapshotIndex: updateIncreasingly 68 -> 71
2022-04-27 10:52:28,926 [5305b34f-83d0-4be9-8032-f631ee150b78@group-21136E7CFE22-StateMachineUpdater] INFO  ratis.ContainerStateMachine (ContainerStateMachine.java:takeSnapshot(304)) - group-21136E7CFE22: Taking a snapshot at:(t:1, i:73) file /home/runner/work/ozone/ozone/hadoop-ozone/integration-test/target/test-dir/MiniOzoneClusterImpl-6fb830c9-5413-49cc-a625-6cf41c4e5c97/datanode-2/data/ratis/e2d981b6-22f8-4a7e-9e1d-21136e7cfe22/sm/snapshot.1_73
2022-04-27 10:52:28,928 [5305b34f-83d0-4be9-8032-f631ee150b78@group-21136E7CFE22-StateMachineUpdater] INFO  ratis.ContainerStateMachine (ContainerStateMachine.java:takeSnapshot(315)) - group-21136E7CFE22: Finished taking a snapshot at:(t:1, i:73) file:/home/runner/work/ozone/ozone/hadoop-ozone/integration-test/target/test-dir/MiniOzoneClusterImpl-6fb830c9-5413-49cc-a625-6cf41c4e5c97/datanode-2/data/ratis/e2d981b6-22f8-4a7e-9e1d-21136e7cfe22/sm/snapshot.1_73 took: 2 ms
2022-04-27 10:52:28,928 [5305b34f-83d0-4be9-8032-f631ee150b78@group-21136E7CFE22-StateMachineUpdater] INFO  impl.SimpleStateMachineStorage (SimpleStateMachineStorage.java:cleanupOldSnapshots(102)) - Deleting old snapshot at /home/runner/work/ozone/ozone/hadoop-ozone/integration-test/target/test-dir/MiniOzoneClusterImpl-6fb830c9-5413-49cc-a625-6cf41c4e5c97/datanode-2/data/ratis/e2d981b6-22f8-4a7e-9e1d-21136e7cfe22/sm/snapshot.1_7
2022-04-27 10:52:28,928 [5305b34f-83d0-4be9-8032-f631ee150b78@group-21136E7CFE22-StateMachineUpdater] INFO  impl.StateMachineUpdater (StateMachineUpdater.java:takeSnapshot(281)) - 5305b34f-83d0-4be9-8032-f631ee150b78@group-21136E7CFE22-StateMachineUpdater: Took a snapshot at index 73
2022-04-27 10:52:28,928 [5305b34f-83d0-4be9-8032-f631ee150b78@group-21136E7CFE22-StateMachineUpdater] INFO  impl.StateMachineUpdater (StateMachineUpdater.java:lambda$new$0(89)) - 5305b34f-83d0-4be9-8032-f631ee150b78@group-21136E7CFE22-StateMachineUpdater: snapshotIndex: updateIncreasingly 71 -> 73
2022-04-27 10:52:28,932 [ChunkWriter-0-0] WARN  helpers.ChunkUtils (ChunkUtils.java:validateChunkForOverwrite(240)) - Duplicate write chunk request. Chunk overwrite without explicit request. ChunkInfo{chunkName='109611004723200004.data.242872630, offset=0, len=5}
2022-04-27 10:52:28,934 [ChunkWriter-0-0] WARN  helpers.ChunkUtils (ChunkUtils.java:validateChunkForOverwrite(240)) - Duplicate write chunk request. Chunk overwrite without explicit request. ChunkInfo{chunkName='109611004723200004.data.-639105246, offset=0, len=5}
2022-04-27 10:52:28,936 [ChunkWriter-0-0] WARN  helpers.ChunkUtils (ChunkUtils.java:validateChunkForOverwrite(240)) - Duplicate write chunk request. Chunk overwrite without explicit request. ChunkInfo{chunkName='109611004723200004.data.1431639568, offset=0, len=5}
2022-04-27 10:52:28,947 [EventQueue-PipelineReportForPipelineReportHandler] INFO  pipeline.PipelineReportHandler (PipelineReportHandler.java:processPipelineReport(113)) - Reported pipeline PipelineID=cf80c735-cb93-438b-a05e-dff27b2a1031 is not found
2022-04-27 10:52:28,951 [ChunkWriter-0-0] WARN  helpers.ChunkUtils (ChunkUtils.java:validateChunkForOverwrite(240)) - Duplicate write chunk request. Chunk overwrite without explicit request. ChunkInfo{chunkName='109611004723200004.data.-557521984, offset=0, len=5}
2022-04-27 10:52:28,952 [ChunkWriter-0-0] WARN  helpers.ChunkUtils (ChunkUtils.java:validateChunkForOverwrite(240)) - Duplicate write chunk request. Chunk overwrite without explicit request. ChunkInfo{chunkName='109611004723200004.data.-276051250, offset=0, len=5}
2022-04-27 10:52:28,953 [ChunkWriter-0-0] WARN  helpers.ChunkUtils (ChunkUtils.java:validateChunkForOverwrite(240)) - Duplicate write chunk request. Chunk overwrite without explicit request. ChunkInfo{chunkName='109611004723200004.data.-574977285, offset=0, len=5}
2022-04-27 10:52:28,953 [ChunkWriter-0-0] WARN  helpers.ChunkUtils (ChunkUtils.java:validateChunkForOverwrite(240)) - Duplicate write chunk request. Chunk overwrite without explicit request. ChunkInfo{chunkName='109611004723200004.data.-2056380063, offset=0, len=5}
2022-04-27 10:52:28,954 [ChunkWriter-0-0] WARN  helpers.ChunkUtils (ChunkUtils.java:validateChunkForOverwrite(240)) - Duplicate write chunk request. Chunk overwrite without explicit request. ChunkInfo{chunkName='109611004723200004.data.1681854235, offset=0, len=5}
2022-04-27 10:52:28,955 [ChunkWriter-0-0] WARN  helpers.ChunkUtils (ChunkUtils.java:validateChunkForOverwrite(240)) - Duplicate write chunk request. Chunk overwrite without explicit request. ChunkInfo{chunkName='109611004723200004.data.-1560794969, offset=0, len=5}
2022-04-27 10:52:28,956 [ChunkWriter-0-0] WARN  helpers.ChunkUtils (ChunkUtils.java:validateChunkForOverwrite(240)) - Duplicate write chunk request. Chunk overwrite without explicit request. ChunkInfo{chunkName='109611004723200004.data.-2041498282, offset=0, len=5}
2022-04-27 10:52:28,957 [ChunkWriter-0-0] WARN  helpers.ChunkUtils (ChunkUtils.java:validateChunkForOverwrite(240)) - Duplicate write chunk request. Chunk overwrite without explicit request. ChunkInfo{chunkName='109611004723200004.data.-119117186, offset=0, len=5}
2022-04-27 10:52:28,959 [ChunkWriter-0-0] WARN  helpers.ChunkUtils (ChunkUtils.java:validateChunkForOverwrite(240)) - Duplicate write chunk request. Chunk overwrite without explicit request. ChunkInfo{chunkName='109611004723200004.data.-2035116999, offset=0, len=5}
2022-04-27 10:52:28,960 [ChunkWriter-0-0] WARN  helpers.ChunkUtils (ChunkUtils.java:validateChunkForOverwrite(240)) - Duplicate write chunk request. Chunk overwrite without explicit request. ChunkInfo{chunkName='109611004723200004.data.-239661097, offset=0, len=5}
2022-04-27 10:52:28,963 [5305b34f-83d0-4be9-8032-f631ee150b78@group-21136E7CFE22-StateMachineUpdater] INFO  ratis.ContainerStateMachine (ContainerStateMachine.java:takeSnapshot(304)) - group-21136E7CFE22: Taking a snapshot at:(t:1, i:76) file /home/runner/work/ozone/ozone/hadoop-ozone/integration-test/target/test-dir/MiniOzoneClusterImpl-6fb830c9-5413-49cc-a625-6cf41c4e5c97/datanode-2/data/ratis/e2d981b6-22f8-4a7e-9e1d-21136e7cfe22/sm/snapshot.1_76
2022-04-27 10:52:28,963 [ChunkWriter-0-0] WARN  helpers.ChunkUtils (ChunkUtils.java:validateChunkForOverwrite(240)) - Duplicate write chunk request. Chunk overwrite without explicit request. ChunkInfo{chunkName='109611004723200004.data.-1533629004, offset=0, len=5}
2022-04-27 10:52:28,968 [5305b34f-83d0-4be9-8032-f631ee150b78@group-21136E7CFE22-StateMachineUpdater] INFO  ratis.ContainerStateMachine (ContainerStateMachine.java:takeSnapshot(315)) - group-21136E7CFE22: Finished taking a snapshot at:(t:1, i:76) file:/home/runner/work/ozone/ozone/hadoop-ozone/integration-test/target/test-dir/MiniOzoneClusterImpl-6fb830c9-5413-49cc-a625-6cf41c4e5c97/datanode-2/data/ratis/e2d981b6-22f8-4a7e-9e1d-21136e7cfe22/sm/snapshot.1_76 took: 6 ms
2022-04-27 10:52:28,969 [ChunkWriter-0-0] WARN  helpers.ChunkUtils (ChunkUtils.java:validateChunkForOverwrite(240)) - Duplicate write chunk request. Chunk overwrite without explicit request. ChunkInfo{chunkName='109611004723200004.data.-1924183745, offset=0, len=5}
2022-04-27 10:52:28,969 [5305b34f-83d0-4be9-8032-f631ee150b78@group-21136E7CFE22-StateMachineUpdater] INFO  impl.SimpleStateMachineStorage (SimpleStateMachineStorage.java:cleanupOldSnapshots(102)) - Deleting old snapshot at /home/runner/work/ozone/ozone/hadoop-ozone/integration-test/target/test-dir/MiniOzoneClusterImpl-6fb830c9-5413-49cc-a625-6cf41c4e5c97/datanode-2/data/ratis/e2d981b6-22f8-4a7e-9e1d-21136e7cfe22/sm/snapshot.1_32
2022-04-27 10:52:28,969 [5305b34f-83d0-4be9-8032-f631ee150b78@group-21136E7CFE22-StateMachineUpdater] INFO  impl.StateMachineUpdater (StateMachineUpdater.java:takeSnapshot(281)) - 5305b34f-83d0-4be9-8032-f631ee150b78@group-21136E7CFE22-StateMachineUpdater: Took a snapshot at index 76
2022-04-27 10:52:28,969 [5305b34f-83d0-4be9-8032-f631ee150b78@group-21136E7CFE22-StateMachineUpdater] INFO  impl.StateMachineUpdater (StateMachineUpdater.java:lambda$new$0(89)) - 5305b34f-83d0-4be9-8032-f631ee150b78@group-21136E7CFE22-StateMachineUpdater: snapshotIndex: updateIncreasingly 73 -> 76
2022-04-27 10:52:28,973 [EventQueue-PipelineReportForPipelineReportHandler] INFO  pipeline.PipelineReportHandler (PipelineReportHandler.java:processPipelineReport(113)) - Reported pipeline PipelineID=cf80c735-cb93-438b-a05e-dff27b2a1031 is not found
2022-04-27 10:52:28,990 [ChunkWriter-0-0] WARN  helpers.ChunkUtils (ChunkUtils.java:validateChunkForOverwrite(240)) - Duplicate write chunk request. Chunk overwrite without explicit request. ChunkInfo{chunkName='109611004723200004.data.-532338762, offset=0, len=5}
2022-04-27 10:52:28,991 [ChunkWriter-0-0] WARN  helpers.ChunkUtils (ChunkUtils.java:validateChunkForOverwrite(240)) - Duplicate write chunk request. Chunk overwrite without explicit request. ChunkInfo{chunkName='109611004723200004.data.-2069780595, offset=0, len=5}
2022-04-27 10:52:28,992 [ChunkWriter-0-0] WARN  helpers.ChunkUtils (ChunkUtils.java:validateChunkForOverwrite(240)) - Duplicate write chunk request. Chunk overwrite without explicit request. ChunkInfo{chunkName='109611004723200004.data.-1416444729, offset=0, len=5}
2022-04-27 10:52:28,993 [ChunkWriter-0-0] WARN  helpers.ChunkUtils (ChunkUtils.java:validateChunkForOverwrite(240)) - Duplicate write chunk request. Chunk overwrite without explicit request. ChunkInfo{chunkName='109611004723200004.data.-754676798, offset=0, len=5}
2022-04-27 10:52:28,993 [ChunkWriter-0-0] WARN  helpers.ChunkUtils (ChunkUtils.java:validateChunkForOverwrite(240)) - Duplicate write chunk request. Chunk overwrite without explicit request. ChunkInfo{chunkName='109611004723200004.data.1273118007, offset=0, len=5}
2022-04-27 10:52:28,994 [ChunkWriter-0-0] WARN  helpers.ChunkUtils (ChunkUtils.java:validateChunkForOverwrite(240)) - Duplicate write chunk request. Chunk overwrite without explicit request. ChunkInfo{chunkName='109611004723200004.data.-601715145, offset=0, len=5}
2022-04-27 10:52:28,995 [ChunkWriter-0-0] WARN  helpers.ChunkUtils (ChunkUtils.java:validateChunkForOverwrite(240)) - Duplicate write chunk request. Chunk overwrite without explicit request. ChunkInfo{chunkName='109611004723200004.data.-1476487426, offset=0, len=5}
2022-04-27 10:52:28,996 [ChunkWriter-0-0] WARN  helpers.ChunkUtils (ChunkUtils.java:validateChunkForOverwrite(240)) - Duplicate write chunk request. Chunk overwrite without explicit request. ChunkInfo{chunkName='109611004723200004.data.-1535376206, offset=0, len=5}
2022-04-27 10:52:28,996 [ChunkWriter-0-0] WARN  helpers.ChunkUtils (ChunkUtils.java:validateChunkForOverwrite(240)) - Duplicate write chunk request. Chunk overwrite without explicit request. ChunkInfo{chunkName='109611004723200004.data.1483175593, offset=0, len=5}
2022-04-27 10:52:28,997 [ChunkWriter-0-0] WARN  helpers.ChunkUtils (ChunkUtils.java:validateChunkForOverwrite(240)) - Duplicate write chunk request. Chunk overwrite without explicit request. ChunkInfo{chunkName='109611004723200004.data.1669231602, offset=0, len=5}
2022-04-27 10:52:28,997 [ChunkWriter-0-0] WARN  helpers.ChunkUtils (ChunkUtils.java:validateChunkForOverwrite(240)) - Duplicate write chunk request. Chunk overwrite without explicit request. ChunkInfo{chunkName='109611004723200004.data.403559906, offset=0, len=5}
2022-04-27 10:52:29,002 [ChunkWriter-0-0] WARN  helpers.ChunkUtils (ChunkUtils.java:validateChunkForOverwrite(240)) - Duplicate write chunk request. Chunk overwrite without explicit request. ChunkInfo{chunkName='109611004723200004.data.1261046998, offset=0, len=5}
2022-04-27 10:52:29,003 [ChunkWriter-0-0] WARN  helpers.ChunkUtils (ChunkUtils.java:validateChunkForOverwrite(240)) - Duplicate write chunk request. Chunk overwrite without explicit request. ChunkInfo{chunkName='109611004723200004.data.1248666743, offset=0, len=5}
2022-04-27 10:52:29,004 [ChunkWriter-0-0] WARN  helpers.ChunkUtils (ChunkUtils.java:validateChunkForOverwrite(240)) - Duplicate write chunk request. Chunk overwrite without explicit request. ChunkInfo{chunkName='109611004723200004.data.168240689, offset=0, len=5}
2022-04-27 10:52:29,005 [ChunkWriter-0-0] WARN  helpers.ChunkUtils (ChunkUtils.java:validateChunkForOverwrite(240)) - Duplicate write chunk request. Chunk overwrite without explicit request. ChunkInfo{chunkName='109611004723200004.data.-1949030672, offset=0, len=5}
2022-04-27 10:52:29,006 [ChunkWriter-0-0] WARN  helpers.ChunkUtils (ChunkUtils.java:validateChunkForOverwrite(240)) - Duplicate write chunk request. Chunk overwrite without explicit request. ChunkInfo{chunkName='109611004723200004.data.-1174518819, offset=0, len=5}
2022-04-27 10:52:29,008 [ChunkWriter-0-0] WARN  helpers.ChunkUtils (ChunkUtils.java:validateChunkForOverwrite(240)) - Duplicate write chunk request. Chunk overwrite without explicit request. ChunkInfo{chunkName='109611004723200004.data.-678331894, offset=0, len=5}
2022-04-27 10:52:29,009 [ChunkWriter-0-0] WARN  helpers.ChunkUtils (ChunkUtils.java:validateChunkForOverwrite(240)) - Duplicate write chunk request. Chunk overwrite without explicit request. ChunkInfo{chunkName='109611004723200004.data.1862301873, offset=0, len=5}
2022-04-27 10:52:29,012 [ChunkWriter-0-0] WARN  helpers.ChunkUtils (ChunkUtils.java:validateChunkForOverwrite(240)) - Duplicate write chunk request. Chunk overwrite without explicit request. ChunkInfo{chunkName='109611004723200004.data.-1962767175, offset=0, len=5}
2022-04-27 10:52:29,015 [5305b34f-83d0-4be9-8032-f631ee150b78@group-21136E7CFE22-StateMachineUpdater] INFO  ratis.ContainerStateMachine (ContainerStateMachine.java:takeSnapshot(304)) - group-21136E7CFE22: Taking a snapshot at:(t:1, i:99) file /home/runner/work/ozone/ozone/hadoop-ozone/integration-test/target/test-dir/MiniOzoneClusterImpl-6fb830c9-5413-49cc-a625-6cf41c4e5c97/datanode-2/data/ratis/e2d981b6-22f8-4a7e-9e1d-21136e7cfe22/sm/snapshot.1_99
2022-04-27 10:52:29,017 [ChunkWriter-0-0] WARN  helpers.ChunkUtils (ChunkUtils.java:validateChunkForOverwrite(240)) - Duplicate write chunk request. Chunk overwrite without explicit request. ChunkInfo{chunkName='109611004723200004.data.-1927340952, offset=0, len=5}
2022-04-27 10:52:29,017 [5305b34f-83d0-4be9-8032-f631ee150b78@group-21136E7CFE22-StateMachineUpdater] INFO  ratis.ContainerStateMachine (ContainerStateMachine.java:takeSnapshot(315)) - group-21136E7CFE22: Finished taking a snapshot at:(t:1, i:99) file:/home/runner/work/ozone/ozone/hadoop-ozone/integration-test/target/test-dir/MiniOzoneClusterImpl-6fb830c9-5413-49cc-a625-6cf41c4e5c97/datanode-2/data/ratis/e2d981b6-22f8-4a7e-9e1d-21136e7cfe22/sm/snapshot.1_99 took: 2 ms
2022-04-27 10:52:29,018 [5305b34f-83d0-4be9-8032-f631ee150b78@group-21136E7CFE22-StateMachineUpdater] INFO  impl.SimpleStateMachineStorage (SimpleStateMachineStorage.java:cleanupOldSnapshots(102)) - Deleting old snapshot at /home/runner/work/ozone/ozone/hadoop-ozone/integration-test/target/test-dir/MiniOzoneClusterImpl-6fb830c9-5413-49cc-a625-6cf41c4e5c97/datanode-2/data/ratis/e2d981b6-22f8-4a7e-9e1d-21136e7cfe22/sm/snapshot.1_63
2022-04-27 10:52:29,018 [5305b34f-83d0-4be9-8032-f631ee150b78@group-21136E7CFE22-StateMachineUpdater] INFO  impl.StateMachineUpdater (StateMachineUpdater.java:takeSnapshot(281)) - 5305b34f-83d0-4be9-8032-f631ee150b78@group-21136E7CFE22-StateMachineUpdater: Took a snapshot at index 99
2022-04-27 10:52:29,018 [5305b34f-83d0-4be9-8032-f631ee150b78@group-21136E7CFE22-StateMachineUpdater] INFO  impl.StateMachineUpdater (StateMachineUpdater.java:lambda$new$0(89)) - 5305b34f-83d0-4be9-8032-f631ee150b78@group-21136E7CFE22-StateMachineUpdater: snapshotIndex: updateIncreasingly 76 -> 99
2022-04-27 10:52:29,035 [ChunkWriter-0-0] WARN  helpers.ChunkUtils (ChunkUtils.java:validateChunkForOverwrite(240)) - Duplicate write chunk request. Chunk overwrite without explicit request. ChunkInfo{chunkName='109611004723200004.data.1214231169, offset=0, len=5}
2022-04-27 10:52:29,039 [EventQueue-PipelineReportForPipelineReportHandler] INFO  pipeline.PipelineReportHandler (PipelineReportHandler.java:processPipelineReport(113)) - Reported pipeline PipelineID=cf80c735-cb93-438b-a05e-dff27b2a1031 is not found
2022-04-27 10:52:29,042 [ChunkWriter-0-0] WARN  helpers.ChunkUtils (ChunkUtils.java:validateChunkForOverwrite(240)) - Duplicate write chunk request. Chunk overwrite without explicit request. ChunkInfo{chunkName='109611004723200004.data.1587525531, offset=0, len=5}
2022-04-27 10:52:29,047 [5305b34f-83d0-4be9-8032-f631ee150b78@group-21136E7CFE22-StateMachineUpdater] INFO  ratis.ContainerStateMachine (ContainerStateMachine.java:takeSnapshot(304)) - group-21136E7CFE22: Taking a snapshot at:(t:1, i:132) file /home/runner/work/ozone/ozone/hadoop-ozone/integration-test/target/test-dir/MiniOzoneClusterImpl-6fb830c9-5413-49cc-a625-6cf41c4e5c97/datanode-2/data/ratis/e2d981b6-22f8-4a7e-9e1d-21136e7cfe22/sm/snapshot.1_132
2022-04-27 10:52:29,049 [5305b34f-83d0-4be9-8032-f631ee150b78@group-21136E7CFE22-StateMachineUpdater] INFO  ratis.ContainerStateMachine (ContainerStateMachine.java:takeSnapshot(315)) - group-21136E7CFE22: Finished taking a snapshot at:(t:1, i:132) file:/home/runner/work/ozone/ozone/hadoop-ozone/integration-test/target/test-dir/MiniOzoneClusterImpl-6fb830c9-5413-49cc-a625-6cf41c4e5c97/datanode-2/data/ratis/e2d981b6-22f8-4a7e-9e1d-21136e7cfe22/sm/snapshot.1_132 took: 2 ms
2022-04-27 10:52:29,050 [5305b34f-83d0-4be9-8032-f631ee150b78@group-21136E7CFE22-StateMachineUpdater] INFO  impl.SimpleStateMachineStorage (SimpleStateMachineStorage.java:cleanupOldSnapshots(102)) - Deleting old snapshot at /home/runner/work/ozone/ozone/hadoop-ozone/integration-test/target/test-dir/MiniOzoneClusterImpl-6fb830c9-5413-49cc-a625-6cf41c4e5c97/datanode-2/data/ratis/e2d981b6-22f8-4a7e-9e1d-21136e7cfe22/sm/snapshot.1_68
2022-04-27 10:52:29,050 [5305b34f-83d0-4be9-8032-f631ee150b78@group-21136E7CFE22-StateMachineUpdater] INFO  impl.StateMachineUpdater (StateMachineUpdater.java:takeSnapshot(281)) - 5305b34f-83d0-4be9-8032-f631ee150b78@group-21136E7CFE22-StateMachineUpdater: Took a snapshot at index 132
2022-04-27 10:52:29,050 [5305b34f-83d0-4be9-8032-f631ee150b78@group-21136E7CFE22-StateMachineUpdater] INFO  impl.StateMachineUpdater (StateMachineUpdater.java:lambda$new$0(89)) - 5305b34f-83d0-4be9-8032-f631ee150b78@group-21136E7CFE22-StateMachineUpdater: snapshotIndex: updateIncreasingly 99 -> 132
2022-04-27 10:52:29,064 [5305b34f-83d0-4be9-8032-f631ee150b78@group-21136E7CFE22-StateMachineUpdater] INFO  ratis.ContainerStateMachine (ContainerStateMachine.java:takeSnapshot(304)) - group-21136E7CFE22: Taking a snapshot at:(t:1, i:137) file /home/runner/work/ozone/ozone/hadoop-ozone/integration-test/target/test-dir/MiniOzoneClusterImpl-6fb830c9-5413-49cc-a625-6cf41c4e5c97/datanode-2/data/ratis/e2d981b6-22f8-4a7e-9e1d-21136e7cfe22/sm/snapshot.1_137
2022-04-27 10:52:29,066 [5305b34f-83d0-4be9-8032-f631ee150b78@group-21136E7CFE22-StateMachineUpdater] INFO  ratis.ContainerStateMachine (ContainerStateMachine.java:takeSnapshot(315)) - group-21136E7CFE22: Finished taking a snapshot at:(t:1, i:137) file:/home/runner/work/ozone/ozone/hadoop-ozone/integration-test/target/test-dir/MiniOzoneClusterImpl-6fb830c9-5413-49cc-a625-6cf41c4e5c97/datanode-2/data/ratis/e2d981b6-22f8-4a7e-9e1d-21136e7cfe22/sm/snapshot.1_137 took: 2 ms
2022-04-27 10:52:29,066 [5305b34f-83d0-4be9-8032-f631ee150b78@group-21136E7CFE22-StateMachineUpdater] INFO  impl.SimpleStateMachineStorage (SimpleStateMachineStorage.java:cleanupOldSnapshots(102)) - Deleting old snapshot at /home/runner/work/ozone/ozone/hadoop-ozone/integration-test/target/test-dir/MiniOzoneClusterImpl-6fb830c9-5413-49cc-a625-6cf41c4e5c97/datanode-2/data/ratis/e2d981b6-22f8-4a7e-9e1d-21136e7cfe22/sm/snapshot.1_71
2022-04-27 10:52:29,067 [5305b34f-83d0-4be9-8032-f631ee150b78@group-21136E7CFE22-StateMachineUpdater] INFO  impl.StateMachineUpdater (StateMachineUpdater.java:takeSnapshot(281)) - 5305b34f-83d0-4be9-8032-f631ee150b78@group-21136E7CFE22-StateMachineUpdater: Took a snapshot at index 137
2022-04-27 10:52:29,067 [5305b34f-83d0-4be9-8032-f631ee150b78@group-21136E7CFE22-StateMachineUpdater] INFO  impl.StateMachineUpdater (StateMachineUpdater.java:lambda$new$0(89)) - 5305b34f-83d0-4be9-8032-f631ee150b78@group-21136E7CFE22-StateMachineUpdater: snapshotIndex: updateIncreasingly 132 -> 137
2022-04-27 10:52:29,070 [ChunkWriter-0-0] WARN  helpers.ChunkUtils (ChunkUtils.java:validateChunkForOverwrite(240)) - Duplicate write chunk request. Chunk overwrite without explicit request. ChunkInfo{chunkName='109611004723200004.data.135050812, offset=0, len=5}
2022-04-27 10:52:29,072 [ChunkWriter-0-0] WARN  helpers.ChunkUtils (ChunkUtils.java:validateChunkForOverwrite(240)) - Duplicate write chunk request. Chunk overwrite without explicit request. ChunkInfo{chunkName='109611004723200004.data.-562430121, offset=0, len=5}
2022-04-27 10:52:29,074 [ChunkWriter-0-0] WARN  helpers.ChunkUtils (ChunkUtils.java:validateChunkForOverwrite(240)) - Duplicate write chunk request. Chunk overwrite without explicit request. ChunkInfo{chunkName='109611004723200004.data.-1480568702, offset=0, len=5}
2022-04-27 10:52:29,075 [ChunkWriter-0-0] WARN  helpers.ChunkUtils (ChunkUtils.java:validateChunkForOverwrite(240)) - Duplicate write chunk request. Chunk overwrite without explicit request. ChunkInfo{chunkName='109611004723200004.data.-996438278, offset=0, len=5}
2022-04-27 10:52:29,077 [ChunkWriter-0-0] WARN  helpers.ChunkUtils (ChunkUtils.java:validateChunkForOverwrite(240)) - Duplicate write chunk request. Chunk overwrite without explicit request. ChunkInfo{chunkName='109611004723200004.data.152084913, offset=0, len=5}
2022-04-27 10:52:29,078 [5305b34f-83d0-4be9-8032-f631ee150b78@group-21136E7CFE22-StateMachineUpdater] INFO  ratis.ContainerStateMachine (ContainerStateMachine.java:takeSnapshot(304)) - group-21136E7CFE22: Taking a snapshot at:(t:1, i:138) file /home/runner/work/ozone/ozone/hadoop-ozone/integration-test/target/test-dir/MiniOzoneClusterImpl-6fb830c9-5413-49cc-a625-6cf41c4e5c97/datanode-2/data/ratis/e2d981b6-22f8-4a7e-9e1d-21136e7cfe22/sm/snapshot.1_138
2022-04-27 10:52:29,085 [5305b34f-83d0-4be9-8032-f631ee150b78@group-21136E7CFE22-StateMachineUpdater] INFO  ratis.ContainerStateMachine (ContainerStateMachine.java:takeSnapshot(315)) - group-21136E7CFE22: Finished taking a snapshot at:(t:1, i:138) file:/home/runner/work/ozone/ozone/hadoop-ozone/integration-test/target/test-dir/MiniOzoneClusterImpl-6fb830c9-5413-49cc-a625-6cf41c4e5c97/datanode-2/data/ratis/e2d981b6-22f8-4a7e-9e1d-21136e7cfe22/sm/snapshot.1_138 took: 7 ms
2022-04-27 10:52:29,086 [5305b34f-83d0-4be9-8032-f631ee150b78@group-21136E7CFE22-StateMachineUpdater] INFO  impl.SimpleStateMachineStorage (SimpleStateMachineStorage.java:cleanupOldSnapshots(102)) - Deleting old snapshot at /home/runner/work/ozone/ozone/hadoop-ozone/integration-test/target/test-dir/MiniOzoneClusterImpl-6fb830c9-5413-49cc-a625-6cf41c4e5c97/datanode-2/data/ratis/e2d981b6-22f8-4a7e-9e1d-21136e7cfe22/sm/snapshot.1_73
2022-04-27 10:52:29,086 [5305b34f-83d0-4be9-8032-f631ee150b78@group-21136E7CFE22-StateMachineUpdater] INFO  impl.StateMachineUpdater (StateMachineUpdater.java:takeSnapshot(281)) - 5305b34f-83d0-4be9-8032-f631ee150b78@group-21136E7CFE22-StateMachineUpdater: Took a snapshot at index 138
2022-04-27 10:52:29,086 [ChunkWriter-0-0] WARN  helpers.ChunkUtils (ChunkUtils.java:validateChunkForOverwrite(240)) - Duplicate write chunk request. Chunk overwrite without explicit request. ChunkInfo{chunkName='109611004723200004.data.-365358504, offset=0, len=5}
2022-04-27 10:52:29,086 [5305b34f-83d0-4be9-8032-f631ee150b78@group-21136E7CFE22-StateMachineUpdater] INFO  impl.StateMachineUpdater (StateMachineUpdater.java:lambda$new$0(89)) - 5305b34f-83d0-4be9-8032-f631ee150b78@group-21136E7CFE22-StateMachineUpdater: snapshotIndex: updateIncreasingly 137 -> 138
2022-04-27 10:52:29,087 [ChunkWriter-0-0] WARN  helpers.ChunkUtils (ChunkUtils.java:validateChunkForOverwrite(240)) - Duplicate write chunk request. Chunk overwrite without explicit request. ChunkInfo{chunkName='109611004723200004.data.2126671199, offset=0, len=5}
2022-04-27 10:52:29,090 [ChunkWriter-0-0] WARN  helpers.ChunkUtils (ChunkUtils.java:validateChunkForOverwrite(240)) - Duplicate write chunk request. Chunk overwrite without explicit request. ChunkInfo{chunkName='109611004723200004.data.612078431, offset=0, len=5}
2022-04-27 10:52:29,091 [5305b34f-83d0-4be9-8032-f631ee150b78@group-21136E7CFE22-StateMachineUpdater] INFO  ratis.ContainerStateMachine (ContainerStateMachine.java:takeSnapshot(304)) - group-21136E7CFE22: Taking a snapshot at:(t:1, i:146) file /home/runner/work/ozone/ozone/hadoop-ozone/integration-test/target/test-dir/MiniOzoneClusterImpl-6fb830c9-5413-49cc-a625-6cf41c4e5c97/datanode-2/data/ratis/e2d981b6-22f8-4a7e-9e1d-21136e7cfe22/sm/snapshot.1_146
2022-04-27 10:52:29,092 [ChunkWriter-0-0] WARN  helpers.ChunkUtils (ChunkUtils.java:validateChunkForOverwrite(240)) - Duplicate write chunk request. Chunk overwrite without explicit request. ChunkInfo{chunkName='109611004723200004.data.-1540442501, offset=0, len=5}
2022-04-27 10:52:29,093 [5305b34f-83d0-4be9-8032-f631ee150b78@group-21136E7CFE22-StateMachineUpdater] INFO  ratis.ContainerStateMachine (ContainerStateMachine.java:takeSnapshot(315)) - group-21136E7CFE22: Finished taking a snapshot at:(t:1, i:146) file:/home/runner/work/ozone/ozone/hadoop-ozone/integration-test/target/test-dir/MiniOzoneClusterImpl-6fb830c9-5413-49cc-a625-6cf41c4e5c97/datanode-2/data/ratis/e2d981b6-22f8-4a7e-9e1d-21136e7cfe22/sm/snapshot.1_146 took: 2 ms
2022-04-27 10:52:29,093 [5305b34f-83d0-4be9-8032-f631ee150b78@group-21136E7CFE22-StateMachineUpdater] INFO  impl.SimpleStateMachineStorage (SimpleStateMachineStorage.java:cleanupOldSnapshots(102)) - Deleting old snapshot at /home/runner/work/ozone/ozone/hadoop-ozone/integration-test/target/test-dir/MiniOzoneClusterImpl-6fb830c9-5413-49cc-a625-6cf41c4e5c97/datanode-2/data/ratis/e2d981b6-22f8-4a7e-9e1d-21136e7cfe22/sm/snapshot.1_76
2022-04-27 10:52:29,093 [5305b34f-83d0-4be9-8032-f631ee150b78@group-21136E7CFE22-StateMachineUpdater] INFO  impl.StateMachineUpdater (StateMachineUpdater.java:takeSnapshot(281)) - 5305b34f-83d0-4be9-8032-f631ee150b78@group-21136E7CFE22-StateMachineUpdater: Took a snapshot at index 146
2022-04-27 10:52:29,093 [5305b34f-83d0-4be9-8032-f631ee150b78@group-21136E7CFE22-StateMachineUpdater] INFO  impl.StateMachineUpdater (StateMachineUpdater.java:lambda$new$0(89)) - 5305b34f-83d0-4be9-8032-f631ee150b78@group-21136E7CFE22-StateMachineUpdater: snapshotIndex: updateIncreasingly 138 -> 146
2022-04-27 10:52:29,095 [ChunkWriter-0-0] WARN  helpers.ChunkUtils (ChunkUtils.java:validateChunkForOverwrite(240)) - Duplicate write chunk request. Chunk overwrite without explicit request. ChunkInfo{chunkName='109611004723200004.data.-1804145235, offset=0, len=5}
2022-04-27 10:52:29,096 [ChunkWriter-0-0] WARN  helpers.ChunkUtils (ChunkUtils.java:validateChunkForOverwrite(240)) - Duplicate write chunk request. Chunk overwrite without explicit request. ChunkInfo{chunkName='109611004723200004.data.-895391045, offset=0, len=5}
2022-04-27 10:52:29,098 [ChunkWriter-0-0] WARN  helpers.ChunkUtils (ChunkUtils.java:validateChunkForOverwrite(240)) - Duplicate write chunk request. Chunk overwrite without explicit request. ChunkInfo{chunkName='109611004723200004.data.-54813928, offset=0, len=5}
2022-04-27 10:52:29,103 [ChunkWriter-0-0] WARN  helpers.ChunkUtils (ChunkUtils.java:validateChunkForOverwrite(240)) - Duplicate write chunk request. Chunk overwrite without explicit request. ChunkInfo{chunkName='109611004723200004.data.2007455863, offset=0, len=5}
2022-04-27 10:52:29,106 [ChunkWriter-0-0] WARN  helpers.ChunkUtils (ChunkUtils.java:validateChunkForOverwrite(240)) - Duplicate write chunk request. Chunk overwrite without explicit request. ChunkInfo{chunkName='109611004723200004.data.1450956754, offset=0, len=5}
2022-04-27 10:52:29,108 [ChunkWriter-0-0] WARN  helpers.ChunkUtils (ChunkUtils.java:validateChunkForOverwrite(240)) - Duplicate write chunk request. Chunk overwrite without explicit request. ChunkInfo{chunkName='109611004723200004.data.-1049523800, offset=0, len=5}
2022-04-27 10:52:29,110 [ChunkWriter-0-0] WARN  helpers.ChunkUtils (ChunkUtils.java:validateChunkForOverwrite(240)) - Duplicate write chunk request. Chunk overwrite without explicit request. ChunkInfo{chunkName='109611004723200004.data.-1905325859, offset=0, len=5}
2022-04-27 10:52:29,112 [ChunkWriter-0-0] WARN  helpers.ChunkUtils (ChunkUtils.java:validateChunkForOverwrite(240)) - Duplicate write chunk request. Chunk overwrite without explicit request. ChunkInfo{chunkName='109611004723200004.data.-1735226615, offset=0, len=5}
2022-04-27 10:52:29,114 [ChunkWriter-0-0] WARN  helpers.ChunkUtils (ChunkUtils.java:validateChunkForOverwrite(240)) - Duplicate write chunk request. Chunk overwrite without explicit request. ChunkInfo{chunkName='109611004723200004.data.-1565901572, offset=0, len=5}
2022-04-27 10:52:29,116 [ChunkWriter-0-0] WARN  helpers.ChunkUtils (ChunkUtils.java:validateChunkForOverwrite(240)) - Duplicate write chunk request. Chunk overwrite without explicit request. ChunkInfo{chunkName='109611004723200004.data.-820749280, offset=0, len=5}
2022-04-27 10:52:29,117 [5305b34f-83d0-4be9-8032-f631ee150b78@group-21136E7CFE22-StateMachineUpdater] INFO  ratis.ContainerStateMachine (ContainerStateMachine.java:takeSnapshot(304)) - group-21136E7CFE22: Taking a snapshot at:(t:1, i:153) file /home/runner/work/ozone/ozone/hadoop-ozone/integration-test/target/test-dir/MiniOzoneClusterImpl-6fb830c9-5413-49cc-a625-6cf41c4e5c97/datanode-2/data/ratis/e2d981b6-22f8-4a7e-9e1d-21136e7cfe22/sm/snapshot.1_153
2022-04-27 10:52:29,117 [ChunkWriter-0-0] WARN  helpers.ChunkUtils (ChunkUtils.java:validateChunkForOverwrite(240)) - Duplicate write chunk request. Chunk overwrite without explicit request. ChunkInfo{chunkName='109611004723200004.data.1306250557, offset=0, len=5}
2022-04-27 10:52:29,118 [5305b34f-83d0-4be9-8032-f631ee150b78@group-21136E7CFE22-StateMachineUpdater] INFO  ratis.ContainerStateMachine (ContainerStateMachine.java:takeSnapshot(315)) - group-21136E7CFE22: Finished taking a snapshot at:(t:1, i:153) file:/home/runner/work/ozone/ozone/hadoop-ozone/integration-test/target/test-dir/MiniOzoneClusterImpl-6fb830c9-5413-49cc-a625-6cf41c4e5c97/datanode-2/data/ratis/e2d981b6-22f8-4a7e-9e1d-21136e7cfe22/sm/snapshot.1_153 took: 1 ms
2022-04-27 10:52:29,119 [5305b34f-83d0-4be9-8032-f631ee150b78@group-21136E7CFE22-StateMachineUpdater] INFO  impl.SimpleStateMachineStorage (SimpleStateMachineStorage.java:cleanupOldSnapshots(102)) - Deleting old snapshot at /home/runner/work/ozone/ozone/hadoop-ozone/integration-test/target/test-dir/MiniOzoneClusterImpl-6fb830c9-5413-49cc-a625-6cf41c4e5c97/datanode-2/data/ratis/e2d981b6-22f8-4a7e-9e1d-21136e7cfe22/sm/snapshot.1_99
2022-04-27 10:52:29,119 [5305b34f-83d0-4be9-8032-f631ee150b78@group-21136E7CFE22-StateMachineUpdater] INFO  impl.StateMachineUpdater (StateMachineUpdater.java:takeSnapshot(281)) - 5305b34f-83d0-4be9-8032-f631ee150b78@group-21136E7CFE22-StateMachineUpdater: Took a snapshot at index 153
2022-04-27 10:52:29,119 [5305b34f-83d0-4be9-8032-f631ee150b78@group-21136E7CFE22-StateMachineUpdater] INFO  impl.StateMachineUpdater (StateMachineUpdater.java:lambda$new$0(89)) - 5305b34f-83d0-4be9-8032-f631ee150b78@group-21136E7CFE22-StateMachineUpdater: snapshotIndex: updateIncreasingly 146 -> 153
2022-04-27 10:52:29,122 [ChunkWriter-0-0] WARN  helpers.ChunkUtils (ChunkUtils.java:validateChunkForOverwrite(240)) - Duplicate write chunk request. Chunk overwrite without explicit request. ChunkInfo{chunkName='109611004723200004.data.807429522, offset=0, len=5}
2022-04-27 10:52:29,129 [FixedThreadPoolWithAffinityExecutor-1-0] WARN  container.IncrementalContainerReportHandler (AbstractContainerReportHandler.java:updateContainerState(255)) - Container #4 is in OPEN state, but the datanode 5305b34f-83d0-4be9-8032-f631ee150b78{ip: 10.1.0.29, host: fv-az270-423.tacnzluakwdehk1hpragurqkma.bx.internal.cloudapp.net, ports: [REPLICATION=45903, RATIS=34741, RATIS_ADMIN=34741, RATIS_SERVER=34741, STANDALONE=45233], networkLocation: /default-rack, certSerialId: null, persistedOpState: IN_SERVICE, persistedOpStateExpiryEpochSec: 0} reports an CLOSING replica.
2022-04-27 10:52:29,130 [ContainerOp-e2d981b6-22f8-4a7e-9e1d-21136e7cfe22-5] INFO  keyvalue.KeyValueContainer (KeyValueContainer.java:flushAndSyncDB(427)) - Container 4 is synced with bcsId 6.
2022-04-27 10:52:29,130 [ContainerOp-e2d981b6-22f8-4a7e-9e1d-21136e7cfe22-5] INFO  keyvalue.KeyValueContainer (KeyValueContainer.java:flushAndSyncDB(427)) - Container 4 is synced with bcsId 6.
2022-04-27 10:52:29,133 [ContainerOp-e2d981b6-22f8-4a7e-9e1d-21136e7cfe22-5] INFO  keyvalue.KeyValueContainer (KeyValueContainer.java:close(364)) - Container 4 is closed with bcsId 6.
10:52:29.134 [ContainerOp-e2d981b6-22f8-4a7e-9e1d-21136e7cfe22-3] ERROR DNAudit - user=null | ip=null | op=WRITE_CHUNK {blockData=conID: 4 locID: 109611004723200004 bcsId: 0} | ret=FAILURE
java.lang.Exception: Requested operation not allowed as ContainerState is CLOSED
	at org.apache.hadoop.ozone.container.common.impl.HddsDispatcher.dispatchRequest(HddsDispatcher.java:369) ~[hdds-container-service-1.3.0-SNAPSHOT.jar:?]
	at org.apache.hadoop.ozone.container.common.impl.HddsDispatcher.lambda$dispatch$0(HddsDispatcher.java:169) ~[hdds-container-service-1.3.0-SNAPSHOT.jar:?]
	at org.apache.hadoop.hdds.server.OzoneProtocolMessageDispatcher.processRequest(OzoneProtocolMessageDispatcher.java:87) ~[hdds-server-framework-1.3.0-SNAPSHOT.jar:?]
	at org.apache.hadoop.ozone.container.common.impl.HddsDispatcher.dispatch(HddsDispatcher.java:168) ~[hdds-container-service-1.3.0-SNAPSHOT.jar:?]
	at org.apache.hadoop.ozone.container.common.transport.server.ratis.ContainerStateMachine.dispatchCommand(ContainerStateMachine.java:413) ~[hdds-container-service-1.3.0-SNAPSHOT.jar:?]
	at org.apache.hadoop.ozone.container.common.transport.server.ratis.ContainerStateMachine.runCommand(ContainerStateMachine.java:423) ~[hdds-container-service-1.3.0-SNAPSHOT.jar:?]
	at org.apache.hadoop.ozone.container.common.transport.server.ratis.ContainerStateMachine.lambda$submitTask$6(ContainerStateMachine.java:738) ~[hdds-container-service-1.3.0-SNAPSHOT.jar:?]
	at org.apache.ratis.util.TaskQueue.lambda$submit$0(TaskQueue.java:121) ~[ratis-common-2.2.0.jar:2.2.0]
	at org.apache.ratis.util.LogUtils.runAndLog(LogUtils.java:38) [ratis-common-2.2.0.jar:2.2.0]
	at org.apache.ratis.util.LogUtils$1.run(LogUtils.java:79) [ratis-common-2.2.0.jar:2.2.0]
	at java.util.concurrent.Executors$RunnableAdapter.call(Executors.java:511) [?:1.8.0_322]
	at java.util.concurrent.FutureTask.run(FutureTask.java:266) [?:1.8.0_322]
	at java.util.concurrent.ThreadPoolExecutor.runWorker(ThreadPoolExecutor.java:1149) [?:1.8.0_322]
	at java.util.concurrent.ThreadPoolExecutor$Worker.run(ThreadPoolExecutor.java:624) [?:1.8.0_322]
	at java.lang.Thread.run(Thread.java:750) [?:1.8.0_322]
10:52:29.135 [ContainerOp-e2d981b6-22f8-4a7e-9e1d-21136e7cfe22-6] ERROR DNAudit - user=null | ip=null | op=WRITE_CHUNK {blockData=conID: 4 locID: 109611004723200004 bcsId: 0} | ret=FAILURE
java.lang.Exception: Requested operation not allowed as ContainerState is CLOSED
	at org.apache.hadoop.ozone.container.common.impl.HddsDispatcher.dispatchRequest(HddsDispatcher.java:369) ~[hdds-container-service-1.3.0-SNAPSHOT.jar:?]
	at org.apache.hadoop.ozone.container.common.impl.HddsDispatcher.lambda$dispatch$0(HddsDispatcher.java:169) ~[hdds-container-service-1.3.0-SNAPSHOT.jar:?]
	at org.apache.hadoop.hdds.server.OzoneProtocolMessageDispatcher.processRequest(OzoneProtocolMessageDispatcher.java:87) ~[hdds-server-framework-1.3.0-SNAPSHOT.jar:?]
	at org.apache.hadoop.ozone.container.common.impl.HddsDispatcher.dispatch(HddsDispatcher.java:168) ~[hdds-container-service-1.3.0-SNAPSHOT.jar:?]
	at org.apache.hadoop.ozone.container.common.transport.server.ratis.ContainerStateMachine.dispatchCommand(ContainerStateMachine.java:413) ~[hdds-container-service-1.3.0-SNAPSHOT.jar:?]
	at org.apache.hadoop.ozone.container.common.transport.server.ratis.ContainerStateMachine.runCommand(ContainerStateMachine.java:423) ~[hdds-container-service-1.3.0-SNAPSHOT.jar:?]
	at org.apache.hadoop.ozone.container.common.transport.server.ratis.ContainerStateMachine.lambda$submitTask$6(ContainerStateMachine.java:738) ~[hdds-container-service-1.3.0-SNAPSHOT.jar:?]
	at org.apache.ratis.util.TaskQueue.lambda$submit$0(TaskQueue.java:121) ~[ratis-common-2.2.0.jar:2.2.0]
	at org.apache.ratis.util.LogUtils.runAndLog(LogUtils.java:38) [ratis-common-2.2.0.jar:2.2.0]
	at org.apache.ratis.util.LogUtils$1.run(LogUtils.java:79) [ratis-common-2.2.0.jar:2.2.0]
	at java.util.concurrent.Executors$RunnableAdapter.call(Executors.java:511) [?:1.8.0_322]
	at java.util.concurrent.FutureTask.run(FutureTask.java:266) [?:1.8.0_322]
	at java.util.concurrent.ThreadPoolExecutor.runWorker(ThreadPoolExecutor.java:1149) [?:1.8.0_322]
	at java.util.concurrent.ThreadPoolExecutor$Worker.run(ThreadPoolExecutor.java:624) [?:1.8.0_322]
	at java.lang.Thread.run(Thread.java:750) [?:1.8.0_322]
10:52:29.136 [ContainerOp-e2d981b6-22f8-4a7e-9e1d-21136e7cfe22-9] ERROR DNAudit - user=null | ip=null | op=WRITE_CHUNK {blockData=conID: 4 locID: 109611004723200004 bcsId: 0} | ret=FAILURE
java.lang.Exception: Requested operation not allowed as ContainerState is CLOSED
	at org.apache.hadoop.ozone.container.common.impl.HddsDispatcher.dispatchRequest(HddsDispatcher.java:369) ~[hdds-container-service-1.3.0-SNAPSHOT.jar:?]
	at org.apache.hadoop.ozone.container.common.impl.HddsDispatcher.lambda$dispatch$0(HddsDispatcher.java:169) ~[hdds-container-service-1.3.0-SNAPSHOT.jar:?]
	at org.apache.hadoop.hdds.server.OzoneProtocolMessageDispatcher.processRequest(OzoneProtocolMessageDispatcher.java:87) ~[hdds-server-framework-1.3.0-SNAPSHOT.jar:?]
	at org.apache.hadoop.ozone.container.common.impl.HddsDispatcher.dispatch(HddsDispatcher.java:168) ~[hdds-container-service-1.3.0-SNAPSHOT.jar:?]
	at org.apache.hadoop.ozone.container.common.transport.server.ratis.ContainerStateMachine.dispatchCommand(ContainerStateMachine.java:413) ~[hdds-container-service-1.3.0-SNAPSHOT.jar:?]
	at org.apache.hadoop.ozone.container.common.transport.server.ratis.ContainerStateMachine.runCommand(ContainerStateMachine.java:423) ~[hdds-container-service-1.3.0-SNAPSHOT.jar:?]
	at org.apache.hadoop.ozone.container.common.transport.server.ratis.ContainerStateMachine.lambda$submitTask$6(ContainerStateMachine.java:738) ~[hdds-container-service-1.3.0-SNAPSHOT.jar:?]
	at org.apache.ratis.util.TaskQueue.lambda$submit$0(TaskQueue.java:121) ~[ratis-common-2.2.0.jar:2.2.0]
	at org.apache.ratis.util.LogUtils.runAndLog(LogUtils.java:38) [ratis-common-2.2.0.jar:2.2.0]
	at org.apache.ratis.util.LogUtils$1.run(LogUtils.java:79) [ratis-common-2.2.0.jar:2.2.0]
	at java.util.concurrent.Executors$RunnableAdapter.call(Executors.java:511) [?:1.8.0_322]
	at java.util.concurrent.FutureTask.run(FutureTask.java:266) [?:1.8.0_322]
	at java.util.concurrent.ThreadPoolExecutor.runWorker(ThreadPoolExecutor.java:1149) [?:1.8.0_322]
	at java.util.concurrent.ThreadPoolExecutor$Worker.run(ThreadPoolExecutor.java:624) [?:1.8.0_322]
	at java.lang.Thread.run(Thread.java:750) [?:1.8.0_322]
10:52:29.137 [ContainerOp-e2d981b6-22f8-4a7e-9e1d-21136e7cfe22-4] ERROR DNAudit - user=null | ip=null | op=WRITE_CHUNK {blockData=conID: 4 locID: 109611004723200004 bcsId: 0} | ret=FAILURE
java.lang.Exception: Requested operation not allowed as ContainerState is CLOSED
	at org.apache.hadoop.ozone.container.common.impl.HddsDispatcher.dispatchRequest(HddsDispatcher.java:369) ~[hdds-container-service-1.3.0-SNAPSHOT.jar:?]
	at org.apache.hadoop.ozone.container.common.impl.HddsDispatcher.lambda$dispatch$0(HddsDispatcher.java:169) ~[hdds-container-service-1.3.0-SNAPSHOT.jar:?]
	at org.apache.hadoop.hdds.server.OzoneProtocolMessageDispatcher.processRequest(OzoneProtocolMessageDispatcher.java:87) ~[hdds-server-framework-1.3.0-SNAPSHOT.jar:?]
	at org.apache.hadoop.ozone.container.common.impl.HddsDispatcher.dispatch(HddsDispatcher.java:168) ~[hdds-container-service-1.3.0-SNAPSHOT.jar:?]
	at org.apache.hadoop.ozone.container.common.transport.server.ratis.ContainerStateMachine.dispatchCommand(ContainerStateMachine.java:413) ~[hdds-container-service-1.3.0-SNAPSHOT.jar:?]
	at org.apache.hadoop.ozone.container.common.transport.server.ratis.ContainerStateMachine.runCommand(ContainerStateMachine.java:423) ~[hdds-container-service-1.3.0-SNAPSHOT.jar:?]
	at org.apache.hadoop.ozone.container.common.transport.server.ratis.ContainerStateMachine.lambda$submitTask$6(ContainerStateMachine.java:738) ~[hdds-container-service-1.3.0-SNAPSHOT.jar:?]
	at org.apache.ratis.util.TaskQueue.lambda$submit$0(TaskQueue.java:121) ~[ratis-common-2.2.0.jar:2.2.0]
	at org.apache.ratis.util.LogUtils.runAndLog(LogUtils.java:38) [ratis-common-2.2.0.jar:2.2.0]
	at org.apache.ratis.util.LogUtils$1.run(LogUtils.java:79) [ratis-common-2.2.0.jar:2.2.0]
	at java.util.concurrent.Executors$RunnableAdapter.call(Executors.java:511) [?:1.8.0_322]
	at java.util.concurrent.FutureTask.run(FutureTask.java:266) [?:1.8.0_322]
	at java.util.concurrent.ThreadPoolExecutor.runWorker(ThreadPoolExecutor.java:1149) [?:1.8.0_322]
	at java.util.concurrent.ThreadPoolExecutor$Worker.run(ThreadPoolExecutor.java:624) [?:1.8.0_322]
	at java.lang.Thread.run(Thread.java:750) [?:1.8.0_322]
10:52:29.137 [ContainerOp-e2d981b6-22f8-4a7e-9e1d-21136e7cfe22-2] ERROR DNAudit - user=null | ip=null | op=WRITE_CHUNK {blockData=conID: 4 locID: 109611004723200004 bcsId: 0} | ret=FAILURE
java.lang.Exception: Requested operation not allowed as ContainerState is CLOSED
	at org.apache.hadoop.ozone.container.common.impl.HddsDispatcher.dispatchRequest(HddsDispatcher.java:369) ~[hdds-container-service-1.3.0-SNAPSHOT.jar:?]
	at org.apache.hadoop.ozone.container.common.impl.HddsDispatcher.lambda$dispatch$0(HddsDispatcher.java:169) ~[hdds-container-service-1.3.0-SNAPSHOT.jar:?]
	at org.apache.hadoop.hdds.server.OzoneProtocolMessageDispatcher.processRequest(OzoneProtocolMessageDispatcher.java:87) ~[hdds-server-framework-1.3.0-SNAPSHOT.jar:?]
	at org.apache.hadoop.ozone.container.common.impl.HddsDispatcher.dispatch(HddsDispatcher.java:168) ~[hdds-container-service-1.3.0-SNAPSHOT.jar:?]
	at org.apache.hadoop.ozone.container.common.transport.server.ratis.ContainerStateMachine.dispatchCommand(ContainerStateMachine.java:413) ~[hdds-container-service-1.3.0-SNAPSHOT.jar:?]
	at org.apache.hadoop.ozone.container.common.transport.server.ratis.ContainerStateMachine.runCommand(ContainerStateMachine.java:423) ~[hdds-container-service-1.3.0-SNAPSHOT.jar:?]
	at org.apache.hadoop.ozone.container.common.transport.server.ratis.ContainerStateMachine.lambda$submitTask$6(ContainerStateMachine.java:738) ~[hdds-container-service-1.3.0-SNAPSHOT.jar:?]
	at org.apache.ratis.util.TaskQueue.lambda$submit$0(TaskQueue.java:121) ~[ratis-common-2.2.0.jar:2.2.0]
	at org.apache.ratis.util.LogUtils.runAndLog(LogUtils.java:38) [ratis-common-2.2.0.jar:2.2.0]
	at org.apache.ratis.util.LogUtils$1.run(LogUtils.java:79) [ratis-common-2.2.0.jar:2.2.0]
	at java.util.concurrent.Executors$RunnableAdapter.call(Executors.java:511) [?:1.8.0_322]
	at java.util.concurrent.FutureTask.run(FutureTask.java:266) [?:1.8.0_322]
	at java.util.concurrent.ThreadPoolExecutor.runWorker(ThreadPoolExecutor.java:1149) [?:1.8.0_322]
	at java.util.concurrent.ThreadPoolExecutor$Worker.run(ThreadPoolExecutor.java:624) [?:1.8.0_322]
	at java.lang.Thread.run(Thread.java:750) [?:1.8.0_322]
10:52:29.138 [ContainerOp-e2d981b6-22f8-4a7e-9e1d-21136e7cfe22-1] ERROR DNAudit - user=null | ip=null | op=WRITE_CHUNK {blockData=conID: 4 locID: 109611004723200004 bcsId: 0} | ret=FAILURE
java.lang.Exception: Requested operation not allowed as ContainerState is CLOSED
	at org.apache.hadoop.ozone.container.common.impl.HddsDispatcher.dispatchRequest(HddsDispatcher.java:369) ~[hdds-container-service-1.3.0-SNAPSHOT.jar:?]
	at org.apache.hadoop.ozone.container.common.impl.HddsDispatcher.lambda$dispatch$0(HddsDispatcher.java:169) ~[hdds-container-service-1.3.0-SNAPSHOT.jar:?]
	at org.apache.hadoop.hdds.server.OzoneProtocolMessageDispatcher.processRequest(OzoneProtocolMessageDispatcher.java:87) ~[hdds-server-framework-1.3.0-SNAPSHOT.jar:?]
	at org.apache.hadoop.ozone.container.common.impl.HddsDispatcher.dispatch(HddsDispatcher.java:168) ~[hdds-container-service-1.3.0-SNAPSHOT.jar:?]
	at org.apache.hadoop.ozone.container.common.transport.server.ratis.ContainerStateMachine.dispatchCommand(ContainerStateMachine.java:413) ~[hdds-container-service-1.3.0-SNAPSHOT.jar:?]
	at org.apache.hadoop.ozone.container.common.transport.server.ratis.ContainerStateMachine.runCommand(ContainerStateMachine.java:423) ~[hdds-container-service-1.3.0-SNAPSHOT.jar:?]
	at org.apache.hadoop.ozone.container.common.transport.server.ratis.ContainerStateMachine.lambda$submitTask$6(ContainerStateMachine.java:738) ~[hdds-container-service-1.3.0-SNAPSHOT.jar:?]
	at org.apache.ratis.util.TaskQueue.lambda$submit$0(TaskQueue.java:121) ~[ratis-common-2.2.0.jar:2.2.0]
	at org.apache.ratis.util.LogUtils.runAndLog(LogUtils.java:38) [ratis-common-2.2.0.jar:2.2.0]
	at org.apache.ratis.util.LogUtils$1.run(LogUtils.java:79) [ratis-common-2.2.0.jar:2.2.0]
	at java.util.concurrent.Executors$RunnableAdapter.call(Executors.java:511) [?:1.8.0_322]
	at java.util.concurrent.FutureTask.run(FutureTask.java:266) [?:1.8.0_322]
	at java.util.concurrent.ThreadPoolExecutor.runWorker(ThreadPoolExecutor.java:1149) [?:1.8.0_322]
	at java.util.concurrent.ThreadPoolExecutor$Worker.run(ThreadPoolExecutor.java:624) [?:1.8.0_322]
	at java.lang.Thread.run(Thread.java:750) [?:1.8.0_322]
10:52:29.138 [ContainerOp-e2d981b6-22f8-4a7e-9e1d-21136e7cfe22-8] ERROR DNAudit - user=null | ip=null | op=WRITE_CHUNK {blockData=conID: 4 locID: 109611004723200004 bcsId: 0} | ret=FAILURE
java.lang.Exception: Requested operation not allowed as ContainerState is CLOSED
	at org.apache.hadoop.ozone.container.common.impl.HddsDispatcher.dispatchRequest(HddsDispatcher.java:369) ~[hdds-container-service-1.3.0-SNAPSHOT.jar:?]
	at org.apache.hadoop.ozone.container.common.impl.HddsDispatcher.lambda$dispatch$0(HddsDispatcher.java:169) ~[hdds-container-service-1.3.0-SNAPSHOT.jar:?]
	at org.apache.hadoop.hdds.server.OzoneProtocolMessageDispatcher.processRequest(OzoneProtocolMessageDispatcher.java:87) ~[hdds-server-framework-1.3.0-SNAPSHOT.jar:?]
	at org.apache.hadoop.ozone.container.common.impl.HddsDispatcher.dispatch(HddsDispatcher.java:168) ~[hdds-container-service-1.3.0-SNAPSHOT.jar:?]
	at org.apache.hadoop.ozone.container.common.transport.server.ratis.ContainerStateMachine.dispatchCommand(ContainerStateMachine.java:413) ~[hdds-container-service-1.3.0-SNAPSHOT.jar:?]
	at org.apache.hadoop.ozone.container.common.transport.server.ratis.ContainerStateMachine.runCommand(ContainerStateMachine.java:423) ~[hdds-container-service-1.3.0-SNAPSHOT.jar:?]
	at org.apache.hadoop.ozone.container.common.transport.server.ratis.ContainerStateMachine.lambda$submitTask$6(ContainerStateMachine.java:738) ~[hdds-container-service-1.3.0-SNAPSHOT.jar:?]
	at org.apache.ratis.util.TaskQueue.lambda$submit$0(TaskQueue.java:121) ~[ratis-common-2.2.0.jar:2.2.0]
	at org.apache.ratis.util.LogUtils.runAndLog(LogUtils.java:38) [ratis-common-2.2.0.jar:2.2.0]
	at org.apache.ratis.util.LogUtils$1.run(LogUtils.java:79) [ratis-common-2.2.0.jar:2.2.0]
	at java.util.concurrent.Executors$RunnableAdapter.call(Executors.java:511) [?:1.8.0_322]
	at java.util.concurrent.FutureTask.run(FutureTask.java:266) [?:1.8.0_322]
	at java.util.concurrent.ThreadPoolExecutor.runWorker(ThreadPoolExecutor.java:1149) [?:1.8.0_322]
	at java.util.concurrent.ThreadPoolExecutor$Worker.run(ThreadPoolExecutor.java:624) [?:1.8.0_322]
	at java.lang.Thread.run(Thread.java:750) [?:1.8.0_322]
10:52:29.139 [ContainerOp-e2d981b6-22f8-4a7e-9e1d-21136e7cfe22-7] ERROR DNAudit - user=null | ip=null | op=WRITE_CHUNK {blockData=conID: 4 locID: 109611004723200004 bcsId: 0} | ret=FAILURE
java.lang.Exception: Requested operation not allowed as ContainerState is CLOSED
	at org.apache.hadoop.ozone.container.common.impl.HddsDispatcher.dispatchRequest(HddsDispatcher.java:369) ~[hdds-container-service-1.3.0-SNAPSHOT.jar:?]
	at org.apache.hadoop.ozone.container.common.impl.HddsDispatcher.lambda$dispatch$0(HddsDispatcher.java:169) ~[hdds-container-service-1.3.0-SNAPSHOT.jar:?]
	at org.apache.hadoop.hdds.server.OzoneProtocolMessageDispatcher.processRequest(OzoneProtocolMessageDispatcher.java:87) ~[hdds-server-framework-1.3.0-SNAPSHOT.jar:?]
	at org.apache.hadoop.ozone.container.common.impl.HddsDispatcher.dispatch(HddsDispatcher.java:168) ~[hdds-container-service-1.3.0-SNAPSHOT.jar:?]
	at org.apache.hadoop.ozone.container.common.transport.server.ratis.ContainerStateMachine.dispatchCommand(ContainerStateMachine.java:413) ~[hdds-container-service-1.3.0-SNAPSHOT.jar:?]
	at org.apache.hadoop.ozone.container.common.transport.server.ratis.ContainerStateMachine.runCommand(ContainerStateMachine.java:423) ~[hdds-container-service-1.3.0-SNAPSHOT.jar:?]
	at org.apache.hadoop.ozone.container.common.transport.server.ratis.ContainerStateMachine.lambda$submitTask$6(ContainerStateMachine.java:738) ~[hdds-container-service-1.3.0-SNAPSHOT.jar:?]
	at org.apache.ratis.util.TaskQueue.lambda$submit$0(TaskQueue.java:121) ~[ratis-common-2.2.0.jar:2.2.0]
	at org.apache.ratis.util.LogUtils.runAndLog(LogUtils.java:38) [ratis-common-2.2.0.jar:2.2.0]
	at org.apache.ratis.util.LogUtils$1.run(LogUtils.java:79) [ratis-common-2.2.0.jar:2.2.0]
	at java.util.concurrent.Executors$RunnableAdapter.call(Executors.java:511) [?:1.8.0_322]
	at java.util.concurrent.FutureTask.run(FutureTask.java:266) [?:1.8.0_322]
	at java.util.concurrent.ThreadPoolExecutor.runWorker(ThreadPoolExecutor.java:1149) [?:1.8.0_322]
	at java.util.concurrent.ThreadPoolExecutor$Worker.run(ThreadPoolExecutor.java:624) [?:1.8.0_322]
	at java.lang.Thread.run(Thread.java:750) [?:1.8.0_322]
2022-04-27 10:52:29,140 [EventQueue-PipelineReportForPipelineReportHandler] INFO  pipeline.PipelineReportHandler (PipelineReportHandler.java:processPipelineReport(113)) - Reported pipeline PipelineID=cf80c735-cb93-438b-a05e-dff27b2a1031 is not found
2022-04-27 10:52:29,140 [FixedThreadPoolWithAffinityExecutor-8-0] WARN  container.IncrementalContainerReportHandler (AbstractContainerReportHandler.java:updateContainerState(255)) - Container #4 is in OPEN state, but the datanode 5305b34f-83d0-4be9-8032-f631ee150b78{ip: 10.1.0.29, host: fv-az270-423.tacnzluakwdehk1hpragurqkma.bx.internal.cloudapp.net, ports: [REPLICATION=45903, RATIS=34741, RATIS_ADMIN=34741, RATIS_SERVER=34741, STANDALONE=45233], networkLocation: /default-rack, certSerialId: null, persistedOpState: IN_SERVICE, persistedOpStateExpiryEpochSec: 0} reports an CLOSED replica.
2022-04-27 10:52:29,141 [5305b34f-83d0-4be9-8032-f631ee150b78@group-21136E7CFE22-StateMachineUpdater] INFO  ratis.ContainerStateMachine (ContainerStateMachine.java:takeSnapshot(304)) - group-21136E7CFE22: Taking a snapshot at:(t:1, i:176) file /home/runner/work/ozone/ozone/hadoop-ozone/integration-test/target/test-dir/MiniOzoneClusterImpl-6fb830c9-5413-49cc-a625-6cf41c4e5c97/datanode-2/data/ratis/e2d981b6-22f8-4a7e-9e1d-21136e7cfe22/sm/snapshot.1_176
2022-04-27 10:52:29,144 [5305b34f-83d0-4be9-8032-f631ee150b78@group-21136E7CFE22-StateMachineUpdater] INFO  ratis.ContainerStateMachine (ContainerStateMachine.java:takeSnapshot(315)) - group-21136E7CFE22: Finished taking a snapshot at:(t:1, i:176) file:/home/runner/work/ozone/ozone/hadoop-ozone/integration-test/target/test-dir/MiniOzoneClusterImpl-6fb830c9-5413-49cc-a625-6cf41c4e5c97/datanode-2/data/ratis/e2d981b6-22f8-4a7e-9e1d-21136e7cfe22/sm/snapshot.1_176 took: 2 ms
2022-04-27 10:52:29,144 [5305b34f-83d0-4be9-8032-f631ee150b78@group-21136E7CFE22-StateMachineUpdater] INFO  impl.SimpleStateMachineStorage (SimpleStateMachineStorage.java:cleanupOldSnapshots(102)) - Deleting old snapshot at /home/runner/work/ozone/ozone/hadoop-ozone/integration-test/target/test-dir/MiniOzoneClusterImpl-6fb830c9-5413-49cc-a625-6cf41c4e5c97/datanode-2/data/ratis/e2d981b6-22f8-4a7e-9e1d-21136e7cfe22/sm/snapshot.1_132
2022-04-27 10:52:29,144 [5305b34f-83d0-4be9-8032-f631ee150b78@group-21136E7CFE22-StateMachineUpdater] INFO  impl.StateMachineUpdater (StateMachineUpdater.java:takeSnapshot(281)) - 5305b34f-83d0-4be9-8032-f631ee150b78@group-21136E7CFE22-StateMachineUpdater: Took a snapshot at index 176
2022-04-27 10:52:29,144 [5305b34f-83d0-4be9-8032-f631ee150b78@group-21136E7CFE22-StateMachineUpdater] INFO  impl.StateMachineUpdater (StateMachineUpdater.java:lambda$new$0(89)) - 5305b34f-83d0-4be9-8032-f631ee150b78@group-21136E7CFE22-StateMachineUpdater: snapshotIndex: updateIncreasingly 153 -> 176
10:52:29.145 [ContainerOp-e2d981b6-22f8-4a7e-9e1d-21136e7cfe22-0] ERROR DNAudit - user=null | ip=null | op=WRITE_CHUNK {blockData=conID: 4 locID: 109611004723200004 bcsId: 0} | ret=FAILURE
java.lang.Exception: Requested operation not allowed as ContainerState is CLOSED
	at org.apache.hadoop.ozone.container.common.impl.HddsDispatcher.dispatchRequest(HddsDispatcher.java:369) ~[hdds-container-service-1.3.0-SNAPSHOT.jar:?]
	at org.apache.hadoop.ozone.container.common.impl.HddsDispatcher.lambda$dispatch$0(HddsDispatcher.java:169) ~[hdds-container-service-1.3.0-SNAPSHOT.jar:?]
	at org.apache.hadoop.hdds.server.OzoneProtocolMessageDispatcher.processRequest(OzoneProtocolMessageDispatcher.java:87) ~[hdds-server-framework-1.3.0-SNAPSHOT.jar:?]
	at org.apache.hadoop.ozone.container.common.impl.HddsDispatcher.dispatch(HddsDispatcher.java:168) ~[hdds-container-service-1.3.0-SNAPSHOT.jar:?]
	at org.apache.hadoop.ozone.container.common.transport.server.ratis.ContainerStateMachine.dispatchCommand(ContainerStateMachine.java:413) ~[hdds-container-service-1.3.0-SNAPSHOT.jar:?]
	at org.apache.hadoop.ozone.container.common.transport.server.ratis.ContainerStateMachine.runCommand(ContainerStateMachine.java:423) ~[hdds-container-service-1.3.0-SNAPSHOT.jar:?]
	at org.apache.hadoop.ozone.container.common.transport.server.ratis.ContainerStateMachine.lambda$submitTask$6(ContainerStateMachine.java:738) ~[hdds-container-service-1.3.0-SNAPSHOT.jar:?]
	at org.apache.ratis.util.TaskQueue.lambda$submit$0(TaskQueue.java:121) ~[ratis-common-2.2.0.jar:2.2.0]
	at org.apache.ratis.util.LogUtils.runAndLog(LogUtils.java:38) [ratis-common-2.2.0.jar:2.2.0]
	at org.apache.ratis.util.LogUtils$1.run(LogUtils.java:79) [ratis-common-2.2.0.jar:2.2.0]
	at java.util.concurrent.Executors$RunnableAdapter.call(Executors.java:511) [?:1.8.0_322]
	at java.util.concurrent.FutureTask.run(FutureTask.java:266) [?:1.8.0_322]
	at java.util.concurrent.ThreadPoolExecutor.runWorker(ThreadPoolExecutor.java:1149) [?:1.8.0_322]
	at java.util.concurrent.ThreadPoolExecutor$Worker.run(ThreadPoolExecutor.java:624) [?:1.8.0_322]
	at java.lang.Thread.run(Thread.java:750) [?:1.8.0_322]
2022-04-27 10:52:29,151 [5305b34f-83d0-4be9-8032-f631ee150b78@group-21136E7CFE22-StateMachineUpdater] INFO  ratis.ContainerStateMachine (ContainerStateMachine.java:takeSnapshot(304)) - group-21136E7CFE22: Taking a snapshot at:(t:1, i:180) file /home/runner/work/ozone/ozone/hadoop-ozone/integration-test/target/test-dir/MiniOzoneClusterImpl-6fb830c9-5413-49cc-a625-6cf41c4e5c97/datanode-2/data/ratis/e2d981b6-22f8-4a7e-9e1d-21136e7cfe22/sm/snapshot.1_180
2022-04-27 10:52:29,153 [5305b34f-83d0-4be9-8032-f631ee150b78@group-21136E7CFE22-StateMachineUpdater] INFO  ratis.ContainerStateMachine (ContainerStateMachine.java:takeSnapshot(315)) - group-21136E7CFE22: Finished taking a snapshot at:(t:1, i:180) file:/home/runner/work/ozone/ozone/hadoop-ozone/integration-test/target/test-dir/MiniOzoneClusterImpl-6fb830c9-5413-49cc-a625-6cf41c4e5c97/datanode-2/data/ratis/e2d981b6-22f8-4a7e-9e1d-21136e7cfe22/sm/snapshot.1_180 took: 2 ms
2022-04-27 10:52:29,153 [Listener at 127.0.0.1/43313] INFO  ratis.ContainerStateMachine (ContainerStateMachine.java:takeSnapshot(304)) - group-21136E7CFE22: Taking a snapshot at:(t:1, i:180) file /home/runner/work/ozone/ozone/hadoop-ozone/integration-test/target/test-dir/MiniOzoneClusterImpl-6fb830c9-5413-49cc-a625-6cf41c4e5c97/datanode-2/data/ratis/e2d981b6-22f8-4a7e-9e1d-21136e7cfe22/sm/snapshot.1_180
2022-04-27 10:52:29,153 [5305b34f-83d0-4be9-8032-f631ee150b78@group-21136E7CFE22-StateMachineUpdater] INFO  impl.SimpleStateMachineStorage (SimpleStateMachineStorage.java:cleanupOldSnapshots(102)) - Deleting old snapshot at /home/runner/work/ozone/ozone/hadoop-ozone/integration-test/target/test-dir/MiniOzoneClusterImpl-6fb830c9-5413-49cc-a625-6cf41c4e5c97/datanode-2/data/ratis/e2d981b6-22f8-4a7e-9e1d-21136e7cfe22/sm/snapshot.1_137
2022-04-27 10:52:29,153 [5305b34f-83d0-4be9-8032-f631ee150b78@group-21136E7CFE22-StateMachineUpdater] INFO  impl.StateMachineUpdater (StateMachineUpdater.java:takeSnapshot(281)) - 5305b34f-83d0-4be9-8032-f631ee150b78@group-21136E7CFE22-StateMachineUpdater: Took a snapshot at index 180
2022-04-27 10:52:29,153 [5305b34f-83d0-4be9-8032-f631ee150b78@group-21136E7CFE22-StateMachineUpdater] INFO  impl.StateMachineUpdater (StateMachineUpdater.java:lambda$new$0(89)) - 5305b34f-83d0-4be9-8032-f631ee150b78@group-21136E7CFE22-StateMachineUpdater: snapshotIndex: updateIncreasingly 176 -> 180
2022-04-27 10:52:29,154 [Listener at 127.0.0.1/43313] INFO  ratis.ContainerStateMachine (ContainerStateMachine.java:takeSnapshot(315)) - group-21136E7CFE22: Finished taking a snapshot at:(t:1, i:180) file:/home/runner/work/ozone/ozone/hadoop-ozone/integration-test/target/test-dir/MiniOzoneClusterImpl-6fb830c9-5413-49cc-a625-6cf41c4e5c97/datanode-2/data/ratis/e2d981b6-22f8-4a7e-9e1d-21136e7cfe22/sm/snapshot.1_180 took: 1 ms
10:52:29.156 [grpc-default-executor-0] ERROR DNAudit - user=null | ip=null | op=WRITE_CHUNK {blockData=conID: 4 locID: 109611004723200004 bcsId: 0} | ret=FAILURE
org.apache.hadoop.hdds.scm.container.common.helpers.ContainerNotOpenException: Container 4 in CLOSED state
	at org.apache.hadoop.ozone.container.common.impl.HddsDispatcher.validateContainerCommand(HddsDispatcher.java:486) ~[hdds-container-service-1.3.0-SNAPSHOT.jar:?]
	at org.apache.hadoop.ozone.container.common.transport.server.ratis.ContainerStateMachine.startTransaction(ContainerStateMachine.java:330) ~[hdds-container-service-1.3.0-SNAPSHOT.jar:?]
	at org.apache.ratis.server.impl.RaftServerImpl.submitClientRequestAsync(RaftServerImpl.java:797) ~[ratis-server-2.2.0.jar:2.2.0]
	at org.apache.ratis.server.impl.RaftServerProxy.lambda$submitClientRequestAsync$9(RaftServerProxy.java:417) ~[ratis-server-2.2.0.jar:2.2.0]
	at org.apache.ratis.server.impl.RaftServerProxy.lambda$null$7(RaftServerProxy.java:412) ~[ratis-server-2.2.0.jar:2.2.0]
	at org.apache.ratis.util.JavaUtils.callAsUnchecked(JavaUtils.java:115) ~[ratis-common-2.2.0.jar:2.2.0]
	at org.apache.ratis.server.impl.RaftServerProxy.lambda$submitRequest$8(RaftServerProxy.java:412) ~[ratis-server-2.2.0.jar:2.2.0]
	at java.util.concurrent.CompletableFuture.uniComposeStage(CompletableFuture.java:995) ~[?:1.8.0_322]
	at java.util.concurrent.CompletableFuture.thenCompose(CompletableFuture.java:2137) ~[?:1.8.0_322]
	at org.apache.ratis.server.impl.RaftServerProxy.submitRequest(RaftServerProxy.java:411) ~[ratis-server-2.2.0.jar:2.2.0]
	at org.apache.ratis.server.impl.RaftServerProxy.submitClientRequestAsync(RaftServerProxy.java:417) ~[ratis-server-2.2.0.jar:2.2.0]
	at org.apache.ratis.grpc.client.GrpcClientProtocolService$RequestStreamObserver.processClientRequest(GrpcClientProtocolService.java:222) ~[ratis-grpc-2.2.0.jar:2.2.0]
	at org.apache.ratis.grpc.client.GrpcClientProtocolService$OrderedRequestStreamObserver.processClientRequest(GrpcClientProtocolService.java:328) ~[ratis-grpc-2.2.0.jar:2.2.0]
	at org.apache.ratis.util.SlidingWindow$Server.processRequestsFromHead(SlidingWindow.java:431) [ratis-common-2.2.0.jar:2.2.0]
	at org.apache.ratis.util.SlidingWindow$Server.receivedRequest(SlidingWindow.java:423) [ratis-common-2.2.0.jar:2.2.0]
	at org.apache.ratis.grpc.client.GrpcClientProtocolService$OrderedRequestStreamObserver.processClientRequest(GrpcClientProtocolService.java:352) [ratis-grpc-2.2.0.jar:2.2.0]
	at org.apache.ratis.grpc.client.GrpcClientProtocolService$RequestStreamObserver.onNext(GrpcClientProtocolService.java:242) [ratis-grpc-2.2.0.jar:2.2.0]
	at org.apache.ratis.grpc.client.GrpcClientProtocolService$RequestStreamObserver.onNext(GrpcClientProtocolService.java:165) [ratis-grpc-2.2.0.jar:2.2.0]
	at org.apache.ratis.thirdparty.io.grpc.stub.ServerCalls$StreamingServerCallHandler$StreamingServerCallListener.onMessage(ServerCalls.java:255) [ratis-thirdparty-misc-0.7.0.jar:0.7.0]
	at org.apache.ratis.thirdparty.io.grpc.ForwardingServerCallListener.onMessage(ForwardingServerCallListener.java:33) [ratis-thirdparty-misc-0.7.0.jar:0.7.0]
	at org.apache.ratis.thirdparty.io.grpc.internal.ServerCallImpl$ServerStreamListenerImpl.messagesAvailableInternal(ServerCallImpl.java:309) [ratis-thirdparty-misc-0.7.0.jar:0.7.0]
	at org.apache.ratis.thirdparty.io.grpc.internal.ServerCallImpl$ServerStreamListenerImpl.messagesAvailable(ServerCallImpl.java:292) [ratis-thirdparty-misc-0.7.0.jar:0.7.0]
	at org.apache.ratis.thirdparty.io.grpc.internal.ServerImpl$JumpToApplicationThreadServerStreamListener$1MessagesAvailable.runInContext(ServerImpl.java:782) [ratis-thirdparty-misc-0.7.0.jar:0.7.0]
	at org.apache.ratis.thirdparty.io.grpc.internal.ContextRunnable.run(ContextRunnable.java:37) [ratis-thirdparty-misc-0.7.0.jar:0.7.0]
	at org.apache.ratis.thirdparty.io.grpc.internal.SerializingExecutor.run(SerializingExecutor.java:123) [ratis-thirdparty-misc-0.7.0.jar:0.7.0]
	at java.util.concurrent.ThreadPoolExecutor.runWorker(ThreadPoolExecutor.java:1149) [?:1.8.0_322]
	at java.util.concurrent.ThreadPoolExecutor$Worker.run(ThreadPoolExecutor.java:624) [?:1.8.0_322]
	at java.lang.Thread.run(Thread.java:750) [?:1.8.0_322]
]]></system-out>
  </testcase>
  <testcase name="testContainerStateMachineFailures" classname="org.apache.hadoop.ozone.client.rpc.TestContainerStateMachineFailures" time="20.102">
    <system-out><![CDATA[2022-04-27 10:52:29,250 [b4543bad-81d3-4f1d-9fc6-5e97dcd2d8eb@group-B437493561CC-StateMachineUpdater] INFO  ratis.ContainerStateMachine (ContainerStateMachine.java:takeSnapshot(304)) - group-B437493561CC: Taking a snapshot at:(t:1, i:1) file /home/runner/work/ozone/ozone/hadoop-ozone/integration-test/target/test-dir/MiniOzoneClusterImpl-6fb830c9-5413-49cc-a625-6cf41c4e5c97/datanode-0/data/ratis/7b30fe29-44b7-4f18-b2bd-b437493561cc/sm/snapshot.1_1
2022-04-27 10:52:29,251 [b4543bad-81d3-4f1d-9fc6-5e97dcd2d8eb@group-B437493561CC-StateMachineUpdater] INFO  ratis.ContainerStateMachine (ContainerStateMachine.java:takeSnapshot(315)) - group-B437493561CC: Finished taking a snapshot at:(t:1, i:1) file:/home/runner/work/ozone/ozone/hadoop-ozone/integration-test/target/test-dir/MiniOzoneClusterImpl-6fb830c9-5413-49cc-a625-6cf41c4e5c97/datanode-0/data/ratis/7b30fe29-44b7-4f18-b2bd-b437493561cc/sm/snapshot.1_1 took: 1 ms
2022-04-27 10:52:29,251 [b4543bad-81d3-4f1d-9fc6-5e97dcd2d8eb@group-B437493561CC-StateMachineUpdater] INFO  impl.StateMachineUpdater (StateMachineUpdater.java:takeSnapshot(281)) - b4543bad-81d3-4f1d-9fc6-5e97dcd2d8eb@group-B437493561CC-StateMachineUpdater: Took a snapshot at index 1
2022-04-27 10:52:29,251 [b4543bad-81d3-4f1d-9fc6-5e97dcd2d8eb@group-B437493561CC-StateMachineUpdater] INFO  impl.StateMachineUpdater (StateMachineUpdater.java:lambda$new$0(89)) - b4543bad-81d3-4f1d-9fc6-5e97dcd2d8eb@group-B437493561CC-StateMachineUpdater: snapshotIndex: updateIncreasingly 0 -> 1
2022-04-27 10:52:29,252 [b4543bad-81d3-4f1d-9fc6-5e97dcd2d8eb@group-B437493561CC-StateMachineUpdater] INFO  ratis.ContainerStateMachine (ContainerStateMachine.java:takeSnapshot(304)) - group-B437493561CC: Taking a snapshot at:(t:1, i:3) file /home/runner/work/ozone/ozone/hadoop-ozone/integration-test/target/test-dir/MiniOzoneClusterImpl-6fb830c9-5413-49cc-a625-6cf41c4e5c97/datanode-0/data/ratis/7b30fe29-44b7-4f18-b2bd-b437493561cc/sm/snapshot.1_3
2022-04-27 10:52:29,253 [b4543bad-81d3-4f1d-9fc6-5e97dcd2d8eb@group-B437493561CC-StateMachineUpdater] INFO  ratis.ContainerStateMachine (ContainerStateMachine.java:takeSnapshot(315)) - group-B437493561CC: Finished taking a snapshot at:(t:1, i:3) file:/home/runner/work/ozone/ozone/hadoop-ozone/integration-test/target/test-dir/MiniOzoneClusterImpl-6fb830c9-5413-49cc-a625-6cf41c4e5c97/datanode-0/data/ratis/7b30fe29-44b7-4f18-b2bd-b437493561cc/sm/snapshot.1_3 took: 1 ms
2022-04-27 10:52:29,253 [b4543bad-81d3-4f1d-9fc6-5e97dcd2d8eb@group-B437493561CC-StateMachineUpdater] INFO  impl.StateMachineUpdater (StateMachineUpdater.java:takeSnapshot(281)) - b4543bad-81d3-4f1d-9fc6-5e97dcd2d8eb@group-B437493561CC-StateMachineUpdater: Took a snapshot at index 3
2022-04-27 10:52:29,253 [b4543bad-81d3-4f1d-9fc6-5e97dcd2d8eb@group-B437493561CC-StateMachineUpdater] INFO  impl.StateMachineUpdater (StateMachineUpdater.java:lambda$new$0(89)) - b4543bad-81d3-4f1d-9fc6-5e97dcd2d8eb@group-B437493561CC-StateMachineUpdater: snapshotIndex: updateIncreasingly 1 -> 3
2022-04-27 10:52:29,256 [ChunkWriter-1-0] ERROR impl.ContainerLayoutVersion (ContainerLayoutVersion.java:getChunkDir(148)) - Chunks dir /home/runner/work/ozone/ozone/hadoop-ozone/integration-test/target/test-dir/MiniOzoneClusterImpl-6fb830c9-5413-49cc-a625-6cf41c4e5c97/datanode-0/data-0/containers/hdds/6fb830c9-5413-49cc-a625-6cf41c4e5c97/current/containerDir0/5/chunks does not exist
2022-04-27 10:52:29,257 [ChunkWriter-1-0] INFO  keyvalue.KeyValueHandler (ContainerUtils.java:logAndReturnError(88)) - Operation: WriteChunk , Trace ID:  , Message: Chunks directory /home/runner/work/ozone/ozone/hadoop-ozone/integration-test/target/test-dir/MiniOzoneClusterImpl-6fb830c9-5413-49cc-a625-6cf41c4e5c97/datanode-0/data-0/containers/hdds/6fb830c9-5413-49cc-a625-6cf41c4e5c97/current/containerDir0/5/chunks does not exist. , Result: UNABLE_TO_FIND_DATA_DIR , StorageContainerException Occurred.
org.apache.hadoop.hdds.scm.container.common.helpers.StorageContainerException: Chunks directory /home/runner/work/ozone/ozone/hadoop-ozone/integration-test/target/test-dir/MiniOzoneClusterImpl-6fb830c9-5413-49cc-a625-6cf41c4e5c97/datanode-0/data-0/containers/hdds/6fb830c9-5413-49cc-a625-6cf41c4e5c97/current/containerDir0/5/chunks does not exist.
	at org.apache.hadoop.ozone.container.common.impl.ContainerLayoutVersion.getChunkDir(ContainerLayoutVersion.java:150)
	at org.apache.hadoop.ozone.container.common.impl.ContainerLayoutVersion.getChunkFile(ContainerLayoutVersion.java:126)
	at org.apache.hadoop.ozone.container.keyvalue.impl.FilePerBlockStrategy.getChunkFile(FilePerBlockStrategy.java:237)
	at org.apache.hadoop.ozone.container.keyvalue.impl.FilePerBlockStrategy.writeChunk(FilePerBlockStrategy.java:119)
	at org.apache.hadoop.ozone.container.keyvalue.impl.ChunkManagerDispatcher.writeChunk(ChunkManagerDispatcher.java:73)
	at org.apache.hadoop.ozone.container.keyvalue.KeyValueHandler.handleWriteChunk(KeyValueHandler.java:744)
	at org.apache.hadoop.ozone.container.keyvalue.KeyValueHandler.dispatchRequest(KeyValueHandler.java:226)
	at org.apache.hadoop.ozone.container.keyvalue.KeyValueHandler.handle(KeyValueHandler.java:190)
	at org.apache.hadoop.ozone.container.common.impl.HddsDispatcher.dispatchRequest(HddsDispatcher.java:307)
	at org.apache.hadoop.ozone.container.common.impl.HddsDispatcher.lambda$dispatch$0(HddsDispatcher.java:169)
	at org.apache.hadoop.hdds.server.OzoneProtocolMessageDispatcher.processRequest(OzoneProtocolMessageDispatcher.java:87)
	at org.apache.hadoop.ozone.container.common.impl.HddsDispatcher.dispatch(HddsDispatcher.java:168)
	at org.apache.hadoop.ozone.container.common.transport.server.ratis.ContainerStateMachine.dispatchCommand(ContainerStateMachine.java:413)
	at org.apache.hadoop.ozone.container.common.transport.server.ratis.ContainerStateMachine.runCommand(ContainerStateMachine.java:423)
	at org.apache.hadoop.ozone.container.common.transport.server.ratis.ContainerStateMachine.lambda$handleWriteChunk$1(ContainerStateMachine.java:455)
	at java.util.concurrent.CompletableFuture$AsyncSupply.run(CompletableFuture.java:1604)
	at java.util.concurrent.ThreadPoolExecutor.runWorker(ThreadPoolExecutor.java:1149)
	at java.util.concurrent.ThreadPoolExecutor$Worker.run(ThreadPoolExecutor.java:624)
	at java.lang.Thread.run(Thread.java:750)
2022-04-27 10:52:29,257 [ChunkWriter-1-0] WARN  keyvalue.KeyValueHandler (KeyValueHandler.java:markContainerUnhealthy(994)) - Unexpected error while marking container 5 as unhealthy
org.apache.hadoop.hdds.scm.container.common.helpers.StorageContainerException: Error while creating/ updating .container file. ContainerID: 5
	at org.apache.hadoop.ozone.container.keyvalue.KeyValueContainer.writeToContainerFile(KeyValueContainer.java:256)
	at org.apache.hadoop.ozone.container.keyvalue.KeyValueContainer.updateContainerFile(KeyValueContainer.java:276)
	at org.apache.hadoop.ozone.container.keyvalue.KeyValueContainer.updateContainerData(KeyValueContainer.java:396)
	at org.apache.hadoop.ozone.container.keyvalue.KeyValueContainer.markContainerUnhealthy(KeyValueContainer.java:321)
	at org.apache.hadoop.ozone.container.keyvalue.KeyValueHandler.markContainerUnhealthy(KeyValueHandler.java:989)
	at org.apache.hadoop.ozone.container.common.impl.HddsDispatcher.dispatchRequest(HddsDispatcher.java:350)
	at org.apache.hadoop.ozone.container.common.impl.HddsDispatcher.lambda$dispatch$0(HddsDispatcher.java:169)
	at org.apache.hadoop.hdds.server.OzoneProtocolMessageDispatcher.processRequest(OzoneProtocolMessageDispatcher.java:87)
	at org.apache.hadoop.ozone.container.common.impl.HddsDispatcher.dispatch(HddsDispatcher.java:168)
	at org.apache.hadoop.ozone.container.common.transport.server.ratis.ContainerStateMachine.dispatchCommand(ContainerStateMachine.java:413)
	at org.apache.hadoop.ozone.container.common.transport.server.ratis.ContainerStateMachine.runCommand(ContainerStateMachine.java:423)
	at org.apache.hadoop.ozone.container.common.transport.server.ratis.ContainerStateMachine.lambda$handleWriteChunk$1(ContainerStateMachine.java:455)
	at java.util.concurrent.CompletableFuture$AsyncSupply.run(CompletableFuture.java:1604)
	at java.util.concurrent.ThreadPoolExecutor.runWorker(ThreadPoolExecutor.java:1149)
	at java.util.concurrent.ThreadPoolExecutor$Worker.run(ThreadPoolExecutor.java:624)
	at java.lang.Thread.run(Thread.java:750)
Caused by: java.io.IOException: No such file or directory
	at java.io.UnixFileSystem.createFileExclusively(Native Method)
	at java.io.File.createTempFile(File.java:2063)
	at org.apache.hadoop.ozone.container.keyvalue.KeyValueContainer.createTempFile(KeyValueContainer.java:849)
	at org.apache.hadoop.ozone.container.keyvalue.KeyValueContainer.writeToContainerFile(KeyValueContainer.java:240)
	... 15 more
2022-04-27 10:52:29,258 [ChunkWriter-1-0] INFO  impl.HddsDispatcher (HddsDispatcher.java:dispatchRequest(351)) - Marked Container UNHEALTHY, ContainerID: 5
10:52:29.259 [ChunkWriter-1-0] ERROR DNAudit - user=null | ip=null | op=WRITE_CHUNK {blockData=conID: 5 locID: 109611004723200005 bcsId: 2} | ret=FAILURE
java.lang.Exception: Chunks directory /home/runner/work/ozone/ozone/hadoop-ozone/integration-test/target/test-dir/MiniOzoneClusterImpl-6fb830c9-5413-49cc-a625-6cf41c4e5c97/datanode-0/data-0/containers/hdds/6fb830c9-5413-49cc-a625-6cf41c4e5c97/current/containerDir0/5/chunks does not exist.
	at org.apache.hadoop.ozone.container.common.impl.HddsDispatcher.dispatchRequest(HddsDispatcher.java:369) ~[hdds-container-service-1.3.0-SNAPSHOT.jar:?]
	at org.apache.hadoop.ozone.container.common.impl.HddsDispatcher.lambda$dispatch$0(HddsDispatcher.java:169) ~[hdds-container-service-1.3.0-SNAPSHOT.jar:?]
	at org.apache.hadoop.hdds.server.OzoneProtocolMessageDispatcher.processRequest(OzoneProtocolMessageDispatcher.java:87) ~[hdds-server-framework-1.3.0-SNAPSHOT.jar:?]
	at org.apache.hadoop.ozone.container.common.impl.HddsDispatcher.dispatch(HddsDispatcher.java:168) ~[hdds-container-service-1.3.0-SNAPSHOT.jar:?]
	at org.apache.hadoop.ozone.container.common.transport.server.ratis.ContainerStateMachine.dispatchCommand(ContainerStateMachine.java:413) ~[hdds-container-service-1.3.0-SNAPSHOT.jar:?]
	at org.apache.hadoop.ozone.container.common.transport.server.ratis.ContainerStateMachine.runCommand(ContainerStateMachine.java:423) ~[hdds-container-service-1.3.0-SNAPSHOT.jar:?]
	at org.apache.hadoop.ozone.container.common.transport.server.ratis.ContainerStateMachine.lambda$handleWriteChunk$1(ContainerStateMachine.java:455) ~[hdds-container-service-1.3.0-SNAPSHOT.jar:?]
	at java.util.concurrent.CompletableFuture$AsyncSupply.run(CompletableFuture.java:1604) [?:1.8.0_322]
	at java.util.concurrent.ThreadPoolExecutor.runWorker(ThreadPoolExecutor.java:1149) [?:1.8.0_322]
	at java.util.concurrent.ThreadPoolExecutor$Worker.run(ThreadPoolExecutor.java:624) [?:1.8.0_322]
	at java.lang.Thread.run(Thread.java:750) [?:1.8.0_322]
2022-04-27 10:52:29,260 [ChunkWriter-1-0] ERROR ratis.ContainerStateMachine (ContainerStateMachine.java:lambda$handleWriteChunk$2(483)) - group-B437493561CC: writeChunk writeStateMachineData failed: blockIdcontainerID: 5
localID: 109611004723200005
blockCommitSequenceId: 2
replicaIndex: 0
 logIndex 4 chunkName 109611004723200005_chunk_2 Error message: Chunks directory /home/runner/work/ozone/ozone/hadoop-ozone/integration-test/target/test-dir/MiniOzoneClusterImpl-6fb830c9-5413-49cc-a625-6cf41c4e5c97/datanode-0/data-0/containers/hdds/6fb830c9-5413-49cc-a625-6cf41c4e5c97/current/containerDir0/5/chunks does not exist. Container Result: UNABLE_TO_FIND_DATA_DIR
10:52:29.261 [grpc-default-executor-0] ERROR DNAudit - user=null | ip=null | op=PUT_BLOCK {blockData=[blockId=conID: 5 locID: 109611004723200005 bcsId: 0, size=10]} | ret=FAILURE
org.apache.hadoop.hdds.scm.container.common.helpers.ContainerNotOpenException: Container 5 in UNHEALTHY state
	at org.apache.hadoop.ozone.container.common.impl.HddsDispatcher.validateContainerCommand(HddsDispatcher.java:486) ~[hdds-container-service-1.3.0-SNAPSHOT.jar:?]
	at org.apache.hadoop.ozone.container.common.transport.server.ratis.ContainerStateMachine.startTransaction(ContainerStateMachine.java:330) ~[hdds-container-service-1.3.0-SNAPSHOT.jar:?]
	at org.apache.ratis.server.impl.RaftServerImpl.submitClientRequestAsync(RaftServerImpl.java:797) ~[ratis-server-2.2.0.jar:2.2.0]
	at org.apache.ratis.server.impl.RaftServerProxy.lambda$submitClientRequestAsync$9(RaftServerProxy.java:417) ~[ratis-server-2.2.0.jar:2.2.0]
	at org.apache.ratis.server.impl.RaftServerProxy.lambda$null$7(RaftServerProxy.java:412) ~[ratis-server-2.2.0.jar:2.2.0]
	at org.apache.ratis.util.JavaUtils.callAsUnchecked(JavaUtils.java:115) ~[ratis-common-2.2.0.jar:2.2.0]
	at org.apache.ratis.server.impl.RaftServerProxy.lambda$submitRequest$8(RaftServerProxy.java:412) ~[ratis-server-2.2.0.jar:2.2.0]
	at java.util.concurrent.CompletableFuture.uniComposeStage(CompletableFuture.java:995) ~[?:1.8.0_322]
	at java.util.concurrent.CompletableFuture.thenCompose(CompletableFuture.java:2137) ~[?:1.8.0_322]
	at org.apache.ratis.server.impl.RaftServerProxy.submitRequest(RaftServerProxy.java:411) ~[ratis-server-2.2.0.jar:2.2.0]
	at org.apache.ratis.server.impl.RaftServerProxy.submitClientRequestAsync(RaftServerProxy.java:417) ~[ratis-server-2.2.0.jar:2.2.0]
	at org.apache.ratis.grpc.client.GrpcClientProtocolService$RequestStreamObserver.processClientRequest(GrpcClientProtocolService.java:222) ~[ratis-grpc-2.2.0.jar:2.2.0]
	at org.apache.ratis.grpc.client.GrpcClientProtocolService$OrderedRequestStreamObserver.processClientRequest(GrpcClientProtocolService.java:328) ~[ratis-grpc-2.2.0.jar:2.2.0]
	at org.apache.ratis.util.SlidingWindow$Server.processRequestsFromHead(SlidingWindow.java:431) [ratis-common-2.2.0.jar:2.2.0]
	at org.apache.ratis.util.SlidingWindow$Server.receivedRequest(SlidingWindow.java:423) [ratis-common-2.2.0.jar:2.2.0]
	at org.apache.ratis.grpc.client.GrpcClientProtocolService$OrderedRequestStreamObserver.processClientRequest(GrpcClientProtocolService.java:352) [ratis-grpc-2.2.0.jar:2.2.0]
	at org.apache.ratis.grpc.client.GrpcClientProtocolService$RequestStreamObserver.onNext(GrpcClientProtocolService.java:242) [ratis-grpc-2.2.0.jar:2.2.0]
	at org.apache.ratis.grpc.client.GrpcClientProtocolService$RequestStreamObserver.onNext(GrpcClientProtocolService.java:165) [ratis-grpc-2.2.0.jar:2.2.0]
	at org.apache.ratis.thirdparty.io.grpc.stub.ServerCalls$StreamingServerCallHandler$StreamingServerCallListener.onMessage(ServerCalls.java:255) [ratis-thirdparty-misc-0.7.0.jar:0.7.0]
	at org.apache.ratis.thirdparty.io.grpc.ForwardingServerCallListener.onMessage(ForwardingServerCallListener.java:33) [ratis-thirdparty-misc-0.7.0.jar:0.7.0]
	at org.apache.ratis.thirdparty.io.grpc.internal.ServerCallImpl$ServerStreamListenerImpl.messagesAvailableInternal(ServerCallImpl.java:309) [ratis-thirdparty-misc-0.7.0.jar:0.7.0]
	at org.apache.ratis.thirdparty.io.grpc.internal.ServerCallImpl$ServerStreamListenerImpl.messagesAvailable(ServerCallImpl.java:292) [ratis-thirdparty-misc-0.7.0.jar:0.7.0]
	at org.apache.ratis.thirdparty.io.grpc.internal.ServerImpl$JumpToApplicationThreadServerStreamListener$1MessagesAvailable.runInContext(ServerImpl.java:782) [ratis-thirdparty-misc-0.7.0.jar:0.7.0]
	at org.apache.ratis.thirdparty.io.grpc.internal.ContextRunnable.run(ContextRunnable.java:37) [ratis-thirdparty-misc-0.7.0.jar:0.7.0]
	at org.apache.ratis.thirdparty.io.grpc.internal.SerializingExecutor.run(SerializingExecutor.java:123) [ratis-thirdparty-misc-0.7.0.jar:0.7.0]
	at java.util.concurrent.ThreadPoolExecutor.runWorker(ThreadPoolExecutor.java:1149) [?:1.8.0_322]
	at java.util.concurrent.ThreadPoolExecutor$Worker.run(ThreadPoolExecutor.java:624) [?:1.8.0_322]
	at java.lang.Thread.run(Thread.java:750) [?:1.8.0_322]
2022-04-27 10:52:29,262 [FixedThreadPoolWithAffinityExecutor-8-0] WARN  container.IncrementalContainerReportHandler (AbstractContainerReportHandler.java:updateContainerState(255)) - Container #5 is in OPEN state, but the datanode b4543bad-81d3-4f1d-9fc6-5e97dcd2d8eb{ip: 10.1.0.29, host: fv-az270-423.tacnzluakwdehk1hpragurqkma.bx.internal.cloudapp.net, ports: [REPLICATION=41789, RATIS=41129, RATIS_ADMIN=41129, RATIS_SERVER=41129, STANDALONE=36927], networkLocation: /default-rack, certSerialId: null, persistedOpState: IN_SERVICE, persistedOpStateExpiryEpochSec: 0} reports an UNHEALTHY replica.
2022-04-27 10:52:29,262 [b4543bad-81d3-4f1d-9fc6-5e97dcd2d8eb@group-B437493561CC-SegmentedRaftLogWorker] ERROR ratis.XceiverServerRatis (XceiverServerRatis.java:triggerPipelineClose(678)) - pipeline Action CLOSE on pipeline PipelineID=7b30fe29-44b7-4f18-b2bd-b437493561cc.Reason : Chunks directory /home/runner/work/ozone/ozone/hadoop-ozone/integration-test/target/test-dir/MiniOzoneClusterImpl-6fb830c9-5413-49cc-a625-6cf41c4e5c97/datanode-0/data-0/containers/hdds/6fb830c9-5413-49cc-a625-6cf41c4e5c97/current/containerDir0/5/chunks does not exist.
2022-04-27 10:52:29,264 [EventQueue-PipelineActionsForPipelineActionHandler] INFO  pipeline.PipelineActionHandler (PipelineActionHandler.java:processPipelineAction(82)) - Received pipeline action CLOSE for PipelineID=7b30fe29-44b7-4f18-b2bd-b437493561cc from datanode b4543bad-81d3-4f1d-9fc6-5e97dcd2d8eb. Reason : Chunks directory /home/runner/work/ozone/ozone/hadoop-ozone/integration-test/target/test-dir/MiniOzoneClusterImpl-6fb830c9-5413-49cc-a625-6cf41c4e5c97/datanode-0/data-0/containers/hdds/6fb830c9-5413-49cc-a625-6cf41c4e5c97/current/containerDir0/5/chunks does not exist.
2022-04-27 10:52:29,264 [EventQueue-PipelineActionsForPipelineActionHandler] INFO  pipeline.PipelineManagerImpl (PipelineManagerImpl.java:closeContainersForPipeline(381)) - Container #5 closed for pipeline=PipelineID=7b30fe29-44b7-4f18-b2bd-b437493561cc
2022-04-27 10:52:29,265 [EventQueue-PipelineActionsForPipelineActionHandler] INFO  pipeline.PipelineManagerImpl (PipelineManagerImpl.java:closePipeline(402)) - Pipeline Pipeline[ Id: 7b30fe29-44b7-4f18-b2bd-b437493561cc, Nodes: b4543bad-81d3-4f1d-9fc6-5e97dcd2d8eb{ip: 10.1.0.29, host: fv-az270-423.tacnzluakwdehk1hpragurqkma.bx.internal.cloudapp.net, ports: [REPLICATION=41789, RATIS=41129, RATIS_ADMIN=41129, RATIS_SERVER=41129, STANDALONE=36927], networkLocation: /default-rack, certSerialId: null, persistedOpState: IN_SERVICE, persistedOpStateExpiryEpochSec: 0}, ReplicationConfig: RATIS/ONE, State:OPEN, leaderId:b4543bad-81d3-4f1d-9fc6-5e97dcd2d8eb, CreationTimestamp2022-04-27T10:51:54.904Z[Etc/UTC]] moved to CLOSED state
2022-04-27 10:52:29,265 [EventQueue-PipelineActionsForPipelineActionHandler] INFO  pipeline.RatisPipelineProvider (RatisPipelineProvider.java:lambda$close$1(244)) - Send pipeline:PipelineID=7b30fe29-44b7-4f18-b2bd-b437493561cc close command to datanode b4543bad-81d3-4f1d-9fc6-5e97dcd2d8eb
2022-04-27 10:52:29,265 [EventQueue-PipelineActionsForPipelineActionHandler] INFO  pipeline.PipelineStateManagerImpl (PipelineStateManagerImpl.java:removePipeline(243)) - Pipeline Pipeline[ Id: 7b30fe29-44b7-4f18-b2bd-b437493561cc, Nodes: b4543bad-81d3-4f1d-9fc6-5e97dcd2d8eb{ip: 10.1.0.29, host: fv-az270-423.tacnzluakwdehk1hpragurqkma.bx.internal.cloudapp.net, ports: [REPLICATION=41789, RATIS=41129, RATIS_ADMIN=41129, RATIS_SERVER=41129, STANDALONE=36927], networkLocation: /default-rack, certSerialId: null, persistedOpState: IN_SERVICE, persistedOpStateExpiryEpochSec: 0}, ReplicationConfig: RATIS/ONE, State:CLOSED, leaderId:b4543bad-81d3-4f1d-9fc6-5e97dcd2d8eb, CreationTimestamp2022-04-27T10:51:54.904Z[Etc/UTC]] removed.
2022-04-27 10:52:29,265 [EventQueue-CloseContainerForCloseContainerEventHandler] INFO  container.CloseContainerEventHandler (CloseContainerEventHandler.java:onMessage(69)) - Close container Event triggered for container : #5
2022-04-27 10:52:29,265 [EventQueue-CloseContainerForCloseContainerEventHandler] INFO  container.CloseContainerEventHandler (CloseContainerEventHandler.java:onMessage(69)) - Close container Event triggered for container : #5
2022-04-27 10:52:29,336 [FixedThreadPoolWithAffinityExecutor-1-0] WARN  container.ContainerReportHandler (AbstractContainerReportHandler.java:updateContainerState(255)) - Container #4 is in OPEN state, but the datanode 5305b34f-83d0-4be9-8032-f631ee150b78{ip: 10.1.0.29, host: fv-az270-423.tacnzluakwdehk1hpragurqkma.bx.internal.cloudapp.net, ports: [REPLICATION=45903, RATIS=34741, RATIS_ADMIN=34741, RATIS_SERVER=34741, STANDALONE=45233], networkLocation: /default-rack, certSerialId: null, persistedOpState: IN_SERVICE, persistedOpStateExpiryEpochSec: 0} reports an CLOSED replica.
2022-04-27 10:52:29,375 [EventQueue-PipelineReportForPipelineReportHandler] INFO  pipeline.PipelineReportHandler (PipelineReportHandler.java:processPipelineReport(113)) - Reported pipeline PipelineID=cf80c735-cb93-438b-a05e-dff27b2a1031 is not found
2022-04-27 10:52:29,437 [EventQueue-PipelineReportForPipelineReportHandler] INFO  pipeline.PipelineReportHandler (PipelineReportHandler.java:processPipelineReport(113)) - Reported pipeline PipelineID=cf80c735-cb93-438b-a05e-dff27b2a1031 is not found
2022-04-27 10:52:29,464 [EventQueue-PipelineReportForPipelineReportHandler] INFO  pipeline.PipelineReportHandler (PipelineReportHandler.java:processPipelineReport(113)) - Reported pipeline PipelineID=7b30fe29-44b7-4f18-b2bd-b437493561cc is not found
2022-04-27 10:52:29,537 [EventQueue-PipelineReportForPipelineReportHandler] INFO  pipeline.PipelineReportHandler (PipelineReportHandler.java:processPipelineReport(113)) - Reported pipeline PipelineID=cf80c735-cb93-438b-a05e-dff27b2a1031 is not found
2022-04-27 10:52:29,734 [FixedThreadPoolWithAffinityExecutor-1-0] WARN  container.ContainerReportHandler (AbstractContainerReportHandler.java:updateContainerState(255)) - Container #4 is in OPEN state, but the datanode 5305b34f-83d0-4be9-8032-f631ee150b78{ip: 10.1.0.29, host: fv-az270-423.tacnzluakwdehk1hpragurqkma.bx.internal.cloudapp.net, ports: [REPLICATION=45903, RATIS=34741, RATIS_ADMIN=34741, RATIS_SERVER=34741, STANDALONE=45233], networkLocation: /default-rack, certSerialId: null, persistedOpState: IN_SERVICE, persistedOpStateExpiryEpochSec: 0} reports an CLOSED replica.
2022-04-27 10:52:29,737 [EventQueue-PipelineReportForPipelineReportHandler] INFO  pipeline.PipelineReportHandler (PipelineReportHandler.java:processPipelineReport(113)) - Reported pipeline PipelineID=cf80c735-cb93-438b-a05e-dff27b2a1031 is not found
2022-04-27 10:52:29,775 [EventQueue-PipelineReportForPipelineReportHandler] INFO  pipeline.PipelineReportHandler (PipelineReportHandler.java:processPipelineReport(113)) - Reported pipeline PipelineID=cf80c735-cb93-438b-a05e-dff27b2a1031 is not found
2022-04-27 10:52:29,828 [Command processor thread] INFO  server.RaftServer (RaftServerProxy.java:remove(106)) - b4543bad-81d3-4f1d-9fc6-5e97dcd2d8eb: remove    LEADER b4543bad-81d3-4f1d-9fc6-5e97dcd2d8eb@group-B437493561CC:t1, leader=b4543bad-81d3-4f1d-9fc6-5e97dcd2d8eb, voted=b4543bad-81d3-4f1d-9fc6-5e97dcd2d8eb, raftlog=b4543bad-81d3-4f1d-9fc6-5e97dcd2d8eb@group-B437493561CC-SegmentedRaftLog:OPENED:c3, conf=0: [b4543bad-81d3-4f1d-9fc6-5e97dcd2d8eb|rpc:10.1.0.29:41129|dataStream:|priority:1], old=null RUNNING
2022-04-27 10:52:29,830 [Command processor thread] INFO  server.RaftServer$Division (RaftServerImpl.java:lambda$close$4(412)) - b4543bad-81d3-4f1d-9fc6-5e97dcd2d8eb@group-B437493561CC: shutdown
2022-04-27 10:52:29,831 [Command processor thread] INFO  util.JmxRegister (JmxRegister.java:unregister(73)) - Successfully un-registered JMX Bean with object name Ratis:service=RaftServer,group=group-B437493561CC,id=b4543bad-81d3-4f1d-9fc6-5e97dcd2d8eb
2022-04-27 10:52:29,831 [Command processor thread] INFO  impl.RoleInfo (RoleInfo.java:shutdownLeaderState(91)) - b4543bad-81d3-4f1d-9fc6-5e97dcd2d8eb: shutdown b4543bad-81d3-4f1d-9fc6-5e97dcd2d8eb@group-B437493561CC-LeaderStateImpl
2022-04-27 10:52:29,831 [Command processor thread] INFO  impl.PendingRequests (PendingRequests.java:sendNotLeaderResponses(282)) - b4543bad-81d3-4f1d-9fc6-5e97dcd2d8eb@group-B437493561CC-PendingRequests: sendNotLeaderResponses
2022-04-27 10:52:29,840 [EventQueue-PipelineReportForPipelineReportHandler] INFO  pipeline.PipelineReportHandler (PipelineReportHandler.java:processPipelineReport(113)) - Reported pipeline PipelineID=cf80c735-cb93-438b-a05e-dff27b2a1031 is not found
2022-04-27 10:52:29,847 [Command processor thread] INFO  impl.StateMachineUpdater (StateMachineUpdater.java:stopAndJoin(149)) - b4543bad-81d3-4f1d-9fc6-5e97dcd2d8eb@group-B437493561CC-StateMachineUpdater: set stopIndex = 3
2022-04-27 10:52:29,847 [Command processor thread] INFO  server.RaftServer$Division (ServerState.java:close(419)) - b4543bad-81d3-4f1d-9fc6-5e97dcd2d8eb@group-B437493561CC: closes. applyIndex: 3
2022-04-27 10:52:29,849 [b4543bad-81d3-4f1d-9fc6-5e97dcd2d8eb@group-B437493561CC-SegmentedRaftLogWorker] INFO  segmented.SegmentedRaftLogWorker (SegmentedRaftLogWorker.java:run(327)) - b4543bad-81d3-4f1d-9fc6-5e97dcd2d8eb@group-B437493561CC-SegmentedRaftLogWorker was interrupted, exiting. There are 0 tasks remaining in the queue.
2022-04-27 10:52:29,852 [Command processor thread] INFO  segmented.SegmentedRaftLogWorker (SegmentedRaftLogWorker.java:close(237)) - b4543bad-81d3-4f1d-9fc6-5e97dcd2d8eb@group-B437493561CC-SegmentedRaftLogWorker close()
2022-04-27 10:52:29,858 [Command processor thread] INFO  server.RaftServer$Division (RaftServerImpl.java:groupRemove(382)) - b4543bad-81d3-4f1d-9fc6-5e97dcd2d8eb@group-B437493561CC: Succeed to remove RaftStorageDirectory Storage Directory /home/runner/work/ozone/ozone/hadoop-ozone/integration-test/target/test-dir/MiniOzoneClusterImpl-6fb830c9-5413-49cc-a625-6cf41c4e5c97/datanode-0/data/ratis/7b30fe29-44b7-4f18-b2bd-b437493561cc
2022-04-27 10:52:29,858 [Command processor thread] INFO  commandhandler.ClosePipelineCommandHandler (ClosePipelineCommandHandler.java:handle(78)) - Close Pipeline PipelineID=7b30fe29-44b7-4f18-b2bd-b437493561cc command on datanode b4543bad-81d3-4f1d-9fc6-5e97dcd2d8eb.
2022-04-27 10:52:29,865 [EventQueue-PipelineReportForPipelineReportHandler] INFO  pipeline.PipelineReportHandler (PipelineReportHandler.java:processPipelineReport(113)) - Reported pipeline PipelineID=7b30fe29-44b7-4f18-b2bd-b437493561cc is not found
2022-04-27 10:52:29,975 [EventQueue-PipelineReportForPipelineReportHandler] INFO  pipeline.PipelineReportHandler (PipelineReportHandler.java:processPipelineReport(113)) - Reported pipeline PipelineID=cf80c735-cb93-438b-a05e-dff27b2a1031 is not found
2022-04-27 10:52:30,040 [EventQueue-PipelineReportForPipelineReportHandler] INFO  pipeline.PipelineReportHandler (PipelineReportHandler.java:processPipelineReport(113)) - Reported pipeline PipelineID=cf80c735-cb93-438b-a05e-dff27b2a1031 is not found
2022-04-27 10:52:30,135 [FixedThreadPoolWithAffinityExecutor-1-0] WARN  container.ContainerReportHandler (AbstractContainerReportHandler.java:updateContainerState(255)) - Container #4 is in OPEN state, but the datanode 5305b34f-83d0-4be9-8032-f631ee150b78{ip: 10.1.0.29, host: fv-az270-423.tacnzluakwdehk1hpragurqkma.bx.internal.cloudapp.net, ports: [REPLICATION=45903, RATIS=34741, RATIS_ADMIN=34741, RATIS_SERVER=34741, STANDALONE=45233], networkLocation: /default-rack, certSerialId: null, persistedOpState: IN_SERVICE, persistedOpStateExpiryEpochSec: 0} reports an CLOSED replica.
2022-04-27 10:52:30,136 [EventQueue-PipelineReportForPipelineReportHandler] INFO  pipeline.PipelineReportHandler (PipelineReportHandler.java:processPipelineReport(113)) - Reported pipeline PipelineID=cf80c735-cb93-438b-a05e-dff27b2a1031 is not found
2022-04-27 10:52:30,335 [FixedThreadPoolWithAffinityExecutor-1-0] WARN  container.ContainerReportHandler (AbstractContainerReportHandler.java:updateContainerState(255)) - Container #4 is in OPEN state, but the datanode 5305b34f-83d0-4be9-8032-f631ee150b78{ip: 10.1.0.29, host: fv-az270-423.tacnzluakwdehk1hpragurqkma.bx.internal.cloudapp.net, ports: [REPLICATION=45903, RATIS=34741, RATIS_ADMIN=34741, RATIS_SERVER=34741, STANDALONE=45233], networkLocation: /default-rack, certSerialId: null, persistedOpState: IN_SERVICE, persistedOpStateExpiryEpochSec: 0} reports an CLOSED replica.
2022-04-27 10:52:30,374 [EventQueue-PipelineReportForPipelineReportHandler] INFO  pipeline.PipelineReportHandler (PipelineReportHandler.java:processPipelineReport(113)) - Reported pipeline PipelineID=cf80c735-cb93-438b-a05e-dff27b2a1031 is not found
2022-04-27 10:52:30,441 [EventQueue-PipelineReportForPipelineReportHandler] INFO  pipeline.PipelineReportHandler (PipelineReportHandler.java:processPipelineReport(113)) - Reported pipeline PipelineID=cf80c735-cb93-438b-a05e-dff27b2a1031 is not found
2022-04-27 10:52:30,535 [FixedThreadPoolWithAffinityExecutor-9-0] WARN  container.ContainerReportHandler (AbstractContainerReportHandler.java:updateContainerState(255)) - Container #4 is in OPEN state, but the datanode 5305b34f-83d0-4be9-8032-f631ee150b78{ip: 10.1.0.29, host: fv-az270-423.tacnzluakwdehk1hpragurqkma.bx.internal.cloudapp.net, ports: [REPLICATION=45903, RATIS=34741, RATIS_ADMIN=34741, RATIS_SERVER=34741, STANDALONE=45233], networkLocation: /default-rack, certSerialId: null, persistedOpState: IN_SERVICE, persistedOpStateExpiryEpochSec: 0} reports an CLOSED replica.
2022-04-27 10:52:30,537 [EventQueue-PipelineReportForPipelineReportHandler] INFO  pipeline.PipelineReportHandler (PipelineReportHandler.java:processPipelineReport(113)) - Reported pipeline PipelineID=cf80c735-cb93-438b-a05e-dff27b2a1031 is not found
2022-04-27 10:52:30,605 [7171416e-d570-4db8-8282-6e036003ab52@group-E78063F29D5F-StateMachineUpdater] INFO  ratis.ContainerStateMachine (ContainerStateMachine.java:takeSnapshot(304)) - group-E78063F29D5F: Taking a snapshot at:(t:3, i:10) file /home/runner/work/ozone/ozone/hadoop-ozone/integration-test/target/test-dir/MiniOzoneClusterImpl-6fb830c9-5413-49cc-a625-6cf41c4e5c97/datanode-7/data/ratis/d2638837-f985-4e21-8ffd-e78063f29d5f/sm/snapshot.3_10
2022-04-27 10:52:30,605 [5e6908a8-a78b-4a66-9555-b48c04384dc8@group-E78063F29D5F-StateMachineUpdater] INFO  ratis.ContainerStateMachine (ContainerStateMachine.java:takeSnapshot(304)) - group-E78063F29D5F: Taking a snapshot at:(t:3, i:10) file /home/runner/work/ozone/ozone/hadoop-ozone/integration-test/target/test-dir/MiniOzoneClusterImpl-6fb830c9-5413-49cc-a625-6cf41c4e5c97/datanode-6/data/ratis/d2638837-f985-4e21-8ffd-e78063f29d5f/sm/snapshot.3_10
2022-04-27 10:52:30,608 [7171416e-d570-4db8-8282-6e036003ab52@group-E78063F29D5F-StateMachineUpdater] INFO  ratis.ContainerStateMachine (ContainerStateMachine.java:takeSnapshot(315)) - group-E78063F29D5F: Finished taking a snapshot at:(t:3, i:10) file:/home/runner/work/ozone/ozone/hadoop-ozone/integration-test/target/test-dir/MiniOzoneClusterImpl-6fb830c9-5413-49cc-a625-6cf41c4e5c97/datanode-7/data/ratis/d2638837-f985-4e21-8ffd-e78063f29d5f/sm/snapshot.3_10 took: 3 ms
2022-04-27 10:52:30,608 [5e6908a8-a78b-4a66-9555-b48c04384dc8@group-E78063F29D5F-StateMachineUpdater] INFO  ratis.ContainerStateMachine (ContainerStateMachine.java:takeSnapshot(315)) - group-E78063F29D5F: Finished taking a snapshot at:(t:3, i:10) file:/home/runner/work/ozone/ozone/hadoop-ozone/integration-test/target/test-dir/MiniOzoneClusterImpl-6fb830c9-5413-49cc-a625-6cf41c4e5c97/datanode-6/data/ratis/d2638837-f985-4e21-8ffd-e78063f29d5f/sm/snapshot.3_10 took: 3 ms
2022-04-27 10:52:30,608 [7171416e-d570-4db8-8282-6e036003ab52@group-E78063F29D5F-StateMachineUpdater] INFO  impl.SimpleStateMachineStorage (SimpleStateMachineStorage.java:cleanupOldSnapshots(102)) - Deleting old snapshot at /home/runner/work/ozone/ozone/hadoop-ozone/integration-test/target/test-dir/MiniOzoneClusterImpl-6fb830c9-5413-49cc-a625-6cf41c4e5c97/datanode-7/data/ratis/d2638837-f985-4e21-8ffd-e78063f29d5f/sm/snapshot.3_4
2022-04-27 10:52:30,609 [5e6908a8-a78b-4a66-9555-b48c04384dc8@group-E78063F29D5F-StateMachineUpdater] INFO  impl.SimpleStateMachineStorage (SimpleStateMachineStorage.java:cleanupOldSnapshots(102)) - Deleting old snapshot at /home/runner/work/ozone/ozone/hadoop-ozone/integration-test/target/test-dir/MiniOzoneClusterImpl-6fb830c9-5413-49cc-a625-6cf41c4e5c97/datanode-6/data/ratis/d2638837-f985-4e21-8ffd-e78063f29d5f/sm/snapshot.3_0
2022-04-27 10:52:30,609 [7171416e-d570-4db8-8282-6e036003ab52@group-E78063F29D5F-StateMachineUpdater] INFO  impl.StateMachineUpdater (StateMachineUpdater.java:takeSnapshot(281)) - 7171416e-d570-4db8-8282-6e036003ab52@group-E78063F29D5F-StateMachineUpdater: Took a snapshot at index 10
2022-04-27 10:52:30,609 [7171416e-d570-4db8-8282-6e036003ab52@group-E78063F29D5F-StateMachineUpdater] INFO  impl.StateMachineUpdater (StateMachineUpdater.java:lambda$new$0(89)) - 7171416e-d570-4db8-8282-6e036003ab52@group-E78063F29D5F-StateMachineUpdater: snapshotIndex: updateIncreasingly 9 -> 10
2022-04-27 10:52:30,609 [5e6908a8-a78b-4a66-9555-b48c04384dc8@group-E78063F29D5F-StateMachineUpdater] INFO  impl.StateMachineUpdater (StateMachineUpdater.java:takeSnapshot(281)) - 5e6908a8-a78b-4a66-9555-b48c04384dc8@group-E78063F29D5F-StateMachineUpdater: Took a snapshot at index 10
2022-04-27 10:52:30,609 [5e6908a8-a78b-4a66-9555-b48c04384dc8@group-E78063F29D5F-StateMachineUpdater] INFO  impl.StateMachineUpdater (StateMachineUpdater.java:lambda$new$0(89)) - 5e6908a8-a78b-4a66-9555-b48c04384dc8@group-E78063F29D5F-StateMachineUpdater: snapshotIndex: updateIncreasingly 8 -> 10
2022-04-27 10:52:30,641 [EventQueue-PipelineReportForPipelineReportHandler] INFO  pipeline.PipelineReportHandler (PipelineReportHandler.java:processPipelineReport(113)) - Reported pipeline PipelineID=cf80c735-cb93-438b-a05e-dff27b2a1031 is not found
2022-04-27 10:52:30,738 [EventQueue-PipelineReportForPipelineReportHandler] INFO  pipeline.PipelineReportHandler (PipelineReportHandler.java:processPipelineReport(113)) - Reported pipeline PipelineID=cf80c735-cb93-438b-a05e-dff27b2a1031 is not found
2022-04-27 10:52:30,775 [EventQueue-PipelineReportForPipelineReportHandler] INFO  pipeline.PipelineReportHandler (PipelineReportHandler.java:processPipelineReport(113)) - Reported pipeline PipelineID=cf80c735-cb93-438b-a05e-dff27b2a1031 is not found
2022-04-27 10:52:30,935 [FixedThreadPoolWithAffinityExecutor-8-0] WARN  container.ContainerReportHandler (AbstractContainerReportHandler.java:updateContainerState(255)) - Container #4 is in OPEN state, but the datanode 5305b34f-83d0-4be9-8032-f631ee150b78{ip: 10.1.0.29, host: fv-az270-423.tacnzluakwdehk1hpragurqkma.bx.internal.cloudapp.net, ports: [REPLICATION=45903, RATIS=34741, RATIS_ADMIN=34741, RATIS_SERVER=34741, STANDALONE=45233], networkLocation: /default-rack, certSerialId: null, persistedOpState: IN_SERVICE, persistedOpStateExpiryEpochSec: 0} reports an CLOSED replica.
2022-04-27 10:52:31,041 [EventQueue-PipelineReportForPipelineReportHandler] INFO  pipeline.PipelineReportHandler (PipelineReportHandler.java:processPipelineReport(113)) - Reported pipeline PipelineID=cf80c735-cb93-438b-a05e-dff27b2a1031 is not found
2022-04-27 10:52:31,138 [EventQueue-PipelineReportForPipelineReportHandler] INFO  pipeline.PipelineReportHandler (PipelineReportHandler.java:processPipelineReport(113)) - Reported pipeline PipelineID=cf80c735-cb93-438b-a05e-dff27b2a1031 is not found
2022-04-27 10:52:31,175 [EventQueue-PipelineReportForPipelineReportHandler] INFO  pipeline.PipelineReportHandler (PipelineReportHandler.java:processPipelineReport(113)) - Reported pipeline PipelineID=cf80c735-cb93-438b-a05e-dff27b2a1031 is not found
2022-04-27 10:52:31,241 [EventQueue-PipelineReportForPipelineReportHandler] INFO  pipeline.PipelineReportHandler (PipelineReportHandler.java:processPipelineReport(113)) - Reported pipeline PipelineID=cf80c735-cb93-438b-a05e-dff27b2a1031 is not found
2022-04-27 10:52:31,335 [FixedThreadPoolWithAffinityExecutor-0-0] WARN  container.ContainerReportHandler (AbstractContainerReportHandler.java:updateContainerState(255)) - Container #4 is in OPEN state, but the datanode 5305b34f-83d0-4be9-8032-f631ee150b78{ip: 10.1.0.29, host: fv-az270-423.tacnzluakwdehk1hpragurqkma.bx.internal.cloudapp.net, ports: [REPLICATION=45903, RATIS=34741, RATIS_ADMIN=34741, RATIS_SERVER=34741, STANDALONE=45233], networkLocation: /default-rack, certSerialId: null, persistedOpState: IN_SERVICE, persistedOpStateExpiryEpochSec: 0} reports an CLOSED replica.
2022-04-27 10:52:31,375 [EventQueue-PipelineReportForPipelineReportHandler] INFO  pipeline.PipelineReportHandler (PipelineReportHandler.java:processPipelineReport(113)) - Reported pipeline PipelineID=cf80c735-cb93-438b-a05e-dff27b2a1031 is not found
2022-04-27 10:52:31,538 [EventQueue-PipelineReportForPipelineReportHandler] INFO  pipeline.PipelineReportHandler (PipelineReportHandler.java:processPipelineReport(113)) - Reported pipeline PipelineID=cf80c735-cb93-438b-a05e-dff27b2a1031 is not found
2022-04-27 10:52:31,576 [EventQueue-PipelineReportForPipelineReportHandler] INFO  pipeline.PipelineReportHandler (PipelineReportHandler.java:processPipelineReport(113)) - Reported pipeline PipelineID=cf80c735-cb93-438b-a05e-dff27b2a1031 is not found
2022-04-27 10:52:31,641 [EventQueue-PipelineReportForPipelineReportHandler] INFO  pipeline.PipelineReportHandler (PipelineReportHandler.java:processPipelineReport(113)) - Reported pipeline PipelineID=cf80c735-cb93-438b-a05e-dff27b2a1031 is not found
2022-04-27 10:52:31,735 [FixedThreadPoolWithAffinityExecutor-8-0] WARN  container.ContainerReportHandler (AbstractContainerReportHandler.java:updateContainerState(255)) - Container #4 is in OPEN state, but the datanode 5305b34f-83d0-4be9-8032-f631ee150b78{ip: 10.1.0.29, host: fv-az270-423.tacnzluakwdehk1hpragurqkma.bx.internal.cloudapp.net, ports: [REPLICATION=45903, RATIS=34741, RATIS_ADMIN=34741, RATIS_SERVER=34741, STANDALONE=45233], networkLocation: /default-rack, certSerialId: null, persistedOpState: IN_SERVICE, persistedOpStateExpiryEpochSec: 0} reports an CLOSED replica.
2022-04-27 10:52:31,841 [EventQueue-PipelineReportForPipelineReportHandler] INFO  pipeline.PipelineReportHandler (PipelineReportHandler.java:processPipelineReport(113)) - Reported pipeline PipelineID=cf80c735-cb93-438b-a05e-dff27b2a1031 is not found
2022-04-27 10:52:31,935 [FixedThreadPoolWithAffinityExecutor-1-0] WARN  container.ContainerReportHandler (AbstractContainerReportHandler.java:updateContainerState(255)) - Container #4 is in OPEN state, but the datanode 5305b34f-83d0-4be9-8032-f631ee150b78{ip: 10.1.0.29, host: fv-az270-423.tacnzluakwdehk1hpragurqkma.bx.internal.cloudapp.net, ports: [REPLICATION=45903, RATIS=34741, RATIS_ADMIN=34741, RATIS_SERVER=34741, STANDALONE=45233], networkLocation: /default-rack, certSerialId: null, persistedOpState: IN_SERVICE, persistedOpStateExpiryEpochSec: 0} reports an CLOSED replica.
2022-04-27 10:52:31,937 [EventQueue-PipelineReportForPipelineReportHandler] INFO  pipeline.PipelineReportHandler (PipelineReportHandler.java:processPipelineReport(113)) - Reported pipeline PipelineID=cf80c735-cb93-438b-a05e-dff27b2a1031 is not found
2022-04-27 10:52:31,976 [EventQueue-PipelineReportForPipelineReportHandler] INFO  pipeline.PipelineReportHandler (PipelineReportHandler.java:processPipelineReport(113)) - Reported pipeline PipelineID=cf80c735-cb93-438b-a05e-dff27b2a1031 is not found
2022-04-27 10:52:32,179 [EventQueue-PipelineReportForPipelineReportHandler] INFO  pipeline.PipelineReportHandler (PipelineReportHandler.java:processPipelineReport(113)) - Reported pipeline PipelineID=cf80c735-cb93-438b-a05e-dff27b2a1031 is not found
2022-04-27 10:52:32,241 [EventQueue-PipelineReportForPipelineReportHandler] INFO  pipeline.PipelineReportHandler (PipelineReportHandler.java:processPipelineReport(113)) - Reported pipeline PipelineID=cf80c735-cb93-438b-a05e-dff27b2a1031 is not found
2022-04-27 10:52:32,334 [FixedThreadPoolWithAffinityExecutor-9-0] WARN  container.ContainerReportHandler (AbstractContainerReportHandler.java:updateContainerState(255)) - Container #4 is in OPEN state, but the datanode 5305b34f-83d0-4be9-8032-f631ee150b78{ip: 10.1.0.29, host: fv-az270-423.tacnzluakwdehk1hpragurqkma.bx.internal.cloudapp.net, ports: [REPLICATION=45903, RATIS=34741, RATIS_ADMIN=34741, RATIS_SERVER=34741, STANDALONE=45233], networkLocation: /default-rack, certSerialId: null, persistedOpState: IN_SERVICE, persistedOpStateExpiryEpochSec: 0} reports an CLOSED replica.
2022-04-27 10:52:32,337 [EventQueue-PipelineReportForPipelineReportHandler] INFO  pipeline.PipelineReportHandler (PipelineReportHandler.java:processPipelineReport(113)) - Reported pipeline PipelineID=cf80c735-cb93-438b-a05e-dff27b2a1031 is not found
2022-04-27 10:52:32,376 [EventQueue-PipelineReportForPipelineReportHandler] INFO  pipeline.PipelineReportHandler (PipelineReportHandler.java:processPipelineReport(113)) - Reported pipeline PipelineID=cf80c735-cb93-438b-a05e-dff27b2a1031 is not found
2022-04-27 10:52:32,641 [EventQueue-PipelineReportForPipelineReportHandler] INFO  pipeline.PipelineReportHandler (PipelineReportHandler.java:processPipelineReport(113)) - Reported pipeline PipelineID=cf80c735-cb93-438b-a05e-dff27b2a1031 is not found
2022-04-27 10:52:32,736 [FixedThreadPoolWithAffinityExecutor-9-0] WARN  container.ContainerReportHandler (AbstractContainerReportHandler.java:updateContainerState(255)) - Container #4 is in OPEN state, but the datanode 5305b34f-83d0-4be9-8032-f631ee150b78{ip: 10.1.0.29, host: fv-az270-423.tacnzluakwdehk1hpragurqkma.bx.internal.cloudapp.net, ports: [REPLICATION=45903, RATIS=34741, RATIS_ADMIN=34741, RATIS_SERVER=34741, STANDALONE=45233], networkLocation: /default-rack, certSerialId: null, persistedOpState: IN_SERVICE, persistedOpStateExpiryEpochSec: 0} reports an CLOSED replica.
2022-04-27 10:52:32,737 [EventQueue-PipelineReportForPipelineReportHandler] INFO  pipeline.PipelineReportHandler (PipelineReportHandler.java:processPipelineReport(113)) - Reported pipeline PipelineID=cf80c735-cb93-438b-a05e-dff27b2a1031 is not found
2022-04-27 10:52:32,776 [EventQueue-PipelineReportForPipelineReportHandler] INFO  pipeline.PipelineReportHandler (PipelineReportHandler.java:processPipelineReport(113)) - Reported pipeline PipelineID=cf80c735-cb93-438b-a05e-dff27b2a1031 is not found
2022-04-27 10:52:32,841 [EventQueue-PipelineReportForPipelineReportHandler] INFO  pipeline.PipelineReportHandler (PipelineReportHandler.java:processPipelineReport(113)) - Reported pipeline PipelineID=cf80c735-cb93-438b-a05e-dff27b2a1031 is not found
2022-04-27 10:52:32,935 [FixedThreadPoolWithAffinityExecutor-8-0] WARN  container.ContainerReportHandler (AbstractContainerReportHandler.java:updateContainerState(255)) - Container #4 is in OPEN state, but the datanode 5305b34f-83d0-4be9-8032-f631ee150b78{ip: 10.1.0.29, host: fv-az270-423.tacnzluakwdehk1hpragurqkma.bx.internal.cloudapp.net, ports: [REPLICATION=45903, RATIS=34741, RATIS_ADMIN=34741, RATIS_SERVER=34741, STANDALONE=45233], networkLocation: /default-rack, certSerialId: null, persistedOpState: IN_SERVICE, persistedOpStateExpiryEpochSec: 0} reports an CLOSED replica.
2022-04-27 10:52:32,938 [EventQueue-PipelineReportForPipelineReportHandler] INFO  pipeline.PipelineReportHandler (PipelineReportHandler.java:processPipelineReport(113)) - Reported pipeline PipelineID=cf80c735-cb93-438b-a05e-dff27b2a1031 is not found
2022-04-27 10:52:33,040 [EventQueue-PipelineReportForPipelineReportHandler] INFO  pipeline.PipelineReportHandler (PipelineReportHandler.java:processPipelineReport(113)) - Reported pipeline PipelineID=cf80c735-cb93-438b-a05e-dff27b2a1031 is not found
2022-04-27 10:52:33,177 [EventQueue-PipelineReportForPipelineReportHandler] INFO  pipeline.PipelineReportHandler (PipelineReportHandler.java:processPipelineReport(113)) - Reported pipeline PipelineID=cf80c735-cb93-438b-a05e-dff27b2a1031 is not found
2022-04-27 10:52:33,335 [FixedThreadPoolWithAffinityExecutor-8-0] WARN  container.ContainerReportHandler (AbstractContainerReportHandler.java:updateContainerState(255)) - Container #4 is in OPEN state, but the datanode 5305b34f-83d0-4be9-8032-f631ee150b78{ip: 10.1.0.29, host: fv-az270-423.tacnzluakwdehk1hpragurqkma.bx.internal.cloudapp.net, ports: [REPLICATION=45903, RATIS=34741, RATIS_ADMIN=34741, RATIS_SERVER=34741, STANDALONE=45233], networkLocation: /default-rack, certSerialId: null, persistedOpState: IN_SERVICE, persistedOpStateExpiryEpochSec: 0} reports an CLOSED replica.
2022-04-27 10:52:33,337 [EventQueue-PipelineReportForPipelineReportHandler] INFO  pipeline.PipelineReportHandler (PipelineReportHandler.java:processPipelineReport(113)) - Reported pipeline PipelineID=cf80c735-cb93-438b-a05e-dff27b2a1031 is not found
2022-04-27 10:52:33,441 [EventQueue-PipelineReportForPipelineReportHandler] INFO  pipeline.PipelineReportHandler (PipelineReportHandler.java:processPipelineReport(113)) - Reported pipeline PipelineID=cf80c735-cb93-438b-a05e-dff27b2a1031 is not found
2022-04-27 10:52:33,535 [FixedThreadPoolWithAffinityExecutor-9-0] WARN  container.ContainerReportHandler (AbstractContainerReportHandler.java:updateContainerState(255)) - Container #4 is in OPEN state, but the datanode 5305b34f-83d0-4be9-8032-f631ee150b78{ip: 10.1.0.29, host: fv-az270-423.tacnzluakwdehk1hpragurqkma.bx.internal.cloudapp.net, ports: [REPLICATION=45903, RATIS=34741, RATIS_ADMIN=34741, RATIS_SERVER=34741, STANDALONE=45233], networkLocation: /default-rack, certSerialId: null, persistedOpState: IN_SERVICE, persistedOpStateExpiryEpochSec: 0} reports an CLOSED replica.
2022-04-27 10:52:33,577 [EventQueue-PipelineReportForPipelineReportHandler] INFO  pipeline.PipelineReportHandler (PipelineReportHandler.java:processPipelineReport(113)) - Reported pipeline PipelineID=cf80c735-cb93-438b-a05e-dff27b2a1031 is not found
2022-04-27 10:52:33,737 [EventQueue-PipelineReportForPipelineReportHandler] INFO  pipeline.PipelineReportHandler (PipelineReportHandler.java:processPipelineReport(113)) - Reported pipeline PipelineID=cf80c735-cb93-438b-a05e-dff27b2a1031 is not found
2022-04-27 10:52:33,777 [EventQueue-PipelineReportForPipelineReportHandler] INFO  pipeline.PipelineReportHandler (PipelineReportHandler.java:processPipelineReport(113)) - Reported pipeline PipelineID=cf80c735-cb93-438b-a05e-dff27b2a1031 is not found
2022-04-27 10:52:33,841 [EventQueue-PipelineReportForPipelineReportHandler] INFO  pipeline.PipelineReportHandler (PipelineReportHandler.java:processPipelineReport(113)) - Reported pipeline PipelineID=cf80c735-cb93-438b-a05e-dff27b2a1031 is not found
2022-04-27 10:52:33,935 [FixedThreadPoolWithAffinityExecutor-8-0] WARN  container.ContainerReportHandler (AbstractContainerReportHandler.java:updateContainerState(255)) - Container #4 is in OPEN state, but the datanode 5305b34f-83d0-4be9-8032-f631ee150b78{ip: 10.1.0.29, host: fv-az270-423.tacnzluakwdehk1hpragurqkma.bx.internal.cloudapp.net, ports: [REPLICATION=45903, RATIS=34741, RATIS_ADMIN=34741, RATIS_SERVER=34741, STANDALONE=45233], networkLocation: /default-rack, certSerialId: null, persistedOpState: IN_SERVICE, persistedOpStateExpiryEpochSec: 0} reports an CLOSED replica.
2022-04-27 10:52:33,938 [EventQueue-PipelineReportForPipelineReportHandler] INFO  pipeline.PipelineReportHandler (PipelineReportHandler.java:processPipelineReport(113)) - Reported pipeline PipelineID=cf80c735-cb93-438b-a05e-dff27b2a1031 is not found
2022-04-27 10:52:33,976 [EventQueue-PipelineReportForPipelineReportHandler] INFO  pipeline.PipelineReportHandler (PipelineReportHandler.java:processPipelineReport(113)) - Reported pipeline PipelineID=cf80c735-cb93-438b-a05e-dff27b2a1031 is not found
2022-04-27 10:52:34,041 [EventQueue-PipelineReportForPipelineReportHandler] INFO  pipeline.PipelineReportHandler (PipelineReportHandler.java:processPipelineReport(113)) - Reported pipeline PipelineID=cf80c735-cb93-438b-a05e-dff27b2a1031 is not found
2022-04-27 10:52:34,135 [FixedThreadPoolWithAffinityExecutor-9-0] WARN  container.ContainerReportHandler (AbstractContainerReportHandler.java:updateContainerState(255)) - Container #4 is in OPEN state, but the datanode 5305b34f-83d0-4be9-8032-f631ee150b78{ip: 10.1.0.29, host: fv-az270-423.tacnzluakwdehk1hpragurqkma.bx.internal.cloudapp.net, ports: [REPLICATION=45903, RATIS=34741, RATIS_ADMIN=34741, RATIS_SERVER=34741, STANDALONE=45233], networkLocation: /default-rack, certSerialId: null, persistedOpState: IN_SERVICE, persistedOpStateExpiryEpochSec: 0} reports an CLOSED replica.
2022-04-27 10:52:34,138 [EventQueue-PipelineReportForPipelineReportHandler] INFO  pipeline.PipelineReportHandler (PipelineReportHandler.java:processPipelineReport(113)) - Reported pipeline PipelineID=cf80c735-cb93-438b-a05e-dff27b2a1031 is not found
2022-04-27 10:52:34,378 [EventQueue-PipelineReportForPipelineReportHandler] INFO  pipeline.PipelineReportHandler (PipelineReportHandler.java:processPipelineReport(113)) - Reported pipeline PipelineID=cf80c735-cb93-438b-a05e-dff27b2a1031 is not found
2022-04-27 10:52:34,440 [EventQueue-PipelineReportForPipelineReportHandler] INFO  pipeline.PipelineReportHandler (PipelineReportHandler.java:processPipelineReport(113)) - Reported pipeline PipelineID=cf80c735-cb93-438b-a05e-dff27b2a1031 is not found
2022-04-27 10:52:34,536 [FixedThreadPoolWithAffinityExecutor-1-0] WARN  container.ContainerReportHandler (AbstractContainerReportHandler.java:updateContainerState(255)) - Container #4 is in OPEN state, but the datanode 5305b34f-83d0-4be9-8032-f631ee150b78{ip: 10.1.0.29, host: fv-az270-423.tacnzluakwdehk1hpragurqkma.bx.internal.cloudapp.net, ports: [REPLICATION=45903, RATIS=34741, RATIS_ADMIN=34741, RATIS_SERVER=34741, STANDALONE=45233], networkLocation: /default-rack, certSerialId: null, persistedOpState: IN_SERVICE, persistedOpStateExpiryEpochSec: 0} reports an CLOSED replica.
2022-04-27 10:52:34,538 [EventQueue-PipelineReportForPipelineReportHandler] INFO  pipeline.PipelineReportHandler (PipelineReportHandler.java:processPipelineReport(113)) - Reported pipeline PipelineID=cf80c735-cb93-438b-a05e-dff27b2a1031 is not found
2022-04-27 10:52:34,641 [EventQueue-PipelineReportForPipelineReportHandler] INFO  pipeline.PipelineReportHandler (PipelineReportHandler.java:processPipelineReport(113)) - Reported pipeline PipelineID=cf80c735-cb93-438b-a05e-dff27b2a1031 is not found
2022-04-27 10:52:34,735 [FixedThreadPoolWithAffinityExecutor-9-0] WARN  container.ContainerReportHandler (AbstractContainerReportHandler.java:updateContainerState(255)) - Container #4 is in OPEN state, but the datanode 5305b34f-83d0-4be9-8032-f631ee150b78{ip: 10.1.0.29, host: fv-az270-423.tacnzluakwdehk1hpragurqkma.bx.internal.cloudapp.net, ports: [REPLICATION=45903, RATIS=34741, RATIS_ADMIN=34741, RATIS_SERVER=34741, STANDALONE=45233], networkLocation: /default-rack, certSerialId: null, persistedOpState: IN_SERVICE, persistedOpStateExpiryEpochSec: 0} reports an CLOSED replica.
2022-04-27 10:52:34,739 [EventQueue-PipelineReportForPipelineReportHandler] INFO  pipeline.PipelineReportHandler (PipelineReportHandler.java:processPipelineReport(113)) - Reported pipeline PipelineID=cf80c735-cb93-438b-a05e-dff27b2a1031 is not found
2022-04-27 10:52:34,778 [EventQueue-PipelineReportForPipelineReportHandler] INFO  pipeline.PipelineReportHandler (PipelineReportHandler.java:processPipelineReport(113)) - Reported pipeline PipelineID=cf80c735-cb93-438b-a05e-dff27b2a1031 is not found
2022-04-27 10:52:34,935 [FixedThreadPoolWithAffinityExecutor-1-0] WARN  container.ContainerReportHandler (AbstractContainerReportHandler.java:updateContainerState(255)) - Container #4 is in OPEN state, but the datanode 5305b34f-83d0-4be9-8032-f631ee150b78{ip: 10.1.0.29, host: fv-az270-423.tacnzluakwdehk1hpragurqkma.bx.internal.cloudapp.net, ports: [REPLICATION=45903, RATIS=34741, RATIS_ADMIN=34741, RATIS_SERVER=34741, STANDALONE=45233], networkLocation: /default-rack, certSerialId: null, persistedOpState: IN_SERVICE, persistedOpStateExpiryEpochSec: 0} reports an CLOSED replica.
2022-04-27 10:52:34,978 [EventQueue-PipelineReportForPipelineReportHandler] INFO  pipeline.PipelineReportHandler (PipelineReportHandler.java:processPipelineReport(113)) - Reported pipeline PipelineID=cf80c735-cb93-438b-a05e-dff27b2a1031 is not found
2022-04-27 10:52:35,041 [EventQueue-PipelineReportForPipelineReportHandler] INFO  pipeline.PipelineReportHandler (PipelineReportHandler.java:processPipelineReport(113)) - Reported pipeline PipelineID=cf80c735-cb93-438b-a05e-dff27b2a1031 is not found
2022-04-27 10:52:35,139 [EventQueue-PipelineReportForPipelineReportHandler] INFO  pipeline.PipelineReportHandler (PipelineReportHandler.java:processPipelineReport(113)) - Reported pipeline PipelineID=cf80c735-cb93-438b-a05e-dff27b2a1031 is not found
2022-04-27 10:52:35,242 [EventQueue-PipelineReportForPipelineReportHandler] INFO  pipeline.PipelineReportHandler (PipelineReportHandler.java:processPipelineReport(113)) - Reported pipeline PipelineID=cf80c735-cb93-438b-a05e-dff27b2a1031 is not found
2022-04-27 10:52:35,335 [FixedThreadPoolWithAffinityExecutor-9-0] WARN  container.ContainerReportHandler (AbstractContainerReportHandler.java:updateContainerState(255)) - Container #4 is in OPEN state, but the datanode 5305b34f-83d0-4be9-8032-f631ee150b78{ip: 10.1.0.29, host: fv-az270-423.tacnzluakwdehk1hpragurqkma.bx.internal.cloudapp.net, ports: [REPLICATION=45903, RATIS=34741, RATIS_ADMIN=34741, RATIS_SERVER=34741, STANDALONE=45233], networkLocation: /default-rack, certSerialId: null, persistedOpState: IN_SERVICE, persistedOpStateExpiryEpochSec: 0} reports an CLOSED replica.
2022-04-27 10:52:35,378 [EventQueue-PipelineReportForPipelineReportHandler] INFO  pipeline.PipelineReportHandler (PipelineReportHandler.java:processPipelineReport(113)) - Reported pipeline PipelineID=cf80c735-cb93-438b-a05e-dff27b2a1031 is not found
2022-04-27 10:52:35,535 [FixedThreadPoolWithAffinityExecutor-0-0] WARN  container.ContainerReportHandler (AbstractContainerReportHandler.java:updateContainerState(255)) - Container #4 is in OPEN state, but the datanode 5305b34f-83d0-4be9-8032-f631ee150b78{ip: 10.1.0.29, host: fv-az270-423.tacnzluakwdehk1hpragurqkma.bx.internal.cloudapp.net, ports: [REPLICATION=45903, RATIS=34741, RATIS_ADMIN=34741, RATIS_SERVER=34741, STANDALONE=45233], networkLocation: /default-rack, certSerialId: null, persistedOpState: IN_SERVICE, persistedOpStateExpiryEpochSec: 0} reports an CLOSED replica.
2022-04-27 10:52:35,539 [EventQueue-PipelineReportForPipelineReportHandler] INFO  pipeline.PipelineReportHandler (PipelineReportHandler.java:processPipelineReport(113)) - Reported pipeline PipelineID=cf80c735-cb93-438b-a05e-dff27b2a1031 is not found
2022-04-27 10:52:35,578 [EventQueue-PipelineReportForPipelineReportHandler] INFO  pipeline.PipelineReportHandler (PipelineReportHandler.java:processPipelineReport(113)) - Reported pipeline PipelineID=cf80c735-cb93-438b-a05e-dff27b2a1031 is not found
2022-04-27 10:52:35,640 [EventQueue-PipelineReportForPipelineReportHandler] INFO  pipeline.PipelineReportHandler (PipelineReportHandler.java:processPipelineReport(113)) - Reported pipeline PipelineID=cf80c735-cb93-438b-a05e-dff27b2a1031 is not found
2022-04-27 10:52:35,740 [EventQueue-PipelineReportForPipelineReportHandler] INFO  pipeline.PipelineReportHandler (PipelineReportHandler.java:processPipelineReport(113)) - Reported pipeline PipelineID=cf80c735-cb93-438b-a05e-dff27b2a1031 is not found
2022-04-27 10:52:35,778 [EventQueue-PipelineReportForPipelineReportHandler] INFO  pipeline.PipelineReportHandler (PipelineReportHandler.java:processPipelineReport(113)) - Reported pipeline PipelineID=cf80c735-cb93-438b-a05e-dff27b2a1031 is not found
2022-04-27 10:52:35,841 [EventQueue-PipelineReportForPipelineReportHandler] INFO  pipeline.PipelineReportHandler (PipelineReportHandler.java:processPipelineReport(113)) - Reported pipeline PipelineID=cf80c735-cb93-438b-a05e-dff27b2a1031 is not found
2022-04-27 10:52:35,943 [FixedThreadPoolWithAffinityExecutor-0-0] WARN  container.ContainerReportHandler (AbstractContainerReportHandler.java:updateContainerState(255)) - Container #4 is in OPEN state, but the datanode 5305b34f-83d0-4be9-8032-f631ee150b78{ip: 10.1.0.29, host: fv-az270-423.tacnzluakwdehk1hpragurqkma.bx.internal.cloudapp.net, ports: [REPLICATION=45903, RATIS=34741, RATIS_ADMIN=34741, RATIS_SERVER=34741, STANDALONE=45233], networkLocation: /default-rack, certSerialId: null, persistedOpState: IN_SERVICE, persistedOpStateExpiryEpochSec: 0} reports an CLOSED replica.
2022-04-27 10:52:36,041 [EventQueue-PipelineReportForPipelineReportHandler] INFO  pipeline.PipelineReportHandler (PipelineReportHandler.java:processPipelineReport(113)) - Reported pipeline PipelineID=cf80c735-cb93-438b-a05e-dff27b2a1031 is not found
2022-04-27 10:52:36,142 [EventQueue-PipelineReportForPipelineReportHandler] INFO  pipeline.PipelineReportHandler (PipelineReportHandler.java:processPipelineReport(113)) - Reported pipeline PipelineID=cf80c735-cb93-438b-a05e-dff27b2a1031 is not found
2022-04-27 10:52:36,143 [FixedThreadPoolWithAffinityExecutor-9-0] WARN  container.ContainerReportHandler (AbstractContainerReportHandler.java:updateContainerState(255)) - Container #4 is in OPEN state, but the datanode 5305b34f-83d0-4be9-8032-f631ee150b78{ip: 10.1.0.29, host: fv-az270-423.tacnzluakwdehk1hpragurqkma.bx.internal.cloudapp.net, ports: [REPLICATION=45903, RATIS=34741, RATIS_ADMIN=34741, RATIS_SERVER=34741, STANDALONE=45233], networkLocation: /default-rack, certSerialId: null, persistedOpState: IN_SERVICE, persistedOpStateExpiryEpochSec: 0} reports an CLOSED replica.
2022-04-27 10:52:36,178 [EventQueue-PipelineReportForPipelineReportHandler] INFO  pipeline.PipelineReportHandler (PipelineReportHandler.java:processPipelineReport(113)) - Reported pipeline PipelineID=cf80c735-cb93-438b-a05e-dff27b2a1031 is not found
2022-04-27 10:52:36,341 [EventQueue-PipelineReportForPipelineReportHandler] INFO  pipeline.PipelineReportHandler (PipelineReportHandler.java:processPipelineReport(113)) - Reported pipeline PipelineID=cf80c735-cb93-438b-a05e-dff27b2a1031 is not found
2022-04-27 10:52:36,343 [FixedThreadPoolWithAffinityExecutor-1-0] WARN  container.ContainerReportHandler (AbstractContainerReportHandler.java:updateContainerState(255)) - Container #4 is in OPEN state, but the datanode 5305b34f-83d0-4be9-8032-f631ee150b78{ip: 10.1.0.29, host: fv-az270-423.tacnzluakwdehk1hpragurqkma.bx.internal.cloudapp.net, ports: [REPLICATION=45903, RATIS=34741, RATIS_ADMIN=34741, RATIS_SERVER=34741, STANDALONE=45233], networkLocation: /default-rack, certSerialId: null, persistedOpState: IN_SERVICE, persistedOpStateExpiryEpochSec: 0} reports an CLOSED replica.
2022-04-27 10:52:36,441 [EventQueue-PipelineReportForPipelineReportHandler] INFO  pipeline.PipelineReportHandler (PipelineReportHandler.java:processPipelineReport(113)) - Reported pipeline PipelineID=cf80c735-cb93-438b-a05e-dff27b2a1031 is not found
2022-04-27 10:52:36,578 [EventQueue-PipelineReportForPipelineReportHandler] INFO  pipeline.PipelineReportHandler (PipelineReportHandler.java:processPipelineReport(113)) - Reported pipeline PipelineID=cf80c735-cb93-438b-a05e-dff27b2a1031 is not found
2022-04-27 10:52:36,742 [EventQueue-PipelineReportForPipelineReportHandler] INFO  pipeline.PipelineReportHandler (PipelineReportHandler.java:processPipelineReport(113)) - Reported pipeline PipelineID=cf80c735-cb93-438b-a05e-dff27b2a1031 is not found
2022-04-27 10:52:36,743 [FixedThreadPoolWithAffinityExecutor-9-0] WARN  container.ContainerReportHandler (AbstractContainerReportHandler.java:updateContainerState(255)) - Container #4 is in OPEN state, but the datanode 5305b34f-83d0-4be9-8032-f631ee150b78{ip: 10.1.0.29, host: fv-az270-423.tacnzluakwdehk1hpragurqkma.bx.internal.cloudapp.net, ports: [REPLICATION=45903, RATIS=34741, RATIS_ADMIN=34741, RATIS_SERVER=34741, STANDALONE=45233], networkLocation: /default-rack, certSerialId: null, persistedOpState: IN_SERVICE, persistedOpStateExpiryEpochSec: 0} reports an CLOSED replica.
2022-04-27 10:52:36,778 [EventQueue-PipelineReportForPipelineReportHandler] INFO  pipeline.PipelineReportHandler (PipelineReportHandler.java:processPipelineReport(113)) - Reported pipeline PipelineID=cf80c735-cb93-438b-a05e-dff27b2a1031 is not found
2022-04-27 10:52:36,841 [EventQueue-PipelineReportForPipelineReportHandler] INFO  pipeline.PipelineReportHandler (PipelineReportHandler.java:processPipelineReport(113)) - Reported pipeline PipelineID=cf80c735-cb93-438b-a05e-dff27b2a1031 is not found
2022-04-27 10:52:36,942 [EventQueue-PipelineReportForPipelineReportHandler] INFO  pipeline.PipelineReportHandler (PipelineReportHandler.java:processPipelineReport(113)) - Reported pipeline PipelineID=cf80c735-cb93-438b-a05e-dff27b2a1031 is not found
2022-04-27 10:52:36,943 [FixedThreadPoolWithAffinityExecutor-1-0] WARN  container.ContainerReportHandler (AbstractContainerReportHandler.java:updateContainerState(255)) - Container #4 is in OPEN state, but the datanode 5305b34f-83d0-4be9-8032-f631ee150b78{ip: 10.1.0.29, host: fv-az270-423.tacnzluakwdehk1hpragurqkma.bx.internal.cloudapp.net, ports: [REPLICATION=45903, RATIS=34741, RATIS_ADMIN=34741, RATIS_SERVER=34741, STANDALONE=45233], networkLocation: /default-rack, certSerialId: null, persistedOpState: IN_SERVICE, persistedOpStateExpiryEpochSec: 0} reports an CLOSED replica.
2022-04-27 10:52:36,977 [EventQueue-PipelineReportForPipelineReportHandler] INFO  pipeline.PipelineReportHandler (PipelineReportHandler.java:processPipelineReport(113)) - Reported pipeline PipelineID=cf80c735-cb93-438b-a05e-dff27b2a1031 is not found
2022-04-27 10:52:37,142 [EventQueue-PipelineReportForPipelineReportHandler] INFO  pipeline.PipelineReportHandler (PipelineReportHandler.java:processPipelineReport(113)) - Reported pipeline PipelineID=cf80c735-cb93-438b-a05e-dff27b2a1031 is not found
2022-04-27 10:52:37,143 [FixedThreadPoolWithAffinityExecutor-0-0] WARN  container.ContainerReportHandler (AbstractContainerReportHandler.java:updateContainerState(255)) - Container #4 is in OPEN state, but the datanode 5305b34f-83d0-4be9-8032-f631ee150b78{ip: 10.1.0.29, host: fv-az270-423.tacnzluakwdehk1hpragurqkma.bx.internal.cloudapp.net, ports: [REPLICATION=45903, RATIS=34741, RATIS_ADMIN=34741, RATIS_SERVER=34741, STANDALONE=45233], networkLocation: /default-rack, certSerialId: null, persistedOpState: IN_SERVICE, persistedOpStateExpiryEpochSec: 0} reports an CLOSED replica.
2022-04-27 10:52:37,178 [EventQueue-PipelineReportForPipelineReportHandler] INFO  pipeline.PipelineReportHandler (PipelineReportHandler.java:processPipelineReport(113)) - Reported pipeline PipelineID=cf80c735-cb93-438b-a05e-dff27b2a1031 is not found
2022-04-27 10:52:37,240 [EventQueue-PipelineReportForPipelineReportHandler] INFO  pipeline.PipelineReportHandler (PipelineReportHandler.java:processPipelineReport(113)) - Reported pipeline PipelineID=cf80c735-cb93-438b-a05e-dff27b2a1031 is not found
2022-04-27 10:52:37,441 [EventQueue-PipelineReportForPipelineReportHandler] INFO  pipeline.PipelineReportHandler (PipelineReportHandler.java:processPipelineReport(113)) - Reported pipeline PipelineID=cf80c735-cb93-438b-a05e-dff27b2a1031 is not found
2022-04-27 10:52:37,542 [EventQueue-PipelineReportForPipelineReportHandler] INFO  pipeline.PipelineReportHandler (PipelineReportHandler.java:processPipelineReport(113)) - Reported pipeline PipelineID=cf80c735-cb93-438b-a05e-dff27b2a1031 is not found
2022-04-27 10:52:37,543 [FixedThreadPoolWithAffinityExecutor-9-0] WARN  container.ContainerReportHandler (AbstractContainerReportHandler.java:updateContainerState(255)) - Container #4 is in OPEN state, but the datanode 5305b34f-83d0-4be9-8032-f631ee150b78{ip: 10.1.0.29, host: fv-az270-423.tacnzluakwdehk1hpragurqkma.bx.internal.cloudapp.net, ports: [REPLICATION=45903, RATIS=34741, RATIS_ADMIN=34741, RATIS_SERVER=34741, STANDALONE=45233], networkLocation: /default-rack, certSerialId: null, persistedOpState: IN_SERVICE, persistedOpStateExpiryEpochSec: 0} reports an CLOSED replica.
2022-04-27 10:52:37,578 [EventQueue-PipelineReportForPipelineReportHandler] INFO  pipeline.PipelineReportHandler (PipelineReportHandler.java:processPipelineReport(113)) - Reported pipeline PipelineID=cf80c735-cb93-438b-a05e-dff27b2a1031 is not found
2022-04-27 10:52:37,744 [FixedThreadPoolWithAffinityExecutor-1-0] WARN  container.ContainerReportHandler (AbstractContainerReportHandler.java:updateContainerState(255)) - Container #4 is in OPEN state, but the datanode 5305b34f-83d0-4be9-8032-f631ee150b78{ip: 10.1.0.29, host: fv-az270-423.tacnzluakwdehk1hpragurqkma.bx.internal.cloudapp.net, ports: [REPLICATION=45903, RATIS=34741, RATIS_ADMIN=34741, RATIS_SERVER=34741, STANDALONE=45233], networkLocation: /default-rack, certSerialId: null, persistedOpState: IN_SERVICE, persistedOpStateExpiryEpochSec: 0} reports an CLOSED replica.
2022-04-27 10:52:37,779 [EventQueue-PipelineReportForPipelineReportHandler] INFO  pipeline.PipelineReportHandler (PipelineReportHandler.java:processPipelineReport(113)) - Reported pipeline PipelineID=cf80c735-cb93-438b-a05e-dff27b2a1031 is not found
2022-04-27 10:52:37,841 [EventQueue-PipelineReportForPipelineReportHandler] INFO  pipeline.PipelineReportHandler (PipelineReportHandler.java:processPipelineReport(113)) - Reported pipeline PipelineID=cf80c735-cb93-438b-a05e-dff27b2a1031 is not found
2022-04-27 10:52:37,942 [EventQueue-PipelineReportForPipelineReportHandler] INFO  pipeline.PipelineReportHandler (PipelineReportHandler.java:processPipelineReport(113)) - Reported pipeline PipelineID=cf80c735-cb93-438b-a05e-dff27b2a1031 is not found
2022-04-27 10:52:37,978 [EventQueue-PipelineReportForPipelineReportHandler] INFO  pipeline.PipelineReportHandler (PipelineReportHandler.java:processPipelineReport(113)) - Reported pipeline PipelineID=cf80c735-cb93-438b-a05e-dff27b2a1031 is not found
2022-04-27 10:52:38,013 [Listener at 127.0.0.1/43313] WARN  io.KeyOutputStream (KeyOutputStream.java:handleException(309)) - Encountered exception java.io.IOException: Unexpected Storage Container Exception: java.util.concurrent.CompletionException: Failed to write chunk 109611004723200005_chunk_2 into block conID: 5 locID: 109611004723200005 bcsId: 2 on the pipeline Pipeline[ Id: 7b30fe29-44b7-4f18-b2bd-b437493561cc, Nodes: b4543bad-81d3-4f1d-9fc6-5e97dcd2d8eb{ip: 10.1.0.29, host: fv-az270-423.tacnzluakwdehk1hpragurqkma.bx.internal.cloudapp.net, ports: [REPLICATION=41789, RATIS=41129, RATIS_ADMIN=41129, RATIS_SERVER=41129, STANDALONE=36927], networkLocation: /default-rack, certSerialId: null, persistedOpState: IN_SERVICE, persistedOpStateExpiryEpochSec: 0}, ReplicationConfig: RATIS/ONE, State:OPEN, leaderId:b4543bad-81d3-4f1d-9fc6-5e97dcd2d8eb, CreationTimestamp2022-04-27T10:51:54.904Z[Etc/UTC]]. The last committed block length is 5, uncommitted data length is 5 retry count 0
2022-04-27 10:52:38,114 [fc150688-1f76-4ec0-a672-aaf91f0753c3@group-88DB927C3E3A-StateMachineUpdater] INFO  ratis.ContainerStateMachine (ContainerStateMachine.java:takeSnapshot(304)) - group-88DB927C3E3A: Taking a snapshot at:(t:1, i:1) file /home/runner/work/ozone/ozone/hadoop-ozone/integration-test/target/test-dir/MiniOzoneClusterImpl-6fb830c9-5413-49cc-a625-6cf41c4e5c97/datanode-8/data/ratis/f3c8c0c5-a3de-4190-961f-88db927c3e3a/sm/snapshot.1_1
2022-04-27 10:52:38,115 [fc150688-1f76-4ec0-a672-aaf91f0753c3@group-88DB927C3E3A-StateMachineUpdater] INFO  ratis.ContainerStateMachine (ContainerStateMachine.java:takeSnapshot(315)) - group-88DB927C3E3A: Finished taking a snapshot at:(t:1, i:1) file:/home/runner/work/ozone/ozone/hadoop-ozone/integration-test/target/test-dir/MiniOzoneClusterImpl-6fb830c9-5413-49cc-a625-6cf41c4e5c97/datanode-8/data/ratis/f3c8c0c5-a3de-4190-961f-88db927c3e3a/sm/snapshot.1_1 took: 1 ms
2022-04-27 10:52:38,116 [fc150688-1f76-4ec0-a672-aaf91f0753c3@group-88DB927C3E3A-StateMachineUpdater] INFO  impl.StateMachineUpdater (StateMachineUpdater.java:takeSnapshot(281)) - fc150688-1f76-4ec0-a672-aaf91f0753c3@group-88DB927C3E3A-StateMachineUpdater: Took a snapshot at index 1
2022-04-27 10:52:38,116 [fc150688-1f76-4ec0-a672-aaf91f0753c3@group-88DB927C3E3A-StateMachineUpdater] INFO  impl.StateMachineUpdater (StateMachineUpdater.java:lambda$new$0(89)) - fc150688-1f76-4ec0-a672-aaf91f0753c3@group-88DB927C3E3A-StateMachineUpdater: snapshotIndex: updateIncreasingly 0 -> 1
2022-04-27 10:52:38,116 [fc150688-1f76-4ec0-a672-aaf91f0753c3@group-88DB927C3E3A-StateMachineUpdater] INFO  ratis.ContainerStateMachine (ContainerStateMachine.java:takeSnapshot(304)) - group-88DB927C3E3A: Taking a snapshot at:(t:1, i:3) file /home/runner/work/ozone/ozone/hadoop-ozone/integration-test/target/test-dir/MiniOzoneClusterImpl-6fb830c9-5413-49cc-a625-6cf41c4e5c97/datanode-8/data/ratis/f3c8c0c5-a3de-4190-961f-88db927c3e3a/sm/snapshot.1_3
2022-04-27 10:52:38,117 [fc150688-1f76-4ec0-a672-aaf91f0753c3@group-88DB927C3E3A-StateMachineUpdater] INFO  ratis.ContainerStateMachine (ContainerStateMachine.java:takeSnapshot(315)) - group-88DB927C3E3A: Finished taking a snapshot at:(t:1, i:3) file:/home/runner/work/ozone/ozone/hadoop-ozone/integration-test/target/test-dir/MiniOzoneClusterImpl-6fb830c9-5413-49cc-a625-6cf41c4e5c97/datanode-8/data/ratis/f3c8c0c5-a3de-4190-961f-88db927c3e3a/sm/snapshot.1_3 took: 1 ms
2022-04-27 10:52:38,117 [fc150688-1f76-4ec0-a672-aaf91f0753c3@group-88DB927C3E3A-StateMachineUpdater] INFO  impl.StateMachineUpdater (StateMachineUpdater.java:takeSnapshot(281)) - fc150688-1f76-4ec0-a672-aaf91f0753c3@group-88DB927C3E3A-StateMachineUpdater: Took a snapshot at index 3
2022-04-27 10:52:38,117 [fc150688-1f76-4ec0-a672-aaf91f0753c3@group-88DB927C3E3A-StateMachineUpdater] INFO  impl.StateMachineUpdater (StateMachineUpdater.java:lambda$new$0(89)) - fc150688-1f76-4ec0-a672-aaf91f0753c3@group-88DB927C3E3A-StateMachineUpdater: snapshotIndex: updateIncreasingly 1 -> 3
2022-04-27 10:52:38,142 [FixedThreadPoolWithAffinityExecutor-1-0] WARN  container.ContainerReportHandler (AbstractContainerReportHandler.java:updateContainerState(255)) - Container #4 is in OPEN state, but the datanode 5305b34f-83d0-4be9-8032-f631ee150b78{ip: 10.1.0.29, host: fv-az270-423.tacnzluakwdehk1hpragurqkma.bx.internal.cloudapp.net, ports: [REPLICATION=45903, RATIS=34741, RATIS_ADMIN=34741, RATIS_SERVER=34741, STANDALONE=45233], networkLocation: /default-rack, certSerialId: null, persistedOpState: IN_SERVICE, persistedOpStateExpiryEpochSec: 0} reports an CLOSED replica.
2022-04-27 10:52:38,242 [EventQueue-PipelineReportForPipelineReportHandler] INFO  pipeline.PipelineReportHandler (PipelineReportHandler.java:processPipelineReport(113)) - Reported pipeline PipelineID=cf80c735-cb93-438b-a05e-dff27b2a1031 is not found
2022-04-27 10:52:38,342 [EventQueue-PipelineReportForPipelineReportHandler] INFO  pipeline.PipelineReportHandler (PipelineReportHandler.java:processPipelineReport(113)) - Reported pipeline PipelineID=cf80c735-cb93-438b-a05e-dff27b2a1031 is not found
2022-04-27 10:52:38,378 [EventQueue-PipelineReportForPipelineReportHandler] INFO  pipeline.PipelineReportHandler (PipelineReportHandler.java:processPipelineReport(113)) - Reported pipeline PipelineID=cf80c735-cb93-438b-a05e-dff27b2a1031 is not found
2022-04-27 10:52:38,542 [EventQueue-PipelineReportForPipelineReportHandler] INFO  pipeline.PipelineReportHandler (PipelineReportHandler.java:processPipelineReport(113)) - Reported pipeline PipelineID=cf80c735-cb93-438b-a05e-dff27b2a1031 is not found
2022-04-27 10:52:38,543 [FixedThreadPoolWithAffinityExecutor-1-0] WARN  container.ContainerReportHandler (AbstractContainerReportHandler.java:updateContainerState(255)) - Container #4 is in OPEN state, but the datanode 5305b34f-83d0-4be9-8032-f631ee150b78{ip: 10.1.0.29, host: fv-az270-423.tacnzluakwdehk1hpragurqkma.bx.internal.cloudapp.net, ports: [REPLICATION=45903, RATIS=34741, RATIS_ADMIN=34741, RATIS_SERVER=34741, STANDALONE=45233], networkLocation: /default-rack, certSerialId: null, persistedOpState: IN_SERVICE, persistedOpStateExpiryEpochSec: 0} reports an CLOSED replica.
2022-04-27 10:52:38,643 [EventQueue-PipelineReportForPipelineReportHandler] INFO  pipeline.PipelineReportHandler (PipelineReportHandler.java:processPipelineReport(113)) - Reported pipeline PipelineID=cf80c735-cb93-438b-a05e-dff27b2a1031 is not found
2022-04-27 10:52:38,743 [FixedThreadPoolWithAffinityExecutor-8-0] WARN  container.ContainerReportHandler (AbstractContainerReportHandler.java:updateContainerState(255)) - Container #4 is in OPEN state, but the datanode 5305b34f-83d0-4be9-8032-f631ee150b78{ip: 10.1.0.29, host: fv-az270-423.tacnzluakwdehk1hpragurqkma.bx.internal.cloudapp.net, ports: [REPLICATION=45903, RATIS=34741, RATIS_ADMIN=34741, RATIS_SERVER=34741, STANDALONE=45233], networkLocation: /default-rack, certSerialId: null, persistedOpState: IN_SERVICE, persistedOpStateExpiryEpochSec: 0} reports an CLOSED replica.
2022-04-27 10:52:38,777 [EventQueue-PipelineReportForPipelineReportHandler] INFO  pipeline.PipelineReportHandler (PipelineReportHandler.java:processPipelineReport(113)) - Reported pipeline PipelineID=cf80c735-cb93-438b-a05e-dff27b2a1031 is not found
2022-04-27 10:52:38,843 [EventQueue-PipelineReportForPipelineReportHandler] INFO  pipeline.PipelineReportHandler (PipelineReportHandler.java:processPipelineReport(113)) - Reported pipeline PipelineID=cf80c735-cb93-438b-a05e-dff27b2a1031 is not found
2022-04-27 10:52:38,942 [EventQueue-PipelineReportForPipelineReportHandler] INFO  pipeline.PipelineReportHandler (PipelineReportHandler.java:processPipelineReport(113)) - Reported pipeline PipelineID=cf80c735-cb93-438b-a05e-dff27b2a1031 is not found
2022-04-27 10:52:38,943 [FixedThreadPoolWithAffinityExecutor-8-0] WARN  container.ContainerReportHandler (AbstractContainerReportHandler.java:updateContainerState(255)) - Container #4 is in OPEN state, but the datanode 5305b34f-83d0-4be9-8032-f631ee150b78{ip: 10.1.0.29, host: fv-az270-423.tacnzluakwdehk1hpragurqkma.bx.internal.cloudapp.net, ports: [REPLICATION=45903, RATIS=34741, RATIS_ADMIN=34741, RATIS_SERVER=34741, STANDALONE=45233], networkLocation: /default-rack, certSerialId: null, persistedOpState: IN_SERVICE, persistedOpStateExpiryEpochSec: 0} reports an CLOSED replica.
2022-04-27 10:52:38,978 [EventQueue-PipelineReportForPipelineReportHandler] INFO  pipeline.PipelineReportHandler (PipelineReportHandler.java:processPipelineReport(113)) - Reported pipeline PipelineID=cf80c735-cb93-438b-a05e-dff27b2a1031 is not found
2022-04-27 10:52:39,180 [EventQueue-PipelineReportForPipelineReportHandler] INFO  pipeline.PipelineReportHandler (PipelineReportHandler.java:processPipelineReport(113)) - Reported pipeline PipelineID=cf80c735-cb93-438b-a05e-dff27b2a1031 is not found
2022-04-27 10:52:39,244 [EventQueue-PipelineReportForPipelineReportHandler] INFO  pipeline.PipelineReportHandler (PipelineReportHandler.java:processPipelineReport(113)) - Reported pipeline PipelineID=cf80c735-cb93-438b-a05e-dff27b2a1031 is not found
2022-04-27 10:52:39,341 [EventQueue-PipelineReportForPipelineReportHandler] INFO  pipeline.PipelineReportHandler (PipelineReportHandler.java:processPipelineReport(113)) - Reported pipeline PipelineID=cf80c735-cb93-438b-a05e-dff27b2a1031 is not found
2022-04-27 10:52:39,343 [FixedThreadPoolWithAffinityExecutor-0-0] WARN  container.ContainerReportHandler (AbstractContainerReportHandler.java:updateContainerState(255)) - Container #4 is in OPEN state, but the datanode 5305b34f-83d0-4be9-8032-f631ee150b78{ip: 10.1.0.29, host: fv-az270-423.tacnzluakwdehk1hpragurqkma.bx.internal.cloudapp.net, ports: [REPLICATION=45903, RATIS=34741, RATIS_ADMIN=34741, RATIS_SERVER=34741, STANDALONE=45233], networkLocation: /default-rack, certSerialId: null, persistedOpState: IN_SERVICE, persistedOpStateExpiryEpochSec: 0} reports an CLOSED replica.
2022-04-27 10:52:39,443 [EventQueue-PipelineReportForPipelineReportHandler] INFO  pipeline.PipelineReportHandler (PipelineReportHandler.java:processPipelineReport(113)) - Reported pipeline PipelineID=cf80c735-cb93-438b-a05e-dff27b2a1031 is not found
2022-04-27 10:52:39,542 [EventQueue-PipelineReportForPipelineReportHandler] INFO  pipeline.PipelineReportHandler (PipelineReportHandler.java:processPipelineReport(113)) - Reported pipeline PipelineID=cf80c735-cb93-438b-a05e-dff27b2a1031 is not found
2022-04-27 10:52:39,542 [FixedThreadPoolWithAffinityExecutor-1-0] WARN  container.ContainerReportHandler (AbstractContainerReportHandler.java:updateContainerState(255)) - Container #4 is in OPEN state, but the datanode 5305b34f-83d0-4be9-8032-f631ee150b78{ip: 10.1.0.29, host: fv-az270-423.tacnzluakwdehk1hpragurqkma.bx.internal.cloudapp.net, ports: [REPLICATION=45903, RATIS=34741, RATIS_ADMIN=34741, RATIS_SERVER=34741, STANDALONE=45233], networkLocation: /default-rack, certSerialId: null, persistedOpState: IN_SERVICE, persistedOpStateExpiryEpochSec: 0} reports an CLOSED replica.
2022-04-27 10:52:39,577 [EventQueue-PipelineReportForPipelineReportHandler] INFO  pipeline.PipelineReportHandler (PipelineReportHandler.java:processPipelineReport(113)) - Reported pipeline PipelineID=cf80c735-cb93-438b-a05e-dff27b2a1031 is not found
2022-04-27 10:52:39,743 [FixedThreadPoolWithAffinityExecutor-0-0] WARN  container.ContainerReportHandler (AbstractContainerReportHandler.java:updateContainerState(255)) - Container #4 is in OPEN state, but the datanode 5305b34f-83d0-4be9-8032-f631ee150b78{ip: 10.1.0.29, host: fv-az270-423.tacnzluakwdehk1hpragurqkma.bx.internal.cloudapp.net, ports: [REPLICATION=45903, RATIS=34741, RATIS_ADMIN=34741, RATIS_SERVER=34741, STANDALONE=45233], networkLocation: /default-rack, certSerialId: null, persistedOpState: IN_SERVICE, persistedOpStateExpiryEpochSec: 0} reports an CLOSED replica.
2022-04-27 10:52:39,778 [EventQueue-PipelineReportForPipelineReportHandler] INFO  pipeline.PipelineReportHandler (PipelineReportHandler.java:processPipelineReport(113)) - Reported pipeline PipelineID=cf80c735-cb93-438b-a05e-dff27b2a1031 is not found
2022-04-27 10:52:39,844 [EventQueue-PipelineReportForPipelineReportHandler] INFO  pipeline.PipelineReportHandler (PipelineReportHandler.java:processPipelineReport(113)) - Reported pipeline PipelineID=cf80c735-cb93-438b-a05e-dff27b2a1031 is not found
2022-04-27 10:52:39,942 [EventQueue-PipelineReportForPipelineReportHandler] INFO  pipeline.PipelineReportHandler (PipelineReportHandler.java:processPipelineReport(113)) - Reported pipeline PipelineID=cf80c735-cb93-438b-a05e-dff27b2a1031 is not found
2022-04-27 10:52:39,978 [EventQueue-PipelineReportForPipelineReportHandler] INFO  pipeline.PipelineReportHandler (PipelineReportHandler.java:processPipelineReport(113)) - Reported pipeline PipelineID=cf80c735-cb93-438b-a05e-dff27b2a1031 is not found
2022-04-27 10:52:40,044 [EventQueue-PipelineReportForPipelineReportHandler] INFO  pipeline.PipelineReportHandler (PipelineReportHandler.java:processPipelineReport(113)) - Reported pipeline PipelineID=cf80c735-cb93-438b-a05e-dff27b2a1031 is not found
2022-04-27 10:52:40,143 [EventQueue-PipelineReportForPipelineReportHandler] INFO  pipeline.PipelineReportHandler (PipelineReportHandler.java:processPipelineReport(113)) - Reported pipeline PipelineID=cf80c735-cb93-438b-a05e-dff27b2a1031 is not found
2022-04-27 10:52:40,144 [FixedThreadPoolWithAffinityExecutor-0-0] WARN  container.ContainerReportHandler (AbstractContainerReportHandler.java:updateContainerState(255)) - Container #4 is in OPEN state, but the datanode 5305b34f-83d0-4be9-8032-f631ee150b78{ip: 10.1.0.29, host: fv-az270-423.tacnzluakwdehk1hpragurqkma.bx.internal.cloudapp.net, ports: [REPLICATION=45903, RATIS=34741, RATIS_ADMIN=34741, RATIS_SERVER=34741, STANDALONE=45233], networkLocation: /default-rack, certSerialId: null, persistedOpState: IN_SERVICE, persistedOpStateExpiryEpochSec: 0} reports an CLOSED replica.
2022-04-27 10:52:40,178 [EventQueue-PipelineReportForPipelineReportHandler] INFO  pipeline.PipelineReportHandler (PipelineReportHandler.java:processPipelineReport(113)) - Reported pipeline PipelineID=cf80c735-cb93-438b-a05e-dff27b2a1031 is not found
2022-04-27 10:52:40,244 [EventQueue-PipelineReportForPipelineReportHandler] INFO  pipeline.PipelineReportHandler (PipelineReportHandler.java:processPipelineReport(113)) - Reported pipeline PipelineID=cf80c735-cb93-438b-a05e-dff27b2a1031 is not found
2022-04-27 10:52:40,343 [FixedThreadPoolWithAffinityExecutor-0-0] WARN  container.ContainerReportHandler (AbstractContainerReportHandler.java:updateContainerState(255)) - Container #4 is in OPEN state, but the datanode 5305b34f-83d0-4be9-8032-f631ee150b78{ip: 10.1.0.29, host: fv-az270-423.tacnzluakwdehk1hpragurqkma.bx.internal.cloudapp.net, ports: [REPLICATION=45903, RATIS=34741, RATIS_ADMIN=34741, RATIS_SERVER=34741, STANDALONE=45233], networkLocation: /default-rack, certSerialId: null, persistedOpState: IN_SERVICE, persistedOpStateExpiryEpochSec: 0} reports an CLOSED replica.
2022-04-27 10:52:40,543 [EventQueue-PipelineReportForPipelineReportHandler] INFO  pipeline.PipelineReportHandler (PipelineReportHandler.java:processPipelineReport(113)) - Reported pipeline PipelineID=cf80c735-cb93-438b-a05e-dff27b2a1031 is not found
2022-04-27 10:52:40,577 [EventQueue-PipelineReportForPipelineReportHandler] INFO  pipeline.PipelineReportHandler (PipelineReportHandler.java:processPipelineReport(113)) - Reported pipeline PipelineID=cf80c735-cb93-438b-a05e-dff27b2a1031 is not found
2022-04-27 10:52:40,644 [EventQueue-PipelineReportForPipelineReportHandler] INFO  pipeline.PipelineReportHandler (PipelineReportHandler.java:processPipelineReport(113)) - Reported pipeline PipelineID=cf80c735-cb93-438b-a05e-dff27b2a1031 is not found
2022-04-27 10:52:40,750 [FixedThreadPoolWithAffinityExecutor-1-0] WARN  container.ContainerReportHandler (AbstractContainerReportHandler.java:updateContainerState(255)) - Container #4 is in OPEN state, but the datanode 5305b34f-83d0-4be9-8032-f631ee150b78{ip: 10.1.0.29, host: fv-az270-423.tacnzluakwdehk1hpragurqkma.bx.internal.cloudapp.net, ports: [REPLICATION=45903, RATIS=34741, RATIS_ADMIN=34741, RATIS_SERVER=34741, STANDALONE=45233], networkLocation: /default-rack, certSerialId: null, persistedOpState: IN_SERVICE, persistedOpStateExpiryEpochSec: 0} reports an CLOSED replica.
2022-04-27 10:52:40,778 [EventQueue-PipelineReportForPipelineReportHandler] INFO  pipeline.PipelineReportHandler (PipelineReportHandler.java:processPipelineReport(113)) - Reported pipeline PipelineID=cf80c735-cb93-438b-a05e-dff27b2a1031 is not found
2022-04-27 10:52:40,844 [EventQueue-PipelineReportForPipelineReportHandler] INFO  pipeline.PipelineReportHandler (PipelineReportHandler.java:processPipelineReport(113)) - Reported pipeline PipelineID=cf80c735-cb93-438b-a05e-dff27b2a1031 is not found
2022-04-27 10:52:40,946 [FixedThreadPoolWithAffinityExecutor-8-0] WARN  container.ContainerReportHandler (AbstractContainerReportHandler.java:updateContainerState(255)) - Container #4 is in OPEN state, but the datanode 5305b34f-83d0-4be9-8032-f631ee150b78{ip: 10.1.0.29, host: fv-az270-423.tacnzluakwdehk1hpragurqkma.bx.internal.cloudapp.net, ports: [REPLICATION=45903, RATIS=34741, RATIS_ADMIN=34741, RATIS_SERVER=34741, STANDALONE=45233], networkLocation: /default-rack, certSerialId: null, persistedOpState: IN_SERVICE, persistedOpStateExpiryEpochSec: 0} reports an CLOSED replica.
2022-04-27 10:52:40,947 [EventQueue-PipelineReportForPipelineReportHandler] INFO  pipeline.PipelineReportHandler (PipelineReportHandler.java:processPipelineReport(113)) - Reported pipeline PipelineID=cf80c735-cb93-438b-a05e-dff27b2a1031 is not found
2022-04-27 10:52:41,147 [EventQueue-PipelineReportForPipelineReportHandler] INFO  pipeline.PipelineReportHandler (PipelineReportHandler.java:processPipelineReport(113)) - Reported pipeline PipelineID=cf80c735-cb93-438b-a05e-dff27b2a1031 is not found
2022-04-27 10:52:41,148 [FixedThreadPoolWithAffinityExecutor-1-0] WARN  container.ContainerReportHandler (AbstractContainerReportHandler.java:updateContainerState(255)) - Container #4 is in OPEN state, but the datanode 5305b34f-83d0-4be9-8032-f631ee150b78{ip: 10.1.0.29, host: fv-az270-423.tacnzluakwdehk1hpragurqkma.bx.internal.cloudapp.net, ports: [REPLICATION=45903, RATIS=34741, RATIS_ADMIN=34741, RATIS_SERVER=34741, STANDALONE=45233], networkLocation: /default-rack, certSerialId: null, persistedOpState: IN_SERVICE, persistedOpStateExpiryEpochSec: 0} reports an CLOSED replica.
2022-04-27 10:52:41,179 [EventQueue-PipelineReportForPipelineReportHandler] INFO  pipeline.PipelineReportHandler (PipelineReportHandler.java:processPipelineReport(113)) - Reported pipeline PipelineID=cf80c735-cb93-438b-a05e-dff27b2a1031 is not found
2022-04-27 10:52:41,244 [EventQueue-PipelineReportForPipelineReportHandler] INFO  pipeline.PipelineReportHandler (PipelineReportHandler.java:processPipelineReport(113)) - Reported pipeline PipelineID=cf80c735-cb93-438b-a05e-dff27b2a1031 is not found
2022-04-27 10:52:41,444 [EventQueue-PipelineReportForPipelineReportHandler] INFO  pipeline.PipelineReportHandler (PipelineReportHandler.java:processPipelineReport(113)) - Reported pipeline PipelineID=cf80c735-cb93-438b-a05e-dff27b2a1031 is not found
2022-04-27 10:52:41,546 [FixedThreadPoolWithAffinityExecutor-9-0] WARN  container.ContainerReportHandler (AbstractContainerReportHandler.java:updateContainerState(255)) - Container #4 is in OPEN state, but the datanode 5305b34f-83d0-4be9-8032-f631ee150b78{ip: 10.1.0.29, host: fv-az270-423.tacnzluakwdehk1hpragurqkma.bx.internal.cloudapp.net, ports: [REPLICATION=45903, RATIS=34741, RATIS_ADMIN=34741, RATIS_SERVER=34741, STANDALONE=45233], networkLocation: /default-rack, certSerialId: null, persistedOpState: IN_SERVICE, persistedOpStateExpiryEpochSec: 0} reports an CLOSED replica.
2022-04-27 10:52:41,547 [EventQueue-PipelineReportForPipelineReportHandler] INFO  pipeline.PipelineReportHandler (PipelineReportHandler.java:processPipelineReport(113)) - Reported pipeline PipelineID=cf80c735-cb93-438b-a05e-dff27b2a1031 is not found
2022-04-27 10:52:41,580 [EventQueue-PipelineReportForPipelineReportHandler] INFO  pipeline.PipelineReportHandler (PipelineReportHandler.java:processPipelineReport(113)) - Reported pipeline PipelineID=cf80c735-cb93-438b-a05e-dff27b2a1031 is not found
2022-04-27 10:52:41,645 [EventQueue-PipelineReportForPipelineReportHandler] INFO  pipeline.PipelineReportHandler (PipelineReportHandler.java:processPipelineReport(113)) - Reported pipeline PipelineID=cf80c735-cb93-438b-a05e-dff27b2a1031 is not found
2022-04-27 10:52:41,747 [EventQueue-PipelineReportForPipelineReportHandler] INFO  pipeline.PipelineReportHandler (PipelineReportHandler.java:processPipelineReport(113)) - Reported pipeline PipelineID=cf80c735-cb93-438b-a05e-dff27b2a1031 is not found
2022-04-27 10:52:41,747 [FixedThreadPoolWithAffinityExecutor-0-0] WARN  container.ContainerReportHandler (AbstractContainerReportHandler.java:updateContainerState(255)) - Container #4 is in OPEN state, but the datanode 5305b34f-83d0-4be9-8032-f631ee150b78{ip: 10.1.0.29, host: fv-az270-423.tacnzluakwdehk1hpragurqkma.bx.internal.cloudapp.net, ports: [REPLICATION=45903, RATIS=34741, RATIS_ADMIN=34741, RATIS_SERVER=34741, STANDALONE=45233], networkLocation: /default-rack, certSerialId: null, persistedOpState: IN_SERVICE, persistedOpStateExpiryEpochSec: 0} reports an CLOSED replica.
2022-04-27 10:52:41,950 [EventQueue-PipelineReportForPipelineReportHandler] INFO  pipeline.PipelineReportHandler (PipelineReportHandler.java:processPipelineReport(113)) - Reported pipeline PipelineID=cf80c735-cb93-438b-a05e-dff27b2a1031 is not found
2022-04-27 10:52:41,980 [EventQueue-PipelineReportForPipelineReportHandler] INFO  pipeline.PipelineReportHandler (PipelineReportHandler.java:processPipelineReport(113)) - Reported pipeline PipelineID=cf80c735-cb93-438b-a05e-dff27b2a1031 is not found
2022-04-27 10:52:42,044 [EventQueue-PipelineReportForPipelineReportHandler] INFO  pipeline.PipelineReportHandler (PipelineReportHandler.java:processPipelineReport(113)) - Reported pipeline PipelineID=cf80c735-cb93-438b-a05e-dff27b2a1031 is not found
2022-04-27 10:52:42,147 [EventQueue-PipelineReportForPipelineReportHandler] INFO  pipeline.PipelineReportHandler (PipelineReportHandler.java:processPipelineReport(113)) - Reported pipeline PipelineID=cf80c735-cb93-438b-a05e-dff27b2a1031 is not found
2022-04-27 10:52:42,148 [FixedThreadPoolWithAffinityExecutor-0-0] WARN  container.ContainerReportHandler (AbstractContainerReportHandler.java:updateContainerState(255)) - Container #4 is in OPEN state, but the datanode 5305b34f-83d0-4be9-8032-f631ee150b78{ip: 10.1.0.29, host: fv-az270-423.tacnzluakwdehk1hpragurqkma.bx.internal.cloudapp.net, ports: [REPLICATION=45903, RATIS=34741, RATIS_ADMIN=34741, RATIS_SERVER=34741, STANDALONE=45233], networkLocation: /default-rack, certSerialId: null, persistedOpState: IN_SERVICE, persistedOpStateExpiryEpochSec: 0} reports an CLOSED replica.
2022-04-27 10:52:42,180 [EventQueue-PipelineReportForPipelineReportHandler] INFO  pipeline.PipelineReportHandler (PipelineReportHandler.java:processPipelineReport(113)) - Reported pipeline PipelineID=cf80c735-cb93-438b-a05e-dff27b2a1031 is not found
2022-04-27 10:52:42,245 [EventQueue-PipelineReportForPipelineReportHandler] INFO  pipeline.PipelineReportHandler (PipelineReportHandler.java:processPipelineReport(113)) - Reported pipeline PipelineID=cf80c735-cb93-438b-a05e-dff27b2a1031 is not found
2022-04-27 10:52:42,547 [EventQueue-PipelineReportForPipelineReportHandler] INFO  pipeline.PipelineReportHandler (PipelineReportHandler.java:processPipelineReport(113)) - Reported pipeline PipelineID=cf80c735-cb93-438b-a05e-dff27b2a1031 is not found
2022-04-27 10:52:42,548 [FixedThreadPoolWithAffinityExecutor-8-0] WARN  container.ContainerReportHandler (AbstractContainerReportHandler.java:updateContainerState(255)) - Container #4 is in OPEN state, but the datanode 5305b34f-83d0-4be9-8032-f631ee150b78{ip: 10.1.0.29, host: fv-az270-423.tacnzluakwdehk1hpragurqkma.bx.internal.cloudapp.net, ports: [REPLICATION=45903, RATIS=34741, RATIS_ADMIN=34741, RATIS_SERVER=34741, STANDALONE=45233], networkLocation: /default-rack, certSerialId: null, persistedOpState: IN_SERVICE, persistedOpStateExpiryEpochSec: 0} reports an CLOSED replica.
2022-04-27 10:52:42,580 [EventQueue-PipelineReportForPipelineReportHandler] INFO  pipeline.PipelineReportHandler (PipelineReportHandler.java:processPipelineReport(113)) - Reported pipeline PipelineID=cf80c735-cb93-438b-a05e-dff27b2a1031 is not found
2022-04-27 10:52:42,645 [EventQueue-PipelineReportForPipelineReportHandler] INFO  pipeline.PipelineReportHandler (PipelineReportHandler.java:processPipelineReport(113)) - Reported pipeline PipelineID=cf80c735-cb93-438b-a05e-dff27b2a1031 is not found
2022-04-27 10:52:42,748 [FixedThreadPoolWithAffinityExecutor-9-0] WARN  container.ContainerReportHandler (AbstractContainerReportHandler.java:updateContainerState(255)) - Container #4 is in OPEN state, but the datanode 5305b34f-83d0-4be9-8032-f631ee150b78{ip: 10.1.0.29, host: fv-az270-423.tacnzluakwdehk1hpragurqkma.bx.internal.cloudapp.net, ports: [REPLICATION=45903, RATIS=34741, RATIS_ADMIN=34741, RATIS_SERVER=34741, STANDALONE=45233], networkLocation: /default-rack, certSerialId: null, persistedOpState: IN_SERVICE, persistedOpStateExpiryEpochSec: 0} reports an CLOSED replica.
2022-04-27 10:52:42,748 [EventQueue-PipelineReportForPipelineReportHandler] INFO  pipeline.PipelineReportHandler (PipelineReportHandler.java:processPipelineReport(113)) - Reported pipeline PipelineID=cf80c735-cb93-438b-a05e-dff27b2a1031 is not found
2022-04-27 10:52:42,781 [EventQueue-PipelineReportForPipelineReportHandler] INFO  pipeline.PipelineReportHandler (PipelineReportHandler.java:processPipelineReport(113)) - Reported pipeline PipelineID=cf80c735-cb93-438b-a05e-dff27b2a1031 is not found
2022-04-27 10:52:43,045 [EventQueue-PipelineReportForPipelineReportHandler] INFO  pipeline.PipelineReportHandler (PipelineReportHandler.java:processPipelineReport(113)) - Reported pipeline PipelineID=cf80c735-cb93-438b-a05e-dff27b2a1031 is not found
2022-04-27 10:52:43,130 [Listener at 127.0.0.1/43313] INFO  ozoneimpl.OzoneContainer (OzoneContainer.java:stop(356)) - Attempting to stop container services.
2022-04-27 10:52:43,132 [Listener at 127.0.0.1/43313] INFO  server.RaftServer (RaftServerProxy.java:lambda$close$6(391)) - b4543bad-81d3-4f1d-9fc6-5e97dcd2d8eb: close
2022-04-27 10:52:43,134 [Listener at 127.0.0.1/43313] INFO  server.RaftServer$Division (RaftServerImpl.java:lambda$close$4(412)) - b4543bad-81d3-4f1d-9fc6-5e97dcd2d8eb@group-7308F894FD3A: shutdown
2022-04-27 10:52:43,134 [Listener at 127.0.0.1/43313] INFO  util.JmxRegister (JmxRegister.java:unregister(73)) - Successfully un-registered JMX Bean with object name Ratis:service=RaftServer,group=group-7308F894FD3A,id=b4543bad-81d3-4f1d-9fc6-5e97dcd2d8eb
2022-04-27 10:52:43,134 [Listener at 127.0.0.1/43313] INFO  impl.RoleInfo (RoleInfo.java:shutdownFollowerState(108)) - b4543bad-81d3-4f1d-9fc6-5e97dcd2d8eb: shutdown b4543bad-81d3-4f1d-9fc6-5e97dcd2d8eb@group-7308F894FD3A-FollowerState
2022-04-27 10:52:43,135 [Listener at 127.0.0.1/43313] INFO  impl.StateMachineUpdater (StateMachineUpdater.java:stopAndJoin(149)) - b4543bad-81d3-4f1d-9fc6-5e97dcd2d8eb@group-7308F894FD3A-StateMachineUpdater: set stopIndex = 0
2022-04-27 10:52:43,135 [b4543bad-81d3-4f1d-9fc6-5e97dcd2d8eb@group-7308F894FD3A-FollowerState] INFO  impl.FollowerState (FollowerState.java:run(143)) - b4543bad-81d3-4f1d-9fc6-5e97dcd2d8eb@group-7308F894FD3A-FollowerState was interrupted: {}
java.lang.InterruptedException: sleep interrupted
	at java.lang.Thread.sleep(Native Method)
	at java.lang.Thread.sleep(Thread.java:342)
	at java.util.concurrent.TimeUnit.sleep(TimeUnit.java:386)
	at org.apache.ratis.util.TimeDuration.sleep(TimeDuration.java:324)
	at org.apache.ratis.util.TimeDuration.sleep(TimeDuration.java:309)
	at org.apache.ratis.server.impl.FollowerState.run(FollowerState.java:118)
2022-04-27 10:52:43,137 [Listener at 127.0.0.1/43313] INFO  server.RaftServer$Division (ServerState.java:close(419)) - b4543bad-81d3-4f1d-9fc6-5e97dcd2d8eb@group-7308F894FD3A: closes. applyIndex: 0
2022-04-27 10:52:43,137 [b4543bad-81d3-4f1d-9fc6-5e97dcd2d8eb@group-7308F894FD3A-SegmentedRaftLogWorker] INFO  segmented.SegmentedRaftLogWorker (SegmentedRaftLogWorker.java:run(327)) - b4543bad-81d3-4f1d-9fc6-5e97dcd2d8eb@group-7308F894FD3A-SegmentedRaftLogWorker was interrupted, exiting. There are 0 tasks remaining in the queue.
2022-04-27 10:52:43,140 [Listener at 127.0.0.1/43313] INFO  segmented.SegmentedRaftLogWorker (SegmentedRaftLogWorker.java:close(237)) - b4543bad-81d3-4f1d-9fc6-5e97dcd2d8eb@group-7308F894FD3A-SegmentedRaftLogWorker close()
2022-04-27 10:52:43,143 [Listener at 127.0.0.1/43313] INFO  server.RaftServer$Division (RaftServerImpl.java:lambda$close$4(412)) - b4543bad-81d3-4f1d-9fc6-5e97dcd2d8eb@group-75AB1B4BA813: shutdown
2022-04-27 10:52:43,143 [Listener at 127.0.0.1/43313] INFO  util.JmxRegister (JmxRegister.java:unregister(73)) - Successfully un-registered JMX Bean with object name Ratis:service=RaftServer,group=group-75AB1B4BA813,id=b4543bad-81d3-4f1d-9fc6-5e97dcd2d8eb
2022-04-27 10:52:43,143 [Listener at 127.0.0.1/43313] INFO  impl.RoleInfo (RoleInfo.java:shutdownFollowerState(108)) - b4543bad-81d3-4f1d-9fc6-5e97dcd2d8eb: shutdown b4543bad-81d3-4f1d-9fc6-5e97dcd2d8eb@group-75AB1B4BA813-FollowerState
2022-04-27 10:52:43,143 [b4543bad-81d3-4f1d-9fc6-5e97dcd2d8eb@group-75AB1B4BA813-FollowerState] INFO  impl.FollowerState (FollowerState.java:run(143)) - b4543bad-81d3-4f1d-9fc6-5e97dcd2d8eb@group-75AB1B4BA813-FollowerState was interrupted: {}
java.lang.InterruptedException: sleep interrupted
	at java.lang.Thread.sleep(Native Method)
	at java.lang.Thread.sleep(Thread.java:342)
	at java.util.concurrent.TimeUnit.sleep(TimeUnit.java:386)
	at org.apache.ratis.util.TimeDuration.sleep(TimeDuration.java:324)
	at org.apache.ratis.util.TimeDuration.sleep(TimeDuration.java:309)
	at org.apache.ratis.server.impl.FollowerState.run(FollowerState.java:118)
2022-04-27 10:52:43,144 [Listener at 127.0.0.1/43313] INFO  impl.StateMachineUpdater (StateMachineUpdater.java:stopAndJoin(149)) - b4543bad-81d3-4f1d-9fc6-5e97dcd2d8eb@group-75AB1B4BA813-StateMachineUpdater: set stopIndex = 0
2022-04-27 10:52:43,144 [Listener at 127.0.0.1/43313] INFO  server.RaftServer$Division (ServerState.java:close(419)) - b4543bad-81d3-4f1d-9fc6-5e97dcd2d8eb@group-75AB1B4BA813: closes. applyIndex: 0
2022-04-27 10:52:43,144 [b4543bad-81d3-4f1d-9fc6-5e97dcd2d8eb@group-75AB1B4BA813-SegmentedRaftLogWorker] INFO  segmented.SegmentedRaftLogWorker (SegmentedRaftLogWorker.java:run(327)) - b4543bad-81d3-4f1d-9fc6-5e97dcd2d8eb@group-75AB1B4BA813-SegmentedRaftLogWorker was interrupted, exiting. There are 0 tasks remaining in the queue.
2022-04-27 10:52:43,145 [Listener at 127.0.0.1/43313] INFO  segmented.SegmentedRaftLogWorker (SegmentedRaftLogWorker.java:close(237)) - b4543bad-81d3-4f1d-9fc6-5e97dcd2d8eb@group-75AB1B4BA813-SegmentedRaftLogWorker close()
2022-04-27 10:52:43,148 [FixedThreadPoolWithAffinityExecutor-0-0] WARN  container.ContainerReportHandler (AbstractContainerReportHandler.java:updateContainerState(255)) - Container #4 is in OPEN state, but the datanode 5305b34f-83d0-4be9-8032-f631ee150b78{ip: 10.1.0.29, host: fv-az270-423.tacnzluakwdehk1hpragurqkma.bx.internal.cloudapp.net, ports: [REPLICATION=45903, RATIS=34741, RATIS_ADMIN=34741, RATIS_SERVER=34741, STANDALONE=45233], networkLocation: /default-rack, certSerialId: null, persistedOpState: IN_SERVICE, persistedOpStateExpiryEpochSec: 0} reports an CLOSED replica.
2022-04-27 10:52:43,149 [EventQueue-PipelineReportForPipelineReportHandler] INFO  pipeline.PipelineReportHandler (PipelineReportHandler.java:processPipelineReport(113)) - Reported pipeline PipelineID=cf80c735-cb93-438b-a05e-dff27b2a1031 is not found
2022-04-27 10:52:43,149 [Listener at 127.0.0.1/43313] INFO  server.GrpcService (GrpcService.java:closeImpl(262)) - b4543bad-81d3-4f1d-9fc6-5e97dcd2d8eb: shutdown server with port 41129 now
2022-04-27 10:52:43,157 [grpc-default-executor-2] WARN  server.GrpcServerProtocolService (LogUtils.java:warn(122)) - b4543bad-81d3-4f1d-9fc6-5e97dcd2d8eb: installSnapshot onError, lastRequest: 5305b34f-83d0-4be9-8032-f631ee150b78->b4543bad-81d3-4f1d-9fc6-5e97dcd2d8eb#1-t1,previous=(t:0, i:0),leaderCommit=0,initializing? true,entries: size=1, first=(t:1, i:0), CONFIGURATIONENTRY: org.apache.ratis.thirdparty.io.grpc.StatusRuntimeException: CANCELLED: client cancelled
2022-04-27 10:52:43,158 [grpc-default-executor-1] WARN  server.GrpcServerProtocolService (LogUtils.java:warn(122)) - b4543bad-81d3-4f1d-9fc6-5e97dcd2d8eb: installSnapshot onError, lastRequest: fb1b2524-5f72-4172-b06b-98bf8bab58d7->b4543bad-81d3-4f1d-9fc6-5e97dcd2d8eb#1-t2,previous=(t:0, i:0),leaderCommit=-1,initializing? true,entries: size=1, first=(t:2, i:0), CONFIGURATIONENTRY: org.apache.ratis.thirdparty.io.grpc.StatusRuntimeException: CANCELLED: client cancelled
2022-04-27 10:52:43,160 [grpc-default-executor-2] WARN  server.GrpcLogAppender (LogUtils.java:warn(122)) - fb1b2524-5f72-4172-b06b-98bf8bab58d7@group-7308F894FD3A->b4543bad-81d3-4f1d-9fc6-5e97dcd2d8eb-AppendLogResponseHandler: Failed appendEntries: org.apache.ratis.thirdparty.io.grpc.StatusRuntimeException: CANCELLED: HTTP/2 error code: CANCEL
Received Rst Stream
2022-04-27 10:52:43,158 [grpc-default-executor-0] WARN  server.GrpcLogAppender (LogUtils.java:warn(122)) - 5305b34f-83d0-4be9-8032-f631ee150b78@group-75AB1B4BA813->b4543bad-81d3-4f1d-9fc6-5e97dcd2d8eb-AppendLogResponseHandler: Failed appendEntries: org.apache.ratis.thirdparty.io.grpc.StatusRuntimeException: CANCELLED: HTTP/2 error code: CANCEL
Received Rst Stream
2022-04-27 10:52:43,167 [grpc-default-executor-0] WARN  server.GrpcLogAppender (GrpcLogAppender.java:resetClient(110)) - 5305b34f-83d0-4be9-8032-f631ee150b78@group-75AB1B4BA813->b4543bad-81d3-4f1d-9fc6-5e97dcd2d8eb-GrpcLogAppender: Leader has not got in touch with Follower 5305b34f-83d0-4be9-8032-f631ee150b78@group-75AB1B4BA813->b4543bad-81d3-4f1d-9fc6-5e97dcd2d8eb(c0,m0,n1, attendVote=true, lastRpcSendTime=1615, lastRpcResponseTime=1613) yet, just keep nextIndex unchanged and retry.
2022-04-27 10:52:43,167 [Listener at 127.0.0.1/43313] INFO  server.GrpcService (GrpcService.java:closeImpl(271)) - b4543bad-81d3-4f1d-9fc6-5e97dcd2d8eb: shutdown server with port 41129 successfully
2022-04-27 10:52:43,167 [org.apache.ratis.util.JvmPauseMonitor$$Lambda$626/1217536106@14b83c81] INFO  util.JvmPauseMonitor (JvmPauseMonitor.java:run(109)) - JvmPauseMonitor-b4543bad-81d3-4f1d-9fc6-5e97dcd2d8eb: Stopped
2022-04-27 10:52:43,172 [grpc-default-executor-2] WARN  server.GrpcLogAppender (GrpcLogAppender.java:resetClient(110)) - fb1b2524-5f72-4172-b06b-98bf8bab58d7@group-7308F894FD3A->b4543bad-81d3-4f1d-9fc6-5e97dcd2d8eb-GrpcLogAppender: Leader has not got in touch with Follower fb1b2524-5f72-4172-b06b-98bf8bab58d7@group-7308F894FD3A->b4543bad-81d3-4f1d-9fc6-5e97dcd2d8eb(c0,m0,n1, attendVote=true, lastRpcSendTime=2245, lastRpcResponseTime=2243) yet, just keep nextIndex unchanged and retry.
2022-04-27 10:52:43,181 [EventQueue-PipelineReportForPipelineReportHandler] INFO  pipeline.PipelineReportHandler (PipelineReportHandler.java:processPipelineReport(113)) - Reported pipeline PipelineID=cf80c735-cb93-438b-a05e-dff27b2a1031 is not found
2022-04-27 10:52:43,245 [EventQueue-PipelineReportForPipelineReportHandler] INFO  pipeline.PipelineReportHandler (PipelineReportHandler.java:processPipelineReport(113)) - Reported pipeline PipelineID=cf80c735-cb93-438b-a05e-dff27b2a1031 is not found
2022-04-27 10:52:43,347 [FixedThreadPoolWithAffinityExecutor-1-0] WARN  container.ContainerReportHandler (AbstractContainerReportHandler.java:updateContainerState(255)) - Container #4 is in OPEN state, but the datanode 5305b34f-83d0-4be9-8032-f631ee150b78{ip: 10.1.0.29, host: fv-az270-423.tacnzluakwdehk1hpragurqkma.bx.internal.cloudapp.net, ports: [REPLICATION=45903, RATIS=34741, RATIS_ADMIN=34741, RATIS_SERVER=34741, STANDALONE=45233], networkLocation: /default-rack, certSerialId: null, persistedOpState: IN_SERVICE, persistedOpStateExpiryEpochSec: 0} reports an CLOSED replica.
2022-04-27 10:52:43,349 [EventQueue-PipelineReportForPipelineReportHandler] INFO  pipeline.PipelineReportHandler (PipelineReportHandler.java:processPipelineReport(113)) - Reported pipeline PipelineID=cf80c735-cb93-438b-a05e-dff27b2a1031 is not found
2022-04-27 10:52:43,438 [grpc-default-executor-0] WARN  server.GrpcLogAppender (LogUtils.java:warn(122)) - fb1b2524-5f72-4172-b06b-98bf8bab58d7@group-7308F894FD3A->b4543bad-81d3-4f1d-9fc6-5e97dcd2d8eb-AppendLogResponseHandler: Failed appendEntries: org.apache.ratis.thirdparty.io.grpc.StatusRuntimeException: UNAVAILABLE: io exception
2022-04-27 10:52:43,438 [grpc-default-executor-0] WARN  server.GrpcLogAppender (GrpcLogAppender.java:resetClient(110)) - fb1b2524-5f72-4172-b06b-98bf8bab58d7@group-7308F894FD3A->b4543bad-81d3-4f1d-9fc6-5e97dcd2d8eb-GrpcLogAppender: Leader has not got in touch with Follower fb1b2524-5f72-4172-b06b-98bf8bab58d7@group-7308F894FD3A->b4543bad-81d3-4f1d-9fc6-5e97dcd2d8eb(c0,m0,n1, attendVote=true, lastRpcSendTime=8, lastRpcResponseTime=2510) yet, just keep nextIndex unchanged and retry.
2022-04-27 10:52:43,446 [EventQueue-PipelineReportForPipelineReportHandler] INFO  pipeline.PipelineReportHandler (PipelineReportHandler.java:processPipelineReport(113)) - Reported pipeline PipelineID=cf80c735-cb93-438b-a05e-dff27b2a1031 is not found
2022-04-27 10:52:43,581 [EventQueue-PipelineReportForPipelineReportHandler] INFO  pipeline.PipelineReportHandler (PipelineReportHandler.java:processPipelineReport(113)) - Reported pipeline PipelineID=cf80c735-cb93-438b-a05e-dff27b2a1031 is not found
2022-04-27 10:52:43,747 [FixedThreadPoolWithAffinityExecutor-8-0] WARN  container.ContainerReportHandler (AbstractContainerReportHandler.java:updateContainerState(255)) - Container #4 is in OPEN state, but the datanode 5305b34f-83d0-4be9-8032-f631ee150b78{ip: 10.1.0.29, host: fv-az270-423.tacnzluakwdehk1hpragurqkma.bx.internal.cloudapp.net, ports: [REPLICATION=45903, RATIS=34741, RATIS_ADMIN=34741, RATIS_SERVER=34741, STANDALONE=45233], networkLocation: /default-rack, certSerialId: null, persistedOpState: IN_SERVICE, persistedOpStateExpiryEpochSec: 0} reports an CLOSED replica.
2022-04-27 10:52:43,749 [EventQueue-PipelineReportForPipelineReportHandler] INFO  pipeline.PipelineReportHandler (PipelineReportHandler.java:processPipelineReport(113)) - Reported pipeline PipelineID=cf80c735-cb93-438b-a05e-dff27b2a1031 is not found
2022-04-27 10:52:43,877 [EventQueue-PipelineReportForPipelineReportHandler] INFO  pipeline.PipelineReportHandler (PipelineReportHandler.java:processPipelineReport(113)) - Reported pipeline PipelineID=cf80c735-cb93-438b-a05e-dff27b2a1031 is not found
2022-04-27 10:52:43,947 [FixedThreadPoolWithAffinityExecutor-0-0] WARN  container.ContainerReportHandler (AbstractContainerReportHandler.java:updateContainerState(255)) - Container #4 is in OPEN state, but the datanode 5305b34f-83d0-4be9-8032-f631ee150b78{ip: 10.1.0.29, host: fv-az270-423.tacnzluakwdehk1hpragurqkma.bx.internal.cloudapp.net, ports: [REPLICATION=45903, RATIS=34741, RATIS_ADMIN=34741, RATIS_SERVER=34741, STANDALONE=45233], networkLocation: /default-rack, certSerialId: null, persistedOpState: IN_SERVICE, persistedOpStateExpiryEpochSec: 0} reports an CLOSED replica.
2022-04-27 10:52:43,981 [EventQueue-PipelineReportForPipelineReportHandler] INFO  pipeline.PipelineReportHandler (PipelineReportHandler.java:processPipelineReport(113)) - Reported pipeline PipelineID=cf80c735-cb93-438b-a05e-dff27b2a1031 is not found
2022-04-27 10:52:44,056 [grpc-default-executor-2] WARN  server.GrpcLogAppender (LogUtils.java:warn(122)) - 5305b34f-83d0-4be9-8032-f631ee150b78@group-75AB1B4BA813->b4543bad-81d3-4f1d-9fc6-5e97dcd2d8eb-AppendLogResponseHandler: Failed appendEntries: org.apache.ratis.thirdparty.io.grpc.StatusRuntimeException: UNAVAILABLE: io exception
2022-04-27 10:52:44,057 [grpc-default-executor-2] WARN  server.GrpcLogAppender (GrpcLogAppender.java:resetClient(110)) - 5305b34f-83d0-4be9-8032-f631ee150b78@group-75AB1B4BA813->b4543bad-81d3-4f1d-9fc6-5e97dcd2d8eb-GrpcLogAppender: Leader has not got in touch with Follower 5305b34f-83d0-4be9-8032-f631ee150b78@group-75AB1B4BA813->b4543bad-81d3-4f1d-9fc6-5e97dcd2d8eb(c0,m0,n1, attendVote=true, lastRpcSendTime=2, lastRpcResponseTime=2503) yet, just keep nextIndex unchanged and retry.
2022-04-27 10:52:44,077 [EventQueue-PipelineReportForPipelineReportHandler] INFO  pipeline.PipelineReportHandler (PipelineReportHandler.java:processPipelineReport(113)) - Reported pipeline PipelineID=cf80c735-cb93-438b-a05e-dff27b2a1031 is not found
2022-04-27 10:52:44,147 [FixedThreadPoolWithAffinityExecutor-8-0] WARN  container.ContainerReportHandler (AbstractContainerReportHandler.java:updateContainerState(255)) - Container #4 is in OPEN state, but the datanode 5305b34f-83d0-4be9-8032-f631ee150b78{ip: 10.1.0.29, host: fv-az270-423.tacnzluakwdehk1hpragurqkma.bx.internal.cloudapp.net, ports: [REPLICATION=45903, RATIS=34741, RATIS_ADMIN=34741, RATIS_SERVER=34741, STANDALONE=45233], networkLocation: /default-rack, certSerialId: null, persistedOpState: IN_SERVICE, persistedOpStateExpiryEpochSec: 0} reports an CLOSED replica.
2022-04-27 10:52:44,149 [EventQueue-PipelineReportForPipelineReportHandler] INFO  pipeline.PipelineReportHandler (PipelineReportHandler.java:processPipelineReport(113)) - Reported pipeline PipelineID=cf80c735-cb93-438b-a05e-dff27b2a1031 is not found
2022-04-27 10:52:44,181 [EventQueue-PipelineReportForPipelineReportHandler] INFO  pipeline.PipelineReportHandler (PipelineReportHandler.java:processPipelineReport(113)) - Reported pipeline PipelineID=cf80c735-cb93-438b-a05e-dff27b2a1031 is not found
2022-04-27 10:52:44,348 [FixedThreadPoolWithAffinityExecutor-8-0] WARN  container.ContainerReportHandler (AbstractContainerReportHandler.java:updateContainerState(255)) - Container #4 is in OPEN state, but the datanode 5305b34f-83d0-4be9-8032-f631ee150b78{ip: 10.1.0.29, host: fv-az270-423.tacnzluakwdehk1hpragurqkma.bx.internal.cloudapp.net, ports: [REPLICATION=45903, RATIS=34741, RATIS_ADMIN=34741, RATIS_SERVER=34741, STANDALONE=45233], networkLocation: /default-rack, certSerialId: null, persistedOpState: IN_SERVICE, persistedOpStateExpiryEpochSec: 0} reports an CLOSED replica.
2022-04-27 10:52:44,350 [EventQueue-PipelineReportForPipelineReportHandler] INFO  pipeline.PipelineReportHandler (PipelineReportHandler.java:processPipelineReport(113)) - Reported pipeline PipelineID=cf80c735-cb93-438b-a05e-dff27b2a1031 is not found
2022-04-27 10:52:44,483 [EventQueue-PipelineReportForPipelineReportHandler] INFO  pipeline.PipelineReportHandler (PipelineReportHandler.java:processPipelineReport(113)) - Reported pipeline PipelineID=cf80c735-cb93-438b-a05e-dff27b2a1031 is not found
2022-04-27 10:52:44,581 [EventQueue-PipelineReportForPipelineReportHandler] INFO  pipeline.PipelineReportHandler (PipelineReportHandler.java:processPipelineReport(113)) - Reported pipeline PipelineID=cf80c735-cb93-438b-a05e-dff27b2a1031 is not found
2022-04-27 10:52:44,748 [FixedThreadPoolWithAffinityExecutor-0-0] WARN  container.ContainerReportHandler (AbstractContainerReportHandler.java:updateContainerState(255)) - Container #4 is in OPEN state, but the datanode 5305b34f-83d0-4be9-8032-f631ee150b78{ip: 10.1.0.29, host: fv-az270-423.tacnzluakwdehk1hpragurqkma.bx.internal.cloudapp.net, ports: [REPLICATION=45903, RATIS=34741, RATIS_ADMIN=34741, RATIS_SERVER=34741, STANDALONE=45233], networkLocation: /default-rack, certSerialId: null, persistedOpState: IN_SERVICE, persistedOpStateExpiryEpochSec: 0} reports an CLOSED replica.
2022-04-27 10:52:44,752 [EventQueue-PipelineReportForPipelineReportHandler] INFO  pipeline.PipelineReportHandler (PipelineReportHandler.java:processPipelineReport(113)) - Reported pipeline PipelineID=cf80c735-cb93-438b-a05e-dff27b2a1031 is not found
2022-04-27 10:52:44,781 [EventQueue-PipelineReportForPipelineReportHandler] INFO  pipeline.PipelineReportHandler (PipelineReportHandler.java:processPipelineReport(113)) - Reported pipeline PipelineID=cf80c735-cb93-438b-a05e-dff27b2a1031 is not found
2022-04-27 10:52:44,877 [EventQueue-PipelineReportForPipelineReportHandler] INFO  pipeline.PipelineReportHandler (PipelineReportHandler.java:processPipelineReport(113)) - Reported pipeline PipelineID=cf80c735-cb93-438b-a05e-dff27b2a1031 is not found
2022-04-27 10:52:44,989 [EventQueue-PipelineReportForPipelineReportHandler] INFO  pipeline.PipelineReportHandler (PipelineReportHandler.java:processPipelineReport(113)) - Reported pipeline PipelineID=cf80c735-cb93-438b-a05e-dff27b2a1031 is not found
2022-04-27 10:52:44,991 [FixedThreadPoolWithAffinityExecutor-8-0] WARN  container.ContainerReportHandler (AbstractContainerReportHandler.java:updateContainerState(255)) - Container #4 is in OPEN state, but the datanode 5305b34f-83d0-4be9-8032-f631ee150b78{ip: 10.1.0.29, host: fv-az270-423.tacnzluakwdehk1hpragurqkma.bx.internal.cloudapp.net, ports: [REPLICATION=45903, RATIS=34741, RATIS_ADMIN=34741, RATIS_SERVER=34741, STANDALONE=45233], networkLocation: /default-rack, certSerialId: null, persistedOpState: IN_SERVICE, persistedOpStateExpiryEpochSec: 0} reports an CLOSED replica.
2022-04-27 10:52:45,077 [EventQueue-PipelineReportForPipelineReportHandler] INFO  pipeline.PipelineReportHandler (PipelineReportHandler.java:processPipelineReport(113)) - Reported pipeline PipelineID=cf80c735-cb93-438b-a05e-dff27b2a1031 is not found
2022-04-27 10:52:45,195 [EventQueue-PipelineReportForPipelineReportHandler] INFO  pipeline.PipelineReportHandler (PipelineReportHandler.java:processPipelineReport(113)) - Reported pipeline PipelineID=cf80c735-cb93-438b-a05e-dff27b2a1031 is not found
2022-04-27 10:52:45,198 [FixedThreadPoolWithAffinityExecutor-8-0] WARN  container.ContainerReportHandler (AbstractContainerReportHandler.java:updateContainerState(255)) - Container #4 is in OPEN state, but the datanode 5305b34f-83d0-4be9-8032-f631ee150b78{ip: 10.1.0.29, host: fv-az270-423.tacnzluakwdehk1hpragurqkma.bx.internal.cloudapp.net, ports: [REPLICATION=45903, RATIS=34741, RATIS_ADMIN=34741, RATIS_SERVER=34741, STANDALONE=45233], networkLocation: /default-rack, certSerialId: null, persistedOpState: IN_SERVICE, persistedOpStateExpiryEpochSec: 0} reports an CLOSED replica.
2022-04-27 10:52:45,212 [Listener at 127.0.0.1/43313] INFO  utils.BackgroundService (BackgroundService.java:shutdown(132)) - Shutting down service BlockDeletingService
2022-04-27 10:52:45,388 [EventQueue-PipelineReportForPipelineReportHandler] INFO  pipeline.PipelineReportHandler (PipelineReportHandler.java:processPipelineReport(113)) - Reported pipeline PipelineID=cf80c735-cb93-438b-a05e-dff27b2a1031 is not found
2022-04-27 10:52:45,397 [EventQueue-PipelineReportForPipelineReportHandler] INFO  pipeline.PipelineReportHandler (PipelineReportHandler.java:processPipelineReport(113)) - Reported pipeline PipelineID=cf80c735-cb93-438b-a05e-dff27b2a1031 is not found
2022-04-27 10:52:45,477 [EventQueue-PipelineReportForPipelineReportHandler] INFO  pipeline.PipelineReportHandler (PipelineReportHandler.java:processPipelineReport(113)) - Reported pipeline PipelineID=cf80c735-cb93-438b-a05e-dff27b2a1031 is not found
2022-04-27 10:52:45,596 [EventQueue-PipelineReportForPipelineReportHandler] INFO  pipeline.PipelineReportHandler (PipelineReportHandler.java:processPipelineReport(113)) - Reported pipeline PipelineID=cf80c735-cb93-438b-a05e-dff27b2a1031 is not found
2022-04-27 10:52:45,598 [FixedThreadPoolWithAffinityExecutor-8-0] WARN  container.ContainerReportHandler (AbstractContainerReportHandler.java:updateContainerState(255)) - Container #4 is in OPEN state, but the datanode 5305b34f-83d0-4be9-8032-f631ee150b78{ip: 10.1.0.29, host: fv-az270-423.tacnzluakwdehk1hpragurqkma.bx.internal.cloudapp.net, ports: [REPLICATION=45903, RATIS=34741, RATIS_ADMIN=34741, RATIS_SERVER=34741, STANDALONE=45233], networkLocation: /default-rack, certSerialId: null, persistedOpState: IN_SERVICE, persistedOpStateExpiryEpochSec: 0} reports an CLOSED replica.
2022-04-27 10:52:45,789 [EventQueue-PipelineReportForPipelineReportHandler] INFO  pipeline.PipelineReportHandler (PipelineReportHandler.java:processPipelineReport(113)) - Reported pipeline PipelineID=cf80c735-cb93-438b-a05e-dff27b2a1031 is not found
2022-04-27 10:52:45,796 [EventQueue-PipelineReportForPipelineReportHandler] INFO  pipeline.PipelineReportHandler (PipelineReportHandler.java:processPipelineReport(113)) - Reported pipeline PipelineID=cf80c735-cb93-438b-a05e-dff27b2a1031 is not found
2022-04-27 10:52:45,881 [EventQueue-PipelineReportForPipelineReportHandler] INFO  pipeline.PipelineReportHandler (PipelineReportHandler.java:processPipelineReport(113)) - Reported pipeline PipelineID=cf80c735-cb93-438b-a05e-dff27b2a1031 is not found
2022-04-27 10:52:45,941 [grpc-default-executor-0] WARN  server.GrpcLogAppender (LogUtils.java:warn(122)) - fb1b2524-5f72-4172-b06b-98bf8bab58d7@group-7308F894FD3A->b4543bad-81d3-4f1d-9fc6-5e97dcd2d8eb-AppendLogResponseHandler: Failed appendEntries: org.apache.ratis.thirdparty.io.grpc.StatusRuntimeException: UNAVAILABLE: io exception
2022-04-27 10:52:45,941 [grpc-default-executor-0] WARN  server.GrpcLogAppender (GrpcLogAppender.java:resetClient(110)) - fb1b2524-5f72-4172-b06b-98bf8bab58d7@group-7308F894FD3A->b4543bad-81d3-4f1d-9fc6-5e97dcd2d8eb-GrpcLogAppender: Leader has not got in touch with Follower fb1b2524-5f72-4172-b06b-98bf8bab58d7@group-7308F894FD3A->b4543bad-81d3-4f1d-9fc6-5e97dcd2d8eb(c0,m0,n1, attendVote=true, lastRpcSendTime=1, lastRpcResponseTime=5013) yet, just keep nextIndex unchanged and retry.
2022-04-27 10:52:45,992 [EventQueue-PipelineReportForPipelineReportHandler] INFO  pipeline.PipelineReportHandler (PipelineReportHandler.java:processPipelineReport(113)) - Reported pipeline PipelineID=cf80c735-cb93-438b-a05e-dff27b2a1031 is not found
2022-04-27 10:52:45,998 [FixedThreadPoolWithAffinityExecutor-1-0] WARN  container.ContainerReportHandler (AbstractContainerReportHandler.java:updateContainerState(255)) - Container #4 is in OPEN state, but the datanode 5305b34f-83d0-4be9-8032-f631ee150b78{ip: 10.1.0.29, host: fv-az270-423.tacnzluakwdehk1hpragurqkma.bx.internal.cloudapp.net, ports: [REPLICATION=45903, RATIS=34741, RATIS_ADMIN=34741, RATIS_SERVER=34741, STANDALONE=45233], networkLocation: /default-rack, certSerialId: null, persistedOpState: IN_SERVICE, persistedOpStateExpiryEpochSec: 0} reports an CLOSED replica.
2022-04-27 10:52:46,081 [EventQueue-PipelineReportForPipelineReportHandler] INFO  pipeline.PipelineReportHandler (PipelineReportHandler.java:processPipelineReport(113)) - Reported pipeline PipelineID=cf80c735-cb93-438b-a05e-dff27b2a1031 is not found
2022-04-27 10:52:46,197 [EventQueue-PipelineReportForPipelineReportHandler] INFO  pipeline.PipelineReportHandler (PipelineReportHandler.java:processPipelineReport(113)) - Reported pipeline PipelineID=cf80c735-cb93-438b-a05e-dff27b2a1031 is not found
2022-04-27 10:52:46,199 [FixedThreadPoolWithAffinityExecutor-9-0] WARN  container.ContainerReportHandler (AbstractContainerReportHandler.java:updateContainerState(255)) - Container #4 is in OPEN state, but the datanode 5305b34f-83d0-4be9-8032-f631ee150b78{ip: 10.1.0.29, host: fv-az270-423.tacnzluakwdehk1hpragurqkma.bx.internal.cloudapp.net, ports: [REPLICATION=45903, RATIS=34741, RATIS_ADMIN=34741, RATIS_SERVER=34741, STANDALONE=45233], networkLocation: /default-rack, certSerialId: null, persistedOpState: IN_SERVICE, persistedOpStateExpiryEpochSec: 0} reports an CLOSED replica.
2022-04-27 10:52:46,400 [EventQueue-PipelineReportForPipelineReportHandler] INFO  pipeline.PipelineReportHandler (PipelineReportHandler.java:processPipelineReport(113)) - Reported pipeline PipelineID=cf80c735-cb93-438b-a05e-dff27b2a1031 is not found
2022-04-27 10:52:46,481 [EventQueue-PipelineReportForPipelineReportHandler] INFO  pipeline.PipelineReportHandler (PipelineReportHandler.java:processPipelineReport(113)) - Reported pipeline PipelineID=cf80c735-cb93-438b-a05e-dff27b2a1031 is not found
2022-04-27 10:52:46,555 [grpc-default-executor-0] WARN  server.GrpcLogAppender (LogUtils.java:warn(122)) - 5305b34f-83d0-4be9-8032-f631ee150b78@group-75AB1B4BA813->b4543bad-81d3-4f1d-9fc6-5e97dcd2d8eb-AppendLogResponseHandler: Failed appendEntries: org.apache.ratis.thirdparty.io.grpc.StatusRuntimeException: UNAVAILABLE: io exception
2022-04-27 10:52:46,556 [grpc-default-executor-0] WARN  server.GrpcLogAppender (GrpcLogAppender.java:resetClient(110)) - 5305b34f-83d0-4be9-8032-f631ee150b78@group-75AB1B4BA813->b4543bad-81d3-4f1d-9fc6-5e97dcd2d8eb-GrpcLogAppender: Leader has not got in touch with Follower 5305b34f-83d0-4be9-8032-f631ee150b78@group-75AB1B4BA813->b4543bad-81d3-4f1d-9fc6-5e97dcd2d8eb(c0,m0,n1, attendVote=true, lastRpcSendTime=0, lastRpcResponseTime=5002) yet, just keep nextIndex unchanged and retry.
2022-04-27 10:52:46,598 [EventQueue-PipelineReportForPipelineReportHandler] INFO  pipeline.PipelineReportHandler (PipelineReportHandler.java:processPipelineReport(113)) - Reported pipeline PipelineID=cf80c735-cb93-438b-a05e-dff27b2a1031 is not found
2022-04-27 10:52:46,599 [FixedThreadPoolWithAffinityExecutor-9-0] WARN  container.ContainerReportHandler (AbstractContainerReportHandler.java:updateContainerState(255)) - Container #4 is in OPEN state, but the datanode 5305b34f-83d0-4be9-8032-f631ee150b78{ip: 10.1.0.29, host: fv-az270-423.tacnzluakwdehk1hpragurqkma.bx.internal.cloudapp.net, ports: [REPLICATION=45903, RATIS=34741, RATIS_ADMIN=34741, RATIS_SERVER=34741, STANDALONE=45233], networkLocation: /default-rack, certSerialId: null, persistedOpState: IN_SERVICE, persistedOpStateExpiryEpochSec: 0} reports an CLOSED replica.
2022-04-27 10:52:46,681 [EventQueue-PipelineReportForPipelineReportHandler] INFO  pipeline.PipelineReportHandler (PipelineReportHandler.java:processPipelineReport(113)) - Reported pipeline PipelineID=cf80c735-cb93-438b-a05e-dff27b2a1031 is not found
2022-04-27 10:52:46,791 [EventQueue-PipelineReportForPipelineReportHandler] INFO  pipeline.PipelineReportHandler (PipelineReportHandler.java:processPipelineReport(113)) - Reported pipeline PipelineID=cf80c735-cb93-438b-a05e-dff27b2a1031 is not found
2022-04-27 10:52:46,991 [EventQueue-PipelineReportForPipelineReportHandler] INFO  pipeline.PipelineReportHandler (PipelineReportHandler.java:processPipelineReport(113)) - Reported pipeline PipelineID=cf80c735-cb93-438b-a05e-dff27b2a1031 is not found
2022-04-27 10:52:46,997 [EventQueue-PipelineReportForPipelineReportHandler] INFO  pipeline.PipelineReportHandler (PipelineReportHandler.java:processPipelineReport(113)) - Reported pipeline PipelineID=cf80c735-cb93-438b-a05e-dff27b2a1031 is not found
2022-04-27 10:52:46,999 [FixedThreadPoolWithAffinityExecutor-1-0] WARN  container.ContainerReportHandler (AbstractContainerReportHandler.java:updateContainerState(255)) - Container #4 is in OPEN state, but the datanode 5305b34f-83d0-4be9-8032-f631ee150b78{ip: 10.1.0.29, host: fv-az270-423.tacnzluakwdehk1hpragurqkma.bx.internal.cloudapp.net, ports: [REPLICATION=45903, RATIS=34741, RATIS_ADMIN=34741, RATIS_SERVER=34741, STANDALONE=45233], networkLocation: /default-rack, certSerialId: null, persistedOpState: IN_SERVICE, persistedOpStateExpiryEpochSec: 0} reports an CLOSED replica.
2022-04-27 10:52:47,081 [EventQueue-PipelineReportForPipelineReportHandler] INFO  pipeline.PipelineReportHandler (PipelineReportHandler.java:processPipelineReport(113)) - Reported pipeline PipelineID=cf80c735-cb93-438b-a05e-dff27b2a1031 is not found
2022-04-27 10:52:47,204 [EventQueue-PipelineReportForPipelineReportHandler] INFO  pipeline.PipelineReportHandler (PipelineReportHandler.java:processPipelineReport(113)) - Reported pipeline PipelineID=cf80c735-cb93-438b-a05e-dff27b2a1031 is not found
2022-04-27 10:52:47,390 [EventQueue-PipelineReportForPipelineReportHandler] INFO  pipeline.PipelineReportHandler (PipelineReportHandler.java:processPipelineReport(113)) - Reported pipeline PipelineID=cf80c735-cb93-438b-a05e-dff27b2a1031 is not found
2022-04-27 10:52:47,400 [FixedThreadPoolWithAffinityExecutor-9-0] WARN  container.ContainerReportHandler (AbstractContainerReportHandler.java:updateContainerState(255)) - Container #4 is in OPEN state, but the datanode 5305b34f-83d0-4be9-8032-f631ee150b78{ip: 10.1.0.29, host: fv-az270-423.tacnzluakwdehk1hpragurqkma.bx.internal.cloudapp.net, ports: [REPLICATION=45903, RATIS=34741, RATIS_ADMIN=34741, RATIS_SERVER=34741, STANDALONE=45233], networkLocation: /default-rack, certSerialId: null, persistedOpState: IN_SERVICE, persistedOpStateExpiryEpochSec: 0} reports an CLOSED replica.
2022-04-27 10:52:47,481 [EventQueue-PipelineReportForPipelineReportHandler] INFO  pipeline.PipelineReportHandler (PipelineReportHandler.java:processPipelineReport(113)) - Reported pipeline PipelineID=cf80c735-cb93-438b-a05e-dff27b2a1031 is not found
2022-04-27 10:52:47,601 [FixedThreadPoolWithAffinityExecutor-1-0] WARN  container.ContainerReportHandler (AbstractContainerReportHandler.java:updateContainerState(255)) - Container #4 is in OPEN state, but the datanode 5305b34f-83d0-4be9-8032-f631ee150b78{ip: 10.1.0.29, host: fv-az270-423.tacnzluakwdehk1hpragurqkma.bx.internal.cloudapp.net, ports: [REPLICATION=45903, RATIS=34741, RATIS_ADMIN=34741, RATIS_SERVER=34741, STANDALONE=45233], networkLocation: /default-rack, certSerialId: null, persistedOpState: IN_SERVICE, persistedOpStateExpiryEpochSec: 0} reports an CLOSED replica.
2022-04-27 10:52:47,601 [EventQueue-PipelineReportForPipelineReportHandler] INFO  pipeline.PipelineReportHandler (PipelineReportHandler.java:processPipelineReport(113)) - Reported pipeline PipelineID=cf80c735-cb93-438b-a05e-dff27b2a1031 is not found
2022-04-27 10:52:47,682 [EventQueue-PipelineReportForPipelineReportHandler] INFO  pipeline.PipelineReportHandler (PipelineReportHandler.java:processPipelineReport(113)) - Reported pipeline PipelineID=cf80c735-cb93-438b-a05e-dff27b2a1031 is not found
2022-04-27 10:52:47,791 [EventQueue-PipelineReportForPipelineReportHandler] INFO  pipeline.PipelineReportHandler (PipelineReportHandler.java:processPipelineReport(113)) - Reported pipeline PipelineID=cf80c735-cb93-438b-a05e-dff27b2a1031 is not found
2022-04-27 10:52:47,899 [EventQueue-PipelineReportForPipelineReportHandler] INFO  pipeline.PipelineReportHandler (PipelineReportHandler.java:processPipelineReport(113)) - Reported pipeline PipelineID=cf80c735-cb93-438b-a05e-dff27b2a1031 is not found
2022-04-27 10:52:47,996 [EventQueue-PipelineReportForPipelineReportHandler] INFO  pipeline.PipelineReportHandler (PipelineReportHandler.java:processPipelineReport(113)) - Reported pipeline PipelineID=cf80c735-cb93-438b-a05e-dff27b2a1031 is not found
2022-04-27 10:52:48,001 [FixedThreadPoolWithAffinityExecutor-1-0] WARN  container.ContainerReportHandler (AbstractContainerReportHandler.java:updateContainerState(255)) - Container #4 is in OPEN state, but the datanode 5305b34f-83d0-4be9-8032-f631ee150b78{ip: 10.1.0.29, host: fv-az270-423.tacnzluakwdehk1hpragurqkma.bx.internal.cloudapp.net, ports: [REPLICATION=45903, RATIS=34741, RATIS_ADMIN=34741, RATIS_SERVER=34741, STANDALONE=45233], networkLocation: /default-rack, certSerialId: null, persistedOpState: IN_SERVICE, persistedOpStateExpiryEpochSec: 0} reports an CLOSED replica.
2022-04-27 10:52:48,001 [EventQueue-PipelineReportForPipelineReportHandler] INFO  pipeline.PipelineReportHandler (PipelineReportHandler.java:processPipelineReport(113)) - Reported pipeline PipelineID=cf80c735-cb93-438b-a05e-dff27b2a1031 is not found
2022-04-27 10:52:48,099 [EventQueue-PipelineReportForPipelineReportHandler] INFO  pipeline.PipelineReportHandler (PipelineReportHandler.java:processPipelineReport(113)) - Reported pipeline PipelineID=cf80c735-cb93-438b-a05e-dff27b2a1031 is not found
2022-04-27 10:52:48,196 [EventQueue-PipelineReportForPipelineReportHandler] INFO  pipeline.PipelineReportHandler (PipelineReportHandler.java:processPipelineReport(113)) - Reported pipeline PipelineID=cf80c735-cb93-438b-a05e-dff27b2a1031 is not found
2022-04-27 10:52:48,200 [FixedThreadPoolWithAffinityExecutor-1-0] WARN  container.ContainerReportHandler (AbstractContainerReportHandler.java:updateContainerState(255)) - Container #4 is in OPEN state, but the datanode 5305b34f-83d0-4be9-8032-f631ee150b78{ip: 10.1.0.29, host: fv-az270-423.tacnzluakwdehk1hpragurqkma.bx.internal.cloudapp.net, ports: [REPLICATION=45903, RATIS=34741, RATIS_ADMIN=34741, RATIS_SERVER=34741, STANDALONE=45233], networkLocation: /default-rack, certSerialId: null, persistedOpState: IN_SERVICE, persistedOpStateExpiryEpochSec: 0} reports an CLOSED replica.
2022-04-27 10:52:48,201 [EventQueue-PipelineReportForPipelineReportHandler] INFO  pipeline.PipelineReportHandler (PipelineReportHandler.java:processPipelineReport(113)) - Reported pipeline PipelineID=cf80c735-cb93-438b-a05e-dff27b2a1031 is not found
2022-04-27 10:52:48,227 [Listener at 127.0.0.1/43313] INFO  statemachine.DatanodeStateMachine (DatanodeStateMachine.java:stopDaemon(560)) - Ozone container server stopped.
2022-04-27 10:52:48,248 [Listener at 127.0.0.1/43313] INFO  handler.ContextHandler (ContextHandler.java:doStop(1153)) - Stopped o.e.j.w.WebAppContext@2321035{hddsDatanode,/,null,STOPPED}{jar:file:/home/runner/.m2/repository/org/apache/ozone/hdds-container-service/1.3.0-SNAPSHOT/hdds-container-service-1.3.0-SNAPSHOT.jar!/webapps/hddsDatanode}
2022-04-27 10:52:48,264 [Listener at 127.0.0.1/43313] INFO  server.AbstractConnector (AbstractConnector.java:doStop(381)) - Stopped ServerConnector@10320992{HTTP/1.1, (http/1.1)}{0.0.0.0:0}
2022-04-27 10:52:48,265 [Listener at 127.0.0.1/43313] INFO  server.session (HouseKeeper.java:stopScavenging(149)) - node0 Stopped scavenging
2022-04-27 10:52:48,265 [Listener at 127.0.0.1/43313] INFO  handler.ContextHandler (ContextHandler.java:doStop(1153)) - Stopped o.e.j.s.ServletContextHandler@3c844476{static,/static,jar:file:/home/runner/.m2/repository/org/apache/ozone/hdds-container-service/1.3.0-SNAPSHOT/hdds-container-service-1.3.0-SNAPSHOT.jar!/webapps/static,STOPPED}
2022-04-27 10:52:48,266 [Listener at 127.0.0.1/43313] INFO  handler.ContextHandler (ContextHandler.java:doStop(1153)) - Stopped o.e.j.s.ServletContextHandler@3948f7b9{logs,/logs,file:///home/runner/work/ozone/ozone/hadoop-ozone/integration-test/target/log,STOPPED}
2022-04-27 10:52:48,272 [Listener at 127.0.0.1/43313] WARN  impl.MetricRegistriesImpl (MetricRegistriesImpl.java:addReporterRegistration(111)) - New reporters are added after registries were created. Some metrics will be missing from the reporter. Please add reporter before adding any new registry.
2022-04-27 10:52:48,273 [Listener at 127.0.0.1/43313] WARN  impl.MetricRegistriesImpl (MetricRegistriesImpl.java:addReporterRegistration(111)) - New reporters are added after registries were created. Some metrics will be missing from the reporter. Please add reporter before adding any new registry.
2022-04-27 10:52:48,273 [Listener at 127.0.0.1/43313] INFO  impl.MetricsSystemImpl (MetricsSystemImpl.java:init(158)) - HddsDatanode metrics system started (again)
2022-04-27 10:52:48,384 [Listener at 127.0.0.1/43313] INFO  ozone.HddsDatanodeService (HddsDatanodeService.java:start(233)) - HddsDatanodeService host:fv-az270-423.tacnzluakwdehk1hpragurqkma.bx.internal.cloudapp.net ip:10.1.0.29
2022-04-27 10:52:48,400 [FixedThreadPoolWithAffinityExecutor-0-0] WARN  container.ContainerReportHandler (AbstractContainerReportHandler.java:updateContainerState(255)) - Container #4 is in OPEN state, but the datanode 5305b34f-83d0-4be9-8032-f631ee150b78{ip: 10.1.0.29, host: fv-az270-423.tacnzluakwdehk1hpragurqkma.bx.internal.cloudapp.net, ports: [REPLICATION=45903, RATIS=34741, RATIS_ADMIN=34741, RATIS_SERVER=34741, STANDALONE=45233], networkLocation: /default-rack, certSerialId: null, persistedOpState: IN_SERVICE, persistedOpStateExpiryEpochSec: 0} reports an CLOSED replica.
2022-04-27 10:52:48,437 [Listener at 127.0.0.1/43313] INFO  upgrade.AbstractLayoutVersionManager (AbstractLayoutVersionManager.java:init(79)) - Initializing Layout version manager with metadata layout = ERASURE_CODED_STORAGE_SUPPORT (version = 3), software layout = ERASURE_CODED_STORAGE_SUPPORT (version = 3)
2022-04-27 10:52:48,444 [grpc-default-executor-0] WARN  server.GrpcLogAppender (LogUtils.java:warn(122)) - fb1b2524-5f72-4172-b06b-98bf8bab58d7@group-7308F894FD3A->b4543bad-81d3-4f1d-9fc6-5e97dcd2d8eb-AppendLogResponseHandler: Failed appendEntries: org.apache.ratis.thirdparty.io.grpc.StatusRuntimeException: UNAVAILABLE: io exception
2022-04-27 10:52:48,445 [grpc-default-executor-0] WARN  server.GrpcLogAppender (GrpcLogAppender.java:resetClient(110)) - fb1b2524-5f72-4172-b06b-98bf8bab58d7@group-7308F894FD3A->b4543bad-81d3-4f1d-9fc6-5e97dcd2d8eb-GrpcLogAppender: Leader has not got in touch with Follower fb1b2524-5f72-4172-b06b-98bf8bab58d7@group-7308F894FD3A->b4543bad-81d3-4f1d-9fc6-5e97dcd2d8eb(c0,m0,n1, attendVote=true, lastRpcSendTime=2504, lastRpcResponseTime=7516) yet, just keep nextIndex unchanged and retry.
2022-04-27 10:52:48,497 [EventQueue-PipelineReportForPipelineReportHandler] INFO  pipeline.PipelineReportHandler (PipelineReportHandler.java:processPipelineReport(113)) - Reported pipeline PipelineID=cf80c735-cb93-438b-a05e-dff27b2a1031 is not found
2022-04-27 10:52:48,562 [Listener at 127.0.0.1/43313] INFO  reflections.Reflections (Reflections.java:scan(232)) - Reflections took 123 ms to scan 7 urls, producing 126 keys and 287 values 
2022-04-27 10:52:48,566 [Listener at 127.0.0.1/43313] INFO  statemachine.DatanodeStateMachine (DatanodeStateMachine.java:getEndPointTaskThreadPoolSize(224)) - Datanode State Machine Task Thread Pool size 2
2022-04-27 10:52:48,582 [Listener at 127.0.0.1/43313] INFO  volume.HddsVolume (HddsVolume.java:<init>(120)) - Creating HddsVolume: /home/runner/work/ozone/ozone/hadoop-ozone/integration-test/target/test-dir/MiniOzoneClusterImpl-6fb830c9-5413-49cc-a625-6cf41c4e5c97/datanode-0/data-0/containers/hdds of storage type : DISK capacity : 9223372036854775807
2022-04-27 10:52:48,583 [Listener at 127.0.0.1/43313] INFO  volume.MutableVolumeSet (MutableVolumeSet.java:initializeVolumeSet(168)) - Added Volume : /home/runner/work/ozone/ozone/hadoop-ozone/integration-test/target/test-dir/MiniOzoneClusterImpl-6fb830c9-5413-49cc-a625-6cf41c4e5c97/datanode-0/data-0/containers/hdds to VolumeSet
2022-04-27 10:52:48,583 [Listener at 127.0.0.1/43313] INFO  volume.ThrottledAsyncChecker (ThrottledAsyncChecker.java:schedule(141)) - Scheduling a check for /home/runner/work/ozone/ozone/hadoop-ozone/integration-test/target/test-dir/MiniOzoneClusterImpl-6fb830c9-5413-49cc-a625-6cf41c4e5c97/datanode-0/data-0/containers/hdds
2022-04-27 10:52:48,590 [Listener at 127.0.0.1/43313] INFO  volume.StorageVolumeChecker (StorageVolumeChecker.java:checkAllVolumes(202)) - Scheduled health check for volume /home/runner/work/ozone/ozone/hadoop-ozone/integration-test/target/test-dir/MiniOzoneClusterImpl-6fb830c9-5413-49cc-a625-6cf41c4e5c97/datanode-0/data-0/containers/hdds
2022-04-27 10:52:48,596 [EventQueue-PipelineReportForPipelineReportHandler] INFO  pipeline.PipelineReportHandler (PipelineReportHandler.java:processPipelineReport(113)) - Reported pipeline PipelineID=cf80c735-cb93-438b-a05e-dff27b2a1031 is not found
2022-04-27 10:52:48,604 [EventQueue-PipelineReportForPipelineReportHandler] INFO  pipeline.PipelineReportHandler (PipelineReportHandler.java:processPipelineReport(113)) - Reported pipeline PipelineID=cf80c735-cb93-438b-a05e-dff27b2a1031 is not found
2022-04-27 10:52:48,621 [Listener at 127.0.0.1/43313] INFO  volume.MutableVolumeSet (MutableVolumeSet.java:initializeVolumeSet(168)) - Added Volume : /home/runner/work/ozone/ozone/hadoop-ozone/integration-test/target/test-dir/MiniOzoneClusterImpl-6fb830c9-5413-49cc-a625-6cf41c4e5c97/datanode-0/data/ratis4529ee17-ae94-42df-8cef-90c8b32096a2 to VolumeSet
2022-04-27 10:52:48,621 [Listener at 127.0.0.1/43313] INFO  volume.ThrottledAsyncChecker (ThrottledAsyncChecker.java:schedule(141)) - Scheduling a check for /home/runner/work/ozone/ozone/hadoop-ozone/integration-test/target/test-dir/MiniOzoneClusterImpl-6fb830c9-5413-49cc-a625-6cf41c4e5c97/datanode-0/data/ratis4529ee17-ae94-42df-8cef-90c8b32096a2
2022-04-27 10:52:48,622 [Listener at 127.0.0.1/43313] INFO  volume.StorageVolumeChecker (StorageVolumeChecker.java:checkAllVolumes(202)) - Scheduled health check for volume /home/runner/work/ozone/ozone/hadoop-ozone/integration-test/target/test-dir/MiniOzoneClusterImpl-6fb830c9-5413-49cc-a625-6cf41c4e5c97/datanode-0/data/ratis4529ee17-ae94-42df-8cef-90c8b32096a2
2022-04-27 10:52:48,656 [Thread-969] INFO  ozoneimpl.ContainerReader (ContainerReader.java:readVolume(142)) - Start to verify containers on volume /home/runner/work/ozone/ozone/hadoop-ozone/integration-test/target/test-dir/MiniOzoneClusterImpl-6fb830c9-5413-49cc-a625-6cf41c4e5c97/datanode-0/data-0/containers/hdds
2022-04-27 10:52:48,656 [Thread-969] INFO  ozoneimpl.ContainerReader (ContainerReader.java:readVolume(172)) - Finish verifying containers on volume /home/runner/work/ozone/ozone/hadoop-ozone/integration-test/target/test-dir/MiniOzoneClusterImpl-6fb830c9-5413-49cc-a625-6cf41c4e5c97/datanode-0/data-0/containers/hdds
2022-04-27 10:52:48,656 [Listener at 127.0.0.1/43313] INFO  ozoneimpl.OzoneContainer (OzoneContainer.java:buildContainerSet(257)) - Build ContainerSet costs 0s
2022-04-27 10:52:48,659 [Listener at 127.0.0.1/43313] INFO  server.RaftServer (ConfUtils.java:logGet(44)) - raft.rpc.type = GRPC (default)
2022-04-27 10:52:48,659 [Listener at 127.0.0.1/43313] INFO  grpc.GrpcFactory (GrpcFactory.java:checkPooledByteBufAllocatorUseCacheForAllThreads(48)) - PERFORMANCE WARNING: useCacheForAllThreads is true that may cause Netty to create a lot garbage objects and, as a result, trigger GC.
	It is recommended to disable useCacheForAllThreads by setting -Dorg.apache.ratis.thirdparty.io.netty.allocator.useCacheForAllThreads=false in command line.
2022-04-27 10:52:48,659 [Listener at 127.0.0.1/43313] INFO  grpc.GrpcConfigKeys (ConfUtils.java:logGet(44)) - raft.grpc.admin.port = 41129 (custom)
2022-04-27 10:52:48,660 [Listener at 127.0.0.1/43313] INFO  grpc.GrpcConfigKeys (ConfUtils.java:logGet(44)) - raft.grpc.client.port = 41129 (custom)
2022-04-27 10:52:48,660 [Listener at 127.0.0.1/43313] INFO  grpc.GrpcConfigKeys (ConfUtils.java:logGet(44)) - raft.grpc.server.port = 41129 (custom)
2022-04-27 10:52:48,660 [Listener at 127.0.0.1/43313] INFO  server.GrpcService (ConfUtils.java:logGet(44)) - raft.grpc.message.size.max = 32MB (=33554432) (custom)
2022-04-27 10:52:48,660 [Listener at 127.0.0.1/43313] INFO  server.RaftServerConfigKeys (ConfUtils.java:logGet(44)) - raft.server.log.appender.buffer.byte-limit = 33554432 (custom)
2022-04-27 10:52:48,660 [Listener at 127.0.0.1/43313] INFO  server.GrpcService (ConfUtils.java:logGet(44)) - raft.grpc.flow.control.window = 5MB (=5242880) (custom)
2022-04-27 10:52:48,660 [Listener at 127.0.0.1/43313] INFO  server.RaftServerConfigKeys (ConfUtils.java:logGet(44)) - raft.server.rpc.request.timeout = 3000ms (default)
2022-04-27 10:52:48,662 [Listener at 127.0.0.1/43313] INFO  impl.DataStreamServerImpl (ConfUtils.java:logGet(44)) - raft.datastream.type = DISABLED (default)
2022-04-27 10:52:48,662 [Listener at 127.0.0.1/43313] INFO  server.RaftServerConfigKeys (ConfUtils.java:logGet(44)) - raft.server.rpc.slowness.timeout = 300000ms (custom)
2022-04-27 10:52:48,662 [Listener at 127.0.0.1/43313] INFO  server.RaftServerConfigKeys (ConfUtils.java:logGet(44)) - raft.server.leaderelection.leader.step-down.wait-time = 10s (default)
2022-04-27 10:52:48,662 [Listener at 127.0.0.1/43313] INFO  server.RaftServerConfigKeys (ConfUtils.java:logGet(44)) - raft.server.storage.dir = [/home/runner/work/ozone/ozone/hadoop-ozone/integration-test/target/test-dir/MiniOzoneClusterImpl-6fb830c9-5413-49cc-a625-6cf41c4e5c97/datanode-0/data/ratis4529ee17-ae94-42df-8cef-90c8b32096a2] (custom)
2022-04-27 10:52:48,664 [Listener at 127.0.0.1/43313] INFO  server.XceiverServerGrpc (XceiverServerGrpc.java:<init>(132)) - GrpcServer channel type EpollServerSocketChannel
2022-04-27 10:52:48,671 [Listener at 127.0.0.1/43313] INFO  http.BaseHttpServer (BaseHttpServer.java:newHttpServer2BuilderForOzone(209)) - Starting Web-server for hddsDatanode at: http://0.0.0.0:41463
2022-04-27 10:52:48,672 [Listener at 127.0.0.1/43313] INFO  http.BaseHttpServer (BaseHttpServer.java:<init>(107)) - Hadoop Security Enabled: false Ozone Security Enabled: false Ozone HTTP Security Enabled: false 
2022-04-27 10:52:48,673 [Listener at 127.0.0.1/43313] INFO  server.AuthenticationFilter (AuthenticationFilter.java:constructSecretProvider(240)) - Unable to initialize FileSignerSecretProvider, falling back to use random secrets.
2022-04-27 10:52:48,680 [Listener at 127.0.0.1/43313] WARN  http.HttpRequestLog (HttpRequestLog.java:getRequestLog(103)) - Jetty request log can only be enabled using Log4j
2022-04-27 10:52:48,681 [Listener at 127.0.0.1/43313] INFO  http.HttpServer2 (HttpServer2.java:addGlobalFilter(1030)) - Added global filter 'safety' (class=org.apache.hadoop.hdds.server.http.HttpServer2$QuotingInputFilter)
2022-04-27 10:52:48,682 [Listener at 127.0.0.1/43313] INFO  http.HttpServer2 (HttpServer2.java:addFilter(1006)) - Added filter static_user_filter (class=org.apache.hadoop.http.lib.StaticUserWebFilter$StaticUserFilter) to context hddsDatanode
2022-04-27 10:52:48,682 [Listener at 127.0.0.1/43313] INFO  http.HttpServer2 (HttpServer2.java:addFilter(1014)) - Added filter static_user_filter (class=org.apache.hadoop.http.lib.StaticUserWebFilter$StaticUserFilter) to context static
2022-04-27 10:52:48,682 [Listener at 127.0.0.1/43313] INFO  http.HttpServer2 (HttpServer2.java:addFilter(1014)) - Added filter static_user_filter (class=org.apache.hadoop.http.lib.StaticUserWebFilter$StaticUserFilter) to context logs
2022-04-27 10:52:48,683 [Listener at 127.0.0.1/43313] INFO  http.HttpServer2 (HttpServer2.java:bindListener(1249)) - Jetty bound to port 41463
2022-04-27 10:52:48,683 [Listener at 127.0.0.1/43313] INFO  server.Server (Server.java:doStart(375)) - jetty-9.4.43.v20210629; built: 2021-06-30T11:07:22.254Z; git: 526006ecfa3af7f1a27ef3a288e2bef7ea9dd7e8; jvm 1.8.0_322-b06
2022-04-27 10:52:48,765 [Listener at 127.0.0.1/43313] INFO  server.session (DefaultSessionIdManager.java:doStart(334)) - DefaultSessionIdManager workerName=node0
2022-04-27 10:52:48,765 [Listener at 127.0.0.1/43313] INFO  server.session (DefaultSessionIdManager.java:doStart(339)) - No SessionScavenger set, using defaults
2022-04-27 10:52:48,765 [Listener at 127.0.0.1/43313] INFO  server.session (HouseKeeper.java:startScavenging(132)) - node0 Scavenging every 600000ms
2022-04-27 10:52:48,767 [Listener at 127.0.0.1/43313] INFO  handler.ContextHandler (ContextHandler.java:doStart(915)) - Started o.e.j.s.ServletContextHandler@7da41edd{logs,/logs,file:///home/runner/work/ozone/ozone/hadoop-ozone/integration-test/target/log,AVAILABLE}
2022-04-27 10:52:48,767 [Listener at 127.0.0.1/43313] INFO  handler.ContextHandler (ContextHandler.java:doStart(915)) - Started o.e.j.s.ServletContextHandler@1d2b441f{static,/static,jar:file:/home/runner/.m2/repository/org/apache/ozone/hdds-container-service/1.3.0-SNAPSHOT/hdds-container-service-1.3.0-SNAPSHOT.jar!/webapps/static,AVAILABLE}
2022-04-27 10:52:48,796 [EventQueue-PipelineReportForPipelineReportHandler] INFO  pipeline.PipelineReportHandler (PipelineReportHandler.java:processPipelineReport(113)) - Reported pipeline PipelineID=cf80c735-cb93-438b-a05e-dff27b2a1031 is not found
2022-04-27 10:52:48,804 [EventQueue-PipelineReportForPipelineReportHandler] INFO  pipeline.PipelineReportHandler (PipelineReportHandler.java:processPipelineReport(113)) - Reported pipeline PipelineID=cf80c735-cb93-438b-a05e-dff27b2a1031 is not found
2022-04-27 10:52:48,804 [FixedThreadPoolWithAffinityExecutor-1-0] WARN  container.ContainerReportHandler (AbstractContainerReportHandler.java:updateContainerState(255)) - Container #4 is in OPEN state, but the datanode 5305b34f-83d0-4be9-8032-f631ee150b78{ip: 10.1.0.29, host: fv-az270-423.tacnzluakwdehk1hpragurqkma.bx.internal.cloudapp.net, ports: [REPLICATION=45903, RATIS=34741, RATIS_ADMIN=34741, RATIS_SERVER=34741, STANDALONE=45233], networkLocation: /default-rack, certSerialId: null, persistedOpState: IN_SERVICE, persistedOpStateExpiryEpochSec: 0} reports an CLOSED replica.
2022-04-27 10:52:48,897 [EventQueue-PipelineReportForPipelineReportHandler] INFO  pipeline.PipelineReportHandler (PipelineReportHandler.java:processPipelineReport(113)) - Reported pipeline PipelineID=cf80c735-cb93-438b-a05e-dff27b2a1031 is not found
2022-04-27 10:52:48,996 [EventQueue-PipelineReportForPipelineReportHandler] INFO  pipeline.PipelineReportHandler (PipelineReportHandler.java:processPipelineReport(113)) - Reported pipeline PipelineID=cf80c735-cb93-438b-a05e-dff27b2a1031 is not found
2022-04-27 10:52:49,058 [grpc-default-executor-2] WARN  server.GrpcLogAppender (LogUtils.java:warn(122)) - 5305b34f-83d0-4be9-8032-f631ee150b78@group-75AB1B4BA813->b4543bad-81d3-4f1d-9fc6-5e97dcd2d8eb-AppendLogResponseHandler: Failed appendEntries: org.apache.ratis.thirdparty.io.grpc.StatusRuntimeException: UNAVAILABLE: io exception
2022-04-27 10:52:49,059 [grpc-default-executor-2] WARN  server.GrpcLogAppender (GrpcLogAppender.java:resetClient(110)) - 5305b34f-83d0-4be9-8032-f631ee150b78@group-75AB1B4BA813->b4543bad-81d3-4f1d-9fc6-5e97dcd2d8eb-GrpcLogAppender: Leader has not got in touch with Follower 5305b34f-83d0-4be9-8032-f631ee150b78@group-75AB1B4BA813->b4543bad-81d3-4f1d-9fc6-5e97dcd2d8eb(c0,m0,n1, attendVote=true, lastRpcSendTime=0, lastRpcResponseTime=7505) yet, just keep nextIndex unchanged and retry.
2022-04-27 10:52:49,204 [EventQueue-PipelineReportForPipelineReportHandler] INFO  pipeline.PipelineReportHandler (PipelineReportHandler.java:processPipelineReport(113)) - Reported pipeline PipelineID=cf80c735-cb93-438b-a05e-dff27b2a1031 is not found
2022-04-27 10:52:49,205 [FixedThreadPoolWithAffinityExecutor-9-0] WARN  container.ContainerReportHandler (AbstractContainerReportHandler.java:updateContainerState(255)) - Container #4 is in OPEN state, but the datanode 5305b34f-83d0-4be9-8032-f631ee150b78{ip: 10.1.0.29, host: fv-az270-423.tacnzluakwdehk1hpragurqkma.bx.internal.cloudapp.net, ports: [REPLICATION=45903, RATIS=34741, RATIS_ADMIN=34741, RATIS_SERVER=34741, STANDALONE=45233], networkLocation: /default-rack, certSerialId: null, persistedOpState: IN_SERVICE, persistedOpStateExpiryEpochSec: 0} reports an CLOSED replica.
2022-04-27 10:52:49,231 [Listener at 127.0.0.1/43313] INFO  handler.ContextHandler (ContextHandler.java:doStart(915)) - Started o.e.j.w.WebAppContext@398b656d{hddsDatanode,/,file:///tmp/jetty-0_0_0_0-41463-hdds-container-service-1_3_0-SNAPSHOT_jar-_-any-5872939493335761233/webapp/,AVAILABLE}{jar:file:/home/runner/.m2/repository/org/apache/ozone/hdds-container-service/1.3.0-SNAPSHOT/hdds-container-service-1.3.0-SNAPSHOT.jar!/webapps/hddsDatanode}
2022-04-27 10:52:49,250 [Listener at 127.0.0.1/43313] INFO  server.AbstractConnector (AbstractConnector.java:doStart(331)) - Started ServerConnector@e8d35e4{HTTP/1.1, (http/1.1)}{0.0.0.0:41463}
2022-04-27 10:52:49,251 [Listener at 127.0.0.1/43313] INFO  server.Server (Server.java:doStart(415)) - Started @67694ms
2022-04-27 10:52:49,251 [Listener at 127.0.0.1/43313] WARN  impl.MetricsSystemImpl (MetricsSystemImpl.java:register(279)) - Sink prometheus already exists!
2022-04-27 10:52:49,262 [Listener at 127.0.0.1/43313] INFO  http.BaseHttpServer (BaseHttpServer.java:updateConnectorAddress(329)) - HTTP server of hddsDatanode listening at http://0.0.0.0:41463
]]></system-out>
  </testcase>
  <testcase name="testUnhealthyContainer" classname="org.apache.hadoop.ozone.client.rpc.TestContainerStateMachineFailures" time="24.403">
    <system-out><![CDATA[2022-04-27 10:52:49,274 [Datanode State Machine Daemon Thread] INFO  statemachine.DatanodeStateMachine (DatanodeStateMachine.java:lambda$startDaemon$0(472)) - Ozone container server started.
2022-04-27 10:52:49,317 [org.apache.hadoop.util.JvmPauseMonitor$Monitor@167893fe] INFO  util.JvmPauseMonitor (JvmPauseMonitor.java:run(188)) - Starting JVM pause monitor
2022-04-27 10:52:49,320 [EventQueue-PipelineReportForPipelineReportHandler] INFO  pipeline.PipelineReportHandler (PipelineReportHandler.java:processPipelineReport(113)) - Reported pipeline PipelineID=cf80c735-cb93-438b-a05e-dff27b2a1031 is not found
2022-04-27 10:52:49,404 [EventQueue-PipelineReportForPipelineReportHandler] INFO  pipeline.PipelineReportHandler (PipelineReportHandler.java:processPipelineReport(113)) - Reported pipeline PipelineID=cf80c735-cb93-438b-a05e-dff27b2a1031 is not found
2022-04-27 10:52:49,406 [EventQueue-PipelineReportForPipelineReportHandler] INFO  pipeline.PipelineReportHandler (PipelineReportHandler.java:processPipelineReport(113)) - Reported pipeline PipelineID=cf80c735-cb93-438b-a05e-dff27b2a1031 is not found
2022-04-27 10:52:49,406 [FixedThreadPoolWithAffinityExecutor-1-0] WARN  container.ContainerReportHandler (AbstractContainerReportHandler.java:updateContainerState(255)) - Container #4 is in OPEN state, but the datanode 5305b34f-83d0-4be9-8032-f631ee150b78{ip: 10.1.0.29, host: fv-az270-423.tacnzluakwdehk1hpragurqkma.bx.internal.cloudapp.net, ports: [REPLICATION=45903, RATIS=34741, RATIS_ADMIN=34741, RATIS_SERVER=34741, STANDALONE=45233], networkLocation: /default-rack, certSerialId: null, persistedOpState: IN_SERVICE, persistedOpStateExpiryEpochSec: 0} reports an CLOSED replica.
2022-04-27 10:52:49,520 [EventQueue-PipelineReportForPipelineReportHandler] INFO  pipeline.PipelineReportHandler (PipelineReportHandler.java:processPipelineReport(113)) - Reported pipeline PipelineID=cf80c735-cb93-438b-a05e-dff27b2a1031 is not found
2022-04-27 10:52:49,605 [FixedThreadPoolWithAffinityExecutor-9-0] WARN  container.ContainerReportHandler (AbstractContainerReportHandler.java:updateContainerState(255)) - Container #4 is in OPEN state, but the datanode 5305b34f-83d0-4be9-8032-f631ee150b78{ip: 10.1.0.29, host: fv-az270-423.tacnzluakwdehk1hpragurqkma.bx.internal.cloudapp.net, ports: [REPLICATION=45903, RATIS=34741, RATIS_ADMIN=34741, RATIS_SERVER=34741, STANDALONE=45233], networkLocation: /default-rack, certSerialId: null, persistedOpState: IN_SERVICE, persistedOpStateExpiryEpochSec: 0} reports an CLOSED replica.
2022-04-27 10:52:49,700 [fc150688-1f76-4ec0-a672-aaf91f0753c3@group-88DB927C3E3A-StateMachineUpdater] INFO  ratis.ContainerStateMachine (ContainerStateMachine.java:takeSnapshot(304)) - group-88DB927C3E3A: Taking a snapshot at:(t:1, i:5) file /home/runner/work/ozone/ozone/hadoop-ozone/integration-test/target/test-dir/MiniOzoneClusterImpl-6fb830c9-5413-49cc-a625-6cf41c4e5c97/datanode-8/data/ratis/f3c8c0c5-a3de-4190-961f-88db927c3e3a/sm/snapshot.1_5
2022-04-27 10:52:49,701 [fc150688-1f76-4ec0-a672-aaf91f0753c3@group-88DB927C3E3A-StateMachineUpdater] INFO  ratis.ContainerStateMachine (ContainerStateMachine.java:takeSnapshot(315)) - group-88DB927C3E3A: Finished taking a snapshot at:(t:1, i:5) file:/home/runner/work/ozone/ozone/hadoop-ozone/integration-test/target/test-dir/MiniOzoneClusterImpl-6fb830c9-5413-49cc-a625-6cf41c4e5c97/datanode-8/data/ratis/f3c8c0c5-a3de-4190-961f-88db927c3e3a/sm/snapshot.1_5 took: 1 ms
2022-04-27 10:52:49,701 [fc150688-1f76-4ec0-a672-aaf91f0753c3@group-88DB927C3E3A-StateMachineUpdater] INFO  impl.StateMachineUpdater (StateMachineUpdater.java:takeSnapshot(281)) - fc150688-1f76-4ec0-a672-aaf91f0753c3@group-88DB927C3E3A-StateMachineUpdater: Took a snapshot at index 5
2022-04-27 10:52:49,701 [fc150688-1f76-4ec0-a672-aaf91f0753c3@group-88DB927C3E3A-StateMachineUpdater] INFO  impl.StateMachineUpdater (StateMachineUpdater.java:lambda$new$0(89)) - fc150688-1f76-4ec0-a672-aaf91f0753c3@group-88DB927C3E3A-StateMachineUpdater: snapshotIndex: updateIncreasingly 3 -> 5
2022-04-27 10:52:49,702 [fc150688-1f76-4ec0-a672-aaf91f0753c3@group-88DB927C3E3A-StateMachineUpdater] INFO  ratis.ContainerStateMachine (ContainerStateMachine.java:takeSnapshot(304)) - group-88DB927C3E3A: Taking a snapshot at:(t:1, i:6) file /home/runner/work/ozone/ozone/hadoop-ozone/integration-test/target/test-dir/MiniOzoneClusterImpl-6fb830c9-5413-49cc-a625-6cf41c4e5c97/datanode-8/data/ratis/f3c8c0c5-a3de-4190-961f-88db927c3e3a/sm/snapshot.1_6
2022-04-27 10:52:49,703 [fc150688-1f76-4ec0-a672-aaf91f0753c3@group-88DB927C3E3A-StateMachineUpdater] INFO  ratis.ContainerStateMachine (ContainerStateMachine.java:takeSnapshot(315)) - group-88DB927C3E3A: Finished taking a snapshot at:(t:1, i:6) file:/home/runner/work/ozone/ozone/hadoop-ozone/integration-test/target/test-dir/MiniOzoneClusterImpl-6fb830c9-5413-49cc-a625-6cf41c4e5c97/datanode-8/data/ratis/f3c8c0c5-a3de-4190-961f-88db927c3e3a/sm/snapshot.1_6 took: 1 ms
2022-04-27 10:52:49,704 [fc150688-1f76-4ec0-a672-aaf91f0753c3@group-88DB927C3E3A-StateMachineUpdater] INFO  impl.StateMachineUpdater (StateMachineUpdater.java:takeSnapshot(281)) - fc150688-1f76-4ec0-a672-aaf91f0753c3@group-88DB927C3E3A-StateMachineUpdater: Took a snapshot at index 6
2022-04-27 10:52:49,704 [fc150688-1f76-4ec0-a672-aaf91f0753c3@group-88DB927C3E3A-StateMachineUpdater] INFO  impl.StateMachineUpdater (StateMachineUpdater.java:lambda$new$0(89)) - fc150688-1f76-4ec0-a672-aaf91f0753c3@group-88DB927C3E3A-StateMachineUpdater: snapshotIndex: updateIncreasingly 5 -> 6
2022-04-27 10:52:49,705 [ChunkWriter-3-0] ERROR impl.ContainerLayoutVersion (ContainerLayoutVersion.java:getChunkDir(148)) - Chunks dir /home/runner/work/ozone/ozone/hadoop-ozone/integration-test/target/test-dir/MiniOzoneClusterImpl-6fb830c9-5413-49cc-a625-6cf41c4e5c97/datanode-8/data-0/containers/hdds/6fb830c9-5413-49cc-a625-6cf41c4e5c97/current/containerDir0/7/chunks does not exist
2022-04-27 10:52:49,705 [ChunkWriter-3-0] INFO  keyvalue.KeyValueHandler (ContainerUtils.java:logAndReturnError(88)) - Operation: WriteChunk , Trace ID:  , Message: Chunks directory /home/runner/work/ozone/ozone/hadoop-ozone/integration-test/target/test-dir/MiniOzoneClusterImpl-6fb830c9-5413-49cc-a625-6cf41c4e5c97/datanode-8/data-0/containers/hdds/6fb830c9-5413-49cc-a625-6cf41c4e5c97/current/containerDir0/7/chunks does not exist. , Result: UNABLE_TO_FIND_DATA_DIR , StorageContainerException Occurred.
org.apache.hadoop.hdds.scm.container.common.helpers.StorageContainerException: Chunks directory /home/runner/work/ozone/ozone/hadoop-ozone/integration-test/target/test-dir/MiniOzoneClusterImpl-6fb830c9-5413-49cc-a625-6cf41c4e5c97/datanode-8/data-0/containers/hdds/6fb830c9-5413-49cc-a625-6cf41c4e5c97/current/containerDir0/7/chunks does not exist.
	at org.apache.hadoop.ozone.container.common.impl.ContainerLayoutVersion.getChunkDir(ContainerLayoutVersion.java:150)
	at org.apache.hadoop.ozone.container.common.impl.ContainerLayoutVersion.getChunkFile(ContainerLayoutVersion.java:126)
	at org.apache.hadoop.ozone.container.keyvalue.impl.FilePerBlockStrategy.getChunkFile(FilePerBlockStrategy.java:237)
	at org.apache.hadoop.ozone.container.keyvalue.impl.FilePerBlockStrategy.writeChunk(FilePerBlockStrategy.java:119)
	at org.apache.hadoop.ozone.container.keyvalue.impl.ChunkManagerDispatcher.writeChunk(ChunkManagerDispatcher.java:73)
	at org.apache.hadoop.ozone.container.keyvalue.KeyValueHandler.handleWriteChunk(KeyValueHandler.java:744)
	at org.apache.hadoop.ozone.container.keyvalue.KeyValueHandler.dispatchRequest(KeyValueHandler.java:226)
	at org.apache.hadoop.ozone.container.keyvalue.KeyValueHandler.handle(KeyValueHandler.java:190)
	at org.apache.hadoop.ozone.container.common.impl.HddsDispatcher.dispatchRequest(HddsDispatcher.java:307)
	at org.apache.hadoop.ozone.container.common.impl.HddsDispatcher.lambda$dispatch$0(HddsDispatcher.java:169)
	at org.apache.hadoop.hdds.server.OzoneProtocolMessageDispatcher.processRequest(OzoneProtocolMessageDispatcher.java:87)
	at org.apache.hadoop.ozone.container.common.impl.HddsDispatcher.dispatch(HddsDispatcher.java:168)
	at org.apache.hadoop.ozone.container.common.transport.server.ratis.ContainerStateMachine.dispatchCommand(ContainerStateMachine.java:413)
	at org.apache.hadoop.ozone.container.common.transport.server.ratis.ContainerStateMachine.runCommand(ContainerStateMachine.java:423)
	at org.apache.hadoop.ozone.container.common.transport.server.ratis.ContainerStateMachine.lambda$handleWriteChunk$1(ContainerStateMachine.java:455)
	at java.util.concurrent.CompletableFuture$AsyncSupply.run(CompletableFuture.java:1604)
	at java.util.concurrent.ThreadPoolExecutor.runWorker(ThreadPoolExecutor.java:1149)
	at java.util.concurrent.ThreadPoolExecutor$Worker.run(ThreadPoolExecutor.java:624)
	at java.lang.Thread.run(Thread.java:750)
2022-04-27 10:52:49,709 [ChunkWriter-3-0] WARN  keyvalue.KeyValueContainer (KeyValueContainer.java:markContainerUnhealthy(327)) - Moving container /home/runner/work/ozone/ozone/hadoop-ozone/integration-test/target/test-dir/MiniOzoneClusterImpl-6fb830c9-5413-49cc-a625-6cf41c4e5c97/datanode-8/data-0/containers/hdds/6fb830c9-5413-49cc-a625-6cf41c4e5c97/current/containerDir0/7 to state UNHEALTHY from state:UNHEALTHY Trace:java.lang.Thread.getStackTrace(Thread.java:1564)
org.apache.hadoop.util.StringUtils.getStackTrace(StringUtils.java:1060)
org.apache.hadoop.ozone.container.keyvalue.KeyValueContainer.markContainerUnhealthy(KeyValueContainer.java:329)
org.apache.hadoop.ozone.container.keyvalue.KeyValueHandler.markContainerUnhealthy(KeyValueHandler.java:989)
org.apache.hadoop.ozone.container.common.impl.HddsDispatcher.dispatchRequest(HddsDispatcher.java:350)
org.apache.hadoop.ozone.container.common.impl.HddsDispatcher.lambda$dispatch$0(HddsDispatcher.java:169)
org.apache.hadoop.hdds.server.OzoneProtocolMessageDispatcher.processRequest(OzoneProtocolMessageDispatcher.java:87)
org.apache.hadoop.ozone.container.common.impl.HddsDispatcher.dispatch(HddsDispatcher.java:168)
org.apache.hadoop.ozone.container.common.transport.server.ratis.ContainerStateMachine.dispatchCommand(ContainerStateMachine.java:413)
org.apache.hadoop.ozone.container.common.transport.server.ratis.ContainerStateMachine.runCommand(ContainerStateMachine.java:423)
org.apache.hadoop.ozone.container.common.transport.server.ratis.ContainerStateMachine.lambda$handleWriteChunk$1(ContainerStateMachine.java:455)
java.util.concurrent.CompletableFuture$AsyncSupply.run(CompletableFuture.java:1604)
java.util.concurrent.ThreadPoolExecutor.runWorker(ThreadPoolExecutor.java:1149)
java.util.concurrent.ThreadPoolExecutor$Worker.run(ThreadPoolExecutor.java:624)
java.lang.Thread.run(Thread.java:750)

10:52:49.712 [grpc-default-executor-2] ERROR DNAudit - user=null | ip=null | op=PUT_BLOCK {blockData=[blockId=conID: 7 locID: 109611004723200007 bcsId: 0, size=10]} | ret=FAILURE
org.apache.hadoop.hdds.scm.container.common.helpers.ContainerNotOpenException: Container 7 in UNHEALTHY state
	at org.apache.hadoop.ozone.container.common.impl.HddsDispatcher.validateContainerCommand(HddsDispatcher.java:486) ~[hdds-container-service-1.3.0-SNAPSHOT.jar:?]
	at org.apache.hadoop.ozone.container.common.transport.server.ratis.ContainerStateMachine.startTransaction(ContainerStateMachine.java:330) ~[hdds-container-service-1.3.0-SNAPSHOT.jar:?]
	at org.apache.ratis.server.impl.RaftServerImpl.submitClientRequestAsync(RaftServerImpl.java:797) ~[ratis-server-2.2.0.jar:2.2.0]
	at org.apache.ratis.server.impl.RaftServerProxy.lambda$submitClientRequestAsync$9(RaftServerProxy.java:417) ~[ratis-server-2.2.0.jar:2.2.0]
	at org.apache.ratis.server.impl.RaftServerProxy.lambda$null$7(RaftServerProxy.java:412) ~[ratis-server-2.2.0.jar:2.2.0]
	at org.apache.ratis.util.JavaUtils.callAsUnchecked(JavaUtils.java:115) ~[ratis-common-2.2.0.jar:2.2.0]
	at org.apache.ratis.server.impl.RaftServerProxy.lambda$submitRequest$8(RaftServerProxy.java:412) ~[ratis-server-2.2.0.jar:2.2.0]
	at java.util.concurrent.CompletableFuture.uniComposeStage(CompletableFuture.java:995) ~[?:1.8.0_322]
	at java.util.concurrent.CompletableFuture.thenCompose(CompletableFuture.java:2137) ~[?:1.8.0_322]
	at org.apache.ratis.server.impl.RaftServerProxy.submitRequest(RaftServerProxy.java:411) ~[ratis-server-2.2.0.jar:2.2.0]
	at org.apache.ratis.server.impl.RaftServerProxy.submitClientRequestAsync(RaftServerProxy.java:417) ~[ratis-server-2.2.0.jar:2.2.0]
	at org.apache.ratis.grpc.client.GrpcClientProtocolService$RequestStreamObserver.processClientRequest(GrpcClientProtocolService.java:222) ~[ratis-grpc-2.2.0.jar:2.2.0]
	at org.apache.ratis.grpc.client.GrpcClientProtocolService$OrderedRequestStreamObserver.processClientRequest(GrpcClientProtocolService.java:328) ~[ratis-grpc-2.2.0.jar:2.2.0]
	at org.apache.ratis.util.SlidingWindow$Server.processRequestsFromHead(SlidingWindow.java:431) [ratis-common-2.2.0.jar:2.2.0]
	at org.apache.ratis.util.SlidingWindow$Server.receivedRequest(SlidingWindow.java:423) [ratis-common-2.2.0.jar:2.2.0]
	at org.apache.ratis.grpc.client.GrpcClientProtocolService$OrderedRequestStreamObserver.processClientRequest(GrpcClientProtocolService.java:352) [ratis-grpc-2.2.0.jar:2.2.0]
	at org.apache.ratis.grpc.client.GrpcClientProtocolService$RequestStreamObserver.onNext(GrpcClientProtocolService.java:242) [ratis-grpc-2.2.0.jar:2.2.0]
	at org.apache.ratis.grpc.client.GrpcClientProtocolService$RequestStreamObserver.onNext(GrpcClientProtocolService.java:165) [ratis-grpc-2.2.0.jar:2.2.0]
	at org.apache.ratis.thirdparty.io.grpc.stub.ServerCalls$StreamingServerCallHandler$StreamingServerCallListener.onMessage(ServerCalls.java:255) [ratis-thirdparty-misc-0.7.0.jar:0.7.0]
	at org.apache.ratis.thirdparty.io.grpc.ForwardingServerCallListener.onMessage(ForwardingServerCallListener.java:33) [ratis-thirdparty-misc-0.7.0.jar:0.7.0]
	at org.apache.ratis.thirdparty.io.grpc.internal.ServerCallImpl$ServerStreamListenerImpl.messagesAvailableInternal(ServerCallImpl.java:309) [ratis-thirdparty-misc-0.7.0.jar:0.7.0]
	at org.apache.ratis.thirdparty.io.grpc.internal.ServerCallImpl$ServerStreamListenerImpl.messagesAvailable(ServerCallImpl.java:292) [ratis-thirdparty-misc-0.7.0.jar:0.7.0]
	at org.apache.ratis.thirdparty.io.grpc.internal.ServerImpl$JumpToApplicationThreadServerStreamListener$1MessagesAvailable.runInContext(ServerImpl.java:782) [ratis-thirdparty-misc-0.7.0.jar:0.7.0]
	at org.apache.ratis.thirdparty.io.grpc.internal.ContextRunnable.run(ContextRunnable.java:37) [ratis-thirdparty-misc-0.7.0.jar:0.7.0]
	at org.apache.ratis.thirdparty.io.grpc.internal.SerializingExecutor.run(SerializingExecutor.java:123) [ratis-thirdparty-misc-0.7.0.jar:0.7.0]
	at java.util.concurrent.ThreadPoolExecutor.runWorker(ThreadPoolExecutor.java:1149) [?:1.8.0_322]
	at java.util.concurrent.ThreadPoolExecutor$Worker.run(ThreadPoolExecutor.java:624) [?:1.8.0_322]
	at java.lang.Thread.run(Thread.java:750) [?:1.8.0_322]
2022-04-27 10:52:49,722 [ChunkWriter-3-0] INFO  impl.HddsDispatcher (HddsDispatcher.java:dispatchRequest(351)) - Marked Container UNHEALTHY, ContainerID: 7
2022-04-27 10:52:49,738 [FixedThreadPoolWithAffinityExecutor-9-0] WARN  container.IncrementalContainerReportHandler (AbstractContainerReportHandler.java:updateContainerState(255)) - Container #7 is in OPEN state, but the datanode fc150688-1f76-4ec0-a672-aaf91f0753c3{ip: 10.1.0.29, host: fv-az270-423.tacnzluakwdehk1hpragurqkma.bx.internal.cloudapp.net, ports: [REPLICATION=37147, RATIS=37101, RATIS_ADMIN=37101, RATIS_SERVER=37101, STANDALONE=34823], networkLocation: /default-rack, certSerialId: null, persistedOpState: IN_SERVICE, persistedOpStateExpiryEpochSec: 0} reports an UNHEALTHY replica.
10:52:49.738 [ChunkWriter-3-0] ERROR DNAudit - user=null | ip=null | op=WRITE_CHUNK {blockData=conID: 7 locID: 109611004723200007 bcsId: 5} | ret=FAILURE
java.lang.Exception: Chunks directory /home/runner/work/ozone/ozone/hadoop-ozone/integration-test/target/test-dir/MiniOzoneClusterImpl-6fb830c9-5413-49cc-a625-6cf41c4e5c97/datanode-8/data-0/containers/hdds/6fb830c9-5413-49cc-a625-6cf41c4e5c97/current/containerDir0/7/chunks does not exist.
	at org.apache.hadoop.ozone.container.common.impl.HddsDispatcher.dispatchRequest(HddsDispatcher.java:369) ~[hdds-container-service-1.3.0-SNAPSHOT.jar:?]
	at org.apache.hadoop.ozone.container.common.impl.HddsDispatcher.lambda$dispatch$0(HddsDispatcher.java:169) ~[hdds-container-service-1.3.0-SNAPSHOT.jar:?]
	at org.apache.hadoop.hdds.server.OzoneProtocolMessageDispatcher.processRequest(OzoneProtocolMessageDispatcher.java:87) ~[hdds-server-framework-1.3.0-SNAPSHOT.jar:?]
	at org.apache.hadoop.ozone.container.common.impl.HddsDispatcher.dispatch(HddsDispatcher.java:168) ~[hdds-container-service-1.3.0-SNAPSHOT.jar:?]
	at org.apache.hadoop.ozone.container.common.transport.server.ratis.ContainerStateMachine.dispatchCommand(ContainerStateMachine.java:413) ~[hdds-container-service-1.3.0-SNAPSHOT.jar:?]
	at org.apache.hadoop.ozone.container.common.transport.server.ratis.ContainerStateMachine.runCommand(ContainerStateMachine.java:423) ~[hdds-container-service-1.3.0-SNAPSHOT.jar:?]
	at org.apache.hadoop.ozone.container.common.transport.server.ratis.ContainerStateMachine.lambda$handleWriteChunk$1(ContainerStateMachine.java:455) ~[hdds-container-service-1.3.0-SNAPSHOT.jar:?]
	at java.util.concurrent.CompletableFuture$AsyncSupply.run(CompletableFuture.java:1604) [?:1.8.0_322]
	at java.util.concurrent.ThreadPoolExecutor.runWorker(ThreadPoolExecutor.java:1149) [?:1.8.0_322]
	at java.util.concurrent.ThreadPoolExecutor$Worker.run(ThreadPoolExecutor.java:624) [?:1.8.0_322]
	at java.lang.Thread.run(Thread.java:750) [?:1.8.0_322]
2022-04-27 10:52:49,738 [ChunkWriter-3-0] ERROR ratis.ContainerStateMachine (ContainerStateMachine.java:lambda$handleWriteChunk$2(483)) - group-88DB927C3E3A: writeChunk writeStateMachineData failed: blockIdcontainerID: 7
localID: 109611004723200007
blockCommitSequenceId: 5
replicaIndex: 0
 logIndex 7 chunkName 109611004723200007_chunk_2 Error message: Chunks directory /home/runner/work/ozone/ozone/hadoop-ozone/integration-test/target/test-dir/MiniOzoneClusterImpl-6fb830c9-5413-49cc-a625-6cf41c4e5c97/datanode-8/data-0/containers/hdds/6fb830c9-5413-49cc-a625-6cf41c4e5c97/current/containerDir0/7/chunks does not exist. Container Result: UNABLE_TO_FIND_DATA_DIR
2022-04-27 10:52:49,752 [fc150688-1f76-4ec0-a672-aaf91f0753c3@group-88DB927C3E3A-SegmentedRaftLogWorker] ERROR ratis.XceiverServerRatis (XceiverServerRatis.java:triggerPipelineClose(678)) - pipeline Action CLOSE on pipeline PipelineID=f3c8c0c5-a3de-4190-961f-88db927c3e3a.Reason : Chunks directory /home/runner/work/ozone/ozone/hadoop-ozone/integration-test/target/test-dir/MiniOzoneClusterImpl-6fb830c9-5413-49cc-a625-6cf41c4e5c97/datanode-8/data-0/containers/hdds/6fb830c9-5413-49cc-a625-6cf41c4e5c97/current/containerDir0/7/chunks does not exist.
2022-04-27 10:52:49,756 [EventQueue-PipelineActionsForPipelineActionHandler] INFO  pipeline.PipelineActionHandler (PipelineActionHandler.java:processPipelineAction(82)) - Received pipeline action CLOSE for PipelineID=f3c8c0c5-a3de-4190-961f-88db927c3e3a from datanode fc150688-1f76-4ec0-a672-aaf91f0753c3. Reason : Chunks directory /home/runner/work/ozone/ozone/hadoop-ozone/integration-test/target/test-dir/MiniOzoneClusterImpl-6fb830c9-5413-49cc-a625-6cf41c4e5c97/datanode-8/data-0/containers/hdds/6fb830c9-5413-49cc-a625-6cf41c4e5c97/current/containerDir0/7/chunks does not exist.
2022-04-27 10:52:49,757 [EventQueue-PipelineActionsForPipelineActionHandler] INFO  pipeline.PipelineManagerImpl (PipelineManagerImpl.java:closeContainersForPipeline(381)) - Container #6 closed for pipeline=PipelineID=f3c8c0c5-a3de-4190-961f-88db927c3e3a
2022-04-27 10:52:49,757 [EventQueue-PipelineActionsForPipelineActionHandler] INFO  pipeline.PipelineManagerImpl (PipelineManagerImpl.java:closeContainersForPipeline(381)) - Container #7 closed for pipeline=PipelineID=f3c8c0c5-a3de-4190-961f-88db927c3e3a
2022-04-27 10:52:49,757 [EventQueue-PipelineActionsForPipelineActionHandler] INFO  pipeline.PipelineManagerImpl (PipelineManagerImpl.java:closePipeline(402)) - Pipeline Pipeline[ Id: f3c8c0c5-a3de-4190-961f-88db927c3e3a, Nodes: fc150688-1f76-4ec0-a672-aaf91f0753c3{ip: 10.1.0.29, host: fv-az270-423.tacnzluakwdehk1hpragurqkma.bx.internal.cloudapp.net, ports: [REPLICATION=37147, RATIS=37101, RATIS_ADMIN=37101, RATIS_SERVER=37101, STANDALONE=34823], networkLocation: /default-rack, certSerialId: null, persistedOpState: IN_SERVICE, persistedOpStateExpiryEpochSec: 0}, ReplicationConfig: RATIS/ONE, State:OPEN, leaderId:fc150688-1f76-4ec0-a672-aaf91f0753c3, CreationTimestamp2022-04-27T10:51:58.055Z[Etc/UTC]] moved to CLOSED state
2022-04-27 10:52:49,757 [EventQueue-PipelineActionsForPipelineActionHandler] INFO  pipeline.RatisPipelineProvider (RatisPipelineProvider.java:lambda$close$1(244)) - Send pipeline:PipelineID=f3c8c0c5-a3de-4190-961f-88db927c3e3a close command to datanode fc150688-1f76-4ec0-a672-aaf91f0753c3
2022-04-27 10:52:49,758 [EventQueue-PipelineActionsForPipelineActionHandler] INFO  pipeline.PipelineStateManagerImpl (PipelineStateManagerImpl.java:removePipeline(243)) - Pipeline Pipeline[ Id: f3c8c0c5-a3de-4190-961f-88db927c3e3a, Nodes: fc150688-1f76-4ec0-a672-aaf91f0753c3{ip: 10.1.0.29, host: fv-az270-423.tacnzluakwdehk1hpragurqkma.bx.internal.cloudapp.net, ports: [REPLICATION=37147, RATIS=37101, RATIS_ADMIN=37101, RATIS_SERVER=37101, STANDALONE=34823], networkLocation: /default-rack, certSerialId: null, persistedOpState: IN_SERVICE, persistedOpStateExpiryEpochSec: 0}, ReplicationConfig: RATIS/ONE, State:CLOSED, leaderId:fc150688-1f76-4ec0-a672-aaf91f0753c3, CreationTimestamp2022-04-27T10:51:58.055Z[Etc/UTC]] removed.
2022-04-27 10:52:49,758 [EventQueue-CloseContainerForCloseContainerEventHandler] INFO  container.CloseContainerEventHandler (CloseContainerEventHandler.java:onMessage(69)) - Close container Event triggered for container : #7
2022-04-27 10:52:49,758 [EventQueue-CloseContainerForCloseContainerEventHandler] INFO  container.CloseContainerEventHandler (CloseContainerEventHandler.java:onMessage(69)) - Close container Event triggered for container : #6
2022-04-27 10:52:49,758 [EventQueue-CloseContainerForCloseContainerEventHandler] INFO  container.CloseContainerEventHandler (CloseContainerEventHandler.java:onMessage(69)) - Close container Event triggered for container : #7
2022-04-27 10:52:49,800 [EventQueue-PipelineReportForPipelineReportHandler] INFO  pipeline.PipelineReportHandler (PipelineReportHandler.java:processPipelineReport(113)) - Reported pipeline PipelineID=cf80c735-cb93-438b-a05e-dff27b2a1031 is not found
2022-04-27 10:52:49,803 [EventQueue-PipelineReportForPipelineReportHandler] INFO  pipeline.PipelineReportHandler (PipelineReportHandler.java:processPipelineReport(113)) - Reported pipeline PipelineID=cf80c735-cb93-438b-a05e-dff27b2a1031 is not found
2022-04-27 10:52:49,806 [FixedThreadPoolWithAffinityExecutor-0-0] WARN  container.ContainerReportHandler (AbstractContainerReportHandler.java:updateContainerState(255)) - Container #4 is in OPEN state, but the datanode 5305b34f-83d0-4be9-8032-f631ee150b78{ip: 10.1.0.29, host: fv-az270-423.tacnzluakwdehk1hpragurqkma.bx.internal.cloudapp.net, ports: [REPLICATION=45903, RATIS=34741, RATIS_ADMIN=34741, RATIS_SERVER=34741, STANDALONE=45233], networkLocation: /default-rack, certSerialId: null, persistedOpState: IN_SERVICE, persistedOpStateExpiryEpochSec: 0} reports an CLOSED replica.
2022-04-27 10:52:49,913 [EventQueue-PipelineReportForPipelineReportHandler] INFO  pipeline.PipelineReportHandler (PipelineReportHandler.java:processPipelineReport(113)) - Reported pipeline PipelineID=cf80c735-cb93-438b-a05e-dff27b2a1031 is not found
2022-04-27 10:52:49,993 [EventQueue-PipelineReportForPipelineReportHandler] INFO  pipeline.PipelineReportHandler (PipelineReportHandler.java:processPipelineReport(113)) - Reported pipeline PipelineID=f3c8c0c5-a3de-4190-961f-88db927c3e3a is not found
2022-04-27 10:52:50,000 [EventQueue-PipelineReportForPipelineReportHandler] INFO  pipeline.PipelineReportHandler (PipelineReportHandler.java:processPipelineReport(113)) - Reported pipeline PipelineID=cf80c735-cb93-438b-a05e-dff27b2a1031 is not found
2022-04-27 10:52:50,003 [EventQueue-PipelineReportForPipelineReportHandler] INFO  pipeline.PipelineReportHandler (PipelineReportHandler.java:processPipelineReport(113)) - Reported pipeline PipelineID=cf80c735-cb93-438b-a05e-dff27b2a1031 is not found
2022-04-27 10:52:50,181 [EventQueue-PipelineReportForPipelineReportHandler] INFO  pipeline.PipelineReportHandler (PipelineReportHandler.java:processPipelineReport(113)) - Reported pipeline PipelineID=f3c8c0c5-a3de-4190-961f-88db927c3e3a is not found
2022-04-27 10:52:50,203 [EventQueue-PipelineReportForPipelineReportHandler] INFO  pipeline.PipelineReportHandler (PipelineReportHandler.java:processPipelineReport(113)) - Reported pipeline PipelineID=cf80c735-cb93-438b-a05e-dff27b2a1031 is not found
2022-04-27 10:52:50,205 [FixedThreadPoolWithAffinityExecutor-1-0] WARN  container.ContainerReportHandler (AbstractContainerReportHandler.java:updateContainerState(255)) - Container #4 is in OPEN state, but the datanode 5305b34f-83d0-4be9-8032-f631ee150b78{ip: 10.1.0.29, host: fv-az270-423.tacnzluakwdehk1hpragurqkma.bx.internal.cloudapp.net, ports: [REPLICATION=45903, RATIS=34741, RATIS_ADMIN=34741, RATIS_SERVER=34741, STANDALONE=45233], networkLocation: /default-rack, certSerialId: null, persistedOpState: IN_SERVICE, persistedOpStateExpiryEpochSec: 0} reports an CLOSED replica.
2022-04-27 10:52:50,313 [EventQueue-PipelineReportForPipelineReportHandler] INFO  pipeline.PipelineReportHandler (PipelineReportHandler.java:processPipelineReport(113)) - Reported pipeline PipelineID=cf80c735-cb93-438b-a05e-dff27b2a1031 is not found
2022-04-27 10:52:50,400 [EventQueue-PipelineReportForPipelineReportHandler] INFO  pipeline.PipelineReportHandler (PipelineReportHandler.java:processPipelineReport(113)) - Reported pipeline PipelineID=cf80c735-cb93-438b-a05e-dff27b2a1031 is not found
2022-04-27 10:52:50,404 [EventQueue-PipelineReportForPipelineReportHandler] INFO  pipeline.PipelineReportHandler (PipelineReportHandler.java:processPipelineReport(113)) - Reported pipeline PipelineID=cf80c735-cb93-438b-a05e-dff27b2a1031 is not found
2022-04-27 10:52:50,514 [EventQueue-PipelineReportForPipelineReportHandler] INFO  pipeline.PipelineReportHandler (PipelineReportHandler.java:processPipelineReport(113)) - Reported pipeline PipelineID=cf80c735-cb93-438b-a05e-dff27b2a1031 is not found
2022-04-27 10:52:50,581 [EventQueue-PipelineReportForPipelineReportHandler] INFO  pipeline.PipelineReportHandler (PipelineReportHandler.java:processPipelineReport(113)) - Reported pipeline PipelineID=f3c8c0c5-a3de-4190-961f-88db927c3e3a is not found
2022-04-27 10:52:50,600 [EventQueue-PipelineReportForPipelineReportHandler] INFO  pipeline.PipelineReportHandler (PipelineReportHandler.java:processPipelineReport(113)) - Reported pipeline PipelineID=cf80c735-cb93-438b-a05e-dff27b2a1031 is not found
2022-04-27 10:52:50,607 [FixedThreadPoolWithAffinityExecutor-0-0] WARN  container.ContainerReportHandler (AbstractContainerReportHandler.java:updateContainerState(255)) - Container #4 is in OPEN state, but the datanode 5305b34f-83d0-4be9-8032-f631ee150b78{ip: 10.1.0.29, host: fv-az270-423.tacnzluakwdehk1hpragurqkma.bx.internal.cloudapp.net, ports: [REPLICATION=45903, RATIS=34741, RATIS_ADMIN=34741, RATIS_SERVER=34741, STANDALONE=45233], networkLocation: /default-rack, certSerialId: null, persistedOpState: IN_SERVICE, persistedOpStateExpiryEpochSec: 0} reports an CLOSED replica.
2022-04-27 10:52:50,781 [EventQueue-PipelineReportForPipelineReportHandler] INFO  pipeline.PipelineReportHandler (PipelineReportHandler.java:processPipelineReport(113)) - Reported pipeline PipelineID=f3c8c0c5-a3de-4190-961f-88db927c3e3a is not found
2022-04-27 10:52:50,800 [EventQueue-PipelineReportForPipelineReportHandler] INFO  pipeline.PipelineReportHandler (PipelineReportHandler.java:processPipelineReport(113)) - Reported pipeline PipelineID=cf80c735-cb93-438b-a05e-dff27b2a1031 is not found
2022-04-27 10:52:50,806 [EventQueue-PipelineReportForPipelineReportHandler] INFO  pipeline.PipelineReportHandler (PipelineReportHandler.java:processPipelineReport(113)) - Reported pipeline PipelineID=cf80c735-cb93-438b-a05e-dff27b2a1031 is not found
2022-04-27 10:52:50,806 [FixedThreadPoolWithAffinityExecutor-9-0] WARN  container.ContainerReportHandler (AbstractContainerReportHandler.java:updateContainerState(255)) - Container #4 is in OPEN state, but the datanode 5305b34f-83d0-4be9-8032-f631ee150b78{ip: 10.1.0.29, host: fv-az270-423.tacnzluakwdehk1hpragurqkma.bx.internal.cloudapp.net, ports: [REPLICATION=45903, RATIS=34741, RATIS_ADMIN=34741, RATIS_SERVER=34741, STANDALONE=45233], networkLocation: /default-rack, certSerialId: null, persistedOpState: IN_SERVICE, persistedOpStateExpiryEpochSec: 0} reports an CLOSED replica.
2022-04-27 10:52:50,923 [EventQueue-PipelineReportForPipelineReportHandler] INFO  pipeline.PipelineReportHandler (PipelineReportHandler.java:processPipelineReport(113)) - Reported pipeline PipelineID=cf80c735-cb93-438b-a05e-dff27b2a1031 is not found
2022-04-27 10:52:50,946 [grpc-default-executor-0] WARN  server.GrpcLogAppender (LogUtils.java:warn(122)) - fb1b2524-5f72-4172-b06b-98bf8bab58d7@group-7308F894FD3A->b4543bad-81d3-4f1d-9fc6-5e97dcd2d8eb-AppendLogResponseHandler: Failed appendEntries: org.apache.ratis.thirdparty.io.grpc.StatusRuntimeException: UNAVAILABLE: io exception
2022-04-27 10:52:50,947 [grpc-default-executor-0] WARN  server.GrpcLogAppender (GrpcLogAppender.java:resetClient(110)) - fb1b2524-5f72-4172-b06b-98bf8bab58d7@group-7308F894FD3A->b4543bad-81d3-4f1d-9fc6-5e97dcd2d8eb-GrpcLogAppender: Leader has not got in touch with Follower fb1b2524-5f72-4172-b06b-98bf8bab58d7@group-7308F894FD3A->b4543bad-81d3-4f1d-9fc6-5e97dcd2d8eb(c0,m0,n1, attendVote=true, lastRpcSendTime=1, lastRpcResponseTime=10019) yet, just keep nextIndex unchanged and retry.
2022-04-27 10:52:50,955 [Command processor thread] INFO  server.RaftServer (RaftServerProxy.java:remove(106)) - fc150688-1f76-4ec0-a672-aaf91f0753c3: remove    LEADER fc150688-1f76-4ec0-a672-aaf91f0753c3@group-88DB927C3E3A:t1, leader=fc150688-1f76-4ec0-a672-aaf91f0753c3, voted=fc150688-1f76-4ec0-a672-aaf91f0753c3, raftlog=fc150688-1f76-4ec0-a672-aaf91f0753c3@group-88DB927C3E3A-SegmentedRaftLog:OPENED:c6, conf=0: [fc150688-1f76-4ec0-a672-aaf91f0753c3|rpc:10.1.0.29:37101|dataStream:|priority:1], old=null RUNNING
2022-04-27 10:52:50,955 [Command processor thread] INFO  server.RaftServer$Division (RaftServerImpl.java:lambda$close$4(412)) - fc150688-1f76-4ec0-a672-aaf91f0753c3@group-88DB927C3E3A: shutdown
2022-04-27 10:52:50,955 [Command processor thread] INFO  util.JmxRegister (JmxRegister.java:unregister(73)) - Successfully un-registered JMX Bean with object name Ratis:service=RaftServer,group=group-88DB927C3E3A,id=fc150688-1f76-4ec0-a672-aaf91f0753c3
2022-04-27 10:52:50,956 [Command processor thread] INFO  impl.RoleInfo (RoleInfo.java:shutdownLeaderState(91)) - fc150688-1f76-4ec0-a672-aaf91f0753c3: shutdown fc150688-1f76-4ec0-a672-aaf91f0753c3@group-88DB927C3E3A-LeaderStateImpl
2022-04-27 10:52:50,956 [Command processor thread] INFO  impl.PendingRequests (PendingRequests.java:sendNotLeaderResponses(282)) - fc150688-1f76-4ec0-a672-aaf91f0753c3@group-88DB927C3E3A-PendingRequests: sendNotLeaderResponses
2022-04-27 10:52:50,998 [Command processor thread] INFO  impl.StateMachineUpdater (StateMachineUpdater.java:stopAndJoin(149)) - fc150688-1f76-4ec0-a672-aaf91f0753c3@group-88DB927C3E3A-StateMachineUpdater: set stopIndex = 6
2022-04-27 10:52:51,003 [Command processor thread] INFO  server.RaftServer$Division (ServerState.java:close(419)) - fc150688-1f76-4ec0-a672-aaf91f0753c3@group-88DB927C3E3A: closes. applyIndex: 6
2022-04-27 10:52:51,004 [fc150688-1f76-4ec0-a672-aaf91f0753c3@group-88DB927C3E3A-SegmentedRaftLogWorker] INFO  segmented.SegmentedRaftLogWorker (SegmentedRaftLogWorker.java:run(327)) - fc150688-1f76-4ec0-a672-aaf91f0753c3@group-88DB927C3E3A-SegmentedRaftLogWorker was interrupted, exiting. There are 0 tasks remaining in the queue.
2022-04-27 10:52:51,033 [Command processor thread] INFO  segmented.SegmentedRaftLogWorker (SegmentedRaftLogWorker.java:close(237)) - fc150688-1f76-4ec0-a672-aaf91f0753c3@group-88DB927C3E3A-SegmentedRaftLogWorker close()
2022-04-27 10:52:51,046 [Command processor thread] INFO  keyvalue.KeyValueContainer (KeyValueContainer.java:flushAndSyncDB(427)) - Container 6 is synced with bcsId 2.
2022-04-27 10:52:51,046 [Command processor thread] INFO  keyvalue.KeyValueContainer (KeyValueContainer.java:flushAndSyncDB(427)) - Container 6 is synced with bcsId 2.
2022-04-27 10:52:51,051 [Command processor thread] INFO  server.RaftServer$Division (RaftServerImpl.java:groupRemove(382)) - fc150688-1f76-4ec0-a672-aaf91f0753c3@group-88DB927C3E3A: Succeed to remove RaftStorageDirectory Storage Directory /home/runner/work/ozone/ozone/hadoop-ozone/integration-test/target/test-dir/MiniOzoneClusterImpl-6fb830c9-5413-49cc-a625-6cf41c4e5c97/datanode-8/data/ratis/f3c8c0c5-a3de-4190-961f-88db927c3e3a
2022-04-27 10:52:51,051 [FixedThreadPoolWithAffinityExecutor-8-0] INFO  container.IncrementalContainerReportHandler (AbstractContainerReportHandler.java:updateContainerState(281)) - Moving container #6 to QUASI_CLOSED state, datanode fc150688-1f76-4ec0-a672-aaf91f0753c3{ip: 10.1.0.29, host: fv-az270-423.tacnzluakwdehk1hpragurqkma.bx.internal.cloudapp.net, ports: [REPLICATION=37147, RATIS=37101, RATIS_ADMIN=37101, RATIS_SERVER=37101, STANDALONE=34823], networkLocation: /default-rack, certSerialId: null, persistedOpState: IN_SERVICE, persistedOpStateExpiryEpochSec: 0} reported QUASI_CLOSED replica.
2022-04-27 10:52:51,051 [Command processor thread] INFO  commandhandler.ClosePipelineCommandHandler (ClosePipelineCommandHandler.java:handle(78)) - Close Pipeline PipelineID=f3c8c0c5-a3de-4190-961f-88db927c3e3a command on datanode fc150688-1f76-4ec0-a672-aaf91f0753c3.
2022-04-27 10:52:51,125 [EventQueue-PipelineReportForPipelineReportHandler] INFO  pipeline.PipelineReportHandler (PipelineReportHandler.java:processPipelineReport(113)) - Reported pipeline PipelineID=cf80c735-cb93-438b-a05e-dff27b2a1031 is not found
2022-04-27 10:52:51,200 [EventQueue-PipelineReportForPipelineReportHandler] INFO  pipeline.PipelineReportHandler (PipelineReportHandler.java:processPipelineReport(113)) - Reported pipeline PipelineID=cf80c735-cb93-438b-a05e-dff27b2a1031 is not found
2022-04-27 10:52:51,206 [EventQueue-PipelineReportForPipelineReportHandler] INFO  pipeline.PipelineReportHandler (PipelineReportHandler.java:processPipelineReport(113)) - Reported pipeline PipelineID=cf80c735-cb93-438b-a05e-dff27b2a1031 is not found
2022-04-27 10:52:51,207 [FixedThreadPoolWithAffinityExecutor-9-0] WARN  container.ContainerReportHandler (AbstractContainerReportHandler.java:updateContainerState(255)) - Container #4 is in OPEN state, but the datanode 5305b34f-83d0-4be9-8032-f631ee150b78{ip: 10.1.0.29, host: fv-az270-423.tacnzluakwdehk1hpragurqkma.bx.internal.cloudapp.net, ports: [REPLICATION=45903, RATIS=34741, RATIS_ADMIN=34741, RATIS_SERVER=34741, STANDALONE=45233], networkLocation: /default-rack, certSerialId: null, persistedOpState: IN_SERVICE, persistedOpStateExpiryEpochSec: 0} reports an CLOSED replica.
2022-04-27 10:52:51,309 [EndpointStateMachine task thread for /0.0.0.0:44525 - 0 ] INFO  ozoneimpl.OzoneContainer (OzoneContainer.java:start(335)) - Attempting to start container services.
2022-04-27 10:52:51,310 [EndpointStateMachine task thread for /0.0.0.0:44525 - 0 ] INFO  ozoneimpl.OzoneContainer (OzoneContainer.java:startContainerScrub(270)) - Background container scanner has been disabled.
2022-04-27 10:52:51,311 [EndpointStateMachine task thread for /0.0.0.0:44525 - 0 ] INFO  replication.ReplicationServer (ReplicationServer.java:start(111)) - ReplicationServer is started using port 46247
2022-04-27 10:52:51,311 [EndpointStateMachine task thread for /0.0.0.0:44525 - 0 ] INFO  ratis.XceiverServerRatis (XceiverServerRatis.java:start(481)) - Starting XceiverServerRatis b4543bad-81d3-4f1d-9fc6-5e97dcd2d8eb
2022-04-27 10:52:51,323 [EventQueue-PipelineReportForPipelineReportHandler] INFO  pipeline.PipelineReportHandler (PipelineReportHandler.java:processPipelineReport(113)) - Reported pipeline PipelineID=cf80c735-cb93-438b-a05e-dff27b2a1031 is not found
2022-04-27 10:52:51,351 [EndpointStateMachine task thread for /0.0.0.0:44525 - 0 ] INFO  server.RaftServer (RaftServerProxy.java:lambda$start$5(374)) - b4543bad-81d3-4f1d-9fc6-5e97dcd2d8eb: start RPC server
2022-04-27 10:52:51,353 [EndpointStateMachine task thread for /0.0.0.0:44525 - 0 ] INFO  server.GrpcService (GrpcService.java:startImpl(253)) - b4543bad-81d3-4f1d-9fc6-5e97dcd2d8eb: GrpcService started, listening on 41129
2022-04-27 10:52:51,357 [EndpointStateMachine task thread for /0.0.0.0:44525 - 0 ] INFO  ratis.XceiverServerRatis (XceiverServerRatis.java:getRealPort(502)) - XceiverServerRatis b4543bad-81d3-4f1d-9fc6-5e97dcd2d8eb is started using port 41129 for RATIS
2022-04-27 10:52:51,357 [EndpointStateMachine task thread for /0.0.0.0:44525 - 0 ] INFO  ratis.XceiverServerRatis (XceiverServerRatis.java:getRealPort(502)) - XceiverServerRatis b4543bad-81d3-4f1d-9fc6-5e97dcd2d8eb is started using port 41129 for RATIS_ADMIN
2022-04-27 10:52:51,357 [EndpointStateMachine task thread for /0.0.0.0:44525 - 0 ] INFO  ratis.XceiverServerRatis (XceiverServerRatis.java:getRealPort(502)) - XceiverServerRatis b4543bad-81d3-4f1d-9fc6-5e97dcd2d8eb is started using port 41129 for RATIS_SERVER
2022-04-27 10:52:51,360 [org.apache.ratis.util.JvmPauseMonitor$$Lambda$626/1217536106@25de91f] INFO  util.JvmPauseMonitor (JvmPauseMonitor.java:run(103)) - JvmPauseMonitor-b4543bad-81d3-4f1d-9fc6-5e97dcd2d8eb: Started
2022-04-27 10:52:51,408 [EventQueue-PipelineReportForPipelineReportHandler] INFO  pipeline.PipelineReportHandler (PipelineReportHandler.java:processPipelineReport(113)) - Reported pipeline PipelineID=cf80c735-cb93-438b-a05e-dff27b2a1031 is not found
2022-04-27 10:52:51,604 [EventQueue-PipelineReportForPipelineReportHandler] INFO  pipeline.PipelineReportHandler (PipelineReportHandler.java:processPipelineReport(113)) - Reported pipeline PipelineID=cf80c735-cb93-438b-a05e-dff27b2a1031 is not found
2022-04-27 10:52:51,611 [FixedThreadPoolWithAffinityExecutor-1-0] WARN  container.ContainerReportHandler (AbstractContainerReportHandler.java:updateContainerState(255)) - Container #4 is in OPEN state, but the datanode 5305b34f-83d0-4be9-8032-f631ee150b78{ip: 10.1.0.29, host: fv-az270-423.tacnzluakwdehk1hpragurqkma.bx.internal.cloudapp.net, ports: [REPLICATION=45903, RATIS=34741, RATIS_ADMIN=34741, RATIS_SERVER=34741, STANDALONE=45233], networkLocation: /default-rack, certSerialId: null, persistedOpState: IN_SERVICE, persistedOpStateExpiryEpochSec: 0} reports an CLOSED replica.
2022-04-27 10:52:51,765 [EventQueue-PipelineReportForPipelineReportHandler] INFO  pipeline.PipelineReportHandler (PipelineReportHandler.java:processPipelineReport(113)) - Reported pipeline PipelineID=cf80c735-cb93-438b-a05e-dff27b2a1031 is not found
2022-04-27 10:52:51,804 [EventQueue-PipelineReportForPipelineReportHandler] INFO  pipeline.PipelineReportHandler (PipelineReportHandler.java:processPipelineReport(113)) - Reported pipeline PipelineID=cf80c735-cb93-438b-a05e-dff27b2a1031 is not found
2022-04-27 10:52:51,813 [EventQueue-PipelineReportForPipelineReportHandler] INFO  pipeline.PipelineReportHandler (PipelineReportHandler.java:processPipelineReport(113)) - Reported pipeline PipelineID=cf80c735-cb93-438b-a05e-dff27b2a1031 is not found
2022-04-27 10:52:51,814 [FixedThreadPoolWithAffinityExecutor-8-0] WARN  container.ContainerReportHandler (AbstractContainerReportHandler.java:updateContainerState(255)) - Container #4 is in OPEN state, but the datanode 5305b34f-83d0-4be9-8032-f631ee150b78{ip: 10.1.0.29, host: fv-az270-423.tacnzluakwdehk1hpragurqkma.bx.internal.cloudapp.net, ports: [REPLICATION=45903, RATIS=34741, RATIS_ADMIN=34741, RATIS_SERVER=34741, STANDALONE=45233], networkLocation: /default-rack, certSerialId: null, persistedOpState: IN_SERVICE, persistedOpStateExpiryEpochSec: 0} reports an CLOSED replica.
2022-04-27 10:52:52,008 [EventQueue-PipelineReportForPipelineReportHandler] INFO  pipeline.PipelineReportHandler (PipelineReportHandler.java:processPipelineReport(113)) - Reported pipeline PipelineID=cf80c735-cb93-438b-a05e-dff27b2a1031 is not found
2022-04-27 10:52:52,165 [EventQueue-PipelineReportForPipelineReportHandler] INFO  pipeline.PipelineReportHandler (PipelineReportHandler.java:processPipelineReport(113)) - Reported pipeline PipelineID=cf80c735-cb93-438b-a05e-dff27b2a1031 is not found
2022-04-27 10:52:52,205 [EventQueue-PipelineReportForPipelineReportHandler] INFO  pipeline.PipelineReportHandler (PipelineReportHandler.java:processPipelineReport(113)) - Reported pipeline PipelineID=cf80c735-cb93-438b-a05e-dff27b2a1031 is not found
2022-04-27 10:52:52,209 [EventQueue-PipelineReportForPipelineReportHandler] INFO  pipeline.PipelineReportHandler (PipelineReportHandler.java:processPipelineReport(113)) - Reported pipeline PipelineID=cf80c735-cb93-438b-a05e-dff27b2a1031 is not found
2022-04-27 10:52:52,212 [FixedThreadPoolWithAffinityExecutor-1-0] WARN  container.ContainerReportHandler (AbstractContainerReportHandler.java:updateContainerState(255)) - Container #4 is in OPEN state, but the datanode 5305b34f-83d0-4be9-8032-f631ee150b78{ip: 10.1.0.29, host: fv-az270-423.tacnzluakwdehk1hpragurqkma.bx.internal.cloudapp.net, ports: [REPLICATION=45903, RATIS=34741, RATIS_ADMIN=34741, RATIS_SERVER=34741, STANDALONE=45233], networkLocation: /default-rack, certSerialId: null, persistedOpState: IN_SERVICE, persistedOpStateExpiryEpochSec: 0} reports an CLOSED replica.
2022-04-27 10:52:52,406 [EventQueue-PipelineReportForPipelineReportHandler] INFO  pipeline.PipelineReportHandler (PipelineReportHandler.java:processPipelineReport(113)) - Reported pipeline PipelineID=cf80c735-cb93-438b-a05e-dff27b2a1031 is not found
2022-04-27 10:52:52,413 [FixedThreadPoolWithAffinityExecutor-9-0] WARN  container.ContainerReportHandler (AbstractContainerReportHandler.java:updateContainerState(255)) - Container #4 is in OPEN state, but the datanode 5305b34f-83d0-4be9-8032-f631ee150b78{ip: 10.1.0.29, host: fv-az270-423.tacnzluakwdehk1hpragurqkma.bx.internal.cloudapp.net, ports: [REPLICATION=45903, RATIS=34741, RATIS_ADMIN=34741, RATIS_SERVER=34741, STANDALONE=45233], networkLocation: /default-rack, certSerialId: null, persistedOpState: IN_SERVICE, persistedOpStateExpiryEpochSec: 0} reports an CLOSED replica.
2022-04-27 10:52:52,566 [EventQueue-PipelineReportForPipelineReportHandler] INFO  pipeline.PipelineReportHandler (PipelineReportHandler.java:processPipelineReport(113)) - Reported pipeline PipelineID=cf80c735-cb93-438b-a05e-dff27b2a1031 is not found
2022-04-27 10:52:52,611 [EventQueue-PipelineReportForPipelineReportHandler] INFO  pipeline.PipelineReportHandler (PipelineReportHandler.java:processPipelineReport(113)) - Reported pipeline PipelineID=cf80c735-cb93-438b-a05e-dff27b2a1031 is not found
2022-04-27 10:52:52,613 [FixedThreadPoolWithAffinityExecutor-9-0] WARN  container.ContainerReportHandler (AbstractContainerReportHandler.java:updateContainerState(255)) - Container #4 is in OPEN state, but the datanode 5305b34f-83d0-4be9-8032-f631ee150b78{ip: 10.1.0.29, host: fv-az270-423.tacnzluakwdehk1hpragurqkma.bx.internal.cloudapp.net, ports: [REPLICATION=45903, RATIS=34741, RATIS_ADMIN=34741, RATIS_SERVER=34741, STANDALONE=45233], networkLocation: /default-rack, certSerialId: null, persistedOpState: IN_SERVICE, persistedOpStateExpiryEpochSec: 0} reports an CLOSED replica.
2022-04-27 10:52:52,806 [EventQueue-PipelineReportForPipelineReportHandler] INFO  pipeline.PipelineReportHandler (PipelineReportHandler.java:processPipelineReport(113)) - Reported pipeline PipelineID=cf80c735-cb93-438b-a05e-dff27b2a1031 is not found
2022-04-27 10:52:52,965 [EventQueue-PipelineReportForPipelineReportHandler] INFO  pipeline.PipelineReportHandler (PipelineReportHandler.java:processPipelineReport(113)) - Reported pipeline PipelineID=cf80c735-cb93-438b-a05e-dff27b2a1031 is not found
2022-04-27 10:52:53,006 [EventQueue-PipelineReportForPipelineReportHandler] INFO  pipeline.PipelineReportHandler (PipelineReportHandler.java:processPipelineReport(113)) - Reported pipeline PipelineID=cf80c735-cb93-438b-a05e-dff27b2a1031 is not found
2022-04-27 10:52:53,009 [EventQueue-PipelineReportForPipelineReportHandler] INFO  pipeline.PipelineReportHandler (PipelineReportHandler.java:processPipelineReport(113)) - Reported pipeline PipelineID=cf80c735-cb93-438b-a05e-dff27b2a1031 is not found
2022-04-27 10:52:53,013 [FixedThreadPoolWithAffinityExecutor-1-0] WARN  container.ContainerReportHandler (AbstractContainerReportHandler.java:updateContainerState(255)) - Container #4 is in OPEN state, but the datanode 5305b34f-83d0-4be9-8032-f631ee150b78{ip: 10.1.0.29, host: fv-az270-423.tacnzluakwdehk1hpragurqkma.bx.internal.cloudapp.net, ports: [REPLICATION=45903, RATIS=34741, RATIS_ADMIN=34741, RATIS_SERVER=34741, STANDALONE=45233], networkLocation: /default-rack, certSerialId: null, persistedOpState: IN_SERVICE, persistedOpStateExpiryEpochSec: 0} reports an CLOSED replica.
2022-04-27 10:52:53,169 [EventQueue-PipelineReportForPipelineReportHandler] INFO  pipeline.PipelineReportHandler (PipelineReportHandler.java:processPipelineReport(113)) - Reported pipeline PipelineID=cf80c735-cb93-438b-a05e-dff27b2a1031 is not found
2022-04-27 10:52:53,206 [EventQueue-PipelineReportForPipelineReportHandler] INFO  pipeline.PipelineReportHandler (PipelineReportHandler.java:processPipelineReport(113)) - Reported pipeline PipelineID=cf80c735-cb93-438b-a05e-dff27b2a1031 is not found
2022-04-27 10:52:53,212 [EventQueue-PipelineReportForPipelineReportHandler] INFO  pipeline.PipelineReportHandler (PipelineReportHandler.java:processPipelineReport(113)) - Reported pipeline PipelineID=cf80c735-cb93-438b-a05e-dff27b2a1031 is not found
2022-04-27 10:52:53,368 [EventQueue-PipelineReportForPipelineReportHandler] INFO  pipeline.PipelineReportHandler (PipelineReportHandler.java:processPipelineReport(113)) - Reported pipeline PipelineID=cf80c735-cb93-438b-a05e-dff27b2a1031 is not found
2022-04-27 10:52:53,413 [FixedThreadPoolWithAffinityExecutor-8-0] WARN  container.ContainerReportHandler (AbstractContainerReportHandler.java:updateContainerState(255)) - Container #4 is in OPEN state, but the datanode 5305b34f-83d0-4be9-8032-f631ee150b78{ip: 10.1.0.29, host: fv-az270-423.tacnzluakwdehk1hpragurqkma.bx.internal.cloudapp.net, ports: [REPLICATION=45903, RATIS=34741, RATIS_ADMIN=34741, RATIS_SERVER=34741, STANDALONE=45233], networkLocation: /default-rack, certSerialId: null, persistedOpState: IN_SERVICE, persistedOpStateExpiryEpochSec: 0} reports an CLOSED replica.
2022-04-27 10:52:53,606 [EventQueue-PipelineReportForPipelineReportHandler] INFO  pipeline.PipelineReportHandler (PipelineReportHandler.java:processPipelineReport(113)) - Reported pipeline PipelineID=cf80c735-cb93-438b-a05e-dff27b2a1031 is not found
2022-04-27 10:52:53,612 [EventQueue-PipelineReportForPipelineReportHandler] INFO  pipeline.PipelineReportHandler (PipelineReportHandler.java:processPipelineReport(113)) - Reported pipeline PipelineID=cf80c735-cb93-438b-a05e-dff27b2a1031 is not found
2022-04-27 10:52:53,616 [FixedThreadPoolWithAffinityExecutor-9-0] WARN  container.ContainerReportHandler (AbstractContainerReportHandler.java:updateContainerState(255)) - Container #4 is in OPEN state, but the datanode 5305b34f-83d0-4be9-8032-f631ee150b78{ip: 10.1.0.29, host: fv-az270-423.tacnzluakwdehk1hpragurqkma.bx.internal.cloudapp.net, ports: [REPLICATION=45903, RATIS=34741, RATIS_ADMIN=34741, RATIS_SERVER=34741, STANDALONE=45233], networkLocation: /default-rack, certSerialId: null, persistedOpState: IN_SERVICE, persistedOpStateExpiryEpochSec: 0} reports an CLOSED replica.
2022-04-27 10:52:53,769 [EventQueue-PipelineReportForPipelineReportHandler] INFO  pipeline.PipelineReportHandler (PipelineReportHandler.java:processPipelineReport(113)) - Reported pipeline PipelineID=cf80c735-cb93-438b-a05e-dff27b2a1031 is not found
2022-04-27 10:52:53,806 [EventQueue-PipelineReportForPipelineReportHandler] INFO  pipeline.PipelineReportHandler (PipelineReportHandler.java:processPipelineReport(113)) - Reported pipeline PipelineID=cf80c735-cb93-438b-a05e-dff27b2a1031 is not found
2022-04-27 10:52:53,812 [EventQueue-PipelineReportForPipelineReportHandler] INFO  pipeline.PipelineReportHandler (PipelineReportHandler.java:processPipelineReport(113)) - Reported pipeline PipelineID=cf80c735-cb93-438b-a05e-dff27b2a1031 is not found
2022-04-27 10:52:53,970 [EventQueue-PipelineReportForPipelineReportHandler] INFO  pipeline.PipelineReportHandler (PipelineReportHandler.java:processPipelineReport(113)) - Reported pipeline PipelineID=cf80c735-cb93-438b-a05e-dff27b2a1031 is not found
2022-04-27 10:52:54,011 [EventQueue-PipelineReportForPipelineReportHandler] INFO  pipeline.PipelineReportHandler (PipelineReportHandler.java:processPipelineReport(113)) - Reported pipeline PipelineID=cf80c735-cb93-438b-a05e-dff27b2a1031 is not found
2022-04-27 10:52:54,014 [FixedThreadPoolWithAffinityExecutor-8-0] WARN  container.ContainerReportHandler (AbstractContainerReportHandler.java:updateContainerState(255)) - Container #4 is in OPEN state, but the datanode 5305b34f-83d0-4be9-8032-f631ee150b78{ip: 10.1.0.29, host: fv-az270-423.tacnzluakwdehk1hpragurqkma.bx.internal.cloudapp.net, ports: [REPLICATION=45903, RATIS=34741, RATIS_ADMIN=34741, RATIS_SERVER=34741, STANDALONE=45233], networkLocation: /default-rack, certSerialId: null, persistedOpState: IN_SERVICE, persistedOpStateExpiryEpochSec: 0} reports an CLOSED replica.
2022-04-27 10:52:54,208 [EventQueue-PipelineReportForPipelineReportHandler] INFO  pipeline.PipelineReportHandler (PipelineReportHandler.java:processPipelineReport(113)) - Reported pipeline PipelineID=cf80c735-cb93-438b-a05e-dff27b2a1031 is not found
2022-04-27 10:52:54,220 [FixedThreadPoolWithAffinityExecutor-1-0] WARN  container.ContainerReportHandler (AbstractContainerReportHandler.java:updateContainerState(255)) - Container #4 is in OPEN state, but the datanode 5305b34f-83d0-4be9-8032-f631ee150b78{ip: 10.1.0.29, host: fv-az270-423.tacnzluakwdehk1hpragurqkma.bx.internal.cloudapp.net, ports: [REPLICATION=45903, RATIS=34741, RATIS_ADMIN=34741, RATIS_SERVER=34741, STANDALONE=45233], networkLocation: /default-rack, certSerialId: null, persistedOpState: IN_SERVICE, persistedOpStateExpiryEpochSec: 0} reports an CLOSED replica.
2022-04-27 10:52:54,372 [EventQueue-PipelineReportForPipelineReportHandler] INFO  pipeline.PipelineReportHandler (PipelineReportHandler.java:processPipelineReport(113)) - Reported pipeline PipelineID=cf80c735-cb93-438b-a05e-dff27b2a1031 is not found
2022-04-27 10:52:54,408 [EventQueue-PipelineReportForPipelineReportHandler] INFO  pipeline.PipelineReportHandler (PipelineReportHandler.java:processPipelineReport(113)) - Reported pipeline PipelineID=cf80c735-cb93-438b-a05e-dff27b2a1031 is not found
2022-04-27 10:52:54,413 [EventQueue-PipelineReportForPipelineReportHandler] INFO  pipeline.PipelineReportHandler (PipelineReportHandler.java:processPipelineReport(113)) - Reported pipeline PipelineID=cf80c735-cb93-438b-a05e-dff27b2a1031 is not found
2022-04-27 10:52:54,572 [EventQueue-PipelineReportForPipelineReportHandler] INFO  pipeline.PipelineReportHandler (PipelineReportHandler.java:processPipelineReport(113)) - Reported pipeline PipelineID=cf80c735-cb93-438b-a05e-dff27b2a1031 is not found
2022-04-27 10:52:54,574 [java.util.concurrent.ThreadPoolExecutor$Worker@3b5b9e6d[State = -1, empty queue]] WARN  server.GrpcLogAppender (GrpcLogAppender.java:timeoutAppendRequest(246)) - 5305b34f-83d0-4be9-8032-f631ee150b78@group-75AB1B4BA813->b4543bad-81d3-4f1d-9fc6-5e97dcd2d8eb-GrpcLogAppender: HEARTBEAT appendEntries Timeout, request=AppendEntriesRequest:cid=12017449,entriesCount=0,lastEntry=null
2022-04-27 10:52:54,613 [EventQueue-PipelineReportForPipelineReportHandler] INFO  pipeline.PipelineReportHandler (PipelineReportHandler.java:processPipelineReport(113)) - Reported pipeline PipelineID=cf80c735-cb93-438b-a05e-dff27b2a1031 is not found
2022-04-27 10:52:54,616 [FixedThreadPoolWithAffinityExecutor-1-0] WARN  container.ContainerReportHandler (AbstractContainerReportHandler.java:updateContainerState(255)) - Container #4 is in OPEN state, but the datanode 5305b34f-83d0-4be9-8032-f631ee150b78{ip: 10.1.0.29, host: fv-az270-423.tacnzluakwdehk1hpragurqkma.bx.internal.cloudapp.net, ports: [REPLICATION=45903, RATIS=34741, RATIS_ADMIN=34741, RATIS_SERVER=34741, STANDALONE=45233], networkLocation: /default-rack, certSerialId: null, persistedOpState: IN_SERVICE, persistedOpStateExpiryEpochSec: 0} reports an CLOSED replica.
2022-04-27 10:52:54,773 [EventQueue-PipelineReportForPipelineReportHandler] INFO  pipeline.PipelineReportHandler (PipelineReportHandler.java:processPipelineReport(113)) - Reported pipeline PipelineID=cf80c735-cb93-438b-a05e-dff27b2a1031 is not found
2022-04-27 10:52:54,809 [EventQueue-PipelineReportForPipelineReportHandler] INFO  pipeline.PipelineReportHandler (PipelineReportHandler.java:processPipelineReport(113)) - Reported pipeline PipelineID=cf80c735-cb93-438b-a05e-dff27b2a1031 is not found
2022-04-27 10:52:54,816 [FixedThreadPoolWithAffinityExecutor-9-0] WARN  container.ContainerReportHandler (AbstractContainerReportHandler.java:updateContainerState(255)) - Container #4 is in OPEN state, but the datanode 5305b34f-83d0-4be9-8032-f631ee150b78{ip: 10.1.0.29, host: fv-az270-423.tacnzluakwdehk1hpragurqkma.bx.internal.cloudapp.net, ports: [REPLICATION=45903, RATIS=34741, RATIS_ADMIN=34741, RATIS_SERVER=34741, STANDALONE=45233], networkLocation: /default-rack, certSerialId: null, persistedOpState: IN_SERVICE, persistedOpStateExpiryEpochSec: 0} reports an CLOSED replica.
2022-04-27 10:52:55,008 [EventQueue-PipelineReportForPipelineReportHandler] INFO  pipeline.PipelineReportHandler (PipelineReportHandler.java:processPipelineReport(113)) - Reported pipeline PipelineID=cf80c735-cb93-438b-a05e-dff27b2a1031 is not found
2022-04-27 10:52:55,012 [EventQueue-PipelineReportForPipelineReportHandler] INFO  pipeline.PipelineReportHandler (PipelineReportHandler.java:processPipelineReport(113)) - Reported pipeline PipelineID=cf80c735-cb93-438b-a05e-dff27b2a1031 is not found
2022-04-27 10:52:55,017 [FixedThreadPoolWithAffinityExecutor-1-0] WARN  container.ContainerReportHandler (AbstractContainerReportHandler.java:updateContainerState(255)) - Container #4 is in OPEN state, but the datanode 5305b34f-83d0-4be9-8032-f631ee150b78{ip: 10.1.0.29, host: fv-az270-423.tacnzluakwdehk1hpragurqkma.bx.internal.cloudapp.net, ports: [REPLICATION=45903, RATIS=34741, RATIS_ADMIN=34741, RATIS_SERVER=34741, STANDALONE=45233], networkLocation: /default-rack, certSerialId: null, persistedOpState: IN_SERVICE, persistedOpStateExpiryEpochSec: 0} reports an CLOSED replica.
2022-04-27 10:52:55,174 [EventQueue-PipelineReportForPipelineReportHandler] INFO  pipeline.PipelineReportHandler (PipelineReportHandler.java:processPipelineReport(113)) - Reported pipeline PipelineID=cf80c735-cb93-438b-a05e-dff27b2a1031 is not found
2022-04-27 10:52:55,213 [EventQueue-PipelineReportForPipelineReportHandler] INFO  pipeline.PipelineReportHandler (PipelineReportHandler.java:processPipelineReport(113)) - Reported pipeline PipelineID=cf80c735-cb93-438b-a05e-dff27b2a1031 is not found
2022-04-27 10:52:55,374 [EventQueue-PipelineReportForPipelineReportHandler] INFO  pipeline.PipelineReportHandler (PipelineReportHandler.java:processPipelineReport(113)) - Reported pipeline PipelineID=cf80c735-cb93-438b-a05e-dff27b2a1031 is not found
2022-04-27 10:52:55,411 [EventQueue-PipelineReportForPipelineReportHandler] INFO  pipeline.PipelineReportHandler (PipelineReportHandler.java:processPipelineReport(113)) - Reported pipeline PipelineID=cf80c735-cb93-438b-a05e-dff27b2a1031 is not found
2022-04-27 10:52:55,417 [FixedThreadPoolWithAffinityExecutor-0-0] WARN  container.ContainerReportHandler (AbstractContainerReportHandler.java:updateContainerState(255)) - Container #4 is in OPEN state, but the datanode 5305b34f-83d0-4be9-8032-f631ee150b78{ip: 10.1.0.29, host: fv-az270-423.tacnzluakwdehk1hpragurqkma.bx.internal.cloudapp.net, ports: [REPLICATION=45903, RATIS=34741, RATIS_ADMIN=34741, RATIS_SERVER=34741, STANDALONE=45233], networkLocation: /default-rack, certSerialId: null, persistedOpState: IN_SERVICE, persistedOpStateExpiryEpochSec: 0} reports an CLOSED replica.
2022-04-27 10:52:55,613 [EventQueue-PipelineReportForPipelineReportHandler] INFO  pipeline.PipelineReportHandler (PipelineReportHandler.java:processPipelineReport(113)) - Reported pipeline PipelineID=cf80c735-cb93-438b-a05e-dff27b2a1031 is not found
2022-04-27 10:52:55,617 [FixedThreadPoolWithAffinityExecutor-8-0] WARN  container.ContainerReportHandler (AbstractContainerReportHandler.java:updateContainerState(255)) - Container #4 is in OPEN state, but the datanode 5305b34f-83d0-4be9-8032-f631ee150b78{ip: 10.1.0.29, host: fv-az270-423.tacnzluakwdehk1hpragurqkma.bx.internal.cloudapp.net, ports: [REPLICATION=45903, RATIS=34741, RATIS_ADMIN=34741, RATIS_SERVER=34741, STANDALONE=45233], networkLocation: /default-rack, certSerialId: null, persistedOpState: IN_SERVICE, persistedOpStateExpiryEpochSec: 0} reports an CLOSED replica.
2022-04-27 10:52:55,774 [EventQueue-PipelineReportForPipelineReportHandler] INFO  pipeline.PipelineReportHandler (PipelineReportHandler.java:processPipelineReport(113)) - Reported pipeline PipelineID=cf80c735-cb93-438b-a05e-dff27b2a1031 is not found
2022-04-27 10:52:55,811 [EventQueue-PipelineReportForPipelineReportHandler] INFO  pipeline.PipelineReportHandler (PipelineReportHandler.java:processPipelineReport(113)) - Reported pipeline PipelineID=cf80c735-cb93-438b-a05e-dff27b2a1031 is not found
2022-04-27 10:52:56,012 [EventQueue-PipelineReportForPipelineReportHandler] INFO  pipeline.PipelineReportHandler (PipelineReportHandler.java:processPipelineReport(113)) - Reported pipeline PipelineID=cf80c735-cb93-438b-a05e-dff27b2a1031 is not found
2022-04-27 10:52:56,013 [EventQueue-PipelineReportForPipelineReportHandler] INFO  pipeline.PipelineReportHandler (PipelineReportHandler.java:processPipelineReport(113)) - Reported pipeline PipelineID=cf80c735-cb93-438b-a05e-dff27b2a1031 is not found
2022-04-27 10:52:56,017 [FixedThreadPoolWithAffinityExecutor-1-0] WARN  container.ContainerReportHandler (AbstractContainerReportHandler.java:updateContainerState(255)) - Container #4 is in OPEN state, but the datanode 5305b34f-83d0-4be9-8032-f631ee150b78{ip: 10.1.0.29, host: fv-az270-423.tacnzluakwdehk1hpragurqkma.bx.internal.cloudapp.net, ports: [REPLICATION=45903, RATIS=34741, RATIS_ADMIN=34741, RATIS_SERVER=34741, STANDALONE=45233], networkLocation: /default-rack, certSerialId: null, persistedOpState: IN_SERVICE, persistedOpStateExpiryEpochSec: 0} reports an CLOSED replica.
2022-04-27 10:52:56,174 [EventQueue-PipelineReportForPipelineReportHandler] INFO  pipeline.PipelineReportHandler (PipelineReportHandler.java:processPipelineReport(113)) - Reported pipeline PipelineID=cf80c735-cb93-438b-a05e-dff27b2a1031 is not found
2022-04-27 10:52:56,412 [EventQueue-PipelineReportForPipelineReportHandler] INFO  pipeline.PipelineReportHandler (PipelineReportHandler.java:processPipelineReport(113)) - Reported pipeline PipelineID=cf80c735-cb93-438b-a05e-dff27b2a1031 is not found
2022-04-27 10:52:56,415 [EventQueue-PipelineReportForPipelineReportHandler] INFO  pipeline.PipelineReportHandler (PipelineReportHandler.java:processPipelineReport(113)) - Reported pipeline PipelineID=cf80c735-cb93-438b-a05e-dff27b2a1031 is not found
2022-04-27 10:52:56,418 [FixedThreadPoolWithAffinityExecutor-1-0] WARN  container.ContainerReportHandler (AbstractContainerReportHandler.java:updateContainerState(255)) - Container #4 is in OPEN state, but the datanode 5305b34f-83d0-4be9-8032-f631ee150b78{ip: 10.1.0.29, host: fv-az270-423.tacnzluakwdehk1hpragurqkma.bx.internal.cloudapp.net, ports: [REPLICATION=45903, RATIS=34741, RATIS_ADMIN=34741, RATIS_SERVER=34741, STANDALONE=45233], networkLocation: /default-rack, certSerialId: null, persistedOpState: IN_SERVICE, persistedOpStateExpiryEpochSec: 0} reports an CLOSED replica.
2022-04-27 10:52:56,448 [java.util.concurrent.ThreadPoolExecutor$Worker@3b5b9e6d[State = -1, empty queue]] WARN  server.GrpcLogAppender (GrpcLogAppender.java:timeoutAppendRequest(246)) - fb1b2524-5f72-4172-b06b-98bf8bab58d7@group-7308F894FD3A->b4543bad-81d3-4f1d-9fc6-5e97dcd2d8eb-GrpcLogAppender: HEARTBEAT appendEntries Timeout, request=AppendEntriesRequest:cid=15741144,entriesCount=0,lastEntry=null
2022-04-27 10:52:56,576 [EventQueue-PipelineReportForPipelineReportHandler] INFO  pipeline.PipelineReportHandler (PipelineReportHandler.java:processPipelineReport(113)) - Reported pipeline PipelineID=cf80c735-cb93-438b-a05e-dff27b2a1031 is not found
2022-04-27 10:52:56,616 [EventQueue-PipelineReportForPipelineReportHandler] INFO  pipeline.PipelineReportHandler (PipelineReportHandler.java:processPipelineReport(113)) - Reported pipeline PipelineID=cf80c735-cb93-438b-a05e-dff27b2a1031 is not found
2022-04-27 10:52:56,618 [FixedThreadPoolWithAffinityExecutor-1-0] WARN  container.ContainerReportHandler (AbstractContainerReportHandler.java:updateContainerState(255)) - Container #4 is in OPEN state, but the datanode 5305b34f-83d0-4be9-8032-f631ee150b78{ip: 10.1.0.29, host: fv-az270-423.tacnzluakwdehk1hpragurqkma.bx.internal.cloudapp.net, ports: [REPLICATION=45903, RATIS=34741, RATIS_ADMIN=34741, RATIS_SERVER=34741, STANDALONE=45233], networkLocation: /default-rack, certSerialId: null, persistedOpState: IN_SERVICE, persistedOpStateExpiryEpochSec: 0} reports an CLOSED replica.
2022-04-27 10:52:56,777 [EventQueue-PipelineReportForPipelineReportHandler] INFO  pipeline.PipelineReportHandler (PipelineReportHandler.java:processPipelineReport(113)) - Reported pipeline PipelineID=cf80c735-cb93-438b-a05e-dff27b2a1031 is not found
2022-04-27 10:52:56,812 [EventQueue-PipelineReportForPipelineReportHandler] INFO  pipeline.PipelineReportHandler (PipelineReportHandler.java:processPipelineReport(113)) - Reported pipeline PipelineID=cf80c735-cb93-438b-a05e-dff27b2a1031 is not found
2022-04-27 10:52:56,818 [FixedThreadPoolWithAffinityExecutor-1-0] WARN  container.ContainerReportHandler (AbstractContainerReportHandler.java:updateContainerState(255)) - Container #4 is in OPEN state, but the datanode 5305b34f-83d0-4be9-8032-f631ee150b78{ip: 10.1.0.29, host: fv-az270-423.tacnzluakwdehk1hpragurqkma.bx.internal.cloudapp.net, ports: [REPLICATION=45903, RATIS=34741, RATIS_ADMIN=34741, RATIS_SERVER=34741, STANDALONE=45233], networkLocation: /default-rack, certSerialId: null, persistedOpState: IN_SERVICE, persistedOpStateExpiryEpochSec: 0} reports an CLOSED replica.
2022-04-27 10:52:56,978 [EventQueue-PipelineReportForPipelineReportHandler] INFO  pipeline.PipelineReportHandler (PipelineReportHandler.java:processPipelineReport(113)) - Reported pipeline PipelineID=cf80c735-cb93-438b-a05e-dff27b2a1031 is not found
2022-04-27 10:52:57,012 [EventQueue-PipelineReportForPipelineReportHandler] INFO  pipeline.PipelineReportHandler (PipelineReportHandler.java:processPipelineReport(113)) - Reported pipeline PipelineID=cf80c735-cb93-438b-a05e-dff27b2a1031 is not found
2022-04-27 10:52:57,014 [EventQueue-PipelineReportForPipelineReportHandler] INFO  pipeline.PipelineReportHandler (PipelineReportHandler.java:processPipelineReport(113)) - Reported pipeline PipelineID=cf80c735-cb93-438b-a05e-dff27b2a1031 is not found
2022-04-27 10:52:57,076 [java.util.concurrent.ThreadPoolExecutor$Worker@3b5b9e6d[State = -1, empty queue]] WARN  server.GrpcLogAppender (GrpcLogAppender.java:timeoutAppendRequest(246)) - 5305b34f-83d0-4be9-8032-f631ee150b78@group-75AB1B4BA813->b4543bad-81d3-4f1d-9fc6-5e97dcd2d8eb-GrpcLogAppender: HEARTBEAT appendEntries Timeout, request=AppendEntriesRequest:cid=12017450,entriesCount=0,lastEntry=null
2022-04-27 10:52:57,212 [EventQueue-PipelineReportForPipelineReportHandler] INFO  pipeline.PipelineReportHandler (PipelineReportHandler.java:processPipelineReport(113)) - Reported pipeline PipelineID=cf80c735-cb93-438b-a05e-dff27b2a1031 is not found
2022-04-27 10:52:57,214 [EventQueue-PipelineReportForPipelineReportHandler] INFO  pipeline.PipelineReportHandler (PipelineReportHandler.java:processPipelineReport(113)) - Reported pipeline PipelineID=cf80c735-cb93-438b-a05e-dff27b2a1031 is not found
2022-04-27 10:52:57,218 [FixedThreadPoolWithAffinityExecutor-1-0] WARN  container.ContainerReportHandler (AbstractContainerReportHandler.java:updateContainerState(255)) - Container #4 is in OPEN state, but the datanode 5305b34f-83d0-4be9-8032-f631ee150b78{ip: 10.1.0.29, host: fv-az270-423.tacnzluakwdehk1hpragurqkma.bx.internal.cloudapp.net, ports: [REPLICATION=45903, RATIS=34741, RATIS_ADMIN=34741, RATIS_SERVER=34741, STANDALONE=45233], networkLocation: /default-rack, certSerialId: null, persistedOpState: IN_SERVICE, persistedOpStateExpiryEpochSec: 0} reports an CLOSED replica.
2022-04-27 10:52:57,377 [EventQueue-PipelineReportForPipelineReportHandler] INFO  pipeline.PipelineReportHandler (PipelineReportHandler.java:processPipelineReport(113)) - Reported pipeline PipelineID=cf80c735-cb93-438b-a05e-dff27b2a1031 is not found
2022-04-27 10:52:57,411 [EventQueue-PipelineReportForPipelineReportHandler] INFO  pipeline.PipelineReportHandler (PipelineReportHandler.java:processPipelineReport(113)) - Reported pipeline PipelineID=cf80c735-cb93-438b-a05e-dff27b2a1031 is not found
2022-04-27 10:52:57,612 [EventQueue-PipelineReportForPipelineReportHandler] INFO  pipeline.PipelineReportHandler (PipelineReportHandler.java:processPipelineReport(113)) - Reported pipeline PipelineID=cf80c735-cb93-438b-a05e-dff27b2a1031 is not found
2022-04-27 10:52:57,615 [EventQueue-PipelineReportForPipelineReportHandler] INFO  pipeline.PipelineReportHandler (PipelineReportHandler.java:processPipelineReport(113)) - Reported pipeline PipelineID=cf80c735-cb93-438b-a05e-dff27b2a1031 is not found
2022-04-27 10:52:57,619 [FixedThreadPoolWithAffinityExecutor-0-0] WARN  container.ContainerReportHandler (AbstractContainerReportHandler.java:updateContainerState(255)) - Container #4 is in OPEN state, but the datanode 5305b34f-83d0-4be9-8032-f631ee150b78{ip: 10.1.0.29, host: fv-az270-423.tacnzluakwdehk1hpragurqkma.bx.internal.cloudapp.net, ports: [REPLICATION=45903, RATIS=34741, RATIS_ADMIN=34741, RATIS_SERVER=34741, STANDALONE=45233], networkLocation: /default-rack, certSerialId: null, persistedOpState: IN_SERVICE, persistedOpStateExpiryEpochSec: 0} reports an CLOSED replica.
2022-04-27 10:52:57,780 [EventQueue-PipelineReportForPipelineReportHandler] INFO  pipeline.PipelineReportHandler (PipelineReportHandler.java:processPipelineReport(113)) - Reported pipeline PipelineID=cf80c735-cb93-438b-a05e-dff27b2a1031 is not found
2022-04-27 10:52:57,815 [EventQueue-PipelineReportForPipelineReportHandler] INFO  pipeline.PipelineReportHandler (PipelineReportHandler.java:processPipelineReport(113)) - Reported pipeline PipelineID=cf80c735-cb93-438b-a05e-dff27b2a1031 is not found
2022-04-27 10:52:57,819 [FixedThreadPoolWithAffinityExecutor-1-0] WARN  container.ContainerReportHandler (AbstractContainerReportHandler.java:updateContainerState(255)) - Container #4 is in OPEN state, but the datanode 5305b34f-83d0-4be9-8032-f631ee150b78{ip: 10.1.0.29, host: fv-az270-423.tacnzluakwdehk1hpragurqkma.bx.internal.cloudapp.net, ports: [REPLICATION=45903, RATIS=34741, RATIS_ADMIN=34741, RATIS_SERVER=34741, STANDALONE=45233], networkLocation: /default-rack, certSerialId: null, persistedOpState: IN_SERVICE, persistedOpStateExpiryEpochSec: 0} reports an CLOSED replica.
2022-04-27 10:52:57,980 [EventQueue-PipelineReportForPipelineReportHandler] INFO  pipeline.PipelineReportHandler (PipelineReportHandler.java:processPipelineReport(113)) - Reported pipeline PipelineID=cf80c735-cb93-438b-a05e-dff27b2a1031 is not found
2022-04-27 10:52:58,011 [EventQueue-PipelineReportForPipelineReportHandler] INFO  pipeline.PipelineReportHandler (PipelineReportHandler.java:processPipelineReport(113)) - Reported pipeline PipelineID=cf80c735-cb93-438b-a05e-dff27b2a1031 is not found
2022-04-27 10:52:58,214 [EventQueue-PipelineReportForPipelineReportHandler] INFO  pipeline.PipelineReportHandler (PipelineReportHandler.java:processPipelineReport(113)) - Reported pipeline PipelineID=cf80c735-cb93-438b-a05e-dff27b2a1031 is not found
2022-04-27 10:52:58,219 [FixedThreadPoolWithAffinityExecutor-0-0] WARN  container.ContainerReportHandler (AbstractContainerReportHandler.java:updateContainerState(255)) - Container #4 is in OPEN state, but the datanode 5305b34f-83d0-4be9-8032-f631ee150b78{ip: 10.1.0.29, host: fv-az270-423.tacnzluakwdehk1hpragurqkma.bx.internal.cloudapp.net, ports: [REPLICATION=45903, RATIS=34741, RATIS_ADMIN=34741, RATIS_SERVER=34741, STANDALONE=45233], networkLocation: /default-rack, certSerialId: null, persistedOpState: IN_SERVICE, persistedOpStateExpiryEpochSec: 0} reports an CLOSED replica.
2022-04-27 10:52:58,379 [EventQueue-PipelineReportForPipelineReportHandler] INFO  pipeline.PipelineReportHandler (PipelineReportHandler.java:processPipelineReport(113)) - Reported pipeline PipelineID=cf80c735-cb93-438b-a05e-dff27b2a1031 is not found
2022-04-27 10:52:58,412 [EventQueue-PipelineReportForPipelineReportHandler] INFO  pipeline.PipelineReportHandler (PipelineReportHandler.java:processPipelineReport(113)) - Reported pipeline PipelineID=cf80c735-cb93-438b-a05e-dff27b2a1031 is not found
2022-04-27 10:52:58,414 [EventQueue-PipelineReportForPipelineReportHandler] INFO  pipeline.PipelineReportHandler (PipelineReportHandler.java:processPipelineReport(113)) - Reported pipeline PipelineID=cf80c735-cb93-438b-a05e-dff27b2a1031 is not found
2022-04-27 10:52:58,419 [FixedThreadPoolWithAffinityExecutor-1-0] WARN  container.ContainerReportHandler (AbstractContainerReportHandler.java:updateContainerState(255)) - Container #4 is in OPEN state, but the datanode 5305b34f-83d0-4be9-8032-f631ee150b78{ip: 10.1.0.29, host: fv-az270-423.tacnzluakwdehk1hpragurqkma.bx.internal.cloudapp.net, ports: [REPLICATION=45903, RATIS=34741, RATIS_ADMIN=34741, RATIS_SERVER=34741, STANDALONE=45233], networkLocation: /default-rack, certSerialId: null, persistedOpState: IN_SERVICE, persistedOpStateExpiryEpochSec: 0} reports an CLOSED replica.
2022-04-27 10:52:58,613 [EventQueue-PipelineReportForPipelineReportHandler] INFO  pipeline.PipelineReportHandler (PipelineReportHandler.java:processPipelineReport(113)) - Reported pipeline PipelineID=cf80c735-cb93-438b-a05e-dff27b2a1031 is not found
2022-04-27 10:52:58,780 [EventQueue-PipelineReportForPipelineReportHandler] INFO  pipeline.PipelineReportHandler (PipelineReportHandler.java:processPipelineReport(113)) - Reported pipeline PipelineID=cf80c735-cb93-438b-a05e-dff27b2a1031 is not found
2022-04-27 10:52:58,817 [EventQueue-PipelineReportForPipelineReportHandler] INFO  pipeline.PipelineReportHandler (PipelineReportHandler.java:processPipelineReport(113)) - Reported pipeline PipelineID=cf80c735-cb93-438b-a05e-dff27b2a1031 is not found
2022-04-27 10:52:58,818 [FixedThreadPoolWithAffinityExecutor-0-0] WARN  container.ContainerReportHandler (AbstractContainerReportHandler.java:updateContainerState(255)) - Container #4 is in OPEN state, but the datanode 5305b34f-83d0-4be9-8032-f631ee150b78{ip: 10.1.0.29, host: fv-az270-423.tacnzluakwdehk1hpragurqkma.bx.internal.cloudapp.net, ports: [REPLICATION=45903, RATIS=34741, RATIS_ADMIN=34741, RATIS_SERVER=34741, STANDALONE=45233], networkLocation: /default-rack, certSerialId: null, persistedOpState: IN_SERVICE, persistedOpStateExpiryEpochSec: 0} reports an CLOSED replica.
2022-04-27 10:52:58,949 [java.util.concurrent.ThreadPoolExecutor$Worker@592e2d04[State = -1, empty queue]] WARN  server.GrpcLogAppender (GrpcLogAppender.java:timeoutAppendRequest(246)) - fb1b2524-5f72-4172-b06b-98bf8bab58d7@group-7308F894FD3A->b4543bad-81d3-4f1d-9fc6-5e97dcd2d8eb-GrpcLogAppender: HEARTBEAT appendEntries Timeout, request=AppendEntriesRequest:cid=15741145,entriesCount=0,lastEntry=null
2022-04-27 10:52:58,980 [EventQueue-PipelineReportForPipelineReportHandler] INFO  pipeline.PipelineReportHandler (PipelineReportHandler.java:processPipelineReport(113)) - Reported pipeline PipelineID=cf80c735-cb93-438b-a05e-dff27b2a1031 is not found
2022-04-27 10:52:59,013 [EventQueue-PipelineReportForPipelineReportHandler] INFO  pipeline.PipelineReportHandler (PipelineReportHandler.java:processPipelineReport(113)) - Reported pipeline PipelineID=cf80c735-cb93-438b-a05e-dff27b2a1031 is not found
2022-04-27 10:52:59,019 [FixedThreadPoolWithAffinityExecutor-1-0] WARN  container.ContainerReportHandler (AbstractContainerReportHandler.java:updateContainerState(255)) - Container #4 is in OPEN state, but the datanode 5305b34f-83d0-4be9-8032-f631ee150b78{ip: 10.1.0.29, host: fv-az270-423.tacnzluakwdehk1hpragurqkma.bx.internal.cloudapp.net, ports: [REPLICATION=45903, RATIS=34741, RATIS_ADMIN=34741, RATIS_SERVER=34741, STANDALONE=45233], networkLocation: /default-rack, certSerialId: null, persistedOpState: IN_SERVICE, persistedOpStateExpiryEpochSec: 0} reports an CLOSED replica.
2022-04-27 10:52:59,213 [EventQueue-PipelineReportForPipelineReportHandler] INFO  pipeline.PipelineReportHandler (PipelineReportHandler.java:processPipelineReport(113)) - Reported pipeline PipelineID=cf80c735-cb93-438b-a05e-dff27b2a1031 is not found
2022-04-27 10:52:59,218 [EventQueue-PipelineReportForPipelineReportHandler] INFO  pipeline.PipelineReportHandler (PipelineReportHandler.java:processPipelineReport(113)) - Reported pipeline PipelineID=cf80c735-cb93-438b-a05e-dff27b2a1031 is not found
2022-04-27 10:52:59,380 [EventQueue-PipelineReportForPipelineReportHandler] INFO  pipeline.PipelineReportHandler (PipelineReportHandler.java:processPipelineReport(113)) - Reported pipeline PipelineID=cf80c735-cb93-438b-a05e-dff27b2a1031 is not found
2022-04-27 10:52:59,420 [FixedThreadPoolWithAffinityExecutor-8-0] WARN  container.ContainerReportHandler (AbstractContainerReportHandler.java:updateContainerState(255)) - Container #4 is in OPEN state, but the datanode 5305b34f-83d0-4be9-8032-f631ee150b78{ip: 10.1.0.29, host: fv-az270-423.tacnzluakwdehk1hpragurqkma.bx.internal.cloudapp.net, ports: [REPLICATION=45903, RATIS=34741, RATIS_ADMIN=34741, RATIS_SERVER=34741, STANDALONE=45233], networkLocation: /default-rack, certSerialId: null, persistedOpState: IN_SERVICE, persistedOpStateExpiryEpochSec: 0} reports an CLOSED replica.
2022-04-27 10:52:59,421 [EventQueue-PipelineReportForPipelineReportHandler] INFO  pipeline.PipelineReportHandler (PipelineReportHandler.java:processPipelineReport(113)) - Reported pipeline PipelineID=cf80c735-cb93-438b-a05e-dff27b2a1031 is not found
2022-04-27 10:52:59,576 [java.util.concurrent.ThreadPoolExecutor$Worker@592e2d04[State = -1, empty queue]] WARN  server.GrpcLogAppender (GrpcLogAppender.java:timeoutAppendRequest(246)) - 5305b34f-83d0-4be9-8032-f631ee150b78@group-75AB1B4BA813->b4543bad-81d3-4f1d-9fc6-5e97dcd2d8eb-GrpcLogAppender: HEARTBEAT appendEntries Timeout, request=AppendEntriesRequest:cid=12017451,entriesCount=0,lastEntry=null
2022-04-27 10:52:59,613 [EventQueue-PipelineReportForPipelineReportHandler] INFO  pipeline.PipelineReportHandler (PipelineReportHandler.java:processPipelineReport(113)) - Reported pipeline PipelineID=cf80c735-cb93-438b-a05e-dff27b2a1031 is not found
2022-04-27 10:52:59,619 [EventQueue-PipelineReportForPipelineReportHandler] INFO  pipeline.PipelineReportHandler (PipelineReportHandler.java:processPipelineReport(113)) - Reported pipeline PipelineID=cf80c735-cb93-438b-a05e-dff27b2a1031 is not found
2022-04-27 10:52:59,620 [FixedThreadPoolWithAffinityExecutor-9-0] WARN  container.ContainerReportHandler (AbstractContainerReportHandler.java:updateContainerState(255)) - Container #4 is in OPEN state, but the datanode 5305b34f-83d0-4be9-8032-f631ee150b78{ip: 10.1.0.29, host: fv-az270-423.tacnzluakwdehk1hpragurqkma.bx.internal.cloudapp.net, ports: [REPLICATION=45903, RATIS=34741, RATIS_ADMIN=34741, RATIS_SERVER=34741, STANDALONE=45233], networkLocation: /default-rack, certSerialId: null, persistedOpState: IN_SERVICE, persistedOpStateExpiryEpochSec: 0} reports an CLOSED replica.
2022-04-27 10:52:59,780 [EventQueue-PipelineReportForPipelineReportHandler] INFO  pipeline.PipelineReportHandler (PipelineReportHandler.java:processPipelineReport(113)) - Reported pipeline PipelineID=cf80c735-cb93-438b-a05e-dff27b2a1031 is not found
2022-04-27 10:52:59,813 [EventQueue-PipelineReportForPipelineReportHandler] INFO  pipeline.PipelineReportHandler (PipelineReportHandler.java:processPipelineReport(113)) - Reported pipeline PipelineID=cf80c735-cb93-438b-a05e-dff27b2a1031 is not found
2022-04-27 10:52:59,821 [FixedThreadPoolWithAffinityExecutor-8-0] WARN  container.ContainerReportHandler (AbstractContainerReportHandler.java:updateContainerState(255)) - Container #4 is in OPEN state, but the datanode 5305b34f-83d0-4be9-8032-f631ee150b78{ip: 10.1.0.29, host: fv-az270-423.tacnzluakwdehk1hpragurqkma.bx.internal.cloudapp.net, ports: [REPLICATION=45903, RATIS=34741, RATIS_ADMIN=34741, RATIS_SERVER=34741, STANDALONE=45233], networkLocation: /default-rack, certSerialId: null, persistedOpState: IN_SERVICE, persistedOpStateExpiryEpochSec: 0} reports an CLOSED replica.
2022-04-27 10:52:59,980 [EventQueue-PipelineReportForPipelineReportHandler] INFO  pipeline.PipelineReportHandler (PipelineReportHandler.java:processPipelineReport(113)) - Reported pipeline PipelineID=cf80c735-cb93-438b-a05e-dff27b2a1031 is not found
2022-04-27 10:53:00,021 [FixedThreadPoolWithAffinityExecutor-8-0] WARN  container.ContainerReportHandler (AbstractContainerReportHandler.java:updateContainerState(255)) - Container #4 is in OPEN state, but the datanode 5305b34f-83d0-4be9-8032-f631ee150b78{ip: 10.1.0.29, host: fv-az270-423.tacnzluakwdehk1hpragurqkma.bx.internal.cloudapp.net, ports: [REPLICATION=45903, RATIS=34741, RATIS_ADMIN=34741, RATIS_SERVER=34741, STANDALONE=45233], networkLocation: /default-rack, certSerialId: null, persistedOpState: IN_SERVICE, persistedOpStateExpiryEpochSec: 0} reports an CLOSED replica.
2022-04-27 10:53:00,022 [EventQueue-PipelineReportForPipelineReportHandler] INFO  pipeline.PipelineReportHandler (PipelineReportHandler.java:processPipelineReport(113)) - Reported pipeline PipelineID=cf80c735-cb93-438b-a05e-dff27b2a1031 is not found
2022-04-27 10:53:00,215 [EventQueue-PipelineReportForPipelineReportHandler] INFO  pipeline.PipelineReportHandler (PipelineReportHandler.java:processPipelineReport(113)) - Reported pipeline PipelineID=cf80c735-cb93-438b-a05e-dff27b2a1031 is not found
2022-04-27 10:53:00,221 [FixedThreadPoolWithAffinityExecutor-1-0] WARN  container.ContainerReportHandler (AbstractContainerReportHandler.java:updateContainerState(255)) - Container #4 is in OPEN state, but the datanode 5305b34f-83d0-4be9-8032-f631ee150b78{ip: 10.1.0.29, host: fv-az270-423.tacnzluakwdehk1hpragurqkma.bx.internal.cloudapp.net, ports: [REPLICATION=45903, RATIS=34741, RATIS_ADMIN=34741, RATIS_SERVER=34741, STANDALONE=45233], networkLocation: /default-rack, certSerialId: null, persistedOpState: IN_SERVICE, persistedOpStateExpiryEpochSec: 0} reports an CLOSED replica.
2022-04-27 10:53:00,381 [EventQueue-PipelineReportForPipelineReportHandler] INFO  pipeline.PipelineReportHandler (PipelineReportHandler.java:processPipelineReport(113)) - Reported pipeline PipelineID=cf80c735-cb93-438b-a05e-dff27b2a1031 is not found
2022-04-27 10:53:00,421 [EventQueue-PipelineReportForPipelineReportHandler] INFO  pipeline.PipelineReportHandler (PipelineReportHandler.java:processPipelineReport(113)) - Reported pipeline PipelineID=cf80c735-cb93-438b-a05e-dff27b2a1031 is not found
2022-04-27 10:53:00,581 [EventQueue-PipelineReportForPipelineReportHandler] INFO  pipeline.PipelineReportHandler (PipelineReportHandler.java:processPipelineReport(113)) - Reported pipeline PipelineID=cf80c735-cb93-438b-a05e-dff27b2a1031 is not found
2022-04-27 10:53:00,616 [EventQueue-PipelineReportForPipelineReportHandler] INFO  pipeline.PipelineReportHandler (PipelineReportHandler.java:processPipelineReport(113)) - Reported pipeline PipelineID=cf80c735-cb93-438b-a05e-dff27b2a1031 is not found
2022-04-27 10:53:00,620 [FixedThreadPoolWithAffinityExecutor-0-0] WARN  container.ContainerReportHandler (AbstractContainerReportHandler.java:updateContainerState(255)) - Container #4 is in OPEN state, but the datanode 5305b34f-83d0-4be9-8032-f631ee150b78{ip: 10.1.0.29, host: fv-az270-423.tacnzluakwdehk1hpragurqkma.bx.internal.cloudapp.net, ports: [REPLICATION=45903, RATIS=34741, RATIS_ADMIN=34741, RATIS_SERVER=34741, STANDALONE=45233], networkLocation: /default-rack, certSerialId: null, persistedOpState: IN_SERVICE, persistedOpStateExpiryEpochSec: 0} reports an CLOSED replica.
2022-04-27 10:53:00,815 [EventQueue-PipelineReportForPipelineReportHandler] INFO  pipeline.PipelineReportHandler (PipelineReportHandler.java:processPipelineReport(113)) - Reported pipeline PipelineID=cf80c735-cb93-438b-a05e-dff27b2a1031 is not found
2022-04-27 10:53:00,821 [FixedThreadPoolWithAffinityExecutor-0-0] WARN  container.ContainerReportHandler (AbstractContainerReportHandler.java:updateContainerState(255)) - Container #4 is in OPEN state, but the datanode 5305b34f-83d0-4be9-8032-f631ee150b78{ip: 10.1.0.29, host: fv-az270-423.tacnzluakwdehk1hpragurqkma.bx.internal.cloudapp.net, ports: [REPLICATION=45903, RATIS=34741, RATIS_ADMIN=34741, RATIS_SERVER=34741, STANDALONE=45233], networkLocation: /default-rack, certSerialId: null, persistedOpState: IN_SERVICE, persistedOpStateExpiryEpochSec: 0} reports an CLOSED replica.
2022-04-27 10:53:00,821 [EventQueue-PipelineReportForPipelineReportHandler] INFO  pipeline.PipelineReportHandler (PipelineReportHandler.java:processPipelineReport(113)) - Reported pipeline PipelineID=cf80c735-cb93-438b-a05e-dff27b2a1031 is not found
2022-04-27 10:53:00,982 [EventQueue-PipelineReportForPipelineReportHandler] INFO  pipeline.PipelineReportHandler (PipelineReportHandler.java:processPipelineReport(113)) - Reported pipeline PipelineID=cf80c735-cb93-438b-a05e-dff27b2a1031 is not found
2022-04-27 10:53:01,019 [EventQueue-PipelineReportForPipelineReportHandler] INFO  pipeline.PipelineReportHandler (PipelineReportHandler.java:processPipelineReport(113)) - Reported pipeline PipelineID=cf80c735-cb93-438b-a05e-dff27b2a1031 is not found
2022-04-27 10:53:01,022 [EventQueue-PipelineReportForPipelineReportHandler] INFO  pipeline.PipelineReportHandler (PipelineReportHandler.java:processPipelineReport(113)) - Reported pipeline PipelineID=cf80c735-cb93-438b-a05e-dff27b2a1031 is not found
2022-04-27 10:53:01,182 [EventQueue-PipelineReportForPipelineReportHandler] INFO  pipeline.PipelineReportHandler (PipelineReportHandler.java:processPipelineReport(113)) - Reported pipeline PipelineID=cf80c735-cb93-438b-a05e-dff27b2a1031 is not found
2022-04-27 10:53:01,229 [FixedThreadPoolWithAffinityExecutor-8-0] WARN  container.ContainerReportHandler (AbstractContainerReportHandler.java:updateContainerState(255)) - Container #4 is in OPEN state, but the datanode 5305b34f-83d0-4be9-8032-f631ee150b78{ip: 10.1.0.29, host: fv-az270-423.tacnzluakwdehk1hpragurqkma.bx.internal.cloudapp.net, ports: [REPLICATION=45903, RATIS=34741, RATIS_ADMIN=34741, RATIS_SERVER=34741, STANDALONE=45233], networkLocation: /default-rack, certSerialId: null, persistedOpState: IN_SERVICE, persistedOpStateExpiryEpochSec: 0} reports an CLOSED replica.
2022-04-27 10:53:01,382 [EventQueue-PipelineReportForPipelineReportHandler] INFO  pipeline.PipelineReportHandler (PipelineReportHandler.java:processPipelineReport(113)) - Reported pipeline PipelineID=cf80c735-cb93-438b-a05e-dff27b2a1031 is not found
2022-04-27 10:53:01,420 [EventQueue-PipelineReportForPipelineReportHandler] INFO  pipeline.PipelineReportHandler (PipelineReportHandler.java:processPipelineReport(113)) - Reported pipeline PipelineID=cf80c735-cb93-438b-a05e-dff27b2a1031 is not found
2022-04-27 10:53:01,429 [EventQueue-PipelineReportForPipelineReportHandler] INFO  pipeline.PipelineReportHandler (PipelineReportHandler.java:processPipelineReport(113)) - Reported pipeline PipelineID=cf80c735-cb93-438b-a05e-dff27b2a1031 is not found
2022-04-27 10:53:01,450 [java.util.concurrent.ThreadPoolExecutor$Worker@592e2d04[State = -1, empty queue]] WARN  server.GrpcLogAppender (GrpcLogAppender.java:timeoutAppendRequest(246)) - fb1b2524-5f72-4172-b06b-98bf8bab58d7@group-7308F894FD3A->b4543bad-81d3-4f1d-9fc6-5e97dcd2d8eb-GrpcLogAppender: HEARTBEAT appendEntries Timeout, request=AppendEntriesRequest:cid=15741146,entriesCount=0,lastEntry=null
2022-04-27 10:53:01,582 [EventQueue-PipelineReportForPipelineReportHandler] INFO  pipeline.PipelineReportHandler (PipelineReportHandler.java:processPipelineReport(113)) - Reported pipeline PipelineID=cf80c735-cb93-438b-a05e-dff27b2a1031 is not found
2022-04-27 10:53:01,620 [EventQueue-PipelineReportForPipelineReportHandler] INFO  pipeline.PipelineReportHandler (PipelineReportHandler.java:processPipelineReport(113)) - Reported pipeline PipelineID=cf80c735-cb93-438b-a05e-dff27b2a1031 is not found
2022-04-27 10:53:01,629 [FixedThreadPoolWithAffinityExecutor-9-0] WARN  container.ContainerReportHandler (AbstractContainerReportHandler.java:updateContainerState(255)) - Container #4 is in OPEN state, but the datanode 5305b34f-83d0-4be9-8032-f631ee150b78{ip: 10.1.0.29, host: fv-az270-423.tacnzluakwdehk1hpragurqkma.bx.internal.cloudapp.net, ports: [REPLICATION=45903, RATIS=34741, RATIS_ADMIN=34741, RATIS_SERVER=34741, STANDALONE=45233], networkLocation: /default-rack, certSerialId: null, persistedOpState: IN_SERVICE, persistedOpStateExpiryEpochSec: 0} reports an CLOSED replica.
2022-04-27 10:53:01,630 [EventQueue-PipelineReportForPipelineReportHandler] INFO  pipeline.PipelineReportHandler (PipelineReportHandler.java:processPipelineReport(113)) - Reported pipeline PipelineID=cf80c735-cb93-438b-a05e-dff27b2a1031 is not found
2022-04-27 10:53:01,983 [EventQueue-PipelineReportForPipelineReportHandler] INFO  pipeline.PipelineReportHandler (PipelineReportHandler.java:processPipelineReport(113)) - Reported pipeline PipelineID=cf80c735-cb93-438b-a05e-dff27b2a1031 is not found
2022-04-27 10:53:02,020 [EventQueue-PipelineReportForPipelineReportHandler] INFO  pipeline.PipelineReportHandler (PipelineReportHandler.java:processPipelineReport(113)) - Reported pipeline PipelineID=cf80c735-cb93-438b-a05e-dff27b2a1031 is not found
2022-04-27 10:53:02,028 [FixedThreadPoolWithAffinityExecutor-8-0] WARN  container.ContainerReportHandler (AbstractContainerReportHandler.java:updateContainerState(255)) - Container #4 is in OPEN state, but the datanode 5305b34f-83d0-4be9-8032-f631ee150b78{ip: 10.1.0.29, host: fv-az270-423.tacnzluakwdehk1hpragurqkma.bx.internal.cloudapp.net, ports: [REPLICATION=45903, RATIS=34741, RATIS_ADMIN=34741, RATIS_SERVER=34741, STANDALONE=45233], networkLocation: /default-rack, certSerialId: null, persistedOpState: IN_SERVICE, persistedOpStateExpiryEpochSec: 0} reports an CLOSED replica.
2022-04-27 10:53:02,029 [EventQueue-PipelineReportForPipelineReportHandler] INFO  pipeline.PipelineReportHandler (PipelineReportHandler.java:processPipelineReport(113)) - Reported pipeline PipelineID=cf80c735-cb93-438b-a05e-dff27b2a1031 is not found
2022-04-27 10:53:02,077 [java.util.concurrent.ThreadPoolExecutor$Worker@592e2d04[State = -1, empty queue]] WARN  server.GrpcLogAppender (GrpcLogAppender.java:timeoutAppendRequest(246)) - 5305b34f-83d0-4be9-8032-f631ee150b78@group-75AB1B4BA813->b4543bad-81d3-4f1d-9fc6-5e97dcd2d8eb-GrpcLogAppender: HEARTBEAT appendEntries Timeout, request=AppendEntriesRequest:cid=12017452,entriesCount=0,lastEntry=null
2022-04-27 10:53:02,183 [EventQueue-PipelineReportForPipelineReportHandler] INFO  pipeline.PipelineReportHandler (PipelineReportHandler.java:processPipelineReport(113)) - Reported pipeline PipelineID=cf80c735-cb93-438b-a05e-dff27b2a1031 is not found
2022-04-27 10:53:02,220 [EventQueue-PipelineReportForPipelineReportHandler] INFO  pipeline.PipelineReportHandler (PipelineReportHandler.java:processPipelineReport(113)) - Reported pipeline PipelineID=cf80c735-cb93-438b-a05e-dff27b2a1031 is not found
2022-04-27 10:53:02,228 [FixedThreadPoolWithAffinityExecutor-1-0] WARN  container.ContainerReportHandler (AbstractContainerReportHandler.java:updateContainerState(255)) - Container #4 is in OPEN state, but the datanode 5305b34f-83d0-4be9-8032-f631ee150b78{ip: 10.1.0.29, host: fv-az270-423.tacnzluakwdehk1hpragurqkma.bx.internal.cloudapp.net, ports: [REPLICATION=45903, RATIS=34741, RATIS_ADMIN=34741, RATIS_SERVER=34741, STANDALONE=45233], networkLocation: /default-rack, certSerialId: null, persistedOpState: IN_SERVICE, persistedOpStateExpiryEpochSec: 0} reports an CLOSED replica.
2022-04-27 10:53:02,230 [EventQueue-PipelineReportForPipelineReportHandler] INFO  pipeline.PipelineReportHandler (PipelineReportHandler.java:processPipelineReport(113)) - Reported pipeline PipelineID=cf80c735-cb93-438b-a05e-dff27b2a1031 is not found
2022-04-27 10:53:02,248 [Listener at 127.0.0.1/43313] WARN  io.KeyOutputStream (KeyOutputStream.java:handleException(309)) - Encountered exception java.io.IOException: Unexpected Storage Container Exception: java.util.concurrent.CompletionException: Failed to write chunk 109611004723200007_chunk_2 into block conID: 7 locID: 109611004723200007 bcsId: 5 on the pipeline Pipeline[ Id: f3c8c0c5-a3de-4190-961f-88db927c3e3a, Nodes: fc150688-1f76-4ec0-a672-aaf91f0753c3{ip: 10.1.0.29, host: fv-az270-423.tacnzluakwdehk1hpragurqkma.bx.internal.cloudapp.net, ports: [REPLICATION=37147, RATIS=37101, RATIS_ADMIN=37101, RATIS_SERVER=37101, STANDALONE=34823], networkLocation: /default-rack, certSerialId: null, persistedOpState: IN_SERVICE, persistedOpStateExpiryEpochSec: 0}, ReplicationConfig: RATIS/ONE, State:OPEN, leaderId:fc150688-1f76-4ec0-a672-aaf91f0753c3, CreationTimestamp2022-04-27T10:51:58.055Z[Etc/UTC]]. The last committed block length is 5, uncommitted data length is 5 retry count 0
2022-04-27 10:53:02,440 [4fef3099-80a8-4154-b528-44138d57637f@group-DAC67E794D68-StateMachineUpdater] INFO  ratis.ContainerStateMachine (ContainerStateMachine.java:takeSnapshot(304)) - group-DAC67E794D68: Taking a snapshot at:(t:1, i:2) file /home/runner/work/ozone/ozone/hadoop-ozone/integration-test/target/test-dir/MiniOzoneClusterImpl-6fb830c9-5413-49cc-a625-6cf41c4e5c97/datanode-9/data/ratis/a638700d-2bf8-4193-8325-dac67e794d68/sm/snapshot.1_2
2022-04-27 10:53:02,442 [4fef3099-80a8-4154-b528-44138d57637f@group-DAC67E794D68-StateMachineUpdater] INFO  ratis.ContainerStateMachine (ContainerStateMachine.java:takeSnapshot(315)) - group-DAC67E794D68: Finished taking a snapshot at:(t:1, i:2) file:/home/runner/work/ozone/ozone/hadoop-ozone/integration-test/target/test-dir/MiniOzoneClusterImpl-6fb830c9-5413-49cc-a625-6cf41c4e5c97/datanode-9/data/ratis/a638700d-2bf8-4193-8325-dac67e794d68/sm/snapshot.1_2 took: 2 ms
2022-04-27 10:53:02,442 [4fef3099-80a8-4154-b528-44138d57637f@group-DAC67E794D68-StateMachineUpdater] INFO  impl.StateMachineUpdater (StateMachineUpdater.java:takeSnapshot(281)) - 4fef3099-80a8-4154-b528-44138d57637f@group-DAC67E794D68-StateMachineUpdater: Took a snapshot at index 2
2022-04-27 10:53:02,442 [4fef3099-80a8-4154-b528-44138d57637f@group-DAC67E794D68-StateMachineUpdater] INFO  impl.StateMachineUpdater (StateMachineUpdater.java:lambda$new$0(89)) - 4fef3099-80a8-4154-b528-44138d57637f@group-DAC67E794D68-StateMachineUpdater: snapshotIndex: updateIncreasingly 0 -> 2
2022-04-27 10:53:02,442 [4fef3099-80a8-4154-b528-44138d57637f@group-DAC67E794D68-StateMachineUpdater] INFO  ratis.ContainerStateMachine (ContainerStateMachine.java:takeSnapshot(304)) - group-DAC67E794D68: Taking a snapshot at:(t:1, i:3) file /home/runner/work/ozone/ozone/hadoop-ozone/integration-test/target/test-dir/MiniOzoneClusterImpl-6fb830c9-5413-49cc-a625-6cf41c4e5c97/datanode-9/data/ratis/a638700d-2bf8-4193-8325-dac67e794d68/sm/snapshot.1_3
2022-04-27 10:53:02,444 [4fef3099-80a8-4154-b528-44138d57637f@group-DAC67E794D68-StateMachineUpdater] INFO  ratis.ContainerStateMachine (ContainerStateMachine.java:takeSnapshot(315)) - group-DAC67E794D68: Finished taking a snapshot at:(t:1, i:3) file:/home/runner/work/ozone/ozone/hadoop-ozone/integration-test/target/test-dir/MiniOzoneClusterImpl-6fb830c9-5413-49cc-a625-6cf41c4e5c97/datanode-9/data/ratis/a638700d-2bf8-4193-8325-dac67e794d68/sm/snapshot.1_3 took: 1 ms
2022-04-27 10:53:02,444 [4fef3099-80a8-4154-b528-44138d57637f@group-DAC67E794D68-StateMachineUpdater] INFO  impl.StateMachineUpdater (StateMachineUpdater.java:takeSnapshot(281)) - 4fef3099-80a8-4154-b528-44138d57637f@group-DAC67E794D68-StateMachineUpdater: Took a snapshot at index 3
2022-04-27 10:53:02,444 [4fef3099-80a8-4154-b528-44138d57637f@group-DAC67E794D68-StateMachineUpdater] INFO  impl.StateMachineUpdater (StateMachineUpdater.java:lambda$new$0(89)) - 4fef3099-80a8-4154-b528-44138d57637f@group-DAC67E794D68-StateMachineUpdater: snapshotIndex: updateIncreasingly 2 -> 3
2022-04-27 10:53:02,583 [EventQueue-PipelineReportForPipelineReportHandler] INFO  pipeline.PipelineReportHandler (PipelineReportHandler.java:processPipelineReport(113)) - Reported pipeline PipelineID=cf80c735-cb93-438b-a05e-dff27b2a1031 is not found
2022-04-27 10:53:02,620 [EventQueue-PipelineReportForPipelineReportHandler] INFO  pipeline.PipelineReportHandler (PipelineReportHandler.java:processPipelineReport(113)) - Reported pipeline PipelineID=cf80c735-cb93-438b-a05e-dff27b2a1031 is not found
2022-04-27 10:53:02,628 [FixedThreadPoolWithAffinityExecutor-8-0] WARN  container.ContainerReportHandler (AbstractContainerReportHandler.java:updateContainerState(255)) - Container #4 is in OPEN state, but the datanode 5305b34f-83d0-4be9-8032-f631ee150b78{ip: 10.1.0.29, host: fv-az270-423.tacnzluakwdehk1hpragurqkma.bx.internal.cloudapp.net, ports: [REPLICATION=45903, RATIS=34741, RATIS_ADMIN=34741, RATIS_SERVER=34741, STANDALONE=45233], networkLocation: /default-rack, certSerialId: null, persistedOpState: IN_SERVICE, persistedOpStateExpiryEpochSec: 0} reports an CLOSED replica.
2022-04-27 10:53:02,629 [EventQueue-PipelineReportForPipelineReportHandler] INFO  pipeline.PipelineReportHandler (PipelineReportHandler.java:processPipelineReport(113)) - Reported pipeline PipelineID=cf80c735-cb93-438b-a05e-dff27b2a1031 is not found
2022-04-27 10:53:02,821 [EventQueue-PipelineReportForPipelineReportHandler] INFO  pipeline.PipelineReportHandler (PipelineReportHandler.java:processPipelineReport(113)) - Reported pipeline PipelineID=cf80c735-cb93-438b-a05e-dff27b2a1031 is not found
2022-04-27 10:53:02,831 [EventQueue-PipelineReportForPipelineReportHandler] INFO  pipeline.PipelineReportHandler (PipelineReportHandler.java:processPipelineReport(113)) - Reported pipeline PipelineID=cf80c735-cb93-438b-a05e-dff27b2a1031 is not found
2022-04-27 10:53:02,832 [FixedThreadPoolWithAffinityExecutor-1-0] WARN  container.ContainerReportHandler (AbstractContainerReportHandler.java:updateContainerState(255)) - Container #4 is in OPEN state, but the datanode 5305b34f-83d0-4be9-8032-f631ee150b78{ip: 10.1.0.29, host: fv-az270-423.tacnzluakwdehk1hpragurqkma.bx.internal.cloudapp.net, ports: [REPLICATION=45903, RATIS=34741, RATIS_ADMIN=34741, RATIS_SERVER=34741, STANDALONE=45233], networkLocation: /default-rack, certSerialId: null, persistedOpState: IN_SERVICE, persistedOpStateExpiryEpochSec: 0} reports an CLOSED replica.
2022-04-27 10:53:02,983 [EventQueue-PipelineReportForPipelineReportHandler] INFO  pipeline.PipelineReportHandler (PipelineReportHandler.java:processPipelineReport(113)) - Reported pipeline PipelineID=cf80c735-cb93-438b-a05e-dff27b2a1031 is not found
2022-04-27 10:53:03,183 [EventQueue-PipelineReportForPipelineReportHandler] INFO  pipeline.PipelineReportHandler (PipelineReportHandler.java:processPipelineReport(113)) - Reported pipeline PipelineID=cf80c735-cb93-438b-a05e-dff27b2a1031 is not found
2022-04-27 10:53:03,221 [EventQueue-PipelineReportForPipelineReportHandler] INFO  pipeline.PipelineReportHandler (PipelineReportHandler.java:processPipelineReport(113)) - Reported pipeline PipelineID=cf80c735-cb93-438b-a05e-dff27b2a1031 is not found
2022-04-27 10:53:03,230 [FixedThreadPoolWithAffinityExecutor-0-0] WARN  container.ContainerReportHandler (AbstractContainerReportHandler.java:updateContainerState(255)) - Container #4 is in OPEN state, but the datanode 5305b34f-83d0-4be9-8032-f631ee150b78{ip: 10.1.0.29, host: fv-az270-423.tacnzluakwdehk1hpragurqkma.bx.internal.cloudapp.net, ports: [REPLICATION=45903, RATIS=34741, RATIS_ADMIN=34741, RATIS_SERVER=34741, STANDALONE=45233], networkLocation: /default-rack, certSerialId: null, persistedOpState: IN_SERVICE, persistedOpStateExpiryEpochSec: 0} reports an CLOSED replica.
2022-04-27 10:53:03,231 [EventQueue-PipelineReportForPipelineReportHandler] INFO  pipeline.PipelineReportHandler (PipelineReportHandler.java:processPipelineReport(113)) - Reported pipeline PipelineID=cf80c735-cb93-438b-a05e-dff27b2a1031 is not found
2022-04-27 10:53:03,382 [EventQueue-PipelineReportForPipelineReportHandler] INFO  pipeline.PipelineReportHandler (PipelineReportHandler.java:processPipelineReport(113)) - Reported pipeline PipelineID=cf80c735-cb93-438b-a05e-dff27b2a1031 is not found
2022-04-27 10:53:03,419 [EventQueue-PipelineReportForPipelineReportHandler] INFO  pipeline.PipelineReportHandler (PipelineReportHandler.java:processPipelineReport(113)) - Reported pipeline PipelineID=cf80c735-cb93-438b-a05e-dff27b2a1031 is not found
2022-04-27 10:53:03,431 [EventQueue-PipelineReportForPipelineReportHandler] INFO  pipeline.PipelineReportHandler (PipelineReportHandler.java:processPipelineReport(113)) - Reported pipeline PipelineID=cf80c735-cb93-438b-a05e-dff27b2a1031 is not found
2022-04-27 10:53:03,432 [FixedThreadPoolWithAffinityExecutor-8-0] WARN  container.ContainerReportHandler (AbstractContainerReportHandler.java:updateContainerState(255)) - Container #4 is in OPEN state, but the datanode 5305b34f-83d0-4be9-8032-f631ee150b78{ip: 10.1.0.29, host: fv-az270-423.tacnzluakwdehk1hpragurqkma.bx.internal.cloudapp.net, ports: [REPLICATION=45903, RATIS=34741, RATIS_ADMIN=34741, RATIS_SERVER=34741, STANDALONE=45233], networkLocation: /default-rack, certSerialId: null, persistedOpState: IN_SERVICE, persistedOpStateExpiryEpochSec: 0} reports an CLOSED replica.
2022-04-27 10:53:03,620 [EventQueue-PipelineReportForPipelineReportHandler] INFO  pipeline.PipelineReportHandler (PipelineReportHandler.java:processPipelineReport(113)) - Reported pipeline PipelineID=cf80c735-cb93-438b-a05e-dff27b2a1031 is not found
2022-04-27 10:53:03,783 [EventQueue-PipelineReportForPipelineReportHandler] INFO  pipeline.PipelineReportHandler (PipelineReportHandler.java:processPipelineReport(113)) - Reported pipeline PipelineID=cf80c735-cb93-438b-a05e-dff27b2a1031 is not found
2022-04-27 10:53:03,831 [FixedThreadPoolWithAffinityExecutor-9-0] WARN  container.ContainerReportHandler (AbstractContainerReportHandler.java:updateContainerState(255)) - Container #4 is in OPEN state, but the datanode 5305b34f-83d0-4be9-8032-f631ee150b78{ip: 10.1.0.29, host: fv-az270-423.tacnzluakwdehk1hpragurqkma.bx.internal.cloudapp.net, ports: [REPLICATION=45903, RATIS=34741, RATIS_ADMIN=34741, RATIS_SERVER=34741, STANDALONE=45233], networkLocation: /default-rack, certSerialId: null, persistedOpState: IN_SERVICE, persistedOpStateExpiryEpochSec: 0} reports an CLOSED replica.
2022-04-27 10:53:03,832 [EventQueue-PipelineReportForPipelineReportHandler] INFO  pipeline.PipelineReportHandler (PipelineReportHandler.java:processPipelineReport(113)) - Reported pipeline PipelineID=cf80c735-cb93-438b-a05e-dff27b2a1031 is not found
2022-04-27 10:53:03,951 [java.util.concurrent.ThreadPoolExecutor$Worker@592e2d04[State = -1, empty queue]] WARN  server.GrpcLogAppender (GrpcLogAppender.java:timeoutAppendRequest(246)) - fb1b2524-5f72-4172-b06b-98bf8bab58d7@group-7308F894FD3A->b4543bad-81d3-4f1d-9fc6-5e97dcd2d8eb-GrpcLogAppender: HEARTBEAT appendEntries Timeout, request=AppendEntriesRequest:cid=15741147,entriesCount=0,lastEntry=null
2022-04-27 10:53:03,983 [EventQueue-PipelineReportForPipelineReportHandler] INFO  pipeline.PipelineReportHandler (PipelineReportHandler.java:processPipelineReport(113)) - Reported pipeline PipelineID=cf80c735-cb93-438b-a05e-dff27b2a1031 is not found
2022-04-27 10:53:04,020 [EventQueue-PipelineReportForPipelineReportHandler] INFO  pipeline.PipelineReportHandler (PipelineReportHandler.java:processPipelineReport(113)) - Reported pipeline PipelineID=cf80c735-cb93-438b-a05e-dff27b2a1031 is not found
2022-04-27 10:53:04,031 [FixedThreadPoolWithAffinityExecutor-0-0] WARN  container.ContainerReportHandler (AbstractContainerReportHandler.java:updateContainerState(255)) - Container #4 is in OPEN state, but the datanode 5305b34f-83d0-4be9-8032-f631ee150b78{ip: 10.1.0.29, host: fv-az270-423.tacnzluakwdehk1hpragurqkma.bx.internal.cloudapp.net, ports: [REPLICATION=45903, RATIS=34741, RATIS_ADMIN=34741, RATIS_SERVER=34741, STANDALONE=45233], networkLocation: /default-rack, certSerialId: null, persistedOpState: IN_SERVICE, persistedOpStateExpiryEpochSec: 0} reports an CLOSED replica.
2022-04-27 10:53:04,220 [EventQueue-PipelineReportForPipelineReportHandler] INFO  pipeline.PipelineReportHandler (PipelineReportHandler.java:processPipelineReport(113)) - Reported pipeline PipelineID=cf80c735-cb93-438b-a05e-dff27b2a1031 is not found
2022-04-27 10:53:04,232 [EventQueue-PipelineReportForPipelineReportHandler] INFO  pipeline.PipelineReportHandler (PipelineReportHandler.java:processPipelineReport(113)) - Reported pipeline PipelineID=cf80c735-cb93-438b-a05e-dff27b2a1031 is not found
2022-04-27 10:53:04,387 [EventQueue-PipelineReportForPipelineReportHandler] INFO  pipeline.PipelineReportHandler (PipelineReportHandler.java:processPipelineReport(113)) - Reported pipeline PipelineID=cf80c735-cb93-438b-a05e-dff27b2a1031 is not found
2022-04-27 10:53:04,420 [EventQueue-PipelineReportForPipelineReportHandler] INFO  pipeline.PipelineReportHandler (PipelineReportHandler.java:processPipelineReport(113)) - Reported pipeline PipelineID=cf80c735-cb93-438b-a05e-dff27b2a1031 is not found
2022-04-27 10:53:04,431 [EventQueue-PipelineReportForPipelineReportHandler] INFO  pipeline.PipelineReportHandler (PipelineReportHandler.java:processPipelineReport(113)) - Reported pipeline PipelineID=cf80c735-cb93-438b-a05e-dff27b2a1031 is not found
2022-04-27 10:53:04,432 [FixedThreadPoolWithAffinityExecutor-0-0] WARN  container.ContainerReportHandler (AbstractContainerReportHandler.java:updateContainerState(255)) - Container #4 is in OPEN state, but the datanode 5305b34f-83d0-4be9-8032-f631ee150b78{ip: 10.1.0.29, host: fv-az270-423.tacnzluakwdehk1hpragurqkma.bx.internal.cloudapp.net, ports: [REPLICATION=45903, RATIS=34741, RATIS_ADMIN=34741, RATIS_SERVER=34741, STANDALONE=45233], networkLocation: /default-rack, certSerialId: null, persistedOpState: IN_SERVICE, persistedOpStateExpiryEpochSec: 0} reports an CLOSED replica.
2022-04-27 10:53:04,577 [java.util.concurrent.ThreadPoolExecutor$Worker@592e2d04[State = -1, empty queue]] WARN  server.GrpcLogAppender (GrpcLogAppender.java:timeoutAppendRequest(246)) - 5305b34f-83d0-4be9-8032-f631ee150b78@group-75AB1B4BA813->b4543bad-81d3-4f1d-9fc6-5e97dcd2d8eb-GrpcLogAppender: HEARTBEAT appendEntries Timeout, request=AppendEntriesRequest:cid=12017453,entriesCount=0,lastEntry=null
2022-04-27 10:53:04,631 [EventQueue-PipelineReportForPipelineReportHandler] INFO  pipeline.PipelineReportHandler (PipelineReportHandler.java:processPipelineReport(113)) - Reported pipeline PipelineID=cf80c735-cb93-438b-a05e-dff27b2a1031 is not found
2022-04-27 10:53:04,632 [FixedThreadPoolWithAffinityExecutor-8-0] WARN  container.ContainerReportHandler (AbstractContainerReportHandler.java:updateContainerState(255)) - Container #4 is in OPEN state, but the datanode 5305b34f-83d0-4be9-8032-f631ee150b78{ip: 10.1.0.29, host: fv-az270-423.tacnzluakwdehk1hpragurqkma.bx.internal.cloudapp.net, ports: [REPLICATION=45903, RATIS=34741, RATIS_ADMIN=34741, RATIS_SERVER=34741, STANDALONE=45233], networkLocation: /default-rack, certSerialId: null, persistedOpState: IN_SERVICE, persistedOpStateExpiryEpochSec: 0} reports an CLOSED replica.
2022-04-27 10:53:04,787 [EventQueue-PipelineReportForPipelineReportHandler] INFO  pipeline.PipelineReportHandler (PipelineReportHandler.java:processPipelineReport(113)) - Reported pipeline PipelineID=cf80c735-cb93-438b-a05e-dff27b2a1031 is not found
2022-04-27 10:53:04,820 [EventQueue-PipelineReportForPipelineReportHandler] INFO  pipeline.PipelineReportHandler (PipelineReportHandler.java:processPipelineReport(113)) - Reported pipeline PipelineID=cf80c735-cb93-438b-a05e-dff27b2a1031 is not found
2022-04-27 10:53:05,020 [EventQueue-PipelineReportForPipelineReportHandler] INFO  pipeline.PipelineReportHandler (PipelineReportHandler.java:processPipelineReport(113)) - Reported pipeline PipelineID=cf80c735-cb93-438b-a05e-dff27b2a1031 is not found
2022-04-27 10:53:05,031 [EventQueue-PipelineReportForPipelineReportHandler] INFO  pipeline.PipelineReportHandler (PipelineReportHandler.java:processPipelineReport(113)) - Reported pipeline PipelineID=cf80c735-cb93-438b-a05e-dff27b2a1031 is not found
2022-04-27 10:53:05,034 [FixedThreadPoolWithAffinityExecutor-0-0] WARN  container.ContainerReportHandler (AbstractContainerReportHandler.java:updateContainerState(255)) - Container #4 is in OPEN state, but the datanode 5305b34f-83d0-4be9-8032-f631ee150b78{ip: 10.1.0.29, host: fv-az270-423.tacnzluakwdehk1hpragurqkma.bx.internal.cloudapp.net, ports: [REPLICATION=45903, RATIS=34741, RATIS_ADMIN=34741, RATIS_SERVER=34741, STANDALONE=45233], networkLocation: /default-rack, certSerialId: null, persistedOpState: IN_SERVICE, persistedOpStateExpiryEpochSec: 0} reports an CLOSED replica.
2022-04-27 10:53:05,187 [EventQueue-PipelineReportForPipelineReportHandler] INFO  pipeline.PipelineReportHandler (PipelineReportHandler.java:processPipelineReport(113)) - Reported pipeline PipelineID=cf80c735-cb93-438b-a05e-dff27b2a1031 is not found
2022-04-27 10:53:05,219 [EventQueue-PipelineReportForPipelineReportHandler] INFO  pipeline.PipelineReportHandler (PipelineReportHandler.java:processPipelineReport(113)) - Reported pipeline PipelineID=cf80c735-cb93-438b-a05e-dff27b2a1031 is not found
2022-04-27 10:53:05,232 [EventQueue-PipelineReportForPipelineReportHandler] INFO  pipeline.PipelineReportHandler (PipelineReportHandler.java:processPipelineReport(113)) - Reported pipeline PipelineID=cf80c735-cb93-438b-a05e-dff27b2a1031 is not found
2022-04-27 10:53:05,388 [EventQueue-PipelineReportForPipelineReportHandler] INFO  pipeline.PipelineReportHandler (PipelineReportHandler.java:processPipelineReport(113)) - Reported pipeline PipelineID=cf80c735-cb93-438b-a05e-dff27b2a1031 is not found
2022-04-27 10:53:05,419 [EventQueue-PipelineReportForPipelineReportHandler] INFO  pipeline.PipelineReportHandler (PipelineReportHandler.java:processPipelineReport(113)) - Reported pipeline PipelineID=cf80c735-cb93-438b-a05e-dff27b2a1031 is not found
2022-04-27 10:53:05,434 [FixedThreadPoolWithAffinityExecutor-0-0] WARN  container.ContainerReportHandler (AbstractContainerReportHandler.java:updateContainerState(255)) - Container #4 is in OPEN state, but the datanode 5305b34f-83d0-4be9-8032-f631ee150b78{ip: 10.1.0.29, host: fv-az270-423.tacnzluakwdehk1hpragurqkma.bx.internal.cloudapp.net, ports: [REPLICATION=45903, RATIS=34741, RATIS_ADMIN=34741, RATIS_SERVER=34741, STANDALONE=45233], networkLocation: /default-rack, certSerialId: null, persistedOpState: IN_SERVICE, persistedOpStateExpiryEpochSec: 0} reports an CLOSED replica.
2022-04-27 10:53:05,619 [EventQueue-PipelineReportForPipelineReportHandler] INFO  pipeline.PipelineReportHandler (PipelineReportHandler.java:processPipelineReport(113)) - Reported pipeline PipelineID=cf80c735-cb93-438b-a05e-dff27b2a1031 is not found
2022-04-27 10:53:05,633 [EventQueue-PipelineReportForPipelineReportHandler] INFO  pipeline.PipelineReportHandler (PipelineReportHandler.java:processPipelineReport(113)) - Reported pipeline PipelineID=cf80c735-cb93-438b-a05e-dff27b2a1031 is not found
2022-04-27 10:53:05,634 [FixedThreadPoolWithAffinityExecutor-1-0] WARN  container.ContainerReportHandler (AbstractContainerReportHandler.java:updateContainerState(255)) - Container #4 is in OPEN state, but the datanode 5305b34f-83d0-4be9-8032-f631ee150b78{ip: 10.1.0.29, host: fv-az270-423.tacnzluakwdehk1hpragurqkma.bx.internal.cloudapp.net, ports: [REPLICATION=45903, RATIS=34741, RATIS_ADMIN=34741, RATIS_SERVER=34741, STANDALONE=45233], networkLocation: /default-rack, certSerialId: null, persistedOpState: IN_SERVICE, persistedOpStateExpiryEpochSec: 0} reports an CLOSED replica.
2022-04-27 10:53:05,788 [EventQueue-PipelineReportForPipelineReportHandler] INFO  pipeline.PipelineReportHandler (PipelineReportHandler.java:processPipelineReport(113)) - Reported pipeline PipelineID=cf80c735-cb93-438b-a05e-dff27b2a1031 is not found
2022-04-27 10:53:05,820 [EventQueue-PipelineReportForPipelineReportHandler] INFO  pipeline.PipelineReportHandler (PipelineReportHandler.java:processPipelineReport(113)) - Reported pipeline PipelineID=cf80c735-cb93-438b-a05e-dff27b2a1031 is not found
2022-04-27 10:53:05,833 [EventQueue-PipelineReportForPipelineReportHandler] INFO  pipeline.PipelineReportHandler (PipelineReportHandler.java:processPipelineReport(113)) - Reported pipeline PipelineID=cf80c735-cb93-438b-a05e-dff27b2a1031 is not found
2022-04-27 10:53:05,988 [EventQueue-PipelineReportForPipelineReportHandler] INFO  pipeline.PipelineReportHandler (PipelineReportHandler.java:processPipelineReport(113)) - Reported pipeline PipelineID=cf80c735-cb93-438b-a05e-dff27b2a1031 is not found
2022-04-27 10:53:06,034 [FixedThreadPoolWithAffinityExecutor-1-0] WARN  container.ContainerReportHandler (AbstractContainerReportHandler.java:updateContainerState(255)) - Container #4 is in OPEN state, but the datanode 5305b34f-83d0-4be9-8032-f631ee150b78{ip: 10.1.0.29, host: fv-az270-423.tacnzluakwdehk1hpragurqkma.bx.internal.cloudapp.net, ports: [REPLICATION=45903, RATIS=34741, RATIS_ADMIN=34741, RATIS_SERVER=34741, STANDALONE=45233], networkLocation: /default-rack, certSerialId: null, persistedOpState: IN_SERVICE, persistedOpStateExpiryEpochSec: 0} reports an CLOSED replica.
2022-04-27 10:53:06,188 [EventQueue-PipelineReportForPipelineReportHandler] INFO  pipeline.PipelineReportHandler (PipelineReportHandler.java:processPipelineReport(113)) - Reported pipeline PipelineID=cf80c735-cb93-438b-a05e-dff27b2a1031 is not found
2022-04-27 10:53:06,220 [EventQueue-PipelineReportForPipelineReportHandler] INFO  pipeline.PipelineReportHandler (PipelineReportHandler.java:processPipelineReport(113)) - Reported pipeline PipelineID=cf80c735-cb93-438b-a05e-dff27b2a1031 is not found
2022-04-27 10:53:06,233 [EventQueue-PipelineReportForPipelineReportHandler] INFO  pipeline.PipelineReportHandler (PipelineReportHandler.java:processPipelineReport(113)) - Reported pipeline PipelineID=cf80c735-cb93-438b-a05e-dff27b2a1031 is not found
2022-04-27 10:53:06,235 [FixedThreadPoolWithAffinityExecutor-8-0] WARN  container.ContainerReportHandler (AbstractContainerReportHandler.java:updateContainerState(255)) - Container #4 is in OPEN state, but the datanode 5305b34f-83d0-4be9-8032-f631ee150b78{ip: 10.1.0.29, host: fv-az270-423.tacnzluakwdehk1hpragurqkma.bx.internal.cloudapp.net, ports: [REPLICATION=45903, RATIS=34741, RATIS_ADMIN=34741, RATIS_SERVER=34741, STANDALONE=45233], networkLocation: /default-rack, certSerialId: null, persistedOpState: IN_SERVICE, persistedOpStateExpiryEpochSec: 0} reports an CLOSED replica.
2022-04-27 10:53:06,433 [EventQueue-PipelineReportForPipelineReportHandler] INFO  pipeline.PipelineReportHandler (PipelineReportHandler.java:processPipelineReport(113)) - Reported pipeline PipelineID=cf80c735-cb93-438b-a05e-dff27b2a1031 is not found
2022-04-27 10:53:06,452 [java.util.concurrent.ThreadPoolExecutor$Worker@e6b2e9d[State = -1, empty queue]] WARN  server.GrpcLogAppender (GrpcLogAppender.java:timeoutAppendRequest(246)) - fb1b2524-5f72-4172-b06b-98bf8bab58d7@group-7308F894FD3A->b4543bad-81d3-4f1d-9fc6-5e97dcd2d8eb-GrpcLogAppender: HEARTBEAT appendEntries Timeout, request=AppendEntriesRequest:cid=15741148,entriesCount=0,lastEntry=null
2022-04-27 10:53:06,592 [EventQueue-PipelineReportForPipelineReportHandler] INFO  pipeline.PipelineReportHandler (PipelineReportHandler.java:processPipelineReport(113)) - Reported pipeline PipelineID=cf80c735-cb93-438b-a05e-dff27b2a1031 is not found
2022-04-27 10:53:06,620 [EventQueue-PipelineReportForPipelineReportHandler] INFO  pipeline.PipelineReportHandler (PipelineReportHandler.java:processPipelineReport(113)) - Reported pipeline PipelineID=cf80c735-cb93-438b-a05e-dff27b2a1031 is not found
2022-04-27 10:53:06,632 [EventQueue-PipelineReportForPipelineReportHandler] INFO  pipeline.PipelineReportHandler (PipelineReportHandler.java:processPipelineReport(113)) - Reported pipeline PipelineID=cf80c735-cb93-438b-a05e-dff27b2a1031 is not found
2022-04-27 10:53:06,635 [FixedThreadPoolWithAffinityExecutor-0-0] WARN  container.ContainerReportHandler (AbstractContainerReportHandler.java:updateContainerState(255)) - Container #4 is in OPEN state, but the datanode 5305b34f-83d0-4be9-8032-f631ee150b78{ip: 10.1.0.29, host: fv-az270-423.tacnzluakwdehk1hpragurqkma.bx.internal.cloudapp.net, ports: [REPLICATION=45903, RATIS=34741, RATIS_ADMIN=34741, RATIS_SERVER=34741, STANDALONE=45233], networkLocation: /default-rack, certSerialId: null, persistedOpState: IN_SERVICE, persistedOpStateExpiryEpochSec: 0} reports an CLOSED replica.
2022-04-27 10:53:06,820 [EventQueue-PipelineReportForPipelineReportHandler] INFO  pipeline.PipelineReportHandler (PipelineReportHandler.java:processPipelineReport(113)) - Reported pipeline PipelineID=cf80c735-cb93-438b-a05e-dff27b2a1031 is not found
2022-04-27 10:53:06,992 [EventQueue-PipelineReportForPipelineReportHandler] INFO  pipeline.PipelineReportHandler (PipelineReportHandler.java:processPipelineReport(113)) - Reported pipeline PipelineID=cf80c735-cb93-438b-a05e-dff27b2a1031 is not found
2022-04-27 10:53:07,020 [EventQueue-PipelineReportForPipelineReportHandler] INFO  pipeline.PipelineReportHandler (PipelineReportHandler.java:processPipelineReport(113)) - Reported pipeline PipelineID=cf80c735-cb93-438b-a05e-dff27b2a1031 is not found
2022-04-27 10:53:07,032 [EventQueue-PipelineReportForPipelineReportHandler] INFO  pipeline.PipelineReportHandler (PipelineReportHandler.java:processPipelineReport(113)) - Reported pipeline PipelineID=cf80c735-cb93-438b-a05e-dff27b2a1031 is not found
2022-04-27 10:53:07,034 [FixedThreadPoolWithAffinityExecutor-9-0] WARN  container.ContainerReportHandler (AbstractContainerReportHandler.java:updateContainerState(255)) - Container #4 is in OPEN state, but the datanode 5305b34f-83d0-4be9-8032-f631ee150b78{ip: 10.1.0.29, host: fv-az270-423.tacnzluakwdehk1hpragurqkma.bx.internal.cloudapp.net, ports: [REPLICATION=45903, RATIS=34741, RATIS_ADMIN=34741, RATIS_SERVER=34741, STANDALONE=45233], networkLocation: /default-rack, certSerialId: null, persistedOpState: IN_SERVICE, persistedOpStateExpiryEpochSec: 0} reports an CLOSED replica.
2022-04-27 10:53:07,078 [java.util.concurrent.ThreadPoolExecutor$Worker@e6b2e9d[State = -1, empty queue]] WARN  server.GrpcLogAppender (GrpcLogAppender.java:timeoutAppendRequest(246)) - 5305b34f-83d0-4be9-8032-f631ee150b78@group-75AB1B4BA813->b4543bad-81d3-4f1d-9fc6-5e97dcd2d8eb-GrpcLogAppender: HEARTBEAT appendEntries Timeout, request=AppendEntriesRequest:cid=12017454,entriesCount=0,lastEntry=null
2022-04-27 10:53:07,219 [EventQueue-PipelineReportForPipelineReportHandler] INFO  pipeline.PipelineReportHandler (PipelineReportHandler.java:processPipelineReport(113)) - Reported pipeline PipelineID=cf80c735-cb93-438b-a05e-dff27b2a1031 is not found
2022-04-27 10:53:07,233 [EventQueue-PipelineReportForPipelineReportHandler] INFO  pipeline.PipelineReportHandler (PipelineReportHandler.java:processPipelineReport(113)) - Reported pipeline PipelineID=cf80c735-cb93-438b-a05e-dff27b2a1031 is not found
2022-04-27 10:53:07,235 [FixedThreadPoolWithAffinityExecutor-0-0] WARN  container.ContainerReportHandler (AbstractContainerReportHandler.java:updateContainerState(255)) - Container #4 is in OPEN state, but the datanode 5305b34f-83d0-4be9-8032-f631ee150b78{ip: 10.1.0.29, host: fv-az270-423.tacnzluakwdehk1hpragurqkma.bx.internal.cloudapp.net, ports: [REPLICATION=45903, RATIS=34741, RATIS_ADMIN=34741, RATIS_SERVER=34741, STANDALONE=45233], networkLocation: /default-rack, certSerialId: null, persistedOpState: IN_SERVICE, persistedOpStateExpiryEpochSec: 0} reports an CLOSED replica.
2022-04-27 10:53:07,392 [EventQueue-PipelineReportForPipelineReportHandler] INFO  pipeline.PipelineReportHandler (PipelineReportHandler.java:processPipelineReport(113)) - Reported pipeline PipelineID=cf80c735-cb93-438b-a05e-dff27b2a1031 is not found
2022-04-27 10:53:07,420 [EventQueue-PipelineReportForPipelineReportHandler] INFO  pipeline.PipelineReportHandler (PipelineReportHandler.java:processPipelineReport(113)) - Reported pipeline PipelineID=cf80c735-cb93-438b-a05e-dff27b2a1031 is not found
2022-04-27 10:53:07,436 [FixedThreadPoolWithAffinityExecutor-8-0] WARN  container.ContainerReportHandler (AbstractContainerReportHandler.java:updateContainerState(255)) - Container #4 is in OPEN state, but the datanode 5305b34f-83d0-4be9-8032-f631ee150b78{ip: 10.1.0.29, host: fv-az270-423.tacnzluakwdehk1hpragurqkma.bx.internal.cloudapp.net, ports: [REPLICATION=45903, RATIS=34741, RATIS_ADMIN=34741, RATIS_SERVER=34741, STANDALONE=45233], networkLocation: /default-rack, certSerialId: null, persistedOpState: IN_SERVICE, persistedOpStateExpiryEpochSec: 0} reports an CLOSED replica.
2022-04-27 10:53:07,475 [Listener at 127.0.0.1/43313] INFO  ozoneimpl.OzoneContainer (OzoneContainer.java:stop(356)) - Attempting to stop container services.
2022-04-27 10:53:07,476 [Listener at 127.0.0.1/43313] INFO  server.RaftServer (RaftServerProxy.java:lambda$close$6(391)) - fc150688-1f76-4ec0-a672-aaf91f0753c3: close
2022-04-27 10:53:07,477 [Listener at 127.0.0.1/43313] INFO  server.RaftServer$Division (RaftServerImpl.java:lambda$close$4(412)) - fc150688-1f76-4ec0-a672-aaf91f0753c3@group-E78063F29D5F: shutdown
2022-04-27 10:53:07,477 [Listener at 127.0.0.1/43313] INFO  util.JmxRegister (JmxRegister.java:unregister(73)) - Successfully un-registered JMX Bean with object name Ratis:service=RaftServer,group=group-E78063F29D5F,id=fc150688-1f76-4ec0-a672-aaf91f0753c3
2022-04-27 10:53:07,477 [Listener at 127.0.0.1/43313] INFO  impl.RoleInfo (RoleInfo.java:shutdownLeaderState(91)) - fc150688-1f76-4ec0-a672-aaf91f0753c3: shutdown fc150688-1f76-4ec0-a672-aaf91f0753c3@group-E78063F29D5F-LeaderStateImpl
2022-04-27 10:53:07,477 [Listener at 127.0.0.1/43313] INFO  impl.PendingRequests (PendingRequests.java:sendNotLeaderResponses(282)) - fc150688-1f76-4ec0-a672-aaf91f0753c3@group-E78063F29D5F-PendingRequests: sendNotLeaderResponses
2022-04-27 10:53:07,478 [fc150688-1f76-4ec0-a672-aaf91f0753c3@group-E78063F29D5F->5e6908a8-a78b-4a66-9555-b48c04384dc8-GrpcLogAppender-LogAppenderDaemon] WARN  server.GrpcLogAppender (GrpcLogAppender.java:mayWait(177)) - fc150688-1f76-4ec0-a672-aaf91f0753c3@group-E78063F29D5F->5e6908a8-a78b-4a66-9555-b48c04384dc8-GrpcLogAppender: Wait interrupted by java.lang.InterruptedException
2022-04-27 10:53:07,479 [fc150688-1f76-4ec0-a672-aaf91f0753c3@group-E78063F29D5F->7171416e-d570-4db8-8282-6e036003ab52-GrpcLogAppender-LogAppenderDaemon] WARN  server.GrpcLogAppender (GrpcLogAppender.java:mayWait(177)) - fc150688-1f76-4ec0-a672-aaf91f0753c3@group-E78063F29D5F->7171416e-d570-4db8-8282-6e036003ab52-GrpcLogAppender: Wait interrupted by java.lang.InterruptedException
2022-04-27 10:53:07,482 [ForkJoinPool.commonPool-worker-0] INFO  server.RaftServer$Division (RaftServerImpl.java:lambda$close$4(412)) - fc150688-1f76-4ec0-a672-aaf91f0753c3@group-EEF7E24D5DDB: shutdown
2022-04-27 10:53:07,482 [ForkJoinPool.commonPool-worker-0] INFO  util.JmxRegister (JmxRegister.java:unregister(73)) - Successfully un-registered JMX Bean with object name Ratis:service=RaftServer,group=group-EEF7E24D5DDB,id=fc150688-1f76-4ec0-a672-aaf91f0753c3
2022-04-27 10:53:07,482 [ForkJoinPool.commonPool-worker-0] INFO  impl.RoleInfo (RoleInfo.java:shutdownFollowerState(108)) - fc150688-1f76-4ec0-a672-aaf91f0753c3: shutdown fc150688-1f76-4ec0-a672-aaf91f0753c3@group-EEF7E24D5DDB-FollowerState
2022-04-27 10:53:07,482 [Listener at 127.0.0.1/43313] INFO  impl.StateMachineUpdater (StateMachineUpdater.java:stopAndJoin(149)) - fc150688-1f76-4ec0-a672-aaf91f0753c3@group-E78063F29D5F-StateMachineUpdater: set stopIndex = 10
2022-04-27 10:53:07,482 [fc150688-1f76-4ec0-a672-aaf91f0753c3@group-EEF7E24D5DDB-FollowerState] INFO  impl.FollowerState (FollowerState.java:run(143)) - fc150688-1f76-4ec0-a672-aaf91f0753c3@group-EEF7E24D5DDB-FollowerState was interrupted: {}
java.lang.InterruptedException: sleep interrupted
	at java.lang.Thread.sleep(Native Method)
	at java.lang.Thread.sleep(Thread.java:342)
	at java.util.concurrent.TimeUnit.sleep(TimeUnit.java:386)
	at org.apache.ratis.util.TimeDuration.sleep(TimeDuration.java:324)
	at org.apache.ratis.util.TimeDuration.sleep(TimeDuration.java:309)
	at org.apache.ratis.server.impl.FollowerState.run(FollowerState.java:118)
2022-04-27 10:53:07,483 [grpc-default-executor-0] INFO  server.GrpcServerProtocolService (GrpcServerProtocolService.java:onCompleted(140)) - 7171416e-d570-4db8-8282-6e036003ab52: Completed APPEND_ENTRIES, lastRequest: fc150688-1f76-4ec0-a672-aaf91f0753c3->7171416e-d570-4db8-8282-6e036003ab52#285-t3,previous=(t:3, i:9),leaderCommit=9,initializing? true,entries: size=1, first=(t:3, i:10), METADATAENTRY(c:9)
2022-04-27 10:53:07,483 [ForkJoinPool.commonPool-worker-0] INFO  impl.StateMachineUpdater (StateMachineUpdater.java:stopAndJoin(149)) - fc150688-1f76-4ec0-a672-aaf91f0753c3@group-EEF7E24D5DDB-StateMachineUpdater: set stopIndex = 0
2022-04-27 10:53:07,484 [ForkJoinPool.commonPool-worker-0] INFO  server.RaftServer$Division (ServerState.java:close(419)) - fc150688-1f76-4ec0-a672-aaf91f0753c3@group-EEF7E24D5DDB: closes. applyIndex: 0
2022-04-27 10:53:07,482 [grpc-default-executor-1] INFO  server.GrpcServerProtocolService (GrpcServerProtocolService.java:onCompleted(140)) - 5e6908a8-a78b-4a66-9555-b48c04384dc8: Completed APPEND_ENTRIES, lastRequest: fc150688-1f76-4ec0-a672-aaf91f0753c3->5e6908a8-a78b-4a66-9555-b48c04384dc8#40-t3,previous=(t:3, i:9),leaderCommit=9,initializing? true,entries: size=1, first=(t:3, i:10), METADATAENTRY(c:9)
2022-04-27 10:53:07,484 [fc150688-1f76-4ec0-a672-aaf91f0753c3@group-EEF7E24D5DDB-SegmentedRaftLogWorker] INFO  segmented.SegmentedRaftLogWorker (SegmentedRaftLogWorker.java:run(327)) - fc150688-1f76-4ec0-a672-aaf91f0753c3@group-EEF7E24D5DDB-SegmentedRaftLogWorker was interrupted, exiting. There are 0 tasks remaining in the queue.
2022-04-27 10:53:07,485 [grpc-default-executor-2] INFO  server.GrpcLogAppender (GrpcLogAppender.java:onCompleted(346)) - fc150688-1f76-4ec0-a672-aaf91f0753c3@group-E78063F29D5F->5e6908a8-a78b-4a66-9555-b48c04384dc8-AppendLogResponseHandler: follower responses appendEntries COMPLETED
2022-04-27 10:53:07,486 [grpc-default-executor-2] INFO  leader.FollowerInfo (FollowerInfoImpl.java:lambda$new$0(47)) - fc150688-1f76-4ec0-a672-aaf91f0753c3@group-E78063F29D5F->5e6908a8-a78b-4a66-9555-b48c04384dc8: nextIndex: updateUnconditionally 11 -> 10
2022-04-27 10:53:07,487 [grpc-default-executor-4] INFO  server.GrpcLogAppender (GrpcLogAppender.java:onCompleted(346)) - fc150688-1f76-4ec0-a672-aaf91f0753c3@group-E78063F29D5F->7171416e-d570-4db8-8282-6e036003ab52-AppendLogResponseHandler: follower responses appendEntries COMPLETED
2022-04-27 10:53:07,489 [Listener at 127.0.0.1/43313] INFO  server.RaftServer$Division (ServerState.java:close(419)) - fc150688-1f76-4ec0-a672-aaf91f0753c3@group-E78063F29D5F: closes. applyIndex: 10
2022-04-27 10:53:07,488 [grpc-default-executor-4] INFO  leader.FollowerInfo (FollowerInfoImpl.java:lambda$new$0(47)) - fc150688-1f76-4ec0-a672-aaf91f0753c3@group-E78063F29D5F->7171416e-d570-4db8-8282-6e036003ab52: nextIndex: updateUnconditionally 11 -> 10
2022-04-27 10:53:07,493 [fc150688-1f76-4ec0-a672-aaf91f0753c3@group-E78063F29D5F-SegmentedRaftLogWorker] INFO  segmented.SegmentedRaftLogWorker (SegmentedRaftLogWorker.java:run(327)) - fc150688-1f76-4ec0-a672-aaf91f0753c3@group-E78063F29D5F-SegmentedRaftLogWorker was interrupted, exiting. There are 0 tasks remaining in the queue.
2022-04-27 10:53:07,495 [Listener at 127.0.0.1/43313] INFO  segmented.SegmentedRaftLogWorker (SegmentedRaftLogWorker.java:close(237)) - fc150688-1f76-4ec0-a672-aaf91f0753c3@group-E78063F29D5F-SegmentedRaftLogWorker close()
2022-04-27 10:53:07,496 [ForkJoinPool.commonPool-worker-0] INFO  segmented.SegmentedRaftLogWorker (SegmentedRaftLogWorker.java:close(237)) - fc150688-1f76-4ec0-a672-aaf91f0753c3@group-EEF7E24D5DDB-SegmentedRaftLogWorker close()
2022-04-27 10:53:07,504 [Listener at 127.0.0.1/43313] INFO  server.GrpcService (GrpcService.java:closeImpl(262)) - fc150688-1f76-4ec0-a672-aaf91f0753c3: shutdown server with port 37101 now
2022-04-27 10:53:07,508 [grpc-default-executor-4] WARN  server.GrpcServerProtocolService (LogUtils.java:warn(122)) - fc150688-1f76-4ec0-a672-aaf91f0753c3: installSnapshot onError, lastRequest: 5e6908a8-a78b-4a66-9555-b48c04384dc8->fc150688-1f76-4ec0-a672-aaf91f0753c3#1-t1,previous=(t:0, i:0),leaderCommit=-1,initializing? true,entries: size=1, first=(t:1, i:0), CONFIGURATIONENTRY: org.apache.ratis.thirdparty.io.grpc.StatusRuntimeException: CANCELLED: client cancelled
2022-04-27 10:53:07,508 [grpc-default-executor-4] WARN  server.GrpcLogAppender (LogUtils.java:warn(122)) - 5e6908a8-a78b-4a66-9555-b48c04384dc8@group-EEF7E24D5DDB->fc150688-1f76-4ec0-a672-aaf91f0753c3-AppendLogResponseHandler: Failed appendEntries: org.apache.ratis.thirdparty.io.grpc.StatusRuntimeException: CANCELLED: HTTP/2 error code: CANCEL
Received Rst Stream
2022-04-27 10:53:07,508 [grpc-default-executor-4] WARN  server.GrpcLogAppender (GrpcLogAppender.java:resetClient(110)) - 5e6908a8-a78b-4a66-9555-b48c04384dc8@group-EEF7E24D5DDB->fc150688-1f76-4ec0-a672-aaf91f0753c3-GrpcLogAppender: Leader has not got in touch with Follower 5e6908a8-a78b-4a66-9555-b48c04384dc8@group-EEF7E24D5DDB->fc150688-1f76-4ec0-a672-aaf91f0753c3(c0,m0,n1, attendVote=true, lastRpcSendTime=1451, lastRpcResponseTime=1440) yet, just keep nextIndex unchanged and retry.
2022-04-27 10:53:07,513 [Listener at 127.0.0.1/43313] INFO  server.GrpcService (GrpcService.java:closeImpl(271)) - fc150688-1f76-4ec0-a672-aaf91f0753c3: shutdown server with port 37101 successfully
2022-04-27 10:53:07,513 [org.apache.ratis.util.JvmPauseMonitor$$Lambda$626/1217536106@75e3e162] INFO  util.JvmPauseMonitor (JvmPauseMonitor.java:run(109)) - JvmPauseMonitor-fc150688-1f76-4ec0-a672-aaf91f0753c3: Stopped
2022-04-27 10:53:07,594 [EventQueue-PipelineReportForPipelineReportHandler] INFO  pipeline.PipelineReportHandler (PipelineReportHandler.java:processPipelineReport(113)) - Reported pipeline PipelineID=cf80c735-cb93-438b-a05e-dff27b2a1031 is not found
2022-04-27 10:53:07,634 [EventQueue-PipelineReportForPipelineReportHandler] INFO  pipeline.PipelineReportHandler (PipelineReportHandler.java:processPipelineReport(113)) - Reported pipeline PipelineID=cf80c735-cb93-438b-a05e-dff27b2a1031 is not found
2022-04-27 10:53:07,820 [EventQueue-PipelineReportForPipelineReportHandler] INFO  pipeline.PipelineReportHandler (PipelineReportHandler.java:processPipelineReport(113)) - Reported pipeline PipelineID=cf80c735-cb93-438b-a05e-dff27b2a1031 is not found
2022-04-27 10:53:07,835 [FixedThreadPoolWithAffinityExecutor-1-0] WARN  container.ContainerReportHandler (AbstractContainerReportHandler.java:updateContainerState(255)) - Container #4 is in OPEN state, but the datanode 5305b34f-83d0-4be9-8032-f631ee150b78{ip: 10.1.0.29, host: fv-az270-423.tacnzluakwdehk1hpragurqkma.bx.internal.cloudapp.net, ports: [REPLICATION=45903, RATIS=34741, RATIS_ADMIN=34741, RATIS_SERVER=34741, STANDALONE=45233], networkLocation: /default-rack, certSerialId: null, persistedOpState: IN_SERVICE, persistedOpStateExpiryEpochSec: 0} reports an CLOSED replica.
2022-04-27 10:53:07,993 [EventQueue-PipelineReportForPipelineReportHandler] INFO  pipeline.PipelineReportHandler (PipelineReportHandler.java:processPipelineReport(113)) - Reported pipeline PipelineID=cf80c735-cb93-438b-a05e-dff27b2a1031 is not found
2022-04-27 10:53:08,035 [FixedThreadPoolWithAffinityExecutor-8-0] WARN  container.ContainerReportHandler (AbstractContainerReportHandler.java:updateContainerState(255)) - Container #4 is in OPEN state, but the datanode 5305b34f-83d0-4be9-8032-f631ee150b78{ip: 10.1.0.29, host: fv-az270-423.tacnzluakwdehk1hpragurqkma.bx.internal.cloudapp.net, ports: [REPLICATION=45903, RATIS=34741, RATIS_ADMIN=34741, RATIS_SERVER=34741, STANDALONE=45233], networkLocation: /default-rack, certSerialId: null, persistedOpState: IN_SERVICE, persistedOpStateExpiryEpochSec: 0} reports an CLOSED replica.
2022-04-27 10:53:08,036 [EventQueue-PipelineReportForPipelineReportHandler] INFO  pipeline.PipelineReportHandler (PipelineReportHandler.java:processPipelineReport(113)) - Reported pipeline PipelineID=cf80c735-cb93-438b-a05e-dff27b2a1031 is not found
2022-04-27 10:53:08,193 [EventQueue-PipelineReportForPipelineReportHandler] INFO  pipeline.PipelineReportHandler (PipelineReportHandler.java:processPipelineReport(113)) - Reported pipeline PipelineID=cf80c735-cb93-438b-a05e-dff27b2a1031 is not found
2022-04-27 10:53:08,221 [EventQueue-PipelineReportForPipelineReportHandler] INFO  pipeline.PipelineReportHandler (PipelineReportHandler.java:processPipelineReport(113)) - Reported pipeline PipelineID=cf80c735-cb93-438b-a05e-dff27b2a1031 is not found
2022-04-27 10:53:08,393 [EventQueue-PipelineReportForPipelineReportHandler] INFO  pipeline.PipelineReportHandler (PipelineReportHandler.java:processPipelineReport(113)) - Reported pipeline PipelineID=cf80c735-cb93-438b-a05e-dff27b2a1031 is not found
2022-04-27 10:53:08,421 [EventQueue-PipelineReportForPipelineReportHandler] INFO  pipeline.PipelineReportHandler (PipelineReportHandler.java:processPipelineReport(113)) - Reported pipeline PipelineID=cf80c735-cb93-438b-a05e-dff27b2a1031 is not found
2022-04-27 10:53:08,435 [FixedThreadPoolWithAffinityExecutor-8-0] WARN  container.ContainerReportHandler (AbstractContainerReportHandler.java:updateContainerState(255)) - Container #4 is in OPEN state, but the datanode 5305b34f-83d0-4be9-8032-f631ee150b78{ip: 10.1.0.29, host: fv-az270-423.tacnzluakwdehk1hpragurqkma.bx.internal.cloudapp.net, ports: [REPLICATION=45903, RATIS=34741, RATIS_ADMIN=34741, RATIS_SERVER=34741, STANDALONE=45233], networkLocation: /default-rack, certSerialId: null, persistedOpState: IN_SERVICE, persistedOpStateExpiryEpochSec: 0} reports an CLOSED replica.
2022-04-27 10:53:08,436 [EventQueue-PipelineReportForPipelineReportHandler] INFO  pipeline.PipelineReportHandler (PipelineReportHandler.java:processPipelineReport(113)) - Reported pipeline PipelineID=cf80c735-cb93-438b-a05e-dff27b2a1031 is not found
2022-04-27 10:53:08,573 [grpc-default-executor-4] WARN  server.GrpcLogAppender (LogUtils.java:warn(122)) - 5e6908a8-a78b-4a66-9555-b48c04384dc8@group-EEF7E24D5DDB->fc150688-1f76-4ec0-a672-aaf91f0753c3-AppendLogResponseHandler: Failed appendEntries: org.apache.ratis.thirdparty.io.grpc.StatusRuntimeException: UNAVAILABLE: io exception
2022-04-27 10:53:08,574 [grpc-default-executor-4] WARN  server.GrpcLogAppender (GrpcLogAppender.java:resetClient(110)) - 5e6908a8-a78b-4a66-9555-b48c04384dc8@group-EEF7E24D5DDB->fc150688-1f76-4ec0-a672-aaf91f0753c3-GrpcLogAppender: Leader has not got in touch with Follower 5e6908a8-a78b-4a66-9555-b48c04384dc8@group-EEF7E24D5DDB->fc150688-1f76-4ec0-a672-aaf91f0753c3(c0,m0,n1, attendVote=true, lastRpcSendTime=0, lastRpcResponseTime=2505) yet, just keep nextIndex unchanged and retry.
2022-04-27 10:53:08,622 [EventQueue-PipelineReportForPipelineReportHandler] INFO  pipeline.PipelineReportHandler (PipelineReportHandler.java:processPipelineReport(113)) - Reported pipeline PipelineID=cf80c735-cb93-438b-a05e-dff27b2a1031 is not found
2022-04-27 10:53:08,636 [FixedThreadPoolWithAffinityExecutor-8-0] WARN  container.ContainerReportHandler (AbstractContainerReportHandler.java:updateContainerState(255)) - Container #4 is in OPEN state, but the datanode 5305b34f-83d0-4be9-8032-f631ee150b78{ip: 10.1.0.29, host: fv-az270-423.tacnzluakwdehk1hpragurqkma.bx.internal.cloudapp.net, ports: [REPLICATION=45903, RATIS=34741, RATIS_ADMIN=34741, RATIS_SERVER=34741, STANDALONE=45233], networkLocation: /default-rack, certSerialId: null, persistedOpState: IN_SERVICE, persistedOpStateExpiryEpochSec: 0} reports an CLOSED replica.
2022-04-27 10:53:08,637 [EventQueue-PipelineReportForPipelineReportHandler] INFO  pipeline.PipelineReportHandler (PipelineReportHandler.java:processPipelineReport(113)) - Reported pipeline PipelineID=cf80c735-cb93-438b-a05e-dff27b2a1031 is not found
2022-04-27 10:53:08,793 [EventQueue-PipelineReportForPipelineReportHandler] INFO  pipeline.PipelineReportHandler (PipelineReportHandler.java:processPipelineReport(113)) - Reported pipeline PipelineID=cf80c735-cb93-438b-a05e-dff27b2a1031 is not found
2022-04-27 10:53:08,838 [EventQueue-PipelineReportForPipelineReportHandler] INFO  pipeline.PipelineReportHandler (PipelineReportHandler.java:processPipelineReport(113)) - Reported pipeline PipelineID=cf80c735-cb93-438b-a05e-dff27b2a1031 is not found
2022-04-27 10:53:08,952 [java.util.concurrent.ThreadPoolExecutor$Worker@e6b2e9d[State = -1, empty queue]] WARN  server.GrpcLogAppender (GrpcLogAppender.java:timeoutAppendRequest(246)) - fb1b2524-5f72-4172-b06b-98bf8bab58d7@group-7308F894FD3A->b4543bad-81d3-4f1d-9fc6-5e97dcd2d8eb-GrpcLogAppender: HEARTBEAT appendEntries Timeout, request=AppendEntriesRequest:cid=15741149,entriesCount=0,lastEntry=null
2022-04-27 10:53:09,022 [EventQueue-PipelineReportForPipelineReportHandler] INFO  pipeline.PipelineReportHandler (PipelineReportHandler.java:processPipelineReport(113)) - Reported pipeline PipelineID=cf80c735-cb93-438b-a05e-dff27b2a1031 is not found
2022-04-27 10:53:09,036 [FixedThreadPoolWithAffinityExecutor-0-0] WARN  container.ContainerReportHandler (AbstractContainerReportHandler.java:updateContainerState(255)) - Container #4 is in OPEN state, but the datanode 5305b34f-83d0-4be9-8032-f631ee150b78{ip: 10.1.0.29, host: fv-az270-423.tacnzluakwdehk1hpragurqkma.bx.internal.cloudapp.net, ports: [REPLICATION=45903, RATIS=34741, RATIS_ADMIN=34741, RATIS_SERVER=34741, STANDALONE=45233], networkLocation: /default-rack, certSerialId: null, persistedOpState: IN_SERVICE, persistedOpStateExpiryEpochSec: 0} reports an CLOSED replica.
2022-04-27 10:53:09,193 [EventQueue-PipelineReportForPipelineReportHandler] INFO  pipeline.PipelineReportHandler (PipelineReportHandler.java:processPipelineReport(113)) - Reported pipeline PipelineID=cf80c735-cb93-438b-a05e-dff27b2a1031 is not found
2022-04-27 10:53:09,221 [EventQueue-PipelineReportForPipelineReportHandler] INFO  pipeline.PipelineReportHandler (PipelineReportHandler.java:processPipelineReport(113)) - Reported pipeline PipelineID=cf80c735-cb93-438b-a05e-dff27b2a1031 is not found
2022-04-27 10:53:09,236 [FixedThreadPoolWithAffinityExecutor-9-0] WARN  container.ContainerReportHandler (AbstractContainerReportHandler.java:updateContainerState(255)) - Container #4 is in OPEN state, but the datanode 5305b34f-83d0-4be9-8032-f631ee150b78{ip: 10.1.0.29, host: fv-az270-423.tacnzluakwdehk1hpragurqkma.bx.internal.cloudapp.net, ports: [REPLICATION=45903, RATIS=34741, RATIS_ADMIN=34741, RATIS_SERVER=34741, STANDALONE=45233], networkLocation: /default-rack, certSerialId: null, persistedOpState: IN_SERVICE, persistedOpStateExpiryEpochSec: 0} reports an CLOSED replica.
2022-04-27 10:53:09,237 [EventQueue-PipelineReportForPipelineReportHandler] INFO  pipeline.PipelineReportHandler (PipelineReportHandler.java:processPipelineReport(113)) - Reported pipeline PipelineID=cf80c735-cb93-438b-a05e-dff27b2a1031 is not found
2022-04-27 10:53:09,544 [Listener at 127.0.0.1/43313] INFO  utils.BackgroundService (BackgroundService.java:shutdown(132)) - Shutting down service BlockDeletingService
2022-04-27 10:53:09,579 [java.util.concurrent.ThreadPoolExecutor$Worker@e6b2e9d[State = -1, empty queue]] WARN  server.GrpcLogAppender (GrpcLogAppender.java:timeoutAppendRequest(246)) - 5305b34f-83d0-4be9-8032-f631ee150b78@group-75AB1B4BA813->b4543bad-81d3-4f1d-9fc6-5e97dcd2d8eb-GrpcLogAppender: HEARTBEAT appendEntries Timeout, request=AppendEntriesRequest:cid=12017455,entriesCount=0,lastEntry=null
2022-04-27 10:53:09,593 [EventQueue-PipelineReportForPipelineReportHandler] INFO  pipeline.PipelineReportHandler (PipelineReportHandler.java:processPipelineReport(113)) - Reported pipeline PipelineID=cf80c735-cb93-438b-a05e-dff27b2a1031 is not found
2022-04-27 10:53:09,633 [EventQueue-PipelineReportForPipelineReportHandler] INFO  pipeline.PipelineReportHandler (PipelineReportHandler.java:processPipelineReport(113)) - Reported pipeline PipelineID=cf80c735-cb93-438b-a05e-dff27b2a1031 is not found
2022-04-27 10:53:09,636 [FixedThreadPoolWithAffinityExecutor-8-0] WARN  container.ContainerReportHandler (AbstractContainerReportHandler.java:updateContainerState(255)) - Container #4 is in OPEN state, but the datanode 5305b34f-83d0-4be9-8032-f631ee150b78{ip: 10.1.0.29, host: fv-az270-423.tacnzluakwdehk1hpragurqkma.bx.internal.cloudapp.net, ports: [REPLICATION=45903, RATIS=34741, RATIS_ADMIN=34741, RATIS_SERVER=34741, STANDALONE=45233], networkLocation: /default-rack, certSerialId: null, persistedOpState: IN_SERVICE, persistedOpStateExpiryEpochSec: 0} reports an CLOSED replica.
2022-04-27 10:53:09,637 [EventQueue-PipelineReportForPipelineReportHandler] INFO  pipeline.PipelineReportHandler (PipelineReportHandler.java:processPipelineReport(113)) - Reported pipeline PipelineID=cf80c735-cb93-438b-a05e-dff27b2a1031 is not found
2022-04-27 10:53:09,793 [EventQueue-PipelineReportForPipelineReportHandler] INFO  pipeline.PipelineReportHandler (PipelineReportHandler.java:processPipelineReport(113)) - Reported pipeline PipelineID=cf80c735-cb93-438b-a05e-dff27b2a1031 is not found
2022-04-27 10:53:09,833 [EventQueue-PipelineReportForPipelineReportHandler] INFO  pipeline.PipelineReportHandler (PipelineReportHandler.java:processPipelineReport(113)) - Reported pipeline PipelineID=cf80c735-cb93-438b-a05e-dff27b2a1031 is not found
2022-04-27 10:53:09,836 [FixedThreadPoolWithAffinityExecutor-1-0] WARN  container.ContainerReportHandler (AbstractContainerReportHandler.java:updateContainerState(255)) - Container #4 is in OPEN state, but the datanode 5305b34f-83d0-4be9-8032-f631ee150b78{ip: 10.1.0.29, host: fv-az270-423.tacnzluakwdehk1hpragurqkma.bx.internal.cloudapp.net, ports: [REPLICATION=45903, RATIS=34741, RATIS_ADMIN=34741, RATIS_SERVER=34741, STANDALONE=45233], networkLocation: /default-rack, certSerialId: null, persistedOpState: IN_SERVICE, persistedOpStateExpiryEpochSec: 0} reports an CLOSED replica.
2022-04-27 10:53:09,838 [EventQueue-PipelineReportForPipelineReportHandler] INFO  pipeline.PipelineReportHandler (PipelineReportHandler.java:processPipelineReport(113)) - Reported pipeline PipelineID=cf80c735-cb93-438b-a05e-dff27b2a1031 is not found
2022-04-27 10:53:10,042 [EventQueue-PipelineReportForPipelineReportHandler] INFO  pipeline.PipelineReportHandler (PipelineReportHandler.java:processPipelineReport(113)) - Reported pipeline PipelineID=cf80c735-cb93-438b-a05e-dff27b2a1031 is not found
2022-04-27 10:53:10,192 [EventQueue-PipelineReportForPipelineReportHandler] INFO  pipeline.PipelineReportHandler (PipelineReportHandler.java:processPipelineReport(113)) - Reported pipeline PipelineID=cf80c735-cb93-438b-a05e-dff27b2a1031 is not found
2022-04-27 10:53:10,233 [EventQueue-PipelineReportForPipelineReportHandler] INFO  pipeline.PipelineReportHandler (PipelineReportHandler.java:processPipelineReport(113)) - Reported pipeline PipelineID=cf80c735-cb93-438b-a05e-dff27b2a1031 is not found
2022-04-27 10:53:10,236 [FixedThreadPoolWithAffinityExecutor-9-0] WARN  container.ContainerReportHandler (AbstractContainerReportHandler.java:updateContainerState(255)) - Container #4 is in OPEN state, but the datanode 5305b34f-83d0-4be9-8032-f631ee150b78{ip: 10.1.0.29, host: fv-az270-423.tacnzluakwdehk1hpragurqkma.bx.internal.cloudapp.net, ports: [REPLICATION=45903, RATIS=34741, RATIS_ADMIN=34741, RATIS_SERVER=34741, STANDALONE=45233], networkLocation: /default-rack, certSerialId: null, persistedOpState: IN_SERVICE, persistedOpStateExpiryEpochSec: 0} reports an CLOSED replica.
2022-04-27 10:53:10,393 [EventQueue-PipelineReportForPipelineReportHandler] INFO  pipeline.PipelineReportHandler (PipelineReportHandler.java:processPipelineReport(113)) - Reported pipeline PipelineID=cf80c735-cb93-438b-a05e-dff27b2a1031 is not found
2022-04-27 10:53:10,438 [EventQueue-PipelineReportForPipelineReportHandler] INFO  pipeline.PipelineReportHandler (PipelineReportHandler.java:processPipelineReport(113)) - Reported pipeline PipelineID=cf80c735-cb93-438b-a05e-dff27b2a1031 is not found
2022-04-27 10:53:10,438 [FixedThreadPoolWithAffinityExecutor-0-0] WARN  container.ContainerReportHandler (AbstractContainerReportHandler.java:updateContainerState(255)) - Container #4 is in OPEN state, but the datanode 5305b34f-83d0-4be9-8032-f631ee150b78{ip: 10.1.0.29, host: fv-az270-423.tacnzluakwdehk1hpragurqkma.bx.internal.cloudapp.net, ports: [REPLICATION=45903, RATIS=34741, RATIS_ADMIN=34741, RATIS_SERVER=34741, STANDALONE=45233], networkLocation: /default-rack, certSerialId: null, persistedOpState: IN_SERVICE, persistedOpStateExpiryEpochSec: 0} reports an CLOSED replica.
2022-04-27 10:53:10,443 [EventQueue-PipelineReportForPipelineReportHandler] INFO  pipeline.PipelineReportHandler (PipelineReportHandler.java:processPipelineReport(113)) - Reported pipeline PipelineID=cf80c735-cb93-438b-a05e-dff27b2a1031 is not found
2022-04-27 10:53:10,794 [EventQueue-PipelineReportForPipelineReportHandler] INFO  pipeline.PipelineReportHandler (PipelineReportHandler.java:processPipelineReport(113)) - Reported pipeline PipelineID=cf80c735-cb93-438b-a05e-dff27b2a1031 is not found
2022-04-27 10:53:10,834 [EventQueue-PipelineReportForPipelineReportHandler] INFO  pipeline.PipelineReportHandler (PipelineReportHandler.java:processPipelineReport(113)) - Reported pipeline PipelineID=cf80c735-cb93-438b-a05e-dff27b2a1031 is not found
2022-04-27 10:53:10,836 [FixedThreadPoolWithAffinityExecutor-9-0] WARN  container.ContainerReportHandler (AbstractContainerReportHandler.java:updateContainerState(255)) - Container #4 is in OPEN state, but the datanode 5305b34f-83d0-4be9-8032-f631ee150b78{ip: 10.1.0.29, host: fv-az270-423.tacnzluakwdehk1hpragurqkma.bx.internal.cloudapp.net, ports: [REPLICATION=45903, RATIS=34741, RATIS_ADMIN=34741, RATIS_SERVER=34741, STANDALONE=45233], networkLocation: /default-rack, certSerialId: null, persistedOpState: IN_SERVICE, persistedOpStateExpiryEpochSec: 0} reports an CLOSED replica.
2022-04-27 10:53:10,843 [EventQueue-PipelineReportForPipelineReportHandler] INFO  pipeline.PipelineReportHandler (PipelineReportHandler.java:processPipelineReport(113)) - Reported pipeline PipelineID=cf80c735-cb93-438b-a05e-dff27b2a1031 is not found
2022-04-27 10:53:10,994 [EventQueue-PipelineReportForPipelineReportHandler] INFO  pipeline.PipelineReportHandler (PipelineReportHandler.java:processPipelineReport(113)) - Reported pipeline PipelineID=cf80c735-cb93-438b-a05e-dff27b2a1031 is not found
2022-04-27 10:53:11,034 [EventQueue-PipelineReportForPipelineReportHandler] INFO  pipeline.PipelineReportHandler (PipelineReportHandler.java:processPipelineReport(113)) - Reported pipeline PipelineID=cf80c735-cb93-438b-a05e-dff27b2a1031 is not found
2022-04-27 10:53:11,036 [FixedThreadPoolWithAffinityExecutor-1-0] WARN  container.ContainerReportHandler (AbstractContainerReportHandler.java:updateContainerState(255)) - Container #4 is in OPEN state, but the datanode 5305b34f-83d0-4be9-8032-f631ee150b78{ip: 10.1.0.29, host: fv-az270-423.tacnzluakwdehk1hpragurqkma.bx.internal.cloudapp.net, ports: [REPLICATION=45903, RATIS=34741, RATIS_ADMIN=34741, RATIS_SERVER=34741, STANDALONE=45233], networkLocation: /default-rack, certSerialId: null, persistedOpState: IN_SERVICE, persistedOpStateExpiryEpochSec: 0} reports an CLOSED replica.
2022-04-27 10:53:11,042 [EventQueue-PipelineReportForPipelineReportHandler] INFO  pipeline.PipelineReportHandler (PipelineReportHandler.java:processPipelineReport(113)) - Reported pipeline PipelineID=cf80c735-cb93-438b-a05e-dff27b2a1031 is not found
2022-04-27 10:53:11,074 [grpc-default-executor-4] WARN  server.GrpcLogAppender (LogUtils.java:warn(122)) - 5e6908a8-a78b-4a66-9555-b48c04384dc8@group-EEF7E24D5DDB->fc150688-1f76-4ec0-a672-aaf91f0753c3-AppendLogResponseHandler: Failed appendEntries: org.apache.ratis.thirdparty.io.grpc.StatusRuntimeException: UNAVAILABLE: io exception
2022-04-27 10:53:11,077 [grpc-default-executor-4] WARN  server.GrpcLogAppender (GrpcLogAppender.java:resetClient(110)) - 5e6908a8-a78b-4a66-9555-b48c04384dc8@group-EEF7E24D5DDB->fc150688-1f76-4ec0-a672-aaf91f0753c3-GrpcLogAppender: Leader has not got in touch with Follower 5e6908a8-a78b-4a66-9555-b48c04384dc8@group-EEF7E24D5DDB->fc150688-1f76-4ec0-a672-aaf91f0753c3(c0,m0,n1, attendVote=true, lastRpcSendTime=0, lastRpcResponseTime=5008) yet, just keep nextIndex unchanged and retry.
2022-04-27 10:53:11,234 [EventQueue-PipelineReportForPipelineReportHandler] INFO  pipeline.PipelineReportHandler (PipelineReportHandler.java:processPipelineReport(113)) - Reported pipeline PipelineID=cf80c735-cb93-438b-a05e-dff27b2a1031 is not found
2022-04-27 10:53:11,235 [FixedThreadPoolWithAffinityExecutor-0-0] WARN  container.ContainerReportHandler (AbstractContainerReportHandler.java:updateContainerState(255)) - Container #4 is in OPEN state, but the datanode 5305b34f-83d0-4be9-8032-f631ee150b78{ip: 10.1.0.29, host: fv-az270-423.tacnzluakwdehk1hpragurqkma.bx.internal.cloudapp.net, ports: [REPLICATION=45903, RATIS=34741, RATIS_ADMIN=34741, RATIS_SERVER=34741, STANDALONE=45233], networkLocation: /default-rack, certSerialId: null, persistedOpState: IN_SERVICE, persistedOpStateExpiryEpochSec: 0} reports an CLOSED replica.
2022-04-27 10:53:11,394 [EventQueue-PipelineReportForPipelineReportHandler] INFO  pipeline.PipelineReportHandler (PipelineReportHandler.java:processPipelineReport(113)) - Reported pipeline PipelineID=cf80c735-cb93-438b-a05e-dff27b2a1031 is not found
2022-04-27 10:53:11,438 [FixedThreadPoolWithAffinityExecutor-1-0] WARN  container.ContainerReportHandler (AbstractContainerReportHandler.java:updateContainerState(255)) - Container #4 is in OPEN state, but the datanode 5305b34f-83d0-4be9-8032-f631ee150b78{ip: 10.1.0.29, host: fv-az270-423.tacnzluakwdehk1hpragurqkma.bx.internal.cloudapp.net, ports: [REPLICATION=45903, RATIS=34741, RATIS_ADMIN=34741, RATIS_SERVER=34741, STANDALONE=45233], networkLocation: /default-rack, certSerialId: null, persistedOpState: IN_SERVICE, persistedOpStateExpiryEpochSec: 0} reports an CLOSED replica.
2022-04-27 10:53:11,443 [EventQueue-PipelineReportForPipelineReportHandler] INFO  pipeline.PipelineReportHandler (PipelineReportHandler.java:processPipelineReport(113)) - Reported pipeline PipelineID=cf80c735-cb93-438b-a05e-dff27b2a1031 is not found
2022-04-27 10:53:11,453 [java.util.concurrent.ThreadPoolExecutor$Worker@e6b2e9d[State = -1, empty queue]] WARN  server.GrpcLogAppender (GrpcLogAppender.java:timeoutAppendRequest(246)) - fb1b2524-5f72-4172-b06b-98bf8bab58d7@group-7308F894FD3A->b4543bad-81d3-4f1d-9fc6-5e97dcd2d8eb-GrpcLogAppender: HEARTBEAT appendEntries Timeout, request=AppendEntriesRequest:cid=15741150,entriesCount=0,lastEntry=null
2022-04-27 10:53:11,594 [EventQueue-PipelineReportForPipelineReportHandler] INFO  pipeline.PipelineReportHandler (PipelineReportHandler.java:processPipelineReport(113)) - Reported pipeline PipelineID=cf80c735-cb93-438b-a05e-dff27b2a1031 is not found
2022-04-27 10:53:11,637 [EventQueue-PipelineReportForPipelineReportHandler] INFO  pipeline.PipelineReportHandler (PipelineReportHandler.java:processPipelineReport(113)) - Reported pipeline PipelineID=cf80c735-cb93-438b-a05e-dff27b2a1031 is not found
2022-04-27 10:53:11,644 [EventQueue-PipelineReportForPipelineReportHandler] INFO  pipeline.PipelineReportHandler (PipelineReportHandler.java:processPipelineReport(113)) - Reported pipeline PipelineID=cf80c735-cb93-438b-a05e-dff27b2a1031 is not found
2022-04-27 10:53:11,794 [EventQueue-PipelineReportForPipelineReportHandler] INFO  pipeline.PipelineReportHandler (PipelineReportHandler.java:processPipelineReport(113)) - Reported pipeline PipelineID=cf80c735-cb93-438b-a05e-dff27b2a1031 is not found
2022-04-27 10:53:11,837 [FixedThreadPoolWithAffinityExecutor-8-0] WARN  container.ContainerReportHandler (AbstractContainerReportHandler.java:updateContainerState(255)) - Container #4 is in OPEN state, but the datanode 5305b34f-83d0-4be9-8032-f631ee150b78{ip: 10.1.0.29, host: fv-az270-423.tacnzluakwdehk1hpragurqkma.bx.internal.cloudapp.net, ports: [REPLICATION=45903, RATIS=34741, RATIS_ADMIN=34741, RATIS_SERVER=34741, STANDALONE=45233], networkLocation: /default-rack, certSerialId: null, persistedOpState: IN_SERVICE, persistedOpStateExpiryEpochSec: 0} reports an CLOSED replica.
2022-04-27 10:53:11,970 [7171416e-d570-4db8-8282-6e036003ab52@group-E78063F29D5F-FollowerState] INFO  impl.FollowerState (FollowerState.java:run(134)) - 7171416e-d570-4db8-8282-6e036003ab52@group-E78063F29D5F-FollowerState: change to CANDIDATE, lastRpcElapsedTime:6202806174ns, electionTimeout:5003ms
2022-04-27 10:53:11,970 [7171416e-d570-4db8-8282-6e036003ab52@group-E78063F29D5F-FollowerState] INFO  impl.RoleInfo (RoleInfo.java:shutdownFollowerState(108)) - 7171416e-d570-4db8-8282-6e036003ab52: shutdown 7171416e-d570-4db8-8282-6e036003ab52@group-E78063F29D5F-FollowerState
2022-04-27 10:53:11,970 [7171416e-d570-4db8-8282-6e036003ab52@group-E78063F29D5F-FollowerState] INFO  server.RaftServer$Division (RaftServerImpl.java:setRole(290)) - 7171416e-d570-4db8-8282-6e036003ab52@group-E78063F29D5F: changes role from  FOLLOWER to CANDIDATE at term 3 for changeToCandidate
2022-04-27 10:53:11,971 [7171416e-d570-4db8-8282-6e036003ab52@group-E78063F29D5F-FollowerState] INFO  server.RaftServerConfigKeys (ConfUtils.java:logGet(44)) - raft.server.leaderelection.pre-vote = false (custom)
2022-04-27 10:53:11,971 [7171416e-d570-4db8-8282-6e036003ab52@group-E78063F29D5F-FollowerState] INFO  impl.RoleInfo (RoleInfo.java:updateAndGet(130)) - 7171416e-d570-4db8-8282-6e036003ab52: start 7171416e-d570-4db8-8282-6e036003ab52@group-E78063F29D5F-LeaderElection29
2022-04-27 10:53:11,973 [5e6908a8-a78b-4a66-9555-b48c04384dc8@group-E78063F29D5F-FollowerState] INFO  impl.FollowerState (FollowerState.java:run(134)) - 5e6908a8-a78b-4a66-9555-b48c04384dc8@group-E78063F29D5F-FollowerState: change to CANDIDATE, lastRpcElapsedTime:6201258668ns, electionTimeout:5097ms
2022-04-27 10:53:11,974 [5e6908a8-a78b-4a66-9555-b48c04384dc8@group-E78063F29D5F-FollowerState] INFO  impl.RoleInfo (RoleInfo.java:shutdownFollowerState(108)) - 5e6908a8-a78b-4a66-9555-b48c04384dc8: shutdown 5e6908a8-a78b-4a66-9555-b48c04384dc8@group-E78063F29D5F-FollowerState
2022-04-27 10:53:11,974 [5e6908a8-a78b-4a66-9555-b48c04384dc8@group-E78063F29D5F-FollowerState] INFO  server.RaftServer$Division (RaftServerImpl.java:setRole(290)) - 5e6908a8-a78b-4a66-9555-b48c04384dc8@group-E78063F29D5F: changes role from  FOLLOWER to CANDIDATE at term 3 for changeToCandidate
2022-04-27 10:53:11,977 [5e6908a8-a78b-4a66-9555-b48c04384dc8@group-E78063F29D5F-FollowerState] INFO  server.RaftServerConfigKeys (ConfUtils.java:logGet(44)) - raft.server.leaderelection.pre-vote = false (custom)
2022-04-27 10:53:11,977 [5e6908a8-a78b-4a66-9555-b48c04384dc8@group-E78063F29D5F-FollowerState] INFO  impl.RoleInfo (RoleInfo.java:updateAndGet(130)) - 5e6908a8-a78b-4a66-9555-b48c04384dc8: start 5e6908a8-a78b-4a66-9555-b48c04384dc8@group-E78063F29D5F-LeaderElection30
2022-04-27 10:53:11,977 [7171416e-d570-4db8-8282-6e036003ab52@group-E78063F29D5F-LeaderElection29] INFO  server.RaftServer$Division (ServerState.java:setLeader(285)) - 7171416e-d570-4db8-8282-6e036003ab52@group-E78063F29D5F: change Leader from fc150688-1f76-4ec0-a672-aaf91f0753c3 to null at term 3 for ELECTION
2022-04-27 10:53:11,984 [7171416e-d570-4db8-8282-6e036003ab52@group-E78063F29D5F-LeaderElection29] INFO  impl.LeaderElection (LeaderElection.java:askForVotes(306)) - 7171416e-d570-4db8-8282-6e036003ab52@group-E78063F29D5F-LeaderElection29 ELECTION round 0: submit vote requests at term 4 for 0: [7171416e-d570-4db8-8282-6e036003ab52|rpc:10.1.0.29:35393|dataStream:|priority:0, 5e6908a8-a78b-4a66-9555-b48c04384dc8|rpc:10.1.0.29:40571|dataStream:|priority:0, fc150688-1f76-4ec0-a672-aaf91f0753c3|rpc:10.1.0.29:37101|dataStream:|priority:1], old=null
2022-04-27 10:53:11,995 [5e6908a8-a78b-4a66-9555-b48c04384dc8@group-E78063F29D5F-LeaderElection30] INFO  server.RaftServer$Division (ServerState.java:setLeader(285)) - 5e6908a8-a78b-4a66-9555-b48c04384dc8@group-E78063F29D5F: change Leader from fc150688-1f76-4ec0-a672-aaf91f0753c3 to null at term 3 for ELECTION
2022-04-27 10:53:11,997 [5e6908a8-a78b-4a66-9555-b48c04384dc8@group-E78063F29D5F-LeaderElection30] INFO  impl.LeaderElection (LeaderElection.java:askForVotes(306)) - 5e6908a8-a78b-4a66-9555-b48c04384dc8@group-E78063F29D5F-LeaderElection30 ELECTION round 0: submit vote requests at term 4 for 0: [7171416e-d570-4db8-8282-6e036003ab52|rpc:10.1.0.29:35393|dataStream:|priority:0, 5e6908a8-a78b-4a66-9555-b48c04384dc8|rpc:10.1.0.29:40571|dataStream:|priority:0, fc150688-1f76-4ec0-a672-aaf91f0753c3|rpc:10.1.0.29:37101|dataStream:|priority:1], old=null
2022-04-27 10:53:12,005 [grpc-default-executor-1] INFO  server.RaftServer$Division (RaftServerImpl.java:requestVote(1046)) - 5e6908a8-a78b-4a66-9555-b48c04384dc8@group-E78063F29D5F: receive requestVote(ELECTION, 7171416e-d570-4db8-8282-6e036003ab52, group-E78063F29D5F, 4, (t:3, i:10))
2022-04-27 10:53:12,005 [grpc-default-executor-1] INFO  impl.VoteContext (VoteContext.java:log(48)) - 5e6908a8-a78b-4a66-9555-b48c04384dc8@group-E78063F29D5F-CANDIDATE: reject ELECTION from 7171416e-d570-4db8-8282-6e036003ab52: already has voted for 5e6908a8-a78b-4a66-9555-b48c04384dc8 at current term 4
2022-04-27 10:53:12,005 [grpc-default-executor-1] INFO  server.RaftServer$Division (RaftServerImpl.java:requestVote(1078)) - 5e6908a8-a78b-4a66-9555-b48c04384dc8@group-E78063F29D5F replies to ELECTION vote request: 7171416e-d570-4db8-8282-6e036003ab52<-5e6908a8-a78b-4a66-9555-b48c04384dc8#0:FAIL-t4. Peer's state: 5e6908a8-a78b-4a66-9555-b48c04384dc8@group-E78063F29D5F:t4, leader=null, voted=5e6908a8-a78b-4a66-9555-b48c04384dc8, raftlog=5e6908a8-a78b-4a66-9555-b48c04384dc8@group-E78063F29D5F-SegmentedRaftLog:OPENED:c10, conf=0: [7171416e-d570-4db8-8282-6e036003ab52|rpc:10.1.0.29:35393|dataStream:|priority:0, 5e6908a8-a78b-4a66-9555-b48c04384dc8|rpc:10.1.0.29:40571|dataStream:|priority:0, fc150688-1f76-4ec0-a672-aaf91f0753c3|rpc:10.1.0.29:37101|dataStream:|priority:1], old=null
2022-04-27 10:53:12,014 [grpc-default-executor-1] INFO  server.RaftServer$Division (RaftServerImpl.java:requestVote(1046)) - 7171416e-d570-4db8-8282-6e036003ab52@group-E78063F29D5F: receive requestVote(ELECTION, 5e6908a8-a78b-4a66-9555-b48c04384dc8, group-E78063F29D5F, 4, (t:3, i:10))
2022-04-27 10:53:12,014 [grpc-default-executor-1] INFO  impl.VoteContext (VoteContext.java:log(48)) - 7171416e-d570-4db8-8282-6e036003ab52@group-E78063F29D5F-CANDIDATE: reject ELECTION from 5e6908a8-a78b-4a66-9555-b48c04384dc8: already has voted for 7171416e-d570-4db8-8282-6e036003ab52 at current term 4
2022-04-27 10:53:12,014 [grpc-default-executor-1] INFO  server.RaftServer$Division (RaftServerImpl.java:requestVote(1078)) - 7171416e-d570-4db8-8282-6e036003ab52@group-E78063F29D5F replies to ELECTION vote request: 5e6908a8-a78b-4a66-9555-b48c04384dc8<-7171416e-d570-4db8-8282-6e036003ab52#0:FAIL-t4. Peer's state: 7171416e-d570-4db8-8282-6e036003ab52@group-E78063F29D5F:t4, leader=null, voted=7171416e-d570-4db8-8282-6e036003ab52, raftlog=7171416e-d570-4db8-8282-6e036003ab52@group-E78063F29D5F-SegmentedRaftLog:OPENED:c10, conf=0: [7171416e-d570-4db8-8282-6e036003ab52|rpc:10.1.0.29:35393|dataStream:|priority:0, 5e6908a8-a78b-4a66-9555-b48c04384dc8|rpc:10.1.0.29:40571|dataStream:|priority:0, fc150688-1f76-4ec0-a672-aaf91f0753c3|rpc:10.1.0.29:37101|dataStream:|priority:1], old=null
2022-04-27 10:53:12,037 [EventQueue-PipelineReportForPipelineReportHandler] INFO  pipeline.PipelineReportHandler (PipelineReportHandler.java:processPipelineReport(113)) - Reported pipeline PipelineID=cf80c735-cb93-438b-a05e-dff27b2a1031 is not found
2022-04-27 10:53:12,038 [7171416e-d570-4db8-8282-6e036003ab52@group-E78063F29D5F-LeaderElection29] INFO  impl.LeaderElection (LogUtils.java:infoOrTrace(137)) - 7171416e-d570-4db8-8282-6e036003ab52@group-E78063F29D5F-LeaderElection29 got exception when requesting votes: java.util.concurrent.ExecutionException: org.apache.ratis.thirdparty.io.grpc.StatusRuntimeException: UNAVAILABLE: io exception
2022-04-27 10:53:12,038 [7171416e-d570-4db8-8282-6e036003ab52@group-E78063F29D5F-LeaderElection29] INFO  impl.LeaderElection (LeaderElection.java:logAndReturn(89)) - 7171416e-d570-4db8-8282-6e036003ab52@group-E78063F29D5F-LeaderElection29: ELECTION REJECTED received 1 response(s) and 1 exception(s):
2022-04-27 10:53:12,038 [7171416e-d570-4db8-8282-6e036003ab52@group-E78063F29D5F-LeaderElection29] INFO  impl.LeaderElection (LeaderElection.java:logAndReturn(93)) -   Response 0: 7171416e-d570-4db8-8282-6e036003ab52<-5e6908a8-a78b-4a66-9555-b48c04384dc8#0:FAIL-t4
2022-04-27 10:53:12,038 [7171416e-d570-4db8-8282-6e036003ab52@group-E78063F29D5F-LeaderElection29] INFO  impl.LeaderElection (LogUtils.java:infoOrTrace(137)) -   Exception 1: java.util.concurrent.ExecutionException: org.apache.ratis.thirdparty.io.grpc.StatusRuntimeException: UNAVAILABLE: io exception
2022-04-27 10:53:12,038 [7171416e-d570-4db8-8282-6e036003ab52@group-E78063F29D5F-LeaderElection29] INFO  impl.LeaderElection (LeaderElection.java:askForVotes(308)) - 7171416e-d570-4db8-8282-6e036003ab52@group-E78063F29D5F-LeaderElection29 ELECTION round 0: result REJECTED
2022-04-27 10:53:12,039 [7171416e-d570-4db8-8282-6e036003ab52@group-E78063F29D5F-LeaderElection29] INFO  server.RaftServer$Division (RaftServerImpl.java:setRole(290)) - 7171416e-d570-4db8-8282-6e036003ab52@group-E78063F29D5F: changes role from CANDIDATE to FOLLOWER at term 4 for REJECTED
2022-04-27 10:53:12,039 [5e6908a8-a78b-4a66-9555-b48c04384dc8@group-E78063F29D5F-LeaderElection30] INFO  impl.LeaderElection (LogUtils.java:infoOrTrace(137)) - 5e6908a8-a78b-4a66-9555-b48c04384dc8@group-E78063F29D5F-LeaderElection30 got exception when requesting votes: java.util.concurrent.ExecutionException: org.apache.ratis.thirdparty.io.grpc.StatusRuntimeException: UNAVAILABLE: io exception
2022-04-27 10:53:12,039 [5e6908a8-a78b-4a66-9555-b48c04384dc8@group-E78063F29D5F-LeaderElection30] INFO  impl.LeaderElection (LeaderElection.java:logAndReturn(89)) - 5e6908a8-a78b-4a66-9555-b48c04384dc8@group-E78063F29D5F-LeaderElection30: ELECTION REJECTED received 1 response(s) and 1 exception(s):
2022-04-27 10:53:12,039 [5e6908a8-a78b-4a66-9555-b48c04384dc8@group-E78063F29D5F-LeaderElection30] INFO  impl.LeaderElection (LeaderElection.java:logAndReturn(93)) -   Response 0: 5e6908a8-a78b-4a66-9555-b48c04384dc8<-7171416e-d570-4db8-8282-6e036003ab52#0:FAIL-t4
2022-04-27 10:53:12,039 [5e6908a8-a78b-4a66-9555-b48c04384dc8@group-E78063F29D5F-LeaderElection30] INFO  impl.LeaderElection (LogUtils.java:infoOrTrace(137)) -   Exception 1: java.util.concurrent.ExecutionException: org.apache.ratis.thirdparty.io.grpc.StatusRuntimeException: UNAVAILABLE: io exception
2022-04-27 10:53:12,039 [5e6908a8-a78b-4a66-9555-b48c04384dc8@group-E78063F29D5F-LeaderElection30] INFO  impl.LeaderElection (LeaderElection.java:askForVotes(308)) - 5e6908a8-a78b-4a66-9555-b48c04384dc8@group-E78063F29D5F-LeaderElection30 ELECTION round 0: result REJECTED
2022-04-27 10:53:12,039 [5e6908a8-a78b-4a66-9555-b48c04384dc8@group-E78063F29D5F-LeaderElection30] INFO  server.RaftServer$Division (RaftServerImpl.java:setRole(290)) - 5e6908a8-a78b-4a66-9555-b48c04384dc8@group-E78063F29D5F: changes role from CANDIDATE to FOLLOWER at term 4 for REJECTED
2022-04-27 10:53:12,039 [5e6908a8-a78b-4a66-9555-b48c04384dc8@group-E78063F29D5F-LeaderElection30] INFO  impl.RoleInfo (RoleInfo.java:shutdownLeaderElection(121)) - 5e6908a8-a78b-4a66-9555-b48c04384dc8: shutdown 5e6908a8-a78b-4a66-9555-b48c04384dc8@group-E78063F29D5F-LeaderElection30
2022-04-27 10:53:12,039 [5e6908a8-a78b-4a66-9555-b48c04384dc8@group-E78063F29D5F-LeaderElection30] INFO  impl.RoleInfo (RoleInfo.java:updateAndGet(130)) - 5e6908a8-a78b-4a66-9555-b48c04384dc8: start 5e6908a8-a78b-4a66-9555-b48c04384dc8@group-E78063F29D5F-FollowerState
2022-04-27 10:53:12,039 [7171416e-d570-4db8-8282-6e036003ab52@group-E78063F29D5F-LeaderElection29] INFO  impl.RoleInfo (RoleInfo.java:shutdownLeaderElection(121)) - 7171416e-d570-4db8-8282-6e036003ab52: shutdown 7171416e-d570-4db8-8282-6e036003ab52@group-E78063F29D5F-LeaderElection29
2022-04-27 10:53:12,042 [7171416e-d570-4db8-8282-6e036003ab52@group-E78063F29D5F-LeaderElection29] INFO  impl.RoleInfo (RoleInfo.java:updateAndGet(130)) - 7171416e-d570-4db8-8282-6e036003ab52: start 7171416e-d570-4db8-8282-6e036003ab52@group-E78063F29D5F-FollowerState
2022-04-27 10:53:12,044 [EventQueue-PipelineReportForPipelineReportHandler] INFO  pipeline.PipelineReportHandler (PipelineReportHandler.java:processPipelineReport(113)) - Reported pipeline PipelineID=cf80c735-cb93-438b-a05e-dff27b2a1031 is not found
2022-04-27 10:53:12,080 [java.util.concurrent.ThreadPoolExecutor$Worker@e6b2e9d[State = -1, empty queue]] WARN  server.GrpcLogAppender (GrpcLogAppender.java:timeoutAppendRequest(246)) - 5305b34f-83d0-4be9-8032-f631ee150b78@group-75AB1B4BA813->b4543bad-81d3-4f1d-9fc6-5e97dcd2d8eb-GrpcLogAppender: HEARTBEAT appendEntries Timeout, request=AppendEntriesRequest:cid=12017456,entriesCount=0,lastEntry=null
2022-04-27 10:53:12,210 [EventQueue-PipelineReportForPipelineReportHandler] INFO  pipeline.PipelineReportHandler (PipelineReportHandler.java:processPipelineReport(113)) - Reported pipeline PipelineID=cf80c735-cb93-438b-a05e-dff27b2a1031 is not found
2022-04-27 10:53:12,244 [EventQueue-PipelineReportForPipelineReportHandler] INFO  pipeline.PipelineReportHandler (PipelineReportHandler.java:processPipelineReport(113)) - Reported pipeline PipelineID=cf80c735-cb93-438b-a05e-dff27b2a1031 is not found
2022-04-27 10:53:12,245 [FixedThreadPoolWithAffinityExecutor-8-0] WARN  container.ContainerReportHandler (AbstractContainerReportHandler.java:updateContainerState(255)) - Container #4 is in OPEN state, but the datanode 5305b34f-83d0-4be9-8032-f631ee150b78{ip: 10.1.0.29, host: fv-az270-423.tacnzluakwdehk1hpragurqkma.bx.internal.cloudapp.net, ports: [REPLICATION=45903, RATIS=34741, RATIS_ADMIN=34741, RATIS_SERVER=34741, STANDALONE=45233], networkLocation: /default-rack, certSerialId: null, persistedOpState: IN_SERVICE, persistedOpStateExpiryEpochSec: 0} reports an CLOSED replica.
2022-04-27 10:53:12,412 [EventQueue-PipelineReportForPipelineReportHandler] INFO  pipeline.PipelineReportHandler (PipelineReportHandler.java:processPipelineReport(113)) - Reported pipeline PipelineID=cf80c735-cb93-438b-a05e-dff27b2a1031 is not found
2022-04-27 10:53:12,444 [FixedThreadPoolWithAffinityExecutor-0-0] WARN  container.ContainerReportHandler (AbstractContainerReportHandler.java:updateContainerState(255)) - Container #4 is in OPEN state, but the datanode 5305b34f-83d0-4be9-8032-f631ee150b78{ip: 10.1.0.29, host: fv-az270-423.tacnzluakwdehk1hpragurqkma.bx.internal.cloudapp.net, ports: [REPLICATION=45903, RATIS=34741, RATIS_ADMIN=34741, RATIS_SERVER=34741, STANDALONE=45233], networkLocation: /default-rack, certSerialId: null, persistedOpState: IN_SERVICE, persistedOpStateExpiryEpochSec: 0} reports an CLOSED replica.
2022-04-27 10:53:12,445 [EventQueue-PipelineReportForPipelineReportHandler] INFO  pipeline.PipelineReportHandler (PipelineReportHandler.java:processPipelineReport(113)) - Reported pipeline PipelineID=cf80c735-cb93-438b-a05e-dff27b2a1031 is not found
2022-04-27 10:53:12,562 [Listener at 127.0.0.1/43313] INFO  statemachine.DatanodeStateMachine (DatanodeStateMachine.java:stopDaemon(560)) - Ozone container server stopped.
2022-04-27 10:53:12,576 [Listener at 127.0.0.1/43313] INFO  handler.ContextHandler (ContextHandler.java:doStop(1153)) - Stopped o.e.j.w.WebAppContext@598e7b84{hddsDatanode,/,null,STOPPED}{jar:file:/home/runner/.m2/repository/org/apache/ozone/hdds-container-service/1.3.0-SNAPSHOT/hdds-container-service-1.3.0-SNAPSHOT.jar!/webapps/hddsDatanode}
2022-04-27 10:53:12,577 [Listener at 127.0.0.1/43313] INFO  server.AbstractConnector (AbstractConnector.java:doStop(381)) - Stopped ServerConnector@1b2b2b6d{HTTP/1.1, (http/1.1)}{0.0.0.0:0}
2022-04-27 10:53:12,577 [Listener at 127.0.0.1/43313] INFO  server.session (HouseKeeper.java:stopScavenging(149)) - node0 Stopped scavenging
2022-04-27 10:53:12,577 [Listener at 127.0.0.1/43313] INFO  handler.ContextHandler (ContextHandler.java:doStop(1153)) - Stopped o.e.j.s.ServletContextHandler@19cc4b7c{static,/static,jar:file:/home/runner/.m2/repository/org/apache/ozone/hdds-container-service/1.3.0-SNAPSHOT/hdds-container-service-1.3.0-SNAPSHOT.jar!/webapps/static,STOPPED}
2022-04-27 10:53:12,578 [Listener at 127.0.0.1/43313] INFO  handler.ContextHandler (ContextHandler.java:doStop(1153)) - Stopped o.e.j.s.ServletContextHandler@12ccc0d3{logs,/logs,file:///home/runner/work/ozone/ozone/hadoop-ozone/integration-test/target/log,STOPPED}
2022-04-27 10:53:12,587 [Listener at 127.0.0.1/43313] WARN  impl.MetricRegistriesImpl (MetricRegistriesImpl.java:addReporterRegistration(111)) - New reporters are added after registries were created. Some metrics will be missing from the reporter. Please add reporter before adding any new registry.
2022-04-27 10:53:12,587 [Listener at 127.0.0.1/43313] WARN  impl.MetricRegistriesImpl (MetricRegistriesImpl.java:addReporterRegistration(111)) - New reporters are added after registries were created. Some metrics will be missing from the reporter. Please add reporter before adding any new registry.
2022-04-27 10:53:12,590 [Listener at 127.0.0.1/43313] INFO  impl.MetricsSystemImpl (MetricsSystemImpl.java:init(158)) - HddsDatanode metrics system started (again)
2022-04-27 10:53:12,608 [EventQueue-PipelineReportForPipelineReportHandler] INFO  pipeline.PipelineReportHandler (PipelineReportHandler.java:processPipelineReport(113)) - Reported pipeline PipelineID=cf80c735-cb93-438b-a05e-dff27b2a1031 is not found
2022-04-27 10:53:12,620 [Listener at 127.0.0.1/43313] INFO  ozone.HddsDatanodeService (HddsDatanodeService.java:start(233)) - HddsDatanodeService host:fv-az270-423.tacnzluakwdehk1hpragurqkma.bx.internal.cloudapp.net ip:10.1.0.29
2022-04-27 10:53:12,645 [FixedThreadPoolWithAffinityExecutor-9-0] WARN  container.ContainerReportHandler (AbstractContainerReportHandler.java:updateContainerState(255)) - Container #4 is in OPEN state, but the datanode 5305b34f-83d0-4be9-8032-f631ee150b78{ip: 10.1.0.29, host: fv-az270-423.tacnzluakwdehk1hpragurqkma.bx.internal.cloudapp.net, ports: [REPLICATION=45903, RATIS=34741, RATIS_ADMIN=34741, RATIS_SERVER=34741, STANDALONE=45233], networkLocation: /default-rack, certSerialId: null, persistedOpState: IN_SERVICE, persistedOpStateExpiryEpochSec: 0} reports an CLOSED replica.
2022-04-27 10:53:12,645 [EventQueue-PipelineReportForPipelineReportHandler] INFO  pipeline.PipelineReportHandler (PipelineReportHandler.java:processPipelineReport(113)) - Reported pipeline PipelineID=cf80c735-cb93-438b-a05e-dff27b2a1031 is not found
2022-04-27 10:53:12,646 [EventQueue-PipelineReportForPipelineReportHandler] INFO  pipeline.PipelineReportHandler (PipelineReportHandler.java:processPipelineReport(113)) - Reported pipeline PipelineID=cf80c735-cb93-438b-a05e-dff27b2a1031 is not found
2022-04-27 10:53:12,664 [Listener at 127.0.0.1/43313] INFO  upgrade.AbstractLayoutVersionManager (AbstractLayoutVersionManager.java:init(79)) - Initializing Layout version manager with metadata layout = ERASURE_CODED_STORAGE_SUPPORT (version = 3), software layout = ERASURE_CODED_STORAGE_SUPPORT (version = 3)
2022-04-27 10:53:12,788 [Listener at 127.0.0.1/43313] INFO  reflections.Reflections (Reflections.java:scan(232)) - Reflections took 122 ms to scan 7 urls, producing 126 keys and 287 values 
2022-04-27 10:53:12,789 [Listener at 127.0.0.1/43313] INFO  statemachine.DatanodeStateMachine (DatanodeStateMachine.java:getEndPointTaskThreadPoolSize(224)) - Datanode State Machine Task Thread Pool size 2
2022-04-27 10:53:12,797 [Listener at 127.0.0.1/43313] INFO  volume.HddsVolume (HddsVolume.java:<init>(120)) - Creating HddsVolume: /home/runner/work/ozone/ozone/hadoop-ozone/integration-test/target/test-dir/MiniOzoneClusterImpl-6fb830c9-5413-49cc-a625-6cf41c4e5c97/datanode-8/data-0/containers/hdds of storage type : DISK capacity : 9223372036854775807
2022-04-27 10:53:12,797 [Listener at 127.0.0.1/43313] INFO  volume.MutableVolumeSet (MutableVolumeSet.java:initializeVolumeSet(168)) - Added Volume : /home/runner/work/ozone/ozone/hadoop-ozone/integration-test/target/test-dir/MiniOzoneClusterImpl-6fb830c9-5413-49cc-a625-6cf41c4e5c97/datanode-8/data-0/containers/hdds to VolumeSet
2022-04-27 10:53:12,798 [Listener at 127.0.0.1/43313] INFO  volume.ThrottledAsyncChecker (ThrottledAsyncChecker.java:schedule(141)) - Scheduling a check for /home/runner/work/ozone/ozone/hadoop-ozone/integration-test/target/test-dir/MiniOzoneClusterImpl-6fb830c9-5413-49cc-a625-6cf41c4e5c97/datanode-8/data-0/containers/hdds
2022-04-27 10:53:12,804 [Listener at 127.0.0.1/43313] INFO  volume.StorageVolumeChecker (StorageVolumeChecker.java:checkAllVolumes(202)) - Scheduled health check for volume /home/runner/work/ozone/ozone/hadoop-ozone/integration-test/target/test-dir/MiniOzoneClusterImpl-6fb830c9-5413-49cc-a625-6cf41c4e5c97/datanode-8/data-0/containers/hdds
2022-04-27 10:53:12,807 [EventQueue-PipelineReportForPipelineReportHandler] INFO  pipeline.PipelineReportHandler (PipelineReportHandler.java:processPipelineReport(113)) - Reported pipeline PipelineID=cf80c735-cb93-438b-a05e-dff27b2a1031 is not found
2022-04-27 10:53:12,831 [Listener at 127.0.0.1/43313] INFO  volume.MutableVolumeSet (MutableVolumeSet.java:initializeVolumeSet(168)) - Added Volume : /home/runner/work/ozone/ozone/hadoop-ozone/integration-test/target/test-dir/MiniOzoneClusterImpl-6fb830c9-5413-49cc-a625-6cf41c4e5c97/datanode-8/data/ratis69279f57-f39b-4179-bdbd-4f9cbe7d71a6 to VolumeSet
2022-04-27 10:53:12,832 [Listener at 127.0.0.1/43313] INFO  volume.ThrottledAsyncChecker (ThrottledAsyncChecker.java:schedule(141)) - Scheduling a check for /home/runner/work/ozone/ozone/hadoop-ozone/integration-test/target/test-dir/MiniOzoneClusterImpl-6fb830c9-5413-49cc-a625-6cf41c4e5c97/datanode-8/data/ratis69279f57-f39b-4179-bdbd-4f9cbe7d71a6
2022-04-27 10:53:12,832 [Listener at 127.0.0.1/43313] INFO  volume.StorageVolumeChecker (StorageVolumeChecker.java:checkAllVolumes(202)) - Scheduled health check for volume /home/runner/work/ozone/ozone/hadoop-ozone/integration-test/target/test-dir/MiniOzoneClusterImpl-6fb830c9-5413-49cc-a625-6cf41c4e5c97/datanode-8/data/ratis69279f57-f39b-4179-bdbd-4f9cbe7d71a6
2022-04-27 10:53:12,846 [EventQueue-PipelineReportForPipelineReportHandler] INFO  pipeline.PipelineReportHandler (PipelineReportHandler.java:processPipelineReport(113)) - Reported pipeline PipelineID=cf80c735-cb93-438b-a05e-dff27b2a1031 is not found
2022-04-27 10:53:12,846 [EventQueue-PipelineReportForPipelineReportHandler] INFO  pipeline.PipelineReportHandler (PipelineReportHandler.java:processPipelineReport(113)) - Reported pipeline PipelineID=cf80c735-cb93-438b-a05e-dff27b2a1031 is not found
2022-04-27 10:53:12,871 [Thread-1108] INFO  ozoneimpl.ContainerReader (ContainerReader.java:readVolume(142)) - Start to verify containers on volume /home/runner/work/ozone/ozone/hadoop-ozone/integration-test/target/test-dir/MiniOzoneClusterImpl-6fb830c9-5413-49cc-a625-6cf41c4e5c97/datanode-8/data-0/containers/hdds
2022-04-27 10:53:13,045 [FixedThreadPoolWithAffinityExecutor-0-0] WARN  container.ContainerReportHandler (AbstractContainerReportHandler.java:updateContainerState(255)) - Container #4 is in OPEN state, but the datanode 5305b34f-83d0-4be9-8032-f631ee150b78{ip: 10.1.0.29, host: fv-az270-423.tacnzluakwdehk1hpragurqkma.bx.internal.cloudapp.net, ports: [REPLICATION=45903, RATIS=34741, RATIS_ADMIN=34741, RATIS_SERVER=34741, STANDALONE=45233], networkLocation: /default-rack, certSerialId: null, persistedOpState: IN_SERVICE, persistedOpStateExpiryEpochSec: 0} reports an CLOSED replica.
2022-04-27 10:53:13,045 [EventQueue-PipelineReportForPipelineReportHandler] INFO  pipeline.PipelineReportHandler (PipelineReportHandler.java:processPipelineReport(113)) - Reported pipeline PipelineID=cf80c735-cb93-438b-a05e-dff27b2a1031 is not found
2022-04-27 10:53:13,090 [Thread-1108] INFO  ozoneimpl.ContainerReader (ContainerReader.java:readVolume(172)) - Finish verifying containers on volume /home/runner/work/ozone/ozone/hadoop-ozone/integration-test/target/test-dir/MiniOzoneClusterImpl-6fb830c9-5413-49cc-a625-6cf41c4e5c97/datanode-8/data-0/containers/hdds
2022-04-27 10:53:13,090 [Listener at 127.0.0.1/43313] INFO  ozoneimpl.OzoneContainer (OzoneContainer.java:buildContainerSet(257)) - Build ContainerSet costs 0s
2022-04-27 10:53:13,095 [Listener at 127.0.0.1/43313] INFO  server.RaftServer (ConfUtils.java:logGet(44)) - raft.rpc.type = GRPC (default)
2022-04-27 10:53:13,095 [Listener at 127.0.0.1/43313] INFO  grpc.GrpcFactory (GrpcFactory.java:checkPooledByteBufAllocatorUseCacheForAllThreads(48)) - PERFORMANCE WARNING: useCacheForAllThreads is true that may cause Netty to create a lot garbage objects and, as a result, trigger GC.
	It is recommended to disable useCacheForAllThreads by setting -Dorg.apache.ratis.thirdparty.io.netty.allocator.useCacheForAllThreads=false in command line.
2022-04-27 10:53:13,095 [Listener at 127.0.0.1/43313] INFO  grpc.GrpcConfigKeys (ConfUtils.java:logGet(44)) - raft.grpc.admin.port = 37101 (custom)
2022-04-27 10:53:13,096 [Listener at 127.0.0.1/43313] INFO  grpc.GrpcConfigKeys (ConfUtils.java:logGet(44)) - raft.grpc.client.port = 37101 (custom)
2022-04-27 10:53:13,096 [Listener at 127.0.0.1/43313] INFO  grpc.GrpcConfigKeys (ConfUtils.java:logGet(44)) - raft.grpc.server.port = 37101 (custom)
2022-04-27 10:53:13,096 [Listener at 127.0.0.1/43313] INFO  server.GrpcService (ConfUtils.java:logGet(44)) - raft.grpc.message.size.max = 32MB (=33554432) (custom)
2022-04-27 10:53:13,096 [Listener at 127.0.0.1/43313] INFO  server.RaftServerConfigKeys (ConfUtils.java:logGet(44)) - raft.server.log.appender.buffer.byte-limit = 33554432 (custom)
2022-04-27 10:53:13,096 [Listener at 127.0.0.1/43313] INFO  server.GrpcService (ConfUtils.java:logGet(44)) - raft.grpc.flow.control.window = 5MB (=5242880) (custom)
2022-04-27 10:53:13,096 [Listener at 127.0.0.1/43313] INFO  server.RaftServerConfigKeys (ConfUtils.java:logGet(44)) - raft.server.rpc.request.timeout = 3000ms (default)
2022-04-27 10:53:13,097 [Listener at 127.0.0.1/43313] INFO  impl.DataStreamServerImpl (ConfUtils.java:logGet(44)) - raft.datastream.type = DISABLED (default)
2022-04-27 10:53:13,098 [Listener at 127.0.0.1/43313] INFO  server.RaftServerConfigKeys (ConfUtils.java:logGet(44)) - raft.server.rpc.slowness.timeout = 300000ms (custom)
2022-04-27 10:53:13,098 [Listener at 127.0.0.1/43313] INFO  server.RaftServerConfigKeys (ConfUtils.java:logGet(44)) - raft.server.leaderelection.leader.step-down.wait-time = 10s (default)
2022-04-27 10:53:13,098 [Listener at 127.0.0.1/43313] INFO  server.RaftServerConfigKeys (ConfUtils.java:logGet(44)) - raft.server.storage.dir = [/home/runner/work/ozone/ozone/hadoop-ozone/integration-test/target/test-dir/MiniOzoneClusterImpl-6fb830c9-5413-49cc-a625-6cf41c4e5c97/datanode-8/data/ratis69279f57-f39b-4179-bdbd-4f9cbe7d71a6] (custom)
2022-04-27 10:53:13,099 [Listener at 127.0.0.1/43313] INFO  server.XceiverServerGrpc (XceiverServerGrpc.java:<init>(132)) - GrpcServer channel type EpollServerSocketChannel
2022-04-27 10:53:13,114 [Listener at 127.0.0.1/43313] INFO  http.BaseHttpServer (BaseHttpServer.java:newHttpServer2BuilderForOzone(209)) - Starting Web-server for hddsDatanode at: http://0.0.0.0:33463
2022-04-27 10:53:13,114 [Listener at 127.0.0.1/43313] INFO  http.BaseHttpServer (BaseHttpServer.java:<init>(107)) - Hadoop Security Enabled: false Ozone Security Enabled: false Ozone HTTP Security Enabled: false 
2022-04-27 10:53:13,116 [Listener at 127.0.0.1/43313] INFO  server.AuthenticationFilter (AuthenticationFilter.java:constructSecretProvider(240)) - Unable to initialize FileSignerSecretProvider, falling back to use random secrets.
2022-04-27 10:53:13,121 [Listener at 127.0.0.1/43313] WARN  http.HttpRequestLog (HttpRequestLog.java:getRequestLog(103)) - Jetty request log can only be enabled using Log4j
2022-04-27 10:53:13,124 [Listener at 127.0.0.1/43313] INFO  http.HttpServer2 (HttpServer2.java:addGlobalFilter(1030)) - Added global filter 'safety' (class=org.apache.hadoop.hdds.server.http.HttpServer2$QuotingInputFilter)
2022-04-27 10:53:13,130 [Listener at 127.0.0.1/43313] INFO  http.HttpServer2 (HttpServer2.java:addFilter(1006)) - Added filter static_user_filter (class=org.apache.hadoop.http.lib.StaticUserWebFilter$StaticUserFilter) to context hddsDatanode
2022-04-27 10:53:13,131 [Listener at 127.0.0.1/43313] INFO  http.HttpServer2 (HttpServer2.java:addFilter(1014)) - Added filter static_user_filter (class=org.apache.hadoop.http.lib.StaticUserWebFilter$StaticUserFilter) to context static
2022-04-27 10:53:13,131 [Listener at 127.0.0.1/43313] INFO  http.HttpServer2 (HttpServer2.java:addFilter(1014)) - Added filter static_user_filter (class=org.apache.hadoop.http.lib.StaticUserWebFilter$StaticUserFilter) to context logs
2022-04-27 10:53:13,131 [Listener at 127.0.0.1/43313] INFO  http.HttpServer2 (HttpServer2.java:bindListener(1249)) - Jetty bound to port 33463
2022-04-27 10:53:13,131 [Listener at 127.0.0.1/43313] INFO  server.Server (Server.java:doStart(375)) - jetty-9.4.43.v20210629; built: 2021-06-30T11:07:22.254Z; git: 526006ecfa3af7f1a27ef3a288e2bef7ea9dd7e8; jvm 1.8.0_322-b06
2022-04-27 10:53:13,184 [Listener at 127.0.0.1/43313] INFO  server.session (DefaultSessionIdManager.java:doStart(334)) - DefaultSessionIdManager workerName=node0
2022-04-27 10:53:13,185 [Listener at 127.0.0.1/43313] INFO  server.session (DefaultSessionIdManager.java:doStart(339)) - No SessionScavenger set, using defaults
2022-04-27 10:53:13,185 [Listener at 127.0.0.1/43313] INFO  server.session (HouseKeeper.java:startScavenging(132)) - node0 Scavenging every 600000ms
2022-04-27 10:53:13,186 [Listener at 127.0.0.1/43313] INFO  handler.ContextHandler (ContextHandler.java:doStart(915)) - Started o.e.j.s.ServletContextHandler@5ff58a7{logs,/logs,file:///home/runner/work/ozone/ozone/hadoop-ozone/integration-test/target/log,AVAILABLE}
2022-04-27 10:53:13,186 [Listener at 127.0.0.1/43313] INFO  handler.ContextHandler (ContextHandler.java:doStart(915)) - Started o.e.j.s.ServletContextHandler@2dc23fc2{static,/static,jar:file:/home/runner/.m2/repository/org/apache/ozone/hdds-container-service/1.3.0-SNAPSHOT/hdds-container-service-1.3.0-SNAPSHOT.jar!/webapps/static,AVAILABLE}
2022-04-27 10:53:13,207 [EventQueue-PipelineReportForPipelineReportHandler] INFO  pipeline.PipelineReportHandler (PipelineReportHandler.java:processPipelineReport(113)) - Reported pipeline PipelineID=cf80c735-cb93-438b-a05e-dff27b2a1031 is not found
2022-04-27 10:53:13,244 [EventQueue-PipelineReportForPipelineReportHandler] INFO  pipeline.PipelineReportHandler (PipelineReportHandler.java:processPipelineReport(113)) - Reported pipeline PipelineID=cf80c735-cb93-438b-a05e-dff27b2a1031 is not found
2022-04-27 10:53:13,245 [EventQueue-PipelineReportForPipelineReportHandler] INFO  pipeline.PipelineReportHandler (PipelineReportHandler.java:processPipelineReport(113)) - Reported pipeline PipelineID=cf80c735-cb93-438b-a05e-dff27b2a1031 is not found
2022-04-27 10:53:13,408 [EventQueue-PipelineReportForPipelineReportHandler] INFO  pipeline.PipelineReportHandler (PipelineReportHandler.java:processPipelineReport(113)) - Reported pipeline PipelineID=cf80c735-cb93-438b-a05e-dff27b2a1031 is not found
2022-04-27 10:53:13,445 [FixedThreadPoolWithAffinityExecutor-9-0] WARN  container.ContainerReportHandler (AbstractContainerReportHandler.java:updateContainerState(255)) - Container #4 is in OPEN state, but the datanode 5305b34f-83d0-4be9-8032-f631ee150b78{ip: 10.1.0.29, host: fv-az270-423.tacnzluakwdehk1hpragurqkma.bx.internal.cloudapp.net, ports: [REPLICATION=45903, RATIS=34741, RATIS_ADMIN=34741, RATIS_SERVER=34741, STANDALONE=45233], networkLocation: /default-rack, certSerialId: null, persistedOpState: IN_SERVICE, persistedOpStateExpiryEpochSec: 0} reports an CLOSED replica.
2022-04-27 10:53:13,579 [grpc-default-executor-1] WARN  server.GrpcLogAppender (LogUtils.java:warn(122)) - 5e6908a8-a78b-4a66-9555-b48c04384dc8@group-EEF7E24D5DDB->fc150688-1f76-4ec0-a672-aaf91f0753c3-AppendLogResponseHandler: Failed appendEntries: org.apache.ratis.thirdparty.io.grpc.StatusRuntimeException: UNAVAILABLE: io exception
2022-04-27 10:53:13,583 [grpc-default-executor-1] WARN  server.GrpcLogAppender (GrpcLogAppender.java:resetClient(110)) - 5e6908a8-a78b-4a66-9555-b48c04384dc8@group-EEF7E24D5DDB->fc150688-1f76-4ec0-a672-aaf91f0753c3-GrpcLogAppender: Leader has not got in touch with Follower 5e6908a8-a78b-4a66-9555-b48c04384dc8@group-EEF7E24D5DDB->fc150688-1f76-4ec0-a672-aaf91f0753c3(c0,m0,n1, attendVote=true, lastRpcSendTime=0, lastRpcResponseTime=7515) yet, just keep nextIndex unchanged and retry.
2022-04-27 10:53:13,608 [EventQueue-PipelineReportForPipelineReportHandler] INFO  pipeline.PipelineReportHandler (PipelineReportHandler.java:processPipelineReport(113)) - Reported pipeline PipelineID=cf80c735-cb93-438b-a05e-dff27b2a1031 is not found
2022-04-27 10:53:13,646 [EventQueue-PipelineReportForPipelineReportHandler] INFO  pipeline.PipelineReportHandler (PipelineReportHandler.java:processPipelineReport(113)) - Reported pipeline PipelineID=cf80c735-cb93-438b-a05e-dff27b2a1031 is not found
2022-04-27 10:53:13,646 [EventQueue-PipelineReportForPipelineReportHandler] INFO  pipeline.PipelineReportHandler (PipelineReportHandler.java:processPipelineReport(113)) - Reported pipeline PipelineID=cf80c735-cb93-438b-a05e-dff27b2a1031 is not found
2022-04-27 10:53:13,656 [Listener at 127.0.0.1/43313] INFO  handler.ContextHandler (ContextHandler.java:doStart(915)) - Started o.e.j.w.WebAppContext@57c17c23{hddsDatanode,/,file:///tmp/jetty-0_0_0_0-33463-hdds-container-service-1_3_0-SNAPSHOT_jar-_-any-6312008191596317637/webapp/,AVAILABLE}{jar:file:/home/runner/.m2/repository/org/apache/ozone/hdds-container-service/1.3.0-SNAPSHOT/hdds-container-service-1.3.0-SNAPSHOT.jar!/webapps/hddsDatanode}
2022-04-27 10:53:13,660 [Listener at 127.0.0.1/43313] INFO  server.AbstractConnector (AbstractConnector.java:doStart(331)) - Started ServerConnector@24539f75{HTTP/1.1, (http/1.1)}{0.0.0.0:33463}
2022-04-27 10:53:13,660 [Listener at 127.0.0.1/43313] INFO  server.Server (Server.java:doStart(415)) - Started @92103ms
2022-04-27 10:53:13,660 [Listener at 127.0.0.1/43313] WARN  impl.MetricsSystemImpl (MetricsSystemImpl.java:register(279)) - Sink prometheus already exists!
2022-04-27 10:53:13,662 [Listener at 127.0.0.1/43313] INFO  http.BaseHttpServer (BaseHttpServer.java:updateConnectorAddress(329)) - HTTP server of hddsDatanode listening at http://0.0.0.0:33463
2022-04-27 10:53:13,673 [Listener at 127.0.0.1/43313] INFO  keyvalue.KeyValueHandler (ContainerUtils.java:logAndReturnError(88)) - Operation: CloseContainer , Trace ID:  , Message: Cannot close container #7 while in UNHEALTHY state. , Result: CONTAINER_UNHEALTHY , StorageContainerException Occurred.
org.apache.hadoop.hdds.scm.container.common.helpers.StorageContainerException: Cannot close container #7 while in UNHEALTHY state.
	at org.apache.hadoop.ozone.container.keyvalue.KeyValueHandler.closeContainer(KeyValueHandler.java:1044)
	at org.apache.hadoop.ozone.container.keyvalue.KeyValueHandler.handleCloseContainer(KeyValueHandler.java:424)
	at org.apache.hadoop.ozone.container.keyvalue.KeyValueHandler.dispatchRequest(KeyValueHandler.java:212)
	at org.apache.hadoop.ozone.container.keyvalue.KeyValueHandler.handle(KeyValueHandler.java:190)
	at org.apache.hadoop.ozone.container.common.impl.HddsDispatcher.dispatchRequest(HddsDispatcher.java:307)
	at org.apache.hadoop.ozone.container.common.impl.HddsDispatcher.lambda$dispatch$0(HddsDispatcher.java:169)
	at org.apache.hadoop.hdds.server.OzoneProtocolMessageDispatcher.processRequest(OzoneProtocolMessageDispatcher.java:87)
	at org.apache.hadoop.ozone.container.common.impl.HddsDispatcher.dispatch(HddsDispatcher.java:168)
	at org.apache.hadoop.ozone.client.rpc.TestContainerStateMachineFailures.testUnhealthyContainer(TestContainerStateMachineFailures.java:386)
	at sun.reflect.NativeMethodAccessorImpl.invoke0(Native Method)
	at sun.reflect.NativeMethodAccessorImpl.invoke(NativeMethodAccessorImpl.java:62)
	at sun.reflect.DelegatingMethodAccessorImpl.invoke(DelegatingMethodAccessorImpl.java:43)
	at java.lang.reflect.Method.invoke(Method.java:498)
	at org.junit.platform.commons.util.ReflectionUtils.invokeMethod(ReflectionUtils.java:688)
	at org.junit.jupiter.engine.execution.MethodInvocation.proceed(MethodInvocation.java:60)
	at org.junit.jupiter.engine.execution.InvocationInterceptorChain$ValidatingInvocation.proceed(InvocationInterceptorChain.java:131)
	at org.junit.jupiter.engine.extension.TimeoutExtension.intercept(TimeoutExtension.java:149)
	at org.junit.jupiter.engine.extension.TimeoutExtension.interceptTestableMethod(TimeoutExtension.java:140)
	at org.junit.jupiter.engine.extension.TimeoutExtension.interceptTestMethod(TimeoutExtension.java:84)
	at org.junit.jupiter.engine.execution.ExecutableInvoker$ReflectiveInterceptorCall.lambda$ofVoidMethod$0(ExecutableInvoker.java:115)
	at org.junit.jupiter.engine.execution.ExecutableInvoker.lambda$invoke$0(ExecutableInvoker.java:105)
	at org.junit.jupiter.engine.execution.InvocationInterceptorChain$InterceptedInvocation.proceed(InvocationInterceptorChain.java:106)
	at org.junit.jupiter.engine.execution.InvocationInterceptorChain.proceed(InvocationInterceptorChain.java:64)
	at org.junit.jupiter.engine.execution.InvocationInterceptorChain.chainAndInvoke(InvocationInterceptorChain.java:45)
	at org.junit.jupiter.engine.execution.InvocationInterceptorChain.invoke(InvocationInterceptorChain.java:37)
	at org.junit.jupiter.engine.execution.ExecutableInvoker.invoke(ExecutableInvoker.java:104)
	at org.junit.jupiter.engine.execution.ExecutableInvoker.invoke(ExecutableInvoker.java:98)
	at org.junit.jupiter.engine.descriptor.TestMethodTestDescriptor.lambda$invokeTestMethod$6(TestMethodTestDescriptor.java:210)
	at org.junit.platform.engine.support.hierarchical.ThrowableCollector.execute(ThrowableCollector.java:73)
	at org.junit.jupiter.engine.descriptor.TestMethodTestDescriptor.invokeTestMethod(TestMethodTestDescriptor.java:206)
	at org.junit.jupiter.engine.descriptor.TestMethodTestDescriptor.execute(TestMethodTestDescriptor.java:131)
	at org.junit.jupiter.engine.descriptor.TestMethodTestDescriptor.execute(TestMethodTestDescriptor.java:65)
	at org.junit.platform.engine.support.hierarchical.NodeTestTask.lambda$executeRecursively$5(NodeTestTask.java:139)
	at org.junit.platform.engine.support.hierarchical.ThrowableCollector.execute(ThrowableCollector.java:73)
	at org.junit.platform.engine.support.hierarchical.NodeTestTask.lambda$executeRecursively$7(NodeTestTask.java:129)
	at org.junit.platform.engine.support.hierarchical.Node.around(Node.java:137)
	at org.junit.platform.engine.support.hierarchical.NodeTestTask.lambda$executeRecursively$8(NodeTestTask.java:127)
	at org.junit.platform.engine.support.hierarchical.ThrowableCollector.execute(ThrowableCollector.java:73)
	at org.junit.platform.engine.support.hierarchical.NodeTestTask.executeRecursively(NodeTestTask.java:126)
	at org.junit.platform.engine.support.hierarchical.NodeTestTask.execute(NodeTestTask.java:84)
	at java.util.ArrayList.forEach(ArrayList.java:1259)
	at org.junit.platform.engine.support.hierarchical.SameThreadHierarchicalTestExecutorService.invokeAll(SameThreadHierarchicalTestExecutorService.java:38)
	at org.junit.platform.engine.support.hierarchical.NodeTestTask.lambda$executeRecursively$5(NodeTestTask.java:143)
	at org.junit.platform.engine.support.hierarchical.ThrowableCollector.execute(ThrowableCollector.java:73)
	at org.junit.platform.engine.support.hierarchical.NodeTestTask.lambda$executeRecursively$7(NodeTestTask.java:129)
	at org.junit.platform.engine.support.hierarchical.Node.around(Node.java:137)
	at org.junit.platform.engine.support.hierarchical.NodeTestTask.lambda$executeRecursively$8(NodeTestTask.java:127)
	at org.junit.platform.engine.support.hierarchical.ThrowableCollector.execute(ThrowableCollector.java:73)
	at org.junit.platform.engine.support.hierarchical.NodeTestTask.executeRecursively(NodeTestTask.java:126)
	at org.junit.platform.engine.support.hierarchical.NodeTestTask.execute(NodeTestTask.java:84)
	at java.util.ArrayList.forEach(ArrayList.java:1259)
	at org.junit.platform.engine.support.hierarchical.SameThreadHierarchicalTestExecutorService.invokeAll(SameThreadHierarchicalTestExecutorService.java:38)
	at org.junit.platform.engine.support.hierarchical.NodeTestTask.lambda$executeRecursively$5(NodeTestTask.java:143)
	at org.junit.platform.engine.support.hierarchical.ThrowableCollector.execute(ThrowableCollector.java:73)
	at org.junit.platform.engine.support.hierarchical.NodeTestTask.lambda$executeRecursively$7(NodeTestTask.java:129)
	at org.junit.platform.engine.support.hierarchical.Node.around(Node.java:137)
	at org.junit.platform.engine.support.hierarchical.NodeTestTask.lambda$executeRecursively$8(NodeTestTask.java:127)
	at org.junit.platform.engine.support.hierarchical.ThrowableCollector.execute(ThrowableCollector.java:73)
	at org.junit.platform.engine.support.hierarchical.NodeTestTask.executeRecursively(NodeTestTask.java:126)
	at org.junit.platform.engine.support.hierarchical.NodeTestTask.execute(NodeTestTask.java:84)
	at org.junit.platform.engine.support.hierarchical.SameThreadHierarchicalTestExecutorService.submit(SameThreadHierarchicalTestExecutorService.java:32)
	at org.junit.platform.engine.support.hierarchical.HierarchicalTestExecutor.execute(HierarchicalTestExecutor.java:57)
	at org.junit.platform.engine.support.hierarchical.HierarchicalTestEngine.execute(HierarchicalTestEngine.java:51)
	at org.junit.platform.launcher.core.EngineExecutionOrchestrator.execute(EngineExecutionOrchestrator.java:108)
	at org.junit.platform.launcher.core.EngineExecutionOrchestrator.execute(EngineExecutionOrchestrator.java:88)
	at org.junit.platform.launcher.core.EngineExecutionOrchestrator.lambda$execute$0(EngineExecutionOrchestrator.java:54)
	at org.junit.platform.launcher.core.EngineExecutionOrchestrator.withInterceptedStreams(EngineExecutionOrchestrator.java:67)
	at org.junit.platform.launcher.core.EngineExecutionOrchestrator.execute(EngineExecutionOrchestrator.java:52)
	at org.junit.platform.launcher.core.DefaultLauncher.execute(DefaultLauncher.java:96)
	at org.junit.platform.launcher.core.DefaultLauncher.execute(DefaultLauncher.java:75)
	at org.apache.maven.surefire.junitplatform.JUnitPlatformProvider.execute(JUnitPlatformProvider.java:188)
	at org.apache.maven.surefire.junitplatform.JUnitPlatformProvider.invokeAllTests(JUnitPlatformProvider.java:154)
	at org.apache.maven.surefire.junitplatform.JUnitPlatformProvider.invoke(JUnitPlatformProvider.java:124)
	at org.apache.maven.surefire.booter.ForkedBooter.runSuitesInProcess(ForkedBooter.java:428)
	at org.apache.maven.surefire.booter.ForkedBooter.execute(ForkedBooter.java:162)
	at org.apache.maven.surefire.booter.ForkedBooter.run(ForkedBooter.java:562)
	at org.apache.maven.surefire.booter.ForkedBooter.main(ForkedBooter.java:548)
10:53:13.674 [Listener at 127.0.0.1/43313] ERROR DNAudit - user=null | ip=null | op=CLOSE_CONTAINER {containerID=7} | ret=FAILURE
java.lang.Exception: Cannot close container #7 while in UNHEALTHY state.
	at org.apache.hadoop.ozone.container.common.impl.HddsDispatcher.dispatchRequest(HddsDispatcher.java:369) ~[hdds-container-service-1.3.0-SNAPSHOT.jar:?]
	at org.apache.hadoop.ozone.container.common.impl.HddsDispatcher.lambda$dispatch$0(HddsDispatcher.java:169) ~[hdds-container-service-1.3.0-SNAPSHOT.jar:?]
	at org.apache.hadoop.hdds.server.OzoneProtocolMessageDispatcher.processRequest(OzoneProtocolMessageDispatcher.java:87) ~[hdds-server-framework-1.3.0-SNAPSHOT.jar:?]
	at org.apache.hadoop.ozone.container.common.impl.HddsDispatcher.dispatch(HddsDispatcher.java:168) ~[hdds-container-service-1.3.0-SNAPSHOT.jar:?]
	at org.apache.hadoop.ozone.client.rpc.TestContainerStateMachineFailures.testUnhealthyContainer(TestContainerStateMachineFailures.java:386) ~[test-classes/:?]
	at sun.reflect.NativeMethodAccessorImpl.invoke0(Native Method) ~[?:1.8.0_322]
	at sun.reflect.NativeMethodAccessorImpl.invoke(NativeMethodAccessorImpl.java:62) ~[?:1.8.0_322]
	at sun.reflect.DelegatingMethodAccessorImpl.invoke(DelegatingMethodAccessorImpl.java:43) ~[?:1.8.0_322]
	at java.lang.reflect.Method.invoke(Method.java:498) ~[?:1.8.0_322]
	at org.junit.platform.commons.util.ReflectionUtils.invokeMethod(ReflectionUtils.java:688) ~[junit-platform-commons-1.7.0.jar:1.7.0]
	at org.junit.jupiter.engine.execution.MethodInvocation.proceed(MethodInvocation.java:60) ~[junit-jupiter-engine-5.7.0.jar:5.7.0]
	at org.junit.jupiter.engine.execution.InvocationInterceptorChain$ValidatingInvocation.proceed(InvocationInterceptorChain.java:131) ~[junit-jupiter-engine-5.7.0.jar:5.7.0]
	at org.junit.jupiter.engine.extension.TimeoutExtension.intercept(TimeoutExtension.java:149) ~[junit-jupiter-engine-5.7.0.jar:5.7.0]
	at org.junit.jupiter.engine.extension.TimeoutExtension.interceptTestableMethod(TimeoutExtension.java:140) ~[junit-jupiter-engine-5.7.0.jar:5.7.0]
	at org.junit.jupiter.engine.extension.TimeoutExtension.interceptTestMethod(TimeoutExtension.java:84) ~[junit-jupiter-engine-5.7.0.jar:5.7.0]
	at org.junit.jupiter.engine.execution.ExecutableInvoker$ReflectiveInterceptorCall.lambda$ofVoidMethod$0(ExecutableInvoker.java:115) ~[junit-jupiter-engine-5.7.0.jar:5.7.0]
	at org.junit.jupiter.engine.execution.ExecutableInvoker.lambda$invoke$0(ExecutableInvoker.java:105) ~[junit-jupiter-engine-5.7.0.jar:5.7.0]
	at org.junit.jupiter.engine.execution.InvocationInterceptorChain$InterceptedInvocation.proceed(InvocationInterceptorChain.java:106) ~[junit-jupiter-engine-5.7.0.jar:5.7.0]
	at org.junit.jupiter.engine.execution.InvocationInterceptorChain.proceed(InvocationInterceptorChain.java:64) ~[junit-jupiter-engine-5.7.0.jar:5.7.0]
	at org.junit.jupiter.engine.execution.InvocationInterceptorChain.chainAndInvoke(InvocationInterceptorChain.java:45) ~[junit-jupiter-engine-5.7.0.jar:5.7.0]
	at org.junit.jupiter.engine.execution.InvocationInterceptorChain.invoke(InvocationInterceptorChain.java:37) ~[junit-jupiter-engine-5.7.0.jar:5.7.0]
	at org.junit.jupiter.engine.execution.ExecutableInvoker.invoke(ExecutableInvoker.java:104) ~[junit-jupiter-engine-5.7.0.jar:5.7.0]
	at org.junit.jupiter.engine.execution.ExecutableInvoker.invoke(ExecutableInvoker.java:98) ~[junit-jupiter-engine-5.7.0.jar:5.7.0]
	at org.junit.jupiter.engine.descriptor.TestMethodTestDescriptor.lambda$invokeTestMethod$6(TestMethodTestDescriptor.java:210) ~[junit-jupiter-engine-5.7.0.jar:5.7.0]
	at org.junit.platform.engine.support.hierarchical.ThrowableCollector.execute(ThrowableCollector.java:73) ~[junit-platform-engine-1.7.0.jar:1.7.0]
	at org.junit.jupiter.engine.descriptor.TestMethodTestDescriptor.invokeTestMethod(TestMethodTestDescriptor.java:206) ~[junit-jupiter-engine-5.7.0.jar:5.7.0]
	at org.junit.jupiter.engine.descriptor.TestMethodTestDescriptor.execute(TestMethodTestDescriptor.java:131) ~[junit-jupiter-engine-5.7.0.jar:5.7.0]
	at org.junit.jupiter.engine.descriptor.TestMethodTestDescriptor.execute(TestMethodTestDescriptor.java:65) ~[junit-jupiter-engine-5.7.0.jar:5.7.0]
	at org.junit.platform.engine.support.hierarchical.NodeTestTask.lambda$executeRecursively$5(NodeTestTask.java:139) ~[junit-platform-engine-1.7.0.jar:1.7.0]
	at org.junit.platform.engine.support.hierarchical.ThrowableCollector.execute(ThrowableCollector.java:73) ~[junit-platform-engine-1.7.0.jar:1.7.0]
	at org.junit.platform.engine.support.hierarchical.NodeTestTask.lambda$executeRecursively$7(NodeTestTask.java:129) ~[junit-platform-engine-1.7.0.jar:1.7.0]
	at org.junit.platform.engine.support.hierarchical.Node.around(Node.java:137) ~[junit-platform-engine-1.7.0.jar:1.7.0]
	at org.junit.platform.engine.support.hierarchical.NodeTestTask.lambda$executeRecursively$8(NodeTestTask.java:127) ~[junit-platform-engine-1.7.0.jar:1.7.0]
	at org.junit.platform.engine.support.hierarchical.ThrowableCollector.execute(ThrowableCollector.java:73) ~[junit-platform-engine-1.7.0.jar:1.7.0]
	at org.junit.platform.engine.support.hierarchical.NodeTestTask.executeRecursively(NodeTestTask.java:126) ~[junit-platform-engine-1.7.0.jar:1.7.0]
	at org.junit.platform.engine.support.hierarchical.NodeTestTask.execute(NodeTestTask.java:84) ~[junit-platform-engine-1.7.0.jar:1.7.0]
	at java.util.ArrayList.forEach(ArrayList.java:1259) ~[?:1.8.0_322]
	at org.junit.platform.engine.support.hierarchical.SameThreadHierarchicalTestExecutorService.invokeAll(SameThreadHierarchicalTestExecutorService.java:38) ~[junit-platform-engine-1.7.0.jar:1.7.0]
	at org.junit.platform.engine.support.hierarchical.NodeTestTask.lambda$executeRecursively$5(NodeTestTask.java:143) ~[junit-platform-engine-1.7.0.jar:1.7.0]
	at org.junit.platform.engine.support.hierarchical.ThrowableCollector.execute(ThrowableCollector.java:73) ~[junit-platform-engine-1.7.0.jar:1.7.0]
	at org.junit.platform.engine.support.hierarchical.NodeTestTask.lambda$executeRecursively$7(NodeTestTask.java:129) ~[junit-platform-engine-1.7.0.jar:1.7.0]
	at org.junit.platform.engine.support.hierarchical.Node.around(Node.java:137) ~[junit-platform-engine-1.7.0.jar:1.7.0]
	at org.junit.platform.engine.support.hierarchical.NodeTestTask.lambda$executeRecursively$8(NodeTestTask.java:127) ~[junit-platform-engine-1.7.0.jar:1.7.0]
	at org.junit.platform.engine.support.hierarchical.ThrowableCollector.execute(ThrowableCollector.java:73) ~[junit-platform-engine-1.7.0.jar:1.7.0]
	at org.junit.platform.engine.support.hierarchical.NodeTestTask.executeRecursively(NodeTestTask.java:126) ~[junit-platform-engine-1.7.0.jar:1.7.0]
	at org.junit.platform.engine.support.hierarchical.NodeTestTask.execute(NodeTestTask.java:84) ~[junit-platform-engine-1.7.0.jar:1.7.0]
	at java.util.ArrayList.forEach(ArrayList.java:1259) ~[?:1.8.0_322]
	at org.junit.platform.engine.support.hierarchical.SameThreadHierarchicalTestExecutorService.invokeAll(SameThreadHierarchicalTestExecutorService.java:38) ~[junit-platform-engine-1.7.0.jar:1.7.0]
	at org.junit.platform.engine.support.hierarchical.NodeTestTask.lambda$executeRecursively$5(NodeTestTask.java:143) ~[junit-platform-engine-1.7.0.jar:1.7.0]
	at org.junit.platform.engine.support.hierarchical.ThrowableCollector.execute(ThrowableCollector.java:73) ~[junit-platform-engine-1.7.0.jar:1.7.0]
	at org.junit.platform.engine.support.hierarchical.NodeTestTask.lambda$executeRecursively$7(NodeTestTask.java:129) ~[junit-platform-engine-1.7.0.jar:1.7.0]
	at org.junit.platform.engine.support.hierarchical.Node.around(Node.java:137) ~[junit-platform-engine-1.7.0.jar:1.7.0]
	at org.junit.platform.engine.support.hierarchical.NodeTestTask.lambda$executeRecursively$8(NodeTestTask.java:127) ~[junit-platform-engine-1.7.0.jar:1.7.0]
	at org.junit.platform.engine.support.hierarchical.ThrowableCollector.execute(ThrowableCollector.java:73) ~[junit-platform-engine-1.7.0.jar:1.7.0]
	at org.junit.platform.engine.support.hierarchical.NodeTestTask.executeRecursively(NodeTestTask.java:126) ~[junit-platform-engine-1.7.0.jar:1.7.0]
	at org.junit.platform.engine.support.hierarchical.NodeTestTask.execute(NodeTestTask.java:84) ~[junit-platform-engine-1.7.0.jar:1.7.0]
	at org.junit.platform.engine.support.hierarchical.SameThreadHierarchicalTestExecutorService.submit(SameThreadHierarchicalTestExecutorService.java:32) ~[junit-platform-engine-1.7.0.jar:1.7.0]
	at org.junit.platform.engine.support.hierarchical.HierarchicalTestExecutor.execute(HierarchicalTestExecutor.java:57) ~[junit-platform-engine-1.7.0.jar:1.7.0]
	at org.junit.platform.engine.support.hierarchical.HierarchicalTestEngine.execute(HierarchicalTestEngine.java:51) ~[junit-platform-engine-1.7.0.jar:1.7.0]
	at org.junit.platform.launcher.core.EngineExecutionOrchestrator.execute(EngineExecutionOrchestrator.java:108) ~[junit-platform-launcher-1.7.0.jar:1.7.0]
	at org.junit.platform.launcher.core.EngineExecutionOrchestrator.execute(EngineExecutionOrchestrator.java:88) ~[junit-platform-launcher-1.7.0.jar:1.7.0]
	at org.junit.platform.launcher.core.EngineExecutionOrchestrator.lambda$execute$0(EngineExecutionOrchestrator.java:54) ~[junit-platform-launcher-1.7.0.jar:1.7.0]
	at org.junit.platform.launcher.core.EngineExecutionOrchestrator.withInterceptedStreams(EngineExecutionOrchestrator.java:67) [junit-platform-launcher-1.7.0.jar:1.7.0]
	at org.junit.platform.launcher.core.EngineExecutionOrchestrator.execute(EngineExecutionOrchestrator.java:52) [junit-platform-launcher-1.7.0.jar:1.7.0]
	at org.junit.platform.launcher.core.DefaultLauncher.execute(DefaultLauncher.java:96) [junit-platform-launcher-1.7.0.jar:1.7.0]
	at org.junit.platform.launcher.core.DefaultLauncher.execute(DefaultLauncher.java:75) [junit-platform-launcher-1.7.0.jar:1.7.0]
	at org.apache.maven.surefire.junitplatform.JUnitPlatformProvider.execute(JUnitPlatformProvider.java:188) [surefire-junit-platform-3.0.0-M5.jar:3.0.0-M5]
	at org.apache.maven.surefire.junitplatform.JUnitPlatformProvider.invokeAllTests(JUnitPlatformProvider.java:154) [surefire-junit-platform-3.0.0-M5.jar:3.0.0-M5]
	at org.apache.maven.surefire.junitplatform.JUnitPlatformProvider.invoke(JUnitPlatformProvider.java:124) [surefire-junit-platform-3.0.0-M5.jar:3.0.0-M5]
	at org.apache.maven.surefire.booter.ForkedBooter.runSuitesInProcess(ForkedBooter.java:428) [surefire-booter-3.0.0-M5.jar:3.0.0-M5]
	at org.apache.maven.surefire.booter.ForkedBooter.execute(ForkedBooter.java:162) [surefire-booter-3.0.0-M5.jar:3.0.0-M5]
	at org.apache.maven.surefire.booter.ForkedBooter.run(ForkedBooter.java:562) [surefire-booter-3.0.0-M5.jar:3.0.0-M5]
	at org.apache.maven.surefire.booter.ForkedBooter.main(ForkedBooter.java:548) [surefire-booter-3.0.0-M5.jar:3.0.0-M5]
]]></system-out>
    <system-err><![CDATA[Apr 27, 2022 10:52:55 AM org.apache.ratis.thirdparty.io.grpc.internal.ManagedChannelOrphanWrapper$ManagedChannelReference cleanQueue
SEVERE: *~*~*~ Channel ManagedChannelImpl{logId=281, target=10.1.0.29:44875} was not shutdown properly!!! ~*~*~*
    Make sure to call shutdown()/shutdownNow() and wait until awaitTermination() returns true.
java.lang.RuntimeException: ManagedChannel allocation site
	at org.apache.ratis.thirdparty.io.grpc.internal.ManagedChannelOrphanWrapper$ManagedChannelReference.<init>(ManagedChannelOrphanWrapper.java:93)
	at org.apache.ratis.thirdparty.io.grpc.internal.ManagedChannelOrphanWrapper.<init>(ManagedChannelOrphanWrapper.java:53)
	at org.apache.ratis.thirdparty.io.grpc.internal.ManagedChannelOrphanWrapper.<init>(ManagedChannelOrphanWrapper.java:44)
	at org.apache.ratis.thirdparty.io.grpc.internal.ManagedChannelImplBuilder.build(ManagedChannelImplBuilder.java:596)
	at org.apache.ratis.thirdparty.io.grpc.ForwardingChannelBuilder.build(ForwardingChannelBuilder.java:255)
	at org.apache.hadoop.hdds.scm.XceiverClientGrpc.connectToDatanode(XceiverClientGrpc.java:195)
	at org.apache.hadoop.hdds.scm.XceiverClientGrpc.reconnect(XceiverClientGrpc.java:574)
	at org.apache.hadoop.hdds.scm.XceiverClientGrpc.checkOpen(XceiverClientGrpc.java:565)
	at org.apache.hadoop.hdds.scm.XceiverClientGrpc.sendCommandAsync(XceiverClientGrpc.java:492)
	at org.apache.hadoop.hdds.scm.XceiverClientGrpc.sendCommandWithRetry(XceiverClientGrpc.java:380)
	at org.apache.hadoop.hdds.scm.XceiverClientGrpc.lambda$sendCommandWithTraceIDAndRetry$0(XceiverClientGrpc.java:319)
	at org.apache.hadoop.hdds.tracing.TracingUtil.executeInSpan(TracingUtil.java:174)
	at org.apache.hadoop.hdds.tracing.TracingUtil.executeInNewSpan(TracingUtil.java:148)
	at org.apache.hadoop.hdds.scm.XceiverClientGrpc.sendCommandWithTraceIDAndRetry(XceiverClientGrpc.java:313)
	at org.apache.hadoop.hdds.scm.XceiverClientGrpc.sendCommand(XceiverClientGrpc.java:294)
	at org.apache.hadoop.hdds.scm.storage.ContainerProtocolCalls.getBlock(ContainerProtocolCalls.java:105)
	at org.apache.hadoop.hdds.scm.storage.BlockInputStream.getChunkInfos(BlockInputStream.java:235)
	at org.apache.hadoop.hdds.scm.storage.BlockInputStream.initialize(BlockInputStream.java:146)
	at org.apache.hadoop.hdds.scm.storage.BlockInputStream.readWithStrategy(BlockInputStream.java:276)
	at org.apache.hadoop.hdds.scm.storage.ExtendedInputStream.read(ExtendedInputStream.java:54)
	at org.apache.hadoop.hdds.scm.storage.ByteArrayReader.readFromBlock(ByteArrayReader.java:57)
	at org.apache.hadoop.ozone.client.io.KeyInputStream.readWithStrategy(KeyInputStream.java:273)
	at org.apache.hadoop.ozone.client.io.KeyInputStream.read(KeyInputStream.java:240)
	at org.apache.hadoop.ozone.client.io.OzoneInputStream.read(OzoneInputStream.java:56)
	at org.apache.hadoop.ozone.client.rpc.TestContainerStateMachineFailures.validateData(TestContainerStateMachineFailures.java:800)
	at org.apache.hadoop.ozone.client.rpc.TestContainerStateMachineFailures.testContainerStateMachineSingleFailureRetry(TestContainerStateMachineFailures.java:709)
	at sun.reflect.NativeMethodAccessorImpl.invoke0(Native Method)
	at sun.reflect.NativeMethodAccessorImpl.invoke(NativeMethodAccessorImpl.java:62)
	at sun.reflect.DelegatingMethodAccessorImpl.invoke(DelegatingMethodAccessorImpl.java:43)
	at java.lang.reflect.Method.invoke(Method.java:498)
	at org.junit.platform.commons.util.ReflectionUtils.invokeMethod(ReflectionUtils.java:688)
	at org.junit.jupiter.engine.execution.MethodInvocation.proceed(MethodInvocation.java:60)
	at org.junit.jupiter.engine.execution.InvocationInterceptorChain$ValidatingInvocation.proceed(InvocationInterceptorChain.java:131)
	at org.junit.jupiter.engine.extension.TimeoutExtension.intercept(TimeoutExtension.java:149)
	at org.junit.jupiter.engine.extension.TimeoutExtension.interceptTestableMethod(TimeoutExtension.java:140)
	at org.junit.jupiter.engine.extension.TimeoutExtension.interceptTestMethod(TimeoutExtension.java:84)
	at org.junit.jupiter.engine.execution.ExecutableInvoker$ReflectiveInterceptorCall.lambda$ofVoidMethod$0(ExecutableInvoker.java:115)
	at org.junit.jupiter.engine.execution.ExecutableInvoker.lambda$invoke$0(ExecutableInvoker.java:105)
	at org.junit.jupiter.engine.execution.InvocationInterceptorChain$InterceptedInvocation.proceed(InvocationInterceptorChain.java:106)
	at org.junit.jupiter.engine.execution.InvocationInterceptorChain.proceed(InvocationInterceptorChain.java:64)
	at org.junit.jupiter.engine.execution.InvocationInterceptorChain.chainAndInvoke(InvocationInterceptorChain.java:45)
	at org.junit.jupiter.engine.execution.InvocationInterceptorChain.invoke(InvocationInterceptorChain.java:37)
	at org.junit.jupiter.engine.execution.ExecutableInvoker.invoke(ExecutableInvoker.java:104)
	at org.junit.jupiter.engine.execution.ExecutableInvoker.invoke(ExecutableInvoker.java:98)
	at org.junit.jupiter.engine.descriptor.TestMethodTestDescriptor.lambda$invokeTestMethod$6(TestMethodTestDescriptor.java:210)
	at org.junit.platform.engine.support.hierarchical.ThrowableCollector.execute(ThrowableCollector.java:73)
	at org.junit.jupiter.engine.descriptor.TestMethodTestDescriptor.invokeTestMethod(TestMethodTestDescriptor.java:206)
	at org.junit.jupiter.engine.descriptor.TestMethodTestDescriptor.execute(TestMethodTestDescriptor.java:131)
	at org.junit.jupiter.engine.descriptor.TestMethodTestDescriptor.execute(TestMethodTestDescriptor.java:65)
	at org.junit.platform.engine.support.hierarchical.NodeTestTask.lambda$executeRecursively$5(NodeTestTask.java:139)
	at org.junit.platform.engine.support.hierarchical.ThrowableCollector.execute(ThrowableCollector.java:73)
	at org.junit.platform.engine.support.hierarchical.NodeTestTask.lambda$executeRecursively$7(NodeTestTask.java:129)
	at org.junit.platform.engine.support.hierarchical.Node.around(Node.java:137)
	at org.junit.platform.engine.support.hierarchical.NodeTestTask.lambda$executeRecursively$8(NodeTestTask.java:127)
	at org.junit.platform.engine.support.hierarchical.ThrowableCollector.execute(ThrowableCollector.java:73)
	at org.junit.platform.engine.support.hierarchical.NodeTestTask.executeRecursively(NodeTestTask.java:126)
	at org.junit.platform.engine.support.hierarchical.NodeTestTask.execute(NodeTestTask.java:84)
	at java.util.ArrayList.forEach(ArrayList.java:1259)
	at org.junit.platform.engine.support.hierarchical.SameThreadHierarchicalTestExecutorService.invokeAll(SameThreadHierarchicalTestExecutorService.java:38)
	at org.junit.platform.engine.support.hierarchical.NodeTestTask.lambda$executeRecursively$5(NodeTestTask.java:143)
	at org.junit.platform.engine.support.hierarchical.ThrowableCollector.execute(ThrowableCollector.java:73)
	at org.junit.platform.engine.support.hierarchical.NodeTestTask.lambda$executeRecursively$7(NodeTestTask.java:129)
	at org.junit.platform.engine.support.hierarchical.Node.around(Node.java:137)
	at org.junit.platform.engine.support.hierarchical.NodeTestTask.lambda$executeRecursively$8(NodeTestTask.java:127)
	at org.junit.platform.engine.support.hierarchical.ThrowableCollector.execute(ThrowableCollector.java:73)
	at org.junit.platform.engine.support.hierarchical.NodeTestTask.executeRecursively(NodeTestTask.java:126)
	at org.junit.platform.engine.support.hierarchical.NodeTestTask.execute(NodeTestTask.java:84)
	at java.util.ArrayList.forEach(ArrayList.java:1259)
	at org.junit.platform.engine.support.hierarchical.SameThreadHierarchicalTestExecutorService.invokeAll(SameThreadHierarchicalTestExecutorService.java:38)
	at org.junit.platform.engine.support.hierarchical.NodeTestTask.lambda$executeRecursively$5(NodeTestTask.java:143)
	at org.junit.platform.engine.support.hierarchical.ThrowableCollector.execute(ThrowableCollector.java:73)
	at org.junit.platform.engine.support.hierarchical.NodeTestTask.lambda$executeRecursively$7(NodeTestTask.java:129)
	at org.junit.platform.engine.support.hierarchical.Node.around(Node.java:137)
	at org.junit.platform.engine.support.hierarchical.NodeTestTask.lambda$executeRecursively$8(NodeTestTask.java:127)
	at org.junit.platform.engine.support.hierarchical.ThrowableCollector.execute(ThrowableCollector.java:73)
	at org.junit.platform.engine.support.hierarchical.NodeTestTask.executeRecursively(NodeTestTask.java:126)
	at org.junit.platform.engine.support.hierarchical.NodeTestTask.execute(NodeTestTask.java:84)
	at org.junit.platform.engine.support.hierarchical.SameThreadHierarchicalTestExecutorService.submit(SameThreadHierarchicalTestExecutorService.java:32)
	at org.junit.platform.engine.support.hierarchical.HierarchicalTestExecutor.execute(HierarchicalTestExecutor.java:57)
	at org.junit.platform.engine.support.hierarchical.HierarchicalTestEngine.execute(HierarchicalTestEngine.java:51)
	at org.junit.platform.launcher.core.EngineExecutionOrchestrator.execute(EngineExecutionOrchestrator.java:108)
	at org.junit.platform.launcher.core.EngineExecutionOrchestrator.execute(EngineExecutionOrchestrator.java:88)
	at org.junit.platform.launcher.core.EngineExecutionOrchestrator.lambda$execute$0(EngineExecutionOrchestrator.java:54)
	at org.junit.platform.launcher.core.EngineExecutionOrchestrator.withInterceptedStreams(EngineExecutionOrchestrator.java:67)
	at org.junit.platform.launcher.core.EngineExecutionOrchestrator.execute(EngineExecutionOrchestrator.java:52)
	at org.junit.platform.launcher.core.DefaultLauncher.execute(DefaultLauncher.java:96)
	at org.junit.platform.launcher.core.DefaultLauncher.execute(DefaultLauncher.java:75)
	at org.apache.maven.surefire.junitplatform.JUnitPlatformProvider.execute(JUnitPlatformProvider.java:188)
	at org.apache.maven.surefire.junitplatform.JUnitPlatformProvider.invokeAllTests(JUnitPlatformProvider.java:154)
	at org.apache.maven.surefire.junitplatform.JUnitPlatformProvider.invoke(JUnitPlatformProvider.java:124)
	at org.apache.maven.surefire.booter.ForkedBooter.runSuitesInProcess(ForkedBooter.java:428)
	at org.apache.maven.surefire.booter.ForkedBooter.execute(ForkedBooter.java:162)
	at org.apache.maven.surefire.booter.ForkedBooter.run(ForkedBooter.java:562)
	at org.apache.maven.surefire.booter.ForkedBooter.main(ForkedBooter.java:548)

Apr 27, 2022 10:52:55 AM org.apache.ratis.thirdparty.io.grpc.internal.ManagedChannelOrphanWrapper$ManagedChannelReference cleanQueue
SEVERE: *~*~*~ Channel ManagedChannelImpl{logId=279, target=10.1.0.29:39275} was not shutdown properly!!! ~*~*~*
    Make sure to call shutdown()/shutdownNow() and wait until awaitTermination() returns true.
java.lang.RuntimeException: ManagedChannel allocation site
	at org.apache.ratis.thirdparty.io.grpc.internal.ManagedChannelOrphanWrapper$ManagedChannelReference.<init>(ManagedChannelOrphanWrapper.java:93)
	at org.apache.ratis.thirdparty.io.grpc.internal.ManagedChannelOrphanWrapper.<init>(ManagedChannelOrphanWrapper.java:53)
	at org.apache.ratis.thirdparty.io.grpc.internal.ManagedChannelOrphanWrapper.<init>(ManagedChannelOrphanWrapper.java:44)
	at org.apache.ratis.thirdparty.io.grpc.internal.ManagedChannelImplBuilder.build(ManagedChannelImplBuilder.java:596)
	at org.apache.ratis.thirdparty.io.grpc.ForwardingChannelBuilder.build(ForwardingChannelBuilder.java:255)
	at org.apache.hadoop.hdds.scm.XceiverClientGrpc.connectToDatanode(XceiverClientGrpc.java:195)
	at org.apache.hadoop.hdds.scm.XceiverClientGrpc.connect(XceiverClientGrpc.java:144)
	at org.apache.hadoop.hdds.scm.XceiverClientManager$2.call(XceiverClientManager.java:241)
	at org.apache.hadoop.hdds.scm.XceiverClientManager$2.call(XceiverClientManager.java:222)
	at com.google.common.cache.LocalCache$LocalManualCache$1.load(LocalCache.java:4864)
	at com.google.common.cache.LocalCache$LoadingValueReference.loadFuture(LocalCache.java:3529)
	at com.google.common.cache.LocalCache$Segment.loadSync(LocalCache.java:2278)
	at com.google.common.cache.LocalCache$Segment.lockedGetOrLoad(LocalCache.java:2155)
	at com.google.common.cache.LocalCache$Segment.get(LocalCache.java:2045)
	at com.google.common.cache.LocalCache.get(LocalCache.java:3962)
	at com.google.common.cache.LocalCache$LocalManualCache.get(LocalCache.java:4859)
	at org.apache.hadoop.hdds.scm.XceiverClientManager.getClient(XceiverClientManager.java:222)
	at org.apache.hadoop.hdds.scm.XceiverClientManager.acquireClient(XceiverClientManager.java:166)
	at org.apache.hadoop.hdds.scm.XceiverClientManager.acquireClientForReadData(XceiverClientManager.java:155)
	at org.apache.hadoop.hdds.scm.storage.BlockInputStream.acquireClient(BlockInputStream.java:249)
	at org.apache.hadoop.hdds.scm.storage.BlockInputStream.getChunkInfos(BlockInputStream.java:223)
	at org.apache.hadoop.hdds.scm.storage.BlockInputStream.initialize(BlockInputStream.java:146)
	at org.apache.hadoop.hdds.scm.storage.BlockInputStream.readWithStrategy(BlockInputStream.java:276)
	at org.apache.hadoop.hdds.scm.storage.ExtendedInputStream.read(ExtendedInputStream.java:54)
	at org.apache.hadoop.hdds.scm.storage.ByteArrayReader.readFromBlock(ByteArrayReader.java:57)
	at org.apache.hadoop.ozone.client.io.KeyInputStream.readWithStrategy(KeyInputStream.java:273)
	at org.apache.hadoop.ozone.client.io.KeyInputStream.read(KeyInputStream.java:240)
	at org.apache.hadoop.ozone.client.io.OzoneInputStream.read(OzoneInputStream.java:56)
	at org.apache.hadoop.ozone.client.rpc.TestContainerStateMachineFailures.validateData(TestContainerStateMachineFailures.java:800)
	at org.apache.hadoop.ozone.client.rpc.TestContainerStateMachineFailures.testContainerStateMachineSingleFailureRetry(TestContainerStateMachineFailures.java:709)
	at sun.reflect.NativeMethodAccessorImpl.invoke0(Native Method)
	at sun.reflect.NativeMethodAccessorImpl.invoke(NativeMethodAccessorImpl.java:62)
	at sun.reflect.DelegatingMethodAccessorImpl.invoke(DelegatingMethodAccessorImpl.java:43)
	at java.lang.reflect.Method.invoke(Method.java:498)
	at org.junit.platform.commons.util.ReflectionUtils.invokeMethod(ReflectionUtils.java:688)
	at org.junit.jupiter.engine.execution.MethodInvocation.proceed(MethodInvocation.java:60)
	at org.junit.jupiter.engine.execution.InvocationInterceptorChain$ValidatingInvocation.proceed(InvocationInterceptorChain.java:131)
	at org.junit.jupiter.engine.extension.TimeoutExtension.intercept(TimeoutExtension.java:149)
	at org.junit.jupiter.engine.extension.TimeoutExtension.interceptTestableMethod(TimeoutExtension.java:140)
	at org.junit.jupiter.engine.extension.TimeoutExtension.interceptTestMethod(TimeoutExtension.java:84)
	at org.junit.jupiter.engine.execution.ExecutableInvoker$ReflectiveInterceptorCall.lambda$ofVoidMethod$0(ExecutableInvoker.java:115)
	at org.junit.jupiter.engine.execution.ExecutableInvoker.lambda$invoke$0(ExecutableInvoker.java:105)
	at org.junit.jupiter.engine.execution.InvocationInterceptorChain$InterceptedInvocation.proceed(InvocationInterceptorChain.java:106)
	at org.junit.jupiter.engine.execution.InvocationInterceptorChain.proceed(InvocationInterceptorChain.java:64)
	at org.junit.jupiter.engine.execution.InvocationInterceptorChain.chainAndInvoke(InvocationInterceptorChain.java:45)
	at org.junit.jupiter.engine.execution.InvocationInterceptorChain.invoke(InvocationInterceptorChain.java:37)
	at org.junit.jupiter.engine.execution.ExecutableInvoker.invoke(ExecutableInvoker.java:104)
	at org.junit.jupiter.engine.execution.ExecutableInvoker.invoke(ExecutableInvoker.java:98)
	at org.junit.jupiter.engine.descriptor.TestMethodTestDescriptor.lambda$invokeTestMethod$6(TestMethodTestDescriptor.java:210)
	at org.junit.platform.engine.support.hierarchical.ThrowableCollector.execute(ThrowableCollector.java:73)
	at org.junit.jupiter.engine.descriptor.TestMethodTestDescriptor.invokeTestMethod(TestMethodTestDescriptor.java:206)
	at org.junit.jupiter.engine.descriptor.TestMethodTestDescriptor.execute(TestMethodTestDescriptor.java:131)
	at org.junit.jupiter.engine.descriptor.TestMethodTestDescriptor.execute(TestMethodTestDescriptor.java:65)
	at org.junit.platform.engine.support.hierarchical.NodeTestTask.lambda$executeRecursively$5(NodeTestTask.java:139)
	at org.junit.platform.engine.support.hierarchical.ThrowableCollector.execute(ThrowableCollector.java:73)
	at org.junit.platform.engine.support.hierarchical.NodeTestTask.lambda$executeRecursively$7(NodeTestTask.java:129)
	at org.junit.platform.engine.support.hierarchical.Node.around(Node.java:137)
	at org.junit.platform.engine.support.hierarchical.NodeTestTask.lambda$executeRecursively$8(NodeTestTask.java:127)
	at org.junit.platform.engine.support.hierarchical.ThrowableCollector.execute(ThrowableCollector.java:73)
	at org.junit.platform.engine.support.hierarchical.NodeTestTask.executeRecursively(NodeTestTask.java:126)
	at org.junit.platform.engine.support.hierarchical.NodeTestTask.execute(NodeTestTask.java:84)
	at java.util.ArrayList.forEach(ArrayList.java:1259)
	at org.junit.platform.engine.support.hierarchical.SameThreadHierarchicalTestExecutorService.invokeAll(SameThreadHierarchicalTestExecutorService.java:38)
	at org.junit.platform.engine.support.hierarchical.NodeTestTask.lambda$executeRecursively$5(NodeTestTask.java:143)
	at org.junit.platform.engine.support.hierarchical.ThrowableCollector.execute(ThrowableCollector.java:73)
	at org.junit.platform.engine.support.hierarchical.NodeTestTask.lambda$executeRecursively$7(NodeTestTask.java:129)
	at org.junit.platform.engine.support.hierarchical.Node.around(Node.java:137)
	at org.junit.platform.engine.support.hierarchical.NodeTestTask.lambda$executeRecursively$8(NodeTestTask.java:127)
	at org.junit.platform.engine.support.hierarchical.ThrowableCollector.execute(ThrowableCollector.java:73)
	at org.junit.platform.engine.support.hierarchical.NodeTestTask.executeRecursively(NodeTestTask.java:126)
	at org.junit.platform.engine.support.hierarchical.NodeTestTask.execute(NodeTestTask.java:84)
	at java.util.ArrayList.forEach(ArrayList.java:1259)
	at org.junit.platform.engine.support.hierarchical.SameThreadHierarchicalTestExecutorService.invokeAll(SameThreadHierarchicalTestExecutorService.java:38)
	at org.junit.platform.engine.support.hierarchical.NodeTestTask.lambda$executeRecursively$5(NodeTestTask.java:143)
	at org.junit.platform.engine.support.hierarchical.ThrowableCollector.execute(ThrowableCollector.java:73)
	at org.junit.platform.engine.support.hierarchical.NodeTestTask.lambda$executeRecursively$7(NodeTestTask.java:129)
	at org.junit.platform.engine.support.hierarchical.Node.around(Node.java:137)
	at org.junit.platform.engine.support.hierarchical.NodeTestTask.lambda$executeRecursively$8(NodeTestTask.java:127)
	at org.junit.platform.engine.support.hierarchical.ThrowableCollector.execute(ThrowableCollector.java:73)
	at org.junit.platform.engine.support.hierarchical.NodeTestTask.executeRecursively(NodeTestTask.java:126)
	at org.junit.platform.engine.support.hierarchical.NodeTestTask.execute(NodeTestTask.java:84)
	at org.junit.platform.engine.support.hierarchical.SameThreadHierarchicalTestExecutorService.submit(SameThreadHierarchicalTestExecutorService.java:32)
	at org.junit.platform.engine.support.hierarchical.HierarchicalTestExecutor.execute(HierarchicalTestExecutor.java:57)
	at org.junit.platform.engine.support.hierarchical.HierarchicalTestEngine.execute(HierarchicalTestEngine.java:51)
	at org.junit.platform.launcher.core.EngineExecutionOrchestrator.execute(EngineExecutionOrchestrator.java:108)
	at org.junit.platform.launcher.core.EngineExecutionOrchestrator.execute(EngineExecutionOrchestrator.java:88)
	at org.junit.platform.launcher.core.EngineExecutionOrchestrator.lambda$execute$0(EngineExecutionOrchestrator.java:54)
	at org.junit.platform.launcher.core.EngineExecutionOrchestrator.withInterceptedStreams(EngineExecutionOrchestrator.java:67)
	at org.junit.platform.launcher.core.EngineExecutionOrchestrator.execute(EngineExecutionOrchestrator.java:52)
	at org.junit.platform.launcher.core.DefaultLauncher.execute(DefaultLauncher.java:96)
	at org.junit.platform.launcher.core.DefaultLauncher.execute(DefaultLauncher.java:75)
	at org.apache.maven.surefire.junitplatform.JUnitPlatformProvider.execute(JUnitPlatformProvider.java:188)
	at org.apache.maven.surefire.junitplatform.JUnitPlatformProvider.invokeAllTests(JUnitPlatformProvider.java:154)
	at org.apache.maven.surefire.junitplatform.JUnitPlatformProvider.invoke(JUnitPlatformProvider.java:124)
	at org.apache.maven.surefire.booter.ForkedBooter.runSuitesInProcess(ForkedBooter.java:428)
	at org.apache.maven.surefire.booter.ForkedBooter.execute(ForkedBooter.java:162)
	at org.apache.maven.surefire.booter.ForkedBooter.run(ForkedBooter.java:562)
	at org.apache.maven.surefire.booter.ForkedBooter.main(ForkedBooter.java:548)

]]></system-err>
  </testcase>
  <testcase name="testContainerStateMachineDualFailureRetry" classname="org.apache.hadoop.ozone.client.rpc.TestContainerStateMachineFailures" time="27.325">
    <failure type="java.lang.AssertionError"><![CDATA[java.lang.AssertionError: Exception INTERNAL_ERROR org.apache.hadoop.ozone.om.exceptions.OMException: Allocated 0 blocks. Requested 1 blocks
	at org.junit.Assert.fail(Assert.java:89)
	at org.apache.hadoop.ozone.client.rpc.TestContainerStateMachineFailures.testContainerStateMachineDualFailureRetry(TestContainerStateMachineFailures.java:742)
	at sun.reflect.NativeMethodAccessorImpl.invoke0(Native Method)
	at sun.reflect.NativeMethodAccessorImpl.invoke(NativeMethodAccessorImpl.java:62)
	at sun.reflect.DelegatingMethodAccessorImpl.invoke(DelegatingMethodAccessorImpl.java:43)
	at java.lang.reflect.Method.invoke(Method.java:498)
	at org.junit.platform.commons.util.ReflectionUtils.invokeMethod(ReflectionUtils.java:688)
	at org.junit.jupiter.engine.execution.MethodInvocation.proceed(MethodInvocation.java:60)
	at org.junit.jupiter.engine.execution.InvocationInterceptorChain$ValidatingInvocation.proceed(InvocationInterceptorChain.java:131)
	at org.junit.jupiter.engine.extension.TimeoutExtension.intercept(TimeoutExtension.java:149)
	at org.junit.jupiter.engine.extension.TimeoutExtension.interceptTestableMethod(TimeoutExtension.java:140)
	at org.junit.jupiter.engine.extension.TimeoutExtension.interceptTestMethod(TimeoutExtension.java:84)
	at org.junit.jupiter.engine.execution.ExecutableInvoker$ReflectiveInterceptorCall.lambda$ofVoidMethod$0(ExecutableInvoker.java:115)
	at org.junit.jupiter.engine.execution.ExecutableInvoker.lambda$invoke$0(ExecutableInvoker.java:105)
	at org.junit.jupiter.engine.execution.InvocationInterceptorChain$InterceptedInvocation.proceed(InvocationInterceptorChain.java:106)
	at org.junit.jupiter.engine.execution.InvocationInterceptorChain.proceed(InvocationInterceptorChain.java:64)
	at org.junit.jupiter.engine.execution.InvocationInterceptorChain.chainAndInvoke(InvocationInterceptorChain.java:45)
	at org.junit.jupiter.engine.execution.InvocationInterceptorChain.invoke(InvocationInterceptorChain.java:37)
	at org.junit.jupiter.engine.execution.ExecutableInvoker.invoke(ExecutableInvoker.java:104)
	at org.junit.jupiter.engine.execution.ExecutableInvoker.invoke(ExecutableInvoker.java:98)
	at org.junit.jupiter.engine.descriptor.TestMethodTestDescriptor.lambda$invokeTestMethod$6(TestMethodTestDescriptor.java:210)
	at org.junit.platform.engine.support.hierarchical.ThrowableCollector.execute(ThrowableCollector.java:73)
	at org.junit.jupiter.engine.descriptor.TestMethodTestDescriptor.invokeTestMethod(TestMethodTestDescriptor.java:206)
	at org.junit.jupiter.engine.descriptor.TestMethodTestDescriptor.execute(TestMethodTestDescriptor.java:131)
	at org.junit.jupiter.engine.descriptor.TestMethodTestDescriptor.execute(TestMethodTestDescriptor.java:65)
	at org.junit.platform.engine.support.hierarchical.NodeTestTask.lambda$executeRecursively$5(NodeTestTask.java:139)
	at org.junit.platform.engine.support.hierarchical.ThrowableCollector.execute(ThrowableCollector.java:73)
	at org.junit.platform.engine.support.hierarchical.NodeTestTask.lambda$executeRecursively$7(NodeTestTask.java:129)
	at org.junit.platform.engine.support.hierarchical.Node.around(Node.java:137)
	at org.junit.platform.engine.support.hierarchical.NodeTestTask.lambda$executeRecursively$8(NodeTestTask.java:127)
	at org.junit.platform.engine.support.hierarchical.ThrowableCollector.execute(ThrowableCollector.java:73)
	at org.junit.platform.engine.support.hierarchical.NodeTestTask.executeRecursively(NodeTestTask.java:126)
	at org.junit.platform.engine.support.hierarchical.NodeTestTask.execute(NodeTestTask.java:84)
	at java.util.ArrayList.forEach(ArrayList.java:1259)
	at org.junit.platform.engine.support.hierarchical.SameThreadHierarchicalTestExecutorService.invokeAll(SameThreadHierarchicalTestExecutorService.java:38)
	at org.junit.platform.engine.support.hierarchical.NodeTestTask.lambda$executeRecursively$5(NodeTestTask.java:143)
	at org.junit.platform.engine.support.hierarchical.ThrowableCollector.execute(ThrowableCollector.java:73)
	at org.junit.platform.engine.support.hierarchical.NodeTestTask.lambda$executeRecursively$7(NodeTestTask.java:129)
	at org.junit.platform.engine.support.hierarchical.Node.around(Node.java:137)
	at org.junit.platform.engine.support.hierarchical.NodeTestTask.lambda$executeRecursively$8(NodeTestTask.java:127)
	at org.junit.platform.engine.support.hierarchical.ThrowableCollector.execute(ThrowableCollector.java:73)
	at org.junit.platform.engine.support.hierarchical.NodeTestTask.executeRecursively(NodeTestTask.java:126)
	at org.junit.platform.engine.support.hierarchical.NodeTestTask.execute(NodeTestTask.java:84)
	at java.util.ArrayList.forEach(ArrayList.java:1259)
	at org.junit.platform.engine.support.hierarchical.SameThreadHierarchicalTestExecutorService.invokeAll(SameThreadHierarchicalTestExecutorService.java:38)
	at org.junit.platform.engine.support.hierarchical.NodeTestTask.lambda$executeRecursively$5(NodeTestTask.java:143)
	at org.junit.platform.engine.support.hierarchical.ThrowableCollector.execute(ThrowableCollector.java:73)
	at org.junit.platform.engine.support.hierarchical.NodeTestTask.lambda$executeRecursively$7(NodeTestTask.java:129)
	at org.junit.platform.engine.support.hierarchical.Node.around(Node.java:137)
	at org.junit.platform.engine.support.hierarchical.NodeTestTask.lambda$executeRecursively$8(NodeTestTask.java:127)
	at org.junit.platform.engine.support.hierarchical.ThrowableCollector.execute(ThrowableCollector.java:73)
	at org.junit.platform.engine.support.hierarchical.NodeTestTask.executeRecursively(NodeTestTask.java:126)
	at org.junit.platform.engine.support.hierarchical.NodeTestTask.execute(NodeTestTask.java:84)
	at org.junit.platform.engine.support.hierarchical.SameThreadHierarchicalTestExecutorService.submit(SameThreadHierarchicalTestExecutorService.java:32)
	at org.junit.platform.engine.support.hierarchical.HierarchicalTestExecutor.execute(HierarchicalTestExecutor.java:57)
	at org.junit.platform.engine.support.hierarchical.HierarchicalTestEngine.execute(HierarchicalTestEngine.java:51)
	at org.junit.platform.launcher.core.EngineExecutionOrchestrator.execute(EngineExecutionOrchestrator.java:108)
	at org.junit.platform.launcher.core.EngineExecutionOrchestrator.execute(EngineExecutionOrchestrator.java:88)
	at org.junit.platform.launcher.core.EngineExecutionOrchestrator.lambda$execute$0(EngineExecutionOrchestrator.java:54)
	at org.junit.platform.launcher.core.EngineExecutionOrchestrator.withInterceptedStreams(EngineExecutionOrchestrator.java:67)
	at org.junit.platform.launcher.core.EngineExecutionOrchestrator.execute(EngineExecutionOrchestrator.java:52)
	at org.junit.platform.launcher.core.DefaultLauncher.execute(DefaultLauncher.java:96)
	at org.junit.platform.launcher.core.DefaultLauncher.execute(DefaultLauncher.java:75)
	at org.apache.maven.surefire.junitplatform.JUnitPlatformProvider.execute(JUnitPlatformProvider.java:188)
	at org.apache.maven.surefire.junitplatform.JUnitPlatformProvider.invokeAllTests(JUnitPlatformProvider.java:154)
	at org.apache.maven.surefire.junitplatform.JUnitPlatformProvider.invoke(JUnitPlatformProvider.java:124)
	at org.apache.maven.surefire.booter.ForkedBooter.runSuitesInProcess(ForkedBooter.java:428)
	at org.apache.maven.surefire.booter.ForkedBooter.execute(ForkedBooter.java:162)
	at org.apache.maven.surefire.booter.ForkedBooter.run(ForkedBooter.java:562)
	at org.apache.maven.surefire.booter.ForkedBooter.main(ForkedBooter.java:548)
]]></failure>
    <system-out><![CDATA[2022-04-27 10:53:13,679 [Datanode State Machine Daemon Thread] INFO  statemachine.DatanodeStateMachine (DatanodeStateMachine.java:lambda$startDaemon$0(472)) - Ozone container server started.
2022-04-27 10:53:13,712 [org.apache.hadoop.util.JvmPauseMonitor$Monitor@e82c79e] INFO  util.JvmPauseMonitor (JvmPauseMonitor.java:run(188)) - Starting JVM pause monitor
2022-04-27 10:53:13,828 [ChunkWriter-1-0] INFO  keyvalue.KeyValueHandler (ContainerUtils.java:logAndReturnError(88)) - Operation: CreateContainer , Trace ID:  , Message: Container creation failed, due to disk out of space , Result: DISK_OUT_OF_SPACE , StorageContainerException Occurred.
org.apache.hadoop.hdds.scm.container.common.helpers.StorageContainerException: Container creation failed, due to disk out of space
	at org.apache.hadoop.ozone.container.keyvalue.KeyValueContainer.create(KeyValueContainer.java:180)
	at org.apache.hadoop.ozone.container.keyvalue.KeyValueHandler.handleCreateContainer(KeyValueHandler.java:289)
	at org.apache.hadoop.ozone.container.keyvalue.KeyValueHandler.dispatchRequest(KeyValueHandler.java:202)
	at org.apache.hadoop.ozone.container.keyvalue.KeyValueHandler.handle(KeyValueHandler.java:190)
	at org.apache.hadoop.ozone.container.common.impl.HddsDispatcher.createContainer(HddsDispatcher.java:429)
	at org.apache.hadoop.ozone.container.common.impl.HddsDispatcher.dispatchRequest(HddsDispatcher.java:258)
	at org.apache.hadoop.ozone.container.common.impl.HddsDispatcher.lambda$dispatch$0(HddsDispatcher.java:169)
	at org.apache.hadoop.hdds.server.OzoneProtocolMessageDispatcher.processRequest(OzoneProtocolMessageDispatcher.java:87)
	at org.apache.hadoop.ozone.container.common.impl.HddsDispatcher.dispatch(HddsDispatcher.java:168)
	at org.apache.hadoop.ozone.container.common.transport.server.ratis.ContainerStateMachine.dispatchCommand(ContainerStateMachine.java:413)
	at org.apache.hadoop.ozone.container.common.transport.server.ratis.ContainerStateMachine.runCommand(ContainerStateMachine.java:423)
	at org.apache.hadoop.ozone.container.common.transport.server.ratis.ContainerStateMachine.lambda$handleWriteChunk$1(ContainerStateMachine.java:455)
	at java.util.concurrent.CompletableFuture$AsyncSupply.run(CompletableFuture.java:1604)
	at java.util.concurrent.ThreadPoolExecutor.runWorker(ThreadPoolExecutor.java:1149)
	at java.util.concurrent.ThreadPoolExecutor$Worker.run(ThreadPoolExecutor.java:624)
	at java.lang.Thread.run(Thread.java:750)
Caused by: org.apache.hadoop.util.DiskChecker$DiskOutOfSpaceException: Out of space: The volume with the most available space (=0 B) is less than the container size (=5368709120 B).
	at org.apache.hadoop.ozone.container.common.volume.RoundRobinVolumeChoosingPolicy.chooseVolume(RoundRobinVolumeChoosingPolicy.java:77)
	at org.apache.hadoop.ozone.container.keyvalue.KeyValueContainer.create(KeyValueContainer.java:136)
	... 15 more
10:53:13.829 [ChunkWriter-1-0] ERROR DNAudit - user=null | ip=null | op=WRITE_CHUNK {blockData=conID: 9 locID: 109611004723200009 bcsId: 0} | ret=FAILURE
org.apache.hadoop.hdds.scm.container.common.helpers.StorageContainerException: ContainerID 9 creation failed
	at org.apache.hadoop.ozone.container.common.impl.HddsDispatcher.dispatchRequest(HddsDispatcher.java:262) ~[hdds-container-service-1.3.0-SNAPSHOT.jar:?]
	at org.apache.hadoop.ozone.container.common.impl.HddsDispatcher.lambda$dispatch$0(HddsDispatcher.java:169) ~[hdds-container-service-1.3.0-SNAPSHOT.jar:?]
	at org.apache.hadoop.hdds.server.OzoneProtocolMessageDispatcher.processRequest(OzoneProtocolMessageDispatcher.java:87) ~[hdds-server-framework-1.3.0-SNAPSHOT.jar:?]
	at org.apache.hadoop.ozone.container.common.impl.HddsDispatcher.dispatch(HddsDispatcher.java:168) ~[hdds-container-service-1.3.0-SNAPSHOT.jar:?]
	at org.apache.hadoop.ozone.container.common.transport.server.ratis.ContainerStateMachine.dispatchCommand(ContainerStateMachine.java:413) ~[hdds-container-service-1.3.0-SNAPSHOT.jar:?]
	at org.apache.hadoop.ozone.container.common.transport.server.ratis.ContainerStateMachine.runCommand(ContainerStateMachine.java:423) ~[hdds-container-service-1.3.0-SNAPSHOT.jar:?]
	at org.apache.hadoop.ozone.container.common.transport.server.ratis.ContainerStateMachine.lambda$handleWriteChunk$1(ContainerStateMachine.java:455) ~[hdds-container-service-1.3.0-SNAPSHOT.jar:?]
	at java.util.concurrent.CompletableFuture$AsyncSupply.run(CompletableFuture.java:1604) [?:1.8.0_322]
	at java.util.concurrent.ThreadPoolExecutor.runWorker(ThreadPoolExecutor.java:1149) [?:1.8.0_322]
	at java.util.concurrent.ThreadPoolExecutor$Worker.run(ThreadPoolExecutor.java:624) [?:1.8.0_322]
	at java.lang.Thread.run(Thread.java:750) [?:1.8.0_322]
2022-04-27 10:53:13,829 [ChunkWriter-1-0] INFO  impl.HddsDispatcher (ContainerUtils.java:logAndReturnError(88)) - Operation: WriteChunk , Trace ID:  , Message: ContainerID 9 creation failed , Result: DISK_OUT_OF_SPACE , StorageContainerException Occurred.
org.apache.hadoop.hdds.scm.container.common.helpers.StorageContainerException: ContainerID 9 creation failed
	at org.apache.hadoop.ozone.container.common.impl.HddsDispatcher.dispatchRequest(HddsDispatcher.java:262)
	at org.apache.hadoop.ozone.container.common.impl.HddsDispatcher.lambda$dispatch$0(HddsDispatcher.java:169)
	at org.apache.hadoop.hdds.server.OzoneProtocolMessageDispatcher.processRequest(OzoneProtocolMessageDispatcher.java:87)
	at org.apache.hadoop.ozone.container.common.impl.HddsDispatcher.dispatch(HddsDispatcher.java:168)
	at org.apache.hadoop.ozone.container.common.transport.server.ratis.ContainerStateMachine.dispatchCommand(ContainerStateMachine.java:413)
	at org.apache.hadoop.ozone.container.common.transport.server.ratis.ContainerStateMachine.runCommand(ContainerStateMachine.java:423)
	at org.apache.hadoop.ozone.container.common.transport.server.ratis.ContainerStateMachine.lambda$handleWriteChunk$1(ContainerStateMachine.java:455)
	at java.util.concurrent.CompletableFuture$AsyncSupply.run(CompletableFuture.java:1604)
	at java.util.concurrent.ThreadPoolExecutor.runWorker(ThreadPoolExecutor.java:1149)
	at java.util.concurrent.ThreadPoolExecutor$Worker.run(ThreadPoolExecutor.java:624)
	at java.lang.Thread.run(Thread.java:750)
2022-04-27 10:53:13,830 [ChunkWriter-1-0] ERROR ratis.ContainerStateMachine (ContainerStateMachine.java:lambda$handleWriteChunk$2(483)) - group-7308F894FD3A: writeChunk writeStateMachineData failed: blockIdcontainerID: 9
localID: 109611004723200009
blockCommitSequenceId: 0
replicaIndex: 0
 logIndex 1 chunkName 109611004723200009_chunk_1 Error message: ContainerID 9 creation failed Container Result: DISK_OUT_OF_SPACE
2022-04-27 10:53:13,837 [5305b34f-83d0-4be9-8032-f631ee150b78@group-7308F894FD3A-SegmentedRaftLogWorker] ERROR ratis.XceiverServerRatis (XceiverServerRatis.java:triggerPipelineClose(678)) - pipeline Action CLOSE on pipeline PipelineID=7f2d013c-276b-4407-99e7-7308f894fd3a.Reason : ContainerID 9 creation failed
2022-04-27 10:53:13,840 [5305b34f-83d0-4be9-8032-f631ee150b78@group-7308F894FD3A-SegmentedRaftLogWorker] ERROR ratis.XceiverServerRatis (XceiverServerRatis.java:triggerPipelineClose(678)) - pipeline Action CLOSE on pipeline PipelineID=7f2d013c-276b-4407-99e7-7308f894fd3a.Reason : Log already failed at index 1 for task WriteLog:1: (t:2, i:1), STATEMACHINELOGENTRY, cmdType: WriteChunk traceID: "" containerID: 9 datanodeUuid: "5305b34f-83d0-4be9-8032-f631ee150b78" pipelineID: "7f2d013c-276b-4407-99e7-7308f894fd3a" writeChunk { blockID { containerID: 9 localID: 109611004723200009 blockCommitSequenceId: 0 replicaIndex: 0 } chunkData { chunkName: "109611004723200009_chunk_1" offset: 0 len: 5 checksumData { type: CRC32 bytesPerChecksum: 1048576 checksums: "\350a\3440" } } }, container path=nonexistent
2022-04-27 10:53:13,863 [FixedThreadPoolWithAffinityExecutor-8-0] WARN  container.ContainerReportHandler (AbstractContainerReportHandler.java:updateContainerState(255)) - Container #4 is in OPEN state, but the datanode 5305b34f-83d0-4be9-8032-f631ee150b78{ip: 10.1.0.29, host: fv-az270-423.tacnzluakwdehk1hpragurqkma.bx.internal.cloudapp.net, ports: [REPLICATION=45903, RATIS=34741, RATIS_ADMIN=34741, RATIS_SERVER=34741, STANDALONE=45233], networkLocation: /default-rack, certSerialId: null, persistedOpState: IN_SERVICE, persistedOpStateExpiryEpochSec: 0} reports an CLOSED replica.
2022-04-27 10:53:13,863 [EventQueue-PipelineActionsForPipelineActionHandler] INFO  pipeline.PipelineActionHandler (PipelineActionHandler.java:processPipelineAction(82)) - Received pipeline action CLOSE for PipelineID=7f2d013c-276b-4407-99e7-7308f894fd3a from datanode 5305b34f-83d0-4be9-8032-f631ee150b78. Reason : ContainerID 9 creation failed
2022-04-27 10:53:13,864 [EventQueue-PipelineActionsForPipelineActionHandler] INFO  pipeline.PipelineManagerImpl (PipelineManagerImpl.java:closeContainersForPipeline(381)) - Container #9 closed for pipeline=PipelineID=7f2d013c-276b-4407-99e7-7308f894fd3a
2022-04-27 10:53:13,864 [EventQueue-CloseContainerForCloseContainerEventHandler] INFO  container.CloseContainerEventHandler (CloseContainerEventHandler.java:onMessage(69)) - Close container Event triggered for container : #9
2022-04-27 10:53:13,864 [EventQueue-PipelineActionsForPipelineActionHandler] INFO  pipeline.PipelineManagerImpl (PipelineManagerImpl.java:closePipeline(402)) - Pipeline Pipeline[ Id: 7f2d013c-276b-4407-99e7-7308f894fd3a, Nodes: 5305b34f-83d0-4be9-8032-f631ee150b78{ip: 10.1.0.29, host: fv-az270-423.tacnzluakwdehk1hpragurqkma.bx.internal.cloudapp.net, ports: [REPLICATION=45903, RATIS=34741, RATIS_ADMIN=34741, RATIS_SERVER=34741, STANDALONE=45233], networkLocation: /default-rack, certSerialId: null, persistedOpState: IN_SERVICE, persistedOpStateExpiryEpochSec: 0}b4543bad-81d3-4f1d-9fc6-5e97dcd2d8eb{ip: 10.1.0.29, host: fv-az270-423.tacnzluakwdehk1hpragurqkma.bx.internal.cloudapp.net, ports: [REPLICATION=41789, RATIS=41129, RATIS_ADMIN=41129, RATIS_SERVER=41129, STANDALONE=36927], networkLocation: /default-rack, certSerialId: null, persistedOpState: IN_SERVICE, persistedOpStateExpiryEpochSec: 0}fb1b2524-5f72-4172-b06b-98bf8bab58d7{ip: 10.1.0.29, host: fv-az270-423.tacnzluakwdehk1hpragurqkma.bx.internal.cloudapp.net, ports: [REPLICATION=34055, RATIS=34621, RATIS_ADMIN=34621, RATIS_SERVER=34621, STANDALONE=35257], networkLocation: /default-rack, certSerialId: null, persistedOpState: IN_SERVICE, persistedOpStateExpiryEpochSec: 0}, ReplicationConfig: RATIS/THREE, State:OPEN, leaderId:fb1b2524-5f72-4172-b06b-98bf8bab58d7, CreationTimestamp2022-04-27T10:51:55.713Z[Etc/UTC]] moved to CLOSED state
2022-04-27 10:53:13,864 [EventQueue-PipelineActionsForPipelineActionHandler] INFO  pipeline.RatisPipelineProvider (RatisPipelineProvider.java:lambda$close$1(244)) - Send pipeline:PipelineID=7f2d013c-276b-4407-99e7-7308f894fd3a close command to datanode 5305b34f-83d0-4be9-8032-f631ee150b78
2022-04-27 10:53:13,864 [EventQueue-PipelineActionsForPipelineActionHandler] INFO  pipeline.RatisPipelineProvider (RatisPipelineProvider.java:lambda$close$1(244)) - Send pipeline:PipelineID=7f2d013c-276b-4407-99e7-7308f894fd3a close command to datanode b4543bad-81d3-4f1d-9fc6-5e97dcd2d8eb
2022-04-27 10:53:13,864 [EventQueue-PipelineActionsForPipelineActionHandler] INFO  pipeline.RatisPipelineProvider (RatisPipelineProvider.java:lambda$close$1(244)) - Send pipeline:PipelineID=7f2d013c-276b-4407-99e7-7308f894fd3a close command to datanode fb1b2524-5f72-4172-b06b-98bf8bab58d7
2022-04-27 10:53:13,865 [EventQueue-PipelineActionsForPipelineActionHandler] INFO  pipeline.PipelineStateManagerImpl (PipelineStateManagerImpl.java:removePipeline(243)) - Pipeline Pipeline[ Id: 7f2d013c-276b-4407-99e7-7308f894fd3a, Nodes: 5305b34f-83d0-4be9-8032-f631ee150b78{ip: 10.1.0.29, host: fv-az270-423.tacnzluakwdehk1hpragurqkma.bx.internal.cloudapp.net, ports: [REPLICATION=45903, RATIS=34741, RATIS_ADMIN=34741, RATIS_SERVER=34741, STANDALONE=45233], networkLocation: /default-rack, certSerialId: null, persistedOpState: IN_SERVICE, persistedOpStateExpiryEpochSec: 0}b4543bad-81d3-4f1d-9fc6-5e97dcd2d8eb{ip: 10.1.0.29, host: fv-az270-423.tacnzluakwdehk1hpragurqkma.bx.internal.cloudapp.net, ports: [REPLICATION=41789, RATIS=41129, RATIS_ADMIN=41129, RATIS_SERVER=41129, STANDALONE=36927], networkLocation: /default-rack, certSerialId: null, persistedOpState: IN_SERVICE, persistedOpStateExpiryEpochSec: 0}fb1b2524-5f72-4172-b06b-98bf8bab58d7{ip: 10.1.0.29, host: fv-az270-423.tacnzluakwdehk1hpragurqkma.bx.internal.cloudapp.net, ports: [REPLICATION=34055, RATIS=34621, RATIS_ADMIN=34621, RATIS_SERVER=34621, STANDALONE=35257], networkLocation: /default-rack, certSerialId: null, persistedOpState: IN_SERVICE, persistedOpStateExpiryEpochSec: 0}, ReplicationConfig: RATIS/THREE, State:CLOSED, leaderId:fb1b2524-5f72-4172-b06b-98bf8bab58d7, CreationTimestamp2022-04-27T10:51:55.713Z[Etc/UTC]] removed.
2022-04-27 10:53:13,899 [EventQueue-PipelineReportForPipelineReportHandler] INFO  pipeline.PipelineReportHandler (PipelineReportHandler.java:processPipelineReport(113)) - Reported pipeline PipelineID=7f2d013c-276b-4407-99e7-7308f894fd3a is not found
2022-04-27 10:53:13,954 [java.util.concurrent.ThreadPoolExecutor$Worker@e6b2e9d[State = -1, empty queue]] WARN  server.GrpcLogAppender (GrpcLogAppender.java:timeoutAppendRequest(246)) - fb1b2524-5f72-4172-b06b-98bf8bab58d7@group-7308F894FD3A->b4543bad-81d3-4f1d-9fc6-5e97dcd2d8eb-GrpcLogAppender: HEARTBEAT appendEntries Timeout, request=AppendEntriesRequest:cid=15741151,entriesCount=0,lastEntry=null
2022-04-27 10:53:14,009 [EventQueue-PipelineReportForPipelineReportHandler] INFO  pipeline.PipelineReportHandler (PipelineReportHandler.java:processPipelineReport(113)) - Reported pipeline PipelineID=cf80c735-cb93-438b-a05e-dff27b2a1031 is not found
2022-04-27 10:53:14,041 [FixedThreadPoolWithAffinityExecutor-0-0] WARN  container.ContainerReportHandler (AbstractContainerReportHandler.java:updateContainerState(255)) - Container #4 is in OPEN state, but the datanode 5305b34f-83d0-4be9-8032-f631ee150b78{ip: 10.1.0.29, host: fv-az270-423.tacnzluakwdehk1hpragurqkma.bx.internal.cloudapp.net, ports: [REPLICATION=45903, RATIS=34741, RATIS_ADMIN=34741, RATIS_SERVER=34741, STANDALONE=45233], networkLocation: /default-rack, certSerialId: null, persistedOpState: IN_SERVICE, persistedOpStateExpiryEpochSec: 0} reports an CLOSED replica.
2022-04-27 10:53:14,041 [EventQueue-PipelineReportForPipelineReportHandler] INFO  pipeline.PipelineReportHandler (PipelineReportHandler.java:processPipelineReport(113)) - Reported pipeline PipelineID=7f2d013c-276b-4407-99e7-7308f894fd3a is not found
2022-04-27 10:53:14,049 [EventQueue-PipelineReportForPipelineReportHandler] INFO  pipeline.PipelineReportHandler (PipelineReportHandler.java:processPipelineReport(113)) - Reported pipeline PipelineID=cf80c735-cb93-438b-a05e-dff27b2a1031 is not found
2022-04-27 10:53:14,064 [EventQueue-PipelineReportForPipelineReportHandler] INFO  pipeline.PipelineReportHandler (PipelineReportHandler.java:processPipelineReport(113)) - Reported pipeline PipelineID=cf80c735-cb93-438b-a05e-dff27b2a1031 is not found
2022-04-27 10:53:14,241 [FixedThreadPoolWithAffinityExecutor-0-0] WARN  container.ContainerReportHandler (AbstractContainerReportHandler.java:updateContainerState(255)) - Container #4 is in OPEN state, but the datanode 5305b34f-83d0-4be9-8032-f631ee150b78{ip: 10.1.0.29, host: fv-az270-423.tacnzluakwdehk1hpragurqkma.bx.internal.cloudapp.net, ports: [REPLICATION=45903, RATIS=34741, RATIS_ADMIN=34741, RATIS_SERVER=34741, STANDALONE=45233], networkLocation: /default-rack, certSerialId: null, persistedOpState: IN_SERVICE, persistedOpStateExpiryEpochSec: 0} reports an CLOSED replica.
2022-04-27 10:53:14,262 [EventQueue-PipelineReportForPipelineReportHandler] INFO  pipeline.PipelineReportHandler (PipelineReportHandler.java:processPipelineReport(113)) - Reported pipeline PipelineID=cf80c735-cb93-438b-a05e-dff27b2a1031 is not found
2022-04-27 10:53:14,299 [EventQueue-PipelineReportForPipelineReportHandler] INFO  pipeline.PipelineReportHandler (PipelineReportHandler.java:processPipelineReport(113)) - Reported pipeline PipelineID=7f2d013c-276b-4407-99e7-7308f894fd3a is not found
2022-04-27 10:53:14,409 [EventQueue-PipelineReportForPipelineReportHandler] INFO  pipeline.PipelineReportHandler (PipelineReportHandler.java:processPipelineReport(113)) - Reported pipeline PipelineID=cf80c735-cb93-438b-a05e-dff27b2a1031 is not found
2022-04-27 10:53:14,441 [FixedThreadPoolWithAffinityExecutor-0-0] WARN  container.ContainerReportHandler (AbstractContainerReportHandler.java:updateContainerState(255)) - Container #4 is in OPEN state, but the datanode 5305b34f-83d0-4be9-8032-f631ee150b78{ip: 10.1.0.29, host: fv-az270-423.tacnzluakwdehk1hpragurqkma.bx.internal.cloudapp.net, ports: [REPLICATION=45903, RATIS=34741, RATIS_ADMIN=34741, RATIS_SERVER=34741, STANDALONE=45233], networkLocation: /default-rack, certSerialId: null, persistedOpState: IN_SERVICE, persistedOpStateExpiryEpochSec: 0} reports an CLOSED replica.
2022-04-27 10:53:14,441 [EventQueue-PipelineReportForPipelineReportHandler] INFO  pipeline.PipelineReportHandler (PipelineReportHandler.java:processPipelineReport(113)) - Reported pipeline PipelineID=7f2d013c-276b-4407-99e7-7308f894fd3a is not found
2022-04-27 10:53:14,449 [EventQueue-PipelineReportForPipelineReportHandler] INFO  pipeline.PipelineReportHandler (PipelineReportHandler.java:processPipelineReport(113)) - Reported pipeline PipelineID=cf80c735-cb93-438b-a05e-dff27b2a1031 is not found
2022-04-27 10:53:14,462 [EventQueue-PipelineReportForPipelineReportHandler] INFO  pipeline.PipelineReportHandler (PipelineReportHandler.java:processPipelineReport(113)) - Reported pipeline PipelineID=cf80c735-cb93-438b-a05e-dff27b2a1031 is not found
2022-04-27 10:53:14,499 [EventQueue-PipelineReportForPipelineReportHandler] INFO  pipeline.PipelineReportHandler (PipelineReportHandler.java:processPipelineReport(113)) - Reported pipeline PipelineID=7f2d013c-276b-4407-99e7-7308f894fd3a is not found
2022-04-27 10:53:14,581 [java.util.concurrent.ThreadPoolExecutor$Worker@e6b2e9d[State = -1, empty queue]] WARN  server.GrpcLogAppender (GrpcLogAppender.java:timeoutAppendRequest(246)) - 5305b34f-83d0-4be9-8032-f631ee150b78@group-75AB1B4BA813->b4543bad-81d3-4f1d-9fc6-5e97dcd2d8eb-GrpcLogAppender: HEARTBEAT appendEntries Timeout, request=AppendEntriesRequest:cid=12017457,entriesCount=0,lastEntry=null
2022-04-27 10:53:14,610 [EventQueue-PipelineReportForPipelineReportHandler] INFO  pipeline.PipelineReportHandler (PipelineReportHandler.java:processPipelineReport(113)) - Reported pipeline PipelineID=cf80c735-cb93-438b-a05e-dff27b2a1031 is not found
2022-04-27 10:53:14,642 [EventQueue-PipelineReportForPipelineReportHandler] INFO  pipeline.PipelineReportHandler (PipelineReportHandler.java:processPipelineReport(113)) - Reported pipeline PipelineID=7f2d013c-276b-4407-99e7-7308f894fd3a is not found
2022-04-27 10:53:14,644 [Command processor thread] ERROR commandhandler.CloseContainerCommandHandler (CloseContainerCommandHandler.java:handle(86)) - Container #9 does not exist in datanode. Container close failed.
2022-04-27 10:53:14,644 [Command processor thread] INFO  server.RaftServer (RaftServerProxy.java:remove(106)) - 5305b34f-83d0-4be9-8032-f631ee150b78: remove  FOLLOWER 5305b34f-83d0-4be9-8032-f631ee150b78@group-7308F894FD3A:t2, leader=fb1b2524-5f72-4172-b06b-98bf8bab58d7, voted=fb1b2524-5f72-4172-b06b-98bf8bab58d7, raftlog=5305b34f-83d0-4be9-8032-f631ee150b78@group-7308F894FD3A-SegmentedRaftLog:OPENED:c0, conf=0: [5305b34f-83d0-4be9-8032-f631ee150b78|rpc:10.1.0.29:34741|dataStream:|priority:0, b4543bad-81d3-4f1d-9fc6-5e97dcd2d8eb|rpc:10.1.0.29:41129|dataStream:|priority:0, fb1b2524-5f72-4172-b06b-98bf8bab58d7|rpc:10.1.0.29:34621|dataStream:|priority:1], old=null RUNNING
2022-04-27 10:53:14,645 [Command processor thread] INFO  server.RaftServer$Division (RaftServerImpl.java:lambda$close$4(412)) - 5305b34f-83d0-4be9-8032-f631ee150b78@group-7308F894FD3A: shutdown
2022-04-27 10:53:14,645 [Command processor thread] INFO  util.JmxRegister (JmxRegister.java:unregister(73)) - Successfully un-registered JMX Bean with object name Ratis:service=RaftServer,group=group-7308F894FD3A,id=5305b34f-83d0-4be9-8032-f631ee150b78
2022-04-27 10:53:14,645 [Command processor thread] INFO  impl.RoleInfo (RoleInfo.java:shutdownFollowerState(108)) - 5305b34f-83d0-4be9-8032-f631ee150b78: shutdown 5305b34f-83d0-4be9-8032-f631ee150b78@group-7308F894FD3A-FollowerState
2022-04-27 10:53:14,645 [Command processor thread] INFO  impl.StateMachineUpdater (StateMachineUpdater.java:stopAndJoin(149)) - 5305b34f-83d0-4be9-8032-f631ee150b78@group-7308F894FD3A-StateMachineUpdater: set stopIndex = 0
2022-04-27 10:53:14,645 [5305b34f-83d0-4be9-8032-f631ee150b78@group-7308F894FD3A-FollowerState] INFO  impl.FollowerState (FollowerState.java:run(143)) - 5305b34f-83d0-4be9-8032-f631ee150b78@group-7308F894FD3A-FollowerState was interrupted: {}
java.lang.InterruptedException: sleep interrupted
	at java.lang.Thread.sleep(Native Method)
	at java.lang.Thread.sleep(Thread.java:342)
	at java.util.concurrent.TimeUnit.sleep(TimeUnit.java:386)
	at org.apache.ratis.util.TimeDuration.sleep(TimeDuration.java:324)
	at org.apache.ratis.util.TimeDuration.sleep(TimeDuration.java:309)
	at org.apache.ratis.server.impl.FollowerState.run(FollowerState.java:118)
2022-04-27 10:53:14,647 [Command processor thread] INFO  server.RaftServer$Division (ServerState.java:close(419)) - 5305b34f-83d0-4be9-8032-f631ee150b78@group-7308F894FD3A: closes. applyIndex: 0
2022-04-27 10:53:14,648 [5305b34f-83d0-4be9-8032-f631ee150b78@group-7308F894FD3A-SegmentedRaftLogWorker] INFO  segmented.SegmentedRaftLogWorker (SegmentedRaftLogWorker.java:run(327)) - 5305b34f-83d0-4be9-8032-f631ee150b78@group-7308F894FD3A-SegmentedRaftLogWorker was interrupted, exiting. There are 0 tasks remaining in the queue.
2022-04-27 10:53:14,650 [Command processor thread] INFO  segmented.SegmentedRaftLogWorker (SegmentedRaftLogWorker.java:close(237)) - 5305b34f-83d0-4be9-8032-f631ee150b78@group-7308F894FD3A-SegmentedRaftLogWorker close()
2022-04-27 10:53:14,655 [EventQueue-PipelineReportForPipelineReportHandler] INFO  pipeline.PipelineReportHandler (PipelineReportHandler.java:processPipelineReport(113)) - Reported pipeline PipelineID=cf80c735-cb93-438b-a05e-dff27b2a1031 is not found
2022-04-27 10:53:14,661 [Command processor thread] INFO  server.RaftServer$Division (RaftServerImpl.java:groupRemove(382)) - 5305b34f-83d0-4be9-8032-f631ee150b78@group-7308F894FD3A: Succeed to remove RaftStorageDirectory Storage Directory /home/runner/work/ozone/ozone/hadoop-ozone/integration-test/target/test-dir/MiniOzoneClusterImpl-6fb830c9-5413-49cc-a625-6cf41c4e5c97/datanode-2/data/ratis/7f2d013c-276b-4407-99e7-7308f894fd3a
2022-04-27 10:53:14,661 [Command processor thread] INFO  commandhandler.ClosePipelineCommandHandler (ClosePipelineCommandHandler.java:handle(78)) - Close Pipeline PipelineID=7f2d013c-276b-4407-99e7-7308f894fd3a command on datanode 5305b34f-83d0-4be9-8032-f631ee150b78.
2022-04-27 10:53:14,662 [EventQueue-PipelineReportForPipelineReportHandler] INFO  pipeline.PipelineReportHandler (PipelineReportHandler.java:processPipelineReport(113)) - Reported pipeline PipelineID=cf80c735-cb93-438b-a05e-dff27b2a1031 is not found
2022-04-27 10:53:14,722 [Command processor thread] ERROR commandhandler.CloseContainerCommandHandler (CloseContainerCommandHandler.java:handle(86)) - Container #9 does not exist in datanode. Container close failed.
2022-04-27 10:53:14,841 [FixedThreadPoolWithAffinityExecutor-9-0] WARN  container.ContainerReportHandler (AbstractContainerReportHandler.java:updateContainerState(255)) - Container #4 is in OPEN state, but the datanode 5305b34f-83d0-4be9-8032-f631ee150b78{ip: 10.1.0.29, host: fv-az270-423.tacnzluakwdehk1hpragurqkma.bx.internal.cloudapp.net, ports: [REPLICATION=45903, RATIS=34741, RATIS_ADMIN=34741, RATIS_SERVER=34741, STANDALONE=45233], networkLocation: /default-rack, certSerialId: null, persistedOpState: IN_SERVICE, persistedOpStateExpiryEpochSec: 0} reports an CLOSED replica.
2022-04-27 10:53:14,860 [EventQueue-PipelineReportForPipelineReportHandler] INFO  pipeline.PipelineReportHandler (PipelineReportHandler.java:processPipelineReport(113)) - Reported pipeline PipelineID=7f2d013c-276b-4407-99e7-7308f894fd3a is not found
2022-04-27 10:53:14,862 [EventQueue-PipelineReportForPipelineReportHandler] INFO  pipeline.PipelineReportHandler (PipelineReportHandler.java:processPipelineReport(113)) - Reported pipeline PipelineID=cf80c735-cb93-438b-a05e-dff27b2a1031 is not found
2022-04-27 10:53:15,010 [EventQueue-PipelineReportForPipelineReportHandler] INFO  pipeline.PipelineReportHandler (PipelineReportHandler.java:processPipelineReport(113)) - Reported pipeline PipelineID=cf80c735-cb93-438b-a05e-dff27b2a1031 is not found
2022-04-27 10:53:15,041 [FixedThreadPoolWithAffinityExecutor-9-0] WARN  container.ContainerReportHandler (AbstractContainerReportHandler.java:updateContainerState(255)) - Container #4 is in OPEN state, but the datanode 5305b34f-83d0-4be9-8032-f631ee150b78{ip: 10.1.0.29, host: fv-az270-423.tacnzluakwdehk1hpragurqkma.bx.internal.cloudapp.net, ports: [REPLICATION=45903, RATIS=34741, RATIS_ADMIN=34741, RATIS_SERVER=34741, STANDALONE=45233], networkLocation: /default-rack, certSerialId: null, persistedOpState: IN_SERVICE, persistedOpStateExpiryEpochSec: 0} reports an CLOSED replica.
2022-04-27 10:53:15,056 [EventQueue-PipelineReportForPipelineReportHandler] INFO  pipeline.PipelineReportHandler (PipelineReportHandler.java:processPipelineReport(113)) - Reported pipeline PipelineID=cf80c735-cb93-438b-a05e-dff27b2a1031 is not found
2022-04-27 10:53:15,057 [EventQueue-PipelineReportForPipelineReportHandler] INFO  pipeline.PipelineReportHandler (PipelineReportHandler.java:processPipelineReport(113)) - Reported pipeline PipelineID=7f2d013c-276b-4407-99e7-7308f894fd3a is not found
2022-04-27 10:53:15,063 [EventQueue-PipelineReportForPipelineReportHandler] INFO  pipeline.PipelineReportHandler (PipelineReportHandler.java:processPipelineReport(113)) - Reported pipeline PipelineID=cf80c735-cb93-438b-a05e-dff27b2a1031 is not found
2022-04-27 10:53:15,210 [EventQueue-PipelineReportForPipelineReportHandler] INFO  pipeline.PipelineReportHandler (PipelineReportHandler.java:processPipelineReport(113)) - Reported pipeline PipelineID=cf80c735-cb93-438b-a05e-dff27b2a1031 is not found
2022-04-27 10:53:15,410 [EventQueue-PipelineReportForPipelineReportHandler] INFO  pipeline.PipelineReportHandler (PipelineReportHandler.java:processPipelineReport(113)) - Reported pipeline PipelineID=cf80c735-cb93-438b-a05e-dff27b2a1031 is not found
2022-04-27 10:53:15,440 [FixedThreadPoolWithAffinityExecutor-9-0] WARN  container.ContainerReportHandler (AbstractContainerReportHandler.java:updateContainerState(255)) - Container #4 is in OPEN state, but the datanode 5305b34f-83d0-4be9-8032-f631ee150b78{ip: 10.1.0.29, host: fv-az270-423.tacnzluakwdehk1hpragurqkma.bx.internal.cloudapp.net, ports: [REPLICATION=45903, RATIS=34741, RATIS_ADMIN=34741, RATIS_SERVER=34741, STANDALONE=45233], networkLocation: /default-rack, certSerialId: null, persistedOpState: IN_SERVICE, persistedOpStateExpiryEpochSec: 0} reports an CLOSED replica.
2022-04-27 10:53:15,457 [EventQueue-PipelineReportForPipelineReportHandler] INFO  pipeline.PipelineReportHandler (PipelineReportHandler.java:processPipelineReport(113)) - Reported pipeline PipelineID=cf80c735-cb93-438b-a05e-dff27b2a1031 is not found
2022-04-27 10:53:15,457 [EventQueue-PipelineReportForPipelineReportHandler] INFO  pipeline.PipelineReportHandler (PipelineReportHandler.java:processPipelineReport(113)) - Reported pipeline PipelineID=7f2d013c-276b-4407-99e7-7308f894fd3a is not found
2022-04-27 10:53:15,462 [EventQueue-PipelineReportForPipelineReportHandler] INFO  pipeline.PipelineReportHandler (PipelineReportHandler.java:processPipelineReport(113)) - Reported pipeline PipelineID=cf80c735-cb93-438b-a05e-dff27b2a1031 is not found
2022-04-27 10:53:15,641 [FixedThreadPoolWithAffinityExecutor-1-0] WARN  container.ContainerReportHandler (AbstractContainerReportHandler.java:updateContainerState(255)) - Container #4 is in OPEN state, but the datanode 5305b34f-83d0-4be9-8032-f631ee150b78{ip: 10.1.0.29, host: fv-az270-423.tacnzluakwdehk1hpragurqkma.bx.internal.cloudapp.net, ports: [REPLICATION=45903, RATIS=34741, RATIS_ADMIN=34741, RATIS_SERVER=34741, STANDALONE=45233], networkLocation: /default-rack, certSerialId: null, persistedOpState: IN_SERVICE, persistedOpStateExpiryEpochSec: 0} reports an CLOSED replica.
2022-04-27 10:53:15,658 [EventQueue-PipelineReportForPipelineReportHandler] INFO  pipeline.PipelineReportHandler (PipelineReportHandler.java:processPipelineReport(113)) - Reported pipeline PipelineID=7f2d013c-276b-4407-99e7-7308f894fd3a is not found
2022-04-27 10:53:15,723 [EndpointStateMachine task thread for /0.0.0.0:44525 - 0 ] INFO  ozoneimpl.OzoneContainer (OzoneContainer.java:start(335)) - Attempting to start container services.
2022-04-27 10:53:15,723 [EndpointStateMachine task thread for /0.0.0.0:44525 - 0 ] INFO  ozoneimpl.OzoneContainer (OzoneContainer.java:startContainerScrub(270)) - Background container scanner has been disabled.
2022-04-27 10:53:15,725 [EndpointStateMachine task thread for /0.0.0.0:44525 - 0 ] INFO  replication.ReplicationServer (ReplicationServer.java:start(111)) - ReplicationServer is started using port 34823
2022-04-27 10:53:15,726 [EndpointStateMachine task thread for /0.0.0.0:44525 - 0 ] INFO  ratis.XceiverServerRatis (XceiverServerRatis.java:start(481)) - Starting XceiverServerRatis fc150688-1f76-4ec0-a672-aaf91f0753c3
2022-04-27 10:53:15,755 [EndpointStateMachine task thread for /0.0.0.0:44525 - 0 ] INFO  server.RaftServer (RaftServerProxy.java:lambda$start$5(374)) - fc150688-1f76-4ec0-a672-aaf91f0753c3: start RPC server
2022-04-27 10:53:15,755 [EndpointStateMachine task thread for /0.0.0.0:44525 - 0 ] INFO  server.GrpcService (GrpcService.java:startImpl(253)) - fc150688-1f76-4ec0-a672-aaf91f0753c3: GrpcService started, listening on 37101
2022-04-27 10:53:15,761 [EndpointStateMachine task thread for /0.0.0.0:44525 - 0 ] INFO  ratis.XceiverServerRatis (XceiverServerRatis.java:getRealPort(502)) - XceiverServerRatis fc150688-1f76-4ec0-a672-aaf91f0753c3 is started using port 37101 for RATIS
2022-04-27 10:53:15,761 [EndpointStateMachine task thread for /0.0.0.0:44525 - 0 ] INFO  ratis.XceiverServerRatis (XceiverServerRatis.java:getRealPort(502)) - XceiverServerRatis fc150688-1f76-4ec0-a672-aaf91f0753c3 is started using port 37101 for RATIS_ADMIN
2022-04-27 10:53:15,761 [EndpointStateMachine task thread for /0.0.0.0:44525 - 0 ] INFO  ratis.XceiverServerRatis (XceiverServerRatis.java:getRealPort(502)) - XceiverServerRatis fc150688-1f76-4ec0-a672-aaf91f0753c3 is started using port 37101 for RATIS_SERVER
2022-04-27 10:53:15,762 [org.apache.ratis.util.JvmPauseMonitor$$Lambda$626/1217536106@181966a9] INFO  util.JvmPauseMonitor (JvmPauseMonitor.java:run(103)) - JvmPauseMonitor-fc150688-1f76-4ec0-a672-aaf91f0753c3: Started
2022-04-27 10:53:15,771 [EndpointStateMachine task thread for /0.0.0.0:44525 - 0 ] WARN  statemachine.EndpointStateMachine (EndpointStateMachine.java:logIfNeeded(236)) - Unable to communicate to SCM server at 0.0.0.0:44525 for past 0 seconds.
java.io.IOException: Failed to bind
	at org.apache.ratis.thirdparty.io.grpc.netty.NettyServer.start(NettyServer.java:264)
	at org.apache.ratis.thirdparty.io.grpc.internal.ServerImpl.start(ServerImpl.java:183)
	at org.apache.ratis.thirdparty.io.grpc.internal.ServerImpl.start(ServerImpl.java:90)
	at org.apache.hadoop.ozone.container.common.transport.server.XceiverServerGrpc.start(XceiverServerGrpc.java:176)
	at org.apache.hadoop.ozone.container.ozoneimpl.OzoneContainer.start(OzoneContainer.java:342)
	at org.apache.hadoop.ozone.container.common.states.endpoint.VersionEndpointTask.call(VersionEndpointTask.java:113)
	at org.apache.hadoop.ozone.container.common.states.endpoint.VersionEndpointTask.call(VersionEndpointTask.java:42)
	at java.util.concurrent.FutureTask.run(FutureTask.java:266)
	at java.util.concurrent.ThreadPoolExecutor.runWorker(ThreadPoolExecutor.java:1149)
	at java.util.concurrent.ThreadPoolExecutor$Worker.run(ThreadPoolExecutor.java:624)
	at java.lang.Thread.run(Thread.java:750)
Caused by: org.apache.ratis.thirdparty.io.netty.channel.unix.Errors$NativeIoException: bind(..) failed: Address already in use
2022-04-27 10:53:15,810 [EventQueue-PipelineReportForPipelineReportHandler] INFO  pipeline.PipelineReportHandler (PipelineReportHandler.java:processPipelineReport(113)) - Reported pipeline PipelineID=cf80c735-cb93-438b-a05e-dff27b2a1031 is not found
2022-04-27 10:53:15,864 [EventQueue-PipelineReportForPipelineReportHandler] INFO  pipeline.PipelineReportHandler (PipelineReportHandler.java:processPipelineReport(113)) - Reported pipeline PipelineID=cf80c735-cb93-438b-a05e-dff27b2a1031 is not found
2022-04-27 10:53:15,864 [EventQueue-PipelineReportForPipelineReportHandler] INFO  pipeline.PipelineReportHandler (PipelineReportHandler.java:processPipelineReport(113)) - Reported pipeline PipelineID=cf80c735-cb93-438b-a05e-dff27b2a1031 is not found
2022-04-27 10:53:16,010 [EventQueue-PipelineReportForPipelineReportHandler] INFO  pipeline.PipelineReportHandler (PipelineReportHandler.java:processPipelineReport(113)) - Reported pipeline PipelineID=cf80c735-cb93-438b-a05e-dff27b2a1031 is not found
2022-04-27 10:53:16,047 [FixedThreadPoolWithAffinityExecutor-1-0] WARN  container.ContainerReportHandler (AbstractContainerReportHandler.java:updateContainerState(255)) - Container #4 is in OPEN state, but the datanode 5305b34f-83d0-4be9-8032-f631ee150b78{ip: 10.1.0.29, host: fv-az270-423.tacnzluakwdehk1hpragurqkma.bx.internal.cloudapp.net, ports: [REPLICATION=45903, RATIS=34741, RATIS_ADMIN=34741, RATIS_SERVER=34741, STANDALONE=45233], networkLocation: /default-rack, certSerialId: null, persistedOpState: IN_SERVICE, persistedOpStateExpiryEpochSec: 0} reports an CLOSED replica.
2022-04-27 10:53:16,063 [EventQueue-PipelineReportForPipelineReportHandler] INFO  pipeline.PipelineReportHandler (PipelineReportHandler.java:processPipelineReport(113)) - Reported pipeline PipelineID=7f2d013c-276b-4407-99e7-7308f894fd3a is not found
2022-04-27 10:53:16,251 [FixedThreadPoolWithAffinityExecutor-9-0] WARN  container.ContainerReportHandler (AbstractContainerReportHandler.java:updateContainerState(255)) - Container #4 is in OPEN state, but the datanode 5305b34f-83d0-4be9-8032-f631ee150b78{ip: 10.1.0.29, host: fv-az270-423.tacnzluakwdehk1hpragurqkma.bx.internal.cloudapp.net, ports: [REPLICATION=45903, RATIS=34741, RATIS_ADMIN=34741, RATIS_SERVER=34741, STANDALONE=45233], networkLocation: /default-rack, certSerialId: null, persistedOpState: IN_SERVICE, persistedOpStateExpiryEpochSec: 0} reports an CLOSED replica.
2022-04-27 10:53:16,257 [EventQueue-PipelineReportForPipelineReportHandler] INFO  pipeline.PipelineReportHandler (PipelineReportHandler.java:processPipelineReport(113)) - Reported pipeline PipelineID=cf80c735-cb93-438b-a05e-dff27b2a1031 is not found
2022-04-27 10:53:16,262 [EventQueue-PipelineReportForPipelineReportHandler] INFO  pipeline.PipelineReportHandler (PipelineReportHandler.java:processPipelineReport(113)) - Reported pipeline PipelineID=cf80c735-cb93-438b-a05e-dff27b2a1031 is not found
2022-04-27 10:53:16,263 [EventQueue-PipelineReportForPipelineReportHandler] INFO  pipeline.PipelineReportHandler (PipelineReportHandler.java:processPipelineReport(113)) - Reported pipeline PipelineID=7f2d013c-276b-4407-99e7-7308f894fd3a is not found
2022-04-27 10:53:16,410 [EventQueue-PipelineReportForPipelineReportHandler] INFO  pipeline.PipelineReportHandler (PipelineReportHandler.java:processPipelineReport(113)) - Reported pipeline PipelineID=cf80c735-cb93-438b-a05e-dff27b2a1031 is not found
2022-04-27 10:53:16,455 [java.util.concurrent.ThreadPoolExecutor$Worker@e6b2e9d[State = -1, empty queue]] WARN  server.GrpcLogAppender (GrpcLogAppender.java:timeoutAppendRequest(246)) - fb1b2524-5f72-4172-b06b-98bf8bab58d7@group-7308F894FD3A->b4543bad-81d3-4f1d-9fc6-5e97dcd2d8eb-GrpcLogAppender: HEARTBEAT appendEntries Timeout, request=AppendEntriesRequest:cid=15741152,entriesCount=0,lastEntry=null
2022-04-27 10:53:16,457 [EventQueue-PipelineReportForPipelineReportHandler] INFO  pipeline.PipelineReportHandler (PipelineReportHandler.java:processPipelineReport(113)) - Reported pipeline PipelineID=cf80c735-cb93-438b-a05e-dff27b2a1031 is not found
2022-04-27 10:53:16,462 [EventQueue-PipelineReportForPipelineReportHandler] INFO  pipeline.PipelineReportHandler (PipelineReportHandler.java:processPipelineReport(113)) - Reported pipeline PipelineID=cf80c735-cb93-438b-a05e-dff27b2a1031 is not found
2022-04-27 10:53:16,463 [EventQueue-PipelineReportForPipelineReportHandler] INFO  pipeline.PipelineReportHandler (PipelineReportHandler.java:processPipelineReport(113)) - Reported pipeline PipelineID=7f2d013c-276b-4407-99e7-7308f894fd3a is not found
2022-04-27 10:53:16,609 [EventQueue-PipelineReportForPipelineReportHandler] INFO  pipeline.PipelineReportHandler (PipelineReportHandler.java:processPipelineReport(113)) - Reported pipeline PipelineID=cf80c735-cb93-438b-a05e-dff27b2a1031 is not found
2022-04-27 10:53:16,648 [FixedThreadPoolWithAffinityExecutor-9-0] WARN  container.ContainerReportHandler (AbstractContainerReportHandler.java:updateContainerState(255)) - Container #4 is in OPEN state, but the datanode 5305b34f-83d0-4be9-8032-f631ee150b78{ip: 10.1.0.29, host: fv-az270-423.tacnzluakwdehk1hpragurqkma.bx.internal.cloudapp.net, ports: [REPLICATION=45903, RATIS=34741, RATIS_ADMIN=34741, RATIS_SERVER=34741, STANDALONE=45233], networkLocation: /default-rack, certSerialId: null, persistedOpState: IN_SERVICE, persistedOpStateExpiryEpochSec: 0} reports an CLOSED replica.
2022-04-27 10:53:16,664 [EventQueue-PipelineReportForPipelineReportHandler] INFO  pipeline.PipelineReportHandler (PipelineReportHandler.java:processPipelineReport(113)) - Reported pipeline PipelineID=7f2d013c-276b-4407-99e7-7308f894fd3a is not found
2022-04-27 10:53:16,849 [FixedThreadPoolWithAffinityExecutor-0-0] WARN  container.ContainerReportHandler (AbstractContainerReportHandler.java:updateContainerState(255)) - Container #4 is in OPEN state, but the datanode 5305b34f-83d0-4be9-8032-f631ee150b78{ip: 10.1.0.29, host: fv-az270-423.tacnzluakwdehk1hpragurqkma.bx.internal.cloudapp.net, ports: [REPLICATION=45903, RATIS=34741, RATIS_ADMIN=34741, RATIS_SERVER=34741, STANDALONE=45233], networkLocation: /default-rack, certSerialId: null, persistedOpState: IN_SERVICE, persistedOpStateExpiryEpochSec: 0} reports an CLOSED replica.
2022-04-27 10:53:16,860 [EventQueue-PipelineReportForPipelineReportHandler] INFO  pipeline.PipelineReportHandler (PipelineReportHandler.java:processPipelineReport(113)) - Reported pipeline PipelineID=cf80c735-cb93-438b-a05e-dff27b2a1031 is not found
2022-04-27 10:53:16,863 [EventQueue-PipelineReportForPipelineReportHandler] INFO  pipeline.PipelineReportHandler (PipelineReportHandler.java:processPipelineReport(113)) - Reported pipeline PipelineID=cf80c735-cb93-438b-a05e-dff27b2a1031 is not found
2022-04-27 10:53:17,010 [EventQueue-PipelineReportForPipelineReportHandler] INFO  pipeline.PipelineReportHandler (PipelineReportHandler.java:processPipelineReport(113)) - Reported pipeline PipelineID=cf80c735-cb93-438b-a05e-dff27b2a1031 is not found
2022-04-27 10:53:17,063 [EventQueue-PipelineReportForPipelineReportHandler] INFO  pipeline.PipelineReportHandler (PipelineReportHandler.java:processPipelineReport(113)) - Reported pipeline PipelineID=cf80c735-cb93-438b-a05e-dff27b2a1031 is not found
2022-04-27 10:53:17,064 [EventQueue-PipelineReportForPipelineReportHandler] INFO  pipeline.PipelineReportHandler (PipelineReportHandler.java:processPipelineReport(113)) - Reported pipeline PipelineID=cf80c735-cb93-438b-a05e-dff27b2a1031 is not found
2022-04-27 10:53:17,064 [EventQueue-PipelineReportForPipelineReportHandler] INFO  pipeline.PipelineReportHandler (PipelineReportHandler.java:processPipelineReport(113)) - Reported pipeline PipelineID=7f2d013c-276b-4407-99e7-7308f894fd3a is not found
2022-04-27 10:53:17,117 [5e6908a8-a78b-4a66-9555-b48c04384dc8@group-E78063F29D5F-FollowerState] INFO  impl.FollowerState (FollowerState.java:run(134)) - 5e6908a8-a78b-4a66-9555-b48c04384dc8@group-E78063F29D5F-FollowerState: change to CANDIDATE, lastRpcElapsedTime:5077351599ns, electionTimeout:5074ms
2022-04-27 10:53:17,117 [5e6908a8-a78b-4a66-9555-b48c04384dc8@group-E78063F29D5F-FollowerState] INFO  impl.RoleInfo (RoleInfo.java:shutdownFollowerState(108)) - 5e6908a8-a78b-4a66-9555-b48c04384dc8: shutdown 5e6908a8-a78b-4a66-9555-b48c04384dc8@group-E78063F29D5F-FollowerState
2022-04-27 10:53:17,117 [5e6908a8-a78b-4a66-9555-b48c04384dc8@group-E78063F29D5F-FollowerState] INFO  server.RaftServer$Division (RaftServerImpl.java:setRole(290)) - 5e6908a8-a78b-4a66-9555-b48c04384dc8@group-E78063F29D5F: changes role from  FOLLOWER to CANDIDATE at term 4 for changeToCandidate
2022-04-27 10:53:17,117 [5e6908a8-a78b-4a66-9555-b48c04384dc8@group-E78063F29D5F-FollowerState] INFO  server.RaftServerConfigKeys (ConfUtils.java:logGet(44)) - raft.server.leaderelection.pre-vote = false (custom)
2022-04-27 10:53:17,117 [5e6908a8-a78b-4a66-9555-b48c04384dc8@group-E78063F29D5F-FollowerState] INFO  impl.RoleInfo (RoleInfo.java:updateAndGet(130)) - 5e6908a8-a78b-4a66-9555-b48c04384dc8: start 5e6908a8-a78b-4a66-9555-b48c04384dc8@group-E78063F29D5F-LeaderElection31
2022-04-27 10:53:17,128 [5e6908a8-a78b-4a66-9555-b48c04384dc8@group-E78063F29D5F-LeaderElection31] INFO  impl.LeaderElection (LeaderElection.java:askForVotes(306)) - 5e6908a8-a78b-4a66-9555-b48c04384dc8@group-E78063F29D5F-LeaderElection31 ELECTION round 0: submit vote requests at term 5 for 0: [7171416e-d570-4db8-8282-6e036003ab52|rpc:10.1.0.29:35393|dataStream:|priority:0, 5e6908a8-a78b-4a66-9555-b48c04384dc8|rpc:10.1.0.29:40571|dataStream:|priority:0, fc150688-1f76-4ec0-a672-aaf91f0753c3|rpc:10.1.0.29:37101|dataStream:|priority:1], old=null
2022-04-27 10:53:17,137 [grpc-default-executor-1] INFO  server.RaftServer$Division (RaftServerImpl.java:requestVote(1046)) - 7171416e-d570-4db8-8282-6e036003ab52@group-E78063F29D5F: receive requestVote(ELECTION, 5e6908a8-a78b-4a66-9555-b48c04384dc8, group-E78063F29D5F, 5, (t:3, i:10))
2022-04-27 10:53:17,137 [grpc-default-executor-1] INFO  impl.VoteContext (VoteContext.java:log(48)) - 7171416e-d570-4db8-8282-6e036003ab52@group-E78063F29D5F-FOLLOWER: accept ELECTION from 5e6908a8-a78b-4a66-9555-b48c04384dc8: our priority 0 <= candidate's priority 0
2022-04-27 10:53:17,137 [grpc-default-executor-1] INFO  server.RaftServer$Division (RaftServerImpl.java:setRole(290)) - 7171416e-d570-4db8-8282-6e036003ab52@group-E78063F29D5F: changes role from  FOLLOWER to FOLLOWER at term 5 for candidate:5e6908a8-a78b-4a66-9555-b48c04384dc8
2022-04-27 10:53:17,138 [grpc-default-executor-1] INFO  impl.RoleInfo (RoleInfo.java:shutdownFollowerState(108)) - 7171416e-d570-4db8-8282-6e036003ab52: shutdown 7171416e-d570-4db8-8282-6e036003ab52@group-E78063F29D5F-FollowerState
2022-04-27 10:53:17,138 [grpc-default-executor-1] INFO  impl.RoleInfo (RoleInfo.java:updateAndGet(130)) - 7171416e-d570-4db8-8282-6e036003ab52: start 7171416e-d570-4db8-8282-6e036003ab52@group-E78063F29D5F-FollowerState
2022-04-27 10:53:17,139 [7171416e-d570-4db8-8282-6e036003ab52@group-E78063F29D5F-FollowerState] INFO  impl.FollowerState (FollowerState.java:run(143)) - 7171416e-d570-4db8-8282-6e036003ab52@group-E78063F29D5F-FollowerState was interrupted: {}
java.lang.InterruptedException: sleep interrupted
	at java.lang.Thread.sleep(Native Method)
	at java.lang.Thread.sleep(Thread.java:342)
	at java.util.concurrent.TimeUnit.sleep(TimeUnit.java:386)
	at org.apache.ratis.util.TimeDuration.sleep(TimeDuration.java:324)
	at org.apache.ratis.util.TimeDuration.sleep(TimeDuration.java:309)
	at org.apache.ratis.server.impl.FollowerState.run(FollowerState.java:118)
2022-04-27 10:53:17,140 [grpc-default-executor-4] WARN  server.GrpcServerProtocolService (LogUtils.java:warn(124)) - fc150688-1f76-4ec0-a672-aaf91f0753c3: Failed requestVote 5e6908a8-a78b-4a66-9555-b48c04384dc8->fc150688-1f76-4ec0-a672-aaf91f0753c3#0
org.apache.ratis.protocol.exceptions.GroupMismatchException: fc150688-1f76-4ec0-a672-aaf91f0753c3: group-E78063F29D5F not found.
	at org.apache.ratis.server.impl.RaftServerProxy$ImplMap.get(RaftServerProxy.java:147)
	at org.apache.ratis.server.impl.RaftServerProxy.getImplFuture(RaftServerProxy.java:339)
	at org.apache.ratis.server.impl.RaftServerProxy.getImpl(RaftServerProxy.java:348)
	at org.apache.ratis.server.impl.RaftServerProxy.getImpl(RaftServerProxy.java:343)
	at org.apache.ratis.server.impl.RaftServerProxy.requestVote(RaftServerProxy.java:548)
	at org.apache.ratis.grpc.server.GrpcServerProtocolService.requestVote(GrpcServerProtocolService.java:172)
	at org.apache.ratis.proto.grpc.RaftServerProtocolServiceGrpc$MethodHandlers.invoke(RaftServerProtocolServiceGrpc.java:394)
	at org.apache.ratis.thirdparty.io.grpc.stub.ServerCalls$UnaryServerCallHandler$UnaryServerCallListener.onHalfClose(ServerCalls.java:182)
	at org.apache.ratis.thirdparty.io.grpc.PartialForwardingServerCallListener.onHalfClose(PartialForwardingServerCallListener.java:35)
	at org.apache.ratis.thirdparty.io.grpc.ForwardingServerCallListener.onHalfClose(ForwardingServerCallListener.java:23)
	at org.apache.ratis.thirdparty.io.grpc.internal.ServerCallImpl$ServerStreamListenerImpl.halfClosed(ServerCallImpl.java:331)
	at org.apache.ratis.thirdparty.io.grpc.internal.ServerImpl$JumpToApplicationThreadServerStreamListener$1HalfClosed.runInContext(ServerImpl.java:814)
	at org.apache.ratis.thirdparty.io.grpc.internal.ContextRunnable.run(ContextRunnable.java:37)
	at org.apache.ratis.thirdparty.io.grpc.internal.SerializingExecutor.run(SerializingExecutor.java:123)
	at java.util.concurrent.ThreadPoolExecutor.runWorker(ThreadPoolExecutor.java:1149)
	at java.util.concurrent.ThreadPoolExecutor$Worker.run(ThreadPoolExecutor.java:624)
	at java.lang.Thread.run(Thread.java:750)
2022-04-27 10:53:17,159 [grpc-default-executor-1] INFO  server.RaftServer$Division (RaftServerImpl.java:requestVote(1078)) - 7171416e-d570-4db8-8282-6e036003ab52@group-E78063F29D5F replies to ELECTION vote request: 5e6908a8-a78b-4a66-9555-b48c04384dc8<-7171416e-d570-4db8-8282-6e036003ab52#0:OK-t5. Peer's state: 7171416e-d570-4db8-8282-6e036003ab52@group-E78063F29D5F:t5, leader=null, voted=5e6908a8-a78b-4a66-9555-b48c04384dc8, raftlog=7171416e-d570-4db8-8282-6e036003ab52@group-E78063F29D5F-SegmentedRaftLog:OPENED:c10, conf=0: [7171416e-d570-4db8-8282-6e036003ab52|rpc:10.1.0.29:35393|dataStream:|priority:0, 5e6908a8-a78b-4a66-9555-b48c04384dc8|rpc:10.1.0.29:40571|dataStream:|priority:0, fc150688-1f76-4ec0-a672-aaf91f0753c3|rpc:10.1.0.29:37101|dataStream:|priority:1], old=null
2022-04-27 10:53:17,162 [5e6908a8-a78b-4a66-9555-b48c04384dc8@group-E78063F29D5F-LeaderElection31] INFO  impl.LeaderElection (LogUtils.java:infoOrTrace(137)) - 5e6908a8-a78b-4a66-9555-b48c04384dc8@group-E78063F29D5F-LeaderElection31 got exception when requesting votes: java.util.concurrent.ExecutionException: org.apache.ratis.thirdparty.io.grpc.StatusRuntimeException: INTERNAL: fc150688-1f76-4ec0-a672-aaf91f0753c3: group-E78063F29D5F not found.
2022-04-27 10:53:17,162 [5e6908a8-a78b-4a66-9555-b48c04384dc8@group-E78063F29D5F-LeaderElection31] INFO  impl.LeaderElection (LeaderElection.java:logAndReturn(89)) - 5e6908a8-a78b-4a66-9555-b48c04384dc8@group-E78063F29D5F-LeaderElection31: ELECTION PASSED received 1 response(s) and 1 exception(s):
2022-04-27 10:53:17,162 [5e6908a8-a78b-4a66-9555-b48c04384dc8@group-E78063F29D5F-LeaderElection31] INFO  impl.LeaderElection (LeaderElection.java:logAndReturn(93)) -   Response 0: 5e6908a8-a78b-4a66-9555-b48c04384dc8<-7171416e-d570-4db8-8282-6e036003ab52#0:OK-t5
2022-04-27 10:53:17,162 [5e6908a8-a78b-4a66-9555-b48c04384dc8@group-E78063F29D5F-LeaderElection31] INFO  impl.LeaderElection (LogUtils.java:infoOrTrace(137)) -   Exception 1: java.util.concurrent.ExecutionException: org.apache.ratis.thirdparty.io.grpc.StatusRuntimeException: INTERNAL: fc150688-1f76-4ec0-a672-aaf91f0753c3: group-E78063F29D5F not found.
2022-04-27 10:53:17,163 [5e6908a8-a78b-4a66-9555-b48c04384dc8@group-E78063F29D5F-LeaderElection31] INFO  impl.LeaderElection (LeaderElection.java:askForVotes(308)) - 5e6908a8-a78b-4a66-9555-b48c04384dc8@group-E78063F29D5F-LeaderElection31 ELECTION round 0: result PASSED
2022-04-27 10:53:17,163 [5e6908a8-a78b-4a66-9555-b48c04384dc8@group-E78063F29D5F-LeaderElection31] INFO  impl.RoleInfo (RoleInfo.java:shutdownLeaderElection(121)) - 5e6908a8-a78b-4a66-9555-b48c04384dc8: shutdown 5e6908a8-a78b-4a66-9555-b48c04384dc8@group-E78063F29D5F-LeaderElection31
2022-04-27 10:53:17,163 [5e6908a8-a78b-4a66-9555-b48c04384dc8@group-E78063F29D5F-LeaderElection31] INFO  server.RaftServer$Division (RaftServerImpl.java:setRole(290)) - 5e6908a8-a78b-4a66-9555-b48c04384dc8@group-E78063F29D5F: changes role from CANDIDATE to LEADER at term 5 for changeToLeader
2022-04-27 10:53:17,163 [5e6908a8-a78b-4a66-9555-b48c04384dc8@group-E78063F29D5F-LeaderElection31] INFO  ratis.XceiverServerRatis (XceiverServerRatis.java:handleLeaderChangedNotification(863)) - Leader change notification received for group: group-E78063F29D5F with new leaderId: 5e6908a8-a78b-4a66-9555-b48c04384dc8
2022-04-27 10:53:17,163 [5e6908a8-a78b-4a66-9555-b48c04384dc8@group-E78063F29D5F-LeaderElection31] INFO  server.RaftServer$Division (ServerState.java:setLeader(285)) - 5e6908a8-a78b-4a66-9555-b48c04384dc8@group-E78063F29D5F: change Leader from null to 5e6908a8-a78b-4a66-9555-b48c04384dc8 at term 5 for becomeLeader, leader elected after 5167ms
2022-04-27 10:53:17,163 [5e6908a8-a78b-4a66-9555-b48c04384dc8@group-E78063F29D5F-LeaderElection31] INFO  server.RaftServerConfigKeys (ConfUtils.java:logGet(44)) - raft.server.staging.catchup.gap = 1000 (default)
2022-04-27 10:53:17,163 [5e6908a8-a78b-4a66-9555-b48c04384dc8@group-E78063F29D5F-LeaderElection31] INFO  server.RaftServerConfigKeys (ConfUtils.java:logGet(44)) - raft.server.write.element-limit = 1024 (custom)
2022-04-27 10:53:17,163 [5e6908a8-a78b-4a66-9555-b48c04384dc8@group-E78063F29D5F-LeaderElection31] INFO  server.RaftServerConfigKeys (ConfUtils.java:logGet(44)) - raft.server.write.byte-limit = 1024 M (=1073741824) (custom)
2022-04-27 10:53:17,164 [5e6908a8-a78b-4a66-9555-b48c04384dc8@group-E78063F29D5F-LeaderElection31] INFO  server.RaftServerConfigKeys (ConfUtils.java:logGet(44)) - raft.server.watch.timeout = 10000ms (default)
2022-04-27 10:53:17,164 [5e6908a8-a78b-4a66-9555-b48c04384dc8@group-E78063F29D5F-LeaderElection31] INFO  server.RaftServerConfigKeys (ConfUtils.java:logGet(44)) - raft.server.watch.timeout.denomination = 1s (default)
2022-04-27 10:53:17,164 [5e6908a8-a78b-4a66-9555-b48c04384dc8@group-E78063F29D5F-LeaderElection31] INFO  server.RaftServerConfigKeys (ConfUtils.java:logGet(44)) - raft.server.watch.element-limit = 65536 (default)
2022-04-27 10:53:17,164 [5e6908a8-a78b-4a66-9555-b48c04384dc8@group-E78063F29D5F-LeaderElection31] INFO  server.RaftServerConfigKeys (ConfUtils.java:logGet(44)) - raft.server.write.element-limit = 1024 (custom)
2022-04-27 10:53:17,164 [5e6908a8-a78b-4a66-9555-b48c04384dc8@group-E78063F29D5F-LeaderElection31] INFO  server.RaftServerConfigKeys (ConfUtils.java:logGet(44)) - raft.server.write.follower.gap.ratio.max = -1.0 (default)
2022-04-27 10:53:17,164 [5e6908a8-a78b-4a66-9555-b48c04384dc8@group-E78063F29D5F-LeaderElection31] INFO  server.RaftServerConfigKeys (ConfUtils.java:logGet(44)) - raft.server.log.appender.snapshot.chunk.size.max = 16MB (=16777216) (default)
2022-04-27 10:53:17,164 [5e6908a8-a78b-4a66-9555-b48c04384dc8@group-E78063F29D5F-LeaderElection31] INFO  server.RaftServerConfigKeys (ConfUtils.java:logGet(44)) - raft.server.log.appender.buffer.byte-limit = 33554432 (custom)
2022-04-27 10:53:17,164 [5e6908a8-a78b-4a66-9555-b48c04384dc8@group-E78063F29D5F-LeaderElection31] INFO  server.RaftServerConfigKeys (ConfUtils.java:logGet(44)) - raft.server.log.appender.buffer.element-limit = 1 (custom)
2022-04-27 10:53:17,164 [5e6908a8-a78b-4a66-9555-b48c04384dc8@group-E78063F29D5F-LeaderElection31] INFO  grpc.GrpcConfigKeys (ConfUtils.java:logGet(44)) - raft.grpc.server.leader.outstanding.appends.max = 128 (default)
2022-04-27 10:53:17,164 [5e6908a8-a78b-4a66-9555-b48c04384dc8@group-E78063F29D5F-LeaderElection31] INFO  server.RaftServerConfigKeys (ConfUtils.java:logGet(44)) - raft.server.rpc.request.timeout = 3000ms (default)
2022-04-27 10:53:17,164 [5e6908a8-a78b-4a66-9555-b48c04384dc8@group-E78063F29D5F-LeaderElection31] INFO  server.RaftServerConfigKeys (ConfUtils.java:logGet(44)) - raft.server.log.appender.install.snapshot.enabled = false (custom)
2022-04-27 10:53:17,165 [5e6908a8-a78b-4a66-9555-b48c04384dc8@group-E78063F29D5F-LeaderElection31] INFO  server.RaftServerConfigKeys (ConfUtils.java:logGet(44)) - raft.server.log.appender.snapshot.chunk.size.max = 16MB (=16777216) (default)
2022-04-27 10:53:17,165 [5e6908a8-a78b-4a66-9555-b48c04384dc8@group-E78063F29D5F-LeaderElection31] INFO  server.RaftServerConfigKeys (ConfUtils.java:logGet(44)) - raft.server.log.appender.buffer.byte-limit = 33554432 (custom)
2022-04-27 10:53:17,165 [5e6908a8-a78b-4a66-9555-b48c04384dc8@group-E78063F29D5F-LeaderElection31] INFO  server.RaftServerConfigKeys (ConfUtils.java:logGet(44)) - raft.server.log.appender.buffer.element-limit = 1 (custom)
2022-04-27 10:53:17,172 [5e6908a8-a78b-4a66-9555-b48c04384dc8@group-E78063F29D5F-LeaderElection31] INFO  grpc.GrpcConfigKeys (ConfUtils.java:logGet(44)) - raft.grpc.server.leader.outstanding.appends.max = 128 (default)
2022-04-27 10:53:17,172 [5e6908a8-a78b-4a66-9555-b48c04384dc8@group-E78063F29D5F-LeaderElection31] INFO  server.RaftServerConfigKeys (ConfUtils.java:logGet(44)) - raft.server.rpc.request.timeout = 3000ms (default)
2022-04-27 10:53:17,172 [5e6908a8-a78b-4a66-9555-b48c04384dc8@group-E78063F29D5F-LeaderElection31] INFO  server.RaftServerConfigKeys (ConfUtils.java:logGet(44)) - raft.server.log.appender.install.snapshot.enabled = false (custom)
2022-04-27 10:53:17,173 [5e6908a8-a78b-4a66-9555-b48c04384dc8@group-E78063F29D5F-LeaderElection31] INFO  impl.RoleInfo (RoleInfo.java:updateAndGet(130)) - 5e6908a8-a78b-4a66-9555-b48c04384dc8: start 5e6908a8-a78b-4a66-9555-b48c04384dc8@group-E78063F29D5F-LeaderStateImpl
2022-04-27 10:53:17,176 [5e6908a8-a78b-4a66-9555-b48c04384dc8@group-E78063F29D5F-LeaderElection31] INFO  segmented.SegmentedRaftLogWorker (SegmentedRaftLogWorker.java:rollLogSegment(399)) - 5e6908a8-a78b-4a66-9555-b48c04384dc8@group-E78063F29D5F-SegmentedRaftLogWorker: Rolling segment log-0_10 to index:10
2022-04-27 10:53:17,178 [5e6908a8-a78b-4a66-9555-b48c04384dc8@group-E78063F29D5F-SegmentedRaftLogWorker] INFO  segmented.SegmentedRaftLogWorker (SegmentedRaftLogWorker.java:execute(558)) - 5e6908a8-a78b-4a66-9555-b48c04384dc8@group-E78063F29D5F-SegmentedRaftLogWorker: Rolled log segment from /home/runner/work/ozone/ozone/hadoop-ozone/integration-test/target/test-dir/MiniOzoneClusterImpl-6fb830c9-5413-49cc-a625-6cf41c4e5c97/datanode-6/data/ratis/d2638837-f985-4e21-8ffd-e78063f29d5f/current/log_inprogress_0 to /home/runner/work/ozone/ozone/hadoop-ozone/integration-test/target/test-dir/MiniOzoneClusterImpl-6fb830c9-5413-49cc-a625-6cf41c4e5c97/datanode-6/data/ratis/d2638837-f985-4e21-8ffd-e78063f29d5f/current/log_0-10
2022-04-27 10:53:17,180 [5e6908a8-a78b-4a66-9555-b48c04384dc8@group-E78063F29D5F-SegmentedRaftLogWorker] INFO  segmented.SegmentedRaftLogWorker (SegmentedRaftLogWorker.java:execute(601)) - 5e6908a8-a78b-4a66-9555-b48c04384dc8@group-E78063F29D5F-SegmentedRaftLogWorker: created new log segment /home/runner/work/ozone/ozone/hadoop-ozone/integration-test/target/test-dir/MiniOzoneClusterImpl-6fb830c9-5413-49cc-a625-6cf41c4e5c97/datanode-6/data/ratis/d2638837-f985-4e21-8ffd-e78063f29d5f/current/log_inprogress_11
2022-04-27 10:53:17,199 [5e6908a8-a78b-4a66-9555-b48c04384dc8@group-E78063F29D5F-LeaderElection31] INFO  server.RaftServer$Division (ServerState.java:setRaftConf(387)) - 5e6908a8-a78b-4a66-9555-b48c04384dc8@group-E78063F29D5F: set configuration 11: [7171416e-d570-4db8-8282-6e036003ab52|rpc:10.1.0.29:35393|dataStream:|priority:0, 5e6908a8-a78b-4a66-9555-b48c04384dc8|rpc:10.1.0.29:40571|dataStream:|priority:0, fc150688-1f76-4ec0-a672-aaf91f0753c3|rpc:10.1.0.29:37101|dataStream:|priority:1], old=null
2022-04-27 10:53:17,212 [EventQueue-PipelineReportForPipelineReportHandler] INFO  pipeline.PipelineReportHandler (PipelineReportHandler.java:processPipelineReport(113)) - Reported pipeline PipelineID=cf80c735-cb93-438b-a05e-dff27b2a1031 is not found
2022-04-27 10:53:17,214 [grpc-default-executor-1] INFO  ratis.XceiverServerRatis (XceiverServerRatis.java:handleLeaderChangedNotification(863)) - Leader change notification received for group: group-E78063F29D5F with new leaderId: 5e6908a8-a78b-4a66-9555-b48c04384dc8
2022-04-27 10:53:17,214 [grpc-default-executor-1] INFO  server.RaftServer$Division (ServerState.java:setLeader(285)) - 7171416e-d570-4db8-8282-6e036003ab52@group-E78063F29D5F: change Leader from null to 5e6908a8-a78b-4a66-9555-b48c04384dc8 at term 5 for appendEntries, leader elected after 5236ms
2022-04-27 10:53:17,216 [grpc-default-executor-1] INFO  server.RaftServer$Division (ServerState.java:setRaftConf(387)) - 7171416e-d570-4db8-8282-6e036003ab52@group-E78063F29D5F: set configuration 11: [7171416e-d570-4db8-8282-6e036003ab52|rpc:10.1.0.29:35393|dataStream:|priority:0, 5e6908a8-a78b-4a66-9555-b48c04384dc8|rpc:10.1.0.29:40571|dataStream:|priority:0, fc150688-1f76-4ec0-a672-aaf91f0753c3|rpc:10.1.0.29:37101|dataStream:|priority:1], old=null
2022-04-27 10:53:17,216 [grpc-default-executor-1] INFO  segmented.SegmentedRaftLogWorker (SegmentedRaftLogWorker.java:rollLogSegment(399)) - 7171416e-d570-4db8-8282-6e036003ab52@group-E78063F29D5F-SegmentedRaftLogWorker: Rolling segment log-0_10 to index:10
2022-04-27 10:53:17,217 [7171416e-d570-4db8-8282-6e036003ab52@group-E78063F29D5F-SegmentedRaftLogWorker] INFO  segmented.SegmentedRaftLogWorker (SegmentedRaftLogWorker.java:execute(558)) - 7171416e-d570-4db8-8282-6e036003ab52@group-E78063F29D5F-SegmentedRaftLogWorker: Rolled log segment from /home/runner/work/ozone/ozone/hadoop-ozone/integration-test/target/test-dir/MiniOzoneClusterImpl-6fb830c9-5413-49cc-a625-6cf41c4e5c97/datanode-7/data/ratis/d2638837-f985-4e21-8ffd-e78063f29d5f/current/log_inprogress_0 to /home/runner/work/ozone/ozone/hadoop-ozone/integration-test/target/test-dir/MiniOzoneClusterImpl-6fb830c9-5413-49cc-a625-6cf41c4e5c97/datanode-7/data/ratis/d2638837-f985-4e21-8ffd-e78063f29d5f/current/log_0-10
2022-04-27 10:53:17,219 [7171416e-d570-4db8-8282-6e036003ab52@group-E78063F29D5F-SegmentedRaftLogWorker] INFO  segmented.SegmentedRaftLogWorker (SegmentedRaftLogWorker.java:execute(601)) - 7171416e-d570-4db8-8282-6e036003ab52@group-E78063F29D5F-SegmentedRaftLogWorker: created new log segment /home/runner/work/ozone/ozone/hadoop-ozone/integration-test/target/test-dir/MiniOzoneClusterImpl-6fb830c9-5413-49cc-a625-6cf41c4e5c97/datanode-7/data/ratis/d2638837-f985-4e21-8ffd-e78063f29d5f/current/log_inprogress_11
2022-04-27 10:53:17,223 [5e6908a8-a78b-4a66-9555-b48c04384dc8@group-E78063F29D5F-StateMachineUpdater] INFO  ratis.ContainerStateMachine (ContainerStateMachine.java:takeSnapshot(304)) - group-E78063F29D5F: Taking a snapshot at:(t:5, i:11) file /home/runner/work/ozone/ozone/hadoop-ozone/integration-test/target/test-dir/MiniOzoneClusterImpl-6fb830c9-5413-49cc-a625-6cf41c4e5c97/datanode-6/data/ratis/d2638837-f985-4e21-8ffd-e78063f29d5f/sm/snapshot.5_11
2022-04-27 10:53:17,227 [5e6908a8-a78b-4a66-9555-b48c04384dc8@group-E78063F29D5F-StateMachineUpdater] INFO  ratis.ContainerStateMachine (ContainerStateMachine.java:takeSnapshot(315)) - group-E78063F29D5F: Finished taking a snapshot at:(t:5, i:11) file:/home/runner/work/ozone/ozone/hadoop-ozone/integration-test/target/test-dir/MiniOzoneClusterImpl-6fb830c9-5413-49cc-a625-6cf41c4e5c97/datanode-6/data/ratis/d2638837-f985-4e21-8ffd-e78063f29d5f/sm/snapshot.5_11 took: 4 ms
2022-04-27 10:53:17,229 [5e6908a8-a78b-4a66-9555-b48c04384dc8@group-E78063F29D5F-StateMachineUpdater] INFO  impl.SimpleStateMachineStorage (SimpleStateMachineStorage.java:cleanupOldSnapshots(102)) - Deleting old snapshot at /home/runner/work/ozone/ozone/hadoop-ozone/integration-test/target/test-dir/MiniOzoneClusterImpl-6fb830c9-5413-49cc-a625-6cf41c4e5c97/datanode-6/data/ratis/d2638837-f985-4e21-8ffd-e78063f29d5f/sm/snapshot.3_1
2022-04-27 10:53:17,229 [5e6908a8-a78b-4a66-9555-b48c04384dc8@group-E78063F29D5F-StateMachineUpdater] INFO  impl.StateMachineUpdater (StateMachineUpdater.java:takeSnapshot(281)) - 5e6908a8-a78b-4a66-9555-b48c04384dc8@group-E78063F29D5F-StateMachineUpdater: Took a snapshot at index 11
2022-04-27 10:53:17,229 [5e6908a8-a78b-4a66-9555-b48c04384dc8@group-E78063F29D5F-StateMachineUpdater] INFO  impl.StateMachineUpdater (StateMachineUpdater.java:lambda$new$0(89)) - 5e6908a8-a78b-4a66-9555-b48c04384dc8@group-E78063F29D5F-StateMachineUpdater: snapshotIndex: updateIncreasingly 10 -> 11
2022-04-27 10:53:17,235 [7171416e-d570-4db8-8282-6e036003ab52@group-E78063F29D5F-StateMachineUpdater] INFO  ratis.ContainerStateMachine (ContainerStateMachine.java:takeSnapshot(304)) - group-E78063F29D5F: Taking a snapshot at:(t:5, i:11) file /home/runner/work/ozone/ozone/hadoop-ozone/integration-test/target/test-dir/MiniOzoneClusterImpl-6fb830c9-5413-49cc-a625-6cf41c4e5c97/datanode-7/data/ratis/d2638837-f985-4e21-8ffd-e78063f29d5f/sm/snapshot.5_11
2022-04-27 10:53:17,236 [7171416e-d570-4db8-8282-6e036003ab52@group-E78063F29D5F-StateMachineUpdater] INFO  ratis.ContainerStateMachine (ContainerStateMachine.java:takeSnapshot(315)) - group-E78063F29D5F: Finished taking a snapshot at:(t:5, i:11) file:/home/runner/work/ozone/ozone/hadoop-ozone/integration-test/target/test-dir/MiniOzoneClusterImpl-6fb830c9-5413-49cc-a625-6cf41c4e5c97/datanode-7/data/ratis/d2638837-f985-4e21-8ffd-e78063f29d5f/sm/snapshot.5_11 took: 1 ms
2022-04-27 10:53:17,237 [7171416e-d570-4db8-8282-6e036003ab52@group-E78063F29D5F-StateMachineUpdater] INFO  impl.SimpleStateMachineStorage (SimpleStateMachineStorage.java:cleanupOldSnapshots(102)) - Deleting old snapshot at /home/runner/work/ozone/ozone/hadoop-ozone/integration-test/target/test-dir/MiniOzoneClusterImpl-6fb830c9-5413-49cc-a625-6cf41c4e5c97/datanode-7/data/ratis/d2638837-f985-4e21-8ffd-e78063f29d5f/sm/snapshot.3_5
2022-04-27 10:53:17,237 [7171416e-d570-4db8-8282-6e036003ab52@group-E78063F29D5F-StateMachineUpdater] INFO  impl.StateMachineUpdater (StateMachineUpdater.java:takeSnapshot(281)) - 7171416e-d570-4db8-8282-6e036003ab52@group-E78063F29D5F-StateMachineUpdater: Took a snapshot at index 11
2022-04-27 10:53:17,237 [5e6908a8-a78b-4a66-9555-b48c04384dc8@group-E78063F29D5F-StateMachineUpdater] INFO  ratis.ContainerStateMachine (ContainerStateMachine.java:takeSnapshot(304)) - group-E78063F29D5F: Taking a snapshot at:(t:5, i:12) file /home/runner/work/ozone/ozone/hadoop-ozone/integration-test/target/test-dir/MiniOzoneClusterImpl-6fb830c9-5413-49cc-a625-6cf41c4e5c97/datanode-6/data/ratis/d2638837-f985-4e21-8ffd-e78063f29d5f/sm/snapshot.5_12
2022-04-27 10:53:17,237 [7171416e-d570-4db8-8282-6e036003ab52@group-E78063F29D5F-StateMachineUpdater] INFO  impl.StateMachineUpdater (StateMachineUpdater.java:lambda$new$0(89)) - 7171416e-d570-4db8-8282-6e036003ab52@group-E78063F29D5F-StateMachineUpdater: snapshotIndex: updateIncreasingly 10 -> 11
2022-04-27 10:53:17,241 [5e6908a8-a78b-4a66-9555-b48c04384dc8@group-E78063F29D5F-StateMachineUpdater] INFO  ratis.ContainerStateMachine (ContainerStateMachine.java:takeSnapshot(315)) - group-E78063F29D5F: Finished taking a snapshot at:(t:5, i:12) file:/home/runner/work/ozone/ozone/hadoop-ozone/integration-test/target/test-dir/MiniOzoneClusterImpl-6fb830c9-5413-49cc-a625-6cf41c4e5c97/datanode-6/data/ratis/d2638837-f985-4e21-8ffd-e78063f29d5f/sm/snapshot.5_12 took: 4 ms
2022-04-27 10:53:17,241 [5e6908a8-a78b-4a66-9555-b48c04384dc8@group-E78063F29D5F-StateMachineUpdater] INFO  impl.SimpleStateMachineStorage (SimpleStateMachineStorage.java:cleanupOldSnapshots(102)) - Deleting old snapshot at /home/runner/work/ozone/ozone/hadoop-ozone/integration-test/target/test-dir/MiniOzoneClusterImpl-6fb830c9-5413-49cc-a625-6cf41c4e5c97/datanode-6/data/ratis/d2638837-f985-4e21-8ffd-e78063f29d5f/sm/snapshot.3_4
2022-04-27 10:53:17,241 [5e6908a8-a78b-4a66-9555-b48c04384dc8@group-E78063F29D5F-StateMachineUpdater] INFO  impl.StateMachineUpdater (StateMachineUpdater.java:takeSnapshot(281)) - 5e6908a8-a78b-4a66-9555-b48c04384dc8@group-E78063F29D5F-StateMachineUpdater: Took a snapshot at index 12
2022-04-27 10:53:17,241 [5e6908a8-a78b-4a66-9555-b48c04384dc8@group-E78063F29D5F-StateMachineUpdater] INFO  impl.StateMachineUpdater (StateMachineUpdater.java:lambda$new$0(89)) - 5e6908a8-a78b-4a66-9555-b48c04384dc8@group-E78063F29D5F-StateMachineUpdater: snapshotIndex: updateIncreasingly 11 -> 12
2022-04-27 10:53:17,248 [FixedThreadPoolWithAffinityExecutor-1-0] WARN  container.ContainerReportHandler (AbstractContainerReportHandler.java:updateContainerState(255)) - Container #4 is in OPEN state, but the datanode 5305b34f-83d0-4be9-8032-f631ee150b78{ip: 10.1.0.29, host: fv-az270-423.tacnzluakwdehk1hpragurqkma.bx.internal.cloudapp.net, ports: [REPLICATION=45903, RATIS=34741, RATIS_ADMIN=34741, RATIS_SERVER=34741, STANDALONE=45233], networkLocation: /default-rack, certSerialId: null, persistedOpState: IN_SERVICE, persistedOpStateExpiryEpochSec: 0} reports an CLOSED replica.
2022-04-27 10:53:17,265 [EventQueue-PipelineReportForPipelineReportHandler] INFO  pipeline.PipelineReportHandler (PipelineReportHandler.java:processPipelineReport(113)) - Reported pipeline PipelineID=7f2d013c-276b-4407-99e7-7308f894fd3a is not found
2022-04-27 10:53:17,265 [EventQueue-PipelineReportForPipelineReportHandler] INFO  pipeline.PipelineReportHandler (PipelineReportHandler.java:processPipelineReport(113)) - Reported pipeline PipelineID=cf80c735-cb93-438b-a05e-dff27b2a1031 is not found
2022-04-27 10:53:17,448 [FixedThreadPoolWithAffinityExecutor-9-0] WARN  container.ContainerReportHandler (AbstractContainerReportHandler.java:updateContainerState(255)) - Container #4 is in OPEN state, but the datanode 5305b34f-83d0-4be9-8032-f631ee150b78{ip: 10.1.0.29, host: fv-az270-423.tacnzluakwdehk1hpragurqkma.bx.internal.cloudapp.net, ports: [REPLICATION=45903, RATIS=34741, RATIS_ADMIN=34741, RATIS_SERVER=34741, STANDALONE=45233], networkLocation: /default-rack, certSerialId: null, persistedOpState: IN_SERVICE, persistedOpStateExpiryEpochSec: 0} reports an CLOSED replica.
2022-04-27 10:53:17,464 [EventQueue-PipelineReportForPipelineReportHandler] INFO  pipeline.PipelineReportHandler (PipelineReportHandler.java:processPipelineReport(113)) - Reported pipeline PipelineID=cf80c735-cb93-438b-a05e-dff27b2a1031 is not found
2022-04-27 10:53:17,610 [EventQueue-PipelineReportForPipelineReportHandler] INFO  pipeline.PipelineReportHandler (PipelineReportHandler.java:processPipelineReport(113)) - Reported pipeline PipelineID=cf80c735-cb93-438b-a05e-dff27b2a1031 is not found
2022-04-27 10:53:17,648 [FixedThreadPoolWithAffinityExecutor-8-0] WARN  container.ContainerReportHandler (AbstractContainerReportHandler.java:updateContainerState(255)) - Container #4 is in OPEN state, but the datanode 5305b34f-83d0-4be9-8032-f631ee150b78{ip: 10.1.0.29, host: fv-az270-423.tacnzluakwdehk1hpragurqkma.bx.internal.cloudapp.net, ports: [REPLICATION=45903, RATIS=34741, RATIS_ADMIN=34741, RATIS_SERVER=34741, STANDALONE=45233], networkLocation: /default-rack, certSerialId: null, persistedOpState: IN_SERVICE, persistedOpStateExpiryEpochSec: 0} reports an CLOSED replica.
2022-04-27 10:53:17,663 [EventQueue-PipelineReportForPipelineReportHandler] INFO  pipeline.PipelineReportHandler (PipelineReportHandler.java:processPipelineReport(113)) - Reported pipeline PipelineID=cf80c735-cb93-438b-a05e-dff27b2a1031 is not found
2022-04-27 10:53:17,664 [EventQueue-PipelineReportForPipelineReportHandler] INFO  pipeline.PipelineReportHandler (PipelineReportHandler.java:processPipelineReport(113)) - Reported pipeline PipelineID=7f2d013c-276b-4407-99e7-7308f894fd3a is not found
2022-04-27 10:53:17,810 [EventQueue-PipelineReportForPipelineReportHandler] INFO  pipeline.PipelineReportHandler (PipelineReportHandler.java:processPipelineReport(113)) - Reported pipeline PipelineID=cf80c735-cb93-438b-a05e-dff27b2a1031 is not found
2022-04-27 10:53:17,848 [FixedThreadPoolWithAffinityExecutor-1-0] WARN  container.ContainerReportHandler (AbstractContainerReportHandler.java:updateContainerState(255)) - Container #4 is in OPEN state, but the datanode 5305b34f-83d0-4be9-8032-f631ee150b78{ip: 10.1.0.29, host: fv-az270-423.tacnzluakwdehk1hpragurqkma.bx.internal.cloudapp.net, ports: [REPLICATION=45903, RATIS=34741, RATIS_ADMIN=34741, RATIS_SERVER=34741, STANDALONE=45233], networkLocation: /default-rack, certSerialId: null, persistedOpState: IN_SERVICE, persistedOpStateExpiryEpochSec: 0} reports an CLOSED replica.
2022-04-27 10:53:17,864 [EventQueue-PipelineReportForPipelineReportHandler] INFO  pipeline.PipelineReportHandler (PipelineReportHandler.java:processPipelineReport(113)) - Reported pipeline PipelineID=7f2d013c-276b-4407-99e7-7308f894fd3a is not found
2022-04-27 10:53:17,865 [EventQueue-PipelineReportForPipelineReportHandler] INFO  pipeline.PipelineReportHandler (PipelineReportHandler.java:processPipelineReport(113)) - Reported pipeline PipelineID=cf80c735-cb93-438b-a05e-dff27b2a1031 is not found
2022-04-27 10:53:18,010 [EventQueue-PipelineReportForPipelineReportHandler] INFO  pipeline.PipelineReportHandler (PipelineReportHandler.java:processPipelineReport(113)) - Reported pipeline PipelineID=cf80c735-cb93-438b-a05e-dff27b2a1031 is not found
2022-04-27 10:53:18,063 [EventQueue-PipelineReportForPipelineReportHandler] INFO  pipeline.PipelineReportHandler (PipelineReportHandler.java:processPipelineReport(113)) - Reported pipeline PipelineID=cf80c735-cb93-438b-a05e-dff27b2a1031 is not found
2022-04-27 10:53:18,064 [EventQueue-PipelineReportForPipelineReportHandler] INFO  pipeline.PipelineReportHandler (PipelineReportHandler.java:processPipelineReport(113)) - Reported pipeline PipelineID=7f2d013c-276b-4407-99e7-7308f894fd3a is not found
2022-04-27 10:53:18,065 [EventQueue-PipelineReportForPipelineReportHandler] INFO  pipeline.PipelineReportHandler (PipelineReportHandler.java:processPipelineReport(113)) - Reported pipeline PipelineID=cf80c735-cb93-438b-a05e-dff27b2a1031 is not found
2022-04-27 10:53:18,248 [FixedThreadPoolWithAffinityExecutor-1-0] WARN  container.ContainerReportHandler (AbstractContainerReportHandler.java:updateContainerState(255)) - Container #4 is in OPEN state, but the datanode 5305b34f-83d0-4be9-8032-f631ee150b78{ip: 10.1.0.29, host: fv-az270-423.tacnzluakwdehk1hpragurqkma.bx.internal.cloudapp.net, ports: [REPLICATION=45903, RATIS=34741, RATIS_ADMIN=34741, RATIS_SERVER=34741, STANDALONE=45233], networkLocation: /default-rack, certSerialId: null, persistedOpState: IN_SERVICE, persistedOpStateExpiryEpochSec: 0} reports an CLOSED replica.
2022-04-27 10:53:18,264 [EventQueue-PipelineReportForPipelineReportHandler] INFO  pipeline.PipelineReportHandler (PipelineReportHandler.java:processPipelineReport(113)) - Reported pipeline PipelineID=cf80c735-cb93-438b-a05e-dff27b2a1031 is not found
2022-04-27 10:53:18,265 [EventQueue-PipelineReportForPipelineReportHandler] INFO  pipeline.PipelineReportHandler (PipelineReportHandler.java:processPipelineReport(113)) - Reported pipeline PipelineID=cf80c735-cb93-438b-a05e-dff27b2a1031 is not found
2022-04-27 10:53:18,409 [EventQueue-PipelineReportForPipelineReportHandler] INFO  pipeline.PipelineReportHandler (PipelineReportHandler.java:processPipelineReport(113)) - Reported pipeline PipelineID=cf80c735-cb93-438b-a05e-dff27b2a1031 is not found
2022-04-27 10:53:18,465 [EventQueue-PipelineReportForPipelineReportHandler] INFO  pipeline.PipelineReportHandler (PipelineReportHandler.java:processPipelineReport(113)) - Reported pipeline PipelineID=7f2d013c-276b-4407-99e7-7308f894fd3a is not found
2022-04-27 10:53:18,610 [EventQueue-PipelineReportForPipelineReportHandler] INFO  pipeline.PipelineReportHandler (PipelineReportHandler.java:processPipelineReport(113)) - Reported pipeline PipelineID=cf80c735-cb93-438b-a05e-dff27b2a1031 is not found
2022-04-27 10:53:18,648 [FixedThreadPoolWithAffinityExecutor-8-0] WARN  container.ContainerReportHandler (AbstractContainerReportHandler.java:updateContainerState(255)) - Container #4 is in OPEN state, but the datanode 5305b34f-83d0-4be9-8032-f631ee150b78{ip: 10.1.0.29, host: fv-az270-423.tacnzluakwdehk1hpragurqkma.bx.internal.cloudapp.net, ports: [REPLICATION=45903, RATIS=34741, RATIS_ADMIN=34741, RATIS_SERVER=34741, STANDALONE=45233], networkLocation: /default-rack, certSerialId: null, persistedOpState: IN_SERVICE, persistedOpStateExpiryEpochSec: 0} reports an CLOSED replica.
2022-04-27 10:53:18,664 [EventQueue-PipelineReportForPipelineReportHandler] INFO  pipeline.PipelineReportHandler (PipelineReportHandler.java:processPipelineReport(113)) - Reported pipeline PipelineID=cf80c735-cb93-438b-a05e-dff27b2a1031 is not found
2022-04-27 10:53:18,665 [EventQueue-PipelineReportForPipelineReportHandler] INFO  pipeline.PipelineReportHandler (PipelineReportHandler.java:processPipelineReport(113)) - Reported pipeline PipelineID=7f2d013c-276b-4407-99e7-7308f894fd3a is not found
2022-04-27 10:53:18,665 [EventQueue-PipelineReportForPipelineReportHandler] INFO  pipeline.PipelineReportHandler (PipelineReportHandler.java:processPipelineReport(113)) - Reported pipeline PipelineID=cf80c735-cb93-438b-a05e-dff27b2a1031 is not found
2022-04-27 10:53:18,810 [EventQueue-PipelineReportForPipelineReportHandler] INFO  pipeline.PipelineReportHandler (PipelineReportHandler.java:processPipelineReport(113)) - Reported pipeline PipelineID=cf80c735-cb93-438b-a05e-dff27b2a1031 is not found
2022-04-27 10:53:18,848 [FixedThreadPoolWithAffinityExecutor-8-0] WARN  container.ContainerReportHandler (AbstractContainerReportHandler.java:updateContainerState(255)) - Container #4 is in OPEN state, but the datanode 5305b34f-83d0-4be9-8032-f631ee150b78{ip: 10.1.0.29, host: fv-az270-423.tacnzluakwdehk1hpragurqkma.bx.internal.cloudapp.net, ports: [REPLICATION=45903, RATIS=34741, RATIS_ADMIN=34741, RATIS_SERVER=34741, STANDALONE=45233], networkLocation: /default-rack, certSerialId: null, persistedOpState: IN_SERVICE, persistedOpStateExpiryEpochSec: 0} reports an CLOSED replica.
2022-04-27 10:53:18,864 [EventQueue-PipelineReportForPipelineReportHandler] INFO  pipeline.PipelineReportHandler (PipelineReportHandler.java:processPipelineReport(113)) - Reported pipeline PipelineID=cf80c735-cb93-438b-a05e-dff27b2a1031 is not found
2022-04-27 10:53:19,071 [EventQueue-PipelineReportForPipelineReportHandler] INFO  pipeline.PipelineReportHandler (PipelineReportHandler.java:processPipelineReport(113)) - Reported pipeline PipelineID=cf80c735-cb93-438b-a05e-dff27b2a1031 is not found
2022-04-27 10:53:19,073 [EventQueue-PipelineReportForPipelineReportHandler] INFO  pipeline.PipelineReportHandler (PipelineReportHandler.java:processPipelineReport(113)) - Reported pipeline PipelineID=7f2d013c-276b-4407-99e7-7308f894fd3a is not found
2022-04-27 10:53:19,210 [EventQueue-PipelineReportForPipelineReportHandler] INFO  pipeline.PipelineReportHandler (PipelineReportHandler.java:processPipelineReport(113)) - Reported pipeline PipelineID=cf80c735-cb93-438b-a05e-dff27b2a1031 is not found
2022-04-27 10:53:19,248 [FixedThreadPoolWithAffinityExecutor-1-0] WARN  container.ContainerReportHandler (AbstractContainerReportHandler.java:updateContainerState(255)) - Container #4 is in OPEN state, but the datanode 5305b34f-83d0-4be9-8032-f631ee150b78{ip: 10.1.0.29, host: fv-az270-423.tacnzluakwdehk1hpragurqkma.bx.internal.cloudapp.net, ports: [REPLICATION=45903, RATIS=34741, RATIS_ADMIN=34741, RATIS_SERVER=34741, STANDALONE=45233], networkLocation: /default-rack, certSerialId: null, persistedOpState: IN_SERVICE, persistedOpStateExpiryEpochSec: 0} reports an CLOSED replica.
2022-04-27 10:53:19,264 [EventQueue-PipelineReportForPipelineReportHandler] INFO  pipeline.PipelineReportHandler (PipelineReportHandler.java:processPipelineReport(113)) - Reported pipeline PipelineID=cf80c735-cb93-438b-a05e-dff27b2a1031 is not found
2022-04-27 10:53:19,265 [EventQueue-PipelineReportForPipelineReportHandler] INFO  pipeline.PipelineReportHandler (PipelineReportHandler.java:processPipelineReport(113)) - Reported pipeline PipelineID=7f2d013c-276b-4407-99e7-7308f894fd3a is not found
2022-04-27 10:53:19,448 [FixedThreadPoolWithAffinityExecutor-1-0] WARN  container.ContainerReportHandler (AbstractContainerReportHandler.java:updateContainerState(255)) - Container #4 is in OPEN state, but the datanode 5305b34f-83d0-4be9-8032-f631ee150b78{ip: 10.1.0.29, host: fv-az270-423.tacnzluakwdehk1hpragurqkma.bx.internal.cloudapp.net, ports: [REPLICATION=45903, RATIS=34741, RATIS_ADMIN=34741, RATIS_SERVER=34741, STANDALONE=45233], networkLocation: /default-rack, certSerialId: null, persistedOpState: IN_SERVICE, persistedOpStateExpiryEpochSec: 0} reports an CLOSED replica.
2022-04-27 10:53:19,464 [EventQueue-PipelineReportForPipelineReportHandler] INFO  pipeline.PipelineReportHandler (PipelineReportHandler.java:processPipelineReport(113)) - Reported pipeline PipelineID=cf80c735-cb93-438b-a05e-dff27b2a1031 is not found
2022-04-27 10:53:19,467 [EventQueue-PipelineReportForPipelineReportHandler] INFO  pipeline.PipelineReportHandler (PipelineReportHandler.java:processPipelineReport(113)) - Reported pipeline PipelineID=cf80c735-cb93-438b-a05e-dff27b2a1031 is not found
2022-04-27 10:53:19,610 [EventQueue-PipelineReportForPipelineReportHandler] INFO  pipeline.PipelineReportHandler (PipelineReportHandler.java:processPipelineReport(113)) - Reported pipeline PipelineID=cf80c735-cb93-438b-a05e-dff27b2a1031 is not found
2022-04-27 10:53:19,665 [EventQueue-PipelineReportForPipelineReportHandler] INFO  pipeline.PipelineReportHandler (PipelineReportHandler.java:processPipelineReport(113)) - Reported pipeline PipelineID=7f2d013c-276b-4407-99e7-7308f894fd3a is not found
2022-04-27 10:53:19,742 [7171416e-d570-4db8-8282-6e036003ab52@group-E78063F29D5F-StateMachineUpdater] INFO  ratis.ContainerStateMachine (ContainerStateMachine.java:takeSnapshot(304)) - group-E78063F29D5F: Taking a snapshot at:(t:5, i:12) file /home/runner/work/ozone/ozone/hadoop-ozone/integration-test/target/test-dir/MiniOzoneClusterImpl-6fb830c9-5413-49cc-a625-6cf41c4e5c97/datanode-7/data/ratis/d2638837-f985-4e21-8ffd-e78063f29d5f/sm/snapshot.5_12
2022-04-27 10:53:19,748 [7171416e-d570-4db8-8282-6e036003ab52@group-E78063F29D5F-StateMachineUpdater] INFO  ratis.ContainerStateMachine (ContainerStateMachine.java:takeSnapshot(315)) - group-E78063F29D5F: Finished taking a snapshot at:(t:5, i:12) file:/home/runner/work/ozone/ozone/hadoop-ozone/integration-test/target/test-dir/MiniOzoneClusterImpl-6fb830c9-5413-49cc-a625-6cf41c4e5c97/datanode-7/data/ratis/d2638837-f985-4e21-8ffd-e78063f29d5f/sm/snapshot.5_12 took: 6 ms
2022-04-27 10:53:19,749 [7171416e-d570-4db8-8282-6e036003ab52@group-E78063F29D5F-StateMachineUpdater] INFO  impl.SimpleStateMachineStorage (SimpleStateMachineStorage.java:cleanupOldSnapshots(102)) - Deleting old snapshot at /home/runner/work/ozone/ozone/hadoop-ozone/integration-test/target/test-dir/MiniOzoneClusterImpl-6fb830c9-5413-49cc-a625-6cf41c4e5c97/datanode-7/data/ratis/d2638837-f985-4e21-8ffd-e78063f29d5f/sm/snapshot.3_6
2022-04-27 10:53:19,749 [7171416e-d570-4db8-8282-6e036003ab52@group-E78063F29D5F-StateMachineUpdater] INFO  impl.StateMachineUpdater (StateMachineUpdater.java:takeSnapshot(281)) - 7171416e-d570-4db8-8282-6e036003ab52@group-E78063F29D5F-StateMachineUpdater: Took a snapshot at index 12
2022-04-27 10:53:19,749 [7171416e-d570-4db8-8282-6e036003ab52@group-E78063F29D5F-StateMachineUpdater] INFO  impl.StateMachineUpdater (StateMachineUpdater.java:lambda$new$0(89)) - 7171416e-d570-4db8-8282-6e036003ab52@group-E78063F29D5F-StateMachineUpdater: snapshotIndex: updateIncreasingly 11 -> 12
2022-04-27 10:53:19,810 [EventQueue-PipelineReportForPipelineReportHandler] INFO  pipeline.PipelineReportHandler (PipelineReportHandler.java:processPipelineReport(113)) - Reported pipeline PipelineID=cf80c735-cb93-438b-a05e-dff27b2a1031 is not found
2022-04-27 10:53:19,819 [java.util.concurrent.ThreadPoolExecutor$Worker@e6b2e9d[State = -1, empty queue]] WARN  grpc.GrpcUtil (GrpcUtil.java:shutdownManagedChannel(216)) - Timed out gracefully shutting down connection: ManagedChannelOrphanWrapper{delegate=ManagedChannelImpl{logId=377, target=10.1.0.29:34621}}. 
2022-04-27 10:53:19,832 [java.util.concurrent.ThreadPoolExecutor$Worker@e6b2e9d[State = -1, empty queue]] WARN  server.GrpcLogAppender (GrpcLogAppender.java:timeoutAppendRequest(246)) - fb1b2524-5f72-4172-b06b-98bf8bab58d7@group-7308F894FD3A->5305b34f-83d0-4be9-8032-f631ee150b78-GrpcLogAppender:  appendEntries Timeout, request=AppendEntriesRequest:cid=29,entriesCount=1,lastEntry=(t:2, i:1)
2022-04-27 10:53:19,832 [java.util.concurrent.ThreadPoolExecutor$Worker@e6b2e9d[State = -1, empty queue]] WARN  server.GrpcLogAppender (GrpcLogAppender.java:timeoutAppendRequest(246)) - fb1b2524-5f72-4172-b06b-98bf8bab58d7@group-7308F894FD3A->5305b34f-83d0-4be9-8032-f631ee150b78-GrpcLogAppender:  appendEntries Timeout, request=AppendEntriesRequest:cid=30,entriesCount=1,lastEntry=(t:2, i:2)
2022-04-27 10:53:19,832 [java.util.concurrent.ThreadPoolExecutor$Worker@e6b2e9d[State = -1, empty queue]] WARN  server.GrpcLogAppender (GrpcLogAppender.java:timeoutAppendRequest(246)) - fb1b2524-5f72-4172-b06b-98bf8bab58d7@group-7308F894FD3A->b4543bad-81d3-4f1d-9fc6-5e97dcd2d8eb-GrpcLogAppender:  appendEntries Timeout, request=AppendEntriesRequest:cid=15741153,entriesCount=1,lastEntry=(t:2, i:1)
2022-04-27 10:53:19,832 [java.util.concurrent.ThreadPoolExecutor$Worker@e6b2e9d[State = -1, empty queue]] WARN  server.GrpcLogAppender (GrpcLogAppender.java:timeoutAppendRequest(246)) - 5305b34f-83d0-4be9-8032-f631ee150b78@group-75AB1B4BA813->b4543bad-81d3-4f1d-9fc6-5e97dcd2d8eb-GrpcLogAppender: HEARTBEAT appendEntries Timeout, request=AppendEntriesRequest:cid=12017458,entriesCount=0,lastEntry=null
2022-04-27 10:53:19,834 [java.util.concurrent.ThreadPoolExecutor$Worker@e6b2e9d[State = -1, empty queue]] WARN  server.GrpcLogAppender (GrpcLogAppender.java:timeoutAppendRequest(246)) - fb1b2524-5f72-4172-b06b-98bf8bab58d7@group-7308F894FD3A->b4543bad-81d3-4f1d-9fc6-5e97dcd2d8eb-GrpcLogAppender: HEARTBEAT appendEntries Timeout, request=AppendEntriesRequest:cid=15741154,entriesCount=0,lastEntry=null
2022-04-27 10:53:19,834 [java.util.concurrent.ThreadPoolExecutor$Worker@e6b2e9d[State = -1, empty queue]] WARN  server.GrpcLogAppender (GrpcLogAppender.java:timeoutAppendRequest(246)) - fb1b2524-5f72-4172-b06b-98bf8bab58d7@group-7308F894FD3A->5305b34f-83d0-4be9-8032-f631ee150b78-GrpcLogAppender:  appendEntries Timeout, request=AppendEntriesRequest:cid=31,entriesCount=1,lastEntry=(t:2, i:3)
2022-04-27 10:53:19,834 [java.util.concurrent.ThreadPoolExecutor$Worker@e6b2e9d[State = -1, empty queue]] WARN  server.GrpcLogAppender (GrpcLogAppender.java:timeoutAppendRequest(246)) - 5e6908a8-a78b-4a66-9555-b48c04384dc8@group-EEF7E24D5DDB->fc150688-1f76-4ec0-a672-aaf91f0753c3-GrpcLogAppender: HEARTBEAT appendEntries Timeout, request=AppendEntriesRequest:cid=13274614,entriesCount=0,lastEntry=null
2022-04-27 10:53:19,834 [java.util.concurrent.ThreadPoolExecutor$Worker@e6b2e9d[State = -1, empty queue]] WARN  server.GrpcLogAppender (GrpcLogAppender.java:timeoutAppendRequest(246)) - 5305b34f-83d0-4be9-8032-f631ee150b78@group-75AB1B4BA813->b4543bad-81d3-4f1d-9fc6-5e97dcd2d8eb-GrpcLogAppender: HEARTBEAT appendEntries Timeout, request=AppendEntriesRequest:cid=12017459,entriesCount=0,lastEntry=null
2022-04-27 10:53:19,848 [FixedThreadPoolWithAffinityExecutor-8-0] WARN  container.ContainerReportHandler (AbstractContainerReportHandler.java:updateContainerState(255)) - Container #4 is in OPEN state, but the datanode 5305b34f-83d0-4be9-8032-f631ee150b78{ip: 10.1.0.29, host: fv-az270-423.tacnzluakwdehk1hpragurqkma.bx.internal.cloudapp.net, ports: [REPLICATION=45903, RATIS=34741, RATIS_ADMIN=34741, RATIS_SERVER=34741, STANDALONE=45233], networkLocation: /default-rack, certSerialId: null, persistedOpState: IN_SERVICE, persistedOpStateExpiryEpochSec: 0} reports an CLOSED replica.
2022-04-27 10:53:19,866 [EventQueue-PipelineReportForPipelineReportHandler] INFO  pipeline.PipelineReportHandler (PipelineReportHandler.java:processPipelineReport(113)) - Reported pipeline PipelineID=cf80c735-cb93-438b-a05e-dff27b2a1031 is not found
2022-04-27 10:53:19,874 [EventQueue-PipelineReportForPipelineReportHandler] INFO  pipeline.PipelineReportHandler (PipelineReportHandler.java:processPipelineReport(113)) - Reported pipeline PipelineID=cf80c735-cb93-438b-a05e-dff27b2a1031 is not found
2022-04-27 10:53:20,065 [EventQueue-PipelineReportForPipelineReportHandler] INFO  pipeline.PipelineReportHandler (PipelineReportHandler.java:processPipelineReport(113)) - Reported pipeline PipelineID=7f2d013c-276b-4407-99e7-7308f894fd3a is not found
2022-04-27 10:53:20,065 [fb1b2524-5f72-4172-b06b-98bf8bab58d7@group-7308F894FD3A-LeaderStateImpl] WARN  server.RaftServer$Division (LeaderStateImpl.java:checkLeadership(974)) - fb1b2524-5f72-4172-b06b-98bf8bab58d7@group-7308F894FD3A-LeaderStateImpl: Lost leadership on term: 2. Election timeout: 5200ms. In charge for: 71749ms. Conf: 0: [5305b34f-83d0-4be9-8032-f631ee150b78|rpc:10.1.0.29:34741|dataStream:|priority:0, b4543bad-81d3-4f1d-9fc6-5e97dcd2d8eb|rpc:10.1.0.29:41129|dataStream:|priority:0, fb1b2524-5f72-4172-b06b-98bf8bab58d7|rpc:10.1.0.29:34621|dataStream:|priority:1], old=null
2022-04-27 10:53:20,066 [fb1b2524-5f72-4172-b06b-98bf8bab58d7@group-7308F894FD3A-LeaderStateImpl] WARN  server.RaftServer$Division (LeaderStateImpl.java:lambda$checkLeadership$15(978)) - Follower fb1b2524-5f72-4172-b06b-98bf8bab58d7@group-7308F894FD3A->5305b34f-83d0-4be9-8032-f631ee150b78(c0,m0,n4, attendVote=true, lastRpcSendTime=207, lastRpcResponseTime=6467)
2022-04-27 10:53:20,066 [fb1b2524-5f72-4172-b06b-98bf8bab58d7@group-7308F894FD3A-LeaderStateImpl] WARN  server.RaftServer$Division (LeaderStateImpl.java:lambda$checkLeadership$15(978)) - Follower fb1b2524-5f72-4172-b06b-98bf8bab58d7@group-7308F894FD3A->b4543bad-81d3-4f1d-9fc6-5e97dcd2d8eb(c0,m0,n2, attendVote=true, lastRpcSendTime=209, lastRpcResponseTime=39138)
2022-04-27 10:53:20,066 [fb1b2524-5f72-4172-b06b-98bf8bab58d7@group-7308F894FD3A-LeaderStateImpl] INFO  server.RaftServer$Division (RaftServerImpl.java:setRole(290)) - fb1b2524-5f72-4172-b06b-98bf8bab58d7@group-7308F894FD3A: changes role from    LEADER to FOLLOWER at term 2 for StepDownReason:LOST_MAJORITY_HEARTBEATS
2022-04-27 10:53:20,066 [fb1b2524-5f72-4172-b06b-98bf8bab58d7@group-7308F894FD3A-LeaderStateImpl] INFO  impl.RoleInfo (RoleInfo.java:shutdownLeaderState(91)) - fb1b2524-5f72-4172-b06b-98bf8bab58d7: shutdown fb1b2524-5f72-4172-b06b-98bf8bab58d7@group-7308F894FD3A-LeaderStateImpl
2022-04-27 10:53:20,066 [fb1b2524-5f72-4172-b06b-98bf8bab58d7@group-7308F894FD3A-LeaderStateImpl] INFO  impl.PendingRequests (PendingRequests.java:sendNotLeaderResponses(282)) - fb1b2524-5f72-4172-b06b-98bf8bab58d7@group-7308F894FD3A-PendingRequests: sendNotLeaderResponses
2022-04-27 10:53:20,066 [fb1b2524-5f72-4172-b06b-98bf8bab58d7@group-7308F894FD3A->5305b34f-83d0-4be9-8032-f631ee150b78-GrpcLogAppender-LogAppenderDaemon] WARN  server.GrpcLogAppender (GrpcLogAppender.java:mayWait(177)) - fb1b2524-5f72-4172-b06b-98bf8bab58d7@group-7308F894FD3A->5305b34f-83d0-4be9-8032-f631ee150b78-GrpcLogAppender: Wait interrupted by java.lang.InterruptedException
2022-04-27 10:53:20,069 [fb1b2524-5f72-4172-b06b-98bf8bab58d7@group-7308F894FD3A->b4543bad-81d3-4f1d-9fc6-5e97dcd2d8eb-GrpcLogAppender-LogAppenderDaemon] WARN  server.GrpcLogAppender (GrpcLogAppender.java:mayWait(177)) - fb1b2524-5f72-4172-b06b-98bf8bab58d7@group-7308F894FD3A->b4543bad-81d3-4f1d-9fc6-5e97dcd2d8eb-GrpcLogAppender: Wait interrupted by java.lang.InterruptedException
2022-04-27 10:53:20,071 [EventQueue-PipelineReportForPipelineReportHandler] INFO  pipeline.PipelineReportHandler (PipelineReportHandler.java:processPipelineReport(113)) - Reported pipeline PipelineID=cf80c735-cb93-438b-a05e-dff27b2a1031 is not found
2022-04-27 10:53:20,074 [grpc-default-executor-0] INFO  server.GrpcServerProtocolService (GrpcServerProtocolService.java:onCompleted(140)) - 5305b34f-83d0-4be9-8032-f631ee150b78: Completed APPEND_ENTRIES, lastRequest: fb1b2524-5f72-4172-b06b-98bf8bab58d7->5305b34f-83d0-4be9-8032-f631ee150b78#31-t2,previous=(t:2, i:2),leaderCommit=0,initializing? true,entries: size=1, first=(t:2, i:3), STATEMACHINELOGENTRY, 22@client-A07FBA0E703C
2022-04-27 10:53:20,075 [grpc-default-executor-1] INFO  server.GrpcServerProtocolService (GrpcServerProtocolService.java:onCompleted(140)) - b4543bad-81d3-4f1d-9fc6-5e97dcd2d8eb: Completed APPEND_ENTRIES, lastRequest: fb1b2524-5f72-4172-b06b-98bf8bab58d7->b4543bad-81d3-4f1d-9fc6-5e97dcd2d8eb#15741153-t2,previous=(t:2, i:0),leaderCommit=0,initializing? true,entries: size=1, first=(t:2, i:1), STATEMACHINELOGENTRY, 155@client-E836DB6FC679
2022-04-27 10:53:20,076 [EventQueue-PipelineReportForPipelineReportHandler] INFO  pipeline.PipelineReportHandler (PipelineReportHandler.java:processPipelineReport(113)) - Reported pipeline PipelineID=cf80c735-cb93-438b-a05e-dff27b2a1031 is not found
2022-04-27 10:53:20,076 [grpc-default-executor-4] INFO  server.GrpcLogAppender (GrpcLogAppender.java:onCompleted(346)) - fb1b2524-5f72-4172-b06b-98bf8bab58d7@group-7308F894FD3A->5305b34f-83d0-4be9-8032-f631ee150b78-AppendLogResponseHandler: follower responses appendEntries COMPLETED
2022-04-27 10:53:20,076 [grpc-default-executor-4] INFO  leader.FollowerInfo (FollowerInfoImpl.java:lambda$new$0(47)) - fb1b2524-5f72-4172-b06b-98bf8bab58d7@group-7308F894FD3A->5305b34f-83d0-4be9-8032-f631ee150b78: nextIndex: updateUnconditionally 4 -> 1
2022-04-27 10:53:20,076 [grpc-default-executor-2] INFO  server.GrpcLogAppender (GrpcLogAppender.java:onCompleted(346)) - fb1b2524-5f72-4172-b06b-98bf8bab58d7@group-7308F894FD3A->b4543bad-81d3-4f1d-9fc6-5e97dcd2d8eb-AppendLogResponseHandler: follower responses appendEntries COMPLETED
2022-04-27 10:53:20,076 [grpc-default-executor-2] INFO  leader.FollowerInfo (FollowerInfoImpl.java:lambda$new$0(47)) - fb1b2524-5f72-4172-b06b-98bf8bab58d7@group-7308F894FD3A->b4543bad-81d3-4f1d-9fc6-5e97dcd2d8eb: nextIndex: updateUnconditionally 2 -> 1
2022-04-27 10:53:20,076 [Command processor thread] INFO  server.RaftServer (RaftServerProxy.java:remove(106)) - fb1b2524-5f72-4172-b06b-98bf8bab58d7: remove  FOLLOWER fb1b2524-5f72-4172-b06b-98bf8bab58d7@group-7308F894FD3A:t2, leader=fb1b2524-5f72-4172-b06b-98bf8bab58d7, voted=fb1b2524-5f72-4172-b06b-98bf8bab58d7, raftlog=fb1b2524-5f72-4172-b06b-98bf8bab58d7@group-7308F894FD3A-SegmentedRaftLog:OPENED:c0, conf=0: [5305b34f-83d0-4be9-8032-f631ee150b78|rpc:10.1.0.29:34741|dataStream:|priority:0, b4543bad-81d3-4f1d-9fc6-5e97dcd2d8eb|rpc:10.1.0.29:41129|dataStream:|priority:0, fb1b2524-5f72-4172-b06b-98bf8bab58d7|rpc:10.1.0.29:34621|dataStream:|priority:1], old=null RUNNING
2022-04-27 10:53:20,076 [Command processor thread] INFO  server.RaftServer$Division (RaftServerImpl.java:lambda$close$4(412)) - fb1b2524-5f72-4172-b06b-98bf8bab58d7@group-7308F894FD3A: shutdown
2022-04-27 10:53:20,077 [Command processor thread] INFO  util.JmxRegister (JmxRegister.java:unregister(73)) - Successfully un-registered JMX Bean with object name Ratis:service=RaftServer,group=group-7308F894FD3A,id=fb1b2524-5f72-4172-b06b-98bf8bab58d7
2022-04-27 10:53:20,077 [Command processor thread] INFO  impl.StateMachineUpdater (StateMachineUpdater.java:stopAndJoin(149)) - fb1b2524-5f72-4172-b06b-98bf8bab58d7@group-7308F894FD3A-StateMachineUpdater: set stopIndex = 0
2022-04-27 10:53:20,089 [fb1b2524-5f72-4172-b06b-98bf8bab58d7@group-7308F894FD3A-LeaderStateImpl] INFO  impl.RoleInfo (RoleInfo.java:updateAndGet(130)) - fb1b2524-5f72-4172-b06b-98bf8bab58d7: start fb1b2524-5f72-4172-b06b-98bf8bab58d7@group-7308F894FD3A-FollowerState
2022-04-27 10:53:20,091 [Command processor thread] INFO  server.RaftServer$Division (ServerState.java:close(419)) - fb1b2524-5f72-4172-b06b-98bf8bab58d7@group-7308F894FD3A: closes. applyIndex: 0
2022-04-27 10:53:20,092 [fb1b2524-5f72-4172-b06b-98bf8bab58d7@group-7308F894FD3A-SegmentedRaftLogWorker] INFO  segmented.SegmentedRaftLogWorker (SegmentedRaftLogWorker.java:run(327)) - fb1b2524-5f72-4172-b06b-98bf8bab58d7@group-7308F894FD3A-SegmentedRaftLogWorker was interrupted, exiting. There are 0 tasks remaining in the queue.
2022-04-27 10:53:20,106 [Command processor thread] INFO  segmented.SegmentedRaftLogWorker (SegmentedRaftLogWorker.java:close(237)) - fb1b2524-5f72-4172-b06b-98bf8bab58d7@group-7308F894FD3A-SegmentedRaftLogWorker close()
2022-04-27 10:53:20,110 [Command processor thread] INFO  keyvalue.KeyValueContainer (KeyValueContainer.java:flushAndSyncDB(427)) - Container 9 is synced with bcsId 0.
2022-04-27 10:53:20,110 [Command processor thread] INFO  keyvalue.KeyValueContainer (KeyValueContainer.java:flushAndSyncDB(427)) - Container 9 is synced with bcsId 0.
2022-04-27 10:53:20,114 [Command processor thread] INFO  server.RaftServer$Division (RaftServerImpl.java:groupRemove(382)) - fb1b2524-5f72-4172-b06b-98bf8bab58d7@group-7308F894FD3A: Succeed to remove RaftStorageDirectory Storage Directory /home/runner/work/ozone/ozone/hadoop-ozone/integration-test/target/test-dir/MiniOzoneClusterImpl-6fb830c9-5413-49cc-a625-6cf41c4e5c97/datanode-1/data/ratis/7f2d013c-276b-4407-99e7-7308f894fd3a
2022-04-27 10:53:20,115 [FixedThreadPoolWithAffinityExecutor-1-0] INFO  container.IncrementalContainerReportHandler (AbstractContainerReportHandler.java:updateContainerState(281)) - Moving container #9 to QUASI_CLOSED state, datanode fb1b2524-5f72-4172-b06b-98bf8bab58d7{ip: 10.1.0.29, host: fv-az270-423.tacnzluakwdehk1hpragurqkma.bx.internal.cloudapp.net, ports: [REPLICATION=34055, RATIS=34621, RATIS_ADMIN=34621, RATIS_SERVER=34621, STANDALONE=35257], networkLocation: /default-rack, certSerialId: null, persistedOpState: IN_SERVICE, persistedOpStateExpiryEpochSec: 0} reported QUASI_CLOSED replica.
2022-04-27 10:53:20,116 [Command processor thread] INFO  commandhandler.ClosePipelineCommandHandler (ClosePipelineCommandHandler.java:handle(78)) - Close Pipeline PipelineID=7f2d013c-276b-4407-99e7-7308f894fd3a command on datanode fb1b2524-5f72-4172-b06b-98bf8bab58d7.
2022-04-27 10:53:20,210 [EventQueue-PipelineReportForPipelineReportHandler] INFO  pipeline.PipelineReportHandler (PipelineReportHandler.java:processPipelineReport(113)) - Reported pipeline PipelineID=cf80c735-cb93-438b-a05e-dff27b2a1031 is not found
2022-04-27 10:53:20,210 [java.util.concurrent.ThreadPoolExecutor$Worker@e6b2e9d[State = -1, empty queue]] WARN  server.GrpcLogAppender (GrpcLogAppender.java:timeoutAppendRequest(246)) - 5e6908a8-a78b-4a66-9555-b48c04384dc8@group-E78063F29D5F->fc150688-1f76-4ec0-a672-aaf91f0753c3-GrpcLogAppender: HEARTBEAT appendEntries Timeout, request=AppendEntriesRequest:cid=0,entriesCount=0,lastEntry=null
2022-04-27 10:53:20,211 [java.util.concurrent.ThreadPoolExecutor$Worker@e6b2e9d[State = -1, empty queue]] WARN  server.GrpcLogAppender (GrpcLogAppender.java:timeoutAppendRequest(246)) - 5e6908a8-a78b-4a66-9555-b48c04384dc8@group-E78063F29D5F->fc150688-1f76-4ec0-a672-aaf91f0753c3-GrpcLogAppender:  appendEntries Timeout, request=AppendEntriesRequest:cid=1,entriesCount=1,lastEntry=(t:5, i:11)
2022-04-27 10:53:20,218 [java.util.concurrent.ThreadPoolExecutor$Worker@e6b2e9d[State = -1, empty queue]] WARN  server.GrpcLogAppender (GrpcLogAppender.java:timeoutAppendRequest(246)) - 5e6908a8-a78b-4a66-9555-b48c04384dc8@group-E78063F29D5F->fc150688-1f76-4ec0-a672-aaf91f0753c3-GrpcLogAppender: HEARTBEAT appendEntries Timeout, request=AppendEntriesRequest:cid=2,entriesCount=0,lastEntry=null
2022-04-27 10:53:20,225 [java.util.concurrent.ThreadPoolExecutor$Worker@e6b2e9d[State = -1, empty queue]] WARN  server.GrpcLogAppender (GrpcLogAppender.java:timeoutAppendRequest(246)) - 5e6908a8-a78b-4a66-9555-b48c04384dc8@group-E78063F29D5F->fc150688-1f76-4ec0-a672-aaf91f0753c3-GrpcLogAppender: HEARTBEAT appendEntries Timeout, request=AppendEntriesRequest:cid=3,entriesCount=0,lastEntry=null
2022-04-27 10:53:20,228 [java.util.concurrent.ThreadPoolExecutor$Worker@e6b2e9d[State = -1, empty queue]] WARN  server.GrpcLogAppender (GrpcLogAppender.java:timeoutAppendRequest(246)) - 5e6908a8-a78b-4a66-9555-b48c04384dc8@group-E78063F29D5F->fc150688-1f76-4ec0-a672-aaf91f0753c3-GrpcLogAppender: HEARTBEAT appendEntries Timeout, request=AppendEntriesRequest:cid=4,entriesCount=0,lastEntry=null
2022-04-27 10:53:20,237 [java.util.concurrent.ThreadPoolExecutor$Worker@e6b2e9d[State = -1, empty queue]] WARN  server.GrpcLogAppender (GrpcLogAppender.java:timeoutAppendRequest(246)) - 5e6908a8-a78b-4a66-9555-b48c04384dc8@group-E78063F29D5F->fc150688-1f76-4ec0-a672-aaf91f0753c3-GrpcLogAppender: HEARTBEAT appendEntries Timeout, request=AppendEntriesRequest:cid=5,entriesCount=0,lastEntry=null
2022-04-27 10:53:20,240 [java.util.concurrent.ThreadPoolExecutor$Worker@e6b2e9d[State = -1, empty queue]] WARN  server.GrpcLogAppender (GrpcLogAppender.java:timeoutAppendRequest(246)) - 5e6908a8-a78b-4a66-9555-b48c04384dc8@group-E78063F29D5F->fc150688-1f76-4ec0-a672-aaf91f0753c3-GrpcLogAppender: HEARTBEAT appendEntries Timeout, request=AppendEntriesRequest:cid=6,entriesCount=0,lastEntry=null
2022-04-27 10:53:20,249 [FixedThreadPoolWithAffinityExecutor-9-0] WARN  container.ContainerReportHandler (AbstractContainerReportHandler.java:updateContainerState(255)) - Container #4 is in OPEN state, but the datanode 5305b34f-83d0-4be9-8032-f631ee150b78{ip: 10.1.0.29, host: fv-az270-423.tacnzluakwdehk1hpragurqkma.bx.internal.cloudapp.net, ports: [REPLICATION=45903, RATIS=34741, RATIS_ADMIN=34741, RATIS_SERVER=34741, STANDALONE=45233], networkLocation: /default-rack, certSerialId: null, persistedOpState: IN_SERVICE, persistedOpStateExpiryEpochSec: 0} reports an CLOSED replica.
2022-04-27 10:53:20,268 [EventQueue-PipelineReportForPipelineReportHandler] INFO  pipeline.PipelineReportHandler (PipelineReportHandler.java:processPipelineReport(113)) - Reported pipeline PipelineID=cf80c735-cb93-438b-a05e-dff27b2a1031 is not found
2022-04-27 10:53:20,273 [EventQueue-PipelineReportForPipelineReportHandler] INFO  pipeline.PipelineReportHandler (PipelineReportHandler.java:processPipelineReport(113)) - Reported pipeline PipelineID=cf80c735-cb93-438b-a05e-dff27b2a1031 is not found
2022-04-27 10:53:20,450 [FixedThreadPoolWithAffinityExecutor-8-0] WARN  container.ContainerReportHandler (AbstractContainerReportHandler.java:updateContainerState(255)) - Container #4 is in OPEN state, but the datanode 5305b34f-83d0-4be9-8032-f631ee150b78{ip: 10.1.0.29, host: fv-az270-423.tacnzluakwdehk1hpragurqkma.bx.internal.cloudapp.net, ports: [REPLICATION=45903, RATIS=34741, RATIS_ADMIN=34741, RATIS_SERVER=34741, STANDALONE=45233], networkLocation: /default-rack, certSerialId: null, persistedOpState: IN_SERVICE, persistedOpStateExpiryEpochSec: 0} reports an CLOSED replica.
2022-04-27 10:53:20,610 [EventQueue-PipelineReportForPipelineReportHandler] INFO  pipeline.PipelineReportHandler (PipelineReportHandler.java:processPipelineReport(113)) - Reported pipeline PipelineID=cf80c735-cb93-438b-a05e-dff27b2a1031 is not found
2022-04-27 10:53:20,649 [FixedThreadPoolWithAffinityExecutor-9-0] WARN  container.ContainerReportHandler (AbstractContainerReportHandler.java:updateContainerState(255)) - Container #4 is in OPEN state, but the datanode 5305b34f-83d0-4be9-8032-f631ee150b78{ip: 10.1.0.29, host: fv-az270-423.tacnzluakwdehk1hpragurqkma.bx.internal.cloudapp.net, ports: [REPLICATION=45903, RATIS=34741, RATIS_ADMIN=34741, RATIS_SERVER=34741, STANDALONE=45233], networkLocation: /default-rack, certSerialId: null, persistedOpState: IN_SERVICE, persistedOpStateExpiryEpochSec: 0} reports an CLOSED replica.
2022-04-27 10:53:20,668 [EventQueue-PipelineReportForPipelineReportHandler] INFO  pipeline.PipelineReportHandler (PipelineReportHandler.java:processPipelineReport(113)) - Reported pipeline PipelineID=cf80c735-cb93-438b-a05e-dff27b2a1031 is not found
2022-04-27 10:53:20,673 [EventQueue-PipelineReportForPipelineReportHandler] INFO  pipeline.PipelineReportHandler (PipelineReportHandler.java:processPipelineReport(113)) - Reported pipeline PipelineID=cf80c735-cb93-438b-a05e-dff27b2a1031 is not found
2022-04-27 10:53:20,868 [EventQueue-PipelineReportForPipelineReportHandler] INFO  pipeline.PipelineReportHandler (PipelineReportHandler.java:processPipelineReport(113)) - Reported pipeline PipelineID=cf80c735-cb93-438b-a05e-dff27b2a1031 is not found
2022-04-27 10:53:20,873 [EventQueue-PipelineReportForPipelineReportHandler] INFO  pipeline.PipelineReportHandler (PipelineReportHandler.java:processPipelineReport(113)) - Reported pipeline PipelineID=cf80c735-cb93-438b-a05e-dff27b2a1031 is not found
2022-04-27 10:53:21,011 [EventQueue-PipelineReportForPipelineReportHandler] INFO  pipeline.PipelineReportHandler (PipelineReportHandler.java:processPipelineReport(113)) - Reported pipeline PipelineID=cf80c735-cb93-438b-a05e-dff27b2a1031 is not found
2022-04-27 10:53:21,050 [FixedThreadPoolWithAffinityExecutor-8-0] WARN  container.ContainerReportHandler (AbstractContainerReportHandler.java:updateContainerState(255)) - Container #4 is in OPEN state, but the datanode 5305b34f-83d0-4be9-8032-f631ee150b78{ip: 10.1.0.29, host: fv-az270-423.tacnzluakwdehk1hpragurqkma.bx.internal.cloudapp.net, ports: [REPLICATION=45903, RATIS=34741, RATIS_ADMIN=34741, RATIS_SERVER=34741, STANDALONE=45233], networkLocation: /default-rack, certSerialId: null, persistedOpState: IN_SERVICE, persistedOpStateExpiryEpochSec: 0} reports an CLOSED replica.
2022-04-27 10:53:21,211 [EventQueue-PipelineReportForPipelineReportHandler] INFO  pipeline.PipelineReportHandler (PipelineReportHandler.java:processPipelineReport(113)) - Reported pipeline PipelineID=cf80c735-cb93-438b-a05e-dff27b2a1031 is not found
2022-04-27 10:53:21,268 [EventQueue-PipelineReportForPipelineReportHandler] INFO  pipeline.PipelineReportHandler (PipelineReportHandler.java:processPipelineReport(113)) - Reported pipeline PipelineID=cf80c735-cb93-438b-a05e-dff27b2a1031 is not found
2022-04-27 10:53:21,275 [EventQueue-PipelineReportForPipelineReportHandler] INFO  pipeline.PipelineReportHandler (PipelineReportHandler.java:processPipelineReport(113)) - Reported pipeline PipelineID=cf80c735-cb93-438b-a05e-dff27b2a1031 is not found
2022-04-27 10:53:21,451 [FixedThreadPoolWithAffinityExecutor-9-0] WARN  container.ContainerReportHandler (AbstractContainerReportHandler.java:updateContainerState(255)) - Container #4 is in OPEN state, but the datanode 5305b34f-83d0-4be9-8032-f631ee150b78{ip: 10.1.0.29, host: fv-az270-423.tacnzluakwdehk1hpragurqkma.bx.internal.cloudapp.net, ports: [REPLICATION=45903, RATIS=34741, RATIS_ADMIN=34741, RATIS_SERVER=34741, STANDALONE=45233], networkLocation: /default-rack, certSerialId: null, persistedOpState: IN_SERVICE, persistedOpStateExpiryEpochSec: 0} reports an CLOSED replica.
2022-04-27 10:53:21,468 [EventQueue-PipelineReportForPipelineReportHandler] INFO  pipeline.PipelineReportHandler (PipelineReportHandler.java:processPipelineReport(113)) - Reported pipeline PipelineID=cf80c735-cb93-438b-a05e-dff27b2a1031 is not found
2022-04-27 10:53:21,474 [EventQueue-PipelineReportForPipelineReportHandler] INFO  pipeline.PipelineReportHandler (PipelineReportHandler.java:processPipelineReport(113)) - Reported pipeline PipelineID=cf80c735-cb93-438b-a05e-dff27b2a1031 is not found
2022-04-27 10:53:21,592 [java.util.concurrent.ThreadPoolExecutor$Worker@e6b2e9d[State = -1, empty queue]] WARN  server.GrpcLogAppender (GrpcLogAppender.java:timeoutAppendRequest(246)) - 5e6908a8-a78b-4a66-9555-b48c04384dc8@group-EEF7E24D5DDB->fc150688-1f76-4ec0-a672-aaf91f0753c3-GrpcLogAppender: HEARTBEAT appendEntries Timeout, request=AppendEntriesRequest:cid=13274615,entriesCount=0,lastEntry=null
2022-04-27 10:53:21,611 [EventQueue-PipelineReportForPipelineReportHandler] INFO  pipeline.PipelineReportHandler (PipelineReportHandler.java:processPipelineReport(113)) - Reported pipeline PipelineID=cf80c735-cb93-438b-a05e-dff27b2a1031 is not found
2022-04-27 10:53:21,651 [FixedThreadPoolWithAffinityExecutor-0-0] WARN  container.ContainerReportHandler (AbstractContainerReportHandler.java:updateContainerState(255)) - Container #4 is in OPEN state, but the datanode 5305b34f-83d0-4be9-8032-f631ee150b78{ip: 10.1.0.29, host: fv-az270-423.tacnzluakwdehk1hpragurqkma.bx.internal.cloudapp.net, ports: [REPLICATION=45903, RATIS=34741, RATIS_ADMIN=34741, RATIS_SERVER=34741, STANDALONE=45233], networkLocation: /default-rack, certSerialId: null, persistedOpState: IN_SERVICE, persistedOpStateExpiryEpochSec: 0} reports an CLOSED replica.
2022-04-27 10:53:21,668 [EventQueue-PipelineReportForPipelineReportHandler] INFO  pipeline.PipelineReportHandler (PipelineReportHandler.java:processPipelineReport(113)) - Reported pipeline PipelineID=cf80c735-cb93-438b-a05e-dff27b2a1031 is not found
2022-04-27 10:53:21,811 [EventQueue-PipelineReportForPipelineReportHandler] INFO  pipeline.PipelineReportHandler (PipelineReportHandler.java:processPipelineReport(113)) - Reported pipeline PipelineID=cf80c735-cb93-438b-a05e-dff27b2a1031 is not found
2022-04-27 10:53:21,875 [EventQueue-PipelineReportForPipelineReportHandler] INFO  pipeline.PipelineReportHandler (PipelineReportHandler.java:processPipelineReport(113)) - Reported pipeline PipelineID=cf80c735-cb93-438b-a05e-dff27b2a1031 is not found
2022-04-27 10:53:22,053 [FixedThreadPoolWithAffinityExecutor-8-0] WARN  container.ContainerReportHandler (AbstractContainerReportHandler.java:updateContainerState(255)) - Container #4 is in OPEN state, but the datanode 5305b34f-83d0-4be9-8032-f631ee150b78{ip: 10.1.0.29, host: fv-az270-423.tacnzluakwdehk1hpragurqkma.bx.internal.cloudapp.net, ports: [REPLICATION=45903, RATIS=34741, RATIS_ADMIN=34741, RATIS_SERVER=34741, STANDALONE=45233], networkLocation: /default-rack, certSerialId: null, persistedOpState: IN_SERVICE, persistedOpStateExpiryEpochSec: 0} reports an CLOSED replica.
2022-04-27 10:53:22,069 [EventQueue-PipelineReportForPipelineReportHandler] INFO  pipeline.PipelineReportHandler (PipelineReportHandler.java:processPipelineReport(113)) - Reported pipeline PipelineID=cf80c735-cb93-438b-a05e-dff27b2a1031 is not found
2022-04-27 10:53:22,074 [EventQueue-PipelineReportForPipelineReportHandler] INFO  pipeline.PipelineReportHandler (PipelineReportHandler.java:processPipelineReport(113)) - Reported pipeline PipelineID=cf80c735-cb93-438b-a05e-dff27b2a1031 is not found
2022-04-27 10:53:22,083 [java.util.concurrent.ThreadPoolExecutor$Worker@e6b2e9d[State = -1, empty queue]] WARN  server.GrpcLogAppender (GrpcLogAppender.java:timeoutAppendRequest(246)) - 5305b34f-83d0-4be9-8032-f631ee150b78@group-75AB1B4BA813->b4543bad-81d3-4f1d-9fc6-5e97dcd2d8eb-GrpcLogAppender: HEARTBEAT appendEntries Timeout, request=AppendEntriesRequest:cid=12017460,entriesCount=0,lastEntry=null
2022-04-27 10:53:22,211 [EventQueue-PipelineReportForPipelineReportHandler] INFO  pipeline.PipelineReportHandler (PipelineReportHandler.java:processPipelineReport(113)) - Reported pipeline PipelineID=cf80c735-cb93-438b-a05e-dff27b2a1031 is not found
2022-04-27 10:53:22,269 [EventQueue-PipelineReportForPipelineReportHandler] INFO  pipeline.PipelineReportHandler (PipelineReportHandler.java:processPipelineReport(113)) - Reported pipeline PipelineID=cf80c735-cb93-438b-a05e-dff27b2a1031 is not found
2022-04-27 10:53:22,411 [EventQueue-PipelineReportForPipelineReportHandler] INFO  pipeline.PipelineReportHandler (PipelineReportHandler.java:processPipelineReport(113)) - Reported pipeline PipelineID=cf80c735-cb93-438b-a05e-dff27b2a1031 is not found
2022-04-27 10:53:22,453 [FixedThreadPoolWithAffinityExecutor-8-0] WARN  container.ContainerReportHandler (AbstractContainerReportHandler.java:updateContainerState(255)) - Container #4 is in OPEN state, but the datanode 5305b34f-83d0-4be9-8032-f631ee150b78{ip: 10.1.0.29, host: fv-az270-423.tacnzluakwdehk1hpragurqkma.bx.internal.cloudapp.net, ports: [REPLICATION=45903, RATIS=34741, RATIS_ADMIN=34741, RATIS_SERVER=34741, STANDALONE=45233], networkLocation: /default-rack, certSerialId: null, persistedOpState: IN_SERVICE, persistedOpStateExpiryEpochSec: 0} reports an CLOSED replica.
2022-04-27 10:53:22,475 [EventQueue-PipelineReportForPipelineReportHandler] INFO  pipeline.PipelineReportHandler (PipelineReportHandler.java:processPipelineReport(113)) - Reported pipeline PipelineID=cf80c735-cb93-438b-a05e-dff27b2a1031 is not found
2022-04-27 10:53:22,611 [EventQueue-PipelineReportForPipelineReportHandler] INFO  pipeline.PipelineReportHandler (PipelineReportHandler.java:processPipelineReport(113)) - Reported pipeline PipelineID=cf80c735-cb93-438b-a05e-dff27b2a1031 is not found
2022-04-27 10:53:22,655 [FixedThreadPoolWithAffinityExecutor-9-0] WARN  container.ContainerReportHandler (AbstractContainerReportHandler.java:updateContainerState(255)) - Container #4 is in OPEN state, but the datanode 5305b34f-83d0-4be9-8032-f631ee150b78{ip: 10.1.0.29, host: fv-az270-423.tacnzluakwdehk1hpragurqkma.bx.internal.cloudapp.net, ports: [REPLICATION=45903, RATIS=34741, RATIS_ADMIN=34741, RATIS_SERVER=34741, STANDALONE=45233], networkLocation: /default-rack, certSerialId: null, persistedOpState: IN_SERVICE, persistedOpStateExpiryEpochSec: 0} reports an CLOSED replica.
2022-04-27 10:53:22,668 [EventQueue-PipelineReportForPipelineReportHandler] INFO  pipeline.PipelineReportHandler (PipelineReportHandler.java:processPipelineReport(113)) - Reported pipeline PipelineID=cf80c735-cb93-438b-a05e-dff27b2a1031 is not found
2022-04-27 10:53:22,741 [java.util.concurrent.ThreadPoolExecutor$Worker@e6b2e9d[State = -1, empty queue]] WARN  server.GrpcLogAppender (GrpcLogAppender.java:timeoutAppendRequest(246)) - 5e6908a8-a78b-4a66-9555-b48c04384dc8@group-E78063F29D5F->fc150688-1f76-4ec0-a672-aaf91f0753c3-GrpcLogAppender: HEARTBEAT appendEntries Timeout, request=AppendEntriesRequest:cid=7,entriesCount=0,lastEntry=null
2022-04-27 10:53:22,746 [java.util.concurrent.ThreadPoolExecutor$Worker@e6b2e9d[State = -1, empty queue]] WARN  server.GrpcLogAppender (GrpcLogAppender.java:timeoutAppendRequest(246)) - 5e6908a8-a78b-4a66-9555-b48c04384dc8@group-E78063F29D5F->fc150688-1f76-4ec0-a672-aaf91f0753c3-GrpcLogAppender: HEARTBEAT appendEntries Timeout, request=AppendEntriesRequest:cid=8,entriesCount=0,lastEntry=null
2022-04-27 10:53:22,869 [EventQueue-PipelineReportForPipelineReportHandler] INFO  pipeline.PipelineReportHandler (PipelineReportHandler.java:processPipelineReport(113)) - Reported pipeline PipelineID=cf80c735-cb93-438b-a05e-dff27b2a1031 is not found
2022-04-27 10:53:22,874 [EventQueue-PipelineReportForPipelineReportHandler] INFO  pipeline.PipelineReportHandler (PipelineReportHandler.java:processPipelineReport(113)) - Reported pipeline PipelineID=cf80c735-cb93-438b-a05e-dff27b2a1031 is not found
2022-04-27 10:53:23,011 [EventQueue-PipelineReportForPipelineReportHandler] INFO  pipeline.PipelineReportHandler (PipelineReportHandler.java:processPipelineReport(113)) - Reported pipeline PipelineID=cf80c735-cb93-438b-a05e-dff27b2a1031 is not found
2022-04-27 10:53:23,055 [FixedThreadPoolWithAffinityExecutor-8-0] WARN  container.ContainerReportHandler (AbstractContainerReportHandler.java:updateContainerState(255)) - Container #4 is in OPEN state, but the datanode 5305b34f-83d0-4be9-8032-f631ee150b78{ip: 10.1.0.29, host: fv-az270-423.tacnzluakwdehk1hpragurqkma.bx.internal.cloudapp.net, ports: [REPLICATION=45903, RATIS=34741, RATIS_ADMIN=34741, RATIS_SERVER=34741, STANDALONE=45233], networkLocation: /default-rack, certSerialId: null, persistedOpState: IN_SERVICE, persistedOpStateExpiryEpochSec: 0} reports an CLOSED replica.
2022-04-27 10:53:23,069 [EventQueue-PipelineReportForPipelineReportHandler] INFO  pipeline.PipelineReportHandler (PipelineReportHandler.java:processPipelineReport(113)) - Reported pipeline PipelineID=cf80c735-cb93-438b-a05e-dff27b2a1031 is not found
2022-04-27 10:53:23,075 [EventQueue-PipelineReportForPipelineReportHandler] INFO  pipeline.PipelineReportHandler (PipelineReportHandler.java:processPipelineReport(113)) - Reported pipeline PipelineID=cf80c735-cb93-438b-a05e-dff27b2a1031 is not found
2022-04-27 10:53:23,255 [FixedThreadPoolWithAffinityExecutor-8-0] WARN  container.ContainerReportHandler (AbstractContainerReportHandler.java:updateContainerState(255)) - Container #4 is in OPEN state, but the datanode 5305b34f-83d0-4be9-8032-f631ee150b78{ip: 10.1.0.29, host: fv-az270-423.tacnzluakwdehk1hpragurqkma.bx.internal.cloudapp.net, ports: [REPLICATION=45903, RATIS=34741, RATIS_ADMIN=34741, RATIS_SERVER=34741, STANDALONE=45233], networkLocation: /default-rack, certSerialId: null, persistedOpState: IN_SERVICE, persistedOpStateExpiryEpochSec: 0} reports an CLOSED replica.
2022-04-27 10:53:23,270 [EventQueue-PipelineReportForPipelineReportHandler] INFO  pipeline.PipelineReportHandler (PipelineReportHandler.java:processPipelineReport(113)) - Reported pipeline PipelineID=cf80c735-cb93-438b-a05e-dff27b2a1031 is not found
2022-04-27 10:53:23,411 [EventQueue-PipelineReportForPipelineReportHandler] INFO  pipeline.PipelineReportHandler (PipelineReportHandler.java:processPipelineReport(113)) - Reported pipeline PipelineID=cf80c735-cb93-438b-a05e-dff27b2a1031 is not found
2022-04-27 10:53:23,474 [EventQueue-PipelineReportForPipelineReportHandler] INFO  pipeline.PipelineReportHandler (PipelineReportHandler.java:processPipelineReport(113)) - Reported pipeline PipelineID=cf80c735-cb93-438b-a05e-dff27b2a1031 is not found
2022-04-27 10:53:23,611 [EventQueue-PipelineReportForPipelineReportHandler] INFO  pipeline.PipelineReportHandler (PipelineReportHandler.java:processPipelineReport(113)) - Reported pipeline PipelineID=cf80c735-cb93-438b-a05e-dff27b2a1031 is not found
2022-04-27 10:53:23,655 [FixedThreadPoolWithAffinityExecutor-1-0] WARN  container.ContainerReportHandler (AbstractContainerReportHandler.java:updateContainerState(255)) - Container #4 is in OPEN state, but the datanode 5305b34f-83d0-4be9-8032-f631ee150b78{ip: 10.1.0.29, host: fv-az270-423.tacnzluakwdehk1hpragurqkma.bx.internal.cloudapp.net, ports: [REPLICATION=45903, RATIS=34741, RATIS_ADMIN=34741, RATIS_SERVER=34741, STANDALONE=45233], networkLocation: /default-rack, certSerialId: null, persistedOpState: IN_SERVICE, persistedOpStateExpiryEpochSec: 0} reports an CLOSED replica.
2022-04-27 10:53:23,670 [EventQueue-PipelineReportForPipelineReportHandler] INFO  pipeline.PipelineReportHandler (PipelineReportHandler.java:processPipelineReport(113)) - Reported pipeline PipelineID=cf80c735-cb93-438b-a05e-dff27b2a1031 is not found
2022-04-27 10:53:23,674 [EventQueue-PipelineReportForPipelineReportHandler] INFO  pipeline.PipelineReportHandler (PipelineReportHandler.java:processPipelineReport(113)) - Reported pipeline PipelineID=cf80c735-cb93-438b-a05e-dff27b2a1031 is not found
2022-04-27 10:53:23,856 [FixedThreadPoolWithAffinityExecutor-1-0] WARN  container.ContainerReportHandler (AbstractContainerReportHandler.java:updateContainerState(255)) - Container #4 is in OPEN state, but the datanode 5305b34f-83d0-4be9-8032-f631ee150b78{ip: 10.1.0.29, host: fv-az270-423.tacnzluakwdehk1hpragurqkma.bx.internal.cloudapp.net, ports: [REPLICATION=45903, RATIS=34741, RATIS_ADMIN=34741, RATIS_SERVER=34741, STANDALONE=45233], networkLocation: /default-rack, certSerialId: null, persistedOpState: IN_SERVICE, persistedOpStateExpiryEpochSec: 0} reports an CLOSED replica.
2022-04-27 10:53:23,875 [EventQueue-PipelineReportForPipelineReportHandler] INFO  pipeline.PipelineReportHandler (PipelineReportHandler.java:processPipelineReport(113)) - Reported pipeline PipelineID=cf80c735-cb93-438b-a05e-dff27b2a1031 is not found
2022-04-27 10:53:24,011 [EventQueue-PipelineReportForPipelineReportHandler] INFO  pipeline.PipelineReportHandler (PipelineReportHandler.java:processPipelineReport(113)) - Reported pipeline PipelineID=cf80c735-cb93-438b-a05e-dff27b2a1031 is not found
2022-04-27 10:53:24,070 [EventQueue-PipelineReportForPipelineReportHandler] INFO  pipeline.PipelineReportHandler (PipelineReportHandler.java:processPipelineReport(113)) - Reported pipeline PipelineID=cf80c735-cb93-438b-a05e-dff27b2a1031 is not found
2022-04-27 10:53:24,075 [EventQueue-PipelineReportForPipelineReportHandler] INFO  pipeline.PipelineReportHandler (PipelineReportHandler.java:processPipelineReport(113)) - Reported pipeline PipelineID=cf80c735-cb93-438b-a05e-dff27b2a1031 is not found
2022-04-27 10:53:24,094 [java.util.concurrent.ThreadPoolExecutor$Worker@65fd96d2[State = -1, empty queue]] WARN  server.GrpcLogAppender (GrpcLogAppender.java:timeoutAppendRequest(246)) - 5e6908a8-a78b-4a66-9555-b48c04384dc8@group-EEF7E24D5DDB->fc150688-1f76-4ec0-a672-aaf91f0753c3-GrpcLogAppender: HEARTBEAT appendEntries Timeout, request=AppendEntriesRequest:cid=13274616,entriesCount=0,lastEntry=null
2022-04-27 10:53:24,211 [EventQueue-PipelineReportForPipelineReportHandler] INFO  pipeline.PipelineReportHandler (PipelineReportHandler.java:processPipelineReport(113)) - Reported pipeline PipelineID=cf80c735-cb93-438b-a05e-dff27b2a1031 is not found
2022-04-27 10:53:24,256 [FixedThreadPoolWithAffinityExecutor-8-0] WARN  container.ContainerReportHandler (AbstractContainerReportHandler.java:updateContainerState(255)) - Container #4 is in OPEN state, but the datanode 5305b34f-83d0-4be9-8032-f631ee150b78{ip: 10.1.0.29, host: fv-az270-423.tacnzluakwdehk1hpragurqkma.bx.internal.cloudapp.net, ports: [REPLICATION=45903, RATIS=34741, RATIS_ADMIN=34741, RATIS_SERVER=34741, STANDALONE=45233], networkLocation: /default-rack, certSerialId: null, persistedOpState: IN_SERVICE, persistedOpStateExpiryEpochSec: 0} reports an CLOSED replica.
2022-04-27 10:53:24,270 [EventQueue-PipelineReportForPipelineReportHandler] INFO  pipeline.PipelineReportHandler (PipelineReportHandler.java:processPipelineReport(113)) - Reported pipeline PipelineID=cf80c735-cb93-438b-a05e-dff27b2a1031 is not found
2022-04-27 10:53:24,275 [EventQueue-PipelineReportForPipelineReportHandler] INFO  pipeline.PipelineReportHandler (PipelineReportHandler.java:processPipelineReport(113)) - Reported pipeline PipelineID=cf80c735-cb93-438b-a05e-dff27b2a1031 is not found
2022-04-27 10:53:24,349 [Listener at 127.0.0.1/43313] WARN  io.KeyOutputStream (KeyOutputStream.java:handleException(309)) - Encountered exception java.io.IOException: Unexpected Storage Container Exception: java.util.concurrent.CompletionException: Failed to write chunk 109611004723200009_chunk_1 into block conID: 9 locID: 109611004723200009 bcsId: 0 on the pipeline Pipeline[ Id: 7f2d013c-276b-4407-99e7-7308f894fd3a, Nodes: 5305b34f-83d0-4be9-8032-f631ee150b78{ip: 10.1.0.29, host: fv-az270-423.tacnzluakwdehk1hpragurqkma.bx.internal.cloudapp.net, ports: [REPLICATION=45903, RATIS=34741, RATIS_ADMIN=34741, RATIS_SERVER=34741, STANDALONE=45233], networkLocation: /default-rack, certSerialId: null, persistedOpState: IN_SERVICE, persistedOpStateExpiryEpochSec: 0}b4543bad-81d3-4f1d-9fc6-5e97dcd2d8eb{ip: 10.1.0.29, host: fv-az270-423.tacnzluakwdehk1hpragurqkma.bx.internal.cloudapp.net, ports: [REPLICATION=41789, RATIS=41129, RATIS_ADMIN=41129, RATIS_SERVER=41129, STANDALONE=36927], networkLocation: /default-rack, certSerialId: null, persistedOpState: IN_SERVICE, persistedOpStateExpiryEpochSec: 0}fb1b2524-5f72-4172-b06b-98bf8bab58d7{ip: 10.1.0.29, host: fv-az270-423.tacnzluakwdehk1hpragurqkma.bx.internal.cloudapp.net, ports: [REPLICATION=34055, RATIS=34621, RATIS_ADMIN=34621, RATIS_SERVER=34621, STANDALONE=35257], networkLocation: /default-rack, certSerialId: null, persistedOpState: IN_SERVICE, persistedOpStateExpiryEpochSec: 0}, ReplicationConfig: RATIS/THREE, State:OPEN, leaderId:fb1b2524-5f72-4172-b06b-98bf8bab58d7, CreationTimestamp2022-04-27T10:51:55.713Z[Etc/UTC]]. The last committed block length is 0, uncommitted data length is 5 retry count 0
2022-04-27 10:53:24,422 [EventQueue-PipelineReportForPipelineReportHandler] INFO  pipeline.PipelineReportHandler (PipelineReportHandler.java:processPipelineReport(113)) - Reported pipeline PipelineID=cf80c735-cb93-438b-a05e-dff27b2a1031 is not found
2022-04-27 10:53:24,554 [0a06a8c4-9179-4a2e-838b-55c09a430176@group-A1352ADA7BC1-StateMachineUpdater] INFO  ratis.ContainerStateMachine (ContainerStateMachine.java:takeSnapshot(304)) - group-A1352ADA7BC1: Taking a snapshot at:(t:5, i:0) file /home/runner/work/ozone/ozone/hadoop-ozone/integration-test/target/test-dir/MiniOzoneClusterImpl-6fb830c9-5413-49cc-a625-6cf41c4e5c97/datanode-4/data/ratis/bf02a7f3-0536-411e-9f4a-a1352ada7bc1/sm/snapshot.5_0
2022-04-27 10:53:24,559 [5e3f1479-9daf-43cd-8651-224960992f9b@group-A1352ADA7BC1-StateMachineUpdater] INFO  ratis.ContainerStateMachine (ContainerStateMachine.java:takeSnapshot(304)) - group-A1352ADA7BC1: Taking a snapshot at:(t:5, i:0) file /home/runner/work/ozone/ozone/hadoop-ozone/integration-test/target/test-dir/MiniOzoneClusterImpl-6fb830c9-5413-49cc-a625-6cf41c4e5c97/datanode-5/data/ratis/bf02a7f3-0536-411e-9f4a-a1352ada7bc1/sm/snapshot.5_0
2022-04-27 10:53:24,561 [5e3f1479-9daf-43cd-8651-224960992f9b@group-A1352ADA7BC1-StateMachineUpdater] INFO  ratis.ContainerStateMachine (ContainerStateMachine.java:takeSnapshot(315)) - group-A1352ADA7BC1: Finished taking a snapshot at:(t:5, i:0) file:/home/runner/work/ozone/ozone/hadoop-ozone/integration-test/target/test-dir/MiniOzoneClusterImpl-6fb830c9-5413-49cc-a625-6cf41c4e5c97/datanode-5/data/ratis/bf02a7f3-0536-411e-9f4a-a1352ada7bc1/sm/snapshot.5_0 took: 2 ms
2022-04-27 10:53:24,561 [5e3f1479-9daf-43cd-8651-224960992f9b@group-A1352ADA7BC1-StateMachineUpdater] INFO  impl.StateMachineUpdater (StateMachineUpdater.java:takeSnapshot(281)) - 5e3f1479-9daf-43cd-8651-224960992f9b@group-A1352ADA7BC1-StateMachineUpdater: Took a snapshot at index 0
2022-04-27 10:53:24,561 [5e3f1479-9daf-43cd-8651-224960992f9b@group-A1352ADA7BC1-StateMachineUpdater] INFO  impl.StateMachineUpdater (StateMachineUpdater.java:lambda$new$0(89)) - 5e3f1479-9daf-43cd-8651-224960992f9b@group-A1352ADA7BC1-StateMachineUpdater: snapshotIndex: updateIncreasingly 0 -> 0
2022-04-27 10:53:24,568 [0a06a8c4-9179-4a2e-838b-55c09a430176@group-A1352ADA7BC1-StateMachineUpdater] INFO  ratis.ContainerStateMachine (ContainerStateMachine.java:takeSnapshot(315)) - group-A1352ADA7BC1: Finished taking a snapshot at:(t:5, i:0) file:/home/runner/work/ozone/ozone/hadoop-ozone/integration-test/target/test-dir/MiniOzoneClusterImpl-6fb830c9-5413-49cc-a625-6cf41c4e5c97/datanode-4/data/ratis/bf02a7f3-0536-411e-9f4a-a1352ada7bc1/sm/snapshot.5_0 took: 14 ms
2022-04-27 10:53:24,568 [0a06a8c4-9179-4a2e-838b-55c09a430176@group-A1352ADA7BC1-StateMachineUpdater] INFO  impl.StateMachineUpdater (StateMachineUpdater.java:takeSnapshot(281)) - 0a06a8c4-9179-4a2e-838b-55c09a430176@group-A1352ADA7BC1-StateMachineUpdater: Took a snapshot at index 0
2022-04-27 10:53:24,568 [0a06a8c4-9179-4a2e-838b-55c09a430176@group-A1352ADA7BC1-StateMachineUpdater] INFO  impl.StateMachineUpdater (StateMachineUpdater.java:lambda$new$0(89)) - 0a06a8c4-9179-4a2e-838b-55c09a430176@group-A1352ADA7BC1-StateMachineUpdater: snapshotIndex: updateIncreasingly 0 -> 0
2022-04-27 10:53:24,571 [5e3f1479-9daf-43cd-8651-224960992f9b@group-A1352ADA7BC1-StateMachineUpdater] INFO  ratis.ContainerStateMachine (ContainerStateMachine.java:takeSnapshot(304)) - group-A1352ADA7BC1: Taking a snapshot at:(t:5, i:1) file /home/runner/work/ozone/ozone/hadoop-ozone/integration-test/target/test-dir/MiniOzoneClusterImpl-6fb830c9-5413-49cc-a625-6cf41c4e5c97/datanode-5/data/ratis/bf02a7f3-0536-411e-9f4a-a1352ada7bc1/sm/snapshot.5_1
2022-04-27 10:53:24,585 [5e3f1479-9daf-43cd-8651-224960992f9b@group-A1352ADA7BC1-StateMachineUpdater] INFO  ratis.ContainerStateMachine (ContainerStateMachine.java:takeSnapshot(315)) - group-A1352ADA7BC1: Finished taking a snapshot at:(t:5, i:1) file:/home/runner/work/ozone/ozone/hadoop-ozone/integration-test/target/test-dir/MiniOzoneClusterImpl-6fb830c9-5413-49cc-a625-6cf41c4e5c97/datanode-5/data/ratis/bf02a7f3-0536-411e-9f4a-a1352ada7bc1/sm/snapshot.5_1 took: 14 ms
2022-04-27 10:53:24,585 [5e3f1479-9daf-43cd-8651-224960992f9b@group-A1352ADA7BC1-StateMachineUpdater] INFO  impl.StateMachineUpdater (StateMachineUpdater.java:takeSnapshot(281)) - 5e3f1479-9daf-43cd-8651-224960992f9b@group-A1352ADA7BC1-StateMachineUpdater: Took a snapshot at index 1
2022-04-27 10:53:24,585 [5e3f1479-9daf-43cd-8651-224960992f9b@group-A1352ADA7BC1-StateMachineUpdater] INFO  impl.StateMachineUpdater (StateMachineUpdater.java:lambda$new$0(89)) - 5e3f1479-9daf-43cd-8651-224960992f9b@group-A1352ADA7BC1-StateMachineUpdater: snapshotIndex: updateIncreasingly 0 -> 1
2022-04-27 10:53:24,587 [java.util.concurrent.ThreadPoolExecutor$Worker@65fd96d2[State = -1, empty queue]] WARN  server.GrpcLogAppender (GrpcLogAppender.java:timeoutAppendRequest(246)) - 5305b34f-83d0-4be9-8032-f631ee150b78@group-75AB1B4BA813->b4543bad-81d3-4f1d-9fc6-5e97dcd2d8eb-GrpcLogAppender: HEARTBEAT appendEntries Timeout, request=AppendEntriesRequest:cid=12017461,entriesCount=0,lastEntry=null
2022-04-27 10:53:24,588 [6f2ed759-dfb9-4419-9191-8597321ac421@group-A1352ADA7BC1-StateMachineUpdater] INFO  ratis.ContainerStateMachine (ContainerStateMachine.java:takeSnapshot(304)) - group-A1352ADA7BC1: Taking a snapshot at:(t:5, i:0) file /home/runner/work/ozone/ozone/hadoop-ozone/integration-test/target/test-dir/MiniOzoneClusterImpl-6fb830c9-5413-49cc-a625-6cf41c4e5c97/datanode-3/data/ratis/bf02a7f3-0536-411e-9f4a-a1352ada7bc1/sm/snapshot.5_0
2022-04-27 10:53:24,590 [6f2ed759-dfb9-4419-9191-8597321ac421@group-A1352ADA7BC1-StateMachineUpdater] INFO  ratis.ContainerStateMachine (ContainerStateMachine.java:takeSnapshot(315)) - group-A1352ADA7BC1: Finished taking a snapshot at:(t:5, i:0) file:/home/runner/work/ozone/ozone/hadoop-ozone/integration-test/target/test-dir/MiniOzoneClusterImpl-6fb830c9-5413-49cc-a625-6cf41c4e5c97/datanode-3/data/ratis/bf02a7f3-0536-411e-9f4a-a1352ada7bc1/sm/snapshot.5_0 took: 2 ms
2022-04-27 10:53:24,590 [6f2ed759-dfb9-4419-9191-8597321ac421@group-A1352ADA7BC1-StateMachineUpdater] INFO  impl.StateMachineUpdater (StateMachineUpdater.java:takeSnapshot(281)) - 6f2ed759-dfb9-4419-9191-8597321ac421@group-A1352ADA7BC1-StateMachineUpdater: Took a snapshot at index 0
2022-04-27 10:53:24,590 [6f2ed759-dfb9-4419-9191-8597321ac421@group-A1352ADA7BC1-StateMachineUpdater] INFO  impl.StateMachineUpdater (StateMachineUpdater.java:lambda$new$0(89)) - 6f2ed759-dfb9-4419-9191-8597321ac421@group-A1352ADA7BC1-StateMachineUpdater: snapshotIndex: updateIncreasingly 0 -> 0
2022-04-27 10:53:24,594 [0a06a8c4-9179-4a2e-838b-55c09a430176@group-A1352ADA7BC1-StateMachineUpdater] INFO  ratis.ContainerStateMachine (ContainerStateMachine.java:takeSnapshot(304)) - group-A1352ADA7BC1: Taking a snapshot at:(t:5, i:4) file /home/runner/work/ozone/ozone/hadoop-ozone/integration-test/target/test-dir/MiniOzoneClusterImpl-6fb830c9-5413-49cc-a625-6cf41c4e5c97/datanode-4/data/ratis/bf02a7f3-0536-411e-9f4a-a1352ada7bc1/sm/snapshot.5_4
2022-04-27 10:53:24,595 [0a06a8c4-9179-4a2e-838b-55c09a430176@group-A1352ADA7BC1-StateMachineUpdater] INFO  ratis.ContainerStateMachine (ContainerStateMachine.java:takeSnapshot(315)) - group-A1352ADA7BC1: Finished taking a snapshot at:(t:5, i:4) file:/home/runner/work/ozone/ozone/hadoop-ozone/integration-test/target/test-dir/MiniOzoneClusterImpl-6fb830c9-5413-49cc-a625-6cf41c4e5c97/datanode-4/data/ratis/bf02a7f3-0536-411e-9f4a-a1352ada7bc1/sm/snapshot.5_4 took: 1 ms
2022-04-27 10:53:24,596 [0a06a8c4-9179-4a2e-838b-55c09a430176@group-A1352ADA7BC1-StateMachineUpdater] INFO  impl.StateMachineUpdater (StateMachineUpdater.java:takeSnapshot(281)) - 0a06a8c4-9179-4a2e-838b-55c09a430176@group-A1352ADA7BC1-StateMachineUpdater: Took a snapshot at index 4
2022-04-27 10:53:24,596 [0a06a8c4-9179-4a2e-838b-55c09a430176@group-A1352ADA7BC1-StateMachineUpdater] INFO  impl.StateMachineUpdater (StateMachineUpdater.java:lambda$new$0(89)) - 0a06a8c4-9179-4a2e-838b-55c09a430176@group-A1352ADA7BC1-StateMachineUpdater: snapshotIndex: updateIncreasingly 0 -> 4
2022-04-27 10:53:24,610 [6f2ed759-dfb9-4419-9191-8597321ac421@group-A1352ADA7BC1-StateMachineUpdater] INFO  ratis.ContainerStateMachine (ContainerStateMachine.java:takeSnapshot(304)) - group-A1352ADA7BC1: Taking a snapshot at:(t:5, i:2) file /home/runner/work/ozone/ozone/hadoop-ozone/integration-test/target/test-dir/MiniOzoneClusterImpl-6fb830c9-5413-49cc-a625-6cf41c4e5c97/datanode-3/data/ratis/bf02a7f3-0536-411e-9f4a-a1352ada7bc1/sm/snapshot.5_2
2022-04-27 10:53:24,612 [6f2ed759-dfb9-4419-9191-8597321ac421@group-A1352ADA7BC1-StateMachineUpdater] INFO  ratis.ContainerStateMachine (ContainerStateMachine.java:takeSnapshot(315)) - group-A1352ADA7BC1: Finished taking a snapshot at:(t:5, i:2) file:/home/runner/work/ozone/ozone/hadoop-ozone/integration-test/target/test-dir/MiniOzoneClusterImpl-6fb830c9-5413-49cc-a625-6cf41c4e5c97/datanode-3/data/ratis/bf02a7f3-0536-411e-9f4a-a1352ada7bc1/sm/snapshot.5_2 took: 2 ms
2022-04-27 10:53:24,612 [6f2ed759-dfb9-4419-9191-8597321ac421@group-A1352ADA7BC1-StateMachineUpdater] INFO  impl.StateMachineUpdater (StateMachineUpdater.java:takeSnapshot(281)) - 6f2ed759-dfb9-4419-9191-8597321ac421@group-A1352ADA7BC1-StateMachineUpdater: Took a snapshot at index 2
2022-04-27 10:53:24,612 [6f2ed759-dfb9-4419-9191-8597321ac421@group-A1352ADA7BC1-StateMachineUpdater] INFO  impl.StateMachineUpdater (StateMachineUpdater.java:lambda$new$0(89)) - 6f2ed759-dfb9-4419-9191-8597321ac421@group-A1352ADA7BC1-StateMachineUpdater: snapshotIndex: updateIncreasingly 0 -> 2
2022-04-27 10:53:24,618 [ChunkWriter-2-0] ERROR impl.ContainerLayoutVersion (ContainerLayoutVersion.java:getChunkDir(148)) - Chunks dir /home/runner/work/ozone/ozone/hadoop-ozone/integration-test/target/test-dir/MiniOzoneClusterImpl-6fb830c9-5413-49cc-a625-6cf41c4e5c97/datanode-5/data-0/containers/hdds/6fb830c9-5413-49cc-a625-6cf41c4e5c97/current/containerDir0/10/chunks does not exist
2022-04-27 10:53:24,618 [ChunkWriter-2-0] INFO  keyvalue.KeyValueHandler (ContainerUtils.java:logAndReturnError(88)) - Operation: WriteChunk , Trace ID:  , Message: Chunks directory /home/runner/work/ozone/ozone/hadoop-ozone/integration-test/target/test-dir/MiniOzoneClusterImpl-6fb830c9-5413-49cc-a625-6cf41c4e5c97/datanode-5/data-0/containers/hdds/6fb830c9-5413-49cc-a625-6cf41c4e5c97/current/containerDir0/10/chunks does not exist. , Result: UNABLE_TO_FIND_DATA_DIR , StorageContainerException Occurred.
org.apache.hadoop.hdds.scm.container.common.helpers.StorageContainerException: Chunks directory /home/runner/work/ozone/ozone/hadoop-ozone/integration-test/target/test-dir/MiniOzoneClusterImpl-6fb830c9-5413-49cc-a625-6cf41c4e5c97/datanode-5/data-0/containers/hdds/6fb830c9-5413-49cc-a625-6cf41c4e5c97/current/containerDir0/10/chunks does not exist.
	at org.apache.hadoop.ozone.container.common.impl.ContainerLayoutVersion.getChunkDir(ContainerLayoutVersion.java:150)
	at org.apache.hadoop.ozone.container.common.impl.ContainerLayoutVersion.getChunkFile(ContainerLayoutVersion.java:126)
	at org.apache.hadoop.ozone.container.keyvalue.impl.FilePerBlockStrategy.getChunkFile(FilePerBlockStrategy.java:237)
	at org.apache.hadoop.ozone.container.keyvalue.impl.FilePerBlockStrategy.writeChunk(FilePerBlockStrategy.java:119)
	at org.apache.hadoop.ozone.container.keyvalue.impl.ChunkManagerDispatcher.writeChunk(ChunkManagerDispatcher.java:73)
	at org.apache.hadoop.ozone.container.keyvalue.KeyValueHandler.handleWriteChunk(KeyValueHandler.java:744)
	at org.apache.hadoop.ozone.container.keyvalue.KeyValueHandler.dispatchRequest(KeyValueHandler.java:226)
	at org.apache.hadoop.ozone.container.keyvalue.KeyValueHandler.handle(KeyValueHandler.java:190)
	at org.apache.hadoop.ozone.container.common.impl.HddsDispatcher.dispatchRequest(HddsDispatcher.java:307)
	at org.apache.hadoop.ozone.container.common.impl.HddsDispatcher.lambda$dispatch$0(HddsDispatcher.java:169)
	at org.apache.hadoop.hdds.server.OzoneProtocolMessageDispatcher.processRequest(OzoneProtocolMessageDispatcher.java:87)
	at org.apache.hadoop.ozone.container.common.impl.HddsDispatcher.dispatch(HddsDispatcher.java:168)
	at org.apache.hadoop.ozone.container.common.transport.server.ratis.ContainerStateMachine.dispatchCommand(ContainerStateMachine.java:413)
	at org.apache.hadoop.ozone.container.common.transport.server.ratis.ContainerStateMachine.runCommand(ContainerStateMachine.java:423)
	at org.apache.hadoop.ozone.container.common.transport.server.ratis.ContainerStateMachine.lambda$handleWriteChunk$1(ContainerStateMachine.java:455)
	at java.util.concurrent.CompletableFuture$AsyncSupply.run(CompletableFuture.java:1604)
	at java.util.concurrent.ThreadPoolExecutor.runWorker(ThreadPoolExecutor.java:1149)
	at java.util.concurrent.ThreadPoolExecutor$Worker.run(ThreadPoolExecutor.java:624)
	at java.lang.Thread.run(Thread.java:750)
2022-04-27 10:53:24,619 [6f2ed759-dfb9-4419-9191-8597321ac421@group-A1352ADA7BC1-StateMachineUpdater] INFO  ratis.ContainerStateMachine (ContainerStateMachine.java:takeSnapshot(304)) - group-A1352ADA7BC1: Taking a snapshot at:(t:5, i:4) file /home/runner/work/ozone/ozone/hadoop-ozone/integration-test/target/test-dir/MiniOzoneClusterImpl-6fb830c9-5413-49cc-a625-6cf41c4e5c97/datanode-3/data/ratis/bf02a7f3-0536-411e-9f4a-a1352ada7bc1/sm/snapshot.5_4
2022-04-27 10:53:24,620 [6f2ed759-dfb9-4419-9191-8597321ac421@group-A1352ADA7BC1-StateMachineUpdater] INFO  ratis.ContainerStateMachine (ContainerStateMachine.java:takeSnapshot(315)) - group-A1352ADA7BC1: Finished taking a snapshot at:(t:5, i:4) file:/home/runner/work/ozone/ozone/hadoop-ozone/integration-test/target/test-dir/MiniOzoneClusterImpl-6fb830c9-5413-49cc-a625-6cf41c4e5c97/datanode-3/data/ratis/bf02a7f3-0536-411e-9f4a-a1352ada7bc1/sm/snapshot.5_4 took: 1 ms
2022-04-27 10:53:24,620 [6f2ed759-dfb9-4419-9191-8597321ac421@group-A1352ADA7BC1-StateMachineUpdater] INFO  impl.StateMachineUpdater (StateMachineUpdater.java:takeSnapshot(281)) - 6f2ed759-dfb9-4419-9191-8597321ac421@group-A1352ADA7BC1-StateMachineUpdater: Took a snapshot at index 4
2022-04-27 10:53:24,620 [6f2ed759-dfb9-4419-9191-8597321ac421@group-A1352ADA7BC1-StateMachineUpdater] INFO  impl.StateMachineUpdater (StateMachineUpdater.java:lambda$new$0(89)) - 6f2ed759-dfb9-4419-9191-8597321ac421@group-A1352ADA7BC1-StateMachineUpdater: snapshotIndex: updateIncreasingly 2 -> 4
2022-04-27 10:53:24,632 [ChunkWriter-2-0] WARN  keyvalue.KeyValueContainer (KeyValueContainer.java:markContainerUnhealthy(327)) - Moving container /home/runner/work/ozone/ozone/hadoop-ozone/integration-test/target/test-dir/MiniOzoneClusterImpl-6fb830c9-5413-49cc-a625-6cf41c4e5c97/datanode-5/data-0/containers/hdds/6fb830c9-5413-49cc-a625-6cf41c4e5c97/current/containerDir0/10 to state UNHEALTHY from state:UNHEALTHY Trace:java.lang.Thread.getStackTrace(Thread.java:1564)
org.apache.hadoop.util.StringUtils.getStackTrace(StringUtils.java:1060)
org.apache.hadoop.ozone.container.keyvalue.KeyValueContainer.markContainerUnhealthy(KeyValueContainer.java:329)
org.apache.hadoop.ozone.container.keyvalue.KeyValueHandler.markContainerUnhealthy(KeyValueHandler.java:989)
org.apache.hadoop.ozone.container.common.impl.HddsDispatcher.dispatchRequest(HddsDispatcher.java:350)
org.apache.hadoop.ozone.container.common.impl.HddsDispatcher.lambda$dispatch$0(HddsDispatcher.java:169)
org.apache.hadoop.hdds.server.OzoneProtocolMessageDispatcher.processRequest(OzoneProtocolMessageDispatcher.java:87)
org.apache.hadoop.ozone.container.common.impl.HddsDispatcher.dispatch(HddsDispatcher.java:168)
org.apache.hadoop.ozone.container.common.transport.server.ratis.ContainerStateMachine.dispatchCommand(ContainerStateMachine.java:413)
org.apache.hadoop.ozone.container.common.transport.server.ratis.ContainerStateMachine.runCommand(ContainerStateMachine.java:423)
org.apache.hadoop.ozone.container.common.transport.server.ratis.ContainerStateMachine.lambda$handleWriteChunk$1(ContainerStateMachine.java:455)
java.util.concurrent.CompletableFuture$AsyncSupply.run(CompletableFuture.java:1604)
java.util.concurrent.ThreadPoolExecutor.runWorker(ThreadPoolExecutor.java:1149)
java.util.concurrent.ThreadPoolExecutor$Worker.run(ThreadPoolExecutor.java:624)
java.lang.Thread.run(Thread.java:750)

2022-04-27 10:53:24,632 [ChunkWriter-2-0] INFO  impl.HddsDispatcher (HddsDispatcher.java:dispatchRequest(351)) - Marked Container UNHEALTHY, ContainerID: 10
10:53:24.632 [ChunkWriter-2-0] ERROR DNAudit - user=null | ip=null | op=WRITE_CHUNK {blockData=conID: 10 locID: 109611004723200010 bcsId: 2} | ret=FAILURE
java.lang.Exception: Chunks directory /home/runner/work/ozone/ozone/hadoop-ozone/integration-test/target/test-dir/MiniOzoneClusterImpl-6fb830c9-5413-49cc-a625-6cf41c4e5c97/datanode-5/data-0/containers/hdds/6fb830c9-5413-49cc-a625-6cf41c4e5c97/current/containerDir0/10/chunks does not exist.
	at org.apache.hadoop.ozone.container.common.impl.HddsDispatcher.dispatchRequest(HddsDispatcher.java:369) ~[hdds-container-service-1.3.0-SNAPSHOT.jar:?]
	at org.apache.hadoop.ozone.container.common.impl.HddsDispatcher.lambda$dispatch$0(HddsDispatcher.java:169) ~[hdds-container-service-1.3.0-SNAPSHOT.jar:?]
	at org.apache.hadoop.hdds.server.OzoneProtocolMessageDispatcher.processRequest(OzoneProtocolMessageDispatcher.java:87) ~[hdds-server-framework-1.3.0-SNAPSHOT.jar:?]
	at org.apache.hadoop.ozone.container.common.impl.HddsDispatcher.dispatch(HddsDispatcher.java:168) ~[hdds-container-service-1.3.0-SNAPSHOT.jar:?]
	at org.apache.hadoop.ozone.container.common.transport.server.ratis.ContainerStateMachine.dispatchCommand(ContainerStateMachine.java:413) ~[hdds-container-service-1.3.0-SNAPSHOT.jar:?]
	at org.apache.hadoop.ozone.container.common.transport.server.ratis.ContainerStateMachine.runCommand(ContainerStateMachine.java:423) ~[hdds-container-service-1.3.0-SNAPSHOT.jar:?]
	at org.apache.hadoop.ozone.container.common.transport.server.ratis.ContainerStateMachine.lambda$handleWriteChunk$1(ContainerStateMachine.java:455) ~[hdds-container-service-1.3.0-SNAPSHOT.jar:?]
	at java.util.concurrent.CompletableFuture$AsyncSupply.run(CompletableFuture.java:1604) [?:1.8.0_322]
	at java.util.concurrent.ThreadPoolExecutor.runWorker(ThreadPoolExecutor.java:1149) [?:1.8.0_322]
	at java.util.concurrent.ThreadPoolExecutor$Worker.run(ThreadPoolExecutor.java:624) [?:1.8.0_322]
	at java.lang.Thread.run(Thread.java:750) [?:1.8.0_322]
2022-04-27 10:53:24,632 [ChunkWriter-2-0] ERROR ratis.ContainerStateMachine (ContainerStateMachine.java:lambda$handleWriteChunk$2(483)) - group-A1352ADA7BC1: writeChunk writeStateMachineData failed: blockIdcontainerID: 10
localID: 109611004723200010
blockCommitSequenceId: 2
replicaIndex: 0
 logIndex 5 chunkName 109611004723200010_chunk_2 Error message: Chunks directory /home/runner/work/ozone/ozone/hadoop-ozone/integration-test/target/test-dir/MiniOzoneClusterImpl-6fb830c9-5413-49cc-a625-6cf41c4e5c97/datanode-5/data-0/containers/hdds/6fb830c9-5413-49cc-a625-6cf41c4e5c97/current/containerDir0/10/chunks does not exist. Container Result: UNABLE_TO_FIND_DATA_DIR
2022-04-27 10:53:24,634 [5e3f1479-9daf-43cd-8651-224960992f9b@group-A1352ADA7BC1-SegmentedRaftLogWorker] ERROR ratis.XceiverServerRatis (XceiverServerRatis.java:triggerPipelineClose(678)) - pipeline Action CLOSE on pipeline PipelineID=bf02a7f3-0536-411e-9f4a-a1352ada7bc1.Reason : Chunks directory /home/runner/work/ozone/ozone/hadoop-ozone/integration-test/target/test-dir/MiniOzoneClusterImpl-6fb830c9-5413-49cc-a625-6cf41c4e5c97/datanode-5/data-0/containers/hdds/6fb830c9-5413-49cc-a625-6cf41c4e5c97/current/containerDir0/10/chunks does not exist.
2022-04-27 10:53:24,635 [FixedThreadPoolWithAffinityExecutor-9-0] WARN  container.IncrementalContainerReportHandler (AbstractContainerReportHandler.java:updateContainerState(255)) - Container #10 is in OPEN state, but the datanode 5e3f1479-9daf-43cd-8651-224960992f9b{ip: 10.1.0.29, host: fv-az270-423.tacnzluakwdehk1hpragurqkma.bx.internal.cloudapp.net, ports: [REPLICATION=39479, RATIS=36215, RATIS_ADMIN=36215, RATIS_SERVER=36215, STANDALONE=43119], networkLocation: /default-rack, certSerialId: null, persistedOpState: IN_SERVICE, persistedOpStateExpiryEpochSec: 0} reports an UNHEALTHY replica.
2022-04-27 10:53:24,635 [EventQueue-PipelineReportForPipelineReportHandler] INFO  pipeline.PipelineReportHandler (PipelineReportHandler.java:processPipelineReport(113)) - Reported pipeline PipelineID=cf80c735-cb93-438b-a05e-dff27b2a1031 is not found
2022-04-27 10:53:24,635 [EventQueue-CloseContainerForCloseContainerEventHandler] INFO  container.CloseContainerEventHandler (CloseContainerEventHandler.java:onMessage(69)) - Close container Event triggered for container : #10
2022-04-27 10:53:24,635 [EventQueue-PipelineActionsForPipelineActionHandler] INFO  pipeline.PipelineActionHandler (PipelineActionHandler.java:processPipelineAction(82)) - Received pipeline action CLOSE for PipelineID=bf02a7f3-0536-411e-9f4a-a1352ada7bc1 from datanode 5e3f1479-9daf-43cd-8651-224960992f9b. Reason : Chunks directory /home/runner/work/ozone/ozone/hadoop-ozone/integration-test/target/test-dir/MiniOzoneClusterImpl-6fb830c9-5413-49cc-a625-6cf41c4e5c97/datanode-5/data-0/containers/hdds/6fb830c9-5413-49cc-a625-6cf41c4e5c97/current/containerDir0/10/chunks does not exist.
2022-04-27 10:53:24,636 [EventQueue-PipelineActionsForPipelineActionHandler] INFO  pipeline.PipelineManagerImpl (PipelineManagerImpl.java:closeContainersForPipeline(381)) - Container #10 closed for pipeline=PipelineID=bf02a7f3-0536-411e-9f4a-a1352ada7bc1
2022-04-27 10:53:24,636 [EventQueue-CloseContainerForCloseContainerEventHandler] INFO  container.CloseContainerEventHandler (CloseContainerEventHandler.java:onMessage(69)) - Close container Event triggered for container : #10
2022-04-27 10:53:24,636 [EventQueue-PipelineActionsForPipelineActionHandler] INFO  pipeline.PipelineManagerImpl (PipelineManagerImpl.java:closePipeline(402)) - Pipeline Pipeline[ Id: bf02a7f3-0536-411e-9f4a-a1352ada7bc1, Nodes: 6f2ed759-dfb9-4419-9191-8597321ac421{ip: 10.1.0.29, host: fv-az270-423.tacnzluakwdehk1hpragurqkma.bx.internal.cloudapp.net, ports: [REPLICATION=41459, RATIS=39501, RATIS_ADMIN=39501, RATIS_SERVER=39501, STANDALONE=44875], networkLocation: /default-rack, certSerialId: null, persistedOpState: IN_SERVICE, persistedOpStateExpiryEpochSec: 0}0a06a8c4-9179-4a2e-838b-55c09a430176{ip: 10.1.0.29, host: fv-az270-423.tacnzluakwdehk1hpragurqkma.bx.internal.cloudapp.net, ports: [REPLICATION=38343, RATIS=39993, RATIS_ADMIN=39993, RATIS_SERVER=39993, STANDALONE=39275], networkLocation: /default-rack, certSerialId: null, persistedOpState: IN_SERVICE, persistedOpStateExpiryEpochSec: 0}5e3f1479-9daf-43cd-8651-224960992f9b{ip: 10.1.0.29, host: fv-az270-423.tacnzluakwdehk1hpragurqkma.bx.internal.cloudapp.net, ports: [REPLICATION=39479, RATIS=36215, RATIS_ADMIN=36215, RATIS_SERVER=36215, STANDALONE=43119], networkLocation: /default-rack, certSerialId: null, persistedOpState: IN_SERVICE, persistedOpStateExpiryEpochSec: 0}, ReplicationConfig: RATIS/THREE, State:OPEN, leaderId:0a06a8c4-9179-4a2e-838b-55c09a430176, CreationTimestamp2022-04-27T10:51:56.919Z[Etc/UTC]] moved to CLOSED state
2022-04-27 10:53:24,636 [EventQueue-PipelineActionsForPipelineActionHandler] INFO  pipeline.RatisPipelineProvider (RatisPipelineProvider.java:lambda$close$1(244)) - Send pipeline:PipelineID=bf02a7f3-0536-411e-9f4a-a1352ada7bc1 close command to datanode 6f2ed759-dfb9-4419-9191-8597321ac421
2022-04-27 10:53:24,636 [EventQueue-PipelineActionsForPipelineActionHandler] INFO  pipeline.RatisPipelineProvider (RatisPipelineProvider.java:lambda$close$1(244)) - Send pipeline:PipelineID=bf02a7f3-0536-411e-9f4a-a1352ada7bc1 close command to datanode 0a06a8c4-9179-4a2e-838b-55c09a430176
2022-04-27 10:53:24,636 [EventQueue-PipelineActionsForPipelineActionHandler] INFO  pipeline.RatisPipelineProvider (RatisPipelineProvider.java:lambda$close$1(244)) - Send pipeline:PipelineID=bf02a7f3-0536-411e-9f4a-a1352ada7bc1 close command to datanode 5e3f1479-9daf-43cd-8651-224960992f9b
2022-04-27 10:53:24,636 [EventQueue-PipelineActionsForPipelineActionHandler] INFO  pipeline.PipelineStateManagerImpl (PipelineStateManagerImpl.java:removePipeline(243)) - Pipeline Pipeline[ Id: bf02a7f3-0536-411e-9f4a-a1352ada7bc1, Nodes: 6f2ed759-dfb9-4419-9191-8597321ac421{ip: 10.1.0.29, host: fv-az270-423.tacnzluakwdehk1hpragurqkma.bx.internal.cloudapp.net, ports: [REPLICATION=41459, RATIS=39501, RATIS_ADMIN=39501, RATIS_SERVER=39501, STANDALONE=44875], networkLocation: /default-rack, certSerialId: null, persistedOpState: IN_SERVICE, persistedOpStateExpiryEpochSec: 0}0a06a8c4-9179-4a2e-838b-55c09a430176{ip: 10.1.0.29, host: fv-az270-423.tacnzluakwdehk1hpragurqkma.bx.internal.cloudapp.net, ports: [REPLICATION=38343, RATIS=39993, RATIS_ADMIN=39993, RATIS_SERVER=39993, STANDALONE=39275], networkLocation: /default-rack, certSerialId: null, persistedOpState: IN_SERVICE, persistedOpStateExpiryEpochSec: 0}5e3f1479-9daf-43cd-8651-224960992f9b{ip: 10.1.0.29, host: fv-az270-423.tacnzluakwdehk1hpragurqkma.bx.internal.cloudapp.net, ports: [REPLICATION=39479, RATIS=36215, RATIS_ADMIN=36215, RATIS_SERVER=36215, STANDALONE=43119], networkLocation: /default-rack, certSerialId: null, persistedOpState: IN_SERVICE, persistedOpStateExpiryEpochSec: 0}, ReplicationConfig: RATIS/THREE, State:CLOSED, leaderId:0a06a8c4-9179-4a2e-838b-55c09a430176, CreationTimestamp2022-04-27T10:51:56.919Z[Etc/UTC]] removed.
2022-04-27 10:53:24,640 [5e3f1479-9daf-43cd-8651-224960992f9b@group-A1352ADA7BC1-SegmentedRaftLogWorker] ERROR ratis.XceiverServerRatis (XceiverServerRatis.java:triggerPipelineClose(678)) - pipeline Action CLOSE on pipeline PipelineID=bf02a7f3-0536-411e-9f4a-a1352ada7bc1.Reason : Log already failed at index 5 for task WriteLog:5: (t:5, i:5), STATEMACHINELOGENTRY, cmdType: WriteChunk traceID: "" containerID: 10 datanodeUuid: "6f2ed759-dfb9-4419-9191-8597321ac421" pipelineID: "bf02a7f3-0536-411e-9f4a-a1352ada7bc1" writeChunk { blockID { containerID: 10 localID: 109611004723200010 blockCommitSequenceId: 2 replicaIndex: 0 } chunkData { chunkName: "109611004723200010_chunk_2" offset: 5 len: 10 checksumData { type: CRC32 bytesPerChecksum: 1048576 checksums: "\317\357R*" } } }, container path=/home/runner/work/ozone/ozone/hadoop-ozone/integration-test/target/test-dir/MiniOzoneClusterImpl-6fb830c9-5413-49cc-a625-6cf41c4e5c97/datanode-5/data-0/containers/hdds/6fb830c9-5413-49cc-a625-6cf41c4e5c97/current/containerDir0/10
2022-04-27 10:53:24,641 [EventQueue-PipelineActionsForPipelineActionHandler] INFO  pipeline.PipelineActionHandler (PipelineActionHandler.java:processPipelineAction(82)) - Received pipeline action CLOSE for PipelineID=bf02a7f3-0536-411e-9f4a-a1352ada7bc1 from datanode 5e3f1479-9daf-43cd-8651-224960992f9b. Reason : Log already failed at index 5 for task WriteLog:5: (t:5, i:5), STATEMACHINELOGENTRY, cmdType: WriteChunk traceID: "" containerID: 10 datanodeUuid: "6f2ed759-dfb9-4419-9191-8597321ac421" pipelineID: "bf02a7f3-0536-411e-9f4a-a1352ada7bc1" writeChunk { blockID { containerID: 10 localID: 109611004723200010 blockCommitSequenceId: 2 replicaIndex: 0 } chunkData { chunkName: "109611004723200010_chunk_2" offset: 5 len: 10 checksumData { type: CRC32 bytesPerChecksum: 1048576 checksums: "\317\357R*" } } }, container path=/home/runner/work/ozone/ozone/hadoop-ozone/integration-test/target/test-dir/MiniOzoneClusterImpl-6fb830c9-5413-49cc-a625-6cf41c4e5c97/datanode-5/data-0/containers/hdds/6fb830c9-5413-49cc-a625-6cf41c4e5c97/current/containerDir0/10
2022-04-27 10:53:24,641 [EventQueue-PipelineActionsForPipelineActionHandler] WARN  pipeline.PipelineActionHandler (PipelineActionHandler.java:processPipelineAction(93)) - Pipeline action CLOSE received for unknown pipeline PipelineID=bf02a7f3-0536-411e-9f4a-a1352ada7bc1, firing close pipeline event.
2022-04-27 10:53:24,648 [5e3f1479-9daf-43cd-8651-224960992f9b@group-A1352ADA7BC1-SegmentedRaftLogWorker] ERROR ratis.XceiverServerRatis (XceiverServerRatis.java:triggerPipelineClose(678)) - pipeline Action CLOSE on pipeline PipelineID=bf02a7f3-0536-411e-9f4a-a1352ada7bc1.Reason : Log already failed at index 5 for task WriteLog:5: (t:5, i:5), STATEMACHINELOGENTRY, cmdType: WriteChunk traceID: "" containerID: 10 datanodeUuid: "6f2ed759-dfb9-4419-9191-8597321ac421" pipelineID: "bf02a7f3-0536-411e-9f4a-a1352ada7bc1" writeChunk { blockID { containerID: 10 localID: 109611004723200010 blockCommitSequenceId: 2 replicaIndex: 0 } chunkData { chunkName: "109611004723200010_chunk_2" offset: 5 len: 10 checksumData { type: CRC32 bytesPerChecksum: 1048576 checksums: "\317\357R*" } } }, container path=/home/runner/work/ozone/ozone/hadoop-ozone/integration-test/target/test-dir/MiniOzoneClusterImpl-6fb830c9-5413-49cc-a625-6cf41c4e5c97/datanode-5/data-0/containers/hdds/6fb830c9-5413-49cc-a625-6cf41c4e5c97/current/containerDir0/10
2022-04-27 10:53:24,648 [EventQueue-PipelineActionsForPipelineActionHandler] INFO  pipeline.PipelineActionHandler (PipelineActionHandler.java:processPipelineAction(82)) - Received pipeline action CLOSE for PipelineID=bf02a7f3-0536-411e-9f4a-a1352ada7bc1 from datanode 5e3f1479-9daf-43cd-8651-224960992f9b. Reason : Log already failed at index 5 for task WriteLog:5: (t:5, i:5), STATEMACHINELOGENTRY, cmdType: WriteChunk traceID: "" containerID: 10 datanodeUuid: "6f2ed759-dfb9-4419-9191-8597321ac421" pipelineID: "bf02a7f3-0536-411e-9f4a-a1352ada7bc1" writeChunk { blockID { containerID: 10 localID: 109611004723200010 blockCommitSequenceId: 2 replicaIndex: 0 } chunkData { chunkName: "109611004723200010_chunk_2" offset: 5 len: 10 checksumData { type: CRC32 bytesPerChecksum: 1048576 checksums: "\317\357R*" } } }, container path=/home/runner/work/ozone/ozone/hadoop-ozone/integration-test/target/test-dir/MiniOzoneClusterImpl-6fb830c9-5413-49cc-a625-6cf41c4e5c97/datanode-5/data-0/containers/hdds/6fb830c9-5413-49cc-a625-6cf41c4e5c97/current/containerDir0/10
2022-04-27 10:53:24,648 [EventQueue-PipelineActionsForPipelineActionHandler] WARN  pipeline.PipelineActionHandler (PipelineActionHandler.java:processPipelineAction(93)) - Pipeline action CLOSE received for unknown pipeline PipelineID=bf02a7f3-0536-411e-9f4a-a1352ada7bc1, firing close pipeline event.
2022-04-27 10:53:24,656 [FixedThreadPoolWithAffinityExecutor-1-0] WARN  container.ContainerReportHandler (AbstractContainerReportHandler.java:updateContainerState(255)) - Container #4 is in OPEN state, but the datanode 5305b34f-83d0-4be9-8032-f631ee150b78{ip: 10.1.0.29, host: fv-az270-423.tacnzluakwdehk1hpragurqkma.bx.internal.cloudapp.net, ports: [REPLICATION=45903, RATIS=34741, RATIS_ADMIN=34741, RATIS_SERVER=34741, STANDALONE=45233], networkLocation: /default-rack, certSerialId: null, persistedOpState: IN_SERVICE, persistedOpStateExpiryEpochSec: 0} reports an CLOSED replica.
2022-04-27 10:53:24,663 [0a06a8c4-9179-4a2e-838b-55c09a430176@group-A1352ADA7BC1-StateMachineUpdater] INFO  ratis.ContainerStateMachine (ContainerStateMachine.java:takeSnapshot(304)) - group-A1352ADA7BC1: Taking a snapshot at:(t:5, i:6) file /home/runner/work/ozone/ozone/hadoop-ozone/integration-test/target/test-dir/MiniOzoneClusterImpl-6fb830c9-5413-49cc-a625-6cf41c4e5c97/datanode-4/data/ratis/bf02a7f3-0536-411e-9f4a-a1352ada7bc1/sm/snapshot.5_6
2022-04-27 10:53:24,664 [0a06a8c4-9179-4a2e-838b-55c09a430176@group-A1352ADA7BC1-StateMachineUpdater] INFO  ratis.ContainerStateMachine (ContainerStateMachine.java:takeSnapshot(315)) - group-A1352ADA7BC1: Finished taking a snapshot at:(t:5, i:6) file:/home/runner/work/ozone/ozone/hadoop-ozone/integration-test/target/test-dir/MiniOzoneClusterImpl-6fb830c9-5413-49cc-a625-6cf41c4e5c97/datanode-4/data/ratis/bf02a7f3-0536-411e-9f4a-a1352ada7bc1/sm/snapshot.5_6 took: 1 ms
2022-04-27 10:53:24,665 [0a06a8c4-9179-4a2e-838b-55c09a430176@group-A1352ADA7BC1-StateMachineUpdater] INFO  impl.StateMachineUpdater (StateMachineUpdater.java:takeSnapshot(281)) - 0a06a8c4-9179-4a2e-838b-55c09a430176@group-A1352ADA7BC1-StateMachineUpdater: Took a snapshot at index 6
2022-04-27 10:53:24,665 [0a06a8c4-9179-4a2e-838b-55c09a430176@group-A1352ADA7BC1-StateMachineUpdater] INFO  impl.StateMachineUpdater (StateMachineUpdater.java:lambda$new$0(89)) - 0a06a8c4-9179-4a2e-838b-55c09a430176@group-A1352ADA7BC1-StateMachineUpdater: snapshotIndex: updateIncreasingly 4 -> 6
2022-04-27 10:53:24,665 [0a06a8c4-9179-4a2e-838b-55c09a430176@group-A1352ADA7BC1-StateMachineUpdater] INFO  ratis.ContainerStateMachine (ContainerStateMachine.java:takeSnapshot(304)) - group-A1352ADA7BC1: Taking a snapshot at:(t:5, i:7) file /home/runner/work/ozone/ozone/hadoop-ozone/integration-test/target/test-dir/MiniOzoneClusterImpl-6fb830c9-5413-49cc-a625-6cf41c4e5c97/datanode-4/data/ratis/bf02a7f3-0536-411e-9f4a-a1352ada7bc1/sm/snapshot.5_7
2022-04-27 10:53:24,666 [0a06a8c4-9179-4a2e-838b-55c09a430176@group-A1352ADA7BC1-StateMachineUpdater] INFO  ratis.ContainerStateMachine (ContainerStateMachine.java:takeSnapshot(315)) - group-A1352ADA7BC1: Finished taking a snapshot at:(t:5, i:7) file:/home/runner/work/ozone/ozone/hadoop-ozone/integration-test/target/test-dir/MiniOzoneClusterImpl-6fb830c9-5413-49cc-a625-6cf41c4e5c97/datanode-4/data/ratis/bf02a7f3-0536-411e-9f4a-a1352ada7bc1/sm/snapshot.5_7 took: 1 ms
2022-04-27 10:53:24,666 [0a06a8c4-9179-4a2e-838b-55c09a430176@group-A1352ADA7BC1-StateMachineUpdater] INFO  impl.StateMachineUpdater (StateMachineUpdater.java:takeSnapshot(281)) - 0a06a8c4-9179-4a2e-838b-55c09a430176@group-A1352ADA7BC1-StateMachineUpdater: Took a snapshot at index 7
2022-04-27 10:53:24,666 [0a06a8c4-9179-4a2e-838b-55c09a430176@group-A1352ADA7BC1-StateMachineUpdater] INFO  impl.StateMachineUpdater (StateMachineUpdater.java:lambda$new$0(89)) - 0a06a8c4-9179-4a2e-838b-55c09a430176@group-A1352ADA7BC1-StateMachineUpdater: snapshotIndex: updateIncreasingly 6 -> 7
2022-04-27 10:53:24,671 [Command processor thread] INFO  server.RaftServer (RaftServerProxy.java:remove(106)) - 5e3f1479-9daf-43cd-8651-224960992f9b: remove  FOLLOWER 5e3f1479-9daf-43cd-8651-224960992f9b@group-A1352ADA7BC1:t5, leader=0a06a8c4-9179-4a2e-838b-55c09a430176, voted=0a06a8c4-9179-4a2e-838b-55c09a430176, raftlog=5e3f1479-9daf-43cd-8651-224960992f9b@group-A1352ADA7BC1-SegmentedRaftLog:OPENED:c2, conf=0: [0a06a8c4-9179-4a2e-838b-55c09a430176|rpc:10.1.0.29:39993|dataStream:|priority:1, 5e3f1479-9daf-43cd-8651-224960992f9b|rpc:10.1.0.29:36215|dataStream:|priority:0, 6f2ed759-dfb9-4419-9191-8597321ac421|rpc:10.1.0.29:39501|dataStream:|priority:0], old=null RUNNING
2022-04-27 10:53:24,671 [Command processor thread] INFO  server.RaftServer$Division (RaftServerImpl.java:lambda$close$4(412)) - 5e3f1479-9daf-43cd-8651-224960992f9b@group-A1352ADA7BC1: shutdown
2022-04-27 10:53:24,671 [Command processor thread] INFO  util.JmxRegister (JmxRegister.java:unregister(73)) - Successfully un-registered JMX Bean with object name Ratis:service=RaftServer,group=group-A1352ADA7BC1,id=5e3f1479-9daf-43cd-8651-224960992f9b
2022-04-27 10:53:24,671 [Command processor thread] INFO  impl.RoleInfo (RoleInfo.java:shutdownFollowerState(108)) - 5e3f1479-9daf-43cd-8651-224960992f9b: shutdown 5e3f1479-9daf-43cd-8651-224960992f9b@group-A1352ADA7BC1-FollowerState
2022-04-27 10:53:24,672 [Command processor thread] INFO  impl.StateMachineUpdater (StateMachineUpdater.java:stopAndJoin(149)) - 5e3f1479-9daf-43cd-8651-224960992f9b@group-A1352ADA7BC1-StateMachineUpdater: set stopIndex = 2
2022-04-27 10:53:24,672 [5e3f1479-9daf-43cd-8651-224960992f9b@group-A1352ADA7BC1-StateMachineUpdater] ERROR ratis.ContainerStateMachine (ContainerStateMachine.java:takeSnapshot(298)) - Failed to take snapshot  for group-A1352ADA7BC1 as the stateMachine is unhealthy. The last applied index is at (t:5, i:2)
2022-04-27 10:53:24,672 [5e3f1479-9daf-43cd-8651-224960992f9b@group-A1352ADA7BC1-StateMachineUpdater] ERROR impl.StateMachineUpdater (StateMachineUpdater.java:takeSnapshot(276)) - 5e3f1479-9daf-43cd-8651-224960992f9b@group-A1352ADA7BC1-StateMachineUpdater: Failed to take snapshot
org.apache.ratis.protocol.exceptions.StateMachineException: Failed to take snapshot  for group-A1352ADA7BC1 as the stateMachine is unhealthy. The last applied index is at (t:5, i:2)
	at org.apache.hadoop.ozone.container.common.transport.server.ratis.ContainerStateMachine.takeSnapshot(ContainerStateMachine.java:297)
	at org.apache.ratis.server.impl.StateMachineUpdater.takeSnapshot(StateMachineUpdater.java:265)
	at org.apache.ratis.server.impl.StateMachineUpdater.checkAndTakeSnapshot(StateMachineUpdater.java:257)
	at org.apache.ratis.server.impl.StateMachineUpdater.run(StateMachineUpdater.java:180)
	at java.lang.Thread.run(Thread.java:750)
2022-04-27 10:53:24,672 [5e3f1479-9daf-43cd-8651-224960992f9b@group-A1352ADA7BC1-StateMachineUpdater] ERROR ratis.ContainerStateMachine (ContainerStateMachine.java:takeSnapshot(298)) - Failed to take snapshot  for group-A1352ADA7BC1 as the stateMachine is unhealthy. The last applied index is at (t:5, i:2)
2022-04-27 10:53:24,672 [5e3f1479-9daf-43cd-8651-224960992f9b@group-A1352ADA7BC1-StateMachineUpdater] ERROR impl.StateMachineUpdater (StateMachineUpdater.java:takeSnapshot(276)) - 5e3f1479-9daf-43cd-8651-224960992f9b@group-A1352ADA7BC1-StateMachineUpdater: Failed to take snapshot
org.apache.ratis.protocol.exceptions.StateMachineException: Failed to take snapshot  for group-A1352ADA7BC1 as the stateMachine is unhealthy. The last applied index is at (t:5, i:2)
	at org.apache.hadoop.ozone.container.common.transport.server.ratis.ContainerStateMachine.takeSnapshot(ContainerStateMachine.java:297)
	at org.apache.ratis.server.impl.StateMachineUpdater.takeSnapshot(StateMachineUpdater.java:265)
	at org.apache.ratis.server.impl.StateMachineUpdater.checkAndTakeSnapshot(StateMachineUpdater.java:257)
	at org.apache.ratis.server.impl.StateMachineUpdater.run(StateMachineUpdater.java:183)
	at java.lang.Thread.run(Thread.java:750)
2022-04-27 10:53:24,672 [Command processor thread] INFO  server.RaftServer$Division (ServerState.java:close(419)) - 5e3f1479-9daf-43cd-8651-224960992f9b@group-A1352ADA7BC1: closes. applyIndex: 2
2022-04-27 10:53:24,673 [5e3f1479-9daf-43cd-8651-224960992f9b@group-A1352ADA7BC1-SegmentedRaftLogWorker] INFO  segmented.SegmentedRaftLogWorker (SegmentedRaftLogWorker.java:run(327)) - 5e3f1479-9daf-43cd-8651-224960992f9b@group-A1352ADA7BC1-SegmentedRaftLogWorker was interrupted, exiting. There are 0 tasks remaining in the queue.
2022-04-27 10:53:24,673 [5e3f1479-9daf-43cd-8651-224960992f9b@group-A1352ADA7BC1-FollowerState] INFO  impl.FollowerState (FollowerState.java:run(143)) - 5e3f1479-9daf-43cd-8651-224960992f9b@group-A1352ADA7BC1-FollowerState was interrupted: {}
java.lang.InterruptedException: sleep interrupted
	at java.lang.Thread.sleep(Native Method)
	at java.lang.Thread.sleep(Thread.java:342)
	at java.util.concurrent.TimeUnit.sleep(TimeUnit.java:386)
	at org.apache.ratis.util.TimeDuration.sleep(TimeDuration.java:324)
	at org.apache.ratis.util.TimeDuration.sleep(TimeDuration.java:309)
	at org.apache.ratis.server.impl.FollowerState.run(FollowerState.java:118)
2022-04-27 10:53:24,677 [Command processor thread] INFO  segmented.SegmentedRaftLogWorker (SegmentedRaftLogWorker.java:close(237)) - 5e3f1479-9daf-43cd-8651-224960992f9b@group-A1352ADA7BC1-SegmentedRaftLogWorker close()
2022-04-27 10:53:24,679 [Command processor thread] INFO  server.RaftServer$Division (RaftServerImpl.java:groupRemove(382)) - 5e3f1479-9daf-43cd-8651-224960992f9b@group-A1352ADA7BC1: Succeed to remove RaftStorageDirectory Storage Directory /home/runner/work/ozone/ozone/hadoop-ozone/integration-test/target/test-dir/MiniOzoneClusterImpl-6fb830c9-5413-49cc-a625-6cf41c4e5c97/datanode-5/data/ratis/bf02a7f3-0536-411e-9f4a-a1352ada7bc1
2022-04-27 10:53:24,679 [Command processor thread] INFO  commandhandler.ClosePipelineCommandHandler (ClosePipelineCommandHandler.java:handle(78)) - Close Pipeline PipelineID=bf02a7f3-0536-411e-9f4a-a1352ada7bc1 command on datanode 5e3f1479-9daf-43cd-8651-224960992f9b.
2022-04-27 10:53:24,682 [6f2ed759-dfb9-4419-9191-8597321ac421@group-A1352ADA7BC1-StateMachineUpdater] INFO  ratis.ContainerStateMachine (ContainerStateMachine.java:takeSnapshot(304)) - group-A1352ADA7BC1: Taking a snapshot at:(t:5, i:5) file /home/runner/work/ozone/ozone/hadoop-ozone/integration-test/target/test-dir/MiniOzoneClusterImpl-6fb830c9-5413-49cc-a625-6cf41c4e5c97/datanode-3/data/ratis/bf02a7f3-0536-411e-9f4a-a1352ada7bc1/sm/snapshot.5_5
2022-04-27 10:53:24,683 [6f2ed759-dfb9-4419-9191-8597321ac421@group-A1352ADA7BC1-StateMachineUpdater] INFO  ratis.ContainerStateMachine (ContainerStateMachine.java:takeSnapshot(315)) - group-A1352ADA7BC1: Finished taking a snapshot at:(t:5, i:5) file:/home/runner/work/ozone/ozone/hadoop-ozone/integration-test/target/test-dir/MiniOzoneClusterImpl-6fb830c9-5413-49cc-a625-6cf41c4e5c97/datanode-3/data/ratis/bf02a7f3-0536-411e-9f4a-a1352ada7bc1/sm/snapshot.5_5 took: 1 ms
2022-04-27 10:53:24,683 [6f2ed759-dfb9-4419-9191-8597321ac421@group-A1352ADA7BC1-StateMachineUpdater] INFO  impl.StateMachineUpdater (StateMachineUpdater.java:takeSnapshot(281)) - 6f2ed759-dfb9-4419-9191-8597321ac421@group-A1352ADA7BC1-StateMachineUpdater: Took a snapshot at index 5
2022-04-27 10:53:24,683 [6f2ed759-dfb9-4419-9191-8597321ac421@group-A1352ADA7BC1-StateMachineUpdater] INFO  impl.StateMachineUpdater (StateMachineUpdater.java:lambda$new$0(89)) - 6f2ed759-dfb9-4419-9191-8597321ac421@group-A1352ADA7BC1-StateMachineUpdater: snapshotIndex: updateIncreasingly 4 -> 5
2022-04-27 10:53:24,701 [EventQueue-PipelineReportForPipelineReportHandler] INFO  pipeline.PipelineReportHandler (PipelineReportHandler.java:processPipelineReport(113)) - Reported pipeline PipelineID=cf80c735-cb93-438b-a05e-dff27b2a1031 is not found
2022-04-27 10:53:24,701 [EventQueue-PipelineReportForPipelineReportHandler] INFO  pipeline.PipelineReportHandler (PipelineReportHandler.java:processPipelineReport(113)) - Reported pipeline PipelineID=bf02a7f3-0536-411e-9f4a-a1352ada7bc1 is not found
2022-04-27 10:53:24,702 [EventQueue-PipelineReportForPipelineReportHandler] INFO  pipeline.PipelineReportHandler (PipelineReportHandler.java:processPipelineReport(113)) - Reported pipeline PipelineID=cf80c735-cb93-438b-a05e-dff27b2a1031 is not found
2022-04-27 10:53:24,702 [EventQueue-PipelineReportForPipelineReportHandler] INFO  pipeline.PipelineReportHandler (PipelineReportHandler.java:processPipelineReport(113)) - Reported pipeline PipelineID=bf02a7f3-0536-411e-9f4a-a1352ada7bc1 is not found
2022-04-27 10:53:24,849 [EventQueue-PipelineReportForPipelineReportHandler] INFO  pipeline.PipelineReportHandler (PipelineReportHandler.java:processPipelineReport(113)) - Reported pipeline PipelineID=cf80c735-cb93-438b-a05e-dff27b2a1031 is not found
2022-04-27 10:53:24,856 [FixedThreadPoolWithAffinityExecutor-0-0] WARN  container.ContainerReportHandler (AbstractContainerReportHandler.java:updateContainerState(255)) - Container #4 is in OPEN state, but the datanode 5305b34f-83d0-4be9-8032-f631ee150b78{ip: 10.1.0.29, host: fv-az270-423.tacnzluakwdehk1hpragurqkma.bx.internal.cloudapp.net, ports: [REPLICATION=45903, RATIS=34741, RATIS_ADMIN=34741, RATIS_SERVER=34741, STANDALONE=45233], networkLocation: /default-rack, certSerialId: null, persistedOpState: IN_SERVICE, persistedOpStateExpiryEpochSec: 0} reports an CLOSED replica.
2022-04-27 10:53:24,901 [EventQueue-PipelineReportForPipelineReportHandler] INFO  pipeline.PipelineReportHandler (PipelineReportHandler.java:processPipelineReport(113)) - Reported pipeline PipelineID=cf80c735-cb93-438b-a05e-dff27b2a1031 is not found
2022-04-27 10:53:24,901 [EventQueue-PipelineReportForPipelineReportHandler] INFO  pipeline.PipelineReportHandler (PipelineReportHandler.java:processPipelineReport(113)) - Reported pipeline PipelineID=bf02a7f3-0536-411e-9f4a-a1352ada7bc1 is not found
2022-04-27 10:53:24,902 [EventQueue-PipelineReportForPipelineReportHandler] INFO  pipeline.PipelineReportHandler (PipelineReportHandler.java:processPipelineReport(113)) - Reported pipeline PipelineID=cf80c735-cb93-438b-a05e-dff27b2a1031 is not found
2022-04-27 10:53:24,902 [EventQueue-PipelineReportForPipelineReportHandler] INFO  pipeline.PipelineReportHandler (PipelineReportHandler.java:processPipelineReport(113)) - Reported pipeline PipelineID=bf02a7f3-0536-411e-9f4a-a1352ada7bc1 is not found
2022-04-27 10:53:25,057 [FixedThreadPoolWithAffinityExecutor-1-0] WARN  container.ContainerReportHandler (AbstractContainerReportHandler.java:updateContainerState(255)) - Container #4 is in OPEN state, but the datanode 5305b34f-83d0-4be9-8032-f631ee150b78{ip: 10.1.0.29, host: fv-az270-423.tacnzluakwdehk1hpragurqkma.bx.internal.cloudapp.net, ports: [REPLICATION=45903, RATIS=34741, RATIS_ADMIN=34741, RATIS_SERVER=34741, STANDALONE=45233], networkLocation: /default-rack, certSerialId: null, persistedOpState: IN_SERVICE, persistedOpStateExpiryEpochSec: 0} reports an CLOSED replica.
2022-04-27 10:53:25,102 [EventQueue-PipelineReportForPipelineReportHandler] INFO  pipeline.PipelineReportHandler (PipelineReportHandler.java:processPipelineReport(113)) - Reported pipeline PipelineID=cf80c735-cb93-438b-a05e-dff27b2a1031 is not found
2022-04-27 10:53:25,102 [EventQueue-PipelineReportForPipelineReportHandler] INFO  pipeline.PipelineReportHandler (PipelineReportHandler.java:processPipelineReport(113)) - Reported pipeline PipelineID=bf02a7f3-0536-411e-9f4a-a1352ada7bc1 is not found
2022-04-27 10:53:25,194 [fb1b2524-5f72-4172-b06b-98bf8bab58d7@group-7308F894FD3A-FollowerState] INFO  impl.FollowerState (FollowerState.java:lostMajorityHeartbeatsRecently(107)) - fb1b2524-5f72-4172-b06b-98bf8bab58d7@group-7308F894FD3A-FollowerState: Skipping leader election since it stepped down recently (elapsed = 5104ms < waitTime = 10s)
2022-04-27 10:53:25,231 [6f2ed759-dfb9-4419-9191-8597321ac421@group-A1352ADA7BC1-StateMachineUpdater] INFO  ratis.ContainerStateMachine (ContainerStateMachine.java:takeSnapshot(304)) - group-A1352ADA7BC1: Taking a snapshot at:(t:5, i:7) file /home/runner/work/ozone/ozone/hadoop-ozone/integration-test/target/test-dir/MiniOzoneClusterImpl-6fb830c9-5413-49cc-a625-6cf41c4e5c97/datanode-3/data/ratis/bf02a7f3-0536-411e-9f4a-a1352ada7bc1/sm/snapshot.5_7
2022-04-27 10:53:25,232 [6f2ed759-dfb9-4419-9191-8597321ac421@group-A1352ADA7BC1-StateMachineUpdater] INFO  ratis.ContainerStateMachine (ContainerStateMachine.java:takeSnapshot(315)) - group-A1352ADA7BC1: Finished taking a snapshot at:(t:5, i:7) file:/home/runner/work/ozone/ozone/hadoop-ozone/integration-test/target/test-dir/MiniOzoneClusterImpl-6fb830c9-5413-49cc-a625-6cf41c4e5c97/datanode-3/data/ratis/bf02a7f3-0536-411e-9f4a-a1352ada7bc1/sm/snapshot.5_7 took: 1 ms
2022-04-27 10:53:25,232 [6f2ed759-dfb9-4419-9191-8597321ac421@group-A1352ADA7BC1-StateMachineUpdater] INFO  impl.StateMachineUpdater (StateMachineUpdater.java:takeSnapshot(281)) - 6f2ed759-dfb9-4419-9191-8597321ac421@group-A1352ADA7BC1-StateMachineUpdater: Took a snapshot at index 7
2022-04-27 10:53:25,233 [6f2ed759-dfb9-4419-9191-8597321ac421@group-A1352ADA7BC1-StateMachineUpdater] INFO  impl.StateMachineUpdater (StateMachineUpdater.java:lambda$new$0(89)) - 6f2ed759-dfb9-4419-9191-8597321ac421@group-A1352ADA7BC1-StateMachineUpdater: snapshotIndex: updateIncreasingly 5 -> 7
2022-04-27 10:53:25,246 [java.util.concurrent.ThreadPoolExecutor$Worker@65fd96d2[State = -1, empty queue]] WARN  server.GrpcLogAppender (GrpcLogAppender.java:timeoutAppendRequest(246)) - 5e6908a8-a78b-4a66-9555-b48c04384dc8@group-E78063F29D5F->fc150688-1f76-4ec0-a672-aaf91f0753c3-GrpcLogAppender: HEARTBEAT appendEntries Timeout, request=AppendEntriesRequest:cid=9,entriesCount=0,lastEntry=null
2022-04-27 10:53:25,249 [EventQueue-PipelineReportForPipelineReportHandler] INFO  pipeline.PipelineReportHandler (PipelineReportHandler.java:processPipelineReport(113)) - Reported pipeline PipelineID=cf80c735-cb93-438b-a05e-dff27b2a1031 is not found
2022-04-27 10:53:25,256 [ContainerOp-bf02a7f3-0536-411e-9f4a-a1352ada7bc1-4] INFO  keyvalue.KeyValueContainer (KeyValueContainer.java:flushAndSyncDB(427)) - Container 10 is synced with bcsId 6.
2022-04-27 10:53:25,256 [ContainerOp-bf02a7f3-0536-411e-9f4a-a1352ada7bc1-4] INFO  keyvalue.KeyValueContainer (KeyValueContainer.java:flushAndSyncDB(427)) - Container 10 is synced with bcsId 6.
2022-04-27 10:53:25,257 [FixedThreadPoolWithAffinityExecutor-8-0] WARN  container.ContainerReportHandler (AbstractContainerReportHandler.java:updateContainerState(255)) - Container #4 is in OPEN state, but the datanode 5305b34f-83d0-4be9-8032-f631ee150b78{ip: 10.1.0.29, host: fv-az270-423.tacnzluakwdehk1hpragurqkma.bx.internal.cloudapp.net, ports: [REPLICATION=45903, RATIS=34741, RATIS_ADMIN=34741, RATIS_SERVER=34741, STANDALONE=45233], networkLocation: /default-rack, certSerialId: null, persistedOpState: IN_SERVICE, persistedOpStateExpiryEpochSec: 0} reports an CLOSED replica.
2022-04-27 10:53:25,262 [ContainerOp-bf02a7f3-0536-411e-9f4a-a1352ada7bc1-4] INFO  keyvalue.KeyValueContainer (KeyValueContainer.java:close(364)) - Container 10 is closed with bcsId 6.
2022-04-27 10:53:25,263 [FixedThreadPoolWithAffinityExecutor-1-0] INFO  container.IncrementalContainerReportHandler (AbstractContainerReportHandler.java:updateContainerState(288)) - Moving container #10 to CLOSED state, datanode 0a06a8c4-9179-4a2e-838b-55c09a430176{ip: 10.1.0.29, host: fv-az270-423.tacnzluakwdehk1hpragurqkma.bx.internal.cloudapp.net, ports: [REPLICATION=38343, RATIS=39993, RATIS_ADMIN=39993, RATIS_SERVER=39993, STANDALONE=39275], networkLocation: /default-rack, certSerialId: null, persistedOpState: IN_SERVICE, persistedOpStateExpiryEpochSec: 0} reported CLOSED replica.
2022-04-27 10:53:25,263 [Command processor thread] INFO  server.RaftServer (RaftServerProxy.java:remove(106)) - 0a06a8c4-9179-4a2e-838b-55c09a430176: remove    LEADER 0a06a8c4-9179-4a2e-838b-55c09a430176@group-A1352ADA7BC1:t5, leader=0a06a8c4-9179-4a2e-838b-55c09a430176, voted=0a06a8c4-9179-4a2e-838b-55c09a430176, raftlog=0a06a8c4-9179-4a2e-838b-55c09a430176@group-A1352ADA7BC1-SegmentedRaftLog:OPENED:c9, conf=0: [0a06a8c4-9179-4a2e-838b-55c09a430176|rpc:10.1.0.29:39993|dataStream:|priority:1, 5e3f1479-9daf-43cd-8651-224960992f9b|rpc:10.1.0.29:36215|dataStream:|priority:0, 6f2ed759-dfb9-4419-9191-8597321ac421|rpc:10.1.0.29:39501|dataStream:|priority:0], old=null RUNNING
2022-04-27 10:53:25,263 [Command processor thread] INFO  server.RaftServer$Division (RaftServerImpl.java:lambda$close$4(412)) - 0a06a8c4-9179-4a2e-838b-55c09a430176@group-A1352ADA7BC1: shutdown
2022-04-27 10:53:25,263 [Command processor thread] INFO  util.JmxRegister (JmxRegister.java:unregister(73)) - Successfully un-registered JMX Bean with object name Ratis:service=RaftServer,group=group-A1352ADA7BC1,id=0a06a8c4-9179-4a2e-838b-55c09a430176
2022-04-27 10:53:25,263 [Command processor thread] INFO  impl.RoleInfo (RoleInfo.java:shutdownLeaderState(91)) - 0a06a8c4-9179-4a2e-838b-55c09a430176: shutdown 0a06a8c4-9179-4a2e-838b-55c09a430176@group-A1352ADA7BC1-LeaderStateImpl
2022-04-27 10:53:25,263 [Command processor thread] INFO  impl.PendingRequests (PendingRequests.java:sendNotLeaderResponses(282)) - 0a06a8c4-9179-4a2e-838b-55c09a430176@group-A1352ADA7BC1-PendingRequests: sendNotLeaderResponses
2022-04-27 10:53:25,263 [0a06a8c4-9179-4a2e-838b-55c09a430176@group-A1352ADA7BC1->6f2ed759-dfb9-4419-9191-8597321ac421-GrpcLogAppender-LogAppenderDaemon] WARN  server.GrpcLogAppender (GrpcLogAppender.java:mayWait(177)) - 0a06a8c4-9179-4a2e-838b-55c09a430176@group-A1352ADA7BC1->6f2ed759-dfb9-4419-9191-8597321ac421-GrpcLogAppender: Wait interrupted by java.lang.InterruptedException
2022-04-27 10:53:25,264 [0a06a8c4-9179-4a2e-838b-55c09a430176@group-A1352ADA7BC1->5e3f1479-9daf-43cd-8651-224960992f9b-GrpcLogAppender-LogAppenderDaemon] WARN  server.GrpcLogAppender (GrpcLogAppender.java:mayWait(177)) - 0a06a8c4-9179-4a2e-838b-55c09a430176@group-A1352ADA7BC1->5e3f1479-9daf-43cd-8651-224960992f9b-GrpcLogAppender: Wait interrupted by java.lang.InterruptedException
2022-04-27 10:53:25,271 [Command processor thread] INFO  impl.StateMachineUpdater (StateMachineUpdater.java:stopAndJoin(149)) - 0a06a8c4-9179-4a2e-838b-55c09a430176@group-A1352ADA7BC1-StateMachineUpdater: set stopIndex = 9
2022-04-27 10:53:25,273 [EventQueue-PipelineReportForPipelineReportHandler] INFO  pipeline.PipelineReportHandler (PipelineReportHandler.java:processPipelineReport(113)) - Reported pipeline PipelineID=cf80c735-cb93-438b-a05e-dff27b2a1031 is not found
2022-04-27 10:53:25,273 [EventQueue-PipelineReportForPipelineReportHandler] INFO  pipeline.PipelineReportHandler (PipelineReportHandler.java:processPipelineReport(113)) - Reported pipeline PipelineID=bf02a7f3-0536-411e-9f4a-a1352ada7bc1 is not found
2022-04-27 10:53:25,273 [0a06a8c4-9179-4a2e-838b-55c09a430176@group-A1352ADA7BC1-StateMachineUpdater] INFO  ratis.ContainerStateMachine (ContainerStateMachine.java:takeSnapshot(304)) - group-A1352ADA7BC1: Taking a snapshot at:(t:5, i:8) file /home/runner/work/ozone/ozone/hadoop-ozone/integration-test/target/test-dir/MiniOzoneClusterImpl-6fb830c9-5413-49cc-a625-6cf41c4e5c97/datanode-4/data/ratis/bf02a7f3-0536-411e-9f4a-a1352ada7bc1/sm/snapshot.5_8
2022-04-27 10:53:25,274 [0a06a8c4-9179-4a2e-838b-55c09a430176@group-A1352ADA7BC1-StateMachineUpdater] INFO  ratis.ContainerStateMachine (ContainerStateMachine.java:takeSnapshot(315)) - group-A1352ADA7BC1: Finished taking a snapshot at:(t:5, i:8) file:/home/runner/work/ozone/ozone/hadoop-ozone/integration-test/target/test-dir/MiniOzoneClusterImpl-6fb830c9-5413-49cc-a625-6cf41c4e5c97/datanode-4/data/ratis/bf02a7f3-0536-411e-9f4a-a1352ada7bc1/sm/snapshot.5_8 took: 1 ms
2022-04-27 10:53:25,275 [grpc-default-executor-2] INFO  server.GrpcServerProtocolService (GrpcServerProtocolService.java:onCompleted(140)) - 6f2ed759-dfb9-4419-9191-8597321ac421: Completed APPEND_ENTRIES, lastRequest: 0a06a8c4-9179-4a2e-838b-55c09a430176->6f2ed759-dfb9-4419-9191-8597321ac421#103-t5,previous=(t:5, i:8),leaderCommit=8,initializing? true,entries: size=1, first=(t:5, i:9), METADATAENTRY(c:8)
2022-04-27 10:53:25,275 [0a06a8c4-9179-4a2e-838b-55c09a430176@group-A1352ADA7BC1-StateMachineUpdater] INFO  impl.StateMachineUpdater (StateMachineUpdater.java:takeSnapshot(281)) - 0a06a8c4-9179-4a2e-838b-55c09a430176@group-A1352ADA7BC1-StateMachineUpdater: Took a snapshot at index 8
2022-04-27 10:53:25,275 [0a06a8c4-9179-4a2e-838b-55c09a430176@group-A1352ADA7BC1-StateMachineUpdater] INFO  impl.StateMachineUpdater (StateMachineUpdater.java:lambda$new$0(89)) - 0a06a8c4-9179-4a2e-838b-55c09a430176@group-A1352ADA7BC1-StateMachineUpdater: snapshotIndex: updateIncreasingly 7 -> 8
2022-04-27 10:53:25,275 [grpc-default-executor-0] INFO  server.GrpcServerProtocolService (GrpcServerProtocolService.java:onCompleted(140)) - 5e3f1479-9daf-43cd-8651-224960992f9b: Completed APPEND_ENTRIES, lastRequest: 0a06a8c4-9179-4a2e-838b-55c09a430176->5e3f1479-9daf-43cd-8651-224960992f9b#353-t5,previous=(t:5, i:8),leaderCommit=8,initializing? true,entries: size=1, first=(t:5, i:9), METADATAENTRY(c:8)
2022-04-27 10:53:25,278 [grpc-default-executor-0] INFO  server.GrpcLogAppender (GrpcLogAppender.java:onCompleted(346)) - 0a06a8c4-9179-4a2e-838b-55c09a430176@group-A1352ADA7BC1->5e3f1479-9daf-43cd-8651-224960992f9b-AppendLogResponseHandler: follower responses appendEntries COMPLETED
2022-04-27 10:53:25,278 [grpc-default-executor-0] INFO  leader.FollowerInfo (FollowerInfoImpl.java:lambda$new$0(47)) - 0a06a8c4-9179-4a2e-838b-55c09a430176@group-A1352ADA7BC1->5e3f1479-9daf-43cd-8651-224960992f9b: nextIndex: updateUnconditionally 10 -> 5
2022-04-27 10:53:25,279 [grpc-default-executor-2] INFO  server.GrpcLogAppender (GrpcLogAppender.java:onCompleted(346)) - 0a06a8c4-9179-4a2e-838b-55c09a430176@group-A1352ADA7BC1->6f2ed759-dfb9-4419-9191-8597321ac421-AppendLogResponseHandler: follower responses appendEntries COMPLETED
2022-04-27 10:53:25,279 [grpc-default-executor-2] INFO  leader.FollowerInfo (FollowerInfoImpl.java:lambda$new$0(47)) - 0a06a8c4-9179-4a2e-838b-55c09a430176@group-A1352ADA7BC1->6f2ed759-dfb9-4419-9191-8597321ac421: nextIndex: updateUnconditionally 10 -> 9
2022-04-27 10:53:25,279 [0a06a8c4-9179-4a2e-838b-55c09a430176@group-A1352ADA7BC1-StateMachineUpdater] INFO  ratis.ContainerStateMachine (ContainerStateMachine.java:takeSnapshot(304)) - group-A1352ADA7BC1: Taking a snapshot at:(t:5, i:9) file /home/runner/work/ozone/ozone/hadoop-ozone/integration-test/target/test-dir/MiniOzoneClusterImpl-6fb830c9-5413-49cc-a625-6cf41c4e5c97/datanode-4/data/ratis/bf02a7f3-0536-411e-9f4a-a1352ada7bc1/sm/snapshot.5_9
2022-04-27 10:53:25,280 [0a06a8c4-9179-4a2e-838b-55c09a430176@group-A1352ADA7BC1-StateMachineUpdater] INFO  ratis.ContainerStateMachine (ContainerStateMachine.java:takeSnapshot(315)) - group-A1352ADA7BC1: Finished taking a snapshot at:(t:5, i:9) file:/home/runner/work/ozone/ozone/hadoop-ozone/integration-test/target/test-dir/MiniOzoneClusterImpl-6fb830c9-5413-49cc-a625-6cf41c4e5c97/datanode-4/data/ratis/bf02a7f3-0536-411e-9f4a-a1352ada7bc1/sm/snapshot.5_9 took: 1 ms
2022-04-27 10:53:25,280 [0a06a8c4-9179-4a2e-838b-55c09a430176@group-A1352ADA7BC1-StateMachineUpdater] INFO  impl.SimpleStateMachineStorage (SimpleStateMachineStorage.java:cleanupOldSnapshots(102)) - Deleting old snapshot at /home/runner/work/ozone/ozone/hadoop-ozone/integration-test/target/test-dir/MiniOzoneClusterImpl-6fb830c9-5413-49cc-a625-6cf41c4e5c97/datanode-4/data/ratis/bf02a7f3-0536-411e-9f4a-a1352ada7bc1/sm/snapshot.5_0
2022-04-27 10:53:25,280 [0a06a8c4-9179-4a2e-838b-55c09a430176@group-A1352ADA7BC1-StateMachineUpdater] INFO  impl.StateMachineUpdater (StateMachineUpdater.java:takeSnapshot(281)) - 0a06a8c4-9179-4a2e-838b-55c09a430176@group-A1352ADA7BC1-StateMachineUpdater: Took a snapshot at index 9
2022-04-27 10:53:25,280 [0a06a8c4-9179-4a2e-838b-55c09a430176@group-A1352ADA7BC1-StateMachineUpdater] INFO  impl.StateMachineUpdater (StateMachineUpdater.java:lambda$new$0(89)) - 0a06a8c4-9179-4a2e-838b-55c09a430176@group-A1352ADA7BC1-StateMachineUpdater: snapshotIndex: updateIncreasingly 8 -> 9
2022-04-27 10:53:25,281 [Command processor thread] INFO  server.RaftServer$Division (ServerState.java:close(419)) - 0a06a8c4-9179-4a2e-838b-55c09a430176@group-A1352ADA7BC1: closes. applyIndex: 9
2022-04-27 10:53:25,281 [0a06a8c4-9179-4a2e-838b-55c09a430176@group-A1352ADA7BC1-SegmentedRaftLogWorker] INFO  segmented.SegmentedRaftLogWorker (SegmentedRaftLogWorker.java:run(327)) - 0a06a8c4-9179-4a2e-838b-55c09a430176@group-A1352ADA7BC1-SegmentedRaftLogWorker was interrupted, exiting. There are 0 tasks remaining in the queue.
2022-04-27 10:53:25,285 [Command processor thread] INFO  segmented.SegmentedRaftLogWorker (SegmentedRaftLogWorker.java:close(237)) - 0a06a8c4-9179-4a2e-838b-55c09a430176@group-A1352ADA7BC1-SegmentedRaftLogWorker close()
2022-04-27 10:53:25,286 [Command processor thread] INFO  server.RaftServer$Division (RaftServerImpl.java:groupRemove(382)) - 0a06a8c4-9179-4a2e-838b-55c09a430176@group-A1352ADA7BC1: Succeed to remove RaftStorageDirectory Storage Directory /home/runner/work/ozone/ozone/hadoop-ozone/integration-test/target/test-dir/MiniOzoneClusterImpl-6fb830c9-5413-49cc-a625-6cf41c4e5c97/datanode-4/data/ratis/bf02a7f3-0536-411e-9f4a-a1352ada7bc1
2022-04-27 10:53:25,287 [Command processor thread] INFO  commandhandler.ClosePipelineCommandHandler (ClosePipelineCommandHandler.java:handle(78)) - Close Pipeline PipelineID=bf02a7f3-0536-411e-9f4a-a1352ada7bc1 command on datanode 0a06a8c4-9179-4a2e-838b-55c09a430176.
2022-04-27 10:53:25,287 [ContainerOp-bf02a7f3-0536-411e-9f4a-a1352ada7bc1-4] INFO  keyvalue.KeyValueContainer (KeyValueContainer.java:flushAndSyncDB(427)) - Container 10 is synced with bcsId 6.
2022-04-27 10:53:25,287 [ContainerOp-bf02a7f3-0536-411e-9f4a-a1352ada7bc1-4] INFO  keyvalue.KeyValueContainer (KeyValueContainer.java:flushAndSyncDB(427)) - Container 10 is synced with bcsId 6.
2022-04-27 10:53:25,289 [ContainerOp-bf02a7f3-0536-411e-9f4a-a1352ada7bc1-4] INFO  keyvalue.KeyValueContainer (KeyValueContainer.java:close(364)) - Container 10 is closed with bcsId 6.
2022-04-27 10:53:25,290 [6f2ed759-dfb9-4419-9191-8597321ac421@group-A1352ADA7BC1-StateMachineUpdater] INFO  ratis.ContainerStateMachine (ContainerStateMachine.java:takeSnapshot(304)) - group-A1352ADA7BC1: Taking a snapshot at:(t:5, i:7) file /home/runner/work/ozone/ozone/hadoop-ozone/integration-test/target/test-dir/MiniOzoneClusterImpl-6fb830c9-5413-49cc-a625-6cf41c4e5c97/datanode-3/data/ratis/bf02a7f3-0536-411e-9f4a-a1352ada7bc1/sm/snapshot.5_7
2022-04-27 10:53:25,291 [6f2ed759-dfb9-4419-9191-8597321ac421@group-A1352ADA7BC1-StateMachineUpdater] INFO  ratis.ContainerStateMachine (ContainerStateMachine.java:takeSnapshot(315)) - group-A1352ADA7BC1: Finished taking a snapshot at:(t:5, i:7) file:/home/runner/work/ozone/ozone/hadoop-ozone/integration-test/target/test-dir/MiniOzoneClusterImpl-6fb830c9-5413-49cc-a625-6cf41c4e5c97/datanode-3/data/ratis/bf02a7f3-0536-411e-9f4a-a1352ada7bc1/sm/snapshot.5_7 took: 2 ms
2022-04-27 10:53:25,292 [6f2ed759-dfb9-4419-9191-8597321ac421@group-A1352ADA7BC1-StateMachineUpdater] INFO  impl.StateMachineUpdater (StateMachineUpdater.java:takeSnapshot(281)) - 6f2ed759-dfb9-4419-9191-8597321ac421@group-A1352ADA7BC1-StateMachineUpdater: Took a snapshot at index 7
2022-04-27 10:53:25,292 [6f2ed759-dfb9-4419-9191-8597321ac421@group-A1352ADA7BC1-StateMachineUpdater] INFO  impl.StateMachineUpdater (StateMachineUpdater.java:lambda$new$0(89)) - 6f2ed759-dfb9-4419-9191-8597321ac421@group-A1352ADA7BC1-StateMachineUpdater: snapshotIndex: updateIncreasingly 7 -> 7
2022-04-27 10:53:25,293 [Thread-1196] INFO  client.GrpcClientProtocolService (GrpcClientProtocolService.java:lambda$processClientRequest$0(280)) - Failed RaftClientRequest:client-C794EDEBFC9B->0a06a8c4-9179-4a2e-838b-55c09a430176@group-A1352ADA7BC1, cid=162, seq=0, Watch-ALL_COMMITTED(6), Message:<EMPTY>, reply=RaftClientReply:client-C794EDEBFC9B->0a06a8c4-9179-4a2e-838b-55c09a430176@group-A1352ADA7BC1, cid=162, FAILED org.apache.ratis.protocol.exceptions.NotLeaderException: Server 0a06a8c4-9179-4a2e-838b-55c09a430176@group-A1352ADA7BC1 is not the leader, logIndex=0, commits[0a06a8c4-9179-4a2e-838b-55c09a430176:c9]
2022-04-27 10:53:25,450 [EventQueue-PipelineReportForPipelineReportHandler] INFO  pipeline.PipelineReportHandler (PipelineReportHandler.java:processPipelineReport(113)) - Reported pipeline PipelineID=cf80c735-cb93-438b-a05e-dff27b2a1031 is not found
2022-04-27 10:53:25,463 [EventQueue-PipelineReportForPipelineReportHandler] INFO  pipeline.PipelineReportHandler (PipelineReportHandler.java:processPipelineReport(113)) - Reported pipeline PipelineID=cf80c735-cb93-438b-a05e-dff27b2a1031 is not found
2022-04-27 10:53:25,491 [EventQueue-PipelineReportForPipelineReportHandler] INFO  pipeline.PipelineReportHandler (PipelineReportHandler.java:processPipelineReport(113)) - Reported pipeline PipelineID=cf80c735-cb93-438b-a05e-dff27b2a1031 is not found
2022-04-27 10:53:25,491 [EventQueue-PipelineReportForPipelineReportHandler] INFO  pipeline.PipelineReportHandler (PipelineReportHandler.java:processPipelineReport(113)) - Reported pipeline PipelineID=bf02a7f3-0536-411e-9f4a-a1352ada7bc1 is not found
2022-04-27 10:53:25,656 [FixedThreadPoolWithAffinityExecutor-9-0] WARN  container.ContainerReportHandler (AbstractContainerReportHandler.java:updateContainerState(255)) - Container #4 is in OPEN state, but the datanode 5305b34f-83d0-4be9-8032-f631ee150b78{ip: 10.1.0.29, host: fv-az270-423.tacnzluakwdehk1hpragurqkma.bx.internal.cloudapp.net, ports: [REPLICATION=45903, RATIS=34741, RATIS_ADMIN=34741, RATIS_SERVER=34741, STANDALONE=45233], networkLocation: /default-rack, certSerialId: null, persistedOpState: IN_SERVICE, persistedOpStateExpiryEpochSec: 0} reports an CLOSED replica.
2022-04-27 10:53:25,691 [EventQueue-PipelineReportForPipelineReportHandler] INFO  pipeline.PipelineReportHandler (PipelineReportHandler.java:processPipelineReport(113)) - Reported pipeline PipelineID=cf80c735-cb93-438b-a05e-dff27b2a1031 is not found
2022-04-27 10:53:25,691 [EventQueue-PipelineReportForPipelineReportHandler] INFO  pipeline.PipelineReportHandler (PipelineReportHandler.java:processPipelineReport(113)) - Reported pipeline PipelineID=bf02a7f3-0536-411e-9f4a-a1352ada7bc1 is not found
2022-04-27 10:53:25,700 [Command processor thread] INFO  server.RaftServer (RaftServerProxy.java:remove(106)) - 6f2ed759-dfb9-4419-9191-8597321ac421: remove  FOLLOWER 6f2ed759-dfb9-4419-9191-8597321ac421@group-A1352ADA7BC1:t5, leader=0a06a8c4-9179-4a2e-838b-55c09a430176, voted=0a06a8c4-9179-4a2e-838b-55c09a430176, raftlog=6f2ed759-dfb9-4419-9191-8597321ac421@group-A1352ADA7BC1-SegmentedRaftLog:OPENED:c8, conf=0: [0a06a8c4-9179-4a2e-838b-55c09a430176|rpc:10.1.0.29:39993|dataStream:|priority:1, 5e3f1479-9daf-43cd-8651-224960992f9b|rpc:10.1.0.29:36215|dataStream:|priority:0, 6f2ed759-dfb9-4419-9191-8597321ac421|rpc:10.1.0.29:39501|dataStream:|priority:0], old=null RUNNING
2022-04-27 10:53:25,700 [Command processor thread] INFO  server.RaftServer$Division (RaftServerImpl.java:lambda$close$4(412)) - 6f2ed759-dfb9-4419-9191-8597321ac421@group-A1352ADA7BC1: shutdown
2022-04-27 10:53:25,700 [Command processor thread] INFO  util.JmxRegister (JmxRegister.java:unregister(73)) - Successfully un-registered JMX Bean with object name Ratis:service=RaftServer,group=group-A1352ADA7BC1,id=6f2ed759-dfb9-4419-9191-8597321ac421
2022-04-27 10:53:25,700 [Command processor thread] INFO  impl.RoleInfo (RoleInfo.java:shutdownFollowerState(108)) - 6f2ed759-dfb9-4419-9191-8597321ac421: shutdown 6f2ed759-dfb9-4419-9191-8597321ac421@group-A1352ADA7BC1-FollowerState
2022-04-27 10:53:25,700 [Command processor thread] INFO  impl.StateMachineUpdater (StateMachineUpdater.java:stopAndJoin(149)) - 6f2ed759-dfb9-4419-9191-8597321ac421@group-A1352ADA7BC1-StateMachineUpdater: set stopIndex = 8
2022-04-27 10:53:25,700 [6f2ed759-dfb9-4419-9191-8597321ac421@group-A1352ADA7BC1-StateMachineUpdater] INFO  ratis.ContainerStateMachine (ContainerStateMachine.java:takeSnapshot(304)) - group-A1352ADA7BC1: Taking a snapshot at:(t:5, i:8) file /home/runner/work/ozone/ozone/hadoop-ozone/integration-test/target/test-dir/MiniOzoneClusterImpl-6fb830c9-5413-49cc-a625-6cf41c4e5c97/datanode-3/data/ratis/bf02a7f3-0536-411e-9f4a-a1352ada7bc1/sm/snapshot.5_8
2022-04-27 10:53:25,700 [6f2ed759-dfb9-4419-9191-8597321ac421@group-A1352ADA7BC1-FollowerState] INFO  impl.FollowerState (FollowerState.java:run(143)) - 6f2ed759-dfb9-4419-9191-8597321ac421@group-A1352ADA7BC1-FollowerState was interrupted: {}
java.lang.InterruptedException: sleep interrupted
	at java.lang.Thread.sleep(Native Method)
	at java.lang.Thread.sleep(Thread.java:342)
	at java.util.concurrent.TimeUnit.sleep(TimeUnit.java:386)
	at org.apache.ratis.util.TimeDuration.sleep(TimeDuration.java:324)
	at org.apache.ratis.util.TimeDuration.sleep(TimeDuration.java:309)
	at org.apache.ratis.server.impl.FollowerState.run(FollowerState.java:118)
2022-04-27 10:53:25,701 [6f2ed759-dfb9-4419-9191-8597321ac421@group-A1352ADA7BC1-StateMachineUpdater] INFO  ratis.ContainerStateMachine (ContainerStateMachine.java:takeSnapshot(315)) - group-A1352ADA7BC1: Finished taking a snapshot at:(t:5, i:8) file:/home/runner/work/ozone/ozone/hadoop-ozone/integration-test/target/test-dir/MiniOzoneClusterImpl-6fb830c9-5413-49cc-a625-6cf41c4e5c97/datanode-3/data/ratis/bf02a7f3-0536-411e-9f4a-a1352ada7bc1/sm/snapshot.5_8 took: 2 ms
2022-04-27 10:53:25,706 [6f2ed759-dfb9-4419-9191-8597321ac421@group-A1352ADA7BC1-StateMachineUpdater] INFO  impl.SimpleStateMachineStorage (SimpleStateMachineStorage.java:cleanupOldSnapshots(102)) - Deleting old snapshot at /home/runner/work/ozone/ozone/hadoop-ozone/integration-test/target/test-dir/MiniOzoneClusterImpl-6fb830c9-5413-49cc-a625-6cf41c4e5c97/datanode-3/data/ratis/bf02a7f3-0536-411e-9f4a-a1352ada7bc1/sm/snapshot.5_0
2022-04-27 10:53:25,706 [6f2ed759-dfb9-4419-9191-8597321ac421@group-A1352ADA7BC1-StateMachineUpdater] INFO  impl.StateMachineUpdater (StateMachineUpdater.java:takeSnapshot(281)) - 6f2ed759-dfb9-4419-9191-8597321ac421@group-A1352ADA7BC1-StateMachineUpdater: Took a snapshot at index 8
2022-04-27 10:53:25,706 [6f2ed759-dfb9-4419-9191-8597321ac421@group-A1352ADA7BC1-StateMachineUpdater] INFO  impl.StateMachineUpdater (StateMachineUpdater.java:lambda$new$0(89)) - 6f2ed759-dfb9-4419-9191-8597321ac421@group-A1352ADA7BC1-StateMachineUpdater: snapshotIndex: updateIncreasingly 7 -> 8
2022-04-27 10:53:25,706 [Command processor thread] INFO  server.RaftServer$Division (ServerState.java:close(419)) - 6f2ed759-dfb9-4419-9191-8597321ac421@group-A1352ADA7BC1: closes. applyIndex: 8
2022-04-27 10:53:25,706 [6f2ed759-dfb9-4419-9191-8597321ac421@group-A1352ADA7BC1-SegmentedRaftLogWorker] INFO  segmented.SegmentedRaftLogWorker (SegmentedRaftLogWorker.java:run(327)) - 6f2ed759-dfb9-4419-9191-8597321ac421@group-A1352ADA7BC1-SegmentedRaftLogWorker was interrupted, exiting. There are 0 tasks remaining in the queue.
2022-04-27 10:53:25,714 [Command processor thread] INFO  segmented.SegmentedRaftLogWorker (SegmentedRaftLogWorker.java:close(237)) - 6f2ed759-dfb9-4419-9191-8597321ac421@group-A1352ADA7BC1-SegmentedRaftLogWorker close()
2022-04-27 10:53:25,716 [Command processor thread] INFO  server.RaftServer$Division (RaftServerImpl.java:groupRemove(382)) - 6f2ed759-dfb9-4419-9191-8597321ac421@group-A1352ADA7BC1: Succeed to remove RaftStorageDirectory Storage Directory /home/runner/work/ozone/ozone/hadoop-ozone/integration-test/target/test-dir/MiniOzoneClusterImpl-6fb830c9-5413-49cc-a625-6cf41c4e5c97/datanode-3/data/ratis/bf02a7f3-0536-411e-9f4a-a1352ada7bc1
2022-04-27 10:53:25,716 [Command processor thread] INFO  commandhandler.ClosePipelineCommandHandler (ClosePipelineCommandHandler.java:handle(78)) - Close Pipeline PipelineID=bf02a7f3-0536-411e-9f4a-a1352ada7bc1 command on datanode 6f2ed759-dfb9-4419-9191-8597321ac421.
2022-04-27 10:53:25,850 [EventQueue-PipelineReportForPipelineReportHandler] INFO  pipeline.PipelineReportHandler (PipelineReportHandler.java:processPipelineReport(113)) - Reported pipeline PipelineID=cf80c735-cb93-438b-a05e-dff27b2a1031 is not found
2022-04-27 10:53:25,857 [FixedThreadPoolWithAffinityExecutor-8-0] WARN  container.ContainerReportHandler (AbstractContainerReportHandler.java:updateContainerState(255)) - Container #4 is in OPEN state, but the datanode 5305b34f-83d0-4be9-8032-f631ee150b78{ip: 10.1.0.29, host: fv-az270-423.tacnzluakwdehk1hpragurqkma.bx.internal.cloudapp.net, ports: [REPLICATION=45903, RATIS=34741, RATIS_ADMIN=34741, RATIS_SERVER=34741, STANDALONE=45233], networkLocation: /default-rack, certSerialId: null, persistedOpState: IN_SERVICE, persistedOpStateExpiryEpochSec: 0} reports an CLOSED replica.
2022-04-27 10:53:25,863 [EventQueue-PipelineReportForPipelineReportHandler] INFO  pipeline.PipelineReportHandler (PipelineReportHandler.java:processPipelineReport(113)) - Reported pipeline PipelineID=cf80c735-cb93-438b-a05e-dff27b2a1031 is not found
2022-04-27 10:53:26,051 [EventQueue-PipelineReportForPipelineReportHandler] INFO  pipeline.PipelineReportHandler (PipelineReportHandler.java:processPipelineReport(113)) - Reported pipeline PipelineID=cf80c735-cb93-438b-a05e-dff27b2a1031 is not found
2022-04-27 10:53:26,057 [FixedThreadPoolWithAffinityExecutor-1-0] WARN  container.ContainerReportHandler (AbstractContainerReportHandler.java:updateContainerState(255)) - Container #4 is in OPEN state, but the datanode 5305b34f-83d0-4be9-8032-f631ee150b78{ip: 10.1.0.29, host: fv-az270-423.tacnzluakwdehk1hpragurqkma.bx.internal.cloudapp.net, ports: [REPLICATION=45903, RATIS=34741, RATIS_ADMIN=34741, RATIS_SERVER=34741, STANDALONE=45233], networkLocation: /default-rack, certSerialId: null, persistedOpState: IN_SERVICE, persistedOpStateExpiryEpochSec: 0} reports an CLOSED replica.
2022-04-27 10:53:26,063 [EventQueue-PipelineReportForPipelineReportHandler] INFO  pipeline.PipelineReportHandler (PipelineReportHandler.java:processPipelineReport(113)) - Reported pipeline PipelineID=cf80c735-cb93-438b-a05e-dff27b2a1031 is not found
2022-04-27 10:53:26,091 [EventQueue-PipelineReportForPipelineReportHandler] INFO  pipeline.PipelineReportHandler (PipelineReportHandler.java:processPipelineReport(113)) - Reported pipeline PipelineID=cf80c735-cb93-438b-a05e-dff27b2a1031 is not found
2022-04-27 10:53:26,251 [EventQueue-PipelineReportForPipelineReportHandler] INFO  pipeline.PipelineReportHandler (PipelineReportHandler.java:processPipelineReport(113)) - Reported pipeline PipelineID=cf80c735-cb93-438b-a05e-dff27b2a1031 is not found
2022-04-27 10:53:26,256 [FixedThreadPoolWithAffinityExecutor-0-0] WARN  container.ContainerReportHandler (AbstractContainerReportHandler.java:updateContainerState(255)) - Container #4 is in OPEN state, but the datanode 5305b34f-83d0-4be9-8032-f631ee150b78{ip: 10.1.0.29, host: fv-az270-423.tacnzluakwdehk1hpragurqkma.bx.internal.cloudapp.net, ports: [REPLICATION=45903, RATIS=34741, RATIS_ADMIN=34741, RATIS_SERVER=34741, STANDALONE=45233], networkLocation: /default-rack, certSerialId: null, persistedOpState: IN_SERVICE, persistedOpStateExpiryEpochSec: 0} reports an CLOSED replica.
2022-04-27 10:53:26,291 [EventQueue-PipelineReportForPipelineReportHandler] INFO  pipeline.PipelineReportHandler (PipelineReportHandler.java:processPipelineReport(113)) - Reported pipeline PipelineID=cf80c735-cb93-438b-a05e-dff27b2a1031 is not found
2022-04-27 10:53:26,466 [EventQueue-PipelineReportForPipelineReportHandler] INFO  pipeline.PipelineReportHandler (PipelineReportHandler.java:processPipelineReport(113)) - Reported pipeline PipelineID=cf80c735-cb93-438b-a05e-dff27b2a1031 is not found
2022-04-27 10:53:26,491 [EventQueue-PipelineReportForPipelineReportHandler] INFO  pipeline.PipelineReportHandler (PipelineReportHandler.java:processPipelineReport(113)) - Reported pipeline PipelineID=cf80c735-cb93-438b-a05e-dff27b2a1031 is not found
2022-04-27 10:53:26,593 [java.util.concurrent.ThreadPoolExecutor$Worker@65fd96d2[State = -1, empty queue]] WARN  server.GrpcLogAppender (GrpcLogAppender.java:timeoutAppendRequest(246)) - 5e6908a8-a78b-4a66-9555-b48c04384dc8@group-EEF7E24D5DDB->fc150688-1f76-4ec0-a672-aaf91f0753c3-GrpcLogAppender: HEARTBEAT appendEntries Timeout, request=AppendEntriesRequest:cid=13274617,entriesCount=0,lastEntry=null
2022-04-27 10:53:26,651 [EventQueue-PipelineReportForPipelineReportHandler] INFO  pipeline.PipelineReportHandler (PipelineReportHandler.java:processPipelineReport(113)) - Reported pipeline PipelineID=cf80c735-cb93-438b-a05e-dff27b2a1031 is not found
2022-04-27 10:53:26,660 [FixedThreadPoolWithAffinityExecutor-0-0] WARN  container.ContainerReportHandler (AbstractContainerReportHandler.java:updateContainerState(255)) - Container #4 is in OPEN state, but the datanode 5305b34f-83d0-4be9-8032-f631ee150b78{ip: 10.1.0.29, host: fv-az270-423.tacnzluakwdehk1hpragurqkma.bx.internal.cloudapp.net, ports: [REPLICATION=45903, RATIS=34741, RATIS_ADMIN=34741, RATIS_SERVER=34741, STANDALONE=45233], networkLocation: /default-rack, certSerialId: null, persistedOpState: IN_SERVICE, persistedOpStateExpiryEpochSec: 0} reports an CLOSED replica.
2022-04-27 10:53:26,666 [EventQueue-PipelineReportForPipelineReportHandler] INFO  pipeline.PipelineReportHandler (PipelineReportHandler.java:processPipelineReport(113)) - Reported pipeline PipelineID=cf80c735-cb93-438b-a05e-dff27b2a1031 is not found
2022-04-27 10:53:26,891 [EventQueue-PipelineReportForPipelineReportHandler] INFO  pipeline.PipelineReportHandler (PipelineReportHandler.java:processPipelineReport(113)) - Reported pipeline PipelineID=cf80c735-cb93-438b-a05e-dff27b2a1031 is not found
2022-04-27 10:53:27,051 [EventQueue-PipelineReportForPipelineReportHandler] INFO  pipeline.PipelineReportHandler (PipelineReportHandler.java:processPipelineReport(113)) - Reported pipeline PipelineID=cf80c735-cb93-438b-a05e-dff27b2a1031 is not found
2022-04-27 10:53:27,061 [FixedThreadPoolWithAffinityExecutor-1-0] WARN  container.ContainerReportHandler (AbstractContainerReportHandler.java:updateContainerState(255)) - Container #4 is in OPEN state, but the datanode 5305b34f-83d0-4be9-8032-f631ee150b78{ip: 10.1.0.29, host: fv-az270-423.tacnzluakwdehk1hpragurqkma.bx.internal.cloudapp.net, ports: [REPLICATION=45903, RATIS=34741, RATIS_ADMIN=34741, RATIS_SERVER=34741, STANDALONE=45233], networkLocation: /default-rack, certSerialId: null, persistedOpState: IN_SERVICE, persistedOpStateExpiryEpochSec: 0} reports an CLOSED replica.
2022-04-27 10:53:27,065 [EventQueue-PipelineReportForPipelineReportHandler] INFO  pipeline.PipelineReportHandler (PipelineReportHandler.java:processPipelineReport(113)) - Reported pipeline PipelineID=cf80c735-cb93-438b-a05e-dff27b2a1031 is not found
2022-04-27 10:53:27,084 [java.util.concurrent.ThreadPoolExecutor$Worker@65fd96d2[State = -1, empty queue]] WARN  server.GrpcLogAppender (GrpcLogAppender.java:timeoutAppendRequest(246)) - 5305b34f-83d0-4be9-8032-f631ee150b78@group-75AB1B4BA813->b4543bad-81d3-4f1d-9fc6-5e97dcd2d8eb-GrpcLogAppender: HEARTBEAT appendEntries Timeout, request=AppendEntriesRequest:cid=12017462,entriesCount=0,lastEntry=null
2022-04-27 10:53:27,090 [EventQueue-PipelineReportForPipelineReportHandler] INFO  pipeline.PipelineReportHandler (PipelineReportHandler.java:processPipelineReport(113)) - Reported pipeline PipelineID=cf80c735-cb93-438b-a05e-dff27b2a1031 is not found
2022-04-27 10:53:27,251 [EventQueue-PipelineReportForPipelineReportHandler] INFO  pipeline.PipelineReportHandler (PipelineReportHandler.java:processPipelineReport(113)) - Reported pipeline PipelineID=cf80c735-cb93-438b-a05e-dff27b2a1031 is not found
2022-04-27 10:53:27,261 [FixedThreadPoolWithAffinityExecutor-8-0] WARN  container.ContainerReportHandler (AbstractContainerReportHandler.java:updateContainerState(255)) - Container #4 is in OPEN state, but the datanode 5305b34f-83d0-4be9-8032-f631ee150b78{ip: 10.1.0.29, host: fv-az270-423.tacnzluakwdehk1hpragurqkma.bx.internal.cloudapp.net, ports: [REPLICATION=45903, RATIS=34741, RATIS_ADMIN=34741, RATIS_SERVER=34741, STANDALONE=45233], networkLocation: /default-rack, certSerialId: null, persistedOpState: IN_SERVICE, persistedOpStateExpiryEpochSec: 0} reports an CLOSED replica.
2022-04-27 10:53:27,266 [EventQueue-PipelineReportForPipelineReportHandler] INFO  pipeline.PipelineReportHandler (PipelineReportHandler.java:processPipelineReport(113)) - Reported pipeline PipelineID=cf80c735-cb93-438b-a05e-dff27b2a1031 is not found
2022-04-27 10:53:27,466 [EventQueue-PipelineReportForPipelineReportHandler] INFO  pipeline.PipelineReportHandler (PipelineReportHandler.java:processPipelineReport(113)) - Reported pipeline PipelineID=cf80c735-cb93-438b-a05e-dff27b2a1031 is not found
2022-04-27 10:53:27,491 [EventQueue-PipelineReportForPipelineReportHandler] INFO  pipeline.PipelineReportHandler (PipelineReportHandler.java:processPipelineReport(113)) - Reported pipeline PipelineID=cf80c735-cb93-438b-a05e-dff27b2a1031 is not found
2022-04-27 10:53:27,652 [EventQueue-PipelineReportForPipelineReportHandler] INFO  pipeline.PipelineReportHandler (PipelineReportHandler.java:processPipelineReport(113)) - Reported pipeline PipelineID=cf80c735-cb93-438b-a05e-dff27b2a1031 is not found
2022-04-27 10:53:27,660 [FixedThreadPoolWithAffinityExecutor-8-0] WARN  container.ContainerReportHandler (AbstractContainerReportHandler.java:updateContainerState(255)) - Container #4 is in OPEN state, but the datanode 5305b34f-83d0-4be9-8032-f631ee150b78{ip: 10.1.0.29, host: fv-az270-423.tacnzluakwdehk1hpragurqkma.bx.internal.cloudapp.net, ports: [REPLICATION=45903, RATIS=34741, RATIS_ADMIN=34741, RATIS_SERVER=34741, STANDALONE=45233], networkLocation: /default-rack, certSerialId: null, persistedOpState: IN_SERVICE, persistedOpStateExpiryEpochSec: 0} reports an CLOSED replica.
2022-04-27 10:53:27,691 [EventQueue-PipelineReportForPipelineReportHandler] INFO  pipeline.PipelineReportHandler (PipelineReportHandler.java:processPipelineReport(113)) - Reported pipeline PipelineID=cf80c735-cb93-438b-a05e-dff27b2a1031 is not found
2022-04-27 10:53:27,746 [java.util.concurrent.ThreadPoolExecutor$Worker@2ef35e7d[State = -1, empty queue]] WARN  server.GrpcLogAppender (GrpcLogAppender.java:timeoutAppendRequest(246)) - 5e6908a8-a78b-4a66-9555-b48c04384dc8@group-E78063F29D5F->fc150688-1f76-4ec0-a672-aaf91f0753c3-GrpcLogAppender: HEARTBEAT appendEntries Timeout, request=AppendEntriesRequest:cid=10,entriesCount=0,lastEntry=null
2022-04-27 10:53:27,852 [EventQueue-PipelineReportForPipelineReportHandler] INFO  pipeline.PipelineReportHandler (PipelineReportHandler.java:processPipelineReport(113)) - Reported pipeline PipelineID=cf80c735-cb93-438b-a05e-dff27b2a1031 is not found
2022-04-27 10:53:27,860 [FixedThreadPoolWithAffinityExecutor-8-0] WARN  container.ContainerReportHandler (AbstractContainerReportHandler.java:updateContainerState(255)) - Container #4 is in OPEN state, but the datanode 5305b34f-83d0-4be9-8032-f631ee150b78{ip: 10.1.0.29, host: fv-az270-423.tacnzluakwdehk1hpragurqkma.bx.internal.cloudapp.net, ports: [REPLICATION=45903, RATIS=34741, RATIS_ADMIN=34741, RATIS_SERVER=34741, STANDALONE=45233], networkLocation: /default-rack, certSerialId: null, persistedOpState: IN_SERVICE, persistedOpStateExpiryEpochSec: 0} reports an CLOSED replica.
2022-04-27 10:53:27,866 [EventQueue-PipelineReportForPipelineReportHandler] INFO  pipeline.PipelineReportHandler (PipelineReportHandler.java:processPipelineReport(113)) - Reported pipeline PipelineID=cf80c735-cb93-438b-a05e-dff27b2a1031 is not found
2022-04-27 10:53:27,890 [EventQueue-PipelineReportForPipelineReportHandler] INFO  pipeline.PipelineReportHandler (PipelineReportHandler.java:processPipelineReport(113)) - Reported pipeline PipelineID=cf80c735-cb93-438b-a05e-dff27b2a1031 is not found
2022-04-27 10:53:28,070 [EventQueue-PipelineReportForPipelineReportHandler] INFO  pipeline.PipelineReportHandler (PipelineReportHandler.java:processPipelineReport(113)) - Reported pipeline PipelineID=cf80c735-cb93-438b-a05e-dff27b2a1031 is not found
2022-04-27 10:53:28,090 [EventQueue-PipelineReportForPipelineReportHandler] INFO  pipeline.PipelineReportHandler (PipelineReportHandler.java:processPipelineReport(113)) - Reported pipeline PipelineID=cf80c735-cb93-438b-a05e-dff27b2a1031 is not found
2022-04-27 10:53:28,252 [EventQueue-PipelineReportForPipelineReportHandler] INFO  pipeline.PipelineReportHandler (PipelineReportHandler.java:processPipelineReport(113)) - Reported pipeline PipelineID=cf80c735-cb93-438b-a05e-dff27b2a1031 is not found
2022-04-27 10:53:28,260 [FixedThreadPoolWithAffinityExecutor-9-0] WARN  container.ContainerReportHandler (AbstractContainerReportHandler.java:updateContainerState(255)) - Container #4 is in OPEN state, but the datanode 5305b34f-83d0-4be9-8032-f631ee150b78{ip: 10.1.0.29, host: fv-az270-423.tacnzluakwdehk1hpragurqkma.bx.internal.cloudapp.net, ports: [REPLICATION=45903, RATIS=34741, RATIS_ADMIN=34741, RATIS_SERVER=34741, STANDALONE=45233], networkLocation: /default-rack, certSerialId: null, persistedOpState: IN_SERVICE, persistedOpStateExpiryEpochSec: 0} reports an CLOSED replica.
2022-04-27 10:53:28,272 [EventQueue-PipelineReportForPipelineReportHandler] INFO  pipeline.PipelineReportHandler (PipelineReportHandler.java:processPipelineReport(113)) - Reported pipeline PipelineID=cf80c735-cb93-438b-a05e-dff27b2a1031 is not found
2022-04-27 10:53:28,451 [EventQueue-PipelineReportForPipelineReportHandler] INFO  pipeline.PipelineReportHandler (PipelineReportHandler.java:processPipelineReport(113)) - Reported pipeline PipelineID=cf80c735-cb93-438b-a05e-dff27b2a1031 is not found
2022-04-27 10:53:28,460 [FixedThreadPoolWithAffinityExecutor-0-0] WARN  container.ContainerReportHandler (AbstractContainerReportHandler.java:updateContainerState(255)) - Container #4 is in OPEN state, but the datanode 5305b34f-83d0-4be9-8032-f631ee150b78{ip: 10.1.0.29, host: fv-az270-423.tacnzluakwdehk1hpragurqkma.bx.internal.cloudapp.net, ports: [REPLICATION=45903, RATIS=34741, RATIS_ADMIN=34741, RATIS_SERVER=34741, STANDALONE=45233], networkLocation: /default-rack, certSerialId: null, persistedOpState: IN_SERVICE, persistedOpStateExpiryEpochSec: 0} reports an CLOSED replica.
2022-04-27 10:53:28,494 [EventQueue-PipelineReportForPipelineReportHandler] INFO  pipeline.PipelineReportHandler (PipelineReportHandler.java:processPipelineReport(113)) - Reported pipeline PipelineID=cf80c735-cb93-438b-a05e-dff27b2a1031 is not found
2022-04-27 10:53:28,660 [FixedThreadPoolWithAffinityExecutor-8-0] WARN  container.ContainerReportHandler (AbstractContainerReportHandler.java:updateContainerState(255)) - Container #4 is in OPEN state, but the datanode 5305b34f-83d0-4be9-8032-f631ee150b78{ip: 10.1.0.29, host: fv-az270-423.tacnzluakwdehk1hpragurqkma.bx.internal.cloudapp.net, ports: [REPLICATION=45903, RATIS=34741, RATIS_ADMIN=34741, RATIS_SERVER=34741, STANDALONE=45233], networkLocation: /default-rack, certSerialId: null, persistedOpState: IN_SERVICE, persistedOpStateExpiryEpochSec: 0} reports an CLOSED replica.
2022-04-27 10:53:28,665 [EventQueue-PipelineReportForPipelineReportHandler] INFO  pipeline.PipelineReportHandler (PipelineReportHandler.java:processPipelineReport(113)) - Reported pipeline PipelineID=cf80c735-cb93-438b-a05e-dff27b2a1031 is not found
2022-04-27 10:53:28,852 [EventQueue-PipelineReportForPipelineReportHandler] INFO  pipeline.PipelineReportHandler (PipelineReportHandler.java:processPipelineReport(113)) - Reported pipeline PipelineID=cf80c735-cb93-438b-a05e-dff27b2a1031 is not found
2022-04-27 10:53:28,860 [FixedThreadPoolWithAffinityExecutor-1-0] WARN  container.ContainerReportHandler (AbstractContainerReportHandler.java:updateContainerState(255)) - Container #4 is in OPEN state, but the datanode 5305b34f-83d0-4be9-8032-f631ee150b78{ip: 10.1.0.29, host: fv-az270-423.tacnzluakwdehk1hpragurqkma.bx.internal.cloudapp.net, ports: [REPLICATION=45903, RATIS=34741, RATIS_ADMIN=34741, RATIS_SERVER=34741, STANDALONE=45233], networkLocation: /default-rack, certSerialId: null, persistedOpState: IN_SERVICE, persistedOpStateExpiryEpochSec: 0} reports an CLOSED replica.
2022-04-27 10:53:28,865 [EventQueue-PipelineReportForPipelineReportHandler] INFO  pipeline.PipelineReportHandler (PipelineReportHandler.java:processPipelineReport(113)) - Reported pipeline PipelineID=cf80c735-cb93-438b-a05e-dff27b2a1031 is not found
2022-04-27 10:53:28,890 [EventQueue-PipelineReportForPipelineReportHandler] INFO  pipeline.PipelineReportHandler (PipelineReportHandler.java:processPipelineReport(113)) - Reported pipeline PipelineID=cf80c735-cb93-438b-a05e-dff27b2a1031 is not found
2022-04-27 10:53:29,052 [EventQueue-PipelineReportForPipelineReportHandler] INFO  pipeline.PipelineReportHandler (PipelineReportHandler.java:processPipelineReport(113)) - Reported pipeline PipelineID=cf80c735-cb93-438b-a05e-dff27b2a1031 is not found
2022-04-27 10:53:29,066 [EventQueue-PipelineReportForPipelineReportHandler] INFO  pipeline.PipelineReportHandler (PipelineReportHandler.java:processPipelineReport(113)) - Reported pipeline PipelineID=cf80c735-cb93-438b-a05e-dff27b2a1031 is not found
2022-04-27 10:53:29,091 [EventQueue-PipelineReportForPipelineReportHandler] INFO  pipeline.PipelineReportHandler (PipelineReportHandler.java:processPipelineReport(113)) - Reported pipeline PipelineID=cf80c735-cb93-438b-a05e-dff27b2a1031 is not found
2022-04-27 10:53:29,094 [java.util.concurrent.ThreadPoolExecutor$Worker@a7243b[State = -1, empty queue]] WARN  server.GrpcLogAppender (GrpcLogAppender.java:timeoutAppendRequest(246)) - 5e6908a8-a78b-4a66-9555-b48c04384dc8@group-EEF7E24D5DDB->fc150688-1f76-4ec0-a672-aaf91f0753c3-GrpcLogAppender: HEARTBEAT appendEntries Timeout, request=AppendEntriesRequest:cid=13274618,entriesCount=0,lastEntry=null
2022-04-27 10:53:29,253 [EventQueue-PipelineReportForPipelineReportHandler] INFO  pipeline.PipelineReportHandler (PipelineReportHandler.java:processPipelineReport(113)) - Reported pipeline PipelineID=cf80c735-cb93-438b-a05e-dff27b2a1031 is not found
2022-04-27 10:53:29,260 [FixedThreadPoolWithAffinityExecutor-0-0] WARN  container.ContainerReportHandler (AbstractContainerReportHandler.java:updateContainerState(255)) - Container #4 is in OPEN state, but the datanode 5305b34f-83d0-4be9-8032-f631ee150b78{ip: 10.1.0.29, host: fv-az270-423.tacnzluakwdehk1hpragurqkma.bx.internal.cloudapp.net, ports: [REPLICATION=45903, RATIS=34741, RATIS_ADMIN=34741, RATIS_SERVER=34741, STANDALONE=45233], networkLocation: /default-rack, certSerialId: null, persistedOpState: IN_SERVICE, persistedOpStateExpiryEpochSec: 0} reports an CLOSED replica.
2022-04-27 10:53:29,460 [FixedThreadPoolWithAffinityExecutor-0-0] WARN  container.ContainerReportHandler (AbstractContainerReportHandler.java:updateContainerState(255)) - Container #4 is in OPEN state, but the datanode 5305b34f-83d0-4be9-8032-f631ee150b78{ip: 10.1.0.29, host: fv-az270-423.tacnzluakwdehk1hpragurqkma.bx.internal.cloudapp.net, ports: [REPLICATION=45903, RATIS=34741, RATIS_ADMIN=34741, RATIS_SERVER=34741, STANDALONE=45233], networkLocation: /default-rack, certSerialId: null, persistedOpState: IN_SERVICE, persistedOpStateExpiryEpochSec: 0} reports an CLOSED replica.
2022-04-27 10:53:29,466 [EventQueue-PipelineReportForPipelineReportHandler] INFO  pipeline.PipelineReportHandler (PipelineReportHandler.java:processPipelineReport(113)) - Reported pipeline PipelineID=cf80c735-cb93-438b-a05e-dff27b2a1031 is not found
2022-04-27 10:53:29,496 [EventQueue-PipelineReportForPipelineReportHandler] INFO  pipeline.PipelineReportHandler (PipelineReportHandler.java:processPipelineReport(113)) - Reported pipeline PipelineID=cf80c735-cb93-438b-a05e-dff27b2a1031 is not found
2022-04-27 10:53:29,585 [java.util.concurrent.ThreadPoolExecutor$Worker@a7243b[State = -1, empty queue]] WARN  server.GrpcLogAppender (GrpcLogAppender.java:timeoutAppendRequest(246)) - 5305b34f-83d0-4be9-8032-f631ee150b78@group-75AB1B4BA813->b4543bad-81d3-4f1d-9fc6-5e97dcd2d8eb-GrpcLogAppender: HEARTBEAT appendEntries Timeout, request=AppendEntriesRequest:cid=12017463,entriesCount=0,lastEntry=null
2022-04-27 10:53:29,656 [EventQueue-PipelineReportForPipelineReportHandler] INFO  pipeline.PipelineReportHandler (PipelineReportHandler.java:processPipelineReport(113)) - Reported pipeline PipelineID=cf80c735-cb93-438b-a05e-dff27b2a1031 is not found
2022-04-27 10:53:29,685 [Listener at 127.0.0.1/43313] WARN  scm.XceiverClientRatis (XceiverClientRatis.java:watchForCommit(266)) - 3 way commit failed on pipeline Pipeline[ Id: bf02a7f3-0536-411e-9f4a-a1352ada7bc1, Nodes: 6f2ed759-dfb9-4419-9191-8597321ac421{ip: 10.1.0.29, host: fv-az270-423.tacnzluakwdehk1hpragurqkma.bx.internal.cloudapp.net, ports: [REPLICATION=41459, RATIS=39501, RATIS_ADMIN=39501, RATIS_SERVER=39501, STANDALONE=44875], networkLocation: /default-rack, certSerialId: null, persistedOpState: IN_SERVICE, persistedOpStateExpiryEpochSec: 0}0a06a8c4-9179-4a2e-838b-55c09a430176{ip: 10.1.0.29, host: fv-az270-423.tacnzluakwdehk1hpragurqkma.bx.internal.cloudapp.net, ports: [REPLICATION=38343, RATIS=39993, RATIS_ADMIN=39993, RATIS_SERVER=39993, STANDALONE=39275], networkLocation: /default-rack, certSerialId: null, persistedOpState: IN_SERVICE, persistedOpStateExpiryEpochSec: 0}5e3f1479-9daf-43cd-8651-224960992f9b{ip: 10.1.0.29, host: fv-az270-423.tacnzluakwdehk1hpragurqkma.bx.internal.cloudapp.net, ports: [REPLICATION=39479, RATIS=36215, RATIS_ADMIN=36215, RATIS_SERVER=36215, STANDALONE=43119], networkLocation: /default-rack, certSerialId: null, persistedOpState: IN_SERVICE, persistedOpStateExpiryEpochSec: 0}, ReplicationConfig: RATIS/THREE, State:OPEN, leaderId:0a06a8c4-9179-4a2e-838b-55c09a430176, CreationTimestamp2022-04-27T10:51:56.919Z[Etc/UTC]]
java.util.concurrent.ExecutionException: org.apache.ratis.protocol.exceptions.RaftRetryFailureException: Failed RaftClientRequest:client-C794EDEBFC9B->5e3f1479-9daf-43cd-8651-224960992f9b@group-A1352ADA7BC1, cid=162, seq=0, Watch-ALL_COMMITTED(6), null for 2 attempts with RequestTypeDependentRetryPolicy{WRITE->org.apache.ratis.retry.ExceptionDependentRetry@4faa6d1c, WATCH->org.apache.ratis.retry.ExceptionDependentRetry@416d8a99}
	at java.util.concurrent.CompletableFuture.reportGet(CompletableFuture.java:357)
	at java.util.concurrent.CompletableFuture.get(CompletableFuture.java:1908)
	at org.apache.hadoop.hdds.scm.XceiverClientRatis.watchForCommit(XceiverClientRatis.java:263)
	at org.apache.hadoop.hdds.scm.storage.CommitWatcher.watchForCommit(CommitWatcher.java:199)
	at org.apache.hadoop.hdds.scm.storage.CommitWatcher.watchOnLastIndex(CommitWatcher.java:166)
	at org.apache.hadoop.hdds.scm.storage.RatisBlockOutputStream.sendWatchForCommit(RatisBlockOutputStream.java:101)
	at org.apache.hadoop.hdds.scm.storage.BlockOutputStream.watchForCommit(BlockOutputStream.java:392)
	at org.apache.hadoop.hdds.scm.storage.BlockOutputStream.handleFlush(BlockOutputStream.java:552)
	at org.apache.hadoop.hdds.scm.storage.BlockOutputStream.flush(BlockOutputStream.java:498)
	at org.apache.hadoop.ozone.client.io.BlockOutputStreamEntry.flush(BlockOutputStreamEntry.java:130)
	at org.apache.hadoop.ozone.client.io.KeyOutputStream.handleStreamAction(KeyOutputStream.java:502)
	at org.apache.hadoop.ozone.client.io.KeyOutputStream.handleFlushOrClose(KeyOutputStream.java:468)
	at org.apache.hadoop.ozone.client.io.KeyOutputStream.flush(KeyOutputStream.java:441)
	at org.apache.hadoop.ozone.client.io.OzoneOutputStream.flush(OzoneOutputStream.java:55)
	at org.apache.hadoop.ozone.client.rpc.TestContainerStateMachineFailures.testContainerStateMachineDualFailureRetry(TestContainerStateMachineFailures.java:736)
	at sun.reflect.NativeMethodAccessorImpl.invoke0(Native Method)
	at sun.reflect.NativeMethodAccessorImpl.invoke(NativeMethodAccessorImpl.java:62)
	at sun.reflect.DelegatingMethodAccessorImpl.invoke(DelegatingMethodAccessorImpl.java:43)
	at java.lang.reflect.Method.invoke(Method.java:498)
	at org.junit.platform.commons.util.ReflectionUtils.invokeMethod(ReflectionUtils.java:688)
	at org.junit.jupiter.engine.execution.MethodInvocation.proceed(MethodInvocation.java:60)
	at org.junit.jupiter.engine.execution.InvocationInterceptorChain$ValidatingInvocation.proceed(InvocationInterceptorChain.java:131)
	at org.junit.jupiter.engine.extension.TimeoutExtension.intercept(TimeoutExtension.java:149)
	at org.junit.jupiter.engine.extension.TimeoutExtension.interceptTestableMethod(TimeoutExtension.java:140)
	at org.junit.jupiter.engine.extension.TimeoutExtension.interceptTestMethod(TimeoutExtension.java:84)
	at org.junit.jupiter.engine.execution.ExecutableInvoker$ReflectiveInterceptorCall.lambda$ofVoidMethod$0(ExecutableInvoker.java:115)
	at org.junit.jupiter.engine.execution.ExecutableInvoker.lambda$invoke$0(ExecutableInvoker.java:105)
	at org.junit.jupiter.engine.execution.InvocationInterceptorChain$InterceptedInvocation.proceed(InvocationInterceptorChain.java:106)
	at org.junit.jupiter.engine.execution.InvocationInterceptorChain.proceed(InvocationInterceptorChain.java:64)
	at org.junit.jupiter.engine.execution.InvocationInterceptorChain.chainAndInvoke(InvocationInterceptorChain.java:45)
	at org.junit.jupiter.engine.execution.InvocationInterceptorChain.invoke(InvocationInterceptorChain.java:37)
	at org.junit.jupiter.engine.execution.ExecutableInvoker.invoke(ExecutableInvoker.java:104)
	at org.junit.jupiter.engine.execution.ExecutableInvoker.invoke(ExecutableInvoker.java:98)
	at org.junit.jupiter.engine.descriptor.TestMethodTestDescriptor.lambda$invokeTestMethod$6(TestMethodTestDescriptor.java:210)
	at org.junit.platform.engine.support.hierarchical.ThrowableCollector.execute(ThrowableCollector.java:73)
	at org.junit.jupiter.engine.descriptor.TestMethodTestDescriptor.invokeTestMethod(TestMethodTestDescriptor.java:206)
	at org.junit.jupiter.engine.descriptor.TestMethodTestDescriptor.execute(TestMethodTestDescriptor.java:131)
	at org.junit.jupiter.engine.descriptor.TestMethodTestDescriptor.execute(TestMethodTestDescriptor.java:65)
	at org.junit.platform.engine.support.hierarchical.NodeTestTask.lambda$executeRecursively$5(NodeTestTask.java:139)
	at org.junit.platform.engine.support.hierarchical.ThrowableCollector.execute(ThrowableCollector.java:73)
	at org.junit.platform.engine.support.hierarchical.NodeTestTask.lambda$executeRecursively$7(NodeTestTask.java:129)
	at org.junit.platform.engine.support.hierarchical.Node.around(Node.java:137)
	at org.junit.platform.engine.support.hierarchical.NodeTestTask.lambda$executeRecursively$8(NodeTestTask.java:127)
	at org.junit.platform.engine.support.hierarchical.ThrowableCollector.execute(ThrowableCollector.java:73)
	at org.junit.platform.engine.support.hierarchical.NodeTestTask.executeRecursively(NodeTestTask.java:126)
	at org.junit.platform.engine.support.hierarchical.NodeTestTask.execute(NodeTestTask.java:84)
	at java.util.ArrayList.forEach(ArrayList.java:1259)
	at org.junit.platform.engine.support.hierarchical.SameThreadHierarchicalTestExecutorService.invokeAll(SameThreadHierarchicalTestExecutorService.java:38)
	at org.junit.platform.engine.support.hierarchical.NodeTestTask.lambda$executeRecursively$5(NodeTestTask.java:143)
	at org.junit.platform.engine.support.hierarchical.ThrowableCollector.execute(ThrowableCollector.java:73)
	at org.junit.platform.engine.support.hierarchical.NodeTestTask.lambda$executeRecursively$7(NodeTestTask.java:129)
	at org.junit.platform.engine.support.hierarchical.Node.around(Node.java:137)
	at org.junit.platform.engine.support.hierarchical.NodeTestTask.lambda$executeRecursively$8(NodeTestTask.java:127)
	at org.junit.platform.engine.support.hierarchical.ThrowableCollector.execute(ThrowableCollector.java:73)
	at org.junit.platform.engine.support.hierarchical.NodeTestTask.executeRecursively(NodeTestTask.java:126)
	at org.junit.platform.engine.support.hierarchical.NodeTestTask.execute(NodeTestTask.java:84)
	at java.util.ArrayList.forEach(ArrayList.java:1259)
	at org.junit.platform.engine.support.hierarchical.SameThreadHierarchicalTestExecutorService.invokeAll(SameThreadHierarchicalTestExecutorService.java:38)
	at org.junit.platform.engine.support.hierarchical.NodeTestTask.lambda$executeRecursively$5(NodeTestTask.java:143)
	at org.junit.platform.engine.support.hierarchical.ThrowableCollector.execute(ThrowableCollector.java:73)
	at org.junit.platform.engine.support.hierarchical.NodeTestTask.lambda$executeRecursively$7(NodeTestTask.java:129)
	at org.junit.platform.engine.support.hierarchical.Node.around(Node.java:137)
	at org.junit.platform.engine.support.hierarchical.NodeTestTask.lambda$executeRecursively$8(NodeTestTask.java:127)
	at org.junit.platform.engine.support.hierarchical.ThrowableCollector.execute(ThrowableCollector.java:73)
	at org.junit.platform.engine.support.hierarchical.NodeTestTask.executeRecursively(NodeTestTask.java:126)
	at org.junit.platform.engine.support.hierarchical.NodeTestTask.execute(NodeTestTask.java:84)
	at org.junit.platform.engine.support.hierarchical.SameThreadHierarchicalTestExecutorService.submit(SameThreadHierarchicalTestExecutorService.java:32)
	at org.junit.platform.engine.support.hierarchical.HierarchicalTestExecutor.execute(HierarchicalTestExecutor.java:57)
	at org.junit.platform.engine.support.hierarchical.HierarchicalTestEngine.execute(HierarchicalTestEngine.java:51)
	at org.junit.platform.launcher.core.EngineExecutionOrchestrator.execute(EngineExecutionOrchestrator.java:108)
	at org.junit.platform.launcher.core.EngineExecutionOrchestrator.execute(EngineExecutionOrchestrator.java:88)
	at org.junit.platform.launcher.core.EngineExecutionOrchestrator.lambda$execute$0(EngineExecutionOrchestrator.java:54)
	at org.junit.platform.launcher.core.EngineExecutionOrchestrator.withInterceptedStreams(EngineExecutionOrchestrator.java:67)
	at org.junit.platform.launcher.core.EngineExecutionOrchestrator.execute(EngineExecutionOrchestrator.java:52)
	at org.junit.platform.launcher.core.DefaultLauncher.execute(DefaultLauncher.java:96)
	at org.junit.platform.launcher.core.DefaultLauncher.execute(DefaultLauncher.java:75)
	at org.apache.maven.surefire.junitplatform.JUnitPlatformProvider.execute(JUnitPlatformProvider.java:188)
	at org.apache.maven.surefire.junitplatform.JUnitPlatformProvider.invokeAllTests(JUnitPlatformProvider.java:154)
	at org.apache.maven.surefire.junitplatform.JUnitPlatformProvider.invoke(JUnitPlatformProvider.java:124)
	at org.apache.maven.surefire.booter.ForkedBooter.runSuitesInProcess(ForkedBooter.java:428)
	at org.apache.maven.surefire.booter.ForkedBooter.execute(ForkedBooter.java:162)
	at org.apache.maven.surefire.booter.ForkedBooter.run(ForkedBooter.java:562)
	at org.apache.maven.surefire.booter.ForkedBooter.main(ForkedBooter.java:548)
Caused by: org.apache.ratis.protocol.exceptions.RaftRetryFailureException: Failed RaftClientRequest:client-C794EDEBFC9B->5e3f1479-9daf-43cd-8651-224960992f9b@group-A1352ADA7BC1, cid=162, seq=0, Watch-ALL_COMMITTED(6), null for 2 attempts with RequestTypeDependentRetryPolicy{WRITE->org.apache.ratis.retry.ExceptionDependentRetry@4faa6d1c, WATCH->org.apache.ratis.retry.ExceptionDependentRetry@416d8a99}
	at org.apache.ratis.client.impl.RaftClientImpl.noMoreRetries(RaftClientImpl.java:272)
	at org.apache.ratis.client.impl.UnorderedAsync.lambda$sendRequestWithRetry$4(UnorderedAsync.java:95)
	at java.util.concurrent.CompletableFuture.uniWhenComplete(CompletableFuture.java:774)
	at java.util.concurrent.CompletableFuture$UniWhenComplete.tryFire(CompletableFuture.java:750)
	at java.util.concurrent.CompletableFuture$Completion.run(CompletableFuture.java:456)
	at java.lang.Thread.run(Thread.java:750)
Caused by: org.apache.ratis.protocol.exceptions.GroupMismatchException: 5e3f1479-9daf-43cd-8651-224960992f9b: group-A1352ADA7BC1 not found.
	at org.apache.ratis.server.impl.RaftServerProxy$ImplMap.get(RaftServerProxy.java:147)
	at org.apache.ratis.server.impl.RaftServerProxy.getImplFuture(RaftServerProxy.java:339)
	at org.apache.ratis.server.impl.RaftServerProxy.submitRequest(RaftServerProxy.java:411)
	at org.apache.ratis.server.impl.RaftServerProxy.submitClientRequestAsync(RaftServerProxy.java:417)
	at org.apache.ratis.grpc.client.GrpcClientProtocolService$RequestStreamObserver.processClientRequest(GrpcClientProtocolService.java:222)
	at org.apache.ratis.grpc.client.GrpcClientProtocolService$UnorderedRequestStreamObserver.processClientRequest(GrpcClientProtocolService.java:278)
	at org.apache.ratis.grpc.client.GrpcClientProtocolService$RequestStreamObserver.onNext(GrpcClientProtocolService.java:242)
	at org.apache.ratis.grpc.client.GrpcClientProtocolService$RequestStreamObserver.onNext(GrpcClientProtocolService.java:165)
	at org.apache.ratis.thirdparty.io.grpc.stub.ServerCalls$StreamingServerCallHandler$StreamingServerCallListener.onMessage(ServerCalls.java:255)
	at org.apache.ratis.thirdparty.io.grpc.ForwardingServerCallListener.onMessage(ForwardingServerCallListener.java:33)
	at org.apache.ratis.thirdparty.io.grpc.internal.ServerCallImpl$ServerStreamListenerImpl.messagesAvailableInternal(ServerCallImpl.java:309)
	at org.apache.ratis.thirdparty.io.grpc.internal.ServerCallImpl$ServerStreamListenerImpl.messagesAvailable(ServerCallImpl.java:292)
	at org.apache.ratis.thirdparty.io.grpc.internal.ServerImpl$JumpToApplicationThreadServerStreamListener$1MessagesAvailable.runInContext(ServerImpl.java:782)
	at org.apache.ratis.thirdparty.io.grpc.internal.ContextRunnable.run(ContextRunnable.java:37)
	at org.apache.ratis.thirdparty.io.grpc.internal.SerializingExecutor.run(SerializingExecutor.java:123)
	at java.util.concurrent.ThreadPoolExecutor.runWorker(ThreadPoolExecutor.java:1149)
	at java.util.concurrent.ThreadPoolExecutor$Worker.run(ThreadPoolExecutor.java:624)
	... 1 more
2022-04-27 10:53:29,696 [EventQueue-PipelineReportForPipelineReportHandler] INFO  pipeline.PipelineReportHandler (PipelineReportHandler.java:processPipelineReport(113)) - Reported pipeline PipelineID=cf80c735-cb93-438b-a05e-dff27b2a1031 is not found
2022-04-27 10:53:29,864 [FixedThreadPoolWithAffinityExecutor-0-0] WARN  container.ContainerReportHandler (AbstractContainerReportHandler.java:updateContainerState(255)) - Container #4 is in OPEN state, but the datanode 5305b34f-83d0-4be9-8032-f631ee150b78{ip: 10.1.0.29, host: fv-az270-423.tacnzluakwdehk1hpragurqkma.bx.internal.cloudapp.net, ports: [REPLICATION=45903, RATIS=34741, RATIS_ADMIN=34741, RATIS_SERVER=34741, STANDALONE=45233], networkLocation: /default-rack, certSerialId: null, persistedOpState: IN_SERVICE, persistedOpStateExpiryEpochSec: 0} reports an CLOSED replica.
2022-04-27 10:53:29,867 [EventQueue-PipelineReportForPipelineReportHandler] INFO  pipeline.PipelineReportHandler (PipelineReportHandler.java:processPipelineReport(113)) - Reported pipeline PipelineID=cf80c735-cb93-438b-a05e-dff27b2a1031 is not found
2022-04-27 10:53:29,896 [EventQueue-PipelineReportForPipelineReportHandler] INFO  pipeline.PipelineReportHandler (PipelineReportHandler.java:processPipelineReport(113)) - Reported pipeline PipelineID=cf80c735-cb93-438b-a05e-dff27b2a1031 is not found
2022-04-27 10:53:30,055 [EventQueue-PipelineReportForPipelineReportHandler] INFO  pipeline.PipelineReportHandler (PipelineReportHandler.java:processPipelineReport(113)) - Reported pipeline PipelineID=cf80c735-cb93-438b-a05e-dff27b2a1031 is not found
2022-04-27 10:53:30,062 [FixedThreadPoolWithAffinityExecutor-8-0] WARN  container.ContainerReportHandler (AbstractContainerReportHandler.java:updateContainerState(255)) - Container #4 is in OPEN state, but the datanode 5305b34f-83d0-4be9-8032-f631ee150b78{ip: 10.1.0.29, host: fv-az270-423.tacnzluakwdehk1hpragurqkma.bx.internal.cloudapp.net, ports: [REPLICATION=45903, RATIS=34741, RATIS_ADMIN=34741, RATIS_SERVER=34741, STANDALONE=45233], networkLocation: /default-rack, certSerialId: null, persistedOpState: IN_SERVICE, persistedOpStateExpiryEpochSec: 0} reports an CLOSED replica.
2022-04-27 10:53:30,067 [EventQueue-PipelineReportForPipelineReportHandler] INFO  pipeline.PipelineReportHandler (PipelineReportHandler.java:processPipelineReport(113)) - Reported pipeline PipelineID=cf80c735-cb93-438b-a05e-dff27b2a1031 is not found
2022-04-27 10:53:30,198 [fb1b2524-5f72-4172-b06b-98bf8bab58d7@group-7308F894FD3A-FollowerState] INFO  impl.FollowerState (FollowerState.java:run(134)) - fb1b2524-5f72-4172-b06b-98bf8bab58d7@group-7308F894FD3A-FollowerState: change to CANDIDATE, lastRpcElapsedTime:10108688534ns, electionTimeout:5004ms
2022-04-27 10:53:30,198 [fb1b2524-5f72-4172-b06b-98bf8bab58d7@group-7308F894FD3A-FollowerState] INFO  impl.RoleInfo (RoleInfo.java:shutdownFollowerState(108)) - fb1b2524-5f72-4172-b06b-98bf8bab58d7: shutdown fb1b2524-5f72-4172-b06b-98bf8bab58d7@group-7308F894FD3A-FollowerState
2022-04-27 10:53:30,198 [fb1b2524-5f72-4172-b06b-98bf8bab58d7@group-7308F894FD3A-FollowerState] INFO  server.RaftServer$Division (RaftServerImpl.java:setRole(290)) - fb1b2524-5f72-4172-b06b-98bf8bab58d7@group-7308F894FD3A: changes role from  FOLLOWER to CANDIDATE at term 2 for changeToCandidate
2022-04-27 10:53:30,198 [fb1b2524-5f72-4172-b06b-98bf8bab58d7@group-7308F894FD3A-FollowerState] INFO  server.RaftServerConfigKeys (ConfUtils.java:logGet(44)) - raft.server.leaderelection.pre-vote = false (custom)
2022-04-27 10:53:30,199 [fb1b2524-5f72-4172-b06b-98bf8bab58d7@group-7308F894FD3A-FollowerState] INFO  impl.RoleInfo (RoleInfo.java:updateAndGet(130)) - fb1b2524-5f72-4172-b06b-98bf8bab58d7: start fb1b2524-5f72-4172-b06b-98bf8bab58d7@group-7308F894FD3A-LeaderElection32
2022-04-27 10:53:30,247 [java.util.concurrent.ThreadPoolExecutor$Worker@a7243b[State = -1, empty queue]] WARN  server.GrpcLogAppender (GrpcLogAppender.java:timeoutAppendRequest(246)) - 5e6908a8-a78b-4a66-9555-b48c04384dc8@group-E78063F29D5F->fc150688-1f76-4ec0-a672-aaf91f0753c3-GrpcLogAppender: HEARTBEAT appendEntries Timeout, request=AppendEntriesRequest:cid=11,entriesCount=0,lastEntry=null
2022-04-27 10:53:30,295 [EventQueue-PipelineReportForPipelineReportHandler] INFO  pipeline.PipelineReportHandler (PipelineReportHandler.java:processPipelineReport(113)) - Reported pipeline PipelineID=cf80c735-cb93-438b-a05e-dff27b2a1031 is not found
2022-04-27 10:53:30,455 [EventQueue-PipelineReportForPipelineReportHandler] INFO  pipeline.PipelineReportHandler (PipelineReportHandler.java:processPipelineReport(113)) - Reported pipeline PipelineID=cf80c735-cb93-438b-a05e-dff27b2a1031 is not found
2022-04-27 10:53:30,461 [FixedThreadPoolWithAffinityExecutor-9-0] WARN  container.ContainerReportHandler (AbstractContainerReportHandler.java:updateContainerState(255)) - Container #4 is in OPEN state, but the datanode 5305b34f-83d0-4be9-8032-f631ee150b78{ip: 10.1.0.29, host: fv-az270-423.tacnzluakwdehk1hpragurqkma.bx.internal.cloudapp.net, ports: [REPLICATION=45903, RATIS=34741, RATIS_ADMIN=34741, RATIS_SERVER=34741, STANDALONE=45233], networkLocation: /default-rack, certSerialId: null, persistedOpState: IN_SERVICE, persistedOpStateExpiryEpochSec: 0} reports an CLOSED replica.
2022-04-27 10:53:30,467 [EventQueue-PipelineReportForPipelineReportHandler] INFO  pipeline.PipelineReportHandler (PipelineReportHandler.java:processPipelineReport(113)) - Reported pipeline PipelineID=cf80c735-cb93-438b-a05e-dff27b2a1031 is not found
2022-04-27 10:53:30,498 [EventQueue-PipelineReportForPipelineReportHandler] INFO  pipeline.PipelineReportHandler (PipelineReportHandler.java:processPipelineReport(113)) - Reported pipeline PipelineID=cf80c735-cb93-438b-a05e-dff27b2a1031 is not found
2022-04-27 10:53:30,666 [EventQueue-PipelineReportForPipelineReportHandler] INFO  pipeline.PipelineReportHandler (PipelineReportHandler.java:processPipelineReport(113)) - Reported pipeline PipelineID=cf80c735-cb93-438b-a05e-dff27b2a1031 is not found
2022-04-27 10:53:30,855 [EventQueue-PipelineReportForPipelineReportHandler] INFO  pipeline.PipelineReportHandler (PipelineReportHandler.java:processPipelineReport(113)) - Reported pipeline PipelineID=cf80c735-cb93-438b-a05e-dff27b2a1031 is not found
2022-04-27 10:53:30,862 [FixedThreadPoolWithAffinityExecutor-1-0] WARN  container.ContainerReportHandler (AbstractContainerReportHandler.java:updateContainerState(255)) - Container #4 is in OPEN state, but the datanode 5305b34f-83d0-4be9-8032-f631ee150b78{ip: 10.1.0.29, host: fv-az270-423.tacnzluakwdehk1hpragurqkma.bx.internal.cloudapp.net, ports: [REPLICATION=45903, RATIS=34741, RATIS_ADMIN=34741, RATIS_SERVER=34741, STANDALONE=45233], networkLocation: /default-rack, certSerialId: null, persistedOpState: IN_SERVICE, persistedOpStateExpiryEpochSec: 0} reports an CLOSED replica.
2022-04-27 10:53:30,866 [EventQueue-PipelineReportForPipelineReportHandler] INFO  pipeline.PipelineReportHandler (PipelineReportHandler.java:processPipelineReport(113)) - Reported pipeline PipelineID=cf80c735-cb93-438b-a05e-dff27b2a1031 is not found
2022-04-27 10:53:30,898 [EventQueue-PipelineReportForPipelineReportHandler] INFO  pipeline.PipelineReportHandler (PipelineReportHandler.java:processPipelineReport(113)) - Reported pipeline PipelineID=cf80c735-cb93-438b-a05e-dff27b2a1031 is not found
2022-04-27 10:53:31,058 [EventQueue-PipelineReportForPipelineReportHandler] INFO  pipeline.PipelineReportHandler (PipelineReportHandler.java:processPipelineReport(113)) - Reported pipeline PipelineID=cf80c735-cb93-438b-a05e-dff27b2a1031 is not found
2022-04-27 10:53:31,063 [FixedThreadPoolWithAffinityExecutor-9-0] WARN  container.ContainerReportHandler (AbstractContainerReportHandler.java:updateContainerState(255)) - Container #4 is in OPEN state, but the datanode 5305b34f-83d0-4be9-8032-f631ee150b78{ip: 10.1.0.29, host: fv-az270-423.tacnzluakwdehk1hpragurqkma.bx.internal.cloudapp.net, ports: [REPLICATION=45903, RATIS=34741, RATIS_ADMIN=34741, RATIS_SERVER=34741, STANDALONE=45233], networkLocation: /default-rack, certSerialId: null, persistedOpState: IN_SERVICE, persistedOpStateExpiryEpochSec: 0} reports an CLOSED replica.
2022-04-27 10:53:31,066 [EventQueue-PipelineReportForPipelineReportHandler] INFO  pipeline.PipelineReportHandler (PipelineReportHandler.java:processPipelineReport(113)) - Reported pipeline PipelineID=cf80c735-cb93-438b-a05e-dff27b2a1031 is not found
2022-04-27 10:53:31,297 [EventQueue-PipelineReportForPipelineReportHandler] INFO  pipeline.PipelineReportHandler (PipelineReportHandler.java:processPipelineReport(113)) - Reported pipeline PipelineID=cf80c735-cb93-438b-a05e-dff27b2a1031 is not found
2022-04-27 10:53:31,458 [EventQueue-PipelineReportForPipelineReportHandler] INFO  pipeline.PipelineReportHandler (PipelineReportHandler.java:processPipelineReport(113)) - Reported pipeline PipelineID=cf80c735-cb93-438b-a05e-dff27b2a1031 is not found
2022-04-27 10:53:31,462 [FixedThreadPoolWithAffinityExecutor-1-0] WARN  container.ContainerReportHandler (AbstractContainerReportHandler.java:updateContainerState(255)) - Container #4 is in OPEN state, but the datanode 5305b34f-83d0-4be9-8032-f631ee150b78{ip: 10.1.0.29, host: fv-az270-423.tacnzluakwdehk1hpragurqkma.bx.internal.cloudapp.net, ports: [REPLICATION=45903, RATIS=34741, RATIS_ADMIN=34741, RATIS_SERVER=34741, STANDALONE=45233], networkLocation: /default-rack, certSerialId: null, persistedOpState: IN_SERVICE, persistedOpStateExpiryEpochSec: 0} reports an CLOSED replica.
2022-04-27 10:53:31,467 [EventQueue-PipelineReportForPipelineReportHandler] INFO  pipeline.PipelineReportHandler (PipelineReportHandler.java:processPipelineReport(113)) - Reported pipeline PipelineID=cf80c735-cb93-438b-a05e-dff27b2a1031 is not found
2022-04-27 10:53:31,497 [EventQueue-PipelineReportForPipelineReportHandler] INFO  pipeline.PipelineReportHandler (PipelineReportHandler.java:processPipelineReport(113)) - Reported pipeline PipelineID=cf80c735-cb93-438b-a05e-dff27b2a1031 is not found
2022-04-27 10:53:31,594 [java.util.concurrent.ThreadPoolExecutor$Worker@a7243b[State = -1, empty queue]] WARN  server.GrpcLogAppender (GrpcLogAppender.java:timeoutAppendRequest(246)) - 5e6908a8-a78b-4a66-9555-b48c04384dc8@group-EEF7E24D5DDB->fc150688-1f76-4ec0-a672-aaf91f0753c3-GrpcLogAppender: HEARTBEAT appendEntries Timeout, request=AppendEntriesRequest:cid=13274619,entriesCount=0,lastEntry=null
2022-04-27 10:53:31,658 [EventQueue-PipelineReportForPipelineReportHandler] INFO  pipeline.PipelineReportHandler (PipelineReportHandler.java:processPipelineReport(113)) - Reported pipeline PipelineID=cf80c735-cb93-438b-a05e-dff27b2a1031 is not found
2022-04-27 10:53:31,663 [FixedThreadPoolWithAffinityExecutor-8-0] WARN  container.ContainerReportHandler (AbstractContainerReportHandler.java:updateContainerState(255)) - Container #4 is in OPEN state, but the datanode 5305b34f-83d0-4be9-8032-f631ee150b78{ip: 10.1.0.29, host: fv-az270-423.tacnzluakwdehk1hpragurqkma.bx.internal.cloudapp.net, ports: [REPLICATION=45903, RATIS=34741, RATIS_ADMIN=34741, RATIS_SERVER=34741, STANDALONE=45233], networkLocation: /default-rack, certSerialId: null, persistedOpState: IN_SERVICE, persistedOpStateExpiryEpochSec: 0} reports an CLOSED replica.
2022-04-27 10:53:31,676 [EventQueue-PipelineReportForPipelineReportHandler] INFO  pipeline.PipelineReportHandler (PipelineReportHandler.java:processPipelineReport(113)) - Reported pipeline PipelineID=cf80c735-cb93-438b-a05e-dff27b2a1031 is not found
2022-04-27 10:53:31,698 [EventQueue-PipelineReportForPipelineReportHandler] INFO  pipeline.PipelineReportHandler (PipelineReportHandler.java:processPipelineReport(113)) - Reported pipeline PipelineID=cf80c735-cb93-438b-a05e-dff27b2a1031 is not found
2022-04-27 10:53:31,858 [EventQueue-PipelineReportForPipelineReportHandler] INFO  pipeline.PipelineReportHandler (PipelineReportHandler.java:processPipelineReport(113)) - Reported pipeline PipelineID=cf80c735-cb93-438b-a05e-dff27b2a1031 is not found
2022-04-27 10:53:31,862 [FixedThreadPoolWithAffinityExecutor-0-0] WARN  container.ContainerReportHandler (AbstractContainerReportHandler.java:updateContainerState(255)) - Container #4 is in OPEN state, but the datanode 5305b34f-83d0-4be9-8032-f631ee150b78{ip: 10.1.0.29, host: fv-az270-423.tacnzluakwdehk1hpragurqkma.bx.internal.cloudapp.net, ports: [REPLICATION=45903, RATIS=34741, RATIS_ADMIN=34741, RATIS_SERVER=34741, STANDALONE=45233], networkLocation: /default-rack, certSerialId: null, persistedOpState: IN_SERVICE, persistedOpStateExpiryEpochSec: 0} reports an CLOSED replica.
2022-04-27 10:53:31,866 [EventQueue-PipelineReportForPipelineReportHandler] INFO  pipeline.PipelineReportHandler (PipelineReportHandler.java:processPipelineReport(113)) - Reported pipeline PipelineID=cf80c735-cb93-438b-a05e-dff27b2a1031 is not found
2022-04-27 10:53:32,058 [EventQueue-PipelineReportForPipelineReportHandler] INFO  pipeline.PipelineReportHandler (PipelineReportHandler.java:processPipelineReport(113)) - Reported pipeline PipelineID=cf80c735-cb93-438b-a05e-dff27b2a1031 is not found
2022-04-27 10:53:32,085 [java.util.concurrent.ThreadPoolExecutor$Worker@a7243b[State = -1, empty queue]] WARN  server.GrpcLogAppender (GrpcLogAppender.java:timeoutAppendRequest(246)) - 5305b34f-83d0-4be9-8032-f631ee150b78@group-75AB1B4BA813->b4543bad-81d3-4f1d-9fc6-5e97dcd2d8eb-GrpcLogAppender: HEARTBEAT appendEntries Timeout, request=AppendEntriesRequest:cid=12017464,entriesCount=0,lastEntry=null
2022-04-27 10:53:32,099 [EventQueue-PipelineReportForPipelineReportHandler] INFO  pipeline.PipelineReportHandler (PipelineReportHandler.java:processPipelineReport(113)) - Reported pipeline PipelineID=cf80c735-cb93-438b-a05e-dff27b2a1031 is not found
2022-04-27 10:53:32,262 [FixedThreadPoolWithAffinityExecutor-9-0] WARN  container.ContainerReportHandler (AbstractContainerReportHandler.java:updateContainerState(255)) - Container #4 is in OPEN state, but the datanode 5305b34f-83d0-4be9-8032-f631ee150b78{ip: 10.1.0.29, host: fv-az270-423.tacnzluakwdehk1hpragurqkma.bx.internal.cloudapp.net, ports: [REPLICATION=45903, RATIS=34741, RATIS_ADMIN=34741, RATIS_SERVER=34741, STANDALONE=45233], networkLocation: /default-rack, certSerialId: null, persistedOpState: IN_SERVICE, persistedOpStateExpiryEpochSec: 0} reports an CLOSED replica.
2022-04-27 10:53:32,267 [EventQueue-PipelineReportForPipelineReportHandler] INFO  pipeline.PipelineReportHandler (PipelineReportHandler.java:processPipelineReport(113)) - Reported pipeline PipelineID=cf80c735-cb93-438b-a05e-dff27b2a1031 is not found
2022-04-27 10:53:32,300 [EventQueue-PipelineReportForPipelineReportHandler] INFO  pipeline.PipelineReportHandler (PipelineReportHandler.java:processPipelineReport(113)) - Reported pipeline PipelineID=cf80c735-cb93-438b-a05e-dff27b2a1031 is not found
2022-04-27 10:53:32,458 [EventQueue-PipelineReportForPipelineReportHandler] INFO  pipeline.PipelineReportHandler (PipelineReportHandler.java:processPipelineReport(113)) - Reported pipeline PipelineID=cf80c735-cb93-438b-a05e-dff27b2a1031 is not found
2022-04-27 10:53:32,467 [EventQueue-PipelineReportForPipelineReportHandler] INFO  pipeline.PipelineReportHandler (PipelineReportHandler.java:processPipelineReport(113)) - Reported pipeline PipelineID=cf80c735-cb93-438b-a05e-dff27b2a1031 is not found
2022-04-27 10:53:32,482 [EventQueue-StaleNodeForStaleNodeHandler] INFO  node.StaleNodeHandler (StaleNodeHandler.java:onMessage(58)) - Datanode fc150688-1f76-4ec0-a672-aaf91f0753c3{ip: 10.1.0.29, host: fv-az270-423.tacnzluakwdehk1hpragurqkma.bx.internal.cloudapp.net, ports: [REPLICATION=37147, RATIS=37101, RATIS_ADMIN=37101, RATIS_SERVER=37101, STANDALONE=34823], networkLocation: /default-rack, certSerialId: null, persistedOpState: IN_SERVICE, persistedOpStateExpiryEpochSec: 0} moved to stale state. Finalizing its pipelines [PipelineID=d2638837-f985-4e21-8ffd-e78063f29d5f, PipelineID=42eb8c22-99cc-4ce6-a0af-eef7e24d5ddb]
2022-04-27 10:53:32,482 [EventQueue-CloseContainerForCloseContainerEventHandler] INFO  container.CloseContainerEventHandler (CloseContainerEventHandler.java:onMessage(69)) - Close container Event triggered for container : #3
2022-04-27 10:53:32,483 [EventQueue-StaleNodeForStaleNodeHandler] INFO  pipeline.PipelineManagerImpl (PipelineManagerImpl.java:closeContainersForPipeline(381)) - Container #3 closed for pipeline=PipelineID=d2638837-f985-4e21-8ffd-e78063f29d5f
2022-04-27 10:53:32,483 [EventQueue-StaleNodeForStaleNodeHandler] INFO  pipeline.PipelineManagerImpl (PipelineManagerImpl.java:closePipeline(402)) - Pipeline Pipeline[ Id: d2638837-f985-4e21-8ffd-e78063f29d5f, Nodes: fc150688-1f76-4ec0-a672-aaf91f0753c3{ip: 10.1.0.29, host: fv-az270-423.tacnzluakwdehk1hpragurqkma.bx.internal.cloudapp.net, ports: [REPLICATION=37147, RATIS=37101, RATIS_ADMIN=37101, RATIS_SERVER=37101, STANDALONE=34823], networkLocation: /default-rack, certSerialId: null, persistedOpState: IN_SERVICE, persistedOpStateExpiryEpochSec: 0}7171416e-d570-4db8-8282-6e036003ab52{ip: 10.1.0.29, host: fv-az270-423.tacnzluakwdehk1hpragurqkma.bx.internal.cloudapp.net, ports: [REPLICATION=32879, RATIS=35393, RATIS_ADMIN=35393, RATIS_SERVER=35393, STANDALONE=34561], networkLocation: /default-rack, certSerialId: null, persistedOpState: IN_SERVICE, persistedOpStateExpiryEpochSec: 0}5e6908a8-a78b-4a66-9555-b48c04384dc8{ip: 10.1.0.29, host: fv-az270-423.tacnzluakwdehk1hpragurqkma.bx.internal.cloudapp.net, ports: [REPLICATION=43783, RATIS=40571, RATIS_ADMIN=40571, RATIS_SERVER=40571, STANDALONE=44169], networkLocation: /default-rack, certSerialId: null, persistedOpState: IN_SERVICE, persistedOpStateExpiryEpochSec: 0}, ReplicationConfig: RATIS/THREE, State:OPEN, leaderId:5e6908a8-a78b-4a66-9555-b48c04384dc8, CreationTimestamp2022-04-27T10:51:58.057Z[Etc/UTC]] moved to CLOSED state
2022-04-27 10:53:32,485 [EventQueue-StaleNodeForStaleNodeHandler] INFO  pipeline.PipelineManagerImpl (PipelineManagerImpl.java:closePipeline(402)) - Pipeline Pipeline[ Id: 42eb8c22-99cc-4ce6-a0af-eef7e24d5ddb, Nodes: fc150688-1f76-4ec0-a672-aaf91f0753c3{ip: 10.1.0.29, host: fv-az270-423.tacnzluakwdehk1hpragurqkma.bx.internal.cloudapp.net, ports: [REPLICATION=37147, RATIS=37101, RATIS_ADMIN=37101, RATIS_SERVER=37101, STANDALONE=34823], networkLocation: /default-rack, certSerialId: null, persistedOpState: IN_SERVICE, persistedOpStateExpiryEpochSec: 0}5e6908a8-a78b-4a66-9555-b48c04384dc8{ip: 10.1.0.29, host: fv-az270-423.tacnzluakwdehk1hpragurqkma.bx.internal.cloudapp.net, ports: [REPLICATION=43783, RATIS=40571, RATIS_ADMIN=40571, RATIS_SERVER=40571, STANDALONE=44169], networkLocation: /default-rack, certSerialId: null, persistedOpState: IN_SERVICE, persistedOpStateExpiryEpochSec: 0}7171416e-d570-4db8-8282-6e036003ab52{ip: 10.1.0.29, host: fv-az270-423.tacnzluakwdehk1hpragurqkma.bx.internal.cloudapp.net, ports: [REPLICATION=32879, RATIS=35393, RATIS_ADMIN=35393, RATIS_SERVER=35393, STANDALONE=34561], networkLocation: /default-rack, certSerialId: null, persistedOpState: IN_SERVICE, persistedOpStateExpiryEpochSec: 0}, ReplicationConfig: RATIS/THREE, State:OPEN, leaderId:5e6908a8-a78b-4a66-9555-b48c04384dc8, CreationTimestamp2022-04-27T10:51:58.061Z[Etc/UTC]] moved to CLOSED state
2022-04-27 10:53:32,499 [EventQueue-PipelineReportForPipelineReportHandler] INFO  pipeline.PipelineReportHandler (PipelineReportHandler.java:processPipelineReport(113)) - Reported pipeline PipelineID=cf80c735-cb93-438b-a05e-dff27b2a1031 is not found
2022-04-27 10:53:32,658 [EventQueue-PipelineReportForPipelineReportHandler] INFO  pipeline.PipelineReportHandler (PipelineReportHandler.java:processPipelineReport(113)) - Reported pipeline PipelineID=cf80c735-cb93-438b-a05e-dff27b2a1031 is not found
2022-04-27 10:53:32,663 [FixedThreadPoolWithAffinityExecutor-1-0] WARN  container.ContainerReportHandler (AbstractContainerReportHandler.java:updateContainerState(255)) - Container #4 is in OPEN state, but the datanode 5305b34f-83d0-4be9-8032-f631ee150b78{ip: 10.1.0.29, host: fv-az270-423.tacnzluakwdehk1hpragurqkma.bx.internal.cloudapp.net, ports: [REPLICATION=45903, RATIS=34741, RATIS_ADMIN=34741, RATIS_SERVER=34741, STANDALONE=45233], networkLocation: /default-rack, certSerialId: null, persistedOpState: IN_SERVICE, persistedOpStateExpiryEpochSec: 0} reports an CLOSED replica.
2022-04-27 10:53:32,700 [EventQueue-PipelineReportForPipelineReportHandler] INFO  pipeline.PipelineReportHandler (PipelineReportHandler.java:processPipelineReport(113)) - Reported pipeline PipelineID=cf80c735-cb93-438b-a05e-dff27b2a1031 is not found
2022-04-27 10:53:32,747 [java.util.concurrent.ThreadPoolExecutor$Worker@6a8b394[State = -1, empty queue]] WARN  server.GrpcLogAppender (GrpcLogAppender.java:timeoutAppendRequest(246)) - 5e6908a8-a78b-4a66-9555-b48c04384dc8@group-E78063F29D5F->fc150688-1f76-4ec0-a672-aaf91f0753c3-GrpcLogAppender: HEARTBEAT appendEntries Timeout, request=AppendEntriesRequest:cid=12,entriesCount=0,lastEntry=null
2022-04-27 10:53:32,858 [EventQueue-PipelineReportForPipelineReportHandler] INFO  pipeline.PipelineReportHandler (PipelineReportHandler.java:processPipelineReport(113)) - Reported pipeline PipelineID=cf80c735-cb93-438b-a05e-dff27b2a1031 is not found
2022-04-27 10:53:32,866 [EventQueue-PipelineReportForPipelineReportHandler] INFO  pipeline.PipelineReportHandler (PipelineReportHandler.java:processPipelineReport(113)) - Reported pipeline PipelineID=cf80c735-cb93-438b-a05e-dff27b2a1031 is not found
2022-04-27 10:53:33,059 [EventQueue-PipelineReportForPipelineReportHandler] INFO  pipeline.PipelineReportHandler (PipelineReportHandler.java:processPipelineReport(113)) - Reported pipeline PipelineID=cf80c735-cb93-438b-a05e-dff27b2a1031 is not found
2022-04-27 10:53:33,062 [FixedThreadPoolWithAffinityExecutor-0-0] WARN  container.ContainerReportHandler (AbstractContainerReportHandler.java:updateContainerState(255)) - Container #4 is in OPEN state, but the datanode 5305b34f-83d0-4be9-8032-f631ee150b78{ip: 10.1.0.29, host: fv-az270-423.tacnzluakwdehk1hpragurqkma.bx.internal.cloudapp.net, ports: [REPLICATION=45903, RATIS=34741, RATIS_ADMIN=34741, RATIS_SERVER=34741, STANDALONE=45233], networkLocation: /default-rack, certSerialId: null, persistedOpState: IN_SERVICE, persistedOpStateExpiryEpochSec: 0} reports an CLOSED replica.
2022-04-27 10:53:33,100 [EventQueue-PipelineReportForPipelineReportHandler] INFO  pipeline.PipelineReportHandler (PipelineReportHandler.java:processPipelineReport(113)) - Reported pipeline PipelineID=cf80c735-cb93-438b-a05e-dff27b2a1031 is not found
2022-04-27 10:53:33,267 [EventQueue-PipelineReportForPipelineReportHandler] INFO  pipeline.PipelineReportHandler (PipelineReportHandler.java:processPipelineReport(113)) - Reported pipeline PipelineID=cf80c735-cb93-438b-a05e-dff27b2a1031 is not found
2022-04-27 10:53:33,459 [EventQueue-PipelineReportForPipelineReportHandler] INFO  pipeline.PipelineReportHandler (PipelineReportHandler.java:processPipelineReport(113)) - Reported pipeline PipelineID=cf80c735-cb93-438b-a05e-dff27b2a1031 is not found
2022-04-27 10:53:33,467 [EventQueue-PipelineReportForPipelineReportHandler] INFO  pipeline.PipelineReportHandler (PipelineReportHandler.java:processPipelineReport(113)) - Reported pipeline PipelineID=cf80c735-cb93-438b-a05e-dff27b2a1031 is not found
2022-04-27 10:53:33,468 [FixedThreadPoolWithAffinityExecutor-1-0] WARN  container.ContainerReportHandler (AbstractContainerReportHandler.java:updateContainerState(255)) - Container #4 is in OPEN state, but the datanode 5305b34f-83d0-4be9-8032-f631ee150b78{ip: 10.1.0.29, host: fv-az270-423.tacnzluakwdehk1hpragurqkma.bx.internal.cloudapp.net, ports: [REPLICATION=45903, RATIS=34741, RATIS_ADMIN=34741, RATIS_SERVER=34741, STANDALONE=45233], networkLocation: /default-rack, certSerialId: null, persistedOpState: IN_SERVICE, persistedOpStateExpiryEpochSec: 0} reports an CLOSED replica.
2022-04-27 10:53:33,500 [EventQueue-PipelineReportForPipelineReportHandler] INFO  pipeline.PipelineReportHandler (PipelineReportHandler.java:processPipelineReport(113)) - Reported pipeline PipelineID=cf80c735-cb93-438b-a05e-dff27b2a1031 is not found
2022-04-27 10:53:33,616 [ContainerOp-d2638837-f985-4e21-8ffd-e78063f29d5f-5] INFO  keyvalue.KeyValueContainer (KeyValueContainer.java:flushAndSyncDB(427)) - Container 3 is synced with bcsId 9.
2022-04-27 10:53:33,616 [ContainerOp-d2638837-f985-4e21-8ffd-e78063f29d5f-5] INFO  keyvalue.KeyValueContainer (KeyValueContainer.java:flushAndSyncDB(427)) - Container 3 is synced with bcsId 9.
2022-04-27 10:53:33,621 [ContainerOp-d2638837-f985-4e21-8ffd-e78063f29d5f-5] INFO  keyvalue.KeyValueContainer (KeyValueContainer.java:close(364)) - Container 3 is closed with bcsId 9.
2022-04-27 10:53:33,622 [5e6908a8-a78b-4a66-9555-b48c04384dc8@group-E78063F29D5F-StateMachineUpdater] INFO  ratis.ContainerStateMachine (ContainerStateMachine.java:takeSnapshot(304)) - group-E78063F29D5F: Taking a snapshot at:(t:5, i:12) file /home/runner/work/ozone/ozone/hadoop-ozone/integration-test/target/test-dir/MiniOzoneClusterImpl-6fb830c9-5413-49cc-a625-6cf41c4e5c97/datanode-6/data/ratis/d2638837-f985-4e21-8ffd-e78063f29d5f/sm/snapshot.5_12
2022-04-27 10:53:33,623 [FixedThreadPoolWithAffinityExecutor-8-0] INFO  container.IncrementalContainerReportHandler (AbstractContainerReportHandler.java:updateContainerState(288)) - Moving container #3 to CLOSED state, datanode 5e6908a8-a78b-4a66-9555-b48c04384dc8{ip: 10.1.0.29, host: fv-az270-423.tacnzluakwdehk1hpragurqkma.bx.internal.cloudapp.net, ports: [REPLICATION=43783, RATIS=40571, RATIS_ADMIN=40571, RATIS_SERVER=40571, STANDALONE=44169], networkLocation: /default-rack, certSerialId: null, persistedOpState: IN_SERVICE, persistedOpStateExpiryEpochSec: 0} reported CLOSED replica.
2022-04-27 10:53:33,624 [5e6908a8-a78b-4a66-9555-b48c04384dc8@group-E78063F29D5F-StateMachineUpdater] INFO  ratis.ContainerStateMachine (ContainerStateMachine.java:takeSnapshot(315)) - group-E78063F29D5F: Finished taking a snapshot at:(t:5, i:12) file:/home/runner/work/ozone/ozone/hadoop-ozone/integration-test/target/test-dir/MiniOzoneClusterImpl-6fb830c9-5413-49cc-a625-6cf41c4e5c97/datanode-6/data/ratis/d2638837-f985-4e21-8ffd-e78063f29d5f/sm/snapshot.5_12 took: 2 ms
2022-04-27 10:53:33,624 [5e6908a8-a78b-4a66-9555-b48c04384dc8@group-E78063F29D5F-StateMachineUpdater] INFO  impl.StateMachineUpdater (StateMachineUpdater.java:takeSnapshot(281)) - 5e6908a8-a78b-4a66-9555-b48c04384dc8@group-E78063F29D5F-StateMachineUpdater: Took a snapshot at index 12
2022-04-27 10:53:33,624 [5e6908a8-a78b-4a66-9555-b48c04384dc8@group-E78063F29D5F-StateMachineUpdater] INFO  impl.StateMachineUpdater (StateMachineUpdater.java:lambda$new$0(89)) - 5e6908a8-a78b-4a66-9555-b48c04384dc8@group-E78063F29D5F-StateMachineUpdater: snapshotIndex: updateIncreasingly 12 -> 12
2022-04-27 10:53:33,624 [5e6908a8-a78b-4a66-9555-b48c04384dc8@group-E78063F29D5F-StateMachineUpdater] INFO  ratis.ContainerStateMachine (ContainerStateMachine.java:takeSnapshot(304)) - group-E78063F29D5F: Taking a snapshot at:(t:5, i:14) file /home/runner/work/ozone/ozone/hadoop-ozone/integration-test/target/test-dir/MiniOzoneClusterImpl-6fb830c9-5413-49cc-a625-6cf41c4e5c97/datanode-6/data/ratis/d2638837-f985-4e21-8ffd-e78063f29d5f/sm/snapshot.5_14
2022-04-27 10:53:33,625 [5e6908a8-a78b-4a66-9555-b48c04384dc8@group-E78063F29D5F-StateMachineUpdater] INFO  ratis.ContainerStateMachine (ContainerStateMachine.java:takeSnapshot(315)) - group-E78063F29D5F: Finished taking a snapshot at:(t:5, i:14) file:/home/runner/work/ozone/ozone/hadoop-ozone/integration-test/target/test-dir/MiniOzoneClusterImpl-6fb830c9-5413-49cc-a625-6cf41c4e5c97/datanode-6/data/ratis/d2638837-f985-4e21-8ffd-e78063f29d5f/sm/snapshot.5_14 took: 1 ms
2022-04-27 10:53:33,626 [5e6908a8-a78b-4a66-9555-b48c04384dc8@group-E78063F29D5F-StateMachineUpdater] INFO  impl.SimpleStateMachineStorage (SimpleStateMachineStorage.java:cleanupOldSnapshots(102)) - Deleting old snapshot at /home/runner/work/ozone/ozone/hadoop-ozone/integration-test/target/test-dir/MiniOzoneClusterImpl-6fb830c9-5413-49cc-a625-6cf41c4e5c97/datanode-6/data/ratis/d2638837-f985-4e21-8ffd-e78063f29d5f/sm/snapshot.3_5
2022-04-27 10:53:33,626 [5e6908a8-a78b-4a66-9555-b48c04384dc8@group-E78063F29D5F-StateMachineUpdater] INFO  impl.StateMachineUpdater (StateMachineUpdater.java:takeSnapshot(281)) - 5e6908a8-a78b-4a66-9555-b48c04384dc8@group-E78063F29D5F-StateMachineUpdater: Took a snapshot at index 14
2022-04-27 10:53:33,626 [5e6908a8-a78b-4a66-9555-b48c04384dc8@group-E78063F29D5F-StateMachineUpdater] INFO  impl.StateMachineUpdater (StateMachineUpdater.java:lambda$new$0(89)) - 5e6908a8-a78b-4a66-9555-b48c04384dc8@group-E78063F29D5F-StateMachineUpdater: snapshotIndex: updateIncreasingly 12 -> 14
2022-04-27 10:53:33,626 [ContainerOp-d2638837-f985-4e21-8ffd-e78063f29d5f-5] INFO  keyvalue.KeyValueContainer (KeyValueContainer.java:flushAndSyncDB(427)) - Container 3 is synced with bcsId 9.
2022-04-27 10:53:33,627 [ContainerOp-d2638837-f985-4e21-8ffd-e78063f29d5f-5] INFO  keyvalue.KeyValueContainer (KeyValueContainer.java:flushAndSyncDB(427)) - Container 3 is synced with bcsId 9.
2022-04-27 10:53:33,629 [ContainerOp-d2638837-f985-4e21-8ffd-e78063f29d5f-5] INFO  keyvalue.KeyValueContainer (KeyValueContainer.java:close(364)) - Container 3 is closed with bcsId 9.
2022-04-27 10:53:33,630 [7171416e-d570-4db8-8282-6e036003ab52@group-E78063F29D5F-StateMachineUpdater] INFO  ratis.ContainerStateMachine (ContainerStateMachine.java:takeSnapshot(304)) - group-E78063F29D5F: Taking a snapshot at:(t:5, i:13) file /home/runner/work/ozone/ozone/hadoop-ozone/integration-test/target/test-dir/MiniOzoneClusterImpl-6fb830c9-5413-49cc-a625-6cf41c4e5c97/datanode-7/data/ratis/d2638837-f985-4e21-8ffd-e78063f29d5f/sm/snapshot.5_13
2022-04-27 10:53:33,631 [7171416e-d570-4db8-8282-6e036003ab52@group-E78063F29D5F-StateMachineUpdater] INFO  ratis.ContainerStateMachine (ContainerStateMachine.java:takeSnapshot(315)) - group-E78063F29D5F: Finished taking a snapshot at:(t:5, i:13) file:/home/runner/work/ozone/ozone/hadoop-ozone/integration-test/target/test-dir/MiniOzoneClusterImpl-6fb830c9-5413-49cc-a625-6cf41c4e5c97/datanode-7/data/ratis/d2638837-f985-4e21-8ffd-e78063f29d5f/sm/snapshot.5_13 took: 1 ms
2022-04-27 10:53:33,631 [7171416e-d570-4db8-8282-6e036003ab52@group-E78063F29D5F-StateMachineUpdater] INFO  impl.SimpleStateMachineStorage (SimpleStateMachineStorage.java:cleanupOldSnapshots(102)) - Deleting old snapshot at /home/runner/work/ozone/ozone/hadoop-ozone/integration-test/target/test-dir/MiniOzoneClusterImpl-6fb830c9-5413-49cc-a625-6cf41c4e5c97/datanode-7/data/ratis/d2638837-f985-4e21-8ffd-e78063f29d5f/sm/snapshot.3_8
2022-04-27 10:53:33,633 [7171416e-d570-4db8-8282-6e036003ab52@group-E78063F29D5F-StateMachineUpdater] INFO  impl.StateMachineUpdater (StateMachineUpdater.java:takeSnapshot(281)) - 7171416e-d570-4db8-8282-6e036003ab52@group-E78063F29D5F-StateMachineUpdater: Took a snapshot at index 13
2022-04-27 10:53:33,633 [7171416e-d570-4db8-8282-6e036003ab52@group-E78063F29D5F-StateMachineUpdater] INFO  impl.StateMachineUpdater (StateMachineUpdater.java:lambda$new$0(89)) - 7171416e-d570-4db8-8282-6e036003ab52@group-E78063F29D5F-StateMachineUpdater: snapshotIndex: updateIncreasingly 12 -> 13
2022-04-27 10:53:33,659 [EventQueue-PipelineReportForPipelineReportHandler] INFO  pipeline.PipelineReportHandler (PipelineReportHandler.java:processPipelineReport(113)) - Reported pipeline PipelineID=cf80c735-cb93-438b-a05e-dff27b2a1031 is not found
2022-04-27 10:53:33,666 [FixedThreadPoolWithAffinityExecutor-8-0] WARN  container.ContainerReportHandler (AbstractContainerReportHandler.java:updateContainerState(255)) - Container #4 is in OPEN state, but the datanode 5305b34f-83d0-4be9-8032-f631ee150b78{ip: 10.1.0.29, host: fv-az270-423.tacnzluakwdehk1hpragurqkma.bx.internal.cloudapp.net, ports: [REPLICATION=45903, RATIS=34741, RATIS_ADMIN=34741, RATIS_SERVER=34741, STANDALONE=45233], networkLocation: /default-rack, certSerialId: null, persistedOpState: IN_SERVICE, persistedOpStateExpiryEpochSec: 0} reports an CLOSED replica.
2022-04-27 10:53:33,866 [FixedThreadPoolWithAffinityExecutor-0-0] WARN  container.ContainerReportHandler (AbstractContainerReportHandler.java:updateContainerState(255)) - Container #4 is in OPEN state, but the datanode 5305b34f-83d0-4be9-8032-f631ee150b78{ip: 10.1.0.29, host: fv-az270-423.tacnzluakwdehk1hpragurqkma.bx.internal.cloudapp.net, ports: [REPLICATION=45903, RATIS=34741, RATIS_ADMIN=34741, RATIS_SERVER=34741, STANDALONE=45233], networkLocation: /default-rack, certSerialId: null, persistedOpState: IN_SERVICE, persistedOpStateExpiryEpochSec: 0} reports an CLOSED replica.
2022-04-27 10:53:33,867 [EventQueue-PipelineReportForPipelineReportHandler] INFO  pipeline.PipelineReportHandler (PipelineReportHandler.java:processPipelineReport(113)) - Reported pipeline PipelineID=cf80c735-cb93-438b-a05e-dff27b2a1031 is not found
2022-04-27 10:53:33,899 [EventQueue-PipelineReportForPipelineReportHandler] INFO  pipeline.PipelineReportHandler (PipelineReportHandler.java:processPipelineReport(113)) - Reported pipeline PipelineID=cf80c735-cb93-438b-a05e-dff27b2a1031 is not found
2022-04-27 10:53:34,059 [EventQueue-PipelineReportForPipelineReportHandler] INFO  pipeline.PipelineReportHandler (PipelineReportHandler.java:processPipelineReport(113)) - Reported pipeline PipelineID=cf80c735-cb93-438b-a05e-dff27b2a1031 is not found
2022-04-27 10:53:34,066 [FixedThreadPoolWithAffinityExecutor-1-0] WARN  container.ContainerReportHandler (AbstractContainerReportHandler.java:updateContainerState(255)) - Container #4 is in OPEN state, but the datanode 5305b34f-83d0-4be9-8032-f631ee150b78{ip: 10.1.0.29, host: fv-az270-423.tacnzluakwdehk1hpragurqkma.bx.internal.cloudapp.net, ports: [REPLICATION=45903, RATIS=34741, RATIS_ADMIN=34741, RATIS_SERVER=34741, STANDALONE=45233], networkLocation: /default-rack, certSerialId: null, persistedOpState: IN_SERVICE, persistedOpStateExpiryEpochSec: 0} reports an CLOSED replica.
2022-04-27 10:53:34,067 [EventQueue-PipelineReportForPipelineReportHandler] INFO  pipeline.PipelineReportHandler (PipelineReportHandler.java:processPipelineReport(113)) - Reported pipeline PipelineID=cf80c735-cb93-438b-a05e-dff27b2a1031 is not found
2022-04-27 10:53:34,095 [java.util.concurrent.ThreadPoolExecutor$Worker@6a8b394[State = -1, empty queue]] WARN  server.GrpcLogAppender (GrpcLogAppender.java:timeoutAppendRequest(246)) - 5e6908a8-a78b-4a66-9555-b48c04384dc8@group-EEF7E24D5DDB->fc150688-1f76-4ec0-a672-aaf91f0753c3-GrpcLogAppender: HEARTBEAT appendEntries Timeout, request=AppendEntriesRequest:cid=13274620,entriesCount=0,lastEntry=null
2022-04-27 10:53:34,258 [EventQueue-PipelineReportForPipelineReportHandler] INFO  pipeline.PipelineReportHandler (PipelineReportHandler.java:processPipelineReport(113)) - Reported pipeline PipelineID=cf80c735-cb93-438b-a05e-dff27b2a1031 is not found
2022-04-27 10:53:34,299 [EventQueue-PipelineReportForPipelineReportHandler] INFO  pipeline.PipelineReportHandler (PipelineReportHandler.java:processPipelineReport(113)) - Reported pipeline PipelineID=cf80c735-cb93-438b-a05e-dff27b2a1031 is not found
2022-04-27 10:53:34,458 [EventQueue-PipelineReportForPipelineReportHandler] INFO  pipeline.PipelineReportHandler (PipelineReportHandler.java:processPipelineReport(113)) - Reported pipeline PipelineID=cf80c735-cb93-438b-a05e-dff27b2a1031 is not found
2022-04-27 10:53:34,466 [EventQueue-PipelineReportForPipelineReportHandler] INFO  pipeline.PipelineReportHandler (PipelineReportHandler.java:processPipelineReport(113)) - Reported pipeline PipelineID=cf80c735-cb93-438b-a05e-dff27b2a1031 is not found
2022-04-27 10:53:34,467 [FixedThreadPoolWithAffinityExecutor-0-0] WARN  container.ContainerReportHandler (AbstractContainerReportHandler.java:updateContainerState(255)) - Container #4 is in OPEN state, but the datanode 5305b34f-83d0-4be9-8032-f631ee150b78{ip: 10.1.0.29, host: fv-az270-423.tacnzluakwdehk1hpragurqkma.bx.internal.cloudapp.net, ports: [REPLICATION=45903, RATIS=34741, RATIS_ADMIN=34741, RATIS_SERVER=34741, STANDALONE=45233], networkLocation: /default-rack, certSerialId: null, persistedOpState: IN_SERVICE, persistedOpStateExpiryEpochSec: 0} reports an CLOSED replica.
2022-04-27 10:53:34,499 [EventQueue-PipelineReportForPipelineReportHandler] INFO  pipeline.PipelineReportHandler (PipelineReportHandler.java:processPipelineReport(113)) - Reported pipeline PipelineID=cf80c735-cb93-438b-a05e-dff27b2a1031 is not found
2022-04-27 10:53:34,586 [java.util.concurrent.ThreadPoolExecutor$Worker@6a8b394[State = -1, empty queue]] WARN  server.GrpcLogAppender (GrpcLogAppender.java:timeoutAppendRequest(246)) - 5305b34f-83d0-4be9-8032-f631ee150b78@group-75AB1B4BA813->b4543bad-81d3-4f1d-9fc6-5e97dcd2d8eb-GrpcLogAppender: HEARTBEAT appendEntries Timeout, request=AppendEntriesRequest:cid=12017465,entriesCount=0,lastEntry=null
2022-04-27 10:53:34,658 [EventQueue-PipelineReportForPipelineReportHandler] INFO  pipeline.PipelineReportHandler (PipelineReportHandler.java:processPipelineReport(113)) - Reported pipeline PipelineID=cf80c735-cb93-438b-a05e-dff27b2a1031 is not found
2022-04-27 10:53:34,670 [EventQueue-PipelineReportForPipelineReportHandler] INFO  pipeline.PipelineReportHandler (PipelineReportHandler.java:processPipelineReport(113)) - Reported pipeline PipelineID=cf80c735-cb93-438b-a05e-dff27b2a1031 is not found
2022-04-27 10:53:34,867 [FixedThreadPoolWithAffinityExecutor-8-0] WARN  container.ContainerReportHandler (AbstractContainerReportHandler.java:updateContainerState(255)) - Container #4 is in OPEN state, but the datanode 5305b34f-83d0-4be9-8032-f631ee150b78{ip: 10.1.0.29, host: fv-az270-423.tacnzluakwdehk1hpragurqkma.bx.internal.cloudapp.net, ports: [REPLICATION=45903, RATIS=34741, RATIS_ADMIN=34741, RATIS_SERVER=34741, STANDALONE=45233], networkLocation: /default-rack, certSerialId: null, persistedOpState: IN_SERVICE, persistedOpStateExpiryEpochSec: 0} reports an CLOSED replica.
2022-04-27 10:53:34,900 [EventQueue-PipelineReportForPipelineReportHandler] INFO  pipeline.PipelineReportHandler (PipelineReportHandler.java:processPipelineReport(113)) - Reported pipeline PipelineID=cf80c735-cb93-438b-a05e-dff27b2a1031 is not found
2022-04-27 10:53:35,058 [EventQueue-PipelineReportForPipelineReportHandler] INFO  pipeline.PipelineReportHandler (PipelineReportHandler.java:processPipelineReport(113)) - Reported pipeline PipelineID=cf80c735-cb93-438b-a05e-dff27b2a1031 is not found
2022-04-27 10:53:35,067 [FixedThreadPoolWithAffinityExecutor-0-0] WARN  container.ContainerReportHandler (AbstractContainerReportHandler.java:updateContainerState(255)) - Container #4 is in OPEN state, but the datanode 5305b34f-83d0-4be9-8032-f631ee150b78{ip: 10.1.0.29, host: fv-az270-423.tacnzluakwdehk1hpragurqkma.bx.internal.cloudapp.net, ports: [REPLICATION=45903, RATIS=34741, RATIS_ADMIN=34741, RATIS_SERVER=34741, STANDALONE=45233], networkLocation: /default-rack, certSerialId: null, persistedOpState: IN_SERVICE, persistedOpStateExpiryEpochSec: 0} reports an CLOSED replica.
2022-04-27 10:53:35,070 [EventQueue-PipelineReportForPipelineReportHandler] INFO  pipeline.PipelineReportHandler (PipelineReportHandler.java:processPipelineReport(113)) - Reported pipeline PipelineID=cf80c735-cb93-438b-a05e-dff27b2a1031 is not found
2022-04-27 10:53:35,104 [EventQueue-PipelineReportForPipelineReportHandler] INFO  pipeline.PipelineReportHandler (PipelineReportHandler.java:processPipelineReport(113)) - Reported pipeline PipelineID=cf80c735-cb93-438b-a05e-dff27b2a1031 is not found
2022-04-27 10:53:35,247 [java.util.concurrent.ThreadPoolExecutor$Worker@6a8b394[State = -1, empty queue]] WARN  server.GrpcLogAppender (GrpcLogAppender.java:timeoutAppendRequest(246)) - 5e6908a8-a78b-4a66-9555-b48c04384dc8@group-E78063F29D5F->fc150688-1f76-4ec0-a672-aaf91f0753c3-GrpcLogAppender: HEARTBEAT appendEntries Timeout, request=AppendEntriesRequest:cid=13,entriesCount=0,lastEntry=null
2022-04-27 10:53:35,304 [EventQueue-PipelineReportForPipelineReportHandler] INFO  pipeline.PipelineReportHandler (PipelineReportHandler.java:processPipelineReport(113)) - Reported pipeline PipelineID=cf80c735-cb93-438b-a05e-dff27b2a1031 is not found
2022-04-27 10:53:35,459 [EventQueue-PipelineReportForPipelineReportHandler] INFO  pipeline.PipelineReportHandler (PipelineReportHandler.java:processPipelineReport(113)) - Reported pipeline PipelineID=cf80c735-cb93-438b-a05e-dff27b2a1031 is not found
2022-04-27 10:53:35,466 [FixedThreadPoolWithAffinityExecutor-1-0] WARN  container.ContainerReportHandler (AbstractContainerReportHandler.java:updateContainerState(255)) - Container #4 is in OPEN state, but the datanode 5305b34f-83d0-4be9-8032-f631ee150b78{ip: 10.1.0.29, host: fv-az270-423.tacnzluakwdehk1hpragurqkma.bx.internal.cloudapp.net, ports: [REPLICATION=45903, RATIS=34741, RATIS_ADMIN=34741, RATIS_SERVER=34741, STANDALONE=45233], networkLocation: /default-rack, certSerialId: null, persistedOpState: IN_SERVICE, persistedOpStateExpiryEpochSec: 0} reports an CLOSED replica.
2022-04-27 10:53:35,470 [EventQueue-PipelineReportForPipelineReportHandler] INFO  pipeline.PipelineReportHandler (PipelineReportHandler.java:processPipelineReport(113)) - Reported pipeline PipelineID=cf80c735-cb93-438b-a05e-dff27b2a1031 is not found
2022-04-27 10:53:35,659 [EventQueue-PipelineReportForPipelineReportHandler] INFO  pipeline.PipelineReportHandler (PipelineReportHandler.java:processPipelineReport(113)) - Reported pipeline PipelineID=cf80c735-cb93-438b-a05e-dff27b2a1031 is not found
2022-04-27 10:53:35,670 [FixedThreadPoolWithAffinityExecutor-8-0] WARN  container.ContainerReportHandler (AbstractContainerReportHandler.java:updateContainerState(255)) - Container #4 is in OPEN state, but the datanode 5305b34f-83d0-4be9-8032-f631ee150b78{ip: 10.1.0.29, host: fv-az270-423.tacnzluakwdehk1hpragurqkma.bx.internal.cloudapp.net, ports: [REPLICATION=45903, RATIS=34741, RATIS_ADMIN=34741, RATIS_SERVER=34741, STANDALONE=45233], networkLocation: /default-rack, certSerialId: null, persistedOpState: IN_SERVICE, persistedOpStateExpiryEpochSec: 0} reports an CLOSED replica.
2022-04-27 10:53:35,704 [EventQueue-PipelineReportForPipelineReportHandler] INFO  pipeline.PipelineReportHandler (PipelineReportHandler.java:processPipelineReport(113)) - Reported pipeline PipelineID=cf80c735-cb93-438b-a05e-dff27b2a1031 is not found
2022-04-27 10:53:35,859 [EventQueue-PipelineReportForPipelineReportHandler] INFO  pipeline.PipelineReportHandler (PipelineReportHandler.java:processPipelineReport(113)) - Reported pipeline PipelineID=cf80c735-cb93-438b-a05e-dff27b2a1031 is not found
2022-04-27 10:53:35,870 [EventQueue-PipelineReportForPipelineReportHandler] INFO  pipeline.PipelineReportHandler (PipelineReportHandler.java:processPipelineReport(113)) - Reported pipeline PipelineID=cf80c735-cb93-438b-a05e-dff27b2a1031 is not found
2022-04-27 10:53:35,870 [FixedThreadPoolWithAffinityExecutor-0-0] WARN  container.ContainerReportHandler (AbstractContainerReportHandler.java:updateContainerState(255)) - Container #4 is in OPEN state, but the datanode 5305b34f-83d0-4be9-8032-f631ee150b78{ip: 10.1.0.29, host: fv-az270-423.tacnzluakwdehk1hpragurqkma.bx.internal.cloudapp.net, ports: [REPLICATION=45903, RATIS=34741, RATIS_ADMIN=34741, RATIS_SERVER=34741, STANDALONE=45233], networkLocation: /default-rack, certSerialId: null, persistedOpState: IN_SERVICE, persistedOpStateExpiryEpochSec: 0} reports an CLOSED replica.
2022-04-27 10:53:35,904 [EventQueue-PipelineReportForPipelineReportHandler] INFO  pipeline.PipelineReportHandler (PipelineReportHandler.java:processPipelineReport(113)) - Reported pipeline PipelineID=cf80c735-cb93-438b-a05e-dff27b2a1031 is not found
2022-04-27 10:53:35,976 [Listener at 127.0.0.1/43313] WARN  storage.CommitWatcher (CommitWatcher.java:getIOExceptionForWatchForCommit(218)) - watchForCommit failed for index 6
java.util.concurrent.ExecutionException: org.apache.ratis.protocol.exceptions.RaftRetryFailureException: Failed RaftClientRequest:client-C794EDEBFC9B->0a06a8c4-9179-4a2e-838b-55c09a430176@group-A1352ADA7BC1, cid=163, seq=0, Watch-MAJORITY_COMMITTED(6), null for 2 attempts with RequestTypeDependentRetryPolicy{WRITE->org.apache.ratis.retry.ExceptionDependentRetry@4faa6d1c, WATCH->org.apache.ratis.retry.ExceptionDependentRetry@416d8a99}
	at java.util.concurrent.CompletableFuture.reportGet(CompletableFuture.java:357)
	at java.util.concurrent.CompletableFuture.get(CompletableFuture.java:1908)
	at org.apache.hadoop.hdds.scm.XceiverClientRatis.watchForCommit(XceiverClientRatis.java:272)
	at org.apache.hadoop.hdds.scm.storage.CommitWatcher.watchForCommit(CommitWatcher.java:199)
	at org.apache.hadoop.hdds.scm.storage.CommitWatcher.watchOnLastIndex(CommitWatcher.java:166)
	at org.apache.hadoop.hdds.scm.storage.RatisBlockOutputStream.sendWatchForCommit(RatisBlockOutputStream.java:101)
	at org.apache.hadoop.hdds.scm.storage.BlockOutputStream.watchForCommit(BlockOutputStream.java:392)
	at org.apache.hadoop.hdds.scm.storage.BlockOutputStream.handleFlush(BlockOutputStream.java:552)
	at org.apache.hadoop.hdds.scm.storage.BlockOutputStream.flush(BlockOutputStream.java:498)
	at org.apache.hadoop.ozone.client.io.BlockOutputStreamEntry.flush(BlockOutputStreamEntry.java:130)
	at org.apache.hadoop.ozone.client.io.KeyOutputStream.handleStreamAction(KeyOutputStream.java:502)
	at org.apache.hadoop.ozone.client.io.KeyOutputStream.handleFlushOrClose(KeyOutputStream.java:468)
	at org.apache.hadoop.ozone.client.io.KeyOutputStream.flush(KeyOutputStream.java:441)
	at org.apache.hadoop.ozone.client.io.OzoneOutputStream.flush(OzoneOutputStream.java:55)
	at org.apache.hadoop.ozone.client.rpc.TestContainerStateMachineFailures.testContainerStateMachineDualFailureRetry(TestContainerStateMachineFailures.java:736)
	at sun.reflect.NativeMethodAccessorImpl.invoke0(Native Method)
	at sun.reflect.NativeMethodAccessorImpl.invoke(NativeMethodAccessorImpl.java:62)
	at sun.reflect.DelegatingMethodAccessorImpl.invoke(DelegatingMethodAccessorImpl.java:43)
	at java.lang.reflect.Method.invoke(Method.java:498)
	at org.junit.platform.commons.util.ReflectionUtils.invokeMethod(ReflectionUtils.java:688)
	at org.junit.jupiter.engine.execution.MethodInvocation.proceed(MethodInvocation.java:60)
	at org.junit.jupiter.engine.execution.InvocationInterceptorChain$ValidatingInvocation.proceed(InvocationInterceptorChain.java:131)
	at org.junit.jupiter.engine.extension.TimeoutExtension.intercept(TimeoutExtension.java:149)
	at org.junit.jupiter.engine.extension.TimeoutExtension.interceptTestableMethod(TimeoutExtension.java:140)
	at org.junit.jupiter.engine.extension.TimeoutExtension.interceptTestMethod(TimeoutExtension.java:84)
	at org.junit.jupiter.engine.execution.ExecutableInvoker$ReflectiveInterceptorCall.lambda$ofVoidMethod$0(ExecutableInvoker.java:115)
	at org.junit.jupiter.engine.execution.ExecutableInvoker.lambda$invoke$0(ExecutableInvoker.java:105)
	at org.junit.jupiter.engine.execution.InvocationInterceptorChain$InterceptedInvocation.proceed(InvocationInterceptorChain.java:106)
	at org.junit.jupiter.engine.execution.InvocationInterceptorChain.proceed(InvocationInterceptorChain.java:64)
	at org.junit.jupiter.engine.execution.InvocationInterceptorChain.chainAndInvoke(InvocationInterceptorChain.java:45)
	at org.junit.jupiter.engine.execution.InvocationInterceptorChain.invoke(InvocationInterceptorChain.java:37)
	at org.junit.jupiter.engine.execution.ExecutableInvoker.invoke(ExecutableInvoker.java:104)
	at org.junit.jupiter.engine.execution.ExecutableInvoker.invoke(ExecutableInvoker.java:98)
	at org.junit.jupiter.engine.descriptor.TestMethodTestDescriptor.lambda$invokeTestMethod$6(TestMethodTestDescriptor.java:210)
	at org.junit.platform.engine.support.hierarchical.ThrowableCollector.execute(ThrowableCollector.java:73)
	at org.junit.jupiter.engine.descriptor.TestMethodTestDescriptor.invokeTestMethod(TestMethodTestDescriptor.java:206)
	at org.junit.jupiter.engine.descriptor.TestMethodTestDescriptor.execute(TestMethodTestDescriptor.java:131)
	at org.junit.jupiter.engine.descriptor.TestMethodTestDescriptor.execute(TestMethodTestDescriptor.java:65)
	at org.junit.platform.engine.support.hierarchical.NodeTestTask.lambda$executeRecursively$5(NodeTestTask.java:139)
	at org.junit.platform.engine.support.hierarchical.ThrowableCollector.execute(ThrowableCollector.java:73)
	at org.junit.platform.engine.support.hierarchical.NodeTestTask.lambda$executeRecursively$7(NodeTestTask.java:129)
	at org.junit.platform.engine.support.hierarchical.Node.around(Node.java:137)
	at org.junit.platform.engine.support.hierarchical.NodeTestTask.lambda$executeRecursively$8(NodeTestTask.java:127)
	at org.junit.platform.engine.support.hierarchical.ThrowableCollector.execute(ThrowableCollector.java:73)
	at org.junit.platform.engine.support.hierarchical.NodeTestTask.executeRecursively(NodeTestTask.java:126)
	at org.junit.platform.engine.support.hierarchical.NodeTestTask.execute(NodeTestTask.java:84)
	at java.util.ArrayList.forEach(ArrayList.java:1259)
	at org.junit.platform.engine.support.hierarchical.SameThreadHierarchicalTestExecutorService.invokeAll(SameThreadHierarchicalTestExecutorService.java:38)
	at org.junit.platform.engine.support.hierarchical.NodeTestTask.lambda$executeRecursively$5(NodeTestTask.java:143)
	at org.junit.platform.engine.support.hierarchical.ThrowableCollector.execute(ThrowableCollector.java:73)
	at org.junit.platform.engine.support.hierarchical.NodeTestTask.lambda$executeRecursively$7(NodeTestTask.java:129)
	at org.junit.platform.engine.support.hierarchical.Node.around(Node.java:137)
	at org.junit.platform.engine.support.hierarchical.NodeTestTask.lambda$executeRecursively$8(NodeTestTask.java:127)
	at org.junit.platform.engine.support.hierarchical.ThrowableCollector.execute(ThrowableCollector.java:73)
	at org.junit.platform.engine.support.hierarchical.NodeTestTask.executeRecursively(NodeTestTask.java:126)
	at org.junit.platform.engine.support.hierarchical.NodeTestTask.execute(NodeTestTask.java:84)
	at java.util.ArrayList.forEach(ArrayList.java:1259)
	at org.junit.platform.engine.support.hierarchical.SameThreadHierarchicalTestExecutorService.invokeAll(SameThreadHierarchicalTestExecutorService.java:38)
	at org.junit.platform.engine.support.hierarchical.NodeTestTask.lambda$executeRecursively$5(NodeTestTask.java:143)
	at org.junit.platform.engine.support.hierarchical.ThrowableCollector.execute(ThrowableCollector.java:73)
	at org.junit.platform.engine.support.hierarchical.NodeTestTask.lambda$executeRecursively$7(NodeTestTask.java:129)
	at org.junit.platform.engine.support.hierarchical.Node.around(Node.java:137)
	at org.junit.platform.engine.support.hierarchical.NodeTestTask.lambda$executeRecursively$8(NodeTestTask.java:127)
	at org.junit.platform.engine.support.hierarchical.ThrowableCollector.execute(ThrowableCollector.java:73)
	at org.junit.platform.engine.support.hierarchical.NodeTestTask.executeRecursively(NodeTestTask.java:126)
	at org.junit.platform.engine.support.hierarchical.NodeTestTask.execute(NodeTestTask.java:84)
	at org.junit.platform.engine.support.hierarchical.SameThreadHierarchicalTestExecutorService.submit(SameThreadHierarchicalTestExecutorService.java:32)
	at org.junit.platform.engine.support.hierarchical.HierarchicalTestExecutor.execute(HierarchicalTestExecutor.java:57)
	at org.junit.platform.engine.support.hierarchical.HierarchicalTestEngine.execute(HierarchicalTestEngine.java:51)
	at org.junit.platform.launcher.core.EngineExecutionOrchestrator.execute(EngineExecutionOrchestrator.java:108)
	at org.junit.platform.launcher.core.EngineExecutionOrchestrator.execute(EngineExecutionOrchestrator.java:88)
	at org.junit.platform.launcher.core.EngineExecutionOrchestrator.lambda$execute$0(EngineExecutionOrchestrator.java:54)
	at org.junit.platform.launcher.core.EngineExecutionOrchestrator.withInterceptedStreams(EngineExecutionOrchestrator.java:67)
	at org.junit.platform.launcher.core.EngineExecutionOrchestrator.execute(EngineExecutionOrchestrator.java:52)
	at org.junit.platform.launcher.core.DefaultLauncher.execute(DefaultLauncher.java:96)
	at org.junit.platform.launcher.core.DefaultLauncher.execute(DefaultLauncher.java:75)
	at org.apache.maven.surefire.junitplatform.JUnitPlatformProvider.execute(JUnitPlatformProvider.java:188)
	at org.apache.maven.surefire.junitplatform.JUnitPlatformProvider.invokeAllTests(JUnitPlatformProvider.java:154)
	at org.apache.maven.surefire.junitplatform.JUnitPlatformProvider.invoke(JUnitPlatformProvider.java:124)
	at org.apache.maven.surefire.booter.ForkedBooter.runSuitesInProcess(ForkedBooter.java:428)
	at org.apache.maven.surefire.booter.ForkedBooter.execute(ForkedBooter.java:162)
	at org.apache.maven.surefire.booter.ForkedBooter.run(ForkedBooter.java:562)
	at org.apache.maven.surefire.booter.ForkedBooter.main(ForkedBooter.java:548)
Caused by: org.apache.ratis.protocol.exceptions.RaftRetryFailureException: Failed RaftClientRequest:client-C794EDEBFC9B->0a06a8c4-9179-4a2e-838b-55c09a430176@group-A1352ADA7BC1, cid=163, seq=0, Watch-MAJORITY_COMMITTED(6), null for 2 attempts with RequestTypeDependentRetryPolicy{WRITE->org.apache.ratis.retry.ExceptionDependentRetry@4faa6d1c, WATCH->org.apache.ratis.retry.ExceptionDependentRetry@416d8a99}
	at org.apache.ratis.client.impl.RaftClientImpl.noMoreRetries(RaftClientImpl.java:272)
	at org.apache.ratis.client.impl.UnorderedAsync.lambda$sendRequestWithRetry$4(UnorderedAsync.java:95)
	at java.util.concurrent.CompletableFuture.uniWhenComplete(CompletableFuture.java:774)
	at java.util.concurrent.CompletableFuture$UniWhenComplete.tryFire(CompletableFuture.java:750)
	at java.util.concurrent.CompletableFuture$Completion.run(CompletableFuture.java:456)
	at java.lang.Thread.run(Thread.java:750)
Caused by: org.apache.ratis.protocol.exceptions.GroupMismatchException: 0a06a8c4-9179-4a2e-838b-55c09a430176: group-A1352ADA7BC1 not found.
	at org.apache.ratis.server.impl.RaftServerProxy$ImplMap.get(RaftServerProxy.java:147)
	at org.apache.ratis.server.impl.RaftServerProxy.getImplFuture(RaftServerProxy.java:339)
	at org.apache.ratis.server.impl.RaftServerProxy.submitRequest(RaftServerProxy.java:411)
	at org.apache.ratis.server.impl.RaftServerProxy.submitClientRequestAsync(RaftServerProxy.java:417)
	at org.apache.ratis.grpc.client.GrpcClientProtocolService$RequestStreamObserver.processClientRequest(GrpcClientProtocolService.java:222)
	at org.apache.ratis.grpc.client.GrpcClientProtocolService$UnorderedRequestStreamObserver.processClientRequest(GrpcClientProtocolService.java:278)
	at org.apache.ratis.grpc.client.GrpcClientProtocolService$RequestStreamObserver.onNext(GrpcClientProtocolService.java:242)
	at org.apache.ratis.grpc.client.GrpcClientProtocolService$RequestStreamObserver.onNext(GrpcClientProtocolService.java:165)
	at org.apache.ratis.thirdparty.io.grpc.stub.ServerCalls$StreamingServerCallHandler$StreamingServerCallListener.onMessage(ServerCalls.java:255)
	at org.apache.ratis.thirdparty.io.grpc.ForwardingServerCallListener.onMessage(ForwardingServerCallListener.java:33)
	at org.apache.ratis.thirdparty.io.grpc.internal.ServerCallImpl$ServerStreamListenerImpl.messagesAvailableInternal(ServerCallImpl.java:309)
	at org.apache.ratis.thirdparty.io.grpc.internal.ServerCallImpl$ServerStreamListenerImpl.messagesAvailable(ServerCallImpl.java:292)
	at org.apache.ratis.thirdparty.io.grpc.internal.ServerImpl$JumpToApplicationThreadServerStreamListener$1MessagesAvailable.runInContext(ServerImpl.java:782)
	at org.apache.ratis.thirdparty.io.grpc.internal.ContextRunnable.run(ContextRunnable.java:37)
	at org.apache.ratis.thirdparty.io.grpc.internal.SerializingExecutor.run(SerializingExecutor.java:123)
	at java.util.concurrent.ThreadPoolExecutor.runWorker(ThreadPoolExecutor.java:1149)
	at java.util.concurrent.ThreadPoolExecutor$Worker.run(ThreadPoolExecutor.java:624)
	... 1 more
2022-04-27 10:53:35,979 [Listener at 127.0.0.1/43313] ERROR storage.BlockOutputStream (BlockOutputStream.java:flush(508)) - Failed to flush. error: Unexpected Storage Container Exception: java.io.IOException: Unexpected Storage Container Exception: java.util.concurrent.ExecutionException: org.apache.ratis.protocol.exceptions.RaftRetryFailureException: Failed RaftClientRequest:client-C794EDEBFC9B->0a06a8c4-9179-4a2e-838b-55c09a430176@group-A1352ADA7BC1, cid=163, seq=0, Watch-MAJORITY_COMMITTED(6), null for 2 attempts with RequestTypeDependentRetryPolicy{WRITE->org.apache.ratis.retry.ExceptionDependentRetry@4faa6d1c, WATCH->org.apache.ratis.retry.ExceptionDependentRetry@416d8a99}
java.io.IOException: Unexpected Storage Container Exception: java.io.IOException: Unexpected Storage Container Exception: java.util.concurrent.ExecutionException: org.apache.ratis.protocol.exceptions.RaftRetryFailureException: Failed RaftClientRequest:client-C794EDEBFC9B->0a06a8c4-9179-4a2e-838b-55c09a430176@group-A1352ADA7BC1, cid=163, seq=0, Watch-MAJORITY_COMMITTED(6), null for 2 attempts with RequestTypeDependentRetryPolicy{WRITE->org.apache.ratis.retry.ExceptionDependentRetry@4faa6d1c, WATCH->org.apache.ratis.retry.ExceptionDependentRetry@416d8a99}
	at org.apache.hadoop.hdds.scm.storage.BlockOutputStream.setIoException(BlockOutputStream.java:612)
	at org.apache.hadoop.hdds.scm.storage.BlockOutputStream.watchForCommit(BlockOutputStream.java:404)
	at org.apache.hadoop.hdds.scm.storage.BlockOutputStream.handleFlush(BlockOutputStream.java:552)
	at org.apache.hadoop.hdds.scm.storage.BlockOutputStream.flush(BlockOutputStream.java:498)
	at org.apache.hadoop.ozone.client.io.BlockOutputStreamEntry.flush(BlockOutputStreamEntry.java:130)
	at org.apache.hadoop.ozone.client.io.KeyOutputStream.handleStreamAction(KeyOutputStream.java:502)
	at org.apache.hadoop.ozone.client.io.KeyOutputStream.handleFlushOrClose(KeyOutputStream.java:468)
	at org.apache.hadoop.ozone.client.io.KeyOutputStream.flush(KeyOutputStream.java:441)
	at org.apache.hadoop.ozone.client.io.OzoneOutputStream.flush(OzoneOutputStream.java:55)
	at org.apache.hadoop.ozone.client.rpc.TestContainerStateMachineFailures.testContainerStateMachineDualFailureRetry(TestContainerStateMachineFailures.java:736)
	at sun.reflect.NativeMethodAccessorImpl.invoke0(Native Method)
	at sun.reflect.NativeMethodAccessorImpl.invoke(NativeMethodAccessorImpl.java:62)
	at sun.reflect.DelegatingMethodAccessorImpl.invoke(DelegatingMethodAccessorImpl.java:43)
	at java.lang.reflect.Method.invoke(Method.java:498)
	at org.junit.platform.commons.util.ReflectionUtils.invokeMethod(ReflectionUtils.java:688)
	at org.junit.jupiter.engine.execution.MethodInvocation.proceed(MethodInvocation.java:60)
	at org.junit.jupiter.engine.execution.InvocationInterceptorChain$ValidatingInvocation.proceed(InvocationInterceptorChain.java:131)
	at org.junit.jupiter.engine.extension.TimeoutExtension.intercept(TimeoutExtension.java:149)
	at org.junit.jupiter.engine.extension.TimeoutExtension.interceptTestableMethod(TimeoutExtension.java:140)
	at org.junit.jupiter.engine.extension.TimeoutExtension.interceptTestMethod(TimeoutExtension.java:84)
	at org.junit.jupiter.engine.execution.ExecutableInvoker$ReflectiveInterceptorCall.lambda$ofVoidMethod$0(ExecutableInvoker.java:115)
	at org.junit.jupiter.engine.execution.ExecutableInvoker.lambda$invoke$0(ExecutableInvoker.java:105)
	at org.junit.jupiter.engine.execution.InvocationInterceptorChain$InterceptedInvocation.proceed(InvocationInterceptorChain.java:106)
	at org.junit.jupiter.engine.execution.InvocationInterceptorChain.proceed(InvocationInterceptorChain.java:64)
	at org.junit.jupiter.engine.execution.InvocationInterceptorChain.chainAndInvoke(InvocationInterceptorChain.java:45)
	at org.junit.jupiter.engine.execution.InvocationInterceptorChain.invoke(InvocationInterceptorChain.java:37)
	at org.junit.jupiter.engine.execution.ExecutableInvoker.invoke(ExecutableInvoker.java:104)
	at org.junit.jupiter.engine.execution.ExecutableInvoker.invoke(ExecutableInvoker.java:98)
	at org.junit.jupiter.engine.descriptor.TestMethodTestDescriptor.lambda$invokeTestMethod$6(TestMethodTestDescriptor.java:210)
	at org.junit.platform.engine.support.hierarchical.ThrowableCollector.execute(ThrowableCollector.java:73)
	at org.junit.jupiter.engine.descriptor.TestMethodTestDescriptor.invokeTestMethod(TestMethodTestDescriptor.java:206)
	at org.junit.jupiter.engine.descriptor.TestMethodTestDescriptor.execute(TestMethodTestDescriptor.java:131)
	at org.junit.jupiter.engine.descriptor.TestMethodTestDescriptor.execute(TestMethodTestDescriptor.java:65)
	at org.junit.platform.engine.support.hierarchical.NodeTestTask.lambda$executeRecursively$5(NodeTestTask.java:139)
	at org.junit.platform.engine.support.hierarchical.ThrowableCollector.execute(ThrowableCollector.java:73)
	at org.junit.platform.engine.support.hierarchical.NodeTestTask.lambda$executeRecursively$7(NodeTestTask.java:129)
	at org.junit.platform.engine.support.hierarchical.Node.around(Node.java:137)
	at org.junit.platform.engine.support.hierarchical.NodeTestTask.lambda$executeRecursively$8(NodeTestTask.java:127)
	at org.junit.platform.engine.support.hierarchical.ThrowableCollector.execute(ThrowableCollector.java:73)
	at org.junit.platform.engine.support.hierarchical.NodeTestTask.executeRecursively(NodeTestTask.java:126)
	at org.junit.platform.engine.support.hierarchical.NodeTestTask.execute(NodeTestTask.java:84)
	at java.util.ArrayList.forEach(ArrayList.java:1259)
	at org.junit.platform.engine.support.hierarchical.SameThreadHierarchicalTestExecutorService.invokeAll(SameThreadHierarchicalTestExecutorService.java:38)
	at org.junit.platform.engine.support.hierarchical.NodeTestTask.lambda$executeRecursively$5(NodeTestTask.java:143)
	at org.junit.platform.engine.support.hierarchical.ThrowableCollector.execute(ThrowableCollector.java:73)
	at org.junit.platform.engine.support.hierarchical.NodeTestTask.lambda$executeRecursively$7(NodeTestTask.java:129)
	at org.junit.platform.engine.support.hierarchical.Node.around(Node.java:137)
	at org.junit.platform.engine.support.hierarchical.NodeTestTask.lambda$executeRecursively$8(NodeTestTask.java:127)
	at org.junit.platform.engine.support.hierarchical.ThrowableCollector.execute(ThrowableCollector.java:73)
	at org.junit.platform.engine.support.hierarchical.NodeTestTask.executeRecursively(NodeTestTask.java:126)
	at org.junit.platform.engine.support.hierarchical.NodeTestTask.execute(NodeTestTask.java:84)
	at java.util.ArrayList.forEach(ArrayList.java:1259)
	at org.junit.platform.engine.support.hierarchical.SameThreadHierarchicalTestExecutorService.invokeAll(SameThreadHierarchicalTestExecutorService.java:38)
	at org.junit.platform.engine.support.hierarchical.NodeTestTask.lambda$executeRecursively$5(NodeTestTask.java:143)
	at org.junit.platform.engine.support.hierarchical.ThrowableCollector.execute(ThrowableCollector.java:73)
	at org.junit.platform.engine.support.hierarchical.NodeTestTask.lambda$executeRecursively$7(NodeTestTask.java:129)
	at org.junit.platform.engine.support.hierarchical.Node.around(Node.java:137)
	at org.junit.platform.engine.support.hierarchical.NodeTestTask.lambda$executeRecursively$8(NodeTestTask.java:127)
	at org.junit.platform.engine.support.hierarchical.ThrowableCollector.execute(ThrowableCollector.java:73)
	at org.junit.platform.engine.support.hierarchical.NodeTestTask.executeRecursively(NodeTestTask.java:126)
	at org.junit.platform.engine.support.hierarchical.NodeTestTask.execute(NodeTestTask.java:84)
	at org.junit.platform.engine.support.hierarchical.SameThreadHierarchicalTestExecutorService.submit(SameThreadHierarchicalTestExecutorService.java:32)
	at org.junit.platform.engine.support.hierarchical.HierarchicalTestExecutor.execute(HierarchicalTestExecutor.java:57)
	at org.junit.platform.engine.support.hierarchical.HierarchicalTestEngine.execute(HierarchicalTestEngine.java:51)
	at org.junit.platform.launcher.core.EngineExecutionOrchestrator.execute(EngineExecutionOrchestrator.java:108)
	at org.junit.platform.launcher.core.EngineExecutionOrchestrator.execute(EngineExecutionOrchestrator.java:88)
	at org.junit.platform.launcher.core.EngineExecutionOrchestrator.lambda$execute$0(EngineExecutionOrchestrator.java:54)
	at org.junit.platform.launcher.core.EngineExecutionOrchestrator.withInterceptedStreams(EngineExecutionOrchestrator.java:67)
	at org.junit.platform.launcher.core.EngineExecutionOrchestrator.execute(EngineExecutionOrchestrator.java:52)
	at org.junit.platform.launcher.core.DefaultLauncher.execute(DefaultLauncher.java:96)
	at org.junit.platform.launcher.core.DefaultLauncher.execute(DefaultLauncher.java:75)
	at org.apache.maven.surefire.junitplatform.JUnitPlatformProvider.execute(JUnitPlatformProvider.java:188)
	at org.apache.maven.surefire.junitplatform.JUnitPlatformProvider.invokeAllTests(JUnitPlatformProvider.java:154)
	at org.apache.maven.surefire.junitplatform.JUnitPlatformProvider.invoke(JUnitPlatformProvider.java:124)
	at org.apache.maven.surefire.booter.ForkedBooter.runSuitesInProcess(ForkedBooter.java:428)
	at org.apache.maven.surefire.booter.ForkedBooter.execute(ForkedBooter.java:162)
	at org.apache.maven.surefire.booter.ForkedBooter.run(ForkedBooter.java:562)
	at org.apache.maven.surefire.booter.ForkedBooter.main(ForkedBooter.java:548)
Caused by: java.io.IOException: Unexpected Storage Container Exception: java.util.concurrent.ExecutionException: org.apache.ratis.protocol.exceptions.RaftRetryFailureException: Failed RaftClientRequest:client-C794EDEBFC9B->0a06a8c4-9179-4a2e-838b-55c09a430176@group-A1352ADA7BC1, cid=163, seq=0, Watch-MAJORITY_COMMITTED(6), null for 2 attempts with RequestTypeDependentRetryPolicy{WRITE->org.apache.ratis.retry.ExceptionDependentRetry@4faa6d1c, WATCH->org.apache.ratis.retry.ExceptionDependentRetry@416d8a99}
	at org.apache.hadoop.hdds.scm.storage.CommitWatcher.getIOExceptionForWatchForCommit(CommitWatcher.java:220)
	at org.apache.hadoop.hdds.scm.storage.CommitWatcher.watchForCommit(CommitWatcher.java:212)
	at org.apache.hadoop.hdds.scm.storage.CommitWatcher.watchOnLastIndex(CommitWatcher.java:166)
	at org.apache.hadoop.hdds.scm.storage.RatisBlockOutputStream.sendWatchForCommit(RatisBlockOutputStream.java:101)
	at org.apache.hadoop.hdds.scm.storage.BlockOutputStream.watchForCommit(BlockOutputStream.java:392)
	... 76 more
Caused by: java.util.concurrent.ExecutionException: org.apache.ratis.protocol.exceptions.RaftRetryFailureException: Failed RaftClientRequest:client-C794EDEBFC9B->0a06a8c4-9179-4a2e-838b-55c09a430176@group-A1352ADA7BC1, cid=163, seq=0, Watch-MAJORITY_COMMITTED(6), null for 2 attempts with RequestTypeDependentRetryPolicy{WRITE->org.apache.ratis.retry.ExceptionDependentRetry@4faa6d1c, WATCH->org.apache.ratis.retry.ExceptionDependentRetry@416d8a99}
	at java.util.concurrent.CompletableFuture.reportGet(CompletableFuture.java:357)
	at java.util.concurrent.CompletableFuture.get(CompletableFuture.java:1908)
	at org.apache.hadoop.hdds.scm.XceiverClientRatis.watchForCommit(XceiverClientRatis.java:272)
	at org.apache.hadoop.hdds.scm.storage.CommitWatcher.watchForCommit(CommitWatcher.java:199)
	... 79 more
Caused by: org.apache.ratis.protocol.exceptions.RaftRetryFailureException: Failed RaftClientRequest:client-C794EDEBFC9B->0a06a8c4-9179-4a2e-838b-55c09a430176@group-A1352ADA7BC1, cid=163, seq=0, Watch-MAJORITY_COMMITTED(6), null for 2 attempts with RequestTypeDependentRetryPolicy{WRITE->org.apache.ratis.retry.ExceptionDependentRetry@4faa6d1c, WATCH->org.apache.ratis.retry.ExceptionDependentRetry@416d8a99}
	at org.apache.ratis.client.impl.RaftClientImpl.noMoreRetries(RaftClientImpl.java:272)
	at org.apache.ratis.client.impl.UnorderedAsync.lambda$sendRequestWithRetry$4(UnorderedAsync.java:95)
	at java.util.concurrent.CompletableFuture.uniWhenComplete(CompletableFuture.java:774)
	at java.util.concurrent.CompletableFuture$UniWhenComplete.tryFire(CompletableFuture.java:750)
	at java.util.concurrent.CompletableFuture$Completion.run(CompletableFuture.java:456)
	at java.lang.Thread.run(Thread.java:750)
Caused by: org.apache.ratis.protocol.exceptions.GroupMismatchException: 0a06a8c4-9179-4a2e-838b-55c09a430176: group-A1352ADA7BC1 not found.
	at org.apache.ratis.server.impl.RaftServerProxy$ImplMap.get(RaftServerProxy.java:147)
	at org.apache.ratis.server.impl.RaftServerProxy.getImplFuture(RaftServerProxy.java:339)
	at org.apache.ratis.server.impl.RaftServerProxy.submitRequest(RaftServerProxy.java:411)
	at org.apache.ratis.server.impl.RaftServerProxy.submitClientRequestAsync(RaftServerProxy.java:417)
	at org.apache.ratis.grpc.client.GrpcClientProtocolService$RequestStreamObserver.processClientRequest(GrpcClientProtocolService.java:222)
	at org.apache.ratis.grpc.client.GrpcClientProtocolService$UnorderedRequestStreamObserver.processClientRequest(GrpcClientProtocolService.java:278)
	at org.apache.ratis.grpc.client.GrpcClientProtocolService$RequestStreamObserver.onNext(GrpcClientProtocolService.java:242)
	at org.apache.ratis.grpc.client.GrpcClientProtocolService$RequestStreamObserver.onNext(GrpcClientProtocolService.java:165)
	at org.apache.ratis.thirdparty.io.grpc.stub.ServerCalls$StreamingServerCallHandler$StreamingServerCallListener.onMessage(ServerCalls.java:255)
	at org.apache.ratis.thirdparty.io.grpc.ForwardingServerCallListener.onMessage(ForwardingServerCallListener.java:33)
	at org.apache.ratis.thirdparty.io.grpc.internal.ServerCallImpl$ServerStreamListenerImpl.messagesAvailableInternal(ServerCallImpl.java:309)
	at org.apache.ratis.thirdparty.io.grpc.internal.ServerCallImpl$ServerStreamListenerImpl.messagesAvailable(ServerCallImpl.java:292)
	at org.apache.ratis.thirdparty.io.grpc.internal.ServerImpl$JumpToApplicationThreadServerStreamListener$1MessagesAvailable.runInContext(ServerImpl.java:782)
	at org.apache.ratis.thirdparty.io.grpc.internal.ContextRunnable.run(ContextRunnable.java:37)
	at org.apache.ratis.thirdparty.io.grpc.internal.SerializingExecutor.run(SerializingExecutor.java:123)
	at java.util.concurrent.ThreadPoolExecutor.runWorker(ThreadPoolExecutor.java:1149)
	at java.util.concurrent.ThreadPoolExecutor$Worker.run(ThreadPoolExecutor.java:624)
	... 1 more
2022-04-27 10:53:35,987 [Listener at 127.0.0.1/43313] WARN  io.KeyOutputStream (KeyOutputStream.java:handleException(309)) - Encountered exception java.io.IOException: Unexpected Storage Container Exception: java.io.IOException: Unexpected Storage Container Exception: java.util.concurrent.ExecutionException: org.apache.ratis.protocol.exceptions.RaftRetryFailureException: Failed RaftClientRequest:client-C794EDEBFC9B->0a06a8c4-9179-4a2e-838b-55c09a430176@group-A1352ADA7BC1, cid=163, seq=0, Watch-MAJORITY_COMMITTED(6), null for 2 attempts with RequestTypeDependentRetryPolicy{WRITE->org.apache.ratis.retry.ExceptionDependentRetry@4faa6d1c, WATCH->org.apache.ratis.retry.ExceptionDependentRetry@416d8a99} on the pipeline Pipeline[ Id: bf02a7f3-0536-411e-9f4a-a1352ada7bc1, Nodes: 6f2ed759-dfb9-4419-9191-8597321ac421{ip: 10.1.0.29, host: fv-az270-423.tacnzluakwdehk1hpragurqkma.bx.internal.cloudapp.net, ports: [REPLICATION=41459, RATIS=39501, RATIS_ADMIN=39501, RATIS_SERVER=39501, STANDALONE=44875], networkLocation: /default-rack, certSerialId: null, persistedOpState: IN_SERVICE, persistedOpStateExpiryEpochSec: 0}0a06a8c4-9179-4a2e-838b-55c09a430176{ip: 10.1.0.29, host: fv-az270-423.tacnzluakwdehk1hpragurqkma.bx.internal.cloudapp.net, ports: [REPLICATION=38343, RATIS=39993, RATIS_ADMIN=39993, RATIS_SERVER=39993, STANDALONE=39275], networkLocation: /default-rack, certSerialId: null, persistedOpState: IN_SERVICE, persistedOpStateExpiryEpochSec: 0}5e3f1479-9daf-43cd-8651-224960992f9b{ip: 10.1.0.29, host: fv-az270-423.tacnzluakwdehk1hpragurqkma.bx.internal.cloudapp.net, ports: [REPLICATION=39479, RATIS=36215, RATIS_ADMIN=36215, RATIS_SERVER=36215, STANDALONE=43119], networkLocation: /default-rack, certSerialId: null, persistedOpState: IN_SERVICE, persistedOpStateExpiryEpochSec: 0}, ReplicationConfig: RATIS/THREE, State:OPEN, leaderId:0a06a8c4-9179-4a2e-838b-55c09a430176, CreationTimestamp2022-04-27T10:51:56.919Z[Etc/UTC]]. The last committed block length is 5, uncommitted data length is 10 retry count 0
2022-04-27 10:53:36,065 [ChunkWriter-3-0] INFO  keyvalue.KeyValueHandler (ContainerUtils.java:logAndReturnError(88)) - Operation: CreateContainer , Trace ID:  , Message: Container creation failed, due to disk out of space , Result: DISK_OUT_OF_SPACE , StorageContainerException Occurred.
org.apache.hadoop.hdds.scm.container.common.helpers.StorageContainerException: Container creation failed, due to disk out of space
	at org.apache.hadoop.ozone.container.keyvalue.KeyValueContainer.create(KeyValueContainer.java:180)
	at org.apache.hadoop.ozone.container.keyvalue.KeyValueHandler.handleCreateContainer(KeyValueHandler.java:289)
	at org.apache.hadoop.ozone.container.keyvalue.KeyValueHandler.dispatchRequest(KeyValueHandler.java:202)
	at org.apache.hadoop.ozone.container.keyvalue.KeyValueHandler.handle(KeyValueHandler.java:190)
	at org.apache.hadoop.ozone.container.common.impl.HddsDispatcher.createContainer(HddsDispatcher.java:429)
	at org.apache.hadoop.ozone.container.common.impl.HddsDispatcher.dispatchRequest(HddsDispatcher.java:258)
	at org.apache.hadoop.ozone.container.common.impl.HddsDispatcher.lambda$dispatch$0(HddsDispatcher.java:169)
	at org.apache.hadoop.hdds.server.OzoneProtocolMessageDispatcher.processRequest(OzoneProtocolMessageDispatcher.java:87)
	at org.apache.hadoop.ozone.container.common.impl.HddsDispatcher.dispatch(HddsDispatcher.java:168)
	at org.apache.hadoop.ozone.container.common.transport.server.ratis.ContainerStateMachine.dispatchCommand(ContainerStateMachine.java:413)
	at org.apache.hadoop.ozone.container.common.transport.server.ratis.ContainerStateMachine.runCommand(ContainerStateMachine.java:423)
	at org.apache.hadoop.ozone.container.common.transport.server.ratis.ContainerStateMachine.lambda$handleWriteChunk$1(ContainerStateMachine.java:455)
	at java.util.concurrent.CompletableFuture$AsyncSupply.run(CompletableFuture.java:1604)
	at java.util.concurrent.ThreadPoolExecutor.runWorker(ThreadPoolExecutor.java:1149)
	at java.util.concurrent.ThreadPoolExecutor$Worker.run(ThreadPoolExecutor.java:624)
	at java.lang.Thread.run(Thread.java:750)
Caused by: org.apache.hadoop.util.DiskChecker$DiskOutOfSpaceException: Out of space: The volume with the most available space (=0 B) is less than the container size (=5368709120 B).
	at org.apache.hadoop.ozone.container.common.volume.RoundRobinVolumeChoosingPolicy.chooseVolume(RoundRobinVolumeChoosingPolicy.java:77)
	at org.apache.hadoop.ozone.container.keyvalue.KeyValueContainer.create(KeyValueContainer.java:136)
	... 15 more
10:53:36.065 [ChunkWriter-3-0] ERROR DNAudit - user=null | ip=null | op=WRITE_CHUNK {blockData=conID: 11 locID: 109611004723200011 bcsId: 0} | ret=FAILURE
org.apache.hadoop.hdds.scm.container.common.helpers.StorageContainerException: ContainerID 11 creation failed
	at org.apache.hadoop.ozone.container.common.impl.HddsDispatcher.dispatchRequest(HddsDispatcher.java:262) ~[hdds-container-service-1.3.0-SNAPSHOT.jar:?]
	at org.apache.hadoop.ozone.container.common.impl.HddsDispatcher.lambda$dispatch$0(HddsDispatcher.java:169) ~[hdds-container-service-1.3.0-SNAPSHOT.jar:?]
	at org.apache.hadoop.hdds.server.OzoneProtocolMessageDispatcher.processRequest(OzoneProtocolMessageDispatcher.java:87) ~[hdds-server-framework-1.3.0-SNAPSHOT.jar:?]
	at org.apache.hadoop.ozone.container.common.impl.HddsDispatcher.dispatch(HddsDispatcher.java:168) ~[hdds-container-service-1.3.0-SNAPSHOT.jar:?]
	at org.apache.hadoop.ozone.container.common.transport.server.ratis.ContainerStateMachine.dispatchCommand(ContainerStateMachine.java:413) ~[hdds-container-service-1.3.0-SNAPSHOT.jar:?]
	at org.apache.hadoop.ozone.container.common.transport.server.ratis.ContainerStateMachine.runCommand(ContainerStateMachine.java:423) ~[hdds-container-service-1.3.0-SNAPSHOT.jar:?]
	at org.apache.hadoop.ozone.container.common.transport.server.ratis.ContainerStateMachine.lambda$handleWriteChunk$1(ContainerStateMachine.java:455) ~[hdds-container-service-1.3.0-SNAPSHOT.jar:?]
	at java.util.concurrent.CompletableFuture$AsyncSupply.run(CompletableFuture.java:1604) [?:1.8.0_322]
	at java.util.concurrent.ThreadPoolExecutor.runWorker(ThreadPoolExecutor.java:1149) [?:1.8.0_322]
	at java.util.concurrent.ThreadPoolExecutor$Worker.run(ThreadPoolExecutor.java:624) [?:1.8.0_322]
	at java.lang.Thread.run(Thread.java:750) [?:1.8.0_322]
2022-04-27 10:53:36,066 [ChunkWriter-3-0] INFO  impl.HddsDispatcher (ContainerUtils.java:logAndReturnError(88)) - Operation: WriteChunk , Trace ID:  , Message: ContainerID 11 creation failed , Result: DISK_OUT_OF_SPACE , StorageContainerException Occurred.
org.apache.hadoop.hdds.scm.container.common.helpers.StorageContainerException: ContainerID 11 creation failed
	at org.apache.hadoop.ozone.container.common.impl.HddsDispatcher.dispatchRequest(HddsDispatcher.java:262)
	at org.apache.hadoop.ozone.container.common.impl.HddsDispatcher.lambda$dispatch$0(HddsDispatcher.java:169)
	at org.apache.hadoop.hdds.server.OzoneProtocolMessageDispatcher.processRequest(OzoneProtocolMessageDispatcher.java:87)
	at org.apache.hadoop.ozone.container.common.impl.HddsDispatcher.dispatch(HddsDispatcher.java:168)
	at org.apache.hadoop.ozone.container.common.transport.server.ratis.ContainerStateMachine.dispatchCommand(ContainerStateMachine.java:413)
	at org.apache.hadoop.ozone.container.common.transport.server.ratis.ContainerStateMachine.runCommand(ContainerStateMachine.java:423)
	at org.apache.hadoop.ozone.container.common.transport.server.ratis.ContainerStateMachine.lambda$handleWriteChunk$1(ContainerStateMachine.java:455)
	at java.util.concurrent.CompletableFuture$AsyncSupply.run(CompletableFuture.java:1604)
	at java.util.concurrent.ThreadPoolExecutor.runWorker(ThreadPoolExecutor.java:1149)
	at java.util.concurrent.ThreadPoolExecutor$Worker.run(ThreadPoolExecutor.java:624)
	at java.lang.Thread.run(Thread.java:750)
2022-04-27 10:53:36,066 [ChunkWriter-3-0] ERROR ratis.ContainerStateMachine (ContainerStateMachine.java:lambda$handleWriteChunk$2(483)) - group-75AB1B4BA813: writeChunk writeStateMachineData failed: blockIdcontainerID: 11
localID: 109611004723200011
blockCommitSequenceId: 0
replicaIndex: 0
 logIndex 1 chunkName 109611004723200011_chunk_1 Error message: ContainerID 11 creation failed Container Result: DISK_OUT_OF_SPACE
2022-04-27 10:53:36,066 [5305b34f-83d0-4be9-8032-f631ee150b78@group-75AB1B4BA813-SegmentedRaftLogWorker] ERROR ratis.XceiverServerRatis (XceiverServerRatis.java:triggerPipelineClose(678)) - pipeline Action CLOSE on pipeline PipelineID=8ca8e877-4856-4220-bb74-75ab1b4ba813.Reason : ContainerID 11 creation failed
2022-04-27 10:53:36,068 [EventQueue-PipelineActionsForPipelineActionHandler] INFO  pipeline.PipelineActionHandler (PipelineActionHandler.java:processPipelineAction(82)) - Received pipeline action CLOSE for PipelineID=8ca8e877-4856-4220-bb74-75ab1b4ba813 from datanode 5305b34f-83d0-4be9-8032-f631ee150b78. Reason : ContainerID 11 creation failed
2022-04-27 10:53:36,069 [EventQueue-PipelineActionsForPipelineActionHandler] INFO  pipeline.PipelineManagerImpl (PipelineManagerImpl.java:closeContainersForPipeline(381)) - Container #11 closed for pipeline=PipelineID=8ca8e877-4856-4220-bb74-75ab1b4ba813
2022-04-27 10:53:36,069 [EventQueue-PipelineActionsForPipelineActionHandler] INFO  pipeline.PipelineManagerImpl (PipelineManagerImpl.java:closePipeline(402)) - Pipeline Pipeline[ Id: 8ca8e877-4856-4220-bb74-75ab1b4ba813, Nodes: 5305b34f-83d0-4be9-8032-f631ee150b78{ip: 10.1.0.29, host: fv-az270-423.tacnzluakwdehk1hpragurqkma.bx.internal.cloudapp.net, ports: [REPLICATION=45903, RATIS=34741, RATIS_ADMIN=34741, RATIS_SERVER=34741, STANDALONE=45233], networkLocation: /default-rack, certSerialId: null, persistedOpState: IN_SERVICE, persistedOpStateExpiryEpochSec: 0}b4543bad-81d3-4f1d-9fc6-5e97dcd2d8eb{ip: 10.1.0.29, host: fv-az270-423.tacnzluakwdehk1hpragurqkma.bx.internal.cloudapp.net, ports: [REPLICATION=41789, RATIS=41129, RATIS_ADMIN=41129, RATIS_SERVER=41129, STANDALONE=36927], networkLocation: /default-rack, certSerialId: null, persistedOpState: IN_SERVICE, persistedOpStateExpiryEpochSec: 0}fb1b2524-5f72-4172-b06b-98bf8bab58d7{ip: 10.1.0.29, host: fv-az270-423.tacnzluakwdehk1hpragurqkma.bx.internal.cloudapp.net, ports: [REPLICATION=34055, RATIS=34621, RATIS_ADMIN=34621, RATIS_SERVER=34621, STANDALONE=35257], networkLocation: /default-rack, certSerialId: null, persistedOpState: IN_SERVICE, persistedOpStateExpiryEpochSec: 0}, ReplicationConfig: RATIS/THREE, State:OPEN, leaderId:5305b34f-83d0-4be9-8032-f631ee150b78, CreationTimestamp2022-04-27T10:51:55.715Z[Etc/UTC]] moved to CLOSED state
2022-04-27 10:53:36,069 [EventQueue-PipelineActionsForPipelineActionHandler] INFO  pipeline.RatisPipelineProvider (RatisPipelineProvider.java:lambda$close$1(244)) - Send pipeline:PipelineID=8ca8e877-4856-4220-bb74-75ab1b4ba813 close command to datanode 5305b34f-83d0-4be9-8032-f631ee150b78
2022-04-27 10:53:36,069 [EventQueue-PipelineActionsForPipelineActionHandler] INFO  pipeline.RatisPipelineProvider (RatisPipelineProvider.java:lambda$close$1(244)) - Send pipeline:PipelineID=8ca8e877-4856-4220-bb74-75ab1b4ba813 close command to datanode b4543bad-81d3-4f1d-9fc6-5e97dcd2d8eb
2022-04-27 10:53:36,069 [EventQueue-PipelineActionsForPipelineActionHandler] INFO  pipeline.RatisPipelineProvider (RatisPipelineProvider.java:lambda$close$1(244)) - Send pipeline:PipelineID=8ca8e877-4856-4220-bb74-75ab1b4ba813 close command to datanode fb1b2524-5f72-4172-b06b-98bf8bab58d7
2022-04-27 10:53:36,069 [EventQueue-PipelineActionsForPipelineActionHandler] INFO  pipeline.PipelineStateManagerImpl (PipelineStateManagerImpl.java:removePipeline(243)) - Pipeline Pipeline[ Id: 8ca8e877-4856-4220-bb74-75ab1b4ba813, Nodes: 5305b34f-83d0-4be9-8032-f631ee150b78{ip: 10.1.0.29, host: fv-az270-423.tacnzluakwdehk1hpragurqkma.bx.internal.cloudapp.net, ports: [REPLICATION=45903, RATIS=34741, RATIS_ADMIN=34741, RATIS_SERVER=34741, STANDALONE=45233], networkLocation: /default-rack, certSerialId: null, persistedOpState: IN_SERVICE, persistedOpStateExpiryEpochSec: 0}b4543bad-81d3-4f1d-9fc6-5e97dcd2d8eb{ip: 10.1.0.29, host: fv-az270-423.tacnzluakwdehk1hpragurqkma.bx.internal.cloudapp.net, ports: [REPLICATION=41789, RATIS=41129, RATIS_ADMIN=41129, RATIS_SERVER=41129, STANDALONE=36927], networkLocation: /default-rack, certSerialId: null, persistedOpState: IN_SERVICE, persistedOpStateExpiryEpochSec: 0}fb1b2524-5f72-4172-b06b-98bf8bab58d7{ip: 10.1.0.29, host: fv-az270-423.tacnzluakwdehk1hpragurqkma.bx.internal.cloudapp.net, ports: [REPLICATION=34055, RATIS=34621, RATIS_ADMIN=34621, RATIS_SERVER=34621, STANDALONE=35257], networkLocation: /default-rack, certSerialId: null, persistedOpState: IN_SERVICE, persistedOpStateExpiryEpochSec: 0}, ReplicationConfig: RATIS/THREE, State:CLOSED, leaderId:5305b34f-83d0-4be9-8032-f631ee150b78, CreationTimestamp2022-04-27T10:51:55.715Z[Etc/UTC]] removed.
2022-04-27 10:53:36,069 [EventQueue-CloseContainerForCloseContainerEventHandler] INFO  container.CloseContainerEventHandler (CloseContainerEventHandler.java:onMessage(69)) - Close container Event triggered for container : #11
2022-04-27 10:53:36,070 [5305b34f-83d0-4be9-8032-f631ee150b78@group-75AB1B4BA813-SegmentedRaftLogWorker] ERROR ratis.XceiverServerRatis (XceiverServerRatis.java:triggerPipelineClose(678)) - pipeline Action CLOSE on pipeline PipelineID=8ca8e877-4856-4220-bb74-75ab1b4ba813.Reason : Log already failed at index 1 for task WriteLog:1: (t:1, i:1), STATEMACHINELOGENTRY, cmdType: WriteChunk traceID: "" containerID: 11 datanodeUuid: "5305b34f-83d0-4be9-8032-f631ee150b78" pipelineID: "8ca8e877-4856-4220-bb74-75ab1b4ba813" writeChunk { blockID { containerID: 11 localID: 109611004723200011 blockCommitSequenceId: 0 replicaIndex: 0 } chunkData { chunkName: "109611004723200011_chunk_1" offset: 0 len: 10 checksumData { type: CRC32 bytesPerChecksum: 1048576 checksums: "\317\357R*" } } }, container path=nonexistent
2022-04-27 10:53:36,073 [EventQueue-PipelineActionsForPipelineActionHandler] INFO  pipeline.PipelineActionHandler (PipelineActionHandler.java:processPipelineAction(82)) - Received pipeline action CLOSE for PipelineID=8ca8e877-4856-4220-bb74-75ab1b4ba813 from datanode 5305b34f-83d0-4be9-8032-f631ee150b78. Reason : Log already failed at index 1 for task WriteLog:1: (t:1, i:1), STATEMACHINELOGENTRY, cmdType: WriteChunk traceID: "" containerID: 11 datanodeUuid: "5305b34f-83d0-4be9-8032-f631ee150b78" pipelineID: "8ca8e877-4856-4220-bb74-75ab1b4ba813" writeChunk { blockID { containerID: 11 localID: 109611004723200011 blockCommitSequenceId: 0 replicaIndex: 0 } chunkData { chunkName: "109611004723200011_chunk_1" offset: 0 len: 10 checksumData { type: CRC32 bytesPerChecksum: 1048576 checksums: "\317\357R*" } } }, container path=nonexistent
2022-04-27 10:53:36,073 [EventQueue-PipelineActionsForPipelineActionHandler] WARN  pipeline.PipelineActionHandler (PipelineActionHandler.java:processPipelineAction(93)) - Pipeline action CLOSE received for unknown pipeline PipelineID=8ca8e877-4856-4220-bb74-75ab1b4ba813, firing close pipeline event.
2022-04-27 10:53:36,126 [7171416e-d570-4db8-8282-6e036003ab52@group-E78063F29D5F-StateMachineUpdater] INFO  ratis.ContainerStateMachine (ContainerStateMachine.java:takeSnapshot(304)) - group-E78063F29D5F: Taking a snapshot at:(t:5, i:14) file /home/runner/work/ozone/ozone/hadoop-ozone/integration-test/target/test-dir/MiniOzoneClusterImpl-6fb830c9-5413-49cc-a625-6cf41c4e5c97/datanode-7/data/ratis/d2638837-f985-4e21-8ffd-e78063f29d5f/sm/snapshot.5_14
2022-04-27 10:53:36,130 [7171416e-d570-4db8-8282-6e036003ab52@group-E78063F29D5F-StateMachineUpdater] INFO  ratis.ContainerStateMachine (ContainerStateMachine.java:takeSnapshot(315)) - group-E78063F29D5F: Finished taking a snapshot at:(t:5, i:14) file:/home/runner/work/ozone/ozone/hadoop-ozone/integration-test/target/test-dir/MiniOzoneClusterImpl-6fb830c9-5413-49cc-a625-6cf41c4e5c97/datanode-7/data/ratis/d2638837-f985-4e21-8ffd-e78063f29d5f/sm/snapshot.5_14 took: 4 ms
2022-04-27 10:53:36,131 [7171416e-d570-4db8-8282-6e036003ab52@group-E78063F29D5F-StateMachineUpdater] INFO  impl.SimpleStateMachineStorage (SimpleStateMachineStorage.java:cleanupOldSnapshots(102)) - Deleting old snapshot at /home/runner/work/ozone/ozone/hadoop-ozone/integration-test/target/test-dir/MiniOzoneClusterImpl-6fb830c9-5413-49cc-a625-6cf41c4e5c97/datanode-7/data/ratis/d2638837-f985-4e21-8ffd-e78063f29d5f/sm/snapshot.3_9
2022-04-27 10:53:36,131 [7171416e-d570-4db8-8282-6e036003ab52@group-E78063F29D5F-StateMachineUpdater] INFO  impl.StateMachineUpdater (StateMachineUpdater.java:takeSnapshot(281)) - 7171416e-d570-4db8-8282-6e036003ab52@group-E78063F29D5F-StateMachineUpdater: Took a snapshot at index 14
2022-04-27 10:53:36,131 [7171416e-d570-4db8-8282-6e036003ab52@group-E78063F29D5F-StateMachineUpdater] INFO  impl.StateMachineUpdater (StateMachineUpdater.java:lambda$new$0(89)) - 7171416e-d570-4db8-8282-6e036003ab52@group-E78063F29D5F-StateMachineUpdater: snapshotIndex: updateIncreasingly 13 -> 14
2022-04-27 10:53:36,133 [EventQueue-PipelineReportForPipelineReportHandler] INFO  pipeline.PipelineReportHandler (PipelineReportHandler.java:processPipelineReport(113)) - Reported pipeline PipelineID=8ca8e877-4856-4220-bb74-75ab1b4ba813 is not found
2022-04-27 10:53:36,260 [EventQueue-PipelineReportForPipelineReportHandler] INFO  pipeline.PipelineReportHandler (PipelineReportHandler.java:processPipelineReport(113)) - Reported pipeline PipelineID=cf80c735-cb93-438b-a05e-dff27b2a1031 is not found
2022-04-27 10:53:36,270 [EventQueue-PipelineReportForPipelineReportHandler] INFO  pipeline.PipelineReportHandler (PipelineReportHandler.java:processPipelineReport(113)) - Reported pipeline PipelineID=cf80c735-cb93-438b-a05e-dff27b2a1031 is not found
2022-04-27 10:53:36,270 [FixedThreadPoolWithAffinityExecutor-9-0] WARN  container.ContainerReportHandler (AbstractContainerReportHandler.java:updateContainerState(255)) - Container #4 is in OPEN state, but the datanode 5305b34f-83d0-4be9-8032-f631ee150b78{ip: 10.1.0.29, host: fv-az270-423.tacnzluakwdehk1hpragurqkma.bx.internal.cloudapp.net, ports: [REPLICATION=45903, RATIS=34741, RATIS_ADMIN=34741, RATIS_SERVER=34741, STANDALONE=45233], networkLocation: /default-rack, certSerialId: null, persistedOpState: IN_SERVICE, persistedOpStateExpiryEpochSec: 0} reports an CLOSED replica.
2022-04-27 10:53:36,270 [EventQueue-PipelineReportForPipelineReportHandler] INFO  pipeline.PipelineReportHandler (PipelineReportHandler.java:processPipelineReport(113)) - Reported pipeline PipelineID=8ca8e877-4856-4220-bb74-75ab1b4ba813 is not found
2022-04-27 10:53:36,303 [EventQueue-PipelineReportForPipelineReportHandler] INFO  pipeline.PipelineReportHandler (PipelineReportHandler.java:processPipelineReport(113)) - Reported pipeline PipelineID=cf80c735-cb93-438b-a05e-dff27b2a1031 is not found
2022-04-27 10:53:36,461 [EventQueue-PipelineReportForPipelineReportHandler] INFO  pipeline.PipelineReportHandler (PipelineReportHandler.java:processPipelineReport(113)) - Reported pipeline PipelineID=cf80c735-cb93-438b-a05e-dff27b2a1031 is not found
2022-04-27 10:53:36,470 [FixedThreadPoolWithAffinityExecutor-8-0] WARN  container.ContainerReportHandler (AbstractContainerReportHandler.java:updateContainerState(255)) - Container #4 is in OPEN state, but the datanode 5305b34f-83d0-4be9-8032-f631ee150b78{ip: 10.1.0.29, host: fv-az270-423.tacnzluakwdehk1hpragurqkma.bx.internal.cloudapp.net, ports: [REPLICATION=45903, RATIS=34741, RATIS_ADMIN=34741, RATIS_SERVER=34741, STANDALONE=45233], networkLocation: /default-rack, certSerialId: null, persistedOpState: IN_SERVICE, persistedOpStateExpiryEpochSec: 0} reports an CLOSED replica.
2022-04-27 10:53:36,503 [EventQueue-PipelineReportForPipelineReportHandler] INFO  pipeline.PipelineReportHandler (PipelineReportHandler.java:processPipelineReport(113)) - Reported pipeline PipelineID=cf80c735-cb93-438b-a05e-dff27b2a1031 is not found
2022-04-27 10:53:36,533 [EventQueue-PipelineReportForPipelineReportHandler] INFO  pipeline.PipelineReportHandler (PipelineReportHandler.java:processPipelineReport(113)) - Reported pipeline PipelineID=8ca8e877-4856-4220-bb74-75ab1b4ba813 is not found
2022-04-27 10:53:36,596 [java.util.concurrent.ThreadPoolExecutor$Worker@6a8b394[State = -1, empty queue]] WARN  server.GrpcLogAppender (GrpcLogAppender.java:timeoutAppendRequest(246)) - 5e6908a8-a78b-4a66-9555-b48c04384dc8@group-EEF7E24D5DDB->fc150688-1f76-4ec0-a672-aaf91f0753c3-GrpcLogAppender: HEARTBEAT appendEntries Timeout, request=AppendEntriesRequest:cid=13274621,entriesCount=0,lastEntry=null
2022-04-27 10:53:36,608 [java.util.concurrent.ThreadPoolExecutor$Worker@6a8b394[State = -1, empty queue]] WARN  server.GrpcLogAppender (GrpcLogAppender.java:timeoutAppendRequest(246)) - 5e6908a8-a78b-4a66-9555-b48c04384dc8@group-E78063F29D5F->fc150688-1f76-4ec0-a672-aaf91f0753c3-GrpcLogAppender: HEARTBEAT appendEntries Timeout, request=AppendEntriesRequest:cid=14,entriesCount=0,lastEntry=null
2022-04-27 10:53:36,612 [java.util.concurrent.ThreadPoolExecutor$Worker@6a8b394[State = -1, empty queue]] WARN  server.GrpcLogAppender (GrpcLogAppender.java:timeoutAppendRequest(246)) - 5e6908a8-a78b-4a66-9555-b48c04384dc8@group-E78063F29D5F->fc150688-1f76-4ec0-a672-aaf91f0753c3-GrpcLogAppender: HEARTBEAT appendEntries Timeout, request=AppendEntriesRequest:cid=15,entriesCount=0,lastEntry=null
2022-04-27 10:53:36,619 [java.util.concurrent.ThreadPoolExecutor$Worker@6a8b394[State = -1, empty queue]] WARN  server.GrpcLogAppender (GrpcLogAppender.java:timeoutAppendRequest(246)) - 5e6908a8-a78b-4a66-9555-b48c04384dc8@group-E78063F29D5F->fc150688-1f76-4ec0-a672-aaf91f0753c3-GrpcLogAppender: HEARTBEAT appendEntries Timeout, request=AppendEntriesRequest:cid=16,entriesCount=0,lastEntry=null
2022-04-27 10:53:36,619 [java.util.concurrent.ThreadPoolExecutor$Worker@6a8b394[State = -1, empty queue]] WARN  server.GrpcLogAppender (GrpcLogAppender.java:timeoutAppendRequest(246)) - 5e6908a8-a78b-4a66-9555-b48c04384dc8@group-E78063F29D5F->fc150688-1f76-4ec0-a672-aaf91f0753c3-GrpcLogAppender: HEARTBEAT appendEntries Timeout, request=AppendEntriesRequest:cid=17,entriesCount=0,lastEntry=null
2022-04-27 10:53:36,661 [EventQueue-PipelineReportForPipelineReportHandler] INFO  pipeline.PipelineReportHandler (PipelineReportHandler.java:processPipelineReport(113)) - Reported pipeline PipelineID=cf80c735-cb93-438b-a05e-dff27b2a1031 is not found
2022-04-27 10:53:36,669 [EventQueue-PipelineReportForPipelineReportHandler] INFO  pipeline.PipelineReportHandler (PipelineReportHandler.java:processPipelineReport(113)) - Reported pipeline PipelineID=cf80c735-cb93-438b-a05e-dff27b2a1031 is not found
2022-04-27 10:53:36,670 [EventQueue-PipelineReportForPipelineReportHandler] INFO  pipeline.PipelineReportHandler (PipelineReportHandler.java:processPipelineReport(113)) - Reported pipeline PipelineID=8ca8e877-4856-4220-bb74-75ab1b4ba813 is not found
2022-04-27 10:53:36,733 [EventQueue-PipelineReportForPipelineReportHandler] INFO  pipeline.PipelineReportHandler (PipelineReportHandler.java:processPipelineReport(113)) - Reported pipeline PipelineID=8ca8e877-4856-4220-bb74-75ab1b4ba813 is not found
2022-04-27 10:53:36,739 [Command processor thread] INFO  server.RaftServer (RaftServerProxy.java:remove(106)) - fb1b2524-5f72-4172-b06b-98bf8bab58d7: remove  FOLLOWER fb1b2524-5f72-4172-b06b-98bf8bab58d7@group-75AB1B4BA813:t1, leader=5305b34f-83d0-4be9-8032-f631ee150b78, voted=5305b34f-83d0-4be9-8032-f631ee150b78, raftlog=fb1b2524-5f72-4172-b06b-98bf8bab58d7@group-75AB1B4BA813-SegmentedRaftLog:OPENED:c0, conf=0: [5305b34f-83d0-4be9-8032-f631ee150b78|rpc:10.1.0.29:34741|dataStream:|priority:1, b4543bad-81d3-4f1d-9fc6-5e97dcd2d8eb|rpc:10.1.0.29:41129|dataStream:|priority:0, fb1b2524-5f72-4172-b06b-98bf8bab58d7|rpc:10.1.0.29:34621|dataStream:|priority:0], old=null RUNNING
2022-04-27 10:53:36,739 [Command processor thread] INFO  server.RaftServer$Division (RaftServerImpl.java:lambda$close$4(412)) - fb1b2524-5f72-4172-b06b-98bf8bab58d7@group-75AB1B4BA813: shutdown
2022-04-27 10:53:36,739 [Command processor thread] INFO  util.JmxRegister (JmxRegister.java:unregister(73)) - Successfully un-registered JMX Bean with object name Ratis:service=RaftServer,group=group-75AB1B4BA813,id=fb1b2524-5f72-4172-b06b-98bf8bab58d7
2022-04-27 10:53:36,739 [Command processor thread] INFO  impl.RoleInfo (RoleInfo.java:shutdownFollowerState(108)) - fb1b2524-5f72-4172-b06b-98bf8bab58d7: shutdown fb1b2524-5f72-4172-b06b-98bf8bab58d7@group-75AB1B4BA813-FollowerState
2022-04-27 10:53:36,739 [Command processor thread] INFO  impl.StateMachineUpdater (StateMachineUpdater.java:stopAndJoin(149)) - fb1b2524-5f72-4172-b06b-98bf8bab58d7@group-75AB1B4BA813-StateMachineUpdater: set stopIndex = 0
2022-04-27 10:53:36,739 [fb1b2524-5f72-4172-b06b-98bf8bab58d7@group-75AB1B4BA813-FollowerState] INFO  impl.FollowerState (FollowerState.java:run(143)) - fb1b2524-5f72-4172-b06b-98bf8bab58d7@group-75AB1B4BA813-FollowerState was interrupted: {}
java.lang.InterruptedException: sleep interrupted
	at java.lang.Thread.sleep(Native Method)
	at java.lang.Thread.sleep(Thread.java:342)
	at java.util.concurrent.TimeUnit.sleep(TimeUnit.java:386)
	at org.apache.ratis.util.TimeDuration.sleep(TimeDuration.java:324)
	at org.apache.ratis.util.TimeDuration.sleep(TimeDuration.java:309)
	at org.apache.ratis.server.impl.FollowerState.run(FollowerState.java:118)
2022-04-27 10:53:36,740 [Command processor thread] INFO  server.RaftServer$Division (ServerState.java:close(419)) - fb1b2524-5f72-4172-b06b-98bf8bab58d7@group-75AB1B4BA813: closes. applyIndex: 0
2022-04-27 10:53:36,740 [fb1b2524-5f72-4172-b06b-98bf8bab58d7@group-75AB1B4BA813-SegmentedRaftLogWorker] INFO  segmented.SegmentedRaftLogWorker (SegmentedRaftLogWorker.java:run(327)) - fb1b2524-5f72-4172-b06b-98bf8bab58d7@group-75AB1B4BA813-SegmentedRaftLogWorker was interrupted, exiting. There are 0 tasks remaining in the queue.
2022-04-27 10:53:36,742 [Command processor thread] INFO  segmented.SegmentedRaftLogWorker (SegmentedRaftLogWorker.java:close(237)) - fb1b2524-5f72-4172-b06b-98bf8bab58d7@group-75AB1B4BA813-SegmentedRaftLogWorker close()
2022-04-27 10:53:36,747 [Command processor thread] INFO  keyvalue.KeyValueContainer (KeyValueContainer.java:flushAndSyncDB(427)) - Container 11 is synced with bcsId 0.
2022-04-27 10:53:36,747 [Command processor thread] INFO  keyvalue.KeyValueContainer (KeyValueContainer.java:flushAndSyncDB(427)) - Container 11 is synced with bcsId 0.
2022-04-27 10:53:36,750 [FixedThreadPoolWithAffinityExecutor-1-0] INFO  container.IncrementalContainerReportHandler (AbstractContainerReportHandler.java:updateContainerState(281)) - Moving container #11 to QUASI_CLOSED state, datanode fb1b2524-5f72-4172-b06b-98bf8bab58d7{ip: 10.1.0.29, host: fv-az270-423.tacnzluakwdehk1hpragurqkma.bx.internal.cloudapp.net, ports: [REPLICATION=34055, RATIS=34621, RATIS_ADMIN=34621, RATIS_SERVER=34621, STANDALONE=35257], networkLocation: /default-rack, certSerialId: null, persistedOpState: IN_SERVICE, persistedOpStateExpiryEpochSec: 0} reported QUASI_CLOSED replica.
2022-04-27 10:53:36,750 [Command processor thread] INFO  server.RaftServer$Division (RaftServerImpl.java:groupRemove(382)) - fb1b2524-5f72-4172-b06b-98bf8bab58d7@group-75AB1B4BA813: Succeed to remove RaftStorageDirectory Storage Directory /home/runner/work/ozone/ozone/hadoop-ozone/integration-test/target/test-dir/MiniOzoneClusterImpl-6fb830c9-5413-49cc-a625-6cf41c4e5c97/datanode-1/data/ratis/8ca8e877-4856-4220-bb74-75ab1b4ba813
2022-04-27 10:53:36,750 [Command processor thread] INFO  commandhandler.ClosePipelineCommandHandler (ClosePipelineCommandHandler.java:handle(78)) - Close Pipeline PipelineID=8ca8e877-4856-4220-bb74-75ab1b4ba813 command on datanode fb1b2524-5f72-4172-b06b-98bf8bab58d7.
2022-04-27 10:53:36,869 [EventQueue-PipelineReportForPipelineReportHandler] INFO  pipeline.PipelineReportHandler (PipelineReportHandler.java:processPipelineReport(113)) - Reported pipeline PipelineID=cf80c735-cb93-438b-a05e-dff27b2a1031 is not found
2022-04-27 10:53:36,870 [Command processor thread] INFO  server.RaftServer (RaftServerProxy.java:remove(106)) - 5305b34f-83d0-4be9-8032-f631ee150b78: remove    LEADER 5305b34f-83d0-4be9-8032-f631ee150b78@group-75AB1B4BA813:t1, leader=5305b34f-83d0-4be9-8032-f631ee150b78, voted=5305b34f-83d0-4be9-8032-f631ee150b78, raftlog=5305b34f-83d0-4be9-8032-f631ee150b78@group-75AB1B4BA813-SegmentedRaftLog:OPENED:c0, conf=0: [5305b34f-83d0-4be9-8032-f631ee150b78|rpc:10.1.0.29:34741|dataStream:|priority:1, b4543bad-81d3-4f1d-9fc6-5e97dcd2d8eb|rpc:10.1.0.29:41129|dataStream:|priority:0, fb1b2524-5f72-4172-b06b-98bf8bab58d7|rpc:10.1.0.29:34621|dataStream:|priority:0], old=null RUNNING
2022-04-27 10:53:36,870 [Command processor thread] INFO  server.RaftServer$Division (RaftServerImpl.java:lambda$close$4(412)) - 5305b34f-83d0-4be9-8032-f631ee150b78@group-75AB1B4BA813: shutdown
2022-04-27 10:53:36,870 [Command processor thread] INFO  util.JmxRegister (JmxRegister.java:unregister(73)) - Successfully un-registered JMX Bean with object name Ratis:service=RaftServer,group=group-75AB1B4BA813,id=5305b34f-83d0-4be9-8032-f631ee150b78
2022-04-27 10:53:36,870 [Command processor thread] INFO  impl.RoleInfo (RoleInfo.java:shutdownLeaderState(91)) - 5305b34f-83d0-4be9-8032-f631ee150b78: shutdown 5305b34f-83d0-4be9-8032-f631ee150b78@group-75AB1B4BA813-LeaderStateImpl
2022-04-27 10:53:36,870 [5305b34f-83d0-4be9-8032-f631ee150b78@group-75AB1B4BA813->fb1b2524-5f72-4172-b06b-98bf8bab58d7-GrpcLogAppender-LogAppenderDaemon] WARN  server.GrpcLogAppender (GrpcLogAppender.java:mayWait(177)) - 5305b34f-83d0-4be9-8032-f631ee150b78@group-75AB1B4BA813->fb1b2524-5f72-4172-b06b-98bf8bab58d7-GrpcLogAppender: Wait interrupted by java.lang.InterruptedException
2022-04-27 10:53:36,879 [Command processor thread] INFO  impl.PendingRequests (PendingRequests.java:sendNotLeaderResponses(282)) - 5305b34f-83d0-4be9-8032-f631ee150b78@group-75AB1B4BA813-PendingRequests: sendNotLeaderResponses
2022-04-27 10:53:36,882 [grpc-default-executor-0] INFO  server.GrpcServerProtocolService (GrpcServerProtocolService.java:onCompleted(140)) - fb1b2524-5f72-4172-b06b-98bf8bab58d7: Completed APPEND_ENTRIES, lastRequest: 5305b34f-83d0-4be9-8032-f631ee150b78->fb1b2524-5f72-4172-b06b-98bf8bab58d7#40-t1,previous=(t:1, i:1),leaderCommit=0,initializing? true,entries: size=1, first=(t:1, i:2), STATEMACHINELOGENTRY, 166@client-3FDC2684F135
2022-04-27 10:53:36,882 [5305b34f-83d0-4be9-8032-f631ee150b78@group-75AB1B4BA813->b4543bad-81d3-4f1d-9fc6-5e97dcd2d8eb-GrpcLogAppender-LogAppenderDaemon] WARN  server.GrpcLogAppender (GrpcLogAppender.java:mayWait(177)) - 5305b34f-83d0-4be9-8032-f631ee150b78@group-75AB1B4BA813->b4543bad-81d3-4f1d-9fc6-5e97dcd2d8eb-GrpcLogAppender: Wait interrupted by java.lang.InterruptedException
2022-04-27 10:53:36,883 [EventQueue-PipelineReportForPipelineReportHandler] INFO  pipeline.PipelineReportHandler (PipelineReportHandler.java:processPipelineReport(113)) - Reported pipeline PipelineID=8ca8e877-4856-4220-bb74-75ab1b4ba813 is not found
2022-04-27 10:53:36,884 [grpc-default-executor-2] INFO  server.GrpcLogAppender (GrpcLogAppender.java:onCompleted(346)) - 5305b34f-83d0-4be9-8032-f631ee150b78@group-75AB1B4BA813->fb1b2524-5f72-4172-b06b-98bf8bab58d7-AppendLogResponseHandler: follower responses appendEntries COMPLETED
2022-04-27 10:53:36,884 [grpc-default-executor-2] INFO  leader.FollowerInfo (FollowerInfoImpl.java:lambda$new$0(47)) - 5305b34f-83d0-4be9-8032-f631ee150b78@group-75AB1B4BA813->fb1b2524-5f72-4172-b06b-98bf8bab58d7: nextIndex: updateUnconditionally 3 -> 2
2022-04-27 10:53:36,884 [FixedThreadPoolWithAffinityExecutor-8-0] WARN  container.ContainerReportHandler (AbstractContainerReportHandler.java:updateContainerState(255)) - Container #4 is in OPEN state, but the datanode 5305b34f-83d0-4be9-8032-f631ee150b78{ip: 10.1.0.29, host: fv-az270-423.tacnzluakwdehk1hpragurqkma.bx.internal.cloudapp.net, ports: [REPLICATION=45903, RATIS=34741, RATIS_ADMIN=34741, RATIS_SERVER=34741, STANDALONE=45233], networkLocation: /default-rack, certSerialId: null, persistedOpState: IN_SERVICE, persistedOpStateExpiryEpochSec: 0} reports an CLOSED replica.
2022-04-27 10:53:36,885 [grpc-default-executor-4] INFO  server.GrpcServerProtocolService (GrpcServerProtocolService.java:onCompleted(140)) - b4543bad-81d3-4f1d-9fc6-5e97dcd2d8eb: Completed APPEND_ENTRIES, lastRequest: 5305b34f-83d0-4be9-8032-f631ee150b78->b4543bad-81d3-4f1d-9fc6-5e97dcd2d8eb#12017467-t1,previous=(t:1, i:0),leaderCommit=0,initializing? true,entries: size=1, first=(t:1, i:1), STATEMACHINELOGENTRY, 165@client-3FDC2684F135
2022-04-27 10:53:36,885 [grpc-default-executor-4] INFO  server.GrpcLogAppender (GrpcLogAppender.java:onCompleted(346)) - 5305b34f-83d0-4be9-8032-f631ee150b78@group-75AB1B4BA813->b4543bad-81d3-4f1d-9fc6-5e97dcd2d8eb-AppendLogResponseHandler: follower responses appendEntries COMPLETED
2022-04-27 10:53:36,885 [grpc-default-executor-4] INFO  leader.FollowerInfo (FollowerInfoImpl.java:lambda$new$0(47)) - 5305b34f-83d0-4be9-8032-f631ee150b78@group-75AB1B4BA813->b4543bad-81d3-4f1d-9fc6-5e97dcd2d8eb: nextIndex: updateUnconditionally 2 -> 1
2022-04-27 10:53:36,887 [Command processor thread] INFO  impl.StateMachineUpdater (StateMachineUpdater.java:stopAndJoin(149)) - 5305b34f-83d0-4be9-8032-f631ee150b78@group-75AB1B4BA813-StateMachineUpdater: set stopIndex = 0
2022-04-27 10:53:36,888 [Command processor thread] INFO  server.RaftServer$Division (ServerState.java:close(419)) - 5305b34f-83d0-4be9-8032-f631ee150b78@group-75AB1B4BA813: closes. applyIndex: 0
2022-04-27 10:53:36,888 [5305b34f-83d0-4be9-8032-f631ee150b78@group-75AB1B4BA813-SegmentedRaftLogWorker] INFO  segmented.SegmentedRaftLogWorker (SegmentedRaftLogWorker.java:run(327)) - 5305b34f-83d0-4be9-8032-f631ee150b78@group-75AB1B4BA813-SegmentedRaftLogWorker was interrupted, exiting. There are 0 tasks remaining in the queue.
2022-04-27 10:53:36,888 [Command processor thread] INFO  segmented.SegmentedRaftLogWorker (SegmentedRaftLogWorker.java:close(237)) - 5305b34f-83d0-4be9-8032-f631ee150b78@group-75AB1B4BA813-SegmentedRaftLogWorker close()
2022-04-27 10:53:36,890 [Command processor thread] INFO  server.RaftServer$Division (RaftServerImpl.java:groupRemove(382)) - 5305b34f-83d0-4be9-8032-f631ee150b78@group-75AB1B4BA813: Succeed to remove RaftStorageDirectory Storage Directory /home/runner/work/ozone/ozone/hadoop-ozone/integration-test/target/test-dir/MiniOzoneClusterImpl-6fb830c9-5413-49cc-a625-6cf41c4e5c97/datanode-2/data/ratis/8ca8e877-4856-4220-bb74-75ab1b4ba813
2022-04-27 10:53:36,890 [Command processor thread] INFO  commandhandler.ClosePipelineCommandHandler (ClosePipelineCommandHandler.java:handle(78)) - Close Pipeline PipelineID=8ca8e877-4856-4220-bb74-75ab1b4ba813 command on datanode 5305b34f-83d0-4be9-8032-f631ee150b78.
2022-04-27 10:53:36,903 [EventQueue-PipelineReportForPipelineReportHandler] INFO  pipeline.PipelineReportHandler (PipelineReportHandler.java:processPipelineReport(113)) - Reported pipeline PipelineID=cf80c735-cb93-438b-a05e-dff27b2a1031 is not found
2022-04-27 10:53:37,061 [EventQueue-PipelineReportForPipelineReportHandler] INFO  pipeline.PipelineReportHandler (PipelineReportHandler.java:processPipelineReport(113)) - Reported pipeline PipelineID=cf80c735-cb93-438b-a05e-dff27b2a1031 is not found
2022-04-27 10:53:37,070 [FixedThreadPoolWithAffinityExecutor-8-0] WARN  container.ContainerReportHandler (AbstractContainerReportHandler.java:updateContainerState(255)) - Container #4 is in OPEN state, but the datanode 5305b34f-83d0-4be9-8032-f631ee150b78{ip: 10.1.0.29, host: fv-az270-423.tacnzluakwdehk1hpragurqkma.bx.internal.cloudapp.net, ports: [REPLICATION=45903, RATIS=34741, RATIS_ADMIN=34741, RATIS_SERVER=34741, STANDALONE=45233], networkLocation: /default-rack, certSerialId: null, persistedOpState: IN_SERVICE, persistedOpStateExpiryEpochSec: 0} reports an CLOSED replica.
2022-04-27 10:53:37,104 [EventQueue-PipelineReportForPipelineReportHandler] INFO  pipeline.PipelineReportHandler (PipelineReportHandler.java:processPipelineReport(113)) - Reported pipeline PipelineID=cf80c735-cb93-438b-a05e-dff27b2a1031 is not found
2022-04-27 10:53:37,269 [EventQueue-PipelineReportForPipelineReportHandler] INFO  pipeline.PipelineReportHandler (PipelineReportHandler.java:processPipelineReport(113)) - Reported pipeline PipelineID=cf80c735-cb93-438b-a05e-dff27b2a1031 is not found
2022-04-27 10:53:37,270 [FixedThreadPoolWithAffinityExecutor-9-0] WARN  container.ContainerReportHandler (AbstractContainerReportHandler.java:updateContainerState(255)) - Container #4 is in OPEN state, but the datanode 5305b34f-83d0-4be9-8032-f631ee150b78{ip: 10.1.0.29, host: fv-az270-423.tacnzluakwdehk1hpragurqkma.bx.internal.cloudapp.net, ports: [REPLICATION=45903, RATIS=34741, RATIS_ADMIN=34741, RATIS_SERVER=34741, STANDALONE=45233], networkLocation: /default-rack, certSerialId: null, persistedOpState: IN_SERVICE, persistedOpStateExpiryEpochSec: 0} reports an CLOSED replica.
2022-04-27 10:53:37,461 [EventQueue-PipelineReportForPipelineReportHandler] INFO  pipeline.PipelineReportHandler (PipelineReportHandler.java:processPipelineReport(113)) - Reported pipeline PipelineID=cf80c735-cb93-438b-a05e-dff27b2a1031 is not found
2022-04-27 10:53:37,471 [FixedThreadPoolWithAffinityExecutor-1-0] WARN  container.ContainerReportHandler (AbstractContainerReportHandler.java:updateContainerState(255)) - Container #4 is in OPEN state, but the datanode 5305b34f-83d0-4be9-8032-f631ee150b78{ip: 10.1.0.29, host: fv-az270-423.tacnzluakwdehk1hpragurqkma.bx.internal.cloudapp.net, ports: [REPLICATION=45903, RATIS=34741, RATIS_ADMIN=34741, RATIS_SERVER=34741, STANDALONE=45233], networkLocation: /default-rack, certSerialId: null, persistedOpState: IN_SERVICE, persistedOpStateExpiryEpochSec: 0} reports an CLOSED replica.
2022-04-27 10:53:37,503 [EventQueue-PipelineReportForPipelineReportHandler] INFO  pipeline.PipelineReportHandler (PipelineReportHandler.java:processPipelineReport(113)) - Reported pipeline PipelineID=cf80c735-cb93-438b-a05e-dff27b2a1031 is not found
2022-04-27 10:53:37,660 [EventQueue-PipelineReportForPipelineReportHandler] INFO  pipeline.PipelineReportHandler (PipelineReportHandler.java:processPipelineReport(113)) - Reported pipeline PipelineID=cf80c735-cb93-438b-a05e-dff27b2a1031 is not found
2022-04-27 10:53:37,670 [EventQueue-PipelineReportForPipelineReportHandler] INFO  pipeline.PipelineReportHandler (PipelineReportHandler.java:processPipelineReport(113)) - Reported pipeline PipelineID=cf80c735-cb93-438b-a05e-dff27b2a1031 is not found
2022-04-27 10:53:37,703 [EventQueue-PipelineReportForPipelineReportHandler] INFO  pipeline.PipelineReportHandler (PipelineReportHandler.java:processPipelineReport(113)) - Reported pipeline PipelineID=cf80c735-cb93-438b-a05e-dff27b2a1031 is not found
2022-04-27 10:53:37,870 [EventQueue-PipelineReportForPipelineReportHandler] INFO  pipeline.PipelineReportHandler (PipelineReportHandler.java:processPipelineReport(113)) - Reported pipeline PipelineID=cf80c735-cb93-438b-a05e-dff27b2a1031 is not found
2022-04-27 10:53:37,870 [FixedThreadPoolWithAffinityExecutor-8-0] WARN  container.ContainerReportHandler (AbstractContainerReportHandler.java:updateContainerState(255)) - Container #4 is in OPEN state, but the datanode 5305b34f-83d0-4be9-8032-f631ee150b78{ip: 10.1.0.29, host: fv-az270-423.tacnzluakwdehk1hpragurqkma.bx.internal.cloudapp.net, ports: [REPLICATION=45903, RATIS=34741, RATIS_ADMIN=34741, RATIS_SERVER=34741, STANDALONE=45233], networkLocation: /default-rack, certSerialId: null, persistedOpState: IN_SERVICE, persistedOpStateExpiryEpochSec: 0} reports an CLOSED replica.
2022-04-27 10:53:38,060 [EventQueue-PipelineReportForPipelineReportHandler] INFO  pipeline.PipelineReportHandler (PipelineReportHandler.java:processPipelineReport(113)) - Reported pipeline PipelineID=cf80c735-cb93-438b-a05e-dff27b2a1031 is not found
2022-04-27 10:53:38,070 [EventQueue-PipelineReportForPipelineReportHandler] INFO  pipeline.PipelineReportHandler (PipelineReportHandler.java:processPipelineReport(113)) - Reported pipeline PipelineID=cf80c735-cb93-438b-a05e-dff27b2a1031 is not found
2022-04-27 10:53:38,076 [FixedThreadPoolWithAffinityExecutor-1-0] WARN  container.ContainerReportHandler (AbstractContainerReportHandler.java:updateContainerState(255)) - Container #4 is in OPEN state, but the datanode 5305b34f-83d0-4be9-8032-f631ee150b78{ip: 10.1.0.29, host: fv-az270-423.tacnzluakwdehk1hpragurqkma.bx.internal.cloudapp.net, ports: [REPLICATION=45903, RATIS=34741, RATIS_ADMIN=34741, RATIS_SERVER=34741, STANDALONE=45233], networkLocation: /default-rack, certSerialId: null, persistedOpState: IN_SERVICE, persistedOpStateExpiryEpochSec: 0} reports an CLOSED replica.
2022-04-27 10:53:38,105 [EventQueue-PipelineReportForPipelineReportHandler] INFO  pipeline.PipelineReportHandler (PipelineReportHandler.java:processPipelineReport(113)) - Reported pipeline PipelineID=cf80c735-cb93-438b-a05e-dff27b2a1031 is not found
2022-04-27 10:53:38,305 [EventQueue-PipelineReportForPipelineReportHandler] INFO  pipeline.PipelineReportHandler (PipelineReportHandler.java:processPipelineReport(113)) - Reported pipeline PipelineID=cf80c735-cb93-438b-a05e-dff27b2a1031 is not found
2022-04-27 10:53:38,460 [EventQueue-PipelineReportForPipelineReportHandler] INFO  pipeline.PipelineReportHandler (PipelineReportHandler.java:processPipelineReport(113)) - Reported pipeline PipelineID=cf80c735-cb93-438b-a05e-dff27b2a1031 is not found
2022-04-27 10:53:38,472 [EventQueue-PipelineReportForPipelineReportHandler] INFO  pipeline.PipelineReportHandler (PipelineReportHandler.java:processPipelineReport(113)) - Reported pipeline PipelineID=cf80c735-cb93-438b-a05e-dff27b2a1031 is not found
2022-04-27 10:53:38,475 [FixedThreadPoolWithAffinityExecutor-0-0] WARN  container.ContainerReportHandler (AbstractContainerReportHandler.java:updateContainerState(255)) - Container #4 is in OPEN state, but the datanode 5305b34f-83d0-4be9-8032-f631ee150b78{ip: 10.1.0.29, host: fv-az270-423.tacnzluakwdehk1hpragurqkma.bx.internal.cloudapp.net, ports: [REPLICATION=45903, RATIS=34741, RATIS_ADMIN=34741, RATIS_SERVER=34741, STANDALONE=45233], networkLocation: /default-rack, certSerialId: null, persistedOpState: IN_SERVICE, persistedOpStateExpiryEpochSec: 0} reports an CLOSED replica.
2022-04-27 10:53:38,505 [EventQueue-PipelineReportForPipelineReportHandler] INFO  pipeline.PipelineReportHandler (PipelineReportHandler.java:processPipelineReport(113)) - Reported pipeline PipelineID=cf80c735-cb93-438b-a05e-dff27b2a1031 is not found
2022-04-27 10:53:38,661 [EventQueue-PipelineReportForPipelineReportHandler] INFO  pipeline.PipelineReportHandler (PipelineReportHandler.java:processPipelineReport(113)) - Reported pipeline PipelineID=cf80c735-cb93-438b-a05e-dff27b2a1031 is not found
2022-04-27 10:53:38,670 [EventQueue-PipelineReportForPipelineReportHandler] INFO  pipeline.PipelineReportHandler (PipelineReportHandler.java:processPipelineReport(113)) - Reported pipeline PipelineID=cf80c735-cb93-438b-a05e-dff27b2a1031 is not found
2022-04-27 10:53:38,675 [FixedThreadPoolWithAffinityExecutor-0-0] WARN  container.ContainerReportHandler (AbstractContainerReportHandler.java:updateContainerState(255)) - Container #4 is in OPEN state, but the datanode 5305b34f-83d0-4be9-8032-f631ee150b78{ip: 10.1.0.29, host: fv-az270-423.tacnzluakwdehk1hpragurqkma.bx.internal.cloudapp.net, ports: [REPLICATION=45903, RATIS=34741, RATIS_ADMIN=34741, RATIS_SERVER=34741, STANDALONE=45233], networkLocation: /default-rack, certSerialId: null, persistedOpState: IN_SERVICE, persistedOpStateExpiryEpochSec: 0} reports an CLOSED replica.
2022-04-27 10:53:38,862 [EventQueue-PipelineReportForPipelineReportHandler] INFO  pipeline.PipelineReportHandler (PipelineReportHandler.java:processPipelineReport(113)) - Reported pipeline PipelineID=cf80c735-cb93-438b-a05e-dff27b2a1031 is not found
2022-04-27 10:53:38,871 [EventQueue-PipelineReportForPipelineReportHandler] INFO  pipeline.PipelineReportHandler (PipelineReportHandler.java:processPipelineReport(113)) - Reported pipeline PipelineID=cf80c735-cb93-438b-a05e-dff27b2a1031 is not found
2022-04-27 10:53:38,905 [EventQueue-PipelineReportForPipelineReportHandler] INFO  pipeline.PipelineReportHandler (PipelineReportHandler.java:processPipelineReport(113)) - Reported pipeline PipelineID=cf80c735-cb93-438b-a05e-dff27b2a1031 is not found
2022-04-27 10:53:39,076 [FixedThreadPoolWithAffinityExecutor-8-0] WARN  container.ContainerReportHandler (AbstractContainerReportHandler.java:updateContainerState(255)) - Container #4 is in OPEN state, but the datanode 5305b34f-83d0-4be9-8032-f631ee150b78{ip: 10.1.0.29, host: fv-az270-423.tacnzluakwdehk1hpragurqkma.bx.internal.cloudapp.net, ports: [REPLICATION=45903, RATIS=34741, RATIS_ADMIN=34741, RATIS_SERVER=34741, STANDALONE=45233], networkLocation: /default-rack, certSerialId: null, persistedOpState: IN_SERVICE, persistedOpStateExpiryEpochSec: 0} reports an CLOSED replica.
2022-04-27 10:53:39,096 [java.util.concurrent.ThreadPoolExecutor$Worker@31f749fa[State = -1, empty queue]] WARN  server.GrpcLogAppender (GrpcLogAppender.java:timeoutAppendRequest(246)) - 5e6908a8-a78b-4a66-9555-b48c04384dc8@group-EEF7E24D5DDB->fc150688-1f76-4ec0-a672-aaf91f0753c3-GrpcLogAppender: HEARTBEAT appendEntries Timeout, request=AppendEntriesRequest:cid=13274622,entriesCount=0,lastEntry=null
2022-04-27 10:53:39,106 [EventQueue-PipelineReportForPipelineReportHandler] INFO  pipeline.PipelineReportHandler (PipelineReportHandler.java:processPipelineReport(113)) - Reported pipeline PipelineID=cf80c735-cb93-438b-a05e-dff27b2a1031 is not found
2022-04-27 10:53:39,119 [java.util.concurrent.ThreadPoolExecutor$Worker@31f749fa[State = -1, empty queue]] WARN  server.GrpcLogAppender (GrpcLogAppender.java:timeoutAppendRequest(246)) - 5e6908a8-a78b-4a66-9555-b48c04384dc8@group-E78063F29D5F->fc150688-1f76-4ec0-a672-aaf91f0753c3-GrpcLogAppender: HEARTBEAT appendEntries Timeout, request=AppendEntriesRequest:cid=18,entriesCount=0,lastEntry=null
2022-04-27 10:53:39,127 [java.util.concurrent.ThreadPoolExecutor$Worker@31f749fa[State = -1, empty queue]] WARN  server.GrpcLogAppender (GrpcLogAppender.java:timeoutAppendRequest(246)) - 5e6908a8-a78b-4a66-9555-b48c04384dc8@group-E78063F29D5F->fc150688-1f76-4ec0-a672-aaf91f0753c3-GrpcLogAppender: HEARTBEAT appendEntries Timeout, request=AppendEntriesRequest:cid=19,entriesCount=0,lastEntry=null
2022-04-27 10:53:39,263 [EventQueue-PipelineReportForPipelineReportHandler] INFO  pipeline.PipelineReportHandler (PipelineReportHandler.java:processPipelineReport(113)) - Reported pipeline PipelineID=cf80c735-cb93-438b-a05e-dff27b2a1031 is not found
2022-04-27 10:53:39,271 [EventQueue-PipelineReportForPipelineReportHandler] INFO  pipeline.PipelineReportHandler (PipelineReportHandler.java:processPipelineReport(113)) - Reported pipeline PipelineID=cf80c735-cb93-438b-a05e-dff27b2a1031 is not found
2022-04-27 10:53:39,275 [FixedThreadPoolWithAffinityExecutor-0-0] WARN  container.ContainerReportHandler (AbstractContainerReportHandler.java:updateContainerState(255)) - Container #4 is in OPEN state, but the datanode 5305b34f-83d0-4be9-8032-f631ee150b78{ip: 10.1.0.29, host: fv-az270-423.tacnzluakwdehk1hpragurqkma.bx.internal.cloudapp.net, ports: [REPLICATION=45903, RATIS=34741, RATIS_ADMIN=34741, RATIS_SERVER=34741, STANDALONE=45233], networkLocation: /default-rack, certSerialId: null, persistedOpState: IN_SERVICE, persistedOpStateExpiryEpochSec: 0} reports an CLOSED replica.
2022-04-27 10:53:39,463 [EventQueue-PipelineReportForPipelineReportHandler] INFO  pipeline.PipelineReportHandler (PipelineReportHandler.java:processPipelineReport(113)) - Reported pipeline PipelineID=cf80c735-cb93-438b-a05e-dff27b2a1031 is not found
2022-04-27 10:53:39,471 [EventQueue-PipelineReportForPipelineReportHandler] INFO  pipeline.PipelineReportHandler (PipelineReportHandler.java:processPipelineReport(113)) - Reported pipeline PipelineID=cf80c735-cb93-438b-a05e-dff27b2a1031 is not found
2022-04-27 10:53:39,475 [FixedThreadPoolWithAffinityExecutor-8-0] WARN  container.ContainerReportHandler (AbstractContainerReportHandler.java:updateContainerState(255)) - Container #4 is in OPEN state, but the datanode 5305b34f-83d0-4be9-8032-f631ee150b78{ip: 10.1.0.29, host: fv-az270-423.tacnzluakwdehk1hpragurqkma.bx.internal.cloudapp.net, ports: [REPLICATION=45903, RATIS=34741, RATIS_ADMIN=34741, RATIS_SERVER=34741, STANDALONE=45233], networkLocation: /default-rack, certSerialId: null, persistedOpState: IN_SERVICE, persistedOpStateExpiryEpochSec: 0} reports an CLOSED replica.
2022-04-27 10:53:39,505 [EventQueue-PipelineReportForPipelineReportHandler] INFO  pipeline.PipelineReportHandler (PipelineReportHandler.java:processPipelineReport(113)) - Reported pipeline PipelineID=cf80c735-cb93-438b-a05e-dff27b2a1031 is not found
2022-04-27 10:53:39,662 [EventQueue-PipelineReportForPipelineReportHandler] INFO  pipeline.PipelineReportHandler (PipelineReportHandler.java:processPipelineReport(113)) - Reported pipeline PipelineID=cf80c735-cb93-438b-a05e-dff27b2a1031 is not found
2022-04-27 10:53:39,870 [EventQueue-PipelineReportForPipelineReportHandler] INFO  pipeline.PipelineReportHandler (PipelineReportHandler.java:processPipelineReport(113)) - Reported pipeline PipelineID=cf80c735-cb93-438b-a05e-dff27b2a1031 is not found
2022-04-27 10:53:39,875 [FixedThreadPoolWithAffinityExecutor-8-0] WARN  container.ContainerReportHandler (AbstractContainerReportHandler.java:updateContainerState(255)) - Container #4 is in OPEN state, but the datanode 5305b34f-83d0-4be9-8032-f631ee150b78{ip: 10.1.0.29, host: fv-az270-423.tacnzluakwdehk1hpragurqkma.bx.internal.cloudapp.net, ports: [REPLICATION=45903, RATIS=34741, RATIS_ADMIN=34741, RATIS_SERVER=34741, STANDALONE=45233], networkLocation: /default-rack, certSerialId: null, persistedOpState: IN_SERVICE, persistedOpStateExpiryEpochSec: 0} reports an CLOSED replica.
2022-04-27 10:53:39,905 [EventQueue-PipelineReportForPipelineReportHandler] INFO  pipeline.PipelineReportHandler (PipelineReportHandler.java:processPipelineReport(113)) - Reported pipeline PipelineID=cf80c735-cb93-438b-a05e-dff27b2a1031 is not found
2022-04-27 10:53:40,062 [EventQueue-PipelineReportForPipelineReportHandler] INFO  pipeline.PipelineReportHandler (PipelineReportHandler.java:processPipelineReport(113)) - Reported pipeline PipelineID=cf80c735-cb93-438b-a05e-dff27b2a1031 is not found
2022-04-27 10:53:40,071 [EventQueue-PipelineReportForPipelineReportHandler] INFO  pipeline.PipelineReportHandler (PipelineReportHandler.java:processPipelineReport(113)) - Reported pipeline PipelineID=cf80c735-cb93-438b-a05e-dff27b2a1031 is not found
2022-04-27 10:53:40,076 [FixedThreadPoolWithAffinityExecutor-9-0] WARN  container.ContainerReportHandler (AbstractContainerReportHandler.java:updateContainerState(255)) - Container #4 is in OPEN state, but the datanode 5305b34f-83d0-4be9-8032-f631ee150b78{ip: 10.1.0.29, host: fv-az270-423.tacnzluakwdehk1hpragurqkma.bx.internal.cloudapp.net, ports: [REPLICATION=45903, RATIS=34741, RATIS_ADMIN=34741, RATIS_SERVER=34741, STANDALONE=45233], networkLocation: /default-rack, certSerialId: null, persistedOpState: IN_SERVICE, persistedOpStateExpiryEpochSec: 0} reports an CLOSED replica.
2022-04-27 10:53:40,263 [EventQueue-PipelineReportForPipelineReportHandler] INFO  pipeline.PipelineReportHandler (PipelineReportHandler.java:processPipelineReport(113)) - Reported pipeline PipelineID=cf80c735-cb93-438b-a05e-dff27b2a1031 is not found
2022-04-27 10:53:40,272 [EventQueue-PipelineReportForPipelineReportHandler] INFO  pipeline.PipelineReportHandler (PipelineReportHandler.java:processPipelineReport(113)) - Reported pipeline PipelineID=cf80c735-cb93-438b-a05e-dff27b2a1031 is not found
2022-04-27 10:53:40,276 [FixedThreadPoolWithAffinityExecutor-1-0] WARN  container.ContainerReportHandler (AbstractContainerReportHandler.java:updateContainerState(255)) - Container #4 is in OPEN state, but the datanode 5305b34f-83d0-4be9-8032-f631ee150b78{ip: 10.1.0.29, host: fv-az270-423.tacnzluakwdehk1hpragurqkma.bx.internal.cloudapp.net, ports: [REPLICATION=45903, RATIS=34741, RATIS_ADMIN=34741, RATIS_SERVER=34741, STANDALONE=45233], networkLocation: /default-rack, certSerialId: null, persistedOpState: IN_SERVICE, persistedOpStateExpiryEpochSec: 0} reports an CLOSED replica.
2022-04-27 10:53:40,306 [EventQueue-PipelineReportForPipelineReportHandler] INFO  pipeline.PipelineReportHandler (PipelineReportHandler.java:processPipelineReport(113)) - Reported pipeline PipelineID=cf80c735-cb93-438b-a05e-dff27b2a1031 is not found
2022-04-27 10:53:40,472 [EventQueue-PipelineReportForPipelineReportHandler] INFO  pipeline.PipelineReportHandler (PipelineReportHandler.java:processPipelineReport(113)) - Reported pipeline PipelineID=cf80c735-cb93-438b-a05e-dff27b2a1031 is not found
2022-04-27 10:53:40,507 [EventQueue-PipelineReportForPipelineReportHandler] INFO  pipeline.PipelineReportHandler (PipelineReportHandler.java:processPipelineReport(113)) - Reported pipeline PipelineID=cf80c735-cb93-438b-a05e-dff27b2a1031 is not found
2022-04-27 10:53:40,663 [EventQueue-PipelineReportForPipelineReportHandler] INFO  pipeline.PipelineReportHandler (PipelineReportHandler.java:processPipelineReport(113)) - Reported pipeline PipelineID=cf80c735-cb93-438b-a05e-dff27b2a1031 is not found
2022-04-27 10:53:40,676 [FixedThreadPoolWithAffinityExecutor-0-0] WARN  container.ContainerReportHandler (AbstractContainerReportHandler.java:updateContainerState(255)) - Container #4 is in OPEN state, but the datanode 5305b34f-83d0-4be9-8032-f631ee150b78{ip: 10.1.0.29, host: fv-az270-423.tacnzluakwdehk1hpragurqkma.bx.internal.cloudapp.net, ports: [REPLICATION=45903, RATIS=34741, RATIS_ADMIN=34741, RATIS_SERVER=34741, STANDALONE=45233], networkLocation: /default-rack, certSerialId: null, persistedOpState: IN_SERVICE, persistedOpStateExpiryEpochSec: 0} reports an CLOSED replica.
2022-04-27 10:53:40,781 [Listener at 127.0.0.1/43313] WARN  io.KeyOutputStream (KeyOutputStream.java:handleException(309)) - Encountered exception java.io.IOException: Unexpected Storage Container Exception: java.util.concurrent.CompletionException: Failed to write chunk 109611004723200011_chunk_1 into block conID: 11 locID: 109611004723200011 bcsId: 0 on the pipeline Pipeline[ Id: 8ca8e877-4856-4220-bb74-75ab1b4ba813, Nodes: 5305b34f-83d0-4be9-8032-f631ee150b78{ip: 10.1.0.29, host: fv-az270-423.tacnzluakwdehk1hpragurqkma.bx.internal.cloudapp.net, ports: [REPLICATION=45903, RATIS=34741, RATIS_ADMIN=34741, RATIS_SERVER=34741, STANDALONE=45233], networkLocation: /default-rack, certSerialId: null, persistedOpState: IN_SERVICE, persistedOpStateExpiryEpochSec: 0}b4543bad-81d3-4f1d-9fc6-5e97dcd2d8eb{ip: 10.1.0.29, host: fv-az270-423.tacnzluakwdehk1hpragurqkma.bx.internal.cloudapp.net, ports: [REPLICATION=41789, RATIS=41129, RATIS_ADMIN=41129, RATIS_SERVER=41129, STANDALONE=36927], networkLocation: /default-rack, certSerialId: null, persistedOpState: IN_SERVICE, persistedOpStateExpiryEpochSec: 0}fb1b2524-5f72-4172-b06b-98bf8bab58d7{ip: 10.1.0.29, host: fv-az270-423.tacnzluakwdehk1hpragurqkma.bx.internal.cloudapp.net, ports: [REPLICATION=34055, RATIS=34621, RATIS_ADMIN=34621, RATIS_SERVER=34621, STANDALONE=35257], networkLocation: /default-rack, certSerialId: null, persistedOpState: IN_SERVICE, persistedOpStateExpiryEpochSec: 0}, ReplicationConfig: RATIS/THREE, State:OPEN, leaderId:5305b34f-83d0-4be9-8032-f631ee150b78, CreationTimestamp2022-04-27T10:51:55.715Z[Etc/UTC]]. The last committed block length is 0, uncommitted data length is 10 retry count 0
2022-04-27 10:53:40,789 [IPC Server handler 18 on default port 38805] INFO  pipeline.RatisPipelineProvider (RatisPipelineProvider.java:lambda$create$0(195)) - Sending CreatePipelineCommand for pipeline:PipelineID=93f665e0-829f-4506-a843-57de26798040 to datanode:fb1b2524-5f72-4172-b06b-98bf8bab58d7
2022-04-27 10:53:40,789 [IPC Server handler 18 on default port 38805] INFO  pipeline.RatisPipelineProvider (RatisPipelineProvider.java:lambda$create$0(195)) - Sending CreatePipelineCommand for pipeline:PipelineID=93f665e0-829f-4506-a843-57de26798040 to datanode:5305b34f-83d0-4be9-8032-f631ee150b78
2022-04-27 10:53:40,789 [IPC Server handler 18 on default port 38805] INFO  pipeline.RatisPipelineProvider (RatisPipelineProvider.java:lambda$create$0(195)) - Sending CreatePipelineCommand for pipeline:PipelineID=93f665e0-829f-4506-a843-57de26798040 to datanode:7171416e-d570-4db8-8282-6e036003ab52
2022-04-27 10:53:40,790 [IPC Server handler 18 on default port 38805] INFO  pipeline.PipelineStateManagerImpl (PipelineStateManagerImpl.java:addPipeline(101)) - Created pipeline Pipeline[ Id: 93f665e0-829f-4506-a843-57de26798040, Nodes: fb1b2524-5f72-4172-b06b-98bf8bab58d7{ip: 10.1.0.29, host: fv-az270-423.tacnzluakwdehk1hpragurqkma.bx.internal.cloudapp.net, ports: [REPLICATION=34055, RATIS=34621, RATIS_ADMIN=34621, RATIS_SERVER=34621, STANDALONE=35257], networkLocation: /default-rack, certSerialId: null, persistedOpState: IN_SERVICE, persistedOpStateExpiryEpochSec: 0}5305b34f-83d0-4be9-8032-f631ee150b78{ip: 10.1.0.29, host: fv-az270-423.tacnzluakwdehk1hpragurqkma.bx.internal.cloudapp.net, ports: [REPLICATION=45903, RATIS=34741, RATIS_ADMIN=34741, RATIS_SERVER=34741, STANDALONE=45233], networkLocation: /default-rack, certSerialId: null, persistedOpState: IN_SERVICE, persistedOpStateExpiryEpochSec: 0}7171416e-d570-4db8-8282-6e036003ab52{ip: 10.1.0.29, host: fv-az270-423.tacnzluakwdehk1hpragurqkma.bx.internal.cloudapp.net, ports: [REPLICATION=32879, RATIS=35393, RATIS_ADMIN=35393, RATIS_SERVER=35393, STANDALONE=34561], networkLocation: /default-rack, certSerialId: null, persistedOpState: IN_SERVICE, persistedOpStateExpiryEpochSec: 0}, ReplicationConfig: RATIS/THREE, State:ALLOCATED, leaderId:, CreationTimestamp2022-04-27T10:53:40.789Z[Etc/UTC]].
2022-04-27 10:53:40,871 [EventQueue-PipelineReportForPipelineReportHandler] INFO  pipeline.PipelineReportHandler (PipelineReportHandler.java:processPipelineReport(113)) - Reported pipeline PipelineID=cf80c735-cb93-438b-a05e-dff27b2a1031 is not found
2022-04-27 10:53:40,908 [EventQueue-PipelineReportForPipelineReportHandler] INFO  pipeline.PipelineReportHandler (PipelineReportHandler.java:processPipelineReport(113)) - Reported pipeline PipelineID=cf80c735-cb93-438b-a05e-dff27b2a1031 is not found
2022-04-27 10:53:40,991 [IPC Server handler 18 on default port 38805] WARN  pipeline.WritableRatisContainerProvider (WritableRatisContainerProvider.java:getContainer(129)) - Pipeline creation failed for repConfig: RATIS/THREE. Retrying get pipelines call once.
java.io.IOException: Pipeline PipelineID=93f665e0-829f-4506-a843-57de26798040 is not ready in 200 ms
	at org.apache.hadoop.hdds.scm.pipeline.PipelineManagerImpl.waitPipelineReady(PipelineManagerImpl.java:550)
	at org.apache.hadoop.hdds.scm.pipeline.WritableRatisContainerProvider.getContainer(WritableRatisContainerProvider.java:122)
	at org.apache.hadoop.hdds.scm.pipeline.WritableContainerFactory.getContainer(WritableContainerFactory.java:57)
	at org.apache.hadoop.hdds.scm.block.BlockManagerImpl.allocateBlock(BlockManagerImpl.java:176)
	at org.apache.hadoop.hdds.scm.server.SCMBlockProtocolServer.allocateBlock(SCMBlockProtocolServer.java:194)
	at org.apache.hadoop.hdds.scm.protocol.ScmBlockLocationProtocolServerSideTranslatorPB.allocateScmBlock(ScmBlockLocationProtocolServerSideTranslatorPB.java:192)
	at org.apache.hadoop.hdds.scm.protocol.ScmBlockLocationProtocolServerSideTranslatorPB.processMessage(ScmBlockLocationProtocolServerSideTranslatorPB.java:142)
	at org.apache.hadoop.hdds.server.OzoneProtocolMessageDispatcher.processRequest(OzoneProtocolMessageDispatcher.java:87)
	at org.apache.hadoop.hdds.scm.protocol.ScmBlockLocationProtocolServerSideTranslatorPB.send(ScmBlockLocationProtocolServerSideTranslatorPB.java:113)
	at org.apache.hadoop.hdds.protocol.proto.ScmBlockLocationProtocolProtos$ScmBlockLocationProtocolService$2.callBlockingMethod(ScmBlockLocationProtocolProtos.java:14202)
	at org.apache.hadoop.ipc.ProtobufRpcEngine$Server.processCall(ProtobufRpcEngine.java:466)
	at org.apache.hadoop.ipc.ProtobufRpcEngine2$Server$ProtoBufRpcInvoker.call(ProtobufRpcEngine2.java:574)
	at org.apache.hadoop.ipc.ProtobufRpcEngine2$Server$ProtoBufRpcInvoker.call(ProtobufRpcEngine2.java:552)
	at org.apache.hadoop.ipc.RPC$Server.call(RPC.java:1093)
	at org.apache.hadoop.ipc.Server$RpcCall.run(Server.java:1035)
	at org.apache.hadoop.ipc.Server$RpcCall.run(Server.java:963)
	at java.security.AccessController.doPrivileged(Native Method)
	at javax.security.auth.Subject.doAs(Subject.java:422)
	at org.apache.hadoop.security.UserGroupInformation.doAs(UserGroupInformation.java:1878)
	at org.apache.hadoop.ipc.Server$Handler.run(Server.java:2966)
2022-04-27 10:53:40,993 [IPC Server handler 18 on default port 38805] INFO  pipeline.WritableRatisContainerProvider (WritableRatisContainerProvider.java:getContainer(147)) - Could not find available pipeline of repConfig: RATIS/THREE even after retrying
2022-04-27 10:53:40,993 [IPC Server handler 18 on default port 38805] ERROR pipeline.WritableRatisContainerProvider (WritableRatisContainerProvider.java:getContainer(164)) - Unable to allocate a block for the size: 4194304, repConfig: RATIS/THREE
2022-04-27 10:53:40,993 [IPC Server handler 18 on default port 38805] ERROR block.BlockManagerImpl (BlockManagerImpl.java:allocateBlock(184)) - Unable to allocate a block for the size: 4194304, replicationConfig: RATIS/THREE
]]></system-out>
  </testcase>
  <testcase name="testApplyTransactionFailure" classname="org.apache.hadoop.ozone.client.rpc.TestContainerStateMachineFailures" time="6.047">
    <system-out><![CDATA[2022-04-27 10:53:41,063 [EventQueue-PipelineReportForPipelineReportHandler] INFO  pipeline.PipelineReportHandler (PipelineReportHandler.java:processPipelineReport(113)) - Reported pipeline PipelineID=cf80c735-cb93-438b-a05e-dff27b2a1031 is not found
2022-04-27 10:53:41,076 [FixedThreadPoolWithAffinityExecutor-0-0] WARN  container.ContainerReportHandler (AbstractContainerReportHandler.java:updateContainerState(255)) - Container #4 is in OPEN state, but the datanode 5305b34f-83d0-4be9-8032-f631ee150b78{ip: 10.1.0.29, host: fv-az270-423.tacnzluakwdehk1hpragurqkma.bx.internal.cloudapp.net, ports: [REPLICATION=45903, RATIS=34741, RATIS_ADMIN=34741, RATIS_SERVER=34741, STANDALONE=45233], networkLocation: /default-rack, certSerialId: null, persistedOpState: IN_SERVICE, persistedOpStateExpiryEpochSec: 0} reports an CLOSED replica.
2022-04-27 10:53:41,108 [EventQueue-PipelineReportForPipelineReportHandler] INFO  pipeline.PipelineReportHandler (PipelineReportHandler.java:processPipelineReport(113)) - Reported pipeline PipelineID=cf80c735-cb93-438b-a05e-dff27b2a1031 is not found
2022-04-27 10:53:41,149 [5e3f1479-9daf-43cd-8651-224960992f9b@group-760431D8F0E0-StateMachineUpdater] INFO  ratis.ContainerStateMachine (ContainerStateMachine.java:takeSnapshot(304)) - group-760431D8F0E0: Taking a snapshot at:(t:1, i:1) file /home/runner/work/ozone/ozone/hadoop-ozone/integration-test/target/test-dir/MiniOzoneClusterImpl-6fb830c9-5413-49cc-a625-6cf41c4e5c97/datanode-5/data/ratis/49ef6d15-2e42-49a2-8056-760431d8f0e0/sm/snapshot.1_1
2022-04-27 10:53:41,164 [5e3f1479-9daf-43cd-8651-224960992f9b@group-760431D8F0E0-StateMachineUpdater] INFO  ratis.ContainerStateMachine (ContainerStateMachine.java:takeSnapshot(315)) - group-760431D8F0E0: Finished taking a snapshot at:(t:1, i:1) file:/home/runner/work/ozone/ozone/hadoop-ozone/integration-test/target/test-dir/MiniOzoneClusterImpl-6fb830c9-5413-49cc-a625-6cf41c4e5c97/datanode-5/data/ratis/49ef6d15-2e42-49a2-8056-760431d8f0e0/sm/snapshot.1_1 took: 15 ms
2022-04-27 10:53:41,164 [5e3f1479-9daf-43cd-8651-224960992f9b@group-760431D8F0E0-StateMachineUpdater] INFO  impl.StateMachineUpdater (StateMachineUpdater.java:takeSnapshot(281)) - 5e3f1479-9daf-43cd-8651-224960992f9b@group-760431D8F0E0-StateMachineUpdater: Took a snapshot at index 1
2022-04-27 10:53:41,164 [5e3f1479-9daf-43cd-8651-224960992f9b@group-760431D8F0E0-StateMachineUpdater] INFO  impl.StateMachineUpdater (StateMachineUpdater.java:lambda$new$0(89)) - 5e3f1479-9daf-43cd-8651-224960992f9b@group-760431D8F0E0-StateMachineUpdater: snapshotIndex: updateIncreasingly 0 -> 1
2022-04-27 10:53:41,164 [5e3f1479-9daf-43cd-8651-224960992f9b@group-760431D8F0E0-StateMachineUpdater] INFO  ratis.ContainerStateMachine (ContainerStateMachine.java:takeSnapshot(304)) - group-760431D8F0E0: Taking a snapshot at:(t:1, i:3) file /home/runner/work/ozone/ozone/hadoop-ozone/integration-test/target/test-dir/MiniOzoneClusterImpl-6fb830c9-5413-49cc-a625-6cf41c4e5c97/datanode-5/data/ratis/49ef6d15-2e42-49a2-8056-760431d8f0e0/sm/snapshot.1_3
2022-04-27 10:53:41,165 [5e3f1479-9daf-43cd-8651-224960992f9b@group-760431D8F0E0-StateMachineUpdater] INFO  ratis.ContainerStateMachine (ContainerStateMachine.java:takeSnapshot(315)) - group-760431D8F0E0: Finished taking a snapshot at:(t:1, i:3) file:/home/runner/work/ozone/ozone/hadoop-ozone/integration-test/target/test-dir/MiniOzoneClusterImpl-6fb830c9-5413-49cc-a625-6cf41c4e5c97/datanode-5/data/ratis/49ef6d15-2e42-49a2-8056-760431d8f0e0/sm/snapshot.1_3 took: 1 ms
2022-04-27 10:53:41,166 [5e3f1479-9daf-43cd-8651-224960992f9b@group-760431D8F0E0-StateMachineUpdater] INFO  impl.StateMachineUpdater (StateMachineUpdater.java:takeSnapshot(281)) - 5e3f1479-9daf-43cd-8651-224960992f9b@group-760431D8F0E0-StateMachineUpdater: Took a snapshot at index 3
2022-04-27 10:53:41,166 [5e3f1479-9daf-43cd-8651-224960992f9b@group-760431D8F0E0-StateMachineUpdater] INFO  impl.StateMachineUpdater (StateMachineUpdater.java:lambda$new$0(89)) - 5e3f1479-9daf-43cd-8651-224960992f9b@group-760431D8F0E0-StateMachineUpdater: snapshotIndex: updateIncreasingly 1 -> 3
2022-04-27 10:53:41,235 [5e3f1479-9daf-43cd-8651-224960992f9b@group-760431D8F0E0-StateMachineUpdater] INFO  ratis.ContainerStateMachine (ContainerStateMachine.java:takeSnapshot(304)) - group-760431D8F0E0: Taking a snapshot at:(t:1, i:5) file /home/runner/work/ozone/ozone/hadoop-ozone/integration-test/target/test-dir/MiniOzoneClusterImpl-6fb830c9-5413-49cc-a625-6cf41c4e5c97/datanode-5/data/ratis/49ef6d15-2e42-49a2-8056-760431d8f0e0/sm/snapshot.1_5
2022-04-27 10:53:41,237 [5e3f1479-9daf-43cd-8651-224960992f9b@group-760431D8F0E0-StateMachineUpdater] INFO  ratis.ContainerStateMachine (ContainerStateMachine.java:takeSnapshot(315)) - group-760431D8F0E0: Finished taking a snapshot at:(t:1, i:5) file:/home/runner/work/ozone/ozone/hadoop-ozone/integration-test/target/test-dir/MiniOzoneClusterImpl-6fb830c9-5413-49cc-a625-6cf41c4e5c97/datanode-5/data/ratis/49ef6d15-2e42-49a2-8056-760431d8f0e0/sm/snapshot.1_5 took: 2 ms
2022-04-27 10:53:41,237 [5e3f1479-9daf-43cd-8651-224960992f9b@group-760431D8F0E0-StateMachineUpdater] INFO  impl.StateMachineUpdater (StateMachineUpdater.java:takeSnapshot(281)) - 5e3f1479-9daf-43cd-8651-224960992f9b@group-760431D8F0E0-StateMachineUpdater: Took a snapshot at index 5
2022-04-27 10:53:41,238 [5e3f1479-9daf-43cd-8651-224960992f9b@group-760431D8F0E0-StateMachineUpdater] INFO  impl.StateMachineUpdater (StateMachineUpdater.java:lambda$new$0(89)) - 5e3f1479-9daf-43cd-8651-224960992f9b@group-760431D8F0E0-StateMachineUpdater: snapshotIndex: updateIncreasingly 3 -> 5
2022-04-27 10:53:41,238 [5e3f1479-9daf-43cd-8651-224960992f9b@group-760431D8F0E0-StateMachineUpdater] INFO  ratis.ContainerStateMachine (ContainerStateMachine.java:takeSnapshot(304)) - group-760431D8F0E0: Taking a snapshot at:(t:1, i:6) file /home/runner/work/ozone/ozone/hadoop-ozone/integration-test/target/test-dir/MiniOzoneClusterImpl-6fb830c9-5413-49cc-a625-6cf41c4e5c97/datanode-5/data/ratis/49ef6d15-2e42-49a2-8056-760431d8f0e0/sm/snapshot.1_6
2022-04-27 10:53:41,244 [5e3f1479-9daf-43cd-8651-224960992f9b@group-760431D8F0E0-StateMachineUpdater] INFO  ratis.ContainerStateMachine (ContainerStateMachine.java:takeSnapshot(315)) - group-760431D8F0E0: Finished taking a snapshot at:(t:1, i:6) file:/home/runner/work/ozone/ozone/hadoop-ozone/integration-test/target/test-dir/MiniOzoneClusterImpl-6fb830c9-5413-49cc-a625-6cf41c4e5c97/datanode-5/data/ratis/49ef6d15-2e42-49a2-8056-760431d8f0e0/sm/snapshot.1_6 took: 6 ms
2022-04-27 10:53:41,245 [5e3f1479-9daf-43cd-8651-224960992f9b@group-760431D8F0E0-StateMachineUpdater] INFO  impl.StateMachineUpdater (StateMachineUpdater.java:takeSnapshot(281)) - 5e3f1479-9daf-43cd-8651-224960992f9b@group-760431D8F0E0-StateMachineUpdater: Took a snapshot at index 6
2022-04-27 10:53:41,245 [5e3f1479-9daf-43cd-8651-224960992f9b@group-760431D8F0E0-StateMachineUpdater] INFO  impl.StateMachineUpdater (StateMachineUpdater.java:lambda$new$0(89)) - 5e3f1479-9daf-43cd-8651-224960992f9b@group-760431D8F0E0-StateMachineUpdater: snapshotIndex: updateIncreasingly 5 -> 6
2022-04-27 10:53:41,251 [Listener at 127.0.0.1/43313] INFO  ratis.ContainerStateMachine (ContainerStateMachine.java:takeSnapshot(304)) - group-760431D8F0E0: Taking a snapshot at:(t:1, i:6) file /home/runner/work/ozone/ozone/hadoop-ozone/integration-test/target/test-dir/MiniOzoneClusterImpl-6fb830c9-5413-49cc-a625-6cf41c4e5c97/datanode-5/data/ratis/49ef6d15-2e42-49a2-8056-760431d8f0e0/sm/snapshot.1_6
2022-04-27 10:53:41,252 [Listener at 127.0.0.1/43313] INFO  ratis.ContainerStateMachine (ContainerStateMachine.java:takeSnapshot(315)) - group-760431D8F0E0: Finished taking a snapshot at:(t:1, i:6) file:/home/runner/work/ozone/ozone/hadoop-ozone/integration-test/target/test-dir/MiniOzoneClusterImpl-6fb830c9-5413-49cc-a625-6cf41c4e5c97/datanode-5/data/ratis/49ef6d15-2e42-49a2-8056-760431d8f0e0/sm/snapshot.1_6 took: 1 ms
2022-04-27 10:53:41,253 [Listener at 127.0.0.1/43313] INFO  ozone.MiniOzoneClusterImpl (MiniOzoneClusterImpl.java:getStorageContainerLocationClient(344)) - Creating StorageContainerLocationProtocol RPC client with address /0.0.0.0:37057
2022-04-27 10:53:41,271 [EventQueue-PipelineReportForPipelineReportHandler] INFO  pipeline.PipelineReportHandler (PipelineReportHandler.java:processPipelineReport(113)) - Reported pipeline PipelineID=cf80c735-cb93-438b-a05e-dff27b2a1031 is not found
2022-04-27 10:53:41,276 [FixedThreadPoolWithAffinityExecutor-9-0] WARN  container.ContainerReportHandler (AbstractContainerReportHandler.java:updateContainerState(255)) - Container #4 is in OPEN state, but the datanode 5305b34f-83d0-4be9-8032-f631ee150b78{ip: 10.1.0.29, host: fv-az270-423.tacnzluakwdehk1hpragurqkma.bx.internal.cloudapp.net, ports: [REPLICATION=45903, RATIS=34741, RATIS_ADMIN=34741, RATIS_SERVER=34741, STANDALONE=45233], networkLocation: /default-rack, certSerialId: null, persistedOpState: IN_SERVICE, persistedOpStateExpiryEpochSec: 0} reports an CLOSED replica.
2022-04-27 10:53:41,298 [ContainerOp-49ef6d15-2e42-49a2-8056-760431d8f0e0-4] INFO  keyvalue.KeyValueHandler (ContainerUtils.java:logAndReturnError(88)) - Operation: CloseContainer , Trace ID:  , Message: Error while creating/ updating .container file. ContainerID: 12 , Result: CONTAINER_FILES_CREATE_ERROR , StorageContainerException Occurred.
org.apache.hadoop.hdds.scm.container.common.helpers.StorageContainerException: Error while creating/ updating .container file. ContainerID: 12
	at org.apache.hadoop.ozone.container.keyvalue.KeyValueContainer.writeToContainerFile(KeyValueContainer.java:256)
	at org.apache.hadoop.ozone.container.keyvalue.KeyValueContainer.updateContainerFile(KeyValueContainer.java:276)
	at org.apache.hadoop.ozone.container.keyvalue.KeyValueContainer.updateContainerData(KeyValueContainer.java:396)
	at org.apache.hadoop.ozone.container.keyvalue.KeyValueContainer.markContainerForClose(KeyValueContainer.java:307)
	at org.apache.hadoop.ozone.container.keyvalue.KeyValueHandler.markContainerForClose(KeyValueHandler.java:974)
	at org.apache.hadoop.ozone.container.keyvalue.KeyValueHandler.handleCloseContainer(KeyValueHandler.java:423)
	at org.apache.hadoop.ozone.container.keyvalue.KeyValueHandler.dispatchRequest(KeyValueHandler.java:212)
	at org.apache.hadoop.ozone.container.keyvalue.KeyValueHandler.handle(KeyValueHandler.java:190)
	at org.apache.hadoop.ozone.container.common.impl.HddsDispatcher.dispatchRequest(HddsDispatcher.java:307)
	at org.apache.hadoop.ozone.container.common.impl.HddsDispatcher.lambda$dispatch$0(HddsDispatcher.java:169)
	at org.apache.hadoop.hdds.server.OzoneProtocolMessageDispatcher.processRequest(OzoneProtocolMessageDispatcher.java:87)
	at org.apache.hadoop.ozone.container.common.impl.HddsDispatcher.dispatch(HddsDispatcher.java:168)
	at org.apache.hadoop.ozone.container.common.transport.server.ratis.ContainerStateMachine.dispatchCommand(ContainerStateMachine.java:413)
	at org.apache.hadoop.ozone.container.common.transport.server.ratis.ContainerStateMachine.runCommand(ContainerStateMachine.java:423)
	at org.apache.hadoop.ozone.container.common.transport.server.ratis.ContainerStateMachine.lambda$submitTask$6(ContainerStateMachine.java:738)
	at org.apache.ratis.util.TaskQueue.lambda$submit$0(TaskQueue.java:121)
	at org.apache.ratis.util.LogUtils.runAndLog(LogUtils.java:38)
	at org.apache.ratis.util.LogUtils$1.run(LogUtils.java:79)
	at java.util.concurrent.Executors$RunnableAdapter.call(Executors.java:511)
	at java.util.concurrent.FutureTask.run(FutureTask.java:266)
	at java.util.concurrent.ThreadPoolExecutor.runWorker(ThreadPoolExecutor.java:1149)
	at java.util.concurrent.ThreadPoolExecutor$Worker.run(ThreadPoolExecutor.java:624)
	at java.lang.Thread.run(Thread.java:750)
Caused by: java.io.IOException: No such file or directory
	at java.io.UnixFileSystem.createFileExclusively(Native Method)
	at java.io.File.createTempFile(File.java:2063)
	at org.apache.hadoop.ozone.container.keyvalue.KeyValueContainer.createTempFile(KeyValueContainer.java:849)
	at org.apache.hadoop.ozone.container.keyvalue.KeyValueContainer.writeToContainerFile(KeyValueContainer.java:240)
	... 22 more
2022-04-27 10:53:41,298 [ContainerOp-49ef6d15-2e42-49a2-8056-760431d8f0e0-4] WARN  keyvalue.KeyValueHandler (KeyValueHandler.java:markContainerUnhealthy(994)) - Unexpected error while marking container 12 as unhealthy
org.apache.hadoop.hdds.scm.container.common.helpers.StorageContainerException: Error while creating/ updating .container file. ContainerID: 12
	at org.apache.hadoop.ozone.container.keyvalue.KeyValueContainer.writeToContainerFile(KeyValueContainer.java:256)
	at org.apache.hadoop.ozone.container.keyvalue.KeyValueContainer.updateContainerFile(KeyValueContainer.java:276)
	at org.apache.hadoop.ozone.container.keyvalue.KeyValueContainer.updateContainerData(KeyValueContainer.java:396)
	at org.apache.hadoop.ozone.container.keyvalue.KeyValueContainer.markContainerUnhealthy(KeyValueContainer.java:321)
	at org.apache.hadoop.ozone.container.keyvalue.KeyValueHandler.markContainerUnhealthy(KeyValueHandler.java:989)
	at org.apache.hadoop.ozone.container.common.impl.HddsDispatcher.dispatchRequest(HddsDispatcher.java:350)
	at org.apache.hadoop.ozone.container.common.impl.HddsDispatcher.lambda$dispatch$0(HddsDispatcher.java:169)
	at org.apache.hadoop.hdds.server.OzoneProtocolMessageDispatcher.processRequest(OzoneProtocolMessageDispatcher.java:87)
	at org.apache.hadoop.ozone.container.common.impl.HddsDispatcher.dispatch(HddsDispatcher.java:168)
	at org.apache.hadoop.ozone.container.common.transport.server.ratis.ContainerStateMachine.dispatchCommand(ContainerStateMachine.java:413)
	at org.apache.hadoop.ozone.container.common.transport.server.ratis.ContainerStateMachine.runCommand(ContainerStateMachine.java:423)
	at org.apache.hadoop.ozone.container.common.transport.server.ratis.ContainerStateMachine.lambda$submitTask$6(ContainerStateMachine.java:738)
	at org.apache.ratis.util.TaskQueue.lambda$submit$0(TaskQueue.java:121)
	at org.apache.ratis.util.LogUtils.runAndLog(LogUtils.java:38)
	at org.apache.ratis.util.LogUtils$1.run(LogUtils.java:79)
	at java.util.concurrent.Executors$RunnableAdapter.call(Executors.java:511)
	at java.util.concurrent.FutureTask.run(FutureTask.java:266)
	at java.util.concurrent.ThreadPoolExecutor.runWorker(ThreadPoolExecutor.java:1149)
	at java.util.concurrent.ThreadPoolExecutor$Worker.run(ThreadPoolExecutor.java:624)
	at java.lang.Thread.run(Thread.java:750)
Caused by: java.io.IOException: No such file or directory
	at java.io.UnixFileSystem.createFileExclusively(Native Method)
	at java.io.File.createTempFile(File.java:2063)
	at org.apache.hadoop.ozone.container.keyvalue.KeyValueContainer.createTempFile(KeyValueContainer.java:849)
	at org.apache.hadoop.ozone.container.keyvalue.KeyValueContainer.writeToContainerFile(KeyValueContainer.java:240)
	... 19 more
2022-04-27 10:53:41,299 [ContainerOp-49ef6d15-2e42-49a2-8056-760431d8f0e0-4] INFO  impl.HddsDispatcher (HddsDispatcher.java:dispatchRequest(351)) - Marked Container UNHEALTHY, ContainerID: 12
10:53:41.299 [ContainerOp-49ef6d15-2e42-49a2-8056-760431d8f0e0-4] ERROR DNAudit - user=null | ip=null | op=CLOSE_CONTAINER {containerID=12} | ret=FAILURE
java.lang.Exception: Error while creating/ updating .container file. ContainerID: 12
	at org.apache.hadoop.ozone.container.common.impl.HddsDispatcher.dispatchRequest(HddsDispatcher.java:369) ~[hdds-container-service-1.3.0-SNAPSHOT.jar:?]
	at org.apache.hadoop.ozone.container.common.impl.HddsDispatcher.lambda$dispatch$0(HddsDispatcher.java:169) ~[hdds-container-service-1.3.0-SNAPSHOT.jar:?]
	at org.apache.hadoop.hdds.server.OzoneProtocolMessageDispatcher.processRequest(OzoneProtocolMessageDispatcher.java:87) ~[hdds-server-framework-1.3.0-SNAPSHOT.jar:?]
	at org.apache.hadoop.ozone.container.common.impl.HddsDispatcher.dispatch(HddsDispatcher.java:168) ~[hdds-container-service-1.3.0-SNAPSHOT.jar:?]
	at org.apache.hadoop.ozone.container.common.transport.server.ratis.ContainerStateMachine.dispatchCommand(ContainerStateMachine.java:413) ~[hdds-container-service-1.3.0-SNAPSHOT.jar:?]
	at org.apache.hadoop.ozone.container.common.transport.server.ratis.ContainerStateMachine.runCommand(ContainerStateMachine.java:423) ~[hdds-container-service-1.3.0-SNAPSHOT.jar:?]
	at org.apache.hadoop.ozone.container.common.transport.server.ratis.ContainerStateMachine.lambda$submitTask$6(ContainerStateMachine.java:738) ~[hdds-container-service-1.3.0-SNAPSHOT.jar:?]
	at org.apache.ratis.util.TaskQueue.lambda$submit$0(TaskQueue.java:121) ~[ratis-common-2.2.0.jar:2.2.0]
	at org.apache.ratis.util.LogUtils.runAndLog(LogUtils.java:38) [ratis-common-2.2.0.jar:2.2.0]
	at org.apache.ratis.util.LogUtils$1.run(LogUtils.java:79) [ratis-common-2.2.0.jar:2.2.0]
	at java.util.concurrent.Executors$RunnableAdapter.call(Executors.java:511) [?:1.8.0_322]
	at java.util.concurrent.FutureTask.run(FutureTask.java:266) [?:1.8.0_322]
	at java.util.concurrent.ThreadPoolExecutor.runWorker(ThreadPoolExecutor.java:1149) [?:1.8.0_322]
	at java.util.concurrent.ThreadPoolExecutor$Worker.run(ThreadPoolExecutor.java:624) [?:1.8.0_322]
	at java.lang.Thread.run(Thread.java:750) [?:1.8.0_322]
2022-04-27 10:53:41,299 [ContainerOp-49ef6d15-2e42-49a2-8056-760431d8f0e0-4] ERROR ratis.ContainerStateMachine (ContainerStateMachine.java:lambda$applyTransaction$12(837)) - gid group-760431D8F0E0 : ApplyTransaction failed. cmd CloseContainer logIndex 7 msg : Error while creating/ updating .container file. ContainerID: 12 Container Result: CONTAINER_FILES_CREATE_ERROR
2022-04-27 10:53:41,300 [ContainerOp-49ef6d15-2e42-49a2-8056-760431d8f0e0-4] ERROR ratis.XceiverServerRatis (XceiverServerRatis.java:triggerPipelineClose(678)) - pipeline Action CLOSE on pipeline PipelineID=49ef6d15-2e42-49a2-8056-760431d8f0e0.Reason : Ratis Transaction failure in datanode 5e3f1479-9daf-43cd-8651-224960992f9b with role LEADER .Triggering pipeline close action.
2022-04-27 10:53:41,304 [5e3f1479-9daf-43cd-8651-224960992f9b@group-760431D8F0E0-StateMachineUpdater] ERROR impl.StateMachineUpdater (StateMachineUpdater.java:run(191)) - 5e3f1479-9daf-43cd-8651-224960992f9b@group-760431D8F0E0-StateMachineUpdater caught a Throwable.
java.util.concurrent.ExecutionException: org.apache.hadoop.hdds.scm.container.common.helpers.StorageContainerException: Error while creating/ updating .container file. ContainerID: 12
	at java.util.concurrent.CompletableFuture.reportGet(CompletableFuture.java:357)
	at java.util.concurrent.CompletableFuture.get(CompletableFuture.java:1908)
	at org.apache.ratis.server.impl.StateMachineUpdater.checkAndTakeSnapshot(StateMachineUpdater.java:254)
	at org.apache.ratis.server.impl.StateMachineUpdater.run(StateMachineUpdater.java:180)
	at java.lang.Thread.run(Thread.java:750)
Caused by: org.apache.hadoop.hdds.scm.container.common.helpers.StorageContainerException: Error while creating/ updating .container file. ContainerID: 12
	at org.apache.hadoop.ozone.container.common.transport.server.ratis.ContainerStateMachine.lambda$applyTransaction$12(ContainerStateMachine.java:836)
	at java.util.concurrent.CompletableFuture.uniApply(CompletableFuture.java:616)
	at java.util.concurrent.CompletableFuture$UniApply.tryFire(CompletableFuture.java:591)
	at java.util.concurrent.CompletableFuture.postComplete(CompletableFuture.java:488)
	at java.util.concurrent.CompletableFuture.complete(CompletableFuture.java:1975)
	at org.apache.ratis.util.TaskQueue.lambda$submit$0(TaskQueue.java:133)
	at org.apache.ratis.util.LogUtils.runAndLog(LogUtils.java:38)
	at org.apache.ratis.util.LogUtils$1.run(LogUtils.java:79)
	at java.util.concurrent.Executors$RunnableAdapter.call(Executors.java:511)
	at java.util.concurrent.FutureTask.run(FutureTask.java:266)
	at java.util.concurrent.ThreadPoolExecutor.runWorker(ThreadPoolExecutor.java:1149)
	at java.util.concurrent.ThreadPoolExecutor$Worker.run(ThreadPoolExecutor.java:624)
	... 1 more
2022-04-27 10:53:41,306 [5e3f1479-9daf-43cd-8651-224960992f9b@group-760431D8F0E0-StateMachineUpdater] INFO  server.RaftServer$Division (RaftServerImpl.java:lambda$close$4(412)) - 5e3f1479-9daf-43cd-8651-224960992f9b@group-760431D8F0E0: shutdown
2022-04-27 10:53:41,307 [5e3f1479-9daf-43cd-8651-224960992f9b@group-760431D8F0E0-StateMachineUpdater] INFO  util.JmxRegister (JmxRegister.java:unregister(73)) - Successfully un-registered JMX Bean with object name Ratis:service=RaftServer,group=group-760431D8F0E0,id=5e3f1479-9daf-43cd-8651-224960992f9b
2022-04-27 10:53:41,307 [5e3f1479-9daf-43cd-8651-224960992f9b@group-760431D8F0E0-StateMachineUpdater] INFO  impl.RoleInfo (RoleInfo.java:shutdownLeaderState(91)) - 5e3f1479-9daf-43cd-8651-224960992f9b: shutdown 5e3f1479-9daf-43cd-8651-224960992f9b@group-760431D8F0E0-LeaderStateImpl
2022-04-27 10:53:41,307 [5e3f1479-9daf-43cd-8651-224960992f9b@group-760431D8F0E0-StateMachineUpdater] INFO  impl.PendingRequests (PendingRequests.java:sendNotLeaderResponses(282)) - 5e3f1479-9daf-43cd-8651-224960992f9b@group-760431D8F0E0-PendingRequests: sendNotLeaderResponses
2022-04-27 10:53:41,314 [5e3f1479-9daf-43cd-8651-224960992f9b@group-760431D8F0E0-StateMachineUpdater] INFO  server.RaftServer$Division (ServerState.java:close(419)) - 5e3f1479-9daf-43cd-8651-224960992f9b@group-760431D8F0E0: closes. applyIndex: 6
2022-04-27 10:53:41,314 [5e3f1479-9daf-43cd-8651-224960992f9b@group-760431D8F0E0-SegmentedRaftLogWorker] INFO  segmented.SegmentedRaftLogWorker (SegmentedRaftLogWorker.java:run(327)) - 5e3f1479-9daf-43cd-8651-224960992f9b@group-760431D8F0E0-SegmentedRaftLogWorker was interrupted, exiting. There are 0 tasks remaining in the queue.
2022-04-27 10:53:41,316 [5e3f1479-9daf-43cd-8651-224960992f9b@group-760431D8F0E0-StateMachineUpdater] INFO  segmented.SegmentedRaftLogWorker (SegmentedRaftLogWorker.java:close(237)) - 5e3f1479-9daf-43cd-8651-224960992f9b@group-760431D8F0E0-SegmentedRaftLogWorker close()
2022-04-27 10:53:41,317 [FixedThreadPoolWithAffinityExecutor-8-0] WARN  container.IncrementalContainerReportHandler (AbstractContainerReportHandler.java:updateContainerState(255)) - Container #12 is in OPEN state, but the datanode 5e3f1479-9daf-43cd-8651-224960992f9b{ip: 10.1.0.29, host: fv-az270-423.tacnzluakwdehk1hpragurqkma.bx.internal.cloudapp.net, ports: [REPLICATION=39479, RATIS=36215, RATIS_ADMIN=36215, RATIS_SERVER=36215, STANDALONE=43119], networkLocation: /default-rack, certSerialId: null, persistedOpState: IN_SERVICE, persistedOpStateExpiryEpochSec: 0} reports an UNHEALTHY replica.
2022-04-27 10:53:41,317 [EventQueue-PipelineReportForPipelineReportHandler] INFO  pipeline.PipelineReportHandler (PipelineReportHandler.java:processPipelineReport(113)) - Reported pipeline PipelineID=cf80c735-cb93-438b-a05e-dff27b2a1031 is not found
2022-04-27 10:53:41,317 [EventQueue-CloseContainerForCloseContainerEventHandler] INFO  container.CloseContainerEventHandler (CloseContainerEventHandler.java:onMessage(69)) - Close container Event triggered for container : #12
2022-04-27 10:53:41,318 [EventQueue-PipelineActionsForPipelineActionHandler] INFO  pipeline.PipelineActionHandler (PipelineActionHandler.java:processPipelineAction(82)) - Received pipeline action CLOSE for PipelineID=49ef6d15-2e42-49a2-8056-760431d8f0e0 from datanode 5e3f1479-9daf-43cd-8651-224960992f9b. Reason : Ratis Transaction failure in datanode 5e3f1479-9daf-43cd-8651-224960992f9b with role LEADER .Triggering pipeline close action.
2022-04-27 10:53:41,319 [EventQueue-PipelineActionsForPipelineActionHandler] INFO  pipeline.PipelineManagerImpl (PipelineManagerImpl.java:closePipeline(402)) - Pipeline Pipeline[ Id: 49ef6d15-2e42-49a2-8056-760431d8f0e0, Nodes: 5e3f1479-9daf-43cd-8651-224960992f9b{ip: 10.1.0.29, host: fv-az270-423.tacnzluakwdehk1hpragurqkma.bx.internal.cloudapp.net, ports: [REPLICATION=39479, RATIS=36215, RATIS_ADMIN=36215, RATIS_SERVER=36215, STANDALONE=43119], networkLocation: /default-rack, certSerialId: null, persistedOpState: IN_SERVICE, persistedOpStateExpiryEpochSec: 0}, ReplicationConfig: RATIS/ONE, State:OPEN, leaderId:5e3f1479-9daf-43cd-8651-224960992f9b, CreationTimestamp2022-04-27T10:51:56.915Z[Etc/UTC]] moved to CLOSED state
2022-04-27 10:53:41,319 [EventQueue-PipelineActionsForPipelineActionHandler] INFO  pipeline.RatisPipelineProvider (RatisPipelineProvider.java:lambda$close$1(244)) - Send pipeline:PipelineID=49ef6d15-2e42-49a2-8056-760431d8f0e0 close command to datanode 5e3f1479-9daf-43cd-8651-224960992f9b
2022-04-27 10:53:41,319 [EventQueue-PipelineActionsForPipelineActionHandler] INFO  pipeline.PipelineStateManagerImpl (PipelineStateManagerImpl.java:removePipeline(243)) - Pipeline Pipeline[ Id: 49ef6d15-2e42-49a2-8056-760431d8f0e0, Nodes: 5e3f1479-9daf-43cd-8651-224960992f9b{ip: 10.1.0.29, host: fv-az270-423.tacnzluakwdehk1hpragurqkma.bx.internal.cloudapp.net, ports: [REPLICATION=39479, RATIS=36215, RATIS_ADMIN=36215, RATIS_SERVER=36215, STANDALONE=43119], networkLocation: /default-rack, certSerialId: null, persistedOpState: IN_SERVICE, persistedOpStateExpiryEpochSec: 0}, ReplicationConfig: RATIS/ONE, State:CLOSED, leaderId:5e3f1479-9daf-43cd-8651-224960992f9b, CreationTimestamp2022-04-27T10:51:56.915Z[Etc/UTC]] removed.
2022-04-27 10:53:41,319 [EventQueue-PipelineReportForPipelineReportHandler] INFO  pipeline.PipelineReportHandler (PipelineReportHandler.java:processPipelineReport(113)) - Reported pipeline PipelineID=cf80c735-cb93-438b-a05e-dff27b2a1031 is not found
2022-04-27 10:53:41,350 [Command processor thread] INFO  server.RaftServer (RaftServerProxy.java:addNew(95)) - fb1b2524-5f72-4172-b06b-98bf8bab58d7: addNew group-57DE26798040:[5305b34f-83d0-4be9-8032-f631ee150b78|rpc:10.1.0.29:34741|priority:0, 7171416e-d570-4db8-8282-6e036003ab52|rpc:10.1.0.29:35393|priority:0, fb1b2524-5f72-4172-b06b-98bf8bab58d7|rpc:10.1.0.29:34621|priority:1] returns group-57DE26798040:java.util.concurrent.CompletableFuture@4f182a88[Not completed]
2022-04-27 10:53:41,351 [pool-88-thread-1] INFO  server.RaftServer$Division (RaftServerImpl.java:<init>(184)) - fb1b2524-5f72-4172-b06b-98bf8bab58d7: new RaftServerImpl for group-57DE26798040:[5305b34f-83d0-4be9-8032-f631ee150b78|rpc:10.1.0.29:34741|priority:0, 7171416e-d570-4db8-8282-6e036003ab52|rpc:10.1.0.29:35393|priority:0, fb1b2524-5f72-4172-b06b-98bf8bab58d7|rpc:10.1.0.29:34621|priority:1] with ContainerStateMachine:uninitialized
2022-04-27 10:53:41,351 [pool-88-thread-1] INFO  server.RaftServerConfigKeys (ConfUtils.java:logGet(44)) - raft.server.rpc.timeout.min = 5s (custom)
2022-04-27 10:53:41,351 [pool-88-thread-1] INFO  server.RaftServerConfigKeys (ConfUtils.java:logGet(44)) - raft.server.rpc.timeout.max = 5200ms (custom)
2022-04-27 10:53:41,351 [pool-88-thread-1] INFO  server.RaftServerConfigKeys (ConfUtils.java:logGet(44)) - raft.server.rpc.sleep.time = 25ms (default)
2022-04-27 10:53:41,351 [pool-88-thread-1] INFO  server.RaftServerConfigKeys (ConfUtils.java:logGet(44)) - raft.server.rpc.slowness.timeout = 300000ms (custom)
2022-04-27 10:53:41,351 [pool-88-thread-1] INFO  server.RaftServerConfigKeys (ConfUtils.java:logGet(44)) - raft.server.leaderelection.leader.step-down.wait-time = 10s (default)
2022-04-27 10:53:41,351 [pool-88-thread-1] INFO  server.RaftServerConfigKeys (ConfUtils.java:logGet(44)) - raft.server.sleep.deviation.threshold = 300ms (default)
2022-04-27 10:53:41,351 [pool-88-thread-1] INFO  server.RaftServerConfigKeys (ConfUtils.java:logGet(44)) - raft.server.log.appender.install.snapshot.enabled = false (custom)
2022-04-27 10:53:41,352 [pool-88-thread-1] INFO  server.RaftServer$Division (ServerState.java:<init>(105)) - fb1b2524-5f72-4172-b06b-98bf8bab58d7@group-57DE26798040: ConfigurationManager, init=-1: [5305b34f-83d0-4be9-8032-f631ee150b78|rpc:10.1.0.29:34741|priority:0, 7171416e-d570-4db8-8282-6e036003ab52|rpc:10.1.0.29:35393|priority:0, fb1b2524-5f72-4172-b06b-98bf8bab58d7|rpc:10.1.0.29:34621|priority:1], old=null, confs=<EMPTY_MAP>
2022-04-27 10:53:41,352 [pool-88-thread-1] INFO  server.RaftServerConfigKeys (ConfUtils.java:logGet(44)) - raft.server.storage.dir = [/home/runner/work/ozone/ozone/hadoop-ozone/integration-test/target/test-dir/MiniOzoneClusterImpl-6fb830c9-5413-49cc-a625-6cf41c4e5c97/datanode-1/data/ratis] (custom)
2022-04-27 10:53:41,352 [pool-88-thread-1] INFO  server.RaftServerConfigKeys (ConfUtils.java:logGet(44)) - raft.server.log.corruption.policy = EXCEPTION (default)
2022-04-27 10:53:41,352 [pool-88-thread-1] INFO  server.RaftServerConfigKeys (ConfUtils.java:logGet(44)) - raft.server.storage.free-space.min = 0MB (=0) (default)
2022-04-27 10:53:41,352 [pool-88-thread-1] INFO  storage.RaftStorageDirectory (RaftStorageDirectoryImpl.java:analyzeStorage(135)) - The storage directory /home/runner/work/ozone/ozone/hadoop-ozone/integration-test/target/test-dir/MiniOzoneClusterImpl-6fb830c9-5413-49cc-a625-6cf41c4e5c97/datanode-1/data/ratis/93f665e0-829f-4506-a843-57de26798040 does not exist. Creating ...
2022-04-27 10:53:41,353 [pool-88-thread-1] INFO  storage.RaftStorageDirectory (RaftStorageDirectoryImpl.java:tryLock(230)) - Lock on /home/runner/work/ozone/ozone/hadoop-ozone/integration-test/target/test-dir/MiniOzoneClusterImpl-6fb830c9-5413-49cc-a625-6cf41c4e5c97/datanode-1/data/ratis/93f665e0-829f-4506-a843-57de26798040/in_use.lock acquired by nodename 2917@fv-az270-423
2022-04-27 10:53:41,355 [pool-88-thread-1] INFO  storage.RaftStorage (RaftStorageImpl.java:format(89)) - Storage directory /home/runner/work/ozone/ozone/hadoop-ozone/integration-test/target/test-dir/MiniOzoneClusterImpl-6fb830c9-5413-49cc-a625-6cf41c4e5c97/datanode-1/data/ratis/93f665e0-829f-4506-a843-57de26798040 has been successfully formatted.
2022-04-27 10:53:41,355 [pool-88-thread-1] INFO  ratis.ContainerStateMachine (ContainerStateMachine.java:loadSnapshot(236)) - group-57DE26798040: The snapshot info is null. Setting the last applied indexto:(t:0, i:~)
2022-04-27 10:53:41,355 [pool-88-thread-1] INFO  server.RaftServerConfigKeys (ConfUtils.java:logGet(44)) - raft.server.notification.no-leader.timeout = 300000ms (custom)
2022-04-27 10:53:41,356 [pool-88-thread-1] INFO  server.RaftServerConfigKeys (ConfUtils.java:logGet(44)) - raft.server.log.use.memory = false (default)
2022-04-27 10:53:41,356 [pool-88-thread-1] INFO  server.RaftServerConfigKeys (ConfUtils.java:logGet(44)) - raft.server.log.purge.gap = 1000000 (custom)
2022-04-27 10:53:41,356 [pool-88-thread-1] INFO  server.RaftServerConfigKeys (ConfUtils.java:logGet(44)) - raft.server.log.appender.buffer.byte-limit = 33554432 (custom)
2022-04-27 10:53:41,356 [pool-88-thread-1] INFO  server.RaftServerConfigKeys (ConfUtils.java:logGet(44)) - raft.server.log.segment.size.max = 1048576 (custom)
2022-04-27 10:53:41,356 [pool-88-thread-1] INFO  server.RaftServerConfigKeys (ConfUtils.java:logGet(44)) - raft.server.log.segment.cache.num.max = 2 (custom)
2022-04-27 10:53:41,356 [pool-88-thread-1] INFO  server.RaftServerConfigKeys (ConfUtils.java:logGet(44)) - raft.server.log.segment.cache.size.max = 200MB (=209715200) (default)
2022-04-27 10:53:41,356 [pool-88-thread-1] INFO  segmented.SegmentedRaftLogWorker (SegmentedRaftLogWorker.java:<init>(182)) - new fb1b2524-5f72-4172-b06b-98bf8bab58d7@group-57DE26798040-SegmentedRaftLogWorker for RaftStorageImpl:Storage Directory /home/runner/work/ozone/ozone/hadoop-ozone/integration-test/target/test-dir/MiniOzoneClusterImpl-6fb830c9-5413-49cc-a625-6cf41c4e5c97/datanode-1/data/ratis/93f665e0-829f-4506-a843-57de26798040
2022-04-27 10:53:41,356 [pool-88-thread-1] INFO  server.RaftServerConfigKeys (ConfUtils.java:logGet(44)) - raft.server.log.queue.byte-limit = 4294967296 (custom)
2022-04-27 10:53:41,356 [pool-88-thread-1] INFO  server.RaftServerConfigKeys (ConfUtils.java:logGet(44)) - raft.server.log.queue.element-limit = 1024 (custom)
2022-04-27 10:53:41,356 [pool-88-thread-1] INFO  server.RaftServerConfigKeys (ConfUtils.java:logGet(44)) - raft.server.log.segment.size.max = 1048576 (custom)
2022-04-27 10:53:41,356 [pool-88-thread-1] INFO  server.RaftServerConfigKeys (ConfUtils.java:logGet(44)) - raft.server.log.preallocated.size = 16384 (custom)
2022-04-27 10:53:41,356 [pool-88-thread-1] INFO  server.RaftServerConfigKeys (ConfUtils.java:logGet(44)) - raft.server.log.force.sync.num = 128 (default)
2022-04-27 10:53:41,356 [pool-88-thread-1] INFO  server.RaftServerConfigKeys (ConfUtils.java:logGet(44)) - raft.server.log.statemachine.data.sync = true (default)
2022-04-27 10:53:41,357 [pool-88-thread-1] INFO  server.RaftServerConfigKeys (ConfUtils.java:logGet(44)) - raft.server.log.statemachine.data.sync.timeout = 10s (default)
2022-04-27 10:53:41,357 [pool-88-thread-1] INFO  server.RaftServerConfigKeys (ConfUtils.java:logGet(44)) - raft.server.log.statemachine.data.sync.timeout.retry = -1 (default)
2022-04-27 10:53:41,357 [pool-88-thread-1] INFO  server.RaftServerConfigKeys (ConfUtils.java:logGet(44)) - raft.server.log.write.buffer.size = 1048576 (custom)
2022-04-27 10:53:41,358 [pool-88-thread-1] INFO  server.RaftServerConfigKeys (ConfUtils.java:logGet(44)) - raft.server.log.statemachine.data.caching.enabled = true (custom)
2022-04-27 10:53:41,358 [pool-88-thread-1] INFO  segmented.SegmentedRaftLogWorker (SegmentedRaftLogWorker.java:lambda$new$0(133)) - fb1b2524-5f72-4172-b06b-98bf8bab58d7@group-57DE26798040-SegmentedRaftLogWorker: flushIndex: setUnconditionally 0 -> -1
2022-04-27 10:53:41,358 [pool-88-thread-1] INFO  segmented.SegmentedRaftLogWorker (SegmentedRaftLogWorker.java:lambda$new$0(133)) - fb1b2524-5f72-4172-b06b-98bf8bab58d7@group-57DE26798040-SegmentedRaftLogWorker: safeCacheEvictIndex: setUnconditionally 0 -> -1
2022-04-27 10:53:41,363 [pool-88-thread-1] INFO  server.RaftServerConfigKeys (ConfUtils.java:logGet(44)) - raft.server.snapshot.auto.trigger.enabled = true (custom)
2022-04-27 10:53:41,363 [pool-88-thread-1] INFO  server.RaftServerConfigKeys (ConfUtils.java:logGet(44)) - raft.server.snapshot.auto.trigger.threshold = 1 (custom)
2022-04-27 10:53:41,363 [pool-88-thread-1] INFO  server.RaftServerConfigKeys (ConfUtils.java:logGet(44)) - raft.server.snapshot.retention.file.num = 5 (custom)
2022-04-27 10:53:41,363 [pool-88-thread-1] INFO  server.RaftServerConfigKeys (ConfUtils.java:logGet(44)) - raft.server.log.purge.upto.snapshot.index = false (default)
2022-04-27 10:53:41,363 [pool-88-thread-1] INFO  server.RaftServerConfigKeys (ConfUtils.java:logGet(44)) - raft.server.retrycache.expirytime = 600000ms (custom)
2022-04-27 10:53:41,363 [pool-88-thread-1] INFO  server.RaftServerConfigKeys (ConfUtils.java:logGet(44)) - raft.server.retrycache.statistics.expirytime = 100μs (default)
2022-04-27 10:53:41,364 [pool-88-thread-1] INFO  server.RaftServer$Division (RaftServerImpl.java:start(301)) - fb1b2524-5f72-4172-b06b-98bf8bab58d7@group-57DE26798040: start as a follower, conf=-1: [5305b34f-83d0-4be9-8032-f631ee150b78|rpc:10.1.0.29:34741|priority:0, 7171416e-d570-4db8-8282-6e036003ab52|rpc:10.1.0.29:35393|priority:0, fb1b2524-5f72-4172-b06b-98bf8bab58d7|rpc:10.1.0.29:34621|priority:1], old=null
2022-04-27 10:53:41,364 [pool-88-thread-1] INFO  server.RaftServer$Division (RaftServerImpl.java:setRole(290)) - fb1b2524-5f72-4172-b06b-98bf8bab58d7@group-57DE26798040: changes role from      null to FOLLOWER at term 0 for startAsFollower
2022-04-27 10:53:41,364 [pool-88-thread-1] INFO  impl.RoleInfo (RoleInfo.java:updateAndGet(130)) - fb1b2524-5f72-4172-b06b-98bf8bab58d7: start fb1b2524-5f72-4172-b06b-98bf8bab58d7@group-57DE26798040-FollowerState
2022-04-27 10:53:41,369 [pool-88-thread-1] INFO  util.JmxRegister (JmxRegister.java:tryRegister(44)) - Successfully registered JMX Bean with object name Ratis:service=RaftServer,group=group-57DE26798040,id=fb1b2524-5f72-4172-b06b-98bf8bab58d7
2022-04-27 10:53:41,374 [Command processor thread] INFO  ratis.XceiverServerRatis (XceiverServerRatis.java:addGroup(765)) - Created group PipelineID=93f665e0-829f-4506-a843-57de26798040
2022-04-27 10:53:41,383 [grpc-default-executor-1] INFO  server.RaftServer (RaftServerProxy.java:addNew(95)) - 5305b34f-83d0-4be9-8032-f631ee150b78: addNew group-57DE26798040:[5305b34f-83d0-4be9-8032-f631ee150b78|rpc:10.1.0.29:34741|dataStream:|priority:0, 7171416e-d570-4db8-8282-6e036003ab52|rpc:10.1.0.29:35393|dataStream:|priority:0, fb1b2524-5f72-4172-b06b-98bf8bab58d7|rpc:10.1.0.29:34621|dataStream:|priority:1] returns group-57DE26798040:java.util.concurrent.CompletableFuture@3ae2d4ed[Not completed]
2022-04-27 10:53:41,384 [pool-109-thread-1] INFO  server.RaftServer$Division (RaftServerImpl.java:<init>(184)) - 5305b34f-83d0-4be9-8032-f631ee150b78: new RaftServerImpl for group-57DE26798040:[5305b34f-83d0-4be9-8032-f631ee150b78|rpc:10.1.0.29:34741|dataStream:|priority:0, 7171416e-d570-4db8-8282-6e036003ab52|rpc:10.1.0.29:35393|dataStream:|priority:0, fb1b2524-5f72-4172-b06b-98bf8bab58d7|rpc:10.1.0.29:34621|dataStream:|priority:1] with ContainerStateMachine:uninitialized
2022-04-27 10:53:41,384 [pool-109-thread-1] INFO  server.RaftServerConfigKeys (ConfUtils.java:logGet(44)) - raft.server.rpc.timeout.min = 5s (custom)
2022-04-27 10:53:41,384 [pool-109-thread-1] INFO  server.RaftServerConfigKeys (ConfUtils.java:logGet(44)) - raft.server.rpc.timeout.max = 5200ms (custom)
2022-04-27 10:53:41,384 [pool-109-thread-1] INFO  server.RaftServerConfigKeys (ConfUtils.java:logGet(44)) - raft.server.rpc.sleep.time = 25ms (default)
2022-04-27 10:53:41,384 [pool-109-thread-1] INFO  server.RaftServerConfigKeys (ConfUtils.java:logGet(44)) - raft.server.rpc.slowness.timeout = 300000ms (custom)
2022-04-27 10:53:41,384 [pool-109-thread-1] INFO  server.RaftServerConfigKeys (ConfUtils.java:logGet(44)) - raft.server.leaderelection.leader.step-down.wait-time = 10s (default)
2022-04-27 10:53:41,384 [pool-109-thread-1] INFO  server.RaftServerConfigKeys (ConfUtils.java:logGet(44)) - raft.server.sleep.deviation.threshold = 300ms (default)
2022-04-27 10:53:41,384 [pool-109-thread-1] INFO  server.RaftServerConfigKeys (ConfUtils.java:logGet(44)) - raft.server.log.appender.install.snapshot.enabled = false (custom)
2022-04-27 10:53:41,384 [pool-109-thread-1] INFO  server.RaftServer$Division (ServerState.java:<init>(105)) - 5305b34f-83d0-4be9-8032-f631ee150b78@group-57DE26798040: ConfigurationManager, init=-1: [5305b34f-83d0-4be9-8032-f631ee150b78|rpc:10.1.0.29:34741|dataStream:|priority:0, 7171416e-d570-4db8-8282-6e036003ab52|rpc:10.1.0.29:35393|dataStream:|priority:0, fb1b2524-5f72-4172-b06b-98bf8bab58d7|rpc:10.1.0.29:34621|dataStream:|priority:1], old=null, confs=<EMPTY_MAP>
2022-04-27 10:53:41,384 [pool-109-thread-1] INFO  server.RaftServerConfigKeys (ConfUtils.java:logGet(44)) - raft.server.storage.dir = [/home/runner/work/ozone/ozone/hadoop-ozone/integration-test/target/test-dir/MiniOzoneClusterImpl-6fb830c9-5413-49cc-a625-6cf41c4e5c97/datanode-2/data/ratis] (custom)
2022-04-27 10:53:41,384 [pool-109-thread-1] INFO  server.RaftServerConfigKeys (ConfUtils.java:logGet(44)) - raft.server.log.corruption.policy = EXCEPTION (default)
2022-04-27 10:53:41,384 [pool-109-thread-1] INFO  server.RaftServerConfigKeys (ConfUtils.java:logGet(44)) - raft.server.storage.free-space.min = 0MB (=0) (default)
2022-04-27 10:53:41,385 [pool-109-thread-1] INFO  storage.RaftStorageDirectory (RaftStorageDirectoryImpl.java:analyzeStorage(135)) - The storage directory /home/runner/work/ozone/ozone/hadoop-ozone/integration-test/target/test-dir/MiniOzoneClusterImpl-6fb830c9-5413-49cc-a625-6cf41c4e5c97/datanode-2/data/ratis/93f665e0-829f-4506-a843-57de26798040 does not exist. Creating ...
2022-04-27 10:53:41,386 [pool-109-thread-1] INFO  storage.RaftStorageDirectory (RaftStorageDirectoryImpl.java:tryLock(230)) - Lock on /home/runner/work/ozone/ozone/hadoop-ozone/integration-test/target/test-dir/MiniOzoneClusterImpl-6fb830c9-5413-49cc-a625-6cf41c4e5c97/datanode-2/data/ratis/93f665e0-829f-4506-a843-57de26798040/in_use.lock acquired by nodename 2917@fv-az270-423
2022-04-27 10:53:41,387 [pool-109-thread-1] INFO  storage.RaftStorage (RaftStorageImpl.java:format(89)) - Storage directory /home/runner/work/ozone/ozone/hadoop-ozone/integration-test/target/test-dir/MiniOzoneClusterImpl-6fb830c9-5413-49cc-a625-6cf41c4e5c97/datanode-2/data/ratis/93f665e0-829f-4506-a843-57de26798040 has been successfully formatted.
2022-04-27 10:53:41,387 [pool-109-thread-1] INFO  ratis.ContainerStateMachine (ContainerStateMachine.java:loadSnapshot(236)) - group-57DE26798040: The snapshot info is null. Setting the last applied indexto:(t:0, i:~)
2022-04-27 10:53:41,388 [pool-109-thread-1] INFO  server.RaftServerConfigKeys (ConfUtils.java:logGet(44)) - raft.server.notification.no-leader.timeout = 300000ms (custom)
2022-04-27 10:53:41,388 [pool-109-thread-1] INFO  server.RaftServerConfigKeys (ConfUtils.java:logGet(44)) - raft.server.log.use.memory = false (default)
2022-04-27 10:53:41,388 [pool-109-thread-1] INFO  server.RaftServerConfigKeys (ConfUtils.java:logGet(44)) - raft.server.log.purge.gap = 1000000 (custom)
2022-04-27 10:53:41,388 [pool-109-thread-1] INFO  server.RaftServerConfigKeys (ConfUtils.java:logGet(44)) - raft.server.log.appender.buffer.byte-limit = 33554432 (custom)
2022-04-27 10:53:41,388 [pool-109-thread-1] INFO  server.RaftServerConfigKeys (ConfUtils.java:logGet(44)) - raft.server.log.segment.size.max = 1048576 (custom)
2022-04-27 10:53:41,389 [pool-109-thread-1] INFO  server.RaftServerConfigKeys (ConfUtils.java:logGet(44)) - raft.server.log.segment.cache.num.max = 2 (custom)
2022-04-27 10:53:41,389 [pool-109-thread-1] INFO  server.RaftServerConfigKeys (ConfUtils.java:logGet(44)) - raft.server.log.segment.cache.size.max = 200MB (=209715200) (default)
2022-04-27 10:53:41,389 [pool-109-thread-1] INFO  segmented.SegmentedRaftLogWorker (SegmentedRaftLogWorker.java:<init>(182)) - new 5305b34f-83d0-4be9-8032-f631ee150b78@group-57DE26798040-SegmentedRaftLogWorker for RaftStorageImpl:Storage Directory /home/runner/work/ozone/ozone/hadoop-ozone/integration-test/target/test-dir/MiniOzoneClusterImpl-6fb830c9-5413-49cc-a625-6cf41c4e5c97/datanode-2/data/ratis/93f665e0-829f-4506-a843-57de26798040
2022-04-27 10:53:41,389 [pool-109-thread-1] INFO  server.RaftServerConfigKeys (ConfUtils.java:logGet(44)) - raft.server.log.queue.byte-limit = 4294967296 (custom)
2022-04-27 10:53:41,389 [pool-109-thread-1] INFO  server.RaftServerConfigKeys (ConfUtils.java:logGet(44)) - raft.server.log.queue.element-limit = 1024 (custom)
2022-04-27 10:53:41,389 [pool-109-thread-1] INFO  server.RaftServerConfigKeys (ConfUtils.java:logGet(44)) - raft.server.log.segment.size.max = 1048576 (custom)
2022-04-27 10:53:41,389 [pool-109-thread-1] INFO  server.RaftServerConfigKeys (ConfUtils.java:logGet(44)) - raft.server.log.preallocated.size = 16384 (custom)
2022-04-27 10:53:41,389 [pool-109-thread-1] INFO  server.RaftServerConfigKeys (ConfUtils.java:logGet(44)) - raft.server.log.force.sync.num = 128 (default)
2022-04-27 10:53:41,389 [pool-109-thread-1] INFO  server.RaftServerConfigKeys (ConfUtils.java:logGet(44)) - raft.server.log.statemachine.data.sync = true (default)
2022-04-27 10:53:41,389 [pool-109-thread-1] INFO  server.RaftServerConfigKeys (ConfUtils.java:logGet(44)) - raft.server.log.statemachine.data.sync.timeout = 10s (default)
2022-04-27 10:53:41,389 [pool-109-thread-1] INFO  server.RaftServerConfigKeys (ConfUtils.java:logGet(44)) - raft.server.log.statemachine.data.sync.timeout.retry = -1 (default)
2022-04-27 10:53:41,390 [pool-109-thread-1] INFO  server.RaftServerConfigKeys (ConfUtils.java:logGet(44)) - raft.server.log.write.buffer.size = 1048576 (custom)
2022-04-27 10:53:41,391 [pool-109-thread-1] INFO  server.RaftServerConfigKeys (ConfUtils.java:logGet(44)) - raft.server.log.statemachine.data.caching.enabled = true (custom)
2022-04-27 10:53:41,391 [pool-109-thread-1] INFO  segmented.SegmentedRaftLogWorker (SegmentedRaftLogWorker.java:lambda$new$0(133)) - 5305b34f-83d0-4be9-8032-f631ee150b78@group-57DE26798040-SegmentedRaftLogWorker: flushIndex: setUnconditionally 0 -> -1
2022-04-27 10:53:41,393 [pool-109-thread-1] INFO  segmented.SegmentedRaftLogWorker (SegmentedRaftLogWorker.java:lambda$new$0(133)) - 5305b34f-83d0-4be9-8032-f631ee150b78@group-57DE26798040-SegmentedRaftLogWorker: safeCacheEvictIndex: setUnconditionally 0 -> -1
2022-04-27 10:53:41,398 [pool-109-thread-1] INFO  server.RaftServerConfigKeys (ConfUtils.java:logGet(44)) - raft.server.snapshot.auto.trigger.enabled = true (custom)
2022-04-27 10:53:41,398 [pool-109-thread-1] INFO  server.RaftServerConfigKeys (ConfUtils.java:logGet(44)) - raft.server.snapshot.auto.trigger.threshold = 1 (custom)
2022-04-27 10:53:41,398 [pool-109-thread-1] INFO  server.RaftServerConfigKeys (ConfUtils.java:logGet(44)) - raft.server.snapshot.retention.file.num = 5 (custom)
2022-04-27 10:53:41,398 [pool-109-thread-1] INFO  server.RaftServerConfigKeys (ConfUtils.java:logGet(44)) - raft.server.log.purge.upto.snapshot.index = false (default)
2022-04-27 10:53:41,398 [pool-109-thread-1] INFO  server.RaftServerConfigKeys (ConfUtils.java:logGet(44)) - raft.server.retrycache.expirytime = 600000ms (custom)
2022-04-27 10:53:41,398 [pool-109-thread-1] INFO  server.RaftServerConfigKeys (ConfUtils.java:logGet(44)) - raft.server.retrycache.statistics.expirytime = 100μs (default)
2022-04-27 10:53:41,401 [pool-109-thread-1] INFO  server.RaftServer$Division (RaftServerImpl.java:start(301)) - 5305b34f-83d0-4be9-8032-f631ee150b78@group-57DE26798040: start as a follower, conf=-1: [5305b34f-83d0-4be9-8032-f631ee150b78|rpc:10.1.0.29:34741|dataStream:|priority:0, 7171416e-d570-4db8-8282-6e036003ab52|rpc:10.1.0.29:35393|dataStream:|priority:0, fb1b2524-5f72-4172-b06b-98bf8bab58d7|rpc:10.1.0.29:34621|dataStream:|priority:1], old=null
2022-04-27 10:53:41,401 [pool-109-thread-1] INFO  server.RaftServer$Division (RaftServerImpl.java:setRole(290)) - 5305b34f-83d0-4be9-8032-f631ee150b78@group-57DE26798040: changes role from      null to FOLLOWER at term 0 for startAsFollower
2022-04-27 10:53:41,401 [pool-109-thread-1] INFO  impl.RoleInfo (RoleInfo.java:updateAndGet(130)) - 5305b34f-83d0-4be9-8032-f631ee150b78: start 5305b34f-83d0-4be9-8032-f631ee150b78@group-57DE26798040-FollowerState
2022-04-27 10:53:41,412 [pool-109-thread-1] INFO  util.JmxRegister (JmxRegister.java:tryRegister(44)) - Successfully registered JMX Bean with object name Ratis:service=RaftServer,group=group-57DE26798040,id=5305b34f-83d0-4be9-8032-f631ee150b78
2022-04-27 10:53:41,430 [grpc-default-executor-1] INFO  server.RaftServer (RaftServerProxy.java:addNew(95)) - 7171416e-d570-4db8-8282-6e036003ab52: addNew group-57DE26798040:[5305b34f-83d0-4be9-8032-f631ee150b78|rpc:10.1.0.29:34741|dataStream:|priority:0, 7171416e-d570-4db8-8282-6e036003ab52|rpc:10.1.0.29:35393|dataStream:|priority:0, fb1b2524-5f72-4172-b06b-98bf8bab58d7|rpc:10.1.0.29:34621|dataStream:|priority:1] returns group-57DE26798040:java.util.concurrent.CompletableFuture@f5f6f0c[Not completed]
2022-04-27 10:53:41,430 [pool-214-thread-1] INFO  server.RaftServer$Division (RaftServerImpl.java:<init>(184)) - 7171416e-d570-4db8-8282-6e036003ab52: new RaftServerImpl for group-57DE26798040:[5305b34f-83d0-4be9-8032-f631ee150b78|rpc:10.1.0.29:34741|dataStream:|priority:0, 7171416e-d570-4db8-8282-6e036003ab52|rpc:10.1.0.29:35393|dataStream:|priority:0, fb1b2524-5f72-4172-b06b-98bf8bab58d7|rpc:10.1.0.29:34621|dataStream:|priority:1] with ContainerStateMachine:uninitialized
2022-04-27 10:53:41,431 [pool-214-thread-1] INFO  server.RaftServerConfigKeys (ConfUtils.java:logGet(44)) - raft.server.rpc.timeout.min = 5s (custom)
2022-04-27 10:53:41,431 [pool-214-thread-1] INFO  server.RaftServerConfigKeys (ConfUtils.java:logGet(44)) - raft.server.rpc.timeout.max = 5200ms (custom)
2022-04-27 10:53:41,431 [pool-214-thread-1] INFO  server.RaftServerConfigKeys (ConfUtils.java:logGet(44)) - raft.server.rpc.sleep.time = 25ms (default)
2022-04-27 10:53:41,431 [pool-214-thread-1] INFO  server.RaftServerConfigKeys (ConfUtils.java:logGet(44)) - raft.server.rpc.slowness.timeout = 300000ms (custom)
2022-04-27 10:53:41,431 [pool-214-thread-1] INFO  server.RaftServerConfigKeys (ConfUtils.java:logGet(44)) - raft.server.leaderelection.leader.step-down.wait-time = 10s (default)
2022-04-27 10:53:41,431 [pool-214-thread-1] INFO  server.RaftServerConfigKeys (ConfUtils.java:logGet(44)) - raft.server.sleep.deviation.threshold = 300ms (default)
2022-04-27 10:53:41,431 [pool-214-thread-1] INFO  server.RaftServerConfigKeys (ConfUtils.java:logGet(44)) - raft.server.log.appender.install.snapshot.enabled = false (custom)
2022-04-27 10:53:41,431 [pool-214-thread-1] INFO  server.RaftServer$Division (ServerState.java:<init>(105)) - 7171416e-d570-4db8-8282-6e036003ab52@group-57DE26798040: ConfigurationManager, init=-1: [5305b34f-83d0-4be9-8032-f631ee150b78|rpc:10.1.0.29:34741|dataStream:|priority:0, 7171416e-d570-4db8-8282-6e036003ab52|rpc:10.1.0.29:35393|dataStream:|priority:0, fb1b2524-5f72-4172-b06b-98bf8bab58d7|rpc:10.1.0.29:34621|dataStream:|priority:1], old=null, confs=<EMPTY_MAP>
2022-04-27 10:53:41,431 [pool-214-thread-1] INFO  server.RaftServerConfigKeys (ConfUtils.java:logGet(44)) - raft.server.storage.dir = [/home/runner/work/ozone/ozone/hadoop-ozone/integration-test/target/test-dir/MiniOzoneClusterImpl-6fb830c9-5413-49cc-a625-6cf41c4e5c97/datanode-7/data/ratis] (custom)
2022-04-27 10:53:41,431 [pool-214-thread-1] INFO  server.RaftServerConfigKeys (ConfUtils.java:logGet(44)) - raft.server.log.corruption.policy = EXCEPTION (default)
2022-04-27 10:53:41,431 [pool-214-thread-1] INFO  server.RaftServerConfigKeys (ConfUtils.java:logGet(44)) - raft.server.storage.free-space.min = 0MB (=0) (default)
2022-04-27 10:53:41,431 [pool-214-thread-1] INFO  storage.RaftStorageDirectory (RaftStorageDirectoryImpl.java:analyzeStorage(135)) - The storage directory /home/runner/work/ozone/ozone/hadoop-ozone/integration-test/target/test-dir/MiniOzoneClusterImpl-6fb830c9-5413-49cc-a625-6cf41c4e5c97/datanode-7/data/ratis/93f665e0-829f-4506-a843-57de26798040 does not exist. Creating ...
2022-04-27 10:53:41,433 [pool-214-thread-1] INFO  storage.RaftStorageDirectory (RaftStorageDirectoryImpl.java:tryLock(230)) - Lock on /home/runner/work/ozone/ozone/hadoop-ozone/integration-test/target/test-dir/MiniOzoneClusterImpl-6fb830c9-5413-49cc-a625-6cf41c4e5c97/datanode-7/data/ratis/93f665e0-829f-4506-a843-57de26798040/in_use.lock acquired by nodename 2917@fv-az270-423
2022-04-27 10:53:41,434 [pool-214-thread-1] INFO  storage.RaftStorage (RaftStorageImpl.java:format(89)) - Storage directory /home/runner/work/ozone/ozone/hadoop-ozone/integration-test/target/test-dir/MiniOzoneClusterImpl-6fb830c9-5413-49cc-a625-6cf41c4e5c97/datanode-7/data/ratis/93f665e0-829f-4506-a843-57de26798040 has been successfully formatted.
2022-04-27 10:53:41,434 [pool-214-thread-1] INFO  ratis.ContainerStateMachine (ContainerStateMachine.java:loadSnapshot(236)) - group-57DE26798040: The snapshot info is null. Setting the last applied indexto:(t:0, i:~)
2022-04-27 10:53:41,435 [pool-214-thread-1] INFO  server.RaftServerConfigKeys (ConfUtils.java:logGet(44)) - raft.server.notification.no-leader.timeout = 300000ms (custom)
2022-04-27 10:53:41,435 [pool-214-thread-1] INFO  server.RaftServerConfigKeys (ConfUtils.java:logGet(44)) - raft.server.log.use.memory = false (default)
2022-04-27 10:53:41,435 [pool-214-thread-1] INFO  server.RaftServerConfigKeys (ConfUtils.java:logGet(44)) - raft.server.log.purge.gap = 1000000 (custom)
2022-04-27 10:53:41,435 [pool-214-thread-1] INFO  server.RaftServerConfigKeys (ConfUtils.java:logGet(44)) - raft.server.log.appender.buffer.byte-limit = 33554432 (custom)
2022-04-27 10:53:41,435 [pool-214-thread-1] INFO  server.RaftServerConfigKeys (ConfUtils.java:logGet(44)) - raft.server.log.segment.size.max = 1048576 (custom)
2022-04-27 10:53:41,436 [pool-214-thread-1] INFO  server.RaftServerConfigKeys (ConfUtils.java:logGet(44)) - raft.server.log.segment.cache.num.max = 2 (custom)
2022-04-27 10:53:41,436 [pool-214-thread-1] INFO  server.RaftServerConfigKeys (ConfUtils.java:logGet(44)) - raft.server.log.segment.cache.size.max = 200MB (=209715200) (default)
2022-04-27 10:53:41,436 [pool-214-thread-1] INFO  segmented.SegmentedRaftLogWorker (SegmentedRaftLogWorker.java:<init>(182)) - new 7171416e-d570-4db8-8282-6e036003ab52@group-57DE26798040-SegmentedRaftLogWorker for RaftStorageImpl:Storage Directory /home/runner/work/ozone/ozone/hadoop-ozone/integration-test/target/test-dir/MiniOzoneClusterImpl-6fb830c9-5413-49cc-a625-6cf41c4e5c97/datanode-7/data/ratis/93f665e0-829f-4506-a843-57de26798040
2022-04-27 10:53:41,436 [pool-214-thread-1] INFO  server.RaftServerConfigKeys (ConfUtils.java:logGet(44)) - raft.server.log.queue.byte-limit = 4294967296 (custom)
2022-04-27 10:53:41,436 [pool-214-thread-1] INFO  server.RaftServerConfigKeys (ConfUtils.java:logGet(44)) - raft.server.log.queue.element-limit = 1024 (custom)
2022-04-27 10:53:41,436 [pool-214-thread-1] INFO  server.RaftServerConfigKeys (ConfUtils.java:logGet(44)) - raft.server.log.segment.size.max = 1048576 (custom)
2022-04-27 10:53:41,436 [pool-214-thread-1] INFO  server.RaftServerConfigKeys (ConfUtils.java:logGet(44)) - raft.server.log.preallocated.size = 16384 (custom)
2022-04-27 10:53:41,436 [pool-214-thread-1] INFO  server.RaftServerConfigKeys (ConfUtils.java:logGet(44)) - raft.server.log.force.sync.num = 128 (default)
2022-04-27 10:53:41,436 [pool-214-thread-1] INFO  server.RaftServerConfigKeys (ConfUtils.java:logGet(44)) - raft.server.log.statemachine.data.sync = true (default)
2022-04-27 10:53:41,436 [pool-214-thread-1] INFO  server.RaftServerConfigKeys (ConfUtils.java:logGet(44)) - raft.server.log.statemachine.data.sync.timeout = 10s (default)
2022-04-27 10:53:41,436 [pool-214-thread-1] INFO  server.RaftServerConfigKeys (ConfUtils.java:logGet(44)) - raft.server.log.statemachine.data.sync.timeout.retry = -1 (default)
2022-04-27 10:53:41,437 [pool-214-thread-1] INFO  server.RaftServerConfigKeys (ConfUtils.java:logGet(44)) - raft.server.log.write.buffer.size = 1048576 (custom)
2022-04-27 10:53:41,438 [pool-214-thread-1] INFO  server.RaftServerConfigKeys (ConfUtils.java:logGet(44)) - raft.server.log.statemachine.data.caching.enabled = true (custom)
2022-04-27 10:53:41,438 [pool-214-thread-1] INFO  segmented.SegmentedRaftLogWorker (SegmentedRaftLogWorker.java:lambda$new$0(133)) - 7171416e-d570-4db8-8282-6e036003ab52@group-57DE26798040-SegmentedRaftLogWorker: flushIndex: setUnconditionally 0 -> -1
2022-04-27 10:53:41,438 [pool-214-thread-1] INFO  segmented.SegmentedRaftLogWorker (SegmentedRaftLogWorker.java:lambda$new$0(133)) - 7171416e-d570-4db8-8282-6e036003ab52@group-57DE26798040-SegmentedRaftLogWorker: safeCacheEvictIndex: setUnconditionally 0 -> -1
2022-04-27 10:53:41,440 [pool-214-thread-1] INFO  server.RaftServerConfigKeys (ConfUtils.java:logGet(44)) - raft.server.snapshot.auto.trigger.enabled = true (custom)
2022-04-27 10:53:41,440 [pool-214-thread-1] INFO  server.RaftServerConfigKeys (ConfUtils.java:logGet(44)) - raft.server.snapshot.auto.trigger.threshold = 1 (custom)
2022-04-27 10:53:41,440 [pool-214-thread-1] INFO  server.RaftServerConfigKeys (ConfUtils.java:logGet(44)) - raft.server.snapshot.retention.file.num = 5 (custom)
2022-04-27 10:53:41,440 [pool-214-thread-1] INFO  server.RaftServerConfigKeys (ConfUtils.java:logGet(44)) - raft.server.log.purge.upto.snapshot.index = false (default)
2022-04-27 10:53:41,440 [pool-214-thread-1] INFO  server.RaftServerConfigKeys (ConfUtils.java:logGet(44)) - raft.server.retrycache.expirytime = 600000ms (custom)
2022-04-27 10:53:41,440 [pool-214-thread-1] INFO  server.RaftServerConfigKeys (ConfUtils.java:logGet(44)) - raft.server.retrycache.statistics.expirytime = 100μs (default)
2022-04-27 10:53:41,442 [pool-214-thread-1] INFO  server.RaftServer$Division (RaftServerImpl.java:start(301)) - 7171416e-d570-4db8-8282-6e036003ab52@group-57DE26798040: start as a follower, conf=-1: [5305b34f-83d0-4be9-8032-f631ee150b78|rpc:10.1.0.29:34741|dataStream:|priority:0, 7171416e-d570-4db8-8282-6e036003ab52|rpc:10.1.0.29:35393|dataStream:|priority:0, fb1b2524-5f72-4172-b06b-98bf8bab58d7|rpc:10.1.0.29:34621|dataStream:|priority:1], old=null
2022-04-27 10:53:41,442 [pool-214-thread-1] INFO  server.RaftServer$Division (RaftServerImpl.java:setRole(290)) - 7171416e-d570-4db8-8282-6e036003ab52@group-57DE26798040: changes role from      null to FOLLOWER at term 0 for startAsFollower
2022-04-27 10:53:41,442 [pool-214-thread-1] INFO  impl.RoleInfo (RoleInfo.java:updateAndGet(130)) - 7171416e-d570-4db8-8282-6e036003ab52: start 7171416e-d570-4db8-8282-6e036003ab52@group-57DE26798040-FollowerState
2022-04-27 10:53:41,447 [pool-214-thread-1] INFO  util.JmxRegister (JmxRegister.java:tryRegister(44)) - Successfully registered JMX Bean with object name Ratis:service=RaftServer,group=group-57DE26798040,id=7171416e-d570-4db8-8282-6e036003ab52
2022-04-27 10:53:41,461 [Command processor thread] INFO  commandhandler.CreatePipelineCommandHandler (CreatePipelineCommandHandler.java:handle(113)) - Created Pipeline RATIS THREE PipelineID=93f665e0-829f-4506-a843-57de26798040.
2022-04-27 10:53:41,463 [Command processor thread] INFO  server.RaftServer (RaftServerProxy.java:remove(106)) - 5e3f1479-9daf-43cd-8651-224960992f9b: remove    LEADER 5e3f1479-9daf-43cd-8651-224960992f9b@group-760431D8F0E0:t1, leader=5e3f1479-9daf-43cd-8651-224960992f9b, voted=5e3f1479-9daf-43cd-8651-224960992f9b, raftlog=5e3f1479-9daf-43cd-8651-224960992f9b@group-760431D8F0E0-SegmentedRaftLog:CLOSED:c8, conf=0: [5e3f1479-9daf-43cd-8651-224960992f9b|rpc:10.1.0.29:36215|dataStream:|priority:1], old=null CLOSED
2022-04-27 10:53:41,463 [Command processor thread] INFO  server.RaftServer$Division (RaftServerImpl.java:groupRemove(382)) - 5e3f1479-9daf-43cd-8651-224960992f9b@group-760431D8F0E0: Succeed to remove RaftStorageDirectory Storage Directory /home/runner/work/ozone/ozone/hadoop-ozone/integration-test/target/test-dir/MiniOzoneClusterImpl-6fb830c9-5413-49cc-a625-6cf41c4e5c97/datanode-5/data/ratis/49ef6d15-2e42-49a2-8056-760431d8f0e0
2022-04-27 10:53:41,464 [Command processor thread] INFO  commandhandler.ClosePipelineCommandHandler (ClosePipelineCommandHandler.java:handle(78)) - Close Pipeline PipelineID=49ef6d15-2e42-49a2-8056-760431d8f0e0 command on datanode 5e3f1479-9daf-43cd-8651-224960992f9b.
2022-04-27 10:53:41,471 [EventQueue-PipelineReportForPipelineReportHandler] INFO  pipeline.PipelineReportHandler (PipelineReportHandler.java:processPipelineReport(113)) - Reported pipeline PipelineID=cf80c735-cb93-438b-a05e-dff27b2a1031 is not found
2022-04-27 10:53:41,500 [EventQueue-PipelineReportForPipelineReportHandler] INFO  pipeline.PipelineReportHandler (PipelineReportHandler.java:processPipelineReport(113)) - Reported pipeline PipelineID=49ef6d15-2e42-49a2-8056-760431d8f0e0 is not found
2022-04-27 10:53:41,501 [EventQueue-PipelineReportForPipelineReportHandler] INFO  pipeline.PipelineReportHandler (PipelineReportHandler.java:processPipelineReport(113)) - Reported pipeline PipelineID=cf80c735-cb93-438b-a05e-dff27b2a1031 is not found
2022-04-27 10:53:41,589 [FixedThreadPoolWithAffinityExecutor-9-0] WARN  container.ContainerReportHandler (AbstractContainerReportHandler.java:updateContainerState(255)) - Container #4 is in OPEN state, but the datanode 5305b34f-83d0-4be9-8032-f631ee150b78{ip: 10.1.0.29, host: fv-az270-423.tacnzluakwdehk1hpragurqkma.bx.internal.cloudapp.net, ports: [REPLICATION=45903, RATIS=34741, RATIS_ADMIN=34741, RATIS_SERVER=34741, STANDALONE=45233], networkLocation: /default-rack, certSerialId: null, persistedOpState: IN_SERVICE, persistedOpStateExpiryEpochSec: 0} reports an CLOSED replica.
2022-04-27 10:53:41,597 [java.util.concurrent.ThreadPoolExecutor$Worker@3d66331[State = -1, empty queue]] WARN  server.GrpcLogAppender (GrpcLogAppender.java:timeoutAppendRequest(246)) - 5e6908a8-a78b-4a66-9555-b48c04384dc8@group-EEF7E24D5DDB->fc150688-1f76-4ec0-a672-aaf91f0753c3-GrpcLogAppender: HEARTBEAT appendEntries Timeout, request=AppendEntriesRequest:cid=13274623,entriesCount=0,lastEntry=null
2022-04-27 10:53:41,629 [java.util.concurrent.ThreadPoolExecutor$Worker@3d66331[State = -1, empty queue]] WARN  server.GrpcLogAppender (GrpcLogAppender.java:timeoutAppendRequest(246)) - 5e6908a8-a78b-4a66-9555-b48c04384dc8@group-E78063F29D5F->fc150688-1f76-4ec0-a672-aaf91f0753c3-GrpcLogAppender: HEARTBEAT appendEntries Timeout, request=AppendEntriesRequest:cid=20,entriesCount=0,lastEntry=null
2022-04-27 10:53:41,671 [EventQueue-PipelineReportForPipelineReportHandler] INFO  pipeline.PipelineReportHandler (PipelineReportHandler.java:processPipelineReport(113)) - Reported pipeline PipelineID=cf80c735-cb93-438b-a05e-dff27b2a1031 is not found
2022-04-27 10:53:41,701 [EventQueue-PipelineReportForPipelineReportHandler] INFO  pipeline.PipelineReportHandler (PipelineReportHandler.java:processPipelineReport(113)) - Reported pipeline PipelineID=cf80c735-cb93-438b-a05e-dff27b2a1031 is not found
2022-04-27 10:53:41,712 [EventQueue-PipelineReportForPipelineReportHandler] INFO  pipeline.PipelineReportHandler (PipelineReportHandler.java:processPipelineReport(113)) - Reported pipeline PipelineID=cf80c735-cb93-438b-a05e-dff27b2a1031 is not found
2022-04-27 10:53:41,988 [FixedThreadPoolWithAffinityExecutor-8-0] WARN  container.ContainerReportHandler (AbstractContainerReportHandler.java:updateContainerState(255)) - Container #4 is in OPEN state, but the datanode 5305b34f-83d0-4be9-8032-f631ee150b78{ip: 10.1.0.29, host: fv-az270-423.tacnzluakwdehk1hpragurqkma.bx.internal.cloudapp.net, ports: [REPLICATION=45903, RATIS=34741, RATIS_ADMIN=34741, RATIS_SERVER=34741, STANDALONE=45233], networkLocation: /default-rack, certSerialId: null, persistedOpState: IN_SERVICE, persistedOpStateExpiryEpochSec: 0} reports an CLOSED replica.
2022-04-27 10:53:42,072 [EventQueue-PipelineReportForPipelineReportHandler] INFO  pipeline.PipelineReportHandler (PipelineReportHandler.java:processPipelineReport(113)) - Reported pipeline PipelineID=cf80c735-cb93-438b-a05e-dff27b2a1031 is not found
2022-04-27 10:53:42,101 [EventQueue-PipelineReportForPipelineReportHandler] INFO  pipeline.PipelineReportHandler (PipelineReportHandler.java:processPipelineReport(113)) - Reported pipeline PipelineID=cf80c735-cb93-438b-a05e-dff27b2a1031 is not found
2022-04-27 10:53:42,112 [EventQueue-PipelineReportForPipelineReportHandler] INFO  pipeline.PipelineReportHandler (PipelineReportHandler.java:processPipelineReport(113)) - Reported pipeline PipelineID=cf80c735-cb93-438b-a05e-dff27b2a1031 is not found
2022-04-27 10:53:42,272 [EventQueue-PipelineReportForPipelineReportHandler] INFO  pipeline.PipelineReportHandler (PipelineReportHandler.java:processPipelineReport(113)) - Reported pipeline PipelineID=cf80c735-cb93-438b-a05e-dff27b2a1031 is not found
2022-04-27 10:53:42,301 [EventQueue-PipelineReportForPipelineReportHandler] INFO  pipeline.PipelineReportHandler (PipelineReportHandler.java:processPipelineReport(113)) - Reported pipeline PipelineID=cf80c735-cb93-438b-a05e-dff27b2a1031 is not found
2022-04-27 10:53:42,312 [EventQueue-PipelineReportForPipelineReportHandler] INFO  pipeline.PipelineReportHandler (PipelineReportHandler.java:processPipelineReport(113)) - Reported pipeline PipelineID=cf80c735-cb93-438b-a05e-dff27b2a1031 is not found
2022-04-27 10:53:42,391 [FixedThreadPoolWithAffinityExecutor-0-0] WARN  container.ContainerReportHandler (AbstractContainerReportHandler.java:updateContainerState(255)) - Container #4 is in OPEN state, but the datanode 5305b34f-83d0-4be9-8032-f631ee150b78{ip: 10.1.0.29, host: fv-az270-423.tacnzluakwdehk1hpragurqkma.bx.internal.cloudapp.net, ports: [REPLICATION=45903, RATIS=34741, RATIS_ADMIN=34741, RATIS_SERVER=34741, STANDALONE=45233], networkLocation: /default-rack, certSerialId: null, persistedOpState: IN_SERVICE, persistedOpStateExpiryEpochSec: 0} reports an CLOSED replica.
2022-04-27 10:53:42,589 [FixedThreadPoolWithAffinityExecutor-0-0] WARN  container.ContainerReportHandler (AbstractContainerReportHandler.java:updateContainerState(255)) - Container #4 is in OPEN state, but the datanode 5305b34f-83d0-4be9-8032-f631ee150b78{ip: 10.1.0.29, host: fv-az270-423.tacnzluakwdehk1hpragurqkma.bx.internal.cloudapp.net, ports: [REPLICATION=45903, RATIS=34741, RATIS_ADMIN=34741, RATIS_SERVER=34741, STANDALONE=45233], networkLocation: /default-rack, certSerialId: null, persistedOpState: IN_SERVICE, persistedOpStateExpiryEpochSec: 0} reports an CLOSED replica.
2022-04-27 10:53:42,672 [EventQueue-PipelineReportForPipelineReportHandler] INFO  pipeline.PipelineReportHandler (PipelineReportHandler.java:processPipelineReport(113)) - Reported pipeline PipelineID=cf80c735-cb93-438b-a05e-dff27b2a1031 is not found
2022-04-27 10:53:42,701 [EventQueue-PipelineReportForPipelineReportHandler] INFO  pipeline.PipelineReportHandler (PipelineReportHandler.java:processPipelineReport(113)) - Reported pipeline PipelineID=cf80c735-cb93-438b-a05e-dff27b2a1031 is not found
2022-04-27 10:53:42,712 [EventQueue-PipelineReportForPipelineReportHandler] INFO  pipeline.PipelineReportHandler (PipelineReportHandler.java:processPipelineReport(113)) - Reported pipeline PipelineID=cf80c735-cb93-438b-a05e-dff27b2a1031 is not found
2022-04-27 10:53:42,873 [EventQueue-PipelineReportForPipelineReportHandler] INFO  pipeline.PipelineReportHandler (PipelineReportHandler.java:processPipelineReport(113)) - Reported pipeline PipelineID=cf80c735-cb93-438b-a05e-dff27b2a1031 is not found
2022-04-27 10:53:42,901 [EventQueue-PipelineReportForPipelineReportHandler] INFO  pipeline.PipelineReportHandler (PipelineReportHandler.java:processPipelineReport(113)) - Reported pipeline PipelineID=cf80c735-cb93-438b-a05e-dff27b2a1031 is not found
2022-04-27 10:53:42,912 [EventQueue-PipelineReportForPipelineReportHandler] INFO  pipeline.PipelineReportHandler (PipelineReportHandler.java:processPipelineReport(113)) - Reported pipeline PipelineID=cf80c735-cb93-438b-a05e-dff27b2a1031 is not found
2022-04-27 10:53:42,988 [FixedThreadPoolWithAffinityExecutor-0-0] WARN  container.ContainerReportHandler (AbstractContainerReportHandler.java:updateContainerState(255)) - Container #4 is in OPEN state, but the datanode 5305b34f-83d0-4be9-8032-f631ee150b78{ip: 10.1.0.29, host: fv-az270-423.tacnzluakwdehk1hpragurqkma.bx.internal.cloudapp.net, ports: [REPLICATION=45903, RATIS=34741, RATIS_ADMIN=34741, RATIS_SERVER=34741, STANDALONE=45233], networkLocation: /default-rack, certSerialId: null, persistedOpState: IN_SERVICE, persistedOpStateExpiryEpochSec: 0} reports an CLOSED replica.
2022-04-27 10:53:43,101 [EventQueue-PipelineReportForPipelineReportHandler] INFO  pipeline.PipelineReportHandler (PipelineReportHandler.java:processPipelineReport(113)) - Reported pipeline PipelineID=cf80c735-cb93-438b-a05e-dff27b2a1031 is not found
2022-04-27 10:53:43,189 [FixedThreadPoolWithAffinityExecutor-8-0] WARN  container.ContainerReportHandler (AbstractContainerReportHandler.java:updateContainerState(255)) - Container #4 is in OPEN state, but the datanode 5305b34f-83d0-4be9-8032-f631ee150b78{ip: 10.1.0.29, host: fv-az270-423.tacnzluakwdehk1hpragurqkma.bx.internal.cloudapp.net, ports: [REPLICATION=45903, RATIS=34741, RATIS_ADMIN=34741, RATIS_SERVER=34741, STANDALONE=45233], networkLocation: /default-rack, certSerialId: null, persistedOpState: IN_SERVICE, persistedOpStateExpiryEpochSec: 0} reports an CLOSED replica.
2022-04-27 10:53:43,272 [EventQueue-PipelineReportForPipelineReportHandler] INFO  pipeline.PipelineReportHandler (PipelineReportHandler.java:processPipelineReport(113)) - Reported pipeline PipelineID=cf80c735-cb93-438b-a05e-dff27b2a1031 is not found
2022-04-27 10:53:43,301 [EventQueue-PipelineReportForPipelineReportHandler] INFO  pipeline.PipelineReportHandler (PipelineReportHandler.java:processPipelineReport(113)) - Reported pipeline PipelineID=cf80c735-cb93-438b-a05e-dff27b2a1031 is not found
2022-04-27 10:53:43,312 [EventQueue-PipelineReportForPipelineReportHandler] INFO  pipeline.PipelineReportHandler (PipelineReportHandler.java:processPipelineReport(113)) - Reported pipeline PipelineID=cf80c735-cb93-438b-a05e-dff27b2a1031 is not found
2022-04-27 10:53:43,501 [EventQueue-PipelineReportForPipelineReportHandler] INFO  pipeline.PipelineReportHandler (PipelineReportHandler.java:processPipelineReport(113)) - Reported pipeline PipelineID=cf80c735-cb93-438b-a05e-dff27b2a1031 is not found
2022-04-27 10:53:43,512 [EventQueue-PipelineReportForPipelineReportHandler] INFO  pipeline.PipelineReportHandler (PipelineReportHandler.java:processPipelineReport(113)) - Reported pipeline PipelineID=cf80c735-cb93-438b-a05e-dff27b2a1031 is not found
2022-04-27 10:53:43,588 [FixedThreadPoolWithAffinityExecutor-8-0] WARN  container.ContainerReportHandler (AbstractContainerReportHandler.java:updateContainerState(255)) - Container #4 is in OPEN state, but the datanode 5305b34f-83d0-4be9-8032-f631ee150b78{ip: 10.1.0.29, host: fv-az270-423.tacnzluakwdehk1hpragurqkma.bx.internal.cloudapp.net, ports: [REPLICATION=45903, RATIS=34741, RATIS_ADMIN=34741, RATIS_SERVER=34741, STANDALONE=45233], networkLocation: /default-rack, certSerialId: null, persistedOpState: IN_SERVICE, persistedOpStateExpiryEpochSec: 0} reports an CLOSED replica.
2022-04-27 10:53:43,673 [EventQueue-PipelineReportForPipelineReportHandler] INFO  pipeline.PipelineReportHandler (PipelineReportHandler.java:processPipelineReport(113)) - Reported pipeline PipelineID=cf80c735-cb93-438b-a05e-dff27b2a1031 is not found
2022-04-27 10:53:43,701 [EventQueue-PipelineReportForPipelineReportHandler] INFO  pipeline.PipelineReportHandler (PipelineReportHandler.java:processPipelineReport(113)) - Reported pipeline PipelineID=cf80c735-cb93-438b-a05e-dff27b2a1031 is not found
2022-04-27 10:53:43,788 [FixedThreadPoolWithAffinityExecutor-1-0] WARN  container.ContainerReportHandler (AbstractContainerReportHandler.java:updateContainerState(255)) - Container #4 is in OPEN state, but the datanode 5305b34f-83d0-4be9-8032-f631ee150b78{ip: 10.1.0.29, host: fv-az270-423.tacnzluakwdehk1hpragurqkma.bx.internal.cloudapp.net, ports: [REPLICATION=45903, RATIS=34741, RATIS_ADMIN=34741, RATIS_SERVER=34741, STANDALONE=45233], networkLocation: /default-rack, certSerialId: null, persistedOpState: IN_SERVICE, persistedOpStateExpiryEpochSec: 0} reports an CLOSED replica.
2022-04-27 10:53:43,912 [EventQueue-PipelineReportForPipelineReportHandler] INFO  pipeline.PipelineReportHandler (PipelineReportHandler.java:processPipelineReport(113)) - Reported pipeline PipelineID=cf80c735-cb93-438b-a05e-dff27b2a1031 is not found
2022-04-27 10:53:44,074 [EventQueue-PipelineReportForPipelineReportHandler] INFO  pipeline.PipelineReportHandler (PipelineReportHandler.java:processPipelineReport(113)) - Reported pipeline PipelineID=cf80c735-cb93-438b-a05e-dff27b2a1031 is not found
2022-04-27 10:53:44,099 [java.util.concurrent.ThreadPoolExecutor$Worker@3f185bea[State = -1, empty queue]] WARN  server.GrpcLogAppender (GrpcLogAppender.java:timeoutAppendRequest(246)) - 5e6908a8-a78b-4a66-9555-b48c04384dc8@group-EEF7E24D5DDB->fc150688-1f76-4ec0-a672-aaf91f0753c3-GrpcLogAppender: HEARTBEAT appendEntries Timeout, request=AppendEntriesRequest:cid=13274624,entriesCount=0,lastEntry=null
2022-04-27 10:53:44,101 [EventQueue-PipelineReportForPipelineReportHandler] INFO  pipeline.PipelineReportHandler (PipelineReportHandler.java:processPipelineReport(113)) - Reported pipeline PipelineID=cf80c735-cb93-438b-a05e-dff27b2a1031 is not found
2022-04-27 10:53:44,130 [java.util.concurrent.ThreadPoolExecutor$Worker@3f185bea[State = -1, empty queue]] WARN  server.GrpcLogAppender (GrpcLogAppender.java:timeoutAppendRequest(246)) - 5e6908a8-a78b-4a66-9555-b48c04384dc8@group-E78063F29D5F->fc150688-1f76-4ec0-a672-aaf91f0753c3-GrpcLogAppender: HEARTBEAT appendEntries Timeout, request=AppendEntriesRequest:cid=21,entriesCount=0,lastEntry=null
2022-04-27 10:53:44,190 [FixedThreadPoolWithAffinityExecutor-0-0] WARN  container.ContainerReportHandler (AbstractContainerReportHandler.java:updateContainerState(255)) - Container #4 is in OPEN state, but the datanode 5305b34f-83d0-4be9-8032-f631ee150b78{ip: 10.1.0.29, host: fv-az270-423.tacnzluakwdehk1hpragurqkma.bx.internal.cloudapp.net, ports: [REPLICATION=45903, RATIS=34741, RATIS_ADMIN=34741, RATIS_SERVER=34741, STANDALONE=45233], networkLocation: /default-rack, certSerialId: null, persistedOpState: IN_SERVICE, persistedOpStateExpiryEpochSec: 0} reports an CLOSED replica.
2022-04-27 10:53:44,277 [EventQueue-PipelineReportForPipelineReportHandler] INFO  pipeline.PipelineReportHandler (PipelineReportHandler.java:processPipelineReport(113)) - Reported pipeline PipelineID=cf80c735-cb93-438b-a05e-dff27b2a1031 is not found
2022-04-27 10:53:44,312 [EventQueue-PipelineReportForPipelineReportHandler] INFO  pipeline.PipelineReportHandler (PipelineReportHandler.java:processPipelineReport(113)) - Reported pipeline PipelineID=cf80c735-cb93-438b-a05e-dff27b2a1031 is not found
2022-04-27 10:53:44,390 [FixedThreadPoolWithAffinityExecutor-9-0] WARN  container.ContainerReportHandler (AbstractContainerReportHandler.java:updateContainerState(255)) - Container #4 is in OPEN state, but the datanode 5305b34f-83d0-4be9-8032-f631ee150b78{ip: 10.1.0.29, host: fv-az270-423.tacnzluakwdehk1hpragurqkma.bx.internal.cloudapp.net, ports: [REPLICATION=45903, RATIS=34741, RATIS_ADMIN=34741, RATIS_SERVER=34741, STANDALONE=45233], networkLocation: /default-rack, certSerialId: null, persistedOpState: IN_SERVICE, persistedOpStateExpiryEpochSec: 0} reports an CLOSED replica.
2022-04-27 10:53:44,501 [EventQueue-PipelineReportForPipelineReportHandler] INFO  pipeline.PipelineReportHandler (PipelineReportHandler.java:processPipelineReport(113)) - Reported pipeline PipelineID=cf80c735-cb93-438b-a05e-dff27b2a1031 is not found
2022-04-27 10:53:44,674 [EventQueue-PipelineReportForPipelineReportHandler] INFO  pipeline.PipelineReportHandler (PipelineReportHandler.java:processPipelineReport(113)) - Reported pipeline PipelineID=cf80c735-cb93-438b-a05e-dff27b2a1031 is not found
2022-04-27 10:53:44,712 [EventQueue-PipelineReportForPipelineReportHandler] INFO  pipeline.PipelineReportHandler (PipelineReportHandler.java:processPipelineReport(113)) - Reported pipeline PipelineID=cf80c735-cb93-438b-a05e-dff27b2a1031 is not found
2022-04-27 10:53:44,789 [FixedThreadPoolWithAffinityExecutor-0-0] WARN  container.ContainerReportHandler (AbstractContainerReportHandler.java:updateContainerState(255)) - Container #4 is in OPEN state, but the datanode 5305b34f-83d0-4be9-8032-f631ee150b78{ip: 10.1.0.29, host: fv-az270-423.tacnzluakwdehk1hpragurqkma.bx.internal.cloudapp.net, ports: [REPLICATION=45903, RATIS=34741, RATIS_ADMIN=34741, RATIS_SERVER=34741, STANDALONE=45233], networkLocation: /default-rack, certSerialId: null, persistedOpState: IN_SERVICE, persistedOpStateExpiryEpochSec: 0} reports an CLOSED replica.
2022-04-27 10:53:44,874 [EventQueue-PipelineReportForPipelineReportHandler] INFO  pipeline.PipelineReportHandler (PipelineReportHandler.java:processPipelineReport(113)) - Reported pipeline PipelineID=cf80c735-cb93-438b-a05e-dff27b2a1031 is not found
2022-04-27 10:53:44,901 [EventQueue-PipelineReportForPipelineReportHandler] INFO  pipeline.PipelineReportHandler (PipelineReportHandler.java:processPipelineReport(113)) - Reported pipeline PipelineID=cf80c735-cb93-438b-a05e-dff27b2a1031 is not found
2022-04-27 10:53:44,912 [EventQueue-PipelineReportForPipelineReportHandler] INFO  pipeline.PipelineReportHandler (PipelineReportHandler.java:processPipelineReport(113)) - Reported pipeline PipelineID=cf80c735-cb93-438b-a05e-dff27b2a1031 is not found
2022-04-27 10:53:45,073 [EventQueue-PipelineReportForPipelineReportHandler] INFO  pipeline.PipelineReportHandler (PipelineReportHandler.java:processPipelineReport(113)) - Reported pipeline PipelineID=cf80c735-cb93-438b-a05e-dff27b2a1031 is not found
2022-04-27 10:53:45,190 [FixedThreadPoolWithAffinityExecutor-1-0] WARN  container.ContainerReportHandler (AbstractContainerReportHandler.java:updateContainerState(255)) - Container #4 is in OPEN state, but the datanode 5305b34f-83d0-4be9-8032-f631ee150b78{ip: 10.1.0.29, host: fv-az270-423.tacnzluakwdehk1hpragurqkma.bx.internal.cloudapp.net, ports: [REPLICATION=45903, RATIS=34741, RATIS_ADMIN=34741, RATIS_SERVER=34741, STANDALONE=45233], networkLocation: /default-rack, certSerialId: null, persistedOpState: IN_SERVICE, persistedOpStateExpiryEpochSec: 0} reports an CLOSED replica.
2022-04-27 10:53:45,300 [EventQueue-PipelineReportForPipelineReportHandler] INFO  pipeline.PipelineReportHandler (PipelineReportHandler.java:processPipelineReport(113)) - Reported pipeline PipelineID=cf80c735-cb93-438b-a05e-dff27b2a1031 is not found
2022-04-27 10:53:45,318 [EventQueue-PipelineReportForPipelineReportHandler] INFO  pipeline.PipelineReportHandler (PipelineReportHandler.java:processPipelineReport(113)) - Reported pipeline PipelineID=cf80c735-cb93-438b-a05e-dff27b2a1031 is not found
2022-04-27 10:53:45,389 [FixedThreadPoolWithAffinityExecutor-1-0] WARN  container.ContainerReportHandler (AbstractContainerReportHandler.java:updateContainerState(255)) - Container #4 is in OPEN state, but the datanode 5305b34f-83d0-4be9-8032-f631ee150b78{ip: 10.1.0.29, host: fv-az270-423.tacnzluakwdehk1hpragurqkma.bx.internal.cloudapp.net, ports: [REPLICATION=45903, RATIS=34741, RATIS_ADMIN=34741, RATIS_SERVER=34741, STANDALONE=45233], networkLocation: /default-rack, certSerialId: null, persistedOpState: IN_SERVICE, persistedOpStateExpiryEpochSec: 0} reports an CLOSED replica.
2022-04-27 10:53:45,473 [EventQueue-PipelineReportForPipelineReportHandler] INFO  pipeline.PipelineReportHandler (PipelineReportHandler.java:processPipelineReport(113)) - Reported pipeline PipelineID=cf80c735-cb93-438b-a05e-dff27b2a1031 is not found
2022-04-27 10:53:45,501 [EventQueue-PipelineReportForPipelineReportHandler] INFO  pipeline.PipelineReportHandler (PipelineReportHandler.java:processPipelineReport(113)) - Reported pipeline PipelineID=cf80c735-cb93-438b-a05e-dff27b2a1031 is not found
2022-04-27 10:53:45,512 [EventQueue-PipelineReportForPipelineReportHandler] INFO  pipeline.PipelineReportHandler (PipelineReportHandler.java:processPipelineReport(113)) - Reported pipeline PipelineID=cf80c735-cb93-438b-a05e-dff27b2a1031 is not found
2022-04-27 10:53:45,591 [FixedThreadPoolWithAffinityExecutor-0-0] WARN  container.ContainerReportHandler (AbstractContainerReportHandler.java:updateContainerState(255)) - Container #4 is in OPEN state, but the datanode 5305b34f-83d0-4be9-8032-f631ee150b78{ip: 10.1.0.29, host: fv-az270-423.tacnzluakwdehk1hpragurqkma.bx.internal.cloudapp.net, ports: [REPLICATION=45903, RATIS=34741, RATIS_ADMIN=34741, RATIS_SERVER=34741, STANDALONE=45233], networkLocation: /default-rack, certSerialId: null, persistedOpState: IN_SERVICE, persistedOpStateExpiryEpochSec: 0} reports an CLOSED replica.
2022-04-27 10:53:45,702 [EventQueue-PipelineReportForPipelineReportHandler] INFO  pipeline.PipelineReportHandler (PipelineReportHandler.java:processPipelineReport(113)) - Reported pipeline PipelineID=cf80c735-cb93-438b-a05e-dff27b2a1031 is not found
2022-04-27 10:53:45,873 [EventQueue-PipelineReportForPipelineReportHandler] INFO  pipeline.PipelineReportHandler (PipelineReportHandler.java:processPipelineReport(113)) - Reported pipeline PipelineID=cf80c735-cb93-438b-a05e-dff27b2a1031 is not found
2022-04-27 10:53:45,919 [EventQueue-PipelineReportForPipelineReportHandler] INFO  pipeline.PipelineReportHandler (PipelineReportHandler.java:processPipelineReport(113)) - Reported pipeline PipelineID=cf80c735-cb93-438b-a05e-dff27b2a1031 is not found
2022-04-27 10:53:45,990 [FixedThreadPoolWithAffinityExecutor-0-0] WARN  container.ContainerReportHandler (AbstractContainerReportHandler.java:updateContainerState(255)) - Container #4 is in OPEN state, but the datanode 5305b34f-83d0-4be9-8032-f631ee150b78{ip: 10.1.0.29, host: fv-az270-423.tacnzluakwdehk1hpragurqkma.bx.internal.cloudapp.net, ports: [REPLICATION=45903, RATIS=34741, RATIS_ADMIN=34741, RATIS_SERVER=34741, STANDALONE=45233], networkLocation: /default-rack, certSerialId: null, persistedOpState: IN_SERVICE, persistedOpStateExpiryEpochSec: 0} reports an CLOSED replica.
2022-04-27 10:53:46,074 [EventQueue-PipelineReportForPipelineReportHandler] INFO  pipeline.PipelineReportHandler (PipelineReportHandler.java:processPipelineReport(113)) - Reported pipeline PipelineID=cf80c735-cb93-438b-a05e-dff27b2a1031 is not found
2022-04-27 10:53:46,102 [EventQueue-PipelineReportForPipelineReportHandler] INFO  pipeline.PipelineReportHandler (PipelineReportHandler.java:processPipelineReport(113)) - Reported pipeline PipelineID=cf80c735-cb93-438b-a05e-dff27b2a1031 is not found
2022-04-27 10:53:46,112 [EventQueue-PipelineReportForPipelineReportHandler] INFO  pipeline.PipelineReportHandler (PipelineReportHandler.java:processPipelineReport(113)) - Reported pipeline PipelineID=cf80c735-cb93-438b-a05e-dff27b2a1031 is not found
2022-04-27 10:53:46,191 [FixedThreadPoolWithAffinityExecutor-0-0] WARN  container.ContainerReportHandler (AbstractContainerReportHandler.java:updateContainerState(255)) - Container #4 is in OPEN state, but the datanode 5305b34f-83d0-4be9-8032-f631ee150b78{ip: 10.1.0.29, host: fv-az270-423.tacnzluakwdehk1hpragurqkma.bx.internal.cloudapp.net, ports: [REPLICATION=45903, RATIS=34741, RATIS_ADMIN=34741, RATIS_SERVER=34741, STANDALONE=45233], networkLocation: /default-rack, certSerialId: null, persistedOpState: IN_SERVICE, persistedOpStateExpiryEpochSec: 0} reports an CLOSED replica.
2022-04-27 10:53:46,302 [EventQueue-PipelineReportForPipelineReportHandler] INFO  pipeline.PipelineReportHandler (PipelineReportHandler.java:processPipelineReport(113)) - Reported pipeline PipelineID=cf80c735-cb93-438b-a05e-dff27b2a1031 is not found
2022-04-27 10:53:46,389 [FixedThreadPoolWithAffinityExecutor-8-0] WARN  container.ContainerReportHandler (AbstractContainerReportHandler.java:updateContainerState(255)) - Container #4 is in OPEN state, but the datanode 5305b34f-83d0-4be9-8032-f631ee150b78{ip: 10.1.0.29, host: fv-az270-423.tacnzluakwdehk1hpragurqkma.bx.internal.cloudapp.net, ports: [REPLICATION=45903, RATIS=34741, RATIS_ADMIN=34741, RATIS_SERVER=34741, STANDALONE=45233], networkLocation: /default-rack, certSerialId: null, persistedOpState: IN_SERVICE, persistedOpStateExpiryEpochSec: 0} reports an CLOSED replica.
2022-04-27 10:53:46,410 [fb1b2524-5f72-4172-b06b-98bf8bab58d7@group-57DE26798040-FollowerState] INFO  impl.FollowerState (FollowerState.java:run(134)) - fb1b2524-5f72-4172-b06b-98bf8bab58d7@group-57DE26798040-FollowerState: change to CANDIDATE, lastRpcElapsedTime:5046040485ns, electionTimeout:5041ms
2022-04-27 10:53:46,411 [fb1b2524-5f72-4172-b06b-98bf8bab58d7@group-57DE26798040-FollowerState] INFO  impl.RoleInfo (RoleInfo.java:shutdownFollowerState(108)) - fb1b2524-5f72-4172-b06b-98bf8bab58d7: shutdown fb1b2524-5f72-4172-b06b-98bf8bab58d7@group-57DE26798040-FollowerState
2022-04-27 10:53:46,411 [fb1b2524-5f72-4172-b06b-98bf8bab58d7@group-57DE26798040-FollowerState] INFO  server.RaftServer$Division (RaftServerImpl.java:setRole(290)) - fb1b2524-5f72-4172-b06b-98bf8bab58d7@group-57DE26798040: changes role from  FOLLOWER to CANDIDATE at term 0 for changeToCandidate
2022-04-27 10:53:46,411 [fb1b2524-5f72-4172-b06b-98bf8bab58d7@group-57DE26798040-FollowerState] INFO  server.RaftServerConfigKeys (ConfUtils.java:logGet(44)) - raft.server.leaderelection.pre-vote = false (custom)
2022-04-27 10:53:46,411 [fb1b2524-5f72-4172-b06b-98bf8bab58d7@group-57DE26798040-FollowerState] INFO  impl.RoleInfo (RoleInfo.java:updateAndGet(130)) - fb1b2524-5f72-4172-b06b-98bf8bab58d7: start fb1b2524-5f72-4172-b06b-98bf8bab58d7@group-57DE26798040-LeaderElection33
2022-04-27 10:53:46,423 [fb1b2524-5f72-4172-b06b-98bf8bab58d7@group-57DE26798040-LeaderElection33] INFO  impl.LeaderElection (LeaderElection.java:askForVotes(306)) - fb1b2524-5f72-4172-b06b-98bf8bab58d7@group-57DE26798040-LeaderElection33 ELECTION round 0: submit vote requests at term 1 for -1: [5305b34f-83d0-4be9-8032-f631ee150b78|rpc:10.1.0.29:34741|priority:0, 7171416e-d570-4db8-8282-6e036003ab52|rpc:10.1.0.29:35393|priority:0, fb1b2524-5f72-4172-b06b-98bf8bab58d7|rpc:10.1.0.29:34621|priority:1], old=null
2022-04-27 10:53:46,431 [grpc-default-executor-1] INFO  server.RaftServer$Division (RaftServerImpl.java:requestVote(1046)) - 5305b34f-83d0-4be9-8032-f631ee150b78@group-57DE26798040: receive requestVote(ELECTION, fb1b2524-5f72-4172-b06b-98bf8bab58d7, group-57DE26798040, 1, (t:0, i:0))
2022-04-27 10:53:46,431 [grpc-default-executor-1] INFO  impl.VoteContext (VoteContext.java:log(48)) - 5305b34f-83d0-4be9-8032-f631ee150b78@group-57DE26798040-FOLLOWER: accept ELECTION from fb1b2524-5f72-4172-b06b-98bf8bab58d7: our priority 0 <= candidate's priority 1
2022-04-27 10:53:46,431 [grpc-default-executor-1] INFO  server.RaftServer$Division (RaftServerImpl.java:setRole(290)) - 5305b34f-83d0-4be9-8032-f631ee150b78@group-57DE26798040: changes role from  FOLLOWER to FOLLOWER at term 1 for candidate:fb1b2524-5f72-4172-b06b-98bf8bab58d7
2022-04-27 10:53:46,431 [grpc-default-executor-1] INFO  impl.RoleInfo (RoleInfo.java:shutdownFollowerState(108)) - 5305b34f-83d0-4be9-8032-f631ee150b78: shutdown 5305b34f-83d0-4be9-8032-f631ee150b78@group-57DE26798040-FollowerState
2022-04-27 10:53:46,435 [grpc-default-executor-1] INFO  impl.RoleInfo (RoleInfo.java:updateAndGet(130)) - 5305b34f-83d0-4be9-8032-f631ee150b78: start 5305b34f-83d0-4be9-8032-f631ee150b78@group-57DE26798040-FollowerState
2022-04-27 10:53:46,436 [5305b34f-83d0-4be9-8032-f631ee150b78@group-57DE26798040-FollowerState] INFO  impl.FollowerState (FollowerState.java:run(143)) - 5305b34f-83d0-4be9-8032-f631ee150b78@group-57DE26798040-FollowerState was interrupted: {}
java.lang.InterruptedException: sleep interrupted
	at java.lang.Thread.sleep(Native Method)
	at java.lang.Thread.sleep(Thread.java:342)
	at java.util.concurrent.TimeUnit.sleep(TimeUnit.java:386)
	at org.apache.ratis.util.TimeDuration.sleep(TimeDuration.java:324)
	at org.apache.ratis.util.TimeDuration.sleep(TimeDuration.java:309)
	at org.apache.ratis.server.impl.FollowerState.run(FollowerState.java:118)
2022-04-27 10:53:46,450 [grpc-default-executor-1] INFO  server.RaftServer$Division (RaftServerImpl.java:requestVote(1078)) - 5305b34f-83d0-4be9-8032-f631ee150b78@group-57DE26798040 replies to ELECTION vote request: fb1b2524-5f72-4172-b06b-98bf8bab58d7<-5305b34f-83d0-4be9-8032-f631ee150b78#0:OK-t1. Peer's state: 5305b34f-83d0-4be9-8032-f631ee150b78@group-57DE26798040:t1, leader=null, voted=fb1b2524-5f72-4172-b06b-98bf8bab58d7, raftlog=5305b34f-83d0-4be9-8032-f631ee150b78@group-57DE26798040-SegmentedRaftLog:OPENED:c-1, conf=-1: [5305b34f-83d0-4be9-8032-f631ee150b78|rpc:10.1.0.29:34741|dataStream:|priority:0, 7171416e-d570-4db8-8282-6e036003ab52|rpc:10.1.0.29:35393|dataStream:|priority:0, fb1b2524-5f72-4172-b06b-98bf8bab58d7|rpc:10.1.0.29:34621|dataStream:|priority:1], old=null
2022-04-27 10:53:46,459 [fb1b2524-5f72-4172-b06b-98bf8bab58d7@group-57DE26798040-LeaderElection33] INFO  impl.LeaderElection (LeaderElection.java:logAndReturn(89)) - fb1b2524-5f72-4172-b06b-98bf8bab58d7@group-57DE26798040-LeaderElection33: ELECTION PASSED received 1 response(s) and 0 exception(s):
2022-04-27 10:53:46,459 [fb1b2524-5f72-4172-b06b-98bf8bab58d7@group-57DE26798040-LeaderElection33] INFO  impl.LeaderElection (LeaderElection.java:logAndReturn(93)) -   Response 0: fb1b2524-5f72-4172-b06b-98bf8bab58d7<-5305b34f-83d0-4be9-8032-f631ee150b78#0:OK-t1
2022-04-27 10:53:46,459 [fb1b2524-5f72-4172-b06b-98bf8bab58d7@group-57DE26798040-LeaderElection33] INFO  impl.LeaderElection (LeaderElection.java:askForVotes(308)) - fb1b2524-5f72-4172-b06b-98bf8bab58d7@group-57DE26798040-LeaderElection33 ELECTION round 0: result PASSED
2022-04-27 10:53:46,459 [fb1b2524-5f72-4172-b06b-98bf8bab58d7@group-57DE26798040-LeaderElection33] INFO  impl.RoleInfo (RoleInfo.java:shutdownLeaderElection(121)) - fb1b2524-5f72-4172-b06b-98bf8bab58d7: shutdown fb1b2524-5f72-4172-b06b-98bf8bab58d7@group-57DE26798040-LeaderElection33
2022-04-27 10:53:46,459 [grpc-default-executor-1] INFO  server.RaftServer$Division (RaftServerImpl.java:requestVote(1046)) - 7171416e-d570-4db8-8282-6e036003ab52@group-57DE26798040: receive requestVote(ELECTION, fb1b2524-5f72-4172-b06b-98bf8bab58d7, group-57DE26798040, 1, (t:0, i:0))
2022-04-27 10:53:46,459 [grpc-default-executor-1] INFO  impl.VoteContext (VoteContext.java:log(48)) - 7171416e-d570-4db8-8282-6e036003ab52@group-57DE26798040-FOLLOWER: accept ELECTION from fb1b2524-5f72-4172-b06b-98bf8bab58d7: our priority 0 <= candidate's priority 1
2022-04-27 10:53:46,459 [grpc-default-executor-1] INFO  server.RaftServer$Division (RaftServerImpl.java:setRole(290)) - 7171416e-d570-4db8-8282-6e036003ab52@group-57DE26798040: changes role from  FOLLOWER to FOLLOWER at term 1 for candidate:fb1b2524-5f72-4172-b06b-98bf8bab58d7
2022-04-27 10:53:46,459 [grpc-default-executor-1] INFO  impl.RoleInfo (RoleInfo.java:shutdownFollowerState(108)) - 7171416e-d570-4db8-8282-6e036003ab52: shutdown 7171416e-d570-4db8-8282-6e036003ab52@group-57DE26798040-FollowerState
2022-04-27 10:53:46,459 [grpc-default-executor-1] INFO  impl.RoleInfo (RoleInfo.java:updateAndGet(130)) - 7171416e-d570-4db8-8282-6e036003ab52: start 7171416e-d570-4db8-8282-6e036003ab52@group-57DE26798040-FollowerState
2022-04-27 10:53:46,459 [7171416e-d570-4db8-8282-6e036003ab52@group-57DE26798040-FollowerState] INFO  impl.FollowerState (FollowerState.java:run(143)) - 7171416e-d570-4db8-8282-6e036003ab52@group-57DE26798040-FollowerState was interrupted: {}
java.lang.InterruptedException: sleep interrupted
	at java.lang.Thread.sleep(Native Method)
	at java.lang.Thread.sleep(Thread.java:342)
	at java.util.concurrent.TimeUnit.sleep(TimeUnit.java:386)
	at org.apache.ratis.util.TimeDuration.sleep(TimeDuration.java:324)
	at org.apache.ratis.util.TimeDuration.sleep(TimeDuration.java:309)
	at org.apache.ratis.server.impl.FollowerState.run(FollowerState.java:118)
2022-04-27 10:53:46,459 [fb1b2524-5f72-4172-b06b-98bf8bab58d7@group-57DE26798040-LeaderElection33] INFO  server.RaftServer$Division (RaftServerImpl.java:setRole(290)) - fb1b2524-5f72-4172-b06b-98bf8bab58d7@group-57DE26798040: changes role from CANDIDATE to LEADER at term 1 for changeToLeader
2022-04-27 10:53:46,460 [fb1b2524-5f72-4172-b06b-98bf8bab58d7@group-57DE26798040-LeaderElection33] INFO  ratis.XceiverServerRatis (XceiverServerRatis.java:handleLeaderChangedNotification(863)) - Leader change notification received for group: group-57DE26798040 with new leaderId: fb1b2524-5f72-4172-b06b-98bf8bab58d7
2022-04-27 10:53:46,471 [fb1b2524-5f72-4172-b06b-98bf8bab58d7@group-57DE26798040-LeaderElection33] INFO  server.RaftServer$Division (ServerState.java:setLeader(285)) - fb1b2524-5f72-4172-b06b-98bf8bab58d7@group-57DE26798040: change Leader from null to fb1b2524-5f72-4172-b06b-98bf8bab58d7 at term 1 for becomeLeader, leader elected after 5104ms
2022-04-27 10:53:46,472 [fb1b2524-5f72-4172-b06b-98bf8bab58d7@group-57DE26798040-LeaderElection33] INFO  server.RaftServerConfigKeys (ConfUtils.java:logGet(44)) - raft.server.staging.catchup.gap = 1000 (default)
2022-04-27 10:53:46,472 [fb1b2524-5f72-4172-b06b-98bf8bab58d7@group-57DE26798040-LeaderElection33] INFO  server.RaftServerConfigKeys (ConfUtils.java:logGet(44)) - raft.server.write.element-limit = 1024 (custom)
2022-04-27 10:53:46,472 [EventQueue-PipelineReportForPipelineReportHandler] INFO  pipeline.PipelineManagerImpl (PipelineManagerImpl.java:openPipeline(328)) - Pipeline Pipeline[ Id: 93f665e0-829f-4506-a843-57de26798040, Nodes: fb1b2524-5f72-4172-b06b-98bf8bab58d7{ip: 10.1.0.29, host: fv-az270-423.tacnzluakwdehk1hpragurqkma.bx.internal.cloudapp.net, ports: [REPLICATION=34055, RATIS=34621, RATIS_ADMIN=34621, RATIS_SERVER=34621, STANDALONE=35257], networkLocation: /default-rack, certSerialId: null, persistedOpState: IN_SERVICE, persistedOpStateExpiryEpochSec: 0}5305b34f-83d0-4be9-8032-f631ee150b78{ip: 10.1.0.29, host: fv-az270-423.tacnzluakwdehk1hpragurqkma.bx.internal.cloudapp.net, ports: [REPLICATION=45903, RATIS=34741, RATIS_ADMIN=34741, RATIS_SERVER=34741, STANDALONE=45233], networkLocation: /default-rack, certSerialId: null, persistedOpState: IN_SERVICE, persistedOpStateExpiryEpochSec: 0}7171416e-d570-4db8-8282-6e036003ab52{ip: 10.1.0.29, host: fv-az270-423.tacnzluakwdehk1hpragurqkma.bx.internal.cloudapp.net, ports: [REPLICATION=32879, RATIS=35393, RATIS_ADMIN=35393, RATIS_SERVER=35393, STANDALONE=34561], networkLocation: /default-rack, certSerialId: null, persistedOpState: IN_SERVICE, persistedOpStateExpiryEpochSec: 0}, ReplicationConfig: RATIS/THREE, State:ALLOCATED, leaderId:fb1b2524-5f72-4172-b06b-98bf8bab58d7, CreationTimestamp2022-04-27T10:53:40.789Z[Etc/UTC]] moved to OPEN state
2022-04-27 10:53:46,472 [grpc-default-executor-1] INFO  server.RaftServer$Division (RaftServerImpl.java:requestVote(1078)) - 7171416e-d570-4db8-8282-6e036003ab52@group-57DE26798040 replies to ELECTION vote request: fb1b2524-5f72-4172-b06b-98bf8bab58d7<-7171416e-d570-4db8-8282-6e036003ab52#0:OK-t1. Peer's state: 7171416e-d570-4db8-8282-6e036003ab52@group-57DE26798040:t1, leader=null, voted=fb1b2524-5f72-4172-b06b-98bf8bab58d7, raftlog=7171416e-d570-4db8-8282-6e036003ab52@group-57DE26798040-SegmentedRaftLog:OPENED:c-1, conf=-1: [5305b34f-83d0-4be9-8032-f631ee150b78|rpc:10.1.0.29:34741|dataStream:|priority:0, 7171416e-d570-4db8-8282-6e036003ab52|rpc:10.1.0.29:35393|dataStream:|priority:0, fb1b2524-5f72-4172-b06b-98bf8bab58d7|rpc:10.1.0.29:34621|dataStream:|priority:1], old=null
2022-04-27 10:53:46,472 [fb1b2524-5f72-4172-b06b-98bf8bab58d7@group-57DE26798040-LeaderElection33] INFO  server.RaftServerConfigKeys (ConfUtils.java:logGet(44)) - raft.server.write.byte-limit = 1024 M (=1073741824) (custom)
2022-04-27 10:53:46,476 [fb1b2524-5f72-4172-b06b-98bf8bab58d7@group-57DE26798040-LeaderElection33] INFO  server.RaftServerConfigKeys (ConfUtils.java:logGet(44)) - raft.server.watch.timeout = 10000ms (default)
2022-04-27 10:53:46,476 [fb1b2524-5f72-4172-b06b-98bf8bab58d7@group-57DE26798040-LeaderElection33] INFO  server.RaftServerConfigKeys (ConfUtils.java:logGet(44)) - raft.server.watch.timeout.denomination = 1s (default)
2022-04-27 10:53:46,476 [fb1b2524-5f72-4172-b06b-98bf8bab58d7@group-57DE26798040-LeaderElection33] INFO  server.RaftServerConfigKeys (ConfUtils.java:logGet(44)) - raft.server.watch.element-limit = 65536 (default)
2022-04-27 10:53:46,476 [fb1b2524-5f72-4172-b06b-98bf8bab58d7@group-57DE26798040-LeaderElection33] INFO  server.RaftServerConfigKeys (ConfUtils.java:logGet(44)) - raft.server.write.element-limit = 1024 (custom)
2022-04-27 10:53:46,476 [fb1b2524-5f72-4172-b06b-98bf8bab58d7@group-57DE26798040-LeaderElection33] INFO  server.RaftServerConfigKeys (ConfUtils.java:logGet(44)) - raft.server.write.follower.gap.ratio.max = -1.0 (default)
2022-04-27 10:53:46,476 [fb1b2524-5f72-4172-b06b-98bf8bab58d7@group-57DE26798040-LeaderElection33] INFO  server.RaftServerConfigKeys (ConfUtils.java:logGet(44)) - raft.server.log.appender.snapshot.chunk.size.max = 16MB (=16777216) (default)
2022-04-27 10:53:46,476 [fb1b2524-5f72-4172-b06b-98bf8bab58d7@group-57DE26798040-LeaderElection33] INFO  server.RaftServerConfigKeys (ConfUtils.java:logGet(44)) - raft.server.log.appender.buffer.byte-limit = 33554432 (custom)
2022-04-27 10:53:46,476 [fb1b2524-5f72-4172-b06b-98bf8bab58d7@group-57DE26798040-LeaderElection33] INFO  server.RaftServerConfigKeys (ConfUtils.java:logGet(44)) - raft.server.log.appender.buffer.element-limit = 1 (custom)
2022-04-27 10:53:46,476 [fb1b2524-5f72-4172-b06b-98bf8bab58d7@group-57DE26798040-LeaderElection33] INFO  grpc.GrpcConfigKeys (ConfUtils.java:logGet(44)) - raft.grpc.server.leader.outstanding.appends.max = 128 (default)
2022-04-27 10:53:46,476 [fb1b2524-5f72-4172-b06b-98bf8bab58d7@group-57DE26798040-LeaderElection33] INFO  server.RaftServerConfigKeys (ConfUtils.java:logGet(44)) - raft.server.rpc.request.timeout = 3000ms (default)
2022-04-27 10:53:46,476 [fb1b2524-5f72-4172-b06b-98bf8bab58d7@group-57DE26798040-LeaderElection33] INFO  server.RaftServerConfigKeys (ConfUtils.java:logGet(44)) - raft.server.log.appender.install.snapshot.enabled = false (custom)
2022-04-27 10:53:46,477 [fb1b2524-5f72-4172-b06b-98bf8bab58d7@group-57DE26798040-LeaderElection33] INFO  server.RaftServerConfigKeys (ConfUtils.java:logGet(44)) - raft.server.log.appender.snapshot.chunk.size.max = 16MB (=16777216) (default)
2022-04-27 10:53:46,477 [fb1b2524-5f72-4172-b06b-98bf8bab58d7@group-57DE26798040-LeaderElection33] INFO  server.RaftServerConfigKeys (ConfUtils.java:logGet(44)) - raft.server.log.appender.buffer.byte-limit = 33554432 (custom)
2022-04-27 10:53:46,477 [fb1b2524-5f72-4172-b06b-98bf8bab58d7@group-57DE26798040-LeaderElection33] INFO  server.RaftServerConfigKeys (ConfUtils.java:logGet(44)) - raft.server.log.appender.buffer.element-limit = 1 (custom)
2022-04-27 10:53:46,477 [fb1b2524-5f72-4172-b06b-98bf8bab58d7@group-57DE26798040-LeaderElection33] INFO  grpc.GrpcConfigKeys (ConfUtils.java:logGet(44)) - raft.grpc.server.leader.outstanding.appends.max = 128 (default)
2022-04-27 10:53:46,477 [fb1b2524-5f72-4172-b06b-98bf8bab58d7@group-57DE26798040-LeaderElection33] INFO  server.RaftServerConfigKeys (ConfUtils.java:logGet(44)) - raft.server.rpc.request.timeout = 3000ms (default)
2022-04-27 10:53:46,477 [fb1b2524-5f72-4172-b06b-98bf8bab58d7@group-57DE26798040-LeaderElection33] INFO  server.RaftServerConfigKeys (ConfUtils.java:logGet(44)) - raft.server.log.appender.install.snapshot.enabled = false (custom)
2022-04-27 10:53:46,478 [EventQueue-PipelineReportForPipelineReportHandler] INFO  pipeline.PipelineReportHandler (PipelineReportHandler.java:processPipelineReport(113)) - Reported pipeline PipelineID=cf80c735-cb93-438b-a05e-dff27b2a1031 is not found
2022-04-27 10:53:46,479 [fb1b2524-5f72-4172-b06b-98bf8bab58d7@group-57DE26798040-LeaderElection33] INFO  impl.RoleInfo (RoleInfo.java:updateAndGet(130)) - fb1b2524-5f72-4172-b06b-98bf8bab58d7: start fb1b2524-5f72-4172-b06b-98bf8bab58d7@group-57DE26798040-LeaderStateImpl
2022-04-27 10:53:46,479 [fb1b2524-5f72-4172-b06b-98bf8bab58d7@group-57DE26798040-LeaderElection33] INFO  segmented.SegmentedRaftLogWorker (SegmentedRaftLogWorker.java:startLogSegment(394)) - fb1b2524-5f72-4172-b06b-98bf8bab58d7@group-57DE26798040-SegmentedRaftLogWorker: Starting segment from index:0
2022-04-27 10:53:46,481 [fb1b2524-5f72-4172-b06b-98bf8bab58d7@group-57DE26798040-SegmentedRaftLogWorker] INFO  segmented.SegmentedRaftLogWorker (SegmentedRaftLogWorker.java:execute(601)) - fb1b2524-5f72-4172-b06b-98bf8bab58d7@group-57DE26798040-SegmentedRaftLogWorker: created new log segment /home/runner/work/ozone/ozone/hadoop-ozone/integration-test/target/test-dir/MiniOzoneClusterImpl-6fb830c9-5413-49cc-a625-6cf41c4e5c97/datanode-1/data/ratis/93f665e0-829f-4506-a843-57de26798040/current/log_inprogress_0
2022-04-27 10:53:46,503 [fb1b2524-5f72-4172-b06b-98bf8bab58d7@group-57DE26798040-LeaderElection33] INFO  server.RaftServer$Division (ServerState.java:setRaftConf(387)) - fb1b2524-5f72-4172-b06b-98bf8bab58d7@group-57DE26798040: set configuration 0: [5305b34f-83d0-4be9-8032-f631ee150b78|rpc:10.1.0.29:34741|dataStream:|priority:0, 7171416e-d570-4db8-8282-6e036003ab52|rpc:10.1.0.29:35393|dataStream:|priority:0, fb1b2524-5f72-4172-b06b-98bf8bab58d7|rpc:10.1.0.29:34621|dataStream:|priority:1], old=null
2022-04-27 10:53:46,505 [fb1b2524-5f72-4172-b06b-98bf8bab58d7@group-57DE26798040-StateMachineUpdater] INFO  ratis.ContainerStateMachine (ContainerStateMachine.java:takeSnapshot(304)) - group-57DE26798040: Taking a snapshot at:(t:1, i:0) file /home/runner/work/ozone/ozone/hadoop-ozone/integration-test/target/test-dir/MiniOzoneClusterImpl-6fb830c9-5413-49cc-a625-6cf41c4e5c97/datanode-1/data/ratis/93f665e0-829f-4506-a843-57de26798040/sm/snapshot.1_0
2022-04-27 10:53:46,507 [fb1b2524-5f72-4172-b06b-98bf8bab58d7@group-57DE26798040-StateMachineUpdater] INFO  ratis.ContainerStateMachine (ContainerStateMachine.java:takeSnapshot(315)) - group-57DE26798040: Finished taking a snapshot at:(t:1, i:0) file:/home/runner/work/ozone/ozone/hadoop-ozone/integration-test/target/test-dir/MiniOzoneClusterImpl-6fb830c9-5413-49cc-a625-6cf41c4e5c97/datanode-1/data/ratis/93f665e0-829f-4506-a843-57de26798040/sm/snapshot.1_0 took: 1 ms
2022-04-27 10:53:46,507 [fb1b2524-5f72-4172-b06b-98bf8bab58d7@group-57DE26798040-StateMachineUpdater] INFO  impl.StateMachineUpdater (StateMachineUpdater.java:takeSnapshot(281)) - fb1b2524-5f72-4172-b06b-98bf8bab58d7@group-57DE26798040-StateMachineUpdater: Took a snapshot at index 0
2022-04-27 10:53:46,507 [fb1b2524-5f72-4172-b06b-98bf8bab58d7@group-57DE26798040-StateMachineUpdater] INFO  impl.StateMachineUpdater (StateMachineUpdater.java:lambda$new$0(89)) - fb1b2524-5f72-4172-b06b-98bf8bab58d7@group-57DE26798040-StateMachineUpdater: snapshotIndex: updateIncreasingly -1 -> 0
2022-04-27 10:53:46,509 [grpc-default-executor-4] INFO  ratis.XceiverServerRatis (XceiverServerRatis.java:handleLeaderChangedNotification(863)) - Leader change notification received for group: group-57DE26798040 with new leaderId: fb1b2524-5f72-4172-b06b-98bf8bab58d7
2022-04-27 10:53:46,509 [grpc-default-executor-4] INFO  server.RaftServer$Division (ServerState.java:setLeader(285)) - 7171416e-d570-4db8-8282-6e036003ab52@group-57DE26798040: change Leader from null to fb1b2524-5f72-4172-b06b-98bf8bab58d7 at term 1 for appendEntries, leader elected after 5073ms
2022-04-27 10:53:46,520 [grpc-default-executor-4] INFO  server.RaftServer$Division (ServerState.java:setRaftConf(387)) - 7171416e-d570-4db8-8282-6e036003ab52@group-57DE26798040: set configuration 0: [5305b34f-83d0-4be9-8032-f631ee150b78|rpc:10.1.0.29:34741|dataStream:|priority:0, 7171416e-d570-4db8-8282-6e036003ab52|rpc:10.1.0.29:35393|dataStream:|priority:0, fb1b2524-5f72-4172-b06b-98bf8bab58d7|rpc:10.1.0.29:34621|dataStream:|priority:1], old=null
2022-04-27 10:53:46,520 [grpc-default-executor-4] INFO  segmented.SegmentedRaftLogWorker (SegmentedRaftLogWorker.java:startLogSegment(394)) - 7171416e-d570-4db8-8282-6e036003ab52@group-57DE26798040-SegmentedRaftLogWorker: Starting segment from index:0
2022-04-27 10:53:46,522 [7171416e-d570-4db8-8282-6e036003ab52@group-57DE26798040-SegmentedRaftLogWorker] INFO  segmented.SegmentedRaftLogWorker (SegmentedRaftLogWorker.java:execute(601)) - 7171416e-d570-4db8-8282-6e036003ab52@group-57DE26798040-SegmentedRaftLogWorker: created new log segment /home/runner/work/ozone/ozone/hadoop-ozone/integration-test/target/test-dir/MiniOzoneClusterImpl-6fb830c9-5413-49cc-a625-6cf41c4e5c97/datanode-7/data/ratis/93f665e0-829f-4506-a843-57de26798040/current/log_inprogress_0
2022-04-27 10:53:46,524 [7171416e-d570-4db8-8282-6e036003ab52@group-57DE26798040-StateMachineUpdater] INFO  ratis.ContainerStateMachine (ContainerStateMachine.java:takeSnapshot(304)) - group-57DE26798040: Taking a snapshot at:(t:1, i:0) file /home/runner/work/ozone/ozone/hadoop-ozone/integration-test/target/test-dir/MiniOzoneClusterImpl-6fb830c9-5413-49cc-a625-6cf41c4e5c97/datanode-7/data/ratis/93f665e0-829f-4506-a843-57de26798040/sm/snapshot.1_0
2022-04-27 10:53:46,525 [7171416e-d570-4db8-8282-6e036003ab52@group-57DE26798040-StateMachineUpdater] INFO  ratis.ContainerStateMachine (ContainerStateMachine.java:takeSnapshot(315)) - group-57DE26798040: Finished taking a snapshot at:(t:1, i:0) file:/home/runner/work/ozone/ozone/hadoop-ozone/integration-test/target/test-dir/MiniOzoneClusterImpl-6fb830c9-5413-49cc-a625-6cf41c4e5c97/datanode-7/data/ratis/93f665e0-829f-4506-a843-57de26798040/sm/snapshot.1_0 took: 1 ms
2022-04-27 10:53:46,525 [7171416e-d570-4db8-8282-6e036003ab52@group-57DE26798040-StateMachineUpdater] INFO  impl.StateMachineUpdater (StateMachineUpdater.java:takeSnapshot(281)) - 7171416e-d570-4db8-8282-6e036003ab52@group-57DE26798040-StateMachineUpdater: Took a snapshot at index 0
2022-04-27 10:53:46,525 [7171416e-d570-4db8-8282-6e036003ab52@group-57DE26798040-StateMachineUpdater] INFO  impl.StateMachineUpdater (StateMachineUpdater.java:lambda$new$0(89)) - 7171416e-d570-4db8-8282-6e036003ab52@group-57DE26798040-StateMachineUpdater: snapshotIndex: updateIncreasingly -1 -> 0
2022-04-27 10:53:46,528 [EventQueue-PipelineReportForPipelineReportHandler] INFO  pipeline.PipelineReportHandler (PipelineReportHandler.java:processPipelineReport(113)) - Reported pipeline PipelineID=cf80c735-cb93-438b-a05e-dff27b2a1031 is not found
2022-04-27 10:53:46,529 [grpc-default-executor-4] INFO  ratis.XceiverServerRatis (XceiverServerRatis.java:handleLeaderChangedNotification(863)) - Leader change notification received for group: group-57DE26798040 with new leaderId: fb1b2524-5f72-4172-b06b-98bf8bab58d7
2022-04-27 10:53:46,529 [grpc-default-executor-4] INFO  server.RaftServer$Division (ServerState.java:setLeader(285)) - 5305b34f-83d0-4be9-8032-f631ee150b78@group-57DE26798040: change Leader from null to fb1b2524-5f72-4172-b06b-98bf8bab58d7 at term 1 for appendEntries, leader elected after 5141ms
2022-04-27 10:53:46,532 [grpc-default-executor-4] INFO  server.RaftServer$Division (ServerState.java:setRaftConf(387)) - 5305b34f-83d0-4be9-8032-f631ee150b78@group-57DE26798040: set configuration 0: [5305b34f-83d0-4be9-8032-f631ee150b78|rpc:10.1.0.29:34741|dataStream:|priority:0, 7171416e-d570-4db8-8282-6e036003ab52|rpc:10.1.0.29:35393|dataStream:|priority:0, fb1b2524-5f72-4172-b06b-98bf8bab58d7|rpc:10.1.0.29:34621|dataStream:|priority:1], old=null
2022-04-27 10:53:46,533 [grpc-default-executor-4] INFO  segmented.SegmentedRaftLogWorker (SegmentedRaftLogWorker.java:startLogSegment(394)) - 5305b34f-83d0-4be9-8032-f631ee150b78@group-57DE26798040-SegmentedRaftLogWorker: Starting segment from index:0
2022-04-27 10:53:46,534 [5305b34f-83d0-4be9-8032-f631ee150b78@group-57DE26798040-SegmentedRaftLogWorker] INFO  segmented.SegmentedRaftLogWorker (SegmentedRaftLogWorker.java:execute(601)) - 5305b34f-83d0-4be9-8032-f631ee150b78@group-57DE26798040-SegmentedRaftLogWorker: created new log segment /home/runner/work/ozone/ozone/hadoop-ozone/integration-test/target/test-dir/MiniOzoneClusterImpl-6fb830c9-5413-49cc-a625-6cf41c4e5c97/datanode-2/data/ratis/93f665e0-829f-4506-a843-57de26798040/current/log_inprogress_0
2022-04-27 10:53:46,536 [5305b34f-83d0-4be9-8032-f631ee150b78@group-57DE26798040-StateMachineUpdater] INFO  ratis.ContainerStateMachine (ContainerStateMachine.java:takeSnapshot(304)) - group-57DE26798040: Taking a snapshot at:(t:1, i:0) file /home/runner/work/ozone/ozone/hadoop-ozone/integration-test/target/test-dir/MiniOzoneClusterImpl-6fb830c9-5413-49cc-a625-6cf41c4e5c97/datanode-2/data/ratis/93f665e0-829f-4506-a843-57de26798040/sm/snapshot.1_0
2022-04-27 10:53:46,538 [5305b34f-83d0-4be9-8032-f631ee150b78@group-57DE26798040-StateMachineUpdater] INFO  ratis.ContainerStateMachine (ContainerStateMachine.java:takeSnapshot(315)) - group-57DE26798040: Finished taking a snapshot at:(t:1, i:0) file:/home/runner/work/ozone/ozone/hadoop-ozone/integration-test/target/test-dir/MiniOzoneClusterImpl-6fb830c9-5413-49cc-a625-6cf41c4e5c97/datanode-2/data/ratis/93f665e0-829f-4506-a843-57de26798040/sm/snapshot.1_0 took: 2 ms
2022-04-27 10:53:46,538 [5305b34f-83d0-4be9-8032-f631ee150b78@group-57DE26798040-StateMachineUpdater] INFO  impl.StateMachineUpdater (StateMachineUpdater.java:takeSnapshot(281)) - 5305b34f-83d0-4be9-8032-f631ee150b78@group-57DE26798040-StateMachineUpdater: Took a snapshot at index 0
2022-04-27 10:53:46,538 [5305b34f-83d0-4be9-8032-f631ee150b78@group-57DE26798040-StateMachineUpdater] INFO  impl.StateMachineUpdater (StateMachineUpdater.java:lambda$new$0(89)) - 5305b34f-83d0-4be9-8032-f631ee150b78@group-57DE26798040-StateMachineUpdater: snapshotIndex: updateIncreasingly -1 -> 0
2022-04-27 10:53:46,600 [java.util.concurrent.ThreadPoolExecutor$Worker@6aef4c2[State = -1, empty queue]] WARN  server.GrpcLogAppender (GrpcLogAppender.java:timeoutAppendRequest(246)) - 5e6908a8-a78b-4a66-9555-b48c04384dc8@group-EEF7E24D5DDB->fc150688-1f76-4ec0-a672-aaf91f0753c3-GrpcLogAppender: HEARTBEAT appendEntries Timeout, request=AppendEntriesRequest:cid=13274625,entriesCount=0,lastEntry=null
2022-04-27 10:53:46,630 [java.util.concurrent.ThreadPoolExecutor$Worker@6aef4c2[State = -1, empty queue]] WARN  server.GrpcLogAppender (GrpcLogAppender.java:timeoutAppendRequest(246)) - 5e6908a8-a78b-4a66-9555-b48c04384dc8@group-E78063F29D5F->fc150688-1f76-4ec0-a672-aaf91f0753c3-GrpcLogAppender: HEARTBEAT appendEntries Timeout, request=AppendEntriesRequest:cid=22,entriesCount=0,lastEntry=null
2022-04-27 10:53:46,675 [EventQueue-PipelineReportForPipelineReportHandler] INFO  pipeline.PipelineReportHandler (PipelineReportHandler.java:processPipelineReport(113)) - Reported pipeline PipelineID=cf80c735-cb93-438b-a05e-dff27b2a1031 is not found
2022-04-27 10:53:46,704 [EventQueue-PipelineReportForPipelineReportHandler] INFO  pipeline.PipelineReportHandler (PipelineReportHandler.java:processPipelineReport(113)) - Reported pipeline PipelineID=cf80c735-cb93-438b-a05e-dff27b2a1031 is not found
2022-04-27 10:53:46,729 [EventQueue-PipelineReportForPipelineReportHandler] INFO  pipeline.PipelineReportHandler (PipelineReportHandler.java:processPipelineReport(113)) - Reported pipeline PipelineID=cf80c735-cb93-438b-a05e-dff27b2a1031 is not found
2022-04-27 10:53:46,790 [FixedThreadPoolWithAffinityExecutor-0-0] WARN  container.ContainerReportHandler (AbstractContainerReportHandler.java:updateContainerState(255)) - Container #4 is in OPEN state, but the datanode 5305b34f-83d0-4be9-8032-f631ee150b78{ip: 10.1.0.29, host: fv-az270-423.tacnzluakwdehk1hpragurqkma.bx.internal.cloudapp.net, ports: [REPLICATION=45903, RATIS=34741, RATIS_ADMIN=34741, RATIS_SERVER=34741, STANDALONE=45233], networkLocation: /default-rack, certSerialId: null, persistedOpState: IN_SERVICE, persistedOpStateExpiryEpochSec: 0} reports an CLOSED replica.
2022-04-27 10:53:46,990 [FixedThreadPoolWithAffinityExecutor-9-0] WARN  container.ContainerReportHandler (AbstractContainerReportHandler.java:updateContainerState(255)) - Container #4 is in OPEN state, but the datanode 5305b34f-83d0-4be9-8032-f631ee150b78{ip: 10.1.0.29, host: fv-az270-423.tacnzluakwdehk1hpragurqkma.bx.internal.cloudapp.net, ports: [REPLICATION=45903, RATIS=34741, RATIS_ADMIN=34741, RATIS_SERVER=34741, STANDALONE=45233], networkLocation: /default-rack, certSerialId: null, persistedOpState: IN_SERVICE, persistedOpStateExpiryEpochSec: 0} reports an CLOSED replica.
2022-04-27 10:53:47,060 [Listener at 127.0.0.1/43313] ERROR ratis.ContainerStateMachine (ContainerStateMachine.java:takeSnapshot(298)) - Failed to take snapshot  for group-760431D8F0E0 as the stateMachine is unhealthy. The last applied index is at (t:1, i:6)
]]></system-out>
  </testcase>
</testsuite>