<?xml version="1.0" encoding="UTF-8"?>
<testsuite xmlns:xsi="http://www.w3.org/2001/XMLSchema-instance" xsi:noNamespaceSchemaLocation="https://maven.apache.org/surefire/maven-surefire-plugin/xsd/surefire-test-report.xsd" name="org.apache.hadoop.ozone.scm.TestSCMInstallSnapshotWithHA" time="178.869" tests="3" errors="0" skipped="0" failures="1">
  <properties>
    <property name="awt.toolkit" value="sun.awt.X11.XToolkit"/>
    <property name="file.encoding.pkg" value="sun.io"/>
    <property name="java.specification.version" value="1.8"/>
    <property name="sun.cpu.isalist" value=""/>
    <property name="sun.jnu.encoding" value="UTF-8"/>
    <property name="java.class.path" value="/home/runner/work/ozone/ozone/hadoop-ozone/integration-test/target/test-classes:/home/runner/work/ozone/ozone/hadoop-ozone/integration-test/target/classes:/home/runner/.m2/repository/org/apache/ozone/ozone-common/1.2.0-SNAPSHOT/ozone-common-1.2.0-SNAPSHOT.jar:/home/runner/.m2/repository/org/apache/commons/commons-compress/1.20/commons-compress-1.20.jar:/home/runner/.m2/repository/org/apache/ozone/hdds-common/1.2.0-SNAPSHOT/hdds-common-1.2.0-SNAPSHOT.jar:/home/runner/.m2/repository/org/apache/ozone/hdds-client/1.2.0-SNAPSHOT/hdds-client-1.2.0-SNAPSHOT.jar:/home/runner/.m2/repository/org/apache/ozone/ozone-interface-client/1.2.0-SNAPSHOT/ozone-interface-client-1.2.0-SNAPSHOT.jar:/home/runner/.m2/repository/org/apache/ozone/hdds-server-framework/1.2.0-SNAPSHOT/hdds-server-framework-1.2.0-SNAPSHOT.jar:/home/runner/.m2/repository/org/apache/ozone/hdds-interface-server/1.2.0-SNAPSHOT/hdds-interface-server-1.2.0-SNAPSHOT.jar:/home/runner/.m2/repository/org/eclipse/jetty/jetty-servlet/9.4.43.v20210629/jetty-servlet-9.4.43.v20210629.jar:/home/runner/.m2/repository/org/eclipse/jetty/jetty-security/9.4.43.v20210629/jetty-security-9.4.43.v20210629.jar:/home/runner/.m2/repository/org/rocksdb/rocksdbjni/6.20.3/rocksdbjni-6.20.3.jar:/home/runner/.m2/repository/io/prometheus/simpleclient_dropwizard/0.7.0/simpleclient_dropwizard-0.7.0.jar:/home/runner/.m2/repository/io/prometheus/simpleclient/0.7.0/simpleclient-0.7.0.jar:/home/runner/.m2/repository/io/prometheus/simpleclient_common/0.7.0/simpleclient_common-0.7.0.jar:/home/runner/.m2/repository/com/fasterxml/jackson/datatype/jackson-datatype-jsr310/2.12.1/jackson-datatype-jsr310-2.12.1.jar:/home/runner/.m2/repository/org/apache/ozone/hdds-test-utils/1.2.0-SNAPSHOT/hdds-test-utils-1.2.0-SNAPSHOT.jar:/home/runner/.m2/repository/com/google/guava/guava/30.1.1-jre/guava-30.1.1-jre.jar:/home/runner/.m2/repository/com/google/guava/failureaccess/1.0.1/failureaccess-1.0.1.jar:/home/runner/.m2/repository/com/google/guava/listenablefuture/9999.0-empty-to-avoid-conflict-with-guava/listenablefuture-9999.0-empty-to-avoid-conflict-with-guava.jar:/home/runner/.m2/repository/com/google/code/findbugs/jsr305/3.0.0/jsr305-3.0.0.jar:/home/runner/.m2/repository/org/checkerframework/checker-qual/3.8.0/checker-qual-3.8.0.jar:/home/runner/.m2/repository/com/google/errorprone/error_prone_annotations/2.2.0/error_prone_annotations-2.2.0.jar:/home/runner/.m2/repository/com/google/j2objc/j2objc-annotations/1.3/j2objc-annotations-1.3.jar:/home/runner/.m2/repository/commons-io/commons-io/2.8.0/commons-io-2.8.0.jar:/home/runner/.m2/repository/commons-logging/commons-logging/1.2/commons-logging-1.2.jar:/home/runner/.m2/repository/log4j/log4j/1.2.17/log4j-1.2.17.jar:/home/runner/.m2/repository/org/slf4j/slf4j-api/1.7.30/slf4j-api-1.7.30.jar:/home/runner/.m2/repository/org/apache/ozone/hdds-server-scm/1.2.0-SNAPSHOT/hdds-server-scm-1.2.0-SNAPSHOT.jar:/home/runner/.m2/repository/org/apache/ozone/hdds-container-service/1.2.0-SNAPSHOT/hdds-container-service-1.2.0-SNAPSHOT.jar:/home/runner/.m2/repository/org/apache/ozone/hdds-hadoop-dependency-server/1.2.0-SNAPSHOT/hdds-hadoop-dependency-server-1.2.0-SNAPSHOT.jar:/home/runner/.m2/repository/org/apache/hadoop/hadoop-hdfs/3.3.1/hadoop-hdfs-3.3.1.jar:/home/runner/.m2/repository/io/dropwizard/metrics/metrics-core/3.2.4/metrics-core-3.2.4.jar:/home/runner/.m2/repository/org/apache/hadoop/hadoop-hdfs-client/3.3.1/hadoop-hdfs-client-3.3.1.jar:/home/runner/.m2/repository/org/bouncycastle/bcprov-jdk15on/1.67/bcprov-jdk15on-1.67.jar:/home/runner/.m2/repository/com/google/protobuf/protobuf-java/2.5.0/protobuf-java-2.5.0.jar:/home/runner/.m2/repository/org/apache/ozone/ozone-manager/1.2.0-SNAPSHOT/ozone-manager-1.2.0-SNAPSHOT.jar:/home/runner/.m2/repository/org/aspectj/aspectjrt/1.9.7/aspectjrt-1.9.7.jar:/home/runner/.m2/repository/org/aspectj/aspectjweaver/1.9.7/aspectjweaver-1.9.7.jar:/home/runner/.m2/repository/org/apache/ozone/hdds-interface-client/1.2.0-SNAPSHOT/hdds-interface-client-1.2.0-SNAPSHOT.jar:/home/runner/.m2/repository/org/apache/hadoop/thirdparty/hadoop-shaded-protobuf_3_7/1.1.1/hadoop-shaded-protobuf_3_7-1.1.1.jar:/home/runner/.m2/repository/org/apache/ozone/ozone-interface-storage/1.2.0-SNAPSHOT/ozone-interface-storage-1.2.0-SNAPSHOT.jar:/home/runner/.m2/repository/org/reflections/reflections/0.9.11/reflections-0.9.11.jar:/home/runner/.m2/repository/org/apache/hadoop/hadoop-minikdc/3.3.1/hadoop-minikdc-3.3.1.jar:/home/runner/.m2/repository/org/apache/kerby/kerb-simplekdc/1.0.1/kerb-simplekdc-1.0.1.jar:/home/runner/.m2/repository/org/apache/kerby/kerb-client/1.0.1/kerb-client-1.0.1.jar:/home/runner/.m2/repository/org/apache/kerby/kerby-config/1.0.1/kerby-config-1.0.1.jar:/home/runner/.m2/repository/org/apache/kerby/kerb-common/1.0.1/kerb-common-1.0.1.jar:/home/runner/.m2/repository/org/apache/kerby/kerb-crypto/1.0.1/kerb-crypto-1.0.1.jar:/home/runner/.m2/repository/org/apache/kerby/kerb-util/1.0.1/kerb-util-1.0.1.jar:/home/runner/.m2/repository/org/apache/kerby/token-provider/1.0.1/token-provider-1.0.1.jar:/home/runner/.m2/repository/org/apache/kerby/kerb-admin/1.0.1/kerb-admin-1.0.1.jar:/home/runner/.m2/repository/org/apache/kerby/kerb-server/1.0.1/kerb-server-1.0.1.jar:/home/runner/.m2/repository/org/apache/kerby/kerb-identity/1.0.1/kerb-identity-1.0.1.jar:/home/runner/.m2/repository/org/apache/kerby/kerby-xdr/1.0.1/kerby-xdr-1.0.1.jar:/home/runner/.m2/repository/org/slf4j/slf4j-log4j12/1.7.30/slf4j-log4j12-1.7.30.jar:/home/runner/.m2/repository/org/apache/ozone/ozone-s3gateway/1.2.0-SNAPSHOT/ozone-s3gateway-1.2.0-SNAPSHOT.jar:/home/runner/.m2/repository/org/javassist/javassist/3.21.0-GA/javassist-3.21.0-GA.jar:/home/runner/.m2/repository/org/jboss/weld/servlet/weld-servlet/2.4.7.Final/weld-servlet-2.4.7.Final.jar:/home/runner/.m2/repository/org/glassfish/jersey/containers/jersey-container-servlet-core/2.33/jersey-container-servlet-core-2.33.jar:/home/runner/.m2/repository/org/glassfish/hk2/external/jakarta.inject/2.6.1/jakarta.inject-2.6.1.jar:/home/runner/.m2/repository/org/glassfish/jersey/core/jersey-common/2.33/jersey-common-2.33.jar:/home/runner/.m2/repository/jakarta/ws/rs/jakarta.ws.rs-api/2.1.6/jakarta.ws.rs-api-2.1.6.jar:/home/runner/.m2/repository/org/glassfish/jersey/ext/cdi/jersey-cdi1x/2.33/jersey-cdi1x-2.33.jar:/home/runner/.m2/repository/org/glassfish/jersey/inject/jersey-hk2/2.33/jersey-hk2-2.33.jar:/home/runner/.m2/repository/org/glassfish/hk2/hk2-locator/2.6.1/hk2-locator-2.6.1.jar:/home/runner/.m2/repository/org/glassfish/jersey/media/jersey-media-jaxb/2.33/jersey-media-jaxb-2.33.jar:/home/runner/.m2/repository/org/glassfish/hk2/osgi-resource-locator/1.0.3/osgi-resource-locator-1.0.3.jar:/home/runner/.m2/repository/org/glassfish/hk2/hk2-api/2.5.0/hk2-api-2.5.0.jar:/home/runner/.m2/repository/org/glassfish/hk2/hk2-utils/2.5.0/hk2-utils-2.5.0.jar:/home/runner/.m2/repository/org/glassfish/hk2/external/aopalliance-repackaged/2.5.0/aopalliance-repackaged-2.5.0.jar:/home/runner/.m2/repository/com/fasterxml/jackson/dataformat/jackson-dataformat-xml/2.12.1/jackson-dataformat-xml-2.12.1.jar:/home/runner/.m2/repository/com/fasterxml/jackson/core/jackson-core/2.12.1/jackson-core-2.12.1.jar:/home/runner/.m2/repository/com/fasterxml/jackson/module/jackson-module-jaxb-annotations/2.12.1/jackson-module-jaxb-annotations-2.12.1.jar:/home/runner/.m2/repository/jakarta/xml/bind/jakarta.xml.bind-api/2.3.2/jakarta.xml.bind-api-2.3.2.jar:/home/runner/.m2/repository/org/codehaus/woodstox/stax2-api/3.1.4/stax2-api-3.1.4.jar:/home/runner/.m2/repository/com/fasterxml/woodstox/woodstox-core/5.0.3/woodstox-core-5.0.3.jar:/home/runner/.m2/repository/javax/enterprise/cdi-api/1.2/cdi-api-1.2.jar:/home/runner/.m2/repository/javax/el/javax.el-api/3.0.0/javax.el-api-3.0.0.jar:/home/runner/.m2/repository/javax/interceptor/javax.interceptor-api/1.2/javax.interceptor-api-1.2.jar:/home/runner/.m2/repository/javax/inject/javax.inject/1/javax.inject-1.jar:/home/runner/.m2/repository/javax/xml/bind/jaxb-api/2.3.0/jaxb-api-2.3.0.jar:/home/runner/.m2/repository/org/glassfish/jaxb/jaxb-runtime/2.3.0.1/jaxb-runtime-2.3.0.1.jar:/home/runner/.m2/repository/org/glassfish/jaxb/jaxb-core/2.3.0.1/jaxb-core-2.3.0.1.jar:/home/runner/.m2/repository/org/glassfish/jaxb/txw2/2.3.0.1/txw2-2.3.0.1.jar:/home/runner/.m2/repository/com/sun/istack/istack-commons-runtime/3.0.5/istack-commons-runtime-3.0.5.jar:/home/runner/.m2/repository/org/jvnet/staxex/stax-ex/1.7.8/stax-ex-1.7.8.jar:/home/runner/.m2/repository/com/sun/xml/fastinfoset/FastInfoset/1.2.13/FastInfoset-1.2.13.jar:/home/runner/.m2/repository/javax/activation/activation/1.1.1/activation-1.1.1.jar:/home/runner/.m2/repository/org/apache/ozone/ozone-csi/1.2.0-SNAPSHOT/ozone-csi-1.2.0-SNAPSHOT.jar:/home/runner/.m2/repository/com/google/protobuf/protobuf-java-util/3.12.0/protobuf-java-util-3.12.0.jar:/home/runner/.m2/repository/com/google/code/gson/gson/2.2.4/gson-2.2.4.jar:/home/runner/.m2/repository/org/apache/ozone/hdds-config/1.2.0-SNAPSHOT/hdds-config-1.2.0-SNAPSHOT.jar:/home/runner/.m2/repository/io/grpc/grpc-netty/1.33.0/grpc-netty-1.33.0.jar:/home/runner/.m2/repository/io/grpc/grpc-core/1.33.0/grpc-core-1.33.0.jar:/home/runner/.m2/repository/com/google/android/annotations/4.1.1.4/annotations-4.1.1.4.jar:/home/runner/.m2/repository/io/netty/netty-codec-http2/4.1.63.Final/netty-codec-http2-4.1.63.Final.jar:/home/runner/.m2/repository/io/netty/netty-codec-http/4.1.63.Final/netty-codec-http-4.1.63.Final.jar:/home/runner/.m2/repository/io/netty/netty-handler-proxy/4.1.63.Final/netty-handler-proxy-4.1.63.Final.jar:/home/runner/.m2/repository/io/netty/netty-codec-socks/4.1.63.Final/netty-codec-socks-4.1.63.Final.jar:/home/runner/.m2/repository/io/perfmark/perfmark-api/0.19.0/perfmark-api-0.19.0.jar:/home/runner/.m2/repository/org/codehaus/mojo/animal-sniffer-annotations/1.18/animal-sniffer-annotations-1.18.jar:/home/runner/.m2/repository/io/netty/netty-transport-native-epoll/4.1.63.Final/netty-transport-native-epoll-4.1.63.Final.jar:/home/runner/.m2/repository/io/netty/netty-common/4.1.63.Final/netty-common-4.1.63.Final.jar:/home/runner/.m2/repository/io/netty/netty-buffer/4.1.63.Final/netty-buffer-4.1.63.Final.jar:/home/runner/.m2/repository/io/netty/netty-transport-native-unix-common/4.1.63.Final/netty-transport-native-unix-common-4.1.63.Final.jar:/home/runner/.m2/repository/io/grpc/grpc-protobuf/1.33.0/grpc-protobuf-1.33.0.jar:/home/runner/.m2/repository/io/grpc/grpc-api/1.33.0/grpc-api-1.33.0.jar:/home/runner/.m2/repository/io/grpc/grpc-context/1.33.0/grpc-context-1.33.0.jar:/home/runner/.m2/repository/com/google/api/grpc/proto-google-common-protos/1.17.0/proto-google-common-protos-1.17.0.jar:/home/runner/.m2/repository/io/grpc/grpc-protobuf-lite/1.33.0/grpc-protobuf-lite-1.33.0.jar:/home/runner/.m2/repository/io/grpc/grpc-stub/1.33.0/grpc-stub-1.33.0.jar:/home/runner/.m2/repository/org/apache/ozone/ozone-recon/1.2.0-SNAPSHOT/ozone-recon-1.2.0-SNAPSHOT.jar:/home/runner/.m2/repository/org/apache/ozone/ozone-reconcodegen/1.2.0-SNAPSHOT/ozone-reconcodegen-1.2.0-SNAPSHOT.jar:/home/runner/.m2/repository/com/google/inject/extensions/guice-multibindings/4.0/guice-multibindings-4.0.jar:/home/runner/.m2/repository/com/google/inject/guice/4.0/guice-4.0.jar:/home/runner/.m2/repository/aopalliance/aopalliance/1.0/aopalliance-1.0.jar:/home/runner/.m2/repository/com/google/inject/extensions/guice-assistedinject/4.0/guice-assistedinject-4.0.jar:/home/runner/.m2/repository/com/google/inject/extensions/guice-servlet/4.0/guice-servlet-4.0.jar:/home/runner/.m2/repository/org/glassfish/jersey/containers/jersey-container-servlet/2.33/jersey-container-servlet-2.33.jar:/home/runner/.m2/repository/org/glassfish/hk2/guice-bridge/2.5.0/guice-bridge-2.5.0.jar:/home/runner/.m2/repository/org/glassfish/jersey/core/jersey-server/2.33/jersey-server-2.33.jar:/home/runner/.m2/repository/org/glassfish/jersey/core/jersey-client/2.33/jersey-client-2.33.jar:/home/runner/.m2/repository/jakarta/annotation/jakarta.annotation-api/1.3.5/jakarta.annotation-api-1.3.5.jar:/home/runner/.m2/repository/jakarta/validation/jakarta.validation-api/2.0.2/jakarta.validation-api-2.0.2.jar:/home/runner/.m2/repository/org/glassfish/jersey/media/jersey-media-json-jackson/2.33/jersey-media-json-jackson-2.33.jar:/home/runner/.m2/repository/org/glassfish/jersey/ext/jersey-entity-filtering/2.33/jersey-entity-filtering-2.33.jar:/home/runner/.m2/repository/org/jooq/jooq/3.11.10/jooq-3.11.10.jar:/home/runner/.m2/repository/org/jooq/jooq-meta/3.11.10/jooq-meta-3.11.10.jar:/home/runner/.m2/repository/org/jooq/jooq-codegen/3.11.10/jooq-codegen-3.11.10.jar:/home/runner/.m2/repository/com/jolbox/bonecp/0.8.0.RELEASE/bonecp-0.8.0.RELEASE.jar:/home/runner/.m2/repository/org/apache/derby/derby/10.14.2.0/derby-10.14.2.0.jar:/home/runner/.m2/repository/org/xerial/sqlite-jdbc/3.25.2/sqlite-jdbc-3.25.2.jar:/home/runner/.m2/repository/org/springframework/spring-jdbc/5.2.11.RELEASE/spring-jdbc-5.2.11.RELEASE.jar:/home/runner/.m2/repository/org/springframework/spring-beans/5.2.11.RELEASE/spring-beans-5.2.11.RELEASE.jar:/home/runner/.m2/repository/org/springframework/spring-core/5.2.11.RELEASE/spring-core-5.2.11.RELEASE.jar:/home/runner/.m2/repository/org/springframework/spring-jcl/5.2.11.RELEASE/spring-jcl-5.2.11.RELEASE.jar:/home/runner/.m2/repository/org/springframework/spring-tx/5.2.11.RELEASE/spring-tx-5.2.11.RELEASE.jar:/home/runner/.m2/repository/org/apache/ozone/ozone-client/1.2.0-SNAPSHOT/ozone-client-1.2.0-SNAPSHOT.jar:/home/runner/.m2/repository/org/apache/ozone/ozone-filesystem/1.2.0-SNAPSHOT/ozone-filesystem-1.2.0-SNAPSHOT.jar:/home/runner/.m2/repository/org/apache/ozone/ozone-filesystem-common/1.2.0-SNAPSHOT/ozone-filesystem-common-1.2.0-SNAPSHOT.jar:/home/runner/.m2/repository/org/apache/ozone/ozone-tools/1.2.0-SNAPSHOT/ozone-tools-1.2.0-SNAPSHOT.jar:/home/runner/.m2/repository/org/apache/ratis/ratis-tools/2.1.0-03f3b68-SNAPSHOT/ratis-tools-2.1.0-03f3b68-SNAPSHOT.jar:/home/runner/.m2/repository/com/amazonaws/aws-java-sdk-core/1.11.901/aws-java-sdk-core-1.11.901.jar:/home/runner/.m2/repository/org/apache/httpcomponents/httpclient/4.5.13/httpclient-4.5.13.jar:/home/runner/.m2/repository/org/apache/httpcomponents/httpcore/4.4.13/httpcore-4.4.13.jar:/home/runner/.m2/repository/software/amazon/ion/ion-java/1.0.2/ion-java-1.0.2.jar:/home/runner/.m2/repository/com/fasterxml/jackson/dataformat/jackson-dataformat-cbor/2.12.1/jackson-dataformat-cbor-2.12.1.jar:/home/runner/.m2/repository/joda-time/joda-time/2.8.1/joda-time-2.8.1.jar:/home/runner/.m2/repository/com/amazonaws/aws-java-sdk-s3/1.11.901/aws-java-sdk-s3-1.11.901.jar:/home/runner/.m2/repository/com/amazonaws/aws-java-sdk-kms/1.11.901/aws-java-sdk-kms-1.11.901.jar:/home/runner/.m2/repository/com/amazonaws/jmespath-java/1.11.901/jmespath-java-1.11.901.jar:/home/runner/.m2/repository/org/kohsuke/metainf-services/metainf-services/1.8/metainf-services-1.8.jar:/home/runner/.m2/repository/org/apache/ozone/hdds-tools/1.2.0-SNAPSHOT/hdds-tools-1.2.0-SNAPSHOT.jar:/home/runner/.m2/repository/commons-cli/commons-cli/1.2/commons-cli-1.2.jar:/home/runner/.m2/repository/org/apache/commons/commons-lang3/3.7/commons-lang3-3.7.jar:/home/runner/.m2/repository/org/apache/ozone/ozone-manager/1.2.0-SNAPSHOT/ozone-manager-1.2.0-SNAPSHOT-tests.jar:/home/runner/.m2/repository/org/apache/ozone/hdds-common/1.2.0-SNAPSHOT/hdds-common-1.2.0-SNAPSHOT-tests.jar:/home/runner/.m2/repository/org/apache/ozone/hdds-hadoop-dependency-client/1.2.0-SNAPSHOT/hdds-hadoop-dependency-client-1.2.0-SNAPSHOT.jar:/home/runner/.m2/repository/info/picocli/picocli/4.6.1/picocli-4.6.1.jar:/home/runner/.m2/repository/com/fasterxml/jackson/core/jackson-annotations/2.12.1/jackson-annotations-2.12.1.jar:/home/runner/.m2/repository/javax/annotation/javax.annotation-api/1.2/javax.annotation-api-1.2.jar:/home/runner/.m2/repository/org/apache/ratis/ratis-server/2.1.0-03f3b68-SNAPSHOT/ratis-server-2.1.0-03f3b68-SNAPSHOT.jar:/home/runner/.m2/repository/org/apache/ratis/ratis-client/2.1.0-03f3b68-SNAPSHOT/ratis-client-2.1.0-03f3b68-SNAPSHOT.jar:/home/runner/.m2/repository/org/apache/ratis/ratis-server-api/2.1.0-03f3b68-SNAPSHOT/ratis-server-api-2.1.0-03f3b68-SNAPSHOT.jar:/home/runner/.m2/repository/org/apache/ratis/ratis-metrics/2.1.0-03f3b68-SNAPSHOT/ratis-metrics-2.1.0-03f3b68-SNAPSHOT.jar:/home/runner/.m2/repository/org/apache/ratis/ratis-netty/2.1.0-03f3b68-SNAPSHOT/ratis-netty-2.1.0-03f3b68-SNAPSHOT.jar:/home/runner/.m2/repository/org/apache/ratis/ratis-grpc/2.1.0-03f3b68-SNAPSHOT/ratis-grpc-2.1.0-03f3b68-SNAPSHOT.jar:/home/runner/.m2/repository/org/apache/logging/log4j/log4j-api/2.13.3/log4j-api-2.13.3.jar:/home/runner/.m2/repository/org/apache/logging/log4j/log4j-core/2.13.3/log4j-core-2.13.3.jar:/home/runner/.m2/repository/com/lmax/disruptor/3.4.2/disruptor-3.4.2.jar:/home/runner/.m2/repository/org/apache/commons/commons-pool2/2.6.0/commons-pool2-2.6.0.jar:/home/runner/.m2/repository/org/bouncycastle/bcpkix-jdk15on/1.67/bcpkix-jdk15on-1.67.jar:/home/runner/.m2/repository/commons-validator/commons-validator/1.6/commons-validator-1.6.jar:/home/runner/.m2/repository/commons-beanutils/commons-beanutils/1.9.4/commons-beanutils-1.9.4.jar:/home/runner/.m2/repository/commons-digester/commons-digester/1.8.1/commons-digester-1.8.1.jar:/home/runner/.m2/repository/commons-collections/commons-collections/3.2.2/commons-collections-3.2.2.jar:/home/runner/.m2/repository/io/jaegertracing/jaeger-client/1.6.0/jaeger-client-1.6.0.jar:/home/runner/.m2/repository/io/jaegertracing/jaeger-thrift/1.6.0/jaeger-thrift-1.6.0.jar:/home/runner/.m2/repository/org/apache/thrift/libthrift/0.14.1/libthrift-0.14.1.jar:/home/runner/.m2/repository/com/squareup/okhttp3/okhttp/4.9.0/okhttp-4.9.0.jar:/home/runner/.m2/repository/com/squareup/okio/okio/2.8.0/okio-2.8.0.jar:/home/runner/.m2/repository/io/jaegertracing/jaeger-core/1.6.0/jaeger-core-1.6.0.jar:/home/runner/.m2/repository/io/jaegertracing/jaeger-tracerresolver/1.6.0/jaeger-tracerresolver-1.6.0.jar:/home/runner/.m2/repository/io/opentracing/contrib/opentracing-tracerresolver/0.1.8/opentracing-tracerresolver-0.1.8.jar:/home/runner/.m2/repository/org/jetbrains/kotlin/kotlin-stdlib/1.4.31/kotlin-stdlib-1.4.31.jar:/home/runner/.m2/repository/org/jetbrains/kotlin/kotlin-stdlib-common/1.4.31/kotlin-stdlib-common-1.4.31.jar:/home/runner/.m2/repository/org/jetbrains/annotations/13.0/annotations-13.0.jar:/home/runner/.m2/repository/io/opentracing/opentracing-util/0.33.0/opentracing-util-0.33.0.jar:/home/runner/.m2/repository/io/opentracing/opentracing-api/0.33.0/opentracing-api-0.33.0.jar:/home/runner/.m2/repository/io/opentracing/opentracing-noop/0.33.0/opentracing-noop-0.33.0.jar:/home/runner/.m2/repository/org/yaml/snakeyaml/1.26/snakeyaml-1.26.jar:/home/runner/.m2/repository/org/apache/ozone/hdds-interface-admin/1.2.0-SNAPSHOT/hdds-interface-admin-1.2.0-SNAPSHOT.jar:/home/runner/.m2/repository/junit/junit/4.13.1/junit-4.13.1.jar:/home/runner/.m2/repository/org/hamcrest/hamcrest-core/1.3/hamcrest-core-1.3.jar:/home/runner/.m2/repository/org/junit/jupiter/junit-jupiter-api/5.7.0/junit-jupiter-api-5.7.0.jar:/home/runner/.m2/repository/org/apiguardian/apiguardian-api/1.1.0/apiguardian-api-1.1.0.jar:/home/runner/.m2/repository/org/opentest4j/opentest4j/1.2.0/opentest4j-1.2.0.jar:/home/runner/.m2/repository/org/junit/platform/junit-platform-commons/1.7.0/junit-platform-commons-1.7.0.jar:/home/runner/.m2/repository/org/junit/jupiter/junit-jupiter-engine/5.7.0/junit-jupiter-engine-5.7.0.jar:/home/runner/.m2/repository/org/junit/platform/junit-platform-engine/1.7.0/junit-platform-engine-1.7.0.jar:/home/runner/.m2/repository/org/junit/vintage/junit-vintage-engine/5.7.0/junit-vintage-engine-5.7.0.jar:/home/runner/.m2/repository/org/junit/platform/junit-platform-launcher/1.7.0/junit-platform-launcher-1.7.0.jar:/home/runner/.m2/repository/org/openjdk/jmh/jmh-core/1.19/jmh-core-1.19.jar:/home/runner/.m2/repository/net/sf/jopt-simple/jopt-simple/4.6/jopt-simple-4.6.jar:/home/runner/.m2/repository/org/apache/commons/commons-math3/3.1.1/commons-math3-3.1.1.jar:/home/runner/.m2/repository/org/openjdk/jmh/jmh-generator-annprocess/1.19/jmh-generator-annprocess-1.19.jar:/home/runner/.m2/repository/org/mockito/mockito-core/2.28.2/mockito-core-2.28.2.jar:/home/runner/.m2/repository/net/bytebuddy/byte-buddy/1.9.10/byte-buddy-1.9.10.jar:/home/runner/.m2/repository/net/bytebuddy/byte-buddy-agent/1.9.10/byte-buddy-agent-1.9.10.jar:/home/runner/.m2/repository/org/objenesis/objenesis/1.0/objenesis-1.0.jar:/home/runner/.m2/repository/org/apache/hadoop/hadoop-kms/3.3.1/hadoop-kms-3.3.1.jar:/home/runner/.m2/repository/org/apache/hadoop/hadoop-auth/3.3.1/hadoop-auth-3.3.1.jar:/home/runner/.m2/repository/com/nimbusds/nimbus-jose-jwt/7.9/nimbus-jose-jwt-7.9.jar:/home/runner/.m2/repository/com/github/stephenc/jcip/jcip-annotations/1.0-1/jcip-annotations-1.0-1.jar:/home/runner/.m2/repository/net/minidev/json-smart/2.3/json-smart-2.3.jar:/home/runner/.m2/repository/net/minidev/accessors-smart/1.2/accessors-smart-1.2.jar:/home/runner/.m2/repository/org/ow2/asm/asm/5.0.4/asm-5.0.4.jar:/home/runner/.m2/repository/org/apache/zookeeper/zookeeper/3.5.6/zookeeper-3.5.6.jar:/home/runner/.m2/repository/org/apache/zookeeper/zookeeper-jute/3.5.6/zookeeper-jute-3.5.6.jar:/home/runner/.m2/repository/org/apache/yetus/audience-annotations/0.5.0/audience-annotations-0.5.0.jar:/home/runner/.m2/repository/org/apache/curator/curator-framework/4.2.0/curator-framework-4.2.0.jar:/home/runner/.m2/repository/org/apache/hadoop/thirdparty/hadoop-shaded-guava/1.1.1/hadoop-shaded-guava-1.1.1.jar:/home/runner/.m2/repository/com/sun/jersey/jersey-core/1.19/jersey-core-1.19.jar:/home/runner/.m2/repository/javax/ws/rs/jsr311-api/1.1.1/jsr311-api-1.1.1.jar:/home/runner/.m2/repository/com/sun/jersey/jersey-server/1.19/jersey-server-1.19.jar:/home/runner/.m2/repository/javax/servlet/javax.servlet-api/3.1.0/javax.servlet-api-3.1.0.jar:/home/runner/.m2/repository/org/eclipse/jetty/jetty-server/9.4.43.v20210629/jetty-server-9.4.43.v20210629.jar:/home/runner/.m2/repository/org/eclipse/jetty/jetty-http/9.4.43.v20210629/jetty-http-9.4.43.v20210629.jar:/home/runner/.m2/repository/org/eclipse/jetty/jetty-io/9.4.43.v20210629/jetty-io-9.4.43.v20210629.jar:/home/runner/.m2/repository/org/eclipse/jetty/jetty-webapp/9.4.43.v20210629/jetty-webapp-9.4.43.v20210629.jar:/home/runner/.m2/repository/org/eclipse/jetty/jetty-xml/9.4.43.v20210629/jetty-xml-9.4.43.v20210629.jar:/home/runner/.m2/repository/org/apache/hadoop/hadoop-common/3.3.1/hadoop-common-3.3.1.jar:/home/runner/.m2/repository/commons-net/commons-net/3.6/commons-net-3.6.jar:/home/runner/.m2/repository/jakarta/activation/jakarta.activation-api/1.2.1/jakarta.activation-api-1.2.1.jar:/home/runner/.m2/repository/com/sun/jersey/jersey-servlet/1.19/jersey-servlet-1.19.jar:/home/runner/.m2/repository/com/sun/jersey/jersey-json/1.19/jersey-json-1.19.jar:/home/runner/.m2/repository/org/codehaus/jettison/jettison/1.1/jettison-1.1.jar:/home/runner/.m2/repository/com/sun/xml/bind/jaxb-impl/2.2.3-1/jaxb-impl-2.2.3-1.jar:/home/runner/.m2/repository/org/codehaus/jackson/jackson-jaxrs/1.9.2/jackson-jaxrs-1.9.2.jar:/home/runner/.m2/repository/org/codehaus/jackson/jackson-xc/1.9.2/jackson-xc-1.9.2.jar:/home/runner/.m2/repository/org/apache/commons/commons-configuration2/2.1.1/commons-configuration2-2.1.1.jar:/home/runner/.m2/repository/org/apache/commons/commons-text/1.4/commons-text-1.4.jar:/home/runner/.m2/repository/com/google/re2j/re2j/1.1/re2j-1.1.jar:/home/runner/.m2/repository/com/jcraft/jsch/0.1.54/jsch-0.1.54.jar:/home/runner/.m2/repository/org/apache/curator/curator-client/4.2.0/curator-client-4.2.0.jar:/home/runner/.m2/repository/org/apache/curator/curator-recipes/4.2.0/curator-recipes-4.2.0.jar:/home/runner/.m2/repository/org/apache/kerby/kerb-core/1.0.1/kerb-core-1.0.1.jar:/home/runner/.m2/repository/org/apache/kerby/kerby-pkix/1.0.1/kerby-pkix-1.0.1.jar:/home/runner/.m2/repository/org/apache/kerby/kerby-asn1/1.0.1/kerby-asn1-1.0.1.jar:/home/runner/.m2/repository/org/apache/kerby/kerby-util/1.0.1/kerby-util-1.0.1.jar:/home/runner/.m2/repository/dnsjava/dnsjava/2.1.7/dnsjava-2.1.7.jar:/home/runner/.m2/repository/org/xerial/snappy/snappy-java/1.1.8.2/snappy-java-1.1.8.2.jar:/home/runner/.m2/repository/org/slf4j/jul-to-slf4j/1.7.30/jul-to-slf4j-1.7.30.jar:/home/runner/.m2/repository/org/eclipse/jetty/jetty-util/9.4.43.v20210629/jetty-util-9.4.43.v20210629.jar:/home/runner/.m2/repository/com/fasterxml/jackson/core/jackson-databind/2.12.1/jackson-databind-2.12.1.jar:/home/runner/.m2/repository/org/apache/hadoop/hadoop-kms/3.3.1/hadoop-kms-3.3.1-tests.jar:/home/runner/.m2/repository/org/apache/ozone/hdds-server-scm/1.2.0-SNAPSHOT/hdds-server-scm-1.2.0-SNAPSHOT-tests.jar:/home/runner/.m2/repository/org/apache/ozone/hdds-container-service/1.2.0-SNAPSHOT/hdds-container-service-1.2.0-SNAPSHOT-tests.jar:/home/runner/.m2/repository/commons-codec/commons-codec/1.11/commons-codec-1.11.jar:/home/runner/.m2/repository/io/netty/netty-transport/4.1.63.Final/netty-transport-4.1.63.Final.jar:/home/runner/.m2/repository/io/netty/netty-resolver/4.1.63.Final/netty-resolver-4.1.63.Final.jar:/home/runner/.m2/repository/io/netty/netty-codec/4.1.63.Final/netty-codec-4.1.63.Final.jar:/home/runner/.m2/repository/io/netty/netty-handler/4.1.63.Final/netty-handler-4.1.63.Final.jar:/home/runner/.m2/repository/org/apache/ozone/hdds-hadoop-dependency-test/1.2.0-SNAPSHOT/hdds-hadoop-dependency-test-1.2.0-SNAPSHOT.jar:/home/runner/.m2/repository/org/apache/hadoop/hadoop-common/3.3.1/hadoop-common-3.3.1-tests.jar:/home/runner/.m2/repository/org/assertj/assertj-core/3.12.2/assertj-core-3.12.2.jar:/home/runner/.m2/repository/org/apache/hadoop/hadoop-hdfs/3.3.1/hadoop-hdfs-3.3.1-tests.jar:/home/runner/.m2/repository/org/eclipse/jetty/jetty-util-ajax/9.4.43.v20210629/jetty-util-ajax-9.4.43.v20210629.jar:/home/runner/.m2/repository/commons-daemon/commons-daemon/1.0.13/commons-daemon-1.0.13.jar:/home/runner/.m2/repository/io/netty/netty/3.10.6.Final/netty-3.10.6.Final.jar:/home/runner/.m2/repository/io/netty/netty-all/4.1.63.Final/netty-all-4.1.63.Final.jar:/home/runner/.m2/repository/org/apache/htrace/htrace-core4/4.1.0-incubating/htrace-core4-4.1.0-incubating.jar:/home/runner/.m2/repository/org/fusesource/leveldbjni/leveldbjni-all/1.8/leveldbjni-all-1.8.jar:/home/runner/.m2/repository/org/apache/hadoop/hadoop-distcp/3.3.1/hadoop-distcp-3.3.1.jar:/home/runner/.m2/repository/org/apache/hadoop/hadoop-mapreduce-client-jobclient/3.3.1/hadoop-mapreduce-client-jobclient-3.3.1.jar:/home/runner/.m2/repository/org/apache/hadoop/hadoop-mapreduce-client-common/3.3.1/hadoop-mapreduce-client-common-3.3.1.jar:/home/runner/.m2/repository/org/apache/hadoop/hadoop-yarn-common/3.3.1/hadoop-yarn-common-3.3.1.jar:/home/runner/.m2/repository/org/apache/hadoop/hadoop-yarn-api/3.3.1/hadoop-yarn-api-3.3.1.jar:/home/runner/.m2/repository/com/sun/jersey/jersey-client/1.19/jersey-client-1.19.jar:/home/runner/.m2/repository/com/sun/jersey/contribs/jersey-guice/1.19/jersey-guice-1.19.jar:/home/runner/.m2/repository/com/fasterxml/jackson/jaxrs/jackson-jaxrs-json-provider/2.12.1/jackson-jaxrs-json-provider-2.12.1.jar:/home/runner/.m2/repository/com/fasterxml/jackson/jaxrs/jackson-jaxrs-base/2.12.1/jackson-jaxrs-base-2.12.1.jar:/home/runner/.m2/repository/org/apache/hadoop/hadoop-yarn-client/3.3.1/hadoop-yarn-client-3.3.1.jar:/home/runner/.m2/repository/org/eclipse/jetty/websocket/websocket-client/9.4.40.v20210413/websocket-client-9.4.40.v20210413.jar:/home/runner/.m2/repository/org/eclipse/jetty/jetty-client/9.4.40.v20210413/jetty-client-9.4.40.v20210413.jar:/home/runner/.m2/repository/org/eclipse/jetty/websocket/websocket-common/9.4.40.v20210413/websocket-common-9.4.40.v20210413.jar:/home/runner/.m2/repository/org/eclipse/jetty/websocket/websocket-api/9.4.40.v20210413/websocket-api-9.4.40.v20210413.jar:/home/runner/.m2/repository/org/jline/jline/3.9.0/jline-3.9.0.jar:/home/runner/.m2/repository/org/apache/hadoop/hadoop-mapreduce-client-core/3.3.1/hadoop-mapreduce-client-core-3.3.1.jar:/home/runner/.m2/repository/org/apache/avro/avro/1.7.7/avro-1.7.7.jar:/home/runner/.m2/repository/org/codehaus/jackson/jackson-core-asl/1.9.13/jackson-core-asl-1.9.13.jar:/home/runner/.m2/repository/org/codehaus/jackson/jackson-mapper-asl/1.9.13/jackson-mapper-asl-1.9.13.jar:/home/runner/.m2/repository/com/thoughtworks/paranamer/paranamer/2.3/paranamer-2.3.jar:/home/runner/.m2/repository/org/apache/hadoop/hadoop-annotations/3.3.1/hadoop-annotations-3.3.1.jar:/usr/lib/jvm/adoptopenjdk-8-hotspot-amd64/jre/../lib/tools.jar:/home/runner/.m2/repository/org/apache/hadoop/hadoop-distcp/3.3.1/hadoop-distcp-3.3.1-tests.jar:/home/runner/.m2/repository/org/apache/ratis/ratis-common/2.1.0-03f3b68-SNAPSHOT/ratis-common-2.1.0-03f3b68-SNAPSHOT.jar:/home/runner/.m2/repository/org/apache/ratis/ratis-thirdparty-misc/0.7.0/ratis-thirdparty-misc-0.7.0.jar:/home/runner/.m2/repository/org/apache/ratis/ratis-proto/2.1.0-03f3b68-SNAPSHOT/ratis-proto-2.1.0-03f3b68-SNAPSHOT.jar:"/>
    <property name="java.vm.vendor" value="AdoptOpenJDK"/>
    <property name="sun.arch.data.model" value="64"/>
    <property name="test.build.dir" value="/home/runner/work/ozone/ozone/hadoop-ozone/integration-test/target/test-dir"/>
    <property name="test.cache.data" value=""/>
    <property name="java.vendor.url" value="https://adoptopenjdk.net/"/>
    <property name="user.timezone" value=""/>
    <property name="java.vm.specification.version" value="1.8"/>
    <property name="os.name" value="Linux"/>
    <property name="test.build.data" value="/home/runner/work/ozone/ozone/hadoop-ozone/integration-test/target/test-dir"/>
    <property name="sun.java.launcher" value="SUN_STANDARD"/>
    <property name="sun.boot.library.path" value="/usr/lib/jvm/adoptopenjdk-8-hotspot-amd64/jre/lib/amd64"/>
    <property name="sun.java.command" value="/home/runner/work/ozone/ozone/hadoop-ozone/integration-test/target/surefire/surefirebooter1200485502342847641.jar /home/runner/work/ozone/ozone/hadoop-ozone/integration-test/target/surefire 2021-09-28T00-54-55_152-jvmRun1 surefire1810216454308726174tmp surefire_16715375962603804575tmp"/>
    <property name="surefire.test.class.path" value="/home/runner/work/ozone/ozone/hadoop-ozone/integration-test/target/test-classes:/home/runner/work/ozone/ozone/hadoop-ozone/integration-test/target/classes:/home/runner/.m2/repository/org/apache/ozone/ozone-common/1.2.0-SNAPSHOT/ozone-common-1.2.0-SNAPSHOT.jar:/home/runner/.m2/repository/org/apache/commons/commons-compress/1.20/commons-compress-1.20.jar:/home/runner/.m2/repository/org/apache/ozone/hdds-common/1.2.0-SNAPSHOT/hdds-common-1.2.0-SNAPSHOT.jar:/home/runner/.m2/repository/org/apache/ozone/hdds-client/1.2.0-SNAPSHOT/hdds-client-1.2.0-SNAPSHOT.jar:/home/runner/.m2/repository/org/apache/ozone/ozone-interface-client/1.2.0-SNAPSHOT/ozone-interface-client-1.2.0-SNAPSHOT.jar:/home/runner/.m2/repository/org/apache/ozone/hdds-server-framework/1.2.0-SNAPSHOT/hdds-server-framework-1.2.0-SNAPSHOT.jar:/home/runner/.m2/repository/org/apache/ozone/hdds-interface-server/1.2.0-SNAPSHOT/hdds-interface-server-1.2.0-SNAPSHOT.jar:/home/runner/.m2/repository/org/eclipse/jetty/jetty-servlet/9.4.43.v20210629/jetty-servlet-9.4.43.v20210629.jar:/home/runner/.m2/repository/org/eclipse/jetty/jetty-security/9.4.43.v20210629/jetty-security-9.4.43.v20210629.jar:/home/runner/.m2/repository/org/rocksdb/rocksdbjni/6.20.3/rocksdbjni-6.20.3.jar:/home/runner/.m2/repository/io/prometheus/simpleclient_dropwizard/0.7.0/simpleclient_dropwizard-0.7.0.jar:/home/runner/.m2/repository/io/prometheus/simpleclient/0.7.0/simpleclient-0.7.0.jar:/home/runner/.m2/repository/io/prometheus/simpleclient_common/0.7.0/simpleclient_common-0.7.0.jar:/home/runner/.m2/repository/com/fasterxml/jackson/datatype/jackson-datatype-jsr310/2.12.1/jackson-datatype-jsr310-2.12.1.jar:/home/runner/.m2/repository/org/apache/ozone/hdds-test-utils/1.2.0-SNAPSHOT/hdds-test-utils-1.2.0-SNAPSHOT.jar:/home/runner/.m2/repository/com/google/guava/guava/30.1.1-jre/guava-30.1.1-jre.jar:/home/runner/.m2/repository/com/google/guava/failureaccess/1.0.1/failureaccess-1.0.1.jar:/home/runner/.m2/repository/com/google/guava/listenablefuture/9999.0-empty-to-avoid-conflict-with-guava/listenablefuture-9999.0-empty-to-avoid-conflict-with-guava.jar:/home/runner/.m2/repository/com/google/code/findbugs/jsr305/3.0.0/jsr305-3.0.0.jar:/home/runner/.m2/repository/org/checkerframework/checker-qual/3.8.0/checker-qual-3.8.0.jar:/home/runner/.m2/repository/com/google/errorprone/error_prone_annotations/2.2.0/error_prone_annotations-2.2.0.jar:/home/runner/.m2/repository/com/google/j2objc/j2objc-annotations/1.3/j2objc-annotations-1.3.jar:/home/runner/.m2/repository/commons-io/commons-io/2.8.0/commons-io-2.8.0.jar:/home/runner/.m2/repository/commons-logging/commons-logging/1.2/commons-logging-1.2.jar:/home/runner/.m2/repository/log4j/log4j/1.2.17/log4j-1.2.17.jar:/home/runner/.m2/repository/org/slf4j/slf4j-api/1.7.30/slf4j-api-1.7.30.jar:/home/runner/.m2/repository/org/apache/ozone/hdds-server-scm/1.2.0-SNAPSHOT/hdds-server-scm-1.2.0-SNAPSHOT.jar:/home/runner/.m2/repository/org/apache/ozone/hdds-container-service/1.2.0-SNAPSHOT/hdds-container-service-1.2.0-SNAPSHOT.jar:/home/runner/.m2/repository/org/apache/ozone/hdds-hadoop-dependency-server/1.2.0-SNAPSHOT/hdds-hadoop-dependency-server-1.2.0-SNAPSHOT.jar:/home/runner/.m2/repository/org/apache/hadoop/hadoop-hdfs/3.3.1/hadoop-hdfs-3.3.1.jar:/home/runner/.m2/repository/io/dropwizard/metrics/metrics-core/3.2.4/metrics-core-3.2.4.jar:/home/runner/.m2/repository/org/apache/hadoop/hadoop-hdfs-client/3.3.1/hadoop-hdfs-client-3.3.1.jar:/home/runner/.m2/repository/org/bouncycastle/bcprov-jdk15on/1.67/bcprov-jdk15on-1.67.jar:/home/runner/.m2/repository/com/google/protobuf/protobuf-java/2.5.0/protobuf-java-2.5.0.jar:/home/runner/.m2/repository/org/apache/ozone/ozone-manager/1.2.0-SNAPSHOT/ozone-manager-1.2.0-SNAPSHOT.jar:/home/runner/.m2/repository/org/aspectj/aspectjrt/1.9.7/aspectjrt-1.9.7.jar:/home/runner/.m2/repository/org/aspectj/aspectjweaver/1.9.7/aspectjweaver-1.9.7.jar:/home/runner/.m2/repository/org/apache/ozone/hdds-interface-client/1.2.0-SNAPSHOT/hdds-interface-client-1.2.0-SNAPSHOT.jar:/home/runner/.m2/repository/org/apache/hadoop/thirdparty/hadoop-shaded-protobuf_3_7/1.1.1/hadoop-shaded-protobuf_3_7-1.1.1.jar:/home/runner/.m2/repository/org/apache/ozone/ozone-interface-storage/1.2.0-SNAPSHOT/ozone-interface-storage-1.2.0-SNAPSHOT.jar:/home/runner/.m2/repository/org/reflections/reflections/0.9.11/reflections-0.9.11.jar:/home/runner/.m2/repository/org/apache/hadoop/hadoop-minikdc/3.3.1/hadoop-minikdc-3.3.1.jar:/home/runner/.m2/repository/org/apache/kerby/kerb-simplekdc/1.0.1/kerb-simplekdc-1.0.1.jar:/home/runner/.m2/repository/org/apache/kerby/kerb-client/1.0.1/kerb-client-1.0.1.jar:/home/runner/.m2/repository/org/apache/kerby/kerby-config/1.0.1/kerby-config-1.0.1.jar:/home/runner/.m2/repository/org/apache/kerby/kerb-common/1.0.1/kerb-common-1.0.1.jar:/home/runner/.m2/repository/org/apache/kerby/kerb-crypto/1.0.1/kerb-crypto-1.0.1.jar:/home/runner/.m2/repository/org/apache/kerby/kerb-util/1.0.1/kerb-util-1.0.1.jar:/home/runner/.m2/repository/org/apache/kerby/token-provider/1.0.1/token-provider-1.0.1.jar:/home/runner/.m2/repository/org/apache/kerby/kerb-admin/1.0.1/kerb-admin-1.0.1.jar:/home/runner/.m2/repository/org/apache/kerby/kerb-server/1.0.1/kerb-server-1.0.1.jar:/home/runner/.m2/repository/org/apache/kerby/kerb-identity/1.0.1/kerb-identity-1.0.1.jar:/home/runner/.m2/repository/org/apache/kerby/kerby-xdr/1.0.1/kerby-xdr-1.0.1.jar:/home/runner/.m2/repository/org/slf4j/slf4j-log4j12/1.7.30/slf4j-log4j12-1.7.30.jar:/home/runner/.m2/repository/org/apache/ozone/ozone-s3gateway/1.2.0-SNAPSHOT/ozone-s3gateway-1.2.0-SNAPSHOT.jar:/home/runner/.m2/repository/org/javassist/javassist/3.21.0-GA/javassist-3.21.0-GA.jar:/home/runner/.m2/repository/org/jboss/weld/servlet/weld-servlet/2.4.7.Final/weld-servlet-2.4.7.Final.jar:/home/runner/.m2/repository/org/glassfish/jersey/containers/jersey-container-servlet-core/2.33/jersey-container-servlet-core-2.33.jar:/home/runner/.m2/repository/org/glassfish/hk2/external/jakarta.inject/2.6.1/jakarta.inject-2.6.1.jar:/home/runner/.m2/repository/org/glassfish/jersey/core/jersey-common/2.33/jersey-common-2.33.jar:/home/runner/.m2/repository/jakarta/ws/rs/jakarta.ws.rs-api/2.1.6/jakarta.ws.rs-api-2.1.6.jar:/home/runner/.m2/repository/org/glassfish/jersey/ext/cdi/jersey-cdi1x/2.33/jersey-cdi1x-2.33.jar:/home/runner/.m2/repository/org/glassfish/jersey/inject/jersey-hk2/2.33/jersey-hk2-2.33.jar:/home/runner/.m2/repository/org/glassfish/hk2/hk2-locator/2.6.1/hk2-locator-2.6.1.jar:/home/runner/.m2/repository/org/glassfish/jersey/media/jersey-media-jaxb/2.33/jersey-media-jaxb-2.33.jar:/home/runner/.m2/repository/org/glassfish/hk2/osgi-resource-locator/1.0.3/osgi-resource-locator-1.0.3.jar:/home/runner/.m2/repository/org/glassfish/hk2/hk2-api/2.5.0/hk2-api-2.5.0.jar:/home/runner/.m2/repository/org/glassfish/hk2/hk2-utils/2.5.0/hk2-utils-2.5.0.jar:/home/runner/.m2/repository/org/glassfish/hk2/external/aopalliance-repackaged/2.5.0/aopalliance-repackaged-2.5.0.jar:/home/runner/.m2/repository/com/fasterxml/jackson/dataformat/jackson-dataformat-xml/2.12.1/jackson-dataformat-xml-2.12.1.jar:/home/runner/.m2/repository/com/fasterxml/jackson/core/jackson-core/2.12.1/jackson-core-2.12.1.jar:/home/runner/.m2/repository/com/fasterxml/jackson/module/jackson-module-jaxb-annotations/2.12.1/jackson-module-jaxb-annotations-2.12.1.jar:/home/runner/.m2/repository/jakarta/xml/bind/jakarta.xml.bind-api/2.3.2/jakarta.xml.bind-api-2.3.2.jar:/home/runner/.m2/repository/org/codehaus/woodstox/stax2-api/3.1.4/stax2-api-3.1.4.jar:/home/runner/.m2/repository/com/fasterxml/woodstox/woodstox-core/5.0.3/woodstox-core-5.0.3.jar:/home/runner/.m2/repository/javax/enterprise/cdi-api/1.2/cdi-api-1.2.jar:/home/runner/.m2/repository/javax/el/javax.el-api/3.0.0/javax.el-api-3.0.0.jar:/home/runner/.m2/repository/javax/interceptor/javax.interceptor-api/1.2/javax.interceptor-api-1.2.jar:/home/runner/.m2/repository/javax/inject/javax.inject/1/javax.inject-1.jar:/home/runner/.m2/repository/javax/xml/bind/jaxb-api/2.3.0/jaxb-api-2.3.0.jar:/home/runner/.m2/repository/org/glassfish/jaxb/jaxb-runtime/2.3.0.1/jaxb-runtime-2.3.0.1.jar:/home/runner/.m2/repository/org/glassfish/jaxb/jaxb-core/2.3.0.1/jaxb-core-2.3.0.1.jar:/home/runner/.m2/repository/org/glassfish/jaxb/txw2/2.3.0.1/txw2-2.3.0.1.jar:/home/runner/.m2/repository/com/sun/istack/istack-commons-runtime/3.0.5/istack-commons-runtime-3.0.5.jar:/home/runner/.m2/repository/org/jvnet/staxex/stax-ex/1.7.8/stax-ex-1.7.8.jar:/home/runner/.m2/repository/com/sun/xml/fastinfoset/FastInfoset/1.2.13/FastInfoset-1.2.13.jar:/home/runner/.m2/repository/javax/activation/activation/1.1.1/activation-1.1.1.jar:/home/runner/.m2/repository/org/apache/ozone/ozone-csi/1.2.0-SNAPSHOT/ozone-csi-1.2.0-SNAPSHOT.jar:/home/runner/.m2/repository/com/google/protobuf/protobuf-java-util/3.12.0/protobuf-java-util-3.12.0.jar:/home/runner/.m2/repository/com/google/code/gson/gson/2.2.4/gson-2.2.4.jar:/home/runner/.m2/repository/org/apache/ozone/hdds-config/1.2.0-SNAPSHOT/hdds-config-1.2.0-SNAPSHOT.jar:/home/runner/.m2/repository/io/grpc/grpc-netty/1.33.0/grpc-netty-1.33.0.jar:/home/runner/.m2/repository/io/grpc/grpc-core/1.33.0/grpc-core-1.33.0.jar:/home/runner/.m2/repository/com/google/android/annotations/4.1.1.4/annotations-4.1.1.4.jar:/home/runner/.m2/repository/io/netty/netty-codec-http2/4.1.63.Final/netty-codec-http2-4.1.63.Final.jar:/home/runner/.m2/repository/io/netty/netty-codec-http/4.1.63.Final/netty-codec-http-4.1.63.Final.jar:/home/runner/.m2/repository/io/netty/netty-handler-proxy/4.1.63.Final/netty-handler-proxy-4.1.63.Final.jar:/home/runner/.m2/repository/io/netty/netty-codec-socks/4.1.63.Final/netty-codec-socks-4.1.63.Final.jar:/home/runner/.m2/repository/io/perfmark/perfmark-api/0.19.0/perfmark-api-0.19.0.jar:/home/runner/.m2/repository/org/codehaus/mojo/animal-sniffer-annotations/1.18/animal-sniffer-annotations-1.18.jar:/home/runner/.m2/repository/io/netty/netty-transport-native-epoll/4.1.63.Final/netty-transport-native-epoll-4.1.63.Final.jar:/home/runner/.m2/repository/io/netty/netty-common/4.1.63.Final/netty-common-4.1.63.Final.jar:/home/runner/.m2/repository/io/netty/netty-buffer/4.1.63.Final/netty-buffer-4.1.63.Final.jar:/home/runner/.m2/repository/io/netty/netty-transport-native-unix-common/4.1.63.Final/netty-transport-native-unix-common-4.1.63.Final.jar:/home/runner/.m2/repository/io/grpc/grpc-protobuf/1.33.0/grpc-protobuf-1.33.0.jar:/home/runner/.m2/repository/io/grpc/grpc-api/1.33.0/grpc-api-1.33.0.jar:/home/runner/.m2/repository/io/grpc/grpc-context/1.33.0/grpc-context-1.33.0.jar:/home/runner/.m2/repository/com/google/api/grpc/proto-google-common-protos/1.17.0/proto-google-common-protos-1.17.0.jar:/home/runner/.m2/repository/io/grpc/grpc-protobuf-lite/1.33.0/grpc-protobuf-lite-1.33.0.jar:/home/runner/.m2/repository/io/grpc/grpc-stub/1.33.0/grpc-stub-1.33.0.jar:/home/runner/.m2/repository/org/apache/ozone/ozone-recon/1.2.0-SNAPSHOT/ozone-recon-1.2.0-SNAPSHOT.jar:/home/runner/.m2/repository/org/apache/ozone/ozone-reconcodegen/1.2.0-SNAPSHOT/ozone-reconcodegen-1.2.0-SNAPSHOT.jar:/home/runner/.m2/repository/com/google/inject/extensions/guice-multibindings/4.0/guice-multibindings-4.0.jar:/home/runner/.m2/repository/com/google/inject/guice/4.0/guice-4.0.jar:/home/runner/.m2/repository/aopalliance/aopalliance/1.0/aopalliance-1.0.jar:/home/runner/.m2/repository/com/google/inject/extensions/guice-assistedinject/4.0/guice-assistedinject-4.0.jar:/home/runner/.m2/repository/com/google/inject/extensions/guice-servlet/4.0/guice-servlet-4.0.jar:/home/runner/.m2/repository/org/glassfish/jersey/containers/jersey-container-servlet/2.33/jersey-container-servlet-2.33.jar:/home/runner/.m2/repository/org/glassfish/hk2/guice-bridge/2.5.0/guice-bridge-2.5.0.jar:/home/runner/.m2/repository/org/glassfish/jersey/core/jersey-server/2.33/jersey-server-2.33.jar:/home/runner/.m2/repository/org/glassfish/jersey/core/jersey-client/2.33/jersey-client-2.33.jar:/home/runner/.m2/repository/jakarta/annotation/jakarta.annotation-api/1.3.5/jakarta.annotation-api-1.3.5.jar:/home/runner/.m2/repository/jakarta/validation/jakarta.validation-api/2.0.2/jakarta.validation-api-2.0.2.jar:/home/runner/.m2/repository/org/glassfish/jersey/media/jersey-media-json-jackson/2.33/jersey-media-json-jackson-2.33.jar:/home/runner/.m2/repository/org/glassfish/jersey/ext/jersey-entity-filtering/2.33/jersey-entity-filtering-2.33.jar:/home/runner/.m2/repository/org/jooq/jooq/3.11.10/jooq-3.11.10.jar:/home/runner/.m2/repository/org/jooq/jooq-meta/3.11.10/jooq-meta-3.11.10.jar:/home/runner/.m2/repository/org/jooq/jooq-codegen/3.11.10/jooq-codegen-3.11.10.jar:/home/runner/.m2/repository/com/jolbox/bonecp/0.8.0.RELEASE/bonecp-0.8.0.RELEASE.jar:/home/runner/.m2/repository/org/apache/derby/derby/10.14.2.0/derby-10.14.2.0.jar:/home/runner/.m2/repository/org/xerial/sqlite-jdbc/3.25.2/sqlite-jdbc-3.25.2.jar:/home/runner/.m2/repository/org/springframework/spring-jdbc/5.2.11.RELEASE/spring-jdbc-5.2.11.RELEASE.jar:/home/runner/.m2/repository/org/springframework/spring-beans/5.2.11.RELEASE/spring-beans-5.2.11.RELEASE.jar:/home/runner/.m2/repository/org/springframework/spring-core/5.2.11.RELEASE/spring-core-5.2.11.RELEASE.jar:/home/runner/.m2/repository/org/springframework/spring-jcl/5.2.11.RELEASE/spring-jcl-5.2.11.RELEASE.jar:/home/runner/.m2/repository/org/springframework/spring-tx/5.2.11.RELEASE/spring-tx-5.2.11.RELEASE.jar:/home/runner/.m2/repository/org/apache/ozone/ozone-client/1.2.0-SNAPSHOT/ozone-client-1.2.0-SNAPSHOT.jar:/home/runner/.m2/repository/org/apache/ozone/ozone-filesystem/1.2.0-SNAPSHOT/ozone-filesystem-1.2.0-SNAPSHOT.jar:/home/runner/.m2/repository/org/apache/ozone/ozone-filesystem-common/1.2.0-SNAPSHOT/ozone-filesystem-common-1.2.0-SNAPSHOT.jar:/home/runner/.m2/repository/org/apache/ozone/ozone-tools/1.2.0-SNAPSHOT/ozone-tools-1.2.0-SNAPSHOT.jar:/home/runner/.m2/repository/org/apache/ratis/ratis-tools/2.1.0-03f3b68-SNAPSHOT/ratis-tools-2.1.0-03f3b68-SNAPSHOT.jar:/home/runner/.m2/repository/com/amazonaws/aws-java-sdk-core/1.11.901/aws-java-sdk-core-1.11.901.jar:/home/runner/.m2/repository/org/apache/httpcomponents/httpclient/4.5.13/httpclient-4.5.13.jar:/home/runner/.m2/repository/org/apache/httpcomponents/httpcore/4.4.13/httpcore-4.4.13.jar:/home/runner/.m2/repository/software/amazon/ion/ion-java/1.0.2/ion-java-1.0.2.jar:/home/runner/.m2/repository/com/fasterxml/jackson/dataformat/jackson-dataformat-cbor/2.12.1/jackson-dataformat-cbor-2.12.1.jar:/home/runner/.m2/repository/joda-time/joda-time/2.8.1/joda-time-2.8.1.jar:/home/runner/.m2/repository/com/amazonaws/aws-java-sdk-s3/1.11.901/aws-java-sdk-s3-1.11.901.jar:/home/runner/.m2/repository/com/amazonaws/aws-java-sdk-kms/1.11.901/aws-java-sdk-kms-1.11.901.jar:/home/runner/.m2/repository/com/amazonaws/jmespath-java/1.11.901/jmespath-java-1.11.901.jar:/home/runner/.m2/repository/org/kohsuke/metainf-services/metainf-services/1.8/metainf-services-1.8.jar:/home/runner/.m2/repository/org/apache/ozone/hdds-tools/1.2.0-SNAPSHOT/hdds-tools-1.2.0-SNAPSHOT.jar:/home/runner/.m2/repository/commons-cli/commons-cli/1.2/commons-cli-1.2.jar:/home/runner/.m2/repository/org/apache/commons/commons-lang3/3.7/commons-lang3-3.7.jar:/home/runner/.m2/repository/org/apache/ozone/ozone-manager/1.2.0-SNAPSHOT/ozone-manager-1.2.0-SNAPSHOT-tests.jar:/home/runner/.m2/repository/org/apache/ozone/hdds-common/1.2.0-SNAPSHOT/hdds-common-1.2.0-SNAPSHOT-tests.jar:/home/runner/.m2/repository/org/apache/ozone/hdds-hadoop-dependency-client/1.2.0-SNAPSHOT/hdds-hadoop-dependency-client-1.2.0-SNAPSHOT.jar:/home/runner/.m2/repository/info/picocli/picocli/4.6.1/picocli-4.6.1.jar:/home/runner/.m2/repository/com/fasterxml/jackson/core/jackson-annotations/2.12.1/jackson-annotations-2.12.1.jar:/home/runner/.m2/repository/javax/annotation/javax.annotation-api/1.2/javax.annotation-api-1.2.jar:/home/runner/.m2/repository/org/apache/ratis/ratis-server/2.1.0-03f3b68-SNAPSHOT/ratis-server-2.1.0-03f3b68-SNAPSHOT.jar:/home/runner/.m2/repository/org/apache/ratis/ratis-client/2.1.0-03f3b68-SNAPSHOT/ratis-client-2.1.0-03f3b68-SNAPSHOT.jar:/home/runner/.m2/repository/org/apache/ratis/ratis-server-api/2.1.0-03f3b68-SNAPSHOT/ratis-server-api-2.1.0-03f3b68-SNAPSHOT.jar:/home/runner/.m2/repository/org/apache/ratis/ratis-metrics/2.1.0-03f3b68-SNAPSHOT/ratis-metrics-2.1.0-03f3b68-SNAPSHOT.jar:/home/runner/.m2/repository/org/apache/ratis/ratis-netty/2.1.0-03f3b68-SNAPSHOT/ratis-netty-2.1.0-03f3b68-SNAPSHOT.jar:/home/runner/.m2/repository/org/apache/ratis/ratis-grpc/2.1.0-03f3b68-SNAPSHOT/ratis-grpc-2.1.0-03f3b68-SNAPSHOT.jar:/home/runner/.m2/repository/org/apache/logging/log4j/log4j-api/2.13.3/log4j-api-2.13.3.jar:/home/runner/.m2/repository/org/apache/logging/log4j/log4j-core/2.13.3/log4j-core-2.13.3.jar:/home/runner/.m2/repository/com/lmax/disruptor/3.4.2/disruptor-3.4.2.jar:/home/runner/.m2/repository/org/apache/commons/commons-pool2/2.6.0/commons-pool2-2.6.0.jar:/home/runner/.m2/repository/org/bouncycastle/bcpkix-jdk15on/1.67/bcpkix-jdk15on-1.67.jar:/home/runner/.m2/repository/commons-validator/commons-validator/1.6/commons-validator-1.6.jar:/home/runner/.m2/repository/commons-beanutils/commons-beanutils/1.9.4/commons-beanutils-1.9.4.jar:/home/runner/.m2/repository/commons-digester/commons-digester/1.8.1/commons-digester-1.8.1.jar:/home/runner/.m2/repository/commons-collections/commons-collections/3.2.2/commons-collections-3.2.2.jar:/home/runner/.m2/repository/io/jaegertracing/jaeger-client/1.6.0/jaeger-client-1.6.0.jar:/home/runner/.m2/repository/io/jaegertracing/jaeger-thrift/1.6.0/jaeger-thrift-1.6.0.jar:/home/runner/.m2/repository/org/apache/thrift/libthrift/0.14.1/libthrift-0.14.1.jar:/home/runner/.m2/repository/com/squareup/okhttp3/okhttp/4.9.0/okhttp-4.9.0.jar:/home/runner/.m2/repository/com/squareup/okio/okio/2.8.0/okio-2.8.0.jar:/home/runner/.m2/repository/io/jaegertracing/jaeger-core/1.6.0/jaeger-core-1.6.0.jar:/home/runner/.m2/repository/io/jaegertracing/jaeger-tracerresolver/1.6.0/jaeger-tracerresolver-1.6.0.jar:/home/runner/.m2/repository/io/opentracing/contrib/opentracing-tracerresolver/0.1.8/opentracing-tracerresolver-0.1.8.jar:/home/runner/.m2/repository/org/jetbrains/kotlin/kotlin-stdlib/1.4.31/kotlin-stdlib-1.4.31.jar:/home/runner/.m2/repository/org/jetbrains/kotlin/kotlin-stdlib-common/1.4.31/kotlin-stdlib-common-1.4.31.jar:/home/runner/.m2/repository/org/jetbrains/annotations/13.0/annotations-13.0.jar:/home/runner/.m2/repository/io/opentracing/opentracing-util/0.33.0/opentracing-util-0.33.0.jar:/home/runner/.m2/repository/io/opentracing/opentracing-api/0.33.0/opentracing-api-0.33.0.jar:/home/runner/.m2/repository/io/opentracing/opentracing-noop/0.33.0/opentracing-noop-0.33.0.jar:/home/runner/.m2/repository/org/yaml/snakeyaml/1.26/snakeyaml-1.26.jar:/home/runner/.m2/repository/org/apache/ozone/hdds-interface-admin/1.2.0-SNAPSHOT/hdds-interface-admin-1.2.0-SNAPSHOT.jar:/home/runner/.m2/repository/junit/junit/4.13.1/junit-4.13.1.jar:/home/runner/.m2/repository/org/hamcrest/hamcrest-core/1.3/hamcrest-core-1.3.jar:/home/runner/.m2/repository/org/junit/jupiter/junit-jupiter-api/5.7.0/junit-jupiter-api-5.7.0.jar:/home/runner/.m2/repository/org/apiguardian/apiguardian-api/1.1.0/apiguardian-api-1.1.0.jar:/home/runner/.m2/repository/org/opentest4j/opentest4j/1.2.0/opentest4j-1.2.0.jar:/home/runner/.m2/repository/org/junit/platform/junit-platform-commons/1.7.0/junit-platform-commons-1.7.0.jar:/home/runner/.m2/repository/org/junit/jupiter/junit-jupiter-engine/5.7.0/junit-jupiter-engine-5.7.0.jar:/home/runner/.m2/repository/org/junit/platform/junit-platform-engine/1.7.0/junit-platform-engine-1.7.0.jar:/home/runner/.m2/repository/org/junit/vintage/junit-vintage-engine/5.7.0/junit-vintage-engine-5.7.0.jar:/home/runner/.m2/repository/org/junit/platform/junit-platform-launcher/1.7.0/junit-platform-launcher-1.7.0.jar:/home/runner/.m2/repository/org/openjdk/jmh/jmh-core/1.19/jmh-core-1.19.jar:/home/runner/.m2/repository/net/sf/jopt-simple/jopt-simple/4.6/jopt-simple-4.6.jar:/home/runner/.m2/repository/org/apache/commons/commons-math3/3.1.1/commons-math3-3.1.1.jar:/home/runner/.m2/repository/org/openjdk/jmh/jmh-generator-annprocess/1.19/jmh-generator-annprocess-1.19.jar:/home/runner/.m2/repository/org/mockito/mockito-core/2.28.2/mockito-core-2.28.2.jar:/home/runner/.m2/repository/net/bytebuddy/byte-buddy/1.9.10/byte-buddy-1.9.10.jar:/home/runner/.m2/repository/net/bytebuddy/byte-buddy-agent/1.9.10/byte-buddy-agent-1.9.10.jar:/home/runner/.m2/repository/org/objenesis/objenesis/1.0/objenesis-1.0.jar:/home/runner/.m2/repository/org/apache/hadoop/hadoop-kms/3.3.1/hadoop-kms-3.3.1.jar:/home/runner/.m2/repository/org/apache/hadoop/hadoop-auth/3.3.1/hadoop-auth-3.3.1.jar:/home/runner/.m2/repository/com/nimbusds/nimbus-jose-jwt/7.9/nimbus-jose-jwt-7.9.jar:/home/runner/.m2/repository/com/github/stephenc/jcip/jcip-annotations/1.0-1/jcip-annotations-1.0-1.jar:/home/runner/.m2/repository/net/minidev/json-smart/2.3/json-smart-2.3.jar:/home/runner/.m2/repository/net/minidev/accessors-smart/1.2/accessors-smart-1.2.jar:/home/runner/.m2/repository/org/ow2/asm/asm/5.0.4/asm-5.0.4.jar:/home/runner/.m2/repository/org/apache/zookeeper/zookeeper/3.5.6/zookeeper-3.5.6.jar:/home/runner/.m2/repository/org/apache/zookeeper/zookeeper-jute/3.5.6/zookeeper-jute-3.5.6.jar:/home/runner/.m2/repository/org/apache/yetus/audience-annotations/0.5.0/audience-annotations-0.5.0.jar:/home/runner/.m2/repository/org/apache/curator/curator-framework/4.2.0/curator-framework-4.2.0.jar:/home/runner/.m2/repository/org/apache/hadoop/thirdparty/hadoop-shaded-guava/1.1.1/hadoop-shaded-guava-1.1.1.jar:/home/runner/.m2/repository/com/sun/jersey/jersey-core/1.19/jersey-core-1.19.jar:/home/runner/.m2/repository/javax/ws/rs/jsr311-api/1.1.1/jsr311-api-1.1.1.jar:/home/runner/.m2/repository/com/sun/jersey/jersey-server/1.19/jersey-server-1.19.jar:/home/runner/.m2/repository/javax/servlet/javax.servlet-api/3.1.0/javax.servlet-api-3.1.0.jar:/home/runner/.m2/repository/org/eclipse/jetty/jetty-server/9.4.43.v20210629/jetty-server-9.4.43.v20210629.jar:/home/runner/.m2/repository/org/eclipse/jetty/jetty-http/9.4.43.v20210629/jetty-http-9.4.43.v20210629.jar:/home/runner/.m2/repository/org/eclipse/jetty/jetty-io/9.4.43.v20210629/jetty-io-9.4.43.v20210629.jar:/home/runner/.m2/repository/org/eclipse/jetty/jetty-webapp/9.4.43.v20210629/jetty-webapp-9.4.43.v20210629.jar:/home/runner/.m2/repository/org/eclipse/jetty/jetty-xml/9.4.43.v20210629/jetty-xml-9.4.43.v20210629.jar:/home/runner/.m2/repository/org/apache/hadoop/hadoop-common/3.3.1/hadoop-common-3.3.1.jar:/home/runner/.m2/repository/commons-net/commons-net/3.6/commons-net-3.6.jar:/home/runner/.m2/repository/jakarta/activation/jakarta.activation-api/1.2.1/jakarta.activation-api-1.2.1.jar:/home/runner/.m2/repository/com/sun/jersey/jersey-servlet/1.19/jersey-servlet-1.19.jar:/home/runner/.m2/repository/com/sun/jersey/jersey-json/1.19/jersey-json-1.19.jar:/home/runner/.m2/repository/org/codehaus/jettison/jettison/1.1/jettison-1.1.jar:/home/runner/.m2/repository/com/sun/xml/bind/jaxb-impl/2.2.3-1/jaxb-impl-2.2.3-1.jar:/home/runner/.m2/repository/org/codehaus/jackson/jackson-jaxrs/1.9.2/jackson-jaxrs-1.9.2.jar:/home/runner/.m2/repository/org/codehaus/jackson/jackson-xc/1.9.2/jackson-xc-1.9.2.jar:/home/runner/.m2/repository/org/apache/commons/commons-configuration2/2.1.1/commons-configuration2-2.1.1.jar:/home/runner/.m2/repository/org/apache/commons/commons-text/1.4/commons-text-1.4.jar:/home/runner/.m2/repository/com/google/re2j/re2j/1.1/re2j-1.1.jar:/home/runner/.m2/repository/com/jcraft/jsch/0.1.54/jsch-0.1.54.jar:/home/runner/.m2/repository/org/apache/curator/curator-client/4.2.0/curator-client-4.2.0.jar:/home/runner/.m2/repository/org/apache/curator/curator-recipes/4.2.0/curator-recipes-4.2.0.jar:/home/runner/.m2/repository/org/apache/kerby/kerb-core/1.0.1/kerb-core-1.0.1.jar:/home/runner/.m2/repository/org/apache/kerby/kerby-pkix/1.0.1/kerby-pkix-1.0.1.jar:/home/runner/.m2/repository/org/apache/kerby/kerby-asn1/1.0.1/kerby-asn1-1.0.1.jar:/home/runner/.m2/repository/org/apache/kerby/kerby-util/1.0.1/kerby-util-1.0.1.jar:/home/runner/.m2/repository/dnsjava/dnsjava/2.1.7/dnsjava-2.1.7.jar:/home/runner/.m2/repository/org/xerial/snappy/snappy-java/1.1.8.2/snappy-java-1.1.8.2.jar:/home/runner/.m2/repository/org/slf4j/jul-to-slf4j/1.7.30/jul-to-slf4j-1.7.30.jar:/home/runner/.m2/repository/org/eclipse/jetty/jetty-util/9.4.43.v20210629/jetty-util-9.4.43.v20210629.jar:/home/runner/.m2/repository/com/fasterxml/jackson/core/jackson-databind/2.12.1/jackson-databind-2.12.1.jar:/home/runner/.m2/repository/org/apache/hadoop/hadoop-kms/3.3.1/hadoop-kms-3.3.1-tests.jar:/home/runner/.m2/repository/org/apache/ozone/hdds-server-scm/1.2.0-SNAPSHOT/hdds-server-scm-1.2.0-SNAPSHOT-tests.jar:/home/runner/.m2/repository/org/apache/ozone/hdds-container-service/1.2.0-SNAPSHOT/hdds-container-service-1.2.0-SNAPSHOT-tests.jar:/home/runner/.m2/repository/commons-codec/commons-codec/1.11/commons-codec-1.11.jar:/home/runner/.m2/repository/io/netty/netty-transport/4.1.63.Final/netty-transport-4.1.63.Final.jar:/home/runner/.m2/repository/io/netty/netty-resolver/4.1.63.Final/netty-resolver-4.1.63.Final.jar:/home/runner/.m2/repository/io/netty/netty-codec/4.1.63.Final/netty-codec-4.1.63.Final.jar:/home/runner/.m2/repository/io/netty/netty-handler/4.1.63.Final/netty-handler-4.1.63.Final.jar:/home/runner/.m2/repository/org/apache/ozone/hdds-hadoop-dependency-test/1.2.0-SNAPSHOT/hdds-hadoop-dependency-test-1.2.0-SNAPSHOT.jar:/home/runner/.m2/repository/org/apache/hadoop/hadoop-common/3.3.1/hadoop-common-3.3.1-tests.jar:/home/runner/.m2/repository/org/assertj/assertj-core/3.12.2/assertj-core-3.12.2.jar:/home/runner/.m2/repository/org/apache/hadoop/hadoop-hdfs/3.3.1/hadoop-hdfs-3.3.1-tests.jar:/home/runner/.m2/repository/org/eclipse/jetty/jetty-util-ajax/9.4.43.v20210629/jetty-util-ajax-9.4.43.v20210629.jar:/home/runner/.m2/repository/commons-daemon/commons-daemon/1.0.13/commons-daemon-1.0.13.jar:/home/runner/.m2/repository/io/netty/netty/3.10.6.Final/netty-3.10.6.Final.jar:/home/runner/.m2/repository/io/netty/netty-all/4.1.63.Final/netty-all-4.1.63.Final.jar:/home/runner/.m2/repository/org/apache/htrace/htrace-core4/4.1.0-incubating/htrace-core4-4.1.0-incubating.jar:/home/runner/.m2/repository/org/fusesource/leveldbjni/leveldbjni-all/1.8/leveldbjni-all-1.8.jar:/home/runner/.m2/repository/org/apache/hadoop/hadoop-distcp/3.3.1/hadoop-distcp-3.3.1.jar:/home/runner/.m2/repository/org/apache/hadoop/hadoop-mapreduce-client-jobclient/3.3.1/hadoop-mapreduce-client-jobclient-3.3.1.jar:/home/runner/.m2/repository/org/apache/hadoop/hadoop-mapreduce-client-common/3.3.1/hadoop-mapreduce-client-common-3.3.1.jar:/home/runner/.m2/repository/org/apache/hadoop/hadoop-yarn-common/3.3.1/hadoop-yarn-common-3.3.1.jar:/home/runner/.m2/repository/org/apache/hadoop/hadoop-yarn-api/3.3.1/hadoop-yarn-api-3.3.1.jar:/home/runner/.m2/repository/com/sun/jersey/jersey-client/1.19/jersey-client-1.19.jar:/home/runner/.m2/repository/com/sun/jersey/contribs/jersey-guice/1.19/jersey-guice-1.19.jar:/home/runner/.m2/repository/com/fasterxml/jackson/jaxrs/jackson-jaxrs-json-provider/2.12.1/jackson-jaxrs-json-provider-2.12.1.jar:/home/runner/.m2/repository/com/fasterxml/jackson/jaxrs/jackson-jaxrs-base/2.12.1/jackson-jaxrs-base-2.12.1.jar:/home/runner/.m2/repository/org/apache/hadoop/hadoop-yarn-client/3.3.1/hadoop-yarn-client-3.3.1.jar:/home/runner/.m2/repository/org/eclipse/jetty/websocket/websocket-client/9.4.40.v20210413/websocket-client-9.4.40.v20210413.jar:/home/runner/.m2/repository/org/eclipse/jetty/jetty-client/9.4.40.v20210413/jetty-client-9.4.40.v20210413.jar:/home/runner/.m2/repository/org/eclipse/jetty/websocket/websocket-common/9.4.40.v20210413/websocket-common-9.4.40.v20210413.jar:/home/runner/.m2/repository/org/eclipse/jetty/websocket/websocket-api/9.4.40.v20210413/websocket-api-9.4.40.v20210413.jar:/home/runner/.m2/repository/org/jline/jline/3.9.0/jline-3.9.0.jar:/home/runner/.m2/repository/org/apache/hadoop/hadoop-mapreduce-client-core/3.3.1/hadoop-mapreduce-client-core-3.3.1.jar:/home/runner/.m2/repository/org/apache/avro/avro/1.7.7/avro-1.7.7.jar:/home/runner/.m2/repository/org/codehaus/jackson/jackson-core-asl/1.9.13/jackson-core-asl-1.9.13.jar:/home/runner/.m2/repository/org/codehaus/jackson/jackson-mapper-asl/1.9.13/jackson-mapper-asl-1.9.13.jar:/home/runner/.m2/repository/com/thoughtworks/paranamer/paranamer/2.3/paranamer-2.3.jar:/home/runner/.m2/repository/org/apache/hadoop/hadoop-annotations/3.3.1/hadoop-annotations-3.3.1.jar:/usr/lib/jvm/adoptopenjdk-8-hotspot-amd64/jre/../lib/tools.jar:/home/runner/.m2/repository/org/apache/hadoop/hadoop-distcp/3.3.1/hadoop-distcp-3.3.1-tests.jar:/home/runner/.m2/repository/org/apache/ratis/ratis-common/2.1.0-03f3b68-SNAPSHOT/ratis-common-2.1.0-03f3b68-SNAPSHOT.jar:/home/runner/.m2/repository/org/apache/ratis/ratis-thirdparty-misc/0.7.0/ratis-thirdparty-misc-0.7.0.jar:/home/runner/.m2/repository/org/apache/ratis/ratis-proto/2.1.0-03f3b68-SNAPSHOT/ratis-proto-2.1.0-03f3b68-SNAPSHOT.jar:"/>
    <property name="sun.cpu.endian" value="little"/>
    <property name="user.home" value="/home/runner"/>
    <property name="user.language" value="en"/>
    <property name="java.specification.vendor" value="Oracle Corporation"/>
    <property name="java.home" value="/usr/lib/jvm/adoptopenjdk-8-hotspot-amd64/jre"/>
    <property name="java.security.krb5.conf" value="/home/runner/work/ozone/ozone/hadoop-ozone/integration-test/target/test-classes/krb5.conf"/>
    <property name="basedir" value="/home/runner/work/ozone/ozone/hadoop-ozone/integration-test"/>
    <property name="file.separator" value="/"/>
    <property name="line.separator" value="&#10;"/>
    <property name="java.vm.specification.vendor" value="Oracle Corporation"/>
    <property name="java.specification.name" value="Java Platform API Specification"/>
    <property name="java.awt.graphicsenv" value="sun.awt.X11GraphicsEnvironment"/>
    <property name="skip.installnpx" value="true"/>
    <property name="surefire.real.class.path" value="/home/runner/work/ozone/ozone/hadoop-ozone/integration-test/target/surefire/surefirebooter1200485502342847641.jar:/home/runner/.m2/repository/org/jacoco/org.jacoco.agent/0.8.5/org.jacoco.agent-0.8.5-runtime.jar"/>
    <property name="hadoop.log.dir" value="/home/runner/work/ozone/ozone/hadoop-ozone/integration-test/target/log"/>
    <property name="sun.boot.class.path" value="/usr/lib/jvm/adoptopenjdk-8-hotspot-amd64/jre/lib/resources.jar:/usr/lib/jvm/adoptopenjdk-8-hotspot-amd64/jre/lib/rt.jar:/usr/lib/jvm/adoptopenjdk-8-hotspot-amd64/jre/lib/sunrsasign.jar:/usr/lib/jvm/adoptopenjdk-8-hotspot-amd64/jre/lib/jsse.jar:/usr/lib/jvm/adoptopenjdk-8-hotspot-amd64/jre/lib/jce.jar:/usr/lib/jvm/adoptopenjdk-8-hotspot-amd64/jre/lib/charsets.jar:/usr/lib/jvm/adoptopenjdk-8-hotspot-amd64/jre/lib/jfr.jar:/usr/lib/jvm/adoptopenjdk-8-hotspot-amd64/jre/classes"/>
    <property name="sun.management.compiler" value="HotSpot 64-Bit Tiered Compilers"/>
    <property name="skip.npx" value="true"/>
    <property name="java.runtime.version" value="1.8.0_292-b10"/>
    <property name="java.net.preferIPv4Stack" value="true"/>
    <property name="user.name" value="runner"/>
    <property name="path.separator" value=":"/>
    <property name="java.security.egd" value="file:///dev/urandom"/>
    <property name="os.version" value="5.4.0-1056-azure"/>
    <property name="java.endorsed.dirs" value="/usr/lib/jvm/adoptopenjdk-8-hotspot-amd64/jre/lib/endorsed"/>
    <property name="java.runtime.name" value="OpenJDK Runtime Environment"/>
    <property name="file.encoding" value="UTF-8"/>
    <property name="java.vm.name" value="OpenJDK 64-Bit Server VM"/>
    <property name="test.build.webapps" value=""/>
    <property name="localRepository" value="/home/runner/.m2/repository"/>
    <property name="java.vendor.url.bug" value="https://github.com/AdoptOpenJDK/openjdk-support/issues"/>
    <property name="java.io.tmpdir" value="/tmp"/>
    <property name="require.test.libhadoop" value=""/>
    <property name="java.version" value="1.8.0_292"/>
    <property name="user.dir" value="/home/runner/work/ozone/ozone/hadoop-ozone/integration-test"/>
    <property name="os.arch" value="amd64"/>
    <property name="java.vm.specification.name" value="Java Virtual Machine Specification"/>
    <property name="test.build.classes" value="/home/runner/work/ozone/ozone/hadoop-ozone/integration-test/target/test-classes"/>
    <property name="java.awt.printerjob" value="sun.print.PSPrinterJob"/>
    <property name="sun.os.patch.level" value="unknown"/>
    <property name="hadoop.tmp.dir" value="/home/runner/work/ozone/ozone/hadoop-ozone/integration-test/target/tmp"/>
    <property name="java.library.path" value="/usr/java/packages/lib/amd64:/usr/lib64:/lib64:/lib:/usr/lib"/>
    <property name="java.vm.info" value="mixed mode"/>
    <property name="java.vendor" value="AdoptOpenJDK"/>
    <property name="java.vm.version" value="25.292-b10"/>
    <property name="java.ext.dirs" value="/usr/lib/jvm/adoptopenjdk-8-hotspot-amd64/jre/lib/ext:/usr/java/packages/lib/ext"/>
    <property name="sun.io.unicode.encoding" value="UnicodeLittle"/>
    <property name="java.class.version" value="52.0"/>
  </properties>
  <testcase name="testInstallSnapshot" classname="org.apache.hadoop.ozone.scm.TestSCMInstallSnapshotWithHA" time="63.898"/>
  <testcase name="testInstallOldCheckpointFailure" classname="org.apache.hadoop.ozone.scm.TestSCMInstallSnapshotWithHA" time="61.82">
    <failure message="expected:&lt;(t:2, i:128)&gt; but was:&lt;(t:2, i:28)&gt;" type="java.lang.AssertionError"><![CDATA[java.lang.AssertionError: expected:<(t:2, i:128)> but was:<(t:2, i:28)>
	at org.junit.Assert.fail(Assert.java:89)
	at org.junit.Assert.failNotEquals(Assert.java:835)
	at org.junit.Assert.assertEquals(Assert.java:120)
	at org.junit.Assert.assertEquals(Assert.java:146)
	at org.apache.hadoop.ozone.scm.TestSCMInstallSnapshotWithHA.testInstallOldCheckpointFailure(TestSCMInstallSnapshotWithHA.java:207)
	at sun.reflect.NativeMethodAccessorImpl.invoke0(Native Method)
	at sun.reflect.NativeMethodAccessorImpl.invoke(NativeMethodAccessorImpl.java:62)
	at sun.reflect.DelegatingMethodAccessorImpl.invoke(DelegatingMethodAccessorImpl.java:43)
	at java.lang.reflect.Method.invoke(Method.java:498)
	at org.junit.platform.commons.util.ReflectionUtils.invokeMethod(ReflectionUtils.java:688)
	at org.junit.jupiter.engine.execution.MethodInvocation.proceed(MethodInvocation.java:60)
	at org.junit.jupiter.engine.execution.InvocationInterceptorChain$ValidatingInvocation.proceed(InvocationInterceptorChain.java:131)
	at org.junit.jupiter.engine.extension.TimeoutInvocation.proceed(TimeoutInvocation.java:46)
	at org.junit.jupiter.engine.extension.TimeoutExtension.intercept(TimeoutExtension.java:149)
	at org.junit.jupiter.engine.extension.TimeoutExtension.interceptTestableMethod(TimeoutExtension.java:140)
	at org.junit.jupiter.engine.extension.TimeoutExtension.interceptTestMethod(TimeoutExtension.java:84)
	at org.junit.jupiter.engine.execution.ExecutableInvoker$ReflectiveInterceptorCall.lambda$ofVoidMethod$0(ExecutableInvoker.java:115)
	at org.junit.jupiter.engine.execution.ExecutableInvoker.lambda$invoke$0(ExecutableInvoker.java:105)
	at org.junit.jupiter.engine.execution.InvocationInterceptorChain$InterceptedInvocation.proceed(InvocationInterceptorChain.java:106)
	at org.junit.jupiter.engine.execution.InvocationInterceptorChain.proceed(InvocationInterceptorChain.java:64)
	at org.junit.jupiter.engine.execution.InvocationInterceptorChain.chainAndInvoke(InvocationInterceptorChain.java:45)
	at org.junit.jupiter.engine.execution.InvocationInterceptorChain.invoke(InvocationInterceptorChain.java:37)
	at org.junit.jupiter.engine.execution.ExecutableInvoker.invoke(ExecutableInvoker.java:104)
	at org.junit.jupiter.engine.execution.ExecutableInvoker.invoke(ExecutableInvoker.java:98)
	at org.junit.jupiter.engine.descriptor.TestMethodTestDescriptor.lambda$invokeTestMethod$6(TestMethodTestDescriptor.java:210)
	at org.junit.platform.engine.support.hierarchical.ThrowableCollector.execute(ThrowableCollector.java:73)
	at org.junit.jupiter.engine.descriptor.TestMethodTestDescriptor.invokeTestMethod(TestMethodTestDescriptor.java:206)
	at org.junit.jupiter.engine.descriptor.TestMethodTestDescriptor.execute(TestMethodTestDescriptor.java:131)
	at org.junit.jupiter.engine.descriptor.TestMethodTestDescriptor.execute(TestMethodTestDescriptor.java:65)
	at org.junit.platform.engine.support.hierarchical.NodeTestTask.lambda$executeRecursively$5(NodeTestTask.java:139)
	at org.junit.platform.engine.support.hierarchical.ThrowableCollector.execute(ThrowableCollector.java:73)
	at org.junit.platform.engine.support.hierarchical.NodeTestTask.lambda$executeRecursively$7(NodeTestTask.java:129)
	at org.junit.platform.engine.support.hierarchical.Node.around(Node.java:137)
	at org.junit.platform.engine.support.hierarchical.NodeTestTask.lambda$executeRecursively$8(NodeTestTask.java:127)
	at org.junit.platform.engine.support.hierarchical.ThrowableCollector.execute(ThrowableCollector.java:73)
	at org.junit.platform.engine.support.hierarchical.NodeTestTask.executeRecursively(NodeTestTask.java:126)
	at org.junit.platform.engine.support.hierarchical.NodeTestTask.execute(NodeTestTask.java:84)
	at java.util.ArrayList.forEach(ArrayList.java:1259)
	at org.junit.platform.engine.support.hierarchical.SameThreadHierarchicalTestExecutorService.invokeAll(SameThreadHierarchicalTestExecutorService.java:38)
	at org.junit.platform.engine.support.hierarchical.NodeTestTask.lambda$executeRecursively$5(NodeTestTask.java:143)
	at org.junit.platform.engine.support.hierarchical.ThrowableCollector.execute(ThrowableCollector.java:73)
	at org.junit.platform.engine.support.hierarchical.NodeTestTask.lambda$executeRecursively$7(NodeTestTask.java:129)
	at org.junit.platform.engine.support.hierarchical.Node.around(Node.java:137)
	at org.junit.platform.engine.support.hierarchical.NodeTestTask.lambda$executeRecursively$8(NodeTestTask.java:127)
	at org.junit.platform.engine.support.hierarchical.ThrowableCollector.execute(ThrowableCollector.java:73)
	at org.junit.platform.engine.support.hierarchical.NodeTestTask.executeRecursively(NodeTestTask.java:126)
	at org.junit.platform.engine.support.hierarchical.NodeTestTask.execute(NodeTestTask.java:84)
	at java.util.ArrayList.forEach(ArrayList.java:1259)
	at org.junit.platform.engine.support.hierarchical.SameThreadHierarchicalTestExecutorService.invokeAll(SameThreadHierarchicalTestExecutorService.java:38)
	at org.junit.platform.engine.support.hierarchical.NodeTestTask.lambda$executeRecursively$5(NodeTestTask.java:143)
	at org.junit.platform.engine.support.hierarchical.ThrowableCollector.execute(ThrowableCollector.java:73)
	at org.junit.platform.engine.support.hierarchical.NodeTestTask.lambda$executeRecursively$7(NodeTestTask.java:129)
	at org.junit.platform.engine.support.hierarchical.Node.around(Node.java:137)
	at org.junit.platform.engine.support.hierarchical.NodeTestTask.lambda$executeRecursively$8(NodeTestTask.java:127)
	at org.junit.platform.engine.support.hierarchical.ThrowableCollector.execute(ThrowableCollector.java:73)
	at org.junit.platform.engine.support.hierarchical.NodeTestTask.executeRecursively(NodeTestTask.java:126)
	at org.junit.platform.engine.support.hierarchical.NodeTestTask.execute(NodeTestTask.java:84)
	at org.junit.platform.engine.support.hierarchical.SameThreadHierarchicalTestExecutorService.submit(SameThreadHierarchicalTestExecutorService.java:32)
	at org.junit.platform.engine.support.hierarchical.HierarchicalTestExecutor.execute(HierarchicalTestExecutor.java:57)
	at org.junit.platform.engine.support.hierarchical.HierarchicalTestEngine.execute(HierarchicalTestEngine.java:51)
	at org.junit.platform.launcher.core.EngineExecutionOrchestrator.execute(EngineExecutionOrchestrator.java:108)
	at org.junit.platform.launcher.core.EngineExecutionOrchestrator.execute(EngineExecutionOrchestrator.java:88)
	at org.junit.platform.launcher.core.EngineExecutionOrchestrator.lambda$execute$0(EngineExecutionOrchestrator.java:54)
	at org.junit.platform.launcher.core.EngineExecutionOrchestrator.withInterceptedStreams(EngineExecutionOrchestrator.java:67)
	at org.junit.platform.launcher.core.EngineExecutionOrchestrator.execute(EngineExecutionOrchestrator.java:52)
	at org.junit.platform.launcher.core.DefaultLauncher.execute(DefaultLauncher.java:96)
	at org.junit.platform.launcher.core.DefaultLauncher.execute(DefaultLauncher.java:75)
	at org.apache.maven.surefire.junitplatform.JUnitPlatformProvider.invokeAllTests(JUnitPlatformProvider.java:142)
	at org.apache.maven.surefire.junitplatform.JUnitPlatformProvider.invoke(JUnitPlatformProvider.java:113)
	at org.apache.maven.surefire.booter.ForkedBooter.invokeProviderInSameClassLoader(ForkedBooter.java:384)
	at org.apache.maven.surefire.booter.ForkedBooter.runSuitesInProcess(ForkedBooter.java:345)
	at org.apache.maven.surefire.booter.ForkedBooter.execute(ForkedBooter.java:126)
	at org.apache.maven.surefire.booter.ForkedBooter.main(ForkedBooter.java:418)
]]></failure>
    <system-out><![CDATA[2021-09-28 01:15:27,859 [Listener at 127.0.0.1/11644] WARN  server.ServerUtils (ServerUtils.java:getScmDbDir(148)) - ozone.scm.db.dirs is not configured. We recommend adding this setting. Falling back to ozone.metadata.dirs instead.
2021-09-28 01:15:27,859 [Listener at 127.0.0.1/11644] INFO  ha.SCMHANodeDetails (SCMHANodeDetails.java:loadSCMHAConfig(157)) - ServiceID for StorageContainerManager is scm-service-test1
2021-09-28 01:15:27,859 [Listener at 127.0.0.1/11644] INFO  ha.SCMHANodeDetails (SCMHANodeDetails.java:loadSCMHAConfig(168)) - ServiceID for StorageContainerManager is scm-service-test1
2021-09-28 01:15:27,859 [Listener at 127.0.0.1/11644] WARN  scm.ScmUtils (ScmUtils.java:logWarn(179)) - ConfigKey ozone.scm.block.client.address is deprecated, For configuring different ports for each SCM use PortConfigKey ozone.scm.block.client.port appended with serviceId and nodeId. If want to configure same port configure ozone.scm.block.client.port
2021-09-28 01:15:27,860 [Listener at 127.0.0.1/11644] WARN  scm.ScmUtils (ScmUtils.java:logWarn(179)) - ConfigKey ozone.scm.client.address is deprecated, For configuring different ports for each SCM use PortConfigKey ozone.scm.client.port appended with serviceId and nodeId. If want to configure same port configure ozone.scm.client.port
2021-09-28 01:15:27,860 [Listener at 127.0.0.1/11644] WARN  scm.ScmUtils (ScmUtils.java:logWarn(179)) - ConfigKey ozone.scm.datanode.address is deprecated, For configuring different ports for each SCM use PortConfigKey ozone.scm.datanode.port appended with serviceId and nodeId. If want to configure same port configure ozone.scm.datanode.port
2021-09-28 01:15:27,860 [Listener at 127.0.0.1/11644] WARN  scm.ScmUtils (ScmUtils.java:logWarn(179)) - ConfigKey ozone.scm.block.client.address is deprecated, For configuring different ports for each SCM use PortConfigKey ozone.scm.block.client.port appended with serviceId and nodeId. If want to configure same port configure ozone.scm.block.client.port
2021-09-28 01:15:27,860 [Listener at 127.0.0.1/11644] WARN  scm.ScmUtils (ScmUtils.java:logWarn(179)) - ConfigKey ozone.scm.client.address is deprecated, For configuring different ports for each SCM use PortConfigKey ozone.scm.client.port appended with serviceId and nodeId. If want to configure same port configure ozone.scm.client.port
2021-09-28 01:15:27,861 [Listener at 127.0.0.1/11644] WARN  scm.ScmUtils (ScmUtils.java:logWarn(179)) - ConfigKey ozone.scm.datanode.address is deprecated, For configuring different ports for each SCM use PortConfigKey ozone.scm.datanode.port appended with serviceId and nodeId. If want to configure same port configure ozone.scm.datanode.port
2021-09-28 01:15:27,861 [Listener at 127.0.0.1/11644] INFO  ha.SCMHANodeDetails (SCMHANodeDetails.java:loadSCMHAConfig(250)) - Found matching SCM address with SCMServiceId: scm-service-test1, SCMNodeId: scmNode-1, RPC Address: localhost:14224 and Ratis port: 14224
2021-09-28 01:15:27,861 [Listener at 127.0.0.1/11644] INFO  ha.SCMHANodeDetails (ConfUtils.java:setNodeSpecificConfigs(108)) - Setting configuration key ozone.scm.datanode.address with value of key ozone.scm.datanode.address.scm-service-test1.scmNode-1: 127.0.0.1:14225
2021-09-28 01:15:27,861 [Listener at 127.0.0.1/11644] INFO  ha.SCMHANodeDetails (ConfUtils.java:setNodeSpecificConfigs(108)) - Setting configuration key ozone.scm.block.client.address with value of key ozone.scm.block.client.address.scm-service-test1.scmNode-1: 127.0.0.1:14226
2021-09-28 01:15:27,861 [Listener at 127.0.0.1/11644] INFO  ha.SCMHANodeDetails (ConfUtils.java:setNodeSpecificConfigs(108)) - Setting configuration key ozone.scm.client.address with value of key ozone.scm.client.address.scm-service-test1.scmNode-1: 127.0.0.1:14227
2021-09-28 01:15:27,861 [Listener at 127.0.0.1/11644] INFO  ha.SCMHANodeDetails (ConfUtils.java:setNodeSpecificConfigs(108)) - Setting configuration key ozone.scm.ratis.port with value of key ozone.scm.ratis.port.scm-service-test1.scmNode-1: 14224
2021-09-28 01:15:27,862 [Listener at 127.0.0.1/11644] INFO  ha.SCMHANodeDetails (ConfUtils.java:setNodeSpecificConfigs(108)) - Setting configuration key ozone.scm.grpc.port with value of key ozone.scm.grpc.port.scm-service-test1.scmNode-1: 14228
2021-09-28 01:15:27,862 [Listener at 127.0.0.1/11644] INFO  ha.SCMHANodeDetails (ConfUtils.java:setNodeSpecificConfigs(108)) - Setting configuration key ozone.scm.http-address with value of key ozone.scm.http-address.scm-service-test1.scmNode-1: 127.0.0.1:14222
2021-09-28 01:15:27,862 [Listener at 127.0.0.1/11644] INFO  ha.SCMHANodeDetails (ConfUtils.java:setNodeSpecificConfigs(108)) - Setting configuration key ozone.scm.https-address with value of key ozone.scm.https-address.scm-service-test1.scmNode-1: 127.0.0.1:14223
2021-09-28 01:15:27,862 [Listener at 127.0.0.1/11644] INFO  ha.SCMHANodeDetails (ConfUtils.java:setNodeSpecificConfigs(108)) - Setting configuration key ozone.scm.address with value of key ozone.scm.address.scm-service-test1.scmNode-1: 127.0.0.1
2021-09-28 01:15:27,862 [Listener at 127.0.0.1/11644] WARN  scm.ScmUtils (ScmUtils.java:logWarn(179)) - ConfigKey ozone.scm.block.client.address is deprecated, For configuring different ports for each SCM use PortConfigKey ozone.scm.block.client.port appended with serviceId and nodeId. If want to configure same port configure ozone.scm.block.client.port
2021-09-28 01:15:27,866 [Listener at 127.0.0.1/11644] WARN  scm.ScmUtils (ScmUtils.java:logWarn(179)) - ConfigKey ozone.scm.client.address is deprecated, For configuring different ports for each SCM use PortConfigKey ozone.scm.client.port appended with serviceId and nodeId. If want to configure same port configure ozone.scm.client.port
2021-09-28 01:15:27,866 [Listener at 127.0.0.1/11644] WARN  scm.ScmUtils (ScmUtils.java:logWarn(179)) - ConfigKey ozone.scm.datanode.address is deprecated, For configuring different ports for each SCM use PortConfigKey ozone.scm.datanode.port appended with serviceId and nodeId. If want to configure same port configure ozone.scm.datanode.port
2021-09-28 01:15:27,881 [Listener at 127.0.0.1/11644] INFO  server.RaftServer (ConfUtils.java:logGet(44)) - raft.rpc.type = GRPC (default)
2021-09-28 01:15:27,882 [Listener at 127.0.0.1/11644] INFO  grpc.GrpcFactory (GrpcFactory.java:checkPooledByteBufAllocatorUseCacheForAllThreads(48)) - PERFORMANCE WARNING: useCacheForAllThreads is true that may cause Netty to create a lot garbage objects and, as a result, trigger GC.
	It is recommended to disable useCacheForAllThreads by setting -Dorg.apache.ratis.thirdparty.io.netty.allocator.useCacheForAllThreads=false in command line.
2021-09-28 01:15:27,882 [Listener at 127.0.0.1/11644] INFO  grpc.GrpcConfigKeys (ConfUtils.java:logGet(44)) - raft.grpc.admin.port = -1 (default)
2021-09-28 01:15:27,882 [Listener at 127.0.0.1/11644] INFO  grpc.GrpcConfigKeys (ConfUtils.java:logGet(44)) - raft.grpc.server.port = 14224 (custom)
2021-09-28 01:15:27,882 [Listener at 127.0.0.1/11644] INFO  grpc.GrpcConfigKeys (ConfUtils.java:logGet(44)) - raft.grpc.client.port = -1 (default)
2021-09-28 01:15:27,882 [Listener at 127.0.0.1/11644] INFO  grpc.GrpcConfigKeys (ConfUtils.java:logGet(44)) - raft.grpc.server.port = 14224 (custom)
2021-09-28 01:15:27,882 [Listener at 127.0.0.1/11644] INFO  grpc.GrpcConfigKeys (ConfUtils.java:logGet(44)) - raft.grpc.server.port = 14224 (custom)
2021-09-28 01:15:27,883 [Listener at 127.0.0.1/11644] INFO  server.GrpcService (ConfUtils.java:logGet(44)) - raft.grpc.message.size.max = 32m (=33554432) (custom)
2021-09-28 01:15:27,883 [Listener at 127.0.0.1/11644] INFO  server.RaftServerConfigKeys (ConfUtils.java:logGet(44)) - raft.server.log.appender.buffer.byte-limit = 33554432 (custom)
2021-09-28 01:15:27,883 [Listener at 127.0.0.1/11644] INFO  server.GrpcService (ConfUtils.java:logGet(44)) - raft.grpc.flow.control.window = 1MB (=1048576) (default)
2021-09-28 01:15:27,883 [Listener at 127.0.0.1/11644] INFO  server.RaftServerConfigKeys (ConfUtils.java:logGet(44)) - raft.server.rpc.request.timeout = 30000ms (custom)
2021-09-28 01:15:27,884 [Listener at 127.0.0.1/11644] INFO  impl.DataStreamServerImpl (ConfUtils.java:logGet(44)) - raft.datastream.type = DISABLED (default)
2021-09-28 01:15:27,885 [Listener at 127.0.0.1/11644] INFO  server.RaftServerConfigKeys (ConfUtils.java:logGet(44)) - raft.server.rpc.slowness.timeout = 120000ms (custom)
2021-09-28 01:15:27,885 [Listener at 127.0.0.1/11644] INFO  server.RaftServerConfigKeys (ConfUtils.java:logGet(44)) - raft.server.leaderelection.leader.step-down.wait-time = 10s (default)
2021-09-28 01:15:27,885 [Listener at 127.0.0.1/11644] INFO  server.RaftServerConfigKeys (ConfUtils.java:logGet(44)) - raft.server.storage.dir = [/home/runner/work/ozone/ozone/hadoop-ozone/integration-test/target/test-dir/MiniOzoneClusterImpl-4882f729-1751-4fe5-a7fb-8e9138349e05/scmNode-1/scm-ha] (custom)
2021-09-28 01:15:27,894 [Listener at 127.0.0.1/11644] INFO  server.RaftServer (RaftServerProxy.java:addNew(95)) - 4b364075-9b58-4908-a5b5-f5e156ea742e: addNew group-8E9138349E05:[4b364075-9b58-4908-a5b5-f5e156ea742e|rpc:localhost:14224|priority:0] returns group-8E9138349E05:java.util.concurrent.CompletableFuture@485f34dc[Not completed]
2021-09-28 01:15:27,894 [pool-174-thread-1] INFO  server.RaftServer$Division (RaftServerImpl.java:<init>(181)) - 4b364075-9b58-4908-a5b5-f5e156ea742e: new RaftServerImpl for group-8E9138349E05:[4b364075-9b58-4908-a5b5-f5e156ea742e|rpc:localhost:14224|priority:0] with SCMStateMachine:uninitialized
2021-09-28 01:15:27,894 [pool-174-thread-1] INFO  server.RaftServerConfigKeys (ConfUtils.java:logGet(44)) - raft.server.rpc.timeout.min = 5000ms (custom)
2021-09-28 01:15:27,895 [pool-174-thread-1] INFO  server.RaftServerConfigKeys (ConfUtils.java:logGet(44)) - raft.server.rpc.timeout.max = 5200ms (custom)
2021-09-28 01:15:27,895 [pool-174-thread-1] INFO  server.RaftServerConfigKeys (ConfUtils.java:logGet(44)) - raft.server.rpc.sleep.time = 25ms (default)
2021-09-28 01:15:27,895 [pool-174-thread-1] INFO  server.RaftServerConfigKeys (ConfUtils.java:logGet(44)) - raft.server.rpc.slowness.timeout = 120000ms (custom)
2021-09-28 01:15:27,895 [pool-174-thread-1] INFO  server.RaftServerConfigKeys (ConfUtils.java:logGet(44)) - raft.server.leaderelection.leader.step-down.wait-time = 10s (default)
2021-09-28 01:15:27,895 [pool-174-thread-1] INFO  server.RaftServerConfigKeys (ConfUtils.java:logGet(44)) - raft.server.sleep.deviation.threshold = 300ms (default)
2021-09-28 01:15:27,895 [pool-174-thread-1] INFO  server.RaftServerConfigKeys (ConfUtils.java:logGet(44)) - raft.server.log.appender.install.snapshot.enabled = false (custom)
2021-09-28 01:15:27,895 [pool-174-thread-1] INFO  server.RaftServer$Division (ServerState.java:<init>(105)) - 4b364075-9b58-4908-a5b5-f5e156ea742e@group-8E9138349E05: ConfigurationManager, init=-1: [4b364075-9b58-4908-a5b5-f5e156ea742e|rpc:localhost:14224|priority:0], old=null, confs=<EMPTY_MAP>
2021-09-28 01:15:27,895 [pool-174-thread-1] INFO  server.RaftServerConfigKeys (ConfUtils.java:logGet(44)) - raft.server.storage.dir = [/home/runner/work/ozone/ozone/hadoop-ozone/integration-test/target/test-dir/MiniOzoneClusterImpl-4882f729-1751-4fe5-a7fb-8e9138349e05/scmNode-1/scm-ha] (custom)
2021-09-28 01:15:27,895 [pool-174-thread-1] INFO  server.RaftServerConfigKeys (ConfUtils.java:logGet(44)) - raft.server.log.corruption.policy = EXCEPTION (default)
2021-09-28 01:15:27,895 [pool-174-thread-1] INFO  server.RaftServerConfigKeys (ConfUtils.java:logGet(44)) - raft.server.storage.free-space.min = 0MB (=0) (default)
2021-09-28 01:15:27,895 [pool-174-thread-1] INFO  storage.RaftStorageDirectory (RaftStorageDirectoryImpl.java:analyzeStorage(135)) - The storage directory /home/runner/work/ozone/ozone/hadoop-ozone/integration-test/target/test-dir/MiniOzoneClusterImpl-4882f729-1751-4fe5-a7fb-8e9138349e05/scmNode-1/scm-ha/4882f729-1751-4fe5-a7fb-8e9138349e05 does not exist. Creating ...
2021-09-28 01:15:27,898 [pool-174-thread-1] INFO  storage.RaftStorageDirectory (RaftStorageDirectoryImpl.java:tryLock(230)) - Lock on /home/runner/work/ozone/ozone/hadoop-ozone/integration-test/target/test-dir/MiniOzoneClusterImpl-4882f729-1751-4fe5-a7fb-8e9138349e05/scmNode-1/scm-ha/4882f729-1751-4fe5-a7fb-8e9138349e05/in_use.lock acquired by nodename 14119@fv-az50-883
2021-09-28 01:15:27,905 [pool-174-thread-1] INFO  storage.RaftStorage (RaftStorageImpl.java:format(89)) - Storage directory /home/runner/work/ozone/ozone/hadoop-ozone/integration-test/target/test-dir/MiniOzoneClusterImpl-4882f729-1751-4fe5-a7fb-8e9138349e05/scmNode-1/scm-ha/4882f729-1751-4fe5-a7fb-8e9138349e05 has been successfully formatted.
2021-09-28 01:15:27,905 [pool-174-thread-1] INFO  server.RaftServerConfigKeys (ConfUtils.java:logGet(44)) - raft.server.notification.no-leader.timeout = 60s (default)
2021-09-28 01:15:27,905 [pool-174-thread-1] INFO  server.RaftServerConfigKeys (ConfUtils.java:logGet(44)) - raft.server.log.use.memory = false (default)
2021-09-28 01:15:27,905 [pool-174-thread-1] INFO  server.RaftServerConfigKeys (ConfUtils.java:logGet(44)) - raft.server.log.purge.gap = 5 (custom)
2021-09-28 01:15:27,906 [pool-174-thread-1] INFO  server.RaftServerConfigKeys (ConfUtils.java:logGet(44)) - raft.server.log.appender.buffer.byte-limit = 33554432 (custom)
2021-09-28 01:15:27,906 [pool-174-thread-1] INFO  server.RaftServerConfigKeys (ConfUtils.java:logGet(44)) - raft.server.log.segment.size.max = 16384 (custom)
2021-09-28 01:15:27,906 [pool-174-thread-1] INFO  server.RaftServerConfigKeys (ConfUtils.java:logGet(44)) - raft.server.log.segment.cache.num.max = 2 (custom)
2021-09-28 01:15:27,906 [pool-174-thread-1] INFO  server.RaftServerConfigKeys (ConfUtils.java:logGet(44)) - raft.server.log.segment.cache.size.max = 200MB (=209715200) (default)
2021-09-28 01:15:27,906 [pool-174-thread-1] INFO  segmented.SegmentedRaftLogWorker (SegmentedRaftLogWorker.java:<init>(182)) - new 4b364075-9b58-4908-a5b5-f5e156ea742e@group-8E9138349E05-SegmentedRaftLogWorker for RaftStorageImpl:Storage Directory /home/runner/work/ozone/ozone/hadoop-ozone/integration-test/target/test-dir/MiniOzoneClusterImpl-4882f729-1751-4fe5-a7fb-8e9138349e05/scmNode-1/scm-ha/4882f729-1751-4fe5-a7fb-8e9138349e05
2021-09-28 01:15:27,906 [pool-174-thread-1] INFO  server.RaftServerConfigKeys (ConfUtils.java:logGet(44)) - raft.server.log.queue.byte-limit = 64MB (=67108864) (default)
2021-09-28 01:15:27,907 [pool-174-thread-1] INFO  server.RaftServerConfigKeys (ConfUtils.java:logGet(44)) - raft.server.log.queue.element-limit = 4096 (default)
2021-09-28 01:15:27,907 [pool-174-thread-1] INFO  server.RaftServerConfigKeys (ConfUtils.java:logGet(44)) - raft.server.log.segment.size.max = 16384 (custom)
2021-09-28 01:15:27,907 [pool-174-thread-1] INFO  server.RaftServerConfigKeys (ConfUtils.java:logGet(44)) - raft.server.log.preallocated.size = 16384 (custom)
2021-09-28 01:15:27,907 [pool-174-thread-1] INFO  server.RaftServerConfigKeys (ConfUtils.java:logGet(44)) - raft.server.log.force.sync.num = 128 (default)
2021-09-28 01:15:27,907 [pool-174-thread-1] INFO  server.RaftServerConfigKeys (ConfUtils.java:logGet(44)) - raft.server.log.statemachine.data.sync = true (default)
2021-09-28 01:15:27,907 [pool-174-thread-1] INFO  server.RaftServerConfigKeys (ConfUtils.java:logGet(44)) - raft.server.log.statemachine.data.sync.timeout = 10s (default)
2021-09-28 01:15:27,907 [pool-174-thread-1] INFO  server.RaftServerConfigKeys (ConfUtils.java:logGet(44)) - raft.server.log.statemachine.data.sync.timeout.retry = -1 (default)
2021-09-28 01:15:27,908 [pool-174-thread-1] INFO  server.RaftServerConfigKeys (ConfUtils.java:logGet(44)) - raft.server.log.write.buffer.size = 64KB (=65536) (default)
2021-09-28 01:15:27,908 [pool-174-thread-1] INFO  server.RaftServerConfigKeys (ConfUtils.java:logGet(44)) - raft.server.log.statemachine.data.caching.enabled = false (default)
2021-09-28 01:15:27,908 [pool-174-thread-1] INFO  segmented.SegmentedRaftLogWorker (SegmentedRaftLogWorker.java:lambda$new$0(133)) - 4b364075-9b58-4908-a5b5-f5e156ea742e@group-8E9138349E05-SegmentedRaftLogWorker: flushIndex: setUnconditionally 0 -> -1
2021-09-28 01:15:27,908 [pool-174-thread-1] INFO  segmented.SegmentedRaftLogWorker (SegmentedRaftLogWorker.java:lambda$new$0(133)) - 4b364075-9b58-4908-a5b5-f5e156ea742e@group-8E9138349E05-SegmentedRaftLogWorker: safeCacheEvictIndex: setUnconditionally 0 -> -1
2021-09-28 01:15:27,918 [pool-174-thread-1] INFO  server.RaftServerConfigKeys (ConfUtils.java:logGet(44)) - raft.server.snapshot.auto.trigger.enabled = true (custom)
2021-09-28 01:15:27,918 [pool-174-thread-1] INFO  server.RaftServerConfigKeys (ConfUtils.java:logGet(44)) - raft.server.snapshot.auto.trigger.threshold = 5 (custom)
2021-09-28 01:15:27,918 [pool-174-thread-1] INFO  server.RaftServerConfigKeys (ConfUtils.java:logGet(44)) - raft.server.snapshot.retention.file.num = -1 (default)
2021-09-28 01:15:27,918 [pool-174-thread-1] INFO  server.RaftServerConfigKeys (ConfUtils.java:logGet(44)) - raft.server.log.purge.upto.snapshot.index = true (custom)
2021-09-28 01:15:27,918 [pool-174-thread-1] INFO  server.RaftServerConfigKeys (ConfUtils.java:logGet(44)) - raft.server.retrycache.expirytime = 60000ms (default)
2021-09-28 01:15:27,918 [pool-174-thread-1] INFO  server.RaftServerConfigKeys (ConfUtils.java:logGet(44)) - raft.server.retrycache.statistics.expirytime = 100μs (default)
2021-09-28 01:15:27,919 [Listener at 127.0.0.1/11644] INFO  server.RaftServer$Division (RaftServerImpl.java:start(296)) - 4b364075-9b58-4908-a5b5-f5e156ea742e@group-8E9138349E05: start as a follower, conf=-1: [4b364075-9b58-4908-a5b5-f5e156ea742e|rpc:localhost:14224|priority:0], old=null
2021-09-28 01:15:27,919 [Listener at 127.0.0.1/11644] INFO  server.RaftServer$Division (RaftServerImpl.java:setRole(285)) - 4b364075-9b58-4908-a5b5-f5e156ea742e@group-8E9138349E05: changes role from      null to FOLLOWER at term 0 for startAsFollower
2021-09-28 01:15:27,919 [Listener at 127.0.0.1/11644] INFO  impl.RoleInfo (RoleInfo.java:updateAndGet(130)) - 4b364075-9b58-4908-a5b5-f5e156ea742e: start 4b364075-9b58-4908-a5b5-f5e156ea742e@group-8E9138349E05-FollowerState
2021-09-28 01:15:27,926 [Listener at 127.0.0.1/11644] INFO  util.JmxRegister (JmxRegister.java:tryRegister(44)) - Successfully registered JMX Bean with object name Ratis:service=RaftServer,group=group-8E9138349E05,id=4b364075-9b58-4908-a5b5-f5e156ea742e
2021-09-28 01:15:27,927 [Listener at 127.0.0.1/11644] INFO  server.RaftServer (RaftServerProxy.java:lambda$start$5(374)) - 4b364075-9b58-4908-a5b5-f5e156ea742e: start RPC server
2021-09-28 01:15:27,942 [Listener at 127.0.0.1/11644] INFO  server.GrpcService (GrpcService.java:startImpl(253)) - 4b364075-9b58-4908-a5b5-f5e156ea742e: GrpcService started, listening on 14224
2021-09-28 01:15:27,951 [org.apache.ratis.util.JvmPauseMonitor$$Lambda$499/1893987183@41efbd29] INFO  util.JvmPauseMonitor (JvmPauseMonitor.java:run(103)) - JvmPauseMonitor-4b364075-9b58-4908-a5b5-f5e156ea742e: Started
2021-09-28 01:15:28,361 [EndpointStateMachine task thread for /127.0.0.1:15957 - 0 ] INFO  ipc.Client (Client.java:handleConnectionFailure(977)) - Retrying connect to server: localhost/127.0.0.1:15957. Already tried 1 time(s); retry policy is RetryUpToMaximumCountWithFixedSleep(maxRetries=15, sleepTime=1000 MILLISECONDS)
2021-09-28 01:15:28,490 [EndpointStateMachine task thread for /127.0.0.1:15977 - 0 ] INFO  ipc.Client (Client.java:handleConnectionFailure(977)) - Retrying connect to server: localhost/127.0.0.1:15977. Already tried 2 time(s); retry policy is RetryUpToMaximumCountWithFixedSleep(maxRetries=15, sleepTime=1000 MILLISECONDS)
2021-09-28 01:15:28,741 [EndpointStateMachine task thread for /127.0.0.1:15967 - 0 ] INFO  ipc.Client (Client.java:handleConnectionFailure(977)) - Retrying connect to server: localhost/127.0.0.1:15967. Already tried 2 time(s); retry policy is RetryUpToMaximumCountWithFixedSleep(maxRetries=15, sleepTime=1000 MILLISECONDS)
2021-09-28 01:15:29,362 [EndpointStateMachine task thread for /127.0.0.1:15957 - 0 ] INFO  ipc.Client (Client.java:handleConnectionFailure(977)) - Retrying connect to server: localhost/127.0.0.1:15957. Already tried 2 time(s); retry policy is RetryUpToMaximumCountWithFixedSleep(maxRetries=15, sleepTime=1000 MILLISECONDS)
2021-09-28 01:15:29,491 [EndpointStateMachine task thread for /127.0.0.1:15977 - 0 ] INFO  ipc.Client (Client.java:handleConnectionFailure(977)) - Retrying connect to server: localhost/127.0.0.1:15977. Already tried 3 time(s); retry policy is RetryUpToMaximumCountWithFixedSleep(maxRetries=15, sleepTime=1000 MILLISECONDS)
2021-09-28 01:15:29,742 [EndpointStateMachine task thread for /127.0.0.1:15967 - 0 ] INFO  ipc.Client (Client.java:handleConnectionFailure(977)) - Retrying connect to server: localhost/127.0.0.1:15967. Already tried 3 time(s); retry policy is RetryUpToMaximumCountWithFixedSleep(maxRetries=15, sleepTime=1000 MILLISECONDS)
2021-09-28 01:15:30,363 [EndpointStateMachine task thread for /127.0.0.1:15957 - 0 ] INFO  ipc.Client (Client.java:handleConnectionFailure(977)) - Retrying connect to server: localhost/127.0.0.1:15957. Already tried 3 time(s); retry policy is RetryUpToMaximumCountWithFixedSleep(maxRetries=15, sleepTime=1000 MILLISECONDS)
2021-09-28 01:15:30,491 [EndpointStateMachine task thread for /127.0.0.1:15977 - 0 ] INFO  ipc.Client (Client.java:handleConnectionFailure(977)) - Retrying connect to server: localhost/127.0.0.1:15977. Already tried 4 time(s); retry policy is RetryUpToMaximumCountWithFixedSleep(maxRetries=15, sleepTime=1000 MILLISECONDS)
2021-09-28 01:15:30,742 [EndpointStateMachine task thread for /127.0.0.1:15967 - 0 ] INFO  ipc.Client (Client.java:handleConnectionFailure(977)) - Retrying connect to server: localhost/127.0.0.1:15967. Already tried 4 time(s); retry policy is RetryUpToMaximumCountWithFixedSleep(maxRetries=15, sleepTime=1000 MILLISECONDS)
2021-09-28 01:15:31,363 [EndpointStateMachine task thread for /127.0.0.1:15957 - 0 ] INFO  ipc.Client (Client.java:handleConnectionFailure(977)) - Retrying connect to server: localhost/127.0.0.1:15957. Already tried 4 time(s); retry policy is RetryUpToMaximumCountWithFixedSleep(maxRetries=15, sleepTime=1000 MILLISECONDS)
2021-09-28 01:15:31,492 [EndpointStateMachine task thread for /127.0.0.1:15977 - 0 ] INFO  ipc.Client (Client.java:handleConnectionFailure(977)) - Retrying connect to server: localhost/127.0.0.1:15977. Already tried 5 time(s); retry policy is RetryUpToMaximumCountWithFixedSleep(maxRetries=15, sleepTime=1000 MILLISECONDS)
2021-09-28 01:15:31,743 [EndpointStateMachine task thread for /127.0.0.1:15967 - 0 ] INFO  ipc.Client (Client.java:handleConnectionFailure(977)) - Retrying connect to server: localhost/127.0.0.1:15967. Already tried 5 time(s); retry policy is RetryUpToMaximumCountWithFixedSleep(maxRetries=15, sleepTime=1000 MILLISECONDS)
2021-09-28 01:15:32,364 [EndpointStateMachine task thread for /127.0.0.1:15957 - 0 ] INFO  ipc.Client (Client.java:handleConnectionFailure(977)) - Retrying connect to server: localhost/127.0.0.1:15957. Already tried 5 time(s); retry policy is RetryUpToMaximumCountWithFixedSleep(maxRetries=15, sleepTime=1000 MILLISECONDS)
2021-09-28 01:15:32,492 [EndpointStateMachine task thread for /127.0.0.1:15977 - 0 ] INFO  ipc.Client (Client.java:handleConnectionFailure(977)) - Retrying connect to server: localhost/127.0.0.1:15977. Already tried 6 time(s); retry policy is RetryUpToMaximumCountWithFixedSleep(maxRetries=15, sleepTime=1000 MILLISECONDS)
2021-09-28 01:15:32,744 [EndpointStateMachine task thread for /127.0.0.1:15967 - 0 ] INFO  ipc.Client (Client.java:handleConnectionFailure(977)) - Retrying connect to server: localhost/127.0.0.1:15967. Already tried 6 time(s); retry policy is RetryUpToMaximumCountWithFixedSleep(maxRetries=15, sleepTime=1000 MILLISECONDS)
2021-09-28 01:15:33,017 [4b364075-9b58-4908-a5b5-f5e156ea742e@group-8E9138349E05-FollowerState] INFO  impl.FollowerState (FollowerState.java:run(134)) - 4b364075-9b58-4908-a5b5-f5e156ea742e@group-8E9138349E05-FollowerState: change to CANDIDATE, lastRpcElapsedTime:5097695758ns, electionTimeout:5088ms
2021-09-28 01:15:33,017 [4b364075-9b58-4908-a5b5-f5e156ea742e@group-8E9138349E05-FollowerState] INFO  impl.RoleInfo (RoleInfo.java:shutdownFollowerState(108)) - 4b364075-9b58-4908-a5b5-f5e156ea742e: shutdown 4b364075-9b58-4908-a5b5-f5e156ea742e@group-8E9138349E05-FollowerState
2021-09-28 01:15:33,018 [4b364075-9b58-4908-a5b5-f5e156ea742e@group-8E9138349E05-FollowerState] INFO  server.RaftServer$Division (RaftServerImpl.java:setRole(285)) - 4b364075-9b58-4908-a5b5-f5e156ea742e@group-8E9138349E05: changes role from  FOLLOWER to CANDIDATE at term 0 for changeToCandidate
2021-09-28 01:15:33,018 [4b364075-9b58-4908-a5b5-f5e156ea742e@group-8E9138349E05-FollowerState] INFO  server.RaftServerConfigKeys (ConfUtils.java:logGet(44)) - raft.server.leaderelection.pre-vote = false (custom)
2021-09-28 01:15:33,018 [4b364075-9b58-4908-a5b5-f5e156ea742e@group-8E9138349E05-FollowerState] INFO  impl.RoleInfo (RoleInfo.java:updateAndGet(130)) - 4b364075-9b58-4908-a5b5-f5e156ea742e: start 4b364075-9b58-4908-a5b5-f5e156ea742e@group-8E9138349E05-LeaderElection11
2021-09-28 01:15:33,040 [4b364075-9b58-4908-a5b5-f5e156ea742e@group-8E9138349E05-LeaderElection11] INFO  impl.LeaderElection (LeaderElection.java:askForVotes(306)) - 4b364075-9b58-4908-a5b5-f5e156ea742e@group-8E9138349E05-LeaderElection11 ELECTION round 0: submit vote requests at term 1 for -1: [4b364075-9b58-4908-a5b5-f5e156ea742e|rpc:localhost:14224|priority:0], old=null
2021-09-28 01:15:33,041 [4b364075-9b58-4908-a5b5-f5e156ea742e@group-8E9138349E05-LeaderElection11] INFO  impl.LeaderElection (LeaderElection.java:askForVotes(308)) - 4b364075-9b58-4908-a5b5-f5e156ea742e@group-8E9138349E05-LeaderElection11 ELECTION round 0: result PASSED (term=1)
2021-09-28 01:15:33,041 [4b364075-9b58-4908-a5b5-f5e156ea742e@group-8E9138349E05-LeaderElection11] INFO  impl.RoleInfo (RoleInfo.java:shutdownLeaderElection(121)) - 4b364075-9b58-4908-a5b5-f5e156ea742e: shutdown 4b364075-9b58-4908-a5b5-f5e156ea742e@group-8E9138349E05-LeaderElection11
2021-09-28 01:15:33,041 [4b364075-9b58-4908-a5b5-f5e156ea742e@group-8E9138349E05-LeaderElection11] INFO  server.RaftServer$Division (RaftServerImpl.java:setRole(285)) - 4b364075-9b58-4908-a5b5-f5e156ea742e@group-8E9138349E05: changes role from CANDIDATE to LEADER at term 1 for changeToLeader
2021-09-28 01:15:33,041 [4b364075-9b58-4908-a5b5-f5e156ea742e@group-8E9138349E05-LeaderElection11] INFO  server.RaftServer$Division (ServerState.java:setLeader(285)) - 4b364075-9b58-4908-a5b5-f5e156ea742e@group-8E9138349E05: change Leader from null to 4b364075-9b58-4908-a5b5-f5e156ea742e at term 1 for becomeLeader, leader elected after 5135ms
2021-09-28 01:15:33,041 [4b364075-9b58-4908-a5b5-f5e156ea742e@group-8E9138349E05-LeaderElection11] INFO  server.RaftServerConfigKeys (ConfUtils.java:logGet(44)) - raft.server.staging.catchup.gap = 1000 (default)
2021-09-28 01:15:33,041 [4b364075-9b58-4908-a5b5-f5e156ea742e@group-8E9138349E05-LeaderElection11] INFO  server.RaftServerConfigKeys (ConfUtils.java:logGet(44)) - raft.server.write.element-limit = 4096 (default)
2021-09-28 01:15:33,041 [4b364075-9b58-4908-a5b5-f5e156ea742e@group-8E9138349E05-LeaderElection11] INFO  server.RaftServerConfigKeys (ConfUtils.java:logGet(44)) - raft.server.write.byte-limit = 64MB (=67108864) (default)
2021-09-28 01:15:33,041 [4b364075-9b58-4908-a5b5-f5e156ea742e@group-8E9138349E05-LeaderElection11] INFO  server.RaftServerConfigKeys (ConfUtils.java:logGet(44)) - raft.server.watch.timeout = 10s (default)
2021-09-28 01:15:33,041 [4b364075-9b58-4908-a5b5-f5e156ea742e@group-8E9138349E05-LeaderElection11] INFO  server.RaftServerConfigKeys (ConfUtils.java:logGet(44)) - raft.server.watch.timeout.denomination = 1s (default)
2021-09-28 01:15:33,042 [4b364075-9b58-4908-a5b5-f5e156ea742e@group-8E9138349E05-LeaderElection11] INFO  server.RaftServerConfigKeys (ConfUtils.java:logGet(44)) - raft.server.watch.element-limit = 65536 (default)
2021-09-28 01:15:33,042 [4b364075-9b58-4908-a5b5-f5e156ea742e@group-8E9138349E05-LeaderElection11] INFO  impl.RoleInfo (RoleInfo.java:updateAndGet(130)) - 4b364075-9b58-4908-a5b5-f5e156ea742e: start 4b364075-9b58-4908-a5b5-f5e156ea742e@group-8E9138349E05-LeaderStateImpl
2021-09-28 01:15:33,042 [4b364075-9b58-4908-a5b5-f5e156ea742e@group-8E9138349E05-LeaderElection11] INFO  segmented.SegmentedRaftLogWorker (SegmentedRaftLogWorker.java:startLogSegment(394)) - 4b364075-9b58-4908-a5b5-f5e156ea742e@group-8E9138349E05-SegmentedRaftLogWorker: Starting segment from index:0
2021-09-28 01:15:33,045 [4b364075-9b58-4908-a5b5-f5e156ea742e@group-8E9138349E05-SegmentedRaftLogWorker] INFO  segmented.SegmentedRaftLogWorker (SegmentedRaftLogWorker.java:execute(601)) - 4b364075-9b58-4908-a5b5-f5e156ea742e@group-8E9138349E05-SegmentedRaftLogWorker: created new log segment /home/runner/work/ozone/ozone/hadoop-ozone/integration-test/target/test-dir/MiniOzoneClusterImpl-4882f729-1751-4fe5-a7fb-8e9138349e05/scmNode-1/scm-ha/4882f729-1751-4fe5-a7fb-8e9138349e05/current/log_inprogress_0
2021-09-28 01:15:33,045 [4b364075-9b58-4908-a5b5-f5e156ea742e@group-8E9138349E05-LeaderElection11] INFO  server.RaftServer$Division (ServerState.java:setRaftConf(387)) - 4b364075-9b58-4908-a5b5-f5e156ea742e@group-8E9138349E05: set configuration 0: [4b364075-9b58-4908-a5b5-f5e156ea742e|rpc:localhost:14224|admin:|client:|dataStream:|priority:0], old=null
2021-09-28 01:15:33,365 [EndpointStateMachine task thread for /127.0.0.1:15957 - 0 ] INFO  ipc.Client (Client.java:handleConnectionFailure(977)) - Retrying connect to server: localhost/127.0.0.1:15957. Already tried 6 time(s); retry policy is RetryUpToMaximumCountWithFixedSleep(maxRetries=15, sleepTime=1000 MILLISECONDS)
2021-09-28 01:15:33,493 [EndpointStateMachine task thread for /127.0.0.1:15977 - 0 ] INFO  ipc.Client (Client.java:handleConnectionFailure(977)) - Retrying connect to server: localhost/127.0.0.1:15977. Already tried 7 time(s); retry policy is RetryUpToMaximumCountWithFixedSleep(maxRetries=15, sleepTime=1000 MILLISECONDS)
2021-09-28 01:15:33,744 [EndpointStateMachine task thread for /127.0.0.1:15967 - 0 ] INFO  ipc.Client (Client.java:handleConnectionFailure(977)) - Retrying connect to server: localhost/127.0.0.1:15967. Already tried 7 time(s); retry policy is RetryUpToMaximumCountWithFixedSleep(maxRetries=15, sleepTime=1000 MILLISECONDS)
2021-09-28 01:15:33,951 [Listener at 127.0.0.1/11644] INFO  server.RaftServer (RaftServerProxy.java:lambda$close$6(391)) - 4b364075-9b58-4908-a5b5-f5e156ea742e: close
2021-09-28 01:15:33,951 [Listener at 127.0.0.1/11644] INFO  server.RaftServer$Division (RaftServerImpl.java:lambda$close$4(407)) - 4b364075-9b58-4908-a5b5-f5e156ea742e@group-8E9138349E05: shutdown
2021-09-28 01:15:33,952 [Listener at 127.0.0.1/11644] INFO  util.JmxRegister (JmxRegister.java:unregister(73)) - Successfully un-registered JMX Bean with object name Ratis:service=RaftServer,group=group-8E9138349E05,id=4b364075-9b58-4908-a5b5-f5e156ea742e
2021-09-28 01:15:33,952 [Listener at 127.0.0.1/11644] INFO  impl.RoleInfo (RoleInfo.java:shutdownLeaderState(91)) - 4b364075-9b58-4908-a5b5-f5e156ea742e: shutdown 4b364075-9b58-4908-a5b5-f5e156ea742e@group-8E9138349E05-LeaderStateImpl
2021-09-28 01:15:33,952 [Listener at 127.0.0.1/11644] INFO  impl.PendingRequests (PendingRequests.java:sendNotLeaderResponses(282)) - 4b364075-9b58-4908-a5b5-f5e156ea742e@group-8E9138349E05-PendingRequests: sendNotLeaderResponses
2021-09-28 01:15:33,953 [Listener at 127.0.0.1/11644] INFO  impl.StateMachineUpdater (StateMachineUpdater.java:stopAndJoin(149)) - 4b364075-9b58-4908-a5b5-f5e156ea742e@group-8E9138349E05-StateMachineUpdater: set stopIndex = 0
2021-09-28 01:15:33,953 [4b364075-9b58-4908-a5b5-f5e156ea742e@group-8E9138349E05-StateMachineUpdater] INFO  impl.StateMachineUpdater (StateMachineUpdater.java:takeSnapshot(281)) - 4b364075-9b58-4908-a5b5-f5e156ea742e@group-8E9138349E05-StateMachineUpdater: Took a snapshot at index 0
2021-09-28 01:15:33,953 [4b364075-9b58-4908-a5b5-f5e156ea742e@group-8E9138349E05-StateMachineUpdater] INFO  impl.StateMachineUpdater (StateMachineUpdater.java:lambda$new$0(89)) - 4b364075-9b58-4908-a5b5-f5e156ea742e@group-8E9138349E05-StateMachineUpdater: snapshotIndex: updateIncreasingly -1 -> 0
2021-09-28 01:15:33,955 [Listener at 127.0.0.1/11644] INFO  server.RaftServer$Division (ServerState.java:close(419)) - 4b364075-9b58-4908-a5b5-f5e156ea742e@group-8E9138349E05: closes. applyIndex: 0
2021-09-28 01:15:33,955 [4b364075-9b58-4908-a5b5-f5e156ea742e@group-8E9138349E05-SegmentedRaftLogWorker] INFO  segmented.SegmentedRaftLogWorker (SegmentedRaftLogWorker.java:run(327)) - 4b364075-9b58-4908-a5b5-f5e156ea742e@group-8E9138349E05-SegmentedRaftLogWorker was interrupted, exiting. There are 0 tasks remaining in the queue.
2021-09-28 01:15:33,957 [Listener at 127.0.0.1/11644] INFO  segmented.SegmentedRaftLogWorker (SegmentedRaftLogWorker.java:close(237)) - 4b364075-9b58-4908-a5b5-f5e156ea742e@group-8E9138349E05-SegmentedRaftLogWorker close()
2021-09-28 01:15:33,959 [Listener at 127.0.0.1/11644] INFO  server.GrpcService (GrpcService.java:closeImpl(262)) - 4b364075-9b58-4908-a5b5-f5e156ea742e: shutdown server with port 14224 now
2021-09-28 01:15:33,970 [Listener at 127.0.0.1/11644] INFO  server.GrpcService (GrpcService.java:closeImpl(271)) - 4b364075-9b58-4908-a5b5-f5e156ea742e: shutdown server with port 14224 successfully
2021-09-28 01:15:33,970 [org.apache.ratis.util.JvmPauseMonitor$$Lambda$499/1893987183@41efbd29] INFO  util.JvmPauseMonitor (JvmPauseMonitor.java:run(109)) - JvmPauseMonitor-4b364075-9b58-4908-a5b5-f5e156ea742e: Stopped
2021-09-28 01:15:33,970 [Listener at 127.0.0.1/11644] WARN  server.ServerUtils (ServerUtils.java:getScmDbDir(148)) - ozone.scm.db.dirs is not configured. We recommend adding this setting. Falling back to ozone.metadata.dirs instead.
2021-09-28 01:15:33,975 [Listener at 127.0.0.1/11644] INFO  server.StorageContainerManager (StorageContainerManager.java:scmInit(1059)) - SCM initialization succeeded. Current cluster id for sd=/home/runner/work/ozone/ozone/hadoop-ozone/integration-test/target/test-dir/MiniOzoneClusterImpl-4882f729-1751-4fe5-a7fb-8e9138349e05/scmNode-1/scm; cid=4882f729-1751-4fe5-a7fb-8e9138349e05; layoutVersion=2; scmId=4b364075-9b58-4908-a5b5-f5e156ea742e
2021-09-28 01:15:33,975 [Listener at 127.0.0.1/11644] INFO  ha.SCMHANodeDetails (SCMHANodeDetails.java:loadSCMHAConfig(157)) - ServiceID for StorageContainerManager is scm-service-test1
2021-09-28 01:15:33,975 [Listener at 127.0.0.1/11644] INFO  ha.SCMHANodeDetails (SCMHANodeDetails.java:loadSCMHAConfig(168)) - ServiceID for StorageContainerManager is scm-service-test1
2021-09-28 01:15:33,975 [Listener at 127.0.0.1/11644] WARN  scm.ScmUtils (ScmUtils.java:logWarn(179)) - ConfigKey ozone.scm.block.client.address is deprecated, For configuring different ports for each SCM use PortConfigKey ozone.scm.block.client.port appended with serviceId and nodeId. If want to configure same port configure ozone.scm.block.client.port
2021-09-28 01:15:33,976 [Listener at 127.0.0.1/11644] WARN  scm.ScmUtils (ScmUtils.java:logWarn(179)) - ConfigKey ozone.scm.client.address is deprecated, For configuring different ports for each SCM use PortConfigKey ozone.scm.client.port appended with serviceId and nodeId. If want to configure same port configure ozone.scm.client.port
2021-09-28 01:15:33,976 [Listener at 127.0.0.1/11644] WARN  scm.ScmUtils (ScmUtils.java:logWarn(179)) - ConfigKey ozone.scm.datanode.address is deprecated, For configuring different ports for each SCM use PortConfigKey ozone.scm.datanode.port appended with serviceId and nodeId. If want to configure same port configure ozone.scm.datanode.port
2021-09-28 01:15:33,976 [Listener at 127.0.0.1/11644] WARN  scm.ScmUtils (ScmUtils.java:logWarn(179)) - ConfigKey ozone.scm.block.client.address is deprecated, For configuring different ports for each SCM use PortConfigKey ozone.scm.block.client.port appended with serviceId and nodeId. If want to configure same port configure ozone.scm.block.client.port
2021-09-28 01:15:33,976 [Listener at 127.0.0.1/11644] WARN  scm.ScmUtils (ScmUtils.java:logWarn(179)) - ConfigKey ozone.scm.client.address is deprecated, For configuring different ports for each SCM use PortConfigKey ozone.scm.client.port appended with serviceId and nodeId. If want to configure same port configure ozone.scm.client.port
2021-09-28 01:15:33,976 [Listener at 127.0.0.1/11644] WARN  scm.ScmUtils (ScmUtils.java:logWarn(179)) - ConfigKey ozone.scm.datanode.address is deprecated, For configuring different ports for each SCM use PortConfigKey ozone.scm.datanode.port appended with serviceId and nodeId. If want to configure same port configure ozone.scm.datanode.port
2021-09-28 01:15:33,977 [Listener at 127.0.0.1/11644] INFO  ha.SCMHANodeDetails (SCMHANodeDetails.java:loadSCMHAConfig(250)) - Found matching SCM address with SCMServiceId: scm-service-test1, SCMNodeId: scmNode-1, RPC Address: localhost:14224 and Ratis port: 14224
2021-09-28 01:15:33,977 [Listener at 127.0.0.1/11644] INFO  ha.SCMHANodeDetails (ConfUtils.java:setNodeSpecificConfigs(108)) - Setting configuration key ozone.scm.datanode.address with value of key ozone.scm.datanode.address.scm-service-test1.scmNode-1: 127.0.0.1:14225
2021-09-28 01:15:33,977 [Listener at 127.0.0.1/11644] INFO  ha.SCMHANodeDetails (ConfUtils.java:setNodeSpecificConfigs(108)) - Setting configuration key ozone.scm.block.client.address with value of key ozone.scm.block.client.address.scm-service-test1.scmNode-1: 127.0.0.1:14226
2021-09-28 01:15:33,977 [Listener at 127.0.0.1/11644] INFO  ha.SCMHANodeDetails (ConfUtils.java:setNodeSpecificConfigs(108)) - Setting configuration key ozone.scm.client.address with value of key ozone.scm.client.address.scm-service-test1.scmNode-1: 127.0.0.1:14227
2021-09-28 01:15:33,977 [Listener at 127.0.0.1/11644] INFO  ha.SCMHANodeDetails (ConfUtils.java:setNodeSpecificConfigs(108)) - Setting configuration key ozone.scm.ratis.port with value of key ozone.scm.ratis.port.scm-service-test1.scmNode-1: 14224
2021-09-28 01:15:33,977 [Listener at 127.0.0.1/11644] INFO  ha.SCMHANodeDetails (ConfUtils.java:setNodeSpecificConfigs(108)) - Setting configuration key ozone.scm.grpc.port with value of key ozone.scm.grpc.port.scm-service-test1.scmNode-1: 14228
2021-09-28 01:15:33,977 [Listener at 127.0.0.1/11644] INFO  ha.SCMHANodeDetails (ConfUtils.java:setNodeSpecificConfigs(108)) - Setting configuration key ozone.scm.http-address with value of key ozone.scm.http-address.scm-service-test1.scmNode-1: 127.0.0.1:14222
2021-09-28 01:15:33,979 [Listener at 127.0.0.1/11644] INFO  ha.SCMHANodeDetails (ConfUtils.java:setNodeSpecificConfigs(108)) - Setting configuration key ozone.scm.https-address with value of key ozone.scm.https-address.scm-service-test1.scmNode-1: 127.0.0.1:14223
2021-09-28 01:15:33,979 [Listener at 127.0.0.1/11644] INFO  ha.SCMHANodeDetails (ConfUtils.java:setNodeSpecificConfigs(108)) - Setting configuration key ozone.scm.address with value of key ozone.scm.address.scm-service-test1.scmNode-1: 127.0.0.1
2021-09-28 01:15:33,980 [Listener at 127.0.0.1/11644] WARN  scm.ScmUtils (ScmUtils.java:logWarn(179)) - ConfigKey ozone.scm.block.client.address is deprecated, For configuring different ports for each SCM use PortConfigKey ozone.scm.block.client.port appended with serviceId and nodeId. If want to configure same port configure ozone.scm.block.client.port
2021-09-28 01:15:33,980 [Listener at 127.0.0.1/11644] WARN  scm.ScmUtils (ScmUtils.java:logWarn(179)) - ConfigKey ozone.scm.client.address is deprecated, For configuring different ports for each SCM use PortConfigKey ozone.scm.client.port appended with serviceId and nodeId. If want to configure same port configure ozone.scm.client.port
2021-09-28 01:15:33,980 [Listener at 127.0.0.1/11644] WARN  scm.ScmUtils (ScmUtils.java:logWarn(179)) - ConfigKey ozone.scm.datanode.address is deprecated, For configuring different ports for each SCM use PortConfigKey ozone.scm.datanode.port appended with serviceId and nodeId. If want to configure same port configure ozone.scm.datanode.port
2021-09-28 01:15:33,982 [Listener at 127.0.0.1/11644] WARN  server.ServerUtils (ServerUtils.java:getScmDbDir(148)) - ozone.scm.db.dirs is not configured. We recommend adding this setting. Falling back to ozone.metadata.dirs instead.
2021-09-28 01:15:33,983 [Listener at 127.0.0.1/11644] INFO  upgrade.AbstractLayoutVersionManager (AbstractLayoutVersionManager.java:init(79)) - Initializing Layout version manager with metadata layout = SCM_HA (version = 2), software layout = SCM_HA (version = 2)
2021-09-28 01:15:34,122 [Listener at 127.0.0.1/11644] INFO  reflections.Reflections (Reflections.java:scan(232)) - Reflections took 138 ms to scan 7 urls, producing 119 keys and 275 values 
2021-09-28 01:15:34,124 [Listener at 127.0.0.1/11644] WARN  utils.HAUtils (HAUtils.java:getMetaDir(342)) - ozone.scm.db.dirs is not configured. We recommend adding this setting. Falling back to ozone.metadata.dirs instead.
2021-09-28 01:15:34,127 [Listener at 127.0.0.1/11644] WARN  db.DBStoreBuilder (DBStoreBuilder.java:applyDBDefinition(145)) - ozone.scm.db.dirs is not configured. We recommend adding this setting. Falling back to ozone.metadata.dirs instead.
2021-09-28 01:15:34,298 [Listener at 127.0.0.1/11644] INFO  net.NodeSchemaLoader (NodeSchemaLoader.java:loadSchemaFromFile(129)) - Loading schema from [jar:file:/home/runner/.m2/repository/org/apache/ozone/hdds-common/1.2.0-SNAPSHOT/hdds-common-1.2.0-SNAPSHOT.jar!/network-topology-default.xml]
2021-09-28 01:15:34,298 [Listener at 127.0.0.1/11644] INFO  net.NodeSchemaLoader (NodeSchemaLoader.java:loadSchema(176)) - Loading network topology layer schema file
2021-09-28 01:15:34,303 [Listener at 127.0.0.1/11644] INFO  ha.SCMRatisServerImpl (SCMRatisServerImpl.java:<init>(87)) - starting Raft server for scm:4b364075-9b58-4908-a5b5-f5e156ea742e
2021-09-28 01:15:34,310 [Listener at 127.0.0.1/11644] INFO  server.RaftServer (ConfUtils.java:logGet(44)) - raft.rpc.type = GRPC (default)
2021-09-28 01:15:34,310 [Listener at 127.0.0.1/11644] INFO  grpc.GrpcFactory (GrpcFactory.java:checkPooledByteBufAllocatorUseCacheForAllThreads(48)) - PERFORMANCE WARNING: useCacheForAllThreads is true that may cause Netty to create a lot garbage objects and, as a result, trigger GC.
	It is recommended to disable useCacheForAllThreads by setting -Dorg.apache.ratis.thirdparty.io.netty.allocator.useCacheForAllThreads=false in command line.
2021-09-28 01:15:34,310 [Listener at 127.0.0.1/11644] INFO  grpc.GrpcConfigKeys (ConfUtils.java:logGet(44)) - raft.grpc.admin.port = -1 (default)
2021-09-28 01:15:34,311 [Listener at 127.0.0.1/11644] INFO  grpc.GrpcConfigKeys (ConfUtils.java:logGet(44)) - raft.grpc.server.port = 14224 (custom)
2021-09-28 01:15:34,311 [Listener at 127.0.0.1/11644] INFO  grpc.GrpcConfigKeys (ConfUtils.java:logGet(44)) - raft.grpc.client.port = -1 (default)
2021-09-28 01:15:34,311 [Listener at 127.0.0.1/11644] INFO  grpc.GrpcConfigKeys (ConfUtils.java:logGet(44)) - raft.grpc.server.port = 14224 (custom)
2021-09-28 01:15:34,311 [Listener at 127.0.0.1/11644] INFO  grpc.GrpcConfigKeys (ConfUtils.java:logGet(44)) - raft.grpc.server.port = 14224 (custom)
2021-09-28 01:15:34,311 [Listener at 127.0.0.1/11644] INFO  server.GrpcService (ConfUtils.java:logGet(44)) - raft.grpc.message.size.max = 32m (=33554432) (custom)
2021-09-28 01:15:34,311 [Listener at 127.0.0.1/11644] INFO  server.RaftServerConfigKeys (ConfUtils.java:logGet(44)) - raft.server.log.appender.buffer.byte-limit = 33554432 (custom)
2021-09-28 01:15:34,312 [Listener at 127.0.0.1/11644] INFO  server.GrpcService (ConfUtils.java:logGet(44)) - raft.grpc.flow.control.window = 1MB (=1048576) (default)
2021-09-28 01:15:34,312 [Listener at 127.0.0.1/11644] INFO  server.RaftServerConfigKeys (ConfUtils.java:logGet(44)) - raft.server.rpc.request.timeout = 30000ms (custom)
2021-09-28 01:15:34,326 [Listener at 127.0.0.1/11644] INFO  impl.DataStreamServerImpl (ConfUtils.java:logGet(44)) - raft.datastream.type = DISABLED (default)
2021-09-28 01:15:34,327 [Listener at 127.0.0.1/11644] INFO  server.RaftServerConfigKeys (ConfUtils.java:logGet(44)) - raft.server.rpc.slowness.timeout = 120000ms (custom)
2021-09-28 01:15:34,327 [Listener at 127.0.0.1/11644] INFO  server.RaftServerConfigKeys (ConfUtils.java:logGet(44)) - raft.server.leaderelection.leader.step-down.wait-time = 10s (default)
2021-09-28 01:15:34,327 [Listener at 127.0.0.1/11644] INFO  server.RaftServerConfigKeys (ConfUtils.java:logGet(44)) - raft.server.storage.dir = [/home/runner/work/ozone/ozone/hadoop-ozone/integration-test/target/test-dir/MiniOzoneClusterImpl-4882f729-1751-4fe5-a7fb-8e9138349e05/scmNode-1/scm-ha] (custom)
2021-09-28 01:15:34,328 [Listener at 127.0.0.1/11644] INFO  server.RaftServer (RaftServerProxy.java:lambda$null$1(235)) - 4b364075-9b58-4908-a5b5-f5e156ea742e: found a subdirectory /home/runner/work/ozone/ozone/hadoop-ozone/integration-test/target/test-dir/MiniOzoneClusterImpl-4882f729-1751-4fe5-a7fb-8e9138349e05/scmNode-1/scm-ha/4882f729-1751-4fe5-a7fb-8e9138349e05
2021-09-28 01:15:34,342 [Listener at 127.0.0.1/11644] INFO  server.RaftServer (RaftServerProxy.java:addNew(95)) - 4b364075-9b58-4908-a5b5-f5e156ea742e: addNew group-8E9138349E05:[] returns group-8E9138349E05:java.util.concurrent.CompletableFuture@241e5fe6[Not completed]
2021-09-28 01:15:34,342 [pool-189-thread-1] INFO  server.RaftServer$Division (RaftServerImpl.java:<init>(181)) - 4b364075-9b58-4908-a5b5-f5e156ea742e: new RaftServerImpl for group-8E9138349E05:[] with SCMStateMachine:uninitialized
2021-09-28 01:15:34,343 [pool-189-thread-1] INFO  server.RaftServerConfigKeys (ConfUtils.java:logGet(44)) - raft.server.rpc.timeout.min = 5000ms (custom)
2021-09-28 01:15:34,343 [pool-189-thread-1] INFO  server.RaftServerConfigKeys (ConfUtils.java:logGet(44)) - raft.server.rpc.timeout.max = 5200ms (custom)
2021-09-28 01:15:34,343 [pool-189-thread-1] INFO  server.RaftServerConfigKeys (ConfUtils.java:logGet(44)) - raft.server.rpc.sleep.time = 25ms (default)
2021-09-28 01:15:34,343 [pool-189-thread-1] INFO  server.RaftServerConfigKeys (ConfUtils.java:logGet(44)) - raft.server.rpc.slowness.timeout = 120000ms (custom)
2021-09-28 01:15:34,343 [pool-189-thread-1] INFO  server.RaftServerConfigKeys (ConfUtils.java:logGet(44)) - raft.server.leaderelection.leader.step-down.wait-time = 10s (default)
2021-09-28 01:15:34,343 [pool-189-thread-1] INFO  server.RaftServerConfigKeys (ConfUtils.java:logGet(44)) - raft.server.sleep.deviation.threshold = 300ms (default)
2021-09-28 01:15:34,343 [pool-189-thread-1] INFO  server.RaftServerConfigKeys (ConfUtils.java:logGet(44)) - raft.server.log.appender.install.snapshot.enabled = false (custom)
2021-09-28 01:15:34,343 [pool-189-thread-1] INFO  server.RaftServer$Division (ServerState.java:<init>(105)) - 4b364075-9b58-4908-a5b5-f5e156ea742e@group-8E9138349E05: ConfigurationManager, init=-1: [], old=null, confs=<EMPTY_MAP>
2021-09-28 01:15:34,343 [pool-189-thread-1] INFO  server.RaftServerConfigKeys (ConfUtils.java:logGet(44)) - raft.server.storage.dir = [/home/runner/work/ozone/ozone/hadoop-ozone/integration-test/target/test-dir/MiniOzoneClusterImpl-4882f729-1751-4fe5-a7fb-8e9138349e05/scmNode-1/scm-ha] (custom)
2021-09-28 01:15:34,343 [pool-189-thread-1] INFO  server.RaftServerConfigKeys (ConfUtils.java:logGet(44)) - raft.server.log.corruption.policy = EXCEPTION (default)
2021-09-28 01:15:34,343 [pool-189-thread-1] INFO  server.RaftServerConfigKeys (ConfUtils.java:logGet(44)) - raft.server.storage.free-space.min = 0MB (=0) (default)
2021-09-28 01:15:34,345 [pool-189-thread-1] INFO  storage.RaftStorageDirectory (RaftStorageDirectoryImpl.java:tryLock(230)) - Lock on /home/runner/work/ozone/ozone/hadoop-ozone/integration-test/target/test-dir/MiniOzoneClusterImpl-4882f729-1751-4fe5-a7fb-8e9138349e05/scmNode-1/scm-ha/4882f729-1751-4fe5-a7fb-8e9138349e05/in_use.lock acquired by nodename 14119@fv-az50-883
2021-09-28 01:15:34,345 [pool-189-thread-1] INFO  storage.RaftStorage (RaftStorageImpl.java:analyzeAndRecoverStorage(110)) - Read RaftStorageMetadata{term=1, votedFor=4b364075-9b58-4908-a5b5-f5e156ea742e} from /home/runner/work/ozone/ozone/hadoop-ozone/integration-test/target/test-dir/MiniOzoneClusterImpl-4882f729-1751-4fe5-a7fb-8e9138349e05/scmNode-1/scm-ha/4882f729-1751-4fe5-a7fb-8e9138349e05/current/raft-meta
2021-09-28 01:15:34,346 [pool-189-thread-1] INFO  server.RaftServer$Division (ServerState.java:setRaftConf(387)) - 4b364075-9b58-4908-a5b5-f5e156ea742e@group-8E9138349E05: set configuration 0: [4b364075-9b58-4908-a5b5-f5e156ea742e|rpc:localhost:14224|admin:|client:|dataStream:|priority:0], old=null
2021-09-28 01:15:34,346 [pool-189-thread-1] INFO  server.RaftServerConfigKeys (ConfUtils.java:logGet(44)) - raft.server.notification.no-leader.timeout = 60s (default)
2021-09-28 01:15:34,346 [pool-189-thread-1] INFO  server.RaftServerConfigKeys (ConfUtils.java:logGet(44)) - raft.server.log.use.memory = false (default)
2021-09-28 01:15:34,346 [pool-189-thread-1] INFO  server.RaftServerConfigKeys (ConfUtils.java:logGet(44)) - raft.server.log.purge.gap = 5 (custom)
2021-09-28 01:15:34,346 [pool-189-thread-1] INFO  server.RaftServerConfigKeys (ConfUtils.java:logGet(44)) - raft.server.log.appender.buffer.byte-limit = 33554432 (custom)
2021-09-28 01:15:34,347 [pool-189-thread-1] INFO  server.RaftServerConfigKeys (ConfUtils.java:logGet(44)) - raft.server.log.segment.size.max = 16384 (custom)
2021-09-28 01:15:34,347 [pool-189-thread-1] INFO  server.RaftServerConfigKeys (ConfUtils.java:logGet(44)) - raft.server.log.segment.cache.num.max = 2 (custom)
2021-09-28 01:15:34,347 [pool-189-thread-1] INFO  server.RaftServerConfigKeys (ConfUtils.java:logGet(44)) - raft.server.log.segment.cache.size.max = 200MB (=209715200) (default)
2021-09-28 01:15:34,347 [pool-189-thread-1] INFO  segmented.SegmentedRaftLogWorker (SegmentedRaftLogWorker.java:<init>(182)) - new 4b364075-9b58-4908-a5b5-f5e156ea742e@group-8E9138349E05-SegmentedRaftLogWorker for RaftStorageImpl:Storage Directory /home/runner/work/ozone/ozone/hadoop-ozone/integration-test/target/test-dir/MiniOzoneClusterImpl-4882f729-1751-4fe5-a7fb-8e9138349e05/scmNode-1/scm-ha/4882f729-1751-4fe5-a7fb-8e9138349e05
2021-09-28 01:15:34,347 [pool-189-thread-1] INFO  server.RaftServerConfigKeys (ConfUtils.java:logGet(44)) - raft.server.log.queue.byte-limit = 64MB (=67108864) (default)
2021-09-28 01:15:34,347 [pool-189-thread-1] INFO  server.RaftServerConfigKeys (ConfUtils.java:logGet(44)) - raft.server.log.queue.element-limit = 4096 (default)
2021-09-28 01:15:34,348 [pool-189-thread-1] INFO  server.RaftServerConfigKeys (ConfUtils.java:logGet(44)) - raft.server.log.segment.size.max = 16384 (custom)
2021-09-28 01:15:34,348 [pool-189-thread-1] INFO  server.RaftServerConfigKeys (ConfUtils.java:logGet(44)) - raft.server.log.preallocated.size = 16384 (custom)
2021-09-28 01:15:34,348 [pool-189-thread-1] INFO  server.RaftServerConfigKeys (ConfUtils.java:logGet(44)) - raft.server.log.force.sync.num = 128 (default)
2021-09-28 01:15:34,348 [pool-189-thread-1] INFO  server.RaftServerConfigKeys (ConfUtils.java:logGet(44)) - raft.server.log.statemachine.data.sync = true (default)
2021-09-28 01:15:34,348 [pool-189-thread-1] INFO  server.RaftServerConfigKeys (ConfUtils.java:logGet(44)) - raft.server.log.statemachine.data.sync.timeout = 10s (default)
2021-09-28 01:15:34,348 [pool-189-thread-1] INFO  server.RaftServerConfigKeys (ConfUtils.java:logGet(44)) - raft.server.log.statemachine.data.sync.timeout.retry = -1 (default)
2021-09-28 01:15:34,349 [pool-189-thread-1] INFO  server.RaftServerConfigKeys (ConfUtils.java:logGet(44)) - raft.server.log.write.buffer.size = 64KB (=65536) (default)
2021-09-28 01:15:34,349 [pool-189-thread-1] INFO  server.RaftServerConfigKeys (ConfUtils.java:logGet(44)) - raft.server.log.statemachine.data.caching.enabled = false (default)
2021-09-28 01:15:34,351 [pool-189-thread-1] INFO  server.RaftServer$Division (ServerState.java:setRaftConf(387)) - 4b364075-9b58-4908-a5b5-f5e156ea742e@group-8E9138349E05: set configuration 0: [4b364075-9b58-4908-a5b5-f5e156ea742e|rpc:localhost:14224|admin:|client:|dataStream:|priority:0], old=null
2021-09-28 01:15:34,352 [pool-189-thread-1] INFO  segmented.LogSegment (LogSegment.java:loadSegment(173)) - Successfully read 1 entries from segment file /home/runner/work/ozone/ozone/hadoop-ozone/integration-test/target/test-dir/MiniOzoneClusterImpl-4882f729-1751-4fe5-a7fb-8e9138349e05/scmNode-1/scm-ha/4882f729-1751-4fe5-a7fb-8e9138349e05/current/log_inprogress_0
2021-09-28 01:15:34,357 [pool-189-thread-1] INFO  segmented.SegmentedRaftLogWorker (SegmentedRaftLogWorker.java:lambda$new$0(133)) - 4b364075-9b58-4908-a5b5-f5e156ea742e@group-8E9138349E05-SegmentedRaftLogWorker: flushIndex: setUnconditionally 0 -> 0
2021-09-28 01:15:34,357 [pool-189-thread-1] INFO  segmented.SegmentedRaftLogWorker (SegmentedRaftLogWorker.java:lambda$new$0(133)) - 4b364075-9b58-4908-a5b5-f5e156ea742e@group-8E9138349E05-SegmentedRaftLogWorker: safeCacheEvictIndex: setUnconditionally 0 -> -1
2021-09-28 01:15:34,365 [EndpointStateMachine task thread for /127.0.0.1:15957 - 0 ] INFO  ipc.Client (Client.java:handleConnectionFailure(977)) - Retrying connect to server: localhost/127.0.0.1:15957. Already tried 7 time(s); retry policy is RetryUpToMaximumCountWithFixedSleep(maxRetries=15, sleepTime=1000 MILLISECONDS)
2021-09-28 01:15:34,366 [pool-189-thread-1] INFO  server.RaftServerConfigKeys (ConfUtils.java:logGet(44)) - raft.server.snapshot.auto.trigger.enabled = true (custom)
2021-09-28 01:15:34,366 [pool-189-thread-1] INFO  server.RaftServerConfigKeys (ConfUtils.java:logGet(44)) - raft.server.snapshot.auto.trigger.threshold = 5 (custom)
2021-09-28 01:15:34,366 [pool-189-thread-1] INFO  server.RaftServerConfigKeys (ConfUtils.java:logGet(44)) - raft.server.snapshot.retention.file.num = -1 (default)
2021-09-28 01:15:34,366 [pool-189-thread-1] INFO  server.RaftServerConfigKeys (ConfUtils.java:logGet(44)) - raft.server.log.purge.upto.snapshot.index = true (custom)
2021-09-28 01:15:34,366 [pool-189-thread-1] INFO  server.RaftServerConfigKeys (ConfUtils.java:logGet(44)) - raft.server.retrycache.expirytime = 60000ms (default)
2021-09-28 01:15:34,366 [pool-189-thread-1] INFO  server.RaftServerConfigKeys (ConfUtils.java:logGet(44)) - raft.server.retrycache.statistics.expirytime = 100μs (default)
2021-09-28 01:15:34,367 [Listener at 127.0.0.1/11644] INFO  ha.SCMSnapshotProvider (SCMSnapshotProvider.java:<init>(66)) - Initializing SCM Snapshot Provider
2021-09-28 01:15:34,368 [Listener at 127.0.0.1/11644] WARN  server.ServerUtils (ServerUtils.java:getDefaultRatisDirectory(237)) - Storage directory for Ratis is not configured. It is a good idea to map this to an SSD disk. Falling back to ozone.metadata.dirs
2021-09-28 01:15:34,368 [Listener at 127.0.0.1/11644] WARN  ha.SCMHAUtils (SCMHAUtils.java:getSCMRatisSnapshotDirectory(146)) - SCM snapshot dir is not configured. Falling back to ozone.metadata.dirs config
2021-09-28 01:15:34,370 [Listener at 127.0.0.1/11644] INFO  ha.SequenceIdGenerator (SequenceIdGenerator.java:upgradeToSequenceId(327)) - upgrade localId to 107544261427200000
2021-09-28 01:15:34,370 [Listener at 127.0.0.1/11644] INFO  ha.SequenceIdGenerator (SequenceIdGenerator.java:upgradeToSequenceId(337)) - upgrade delTxnId to 0
2021-09-28 01:15:34,371 [Listener at 127.0.0.1/11644] INFO  ha.SequenceIdGenerator (SequenceIdGenerator.java:upgradeToSequenceId(351)) - upgrade containerId to 0
2021-09-28 01:15:34,371 [Listener at 127.0.0.1/11644] INFO  ha.SequenceIdGenerator (SequenceIdGenerator.java:<init>(217)) - Init the HA SequenceIdGenerator.
2021-09-28 01:15:34,380 [Listener at 127.0.0.1/11644] INFO  node.SCMNodeManager (SCMNodeManager.java:<init>(144)) - Entering startup safe mode.
2021-09-28 01:15:34,381 [Listener at 127.0.0.1/11644] INFO  algorithms.ContainerPlacementPolicyFactory (ContainerPlacementPolicyFactory.java:getPolicy(60)) - Create container placement policy of type org.apache.hadoop.hdds.scm.container.placement.algorithms.SCMContainerPlacementRandom
2021-09-28 01:15:34,381 [Listener at 127.0.0.1/11644] INFO  pipeline.PipelineStateManager (PipelineStateManagerV2Impl.java:initialize(78)) - No pipeline exists in current db
2021-09-28 01:15:34,381 [Listener at 127.0.0.1/11644] INFO  algorithms.LeaderChoosePolicyFactory (LeaderChoosePolicyFactory.java:getPolicy(57)) - Create leader choose policy of type org.apache.hadoop.hdds.scm.pipeline.leader.choose.algorithms.MinLeaderCountChoosePolicy
2021-09-28 01:15:34,382 [Listener at 127.0.0.1/11644] INFO  ha.SCMServiceManager (SCMServiceManager.java:register(43)) - Registering service BackgroundPipelineCreator.
2021-09-28 01:15:34,382 [Listener at 127.0.0.1/11644] INFO  pipeline.BackgroundPipelineCreator (BackgroundPipelineCreatorV2.java:start(130)) - Starting RatisPipelineUtilsThread.
2021-09-28 01:15:34,383 [Listener at 127.0.0.1/11644] INFO  algorithms.PipelineChoosePolicyFactory (PipelineChoosePolicyFactory.java:createPipelineChoosePolicyFromClass(73)) - Create pipeline choose policy of type org.apache.hadoop.hdds.scm.pipeline.choose.algorithms.RandomPipelineChoosePolicy
2021-09-28 01:15:34,383 [Listener at 127.0.0.1/11644] INFO  ha.SCMServiceManager (SCMServiceManager.java:register(43)) - Registering service SCMBlockDeletingService.
2021-09-28 01:15:34,383 [Listener at 127.0.0.1/11644] INFO  ha.SCMServiceManager (SCMServiceManager.java:register(43)) - Registering service ReplicationManager.
2021-09-28 01:15:34,384 [Listener at 127.0.0.1/11644] INFO  container.ReplicationManager (ReplicationManager.java:start(319)) - Starting Replication Monitor Thread.
2021-09-28 01:15:34,384 [Listener at 127.0.0.1/11644] INFO  safemode.ContainerSafeModeRule (ContainerSafeModeRule.java:<init>(89)) - containers with one replica threshold count 0
2021-09-28 01:15:34,385 [Listener at 127.0.0.1/11644] INFO  safemode.HealthyPipelineSafeModeRule (HealthyPipelineSafeModeRule.java:initializeRule(156)) - Total pipeline count is 0, healthy pipeline threshold count is 1
2021-09-28 01:15:34,385 [Listener at 127.0.0.1/11644] INFO  safemode.OneReplicaPipelineSafeModeRule (OneReplicaPipelineSafeModeRule.java:initializeRule(180)) - Total pipeline count is 0, pipeline's with at least one datanode reported threshold count is 0
2021-09-28 01:15:34,385 [Listener at 127.0.0.1/11644] INFO  ipc.CallQueueManager (CallQueueManager.java:<init>(90)) - Using callQueue: class java.util.concurrent.LinkedBlockingQueue, queueCapacity: 10000, scheduler: class org.apache.hadoop.ipc.DefaultRpcScheduler, ipcBackoff: false.
2021-09-28 01:15:34,398 [ReplicationMonitor] INFO  container.ReplicationManager (ReplicationManager.java:processAll(371)) - Replication Monitor Thread took 0 milliseconds for processing 0 containers.
2021-09-28 01:15:34,406 [Socket Reader #1 for port 14225] INFO  ipc.Server (Server.java:run(1265)) - Starting Socket Reader #1 for port 14225
2021-09-28 01:15:34,406 [Listener at 0.0.0.0/14225] INFO  ipc.CallQueueManager (CallQueueManager.java:<init>(90)) - Using callQueue: class java.util.concurrent.LinkedBlockingQueue, queueCapacity: 10000, scheduler: class org.apache.hadoop.ipc.DefaultRpcScheduler, ipcBackoff: false.
2021-09-28 01:15:34,407 [Socket Reader #1 for port 14226] INFO  ipc.Server (Server.java:run(1265)) - Starting Socket Reader #1 for port 14226
2021-09-28 01:15:34,414 [Listener at 0.0.0.0/14226] INFO  ipc.CallQueueManager (CallQueueManager.java:<init>(90)) - Using callQueue: class java.util.concurrent.LinkedBlockingQueue, queueCapacity: 10000, scheduler: class org.apache.hadoop.ipc.DefaultRpcScheduler, ipcBackoff: false.
2021-09-28 01:15:34,430 [Socket Reader #1 for port 14227] INFO  ipc.Server (Server.java:run(1265)) - Starting Socket Reader #1 for port 14227
2021-09-28 01:15:34,477 [Listener at 0.0.0.0/14227] INFO  algorithms.ContainerPlacementPolicyFactory (ContainerPlacementPolicyFactory.java:getPolicy(60)) - Create container placement policy of type org.apache.hadoop.hdds.scm.container.placement.algorithms.SCMContainerPlacementRandom
2021-09-28 01:15:34,478 [Listener at 0.0.0.0/14227] INFO  server.StorageContainerManager (StorageContainerManager.java:<init>(387)) - 
Container Balancer status:
Key                            Value
Running                        false
Container Balancer Configuration values:
Key                                                Value
Threshold                                          0.1
Max Datanodes to Involve per Iteration(ratio)      0.5
Max Size to Move per Iteration                     10737418240B

2021-09-28 01:15:34,478 [Listener at 0.0.0.0/14227] WARN  events.EventQueue (EventQueue.java:fireEvent(194)) - No event handler registered for event TypedEvent{payloadType=SafeModeStatus, name='Safe mode status'}
2021-09-28 01:15:34,478 [Listener at 0.0.0.0/14227] INFO  ha.SCMContext (SCMContext.java:updateSafeModeStatus(205)) - Update SafeModeStatus from SafeModeStatus{safeModeStatus=true, preCheckPassed=false} to SafeModeStatus{safeModeStatus=true, preCheckPassed=false}.
2021-09-28 01:15:34,478 [Listener at 0.0.0.0/14227] INFO  server.StorageContainerManager (StorageContainerManager.java:start(1279)) - StorageContainerLocationProtocol RPC server is listening at /0.0.0.0:14227
2021-09-28 01:15:34,478 [Listener at 0.0.0.0/14227] INFO  ha.SCMRatisServerImpl (SCMRatisServerImpl.java:start(177)) - starting ratis server 0.0.0.0:14224
2021-09-28 01:15:34,479 [Listener at 0.0.0.0/14227] INFO  server.RaftServer$Division (RaftServerImpl.java:start(296)) - 4b364075-9b58-4908-a5b5-f5e156ea742e@group-8E9138349E05: start as a follower, conf=0: [4b364075-9b58-4908-a5b5-f5e156ea742e|rpc:localhost:14224|admin:|client:|dataStream:|priority:0], old=null
2021-09-28 01:15:34,479 [Listener at 0.0.0.0/14227] INFO  server.RaftServer$Division (RaftServerImpl.java:setRole(285)) - 4b364075-9b58-4908-a5b5-f5e156ea742e@group-8E9138349E05: changes role from      null to FOLLOWER at term 1 for startAsFollower
2021-09-28 01:15:34,479 [Listener at 0.0.0.0/14227] INFO  impl.RoleInfo (RoleInfo.java:updateAndGet(130)) - 4b364075-9b58-4908-a5b5-f5e156ea742e: start 4b364075-9b58-4908-a5b5-f5e156ea742e@group-8E9138349E05-FollowerState
2021-09-28 01:15:34,492 [Listener at 0.0.0.0/14227] INFO  util.JmxRegister (JmxRegister.java:tryRegister(44)) - Successfully registered JMX Bean with object name Ratis:service=RaftServer,group=group-8E9138349E05,id=4b364075-9b58-4908-a5b5-f5e156ea742e
2021-09-28 01:15:34,494 [EndpointStateMachine task thread for /127.0.0.1:15977 - 0 ] INFO  ipc.Client (Client.java:handleConnectionFailure(977)) - Retrying connect to server: localhost/127.0.0.1:15977. Already tried 8 time(s); retry policy is RetryUpToMaximumCountWithFixedSleep(maxRetries=15, sleepTime=1000 MILLISECONDS)
2021-09-28 01:15:34,506 [Listener at 0.0.0.0/14227] INFO  server.RaftServer (RaftServerProxy.java:lambda$start$5(374)) - 4b364075-9b58-4908-a5b5-f5e156ea742e: start RPC server
2021-09-28 01:15:34,506 [Listener at 0.0.0.0/14227] INFO  server.GrpcService (GrpcService.java:startImpl(253)) - 4b364075-9b58-4908-a5b5-f5e156ea742e: GrpcService started, listening on 14224
2021-09-28 01:15:34,514 [Listener at 0.0.0.0/14227] INFO  ha.SCMHAManagerImpl (SCMHAManagerImpl.java:start(120)) -  scm role is FOLLOWER peers [4b364075-9b58-4908-a5b5-f5e156ea742e|rpc:localhost:14224|admin:|client:|dataStream:|priority:0]
2021-09-28 01:15:34,514 [Listener at 0.0.0.0/14227] INFO  ha.InterSCMGrpcService (InterSCMGrpcProtocolService.java:start(94)) - Starting SCM Grpc Service at port 14228
2021-09-28 01:15:34,517 [Listener at 0.0.0.0/14227] WARN  impl.MetricsConfig (MetricsConfig.java:loadFirst(136)) - Cannot locate configuration: tried hadoop-metrics2-storagecontainermanager.properties,hadoop-metrics2.properties
2021-09-28 01:15:34,518 [org.apache.ratis.util.JvmPauseMonitor$$Lambda$499/1893987183@2668c100] INFO  util.JvmPauseMonitor (JvmPauseMonitor.java:run(103)) - JvmPauseMonitor-4b364075-9b58-4908-a5b5-f5e156ea742e: Started
2021-09-28 01:15:34,518 [Listener at 0.0.0.0/14227] INFO  impl.MetricsSystemImpl (MetricsSystemImpl.java:startTimer(378)) - Scheduled Metric snapshot period at 10 second(s).
2021-09-28 01:15:34,518 [Listener at 0.0.0.0/14227] INFO  impl.MetricsSystemImpl (MetricsSystemImpl.java:start(191)) - StorageContainerManager metrics system started
2021-09-28 01:15:34,594 [Listener at 0.0.0.0/14227] INFO  impl.MetricsSinkAdapter (MetricsSinkAdapter.java:start(204)) - Sink prometheus started
2021-09-28 01:15:34,594 [Listener at 0.0.0.0/14227] INFO  impl.MetricsSystemImpl (MetricsSystemImpl.java:registerSink(305)) - Registered sink prometheus
2021-09-28 01:15:34,642 [Listener at 0.0.0.0/14227] INFO  server.SCMClientProtocolServer (SCMClientProtocolServer.java:start(164)) - RPC server for Client  is listening at /0.0.0.0:14227
2021-09-28 01:15:34,654 [IPC Server Responder] INFO  ipc.Server (Server.java:run(1507)) - IPC Server Responder: starting
2021-09-28 01:15:34,658 [IPC Server listener on 14227] INFO  ipc.Server (Server.java:run(1344)) - IPC Server listener on 14227: starting
2021-09-28 01:15:34,745 [EndpointStateMachine task thread for /127.0.0.1:15967 - 0 ] INFO  ipc.Client (Client.java:handleConnectionFailure(977)) - Retrying connect to server: localhost/127.0.0.1:15967. Already tried 8 time(s); retry policy is RetryUpToMaximumCountWithFixedSleep(maxRetries=15, sleepTime=1000 MILLISECONDS)
2021-09-28 01:15:34,808 [Listener at 0.0.0.0/14227] INFO  server.StorageContainerManager (StorageContainerManager.java:start(1294)) - ScmBlockLocationProtocol RPC server is listening at /0.0.0.0:14226
2021-09-28 01:15:34,808 [Listener at 0.0.0.0/14227] INFO  server.SCMBlockProtocolServer (SCMBlockProtocolServer.java:start(151)) - RPC server for Block Protocol is listening at /0.0.0.0:14226
2021-09-28 01:15:34,809 [IPC Server Responder] INFO  ipc.Server (Server.java:run(1507)) - IPC Server Responder: starting
2021-09-28 01:15:34,809 [IPC Server listener on 14226] INFO  ipc.Server (Server.java:run(1344)) - IPC Server listener on 14226: starting
2021-09-28 01:15:34,848 [Listener at 0.0.0.0/14227] INFO  server.StorageContainerManager (StorageContainerManager.java:start(1300)) - ScmDatanodeProtocl RPC server is listening at /0.0.0.0:14225
2021-09-28 01:15:34,858 [org.apache.hadoop.util.JvmPauseMonitor$Monitor@2c8e3d8a] INFO  util.JvmPauseMonitor (JvmPauseMonitor.java:run(188)) - Starting JVM pause monitor
2021-09-28 01:15:34,859 [Listener at 0.0.0.0/14227] INFO  http.BaseHttpServer (BaseHttpServer.java:newHttpServer2BuilderForOzone(209)) - Starting Web-server for scm at: http://0.0.0.0:14222
2021-09-28 01:15:34,860 [Listener at 0.0.0.0/14227] INFO  http.BaseHttpServer (BaseHttpServer.java:<init>(107)) - Hadoop Security Enabled: false Ozone Security Enabled: false Ozone HTTP Security Enabled: false 
2021-09-28 01:15:34,862 [Listener at 0.0.0.0/14227] INFO  server.AuthenticationFilter (AuthenticationFilter.java:constructSecretProvider(240)) - Unable to initialize FileSignerSecretProvider, falling back to use random secrets.
2021-09-28 01:15:34,863 [Listener at 0.0.0.0/14227] WARN  http.HttpRequestLog (HttpRequestLog.java:getRequestLog(103)) - Jetty request log can only be enabled using Log4j
2021-09-28 01:15:34,864 [Listener at 0.0.0.0/14227] INFO  http.HttpServer2 (HttpServer2.java:addGlobalFilter(1030)) - Added global filter 'safety' (class=org.apache.hadoop.hdds.server.http.HttpServer2$QuotingInputFilter)
2021-09-28 01:15:34,865 [Listener at 0.0.0.0/14227] INFO  http.HttpServer2 (HttpServer2.java:addFilter(1006)) - Added filter static_user_filter (class=org.apache.hadoop.http.lib.StaticUserWebFilter$StaticUserFilter) to context scm
2021-09-28 01:15:34,865 [Listener at 0.0.0.0/14227] INFO  http.HttpServer2 (HttpServer2.java:addFilter(1014)) - Added filter static_user_filter (class=org.apache.hadoop.http.lib.StaticUserWebFilter$StaticUserFilter) to context logs
2021-09-28 01:15:34,865 [Listener at 0.0.0.0/14227] INFO  http.HttpServer2 (HttpServer2.java:addFilter(1014)) - Added filter static_user_filter (class=org.apache.hadoop.http.lib.StaticUserWebFilter$StaticUserFilter) to context static
2021-09-28 01:15:34,866 [Listener at 0.0.0.0/14227] INFO  http.HttpServer2 (HttpServer2.java:bindListener(1249)) - Jetty bound to port 14222
2021-09-28 01:15:34,866 [Listener at 0.0.0.0/14227] INFO  server.Server (Server.java:doStart(375)) - jetty-9.4.43.v20210629; built: 2021-06-30T11:07:22.254Z; git: 526006ecfa3af7f1a27ef3a288e2bef7ea9dd7e8; jvm 1.8.0_292-b10
2021-09-28 01:15:34,874 [Listener at 0.0.0.0/14227] INFO  server.session (DefaultSessionIdManager.java:doStart(334)) - DefaultSessionIdManager workerName=node0
2021-09-28 01:15:34,874 [Listener at 0.0.0.0/14227] INFO  server.session (DefaultSessionIdManager.java:doStart(339)) - No SessionScavenger set, using defaults
2021-09-28 01:15:34,874 [Listener at 0.0.0.0/14227] INFO  server.session (HouseKeeper.java:startScavenging(132)) - node0 Scavenging every 660000ms
2021-09-28 01:15:34,883 [Listener at 0.0.0.0/14227] INFO  handler.ContextHandler (ContextHandler.java:doStart(915)) - Started o.e.j.s.ServletContextHandler@6b8564e5{logs,/logs,file:///home/runner/work/ozone/ozone/hadoop-ozone/integration-test/target/log,AVAILABLE}
2021-09-28 01:15:34,883 [Listener at 0.0.0.0/14227] INFO  handler.ContextHandler (ContextHandler.java:doStart(915)) - Started o.e.j.s.ServletContextHandler@12bc9995{static,/static,file:///home/runner/work/ozone/ozone/hadoop-ozone/integration-test/target/test-classes/webapps/static,AVAILABLE}
2021-09-28 01:15:34,890 [Listener at 0.0.0.0/14227] INFO  handler.ContextHandler (ContextHandler.java:doStart(915)) - Started o.e.j.w.WebAppContext@358a33e3{scm,/,file:///home/runner/work/ozone/ozone/hadoop-ozone/integration-test/target/test-classes/webapps/scm/,AVAILABLE}{file:/home/runner/work/ozone/ozone/hadoop-ozone/integration-test/target/test-classes/webapps/scm}
2021-09-28 01:15:34,899 [Listener at 0.0.0.0/14227] INFO  server.AbstractConnector (AbstractConnector.java:doStart(331)) - Started ServerConnector@1b924e5{HTTP/1.1, (http/1.1)}{0.0.0.0:14222}
2021-09-28 01:15:34,899 [Listener at 0.0.0.0/14227] INFO  server.Server (Server.java:doStart(415)) - Started @72102ms
2021-09-28 01:15:34,900 [Listener at 0.0.0.0/14227] WARN  impl.MetricsSystemImpl (MetricsSystemImpl.java:register(279)) - Sink prometheus already exists!
2021-09-28 01:15:34,900 [Listener at 0.0.0.0/14227] INFO  http.BaseHttpServer (BaseHttpServer.java:updateConnectorAddress(329)) - HTTP server of scm listening at http://0.0.0.0:14222
2021-09-28 01:15:34,900 [Listener at 0.0.0.0/14227] INFO  ozone.MiniOzoneHAClusterImpl (MiniOzoneHAClusterImpl.java:createSCMService(564)) - Started SCM RPC server at org.apache.hadoop.hdds.scm.server.SCMClientProtocolServer@1ffc6aa8
2021-09-28 01:15:34,908 [Listener at 0.0.0.0/14227] INFO  ha.SCMHANodeDetails (SCMHANodeDetails.java:loadSCMHAConfig(157)) - ServiceID for StorageContainerManager is scm-service-test1
2021-09-28 01:15:34,908 [Listener at 0.0.0.0/14227] INFO  ha.SCMHANodeDetails (SCMHANodeDetails.java:loadSCMHAConfig(168)) - ServiceID for StorageContainerManager is scm-service-test1
2021-09-28 01:15:34,908 [Listener at 0.0.0.0/14227] WARN  scm.ScmUtils (ScmUtils.java:logWarn(179)) - ConfigKey ozone.scm.block.client.address is deprecated, For configuring different ports for each SCM use PortConfigKey ozone.scm.block.client.port appended with serviceId and nodeId. If want to configure same port configure ozone.scm.block.client.port
2021-09-28 01:15:34,908 [Listener at 0.0.0.0/14227] WARN  scm.ScmUtils (ScmUtils.java:logWarn(179)) - ConfigKey ozone.scm.client.address is deprecated, For configuring different ports for each SCM use PortConfigKey ozone.scm.client.port appended with serviceId and nodeId. If want to configure same port configure ozone.scm.client.port
2021-09-28 01:15:34,909 [Listener at 0.0.0.0/14227] WARN  scm.ScmUtils (ScmUtils.java:logWarn(179)) - ConfigKey ozone.scm.datanode.address is deprecated, For configuring different ports for each SCM use PortConfigKey ozone.scm.datanode.port appended with serviceId and nodeId. If want to configure same port configure ozone.scm.datanode.port
2021-09-28 01:15:34,909 [Listener at 0.0.0.0/14227] WARN  scm.ScmUtils (ScmUtils.java:logWarn(179)) - ConfigKey ozone.scm.block.client.address is deprecated, For configuring different ports for each SCM use PortConfigKey ozone.scm.block.client.port appended with serviceId and nodeId. If want to configure same port configure ozone.scm.block.client.port
2021-09-28 01:15:34,909 [Listener at 0.0.0.0/14227] WARN  scm.ScmUtils (ScmUtils.java:logWarn(179)) - ConfigKey ozone.scm.client.address is deprecated, For configuring different ports for each SCM use PortConfigKey ozone.scm.client.port appended with serviceId and nodeId. If want to configure same port configure ozone.scm.client.port
2021-09-28 01:15:34,909 [Listener at 0.0.0.0/14227] WARN  scm.ScmUtils (ScmUtils.java:logWarn(179)) - ConfigKey ozone.scm.datanode.address is deprecated, For configuring different ports for each SCM use PortConfigKey ozone.scm.datanode.port appended with serviceId and nodeId. If want to configure same port configure ozone.scm.datanode.port
2021-09-28 01:15:34,909 [Listener at 0.0.0.0/14227] INFO  ha.SCMHANodeDetails (SCMHANodeDetails.java:loadSCMHAConfig(250)) - Found matching SCM address with SCMServiceId: scm-service-test1, SCMNodeId: scmNode-2, RPC Address: localhost:14234 and Ratis port: 14234
2021-09-28 01:15:34,909 [Listener at 0.0.0.0/14227] INFO  ha.SCMHANodeDetails (ConfUtils.java:setNodeSpecificConfigs(108)) - Setting configuration key ozone.scm.datanode.address with value of key ozone.scm.datanode.address.scm-service-test1.scmNode-2: 127.0.0.1:14235
2021-09-28 01:15:34,910 [Listener at 0.0.0.0/14227] INFO  ha.SCMHANodeDetails (ConfUtils.java:setNodeSpecificConfigs(108)) - Setting configuration key ozone.scm.block.client.address with value of key ozone.scm.block.client.address.scm-service-test1.scmNode-2: 127.0.0.1:14236
2021-09-28 01:15:34,910 [Listener at 0.0.0.0/14227] INFO  ha.SCMHANodeDetails (ConfUtils.java:setNodeSpecificConfigs(108)) - Setting configuration key ozone.scm.client.address with value of key ozone.scm.client.address.scm-service-test1.scmNode-2: 127.0.0.1:14237
2021-09-28 01:15:34,910 [Listener at 0.0.0.0/14227] INFO  ha.SCMHANodeDetails (ConfUtils.java:setNodeSpecificConfigs(108)) - Setting configuration key ozone.scm.ratis.port with value of key ozone.scm.ratis.port.scm-service-test1.scmNode-2: 14234
2021-09-28 01:15:34,910 [Listener at 0.0.0.0/14227] INFO  ha.SCMHANodeDetails (ConfUtils.java:setNodeSpecificConfigs(108)) - Setting configuration key ozone.scm.grpc.port with value of key ozone.scm.grpc.port.scm-service-test1.scmNode-2: 14238
2021-09-28 01:15:34,910 [Listener at 0.0.0.0/14227] INFO  ha.SCMHANodeDetails (ConfUtils.java:setNodeSpecificConfigs(108)) - Setting configuration key ozone.scm.http-address with value of key ozone.scm.http-address.scm-service-test1.scmNode-2: 127.0.0.1:14232
2021-09-28 01:15:34,910 [Listener at 0.0.0.0/14227] INFO  ha.SCMHANodeDetails (ConfUtils.java:setNodeSpecificConfigs(108)) - Setting configuration key ozone.scm.https-address with value of key ozone.scm.https-address.scm-service-test1.scmNode-2: 127.0.0.1:14233
2021-09-28 01:15:34,910 [Listener at 0.0.0.0/14227] INFO  ha.SCMHANodeDetails (ConfUtils.java:setNodeSpecificConfigs(108)) - Setting configuration key ozone.scm.address with value of key ozone.scm.address.scm-service-test1.scmNode-2: 127.0.0.1
2021-09-28 01:15:34,911 [Listener at 0.0.0.0/14227] WARN  scm.ScmUtils (ScmUtils.java:logWarn(179)) - ConfigKey ozone.scm.block.client.address is deprecated, For configuring different ports for each SCM use PortConfigKey ozone.scm.block.client.port appended with serviceId and nodeId. If want to configure same port configure ozone.scm.block.client.port
2021-09-28 01:15:34,911 [Listener at 0.0.0.0/14227] WARN  scm.ScmUtils (ScmUtils.java:logWarn(179)) - ConfigKey ozone.scm.client.address is deprecated, For configuring different ports for each SCM use PortConfigKey ozone.scm.client.port appended with serviceId and nodeId. If want to configure same port configure ozone.scm.client.port
2021-09-28 01:15:34,911 [Listener at 0.0.0.0/14227] WARN  scm.ScmUtils (ScmUtils.java:logWarn(179)) - ConfigKey ozone.scm.datanode.address is deprecated, For configuring different ports for each SCM use PortConfigKey ozone.scm.datanode.port appended with serviceId and nodeId. If want to configure same port configure ozone.scm.datanode.port
2021-09-28 01:15:34,911 [Listener at 0.0.0.0/14227] WARN  server.ServerUtils (ServerUtils.java:getScmDbDir(148)) - ozone.scm.db.dirs is not configured. We recommend adding this setting. Falling back to ozone.metadata.dirs instead.
2021-09-28 01:15:34,912 [Listener at 0.0.0.0/14227] INFO  ha.SCMNodeInfo (SCMNodeInfo.java:getPort(197)) - ConfigKey ozone.scm.client.address is deprecated, For configuring different ports for each SCM use PortConfigKey ozone.scm.client.port appended with serviceId and nodeId
2021-09-28 01:15:34,913 [Listener at 0.0.0.0/14227] INFO  ha.SCMNodeInfo (SCMNodeInfo.java:getPort(197)) - ConfigKey ozone.scm.block.client.address is deprecated, For configuring different ports for each SCM use PortConfigKey ozone.scm.block.client.port appended with serviceId and nodeId
2021-09-28 01:15:34,913 [Listener at 0.0.0.0/14227] INFO  ha.SCMNodeInfo (SCMNodeInfo.java:getPort(197)) - ConfigKey ozone.scm.datanode.address is deprecated, For configuring different ports for each SCM use PortConfigKey ozone.scm.datanode.port appended with serviceId and nodeId
2021-09-28 01:15:34,913 [Listener at 0.0.0.0/14227] INFO  ha.SCMNodeInfo (SCMNodeInfo.java:getPort(197)) - ConfigKey ozone.scm.client.address is deprecated, For configuring different ports for each SCM use PortConfigKey ozone.scm.client.port appended with serviceId and nodeId
2021-09-28 01:15:34,913 [Listener at 0.0.0.0/14227] INFO  ha.SCMNodeInfo (SCMNodeInfo.java:getPort(197)) - ConfigKey ozone.scm.block.client.address is deprecated, For configuring different ports for each SCM use PortConfigKey ozone.scm.block.client.port appended with serviceId and nodeId
2021-09-28 01:15:34,913 [Listener at 0.0.0.0/14227] INFO  ha.SCMNodeInfo (SCMNodeInfo.java:getPort(197)) - ConfigKey ozone.scm.datanode.address is deprecated, For configuring different ports for each SCM use PortConfigKey ozone.scm.datanode.port appended with serviceId and nodeId
2021-09-28 01:15:34,913 [Listener at 0.0.0.0/14227] INFO  ha.SCMNodeInfo (SCMNodeInfo.java:getPort(197)) - ConfigKey ozone.scm.client.address is deprecated, For configuring different ports for each SCM use PortConfigKey ozone.scm.client.port appended with serviceId and nodeId
2021-09-28 01:15:34,913 [Listener at 0.0.0.0/14227] INFO  ha.SCMNodeInfo (SCMNodeInfo.java:getPort(197)) - ConfigKey ozone.scm.block.client.address is deprecated, For configuring different ports for each SCM use PortConfigKey ozone.scm.block.client.port appended with serviceId and nodeId
2021-09-28 01:15:34,914 [Listener at 0.0.0.0/14227] INFO  ha.SCMNodeInfo (SCMNodeInfo.java:getPort(197)) - ConfigKey ozone.scm.datanode.address is deprecated, For configuring different ports for each SCM use PortConfigKey ozone.scm.datanode.port appended with serviceId and nodeId
2021-09-28 01:15:35,366 [EndpointStateMachine task thread for /127.0.0.1:15957 - 0 ] INFO  ipc.Client (Client.java:handleConnectionFailure(977)) - Retrying connect to server: localhost/127.0.0.1:15957. Already tried 8 time(s); retry policy is RetryUpToMaximumCountWithFixedSleep(maxRetries=15, sleepTime=1000 MILLISECONDS)
2021-09-28 01:15:35,494 [EndpointStateMachine task thread for /127.0.0.1:15977 - 0 ] INFO  ipc.Client (Client.java:handleConnectionFailure(977)) - Retrying connect to server: localhost/127.0.0.1:15977. Already tried 9 time(s); retry policy is RetryUpToMaximumCountWithFixedSleep(maxRetries=15, sleepTime=1000 MILLISECONDS)
2021-09-28 01:15:35,746 [EndpointStateMachine task thread for /127.0.0.1:15967 - 0 ] INFO  ipc.Client (Client.java:handleConnectionFailure(977)) - Retrying connect to server: localhost/127.0.0.1:15967. Already tried 9 time(s); retry policy is RetryUpToMaximumCountWithFixedSleep(maxRetries=15, sleepTime=1000 MILLISECONDS)
2021-09-28 01:15:36,367 [EndpointStateMachine task thread for /127.0.0.1:15957 - 0 ] INFO  ipc.Client (Client.java:handleConnectionFailure(977)) - Retrying connect to server: localhost/127.0.0.1:15957. Already tried 9 time(s); retry policy is RetryUpToMaximumCountWithFixedSleep(maxRetries=15, sleepTime=1000 MILLISECONDS)
2021-09-28 01:15:36,495 [EndpointStateMachine task thread for /127.0.0.1:15977 - 0 ] INFO  ipc.Client (Client.java:handleConnectionFailure(977)) - Retrying connect to server: localhost/127.0.0.1:15977. Already tried 10 time(s); retry policy is RetryUpToMaximumCountWithFixedSleep(maxRetries=15, sleepTime=1000 MILLISECONDS)
2021-09-28 01:15:36,746 [EndpointStateMachine task thread for /127.0.0.1:15967 - 0 ] INFO  ipc.Client (Client.java:handleConnectionFailure(977)) - Retrying connect to server: localhost/127.0.0.1:15967. Already tried 10 time(s); retry policy is RetryUpToMaximumCountWithFixedSleep(maxRetries=15, sleepTime=1000 MILLISECONDS)
2021-09-28 01:15:36,972 [Listener at 0.0.0.0/14227] INFO  retry.RetryInvocationHandler (RetryInvocationHandler.java:log(411)) - com.google.protobuf.ServiceException: java.net.ConnectException: Call From fv-az50-883/10.1.0.25 to localhost:14236 failed on connection exception: java.net.ConnectException: Connection refused; For more details see:  http://wiki.apache.org/hadoop/ConnectionRefused, while invoking $Proxy39.send over nodeId=scmNode-2,nodeAddress=/127.0.0.1:14236 after 1 failover attempts. Trying to failover after sleeping for 2000ms.
2021-09-28 01:15:37,368 [EndpointStateMachine task thread for /127.0.0.1:15957 - 0 ] INFO  ipc.Client (Client.java:handleConnectionFailure(977)) - Retrying connect to server: localhost/127.0.0.1:15957. Already tried 10 time(s); retry policy is RetryUpToMaximumCountWithFixedSleep(maxRetries=15, sleepTime=1000 MILLISECONDS)
2021-09-28 01:15:37,496 [EndpointStateMachine task thread for /127.0.0.1:15977 - 0 ] INFO  ipc.Client (Client.java:handleConnectionFailure(977)) - Retrying connect to server: localhost/127.0.0.1:15977. Already tried 11 time(s); retry policy is RetryUpToMaximumCountWithFixedSleep(maxRetries=15, sleepTime=1000 MILLISECONDS)
2021-09-28 01:15:37,747 [EndpointStateMachine task thread for /127.0.0.1:15967 - 0 ] INFO  ipc.Client (Client.java:handleConnectionFailure(977)) - Retrying connect to server: localhost/127.0.0.1:15967. Already tried 11 time(s); retry policy is RetryUpToMaximumCountWithFixedSleep(maxRetries=15, sleepTime=1000 MILLISECONDS)
2021-09-28 01:15:38,368 [EndpointStateMachine task thread for /127.0.0.1:15957 - 0 ] INFO  ipc.Client (Client.java:handleConnectionFailure(977)) - Retrying connect to server: localhost/127.0.0.1:15957. Already tried 11 time(s); retry policy is RetryUpToMaximumCountWithFixedSleep(maxRetries=15, sleepTime=1000 MILLISECONDS)
2021-09-28 01:15:38,496 [EndpointStateMachine task thread for /127.0.0.1:15977 - 0 ] INFO  ipc.Client (Client.java:handleConnectionFailure(977)) - Retrying connect to server: localhost/127.0.0.1:15977. Already tried 12 time(s); retry policy is RetryUpToMaximumCountWithFixedSleep(maxRetries=15, sleepTime=1000 MILLISECONDS)
2021-09-28 01:15:38,747 [EndpointStateMachine task thread for /127.0.0.1:15967 - 0 ] INFO  ipc.Client (Client.java:handleConnectionFailure(977)) - Retrying connect to server: localhost/127.0.0.1:15967. Already tried 12 time(s); retry policy is RetryUpToMaximumCountWithFixedSleep(maxRetries=15, sleepTime=1000 MILLISECONDS)
2021-09-28 01:15:38,973 [Listener at 0.0.0.0/14227] INFO  retry.RetryInvocationHandler (RetryInvocationHandler.java:log(411)) - com.google.protobuf.ServiceException: java.net.ConnectException: Call From fv-az50-883/10.1.0.25 to localhost:14246 failed on connection exception: java.net.ConnectException: Connection refused; For more details see:  http://wiki.apache.org/hadoop/ConnectionRefused, while invoking $Proxy39.send over nodeId=scmNode-3,nodeAddress=/127.0.0.1:14246 after 2 failover attempts. Trying to failover after sleeping for 2000ms.
2021-09-28 01:15:39,369 [EndpointStateMachine task thread for /127.0.0.1:15957 - 0 ] INFO  ipc.Client (Client.java:handleConnectionFailure(977)) - Retrying connect to server: localhost/127.0.0.1:15957. Already tried 12 time(s); retry policy is RetryUpToMaximumCountWithFixedSleep(maxRetries=15, sleepTime=1000 MILLISECONDS)
2021-09-28 01:15:39,497 [EndpointStateMachine task thread for /127.0.0.1:15977 - 0 ] INFO  ipc.Client (Client.java:handleConnectionFailure(977)) - Retrying connect to server: localhost/127.0.0.1:15977. Already tried 13 time(s); retry policy is RetryUpToMaximumCountWithFixedSleep(maxRetries=15, sleepTime=1000 MILLISECONDS)
2021-09-28 01:15:39,550 [4b364075-9b58-4908-a5b5-f5e156ea742e@group-8E9138349E05-FollowerState] INFO  impl.FollowerState (FollowerState.java:run(134)) - 4b364075-9b58-4908-a5b5-f5e156ea742e@group-8E9138349E05-FollowerState: change to CANDIDATE, lastRpcElapsedTime:5070573488ns, electionTimeout:5057ms
2021-09-28 01:15:39,550 [4b364075-9b58-4908-a5b5-f5e156ea742e@group-8E9138349E05-FollowerState] INFO  impl.RoleInfo (RoleInfo.java:shutdownFollowerState(108)) - 4b364075-9b58-4908-a5b5-f5e156ea742e: shutdown 4b364075-9b58-4908-a5b5-f5e156ea742e@group-8E9138349E05-FollowerState
2021-09-28 01:15:39,550 [4b364075-9b58-4908-a5b5-f5e156ea742e@group-8E9138349E05-FollowerState] INFO  server.RaftServer$Division (RaftServerImpl.java:setRole(285)) - 4b364075-9b58-4908-a5b5-f5e156ea742e@group-8E9138349E05: changes role from  FOLLOWER to CANDIDATE at term 1 for changeToCandidate
2021-09-28 01:15:39,550 [4b364075-9b58-4908-a5b5-f5e156ea742e@group-8E9138349E05-FollowerState] INFO  server.RaftServerConfigKeys (ConfUtils.java:logGet(44)) - raft.server.leaderelection.pre-vote = false (custom)
2021-09-28 01:15:39,550 [4b364075-9b58-4908-a5b5-f5e156ea742e@group-8E9138349E05-FollowerState] INFO  impl.RoleInfo (RoleInfo.java:updateAndGet(130)) - 4b364075-9b58-4908-a5b5-f5e156ea742e: start 4b364075-9b58-4908-a5b5-f5e156ea742e@group-8E9138349E05-LeaderElection12
2021-09-28 01:15:39,560 [4b364075-9b58-4908-a5b5-f5e156ea742e@group-8E9138349E05-LeaderElection12] INFO  impl.LeaderElection (LeaderElection.java:askForVotes(306)) - 4b364075-9b58-4908-a5b5-f5e156ea742e@group-8E9138349E05-LeaderElection12 ELECTION round 0: submit vote requests at term 2 for 0: [4b364075-9b58-4908-a5b5-f5e156ea742e|rpc:localhost:14224|admin:|client:|dataStream:|priority:0], old=null
2021-09-28 01:15:39,560 [4b364075-9b58-4908-a5b5-f5e156ea742e@group-8E9138349E05-LeaderElection12] INFO  impl.LeaderElection (LeaderElection.java:askForVotes(308)) - 4b364075-9b58-4908-a5b5-f5e156ea742e@group-8E9138349E05-LeaderElection12 ELECTION round 0: result PASSED (term=2)
2021-09-28 01:15:39,560 [4b364075-9b58-4908-a5b5-f5e156ea742e@group-8E9138349E05-LeaderElection12] INFO  impl.RoleInfo (RoleInfo.java:shutdownLeaderElection(121)) - 4b364075-9b58-4908-a5b5-f5e156ea742e: shutdown 4b364075-9b58-4908-a5b5-f5e156ea742e@group-8E9138349E05-LeaderElection12
2021-09-28 01:15:39,560 [4b364075-9b58-4908-a5b5-f5e156ea742e@group-8E9138349E05-LeaderElection12] INFO  server.RaftServer$Division (RaftServerImpl.java:setRole(285)) - 4b364075-9b58-4908-a5b5-f5e156ea742e@group-8E9138349E05: changes role from CANDIDATE to LEADER at term 2 for changeToLeader
2021-09-28 01:15:39,560 [4b364075-9b58-4908-a5b5-f5e156ea742e@group-8E9138349E05-LeaderElection12] INFO  ha.SCMStateMachine (SCMStateMachine.java:notifyLeaderChanged(252)) - current SCM becomes leader of term 2.
2021-09-28 01:15:39,560 [4b364075-9b58-4908-a5b5-f5e156ea742e@group-8E9138349E05-LeaderElection12] INFO  ha.SCMContext (SCMContext.java:updateLeaderAndTerm(88)) - update <isLeader,term> from <false,0> to <true,2>
2021-09-28 01:15:39,560 [4b364075-9b58-4908-a5b5-f5e156ea742e@group-8E9138349E05-LeaderElection12] INFO  server.RaftServer$Division (ServerState.java:setLeader(285)) - 4b364075-9b58-4908-a5b5-f5e156ea742e@group-8E9138349E05: change Leader from null to 4b364075-9b58-4908-a5b5-f5e156ea742e at term 2 for becomeLeader, leader elected after 5214ms
2021-09-28 01:15:39,560 [4b364075-9b58-4908-a5b5-f5e156ea742e@group-8E9138349E05-LeaderElection12] INFO  server.RaftServerConfigKeys (ConfUtils.java:logGet(44)) - raft.server.staging.catchup.gap = 1000 (default)
2021-09-28 01:15:39,561 [4b364075-9b58-4908-a5b5-f5e156ea742e@group-8E9138349E05-LeaderElection12] INFO  server.RaftServerConfigKeys (ConfUtils.java:logGet(44)) - raft.server.write.element-limit = 4096 (default)
2021-09-28 01:15:39,561 [4b364075-9b58-4908-a5b5-f5e156ea742e@group-8E9138349E05-LeaderElection12] INFO  server.RaftServerConfigKeys (ConfUtils.java:logGet(44)) - raft.server.write.byte-limit = 64MB (=67108864) (default)
2021-09-28 01:15:39,561 [4b364075-9b58-4908-a5b5-f5e156ea742e@group-8E9138349E05-LeaderElection12] INFO  server.RaftServerConfigKeys (ConfUtils.java:logGet(44)) - raft.server.watch.timeout = 10s (default)
2021-09-28 01:15:39,561 [4b364075-9b58-4908-a5b5-f5e156ea742e@group-8E9138349E05-LeaderElection12] INFO  server.RaftServerConfigKeys (ConfUtils.java:logGet(44)) - raft.server.watch.timeout.denomination = 1s (default)
2021-09-28 01:15:39,561 [4b364075-9b58-4908-a5b5-f5e156ea742e@group-8E9138349E05-LeaderElection12] INFO  server.RaftServerConfigKeys (ConfUtils.java:logGet(44)) - raft.server.watch.element-limit = 65536 (default)
2021-09-28 01:15:39,561 [4b364075-9b58-4908-a5b5-f5e156ea742e@group-8E9138349E05-LeaderElection12] INFO  impl.RoleInfo (RoleInfo.java:updateAndGet(130)) - 4b364075-9b58-4908-a5b5-f5e156ea742e: start 4b364075-9b58-4908-a5b5-f5e156ea742e@group-8E9138349E05-LeaderStateImpl
2021-09-28 01:15:39,562 [4b364075-9b58-4908-a5b5-f5e156ea742e@group-8E9138349E05-LeaderElection12] INFO  segmented.SegmentedRaftLogWorker (SegmentedRaftLogWorker.java:rollLogSegment(399)) - 4b364075-9b58-4908-a5b5-f5e156ea742e@group-8E9138349E05-SegmentedRaftLogWorker: Rolling segment log-0_0 to index:0
2021-09-28 01:15:39,565 [4b364075-9b58-4908-a5b5-f5e156ea742e@group-8E9138349E05-SegmentedRaftLogWorker] INFO  segmented.SegmentedRaftLogWorker (SegmentedRaftLogWorker.java:execute(558)) - 4b364075-9b58-4908-a5b5-f5e156ea742e@group-8E9138349E05-SegmentedRaftLogWorker: Rolled log segment from /home/runner/work/ozone/ozone/hadoop-ozone/integration-test/target/test-dir/MiniOzoneClusterImpl-4882f729-1751-4fe5-a7fb-8e9138349e05/scmNode-1/scm-ha/4882f729-1751-4fe5-a7fb-8e9138349e05/current/log_inprogress_0 to /home/runner/work/ozone/ozone/hadoop-ozone/integration-test/target/test-dir/MiniOzoneClusterImpl-4882f729-1751-4fe5-a7fb-8e9138349e05/scmNode-1/scm-ha/4882f729-1751-4fe5-a7fb-8e9138349e05/current/log_0-0
2021-09-28 01:15:39,567 [4b364075-9b58-4908-a5b5-f5e156ea742e@group-8E9138349E05-SegmentedRaftLogWorker] INFO  segmented.SegmentedRaftLogWorker (SegmentedRaftLogWorker.java:execute(601)) - 4b364075-9b58-4908-a5b5-f5e156ea742e@group-8E9138349E05-SegmentedRaftLogWorker: created new log segment /home/runner/work/ozone/ozone/hadoop-ozone/integration-test/target/test-dir/MiniOzoneClusterImpl-4882f729-1751-4fe5-a7fb-8e9138349e05/scmNode-1/scm-ha/4882f729-1751-4fe5-a7fb-8e9138349e05/current/log_inprogress_1
2021-09-28 01:15:39,571 [4b364075-9b58-4908-a5b5-f5e156ea742e@group-8E9138349E05-LeaderElection12] INFO  server.RaftServer$Division (ServerState.java:setRaftConf(387)) - 4b364075-9b58-4908-a5b5-f5e156ea742e@group-8E9138349E05: set configuration 1: [4b364075-9b58-4908-a5b5-f5e156ea742e|rpc:localhost:14224|admin:|client:|dataStream:|priority:0], old=null
2021-09-28 01:15:39,575 [4b364075-9b58-4908-a5b5-f5e156ea742e@group-8E9138349E05-StateMachineUpdater] INFO  ha.SCMContext (SCMContext.java:setLeaderReady(115)) - update <isLeaderReady> from <false> to <true>
2021-09-28 01:15:39,582 [4b364075-9b58-4908-a5b5-f5e156ea742e@group-8E9138349E05-StateMachineUpdater] INFO  pipeline.BackgroundPipelineCreator (BackgroundPipelineCreatorV2.java:notifyStatusChanged(264)) - Service BackgroundPipelineCreator transitions to RUNNING.
2021-09-28 01:15:39,586 [4b364075-9b58-4908-a5b5-f5e156ea742e@group-8E9138349E05-StateMachineUpdater] INFO  safemode.HealthyPipelineSafeModeRule (HealthyPipelineSafeModeRule.java:initializeRule(152)) - Refreshed total pipeline count is 0, healthy pipeline threshold count is 1
2021-09-28 01:15:39,587 [4b364075-9b58-4908-a5b5-f5e156ea742e@group-8E9138349E05-StateMachineUpdater] INFO  safemode.ContainerSafeModeRule (ContainerSafeModeRule.java:reInitializeRule(177)) - Refreshed one replica container threshold 0, currentThreshold 0
2021-09-28 01:15:39,587 [4b364075-9b58-4908-a5b5-f5e156ea742e@group-8E9138349E05-StateMachineUpdater] INFO  safemode.OneReplicaPipelineSafeModeRule (OneReplicaPipelineSafeModeRule.java:initializeRule(176)) - Refreshed Total pipeline count is 0, pipeline's with at least one datanode reported threshold count is 0
2021-09-28 01:15:39,587 [4b364075-9b58-4908-a5b5-f5e156ea742e@group-8E9138349E05-StateMachineUpdater] INFO  server.SCMDatanodeProtocolServer (SCMDatanodeProtocolServer.java:start(181)) - RPC server for DataNodes is listening at /0.0.0.0:14225
2021-09-28 01:15:39,595 [IPC Server listener on 14225] INFO  ipc.Server (Server.java:run(1344)) - IPC Server listener on 14225: starting
2021-09-28 01:15:39,634 [IPC Server Responder] INFO  ipc.Server (Server.java:run(1507)) - IPC Server Responder: starting
2021-09-28 01:15:39,748 [EndpointStateMachine task thread for /127.0.0.1:15967 - 0 ] INFO  ipc.Client (Client.java:handleConnectionFailure(977)) - Retrying connect to server: localhost/127.0.0.1:15967. Already tried 13 time(s); retry policy is RetryUpToMaximumCountWithFixedSleep(maxRetries=15, sleepTime=1000 MILLISECONDS)
2021-09-28 01:15:40,370 [EndpointStateMachine task thread for /127.0.0.1:15957 - 0 ] INFO  ipc.Client (Client.java:handleConnectionFailure(977)) - Retrying connect to server: localhost/127.0.0.1:15957. Already tried 13 time(s); retry policy is RetryUpToMaximumCountWithFixedSleep(maxRetries=15, sleepTime=1000 MILLISECONDS)
2021-09-28 01:15:40,498 [EndpointStateMachine task thread for /127.0.0.1:15977 - 0 ] INFO  ipc.Client (Client.java:handleConnectionFailure(977)) - Retrying connect to server: localhost/127.0.0.1:15977. Already tried 14 time(s); retry policy is RetryUpToMaximumCountWithFixedSleep(maxRetries=15, sleepTime=1000 MILLISECONDS)
2021-09-28 01:15:40,749 [EndpointStateMachine task thread for /127.0.0.1:15967 - 0 ] INFO  ipc.Client (Client.java:handleConnectionFailure(977)) - Retrying connect to server: localhost/127.0.0.1:15967. Already tried 14 time(s); retry policy is RetryUpToMaximumCountWithFixedSleep(maxRetries=15, sleepTime=1000 MILLISECONDS)
2021-09-28 01:15:40,978 [Listener at 0.0.0.0/14227] INFO  server.StorageContainerManager (StorageContainerManager.java:scmBootstrap(963)) - SCM BootStrap  is successful for ClusterID 4882f729-1751-4fe5-a7fb-8e9138349e05, SCMID 1970bdcd-bd96-4495-88a5-6eaf9ec039da
2021-09-28 01:15:40,978 [Listener at 0.0.0.0/14227] INFO  server.StorageContainerManager (StorageContainerManager.java:scmBootstrap(965)) - Primary SCM Node ID 4b364075-9b58-4908-a5b5-f5e156ea742e
2021-09-28 01:15:40,978 [Listener at 0.0.0.0/14227] INFO  ha.SCMHANodeDetails (SCMHANodeDetails.java:loadSCMHAConfig(157)) - ServiceID for StorageContainerManager is scm-service-test1
2021-09-28 01:15:40,978 [Listener at 0.0.0.0/14227] INFO  ha.SCMHANodeDetails (SCMHANodeDetails.java:loadSCMHAConfig(168)) - ServiceID for StorageContainerManager is scm-service-test1
2021-09-28 01:15:40,978 [Listener at 0.0.0.0/14227] WARN  scm.ScmUtils (ScmUtils.java:logWarn(179)) - ConfigKey ozone.scm.block.client.address is deprecated, For configuring different ports for each SCM use PortConfigKey ozone.scm.block.client.port appended with serviceId and nodeId. If want to configure same port configure ozone.scm.block.client.port
2021-09-28 01:15:40,979 [Listener at 0.0.0.0/14227] WARN  scm.ScmUtils (ScmUtils.java:logWarn(179)) - ConfigKey ozone.scm.client.address is deprecated, For configuring different ports for each SCM use PortConfigKey ozone.scm.client.port appended with serviceId and nodeId. If want to configure same port configure ozone.scm.client.port
2021-09-28 01:15:40,979 [Listener at 0.0.0.0/14227] WARN  scm.ScmUtils (ScmUtils.java:logWarn(179)) - ConfigKey ozone.scm.datanode.address is deprecated, For configuring different ports for each SCM use PortConfigKey ozone.scm.datanode.port appended with serviceId and nodeId. If want to configure same port configure ozone.scm.datanode.port
2021-09-28 01:15:40,979 [Listener at 0.0.0.0/14227] WARN  scm.ScmUtils (ScmUtils.java:logWarn(179)) - ConfigKey ozone.scm.block.client.address is deprecated, For configuring different ports for each SCM use PortConfigKey ozone.scm.block.client.port appended with serviceId and nodeId. If want to configure same port configure ozone.scm.block.client.port
2021-09-28 01:15:40,979 [Listener at 0.0.0.0/14227] WARN  scm.ScmUtils (ScmUtils.java:logWarn(179)) - ConfigKey ozone.scm.client.address is deprecated, For configuring different ports for each SCM use PortConfigKey ozone.scm.client.port appended with serviceId and nodeId. If want to configure same port configure ozone.scm.client.port
2021-09-28 01:15:40,980 [Listener at 0.0.0.0/14227] WARN  scm.ScmUtils (ScmUtils.java:logWarn(179)) - ConfigKey ozone.scm.datanode.address is deprecated, For configuring different ports for each SCM use PortConfigKey ozone.scm.datanode.port appended with serviceId and nodeId. If want to configure same port configure ozone.scm.datanode.port
2021-09-28 01:15:40,980 [Listener at 0.0.0.0/14227] INFO  ha.SCMHANodeDetails (SCMHANodeDetails.java:loadSCMHAConfig(250)) - Found matching SCM address with SCMServiceId: scm-service-test1, SCMNodeId: scmNode-2, RPC Address: localhost:14234 and Ratis port: 14234
2021-09-28 01:15:40,980 [Listener at 0.0.0.0/14227] INFO  ha.SCMHANodeDetails (ConfUtils.java:setNodeSpecificConfigs(108)) - Setting configuration key ozone.scm.datanode.address with value of key ozone.scm.datanode.address.scm-service-test1.scmNode-2: 127.0.0.1:14235
2021-09-28 01:15:40,980 [Listener at 0.0.0.0/14227] INFO  ha.SCMHANodeDetails (ConfUtils.java:setNodeSpecificConfigs(108)) - Setting configuration key ozone.scm.block.client.address with value of key ozone.scm.block.client.address.scm-service-test1.scmNode-2: 127.0.0.1:14236
2021-09-28 01:15:40,980 [Listener at 0.0.0.0/14227] INFO  ha.SCMHANodeDetails (ConfUtils.java:setNodeSpecificConfigs(108)) - Setting configuration key ozone.scm.client.address with value of key ozone.scm.client.address.scm-service-test1.scmNode-2: 127.0.0.1:14237
2021-09-28 01:15:40,981 [Listener at 0.0.0.0/14227] INFO  ha.SCMHANodeDetails (ConfUtils.java:setNodeSpecificConfigs(108)) - Setting configuration key ozone.scm.ratis.port with value of key ozone.scm.ratis.port.scm-service-test1.scmNode-2: 14234
2021-09-28 01:15:40,981 [Listener at 0.0.0.0/14227] INFO  ha.SCMHANodeDetails (ConfUtils.java:setNodeSpecificConfigs(108)) - Setting configuration key ozone.scm.grpc.port with value of key ozone.scm.grpc.port.scm-service-test1.scmNode-2: 14238
2021-09-28 01:15:40,981 [Listener at 0.0.0.0/14227] INFO  ha.SCMHANodeDetails (ConfUtils.java:setNodeSpecificConfigs(108)) - Setting configuration key ozone.scm.http-address with value of key ozone.scm.http-address.scm-service-test1.scmNode-2: 127.0.0.1:14232
2021-09-28 01:15:40,981 [Listener at 0.0.0.0/14227] INFO  ha.SCMHANodeDetails (ConfUtils.java:setNodeSpecificConfigs(108)) - Setting configuration key ozone.scm.https-address with value of key ozone.scm.https-address.scm-service-test1.scmNode-2: 127.0.0.1:14233
2021-09-28 01:15:40,981 [Listener at 0.0.0.0/14227] INFO  ha.SCMHANodeDetails (ConfUtils.java:setNodeSpecificConfigs(108)) - Setting configuration key ozone.scm.address with value of key ozone.scm.address.scm-service-test1.scmNode-2: 127.0.0.1
2021-09-28 01:15:40,981 [Listener at 0.0.0.0/14227] WARN  scm.ScmUtils (ScmUtils.java:logWarn(179)) - ConfigKey ozone.scm.block.client.address is deprecated, For configuring different ports for each SCM use PortConfigKey ozone.scm.block.client.port appended with serviceId and nodeId. If want to configure same port configure ozone.scm.block.client.port
2021-09-28 01:15:40,981 [Listener at 0.0.0.0/14227] WARN  scm.ScmUtils (ScmUtils.java:logWarn(179)) - ConfigKey ozone.scm.client.address is deprecated, For configuring different ports for each SCM use PortConfigKey ozone.scm.client.port appended with serviceId and nodeId. If want to configure same port configure ozone.scm.client.port
2021-09-28 01:15:40,982 [Listener at 0.0.0.0/14227] WARN  scm.ScmUtils (ScmUtils.java:logWarn(179)) - ConfigKey ozone.scm.datanode.address is deprecated, For configuring different ports for each SCM use PortConfigKey ozone.scm.datanode.port appended with serviceId and nodeId. If want to configure same port configure ozone.scm.datanode.port
2021-09-28 01:15:40,983 [Listener at 0.0.0.0/14227] WARN  server.ServerUtils (ServerUtils.java:getScmDbDir(148)) - ozone.scm.db.dirs is not configured. We recommend adding this setting. Falling back to ozone.metadata.dirs instead.
2021-09-28 01:15:40,983 [Listener at 0.0.0.0/14227] INFO  upgrade.AbstractLayoutVersionManager (AbstractLayoutVersionManager.java:init(79)) - Initializing Layout version manager with metadata layout = SCM_HA (version = 2), software layout = SCM_HA (version = 2)
2021-09-28 01:15:41,103 [Listener at 0.0.0.0/14227] INFO  reflections.Reflections (Reflections.java:scan(232)) - Reflections took 119 ms to scan 7 urls, producing 119 keys and 275 values 
2021-09-28 01:15:41,106 [Listener at 0.0.0.0/14227] WARN  utils.HAUtils (HAUtils.java:getMetaDir(342)) - ozone.scm.db.dirs is not configured. We recommend adding this setting. Falling back to ozone.metadata.dirs instead.
2021-09-28 01:15:41,115 [Listener at 0.0.0.0/14227] WARN  db.DBStoreBuilder (DBStoreBuilder.java:applyDBDefinition(145)) - ozone.scm.db.dirs is not configured. We recommend adding this setting. Falling back to ozone.metadata.dirs instead.
2021-09-28 01:15:41,282 [Listener at 0.0.0.0/14227] INFO  net.NodeSchemaLoader (NodeSchemaLoader.java:loadSchemaFromFile(129)) - Loading schema from [jar:file:/home/runner/.m2/repository/org/apache/ozone/hdds-common/1.2.0-SNAPSHOT/hdds-common-1.2.0-SNAPSHOT.jar!/network-topology-default.xml]
2021-09-28 01:15:41,290 [Listener at 0.0.0.0/14227] INFO  net.NodeSchemaLoader (NodeSchemaLoader.java:loadSchema(176)) - Loading network topology layer schema file
2021-09-28 01:15:41,301 [Listener at 0.0.0.0/14227] WARN  impl.MetricRegistriesImpl (MetricRegistriesImpl.java:addReporterRegistration(111)) - New reporters are added after registries were created. Some metrics will be missing from the reporter. Please add reporter before adding any new registry.
2021-09-28 01:15:41,301 [Listener at 0.0.0.0/14227] WARN  impl.MetricRegistriesImpl (MetricRegistriesImpl.java:addReporterRegistration(111)) - New reporters are added after registries were created. Some metrics will be missing from the reporter. Please add reporter before adding any new registry.
2021-09-28 01:15:41,302 [Listener at 0.0.0.0/14227] INFO  ha.SCMRatisServerImpl (SCMRatisServerImpl.java:<init>(87)) - starting Raft server for scm:1970bdcd-bd96-4495-88a5-6eaf9ec039da
2021-09-28 01:15:41,306 [Listener at 0.0.0.0/14227] INFO  server.RaftServer (ConfUtils.java:logGet(44)) - raft.rpc.type = GRPC (default)
2021-09-28 01:15:41,307 [Listener at 0.0.0.0/14227] INFO  grpc.GrpcFactory (GrpcFactory.java:checkPooledByteBufAllocatorUseCacheForAllThreads(48)) - PERFORMANCE WARNING: useCacheForAllThreads is true that may cause Netty to create a lot garbage objects and, as a result, trigger GC.
	It is recommended to disable useCacheForAllThreads by setting -Dorg.apache.ratis.thirdparty.io.netty.allocator.useCacheForAllThreads=false in command line.
2021-09-28 01:15:41,307 [Listener at 0.0.0.0/14227] INFO  grpc.GrpcConfigKeys (ConfUtils.java:logGet(44)) - raft.grpc.admin.port = -1 (default)
2021-09-28 01:15:41,307 [Listener at 0.0.0.0/14227] INFO  grpc.GrpcConfigKeys (ConfUtils.java:logGet(44)) - raft.grpc.server.port = 14234 (custom)
2021-09-28 01:15:41,307 [Listener at 0.0.0.0/14227] INFO  grpc.GrpcConfigKeys (ConfUtils.java:logGet(44)) - raft.grpc.client.port = -1 (default)
2021-09-28 01:15:41,308 [Listener at 0.0.0.0/14227] INFO  grpc.GrpcConfigKeys (ConfUtils.java:logGet(44)) - raft.grpc.server.port = 14234 (custom)
2021-09-28 01:15:41,308 [Listener at 0.0.0.0/14227] INFO  grpc.GrpcConfigKeys (ConfUtils.java:logGet(44)) - raft.grpc.server.port = 14234 (custom)
2021-09-28 01:15:41,308 [Listener at 0.0.0.0/14227] INFO  server.GrpcService (ConfUtils.java:logGet(44)) - raft.grpc.message.size.max = 32m (=33554432) (custom)
2021-09-28 01:15:41,308 [Listener at 0.0.0.0/14227] INFO  server.RaftServerConfigKeys (ConfUtils.java:logGet(44)) - raft.server.log.appender.buffer.byte-limit = 33554432 (custom)
2021-09-28 01:15:41,308 [Listener at 0.0.0.0/14227] INFO  server.GrpcService (ConfUtils.java:logGet(44)) - raft.grpc.flow.control.window = 1MB (=1048576) (default)
2021-09-28 01:15:41,309 [Listener at 0.0.0.0/14227] INFO  server.RaftServerConfigKeys (ConfUtils.java:logGet(44)) - raft.server.rpc.request.timeout = 30000ms (custom)
2021-09-28 01:15:41,310 [Listener at 0.0.0.0/14227] INFO  impl.DataStreamServerImpl (ConfUtils.java:logGet(44)) - raft.datastream.type = DISABLED (default)
2021-09-28 01:15:41,324 [Listener at 0.0.0.0/14227] INFO  server.RaftServerConfigKeys (ConfUtils.java:logGet(44)) - raft.server.rpc.slowness.timeout = 120000ms (custom)
2021-09-28 01:15:41,324 [Listener at 0.0.0.0/14227] INFO  server.RaftServerConfigKeys (ConfUtils.java:logGet(44)) - raft.server.leaderelection.leader.step-down.wait-time = 10s (default)
2021-09-28 01:15:41,325 [Listener at 0.0.0.0/14227] INFO  server.RaftServerConfigKeys (ConfUtils.java:logGet(44)) - raft.server.storage.dir = [/home/runner/work/ozone/ozone/hadoop-ozone/integration-test/target/test-dir/MiniOzoneClusterImpl-4882f729-1751-4fe5-a7fb-8e9138349e05/scmNode-2/scm-ha] (custom)
2021-09-28 01:15:41,336 [Listener at 0.0.0.0/14227] INFO  server.RaftServer (RaftServerProxy.java:addNew(95)) - 1970bdcd-bd96-4495-88a5-6eaf9ec039da: addNew group-8E9138349E05:[] returns group-8E9138349E05:java.util.concurrent.CompletableFuture@5f80ae28[Not completed]
2021-09-28 01:15:41,342 [pool-208-thread-1] INFO  server.RaftServer$Division (RaftServerImpl.java:<init>(181)) - 1970bdcd-bd96-4495-88a5-6eaf9ec039da: new RaftServerImpl for group-8E9138349E05:[] with SCMStateMachine:uninitialized
2021-09-28 01:15:41,350 [pool-208-thread-1] INFO  server.RaftServerConfigKeys (ConfUtils.java:logGet(44)) - raft.server.rpc.timeout.min = 5000ms (custom)
2021-09-28 01:15:41,350 [pool-208-thread-1] INFO  server.RaftServerConfigKeys (ConfUtils.java:logGet(44)) - raft.server.rpc.timeout.max = 5200ms (custom)
2021-09-28 01:15:41,350 [pool-208-thread-1] INFO  server.RaftServerConfigKeys (ConfUtils.java:logGet(44)) - raft.server.rpc.sleep.time = 25ms (default)
2021-09-28 01:15:41,350 [pool-208-thread-1] INFO  server.RaftServerConfigKeys (ConfUtils.java:logGet(44)) - raft.server.rpc.slowness.timeout = 120000ms (custom)
2021-09-28 01:15:41,350 [pool-208-thread-1] INFO  server.RaftServerConfigKeys (ConfUtils.java:logGet(44)) - raft.server.leaderelection.leader.step-down.wait-time = 10s (default)
2021-09-28 01:15:41,350 [pool-208-thread-1] INFO  server.RaftServerConfigKeys (ConfUtils.java:logGet(44)) - raft.server.sleep.deviation.threshold = 300ms (default)
2021-09-28 01:15:41,350 [pool-208-thread-1] INFO  server.RaftServerConfigKeys (ConfUtils.java:logGet(44)) - raft.server.log.appender.install.snapshot.enabled = false (custom)
2021-09-28 01:15:41,350 [pool-208-thread-1] INFO  server.RaftServer$Division (ServerState.java:<init>(105)) - 1970bdcd-bd96-4495-88a5-6eaf9ec039da@group-8E9138349E05: ConfigurationManager, init=-1: [], old=null, confs=<EMPTY_MAP>
2021-09-28 01:15:41,350 [pool-208-thread-1] INFO  server.RaftServerConfigKeys (ConfUtils.java:logGet(44)) - raft.server.storage.dir = [/home/runner/work/ozone/ozone/hadoop-ozone/integration-test/target/test-dir/MiniOzoneClusterImpl-4882f729-1751-4fe5-a7fb-8e9138349e05/scmNode-2/scm-ha] (custom)
2021-09-28 01:15:41,350 [pool-208-thread-1] INFO  server.RaftServerConfigKeys (ConfUtils.java:logGet(44)) - raft.server.log.corruption.policy = EXCEPTION (default)
2021-09-28 01:15:41,350 [pool-208-thread-1] INFO  server.RaftServerConfigKeys (ConfUtils.java:logGet(44)) - raft.server.storage.free-space.min = 0MB (=0) (default)
2021-09-28 01:15:41,350 [pool-208-thread-1] INFO  storage.RaftStorageDirectory (RaftStorageDirectoryImpl.java:analyzeStorage(135)) - The storage directory /home/runner/work/ozone/ozone/hadoop-ozone/integration-test/target/test-dir/MiniOzoneClusterImpl-4882f729-1751-4fe5-a7fb-8e9138349e05/scmNode-2/scm-ha/4882f729-1751-4fe5-a7fb-8e9138349e05 does not exist. Creating ...
2021-09-28 01:15:41,353 [pool-208-thread-1] INFO  storage.RaftStorageDirectory (RaftStorageDirectoryImpl.java:tryLock(230)) - Lock on /home/runner/work/ozone/ozone/hadoop-ozone/integration-test/target/test-dir/MiniOzoneClusterImpl-4882f729-1751-4fe5-a7fb-8e9138349e05/scmNode-2/scm-ha/4882f729-1751-4fe5-a7fb-8e9138349e05/in_use.lock acquired by nodename 14119@fv-az50-883
2021-09-28 01:15:41,356 [pool-208-thread-1] INFO  storage.RaftStorage (RaftStorageImpl.java:format(89)) - Storage directory /home/runner/work/ozone/ozone/hadoop-ozone/integration-test/target/test-dir/MiniOzoneClusterImpl-4882f729-1751-4fe5-a7fb-8e9138349e05/scmNode-2/scm-ha/4882f729-1751-4fe5-a7fb-8e9138349e05 has been successfully formatted.
2021-09-28 01:15:41,356 [pool-208-thread-1] INFO  server.RaftServerConfigKeys (ConfUtils.java:logGet(44)) - raft.server.notification.no-leader.timeout = 60s (default)
2021-09-28 01:15:41,356 [pool-208-thread-1] INFO  server.RaftServerConfigKeys (ConfUtils.java:logGet(44)) - raft.server.log.use.memory = false (default)
2021-09-28 01:15:41,356 [pool-208-thread-1] INFO  server.RaftServerConfigKeys (ConfUtils.java:logGet(44)) - raft.server.log.purge.gap = 5 (custom)
2021-09-28 01:15:41,356 [pool-208-thread-1] INFO  server.RaftServerConfigKeys (ConfUtils.java:logGet(44)) - raft.server.log.appender.buffer.byte-limit = 33554432 (custom)
2021-09-28 01:15:41,356 [pool-208-thread-1] INFO  server.RaftServerConfigKeys (ConfUtils.java:logGet(44)) - raft.server.log.segment.size.max = 16384 (custom)
2021-09-28 01:15:41,357 [pool-208-thread-1] INFO  server.RaftServerConfigKeys (ConfUtils.java:logGet(44)) - raft.server.log.segment.cache.num.max = 2 (custom)
2021-09-28 01:15:41,357 [pool-208-thread-1] INFO  server.RaftServerConfigKeys (ConfUtils.java:logGet(44)) - raft.server.log.segment.cache.size.max = 200MB (=209715200) (default)
2021-09-28 01:15:41,357 [pool-208-thread-1] INFO  segmented.SegmentedRaftLogWorker (SegmentedRaftLogWorker.java:<init>(182)) - new 1970bdcd-bd96-4495-88a5-6eaf9ec039da@group-8E9138349E05-SegmentedRaftLogWorker for RaftStorageImpl:Storage Directory /home/runner/work/ozone/ozone/hadoop-ozone/integration-test/target/test-dir/MiniOzoneClusterImpl-4882f729-1751-4fe5-a7fb-8e9138349e05/scmNode-2/scm-ha/4882f729-1751-4fe5-a7fb-8e9138349e05
2021-09-28 01:15:41,357 [pool-208-thread-1] INFO  server.RaftServerConfigKeys (ConfUtils.java:logGet(44)) - raft.server.log.queue.byte-limit = 64MB (=67108864) (default)
2021-09-28 01:15:41,357 [pool-208-thread-1] INFO  server.RaftServerConfigKeys (ConfUtils.java:logGet(44)) - raft.server.log.queue.element-limit = 4096 (default)
2021-09-28 01:15:41,357 [pool-208-thread-1] INFO  server.RaftServerConfigKeys (ConfUtils.java:logGet(44)) - raft.server.log.segment.size.max = 16384 (custom)
2021-09-28 01:15:41,357 [pool-208-thread-1] INFO  server.RaftServerConfigKeys (ConfUtils.java:logGet(44)) - raft.server.log.preallocated.size = 16384 (custom)
2021-09-28 01:15:41,357 [pool-208-thread-1] INFO  server.RaftServerConfigKeys (ConfUtils.java:logGet(44)) - raft.server.log.force.sync.num = 128 (default)
2021-09-28 01:15:41,357 [pool-208-thread-1] INFO  server.RaftServerConfigKeys (ConfUtils.java:logGet(44)) - raft.server.log.statemachine.data.sync = true (default)
2021-09-28 01:15:41,357 [pool-208-thread-1] INFO  server.RaftServerConfigKeys (ConfUtils.java:logGet(44)) - raft.server.log.statemachine.data.sync.timeout = 10s (default)
2021-09-28 01:15:41,357 [pool-208-thread-1] INFO  server.RaftServerConfigKeys (ConfUtils.java:logGet(44)) - raft.server.log.statemachine.data.sync.timeout.retry = -1 (default)
2021-09-28 01:15:41,358 [pool-208-thread-1] INFO  server.RaftServerConfigKeys (ConfUtils.java:logGet(44)) - raft.server.log.write.buffer.size = 64KB (=65536) (default)
2021-09-28 01:15:41,358 [pool-208-thread-1] INFO  server.RaftServerConfigKeys (ConfUtils.java:logGet(44)) - raft.server.log.statemachine.data.caching.enabled = false (default)
2021-09-28 01:15:41,359 [pool-208-thread-1] INFO  segmented.SegmentedRaftLogWorker (SegmentedRaftLogWorker.java:lambda$new$0(133)) - 1970bdcd-bd96-4495-88a5-6eaf9ec039da@group-8E9138349E05-SegmentedRaftLogWorker: flushIndex: setUnconditionally 0 -> -1
2021-09-28 01:15:41,359 [pool-208-thread-1] INFO  segmented.SegmentedRaftLogWorker (SegmentedRaftLogWorker.java:lambda$new$0(133)) - 1970bdcd-bd96-4495-88a5-6eaf9ec039da@group-8E9138349E05-SegmentedRaftLogWorker: safeCacheEvictIndex: setUnconditionally 0 -> -1
2021-09-28 01:15:41,362 [pool-208-thread-1] INFO  server.RaftServerConfigKeys (ConfUtils.java:logGet(44)) - raft.server.snapshot.auto.trigger.enabled = true (custom)
2021-09-28 01:15:41,362 [pool-208-thread-1] INFO  server.RaftServerConfigKeys (ConfUtils.java:logGet(44)) - raft.server.snapshot.auto.trigger.threshold = 5 (custom)
2021-09-28 01:15:41,362 [pool-208-thread-1] INFO  server.RaftServerConfigKeys (ConfUtils.java:logGet(44)) - raft.server.snapshot.retention.file.num = -1 (default)
2021-09-28 01:15:41,362 [pool-208-thread-1] INFO  server.RaftServerConfigKeys (ConfUtils.java:logGet(44)) - raft.server.log.purge.upto.snapshot.index = true (custom)
2021-09-28 01:15:41,362 [pool-208-thread-1] INFO  server.RaftServerConfigKeys (ConfUtils.java:logGet(44)) - raft.server.retrycache.expirytime = 60000ms (default)
2021-09-28 01:15:41,362 [pool-208-thread-1] INFO  server.RaftServerConfigKeys (ConfUtils.java:logGet(44)) - raft.server.retrycache.statistics.expirytime = 100μs (default)
2021-09-28 01:15:41,365 [Listener at 0.0.0.0/14227] INFO  ha.SCMSnapshotProvider (SCMSnapshotProvider.java:<init>(66)) - Initializing SCM Snapshot Provider
2021-09-28 01:15:41,365 [Listener at 0.0.0.0/14227] WARN  server.ServerUtils (ServerUtils.java:getDefaultRatisDirectory(237)) - Storage directory for Ratis is not configured. It is a good idea to map this to an SSD disk. Falling back to ozone.metadata.dirs
2021-09-28 01:15:41,365 [Listener at 0.0.0.0/14227] WARN  ha.SCMHAUtils (SCMHAUtils.java:getSCMRatisSnapshotDirectory(146)) - SCM snapshot dir is not configured. Falling back to ozone.metadata.dirs config
2021-09-28 01:15:41,367 [Listener at 0.0.0.0/14227] INFO  ha.SequenceIdGenerator (SequenceIdGenerator.java:upgradeToSequenceId(327)) - upgrade localId to 107544261427200000
2021-09-28 01:15:41,367 [Listener at 0.0.0.0/14227] INFO  ha.SequenceIdGenerator (SequenceIdGenerator.java:upgradeToSequenceId(337)) - upgrade delTxnId to 0
2021-09-28 01:15:41,367 [Listener at 0.0.0.0/14227] INFO  ha.SequenceIdGenerator (SequenceIdGenerator.java:upgradeToSequenceId(351)) - upgrade containerId to 0
2021-09-28 01:15:41,367 [Listener at 0.0.0.0/14227] INFO  ha.SequenceIdGenerator (SequenceIdGenerator.java:<init>(217)) - Init the HA SequenceIdGenerator.
2021-09-28 01:15:41,368 [Listener at 0.0.0.0/14227] WARN  server.ServerUtils (ServerUtils.java:sanitizeUserArgs(73)) - ozone.scm.stale.node.interval value = 300000 is larger than max = 100000 based on the key value of ozone.scm.heartbeat.thread.interval, reset to the max value 100000.
2021-09-28 01:15:41,368 [Listener at 0.0.0.0/14227] WARN  server.ServerUtils (ServerUtils.java:sanitizeUserArgs(73)) - ozone.scm.stale.node.interval value = 300000 is larger than max = 100000 based on the key value of ozone.scm.heartbeat.thread.interval, reset to the max value 100000.
2021-09-28 01:15:41,370 [EndpointStateMachine task thread for /127.0.0.1:15957 - 0 ] INFO  ipc.Client (Client.java:handleConnectionFailure(977)) - Retrying connect to server: localhost/127.0.0.1:15957. Already tried 14 time(s); retry policy is RetryUpToMaximumCountWithFixedSleep(maxRetries=15, sleepTime=1000 MILLISECONDS)
2021-09-28 01:15:41,371 [Listener at 0.0.0.0/14227] INFO  node.SCMNodeManager (SCMNodeManager.java:<init>(144)) - Entering startup safe mode.
2021-09-28 01:15:41,371 [Listener at 0.0.0.0/14227] INFO  algorithms.ContainerPlacementPolicyFactory (ContainerPlacementPolicyFactory.java:getPolicy(60)) - Create container placement policy of type org.apache.hadoop.hdds.scm.container.placement.algorithms.SCMContainerPlacementRandom
2021-09-28 01:15:41,372 [Listener at 0.0.0.0/14227] INFO  pipeline.PipelineStateManager (PipelineStateManagerV2Impl.java:initialize(78)) - No pipeline exists in current db
2021-09-28 01:15:41,372 [Listener at 0.0.0.0/14227] INFO  algorithms.LeaderChoosePolicyFactory (LeaderChoosePolicyFactory.java:getPolicy(57)) - Create leader choose policy of type org.apache.hadoop.hdds.scm.pipeline.leader.choose.algorithms.MinLeaderCountChoosePolicy
2021-09-28 01:15:41,373 [Listener at 0.0.0.0/14227] INFO  ha.SCMServiceManager (SCMServiceManager.java:register(43)) - Registering service BackgroundPipelineCreator.
2021-09-28 01:15:41,373 [Listener at 0.0.0.0/14227] INFO  pipeline.BackgroundPipelineCreator (BackgroundPipelineCreatorV2.java:start(130)) - Starting RatisPipelineUtilsThread.
2021-09-28 01:15:41,378 [Listener at 0.0.0.0/14227] INFO  algorithms.PipelineChoosePolicyFactory (PipelineChoosePolicyFactory.java:createPipelineChoosePolicyFromClass(73)) - Create pipeline choose policy of type org.apache.hadoop.hdds.scm.pipeline.choose.algorithms.RandomPipelineChoosePolicy
2021-09-28 01:15:41,378 [Listener at 0.0.0.0/14227] INFO  ha.SCMServiceManager (SCMServiceManager.java:register(43)) - Registering service SCMBlockDeletingService.
2021-09-28 01:15:41,379 [Listener at 0.0.0.0/14227] INFO  ha.SCMServiceManager (SCMServiceManager.java:register(43)) - Registering service ReplicationManager.
2021-09-28 01:15:41,379 [Listener at 0.0.0.0/14227] INFO  container.ReplicationManager (ReplicationManager.java:start(319)) - Starting Replication Monitor Thread.
2021-09-28 01:15:41,386 [Listener at 0.0.0.0/14227] INFO  safemode.ContainerSafeModeRule (ContainerSafeModeRule.java:<init>(89)) - containers with one replica threshold count 0
2021-09-28 01:15:41,387 [Listener at 0.0.0.0/14227] INFO  safemode.HealthyPipelineSafeModeRule (HealthyPipelineSafeModeRule.java:initializeRule(156)) - Total pipeline count is 0, healthy pipeline threshold count is 1
2021-09-28 01:15:41,387 [Listener at 0.0.0.0/14227] INFO  safemode.OneReplicaPipelineSafeModeRule (OneReplicaPipelineSafeModeRule.java:initializeRule(180)) - Total pipeline count is 0, pipeline's with at least one datanode reported threshold count is 0
2021-09-28 01:15:41,390 [Listener at 0.0.0.0/14227] INFO  ipc.CallQueueManager (CallQueueManager.java:<init>(90)) - Using callQueue: class java.util.concurrent.LinkedBlockingQueue, queueCapacity: 2000, scheduler: class org.apache.hadoop.ipc.DefaultRpcScheduler, ipcBackoff: false.
2021-09-28 01:15:41,406 [Socket Reader #1 for port 14235] INFO  ipc.Server (Server.java:run(1265)) - Starting Socket Reader #1 for port 14235
2021-09-28 01:15:41,415 [Listener at 0.0.0.0/14235] INFO  ipc.CallQueueManager (CallQueueManager.java:<init>(90)) - Using callQueue: class java.util.concurrent.LinkedBlockingQueue, queueCapacity: 2000, scheduler: class org.apache.hadoop.ipc.DefaultRpcScheduler, ipcBackoff: false.
2021-09-28 01:15:41,423 [Socket Reader #1 for port 14236] INFO  ipc.Server (Server.java:run(1265)) - Starting Socket Reader #1 for port 14236
2021-09-28 01:15:41,446 [Listener at 0.0.0.0/14236] INFO  ipc.CallQueueManager (CallQueueManager.java:<init>(90)) - Using callQueue: class java.util.concurrent.LinkedBlockingQueue, queueCapacity: 2000, scheduler: class org.apache.hadoop.ipc.DefaultRpcScheduler, ipcBackoff: false.
2021-09-28 01:15:41,453 [Socket Reader #1 for port 14237] INFO  ipc.Server (Server.java:run(1265)) - Starting Socket Reader #1 for port 14237
2021-09-28 01:15:41,490 [ReplicationMonitor] INFO  container.ReplicationManager (ReplicationManager.java:processAll(371)) - Replication Monitor Thread took 0 milliseconds for processing 0 containers.
2021-09-28 01:15:41,501 [EndpointStateMachine task thread for /127.0.0.1:15977 - 0 ] INFO  ipc.Client (Client.java:handleConnectionFailure(977)) - Retrying connect to server: localhost/127.0.0.1:15977. Already tried 0 time(s); retry policy is RetryUpToMaximumCountWithFixedSleep(maxRetries=15, sleepTime=1000 MILLISECONDS)
2021-09-28 01:15:41,554 [Listener at 0.0.0.0/14237] INFO  algorithms.ContainerPlacementPolicyFactory (ContainerPlacementPolicyFactory.java:getPolicy(60)) - Create container placement policy of type org.apache.hadoop.hdds.scm.container.placement.algorithms.SCMContainerPlacementRandom
2021-09-28 01:15:41,555 [Listener at 0.0.0.0/14237] INFO  server.StorageContainerManager (StorageContainerManager.java:<init>(387)) - 
Container Balancer status:
Key                            Value
Running                        false
Container Balancer Configuration values:
Key                                                Value
Threshold                                          0.1
Max Datanodes to Involve per Iteration(ratio)      0.5
Max Size to Move per Iteration                     10737418240B

2021-09-28 01:15:41,555 [Listener at 0.0.0.0/14237] WARN  events.EventQueue (EventQueue.java:fireEvent(194)) - No event handler registered for event TypedEvent{payloadType=SafeModeStatus, name='Safe mode status'}
2021-09-28 01:15:41,555 [Listener at 0.0.0.0/14237] INFO  ha.SCMContext (SCMContext.java:updateSafeModeStatus(205)) - Update SafeModeStatus from SafeModeStatus{safeModeStatus=true, preCheckPassed=false} to SafeModeStatus{safeModeStatus=true, preCheckPassed=false}.
2021-09-28 01:15:41,556 [Listener at 0.0.0.0/14237] INFO  server.StorageContainerManager (StorageContainerManager.java:start(1279)) - StorageContainerLocationProtocol RPC server is listening at /0.0.0.0:14237
2021-09-28 01:15:41,556 [Listener at 0.0.0.0/14237] INFO  ha.SCMRatisServerImpl (SCMRatisServerImpl.java:start(177)) - starting ratis server 0.0.0.0:14234
2021-09-28 01:15:41,556 [Listener at 0.0.0.0/14237] INFO  server.RaftServer$Division (RaftServerImpl.java:start(299)) - 1970bdcd-bd96-4495-88a5-6eaf9ec039da@group-8E9138349E05: start with initializing state, conf=-1: [], old=null
2021-09-28 01:15:41,556 [Listener at 0.0.0.0/14237] INFO  server.RaftServer$Division (RaftServerImpl.java:setRole(285)) - 1970bdcd-bd96-4495-88a5-6eaf9ec039da@group-8E9138349E05: changes role from      null to FOLLOWER at term 0 for startInitializing
2021-09-28 01:15:41,557 [Listener at 0.0.0.0/14237] INFO  util.JmxRegister (JmxRegister.java:tryRegister(44)) - Successfully registered JMX Bean with object name Ratis:service=RaftServer,group=group-8E9138349E05,id=1970bdcd-bd96-4495-88a5-6eaf9ec039da
2021-09-28 01:15:41,567 [Listener at 0.0.0.0/14237] INFO  server.RaftServer (RaftServerProxy.java:lambda$start$5(374)) - 1970bdcd-bd96-4495-88a5-6eaf9ec039da: start RPC server
2021-09-28 01:15:41,568 [Listener at 0.0.0.0/14237] INFO  server.GrpcService (GrpcService.java:startImpl(253)) - 1970bdcd-bd96-4495-88a5-6eaf9ec039da: GrpcService started, listening on 14234
2021-09-28 01:15:41,568 [org.apache.ratis.util.JvmPauseMonitor$$Lambda$499/1893987183@25a4c88a] INFO  util.JvmPauseMonitor (JvmPauseMonitor.java:run(103)) - JvmPauseMonitor-1970bdcd-bd96-4495-88a5-6eaf9ec039da: Started
2021-09-28 01:15:41,570 [Listener at 0.0.0.0/14237] INFO  ha.SCMNodeInfo (SCMNodeInfo.java:getPort(197)) - ConfigKey ozone.scm.client.address is deprecated, For configuring different ports for each SCM use PortConfigKey ozone.scm.client.port appended with serviceId and nodeId
2021-09-28 01:15:41,570 [Listener at 0.0.0.0/14237] INFO  ha.SCMNodeInfo (SCMNodeInfo.java:getPort(197)) - ConfigKey ozone.scm.block.client.address is deprecated, For configuring different ports for each SCM use PortConfigKey ozone.scm.block.client.port appended with serviceId and nodeId
2021-09-28 01:15:41,570 [Listener at 0.0.0.0/14237] INFO  ha.SCMNodeInfo (SCMNodeInfo.java:getPort(197)) - ConfigKey ozone.scm.datanode.address is deprecated, For configuring different ports for each SCM use PortConfigKey ozone.scm.datanode.port appended with serviceId and nodeId
2021-09-28 01:15:41,570 [Listener at 0.0.0.0/14237] INFO  ha.SCMNodeInfo (SCMNodeInfo.java:getPort(197)) - ConfigKey ozone.scm.client.address is deprecated, For configuring different ports for each SCM use PortConfigKey ozone.scm.client.port appended with serviceId and nodeId
2021-09-28 01:15:41,570 [Listener at 0.0.0.0/14237] INFO  ha.SCMNodeInfo (SCMNodeInfo.java:getPort(197)) - ConfigKey ozone.scm.block.client.address is deprecated, For configuring different ports for each SCM use PortConfigKey ozone.scm.block.client.port appended with serviceId and nodeId
2021-09-28 01:15:41,571 [Listener at 0.0.0.0/14237] INFO  ha.SCMNodeInfo (SCMNodeInfo.java:getPort(197)) - ConfigKey ozone.scm.datanode.address is deprecated, For configuring different ports for each SCM use PortConfigKey ozone.scm.datanode.port appended with serviceId and nodeId
2021-09-28 01:15:41,571 [Listener at 0.0.0.0/14237] INFO  ha.SCMNodeInfo (SCMNodeInfo.java:getPort(197)) - ConfigKey ozone.scm.client.address is deprecated, For configuring different ports for each SCM use PortConfigKey ozone.scm.client.port appended with serviceId and nodeId
2021-09-28 01:15:41,571 [Listener at 0.0.0.0/14237] INFO  ha.SCMNodeInfo (SCMNodeInfo.java:getPort(197)) - ConfigKey ozone.scm.block.client.address is deprecated, For configuring different ports for each SCM use PortConfigKey ozone.scm.block.client.port appended with serviceId and nodeId
2021-09-28 01:15:41,571 [Listener at 0.0.0.0/14237] INFO  ha.SCMNodeInfo (SCMNodeInfo.java:getPort(197)) - ConfigKey ozone.scm.datanode.address is deprecated, For configuring different ports for each SCM use PortConfigKey ozone.scm.datanode.port appended with serviceId and nodeId
2021-09-28 01:15:41,587 [IPC Server handler 2 on default port 14226] INFO  ha.SCMRatisServerImpl (SCMRatisServerImpl.java:addSCM(291)) - 4b364075-9b58-4908-a5b5-f5e156ea742e: Submitting SetConfiguration request to Ratis server with new SCM peers list: [4b364075-9b58-4908-a5b5-f5e156ea742e|rpc:localhost:14224|admin:|client:|dataStream:|priority:0, 1970bdcd-bd96-4495-88a5-6eaf9ec039da|rpc:localhost:14234|priority:0]
2021-09-28 01:15:41,587 [IPC Server handler 2 on default port 14226] INFO  server.RaftServer$Division (RaftServerImpl.java:setConfigurationAsync(971)) - 4b364075-9b58-4908-a5b5-f5e156ea742e@group-8E9138349E05: receive setConfiguration SetConfigurationRequest:client-3EC03755EDE8->4b364075-9b58-4908-a5b5-f5e156ea742e@group-8E9138349E05, cid=0, seq=0, RW, null, peers:[4b364075-9b58-4908-a5b5-f5e156ea742e|rpc:localhost:14224|admin:|client:|dataStream:|priority:0, 1970bdcd-bd96-4495-88a5-6eaf9ec039da|rpc:localhost:14234|priority:0]
2021-09-28 01:15:41,587 [IPC Server handler 2 on default port 14226] INFO  server.RaftServer$Division (LeaderStateImpl.java:startSetConfiguration(345)) - 4b364075-9b58-4908-a5b5-f5e156ea742e@group-8E9138349E05-LeaderStateImpl: startSetConfiguration SetConfigurationRequest:client-3EC03755EDE8->4b364075-9b58-4908-a5b5-f5e156ea742e@group-8E9138349E05, cid=0, seq=0, RW, null, peers:[4b364075-9b58-4908-a5b5-f5e156ea742e|rpc:localhost:14224|admin:|client:|dataStream:|priority:0, 1970bdcd-bd96-4495-88a5-6eaf9ec039da|rpc:localhost:14234|priority:0]
2021-09-28 01:15:41,588 [IPC Server handler 2 on default port 14226] INFO  server.RaftServerConfigKeys (ConfUtils.java:logGet(44)) - raft.server.log.appender.snapshot.chunk.size.max = 16MB (=16777216) (default)
2021-09-28 01:15:41,588 [IPC Server handler 2 on default port 14226] INFO  server.RaftServerConfigKeys (ConfUtils.java:logGet(44)) - raft.server.log.appender.buffer.byte-limit = 33554432 (custom)
2021-09-28 01:15:41,588 [IPC Server handler 2 on default port 14226] INFO  server.RaftServerConfigKeys (ConfUtils.java:logGet(44)) - raft.server.log.appender.buffer.element-limit = 1024 (custom)
2021-09-28 01:15:41,589 [IPC Server handler 2 on default port 14226] INFO  grpc.GrpcConfigKeys (ConfUtils.java:logGet(44)) - raft.grpc.server.leader.outstanding.appends.max = 128 (default)
2021-09-28 01:15:41,589 [IPC Server handler 2 on default port 14226] INFO  server.RaftServerConfigKeys (ConfUtils.java:logGet(44)) - raft.server.rpc.request.timeout = 30000ms (custom)
2021-09-28 01:15:41,589 [IPC Server handler 2 on default port 14226] INFO  server.RaftServerConfigKeys (ConfUtils.java:logGet(44)) - raft.server.log.appender.install.snapshot.enabled = false (custom)
2021-09-28 01:15:41,654 [grpc-default-executor-1] INFO  ha.SCMStateMachine (SCMStateMachine.java:notifyLeaderChanged(248)) - leader changed, yet current SCM is still follower.
2021-09-28 01:15:41,655 [grpc-default-executor-1] INFO  server.RaftServer$Division (ServerState.java:setLeader(285)) - 1970bdcd-bd96-4495-88a5-6eaf9ec039da@group-8E9138349E05: change Leader from null to 4b364075-9b58-4908-a5b5-f5e156ea742e at term 2 for appendEntries, leader elected after 298ms
2021-09-28 01:15:41,655 [grpc-default-executor-1] INFO  impl.RoleInfo (RoleInfo.java:updateAndGet(130)) - 1970bdcd-bd96-4495-88a5-6eaf9ec039da: start 1970bdcd-bd96-4495-88a5-6eaf9ec039da@group-8E9138349E05-FollowerState
2021-09-28 01:15:41,682 [grpc-default-executor-1] INFO  server.RaftServer$Division (ServerState.java:setRaftConf(387)) - 1970bdcd-bd96-4495-88a5-6eaf9ec039da@group-8E9138349E05: set configuration 0: [4b364075-9b58-4908-a5b5-f5e156ea742e|rpc:localhost:14224|admin:|client:|dataStream:|priority:0], old=null
2021-09-28 01:15:41,682 [grpc-default-executor-1] INFO  server.RaftServer$Division (ServerState.java:setRaftConf(387)) - 1970bdcd-bd96-4495-88a5-6eaf9ec039da@group-8E9138349E05: set configuration 1: [4b364075-9b58-4908-a5b5-f5e156ea742e|rpc:localhost:14224|admin:|client:|dataStream:|priority:0], old=null
2021-09-28 01:15:41,682 [grpc-default-executor-1] INFO  segmented.SegmentedRaftLogWorker (SegmentedRaftLogWorker.java:startLogSegment(394)) - 1970bdcd-bd96-4495-88a5-6eaf9ec039da@group-8E9138349E05-SegmentedRaftLogWorker: Starting segment from index:0
2021-09-28 01:15:41,682 [grpc-default-executor-1] INFO  segmented.SegmentedRaftLogWorker (SegmentedRaftLogWorker.java:rollLogSegment(399)) - 1970bdcd-bd96-4495-88a5-6eaf9ec039da@group-8E9138349E05-SegmentedRaftLogWorker: Rolling segment log-0_0 to index:0
2021-09-28 01:15:41,689 [1970bdcd-bd96-4495-88a5-6eaf9ec039da@group-8E9138349E05-SegmentedRaftLogWorker] INFO  segmented.SegmentedRaftLogWorker (SegmentedRaftLogWorker.java:execute(601)) - 1970bdcd-bd96-4495-88a5-6eaf9ec039da@group-8E9138349E05-SegmentedRaftLogWorker: created new log segment /home/runner/work/ozone/ozone/hadoop-ozone/integration-test/target/test-dir/MiniOzoneClusterImpl-4882f729-1751-4fe5-a7fb-8e9138349e05/scmNode-2/scm-ha/4882f729-1751-4fe5-a7fb-8e9138349e05/current/log_inprogress_0
2021-09-28 01:15:41,691 [1970bdcd-bd96-4495-88a5-6eaf9ec039da@group-8E9138349E05-SegmentedRaftLogWorker] INFO  segmented.SegmentedRaftLogWorker (SegmentedRaftLogWorker.java:execute(558)) - 1970bdcd-bd96-4495-88a5-6eaf9ec039da@group-8E9138349E05-SegmentedRaftLogWorker: Rolled log segment from /home/runner/work/ozone/ozone/hadoop-ozone/integration-test/target/test-dir/MiniOzoneClusterImpl-4882f729-1751-4fe5-a7fb-8e9138349e05/scmNode-2/scm-ha/4882f729-1751-4fe5-a7fb-8e9138349e05/current/log_inprogress_0 to /home/runner/work/ozone/ozone/hadoop-ozone/integration-test/target/test-dir/MiniOzoneClusterImpl-4882f729-1751-4fe5-a7fb-8e9138349e05/scmNode-2/scm-ha/4882f729-1751-4fe5-a7fb-8e9138349e05/current/log_0-0
2021-09-28 01:15:41,695 [1970bdcd-bd96-4495-88a5-6eaf9ec039da@group-8E9138349E05-SegmentedRaftLogWorker] INFO  segmented.SegmentedRaftLogWorker (SegmentedRaftLogWorker.java:execute(601)) - 1970bdcd-bd96-4495-88a5-6eaf9ec039da@group-8E9138349E05-SegmentedRaftLogWorker: created new log segment /home/runner/work/ozone/ozone/hadoop-ozone/integration-test/target/test-dir/MiniOzoneClusterImpl-4882f729-1751-4fe5-a7fb-8e9138349e05/scmNode-2/scm-ha/4882f729-1751-4fe5-a7fb-8e9138349e05/current/log_inprogress_1
2021-09-28 01:15:41,741 [1970bdcd-bd96-4495-88a5-6eaf9ec039da@group-8E9138349E05-StateMachineUpdater] INFO  safemode.HealthyPipelineSafeModeRule (HealthyPipelineSafeModeRule.java:initializeRule(152)) - Refreshed total pipeline count is 0, healthy pipeline threshold count is 1
2021-09-28 01:15:41,741 [1970bdcd-bd96-4495-88a5-6eaf9ec039da@group-8E9138349E05-StateMachineUpdater] INFO  safemode.ContainerSafeModeRule (ContainerSafeModeRule.java:reInitializeRule(177)) - Refreshed one replica container threshold 0, currentThreshold 0
2021-09-28 01:15:41,741 [1970bdcd-bd96-4495-88a5-6eaf9ec039da@group-8E9138349E05-StateMachineUpdater] INFO  safemode.OneReplicaPipelineSafeModeRule (OneReplicaPipelineSafeModeRule.java:initializeRule(176)) - Refreshed Total pipeline count is 0, pipeline's with at least one datanode reported threshold count is 0
2021-09-28 01:15:41,741 [1970bdcd-bd96-4495-88a5-6eaf9ec039da@group-8E9138349E05-StateMachineUpdater] INFO  server.SCMDatanodeProtocolServer (SCMDatanodeProtocolServer.java:start(181)) - RPC server for DataNodes is listening at /0.0.0.0:14235
2021-09-28 01:15:41,743 [4b364075-9b58-4908-a5b5-f5e156ea742e@group-8E9138349E05-LeaderStateImpl] INFO  server.RaftServer$Division (ServerState.java:setRaftConf(387)) - 4b364075-9b58-4908-a5b5-f5e156ea742e@group-8E9138349E05: set configuration 3: [1970bdcd-bd96-4495-88a5-6eaf9ec039da|rpc:localhost:14234|priority:0, 4b364075-9b58-4908-a5b5-f5e156ea742e|rpc:localhost:14224|admin:|client:|dataStream:|priority:0], old=[4b364075-9b58-4908-a5b5-f5e156ea742e|rpc:localhost:14224|admin:|client:|dataStream:|priority:0]
2021-09-28 01:15:41,744 [grpc-default-executor-1] INFO  server.RaftServer$Division (ServerState.java:setRaftConf(387)) - 1970bdcd-bd96-4495-88a5-6eaf9ec039da@group-8E9138349E05: set configuration 3: [1970bdcd-bd96-4495-88a5-6eaf9ec039da|rpc:localhost:14234|admin:|client:|dataStream:|priority:0, 4b364075-9b58-4908-a5b5-f5e156ea742e|rpc:localhost:14224|admin:|client:|dataStream:|priority:0], old=[4b364075-9b58-4908-a5b5-f5e156ea742e|rpc:localhost:14224|admin:|client:|dataStream:|priority:0]
2021-09-28 01:15:41,747 [4b364075-9b58-4908-a5b5-f5e156ea742e@group-8E9138349E05-LeaderStateImpl] INFO  server.RaftServer$Division (ServerState.java:setRaftConf(387)) - 4b364075-9b58-4908-a5b5-f5e156ea742e@group-8E9138349E05: set configuration 5: [1970bdcd-bd96-4495-88a5-6eaf9ec039da|rpc:localhost:14234|priority:0, 4b364075-9b58-4908-a5b5-f5e156ea742e|rpc:localhost:14224|admin:|client:|dataStream:|priority:0], old=null
2021-09-28 01:15:41,748 [grpc-default-executor-1] INFO  server.RaftServer$Division (ServerState.java:setRaftConf(387)) - 1970bdcd-bd96-4495-88a5-6eaf9ec039da@group-8E9138349E05: set configuration 5: [1970bdcd-bd96-4495-88a5-6eaf9ec039da|rpc:localhost:14234|admin:|client:|dataStream:|priority:0, 4b364075-9b58-4908-a5b5-f5e156ea742e|rpc:localhost:14224|admin:|client:|dataStream:|priority:0], old=null
2021-09-28 01:15:41,750 [IPC Server handler 2 on default port 14226] INFO  ha.SCMRatisServerImpl (SCMRatisServerImpl.java:addSCM(302)) - Successfully added new SCM: 1970bdcd-bd96-4495-88a5-6eaf9ec039da.
2021-09-28 01:15:41,751 [4b364075-9b58-4908-a5b5-f5e156ea742e@group-8E9138349E05-StateMachineUpdater] INFO  ha.SCMStateMachine (SCMStateMachine.java:takeSnapshot(290)) - Current Snapshot Index 5, takeSnapshot took 0 ms
2021-09-28 01:15:41,751 [4b364075-9b58-4908-a5b5-f5e156ea742e@group-8E9138349E05-StateMachineUpdater] INFO  impl.StateMachineUpdater (StateMachineUpdater.java:takeSnapshot(281)) - 4b364075-9b58-4908-a5b5-f5e156ea742e@group-8E9138349E05-StateMachineUpdater: Took a snapshot at index 5
2021-09-28 01:15:41,751 [4b364075-9b58-4908-a5b5-f5e156ea742e@group-8E9138349E05-StateMachineUpdater] INFO  impl.StateMachineUpdater (StateMachineUpdater.java:lambda$new$0(89)) - 4b364075-9b58-4908-a5b5-f5e156ea742e@group-8E9138349E05-StateMachineUpdater: snapshotIndex: updateIncreasingly -1 -> 5
2021-09-28 01:15:41,751 [Listener at 0.0.0.0/14237] INFO  ha.SCMHAManagerImpl (SCMHAManagerImpl.java:start(116)) - Successfully added SCM scmNode-2 to group group-8E9138349E05:[1970bdcd-bd96-4495-88a5-6eaf9ec039da|rpc:localhost:14234|admin:|client:|dataStream:|priority:0, 4b364075-9b58-4908-a5b5-f5e156ea742e|rpc:localhost:14224|admin:|client:|dataStream:|priority:0]
2021-09-28 01:15:41,751 [Listener at 0.0.0.0/14237] INFO  ha.InterSCMGrpcService (InterSCMGrpcProtocolService.java:start(94)) - Starting SCM Grpc Service at port 14238
2021-09-28 01:15:41,751 [4b364075-9b58-4908-a5b5-f5e156ea742e@group-8E9138349E05-StateMachineUpdater] INFO  raftlog.RaftLog (RaftLogBase.java:purge(306)) - 4b364075-9b58-4908-a5b5-f5e156ea742e@group-8E9138349E05-SegmentedRaftLog: purge 5
2021-09-28 01:15:41,752 [4b364075-9b58-4908-a5b5-f5e156ea742e@group-8E9138349E05-StateMachineUpdater] INFO  raftlog.RaftLog (RaftLogBase.java:lambda$new$0(53)) - 4b364075-9b58-4908-a5b5-f5e156ea742e@group-8E9138349E05-SegmentedRaftLog: snapshotIndex: updateIncreasingly -1 -> 5
2021-09-28 01:15:41,752 [EndpointStateMachine task thread for /127.0.0.1:15967 - 0 ] INFO  ipc.Client (Client.java:handleConnectionFailure(977)) - Retrying connect to server: localhost/127.0.0.1:15967. Already tried 0 time(s); retry policy is RetryUpToMaximumCountWithFixedSleep(maxRetries=15, sleepTime=1000 MILLISECONDS)
2021-09-28 01:15:41,752 [4b364075-9b58-4908-a5b5-f5e156ea742e@group-8E9138349E05-SegmentedRaftLogWorker] INFO  raftlog.RaftLog (RaftLogBase.java:lambda$new$0(53)) - 4b364075-9b58-4908-a5b5-f5e156ea742e@group-8E9138349E05-SegmentedRaftLog: purgeIndex: updateToMax old=-1, new=0, updated? true
2021-09-28 01:15:41,754 [Listener at 0.0.0.0/14237] INFO  impl.MetricsSystemImpl (MetricsSystemImpl.java:init(158)) - StorageContainerManager metrics system started (again)
2021-09-28 01:15:41,762 [IPC Server listener on 14235] INFO  ipc.Server (Server.java:run(1344)) - IPC Server listener on 14235: starting
2021-09-28 01:15:41,770 [IPC Server Responder] INFO  ipc.Server (Server.java:run(1507)) - IPC Server Responder: starting
2021-09-28 01:15:41,790 [1970bdcd-bd96-4495-88a5-6eaf9ec039da@group-8E9138349E05-StateMachineUpdater] INFO  ha.SCMStateMachine (SCMStateMachine.java:takeSnapshot(290)) - Current Snapshot Index 5, takeSnapshot took 0 ms
2021-09-28 01:15:41,790 [1970bdcd-bd96-4495-88a5-6eaf9ec039da@group-8E9138349E05-StateMachineUpdater] INFO  impl.StateMachineUpdater (StateMachineUpdater.java:takeSnapshot(281)) - 1970bdcd-bd96-4495-88a5-6eaf9ec039da@group-8E9138349E05-StateMachineUpdater: Took a snapshot at index 5
2021-09-28 01:15:41,790 [1970bdcd-bd96-4495-88a5-6eaf9ec039da@group-8E9138349E05-StateMachineUpdater] INFO  impl.StateMachineUpdater (StateMachineUpdater.java:lambda$new$0(89)) - 1970bdcd-bd96-4495-88a5-6eaf9ec039da@group-8E9138349E05-StateMachineUpdater: snapshotIndex: updateIncreasingly -1 -> 5
2021-09-28 01:15:41,790 [1970bdcd-bd96-4495-88a5-6eaf9ec039da@group-8E9138349E05-StateMachineUpdater] INFO  raftlog.RaftLog (RaftLogBase.java:purge(306)) - 1970bdcd-bd96-4495-88a5-6eaf9ec039da@group-8E9138349E05-SegmentedRaftLog: purge 5
2021-09-28 01:15:41,790 [1970bdcd-bd96-4495-88a5-6eaf9ec039da@group-8E9138349E05-StateMachineUpdater] INFO  raftlog.RaftLog (RaftLogBase.java:lambda$new$0(53)) - 1970bdcd-bd96-4495-88a5-6eaf9ec039da@group-8E9138349E05-SegmentedRaftLog: snapshotIndex: updateIncreasingly -1 -> 5
2021-09-28 01:15:41,791 [1970bdcd-bd96-4495-88a5-6eaf9ec039da@group-8E9138349E05-SegmentedRaftLogWorker] INFO  raftlog.RaftLog (RaftLogBase.java:lambda$new$0(53)) - 1970bdcd-bd96-4495-88a5-6eaf9ec039da@group-8E9138349E05-SegmentedRaftLog: purgeIndex: updateToMax old=-1, new=0, updated? true
2021-09-28 01:15:41,808 [Listener at 0.0.0.0/14237] INFO  server.SCMClientProtocolServer (SCMClientProtocolServer.java:start(164)) - RPC server for Client  is listening at /0.0.0.0:14237
2021-09-28 01:15:41,822 [IPC Server Responder] INFO  ipc.Server (Server.java:run(1507)) - IPC Server Responder: starting
2021-09-28 01:15:41,837 [Listener at 0.0.0.0/14237] INFO  server.StorageContainerManager (StorageContainerManager.java:start(1294)) - ScmBlockLocationProtocol RPC server is listening at /0.0.0.0:14236
2021-09-28 01:15:41,837 [Listener at 0.0.0.0/14237] INFO  server.SCMBlockProtocolServer (SCMBlockProtocolServer.java:start(151)) - RPC server for Block Protocol is listening at /0.0.0.0:14236
2021-09-28 01:15:41,838 [IPC Server Responder] INFO  ipc.Server (Server.java:run(1507)) - IPC Server Responder: starting
2021-09-28 01:15:41,838 [IPC Server listener on 14236] INFO  ipc.Server (Server.java:run(1344)) - IPC Server listener on 14236: starting
2021-09-28 01:15:41,844 [Listener at 0.0.0.0/14237] INFO  server.StorageContainerManager (StorageContainerManager.java:start(1300)) - ScmDatanodeProtocl RPC server is listening at /0.0.0.0:14235
2021-09-28 01:15:41,846 [IPC Server listener on 14237] INFO  ipc.Server (Server.java:run(1344)) - IPC Server listener on 14237: starting
2021-09-28 01:15:41,860 [Listener at 0.0.0.0/14237] INFO  http.BaseHttpServer (BaseHttpServer.java:newHttpServer2BuilderForOzone(209)) - Starting Web-server for scm at: http://0.0.0.0:14232
2021-09-28 01:15:41,860 [Listener at 0.0.0.0/14237] INFO  http.BaseHttpServer (BaseHttpServer.java:<init>(107)) - Hadoop Security Enabled: false Ozone Security Enabled: false Ozone HTTP Security Enabled: false 
2021-09-28 01:15:41,862 [org.apache.hadoop.util.JvmPauseMonitor$Monitor@438237b8] INFO  util.JvmPauseMonitor (JvmPauseMonitor.java:run(188)) - Starting JVM pause monitor
2021-09-28 01:15:41,862 [Listener at 0.0.0.0/14237] INFO  server.AuthenticationFilter (AuthenticationFilter.java:constructSecretProvider(240)) - Unable to initialize FileSignerSecretProvider, falling back to use random secrets.
2021-09-28 01:15:41,877 [Listener at 0.0.0.0/14237] WARN  http.HttpRequestLog (HttpRequestLog.java:getRequestLog(103)) - Jetty request log can only be enabled using Log4j
2021-09-28 01:15:41,878 [Listener at 0.0.0.0/14237] INFO  http.HttpServer2 (HttpServer2.java:addGlobalFilter(1030)) - Added global filter 'safety' (class=org.apache.hadoop.hdds.server.http.HttpServer2$QuotingInputFilter)
2021-09-28 01:15:41,879 [Listener at 0.0.0.0/14237] INFO  http.HttpServer2 (HttpServer2.java:addFilter(1006)) - Added filter static_user_filter (class=org.apache.hadoop.http.lib.StaticUserWebFilter$StaticUserFilter) to context scm
2021-09-28 01:15:41,879 [Listener at 0.0.0.0/14237] INFO  http.HttpServer2 (HttpServer2.java:addFilter(1014)) - Added filter static_user_filter (class=org.apache.hadoop.http.lib.StaticUserWebFilter$StaticUserFilter) to context static
2021-09-28 01:15:41,879 [Listener at 0.0.0.0/14237] INFO  http.HttpServer2 (HttpServer2.java:addFilter(1014)) - Added filter static_user_filter (class=org.apache.hadoop.http.lib.StaticUserWebFilter$StaticUserFilter) to context logs
2021-09-28 01:15:41,880 [Listener at 0.0.0.0/14237] INFO  http.HttpServer2 (HttpServer2.java:bindListener(1249)) - Jetty bound to port 14232
2021-09-28 01:15:41,880 [Listener at 0.0.0.0/14237] INFO  server.Server (Server.java:doStart(375)) - jetty-9.4.43.v20210629; built: 2021-06-30T11:07:22.254Z; git: 526006ecfa3af7f1a27ef3a288e2bef7ea9dd7e8; jvm 1.8.0_292-b10
2021-09-28 01:15:41,895 [Listener at 0.0.0.0/14237] INFO  server.session (DefaultSessionIdManager.java:doStart(334)) - DefaultSessionIdManager workerName=node0
2021-09-28 01:15:41,895 [Listener at 0.0.0.0/14237] INFO  server.session (DefaultSessionIdManager.java:doStart(339)) - No SessionScavenger set, using defaults
2021-09-28 01:15:41,895 [Listener at 0.0.0.0/14237] INFO  server.session (HouseKeeper.java:startScavenging(132)) - node0 Scavenging every 600000ms
2021-09-28 01:15:41,896 [Listener at 0.0.0.0/14237] INFO  handler.ContextHandler (ContextHandler.java:doStart(915)) - Started o.e.j.s.ServletContextHandler@64238d9a{logs,/logs,file:///home/runner/work/ozone/ozone/hadoop-ozone/integration-test/target/log,AVAILABLE}
2021-09-28 01:15:41,897 [Listener at 0.0.0.0/14237] INFO  handler.ContextHandler (ContextHandler.java:doStart(915)) - Started o.e.j.s.ServletContextHandler@50b8504b{static,/static,file:///home/runner/work/ozone/ozone/hadoop-ozone/integration-test/target/test-classes/webapps/static,AVAILABLE}
2021-09-28 01:15:41,910 [Listener at 0.0.0.0/14237] INFO  handler.ContextHandler (ContextHandler.java:doStart(915)) - Started o.e.j.w.WebAppContext@397b4878{scm,/,file:///home/runner/work/ozone/ozone/hadoop-ozone/integration-test/target/test-classes/webapps/scm/,AVAILABLE}{file:/home/runner/work/ozone/ozone/hadoop-ozone/integration-test/target/test-classes/webapps/scm}
2021-09-28 01:15:41,912 [Listener at 0.0.0.0/14237] INFO  server.AbstractConnector (AbstractConnector.java:doStart(331)) - Started ServerConnector@55e492ed{HTTP/1.1, (http/1.1)}{0.0.0.0:14232}
2021-09-28 01:15:41,912 [Listener at 0.0.0.0/14237] INFO  server.Server (Server.java:doStart(415)) - Started @79115ms
2021-09-28 01:15:41,912 [Listener at 0.0.0.0/14237] WARN  impl.MetricsSystemImpl (MetricsSystemImpl.java:register(279)) - Sink prometheus already exists!
2021-09-28 01:15:41,913 [Listener at 0.0.0.0/14237] INFO  http.BaseHttpServer (BaseHttpServer.java:updateConnectorAddress(329)) - HTTP server of scm listening at http://0.0.0.0:14232
2021-09-28 01:15:41,913 [Listener at 0.0.0.0/14237] INFO  ozone.MiniOzoneHAClusterImpl (MiniOzoneHAClusterImpl.java:createSCMService(564)) - Started SCM RPC server at org.apache.hadoop.hdds.scm.server.SCMClientProtocolServer@3fc6ae7b
2021-09-28 01:15:41,914 [Listener at 0.0.0.0/14237] INFO  ha.SCMHANodeDetails (SCMHANodeDetails.java:loadSCMHAConfig(157)) - ServiceID for StorageContainerManager is scm-service-test1
2021-09-28 01:15:41,914 [Listener at 0.0.0.0/14237] INFO  ha.SCMHANodeDetails (SCMHANodeDetails.java:loadSCMHAConfig(168)) - ServiceID for StorageContainerManager is scm-service-test1
2021-09-28 01:15:41,914 [Listener at 0.0.0.0/14237] WARN  scm.ScmUtils (ScmUtils.java:logWarn(179)) - ConfigKey ozone.scm.block.client.address is deprecated, For configuring different ports for each SCM use PortConfigKey ozone.scm.block.client.port appended with serviceId and nodeId. If want to configure same port configure ozone.scm.block.client.port
2021-09-28 01:15:41,918 [Listener at 0.0.0.0/14237] WARN  scm.ScmUtils (ScmUtils.java:logWarn(179)) - ConfigKey ozone.scm.client.address is deprecated, For configuring different ports for each SCM use PortConfigKey ozone.scm.client.port appended with serviceId and nodeId. If want to configure same port configure ozone.scm.client.port
2021-09-28 01:15:41,918 [Listener at 0.0.0.0/14237] WARN  scm.ScmUtils (ScmUtils.java:logWarn(179)) - ConfigKey ozone.scm.datanode.address is deprecated, For configuring different ports for each SCM use PortConfigKey ozone.scm.datanode.port appended with serviceId and nodeId. If want to configure same port configure ozone.scm.datanode.port
2021-09-28 01:15:41,918 [Listener at 0.0.0.0/14237] WARN  scm.ScmUtils (ScmUtils.java:logWarn(179)) - ConfigKey ozone.scm.block.client.address is deprecated, For configuring different ports for each SCM use PortConfigKey ozone.scm.block.client.port appended with serviceId and nodeId. If want to configure same port configure ozone.scm.block.client.port
2021-09-28 01:15:41,919 [Listener at 0.0.0.0/14237] WARN  scm.ScmUtils (ScmUtils.java:logWarn(179)) - ConfigKey ozone.scm.client.address is deprecated, For configuring different ports for each SCM use PortConfigKey ozone.scm.client.port appended with serviceId and nodeId. If want to configure same port configure ozone.scm.client.port
2021-09-28 01:15:41,919 [Listener at 0.0.0.0/14237] WARN  scm.ScmUtils (ScmUtils.java:logWarn(179)) - ConfigKey ozone.scm.datanode.address is deprecated, For configuring different ports for each SCM use PortConfigKey ozone.scm.datanode.port appended with serviceId and nodeId. If want to configure same port configure ozone.scm.datanode.port
2021-09-28 01:15:41,919 [Listener at 0.0.0.0/14237] INFO  ha.SCMHANodeDetails (SCMHANodeDetails.java:loadSCMHAConfig(250)) - Found matching SCM address with SCMServiceId: scm-service-test1, SCMNodeId: scmNode-3, RPC Address: localhost:14244 and Ratis port: 14244
2021-09-28 01:15:41,919 [Listener at 0.0.0.0/14237] INFO  ha.SCMHANodeDetails (ConfUtils.java:setNodeSpecificConfigs(108)) - Setting configuration key ozone.scm.datanode.address with value of key ozone.scm.datanode.address.scm-service-test1.scmNode-3: 127.0.0.1:14245
2021-09-28 01:15:41,920 [Listener at 0.0.0.0/14237] INFO  ha.SCMHANodeDetails (ConfUtils.java:setNodeSpecificConfigs(108)) - Setting configuration key ozone.scm.block.client.address with value of key ozone.scm.block.client.address.scm-service-test1.scmNode-3: 127.0.0.1:14246
2021-09-28 01:15:41,920 [Listener at 0.0.0.0/14237] INFO  ha.SCMHANodeDetails (ConfUtils.java:setNodeSpecificConfigs(108)) - Setting configuration key ozone.scm.client.address with value of key ozone.scm.client.address.scm-service-test1.scmNode-3: 127.0.0.1:14247
2021-09-28 01:15:41,920 [Listener at 0.0.0.0/14237] INFO  ha.SCMHANodeDetails (ConfUtils.java:setNodeSpecificConfigs(108)) - Setting configuration key ozone.scm.ratis.port with value of key ozone.scm.ratis.port.scm-service-test1.scmNode-3: 14244
2021-09-28 01:15:41,920 [Listener at 0.0.0.0/14237] INFO  ha.SCMHANodeDetails (ConfUtils.java:setNodeSpecificConfigs(108)) - Setting configuration key ozone.scm.grpc.port with value of key ozone.scm.grpc.port.scm-service-test1.scmNode-3: 14248
2021-09-28 01:15:41,920 [Listener at 0.0.0.0/14237] INFO  ha.SCMHANodeDetails (ConfUtils.java:setNodeSpecificConfigs(108)) - Setting configuration key ozone.scm.http-address with value of key ozone.scm.http-address.scm-service-test1.scmNode-3: 127.0.0.1:14242
2021-09-28 01:15:41,920 [Listener at 0.0.0.0/14237] INFO  ha.SCMHANodeDetails (ConfUtils.java:setNodeSpecificConfigs(108)) - Setting configuration key ozone.scm.https-address with value of key ozone.scm.https-address.scm-service-test1.scmNode-3: 127.0.0.1:14243
2021-09-28 01:15:41,921 [Listener at 0.0.0.0/14237] INFO  ha.SCMHANodeDetails (ConfUtils.java:setNodeSpecificConfigs(108)) - Setting configuration key ozone.scm.address with value of key ozone.scm.address.scm-service-test1.scmNode-3: 127.0.0.1
2021-09-28 01:15:41,921 [Listener at 0.0.0.0/14237] WARN  scm.ScmUtils (ScmUtils.java:logWarn(179)) - ConfigKey ozone.scm.block.client.address is deprecated, For configuring different ports for each SCM use PortConfigKey ozone.scm.block.client.port appended with serviceId and nodeId. If want to configure same port configure ozone.scm.block.client.port
2021-09-28 01:15:41,921 [Listener at 0.0.0.0/14237] WARN  scm.ScmUtils (ScmUtils.java:logWarn(179)) - ConfigKey ozone.scm.client.address is deprecated, For configuring different ports for each SCM use PortConfigKey ozone.scm.client.port appended with serviceId and nodeId. If want to configure same port configure ozone.scm.client.port
2021-09-28 01:15:41,921 [Listener at 0.0.0.0/14237] WARN  scm.ScmUtils (ScmUtils.java:logWarn(179)) - ConfigKey ozone.scm.datanode.address is deprecated, For configuring different ports for each SCM use PortConfigKey ozone.scm.datanode.port appended with serviceId and nodeId. If want to configure same port configure ozone.scm.datanode.port
2021-09-28 01:15:41,922 [Listener at 0.0.0.0/14237] WARN  server.ServerUtils (ServerUtils.java:getScmDbDir(148)) - ozone.scm.db.dirs is not configured. We recommend adding this setting. Falling back to ozone.metadata.dirs instead.
2021-09-28 01:15:41,923 [Listener at 0.0.0.0/14237] INFO  ha.SCMNodeInfo (SCMNodeInfo.java:getPort(197)) - ConfigKey ozone.scm.client.address is deprecated, For configuring different ports for each SCM use PortConfigKey ozone.scm.client.port appended with serviceId and nodeId
2021-09-28 01:15:41,930 [Listener at 0.0.0.0/14237] INFO  ha.SCMNodeInfo (SCMNodeInfo.java:getPort(197)) - ConfigKey ozone.scm.block.client.address is deprecated, For configuring different ports for each SCM use PortConfigKey ozone.scm.block.client.port appended with serviceId and nodeId
2021-09-28 01:15:41,930 [Listener at 0.0.0.0/14237] INFO  ha.SCMNodeInfo (SCMNodeInfo.java:getPort(197)) - ConfigKey ozone.scm.datanode.address is deprecated, For configuring different ports for each SCM use PortConfigKey ozone.scm.datanode.port appended with serviceId and nodeId
2021-09-28 01:15:41,930 [Listener at 0.0.0.0/14237] INFO  ha.SCMNodeInfo (SCMNodeInfo.java:getPort(197)) - ConfigKey ozone.scm.client.address is deprecated, For configuring different ports for each SCM use PortConfigKey ozone.scm.client.port appended with serviceId and nodeId
2021-09-28 01:15:41,930 [Listener at 0.0.0.0/14237] INFO  ha.SCMNodeInfo (SCMNodeInfo.java:getPort(197)) - ConfigKey ozone.scm.block.client.address is deprecated, For configuring different ports for each SCM use PortConfigKey ozone.scm.block.client.port appended with serviceId and nodeId
2021-09-28 01:15:41,930 [Listener at 0.0.0.0/14237] INFO  ha.SCMNodeInfo (SCMNodeInfo.java:getPort(197)) - ConfigKey ozone.scm.datanode.address is deprecated, For configuring different ports for each SCM use PortConfigKey ozone.scm.datanode.port appended with serviceId and nodeId
2021-09-28 01:15:41,931 [Listener at 0.0.0.0/14237] INFO  ha.SCMNodeInfo (SCMNodeInfo.java:getPort(197)) - ConfigKey ozone.scm.client.address is deprecated, For configuring different ports for each SCM use PortConfigKey ozone.scm.client.port appended with serviceId and nodeId
2021-09-28 01:15:41,931 [Listener at 0.0.0.0/14237] INFO  ha.SCMNodeInfo (SCMNodeInfo.java:getPort(197)) - ConfigKey ozone.scm.block.client.address is deprecated, For configuring different ports for each SCM use PortConfigKey ozone.scm.block.client.port appended with serviceId and nodeId
2021-09-28 01:15:41,931 [Listener at 0.0.0.0/14237] INFO  ha.SCMNodeInfo (SCMNodeInfo.java:getPort(197)) - ConfigKey ozone.scm.datanode.address is deprecated, For configuring different ports for each SCM use PortConfigKey ozone.scm.datanode.port appended with serviceId and nodeId
2021-09-28 01:15:41,952 [Listener at 0.0.0.0/14237] INFO  server.StorageContainerManager (StorageContainerManager.java:scmBootstrap(963)) - SCM BootStrap  is successful for ClusterID 4882f729-1751-4fe5-a7fb-8e9138349e05, SCMID d8916934-e70a-4a30-a7a2-2d11d7c4fe10
2021-09-28 01:15:41,952 [Listener at 0.0.0.0/14237] INFO  server.StorageContainerManager (StorageContainerManager.java:scmBootstrap(965)) - Primary SCM Node ID 4b364075-9b58-4908-a5b5-f5e156ea742e
2021-09-28 01:15:41,953 [Listener at 0.0.0.0/14237] INFO  ha.SCMHANodeDetails (SCMHANodeDetails.java:loadSCMHAConfig(157)) - ServiceID for StorageContainerManager is scm-service-test1
2021-09-28 01:15:41,953 [Listener at 0.0.0.0/14237] INFO  ha.SCMHANodeDetails (SCMHANodeDetails.java:loadSCMHAConfig(168)) - ServiceID for StorageContainerManager is scm-service-test1
2021-09-28 01:15:41,953 [Listener at 0.0.0.0/14237] WARN  scm.ScmUtils (ScmUtils.java:logWarn(179)) - ConfigKey ozone.scm.block.client.address is deprecated, For configuring different ports for each SCM use PortConfigKey ozone.scm.block.client.port appended with serviceId and nodeId. If want to configure same port configure ozone.scm.block.client.port
2021-09-28 01:15:41,953 [Listener at 0.0.0.0/14237] WARN  scm.ScmUtils (ScmUtils.java:logWarn(179)) - ConfigKey ozone.scm.client.address is deprecated, For configuring different ports for each SCM use PortConfigKey ozone.scm.client.port appended with serviceId and nodeId. If want to configure same port configure ozone.scm.client.port
2021-09-28 01:15:41,953 [Listener at 0.0.0.0/14237] WARN  scm.ScmUtils (ScmUtils.java:logWarn(179)) - ConfigKey ozone.scm.datanode.address is deprecated, For configuring different ports for each SCM use PortConfigKey ozone.scm.datanode.port appended with serviceId and nodeId. If want to configure same port configure ozone.scm.datanode.port
2021-09-28 01:15:41,954 [Listener at 0.0.0.0/14237] WARN  scm.ScmUtils (ScmUtils.java:logWarn(179)) - ConfigKey ozone.scm.block.client.address is deprecated, For configuring different ports for each SCM use PortConfigKey ozone.scm.block.client.port appended with serviceId and nodeId. If want to configure same port configure ozone.scm.block.client.port
2021-09-28 01:15:41,954 [Listener at 0.0.0.0/14237] WARN  scm.ScmUtils (ScmUtils.java:logWarn(179)) - ConfigKey ozone.scm.client.address is deprecated, For configuring different ports for each SCM use PortConfigKey ozone.scm.client.port appended with serviceId and nodeId. If want to configure same port configure ozone.scm.client.port
2021-09-28 01:15:41,954 [Listener at 0.0.0.0/14237] WARN  scm.ScmUtils (ScmUtils.java:logWarn(179)) - ConfigKey ozone.scm.datanode.address is deprecated, For configuring different ports for each SCM use PortConfigKey ozone.scm.datanode.port appended with serviceId and nodeId. If want to configure same port configure ozone.scm.datanode.port
2021-09-28 01:15:41,955 [Listener at 0.0.0.0/14237] INFO  ha.SCMHANodeDetails (SCMHANodeDetails.java:loadSCMHAConfig(250)) - Found matching SCM address with SCMServiceId: scm-service-test1, SCMNodeId: scmNode-3, RPC Address: localhost:14244 and Ratis port: 14244
2021-09-28 01:15:41,955 [Listener at 0.0.0.0/14237] INFO  ha.SCMHANodeDetails (ConfUtils.java:setNodeSpecificConfigs(108)) - Setting configuration key ozone.scm.datanode.address with value of key ozone.scm.datanode.address.scm-service-test1.scmNode-3: 127.0.0.1:14245
2021-09-28 01:15:41,955 [Listener at 0.0.0.0/14237] INFO  ha.SCMHANodeDetails (ConfUtils.java:setNodeSpecificConfigs(108)) - Setting configuration key ozone.scm.block.client.address with value of key ozone.scm.block.client.address.scm-service-test1.scmNode-3: 127.0.0.1:14246
2021-09-28 01:15:41,955 [Listener at 0.0.0.0/14237] INFO  ha.SCMHANodeDetails (ConfUtils.java:setNodeSpecificConfigs(108)) - Setting configuration key ozone.scm.client.address with value of key ozone.scm.client.address.scm-service-test1.scmNode-3: 127.0.0.1:14247
2021-09-28 01:15:41,955 [Listener at 0.0.0.0/14237] INFO  ha.SCMHANodeDetails (ConfUtils.java:setNodeSpecificConfigs(108)) - Setting configuration key ozone.scm.ratis.port with value of key ozone.scm.ratis.port.scm-service-test1.scmNode-3: 14244
2021-09-28 01:15:41,955 [Listener at 0.0.0.0/14237] INFO  ha.SCMHANodeDetails (ConfUtils.java:setNodeSpecificConfigs(108)) - Setting configuration key ozone.scm.grpc.port with value of key ozone.scm.grpc.port.scm-service-test1.scmNode-3: 14248
2021-09-28 01:15:41,955 [Listener at 0.0.0.0/14237] INFO  ha.SCMHANodeDetails (ConfUtils.java:setNodeSpecificConfigs(108)) - Setting configuration key ozone.scm.http-address with value of key ozone.scm.http-address.scm-service-test1.scmNode-3: 127.0.0.1:14242
2021-09-28 01:15:41,955 [Listener at 0.0.0.0/14237] INFO  ha.SCMHANodeDetails (ConfUtils.java:setNodeSpecificConfigs(108)) - Setting configuration key ozone.scm.https-address with value of key ozone.scm.https-address.scm-service-test1.scmNode-3: 127.0.0.1:14243
2021-09-28 01:15:41,956 [Listener at 0.0.0.0/14237] INFO  ha.SCMHANodeDetails (ConfUtils.java:setNodeSpecificConfigs(108)) - Setting configuration key ozone.scm.address with value of key ozone.scm.address.scm-service-test1.scmNode-3: 127.0.0.1
2021-09-28 01:15:41,956 [Listener at 0.0.0.0/14237] WARN  scm.ScmUtils (ScmUtils.java:logWarn(179)) - ConfigKey ozone.scm.block.client.address is deprecated, For configuring different ports for each SCM use PortConfigKey ozone.scm.block.client.port appended with serviceId and nodeId. If want to configure same port configure ozone.scm.block.client.port
2021-09-28 01:15:41,957 [Listener at 0.0.0.0/14237] WARN  scm.ScmUtils (ScmUtils.java:logWarn(179)) - ConfigKey ozone.scm.client.address is deprecated, For configuring different ports for each SCM use PortConfigKey ozone.scm.client.port appended with serviceId and nodeId. If want to configure same port configure ozone.scm.client.port
2021-09-28 01:15:41,957 [Listener at 0.0.0.0/14237] WARN  scm.ScmUtils (ScmUtils.java:logWarn(179)) - ConfigKey ozone.scm.datanode.address is deprecated, For configuring different ports for each SCM use PortConfigKey ozone.scm.datanode.port appended with serviceId and nodeId. If want to configure same port configure ozone.scm.datanode.port
2021-09-28 01:15:41,958 [Listener at 0.0.0.0/14237] WARN  server.ServerUtils (ServerUtils.java:getScmDbDir(148)) - ozone.scm.db.dirs is not configured. We recommend adding this setting. Falling back to ozone.metadata.dirs instead.
2021-09-28 01:15:41,959 [Listener at 0.0.0.0/14237] INFO  upgrade.AbstractLayoutVersionManager (AbstractLayoutVersionManager.java:init(79)) - Initializing Layout version manager with metadata layout = SCM_HA (version = 2), software layout = SCM_HA (version = 2)
2021-09-28 01:15:42,040 [Listener at 0.0.0.0/14237] INFO  reflections.Reflections (Reflections.java:scan(232)) - Reflections took 79 ms to scan 7 urls, producing 119 keys and 275 values 
2021-09-28 01:15:42,053 [Listener at 0.0.0.0/14237] WARN  utils.HAUtils (HAUtils.java:getMetaDir(342)) - ozone.scm.db.dirs is not configured. We recommend adding this setting. Falling back to ozone.metadata.dirs instead.
2021-09-28 01:15:42,057 [Listener at 0.0.0.0/14237] WARN  db.DBStoreBuilder (DBStoreBuilder.java:applyDBDefinition(145)) - ozone.scm.db.dirs is not configured. We recommend adding this setting. Falling back to ozone.metadata.dirs instead.
2021-09-28 01:15:42,194 [Listener at 0.0.0.0/14237] INFO  net.NodeSchemaLoader (NodeSchemaLoader.java:loadSchemaFromFile(129)) - Loading schema from [jar:file:/home/runner/.m2/repository/org/apache/ozone/hdds-common/1.2.0-SNAPSHOT/hdds-common-1.2.0-SNAPSHOT.jar!/network-topology-default.xml]
2021-09-28 01:15:42,194 [Listener at 0.0.0.0/14237] INFO  net.NodeSchemaLoader (NodeSchemaLoader.java:loadSchema(176)) - Loading network topology layer schema file
2021-09-28 01:15:42,196 [Listener at 0.0.0.0/14237] WARN  impl.MetricRegistriesImpl (MetricRegistriesImpl.java:addReporterRegistration(111)) - New reporters are added after registries were created. Some metrics will be missing from the reporter. Please add reporter before adding any new registry.
2021-09-28 01:15:42,203 [Listener at 0.0.0.0/14237] WARN  impl.MetricRegistriesImpl (MetricRegistriesImpl.java:addReporterRegistration(111)) - New reporters are added after registries were created. Some metrics will be missing from the reporter. Please add reporter before adding any new registry.
2021-09-28 01:15:42,204 [Listener at 0.0.0.0/14237] INFO  ha.SCMRatisServerImpl (SCMRatisServerImpl.java:<init>(87)) - starting Raft server for scm:d8916934-e70a-4a30-a7a2-2d11d7c4fe10
2021-09-28 01:15:42,205 [Listener at 0.0.0.0/14237] INFO  server.RaftServer (ConfUtils.java:logGet(44)) - raft.rpc.type = GRPC (default)
2021-09-28 01:15:42,205 [Listener at 0.0.0.0/14237] INFO  grpc.GrpcFactory (GrpcFactory.java:checkPooledByteBufAllocatorUseCacheForAllThreads(48)) - PERFORMANCE WARNING: useCacheForAllThreads is true that may cause Netty to create a lot garbage objects and, as a result, trigger GC.
	It is recommended to disable useCacheForAllThreads by setting -Dorg.apache.ratis.thirdparty.io.netty.allocator.useCacheForAllThreads=false in command line.
2021-09-28 01:15:42,205 [Listener at 0.0.0.0/14237] INFO  grpc.GrpcConfigKeys (ConfUtils.java:logGet(44)) - raft.grpc.admin.port = -1 (default)
2021-09-28 01:15:42,206 [Listener at 0.0.0.0/14237] INFO  grpc.GrpcConfigKeys (ConfUtils.java:logGet(44)) - raft.grpc.server.port = 14244 (custom)
2021-09-28 01:15:42,206 [Listener at 0.0.0.0/14237] INFO  grpc.GrpcConfigKeys (ConfUtils.java:logGet(44)) - raft.grpc.client.port = -1 (default)
2021-09-28 01:15:42,206 [Listener at 0.0.0.0/14237] INFO  grpc.GrpcConfigKeys (ConfUtils.java:logGet(44)) - raft.grpc.server.port = 14244 (custom)
2021-09-28 01:15:42,206 [Listener at 0.0.0.0/14237] INFO  grpc.GrpcConfigKeys (ConfUtils.java:logGet(44)) - raft.grpc.server.port = 14244 (custom)
2021-09-28 01:15:42,207 [Listener at 0.0.0.0/14237] INFO  server.GrpcService (ConfUtils.java:logGet(44)) - raft.grpc.message.size.max = 32m (=33554432) (custom)
2021-09-28 01:15:42,207 [Listener at 0.0.0.0/14237] INFO  server.RaftServerConfigKeys (ConfUtils.java:logGet(44)) - raft.server.log.appender.buffer.byte-limit = 33554432 (custom)
2021-09-28 01:15:42,207 [Listener at 0.0.0.0/14237] INFO  server.GrpcService (ConfUtils.java:logGet(44)) - raft.grpc.flow.control.window = 1MB (=1048576) (default)
2021-09-28 01:15:42,207 [Listener at 0.0.0.0/14237] INFO  server.RaftServerConfigKeys (ConfUtils.java:logGet(44)) - raft.server.rpc.request.timeout = 30000ms (custom)
2021-09-28 01:15:42,208 [Listener at 0.0.0.0/14237] INFO  impl.DataStreamServerImpl (ConfUtils.java:logGet(44)) - raft.datastream.type = DISABLED (default)
2021-09-28 01:15:42,208 [Listener at 0.0.0.0/14237] INFO  server.RaftServerConfigKeys (ConfUtils.java:logGet(44)) - raft.server.rpc.slowness.timeout = 120000ms (custom)
2021-09-28 01:15:42,209 [Listener at 0.0.0.0/14237] INFO  server.RaftServerConfigKeys (ConfUtils.java:logGet(44)) - raft.server.leaderelection.leader.step-down.wait-time = 10s (default)
2021-09-28 01:15:42,209 [Listener at 0.0.0.0/14237] INFO  server.RaftServerConfigKeys (ConfUtils.java:logGet(44)) - raft.server.storage.dir = [/home/runner/work/ozone/ozone/hadoop-ozone/integration-test/target/test-dir/MiniOzoneClusterImpl-4882f729-1751-4fe5-a7fb-8e9138349e05/scmNode-3/scm-ha] (custom)
2021-09-28 01:15:42,214 [Listener at 0.0.0.0/14237] INFO  server.RaftServer (RaftServerProxy.java:addNew(95)) - d8916934-e70a-4a30-a7a2-2d11d7c4fe10: addNew group-8E9138349E05:[] returns group-8E9138349E05:java.util.concurrent.CompletableFuture@7c4f721e[Not completed]
2021-09-28 01:15:42,214 [pool-227-thread-1] INFO  server.RaftServer$Division (RaftServerImpl.java:<init>(181)) - d8916934-e70a-4a30-a7a2-2d11d7c4fe10: new RaftServerImpl for group-8E9138349E05:[] with SCMStateMachine:uninitialized
2021-09-28 01:15:42,216 [pool-227-thread-1] INFO  server.RaftServerConfigKeys (ConfUtils.java:logGet(44)) - raft.server.rpc.timeout.min = 5000ms (custom)
2021-09-28 01:15:42,216 [pool-227-thread-1] INFO  server.RaftServerConfigKeys (ConfUtils.java:logGet(44)) - raft.server.rpc.timeout.max = 5200ms (custom)
2021-09-28 01:15:42,216 [pool-227-thread-1] INFO  server.RaftServerConfigKeys (ConfUtils.java:logGet(44)) - raft.server.rpc.sleep.time = 25ms (default)
2021-09-28 01:15:42,216 [pool-227-thread-1] INFO  server.RaftServerConfigKeys (ConfUtils.java:logGet(44)) - raft.server.rpc.slowness.timeout = 120000ms (custom)
2021-09-28 01:15:42,216 [pool-227-thread-1] INFO  server.RaftServerConfigKeys (ConfUtils.java:logGet(44)) - raft.server.leaderelection.leader.step-down.wait-time = 10s (default)
2021-09-28 01:15:42,216 [pool-227-thread-1] INFO  server.RaftServerConfigKeys (ConfUtils.java:logGet(44)) - raft.server.sleep.deviation.threshold = 300ms (default)
2021-09-28 01:15:42,216 [pool-227-thread-1] INFO  server.RaftServerConfigKeys (ConfUtils.java:logGet(44)) - raft.server.log.appender.install.snapshot.enabled = false (custom)
2021-09-28 01:15:42,216 [pool-227-thread-1] INFO  server.RaftServer$Division (ServerState.java:<init>(105)) - d8916934-e70a-4a30-a7a2-2d11d7c4fe10@group-8E9138349E05: ConfigurationManager, init=-1: [], old=null, confs=<EMPTY_MAP>
2021-09-28 01:15:42,216 [pool-227-thread-1] INFO  server.RaftServerConfigKeys (ConfUtils.java:logGet(44)) - raft.server.storage.dir = [/home/runner/work/ozone/ozone/hadoop-ozone/integration-test/target/test-dir/MiniOzoneClusterImpl-4882f729-1751-4fe5-a7fb-8e9138349e05/scmNode-3/scm-ha] (custom)
2021-09-28 01:15:42,218 [pool-227-thread-1] INFO  server.RaftServerConfigKeys (ConfUtils.java:logGet(44)) - raft.server.log.corruption.policy = EXCEPTION (default)
2021-09-28 01:15:42,218 [pool-227-thread-1] INFO  server.RaftServerConfigKeys (ConfUtils.java:logGet(44)) - raft.server.storage.free-space.min = 0MB (=0) (default)
2021-09-28 01:15:42,218 [pool-227-thread-1] INFO  storage.RaftStorageDirectory (RaftStorageDirectoryImpl.java:analyzeStorage(135)) - The storage directory /home/runner/work/ozone/ozone/hadoop-ozone/integration-test/target/test-dir/MiniOzoneClusterImpl-4882f729-1751-4fe5-a7fb-8e9138349e05/scmNode-3/scm-ha/4882f729-1751-4fe5-a7fb-8e9138349e05 does not exist. Creating ...
2021-09-28 01:15:42,220 [pool-227-thread-1] INFO  storage.RaftStorageDirectory (RaftStorageDirectoryImpl.java:tryLock(230)) - Lock on /home/runner/work/ozone/ozone/hadoop-ozone/integration-test/target/test-dir/MiniOzoneClusterImpl-4882f729-1751-4fe5-a7fb-8e9138349e05/scmNode-3/scm-ha/4882f729-1751-4fe5-a7fb-8e9138349e05/in_use.lock acquired by nodename 14119@fv-az50-883
2021-09-28 01:15:42,224 [pool-227-thread-1] INFO  storage.RaftStorage (RaftStorageImpl.java:format(89)) - Storage directory /home/runner/work/ozone/ozone/hadoop-ozone/integration-test/target/test-dir/MiniOzoneClusterImpl-4882f729-1751-4fe5-a7fb-8e9138349e05/scmNode-3/scm-ha/4882f729-1751-4fe5-a7fb-8e9138349e05 has been successfully formatted.
2021-09-28 01:15:42,225 [pool-227-thread-1] INFO  server.RaftServerConfigKeys (ConfUtils.java:logGet(44)) - raft.server.notification.no-leader.timeout = 60s (default)
2021-09-28 01:15:42,225 [pool-227-thread-1] INFO  server.RaftServerConfigKeys (ConfUtils.java:logGet(44)) - raft.server.log.use.memory = false (default)
2021-09-28 01:15:42,226 [pool-227-thread-1] INFO  server.RaftServerConfigKeys (ConfUtils.java:logGet(44)) - raft.server.log.purge.gap = 5 (custom)
2021-09-28 01:15:42,226 [pool-227-thread-1] INFO  server.RaftServerConfigKeys (ConfUtils.java:logGet(44)) - raft.server.log.appender.buffer.byte-limit = 33554432 (custom)
2021-09-28 01:15:42,226 [pool-227-thread-1] INFO  server.RaftServerConfigKeys (ConfUtils.java:logGet(44)) - raft.server.log.segment.size.max = 16384 (custom)
2021-09-28 01:15:42,230 [pool-227-thread-1] INFO  server.RaftServerConfigKeys (ConfUtils.java:logGet(44)) - raft.server.log.segment.cache.num.max = 2 (custom)
2021-09-28 01:15:42,230 [pool-227-thread-1] INFO  server.RaftServerConfigKeys (ConfUtils.java:logGet(44)) - raft.server.log.segment.cache.size.max = 200MB (=209715200) (default)
2021-09-28 01:15:42,230 [pool-227-thread-1] INFO  segmented.SegmentedRaftLogWorker (SegmentedRaftLogWorker.java:<init>(182)) - new d8916934-e70a-4a30-a7a2-2d11d7c4fe10@group-8E9138349E05-SegmentedRaftLogWorker for RaftStorageImpl:Storage Directory /home/runner/work/ozone/ozone/hadoop-ozone/integration-test/target/test-dir/MiniOzoneClusterImpl-4882f729-1751-4fe5-a7fb-8e9138349e05/scmNode-3/scm-ha/4882f729-1751-4fe5-a7fb-8e9138349e05
2021-09-28 01:15:42,230 [pool-227-thread-1] INFO  server.RaftServerConfigKeys (ConfUtils.java:logGet(44)) - raft.server.log.queue.byte-limit = 64MB (=67108864) (default)
2021-09-28 01:15:42,231 [pool-227-thread-1] INFO  server.RaftServerConfigKeys (ConfUtils.java:logGet(44)) - raft.server.log.queue.element-limit = 4096 (default)
2021-09-28 01:15:42,231 [pool-227-thread-1] INFO  server.RaftServerConfigKeys (ConfUtils.java:logGet(44)) - raft.server.log.segment.size.max = 16384 (custom)
2021-09-28 01:15:42,231 [pool-227-thread-1] INFO  server.RaftServerConfigKeys (ConfUtils.java:logGet(44)) - raft.server.log.preallocated.size = 16384 (custom)
2021-09-28 01:15:42,231 [pool-227-thread-1] INFO  server.RaftServerConfigKeys (ConfUtils.java:logGet(44)) - raft.server.log.force.sync.num = 128 (default)
2021-09-28 01:15:42,231 [pool-227-thread-1] INFO  server.RaftServerConfigKeys (ConfUtils.java:logGet(44)) - raft.server.log.statemachine.data.sync = true (default)
2021-09-28 01:15:42,231 [pool-227-thread-1] INFO  server.RaftServerConfigKeys (ConfUtils.java:logGet(44)) - raft.server.log.statemachine.data.sync.timeout = 10s (default)
2021-09-28 01:15:42,231 [pool-227-thread-1] INFO  server.RaftServerConfigKeys (ConfUtils.java:logGet(44)) - raft.server.log.statemachine.data.sync.timeout.retry = -1 (default)
2021-09-28 01:15:42,238 [pool-227-thread-1] INFO  server.RaftServerConfigKeys (ConfUtils.java:logGet(44)) - raft.server.log.write.buffer.size = 64KB (=65536) (default)
2021-09-28 01:15:42,238 [pool-227-thread-1] INFO  server.RaftServerConfigKeys (ConfUtils.java:logGet(44)) - raft.server.log.statemachine.data.caching.enabled = false (default)
2021-09-28 01:15:42,239 [pool-227-thread-1] INFO  segmented.SegmentedRaftLogWorker (SegmentedRaftLogWorker.java:lambda$new$0(133)) - d8916934-e70a-4a30-a7a2-2d11d7c4fe10@group-8E9138349E05-SegmentedRaftLogWorker: flushIndex: setUnconditionally 0 -> -1
2021-09-28 01:15:42,239 [pool-227-thread-1] INFO  segmented.SegmentedRaftLogWorker (SegmentedRaftLogWorker.java:lambda$new$0(133)) - d8916934-e70a-4a30-a7a2-2d11d7c4fe10@group-8E9138349E05-SegmentedRaftLogWorker: safeCacheEvictIndex: setUnconditionally 0 -> -1
2021-09-28 01:15:42,240 [pool-227-thread-1] INFO  server.RaftServerConfigKeys (ConfUtils.java:logGet(44)) - raft.server.snapshot.auto.trigger.enabled = true (custom)
2021-09-28 01:15:42,240 [pool-227-thread-1] INFO  server.RaftServerConfigKeys (ConfUtils.java:logGet(44)) - raft.server.snapshot.auto.trigger.threshold = 5 (custom)
2021-09-28 01:15:42,240 [pool-227-thread-1] INFO  server.RaftServerConfigKeys (ConfUtils.java:logGet(44)) - raft.server.snapshot.retention.file.num = -1 (default)
2021-09-28 01:15:42,240 [pool-227-thread-1] INFO  server.RaftServerConfigKeys (ConfUtils.java:logGet(44)) - raft.server.log.purge.upto.snapshot.index = true (custom)
2021-09-28 01:15:42,240 [pool-227-thread-1] INFO  server.RaftServerConfigKeys (ConfUtils.java:logGet(44)) - raft.server.retrycache.expirytime = 60000ms (default)
2021-09-28 01:15:42,241 [pool-227-thread-1] INFO  server.RaftServerConfigKeys (ConfUtils.java:logGet(44)) - raft.server.retrycache.statistics.expirytime = 100μs (default)
2021-09-28 01:15:42,243 [Listener at 0.0.0.0/14237] INFO  ha.SCMSnapshotProvider (SCMSnapshotProvider.java:<init>(66)) - Initializing SCM Snapshot Provider
2021-09-28 01:15:42,243 [Listener at 0.0.0.0/14237] WARN  server.ServerUtils (ServerUtils.java:getDefaultRatisDirectory(237)) - Storage directory for Ratis is not configured. It is a good idea to map this to an SSD disk. Falling back to ozone.metadata.dirs
2021-09-28 01:15:42,243 [Listener at 0.0.0.0/14237] WARN  ha.SCMHAUtils (SCMHAUtils.java:getSCMRatisSnapshotDirectory(146)) - SCM snapshot dir is not configured. Falling back to ozone.metadata.dirs config
2021-09-28 01:15:42,245 [Listener at 0.0.0.0/14237] INFO  ha.SequenceIdGenerator (SequenceIdGenerator.java:upgradeToSequenceId(327)) - upgrade localId to 107544261427200000
2021-09-28 01:15:42,245 [Listener at 0.0.0.0/14237] INFO  ha.SequenceIdGenerator (SequenceIdGenerator.java:upgradeToSequenceId(337)) - upgrade delTxnId to 0
2021-09-28 01:15:42,245 [Listener at 0.0.0.0/14237] INFO  ha.SequenceIdGenerator (SequenceIdGenerator.java:upgradeToSequenceId(351)) - upgrade containerId to 0
2021-09-28 01:15:42,245 [Listener at 0.0.0.0/14237] INFO  ha.SequenceIdGenerator (SequenceIdGenerator.java:<init>(217)) - Init the HA SequenceIdGenerator.
2021-09-28 01:15:42,246 [Listener at 0.0.0.0/14237] WARN  server.ServerUtils (ServerUtils.java:sanitizeUserArgs(73)) - ozone.scm.stale.node.interval value = 300000 is larger than max = 100000 based on the key value of ozone.scm.heartbeat.thread.interval, reset to the max value 100000.
2021-09-28 01:15:42,246 [Listener at 0.0.0.0/14237] WARN  server.ServerUtils (ServerUtils.java:sanitizeUserArgs(73)) - ozone.scm.stale.node.interval value = 300000 is larger than max = 100000 based on the key value of ozone.scm.heartbeat.thread.interval, reset to the max value 100000.
2021-09-28 01:15:42,262 [Listener at 0.0.0.0/14237] INFO  node.SCMNodeManager (SCMNodeManager.java:<init>(144)) - Entering startup safe mode.
2021-09-28 01:15:42,263 [Listener at 0.0.0.0/14237] INFO  algorithms.ContainerPlacementPolicyFactory (ContainerPlacementPolicyFactory.java:getPolicy(60)) - Create container placement policy of type org.apache.hadoop.hdds.scm.container.placement.algorithms.SCMContainerPlacementRandom
2021-09-28 01:15:42,263 [Listener at 0.0.0.0/14237] INFO  pipeline.PipelineStateManager (PipelineStateManagerV2Impl.java:initialize(78)) - No pipeline exists in current db
2021-09-28 01:15:42,263 [Listener at 0.0.0.0/14237] INFO  algorithms.LeaderChoosePolicyFactory (LeaderChoosePolicyFactory.java:getPolicy(57)) - Create leader choose policy of type org.apache.hadoop.hdds.scm.pipeline.leader.choose.algorithms.MinLeaderCountChoosePolicy
2021-09-28 01:15:42,263 [Listener at 0.0.0.0/14237] INFO  ha.SCMServiceManager (SCMServiceManager.java:register(43)) - Registering service BackgroundPipelineCreator.
2021-09-28 01:15:42,263 [Listener at 0.0.0.0/14237] INFO  pipeline.BackgroundPipelineCreator (BackgroundPipelineCreatorV2.java:start(130)) - Starting RatisPipelineUtilsThread.
2021-09-28 01:15:42,275 [Listener at 0.0.0.0/14237] INFO  algorithms.PipelineChoosePolicyFactory (PipelineChoosePolicyFactory.java:createPipelineChoosePolicyFromClass(73)) - Create pipeline choose policy of type org.apache.hadoop.hdds.scm.pipeline.choose.algorithms.RandomPipelineChoosePolicy
2021-09-28 01:15:42,275 [Listener at 0.0.0.0/14237] INFO  ha.SCMServiceManager (SCMServiceManager.java:register(43)) - Registering service SCMBlockDeletingService.
2021-09-28 01:15:42,275 [Listener at 0.0.0.0/14237] INFO  ha.SCMServiceManager (SCMServiceManager.java:register(43)) - Registering service ReplicationManager.
2021-09-28 01:15:42,276 [Listener at 0.0.0.0/14237] INFO  container.ReplicationManager (ReplicationManager.java:start(319)) - Starting Replication Monitor Thread.
2021-09-28 01:15:42,279 [Listener at 0.0.0.0/14237] INFO  safemode.ContainerSafeModeRule (ContainerSafeModeRule.java:<init>(89)) - containers with one replica threshold count 0
2021-09-28 01:15:42,279 [Listener at 0.0.0.0/14237] INFO  safemode.HealthyPipelineSafeModeRule (HealthyPipelineSafeModeRule.java:initializeRule(156)) - Total pipeline count is 0, healthy pipeline threshold count is 1
2021-09-28 01:15:42,279 [Listener at 0.0.0.0/14237] INFO  safemode.OneReplicaPipelineSafeModeRule (OneReplicaPipelineSafeModeRule.java:initializeRule(180)) - Total pipeline count is 0, pipeline's with at least one datanode reported threshold count is 0
2021-09-28 01:15:42,286 [Listener at 0.0.0.0/14237] INFO  ipc.CallQueueManager (CallQueueManager.java:<init>(90)) - Using callQueue: class java.util.concurrent.LinkedBlockingQueue, queueCapacity: 2000, scheduler: class org.apache.hadoop.ipc.DefaultRpcScheduler, ipcBackoff: false.
2021-09-28 01:15:42,288 [Socket Reader #1 for port 14245] INFO  ipc.Server (Server.java:run(1265)) - Starting Socket Reader #1 for port 14245
2021-09-28 01:15:42,289 [Listener at 0.0.0.0/14245] INFO  ipc.CallQueueManager (CallQueueManager.java:<init>(90)) - Using callQueue: class java.util.concurrent.LinkedBlockingQueue, queueCapacity: 2000, scheduler: class org.apache.hadoop.ipc.DefaultRpcScheduler, ipcBackoff: false.
2021-09-28 01:15:42,290 [Socket Reader #1 for port 14246] INFO  ipc.Server (Server.java:run(1265)) - Starting Socket Reader #1 for port 14246
2021-09-28 01:15:42,291 [Listener at 0.0.0.0/14246] INFO  ipc.CallQueueManager (CallQueueManager.java:<init>(90)) - Using callQueue: class java.util.concurrent.LinkedBlockingQueue, queueCapacity: 2000, scheduler: class org.apache.hadoop.ipc.DefaultRpcScheduler, ipcBackoff: false.
2021-09-28 01:15:42,292 [Socket Reader #1 for port 14247] INFO  ipc.Server (Server.java:run(1265)) - Starting Socket Reader #1 for port 14247
2021-09-28 01:15:42,303 [ReplicationMonitor] INFO  container.ReplicationManager (ReplicationManager.java:processAll(371)) - Replication Monitor Thread took 0 milliseconds for processing 0 containers.
2021-09-28 01:15:42,334 [Listener at 0.0.0.0/14247] INFO  algorithms.ContainerPlacementPolicyFactory (ContainerPlacementPolicyFactory.java:getPolicy(60)) - Create container placement policy of type org.apache.hadoop.hdds.scm.container.placement.algorithms.SCMContainerPlacementRandom
2021-09-28 01:15:42,334 [Listener at 0.0.0.0/14247] INFO  server.StorageContainerManager (StorageContainerManager.java:<init>(387)) - 
Container Balancer status:
Key                            Value
Running                        false
Container Balancer Configuration values:
Key                                                Value
Threshold                                          0.1
Max Datanodes to Involve per Iteration(ratio)      0.5
Max Size to Move per Iteration                     10737418240B

2021-09-28 01:15:42,335 [Listener at 0.0.0.0/14247] WARN  events.EventQueue (EventQueue.java:fireEvent(194)) - No event handler registered for event TypedEvent{payloadType=SafeModeStatus, name='Safe mode status'}
2021-09-28 01:15:42,335 [Listener at 0.0.0.0/14247] INFO  ha.SCMContext (SCMContext.java:updateSafeModeStatus(205)) - Update SafeModeStatus from SafeModeStatus{safeModeStatus=true, preCheckPassed=false} to SafeModeStatus{safeModeStatus=true, preCheckPassed=false}.
2021-09-28 01:15:42,335 [Listener at 0.0.0.0/14247] INFO  ozone.MiniOzoneHAClusterImpl (MiniOzoneHAClusterImpl.java:createSCMService(568)) - Intialized SCM at org.apache.hadoop.hdds.scm.server.SCMClientProtocolServer@662d42e. This SCM is currently inactive (not running).
2021-09-28 01:15:42,336 [Listener at 0.0.0.0/14247] INFO  ha.OMHANodeDetails (OMHANodeDetails.java:loadOMHAConfig(118)) - ServiceID for OzoneManager is om-service-test1
2021-09-28 01:15:42,336 [Listener at 0.0.0.0/14247] INFO  ha.OMHANodeDetails (OMHANodeDetails.java:loadOMHAConfig(194)) - Found matching OM address with OMServiceId: om-service-test1, OMNodeId: omNode-1, RPC Address: localhost:13700 and Ratis port: 13704
2021-09-28 01:15:42,336 [Listener at 0.0.0.0/14247] INFO  ha.OMHANodeDetails (ConfUtils.java:setNodeSpecificConfigs(108)) - Setting configuration key ozone.om.http-address with value of key ozone.om.http-address.om-service-test1.omNode-1: 127.0.0.1:13702
2021-09-28 01:15:42,336 [Listener at 0.0.0.0/14247] INFO  ha.OMHANodeDetails (ConfUtils.java:setNodeSpecificConfigs(108)) - Setting configuration key ozone.om.https-address with value of key ozone.om.https-address.om-service-test1.omNode-1: 127.0.0.1:13703
2021-09-28 01:15:42,337 [Listener at 0.0.0.0/14247] INFO  ha.OMHANodeDetails (ConfUtils.java:setNodeSpecificConfigs(108)) - Setting configuration key ozone.om.address with value of key ozone.om.address.om-service-test1.omNode-1: 127.0.0.1:13700
2021-09-28 01:15:42,337 [Listener at 0.0.0.0/14247] WARN  server.ServerUtils (ServerUtils.java:getDBPath(225)) - ozone.om.db.dirs is not configured. We recommend adding this setting. Falling back to ozone.metadata.dirs instead.
2021-09-28 01:15:42,338 [Listener at 0.0.0.0/14247] INFO  ha.SCMNodeInfo (SCMNodeInfo.java:getPort(197)) - ConfigKey ozone.scm.client.address is deprecated, For configuring different ports for each SCM use PortConfigKey ozone.scm.client.port appended with serviceId and nodeId
2021-09-28 01:15:42,338 [Listener at 0.0.0.0/14247] INFO  ha.SCMNodeInfo (SCMNodeInfo.java:getPort(197)) - ConfigKey ozone.scm.block.client.address is deprecated, For configuring different ports for each SCM use PortConfigKey ozone.scm.block.client.port appended with serviceId and nodeId
2021-09-28 01:15:42,338 [Listener at 0.0.0.0/14247] INFO  ha.SCMNodeInfo (SCMNodeInfo.java:getPort(197)) - ConfigKey ozone.scm.datanode.address is deprecated, For configuring different ports for each SCM use PortConfigKey ozone.scm.datanode.port appended with serviceId and nodeId
2021-09-28 01:15:42,338 [Listener at 0.0.0.0/14247] INFO  ha.SCMNodeInfo (SCMNodeInfo.java:getPort(197)) - ConfigKey ozone.scm.client.address is deprecated, For configuring different ports for each SCM use PortConfigKey ozone.scm.client.port appended with serviceId and nodeId
2021-09-28 01:15:42,339 [Listener at 0.0.0.0/14247] INFO  ha.SCMNodeInfo (SCMNodeInfo.java:getPort(197)) - ConfigKey ozone.scm.block.client.address is deprecated, For configuring different ports for each SCM use PortConfigKey ozone.scm.block.client.port appended with serviceId and nodeId
2021-09-28 01:15:42,339 [Listener at 0.0.0.0/14247] INFO  ha.SCMNodeInfo (SCMNodeInfo.java:getPort(197)) - ConfigKey ozone.scm.datanode.address is deprecated, For configuring different ports for each SCM use PortConfigKey ozone.scm.datanode.port appended with serviceId and nodeId
2021-09-28 01:15:42,339 [Listener at 0.0.0.0/14247] INFO  ha.SCMNodeInfo (SCMNodeInfo.java:getPort(197)) - ConfigKey ozone.scm.client.address is deprecated, For configuring different ports for each SCM use PortConfigKey ozone.scm.client.port appended with serviceId and nodeId
2021-09-28 01:15:42,339 [Listener at 0.0.0.0/14247] INFO  ha.SCMNodeInfo (SCMNodeInfo.java:getPort(197)) - ConfigKey ozone.scm.block.client.address is deprecated, For configuring different ports for each SCM use PortConfigKey ozone.scm.block.client.port appended with serviceId and nodeId
2021-09-28 01:15:42,339 [Listener at 0.0.0.0/14247] INFO  ha.SCMNodeInfo (SCMNodeInfo.java:getPort(197)) - ConfigKey ozone.scm.datanode.address is deprecated, For configuring different ports for each SCM use PortConfigKey ozone.scm.datanode.port appended with serviceId and nodeId
2021-09-28 01:15:42,371 [EndpointStateMachine task thread for /127.0.0.1:15957 - 0 ] INFO  ipc.Client (Client.java:handleConnectionFailure(977)) - Retrying connect to server: localhost/127.0.0.1:15957. Already tried 0 time(s); retry policy is RetryUpToMaximumCountWithFixedSleep(maxRetries=15, sleepTime=1000 MILLISECONDS)
OM initialization succeeded.Current cluster id for sd=/home/runner/work/ozone/ozone/hadoop-ozone/integration-test/target/test-dir/MiniOzoneClusterImpl-4882f729-1751-4fe5-a7fb-8e9138349e05/omNode-1/om;cid=4882f729-1751-4fe5-a7fb-8e9138349e05;layoutVersion=0
2021-09-28 01:15:42,372 [Listener at 0.0.0.0/14247] INFO  ha.OMHANodeDetails (OMHANodeDetails.java:loadOMHAConfig(118)) - ServiceID for OzoneManager is om-service-test1
2021-09-28 01:15:42,373 [Listener at 0.0.0.0/14247] INFO  ha.OMHANodeDetails (OMHANodeDetails.java:loadOMHAConfig(194)) - Found matching OM address with OMServiceId: om-service-test1, OMNodeId: omNode-1, RPC Address: localhost:13700 and Ratis port: 13704
2021-09-28 01:15:42,373 [Listener at 0.0.0.0/14247] INFO  ha.OMHANodeDetails (ConfUtils.java:setNodeSpecificConfigs(108)) - Setting configuration key ozone.om.http-address with value of key ozone.om.http-address.om-service-test1.omNode-1: 127.0.0.1:13702
2021-09-28 01:15:42,373 [Listener at 0.0.0.0/14247] INFO  ha.OMHANodeDetails (ConfUtils.java:setNodeSpecificConfigs(108)) - Setting configuration key ozone.om.https-address with value of key ozone.om.https-address.om-service-test1.omNode-1: 127.0.0.1:13703
2021-09-28 01:15:42,373 [Listener at 0.0.0.0/14247] INFO  ha.OMHANodeDetails (ConfUtils.java:setNodeSpecificConfigs(108)) - Setting configuration key ozone.om.address with value of key ozone.om.address.om-service-test1.omNode-1: 127.0.0.1:13700
2021-09-28 01:15:42,373 [Listener at 0.0.0.0/14247] WARN  server.ServerUtils (ServerUtils.java:getDBPath(225)) - ozone.om.db.dirs is not configured. We recommend adding this setting. Falling back to ozone.metadata.dirs instead.
2021-09-28 01:15:42,374 [Listener at 0.0.0.0/14247] INFO  upgrade.AbstractLayoutVersionManager (AbstractLayoutVersionManager.java:init(79)) - Initializing Layout version manager with metadata layout = INITIAL_VERSION (version = 0), software layout = INITIAL_VERSION (version = 0)
2021-09-28 01:15:42,465 [Listener at 0.0.0.0/14247] INFO  reflections.Reflections (Reflections.java:scan(232)) - Reflections took 89 ms to scan 2 urls, producing 131 keys and 342 values [using 2 cores]
2021-09-28 01:15:42,465 [Listener at 0.0.0.0/14247] INFO  upgrade.OMLayoutVersionManager (OMLayoutVersionManager.java:lambda$0(115)) - Skipping Upgrade Action MockOmUpgradeAction since it has been finalized.
2021-09-28 01:15:42,465 [Listener at 0.0.0.0/14247] WARN  server.ServerUtils (ServerUtils.java:getDBPath(225)) - ozone.om.db.dirs is not configured. We recommend adding this setting. Falling back to ozone.metadata.dirs instead.
2021-09-28 01:15:42,466 [Listener at 0.0.0.0/14247] INFO  ha.SCMNodeInfo (SCMNodeInfo.java:getPort(197)) - ConfigKey ozone.scm.client.address is deprecated, For configuring different ports for each SCM use PortConfigKey ozone.scm.client.port appended with serviceId and nodeId
2021-09-28 01:15:42,466 [Listener at 0.0.0.0/14247] INFO  ha.SCMNodeInfo (SCMNodeInfo.java:getPort(197)) - ConfigKey ozone.scm.block.client.address is deprecated, For configuring different ports for each SCM use PortConfigKey ozone.scm.block.client.port appended with serviceId and nodeId
2021-09-28 01:15:42,466 [Listener at 0.0.0.0/14247] INFO  ha.SCMNodeInfo (SCMNodeInfo.java:getPort(197)) - ConfigKey ozone.scm.datanode.address is deprecated, For configuring different ports for each SCM use PortConfigKey ozone.scm.datanode.port appended with serviceId and nodeId
2021-09-28 01:15:42,466 [Listener at 0.0.0.0/14247] INFO  ha.SCMNodeInfo (SCMNodeInfo.java:getPort(197)) - ConfigKey ozone.scm.client.address is deprecated, For configuring different ports for each SCM use PortConfigKey ozone.scm.client.port appended with serviceId and nodeId
2021-09-28 01:15:42,466 [Listener at 0.0.0.0/14247] INFO  ha.SCMNodeInfo (SCMNodeInfo.java:getPort(197)) - ConfigKey ozone.scm.block.client.address is deprecated, For configuring different ports for each SCM use PortConfigKey ozone.scm.block.client.port appended with serviceId and nodeId
2021-09-28 01:15:42,467 [Listener at 0.0.0.0/14247] INFO  ha.SCMNodeInfo (SCMNodeInfo.java:getPort(197)) - ConfigKey ozone.scm.datanode.address is deprecated, For configuring different ports for each SCM use PortConfigKey ozone.scm.datanode.port appended with serviceId and nodeId
2021-09-28 01:15:42,467 [Listener at 0.0.0.0/14247] INFO  ha.SCMNodeInfo (SCMNodeInfo.java:getPort(197)) - ConfigKey ozone.scm.client.address is deprecated, For configuring different ports for each SCM use PortConfigKey ozone.scm.client.port appended with serviceId and nodeId
2021-09-28 01:15:42,467 [Listener at 0.0.0.0/14247] INFO  ha.SCMNodeInfo (SCMNodeInfo.java:getPort(197)) - ConfigKey ozone.scm.block.client.address is deprecated, For configuring different ports for each SCM use PortConfigKey ozone.scm.block.client.port appended with serviceId and nodeId
2021-09-28 01:15:42,467 [Listener at 0.0.0.0/14247] INFO  ha.SCMNodeInfo (SCMNodeInfo.java:getPort(197)) - ConfigKey ozone.scm.datanode.address is deprecated, For configuring different ports for each SCM use PortConfigKey ozone.scm.datanode.port appended with serviceId and nodeId
2021-09-28 01:15:42,467 [Listener at 0.0.0.0/14247] INFO  ha.SCMNodeInfo (SCMNodeInfo.java:getPort(197)) - ConfigKey ozone.scm.client.address is deprecated, For configuring different ports for each SCM use PortConfigKey ozone.scm.client.port appended with serviceId and nodeId
2021-09-28 01:15:42,468 [Listener at 0.0.0.0/14247] INFO  ha.SCMNodeInfo (SCMNodeInfo.java:getPort(197)) - ConfigKey ozone.scm.block.client.address is deprecated, For configuring different ports for each SCM use PortConfigKey ozone.scm.block.client.port appended with serviceId and nodeId
2021-09-28 01:15:42,468 [Listener at 0.0.0.0/14247] INFO  ha.SCMNodeInfo (SCMNodeInfo.java:getPort(197)) - ConfigKey ozone.scm.datanode.address is deprecated, For configuring different ports for each SCM use PortConfigKey ozone.scm.datanode.port appended with serviceId and nodeId
2021-09-28 01:15:42,468 [Listener at 0.0.0.0/14247] INFO  ha.SCMNodeInfo (SCMNodeInfo.java:getPort(197)) - ConfigKey ozone.scm.client.address is deprecated, For configuring different ports for each SCM use PortConfigKey ozone.scm.client.port appended with serviceId and nodeId
2021-09-28 01:15:42,468 [Listener at 0.0.0.0/14247] INFO  ha.SCMNodeInfo (SCMNodeInfo.java:getPort(197)) - ConfigKey ozone.scm.block.client.address is deprecated, For configuring different ports for each SCM use PortConfigKey ozone.scm.block.client.port appended with serviceId and nodeId
2021-09-28 01:15:42,468 [Listener at 0.0.0.0/14247] INFO  ha.SCMNodeInfo (SCMNodeInfo.java:getPort(197)) - ConfigKey ozone.scm.datanode.address is deprecated, For configuring different ports for each SCM use PortConfigKey ozone.scm.datanode.port appended with serviceId and nodeId
2021-09-28 01:15:42,468 [Listener at 0.0.0.0/14247] INFO  ha.SCMNodeInfo (SCMNodeInfo.java:getPort(197)) - ConfigKey ozone.scm.client.address is deprecated, For configuring different ports for each SCM use PortConfigKey ozone.scm.client.port appended with serviceId and nodeId
2021-09-28 01:15:42,469 [Listener at 0.0.0.0/14247] INFO  ha.SCMNodeInfo (SCMNodeInfo.java:getPort(197)) - ConfigKey ozone.scm.block.client.address is deprecated, For configuring different ports for each SCM use PortConfigKey ozone.scm.block.client.port appended with serviceId and nodeId
2021-09-28 01:15:42,469 [Listener at 0.0.0.0/14247] INFO  ha.SCMNodeInfo (SCMNodeInfo.java:getPort(197)) - ConfigKey ozone.scm.datanode.address is deprecated, For configuring different ports for each SCM use PortConfigKey ozone.scm.datanode.port appended with serviceId and nodeId
2021-09-28 01:15:42,470 [Listener at 0.0.0.0/14247] INFO  ha.SCMNodeInfo (SCMNodeInfo.java:getPort(197)) - ConfigKey ozone.scm.client.address is deprecated, For configuring different ports for each SCM use PortConfigKey ozone.scm.client.port appended with serviceId and nodeId
2021-09-28 01:15:42,470 [Listener at 0.0.0.0/14247] INFO  ha.SCMNodeInfo (SCMNodeInfo.java:getPort(197)) - ConfigKey ozone.scm.block.client.address is deprecated, For configuring different ports for each SCM use PortConfigKey ozone.scm.block.client.port appended with serviceId and nodeId
2021-09-28 01:15:42,470 [Listener at 0.0.0.0/14247] INFO  ha.SCMNodeInfo (SCMNodeInfo.java:getPort(197)) - ConfigKey ozone.scm.datanode.address is deprecated, For configuring different ports for each SCM use PortConfigKey ozone.scm.datanode.port appended with serviceId and nodeId
2021-09-28 01:15:42,470 [Listener at 0.0.0.0/14247] INFO  ha.SCMNodeInfo (SCMNodeInfo.java:getPort(197)) - ConfigKey ozone.scm.client.address is deprecated, For configuring different ports for each SCM use PortConfigKey ozone.scm.client.port appended with serviceId and nodeId
2021-09-28 01:15:42,470 [Listener at 0.0.0.0/14247] INFO  ha.SCMNodeInfo (SCMNodeInfo.java:getPort(197)) - ConfigKey ozone.scm.block.client.address is deprecated, For configuring different ports for each SCM use PortConfigKey ozone.scm.block.client.port appended with serviceId and nodeId
2021-09-28 01:15:42,470 [Listener at 0.0.0.0/14247] INFO  ha.SCMNodeInfo (SCMNodeInfo.java:getPort(197)) - ConfigKey ozone.scm.datanode.address is deprecated, For configuring different ports for each SCM use PortConfigKey ozone.scm.datanode.port appended with serviceId and nodeId
2021-09-28 01:15:42,471 [Listener at 0.0.0.0/14247] INFO  ha.SCMNodeInfo (SCMNodeInfo.java:getPort(197)) - ConfigKey ozone.scm.client.address is deprecated, For configuring different ports for each SCM use PortConfigKey ozone.scm.client.port appended with serviceId and nodeId
2021-09-28 01:15:42,471 [Listener at 0.0.0.0/14247] INFO  ha.SCMNodeInfo (SCMNodeInfo.java:getPort(197)) - ConfigKey ozone.scm.block.client.address is deprecated, For configuring different ports for each SCM use PortConfigKey ozone.scm.block.client.port appended with serviceId and nodeId
2021-09-28 01:15:42,471 [Listener at 0.0.0.0/14247] INFO  ha.SCMNodeInfo (SCMNodeInfo.java:getPort(197)) - ConfigKey ozone.scm.datanode.address is deprecated, For configuring different ports for each SCM use PortConfigKey ozone.scm.datanode.port appended with serviceId and nodeId
2021-09-28 01:15:42,477 [Listener at 0.0.0.0/14247] WARN  server.ServerUtils (ServerUtils.java:getDBPath(225)) - ozone.om.db.dirs is not configured. We recommend adding this setting. Falling back to ozone.metadata.dirs instead.
2021-09-28 01:15:42,478 [Listener at 0.0.0.0/14247] INFO  codec.OmKeyInfoCodec (OmKeyInfoCodec.java:<init>(51)) - OmKeyInfoCodec ignorePipeline = true
2021-09-28 01:15:42,479 [Listener at 0.0.0.0/14247] INFO  codec.RepeatedOmKeyInfoCodec (RepeatedOmKeyInfoCodec.java:<init>(42)) - RepeatedOmKeyInfoCodec ignorePipeline = true
2021-09-28 01:15:42,502 [EndpointStateMachine task thread for /127.0.0.1:15977 - 0 ] INFO  ipc.Client (Client.java:handleConnectionFailure(977)) - Retrying connect to server: localhost/127.0.0.1:15977. Already tried 1 time(s); retry policy is RetryUpToMaximumCountWithFixedSleep(maxRetries=15, sleepTime=1000 MILLISECONDS)
2021-09-28 01:15:42,731 [Listener at 0.0.0.0/14247] INFO  om.OzoneManager (OzoneManager.java:addS3GVolumeToDB(4127)) - Created Volume s3v With Owner runner required for S3Gateway operations.
2021-09-28 01:15:42,731 [Listener at 0.0.0.0/14247] WARN  server.ServerUtils (ServerUtils.java:getDefaultRatisDirectory(237)) - Storage directory for Ratis is not configured. It is a good idea to map this to an SSD disk. Falling back to ozone.metadata.dirs
2021-09-28 01:15:42,731 [Listener at 0.0.0.0/14247] WARN  utils.OzoneManagerRatisUtils (OzoneManagerRatisUtils.java:getOMRatisSnapshotDirectory(435)) - ozone.om.ratis.snapshot.dir is not configured. Falling back to ozone.metadata.dirs config
2021-09-28 01:15:42,732 [Listener at 0.0.0.0/14247] WARN  impl.MetricRegistriesImpl (MetricRegistriesImpl.java:addReporterRegistration(111)) - New reporters are added after registries were created. Some metrics will be missing from the reporter. Please add reporter before adding any new registry.
2021-09-28 01:15:42,732 [Listener at 0.0.0.0/14247] WARN  impl.MetricRegistriesImpl (MetricRegistriesImpl.java:addReporterRegistration(111)) - New reporters are added after registries were created. Some metrics will be missing from the reporter. Please add reporter before adding any new registry.
2021-09-28 01:15:42,732 [Listener at 0.0.0.0/14247] WARN  server.ServerUtils (ServerUtils.java:getDefaultRatisDirectory(237)) - Storage directory for Ratis is not configured. It is a good idea to map this to an SSD disk. Falling back to ozone.metadata.dirs
2021-09-28 01:15:42,733 [Listener at 0.0.0.0/14247] INFO  ratis.OzoneManagerRatisServer (OzoneManagerRatisServer.java:<init>(158)) - Instantiating OM Ratis server with groupID: om-service-test1 and peers: localhost:13704
2021-09-28 01:15:42,733 [Listener at 0.0.0.0/14247] INFO  ratis.OzoneManagerStateMachine (OzoneManagerStateMachine.java:loadSnapshotInfoFromDB(605)) - LastAppliedIndex is set from TransactionInfo from OM DB as (t:0, i:~)
2021-09-28 01:15:42,739 [Listener at 0.0.0.0/14247] INFO  server.RaftServer (ConfUtils.java:logGet(44)) - raft.rpc.type = GRPC (default)
2021-09-28 01:15:42,739 [Listener at 0.0.0.0/14247] INFO  grpc.GrpcFactory (GrpcFactory.java:checkPooledByteBufAllocatorUseCacheForAllThreads(48)) - PERFORMANCE WARNING: useCacheForAllThreads is true that may cause Netty to create a lot garbage objects and, as a result, trigger GC.
	It is recommended to disable useCacheForAllThreads by setting -Dorg.apache.ratis.thirdparty.io.netty.allocator.useCacheForAllThreads=false in command line.
2021-09-28 01:15:42,739 [Listener at 0.0.0.0/14247] INFO  grpc.GrpcConfigKeys (ConfUtils.java:logGet(44)) - raft.grpc.admin.port = -1 (default)
2021-09-28 01:15:42,739 [Listener at 0.0.0.0/14247] INFO  grpc.GrpcConfigKeys (ConfUtils.java:logGet(44)) - raft.grpc.server.port = 13704 (custom)
2021-09-28 01:15:42,740 [Listener at 0.0.0.0/14247] INFO  grpc.GrpcConfigKeys (ConfUtils.java:logGet(44)) - raft.grpc.client.port = -1 (default)
2021-09-28 01:15:42,740 [Listener at 0.0.0.0/14247] INFO  grpc.GrpcConfigKeys (ConfUtils.java:logGet(44)) - raft.grpc.server.port = 13704 (custom)
2021-09-28 01:15:42,740 [Listener at 0.0.0.0/14247] INFO  grpc.GrpcConfigKeys (ConfUtils.java:logGet(44)) - raft.grpc.server.port = 13704 (custom)
2021-09-28 01:15:42,740 [Listener at 0.0.0.0/14247] INFO  server.GrpcService (ConfUtils.java:logGet(44)) - raft.grpc.message.size.max = 33554432 (custom)
2021-09-28 01:15:42,740 [Listener at 0.0.0.0/14247] INFO  server.RaftServerConfigKeys (ConfUtils.java:logGet(44)) - raft.server.log.appender.buffer.byte-limit = 33554432 (custom)
2021-09-28 01:15:42,741 [Listener at 0.0.0.0/14247] INFO  server.GrpcService (ConfUtils.java:logGet(44)) - raft.grpc.flow.control.window = 1MB (=1048576) (default)
2021-09-28 01:15:42,741 [Listener at 0.0.0.0/14247] INFO  server.RaftServerConfigKeys (ConfUtils.java:logGet(44)) - raft.server.rpc.request.timeout = 3000ms (default)
2021-09-28 01:15:42,742 [Listener at 0.0.0.0/14247] INFO  impl.DataStreamServerImpl (ConfUtils.java:logGet(44)) - raft.datastream.type = DISABLED (default)
2021-09-28 01:15:42,742 [Listener at 0.0.0.0/14247] INFO  server.RaftServerConfigKeys (ConfUtils.java:logGet(44)) - raft.server.rpc.slowness.timeout = 2s (custom)
2021-09-28 01:15:42,743 [Listener at 0.0.0.0/14247] INFO  server.RaftServerConfigKeys (ConfUtils.java:logGet(44)) - raft.server.leaderelection.leader.step-down.wait-time = 10s (default)
2021-09-28 01:15:42,743 [Listener at 0.0.0.0/14247] INFO  server.RaftServerConfigKeys (ConfUtils.java:logGet(44)) - raft.server.storage.dir = [/home/runner/work/ozone/ozone/hadoop-ozone/integration-test/target/test-dir/MiniOzoneClusterImpl-4882f729-1751-4fe5-a7fb-8e9138349e05/omNode-1/ratis] (custom)
2021-09-28 01:15:42,750 [Listener at 0.0.0.0/14247] INFO  server.RaftServer (RaftServerProxy.java:addNew(95)) - omNode-1: addNew group-523986131536:[omNode-1|rpc:localhost:13704|priority:0] returns group-523986131536:java.util.concurrent.CompletableFuture@39eb50b3[Not completed]
2021-09-28 01:15:42,750 [Listener at 0.0.0.0/14247] INFO  om.OzoneManager (OzoneManager.java:initializeRatisServer(1585)) - OzoneManager Ratis server initialized at port 13704
2021-09-28 01:15:42,751 [Listener at 0.0.0.0/14247] INFO  ipc.CallQueueManager (CallQueueManager.java:<init>(90)) - Using callQueue: class java.util.concurrent.LinkedBlockingQueue, queueCapacity: 2000, scheduler: class org.apache.hadoop.ipc.DefaultRpcScheduler, ipcBackoff: false.
2021-09-28 01:15:42,752 [EndpointStateMachine task thread for /127.0.0.1:15967 - 0 ] INFO  ipc.Client (Client.java:handleConnectionFailure(977)) - Retrying connect to server: localhost/127.0.0.1:15967. Already tried 1 time(s); retry policy is RetryUpToMaximumCountWithFixedSleep(maxRetries=15, sleepTime=1000 MILLISECONDS)
2021-09-28 01:15:42,758 [pool-251-thread-1] INFO  server.RaftServer$Division (RaftServerImpl.java:<init>(181)) - omNode-1: new RaftServerImpl for group-523986131536:[omNode-1|rpc:localhost:13704|priority:0] with OzoneManagerStateMachine:uninitialized
2021-09-28 01:15:42,758 [Socket Reader #1 for port 13700] INFO  ipc.Server (Server.java:run(1265)) - Starting Socket Reader #1 for port 13700
2021-09-28 01:15:42,769 [pool-251-thread-1] INFO  server.RaftServerConfigKeys (ConfUtils.java:logGet(44)) - raft.server.rpc.timeout.min = 1s (custom)
2021-09-28 01:15:42,769 [pool-251-thread-1] INFO  server.RaftServerConfigKeys (ConfUtils.java:logGet(44)) - raft.server.rpc.timeout.max = 1200ms (custom)
2021-09-28 01:15:42,769 [pool-251-thread-1] INFO  server.RaftServerConfigKeys (ConfUtils.java:logGet(44)) - raft.server.rpc.sleep.time = 25ms (default)
2021-09-28 01:15:42,769 [pool-251-thread-1] INFO  server.RaftServerConfigKeys (ConfUtils.java:logGet(44)) - raft.server.rpc.slowness.timeout = 2s (custom)
2021-09-28 01:15:42,769 [pool-251-thread-1] INFO  server.RaftServerConfigKeys (ConfUtils.java:logGet(44)) - raft.server.leaderelection.leader.step-down.wait-time = 10s (default)
2021-09-28 01:15:42,769 [pool-251-thread-1] INFO  server.RaftServerConfigKeys (ConfUtils.java:logGet(44)) - raft.server.sleep.deviation.threshold = 300ms (default)
2021-09-28 01:15:42,770 [pool-251-thread-1] INFO  server.RaftServerConfigKeys (ConfUtils.java:logGet(44)) - raft.server.log.appender.install.snapshot.enabled = false (custom)
2021-09-28 01:15:42,770 [pool-251-thread-1] INFO  server.RaftServer$Division (ServerState.java:<init>(105)) - omNode-1@group-523986131536: ConfigurationManager, init=-1: [omNode-1|rpc:localhost:13704|priority:0], old=null, confs=<EMPTY_MAP>
2021-09-28 01:15:42,770 [pool-251-thread-1] INFO  server.RaftServerConfigKeys (ConfUtils.java:logGet(44)) - raft.server.storage.dir = [/home/runner/work/ozone/ozone/hadoop-ozone/integration-test/target/test-dir/MiniOzoneClusterImpl-4882f729-1751-4fe5-a7fb-8e9138349e05/omNode-1/ratis] (custom)
2021-09-28 01:15:42,770 [pool-251-thread-1] INFO  server.RaftServerConfigKeys (ConfUtils.java:logGet(44)) - raft.server.log.corruption.policy = EXCEPTION (default)
2021-09-28 01:15:42,770 [pool-251-thread-1] INFO  server.RaftServerConfigKeys (ConfUtils.java:logGet(44)) - raft.server.storage.free-space.min = 0MB (=0) (default)
2021-09-28 01:15:42,770 [pool-251-thread-1] INFO  storage.RaftStorageDirectory (RaftStorageDirectoryImpl.java:analyzeStorage(135)) - The storage directory /home/runner/work/ozone/ozone/hadoop-ozone/integration-test/target/test-dir/MiniOzoneClusterImpl-4882f729-1751-4fe5-a7fb-8e9138349e05/omNode-1/ratis/c9bc4cf4-3bc3-3c60-a66b-523986131536 does not exist. Creating ...
2021-09-28 01:15:42,778 [pool-251-thread-1] INFO  storage.RaftStorageDirectory (RaftStorageDirectoryImpl.java:tryLock(230)) - Lock on /home/runner/work/ozone/ozone/hadoop-ozone/integration-test/target/test-dir/MiniOzoneClusterImpl-4882f729-1751-4fe5-a7fb-8e9138349e05/omNode-1/ratis/c9bc4cf4-3bc3-3c60-a66b-523986131536/in_use.lock acquired by nodename 14119@fv-az50-883
2021-09-28 01:15:42,782 [pool-251-thread-1] INFO  storage.RaftStorage (RaftStorageImpl.java:format(89)) - Storage directory /home/runner/work/ozone/ozone/hadoop-ozone/integration-test/target/test-dir/MiniOzoneClusterImpl-4882f729-1751-4fe5-a7fb-8e9138349e05/omNode-1/ratis/c9bc4cf4-3bc3-3c60-a66b-523986131536 has been successfully formatted.
2021-09-28 01:15:42,782 [pool-251-thread-1] INFO  server.RaftServerConfigKeys (ConfUtils.java:logGet(44)) - raft.server.notification.no-leader.timeout = 2s (custom)
2021-09-28 01:15:42,783 [pool-251-thread-1] INFO  server.RaftServerConfigKeys (ConfUtils.java:logGet(44)) - raft.server.log.use.memory = false (default)
2021-09-28 01:15:42,783 [pool-251-thread-1] INFO  server.RaftServerConfigKeys (ConfUtils.java:logGet(44)) - raft.server.log.purge.gap = 1000000 (custom)
2021-09-28 01:15:42,783 [pool-251-thread-1] INFO  server.RaftServerConfigKeys (ConfUtils.java:logGet(44)) - raft.server.log.appender.buffer.byte-limit = 33554432 (custom)
2021-09-28 01:15:42,783 [pool-251-thread-1] INFO  server.RaftServerConfigKeys (ConfUtils.java:logGet(44)) - raft.server.log.segment.size.max = 4194304 (custom)
2021-09-28 01:15:42,783 [pool-251-thread-1] INFO  server.RaftServerConfigKeys (ConfUtils.java:logGet(44)) - raft.server.log.segment.cache.num.max = 2 (custom)
2021-09-28 01:15:42,784 [pool-251-thread-1] INFO  server.RaftServerConfigKeys (ConfUtils.java:logGet(44)) - raft.server.log.segment.cache.size.max = 200MB (=209715200) (default)
2021-09-28 01:15:42,784 [pool-251-thread-1] INFO  segmented.SegmentedRaftLogWorker (SegmentedRaftLogWorker.java:<init>(182)) - new omNode-1@group-523986131536-SegmentedRaftLogWorker for RaftStorageImpl:Storage Directory /home/runner/work/ozone/ozone/hadoop-ozone/integration-test/target/test-dir/MiniOzoneClusterImpl-4882f729-1751-4fe5-a7fb-8e9138349e05/omNode-1/ratis/c9bc4cf4-3bc3-3c60-a66b-523986131536
2021-09-28 01:15:42,784 [pool-251-thread-1] INFO  server.RaftServerConfigKeys (ConfUtils.java:logGet(44)) - raft.server.log.queue.byte-limit = 64MB (=67108864) (default)
2021-09-28 01:15:42,784 [pool-251-thread-1] INFO  server.RaftServerConfigKeys (ConfUtils.java:logGet(44)) - raft.server.log.queue.element-limit = 4096 (default)
2021-09-28 01:15:42,784 [pool-251-thread-1] INFO  server.RaftServerConfigKeys (ConfUtils.java:logGet(44)) - raft.server.log.segment.size.max = 4194304 (custom)
2021-09-28 01:15:42,784 [pool-251-thread-1] INFO  server.RaftServerConfigKeys (ConfUtils.java:logGet(44)) - raft.server.log.preallocated.size = 4194304 (custom)
2021-09-28 01:15:42,784 [pool-251-thread-1] INFO  server.RaftServerConfigKeys (ConfUtils.java:logGet(44)) - raft.server.log.force.sync.num = 128 (default)
2021-09-28 01:15:42,784 [pool-251-thread-1] INFO  server.RaftServerConfigKeys (ConfUtils.java:logGet(44)) - raft.server.log.statemachine.data.sync = true (default)
2021-09-28 01:15:42,784 [pool-251-thread-1] INFO  server.RaftServerConfigKeys (ConfUtils.java:logGet(44)) - raft.server.log.statemachine.data.sync.timeout = 10s (default)
2021-09-28 01:15:42,784 [pool-251-thread-1] INFO  server.RaftServerConfigKeys (ConfUtils.java:logGet(44)) - raft.server.log.statemachine.data.sync.timeout.retry = -1 (default)
2021-09-28 01:15:42,785 [pool-251-thread-1] INFO  server.RaftServerConfigKeys (ConfUtils.java:logGet(44)) - raft.server.log.write.buffer.size = 64KB (=65536) (default)
2021-09-28 01:15:42,785 [pool-251-thread-1] INFO  server.RaftServerConfigKeys (ConfUtils.java:logGet(44)) - raft.server.log.statemachine.data.caching.enabled = false (default)
2021-09-28 01:15:42,785 [pool-251-thread-1] INFO  segmented.SegmentedRaftLogWorker (SegmentedRaftLogWorker.java:lambda$new$0(133)) - omNode-1@group-523986131536-SegmentedRaftLogWorker: flushIndex: setUnconditionally 0 -> -1
2021-09-28 01:15:42,785 [pool-251-thread-1] INFO  segmented.SegmentedRaftLogWorker (SegmentedRaftLogWorker.java:lambda$new$0(133)) - omNode-1@group-523986131536-SegmentedRaftLogWorker: safeCacheEvictIndex: setUnconditionally 0 -> -1
2021-09-28 01:15:42,798 [pool-251-thread-1] INFO  server.RaftServerConfigKeys (ConfUtils.java:logGet(44)) - raft.server.snapshot.auto.trigger.enabled = true (custom)
2021-09-28 01:15:42,798 [pool-251-thread-1] INFO  server.RaftServerConfigKeys (ConfUtils.java:logGet(44)) - raft.server.snapshot.auto.trigger.threshold = 400000 (default)
2021-09-28 01:15:42,798 [pool-251-thread-1] INFO  server.RaftServerConfigKeys (ConfUtils.java:logGet(44)) - raft.server.snapshot.retention.file.num = -1 (default)
2021-09-28 01:15:42,798 [pool-251-thread-1] INFO  server.RaftServerConfigKeys (ConfUtils.java:logGet(44)) - raft.server.log.purge.upto.snapshot.index = true (custom)
2021-09-28 01:15:42,798 [pool-251-thread-1] INFO  server.RaftServerConfigKeys (ConfUtils.java:logGet(44)) - raft.server.retrycache.expirytime = 300s (custom)
2021-09-28 01:15:42,798 [pool-251-thread-1] INFO  server.RaftServerConfigKeys (ConfUtils.java:logGet(44)) - raft.server.retrycache.statistics.expirytime = 100μs (default)
2021-09-28 01:15:42,807 [Listener at 127.0.0.1/13700] INFO  om.OzoneManager (OzoneManager.java:initFSOLayout(4333)) - Configured ozone.om.metadata.layout=SIMPLE and disabled optimized OM FS operations
2021-09-28 01:15:42,807 [Listener at 127.0.0.1/13700] INFO  impl.MetricsSystemImpl (MetricsSystemImpl.java:init(158)) - OzoneManager metrics system started (again)
2021-09-28 01:15:42,834 [Listener at 127.0.0.1/13700] INFO  om.OzoneManager (OzoneManager.java:start(1281)) - OzoneManager RPC server is listening at localhost/127.0.0.1:13700
2021-09-28 01:15:42,834 [Listener at 127.0.0.1/13700] INFO  ratis.OzoneManagerRatisServer (OzoneManagerRatisServer.java:start(516)) - Starting OzoneManagerRatisServer omNode-1 at port 13704
2021-09-28 01:15:42,838 [Listener at 127.0.0.1/13700] INFO  server.RaftServer$Division (RaftServerImpl.java:start(296)) - omNode-1@group-523986131536: start as a follower, conf=-1: [omNode-1|rpc:localhost:13704|priority:0], old=null
2021-09-28 01:15:42,838 [Listener at 127.0.0.1/13700] INFO  server.RaftServer$Division (RaftServerImpl.java:setRole(285)) - omNode-1@group-523986131536: changes role from      null to FOLLOWER at term 0 for startAsFollower
2021-09-28 01:15:42,838 [Listener at 127.0.0.1/13700] INFO  impl.RoleInfo (RoleInfo.java:updateAndGet(130)) - omNode-1: start omNode-1@group-523986131536-FollowerState
2021-09-28 01:15:42,845 [Listener at 127.0.0.1/13700] INFO  util.JmxRegister (JmxRegister.java:tryRegister(44)) - Successfully registered JMX Bean with object name Ratis:service=RaftServer,group=group-523986131536,id=omNode-1
2021-09-28 01:15:42,858 [Listener at 127.0.0.1/13700] INFO  server.RaftServer (RaftServerProxy.java:lambda$start$5(374)) - omNode-1: start RPC server
2021-09-28 01:15:42,858 [Listener at 127.0.0.1/13700] INFO  server.GrpcService (GrpcService.java:startImpl(253)) - omNode-1: GrpcService started, listening on 13704
2021-09-28 01:15:42,861 [Listener at 127.0.0.1/13700] INFO  om.OzoneManager (OzoneManager.java:start(1299)) - Version File has different layout version (0) than OM DB (null). That is expected if this OM has never been finalized to a newer layout version.
2021-09-28 01:15:42,862 [org.apache.ratis.util.JvmPauseMonitor$$Lambda$499/1893987183@19e7adf0] INFO  util.JvmPauseMonitor (JvmPauseMonitor.java:run(103)) - JvmPauseMonitor-omNode-1: Started
2021-09-28 01:15:42,886 [Listener at 127.0.0.1/13700] INFO  http.BaseHttpServer (BaseHttpServer.java:newHttpServer2BuilderForOzone(209)) - Starting Web-server for ozoneManager at: http://0.0.0.0:13702
2021-09-28 01:15:42,886 [Listener at 127.0.0.1/13700] INFO  http.BaseHttpServer (BaseHttpServer.java:<init>(107)) - Hadoop Security Enabled: false Ozone Security Enabled: false Ozone HTTP Security Enabled: false 
2021-09-28 01:15:42,888 [Listener at 127.0.0.1/13700] INFO  server.AuthenticationFilter (AuthenticationFilter.java:constructSecretProvider(240)) - Unable to initialize FileSignerSecretProvider, falling back to use random secrets.
2021-09-28 01:15:42,893 [Listener at 127.0.0.1/13700] WARN  http.HttpRequestLog (HttpRequestLog.java:getRequestLog(103)) - Jetty request log can only be enabled using Log4j
2021-09-28 01:15:42,894 [Listener at 127.0.0.1/13700] INFO  http.HttpServer2 (HttpServer2.java:addGlobalFilter(1030)) - Added global filter 'safety' (class=org.apache.hadoop.hdds.server.http.HttpServer2$QuotingInputFilter)
2021-09-28 01:15:42,895 [Listener at 127.0.0.1/13700] INFO  http.HttpServer2 (HttpServer2.java:addFilter(1006)) - Added filter static_user_filter (class=org.apache.hadoop.http.lib.StaticUserWebFilter$StaticUserFilter) to context ozoneManager
2021-09-28 01:15:42,895 [Listener at 127.0.0.1/13700] INFO  http.HttpServer2 (HttpServer2.java:addFilter(1014)) - Added filter static_user_filter (class=org.apache.hadoop.http.lib.StaticUserWebFilter$StaticUserFilter) to context logs
2021-09-28 01:15:42,896 [Listener at 127.0.0.1/13700] INFO  http.HttpServer2 (HttpServer2.java:addFilter(1014)) - Added filter static_user_filter (class=org.apache.hadoop.http.lib.StaticUserWebFilter$StaticUserFilter) to context static
2021-09-28 01:15:42,896 [Listener at 127.0.0.1/13700] INFO  http.HttpServer2 (HttpServer2.java:bindListener(1249)) - Jetty bound to port 13702
2021-09-28 01:15:42,897 [Listener at 127.0.0.1/13700] INFO  server.Server (Server.java:doStart(375)) - jetty-9.4.43.v20210629; built: 2021-06-30T11:07:22.254Z; git: 526006ecfa3af7f1a27ef3a288e2bef7ea9dd7e8; jvm 1.8.0_292-b10
2021-09-28 01:15:42,933 [Listener at 127.0.0.1/13700] INFO  server.session (DefaultSessionIdManager.java:doStart(334)) - DefaultSessionIdManager workerName=node0
2021-09-28 01:15:42,933 [Listener at 127.0.0.1/13700] INFO  server.session (DefaultSessionIdManager.java:doStart(339)) - No SessionScavenger set, using defaults
2021-09-28 01:15:42,933 [Listener at 127.0.0.1/13700] INFO  server.session (HouseKeeper.java:startScavenging(132)) - node0 Scavenging every 600000ms
2021-09-28 01:15:42,940 [Listener at 127.0.0.1/13700] INFO  handler.ContextHandler (ContextHandler.java:doStart(915)) - Started o.e.j.s.ServletContextHandler@cc226b0{logs,/logs,file:///home/runner/work/ozone/ozone/hadoop-ozone/integration-test/target/log,AVAILABLE}
2021-09-28 01:15:42,940 [Listener at 127.0.0.1/13700] INFO  handler.ContextHandler (ContextHandler.java:doStart(915)) - Started o.e.j.s.ServletContextHandler@247b949c{static,/static,file:///home/runner/work/ozone/ozone/hadoop-ozone/integration-test/target/test-classes/webapps/static,AVAILABLE}
2021-09-28 01:15:42,947 [Listener at 127.0.0.1/13700] INFO  handler.ContextHandler (ContextHandler.java:doStart(915)) - Started o.e.j.w.WebAppContext@421e2baf{ozoneManager,/,file:///home/runner/work/ozone/ozone/hadoop-ozone/integration-test/target/test-classes/webapps/ozoneManager/,AVAILABLE}{file:/home/runner/work/ozone/ozone/hadoop-ozone/integration-test/target/test-classes/webapps/ozoneManager}
2021-09-28 01:15:42,952 [Listener at 127.0.0.1/13700] INFO  server.AbstractConnector (AbstractConnector.java:doStart(331)) - Started ServerConnector@4733b248{HTTP/1.1, (http/1.1)}{0.0.0.0:13702}
2021-09-28 01:15:42,952 [Listener at 127.0.0.1/13700] INFO  server.Server (Server.java:doStart(415)) - Started @80155ms
2021-09-28 01:15:42,953 [Listener at 127.0.0.1/13700] WARN  impl.MetricsSystemImpl (MetricsSystemImpl.java:register(279)) - Sink prometheus already exists!
2021-09-28 01:15:42,954 [Listener at 127.0.0.1/13700] INFO  http.BaseHttpServer (BaseHttpServer.java:updateConnectorAddress(329)) - HTTP server of ozoneManager listening at http://0.0.0.0:13702
2021-09-28 01:15:42,957 [IPC Server Responder] INFO  ipc.Server (Server.java:run(1507)) - IPC Server Responder: starting
2021-09-28 01:15:42,964 [IPC Server listener on 13700] INFO  ipc.Server (Server.java:run(1344)) - IPC Server listener on 13700: starting
2021-09-28 01:15:42,974 [Listener at 127.0.0.1/13700] INFO  om.OzoneManager (OzoneManager.java:startTrashEmptier(1543)) - Trash Interval set to 0. Files deleted will not move to trash
2021-09-28 01:15:42,974 [Listener at 127.0.0.1/13700] INFO  ozone.MiniOzoneHAClusterImpl (MiniOzoneHAClusterImpl.java:createOMService(485)) - Started OzoneManager omNode-1 RPC server at localhost/127.0.0.1:13700
2021-09-28 01:15:42,996 [org.apache.hadoop.util.JvmPauseMonitor$Monitor@4ca17241] INFO  util.JvmPauseMonitor (JvmPauseMonitor.java:run(188)) - Starting JVM pause monitor
2021-09-28 01:15:42,998 [Listener at 127.0.0.1/13700] WARN  impl.MetricRegistriesImpl (MetricRegistriesImpl.java:addReporterRegistration(111)) - New reporters are added after registries were created. Some metrics will be missing from the reporter. Please add reporter before adding any new registry.
2021-09-28 01:15:43,006 [Listener at 127.0.0.1/13700] WARN  impl.MetricRegistriesImpl (MetricRegistriesImpl.java:addReporterRegistration(111)) - New reporters are added after registries were created. Some metrics will be missing from the reporter. Please add reporter before adding any new registry.
2021-09-28 01:15:43,006 [Listener at 127.0.0.1/13700] INFO  impl.MetricsSystemImpl (MetricsSystemImpl.java:init(158)) - HddsDatanode metrics system started (again)
2021-09-28 01:15:43,028 [Listener at 127.0.0.1/13700] INFO  ozone.HddsDatanodeService (HddsDatanodeService.java:start(234)) - HddsDatanodeService host:fv-az50-883.grzltbmokehuzjyc5b133kdqgh.cx.internal.cloudapp.net ip:10.1.0.25
2021-09-28 01:15:43,103 [Listener at 127.0.0.1/13700] INFO  upgrade.AbstractLayoutVersionManager (AbstractLayoutVersionManager.java:init(79)) - Initializing Layout version manager with metadata layout = SCM_HA (version = 2), software layout = SCM_HA (version = 2)
2021-09-28 01:15:43,181 [Listener at 127.0.0.1/13700] INFO  reflections.Reflections (Reflections.java:scan(232)) - Reflections took 77 ms to scan 7 urls, producing 119 keys and 275 values 
2021-09-28 01:15:43,183 [Listener at 127.0.0.1/13700] INFO  ha.SCMNodeInfo (SCMNodeInfo.java:getPort(197)) - ConfigKey ozone.scm.client.address is deprecated, For configuring different ports for each SCM use PortConfigKey ozone.scm.client.port appended with serviceId and nodeId
2021-09-28 01:15:43,183 [Listener at 127.0.0.1/13700] INFO  ha.SCMNodeInfo (SCMNodeInfo.java:getPort(197)) - ConfigKey ozone.scm.block.client.address is deprecated, For configuring different ports for each SCM use PortConfigKey ozone.scm.block.client.port appended with serviceId and nodeId
2021-09-28 01:15:43,186 [Listener at 127.0.0.1/13700] INFO  ha.SCMNodeInfo (SCMNodeInfo.java:getPort(197)) - ConfigKey ozone.scm.datanode.address is deprecated, For configuring different ports for each SCM use PortConfigKey ozone.scm.datanode.port appended with serviceId and nodeId
2021-09-28 01:15:43,187 [Listener at 127.0.0.1/13700] INFO  ha.SCMNodeInfo (SCMNodeInfo.java:getPort(197)) - ConfigKey ozone.scm.client.address is deprecated, For configuring different ports for each SCM use PortConfigKey ozone.scm.client.port appended with serviceId and nodeId
2021-09-28 01:15:43,187 [Listener at 127.0.0.1/13700] INFO  ha.SCMNodeInfo (SCMNodeInfo.java:getPort(197)) - ConfigKey ozone.scm.block.client.address is deprecated, For configuring different ports for each SCM use PortConfigKey ozone.scm.block.client.port appended with serviceId and nodeId
2021-09-28 01:15:43,187 [Listener at 127.0.0.1/13700] INFO  ha.SCMNodeInfo (SCMNodeInfo.java:getPort(197)) - ConfigKey ozone.scm.datanode.address is deprecated, For configuring different ports for each SCM use PortConfigKey ozone.scm.datanode.port appended with serviceId and nodeId
2021-09-28 01:15:43,187 [Listener at 127.0.0.1/13700] INFO  ha.SCMNodeInfo (SCMNodeInfo.java:getPort(197)) - ConfigKey ozone.scm.client.address is deprecated, For configuring different ports for each SCM use PortConfigKey ozone.scm.client.port appended with serviceId and nodeId
2021-09-28 01:15:43,187 [Listener at 127.0.0.1/13700] INFO  ha.SCMNodeInfo (SCMNodeInfo.java:getPort(197)) - ConfigKey ozone.scm.block.client.address is deprecated, For configuring different ports for each SCM use PortConfigKey ozone.scm.block.client.port appended with serviceId and nodeId
2021-09-28 01:15:43,188 [Listener at 127.0.0.1/13700] INFO  ha.SCMNodeInfo (SCMNodeInfo.java:getPort(197)) - ConfigKey ozone.scm.datanode.address is deprecated, For configuring different ports for each SCM use PortConfigKey ozone.scm.datanode.port appended with serviceId and nodeId
2021-09-28 01:15:43,202 [Listener at 127.0.0.1/13700] INFO  volume.HddsVolume (HddsVolume.java:<init>(120)) - Creating HddsVolume: /home/runner/work/ozone/ozone/hadoop-ozone/integration-test/target/test-dir/MiniOzoneClusterImpl-4882f729-1751-4fe5-a7fb-8e9138349e05/datanode-0/data-0/containers/hdds of storage type : DISK capacity : 9223372036854775807
2021-09-28 01:15:43,203 [Listener at 127.0.0.1/13700] INFO  volume.MutableVolumeSet (MutableVolumeSet.java:initializeVolumeSet(168)) - Added Volume : /home/runner/work/ozone/ozone/hadoop-ozone/integration-test/target/test-dir/MiniOzoneClusterImpl-4882f729-1751-4fe5-a7fb-8e9138349e05/datanode-0/data-0/containers/hdds to VolumeSet
2021-09-28 01:15:43,203 [Listener at 127.0.0.1/13700] INFO  volume.ThrottledAsyncChecker (ThrottledAsyncChecker.java:schedule(141)) - Scheduling a check for /home/runner/work/ozone/ozone/hadoop-ozone/integration-test/target/test-dir/MiniOzoneClusterImpl-4882f729-1751-4fe5-a7fb-8e9138349e05/datanode-0/data-0/containers/hdds
2021-09-28 01:15:43,214 [Listener at 127.0.0.1/13700] INFO  volume.StorageVolumeChecker (StorageVolumeChecker.java:checkAllVolumes(202)) - Scheduled health check for volume /home/runner/work/ozone/ozone/hadoop-ozone/integration-test/target/test-dir/MiniOzoneClusterImpl-4882f729-1751-4fe5-a7fb-8e9138349e05/datanode-0/data-0/containers/hdds
2021-09-28 01:15:43,244 [Listener at 127.0.0.1/13700] INFO  volume.MutableVolumeSet (MutableVolumeSet.java:initializeVolumeSet(168)) - Added Volume : /home/runner/work/ozone/ozone/hadoop-ozone/integration-test/target/test-dir/MiniOzoneClusterImpl-4882f729-1751-4fe5-a7fb-8e9138349e05/datanode-0/data/ratis to VolumeSet
2021-09-28 01:15:43,244 [Listener at 127.0.0.1/13700] INFO  volume.ThrottledAsyncChecker (ThrottledAsyncChecker.java:schedule(141)) - Scheduling a check for /home/runner/work/ozone/ozone/hadoop-ozone/integration-test/target/test-dir/MiniOzoneClusterImpl-4882f729-1751-4fe5-a7fb-8e9138349e05/datanode-0/data/ratis
2021-09-28 01:15:43,244 [Listener at 127.0.0.1/13700] INFO  volume.StorageVolumeChecker (StorageVolumeChecker.java:checkAllVolumes(202)) - Scheduled health check for volume /home/runner/work/ozone/ozone/hadoop-ozone/integration-test/target/test-dir/MiniOzoneClusterImpl-4882f729-1751-4fe5-a7fb-8e9138349e05/datanode-0/data/ratis
2021-09-28 01:15:43,286 [Thread-1434] INFO  ozoneimpl.ContainerReader (ContainerReader.java:readVolume(172)) - Finish verifying containers on volume /home/runner/work/ozone/ozone/hadoop-ozone/integration-test/target/test-dir/MiniOzoneClusterImpl-4882f729-1751-4fe5-a7fb-8e9138349e05/datanode-0/data-0/containers/hdds
2021-09-28 01:15:43,286 [Listener at 127.0.0.1/13700] INFO  ozoneimpl.OzoneContainer (OzoneContainer.java:buildContainerSet(236)) - Build ContainerSet costs 0s
2021-09-28 01:15:43,289 [Listener at 127.0.0.1/13700] INFO  server.RaftServer (ConfUtils.java:logGet(44)) - raft.rpc.type = GRPC (default)
2021-09-28 01:15:43,289 [Listener at 127.0.0.1/13700] INFO  grpc.GrpcFactory (GrpcFactory.java:checkPooledByteBufAllocatorUseCacheForAllThreads(48)) - PERFORMANCE WARNING: useCacheForAllThreads is true that may cause Netty to create a lot garbage objects and, as a result, trigger GC.
	It is recommended to disable useCacheForAllThreads by setting -Dorg.apache.ratis.thirdparty.io.netty.allocator.useCacheForAllThreads=false in command line.
2021-09-28 01:15:43,289 [Listener at 127.0.0.1/13700] INFO  grpc.GrpcConfigKeys (ConfUtils.java:logGet(44)) - raft.grpc.admin.port = 0 (custom)
2021-09-28 01:15:43,289 [Listener at 127.0.0.1/13700] INFO  grpc.GrpcConfigKeys (ConfUtils.java:logGet(44)) - raft.grpc.client.port = 0 (custom)
2021-09-28 01:15:43,290 [Listener at 127.0.0.1/13700] INFO  grpc.GrpcConfigKeys (ConfUtils.java:logGet(44)) - raft.grpc.server.port = 0 (default)
2021-09-28 01:15:43,290 [Listener at 127.0.0.1/13700] INFO  server.GrpcService (ConfUtils.java:logGet(44)) - raft.grpc.message.size.max = 32MB (=33554432) (custom)
2021-09-28 01:15:43,290 [Listener at 127.0.0.1/13700] INFO  server.RaftServerConfigKeys (ConfUtils.java:logGet(44)) - raft.server.log.appender.buffer.byte-limit = 33554432 (custom)
2021-09-28 01:15:43,290 [Listener at 127.0.0.1/13700] INFO  server.GrpcService (ConfUtils.java:logGet(44)) - raft.grpc.flow.control.window = 5MB (=5242880) (custom)
2021-09-28 01:15:43,291 [Listener at 127.0.0.1/13700] INFO  server.RaftServerConfigKeys (ConfUtils.java:logGet(44)) - raft.server.rpc.request.timeout = 60s (custom)
2021-09-28 01:15:43,292 [Listener at 127.0.0.1/13700] INFO  impl.DataStreamServerImpl (ConfUtils.java:logGet(44)) - raft.datastream.type = DISABLED (default)
2021-09-28 01:15:43,293 [Listener at 127.0.0.1/13700] INFO  server.RaftServerConfigKeys (ConfUtils.java:logGet(44)) - raft.server.rpc.slowness.timeout = 300s (custom)
2021-09-28 01:15:43,293 [Listener at 127.0.0.1/13700] INFO  server.RaftServerConfigKeys (ConfUtils.java:logGet(44)) - raft.server.leaderelection.leader.step-down.wait-time = 10s (default)
2021-09-28 01:15:43,293 [Listener at 127.0.0.1/13700] INFO  server.RaftServerConfigKeys (ConfUtils.java:logGet(44)) - raft.server.storage.dir = [/home/runner/work/ozone/ozone/hadoop-ozone/integration-test/target/test-dir/MiniOzoneClusterImpl-4882f729-1751-4fe5-a7fb-8e9138349e05/datanode-0/data/ratis] (custom)
2021-09-28 01:15:43,302 [Listener at 127.0.0.1/13700] INFO  http.BaseHttpServer (BaseHttpServer.java:newHttpServer2BuilderForOzone(209)) - Starting Web-server for hddsDatanode at: http://0.0.0.0:0
2021-09-28 01:15:43,303 [Listener at 127.0.0.1/13700] INFO  http.BaseHttpServer (BaseHttpServer.java:<init>(107)) - Hadoop Security Enabled: false Ozone Security Enabled: false Ozone HTTP Security Enabled: false 
2021-09-28 01:15:43,304 [Listener at 127.0.0.1/13700] INFO  server.AuthenticationFilter (AuthenticationFilter.java:constructSecretProvider(240)) - Unable to initialize FileSignerSecretProvider, falling back to use random secrets.
2021-09-28 01:15:43,307 [Listener at 127.0.0.1/13700] WARN  http.HttpRequestLog (HttpRequestLog.java:getRequestLog(103)) - Jetty request log can only be enabled using Log4j
2021-09-28 01:15:43,308 [Listener at 127.0.0.1/13700] INFO  http.HttpServer2 (HttpServer2.java:addGlobalFilter(1030)) - Added global filter 'safety' (class=org.apache.hadoop.hdds.server.http.HttpServer2$QuotingInputFilter)
2021-09-28 01:15:43,309 [Listener at 127.0.0.1/13700] INFO  http.HttpServer2 (HttpServer2.java:addFilter(1006)) - Added filter static_user_filter (class=org.apache.hadoop.http.lib.StaticUserWebFilter$StaticUserFilter) to context hddsDatanode
2021-09-28 01:15:43,309 [Listener at 127.0.0.1/13700] INFO  http.HttpServer2 (HttpServer2.java:addFilter(1014)) - Added filter static_user_filter (class=org.apache.hadoop.http.lib.StaticUserWebFilter$StaticUserFilter) to context static
2021-09-28 01:15:43,309 [Listener at 127.0.0.1/13700] INFO  http.HttpServer2 (HttpServer2.java:addFilter(1014)) - Added filter static_user_filter (class=org.apache.hadoop.http.lib.StaticUserWebFilter$StaticUserFilter) to context logs
2021-09-28 01:15:43,310 [Listener at 127.0.0.1/13700] INFO  http.HttpServer2 (HttpServer2.java:bindListener(1249)) - Jetty bound to port 46375
2021-09-28 01:15:43,310 [Listener at 127.0.0.1/13700] INFO  server.Server (Server.java:doStart(375)) - jetty-9.4.43.v20210629; built: 2021-06-30T11:07:22.254Z; git: 526006ecfa3af7f1a27ef3a288e2bef7ea9dd7e8; jvm 1.8.0_292-b10
2021-09-28 01:15:43,372 [EndpointStateMachine task thread for /127.0.0.1:15957 - 0 ] INFO  ipc.Client (Client.java:handleConnectionFailure(977)) - Retrying connect to server: localhost/127.0.0.1:15957. Already tried 1 time(s); retry policy is RetryUpToMaximumCountWithFixedSleep(maxRetries=15, sleepTime=1000 MILLISECONDS)
2021-09-28 01:15:43,387 [Listener at 127.0.0.1/13700] INFO  server.session (DefaultSessionIdManager.java:doStart(334)) - DefaultSessionIdManager workerName=node0
2021-09-28 01:15:43,387 [Listener at 127.0.0.1/13700] INFO  server.session (DefaultSessionIdManager.java:doStart(339)) - No SessionScavenger set, using defaults
2021-09-28 01:15:43,387 [Listener at 127.0.0.1/13700] INFO  server.session (HouseKeeper.java:startScavenging(132)) - node0 Scavenging every 600000ms
2021-09-28 01:15:43,392 [Listener at 127.0.0.1/13700] INFO  handler.ContextHandler (ContextHandler.java:doStart(915)) - Started o.e.j.s.ServletContextHandler@5da39ad8{logs,/logs,file:///home/runner/work/ozone/ozone/hadoop-ozone/integration-test/target/log,AVAILABLE}
2021-09-28 01:15:43,392 [Listener at 127.0.0.1/13700] INFO  handler.ContextHandler (ContextHandler.java:doStart(915)) - Started o.e.j.s.ServletContextHandler@41919e19{static,/static,jar:file:/home/runner/.m2/repository/org/apache/ozone/hdds-container-service/1.2.0-SNAPSHOT/hdds-container-service-1.2.0-SNAPSHOT.jar!/webapps/static,AVAILABLE}
2021-09-28 01:15:43,488 [Listener at 127.0.0.1/13700] INFO  handler.ContextHandler (ContextHandler.java:doStart(915)) - Started o.e.j.w.WebAppContext@779406fe{hddsDatanode,/,file:///tmp/jetty-0_0_0_0-46375-hdds-container-service-1_2_0-SNAPSHOT_jar-_-any-3408082816619680773/webapp/,AVAILABLE}{jar:file:/home/runner/.m2/repository/org/apache/ozone/hdds-container-service/1.2.0-SNAPSHOT/hdds-container-service-1.2.0-SNAPSHOT.jar!/webapps/hddsDatanode}
2021-09-28 01:15:43,494 [Listener at 127.0.0.1/13700] INFO  server.AbstractConnector (AbstractConnector.java:doStart(331)) - Started ServerConnector@4de73fd2{HTTP/1.1, (http/1.1)}{0.0.0.0:46375}
2021-09-28 01:15:43,494 [Listener at 127.0.0.1/13700] INFO  server.Server (Server.java:doStart(415)) - Started @80697ms
2021-09-28 01:15:43,494 [Listener at 127.0.0.1/13700] WARN  impl.MetricsSystemImpl (MetricsSystemImpl.java:register(279)) - Sink prometheus already exists!
2021-09-28 01:15:43,495 [Listener at 127.0.0.1/13700] INFO  http.BaseHttpServer (BaseHttpServer.java:updateConnectorAddress(329)) - HTTP server of hddsDatanode listening at http://0.0.0.0:46375
2021-09-28 01:15:43,498 [Listener at 127.0.0.1/13700] WARN  impl.MetricRegistriesImpl (MetricRegistriesImpl.java:addReporterRegistration(111)) - New reporters are added after registries were created. Some metrics will be missing from the reporter. Please add reporter before adding any new registry.
2021-09-28 01:15:43,498 [Listener at 127.0.0.1/13700] WARN  impl.MetricRegistriesImpl (MetricRegistriesImpl.java:addReporterRegistration(111)) - New reporters are added after registries were created. Some metrics will be missing from the reporter. Please add reporter before adding any new registry.
2021-09-28 01:15:43,498 [Listener at 127.0.0.1/13700] INFO  impl.MetricsSystemImpl (MetricsSystemImpl.java:init(158)) - HddsDatanode metrics system started (again)
2021-09-28 01:15:43,502 [EndpointStateMachine task thread for /127.0.0.1:15977 - 0 ] INFO  ipc.Client (Client.java:handleConnectionFailure(977)) - Retrying connect to server: localhost/127.0.0.1:15977. Already tried 2 time(s); retry policy is RetryUpToMaximumCountWithFixedSleep(maxRetries=15, sleepTime=1000 MILLISECONDS)
2021-09-28 01:15:43,502 [Datanode State Machine Thread - 0] INFO  statemachine.DatanodeStateMachine (DatanodeStateMachine.java:lambda$startDaemon$0(456)) - Ozone container server started.
2021-09-28 01:15:43,516 [org.apache.hadoop.util.JvmPauseMonitor$Monitor@2a16c4c7] INFO  util.JvmPauseMonitor (JvmPauseMonitor.java:run(188)) - Starting JVM pause monitor
2021-09-28 01:15:43,521 [Listener at 127.0.0.1/13700] INFO  ozone.HddsDatanodeService (HddsDatanodeService.java:start(234)) - HddsDatanodeService host:fv-az50-883.grzltbmokehuzjyc5b133kdqgh.cx.internal.cloudapp.net ip:10.1.0.25
2021-09-28 01:15:43,522 [Datanode State Machine Task Thread - 0] INFO  ha.SCMNodeInfo (SCMNodeInfo.java:getPort(197)) - ConfigKey ozone.scm.client.address is deprecated, For configuring different ports for each SCM use PortConfigKey ozone.scm.client.port appended with serviceId and nodeId
2021-09-28 01:15:43,522 [Datanode State Machine Task Thread - 0] INFO  ha.SCMNodeInfo (SCMNodeInfo.java:getPort(197)) - ConfigKey ozone.scm.block.client.address is deprecated, For configuring different ports for each SCM use PortConfigKey ozone.scm.block.client.port appended with serviceId and nodeId
2021-09-28 01:15:43,522 [Datanode State Machine Task Thread - 0] INFO  ha.SCMNodeInfo (SCMNodeInfo.java:getPort(197)) - ConfigKey ozone.scm.datanode.address is deprecated, For configuring different ports for each SCM use PortConfigKey ozone.scm.datanode.port appended with serviceId and nodeId
2021-09-28 01:15:43,522 [Datanode State Machine Task Thread - 0] INFO  ha.SCMNodeInfo (SCMNodeInfo.java:getPort(197)) - ConfigKey ozone.scm.client.address is deprecated, For configuring different ports for each SCM use PortConfigKey ozone.scm.client.port appended with serviceId and nodeId
2021-09-28 01:15:43,522 [Datanode State Machine Task Thread - 0] INFO  ha.SCMNodeInfo (SCMNodeInfo.java:getPort(197)) - ConfigKey ozone.scm.block.client.address is deprecated, For configuring different ports for each SCM use PortConfigKey ozone.scm.block.client.port appended with serviceId and nodeId
2021-09-28 01:15:43,522 [Datanode State Machine Task Thread - 0] INFO  ha.SCMNodeInfo (SCMNodeInfo.java:getPort(197)) - ConfigKey ozone.scm.datanode.address is deprecated, For configuring different ports for each SCM use PortConfigKey ozone.scm.datanode.port appended with serviceId and nodeId
2021-09-28 01:15:43,523 [Datanode State Machine Task Thread - 0] INFO  ha.SCMNodeInfo (SCMNodeInfo.java:getPort(197)) - ConfigKey ozone.scm.client.address is deprecated, For configuring different ports for each SCM use PortConfigKey ozone.scm.client.port appended with serviceId and nodeId
2021-09-28 01:15:43,523 [Datanode State Machine Task Thread - 0] INFO  ha.SCMNodeInfo (SCMNodeInfo.java:getPort(197)) - ConfigKey ozone.scm.block.client.address is deprecated, For configuring different ports for each SCM use PortConfigKey ozone.scm.block.client.port appended with serviceId and nodeId
2021-09-28 01:15:43,523 [Datanode State Machine Task Thread - 0] INFO  ha.SCMNodeInfo (SCMNodeInfo.java:getPort(197)) - ConfigKey ozone.scm.datanode.address is deprecated, For configuring different ports for each SCM use PortConfigKey ozone.scm.datanode.port appended with serviceId and nodeId
2021-09-28 01:15:43,538 [Datanode State Machine Task Thread - 0] INFO  datanode.InitDatanodeState (InitDatanodeState.java:persistContainerDatanodeDetails(145)) - DatanodeDetails is persisted to /home/runner/work/ozone/ozone/hadoop-ozone/integration-test/target/test-dir/MiniOzoneClusterImpl-4882f729-1751-4fe5-a7fb-8e9138349e05/datanode-0/meta/datanode.id
2021-09-28 01:15:43,566 [Listener at 127.0.0.1/13700] INFO  upgrade.AbstractLayoutVersionManager (AbstractLayoutVersionManager.java:init(79)) - Initializing Layout version manager with metadata layout = SCM_HA (version = 2), software layout = SCM_HA (version = 2)
2021-09-28 01:15:43,667 [Listener at 127.0.0.1/13700] INFO  reflections.Reflections (Reflections.java:scan(232)) - Reflections took 96 ms to scan 7 urls, producing 119 keys and 275 values 
2021-09-28 01:15:43,670 [Listener at 127.0.0.1/13700] INFO  ha.SCMNodeInfo (SCMNodeInfo.java:getPort(197)) - ConfigKey ozone.scm.client.address is deprecated, For configuring different ports for each SCM use PortConfigKey ozone.scm.client.port appended with serviceId and nodeId
2021-09-28 01:15:43,670 [Listener at 127.0.0.1/13700] INFO  ha.SCMNodeInfo (SCMNodeInfo.java:getPort(197)) - ConfigKey ozone.scm.block.client.address is deprecated, For configuring different ports for each SCM use PortConfigKey ozone.scm.block.client.port appended with serviceId and nodeId
2021-09-28 01:15:43,681 [Listener at 127.0.0.1/13700] INFO  ha.SCMNodeInfo (SCMNodeInfo.java:getPort(197)) - ConfigKey ozone.scm.datanode.address is deprecated, For configuring different ports for each SCM use PortConfigKey ozone.scm.datanode.port appended with serviceId and nodeId
2021-09-28 01:15:43,681 [Listener at 127.0.0.1/13700] INFO  ha.SCMNodeInfo (SCMNodeInfo.java:getPort(197)) - ConfigKey ozone.scm.client.address is deprecated, For configuring different ports for each SCM use PortConfigKey ozone.scm.client.port appended with serviceId and nodeId
2021-09-28 01:15:43,681 [Listener at 127.0.0.1/13700] INFO  ha.SCMNodeInfo (SCMNodeInfo.java:getPort(197)) - ConfigKey ozone.scm.block.client.address is deprecated, For configuring different ports for each SCM use PortConfigKey ozone.scm.block.client.port appended with serviceId and nodeId
2021-09-28 01:15:43,681 [Listener at 127.0.0.1/13700] INFO  ha.SCMNodeInfo (SCMNodeInfo.java:getPort(197)) - ConfigKey ozone.scm.datanode.address is deprecated, For configuring different ports for each SCM use PortConfigKey ozone.scm.datanode.port appended with serviceId and nodeId
2021-09-28 01:15:43,690 [Listener at 127.0.0.1/13700] INFO  ha.SCMNodeInfo (SCMNodeInfo.java:getPort(197)) - ConfigKey ozone.scm.client.address is deprecated, For configuring different ports for each SCM use PortConfigKey ozone.scm.client.port appended with serviceId and nodeId
2021-09-28 01:15:43,690 [Listener at 127.0.0.1/13700] INFO  ha.SCMNodeInfo (SCMNodeInfo.java:getPort(197)) - ConfigKey ozone.scm.block.client.address is deprecated, For configuring different ports for each SCM use PortConfigKey ozone.scm.block.client.port appended with serviceId and nodeId
2021-09-28 01:15:43,690 [Listener at 127.0.0.1/13700] INFO  ha.SCMNodeInfo (SCMNodeInfo.java:getPort(197)) - ConfigKey ozone.scm.datanode.address is deprecated, For configuring different ports for each SCM use PortConfigKey ozone.scm.datanode.port appended with serviceId and nodeId
2021-09-28 01:15:43,698 [Listener at 127.0.0.1/13700] INFO  volume.HddsVolume (HddsVolume.java:<init>(120)) - Creating HddsVolume: /home/runner/work/ozone/ozone/hadoop-ozone/integration-test/target/test-dir/MiniOzoneClusterImpl-4882f729-1751-4fe5-a7fb-8e9138349e05/datanode-1/data-0/containers/hdds of storage type : DISK capacity : 9223372036854775807
2021-09-28 01:15:43,699 [Listener at 127.0.0.1/13700] INFO  volume.MutableVolumeSet (MutableVolumeSet.java:initializeVolumeSet(168)) - Added Volume : /home/runner/work/ozone/ozone/hadoop-ozone/integration-test/target/test-dir/MiniOzoneClusterImpl-4882f729-1751-4fe5-a7fb-8e9138349e05/datanode-1/data-0/containers/hdds to VolumeSet
2021-09-28 01:15:43,699 [Listener at 127.0.0.1/13700] INFO  volume.ThrottledAsyncChecker (ThrottledAsyncChecker.java:schedule(141)) - Scheduling a check for /home/runner/work/ozone/ozone/hadoop-ozone/integration-test/target/test-dir/MiniOzoneClusterImpl-4882f729-1751-4fe5-a7fb-8e9138349e05/datanode-1/data-0/containers/hdds
2021-09-28 01:15:43,710 [Listener at 127.0.0.1/13700] INFO  volume.StorageVolumeChecker (StorageVolumeChecker.java:checkAllVolumes(202)) - Scheduled health check for volume /home/runner/work/ozone/ozone/hadoop-ozone/integration-test/target/test-dir/MiniOzoneClusterImpl-4882f729-1751-4fe5-a7fb-8e9138349e05/datanode-1/data-0/containers/hdds
2021-09-28 01:15:43,733 [Listener at 127.0.0.1/13700] INFO  volume.MutableVolumeSet (MutableVolumeSet.java:initializeVolumeSet(168)) - Added Volume : /home/runner/work/ozone/ozone/hadoop-ozone/integration-test/target/test-dir/MiniOzoneClusterImpl-4882f729-1751-4fe5-a7fb-8e9138349e05/datanode-1/data/ratis to VolumeSet
2021-09-28 01:15:43,744 [Listener at 127.0.0.1/13700] INFO  volume.ThrottledAsyncChecker (ThrottledAsyncChecker.java:schedule(141)) - Scheduling a check for /home/runner/work/ozone/ozone/hadoop-ozone/integration-test/target/test-dir/MiniOzoneClusterImpl-4882f729-1751-4fe5-a7fb-8e9138349e05/datanode-1/data/ratis
2021-09-28 01:15:43,744 [Listener at 127.0.0.1/13700] INFO  volume.StorageVolumeChecker (StorageVolumeChecker.java:checkAllVolumes(202)) - Scheduled health check for volume /home/runner/work/ozone/ozone/hadoop-ozone/integration-test/target/test-dir/MiniOzoneClusterImpl-4882f729-1751-4fe5-a7fb-8e9138349e05/datanode-1/data/ratis
2021-09-28 01:15:43,753 [EndpointStateMachine task thread for /127.0.0.1:15967 - 0 ] INFO  ipc.Client (Client.java:handleConnectionFailure(977)) - Retrying connect to server: localhost/127.0.0.1:15967. Already tried 2 time(s); retry policy is RetryUpToMaximumCountWithFixedSleep(maxRetries=15, sleepTime=1000 MILLISECONDS)
2021-09-28 01:15:43,781 [Thread-1446] INFO  ozoneimpl.ContainerReader (ContainerReader.java:readVolume(172)) - Finish verifying containers on volume /home/runner/work/ozone/ozone/hadoop-ozone/integration-test/target/test-dir/MiniOzoneClusterImpl-4882f729-1751-4fe5-a7fb-8e9138349e05/datanode-1/data-0/containers/hdds
2021-09-28 01:15:43,781 [Listener at 127.0.0.1/13700] INFO  ozoneimpl.OzoneContainer (OzoneContainer.java:buildContainerSet(236)) - Build ContainerSet costs 0s
2021-09-28 01:15:43,790 [Listener at 127.0.0.1/13700] INFO  server.RaftServer (ConfUtils.java:logGet(44)) - raft.rpc.type = GRPC (default)
2021-09-28 01:15:43,790 [Listener at 127.0.0.1/13700] INFO  grpc.GrpcFactory (GrpcFactory.java:checkPooledByteBufAllocatorUseCacheForAllThreads(48)) - PERFORMANCE WARNING: useCacheForAllThreads is true that may cause Netty to create a lot garbage objects and, as a result, trigger GC.
	It is recommended to disable useCacheForAllThreads by setting -Dorg.apache.ratis.thirdparty.io.netty.allocator.useCacheForAllThreads=false in command line.
2021-09-28 01:15:43,791 [Listener at 127.0.0.1/13700] INFO  grpc.GrpcConfigKeys (ConfUtils.java:logGet(44)) - raft.grpc.admin.port = 0 (custom)
2021-09-28 01:15:43,791 [Listener at 127.0.0.1/13700] INFO  grpc.GrpcConfigKeys (ConfUtils.java:logGet(44)) - raft.grpc.client.port = 0 (custom)
2021-09-28 01:15:43,791 [Listener at 127.0.0.1/13700] INFO  grpc.GrpcConfigKeys (ConfUtils.java:logGet(44)) - raft.grpc.server.port = 0 (default)
2021-09-28 01:15:43,791 [Listener at 127.0.0.1/13700] INFO  server.GrpcService (ConfUtils.java:logGet(44)) - raft.grpc.message.size.max = 32MB (=33554432) (custom)
2021-09-28 01:15:43,791 [Listener at 127.0.0.1/13700] INFO  server.RaftServerConfigKeys (ConfUtils.java:logGet(44)) - raft.server.log.appender.buffer.byte-limit = 33554432 (custom)
2021-09-28 01:15:43,792 [Listener at 127.0.0.1/13700] INFO  server.GrpcService (ConfUtils.java:logGet(44)) - raft.grpc.flow.control.window = 5MB (=5242880) (custom)
2021-09-28 01:15:43,792 [Listener at 127.0.0.1/13700] INFO  server.RaftServerConfigKeys (ConfUtils.java:logGet(44)) - raft.server.rpc.request.timeout = 60s (custom)
2021-09-28 01:15:43,793 [Listener at 127.0.0.1/13700] INFO  impl.DataStreamServerImpl (ConfUtils.java:logGet(44)) - raft.datastream.type = DISABLED (default)
2021-09-28 01:15:43,794 [Listener at 127.0.0.1/13700] INFO  server.RaftServerConfigKeys (ConfUtils.java:logGet(44)) - raft.server.rpc.slowness.timeout = 300s (custom)
2021-09-28 01:15:43,795 [Listener at 127.0.0.1/13700] INFO  server.RaftServerConfigKeys (ConfUtils.java:logGet(44)) - raft.server.leaderelection.leader.step-down.wait-time = 10s (default)
2021-09-28 01:15:43,795 [Listener at 127.0.0.1/13700] INFO  server.RaftServerConfigKeys (ConfUtils.java:logGet(44)) - raft.server.storage.dir = [/home/runner/work/ozone/ozone/hadoop-ozone/integration-test/target/test-dir/MiniOzoneClusterImpl-4882f729-1751-4fe5-a7fb-8e9138349e05/datanode-1/data/ratis] (custom)
2021-09-28 01:15:43,808 [Listener at 127.0.0.1/13700] INFO  http.BaseHttpServer (BaseHttpServer.java:newHttpServer2BuilderForOzone(209)) - Starting Web-server for hddsDatanode at: http://0.0.0.0:0
2021-09-28 01:15:43,809 [Listener at 127.0.0.1/13700] INFO  http.BaseHttpServer (BaseHttpServer.java:<init>(107)) - Hadoop Security Enabled: false Ozone Security Enabled: false Ozone HTTP Security Enabled: false 
2021-09-28 01:15:43,822 [Listener at 127.0.0.1/13700] INFO  server.AuthenticationFilter (AuthenticationFilter.java:constructSecretProvider(240)) - Unable to initialize FileSignerSecretProvider, falling back to use random secrets.
2021-09-28 01:15:43,826 [Listener at 127.0.0.1/13700] WARN  http.HttpRequestLog (HttpRequestLog.java:getRequestLog(103)) - Jetty request log can only be enabled using Log4j
2021-09-28 01:15:43,828 [Listener at 127.0.0.1/13700] INFO  http.HttpServer2 (HttpServer2.java:addGlobalFilter(1030)) - Added global filter 'safety' (class=org.apache.hadoop.hdds.server.http.HttpServer2$QuotingInputFilter)
2021-09-28 01:15:43,830 [Listener at 127.0.0.1/13700] INFO  http.HttpServer2 (HttpServer2.java:addFilter(1006)) - Added filter static_user_filter (class=org.apache.hadoop.http.lib.StaticUserWebFilter$StaticUserFilter) to context hddsDatanode
2021-09-28 01:15:43,830 [Listener at 127.0.0.1/13700] INFO  http.HttpServer2 (HttpServer2.java:addFilter(1014)) - Added filter static_user_filter (class=org.apache.hadoop.http.lib.StaticUserWebFilter$StaticUserFilter) to context static
2021-09-28 01:15:43,830 [Listener at 127.0.0.1/13700] INFO  http.HttpServer2 (HttpServer2.java:addFilter(1014)) - Added filter static_user_filter (class=org.apache.hadoop.http.lib.StaticUserWebFilter$StaticUserFilter) to context logs
2021-09-28 01:15:43,831 [Listener at 127.0.0.1/13700] INFO  http.HttpServer2 (HttpServer2.java:bindListener(1249)) - Jetty bound to port 46157
2021-09-28 01:15:43,831 [Listener at 127.0.0.1/13700] INFO  server.Server (Server.java:doStart(375)) - jetty-9.4.43.v20210629; built: 2021-06-30T11:07:22.254Z; git: 526006ecfa3af7f1a27ef3a288e2bef7ea9dd7e8; jvm 1.8.0_292-b10
2021-09-28 01:15:43,861 [omNode-1@group-523986131536-FollowerState] INFO  impl.FollowerState (FollowerState.java:run(134)) - omNode-1@group-523986131536-FollowerState: change to CANDIDATE, lastRpcElapsedTime:1023036028ns, electionTimeout:1015ms
2021-09-28 01:15:43,862 [omNode-1@group-523986131536-FollowerState] INFO  impl.RoleInfo (RoleInfo.java:shutdownFollowerState(108)) - omNode-1: shutdown omNode-1@group-523986131536-FollowerState
2021-09-28 01:15:43,862 [omNode-1@group-523986131536-FollowerState] INFO  server.RaftServer$Division (RaftServerImpl.java:setRole(285)) - omNode-1@group-523986131536: changes role from  FOLLOWER to CANDIDATE at term 0 for changeToCandidate
2021-09-28 01:15:43,902 [Listener at 127.0.0.1/13700] INFO  server.session (DefaultSessionIdManager.java:doStart(334)) - DefaultSessionIdManager workerName=node0
2021-09-28 01:15:43,902 [Listener at 127.0.0.1/13700] INFO  server.session (DefaultSessionIdManager.java:doStart(339)) - No SessionScavenger set, using defaults
2021-09-28 01:15:43,902 [Listener at 127.0.0.1/13700] INFO  server.session (HouseKeeper.java:startScavenging(132)) - node0 Scavenging every 660000ms
2021-09-28 01:15:43,906 [omNode-1@group-523986131536-FollowerState] INFO  server.RaftServerConfigKeys (ConfUtils.java:logGet(44)) - raft.server.leaderelection.pre-vote = false (custom)
2021-09-28 01:15:43,906 [omNode-1@group-523986131536-FollowerState] INFO  impl.RoleInfo (RoleInfo.java:updateAndGet(130)) - omNode-1: start omNode-1@group-523986131536-LeaderElection13
2021-09-28 01:15:43,906 [Listener at 127.0.0.1/13700] INFO  handler.ContextHandler (ContextHandler.java:doStart(915)) - Started o.e.j.s.ServletContextHandler@68997634{logs,/logs,file:///home/runner/work/ozone/ozone/hadoop-ozone/integration-test/target/log,AVAILABLE}
2021-09-28 01:15:43,907 [Listener at 127.0.0.1/13700] INFO  handler.ContextHandler (ContextHandler.java:doStart(915)) - Started o.e.j.s.ServletContextHandler@91ea12{static,/static,jar:file:/home/runner/.m2/repository/org/apache/ozone/hdds-container-service/1.2.0-SNAPSHOT/hdds-container-service-1.2.0-SNAPSHOT.jar!/webapps/static,AVAILABLE}
2021-09-28 01:15:43,934 [omNode-1@group-523986131536-LeaderElection13] INFO  impl.LeaderElection (LeaderElection.java:askForVotes(306)) - omNode-1@group-523986131536-LeaderElection13 ELECTION round 0: submit vote requests at term 1 for -1: [omNode-1|rpc:localhost:13704|priority:0], old=null
2021-09-28 01:15:43,934 [omNode-1@group-523986131536-LeaderElection13] INFO  impl.LeaderElection (LeaderElection.java:askForVotes(308)) - omNode-1@group-523986131536-LeaderElection13 ELECTION round 0: result PASSED (term=1)
2021-09-28 01:15:43,934 [omNode-1@group-523986131536-LeaderElection13] INFO  impl.RoleInfo (RoleInfo.java:shutdownLeaderElection(121)) - omNode-1: shutdown omNode-1@group-523986131536-LeaderElection13
2021-09-28 01:15:43,934 [omNode-1@group-523986131536-LeaderElection13] INFO  server.RaftServer$Division (RaftServerImpl.java:setRole(285)) - omNode-1@group-523986131536: changes role from CANDIDATE to LEADER at term 1 for changeToLeader
2021-09-28 01:15:43,934 [omNode-1@group-523986131536-LeaderElection13] INFO  server.RaftServer$Division (ServerState.java:setLeader(285)) - omNode-1@group-523986131536: change Leader from null to omNode-1 at term 1 for becomeLeader, leader elected after 1151ms
2021-09-28 01:15:43,934 [omNode-1@group-523986131536-LeaderElection13] INFO  server.RaftServerConfigKeys (ConfUtils.java:logGet(44)) - raft.server.staging.catchup.gap = 1000 (default)
2021-09-28 01:15:43,935 [omNode-1@group-523986131536-LeaderElection13] INFO  server.RaftServerConfigKeys (ConfUtils.java:logGet(44)) - raft.server.write.element-limit = 4096 (default)
2021-09-28 01:15:43,935 [omNode-1@group-523986131536-LeaderElection13] INFO  server.RaftServerConfigKeys (ConfUtils.java:logGet(44)) - raft.server.write.byte-limit = 64MB (=67108864) (default)
2021-09-28 01:15:43,935 [omNode-1@group-523986131536-LeaderElection13] INFO  server.RaftServerConfigKeys (ConfUtils.java:logGet(44)) - raft.server.watch.timeout = 10s (default)
2021-09-28 01:15:43,938 [omNode-1@group-523986131536-LeaderElection13] INFO  server.RaftServerConfigKeys (ConfUtils.java:logGet(44)) - raft.server.watch.timeout.denomination = 1s (default)
2021-09-28 01:15:43,938 [omNode-1@group-523986131536-LeaderElection13] INFO  server.RaftServerConfigKeys (ConfUtils.java:logGet(44)) - raft.server.watch.element-limit = 65536 (default)
2021-09-28 01:15:43,938 [omNode-1@group-523986131536-LeaderElection13] INFO  impl.RoleInfo (RoleInfo.java:updateAndGet(130)) - omNode-1: start omNode-1@group-523986131536-LeaderStateImpl
2021-09-28 01:15:43,939 [omNode-1@group-523986131536-LeaderElection13] INFO  segmented.SegmentedRaftLogWorker (SegmentedRaftLogWorker.java:startLogSegment(394)) - omNode-1@group-523986131536-SegmentedRaftLogWorker: Starting segment from index:0
2021-09-28 01:15:43,951 [omNode-1@group-523986131536-SegmentedRaftLogWorker] INFO  segmented.SegmentedRaftLogWorker (SegmentedRaftLogWorker.java:execute(601)) - omNode-1@group-523986131536-SegmentedRaftLogWorker: created new log segment /home/runner/work/ozone/ozone/hadoop-ozone/integration-test/target/test-dir/MiniOzoneClusterImpl-4882f729-1751-4fe5-a7fb-8e9138349e05/omNode-1/ratis/c9bc4cf4-3bc3-3c60-a66b-523986131536/current/log_inprogress_0
2021-09-28 01:15:43,967 [omNode-1@group-523986131536-LeaderElection13] INFO  server.RaftServer$Division (ServerState.java:setRaftConf(387)) - omNode-1@group-523986131536: set configuration 0: [omNode-1|rpc:localhost:13704|admin:|client:|dataStream:|priority:0], old=null
2021-09-28 01:15:43,968 [omNode-1@group-523986131536-StateMachineUpdater] INFO  ratis.OzoneManagerStateMachine (OzoneManagerStateMachine.java:notifyConfigurationChanged(188)) - Received Configuration change notification from Ratis. New Peer list:
[id: "omNode-1"
address: "localhost:13704"
]
2021-09-28 01:15:44,019 [Listener at 127.0.0.1/13700] INFO  handler.ContextHandler (ContextHandler.java:doStart(915)) - Started o.e.j.w.WebAppContext@423692e1{hddsDatanode,/,file:///tmp/jetty-0_0_0_0-46157-hdds-container-service-1_2_0-SNAPSHOT_jar-_-any-2378577419139669780/webapp/,AVAILABLE}{jar:file:/home/runner/.m2/repository/org/apache/ozone/hdds-container-service/1.2.0-SNAPSHOT/hdds-container-service-1.2.0-SNAPSHOT.jar!/webapps/hddsDatanode}
2021-09-28 01:15:44,032 [Listener at 127.0.0.1/13700] INFO  server.AbstractConnector (AbstractConnector.java:doStart(331)) - Started ServerConnector@14a97e7a{HTTP/1.1, (http/1.1)}{0.0.0.0:46157}
2021-09-28 01:15:44,032 [Listener at 127.0.0.1/13700] INFO  server.Server (Server.java:doStart(415)) - Started @81235ms
2021-09-28 01:15:44,032 [Listener at 127.0.0.1/13700] WARN  impl.MetricsSystemImpl (MetricsSystemImpl.java:register(279)) - Sink prometheus already exists!
2021-09-28 01:15:44,033 [Listener at 127.0.0.1/13700] INFO  http.BaseHttpServer (BaseHttpServer.java:updateConnectorAddress(329)) - HTTP server of hddsDatanode listening at http://0.0.0.0:46157
2021-09-28 01:15:44,046 [Listener at 127.0.0.1/13700] WARN  impl.MetricRegistriesImpl (MetricRegistriesImpl.java:addReporterRegistration(111)) - New reporters are added after registries were created. Some metrics will be missing from the reporter. Please add reporter before adding any new registry.
2021-09-28 01:15:44,046 [Listener at 127.0.0.1/13700] WARN  impl.MetricRegistriesImpl (MetricRegistriesImpl.java:addReporterRegistration(111)) - New reporters are added after registries were created. Some metrics will be missing from the reporter. Please add reporter before adding any new registry.
2021-09-28 01:15:44,046 [Listener at 127.0.0.1/13700] INFO  impl.MetricsSystemImpl (MetricsSystemImpl.java:init(158)) - HddsDatanode metrics system started (again)
2021-09-28 01:15:44,058 [Datanode State Machine Thread - 0] INFO  statemachine.DatanodeStateMachine (DatanodeStateMachine.java:lambda$startDaemon$0(456)) - Ozone container server started.
2021-09-28 01:15:44,072 [Listener at 127.0.0.1/13700] INFO  ozone.HddsDatanodeService (HddsDatanodeService.java:start(234)) - HddsDatanodeService host:fv-az50-883.grzltbmokehuzjyc5b133kdqgh.cx.internal.cloudapp.net ip:10.1.0.25
2021-09-28 01:15:44,113 [Listener at 127.0.0.1/13700] INFO  upgrade.AbstractLayoutVersionManager (AbstractLayoutVersionManager.java:init(79)) - Initializing Layout version manager with metadata layout = SCM_HA (version = 2), software layout = SCM_HA (version = 2)
2021-09-28 01:15:44,130 [org.apache.hadoop.util.JvmPauseMonitor$Monitor@6c1393c6] INFO  util.JvmPauseMonitor (JvmPauseMonitor.java:run(188)) - Starting JVM pause monitor
2021-09-28 01:15:44,138 [Datanode State Machine Task Thread - 0] INFO  ha.SCMNodeInfo (SCMNodeInfo.java:getPort(197)) - ConfigKey ozone.scm.client.address is deprecated, For configuring different ports for each SCM use PortConfigKey ozone.scm.client.port appended with serviceId and nodeId
2021-09-28 01:15:44,138 [Datanode State Machine Task Thread - 0] INFO  ha.SCMNodeInfo (SCMNodeInfo.java:getPort(197)) - ConfigKey ozone.scm.block.client.address is deprecated, For configuring different ports for each SCM use PortConfigKey ozone.scm.block.client.port appended with serviceId and nodeId
2021-09-28 01:15:44,138 [Datanode State Machine Task Thread - 0] INFO  ha.SCMNodeInfo (SCMNodeInfo.java:getPort(197)) - ConfigKey ozone.scm.datanode.address is deprecated, For configuring different ports for each SCM use PortConfigKey ozone.scm.datanode.port appended with serviceId and nodeId
2021-09-28 01:15:44,138 [Datanode State Machine Task Thread - 0] INFO  ha.SCMNodeInfo (SCMNodeInfo.java:getPort(197)) - ConfigKey ozone.scm.client.address is deprecated, For configuring different ports for each SCM use PortConfigKey ozone.scm.client.port appended with serviceId and nodeId
2021-09-28 01:15:44,138 [Datanode State Machine Task Thread - 0] INFO  ha.SCMNodeInfo (SCMNodeInfo.java:getPort(197)) - ConfigKey ozone.scm.block.client.address is deprecated, For configuring different ports for each SCM use PortConfigKey ozone.scm.block.client.port appended with serviceId and nodeId
2021-09-28 01:15:44,138 [Datanode State Machine Task Thread - 0] INFO  ha.SCMNodeInfo (SCMNodeInfo.java:getPort(197)) - ConfigKey ozone.scm.datanode.address is deprecated, For configuring different ports for each SCM use PortConfigKey ozone.scm.datanode.port appended with serviceId and nodeId
2021-09-28 01:15:44,138 [Datanode State Machine Task Thread - 0] INFO  ha.SCMNodeInfo (SCMNodeInfo.java:getPort(197)) - ConfigKey ozone.scm.client.address is deprecated, For configuring different ports for each SCM use PortConfigKey ozone.scm.client.port appended with serviceId and nodeId
2021-09-28 01:15:44,138 [Datanode State Machine Task Thread - 0] INFO  ha.SCMNodeInfo (SCMNodeInfo.java:getPort(197)) - ConfigKey ozone.scm.block.client.address is deprecated, For configuring different ports for each SCM use PortConfigKey ozone.scm.block.client.port appended with serviceId and nodeId
2021-09-28 01:15:44,139 [Datanode State Machine Task Thread - 0] INFO  ha.SCMNodeInfo (SCMNodeInfo.java:getPort(197)) - ConfigKey ozone.scm.datanode.address is deprecated, For configuring different ports for each SCM use PortConfigKey ozone.scm.datanode.port appended with serviceId and nodeId
2021-09-28 01:15:44,146 [Datanode State Machine Task Thread - 0] INFO  datanode.InitDatanodeState (InitDatanodeState.java:persistContainerDatanodeDetails(145)) - DatanodeDetails is persisted to /home/runner/work/ozone/ozone/hadoop-ozone/integration-test/target/test-dir/MiniOzoneClusterImpl-4882f729-1751-4fe5-a7fb-8e9138349e05/datanode-1/meta/datanode.id
2021-09-28 01:15:44,207 [Listener at 127.0.0.1/13700] INFO  reflections.Reflections (Reflections.java:scan(232)) - Reflections took 92 ms to scan 7 urls, producing 119 keys and 275 values 
2021-09-28 01:15:44,219 [Listener at 127.0.0.1/13700] INFO  ha.SCMNodeInfo (SCMNodeInfo.java:getPort(197)) - ConfigKey ozone.scm.client.address is deprecated, For configuring different ports for each SCM use PortConfigKey ozone.scm.client.port appended with serviceId and nodeId
2021-09-28 01:15:44,219 [Listener at 127.0.0.1/13700] INFO  ha.SCMNodeInfo (SCMNodeInfo.java:getPort(197)) - ConfigKey ozone.scm.block.client.address is deprecated, For configuring different ports for each SCM use PortConfigKey ozone.scm.block.client.port appended with serviceId and nodeId
2021-09-28 01:15:44,219 [Listener at 127.0.0.1/13700] INFO  ha.SCMNodeInfo (SCMNodeInfo.java:getPort(197)) - ConfigKey ozone.scm.datanode.address is deprecated, For configuring different ports for each SCM use PortConfigKey ozone.scm.datanode.port appended with serviceId and nodeId
2021-09-28 01:15:44,219 [Listener at 127.0.0.1/13700] INFO  ha.SCMNodeInfo (SCMNodeInfo.java:getPort(197)) - ConfigKey ozone.scm.client.address is deprecated, For configuring different ports for each SCM use PortConfigKey ozone.scm.client.port appended with serviceId and nodeId
2021-09-28 01:15:44,220 [Listener at 127.0.0.1/13700] INFO  ha.SCMNodeInfo (SCMNodeInfo.java:getPort(197)) - ConfigKey ozone.scm.block.client.address is deprecated, For configuring different ports for each SCM use PortConfigKey ozone.scm.block.client.port appended with serviceId and nodeId
2021-09-28 01:15:44,220 [Listener at 127.0.0.1/13700] INFO  ha.SCMNodeInfo (SCMNodeInfo.java:getPort(197)) - ConfigKey ozone.scm.datanode.address is deprecated, For configuring different ports for each SCM use PortConfigKey ozone.scm.datanode.port appended with serviceId and nodeId
2021-09-28 01:15:44,220 [Listener at 127.0.0.1/13700] INFO  ha.SCMNodeInfo (SCMNodeInfo.java:getPort(197)) - ConfigKey ozone.scm.client.address is deprecated, For configuring different ports for each SCM use PortConfigKey ozone.scm.client.port appended with serviceId and nodeId
2021-09-28 01:15:44,220 [Listener at 127.0.0.1/13700] INFO  ha.SCMNodeInfo (SCMNodeInfo.java:getPort(197)) - ConfigKey ozone.scm.block.client.address is deprecated, For configuring different ports for each SCM use PortConfigKey ozone.scm.block.client.port appended with serviceId and nodeId
2021-09-28 01:15:44,220 [Listener at 127.0.0.1/13700] INFO  ha.SCMNodeInfo (SCMNodeInfo.java:getPort(197)) - ConfigKey ozone.scm.datanode.address is deprecated, For configuring different ports for each SCM use PortConfigKey ozone.scm.datanode.port appended with serviceId and nodeId
2021-09-28 01:15:44,234 [Listener at 127.0.0.1/13700] INFO  volume.HddsVolume (HddsVolume.java:<init>(120)) - Creating HddsVolume: /home/runner/work/ozone/ozone/hadoop-ozone/integration-test/target/test-dir/MiniOzoneClusterImpl-4882f729-1751-4fe5-a7fb-8e9138349e05/datanode-2/data-0/containers/hdds of storage type : DISK capacity : 9223372036854775807
2021-09-28 01:15:44,235 [Listener at 127.0.0.1/13700] INFO  volume.MutableVolumeSet (MutableVolumeSet.java:initializeVolumeSet(168)) - Added Volume : /home/runner/work/ozone/ozone/hadoop-ozone/integration-test/target/test-dir/MiniOzoneClusterImpl-4882f729-1751-4fe5-a7fb-8e9138349e05/datanode-2/data-0/containers/hdds to VolumeSet
2021-09-28 01:15:44,235 [Listener at 127.0.0.1/13700] INFO  volume.ThrottledAsyncChecker (ThrottledAsyncChecker.java:schedule(141)) - Scheduling a check for /home/runner/work/ozone/ozone/hadoop-ozone/integration-test/target/test-dir/MiniOzoneClusterImpl-4882f729-1751-4fe5-a7fb-8e9138349e05/datanode-2/data-0/containers/hdds
2021-09-28 01:15:44,249 [Listener at 127.0.0.1/13700] INFO  volume.StorageVolumeChecker (StorageVolumeChecker.java:checkAllVolumes(202)) - Scheduled health check for volume /home/runner/work/ozone/ozone/hadoop-ozone/integration-test/target/test-dir/MiniOzoneClusterImpl-4882f729-1751-4fe5-a7fb-8e9138349e05/datanode-2/data-0/containers/hdds
2021-09-28 01:15:44,270 [Listener at 127.0.0.1/13700] INFO  volume.MutableVolumeSet (MutableVolumeSet.java:initializeVolumeSet(168)) - Added Volume : /home/runner/work/ozone/ozone/hadoop-ozone/integration-test/target/test-dir/MiniOzoneClusterImpl-4882f729-1751-4fe5-a7fb-8e9138349e05/datanode-2/data/ratis to VolumeSet
2021-09-28 01:15:44,270 [Listener at 127.0.0.1/13700] INFO  volume.ThrottledAsyncChecker (ThrottledAsyncChecker.java:schedule(141)) - Scheduling a check for /home/runner/work/ozone/ozone/hadoop-ozone/integration-test/target/test-dir/MiniOzoneClusterImpl-4882f729-1751-4fe5-a7fb-8e9138349e05/datanode-2/data/ratis
2021-09-28 01:15:44,271 [Listener at 127.0.0.1/13700] INFO  volume.StorageVolumeChecker (StorageVolumeChecker.java:checkAllVolumes(202)) - Scheduled health check for volume /home/runner/work/ozone/ozone/hadoop-ozone/integration-test/target/test-dir/MiniOzoneClusterImpl-4882f729-1751-4fe5-a7fb-8e9138349e05/datanode-2/data/ratis
2021-09-28 01:15:44,318 [Thread-1461] INFO  ozoneimpl.ContainerReader (ContainerReader.java:readVolume(172)) - Finish verifying containers on volume /home/runner/work/ozone/ozone/hadoop-ozone/integration-test/target/test-dir/MiniOzoneClusterImpl-4882f729-1751-4fe5-a7fb-8e9138349e05/datanode-2/data-0/containers/hdds
2021-09-28 01:15:44,318 [Listener at 127.0.0.1/13700] INFO  ozoneimpl.OzoneContainer (OzoneContainer.java:buildContainerSet(236)) - Build ContainerSet costs 0s
2021-09-28 01:15:44,321 [Listener at 127.0.0.1/13700] INFO  server.RaftServer (ConfUtils.java:logGet(44)) - raft.rpc.type = GRPC (default)
2021-09-28 01:15:44,321 [Listener at 127.0.0.1/13700] INFO  grpc.GrpcFactory (GrpcFactory.java:checkPooledByteBufAllocatorUseCacheForAllThreads(48)) - PERFORMANCE WARNING: useCacheForAllThreads is true that may cause Netty to create a lot garbage objects and, as a result, trigger GC.
	It is recommended to disable useCacheForAllThreads by setting -Dorg.apache.ratis.thirdparty.io.netty.allocator.useCacheForAllThreads=false in command line.
2021-09-28 01:15:44,321 [Listener at 127.0.0.1/13700] INFO  grpc.GrpcConfigKeys (ConfUtils.java:logGet(44)) - raft.grpc.admin.port = 0 (custom)
2021-09-28 01:15:44,321 [Listener at 127.0.0.1/13700] INFO  grpc.GrpcConfigKeys (ConfUtils.java:logGet(44)) - raft.grpc.client.port = 0 (custom)
2021-09-28 01:15:44,322 [Listener at 127.0.0.1/13700] INFO  grpc.GrpcConfigKeys (ConfUtils.java:logGet(44)) - raft.grpc.server.port = 0 (default)
2021-09-28 01:15:44,322 [Listener at 127.0.0.1/13700] INFO  server.GrpcService (ConfUtils.java:logGet(44)) - raft.grpc.message.size.max = 32MB (=33554432) (custom)
2021-09-28 01:15:44,322 [Listener at 127.0.0.1/13700] INFO  server.RaftServerConfigKeys (ConfUtils.java:logGet(44)) - raft.server.log.appender.buffer.byte-limit = 33554432 (custom)
2021-09-28 01:15:44,323 [Listener at 127.0.0.1/13700] INFO  server.GrpcService (ConfUtils.java:logGet(44)) - raft.grpc.flow.control.window = 5MB (=5242880) (custom)
2021-09-28 01:15:44,323 [Listener at 127.0.0.1/13700] INFO  server.RaftServerConfigKeys (ConfUtils.java:logGet(44)) - raft.server.rpc.request.timeout = 60s (custom)
2021-09-28 01:15:44,324 [Listener at 127.0.0.1/13700] INFO  impl.DataStreamServerImpl (ConfUtils.java:logGet(44)) - raft.datastream.type = DISABLED (default)
2021-09-28 01:15:44,325 [Listener at 127.0.0.1/13700] INFO  server.RaftServerConfigKeys (ConfUtils.java:logGet(44)) - raft.server.rpc.slowness.timeout = 300s (custom)
2021-09-28 01:15:44,325 [Listener at 127.0.0.1/13700] INFO  server.RaftServerConfigKeys (ConfUtils.java:logGet(44)) - raft.server.leaderelection.leader.step-down.wait-time = 10s (default)
2021-09-28 01:15:44,325 [Listener at 127.0.0.1/13700] INFO  server.RaftServerConfigKeys (ConfUtils.java:logGet(44)) - raft.server.storage.dir = [/home/runner/work/ozone/ozone/hadoop-ozone/integration-test/target/test-dir/MiniOzoneClusterImpl-4882f729-1751-4fe5-a7fb-8e9138349e05/datanode-2/data/ratis] (custom)
2021-09-28 01:15:44,346 [Listener at 127.0.0.1/13700] INFO  http.BaseHttpServer (BaseHttpServer.java:newHttpServer2BuilderForOzone(209)) - Starting Web-server for hddsDatanode at: http://0.0.0.0:0
2021-09-28 01:15:44,347 [Listener at 127.0.0.1/13700] INFO  http.BaseHttpServer (BaseHttpServer.java:<init>(107)) - Hadoop Security Enabled: false Ozone Security Enabled: false Ozone HTTP Security Enabled: false 
2021-09-28 01:15:44,348 [Listener at 127.0.0.1/13700] INFO  server.AuthenticationFilter (AuthenticationFilter.java:constructSecretProvider(240)) - Unable to initialize FileSignerSecretProvider, falling back to use random secrets.
2021-09-28 01:15:44,358 [Listener at 127.0.0.1/13700] WARN  http.HttpRequestLog (HttpRequestLog.java:getRequestLog(103)) - Jetty request log can only be enabled using Log4j
2021-09-28 01:15:44,359 [Listener at 127.0.0.1/13700] INFO  http.HttpServer2 (HttpServer2.java:addGlobalFilter(1030)) - Added global filter 'safety' (class=org.apache.hadoop.hdds.server.http.HttpServer2$QuotingInputFilter)
2021-09-28 01:15:44,359 [Listener at 127.0.0.1/13700] INFO  http.HttpServer2 (HttpServer2.java:addFilter(1006)) - Added filter static_user_filter (class=org.apache.hadoop.http.lib.StaticUserWebFilter$StaticUserFilter) to context hddsDatanode
2021-09-28 01:15:44,359 [Listener at 127.0.0.1/13700] INFO  http.HttpServer2 (HttpServer2.java:addFilter(1014)) - Added filter static_user_filter (class=org.apache.hadoop.http.lib.StaticUserWebFilter$StaticUserFilter) to context logs
2021-09-28 01:15:44,359 [Listener at 127.0.0.1/13700] INFO  http.HttpServer2 (HttpServer2.java:addFilter(1014)) - Added filter static_user_filter (class=org.apache.hadoop.http.lib.StaticUserWebFilter$StaticUserFilter) to context static
2021-09-28 01:15:44,360 [Listener at 127.0.0.1/13700] INFO  http.HttpServer2 (HttpServer2.java:bindListener(1249)) - Jetty bound to port 42385
2021-09-28 01:15:44,360 [Listener at 127.0.0.1/13700] INFO  server.Server (Server.java:doStart(375)) - jetty-9.4.43.v20210629; built: 2021-06-30T11:07:22.254Z; git: 526006ecfa3af7f1a27ef3a288e2bef7ea9dd7e8; jvm 1.8.0_292-b10
2021-09-28 01:15:44,372 [EndpointStateMachine task thread for /127.0.0.1:15957 - 0 ] INFO  ipc.Client (Client.java:handleConnectionFailure(977)) - Retrying connect to server: localhost/127.0.0.1:15957. Already tried 2 time(s); retry policy is RetryUpToMaximumCountWithFixedSleep(maxRetries=15, sleepTime=1000 MILLISECONDS)
2021-09-28 01:15:44,390 [Listener at 127.0.0.1/13700] INFO  server.session (DefaultSessionIdManager.java:doStart(334)) - DefaultSessionIdManager workerName=node0
2021-09-28 01:15:44,390 [Listener at 127.0.0.1/13700] INFO  server.session (DefaultSessionIdManager.java:doStart(339)) - No SessionScavenger set, using defaults
2021-09-28 01:15:44,390 [Listener at 127.0.0.1/13700] INFO  server.session (HouseKeeper.java:startScavenging(132)) - node0 Scavenging every 660000ms
2021-09-28 01:15:44,395 [Listener at 127.0.0.1/13700] INFO  handler.ContextHandler (ContextHandler.java:doStart(915)) - Started o.e.j.s.ServletContextHandler@383fc873{logs,/logs,file:///home/runner/work/ozone/ozone/hadoop-ozone/integration-test/target/log,AVAILABLE}
2021-09-28 01:15:44,395 [Listener at 127.0.0.1/13700] INFO  handler.ContextHandler (ContextHandler.java:doStart(915)) - Started o.e.j.s.ServletContextHandler@221ae367{static,/static,jar:file:/home/runner/.m2/repository/org/apache/ozone/hdds-container-service/1.2.0-SNAPSHOT/hdds-container-service-1.2.0-SNAPSHOT.jar!/webapps/static,AVAILABLE}
2021-09-28 01:15:44,500 [Listener at 127.0.0.1/13700] INFO  handler.ContextHandler (ContextHandler.java:doStart(915)) - Started o.e.j.w.WebAppContext@4088f5f3{hddsDatanode,/,file:///tmp/jetty-0_0_0_0-42385-hdds-container-service-1_2_0-SNAPSHOT_jar-_-any-210128050004125457/webapp/,AVAILABLE}{jar:file:/home/runner/.m2/repository/org/apache/ozone/hdds-container-service/1.2.0-SNAPSHOT/hdds-container-service-1.2.0-SNAPSHOT.jar!/webapps/hddsDatanode}
2021-09-28 01:15:44,502 [Listener at 127.0.0.1/13700] INFO  server.AbstractConnector (AbstractConnector.java:doStart(331)) - Started ServerConnector@6ae9b2f0{HTTP/1.1, (http/1.1)}{0.0.0.0:42385}
2021-09-28 01:15:44,502 [Listener at 127.0.0.1/13700] INFO  server.Server (Server.java:doStart(415)) - Started @81705ms
2021-09-28 01:15:44,502 [Listener at 127.0.0.1/13700] WARN  impl.MetricsSystemImpl (MetricsSystemImpl.java:register(279)) - Sink prometheus already exists!
2021-09-28 01:15:44,502 [EndpointStateMachine task thread for /127.0.0.1:15977 - 0 ] INFO  ipc.Client (Client.java:handleConnectionFailure(977)) - Retrying connect to server: localhost/127.0.0.1:15977. Already tried 3 time(s); retry policy is RetryUpToMaximumCountWithFixedSleep(maxRetries=15, sleepTime=1000 MILLISECONDS)
2021-09-28 01:15:44,517 [Listener at 127.0.0.1/13700] INFO  http.BaseHttpServer (BaseHttpServer.java:updateConnectorAddress(329)) - HTTP server of hddsDatanode listening at http://0.0.0.0:42385
2021-09-28 01:15:44,535 [Listener at 127.0.0.1/13700] INFO  ozone.MiniOzoneClusterImpl (MiniOzoneClusterImpl.java:lambda$waitForClusterToBeReady$0(235)) - Waiting for nodes to be ready. Got 0 of 3 DN Heartbeats.
2021-09-28 01:15:44,535 [Listener at 127.0.0.1/13700] INFO  ozone.MiniOzoneClusterImpl (MiniOzoneClusterImpl.java:lambda$waitForClusterToBeReady$0(238)) - Waiting for cluster to exit safe mode
2021-09-28 01:15:44,535 [Listener at 127.0.0.1/13700] INFO  ozone.MiniOzoneClusterImpl (MiniOzoneClusterImpl.java:lambda$waitForClusterToBeReady$0(240)) - SCM became leader
2021-09-28 01:15:44,546 [Datanode State Machine Thread - 0] INFO  statemachine.DatanodeStateMachine (DatanodeStateMachine.java:lambda$startDaemon$0(456)) - Ozone container server started.
2021-09-28 01:15:44,578 [org.apache.hadoop.util.JvmPauseMonitor$Monitor@2437c056] INFO  util.JvmPauseMonitor (JvmPauseMonitor.java:run(188)) - Starting JVM pause monitor
2021-09-28 01:15:44,583 [Datanode State Machine Task Thread - 0] INFO  ha.SCMNodeInfo (SCMNodeInfo.java:getPort(197)) - ConfigKey ozone.scm.client.address is deprecated, For configuring different ports for each SCM use PortConfigKey ozone.scm.client.port appended with serviceId and nodeId
2021-09-28 01:15:44,583 [Datanode State Machine Task Thread - 0] INFO  ha.SCMNodeInfo (SCMNodeInfo.java:getPort(197)) - ConfigKey ozone.scm.block.client.address is deprecated, For configuring different ports for each SCM use PortConfigKey ozone.scm.block.client.port appended with serviceId and nodeId
2021-09-28 01:15:44,593 [Datanode State Machine Task Thread - 0] INFO  ha.SCMNodeInfo (SCMNodeInfo.java:getPort(197)) - ConfigKey ozone.scm.datanode.address is deprecated, For configuring different ports for each SCM use PortConfigKey ozone.scm.datanode.port appended with serviceId and nodeId
2021-09-28 01:15:44,593 [Datanode State Machine Task Thread - 0] INFO  ha.SCMNodeInfo (SCMNodeInfo.java:getPort(197)) - ConfigKey ozone.scm.client.address is deprecated, For configuring different ports for each SCM use PortConfigKey ozone.scm.client.port appended with serviceId and nodeId
2021-09-28 01:15:44,593 [Datanode State Machine Task Thread - 0] INFO  ha.SCMNodeInfo (SCMNodeInfo.java:getPort(197)) - ConfigKey ozone.scm.block.client.address is deprecated, For configuring different ports for each SCM use PortConfigKey ozone.scm.block.client.port appended with serviceId and nodeId
2021-09-28 01:15:44,602 [Datanode State Machine Task Thread - 0] INFO  ha.SCMNodeInfo (SCMNodeInfo.java:getPort(197)) - ConfigKey ozone.scm.datanode.address is deprecated, For configuring different ports for each SCM use PortConfigKey ozone.scm.datanode.port appended with serviceId and nodeId
2021-09-28 01:15:44,602 [Datanode State Machine Task Thread - 0] INFO  ha.SCMNodeInfo (SCMNodeInfo.java:getPort(197)) - ConfigKey ozone.scm.client.address is deprecated, For configuring different ports for each SCM use PortConfigKey ozone.scm.client.port appended with serviceId and nodeId
2021-09-28 01:15:44,602 [Datanode State Machine Task Thread - 0] INFO  ha.SCMNodeInfo (SCMNodeInfo.java:getPort(197)) - ConfigKey ozone.scm.block.client.address is deprecated, For configuring different ports for each SCM use PortConfigKey ozone.scm.block.client.port appended with serviceId and nodeId
2021-09-28 01:15:44,602 [Datanode State Machine Task Thread - 0] INFO  ha.SCMNodeInfo (SCMNodeInfo.java:getPort(197)) - ConfigKey ozone.scm.datanode.address is deprecated, For configuring different ports for each SCM use PortConfigKey ozone.scm.datanode.port appended with serviceId and nodeId
2021-09-28 01:15:44,612 [Datanode State Machine Task Thread - 0] INFO  datanode.InitDatanodeState (InitDatanodeState.java:persistContainerDatanodeDetails(145)) - DatanodeDetails is persisted to /home/runner/work/ozone/ozone/hadoop-ozone/integration-test/target/test-dir/MiniOzoneClusterImpl-4882f729-1751-4fe5-a7fb-8e9138349e05/datanode-2/meta/datanode.id
2021-09-28 01:15:44,753 [EndpointStateMachine task thread for /127.0.0.1:15967 - 0 ] INFO  ipc.Client (Client.java:handleConnectionFailure(977)) - Retrying connect to server: localhost/127.0.0.1:15967. Already tried 3 time(s); retry policy is RetryUpToMaximumCountWithFixedSleep(maxRetries=15, sleepTime=1000 MILLISECONDS)
2021-09-28 01:15:45,373 [EndpointStateMachine task thread for /127.0.0.1:15957 - 0 ] INFO  ipc.Client (Client.java:handleConnectionFailure(977)) - Retrying connect to server: localhost/127.0.0.1:15957. Already tried 3 time(s); retry policy is RetryUpToMaximumCountWithFixedSleep(maxRetries=15, sleepTime=1000 MILLISECONDS)
2021-09-28 01:15:45,537 [EndpointStateMachine task thread for /127.0.0.1:15977 - 0 ] INFO  ipc.Client (Client.java:handleConnectionFailure(977)) - Retrying connect to server: localhost/127.0.0.1:15977. Already tried 4 time(s); retry policy is RetryUpToMaximumCountWithFixedSleep(maxRetries=15, sleepTime=1000 MILLISECONDS)
2021-09-28 01:15:45,537 [Listener at 127.0.0.1/13700] INFO  ozone.MiniOzoneClusterImpl (MiniOzoneClusterImpl.java:lambda$waitForClusterToBeReady$0(235)) - Waiting for nodes to be ready. Got 0 of 3 DN Heartbeats.
2021-09-28 01:15:45,537 [Listener at 127.0.0.1/13700] INFO  ozone.MiniOzoneClusterImpl (MiniOzoneClusterImpl.java:lambda$waitForClusterToBeReady$0(238)) - Waiting for cluster to exit safe mode
2021-09-28 01:15:45,538 [Listener at 127.0.0.1/13700] INFO  ozone.MiniOzoneClusterImpl (MiniOzoneClusterImpl.java:lambda$waitForClusterToBeReady$0(240)) - SCM became leader
2021-09-28 01:15:45,604 [EndpointStateMachine task thread for /127.0.0.1:14235 - 0 ] INFO  ozoneimpl.OzoneContainer (OzoneContainer.java:start(304)) - Attempting to start container services.
2021-09-28 01:15:45,605 [EndpointStateMachine task thread for /127.0.0.1:14235 - 0 ] INFO  ozoneimpl.OzoneContainer (OzoneContainer.java:startContainerScrub(249)) - Background container scanner has been disabled.
2021-09-28 01:15:45,605 [EndpointStateMachine task thread for /127.0.0.1:14235 - 0 ] INFO  replication.ReplicationServer (ReplicationServer.java:start(107)) - ReplicationServer is started using port 39703
2021-09-28 01:15:45,607 [EndpointStateMachine task thread for /127.0.0.1:14235 - 0 ] INFO  ratis.XceiverServerRatis (XceiverServerRatis.java:start(481)) - Starting XceiverServerRatis a68edfa1-dc1a-41e9-a365-15c521233673
2021-09-28 01:15:45,608 [EndpointStateMachine task thread for /127.0.0.1:14235 - 0 ] INFO  server.RaftServer (RaftServerProxy.java:lambda$start$5(374)) - a68edfa1-dc1a-41e9-a365-15c521233673: start RPC server
2021-09-28 01:15:45,610 [EndpointStateMachine task thread for /127.0.0.1:14235 - 0 ] INFO  server.GrpcService (GrpcService.java:startImpl(253)) - a68edfa1-dc1a-41e9-a365-15c521233673: GrpcService started, listening on 40889
2021-09-28 01:15:45,616 [EndpointStateMachine task thread for /127.0.0.1:14235 - 0 ] INFO  ratis.XceiverServerRatis (XceiverServerRatis.java:getRealPort(502)) - XceiverServerRatis a68edfa1-dc1a-41e9-a365-15c521233673 is started using port 40889 for RATIS
2021-09-28 01:15:45,616 [EndpointStateMachine task thread for /127.0.0.1:14235 - 0 ] INFO  ratis.XceiverServerRatis (XceiverServerRatis.java:getRealPort(502)) - XceiverServerRatis a68edfa1-dc1a-41e9-a365-15c521233673 is started using port 40889 for RATIS_ADMIN
2021-09-28 01:15:45,616 [EndpointStateMachine task thread for /127.0.0.1:14235 - 0 ] INFO  ratis.XceiverServerRatis (XceiverServerRatis.java:getRealPort(502)) - XceiverServerRatis a68edfa1-dc1a-41e9-a365-15c521233673 is started using port 40889 for RATIS_SERVER
2021-09-28 01:15:45,616 [EndpointStateMachine task thread for /127.0.0.1:14235 - 0 ] INFO  server.XceiverServerGrpc (XceiverServerGrpc.java:start(135)) - XceiverServerGrpc a68edfa1-dc1a-41e9-a365-15c521233673 is started using port 41617
2021-09-28 01:15:45,617 [org.apache.ratis.util.JvmPauseMonitor$$Lambda$499/1893987183@2ccf928e] INFO  util.JvmPauseMonitor (JvmPauseMonitor.java:run(103)) - JvmPauseMonitor-a68edfa1-dc1a-41e9-a365-15c521233673: Started
2021-09-28 01:15:45,618 [EndpointStateMachine task thread for /127.0.0.1:14225 - 0 ] INFO  ozoneimpl.OzoneContainer (OzoneContainer.java:start(300)) - Ignore. OzoneContainer already started.
2021-09-28 01:15:45,754 [EndpointStateMachine task thread for /127.0.0.1:15967 - 0 ] INFO  ipc.Client (Client.java:handleConnectionFailure(977)) - Retrying connect to server: localhost/127.0.0.1:15967. Already tried 4 time(s); retry policy is RetryUpToMaximumCountWithFixedSleep(maxRetries=15, sleepTime=1000 MILLISECONDS)
2021-09-28 01:15:46,197 [EndpointStateMachine task thread for /127.0.0.1:14235 - 0 ] INFO  ozoneimpl.OzoneContainer (OzoneContainer.java:start(304)) - Attempting to start container services.
2021-09-28 01:15:46,197 [EndpointStateMachine task thread for /127.0.0.1:14235 - 0 ] INFO  ozoneimpl.OzoneContainer (OzoneContainer.java:startContainerScrub(249)) - Background container scanner has been disabled.
2021-09-28 01:15:46,198 [EndpointStateMachine task thread for /127.0.0.1:14235 - 0 ] INFO  replication.ReplicationServer (ReplicationServer.java:start(107)) - ReplicationServer is started using port 42951
2021-09-28 01:15:46,199 [EndpointStateMachine task thread for /127.0.0.1:14235 - 0 ] INFO  ratis.XceiverServerRatis (XceiverServerRatis.java:start(481)) - Starting XceiverServerRatis 682f795c-fd6e-4513-96f4-ff699a8baeca
2021-09-28 01:15:46,206 [EndpointStateMachine task thread for /127.0.0.1:14235 - 0 ] INFO  server.RaftServer (RaftServerProxy.java:lambda$start$5(374)) - 682f795c-fd6e-4513-96f4-ff699a8baeca: start RPC server
2021-09-28 01:15:46,214 [EndpointStateMachine task thread for /127.0.0.1:14235 - 0 ] INFO  server.GrpcService (GrpcService.java:startImpl(253)) - 682f795c-fd6e-4513-96f4-ff699a8baeca: GrpcService started, listening on 41003
2021-09-28 01:15:46,214 [EndpointStateMachine task thread for /127.0.0.1:14235 - 0 ] INFO  ratis.XceiverServerRatis (XceiverServerRatis.java:getRealPort(502)) - XceiverServerRatis 682f795c-fd6e-4513-96f4-ff699a8baeca is started using port 41003 for RATIS
2021-09-28 01:15:46,214 [EndpointStateMachine task thread for /127.0.0.1:14235 - 0 ] INFO  ratis.XceiverServerRatis (XceiverServerRatis.java:getRealPort(502)) - XceiverServerRatis 682f795c-fd6e-4513-96f4-ff699a8baeca is started using port 41003 for RATIS_ADMIN
2021-09-28 01:15:46,214 [EndpointStateMachine task thread for /127.0.0.1:14235 - 0 ] INFO  ratis.XceiverServerRatis (XceiverServerRatis.java:getRealPort(502)) - XceiverServerRatis 682f795c-fd6e-4513-96f4-ff699a8baeca is started using port 41003 for RATIS_SERVER
2021-09-28 01:15:46,214 [EndpointStateMachine task thread for /127.0.0.1:14235 - 0 ] INFO  server.XceiverServerGrpc (XceiverServerGrpc.java:start(135)) - XceiverServerGrpc 682f795c-fd6e-4513-96f4-ff699a8baeca is started using port 40119
2021-09-28 01:15:46,216 [org.apache.ratis.util.JvmPauseMonitor$$Lambda$499/1893987183@2d5958ca] INFO  util.JvmPauseMonitor (JvmPauseMonitor.java:run(103)) - JvmPauseMonitor-682f795c-fd6e-4513-96f4-ff699a8baeca: Started
2021-09-28 01:15:46,217 [EndpointStateMachine task thread for /127.0.0.1:14225 - 0 ] INFO  ozoneimpl.OzoneContainer (OzoneContainer.java:start(300)) - Ignore. OzoneContainer already started.
2021-09-28 01:15:46,374 [EndpointStateMachine task thread for /127.0.0.1:15957 - 0 ] INFO  ipc.Client (Client.java:handleConnectionFailure(977)) - Retrying connect to server: localhost/127.0.0.1:15957. Already tried 4 time(s); retry policy is RetryUpToMaximumCountWithFixedSleep(maxRetries=15, sleepTime=1000 MILLISECONDS)
2021-09-28 01:15:46,537 [EndpointStateMachine task thread for /127.0.0.1:15977 - 0 ] INFO  ipc.Client (Client.java:handleConnectionFailure(977)) - Retrying connect to server: localhost/127.0.0.1:15977. Already tried 5 time(s); retry policy is RetryUpToMaximumCountWithFixedSleep(maxRetries=15, sleepTime=1000 MILLISECONDS)
2021-09-28 01:15:46,538 [Listener at 127.0.0.1/13700] INFO  ozone.MiniOzoneClusterImpl (MiniOzoneClusterImpl.java:lambda$waitForClusterToBeReady$0(235)) - Waiting for nodes to be ready. Got 0 of 3 DN Heartbeats.
2021-09-28 01:15:46,538 [Listener at 127.0.0.1/13700] INFO  ozone.MiniOzoneClusterImpl (MiniOzoneClusterImpl.java:lambda$waitForClusterToBeReady$0(238)) - Waiting for cluster to exit safe mode
2021-09-28 01:15:46,538 [Listener at 127.0.0.1/13700] INFO  ozone.MiniOzoneClusterImpl (MiniOzoneClusterImpl.java:lambda$waitForClusterToBeReady$0(240)) - SCM became leader
2021-09-28 01:15:46,620 [EndpointStateMachine task thread for /127.0.0.1:14225 - 0 ] INFO  ozoneimpl.OzoneContainer (OzoneContainer.java:start(304)) - Attempting to start container services.
2021-09-28 01:15:46,620 [EndpointStateMachine task thread for /127.0.0.1:14225 - 0 ] INFO  ozoneimpl.OzoneContainer (OzoneContainer.java:startContainerScrub(249)) - Background container scanner has been disabled.
2021-09-28 01:15:46,621 [EndpointStateMachine task thread for /127.0.0.1:14225 - 0 ] INFO  replication.ReplicationServer (ReplicationServer.java:start(107)) - ReplicationServer is started using port 35555
2021-09-28 01:15:46,623 [EndpointStateMachine task thread for /127.0.0.1:14225 - 0 ] INFO  ratis.XceiverServerRatis (XceiverServerRatis.java:start(481)) - Starting XceiverServerRatis aff66e22-6e70-443d-9eb4-a88275d3a955
2021-09-28 01:15:46,623 [EndpointStateMachine task thread for /127.0.0.1:14225 - 0 ] INFO  server.RaftServer (RaftServerProxy.java:lambda$start$5(374)) - aff66e22-6e70-443d-9eb4-a88275d3a955: start RPC server
2021-09-28 01:15:46,624 [EndpointStateMachine task thread for /127.0.0.1:14225 - 0 ] INFO  server.GrpcService (GrpcService.java:startImpl(253)) - aff66e22-6e70-443d-9eb4-a88275d3a955: GrpcService started, listening on 45375
2021-09-28 01:15:46,624 [EndpointStateMachine task thread for /127.0.0.1:14225 - 0 ] INFO  ratis.XceiverServerRatis (XceiverServerRatis.java:getRealPort(502)) - XceiverServerRatis aff66e22-6e70-443d-9eb4-a88275d3a955 is started using port 45375 for RATIS
2021-09-28 01:15:46,624 [EndpointStateMachine task thread for /127.0.0.1:14225 - 0 ] INFO  ratis.XceiverServerRatis (XceiverServerRatis.java:getRealPort(502)) - XceiverServerRatis aff66e22-6e70-443d-9eb4-a88275d3a955 is started using port 45375 for RATIS_ADMIN
2021-09-28 01:15:46,624 [EndpointStateMachine task thread for /127.0.0.1:14225 - 0 ] INFO  ratis.XceiverServerRatis (XceiverServerRatis.java:getRealPort(502)) - XceiverServerRatis aff66e22-6e70-443d-9eb4-a88275d3a955 is started using port 45375 for RATIS_SERVER
2021-09-28 01:15:46,624 [EndpointStateMachine task thread for /127.0.0.1:14225 - 0 ] INFO  server.XceiverServerGrpc (XceiverServerGrpc.java:start(135)) - XceiverServerGrpc aff66e22-6e70-443d-9eb4-a88275d3a955 is started using port 37017
2021-09-28 01:15:46,630 [EndpointStateMachine task thread for /127.0.0.1:14235 - 0 ] INFO  ozoneimpl.OzoneContainer (OzoneContainer.java:start(300)) - Ignore. OzoneContainer already started.
2021-09-28 01:15:46,632 [org.apache.ratis.util.JvmPauseMonitor$$Lambda$499/1893987183@56713b9] INFO  util.JvmPauseMonitor (JvmPauseMonitor.java:run(103)) - JvmPauseMonitor-aff66e22-6e70-443d-9eb4-a88275d3a955: Started
2021-09-28 01:15:46,754 [EndpointStateMachine task thread for /127.0.0.1:15967 - 0 ] INFO  ipc.Client (Client.java:handleConnectionFailure(977)) - Retrying connect to server: localhost/127.0.0.1:15967. Already tried 5 time(s); retry policy is RetryUpToMaximumCountWithFixedSleep(maxRetries=15, sleepTime=1000 MILLISECONDS)
2021-09-28 01:15:47,374 [EndpointStateMachine task thread for /127.0.0.1:15957 - 0 ] INFO  ipc.Client (Client.java:handleConnectionFailure(977)) - Retrying connect to server: localhost/127.0.0.1:15957. Already tried 5 time(s); retry policy is RetryUpToMaximumCountWithFixedSleep(maxRetries=15, sleepTime=1000 MILLISECONDS)
2021-09-28 01:15:47,526 [IPC Server handler 1 on default port 14225] INFO  net.NetworkTopologyImpl (NetworkTopologyImpl.java:add(112)) - Added a new node: /default-rack/a68edfa1-dc1a-41e9-a365-15c521233673
2021-09-28 01:15:47,526 [IPC Server handler 1 on default port 14225] INFO  node.SCMNodeManager (SCMNodeManager.java:register(389)) - Registered Data node : a68edfa1-dc1a-41e9-a365-15c521233673{ip: 127.0.0.1, host: localhost, ports: [REPLICATION=39703, RATIS=40889, RATIS_ADMIN=40889, RATIS_SERVER=40889, STANDALONE=41617], networkLocation: /default-rack, certSerialId: null, persistedOpState: null, persistedOpStateExpiryEpochSec: 0}
2021-09-28 01:15:47,538 [EndpointStateMachine task thread for /127.0.0.1:15977 - 0 ] INFO  ipc.Client (Client.java:handleConnectionFailure(977)) - Retrying connect to server: localhost/127.0.0.1:15977. Already tried 6 time(s); retry policy is RetryUpToMaximumCountWithFixedSleep(maxRetries=15, sleepTime=1000 MILLISECONDS)
2021-09-28 01:15:47,538 [IPC Server handler 1 on default port 14235] INFO  net.NetworkTopologyImpl (NetworkTopologyImpl.java:add(112)) - Added a new node: /default-rack/a68edfa1-dc1a-41e9-a365-15c521233673
2021-09-28 01:15:47,538 [IPC Server handler 1 on default port 14235] INFO  node.SCMNodeManager (SCMNodeManager.java:register(389)) - Registered Data node : a68edfa1-dc1a-41e9-a365-15c521233673{ip: 127.0.0.1, host: localhost, ports: [REPLICATION=39703, RATIS=40889, RATIS_ADMIN=40889, RATIS_SERVER=40889, STANDALONE=41617], networkLocation: /default-rack, certSerialId: null, persistedOpState: null, persistedOpStateExpiryEpochSec: 0}
2021-09-28 01:15:47,539 [Listener at 127.0.0.1/13700] INFO  ozone.MiniOzoneClusterImpl (MiniOzoneClusterImpl.java:lambda$waitForClusterToBeReady$0(235)) - Waiting for nodes to be ready. Got 1 of 3 DN Heartbeats.
2021-09-28 01:15:47,539 [Listener at 127.0.0.1/13700] INFO  ozone.MiniOzoneClusterImpl (MiniOzoneClusterImpl.java:lambda$waitForClusterToBeReady$0(238)) - Waiting for cluster to exit safe mode
2021-09-28 01:15:47,539 [Listener at 127.0.0.1/13700] INFO  ozone.MiniOzoneClusterImpl (MiniOzoneClusterImpl.java:lambda$waitForClusterToBeReady$0(240)) - SCM became leader
2021-09-28 01:15:47,539 [EventQueue-NewNodeForNewNodeHandler] INFO  pipeline.BackgroundPipelineCreator (BackgroundPipelineCreatorV2.java:notifyEventTriggered(285)) - trigger a one-shot run on RatisPipelineUtilsThread.
2021-09-28 01:15:47,540 [RatisPipelineUtilsThread - 0] INFO  pipeline.RatisPipelineProvider (RatisPipelineProvider.java:lambda$create$0(183)) - Sending CreatePipelineCommand for pipeline:PipelineID=2a578fb3-1c0d-4b94-8d03-b741a2237f14 to datanode:a68edfa1-dc1a-41e9-a365-15c521233673
2021-09-28 01:15:47,540 [EventQueue-NodeRegistrationContainerReportForDataNodeSafeModeRule] INFO  safemode.SCMSafeModeManager (DataNodeSafeModeRule.java:process(71)) - SCM in safe mode. 1 DataNodes registered, 3 required.
2021-09-28 01:15:47,551 [EventQueue-NodeRegistrationContainerReportForContainerSafeModeRule] INFO  safemode.SCMSafeModeManager (SCMSafeModeManager.java:validateSafeModeExitRules(204)) - ContainerSafeModeRule rule is successfully validated
2021-09-28 01:15:47,553 [EventQueue-NodeRegistrationContainerReportForDataNodeSafeModeRule] INFO  safemode.SCMSafeModeManager (DataNodeSafeModeRule.java:process(71)) - SCM in safe mode. 1 DataNodes registered, 3 required.
2021-09-28 01:15:47,566 [EventQueue-PipelineReportForOneReplicaPipelineSafeModeRule] INFO  safemode.SCMSafeModeManager (SCMSafeModeManager.java:validateSafeModeExitRules(204)) - AtleastOneDatanodeReportedRule rule is successfully validated
2021-09-28 01:15:47,566 [EventQueue-NodeRegistrationContainerReportForContainerSafeModeRule] INFO  safemode.SCMSafeModeManager (SCMSafeModeManager.java:validateSafeModeExitRules(204)) - ContainerSafeModeRule rule is successfully validated
2021-09-28 01:15:47,566 [EventQueue-NewNodeForNewNodeHandler] INFO  pipeline.BackgroundPipelineCreator (BackgroundPipelineCreatorV2.java:notifyEventTriggered(279)) - ignore, not leader SCM.
2021-09-28 01:15:47,574 [EventQueue-PipelineReportForOneReplicaPipelineSafeModeRule] INFO  safemode.SCMSafeModeManager (SCMSafeModeManager.java:validateSafeModeExitRules(204)) - AtleastOneDatanodeReportedRule rule is successfully validated
2021-09-28 01:15:47,601 [4b364075-9b58-4908-a5b5-f5e156ea742e@group-8E9138349E05-StateMachineUpdater] INFO  pipeline.PipelineStateManager (PipelineStateManagerV2Impl.java:addPipeline(101)) - Created pipeline Pipeline[ Id: 2a578fb3-1c0d-4b94-8d03-b741a2237f14, Nodes: a68edfa1-dc1a-41e9-a365-15c521233673{ip: 127.0.0.1, host: localhost, ports: [REPLICATION=39703, RATIS=40889, RATIS_ADMIN=40889, RATIS_SERVER=40889, STANDALONE=41617], networkLocation: /default-rack, certSerialId: null, persistedOpState: IN_SERVICE, persistedOpStateExpiryEpochSec: 0}, ReplicationConfig: RATIS/ONE, State:ALLOCATED, leaderId:, CreationTimestamp2021-09-28T01:15:47.540Z[Etc/UTC]].
2021-09-28 01:15:47,601 [4b364075-9b58-4908-a5b5-f5e156ea742e@group-8E9138349E05-StateMachineUpdater] INFO  safemode.HealthyPipelineSafeModeRule (HealthyPipelineSafeModeRule.java:initializeRule(152)) - Refreshed total pipeline count is 0, healthy pipeline threshold count is 1
2021-09-28 01:15:47,603 [RatisPipelineUtilsThread - 0] INFO  ha.SCMHAInvocationHandler (SCMHAInvocationHandler.java:invokeRatis(113)) - Invoking method public abstract void org.apache.hadoop.hdds.scm.pipeline.StateManager.addPipeline(org.apache.hadoop.hdds.protocol.proto.HddsProtos$Pipeline) throws java.io.IOException on target org.apache.hadoop.hdds.scm.ha.SCMRatisServerImpl@144ecc26, cost 56296.795us
2021-09-28 01:15:47,606 [1970bdcd-bd96-4495-88a5-6eaf9ec039da@group-8E9138349E05-StateMachineUpdater] INFO  pipeline.PipelineStateManager (PipelineStateManagerV2Impl.java:addPipeline(101)) - Created pipeline Pipeline[ Id: 2a578fb3-1c0d-4b94-8d03-b741a2237f14, Nodes: a68edfa1-dc1a-41e9-a365-15c521233673{ip: 127.0.0.1, host: localhost, ports: [REPLICATION=39703, RATIS=40889, RATIS_ADMIN=40889, RATIS_SERVER=40889, STANDALONE=41617], networkLocation: /default-rack, certSerialId: null, persistedOpState: IN_SERVICE, persistedOpStateExpiryEpochSec: 0}, ReplicationConfig: RATIS/ONE, State:ALLOCATED, leaderId:, CreationTimestamp2021-09-28T01:15:47.540Z[Etc/UTC]].
2021-09-28 01:15:47,606 [1970bdcd-bd96-4495-88a5-6eaf9ec039da@group-8E9138349E05-StateMachineUpdater] INFO  safemode.HealthyPipelineSafeModeRule (HealthyPipelineSafeModeRule.java:initializeRule(152)) - Refreshed total pipeline count is 0, healthy pipeline threshold count is 1
2021-09-28 01:15:47,755 [EndpointStateMachine task thread for /127.0.0.1:15967 - 0 ] INFO  ipc.Client (Client.java:handleConnectionFailure(977)) - Retrying connect to server: localhost/127.0.0.1:15967. Already tried 6 time(s); retry policy is RetryUpToMaximumCountWithFixedSleep(maxRetries=15, sleepTime=1000 MILLISECONDS)
2021-09-28 01:15:48,144 [IPC Server handler 2 on default port 14225] INFO  net.NetworkTopologyImpl (NetworkTopologyImpl.java:add(112)) - Added a new node: /default-rack/682f795c-fd6e-4513-96f4-ff699a8baeca
2021-09-28 01:15:48,144 [IPC Server handler 2 on default port 14225] INFO  node.SCMNodeManager (SCMNodeManager.java:register(389)) - Registered Data node : 682f795c-fd6e-4513-96f4-ff699a8baeca{ip: 127.0.0.1, host: localhost, ports: [REPLICATION=42951, RATIS=41003, RATIS_ADMIN=41003, RATIS_SERVER=41003, STANDALONE=40119], networkLocation: /default-rack, certSerialId: null, persistedOpState: null, persistedOpStateExpiryEpochSec: 0}
2021-09-28 01:15:48,144 [EventQueue-NewNodeForNewNodeHandler] INFO  pipeline.BackgroundPipelineCreator (BackgroundPipelineCreatorV2.java:notifyEventTriggered(285)) - trigger a one-shot run on RatisPipelineUtilsThread.
2021-09-28 01:15:48,145 [EventQueue-NodeRegistrationContainerReportForDataNodeSafeModeRule] INFO  safemode.SCMSafeModeManager (DataNodeSafeModeRule.java:process(71)) - SCM in safe mode. 2 DataNodes registered, 3 required.
2021-09-28 01:15:48,146 [IPC Server handler 0 on default port 14235] INFO  net.NetworkTopologyImpl (NetworkTopologyImpl.java:add(112)) - Added a new node: /default-rack/682f795c-fd6e-4513-96f4-ff699a8baeca
2021-09-28 01:15:48,146 [IPC Server handler 0 on default port 14235] INFO  node.SCMNodeManager (SCMNodeManager.java:register(389)) - Registered Data node : 682f795c-fd6e-4513-96f4-ff699a8baeca{ip: 127.0.0.1, host: localhost, ports: [REPLICATION=42951, RATIS=41003, RATIS_ADMIN=41003, RATIS_SERVER=41003, STANDALONE=40119], networkLocation: /default-rack, certSerialId: null, persistedOpState: null, persistedOpStateExpiryEpochSec: 0}
2021-09-28 01:15:48,146 [RatisPipelineUtilsThread - 0] INFO  pipeline.RatisPipelineProvider (RatisPipelineProvider.java:lambda$create$0(183)) - Sending CreatePipelineCommand for pipeline:PipelineID=b654463b-433c-4d61-a756-31da78918df0 to datanode:682f795c-fd6e-4513-96f4-ff699a8baeca
2021-09-28 01:15:48,147 [EventQueue-NewNodeForNewNodeHandler] INFO  pipeline.BackgroundPipelineCreator (BackgroundPipelineCreatorV2.java:notifyEventTriggered(279)) - ignore, not leader SCM.
2021-09-28 01:15:48,148 [EventQueue-NodeRegistrationContainerReportForDataNodeSafeModeRule] INFO  safemode.SCMSafeModeManager (DataNodeSafeModeRule.java:process(71)) - SCM in safe mode. 2 DataNodes registered, 3 required.
2021-09-28 01:15:48,160 [4b364075-9b58-4908-a5b5-f5e156ea742e@group-8E9138349E05-StateMachineUpdater] INFO  pipeline.PipelineStateManager (PipelineStateManagerV2Impl.java:addPipeline(101)) - Created pipeline Pipeline[ Id: b654463b-433c-4d61-a756-31da78918df0, Nodes: 682f795c-fd6e-4513-96f4-ff699a8baeca{ip: 127.0.0.1, host: localhost, ports: [REPLICATION=42951, RATIS=41003, RATIS_ADMIN=41003, RATIS_SERVER=41003, STANDALONE=40119], networkLocation: /default-rack, certSerialId: null, persistedOpState: IN_SERVICE, persistedOpStateExpiryEpochSec: 0}, ReplicationConfig: RATIS/ONE, State:ALLOCATED, leaderId:, CreationTimestamp2021-09-28T01:15:48.146Z[Etc/UTC]].
2021-09-28 01:15:48,160 [4b364075-9b58-4908-a5b5-f5e156ea742e@group-8E9138349E05-StateMachineUpdater] INFO  safemode.HealthyPipelineSafeModeRule (HealthyPipelineSafeModeRule.java:initializeRule(152)) - Refreshed total pipeline count is 0, healthy pipeline threshold count is 1
2021-09-28 01:15:48,160 [RatisPipelineUtilsThread - 0] INFO  ha.SCMHAInvocationHandler (SCMHAInvocationHandler.java:invokeRatis(113)) - Invoking method public abstract void org.apache.hadoop.hdds.scm.pipeline.StateManager.addPipeline(org.apache.hadoop.hdds.protocol.proto.HddsProtos$Pipeline) throws java.io.IOException on target org.apache.hadoop.hdds.scm.ha.SCMRatisServerImpl@144ecc26, cost 13535.623us
2021-09-28 01:15:48,166 [1970bdcd-bd96-4495-88a5-6eaf9ec039da@group-8E9138349E05-StateMachineUpdater] INFO  pipeline.PipelineStateManager (PipelineStateManagerV2Impl.java:addPipeline(101)) - Created pipeline Pipeline[ Id: b654463b-433c-4d61-a756-31da78918df0, Nodes: 682f795c-fd6e-4513-96f4-ff699a8baeca{ip: 127.0.0.1, host: localhost, ports: [REPLICATION=42951, RATIS=41003, RATIS_ADMIN=41003, RATIS_SERVER=41003, STANDALONE=40119], networkLocation: /default-rack, certSerialId: null, persistedOpState: IN_SERVICE, persistedOpStateExpiryEpochSec: 0}, ReplicationConfig: RATIS/ONE, State:ALLOCATED, leaderId:, CreationTimestamp2021-09-28T01:15:48.146Z[Etc/UTC]].
2021-09-28 01:15:48,166 [1970bdcd-bd96-4495-88a5-6eaf9ec039da@group-8E9138349E05-StateMachineUpdater] INFO  safemode.HealthyPipelineSafeModeRule (HealthyPipelineSafeModeRule.java:initializeRule(152)) - Refreshed total pipeline count is 0, healthy pipeline threshold count is 1
2021-09-28 01:15:48,167 [4b364075-9b58-4908-a5b5-f5e156ea742e@group-8E9138349E05-StateMachineUpdater] INFO  ha.SCMStateMachine (SCMStateMachine.java:takeSnapshot(290)) - Current Snapshot Index 10, takeSnapshot took 0 ms
2021-09-28 01:15:48,167 [4b364075-9b58-4908-a5b5-f5e156ea742e@group-8E9138349E05-StateMachineUpdater] INFO  impl.StateMachineUpdater (StateMachineUpdater.java:takeSnapshot(281)) - 4b364075-9b58-4908-a5b5-f5e156ea742e@group-8E9138349E05-StateMachineUpdater: Took a snapshot at index 10
2021-09-28 01:15:48,167 [4b364075-9b58-4908-a5b5-f5e156ea742e@group-8E9138349E05-StateMachineUpdater] INFO  impl.StateMachineUpdater (StateMachineUpdater.java:lambda$new$0(89)) - 4b364075-9b58-4908-a5b5-f5e156ea742e@group-8E9138349E05-StateMachineUpdater: snapshotIndex: updateIncreasingly 5 -> 10
2021-09-28 01:15:48,167 [4b364075-9b58-4908-a5b5-f5e156ea742e@group-8E9138349E05-StateMachineUpdater] INFO  raftlog.RaftLog (RaftLogBase.java:purge(306)) - 4b364075-9b58-4908-a5b5-f5e156ea742e@group-8E9138349E05-SegmentedRaftLog: purge 10
2021-09-28 01:15:48,167 [4b364075-9b58-4908-a5b5-f5e156ea742e@group-8E9138349E05-StateMachineUpdater] INFO  raftlog.RaftLog (RaftLogBase.java:lambda$new$0(53)) - 4b364075-9b58-4908-a5b5-f5e156ea742e@group-8E9138349E05-SegmentedRaftLog: snapshotIndex: updateIncreasingly 5 -> 10
2021-09-28 01:15:48,167 [4b364075-9b58-4908-a5b5-f5e156ea742e@group-8E9138349E05-StateMachineUpdater] INFO  raftlog.RaftLog (RaftLogBase.java:lambda$new$0(53)) - 4b364075-9b58-4908-a5b5-f5e156ea742e@group-8E9138349E05-SegmentedRaftLog: purgeIndex: updateToMax old=0, new=10, updated? true
2021-09-28 01:15:48,375 [EndpointStateMachine task thread for /127.0.0.1:15957 - 0 ] INFO  ipc.Client (Client.java:handleConnectionFailure(977)) - Retrying connect to server: localhost/127.0.0.1:15957. Already tried 6 time(s); retry policy is RetryUpToMaximumCountWithFixedSleep(maxRetries=15, sleepTime=1000 MILLISECONDS)
2021-09-28 01:15:48,539 [Listener at 127.0.0.1/13700] INFO  ozone.MiniOzoneClusterImpl (MiniOzoneClusterImpl.java:lambda$waitForClusterToBeReady$0(235)) - Waiting for nodes to be ready. Got 2 of 3 DN Heartbeats.
2021-09-28 01:15:48,539 [Listener at 127.0.0.1/13700] INFO  ozone.MiniOzoneClusterImpl (MiniOzoneClusterImpl.java:lambda$waitForClusterToBeReady$0(238)) - Waiting for cluster to exit safe mode
2021-09-28 01:15:48,540 [Listener at 127.0.0.1/13700] INFO  ozone.MiniOzoneClusterImpl (MiniOzoneClusterImpl.java:lambda$waitForClusterToBeReady$0(240)) - SCM became leader
2021-09-28 01:15:48,540 [EndpointStateMachine task thread for /127.0.0.1:15977 - 0 ] INFO  ipc.Client (Client.java:handleConnectionFailure(977)) - Retrying connect to server: localhost/127.0.0.1:15977. Already tried 7 time(s); retry policy is RetryUpToMaximumCountWithFixedSleep(maxRetries=15, sleepTime=1000 MILLISECONDS)
2021-09-28 01:15:48,603 [IPC Server handler 0 on default port 14225] INFO  net.NetworkTopologyImpl (NetworkTopologyImpl.java:add(112)) - Added a new node: /default-rack/aff66e22-6e70-443d-9eb4-a88275d3a955
2021-09-28 01:15:48,603 [IPC Server handler 0 on default port 14225] INFO  node.SCMNodeManager (SCMNodeManager.java:register(389)) - Registered Data node : aff66e22-6e70-443d-9eb4-a88275d3a955{ip: 127.0.0.1, host: localhost, ports: [REPLICATION=35555, RATIS=45375, RATIS_ADMIN=45375, RATIS_SERVER=45375, STANDALONE=37017], networkLocation: /default-rack, certSerialId: null, persistedOpState: null, persistedOpStateExpiryEpochSec: 0}
2021-09-28 01:15:48,604 [EventQueue-NewNodeForNewNodeHandler] INFO  pipeline.BackgroundPipelineCreator (BackgroundPipelineCreatorV2.java:notifyEventTriggered(285)) - trigger a one-shot run on RatisPipelineUtilsThread.
2021-09-28 01:15:48,604 [IPC Server handler 2 on default port 14235] INFO  net.NetworkTopologyImpl (NetworkTopologyImpl.java:add(112)) - Added a new node: /default-rack/aff66e22-6e70-443d-9eb4-a88275d3a955
2021-09-28 01:15:48,604 [IPC Server handler 2 on default port 14235] INFO  node.SCMNodeManager (SCMNodeManager.java:register(389)) - Registered Data node : aff66e22-6e70-443d-9eb4-a88275d3a955{ip: 127.0.0.1, host: localhost, ports: [REPLICATION=35555, RATIS=45375, RATIS_ADMIN=45375, RATIS_SERVER=45375, STANDALONE=37017], networkLocation: /default-rack, certSerialId: null, persistedOpState: null, persistedOpStateExpiryEpochSec: 0}
2021-09-28 01:15:48,607 [RatisPipelineUtilsThread - 0] INFO  pipeline.RatisPipelineProvider (RatisPipelineProvider.java:lambda$create$0(183)) - Sending CreatePipelineCommand for pipeline:PipelineID=e8b8b981-ef12-48e1-a9e6-f550aee6b5d1 to datanode:aff66e22-6e70-443d-9eb4-a88275d3a955
2021-09-28 01:15:48,607 [EventQueue-NewNodeForNewNodeHandler] INFO  pipeline.BackgroundPipelineCreator (BackgroundPipelineCreatorV2.java:notifyEventTriggered(279)) - ignore, not leader SCM.
2021-09-28 01:15:48,612 [EventQueue-NodeRegistrationContainerReportForDataNodeSafeModeRule] INFO  safemode.SCMSafeModeManager (DataNodeSafeModeRule.java:process(71)) - SCM in safe mode. 3 DataNodes registered, 3 required.
2021-09-28 01:15:48,612 [EventQueue-NodeRegistrationContainerReportForDataNodeSafeModeRule] INFO  safemode.SCMSafeModeManager (SCMSafeModeManager.java:validateSafeModeExitRules(204)) - DataNodeSafeModeRule rule is successfully validated
2021-09-28 01:15:48,612 [EventQueue-NodeRegistrationContainerReportForDataNodeSafeModeRule] INFO  safemode.SCMSafeModeManager (SCMSafeModeManager.java:completePreCheck(233)) - All SCM safe mode pre check rules have passed
2021-09-28 01:15:48,612 [EventQueue-NodeRegistrationContainerReportForDataNodeSafeModeRule] WARN  events.EventQueue (EventQueue.java:fireEvent(194)) - No event handler registered for event TypedEvent{payloadType=SafeModeStatus, name='Safe mode status'}
2021-09-28 01:15:48,612 [EventQueue-NodeRegistrationContainerReportForDataNodeSafeModeRule] INFO  ha.SCMContext (SCMContext.java:updateSafeModeStatus(205)) - Update SafeModeStatus from SafeModeStatus{safeModeStatus=true, preCheckPassed=false} to SafeModeStatus{safeModeStatus=true, preCheckPassed=true}.
2021-09-28 01:15:48,612 [EventQueue-NodeRegistrationContainerReportForDataNodeSafeModeRule] INFO  pipeline.BackgroundPipelineCreator (BackgroundPipelineCreatorV2.java:notifyEventTriggered(285)) - trigger a one-shot run on RatisPipelineUtilsThread.
2021-09-28 01:15:48,615 [1970bdcd-bd96-4495-88a5-6eaf9ec039da@group-8E9138349E05-StateMachineUpdater] INFO  ha.SCMStateMachine (SCMStateMachine.java:takeSnapshot(290)) - Current Snapshot Index 10, takeSnapshot took 0 ms
2021-09-28 01:15:48,615 [1970bdcd-bd96-4495-88a5-6eaf9ec039da@group-8E9138349E05-StateMachineUpdater] INFO  impl.StateMachineUpdater (StateMachineUpdater.java:takeSnapshot(281)) - 1970bdcd-bd96-4495-88a5-6eaf9ec039da@group-8E9138349E05-StateMachineUpdater: Took a snapshot at index 10
2021-09-28 01:15:48,615 [1970bdcd-bd96-4495-88a5-6eaf9ec039da@group-8E9138349E05-StateMachineUpdater] INFO  impl.StateMachineUpdater (StateMachineUpdater.java:lambda$new$0(89)) - 1970bdcd-bd96-4495-88a5-6eaf9ec039da@group-8E9138349E05-StateMachineUpdater: snapshotIndex: updateIncreasingly 5 -> 10
2021-09-28 01:15:48,615 [1970bdcd-bd96-4495-88a5-6eaf9ec039da@group-8E9138349E05-StateMachineUpdater] INFO  raftlog.RaftLog (RaftLogBase.java:purge(306)) - 1970bdcd-bd96-4495-88a5-6eaf9ec039da@group-8E9138349E05-SegmentedRaftLog: purge 10
2021-09-28 01:15:48,615 [1970bdcd-bd96-4495-88a5-6eaf9ec039da@group-8E9138349E05-StateMachineUpdater] INFO  raftlog.RaftLog (RaftLogBase.java:lambda$new$0(53)) - 1970bdcd-bd96-4495-88a5-6eaf9ec039da@group-8E9138349E05-SegmentedRaftLog: snapshotIndex: updateIncreasingly 5 -> 10
2021-09-28 01:15:48,615 [1970bdcd-bd96-4495-88a5-6eaf9ec039da@group-8E9138349E05-StateMachineUpdater] INFO  raftlog.RaftLog (RaftLogBase.java:lambda$new$0(53)) - 1970bdcd-bd96-4495-88a5-6eaf9ec039da@group-8E9138349E05-SegmentedRaftLog: purgeIndex: updateToMax old=0, new=10, updated? true
2021-09-28 01:15:48,616 [4b364075-9b58-4908-a5b5-f5e156ea742e@group-8E9138349E05-StateMachineUpdater] INFO  pipeline.PipelineStateManager (PipelineStateManagerV2Impl.java:addPipeline(101)) - Created pipeline Pipeline[ Id: e8b8b981-ef12-48e1-a9e6-f550aee6b5d1, Nodes: aff66e22-6e70-443d-9eb4-a88275d3a955{ip: 127.0.0.1, host: localhost, ports: [REPLICATION=35555, RATIS=45375, RATIS_ADMIN=45375, RATIS_SERVER=45375, STANDALONE=37017], networkLocation: /default-rack, certSerialId: null, persistedOpState: IN_SERVICE, persistedOpStateExpiryEpochSec: 0}, ReplicationConfig: RATIS/ONE, State:ALLOCATED, leaderId:, CreationTimestamp2021-09-28T01:15:48.607Z[Etc/UTC]].
2021-09-28 01:15:48,616 [4b364075-9b58-4908-a5b5-f5e156ea742e@group-8E9138349E05-StateMachineUpdater] INFO  safemode.HealthyPipelineSafeModeRule (HealthyPipelineSafeModeRule.java:initializeRule(152)) - Refreshed total pipeline count is 0, healthy pipeline threshold count is 1
2021-09-28 01:15:48,616 [RatisPipelineUtilsThread - 0] INFO  ha.SCMHAInvocationHandler (SCMHAInvocationHandler.java:invokeRatis(113)) - Invoking method public abstract void org.apache.hadoop.hdds.scm.pipeline.StateManager.addPipeline(org.apache.hadoop.hdds.protocol.proto.HddsProtos$Pipeline) throws java.io.IOException on target org.apache.hadoop.hdds.scm.ha.SCMRatisServerImpl@144ecc26, cost 9325.516us
2021-09-28 01:15:48,617 [RatisPipelineUtilsThread - 0] INFO  pipeline.RatisPipelineProvider (RatisPipelineProvider.java:lambda$create$0(183)) - Sending CreatePipelineCommand for pipeline:PipelineID=9ad2b109-4306-4293-a84a-2d885c1e68f8 to datanode:682f795c-fd6e-4513-96f4-ff699a8baeca
2021-09-28 01:15:48,617 [RatisPipelineUtilsThread - 0] INFO  pipeline.RatisPipelineProvider (RatisPipelineProvider.java:lambda$create$0(183)) - Sending CreatePipelineCommand for pipeline:PipelineID=9ad2b109-4306-4293-a84a-2d885c1e68f8 to datanode:a68edfa1-dc1a-41e9-a365-15c521233673
2021-09-28 01:15:48,617 [RatisPipelineUtilsThread - 0] INFO  pipeline.RatisPipelineProvider (RatisPipelineProvider.java:lambda$create$0(183)) - Sending CreatePipelineCommand for pipeline:PipelineID=9ad2b109-4306-4293-a84a-2d885c1e68f8 to datanode:aff66e22-6e70-443d-9eb4-a88275d3a955
2021-09-28 01:15:48,628 [EventQueue-NodeRegistrationContainerReportForDataNodeSafeModeRule] INFO  safemode.SCMSafeModeManager (DataNodeSafeModeRule.java:process(71)) - SCM in safe mode. 3 DataNodes registered, 3 required.
2021-09-28 01:15:48,629 [EventQueue-NodeRegistrationContainerReportForDataNodeSafeModeRule] INFO  safemode.SCMSafeModeManager (SCMSafeModeManager.java:validateSafeModeExitRules(204)) - DataNodeSafeModeRule rule is successfully validated
2021-09-28 01:15:48,629 [EventQueue-NodeRegistrationContainerReportForDataNodeSafeModeRule] INFO  safemode.SCMSafeModeManager (SCMSafeModeManager.java:completePreCheck(233)) - All SCM safe mode pre check rules have passed
2021-09-28 01:15:48,629 [EventQueue-NodeRegistrationContainerReportForDataNodeSafeModeRule] WARN  events.EventQueue (EventQueue.java:fireEvent(194)) - No event handler registered for event TypedEvent{payloadType=SafeModeStatus, name='Safe mode status'}
2021-09-28 01:15:48,629 [EventQueue-NodeRegistrationContainerReportForDataNodeSafeModeRule] INFO  ha.SCMContext (SCMContext.java:updateSafeModeStatus(205)) - Update SafeModeStatus from SafeModeStatus{safeModeStatus=true, preCheckPassed=false} to SafeModeStatus{safeModeStatus=true, preCheckPassed=true}.
2021-09-28 01:15:48,629 [EventQueue-NodeRegistrationContainerReportForDataNodeSafeModeRule] INFO  pipeline.BackgroundPipelineCreator (BackgroundPipelineCreatorV2.java:notifyEventTriggered(279)) - ignore, not leader SCM.
2021-09-28 01:15:48,635 [1970bdcd-bd96-4495-88a5-6eaf9ec039da@group-8E9138349E05-StateMachineUpdater] INFO  pipeline.PipelineStateManager (PipelineStateManagerV2Impl.java:addPipeline(101)) - Created pipeline Pipeline[ Id: e8b8b981-ef12-48e1-a9e6-f550aee6b5d1, Nodes: aff66e22-6e70-443d-9eb4-a88275d3a955{ip: 127.0.0.1, host: localhost, ports: [REPLICATION=35555, RATIS=45375, RATIS_ADMIN=45375, RATIS_SERVER=45375, STANDALONE=37017], networkLocation: /default-rack, certSerialId: null, persistedOpState: IN_SERVICE, persistedOpStateExpiryEpochSec: 0}, ReplicationConfig: RATIS/ONE, State:ALLOCATED, leaderId:, CreationTimestamp2021-09-28T01:15:48.607Z[Etc/UTC]].
2021-09-28 01:15:48,635 [1970bdcd-bd96-4495-88a5-6eaf9ec039da@group-8E9138349E05-StateMachineUpdater] INFO  safemode.HealthyPipelineSafeModeRule (HealthyPipelineSafeModeRule.java:initializeRule(152)) - Refreshed total pipeline count is 0, healthy pipeline threshold count is 1
2021-09-28 01:15:48,640 [4b364075-9b58-4908-a5b5-f5e156ea742e@group-8E9138349E05-StateMachineUpdater] INFO  pipeline.PipelineStateManager (PipelineStateManagerV2Impl.java:addPipeline(101)) - Created pipeline Pipeline[ Id: 9ad2b109-4306-4293-a84a-2d885c1e68f8, Nodes: 682f795c-fd6e-4513-96f4-ff699a8baeca{ip: 127.0.0.1, host: localhost, ports: [REPLICATION=42951, RATIS=41003, RATIS_ADMIN=41003, RATIS_SERVER=41003, STANDALONE=40119], networkLocation: /default-rack, certSerialId: null, persistedOpState: IN_SERVICE, persistedOpStateExpiryEpochSec: 0}a68edfa1-dc1a-41e9-a365-15c521233673{ip: 127.0.0.1, host: localhost, ports: [REPLICATION=39703, RATIS=40889, RATIS_ADMIN=40889, RATIS_SERVER=40889, STANDALONE=41617], networkLocation: /default-rack, certSerialId: null, persistedOpState: IN_SERVICE, persistedOpStateExpiryEpochSec: 0}aff66e22-6e70-443d-9eb4-a88275d3a955{ip: 127.0.0.1, host: localhost, ports: [REPLICATION=35555, RATIS=45375, RATIS_ADMIN=45375, RATIS_SERVER=45375, STANDALONE=37017], networkLocation: /default-rack, certSerialId: null, persistedOpState: IN_SERVICE, persistedOpStateExpiryEpochSec: 0}, ReplicationConfig: RATIS/THREE, State:ALLOCATED, leaderId:, CreationTimestamp2021-09-28T01:15:48.617Z[Etc/UTC]].
2021-09-28 01:15:48,640 [4b364075-9b58-4908-a5b5-f5e156ea742e@group-8E9138349E05-StateMachineUpdater] INFO  safemode.HealthyPipelineSafeModeRule (HealthyPipelineSafeModeRule.java:initializeRule(152)) - Refreshed total pipeline count is 0, healthy pipeline threshold count is 1
2021-09-28 01:15:48,641 [RatisPipelineUtilsThread - 0] INFO  ha.SCMHAInvocationHandler (SCMHAInvocationHandler.java:invokeRatis(113)) - Invoking method public abstract void org.apache.hadoop.hdds.scm.pipeline.StateManager.addPipeline(org.apache.hadoop.hdds.protocol.proto.HddsProtos$Pipeline) throws java.io.IOException on target org.apache.hadoop.hdds.scm.ha.SCMRatisServerImpl@144ecc26, cost 24061.84us
2021-09-28 01:15:48,641 [RatisPipelineUtilsThread - 0] INFO  pipeline.RatisPipelineProvider (RatisPipelineProvider.java:lambda$create$0(183)) - Sending CreatePipelineCommand for pipeline:PipelineID=079304ac-6366-4ac1-b056-0c6976726a89 to datanode:a68edfa1-dc1a-41e9-a365-15c521233673
2021-09-28 01:15:48,642 [RatisPipelineUtilsThread - 0] INFO  pipeline.RatisPipelineProvider (RatisPipelineProvider.java:lambda$create$0(183)) - Sending CreatePipelineCommand for pipeline:PipelineID=079304ac-6366-4ac1-b056-0c6976726a89 to datanode:682f795c-fd6e-4513-96f4-ff699a8baeca
2021-09-28 01:15:48,642 [RatisPipelineUtilsThread - 0] INFO  pipeline.RatisPipelineProvider (RatisPipelineProvider.java:lambda$create$0(183)) - Sending CreatePipelineCommand for pipeline:PipelineID=079304ac-6366-4ac1-b056-0c6976726a89 to datanode:aff66e22-6e70-443d-9eb4-a88275d3a955
2021-09-28 01:15:48,646 [1970bdcd-bd96-4495-88a5-6eaf9ec039da@group-8E9138349E05-StateMachineUpdater] INFO  pipeline.PipelineStateManager (PipelineStateManagerV2Impl.java:addPipeline(101)) - Created pipeline Pipeline[ Id: 9ad2b109-4306-4293-a84a-2d885c1e68f8, Nodes: 682f795c-fd6e-4513-96f4-ff699a8baeca{ip: 127.0.0.1, host: localhost, ports: [REPLICATION=42951, RATIS=41003, RATIS_ADMIN=41003, RATIS_SERVER=41003, STANDALONE=40119], networkLocation: /default-rack, certSerialId: null, persistedOpState: IN_SERVICE, persistedOpStateExpiryEpochSec: 0}a68edfa1-dc1a-41e9-a365-15c521233673{ip: 127.0.0.1, host: localhost, ports: [REPLICATION=39703, RATIS=40889, RATIS_ADMIN=40889, RATIS_SERVER=40889, STANDALONE=41617], networkLocation: /default-rack, certSerialId: null, persistedOpState: IN_SERVICE, persistedOpStateExpiryEpochSec: 0}aff66e22-6e70-443d-9eb4-a88275d3a955{ip: 127.0.0.1, host: localhost, ports: [REPLICATION=35555, RATIS=45375, RATIS_ADMIN=45375, RATIS_SERVER=45375, STANDALONE=37017], networkLocation: /default-rack, certSerialId: null, persistedOpState: IN_SERVICE, persistedOpStateExpiryEpochSec: 0}, ReplicationConfig: RATIS/THREE, State:ALLOCATED, leaderId:, CreationTimestamp2021-09-28T01:15:48.617Z[Etc/UTC]].
2021-09-28 01:15:48,646 [1970bdcd-bd96-4495-88a5-6eaf9ec039da@group-8E9138349E05-StateMachineUpdater] INFO  safemode.HealthyPipelineSafeModeRule (HealthyPipelineSafeModeRule.java:initializeRule(152)) - Refreshed total pipeline count is 0, healthy pipeline threshold count is 1
2021-09-28 01:15:48,656 [4b364075-9b58-4908-a5b5-f5e156ea742e@group-8E9138349E05-StateMachineUpdater] INFO  pipeline.PipelineStateManager (PipelineStateManagerV2Impl.java:addPipeline(101)) - Created pipeline Pipeline[ Id: 079304ac-6366-4ac1-b056-0c6976726a89, Nodes: a68edfa1-dc1a-41e9-a365-15c521233673{ip: 127.0.0.1, host: localhost, ports: [REPLICATION=39703, RATIS=40889, RATIS_ADMIN=40889, RATIS_SERVER=40889, STANDALONE=41617], networkLocation: /default-rack, certSerialId: null, persistedOpState: IN_SERVICE, persistedOpStateExpiryEpochSec: 0}682f795c-fd6e-4513-96f4-ff699a8baeca{ip: 127.0.0.1, host: localhost, ports: [REPLICATION=42951, RATIS=41003, RATIS_ADMIN=41003, RATIS_SERVER=41003, STANDALONE=40119], networkLocation: /default-rack, certSerialId: null, persistedOpState: IN_SERVICE, persistedOpStateExpiryEpochSec: 0}aff66e22-6e70-443d-9eb4-a88275d3a955{ip: 127.0.0.1, host: localhost, ports: [REPLICATION=35555, RATIS=45375, RATIS_ADMIN=45375, RATIS_SERVER=45375, STANDALONE=37017], networkLocation: /default-rack, certSerialId: null, persistedOpState: IN_SERVICE, persistedOpStateExpiryEpochSec: 0}, ReplicationConfig: RATIS/THREE, State:ALLOCATED, leaderId:, CreationTimestamp2021-09-28T01:15:48.641Z[Etc/UTC]].
2021-09-28 01:15:48,656 [4b364075-9b58-4908-a5b5-f5e156ea742e@group-8E9138349E05-StateMachineUpdater] INFO  safemode.HealthyPipelineSafeModeRule (HealthyPipelineSafeModeRule.java:initializeRule(152)) - Refreshed total pipeline count is 0, healthy pipeline threshold count is 1
2021-09-28 01:15:48,657 [4b364075-9b58-4908-a5b5-f5e156ea742e@group-8E9138349E05-StateMachineUpdater] INFO  ha.SCMStateMachine (SCMStateMachine.java:takeSnapshot(290)) - Current Snapshot Index 15, takeSnapshot took 0 ms
2021-09-28 01:15:48,657 [4b364075-9b58-4908-a5b5-f5e156ea742e@group-8E9138349E05-StateMachineUpdater] INFO  impl.StateMachineUpdater (StateMachineUpdater.java:takeSnapshot(281)) - 4b364075-9b58-4908-a5b5-f5e156ea742e@group-8E9138349E05-StateMachineUpdater: Took a snapshot at index 15
2021-09-28 01:15:48,657 [4b364075-9b58-4908-a5b5-f5e156ea742e@group-8E9138349E05-StateMachineUpdater] INFO  impl.StateMachineUpdater (StateMachineUpdater.java:lambda$new$0(89)) - 4b364075-9b58-4908-a5b5-f5e156ea742e@group-8E9138349E05-StateMachineUpdater: snapshotIndex: updateIncreasingly 10 -> 15
2021-09-28 01:15:48,657 [4b364075-9b58-4908-a5b5-f5e156ea742e@group-8E9138349E05-StateMachineUpdater] INFO  raftlog.RaftLog (RaftLogBase.java:purge(306)) - 4b364075-9b58-4908-a5b5-f5e156ea742e@group-8E9138349E05-SegmentedRaftLog: purge 15
2021-09-28 01:15:48,657 [4b364075-9b58-4908-a5b5-f5e156ea742e@group-8E9138349E05-StateMachineUpdater] INFO  raftlog.RaftLog (RaftLogBase.java:lambda$new$0(53)) - 4b364075-9b58-4908-a5b5-f5e156ea742e@group-8E9138349E05-SegmentedRaftLog: snapshotIndex: updateIncreasingly 10 -> 15
2021-09-28 01:15:48,657 [4b364075-9b58-4908-a5b5-f5e156ea742e@group-8E9138349E05-StateMachineUpdater] INFO  raftlog.RaftLog (RaftLogBase.java:lambda$new$0(53)) - 4b364075-9b58-4908-a5b5-f5e156ea742e@group-8E9138349E05-SegmentedRaftLog: purgeIndex: updateToMax old=10, new=15, updated? true
2021-09-28 01:15:48,657 [RatisPipelineUtilsThread - 0] INFO  ha.SCMHAInvocationHandler (SCMHAInvocationHandler.java:invokeRatis(113)) - Invoking method public abstract void org.apache.hadoop.hdds.scm.pipeline.StateManager.addPipeline(org.apache.hadoop.hdds.protocol.proto.HddsProtos$Pipeline) throws java.io.IOException on target org.apache.hadoop.hdds.scm.ha.SCMRatisServerImpl@144ecc26, cost 15247.226us
2021-09-28 01:15:48,657 [RatisPipelineUtilsThread - 0] INFO  pipeline.PipelineManagerImpl (PipelineManagerImpl.java:recordMetricsForPipeline(613)) - Pipeline: PipelineID=079304ac-6366-4ac1-b056-0c6976726a89 contains same datanodes as previous pipelines: PipelineID=9ad2b109-4306-4293-a84a-2d885c1e68f8 nodeIds: a68edfa1-dc1a-41e9-a365-15c521233673, 682f795c-fd6e-4513-96f4-ff699a8baeca, aff66e22-6e70-443d-9eb4-a88275d3a955
2021-09-28 01:15:48,673 [1970bdcd-bd96-4495-88a5-6eaf9ec039da@group-8E9138349E05-StateMachineUpdater] INFO  pipeline.PipelineStateManager (PipelineStateManagerV2Impl.java:addPipeline(101)) - Created pipeline Pipeline[ Id: 079304ac-6366-4ac1-b056-0c6976726a89, Nodes: a68edfa1-dc1a-41e9-a365-15c521233673{ip: 127.0.0.1, host: localhost, ports: [REPLICATION=39703, RATIS=40889, RATIS_ADMIN=40889, RATIS_SERVER=40889, STANDALONE=41617], networkLocation: /default-rack, certSerialId: null, persistedOpState: IN_SERVICE, persistedOpStateExpiryEpochSec: 0}682f795c-fd6e-4513-96f4-ff699a8baeca{ip: 127.0.0.1, host: localhost, ports: [REPLICATION=42951, RATIS=41003, RATIS_ADMIN=41003, RATIS_SERVER=41003, STANDALONE=40119], networkLocation: /default-rack, certSerialId: null, persistedOpState: IN_SERVICE, persistedOpStateExpiryEpochSec: 0}aff66e22-6e70-443d-9eb4-a88275d3a955{ip: 127.0.0.1, host: localhost, ports: [REPLICATION=35555, RATIS=45375, RATIS_ADMIN=45375, RATIS_SERVER=45375, STANDALONE=37017], networkLocation: /default-rack, certSerialId: null, persistedOpState: IN_SERVICE, persistedOpStateExpiryEpochSec: 0}, ReplicationConfig: RATIS/THREE, State:ALLOCATED, leaderId:, CreationTimestamp2021-09-28T01:15:48.641Z[Etc/UTC]].
2021-09-28 01:15:48,673 [1970bdcd-bd96-4495-88a5-6eaf9ec039da@group-8E9138349E05-StateMachineUpdater] INFO  safemode.HealthyPipelineSafeModeRule (HealthyPipelineSafeModeRule.java:initializeRule(152)) - Refreshed total pipeline count is 0, healthy pipeline threshold count is 1
2021-09-28 01:15:48,674 [1970bdcd-bd96-4495-88a5-6eaf9ec039da@group-8E9138349E05-StateMachineUpdater] INFO  ha.SCMStateMachine (SCMStateMachine.java:takeSnapshot(290)) - Current Snapshot Index 15, takeSnapshot took 0 ms
2021-09-28 01:15:48,674 [1970bdcd-bd96-4495-88a5-6eaf9ec039da@group-8E9138349E05-StateMachineUpdater] INFO  impl.StateMachineUpdater (StateMachineUpdater.java:takeSnapshot(281)) - 1970bdcd-bd96-4495-88a5-6eaf9ec039da@group-8E9138349E05-StateMachineUpdater: Took a snapshot at index 15
2021-09-28 01:15:48,674 [1970bdcd-bd96-4495-88a5-6eaf9ec039da@group-8E9138349E05-StateMachineUpdater] INFO  impl.StateMachineUpdater (StateMachineUpdater.java:lambda$new$0(89)) - 1970bdcd-bd96-4495-88a5-6eaf9ec039da@group-8E9138349E05-StateMachineUpdater: snapshotIndex: updateIncreasingly 10 -> 15
2021-09-28 01:15:48,674 [1970bdcd-bd96-4495-88a5-6eaf9ec039da@group-8E9138349E05-StateMachineUpdater] INFO  raftlog.RaftLog (RaftLogBase.java:purge(306)) - 1970bdcd-bd96-4495-88a5-6eaf9ec039da@group-8E9138349E05-SegmentedRaftLog: purge 15
2021-09-28 01:15:48,674 [1970bdcd-bd96-4495-88a5-6eaf9ec039da@group-8E9138349E05-StateMachineUpdater] INFO  raftlog.RaftLog (RaftLogBase.java:lambda$new$0(53)) - 1970bdcd-bd96-4495-88a5-6eaf9ec039da@group-8E9138349E05-SegmentedRaftLog: snapshotIndex: updateIncreasingly 10 -> 15
2021-09-28 01:15:48,674 [1970bdcd-bd96-4495-88a5-6eaf9ec039da@group-8E9138349E05-StateMachineUpdater] INFO  raftlog.RaftLog (RaftLogBase.java:lambda$new$0(53)) - 1970bdcd-bd96-4495-88a5-6eaf9ec039da@group-8E9138349E05-SegmentedRaftLog: purgeIndex: updateToMax old=10, new=15, updated? true
2021-09-28 01:15:48,756 [EndpointStateMachine task thread for /127.0.0.1:15967 - 0 ] INFO  ipc.Client (Client.java:handleConnectionFailure(977)) - Retrying connect to server: localhost/127.0.0.1:15967. Already tried 7 time(s); retry policy is RetryUpToMaximumCountWithFixedSleep(maxRetries=15, sleepTime=1000 MILLISECONDS)
2021-09-28 01:15:49,375 [EndpointStateMachine task thread for /127.0.0.1:15957 - 0 ] INFO  ipc.Client (Client.java:handleConnectionFailure(977)) - Retrying connect to server: localhost/127.0.0.1:15957. Already tried 7 time(s); retry policy is RetryUpToMaximumCountWithFixedSleep(maxRetries=15, sleepTime=1000 MILLISECONDS)
2021-09-28 01:15:49,540 [Listener at 127.0.0.1/13700] INFO  ozone.MiniOzoneClusterImpl (MiniOzoneClusterImpl.java:lambda$waitForClusterToBeReady$0(235)) - Nodes are ready. Got 3 of 3 DN Heartbeats.
2021-09-28 01:15:49,540 [Listener at 127.0.0.1/13700] INFO  ozone.MiniOzoneClusterImpl (MiniOzoneClusterImpl.java:lambda$waitForClusterToBeReady$0(238)) - Waiting for cluster to exit safe mode
2021-09-28 01:15:49,540 [Listener at 127.0.0.1/13700] INFO  ozone.MiniOzoneClusterImpl (MiniOzoneClusterImpl.java:lambda$waitForClusterToBeReady$0(240)) - SCM became leader
2021-09-28 01:15:49,540 [EndpointStateMachine task thread for /127.0.0.1:15977 - 0 ] INFO  ipc.Client (Client.java:handleConnectionFailure(977)) - Retrying connect to server: localhost/127.0.0.1:15977. Already tried 8 time(s); retry policy is RetryUpToMaximumCountWithFixedSleep(maxRetries=15, sleepTime=1000 MILLISECONDS)
2021-09-28 01:15:49,756 [EndpointStateMachine task thread for /127.0.0.1:15967 - 0 ] INFO  ipc.Client (Client.java:handleConnectionFailure(977)) - Retrying connect to server: localhost/127.0.0.1:15967. Already tried 8 time(s); retry policy is RetryUpToMaximumCountWithFixedSleep(maxRetries=15, sleepTime=1000 MILLISECONDS)
2021-09-28 01:15:50,376 [EndpointStateMachine task thread for /127.0.0.1:15957 - 0 ] INFO  ipc.Client (Client.java:handleConnectionFailure(977)) - Retrying connect to server: localhost/127.0.0.1:15957. Already tried 8 time(s); retry policy is RetryUpToMaximumCountWithFixedSleep(maxRetries=15, sleepTime=1000 MILLISECONDS)
2021-09-28 01:15:50,517 [Command processor thread] INFO  server.RaftServer (RaftServerProxy.java:addNew(95)) - a68edfa1-dc1a-41e9-a365-15c521233673: addNew group-B741A2237F14:[a68edfa1-dc1a-41e9-a365-15c521233673|rpc:127.0.0.1:40889|priority:1] returns group-B741A2237F14:java.util.concurrent.CompletableFuture@174a06e3[Not completed]
2021-09-28 01:15:50,518 [pool-264-thread-1] INFO  server.RaftServer$Division (RaftServerImpl.java:<init>(181)) - a68edfa1-dc1a-41e9-a365-15c521233673: new RaftServerImpl for group-B741A2237F14:[a68edfa1-dc1a-41e9-a365-15c521233673|rpc:127.0.0.1:40889|priority:1] with ContainerStateMachine:uninitialized
2021-09-28 01:15:50,530 [pool-264-thread-1] INFO  server.RaftServerConfigKeys (ConfUtils.java:logGet(44)) - raft.server.rpc.timeout.min = 5s (custom)
2021-09-28 01:15:50,533 [pool-264-thread-1] INFO  server.RaftServerConfigKeys (ConfUtils.java:logGet(44)) - raft.server.rpc.timeout.max = 5200ms (custom)
2021-09-28 01:15:50,533 [pool-264-thread-1] INFO  server.RaftServerConfigKeys (ConfUtils.java:logGet(44)) - raft.server.rpc.sleep.time = 25ms (default)
2021-09-28 01:15:50,533 [pool-264-thread-1] INFO  server.RaftServerConfigKeys (ConfUtils.java:logGet(44)) - raft.server.rpc.slowness.timeout = 300s (custom)
2021-09-28 01:15:50,533 [pool-264-thread-1] INFO  server.RaftServerConfigKeys (ConfUtils.java:logGet(44)) - raft.server.leaderelection.leader.step-down.wait-time = 10s (default)
2021-09-28 01:15:50,533 [pool-264-thread-1] INFO  server.RaftServerConfigKeys (ConfUtils.java:logGet(44)) - raft.server.sleep.deviation.threshold = 300ms (default)
2021-09-28 01:15:50,533 [pool-264-thread-1] INFO  server.RaftServerConfigKeys (ConfUtils.java:logGet(44)) - raft.server.log.appender.install.snapshot.enabled = false (custom)
2021-09-28 01:15:50,533 [pool-264-thread-1] INFO  server.RaftServer$Division (ServerState.java:<init>(105)) - a68edfa1-dc1a-41e9-a365-15c521233673@group-B741A2237F14: ConfigurationManager, init=-1: [a68edfa1-dc1a-41e9-a365-15c521233673|rpc:127.0.0.1:40889|priority:1], old=null, confs=<EMPTY_MAP>
2021-09-28 01:15:50,534 [pool-264-thread-1] INFO  server.RaftServerConfigKeys (ConfUtils.java:logGet(44)) - raft.server.storage.dir = [/home/runner/work/ozone/ozone/hadoop-ozone/integration-test/target/test-dir/MiniOzoneClusterImpl-4882f729-1751-4fe5-a7fb-8e9138349e05/datanode-0/data/ratis] (custom)
2021-09-28 01:15:50,534 [pool-264-thread-1] INFO  server.RaftServerConfigKeys (ConfUtils.java:logGet(44)) - raft.server.log.corruption.policy = EXCEPTION (default)
2021-09-28 01:15:50,534 [pool-264-thread-1] INFO  server.RaftServerConfigKeys (ConfUtils.java:logGet(44)) - raft.server.storage.free-space.min = 0MB (=0) (default)
2021-09-28 01:15:50,538 [pool-264-thread-1] INFO  storage.RaftStorageDirectory (RaftStorageDirectoryImpl.java:analyzeStorage(135)) - The storage directory /home/runner/work/ozone/ozone/hadoop-ozone/integration-test/target/test-dir/MiniOzoneClusterImpl-4882f729-1751-4fe5-a7fb-8e9138349e05/datanode-0/data/ratis/2a578fb3-1c0d-4b94-8d03-b741a2237f14 does not exist. Creating ...
2021-09-28 01:15:50,540 [pool-264-thread-1] INFO  storage.RaftStorageDirectory (RaftStorageDirectoryImpl.java:tryLock(230)) - Lock on /home/runner/work/ozone/ozone/hadoop-ozone/integration-test/target/test-dir/MiniOzoneClusterImpl-4882f729-1751-4fe5-a7fb-8e9138349e05/datanode-0/data/ratis/2a578fb3-1c0d-4b94-8d03-b741a2237f14/in_use.lock acquired by nodename 14119@fv-az50-883
2021-09-28 01:15:50,540 [Listener at 127.0.0.1/13700] INFO  ozone.MiniOzoneClusterImpl (MiniOzoneClusterImpl.java:lambda$waitForClusterToBeReady$0(235)) - Nodes are ready. Got 3 of 3 DN Heartbeats.
2021-09-28 01:15:50,541 [Listener at 127.0.0.1/13700] INFO  ozone.MiniOzoneClusterImpl (MiniOzoneClusterImpl.java:lambda$waitForClusterToBeReady$0(238)) - Waiting for cluster to exit safe mode
2021-09-28 01:15:50,541 [Listener at 127.0.0.1/13700] INFO  ozone.MiniOzoneClusterImpl (MiniOzoneClusterImpl.java:lambda$waitForClusterToBeReady$0(240)) - SCM became leader
2021-09-28 01:15:50,541 [EndpointStateMachine task thread for /127.0.0.1:15977 - 0 ] INFO  ipc.Client (Client.java:handleConnectionFailure(977)) - Retrying connect to server: localhost/127.0.0.1:15977. Already tried 9 time(s); retry policy is RetryUpToMaximumCountWithFixedSleep(maxRetries=15, sleepTime=1000 MILLISECONDS)
2021-09-28 01:15:50,541 [pool-264-thread-1] INFO  storage.RaftStorage (RaftStorageImpl.java:format(89)) - Storage directory /home/runner/work/ozone/ozone/hadoop-ozone/integration-test/target/test-dir/MiniOzoneClusterImpl-4882f729-1751-4fe5-a7fb-8e9138349e05/datanode-0/data/ratis/2a578fb3-1c0d-4b94-8d03-b741a2237f14 has been successfully formatted.
2021-09-28 01:15:50,542 [pool-264-thread-1] INFO  ratis.ContainerStateMachine (ContainerStateMachine.java:loadSnapshot(224)) - group-B741A2237F14: The snapshot info is null. Setting the last applied indexto:(t:0, i:~)
2021-09-28 01:15:50,543 [pool-264-thread-1] INFO  server.RaftServerConfigKeys (ConfUtils.java:logGet(44)) - raft.server.notification.no-leader.timeout = 300s (custom)
2021-09-28 01:15:50,543 [pool-264-thread-1] INFO  server.RaftServerConfigKeys (ConfUtils.java:logGet(44)) - raft.server.log.use.memory = false (default)
2021-09-28 01:15:50,543 [pool-264-thread-1] INFO  server.RaftServerConfigKeys (ConfUtils.java:logGet(44)) - raft.server.log.purge.gap = 1000000 (custom)
2021-09-28 01:15:50,543 [pool-264-thread-1] INFO  server.RaftServerConfigKeys (ConfUtils.java:logGet(44)) - raft.server.log.appender.buffer.byte-limit = 33554432 (custom)
2021-09-28 01:15:50,543 [pool-264-thread-1] INFO  server.RaftServerConfigKeys (ConfUtils.java:logGet(44)) - raft.server.log.segment.size.max = 1048576 (custom)
2021-09-28 01:15:50,544 [pool-264-thread-1] INFO  server.RaftServerConfigKeys (ConfUtils.java:logGet(44)) - raft.server.log.segment.cache.num.max = 2 (custom)
2021-09-28 01:15:50,544 [pool-264-thread-1] INFO  server.RaftServerConfigKeys (ConfUtils.java:logGet(44)) - raft.server.log.segment.cache.size.max = 200MB (=209715200) (default)
2021-09-28 01:15:50,544 [pool-264-thread-1] INFO  segmented.SegmentedRaftLogWorker (SegmentedRaftLogWorker.java:<init>(182)) - new a68edfa1-dc1a-41e9-a365-15c521233673@group-B741A2237F14-SegmentedRaftLogWorker for RaftStorageImpl:Storage Directory /home/runner/work/ozone/ozone/hadoop-ozone/integration-test/target/test-dir/MiniOzoneClusterImpl-4882f729-1751-4fe5-a7fb-8e9138349e05/datanode-0/data/ratis/2a578fb3-1c0d-4b94-8d03-b741a2237f14
2021-09-28 01:15:50,544 [pool-264-thread-1] INFO  server.RaftServerConfigKeys (ConfUtils.java:logGet(44)) - raft.server.log.queue.byte-limit = 2147483647 (custom)
2021-09-28 01:15:50,544 [pool-264-thread-1] INFO  server.RaftServerConfigKeys (ConfUtils.java:logGet(44)) - raft.server.log.queue.element-limit = 1024 (custom)
2021-09-28 01:15:50,544 [pool-264-thread-1] INFO  server.RaftServerConfigKeys (ConfUtils.java:logGet(44)) - raft.server.log.segment.size.max = 1048576 (custom)
2021-09-28 01:15:50,544 [pool-264-thread-1] INFO  server.RaftServerConfigKeys (ConfUtils.java:logGet(44)) - raft.server.log.preallocated.size = 16384 (custom)
2021-09-28 01:15:50,544 [pool-264-thread-1] INFO  server.RaftServerConfigKeys (ConfUtils.java:logGet(44)) - raft.server.log.force.sync.num = 128 (default)
2021-09-28 01:15:50,544 [pool-264-thread-1] INFO  server.RaftServerConfigKeys (ConfUtils.java:logGet(44)) - raft.server.log.statemachine.data.sync = true (default)
2021-09-28 01:15:50,544 [pool-264-thread-1] INFO  server.RaftServerConfigKeys (ConfUtils.java:logGet(44)) - raft.server.log.statemachine.data.sync.timeout = 10s (default)
2021-09-28 01:15:50,545 [pool-264-thread-1] INFO  server.RaftServerConfigKeys (ConfUtils.java:logGet(44)) - raft.server.log.statemachine.data.sync.timeout.retry = -1 (default)
2021-09-28 01:15:50,545 [pool-264-thread-1] INFO  server.RaftServerConfigKeys (ConfUtils.java:logGet(44)) - raft.server.log.write.buffer.size = 1048576 (custom)
2021-09-28 01:15:50,546 [pool-264-thread-1] INFO  server.RaftServerConfigKeys (ConfUtils.java:logGet(44)) - raft.server.log.statemachine.data.caching.enabled = true (custom)
2021-09-28 01:15:50,547 [EventQueue-PipelineReportForPipelineReportHandler] INFO  pipeline.PipelineManagerImpl (PipelineManagerImpl.java:openPipeline(282)) - Pipeline Pipeline[ Id: 2a578fb3-1c0d-4b94-8d03-b741a2237f14, Nodes: a68edfa1-dc1a-41e9-a365-15c521233673{ip: 127.0.0.1, host: localhost, ports: [REPLICATION=39703, RATIS=40889, RATIS_ADMIN=40889, RATIS_SERVER=40889, STANDALONE=41617], networkLocation: /default-rack, certSerialId: null, persistedOpState: IN_SERVICE, persistedOpStateExpiryEpochSec: 0}, ReplicationConfig: RATIS/ONE, State:ALLOCATED, leaderId:a68edfa1-dc1a-41e9-a365-15c521233673, CreationTimestamp2021-09-28T01:15:47.540Z[Etc/UTC]] moved to OPEN state
2021-09-28 01:15:50,550 [pool-264-thread-1] INFO  segmented.SegmentedRaftLogWorker (SegmentedRaftLogWorker.java:lambda$new$0(133)) - a68edfa1-dc1a-41e9-a365-15c521233673@group-B741A2237F14-SegmentedRaftLogWorker: flushIndex: setUnconditionally 0 -> -1
2021-09-28 01:15:50,550 [pool-264-thread-1] INFO  segmented.SegmentedRaftLogWorker (SegmentedRaftLogWorker.java:lambda$new$0(133)) - a68edfa1-dc1a-41e9-a365-15c521233673@group-B741A2237F14-SegmentedRaftLogWorker: safeCacheEvictIndex: setUnconditionally 0 -> -1
2021-09-28 01:15:50,547 [EventQueue-PipelineReportForPipelineReportHandler] INFO  pipeline.PipelineManagerImpl (PipelineManagerImpl.java:openPipeline(282)) - Pipeline Pipeline[ Id: 2a578fb3-1c0d-4b94-8d03-b741a2237f14, Nodes: a68edfa1-dc1a-41e9-a365-15c521233673{ip: 127.0.0.1, host: localhost, ports: [REPLICATION=39703, RATIS=40889, RATIS_ADMIN=40889, RATIS_SERVER=40889, STANDALONE=41617], networkLocation: /default-rack, certSerialId: null, persistedOpState: IN_SERVICE, persistedOpStateExpiryEpochSec: 0}, ReplicationConfig: RATIS/ONE, State:ALLOCATED, leaderId:a68edfa1-dc1a-41e9-a365-15c521233673, CreationTimestamp2021-09-28T01:15:47.540Z[Etc/UTC]] moved to OPEN state
2021-09-28 01:15:50,571 [pool-264-thread-1] INFO  server.RaftServerConfigKeys (ConfUtils.java:logGet(44)) - raft.server.snapshot.auto.trigger.enabled = true (custom)
2021-09-28 01:15:50,571 [pool-264-thread-1] INFO  server.RaftServerConfigKeys (ConfUtils.java:logGet(44)) - raft.server.snapshot.auto.trigger.threshold = 10000 (custom)
2021-09-28 01:15:50,572 [pool-264-thread-1] INFO  server.RaftServerConfigKeys (ConfUtils.java:logGet(44)) - raft.server.snapshot.retention.file.num = 5 (custom)
2021-09-28 01:15:50,572 [pool-264-thread-1] INFO  server.RaftServerConfigKeys (ConfUtils.java:logGet(44)) - raft.server.log.purge.upto.snapshot.index = false (default)
2021-09-28 01:15:50,572 [pool-264-thread-1] INFO  server.RaftServerConfigKeys (ConfUtils.java:logGet(44)) - raft.server.retrycache.expirytime = 600000ms (custom)
2021-09-28 01:15:50,572 [pool-264-thread-1] INFO  server.RaftServerConfigKeys (ConfUtils.java:logGet(44)) - raft.server.retrycache.statistics.expirytime = 100μs (default)
2021-09-28 01:15:50,573 [pool-264-thread-1] INFO  server.RaftServer$Division (RaftServerImpl.java:start(296)) - a68edfa1-dc1a-41e9-a365-15c521233673@group-B741A2237F14: start as a follower, conf=-1: [a68edfa1-dc1a-41e9-a365-15c521233673|rpc:127.0.0.1:40889|priority:1], old=null
2021-09-28 01:15:50,573 [pool-264-thread-1] INFO  server.RaftServer$Division (RaftServerImpl.java:setRole(285)) - a68edfa1-dc1a-41e9-a365-15c521233673@group-B741A2237F14: changes role from      null to FOLLOWER at term 0 for startAsFollower
2021-09-28 01:15:50,573 [pool-264-thread-1] INFO  impl.RoleInfo (RoleInfo.java:updateAndGet(130)) - a68edfa1-dc1a-41e9-a365-15c521233673: start a68edfa1-dc1a-41e9-a365-15c521233673@group-B741A2237F14-FollowerState
2021-09-28 01:15:50,573 [EndpointStateMachine task thread for /127.0.0.1:14245 - 0 ] WARN  statemachine.EndpointStateMachine (EndpointStateMachine.java:logIfNeeded(236)) - Unable to communicate to SCM server at 127.0.0.1:14245 for past 0 seconds.
java.net.SocketTimeoutException: Call From fv-az50-883/10.1.0.25 to localhost:14245 failed on socket timeout exception: java.net.SocketTimeoutException: 5000 millis timeout while waiting for channel to be ready for read. ch : java.nio.channels.SocketChannel[connected local=/127.0.0.1:48486 remote=/127.0.0.1:14245]; For more details see:  http://wiki.apache.org/hadoop/SocketTimeout
	at sun.reflect.NativeConstructorAccessorImpl.newInstance0(Native Method)
	at sun.reflect.NativeConstructorAccessorImpl.newInstance(NativeConstructorAccessorImpl.java:62)
	at sun.reflect.DelegatingConstructorAccessorImpl.newInstance(DelegatingConstructorAccessorImpl.java:45)
	at java.lang.reflect.Constructor.newInstance(Constructor.java:423)
	at org.apache.hadoop.net.NetUtils.wrapWithMessage(NetUtils.java:913)
	at org.apache.hadoop.net.NetUtils.wrapException(NetUtils.java:848)
	at org.apache.hadoop.ipc.Client.getRpcResponse(Client.java:1577)
	at org.apache.hadoop.ipc.Client.call(Client.java:1519)
	at org.apache.hadoop.ipc.Client.call(Client.java:1416)
	at org.apache.hadoop.ipc.ProtobufRpcEngine$Invoker.invoke(ProtobufRpcEngine.java:236)
	at org.apache.hadoop.ipc.ProtobufRpcEngine$Invoker.invoke(ProtobufRpcEngine.java:123)
	at com.sun.proxy.$Proxy48.submitRequest(Unknown Source)
	at org.apache.hadoop.ozone.protocolPB.StorageContainerDatanodeProtocolClientSideTranslatorPB.submitRequest(StorageContainerDatanodeProtocolClientSideTranslatorPB.java:117)
	at org.apache.hadoop.ozone.protocolPB.StorageContainerDatanodeProtocolClientSideTranslatorPB.getVersion(StorageContainerDatanodeProtocolClientSideTranslatorPB.java:133)
	at org.apache.hadoop.ozone.container.common.states.endpoint.VersionEndpointTask.call(VersionEndpointTask.java:71)
	at org.apache.hadoop.ozone.container.common.states.endpoint.VersionEndpointTask.call(VersionEndpointTask.java:42)
	at java.util.concurrent.FutureTask.run(FutureTask.java:266)
	at java.util.concurrent.ThreadPoolExecutor.runWorker(ThreadPoolExecutor.java:1149)
	at java.util.concurrent.ThreadPoolExecutor$Worker.run(ThreadPoolExecutor.java:624)
	at java.lang.Thread.run(Thread.java:748)
Caused by: java.net.SocketTimeoutException: 5000 millis timeout while waiting for channel to be ready for read. ch : java.nio.channels.SocketChannel[connected local=/127.0.0.1:48486 remote=/127.0.0.1:14245]
	at org.apache.hadoop.net.SocketIOWithTimeout.doIO(SocketIOWithTimeout.java:164)
	at org.apache.hadoop.net.SocketInputStream.read(SocketInputStream.java:161)
	at org.apache.hadoop.net.SocketInputStream.read(SocketInputStream.java:131)
	at java.io.FilterInputStream.read(FilterInputStream.java:133)
	at java.io.BufferedInputStream.fill(BufferedInputStream.java:246)
	at java.io.BufferedInputStream.read(BufferedInputStream.java:265)
	at java.io.FilterInputStream.read(FilterInputStream.java:83)
	at java.io.FilterInputStream.read(FilterInputStream.java:83)
	at org.apache.hadoop.ipc.Client$Connection$PingInputStream.read(Client.java:563)
	at java.io.DataInputStream.readInt(DataInputStream.java:387)
	at org.apache.hadoop.ipc.Client$IpcStreams.readResponse(Client.java:1892)
	at org.apache.hadoop.ipc.Client$Connection.receiveRpcResponse(Client.java:1202)
	at org.apache.hadoop.ipc.Client$Connection.run(Client.java:1098)
2021-09-28 01:15:50,574 [EndpointStateMachine task thread for /127.0.0.1:14245 - 0 ] WARN  statemachine.EndpointStateMachine (EndpointStateMachine.java:logIfNeeded(236)) - Unable to communicate to SCM server at 127.0.0.1:14245 for past 0 seconds.
java.net.SocketTimeoutException: Call From fv-az50-883/10.1.0.25 to localhost:14245 failed on socket timeout exception: java.net.SocketTimeoutException: 5000 millis timeout while waiting for channel to be ready for read. ch : java.nio.channels.SocketChannel[connected local=/127.0.0.1:48486 remote=/127.0.0.1:14245]; For more details see:  http://wiki.apache.org/hadoop/SocketTimeout
	at sun.reflect.NativeConstructorAccessorImpl.newInstance0(Native Method)
	at sun.reflect.NativeConstructorAccessorImpl.newInstance(NativeConstructorAccessorImpl.java:62)
	at sun.reflect.DelegatingConstructorAccessorImpl.newInstance(DelegatingConstructorAccessorImpl.java:45)
	at java.lang.reflect.Constructor.newInstance(Constructor.java:423)
	at org.apache.hadoop.net.NetUtils.wrapWithMessage(NetUtils.java:913)
	at org.apache.hadoop.net.NetUtils.wrapException(NetUtils.java:848)
	at org.apache.hadoop.ipc.Client.getRpcResponse(Client.java:1577)
	at org.apache.hadoop.ipc.Client.call(Client.java:1519)
	at org.apache.hadoop.ipc.Client.call(Client.java:1416)
	at org.apache.hadoop.ipc.ProtobufRpcEngine$Invoker.invoke(ProtobufRpcEngine.java:236)
	at org.apache.hadoop.ipc.ProtobufRpcEngine$Invoker.invoke(ProtobufRpcEngine.java:123)
	at com.sun.proxy.$Proxy48.submitRequest(Unknown Source)
	at org.apache.hadoop.ozone.protocolPB.StorageContainerDatanodeProtocolClientSideTranslatorPB.submitRequest(StorageContainerDatanodeProtocolClientSideTranslatorPB.java:117)
	at org.apache.hadoop.ozone.protocolPB.StorageContainerDatanodeProtocolClientSideTranslatorPB.getVersion(StorageContainerDatanodeProtocolClientSideTranslatorPB.java:133)
	at org.apache.hadoop.ozone.container.common.states.endpoint.VersionEndpointTask.call(VersionEndpointTask.java:71)
	at org.apache.hadoop.ozone.container.common.states.endpoint.VersionEndpointTask.call(VersionEndpointTask.java:42)
	at java.util.concurrent.FutureTask.run(FutureTask.java:266)
	at java.util.concurrent.ThreadPoolExecutor.runWorker(ThreadPoolExecutor.java:1149)
	at java.util.concurrent.ThreadPoolExecutor$Worker.run(ThreadPoolExecutor.java:624)
	at java.lang.Thread.run(Thread.java:748)
Caused by: java.net.SocketTimeoutException: 5000 millis timeout while waiting for channel to be ready for read. ch : java.nio.channels.SocketChannel[connected local=/127.0.0.1:48486 remote=/127.0.0.1:14245]
	at org.apache.hadoop.net.SocketIOWithTimeout.doIO(SocketIOWithTimeout.java:164)
	at org.apache.hadoop.net.SocketInputStream.read(SocketInputStream.java:161)
	at org.apache.hadoop.net.SocketInputStream.read(SocketInputStream.java:131)
	at java.io.FilterInputStream.read(FilterInputStream.java:133)
	at java.io.BufferedInputStream.fill(BufferedInputStream.java:246)
	at java.io.BufferedInputStream.read(BufferedInputStream.java:265)
	at java.io.FilterInputStream.read(FilterInputStream.java:83)
	at java.io.FilterInputStream.read(FilterInputStream.java:83)
	at org.apache.hadoop.ipc.Client$Connection$PingInputStream.read(Client.java:563)
	at java.io.DataInputStream.readInt(DataInputStream.java:387)
	at org.apache.hadoop.ipc.Client$IpcStreams.readResponse(Client.java:1892)
	at org.apache.hadoop.ipc.Client$Connection.receiveRpcResponse(Client.java:1202)
	at org.apache.hadoop.ipc.Client$Connection.run(Client.java:1098)
2021-09-28 01:15:50,574 [EndpointStateMachine task thread for /127.0.0.1:14245 - 0 ] WARN  statemachine.EndpointStateMachine (EndpointStateMachine.java:logIfNeeded(236)) - Unable to communicate to SCM server at localhost:14245 for past 0 seconds.
java.net.SocketTimeoutException: Call From fv-az50-883/10.1.0.25 to localhost:14245 failed on socket timeout exception: java.net.SocketTimeoutException: 5000 millis timeout while waiting for channel to be ready for read. ch : java.nio.channels.SocketChannel[connected local=/127.0.0.1:48486 remote=/127.0.0.1:14245]; For more details see:  http://wiki.apache.org/hadoop/SocketTimeout
	at sun.reflect.NativeConstructorAccessorImpl.newInstance0(Native Method)
	at sun.reflect.NativeConstructorAccessorImpl.newInstance(NativeConstructorAccessorImpl.java:62)
	at sun.reflect.DelegatingConstructorAccessorImpl.newInstance(DelegatingConstructorAccessorImpl.java:45)
	at java.lang.reflect.Constructor.newInstance(Constructor.java:423)
	at org.apache.hadoop.net.NetUtils.wrapWithMessage(NetUtils.java:913)
	at org.apache.hadoop.net.NetUtils.wrapException(NetUtils.java:848)
	at org.apache.hadoop.ipc.Client.getRpcResponse(Client.java:1577)
	at org.apache.hadoop.ipc.Client.call(Client.java:1519)
	at org.apache.hadoop.ipc.Client.call(Client.java:1416)
	at org.apache.hadoop.ipc.ProtobufRpcEngine$Invoker.invoke(ProtobufRpcEngine.java:236)
	at org.apache.hadoop.ipc.ProtobufRpcEngine$Invoker.invoke(ProtobufRpcEngine.java:123)
	at com.sun.proxy.$Proxy48.submitRequest(Unknown Source)
	at org.apache.hadoop.ozone.protocolPB.StorageContainerDatanodeProtocolClientSideTranslatorPB.submitRequest(StorageContainerDatanodeProtocolClientSideTranslatorPB.java:117)
	at org.apache.hadoop.ozone.protocolPB.StorageContainerDatanodeProtocolClientSideTranslatorPB.getVersion(StorageContainerDatanodeProtocolClientSideTranslatorPB.java:133)
	at org.apache.hadoop.ozone.container.common.states.endpoint.VersionEndpointTask.call(VersionEndpointTask.java:71)
	at org.apache.hadoop.ozone.container.common.states.endpoint.VersionEndpointTask.call(VersionEndpointTask.java:42)
	at java.util.concurrent.FutureTask.run(FutureTask.java:266)
	at java.util.concurrent.ThreadPoolExecutor.runWorker(ThreadPoolExecutor.java:1149)
	at java.util.concurrent.ThreadPoolExecutor$Worker.run(ThreadPoolExecutor.java:624)
	at java.lang.Thread.run(Thread.java:748)
Caused by: java.net.SocketTimeoutException: 5000 millis timeout while waiting for channel to be ready for read. ch : java.nio.channels.SocketChannel[connected local=/127.0.0.1:48486 remote=/127.0.0.1:14245]
	at org.apache.hadoop.net.SocketIOWithTimeout.doIO(SocketIOWithTimeout.java:164)
	at org.apache.hadoop.net.SocketInputStream.read(SocketInputStream.java:161)
	at org.apache.hadoop.net.SocketInputStream.read(SocketInputStream.java:131)
	at java.io.FilterInputStream.read(FilterInputStream.java:133)
	at java.io.BufferedInputStream.fill(BufferedInputStream.java:246)
	at java.io.BufferedInputStream.read(BufferedInputStream.java:265)
	at java.io.FilterInputStream.read(FilterInputStream.java:83)
	at java.io.FilterInputStream.read(FilterInputStream.java:83)
	at org.apache.hadoop.ipc.Client$Connection$PingInputStream.read(Client.java:563)
	at java.io.DataInputStream.readInt(DataInputStream.java:387)
	at org.apache.hadoop.ipc.Client$IpcStreams.readResponse(Client.java:1892)
	at org.apache.hadoop.ipc.Client$Connection.receiveRpcResponse(Client.java:1202)
	at org.apache.hadoop.ipc.Client$Connection.run(Client.java:1098)
2021-09-28 01:15:50,591 [pool-264-thread-1] INFO  util.JmxRegister (JmxRegister.java:tryRegister(44)) - Successfully registered JMX Bean with object name Ratis:service=RaftServer,group=group-B741A2237F14,id=a68edfa1-dc1a-41e9-a365-15c521233673
2021-09-28 01:15:50,593 [Command processor thread] INFO  ratis.XceiverServerRatis (XceiverServerRatis.java:addGroup(762)) - Created group PipelineID=2a578fb3-1c0d-4b94-8d03-b741a2237f14
2021-09-28 01:15:50,593 [Command processor thread] INFO  commandhandler.CreatePipelineCommandHandler (CreatePipelineCommandHandler.java:handle(106)) - Created Pipeline RATIS ONE PipelineID=2a578fb3-1c0d-4b94-8d03-b741a2237f14.
2021-09-28 01:15:50,593 [Command processor thread] INFO  server.RaftServer (RaftServerProxy.java:addNew(95)) - a68edfa1-dc1a-41e9-a365-15c521233673: addNew group-2D885C1E68F8:[a68edfa1-dc1a-41e9-a365-15c521233673|rpc:127.0.0.1:40889|priority:0, 682f795c-fd6e-4513-96f4-ff699a8baeca|rpc:127.0.0.1:41003|priority:1, aff66e22-6e70-443d-9eb4-a88275d3a955|rpc:127.0.0.1:45375|priority:0] returns group-2D885C1E68F8:java.util.concurrent.CompletableFuture@137580d2[Not completed]
2021-09-28 01:15:50,594 [pool-264-thread-1] INFO  server.RaftServer$Division (RaftServerImpl.java:<init>(181)) - a68edfa1-dc1a-41e9-a365-15c521233673: new RaftServerImpl for group-2D885C1E68F8:[a68edfa1-dc1a-41e9-a365-15c521233673|rpc:127.0.0.1:40889|priority:0, 682f795c-fd6e-4513-96f4-ff699a8baeca|rpc:127.0.0.1:41003|priority:1, aff66e22-6e70-443d-9eb4-a88275d3a955|rpc:127.0.0.1:45375|priority:0] with ContainerStateMachine:uninitialized
2021-09-28 01:15:50,594 [pool-264-thread-1] INFO  server.RaftServerConfigKeys (ConfUtils.java:logGet(44)) - raft.server.rpc.timeout.min = 5s (custom)
2021-09-28 01:15:50,594 [pool-264-thread-1] INFO  server.RaftServerConfigKeys (ConfUtils.java:logGet(44)) - raft.server.rpc.timeout.max = 5200ms (custom)
2021-09-28 01:15:50,594 [pool-264-thread-1] INFO  server.RaftServerConfigKeys (ConfUtils.java:logGet(44)) - raft.server.rpc.sleep.time = 25ms (default)
2021-09-28 01:15:50,594 [pool-264-thread-1] INFO  server.RaftServerConfigKeys (ConfUtils.java:logGet(44)) - raft.server.rpc.slowness.timeout = 300s (custom)
2021-09-28 01:15:50,594 [pool-264-thread-1] INFO  server.RaftServerConfigKeys (ConfUtils.java:logGet(44)) - raft.server.leaderelection.leader.step-down.wait-time = 10s (default)
2021-09-28 01:15:50,595 [pool-264-thread-1] INFO  server.RaftServerConfigKeys (ConfUtils.java:logGet(44)) - raft.server.sleep.deviation.threshold = 300ms (default)
2021-09-28 01:15:50,595 [pool-264-thread-1] INFO  server.RaftServerConfigKeys (ConfUtils.java:logGet(44)) - raft.server.log.appender.install.snapshot.enabled = false (custom)
2021-09-28 01:15:50,595 [pool-264-thread-1] INFO  server.RaftServer$Division (ServerState.java:<init>(105)) - a68edfa1-dc1a-41e9-a365-15c521233673@group-2D885C1E68F8: ConfigurationManager, init=-1: [a68edfa1-dc1a-41e9-a365-15c521233673|rpc:127.0.0.1:40889|priority:0, 682f795c-fd6e-4513-96f4-ff699a8baeca|rpc:127.0.0.1:41003|priority:1, aff66e22-6e70-443d-9eb4-a88275d3a955|rpc:127.0.0.1:45375|priority:0], old=null, confs=<EMPTY_MAP>
2021-09-28 01:15:50,595 [pool-264-thread-1] INFO  server.RaftServerConfigKeys (ConfUtils.java:logGet(44)) - raft.server.storage.dir = [/home/runner/work/ozone/ozone/hadoop-ozone/integration-test/target/test-dir/MiniOzoneClusterImpl-4882f729-1751-4fe5-a7fb-8e9138349e05/datanode-0/data/ratis] (custom)
2021-09-28 01:15:50,595 [pool-264-thread-1] INFO  server.RaftServerConfigKeys (ConfUtils.java:logGet(44)) - raft.server.log.corruption.policy = EXCEPTION (default)
2021-09-28 01:15:50,595 [pool-264-thread-1] INFO  server.RaftServerConfigKeys (ConfUtils.java:logGet(44)) - raft.server.storage.free-space.min = 0MB (=0) (default)
2021-09-28 01:15:50,595 [pool-264-thread-1] INFO  storage.RaftStorageDirectory (RaftStorageDirectoryImpl.java:analyzeStorage(135)) - The storage directory /home/runner/work/ozone/ozone/hadoop-ozone/integration-test/target/test-dir/MiniOzoneClusterImpl-4882f729-1751-4fe5-a7fb-8e9138349e05/datanode-0/data/ratis/9ad2b109-4306-4293-a84a-2d885c1e68f8 does not exist. Creating ...
2021-09-28 01:15:50,599 [EventQueue-PipelineReportForPipelineReportHandler] INFO  ha.SCMHAInvocationHandler (SCMHAInvocationHandler.java:invokeRatis(113)) - Invoking method public abstract void org.apache.hadoop.hdds.scm.pipeline.StateManager.updatePipelineState(org.apache.hadoop.hdds.protocol.proto.HddsProtos$PipelineID,org.apache.hadoop.hdds.protocol.proto.HddsProtos$PipelineState) throws java.io.IOException on target org.apache.hadoop.hdds.scm.ha.SCMRatisServerImpl@4224adaf, cost 49280.983us
2021-09-28 01:15:50,602 [pool-264-thread-1] INFO  storage.RaftStorageDirectory (RaftStorageDirectoryImpl.java:tryLock(230)) - Lock on /home/runner/work/ozone/ozone/hadoop-ozone/integration-test/target/test-dir/MiniOzoneClusterImpl-4882f729-1751-4fe5-a7fb-8e9138349e05/datanode-0/data/ratis/9ad2b109-4306-4293-a84a-2d885c1e68f8/in_use.lock acquired by nodename 14119@fv-az50-883
2021-09-28 01:15:50,627 [4b364075-9b58-4908-a5b5-f5e156ea742e@group-8E9138349E05-StateMachineUpdater] INFO  safemode.HealthyPipelineSafeModeRule (HealthyPipelineSafeModeRule.java:initializeRule(152)) - Refreshed total pipeline count is 0, healthy pipeline threshold count is 1
2021-09-28 01:15:50,628 [EventQueue-PipelineReportForPipelineReportHandler] INFO  ha.SCMHAInvocationHandler (SCMHAInvocationHandler.java:invokeRatis(113)) - Invoking method public abstract void org.apache.hadoop.hdds.scm.pipeline.StateManager.updatePipelineState(org.apache.hadoop.hdds.protocol.proto.HddsProtos$PipelineID,org.apache.hadoop.hdds.protocol.proto.HddsProtos$PipelineState) throws java.io.IOException on target org.apache.hadoop.hdds.scm.ha.SCMRatisServerImpl@144ecc26, cost 73955.325us
2021-09-28 01:15:50,632 [pool-264-thread-1] INFO  storage.RaftStorage (RaftStorageImpl.java:format(89)) - Storage directory /home/runner/work/ozone/ozone/hadoop-ozone/integration-test/target/test-dir/MiniOzoneClusterImpl-4882f729-1751-4fe5-a7fb-8e9138349e05/datanode-0/data/ratis/9ad2b109-4306-4293-a84a-2d885c1e68f8 has been successfully formatted.
2021-09-28 01:15:50,638 [pool-264-thread-1] INFO  ratis.ContainerStateMachine (ContainerStateMachine.java:loadSnapshot(224)) - group-2D885C1E68F8: The snapshot info is null. Setting the last applied indexto:(t:0, i:~)
2021-09-28 01:15:50,638 [pool-264-thread-1] INFO  server.RaftServerConfigKeys (ConfUtils.java:logGet(44)) - raft.server.notification.no-leader.timeout = 300s (custom)
2021-09-28 01:15:50,639 [pool-264-thread-1] INFO  server.RaftServerConfigKeys (ConfUtils.java:logGet(44)) - raft.server.log.use.memory = false (default)
2021-09-28 01:15:50,639 [pool-264-thread-1] INFO  server.RaftServerConfigKeys (ConfUtils.java:logGet(44)) - raft.server.log.purge.gap = 1000000 (custom)
2021-09-28 01:15:50,639 [pool-264-thread-1] INFO  server.RaftServerConfigKeys (ConfUtils.java:logGet(44)) - raft.server.log.appender.buffer.byte-limit = 33554432 (custom)
2021-09-28 01:15:50,639 [pool-264-thread-1] INFO  server.RaftServerConfigKeys (ConfUtils.java:logGet(44)) - raft.server.log.segment.size.max = 1048576 (custom)
2021-09-28 01:15:50,639 [pool-264-thread-1] INFO  server.RaftServerConfigKeys (ConfUtils.java:logGet(44)) - raft.server.log.segment.cache.num.max = 2 (custom)
2021-09-28 01:15:50,639 [pool-264-thread-1] INFO  server.RaftServerConfigKeys (ConfUtils.java:logGet(44)) - raft.server.log.segment.cache.size.max = 200MB (=209715200) (default)
2021-09-28 01:15:50,640 [pool-264-thread-1] INFO  segmented.SegmentedRaftLogWorker (SegmentedRaftLogWorker.java:<init>(182)) - new a68edfa1-dc1a-41e9-a365-15c521233673@group-2D885C1E68F8-SegmentedRaftLogWorker for RaftStorageImpl:Storage Directory /home/runner/work/ozone/ozone/hadoop-ozone/integration-test/target/test-dir/MiniOzoneClusterImpl-4882f729-1751-4fe5-a7fb-8e9138349e05/datanode-0/data/ratis/9ad2b109-4306-4293-a84a-2d885c1e68f8
2021-09-28 01:15:50,640 [pool-264-thread-1] INFO  server.RaftServerConfigKeys (ConfUtils.java:logGet(44)) - raft.server.log.queue.byte-limit = 2147483647 (custom)
2021-09-28 01:15:50,640 [pool-264-thread-1] INFO  server.RaftServerConfigKeys (ConfUtils.java:logGet(44)) - raft.server.log.queue.element-limit = 1024 (custom)
2021-09-28 01:15:50,640 [pool-264-thread-1] INFO  server.RaftServerConfigKeys (ConfUtils.java:logGet(44)) - raft.server.log.segment.size.max = 1048576 (custom)
2021-09-28 01:15:50,640 [pool-264-thread-1] INFO  server.RaftServerConfigKeys (ConfUtils.java:logGet(44)) - raft.server.log.preallocated.size = 16384 (custom)
2021-09-28 01:15:50,640 [pool-264-thread-1] INFO  server.RaftServerConfigKeys (ConfUtils.java:logGet(44)) - raft.server.log.force.sync.num = 128 (default)
2021-09-28 01:15:50,640 [1970bdcd-bd96-4495-88a5-6eaf9ec039da@group-8E9138349E05-StateMachineUpdater] INFO  safemode.HealthyPipelineSafeModeRule (HealthyPipelineSafeModeRule.java:initializeRule(152)) - Refreshed total pipeline count is 0, healthy pipeline threshold count is 1
2021-09-28 01:15:50,640 [pool-264-thread-1] INFO  server.RaftServerConfigKeys (ConfUtils.java:logGet(44)) - raft.server.log.statemachine.data.sync = true (default)
2021-09-28 01:15:50,640 [pool-264-thread-1] INFO  server.RaftServerConfigKeys (ConfUtils.java:logGet(44)) - raft.server.log.statemachine.data.sync.timeout = 10s (default)
2021-09-28 01:15:50,640 [pool-264-thread-1] INFO  server.RaftServerConfigKeys (ConfUtils.java:logGet(44)) - raft.server.log.statemachine.data.sync.timeout.retry = -1 (default)
2021-09-28 01:15:50,642 [pool-264-thread-1] INFO  server.RaftServerConfigKeys (ConfUtils.java:logGet(44)) - raft.server.log.write.buffer.size = 1048576 (custom)
2021-09-28 01:15:50,642 [pool-264-thread-1] INFO  server.RaftServerConfigKeys (ConfUtils.java:logGet(44)) - raft.server.log.statemachine.data.caching.enabled = true (custom)
2021-09-28 01:15:50,643 [pool-264-thread-1] INFO  segmented.SegmentedRaftLogWorker (SegmentedRaftLogWorker.java:lambda$new$0(133)) - a68edfa1-dc1a-41e9-a365-15c521233673@group-2D885C1E68F8-SegmentedRaftLogWorker: flushIndex: setUnconditionally 0 -> -1
2021-09-28 01:15:50,643 [pool-264-thread-1] INFO  segmented.SegmentedRaftLogWorker (SegmentedRaftLogWorker.java:lambda$new$0(133)) - a68edfa1-dc1a-41e9-a365-15c521233673@group-2D885C1E68F8-SegmentedRaftLogWorker: safeCacheEvictIndex: setUnconditionally 0 -> -1
2021-09-28 01:15:50,650 [pool-264-thread-1] INFO  server.RaftServerConfigKeys (ConfUtils.java:logGet(44)) - raft.server.snapshot.auto.trigger.enabled = true (custom)
2021-09-28 01:15:50,650 [pool-264-thread-1] INFO  server.RaftServerConfigKeys (ConfUtils.java:logGet(44)) - raft.server.snapshot.auto.trigger.threshold = 10000 (custom)
2021-09-28 01:15:50,650 [pool-264-thread-1] INFO  server.RaftServerConfigKeys (ConfUtils.java:logGet(44)) - raft.server.snapshot.retention.file.num = 5 (custom)
2021-09-28 01:15:50,650 [pool-264-thread-1] INFO  server.RaftServerConfigKeys (ConfUtils.java:logGet(44)) - raft.server.log.purge.upto.snapshot.index = false (default)
2021-09-28 01:15:50,650 [pool-264-thread-1] INFO  server.RaftServerConfigKeys (ConfUtils.java:logGet(44)) - raft.server.retrycache.expirytime = 600000ms (custom)
2021-09-28 01:15:50,650 [pool-264-thread-1] INFO  server.RaftServerConfigKeys (ConfUtils.java:logGet(44)) - raft.server.retrycache.statistics.expirytime = 100μs (default)
2021-09-28 01:15:50,652 [pool-264-thread-1] INFO  server.RaftServer$Division (RaftServerImpl.java:start(296)) - a68edfa1-dc1a-41e9-a365-15c521233673@group-2D885C1E68F8: start as a follower, conf=-1: [a68edfa1-dc1a-41e9-a365-15c521233673|rpc:127.0.0.1:40889|priority:0, 682f795c-fd6e-4513-96f4-ff699a8baeca|rpc:127.0.0.1:41003|priority:1, aff66e22-6e70-443d-9eb4-a88275d3a955|rpc:127.0.0.1:45375|priority:0], old=null
2021-09-28 01:15:50,652 [pool-264-thread-1] INFO  server.RaftServer$Division (RaftServerImpl.java:setRole(285)) - a68edfa1-dc1a-41e9-a365-15c521233673@group-2D885C1E68F8: changes role from      null to FOLLOWER at term 0 for startAsFollower
2021-09-28 01:15:50,652 [pool-264-thread-1] INFO  impl.RoleInfo (RoleInfo.java:updateAndGet(130)) - a68edfa1-dc1a-41e9-a365-15c521233673: start a68edfa1-dc1a-41e9-a365-15c521233673@group-2D885C1E68F8-FollowerState
2021-09-28 01:15:50,655 [pool-264-thread-1] INFO  util.JmxRegister (JmxRegister.java:tryRegister(44)) - Successfully registered JMX Bean with object name Ratis:service=RaftServer,group=group-2D885C1E68F8,id=a68edfa1-dc1a-41e9-a365-15c521233673
2021-09-28 01:15:50,658 [EventQueue-OpenPipelineForHealthyPipelineSafeModeRule] INFO  safemode.SCMSafeModeManager (HealthyPipelineSafeModeRule.java:process(124)) - SCM in safe mode. Healthy pipelines reported count is 0, required healthy pipeline reported count is 1
2021-09-28 01:15:50,670 [Command processor thread] INFO  ratis.XceiverServerRatis (XceiverServerRatis.java:addGroup(762)) - Created group PipelineID=9ad2b109-4306-4293-a84a-2d885c1e68f8
2021-09-28 01:15:50,673 [EventQueue-OpenPipelineForHealthyPipelineSafeModeRule] INFO  safemode.SCMSafeModeManager (HealthyPipelineSafeModeRule.java:process(124)) - SCM in safe mode. Healthy pipelines reported count is 0, required healthy pipeline reported count is 1
2021-09-28 01:15:50,673 [EventQueue-OpenPipelineForHealthyPipelineSafeModeRule] INFO  safemode.SCMSafeModeManager (HealthyPipelineSafeModeRule.java:process(124)) - SCM in safe mode. Healthy pipelines reported count is 0, required healthy pipeline reported count is 1
2021-09-28 01:15:50,677 [grpc-default-executor-1] INFO  server.RaftServer (RaftServerProxy.java:addNew(95)) - 682f795c-fd6e-4513-96f4-ff699a8baeca: addNew group-2D885C1E68F8:[a68edfa1-dc1a-41e9-a365-15c521233673|rpc:127.0.0.1:40889|dataStream:|priority:0, 682f795c-fd6e-4513-96f4-ff699a8baeca|rpc:127.0.0.1:41003|dataStream:|priority:1, aff66e22-6e70-443d-9eb4-a88275d3a955|rpc:127.0.0.1:45375|dataStream:|priority:0] returns group-2D885C1E68F8:java.util.concurrent.CompletableFuture@36c9ff67[Not completed]
2021-09-28 01:15:50,686 [pool-285-thread-1] INFO  server.RaftServer$Division (RaftServerImpl.java:<init>(181)) - 682f795c-fd6e-4513-96f4-ff699a8baeca: new RaftServerImpl for group-2D885C1E68F8:[a68edfa1-dc1a-41e9-a365-15c521233673|rpc:127.0.0.1:40889|dataStream:|priority:0, 682f795c-fd6e-4513-96f4-ff699a8baeca|rpc:127.0.0.1:41003|dataStream:|priority:1, aff66e22-6e70-443d-9eb4-a88275d3a955|rpc:127.0.0.1:45375|dataStream:|priority:0] with ContainerStateMachine:uninitialized
2021-09-28 01:15:50,692 [pool-285-thread-1] INFO  server.RaftServerConfigKeys (ConfUtils.java:logGet(44)) - raft.server.rpc.timeout.min = 5s (custom)
2021-09-28 01:15:50,692 [pool-285-thread-1] INFO  server.RaftServerConfigKeys (ConfUtils.java:logGet(44)) - raft.server.rpc.timeout.max = 5200ms (custom)
2021-09-28 01:15:50,692 [pool-285-thread-1] INFO  server.RaftServerConfigKeys (ConfUtils.java:logGet(44)) - raft.server.rpc.sleep.time = 25ms (default)
2021-09-28 01:15:50,692 [pool-285-thread-1] INFO  server.RaftServerConfigKeys (ConfUtils.java:logGet(44)) - raft.server.rpc.slowness.timeout = 300s (custom)
2021-09-28 01:15:50,693 [pool-285-thread-1] INFO  server.RaftServerConfigKeys (ConfUtils.java:logGet(44)) - raft.server.leaderelection.leader.step-down.wait-time = 10s (default)
2021-09-28 01:15:50,693 [pool-285-thread-1] INFO  server.RaftServerConfigKeys (ConfUtils.java:logGet(44)) - raft.server.sleep.deviation.threshold = 300ms (default)
2021-09-28 01:15:50,693 [pool-285-thread-1] INFO  server.RaftServerConfigKeys (ConfUtils.java:logGet(44)) - raft.server.log.appender.install.snapshot.enabled = false (custom)
2021-09-28 01:15:50,695 [pool-285-thread-1] INFO  server.RaftServer$Division (ServerState.java:<init>(105)) - 682f795c-fd6e-4513-96f4-ff699a8baeca@group-2D885C1E68F8: ConfigurationManager, init=-1: [a68edfa1-dc1a-41e9-a365-15c521233673|rpc:127.0.0.1:40889|dataStream:|priority:0, 682f795c-fd6e-4513-96f4-ff699a8baeca|rpc:127.0.0.1:41003|dataStream:|priority:1, aff66e22-6e70-443d-9eb4-a88275d3a955|rpc:127.0.0.1:45375|dataStream:|priority:0], old=null, confs=<EMPTY_MAP>
2021-09-28 01:15:50,695 [pool-285-thread-1] INFO  server.RaftServerConfigKeys (ConfUtils.java:logGet(44)) - raft.server.storage.dir = [/home/runner/work/ozone/ozone/hadoop-ozone/integration-test/target/test-dir/MiniOzoneClusterImpl-4882f729-1751-4fe5-a7fb-8e9138349e05/datanode-1/data/ratis] (custom)
2021-09-28 01:15:50,695 [pool-285-thread-1] INFO  server.RaftServerConfigKeys (ConfUtils.java:logGet(44)) - raft.server.log.corruption.policy = EXCEPTION (default)
2021-09-28 01:15:50,695 [pool-285-thread-1] INFO  server.RaftServerConfigKeys (ConfUtils.java:logGet(44)) - raft.server.storage.free-space.min = 0MB (=0) (default)
2021-09-28 01:15:50,695 [pool-285-thread-1] INFO  storage.RaftStorageDirectory (RaftStorageDirectoryImpl.java:analyzeStorage(135)) - The storage directory /home/runner/work/ozone/ozone/hadoop-ozone/integration-test/target/test-dir/MiniOzoneClusterImpl-4882f729-1751-4fe5-a7fb-8e9138349e05/datanode-1/data/ratis/9ad2b109-4306-4293-a84a-2d885c1e68f8 does not exist. Creating ...
2021-09-28 01:15:50,698 [pool-285-thread-1] INFO  storage.RaftStorageDirectory (RaftStorageDirectoryImpl.java:tryLock(230)) - Lock on /home/runner/work/ozone/ozone/hadoop-ozone/integration-test/target/test-dir/MiniOzoneClusterImpl-4882f729-1751-4fe5-a7fb-8e9138349e05/datanode-1/data/ratis/9ad2b109-4306-4293-a84a-2d885c1e68f8/in_use.lock acquired by nodename 14119@fv-az50-883
2021-09-28 01:15:50,700 [pool-285-thread-1] INFO  storage.RaftStorage (RaftStorageImpl.java:format(89)) - Storage directory /home/runner/work/ozone/ozone/hadoop-ozone/integration-test/target/test-dir/MiniOzoneClusterImpl-4882f729-1751-4fe5-a7fb-8e9138349e05/datanode-1/data/ratis/9ad2b109-4306-4293-a84a-2d885c1e68f8 has been successfully formatted.
2021-09-28 01:15:50,702 [pool-285-thread-1] INFO  ratis.ContainerStateMachine (ContainerStateMachine.java:loadSnapshot(224)) - group-2D885C1E68F8: The snapshot info is null. Setting the last applied indexto:(t:0, i:~)
2021-09-28 01:15:50,704 [pool-285-thread-1] INFO  server.RaftServerConfigKeys (ConfUtils.java:logGet(44)) - raft.server.notification.no-leader.timeout = 300s (custom)
2021-09-28 01:15:50,704 [pool-285-thread-1] INFO  server.RaftServerConfigKeys (ConfUtils.java:logGet(44)) - raft.server.log.use.memory = false (default)
2021-09-28 01:15:50,704 [pool-285-thread-1] INFO  server.RaftServerConfigKeys (ConfUtils.java:logGet(44)) - raft.server.log.purge.gap = 1000000 (custom)
2021-09-28 01:15:50,704 [pool-285-thread-1] INFO  server.RaftServerConfigKeys (ConfUtils.java:logGet(44)) - raft.server.log.appender.buffer.byte-limit = 33554432 (custom)
2021-09-28 01:15:50,704 [pool-285-thread-1] INFO  server.RaftServerConfigKeys (ConfUtils.java:logGet(44)) - raft.server.log.segment.size.max = 1048576 (custom)
2021-09-28 01:15:50,705 [pool-285-thread-1] INFO  server.RaftServerConfigKeys (ConfUtils.java:logGet(44)) - raft.server.log.segment.cache.num.max = 2 (custom)
2021-09-28 01:15:50,705 [pool-285-thread-1] INFO  server.RaftServerConfigKeys (ConfUtils.java:logGet(44)) - raft.server.log.segment.cache.size.max = 200MB (=209715200) (default)
2021-09-28 01:15:50,705 [pool-285-thread-1] INFO  segmented.SegmentedRaftLogWorker (SegmentedRaftLogWorker.java:<init>(182)) - new 682f795c-fd6e-4513-96f4-ff699a8baeca@group-2D885C1E68F8-SegmentedRaftLogWorker for RaftStorageImpl:Storage Directory /home/runner/work/ozone/ozone/hadoop-ozone/integration-test/target/test-dir/MiniOzoneClusterImpl-4882f729-1751-4fe5-a7fb-8e9138349e05/datanode-1/data/ratis/9ad2b109-4306-4293-a84a-2d885c1e68f8
2021-09-28 01:15:50,705 [pool-285-thread-1] INFO  server.RaftServerConfigKeys (ConfUtils.java:logGet(44)) - raft.server.log.queue.byte-limit = 2147483647 (custom)
2021-09-28 01:15:50,705 [pool-285-thread-1] INFO  server.RaftServerConfigKeys (ConfUtils.java:logGet(44)) - raft.server.log.queue.element-limit = 1024 (custom)
2021-09-28 01:15:50,705 [pool-285-thread-1] INFO  server.RaftServerConfigKeys (ConfUtils.java:logGet(44)) - raft.server.log.segment.size.max = 1048576 (custom)
2021-09-28 01:15:50,705 [pool-285-thread-1] INFO  server.RaftServerConfigKeys (ConfUtils.java:logGet(44)) - raft.server.log.preallocated.size = 16384 (custom)
2021-09-28 01:15:50,706 [pool-285-thread-1] INFO  server.RaftServerConfigKeys (ConfUtils.java:logGet(44)) - raft.server.log.force.sync.num = 128 (default)
2021-09-28 01:15:50,706 [pool-285-thread-1] INFO  server.RaftServerConfigKeys (ConfUtils.java:logGet(44)) - raft.server.log.statemachine.data.sync = true (default)
2021-09-28 01:15:50,706 [pool-285-thread-1] INFO  server.RaftServerConfigKeys (ConfUtils.java:logGet(44)) - raft.server.log.statemachine.data.sync.timeout = 10s (default)
2021-09-28 01:15:50,706 [pool-285-thread-1] INFO  server.RaftServerConfigKeys (ConfUtils.java:logGet(44)) - raft.server.log.statemachine.data.sync.timeout.retry = -1 (default)
2021-09-28 01:15:50,707 [pool-285-thread-1] INFO  server.RaftServerConfigKeys (ConfUtils.java:logGet(44)) - raft.server.log.write.buffer.size = 1048576 (custom)
2021-09-28 01:15:50,710 [pool-285-thread-1] INFO  server.RaftServerConfigKeys (ConfUtils.java:logGet(44)) - raft.server.log.statemachine.data.caching.enabled = true (custom)
2021-09-28 01:15:50,711 [pool-285-thread-1] INFO  segmented.SegmentedRaftLogWorker (SegmentedRaftLogWorker.java:lambda$new$0(133)) - 682f795c-fd6e-4513-96f4-ff699a8baeca@group-2D885C1E68F8-SegmentedRaftLogWorker: flushIndex: setUnconditionally 0 -> -1
2021-09-28 01:15:50,711 [pool-285-thread-1] INFO  segmented.SegmentedRaftLogWorker (SegmentedRaftLogWorker.java:lambda$new$0(133)) - 682f795c-fd6e-4513-96f4-ff699a8baeca@group-2D885C1E68F8-SegmentedRaftLogWorker: safeCacheEvictIndex: setUnconditionally 0 -> -1
2021-09-28 01:15:50,714 [pool-285-thread-1] INFO  server.RaftServerConfigKeys (ConfUtils.java:logGet(44)) - raft.server.snapshot.auto.trigger.enabled = true (custom)
2021-09-28 01:15:50,714 [pool-285-thread-1] INFO  server.RaftServerConfigKeys (ConfUtils.java:logGet(44)) - raft.server.snapshot.auto.trigger.threshold = 10000 (custom)
2021-09-28 01:15:50,714 [pool-285-thread-1] INFO  server.RaftServerConfigKeys (ConfUtils.java:logGet(44)) - raft.server.snapshot.retention.file.num = 5 (custom)
2021-09-28 01:15:50,714 [pool-285-thread-1] INFO  server.RaftServerConfigKeys (ConfUtils.java:logGet(44)) - raft.server.log.purge.upto.snapshot.index = false (default)
2021-09-28 01:15:50,714 [pool-285-thread-1] INFO  server.RaftServerConfigKeys (ConfUtils.java:logGet(44)) - raft.server.retrycache.expirytime = 600000ms (custom)
2021-09-28 01:15:50,714 [pool-285-thread-1] INFO  server.RaftServerConfigKeys (ConfUtils.java:logGet(44)) - raft.server.retrycache.statistics.expirytime = 100μs (default)
2021-09-28 01:15:50,716 [pool-285-thread-1] INFO  server.RaftServer$Division (RaftServerImpl.java:start(296)) - 682f795c-fd6e-4513-96f4-ff699a8baeca@group-2D885C1E68F8: start as a follower, conf=-1: [a68edfa1-dc1a-41e9-a365-15c521233673|rpc:127.0.0.1:40889|dataStream:|priority:0, 682f795c-fd6e-4513-96f4-ff699a8baeca|rpc:127.0.0.1:41003|dataStream:|priority:1, aff66e22-6e70-443d-9eb4-a88275d3a955|rpc:127.0.0.1:45375|dataStream:|priority:0], old=null
2021-09-28 01:15:50,716 [pool-285-thread-1] INFO  server.RaftServer$Division (RaftServerImpl.java:setRole(285)) - 682f795c-fd6e-4513-96f4-ff699a8baeca@group-2D885C1E68F8: changes role from      null to FOLLOWER at term 0 for startAsFollower
2021-09-28 01:15:50,716 [pool-285-thread-1] INFO  impl.RoleInfo (RoleInfo.java:updateAndGet(130)) - 682f795c-fd6e-4513-96f4-ff699a8baeca: start 682f795c-fd6e-4513-96f4-ff699a8baeca@group-2D885C1E68F8-FollowerState
2021-09-28 01:15:50,729 [pool-285-thread-1] INFO  util.JmxRegister (JmxRegister.java:tryRegister(44)) - Successfully registered JMX Bean with object name Ratis:service=RaftServer,group=group-2D885C1E68F8,id=682f795c-fd6e-4513-96f4-ff699a8baeca
2021-09-28 01:15:50,757 [EndpointStateMachine task thread for /127.0.0.1:15967 - 0 ] INFO  ipc.Client (Client.java:handleConnectionFailure(977)) - Retrying connect to server: localhost/127.0.0.1:15967. Already tried 9 time(s); retry policy is RetryUpToMaximumCountWithFixedSleep(maxRetries=15, sleepTime=1000 MILLISECONDS)
2021-09-28 01:15:50,760 [grpc-default-executor-1] INFO  server.RaftServer (RaftServerProxy.java:addNew(95)) - aff66e22-6e70-443d-9eb4-a88275d3a955: addNew group-2D885C1E68F8:[a68edfa1-dc1a-41e9-a365-15c521233673|rpc:127.0.0.1:40889|dataStream:|priority:0, 682f795c-fd6e-4513-96f4-ff699a8baeca|rpc:127.0.0.1:41003|dataStream:|priority:1, aff66e22-6e70-443d-9eb4-a88275d3a955|rpc:127.0.0.1:45375|dataStream:|priority:0] returns group-2D885C1E68F8:java.util.concurrent.CompletableFuture@6ece6a69[Not completed]
2021-09-28 01:15:50,762 [pool-306-thread-1] INFO  server.RaftServer$Division (RaftServerImpl.java:<init>(181)) - aff66e22-6e70-443d-9eb4-a88275d3a955: new RaftServerImpl for group-2D885C1E68F8:[a68edfa1-dc1a-41e9-a365-15c521233673|rpc:127.0.0.1:40889|dataStream:|priority:0, 682f795c-fd6e-4513-96f4-ff699a8baeca|rpc:127.0.0.1:41003|dataStream:|priority:1, aff66e22-6e70-443d-9eb4-a88275d3a955|rpc:127.0.0.1:45375|dataStream:|priority:0] with ContainerStateMachine:uninitialized
2021-09-28 01:15:50,773 [pool-306-thread-1] INFO  server.RaftServerConfigKeys (ConfUtils.java:logGet(44)) - raft.server.rpc.timeout.min = 5s (custom)
2021-09-28 01:15:50,773 [pool-306-thread-1] INFO  server.RaftServerConfigKeys (ConfUtils.java:logGet(44)) - raft.server.rpc.timeout.max = 5200ms (custom)
2021-09-28 01:15:50,773 [pool-306-thread-1] INFO  server.RaftServerConfigKeys (ConfUtils.java:logGet(44)) - raft.server.rpc.sleep.time = 25ms (default)
2021-09-28 01:15:50,773 [pool-306-thread-1] INFO  server.RaftServerConfigKeys (ConfUtils.java:logGet(44)) - raft.server.rpc.slowness.timeout = 300s (custom)
2021-09-28 01:15:50,773 [pool-306-thread-1] INFO  server.RaftServerConfigKeys (ConfUtils.java:logGet(44)) - raft.server.leaderelection.leader.step-down.wait-time = 10s (default)
2021-09-28 01:15:50,773 [pool-306-thread-1] INFO  server.RaftServerConfigKeys (ConfUtils.java:logGet(44)) - raft.server.sleep.deviation.threshold = 300ms (default)
2021-09-28 01:15:50,773 [pool-306-thread-1] INFO  server.RaftServerConfigKeys (ConfUtils.java:logGet(44)) - raft.server.log.appender.install.snapshot.enabled = false (custom)
2021-09-28 01:15:50,773 [pool-306-thread-1] INFO  server.RaftServer$Division (ServerState.java:<init>(105)) - aff66e22-6e70-443d-9eb4-a88275d3a955@group-2D885C1E68F8: ConfigurationManager, init=-1: [a68edfa1-dc1a-41e9-a365-15c521233673|rpc:127.0.0.1:40889|dataStream:|priority:0, 682f795c-fd6e-4513-96f4-ff699a8baeca|rpc:127.0.0.1:41003|dataStream:|priority:1, aff66e22-6e70-443d-9eb4-a88275d3a955|rpc:127.0.0.1:45375|dataStream:|priority:0], old=null, confs=<EMPTY_MAP>
2021-09-28 01:15:50,773 [pool-306-thread-1] INFO  server.RaftServerConfigKeys (ConfUtils.java:logGet(44)) - raft.server.storage.dir = [/home/runner/work/ozone/ozone/hadoop-ozone/integration-test/target/test-dir/MiniOzoneClusterImpl-4882f729-1751-4fe5-a7fb-8e9138349e05/datanode-2/data/ratis] (custom)
2021-09-28 01:15:50,774 [pool-306-thread-1] INFO  server.RaftServerConfigKeys (ConfUtils.java:logGet(44)) - raft.server.log.corruption.policy = EXCEPTION (default)
2021-09-28 01:15:50,774 [pool-306-thread-1] INFO  server.RaftServerConfigKeys (ConfUtils.java:logGet(44)) - raft.server.storage.free-space.min = 0MB (=0) (default)
2021-09-28 01:15:50,774 [pool-306-thread-1] INFO  storage.RaftStorageDirectory (RaftStorageDirectoryImpl.java:analyzeStorage(135)) - The storage directory /home/runner/work/ozone/ozone/hadoop-ozone/integration-test/target/test-dir/MiniOzoneClusterImpl-4882f729-1751-4fe5-a7fb-8e9138349e05/datanode-2/data/ratis/9ad2b109-4306-4293-a84a-2d885c1e68f8 does not exist. Creating ...
2021-09-28 01:15:50,775 [pool-306-thread-1] INFO  storage.RaftStorageDirectory (RaftStorageDirectoryImpl.java:tryLock(230)) - Lock on /home/runner/work/ozone/ozone/hadoop-ozone/integration-test/target/test-dir/MiniOzoneClusterImpl-4882f729-1751-4fe5-a7fb-8e9138349e05/datanode-2/data/ratis/9ad2b109-4306-4293-a84a-2d885c1e68f8/in_use.lock acquired by nodename 14119@fv-az50-883
2021-09-28 01:15:50,777 [pool-306-thread-1] INFO  storage.RaftStorage (RaftStorageImpl.java:format(89)) - Storage directory /home/runner/work/ozone/ozone/hadoop-ozone/integration-test/target/test-dir/MiniOzoneClusterImpl-4882f729-1751-4fe5-a7fb-8e9138349e05/datanode-2/data/ratis/9ad2b109-4306-4293-a84a-2d885c1e68f8 has been successfully formatted.
2021-09-28 01:15:50,777 [pool-306-thread-1] INFO  ratis.ContainerStateMachine (ContainerStateMachine.java:loadSnapshot(224)) - group-2D885C1E68F8: The snapshot info is null. Setting the last applied indexto:(t:0, i:~)
2021-09-28 01:15:50,777 [pool-306-thread-1] INFO  server.RaftServerConfigKeys (ConfUtils.java:logGet(44)) - raft.server.notification.no-leader.timeout = 300s (custom)
2021-09-28 01:15:50,777 [pool-306-thread-1] INFO  server.RaftServerConfigKeys (ConfUtils.java:logGet(44)) - raft.server.log.use.memory = false (default)
2021-09-28 01:15:50,778 [pool-306-thread-1] INFO  server.RaftServerConfigKeys (ConfUtils.java:logGet(44)) - raft.server.log.purge.gap = 1000000 (custom)
2021-09-28 01:15:50,778 [pool-306-thread-1] INFO  server.RaftServerConfigKeys (ConfUtils.java:logGet(44)) - raft.server.log.appender.buffer.byte-limit = 33554432 (custom)
2021-09-28 01:15:50,778 [pool-306-thread-1] INFO  server.RaftServerConfigKeys (ConfUtils.java:logGet(44)) - raft.server.log.segment.size.max = 1048576 (custom)
2021-09-28 01:15:50,780 [pool-306-thread-1] INFO  server.RaftServerConfigKeys (ConfUtils.java:logGet(44)) - raft.server.log.segment.cache.num.max = 2 (custom)
2021-09-28 01:15:50,780 [pool-306-thread-1] INFO  server.RaftServerConfigKeys (ConfUtils.java:logGet(44)) - raft.server.log.segment.cache.size.max = 200MB (=209715200) (default)
2021-09-28 01:15:50,780 [pool-306-thread-1] INFO  segmented.SegmentedRaftLogWorker (SegmentedRaftLogWorker.java:<init>(182)) - new aff66e22-6e70-443d-9eb4-a88275d3a955@group-2D885C1E68F8-SegmentedRaftLogWorker for RaftStorageImpl:Storage Directory /home/runner/work/ozone/ozone/hadoop-ozone/integration-test/target/test-dir/MiniOzoneClusterImpl-4882f729-1751-4fe5-a7fb-8e9138349e05/datanode-2/data/ratis/9ad2b109-4306-4293-a84a-2d885c1e68f8
2021-09-28 01:15:50,780 [pool-306-thread-1] INFO  server.RaftServerConfigKeys (ConfUtils.java:logGet(44)) - raft.server.log.queue.byte-limit = 2147483647 (custom)
2021-09-28 01:15:50,780 [pool-306-thread-1] INFO  server.RaftServerConfigKeys (ConfUtils.java:logGet(44)) - raft.server.log.queue.element-limit = 1024 (custom)
2021-09-28 01:15:50,780 [pool-306-thread-1] INFO  server.RaftServerConfigKeys (ConfUtils.java:logGet(44)) - raft.server.log.segment.size.max = 1048576 (custom)
2021-09-28 01:15:50,780 [pool-306-thread-1] INFO  server.RaftServerConfigKeys (ConfUtils.java:logGet(44)) - raft.server.log.preallocated.size = 16384 (custom)
2021-09-28 01:15:50,780 [pool-306-thread-1] INFO  server.RaftServerConfigKeys (ConfUtils.java:logGet(44)) - raft.server.log.force.sync.num = 128 (default)
2021-09-28 01:15:50,781 [pool-306-thread-1] INFO  server.RaftServerConfigKeys (ConfUtils.java:logGet(44)) - raft.server.log.statemachine.data.sync = true (default)
2021-09-28 01:15:50,781 [pool-306-thread-1] INFO  server.RaftServerConfigKeys (ConfUtils.java:logGet(44)) - raft.server.log.statemachine.data.sync.timeout = 10s (default)
2021-09-28 01:15:50,781 [pool-306-thread-1] INFO  server.RaftServerConfigKeys (ConfUtils.java:logGet(44)) - raft.server.log.statemachine.data.sync.timeout.retry = -1 (default)
2021-09-28 01:15:50,782 [pool-306-thread-1] INFO  server.RaftServerConfigKeys (ConfUtils.java:logGet(44)) - raft.server.log.write.buffer.size = 1048576 (custom)
2021-09-28 01:15:50,782 [pool-306-thread-1] INFO  server.RaftServerConfigKeys (ConfUtils.java:logGet(44)) - raft.server.log.statemachine.data.caching.enabled = true (custom)
2021-09-28 01:15:50,783 [pool-306-thread-1] INFO  segmented.SegmentedRaftLogWorker (SegmentedRaftLogWorker.java:lambda$new$0(133)) - aff66e22-6e70-443d-9eb4-a88275d3a955@group-2D885C1E68F8-SegmentedRaftLogWorker: flushIndex: setUnconditionally 0 -> -1
2021-09-28 01:15:50,789 [pool-306-thread-1] INFO  segmented.SegmentedRaftLogWorker (SegmentedRaftLogWorker.java:lambda$new$0(133)) - aff66e22-6e70-443d-9eb4-a88275d3a955@group-2D885C1E68F8-SegmentedRaftLogWorker: safeCacheEvictIndex: setUnconditionally 0 -> -1
2021-09-28 01:15:50,799 [pool-306-thread-1] INFO  server.RaftServerConfigKeys (ConfUtils.java:logGet(44)) - raft.server.snapshot.auto.trigger.enabled = true (custom)
2021-09-28 01:15:50,799 [pool-306-thread-1] INFO  server.RaftServerConfigKeys (ConfUtils.java:logGet(44)) - raft.server.snapshot.auto.trigger.threshold = 10000 (custom)
2021-09-28 01:15:50,799 [pool-306-thread-1] INFO  server.RaftServerConfigKeys (ConfUtils.java:logGet(44)) - raft.server.snapshot.retention.file.num = 5 (custom)
2021-09-28 01:15:50,799 [pool-306-thread-1] INFO  server.RaftServerConfigKeys (ConfUtils.java:logGet(44)) - raft.server.log.purge.upto.snapshot.index = false (default)
2021-09-28 01:15:50,799 [pool-306-thread-1] INFO  server.RaftServerConfigKeys (ConfUtils.java:logGet(44)) - raft.server.retrycache.expirytime = 600000ms (custom)
2021-09-28 01:15:50,799 [pool-306-thread-1] INFO  server.RaftServerConfigKeys (ConfUtils.java:logGet(44)) - raft.server.retrycache.statistics.expirytime = 100μs (default)
2021-09-28 01:15:50,800 [pool-306-thread-1] INFO  server.RaftServer$Division (RaftServerImpl.java:start(296)) - aff66e22-6e70-443d-9eb4-a88275d3a955@group-2D885C1E68F8: start as a follower, conf=-1: [a68edfa1-dc1a-41e9-a365-15c521233673|rpc:127.0.0.1:40889|dataStream:|priority:0, 682f795c-fd6e-4513-96f4-ff699a8baeca|rpc:127.0.0.1:41003|dataStream:|priority:1, aff66e22-6e70-443d-9eb4-a88275d3a955|rpc:127.0.0.1:45375|dataStream:|priority:0], old=null
2021-09-28 01:15:50,800 [pool-306-thread-1] INFO  server.RaftServer$Division (RaftServerImpl.java:setRole(285)) - aff66e22-6e70-443d-9eb4-a88275d3a955@group-2D885C1E68F8: changes role from      null to FOLLOWER at term 0 for startAsFollower
2021-09-28 01:15:50,801 [pool-306-thread-1] INFO  impl.RoleInfo (RoleInfo.java:updateAndGet(130)) - aff66e22-6e70-443d-9eb4-a88275d3a955: start aff66e22-6e70-443d-9eb4-a88275d3a955@group-2D885C1E68F8-FollowerState
2021-09-28 01:15:50,804 [pool-306-thread-1] INFO  util.JmxRegister (JmxRegister.java:tryRegister(44)) - Successfully registered JMX Bean with object name Ratis:service=RaftServer,group=group-2D885C1E68F8,id=aff66e22-6e70-443d-9eb4-a88275d3a955
2021-09-28 01:15:50,820 [Command processor thread] INFO  commandhandler.CreatePipelineCommandHandler (CreatePipelineCommandHandler.java:handle(106)) - Created Pipeline RATIS THREE PipelineID=9ad2b109-4306-4293-a84a-2d885c1e68f8.
2021-09-28 01:15:50,821 [Command processor thread] INFO  server.RaftServer (RaftServerProxy.java:addNew(95)) - a68edfa1-dc1a-41e9-a365-15c521233673: addNew group-0C6976726A89:[a68edfa1-dc1a-41e9-a365-15c521233673|rpc:127.0.0.1:40889|priority:0, 682f795c-fd6e-4513-96f4-ff699a8baeca|rpc:127.0.0.1:41003|priority:0, aff66e22-6e70-443d-9eb4-a88275d3a955|rpc:127.0.0.1:45375|priority:1] returns group-0C6976726A89:java.util.concurrent.CompletableFuture@39b6c092[Not completed]
2021-09-28 01:15:50,822 [pool-264-thread-1] INFO  server.RaftServer$Division (RaftServerImpl.java:<init>(181)) - a68edfa1-dc1a-41e9-a365-15c521233673: new RaftServerImpl for group-0C6976726A89:[a68edfa1-dc1a-41e9-a365-15c521233673|rpc:127.0.0.1:40889|priority:0, 682f795c-fd6e-4513-96f4-ff699a8baeca|rpc:127.0.0.1:41003|priority:0, aff66e22-6e70-443d-9eb4-a88275d3a955|rpc:127.0.0.1:45375|priority:1] with ContainerStateMachine:uninitialized
2021-09-28 01:15:50,822 [pool-264-thread-1] INFO  server.RaftServerConfigKeys (ConfUtils.java:logGet(44)) - raft.server.rpc.timeout.min = 5s (custom)
2021-09-28 01:15:50,822 [pool-264-thread-1] INFO  server.RaftServerConfigKeys (ConfUtils.java:logGet(44)) - raft.server.rpc.timeout.max = 5200ms (custom)
2021-09-28 01:15:50,822 [pool-264-thread-1] INFO  server.RaftServerConfigKeys (ConfUtils.java:logGet(44)) - raft.server.rpc.sleep.time = 25ms (default)
2021-09-28 01:15:50,822 [pool-264-thread-1] INFO  server.RaftServerConfigKeys (ConfUtils.java:logGet(44)) - raft.server.rpc.slowness.timeout = 300s (custom)
2021-09-28 01:15:50,822 [pool-264-thread-1] INFO  server.RaftServerConfigKeys (ConfUtils.java:logGet(44)) - raft.server.leaderelection.leader.step-down.wait-time = 10s (default)
2021-09-28 01:15:50,822 [pool-264-thread-1] INFO  server.RaftServerConfigKeys (ConfUtils.java:logGet(44)) - raft.server.sleep.deviation.threshold = 300ms (default)
2021-09-28 01:15:50,822 [pool-264-thread-1] INFO  server.RaftServerConfigKeys (ConfUtils.java:logGet(44)) - raft.server.log.appender.install.snapshot.enabled = false (custom)
2021-09-28 01:15:50,822 [pool-264-thread-1] INFO  server.RaftServer$Division (ServerState.java:<init>(105)) - a68edfa1-dc1a-41e9-a365-15c521233673@group-0C6976726A89: ConfigurationManager, init=-1: [a68edfa1-dc1a-41e9-a365-15c521233673|rpc:127.0.0.1:40889|priority:0, 682f795c-fd6e-4513-96f4-ff699a8baeca|rpc:127.0.0.1:41003|priority:0, aff66e22-6e70-443d-9eb4-a88275d3a955|rpc:127.0.0.1:45375|priority:1], old=null, confs=<EMPTY_MAP>
2021-09-28 01:15:50,822 [pool-264-thread-1] INFO  server.RaftServerConfigKeys (ConfUtils.java:logGet(44)) - raft.server.storage.dir = [/home/runner/work/ozone/ozone/hadoop-ozone/integration-test/target/test-dir/MiniOzoneClusterImpl-4882f729-1751-4fe5-a7fb-8e9138349e05/datanode-0/data/ratis] (custom)
2021-09-28 01:15:50,823 [pool-264-thread-1] INFO  server.RaftServerConfigKeys (ConfUtils.java:logGet(44)) - raft.server.log.corruption.policy = EXCEPTION (default)
2021-09-28 01:15:50,823 [pool-264-thread-1] INFO  server.RaftServerConfigKeys (ConfUtils.java:logGet(44)) - raft.server.storage.free-space.min = 0MB (=0) (default)
2021-09-28 01:15:50,823 [pool-264-thread-1] INFO  storage.RaftStorageDirectory (RaftStorageDirectoryImpl.java:analyzeStorage(135)) - The storage directory /home/runner/work/ozone/ozone/hadoop-ozone/integration-test/target/test-dir/MiniOzoneClusterImpl-4882f729-1751-4fe5-a7fb-8e9138349e05/datanode-0/data/ratis/079304ac-6366-4ac1-b056-0c6976726a89 does not exist. Creating ...
2021-09-28 01:15:50,826 [pool-264-thread-1] INFO  storage.RaftStorageDirectory (RaftStorageDirectoryImpl.java:tryLock(230)) - Lock on /home/runner/work/ozone/ozone/hadoop-ozone/integration-test/target/test-dir/MiniOzoneClusterImpl-4882f729-1751-4fe5-a7fb-8e9138349e05/datanode-0/data/ratis/079304ac-6366-4ac1-b056-0c6976726a89/in_use.lock acquired by nodename 14119@fv-az50-883
2021-09-28 01:15:50,828 [pool-264-thread-1] INFO  storage.RaftStorage (RaftStorageImpl.java:format(89)) - Storage directory /home/runner/work/ozone/ozone/hadoop-ozone/integration-test/target/test-dir/MiniOzoneClusterImpl-4882f729-1751-4fe5-a7fb-8e9138349e05/datanode-0/data/ratis/079304ac-6366-4ac1-b056-0c6976726a89 has been successfully formatted.
2021-09-28 01:15:50,831 [EventQueue-OpenPipelineForHealthyPipelineSafeModeRule] INFO  safemode.SCMSafeModeManager (HealthyPipelineSafeModeRule.java:process(124)) - SCM in safe mode. Healthy pipelines reported count is 0, required healthy pipeline reported count is 1
2021-09-28 01:15:50,831 [pool-264-thread-1] INFO  ratis.ContainerStateMachine (ContainerStateMachine.java:loadSnapshot(224)) - group-0C6976726A89: The snapshot info is null. Setting the last applied indexto:(t:0, i:~)
2021-09-28 01:15:50,831 [pool-264-thread-1] INFO  server.RaftServerConfigKeys (ConfUtils.java:logGet(44)) - raft.server.notification.no-leader.timeout = 300s (custom)
2021-09-28 01:15:50,831 [pool-264-thread-1] INFO  server.RaftServerConfigKeys (ConfUtils.java:logGet(44)) - raft.server.log.use.memory = false (default)
2021-09-28 01:15:50,831 [pool-264-thread-1] INFO  server.RaftServerConfigKeys (ConfUtils.java:logGet(44)) - raft.server.log.purge.gap = 1000000 (custom)
2021-09-28 01:15:50,831 [pool-264-thread-1] INFO  server.RaftServerConfigKeys (ConfUtils.java:logGet(44)) - raft.server.log.appender.buffer.byte-limit = 33554432 (custom)
2021-09-28 01:15:50,831 [pool-264-thread-1] INFO  server.RaftServerConfigKeys (ConfUtils.java:logGet(44)) - raft.server.log.segment.size.max = 1048576 (custom)
2021-09-28 01:15:50,832 [pool-264-thread-1] INFO  server.RaftServerConfigKeys (ConfUtils.java:logGet(44)) - raft.server.log.segment.cache.num.max = 2 (custom)
2021-09-28 01:15:50,832 [pool-264-thread-1] INFO  server.RaftServerConfigKeys (ConfUtils.java:logGet(44)) - raft.server.log.segment.cache.size.max = 200MB (=209715200) (default)
2021-09-28 01:15:50,832 [pool-264-thread-1] INFO  segmented.SegmentedRaftLogWorker (SegmentedRaftLogWorker.java:<init>(182)) - new a68edfa1-dc1a-41e9-a365-15c521233673@group-0C6976726A89-SegmentedRaftLogWorker for RaftStorageImpl:Storage Directory /home/runner/work/ozone/ozone/hadoop-ozone/integration-test/target/test-dir/MiniOzoneClusterImpl-4882f729-1751-4fe5-a7fb-8e9138349e05/datanode-0/data/ratis/079304ac-6366-4ac1-b056-0c6976726a89
2021-09-28 01:15:50,832 [pool-264-thread-1] INFO  server.RaftServerConfigKeys (ConfUtils.java:logGet(44)) - raft.server.log.queue.byte-limit = 2147483647 (custom)
2021-09-28 01:15:50,832 [pool-264-thread-1] INFO  server.RaftServerConfigKeys (ConfUtils.java:logGet(44)) - raft.server.log.queue.element-limit = 1024 (custom)
2021-09-28 01:15:50,832 [pool-264-thread-1] INFO  server.RaftServerConfigKeys (ConfUtils.java:logGet(44)) - raft.server.log.segment.size.max = 1048576 (custom)
2021-09-28 01:15:50,832 [pool-264-thread-1] INFO  server.RaftServerConfigKeys (ConfUtils.java:logGet(44)) - raft.server.log.preallocated.size = 16384 (custom)
2021-09-28 01:15:50,832 [pool-264-thread-1] INFO  server.RaftServerConfigKeys (ConfUtils.java:logGet(44)) - raft.server.log.force.sync.num = 128 (default)
2021-09-28 01:15:50,832 [pool-264-thread-1] INFO  server.RaftServerConfigKeys (ConfUtils.java:logGet(44)) - raft.server.log.statemachine.data.sync = true (default)
2021-09-28 01:15:50,832 [pool-264-thread-1] INFO  server.RaftServerConfigKeys (ConfUtils.java:logGet(44)) - raft.server.log.statemachine.data.sync.timeout = 10s (default)
2021-09-28 01:15:50,833 [pool-264-thread-1] INFO  server.RaftServerConfigKeys (ConfUtils.java:logGet(44)) - raft.server.log.statemachine.data.sync.timeout.retry = -1 (default)
2021-09-28 01:15:50,833 [pool-264-thread-1] INFO  server.RaftServerConfigKeys (ConfUtils.java:logGet(44)) - raft.server.log.write.buffer.size = 1048576 (custom)
2021-09-28 01:15:50,834 [pool-264-thread-1] INFO  server.RaftServerConfigKeys (ConfUtils.java:logGet(44)) - raft.server.log.statemachine.data.caching.enabled = true (custom)
2021-09-28 01:15:50,834 [pool-264-thread-1] INFO  segmented.SegmentedRaftLogWorker (SegmentedRaftLogWorker.java:lambda$new$0(133)) - a68edfa1-dc1a-41e9-a365-15c521233673@group-0C6976726A89-SegmentedRaftLogWorker: flushIndex: setUnconditionally 0 -> -1
2021-09-28 01:15:50,834 [pool-264-thread-1] INFO  segmented.SegmentedRaftLogWorker (SegmentedRaftLogWorker.java:lambda$new$0(133)) - a68edfa1-dc1a-41e9-a365-15c521233673@group-0C6976726A89-SegmentedRaftLogWorker: safeCacheEvictIndex: setUnconditionally 0 -> -1
2021-09-28 01:15:50,842 [pool-264-thread-1] INFO  server.RaftServerConfigKeys (ConfUtils.java:logGet(44)) - raft.server.snapshot.auto.trigger.enabled = true (custom)
2021-09-28 01:15:50,843 [pool-264-thread-1] INFO  server.RaftServerConfigKeys (ConfUtils.java:logGet(44)) - raft.server.snapshot.auto.trigger.threshold = 10000 (custom)
2021-09-28 01:15:50,843 [pool-264-thread-1] INFO  server.RaftServerConfigKeys (ConfUtils.java:logGet(44)) - raft.server.snapshot.retention.file.num = 5 (custom)
2021-09-28 01:15:50,843 [pool-264-thread-1] INFO  server.RaftServerConfigKeys (ConfUtils.java:logGet(44)) - raft.server.log.purge.upto.snapshot.index = false (default)
2021-09-28 01:15:50,843 [pool-264-thread-1] INFO  server.RaftServerConfigKeys (ConfUtils.java:logGet(44)) - raft.server.retrycache.expirytime = 600000ms (custom)
2021-09-28 01:15:50,843 [pool-264-thread-1] INFO  server.RaftServerConfigKeys (ConfUtils.java:logGet(44)) - raft.server.retrycache.statistics.expirytime = 100μs (default)
2021-09-28 01:15:50,844 [pool-264-thread-1] INFO  server.RaftServer$Division (RaftServerImpl.java:start(296)) - a68edfa1-dc1a-41e9-a365-15c521233673@group-0C6976726A89: start as a follower, conf=-1: [a68edfa1-dc1a-41e9-a365-15c521233673|rpc:127.0.0.1:40889|priority:0, 682f795c-fd6e-4513-96f4-ff699a8baeca|rpc:127.0.0.1:41003|priority:0, aff66e22-6e70-443d-9eb4-a88275d3a955|rpc:127.0.0.1:45375|priority:1], old=null
2021-09-28 01:15:50,844 [pool-264-thread-1] INFO  server.RaftServer$Division (RaftServerImpl.java:setRole(285)) - a68edfa1-dc1a-41e9-a365-15c521233673@group-0C6976726A89: changes role from      null to FOLLOWER at term 0 for startAsFollower
2021-09-28 01:15:50,844 [pool-264-thread-1] INFO  impl.RoleInfo (RoleInfo.java:updateAndGet(130)) - a68edfa1-dc1a-41e9-a365-15c521233673: start a68edfa1-dc1a-41e9-a365-15c521233673@group-0C6976726A89-FollowerState
2021-09-28 01:15:50,852 [pool-264-thread-1] INFO  util.JmxRegister (JmxRegister.java:tryRegister(44)) - Successfully registered JMX Bean with object name Ratis:service=RaftServer,group=group-0C6976726A89,id=a68edfa1-dc1a-41e9-a365-15c521233673
2021-09-28 01:15:50,861 [Command processor thread] INFO  ratis.XceiverServerRatis (XceiverServerRatis.java:addGroup(762)) - Created group PipelineID=079304ac-6366-4ac1-b056-0c6976726a89
2021-09-28 01:15:50,884 [grpc-default-executor-1] INFO  server.RaftServer (RaftServerProxy.java:addNew(95)) - 682f795c-fd6e-4513-96f4-ff699a8baeca: addNew group-0C6976726A89:[a68edfa1-dc1a-41e9-a365-15c521233673|rpc:127.0.0.1:40889|dataStream:|priority:0, 682f795c-fd6e-4513-96f4-ff699a8baeca|rpc:127.0.0.1:41003|dataStream:|priority:0, aff66e22-6e70-443d-9eb4-a88275d3a955|rpc:127.0.0.1:45375|dataStream:|priority:1] returns group-0C6976726A89:java.util.concurrent.CompletableFuture@7d71a407[Not completed]
2021-09-28 01:15:50,885 [pool-285-thread-1] INFO  server.RaftServer$Division (RaftServerImpl.java:<init>(181)) - 682f795c-fd6e-4513-96f4-ff699a8baeca: new RaftServerImpl for group-0C6976726A89:[a68edfa1-dc1a-41e9-a365-15c521233673|rpc:127.0.0.1:40889|dataStream:|priority:0, 682f795c-fd6e-4513-96f4-ff699a8baeca|rpc:127.0.0.1:41003|dataStream:|priority:0, aff66e22-6e70-443d-9eb4-a88275d3a955|rpc:127.0.0.1:45375|dataStream:|priority:1] with ContainerStateMachine:uninitialized
2021-09-28 01:15:50,885 [pool-285-thread-1] INFO  server.RaftServerConfigKeys (ConfUtils.java:logGet(44)) - raft.server.rpc.timeout.min = 5s (custom)
2021-09-28 01:15:50,885 [pool-285-thread-1] INFO  server.RaftServerConfigKeys (ConfUtils.java:logGet(44)) - raft.server.rpc.timeout.max = 5200ms (custom)
2021-09-28 01:15:50,885 [pool-285-thread-1] INFO  server.RaftServerConfigKeys (ConfUtils.java:logGet(44)) - raft.server.rpc.sleep.time = 25ms (default)
2021-09-28 01:15:50,886 [pool-285-thread-1] INFO  server.RaftServerConfigKeys (ConfUtils.java:logGet(44)) - raft.server.rpc.slowness.timeout = 300s (custom)
2021-09-28 01:15:50,886 [pool-285-thread-1] INFO  server.RaftServerConfigKeys (ConfUtils.java:logGet(44)) - raft.server.leaderelection.leader.step-down.wait-time = 10s (default)
2021-09-28 01:15:50,886 [pool-285-thread-1] INFO  server.RaftServerConfigKeys (ConfUtils.java:logGet(44)) - raft.server.sleep.deviation.threshold = 300ms (default)
2021-09-28 01:15:50,886 [pool-285-thread-1] INFO  server.RaftServerConfigKeys (ConfUtils.java:logGet(44)) - raft.server.log.appender.install.snapshot.enabled = false (custom)
2021-09-28 01:15:50,886 [pool-285-thread-1] INFO  server.RaftServer$Division (ServerState.java:<init>(105)) - 682f795c-fd6e-4513-96f4-ff699a8baeca@group-0C6976726A89: ConfigurationManager, init=-1: [a68edfa1-dc1a-41e9-a365-15c521233673|rpc:127.0.0.1:40889|dataStream:|priority:0, 682f795c-fd6e-4513-96f4-ff699a8baeca|rpc:127.0.0.1:41003|dataStream:|priority:0, aff66e22-6e70-443d-9eb4-a88275d3a955|rpc:127.0.0.1:45375|dataStream:|priority:1], old=null, confs=<EMPTY_MAP>
2021-09-28 01:15:50,886 [pool-285-thread-1] INFO  server.RaftServerConfigKeys (ConfUtils.java:logGet(44)) - raft.server.storage.dir = [/home/runner/work/ozone/ozone/hadoop-ozone/integration-test/target/test-dir/MiniOzoneClusterImpl-4882f729-1751-4fe5-a7fb-8e9138349e05/datanode-1/data/ratis] (custom)
2021-09-28 01:15:50,886 [pool-285-thread-1] INFO  server.RaftServerConfigKeys (ConfUtils.java:logGet(44)) - raft.server.log.corruption.policy = EXCEPTION (default)
2021-09-28 01:15:50,886 [pool-285-thread-1] INFO  server.RaftServerConfigKeys (ConfUtils.java:logGet(44)) - raft.server.storage.free-space.min = 0MB (=0) (default)
2021-09-28 01:15:50,886 [pool-285-thread-1] INFO  storage.RaftStorageDirectory (RaftStorageDirectoryImpl.java:analyzeStorage(135)) - The storage directory /home/runner/work/ozone/ozone/hadoop-ozone/integration-test/target/test-dir/MiniOzoneClusterImpl-4882f729-1751-4fe5-a7fb-8e9138349e05/datanode-1/data/ratis/079304ac-6366-4ac1-b056-0c6976726a89 does not exist. Creating ...
2021-09-28 01:15:50,889 [pool-285-thread-1] INFO  storage.RaftStorageDirectory (RaftStorageDirectoryImpl.java:tryLock(230)) - Lock on /home/runner/work/ozone/ozone/hadoop-ozone/integration-test/target/test-dir/MiniOzoneClusterImpl-4882f729-1751-4fe5-a7fb-8e9138349e05/datanode-1/data/ratis/079304ac-6366-4ac1-b056-0c6976726a89/in_use.lock acquired by nodename 14119@fv-az50-883
2021-09-28 01:15:50,890 [pool-285-thread-1] INFO  storage.RaftStorage (RaftStorageImpl.java:format(89)) - Storage directory /home/runner/work/ozone/ozone/hadoop-ozone/integration-test/target/test-dir/MiniOzoneClusterImpl-4882f729-1751-4fe5-a7fb-8e9138349e05/datanode-1/data/ratis/079304ac-6366-4ac1-b056-0c6976726a89 has been successfully formatted.
2021-09-28 01:15:50,890 [pool-285-thread-1] INFO  ratis.ContainerStateMachine (ContainerStateMachine.java:loadSnapshot(224)) - group-0C6976726A89: The snapshot info is null. Setting the last applied indexto:(t:0, i:~)
2021-09-28 01:15:50,890 [pool-285-thread-1] INFO  server.RaftServerConfigKeys (ConfUtils.java:logGet(44)) - raft.server.notification.no-leader.timeout = 300s (custom)
2021-09-28 01:15:50,890 [pool-285-thread-1] INFO  server.RaftServerConfigKeys (ConfUtils.java:logGet(44)) - raft.server.log.use.memory = false (default)
2021-09-28 01:15:50,890 [pool-285-thread-1] INFO  server.RaftServerConfigKeys (ConfUtils.java:logGet(44)) - raft.server.log.purge.gap = 1000000 (custom)
2021-09-28 01:15:50,890 [pool-285-thread-1] INFO  server.RaftServerConfigKeys (ConfUtils.java:logGet(44)) - raft.server.log.appender.buffer.byte-limit = 33554432 (custom)
2021-09-28 01:15:50,893 [pool-285-thread-1] INFO  server.RaftServerConfigKeys (ConfUtils.java:logGet(44)) - raft.server.log.segment.size.max = 1048576 (custom)
2021-09-28 01:15:50,893 [pool-285-thread-1] INFO  server.RaftServerConfigKeys (ConfUtils.java:logGet(44)) - raft.server.log.segment.cache.num.max = 2 (custom)
2021-09-28 01:15:50,893 [pool-285-thread-1] INFO  server.RaftServerConfigKeys (ConfUtils.java:logGet(44)) - raft.server.log.segment.cache.size.max = 200MB (=209715200) (default)
2021-09-28 01:15:50,893 [pool-285-thread-1] INFO  segmented.SegmentedRaftLogWorker (SegmentedRaftLogWorker.java:<init>(182)) - new 682f795c-fd6e-4513-96f4-ff699a8baeca@group-0C6976726A89-SegmentedRaftLogWorker for RaftStorageImpl:Storage Directory /home/runner/work/ozone/ozone/hadoop-ozone/integration-test/target/test-dir/MiniOzoneClusterImpl-4882f729-1751-4fe5-a7fb-8e9138349e05/datanode-1/data/ratis/079304ac-6366-4ac1-b056-0c6976726a89
2021-09-28 01:15:50,893 [pool-285-thread-1] INFO  server.RaftServerConfigKeys (ConfUtils.java:logGet(44)) - raft.server.log.queue.byte-limit = 2147483647 (custom)
2021-09-28 01:15:50,893 [pool-285-thread-1] INFO  server.RaftServerConfigKeys (ConfUtils.java:logGet(44)) - raft.server.log.queue.element-limit = 1024 (custom)
2021-09-28 01:15:50,893 [pool-285-thread-1] INFO  server.RaftServerConfigKeys (ConfUtils.java:logGet(44)) - raft.server.log.segment.size.max = 1048576 (custom)
2021-09-28 01:15:50,893 [pool-285-thread-1] INFO  server.RaftServerConfigKeys (ConfUtils.java:logGet(44)) - raft.server.log.preallocated.size = 16384 (custom)
2021-09-28 01:15:50,894 [pool-285-thread-1] INFO  server.RaftServerConfigKeys (ConfUtils.java:logGet(44)) - raft.server.log.force.sync.num = 128 (default)
2021-09-28 01:15:50,894 [pool-285-thread-1] INFO  server.RaftServerConfigKeys (ConfUtils.java:logGet(44)) - raft.server.log.statemachine.data.sync = true (default)
2021-09-28 01:15:50,894 [pool-285-thread-1] INFO  server.RaftServerConfigKeys (ConfUtils.java:logGet(44)) - raft.server.log.statemachine.data.sync.timeout = 10s (default)
2021-09-28 01:15:50,894 [pool-285-thread-1] INFO  server.RaftServerConfigKeys (ConfUtils.java:logGet(44)) - raft.server.log.statemachine.data.sync.timeout.retry = -1 (default)
2021-09-28 01:15:50,895 [pool-285-thread-1] INFO  server.RaftServerConfigKeys (ConfUtils.java:logGet(44)) - raft.server.log.write.buffer.size = 1048576 (custom)
2021-09-28 01:15:50,895 [pool-285-thread-1] INFO  server.RaftServerConfigKeys (ConfUtils.java:logGet(44)) - raft.server.log.statemachine.data.caching.enabled = true (custom)
2021-09-28 01:15:50,895 [pool-285-thread-1] INFO  segmented.SegmentedRaftLogWorker (SegmentedRaftLogWorker.java:lambda$new$0(133)) - 682f795c-fd6e-4513-96f4-ff699a8baeca@group-0C6976726A89-SegmentedRaftLogWorker: flushIndex: setUnconditionally 0 -> -1
2021-09-28 01:15:50,895 [pool-285-thread-1] INFO  segmented.SegmentedRaftLogWorker (SegmentedRaftLogWorker.java:lambda$new$0(133)) - 682f795c-fd6e-4513-96f4-ff699a8baeca@group-0C6976726A89-SegmentedRaftLogWorker: safeCacheEvictIndex: setUnconditionally 0 -> -1
2021-09-28 01:15:50,906 [pool-285-thread-1] INFO  server.RaftServerConfigKeys (ConfUtils.java:logGet(44)) - raft.server.snapshot.auto.trigger.enabled = true (custom)
2021-09-28 01:15:50,906 [pool-285-thread-1] INFO  server.RaftServerConfigKeys (ConfUtils.java:logGet(44)) - raft.server.snapshot.auto.trigger.threshold = 10000 (custom)
2021-09-28 01:15:50,906 [pool-285-thread-1] INFO  server.RaftServerConfigKeys (ConfUtils.java:logGet(44)) - raft.server.snapshot.retention.file.num = 5 (custom)
2021-09-28 01:15:50,906 [pool-285-thread-1] INFO  server.RaftServerConfigKeys (ConfUtils.java:logGet(44)) - raft.server.log.purge.upto.snapshot.index = false (default)
2021-09-28 01:15:50,906 [pool-285-thread-1] INFO  server.RaftServerConfigKeys (ConfUtils.java:logGet(44)) - raft.server.retrycache.expirytime = 600000ms (custom)
2021-09-28 01:15:50,906 [pool-285-thread-1] INFO  server.RaftServerConfigKeys (ConfUtils.java:logGet(44)) - raft.server.retrycache.statistics.expirytime = 100μs (default)
2021-09-28 01:15:50,907 [pool-285-thread-1] INFO  server.RaftServer$Division (RaftServerImpl.java:start(296)) - 682f795c-fd6e-4513-96f4-ff699a8baeca@group-0C6976726A89: start as a follower, conf=-1: [a68edfa1-dc1a-41e9-a365-15c521233673|rpc:127.0.0.1:40889|dataStream:|priority:0, 682f795c-fd6e-4513-96f4-ff699a8baeca|rpc:127.0.0.1:41003|dataStream:|priority:0, aff66e22-6e70-443d-9eb4-a88275d3a955|rpc:127.0.0.1:45375|dataStream:|priority:1], old=null
2021-09-28 01:15:50,907 [pool-285-thread-1] INFO  server.RaftServer$Division (RaftServerImpl.java:setRole(285)) - 682f795c-fd6e-4513-96f4-ff699a8baeca@group-0C6976726A89: changes role from      null to FOLLOWER at term 0 for startAsFollower
2021-09-28 01:15:50,907 [pool-285-thread-1] INFO  impl.RoleInfo (RoleInfo.java:updateAndGet(130)) - 682f795c-fd6e-4513-96f4-ff699a8baeca: start 682f795c-fd6e-4513-96f4-ff699a8baeca@group-0C6976726A89-FollowerState
2021-09-28 01:15:50,908 [pool-285-thread-1] INFO  util.JmxRegister (JmxRegister.java:tryRegister(44)) - Successfully registered JMX Bean with object name Ratis:service=RaftServer,group=group-0C6976726A89,id=682f795c-fd6e-4513-96f4-ff699a8baeca
2021-09-28 01:15:50,934 [grpc-default-executor-1] INFO  server.RaftServer (RaftServerProxy.java:addNew(95)) - aff66e22-6e70-443d-9eb4-a88275d3a955: addNew group-0C6976726A89:[a68edfa1-dc1a-41e9-a365-15c521233673|rpc:127.0.0.1:40889|dataStream:|priority:0, 682f795c-fd6e-4513-96f4-ff699a8baeca|rpc:127.0.0.1:41003|dataStream:|priority:0, aff66e22-6e70-443d-9eb4-a88275d3a955|rpc:127.0.0.1:45375|dataStream:|priority:1] returns group-0C6976726A89:java.util.concurrent.CompletableFuture@4e3e0f4f[Not completed]
2021-09-28 01:15:50,934 [pool-306-thread-1] INFO  server.RaftServer$Division (RaftServerImpl.java:<init>(181)) - aff66e22-6e70-443d-9eb4-a88275d3a955: new RaftServerImpl for group-0C6976726A89:[a68edfa1-dc1a-41e9-a365-15c521233673|rpc:127.0.0.1:40889|dataStream:|priority:0, 682f795c-fd6e-4513-96f4-ff699a8baeca|rpc:127.0.0.1:41003|dataStream:|priority:0, aff66e22-6e70-443d-9eb4-a88275d3a955|rpc:127.0.0.1:45375|dataStream:|priority:1] with ContainerStateMachine:uninitialized
2021-09-28 01:15:50,934 [pool-306-thread-1] INFO  server.RaftServerConfigKeys (ConfUtils.java:logGet(44)) - raft.server.rpc.timeout.min = 5s (custom)
2021-09-28 01:15:50,934 [pool-306-thread-1] INFO  server.RaftServerConfigKeys (ConfUtils.java:logGet(44)) - raft.server.rpc.timeout.max = 5200ms (custom)
2021-09-28 01:15:50,934 [pool-306-thread-1] INFO  server.RaftServerConfigKeys (ConfUtils.java:logGet(44)) - raft.server.rpc.sleep.time = 25ms (default)
2021-09-28 01:15:50,934 [pool-306-thread-1] INFO  server.RaftServerConfigKeys (ConfUtils.java:logGet(44)) - raft.server.rpc.slowness.timeout = 300s (custom)
2021-09-28 01:15:50,935 [pool-306-thread-1] INFO  server.RaftServerConfigKeys (ConfUtils.java:logGet(44)) - raft.server.leaderelection.leader.step-down.wait-time = 10s (default)
2021-09-28 01:15:50,935 [pool-306-thread-1] INFO  server.RaftServerConfigKeys (ConfUtils.java:logGet(44)) - raft.server.sleep.deviation.threshold = 300ms (default)
2021-09-28 01:15:50,935 [pool-306-thread-1] INFO  server.RaftServerConfigKeys (ConfUtils.java:logGet(44)) - raft.server.log.appender.install.snapshot.enabled = false (custom)
2021-09-28 01:15:50,935 [pool-306-thread-1] INFO  server.RaftServer$Division (ServerState.java:<init>(105)) - aff66e22-6e70-443d-9eb4-a88275d3a955@group-0C6976726A89: ConfigurationManager, init=-1: [a68edfa1-dc1a-41e9-a365-15c521233673|rpc:127.0.0.1:40889|dataStream:|priority:0, 682f795c-fd6e-4513-96f4-ff699a8baeca|rpc:127.0.0.1:41003|dataStream:|priority:0, aff66e22-6e70-443d-9eb4-a88275d3a955|rpc:127.0.0.1:45375|dataStream:|priority:1], old=null, confs=<EMPTY_MAP>
2021-09-28 01:15:50,935 [pool-306-thread-1] INFO  server.RaftServerConfigKeys (ConfUtils.java:logGet(44)) - raft.server.storage.dir = [/home/runner/work/ozone/ozone/hadoop-ozone/integration-test/target/test-dir/MiniOzoneClusterImpl-4882f729-1751-4fe5-a7fb-8e9138349e05/datanode-2/data/ratis] (custom)
2021-09-28 01:15:50,935 [pool-306-thread-1] INFO  server.RaftServerConfigKeys (ConfUtils.java:logGet(44)) - raft.server.log.corruption.policy = EXCEPTION (default)
2021-09-28 01:15:50,935 [pool-306-thread-1] INFO  server.RaftServerConfigKeys (ConfUtils.java:logGet(44)) - raft.server.storage.free-space.min = 0MB (=0) (default)
2021-09-28 01:15:50,935 [pool-306-thread-1] INFO  storage.RaftStorageDirectory (RaftStorageDirectoryImpl.java:analyzeStorage(135)) - The storage directory /home/runner/work/ozone/ozone/hadoop-ozone/integration-test/target/test-dir/MiniOzoneClusterImpl-4882f729-1751-4fe5-a7fb-8e9138349e05/datanode-2/data/ratis/079304ac-6366-4ac1-b056-0c6976726a89 does not exist. Creating ...
2021-09-28 01:15:50,938 [pool-306-thread-1] INFO  storage.RaftStorageDirectory (RaftStorageDirectoryImpl.java:tryLock(230)) - Lock on /home/runner/work/ozone/ozone/hadoop-ozone/integration-test/target/test-dir/MiniOzoneClusterImpl-4882f729-1751-4fe5-a7fb-8e9138349e05/datanode-2/data/ratis/079304ac-6366-4ac1-b056-0c6976726a89/in_use.lock acquired by nodename 14119@fv-az50-883
2021-09-28 01:15:50,940 [pool-306-thread-1] INFO  storage.RaftStorage (RaftStorageImpl.java:format(89)) - Storage directory /home/runner/work/ozone/ozone/hadoop-ozone/integration-test/target/test-dir/MiniOzoneClusterImpl-4882f729-1751-4fe5-a7fb-8e9138349e05/datanode-2/data/ratis/079304ac-6366-4ac1-b056-0c6976726a89 has been successfully formatted.
2021-09-28 01:15:50,940 [pool-306-thread-1] INFO  ratis.ContainerStateMachine (ContainerStateMachine.java:loadSnapshot(224)) - group-0C6976726A89: The snapshot info is null. Setting the last applied indexto:(t:0, i:~)
2021-09-28 01:15:50,945 [pool-306-thread-1] INFO  server.RaftServerConfigKeys (ConfUtils.java:logGet(44)) - raft.server.notification.no-leader.timeout = 300s (custom)
2021-09-28 01:15:50,946 [pool-306-thread-1] INFO  server.RaftServerConfigKeys (ConfUtils.java:logGet(44)) - raft.server.log.use.memory = false (default)
2021-09-28 01:15:50,946 [pool-306-thread-1] INFO  server.RaftServerConfigKeys (ConfUtils.java:logGet(44)) - raft.server.log.purge.gap = 1000000 (custom)
2021-09-28 01:15:50,946 [pool-306-thread-1] INFO  server.RaftServerConfigKeys (ConfUtils.java:logGet(44)) - raft.server.log.appender.buffer.byte-limit = 33554432 (custom)
2021-09-28 01:15:50,946 [pool-306-thread-1] INFO  server.RaftServerConfigKeys (ConfUtils.java:logGet(44)) - raft.server.log.segment.size.max = 1048576 (custom)
2021-09-28 01:15:50,946 [pool-306-thread-1] INFO  server.RaftServerConfigKeys (ConfUtils.java:logGet(44)) - raft.server.log.segment.cache.num.max = 2 (custom)
2021-09-28 01:15:50,946 [pool-306-thread-1] INFO  server.RaftServerConfigKeys (ConfUtils.java:logGet(44)) - raft.server.log.segment.cache.size.max = 200MB (=209715200) (default)
2021-09-28 01:15:50,946 [pool-306-thread-1] INFO  segmented.SegmentedRaftLogWorker (SegmentedRaftLogWorker.java:<init>(182)) - new aff66e22-6e70-443d-9eb4-a88275d3a955@group-0C6976726A89-SegmentedRaftLogWorker for RaftStorageImpl:Storage Directory /home/runner/work/ozone/ozone/hadoop-ozone/integration-test/target/test-dir/MiniOzoneClusterImpl-4882f729-1751-4fe5-a7fb-8e9138349e05/datanode-2/data/ratis/079304ac-6366-4ac1-b056-0c6976726a89
2021-09-28 01:15:50,946 [pool-306-thread-1] INFO  server.RaftServerConfigKeys (ConfUtils.java:logGet(44)) - raft.server.log.queue.byte-limit = 2147483647 (custom)
2021-09-28 01:15:50,946 [pool-306-thread-1] INFO  server.RaftServerConfigKeys (ConfUtils.java:logGet(44)) - raft.server.log.queue.element-limit = 1024 (custom)
2021-09-28 01:15:50,947 [pool-306-thread-1] INFO  server.RaftServerConfigKeys (ConfUtils.java:logGet(44)) - raft.server.log.segment.size.max = 1048576 (custom)
2021-09-28 01:15:50,947 [pool-306-thread-1] INFO  server.RaftServerConfigKeys (ConfUtils.java:logGet(44)) - raft.server.log.preallocated.size = 16384 (custom)
2021-09-28 01:15:50,947 [pool-306-thread-1] INFO  server.RaftServerConfigKeys (ConfUtils.java:logGet(44)) - raft.server.log.force.sync.num = 128 (default)
2021-09-28 01:15:50,947 [pool-306-thread-1] INFO  server.RaftServerConfigKeys (ConfUtils.java:logGet(44)) - raft.server.log.statemachine.data.sync = true (default)
2021-09-28 01:15:50,947 [pool-306-thread-1] INFO  server.RaftServerConfigKeys (ConfUtils.java:logGet(44)) - raft.server.log.statemachine.data.sync.timeout = 10s (default)
2021-09-28 01:15:50,947 [pool-306-thread-1] INFO  server.RaftServerConfigKeys (ConfUtils.java:logGet(44)) - raft.server.log.statemachine.data.sync.timeout.retry = -1 (default)
2021-09-28 01:15:50,948 [pool-306-thread-1] INFO  server.RaftServerConfigKeys (ConfUtils.java:logGet(44)) - raft.server.log.write.buffer.size = 1048576 (custom)
2021-09-28 01:15:50,948 [pool-306-thread-1] INFO  server.RaftServerConfigKeys (ConfUtils.java:logGet(44)) - raft.server.log.statemachine.data.caching.enabled = true (custom)
2021-09-28 01:15:50,948 [pool-306-thread-1] INFO  segmented.SegmentedRaftLogWorker (SegmentedRaftLogWorker.java:lambda$new$0(133)) - aff66e22-6e70-443d-9eb4-a88275d3a955@group-0C6976726A89-SegmentedRaftLogWorker: flushIndex: setUnconditionally 0 -> -1
2021-09-28 01:15:50,948 [pool-306-thread-1] INFO  segmented.SegmentedRaftLogWorker (SegmentedRaftLogWorker.java:lambda$new$0(133)) - aff66e22-6e70-443d-9eb4-a88275d3a955@group-0C6976726A89-SegmentedRaftLogWorker: safeCacheEvictIndex: setUnconditionally 0 -> -1
2021-09-28 01:15:50,960 [pool-306-thread-1] INFO  server.RaftServerConfigKeys (ConfUtils.java:logGet(44)) - raft.server.snapshot.auto.trigger.enabled = true (custom)
2021-09-28 01:15:50,960 [pool-306-thread-1] INFO  server.RaftServerConfigKeys (ConfUtils.java:logGet(44)) - raft.server.snapshot.auto.trigger.threshold = 10000 (custom)
2021-09-28 01:15:50,960 [pool-306-thread-1] INFO  server.RaftServerConfigKeys (ConfUtils.java:logGet(44)) - raft.server.snapshot.retention.file.num = 5 (custom)
2021-09-28 01:15:50,961 [pool-306-thread-1] INFO  server.RaftServerConfigKeys (ConfUtils.java:logGet(44)) - raft.server.log.purge.upto.snapshot.index = false (default)
2021-09-28 01:15:50,961 [pool-306-thread-1] INFO  server.RaftServerConfigKeys (ConfUtils.java:logGet(44)) - raft.server.retrycache.expirytime = 600000ms (custom)
2021-09-28 01:15:50,961 [pool-306-thread-1] INFO  server.RaftServerConfigKeys (ConfUtils.java:logGet(44)) - raft.server.retrycache.statistics.expirytime = 100μs (default)
2021-09-28 01:15:50,962 [pool-306-thread-1] INFO  server.RaftServer$Division (RaftServerImpl.java:start(296)) - aff66e22-6e70-443d-9eb4-a88275d3a955@group-0C6976726A89: start as a follower, conf=-1: [a68edfa1-dc1a-41e9-a365-15c521233673|rpc:127.0.0.1:40889|dataStream:|priority:0, 682f795c-fd6e-4513-96f4-ff699a8baeca|rpc:127.0.0.1:41003|dataStream:|priority:0, aff66e22-6e70-443d-9eb4-a88275d3a955|rpc:127.0.0.1:45375|dataStream:|priority:1], old=null
2021-09-28 01:15:50,962 [pool-306-thread-1] INFO  server.RaftServer$Division (RaftServerImpl.java:setRole(285)) - aff66e22-6e70-443d-9eb4-a88275d3a955@group-0C6976726A89: changes role from      null to FOLLOWER at term 0 for startAsFollower
2021-09-28 01:15:50,962 [pool-306-thread-1] INFO  impl.RoleInfo (RoleInfo.java:updateAndGet(130)) - aff66e22-6e70-443d-9eb4-a88275d3a955: start aff66e22-6e70-443d-9eb4-a88275d3a955@group-0C6976726A89-FollowerState
2021-09-28 01:15:50,970 [pool-306-thread-1] INFO  util.JmxRegister (JmxRegister.java:tryRegister(44)) - Successfully registered JMX Bean with object name Ratis:service=RaftServer,group=group-0C6976726A89,id=aff66e22-6e70-443d-9eb4-a88275d3a955
2021-09-28 01:15:50,991 [Command processor thread] INFO  commandhandler.CreatePipelineCommandHandler (CreatePipelineCommandHandler.java:handle(106)) - Created Pipeline RATIS THREE PipelineID=079304ac-6366-4ac1-b056-0c6976726a89.
2021-09-28 01:15:51,146 [Command processor thread] INFO  server.RaftServer (RaftServerProxy.java:addNew(95)) - 682f795c-fd6e-4513-96f4-ff699a8baeca: addNew group-31DA78918DF0:[682f795c-fd6e-4513-96f4-ff699a8baeca|rpc:127.0.0.1:41003|priority:1] returns group-31DA78918DF0:java.util.concurrent.CompletableFuture@5d29665c[Not completed]
2021-09-28 01:15:51,147 [pool-285-thread-1] INFO  server.RaftServer$Division (RaftServerImpl.java:<init>(181)) - 682f795c-fd6e-4513-96f4-ff699a8baeca: new RaftServerImpl for group-31DA78918DF0:[682f795c-fd6e-4513-96f4-ff699a8baeca|rpc:127.0.0.1:41003|priority:1] with ContainerStateMachine:uninitialized
2021-09-28 01:15:51,147 [pool-285-thread-1] INFO  server.RaftServerConfigKeys (ConfUtils.java:logGet(44)) - raft.server.rpc.timeout.min = 5s (custom)
2021-09-28 01:15:51,147 [pool-285-thread-1] INFO  server.RaftServerConfigKeys (ConfUtils.java:logGet(44)) - raft.server.rpc.timeout.max = 5200ms (custom)
2021-09-28 01:15:51,147 [pool-285-thread-1] INFO  server.RaftServerConfigKeys (ConfUtils.java:logGet(44)) - raft.server.rpc.sleep.time = 25ms (default)
2021-09-28 01:15:51,147 [pool-285-thread-1] INFO  server.RaftServerConfigKeys (ConfUtils.java:logGet(44)) - raft.server.rpc.slowness.timeout = 300s (custom)
2021-09-28 01:15:51,147 [pool-285-thread-1] INFO  server.RaftServerConfigKeys (ConfUtils.java:logGet(44)) - raft.server.leaderelection.leader.step-down.wait-time = 10s (default)
2021-09-28 01:15:51,147 [pool-285-thread-1] INFO  server.RaftServerConfigKeys (ConfUtils.java:logGet(44)) - raft.server.sleep.deviation.threshold = 300ms (default)
2021-09-28 01:15:51,147 [pool-285-thread-1] INFO  server.RaftServerConfigKeys (ConfUtils.java:logGet(44)) - raft.server.log.appender.install.snapshot.enabled = false (custom)
2021-09-28 01:15:51,147 [pool-285-thread-1] INFO  server.RaftServer$Division (ServerState.java:<init>(105)) - 682f795c-fd6e-4513-96f4-ff699a8baeca@group-31DA78918DF0: ConfigurationManager, init=-1: [682f795c-fd6e-4513-96f4-ff699a8baeca|rpc:127.0.0.1:41003|priority:1], old=null, confs=<EMPTY_MAP>
2021-09-28 01:15:51,147 [pool-285-thread-1] INFO  server.RaftServerConfigKeys (ConfUtils.java:logGet(44)) - raft.server.storage.dir = [/home/runner/work/ozone/ozone/hadoop-ozone/integration-test/target/test-dir/MiniOzoneClusterImpl-4882f729-1751-4fe5-a7fb-8e9138349e05/datanode-1/data/ratis] (custom)
2021-09-28 01:15:51,148 [pool-285-thread-1] INFO  server.RaftServerConfigKeys (ConfUtils.java:logGet(44)) - raft.server.log.corruption.policy = EXCEPTION (default)
2021-09-28 01:15:51,148 [pool-285-thread-1] INFO  server.RaftServerConfigKeys (ConfUtils.java:logGet(44)) - raft.server.storage.free-space.min = 0MB (=0) (default)
2021-09-28 01:15:51,148 [pool-285-thread-1] INFO  storage.RaftStorageDirectory (RaftStorageDirectoryImpl.java:analyzeStorage(135)) - The storage directory /home/runner/work/ozone/ozone/hadoop-ozone/integration-test/target/test-dir/MiniOzoneClusterImpl-4882f729-1751-4fe5-a7fb-8e9138349e05/datanode-1/data/ratis/b654463b-433c-4d61-a756-31da78918df0 does not exist. Creating ...
2021-09-28 01:15:51,152 [pool-285-thread-1] INFO  storage.RaftStorageDirectory (RaftStorageDirectoryImpl.java:tryLock(230)) - Lock on /home/runner/work/ozone/ozone/hadoop-ozone/integration-test/target/test-dir/MiniOzoneClusterImpl-4882f729-1751-4fe5-a7fb-8e9138349e05/datanode-1/data/ratis/b654463b-433c-4d61-a756-31da78918df0/in_use.lock acquired by nodename 14119@fv-az50-883
2021-09-28 01:15:51,153 [pool-285-thread-1] INFO  storage.RaftStorage (RaftStorageImpl.java:format(89)) - Storage directory /home/runner/work/ozone/ozone/hadoop-ozone/integration-test/target/test-dir/MiniOzoneClusterImpl-4882f729-1751-4fe5-a7fb-8e9138349e05/datanode-1/data/ratis/b654463b-433c-4d61-a756-31da78918df0 has been successfully formatted.
2021-09-28 01:15:51,154 [pool-285-thread-1] INFO  ratis.ContainerStateMachine (ContainerStateMachine.java:loadSnapshot(224)) - group-31DA78918DF0: The snapshot info is null. Setting the last applied indexto:(t:0, i:~)
2021-09-28 01:15:51,154 [pool-285-thread-1] INFO  server.RaftServerConfigKeys (ConfUtils.java:logGet(44)) - raft.server.notification.no-leader.timeout = 300s (custom)
2021-09-28 01:15:51,154 [pool-285-thread-1] INFO  server.RaftServerConfigKeys (ConfUtils.java:logGet(44)) - raft.server.log.use.memory = false (default)
2021-09-28 01:15:51,154 [pool-285-thread-1] INFO  server.RaftServerConfigKeys (ConfUtils.java:logGet(44)) - raft.server.log.purge.gap = 1000000 (custom)
2021-09-28 01:15:51,154 [pool-285-thread-1] INFO  server.RaftServerConfigKeys (ConfUtils.java:logGet(44)) - raft.server.log.appender.buffer.byte-limit = 33554432 (custom)
2021-09-28 01:15:51,155 [EventQueue-PipelineReportForPipelineReportHandler] INFO  pipeline.PipelineManagerImpl (PipelineManagerImpl.java:openPipeline(282)) - Pipeline Pipeline[ Id: b654463b-433c-4d61-a756-31da78918df0, Nodes: 682f795c-fd6e-4513-96f4-ff699a8baeca{ip: 127.0.0.1, host: localhost, ports: [REPLICATION=42951, RATIS=41003, RATIS_ADMIN=41003, RATIS_SERVER=41003, STANDALONE=40119], networkLocation: /default-rack, certSerialId: null, persistedOpState: IN_SERVICE, persistedOpStateExpiryEpochSec: 0}, ReplicationConfig: RATIS/ONE, State:ALLOCATED, leaderId:682f795c-fd6e-4513-96f4-ff699a8baeca, CreationTimestamp2021-09-28T01:15:48.146Z[Etc/UTC]] moved to OPEN state
2021-09-28 01:15:51,157 [pool-285-thread-1] INFO  server.RaftServerConfigKeys (ConfUtils.java:logGet(44)) - raft.server.log.segment.size.max = 1048576 (custom)
2021-09-28 01:15:51,158 [EventQueue-PipelineReportForPipelineReportHandler] INFO  pipeline.PipelineManagerImpl (PipelineManagerImpl.java:openPipeline(282)) - Pipeline Pipeline[ Id: b654463b-433c-4d61-a756-31da78918df0, Nodes: 682f795c-fd6e-4513-96f4-ff699a8baeca{ip: 127.0.0.1, host: localhost, ports: [REPLICATION=42951, RATIS=41003, RATIS_ADMIN=41003, RATIS_SERVER=41003, STANDALONE=40119], networkLocation: /default-rack, certSerialId: null, persistedOpState: IN_SERVICE, persistedOpStateExpiryEpochSec: 0}, ReplicationConfig: RATIS/ONE, State:ALLOCATED, leaderId:682f795c-fd6e-4513-96f4-ff699a8baeca, CreationTimestamp2021-09-28T01:15:48.146Z[Etc/UTC]] moved to OPEN state
2021-09-28 01:15:51,158 [EventQueue-PipelineReportForPipelineReportHandler] INFO  ha.SCMHAInvocationHandler (SCMHAInvocationHandler.java:invokeRatis(113)) - Invoking method public abstract void org.apache.hadoop.hdds.scm.pipeline.StateManager.updatePipelineState(org.apache.hadoop.hdds.protocol.proto.HddsProtos$PipelineID,org.apache.hadoop.hdds.protocol.proto.HddsProtos$PipelineState) throws java.io.IOException on target org.apache.hadoop.hdds.scm.ha.SCMRatisServerImpl@4224adaf, cost 185.401us
2021-09-28 01:15:51,160 [pool-285-thread-1] INFO  server.RaftServerConfigKeys (ConfUtils.java:logGet(44)) - raft.server.log.segment.cache.num.max = 2 (custom)
2021-09-28 01:15:51,161 [pool-285-thread-1] INFO  server.RaftServerConfigKeys (ConfUtils.java:logGet(44)) - raft.server.log.segment.cache.size.max = 200MB (=209715200) (default)
2021-09-28 01:15:51,161 [pool-285-thread-1] INFO  segmented.SegmentedRaftLogWorker (SegmentedRaftLogWorker.java:<init>(182)) - new 682f795c-fd6e-4513-96f4-ff699a8baeca@group-31DA78918DF0-SegmentedRaftLogWorker for RaftStorageImpl:Storage Directory /home/runner/work/ozone/ozone/hadoop-ozone/integration-test/target/test-dir/MiniOzoneClusterImpl-4882f729-1751-4fe5-a7fb-8e9138349e05/datanode-1/data/ratis/b654463b-433c-4d61-a756-31da78918df0
2021-09-28 01:15:51,161 [pool-285-thread-1] INFO  server.RaftServerConfigKeys (ConfUtils.java:logGet(44)) - raft.server.log.queue.byte-limit = 2147483647 (custom)
2021-09-28 01:15:51,161 [pool-285-thread-1] INFO  server.RaftServerConfigKeys (ConfUtils.java:logGet(44)) - raft.server.log.queue.element-limit = 1024 (custom)
2021-09-28 01:15:51,161 [pool-285-thread-1] INFO  server.RaftServerConfigKeys (ConfUtils.java:logGet(44)) - raft.server.log.segment.size.max = 1048576 (custom)
2021-09-28 01:15:51,161 [pool-285-thread-1] INFO  server.RaftServerConfigKeys (ConfUtils.java:logGet(44)) - raft.server.log.preallocated.size = 16384 (custom)
2021-09-28 01:15:51,161 [pool-285-thread-1] INFO  server.RaftServerConfigKeys (ConfUtils.java:logGet(44)) - raft.server.log.force.sync.num = 128 (default)
2021-09-28 01:15:51,161 [pool-285-thread-1] INFO  server.RaftServerConfigKeys (ConfUtils.java:logGet(44)) - raft.server.log.statemachine.data.sync = true (default)
2021-09-28 01:15:51,161 [pool-285-thread-1] INFO  server.RaftServerConfigKeys (ConfUtils.java:logGet(44)) - raft.server.log.statemachine.data.sync.timeout = 10s (default)
2021-09-28 01:15:51,161 [pool-285-thread-1] INFO  server.RaftServerConfigKeys (ConfUtils.java:logGet(44)) - raft.server.log.statemachine.data.sync.timeout.retry = -1 (default)
2021-09-28 01:15:51,172 [pool-285-thread-1] INFO  server.RaftServerConfigKeys (ConfUtils.java:logGet(44)) - raft.server.log.write.buffer.size = 1048576 (custom)
2021-09-28 01:15:51,173 [pool-285-thread-1] INFO  server.RaftServerConfigKeys (ConfUtils.java:logGet(44)) - raft.server.log.statemachine.data.caching.enabled = true (custom)
2021-09-28 01:15:51,173 [pool-285-thread-1] INFO  segmented.SegmentedRaftLogWorker (SegmentedRaftLogWorker.java:lambda$new$0(133)) - 682f795c-fd6e-4513-96f4-ff699a8baeca@group-31DA78918DF0-SegmentedRaftLogWorker: flushIndex: setUnconditionally 0 -> -1
2021-09-28 01:15:51,173 [pool-285-thread-1] INFO  segmented.SegmentedRaftLogWorker (SegmentedRaftLogWorker.java:lambda$new$0(133)) - 682f795c-fd6e-4513-96f4-ff699a8baeca@group-31DA78918DF0-SegmentedRaftLogWorker: safeCacheEvictIndex: setUnconditionally 0 -> -1
2021-09-28 01:15:51,179 [4b364075-9b58-4908-a5b5-f5e156ea742e@group-8E9138349E05-StateMachineUpdater] INFO  safemode.HealthyPipelineSafeModeRule (HealthyPipelineSafeModeRule.java:initializeRule(152)) - Refreshed total pipeline count is 0, healthy pipeline threshold count is 1
2021-09-28 01:15:51,182 [EventQueue-PipelineReportForPipelineReportHandler] INFO  ha.SCMHAInvocationHandler (SCMHAInvocationHandler.java:invokeRatis(113)) - Invoking method public abstract void org.apache.hadoop.hdds.scm.pipeline.StateManager.updatePipelineState(org.apache.hadoop.hdds.protocol.proto.HddsProtos$PipelineID,org.apache.hadoop.hdds.protocol.proto.HddsProtos$PipelineState) throws java.io.IOException on target org.apache.hadoop.hdds.scm.ha.SCMRatisServerImpl@144ecc26, cost 27251.346us
2021-09-28 01:15:51,183 [EventQueue-OpenPipelineForHealthyPipelineSafeModeRule] INFO  safemode.SCMSafeModeManager (HealthyPipelineSafeModeRule.java:process(124)) - SCM in safe mode. Healthy pipelines reported count is 0, required healthy pipeline reported count is 1
2021-09-28 01:15:51,198 [pool-285-thread-1] INFO  server.RaftServerConfigKeys (ConfUtils.java:logGet(44)) - raft.server.snapshot.auto.trigger.enabled = true (custom)
2021-09-28 01:15:51,198 [pool-285-thread-1] INFO  server.RaftServerConfigKeys (ConfUtils.java:logGet(44)) - raft.server.snapshot.auto.trigger.threshold = 10000 (custom)
2021-09-28 01:15:51,198 [pool-285-thread-1] INFO  server.RaftServerConfigKeys (ConfUtils.java:logGet(44)) - raft.server.snapshot.retention.file.num = 5 (custom)
2021-09-28 01:15:51,198 [pool-285-thread-1] INFO  server.RaftServerConfigKeys (ConfUtils.java:logGet(44)) - raft.server.log.purge.upto.snapshot.index = false (default)
2021-09-28 01:15:51,198 [pool-285-thread-1] INFO  server.RaftServerConfigKeys (ConfUtils.java:logGet(44)) - raft.server.retrycache.expirytime = 600000ms (custom)
2021-09-28 01:15:51,198 [pool-285-thread-1] INFO  server.RaftServerConfigKeys (ConfUtils.java:logGet(44)) - raft.server.retrycache.statistics.expirytime = 100μs (default)
2021-09-28 01:15:51,199 [pool-285-thread-1] INFO  server.RaftServer$Division (RaftServerImpl.java:start(296)) - 682f795c-fd6e-4513-96f4-ff699a8baeca@group-31DA78918DF0: start as a follower, conf=-1: [682f795c-fd6e-4513-96f4-ff699a8baeca|rpc:127.0.0.1:41003|priority:1], old=null
2021-09-28 01:15:51,199 [pool-285-thread-1] INFO  server.RaftServer$Division (RaftServerImpl.java:setRole(285)) - 682f795c-fd6e-4513-96f4-ff699a8baeca@group-31DA78918DF0: changes role from      null to FOLLOWER at term 0 for startAsFollower
2021-09-28 01:15:51,199 [pool-285-thread-1] INFO  impl.RoleInfo (RoleInfo.java:updateAndGet(130)) - 682f795c-fd6e-4513-96f4-ff699a8baeca: start 682f795c-fd6e-4513-96f4-ff699a8baeca@group-31DA78918DF0-FollowerState
2021-09-28 01:15:51,206 [pool-285-thread-1] INFO  util.JmxRegister (JmxRegister.java:tryRegister(44)) - Successfully registered JMX Bean with object name Ratis:service=RaftServer,group=group-31DA78918DF0,id=682f795c-fd6e-4513-96f4-ff699a8baeca
2021-09-28 01:15:51,211 [Command processor thread] INFO  ratis.XceiverServerRatis (XceiverServerRatis.java:addGroup(762)) - Created group PipelineID=b654463b-433c-4d61-a756-31da78918df0
2021-09-28 01:15:51,211 [Command processor thread] INFO  commandhandler.CreatePipelineCommandHandler (CreatePipelineCommandHandler.java:handle(106)) - Created Pipeline RATIS ONE PipelineID=b654463b-433c-4d61-a756-31da78918df0.
2021-09-28 01:15:51,221 [1970bdcd-bd96-4495-88a5-6eaf9ec039da@group-8E9138349E05-StateMachineUpdater] INFO  safemode.HealthyPipelineSafeModeRule (HealthyPipelineSafeModeRule.java:initializeRule(152)) - Refreshed total pipeline count is 0, healthy pipeline threshold count is 1
2021-09-28 01:15:51,226 [4b364075-9b58-4908-a5b5-f5e156ea742e@group-8E9138349E05-StateMachineUpdater] INFO  ha.SCMStateMachine (SCMStateMachine.java:takeSnapshot(290)) - Current Snapshot Index 20, takeSnapshot took 1 ms
2021-09-28 01:15:51,226 [4b364075-9b58-4908-a5b5-f5e156ea742e@group-8E9138349E05-StateMachineUpdater] INFO  impl.StateMachineUpdater (StateMachineUpdater.java:takeSnapshot(281)) - 4b364075-9b58-4908-a5b5-f5e156ea742e@group-8E9138349E05-StateMachineUpdater: Took a snapshot at index 20
2021-09-28 01:15:51,226 [4b364075-9b58-4908-a5b5-f5e156ea742e@group-8E9138349E05-StateMachineUpdater] INFO  impl.StateMachineUpdater (StateMachineUpdater.java:lambda$new$0(89)) - 4b364075-9b58-4908-a5b5-f5e156ea742e@group-8E9138349E05-StateMachineUpdater: snapshotIndex: updateIncreasingly 15 -> 20
2021-09-28 01:15:51,226 [4b364075-9b58-4908-a5b5-f5e156ea742e@group-8E9138349E05-StateMachineUpdater] INFO  raftlog.RaftLog (RaftLogBase.java:purge(306)) - 4b364075-9b58-4908-a5b5-f5e156ea742e@group-8E9138349E05-SegmentedRaftLog: purge 20
2021-09-28 01:15:51,226 [4b364075-9b58-4908-a5b5-f5e156ea742e@group-8E9138349E05-StateMachineUpdater] INFO  raftlog.RaftLog (RaftLogBase.java:lambda$new$0(53)) - 4b364075-9b58-4908-a5b5-f5e156ea742e@group-8E9138349E05-SegmentedRaftLog: snapshotIndex: updateIncreasingly 15 -> 20
2021-09-28 01:15:51,226 [4b364075-9b58-4908-a5b5-f5e156ea742e@group-8E9138349E05-StateMachineUpdater] INFO  raftlog.RaftLog (RaftLogBase.java:lambda$new$0(53)) - 4b364075-9b58-4908-a5b5-f5e156ea742e@group-8E9138349E05-SegmentedRaftLog: purgeIndex: updateToMax old=15, new=20, updated? true
2021-09-28 01:15:51,377 [EndpointStateMachine task thread for /127.0.0.1:15957 - 0 ] INFO  ipc.Client (Client.java:handleConnectionFailure(977)) - Retrying connect to server: localhost/127.0.0.1:15957. Already tried 9 time(s); retry policy is RetryUpToMaximumCountWithFixedSleep(maxRetries=15, sleepTime=1000 MILLISECONDS)
2021-09-28 01:15:51,519 [EventQueue-OpenPipelineForHealthyPipelineSafeModeRule] INFO  safemode.SCMSafeModeManager (HealthyPipelineSafeModeRule.java:process(124)) - SCM in safe mode. Healthy pipelines reported count is 0, required healthy pipeline reported count is 1
2021-09-28 01:15:51,541 [Listener at 127.0.0.1/13700] INFO  ozone.MiniOzoneClusterImpl (MiniOzoneClusterImpl.java:lambda$waitForClusterToBeReady$0(235)) - Nodes are ready. Got 3 of 3 DN Heartbeats.
2021-09-28 01:15:51,541 [Listener at 127.0.0.1/13700] INFO  ozone.MiniOzoneClusterImpl (MiniOzoneClusterImpl.java:lambda$waitForClusterToBeReady$0(238)) - Waiting for cluster to exit safe mode
2021-09-28 01:15:51,542 [Listener at 127.0.0.1/13700] INFO  ozone.MiniOzoneClusterImpl (MiniOzoneClusterImpl.java:lambda$waitForClusterToBeReady$0(240)) - SCM became leader
2021-09-28 01:15:51,542 [EndpointStateMachine task thread for /127.0.0.1:15977 - 0 ] INFO  ipc.Client (Client.java:handleConnectionFailure(977)) - Retrying connect to server: localhost/127.0.0.1:15977. Already tried 10 time(s); retry policy is RetryUpToMaximumCountWithFixedSleep(maxRetries=15, sleepTime=1000 MILLISECONDS)
2021-09-28 01:15:51,595 [Command processor thread] INFO  server.RaftServer (RaftServerProxy.java:addNew(95)) - aff66e22-6e70-443d-9eb4-a88275d3a955: addNew group-F550AEE6B5D1:[aff66e22-6e70-443d-9eb4-a88275d3a955|rpc:127.0.0.1:45375|priority:1] returns group-F550AEE6B5D1:java.util.concurrent.CompletableFuture@79016831[Not completed]
2021-09-28 01:15:51,596 [pool-306-thread-1] INFO  server.RaftServer$Division (RaftServerImpl.java:<init>(181)) - aff66e22-6e70-443d-9eb4-a88275d3a955: new RaftServerImpl for group-F550AEE6B5D1:[aff66e22-6e70-443d-9eb4-a88275d3a955|rpc:127.0.0.1:45375|priority:1] with ContainerStateMachine:uninitialized
2021-09-28 01:15:51,596 [pool-306-thread-1] INFO  server.RaftServerConfigKeys (ConfUtils.java:logGet(44)) - raft.server.rpc.timeout.min = 5s (custom)
2021-09-28 01:15:51,597 [pool-306-thread-1] INFO  server.RaftServerConfigKeys (ConfUtils.java:logGet(44)) - raft.server.rpc.timeout.max = 5200ms (custom)
2021-09-28 01:15:51,597 [pool-306-thread-1] INFO  server.RaftServerConfigKeys (ConfUtils.java:logGet(44)) - raft.server.rpc.sleep.time = 25ms (default)
2021-09-28 01:15:51,597 [pool-306-thread-1] INFO  server.RaftServerConfigKeys (ConfUtils.java:logGet(44)) - raft.server.rpc.slowness.timeout = 300s (custom)
2021-09-28 01:15:51,597 [pool-306-thread-1] INFO  server.RaftServerConfigKeys (ConfUtils.java:logGet(44)) - raft.server.leaderelection.leader.step-down.wait-time = 10s (default)
2021-09-28 01:15:51,597 [pool-306-thread-1] INFO  server.RaftServerConfigKeys (ConfUtils.java:logGet(44)) - raft.server.sleep.deviation.threshold = 300ms (default)
2021-09-28 01:15:51,597 [pool-306-thread-1] INFO  server.RaftServerConfigKeys (ConfUtils.java:logGet(44)) - raft.server.log.appender.install.snapshot.enabled = false (custom)
2021-09-28 01:15:51,597 [pool-306-thread-1] INFO  server.RaftServer$Division (ServerState.java:<init>(105)) - aff66e22-6e70-443d-9eb4-a88275d3a955@group-F550AEE6B5D1: ConfigurationManager, init=-1: [aff66e22-6e70-443d-9eb4-a88275d3a955|rpc:127.0.0.1:45375|priority:1], old=null, confs=<EMPTY_MAP>
2021-09-28 01:15:51,597 [pool-306-thread-1] INFO  server.RaftServerConfigKeys (ConfUtils.java:logGet(44)) - raft.server.storage.dir = [/home/runner/work/ozone/ozone/hadoop-ozone/integration-test/target/test-dir/MiniOzoneClusterImpl-4882f729-1751-4fe5-a7fb-8e9138349e05/datanode-2/data/ratis] (custom)
2021-09-28 01:15:51,597 [pool-306-thread-1] INFO  server.RaftServerConfigKeys (ConfUtils.java:logGet(44)) - raft.server.log.corruption.policy = EXCEPTION (default)
2021-09-28 01:15:51,597 [pool-306-thread-1] INFO  server.RaftServerConfigKeys (ConfUtils.java:logGet(44)) - raft.server.storage.free-space.min = 0MB (=0) (default)
2021-09-28 01:15:51,597 [pool-306-thread-1] INFO  storage.RaftStorageDirectory (RaftStorageDirectoryImpl.java:analyzeStorage(135)) - The storage directory /home/runner/work/ozone/ozone/hadoop-ozone/integration-test/target/test-dir/MiniOzoneClusterImpl-4882f729-1751-4fe5-a7fb-8e9138349e05/datanode-2/data/ratis/e8b8b981-ef12-48e1-a9e6-f550aee6b5d1 does not exist. Creating ...
2021-09-28 01:15:51,599 [pool-306-thread-1] INFO  storage.RaftStorageDirectory (RaftStorageDirectoryImpl.java:tryLock(230)) - Lock on /home/runner/work/ozone/ozone/hadoop-ozone/integration-test/target/test-dir/MiniOzoneClusterImpl-4882f729-1751-4fe5-a7fb-8e9138349e05/datanode-2/data/ratis/e8b8b981-ef12-48e1-a9e6-f550aee6b5d1/in_use.lock acquired by nodename 14119@fv-az50-883
2021-09-28 01:15:51,602 [pool-306-thread-1] INFO  storage.RaftStorage (RaftStorageImpl.java:format(89)) - Storage directory /home/runner/work/ozone/ozone/hadoop-ozone/integration-test/target/test-dir/MiniOzoneClusterImpl-4882f729-1751-4fe5-a7fb-8e9138349e05/datanode-2/data/ratis/e8b8b981-ef12-48e1-a9e6-f550aee6b5d1 has been successfully formatted.
2021-09-28 01:15:51,607 [EventQueue-PipelineReportForPipelineReportHandler] INFO  pipeline.PipelineManagerImpl (PipelineManagerImpl.java:openPipeline(282)) - Pipeline Pipeline[ Id: e8b8b981-ef12-48e1-a9e6-f550aee6b5d1, Nodes: aff66e22-6e70-443d-9eb4-a88275d3a955{ip: 127.0.0.1, host: localhost, ports: [REPLICATION=35555, RATIS=45375, RATIS_ADMIN=45375, RATIS_SERVER=45375, STANDALONE=37017], networkLocation: /default-rack, certSerialId: null, persistedOpState: IN_SERVICE, persistedOpStateExpiryEpochSec: 0}, ReplicationConfig: RATIS/ONE, State:ALLOCATED, leaderId:aff66e22-6e70-443d-9eb4-a88275d3a955, CreationTimestamp2021-09-28T01:15:48.607Z[Etc/UTC]] moved to OPEN state
2021-09-28 01:15:51,609 [pool-306-thread-1] INFO  ratis.ContainerStateMachine (ContainerStateMachine.java:loadSnapshot(224)) - group-F550AEE6B5D1: The snapshot info is null. Setting the last applied indexto:(t:0, i:~)
2021-09-28 01:15:51,609 [EventQueue-PipelineReportForPipelineReportHandler] INFO  pipeline.PipelineManagerImpl (PipelineManagerImpl.java:openPipeline(282)) - Pipeline Pipeline[ Id: e8b8b981-ef12-48e1-a9e6-f550aee6b5d1, Nodes: aff66e22-6e70-443d-9eb4-a88275d3a955{ip: 127.0.0.1, host: localhost, ports: [REPLICATION=35555, RATIS=45375, RATIS_ADMIN=45375, RATIS_SERVER=45375, STANDALONE=37017], networkLocation: /default-rack, certSerialId: null, persistedOpState: IN_SERVICE, persistedOpStateExpiryEpochSec: 0}, ReplicationConfig: RATIS/ONE, State:ALLOCATED, leaderId:aff66e22-6e70-443d-9eb4-a88275d3a955, CreationTimestamp2021-09-28T01:15:48.607Z[Etc/UTC]] moved to OPEN state
2021-09-28 01:15:51,609 [EventQueue-PipelineReportForPipelineReportHandler] INFO  ha.SCMHAInvocationHandler (SCMHAInvocationHandler.java:invokeRatis(113)) - Invoking method public abstract void org.apache.hadoop.hdds.scm.pipeline.StateManager.updatePipelineState(org.apache.hadoop.hdds.protocol.proto.HddsProtos$PipelineID,org.apache.hadoop.hdds.protocol.proto.HddsProtos$PipelineState) throws java.io.IOException on target org.apache.hadoop.hdds.scm.ha.SCMRatisServerImpl@4224adaf, cost 165.2us
2021-09-28 01:15:51,610 [pool-306-thread-1] INFO  server.RaftServerConfigKeys (ConfUtils.java:logGet(44)) - raft.server.notification.no-leader.timeout = 300s (custom)
2021-09-28 01:15:51,610 [pool-306-thread-1] INFO  server.RaftServerConfigKeys (ConfUtils.java:logGet(44)) - raft.server.log.use.memory = false (default)
2021-09-28 01:15:51,610 [pool-306-thread-1] INFO  server.RaftServerConfigKeys (ConfUtils.java:logGet(44)) - raft.server.log.purge.gap = 1000000 (custom)
2021-09-28 01:15:51,610 [pool-306-thread-1] INFO  server.RaftServerConfigKeys (ConfUtils.java:logGet(44)) - raft.server.log.appender.buffer.byte-limit = 33554432 (custom)
2021-09-28 01:15:51,611 [pool-306-thread-1] INFO  server.RaftServerConfigKeys (ConfUtils.java:logGet(44)) - raft.server.log.segment.size.max = 1048576 (custom)
2021-09-28 01:15:51,611 [pool-306-thread-1] INFO  server.RaftServerConfigKeys (ConfUtils.java:logGet(44)) - raft.server.log.segment.cache.num.max = 2 (custom)
2021-09-28 01:15:51,612 [pool-306-thread-1] INFO  server.RaftServerConfigKeys (ConfUtils.java:logGet(44)) - raft.server.log.segment.cache.size.max = 200MB (=209715200) (default)
2021-09-28 01:15:51,612 [pool-306-thread-1] INFO  segmented.SegmentedRaftLogWorker (SegmentedRaftLogWorker.java:<init>(182)) - new aff66e22-6e70-443d-9eb4-a88275d3a955@group-F550AEE6B5D1-SegmentedRaftLogWorker for RaftStorageImpl:Storage Directory /home/runner/work/ozone/ozone/hadoop-ozone/integration-test/target/test-dir/MiniOzoneClusterImpl-4882f729-1751-4fe5-a7fb-8e9138349e05/datanode-2/data/ratis/e8b8b981-ef12-48e1-a9e6-f550aee6b5d1
2021-09-28 01:15:51,612 [pool-306-thread-1] INFO  server.RaftServerConfigKeys (ConfUtils.java:logGet(44)) - raft.server.log.queue.byte-limit = 2147483647 (custom)
2021-09-28 01:15:51,612 [pool-306-thread-1] INFO  server.RaftServerConfigKeys (ConfUtils.java:logGet(44)) - raft.server.log.queue.element-limit = 1024 (custom)
2021-09-28 01:15:51,612 [pool-306-thread-1] INFO  server.RaftServerConfigKeys (ConfUtils.java:logGet(44)) - raft.server.log.segment.size.max = 1048576 (custom)
2021-09-28 01:15:51,612 [pool-306-thread-1] INFO  server.RaftServerConfigKeys (ConfUtils.java:logGet(44)) - raft.server.log.preallocated.size = 16384 (custom)
2021-09-28 01:15:51,612 [pool-306-thread-1] INFO  server.RaftServerConfigKeys (ConfUtils.java:logGet(44)) - raft.server.log.force.sync.num = 128 (default)
2021-09-28 01:15:51,613 [pool-306-thread-1] INFO  server.RaftServerConfigKeys (ConfUtils.java:logGet(44)) - raft.server.log.statemachine.data.sync = true (default)
2021-09-28 01:15:51,613 [pool-306-thread-1] INFO  server.RaftServerConfigKeys (ConfUtils.java:logGet(44)) - raft.server.log.statemachine.data.sync.timeout = 10s (default)
2021-09-28 01:15:51,613 [pool-306-thread-1] INFO  server.RaftServerConfigKeys (ConfUtils.java:logGet(44)) - raft.server.log.statemachine.data.sync.timeout.retry = -1 (default)
2021-09-28 01:15:51,614 [pool-306-thread-1] INFO  server.RaftServerConfigKeys (ConfUtils.java:logGet(44)) - raft.server.log.write.buffer.size = 1048576 (custom)
2021-09-28 01:15:51,614 [pool-306-thread-1] INFO  server.RaftServerConfigKeys (ConfUtils.java:logGet(44)) - raft.server.log.statemachine.data.caching.enabled = true (custom)
2021-09-28 01:15:51,615 [pool-306-thread-1] INFO  segmented.SegmentedRaftLogWorker (SegmentedRaftLogWorker.java:lambda$new$0(133)) - aff66e22-6e70-443d-9eb4-a88275d3a955@group-F550AEE6B5D1-SegmentedRaftLogWorker: flushIndex: setUnconditionally 0 -> -1
2021-09-28 01:15:51,615 [pool-306-thread-1] INFO  segmented.SegmentedRaftLogWorker (SegmentedRaftLogWorker.java:lambda$new$0(133)) - aff66e22-6e70-443d-9eb4-a88275d3a955@group-F550AEE6B5D1-SegmentedRaftLogWorker: safeCacheEvictIndex: setUnconditionally 0 -> -1
2021-09-28 01:15:51,615 [1970bdcd-bd96-4495-88a5-6eaf9ec039da@group-8E9138349E05-StateMachineUpdater] INFO  ha.SCMStateMachine (SCMStateMachine.java:takeSnapshot(290)) - Current Snapshot Index 20, takeSnapshot took 0 ms
2021-09-28 01:15:51,615 [1970bdcd-bd96-4495-88a5-6eaf9ec039da@group-8E9138349E05-StateMachineUpdater] INFO  impl.StateMachineUpdater (StateMachineUpdater.java:takeSnapshot(281)) - 1970bdcd-bd96-4495-88a5-6eaf9ec039da@group-8E9138349E05-StateMachineUpdater: Took a snapshot at index 20
2021-09-28 01:15:51,615 [1970bdcd-bd96-4495-88a5-6eaf9ec039da@group-8E9138349E05-StateMachineUpdater] INFO  impl.StateMachineUpdater (StateMachineUpdater.java:lambda$new$0(89)) - 1970bdcd-bd96-4495-88a5-6eaf9ec039da@group-8E9138349E05-StateMachineUpdater: snapshotIndex: updateIncreasingly 15 -> 20
2021-09-28 01:15:51,615 [1970bdcd-bd96-4495-88a5-6eaf9ec039da@group-8E9138349E05-StateMachineUpdater] INFO  raftlog.RaftLog (RaftLogBase.java:purge(306)) - 1970bdcd-bd96-4495-88a5-6eaf9ec039da@group-8E9138349E05-SegmentedRaftLog: purge 20
2021-09-28 01:15:51,615 [1970bdcd-bd96-4495-88a5-6eaf9ec039da@group-8E9138349E05-StateMachineUpdater] INFO  raftlog.RaftLog (RaftLogBase.java:lambda$new$0(53)) - 1970bdcd-bd96-4495-88a5-6eaf9ec039da@group-8E9138349E05-SegmentedRaftLog: snapshotIndex: updateIncreasingly 15 -> 20
2021-09-28 01:15:51,615 [1970bdcd-bd96-4495-88a5-6eaf9ec039da@group-8E9138349E05-StateMachineUpdater] INFO  raftlog.RaftLog (RaftLogBase.java:lambda$new$0(53)) - 1970bdcd-bd96-4495-88a5-6eaf9ec039da@group-8E9138349E05-SegmentedRaftLog: purgeIndex: updateToMax old=15, new=20, updated? true
2021-09-28 01:15:51,617 [4b364075-9b58-4908-a5b5-f5e156ea742e@group-8E9138349E05-StateMachineUpdater] INFO  safemode.HealthyPipelineSafeModeRule (HealthyPipelineSafeModeRule.java:initializeRule(152)) - Refreshed total pipeline count is 0, healthy pipeline threshold count is 1
2021-09-28 01:15:51,617 [EventQueue-PipelineReportForPipelineReportHandler] INFO  ha.SCMHAInvocationHandler (SCMHAInvocationHandler.java:invokeRatis(113)) - Invoking method public abstract void org.apache.hadoop.hdds.scm.pipeline.StateManager.updatePipelineState(org.apache.hadoop.hdds.protocol.proto.HddsProtos$PipelineID,org.apache.hadoop.hdds.protocol.proto.HddsProtos$PipelineState) throws java.io.IOException on target org.apache.hadoop.hdds.scm.ha.SCMRatisServerImpl@144ecc26, cost 10732.118us
2021-09-28 01:15:51,618 [EventQueue-OpenPipelineForHealthyPipelineSafeModeRule] INFO  safemode.SCMSafeModeManager (HealthyPipelineSafeModeRule.java:process(124)) - SCM in safe mode. Healthy pipelines reported count is 0, required healthy pipeline reported count is 1
2021-09-28 01:15:51,619 [pool-306-thread-1] INFO  server.RaftServerConfigKeys (ConfUtils.java:logGet(44)) - raft.server.snapshot.auto.trigger.enabled = true (custom)
2021-09-28 01:15:51,619 [pool-306-thread-1] INFO  server.RaftServerConfigKeys (ConfUtils.java:logGet(44)) - raft.server.snapshot.auto.trigger.threshold = 10000 (custom)
2021-09-28 01:15:51,619 [pool-306-thread-1] INFO  server.RaftServerConfigKeys (ConfUtils.java:logGet(44)) - raft.server.snapshot.retention.file.num = 5 (custom)
2021-09-28 01:15:51,619 [pool-306-thread-1] INFO  server.RaftServerConfigKeys (ConfUtils.java:logGet(44)) - raft.server.log.purge.upto.snapshot.index = false (default)
2021-09-28 01:15:51,619 [pool-306-thread-1] INFO  server.RaftServerConfigKeys (ConfUtils.java:logGet(44)) - raft.server.retrycache.expirytime = 600000ms (custom)
2021-09-28 01:15:51,619 [pool-306-thread-1] INFO  server.RaftServerConfigKeys (ConfUtils.java:logGet(44)) - raft.server.retrycache.statistics.expirytime = 100μs (default)
2021-09-28 01:15:51,620 [pool-306-thread-1] INFO  server.RaftServer$Division (RaftServerImpl.java:start(296)) - aff66e22-6e70-443d-9eb4-a88275d3a955@group-F550AEE6B5D1: start as a follower, conf=-1: [aff66e22-6e70-443d-9eb4-a88275d3a955|rpc:127.0.0.1:45375|priority:1], old=null
2021-09-28 01:15:51,620 [pool-306-thread-1] INFO  server.RaftServer$Division (RaftServerImpl.java:setRole(285)) - aff66e22-6e70-443d-9eb4-a88275d3a955@group-F550AEE6B5D1: changes role from      null to FOLLOWER at term 0 for startAsFollower
2021-09-28 01:15:51,620 [pool-306-thread-1] INFO  impl.RoleInfo (RoleInfo.java:updateAndGet(130)) - aff66e22-6e70-443d-9eb4-a88275d3a955: start aff66e22-6e70-443d-9eb4-a88275d3a955@group-F550AEE6B5D1-FollowerState
2021-09-28 01:15:51,621 [pool-306-thread-1] INFO  util.JmxRegister (JmxRegister.java:tryRegister(44)) - Successfully registered JMX Bean with object name Ratis:service=RaftServer,group=group-F550AEE6B5D1,id=aff66e22-6e70-443d-9eb4-a88275d3a955
2021-09-28 01:15:51,622 [Command processor thread] INFO  ratis.XceiverServerRatis (XceiverServerRatis.java:addGroup(762)) - Created group PipelineID=e8b8b981-ef12-48e1-a9e6-f550aee6b5d1
2021-09-28 01:15:51,622 [Command processor thread] INFO  commandhandler.CreatePipelineCommandHandler (CreatePipelineCommandHandler.java:handle(106)) - Created Pipeline RATIS ONE PipelineID=e8b8b981-ef12-48e1-a9e6-f550aee6b5d1.
2021-09-28 01:15:51,623 [1970bdcd-bd96-4495-88a5-6eaf9ec039da@group-8E9138349E05-StateMachineUpdater] INFO  safemode.HealthyPipelineSafeModeRule (HealthyPipelineSafeModeRule.java:initializeRule(152)) - Refreshed total pipeline count is 0, healthy pipeline threshold count is 1
2021-09-28 01:15:51,757 [EndpointStateMachine task thread for /127.0.0.1:15967 - 0 ] INFO  ipc.Client (Client.java:handleConnectionFailure(977)) - Retrying connect to server: localhost/127.0.0.1:15967. Already tried 10 time(s); retry policy is RetryUpToMaximumCountWithFixedSleep(maxRetries=15, sleepTime=1000 MILLISECONDS)
2021-09-28 01:15:52,377 [EndpointStateMachine task thread for /127.0.0.1:15957 - 0 ] INFO  ipc.Client (Client.java:handleConnectionFailure(977)) - Retrying connect to server: localhost/127.0.0.1:15957. Already tried 10 time(s); retry policy is RetryUpToMaximumCountWithFixedSleep(maxRetries=15, sleepTime=1000 MILLISECONDS)
2021-09-28 01:15:52,542 [Listener at 127.0.0.1/13700] INFO  ozone.MiniOzoneClusterImpl (MiniOzoneClusterImpl.java:lambda$waitForClusterToBeReady$0(235)) - Nodes are ready. Got 3 of 3 DN Heartbeats.
2021-09-28 01:15:52,542 [Listener at 127.0.0.1/13700] INFO  ozone.MiniOzoneClusterImpl (MiniOzoneClusterImpl.java:lambda$waitForClusterToBeReady$0(238)) - Waiting for cluster to exit safe mode
2021-09-28 01:15:52,542 [Listener at 127.0.0.1/13700] INFO  ozone.MiniOzoneClusterImpl (MiniOzoneClusterImpl.java:lambda$waitForClusterToBeReady$0(240)) - SCM became leader
2021-09-28 01:15:52,542 [EndpointStateMachine task thread for /127.0.0.1:15977 - 0 ] INFO  ipc.Client (Client.java:handleConnectionFailure(977)) - Retrying connect to server: localhost/127.0.0.1:15977. Already tried 11 time(s); retry policy is RetryUpToMaximumCountWithFixedSleep(maxRetries=15, sleepTime=1000 MILLISECONDS)
2021-09-28 01:15:52,758 [EndpointStateMachine task thread for /127.0.0.1:15967 - 0 ] INFO  ipc.Client (Client.java:handleConnectionFailure(977)) - Retrying connect to server: localhost/127.0.0.1:15967. Already tried 11 time(s); retry policy is RetryUpToMaximumCountWithFixedSleep(maxRetries=15, sleepTime=1000 MILLISECONDS)
2021-09-28 01:15:53,378 [EndpointStateMachine task thread for /127.0.0.1:15957 - 0 ] INFO  ipc.Client (Client.java:handleConnectionFailure(977)) - Retrying connect to server: localhost/127.0.0.1:15957. Already tried 11 time(s); retry policy is RetryUpToMaximumCountWithFixedSleep(maxRetries=15, sleepTime=1000 MILLISECONDS)
2021-09-28 01:15:53,543 [Listener at 127.0.0.1/13700] INFO  ozone.MiniOzoneClusterImpl (MiniOzoneClusterImpl.java:lambda$waitForClusterToBeReady$0(235)) - Nodes are ready. Got 3 of 3 DN Heartbeats.
2021-09-28 01:15:53,543 [Listener at 127.0.0.1/13700] INFO  ozone.MiniOzoneClusterImpl (MiniOzoneClusterImpl.java:lambda$waitForClusterToBeReady$0(238)) - Waiting for cluster to exit safe mode
2021-09-28 01:15:53,543 [Listener at 127.0.0.1/13700] INFO  ozone.MiniOzoneClusterImpl (MiniOzoneClusterImpl.java:lambda$waitForClusterToBeReady$0(240)) - SCM became leader
2021-09-28 01:15:53,543 [EndpointStateMachine task thread for /127.0.0.1:15977 - 0 ] INFO  ipc.Client (Client.java:handleConnectionFailure(977)) - Retrying connect to server: localhost/127.0.0.1:15977. Already tried 12 time(s); retry policy is RetryUpToMaximumCountWithFixedSleep(maxRetries=15, sleepTime=1000 MILLISECONDS)
2021-09-28 01:15:53,606 [Datanode State Machine Thread - 0] ERROR datanode.RunningDatanodeState (RunningDatanodeState.java:computeNextContainerState(199)) - Error in executing end point task.
java.util.concurrent.ExecutionException: java.util.concurrent.TimeoutException
	at java.util.concurrent.FutureTask.report(FutureTask.java:122)
	at java.util.concurrent.FutureTask.get(FutureTask.java:192)
	at org.apache.hadoop.ozone.container.common.states.datanode.RunningDatanodeState.computeNextContainerState(RunningDatanodeState.java:191)
	at org.apache.hadoop.ozone.container.common.states.datanode.RunningDatanodeState.await(RunningDatanodeState.java:231)
	at org.apache.hadoop.ozone.container.common.states.datanode.RunningDatanodeState.await(RunningDatanodeState.java:50)
	at org.apache.hadoop.ozone.container.common.statemachine.StateContext.execute(StateContext.java:629)
	at org.apache.hadoop.ozone.container.common.statemachine.DatanodeStateMachine.start(DatanodeStateMachine.java:270)
	at org.apache.hadoop.ozone.container.common.statemachine.DatanodeStateMachine.lambda$startDaemon$0(DatanodeStateMachine.java:457)
	at java.lang.Thread.run(Thread.java:748)
Caused by: java.util.concurrent.TimeoutException
	at java.util.concurrent.FutureTask.get(FutureTask.java:205)
	at org.apache.hadoop.ozone.container.common.states.datanode.RunningDatanodeState.lambda$execute$0(RunningDatanodeState.java:149)
	at java.util.concurrent.FutureTask.run(FutureTask.java:266)
	at java.util.concurrent.Executors$RunnableAdapter.call(Executors.java:511)
	at java.util.concurrent.FutureTask.run(FutureTask.java:266)
	at java.util.concurrent.ThreadPoolExecutor.runWorker(ThreadPoolExecutor.java:1149)
	at java.util.concurrent.ThreadPoolExecutor$Worker.run(ThreadPoolExecutor.java:624)
	... 1 more
2021-09-28 01:15:53,759 [EndpointStateMachine task thread for /127.0.0.1:15967 - 0 ] INFO  ipc.Client (Client.java:handleConnectionFailure(977)) - Retrying connect to server: localhost/127.0.0.1:15967. Already tried 12 time(s); retry policy is RetryUpToMaximumCountWithFixedSleep(maxRetries=15, sleepTime=1000 MILLISECONDS)
2021-09-28 01:15:53,833 [Datanode State Machine Thread - 0] ERROR datanode.RunningDatanodeState (RunningDatanodeState.java:computeNextContainerState(199)) - Error in executing end point task.
java.util.concurrent.ExecutionException: java.util.concurrent.TimeoutException
	at java.util.concurrent.FutureTask.report(FutureTask.java:122)
	at java.util.concurrent.FutureTask.get(FutureTask.java:192)
	at org.apache.hadoop.ozone.container.common.states.datanode.RunningDatanodeState.computeNextContainerState(RunningDatanodeState.java:191)
	at org.apache.hadoop.ozone.container.common.states.datanode.RunningDatanodeState.await(RunningDatanodeState.java:231)
	at org.apache.hadoop.ozone.container.common.states.datanode.RunningDatanodeState.await(RunningDatanodeState.java:50)
	at org.apache.hadoop.ozone.container.common.statemachine.StateContext.execute(StateContext.java:629)
	at org.apache.hadoop.ozone.container.common.statemachine.DatanodeStateMachine.start(DatanodeStateMachine.java:270)
	at org.apache.hadoop.ozone.container.common.statemachine.DatanodeStateMachine.lambda$startDaemon$0(DatanodeStateMachine.java:457)
	at java.lang.Thread.run(Thread.java:748)
Caused by: java.util.concurrent.TimeoutException
	at java.util.concurrent.FutureTask.get(FutureTask.java:205)
	at org.apache.hadoop.ozone.container.common.states.datanode.RunningDatanodeState.lambda$execute$0(RunningDatanodeState.java:149)
	at java.util.concurrent.FutureTask.run(FutureTask.java:266)
	at java.util.concurrent.Executors$RunnableAdapter.call(Executors.java:511)
	at java.util.concurrent.FutureTask.run(FutureTask.java:266)
	at java.util.concurrent.ThreadPoolExecutor.runWorker(ThreadPoolExecutor.java:1149)
	at java.util.concurrent.ThreadPoolExecutor$Worker.run(ThreadPoolExecutor.java:624)
	... 1 more
2021-09-28 01:15:54,379 [EndpointStateMachine task thread for /127.0.0.1:15957 - 0 ] INFO  ipc.Client (Client.java:handleConnectionFailure(977)) - Retrying connect to server: localhost/127.0.0.1:15957. Already tried 12 time(s); retry policy is RetryUpToMaximumCountWithFixedSleep(maxRetries=15, sleepTime=1000 MILLISECONDS)
2021-09-28 01:15:54,546 [EndpointStateMachine task thread for /127.0.0.1:15977 - 0 ] INFO  ipc.Client (Client.java:handleConnectionFailure(977)) - Retrying connect to server: localhost/127.0.0.1:15977. Already tried 13 time(s); retry policy is RetryUpToMaximumCountWithFixedSleep(maxRetries=15, sleepTime=1000 MILLISECONDS)
2021-09-28 01:15:54,546 [Listener at 127.0.0.1/13700] INFO  ozone.MiniOzoneClusterImpl (MiniOzoneClusterImpl.java:lambda$waitForClusterToBeReady$0(235)) - Nodes are ready. Got 3 of 3 DN Heartbeats.
2021-09-28 01:15:54,547 [Listener at 127.0.0.1/13700] INFO  ozone.MiniOzoneClusterImpl (MiniOzoneClusterImpl.java:lambda$waitForClusterToBeReady$0(238)) - Waiting for cluster to exit safe mode
2021-09-28 01:15:54,547 [Listener at 127.0.0.1/13700] INFO  ozone.MiniOzoneClusterImpl (MiniOzoneClusterImpl.java:lambda$waitForClusterToBeReady$0(240)) - SCM became leader
2021-09-28 01:15:54,613 [Datanode State Machine Thread - 0] ERROR datanode.RunningDatanodeState (RunningDatanodeState.java:computeNextContainerState(199)) - Error in executing end point task.
java.util.concurrent.ExecutionException: java.util.concurrent.TimeoutException
	at java.util.concurrent.FutureTask.report(FutureTask.java:122)
	at java.util.concurrent.FutureTask.get(FutureTask.java:192)
	at org.apache.hadoop.ozone.container.common.states.datanode.RunningDatanodeState.computeNextContainerState(RunningDatanodeState.java:191)
	at org.apache.hadoop.ozone.container.common.states.datanode.RunningDatanodeState.await(RunningDatanodeState.java:231)
	at org.apache.hadoop.ozone.container.common.states.datanode.RunningDatanodeState.await(RunningDatanodeState.java:50)
	at org.apache.hadoop.ozone.container.common.statemachine.StateContext.execute(StateContext.java:629)
	at org.apache.hadoop.ozone.container.common.statemachine.DatanodeStateMachine.start(DatanodeStateMachine.java:270)
	at org.apache.hadoop.ozone.container.common.statemachine.DatanodeStateMachine.lambda$startDaemon$0(DatanodeStateMachine.java:457)
	at java.lang.Thread.run(Thread.java:748)
Caused by: java.util.concurrent.TimeoutException
	at java.util.concurrent.FutureTask.get(FutureTask.java:205)
	at org.apache.hadoop.ozone.container.common.states.datanode.RunningDatanodeState.lambda$execute$0(RunningDatanodeState.java:149)
	at java.util.concurrent.FutureTask.run(FutureTask.java:266)
	at java.util.concurrent.Executors$RunnableAdapter.call(Executors.java:511)
	at java.util.concurrent.FutureTask.run(FutureTask.java:266)
	at java.util.concurrent.ThreadPoolExecutor.runWorker(ThreadPoolExecutor.java:1149)
	at java.util.concurrent.ThreadPoolExecutor$Worker.run(ThreadPoolExecutor.java:624)
	... 1 more
2021-09-28 01:15:54,759 [EndpointStateMachine task thread for /127.0.0.1:15967 - 0 ] INFO  ipc.Client (Client.java:handleConnectionFailure(977)) - Retrying connect to server: localhost/127.0.0.1:15967. Already tried 13 time(s); retry policy is RetryUpToMaximumCountWithFixedSleep(maxRetries=15, sleepTime=1000 MILLISECONDS)
2021-09-28 01:15:54,848 [Datanode State Machine Thread - 0] ERROR datanode.RunningDatanodeState (RunningDatanodeState.java:computeNextContainerState(199)) - Error in executing end point task.
java.util.concurrent.ExecutionException: java.util.concurrent.TimeoutException
	at java.util.concurrent.FutureTask.report(FutureTask.java:122)
	at java.util.concurrent.FutureTask.get(FutureTask.java:192)
	at org.apache.hadoop.ozone.container.common.states.datanode.RunningDatanodeState.computeNextContainerState(RunningDatanodeState.java:191)
	at org.apache.hadoop.ozone.container.common.states.datanode.RunningDatanodeState.await(RunningDatanodeState.java:231)
	at org.apache.hadoop.ozone.container.common.states.datanode.RunningDatanodeState.await(RunningDatanodeState.java:50)
	at org.apache.hadoop.ozone.container.common.statemachine.StateContext.execute(StateContext.java:629)
	at org.apache.hadoop.ozone.container.common.statemachine.DatanodeStateMachine.start(DatanodeStateMachine.java:270)
	at org.apache.hadoop.ozone.container.common.statemachine.DatanodeStateMachine.lambda$startDaemon$0(DatanodeStateMachine.java:457)
	at java.lang.Thread.run(Thread.java:748)
Caused by: java.util.concurrent.TimeoutException
	at java.util.concurrent.FutureTask.get(FutureTask.java:205)
	at org.apache.hadoop.ozone.container.common.states.datanode.RunningDatanodeState.lambda$execute$0(RunningDatanodeState.java:149)
	at java.util.concurrent.FutureTask.run(FutureTask.java:266)
	at java.util.concurrent.Executors$RunnableAdapter.call(Executors.java:511)
	at java.util.concurrent.FutureTask.run(FutureTask.java:266)
	at java.util.concurrent.ThreadPoolExecutor.runWorker(ThreadPoolExecutor.java:1149)
	at java.util.concurrent.ThreadPoolExecutor$Worker.run(ThreadPoolExecutor.java:624)
	... 1 more
2021-09-28 01:15:55,379 [EndpointStateMachine task thread for /127.0.0.1:15957 - 0 ] INFO  ipc.Client (Client.java:handleConnectionFailure(977)) - Retrying connect to server: localhost/127.0.0.1:15957. Already tried 13 time(s); retry policy is RetryUpToMaximumCountWithFixedSleep(maxRetries=15, sleepTime=1000 MILLISECONDS)
2021-09-28 01:15:55,546 [EndpointStateMachine task thread for /127.0.0.1:15977 - 0 ] INFO  ipc.Client (Client.java:handleConnectionFailure(977)) - Retrying connect to server: localhost/127.0.0.1:15977. Already tried 14 time(s); retry policy is RetryUpToMaximumCountWithFixedSleep(maxRetries=15, sleepTime=1000 MILLISECONDS)
2021-09-28 01:15:55,547 [Listener at 127.0.0.1/13700] INFO  ozone.MiniOzoneClusterImpl (MiniOzoneClusterImpl.java:lambda$waitForClusterToBeReady$0(235)) - Nodes are ready. Got 3 of 3 DN Heartbeats.
2021-09-28 01:15:55,548 [Listener at 127.0.0.1/13700] INFO  ozone.MiniOzoneClusterImpl (MiniOzoneClusterImpl.java:lambda$waitForClusterToBeReady$0(238)) - Waiting for cluster to exit safe mode
2021-09-28 01:15:55,548 [Listener at 127.0.0.1/13700] INFO  ozone.MiniOzoneClusterImpl (MiniOzoneClusterImpl.java:lambda$waitForClusterToBeReady$0(240)) - SCM became leader
2021-09-28 01:15:55,688 [a68edfa1-dc1a-41e9-a365-15c521233673@group-2D885C1E68F8-FollowerState] INFO  impl.FollowerState (FollowerState.java:run(134)) - a68edfa1-dc1a-41e9-a365-15c521233673@group-2D885C1E68F8-FollowerState: change to CANDIDATE, lastRpcElapsedTime:5036225973ns, electionTimeout:5026ms
2021-09-28 01:15:55,688 [a68edfa1-dc1a-41e9-a365-15c521233673@group-2D885C1E68F8-FollowerState] INFO  impl.RoleInfo (RoleInfo.java:shutdownFollowerState(108)) - a68edfa1-dc1a-41e9-a365-15c521233673: shutdown a68edfa1-dc1a-41e9-a365-15c521233673@group-2D885C1E68F8-FollowerState
2021-09-28 01:15:55,688 [a68edfa1-dc1a-41e9-a365-15c521233673@group-2D885C1E68F8-FollowerState] INFO  server.RaftServer$Division (RaftServerImpl.java:setRole(285)) - a68edfa1-dc1a-41e9-a365-15c521233673@group-2D885C1E68F8: changes role from  FOLLOWER to CANDIDATE at term 0 for changeToCandidate
2021-09-28 01:15:55,689 [a68edfa1-dc1a-41e9-a365-15c521233673@group-2D885C1E68F8-FollowerState] INFO  server.RaftServerConfigKeys (ConfUtils.java:logGet(44)) - raft.server.leaderelection.pre-vote = false (custom)
2021-09-28 01:15:55,689 [a68edfa1-dc1a-41e9-a365-15c521233673@group-2D885C1E68F8-FollowerState] INFO  impl.RoleInfo (RoleInfo.java:updateAndGet(130)) - a68edfa1-dc1a-41e9-a365-15c521233673: start a68edfa1-dc1a-41e9-a365-15c521233673@group-2D885C1E68F8-LeaderElection14
2021-09-28 01:15:55,721 [a68edfa1-dc1a-41e9-a365-15c521233673@group-B741A2237F14-FollowerState] INFO  impl.FollowerState (FollowerState.java:run(134)) - a68edfa1-dc1a-41e9-a365-15c521233673@group-B741A2237F14-FollowerState: change to CANDIDATE, lastRpcElapsedTime:5147982462ns, electionTimeout:5125ms
2021-09-28 01:15:55,721 [a68edfa1-dc1a-41e9-a365-15c521233673@group-B741A2237F14-FollowerState] INFO  impl.RoleInfo (RoleInfo.java:shutdownFollowerState(108)) - a68edfa1-dc1a-41e9-a365-15c521233673: shutdown a68edfa1-dc1a-41e9-a365-15c521233673@group-B741A2237F14-FollowerState
2021-09-28 01:15:55,722 [a68edfa1-dc1a-41e9-a365-15c521233673@group-B741A2237F14-FollowerState] INFO  server.RaftServer$Division (RaftServerImpl.java:setRole(285)) - a68edfa1-dc1a-41e9-a365-15c521233673@group-B741A2237F14: changes role from  FOLLOWER to CANDIDATE at term 0 for changeToCandidate
2021-09-28 01:15:55,722 [a68edfa1-dc1a-41e9-a365-15c521233673@group-B741A2237F14-FollowerState] INFO  server.RaftServerConfigKeys (ConfUtils.java:logGet(44)) - raft.server.leaderelection.pre-vote = false (custom)
2021-09-28 01:15:55,722 [a68edfa1-dc1a-41e9-a365-15c521233673@group-B741A2237F14-FollowerState] INFO  impl.RoleInfo (RoleInfo.java:updateAndGet(130)) - a68edfa1-dc1a-41e9-a365-15c521233673: start a68edfa1-dc1a-41e9-a365-15c521233673@group-B741A2237F14-LeaderElection15
2021-09-28 01:15:55,736 [a68edfa1-dc1a-41e9-a365-15c521233673@group-2D885C1E68F8-LeaderElection14] INFO  impl.LeaderElection (LeaderElection.java:askForVotes(306)) - a68edfa1-dc1a-41e9-a365-15c521233673@group-2D885C1E68F8-LeaderElection14 ELECTION round 0: submit vote requests at term 1 for -1: [a68edfa1-dc1a-41e9-a365-15c521233673|rpc:127.0.0.1:40889|priority:0, 682f795c-fd6e-4513-96f4-ff699a8baeca|rpc:127.0.0.1:41003|priority:1, aff66e22-6e70-443d-9eb4-a88275d3a955|rpc:127.0.0.1:45375|priority:0], old=null
2021-09-28 01:15:55,741 [a68edfa1-dc1a-41e9-a365-15c521233673@group-B741A2237F14-LeaderElection15] INFO  impl.LeaderElection (LeaderElection.java:askForVotes(306)) - a68edfa1-dc1a-41e9-a365-15c521233673@group-B741A2237F14-LeaderElection15 ELECTION round 0: submit vote requests at term 1 for -1: [a68edfa1-dc1a-41e9-a365-15c521233673|rpc:127.0.0.1:40889|priority:1], old=null
2021-09-28 01:15:55,741 [a68edfa1-dc1a-41e9-a365-15c521233673@group-B741A2237F14-LeaderElection15] INFO  impl.LeaderElection (LeaderElection.java:askForVotes(308)) - a68edfa1-dc1a-41e9-a365-15c521233673@group-B741A2237F14-LeaderElection15 ELECTION round 0: result PASSED (term=1)
2021-09-28 01:15:55,741 [a68edfa1-dc1a-41e9-a365-15c521233673@group-B741A2237F14-LeaderElection15] INFO  impl.RoleInfo (RoleInfo.java:shutdownLeaderElection(121)) - a68edfa1-dc1a-41e9-a365-15c521233673: shutdown a68edfa1-dc1a-41e9-a365-15c521233673@group-B741A2237F14-LeaderElection15
2021-09-28 01:15:55,741 [a68edfa1-dc1a-41e9-a365-15c521233673@group-B741A2237F14-LeaderElection15] INFO  server.RaftServer$Division (RaftServerImpl.java:setRole(285)) - a68edfa1-dc1a-41e9-a365-15c521233673@group-B741A2237F14: changes role from CANDIDATE to LEADER at term 1 for changeToLeader
2021-09-28 01:15:55,746 [a68edfa1-dc1a-41e9-a365-15c521233673@group-B741A2237F14-LeaderElection15] INFO  ratis.XceiverServerRatis (XceiverServerRatis.java:handleLeaderChangedNotification(860)) - Leader change notification received for group: group-B741A2237F14 with new leaderId: a68edfa1-dc1a-41e9-a365-15c521233673
2021-09-28 01:15:55,760 [EndpointStateMachine task thread for /127.0.0.1:15967 - 0 ] INFO  ipc.Client (Client.java:handleConnectionFailure(977)) - Retrying connect to server: localhost/127.0.0.1:15967. Already tried 14 time(s); retry policy is RetryUpToMaximumCountWithFixedSleep(maxRetries=15, sleepTime=1000 MILLISECONDS)
2021-09-28 01:15:55,761 [a68edfa1-dc1a-41e9-a365-15c521233673@group-B741A2237F14-LeaderElection15] INFO  server.RaftServer$Division (ServerState.java:setLeader(285)) - a68edfa1-dc1a-41e9-a365-15c521233673@group-B741A2237F14: change Leader from null to a68edfa1-dc1a-41e9-a365-15c521233673 at term 1 for becomeLeader, leader elected after 5203ms
2021-09-28 01:15:55,761 [a68edfa1-dc1a-41e9-a365-15c521233673@group-B741A2237F14-LeaderElection15] INFO  server.RaftServerConfigKeys (ConfUtils.java:logGet(44)) - raft.server.staging.catchup.gap = 1000 (default)
2021-09-28 01:15:55,761 [a68edfa1-dc1a-41e9-a365-15c521233673@group-B741A2237F14-LeaderElection15] INFO  server.RaftServerConfigKeys (ConfUtils.java:logGet(44)) - raft.server.write.element-limit = 1024 (custom)
2021-09-28 01:15:55,761 [a68edfa1-dc1a-41e9-a365-15c521233673@group-B741A2237F14-LeaderElection15] INFO  server.RaftServerConfigKeys (ConfUtils.java:logGet(44)) - raft.server.write.byte-limit = 1024 M (=1073741824) (custom)
2021-09-28 01:15:55,762 [a68edfa1-dc1a-41e9-a365-15c521233673@group-B741A2237F14-LeaderElection15] INFO  server.RaftServerConfigKeys (ConfUtils.java:logGet(44)) - raft.server.watch.timeout = 180s (custom)
2021-09-28 01:15:55,762 [a68edfa1-dc1a-41e9-a365-15c521233673@group-B741A2237F14-LeaderElection15] INFO  server.RaftServerConfigKeys (ConfUtils.java:logGet(44)) - raft.server.watch.timeout.denomination = 1s (default)
2021-09-28 01:15:55,762 [a68edfa1-dc1a-41e9-a365-15c521233673@group-B741A2237F14-LeaderElection15] INFO  server.RaftServerConfigKeys (ConfUtils.java:logGet(44)) - raft.server.watch.element-limit = 65536 (default)
2021-09-28 01:15:55,762 [a68edfa1-dc1a-41e9-a365-15c521233673@group-B741A2237F14-LeaderElection15] INFO  impl.RoleInfo (RoleInfo.java:updateAndGet(130)) - a68edfa1-dc1a-41e9-a365-15c521233673: start a68edfa1-dc1a-41e9-a365-15c521233673@group-B741A2237F14-LeaderStateImpl
2021-09-28 01:15:55,762 [a68edfa1-dc1a-41e9-a365-15c521233673@group-B741A2237F14-LeaderElection15] INFO  segmented.SegmentedRaftLogWorker (SegmentedRaftLogWorker.java:startLogSegment(394)) - a68edfa1-dc1a-41e9-a365-15c521233673@group-B741A2237F14-SegmentedRaftLogWorker: Starting segment from index:0
2021-09-28 01:15:55,765 [EventQueue-OpenPipelineForHealthyPipelineSafeModeRule] INFO  safemode.SCMSafeModeManager (HealthyPipelineSafeModeRule.java:process(124)) - SCM in safe mode. Healthy pipelines reported count is 0, required healthy pipeline reported count is 1
2021-09-28 01:15:55,765 [EventQueue-OpenPipelineForHealthyPipelineSafeModeRule] INFO  safemode.SCMSafeModeManager (HealthyPipelineSafeModeRule.java:process(124)) - SCM in safe mode. Healthy pipelines reported count is 0, required healthy pipeline reported count is 1
2021-09-28 01:15:55,766 [a68edfa1-dc1a-41e9-a365-15c521233673@group-B741A2237F14-SegmentedRaftLogWorker] INFO  segmented.SegmentedRaftLogWorker (SegmentedRaftLogWorker.java:execute(601)) - a68edfa1-dc1a-41e9-a365-15c521233673@group-B741A2237F14-SegmentedRaftLogWorker: created new log segment /home/runner/work/ozone/ozone/hadoop-ozone/integration-test/target/test-dir/MiniOzoneClusterImpl-4882f729-1751-4fe5-a7fb-8e9138349e05/datanode-0/data/ratis/2a578fb3-1c0d-4b94-8d03-b741a2237f14/current/log_inprogress_0
2021-09-28 01:15:55,768 [grpc-default-executor-1] INFO  server.RaftServer$Division (RaftServerImpl.java:requestVote(1043)) - 682f795c-fd6e-4513-96f4-ff699a8baeca@group-2D885C1E68F8: receive requestVote(ELECTION, a68edfa1-dc1a-41e9-a365-15c521233673, group-2D885C1E68F8, 1, (t:0, i:0))
2021-09-28 01:15:55,768 [grpc-default-executor-1] INFO  impl.VoteContext (VoteContext.java:log(48)) - 682f795c-fd6e-4513-96f4-ff699a8baeca@group-2D885C1E68F8-FOLLOWER: reject ELECTION from a68edfa1-dc1a-41e9-a365-15c521233673: our priority 1 > candidate's priority 0
2021-09-28 01:15:55,768 [grpc-default-executor-1] INFO  server.RaftServer$Division (RaftServerImpl.java:setRole(285)) - 682f795c-fd6e-4513-96f4-ff699a8baeca@group-2D885C1E68F8: changes role from  FOLLOWER to FOLLOWER at term 1 for candidate:a68edfa1-dc1a-41e9-a365-15c521233673
2021-09-28 01:15:55,768 [grpc-default-executor-1] INFO  impl.RoleInfo (RoleInfo.java:shutdownFollowerState(108)) - 682f795c-fd6e-4513-96f4-ff699a8baeca: shutdown 682f795c-fd6e-4513-96f4-ff699a8baeca@group-2D885C1E68F8-FollowerState
2021-09-28 01:15:55,776 [682f795c-fd6e-4513-96f4-ff699a8baeca@group-2D885C1E68F8-FollowerState] INFO  impl.FollowerState (FollowerState.java:run(143)) - 682f795c-fd6e-4513-96f4-ff699a8baeca@group-2D885C1E68F8-FollowerState was interrupted: {}
java.lang.InterruptedException: sleep interrupted
	at java.lang.Thread.sleep(Native Method)
	at java.lang.Thread.sleep(Thread.java:340)
	at java.util.concurrent.TimeUnit.sleep(TimeUnit.java:386)
	at org.apache.ratis.util.TimeDuration.sleep(TimeDuration.java:324)
	at org.apache.ratis.util.TimeDuration.sleep(TimeDuration.java:309)
	at org.apache.ratis.server.impl.FollowerState.run(FollowerState.java:118)
2021-09-28 01:15:55,778 [a68edfa1-dc1a-41e9-a365-15c521233673@group-B741A2237F14-LeaderElection15] INFO  server.RaftServer$Division (ServerState.java:setRaftConf(387)) - a68edfa1-dc1a-41e9-a365-15c521233673@group-B741A2237F14: set configuration 0: [a68edfa1-dc1a-41e9-a365-15c521233673|rpc:127.0.0.1:40889|dataStream:|priority:1], old=null
2021-09-28 01:15:55,776 [grpc-default-executor-1] INFO  impl.RoleInfo (RoleInfo.java:updateAndGet(130)) - 682f795c-fd6e-4513-96f4-ff699a8baeca: start 682f795c-fd6e-4513-96f4-ff699a8baeca@group-2D885C1E68F8-FollowerState
2021-09-28 01:15:55,799 [grpc-default-executor-2] INFO  server.RaftServer$Division (RaftServerImpl.java:requestVote(1043)) - aff66e22-6e70-443d-9eb4-a88275d3a955@group-2D885C1E68F8: receive requestVote(ELECTION, a68edfa1-dc1a-41e9-a365-15c521233673, group-2D885C1E68F8, 1, (t:0, i:0))
2021-09-28 01:15:55,800 [grpc-default-executor-2] INFO  impl.VoteContext (VoteContext.java:log(48)) - aff66e22-6e70-443d-9eb4-a88275d3a955@group-2D885C1E68F8-FOLLOWER: accept ELECTION from a68edfa1-dc1a-41e9-a365-15c521233673: our priority 0 <= candidate's priority 0
2021-09-28 01:15:55,800 [grpc-default-executor-2] INFO  server.RaftServer$Division (RaftServerImpl.java:setRole(285)) - aff66e22-6e70-443d-9eb4-a88275d3a955@group-2D885C1E68F8: changes role from  FOLLOWER to FOLLOWER at term 1 for candidate:a68edfa1-dc1a-41e9-a365-15c521233673
2021-09-28 01:15:55,800 [grpc-default-executor-2] INFO  impl.RoleInfo (RoleInfo.java:shutdownFollowerState(108)) - aff66e22-6e70-443d-9eb4-a88275d3a955: shutdown aff66e22-6e70-443d-9eb4-a88275d3a955@group-2D885C1E68F8-FollowerState
2021-09-28 01:15:55,800 [aff66e22-6e70-443d-9eb4-a88275d3a955@group-2D885C1E68F8-FollowerState] INFO  impl.FollowerState (FollowerState.java:run(143)) - aff66e22-6e70-443d-9eb4-a88275d3a955@group-2D885C1E68F8-FollowerState was interrupted: {}
java.lang.InterruptedException: sleep interrupted
	at java.lang.Thread.sleep(Native Method)
	at java.lang.Thread.sleep(Thread.java:340)
	at java.util.concurrent.TimeUnit.sleep(TimeUnit.java:386)
	at org.apache.ratis.util.TimeDuration.sleep(TimeDuration.java:324)
	at org.apache.ratis.util.TimeDuration.sleep(TimeDuration.java:309)
	at org.apache.ratis.server.impl.FollowerState.run(FollowerState.java:118)
2021-09-28 01:15:55,800 [grpc-default-executor-2] INFO  impl.RoleInfo (RoleInfo.java:updateAndGet(130)) - aff66e22-6e70-443d-9eb4-a88275d3a955: start aff66e22-6e70-443d-9eb4-a88275d3a955@group-2D885C1E68F8-FollowerState
2021-09-28 01:15:55,816 [grpc-default-executor-1] INFO  server.RaftServer$Division (RaftServerImpl.java:requestVote(1075)) - 682f795c-fd6e-4513-96f4-ff699a8baeca@group-2D885C1E68F8 replies to ELECTION vote request: a68edfa1-dc1a-41e9-a365-15c521233673<-682f795c-fd6e-4513-96f4-ff699a8baeca#0:FAIL-t1. Peer's state: 682f795c-fd6e-4513-96f4-ff699a8baeca@group-2D885C1E68F8:t1, leader=null, voted=null, raftlog=682f795c-fd6e-4513-96f4-ff699a8baeca@group-2D885C1E68F8-SegmentedRaftLog:OPENED:c-1,f-1,i0, conf=-1: [a68edfa1-dc1a-41e9-a365-15c521233673|rpc:127.0.0.1:40889|dataStream:|priority:0, 682f795c-fd6e-4513-96f4-ff699a8baeca|rpc:127.0.0.1:41003|dataStream:|priority:1, aff66e22-6e70-443d-9eb4-a88275d3a955|rpc:127.0.0.1:45375|dataStream:|priority:0], old=null
2021-09-28 01:15:55,819 [grpc-default-executor-2] INFO  server.RaftServer$Division (RaftServerImpl.java:requestVote(1075)) - aff66e22-6e70-443d-9eb4-a88275d3a955@group-2D885C1E68F8 replies to ELECTION vote request: a68edfa1-dc1a-41e9-a365-15c521233673<-aff66e22-6e70-443d-9eb4-a88275d3a955#0:OK-t1. Peer's state: aff66e22-6e70-443d-9eb4-a88275d3a955@group-2D885C1E68F8:t1, leader=null, voted=a68edfa1-dc1a-41e9-a365-15c521233673, raftlog=aff66e22-6e70-443d-9eb4-a88275d3a955@group-2D885C1E68F8-SegmentedRaftLog:OPENED:c-1,f-1,i0, conf=-1: [a68edfa1-dc1a-41e9-a365-15c521233673|rpc:127.0.0.1:40889|dataStream:|priority:0, 682f795c-fd6e-4513-96f4-ff699a8baeca|rpc:127.0.0.1:41003|dataStream:|priority:1, aff66e22-6e70-443d-9eb4-a88275d3a955|rpc:127.0.0.1:45375|dataStream:|priority:0], old=null
2021-09-28 01:15:55,826 [a68edfa1-dc1a-41e9-a365-15c521233673@group-2D885C1E68F8-LeaderElection14] INFO  impl.LeaderElection (LeaderElection.java:logAndReturn(89)) - a68edfa1-dc1a-41e9-a365-15c521233673@group-2D885C1E68F8-LeaderElection14: ELECTION REJECTED received 1 response(s) and 0 exception(s):
2021-09-28 01:15:55,826 [a68edfa1-dc1a-41e9-a365-15c521233673@group-2D885C1E68F8-LeaderElection14] INFO  impl.LeaderElection (LeaderElection.java:logAndReturn(93)) -   Response 0: a68edfa1-dc1a-41e9-a365-15c521233673<-682f795c-fd6e-4513-96f4-ff699a8baeca#0:FAIL-t1
2021-09-28 01:15:55,826 [a68edfa1-dc1a-41e9-a365-15c521233673@group-2D885C1E68F8-LeaderElection14] INFO  impl.LeaderElection (LeaderElection.java:askForVotes(308)) - a68edfa1-dc1a-41e9-a365-15c521233673@group-2D885C1E68F8-LeaderElection14 ELECTION round 0: result REJECTED
2021-09-28 01:15:55,826 [a68edfa1-dc1a-41e9-a365-15c521233673@group-2D885C1E68F8-LeaderElection14] INFO  server.RaftServer$Division (RaftServerImpl.java:setRole(285)) - a68edfa1-dc1a-41e9-a365-15c521233673@group-2D885C1E68F8: changes role from CANDIDATE to FOLLOWER at term 1 for REJECTED
2021-09-28 01:15:55,826 [a68edfa1-dc1a-41e9-a365-15c521233673@group-2D885C1E68F8-LeaderElection14] INFO  impl.RoleInfo (RoleInfo.java:shutdownLeaderElection(121)) - a68edfa1-dc1a-41e9-a365-15c521233673: shutdown a68edfa1-dc1a-41e9-a365-15c521233673@group-2D885C1E68F8-LeaderElection14
2021-09-28 01:15:55,826 [a68edfa1-dc1a-41e9-a365-15c521233673@group-2D885C1E68F8-LeaderElection14] INFO  impl.RoleInfo (RoleInfo.java:updateAndGet(130)) - a68edfa1-dc1a-41e9-a365-15c521233673: start a68edfa1-dc1a-41e9-a365-15c521233673@group-2D885C1E68F8-FollowerState
2021-09-28 01:15:55,911 [a68edfa1-dc1a-41e9-a365-15c521233673@group-0C6976726A89-FollowerState] INFO  impl.FollowerState (FollowerState.java:run(134)) - a68edfa1-dc1a-41e9-a365-15c521233673@group-0C6976726A89-FollowerState: change to CANDIDATE, lastRpcElapsedTime:5066599124ns, electionTimeout:5059ms
2021-09-28 01:15:55,911 [a68edfa1-dc1a-41e9-a365-15c521233673@group-0C6976726A89-FollowerState] INFO  impl.RoleInfo (RoleInfo.java:shutdownFollowerState(108)) - a68edfa1-dc1a-41e9-a365-15c521233673: shutdown a68edfa1-dc1a-41e9-a365-15c521233673@group-0C6976726A89-FollowerState
2021-09-28 01:15:55,911 [a68edfa1-dc1a-41e9-a365-15c521233673@group-0C6976726A89-FollowerState] INFO  server.RaftServer$Division (RaftServerImpl.java:setRole(285)) - a68edfa1-dc1a-41e9-a365-15c521233673@group-0C6976726A89: changes role from  FOLLOWER to CANDIDATE at term 0 for changeToCandidate
2021-09-28 01:15:55,911 [a68edfa1-dc1a-41e9-a365-15c521233673@group-0C6976726A89-FollowerState] INFO  server.RaftServerConfigKeys (ConfUtils.java:logGet(44)) - raft.server.leaderelection.pre-vote = false (custom)
2021-09-28 01:15:55,911 [a68edfa1-dc1a-41e9-a365-15c521233673@group-0C6976726A89-FollowerState] INFO  impl.RoleInfo (RoleInfo.java:updateAndGet(130)) - a68edfa1-dc1a-41e9-a365-15c521233673: start a68edfa1-dc1a-41e9-a365-15c521233673@group-0C6976726A89-LeaderElection16
2021-09-28 01:15:55,922 [a68edfa1-dc1a-41e9-a365-15c521233673@group-0C6976726A89-LeaderElection16] INFO  impl.LeaderElection (LeaderElection.java:askForVotes(306)) - a68edfa1-dc1a-41e9-a365-15c521233673@group-0C6976726A89-LeaderElection16 ELECTION round 0: submit vote requests at term 1 for -1: [a68edfa1-dc1a-41e9-a365-15c521233673|rpc:127.0.0.1:40889|priority:0, 682f795c-fd6e-4513-96f4-ff699a8baeca|rpc:127.0.0.1:41003|priority:0, aff66e22-6e70-443d-9eb4-a88275d3a955|rpc:127.0.0.1:45375|priority:1], old=null
2021-09-28 01:15:55,925 [grpc-default-executor-1] INFO  server.RaftServer$Division (RaftServerImpl.java:requestVote(1043)) - 682f795c-fd6e-4513-96f4-ff699a8baeca@group-0C6976726A89: receive requestVote(ELECTION, a68edfa1-dc1a-41e9-a365-15c521233673, group-0C6976726A89, 1, (t:0, i:0))
2021-09-28 01:15:55,925 [grpc-default-executor-1] INFO  impl.VoteContext (VoteContext.java:log(48)) - 682f795c-fd6e-4513-96f4-ff699a8baeca@group-0C6976726A89-FOLLOWER: accept ELECTION from a68edfa1-dc1a-41e9-a365-15c521233673: our priority 0 <= candidate's priority 0
2021-09-28 01:15:55,925 [grpc-default-executor-1] INFO  server.RaftServer$Division (RaftServerImpl.java:setRole(285)) - 682f795c-fd6e-4513-96f4-ff699a8baeca@group-0C6976726A89: changes role from  FOLLOWER to FOLLOWER at term 1 for candidate:a68edfa1-dc1a-41e9-a365-15c521233673
2021-09-28 01:15:55,925 [grpc-default-executor-1] INFO  impl.RoleInfo (RoleInfo.java:shutdownFollowerState(108)) - 682f795c-fd6e-4513-96f4-ff699a8baeca: shutdown 682f795c-fd6e-4513-96f4-ff699a8baeca@group-0C6976726A89-FollowerState
2021-09-28 01:15:55,926 [grpc-default-executor-1] INFO  impl.RoleInfo (RoleInfo.java:updateAndGet(130)) - 682f795c-fd6e-4513-96f4-ff699a8baeca: start 682f795c-fd6e-4513-96f4-ff699a8baeca@group-0C6976726A89-FollowerState
2021-09-28 01:15:55,926 [682f795c-fd6e-4513-96f4-ff699a8baeca@group-0C6976726A89-FollowerState] INFO  impl.FollowerState (FollowerState.java:run(143)) - 682f795c-fd6e-4513-96f4-ff699a8baeca@group-0C6976726A89-FollowerState was interrupted: {}
java.lang.InterruptedException: sleep interrupted
	at java.lang.Thread.sleep(Native Method)
	at java.lang.Thread.sleep(Thread.java:340)
	at java.util.concurrent.TimeUnit.sleep(TimeUnit.java:386)
	at org.apache.ratis.util.TimeDuration.sleep(TimeDuration.java:324)
	at org.apache.ratis.util.TimeDuration.sleep(TimeDuration.java:309)
	at org.apache.ratis.server.impl.FollowerState.run(FollowerState.java:118)
2021-09-28 01:15:55,942 [grpc-default-executor-2] INFO  server.RaftServer$Division (RaftServerImpl.java:requestVote(1043)) - aff66e22-6e70-443d-9eb4-a88275d3a955@group-0C6976726A89: receive requestVote(ELECTION, a68edfa1-dc1a-41e9-a365-15c521233673, group-0C6976726A89, 1, (t:0, i:0))
2021-09-28 01:15:55,942 [grpc-default-executor-2] INFO  impl.VoteContext (VoteContext.java:log(48)) - aff66e22-6e70-443d-9eb4-a88275d3a955@group-0C6976726A89-FOLLOWER: reject ELECTION from a68edfa1-dc1a-41e9-a365-15c521233673: our priority 1 > candidate's priority 0
2021-09-28 01:15:55,942 [grpc-default-executor-2] INFO  server.RaftServer$Division (RaftServerImpl.java:setRole(285)) - aff66e22-6e70-443d-9eb4-a88275d3a955@group-0C6976726A89: changes role from  FOLLOWER to FOLLOWER at term 1 for candidate:a68edfa1-dc1a-41e9-a365-15c521233673
2021-09-28 01:15:55,942 [grpc-default-executor-2] INFO  impl.RoleInfo (RoleInfo.java:shutdownFollowerState(108)) - aff66e22-6e70-443d-9eb4-a88275d3a955: shutdown aff66e22-6e70-443d-9eb4-a88275d3a955@group-0C6976726A89-FollowerState
2021-09-28 01:15:55,942 [grpc-default-executor-2] INFO  impl.RoleInfo (RoleInfo.java:updateAndGet(130)) - aff66e22-6e70-443d-9eb4-a88275d3a955: start aff66e22-6e70-443d-9eb4-a88275d3a955@group-0C6976726A89-FollowerState
2021-09-28 01:15:55,942 [aff66e22-6e70-443d-9eb4-a88275d3a955@group-0C6976726A89-FollowerState] INFO  impl.FollowerState (FollowerState.java:run(143)) - aff66e22-6e70-443d-9eb4-a88275d3a955@group-0C6976726A89-FollowerState was interrupted: {}
java.lang.InterruptedException: sleep interrupted
	at java.lang.Thread.sleep(Native Method)
	at java.lang.Thread.sleep(Thread.java:340)
	at java.util.concurrent.TimeUnit.sleep(TimeUnit.java:386)
	at org.apache.ratis.util.TimeDuration.sleep(TimeDuration.java:324)
	at org.apache.ratis.util.TimeDuration.sleep(TimeDuration.java:309)
	at org.apache.ratis.server.impl.FollowerState.run(FollowerState.java:118)
2021-09-28 01:15:55,955 [grpc-default-executor-1] INFO  server.RaftServer$Division (RaftServerImpl.java:requestVote(1075)) - 682f795c-fd6e-4513-96f4-ff699a8baeca@group-0C6976726A89 replies to ELECTION vote request: a68edfa1-dc1a-41e9-a365-15c521233673<-682f795c-fd6e-4513-96f4-ff699a8baeca#0:OK-t1. Peer's state: 682f795c-fd6e-4513-96f4-ff699a8baeca@group-0C6976726A89:t1, leader=null, voted=a68edfa1-dc1a-41e9-a365-15c521233673, raftlog=682f795c-fd6e-4513-96f4-ff699a8baeca@group-0C6976726A89-SegmentedRaftLog:OPENED:c-1,f-1,i0, conf=-1: [a68edfa1-dc1a-41e9-a365-15c521233673|rpc:127.0.0.1:40889|dataStream:|priority:0, 682f795c-fd6e-4513-96f4-ff699a8baeca|rpc:127.0.0.1:41003|dataStream:|priority:0, aff66e22-6e70-443d-9eb4-a88275d3a955|rpc:127.0.0.1:45375|dataStream:|priority:1], old=null
2021-09-28 01:15:55,958 [grpc-default-executor-2] INFO  server.RaftServer$Division (RaftServerImpl.java:requestVote(1075)) - aff66e22-6e70-443d-9eb4-a88275d3a955@group-0C6976726A89 replies to ELECTION vote request: a68edfa1-dc1a-41e9-a365-15c521233673<-aff66e22-6e70-443d-9eb4-a88275d3a955#0:FAIL-t1. Peer's state: aff66e22-6e70-443d-9eb4-a88275d3a955@group-0C6976726A89:t1, leader=null, voted=null, raftlog=aff66e22-6e70-443d-9eb4-a88275d3a955@group-0C6976726A89-SegmentedRaftLog:OPENED:c-1,f-1,i0, conf=-1: [a68edfa1-dc1a-41e9-a365-15c521233673|rpc:127.0.0.1:40889|dataStream:|priority:0, 682f795c-fd6e-4513-96f4-ff699a8baeca|rpc:127.0.0.1:41003|dataStream:|priority:0, aff66e22-6e70-443d-9eb4-a88275d3a955|rpc:127.0.0.1:45375|dataStream:|priority:1], old=null
2021-09-28 01:15:55,961 [a68edfa1-dc1a-41e9-a365-15c521233673@group-0C6976726A89-LeaderElection16] INFO  impl.LeaderElection (LeaderElection.java:logAndReturn(89)) - a68edfa1-dc1a-41e9-a365-15c521233673@group-0C6976726A89-LeaderElection16: ELECTION REJECTED received 2 response(s) and 0 exception(s):
2021-09-28 01:15:55,961 [a68edfa1-dc1a-41e9-a365-15c521233673@group-0C6976726A89-LeaderElection16] INFO  impl.LeaderElection (LeaderElection.java:logAndReturn(93)) -   Response 0: a68edfa1-dc1a-41e9-a365-15c521233673<-682f795c-fd6e-4513-96f4-ff699a8baeca#0:OK-t1
2021-09-28 01:15:55,961 [a68edfa1-dc1a-41e9-a365-15c521233673@group-0C6976726A89-LeaderElection16] INFO  impl.LeaderElection (LeaderElection.java:logAndReturn(93)) -   Response 1: a68edfa1-dc1a-41e9-a365-15c521233673<-aff66e22-6e70-443d-9eb4-a88275d3a955#0:FAIL-t1
2021-09-28 01:15:55,961 [a68edfa1-dc1a-41e9-a365-15c521233673@group-0C6976726A89-LeaderElection16] INFO  impl.LeaderElection (LeaderElection.java:askForVotes(308)) - a68edfa1-dc1a-41e9-a365-15c521233673@group-0C6976726A89-LeaderElection16 ELECTION round 0: result REJECTED
2021-09-28 01:15:55,961 [a68edfa1-dc1a-41e9-a365-15c521233673@group-0C6976726A89-LeaderElection16] INFO  server.RaftServer$Division (RaftServerImpl.java:setRole(285)) - a68edfa1-dc1a-41e9-a365-15c521233673@group-0C6976726A89: changes role from CANDIDATE to FOLLOWER at term 1 for REJECTED
2021-09-28 01:15:55,961 [a68edfa1-dc1a-41e9-a365-15c521233673@group-0C6976726A89-LeaderElection16] INFO  impl.RoleInfo (RoleInfo.java:shutdownLeaderElection(121)) - a68edfa1-dc1a-41e9-a365-15c521233673: shutdown a68edfa1-dc1a-41e9-a365-15c521233673@group-0C6976726A89-LeaderElection16
2021-09-28 01:15:55,961 [a68edfa1-dc1a-41e9-a365-15c521233673@group-0C6976726A89-LeaderElection16] INFO  impl.RoleInfo (RoleInfo.java:updateAndGet(130)) - a68edfa1-dc1a-41e9-a365-15c521233673: start a68edfa1-dc1a-41e9-a365-15c521233673@group-0C6976726A89-FollowerState
2021-09-28 01:15:56,261 [682f795c-fd6e-4513-96f4-ff699a8baeca@group-31DA78918DF0-FollowerState] INFO  impl.FollowerState (FollowerState.java:run(134)) - 682f795c-fd6e-4513-96f4-ff699a8baeca@group-31DA78918DF0-FollowerState: change to CANDIDATE, lastRpcElapsedTime:5061441714ns, electionTimeout:5054ms
2021-09-28 01:15:56,261 [682f795c-fd6e-4513-96f4-ff699a8baeca@group-31DA78918DF0-FollowerState] INFO  impl.RoleInfo (RoleInfo.java:shutdownFollowerState(108)) - 682f795c-fd6e-4513-96f4-ff699a8baeca: shutdown 682f795c-fd6e-4513-96f4-ff699a8baeca@group-31DA78918DF0-FollowerState
2021-09-28 01:15:56,261 [682f795c-fd6e-4513-96f4-ff699a8baeca@group-31DA78918DF0-FollowerState] INFO  server.RaftServer$Division (RaftServerImpl.java:setRole(285)) - 682f795c-fd6e-4513-96f4-ff699a8baeca@group-31DA78918DF0: changes role from  FOLLOWER to CANDIDATE at term 0 for changeToCandidate
2021-09-28 01:15:56,261 [682f795c-fd6e-4513-96f4-ff699a8baeca@group-31DA78918DF0-FollowerState] INFO  server.RaftServerConfigKeys (ConfUtils.java:logGet(44)) - raft.server.leaderelection.pre-vote = false (custom)
2021-09-28 01:15:56,261 [682f795c-fd6e-4513-96f4-ff699a8baeca@group-31DA78918DF0-FollowerState] INFO  impl.RoleInfo (RoleInfo.java:updateAndGet(130)) - 682f795c-fd6e-4513-96f4-ff699a8baeca: start 682f795c-fd6e-4513-96f4-ff699a8baeca@group-31DA78918DF0-LeaderElection17
2021-09-28 01:15:56,272 [682f795c-fd6e-4513-96f4-ff699a8baeca@group-31DA78918DF0-LeaderElection17] INFO  impl.LeaderElection (LeaderElection.java:askForVotes(306)) - 682f795c-fd6e-4513-96f4-ff699a8baeca@group-31DA78918DF0-LeaderElection17 ELECTION round 0: submit vote requests at term 1 for -1: [682f795c-fd6e-4513-96f4-ff699a8baeca|rpc:127.0.0.1:41003|priority:1], old=null
2021-09-28 01:15:56,272 [682f795c-fd6e-4513-96f4-ff699a8baeca@group-31DA78918DF0-LeaderElection17] INFO  impl.LeaderElection (LeaderElection.java:askForVotes(308)) - 682f795c-fd6e-4513-96f4-ff699a8baeca@group-31DA78918DF0-LeaderElection17 ELECTION round 0: result PASSED (term=1)
2021-09-28 01:15:56,275 [682f795c-fd6e-4513-96f4-ff699a8baeca@group-31DA78918DF0-LeaderElection17] INFO  impl.RoleInfo (RoleInfo.java:shutdownLeaderElection(121)) - 682f795c-fd6e-4513-96f4-ff699a8baeca: shutdown 682f795c-fd6e-4513-96f4-ff699a8baeca@group-31DA78918DF0-LeaderElection17
2021-09-28 01:15:56,276 [682f795c-fd6e-4513-96f4-ff699a8baeca@group-31DA78918DF0-LeaderElection17] INFO  server.RaftServer$Division (RaftServerImpl.java:setRole(285)) - 682f795c-fd6e-4513-96f4-ff699a8baeca@group-31DA78918DF0: changes role from CANDIDATE to LEADER at term 1 for changeToLeader
2021-09-28 01:15:56,276 [682f795c-fd6e-4513-96f4-ff699a8baeca@group-31DA78918DF0-LeaderElection17] INFO  ratis.XceiverServerRatis (XceiverServerRatis.java:handleLeaderChangedNotification(860)) - Leader change notification received for group: group-31DA78918DF0 with new leaderId: 682f795c-fd6e-4513-96f4-ff699a8baeca
2021-09-28 01:15:56,277 [682f795c-fd6e-4513-96f4-ff699a8baeca@group-31DA78918DF0-LeaderElection17] INFO  server.RaftServer$Division (ServerState.java:setLeader(285)) - 682f795c-fd6e-4513-96f4-ff699a8baeca@group-31DA78918DF0: change Leader from null to 682f795c-fd6e-4513-96f4-ff699a8baeca at term 1 for becomeLeader, leader elected after 5122ms
2021-09-28 01:15:56,280 [EventQueue-OpenPipelineForHealthyPipelineSafeModeRule] INFO  safemode.SCMSafeModeManager (HealthyPipelineSafeModeRule.java:process(124)) - SCM in safe mode. Healthy pipelines reported count is 0, required healthy pipeline reported count is 1
2021-09-28 01:15:56,280 [EventQueue-OpenPipelineForHealthyPipelineSafeModeRule] INFO  safemode.SCMSafeModeManager (HealthyPipelineSafeModeRule.java:process(124)) - SCM in safe mode. Healthy pipelines reported count is 0, required healthy pipeline reported count is 1
2021-09-28 01:15:56,283 [682f795c-fd6e-4513-96f4-ff699a8baeca@group-31DA78918DF0-LeaderElection17] INFO  server.RaftServerConfigKeys (ConfUtils.java:logGet(44)) - raft.server.staging.catchup.gap = 1000 (default)
2021-09-28 01:15:56,283 [682f795c-fd6e-4513-96f4-ff699a8baeca@group-31DA78918DF0-LeaderElection17] INFO  server.RaftServerConfigKeys (ConfUtils.java:logGet(44)) - raft.server.write.element-limit = 1024 (custom)
2021-09-28 01:15:56,284 [682f795c-fd6e-4513-96f4-ff699a8baeca@group-31DA78918DF0-LeaderElection17] INFO  server.RaftServerConfigKeys (ConfUtils.java:logGet(44)) - raft.server.write.byte-limit = 1024 M (=1073741824) (custom)
2021-09-28 01:15:56,284 [682f795c-fd6e-4513-96f4-ff699a8baeca@group-31DA78918DF0-LeaderElection17] INFO  server.RaftServerConfigKeys (ConfUtils.java:logGet(44)) - raft.server.watch.timeout = 180s (custom)
2021-09-28 01:15:56,284 [682f795c-fd6e-4513-96f4-ff699a8baeca@group-31DA78918DF0-LeaderElection17] INFO  server.RaftServerConfigKeys (ConfUtils.java:logGet(44)) - raft.server.watch.timeout.denomination = 1s (default)
2021-09-28 01:15:56,284 [682f795c-fd6e-4513-96f4-ff699a8baeca@group-31DA78918DF0-LeaderElection17] INFO  server.RaftServerConfigKeys (ConfUtils.java:logGet(44)) - raft.server.watch.element-limit = 65536 (default)
2021-09-28 01:15:56,284 [682f795c-fd6e-4513-96f4-ff699a8baeca@group-31DA78918DF0-LeaderElection17] INFO  impl.RoleInfo (RoleInfo.java:updateAndGet(130)) - 682f795c-fd6e-4513-96f4-ff699a8baeca: start 682f795c-fd6e-4513-96f4-ff699a8baeca@group-31DA78918DF0-LeaderStateImpl
2021-09-28 01:15:56,285 [682f795c-fd6e-4513-96f4-ff699a8baeca@group-31DA78918DF0-LeaderElection17] INFO  segmented.SegmentedRaftLogWorker (SegmentedRaftLogWorker.java:startLogSegment(394)) - 682f795c-fd6e-4513-96f4-ff699a8baeca@group-31DA78918DF0-SegmentedRaftLogWorker: Starting segment from index:0
2021-09-28 01:15:56,295 [682f795c-fd6e-4513-96f4-ff699a8baeca@group-31DA78918DF0-SegmentedRaftLogWorker] INFO  segmented.SegmentedRaftLogWorker (SegmentedRaftLogWorker.java:execute(601)) - 682f795c-fd6e-4513-96f4-ff699a8baeca@group-31DA78918DF0-SegmentedRaftLogWorker: created new log segment /home/runner/work/ozone/ozone/hadoop-ozone/integration-test/target/test-dir/MiniOzoneClusterImpl-4882f729-1751-4fe5-a7fb-8e9138349e05/datanode-1/data/ratis/b654463b-433c-4d61-a756-31da78918df0/current/log_inprogress_0
2021-09-28 01:15:56,304 [682f795c-fd6e-4513-96f4-ff699a8baeca@group-31DA78918DF0-LeaderElection17] INFO  server.RaftServer$Division (ServerState.java:setRaftConf(387)) - 682f795c-fd6e-4513-96f4-ff699a8baeca@group-31DA78918DF0: set configuration 0: [682f795c-fd6e-4513-96f4-ff699a8baeca|rpc:127.0.0.1:41003|dataStream:|priority:1], old=null
2021-09-28 01:15:56,380 [EndpointStateMachine task thread for /127.0.0.1:15957 - 0 ] INFO  ipc.Client (Client.java:handleConnectionFailure(977)) - Retrying connect to server: localhost/127.0.0.1:15957. Already tried 14 time(s); retry policy is RetryUpToMaximumCountWithFixedSleep(maxRetries=15, sleepTime=1000 MILLISECONDS)
2021-09-28 01:15:56,548 [Listener at 127.0.0.1/13700] INFO  ozone.MiniOzoneClusterImpl (MiniOzoneClusterImpl.java:lambda$waitForClusterToBeReady$0(235)) - Nodes are ready. Got 3 of 3 DN Heartbeats.
2021-09-28 01:15:56,548 [Listener at 127.0.0.1/13700] INFO  ozone.MiniOzoneClusterImpl (MiniOzoneClusterImpl.java:lambda$waitForClusterToBeReady$0(238)) - Waiting for cluster to exit safe mode
2021-09-28 01:15:56,548 [Listener at 127.0.0.1/13700] INFO  ozone.MiniOzoneClusterImpl (MiniOzoneClusterImpl.java:lambda$waitForClusterToBeReady$0(240)) - SCM became leader
2021-09-28 01:15:56,548 [EndpointStateMachine task thread for /127.0.0.1:15977 - 0 ] INFO  ipc.Client (Client.java:handleConnectionFailure(977)) - Retrying connect to server: localhost/127.0.0.1:15977. Already tried 0 time(s); retry policy is RetryUpToMaximumCountWithFixedSleep(maxRetries=15, sleepTime=1000 MILLISECONDS)
2021-09-28 01:15:56,621 [Datanode State Machine Thread - 0] ERROR datanode.RunningDatanodeState (RunningDatanodeState.java:computeNextContainerState(199)) - Error in executing end point task.
java.util.concurrent.ExecutionException: java.util.concurrent.TimeoutException
	at java.util.concurrent.FutureTask.report(FutureTask.java:122)
	at java.util.concurrent.FutureTask.get(FutureTask.java:192)
	at org.apache.hadoop.ozone.container.common.states.datanode.RunningDatanodeState.computeNextContainerState(RunningDatanodeState.java:191)
	at org.apache.hadoop.ozone.container.common.states.datanode.RunningDatanodeState.await(RunningDatanodeState.java:231)
	at org.apache.hadoop.ozone.container.common.states.datanode.RunningDatanodeState.await(RunningDatanodeState.java:50)
	at org.apache.hadoop.ozone.container.common.statemachine.StateContext.execute(StateContext.java:629)
	at org.apache.hadoop.ozone.container.common.statemachine.DatanodeStateMachine.start(DatanodeStateMachine.java:270)
	at org.apache.hadoop.ozone.container.common.statemachine.DatanodeStateMachine.lambda$startDaemon$0(DatanodeStateMachine.java:457)
	at java.lang.Thread.run(Thread.java:748)
Caused by: java.util.concurrent.TimeoutException
	at java.util.concurrent.FutureTask.get(FutureTask.java:205)
	at org.apache.hadoop.ozone.container.common.states.datanode.RunningDatanodeState.lambda$execute$0(RunningDatanodeState.java:149)
	at java.util.concurrent.FutureTask.run(FutureTask.java:266)
	at java.util.concurrent.Executors$RunnableAdapter.call(Executors.java:511)
	at java.util.concurrent.FutureTask.run(FutureTask.java:266)
	at java.util.concurrent.ThreadPoolExecutor.runWorker(ThreadPoolExecutor.java:1149)
	at java.util.concurrent.ThreadPoolExecutor$Worker.run(ThreadPoolExecutor.java:624)
	... 1 more
2021-09-28 01:15:56,650 [aff66e22-6e70-443d-9eb4-a88275d3a955@group-F550AEE6B5D1-FollowerState] INFO  impl.FollowerState (FollowerState.java:run(134)) - aff66e22-6e70-443d-9eb4-a88275d3a955@group-F550AEE6B5D1-FollowerState: change to CANDIDATE, lastRpcElapsedTime:5030006260ns, electionTimeout:5029ms
2021-09-28 01:15:56,651 [aff66e22-6e70-443d-9eb4-a88275d3a955@group-F550AEE6B5D1-FollowerState] INFO  impl.RoleInfo (RoleInfo.java:shutdownFollowerState(108)) - aff66e22-6e70-443d-9eb4-a88275d3a955: shutdown aff66e22-6e70-443d-9eb4-a88275d3a955@group-F550AEE6B5D1-FollowerState
2021-09-28 01:15:56,651 [aff66e22-6e70-443d-9eb4-a88275d3a955@group-F550AEE6B5D1-FollowerState] INFO  server.RaftServer$Division (RaftServerImpl.java:setRole(285)) - aff66e22-6e70-443d-9eb4-a88275d3a955@group-F550AEE6B5D1: changes role from  FOLLOWER to CANDIDATE at term 0 for changeToCandidate
2021-09-28 01:15:56,652 [aff66e22-6e70-443d-9eb4-a88275d3a955@group-F550AEE6B5D1-FollowerState] INFO  server.RaftServerConfigKeys (ConfUtils.java:logGet(44)) - raft.server.leaderelection.pre-vote = false (custom)
2021-09-28 01:15:56,652 [aff66e22-6e70-443d-9eb4-a88275d3a955@group-F550AEE6B5D1-FollowerState] INFO  impl.RoleInfo (RoleInfo.java:updateAndGet(130)) - aff66e22-6e70-443d-9eb4-a88275d3a955: start aff66e22-6e70-443d-9eb4-a88275d3a955@group-F550AEE6B5D1-LeaderElection18
2021-09-28 01:15:56,669 [aff66e22-6e70-443d-9eb4-a88275d3a955@group-F550AEE6B5D1-LeaderElection18] INFO  impl.LeaderElection (LeaderElection.java:askForVotes(306)) - aff66e22-6e70-443d-9eb4-a88275d3a955@group-F550AEE6B5D1-LeaderElection18 ELECTION round 0: submit vote requests at term 1 for -1: [aff66e22-6e70-443d-9eb4-a88275d3a955|rpc:127.0.0.1:45375|priority:1], old=null
2021-09-28 01:15:56,670 [aff66e22-6e70-443d-9eb4-a88275d3a955@group-F550AEE6B5D1-LeaderElection18] INFO  impl.LeaderElection (LeaderElection.java:askForVotes(308)) - aff66e22-6e70-443d-9eb4-a88275d3a955@group-F550AEE6B5D1-LeaderElection18 ELECTION round 0: result PASSED (term=1)
2021-09-28 01:15:56,670 [aff66e22-6e70-443d-9eb4-a88275d3a955@group-F550AEE6B5D1-LeaderElection18] INFO  impl.RoleInfo (RoleInfo.java:shutdownLeaderElection(121)) - aff66e22-6e70-443d-9eb4-a88275d3a955: shutdown aff66e22-6e70-443d-9eb4-a88275d3a955@group-F550AEE6B5D1-LeaderElection18
2021-09-28 01:15:56,670 [aff66e22-6e70-443d-9eb4-a88275d3a955@group-F550AEE6B5D1-LeaderElection18] INFO  server.RaftServer$Division (RaftServerImpl.java:setRole(285)) - aff66e22-6e70-443d-9eb4-a88275d3a955@group-F550AEE6B5D1: changes role from CANDIDATE to LEADER at term 1 for changeToLeader
2021-09-28 01:15:56,670 [aff66e22-6e70-443d-9eb4-a88275d3a955@group-F550AEE6B5D1-LeaderElection18] INFO  ratis.XceiverServerRatis (XceiverServerRatis.java:handleLeaderChangedNotification(860)) - Leader change notification received for group: group-F550AEE6B5D1 with new leaderId: aff66e22-6e70-443d-9eb4-a88275d3a955
2021-09-28 01:15:56,670 [aff66e22-6e70-443d-9eb4-a88275d3a955@group-F550AEE6B5D1-LeaderElection18] INFO  server.RaftServer$Division (ServerState.java:setLeader(285)) - aff66e22-6e70-443d-9eb4-a88275d3a955@group-F550AEE6B5D1: change Leader from null to aff66e22-6e70-443d-9eb4-a88275d3a955 at term 1 for becomeLeader, leader elected after 5060ms
2021-09-28 01:15:56,670 [aff66e22-6e70-443d-9eb4-a88275d3a955@group-F550AEE6B5D1-LeaderElection18] INFO  server.RaftServerConfigKeys (ConfUtils.java:logGet(44)) - raft.server.staging.catchup.gap = 1000 (default)
2021-09-28 01:15:56,670 [aff66e22-6e70-443d-9eb4-a88275d3a955@group-F550AEE6B5D1-LeaderElection18] INFO  server.RaftServerConfigKeys (ConfUtils.java:logGet(44)) - raft.server.write.element-limit = 1024 (custom)
2021-09-28 01:15:56,670 [aff66e22-6e70-443d-9eb4-a88275d3a955@group-F550AEE6B5D1-LeaderElection18] INFO  server.RaftServerConfigKeys (ConfUtils.java:logGet(44)) - raft.server.write.byte-limit = 1024 M (=1073741824) (custom)
2021-09-28 01:15:56,671 [aff66e22-6e70-443d-9eb4-a88275d3a955@group-F550AEE6B5D1-LeaderElection18] INFO  server.RaftServerConfigKeys (ConfUtils.java:logGet(44)) - raft.server.watch.timeout = 180s (custom)
2021-09-28 01:15:56,671 [aff66e22-6e70-443d-9eb4-a88275d3a955@group-F550AEE6B5D1-LeaderElection18] INFO  server.RaftServerConfigKeys (ConfUtils.java:logGet(44)) - raft.server.watch.timeout.denomination = 1s (default)
2021-09-28 01:15:56,671 [aff66e22-6e70-443d-9eb4-a88275d3a955@group-F550AEE6B5D1-LeaderElection18] INFO  server.RaftServerConfigKeys (ConfUtils.java:logGet(44)) - raft.server.watch.element-limit = 65536 (default)
2021-09-28 01:15:56,671 [aff66e22-6e70-443d-9eb4-a88275d3a955@group-F550AEE6B5D1-LeaderElection18] INFO  impl.RoleInfo (RoleInfo.java:updateAndGet(130)) - aff66e22-6e70-443d-9eb4-a88275d3a955: start aff66e22-6e70-443d-9eb4-a88275d3a955@group-F550AEE6B5D1-LeaderStateImpl
2021-09-28 01:15:56,671 [aff66e22-6e70-443d-9eb4-a88275d3a955@group-F550AEE6B5D1-LeaderElection18] INFO  segmented.SegmentedRaftLogWorker (SegmentedRaftLogWorker.java:startLogSegment(394)) - aff66e22-6e70-443d-9eb4-a88275d3a955@group-F550AEE6B5D1-SegmentedRaftLogWorker: Starting segment from index:0
2021-09-28 01:15:56,673 [aff66e22-6e70-443d-9eb4-a88275d3a955@group-F550AEE6B5D1-SegmentedRaftLogWorker] INFO  segmented.SegmentedRaftLogWorker (SegmentedRaftLogWorker.java:execute(601)) - aff66e22-6e70-443d-9eb4-a88275d3a955@group-F550AEE6B5D1-SegmentedRaftLogWorker: created new log segment /home/runner/work/ozone/ozone/hadoop-ozone/integration-test/target/test-dir/MiniOzoneClusterImpl-4882f729-1751-4fe5-a7fb-8e9138349e05/datanode-2/data/ratis/e8b8b981-ef12-48e1-a9e6-f550aee6b5d1/current/log_inprogress_0
2021-09-28 01:15:56,677 [EventQueue-OpenPipelineForHealthyPipelineSafeModeRule] INFO  safemode.SCMSafeModeManager (HealthyPipelineSafeModeRule.java:process(124)) - SCM in safe mode. Healthy pipelines reported count is 0, required healthy pipeline reported count is 1
2021-09-28 01:15:56,677 [EventQueue-OpenPipelineForHealthyPipelineSafeModeRule] INFO  safemode.SCMSafeModeManager (HealthyPipelineSafeModeRule.java:process(124)) - SCM in safe mode. Healthy pipelines reported count is 0, required healthy pipeline reported count is 1
2021-09-28 01:15:56,697 [aff66e22-6e70-443d-9eb4-a88275d3a955@group-F550AEE6B5D1-LeaderElection18] INFO  server.RaftServer$Division (ServerState.java:setRaftConf(387)) - aff66e22-6e70-443d-9eb4-a88275d3a955@group-F550AEE6B5D1: set configuration 0: [aff66e22-6e70-443d-9eb4-a88275d3a955|rpc:127.0.0.1:45375|dataStream:|priority:1], old=null
2021-09-28 01:15:56,763 [EndpointStateMachine task thread for /127.0.0.1:15967 - 0 ] INFO  ipc.Client (Client.java:handleConnectionFailure(977)) - Retrying connect to server: localhost/127.0.0.1:15967. Already tried 0 time(s); retry policy is RetryUpToMaximumCountWithFixedSleep(maxRetries=15, sleepTime=1000 MILLISECONDS)
2021-09-28 01:15:57,381 [EndpointStateMachine task thread for /127.0.0.1:15957 - 0 ] INFO  ipc.Client (Client.java:handleConnectionFailure(977)) - Retrying connect to server: localhost/127.0.0.1:15957. Already tried 0 time(s); retry policy is RetryUpToMaximumCountWithFixedSleep(maxRetries=15, sleepTime=1000 MILLISECONDS)
2021-09-28 01:15:57,549 [Listener at 127.0.0.1/13700] INFO  ozone.MiniOzoneClusterImpl (MiniOzoneClusterImpl.java:lambda$waitForClusterToBeReady$0(235)) - Nodes are ready. Got 3 of 3 DN Heartbeats.
2021-09-28 01:15:57,549 [Listener at 127.0.0.1/13700] INFO  ozone.MiniOzoneClusterImpl (MiniOzoneClusterImpl.java:lambda$waitForClusterToBeReady$0(238)) - Waiting for cluster to exit safe mode
2021-09-28 01:15:57,549 [Listener at 127.0.0.1/13700] INFO  ozone.MiniOzoneClusterImpl (MiniOzoneClusterImpl.java:lambda$waitForClusterToBeReady$0(240)) - SCM became leader
2021-09-28 01:15:57,549 [EndpointStateMachine task thread for /127.0.0.1:15977 - 0 ] INFO  ipc.Client (Client.java:handleConnectionFailure(977)) - Retrying connect to server: localhost/127.0.0.1:15977. Already tried 1 time(s); retry policy is RetryUpToMaximumCountWithFixedSleep(maxRetries=15, sleepTime=1000 MILLISECONDS)
2021-09-28 01:15:57,764 [EndpointStateMachine task thread for /127.0.0.1:15967 - 0 ] INFO  ipc.Client (Client.java:handleConnectionFailure(977)) - Retrying connect to server: localhost/127.0.0.1:15967. Already tried 1 time(s); retry policy is RetryUpToMaximumCountWithFixedSleep(maxRetries=15, sleepTime=1000 MILLISECONDS)
2021-09-28 01:15:58,277 [Datanode State Machine Thread - 0] ERROR datanode.RunningDatanodeState (RunningDatanodeState.java:computeNextContainerState(199)) - Error in executing end point task.
java.util.concurrent.ExecutionException: java.util.concurrent.TimeoutException
	at java.util.concurrent.FutureTask.report(FutureTask.java:122)
	at java.util.concurrent.FutureTask.get(FutureTask.java:192)
	at org.apache.hadoop.ozone.container.common.states.datanode.RunningDatanodeState.computeNextContainerState(RunningDatanodeState.java:191)
	at org.apache.hadoop.ozone.container.common.states.datanode.RunningDatanodeState.await(RunningDatanodeState.java:231)
	at org.apache.hadoop.ozone.container.common.states.datanode.RunningDatanodeState.await(RunningDatanodeState.java:50)
	at org.apache.hadoop.ozone.container.common.statemachine.StateContext.execute(StateContext.java:629)
	at org.apache.hadoop.ozone.container.common.statemachine.DatanodeStateMachine.start(DatanodeStateMachine.java:270)
	at org.apache.hadoop.ozone.container.common.statemachine.DatanodeStateMachine.lambda$startDaemon$0(DatanodeStateMachine.java:457)
	at java.lang.Thread.run(Thread.java:748)
Caused by: java.util.concurrent.TimeoutException
	at java.util.concurrent.FutureTask.get(FutureTask.java:205)
	at org.apache.hadoop.ozone.container.common.states.datanode.RunningDatanodeState.lambda$execute$0(RunningDatanodeState.java:149)
	at java.util.concurrent.FutureTask.run(FutureTask.java:266)
	at java.util.concurrent.Executors$RunnableAdapter.call(Executors.java:511)
	at java.util.concurrent.FutureTask.run(FutureTask.java:266)
	at java.util.concurrent.ThreadPoolExecutor.runWorker(ThreadPoolExecutor.java:1149)
	at java.util.concurrent.ThreadPoolExecutor$Worker.run(ThreadPoolExecutor.java:624)
	... 1 more
2021-09-28 01:15:58,382 [EndpointStateMachine task thread for /127.0.0.1:15957 - 0 ] INFO  ipc.Client (Client.java:handleConnectionFailure(977)) - Retrying connect to server: localhost/127.0.0.1:15957. Already tried 1 time(s); retry policy is RetryUpToMaximumCountWithFixedSleep(maxRetries=15, sleepTime=1000 MILLISECONDS)
2021-09-28 01:15:58,549 [Listener at 127.0.0.1/13700] INFO  ozone.MiniOzoneClusterImpl (MiniOzoneClusterImpl.java:lambda$waitForClusterToBeReady$0(235)) - Nodes are ready. Got 3 of 3 DN Heartbeats.
2021-09-28 01:15:58,550 [Listener at 127.0.0.1/13700] INFO  ozone.MiniOzoneClusterImpl (MiniOzoneClusterImpl.java:lambda$waitForClusterToBeReady$0(238)) - Waiting for cluster to exit safe mode
2021-09-28 01:15:58,550 [Listener at 127.0.0.1/13700] INFO  ozone.MiniOzoneClusterImpl (MiniOzoneClusterImpl.java:lambda$waitForClusterToBeReady$0(240)) - SCM became leader
2021-09-28 01:15:58,552 [EndpointStateMachine task thread for /127.0.0.1:15977 - 0 ] INFO  ipc.Client (Client.java:handleConnectionFailure(977)) - Retrying connect to server: localhost/127.0.0.1:15977. Already tried 2 time(s); retry policy is RetryUpToMaximumCountWithFixedSleep(maxRetries=15, sleepTime=1000 MILLISECONDS)
2021-09-28 01:15:58,670 [Datanode State Machine Thread - 0] ERROR datanode.RunningDatanodeState (RunningDatanodeState.java:computeNextContainerState(199)) - Error in executing end point task.
java.util.concurrent.ExecutionException: java.util.concurrent.TimeoutException
	at java.util.concurrent.FutureTask.report(FutureTask.java:122)
	at java.util.concurrent.FutureTask.get(FutureTask.java:192)
	at org.apache.hadoop.ozone.container.common.states.datanode.RunningDatanodeState.computeNextContainerState(RunningDatanodeState.java:191)
	at org.apache.hadoop.ozone.container.common.states.datanode.RunningDatanodeState.await(RunningDatanodeState.java:231)
	at org.apache.hadoop.ozone.container.common.states.datanode.RunningDatanodeState.await(RunningDatanodeState.java:50)
	at org.apache.hadoop.ozone.container.common.statemachine.StateContext.execute(StateContext.java:629)
	at org.apache.hadoop.ozone.container.common.statemachine.DatanodeStateMachine.start(DatanodeStateMachine.java:270)
	at org.apache.hadoop.ozone.container.common.statemachine.DatanodeStateMachine.lambda$startDaemon$0(DatanodeStateMachine.java:457)
	at java.lang.Thread.run(Thread.java:748)
Caused by: java.util.concurrent.TimeoutException
	at java.util.concurrent.FutureTask.get(FutureTask.java:205)
	at org.apache.hadoop.ozone.container.common.states.datanode.RunningDatanodeState.lambda$execute$0(RunningDatanodeState.java:149)
	at java.util.concurrent.FutureTask.run(FutureTask.java:266)
	at java.util.concurrent.Executors$RunnableAdapter.call(Executors.java:511)
	at java.util.concurrent.FutureTask.run(FutureTask.java:266)
	at java.util.concurrent.ThreadPoolExecutor.runWorker(ThreadPoolExecutor.java:1149)
	at java.util.concurrent.ThreadPoolExecutor$Worker.run(ThreadPoolExecutor.java:624)
	... 1 more
2021-09-28 01:15:58,763 [Datanode State Machine Thread - 0] ERROR datanode.RunningDatanodeState (RunningDatanodeState.java:computeNextContainerState(199)) - Error in executing end point task.
java.util.concurrent.ExecutionException: java.util.concurrent.TimeoutException
	at java.util.concurrent.FutureTask.report(FutureTask.java:122)
	at java.util.concurrent.FutureTask.get(FutureTask.java:192)
	at org.apache.hadoop.ozone.container.common.states.datanode.RunningDatanodeState.computeNextContainerState(RunningDatanodeState.java:191)
	at org.apache.hadoop.ozone.container.common.states.datanode.RunningDatanodeState.await(RunningDatanodeState.java:231)
	at org.apache.hadoop.ozone.container.common.states.datanode.RunningDatanodeState.await(RunningDatanodeState.java:50)
	at org.apache.hadoop.ozone.container.common.statemachine.StateContext.execute(StateContext.java:629)
	at org.apache.hadoop.ozone.container.common.statemachine.DatanodeStateMachine.start(DatanodeStateMachine.java:270)
	at org.apache.hadoop.ozone.container.common.statemachine.DatanodeStateMachine.lambda$startDaemon$0(DatanodeStateMachine.java:457)
	at java.lang.Thread.run(Thread.java:748)
Caused by: java.util.concurrent.TimeoutException
	at java.util.concurrent.FutureTask.get(FutureTask.java:205)
	at org.apache.hadoop.ozone.container.common.states.datanode.RunningDatanodeState.lambda$execute$0(RunningDatanodeState.java:149)
	at java.util.concurrent.FutureTask.run(FutureTask.java:266)
	at java.util.concurrent.Executors$RunnableAdapter.call(Executors.java:511)
	at java.util.concurrent.FutureTask.run(FutureTask.java:266)
	at java.util.concurrent.ThreadPoolExecutor.runWorker(ThreadPoolExecutor.java:1149)
	at java.util.concurrent.ThreadPoolExecutor$Worker.run(ThreadPoolExecutor.java:624)
	... 1 more
2021-09-28 01:15:58,765 [EndpointStateMachine task thread for /127.0.0.1:15967 - 0 ] INFO  ipc.Client (Client.java:handleConnectionFailure(977)) - Retrying connect to server: localhost/127.0.0.1:15967. Already tried 2 time(s); retry policy is RetryUpToMaximumCountWithFixedSleep(maxRetries=15, sleepTime=1000 MILLISECONDS)
2021-09-28 01:15:59,382 [EndpointStateMachine task thread for /127.0.0.1:15957 - 0 ] INFO  ipc.Client (Client.java:handleConnectionFailure(977)) - Retrying connect to server: localhost/127.0.0.1:15957. Already tried 2 time(s); retry policy is RetryUpToMaximumCountWithFixedSleep(maxRetries=15, sleepTime=1000 MILLISECONDS)
2021-09-28 01:15:59,558 [EndpointStateMachine task thread for /127.0.0.1:15977 - 0 ] INFO  ipc.Client (Client.java:handleConnectionFailure(977)) - Retrying connect to server: localhost/127.0.0.1:15977. Already tried 3 time(s); retry policy is RetryUpToMaximumCountWithFixedSleep(maxRetries=15, sleepTime=1000 MILLISECONDS)
2021-09-28 01:15:59,559 [Listener at 127.0.0.1/13700] INFO  ozone.MiniOzoneClusterImpl (MiniOzoneClusterImpl.java:lambda$waitForClusterToBeReady$0(235)) - Nodes are ready. Got 3 of 3 DN Heartbeats.
2021-09-28 01:15:59,559 [Listener at 127.0.0.1/13700] INFO  ozone.MiniOzoneClusterImpl (MiniOzoneClusterImpl.java:lambda$waitForClusterToBeReady$0(238)) - Waiting for cluster to exit safe mode
2021-09-28 01:15:59,559 [Listener at 127.0.0.1/13700] INFO  ozone.MiniOzoneClusterImpl (MiniOzoneClusterImpl.java:lambda$waitForClusterToBeReady$0(240)) - SCM became leader
2021-09-28 01:15:59,673 [Datanode State Machine Thread - 0] ERROR datanode.RunningDatanodeState (RunningDatanodeState.java:computeNextContainerState(199)) - Error in executing end point task.
java.util.concurrent.ExecutionException: java.util.concurrent.TimeoutException
	at java.util.concurrent.FutureTask.report(FutureTask.java:122)
	at java.util.concurrent.FutureTask.get(FutureTask.java:192)
	at org.apache.hadoop.ozone.container.common.states.datanode.RunningDatanodeState.computeNextContainerState(RunningDatanodeState.java:191)
	at org.apache.hadoop.ozone.container.common.states.datanode.RunningDatanodeState.await(RunningDatanodeState.java:231)
	at org.apache.hadoop.ozone.container.common.states.datanode.RunningDatanodeState.await(RunningDatanodeState.java:50)
	at org.apache.hadoop.ozone.container.common.statemachine.StateContext.execute(StateContext.java:629)
	at org.apache.hadoop.ozone.container.common.statemachine.DatanodeStateMachine.start(DatanodeStateMachine.java:270)
	at org.apache.hadoop.ozone.container.common.statemachine.DatanodeStateMachine.lambda$startDaemon$0(DatanodeStateMachine.java:457)
	at java.lang.Thread.run(Thread.java:748)
Caused by: java.util.concurrent.TimeoutException
	at java.util.concurrent.FutureTask.get(FutureTask.java:205)
	at org.apache.hadoop.ozone.container.common.states.datanode.RunningDatanodeState.lambda$execute$0(RunningDatanodeState.java:149)
	at java.util.concurrent.FutureTask.run(FutureTask.java:266)
	at java.util.concurrent.Executors$RunnableAdapter.call(Executors.java:511)
	at java.util.concurrent.FutureTask.run(FutureTask.java:266)
	at java.util.concurrent.ThreadPoolExecutor.runWorker(ThreadPoolExecutor.java:1149)
	at java.util.concurrent.ThreadPoolExecutor$Worker.run(ThreadPoolExecutor.java:624)
	... 1 more
2021-09-28 01:15:59,765 [Datanode State Machine Thread - 0] ERROR datanode.RunningDatanodeState (RunningDatanodeState.java:computeNextContainerState(199)) - Error in executing end point task.
java.util.concurrent.ExecutionException: java.util.concurrent.TimeoutException
	at java.util.concurrent.FutureTask.report(FutureTask.java:122)
	at java.util.concurrent.FutureTask.get(FutureTask.java:192)
	at org.apache.hadoop.ozone.container.common.states.datanode.RunningDatanodeState.computeNextContainerState(RunningDatanodeState.java:191)
	at org.apache.hadoop.ozone.container.common.states.datanode.RunningDatanodeState.await(RunningDatanodeState.java:231)
	at org.apache.hadoop.ozone.container.common.states.datanode.RunningDatanodeState.await(RunningDatanodeState.java:50)
	at org.apache.hadoop.ozone.container.common.statemachine.StateContext.execute(StateContext.java:629)
	at org.apache.hadoop.ozone.container.common.statemachine.DatanodeStateMachine.start(DatanodeStateMachine.java:270)
	at org.apache.hadoop.ozone.container.common.statemachine.DatanodeStateMachine.lambda$startDaemon$0(DatanodeStateMachine.java:457)
	at java.lang.Thread.run(Thread.java:748)
Caused by: java.util.concurrent.TimeoutException
	at java.util.concurrent.FutureTask.get(FutureTask.java:205)
	at org.apache.hadoop.ozone.container.common.states.datanode.RunningDatanodeState.lambda$execute$0(RunningDatanodeState.java:149)
	at java.util.concurrent.FutureTask.run(FutureTask.java:266)
	at java.util.concurrent.Executors$RunnableAdapter.call(Executors.java:511)
	at java.util.concurrent.FutureTask.run(FutureTask.java:266)
	at java.util.concurrent.ThreadPoolExecutor.runWorker(ThreadPoolExecutor.java:1149)
	at java.util.concurrent.ThreadPoolExecutor$Worker.run(ThreadPoolExecutor.java:624)
	... 1 more
2021-09-28 01:15:59,770 [EndpointStateMachine task thread for /127.0.0.1:15967 - 0 ] INFO  ipc.Client (Client.java:handleConnectionFailure(977)) - Retrying connect to server: localhost/127.0.0.1:15967. Already tried 3 time(s); retry policy is RetryUpToMaximumCountWithFixedSleep(maxRetries=15, sleepTime=1000 MILLISECONDS)
2021-09-28 01:16:00,383 [EndpointStateMachine task thread for /127.0.0.1:15957 - 0 ] INFO  ipc.Client (Client.java:handleConnectionFailure(977)) - Retrying connect to server: localhost/127.0.0.1:15957. Already tried 3 time(s); retry policy is RetryUpToMaximumCountWithFixedSleep(maxRetries=15, sleepTime=1000 MILLISECONDS)
2021-09-28 01:16:00,559 [EndpointStateMachine task thread for /127.0.0.1:15977 - 0 ] INFO  ipc.Client (Client.java:handleConnectionFailure(977)) - Retrying connect to server: localhost/127.0.0.1:15977. Already tried 4 time(s); retry policy is RetryUpToMaximumCountWithFixedSleep(maxRetries=15, sleepTime=1000 MILLISECONDS)
2021-09-28 01:16:00,559 [Listener at 127.0.0.1/13700] INFO  ozone.MiniOzoneClusterImpl (MiniOzoneClusterImpl.java:lambda$waitForClusterToBeReady$0(235)) - Nodes are ready. Got 3 of 3 DN Heartbeats.
2021-09-28 01:16:00,560 [Listener at 127.0.0.1/13700] INFO  ozone.MiniOzoneClusterImpl (MiniOzoneClusterImpl.java:lambda$waitForClusterToBeReady$0(238)) - Waiting for cluster to exit safe mode
2021-09-28 01:16:00,560 [Listener at 127.0.0.1/13700] INFO  ozone.MiniOzoneClusterImpl (MiniOzoneClusterImpl.java:lambda$waitForClusterToBeReady$0(240)) - SCM became leader
2021-09-28 01:16:00,767 [Datanode State Machine Thread - 0] ERROR datanode.RunningDatanodeState (RunningDatanodeState.java:computeNextContainerState(199)) - Error in executing end point task.
java.util.concurrent.ExecutionException: java.util.concurrent.TimeoutException
	at java.util.concurrent.FutureTask.report(FutureTask.java:122)
	at java.util.concurrent.FutureTask.get(FutureTask.java:192)
	at org.apache.hadoop.ozone.container.common.states.datanode.RunningDatanodeState.computeNextContainerState(RunningDatanodeState.java:191)
	at org.apache.hadoop.ozone.container.common.states.datanode.RunningDatanodeState.await(RunningDatanodeState.java:231)
	at org.apache.hadoop.ozone.container.common.states.datanode.RunningDatanodeState.await(RunningDatanodeState.java:50)
	at org.apache.hadoop.ozone.container.common.statemachine.StateContext.execute(StateContext.java:629)
	at org.apache.hadoop.ozone.container.common.statemachine.DatanodeStateMachine.start(DatanodeStateMachine.java:270)
	at org.apache.hadoop.ozone.container.common.statemachine.DatanodeStateMachine.lambda$startDaemon$0(DatanodeStateMachine.java:457)
	at java.lang.Thread.run(Thread.java:748)
Caused by: java.util.concurrent.TimeoutException
	at java.util.concurrent.FutureTask.get(FutureTask.java:205)
	at org.apache.hadoop.ozone.container.common.states.datanode.RunningDatanodeState.lambda$execute$0(RunningDatanodeState.java:149)
	at java.util.concurrent.FutureTask.run(FutureTask.java:266)
	at java.util.concurrent.Executors$RunnableAdapter.call(Executors.java:511)
	at java.util.concurrent.FutureTask.run(FutureTask.java:266)
	at java.util.concurrent.ThreadPoolExecutor.runWorker(ThreadPoolExecutor.java:1149)
	at java.util.concurrent.ThreadPoolExecutor$Worker.run(ThreadPoolExecutor.java:624)
	... 1 more
2021-09-28 01:16:00,770 [EndpointStateMachine task thread for /127.0.0.1:15967 - 0 ] INFO  ipc.Client (Client.java:handleConnectionFailure(977)) - Retrying connect to server: localhost/127.0.0.1:15967. Already tried 4 time(s); retry policy is RetryUpToMaximumCountWithFixedSleep(maxRetries=15, sleepTime=1000 MILLISECONDS)
2021-09-28 01:16:00,904 [a68edfa1-dc1a-41e9-a365-15c521233673@group-2D885C1E68F8-FollowerState] INFO  impl.FollowerState (FollowerState.java:run(134)) - a68edfa1-dc1a-41e9-a365-15c521233673@group-2D885C1E68F8-FollowerState: change to CANDIDATE, lastRpcElapsedTime:5078306328ns, electionTimeout:5069ms
2021-09-28 01:16:00,905 [a68edfa1-dc1a-41e9-a365-15c521233673@group-2D885C1E68F8-FollowerState] INFO  impl.RoleInfo (RoleInfo.java:shutdownFollowerState(108)) - a68edfa1-dc1a-41e9-a365-15c521233673: shutdown a68edfa1-dc1a-41e9-a365-15c521233673@group-2D885C1E68F8-FollowerState
2021-09-28 01:16:00,905 [a68edfa1-dc1a-41e9-a365-15c521233673@group-2D885C1E68F8-FollowerState] INFO  server.RaftServer$Division (RaftServerImpl.java:setRole(285)) - a68edfa1-dc1a-41e9-a365-15c521233673@group-2D885C1E68F8: changes role from  FOLLOWER to CANDIDATE at term 1 for changeToCandidate
2021-09-28 01:16:00,905 [a68edfa1-dc1a-41e9-a365-15c521233673@group-2D885C1E68F8-FollowerState] INFO  server.RaftServerConfigKeys (ConfUtils.java:logGet(44)) - raft.server.leaderelection.pre-vote = false (custom)
2021-09-28 01:16:00,905 [a68edfa1-dc1a-41e9-a365-15c521233673@group-2D885C1E68F8-FollowerState] INFO  impl.RoleInfo (RoleInfo.java:updateAndGet(130)) - a68edfa1-dc1a-41e9-a365-15c521233673: start a68edfa1-dc1a-41e9-a365-15c521233673@group-2D885C1E68F8-LeaderElection19
2021-09-28 01:16:00,920 [a68edfa1-dc1a-41e9-a365-15c521233673@group-2D885C1E68F8-LeaderElection19] INFO  impl.LeaderElection (LeaderElection.java:askForVotes(306)) - a68edfa1-dc1a-41e9-a365-15c521233673@group-2D885C1E68F8-LeaderElection19 ELECTION round 0: submit vote requests at term 2 for -1: [a68edfa1-dc1a-41e9-a365-15c521233673|rpc:127.0.0.1:40889|priority:0, 682f795c-fd6e-4513-96f4-ff699a8baeca|rpc:127.0.0.1:41003|priority:1, aff66e22-6e70-443d-9eb4-a88275d3a955|rpc:127.0.0.1:45375|priority:0], old=null
2021-09-28 01:16:00,925 [grpc-default-executor-1] INFO  server.RaftServer$Division (RaftServerImpl.java:requestVote(1043)) - 682f795c-fd6e-4513-96f4-ff699a8baeca@group-2D885C1E68F8: receive requestVote(ELECTION, a68edfa1-dc1a-41e9-a365-15c521233673, group-2D885C1E68F8, 2, (t:0, i:0))
2021-09-28 01:16:00,925 [grpc-default-executor-1] INFO  impl.VoteContext (VoteContext.java:log(48)) - 682f795c-fd6e-4513-96f4-ff699a8baeca@group-2D885C1E68F8-FOLLOWER: reject ELECTION from a68edfa1-dc1a-41e9-a365-15c521233673: our priority 1 > candidate's priority 0
2021-09-28 01:16:00,925 [grpc-default-executor-1] INFO  server.RaftServer$Division (RaftServerImpl.java:setRole(285)) - 682f795c-fd6e-4513-96f4-ff699a8baeca@group-2D885C1E68F8: changes role from  FOLLOWER to FOLLOWER at term 2 for candidate:a68edfa1-dc1a-41e9-a365-15c521233673
2021-09-28 01:16:00,925 [grpc-default-executor-1] INFO  impl.RoleInfo (RoleInfo.java:shutdownFollowerState(108)) - 682f795c-fd6e-4513-96f4-ff699a8baeca: shutdown 682f795c-fd6e-4513-96f4-ff699a8baeca@group-2D885C1E68F8-FollowerState
2021-09-28 01:16:00,925 [grpc-default-executor-2] INFO  server.RaftServer$Division (RaftServerImpl.java:requestVote(1043)) - aff66e22-6e70-443d-9eb4-a88275d3a955@group-2D885C1E68F8: receive requestVote(ELECTION, a68edfa1-dc1a-41e9-a365-15c521233673, group-2D885C1E68F8, 2, (t:0, i:0))
2021-09-28 01:16:00,925 [grpc-default-executor-2] INFO  impl.VoteContext (VoteContext.java:log(48)) - aff66e22-6e70-443d-9eb4-a88275d3a955@group-2D885C1E68F8-FOLLOWER: accept ELECTION from a68edfa1-dc1a-41e9-a365-15c521233673: our priority 0 <= candidate's priority 0
2021-09-28 01:16:00,925 [grpc-default-executor-2] INFO  server.RaftServer$Division (RaftServerImpl.java:setRole(285)) - aff66e22-6e70-443d-9eb4-a88275d3a955@group-2D885C1E68F8: changes role from  FOLLOWER to FOLLOWER at term 2 for candidate:a68edfa1-dc1a-41e9-a365-15c521233673
2021-09-28 01:16:00,925 [grpc-default-executor-2] INFO  impl.RoleInfo (RoleInfo.java:shutdownFollowerState(108)) - aff66e22-6e70-443d-9eb4-a88275d3a955: shutdown aff66e22-6e70-443d-9eb4-a88275d3a955@group-2D885C1E68F8-FollowerState
2021-09-28 01:16:00,926 [aff66e22-6e70-443d-9eb4-a88275d3a955@group-2D885C1E68F8-FollowerState] INFO  impl.FollowerState (FollowerState.java:run(143)) - aff66e22-6e70-443d-9eb4-a88275d3a955@group-2D885C1E68F8-FollowerState was interrupted: {}
java.lang.InterruptedException: sleep interrupted
	at java.lang.Thread.sleep(Native Method)
	at java.lang.Thread.sleep(Thread.java:340)
	at java.util.concurrent.TimeUnit.sleep(TimeUnit.java:386)
	at org.apache.ratis.util.TimeDuration.sleep(TimeDuration.java:324)
	at org.apache.ratis.util.TimeDuration.sleep(TimeDuration.java:309)
	at org.apache.ratis.server.impl.FollowerState.run(FollowerState.java:118)
2021-09-28 01:16:00,925 [grpc-default-executor-1] INFO  impl.RoleInfo (RoleInfo.java:updateAndGet(130)) - 682f795c-fd6e-4513-96f4-ff699a8baeca: start 682f795c-fd6e-4513-96f4-ff699a8baeca@group-2D885C1E68F8-FollowerState
2021-09-28 01:16:00,926 [682f795c-fd6e-4513-96f4-ff699a8baeca@group-2D885C1E68F8-FollowerState] INFO  impl.FollowerState (FollowerState.java:run(143)) - 682f795c-fd6e-4513-96f4-ff699a8baeca@group-2D885C1E68F8-FollowerState was interrupted: {}
java.lang.InterruptedException: sleep interrupted
	at java.lang.Thread.sleep(Native Method)
	at java.lang.Thread.sleep(Thread.java:340)
	at java.util.concurrent.TimeUnit.sleep(TimeUnit.java:386)
	at org.apache.ratis.util.TimeDuration.sleep(TimeDuration.java:324)
	at org.apache.ratis.util.TimeDuration.sleep(TimeDuration.java:309)
	at org.apache.ratis.server.impl.FollowerState.run(FollowerState.java:118)
2021-09-28 01:16:00,926 [grpc-default-executor-2] INFO  impl.RoleInfo (RoleInfo.java:updateAndGet(130)) - aff66e22-6e70-443d-9eb4-a88275d3a955: start aff66e22-6e70-443d-9eb4-a88275d3a955@group-2D885C1E68F8-FollowerState
2021-09-28 01:16:00,932 [grpc-default-executor-1] INFO  server.RaftServer$Division (RaftServerImpl.java:requestVote(1075)) - 682f795c-fd6e-4513-96f4-ff699a8baeca@group-2D885C1E68F8 replies to ELECTION vote request: a68edfa1-dc1a-41e9-a365-15c521233673<-682f795c-fd6e-4513-96f4-ff699a8baeca#0:FAIL-t2. Peer's state: 682f795c-fd6e-4513-96f4-ff699a8baeca@group-2D885C1E68F8:t2, leader=null, voted=null, raftlog=682f795c-fd6e-4513-96f4-ff699a8baeca@group-2D885C1E68F8-SegmentedRaftLog:OPENED:c-1,f-1,i0, conf=-1: [a68edfa1-dc1a-41e9-a365-15c521233673|rpc:127.0.0.1:40889|dataStream:|priority:0, 682f795c-fd6e-4513-96f4-ff699a8baeca|rpc:127.0.0.1:41003|dataStream:|priority:1, aff66e22-6e70-443d-9eb4-a88275d3a955|rpc:127.0.0.1:45375|dataStream:|priority:0], old=null
2021-09-28 01:16:00,934 [grpc-default-executor-2] INFO  server.RaftServer$Division (RaftServerImpl.java:requestVote(1075)) - aff66e22-6e70-443d-9eb4-a88275d3a955@group-2D885C1E68F8 replies to ELECTION vote request: a68edfa1-dc1a-41e9-a365-15c521233673<-aff66e22-6e70-443d-9eb4-a88275d3a955#0:OK-t2. Peer's state: aff66e22-6e70-443d-9eb4-a88275d3a955@group-2D885C1E68F8:t2, leader=null, voted=a68edfa1-dc1a-41e9-a365-15c521233673, raftlog=aff66e22-6e70-443d-9eb4-a88275d3a955@group-2D885C1E68F8-SegmentedRaftLog:OPENED:c-1,f-1,i0, conf=-1: [a68edfa1-dc1a-41e9-a365-15c521233673|rpc:127.0.0.1:40889|dataStream:|priority:0, 682f795c-fd6e-4513-96f4-ff699a8baeca|rpc:127.0.0.1:41003|dataStream:|priority:1, aff66e22-6e70-443d-9eb4-a88275d3a955|rpc:127.0.0.1:45375|dataStream:|priority:0], old=null
2021-09-28 01:16:00,938 [a68edfa1-dc1a-41e9-a365-15c521233673@group-2D885C1E68F8-LeaderElection19] INFO  impl.LeaderElection (LeaderElection.java:logAndReturn(89)) - a68edfa1-dc1a-41e9-a365-15c521233673@group-2D885C1E68F8-LeaderElection19: ELECTION REJECTED received 1 response(s) and 0 exception(s):
2021-09-28 01:16:00,938 [a68edfa1-dc1a-41e9-a365-15c521233673@group-2D885C1E68F8-LeaderElection19] INFO  impl.LeaderElection (LeaderElection.java:logAndReturn(93)) -   Response 0: a68edfa1-dc1a-41e9-a365-15c521233673<-682f795c-fd6e-4513-96f4-ff699a8baeca#0:FAIL-t2
2021-09-28 01:16:00,938 [a68edfa1-dc1a-41e9-a365-15c521233673@group-2D885C1E68F8-LeaderElection19] INFO  impl.LeaderElection (LeaderElection.java:askForVotes(308)) - a68edfa1-dc1a-41e9-a365-15c521233673@group-2D885C1E68F8-LeaderElection19 ELECTION round 0: result REJECTED
2021-09-28 01:16:00,938 [a68edfa1-dc1a-41e9-a365-15c521233673@group-2D885C1E68F8-LeaderElection19] INFO  server.RaftServer$Division (RaftServerImpl.java:setRole(285)) - a68edfa1-dc1a-41e9-a365-15c521233673@group-2D885C1E68F8: changes role from CANDIDATE to FOLLOWER at term 2 for REJECTED
2021-09-28 01:16:00,938 [a68edfa1-dc1a-41e9-a365-15c521233673@group-2D885C1E68F8-LeaderElection19] INFO  impl.RoleInfo (RoleInfo.java:shutdownLeaderElection(121)) - a68edfa1-dc1a-41e9-a365-15c521233673: shutdown a68edfa1-dc1a-41e9-a365-15c521233673@group-2D885C1E68F8-LeaderElection19
2021-09-28 01:16:00,938 [a68edfa1-dc1a-41e9-a365-15c521233673@group-2D885C1E68F8-LeaderElection19] INFO  impl.RoleInfo (RoleInfo.java:updateAndGet(130)) - a68edfa1-dc1a-41e9-a365-15c521233673: start a68edfa1-dc1a-41e9-a365-15c521233673@group-2D885C1E68F8-FollowerState
2021-09-28 01:16:01,029 [a68edfa1-dc1a-41e9-a365-15c521233673@group-0C6976726A89-FollowerState] INFO  impl.FollowerState (FollowerState.java:run(134)) - a68edfa1-dc1a-41e9-a365-15c521233673@group-0C6976726A89-FollowerState: change to CANDIDATE, lastRpcElapsedTime:5067250308ns, electionTimeout:5064ms
2021-09-28 01:16:01,029 [a68edfa1-dc1a-41e9-a365-15c521233673@group-0C6976726A89-FollowerState] INFO  impl.RoleInfo (RoleInfo.java:shutdownFollowerState(108)) - a68edfa1-dc1a-41e9-a365-15c521233673: shutdown a68edfa1-dc1a-41e9-a365-15c521233673@group-0C6976726A89-FollowerState
2021-09-28 01:16:01,029 [a68edfa1-dc1a-41e9-a365-15c521233673@group-0C6976726A89-FollowerState] INFO  server.RaftServer$Division (RaftServerImpl.java:setRole(285)) - a68edfa1-dc1a-41e9-a365-15c521233673@group-0C6976726A89: changes role from  FOLLOWER to CANDIDATE at term 1 for changeToCandidate
2021-09-28 01:16:01,029 [a68edfa1-dc1a-41e9-a365-15c521233673@group-0C6976726A89-FollowerState] INFO  server.RaftServerConfigKeys (ConfUtils.java:logGet(44)) - raft.server.leaderelection.pre-vote = false (custom)
2021-09-28 01:16:01,029 [a68edfa1-dc1a-41e9-a365-15c521233673@group-0C6976726A89-FollowerState] INFO  impl.RoleInfo (RoleInfo.java:updateAndGet(130)) - a68edfa1-dc1a-41e9-a365-15c521233673: start a68edfa1-dc1a-41e9-a365-15c521233673@group-0C6976726A89-LeaderElection20
2021-09-28 01:16:01,036 [a68edfa1-dc1a-41e9-a365-15c521233673@group-0C6976726A89-LeaderElection20] INFO  impl.LeaderElection (LeaderElection.java:askForVotes(306)) - a68edfa1-dc1a-41e9-a365-15c521233673@group-0C6976726A89-LeaderElection20 ELECTION round 0: submit vote requests at term 2 for -1: [a68edfa1-dc1a-41e9-a365-15c521233673|rpc:127.0.0.1:40889|priority:0, 682f795c-fd6e-4513-96f4-ff699a8baeca|rpc:127.0.0.1:41003|priority:0, aff66e22-6e70-443d-9eb4-a88275d3a955|rpc:127.0.0.1:45375|priority:1], old=null
2021-09-28 01:16:01,047 [grpc-default-executor-1] INFO  server.RaftServer$Division (RaftServerImpl.java:requestVote(1043)) - 682f795c-fd6e-4513-96f4-ff699a8baeca@group-0C6976726A89: receive requestVote(ELECTION, a68edfa1-dc1a-41e9-a365-15c521233673, group-0C6976726A89, 2, (t:0, i:0))
2021-09-28 01:16:01,047 [grpc-default-executor-1] INFO  impl.VoteContext (VoteContext.java:log(48)) - 682f795c-fd6e-4513-96f4-ff699a8baeca@group-0C6976726A89-FOLLOWER: accept ELECTION from a68edfa1-dc1a-41e9-a365-15c521233673: our priority 0 <= candidate's priority 0
2021-09-28 01:16:01,047 [grpc-default-executor-1] INFO  server.RaftServer$Division (RaftServerImpl.java:setRole(285)) - 682f795c-fd6e-4513-96f4-ff699a8baeca@group-0C6976726A89: changes role from  FOLLOWER to FOLLOWER at term 2 for candidate:a68edfa1-dc1a-41e9-a365-15c521233673
2021-09-28 01:16:01,047 [grpc-default-executor-1] INFO  impl.RoleInfo (RoleInfo.java:shutdownFollowerState(108)) - 682f795c-fd6e-4513-96f4-ff699a8baeca: shutdown 682f795c-fd6e-4513-96f4-ff699a8baeca@group-0C6976726A89-FollowerState
2021-09-28 01:16:01,047 [grpc-default-executor-1] INFO  impl.RoleInfo (RoleInfo.java:updateAndGet(130)) - 682f795c-fd6e-4513-96f4-ff699a8baeca: start 682f795c-fd6e-4513-96f4-ff699a8baeca@group-0C6976726A89-FollowerState
2021-09-28 01:16:01,047 [682f795c-fd6e-4513-96f4-ff699a8baeca@group-0C6976726A89-FollowerState] INFO  impl.FollowerState (FollowerState.java:run(143)) - 682f795c-fd6e-4513-96f4-ff699a8baeca@group-0C6976726A89-FollowerState was interrupted: {}
java.lang.InterruptedException: sleep interrupted
	at java.lang.Thread.sleep(Native Method)
	at java.lang.Thread.sleep(Thread.java:340)
	at java.util.concurrent.TimeUnit.sleep(TimeUnit.java:386)
	at org.apache.ratis.util.TimeDuration.sleep(TimeDuration.java:324)
	at org.apache.ratis.util.TimeDuration.sleep(TimeDuration.java:309)
	at org.apache.ratis.server.impl.FollowerState.run(FollowerState.java:118)
2021-09-28 01:16:01,069 [grpc-default-executor-1] INFO  server.RaftServer$Division (RaftServerImpl.java:requestVote(1075)) - 682f795c-fd6e-4513-96f4-ff699a8baeca@group-0C6976726A89 replies to ELECTION vote request: a68edfa1-dc1a-41e9-a365-15c521233673<-682f795c-fd6e-4513-96f4-ff699a8baeca#0:OK-t2. Peer's state: 682f795c-fd6e-4513-96f4-ff699a8baeca@group-0C6976726A89:t2, leader=null, voted=a68edfa1-dc1a-41e9-a365-15c521233673, raftlog=682f795c-fd6e-4513-96f4-ff699a8baeca@group-0C6976726A89-SegmentedRaftLog:OPENED:c-1,f-1,i0, conf=-1: [a68edfa1-dc1a-41e9-a365-15c521233673|rpc:127.0.0.1:40889|dataStream:|priority:0, 682f795c-fd6e-4513-96f4-ff699a8baeca|rpc:127.0.0.1:41003|dataStream:|priority:0, aff66e22-6e70-443d-9eb4-a88275d3a955|rpc:127.0.0.1:45375|dataStream:|priority:1], old=null
2021-09-28 01:16:01,049 [grpc-default-executor-2] INFO  server.RaftServer$Division (RaftServerImpl.java:requestVote(1043)) - aff66e22-6e70-443d-9eb4-a88275d3a955@group-0C6976726A89: receive requestVote(ELECTION, a68edfa1-dc1a-41e9-a365-15c521233673, group-0C6976726A89, 2, (t:0, i:0))
2021-09-28 01:16:01,070 [grpc-default-executor-2] INFO  impl.VoteContext (VoteContext.java:log(48)) - aff66e22-6e70-443d-9eb4-a88275d3a955@group-0C6976726A89-FOLLOWER: reject ELECTION from a68edfa1-dc1a-41e9-a365-15c521233673: our priority 1 > candidate's priority 0
2021-09-28 01:16:01,070 [grpc-default-executor-2] INFO  server.RaftServer$Division (RaftServerImpl.java:setRole(285)) - aff66e22-6e70-443d-9eb4-a88275d3a955@group-0C6976726A89: changes role from  FOLLOWER to FOLLOWER at term 2 for candidate:a68edfa1-dc1a-41e9-a365-15c521233673
2021-09-28 01:16:01,070 [grpc-default-executor-2] INFO  impl.RoleInfo (RoleInfo.java:shutdownFollowerState(108)) - aff66e22-6e70-443d-9eb4-a88275d3a955: shutdown aff66e22-6e70-443d-9eb4-a88275d3a955@group-0C6976726A89-FollowerState
2021-09-28 01:16:01,070 [grpc-default-executor-2] INFO  impl.RoleInfo (RoleInfo.java:updateAndGet(130)) - aff66e22-6e70-443d-9eb4-a88275d3a955: start aff66e22-6e70-443d-9eb4-a88275d3a955@group-0C6976726A89-FollowerState
2021-09-28 01:16:01,070 [aff66e22-6e70-443d-9eb4-a88275d3a955@group-0C6976726A89-FollowerState] INFO  impl.FollowerState (FollowerState.java:run(143)) - aff66e22-6e70-443d-9eb4-a88275d3a955@group-0C6976726A89-FollowerState was interrupted: {}
java.lang.InterruptedException: sleep interrupted
	at java.lang.Thread.sleep(Native Method)
	at java.lang.Thread.sleep(Thread.java:340)
	at java.util.concurrent.TimeUnit.sleep(TimeUnit.java:386)
	at org.apache.ratis.util.TimeDuration.sleep(TimeDuration.java:324)
	at org.apache.ratis.util.TimeDuration.sleep(TimeDuration.java:309)
	at org.apache.ratis.server.impl.FollowerState.run(FollowerState.java:118)
2021-09-28 01:16:01,080 [grpc-default-executor-2] INFO  server.RaftServer$Division (RaftServerImpl.java:requestVote(1075)) - aff66e22-6e70-443d-9eb4-a88275d3a955@group-0C6976726A89 replies to ELECTION vote request: a68edfa1-dc1a-41e9-a365-15c521233673<-aff66e22-6e70-443d-9eb4-a88275d3a955#0:FAIL-t2. Peer's state: aff66e22-6e70-443d-9eb4-a88275d3a955@group-0C6976726A89:t2, leader=null, voted=null, raftlog=aff66e22-6e70-443d-9eb4-a88275d3a955@group-0C6976726A89-SegmentedRaftLog:OPENED:c-1,f-1,i0, conf=-1: [a68edfa1-dc1a-41e9-a365-15c521233673|rpc:127.0.0.1:40889|dataStream:|priority:0, 682f795c-fd6e-4513-96f4-ff699a8baeca|rpc:127.0.0.1:41003|dataStream:|priority:0, aff66e22-6e70-443d-9eb4-a88275d3a955|rpc:127.0.0.1:45375|dataStream:|priority:1], old=null
2021-09-28 01:16:01,086 [a68edfa1-dc1a-41e9-a365-15c521233673@group-0C6976726A89-LeaderElection20] INFO  impl.LeaderElection (LeaderElection.java:logAndReturn(89)) - a68edfa1-dc1a-41e9-a365-15c521233673@group-0C6976726A89-LeaderElection20: ELECTION REJECTED received 2 response(s) and 0 exception(s):
2021-09-28 01:16:01,086 [a68edfa1-dc1a-41e9-a365-15c521233673@group-0C6976726A89-LeaderElection20] INFO  impl.LeaderElection (LeaderElection.java:logAndReturn(93)) -   Response 0: a68edfa1-dc1a-41e9-a365-15c521233673<-682f795c-fd6e-4513-96f4-ff699a8baeca#0:OK-t2
2021-09-28 01:16:01,086 [a68edfa1-dc1a-41e9-a365-15c521233673@group-0C6976726A89-LeaderElection20] INFO  impl.LeaderElection (LeaderElection.java:logAndReturn(93)) -   Response 1: a68edfa1-dc1a-41e9-a365-15c521233673<-aff66e22-6e70-443d-9eb4-a88275d3a955#0:FAIL-t2
2021-09-28 01:16:01,086 [a68edfa1-dc1a-41e9-a365-15c521233673@group-0C6976726A89-LeaderElection20] INFO  impl.LeaderElection (LeaderElection.java:askForVotes(308)) - a68edfa1-dc1a-41e9-a365-15c521233673@group-0C6976726A89-LeaderElection20 ELECTION round 0: result REJECTED
2021-09-28 01:16:01,086 [a68edfa1-dc1a-41e9-a365-15c521233673@group-0C6976726A89-LeaderElection20] INFO  server.RaftServer$Division (RaftServerImpl.java:setRole(285)) - a68edfa1-dc1a-41e9-a365-15c521233673@group-0C6976726A89: changes role from CANDIDATE to FOLLOWER at term 2 for REJECTED
2021-09-28 01:16:01,086 [a68edfa1-dc1a-41e9-a365-15c521233673@group-0C6976726A89-LeaderElection20] INFO  impl.RoleInfo (RoleInfo.java:shutdownLeaderElection(121)) - a68edfa1-dc1a-41e9-a365-15c521233673: shutdown a68edfa1-dc1a-41e9-a365-15c521233673@group-0C6976726A89-LeaderElection20
2021-09-28 01:16:01,086 [a68edfa1-dc1a-41e9-a365-15c521233673@group-0C6976726A89-LeaderElection20] INFO  impl.RoleInfo (RoleInfo.java:updateAndGet(130)) - a68edfa1-dc1a-41e9-a365-15c521233673: start a68edfa1-dc1a-41e9-a365-15c521233673@group-0C6976726A89-FollowerState
2021-09-28 01:16:01,291 [Datanode State Machine Thread - 0] ERROR datanode.RunningDatanodeState (RunningDatanodeState.java:computeNextContainerState(199)) - Error in executing end point task.
java.util.concurrent.ExecutionException: java.util.concurrent.TimeoutException
	at java.util.concurrent.FutureTask.report(FutureTask.java:122)
	at java.util.concurrent.FutureTask.get(FutureTask.java:192)
	at org.apache.hadoop.ozone.container.common.states.datanode.RunningDatanodeState.computeNextContainerState(RunningDatanodeState.java:191)
	at org.apache.hadoop.ozone.container.common.states.datanode.RunningDatanodeState.await(RunningDatanodeState.java:231)
	at org.apache.hadoop.ozone.container.common.states.datanode.RunningDatanodeState.await(RunningDatanodeState.java:50)
	at org.apache.hadoop.ozone.container.common.statemachine.StateContext.execute(StateContext.java:629)
	at org.apache.hadoop.ozone.container.common.statemachine.DatanodeStateMachine.start(DatanodeStateMachine.java:270)
	at org.apache.hadoop.ozone.container.common.statemachine.DatanodeStateMachine.lambda$startDaemon$0(DatanodeStateMachine.java:457)
	at java.lang.Thread.run(Thread.java:748)
Caused by: java.util.concurrent.TimeoutException
	at java.util.concurrent.FutureTask.get(FutureTask.java:205)
	at org.apache.hadoop.ozone.container.common.states.datanode.RunningDatanodeState.lambda$execute$0(RunningDatanodeState.java:149)
	at java.util.concurrent.FutureTask.run(FutureTask.java:266)
	at java.util.concurrent.Executors$RunnableAdapter.call(Executors.java:511)
	at java.util.concurrent.FutureTask.run(FutureTask.java:266)
	at java.util.concurrent.ThreadPoolExecutor.runWorker(ThreadPoolExecutor.java:1149)
	at java.util.concurrent.ThreadPoolExecutor$Worker.run(ThreadPoolExecutor.java:624)
	... 1 more
2021-09-28 01:16:01,384 [EndpointStateMachine task thread for /127.0.0.1:15957 - 0 ] INFO  ipc.Client (Client.java:handleConnectionFailure(977)) - Retrying connect to server: localhost/127.0.0.1:15957. Already tried 4 time(s); retry policy is RetryUpToMaximumCountWithFixedSleep(maxRetries=15, sleepTime=1000 MILLISECONDS)
2021-09-28 01:16:01,559 [EndpointStateMachine task thread for /127.0.0.1:15977 - 0 ] INFO  ipc.Client (Client.java:handleConnectionFailure(977)) - Retrying connect to server: localhost/127.0.0.1:15977. Already tried 5 time(s); retry policy is RetryUpToMaximumCountWithFixedSleep(maxRetries=15, sleepTime=1000 MILLISECONDS)
2021-09-28 01:16:01,560 [Listener at 127.0.0.1/13700] INFO  ozone.MiniOzoneClusterImpl (MiniOzoneClusterImpl.java:lambda$waitForClusterToBeReady$0(235)) - Nodes are ready. Got 3 of 3 DN Heartbeats.
2021-09-28 01:16:01,560 [Listener at 127.0.0.1/13700] INFO  ozone.MiniOzoneClusterImpl (MiniOzoneClusterImpl.java:lambda$waitForClusterToBeReady$0(238)) - Waiting for cluster to exit safe mode
2021-09-28 01:16:01,560 [Listener at 127.0.0.1/13700] INFO  ozone.MiniOzoneClusterImpl (MiniOzoneClusterImpl.java:lambda$waitForClusterToBeReady$0(240)) - SCM became leader
2021-09-28 01:16:01,678 [Datanode State Machine Thread - 0] ERROR datanode.RunningDatanodeState (RunningDatanodeState.java:computeNextContainerState(199)) - Error in executing end point task.
java.util.concurrent.ExecutionException: java.util.concurrent.TimeoutException
	at java.util.concurrent.FutureTask.report(FutureTask.java:122)
	at java.util.concurrent.FutureTask.get(FutureTask.java:192)
	at org.apache.hadoop.ozone.container.common.states.datanode.RunningDatanodeState.computeNextContainerState(RunningDatanodeState.java:191)
	at org.apache.hadoop.ozone.container.common.states.datanode.RunningDatanodeState.await(RunningDatanodeState.java:231)
	at org.apache.hadoop.ozone.container.common.states.datanode.RunningDatanodeState.await(RunningDatanodeState.java:50)
	at org.apache.hadoop.ozone.container.common.statemachine.StateContext.execute(StateContext.java:629)
	at org.apache.hadoop.ozone.container.common.statemachine.DatanodeStateMachine.start(DatanodeStateMachine.java:270)
	at org.apache.hadoop.ozone.container.common.statemachine.DatanodeStateMachine.lambda$startDaemon$0(DatanodeStateMachine.java:457)
	at java.lang.Thread.run(Thread.java:748)
Caused by: java.util.concurrent.TimeoutException
	at java.util.concurrent.FutureTask.get(FutureTask.java:205)
	at org.apache.hadoop.ozone.container.common.states.datanode.RunningDatanodeState.lambda$execute$0(RunningDatanodeState.java:149)
	at java.util.concurrent.FutureTask.run(FutureTask.java:266)
	at java.util.concurrent.Executors$RunnableAdapter.call(Executors.java:511)
	at java.util.concurrent.FutureTask.run(FutureTask.java:266)
	at java.util.concurrent.ThreadPoolExecutor.runWorker(ThreadPoolExecutor.java:1149)
	at java.util.concurrent.ThreadPoolExecutor$Worker.run(ThreadPoolExecutor.java:624)
	... 1 more
2021-09-28 01:16:01,774 [EndpointStateMachine task thread for /127.0.0.1:15967 - 0 ] INFO  ipc.Client (Client.java:handleConnectionFailure(977)) - Retrying connect to server: localhost/127.0.0.1:15967. Already tried 5 time(s); retry policy is RetryUpToMaximumCountWithFixedSleep(maxRetries=15, sleepTime=1000 MILLISECONDS)
2021-09-28 01:16:02,296 [Datanode State Machine Thread - 0] ERROR datanode.RunningDatanodeState (RunningDatanodeState.java:computeNextContainerState(199)) - Error in executing end point task.
java.util.concurrent.ExecutionException: java.util.concurrent.TimeoutException
	at java.util.concurrent.FutureTask.report(FutureTask.java:122)
	at java.util.concurrent.FutureTask.get(FutureTask.java:192)
	at org.apache.hadoop.ozone.container.common.states.datanode.RunningDatanodeState.computeNextContainerState(RunningDatanodeState.java:191)
	at org.apache.hadoop.ozone.container.common.states.datanode.RunningDatanodeState.await(RunningDatanodeState.java:231)
	at org.apache.hadoop.ozone.container.common.states.datanode.RunningDatanodeState.await(RunningDatanodeState.java:50)
	at org.apache.hadoop.ozone.container.common.statemachine.StateContext.execute(StateContext.java:629)
	at org.apache.hadoop.ozone.container.common.statemachine.DatanodeStateMachine.start(DatanodeStateMachine.java:270)
	at org.apache.hadoop.ozone.container.common.statemachine.DatanodeStateMachine.lambda$startDaemon$0(DatanodeStateMachine.java:457)
	at java.lang.Thread.run(Thread.java:748)
Caused by: java.util.concurrent.TimeoutException
	at java.util.concurrent.FutureTask.get(FutureTask.java:205)
	at org.apache.hadoop.ozone.container.common.states.datanode.RunningDatanodeState.lambda$execute$0(RunningDatanodeState.java:149)
	at java.util.concurrent.FutureTask.run(FutureTask.java:266)
	at java.util.concurrent.Executors$RunnableAdapter.call(Executors.java:511)
	at java.util.concurrent.FutureTask.run(FutureTask.java:266)
	at java.util.concurrent.ThreadPoolExecutor.runWorker(ThreadPoolExecutor.java:1149)
	at java.util.concurrent.ThreadPoolExecutor$Worker.run(ThreadPoolExecutor.java:624)
	... 1 more
2021-09-28 01:16:02,384 [EndpointStateMachine task thread for /127.0.0.1:15957 - 0 ] INFO  ipc.Client (Client.java:handleConnectionFailure(977)) - Retrying connect to server: localhost/127.0.0.1:15957. Already tried 5 time(s); retry policy is RetryUpToMaximumCountWithFixedSleep(maxRetries=15, sleepTime=1000 MILLISECONDS)
2021-09-28 01:16:02,560 [EndpointStateMachine task thread for /127.0.0.1:15977 - 0 ] INFO  ipc.Client (Client.java:handleConnectionFailure(977)) - Retrying connect to server: localhost/127.0.0.1:15977. Already tried 6 time(s); retry policy is RetryUpToMaximumCountWithFixedSleep(maxRetries=15, sleepTime=1000 MILLISECONDS)
2021-09-28 01:16:02,561 [Listener at 127.0.0.1/13700] INFO  ozone.MiniOzoneClusterImpl (MiniOzoneClusterImpl.java:lambda$waitForClusterToBeReady$0(235)) - Nodes are ready. Got 3 of 3 DN Heartbeats.
2021-09-28 01:16:02,561 [Listener at 127.0.0.1/13700] INFO  ozone.MiniOzoneClusterImpl (MiniOzoneClusterImpl.java:lambda$waitForClusterToBeReady$0(238)) - Waiting for cluster to exit safe mode
2021-09-28 01:16:02,561 [Listener at 127.0.0.1/13700] INFO  ozone.MiniOzoneClusterImpl (MiniOzoneClusterImpl.java:lambda$waitForClusterToBeReady$0(240)) - SCM became leader
2021-09-28 01:16:02,683 [Datanode State Machine Thread - 0] ERROR datanode.RunningDatanodeState (RunningDatanodeState.java:computeNextContainerState(199)) - Error in executing end point task.
java.util.concurrent.ExecutionException: java.util.concurrent.TimeoutException
	at java.util.concurrent.FutureTask.report(FutureTask.java:122)
	at java.util.concurrent.FutureTask.get(FutureTask.java:192)
	at org.apache.hadoop.ozone.container.common.states.datanode.RunningDatanodeState.computeNextContainerState(RunningDatanodeState.java:191)
	at org.apache.hadoop.ozone.container.common.states.datanode.RunningDatanodeState.await(RunningDatanodeState.java:231)
	at org.apache.hadoop.ozone.container.common.states.datanode.RunningDatanodeState.await(RunningDatanodeState.java:50)
	at org.apache.hadoop.ozone.container.common.statemachine.StateContext.execute(StateContext.java:629)
	at org.apache.hadoop.ozone.container.common.statemachine.DatanodeStateMachine.start(DatanodeStateMachine.java:270)
	at org.apache.hadoop.ozone.container.common.statemachine.DatanodeStateMachine.lambda$startDaemon$0(DatanodeStateMachine.java:457)
	at java.lang.Thread.run(Thread.java:748)
Caused by: java.util.concurrent.TimeoutException
	at java.util.concurrent.FutureTask.get(FutureTask.java:205)
	at org.apache.hadoop.ozone.container.common.states.datanode.RunningDatanodeState.lambda$execute$0(RunningDatanodeState.java:149)
	at java.util.concurrent.FutureTask.run(FutureTask.java:266)
	at java.util.concurrent.Executors$RunnableAdapter.call(Executors.java:511)
	at java.util.concurrent.FutureTask.run(FutureTask.java:266)
	at java.util.concurrent.ThreadPoolExecutor.runWorker(ThreadPoolExecutor.java:1149)
	at java.util.concurrent.ThreadPoolExecutor$Worker.run(ThreadPoolExecutor.java:624)
	... 1 more
2021-09-28 01:16:02,769 [Datanode State Machine Thread - 0] ERROR datanode.RunningDatanodeState (RunningDatanodeState.java:computeNextContainerState(199)) - Error in executing end point task.
java.util.concurrent.ExecutionException: java.util.concurrent.TimeoutException
	at java.util.concurrent.FutureTask.report(FutureTask.java:122)
	at java.util.concurrent.FutureTask.get(FutureTask.java:192)
	at org.apache.hadoop.ozone.container.common.states.datanode.RunningDatanodeState.computeNextContainerState(RunningDatanodeState.java:191)
	at org.apache.hadoop.ozone.container.common.states.datanode.RunningDatanodeState.await(RunningDatanodeState.java:231)
	at org.apache.hadoop.ozone.container.common.states.datanode.RunningDatanodeState.await(RunningDatanodeState.java:50)
	at org.apache.hadoop.ozone.container.common.statemachine.StateContext.execute(StateContext.java:629)
	at org.apache.hadoop.ozone.container.common.statemachine.DatanodeStateMachine.start(DatanodeStateMachine.java:270)
	at org.apache.hadoop.ozone.container.common.statemachine.DatanodeStateMachine.lambda$startDaemon$0(DatanodeStateMachine.java:457)
	at java.lang.Thread.run(Thread.java:748)
Caused by: java.util.concurrent.TimeoutException
	at java.util.concurrent.FutureTask.get(FutureTask.java:205)
	at org.apache.hadoop.ozone.container.common.states.datanode.RunningDatanodeState.lambda$execute$0(RunningDatanodeState.java:149)
	at java.util.concurrent.FutureTask.run(FutureTask.java:266)
	at java.util.concurrent.Executors$RunnableAdapter.call(Executors.java:511)
	at java.util.concurrent.FutureTask.run(FutureTask.java:266)
	at java.util.concurrent.ThreadPoolExecutor.runWorker(ThreadPoolExecutor.java:1149)
	at java.util.concurrent.ThreadPoolExecutor$Worker.run(ThreadPoolExecutor.java:624)
	... 1 more
2021-09-28 01:16:02,774 [EndpointStateMachine task thread for /127.0.0.1:15967 - 0 ] INFO  ipc.Client (Client.java:handleConnectionFailure(977)) - Retrying connect to server: localhost/127.0.0.1:15967. Already tried 6 time(s); retry policy is RetryUpToMaximumCountWithFixedSleep(maxRetries=15, sleepTime=1000 MILLISECONDS)
2021-09-28 01:16:03,300 [Datanode State Machine Thread - 0] ERROR datanode.RunningDatanodeState (RunningDatanodeState.java:computeNextContainerState(199)) - Error in executing end point task.
java.util.concurrent.ExecutionException: java.util.concurrent.TimeoutException
	at java.util.concurrent.FutureTask.report(FutureTask.java:122)
	at java.util.concurrent.FutureTask.get(FutureTask.java:192)
	at org.apache.hadoop.ozone.container.common.states.datanode.RunningDatanodeState.computeNextContainerState(RunningDatanodeState.java:191)
	at org.apache.hadoop.ozone.container.common.states.datanode.RunningDatanodeState.await(RunningDatanodeState.java:231)
	at org.apache.hadoop.ozone.container.common.states.datanode.RunningDatanodeState.await(RunningDatanodeState.java:50)
	at org.apache.hadoop.ozone.container.common.statemachine.StateContext.execute(StateContext.java:629)
	at org.apache.hadoop.ozone.container.common.statemachine.DatanodeStateMachine.start(DatanodeStateMachine.java:270)
	at org.apache.hadoop.ozone.container.common.statemachine.DatanodeStateMachine.lambda$startDaemon$0(DatanodeStateMachine.java:457)
	at java.lang.Thread.run(Thread.java:748)
Caused by: java.util.concurrent.TimeoutException
	at java.util.concurrent.FutureTask.get(FutureTask.java:205)
	at org.apache.hadoop.ozone.container.common.states.datanode.RunningDatanodeState.lambda$execute$0(RunningDatanodeState.java:149)
	at java.util.concurrent.FutureTask.run(FutureTask.java:266)
	at java.util.concurrent.Executors$RunnableAdapter.call(Executors.java:511)
	at java.util.concurrent.FutureTask.run(FutureTask.java:266)
	at java.util.concurrent.ThreadPoolExecutor.runWorker(ThreadPoolExecutor.java:1149)
	at java.util.concurrent.ThreadPoolExecutor$Worker.run(ThreadPoolExecutor.java:624)
	... 1 more
2021-09-28 01:16:03,385 [EndpointStateMachine task thread for /127.0.0.1:15957 - 0 ] INFO  ipc.Client (Client.java:handleConnectionFailure(977)) - Retrying connect to server: localhost/127.0.0.1:15957. Already tried 6 time(s); retry policy is RetryUpToMaximumCountWithFixedSleep(maxRetries=15, sleepTime=1000 MILLISECONDS)
2021-09-28 01:16:03,561 [EndpointStateMachine task thread for /127.0.0.1:15977 - 0 ] INFO  ipc.Client (Client.java:handleConnectionFailure(977)) - Retrying connect to server: localhost/127.0.0.1:15977. Already tried 7 time(s); retry policy is RetryUpToMaximumCountWithFixedSleep(maxRetries=15, sleepTime=1000 MILLISECONDS)
2021-09-28 01:16:03,561 [Listener at 127.0.0.1/13700] INFO  ozone.MiniOzoneClusterImpl (MiniOzoneClusterImpl.java:lambda$waitForClusterToBeReady$0(235)) - Nodes are ready. Got 3 of 3 DN Heartbeats.
2021-09-28 01:16:03,561 [Listener at 127.0.0.1/13700] INFO  ozone.MiniOzoneClusterImpl (MiniOzoneClusterImpl.java:lambda$waitForClusterToBeReady$0(238)) - Waiting for cluster to exit safe mode
2021-09-28 01:16:03,562 [Listener at 127.0.0.1/13700] INFO  ozone.MiniOzoneClusterImpl (MiniOzoneClusterImpl.java:lambda$waitForClusterToBeReady$0(240)) - SCM became leader
2021-09-28 01:16:03,771 [Datanode State Machine Thread - 0] ERROR datanode.RunningDatanodeState (RunningDatanodeState.java:computeNextContainerState(199)) - Error in executing end point task.
java.util.concurrent.ExecutionException: java.util.concurrent.TimeoutException
	at java.util.concurrent.FutureTask.report(FutureTask.java:122)
	at java.util.concurrent.FutureTask.get(FutureTask.java:192)
	at org.apache.hadoop.ozone.container.common.states.datanode.RunningDatanodeState.computeNextContainerState(RunningDatanodeState.java:191)
	at org.apache.hadoop.ozone.container.common.states.datanode.RunningDatanodeState.await(RunningDatanodeState.java:231)
	at org.apache.hadoop.ozone.container.common.states.datanode.RunningDatanodeState.await(RunningDatanodeState.java:50)
	at org.apache.hadoop.ozone.container.common.statemachine.StateContext.execute(StateContext.java:629)
	at org.apache.hadoop.ozone.container.common.statemachine.DatanodeStateMachine.start(DatanodeStateMachine.java:270)
	at org.apache.hadoop.ozone.container.common.statemachine.DatanodeStateMachine.lambda$startDaemon$0(DatanodeStateMachine.java:457)
	at java.lang.Thread.run(Thread.java:748)
Caused by: java.util.concurrent.TimeoutException
	at java.util.concurrent.FutureTask.get(FutureTask.java:205)
	at org.apache.hadoop.ozone.container.common.states.datanode.RunningDatanodeState.lambda$execute$0(RunningDatanodeState.java:149)
	at java.util.concurrent.FutureTask.run(FutureTask.java:266)
	at java.util.concurrent.Executors$RunnableAdapter.call(Executors.java:511)
	at java.util.concurrent.FutureTask.run(FutureTask.java:266)
	at java.util.concurrent.ThreadPoolExecutor.runWorker(ThreadPoolExecutor.java:1149)
	at java.util.concurrent.ThreadPoolExecutor$Worker.run(ThreadPoolExecutor.java:624)
	... 1 more
2021-09-28 01:16:03,776 [EndpointStateMachine task thread for /127.0.0.1:15967 - 0 ] INFO  ipc.Client (Client.java:handleConnectionFailure(977)) - Retrying connect to server: localhost/127.0.0.1:15967. Already tried 7 time(s); retry policy is RetryUpToMaximumCountWithFixedSleep(maxRetries=15, sleepTime=1000 MILLISECONDS)
2021-09-28 01:16:04,385 [EndpointStateMachine task thread for /127.0.0.1:15957 - 0 ] INFO  ipc.Client (Client.java:handleConnectionFailure(977)) - Retrying connect to server: localhost/127.0.0.1:15957. Already tried 7 time(s); retry policy is RetryUpToMaximumCountWithFixedSleep(maxRetries=15, sleepTime=1000 MILLISECONDS)
2021-09-28 01:16:04,561 [EndpointStateMachine task thread for /127.0.0.1:15977 - 0 ] INFO  ipc.Client (Client.java:handleConnectionFailure(977)) - Retrying connect to server: localhost/127.0.0.1:15977. Already tried 8 time(s); retry policy is RetryUpToMaximumCountWithFixedSleep(maxRetries=15, sleepTime=1000 MILLISECONDS)
2021-09-28 01:16:04,562 [Listener at 127.0.0.1/13700] INFO  ozone.MiniOzoneClusterImpl (MiniOzoneClusterImpl.java:lambda$waitForClusterToBeReady$0(235)) - Nodes are ready. Got 3 of 3 DN Heartbeats.
2021-09-28 01:16:04,562 [Listener at 127.0.0.1/13700] INFO  ozone.MiniOzoneClusterImpl (MiniOzoneClusterImpl.java:lambda$waitForClusterToBeReady$0(238)) - Waiting for cluster to exit safe mode
2021-09-28 01:16:04,562 [Listener at 127.0.0.1/13700] INFO  ozone.MiniOzoneClusterImpl (MiniOzoneClusterImpl.java:lambda$waitForClusterToBeReady$0(240)) - SCM became leader
2021-09-28 01:16:04,688 [Datanode State Machine Thread - 0] ERROR datanode.RunningDatanodeState (RunningDatanodeState.java:computeNextContainerState(199)) - Error in executing end point task.
java.util.concurrent.ExecutionException: java.util.concurrent.TimeoutException
	at java.util.concurrent.FutureTask.report(FutureTask.java:122)
	at java.util.concurrent.FutureTask.get(FutureTask.java:192)
	at org.apache.hadoop.ozone.container.common.states.datanode.RunningDatanodeState.computeNextContainerState(RunningDatanodeState.java:191)
	at org.apache.hadoop.ozone.container.common.states.datanode.RunningDatanodeState.await(RunningDatanodeState.java:231)
	at org.apache.hadoop.ozone.container.common.states.datanode.RunningDatanodeState.await(RunningDatanodeState.java:50)
	at org.apache.hadoop.ozone.container.common.statemachine.StateContext.execute(StateContext.java:629)
	at org.apache.hadoop.ozone.container.common.statemachine.DatanodeStateMachine.start(DatanodeStateMachine.java:270)
	at org.apache.hadoop.ozone.container.common.statemachine.DatanodeStateMachine.lambda$startDaemon$0(DatanodeStateMachine.java:457)
	at java.lang.Thread.run(Thread.java:748)
Caused by: java.util.concurrent.TimeoutException
	at java.util.concurrent.FutureTask.get(FutureTask.java:205)
	at org.apache.hadoop.ozone.container.common.states.datanode.RunningDatanodeState.lambda$execute$0(RunningDatanodeState.java:149)
	at java.util.concurrent.FutureTask.run(FutureTask.java:266)
	at java.util.concurrent.Executors$RunnableAdapter.call(Executors.java:511)
	at java.util.concurrent.FutureTask.run(FutureTask.java:266)
	at java.util.concurrent.ThreadPoolExecutor.runWorker(ThreadPoolExecutor.java:1149)
	at java.util.concurrent.ThreadPoolExecutor$Worker.run(ThreadPoolExecutor.java:624)
	... 1 more
2021-09-28 01:16:04,773 [Datanode State Machine Thread - 0] ERROR datanode.RunningDatanodeState (RunningDatanodeState.java:computeNextContainerState(199)) - Error in executing end point task.
java.util.concurrent.ExecutionException: java.util.concurrent.TimeoutException
	at java.util.concurrent.FutureTask.report(FutureTask.java:122)
	at java.util.concurrent.FutureTask.get(FutureTask.java:192)
	at org.apache.hadoop.ozone.container.common.states.datanode.RunningDatanodeState.computeNextContainerState(RunningDatanodeState.java:191)
	at org.apache.hadoop.ozone.container.common.states.datanode.RunningDatanodeState.await(RunningDatanodeState.java:231)
	at org.apache.hadoop.ozone.container.common.states.datanode.RunningDatanodeState.await(RunningDatanodeState.java:50)
	at org.apache.hadoop.ozone.container.common.statemachine.StateContext.execute(StateContext.java:629)
	at org.apache.hadoop.ozone.container.common.statemachine.DatanodeStateMachine.start(DatanodeStateMachine.java:270)
	at org.apache.hadoop.ozone.container.common.statemachine.DatanodeStateMachine.lambda$startDaemon$0(DatanodeStateMachine.java:457)
	at java.lang.Thread.run(Thread.java:748)
Caused by: java.util.concurrent.TimeoutException
	at java.util.concurrent.FutureTask.get(FutureTask.java:205)
	at org.apache.hadoop.ozone.container.common.states.datanode.RunningDatanodeState.lambda$execute$0(RunningDatanodeState.java:149)
	at java.util.concurrent.FutureTask.run(FutureTask.java:266)
	at java.util.concurrent.Executors$RunnableAdapter.call(Executors.java:511)
	at java.util.concurrent.FutureTask.run(FutureTask.java:266)
	at java.util.concurrent.ThreadPoolExecutor.runWorker(ThreadPoolExecutor.java:1149)
	at java.util.concurrent.ThreadPoolExecutor$Worker.run(ThreadPoolExecutor.java:624)
	... 1 more
2021-09-28 01:16:04,778 [EndpointStateMachine task thread for /127.0.0.1:15967 - 0 ] INFO  ipc.Client (Client.java:handleConnectionFailure(977)) - Retrying connect to server: localhost/127.0.0.1:15967. Already tried 8 time(s); retry policy is RetryUpToMaximumCountWithFixedSleep(maxRetries=15, sleepTime=1000 MILLISECONDS)
2021-09-28 01:16:05,386 [EndpointStateMachine task thread for /127.0.0.1:15957 - 0 ] INFO  ipc.Client (Client.java:handleConnectionFailure(977)) - Retrying connect to server: localhost/127.0.0.1:15957. Already tried 8 time(s); retry policy is RetryUpToMaximumCountWithFixedSleep(maxRetries=15, sleepTime=1000 MILLISECONDS)
2021-09-28 01:16:05,562 [EndpointStateMachine task thread for /127.0.0.1:15977 - 0 ] INFO  ipc.Client (Client.java:handleConnectionFailure(977)) - Retrying connect to server: localhost/127.0.0.1:15977. Already tried 9 time(s); retry policy is RetryUpToMaximumCountWithFixedSleep(maxRetries=15, sleepTime=1000 MILLISECONDS)
2021-09-28 01:16:05,562 [Listener at 127.0.0.1/13700] INFO  ozone.MiniOzoneClusterImpl (MiniOzoneClusterImpl.java:lambda$waitForClusterToBeReady$0(235)) - Nodes are ready. Got 3 of 3 DN Heartbeats.
2021-09-28 01:16:05,563 [Listener at 127.0.0.1/13700] INFO  ozone.MiniOzoneClusterImpl (MiniOzoneClusterImpl.java:lambda$waitForClusterToBeReady$0(238)) - Waiting for cluster to exit safe mode
2021-09-28 01:16:05,563 [Listener at 127.0.0.1/13700] INFO  ozone.MiniOzoneClusterImpl (MiniOzoneClusterImpl.java:lambda$waitForClusterToBeReady$0(240)) - SCM became leader
2021-09-28 01:16:05,779 [EndpointStateMachine task thread for /127.0.0.1:15967 - 0 ] INFO  ipc.Client (Client.java:handleConnectionFailure(977)) - Retrying connect to server: localhost/127.0.0.1:15967. Already tried 9 time(s); retry policy is RetryUpToMaximumCountWithFixedSleep(maxRetries=15, sleepTime=1000 MILLISECONDS)
2021-09-28 01:16:06,012 [682f795c-fd6e-4513-96f4-ff699a8baeca@group-2D885C1E68F8-FollowerState] INFO  impl.FollowerState (FollowerState.java:run(134)) - 682f795c-fd6e-4513-96f4-ff699a8baeca@group-2D885C1E68F8-FollowerState: change to CANDIDATE, lastRpcElapsedTime:5086418123ns, electionTimeout:5075ms
2021-09-28 01:16:06,012 [682f795c-fd6e-4513-96f4-ff699a8baeca@group-2D885C1E68F8-FollowerState] INFO  impl.RoleInfo (RoleInfo.java:shutdownFollowerState(108)) - 682f795c-fd6e-4513-96f4-ff699a8baeca: shutdown 682f795c-fd6e-4513-96f4-ff699a8baeca@group-2D885C1E68F8-FollowerState
2021-09-28 01:16:06,012 [682f795c-fd6e-4513-96f4-ff699a8baeca@group-2D885C1E68F8-FollowerState] INFO  server.RaftServer$Division (RaftServerImpl.java:setRole(285)) - 682f795c-fd6e-4513-96f4-ff699a8baeca@group-2D885C1E68F8: changes role from  FOLLOWER to CANDIDATE at term 2 for changeToCandidate
2021-09-28 01:16:06,012 [682f795c-fd6e-4513-96f4-ff699a8baeca@group-2D885C1E68F8-FollowerState] INFO  server.RaftServerConfigKeys (ConfUtils.java:logGet(44)) - raft.server.leaderelection.pre-vote = false (custom)
2021-09-28 01:16:06,012 [682f795c-fd6e-4513-96f4-ff699a8baeca@group-2D885C1E68F8-FollowerState] INFO  impl.RoleInfo (RoleInfo.java:updateAndGet(130)) - 682f795c-fd6e-4513-96f4-ff699a8baeca: start 682f795c-fd6e-4513-96f4-ff699a8baeca@group-2D885C1E68F8-LeaderElection21
2021-09-28 01:16:06,041 [682f795c-fd6e-4513-96f4-ff699a8baeca@group-2D885C1E68F8-LeaderElection21] INFO  impl.LeaderElection (LeaderElection.java:askForVotes(306)) - 682f795c-fd6e-4513-96f4-ff699a8baeca@group-2D885C1E68F8-LeaderElection21 ELECTION round 0: submit vote requests at term 3 for -1: [a68edfa1-dc1a-41e9-a365-15c521233673|rpc:127.0.0.1:40889|dataStream:|priority:0, 682f795c-fd6e-4513-96f4-ff699a8baeca|rpc:127.0.0.1:41003|dataStream:|priority:1, aff66e22-6e70-443d-9eb4-a88275d3a955|rpc:127.0.0.1:45375|dataStream:|priority:0], old=null
2021-09-28 01:16:06,065 [grpc-default-executor-2] INFO  server.RaftServer$Division (RaftServerImpl.java:requestVote(1043)) - a68edfa1-dc1a-41e9-a365-15c521233673@group-2D885C1E68F8: receive requestVote(ELECTION, 682f795c-fd6e-4513-96f4-ff699a8baeca, group-2D885C1E68F8, 3, (t:0, i:0))
2021-09-28 01:16:06,065 [grpc-default-executor-2] INFO  impl.VoteContext (VoteContext.java:log(48)) - a68edfa1-dc1a-41e9-a365-15c521233673@group-2D885C1E68F8-FOLLOWER: accept ELECTION from 682f795c-fd6e-4513-96f4-ff699a8baeca: our priority 0 <= candidate's priority 1
2021-09-28 01:16:06,065 [grpc-default-executor-2] INFO  server.RaftServer$Division (RaftServerImpl.java:setRole(285)) - a68edfa1-dc1a-41e9-a365-15c521233673@group-2D885C1E68F8: changes role from  FOLLOWER to FOLLOWER at term 3 for candidate:682f795c-fd6e-4513-96f4-ff699a8baeca
2021-09-28 01:16:06,065 [grpc-default-executor-2] INFO  impl.RoleInfo (RoleInfo.java:shutdownFollowerState(108)) - a68edfa1-dc1a-41e9-a365-15c521233673: shutdown a68edfa1-dc1a-41e9-a365-15c521233673@group-2D885C1E68F8-FollowerState
2021-09-28 01:16:06,065 [grpc-default-executor-2] INFO  impl.RoleInfo (RoleInfo.java:updateAndGet(130)) - a68edfa1-dc1a-41e9-a365-15c521233673: start a68edfa1-dc1a-41e9-a365-15c521233673@group-2D885C1E68F8-FollowerState
2021-09-28 01:16:06,066 [a68edfa1-dc1a-41e9-a365-15c521233673@group-2D885C1E68F8-FollowerState] INFO  impl.FollowerState (FollowerState.java:run(143)) - a68edfa1-dc1a-41e9-a365-15c521233673@group-2D885C1E68F8-FollowerState was interrupted: {}
java.lang.InterruptedException: sleep interrupted
	at java.lang.Thread.sleep(Native Method)
	at java.lang.Thread.sleep(Thread.java:340)
	at java.util.concurrent.TimeUnit.sleep(TimeUnit.java:386)
	at org.apache.ratis.util.TimeDuration.sleep(TimeDuration.java:324)
	at org.apache.ratis.util.TimeDuration.sleep(TimeDuration.java:309)
	at org.apache.ratis.server.impl.FollowerState.run(FollowerState.java:118)
2021-09-28 01:16:06,074 [grpc-default-executor-1] INFO  server.RaftServer$Division (RaftServerImpl.java:requestVote(1043)) - aff66e22-6e70-443d-9eb4-a88275d3a955@group-2D885C1E68F8: receive requestVote(ELECTION, 682f795c-fd6e-4513-96f4-ff699a8baeca, group-2D885C1E68F8, 3, (t:0, i:0))
2021-09-28 01:16:06,083 [grpc-default-executor-1] INFO  impl.VoteContext (VoteContext.java:log(48)) - aff66e22-6e70-443d-9eb4-a88275d3a955@group-2D885C1E68F8-FOLLOWER: accept ELECTION from 682f795c-fd6e-4513-96f4-ff699a8baeca: our priority 0 <= candidate's priority 1
2021-09-28 01:16:06,083 [grpc-default-executor-1] INFO  server.RaftServer$Division (RaftServerImpl.java:setRole(285)) - aff66e22-6e70-443d-9eb4-a88275d3a955@group-2D885C1E68F8: changes role from  FOLLOWER to FOLLOWER at term 3 for candidate:682f795c-fd6e-4513-96f4-ff699a8baeca
2021-09-28 01:16:06,083 [grpc-default-executor-1] INFO  impl.RoleInfo (RoleInfo.java:shutdownFollowerState(108)) - aff66e22-6e70-443d-9eb4-a88275d3a955: shutdown aff66e22-6e70-443d-9eb4-a88275d3a955@group-2D885C1E68F8-FollowerState
2021-09-28 01:16:06,083 [aff66e22-6e70-443d-9eb4-a88275d3a955@group-2D885C1E68F8-FollowerState] INFO  impl.FollowerState (FollowerState.java:run(143)) - aff66e22-6e70-443d-9eb4-a88275d3a955@group-2D885C1E68F8-FollowerState was interrupted: {}
java.lang.InterruptedException: sleep interrupted
	at java.lang.Thread.sleep(Native Method)
	at java.lang.Thread.sleep(Thread.java:340)
	at java.util.concurrent.TimeUnit.sleep(TimeUnit.java:386)
	at org.apache.ratis.util.TimeDuration.sleep(TimeDuration.java:324)
	at org.apache.ratis.util.TimeDuration.sleep(TimeDuration.java:309)
	at org.apache.ratis.server.impl.FollowerState.run(FollowerState.java:118)
2021-09-28 01:16:06,083 [grpc-default-executor-1] INFO  impl.RoleInfo (RoleInfo.java:updateAndGet(130)) - aff66e22-6e70-443d-9eb4-a88275d3a955: start aff66e22-6e70-443d-9eb4-a88275d3a955@group-2D885C1E68F8-FollowerState
2021-09-28 01:16:06,089 [grpc-default-executor-1] INFO  server.RaftServer$Division (RaftServerImpl.java:requestVote(1075)) - aff66e22-6e70-443d-9eb4-a88275d3a955@group-2D885C1E68F8 replies to ELECTION vote request: 682f795c-fd6e-4513-96f4-ff699a8baeca<-aff66e22-6e70-443d-9eb4-a88275d3a955#0:OK-t3. Peer's state: aff66e22-6e70-443d-9eb4-a88275d3a955@group-2D885C1E68F8:t3, leader=null, voted=682f795c-fd6e-4513-96f4-ff699a8baeca, raftlog=aff66e22-6e70-443d-9eb4-a88275d3a955@group-2D885C1E68F8-SegmentedRaftLog:OPENED:c-1,f-1,i0, conf=-1: [a68edfa1-dc1a-41e9-a365-15c521233673|rpc:127.0.0.1:40889|dataStream:|priority:0, 682f795c-fd6e-4513-96f4-ff699a8baeca|rpc:127.0.0.1:41003|dataStream:|priority:1, aff66e22-6e70-443d-9eb4-a88275d3a955|rpc:127.0.0.1:45375|dataStream:|priority:0], old=null
2021-09-28 01:16:06,089 [grpc-default-executor-2] INFO  server.RaftServer$Division (RaftServerImpl.java:requestVote(1075)) - a68edfa1-dc1a-41e9-a365-15c521233673@group-2D885C1E68F8 replies to ELECTION vote request: 682f795c-fd6e-4513-96f4-ff699a8baeca<-a68edfa1-dc1a-41e9-a365-15c521233673#0:OK-t3. Peer's state: a68edfa1-dc1a-41e9-a365-15c521233673@group-2D885C1E68F8:t3, leader=null, voted=682f795c-fd6e-4513-96f4-ff699a8baeca, raftlog=a68edfa1-dc1a-41e9-a365-15c521233673@group-2D885C1E68F8-SegmentedRaftLog:OPENED:c-1,f-1,i0, conf=-1: [a68edfa1-dc1a-41e9-a365-15c521233673|rpc:127.0.0.1:40889|priority:0, 682f795c-fd6e-4513-96f4-ff699a8baeca|rpc:127.0.0.1:41003|priority:1, aff66e22-6e70-443d-9eb4-a88275d3a955|rpc:127.0.0.1:45375|priority:0], old=null
2021-09-28 01:16:06,090 [682f795c-fd6e-4513-96f4-ff699a8baeca@group-2D885C1E68F8-LeaderElection21] INFO  impl.LeaderElection (LeaderElection.java:logAndReturn(89)) - 682f795c-fd6e-4513-96f4-ff699a8baeca@group-2D885C1E68F8-LeaderElection21: ELECTION PASSED received 1 response(s) and 0 exception(s):
2021-09-28 01:16:06,090 [682f795c-fd6e-4513-96f4-ff699a8baeca@group-2D885C1E68F8-LeaderElection21] INFO  impl.LeaderElection (LeaderElection.java:logAndReturn(93)) -   Response 0: 682f795c-fd6e-4513-96f4-ff699a8baeca<-aff66e22-6e70-443d-9eb4-a88275d3a955#0:OK-t3
2021-09-28 01:16:06,090 [682f795c-fd6e-4513-96f4-ff699a8baeca@group-2D885C1E68F8-LeaderElection21] INFO  impl.LeaderElection (LeaderElection.java:askForVotes(308)) - 682f795c-fd6e-4513-96f4-ff699a8baeca@group-2D885C1E68F8-LeaderElection21 ELECTION round 0: result PASSED
2021-09-28 01:16:06,090 [682f795c-fd6e-4513-96f4-ff699a8baeca@group-2D885C1E68F8-LeaderElection21] INFO  impl.RoleInfo (RoleInfo.java:shutdownLeaderElection(121)) - 682f795c-fd6e-4513-96f4-ff699a8baeca: shutdown 682f795c-fd6e-4513-96f4-ff699a8baeca@group-2D885C1E68F8-LeaderElection21
2021-09-28 01:16:06,090 [682f795c-fd6e-4513-96f4-ff699a8baeca@group-2D885C1E68F8-LeaderElection21] INFO  server.RaftServer$Division (RaftServerImpl.java:setRole(285)) - 682f795c-fd6e-4513-96f4-ff699a8baeca@group-2D885C1E68F8: changes role from CANDIDATE to LEADER at term 3 for changeToLeader
2021-09-28 01:16:06,091 [682f795c-fd6e-4513-96f4-ff699a8baeca@group-2D885C1E68F8-LeaderElection21] INFO  ratis.XceiverServerRatis (XceiverServerRatis.java:handleLeaderChangedNotification(860)) - Leader change notification received for group: group-2D885C1E68F8 with new leaderId: 682f795c-fd6e-4513-96f4-ff699a8baeca
2021-09-28 01:16:06,091 [682f795c-fd6e-4513-96f4-ff699a8baeca@group-2D885C1E68F8-LeaderElection21] INFO  server.RaftServer$Division (ServerState.java:setLeader(285)) - 682f795c-fd6e-4513-96f4-ff699a8baeca@group-2D885C1E68F8: change Leader from null to 682f795c-fd6e-4513-96f4-ff699a8baeca at term 3 for becomeLeader, leader elected after 15386ms
2021-09-28 01:16:06,091 [682f795c-fd6e-4513-96f4-ff699a8baeca@group-2D885C1E68F8-LeaderElection21] INFO  server.RaftServerConfigKeys (ConfUtils.java:logGet(44)) - raft.server.staging.catchup.gap = 1000 (default)
2021-09-28 01:16:06,091 [682f795c-fd6e-4513-96f4-ff699a8baeca@group-2D885C1E68F8-LeaderElection21] INFO  server.RaftServerConfigKeys (ConfUtils.java:logGet(44)) - raft.server.write.element-limit = 1024 (custom)
2021-09-28 01:16:06,091 [682f795c-fd6e-4513-96f4-ff699a8baeca@group-2D885C1E68F8-LeaderElection21] INFO  server.RaftServerConfigKeys (ConfUtils.java:logGet(44)) - raft.server.write.byte-limit = 1024 M (=1073741824) (custom)
2021-09-28 01:16:06,091 [682f795c-fd6e-4513-96f4-ff699a8baeca@group-2D885C1E68F8-LeaderElection21] INFO  server.RaftServerConfigKeys (ConfUtils.java:logGet(44)) - raft.server.watch.timeout = 180s (custom)
2021-09-28 01:16:06,091 [682f795c-fd6e-4513-96f4-ff699a8baeca@group-2D885C1E68F8-LeaderElection21] INFO  server.RaftServerConfigKeys (ConfUtils.java:logGet(44)) - raft.server.watch.timeout.denomination = 1s (default)
2021-09-28 01:16:06,091 [682f795c-fd6e-4513-96f4-ff699a8baeca@group-2D885C1E68F8-LeaderElection21] INFO  server.RaftServerConfigKeys (ConfUtils.java:logGet(44)) - raft.server.watch.element-limit = 65536 (default)
2021-09-28 01:16:06,092 [682f795c-fd6e-4513-96f4-ff699a8baeca@group-2D885C1E68F8-LeaderElection21] INFO  server.RaftServerConfigKeys (ConfUtils.java:logGet(44)) - raft.server.log.appender.snapshot.chunk.size.max = 16MB (=16777216) (default)
2021-09-28 01:16:06,092 [682f795c-fd6e-4513-96f4-ff699a8baeca@group-2D885C1E68F8-LeaderElection21] INFO  server.RaftServerConfigKeys (ConfUtils.java:logGet(44)) - raft.server.log.appender.buffer.byte-limit = 33554432 (custom)
2021-09-28 01:16:06,092 [682f795c-fd6e-4513-96f4-ff699a8baeca@group-2D885C1E68F8-LeaderElection21] INFO  server.RaftServerConfigKeys (ConfUtils.java:logGet(44)) - raft.server.log.appender.buffer.element-limit = 1 (custom)
2021-09-28 01:16:06,092 [682f795c-fd6e-4513-96f4-ff699a8baeca@group-2D885C1E68F8-LeaderElection21] INFO  grpc.GrpcConfigKeys (ConfUtils.java:logGet(44)) - raft.grpc.server.leader.outstanding.appends.max = 128 (default)
2021-09-28 01:16:06,092 [682f795c-fd6e-4513-96f4-ff699a8baeca@group-2D885C1E68F8-LeaderElection21] INFO  server.RaftServerConfigKeys (ConfUtils.java:logGet(44)) - raft.server.rpc.request.timeout = 60s (custom)
2021-09-28 01:16:06,092 [682f795c-fd6e-4513-96f4-ff699a8baeca@group-2D885C1E68F8-LeaderElection21] INFO  server.RaftServerConfigKeys (ConfUtils.java:logGet(44)) - raft.server.log.appender.install.snapshot.enabled = false (custom)
2021-09-28 01:16:06,093 [682f795c-fd6e-4513-96f4-ff699a8baeca@group-2D885C1E68F8-LeaderElection21] INFO  server.RaftServerConfigKeys (ConfUtils.java:logGet(44)) - raft.server.log.appender.snapshot.chunk.size.max = 16MB (=16777216) (default)
2021-09-28 01:16:06,093 [682f795c-fd6e-4513-96f4-ff699a8baeca@group-2D885C1E68F8-LeaderElection21] INFO  server.RaftServerConfigKeys (ConfUtils.java:logGet(44)) - raft.server.log.appender.buffer.byte-limit = 33554432 (custom)
2021-09-28 01:16:06,093 [682f795c-fd6e-4513-96f4-ff699a8baeca@group-2D885C1E68F8-LeaderElection21] INFO  server.RaftServerConfigKeys (ConfUtils.java:logGet(44)) - raft.server.log.appender.buffer.element-limit = 1 (custom)
2021-09-28 01:16:06,093 [682f795c-fd6e-4513-96f4-ff699a8baeca@group-2D885C1E68F8-LeaderElection21] INFO  grpc.GrpcConfigKeys (ConfUtils.java:logGet(44)) - raft.grpc.server.leader.outstanding.appends.max = 128 (default)
2021-09-28 01:16:06,093 [682f795c-fd6e-4513-96f4-ff699a8baeca@group-2D885C1E68F8-LeaderElection21] INFO  server.RaftServerConfigKeys (ConfUtils.java:logGet(44)) - raft.server.rpc.request.timeout = 60s (custom)
2021-09-28 01:16:06,093 [682f795c-fd6e-4513-96f4-ff699a8baeca@group-2D885C1E68F8-LeaderElection21] INFO  server.RaftServerConfigKeys (ConfUtils.java:logGet(44)) - raft.server.log.appender.install.snapshot.enabled = false (custom)
2021-09-28 01:16:06,093 [EventQueue-PipelineReportForPipelineReportHandler] INFO  pipeline.PipelineManagerImpl (PipelineManagerImpl.java:openPipeline(282)) - Pipeline Pipeline[ Id: 9ad2b109-4306-4293-a84a-2d885c1e68f8, Nodes: 682f795c-fd6e-4513-96f4-ff699a8baeca{ip: 127.0.0.1, host: localhost, ports: [REPLICATION=42951, RATIS=41003, RATIS_ADMIN=41003, RATIS_SERVER=41003, STANDALONE=40119], networkLocation: /default-rack, certSerialId: null, persistedOpState: IN_SERVICE, persistedOpStateExpiryEpochSec: 0}a68edfa1-dc1a-41e9-a365-15c521233673{ip: 127.0.0.1, host: localhost, ports: [REPLICATION=39703, RATIS=40889, RATIS_ADMIN=40889, RATIS_SERVER=40889, STANDALONE=41617], networkLocation: /default-rack, certSerialId: null, persistedOpState: IN_SERVICE, persistedOpStateExpiryEpochSec: 0}aff66e22-6e70-443d-9eb4-a88275d3a955{ip: 127.0.0.1, host: localhost, ports: [REPLICATION=35555, RATIS=45375, RATIS_ADMIN=45375, RATIS_SERVER=45375, STANDALONE=37017], networkLocation: /default-rack, certSerialId: null, persistedOpState: IN_SERVICE, persistedOpStateExpiryEpochSec: 0}, ReplicationConfig: RATIS/THREE, State:ALLOCATED, leaderId:682f795c-fd6e-4513-96f4-ff699a8baeca, CreationTimestamp2021-09-28T01:15:48.617Z[Etc/UTC]] moved to OPEN state
2021-09-28 01:16:06,094 [EventQueue-PipelineReportForPipelineReportHandler] INFO  ha.SCMHAInvocationHandler (SCMHAInvocationHandler.java:invokeRatis(113)) - Invoking method public abstract void org.apache.hadoop.hdds.scm.pipeline.StateManager.updatePipelineState(org.apache.hadoop.hdds.protocol.proto.HddsProtos$PipelineID,org.apache.hadoop.hdds.protocol.proto.HddsProtos$PipelineState) throws java.io.IOException on target org.apache.hadoop.hdds.scm.ha.SCMRatisServerImpl@4224adaf, cost 255.5us
2021-09-28 01:16:06,094 [EventQueue-PipelineReportForPipelineReportHandler] INFO  pipeline.PipelineManagerImpl (PipelineManagerImpl.java:openPipeline(282)) - Pipeline Pipeline[ Id: 9ad2b109-4306-4293-a84a-2d885c1e68f8, Nodes: 682f795c-fd6e-4513-96f4-ff699a8baeca{ip: 127.0.0.1, host: localhost, ports: [REPLICATION=42951, RATIS=41003, RATIS_ADMIN=41003, RATIS_SERVER=41003, STANDALONE=40119], networkLocation: /default-rack, certSerialId: null, persistedOpState: IN_SERVICE, persistedOpStateExpiryEpochSec: 0}a68edfa1-dc1a-41e9-a365-15c521233673{ip: 127.0.0.1, host: localhost, ports: [REPLICATION=39703, RATIS=40889, RATIS_ADMIN=40889, RATIS_SERVER=40889, STANDALONE=41617], networkLocation: /default-rack, certSerialId: null, persistedOpState: IN_SERVICE, persistedOpStateExpiryEpochSec: 0}aff66e22-6e70-443d-9eb4-a88275d3a955{ip: 127.0.0.1, host: localhost, ports: [REPLICATION=35555, RATIS=45375, RATIS_ADMIN=45375, RATIS_SERVER=45375, STANDALONE=37017], networkLocation: /default-rack, certSerialId: null, persistedOpState: IN_SERVICE, persistedOpStateExpiryEpochSec: 0}, ReplicationConfig: RATIS/THREE, State:ALLOCATED, leaderId:682f795c-fd6e-4513-96f4-ff699a8baeca, CreationTimestamp2021-09-28T01:15:48.617Z[Etc/UTC]] moved to OPEN state
2021-09-28 01:16:06,094 [EventQueue-OpenPipelineForHealthyPipelineSafeModeRule] INFO  safemode.SCMSafeModeManager (HealthyPipelineSafeModeRule.java:process(124)) - SCM in safe mode. Healthy pipelines reported count is 0, required healthy pipeline reported count is 1
2021-09-28 01:16:06,097 [682f795c-fd6e-4513-96f4-ff699a8baeca@group-2D885C1E68F8-LeaderElection21] INFO  impl.RoleInfo (RoleInfo.java:updateAndGet(130)) - 682f795c-fd6e-4513-96f4-ff699a8baeca: start 682f795c-fd6e-4513-96f4-ff699a8baeca@group-2D885C1E68F8-LeaderStateImpl
2021-09-28 01:16:06,097 [682f795c-fd6e-4513-96f4-ff699a8baeca@group-2D885C1E68F8-LeaderElection21] INFO  segmented.SegmentedRaftLogWorker (SegmentedRaftLogWorker.java:startLogSegment(394)) - 682f795c-fd6e-4513-96f4-ff699a8baeca@group-2D885C1E68F8-SegmentedRaftLogWorker: Starting segment from index:0
2021-09-28 01:16:06,103 [682f795c-fd6e-4513-96f4-ff699a8baeca@group-2D885C1E68F8-SegmentedRaftLogWorker] INFO  segmented.SegmentedRaftLogWorker (SegmentedRaftLogWorker.java:execute(601)) - 682f795c-fd6e-4513-96f4-ff699a8baeca@group-2D885C1E68F8-SegmentedRaftLogWorker: created new log segment /home/runner/work/ozone/ozone/hadoop-ozone/integration-test/target/test-dir/MiniOzoneClusterImpl-4882f729-1751-4fe5-a7fb-8e9138349e05/datanode-1/data/ratis/9ad2b109-4306-4293-a84a-2d885c1e68f8/current/log_inprogress_0
2021-09-28 01:16:06,105 [4b364075-9b58-4908-a5b5-f5e156ea742e@group-8E9138349E05-StateMachineUpdater] INFO  safemode.HealthyPipelineSafeModeRule (HealthyPipelineSafeModeRule.java:initializeRule(152)) - Refreshed total pipeline count is 1, healthy pipeline threshold count is 1
2021-09-28 01:16:06,106 [EventQueue-PipelineReportForPipelineReportHandler] INFO  ha.SCMHAInvocationHandler (SCMHAInvocationHandler.java:invokeRatis(113)) - Invoking method public abstract void org.apache.hadoop.hdds.scm.pipeline.StateManager.updatePipelineState(org.apache.hadoop.hdds.protocol.proto.HddsProtos$PipelineID,org.apache.hadoop.hdds.protocol.proto.HddsProtos$PipelineState) throws java.io.IOException on target org.apache.hadoop.hdds.scm.ha.SCMRatisServerImpl@144ecc26, cost 11726.02us
2021-09-28 01:16:06,106 [EventQueue-OpenPipelineForHealthyPipelineSafeModeRule] INFO  safemode.SCMSafeModeManager (HealthyPipelineSafeModeRule.java:process(124)) - SCM in safe mode. Healthy pipelines reported count is 1, required healthy pipeline reported count is 1
2021-09-28 01:16:06,106 [EventQueue-OpenPipelineForHealthyPipelineSafeModeRule] INFO  safemode.SCMSafeModeManager (SCMSafeModeManager.java:validateSafeModeExitRules(204)) - HealthyPipelineSafeModeRule rule is successfully validated
2021-09-28 01:16:06,107 [EventQueue-OpenPipelineForHealthyPipelineSafeModeRule] INFO  safemode.SCMSafeModeManager (SCMSafeModeManager.java:validateSafeModeExitRules(219)) - ScmSafeModeManager, all rules are successfully validated
2021-09-28 01:16:06,107 [EventQueue-OpenPipelineForHealthyPipelineSafeModeRule] INFO  safemode.SCMSafeModeManager (SCMSafeModeManager.java:exitSafeMode(248)) - SCM exiting safe mode.
2021-09-28 01:16:06,107 [EventQueue-OpenPipelineForHealthyPipelineSafeModeRule] WARN  events.EventQueue (EventQueue.java:fireEvent(194)) - No event handler registered for event TypedEvent{payloadType=SafeModeStatus, name='Safe mode status'}
2021-09-28 01:16:06,107 [EventQueue-OpenPipelineForHealthyPipelineSafeModeRule] INFO  ha.SCMContext (SCMContext.java:updateSafeModeStatus(205)) - Update SafeModeStatus from SafeModeStatus{safeModeStatus=true, preCheckPassed=true} to SafeModeStatus{safeModeStatus=false, preCheckPassed=true}.
2021-09-28 01:16:06,107 [EventQueue-OpenPipelineForHealthyPipelineSafeModeRule] INFO  container.ReplicationManager (ReplicationManager.java:notifyStatusChanged(1743)) - Service ReplicationManager transitions to RUNNING.
2021-09-28 01:16:06,116 [grpc-default-executor-2] INFO  ratis.XceiverServerRatis (XceiverServerRatis.java:handleLeaderChangedNotification(860)) - Leader change notification received for group: group-2D885C1E68F8 with new leaderId: 682f795c-fd6e-4513-96f4-ff699a8baeca
2021-09-28 01:16:06,116 [grpc-default-executor-2] INFO  server.RaftServer$Division (ServerState.java:setLeader(285)) - a68edfa1-dc1a-41e9-a365-15c521233673@group-2D885C1E68F8: change Leader from null to 682f795c-fd6e-4513-96f4-ff699a8baeca at term 3 for appendEntries, leader elected after 15477ms
2021-09-28 01:16:06,126 [682f795c-fd6e-4513-96f4-ff699a8baeca@group-2D885C1E68F8-LeaderElection21] INFO  server.RaftServer$Division (ServerState.java:setRaftConf(387)) - 682f795c-fd6e-4513-96f4-ff699a8baeca@group-2D885C1E68F8: set configuration 0: [a68edfa1-dc1a-41e9-a365-15c521233673|rpc:127.0.0.1:40889|dataStream:|priority:0, 682f795c-fd6e-4513-96f4-ff699a8baeca|rpc:127.0.0.1:41003|dataStream:|priority:1, aff66e22-6e70-443d-9eb4-a88275d3a955|rpc:127.0.0.1:45375|dataStream:|priority:0], old=null
2021-09-28 01:16:06,134 [grpc-default-executor-0] INFO  ratis.XceiverServerRatis (XceiverServerRatis.java:handleLeaderChangedNotification(860)) - Leader change notification received for group: group-2D885C1E68F8 with new leaderId: 682f795c-fd6e-4513-96f4-ff699a8baeca
2021-09-28 01:16:06,134 [grpc-default-executor-0] INFO  server.RaftServer$Division (ServerState.java:setLeader(285)) - aff66e22-6e70-443d-9eb4-a88275d3a955@group-2D885C1E68F8: change Leader from null to 682f795c-fd6e-4513-96f4-ff699a8baeca at term 3 for appendEntries, leader elected after 15356ms
2021-09-28 01:16:06,137 [grpc-default-executor-2] INFO  server.RaftServer$Division (ServerState.java:setRaftConf(387)) - a68edfa1-dc1a-41e9-a365-15c521233673@group-2D885C1E68F8: set configuration 0: [a68edfa1-dc1a-41e9-a365-15c521233673|rpc:127.0.0.1:40889|dataStream:|priority:0, 682f795c-fd6e-4513-96f4-ff699a8baeca|rpc:127.0.0.1:41003|dataStream:|priority:1, aff66e22-6e70-443d-9eb4-a88275d3a955|rpc:127.0.0.1:45375|dataStream:|priority:0], old=null
2021-09-28 01:16:06,137 [grpc-default-executor-2] INFO  segmented.SegmentedRaftLogWorker (SegmentedRaftLogWorker.java:startLogSegment(394)) - a68edfa1-dc1a-41e9-a365-15c521233673@group-2D885C1E68F8-SegmentedRaftLogWorker: Starting segment from index:0
2021-09-28 01:16:06,147 [1970bdcd-bd96-4495-88a5-6eaf9ec039da@group-8E9138349E05-StateMachineUpdater] INFO  safemode.HealthyPipelineSafeModeRule (HealthyPipelineSafeModeRule.java:initializeRule(152)) - Refreshed total pipeline count is 1, healthy pipeline threshold count is 1
2021-09-28 01:16:06,151 [a68edfa1-dc1a-41e9-a365-15c521233673@group-2D885C1E68F8-SegmentedRaftLogWorker] INFO  segmented.SegmentedRaftLogWorker (SegmentedRaftLogWorker.java:execute(601)) - a68edfa1-dc1a-41e9-a365-15c521233673@group-2D885C1E68F8-SegmentedRaftLogWorker: created new log segment /home/runner/work/ozone/ozone/hadoop-ozone/integration-test/target/test-dir/MiniOzoneClusterImpl-4882f729-1751-4fe5-a7fb-8e9138349e05/datanode-0/data/ratis/9ad2b109-4306-4293-a84a-2d885c1e68f8/current/log_inprogress_0
2021-09-28 01:16:06,152 [grpc-default-executor-0] INFO  server.RaftServer$Division (ServerState.java:setRaftConf(387)) - aff66e22-6e70-443d-9eb4-a88275d3a955@group-2D885C1E68F8: set configuration 0: [a68edfa1-dc1a-41e9-a365-15c521233673|rpc:127.0.0.1:40889|dataStream:|priority:0, 682f795c-fd6e-4513-96f4-ff699a8baeca|rpc:127.0.0.1:41003|dataStream:|priority:1, aff66e22-6e70-443d-9eb4-a88275d3a955|rpc:127.0.0.1:45375|dataStream:|priority:0], old=null
2021-09-28 01:16:06,154 [grpc-default-executor-0] INFO  segmented.SegmentedRaftLogWorker (SegmentedRaftLogWorker.java:startLogSegment(394)) - aff66e22-6e70-443d-9eb4-a88275d3a955@group-2D885C1E68F8-SegmentedRaftLogWorker: Starting segment from index:0
2021-09-28 01:16:06,164 [aff66e22-6e70-443d-9eb4-a88275d3a955@group-2D885C1E68F8-SegmentedRaftLogWorker] INFO  segmented.SegmentedRaftLogWorker (SegmentedRaftLogWorker.java:execute(601)) - aff66e22-6e70-443d-9eb4-a88275d3a955@group-2D885C1E68F8-SegmentedRaftLogWorker: created new log segment /home/runner/work/ozone/ozone/hadoop-ozone/integration-test/target/test-dir/MiniOzoneClusterImpl-4882f729-1751-4fe5-a7fb-8e9138349e05/datanode-2/data/ratis/9ad2b109-4306-4293-a84a-2d885c1e68f8/current/log_inprogress_0
2021-09-28 01:16:06,240 [682f795c-fd6e-4513-96f4-ff699a8baeca@group-0C6976726A89-FollowerState] INFO  impl.FollowerState (FollowerState.java:run(134)) - 682f795c-fd6e-4513-96f4-ff699a8baeca@group-0C6976726A89-FollowerState: change to CANDIDATE, lastRpcElapsedTime:5170160864ns, electionTimeout:5169ms
2021-09-28 01:16:06,240 [682f795c-fd6e-4513-96f4-ff699a8baeca@group-0C6976726A89-FollowerState] INFO  impl.RoleInfo (RoleInfo.java:shutdownFollowerState(108)) - 682f795c-fd6e-4513-96f4-ff699a8baeca: shutdown 682f795c-fd6e-4513-96f4-ff699a8baeca@group-0C6976726A89-FollowerState
2021-09-28 01:16:06,240 [682f795c-fd6e-4513-96f4-ff699a8baeca@group-0C6976726A89-FollowerState] INFO  server.RaftServer$Division (RaftServerImpl.java:setRole(285)) - 682f795c-fd6e-4513-96f4-ff699a8baeca@group-0C6976726A89: changes role from  FOLLOWER to CANDIDATE at term 2 for changeToCandidate
2021-09-28 01:16:06,240 [682f795c-fd6e-4513-96f4-ff699a8baeca@group-0C6976726A89-FollowerState] INFO  server.RaftServerConfigKeys (ConfUtils.java:logGet(44)) - raft.server.leaderelection.pre-vote = false (custom)
2021-09-28 01:16:06,240 [682f795c-fd6e-4513-96f4-ff699a8baeca@group-0C6976726A89-FollowerState] INFO  impl.RoleInfo (RoleInfo.java:updateAndGet(130)) - 682f795c-fd6e-4513-96f4-ff699a8baeca: start 682f795c-fd6e-4513-96f4-ff699a8baeca@group-0C6976726A89-LeaderElection22
2021-09-28 01:16:06,246 [aff66e22-6e70-443d-9eb4-a88275d3a955@group-0C6976726A89-FollowerState] INFO  impl.FollowerState (FollowerState.java:run(134)) - aff66e22-6e70-443d-9eb4-a88275d3a955@group-0C6976726A89-FollowerState: change to CANDIDATE, lastRpcElapsedTime:5176034473ns, electionTimeout:5146ms
2021-09-28 01:16:06,246 [aff66e22-6e70-443d-9eb4-a88275d3a955@group-0C6976726A89-FollowerState] INFO  impl.RoleInfo (RoleInfo.java:shutdownFollowerState(108)) - aff66e22-6e70-443d-9eb4-a88275d3a955: shutdown aff66e22-6e70-443d-9eb4-a88275d3a955@group-0C6976726A89-FollowerState
2021-09-28 01:16:06,246 [aff66e22-6e70-443d-9eb4-a88275d3a955@group-0C6976726A89-FollowerState] INFO  server.RaftServer$Division (RaftServerImpl.java:setRole(285)) - aff66e22-6e70-443d-9eb4-a88275d3a955@group-0C6976726A89: changes role from  FOLLOWER to CANDIDATE at term 2 for changeToCandidate
2021-09-28 01:16:06,246 [aff66e22-6e70-443d-9eb4-a88275d3a955@group-0C6976726A89-FollowerState] INFO  server.RaftServerConfigKeys (ConfUtils.java:logGet(44)) - raft.server.leaderelection.pre-vote = false (custom)
2021-09-28 01:16:06,247 [aff66e22-6e70-443d-9eb4-a88275d3a955@group-0C6976726A89-FollowerState] INFO  impl.RoleInfo (RoleInfo.java:updateAndGet(130)) - aff66e22-6e70-443d-9eb4-a88275d3a955: start aff66e22-6e70-443d-9eb4-a88275d3a955@group-0C6976726A89-LeaderElection23
2021-09-28 01:16:06,256 [a68edfa1-dc1a-41e9-a365-15c521233673@group-0C6976726A89-FollowerState] INFO  impl.FollowerState (FollowerState.java:run(134)) - a68edfa1-dc1a-41e9-a365-15c521233673@group-0C6976726A89-FollowerState: change to CANDIDATE, lastRpcElapsedTime:5170178364ns, electionTimeout:5158ms
2021-09-28 01:16:06,256 [a68edfa1-dc1a-41e9-a365-15c521233673@group-0C6976726A89-FollowerState] INFO  impl.RoleInfo (RoleInfo.java:shutdownFollowerState(108)) - a68edfa1-dc1a-41e9-a365-15c521233673: shutdown a68edfa1-dc1a-41e9-a365-15c521233673@group-0C6976726A89-FollowerState
2021-09-28 01:16:06,256 [a68edfa1-dc1a-41e9-a365-15c521233673@group-0C6976726A89-FollowerState] INFO  server.RaftServer$Division (RaftServerImpl.java:setRole(285)) - a68edfa1-dc1a-41e9-a365-15c521233673@group-0C6976726A89: changes role from  FOLLOWER to CANDIDATE at term 2 for changeToCandidate
2021-09-28 01:16:06,256 [a68edfa1-dc1a-41e9-a365-15c521233673@group-0C6976726A89-FollowerState] INFO  server.RaftServerConfigKeys (ConfUtils.java:logGet(44)) - raft.server.leaderelection.pre-vote = false (custom)
2021-09-28 01:16:06,256 [a68edfa1-dc1a-41e9-a365-15c521233673@group-0C6976726A89-FollowerState] INFO  impl.RoleInfo (RoleInfo.java:updateAndGet(130)) - a68edfa1-dc1a-41e9-a365-15c521233673: start a68edfa1-dc1a-41e9-a365-15c521233673@group-0C6976726A89-LeaderElection24
2021-09-28 01:16:06,276 [aff66e22-6e70-443d-9eb4-a88275d3a955@group-0C6976726A89-LeaderElection23] INFO  impl.LeaderElection (LeaderElection.java:askForVotes(306)) - aff66e22-6e70-443d-9eb4-a88275d3a955@group-0C6976726A89-LeaderElection23 ELECTION round 0: submit vote requests at term 3 for -1: [a68edfa1-dc1a-41e9-a365-15c521233673|rpc:127.0.0.1:40889|dataStream:|priority:0, 682f795c-fd6e-4513-96f4-ff699a8baeca|rpc:127.0.0.1:41003|dataStream:|priority:0, aff66e22-6e70-443d-9eb4-a88275d3a955|rpc:127.0.0.1:45375|dataStream:|priority:1], old=null
2021-09-28 01:16:06,276 [a68edfa1-dc1a-41e9-a365-15c521233673@group-0C6976726A89-LeaderElection24] INFO  impl.LeaderElection (LeaderElection.java:askForVotes(306)) - a68edfa1-dc1a-41e9-a365-15c521233673@group-0C6976726A89-LeaderElection24 ELECTION round 0: submit vote requests at term 3 for -1: [a68edfa1-dc1a-41e9-a365-15c521233673|rpc:127.0.0.1:40889|priority:0, 682f795c-fd6e-4513-96f4-ff699a8baeca|rpc:127.0.0.1:41003|priority:0, aff66e22-6e70-443d-9eb4-a88275d3a955|rpc:127.0.0.1:45375|priority:1], old=null
2021-09-28 01:16:06,276 [682f795c-fd6e-4513-96f4-ff699a8baeca@group-0C6976726A89-LeaderElection22] INFO  impl.LeaderElection (LeaderElection.java:askForVotes(306)) - 682f795c-fd6e-4513-96f4-ff699a8baeca@group-0C6976726A89-LeaderElection22 ELECTION round 0: submit vote requests at term 3 for -1: [a68edfa1-dc1a-41e9-a365-15c521233673|rpc:127.0.0.1:40889|dataStream:|priority:0, 682f795c-fd6e-4513-96f4-ff699a8baeca|rpc:127.0.0.1:41003|dataStream:|priority:0, aff66e22-6e70-443d-9eb4-a88275d3a955|rpc:127.0.0.1:45375|dataStream:|priority:1], old=null
2021-09-28 01:16:06,291 [grpc-default-executor-3] INFO  server.RaftServer$Division (RaftServerImpl.java:requestVote(1043)) - 682f795c-fd6e-4513-96f4-ff699a8baeca@group-0C6976726A89: receive requestVote(ELECTION, a68edfa1-dc1a-41e9-a365-15c521233673, group-0C6976726A89, 3, (t:0, i:0))
2021-09-28 01:16:06,291 [grpc-default-executor-3] INFO  impl.VoteContext (VoteContext.java:log(48)) - 682f795c-fd6e-4513-96f4-ff699a8baeca@group-0C6976726A89-CANDIDATE: reject ELECTION from a68edfa1-dc1a-41e9-a365-15c521233673: already has voted for 682f795c-fd6e-4513-96f4-ff699a8baeca at current term 3
2021-09-28 01:16:06,291 [grpc-default-executor-3] INFO  server.RaftServer$Division (RaftServerImpl.java:requestVote(1075)) - 682f795c-fd6e-4513-96f4-ff699a8baeca@group-0C6976726A89 replies to ELECTION vote request: a68edfa1-dc1a-41e9-a365-15c521233673<-682f795c-fd6e-4513-96f4-ff699a8baeca#0:FAIL-t3. Peer's state: 682f795c-fd6e-4513-96f4-ff699a8baeca@group-0C6976726A89:t3, leader=null, voted=682f795c-fd6e-4513-96f4-ff699a8baeca, raftlog=682f795c-fd6e-4513-96f4-ff699a8baeca@group-0C6976726A89-SegmentedRaftLog:OPENED:c-1,f-1,i0, conf=-1: [a68edfa1-dc1a-41e9-a365-15c521233673|rpc:127.0.0.1:40889|dataStream:|priority:0, 682f795c-fd6e-4513-96f4-ff699a8baeca|rpc:127.0.0.1:41003|dataStream:|priority:0, aff66e22-6e70-443d-9eb4-a88275d3a955|rpc:127.0.0.1:45375|dataStream:|priority:1], old=null
2021-09-28 01:16:06,301 [grpc-default-executor-0] INFO  server.RaftServer$Division (RaftServerImpl.java:requestVote(1043)) - a68edfa1-dc1a-41e9-a365-15c521233673@group-0C6976726A89: receive requestVote(ELECTION, 682f795c-fd6e-4513-96f4-ff699a8baeca, group-0C6976726A89, 3, (t:0, i:0))
2021-09-28 01:16:06,301 [grpc-default-executor-0] INFO  impl.VoteContext (VoteContext.java:log(48)) - a68edfa1-dc1a-41e9-a365-15c521233673@group-0C6976726A89-CANDIDATE: reject ELECTION from 682f795c-fd6e-4513-96f4-ff699a8baeca: already has voted for a68edfa1-dc1a-41e9-a365-15c521233673 at current term 3
2021-09-28 01:16:06,301 [grpc-default-executor-0] INFO  server.RaftServer$Division (RaftServerImpl.java:requestVote(1075)) - a68edfa1-dc1a-41e9-a365-15c521233673@group-0C6976726A89 replies to ELECTION vote request: 682f795c-fd6e-4513-96f4-ff699a8baeca<-a68edfa1-dc1a-41e9-a365-15c521233673#0:FAIL-t3. Peer's state: a68edfa1-dc1a-41e9-a365-15c521233673@group-0C6976726A89:t3, leader=null, voted=a68edfa1-dc1a-41e9-a365-15c521233673, raftlog=a68edfa1-dc1a-41e9-a365-15c521233673@group-0C6976726A89-SegmentedRaftLog:OPENED:c-1,f-1,i0, conf=-1: [a68edfa1-dc1a-41e9-a365-15c521233673|rpc:127.0.0.1:40889|priority:0, 682f795c-fd6e-4513-96f4-ff699a8baeca|rpc:127.0.0.1:41003|priority:0, aff66e22-6e70-443d-9eb4-a88275d3a955|rpc:127.0.0.1:45375|priority:1], old=null
2021-09-28 01:16:06,302 [grpc-default-executor-0] INFO  server.RaftServer$Division (RaftServerImpl.java:requestVote(1043)) - a68edfa1-dc1a-41e9-a365-15c521233673@group-0C6976726A89: receive requestVote(ELECTION, aff66e22-6e70-443d-9eb4-a88275d3a955, group-0C6976726A89, 3, (t:0, i:0))
2021-09-28 01:16:06,302 [grpc-default-executor-0] INFO  impl.VoteContext (VoteContext.java:log(48)) - a68edfa1-dc1a-41e9-a365-15c521233673@group-0C6976726A89-CANDIDATE: reject ELECTION from aff66e22-6e70-443d-9eb4-a88275d3a955: already has voted for a68edfa1-dc1a-41e9-a365-15c521233673 at current term 3
2021-09-28 01:16:06,302 [grpc-default-executor-0] INFO  server.RaftServer$Division (RaftServerImpl.java:requestVote(1075)) - a68edfa1-dc1a-41e9-a365-15c521233673@group-0C6976726A89 replies to ELECTION vote request: aff66e22-6e70-443d-9eb4-a88275d3a955<-a68edfa1-dc1a-41e9-a365-15c521233673#0:FAIL-t3. Peer's state: a68edfa1-dc1a-41e9-a365-15c521233673@group-0C6976726A89:t3, leader=null, voted=a68edfa1-dc1a-41e9-a365-15c521233673, raftlog=a68edfa1-dc1a-41e9-a365-15c521233673@group-0C6976726A89-SegmentedRaftLog:OPENED:c-1,f-1,i0, conf=-1: [a68edfa1-dc1a-41e9-a365-15c521233673|rpc:127.0.0.1:40889|priority:0, 682f795c-fd6e-4513-96f4-ff699a8baeca|rpc:127.0.0.1:41003|priority:0, aff66e22-6e70-443d-9eb4-a88275d3a955|rpc:127.0.0.1:45375|priority:1], old=null
2021-09-28 01:16:06,307 [grpc-default-executor-0] INFO  server.RaftServer$Division (RaftServerImpl.java:requestVote(1043)) - aff66e22-6e70-443d-9eb4-a88275d3a955@group-0C6976726A89: receive requestVote(ELECTION, a68edfa1-dc1a-41e9-a365-15c521233673, group-0C6976726A89, 3, (t:0, i:0))
2021-09-28 01:16:06,308 [grpc-default-executor-0] INFO  impl.VoteContext (VoteContext.java:log(48)) - aff66e22-6e70-443d-9eb4-a88275d3a955@group-0C6976726A89-CANDIDATE: reject ELECTION from a68edfa1-dc1a-41e9-a365-15c521233673: already has voted for aff66e22-6e70-443d-9eb4-a88275d3a955 at current term 3
2021-09-28 01:16:06,308 [grpc-default-executor-0] INFO  server.RaftServer$Division (RaftServerImpl.java:requestVote(1075)) - aff66e22-6e70-443d-9eb4-a88275d3a955@group-0C6976726A89 replies to ELECTION vote request: a68edfa1-dc1a-41e9-a365-15c521233673<-aff66e22-6e70-443d-9eb4-a88275d3a955#0:FAIL-t3. Peer's state: aff66e22-6e70-443d-9eb4-a88275d3a955@group-0C6976726A89:t3, leader=null, voted=aff66e22-6e70-443d-9eb4-a88275d3a955, raftlog=aff66e22-6e70-443d-9eb4-a88275d3a955@group-0C6976726A89-SegmentedRaftLog:OPENED:c-1,f-1,i0, conf=-1: [a68edfa1-dc1a-41e9-a365-15c521233673|rpc:127.0.0.1:40889|dataStream:|priority:0, 682f795c-fd6e-4513-96f4-ff699a8baeca|rpc:127.0.0.1:41003|dataStream:|priority:0, aff66e22-6e70-443d-9eb4-a88275d3a955|rpc:127.0.0.1:45375|dataStream:|priority:1], old=null
2021-09-28 01:16:06,315 [a68edfa1-dc1a-41e9-a365-15c521233673@group-0C6976726A89-LeaderElection24] INFO  impl.LeaderElection (LeaderElection.java:logAndReturn(89)) - a68edfa1-dc1a-41e9-a365-15c521233673@group-0C6976726A89-LeaderElection24: ELECTION REJECTED received 2 response(s) and 0 exception(s):
2021-09-28 01:16:06,315 [a68edfa1-dc1a-41e9-a365-15c521233673@group-0C6976726A89-LeaderElection24] INFO  impl.LeaderElection (LeaderElection.java:logAndReturn(93)) -   Response 0: a68edfa1-dc1a-41e9-a365-15c521233673<-682f795c-fd6e-4513-96f4-ff699a8baeca#0:FAIL-t3
2021-09-28 01:16:06,315 [a68edfa1-dc1a-41e9-a365-15c521233673@group-0C6976726A89-LeaderElection24] INFO  impl.LeaderElection (LeaderElection.java:logAndReturn(93)) -   Response 1: a68edfa1-dc1a-41e9-a365-15c521233673<-aff66e22-6e70-443d-9eb4-a88275d3a955#0:FAIL-t3
2021-09-28 01:16:06,315 [a68edfa1-dc1a-41e9-a365-15c521233673@group-0C6976726A89-LeaderElection24] INFO  impl.LeaderElection (LeaderElection.java:askForVotes(308)) - a68edfa1-dc1a-41e9-a365-15c521233673@group-0C6976726A89-LeaderElection24 ELECTION round 0: result REJECTED
2021-09-28 01:16:06,316 [a68edfa1-dc1a-41e9-a365-15c521233673@group-0C6976726A89-LeaderElection24] INFO  server.RaftServer$Division (RaftServerImpl.java:setRole(285)) - a68edfa1-dc1a-41e9-a365-15c521233673@group-0C6976726A89: changes role from CANDIDATE to FOLLOWER at term 3 for REJECTED
2021-09-28 01:16:06,316 [a68edfa1-dc1a-41e9-a365-15c521233673@group-0C6976726A89-LeaderElection24] INFO  impl.RoleInfo (RoleInfo.java:shutdownLeaderElection(121)) - a68edfa1-dc1a-41e9-a365-15c521233673: shutdown a68edfa1-dc1a-41e9-a365-15c521233673@group-0C6976726A89-LeaderElection24
2021-09-28 01:16:06,316 [a68edfa1-dc1a-41e9-a365-15c521233673@group-0C6976726A89-LeaderElection24] INFO  impl.RoleInfo (RoleInfo.java:updateAndGet(130)) - a68edfa1-dc1a-41e9-a365-15c521233673: start a68edfa1-dc1a-41e9-a365-15c521233673@group-0C6976726A89-FollowerState
2021-09-28 01:16:06,321 [grpc-default-executor-0] INFO  server.RaftServer$Division (RaftServerImpl.java:requestVote(1043)) - 682f795c-fd6e-4513-96f4-ff699a8baeca@group-0C6976726A89: receive requestVote(ELECTION, aff66e22-6e70-443d-9eb4-a88275d3a955, group-0C6976726A89, 3, (t:0, i:0))
2021-09-28 01:16:06,321 [grpc-default-executor-0] INFO  impl.VoteContext (VoteContext.java:log(48)) - 682f795c-fd6e-4513-96f4-ff699a8baeca@group-0C6976726A89-CANDIDATE: reject ELECTION from aff66e22-6e70-443d-9eb4-a88275d3a955: already has voted for 682f795c-fd6e-4513-96f4-ff699a8baeca at current term 3
2021-09-28 01:16:06,321 [grpc-default-executor-0] INFO  server.RaftServer$Division (RaftServerImpl.java:requestVote(1075)) - 682f795c-fd6e-4513-96f4-ff699a8baeca@group-0C6976726A89 replies to ELECTION vote request: aff66e22-6e70-443d-9eb4-a88275d3a955<-682f795c-fd6e-4513-96f4-ff699a8baeca#0:FAIL-t3. Peer's state: 682f795c-fd6e-4513-96f4-ff699a8baeca@group-0C6976726A89:t3, leader=null, voted=682f795c-fd6e-4513-96f4-ff699a8baeca, raftlog=682f795c-fd6e-4513-96f4-ff699a8baeca@group-0C6976726A89-SegmentedRaftLog:OPENED:c-1,f-1,i0, conf=-1: [a68edfa1-dc1a-41e9-a365-15c521233673|rpc:127.0.0.1:40889|dataStream:|priority:0, 682f795c-fd6e-4513-96f4-ff699a8baeca|rpc:127.0.0.1:41003|dataStream:|priority:0, aff66e22-6e70-443d-9eb4-a88275d3a955|rpc:127.0.0.1:45375|dataStream:|priority:1], old=null
2021-09-28 01:16:06,325 [aff66e22-6e70-443d-9eb4-a88275d3a955@group-0C6976726A89-LeaderElection23] INFO  impl.LeaderElection (LeaderElection.java:logAndReturn(89)) - aff66e22-6e70-443d-9eb4-a88275d3a955@group-0C6976726A89-LeaderElection23: ELECTION REJECTED received 2 response(s) and 0 exception(s):
2021-09-28 01:16:06,325 [aff66e22-6e70-443d-9eb4-a88275d3a955@group-0C6976726A89-LeaderElection23] INFO  impl.LeaderElection (LeaderElection.java:logAndReturn(93)) -   Response 0: aff66e22-6e70-443d-9eb4-a88275d3a955<-a68edfa1-dc1a-41e9-a365-15c521233673#0:FAIL-t3
2021-09-28 01:16:06,325 [aff66e22-6e70-443d-9eb4-a88275d3a955@group-0C6976726A89-LeaderElection23] INFO  impl.LeaderElection (LeaderElection.java:logAndReturn(93)) -   Response 1: aff66e22-6e70-443d-9eb4-a88275d3a955<-682f795c-fd6e-4513-96f4-ff699a8baeca#0:FAIL-t3
2021-09-28 01:16:06,325 [aff66e22-6e70-443d-9eb4-a88275d3a955@group-0C6976726A89-LeaderElection23] INFO  impl.LeaderElection (LeaderElection.java:askForVotes(308)) - aff66e22-6e70-443d-9eb4-a88275d3a955@group-0C6976726A89-LeaderElection23 ELECTION round 0: result REJECTED
2021-09-28 01:16:06,325 [aff66e22-6e70-443d-9eb4-a88275d3a955@group-0C6976726A89-LeaderElection23] INFO  server.RaftServer$Division (RaftServerImpl.java:setRole(285)) - aff66e22-6e70-443d-9eb4-a88275d3a955@group-0C6976726A89: changes role from CANDIDATE to FOLLOWER at term 3 for REJECTED
2021-09-28 01:16:06,325 [aff66e22-6e70-443d-9eb4-a88275d3a955@group-0C6976726A89-LeaderElection23] INFO  impl.RoleInfo (RoleInfo.java:shutdownLeaderElection(121)) - aff66e22-6e70-443d-9eb4-a88275d3a955: shutdown aff66e22-6e70-443d-9eb4-a88275d3a955@group-0C6976726A89-LeaderElection23
2021-09-28 01:16:06,325 [aff66e22-6e70-443d-9eb4-a88275d3a955@group-0C6976726A89-LeaderElection23] INFO  impl.RoleInfo (RoleInfo.java:updateAndGet(130)) - aff66e22-6e70-443d-9eb4-a88275d3a955: start aff66e22-6e70-443d-9eb4-a88275d3a955@group-0C6976726A89-FollowerState
2021-09-28 01:16:06,325 [grpc-default-executor-0] INFO  server.RaftServer$Division (RaftServerImpl.java:requestVote(1043)) - aff66e22-6e70-443d-9eb4-a88275d3a955@group-0C6976726A89: receive requestVote(ELECTION, 682f795c-fd6e-4513-96f4-ff699a8baeca, group-0C6976726A89, 3, (t:0, i:0))
2021-09-28 01:16:06,325 [grpc-default-executor-0] INFO  impl.VoteContext (VoteContext.java:log(48)) - aff66e22-6e70-443d-9eb4-a88275d3a955@group-0C6976726A89-FOLLOWER: reject ELECTION from 682f795c-fd6e-4513-96f4-ff699a8baeca: already has voted for aff66e22-6e70-443d-9eb4-a88275d3a955 at current term 3
2021-09-28 01:16:06,325 [grpc-default-executor-0] INFO  server.RaftServer$Division (RaftServerImpl.java:requestVote(1075)) - aff66e22-6e70-443d-9eb4-a88275d3a955@group-0C6976726A89 replies to ELECTION vote request: 682f795c-fd6e-4513-96f4-ff699a8baeca<-aff66e22-6e70-443d-9eb4-a88275d3a955#0:FAIL-t3. Peer's state: aff66e22-6e70-443d-9eb4-a88275d3a955@group-0C6976726A89:t3, leader=null, voted=aff66e22-6e70-443d-9eb4-a88275d3a955, raftlog=aff66e22-6e70-443d-9eb4-a88275d3a955@group-0C6976726A89-SegmentedRaftLog:OPENED:c-1,f-1,i0, conf=-1: [a68edfa1-dc1a-41e9-a365-15c521233673|rpc:127.0.0.1:40889|dataStream:|priority:0, 682f795c-fd6e-4513-96f4-ff699a8baeca|rpc:127.0.0.1:41003|dataStream:|priority:0, aff66e22-6e70-443d-9eb4-a88275d3a955|rpc:127.0.0.1:45375|dataStream:|priority:1], old=null
2021-09-28 01:16:06,327 [682f795c-fd6e-4513-96f4-ff699a8baeca@group-0C6976726A89-LeaderElection22] INFO  impl.LeaderElection (LeaderElection.java:logAndReturn(89)) - 682f795c-fd6e-4513-96f4-ff699a8baeca@group-0C6976726A89-LeaderElection22: ELECTION REJECTED received 2 response(s) and 0 exception(s):
2021-09-28 01:16:06,327 [682f795c-fd6e-4513-96f4-ff699a8baeca@group-0C6976726A89-LeaderElection22] INFO  impl.LeaderElection (LeaderElection.java:logAndReturn(93)) -   Response 0: 682f795c-fd6e-4513-96f4-ff699a8baeca<-a68edfa1-dc1a-41e9-a365-15c521233673#0:FAIL-t3
2021-09-28 01:16:06,327 [682f795c-fd6e-4513-96f4-ff699a8baeca@group-0C6976726A89-LeaderElection22] INFO  impl.LeaderElection (LeaderElection.java:logAndReturn(93)) -   Response 1: 682f795c-fd6e-4513-96f4-ff699a8baeca<-aff66e22-6e70-443d-9eb4-a88275d3a955#0:FAIL-t3
2021-09-28 01:16:06,327 [682f795c-fd6e-4513-96f4-ff699a8baeca@group-0C6976726A89-LeaderElection22] INFO  impl.LeaderElection (LeaderElection.java:askForVotes(308)) - 682f795c-fd6e-4513-96f4-ff699a8baeca@group-0C6976726A89-LeaderElection22 ELECTION round 0: result REJECTED
2021-09-28 01:16:06,327 [682f795c-fd6e-4513-96f4-ff699a8baeca@group-0C6976726A89-LeaderElection22] INFO  server.RaftServer$Division (RaftServerImpl.java:setRole(285)) - 682f795c-fd6e-4513-96f4-ff699a8baeca@group-0C6976726A89: changes role from CANDIDATE to FOLLOWER at term 3 for REJECTED
2021-09-28 01:16:06,327 [682f795c-fd6e-4513-96f4-ff699a8baeca@group-0C6976726A89-LeaderElection22] INFO  impl.RoleInfo (RoleInfo.java:shutdownLeaderElection(121)) - 682f795c-fd6e-4513-96f4-ff699a8baeca: shutdown 682f795c-fd6e-4513-96f4-ff699a8baeca@group-0C6976726A89-LeaderElection22
2021-09-28 01:16:06,327 [682f795c-fd6e-4513-96f4-ff699a8baeca@group-0C6976726A89-LeaderElection22] INFO  impl.RoleInfo (RoleInfo.java:updateAndGet(130)) - 682f795c-fd6e-4513-96f4-ff699a8baeca: start 682f795c-fd6e-4513-96f4-ff699a8baeca@group-0C6976726A89-FollowerState
2021-09-28 01:16:06,387 [EndpointStateMachine task thread for /127.0.0.1:15957 - 0 ] INFO  ipc.Client (Client.java:handleConnectionFailure(977)) - Retrying connect to server: localhost/127.0.0.1:15957. Already tried 9 time(s); retry policy is RetryUpToMaximumCountWithFixedSleep(maxRetries=15, sleepTime=1000 MILLISECONDS)
2021-09-28 01:16:06,562 [EndpointStateMachine task thread for /127.0.0.1:15977 - 0 ] INFO  ipc.Client (Client.java:handleConnectionFailure(977)) - Retrying connect to server: localhost/127.0.0.1:15977. Already tried 10 time(s); retry policy is RetryUpToMaximumCountWithFixedSleep(maxRetries=15, sleepTime=1000 MILLISECONDS)
2021-09-28 01:16:06,563 [Listener at 127.0.0.1/13700] INFO  ozone.MiniOzoneClusterImpl (MiniOzoneClusterImpl.java:lambda$waitForClusterToBeReady$0(235)) - Nodes are ready. Got 3 of 3 DN Heartbeats.
2021-09-28 01:16:06,563 [Listener at 127.0.0.1/13700] INFO  ozone.MiniOzoneClusterImpl (MiniOzoneClusterImpl.java:lambda$waitForClusterToBeReady$0(238)) - Cluster exits safe mode
2021-09-28 01:16:06,563 [Listener at 127.0.0.1/13700] INFO  ozone.MiniOzoneClusterImpl (MiniOzoneClusterImpl.java:lambda$waitForClusterToBeReady$0(240)) - SCM became leader
2021-09-28 01:16:06,564 [Listener at 127.0.0.1/13700] INFO  server.StorageContainerManager (StorageContainerManager.java:start(1279)) - StorageContainerLocationProtocol RPC server is listening at /0.0.0.0:14247
2021-09-28 01:16:06,564 [Listener at 127.0.0.1/13700] INFO  ha.SCMRatisServerImpl (SCMRatisServerImpl.java:start(177)) - starting ratis server 0.0.0.0:14244
2021-09-28 01:16:06,564 [Listener at 127.0.0.1/13700] INFO  server.RaftServer$Division (RaftServerImpl.java:start(299)) - d8916934-e70a-4a30-a7a2-2d11d7c4fe10@group-8E9138349E05: start with initializing state, conf=-1: [], old=null
2021-09-28 01:16:06,564 [Listener at 127.0.0.1/13700] INFO  server.RaftServer$Division (RaftServerImpl.java:setRole(285)) - d8916934-e70a-4a30-a7a2-2d11d7c4fe10@group-8E9138349E05: changes role from      null to FOLLOWER at term 0 for startInitializing
2021-09-28 01:16:06,565 [Listener at 127.0.0.1/13700] INFO  util.JmxRegister (JmxRegister.java:tryRegister(44)) - Successfully registered JMX Bean with object name Ratis:service=RaftServer,group=group-8E9138349E05,id=d8916934-e70a-4a30-a7a2-2d11d7c4fe10
2021-09-28 01:16:06,568 [Listener at 127.0.0.1/13700] INFO  server.RaftServer (RaftServerProxy.java:lambda$start$5(374)) - d8916934-e70a-4a30-a7a2-2d11d7c4fe10: start RPC server
2021-09-28 01:16:06,568 [Listener at 127.0.0.1/13700] INFO  server.GrpcService (GrpcService.java:startImpl(253)) - d8916934-e70a-4a30-a7a2-2d11d7c4fe10: GrpcService started, listening on 14244
2021-09-28 01:16:06,572 [Listener at 127.0.0.1/13700] INFO  ha.SCMNodeInfo (SCMNodeInfo.java:getPort(197)) - ConfigKey ozone.scm.client.address is deprecated, For configuring different ports for each SCM use PortConfigKey ozone.scm.client.port appended with serviceId and nodeId
2021-09-28 01:16:06,572 [Listener at 127.0.0.1/13700] INFO  ha.SCMNodeInfo (SCMNodeInfo.java:getPort(197)) - ConfigKey ozone.scm.block.client.address is deprecated, For configuring different ports for each SCM use PortConfigKey ozone.scm.block.client.port appended with serviceId and nodeId
2021-09-28 01:16:06,572 [Listener at 127.0.0.1/13700] INFO  ha.SCMNodeInfo (SCMNodeInfo.java:getPort(197)) - ConfigKey ozone.scm.datanode.address is deprecated, For configuring different ports for each SCM use PortConfigKey ozone.scm.datanode.port appended with serviceId and nodeId
2021-09-28 01:16:06,572 [Listener at 127.0.0.1/13700] INFO  ha.SCMNodeInfo (SCMNodeInfo.java:getPort(197)) - ConfigKey ozone.scm.client.address is deprecated, For configuring different ports for each SCM use PortConfigKey ozone.scm.client.port appended with serviceId and nodeId
2021-09-28 01:16:06,572 [Listener at 127.0.0.1/13700] INFO  ha.SCMNodeInfo (SCMNodeInfo.java:getPort(197)) - ConfigKey ozone.scm.block.client.address is deprecated, For configuring different ports for each SCM use PortConfigKey ozone.scm.block.client.port appended with serviceId and nodeId
2021-09-28 01:16:06,572 [Listener at 127.0.0.1/13700] INFO  ha.SCMNodeInfo (SCMNodeInfo.java:getPort(197)) - ConfigKey ozone.scm.datanode.address is deprecated, For configuring different ports for each SCM use PortConfigKey ozone.scm.datanode.port appended with serviceId and nodeId
2021-09-28 01:16:06,572 [Listener at 127.0.0.1/13700] INFO  ha.SCMNodeInfo (SCMNodeInfo.java:getPort(197)) - ConfigKey ozone.scm.client.address is deprecated, For configuring different ports for each SCM use PortConfigKey ozone.scm.client.port appended with serviceId and nodeId
2021-09-28 01:16:06,573 [Listener at 127.0.0.1/13700] INFO  ha.SCMNodeInfo (SCMNodeInfo.java:getPort(197)) - ConfigKey ozone.scm.block.client.address is deprecated, For configuring different ports for each SCM use PortConfigKey ozone.scm.block.client.port appended with serviceId and nodeId
2021-09-28 01:16:06,573 [Listener at 127.0.0.1/13700] INFO  ha.SCMNodeInfo (SCMNodeInfo.java:getPort(197)) - ConfigKey ozone.scm.datanode.address is deprecated, For configuring different ports for each SCM use PortConfigKey ozone.scm.datanode.port appended with serviceId and nodeId
2021-09-28 01:16:06,576 [org.apache.ratis.util.JvmPauseMonitor$$Lambda$499/1893987183@4f488f4c] INFO  util.JvmPauseMonitor (JvmPauseMonitor.java:run(103)) - JvmPauseMonitor-d8916934-e70a-4a30-a7a2-2d11d7c4fe10: Started
2021-09-28 01:16:06,582 [IPC Server handler 37 on default port 14226] INFO  ha.SCMRatisServerImpl (SCMRatisServerImpl.java:addSCM(291)) - 4b364075-9b58-4908-a5b5-f5e156ea742e: Submitting SetConfiguration request to Ratis server with new SCM peers list: [1970bdcd-bd96-4495-88a5-6eaf9ec039da|rpc:localhost:14234|priority:0, 4b364075-9b58-4908-a5b5-f5e156ea742e|rpc:localhost:14224|admin:|client:|dataStream:|priority:0, d8916934-e70a-4a30-a7a2-2d11d7c4fe10|rpc:localhost:14244|priority:0]
2021-09-28 01:16:06,582 [IPC Server handler 37 on default port 14226] INFO  server.RaftServer$Division (RaftServerImpl.java:setConfigurationAsync(971)) - 4b364075-9b58-4908-a5b5-f5e156ea742e@group-8E9138349E05: receive setConfiguration SetConfigurationRequest:client-3EC03755EDE8->4b364075-9b58-4908-a5b5-f5e156ea742e@group-8E9138349E05, cid=10, seq=0, RW, null, peers:[1970bdcd-bd96-4495-88a5-6eaf9ec039da|rpc:localhost:14234|priority:0, 4b364075-9b58-4908-a5b5-f5e156ea742e|rpc:localhost:14224|admin:|client:|dataStream:|priority:0, d8916934-e70a-4a30-a7a2-2d11d7c4fe10|rpc:localhost:14244|priority:0]
2021-09-28 01:16:06,582 [IPC Server handler 37 on default port 14226] INFO  server.RaftServer$Division (LeaderStateImpl.java:startSetConfiguration(345)) - 4b364075-9b58-4908-a5b5-f5e156ea742e@group-8E9138349E05-LeaderStateImpl: startSetConfiguration SetConfigurationRequest:client-3EC03755EDE8->4b364075-9b58-4908-a5b5-f5e156ea742e@group-8E9138349E05, cid=10, seq=0, RW, null, peers:[1970bdcd-bd96-4495-88a5-6eaf9ec039da|rpc:localhost:14234|priority:0, 4b364075-9b58-4908-a5b5-f5e156ea742e|rpc:localhost:14224|admin:|client:|dataStream:|priority:0, d8916934-e70a-4a30-a7a2-2d11d7c4fe10|rpc:localhost:14244|priority:0]
2021-09-28 01:16:06,582 [IPC Server handler 37 on default port 14226] INFO  server.RaftServerConfigKeys (ConfUtils.java:logGet(44)) - raft.server.log.appender.snapshot.chunk.size.max = 16MB (=16777216) (default)
2021-09-28 01:16:06,582 [IPC Server handler 37 on default port 14226] INFO  server.RaftServerConfigKeys (ConfUtils.java:logGet(44)) - raft.server.log.appender.buffer.byte-limit = 33554432 (custom)
2021-09-28 01:16:06,582 [IPC Server handler 37 on default port 14226] INFO  server.RaftServerConfigKeys (ConfUtils.java:logGet(44)) - raft.server.log.appender.buffer.element-limit = 1024 (custom)
2021-09-28 01:16:06,584 [IPC Server handler 37 on default port 14226] INFO  grpc.GrpcConfigKeys (ConfUtils.java:logGet(44)) - raft.grpc.server.leader.outstanding.appends.max = 128 (default)
2021-09-28 01:16:06,584 [IPC Server handler 37 on default port 14226] INFO  server.RaftServerConfigKeys (ConfUtils.java:logGet(44)) - raft.server.rpc.request.timeout = 30000ms (custom)
2021-09-28 01:16:06,584 [IPC Server handler 37 on default port 14226] INFO  server.RaftServerConfigKeys (ConfUtils.java:logGet(44)) - raft.server.log.appender.install.snapshot.enabled = false (custom)
2021-09-28 01:16:06,599 [4b364075-9b58-4908-a5b5-f5e156ea742e@group-8E9138349E05->d8916934-e70a-4a30-a7a2-2d11d7c4fe10-GrpcLogAppender-LogAppenderDaemon] INFO  server.GrpcLogAppender (GrpcLogAppender.java:installSnapshot(524)) - 4b364075-9b58-4908-a5b5-f5e156ea742e@group-8E9138349E05->d8916934-e70a-4a30-a7a2-2d11d7c4fe10-GrpcLogAppender: followerNextIndex = 0 but logStartIndex = 1, notify follower to install snapshot-(t:2, i:1)
2021-09-28 01:16:06,600 [4b364075-9b58-4908-a5b5-f5e156ea742e@group-8E9138349E05->d8916934-e70a-4a30-a7a2-2d11d7c4fe10-GrpcLogAppender-LogAppenderDaemon] INFO  server.GrpcLogAppender (GrpcLogAppender.java:installSnapshot(532)) - 4b364075-9b58-4908-a5b5-f5e156ea742e@group-8E9138349E05->d8916934-e70a-4a30-a7a2-2d11d7c4fe10-GrpcLogAppender: send 4b364075-9b58-4908-a5b5-f5e156ea742e->d8916934-e70a-4a30-a7a2-2d11d7c4fe10#0-t2,notify:(t:2, i:1)
2021-09-28 01:16:06,605 [grpc-default-executor-0] INFO  server.RaftServer$Division (RaftServerImpl.java:installSnapshot(1329)) - d8916934-e70a-4a30-a7a2-2d11d7c4fe10@group-8E9138349E05: receive installSnapshot: 4b364075-9b58-4908-a5b5-f5e156ea742e->d8916934-e70a-4a30-a7a2-2d11d7c4fe10#0-t2,notify:(t:2, i:1)
2021-09-28 01:16:06,607 [grpc-default-executor-0] INFO  ha.SCMStateMachine (SCMStateMachine.java:notifyLeaderChanged(248)) - leader changed, yet current SCM is still follower.
2021-09-28 01:16:06,607 [grpc-default-executor-0] INFO  server.RaftServer$Division (ServerState.java:setLeader(285)) - d8916934-e70a-4a30-a7a2-2d11d7c4fe10@group-8E9138349E05: change Leader from null to 4b364075-9b58-4908-a5b5-f5e156ea742e at term 2 for installSnapshot, leader elected after 24381ms
2021-09-28 01:16:06,607 [grpc-default-executor-0] INFO  server.RaftServer$Division (RaftServerImpl.java:notifyStateMachineToInstallSnapshot(1581)) - d8916934-e70a-4a30-a7a2-2d11d7c4fe10@group-8E9138349E05: notifyInstallSnapshot: nextIndex is 0 but the leader's first available index is 1.
2021-09-28 01:16:06,607 [grpc-default-executor-0] INFO  ha.SCMStateMachine (SCMStateMachine.java:notifyInstallSnapshotFromLeader(212)) - Received install snapshot notification from SCM leader: localhost:14224 with term index: (t:2, i:1)
2021-09-28 01:16:06,612 [grpc-default-executor-0] INFO  server.RaftServer$Division (RaftServerImpl.java:installSnapshotImpl(1459)) - d8916934-e70a-4a30-a7a2-2d11d7c4fe10@group-8E9138349E05: set new configuration index: 5
configurationEntry {
  peers {
    id: "1970bdcd-bd96-4495-88a5-6eaf9ec039da"
    address: "localhost:14234"
  }
  peers {
    id: "4b364075-9b58-4908-a5b5-f5e156ea742e"
    address: "localhost:14224"
  }
}
 from snapshot
2021-09-28 01:16:06,612 [grpc-default-executor-0] INFO  server.RaftServer$Division (ServerState.java:setRaftConf(387)) - d8916934-e70a-4a30-a7a2-2d11d7c4fe10@group-8E9138349E05: set configuration 5: [1970bdcd-bd96-4495-88a5-6eaf9ec039da|rpc:localhost:14234|admin:|client:|dataStream:|priority:0, 4b364075-9b58-4908-a5b5-f5e156ea742e|rpc:localhost:14224|admin:|client:|dataStream:|priority:0], old=null
2021-09-28 01:16:06,612 [grpc-default-executor-0] INFO  server.RaftServer$Division (RaftServerImpl.java:installSnapshot(1340)) - d8916934-e70a-4a30-a7a2-2d11d7c4fe10@group-8E9138349E05: reply installSnapshot: 4b364075-9b58-4908-a5b5-f5e156ea742e<-d8916934-e70a-4a30-a7a2-2d11d7c4fe10#0:FAIL-t0,IN_PROGRESS
2021-09-28 01:16:06,613 [grpc-default-executor-0] INFO  server.GrpcServerProtocolService (GrpcServerProtocolService.java:onCompleted(140)) - d8916934-e70a-4a30-a7a2-2d11d7c4fe10: Completed INSTALL_SNAPSHOT, lastRequest: 4b364075-9b58-4908-a5b5-f5e156ea742e->d8916934-e70a-4a30-a7a2-2d11d7c4fe10#0-t2,notify:(t:2, i:1)
2021-09-28 01:16:06,615 [grpc-default-executor-0] INFO  server.GrpcLogAppender (GrpcLogAppender.java:onNext(400)) - 4b364075-9b58-4908-a5b5-f5e156ea742e@group-8E9138349E05->d8916934-e70a-4a30-a7a2-2d11d7c4fe10-InstallSnapshotResponseHandler: received the first reply 4b364075-9b58-4908-a5b5-f5e156ea742e<-d8916934-e70a-4a30-a7a2-2d11d7c4fe10#0:FAIL-t0,IN_PROGRESS
2021-09-28 01:16:06,616 [grpc-default-executor-0] INFO  server.GrpcLogAppender (GrpcLogAppender.java:onNext(417)) - 4b364075-9b58-4908-a5b5-f5e156ea742e@group-8E9138349E05->d8916934-e70a-4a30-a7a2-2d11d7c4fe10-InstallSnapshotResponseHandler: InstallSnapshot in progress.
2021-09-28 01:16:06,620 [4b364075-9b58-4908-a5b5-f5e156ea742e@group-8E9138349E05->d8916934-e70a-4a30-a7a2-2d11d7c4fe10-GrpcLogAppender-LogAppenderDaemon] INFO  server.GrpcLogAppender (GrpcLogAppender.java:installSnapshot(524)) - 4b364075-9b58-4908-a5b5-f5e156ea742e@group-8E9138349E05->d8916934-e70a-4a30-a7a2-2d11d7c4fe10-GrpcLogAppender: followerNextIndex = 0 but logStartIndex = 1, notify follower to install snapshot-(t:2, i:1)
2021-09-28 01:16:06,620 [4b364075-9b58-4908-a5b5-f5e156ea742e@group-8E9138349E05->d8916934-e70a-4a30-a7a2-2d11d7c4fe10-GrpcLogAppender-LogAppenderDaemon] INFO  server.GrpcLogAppender (GrpcLogAppender.java:installSnapshot(532)) - 4b364075-9b58-4908-a5b5-f5e156ea742e@group-8E9138349E05->d8916934-e70a-4a30-a7a2-2d11d7c4fe10-GrpcLogAppender: send 4b364075-9b58-4908-a5b5-f5e156ea742e->d8916934-e70a-4a30-a7a2-2d11d7c4fe10#0-t2,notify:(t:2, i:1)
2021-09-28 01:16:06,622 [grpc-default-executor-0] INFO  impl.RoleInfo (RoleInfo.java:updateAndGet(130)) - d8916934-e70a-4a30-a7a2-2d11d7c4fe10: start d8916934-e70a-4a30-a7a2-2d11d7c4fe10@group-8E9138349E05-FollowerState
2021-09-28 01:16:06,623 [grpc-default-executor-0] INFO  server.RaftServer$Division (RaftServerImpl.java:checkInconsistentAppendEntries(1293)) - d8916934-e70a-4a30-a7a2-2d11d7c4fe10@group-8E9138349E05: Failed appendEntries as snapshot ((t:2, i:1)) installation is in progress
2021-09-28 01:16:06,623 [grpc-default-executor-0] INFO  server.RaftServer$Division (RaftServerImpl.java:checkInconsistentAppendEntries(1285)) - d8916934-e70a-4a30-a7a2-2d11d7c4fe10@group-8E9138349E05: inconsistency entries. Reply:4b364075-9b58-4908-a5b5-f5e156ea742e<-d8916934-e70a-4a30-a7a2-2d11d7c4fe10#0:FAIL-t2,INCONSISTENCY,nextIndex=0,followerCommit=-1
2021-09-28 01:16:06,623 [grpc-default-executor-2] INFO  server.RaftServer$Division (RaftServerImpl.java:installSnapshot(1329)) - d8916934-e70a-4a30-a7a2-2d11d7c4fe10@group-8E9138349E05: receive installSnapshot: 4b364075-9b58-4908-a5b5-f5e156ea742e->d8916934-e70a-4a30-a7a2-2d11d7c4fe10#0-t2,notify:(t:2, i:1)
2021-09-28 01:16:06,624 [pool-228-thread-1] INFO  ha.SCMHAManagerImpl (SCMHAManagerImpl.java:getDBCheckpointFromLeader(206)) - Downloading checkpoint from leader SCM scmNode-1 and reloading state from the checkpoint.
2021-09-28 01:16:06,625 [grpc-default-executor-2] INFO  server.RaftServer$Division (RaftServerImpl.java:notifyStateMachineToInstallSnapshot(1611)) - d8916934-e70a-4a30-a7a2-2d11d7c4fe10@group-8E9138349E05: Snapshot Installation by StateMachine is in progress.
2021-09-28 01:16:06,627 [grpc-default-executor-0] INFO  leader.FollowerInfo (FollowerInfoImpl.java:lambda$new$0(46)) - 4b364075-9b58-4908-a5b5-f5e156ea742e@group-8E9138349E05->d8916934-e70a-4a30-a7a2-2d11d7c4fe10: nextIndex: updateUnconditionally 0 -> 0
2021-09-28 01:16:06,628 [grpc-default-executor-2] INFO  server.RaftServer$Division (RaftServerImpl.java:installSnapshotImpl(1459)) - d8916934-e70a-4a30-a7a2-2d11d7c4fe10@group-8E9138349E05: set new configuration index: 5
configurationEntry {
  peers {
    id: "1970bdcd-bd96-4495-88a5-6eaf9ec039da"
    address: "localhost:14234"
  }
  peers {
    id: "4b364075-9b58-4908-a5b5-f5e156ea742e"
    address: "localhost:14224"
  }
}
 from snapshot
2021-09-28 01:16:06,637 [grpc-default-executor-2] INFO  server.RaftServer$Division (ServerState.java:setRaftConf(387)) - d8916934-e70a-4a30-a7a2-2d11d7c4fe10@group-8E9138349E05: set configuration 5: [1970bdcd-bd96-4495-88a5-6eaf9ec039da|rpc:localhost:14234|admin:|client:|dataStream:|priority:0, 4b364075-9b58-4908-a5b5-f5e156ea742e|rpc:localhost:14224|admin:|client:|dataStream:|priority:0], old=null
2021-09-28 01:16:06,637 [grpc-default-executor-2] INFO  server.RaftServer$Division (RaftServerImpl.java:installSnapshot(1340)) - d8916934-e70a-4a30-a7a2-2d11d7c4fe10@group-8E9138349E05: reply installSnapshot: 4b364075-9b58-4908-a5b5-f5e156ea742e<-d8916934-e70a-4a30-a7a2-2d11d7c4fe10#0:FAIL-t2,IN_PROGRESS
2021-09-28 01:16:06,637 [grpc-default-executor-2] INFO  server.GrpcServerProtocolService (GrpcServerProtocolService.java:onCompleted(140)) - d8916934-e70a-4a30-a7a2-2d11d7c4fe10: Completed INSTALL_SNAPSHOT, lastRequest: 4b364075-9b58-4908-a5b5-f5e156ea742e->d8916934-e70a-4a30-a7a2-2d11d7c4fe10#0-t2,notify:(t:2, i:1)
2021-09-28 01:16:06,639 [grpc-default-executor-0] INFO  server.GrpcLogAppender (GrpcLogAppender.java:onNext(400)) - 4b364075-9b58-4908-a5b5-f5e156ea742e@group-8E9138349E05->d8916934-e70a-4a30-a7a2-2d11d7c4fe10-InstallSnapshotResponseHandler: received a reply 4b364075-9b58-4908-a5b5-f5e156ea742e<-d8916934-e70a-4a30-a7a2-2d11d7c4fe10#0:FAIL-t2,IN_PROGRESS
2021-09-28 01:16:06,639 [grpc-default-executor-0] INFO  server.GrpcLogAppender (GrpcLogAppender.java:onNext(417)) - 4b364075-9b58-4908-a5b5-f5e156ea742e@group-8E9138349E05->d8916934-e70a-4a30-a7a2-2d11d7c4fe10-InstallSnapshotResponseHandler: InstallSnapshot in progress.
2021-09-28 01:16:06,641 [grpc-default-executor-2] INFO  ha.SCMDBCheckpointProvider (SCMDBCheckpointProvider.java:writeDBCheckPointToSream(48)) - Received request to obtain SCM DB checkpoint snapshot
2021-09-28 01:16:06,644 [4b364075-9b58-4908-a5b5-f5e156ea742e@group-8E9138349E05->d8916934-e70a-4a30-a7a2-2d11d7c4fe10-GrpcLogAppender-LogAppenderDaemon] INFO  server.GrpcLogAppender (GrpcLogAppender.java:installSnapshot(524)) - 4b364075-9b58-4908-a5b5-f5e156ea742e@group-8E9138349E05->d8916934-e70a-4a30-a7a2-2d11d7c4fe10-GrpcLogAppender: followerNextIndex = 0 but logStartIndex = 1, notify follower to install snapshot-(t:2, i:1)
2021-09-28 01:16:06,644 [4b364075-9b58-4908-a5b5-f5e156ea742e@group-8E9138349E05->d8916934-e70a-4a30-a7a2-2d11d7c4fe10-GrpcLogAppender-LogAppenderDaemon] INFO  server.GrpcLogAppender (GrpcLogAppender.java:installSnapshot(532)) - 4b364075-9b58-4908-a5b5-f5e156ea742e@group-8E9138349E05->d8916934-e70a-4a30-a7a2-2d11d7c4fe10-GrpcLogAppender: send 4b364075-9b58-4908-a5b5-f5e156ea742e->d8916934-e70a-4a30-a7a2-2d11d7c4fe10#0-t2,notify:(t:2, i:1)
2021-09-28 01:16:06,644 [grpc-default-executor-0] INFO  server.RaftServer$Division (RaftServerImpl.java:checkInconsistentAppendEntries(1293)) - d8916934-e70a-4a30-a7a2-2d11d7c4fe10@group-8E9138349E05: Failed appendEntries as snapshot ((t:2, i:1)) installation is in progress
2021-09-28 01:16:06,645 [grpc-default-executor-0] INFO  server.RaftServer$Division (RaftServerImpl.java:checkInconsistentAppendEntries(1285)) - d8916934-e70a-4a30-a7a2-2d11d7c4fe10@group-8E9138349E05: inconsistency entries. Reply:4b364075-9b58-4908-a5b5-f5e156ea742e<-d8916934-e70a-4a30-a7a2-2d11d7c4fe10#1:FAIL-t2,INCONSISTENCY,nextIndex=0,followerCommit=-1
2021-09-28 01:16:06,645 [grpc-default-executor-0] INFO  server.RaftServer$Division (RaftServerImpl.java:installSnapshot(1329)) - d8916934-e70a-4a30-a7a2-2d11d7c4fe10@group-8E9138349E05: receive installSnapshot: 4b364075-9b58-4908-a5b5-f5e156ea742e->d8916934-e70a-4a30-a7a2-2d11d7c4fe10#0-t2,notify:(t:2, i:1)
2021-09-28 01:16:06,646 [grpc-default-executor-0] INFO  server.RaftServer$Division (RaftServerImpl.java:notifyStateMachineToInstallSnapshot(1611)) - d8916934-e70a-4a30-a7a2-2d11d7c4fe10@group-8E9138349E05: Snapshot Installation by StateMachine is in progress.
2021-09-28 01:16:06,646 [grpc-default-executor-0] INFO  server.RaftServer$Division (RaftServerImpl.java:installSnapshotImpl(1459)) - d8916934-e70a-4a30-a7a2-2d11d7c4fe10@group-8E9138349E05: set new configuration index: 5
configurationEntry {
  peers {
    id: "1970bdcd-bd96-4495-88a5-6eaf9ec039da"
    address: "localhost:14234"
  }
  peers {
    id: "4b364075-9b58-4908-a5b5-f5e156ea742e"
    address: "localhost:14224"
  }
}
 from snapshot
2021-09-28 01:16:06,646 [grpc-default-executor-3] INFO  leader.FollowerInfo (FollowerInfoImpl.java:lambda$new$0(46)) - 4b364075-9b58-4908-a5b5-f5e156ea742e@group-8E9138349E05->d8916934-e70a-4a30-a7a2-2d11d7c4fe10: nextIndex: updateUnconditionally 0 -> 0
2021-09-28 01:16:06,646 [grpc-default-executor-0] INFO  server.RaftServer$Division (ServerState.java:setRaftConf(387)) - d8916934-e70a-4a30-a7a2-2d11d7c4fe10@group-8E9138349E05: set configuration 5: [1970bdcd-bd96-4495-88a5-6eaf9ec039da|rpc:localhost:14234|admin:|client:|dataStream:|priority:0, 4b364075-9b58-4908-a5b5-f5e156ea742e|rpc:localhost:14224|admin:|client:|dataStream:|priority:0], old=null
2021-09-28 01:16:06,646 [grpc-default-executor-0] INFO  server.RaftServer$Division (RaftServerImpl.java:installSnapshot(1340)) - d8916934-e70a-4a30-a7a2-2d11d7c4fe10@group-8E9138349E05: reply installSnapshot: 4b364075-9b58-4908-a5b5-f5e156ea742e<-d8916934-e70a-4a30-a7a2-2d11d7c4fe10#0:FAIL-t2,IN_PROGRESS
2021-09-28 01:16:06,646 [grpc-default-executor-0] INFO  server.GrpcServerProtocolService (GrpcServerProtocolService.java:onCompleted(140)) - d8916934-e70a-4a30-a7a2-2d11d7c4fe10: Completed INSTALL_SNAPSHOT, lastRequest: 4b364075-9b58-4908-a5b5-f5e156ea742e->d8916934-e70a-4a30-a7a2-2d11d7c4fe10#0-t2,notify:(t:2, i:1)
2021-09-28 01:16:06,647 [grpc-default-executor-0] INFO  server.GrpcLogAppender (GrpcLogAppender.java:onNext(400)) - 4b364075-9b58-4908-a5b5-f5e156ea742e@group-8E9138349E05->d8916934-e70a-4a30-a7a2-2d11d7c4fe10-InstallSnapshotResponseHandler: received a reply 4b364075-9b58-4908-a5b5-f5e156ea742e<-d8916934-e70a-4a30-a7a2-2d11d7c4fe10#0:FAIL-t2,IN_PROGRESS
2021-09-28 01:16:06,647 [grpc-default-executor-0] INFO  server.GrpcLogAppender (GrpcLogAppender.java:onNext(417)) - 4b364075-9b58-4908-a5b5-f5e156ea742e@group-8E9138349E05->d8916934-e70a-4a30-a7a2-2d11d7c4fe10-InstallSnapshotResponseHandler: InstallSnapshot in progress.
2021-09-28 01:16:06,650 [4b364075-9b58-4908-a5b5-f5e156ea742e@group-8E9138349E05->d8916934-e70a-4a30-a7a2-2d11d7c4fe10-GrpcLogAppender-LogAppenderDaemon] INFO  server.GrpcLogAppender (GrpcLogAppender.java:installSnapshot(524)) - 4b364075-9b58-4908-a5b5-f5e156ea742e@group-8E9138349E05->d8916934-e70a-4a30-a7a2-2d11d7c4fe10-GrpcLogAppender: followerNextIndex = 0 but logStartIndex = 1, notify follower to install snapshot-(t:2, i:1)
2021-09-28 01:16:06,651 [4b364075-9b58-4908-a5b5-f5e156ea742e@group-8E9138349E05->d8916934-e70a-4a30-a7a2-2d11d7c4fe10-GrpcLogAppender-LogAppenderDaemon] INFO  server.GrpcLogAppender (GrpcLogAppender.java:installSnapshot(532)) - 4b364075-9b58-4908-a5b5-f5e156ea742e@group-8E9138349E05->d8916934-e70a-4a30-a7a2-2d11d7c4fe10-GrpcLogAppender: send 4b364075-9b58-4908-a5b5-f5e156ea742e->d8916934-e70a-4a30-a7a2-2d11d7c4fe10#0-t2,notify:(t:2, i:1)
2021-09-28 01:16:06,651 [grpc-default-executor-0] INFO  server.RaftServer$Division (RaftServerImpl.java:checkInconsistentAppendEntries(1293)) - d8916934-e70a-4a30-a7a2-2d11d7c4fe10@group-8E9138349E05: Failed appendEntries as snapshot ((t:2, i:1)) installation is in progress
2021-09-28 01:16:06,651 [grpc-default-executor-0] INFO  server.RaftServer$Division (RaftServerImpl.java:checkInconsistentAppendEntries(1285)) - d8916934-e70a-4a30-a7a2-2d11d7c4fe10@group-8E9138349E05: inconsistency entries. Reply:4b364075-9b58-4908-a5b5-f5e156ea742e<-d8916934-e70a-4a30-a7a2-2d11d7c4fe10#2:FAIL-t2,INCONSISTENCY,nextIndex=0,followerCommit=-1
2021-09-28 01:16:06,652 [grpc-default-executor-0] INFO  server.RaftServer$Division (RaftServerImpl.java:installSnapshot(1329)) - d8916934-e70a-4a30-a7a2-2d11d7c4fe10@group-8E9138349E05: receive installSnapshot: 4b364075-9b58-4908-a5b5-f5e156ea742e->d8916934-e70a-4a30-a7a2-2d11d7c4fe10#0-t2,notify:(t:2, i:1)
2021-09-28 01:16:06,652 [grpc-default-executor-0] INFO  server.RaftServer$Division (RaftServerImpl.java:notifyStateMachineToInstallSnapshot(1611)) - d8916934-e70a-4a30-a7a2-2d11d7c4fe10@group-8E9138349E05: Snapshot Installation by StateMachine is in progress.
2021-09-28 01:16:06,652 [grpc-default-executor-0] INFO  server.RaftServer$Division (RaftServerImpl.java:installSnapshotImpl(1459)) - d8916934-e70a-4a30-a7a2-2d11d7c4fe10@group-8E9138349E05: set new configuration index: 5
configurationEntry {
  peers {
    id: "1970bdcd-bd96-4495-88a5-6eaf9ec039da"
    address: "localhost:14234"
  }
  peers {
    id: "4b364075-9b58-4908-a5b5-f5e156ea742e"
    address: "localhost:14224"
  }
}
 from snapshot
2021-09-28 01:16:06,653 [grpc-default-executor-0] INFO  server.RaftServer$Division (ServerState.java:setRaftConf(387)) - d8916934-e70a-4a30-a7a2-2d11d7c4fe10@group-8E9138349E05: set configuration 5: [1970bdcd-bd96-4495-88a5-6eaf9ec039da|rpc:localhost:14234|admin:|client:|dataStream:|priority:0, 4b364075-9b58-4908-a5b5-f5e156ea742e|rpc:localhost:14224|admin:|client:|dataStream:|priority:0], old=null
2021-09-28 01:16:06,653 [grpc-default-executor-3] INFO  leader.FollowerInfo (FollowerInfoImpl.java:lambda$new$0(46)) - 4b364075-9b58-4908-a5b5-f5e156ea742e@group-8E9138349E05->d8916934-e70a-4a30-a7a2-2d11d7c4fe10: nextIndex: updateUnconditionally 0 -> 0
2021-09-28 01:16:06,653 [grpc-default-executor-0] INFO  server.RaftServer$Division (RaftServerImpl.java:installSnapshot(1340)) - d8916934-e70a-4a30-a7a2-2d11d7c4fe10@group-8E9138349E05: reply installSnapshot: 4b364075-9b58-4908-a5b5-f5e156ea742e<-d8916934-e70a-4a30-a7a2-2d11d7c4fe10#0:FAIL-t2,IN_PROGRESS
2021-09-28 01:16:06,654 [grpc-default-executor-3] INFO  server.GrpcLogAppender (GrpcLogAppender.java:onNext(400)) - 4b364075-9b58-4908-a5b5-f5e156ea742e@group-8E9138349E05->d8916934-e70a-4a30-a7a2-2d11d7c4fe10-InstallSnapshotResponseHandler: received a reply 4b364075-9b58-4908-a5b5-f5e156ea742e<-d8916934-e70a-4a30-a7a2-2d11d7c4fe10#0:FAIL-t2,IN_PROGRESS
2021-09-28 01:16:06,654 [grpc-default-executor-3] INFO  server.GrpcLogAppender (GrpcLogAppender.java:onNext(417)) - 4b364075-9b58-4908-a5b5-f5e156ea742e@group-8E9138349E05->d8916934-e70a-4a30-a7a2-2d11d7c4fe10-InstallSnapshotResponseHandler: InstallSnapshot in progress.
2021-09-28 01:16:06,654 [grpc-default-executor-0] INFO  server.GrpcServerProtocolService (GrpcServerProtocolService.java:onCompleted(140)) - d8916934-e70a-4a30-a7a2-2d11d7c4fe10: Completed INSTALL_SNAPSHOT, lastRequest: 4b364075-9b58-4908-a5b5-f5e156ea742e->d8916934-e70a-4a30-a7a2-2d11d7c4fe10#0-t2,notify:(t:2, i:1)
2021-09-28 01:16:06,656 [4b364075-9b58-4908-a5b5-f5e156ea742e@group-8E9138349E05->d8916934-e70a-4a30-a7a2-2d11d7c4fe10-GrpcLogAppender-LogAppenderDaemon] INFO  server.GrpcLogAppender (GrpcLogAppender.java:installSnapshot(524)) - 4b364075-9b58-4908-a5b5-f5e156ea742e@group-8E9138349E05->d8916934-e70a-4a30-a7a2-2d11d7c4fe10-GrpcLogAppender: followerNextIndex = 0 but logStartIndex = 1, notify follower to install snapshot-(t:2, i:1)
2021-09-28 01:16:06,656 [4b364075-9b58-4908-a5b5-f5e156ea742e@group-8E9138349E05->d8916934-e70a-4a30-a7a2-2d11d7c4fe10-GrpcLogAppender-LogAppenderDaemon] INFO  server.GrpcLogAppender (GrpcLogAppender.java:installSnapshot(532)) - 4b364075-9b58-4908-a5b5-f5e156ea742e@group-8E9138349E05->d8916934-e70a-4a30-a7a2-2d11d7c4fe10-GrpcLogAppender: send 4b364075-9b58-4908-a5b5-f5e156ea742e->d8916934-e70a-4a30-a7a2-2d11d7c4fe10#0-t2,notify:(t:2, i:1)
2021-09-28 01:16:06,658 [grpc-default-executor-0] INFO  server.RaftServer$Division (RaftServerImpl.java:checkInconsistentAppendEntries(1293)) - d8916934-e70a-4a30-a7a2-2d11d7c4fe10@group-8E9138349E05: Failed appendEntries as snapshot ((t:2, i:1)) installation is in progress
2021-09-28 01:16:06,658 [grpc-default-executor-3] INFO  server.RaftServer$Division (RaftServerImpl.java:installSnapshot(1329)) - d8916934-e70a-4a30-a7a2-2d11d7c4fe10@group-8E9138349E05: receive installSnapshot: 4b364075-9b58-4908-a5b5-f5e156ea742e->d8916934-e70a-4a30-a7a2-2d11d7c4fe10#0-t2,notify:(t:2, i:1)
2021-09-28 01:16:06,658 [grpc-default-executor-0] INFO  server.RaftServer$Division (RaftServerImpl.java:checkInconsistentAppendEntries(1285)) - d8916934-e70a-4a30-a7a2-2d11d7c4fe10@group-8E9138349E05: inconsistency entries. Reply:4b364075-9b58-4908-a5b5-f5e156ea742e<-d8916934-e70a-4a30-a7a2-2d11d7c4fe10#3:FAIL-t2,INCONSISTENCY,nextIndex=0,followerCommit=-1
2021-09-28 01:16:06,659 [grpc-default-executor-3] INFO  server.RaftServer$Division (RaftServerImpl.java:notifyStateMachineToInstallSnapshot(1611)) - d8916934-e70a-4a30-a7a2-2d11d7c4fe10@group-8E9138349E05: Snapshot Installation by StateMachine is in progress.
2021-09-28 01:16:06,659 [grpc-default-executor-3] INFO  server.RaftServer$Division (RaftServerImpl.java:installSnapshotImpl(1459)) - d8916934-e70a-4a30-a7a2-2d11d7c4fe10@group-8E9138349E05: set new configuration index: 5
configurationEntry {
  peers {
    id: "1970bdcd-bd96-4495-88a5-6eaf9ec039da"
    address: "localhost:14234"
  }
  peers {
    id: "4b364075-9b58-4908-a5b5-f5e156ea742e"
    address: "localhost:14224"
  }
}
 from snapshot
2021-09-28 01:16:06,659 [grpc-default-executor-3] INFO  server.RaftServer$Division (ServerState.java:setRaftConf(387)) - d8916934-e70a-4a30-a7a2-2d11d7c4fe10@group-8E9138349E05: set configuration 5: [1970bdcd-bd96-4495-88a5-6eaf9ec039da|rpc:localhost:14234|admin:|client:|dataStream:|priority:0, 4b364075-9b58-4908-a5b5-f5e156ea742e|rpc:localhost:14224|admin:|client:|dataStream:|priority:0], old=null
2021-09-28 01:16:06,659 [grpc-default-executor-3] INFO  server.RaftServer$Division (RaftServerImpl.java:installSnapshot(1340)) - d8916934-e70a-4a30-a7a2-2d11d7c4fe10@group-8E9138349E05: reply installSnapshot: 4b364075-9b58-4908-a5b5-f5e156ea742e<-d8916934-e70a-4a30-a7a2-2d11d7c4fe10#0:FAIL-t2,IN_PROGRESS
2021-09-28 01:16:06,659 [grpc-default-executor-3] INFO  server.GrpcServerProtocolService (GrpcServerProtocolService.java:onCompleted(140)) - d8916934-e70a-4a30-a7a2-2d11d7c4fe10: Completed INSTALL_SNAPSHOT, lastRequest: 4b364075-9b58-4908-a5b5-f5e156ea742e->d8916934-e70a-4a30-a7a2-2d11d7c4fe10#0-t2,notify:(t:2, i:1)
2021-09-28 01:16:06,660 [grpc-default-executor-2] INFO  db.RDBCheckpointManager (RDBCheckpointManager.java:createCheckpoint(86)) - Created checkpoint at /home/runner/work/ozone/ozone/hadoop-ozone/integration-test/target/test-dir/MiniOzoneClusterImpl-4882f729-1751-4fe5-a7fb-8e9138349e05/scmNode-1/db.checkpoints/scm.db_checkpoint_1632791766641 in 19 milliseconds
2021-09-28 01:16:06,663 [grpc-default-executor-2] INFO  ha.SCMGrpcOutputStream (SCMGrpcOutputStream.java:close(111)) - Sent 6088 bytes for cluster 4882f729-1751-4fe5-a7fb-8e9138349e05
2021-09-28 01:16:06,663 [grpc-default-executor-3] INFO  leader.FollowerInfo (FollowerInfoImpl.java:lambda$new$0(46)) - 4b364075-9b58-4908-a5b5-f5e156ea742e@group-8E9138349E05->d8916934-e70a-4a30-a7a2-2d11d7c4fe10: nextIndex: updateUnconditionally 0 -> 0
2021-09-28 01:16:06,664 [grpc-default-executor-0] INFO  server.GrpcLogAppender (GrpcLogAppender.java:onNext(400)) - 4b364075-9b58-4908-a5b5-f5e156ea742e@group-8E9138349E05->d8916934-e70a-4a30-a7a2-2d11d7c4fe10-InstallSnapshotResponseHandler: received a reply 4b364075-9b58-4908-a5b5-f5e156ea742e<-d8916934-e70a-4a30-a7a2-2d11d7c4fe10#0:FAIL-t2,IN_PROGRESS
2021-09-28 01:16:06,665 [grpc-default-executor-0] INFO  server.GrpcLogAppender (GrpcLogAppender.java:onNext(417)) - 4b364075-9b58-4908-a5b5-f5e156ea742e@group-8E9138349E05->d8916934-e70a-4a30-a7a2-2d11d7c4fe10-InstallSnapshotResponseHandler: InstallSnapshot in progress.
2021-09-28 01:16:06,665 [grpc-default-executor-2] INFO  ha.SCMDBCheckpointProvider (SCMDBCheckpointProvider.java:writeDBCheckPointToSream(73)) - Time taken to write the checkpoint to response output stream: 5 milliseconds
2021-09-28 01:16:06,665 [grpc-default-executor-2] INFO  db.RocksDBCheckpoint (RocksDBCheckpoint.java:cleanupCheckpoint(78)) - Cleaning up RocksDB checkpoint at /home/runner/work/ozone/ozone/hadoop-ozone/integration-test/target/test-dir/MiniOzoneClusterImpl-4882f729-1751-4fe5-a7fb-8e9138349e05/scmNode-1/db.checkpoints/scm.db_checkpoint_1632791766641
2021-09-28 01:16:06,667 [4b364075-9b58-4908-a5b5-f5e156ea742e@group-8E9138349E05->d8916934-e70a-4a30-a7a2-2d11d7c4fe10-GrpcLogAppender-LogAppenderDaemon] INFO  server.GrpcLogAppender (GrpcLogAppender.java:installSnapshot(524)) - 4b364075-9b58-4908-a5b5-f5e156ea742e@group-8E9138349E05->d8916934-e70a-4a30-a7a2-2d11d7c4fe10-GrpcLogAppender: followerNextIndex = 0 but logStartIndex = 1, notify follower to install snapshot-(t:2, i:1)
2021-09-28 01:16:06,667 [4b364075-9b58-4908-a5b5-f5e156ea742e@group-8E9138349E05->d8916934-e70a-4a30-a7a2-2d11d7c4fe10-GrpcLogAppender-LogAppenderDaemon] INFO  server.GrpcLogAppender (GrpcLogAppender.java:installSnapshot(532)) - 4b364075-9b58-4908-a5b5-f5e156ea742e@group-8E9138349E05->d8916934-e70a-4a30-a7a2-2d11d7c4fe10-GrpcLogAppender: send 4b364075-9b58-4908-a5b5-f5e156ea742e->d8916934-e70a-4a30-a7a2-2d11d7c4fe10#0-t2,notify:(t:2, i:1)
2021-09-28 01:16:06,667 [grpc-default-executor-2] INFO  ha.InterSCMGrpcClient (InterSCMGrpcClient.java:onCompleted(173)) - Checkpoint is downloaded to /home/runner/work/ozone/ozone/hadoop-ozone/integration-test/target/test-dir/MiniOzoneClusterImpl-4882f729-1751-4fe5-a7fb-8e9138349e05/scmNode-3/snapshot/scm.db-scmNode-1-1632791766624.tar.gz
2021-09-28 01:16:06,668 [grpc-default-executor-3] INFO  server.RaftServer$Division (RaftServerImpl.java:checkInconsistentAppendEntries(1293)) - d8916934-e70a-4a30-a7a2-2d11d7c4fe10@group-8E9138349E05: Failed appendEntries as snapshot ((t:2, i:1)) installation is in progress
2021-09-28 01:16:06,668 [grpc-default-executor-3] INFO  server.RaftServer$Division (RaftServerImpl.java:checkInconsistentAppendEntries(1285)) - d8916934-e70a-4a30-a7a2-2d11d7c4fe10@group-8E9138349E05: inconsistency entries. Reply:4b364075-9b58-4908-a5b5-f5e156ea742e<-d8916934-e70a-4a30-a7a2-2d11d7c4fe10#4:FAIL-t2,INCONSISTENCY,nextIndex=0,followerCommit=-1
2021-09-28 01:16:06,669 [grpc-default-executor-0] INFO  server.RaftServer$Division (RaftServerImpl.java:installSnapshot(1329)) - d8916934-e70a-4a30-a7a2-2d11d7c4fe10@group-8E9138349E05: receive installSnapshot: 4b364075-9b58-4908-a5b5-f5e156ea742e->d8916934-e70a-4a30-a7a2-2d11d7c4fe10#0-t2,notify:(t:2, i:1)
2021-09-28 01:16:06,669 [grpc-default-executor-0] INFO  server.RaftServer$Division (RaftServerImpl.java:notifyStateMachineToInstallSnapshot(1611)) - d8916934-e70a-4a30-a7a2-2d11d7c4fe10@group-8E9138349E05: Snapshot Installation by StateMachine is in progress.
2021-09-28 01:16:06,669 [grpc-default-executor-0] INFO  server.RaftServer$Division (RaftServerImpl.java:installSnapshotImpl(1459)) - d8916934-e70a-4a30-a7a2-2d11d7c4fe10@group-8E9138349E05: set new configuration index: 5
configurationEntry {
  peers {
    id: "1970bdcd-bd96-4495-88a5-6eaf9ec039da"
    address: "localhost:14234"
  }
  peers {
    id: "4b364075-9b58-4908-a5b5-f5e156ea742e"
    address: "localhost:14224"
  }
}
 from snapshot
2021-09-28 01:16:06,669 [grpc-default-executor-0] INFO  server.RaftServer$Division (ServerState.java:setRaftConf(387)) - d8916934-e70a-4a30-a7a2-2d11d7c4fe10@group-8E9138349E05: set configuration 5: [1970bdcd-bd96-4495-88a5-6eaf9ec039da|rpc:localhost:14234|admin:|client:|dataStream:|priority:0, 4b364075-9b58-4908-a5b5-f5e156ea742e|rpc:localhost:14224|admin:|client:|dataStream:|priority:0], old=null
2021-09-28 01:16:06,669 [grpc-default-executor-0] INFO  server.RaftServer$Division (RaftServerImpl.java:installSnapshot(1340)) - d8916934-e70a-4a30-a7a2-2d11d7c4fe10@group-8E9138349E05: reply installSnapshot: 4b364075-9b58-4908-a5b5-f5e156ea742e<-d8916934-e70a-4a30-a7a2-2d11d7c4fe10#0:FAIL-t2,IN_PROGRESS
2021-09-28 01:16:06,673 [grpc-default-executor-0] INFO  server.GrpcServerProtocolService (GrpcServerProtocolService.java:onCompleted(140)) - d8916934-e70a-4a30-a7a2-2d11d7c4fe10: Completed INSTALL_SNAPSHOT, lastRequest: 4b364075-9b58-4908-a5b5-f5e156ea742e->d8916934-e70a-4a30-a7a2-2d11d7c4fe10#0-t2,notify:(t:2, i:1)
2021-09-28 01:16:06,675 [grpc-default-executor-3] INFO  server.GrpcLogAppender (GrpcLogAppender.java:onNext(400)) - 4b364075-9b58-4908-a5b5-f5e156ea742e@group-8E9138349E05->d8916934-e70a-4a30-a7a2-2d11d7c4fe10-InstallSnapshotResponseHandler: received a reply 4b364075-9b58-4908-a5b5-f5e156ea742e<-d8916934-e70a-4a30-a7a2-2d11d7c4fe10#0:FAIL-t2,IN_PROGRESS
2021-09-28 01:16:06,675 [grpc-default-executor-3] INFO  server.GrpcLogAppender (GrpcLogAppender.java:onNext(417)) - 4b364075-9b58-4908-a5b5-f5e156ea742e@group-8E9138349E05->d8916934-e70a-4a30-a7a2-2d11d7c4fe10-InstallSnapshotResponseHandler: InstallSnapshot in progress.
2021-09-28 01:16:06,676 [grpc-default-executor-0] INFO  leader.FollowerInfo (FollowerInfoImpl.java:lambda$new$0(46)) - 4b364075-9b58-4908-a5b5-f5e156ea742e@group-8E9138349E05->d8916934-e70a-4a30-a7a2-2d11d7c4fe10: nextIndex: updateUnconditionally 0 -> 0
2021-09-28 01:16:06,677 [4b364075-9b58-4908-a5b5-f5e156ea742e@group-8E9138349E05->d8916934-e70a-4a30-a7a2-2d11d7c4fe10-GrpcLogAppender-LogAppenderDaemon] INFO  server.GrpcLogAppender (GrpcLogAppender.java:installSnapshot(524)) - 4b364075-9b58-4908-a5b5-f5e156ea742e@group-8E9138349E05->d8916934-e70a-4a30-a7a2-2d11d7c4fe10-GrpcLogAppender: followerNextIndex = 0 but logStartIndex = 1, notify follower to install snapshot-(t:2, i:1)
2021-09-28 01:16:06,677 [4b364075-9b58-4908-a5b5-f5e156ea742e@group-8E9138349E05->d8916934-e70a-4a30-a7a2-2d11d7c4fe10-GrpcLogAppender-LogAppenderDaemon] INFO  server.GrpcLogAppender (GrpcLogAppender.java:installSnapshot(532)) - 4b364075-9b58-4908-a5b5-f5e156ea742e@group-8E9138349E05->d8916934-e70a-4a30-a7a2-2d11d7c4fe10-GrpcLogAppender: send 4b364075-9b58-4908-a5b5-f5e156ea742e->d8916934-e70a-4a30-a7a2-2d11d7c4fe10#0-t2,notify:(t:2, i:1)
2021-09-28 01:16:06,678 [grpc-default-executor-3] INFO  server.RaftServer$Division (RaftServerImpl.java:installSnapshot(1329)) - d8916934-e70a-4a30-a7a2-2d11d7c4fe10@group-8E9138349E05: receive installSnapshot: 4b364075-9b58-4908-a5b5-f5e156ea742e->d8916934-e70a-4a30-a7a2-2d11d7c4fe10#0-t2,notify:(t:2, i:1)
2021-09-28 01:16:06,678 [grpc-default-executor-3] INFO  server.RaftServer$Division (RaftServerImpl.java:notifyStateMachineToInstallSnapshot(1611)) - d8916934-e70a-4a30-a7a2-2d11d7c4fe10@group-8E9138349E05: Snapshot Installation by StateMachine is in progress.
2021-09-28 01:16:06,678 [grpc-default-executor-3] INFO  server.RaftServer$Division (RaftServerImpl.java:installSnapshotImpl(1459)) - d8916934-e70a-4a30-a7a2-2d11d7c4fe10@group-8E9138349E05: set new configuration index: 5
configurationEntry {
  peers {
    id: "1970bdcd-bd96-4495-88a5-6eaf9ec039da"
    address: "localhost:14234"
  }
  peers {
    id: "4b364075-9b58-4908-a5b5-f5e156ea742e"
    address: "localhost:14224"
  }
}
 from snapshot
2021-09-28 01:16:06,679 [grpc-default-executor-3] INFO  server.RaftServer$Division (ServerState.java:setRaftConf(387)) - d8916934-e70a-4a30-a7a2-2d11d7c4fe10@group-8E9138349E05: set configuration 5: [1970bdcd-bd96-4495-88a5-6eaf9ec039da|rpc:localhost:14234|admin:|client:|dataStream:|priority:0, 4b364075-9b58-4908-a5b5-f5e156ea742e|rpc:localhost:14224|admin:|client:|dataStream:|priority:0], old=null
2021-09-28 01:16:06,679 [grpc-default-executor-3] INFO  server.RaftServer$Division (RaftServerImpl.java:installSnapshot(1340)) - d8916934-e70a-4a30-a7a2-2d11d7c4fe10@group-8E9138349E05: reply installSnapshot: 4b364075-9b58-4908-a5b5-f5e156ea742e<-d8916934-e70a-4a30-a7a2-2d11d7c4fe10#0:FAIL-t2,IN_PROGRESS
2021-09-28 01:16:06,679 [grpc-default-executor-3] INFO  server.GrpcServerProtocolService (GrpcServerProtocolService.java:onCompleted(140)) - d8916934-e70a-4a30-a7a2-2d11d7c4fe10: Completed INSTALL_SNAPSHOT, lastRequest: 4b364075-9b58-4908-a5b5-f5e156ea742e->d8916934-e70a-4a30-a7a2-2d11d7c4fe10#0-t2,notify:(t:2, i:1)
2021-09-28 01:16:06,679 [grpc-default-executor-0] INFO  server.RaftServer$Division (RaftServerImpl.java:checkInconsistentAppendEntries(1293)) - d8916934-e70a-4a30-a7a2-2d11d7c4fe10@group-8E9138349E05: Failed appendEntries as snapshot ((t:2, i:1)) installation is in progress
2021-09-28 01:16:06,679 [grpc-default-executor-0] INFO  server.RaftServer$Division (RaftServerImpl.java:checkInconsistentAppendEntries(1285)) - d8916934-e70a-4a30-a7a2-2d11d7c4fe10@group-8E9138349E05: inconsistency entries. Reply:4b364075-9b58-4908-a5b5-f5e156ea742e<-d8916934-e70a-4a30-a7a2-2d11d7c4fe10#5:FAIL-t2,INCONSISTENCY,nextIndex=0,followerCommit=-1
2021-09-28 01:16:06,688 [grpc-default-executor-0] INFO  server.GrpcLogAppender (GrpcLogAppender.java:onNext(400)) - 4b364075-9b58-4908-a5b5-f5e156ea742e@group-8E9138349E05->d8916934-e70a-4a30-a7a2-2d11d7c4fe10-InstallSnapshotResponseHandler: received a reply 4b364075-9b58-4908-a5b5-f5e156ea742e<-d8916934-e70a-4a30-a7a2-2d11d7c4fe10#0:FAIL-t2,IN_PROGRESS
2021-09-28 01:16:06,688 [grpc-default-executor-0] INFO  server.GrpcLogAppender (GrpcLogAppender.java:onNext(417)) - 4b364075-9b58-4908-a5b5-f5e156ea742e@group-8E9138349E05->d8916934-e70a-4a30-a7a2-2d11d7c4fe10-InstallSnapshotResponseHandler: InstallSnapshot in progress.
2021-09-28 01:16:06,688 [grpc-default-executor-3] INFO  leader.FollowerInfo (FollowerInfoImpl.java:lambda$new$0(46)) - 4b364075-9b58-4908-a5b5-f5e156ea742e@group-8E9138349E05->d8916934-e70a-4a30-a7a2-2d11d7c4fe10: nextIndex: updateUnconditionally 0 -> 0
2021-09-28 01:16:06,693 [4b364075-9b58-4908-a5b5-f5e156ea742e@group-8E9138349E05->d8916934-e70a-4a30-a7a2-2d11d7c4fe10-GrpcLogAppender-LogAppenderDaemon] INFO  server.GrpcLogAppender (GrpcLogAppender.java:installSnapshot(524)) - 4b364075-9b58-4908-a5b5-f5e156ea742e@group-8E9138349E05->d8916934-e70a-4a30-a7a2-2d11d7c4fe10-GrpcLogAppender: followerNextIndex = 0 but logStartIndex = 1, notify follower to install snapshot-(t:2, i:1)
2021-09-28 01:16:06,693 [4b364075-9b58-4908-a5b5-f5e156ea742e@group-8E9138349E05->d8916934-e70a-4a30-a7a2-2d11d7c4fe10-GrpcLogAppender-LogAppenderDaemon] INFO  server.GrpcLogAppender (GrpcLogAppender.java:installSnapshot(532)) - 4b364075-9b58-4908-a5b5-f5e156ea742e@group-8E9138349E05->d8916934-e70a-4a30-a7a2-2d11d7c4fe10-GrpcLogAppender: send 4b364075-9b58-4908-a5b5-f5e156ea742e->d8916934-e70a-4a30-a7a2-2d11d7c4fe10#0-t2,notify:(t:2, i:1)
2021-09-28 01:16:06,694 [grpc-default-executor-2] INFO  server.RaftServer$Division (RaftServerImpl.java:checkInconsistentAppendEntries(1293)) - d8916934-e70a-4a30-a7a2-2d11d7c4fe10@group-8E9138349E05: Failed appendEntries as snapshot ((t:2, i:1)) installation is in progress
2021-09-28 01:16:06,694 [grpc-default-executor-2] INFO  server.RaftServer$Division (RaftServerImpl.java:checkInconsistentAppendEntries(1285)) - d8916934-e70a-4a30-a7a2-2d11d7c4fe10@group-8E9138349E05: inconsistency entries. Reply:4b364075-9b58-4908-a5b5-f5e156ea742e<-d8916934-e70a-4a30-a7a2-2d11d7c4fe10#6:FAIL-t2,INCONSISTENCY,nextIndex=0,followerCommit=-1
2021-09-28 01:16:06,695 [grpc-default-executor-2] INFO  server.RaftServer$Division (RaftServerImpl.java:installSnapshot(1329)) - d8916934-e70a-4a30-a7a2-2d11d7c4fe10@group-8E9138349E05: receive installSnapshot: 4b364075-9b58-4908-a5b5-f5e156ea742e->d8916934-e70a-4a30-a7a2-2d11d7c4fe10#0-t2,notify:(t:2, i:1)
2021-09-28 01:16:06,695 [grpc-default-executor-2] INFO  server.RaftServer$Division (RaftServerImpl.java:notifyStateMachineToInstallSnapshot(1611)) - d8916934-e70a-4a30-a7a2-2d11d7c4fe10@group-8E9138349E05: Snapshot Installation by StateMachine is in progress.
2021-09-28 01:16:06,695 [grpc-default-executor-2] INFO  server.RaftServer$Division (RaftServerImpl.java:installSnapshotImpl(1459)) - d8916934-e70a-4a30-a7a2-2d11d7c4fe10@group-8E9138349E05: set new configuration index: 5
configurationEntry {
  peers {
    id: "1970bdcd-bd96-4495-88a5-6eaf9ec039da"
    address: "localhost:14234"
  }
  peers {
    id: "4b364075-9b58-4908-a5b5-f5e156ea742e"
    address: "localhost:14224"
  }
}
 from snapshot
2021-09-28 01:16:06,695 [grpc-default-executor-2] INFO  server.RaftServer$Division (ServerState.java:setRaftConf(387)) - d8916934-e70a-4a30-a7a2-2d11d7c4fe10@group-8E9138349E05: set configuration 5: [1970bdcd-bd96-4495-88a5-6eaf9ec039da|rpc:localhost:14234|admin:|client:|dataStream:|priority:0, 4b364075-9b58-4908-a5b5-f5e156ea742e|rpc:localhost:14224|admin:|client:|dataStream:|priority:0], old=null
2021-09-28 01:16:06,696 [grpc-default-executor-2] INFO  server.RaftServer$Division (RaftServerImpl.java:installSnapshot(1340)) - d8916934-e70a-4a30-a7a2-2d11d7c4fe10@group-8E9138349E05: reply installSnapshot: 4b364075-9b58-4908-a5b5-f5e156ea742e<-d8916934-e70a-4a30-a7a2-2d11d7c4fe10#0:FAIL-t2,IN_PROGRESS
2021-09-28 01:16:06,696 [grpc-default-executor-2] INFO  server.GrpcServerProtocolService (GrpcServerProtocolService.java:onCompleted(140)) - d8916934-e70a-4a30-a7a2-2d11d7c4fe10: Completed INSTALL_SNAPSHOT, lastRequest: 4b364075-9b58-4908-a5b5-f5e156ea742e->d8916934-e70a-4a30-a7a2-2d11d7c4fe10#0-t2,notify:(t:2, i:1)
2021-09-28 01:16:06,696 [grpc-default-executor-3] INFO  leader.FollowerInfo (FollowerInfoImpl.java:lambda$new$0(46)) - 4b364075-9b58-4908-a5b5-f5e156ea742e@group-8E9138349E05->d8916934-e70a-4a30-a7a2-2d11d7c4fe10: nextIndex: updateUnconditionally 0 -> 0
2021-09-28 01:16:06,698 [pool-228-thread-1] INFO  ha.SCMSnapshotProvider (SCMSnapshotProvider.java:getSCMDBSnapshot(131)) - Successfully downloaded latest checkpoint from leader SCM: scmNode-1 path /home/runner/work/ozone/ozone/hadoop-ozone/integration-test/target/test-dir/MiniOzoneClusterImpl-4882f729-1751-4fe5-a7fb-8e9138349e05/scmNode-3/snapshot/scm.db-scmNode-1-1632791766624
2021-09-28 01:16:06,698 [pool-228-thread-1] INFO  ha.SCMHAManagerImpl (SCMHAManagerImpl.java:downloadCheckpointFromLeader(158)) - Downloaded checkpoint from Leader scmNode-1 to the location /home/runner/work/ozone/ozone/hadoop-ozone/integration-test/target/test-dir/MiniOzoneClusterImpl-4882f729-1751-4fe5-a7fb-8e9138349e05/scmNode-3/snapshot/scm.db-scmNode-1-1632791766624
2021-09-28 01:16:06,704 [grpc-default-executor-2] INFO  server.GrpcLogAppender (GrpcLogAppender.java:onNext(400)) - 4b364075-9b58-4908-a5b5-f5e156ea742e@group-8E9138349E05->d8916934-e70a-4a30-a7a2-2d11d7c4fe10-InstallSnapshotResponseHandler: received a reply 4b364075-9b58-4908-a5b5-f5e156ea742e<-d8916934-e70a-4a30-a7a2-2d11d7c4fe10#0:FAIL-t2,IN_PROGRESS
2021-09-28 01:16:06,704 [grpc-default-executor-2] INFO  server.GrpcLogAppender (GrpcLogAppender.java:onNext(417)) - 4b364075-9b58-4908-a5b5-f5e156ea742e@group-8E9138349E05->d8916934-e70a-4a30-a7a2-2d11d7c4fe10-InstallSnapshotResponseHandler: InstallSnapshot in progress.
2021-09-28 01:16:06,715 [4b364075-9b58-4908-a5b5-f5e156ea742e@group-8E9138349E05->d8916934-e70a-4a30-a7a2-2d11d7c4fe10-GrpcLogAppender-LogAppenderDaemon] INFO  server.GrpcLogAppender (GrpcLogAppender.java:installSnapshot(524)) - 4b364075-9b58-4908-a5b5-f5e156ea742e@group-8E9138349E05->d8916934-e70a-4a30-a7a2-2d11d7c4fe10-GrpcLogAppender: followerNextIndex = 0 but logStartIndex = 1, notify follower to install snapshot-(t:2, i:1)
2021-09-28 01:16:06,715 [4b364075-9b58-4908-a5b5-f5e156ea742e@group-8E9138349E05->d8916934-e70a-4a30-a7a2-2d11d7c4fe10-GrpcLogAppender-LogAppenderDaemon] INFO  server.GrpcLogAppender (GrpcLogAppender.java:installSnapshot(532)) - 4b364075-9b58-4908-a5b5-f5e156ea742e@group-8E9138349E05->d8916934-e70a-4a30-a7a2-2d11d7c4fe10-GrpcLogAppender: send 4b364075-9b58-4908-a5b5-f5e156ea742e->d8916934-e70a-4a30-a7a2-2d11d7c4fe10#0-t2,notify:(t:2, i:1)
2021-09-28 01:16:06,715 [grpc-default-executor-2] INFO  server.RaftServer$Division (RaftServerImpl.java:checkInconsistentAppendEntries(1293)) - d8916934-e70a-4a30-a7a2-2d11d7c4fe10@group-8E9138349E05: Failed appendEntries as snapshot ((t:2, i:1)) installation is in progress
2021-09-28 01:16:06,716 [grpc-default-executor-2] INFO  server.RaftServer$Division (RaftServerImpl.java:checkInconsistentAppendEntries(1285)) - d8916934-e70a-4a30-a7a2-2d11d7c4fe10@group-8E9138349E05: inconsistency entries. Reply:4b364075-9b58-4908-a5b5-f5e156ea742e<-d8916934-e70a-4a30-a7a2-2d11d7c4fe10#7:FAIL-t2,INCONSISTENCY,nextIndex=0,followerCommit=-1
2021-09-28 01:16:06,717 [grpc-default-executor-2] INFO  leader.FollowerInfo (FollowerInfoImpl.java:lambda$new$0(46)) - 4b364075-9b58-4908-a5b5-f5e156ea742e@group-8E9138349E05->d8916934-e70a-4a30-a7a2-2d11d7c4fe10: nextIndex: updateUnconditionally 0 -> 0
2021-09-28 01:16:06,717 [grpc-default-executor-2] INFO  server.RaftServer$Division (RaftServerImpl.java:installSnapshot(1329)) - d8916934-e70a-4a30-a7a2-2d11d7c4fe10@group-8E9138349E05: receive installSnapshot: 4b364075-9b58-4908-a5b5-f5e156ea742e->d8916934-e70a-4a30-a7a2-2d11d7c4fe10#0-t2,notify:(t:2, i:1)
2021-09-28 01:16:06,717 [grpc-default-executor-2] INFO  server.RaftServer$Division (RaftServerImpl.java:notifyStateMachineToInstallSnapshot(1611)) - d8916934-e70a-4a30-a7a2-2d11d7c4fe10@group-8E9138349E05: Snapshot Installation by StateMachine is in progress.
2021-09-28 01:16:06,718 [grpc-default-executor-2] INFO  server.RaftServer$Division (RaftServerImpl.java:installSnapshotImpl(1459)) - d8916934-e70a-4a30-a7a2-2d11d7c4fe10@group-8E9138349E05: set new configuration index: 5
configurationEntry {
  peers {
    id: "1970bdcd-bd96-4495-88a5-6eaf9ec039da"
    address: "localhost:14234"
  }
  peers {
    id: "4b364075-9b58-4908-a5b5-f5e156ea742e"
    address: "localhost:14224"
  }
}
 from snapshot
2021-09-28 01:16:06,718 [grpc-default-executor-2] INFO  server.RaftServer$Division (ServerState.java:setRaftConf(387)) - d8916934-e70a-4a30-a7a2-2d11d7c4fe10@group-8E9138349E05: set configuration 5: [1970bdcd-bd96-4495-88a5-6eaf9ec039da|rpc:localhost:14234|admin:|client:|dataStream:|priority:0, 4b364075-9b58-4908-a5b5-f5e156ea742e|rpc:localhost:14224|admin:|client:|dataStream:|priority:0], old=null
2021-09-28 01:16:06,718 [grpc-default-executor-2] INFO  server.RaftServer$Division (RaftServerImpl.java:installSnapshot(1340)) - d8916934-e70a-4a30-a7a2-2d11d7c4fe10@group-8E9138349E05: reply installSnapshot: 4b364075-9b58-4908-a5b5-f5e156ea742e<-d8916934-e70a-4a30-a7a2-2d11d7c4fe10#0:FAIL-t2,IN_PROGRESS
2021-09-28 01:16:06,718 [grpc-default-executor-2] INFO  server.GrpcServerProtocolService (GrpcServerProtocolService.java:onCompleted(140)) - d8916934-e70a-4a30-a7a2-2d11d7c4fe10: Completed INSTALL_SNAPSHOT, lastRequest: 4b364075-9b58-4908-a5b5-f5e156ea742e->d8916934-e70a-4a30-a7a2-2d11d7c4fe10#0-t2,notify:(t:2, i:1)
2021-09-28 01:16:06,719 [grpc-default-executor-3] INFO  server.GrpcLogAppender (GrpcLogAppender.java:onNext(400)) - 4b364075-9b58-4908-a5b5-f5e156ea742e@group-8E9138349E05->d8916934-e70a-4a30-a7a2-2d11d7c4fe10-InstallSnapshotResponseHandler: received a reply 4b364075-9b58-4908-a5b5-f5e156ea742e<-d8916934-e70a-4a30-a7a2-2d11d7c4fe10#0:FAIL-t2,IN_PROGRESS
2021-09-28 01:16:06,719 [grpc-default-executor-3] INFO  server.GrpcLogAppender (GrpcLogAppender.java:onNext(417)) - 4b364075-9b58-4908-a5b5-f5e156ea742e@group-8E9138349E05->d8916934-e70a-4a30-a7a2-2d11d7c4fe10-InstallSnapshotResponseHandler: InstallSnapshot in progress.
2021-09-28 01:16:06,721 [4b364075-9b58-4908-a5b5-f5e156ea742e@group-8E9138349E05->d8916934-e70a-4a30-a7a2-2d11d7c4fe10-GrpcLogAppender-LogAppenderDaemon] INFO  server.GrpcLogAppender (GrpcLogAppender.java:installSnapshot(524)) - 4b364075-9b58-4908-a5b5-f5e156ea742e@group-8E9138349E05->d8916934-e70a-4a30-a7a2-2d11d7c4fe10-GrpcLogAppender: followerNextIndex = 0 but logStartIndex = 1, notify follower to install snapshot-(t:2, i:1)
2021-09-28 01:16:06,721 [4b364075-9b58-4908-a5b5-f5e156ea742e@group-8E9138349E05->d8916934-e70a-4a30-a7a2-2d11d7c4fe10-GrpcLogAppender-LogAppenderDaemon] INFO  server.GrpcLogAppender (GrpcLogAppender.java:installSnapshot(532)) - 4b364075-9b58-4908-a5b5-f5e156ea742e@group-8E9138349E05->d8916934-e70a-4a30-a7a2-2d11d7c4fe10-GrpcLogAppender: send 4b364075-9b58-4908-a5b5-f5e156ea742e->d8916934-e70a-4a30-a7a2-2d11d7c4fe10#0-t2,notify:(t:2, i:1)
2021-09-28 01:16:06,722 [grpc-default-executor-3] INFO  server.RaftServer$Division (RaftServerImpl.java:installSnapshot(1329)) - d8916934-e70a-4a30-a7a2-2d11d7c4fe10@group-8E9138349E05: receive installSnapshot: 4b364075-9b58-4908-a5b5-f5e156ea742e->d8916934-e70a-4a30-a7a2-2d11d7c4fe10#0-t2,notify:(t:2, i:1)
2021-09-28 01:16:06,722 [grpc-default-executor-3] INFO  server.RaftServer$Division (RaftServerImpl.java:notifyStateMachineToInstallSnapshot(1611)) - d8916934-e70a-4a30-a7a2-2d11d7c4fe10@group-8E9138349E05: Snapshot Installation by StateMachine is in progress.
2021-09-28 01:16:06,722 [grpc-default-executor-3] INFO  server.RaftServer$Division (RaftServerImpl.java:installSnapshotImpl(1459)) - d8916934-e70a-4a30-a7a2-2d11d7c4fe10@group-8E9138349E05: set new configuration index: 5
configurationEntry {
  peers {
    id: "1970bdcd-bd96-4495-88a5-6eaf9ec039da"
    address: "localhost:14234"
  }
  peers {
    id: "4b364075-9b58-4908-a5b5-f5e156ea742e"
    address: "localhost:14224"
  }
}
 from snapshot
2021-09-28 01:16:06,722 [grpc-default-executor-3] INFO  server.RaftServer$Division (ServerState.java:setRaftConf(387)) - d8916934-e70a-4a30-a7a2-2d11d7c4fe10@group-8E9138349E05: set configuration 5: [1970bdcd-bd96-4495-88a5-6eaf9ec039da|rpc:localhost:14234|admin:|client:|dataStream:|priority:0, 4b364075-9b58-4908-a5b5-f5e156ea742e|rpc:localhost:14224|admin:|client:|dataStream:|priority:0], old=null
2021-09-28 01:16:06,723 [grpc-default-executor-3] INFO  server.RaftServer$Division (RaftServerImpl.java:installSnapshot(1340)) - d8916934-e70a-4a30-a7a2-2d11d7c4fe10@group-8E9138349E05: reply installSnapshot: 4b364075-9b58-4908-a5b5-f5e156ea742e<-d8916934-e70a-4a30-a7a2-2d11d7c4fe10#0:FAIL-t2,IN_PROGRESS
2021-09-28 01:16:06,723 [grpc-default-executor-3] INFO  server.GrpcServerProtocolService (GrpcServerProtocolService.java:onCompleted(140)) - d8916934-e70a-4a30-a7a2-2d11d7c4fe10: Completed INSTALL_SNAPSHOT, lastRequest: 4b364075-9b58-4908-a5b5-f5e156ea742e->d8916934-e70a-4a30-a7a2-2d11d7c4fe10#0-t2,notify:(t:2, i:1)
2021-09-28 01:16:06,723 [grpc-default-executor-3] INFO  server.GrpcLogAppender (GrpcLogAppender.java:onNext(400)) - 4b364075-9b58-4908-a5b5-f5e156ea742e@group-8E9138349E05->d8916934-e70a-4a30-a7a2-2d11d7c4fe10-InstallSnapshotResponseHandler: received a reply 4b364075-9b58-4908-a5b5-f5e156ea742e<-d8916934-e70a-4a30-a7a2-2d11d7c4fe10#0:FAIL-t2,IN_PROGRESS
2021-09-28 01:16:06,724 [grpc-default-executor-3] INFO  server.GrpcLogAppender (GrpcLogAppender.java:onNext(417)) - 4b364075-9b58-4908-a5b5-f5e156ea742e@group-8E9138349E05->d8916934-e70a-4a30-a7a2-2d11d7c4fe10-InstallSnapshotResponseHandler: InstallSnapshot in progress.
2021-09-28 01:16:06,725 [4b364075-9b58-4908-a5b5-f5e156ea742e@group-8E9138349E05->d8916934-e70a-4a30-a7a2-2d11d7c4fe10-GrpcLogAppender-LogAppenderDaemon] INFO  server.GrpcLogAppender (GrpcLogAppender.java:installSnapshot(524)) - 4b364075-9b58-4908-a5b5-f5e156ea742e@group-8E9138349E05->d8916934-e70a-4a30-a7a2-2d11d7c4fe10-GrpcLogAppender: followerNextIndex = 0 but logStartIndex = 1, notify follower to install snapshot-(t:2, i:1)
2021-09-28 01:16:06,725 [4b364075-9b58-4908-a5b5-f5e156ea742e@group-8E9138349E05->d8916934-e70a-4a30-a7a2-2d11d7c4fe10-GrpcLogAppender-LogAppenderDaemon] INFO  server.GrpcLogAppender (GrpcLogAppender.java:installSnapshot(532)) - 4b364075-9b58-4908-a5b5-f5e156ea742e@group-8E9138349E05->d8916934-e70a-4a30-a7a2-2d11d7c4fe10-GrpcLogAppender: send 4b364075-9b58-4908-a5b5-f5e156ea742e->d8916934-e70a-4a30-a7a2-2d11d7c4fe10#0-t2,notify:(t:2, i:1)
2021-09-28 01:16:06,728 [grpc-default-executor-3] INFO  server.RaftServer$Division (RaftServerImpl.java:installSnapshot(1329)) - d8916934-e70a-4a30-a7a2-2d11d7c4fe10@group-8E9138349E05: receive installSnapshot: 4b364075-9b58-4908-a5b5-f5e156ea742e->d8916934-e70a-4a30-a7a2-2d11d7c4fe10#0-t2,notify:(t:2, i:1)
2021-09-28 01:16:06,728 [grpc-default-executor-3] INFO  server.RaftServer$Division (RaftServerImpl.java:notifyStateMachineToInstallSnapshot(1611)) - d8916934-e70a-4a30-a7a2-2d11d7c4fe10@group-8E9138349E05: Snapshot Installation by StateMachine is in progress.
2021-09-28 01:16:06,729 [grpc-default-executor-3] INFO  server.RaftServer$Division (RaftServerImpl.java:installSnapshotImpl(1459)) - d8916934-e70a-4a30-a7a2-2d11d7c4fe10@group-8E9138349E05: set new configuration index: 5
configurationEntry {
  peers {
    id: "1970bdcd-bd96-4495-88a5-6eaf9ec039da"
    address: "localhost:14234"
  }
  peers {
    id: "4b364075-9b58-4908-a5b5-f5e156ea742e"
    address: "localhost:14224"
  }
}
 from snapshot
2021-09-28 01:16:06,729 [grpc-default-executor-3] INFO  server.RaftServer$Division (ServerState.java:setRaftConf(387)) - d8916934-e70a-4a30-a7a2-2d11d7c4fe10@group-8E9138349E05: set configuration 5: [1970bdcd-bd96-4495-88a5-6eaf9ec039da|rpc:localhost:14234|admin:|client:|dataStream:|priority:0, 4b364075-9b58-4908-a5b5-f5e156ea742e|rpc:localhost:14224|admin:|client:|dataStream:|priority:0], old=null
2021-09-28 01:16:06,729 [grpc-default-executor-3] INFO  server.RaftServer$Division (RaftServerImpl.java:installSnapshot(1340)) - d8916934-e70a-4a30-a7a2-2d11d7c4fe10@group-8E9138349E05: reply installSnapshot: 4b364075-9b58-4908-a5b5-f5e156ea742e<-d8916934-e70a-4a30-a7a2-2d11d7c4fe10#0:FAIL-t2,IN_PROGRESS
2021-09-28 01:16:06,729 [grpc-default-executor-3] INFO  server.GrpcServerProtocolService (GrpcServerProtocolService.java:onCompleted(140)) - d8916934-e70a-4a30-a7a2-2d11d7c4fe10: Completed INSTALL_SNAPSHOT, lastRequest: 4b364075-9b58-4908-a5b5-f5e156ea742e->d8916934-e70a-4a30-a7a2-2d11d7c4fe10#0-t2,notify:(t:2, i:1)
2021-09-28 01:16:06,730 [grpc-default-executor-3] INFO  server.GrpcLogAppender (GrpcLogAppender.java:onNext(400)) - 4b364075-9b58-4908-a5b5-f5e156ea742e@group-8E9138349E05->d8916934-e70a-4a30-a7a2-2d11d7c4fe10-InstallSnapshotResponseHandler: received a reply 4b364075-9b58-4908-a5b5-f5e156ea742e<-d8916934-e70a-4a30-a7a2-2d11d7c4fe10#0:FAIL-t2,IN_PROGRESS
2021-09-28 01:16:06,730 [grpc-default-executor-3] INFO  server.GrpcLogAppender (GrpcLogAppender.java:onNext(417)) - 4b364075-9b58-4908-a5b5-f5e156ea742e@group-8E9138349E05->d8916934-e70a-4a30-a7a2-2d11d7c4fe10-InstallSnapshotResponseHandler: InstallSnapshot in progress.
2021-09-28 01:16:06,732 [4b364075-9b58-4908-a5b5-f5e156ea742e@group-8E9138349E05->d8916934-e70a-4a30-a7a2-2d11d7c4fe10-GrpcLogAppender-LogAppenderDaemon] INFO  server.GrpcLogAppender (GrpcLogAppender.java:installSnapshot(524)) - 4b364075-9b58-4908-a5b5-f5e156ea742e@group-8E9138349E05->d8916934-e70a-4a30-a7a2-2d11d7c4fe10-GrpcLogAppender: followerNextIndex = 0 but logStartIndex = 1, notify follower to install snapshot-(t:2, i:1)
2021-09-28 01:16:06,732 [4b364075-9b58-4908-a5b5-f5e156ea742e@group-8E9138349E05->d8916934-e70a-4a30-a7a2-2d11d7c4fe10-GrpcLogAppender-LogAppenderDaemon] INFO  server.GrpcLogAppender (GrpcLogAppender.java:installSnapshot(532)) - 4b364075-9b58-4908-a5b5-f5e156ea742e@group-8E9138349E05->d8916934-e70a-4a30-a7a2-2d11d7c4fe10-GrpcLogAppender: send 4b364075-9b58-4908-a5b5-f5e156ea742e->d8916934-e70a-4a30-a7a2-2d11d7c4fe10#0-t2,notify:(t:2, i:1)
2021-09-28 01:16:06,735 [grpc-default-executor-0] INFO  server.RaftServer$Division (RaftServerImpl.java:checkInconsistentAppendEntries(1293)) - d8916934-e70a-4a30-a7a2-2d11d7c4fe10@group-8E9138349E05: Failed appendEntries as snapshot ((t:2, i:1)) installation is in progress
2021-09-28 01:16:06,735 [grpc-default-executor-0] INFO  server.RaftServer$Division (RaftServerImpl.java:checkInconsistentAppendEntries(1285)) - d8916934-e70a-4a30-a7a2-2d11d7c4fe10@group-8E9138349E05: inconsistency entries. Reply:4b364075-9b58-4908-a5b5-f5e156ea742e<-d8916934-e70a-4a30-a7a2-2d11d7c4fe10#8:FAIL-t2,INCONSISTENCY,nextIndex=0,followerCommit=-1
2021-09-28 01:16:06,738 [grpc-default-executor-2] INFO  server.RaftServer$Division (RaftServerImpl.java:checkInconsistentAppendEntries(1293)) - d8916934-e70a-4a30-a7a2-2d11d7c4fe10@group-8E9138349E05: Failed appendEntries as snapshot ((t:2, i:1)) installation is in progress
2021-09-28 01:16:06,738 [grpc-default-executor-2] INFO  server.RaftServer$Division (RaftServerImpl.java:checkInconsistentAppendEntries(1285)) - d8916934-e70a-4a30-a7a2-2d11d7c4fe10@group-8E9138349E05: inconsistency entries. Reply:4b364075-9b58-4908-a5b5-f5e156ea742e<-d8916934-e70a-4a30-a7a2-2d11d7c4fe10#9:FAIL-t2,INCONSISTENCY,nextIndex=0,followerCommit=-1
2021-09-28 01:16:06,739 [grpc-default-executor-2] INFO  leader.FollowerInfo (FollowerInfoImpl.java:lambda$new$0(46)) - 4b364075-9b58-4908-a5b5-f5e156ea742e@group-8E9138349E05->d8916934-e70a-4a30-a7a2-2d11d7c4fe10: nextIndex: updateUnconditionally 0 -> 0
2021-09-28 01:16:06,739 [grpc-default-executor-0] INFO  server.RaftServer$Division (RaftServerImpl.java:installSnapshot(1329)) - d8916934-e70a-4a30-a7a2-2d11d7c4fe10@group-8E9138349E05: receive installSnapshot: 4b364075-9b58-4908-a5b5-f5e156ea742e->d8916934-e70a-4a30-a7a2-2d11d7c4fe10#0-t2,notify:(t:2, i:1)
2021-09-28 01:16:06,740 [grpc-default-executor-3] INFO  leader.FollowerInfo (FollowerInfoImpl.java:lambda$new$0(46)) - 4b364075-9b58-4908-a5b5-f5e156ea742e@group-8E9138349E05->d8916934-e70a-4a30-a7a2-2d11d7c4fe10: nextIndex: updateUnconditionally 0 -> 0
2021-09-28 01:16:06,740 [grpc-default-executor-0] INFO  server.RaftServer$Division (RaftServerImpl.java:notifyStateMachineToInstallSnapshot(1611)) - d8916934-e70a-4a30-a7a2-2d11d7c4fe10@group-8E9138349E05: Snapshot Installation by StateMachine is in progress.
2021-09-28 01:16:06,740 [grpc-default-executor-0] INFO  server.RaftServer$Division (RaftServerImpl.java:installSnapshotImpl(1459)) - d8916934-e70a-4a30-a7a2-2d11d7c4fe10@group-8E9138349E05: set new configuration index: 5
configurationEntry {
  peers {
    id: "1970bdcd-bd96-4495-88a5-6eaf9ec039da"
    address: "localhost:14234"
  }
  peers {
    id: "4b364075-9b58-4908-a5b5-f5e156ea742e"
    address: "localhost:14224"
  }
}
 from snapshot
2021-09-28 01:16:06,740 [grpc-default-executor-0] INFO  server.RaftServer$Division (ServerState.java:setRaftConf(387)) - d8916934-e70a-4a30-a7a2-2d11d7c4fe10@group-8E9138349E05: set configuration 5: [1970bdcd-bd96-4495-88a5-6eaf9ec039da|rpc:localhost:14234|admin:|client:|dataStream:|priority:0, 4b364075-9b58-4908-a5b5-f5e156ea742e|rpc:localhost:14224|admin:|client:|dataStream:|priority:0], old=null
2021-09-28 01:16:06,741 [grpc-default-executor-0] INFO  server.RaftServer$Division (RaftServerImpl.java:installSnapshot(1340)) - d8916934-e70a-4a30-a7a2-2d11d7c4fe10@group-8E9138349E05: reply installSnapshot: 4b364075-9b58-4908-a5b5-f5e156ea742e<-d8916934-e70a-4a30-a7a2-2d11d7c4fe10#0:FAIL-t2,IN_PROGRESS
2021-09-28 01:16:06,741 [grpc-default-executor-0] INFO  server.GrpcServerProtocolService (GrpcServerProtocolService.java:onCompleted(140)) - d8916934-e70a-4a30-a7a2-2d11d7c4fe10: Completed INSTALL_SNAPSHOT, lastRequest: 4b364075-9b58-4908-a5b5-f5e156ea742e->d8916934-e70a-4a30-a7a2-2d11d7c4fe10#0-t2,notify:(t:2, i:1)
2021-09-28 01:16:06,741 [grpc-default-executor-2] INFO  server.RaftServer$Division (RaftServerImpl.java:checkInconsistentAppendEntries(1293)) - d8916934-e70a-4a30-a7a2-2d11d7c4fe10@group-8E9138349E05: Failed appendEntries as snapshot ((t:2, i:1)) installation is in progress
2021-09-28 01:16:06,741 [grpc-default-executor-2] INFO  server.RaftServer$Division (RaftServerImpl.java:checkInconsistentAppendEntries(1285)) - d8916934-e70a-4a30-a7a2-2d11d7c4fe10@group-8E9138349E05: inconsistency entries. Reply:4b364075-9b58-4908-a5b5-f5e156ea742e<-d8916934-e70a-4a30-a7a2-2d11d7c4fe10#10:FAIL-t2,INCONSISTENCY,nextIndex=0,followerCommit=-1
2021-09-28 01:16:06,742 [grpc-default-executor-2] INFO  leader.FollowerInfo (FollowerInfoImpl.java:lambda$new$0(46)) - 4b364075-9b58-4908-a5b5-f5e156ea742e@group-8E9138349E05->d8916934-e70a-4a30-a7a2-2d11d7c4fe10: nextIndex: updateUnconditionally 0 -> 0
2021-09-28 01:16:06,742 [grpc-default-executor-0] INFO  server.GrpcLogAppender (GrpcLogAppender.java:onNext(400)) - 4b364075-9b58-4908-a5b5-f5e156ea742e@group-8E9138349E05->d8916934-e70a-4a30-a7a2-2d11d7c4fe10-InstallSnapshotResponseHandler: received a reply 4b364075-9b58-4908-a5b5-f5e156ea742e<-d8916934-e70a-4a30-a7a2-2d11d7c4fe10#0:FAIL-t2,IN_PROGRESS
2021-09-28 01:16:06,742 [grpc-default-executor-0] INFO  server.GrpcLogAppender (GrpcLogAppender.java:onNext(417)) - 4b364075-9b58-4908-a5b5-f5e156ea742e@group-8E9138349E05->d8916934-e70a-4a30-a7a2-2d11d7c4fe10-InstallSnapshotResponseHandler: InstallSnapshot in progress.
2021-09-28 01:16:06,743 [4b364075-9b58-4908-a5b5-f5e156ea742e@group-8E9138349E05->d8916934-e70a-4a30-a7a2-2d11d7c4fe10-GrpcLogAppender-LogAppenderDaemon] INFO  server.GrpcLogAppender (GrpcLogAppender.java:installSnapshot(524)) - 4b364075-9b58-4908-a5b5-f5e156ea742e@group-8E9138349E05->d8916934-e70a-4a30-a7a2-2d11d7c4fe10-GrpcLogAppender: followerNextIndex = 0 but logStartIndex = 1, notify follower to install snapshot-(t:2, i:1)
2021-09-28 01:16:06,743 [4b364075-9b58-4908-a5b5-f5e156ea742e@group-8E9138349E05->d8916934-e70a-4a30-a7a2-2d11d7c4fe10-GrpcLogAppender-LogAppenderDaemon] INFO  server.GrpcLogAppender (GrpcLogAppender.java:installSnapshot(532)) - 4b364075-9b58-4908-a5b5-f5e156ea742e@group-8E9138349E05->d8916934-e70a-4a30-a7a2-2d11d7c4fe10-GrpcLogAppender: send 4b364075-9b58-4908-a5b5-f5e156ea742e->d8916934-e70a-4a30-a7a2-2d11d7c4fe10#0-t2,notify:(t:2, i:1)
2021-09-28 01:16:06,745 [grpc-default-executor-2] INFO  server.RaftServer$Division (RaftServerImpl.java:checkInconsistentAppendEntries(1293)) - d8916934-e70a-4a30-a7a2-2d11d7c4fe10@group-8E9138349E05: Failed appendEntries as snapshot ((t:2, i:1)) installation is in progress
2021-09-28 01:16:06,745 [grpc-default-executor-2] INFO  server.RaftServer$Division (RaftServerImpl.java:checkInconsistentAppendEntries(1285)) - d8916934-e70a-4a30-a7a2-2d11d7c4fe10@group-8E9138349E05: inconsistency entries. Reply:4b364075-9b58-4908-a5b5-f5e156ea742e<-d8916934-e70a-4a30-a7a2-2d11d7c4fe10#11:FAIL-t2,INCONSISTENCY,nextIndex=0,followerCommit=-1
2021-09-28 01:16:06,745 [grpc-default-executor-2] INFO  leader.FollowerInfo (FollowerInfoImpl.java:lambda$new$0(46)) - 4b364075-9b58-4908-a5b5-f5e156ea742e@group-8E9138349E05->d8916934-e70a-4a30-a7a2-2d11d7c4fe10: nextIndex: updateUnconditionally 0 -> 0
2021-09-28 01:16:06,746 [grpc-default-executor-0] INFO  server.RaftServer$Division (RaftServerImpl.java:installSnapshot(1329)) - d8916934-e70a-4a30-a7a2-2d11d7c4fe10@group-8E9138349E05: receive installSnapshot: 4b364075-9b58-4908-a5b5-f5e156ea742e->d8916934-e70a-4a30-a7a2-2d11d7c4fe10#0-t2,notify:(t:2, i:1)
2021-09-28 01:16:06,746 [grpc-default-executor-0] INFO  server.RaftServer$Division (RaftServerImpl.java:notifyStateMachineToInstallSnapshot(1611)) - d8916934-e70a-4a30-a7a2-2d11d7c4fe10@group-8E9138349E05: Snapshot Installation by StateMachine is in progress.
2021-09-28 01:16:06,746 [grpc-default-executor-0] INFO  server.RaftServer$Division (RaftServerImpl.java:installSnapshotImpl(1459)) - d8916934-e70a-4a30-a7a2-2d11d7c4fe10@group-8E9138349E05: set new configuration index: 5
configurationEntry {
  peers {
    id: "1970bdcd-bd96-4495-88a5-6eaf9ec039da"
    address: "localhost:14234"
  }
  peers {
    id: "4b364075-9b58-4908-a5b5-f5e156ea742e"
    address: "localhost:14224"
  }
}
 from snapshot
2021-09-28 01:16:06,746 [grpc-default-executor-0] INFO  server.RaftServer$Division (ServerState.java:setRaftConf(387)) - d8916934-e70a-4a30-a7a2-2d11d7c4fe10@group-8E9138349E05: set configuration 5: [1970bdcd-bd96-4495-88a5-6eaf9ec039da|rpc:localhost:14234|admin:|client:|dataStream:|priority:0, 4b364075-9b58-4908-a5b5-f5e156ea742e|rpc:localhost:14224|admin:|client:|dataStream:|priority:0], old=null
2021-09-28 01:16:06,746 [grpc-default-executor-0] INFO  server.RaftServer$Division (RaftServerImpl.java:installSnapshot(1340)) - d8916934-e70a-4a30-a7a2-2d11d7c4fe10@group-8E9138349E05: reply installSnapshot: 4b364075-9b58-4908-a5b5-f5e156ea742e<-d8916934-e70a-4a30-a7a2-2d11d7c4fe10#0:FAIL-t2,IN_PROGRESS
2021-09-28 01:16:06,746 [grpc-default-executor-0] INFO  server.GrpcServerProtocolService (GrpcServerProtocolService.java:onCompleted(140)) - d8916934-e70a-4a30-a7a2-2d11d7c4fe10: Completed INSTALL_SNAPSHOT, lastRequest: 4b364075-9b58-4908-a5b5-f5e156ea742e->d8916934-e70a-4a30-a7a2-2d11d7c4fe10#0-t2,notify:(t:2, i:1)
2021-09-28 01:16:06,747 [grpc-default-executor-2] INFO  server.GrpcLogAppender (GrpcLogAppender.java:onNext(400)) - 4b364075-9b58-4908-a5b5-f5e156ea742e@group-8E9138349E05->d8916934-e70a-4a30-a7a2-2d11d7c4fe10-InstallSnapshotResponseHandler: received a reply 4b364075-9b58-4908-a5b5-f5e156ea742e<-d8916934-e70a-4a30-a7a2-2d11d7c4fe10#0:FAIL-t2,IN_PROGRESS
2021-09-28 01:16:06,747 [grpc-default-executor-2] INFO  server.GrpcLogAppender (GrpcLogAppender.java:onNext(417)) - 4b364075-9b58-4908-a5b5-f5e156ea742e@group-8E9138349E05->d8916934-e70a-4a30-a7a2-2d11d7c4fe10-InstallSnapshotResponseHandler: InstallSnapshot in progress.
2021-09-28 01:16:06,750 [4b364075-9b58-4908-a5b5-f5e156ea742e@group-8E9138349E05->d8916934-e70a-4a30-a7a2-2d11d7c4fe10-GrpcLogAppender-LogAppenderDaemon] INFO  server.GrpcLogAppender (GrpcLogAppender.java:installSnapshot(524)) - 4b364075-9b58-4908-a5b5-f5e156ea742e@group-8E9138349E05->d8916934-e70a-4a30-a7a2-2d11d7c4fe10-GrpcLogAppender: followerNextIndex = 0 but logStartIndex = 1, notify follower to install snapshot-(t:2, i:1)
2021-09-28 01:16:06,750 [4b364075-9b58-4908-a5b5-f5e156ea742e@group-8E9138349E05->d8916934-e70a-4a30-a7a2-2d11d7c4fe10-GrpcLogAppender-LogAppenderDaemon] INFO  server.GrpcLogAppender (GrpcLogAppender.java:installSnapshot(532)) - 4b364075-9b58-4908-a5b5-f5e156ea742e@group-8E9138349E05->d8916934-e70a-4a30-a7a2-2d11d7c4fe10-GrpcLogAppender: send 4b364075-9b58-4908-a5b5-f5e156ea742e->d8916934-e70a-4a30-a7a2-2d11d7c4fe10#0-t2,notify:(t:2, i:1)
2021-09-28 01:16:06,751 [grpc-default-executor-1] INFO  server.RaftServer$Division (RaftServerImpl.java:checkInconsistentAppendEntries(1293)) - d8916934-e70a-4a30-a7a2-2d11d7c4fe10@group-8E9138349E05: Failed appendEntries as snapshot ((t:2, i:1)) installation is in progress
2021-09-28 01:16:06,752 [grpc-default-executor-1] INFO  server.RaftServer$Division (RaftServerImpl.java:checkInconsistentAppendEntries(1285)) - d8916934-e70a-4a30-a7a2-2d11d7c4fe10@group-8E9138349E05: inconsistency entries. Reply:4b364075-9b58-4908-a5b5-f5e156ea742e<-d8916934-e70a-4a30-a7a2-2d11d7c4fe10#12:FAIL-t2,INCONSISTENCY,nextIndex=0,followerCommit=-1
2021-09-28 01:16:06,753 [grpc-default-executor-2] INFO  server.RaftServer$Division (RaftServerImpl.java:installSnapshot(1329)) - d8916934-e70a-4a30-a7a2-2d11d7c4fe10@group-8E9138349E05: receive installSnapshot: 4b364075-9b58-4908-a5b5-f5e156ea742e->d8916934-e70a-4a30-a7a2-2d11d7c4fe10#0-t2,notify:(t:2, i:1)
2021-09-28 01:16:06,753 [grpc-default-executor-2] INFO  server.RaftServer$Division (RaftServerImpl.java:notifyStateMachineToInstallSnapshot(1611)) - d8916934-e70a-4a30-a7a2-2d11d7c4fe10@group-8E9138349E05: Snapshot Installation by StateMachine is in progress.
2021-09-28 01:16:06,754 [grpc-default-executor-1] INFO  leader.FollowerInfo (FollowerInfoImpl.java:lambda$new$0(46)) - 4b364075-9b58-4908-a5b5-f5e156ea742e@group-8E9138349E05->d8916934-e70a-4a30-a7a2-2d11d7c4fe10: nextIndex: updateUnconditionally 0 -> 0
2021-09-28 01:16:06,754 [grpc-default-executor-2] INFO  server.RaftServer$Division (RaftServerImpl.java:installSnapshotImpl(1459)) - d8916934-e70a-4a30-a7a2-2d11d7c4fe10@group-8E9138349E05: set new configuration index: 5
configurationEntry {
  peers {
    id: "1970bdcd-bd96-4495-88a5-6eaf9ec039da"
    address: "localhost:14234"
  }
  peers {
    id: "4b364075-9b58-4908-a5b5-f5e156ea742e"
    address: "localhost:14224"
  }
}
 from snapshot
2021-09-28 01:16:06,754 [grpc-default-executor-2] INFO  server.RaftServer$Division (ServerState.java:setRaftConf(387)) - d8916934-e70a-4a30-a7a2-2d11d7c4fe10@group-8E9138349E05: set configuration 5: [1970bdcd-bd96-4495-88a5-6eaf9ec039da|rpc:localhost:14234|admin:|client:|dataStream:|priority:0, 4b364075-9b58-4908-a5b5-f5e156ea742e|rpc:localhost:14224|admin:|client:|dataStream:|priority:0], old=null
2021-09-28 01:16:06,754 [grpc-default-executor-2] INFO  server.RaftServer$Division (RaftServerImpl.java:installSnapshot(1340)) - d8916934-e70a-4a30-a7a2-2d11d7c4fe10@group-8E9138349E05: reply installSnapshot: 4b364075-9b58-4908-a5b5-f5e156ea742e<-d8916934-e70a-4a30-a7a2-2d11d7c4fe10#0:FAIL-t2,IN_PROGRESS
2021-09-28 01:16:06,755 [grpc-default-executor-2] INFO  server.GrpcServerProtocolService (GrpcServerProtocolService.java:onCompleted(140)) - d8916934-e70a-4a30-a7a2-2d11d7c4fe10: Completed INSTALL_SNAPSHOT, lastRequest: 4b364075-9b58-4908-a5b5-f5e156ea742e->d8916934-e70a-4a30-a7a2-2d11d7c4fe10#0-t2,notify:(t:2, i:1)
2021-09-28 01:16:06,755 [grpc-default-executor-1] INFO  server.GrpcLogAppender (GrpcLogAppender.java:onNext(400)) - 4b364075-9b58-4908-a5b5-f5e156ea742e@group-8E9138349E05->d8916934-e70a-4a30-a7a2-2d11d7c4fe10-InstallSnapshotResponseHandler: received a reply 4b364075-9b58-4908-a5b5-f5e156ea742e<-d8916934-e70a-4a30-a7a2-2d11d7c4fe10#0:FAIL-t2,IN_PROGRESS
2021-09-28 01:16:06,755 [grpc-default-executor-1] INFO  server.GrpcLogAppender (GrpcLogAppender.java:onNext(417)) - 4b364075-9b58-4908-a5b5-f5e156ea742e@group-8E9138349E05->d8916934-e70a-4a30-a7a2-2d11d7c4fe10-InstallSnapshotResponseHandler: InstallSnapshot in progress.
2021-09-28 01:16:06,756 [4b364075-9b58-4908-a5b5-f5e156ea742e@group-8E9138349E05->d8916934-e70a-4a30-a7a2-2d11d7c4fe10-GrpcLogAppender-LogAppenderDaemon] INFO  server.GrpcLogAppender (GrpcLogAppender.java:installSnapshot(524)) - 4b364075-9b58-4908-a5b5-f5e156ea742e@group-8E9138349E05->d8916934-e70a-4a30-a7a2-2d11d7c4fe10-GrpcLogAppender: followerNextIndex = 0 but logStartIndex = 1, notify follower to install snapshot-(t:2, i:1)
2021-09-28 01:16:06,756 [4b364075-9b58-4908-a5b5-f5e156ea742e@group-8E9138349E05->d8916934-e70a-4a30-a7a2-2d11d7c4fe10-GrpcLogAppender-LogAppenderDaemon] INFO  server.GrpcLogAppender (GrpcLogAppender.java:installSnapshot(532)) - 4b364075-9b58-4908-a5b5-f5e156ea742e@group-8E9138349E05->d8916934-e70a-4a30-a7a2-2d11d7c4fe10-GrpcLogAppender: send 4b364075-9b58-4908-a5b5-f5e156ea742e->d8916934-e70a-4a30-a7a2-2d11d7c4fe10#0-t2,notify:(t:2, i:1)
2021-09-28 01:16:06,762 [grpc-default-executor-3] INFO  server.RaftServer$Division (RaftServerImpl.java:checkInconsistentAppendEntries(1293)) - d8916934-e70a-4a30-a7a2-2d11d7c4fe10@group-8E9138349E05: Failed appendEntries as snapshot ((t:2, i:1)) installation is in progress
2021-09-28 01:16:06,762 [grpc-default-executor-3] INFO  server.RaftServer$Division (RaftServerImpl.java:checkInconsistentAppendEntries(1285)) - d8916934-e70a-4a30-a7a2-2d11d7c4fe10@group-8E9138349E05: inconsistency entries. Reply:4b364075-9b58-4908-a5b5-f5e156ea742e<-d8916934-e70a-4a30-a7a2-2d11d7c4fe10#13:FAIL-t2,INCONSISTENCY,nextIndex=0,followerCommit=-1
2021-09-28 01:16:06,762 [grpc-default-executor-1] INFO  server.RaftServer$Division (RaftServerImpl.java:installSnapshot(1329)) - d8916934-e70a-4a30-a7a2-2d11d7c4fe10@group-8E9138349E05: receive installSnapshot: 4b364075-9b58-4908-a5b5-f5e156ea742e->d8916934-e70a-4a30-a7a2-2d11d7c4fe10#0-t2,notify:(t:2, i:1)
2021-09-28 01:16:06,762 [grpc-default-executor-1] INFO  server.RaftServer$Division (RaftServerImpl.java:notifyStateMachineToInstallSnapshot(1611)) - d8916934-e70a-4a30-a7a2-2d11d7c4fe10@group-8E9138349E05: Snapshot Installation by StateMachine is in progress.
2021-09-28 01:16:06,762 [grpc-default-executor-3] INFO  leader.FollowerInfo (FollowerInfoImpl.java:lambda$new$0(46)) - 4b364075-9b58-4908-a5b5-f5e156ea742e@group-8E9138349E05->d8916934-e70a-4a30-a7a2-2d11d7c4fe10: nextIndex: updateUnconditionally 0 -> 0
2021-09-28 01:16:06,762 [grpc-default-executor-1] INFO  server.RaftServer$Division (RaftServerImpl.java:installSnapshotImpl(1459)) - d8916934-e70a-4a30-a7a2-2d11d7c4fe10@group-8E9138349E05: set new configuration index: 5
configurationEntry {
  peers {
    id: "1970bdcd-bd96-4495-88a5-6eaf9ec039da"
    address: "localhost:14234"
  }
  peers {
    id: "4b364075-9b58-4908-a5b5-f5e156ea742e"
    address: "localhost:14224"
  }
}
 from snapshot
2021-09-28 01:16:06,765 [grpc-default-executor-1] INFO  server.RaftServer$Division (ServerState.java:setRaftConf(387)) - d8916934-e70a-4a30-a7a2-2d11d7c4fe10@group-8E9138349E05: set configuration 5: [1970bdcd-bd96-4495-88a5-6eaf9ec039da|rpc:localhost:14234|admin:|client:|dataStream:|priority:0, 4b364075-9b58-4908-a5b5-f5e156ea742e|rpc:localhost:14224|admin:|client:|dataStream:|priority:0], old=null
2021-09-28 01:16:06,765 [grpc-default-executor-1] INFO  server.RaftServer$Division (RaftServerImpl.java:installSnapshot(1340)) - d8916934-e70a-4a30-a7a2-2d11d7c4fe10@group-8E9138349E05: reply installSnapshot: 4b364075-9b58-4908-a5b5-f5e156ea742e<-d8916934-e70a-4a30-a7a2-2d11d7c4fe10#0:FAIL-t2,IN_PROGRESS
2021-09-28 01:16:06,765 [grpc-default-executor-1] INFO  server.GrpcServerProtocolService (GrpcServerProtocolService.java:onCompleted(140)) - d8916934-e70a-4a30-a7a2-2d11d7c4fe10: Completed INSTALL_SNAPSHOT, lastRequest: 4b364075-9b58-4908-a5b5-f5e156ea742e->d8916934-e70a-4a30-a7a2-2d11d7c4fe10#0-t2,notify:(t:2, i:1)
2021-09-28 01:16:06,766 [grpc-default-executor-3] INFO  server.GrpcLogAppender (GrpcLogAppender.java:onNext(400)) - 4b364075-9b58-4908-a5b5-f5e156ea742e@group-8E9138349E05->d8916934-e70a-4a30-a7a2-2d11d7c4fe10-InstallSnapshotResponseHandler: received a reply 4b364075-9b58-4908-a5b5-f5e156ea742e<-d8916934-e70a-4a30-a7a2-2d11d7c4fe10#0:FAIL-t2,IN_PROGRESS
2021-09-28 01:16:06,766 [grpc-default-executor-3] INFO  server.GrpcLogAppender (GrpcLogAppender.java:onNext(417)) - 4b364075-9b58-4908-a5b5-f5e156ea742e@group-8E9138349E05->d8916934-e70a-4a30-a7a2-2d11d7c4fe10-InstallSnapshotResponseHandler: InstallSnapshot in progress.
2021-09-28 01:16:06,768 [4b364075-9b58-4908-a5b5-f5e156ea742e@group-8E9138349E05->d8916934-e70a-4a30-a7a2-2d11d7c4fe10-GrpcLogAppender-LogAppenderDaemon] INFO  server.GrpcLogAppender (GrpcLogAppender.java:installSnapshot(524)) - 4b364075-9b58-4908-a5b5-f5e156ea742e@group-8E9138349E05->d8916934-e70a-4a30-a7a2-2d11d7c4fe10-GrpcLogAppender: followerNextIndex = 0 but logStartIndex = 1, notify follower to install snapshot-(t:2, i:1)
2021-09-28 01:16:06,768 [4b364075-9b58-4908-a5b5-f5e156ea742e@group-8E9138349E05->d8916934-e70a-4a30-a7a2-2d11d7c4fe10-GrpcLogAppender-LogAppenderDaemon] INFO  server.GrpcLogAppender (GrpcLogAppender.java:installSnapshot(532)) - 4b364075-9b58-4908-a5b5-f5e156ea742e@group-8E9138349E05->d8916934-e70a-4a30-a7a2-2d11d7c4fe10-GrpcLogAppender: send 4b364075-9b58-4908-a5b5-f5e156ea742e->d8916934-e70a-4a30-a7a2-2d11d7c4fe10#0-t2,notify:(t:2, i:1)
2021-09-28 01:16:06,770 [grpc-default-executor-0] INFO  server.RaftServer$Division (RaftServerImpl.java:checkInconsistentAppendEntries(1293)) - d8916934-e70a-4a30-a7a2-2d11d7c4fe10@group-8E9138349E05: Failed appendEntries as snapshot ((t:2, i:1)) installation is in progress
2021-09-28 01:16:06,770 [grpc-default-executor-0] INFO  server.RaftServer$Division (RaftServerImpl.java:checkInconsistentAppendEntries(1285)) - d8916934-e70a-4a30-a7a2-2d11d7c4fe10@group-8E9138349E05: inconsistency entries. Reply:4b364075-9b58-4908-a5b5-f5e156ea742e<-d8916934-e70a-4a30-a7a2-2d11d7c4fe10#14:FAIL-t2,INCONSISTENCY,nextIndex=0,followerCommit=-1
2021-09-28 01:16:06,771 [grpc-default-executor-0] INFO  server.RaftServer$Division (RaftServerImpl.java:installSnapshot(1329)) - d8916934-e70a-4a30-a7a2-2d11d7c4fe10@group-8E9138349E05: receive installSnapshot: 4b364075-9b58-4908-a5b5-f5e156ea742e->d8916934-e70a-4a30-a7a2-2d11d7c4fe10#0-t2,notify:(t:2, i:1)
2021-09-28 01:16:06,771 [grpc-default-executor-0] INFO  server.RaftServer$Division (RaftServerImpl.java:notifyStateMachineToInstallSnapshot(1611)) - d8916934-e70a-4a30-a7a2-2d11d7c4fe10@group-8E9138349E05: Snapshot Installation by StateMachine is in progress.
2021-09-28 01:16:06,771 [grpc-default-executor-3] INFO  leader.FollowerInfo (FollowerInfoImpl.java:lambda$new$0(46)) - 4b364075-9b58-4908-a5b5-f5e156ea742e@group-8E9138349E05->d8916934-e70a-4a30-a7a2-2d11d7c4fe10: nextIndex: updateUnconditionally 0 -> 0
2021-09-28 01:16:06,772 [grpc-default-executor-0] INFO  server.RaftServer$Division (RaftServerImpl.java:installSnapshotImpl(1459)) - d8916934-e70a-4a30-a7a2-2d11d7c4fe10@group-8E9138349E05: set new configuration index: 5
configurationEntry {
  peers {
    id: "1970bdcd-bd96-4495-88a5-6eaf9ec039da"
    address: "localhost:14234"
  }
  peers {
    id: "4b364075-9b58-4908-a5b5-f5e156ea742e"
    address: "localhost:14224"
  }
}
 from snapshot
2021-09-28 01:16:06,772 [grpc-default-executor-0] INFO  server.RaftServer$Division (ServerState.java:setRaftConf(387)) - d8916934-e70a-4a30-a7a2-2d11d7c4fe10@group-8E9138349E05: set configuration 5: [1970bdcd-bd96-4495-88a5-6eaf9ec039da|rpc:localhost:14234|admin:|client:|dataStream:|priority:0, 4b364075-9b58-4908-a5b5-f5e156ea742e|rpc:localhost:14224|admin:|client:|dataStream:|priority:0], old=null
2021-09-28 01:16:06,772 [grpc-default-executor-0] INFO  server.RaftServer$Division (RaftServerImpl.java:installSnapshot(1340)) - d8916934-e70a-4a30-a7a2-2d11d7c4fe10@group-8E9138349E05: reply installSnapshot: 4b364075-9b58-4908-a5b5-f5e156ea742e<-d8916934-e70a-4a30-a7a2-2d11d7c4fe10#0:FAIL-t2,IN_PROGRESS
2021-09-28 01:16:06,772 [grpc-default-executor-0] INFO  server.GrpcServerProtocolService (GrpcServerProtocolService.java:onCompleted(140)) - d8916934-e70a-4a30-a7a2-2d11d7c4fe10: Completed INSTALL_SNAPSHOT, lastRequest: 4b364075-9b58-4908-a5b5-f5e156ea742e->d8916934-e70a-4a30-a7a2-2d11d7c4fe10#0-t2,notify:(t:2, i:1)
2021-09-28 01:16:06,773 [grpc-default-executor-3] INFO  server.GrpcLogAppender (GrpcLogAppender.java:onNext(400)) - 4b364075-9b58-4908-a5b5-f5e156ea742e@group-8E9138349E05->d8916934-e70a-4a30-a7a2-2d11d7c4fe10-InstallSnapshotResponseHandler: received a reply 4b364075-9b58-4908-a5b5-f5e156ea742e<-d8916934-e70a-4a30-a7a2-2d11d7c4fe10#0:FAIL-t2,IN_PROGRESS
2021-09-28 01:16:06,773 [grpc-default-executor-3] INFO  server.GrpcLogAppender (GrpcLogAppender.java:onNext(417)) - 4b364075-9b58-4908-a5b5-f5e156ea742e@group-8E9138349E05->d8916934-e70a-4a30-a7a2-2d11d7c4fe10-InstallSnapshotResponseHandler: InstallSnapshot in progress.
2021-09-28 01:16:06,775 [4b364075-9b58-4908-a5b5-f5e156ea742e@group-8E9138349E05->d8916934-e70a-4a30-a7a2-2d11d7c4fe10-GrpcLogAppender-LogAppenderDaemon] INFO  server.GrpcLogAppender (GrpcLogAppender.java:installSnapshot(524)) - 4b364075-9b58-4908-a5b5-f5e156ea742e@group-8E9138349E05->d8916934-e70a-4a30-a7a2-2d11d7c4fe10-GrpcLogAppender: followerNextIndex = 0 but logStartIndex = 1, notify follower to install snapshot-(t:2, i:1)
2021-09-28 01:16:06,775 [4b364075-9b58-4908-a5b5-f5e156ea742e@group-8E9138349E05->d8916934-e70a-4a30-a7a2-2d11d7c4fe10-GrpcLogAppender-LogAppenderDaemon] INFO  server.GrpcLogAppender (GrpcLogAppender.java:installSnapshot(532)) - 4b364075-9b58-4908-a5b5-f5e156ea742e@group-8E9138349E05->d8916934-e70a-4a30-a7a2-2d11d7c4fe10-GrpcLogAppender: send 4b364075-9b58-4908-a5b5-f5e156ea742e->d8916934-e70a-4a30-a7a2-2d11d7c4fe10#0-t2,notify:(t:2, i:1)
2021-09-28 01:16:06,779 [grpc-default-executor-3] INFO  server.RaftServer$Division (RaftServerImpl.java:checkInconsistentAppendEntries(1293)) - d8916934-e70a-4a30-a7a2-2d11d7c4fe10@group-8E9138349E05: Failed appendEntries as snapshot ((t:2, i:1)) installation is in progress
2021-09-28 01:16:06,779 [grpc-default-executor-3] INFO  server.RaftServer$Division (RaftServerImpl.java:checkInconsistentAppendEntries(1285)) - d8916934-e70a-4a30-a7a2-2d11d7c4fe10@group-8E9138349E05: inconsistency entries. Reply:4b364075-9b58-4908-a5b5-f5e156ea742e<-d8916934-e70a-4a30-a7a2-2d11d7c4fe10#15:FAIL-t2,INCONSISTENCY,nextIndex=0,followerCommit=-1
2021-09-28 01:16:06,779 [EndpointStateMachine task thread for /127.0.0.1:15967 - 0 ] INFO  ipc.Client (Client.java:handleConnectionFailure(977)) - Retrying connect to server: localhost/127.0.0.1:15967. Already tried 10 time(s); retry policy is RetryUpToMaximumCountWithFixedSleep(maxRetries=15, sleepTime=1000 MILLISECONDS)
2021-09-28 01:16:06,779 [grpc-default-executor-3] INFO  leader.FollowerInfo (FollowerInfoImpl.java:lambda$new$0(46)) - 4b364075-9b58-4908-a5b5-f5e156ea742e@group-8E9138349E05->d8916934-e70a-4a30-a7a2-2d11d7c4fe10: nextIndex: updateUnconditionally 0 -> 0
2021-09-28 01:16:06,779 [grpc-default-executor-0] INFO  server.RaftServer$Division (RaftServerImpl.java:installSnapshot(1329)) - d8916934-e70a-4a30-a7a2-2d11d7c4fe10@group-8E9138349E05: receive installSnapshot: 4b364075-9b58-4908-a5b5-f5e156ea742e->d8916934-e70a-4a30-a7a2-2d11d7c4fe10#0-t2,notify:(t:2, i:1)
2021-09-28 01:16:06,780 [grpc-default-executor-0] INFO  server.RaftServer$Division (RaftServerImpl.java:notifyStateMachineToInstallSnapshot(1611)) - d8916934-e70a-4a30-a7a2-2d11d7c4fe10@group-8E9138349E05: Snapshot Installation by StateMachine is in progress.
2021-09-28 01:16:06,780 [grpc-default-executor-0] INFO  server.RaftServer$Division (RaftServerImpl.java:installSnapshotImpl(1459)) - d8916934-e70a-4a30-a7a2-2d11d7c4fe10@group-8E9138349E05: set new configuration index: 5
configurationEntry {
  peers {
    id: "1970bdcd-bd96-4495-88a5-6eaf9ec039da"
    address: "localhost:14234"
  }
  peers {
    id: "4b364075-9b58-4908-a5b5-f5e156ea742e"
    address: "localhost:14224"
  }
}
 from snapshot
2021-09-28 01:16:06,780 [grpc-default-executor-0] INFO  server.RaftServer$Division (ServerState.java:setRaftConf(387)) - d8916934-e70a-4a30-a7a2-2d11d7c4fe10@group-8E9138349E05: set configuration 5: [1970bdcd-bd96-4495-88a5-6eaf9ec039da|rpc:localhost:14234|admin:|client:|dataStream:|priority:0, 4b364075-9b58-4908-a5b5-f5e156ea742e|rpc:localhost:14224|admin:|client:|dataStream:|priority:0], old=null
2021-09-28 01:16:06,780 [grpc-default-executor-0] INFO  server.RaftServer$Division (RaftServerImpl.java:installSnapshot(1340)) - d8916934-e70a-4a30-a7a2-2d11d7c4fe10@group-8E9138349E05: reply installSnapshot: 4b364075-9b58-4908-a5b5-f5e156ea742e<-d8916934-e70a-4a30-a7a2-2d11d7c4fe10#0:FAIL-t2,IN_PROGRESS
2021-09-28 01:16:06,781 [grpc-default-executor-0] INFO  server.GrpcServerProtocolService (GrpcServerProtocolService.java:onCompleted(140)) - d8916934-e70a-4a30-a7a2-2d11d7c4fe10: Completed INSTALL_SNAPSHOT, lastRequest: 4b364075-9b58-4908-a5b5-f5e156ea742e->d8916934-e70a-4a30-a7a2-2d11d7c4fe10#0-t2,notify:(t:2, i:1)
2021-09-28 01:16:06,783 [grpc-default-executor-3] INFO  server.GrpcLogAppender (GrpcLogAppender.java:onNext(400)) - 4b364075-9b58-4908-a5b5-f5e156ea742e@group-8E9138349E05->d8916934-e70a-4a30-a7a2-2d11d7c4fe10-InstallSnapshotResponseHandler: received a reply 4b364075-9b58-4908-a5b5-f5e156ea742e<-d8916934-e70a-4a30-a7a2-2d11d7c4fe10#0:FAIL-t2,IN_PROGRESS
2021-09-28 01:16:06,783 [grpc-default-executor-3] INFO  server.GrpcLogAppender (GrpcLogAppender.java:onNext(417)) - 4b364075-9b58-4908-a5b5-f5e156ea742e@group-8E9138349E05->d8916934-e70a-4a30-a7a2-2d11d7c4fe10-InstallSnapshotResponseHandler: InstallSnapshot in progress.
2021-09-28 01:16:06,794 [4b364075-9b58-4908-a5b5-f5e156ea742e@group-8E9138349E05->d8916934-e70a-4a30-a7a2-2d11d7c4fe10-GrpcLogAppender-LogAppenderDaemon] INFO  server.GrpcLogAppender (GrpcLogAppender.java:installSnapshot(524)) - 4b364075-9b58-4908-a5b5-f5e156ea742e@group-8E9138349E05->d8916934-e70a-4a30-a7a2-2d11d7c4fe10-GrpcLogAppender: followerNextIndex = 0 but logStartIndex = 1, notify follower to install snapshot-(t:2, i:1)
2021-09-28 01:16:06,794 [4b364075-9b58-4908-a5b5-f5e156ea742e@group-8E9138349E05->d8916934-e70a-4a30-a7a2-2d11d7c4fe10-GrpcLogAppender-LogAppenderDaemon] INFO  server.GrpcLogAppender (GrpcLogAppender.java:installSnapshot(532)) - 4b364075-9b58-4908-a5b5-f5e156ea742e@group-8E9138349E05->d8916934-e70a-4a30-a7a2-2d11d7c4fe10-GrpcLogAppender: send 4b364075-9b58-4908-a5b5-f5e156ea742e->d8916934-e70a-4a30-a7a2-2d11d7c4fe10#0-t2,notify:(t:2, i:1)
2021-09-28 01:16:06,795 [grpc-default-executor-0] INFO  server.RaftServer$Division (RaftServerImpl.java:checkInconsistentAppendEntries(1293)) - d8916934-e70a-4a30-a7a2-2d11d7c4fe10@group-8E9138349E05: Failed appendEntries as snapshot ((t:2, i:1)) installation is in progress
2021-09-28 01:16:06,795 [grpc-default-executor-0] INFO  server.RaftServer$Division (RaftServerImpl.java:checkInconsistentAppendEntries(1285)) - d8916934-e70a-4a30-a7a2-2d11d7c4fe10@group-8E9138349E05: inconsistency entries. Reply:4b364075-9b58-4908-a5b5-f5e156ea742e<-d8916934-e70a-4a30-a7a2-2d11d7c4fe10#16:FAIL-t2,INCONSISTENCY,nextIndex=0,followerCommit=-1
2021-09-28 01:16:06,795 [grpc-default-executor-0] INFO  server.RaftServer$Division (RaftServerImpl.java:installSnapshot(1329)) - d8916934-e70a-4a30-a7a2-2d11d7c4fe10@group-8E9138349E05: receive installSnapshot: 4b364075-9b58-4908-a5b5-f5e156ea742e->d8916934-e70a-4a30-a7a2-2d11d7c4fe10#0-t2,notify:(t:2, i:1)
2021-09-28 01:16:06,795 [grpc-default-executor-0] INFO  server.RaftServer$Division (RaftServerImpl.java:notifyStateMachineToInstallSnapshot(1611)) - d8916934-e70a-4a30-a7a2-2d11d7c4fe10@group-8E9138349E05: Snapshot Installation by StateMachine is in progress.
2021-09-28 01:16:06,796 [grpc-default-executor-0] INFO  server.RaftServer$Division (RaftServerImpl.java:installSnapshotImpl(1459)) - d8916934-e70a-4a30-a7a2-2d11d7c4fe10@group-8E9138349E05: set new configuration index: 5
configurationEntry {
  peers {
    id: "1970bdcd-bd96-4495-88a5-6eaf9ec039da"
    address: "localhost:14234"
  }
  peers {
    id: "4b364075-9b58-4908-a5b5-f5e156ea742e"
    address: "localhost:14224"
  }
}
 from snapshot
2021-09-28 01:16:06,796 [grpc-default-executor-0] INFO  server.RaftServer$Division (ServerState.java:setRaftConf(387)) - d8916934-e70a-4a30-a7a2-2d11d7c4fe10@group-8E9138349E05: set configuration 5: [1970bdcd-bd96-4495-88a5-6eaf9ec039da|rpc:localhost:14234|admin:|client:|dataStream:|priority:0, 4b364075-9b58-4908-a5b5-f5e156ea742e|rpc:localhost:14224|admin:|client:|dataStream:|priority:0], old=null
2021-09-28 01:16:06,796 [grpc-default-executor-0] INFO  server.RaftServer$Division (RaftServerImpl.java:installSnapshot(1340)) - d8916934-e70a-4a30-a7a2-2d11d7c4fe10@group-8E9138349E05: reply installSnapshot: 4b364075-9b58-4908-a5b5-f5e156ea742e<-d8916934-e70a-4a30-a7a2-2d11d7c4fe10#0:FAIL-t2,IN_PROGRESS
2021-09-28 01:16:06,796 [grpc-default-executor-0] INFO  server.GrpcServerProtocolService (GrpcServerProtocolService.java:onCompleted(140)) - d8916934-e70a-4a30-a7a2-2d11d7c4fe10: Completed INSTALL_SNAPSHOT, lastRequest: 4b364075-9b58-4908-a5b5-f5e156ea742e->d8916934-e70a-4a30-a7a2-2d11d7c4fe10#0-t2,notify:(t:2, i:1)
2021-09-28 01:16:06,795 [grpc-default-executor-3] INFO  leader.FollowerInfo (FollowerInfoImpl.java:lambda$new$0(46)) - 4b364075-9b58-4908-a5b5-f5e156ea742e@group-8E9138349E05->d8916934-e70a-4a30-a7a2-2d11d7c4fe10: nextIndex: updateUnconditionally 0 -> 0
2021-09-28 01:16:06,796 [grpc-default-executor-0] INFO  server.GrpcLogAppender (GrpcLogAppender.java:onNext(400)) - 4b364075-9b58-4908-a5b5-f5e156ea742e@group-8E9138349E05->d8916934-e70a-4a30-a7a2-2d11d7c4fe10-InstallSnapshotResponseHandler: received a reply 4b364075-9b58-4908-a5b5-f5e156ea742e<-d8916934-e70a-4a30-a7a2-2d11d7c4fe10#0:FAIL-t2,IN_PROGRESS
2021-09-28 01:16:06,796 [grpc-default-executor-0] INFO  server.GrpcLogAppender (GrpcLogAppender.java:onNext(417)) - 4b364075-9b58-4908-a5b5-f5e156ea742e@group-8E9138349E05->d8916934-e70a-4a30-a7a2-2d11d7c4fe10-InstallSnapshotResponseHandler: InstallSnapshot in progress.
2021-09-28 01:16:06,799 [pool-228-thread-1] INFO  ha.SCMHAManagerImpl (SCMHAManagerImpl.java:verifyCheckpointFromLeader(172)) - Installing checkpoint with SCMTransactionInfo 2#24
2021-09-28 01:16:06,799 [pool-228-thread-1] INFO  server.RaftServer$Division (RaftServerImpl.java:lambda$notifyStateMachineToInstallSnapshot$30(1594)) - d8916934-e70a-4a30-a7a2-2d11d7c4fe10@group-8E9138349E05: StateMachine successfully installed snapshot index 24. Reloading the StateMachine.
2021-09-28 01:16:06,799 [pool-228-thread-1] INFO  segmented.SegmentedRaftLogWorker (SegmentedRaftLogWorker.java:lambda$new$0(133)) - d8916934-e70a-4a30-a7a2-2d11d7c4fe10@group-8E9138349E05-SegmentedRaftLogWorker: flushIndex: setUnconditionally -1 -> 24
2021-09-28 01:16:06,799 [pool-228-thread-1] INFO  segmented.SegmentedRaftLogWorker (SegmentedRaftLogWorker.java:lambda$new$0(133)) - d8916934-e70a-4a30-a7a2-2d11d7c4fe10@group-8E9138349E05-SegmentedRaftLogWorker: safeCacheEvictIndex: setUnconditionally -1 -> 24
2021-09-28 01:16:06,799 [pool-228-thread-1] INFO  raftlog.RaftLog (RaftLogBase.java:lambda$new$0(53)) - d8916934-e70a-4a30-a7a2-2d11d7c4fe10@group-8E9138349E05-SegmentedRaftLog: snapshotIndex: updateIncreasingly -1 -> 24
2021-09-28 01:16:06,799 [4b364075-9b58-4908-a5b5-f5e156ea742e@group-8E9138349E05->d8916934-e70a-4a30-a7a2-2d11d7c4fe10-GrpcLogAppender-LogAppenderDaemon] INFO  server.GrpcLogAppender (GrpcLogAppender.java:installSnapshot(524)) - 4b364075-9b58-4908-a5b5-f5e156ea742e@group-8E9138349E05->d8916934-e70a-4a30-a7a2-2d11d7c4fe10-GrpcLogAppender: followerNextIndex = 0 but logStartIndex = 1, notify follower to install snapshot-(t:2, i:1)
2021-09-28 01:16:06,799 [4b364075-9b58-4908-a5b5-f5e156ea742e@group-8E9138349E05->d8916934-e70a-4a30-a7a2-2d11d7c4fe10-GrpcLogAppender-LogAppenderDaemon] INFO  server.GrpcLogAppender (GrpcLogAppender.java:installSnapshot(532)) - 4b364075-9b58-4908-a5b5-f5e156ea742e@group-8E9138349E05->d8916934-e70a-4a30-a7a2-2d11d7c4fe10-GrpcLogAppender: send 4b364075-9b58-4908-a5b5-f5e156ea742e->d8916934-e70a-4a30-a7a2-2d11d7c4fe10#0-t2,notify:(t:2, i:1)
2021-09-28 01:16:06,800 [grpc-default-executor-0] INFO  server.RaftServer$Division (RaftServerImpl.java:checkInconsistentAppendEntries(1293)) - d8916934-e70a-4a30-a7a2-2d11d7c4fe10@group-8E9138349E05: Failed appendEntries as snapshot ((t:2, i:1)) installation is in progress
2021-09-28 01:16:06,800 [grpc-default-executor-0] INFO  server.RaftServer$Division (RaftServerImpl.java:checkInconsistentAppendEntries(1285)) - d8916934-e70a-4a30-a7a2-2d11d7c4fe10@group-8E9138349E05: inconsistency entries. Reply:4b364075-9b58-4908-a5b5-f5e156ea742e<-d8916934-e70a-4a30-a7a2-2d11d7c4fe10#17:FAIL-t2,INCONSISTENCY,nextIndex=25,followerCommit=24
2021-09-28 01:16:06,800 [grpc-default-executor-3] INFO  server.RaftServer$Division (RaftServerImpl.java:installSnapshot(1329)) - d8916934-e70a-4a30-a7a2-2d11d7c4fe10@group-8E9138349E05: receive installSnapshot: 4b364075-9b58-4908-a5b5-f5e156ea742e->d8916934-e70a-4a30-a7a2-2d11d7c4fe10#0-t2,notify:(t:2, i:1)
2021-09-28 01:16:06,800 [grpc-default-executor-3] INFO  server.RaftServer$Division (RaftServerImpl.java:notifyStateMachineToInstallSnapshot(1611)) - d8916934-e70a-4a30-a7a2-2d11d7c4fe10@group-8E9138349E05: Snapshot Installation by StateMachine is in progress.
2021-09-28 01:16:06,801 [grpc-default-executor-3] INFO  server.RaftServer$Division (RaftServerImpl.java:installSnapshotImpl(1459)) - d8916934-e70a-4a30-a7a2-2d11d7c4fe10@group-8E9138349E05: set new configuration index: 5
configurationEntry {
  peers {
    id: "1970bdcd-bd96-4495-88a5-6eaf9ec039da"
    address: "localhost:14234"
  }
  peers {
    id: "4b364075-9b58-4908-a5b5-f5e156ea742e"
    address: "localhost:14224"
  }
}
 from snapshot
2021-09-28 01:16:06,801 [grpc-default-executor-3] INFO  server.RaftServer$Division (ServerState.java:setRaftConf(387)) - d8916934-e70a-4a30-a7a2-2d11d7c4fe10@group-8E9138349E05: set configuration 5: [1970bdcd-bd96-4495-88a5-6eaf9ec039da|rpc:localhost:14234|admin:|client:|dataStream:|priority:0, 4b364075-9b58-4908-a5b5-f5e156ea742e|rpc:localhost:14224|admin:|client:|dataStream:|priority:0], old=null
2021-09-28 01:16:06,802 [grpc-default-executor-3] INFO  server.RaftServer$Division (RaftServerImpl.java:installSnapshot(1340)) - d8916934-e70a-4a30-a7a2-2d11d7c4fe10@group-8E9138349E05: reply installSnapshot: 4b364075-9b58-4908-a5b5-f5e156ea742e<-d8916934-e70a-4a30-a7a2-2d11d7c4fe10#0:FAIL-t2,IN_PROGRESS
2021-09-28 01:16:06,802 [grpc-default-executor-3] INFO  server.GrpcServerProtocolService (GrpcServerProtocolService.java:onCompleted(140)) - d8916934-e70a-4a30-a7a2-2d11d7c4fe10: Completed INSTALL_SNAPSHOT, lastRequest: 4b364075-9b58-4908-a5b5-f5e156ea742e->d8916934-e70a-4a30-a7a2-2d11d7c4fe10#0-t2,notify:(t:2, i:1)
2021-09-28 01:16:06,802 [grpc-default-executor-0] INFO  leader.FollowerInfo (FollowerInfoImpl.java:lambda$new$0(46)) - 4b364075-9b58-4908-a5b5-f5e156ea742e@group-8E9138349E05->d8916934-e70a-4a30-a7a2-2d11d7c4fe10: nextIndex: updateUnconditionally 0 -> 25
2021-09-28 01:16:06,803 [grpc-default-executor-1] INFO  server.GrpcLogAppender (GrpcLogAppender.java:onNext(400)) - 4b364075-9b58-4908-a5b5-f5e156ea742e@group-8E9138349E05->d8916934-e70a-4a30-a7a2-2d11d7c4fe10-InstallSnapshotResponseHandler: received a reply 4b364075-9b58-4908-a5b5-f5e156ea742e<-d8916934-e70a-4a30-a7a2-2d11d7c4fe10#0:FAIL-t2,IN_PROGRESS
2021-09-28 01:16:06,803 [grpc-default-executor-1] INFO  server.GrpcLogAppender (GrpcLogAppender.java:onNext(417)) - 4b364075-9b58-4908-a5b5-f5e156ea742e@group-8E9138349E05->d8916934-e70a-4a30-a7a2-2d11d7c4fe10-InstallSnapshotResponseHandler: InstallSnapshot in progress.
2021-09-28 01:16:06,842 [d8916934-e70a-4a30-a7a2-2d11d7c4fe10@group-8E9138349E05-StateMachineUpdater] INFO  ha.SCMHAManagerImpl (SCMHAManagerImpl.java:installCheckpoint(227)) - Installing checkpoint with SCMTransactionInfo 2#24
2021-09-28 01:16:06,843 [d8916934-e70a-4a30-a7a2-2d11d7c4fe10@group-8E9138349E05-StateMachineUpdater] INFO  ha.SCMHAManagerImpl (SCMHAManagerImpl.java:installCheckpoint(266)) - Replaced DB with checkpoint, term: 2, index: 24
2021-09-28 01:16:06,843 [d8916934-e70a-4a30-a7a2-2d11d7c4fe10@group-8E9138349E05-StateMachineUpdater] WARN  utils.HAUtils (HAUtils.java:getMetaDir(342)) - ozone.scm.db.dirs is not configured. We recommend adding this setting. Falling back to ozone.metadata.dirs instead.
2021-09-28 01:16:06,850 [d8916934-e70a-4a30-a7a2-2d11d7c4fe10@group-8E9138349E05-StateMachineUpdater] WARN  db.DBStoreBuilder (DBStoreBuilder.java:applyDBDefinition(145)) - ozone.scm.db.dirs is not configured. We recommend adding this setting. Falling back to ozone.metadata.dirs instead.
2021-09-28 01:16:06,963 [d8916934-e70a-4a30-a7a2-2d11d7c4fe10@group-8E9138349E05-StateMachineUpdater] INFO  ha.SequenceIdGenerator (SequenceIdGenerator.java:reinitialize(165)) - reinitialize SequenceIdGenerator.
2021-09-28 01:16:06,973 [d8916934-e70a-4a30-a7a2-2d11d7c4fe10@group-8E9138349E05-StateMachineUpdater] INFO  ha.SCMHAManagerImpl (SCMHAManagerImpl.java:installCheckpoint(277)) - Reloaded SCM state with Term: 2 and Index: 24
2021-09-28 01:16:06,974 [d8916934-e70a-4a30-a7a2-2d11d7c4fe10@group-8E9138349E05-StateMachineUpdater] INFO  impl.StateMachineUpdater (StateMachineUpdater.java:lambda$new$0(89)) - d8916934-e70a-4a30-a7a2-2d11d7c4fe10@group-8E9138349E05-StateMachineUpdater: snapshotIndex: setUnconditionally -1 -> 24
2021-09-28 01:16:06,976 [d8916934-e70a-4a30-a7a2-2d11d7c4fe10@group-8E9138349E05-StateMachineUpdater] INFO  impl.StateMachineUpdater (StateMachineUpdater.java:lambda$new$0(89)) - d8916934-e70a-4a30-a7a2-2d11d7c4fe10@group-8E9138349E05-StateMachineUpdater: appliedIndex: setUnconditionally -1 -> 24
2021-09-28 01:16:07,092 [Datanode State Machine Thread - 0] ERROR datanode.RunningDatanodeState (RunningDatanodeState.java:computeNextContainerState(199)) - Error in executing end point task.
java.util.concurrent.ExecutionException: java.util.concurrent.TimeoutException
	at java.util.concurrent.FutureTask.report(FutureTask.java:122)
	at java.util.concurrent.FutureTask.get(FutureTask.java:192)
	at org.apache.hadoop.ozone.container.common.states.datanode.RunningDatanodeState.computeNextContainerState(RunningDatanodeState.java:191)
	at org.apache.hadoop.ozone.container.common.states.datanode.RunningDatanodeState.await(RunningDatanodeState.java:231)
	at org.apache.hadoop.ozone.container.common.states.datanode.RunningDatanodeState.await(RunningDatanodeState.java:50)
	at org.apache.hadoop.ozone.container.common.statemachine.StateContext.execute(StateContext.java:629)
	at org.apache.hadoop.ozone.container.common.statemachine.DatanodeStateMachine.start(DatanodeStateMachine.java:270)
	at org.apache.hadoop.ozone.container.common.statemachine.DatanodeStateMachine.lambda$startDaemon$0(DatanodeStateMachine.java:457)
	at java.lang.Thread.run(Thread.java:748)
Caused by: java.util.concurrent.TimeoutException
	at java.util.concurrent.FutureTask.get(FutureTask.java:205)
	at org.apache.hadoop.ozone.container.common.states.datanode.RunningDatanodeState.lambda$execute$0(RunningDatanodeState.java:149)
	at java.util.concurrent.FutureTask.run(FutureTask.java:266)
	at java.util.concurrent.Executors$RunnableAdapter.call(Executors.java:511)
	at java.util.concurrent.FutureTask.run(FutureTask.java:266)
	at java.util.concurrent.ThreadPoolExecutor.runWorker(ThreadPoolExecutor.java:1149)
	at java.util.concurrent.ThreadPoolExecutor$Worker.run(ThreadPoolExecutor.java:624)
	... 1 more
2021-09-28 01:16:07,387 [EndpointStateMachine task thread for /127.0.0.1:15957 - 0 ] INFO  ipc.Client (Client.java:handleConnectionFailure(977)) - Retrying connect to server: localhost/127.0.0.1:15957. Already tried 10 time(s); retry policy is RetryUpToMaximumCountWithFixedSleep(maxRetries=15, sleepTime=1000 MILLISECONDS)
2021-09-28 01:16:07,563 [EndpointStateMachine task thread for /127.0.0.1:15977 - 0 ] INFO  ipc.Client (Client.java:handleConnectionFailure(977)) - Retrying connect to server: localhost/127.0.0.1:15977. Already tried 11 time(s); retry policy is RetryUpToMaximumCountWithFixedSleep(maxRetries=15, sleepTime=1000 MILLISECONDS)
2021-09-28 01:16:07,698 [Datanode State Machine Thread - 0] ERROR datanode.RunningDatanodeState (RunningDatanodeState.java:computeNextContainerState(199)) - Error in executing end point task.
java.util.concurrent.ExecutionException: java.util.concurrent.TimeoutException
	at java.util.concurrent.FutureTask.report(FutureTask.java:122)
	at java.util.concurrent.FutureTask.get(FutureTask.java:192)
	at org.apache.hadoop.ozone.container.common.states.datanode.RunningDatanodeState.computeNextContainerState(RunningDatanodeState.java:191)
	at org.apache.hadoop.ozone.container.common.states.datanode.RunningDatanodeState.await(RunningDatanodeState.java:231)
	at org.apache.hadoop.ozone.container.common.states.datanode.RunningDatanodeState.await(RunningDatanodeState.java:50)
	at org.apache.hadoop.ozone.container.common.statemachine.StateContext.execute(StateContext.java:629)
	at org.apache.hadoop.ozone.container.common.statemachine.DatanodeStateMachine.start(DatanodeStateMachine.java:270)
	at org.apache.hadoop.ozone.container.common.statemachine.DatanodeStateMachine.lambda$startDaemon$0(DatanodeStateMachine.java:457)
	at java.lang.Thread.run(Thread.java:748)
Caused by: java.util.concurrent.TimeoutException
	at java.util.concurrent.FutureTask.get(FutureTask.java:205)
	at org.apache.hadoop.ozone.container.common.states.datanode.RunningDatanodeState.lambda$execute$0(RunningDatanodeState.java:149)
	at java.util.concurrent.FutureTask.run(FutureTask.java:266)
	at java.util.concurrent.Executors$RunnableAdapter.call(Executors.java:511)
	at java.util.concurrent.FutureTask.run(FutureTask.java:266)
	at java.util.concurrent.ThreadPoolExecutor.runWorker(ThreadPoolExecutor.java:1149)
	at java.util.concurrent.ThreadPoolExecutor$Worker.run(ThreadPoolExecutor.java:624)
	... 1 more
2021-09-28 01:16:07,775 [Datanode State Machine Thread - 0] ERROR datanode.RunningDatanodeState (RunningDatanodeState.java:computeNextContainerState(199)) - Error in executing end point task.
java.util.concurrent.ExecutionException: java.util.concurrent.TimeoutException
	at java.util.concurrent.FutureTask.report(FutureTask.java:122)
	at java.util.concurrent.FutureTask.get(FutureTask.java:192)
	at org.apache.hadoop.ozone.container.common.states.datanode.RunningDatanodeState.computeNextContainerState(RunningDatanodeState.java:191)
	at org.apache.hadoop.ozone.container.common.states.datanode.RunningDatanodeState.await(RunningDatanodeState.java:231)
	at org.apache.hadoop.ozone.container.common.states.datanode.RunningDatanodeState.await(RunningDatanodeState.java:50)
	at org.apache.hadoop.ozone.container.common.statemachine.StateContext.execute(StateContext.java:629)
	at org.apache.hadoop.ozone.container.common.statemachine.DatanodeStateMachine.start(DatanodeStateMachine.java:270)
	at org.apache.hadoop.ozone.container.common.statemachine.DatanodeStateMachine.lambda$startDaemon$0(DatanodeStateMachine.java:457)
	at java.lang.Thread.run(Thread.java:748)
Caused by: java.util.concurrent.TimeoutException
	at java.util.concurrent.FutureTask.get(FutureTask.java:205)
	at org.apache.hadoop.ozone.container.common.states.datanode.RunningDatanodeState.lambda$execute$0(RunningDatanodeState.java:149)
	at java.util.concurrent.FutureTask.run(FutureTask.java:266)
	at java.util.concurrent.Executors$RunnableAdapter.call(Executors.java:511)
	at java.util.concurrent.FutureTask.run(FutureTask.java:266)
	at java.util.concurrent.ThreadPoolExecutor.runWorker(ThreadPoolExecutor.java:1149)
	at java.util.concurrent.ThreadPoolExecutor$Worker.run(ThreadPoolExecutor.java:624)
	... 1 more
2021-09-28 01:16:07,780 [EndpointStateMachine task thread for /127.0.0.1:15967 - 0 ] INFO  ipc.Client (Client.java:handleConnectionFailure(977)) - Retrying connect to server: localhost/127.0.0.1:15967. Already tried 11 time(s); retry policy is RetryUpToMaximumCountWithFixedSleep(maxRetries=15, sleepTime=1000 MILLISECONDS)
2021-09-28 01:16:08,094 [Datanode State Machine Thread - 0] ERROR datanode.RunningDatanodeState (RunningDatanodeState.java:computeNextContainerState(199)) - Error in executing end point task.
java.util.concurrent.ExecutionException: java.util.concurrent.TimeoutException
	at java.util.concurrent.FutureTask.report(FutureTask.java:122)
	at java.util.concurrent.FutureTask.get(FutureTask.java:192)
	at org.apache.hadoop.ozone.container.common.states.datanode.RunningDatanodeState.computeNextContainerState(RunningDatanodeState.java:191)
	at org.apache.hadoop.ozone.container.common.states.datanode.RunningDatanodeState.await(RunningDatanodeState.java:231)
	at org.apache.hadoop.ozone.container.common.states.datanode.RunningDatanodeState.await(RunningDatanodeState.java:50)
	at org.apache.hadoop.ozone.container.common.statemachine.StateContext.execute(StateContext.java:629)
	at org.apache.hadoop.ozone.container.common.statemachine.DatanodeStateMachine.start(DatanodeStateMachine.java:270)
	at org.apache.hadoop.ozone.container.common.statemachine.DatanodeStateMachine.lambda$startDaemon$0(DatanodeStateMachine.java:457)
	at java.lang.Thread.run(Thread.java:748)
Caused by: java.util.concurrent.TimeoutException
	at java.util.concurrent.FutureTask.get(FutureTask.java:205)
	at org.apache.hadoop.ozone.container.common.states.datanode.RunningDatanodeState.lambda$execute$0(RunningDatanodeState.java:149)
	at java.util.concurrent.FutureTask.run(FutureTask.java:266)
	at java.util.concurrent.Executors$RunnableAdapter.call(Executors.java:511)
	at java.util.concurrent.FutureTask.run(FutureTask.java:266)
	at java.util.concurrent.ThreadPoolExecutor.runWorker(ThreadPoolExecutor.java:1149)
	at java.util.concurrent.ThreadPoolExecutor$Worker.run(ThreadPoolExecutor.java:624)
	... 1 more
2021-09-28 01:16:08,388 [EndpointStateMachine task thread for /127.0.0.1:15957 - 0 ] INFO  ipc.Client (Client.java:handleConnectionFailure(977)) - Retrying connect to server: localhost/127.0.0.1:15957. Already tried 11 time(s); retry policy is RetryUpToMaximumCountWithFixedSleep(maxRetries=15, sleepTime=1000 MILLISECONDS)
2021-09-28 01:16:08,564 [EndpointStateMachine task thread for /127.0.0.1:15977 - 0 ] INFO  ipc.Client (Client.java:handleConnectionFailure(977)) - Retrying connect to server: localhost/127.0.0.1:15977. Already tried 12 time(s); retry policy is RetryUpToMaximumCountWithFixedSleep(maxRetries=15, sleepTime=1000 MILLISECONDS)
2021-09-28 01:16:08,777 [Datanode State Machine Thread - 0] ERROR datanode.RunningDatanodeState (RunningDatanodeState.java:computeNextContainerState(199)) - Error in executing end point task.
java.util.concurrent.ExecutionException: java.util.concurrent.TimeoutException
	at java.util.concurrent.FutureTask.report(FutureTask.java:122)
	at java.util.concurrent.FutureTask.get(FutureTask.java:192)
	at org.apache.hadoop.ozone.container.common.states.datanode.RunningDatanodeState.computeNextContainerState(RunningDatanodeState.java:191)
	at org.apache.hadoop.ozone.container.common.states.datanode.RunningDatanodeState.await(RunningDatanodeState.java:231)
	at org.apache.hadoop.ozone.container.common.states.datanode.RunningDatanodeState.await(RunningDatanodeState.java:50)
	at org.apache.hadoop.ozone.container.common.statemachine.StateContext.execute(StateContext.java:629)
	at org.apache.hadoop.ozone.container.common.statemachine.DatanodeStateMachine.start(DatanodeStateMachine.java:270)
	at org.apache.hadoop.ozone.container.common.statemachine.DatanodeStateMachine.lambda$startDaemon$0(DatanodeStateMachine.java:457)
	at java.lang.Thread.run(Thread.java:748)
Caused by: java.util.concurrent.TimeoutException
	at java.util.concurrent.FutureTask.get(FutureTask.java:205)
	at org.apache.hadoop.ozone.container.common.states.datanode.RunningDatanodeState.lambda$execute$0(RunningDatanodeState.java:149)
	at java.util.concurrent.FutureTask.run(FutureTask.java:266)
	at java.util.concurrent.Executors$RunnableAdapter.call(Executors.java:511)
	at java.util.concurrent.FutureTask.run(FutureTask.java:266)
	at java.util.concurrent.ThreadPoolExecutor.runWorker(ThreadPoolExecutor.java:1149)
	at java.util.concurrent.ThreadPoolExecutor$Worker.run(ThreadPoolExecutor.java:624)
	... 1 more
2021-09-28 01:16:08,780 [EndpointStateMachine task thread for /127.0.0.1:15967 - 0 ] INFO  ipc.Client (Client.java:handleConnectionFailure(977)) - Retrying connect to server: localhost/127.0.0.1:15967. Already tried 12 time(s); retry policy is RetryUpToMaximumCountWithFixedSleep(maxRetries=15, sleepTime=1000 MILLISECONDS)
2021-09-28 01:16:09,388 [EndpointStateMachine task thread for /127.0.0.1:15957 - 0 ] INFO  ipc.Client (Client.java:handleConnectionFailure(977)) - Retrying connect to server: localhost/127.0.0.1:15957. Already tried 12 time(s); retry policy is RetryUpToMaximumCountWithFixedSleep(maxRetries=15, sleepTime=1000 MILLISECONDS)
2021-09-28 01:16:09,564 [EndpointStateMachine task thread for /127.0.0.1:15977 - 0 ] INFO  ipc.Client (Client.java:handleConnectionFailure(977)) - Retrying connect to server: localhost/127.0.0.1:15977. Already tried 13 time(s); retry policy is RetryUpToMaximumCountWithFixedSleep(maxRetries=15, sleepTime=1000 MILLISECONDS)
2021-09-28 01:16:09,781 [EndpointStateMachine task thread for /127.0.0.1:15967 - 0 ] INFO  ipc.Client (Client.java:handleConnectionFailure(977)) - Retrying connect to server: localhost/127.0.0.1:15967. Already tried 13 time(s); retry policy is RetryUpToMaximumCountWithFixedSleep(maxRetries=15, sleepTime=1000 MILLISECONDS)
2021-09-28 01:16:10,099 [Datanode State Machine Thread - 0] ERROR datanode.RunningDatanodeState (RunningDatanodeState.java:computeNextContainerState(199)) - Error in executing end point task.
java.util.concurrent.ExecutionException: java.util.concurrent.TimeoutException
	at java.util.concurrent.FutureTask.report(FutureTask.java:122)
	at java.util.concurrent.FutureTask.get(FutureTask.java:192)
	at org.apache.hadoop.ozone.container.common.states.datanode.RunningDatanodeState.computeNextContainerState(RunningDatanodeState.java:191)
	at org.apache.hadoop.ozone.container.common.states.datanode.RunningDatanodeState.await(RunningDatanodeState.java:231)
	at org.apache.hadoop.ozone.container.common.states.datanode.RunningDatanodeState.await(RunningDatanodeState.java:50)
	at org.apache.hadoop.ozone.container.common.statemachine.StateContext.execute(StateContext.java:629)
	at org.apache.hadoop.ozone.container.common.statemachine.DatanodeStateMachine.start(DatanodeStateMachine.java:270)
	at org.apache.hadoop.ozone.container.common.statemachine.DatanodeStateMachine.lambda$startDaemon$0(DatanodeStateMachine.java:457)
	at java.lang.Thread.run(Thread.java:748)
Caused by: java.util.concurrent.TimeoutException
	at java.util.concurrent.FutureTask.get(FutureTask.java:205)
	at org.apache.hadoop.ozone.container.common.states.datanode.RunningDatanodeState.lambda$execute$0(RunningDatanodeState.java:149)
	at java.util.concurrent.FutureTask.run(FutureTask.java:266)
	at java.util.concurrent.Executors$RunnableAdapter.call(Executors.java:511)
	at java.util.concurrent.FutureTask.run(FutureTask.java:266)
	at java.util.concurrent.ThreadPoolExecutor.runWorker(ThreadPoolExecutor.java:1149)
	at java.util.concurrent.ThreadPoolExecutor$Worker.run(ThreadPoolExecutor.java:624)
	... 1 more
2021-09-28 01:16:10,389 [EndpointStateMachine task thread for /127.0.0.1:15957 - 0 ] INFO  ipc.Client (Client.java:handleConnectionFailure(977)) - Retrying connect to server: localhost/127.0.0.1:15957. Already tried 13 time(s); retry policy is RetryUpToMaximumCountWithFixedSleep(maxRetries=15, sleepTime=1000 MILLISECONDS)
2021-09-28 01:16:10,565 [EndpointStateMachine task thread for /127.0.0.1:15977 - 0 ] INFO  ipc.Client (Client.java:handleConnectionFailure(977)) - Retrying connect to server: localhost/127.0.0.1:15977. Already tried 14 time(s); retry policy is RetryUpToMaximumCountWithFixedSleep(maxRetries=15, sleepTime=1000 MILLISECONDS)
2021-09-28 01:16:10,565 [EndpointStateMachine task thread for /127.0.0.1:15977 - 0 ] WARN  statemachine.EndpointStateMachine (EndpointStateMachine.java:logIfNeeded(236)) - Unable to communicate to SCM server at localhost:15977 for past 0 seconds.
java.net.ConnectException: Call From fv-az50-883/10.1.0.25 to localhost:15977 failed on connection exception: java.net.ConnectException: Connection refused; For more details see:  http://wiki.apache.org/hadoop/ConnectionRefused
	at sun.reflect.NativeConstructorAccessorImpl.newInstance0(Native Method)
	at sun.reflect.NativeConstructorAccessorImpl.newInstance(NativeConstructorAccessorImpl.java:62)
	at sun.reflect.DelegatingConstructorAccessorImpl.newInstance(DelegatingConstructorAccessorImpl.java:45)
	at java.lang.reflect.Constructor.newInstance(Constructor.java:423)
	at org.apache.hadoop.net.NetUtils.wrapWithMessage(NetUtils.java:913)
	at org.apache.hadoop.net.NetUtils.wrapException(NetUtils.java:828)
	at org.apache.hadoop.ipc.Client.getRpcResponse(Client.java:1577)
	at org.apache.hadoop.ipc.Client.call(Client.java:1519)
	at org.apache.hadoop.ipc.Client.call(Client.java:1416)
	at org.apache.hadoop.ipc.ProtobufRpcEngine$Invoker.invoke(ProtobufRpcEngine.java:236)
	at org.apache.hadoop.ipc.ProtobufRpcEngine$Invoker.invoke(ProtobufRpcEngine.java:123)
	at com.sun.proxy.$Proxy48.submitRequest(Unknown Source)
	at org.apache.hadoop.ozone.protocolPB.StorageContainerDatanodeProtocolClientSideTranslatorPB.submitRequest(StorageContainerDatanodeProtocolClientSideTranslatorPB.java:117)
	at org.apache.hadoop.ozone.protocolPB.StorageContainerDatanodeProtocolClientSideTranslatorPB.register(StorageContainerDatanodeProtocolClientSideTranslatorPB.java:180)
	at org.apache.hadoop.ozone.container.common.states.endpoint.RegisterEndpointTask.call(RegisterEndpointTask.java:158)
	at org.apache.hadoop.ozone.container.common.states.endpoint.RegisterEndpointTask.call(RegisterEndpointTask.java:52)
	at java.util.concurrent.FutureTask.run(FutureTask.java:266)
	at java.util.concurrent.ThreadPoolExecutor.runWorker(ThreadPoolExecutor.java:1149)
	at java.util.concurrent.ThreadPoolExecutor$Worker.run(ThreadPoolExecutor.java:624)
	at java.lang.Thread.run(Thread.java:748)
Caused by: java.net.ConnectException: Connection refused
	at sun.nio.ch.SocketChannelImpl.checkConnect(Native Method)
	at sun.nio.ch.SocketChannelImpl.finishConnect(SocketChannelImpl.java:716)
	at org.apache.hadoop.net.SocketIOWithTimeout.connect(SocketIOWithTimeout.java:206)
	at org.apache.hadoop.net.NetUtils.connect(NetUtils.java:586)
	at org.apache.hadoop.ipc.Client$Connection.setupConnection(Client.java:701)
	at org.apache.hadoop.ipc.Client$Connection.setupIOstreams(Client.java:822)
	at org.apache.hadoop.ipc.Client$Connection.access$3800(Client.java:414)
	at org.apache.hadoop.ipc.Client.getConnection(Client.java:1647)
	at org.apache.hadoop.ipc.Client.call(Client.java:1463)
	... 12 more
2021-09-28 01:16:10,703 [Datanode State Machine Thread - 0] ERROR datanode.RunningDatanodeState (RunningDatanodeState.java:computeNextContainerState(199)) - Error in executing end point task.
java.util.concurrent.ExecutionException: java.util.concurrent.TimeoutException
	at java.util.concurrent.FutureTask.report(FutureTask.java:122)
	at java.util.concurrent.FutureTask.get(FutureTask.java:192)
	at org.apache.hadoop.ozone.container.common.states.datanode.RunningDatanodeState.computeNextContainerState(RunningDatanodeState.java:191)
	at org.apache.hadoop.ozone.container.common.states.datanode.RunningDatanodeState.await(RunningDatanodeState.java:231)
	at org.apache.hadoop.ozone.container.common.states.datanode.RunningDatanodeState.await(RunningDatanodeState.java:50)
	at org.apache.hadoop.ozone.container.common.statemachine.StateContext.execute(StateContext.java:629)
	at org.apache.hadoop.ozone.container.common.statemachine.DatanodeStateMachine.start(DatanodeStateMachine.java:270)
	at org.apache.hadoop.ozone.container.common.statemachine.DatanodeStateMachine.lambda$startDaemon$0(DatanodeStateMachine.java:457)
	at java.lang.Thread.run(Thread.java:748)
Caused by: java.util.concurrent.TimeoutException
	at java.util.concurrent.FutureTask.get(FutureTask.java:205)
	at org.apache.hadoop.ozone.container.common.states.datanode.RunningDatanodeState.lambda$execute$0(RunningDatanodeState.java:149)
	at java.util.concurrent.FutureTask.run(FutureTask.java:266)
	at java.util.concurrent.Executors$RunnableAdapter.call(Executors.java:511)
	at java.util.concurrent.FutureTask.run(FutureTask.java:266)
	at java.util.concurrent.ThreadPoolExecutor.runWorker(ThreadPoolExecutor.java:1149)
	at java.util.concurrent.ThreadPoolExecutor$Worker.run(ThreadPoolExecutor.java:624)
	... 1 more
2021-09-28 01:16:10,782 [EndpointStateMachine task thread for /127.0.0.1:15967 - 0 ] INFO  ipc.Client (Client.java:handleConnectionFailure(977)) - Retrying connect to server: localhost/127.0.0.1:15967. Already tried 14 time(s); retry policy is RetryUpToMaximumCountWithFixedSleep(maxRetries=15, sleepTime=1000 MILLISECONDS)
2021-09-28 01:16:10,783 [EndpointStateMachine task thread for /127.0.0.1:15967 - 0 ] WARN  statemachine.EndpointStateMachine (EndpointStateMachine.java:logIfNeeded(236)) - Unable to communicate to SCM server at localhost:15967 for past 0 seconds.
java.net.ConnectException: Call From fv-az50-883/10.1.0.25 to localhost:15967 failed on connection exception: java.net.ConnectException: Connection refused; For more details see:  http://wiki.apache.org/hadoop/ConnectionRefused
	at sun.reflect.NativeConstructorAccessorImpl.newInstance0(Native Method)
	at sun.reflect.NativeConstructorAccessorImpl.newInstance(NativeConstructorAccessorImpl.java:62)
	at sun.reflect.DelegatingConstructorAccessorImpl.newInstance(DelegatingConstructorAccessorImpl.java:45)
	at java.lang.reflect.Constructor.newInstance(Constructor.java:423)
	at org.apache.hadoop.net.NetUtils.wrapWithMessage(NetUtils.java:913)
	at org.apache.hadoop.net.NetUtils.wrapException(NetUtils.java:828)
	at org.apache.hadoop.ipc.Client.getRpcResponse(Client.java:1577)
	at org.apache.hadoop.ipc.Client.call(Client.java:1519)
	at org.apache.hadoop.ipc.Client.call(Client.java:1416)
	at org.apache.hadoop.ipc.ProtobufRpcEngine$Invoker.invoke(ProtobufRpcEngine.java:236)
	at org.apache.hadoop.ipc.ProtobufRpcEngine$Invoker.invoke(ProtobufRpcEngine.java:123)
	at com.sun.proxy.$Proxy48.submitRequest(Unknown Source)
	at org.apache.hadoop.ozone.protocolPB.StorageContainerDatanodeProtocolClientSideTranslatorPB.submitRequest(StorageContainerDatanodeProtocolClientSideTranslatorPB.java:117)
	at org.apache.hadoop.ozone.protocolPB.StorageContainerDatanodeProtocolClientSideTranslatorPB.sendHeartbeat(StorageContainerDatanodeProtocolClientSideTranslatorPB.java:149)
	at org.apache.hadoop.ozone.container.common.states.endpoint.HeartbeatEndpointTask.call(HeartbeatEndpointTask.java:179)
	at org.apache.hadoop.ozone.container.common.states.endpoint.HeartbeatEndpointTask.call(HeartbeatEndpointTask.java:82)
	at java.util.concurrent.FutureTask.run(FutureTask.java:266)
	at java.util.concurrent.ThreadPoolExecutor.runWorker(ThreadPoolExecutor.java:1149)
	at java.util.concurrent.ThreadPoolExecutor$Worker.run(ThreadPoolExecutor.java:624)
	at java.lang.Thread.run(Thread.java:748)
Caused by: java.net.ConnectException: Connection refused
	at sun.nio.ch.SocketChannelImpl.checkConnect(Native Method)
	at sun.nio.ch.SocketChannelImpl.finishConnect(SocketChannelImpl.java:716)
	at org.apache.hadoop.net.SocketIOWithTimeout.connect(SocketIOWithTimeout.java:206)
	at org.apache.hadoop.net.NetUtils.connect(NetUtils.java:586)
	at org.apache.hadoop.ipc.Client$Connection.setupConnection(Client.java:701)
	at org.apache.hadoop.ipc.Client$Connection.setupIOstreams(Client.java:822)
	at org.apache.hadoop.ipc.Client$Connection.access$3800(Client.java:414)
	at org.apache.hadoop.ipc.Client.getConnection(Client.java:1647)
	at org.apache.hadoop.ipc.Client.call(Client.java:1463)
	... 12 more
2021-09-28 01:16:11,348 [4b364075-9b58-4908-a5b5-f5e156ea742e@group-8E9138349E05-LeaderStateImpl] INFO  server.RaftServer$Division (ServerState.java:setRaftConf(387)) - 4b364075-9b58-4908-a5b5-f5e156ea742e@group-8E9138349E05: set configuration 25: [d8916934-e70a-4a30-a7a2-2d11d7c4fe10|rpc:localhost:14244|priority:0, 1970bdcd-bd96-4495-88a5-6eaf9ec039da|rpc:localhost:14234|priority:0, 4b364075-9b58-4908-a5b5-f5e156ea742e|rpc:localhost:14224|admin:|client:|dataStream:|priority:0], old=[1970bdcd-bd96-4495-88a5-6eaf9ec039da|rpc:localhost:14234|priority:0, 4b364075-9b58-4908-a5b5-f5e156ea742e|rpc:localhost:14224|admin:|client:|dataStream:|priority:0]
2021-09-28 01:16:11,350 [grpc-default-executor-3] INFO  server.RaftServer$Division (ServerState.java:setRaftConf(387)) - 1970bdcd-bd96-4495-88a5-6eaf9ec039da@group-8E9138349E05: set configuration 25: [d8916934-e70a-4a30-a7a2-2d11d7c4fe10|rpc:localhost:14244|admin:|client:|dataStream:|priority:0, 1970bdcd-bd96-4495-88a5-6eaf9ec039da|rpc:localhost:14234|admin:|client:|dataStream:|priority:0, 4b364075-9b58-4908-a5b5-f5e156ea742e|rpc:localhost:14224|admin:|client:|dataStream:|priority:0], old=[1970bdcd-bd96-4495-88a5-6eaf9ec039da|rpc:localhost:14234|admin:|client:|dataStream:|priority:0, 4b364075-9b58-4908-a5b5-f5e156ea742e|rpc:localhost:14224|admin:|client:|dataStream:|priority:0]
2021-09-28 01:16:11,352 [grpc-default-executor-3] INFO  server.RaftServer$Division (ServerState.java:setRaftConf(387)) - d8916934-e70a-4a30-a7a2-2d11d7c4fe10@group-8E9138349E05: set configuration 25: [d8916934-e70a-4a30-a7a2-2d11d7c4fe10|rpc:localhost:14244|admin:|client:|dataStream:|priority:0, 1970bdcd-bd96-4495-88a5-6eaf9ec039da|rpc:localhost:14234|admin:|client:|dataStream:|priority:0, 4b364075-9b58-4908-a5b5-f5e156ea742e|rpc:localhost:14224|admin:|client:|dataStream:|priority:0], old=[1970bdcd-bd96-4495-88a5-6eaf9ec039da|rpc:localhost:14234|admin:|client:|dataStream:|priority:0, 4b364075-9b58-4908-a5b5-f5e156ea742e|rpc:localhost:14224|admin:|client:|dataStream:|priority:0]
2021-09-28 01:16:11,352 [grpc-default-executor-3] INFO  segmented.SegmentedRaftLogWorker (SegmentedRaftLogWorker.java:startLogSegment(394)) - d8916934-e70a-4a30-a7a2-2d11d7c4fe10@group-8E9138349E05-SegmentedRaftLogWorker: Starting segment from index:25
2021-09-28 01:16:11,355 [4b364075-9b58-4908-a5b5-f5e156ea742e@group-8E9138349E05-LeaderStateImpl] INFO  server.RaftServer$Division (ServerState.java:setRaftConf(387)) - 4b364075-9b58-4908-a5b5-f5e156ea742e@group-8E9138349E05: set configuration 27: [d8916934-e70a-4a30-a7a2-2d11d7c4fe10|rpc:localhost:14244|priority:0, 1970bdcd-bd96-4495-88a5-6eaf9ec039da|rpc:localhost:14234|priority:0, 4b364075-9b58-4908-a5b5-f5e156ea742e|rpc:localhost:14224|admin:|client:|dataStream:|priority:0], old=null
2021-09-28 01:16:11,355 [d8916934-e70a-4a30-a7a2-2d11d7c4fe10@group-8E9138349E05-SegmentedRaftLogWorker] INFO  segmented.SegmentedRaftLogWorker (SegmentedRaftLogWorker.java:execute(601)) - d8916934-e70a-4a30-a7a2-2d11d7c4fe10@group-8E9138349E05-SegmentedRaftLogWorker: created new log segment /home/runner/work/ozone/ozone/hadoop-ozone/integration-test/target/test-dir/MiniOzoneClusterImpl-4882f729-1751-4fe5-a7fb-8e9138349e05/scmNode-3/scm-ha/4882f729-1751-4fe5-a7fb-8e9138349e05/current/log_inprogress_25
2021-09-28 01:16:11,356 [grpc-default-executor-1] INFO  server.RaftServer$Division (ServerState.java:setRaftConf(387)) - 1970bdcd-bd96-4495-88a5-6eaf9ec039da@group-8E9138349E05: set configuration 27: [d8916934-e70a-4a30-a7a2-2d11d7c4fe10|rpc:localhost:14244|admin:|client:|dataStream:|priority:0, 1970bdcd-bd96-4495-88a5-6eaf9ec039da|rpc:localhost:14234|admin:|client:|dataStream:|priority:0, 4b364075-9b58-4908-a5b5-f5e156ea742e|rpc:localhost:14224|admin:|client:|dataStream:|priority:0], old=null
2021-09-28 01:16:11,356 [4b364075-9b58-4908-a5b5-f5e156ea742e@group-8E9138349E05-StateMachineUpdater] INFO  ha.SCMStateMachine (SCMStateMachine.java:takeSnapshot(290)) - Current Snapshot Index 25, takeSnapshot took 2 ms
2021-09-28 01:16:11,357 [4b364075-9b58-4908-a5b5-f5e156ea742e@group-8E9138349E05-StateMachineUpdater] INFO  impl.StateMachineUpdater (StateMachineUpdater.java:takeSnapshot(281)) - 4b364075-9b58-4908-a5b5-f5e156ea742e@group-8E9138349E05-StateMachineUpdater: Took a snapshot at index 25
2021-09-28 01:16:11,357 [4b364075-9b58-4908-a5b5-f5e156ea742e@group-8E9138349E05-StateMachineUpdater] INFO  impl.StateMachineUpdater (StateMachineUpdater.java:lambda$new$0(89)) - 4b364075-9b58-4908-a5b5-f5e156ea742e@group-8E9138349E05-StateMachineUpdater: snapshotIndex: updateIncreasingly 20 -> 25
2021-09-28 01:16:11,357 [4b364075-9b58-4908-a5b5-f5e156ea742e@group-8E9138349E05-StateMachineUpdater] INFO  raftlog.RaftLog (RaftLogBase.java:purge(306)) - 4b364075-9b58-4908-a5b5-f5e156ea742e@group-8E9138349E05-SegmentedRaftLog: purge 25
2021-09-28 01:16:11,357 [4b364075-9b58-4908-a5b5-f5e156ea742e@group-8E9138349E05-StateMachineUpdater] INFO  raftlog.RaftLog (RaftLogBase.java:lambda$new$0(53)) - 4b364075-9b58-4908-a5b5-f5e156ea742e@group-8E9138349E05-SegmentedRaftLog: snapshotIndex: updateIncreasingly 20 -> 25
2021-09-28 01:16:11,357 [4b364075-9b58-4908-a5b5-f5e156ea742e@group-8E9138349E05-StateMachineUpdater] INFO  raftlog.RaftLog (RaftLogBase.java:lambda$new$0(53)) - 4b364075-9b58-4908-a5b5-f5e156ea742e@group-8E9138349E05-SegmentedRaftLog: purgeIndex: updateToMax old=20, new=25, updated? true
2021-09-28 01:16:11,357 [grpc-default-executor-3] INFO  server.RaftServer$Division (ServerState.java:setRaftConf(387)) - d8916934-e70a-4a30-a7a2-2d11d7c4fe10@group-8E9138349E05: set configuration 27: [d8916934-e70a-4a30-a7a2-2d11d7c4fe10|rpc:localhost:14244|admin:|client:|dataStream:|priority:0, 1970bdcd-bd96-4495-88a5-6eaf9ec039da|rpc:localhost:14234|admin:|client:|dataStream:|priority:0, 4b364075-9b58-4908-a5b5-f5e156ea742e|rpc:localhost:14224|admin:|client:|dataStream:|priority:0], old=null
2021-09-28 01:16:11,370 [aff66e22-6e70-443d-9eb4-a88275d3a955@group-0C6976726A89-FollowerState] INFO  impl.FollowerState (FollowerState.java:run(134)) - aff66e22-6e70-443d-9eb4-a88275d3a955@group-0C6976726A89-FollowerState: change to CANDIDATE, lastRpcElapsedTime:5044672237ns, electionTimeout:5042ms
2021-09-28 01:16:11,370 [aff66e22-6e70-443d-9eb4-a88275d3a955@group-0C6976726A89-FollowerState] INFO  impl.RoleInfo (RoleInfo.java:shutdownFollowerState(108)) - aff66e22-6e70-443d-9eb4-a88275d3a955: shutdown aff66e22-6e70-443d-9eb4-a88275d3a955@group-0C6976726A89-FollowerState
2021-09-28 01:16:11,370 [aff66e22-6e70-443d-9eb4-a88275d3a955@group-0C6976726A89-FollowerState] INFO  server.RaftServer$Division (RaftServerImpl.java:setRole(285)) - aff66e22-6e70-443d-9eb4-a88275d3a955@group-0C6976726A89: changes role from  FOLLOWER to CANDIDATE at term 3 for changeToCandidate
2021-09-28 01:16:11,370 [1970bdcd-bd96-4495-88a5-6eaf9ec039da@group-8E9138349E05-StateMachineUpdater] INFO  ha.SCMStateMachine (SCMStateMachine.java:takeSnapshot(290)) - Current Snapshot Index 25, takeSnapshot took 0 ms
2021-09-28 01:16:11,370 [1970bdcd-bd96-4495-88a5-6eaf9ec039da@group-8E9138349E05-StateMachineUpdater] INFO  impl.StateMachineUpdater (StateMachineUpdater.java:takeSnapshot(281)) - 1970bdcd-bd96-4495-88a5-6eaf9ec039da@group-8E9138349E05-StateMachineUpdater: Took a snapshot at index 25
2021-09-28 01:16:11,370 [1970bdcd-bd96-4495-88a5-6eaf9ec039da@group-8E9138349E05-StateMachineUpdater] INFO  impl.StateMachineUpdater (StateMachineUpdater.java:lambda$new$0(89)) - 1970bdcd-bd96-4495-88a5-6eaf9ec039da@group-8E9138349E05-StateMachineUpdater: snapshotIndex: updateIncreasingly 20 -> 25
2021-09-28 01:16:11,370 [1970bdcd-bd96-4495-88a5-6eaf9ec039da@group-8E9138349E05-StateMachineUpdater] INFO  raftlog.RaftLog (RaftLogBase.java:purge(306)) - 1970bdcd-bd96-4495-88a5-6eaf9ec039da@group-8E9138349E05-SegmentedRaftLog: purge 25
2021-09-28 01:16:11,370 [1970bdcd-bd96-4495-88a5-6eaf9ec039da@group-8E9138349E05-StateMachineUpdater] INFO  raftlog.RaftLog (RaftLogBase.java:lambda$new$0(53)) - 1970bdcd-bd96-4495-88a5-6eaf9ec039da@group-8E9138349E05-SegmentedRaftLog: snapshotIndex: updateIncreasingly 20 -> 25
2021-09-28 01:16:11,370 [1970bdcd-bd96-4495-88a5-6eaf9ec039da@group-8E9138349E05-StateMachineUpdater] INFO  raftlog.RaftLog (RaftLogBase.java:lambda$new$0(53)) - 1970bdcd-bd96-4495-88a5-6eaf9ec039da@group-8E9138349E05-SegmentedRaftLog: purgeIndex: updateToMax old=20, new=25, updated? true
2021-09-28 01:16:11,376 [IPC Server handler 37 on default port 14226] INFO  ha.SCMRatisServerImpl (SCMRatisServerImpl.java:addSCM(302)) - Successfully added new SCM: d8916934-e70a-4a30-a7a2-2d11d7c4fe10.
2021-09-28 01:16:11,377 [Listener at 127.0.0.1/13700] INFO  ha.SCMHAManagerImpl (SCMHAManagerImpl.java:start(116)) - Successfully added SCM scmNode-3 to group group-8E9138349E05:[d8916934-e70a-4a30-a7a2-2d11d7c4fe10|rpc:localhost:14244|admin:|client:|dataStream:|priority:0, 1970bdcd-bd96-4495-88a5-6eaf9ec039da|rpc:localhost:14234|admin:|client:|dataStream:|priority:0, 4b364075-9b58-4908-a5b5-f5e156ea742e|rpc:localhost:14224|admin:|client:|dataStream:|priority:0]
2021-09-28 01:16:11,377 [Listener at 127.0.0.1/13700] INFO  ha.InterSCMGrpcService (InterSCMGrpcProtocolService.java:start(94)) - Starting SCM Grpc Service at port 14248
2021-09-28 01:16:11,378 [Listener at 127.0.0.1/13700] INFO  impl.MetricsSystemImpl (MetricsSystemImpl.java:init(158)) - StorageContainerManager metrics system started (again)
2021-09-28 01:16:11,390 [EndpointStateMachine task thread for /127.0.0.1:15957 - 0 ] INFO  ipc.Client (Client.java:handleConnectionFailure(977)) - Retrying connect to server: localhost/127.0.0.1:15957. Already tried 14 time(s); retry policy is RetryUpToMaximumCountWithFixedSleep(maxRetries=15, sleepTime=1000 MILLISECONDS)
2021-09-28 01:16:11,393 [aff66e22-6e70-443d-9eb4-a88275d3a955@group-0C6976726A89-FollowerState] INFO  server.RaftServerConfigKeys (ConfUtils.java:logGet(44)) - raft.server.leaderelection.pre-vote = false (custom)
2021-09-28 01:16:11,393 [aff66e22-6e70-443d-9eb4-a88275d3a955@group-0C6976726A89-FollowerState] INFO  impl.RoleInfo (RoleInfo.java:updateAndGet(130)) - aff66e22-6e70-443d-9eb4-a88275d3a955: start aff66e22-6e70-443d-9eb4-a88275d3a955@group-0C6976726A89-LeaderElection25
2021-09-28 01:16:11,393 [d8916934-e70a-4a30-a7a2-2d11d7c4fe10@group-8E9138349E05-StateMachineUpdater] INFO  safemode.HealthyPipelineSafeModeRule (HealthyPipelineSafeModeRule.java:initializeRule(152)) - Refreshed total pipeline count is 1, healthy pipeline threshold count is 1
2021-09-28 01:16:11,394 [d8916934-e70a-4a30-a7a2-2d11d7c4fe10@group-8E9138349E05-StateMachineUpdater] INFO  safemode.ContainerSafeModeRule (ContainerSafeModeRule.java:reInitializeRule(177)) - Refreshed one replica container threshold 0, currentThreshold 0
2021-09-28 01:16:11,394 [d8916934-e70a-4a30-a7a2-2d11d7c4fe10@group-8E9138349E05-StateMachineUpdater] INFO  safemode.OneReplicaPipelineSafeModeRule (OneReplicaPipelineSafeModeRule.java:initializeRule(176)) - Refreshed Total pipeline count is 1, pipeline's with at least one datanode reported threshold count is 1
2021-09-28 01:16:11,394 [d8916934-e70a-4a30-a7a2-2d11d7c4fe10@group-8E9138349E05-StateMachineUpdater] INFO  server.SCMDatanodeProtocolServer (SCMDatanodeProtocolServer.java:start(181)) - RPC server for DataNodes is listening at /0.0.0.0:14245
2021-09-28 01:16:11,396 [682f795c-fd6e-4513-96f4-ff699a8baeca@group-0C6976726A89-FollowerState] INFO  impl.FollowerState (FollowerState.java:run(134)) - 682f795c-fd6e-4513-96f4-ff699a8baeca@group-0C6976726A89-FollowerState: change to CANDIDATE, lastRpcElapsedTime:5068792477ns, electionTimeout:5061ms
2021-09-28 01:16:11,396 [682f795c-fd6e-4513-96f4-ff699a8baeca@group-0C6976726A89-FollowerState] INFO  impl.RoleInfo (RoleInfo.java:shutdownFollowerState(108)) - 682f795c-fd6e-4513-96f4-ff699a8baeca: shutdown 682f795c-fd6e-4513-96f4-ff699a8baeca@group-0C6976726A89-FollowerState
2021-09-28 01:16:11,396 [682f795c-fd6e-4513-96f4-ff699a8baeca@group-0C6976726A89-FollowerState] INFO  server.RaftServer$Division (RaftServerImpl.java:setRole(285)) - 682f795c-fd6e-4513-96f4-ff699a8baeca@group-0C6976726A89: changes role from  FOLLOWER to CANDIDATE at term 3 for changeToCandidate
2021-09-28 01:16:11,396 [682f795c-fd6e-4513-96f4-ff699a8baeca@group-0C6976726A89-FollowerState] INFO  server.RaftServerConfigKeys (ConfUtils.java:logGet(44)) - raft.server.leaderelection.pre-vote = false (custom)
2021-09-28 01:16:11,396 [682f795c-fd6e-4513-96f4-ff699a8baeca@group-0C6976726A89-FollowerState] INFO  impl.RoleInfo (RoleInfo.java:updateAndGet(130)) - 682f795c-fd6e-4513-96f4-ff699a8baeca: start 682f795c-fd6e-4513-96f4-ff699a8baeca@group-0C6976726A89-LeaderElection26
2021-09-28 01:16:11,401 [aff66e22-6e70-443d-9eb4-a88275d3a955@group-0C6976726A89-LeaderElection25] INFO  impl.LeaderElection (LeaderElection.java:askForVotes(306)) - aff66e22-6e70-443d-9eb4-a88275d3a955@group-0C6976726A89-LeaderElection25 ELECTION round 0: submit vote requests at term 4 for -1: [a68edfa1-dc1a-41e9-a365-15c521233673|rpc:127.0.0.1:40889|dataStream:|priority:0, 682f795c-fd6e-4513-96f4-ff699a8baeca|rpc:127.0.0.1:41003|dataStream:|priority:0, aff66e22-6e70-443d-9eb4-a88275d3a955|rpc:127.0.0.1:45375|dataStream:|priority:1], old=null
2021-09-28 01:16:11,429 [Listener at 127.0.0.1/13700] INFO  server.SCMClientProtocolServer (SCMClientProtocolServer.java:start(164)) - RPC server for Client  is listening at /0.0.0.0:14247
2021-09-28 01:16:11,430 [IPC Server Responder] INFO  ipc.Server (Server.java:run(1507)) - IPC Server Responder: starting
2021-09-28 01:16:11,431 [IPC Server listener on 14247] INFO  ipc.Server (Server.java:run(1344)) - IPC Server listener on 14247: starting
2021-09-28 01:16:11,433 [Listener at 127.0.0.1/13700] INFO  server.StorageContainerManager (StorageContainerManager.java:start(1294)) - ScmBlockLocationProtocol RPC server is listening at /0.0.0.0:14246
2021-09-28 01:16:11,433 [Listener at 127.0.0.1/13700] INFO  server.SCMBlockProtocolServer (SCMBlockProtocolServer.java:start(151)) - RPC server for Block Protocol is listening at /0.0.0.0:14246
2021-09-28 01:16:11,433 [IPC Server Responder] INFO  ipc.Server (Server.java:run(1507)) - IPC Server Responder: starting
2021-09-28 01:16:11,434 [IPC Server listener on 14246] INFO  ipc.Server (Server.java:run(1344)) - IPC Server listener on 14246: starting
2021-09-28 01:16:11,487 [a68edfa1-dc1a-41e9-a365-15c521233673@group-0C6976726A89-FollowerState] INFO  impl.FollowerState (FollowerState.java:run(134)) - a68edfa1-dc1a-41e9-a365-15c521233673@group-0C6976726A89-FollowerState: change to CANDIDATE, lastRpcElapsedTime:5171298349ns, electionTimeout:5170ms
2021-09-28 01:16:11,487 [a68edfa1-dc1a-41e9-a365-15c521233673@group-0C6976726A89-FollowerState] INFO  impl.RoleInfo (RoleInfo.java:shutdownFollowerState(108)) - a68edfa1-dc1a-41e9-a365-15c521233673: shutdown a68edfa1-dc1a-41e9-a365-15c521233673@group-0C6976726A89-FollowerState
2021-09-28 01:16:11,487 [a68edfa1-dc1a-41e9-a365-15c521233673@group-0C6976726A89-FollowerState] INFO  server.RaftServer$Division (RaftServerImpl.java:setRole(285)) - a68edfa1-dc1a-41e9-a365-15c521233673@group-0C6976726A89: changes role from  FOLLOWER to CANDIDATE at term 3 for changeToCandidate
2021-09-28 01:16:11,494 [Listener at 127.0.0.1/13700] INFO  server.StorageContainerManager (StorageContainerManager.java:start(1300)) - ScmDatanodeProtocl RPC server is listening at /0.0.0.0:14245
2021-09-28 01:16:11,502 [a68edfa1-dc1a-41e9-a365-15c521233673@group-0C6976726A89-FollowerState] INFO  server.RaftServerConfigKeys (ConfUtils.java:logGet(44)) - raft.server.leaderelection.pre-vote = false (custom)
2021-09-28 01:16:11,502 [a68edfa1-dc1a-41e9-a365-15c521233673@group-0C6976726A89-FollowerState] INFO  impl.RoleInfo (RoleInfo.java:updateAndGet(130)) - a68edfa1-dc1a-41e9-a365-15c521233673: start a68edfa1-dc1a-41e9-a365-15c521233673@group-0C6976726A89-LeaderElection27
2021-09-28 01:16:11,502 [Listener at 127.0.0.1/13700] INFO  http.BaseHttpServer (BaseHttpServer.java:newHttpServer2BuilderForOzone(209)) - Starting Web-server for scm at: http://0.0.0.0:14242
2021-09-28 01:16:11,502 [Listener at 127.0.0.1/13700] INFO  http.BaseHttpServer (BaseHttpServer.java:<init>(107)) - Hadoop Security Enabled: false Ozone Security Enabled: false Ozone HTTP Security Enabled: false 
2021-09-28 01:16:11,504 [Listener at 127.0.0.1/13700] INFO  server.AuthenticationFilter (AuthenticationFilter.java:constructSecretProvider(240)) - Unable to initialize FileSignerSecretProvider, falling back to use random secrets.
2021-09-28 01:16:11,504 [grpc-default-executor-0] INFO  server.RaftServer$Division (RaftServerImpl.java:requestVote(1043)) - a68edfa1-dc1a-41e9-a365-15c521233673@group-0C6976726A89: receive requestVote(ELECTION, aff66e22-6e70-443d-9eb4-a88275d3a955, group-0C6976726A89, 4, (t:0, i:0))
2021-09-28 01:16:11,504 [grpc-default-executor-3] INFO  server.RaftServer$Division (RaftServerImpl.java:requestVote(1043)) - 682f795c-fd6e-4513-96f4-ff699a8baeca@group-0C6976726A89: receive requestVote(ELECTION, aff66e22-6e70-443d-9eb4-a88275d3a955, group-0C6976726A89, 4, (t:0, i:0))
2021-09-28 01:16:11,504 [org.apache.hadoop.util.JvmPauseMonitor$Monitor@6e0ae02d] INFO  util.JvmPauseMonitor (JvmPauseMonitor.java:run(188)) - Starting JVM pause monitor
2021-09-28 01:16:11,505 [682f795c-fd6e-4513-96f4-ff699a8baeca@group-0C6976726A89-LeaderElection26] INFO  impl.LeaderElection (LeaderElection.java:askForVotes(306)) - 682f795c-fd6e-4513-96f4-ff699a8baeca@group-0C6976726A89-LeaderElection26 ELECTION round 0: submit vote requests at term 4 for -1: [a68edfa1-dc1a-41e9-a365-15c521233673|rpc:127.0.0.1:40889|dataStream:|priority:0, 682f795c-fd6e-4513-96f4-ff699a8baeca|rpc:127.0.0.1:41003|dataStream:|priority:0, aff66e22-6e70-443d-9eb4-a88275d3a955|rpc:127.0.0.1:45375|dataStream:|priority:1], old=null
2021-09-28 01:16:11,505 [grpc-default-executor-3] INFO  impl.VoteContext (VoteContext.java:log(48)) - 682f795c-fd6e-4513-96f4-ff699a8baeca@group-0C6976726A89-CANDIDATE: reject ELECTION from aff66e22-6e70-443d-9eb4-a88275d3a955: already has voted for 682f795c-fd6e-4513-96f4-ff699a8baeca at current term 4
2021-09-28 01:16:11,505 [grpc-default-executor-3] INFO  server.RaftServer$Division (RaftServerImpl.java:requestVote(1075)) - 682f795c-fd6e-4513-96f4-ff699a8baeca@group-0C6976726A89 replies to ELECTION vote request: aff66e22-6e70-443d-9eb4-a88275d3a955<-682f795c-fd6e-4513-96f4-ff699a8baeca#0:FAIL-t4. Peer's state: 682f795c-fd6e-4513-96f4-ff699a8baeca@group-0C6976726A89:t4, leader=null, voted=682f795c-fd6e-4513-96f4-ff699a8baeca, raftlog=682f795c-fd6e-4513-96f4-ff699a8baeca@group-0C6976726A89-SegmentedRaftLog:OPENED:c-1,f-1,i0, conf=-1: [a68edfa1-dc1a-41e9-a365-15c521233673|rpc:127.0.0.1:40889|dataStream:|priority:0, 682f795c-fd6e-4513-96f4-ff699a8baeca|rpc:127.0.0.1:41003|dataStream:|priority:0, aff66e22-6e70-443d-9eb4-a88275d3a955|rpc:127.0.0.1:45375|dataStream:|priority:1], old=null
2021-09-28 01:16:11,518 [IPC Server Responder] INFO  ipc.Server (Server.java:run(1507)) - IPC Server Responder: starting
2021-09-28 01:16:11,519 [grpc-default-executor-0] INFO  impl.VoteContext (VoteContext.java:log(48)) - a68edfa1-dc1a-41e9-a365-15c521233673@group-0C6976726A89-CANDIDATE: accept ELECTION from aff66e22-6e70-443d-9eb4-a88275d3a955: our priority 0 <= candidate's priority 1
2021-09-28 01:16:11,522 [grpc-default-executor-0] INFO  server.RaftServer$Division (RaftServerImpl.java:setRole(285)) - a68edfa1-dc1a-41e9-a365-15c521233673@group-0C6976726A89: changes role from CANDIDATE to FOLLOWER at term 4 for candidate:aff66e22-6e70-443d-9eb4-a88275d3a955
2021-09-28 01:16:11,522 [grpc-default-executor-0] INFO  impl.RoleInfo (RoleInfo.java:shutdownLeaderElection(121)) - a68edfa1-dc1a-41e9-a365-15c521233673: shutdown a68edfa1-dc1a-41e9-a365-15c521233673@group-0C6976726A89-LeaderElection27
2021-09-28 01:16:11,526 [grpc-default-executor-3] INFO  server.RaftServer$Division (RaftServerImpl.java:requestVote(1043)) - a68edfa1-dc1a-41e9-a365-15c521233673@group-0C6976726A89: receive requestVote(ELECTION, 682f795c-fd6e-4513-96f4-ff699a8baeca, group-0C6976726A89, 4, (t:0, i:0))
2021-09-28 01:16:11,535 [grpc-default-executor-1] INFO  server.RaftServer$Division (RaftServerImpl.java:requestVote(1043)) - aff66e22-6e70-443d-9eb4-a88275d3a955@group-0C6976726A89: receive requestVote(ELECTION, 682f795c-fd6e-4513-96f4-ff699a8baeca, group-0C6976726A89, 4, (t:0, i:0))
2021-09-28 01:16:11,535 [grpc-default-executor-1] INFO  impl.VoteContext (VoteContext.java:log(48)) - aff66e22-6e70-443d-9eb4-a88275d3a955@group-0C6976726A89-CANDIDATE: reject ELECTION from 682f795c-fd6e-4513-96f4-ff699a8baeca: already has voted for aff66e22-6e70-443d-9eb4-a88275d3a955 at current term 4
2021-09-28 01:16:11,535 [grpc-default-executor-1] INFO  server.RaftServer$Division (RaftServerImpl.java:requestVote(1075)) - aff66e22-6e70-443d-9eb4-a88275d3a955@group-0C6976726A89 replies to ELECTION vote request: 682f795c-fd6e-4513-96f4-ff699a8baeca<-aff66e22-6e70-443d-9eb4-a88275d3a955#0:FAIL-t4. Peer's state: aff66e22-6e70-443d-9eb4-a88275d3a955@group-0C6976726A89:t4, leader=null, voted=aff66e22-6e70-443d-9eb4-a88275d3a955, raftlog=aff66e22-6e70-443d-9eb4-a88275d3a955@group-0C6976726A89-SegmentedRaftLog:OPENED:c-1,f-1,i0, conf=-1: [a68edfa1-dc1a-41e9-a365-15c521233673|rpc:127.0.0.1:40889|dataStream:|priority:0, 682f795c-fd6e-4513-96f4-ff699a8baeca|rpc:127.0.0.1:41003|dataStream:|priority:0, aff66e22-6e70-443d-9eb4-a88275d3a955|rpc:127.0.0.1:45375|dataStream:|priority:1], old=null
2021-09-28 01:16:11,536 [Listener at 127.0.0.1/13700] WARN  http.HttpRequestLog (HttpRequestLog.java:getRequestLog(103)) - Jetty request log can only be enabled using Log4j
2021-09-28 01:16:11,537 [Listener at 127.0.0.1/13700] INFO  http.HttpServer2 (HttpServer2.java:addGlobalFilter(1030)) - Added global filter 'safety' (class=org.apache.hadoop.hdds.server.http.HttpServer2$QuotingInputFilter)
2021-09-28 01:16:11,538 [Listener at 127.0.0.1/13700] INFO  http.HttpServer2 (HttpServer2.java:addFilter(1006)) - Added filter static_user_filter (class=org.apache.hadoop.http.lib.StaticUserWebFilter$StaticUserFilter) to context scm
2021-09-28 01:16:11,538 [Listener at 127.0.0.1/13700] INFO  http.HttpServer2 (HttpServer2.java:addFilter(1014)) - Added filter static_user_filter (class=org.apache.hadoop.http.lib.StaticUserWebFilter$StaticUserFilter) to context logs
2021-09-28 01:16:11,538 [Listener at 127.0.0.1/13700] INFO  http.HttpServer2 (HttpServer2.java:addFilter(1014)) - Added filter static_user_filter (class=org.apache.hadoop.http.lib.StaticUserWebFilter$StaticUserFilter) to context static
2021-09-28 01:16:11,539 [Listener at 127.0.0.1/13700] INFO  http.HttpServer2 (HttpServer2.java:bindListener(1249)) - Jetty bound to port 14242
2021-09-28 01:16:11,539 [Listener at 127.0.0.1/13700] INFO  server.Server (Server.java:doStart(375)) - jetty-9.4.43.v20210629; built: 2021-06-30T11:07:22.254Z; git: 526006ecfa3af7f1a27ef3a288e2bef7ea9dd7e8; jvm 1.8.0_292-b10
2021-09-28 01:16:11,554 [Listener at 127.0.0.1/13700] INFO  server.session (DefaultSessionIdManager.java:doStart(334)) - DefaultSessionIdManager workerName=node0
2021-09-28 01:16:11,554 [Listener at 127.0.0.1/13700] INFO  server.session (DefaultSessionIdManager.java:doStart(339)) - No SessionScavenger set, using defaults
2021-09-28 01:16:11,555 [Listener at 127.0.0.1/13700] INFO  server.session (HouseKeeper.java:startScavenging(132)) - node0 Scavenging every 600000ms
2021-09-28 01:16:11,565 [Listener at 127.0.0.1/13700] INFO  handler.ContextHandler (ContextHandler.java:doStart(915)) - Started o.e.j.s.ServletContextHandler@3d02feb6{logs,/logs,file:///home/runner/work/ozone/ozone/hadoop-ozone/integration-test/target/log,AVAILABLE}
2021-09-28 01:16:11,566 [Listener at 127.0.0.1/13700] INFO  handler.ContextHandler (ContextHandler.java:doStart(915)) - Started o.e.j.s.ServletContextHandler@38b24746{static,/static,file:///home/runner/work/ozone/ozone/hadoop-ozone/integration-test/target/test-classes/webapps/static,AVAILABLE}
2021-09-28 01:16:11,566 [EndpointStateMachine task thread for /127.0.0.1:15977 - 0 ] INFO  ipc.Client (Client.java:handleConnectionFailure(977)) - Retrying connect to server: localhost/127.0.0.1:15977. Already tried 0 time(s); retry policy is RetryUpToMaximumCountWithFixedSleep(maxRetries=15, sleepTime=1000 MILLISECONDS)
2021-09-28 01:16:11,570 [Listener at 127.0.0.1/13700] INFO  handler.ContextHandler (ContextHandler.java:doStart(915)) - Started o.e.j.w.WebAppContext@3466cba1{scm,/,file:///home/runner/work/ozone/ozone/hadoop-ozone/integration-test/target/test-classes/webapps/scm/,AVAILABLE}{file:/home/runner/work/ozone/ozone/hadoop-ozone/integration-test/target/test-classes/webapps/scm}
2021-09-28 01:16:11,575 [IPC Server listener on 14245] INFO  ipc.Server (Server.java:run(1344)) - IPC Server listener on 14245: starting
2021-09-28 01:16:11,570 [682f795c-fd6e-4513-96f4-ff699a8baeca@group-0C6976726A89-LeaderElection26] INFO  impl.LeaderElection (LeaderElection.java:logAndReturn(89)) - 682f795c-fd6e-4513-96f4-ff699a8baeca@group-0C6976726A89-LeaderElection26: ELECTION REJECTED received 1 response(s) and 0 exception(s):
2021-09-28 01:16:11,570 [grpc-default-executor-0] INFO  impl.RoleInfo (RoleInfo.java:updateAndGet(130)) - a68edfa1-dc1a-41e9-a365-15c521233673: start a68edfa1-dc1a-41e9-a365-15c521233673@group-0C6976726A89-FollowerState
2021-09-28 01:16:11,591 [682f795c-fd6e-4513-96f4-ff699a8baeca@group-0C6976726A89-LeaderElection26] INFO  impl.LeaderElection (LeaderElection.java:logAndReturn(93)) -   Response 0: 682f795c-fd6e-4513-96f4-ff699a8baeca<-aff66e22-6e70-443d-9eb4-a88275d3a955#0:FAIL-t4
2021-09-28 01:16:11,583 [Listener at 127.0.0.1/13700] INFO  server.AbstractConnector (AbstractConnector.java:doStart(331)) - Started ServerConnector@34146b8c{HTTP/1.1, (http/1.1)}{0.0.0.0:14242}
2021-09-28 01:16:11,592 [Listener at 127.0.0.1/13700] INFO  server.Server (Server.java:doStart(415)) - Started @108795ms
2021-09-28 01:16:11,593 [Listener at 127.0.0.1/13700] WARN  impl.MetricsSystemImpl (MetricsSystemImpl.java:register(279)) - Sink prometheus already exists!
2021-09-28 01:16:11,593 [Listener at 127.0.0.1/13700] INFO  http.BaseHttpServer (BaseHttpServer.java:updateConnectorAddress(329)) - HTTP server of scm listening at http://0.0.0.0:14242
2021-09-28 01:16:11,594 [Listener at 127.0.0.1/13700] INFO  safemode.SCMSafeModeManager (SCMSafeModeManager.java:exitSafeMode(248)) - SCM exiting safe mode.
2021-09-28 01:16:11,594 [682f795c-fd6e-4513-96f4-ff699a8baeca@group-0C6976726A89-LeaderElection26] INFO  impl.LeaderElection (LeaderElection.java:askForVotes(308)) - 682f795c-fd6e-4513-96f4-ff699a8baeca@group-0C6976726A89-LeaderElection26 ELECTION round 0: result REJECTED
2021-09-28 01:16:11,594 [682f795c-fd6e-4513-96f4-ff699a8baeca@group-0C6976726A89-LeaderElection26] INFO  server.RaftServer$Division (RaftServerImpl.java:setRole(285)) - 682f795c-fd6e-4513-96f4-ff699a8baeca@group-0C6976726A89: changes role from CANDIDATE to FOLLOWER at term 4 for REJECTED
2021-09-28 01:16:11,594 [682f795c-fd6e-4513-96f4-ff699a8baeca@group-0C6976726A89-LeaderElection26] INFO  impl.RoleInfo (RoleInfo.java:shutdownLeaderElection(121)) - 682f795c-fd6e-4513-96f4-ff699a8baeca: shutdown 682f795c-fd6e-4513-96f4-ff699a8baeca@group-0C6976726A89-LeaderElection26
2021-09-28 01:16:11,594 [682f795c-fd6e-4513-96f4-ff699a8baeca@group-0C6976726A89-LeaderElection26] INFO  impl.RoleInfo (RoleInfo.java:updateAndGet(130)) - 682f795c-fd6e-4513-96f4-ff699a8baeca: start 682f795c-fd6e-4513-96f4-ff699a8baeca@group-0C6976726A89-FollowerState
2021-09-28 01:16:11,594 [Listener at 127.0.0.1/13700] WARN  events.EventQueue (EventQueue.java:fireEvent(194)) - No event handler registered for event TypedEvent{payloadType=SafeModeStatus, name='Safe mode status'}
2021-09-28 01:16:11,594 [Listener at 127.0.0.1/13700] INFO  ha.SCMContext (SCMContext.java:updateSafeModeStatus(205)) - Update SafeModeStatus from SafeModeStatus{safeModeStatus=true, preCheckPassed=false} to SafeModeStatus{safeModeStatus=false, preCheckPassed=true}.
2021-09-28 01:16:11,596 [grpc-default-executor-0] INFO  server.RaftServer$Division (RaftServerImpl.java:requestVote(1075)) - a68edfa1-dc1a-41e9-a365-15c521233673@group-0C6976726A89 replies to ELECTION vote request: aff66e22-6e70-443d-9eb4-a88275d3a955<-a68edfa1-dc1a-41e9-a365-15c521233673#0:OK-t4. Peer's state: a68edfa1-dc1a-41e9-a365-15c521233673@group-0C6976726A89:t4, leader=null, voted=aff66e22-6e70-443d-9eb4-a88275d3a955, raftlog=a68edfa1-dc1a-41e9-a365-15c521233673@group-0C6976726A89-SegmentedRaftLog:OPENED:c-1,f-1,i0, conf=-1: [a68edfa1-dc1a-41e9-a365-15c521233673|rpc:127.0.0.1:40889|priority:0, 682f795c-fd6e-4513-96f4-ff699a8baeca|rpc:127.0.0.1:41003|priority:0, aff66e22-6e70-443d-9eb4-a88275d3a955|rpc:127.0.0.1:45375|priority:1], old=null
2021-09-28 01:16:11,596 [grpc-default-executor-3] INFO  impl.VoteContext (VoteContext.java:log(48)) - a68edfa1-dc1a-41e9-a365-15c521233673@group-0C6976726A89-FOLLOWER: reject ELECTION from 682f795c-fd6e-4513-96f4-ff699a8baeca: already has voted for aff66e22-6e70-443d-9eb4-a88275d3a955 at current term 4
2021-09-28 01:16:11,597 [grpc-default-executor-3] INFO  server.RaftServer$Division (RaftServerImpl.java:requestVote(1075)) - a68edfa1-dc1a-41e9-a365-15c521233673@group-0C6976726A89 replies to ELECTION vote request: 682f795c-fd6e-4513-96f4-ff699a8baeca<-a68edfa1-dc1a-41e9-a365-15c521233673#0:FAIL-t4. Peer's state: a68edfa1-dc1a-41e9-a365-15c521233673@group-0C6976726A89:t4, leader=null, voted=aff66e22-6e70-443d-9eb4-a88275d3a955, raftlog=a68edfa1-dc1a-41e9-a365-15c521233673@group-0C6976726A89-SegmentedRaftLog:OPENED:c-1,f-1,i0, conf=-1: [a68edfa1-dc1a-41e9-a365-15c521233673|rpc:127.0.0.1:40889|priority:0, 682f795c-fd6e-4513-96f4-ff699a8baeca|rpc:127.0.0.1:41003|priority:0, aff66e22-6e70-443d-9eb4-a88275d3a955|rpc:127.0.0.1:45375|priority:1], old=null
2021-09-28 01:16:11,603 [aff66e22-6e70-443d-9eb4-a88275d3a955@group-0C6976726A89-LeaderElection25] INFO  impl.LeaderElection (LeaderElection.java:logAndReturn(89)) - aff66e22-6e70-443d-9eb4-a88275d3a955@group-0C6976726A89-LeaderElection25: ELECTION PASSED received 2 response(s) and 0 exception(s):
2021-09-28 01:16:11,603 [aff66e22-6e70-443d-9eb4-a88275d3a955@group-0C6976726A89-LeaderElection25] INFO  impl.LeaderElection (LeaderElection.java:logAndReturn(93)) -   Response 0: aff66e22-6e70-443d-9eb4-a88275d3a955<-a68edfa1-dc1a-41e9-a365-15c521233673#0:OK-t4
2021-09-28 01:16:11,603 [aff66e22-6e70-443d-9eb4-a88275d3a955@group-0C6976726A89-LeaderElection25] INFO  impl.LeaderElection (LeaderElection.java:logAndReturn(93)) -   Response 1: aff66e22-6e70-443d-9eb4-a88275d3a955<-682f795c-fd6e-4513-96f4-ff699a8baeca#0:FAIL-t4
2021-09-28 01:16:11,603 [aff66e22-6e70-443d-9eb4-a88275d3a955@group-0C6976726A89-LeaderElection25] INFO  impl.LeaderElection (LeaderElection.java:askForVotes(308)) - aff66e22-6e70-443d-9eb4-a88275d3a955@group-0C6976726A89-LeaderElection25 ELECTION round 0: result PASSED
2021-09-28 01:16:11,603 [aff66e22-6e70-443d-9eb4-a88275d3a955@group-0C6976726A89-LeaderElection25] INFO  impl.RoleInfo (RoleInfo.java:shutdownLeaderElection(121)) - aff66e22-6e70-443d-9eb4-a88275d3a955: shutdown aff66e22-6e70-443d-9eb4-a88275d3a955@group-0C6976726A89-LeaderElection25
2021-09-28 01:16:11,604 [aff66e22-6e70-443d-9eb4-a88275d3a955@group-0C6976726A89-LeaderElection25] INFO  server.RaftServer$Division (RaftServerImpl.java:setRole(285)) - aff66e22-6e70-443d-9eb4-a88275d3a955@group-0C6976726A89: changes role from CANDIDATE to LEADER at term 4 for changeToLeader
2021-09-28 01:16:11,614 [aff66e22-6e70-443d-9eb4-a88275d3a955@group-0C6976726A89-LeaderElection25] INFO  ratis.XceiverServerRatis (XceiverServerRatis.java:handleLeaderChangedNotification(860)) - Leader change notification received for group: group-0C6976726A89 with new leaderId: aff66e22-6e70-443d-9eb4-a88275d3a955
2021-09-28 01:16:11,610 [Listener at 127.0.0.1/13700] INFO  db.RDBCheckpointManager (RDBCheckpointManager.java:createCheckpoint(86)) - Created checkpoint at /home/runner/work/ozone/ozone/hadoop-ozone/integration-test/target/test-dir/MiniOzoneClusterImpl-4882f729-1751-4fe5-a7fb-8e9138349e05/scmNode-1/db.checkpoints/scm.db_checkpoint_1632791771595 in 15 milliseconds
2021-09-28 01:16:11,616 [EventQueue-PipelineReportForPipelineReportHandler] INFO  pipeline.PipelineManagerImpl (PipelineManagerImpl.java:openPipeline(282)) - Pipeline Pipeline[ Id: 079304ac-6366-4ac1-b056-0c6976726a89, Nodes: a68edfa1-dc1a-41e9-a365-15c521233673{ip: 127.0.0.1, host: localhost, ports: [REPLICATION=39703, RATIS=40889, RATIS_ADMIN=40889, RATIS_SERVER=40889, STANDALONE=41617], networkLocation: /default-rack, certSerialId: null, persistedOpState: IN_SERVICE, persistedOpStateExpiryEpochSec: 0}682f795c-fd6e-4513-96f4-ff699a8baeca{ip: 127.0.0.1, host: localhost, ports: [REPLICATION=42951, RATIS=41003, RATIS_ADMIN=41003, RATIS_SERVER=41003, STANDALONE=40119], networkLocation: /default-rack, certSerialId: null, persistedOpState: IN_SERVICE, persistedOpStateExpiryEpochSec: 0}aff66e22-6e70-443d-9eb4-a88275d3a955{ip: 127.0.0.1, host: localhost, ports: [REPLICATION=35555, RATIS=45375, RATIS_ADMIN=45375, RATIS_SERVER=45375, STANDALONE=37017], networkLocation: /default-rack, certSerialId: null, persistedOpState: IN_SERVICE, persistedOpStateExpiryEpochSec: 0}, ReplicationConfig: RATIS/THREE, State:ALLOCATED, leaderId:aff66e22-6e70-443d-9eb4-a88275d3a955, CreationTimestamp2021-09-28T01:15:48.641Z[Etc/UTC]] moved to OPEN state
2021-09-28 01:16:11,616 [EventQueue-PipelineReportForPipelineReportHandler] INFO  ha.SCMHAInvocationHandler (SCMHAInvocationHandler.java:invokeRatis(113)) - Invoking method public abstract void org.apache.hadoop.hdds.scm.pipeline.StateManager.updatePipelineState(org.apache.hadoop.hdds.protocol.proto.HddsProtos$PipelineID,org.apache.hadoop.hdds.protocol.proto.HddsProtos$PipelineState) throws java.io.IOException on target org.apache.hadoop.hdds.scm.ha.SCMRatisServerImpl@4224adaf, cost 226.701us
2021-09-28 01:16:11,616 [EventQueue-OpenPipelineForHealthyPipelineSafeModeRule] INFO  safemode.SCMSafeModeManager (HealthyPipelineSafeModeRule.java:process(124)) - SCM in safe mode. Healthy pipelines reported count is 1, required healthy pipeline reported count is 1
2021-09-28 01:16:11,616 [EventQueue-OpenPipelineForHealthyPipelineSafeModeRule] INFO  safemode.SCMSafeModeManager (SCMSafeModeManager.java:validateSafeModeExitRules(204)) - HealthyPipelineSafeModeRule rule is successfully validated
2021-09-28 01:16:11,617 [EventQueue-OpenPipelineForHealthyPipelineSafeModeRule] INFO  safemode.SCMSafeModeManager (SCMSafeModeManager.java:validateSafeModeExitRules(219)) - ScmSafeModeManager, all rules are successfully validated
2021-09-28 01:16:11,617 [EventQueue-OpenPipelineForHealthyPipelineSafeModeRule] INFO  safemode.SCMSafeModeManager (SCMSafeModeManager.java:exitSafeMode(248)) - SCM exiting safe mode.
2021-09-28 01:16:11,607 [EndpointStateMachine task thread for /127.0.0.1:14245 - 0 ] INFO  ozoneimpl.OzoneContainer (OzoneContainer.java:start(300)) - Ignore. OzoneContainer already started.
2021-09-28 01:16:11,607 [IPC Server handler 5 on default port 14245] INFO  ipc.Server (Server.java:run(1026)) - IPC Server handler 5 on default port 14245: skipped Call#272 Retry#0 org.apache.hadoop.ozone.protocol.StorageContainerDatanodeProtocol.submitRequest from 127.0.0.1:48588
2021-09-28 01:16:11,617 [IPC Server handler 5 on default port 14245] INFO  ipc.Server (Server.java:run(1026)) - IPC Server handler 5 on default port 14245: skipped Call#309 Retry#0 org.apache.hadoop.ozone.protocol.StorageContainerDatanodeProtocol.submitRequest from 127.0.0.1:48628
2021-09-28 01:16:11,617 [IPC Server handler 5 on default port 14245] INFO  ipc.Server (Server.java:run(1026)) - IPC Server handler 5 on default port 14245: skipped Call#342 Retry#0 org.apache.hadoop.ozone.protocol.StorageContainerDatanodeProtocol.submitRequest from 127.0.0.1:48666
2021-09-28 01:16:11,617 [IPC Server handler 5 on default port 14245] INFO  ipc.Server (Server.java:run(1026)) - IPC Server handler 5 on default port 14245: skipped Call#208 Retry#0 org.apache.hadoop.ozone.protocol.StorageContainerDatanodeProtocol.submitRequest from 127.0.0.1:48486
2021-09-28 01:16:11,617 [IPC Server handler 5 on default port 14245] INFO  ipc.Server (Server.java:run(1026)) - IPC Server handler 5 on default port 14245: skipped Call#228 Retry#0 org.apache.hadoop.ozone.protocol.StorageContainerDatanodeProtocol.submitRequest from 127.0.0.1:48538
2021-09-28 01:16:11,617 [IPC Server handler 5 on default port 14245] INFO  ipc.Server (Server.java:run(1026)) - IPC Server handler 5 on default port 14245: skipped Call#273 Retry#0 org.apache.hadoop.ozone.protocol.StorageContainerDatanodeProtocol.submitRequest from 127.0.0.1:48588
2021-09-28 01:16:11,617 [IPC Server handler 5 on default port 14245] INFO  ipc.Server (Server.java:run(1026)) - IPC Server handler 5 on default port 14245: skipped Call#310 Retry#0 org.apache.hadoop.ozone.protocol.StorageContainerDatanodeProtocol.submitRequest from 127.0.0.1:48628
2021-09-28 01:16:11,617 [IPC Server handler 5 on default port 14245] INFO  ipc.Server (Server.java:run(1026)) - IPC Server handler 5 on default port 14245: skipped Call#343 Retry#0 org.apache.hadoop.ozone.protocol.StorageContainerDatanodeProtocol.submitRequest from 127.0.0.1:48666
2021-09-28 01:16:11,617 [IPC Server handler 5 on default port 14245] INFO  ipc.Server (Server.java:run(1026)) - IPC Server handler 5 on default port 14245: skipped Call#210 Retry#0 org.apache.hadoop.ozone.protocol.StorageContainerDatanodeProtocol.submitRequest from 127.0.0.1:48486
2021-09-28 01:16:11,605 [IPC Server handler 6 on default port 14245] INFO  ipc.Server (Server.java:run(1026)) - IPC Server handler 6 on default port 14245: skipped Call#227 Retry#0 org.apache.hadoop.ozone.protocol.StorageContainerDatanodeProtocol.submitRequest from 127.0.0.1:48538
2021-09-28 01:16:11,604 [IPC Server handler 4 on default port 14245] INFO  ipc.Server (Server.java:run(1026)) - IPC Server handler 4 on default port 14245: skipped Call#203 Retry#0 org.apache.hadoop.ozone.protocol.StorageContainerDatanodeProtocol.submitRequest from 127.0.0.1:48486
2021-09-28 01:16:11,604 [IPC Server handler 3 on default port 14245] INFO  ipc.Server (Server.java:run(1026)) - IPC Server handler 3 on default port 14245: skipped Call#341 Retry#0 org.apache.hadoop.ozone.protocol.StorageContainerDatanodeProtocol.submitRequest from 127.0.0.1:48666
2021-09-28 01:16:11,604 [IPC Server handler 2 on default port 14245] INFO  ipc.Server (Server.java:run(1026)) - IPC Server handler 2 on default port 14245: skipped Call#308 Retry#0 org.apache.hadoop.ozone.protocol.StorageContainerDatanodeProtocol.submitRequest from 127.0.0.1:48628
2021-09-28 01:16:11,604 [IPC Server handler 1 on default port 14245] INFO  ipc.Server (Server.java:run(1026)) - IPC Server handler 1 on default port 14245: skipped Call#271 Retry#0 org.apache.hadoop.ozone.protocol.StorageContainerDatanodeProtocol.submitRequest from 127.0.0.1:48588
2021-09-28 01:16:11,604 [IPC Server handler 0 on default port 14245] INFO  ipc.Server (Server.java:run(1026)) - IPC Server handler 0 on default port 14245: skipped Call#226 Retry#0 org.apache.hadoop.ozone.protocol.StorageContainerDatanodeProtocol.submitRequest from 127.0.0.1:48538
2021-09-28 01:16:11,618 [EndpointStateMachine task thread for /127.0.0.1:14245 - 0 ] INFO  ozoneimpl.OzoneContainer (OzoneContainer.java:start(300)) - Ignore. OzoneContainer already started.
2021-09-28 01:16:11,617 [EventQueue-OpenPipelineForHealthyPipelineSafeModeRule] WARN  events.EventQueue (EventQueue.java:fireEvent(194)) - No event handler registered for event TypedEvent{payloadType=SafeModeStatus, name='Safe mode status'}
2021-09-28 01:16:11,616 [EventQueue-PipelineReportForPipelineReportHandler] INFO  pipeline.PipelineManagerImpl (PipelineManagerImpl.java:openPipeline(282)) - Pipeline Pipeline[ Id: 079304ac-6366-4ac1-b056-0c6976726a89, Nodes: a68edfa1-dc1a-41e9-a365-15c521233673{ip: 127.0.0.1, host: localhost, ports: [REPLICATION=39703, RATIS=40889, RATIS_ADMIN=40889, RATIS_SERVER=40889, STANDALONE=41617], networkLocation: /default-rack, certSerialId: null, persistedOpState: IN_SERVICE, persistedOpStateExpiryEpochSec: 0}682f795c-fd6e-4513-96f4-ff699a8baeca{ip: 127.0.0.1, host: localhost, ports: [REPLICATION=42951, RATIS=41003, RATIS_ADMIN=41003, RATIS_SERVER=41003, STANDALONE=40119], networkLocation: /default-rack, certSerialId: null, persistedOpState: IN_SERVICE, persistedOpStateExpiryEpochSec: 0}aff66e22-6e70-443d-9eb4-a88275d3a955{ip: 127.0.0.1, host: localhost, ports: [REPLICATION=35555, RATIS=45375, RATIS_ADMIN=45375, RATIS_SERVER=45375, STANDALONE=37017], networkLocation: /default-rack, certSerialId: null, persistedOpState: IN_SERVICE, persistedOpStateExpiryEpochSec: 0}, ReplicationConfig: RATIS/THREE, State:ALLOCATED, leaderId:aff66e22-6e70-443d-9eb4-a88275d3a955, CreationTimestamp2021-09-28T01:15:48.641Z[Etc/UTC]] moved to OPEN state
2021-09-28 01:16:11,614 [aff66e22-6e70-443d-9eb4-a88275d3a955@group-0C6976726A89-LeaderElection25] INFO  server.RaftServer$Division (ServerState.java:setLeader(285)) - aff66e22-6e70-443d-9eb4-a88275d3a955@group-0C6976726A89: change Leader from null to aff66e22-6e70-443d-9eb4-a88275d3a955 at term 4 for becomeLeader, leader elected after 20668ms
2021-09-28 01:16:11,618 [aff66e22-6e70-443d-9eb4-a88275d3a955@group-0C6976726A89-LeaderElection25] INFO  server.RaftServerConfigKeys (ConfUtils.java:logGet(44)) - raft.server.staging.catchup.gap = 1000 (default)
2021-09-28 01:16:11,619 [aff66e22-6e70-443d-9eb4-a88275d3a955@group-0C6976726A89-LeaderElection25] INFO  server.RaftServerConfigKeys (ConfUtils.java:logGet(44)) - raft.server.write.element-limit = 1024 (custom)
2021-09-28 01:16:11,619 [aff66e22-6e70-443d-9eb4-a88275d3a955@group-0C6976726A89-LeaderElection25] INFO  server.RaftServerConfigKeys (ConfUtils.java:logGet(44)) - raft.server.write.byte-limit = 1024 M (=1073741824) (custom)
2021-09-28 01:16:11,619 [EndpointStateMachine task thread for /127.0.0.1:14245 - 0 ] INFO  ozoneimpl.OzoneContainer (OzoneContainer.java:start(300)) - Ignore. OzoneContainer already started.
2021-09-28 01:16:11,618 [EventQueue-OpenPipelineForHealthyPipelineSafeModeRule] INFO  ha.SCMContext (SCMContext.java:updateSafeModeStatus(205)) - Update SafeModeStatus from SafeModeStatus{safeModeStatus=true, preCheckPassed=true} to SafeModeStatus{safeModeStatus=false, preCheckPassed=true}.
2021-09-28 01:16:11,619 [aff66e22-6e70-443d-9eb4-a88275d3a955@group-0C6976726A89-LeaderElection25] INFO  server.RaftServerConfigKeys (ConfUtils.java:logGet(44)) - raft.server.watch.timeout = 180s (custom)
2021-09-28 01:16:11,619 [aff66e22-6e70-443d-9eb4-a88275d3a955@group-0C6976726A89-LeaderElection25] INFO  server.RaftServerConfigKeys (ConfUtils.java:logGet(44)) - raft.server.watch.timeout.denomination = 1s (default)
2021-09-28 01:16:11,619 [aff66e22-6e70-443d-9eb4-a88275d3a955@group-0C6976726A89-LeaderElection25] INFO  server.RaftServerConfigKeys (ConfUtils.java:logGet(44)) - raft.server.watch.element-limit = 65536 (default)
2021-09-28 01:16:11,620 [aff66e22-6e70-443d-9eb4-a88275d3a955@group-0C6976726A89-LeaderElection25] INFO  server.RaftServerConfigKeys (ConfUtils.java:logGet(44)) - raft.server.log.appender.snapshot.chunk.size.max = 16MB (=16777216) (default)
2021-09-28 01:16:11,620 [aff66e22-6e70-443d-9eb4-a88275d3a955@group-0C6976726A89-LeaderElection25] INFO  server.RaftServerConfigKeys (ConfUtils.java:logGet(44)) - raft.server.log.appender.buffer.byte-limit = 33554432 (custom)
2021-09-28 01:16:11,620 [aff66e22-6e70-443d-9eb4-a88275d3a955@group-0C6976726A89-LeaderElection25] INFO  server.RaftServerConfigKeys (ConfUtils.java:logGet(44)) - raft.server.log.appender.buffer.element-limit = 1 (custom)
2021-09-28 01:16:11,620 [aff66e22-6e70-443d-9eb4-a88275d3a955@group-0C6976726A89-LeaderElection25] INFO  grpc.GrpcConfigKeys (ConfUtils.java:logGet(44)) - raft.grpc.server.leader.outstanding.appends.max = 128 (default)
2021-09-28 01:16:11,620 [aff66e22-6e70-443d-9eb4-a88275d3a955@group-0C6976726A89-LeaderElection25] INFO  server.RaftServerConfigKeys (ConfUtils.java:logGet(44)) - raft.server.rpc.request.timeout = 60s (custom)
2021-09-28 01:16:11,620 [aff66e22-6e70-443d-9eb4-a88275d3a955@group-0C6976726A89-LeaderElection25] INFO  server.RaftServerConfigKeys (ConfUtils.java:logGet(44)) - raft.server.log.appender.install.snapshot.enabled = false (custom)
2021-09-28 01:16:11,621 [aff66e22-6e70-443d-9eb4-a88275d3a955@group-0C6976726A89-LeaderElection25] INFO  server.RaftServerConfigKeys (ConfUtils.java:logGet(44)) - raft.server.log.appender.snapshot.chunk.size.max = 16MB (=16777216) (default)
2021-09-28 01:16:11,621 [aff66e22-6e70-443d-9eb4-a88275d3a955@group-0C6976726A89-LeaderElection25] INFO  server.RaftServerConfigKeys (ConfUtils.java:logGet(44)) - raft.server.log.appender.buffer.byte-limit = 33554432 (custom)
2021-09-28 01:16:11,624 [aff66e22-6e70-443d-9eb4-a88275d3a955@group-0C6976726A89-LeaderElection25] INFO  server.RaftServerConfigKeys (ConfUtils.java:logGet(44)) - raft.server.log.appender.buffer.element-limit = 1 (custom)
2021-09-28 01:16:11,631 [aff66e22-6e70-443d-9eb4-a88275d3a955@group-0C6976726A89-LeaderElection25] INFO  grpc.GrpcConfigKeys (ConfUtils.java:logGet(44)) - raft.grpc.server.leader.outstanding.appends.max = 128 (default)
2021-09-28 01:16:11,631 [aff66e22-6e70-443d-9eb4-a88275d3a955@group-0C6976726A89-LeaderElection25] INFO  server.RaftServerConfigKeys (ConfUtils.java:logGet(44)) - raft.server.rpc.request.timeout = 60s (custom)
2021-09-28 01:16:11,631 [aff66e22-6e70-443d-9eb4-a88275d3a955@group-0C6976726A89-LeaderElection25] INFO  server.RaftServerConfigKeys (ConfUtils.java:logGet(44)) - raft.server.log.appender.install.snapshot.enabled = false (custom)
2021-09-28 01:16:11,632 [aff66e22-6e70-443d-9eb4-a88275d3a955@group-0C6976726A89-LeaderElection25] INFO  impl.RoleInfo (RoleInfo.java:updateAndGet(130)) - aff66e22-6e70-443d-9eb4-a88275d3a955: start aff66e22-6e70-443d-9eb4-a88275d3a955@group-0C6976726A89-LeaderStateImpl
2021-09-28 01:16:11,632 [aff66e22-6e70-443d-9eb4-a88275d3a955@group-0C6976726A89-LeaderElection25] INFO  segmented.SegmentedRaftLogWorker (SegmentedRaftLogWorker.java:startLogSegment(394)) - aff66e22-6e70-443d-9eb4-a88275d3a955@group-0C6976726A89-SegmentedRaftLogWorker: Starting segment from index:0
2021-09-28 01:16:11,634 [EventQueue-PipelineReportForPipelineReportHandler] INFO  ha.SCMHAInvocationHandler (SCMHAInvocationHandler.java:invokeRatis(113)) - Invoking method public abstract void org.apache.hadoop.hdds.scm.pipeline.StateManager.updatePipelineState(org.apache.hadoop.hdds.protocol.proto.HddsProtos$PipelineID,org.apache.hadoop.hdds.protocol.proto.HddsProtos$PipelineState) throws java.io.IOException on target org.apache.hadoop.hdds.scm.ha.SCMRatisServerImpl@144ecc26, cost 15823.427us
2021-09-28 01:16:11,646 [d8916934-e70a-4a30-a7a2-2d11d7c4fe10@group-8E9138349E05-StateMachineUpdater] ERROR impl.StateMachineUpdater (StateMachineUpdater.java:run(191)) - d8916934-e70a-4a30-a7a2-2d11d7c4fe10@group-8E9138349E05-StateMachineUpdater caught a Throwable.
java.lang.IllegalStateException: d8916934-e70a-4a30-a7a2-2d11d7c4fe10: Failed updateLastAppliedTermIndex: newTI = (t:2, i:28) < oldTI = (t:2, i:128)
	at org.apache.ratis.util.Preconditions.assertTrue(Preconditions.java:72)
	at org.apache.ratis.statemachine.impl.BaseStateMachine.updateLastAppliedTermIndex(BaseStateMachine.java:142)
	at org.apache.hadoop.hdds.scm.ha.SCMStateMachine.notifyTermIndexUpdated(SCMStateMachine.java:303)
	at org.apache.ratis.server.impl.RaftServerImpl.applyLogToStateMachine(RaftServerImpl.java:1669)
	at org.apache.ratis.server.impl.StateMachineUpdater.applyLog(StateMachineUpdater.java:234)
	at org.apache.ratis.server.impl.StateMachineUpdater.run(StateMachineUpdater.java:179)
	at java.lang.Thread.run(Thread.java:748)
2021-09-28 01:16:11,646 [d8916934-e70a-4a30-a7a2-2d11d7c4fe10@group-8E9138349E05-StateMachineUpdater] INFO  server.RaftServer$Division (RaftServerImpl.java:lambda$close$4(407)) - d8916934-e70a-4a30-a7a2-2d11d7c4fe10@group-8E9138349E05: shutdown
2021-09-28 01:16:11,646 [d8916934-e70a-4a30-a7a2-2d11d7c4fe10@group-8E9138349E05-StateMachineUpdater] INFO  util.JmxRegister (JmxRegister.java:unregister(73)) - Successfully un-registered JMX Bean with object name Ratis:service=RaftServer,group=group-8E9138349E05,id=d8916934-e70a-4a30-a7a2-2d11d7c4fe10
2021-09-28 01:16:11,646 [d8916934-e70a-4a30-a7a2-2d11d7c4fe10@group-8E9138349E05-StateMachineUpdater] INFO  impl.RoleInfo (RoleInfo.java:shutdownFollowerState(108)) - d8916934-e70a-4a30-a7a2-2d11d7c4fe10: shutdown d8916934-e70a-4a30-a7a2-2d11d7c4fe10@group-8E9138349E05-FollowerState
2021-09-28 01:16:11,660 [4b364075-9b58-4908-a5b5-f5e156ea742e@group-8E9138349E05-StateMachineUpdater] INFO  ha.SCMStateMachine (SCMStateMachine.java:takeSnapshot(290)) - Current Snapshot Index 30, takeSnapshot took 0 ms
2021-09-28 01:16:11,660 [4b364075-9b58-4908-a5b5-f5e156ea742e@group-8E9138349E05-StateMachineUpdater] INFO  impl.StateMachineUpdater (StateMachineUpdater.java:takeSnapshot(281)) - 4b364075-9b58-4908-a5b5-f5e156ea742e@group-8E9138349E05-StateMachineUpdater: Took a snapshot at index 30
2021-09-28 01:16:11,660 [4b364075-9b58-4908-a5b5-f5e156ea742e@group-8E9138349E05-StateMachineUpdater] INFO  impl.StateMachineUpdater (StateMachineUpdater.java:lambda$new$0(89)) - 4b364075-9b58-4908-a5b5-f5e156ea742e@group-8E9138349E05-StateMachineUpdater: snapshotIndex: updateIncreasingly 25 -> 30
2021-09-28 01:16:11,660 [4b364075-9b58-4908-a5b5-f5e156ea742e@group-8E9138349E05-StateMachineUpdater] INFO  raftlog.RaftLog (RaftLogBase.java:purge(306)) - 4b364075-9b58-4908-a5b5-f5e156ea742e@group-8E9138349E05-SegmentedRaftLog: purge 30
2021-09-28 01:16:11,660 [4b364075-9b58-4908-a5b5-f5e156ea742e@group-8E9138349E05-StateMachineUpdater] INFO  raftlog.RaftLog (RaftLogBase.java:lambda$new$0(53)) - 4b364075-9b58-4908-a5b5-f5e156ea742e@group-8E9138349E05-SegmentedRaftLog: snapshotIndex: updateIncreasingly 25 -> 30
2021-09-28 01:16:11,660 [4b364075-9b58-4908-a5b5-f5e156ea742e@group-8E9138349E05-StateMachineUpdater] INFO  raftlog.RaftLog (RaftLogBase.java:lambda$new$0(53)) - 4b364075-9b58-4908-a5b5-f5e156ea742e@group-8E9138349E05-SegmentedRaftLog: purgeIndex: updateToMax old=25, new=30, updated? true
2021-09-28 01:16:11,660 [aff66e22-6e70-443d-9eb4-a88275d3a955@group-0C6976726A89-SegmentedRaftLogWorker] INFO  segmented.SegmentedRaftLogWorker (SegmentedRaftLogWorker.java:execute(601)) - aff66e22-6e70-443d-9eb4-a88275d3a955@group-0C6976726A89-SegmentedRaftLogWorker: created new log segment /home/runner/work/ozone/ozone/hadoop-ozone/integration-test/target/test-dir/MiniOzoneClusterImpl-4882f729-1751-4fe5-a7fb-8e9138349e05/datanode-2/data/ratis/079304ac-6366-4ac1-b056-0c6976726a89/current/log_inprogress_0
2021-09-28 01:16:11,661 [d8916934-e70a-4a30-a7a2-2d11d7c4fe10@group-8E9138349E05-FollowerState] INFO  impl.FollowerState (FollowerState.java:run(143)) - d8916934-e70a-4a30-a7a2-2d11d7c4fe10@group-8E9138349E05-FollowerState was interrupted: {}
java.lang.InterruptedException: sleep interrupted
	at java.lang.Thread.sleep(Native Method)
	at java.lang.Thread.sleep(Thread.java:340)
	at java.util.concurrent.TimeUnit.sleep(TimeUnit.java:386)
	at org.apache.ratis.util.TimeDuration.sleep(TimeDuration.java:324)
	at org.apache.ratis.util.TimeDuration.sleep(TimeDuration.java:309)
	at org.apache.ratis.server.impl.FollowerState.run(FollowerState.java:118)
2021-09-28 01:16:11,669 [d8916934-e70a-4a30-a7a2-2d11d7c4fe10@group-8E9138349E05-StateMachineUpdater] INFO  server.RaftServer$Division (ServerState.java:close(419)) - d8916934-e70a-4a30-a7a2-2d11d7c4fe10@group-8E9138349E05: closes. applyIndex: 28
2021-09-28 01:16:11,672 [d8916934-e70a-4a30-a7a2-2d11d7c4fe10@group-8E9138349E05-SegmentedRaftLogWorker] INFO  segmented.SegmentedRaftLogWorker (SegmentedRaftLogWorker.java:run(327)) - d8916934-e70a-4a30-a7a2-2d11d7c4fe10@group-8E9138349E05-SegmentedRaftLogWorker was interrupted, exiting. There are 0 tasks remaining in the queue.
2021-09-28 01:16:11,673 [d8916934-e70a-4a30-a7a2-2d11d7c4fe10@group-8E9138349E05-StateMachineUpdater] INFO  segmented.SegmentedRaftLogWorker (SegmentedRaftLogWorker.java:close(237)) - d8916934-e70a-4a30-a7a2-2d11d7c4fe10@group-8E9138349E05-SegmentedRaftLogWorker close()
2021-09-28 01:16:11,674 [aff66e22-6e70-443d-9eb4-a88275d3a955@group-0C6976726A89-LeaderElection25] INFO  server.RaftServer$Division (ServerState.java:setRaftConf(387)) - aff66e22-6e70-443d-9eb4-a88275d3a955@group-0C6976726A89: set configuration 0: [a68edfa1-dc1a-41e9-a365-15c521233673|rpc:127.0.0.1:40889|dataStream:|priority:0, 682f795c-fd6e-4513-96f4-ff699a8baeca|rpc:127.0.0.1:41003|dataStream:|priority:0, aff66e22-6e70-443d-9eb4-a88275d3a955|rpc:127.0.0.1:45375|dataStream:|priority:1], old=null
2021-09-28 01:16:11,686 [grpc-default-executor-0] INFO  ratis.XceiverServerRatis (XceiverServerRatis.java:handleLeaderChangedNotification(860)) - Leader change notification received for group: group-0C6976726A89 with new leaderId: aff66e22-6e70-443d-9eb4-a88275d3a955
2021-09-28 01:16:11,686 [grpc-default-executor-0] INFO  server.RaftServer$Division (ServerState.java:setLeader(285)) - a68edfa1-dc1a-41e9-a365-15c521233673@group-0C6976726A89: change Leader from null to aff66e22-6e70-443d-9eb4-a88275d3a955 at term 4 for appendEntries, leader elected after 20855ms
2021-09-28 01:16:11,687 [grpc-default-executor-3] INFO  ratis.XceiverServerRatis (XceiverServerRatis.java:handleLeaderChangedNotification(860)) - Leader change notification received for group: group-0C6976726A89 with new leaderId: aff66e22-6e70-443d-9eb4-a88275d3a955
2021-09-28 01:16:11,687 [grpc-default-executor-3] INFO  server.RaftServer$Division (ServerState.java:setLeader(285)) - 682f795c-fd6e-4513-96f4-ff699a8baeca@group-0C6976726A89: change Leader from null to aff66e22-6e70-443d-9eb4-a88275d3a955 at term 4 for appendEntries, leader elected after 20796ms
2021-09-28 01:16:11,688 [grpc-default-executor-0] INFO  server.RaftServer$Division (ServerState.java:setRaftConf(387)) - a68edfa1-dc1a-41e9-a365-15c521233673@group-0C6976726A89: set configuration 0: [a68edfa1-dc1a-41e9-a365-15c521233673|rpc:127.0.0.1:40889|dataStream:|priority:0, 682f795c-fd6e-4513-96f4-ff699a8baeca|rpc:127.0.0.1:41003|dataStream:|priority:0, aff66e22-6e70-443d-9eb4-a88275d3a955|rpc:127.0.0.1:45375|dataStream:|priority:1], old=null
2021-09-28 01:16:11,688 [grpc-default-executor-0] INFO  segmented.SegmentedRaftLogWorker (SegmentedRaftLogWorker.java:startLogSegment(394)) - a68edfa1-dc1a-41e9-a365-15c521233673@group-0C6976726A89-SegmentedRaftLogWorker: Starting segment from index:0
2021-09-28 01:16:11,690 [a68edfa1-dc1a-41e9-a365-15c521233673@group-0C6976726A89-SegmentedRaftLogWorker] INFO  segmented.SegmentedRaftLogWorker (SegmentedRaftLogWorker.java:execute(601)) - a68edfa1-dc1a-41e9-a365-15c521233673@group-0C6976726A89-SegmentedRaftLogWorker: created new log segment /home/runner/work/ozone/ozone/hadoop-ozone/integration-test/target/test-dir/MiniOzoneClusterImpl-4882f729-1751-4fe5-a7fb-8e9138349e05/datanode-0/data/ratis/079304ac-6366-4ac1-b056-0c6976726a89/current/log_inprogress_0
2021-09-28 01:16:11,698 [Listener at 127.0.0.1/13700] INFO  ha.SCMHAManagerImpl (SCMHAManagerImpl.java:installCheckpoint(227)) - Installing checkpoint with SCMTransactionInfo 2#25
2021-09-28 01:16:11,699 [Listener at 127.0.0.1/13700] WARN  ha.SCMHAManagerImpl (SCMHAManagerImpl.java:installCheckpoint(240)) - Cannot proceed with InstallSnapshot as SCM is at TermIndex (t:2, i:28) and checkpoint has lower TermIndex (t:2, i:25). Reloading old state of SCM.
2021-09-28 01:16:11,706 [grpc-default-executor-3] INFO  server.RaftServer$Division (ServerState.java:setRaftConf(387)) - 682f795c-fd6e-4513-96f4-ff699a8baeca@group-0C6976726A89: set configuration 0: [a68edfa1-dc1a-41e9-a365-15c521233673|rpc:127.0.0.1:40889|dataStream:|priority:0, 682f795c-fd6e-4513-96f4-ff699a8baeca|rpc:127.0.0.1:41003|dataStream:|priority:0, aff66e22-6e70-443d-9eb4-a88275d3a955|rpc:127.0.0.1:45375|dataStream:|priority:1], old=null
2021-09-28 01:16:11,706 [grpc-default-executor-3] INFO  segmented.SegmentedRaftLogWorker (SegmentedRaftLogWorker.java:startLogSegment(394)) - 682f795c-fd6e-4513-96f4-ff699a8baeca@group-0C6976726A89-SegmentedRaftLogWorker: Starting segment from index:0
2021-09-28 01:16:11,707 [Listener at 127.0.0.1/13700] INFO  ozone.MiniOzoneClusterImpl (MiniOzoneClusterImpl.java:shutdown(453)) - Shutting down the Mini Ozone Cluster
2021-09-28 01:16:11,708 [Listener at 127.0.0.1/13700] INFO  ozone.MiniOzoneHAClusterImpl (MiniOzoneHAClusterImpl.java:stop(298)) - Stopping the OzoneManager omNode-1
2021-09-28 01:16:11,708 [682f795c-fd6e-4513-96f4-ff699a8baeca@group-0C6976726A89-SegmentedRaftLogWorker] INFO  segmented.SegmentedRaftLogWorker (SegmentedRaftLogWorker.java:execute(601)) - 682f795c-fd6e-4513-96f4-ff699a8baeca@group-0C6976726A89-SegmentedRaftLogWorker: created new log segment /home/runner/work/ozone/ozone/hadoop-ozone/integration-test/target/test-dir/MiniOzoneClusterImpl-4882f729-1751-4fe5-a7fb-8e9138349e05/datanode-1/data/ratis/079304ac-6366-4ac1-b056-0c6976726a89/current/log_inprogress_0
2021-09-28 01:16:11,710 [Listener at 127.0.0.1/13700] INFO  om.OzoneManager (OzoneManager.java:stop(1644)) - Stopping Ozone Manager
2021-09-28 01:16:11,710 [Listener at 127.0.0.1/13700] INFO  ipc.Server (Server.java:stop(3414)) - Stopping server on 13700
2021-09-28 01:16:11,740 [IPC Server listener on 13700] INFO  ipc.Server (Server.java:run(1376)) - Stopping IPC Server listener on 13700
2021-09-28 01:16:11,741 [IPC Server Responder] INFO  ipc.Server (Server.java:run(1512)) - Stopping IPC Server Responder
2021-09-28 01:16:11,741 [Listener at 127.0.0.1/13700] INFO  server.RaftServer (RaftServerProxy.java:lambda$close$6(391)) - omNode-1: close
2021-09-28 01:16:11,741 [Listener at 127.0.0.1/13700] INFO  server.RaftServer$Division (RaftServerImpl.java:lambda$close$4(407)) - omNode-1@group-523986131536: shutdown
2021-09-28 01:16:11,741 [Listener at 127.0.0.1/13700] INFO  util.JmxRegister (JmxRegister.java:unregister(73)) - Successfully un-registered JMX Bean with object name Ratis:service=RaftServer,group=group-523986131536,id=omNode-1
2021-09-28 01:16:11,742 [Listener at 127.0.0.1/13700] INFO  impl.RoleInfo (RoleInfo.java:shutdownLeaderState(91)) - omNode-1: shutdown omNode-1@group-523986131536-LeaderStateImpl
2021-09-28 01:16:11,742 [Listener at 127.0.0.1/13700] INFO  impl.PendingRequests (PendingRequests.java:sendNotLeaderResponses(282)) - omNode-1@group-523986131536-PendingRequests: sendNotLeaderResponses
2021-09-28 01:16:11,743 [Listener at 127.0.0.1/13700] INFO  impl.StateMachineUpdater (StateMachineUpdater.java:stopAndJoin(149)) - omNode-1@group-523986131536-StateMachineUpdater: set stopIndex = 0
2021-09-28 01:16:11,743 [omNode-1@group-523986131536-StateMachineUpdater] INFO  ratis.OzoneManagerStateMachine (OzoneManagerStateMachine.java:takeSnapshot(417)) - Current Snapshot Index (t:1, i:0)
2021-09-28 01:16:11,743 [omNode-1@group-523986131536-StateMachineUpdater] INFO  impl.StateMachineUpdater (StateMachineUpdater.java:takeSnapshot(281)) - omNode-1@group-523986131536-StateMachineUpdater: Took a snapshot at index 0
2021-09-28 01:16:11,744 [omNode-1@group-523986131536-StateMachineUpdater] INFO  impl.StateMachineUpdater (StateMachineUpdater.java:lambda$new$0(89)) - omNode-1@group-523986131536-StateMachineUpdater: snapshotIndex: updateIncreasingly -1 -> 0
2021-09-28 01:16:11,744 [omNode-1@group-523986131536-StateMachineUpdater] INFO  ratis.OzoneManagerStateMachine (OzoneManagerStateMachine.java:close(471)) - StateMachine has shutdown. Shutdown OzoneManager if not already shutdown.
2021-09-28 01:16:11,744 [Listener at 127.0.0.1/13700] INFO  server.RaftServer$Division (ServerState.java:close(419)) - omNode-1@group-523986131536: closes. applyIndex: 0
2021-09-28 01:16:11,744 [omNode-1@group-523986131536-SegmentedRaftLogWorker] INFO  segmented.SegmentedRaftLogWorker (SegmentedRaftLogWorker.java:run(327)) - omNode-1@group-523986131536-SegmentedRaftLogWorker was interrupted, exiting. There are 0 tasks remaining in the queue.
2021-09-28 01:16:11,748 [Listener at 127.0.0.1/13700] INFO  segmented.SegmentedRaftLogWorker (SegmentedRaftLogWorker.java:close(237)) - omNode-1@group-523986131536-SegmentedRaftLogWorker close()
2021-09-28 01:16:11,754 [Listener at 127.0.0.1/13700] INFO  server.GrpcService (GrpcService.java:closeImpl(262)) - omNode-1: shutdown server with port 13704 now
2021-09-28 01:16:11,756 [Listener at 127.0.0.1/13700] INFO  server.GrpcService (GrpcService.java:closeImpl(271)) - omNode-1: shutdown server with port 13704 successfully
2021-09-28 01:16:11,756 [org.apache.ratis.util.JvmPauseMonitor$$Lambda$499/1893987183@19e7adf0] INFO  util.JvmPauseMonitor (JvmPauseMonitor.java:run(109)) - JvmPauseMonitor-omNode-1: Stopped
2021-09-28 01:16:11,756 [Listener at 127.0.0.1/13700] INFO  ratis.OzoneManagerDoubleBuffer (OzoneManagerDoubleBuffer.java:stop(437)) - Stopping OMDoubleBuffer flush thread
2021-09-28 01:16:11,756 [OMDoubleBufferFlushThread] INFO  ratis.OzoneManagerDoubleBuffer (OzoneManagerDoubleBuffer.java:flushTransactions(356)) - OMDoubleBuffer flush thread OMDoubleBufferFlushThread is interrupted and will exit. OMDoubleBufferFlushThread
2021-09-28 01:16:11,756 [Listener at 127.0.0.1/13700] INFO  utils.BackgroundService (BackgroundService.java:shutdown(132)) - Shutting down service KeyDeletingService
2021-09-28 01:16:11,757 [Listener at 127.0.0.1/13700] INFO  utils.BackgroundService (BackgroundService.java:shutdown(132)) - Shutting down service DirectoryDeletingService
2021-09-28 01:16:11,757 [Listener at 127.0.0.1/13700] INFO  handler.ContextHandler (ContextHandler.java:doStop(1153)) - Stopped o.e.j.w.WebAppContext@421e2baf{ozoneManager,/,null,STOPPED}{file:/home/runner/work/ozone/ozone/hadoop-ozone/integration-test/target/test-classes/webapps/ozoneManager}
2021-09-28 01:16:11,758 [Listener at 127.0.0.1/13700] INFO  server.AbstractConnector (AbstractConnector.java:doStop(381)) - Stopped ServerConnector@4733b248{HTTP/1.1, (http/1.1)}{0.0.0.0:13702}
2021-09-28 01:16:11,758 [Listener at 127.0.0.1/13700] INFO  server.session (HouseKeeper.java:stopScavenging(149)) - node0 Stopped scavenging
2021-09-28 01:16:11,759 [Listener at 127.0.0.1/13700] INFO  handler.ContextHandler (ContextHandler.java:doStop(1153)) - Stopped o.e.j.s.ServletContextHandler@247b949c{static,/static,file:///home/runner/work/ozone/ozone/hadoop-ozone/integration-test/target/test-classes/webapps/static,STOPPED}
2021-09-28 01:16:11,759 [Listener at 127.0.0.1/13700] INFO  handler.ContextHandler (ContextHandler.java:doStop(1153)) - Stopped o.e.j.s.ServletContextHandler@cc226b0{logs,/logs,file:///home/runner/work/ozone/ozone/hadoop-ozone/integration-test/target/log,STOPPED}
2021-09-28 01:16:11,763 [Listener at 127.0.0.1/13700] INFO  ozone.MiniOzoneHAClusterImpl (MiniOzoneHAClusterImpl.java:stop(306)) - Stopping the StorageContainerManager d8916934-e70a-4a30-a7a2-2d11d7c4fe10
2021-09-28 01:16:11,763 [Listener at 127.0.0.1/13700] INFO  server.StorageContainerManager (StorageContainerManager.java:stop(1371)) - Stopping Container Balancer service.
2021-09-28 01:16:11,763 [Listener at 127.0.0.1/13700] INFO  balancer.ContainerBalancer (ContainerBalancer.java:stop(717)) - Container Balancer is not running.
2021-09-28 01:16:11,764 [Listener at 127.0.0.1/13700] INFO  server.StorageContainerManager (StorageContainerManager.java:stop(1378)) - Stopping Replication Manager Service.
2021-09-28 01:16:11,764 [Listener at 127.0.0.1/13700] INFO  container.ReplicationManager (ReplicationManager.java:stop(350)) - Stopping Replication Monitor Thread.
2021-09-28 01:16:11,764 [Listener at 127.0.0.1/13700] INFO  server.StorageContainerManager (StorageContainerManager.java:stop(1385)) - Stopping the Datanode Admin Monitor.
2021-09-28 01:16:11,764 [Listener at 127.0.0.1/13700] INFO  server.StorageContainerManager (StorageContainerManager.java:stop(1392)) - Stopping Lease Manager of the command watchers
2021-09-28 01:16:11,765 [Listener at 127.0.0.1/13700] INFO  server.StorageContainerManager (StorageContainerManager.java:stop(1399)) - Stopping datanode service RPC server
2021-09-28 01:16:11,765 [Listener at 127.0.0.1/13700] INFO  server.SCMDatanodeProtocolServer (SCMDatanodeProtocolServer.java:stop(389)) - Stopping the RPC server for DataNodes
2021-09-28 01:16:11,765 [Listener at 127.0.0.1/13700] INFO  ipc.Server (Server.java:stop(3414)) - Stopping server on 14245
2021-09-28 01:16:11,766 [IPC Server listener on 14245] INFO  ipc.Server (Server.java:run(1376)) - Stopping IPC Server listener on 14245
2021-09-28 01:16:11,774 [IPC Server Responder] INFO  ipc.Server (Server.java:run(1512)) - Stopping IPC Server Responder
2021-09-28 01:16:11,785 [EndpointStateMachine task thread for /127.0.0.1:14245 - 0 ] WARN  statemachine.EndpointStateMachine (EndpointStateMachine.java:logIfNeeded(236)) - Unable to communicate to SCM server at localhost:14245 for past 0 seconds.
java.io.EOFException: End of File Exception between local host is: "fv-az50-883/10.1.0.25"; destination host is: "localhost":14245; : java.io.EOFException; For more details see:  http://wiki.apache.org/hadoop/EOFException
	at sun.reflect.NativeConstructorAccessorImpl.newInstance0(Native Method)
	at sun.reflect.NativeConstructorAccessorImpl.newInstance(NativeConstructorAccessorImpl.java:62)
	at sun.reflect.DelegatingConstructorAccessorImpl.newInstance(DelegatingConstructorAccessorImpl.java:45)
	at java.lang.reflect.Constructor.newInstance(Constructor.java:423)
	at org.apache.hadoop.net.NetUtils.wrapWithMessage(NetUtils.java:913)
	at org.apache.hadoop.net.NetUtils.wrapException(NetUtils.java:862)
	at org.apache.hadoop.ipc.Client.getRpcResponse(Client.java:1577)
	at org.apache.hadoop.ipc.Client.call(Client.java:1519)
	at org.apache.hadoop.ipc.Client.call(Client.java:1416)
	at org.apache.hadoop.ipc.ProtobufRpcEngine$Invoker.invoke(ProtobufRpcEngine.java:236)
	at org.apache.hadoop.ipc.ProtobufRpcEngine$Invoker.invoke(ProtobufRpcEngine.java:123)
	at com.sun.proxy.$Proxy48.submitRequest(Unknown Source)
	at org.apache.hadoop.ozone.protocolPB.StorageContainerDatanodeProtocolClientSideTranslatorPB.submitRequest(StorageContainerDatanodeProtocolClientSideTranslatorPB.java:117)
	at org.apache.hadoop.ozone.protocolPB.StorageContainerDatanodeProtocolClientSideTranslatorPB.register(StorageContainerDatanodeProtocolClientSideTranslatorPB.java:180)
	at org.apache.hadoop.ozone.container.common.states.endpoint.RegisterEndpointTask.call(RegisterEndpointTask.java:158)
	at org.apache.hadoop.ozone.container.common.states.endpoint.RegisterEndpointTask.call(RegisterEndpointTask.java:52)
	at java.util.concurrent.FutureTask.run(FutureTask.java:266)
	at java.util.concurrent.ThreadPoolExecutor.runWorker(ThreadPoolExecutor.java:1149)
	at java.util.concurrent.ThreadPoolExecutor$Worker.run(ThreadPoolExecutor.java:624)
	at java.lang.Thread.run(Thread.java:748)
Caused by: java.io.EOFException
	at java.io.DataInputStream.readInt(DataInputStream.java:392)
	at org.apache.hadoop.ipc.Client$IpcStreams.readResponse(Client.java:1892)
	at org.apache.hadoop.ipc.Client$Connection.receiveRpcResponse(Client.java:1202)
	at org.apache.hadoop.ipc.Client$Connection.run(Client.java:1098)
2021-09-28 01:16:11,788 [EndpointStateMachine task thread for /127.0.0.1:15967 - 0 ] INFO  ipc.Client (Client.java:handleConnectionFailure(977)) - Retrying connect to server: localhost/127.0.0.1:15967. Already tried 0 time(s); retry policy is RetryUpToMaximumCountWithFixedSleep(maxRetries=15, sleepTime=1000 MILLISECONDS)
2021-09-28 01:16:11,801 [SCM Heartbeat Processing Thread - 0] WARN  node.NodeStateManager (NodeStateManager.java:scheduleNextHealthCheck(799)) - Current Thread is interrupted, shutting down HB processing thread for Node Manager.
2021-09-28 01:16:11,805 [Listener at 127.0.0.1/13700] INFO  server.StorageContainerManager (StorageContainerManager.java:stop(1407)) - Stopping block service RPC server
2021-09-28 01:16:11,805 [Listener at 127.0.0.1/13700] INFO  server.SCMBlockProtocolServer (SCMBlockProtocolServer.java:stop(160)) - Stopping the RPC server for Block Protocol
2021-09-28 01:16:11,805 [Listener at 127.0.0.1/13700] INFO  ipc.Server (Server.java:stop(3414)) - Stopping server on 14246
2021-09-28 01:16:11,811 [IPC Server listener on 14246] INFO  ipc.Server (Server.java:run(1376)) - Stopping IPC Server listener on 14246
2021-09-28 01:16:11,813 [IPC Server Responder] INFO  ipc.Server (Server.java:run(1512)) - Stopping IPC Server Responder
2021-09-28 01:16:11,813 [Listener at 127.0.0.1/13700] INFO  server.StorageContainerManager (StorageContainerManager.java:stop(1414)) - Stopping the StorageContainerLocationProtocol RPC server
2021-09-28 01:16:11,814 [Listener at 127.0.0.1/13700] INFO  server.SCMClientProtocolServer (SCMClientProtocolServer.java:stop(173)) - Stopping the RPC server for Client Protocol
2021-09-28 01:16:11,814 [Listener at 127.0.0.1/13700] INFO  ipc.Server (Server.java:stop(3414)) - Stopping server on 14247
2021-09-28 01:16:11,818 [Listener at 127.0.0.1/13700] INFO  server.StorageContainerManager (StorageContainerManager.java:stop(1421)) - Stopping Storage Container Manager HTTP server.
2021-09-28 01:16:11,818 [IPC Server Responder] INFO  ipc.Server (Server.java:run(1512)) - Stopping IPC Server Responder
2021-09-28 01:16:11,818 [Listener at 127.0.0.1/13700] INFO  handler.ContextHandler (ContextHandler.java:doStop(1153)) - Stopped o.e.j.w.WebAppContext@3466cba1{scm,/,null,STOPPED}{file:/home/runner/work/ozone/ozone/hadoop-ozone/integration-test/target/test-classes/webapps/scm}
2021-09-28 01:16:11,821 [IPC Server listener on 14247] INFO  ipc.Server (Server.java:run(1376)) - Stopping IPC Server listener on 14247
2021-09-28 01:16:11,823 [Listener at 127.0.0.1/13700] INFO  server.AbstractConnector (AbstractConnector.java:doStop(381)) - Stopped ServerConnector@34146b8c{HTTP/1.1, (http/1.1)}{0.0.0.0:14242}
2021-09-28 01:16:11,823 [Listener at 127.0.0.1/13700] INFO  server.session (HouseKeeper.java:stopScavenging(149)) - node0 Stopped scavenging
2021-09-28 01:16:11,823 [Listener at 127.0.0.1/13700] INFO  handler.ContextHandler (ContextHandler.java:doStop(1153)) - Stopped o.e.j.s.ServletContextHandler@38b24746{static,/static,file:///home/runner/work/ozone/ozone/hadoop-ozone/integration-test/target/test-classes/webapps/static,STOPPED}
2021-09-28 01:16:11,825 [Listener at 127.0.0.1/13700] INFO  handler.ContextHandler (ContextHandler.java:doStop(1153)) - Stopped o.e.j.s.ServletContextHandler@3d02feb6{logs,/logs,file:///home/runner/work/ozone/ozone/hadoop-ozone/integration-test/target/log,STOPPED}
2021-09-28 01:16:11,825 [Listener at 127.0.0.1/13700] INFO  server.StorageContainerManager (StorageContainerManager.java:stop(1432)) - Stopping Block Manager Service.
2021-09-28 01:16:11,826 [Listener at 127.0.0.1/13700] INFO  utils.BackgroundService (BackgroundService.java:shutdown(132)) - Shutting down service SCMBlockDeletingService
2021-09-28 01:16:11,826 [Listener at 127.0.0.1/13700] INFO  utils.BackgroundService (BackgroundService.java:shutdown(132)) - Shutting down service SCMBlockDeletingService
2021-09-28 01:16:11,826 [Listener at 127.0.0.1/13700] INFO  server.StorageContainerManager (StorageContainerManager.java:stop(1459)) - Stopping SCM Event Queue.
2021-09-28 01:16:11,832 [Listener at 127.0.0.1/13700] INFO  server.StorageContainerManager (StorageContainerManager.java:stop(1470)) - Stopping SCM HA services.
2021-09-28 01:16:11,833 [Listener at 127.0.0.1/13700] INFO  ha.SCMRatisServerImpl (SCMRatisServerImpl.java:stop(236)) - stopping ratis server 0.0.0.0:14244
2021-09-28 01:16:11,833 [Listener at 127.0.0.1/13700] INFO  server.RaftServer (RaftServerProxy.java:lambda$close$6(391)) - d8916934-e70a-4a30-a7a2-2d11d7c4fe10: close
2021-09-28 01:16:11,833 [Listener at 127.0.0.1/13700] INFO  server.GrpcService (GrpcService.java:closeImpl(262)) - d8916934-e70a-4a30-a7a2-2d11d7c4fe10: shutdown server with port 14244 now
2021-09-28 01:16:11,846 [grpc-default-executor-0] WARN  server.GrpcServerProtocolService (LogUtils.java:warn(122)) - d8916934-e70a-4a30-a7a2-2d11d7c4fe10: installSnapshot onError, lastRequest: 4b364075-9b58-4908-a5b5-f5e156ea742e->d8916934-e70a-4a30-a7a2-2d11d7c4fe10#57-t2,previous=(t:2, i:29),leaderCommit=29,initializing? true,entries: size=1, first=(t:2, i:30), METADATAENTRY(c:29): org.apache.ratis.thirdparty.io.grpc.StatusRuntimeException: CANCELLED: client cancelled
2021-09-28 01:16:11,846 [Listener at 127.0.0.1/13700] INFO  server.GrpcService (GrpcService.java:closeImpl(271)) - d8916934-e70a-4a30-a7a2-2d11d7c4fe10: shutdown server with port 14244 successfully
2021-09-28 01:16:11,847 [grpc-default-executor-0] WARN  server.GrpcLogAppender (LogUtils.java:warn(122)) - 4b364075-9b58-4908-a5b5-f5e156ea742e@group-8E9138349E05->d8916934-e70a-4a30-a7a2-2d11d7c4fe10-AppendLogResponseHandler: Failed appendEntries: org.apache.ratis.thirdparty.io.grpc.StatusRuntimeException: CANCELLED: HTTP/2 error code: CANCEL
Received Rst Stream
2021-09-28 01:16:11,847 [grpc-default-executor-0] INFO  leader.FollowerInfo (FollowerInfoImpl.java:lambda$new$0(46)) - 4b364075-9b58-4908-a5b5-f5e156ea742e@group-8E9138349E05->d8916934-e70a-4a30-a7a2-2d11d7c4fe10: nextIndex: updateUnconditionally 31 -> 30
2021-09-28 01:16:11,847 [org.apache.ratis.util.JvmPauseMonitor$$Lambda$499/1893987183@4f488f4c] INFO  util.JvmPauseMonitor (JvmPauseMonitor.java:run(109)) - JvmPauseMonitor-d8916934-e70a-4a30-a7a2-2d11d7c4fe10: Stopped
2021-09-28 01:16:11,848 [Listener at 127.0.0.1/13700] INFO  pipeline.BackgroundPipelineCreator (BackgroundPipelineCreatorV2.java:stop(158)) - Stopping RatisPipelineUtilsThread.
2021-09-28 01:16:11,848 [Listener at 127.0.0.1/13700] INFO  server.StorageContainerManager (StorageContainerManager.java:stop(1480)) - Stopping SCM MetadataStore.
2021-09-28 01:16:11,849 [Listener at 127.0.0.1/13700] INFO  impl.MetricsSystemImpl (MetricsSystemImpl.java:stop(210)) - Stopping StorageContainerManager metrics system...
2021-09-28 01:16:11,858 [grpc-default-executor-3] WARN  server.GrpcLogAppender (LogUtils.java:warn(122)) - 4b364075-9b58-4908-a5b5-f5e156ea742e@group-8E9138349E05->d8916934-e70a-4a30-a7a2-2d11d7c4fe10-AppendLogResponseHandler: Failed appendEntries: org.apache.ratis.thirdparty.io.grpc.StatusRuntimeException: UNAVAILABLE: io exception
2021-09-28 01:16:11,858 [grpc-default-executor-3] INFO  leader.FollowerInfo (FollowerInfoImpl.java:lambda$new$0(46)) - 4b364075-9b58-4908-a5b5-f5e156ea742e@group-8E9138349E05->d8916934-e70a-4a30-a7a2-2d11d7c4fe10: nextIndex: updateUnconditionally 31 -> 30
2021-09-28 01:16:11,860 [prometheus] INFO  impl.MetricsSinkAdapter (MetricsSinkAdapter.java:publishMetricsFromQueue(141)) - prometheus thread interrupted.
2021-09-28 01:16:11,864 [Listener at 127.0.0.1/13700] INFO  impl.MetricsSystemImpl (MetricsSystemImpl.java:stop(216)) - StorageContainerManager metrics system stopped.
2021-09-28 01:16:11,864 [Listener at 127.0.0.1/13700] INFO  ozone.MiniOzoneHAClusterImpl (MiniOzoneHAClusterImpl.java:stop(306)) - Stopping the StorageContainerManager 1970bdcd-bd96-4495-88a5-6eaf9ec039da
2021-09-28 01:16:11,864 [Listener at 127.0.0.1/13700] INFO  server.StorageContainerManager (StorageContainerManager.java:stop(1371)) - Stopping Container Balancer service.
2021-09-28 01:16:11,865 [Listener at 127.0.0.1/13700] INFO  balancer.ContainerBalancer (ContainerBalancer.java:stop(717)) - Container Balancer is not running.
2021-09-28 01:16:11,865 [Listener at 127.0.0.1/13700] INFO  server.StorageContainerManager (StorageContainerManager.java:stop(1378)) - Stopping Replication Manager Service.
2021-09-28 01:16:11,865 [Listener at 127.0.0.1/13700] INFO  container.ReplicationManager (ReplicationManager.java:stop(350)) - Stopping Replication Monitor Thread.
2021-09-28 01:16:11,865 [Listener at 127.0.0.1/13700] INFO  server.StorageContainerManager (StorageContainerManager.java:stop(1385)) - Stopping the Datanode Admin Monitor.
2021-09-28 01:16:11,865 [Listener at 127.0.0.1/13700] INFO  server.StorageContainerManager (StorageContainerManager.java:stop(1392)) - Stopping Lease Manager of the command watchers
2021-09-28 01:16:11,866 [Listener at 127.0.0.1/13700] INFO  server.StorageContainerManager (StorageContainerManager.java:stop(1399)) - Stopping datanode service RPC server
2021-09-28 01:16:11,866 [Listener at 127.0.0.1/13700] INFO  server.SCMDatanodeProtocolServer (SCMDatanodeProtocolServer.java:stop(389)) - Stopping the RPC server for DataNodes
2021-09-28 01:16:11,866 [Listener at 127.0.0.1/13700] INFO  ipc.Server (Server.java:stop(3414)) - Stopping server on 14235
2021-09-28 01:16:11,871 [IPC Server listener on 14235] INFO  ipc.Server (Server.java:run(1376)) - Stopping IPC Server listener on 14235
2021-09-28 01:16:11,872 [IPC Server Responder] INFO  ipc.Server (Server.java:run(1512)) - Stopping IPC Server Responder
2021-09-28 01:16:11,905 [SCM Heartbeat Processing Thread - 0] WARN  node.NodeStateManager (NodeStateManager.java:scheduleNextHealthCheck(799)) - Current Thread is interrupted, shutting down HB processing thread for Node Manager.
2021-09-28 01:16:11,905 [Listener at 127.0.0.1/13700] INFO  server.StorageContainerManager (StorageContainerManager.java:stop(1407)) - Stopping block service RPC server
2021-09-28 01:16:11,905 [Listener at 127.0.0.1/13700] INFO  server.SCMBlockProtocolServer (SCMBlockProtocolServer.java:stop(160)) - Stopping the RPC server for Block Protocol
2021-09-28 01:16:11,905 [Listener at 127.0.0.1/13700] INFO  ipc.Server (Server.java:stop(3414)) - Stopping server on 14236
2021-09-28 01:16:11,907 [IPC Server listener on 14236] INFO  ipc.Server (Server.java:run(1376)) - Stopping IPC Server listener on 14236
2021-09-28 01:16:11,912 [Listener at 127.0.0.1/13700] INFO  server.StorageContainerManager (StorageContainerManager.java:stop(1414)) - Stopping the StorageContainerLocationProtocol RPC server
2021-09-28 01:16:11,912 [Listener at 127.0.0.1/13700] INFO  server.SCMClientProtocolServer (SCMClientProtocolServer.java:stop(173)) - Stopping the RPC server for Client Protocol
2021-09-28 01:16:11,912 [IPC Server Responder] INFO  ipc.Server (Server.java:run(1512)) - Stopping IPC Server Responder
2021-09-28 01:16:11,912 [Listener at 127.0.0.1/13700] INFO  ipc.Server (Server.java:stop(3414)) - Stopping server on 14237
2021-09-28 01:16:11,915 [IPC Server listener on 14237] INFO  ipc.Server (Server.java:run(1376)) - Stopping IPC Server listener on 14237
2021-09-28 01:16:11,918 [Listener at 127.0.0.1/13700] INFO  server.StorageContainerManager (StorageContainerManager.java:stop(1421)) - Stopping Storage Container Manager HTTP server.
2021-09-28 01:16:11,918 [IPC Server Responder] INFO  ipc.Server (Server.java:run(1512)) - Stopping IPC Server Responder
2021-09-28 01:16:11,919 [Listener at 127.0.0.1/13700] INFO  handler.ContextHandler (ContextHandler.java:doStop(1153)) - Stopped o.e.j.w.WebAppContext@397b4878{scm,/,null,STOPPED}{file:/home/runner/work/ozone/ozone/hadoop-ozone/integration-test/target/test-classes/webapps/scm}
2021-09-28 01:16:11,919 [Listener at 127.0.0.1/13700] INFO  server.AbstractConnector (AbstractConnector.java:doStop(381)) - Stopped ServerConnector@55e492ed{HTTP/1.1, (http/1.1)}{0.0.0.0:14232}
2021-09-28 01:16:11,920 [Listener at 127.0.0.1/13700] INFO  server.session (HouseKeeper.java:stopScavenging(149)) - node0 Stopped scavenging
2021-09-28 01:16:11,921 [Listener at 127.0.0.1/13700] INFO  handler.ContextHandler (ContextHandler.java:doStop(1153)) - Stopped o.e.j.s.ServletContextHandler@50b8504b{static,/static,file:///home/runner/work/ozone/ozone/hadoop-ozone/integration-test/target/test-classes/webapps/static,STOPPED}
2021-09-28 01:16:11,921 [Listener at 127.0.0.1/13700] INFO  handler.ContextHandler (ContextHandler.java:doStop(1153)) - Stopped o.e.j.s.ServletContextHandler@64238d9a{logs,/logs,file:///home/runner/work/ozone/ozone/hadoop-ozone/integration-test/target/log,STOPPED}
2021-09-28 01:16:11,922 [Listener at 127.0.0.1/13700] INFO  server.StorageContainerManager (StorageContainerManager.java:stop(1432)) - Stopping Block Manager Service.
2021-09-28 01:16:11,922 [Listener at 127.0.0.1/13700] INFO  utils.BackgroundService (BackgroundService.java:shutdown(132)) - Shutting down service SCMBlockDeletingService
2021-09-28 01:16:11,922 [Listener at 127.0.0.1/13700] INFO  utils.BackgroundService (BackgroundService.java:shutdown(132)) - Shutting down service SCMBlockDeletingService
2021-09-28 01:16:11,922 [Listener at 127.0.0.1/13700] INFO  server.StorageContainerManager (StorageContainerManager.java:stop(1459)) - Stopping SCM Event Queue.
2021-09-28 01:16:11,924 [Listener at 127.0.0.1/13700] INFO  server.StorageContainerManager (StorageContainerManager.java:stop(1470)) - Stopping SCM HA services.
2021-09-28 01:16:11,924 [Listener at 127.0.0.1/13700] INFO  ha.SCMRatisServerImpl (SCMRatisServerImpl.java:stop(236)) - stopping ratis server 0.0.0.0:14234
2021-09-28 01:16:11,925 [Listener at 127.0.0.1/13700] INFO  server.RaftServer (RaftServerProxy.java:lambda$close$6(391)) - 1970bdcd-bd96-4495-88a5-6eaf9ec039da: close
2021-09-28 01:16:11,925 [Listener at 127.0.0.1/13700] INFO  server.RaftServer$Division (RaftServerImpl.java:lambda$close$4(407)) - 1970bdcd-bd96-4495-88a5-6eaf9ec039da@group-8E9138349E05: shutdown
2021-09-28 01:16:11,925 [Listener at 127.0.0.1/13700] INFO  util.JmxRegister (JmxRegister.java:unregister(73)) - Successfully un-registered JMX Bean with object name Ratis:service=RaftServer,group=group-8E9138349E05,id=1970bdcd-bd96-4495-88a5-6eaf9ec039da
2021-09-28 01:16:11,926 [Listener at 127.0.0.1/13700] INFO  impl.RoleInfo (RoleInfo.java:shutdownFollowerState(108)) - 1970bdcd-bd96-4495-88a5-6eaf9ec039da: shutdown 1970bdcd-bd96-4495-88a5-6eaf9ec039da@group-8E9138349E05-FollowerState
2021-09-28 01:16:11,926 [1970bdcd-bd96-4495-88a5-6eaf9ec039da@group-8E9138349E05-FollowerState] INFO  impl.FollowerState (FollowerState.java:run(143)) - 1970bdcd-bd96-4495-88a5-6eaf9ec039da@group-8E9138349E05-FollowerState was interrupted: {}
java.lang.InterruptedException: sleep interrupted
	at java.lang.Thread.sleep(Native Method)
	at java.lang.Thread.sleep(Thread.java:340)
	at java.util.concurrent.TimeUnit.sleep(TimeUnit.java:386)
	at org.apache.ratis.util.TimeDuration.sleep(TimeDuration.java:324)
	at org.apache.ratis.util.TimeDuration.sleep(TimeDuration.java:309)
	at org.apache.ratis.server.impl.FollowerState.run(FollowerState.java:118)
2021-09-28 01:16:11,926 [Listener at 127.0.0.1/13700] INFO  impl.StateMachineUpdater (StateMachineUpdater.java:stopAndJoin(149)) - 1970bdcd-bd96-4495-88a5-6eaf9ec039da@group-8E9138349E05-StateMachineUpdater: set stopIndex = 29
2021-09-28 01:16:11,927 [1970bdcd-bd96-4495-88a5-6eaf9ec039da@group-8E9138349E05-StateMachineUpdater] INFO  ha.SCMStateMachine (SCMStateMachine.java:takeSnapshot(290)) - Current Snapshot Index 29, takeSnapshot took 0 ms
2021-09-28 01:16:11,927 [1970bdcd-bd96-4495-88a5-6eaf9ec039da@group-8E9138349E05-StateMachineUpdater] INFO  impl.StateMachineUpdater (StateMachineUpdater.java:takeSnapshot(281)) - 1970bdcd-bd96-4495-88a5-6eaf9ec039da@group-8E9138349E05-StateMachineUpdater: Took a snapshot at index 29
2021-09-28 01:16:11,927 [1970bdcd-bd96-4495-88a5-6eaf9ec039da@group-8E9138349E05-StateMachineUpdater] INFO  impl.StateMachineUpdater (StateMachineUpdater.java:lambda$new$0(89)) - 1970bdcd-bd96-4495-88a5-6eaf9ec039da@group-8E9138349E05-StateMachineUpdater: snapshotIndex: updateIncreasingly 25 -> 29
2021-09-28 01:16:11,930 [Listener at 127.0.0.1/13700] INFO  server.RaftServer$Division (ServerState.java:close(419)) - 1970bdcd-bd96-4495-88a5-6eaf9ec039da@group-8E9138349E05: closes. applyIndex: 28
2021-09-28 01:16:11,931 [1970bdcd-bd96-4495-88a5-6eaf9ec039da@group-8E9138349E05-SegmentedRaftLogWorker] INFO  segmented.SegmentedRaftLogWorker (SegmentedRaftLogWorker.java:run(327)) - 1970bdcd-bd96-4495-88a5-6eaf9ec039da@group-8E9138349E05-SegmentedRaftLogWorker was interrupted, exiting. There are 0 tasks remaining in the queue.
2021-09-28 01:16:11,932 [Listener at 127.0.0.1/13700] INFO  segmented.SegmentedRaftLogWorker (SegmentedRaftLogWorker.java:close(237)) - 1970bdcd-bd96-4495-88a5-6eaf9ec039da@group-8E9138349E05-SegmentedRaftLogWorker close()
2021-09-28 01:16:11,933 [Listener at 127.0.0.1/13700] INFO  server.GrpcService (GrpcService.java:closeImpl(262)) - 1970bdcd-bd96-4495-88a5-6eaf9ec039da: shutdown server with port 14234 now
2021-09-28 01:16:11,934 [grpc-default-executor-0] WARN  server.GrpcServerProtocolService (LogUtils.java:warn(122)) - 1970bdcd-bd96-4495-88a5-6eaf9ec039da: installSnapshot onError, lastRequest: 4b364075-9b58-4908-a5b5-f5e156ea742e->1970bdcd-bd96-4495-88a5-6eaf9ec039da#1190-t2,previous=(t:2, i:29),leaderCommit=29,initializing? true,entries: size=1, first=(t:2, i:30), METADATAENTRY(c:29): org.apache.ratis.thirdparty.io.grpc.StatusRuntimeException: CANCELLED: client cancelled
2021-09-28 01:16:11,934 [Listener at 127.0.0.1/13700] INFO  server.GrpcService (GrpcService.java:closeImpl(271)) - 1970bdcd-bd96-4495-88a5-6eaf9ec039da: shutdown server with port 14234 successfully
2021-09-28 01:16:11,935 [grpc-default-executor-3] WARN  server.GrpcLogAppender (LogUtils.java:warn(122)) - 4b364075-9b58-4908-a5b5-f5e156ea742e@group-8E9138349E05->1970bdcd-bd96-4495-88a5-6eaf9ec039da-AppendLogResponseHandler: Failed appendEntries: org.apache.ratis.thirdparty.io.grpc.StatusRuntimeException: CANCELLED: HTTP/2 error code: CANCEL
Received Rst Stream
2021-09-28 01:16:11,941 [grpc-default-executor-3] INFO  leader.FollowerInfo (FollowerInfoImpl.java:lambda$new$0(46)) - 4b364075-9b58-4908-a5b5-f5e156ea742e@group-8E9138349E05->1970bdcd-bd96-4495-88a5-6eaf9ec039da: nextIndex: updateUnconditionally 31 -> 30
2021-09-28 01:16:11,941 [org.apache.ratis.util.JvmPauseMonitor$$Lambda$499/1893987183@25a4c88a] INFO  util.JvmPauseMonitor (JvmPauseMonitor.java:run(109)) - JvmPauseMonitor-1970bdcd-bd96-4495-88a5-6eaf9ec039da: Stopped
2021-09-28 01:16:11,941 [Listener at 127.0.0.1/13700] INFO  pipeline.BackgroundPipelineCreator (BackgroundPipelineCreatorV2.java:stop(158)) - Stopping RatisPipelineUtilsThread.
2021-09-28 01:16:11,941 [Listener at 127.0.0.1/13700] INFO  server.StorageContainerManager (StorageContainerManager.java:stop(1480)) - Stopping SCM MetadataStore.
2021-09-28 01:16:11,942 [Listener at 127.0.0.1/13700] INFO  impl.MetricsSystemImpl (MetricsSystemImpl.java:stop(205)) - StorageContainerManager metrics system stopped (again)
2021-09-28 01:16:11,942 [Listener at 127.0.0.1/13700] INFO  ozone.MiniOzoneHAClusterImpl (MiniOzoneHAClusterImpl.java:stop(306)) - Stopping the StorageContainerManager 4b364075-9b58-4908-a5b5-f5e156ea742e
2021-09-28 01:16:11,942 [Listener at 127.0.0.1/13700] INFO  server.StorageContainerManager (StorageContainerManager.java:stop(1371)) - Stopping Container Balancer service.
2021-09-28 01:16:11,943 [Listener at 127.0.0.1/13700] INFO  balancer.ContainerBalancer (ContainerBalancer.java:stop(717)) - Container Balancer is not running.
2021-09-28 01:16:11,943 [Listener at 127.0.0.1/13700] INFO  server.StorageContainerManager (StorageContainerManager.java:stop(1378)) - Stopping Replication Manager Service.
2021-09-28 01:16:11,943 [Listener at 127.0.0.1/13700] INFO  container.ReplicationManager (ReplicationManager.java:stop(350)) - Stopping Replication Monitor Thread.
2021-09-28 01:16:11,943 [Listener at 127.0.0.1/13700] INFO  server.StorageContainerManager (StorageContainerManager.java:stop(1385)) - Stopping the Datanode Admin Monitor.
2021-09-28 01:16:11,943 [Listener at 127.0.0.1/13700] INFO  server.StorageContainerManager (StorageContainerManager.java:stop(1392)) - Stopping Lease Manager of the command watchers
2021-09-28 01:16:11,943 [Listener at 127.0.0.1/13700] INFO  server.StorageContainerManager (StorageContainerManager.java:stop(1399)) - Stopping datanode service RPC server
2021-09-28 01:16:11,943 [Listener at 127.0.0.1/13700] INFO  server.SCMDatanodeProtocolServer (SCMDatanodeProtocolServer.java:stop(389)) - Stopping the RPC server for DataNodes
2021-09-28 01:16:11,943 [Listener at 127.0.0.1/13700] INFO  ipc.Server (Server.java:stop(3414)) - Stopping server on 14225
2021-09-28 01:16:11,948 [IPC Server listener on 14225] INFO  ipc.Server (Server.java:run(1376)) - Stopping IPC Server listener on 14225
2021-09-28 01:16:11,954 [IPC Server Responder] INFO  ipc.Server (Server.java:run(1512)) - Stopping IPC Server Responder
2021-09-28 01:16:11,957 [grpc-default-executor-0] WARN  server.GrpcLogAppender (LogUtils.java:warn(122)) - 4b364075-9b58-4908-a5b5-f5e156ea742e@group-8E9138349E05->1970bdcd-bd96-4495-88a5-6eaf9ec039da-AppendLogResponseHandler: Failed appendEntries: org.apache.ratis.thirdparty.io.grpc.StatusRuntimeException: UNAVAILABLE: io exception
2021-09-28 01:16:11,957 [grpc-default-executor-0] INFO  leader.FollowerInfo (FollowerInfoImpl.java:lambda$new$0(46)) - 4b364075-9b58-4908-a5b5-f5e156ea742e@group-8E9138349E05->1970bdcd-bd96-4495-88a5-6eaf9ec039da: nextIndex: updateUnconditionally 31 -> 30
2021-09-28 01:16:12,115 [EndpointStateMachine task thread for /127.0.0.1:14235 - 0 ] WARN  statemachine.EndpointStateMachine (EndpointStateMachine.java:logIfNeeded(236)) - Unable to communicate to SCM server at 127.0.0.1:14235 for past 0 seconds.
java.io.EOFException: End of File Exception between local host is: "fv-az50-883/10.1.0.25"; destination host is: "localhost":14235; : java.io.EOFException; For more details see:  http://wiki.apache.org/hadoop/EOFException
	at sun.reflect.NativeConstructorAccessorImpl.newInstance0(Native Method)
	at sun.reflect.NativeConstructorAccessorImpl.newInstance(NativeConstructorAccessorImpl.java:62)
	at sun.reflect.DelegatingConstructorAccessorImpl.newInstance(DelegatingConstructorAccessorImpl.java:45)
	at java.lang.reflect.Constructor.newInstance(Constructor.java:423)
	at org.apache.hadoop.net.NetUtils.wrapWithMessage(NetUtils.java:913)
	at org.apache.hadoop.net.NetUtils.wrapException(NetUtils.java:862)
	at org.apache.hadoop.ipc.Client.getRpcResponse(Client.java:1577)
	at org.apache.hadoop.ipc.Client.call(Client.java:1519)
	at org.apache.hadoop.ipc.Client.call(Client.java:1416)
	at org.apache.hadoop.ipc.ProtobufRpcEngine$Invoker.invoke(ProtobufRpcEngine.java:236)
	at org.apache.hadoop.ipc.ProtobufRpcEngine$Invoker.invoke(ProtobufRpcEngine.java:123)
	at com.sun.proxy.$Proxy48.submitRequest(Unknown Source)
	at org.apache.hadoop.ozone.protocolPB.StorageContainerDatanodeProtocolClientSideTranslatorPB.submitRequest(StorageContainerDatanodeProtocolClientSideTranslatorPB.java:117)
	at org.apache.hadoop.ozone.protocolPB.StorageContainerDatanodeProtocolClientSideTranslatorPB.sendHeartbeat(StorageContainerDatanodeProtocolClientSideTranslatorPB.java:149)
	at org.apache.hadoop.ozone.container.common.states.endpoint.HeartbeatEndpointTask.call(HeartbeatEndpointTask.java:179)
	at org.apache.hadoop.ozone.container.common.states.endpoint.HeartbeatEndpointTask.call(HeartbeatEndpointTask.java:82)
	at java.util.concurrent.FutureTask.run(FutureTask.java:266)
	at java.util.concurrent.ThreadPoolExecutor.runWorker(ThreadPoolExecutor.java:1149)
	at java.util.concurrent.ThreadPoolExecutor$Worker.run(ThreadPoolExecutor.java:624)
	at java.lang.Thread.run(Thread.java:748)
Caused by: java.io.EOFException
	at java.io.DataInputStream.readInt(DataInputStream.java:392)
	at org.apache.hadoop.ipc.Client$IpcStreams.readResponse(Client.java:1892)
	at org.apache.hadoop.ipc.Client$Connection.receiveRpcResponse(Client.java:1202)
	at org.apache.hadoop.ipc.Client$Connection.run(Client.java:1098)
2021-09-28 01:16:12,119 [EndpointStateMachine task thread for /127.0.0.1:14225 - 0 ] WARN  statemachine.EndpointStateMachine (EndpointStateMachine.java:logIfNeeded(236)) - Unable to communicate to SCM server at 127.0.0.1:14225 for past 0 seconds.
java.io.EOFException: End of File Exception between local host is: "fv-az50-883/10.1.0.25"; destination host is: "localhost":14225; : java.io.EOFException; For more details see:  http://wiki.apache.org/hadoop/EOFException
	at sun.reflect.NativeConstructorAccessorImpl.newInstance0(Native Method)
	at sun.reflect.NativeConstructorAccessorImpl.newInstance(NativeConstructorAccessorImpl.java:62)
	at sun.reflect.DelegatingConstructorAccessorImpl.newInstance(DelegatingConstructorAccessorImpl.java:45)
	at java.lang.reflect.Constructor.newInstance(Constructor.java:423)
	at org.apache.hadoop.net.NetUtils.wrapWithMessage(NetUtils.java:913)
	at org.apache.hadoop.net.NetUtils.wrapException(NetUtils.java:862)
	at org.apache.hadoop.ipc.Client.getRpcResponse(Client.java:1577)
	at org.apache.hadoop.ipc.Client.call(Client.java:1519)
	at org.apache.hadoop.ipc.Client.call(Client.java:1416)
	at org.apache.hadoop.ipc.ProtobufRpcEngine$Invoker.invoke(ProtobufRpcEngine.java:236)
	at org.apache.hadoop.ipc.ProtobufRpcEngine$Invoker.invoke(ProtobufRpcEngine.java:123)
	at com.sun.proxy.$Proxy48.submitRequest(Unknown Source)
	at org.apache.hadoop.ozone.protocolPB.StorageContainerDatanodeProtocolClientSideTranslatorPB.submitRequest(StorageContainerDatanodeProtocolClientSideTranslatorPB.java:117)
	at org.apache.hadoop.ozone.protocolPB.StorageContainerDatanodeProtocolClientSideTranslatorPB.sendHeartbeat(StorageContainerDatanodeProtocolClientSideTranslatorPB.java:149)
	at org.apache.hadoop.ozone.container.common.states.endpoint.HeartbeatEndpointTask.call(HeartbeatEndpointTask.java:179)
	at org.apache.hadoop.ozone.container.common.states.endpoint.HeartbeatEndpointTask.call(HeartbeatEndpointTask.java:82)
	at java.util.concurrent.FutureTask.run(FutureTask.java:266)
	at java.util.concurrent.ThreadPoolExecutor.runWorker(ThreadPoolExecutor.java:1149)
	at java.util.concurrent.ThreadPoolExecutor$Worker.run(ThreadPoolExecutor.java:624)
	at java.lang.Thread.run(Thread.java:748)
Caused by: java.io.EOFException
	at java.io.DataInputStream.readInt(DataInputStream.java:392)
	at org.apache.hadoop.ipc.Client$IpcStreams.readResponse(Client.java:1892)
	at org.apache.hadoop.ipc.Client$Connection.receiveRpcResponse(Client.java:1202)
	at org.apache.hadoop.ipc.Client$Connection.run(Client.java:1098)
2021-09-28 01:16:12,401 [EndpointStateMachine task thread for /127.0.0.1:15957 - 0 ] INFO  ipc.Client (Client.java:handleConnectionFailure(977)) - Retrying connect to server: localhost/127.0.0.1:15957. Already tried 0 time(s); retry policy is RetryUpToMaximumCountWithFixedSleep(maxRetries=15, sleepTime=1000 MILLISECONDS)
2021-09-28 01:16:12,567 [EndpointStateMachine task thread for /127.0.0.1:15977 - 0 ] INFO  ipc.Client (Client.java:handleConnectionFailure(977)) - Retrying connect to server: localhost/127.0.0.1:15977. Already tried 1 time(s); retry policy is RetryUpToMaximumCountWithFixedSleep(maxRetries=15, sleepTime=1000 MILLISECONDS)
2021-09-28 01:16:12,789 [EndpointStateMachine task thread for /127.0.0.1:15967 - 0 ] INFO  ipc.Client (Client.java:handleConnectionFailure(977)) - Retrying connect to server: localhost/127.0.0.1:15967. Already tried 1 time(s); retry policy is RetryUpToMaximumCountWithFixedSleep(maxRetries=15, sleepTime=1000 MILLISECONDS)
2021-09-28 01:16:13,119 [EndpointStateMachine task thread for /127.0.0.1:14245 - 0 ] INFO  ipc.Client (Client.java:handleConnectionFailure(977)) - Retrying connect to server: localhost/127.0.0.1:14245. Already tried 0 time(s); retry policy is RetryUpToMaximumCountWithFixedSleep(maxRetries=15, sleepTime=1000 MILLISECONDS)
2021-09-28 01:16:13,373 [SCM Heartbeat Processing Thread - 0] WARN  node.NodeStateManager (NodeStateManager.java:scheduleNextHealthCheck(799)) - Current Thread is interrupted, shutting down HB processing thread for Node Manager.
2021-09-28 01:16:13,374 [Listener at 127.0.0.1/13700] INFO  server.StorageContainerManager (StorageContainerManager.java:stop(1407)) - Stopping block service RPC server
2021-09-28 01:16:13,374 [Listener at 127.0.0.1/13700] INFO  server.SCMBlockProtocolServer (SCMBlockProtocolServer.java:stop(160)) - Stopping the RPC server for Block Protocol
2021-09-28 01:16:13,374 [Listener at 127.0.0.1/13700] INFO  ipc.Server (Server.java:stop(3414)) - Stopping server on 14226
2021-09-28 01:16:13,386 [IPC Server listener on 14226] INFO  ipc.Server (Server.java:run(1376)) - Stopping IPC Server listener on 14226
2021-09-28 01:16:13,386 [Listener at 127.0.0.1/13700] INFO  server.StorageContainerManager (StorageContainerManager.java:stop(1414)) - Stopping the StorageContainerLocationProtocol RPC server
2021-09-28 01:16:13,386 [Listener at 127.0.0.1/13700] INFO  server.SCMClientProtocolServer (SCMClientProtocolServer.java:stop(173)) - Stopping the RPC server for Client Protocol
2021-09-28 01:16:13,386 [IPC Server Responder] INFO  ipc.Server (Server.java:run(1512)) - Stopping IPC Server Responder
2021-09-28 01:16:13,386 [Listener at 127.0.0.1/13700] INFO  ipc.Server (Server.java:stop(3414)) - Stopping server on 14227
2021-09-28 01:16:13,389 [IPC Server listener on 14227] INFO  ipc.Server (Server.java:run(1376)) - Stopping IPC Server listener on 14227
2021-09-28 01:16:13,391 [IPC Server Responder] INFO  ipc.Server (Server.java:run(1512)) - Stopping IPC Server Responder
2021-09-28 01:16:13,393 [Listener at 127.0.0.1/13700] INFO  server.StorageContainerManager (StorageContainerManager.java:stop(1421)) - Stopping Storage Container Manager HTTP server.
2021-09-28 01:16:13,394 [Listener at 127.0.0.1/13700] INFO  handler.ContextHandler (ContextHandler.java:doStop(1153)) - Stopped o.e.j.w.WebAppContext@358a33e3{scm,/,null,STOPPED}{file:/home/runner/work/ozone/ozone/hadoop-ozone/integration-test/target/test-classes/webapps/scm}
2021-09-28 01:16:13,395 [Listener at 127.0.0.1/13700] INFO  server.AbstractConnector (AbstractConnector.java:doStop(381)) - Stopped ServerConnector@1b924e5{HTTP/1.1, (http/1.1)}{0.0.0.0:14222}
2021-09-28 01:16:13,395 [Listener at 127.0.0.1/13700] INFO  server.session (HouseKeeper.java:stopScavenging(149)) - node0 Stopped scavenging
2021-09-28 01:16:13,395 [Listener at 127.0.0.1/13700] INFO  handler.ContextHandler (ContextHandler.java:doStop(1153)) - Stopped o.e.j.s.ServletContextHandler@12bc9995{static,/static,file:///home/runner/work/ozone/ozone/hadoop-ozone/integration-test/target/test-classes/webapps/static,STOPPED}
2021-09-28 01:16:13,395 [Listener at 127.0.0.1/13700] INFO  handler.ContextHandler (ContextHandler.java:doStop(1153)) - Stopped o.e.j.s.ServletContextHandler@6b8564e5{logs,/logs,file:///home/runner/work/ozone/ozone/hadoop-ozone/integration-test/target/log,STOPPED}
2021-09-28 01:16:13,396 [Listener at 127.0.0.1/13700] INFO  server.StorageContainerManager (StorageContainerManager.java:stop(1432)) - Stopping Block Manager Service.
2021-09-28 01:16:13,397 [Listener at 127.0.0.1/13700] INFO  utils.BackgroundService (BackgroundService.java:shutdown(132)) - Shutting down service SCMBlockDeletingService
2021-09-28 01:16:13,397 [Listener at 127.0.0.1/13700] INFO  utils.BackgroundService (BackgroundService.java:shutdown(132)) - Shutting down service SCMBlockDeletingService
2021-09-28 01:16:13,397 [Listener at 127.0.0.1/13700] INFO  server.StorageContainerManager (StorageContainerManager.java:stop(1459)) - Stopping SCM Event Queue.
2021-09-28 01:16:13,398 [Listener at 127.0.0.1/13700] INFO  server.StorageContainerManager (StorageContainerManager.java:stop(1470)) - Stopping SCM HA services.
2021-09-28 01:16:13,398 [Listener at 127.0.0.1/13700] INFO  ha.SCMRatisServerImpl (SCMRatisServerImpl.java:stop(236)) - stopping ratis server 0.0.0.0:14224
2021-09-28 01:16:13,399 [Listener at 127.0.0.1/13700] INFO  server.RaftServer (RaftServerProxy.java:lambda$close$6(391)) - 4b364075-9b58-4908-a5b5-f5e156ea742e: close
2021-09-28 01:16:13,400 [Listener at 127.0.0.1/13700] INFO  server.RaftServer$Division (RaftServerImpl.java:lambda$close$4(407)) - 4b364075-9b58-4908-a5b5-f5e156ea742e@group-8E9138349E05: shutdown
2021-09-28 01:16:13,401 [EndpointStateMachine task thread for /127.0.0.1:15957 - 0 ] INFO  ipc.Client (Client.java:handleConnectionFailure(977)) - Retrying connect to server: localhost/127.0.0.1:15957. Already tried 1 time(s); retry policy is RetryUpToMaximumCountWithFixedSleep(maxRetries=15, sleepTime=1000 MILLISECONDS)
2021-09-28 01:16:13,404 [Listener at 127.0.0.1/13700] INFO  util.JmxRegister (JmxRegister.java:unregister(73)) - Successfully un-registered JMX Bean with object name Ratis:service=RaftServer,group=group-8E9138349E05,id=4b364075-9b58-4908-a5b5-f5e156ea742e
2021-09-28 01:16:13,405 [Listener at 127.0.0.1/13700] INFO  impl.RoleInfo (RoleInfo.java:shutdownLeaderState(91)) - 4b364075-9b58-4908-a5b5-f5e156ea742e: shutdown 4b364075-9b58-4908-a5b5-f5e156ea742e@group-8E9138349E05-LeaderStateImpl
2021-09-28 01:16:13,405 [4b364075-9b58-4908-a5b5-f5e156ea742e@group-8E9138349E05->d8916934-e70a-4a30-a7a2-2d11d7c4fe10-GrpcLogAppender-LogAppenderDaemon] WARN  server.GrpcLogAppender (GrpcLogAppender.java:mayWait(175)) - 4b364075-9b58-4908-a5b5-f5e156ea742e@group-8E9138349E05->d8916934-e70a-4a30-a7a2-2d11d7c4fe10-GrpcLogAppender: Wait interrupted by java.lang.InterruptedException
2021-09-28 01:16:13,405 [4b364075-9b58-4908-a5b5-f5e156ea742e@group-8E9138349E05->1970bdcd-bd96-4495-88a5-6eaf9ec039da-GrpcLogAppender-LogAppenderDaemon] WARN  server.GrpcLogAppender (GrpcLogAppender.java:mayWait(175)) - 4b364075-9b58-4908-a5b5-f5e156ea742e@group-8E9138349E05->1970bdcd-bd96-4495-88a5-6eaf9ec039da-GrpcLogAppender: Wait interrupted by java.lang.InterruptedException
2021-09-28 01:16:13,406 [Listener at 127.0.0.1/13700] INFO  impl.PendingRequests (PendingRequests.java:sendNotLeaderResponses(282)) - 4b364075-9b58-4908-a5b5-f5e156ea742e@group-8E9138349E05-PendingRequests: sendNotLeaderResponses
2021-09-28 01:16:13,406 [Listener at 127.0.0.1/13700] INFO  ha.SCMStateMachine (SCMStateMachine.java:notifyNotLeader(183)) - current leader SCM steps down.
2021-09-28 01:16:13,406 [Listener at 127.0.0.1/13700] INFO  ha.SCMContext (SCMContext.java:updateLeaderAndTerm(88)) - update <isLeader,term> from <true,2> to <false,0>
2021-09-28 01:16:13,406 [Listener at 127.0.0.1/13700] INFO  ha.SCMContext (SCMContext.java:updateLeaderAndTerm(95)) - update <isLeaderReady> from <false> to <false>
2021-09-28 01:16:13,410 [Listener at 127.0.0.1/13700] INFO  impl.StateMachineUpdater (StateMachineUpdater.java:stopAndJoin(149)) - 4b364075-9b58-4908-a5b5-f5e156ea742e@group-8E9138349E05-StateMachineUpdater: set stopIndex = 30
2021-09-28 01:16:13,410 [Listener at 127.0.0.1/13700] INFO  server.RaftServer$Division (ServerState.java:close(419)) - 4b364075-9b58-4908-a5b5-f5e156ea742e@group-8E9138349E05: closes. applyIndex: 30
2021-09-28 01:16:13,411 [4b364075-9b58-4908-a5b5-f5e156ea742e@group-8E9138349E05-SegmentedRaftLogWorker] INFO  segmented.SegmentedRaftLogWorker (SegmentedRaftLogWorker.java:run(327)) - 4b364075-9b58-4908-a5b5-f5e156ea742e@group-8E9138349E05-SegmentedRaftLogWorker was interrupted, exiting. There are 0 tasks remaining in the queue.
2021-09-28 01:16:13,411 [Listener at 127.0.0.1/13700] INFO  segmented.SegmentedRaftLogWorker (SegmentedRaftLogWorker.java:close(237)) - 4b364075-9b58-4908-a5b5-f5e156ea742e@group-8E9138349E05-SegmentedRaftLogWorker close()
2021-09-28 01:16:13,412 [Listener at 127.0.0.1/13700] INFO  server.GrpcService (GrpcService.java:closeImpl(262)) - 4b364075-9b58-4908-a5b5-f5e156ea742e: shutdown server with port 14224 now
2021-09-28 01:16:13,418 [Listener at 127.0.0.1/13700] INFO  server.GrpcService (GrpcService.java:closeImpl(271)) - 4b364075-9b58-4908-a5b5-f5e156ea742e: shutdown server with port 14224 successfully
2021-09-28 01:16:13,419 [org.apache.ratis.util.JvmPauseMonitor$$Lambda$499/1893987183@2668c100] INFO  util.JvmPauseMonitor (JvmPauseMonitor.java:run(109)) - JvmPauseMonitor-4b364075-9b58-4908-a5b5-f5e156ea742e: Stopped
2021-09-28 01:16:13,420 [Listener at 127.0.0.1/13700] INFO  pipeline.BackgroundPipelineCreator (BackgroundPipelineCreatorV2.java:stop(158)) - Stopping RatisPipelineUtilsThread.
2021-09-28 01:16:13,422 [Listener at 127.0.0.1/13700] INFO  server.StorageContainerManager (StorageContainerManager.java:stop(1480)) - Stopping SCM MetadataStore.
2021-09-28 01:16:13,424 [Listener at 127.0.0.1/13700] INFO  impl.MetricsSystemImpl (MetricsSystemImpl.java:stop(205)) - StorageContainerManager metrics system stopped (again)
2021-09-28 01:16:13,424 [Listener at 127.0.0.1/13700] INFO  ozone.MiniOzoneClusterImpl (MiniOzoneClusterImpl.java:stop(468)) - Stopping the Mini Ozone Cluster
2021-09-28 01:16:13,424 [Listener at 127.0.0.1/13700] INFO  ozone.MiniOzoneClusterImpl (MiniOzoneClusterImpl.java:stopDatanodes(527)) - Stopping the HddsDatanodes
2021-09-28 01:16:13,567 [EndpointStateMachine task thread for /127.0.0.1:15977 - 0 ] INFO  ipc.Client (Client.java:handleConnectionFailure(977)) - Retrying connect to server: localhost/127.0.0.1:15977. Already tried 2 time(s); retry policy is RetryUpToMaximumCountWithFixedSleep(maxRetries=15, sleepTime=1000 MILLISECONDS)
2021-09-28 01:16:13,616 [EndpointStateMachine task thread for /127.0.0.1:14225 - 0 ] INFO  ipc.Client (Client.java:handleConnectionFailure(977)) - Retrying connect to server: localhost/127.0.0.1:14225. Already tried 0 time(s); retry policy is RetryUpToMaximumCountWithFixedSleep(maxRetries=15, sleepTime=1000 MILLISECONDS)
2021-09-28 01:16:13,617 [EndpointStateMachine task thread for /127.0.0.1:14235 - 0 ] INFO  ipc.Client (Client.java:handleConnectionFailure(977)) - Retrying connect to server: localhost/127.0.0.1:14235. Already tried 0 time(s); retry policy is RetryUpToMaximumCountWithFixedSleep(maxRetries=15, sleepTime=1000 MILLISECONDS)
2021-09-28 01:16:13,780 [Datanode State Machine Thread - 0] WARN  statemachine.StateContext (StateContext.java:setState(246)) - Ignore disallowed transition from SHUTDOWN to RUNNING
2021-09-28 01:16:13,789 [EndpointStateMachine task thread for /127.0.0.1:15967 - 0 ] INFO  ipc.Client (Client.java:handleConnectionFailure(977)) - Retrying connect to server: localhost/127.0.0.1:15967. Already tried 2 time(s); retry policy is RetryUpToMaximumCountWithFixedSleep(maxRetries=15, sleepTime=1000 MILLISECONDS)
2021-09-28 01:16:14,113 [Datanode State Machine Thread - 0] WARN  statemachine.StateContext (StateContext.java:setState(246)) - Ignore disallowed transition from SHUTDOWN to RUNNING
2021-09-28 01:16:14,119 [EndpointStateMachine task thread for /127.0.0.1:14245 - 0 ] INFO  ipc.Client (Client.java:handleConnectionFailure(977)) - Retrying connect to server: localhost/127.0.0.1:14245. Already tried 1 time(s); retry policy is RetryUpToMaximumCountWithFixedSleep(maxRetries=15, sleepTime=1000 MILLISECONDS)
2021-09-28 01:16:14,405 [EndpointStateMachine task thread for /127.0.0.1:15957 - 0 ] INFO  ipc.Client (Client.java:handleConnectionFailure(977)) - Retrying connect to server: localhost/127.0.0.1:15957. Already tried 2 time(s); retry policy is RetryUpToMaximumCountWithFixedSleep(maxRetries=15, sleepTime=1000 MILLISECONDS)
2021-09-28 01:16:14,568 [EndpointStateMachine task thread for /127.0.0.1:15977 - 0 ] INFO  ipc.Client (Client.java:handleConnectionFailure(977)) - Retrying connect to server: localhost/127.0.0.1:15977. Already tried 3 time(s); retry policy is RetryUpToMaximumCountWithFixedSleep(maxRetries=15, sleepTime=1000 MILLISECONDS)
2021-09-28 01:16:14,617 [EndpointStateMachine task thread for /127.0.0.1:14225 - 0 ] INFO  ipc.Client (Client.java:handleConnectionFailure(977)) - Retrying connect to server: localhost/127.0.0.1:14225. Already tried 1 time(s); retry policy is RetryUpToMaximumCountWithFixedSleep(maxRetries=15, sleepTime=1000 MILLISECONDS)
2021-09-28 01:16:14,617 [EndpointStateMachine task thread for /127.0.0.1:14235 - 0 ] INFO  ipc.Client (Client.java:handleConnectionFailure(977)) - Retrying connect to server: localhost/127.0.0.1:14235. Already tried 1 time(s); retry policy is RetryUpToMaximumCountWithFixedSleep(maxRetries=15, sleepTime=1000 MILLISECONDS)
2021-09-28 01:16:14,790 [EndpointStateMachine task thread for /127.0.0.1:15967 - 0 ] INFO  ipc.Client (Client.java:handleConnectionFailure(977)) - Retrying connect to server: localhost/127.0.0.1:15967. Already tried 3 time(s); retry policy is RetryUpToMaximumCountWithFixedSleep(maxRetries=15, sleepTime=1000 MILLISECONDS)
2021-09-28 01:16:15,120 [EndpointStateMachine task thread for /127.0.0.1:14245 - 0 ] INFO  ipc.Client (Client.java:handleConnectionFailure(977)) - Retrying connect to server: localhost/127.0.0.1:14245. Already tried 2 time(s); retry policy is RetryUpToMaximumCountWithFixedSleep(maxRetries=15, sleepTime=1000 MILLISECONDS)
2021-09-28 01:16:15,405 [EndpointStateMachine task thread for /127.0.0.1:15957 - 0 ] INFO  ipc.Client (Client.java:handleConnectionFailure(977)) - Retrying connect to server: localhost/127.0.0.1:15957. Already tried 3 time(s); retry policy is RetryUpToMaximumCountWithFixedSleep(maxRetries=15, sleepTime=1000 MILLISECONDS)
2021-09-28 01:16:15,569 [EndpointStateMachine task thread for /127.0.0.1:15977 - 0 ] INFO  ipc.Client (Client.java:handleConnectionFailure(977)) - Retrying connect to server: localhost/127.0.0.1:15977. Already tried 4 time(s); retry policy is RetryUpToMaximumCountWithFixedSleep(maxRetries=15, sleepTime=1000 MILLISECONDS)
2021-09-28 01:16:15,617 [EndpointStateMachine task thread for /127.0.0.1:14225 - 0 ] INFO  ipc.Client (Client.java:handleConnectionFailure(977)) - Retrying connect to server: localhost/127.0.0.1:14225. Already tried 2 time(s); retry policy is RetryUpToMaximumCountWithFixedSleep(maxRetries=15, sleepTime=1000 MILLISECONDS)
2021-09-28 01:16:15,617 [EndpointStateMachine task thread for /127.0.0.1:14235 - 0 ] INFO  ipc.Client (Client.java:handleConnectionFailure(977)) - Retrying connect to server: localhost/127.0.0.1:14235. Already tried 2 time(s); retry policy is RetryUpToMaximumCountWithFixedSleep(maxRetries=15, sleepTime=1000 MILLISECONDS)
2021-09-28 01:16:15,791 [EndpointStateMachine task thread for /127.0.0.1:15967 - 0 ] INFO  ipc.Client (Client.java:handleConnectionFailure(977)) - Retrying connect to server: localhost/127.0.0.1:15967. Already tried 4 time(s); retry policy is RetryUpToMaximumCountWithFixedSleep(maxRetries=15, sleepTime=1000 MILLISECONDS)
2021-09-28 01:16:16,120 [EndpointStateMachine task thread for /127.0.0.1:14245 - 0 ] INFO  ipc.Client (Client.java:handleConnectionFailure(977)) - Retrying connect to server: localhost/127.0.0.1:14245. Already tried 3 time(s); retry policy is RetryUpToMaximumCountWithFixedSleep(maxRetries=15, sleepTime=1000 MILLISECONDS)
2021-09-28 01:16:16,406 [EndpointStateMachine task thread for /127.0.0.1:15957 - 0 ] INFO  ipc.Client (Client.java:handleConnectionFailure(977)) - Retrying connect to server: localhost/127.0.0.1:15957. Already tried 4 time(s); retry policy is RetryUpToMaximumCountWithFixedSleep(maxRetries=15, sleepTime=1000 MILLISECONDS)
2021-09-28 01:16:16,569 [EndpointStateMachine task thread for /127.0.0.1:15977 - 0 ] INFO  ipc.Client (Client.java:handleConnectionFailure(977)) - Retrying connect to server: localhost/127.0.0.1:15977. Already tried 5 time(s); retry policy is RetryUpToMaximumCountWithFixedSleep(maxRetries=15, sleepTime=1000 MILLISECONDS)
2021-09-28 01:16:16,618 [EndpointStateMachine task thread for /127.0.0.1:14235 - 0 ] INFO  ipc.Client (Client.java:handleConnectionFailure(977)) - Retrying connect to server: localhost/127.0.0.1:14235. Already tried 3 time(s); retry policy is RetryUpToMaximumCountWithFixedSleep(maxRetries=15, sleepTime=1000 MILLISECONDS)
2021-09-28 01:16:16,618 [Datanode State Machine Thread - 0] ERROR datanode.RunningDatanodeState (RunningDatanodeState.java:computeNextContainerState(199)) - Error in executing end point task.
java.util.concurrent.ExecutionException: java.util.concurrent.TimeoutException
	at java.util.concurrent.FutureTask.report(FutureTask.java:122)
	at java.util.concurrent.FutureTask.get(FutureTask.java:192)
	at org.apache.hadoop.ozone.container.common.states.datanode.RunningDatanodeState.computeNextContainerState(RunningDatanodeState.java:191)
	at org.apache.hadoop.ozone.container.common.states.datanode.RunningDatanodeState.await(RunningDatanodeState.java:231)
	at org.apache.hadoop.ozone.container.common.states.datanode.RunningDatanodeState.await(RunningDatanodeState.java:50)
	at org.apache.hadoop.ozone.container.common.statemachine.StateContext.execute(StateContext.java:629)
	at org.apache.hadoop.ozone.container.common.statemachine.DatanodeStateMachine.start(DatanodeStateMachine.java:270)
	at org.apache.hadoop.ozone.container.common.statemachine.DatanodeStateMachine.lambda$startDaemon$0(DatanodeStateMachine.java:457)
	at java.lang.Thread.run(Thread.java:748)
Caused by: java.util.concurrent.TimeoutException
	at java.util.concurrent.FutureTask.get(FutureTask.java:205)
	at org.apache.hadoop.ozone.container.common.states.datanode.RunningDatanodeState.lambda$execute$0(RunningDatanodeState.java:149)
	at java.util.concurrent.FutureTask.run(FutureTask.java:266)
	at java.util.concurrent.Executors$RunnableAdapter.call(Executors.java:511)
	at java.util.concurrent.FutureTask.run(FutureTask.java:266)
	at java.util.concurrent.ThreadPoolExecutor.runWorker(ThreadPoolExecutor.java:1149)
	at java.util.concurrent.ThreadPoolExecutor$Worker.run(ThreadPoolExecutor.java:624)
	... 1 more
2021-09-28 01:16:16,619 [EndpointStateMachine task thread for /127.0.0.1:14225 - 0 ] INFO  ipc.Client (Client.java:handleConnectionFailure(977)) - Retrying connect to server: localhost/127.0.0.1:14225. Already tried 3 time(s); retry policy is RetryUpToMaximumCountWithFixedSleep(maxRetries=15, sleepTime=1000 MILLISECONDS)
2021-09-28 01:16:16,792 [EndpointStateMachine task thread for /127.0.0.1:15967 - 0 ] INFO  ipc.Client (Client.java:handleConnectionFailure(977)) - Retrying connect to server: localhost/127.0.0.1:15967. Already tried 5 time(s); retry policy is RetryUpToMaximumCountWithFixedSleep(maxRetries=15, sleepTime=1000 MILLISECONDS)
2021-09-28 01:16:17,121 [EndpointStateMachine task thread for /127.0.0.1:14245 - 0 ] INFO  ipc.Client (Client.java:handleConnectionFailure(977)) - Retrying connect to server: localhost/127.0.0.1:14245. Already tried 4 time(s); retry policy is RetryUpToMaximumCountWithFixedSleep(maxRetries=15, sleepTime=1000 MILLISECONDS)
2021-09-28 01:16:17,406 [EndpointStateMachine task thread for /127.0.0.1:15957 - 0 ] INFO  ipc.Client (Client.java:handleConnectionFailure(977)) - Retrying connect to server: localhost/127.0.0.1:15957. Already tried 5 time(s); retry policy is RetryUpToMaximumCountWithFixedSleep(maxRetries=15, sleepTime=1000 MILLISECONDS)
2021-09-28 01:16:17,570 [EndpointStateMachine task thread for /127.0.0.1:15977 - 0 ] INFO  ipc.Client (Client.java:handleConnectionFailure(977)) - Retrying connect to server: localhost/127.0.0.1:15977. Already tried 6 time(s); retry policy is RetryUpToMaximumCountWithFixedSleep(maxRetries=15, sleepTime=1000 MILLISECONDS)
2021-09-28 01:16:17,618 [EndpointStateMachine task thread for /127.0.0.1:14235 - 0 ] INFO  ipc.Client (Client.java:handleConnectionFailure(977)) - Retrying connect to server: localhost/127.0.0.1:14235. Already tried 4 time(s); retry policy is RetryUpToMaximumCountWithFixedSleep(maxRetries=15, sleepTime=1000 MILLISECONDS)
2021-09-28 01:16:17,619 [EndpointStateMachine task thread for /127.0.0.1:14225 - 0 ] INFO  ipc.Client (Client.java:handleConnectionFailure(977)) - Retrying connect to server: localhost/127.0.0.1:14225. Already tried 4 time(s); retry policy is RetryUpToMaximumCountWithFixedSleep(maxRetries=15, sleepTime=1000 MILLISECONDS)
2021-09-28 01:16:17,792 [EndpointStateMachine task thread for /127.0.0.1:15967 - 0 ] INFO  ipc.Client (Client.java:handleConnectionFailure(977)) - Retrying connect to server: localhost/127.0.0.1:15967. Already tried 6 time(s); retry policy is RetryUpToMaximumCountWithFixedSleep(maxRetries=15, sleepTime=1000 MILLISECONDS)
2021-09-28 01:16:18,122 [EndpointStateMachine task thread for /127.0.0.1:14245 - 0 ] INFO  ipc.Client (Client.java:handleConnectionFailure(977)) - Retrying connect to server: localhost/127.0.0.1:14245. Already tried 5 time(s); retry policy is RetryUpToMaximumCountWithFixedSleep(maxRetries=15, sleepTime=1000 MILLISECONDS)
2021-09-28 01:16:18,407 [EndpointStateMachine task thread for /127.0.0.1:15957 - 0 ] INFO  ipc.Client (Client.java:handleConnectionFailure(977)) - Retrying connect to server: localhost/127.0.0.1:15957. Already tried 6 time(s); retry policy is RetryUpToMaximumCountWithFixedSleep(maxRetries=15, sleepTime=1000 MILLISECONDS)
2021-09-28 01:16:18,425 [Listener at 127.0.0.1/13700] INFO  ozoneimpl.OzoneContainer (OzoneContainer.java:stop(325)) - Attempting to stop container services.
2021-09-28 01:16:18,426 [ForkJoinPool.commonPool-worker-1] INFO  ozoneimpl.OzoneContainer (OzoneContainer.java:stop(325)) - Attempting to stop container services.
2021-09-28 01:16:18,427 [Listener at 127.0.0.1/13700] INFO  server.RaftServer (RaftServerProxy.java:lambda$close$6(391)) - 682f795c-fd6e-4513-96f4-ff699a8baeca: close
2021-09-28 01:16:18,427 [ForkJoinPool.commonPool-worker-1] INFO  server.RaftServer (RaftServerProxy.java:lambda$close$6(391)) - a68edfa1-dc1a-41e9-a365-15c521233673: close
2021-09-28 01:16:18,427 [Listener at 127.0.0.1/13700] INFO  server.RaftServer$Division (RaftServerImpl.java:lambda$close$4(407)) - 682f795c-fd6e-4513-96f4-ff699a8baeca@group-2D885C1E68F8: shutdown
2021-09-28 01:16:18,427 [ForkJoinPool.commonPool-worker-1] INFO  server.RaftServer$Division (RaftServerImpl.java:lambda$close$4(407)) - a68edfa1-dc1a-41e9-a365-15c521233673@group-B741A2237F14: shutdown
2021-09-28 01:16:18,427 [Listener at 127.0.0.1/13700] INFO  util.JmxRegister (JmxRegister.java:unregister(73)) - Successfully un-registered JMX Bean with object name Ratis:service=RaftServer,group=group-2D885C1E68F8,id=682f795c-fd6e-4513-96f4-ff699a8baeca
2021-09-28 01:16:18,427 [Listener at 127.0.0.1/13700] INFO  impl.RoleInfo (RoleInfo.java:shutdownLeaderState(91)) - 682f795c-fd6e-4513-96f4-ff699a8baeca: shutdown 682f795c-fd6e-4513-96f4-ff699a8baeca@group-2D885C1E68F8-LeaderStateImpl
2021-09-28 01:16:18,428 [Listener at 127.0.0.1/13700] INFO  impl.PendingRequests (PendingRequests.java:sendNotLeaderResponses(282)) - 682f795c-fd6e-4513-96f4-ff699a8baeca@group-2D885C1E68F8-PendingRequests: sendNotLeaderResponses
2021-09-28 01:16:18,429 [682f795c-fd6e-4513-96f4-ff699a8baeca@group-2D885C1E68F8-StateMachineUpdater] INFO  ratis.ContainerStateMachine (ContainerStateMachine.java:takeSnapshot(292)) - group-2D885C1E68F8: Taking a snapshot at:(t:3, i:0) file /home/runner/work/ozone/ozone/hadoop-ozone/integration-test/target/test-dir/MiniOzoneClusterImpl-4882f729-1751-4fe5-a7fb-8e9138349e05/datanode-1/data/ratis/9ad2b109-4306-4293-a84a-2d885c1e68f8/sm/snapshot.3_0
2021-09-28 01:16:18,429 [Listener at 127.0.0.1/13700] INFO  impl.StateMachineUpdater (StateMachineUpdater.java:stopAndJoin(149)) - 682f795c-fd6e-4513-96f4-ff699a8baeca@group-2D885C1E68F8-StateMachineUpdater: set stopIndex = 0
2021-09-28 01:16:18,429 [682f795c-fd6e-4513-96f4-ff699a8baeca@group-2D885C1E68F8->a68edfa1-dc1a-41e9-a365-15c521233673-GrpcLogAppender-LogAppenderDaemon] WARN  server.GrpcLogAppender (GrpcLogAppender.java:mayWait(175)) - 682f795c-fd6e-4513-96f4-ff699a8baeca@group-2D885C1E68F8->a68edfa1-dc1a-41e9-a365-15c521233673-GrpcLogAppender: Wait interrupted by java.lang.InterruptedException
2021-09-28 01:16:18,430 [682f795c-fd6e-4513-96f4-ff699a8baeca@group-2D885C1E68F8->aff66e22-6e70-443d-9eb4-a88275d3a955-GrpcLogAppender-LogAppenderDaemon] WARN  server.GrpcLogAppender (GrpcLogAppender.java:mayWait(175)) - 682f795c-fd6e-4513-96f4-ff699a8baeca@group-2D885C1E68F8->aff66e22-6e70-443d-9eb4-a88275d3a955-GrpcLogAppender: Wait interrupted by java.lang.InterruptedException
2021-09-28 01:16:18,427 [ForkJoinPool.commonPool-worker-1] INFO  util.JmxRegister (JmxRegister.java:unregister(73)) - Successfully un-registered JMX Bean with object name Ratis:service=RaftServer,group=group-B741A2237F14,id=a68edfa1-dc1a-41e9-a365-15c521233673
2021-09-28 01:16:18,430 [ForkJoinPool.commonPool-worker-1] INFO  impl.RoleInfo (RoleInfo.java:shutdownLeaderState(91)) - a68edfa1-dc1a-41e9-a365-15c521233673: shutdown a68edfa1-dc1a-41e9-a365-15c521233673@group-B741A2237F14-LeaderStateImpl
2021-09-28 01:16:18,430 [ForkJoinPool.commonPool-worker-1] INFO  impl.PendingRequests (PendingRequests.java:sendNotLeaderResponses(282)) - a68edfa1-dc1a-41e9-a365-15c521233673@group-B741A2237F14-PendingRequests: sendNotLeaderResponses
2021-09-28 01:16:18,430 [grpc-default-executor-3] INFO  server.GrpcServerProtocolService (GrpcServerProtocolService.java:onCompleted(140)) - aff66e22-6e70-443d-9eb4-a88275d3a955: Completed APPEND_ENTRIES, lastRequest: 682f795c-fd6e-4513-96f4-ff699a8baeca->aff66e22-6e70-443d-9eb4-a88275d3a955#1-t3,previous=(t:0, i:0),leaderCommit=-1,initializing? true,entries: size=1, first=(t:3, i:0), CONFIGURATIONENTRY
2021-09-28 01:16:18,430 [grpc-default-executor-0] INFO  server.GrpcServerProtocolService (GrpcServerProtocolService.java:onCompleted(140)) - a68edfa1-dc1a-41e9-a365-15c521233673: Completed APPEND_ENTRIES, lastRequest: 682f795c-fd6e-4513-96f4-ff699a8baeca->a68edfa1-dc1a-41e9-a365-15c521233673#1-t3,previous=(t:0, i:0),leaderCommit=-1,initializing? true,entries: size=1, first=(t:3, i:0), CONFIGURATIONENTRY
2021-09-28 01:16:18,431 [682f795c-fd6e-4513-96f4-ff699a8baeca@group-2D885C1E68F8-StateMachineUpdater] INFO  ratis.ContainerStateMachine (ContainerStateMachine.java:takeSnapshot(303)) - group-2D885C1E68F8: Finished taking a snapshot at:(t:3, i:0) file:/home/runner/work/ozone/ozone/hadoop-ozone/integration-test/target/test-dir/MiniOzoneClusterImpl-4882f729-1751-4fe5-a7fb-8e9138349e05/datanode-1/data/ratis/9ad2b109-4306-4293-a84a-2d885c1e68f8/sm/snapshot.3_0 took: 3 ms
2021-09-28 01:16:18,431 [682f795c-fd6e-4513-96f4-ff699a8baeca@group-2D885C1E68F8-StateMachineUpdater] INFO  impl.StateMachineUpdater (StateMachineUpdater.java:takeSnapshot(281)) - 682f795c-fd6e-4513-96f4-ff699a8baeca@group-2D885C1E68F8-StateMachineUpdater: Took a snapshot at index 0
2021-09-28 01:16:18,431 [682f795c-fd6e-4513-96f4-ff699a8baeca@group-2D885C1E68F8-StateMachineUpdater] INFO  impl.StateMachineUpdater (StateMachineUpdater.java:lambda$new$0(89)) - 682f795c-fd6e-4513-96f4-ff699a8baeca@group-2D885C1E68F8-StateMachineUpdater: snapshotIndex: updateIncreasingly -1 -> 0
2021-09-28 01:16:18,432 [ForkJoinPool.commonPool-worker-1] INFO  impl.StateMachineUpdater (StateMachineUpdater.java:stopAndJoin(149)) - a68edfa1-dc1a-41e9-a365-15c521233673@group-B741A2237F14-StateMachineUpdater: set stopIndex = 0
2021-09-28 01:16:18,432 [a68edfa1-dc1a-41e9-a365-15c521233673@group-B741A2237F14-StateMachineUpdater] INFO  ratis.ContainerStateMachine (ContainerStateMachine.java:takeSnapshot(292)) - group-B741A2237F14: Taking a snapshot at:(t:1, i:0) file /home/runner/work/ozone/ozone/hadoop-ozone/integration-test/target/test-dir/MiniOzoneClusterImpl-4882f729-1751-4fe5-a7fb-8e9138349e05/datanode-0/data/ratis/2a578fb3-1c0d-4b94-8d03-b741a2237f14/sm/snapshot.1_0
2021-09-28 01:16:18,432 [grpc-default-executor-1] INFO  server.GrpcLogAppender (GrpcLogAppender.java:onCompleted(344)) - 682f795c-fd6e-4513-96f4-ff699a8baeca@group-2D885C1E68F8->a68edfa1-dc1a-41e9-a365-15c521233673-AppendLogResponseHandler: follower responses appendEntries COMPLETED
2021-09-28 01:16:18,432 [Listener at 127.0.0.1/13700] INFO  server.RaftServer$Division (ServerState.java:close(419)) - 682f795c-fd6e-4513-96f4-ff699a8baeca@group-2D885C1E68F8: closes. applyIndex: 0
2021-09-28 01:16:18,432 [grpc-default-executor-2] INFO  server.GrpcLogAppender (GrpcLogAppender.java:onCompleted(344)) - 682f795c-fd6e-4513-96f4-ff699a8baeca@group-2D885C1E68F8->aff66e22-6e70-443d-9eb4-a88275d3a955-AppendLogResponseHandler: follower responses appendEntries COMPLETED
2021-09-28 01:16:18,432 [grpc-default-executor-1] INFO  leader.FollowerInfo (FollowerInfoImpl.java:lambda$new$0(46)) - 682f795c-fd6e-4513-96f4-ff699a8baeca@group-2D885C1E68F8->a68edfa1-dc1a-41e9-a365-15c521233673: nextIndex: updateUnconditionally 1 -> 0
2021-09-28 01:16:18,433 [grpc-default-executor-2] INFO  leader.FollowerInfo (FollowerInfoImpl.java:lambda$new$0(46)) - 682f795c-fd6e-4513-96f4-ff699a8baeca@group-2D885C1E68F8->aff66e22-6e70-443d-9eb4-a88275d3a955: nextIndex: updateUnconditionally 1 -> 0
2021-09-28 01:16:18,433 [a68edfa1-dc1a-41e9-a365-15c521233673@group-B741A2237F14-StateMachineUpdater] INFO  ratis.ContainerStateMachine (ContainerStateMachine.java:takeSnapshot(303)) - group-B741A2237F14: Finished taking a snapshot at:(t:1, i:0) file:/home/runner/work/ozone/ozone/hadoop-ozone/integration-test/target/test-dir/MiniOzoneClusterImpl-4882f729-1751-4fe5-a7fb-8e9138349e05/datanode-0/data/ratis/2a578fb3-1c0d-4b94-8d03-b741a2237f14/sm/snapshot.1_0 took: 1 ms
2021-09-28 01:16:18,433 [682f795c-fd6e-4513-96f4-ff699a8baeca@group-2D885C1E68F8-SegmentedRaftLogWorker] INFO  segmented.SegmentedRaftLogWorker (SegmentedRaftLogWorker.java:run(327)) - 682f795c-fd6e-4513-96f4-ff699a8baeca@group-2D885C1E68F8-SegmentedRaftLogWorker was interrupted, exiting. There are 0 tasks remaining in the queue.
2021-09-28 01:16:18,433 [a68edfa1-dc1a-41e9-a365-15c521233673@group-B741A2237F14-StateMachineUpdater] INFO  impl.StateMachineUpdater (StateMachineUpdater.java:takeSnapshot(281)) - a68edfa1-dc1a-41e9-a365-15c521233673@group-B741A2237F14-StateMachineUpdater: Took a snapshot at index 0
2021-09-28 01:16:18,433 [a68edfa1-dc1a-41e9-a365-15c521233673@group-B741A2237F14-StateMachineUpdater] INFO  impl.StateMachineUpdater (StateMachineUpdater.java:lambda$new$0(89)) - a68edfa1-dc1a-41e9-a365-15c521233673@group-B741A2237F14-StateMachineUpdater: snapshotIndex: updateIncreasingly -1 -> 0
2021-09-28 01:16:18,435 [Listener at 127.0.0.1/13700] INFO  segmented.SegmentedRaftLogWorker (SegmentedRaftLogWorker.java:close(237)) - 682f795c-fd6e-4513-96f4-ff699a8baeca@group-2D885C1E68F8-SegmentedRaftLogWorker close()
2021-09-28 01:16:18,435 [ForkJoinPool.commonPool-worker-1] INFO  server.RaftServer$Division (ServerState.java:close(419)) - a68edfa1-dc1a-41e9-a365-15c521233673@group-B741A2237F14: closes. applyIndex: 0
2021-09-28 01:16:18,436 [Listener at 127.0.0.1/13700] INFO  server.RaftServer$Division (RaftServerImpl.java:lambda$close$4(407)) - 682f795c-fd6e-4513-96f4-ff699a8baeca@group-0C6976726A89: shutdown
2021-09-28 01:16:18,436 [a68edfa1-dc1a-41e9-a365-15c521233673@group-B741A2237F14-SegmentedRaftLogWorker] INFO  segmented.SegmentedRaftLogWorker (SegmentedRaftLogWorker.java:run(327)) - a68edfa1-dc1a-41e9-a365-15c521233673@group-B741A2237F14-SegmentedRaftLogWorker was interrupted, exiting. There are 0 tasks remaining in the queue.
2021-09-28 01:16:18,436 [Listener at 127.0.0.1/13700] INFO  util.JmxRegister (JmxRegister.java:unregister(73)) - Successfully un-registered JMX Bean with object name Ratis:service=RaftServer,group=group-0C6976726A89,id=682f795c-fd6e-4513-96f4-ff699a8baeca
2021-09-28 01:16:18,436 [Listener at 127.0.0.1/13700] INFO  impl.RoleInfo (RoleInfo.java:shutdownFollowerState(108)) - 682f795c-fd6e-4513-96f4-ff699a8baeca: shutdown 682f795c-fd6e-4513-96f4-ff699a8baeca@group-0C6976726A89-FollowerState
2021-09-28 01:16:18,436 [Listener at 127.0.0.1/13700] INFO  impl.StateMachineUpdater (StateMachineUpdater.java:stopAndJoin(149)) - 682f795c-fd6e-4513-96f4-ff699a8baeca@group-0C6976726A89-StateMachineUpdater: set stopIndex = 0
2021-09-28 01:16:18,437 [682f795c-fd6e-4513-96f4-ff699a8baeca@group-0C6976726A89-StateMachineUpdater] INFO  ratis.ContainerStateMachine (ContainerStateMachine.java:takeSnapshot(292)) - group-0C6976726A89: Taking a snapshot at:(t:4, i:0) file /home/runner/work/ozone/ozone/hadoop-ozone/integration-test/target/test-dir/MiniOzoneClusterImpl-4882f729-1751-4fe5-a7fb-8e9138349e05/datanode-1/data/ratis/079304ac-6366-4ac1-b056-0c6976726a89/sm/snapshot.4_0
2021-09-28 01:16:18,436 [682f795c-fd6e-4513-96f4-ff699a8baeca@group-0C6976726A89-FollowerState] INFO  impl.FollowerState (FollowerState.java:run(143)) - 682f795c-fd6e-4513-96f4-ff699a8baeca@group-0C6976726A89-FollowerState was interrupted: {}
java.lang.InterruptedException: sleep interrupted
	at java.lang.Thread.sleep(Native Method)
	at java.lang.Thread.sleep(Thread.java:340)
	at java.util.concurrent.TimeUnit.sleep(TimeUnit.java:386)
	at org.apache.ratis.util.TimeDuration.sleep(TimeDuration.java:324)
	at org.apache.ratis.util.TimeDuration.sleep(TimeDuration.java:309)
	at org.apache.ratis.server.impl.FollowerState.run(FollowerState.java:118)
2021-09-28 01:16:18,437 [ForkJoinPool.commonPool-worker-1] INFO  segmented.SegmentedRaftLogWorker (SegmentedRaftLogWorker.java:close(237)) - a68edfa1-dc1a-41e9-a365-15c521233673@group-B741A2237F14-SegmentedRaftLogWorker close()
2021-09-28 01:16:18,440 [ForkJoinPool.commonPool-worker-1] INFO  server.RaftServer$Division (RaftServerImpl.java:lambda$close$4(407)) - a68edfa1-dc1a-41e9-a365-15c521233673@group-2D885C1E68F8: shutdown
2021-09-28 01:16:18,440 [ForkJoinPool.commonPool-worker-1] INFO  util.JmxRegister (JmxRegister.java:unregister(73)) - Successfully un-registered JMX Bean with object name Ratis:service=RaftServer,group=group-2D885C1E68F8,id=a68edfa1-dc1a-41e9-a365-15c521233673
2021-09-28 01:16:18,440 [ForkJoinPool.commonPool-worker-1] INFO  impl.RoleInfo (RoleInfo.java:shutdownFollowerState(108)) - a68edfa1-dc1a-41e9-a365-15c521233673: shutdown a68edfa1-dc1a-41e9-a365-15c521233673@group-2D885C1E68F8-FollowerState
2021-09-28 01:16:18,441 [a68edfa1-dc1a-41e9-a365-15c521233673@group-2D885C1E68F8-FollowerState] INFO  impl.FollowerState (FollowerState.java:run(143)) - a68edfa1-dc1a-41e9-a365-15c521233673@group-2D885C1E68F8-FollowerState was interrupted: {}
java.lang.InterruptedException: sleep interrupted
	at java.lang.Thread.sleep(Native Method)
	at java.lang.Thread.sleep(Thread.java:340)
	at java.util.concurrent.TimeUnit.sleep(TimeUnit.java:386)
	at org.apache.ratis.util.TimeDuration.sleep(TimeDuration.java:324)
	at org.apache.ratis.util.TimeDuration.sleep(TimeDuration.java:309)
	at org.apache.ratis.server.impl.FollowerState.run(FollowerState.java:118)
2021-09-28 01:16:18,441 [a68edfa1-dc1a-41e9-a365-15c521233673@group-2D885C1E68F8-StateMachineUpdater] INFO  ratis.ContainerStateMachine (ContainerStateMachine.java:takeSnapshot(292)) - group-2D885C1E68F8: Taking a snapshot at:(t:3, i:0) file /home/runner/work/ozone/ozone/hadoop-ozone/integration-test/target/test-dir/MiniOzoneClusterImpl-4882f729-1751-4fe5-a7fb-8e9138349e05/datanode-0/data/ratis/9ad2b109-4306-4293-a84a-2d885c1e68f8/sm/snapshot.3_0
2021-09-28 01:16:18,441 [ForkJoinPool.commonPool-worker-1] INFO  impl.StateMachineUpdater (StateMachineUpdater.java:stopAndJoin(149)) - a68edfa1-dc1a-41e9-a365-15c521233673@group-2D885C1E68F8-StateMachineUpdater: set stopIndex = 0
2021-09-28 01:16:18,442 [a68edfa1-dc1a-41e9-a365-15c521233673@group-2D885C1E68F8-StateMachineUpdater] INFO  ratis.ContainerStateMachine (ContainerStateMachine.java:takeSnapshot(303)) - group-2D885C1E68F8: Finished taking a snapshot at:(t:3, i:0) file:/home/runner/work/ozone/ozone/hadoop-ozone/integration-test/target/test-dir/MiniOzoneClusterImpl-4882f729-1751-4fe5-a7fb-8e9138349e05/datanode-0/data/ratis/9ad2b109-4306-4293-a84a-2d885c1e68f8/sm/snapshot.3_0 took: 0 ms
2021-09-28 01:16:18,442 [a68edfa1-dc1a-41e9-a365-15c521233673@group-2D885C1E68F8-StateMachineUpdater] INFO  impl.StateMachineUpdater (StateMachineUpdater.java:takeSnapshot(281)) - a68edfa1-dc1a-41e9-a365-15c521233673@group-2D885C1E68F8-StateMachineUpdater: Took a snapshot at index 0
2021-09-28 01:16:18,442 [a68edfa1-dc1a-41e9-a365-15c521233673@group-2D885C1E68F8-StateMachineUpdater] INFO  impl.StateMachineUpdater (StateMachineUpdater.java:lambda$new$0(89)) - a68edfa1-dc1a-41e9-a365-15c521233673@group-2D885C1E68F8-StateMachineUpdater: snapshotIndex: updateIncreasingly -1 -> 0
2021-09-28 01:16:18,442 [682f795c-fd6e-4513-96f4-ff699a8baeca@group-0C6976726A89-StateMachineUpdater] INFO  ratis.ContainerStateMachine (ContainerStateMachine.java:takeSnapshot(303)) - group-0C6976726A89: Finished taking a snapshot at:(t:4, i:0) file:/home/runner/work/ozone/ozone/hadoop-ozone/integration-test/target/test-dir/MiniOzoneClusterImpl-4882f729-1751-4fe5-a7fb-8e9138349e05/datanode-1/data/ratis/079304ac-6366-4ac1-b056-0c6976726a89/sm/snapshot.4_0 took: 6 ms
2021-09-28 01:16:18,443 [682f795c-fd6e-4513-96f4-ff699a8baeca@group-0C6976726A89-StateMachineUpdater] INFO  impl.StateMachineUpdater (StateMachineUpdater.java:takeSnapshot(281)) - 682f795c-fd6e-4513-96f4-ff699a8baeca@group-0C6976726A89-StateMachineUpdater: Took a snapshot at index 0
2021-09-28 01:16:18,443 [682f795c-fd6e-4513-96f4-ff699a8baeca@group-0C6976726A89-StateMachineUpdater] INFO  impl.StateMachineUpdater (StateMachineUpdater.java:lambda$new$0(89)) - 682f795c-fd6e-4513-96f4-ff699a8baeca@group-0C6976726A89-StateMachineUpdater: snapshotIndex: updateIncreasingly -1 -> 0
2021-09-28 01:16:18,443 [Listener at 127.0.0.1/13700] INFO  server.RaftServer$Division (ServerState.java:close(419)) - 682f795c-fd6e-4513-96f4-ff699a8baeca@group-0C6976726A89: closes. applyIndex: 0
2021-09-28 01:16:18,443 [ForkJoinPool.commonPool-worker-1] INFO  server.RaftServer$Division (ServerState.java:close(419)) - a68edfa1-dc1a-41e9-a365-15c521233673@group-2D885C1E68F8: closes. applyIndex: 0
2021-09-28 01:16:18,443 [682f795c-fd6e-4513-96f4-ff699a8baeca@group-0C6976726A89-SegmentedRaftLogWorker] INFO  segmented.SegmentedRaftLogWorker (SegmentedRaftLogWorker.java:run(327)) - 682f795c-fd6e-4513-96f4-ff699a8baeca@group-0C6976726A89-SegmentedRaftLogWorker was interrupted, exiting. There are 0 tasks remaining in the queue.
2021-09-28 01:16:18,443 [a68edfa1-dc1a-41e9-a365-15c521233673@group-2D885C1E68F8-SegmentedRaftLogWorker] INFO  segmented.SegmentedRaftLogWorker (SegmentedRaftLogWorker.java:run(327)) - a68edfa1-dc1a-41e9-a365-15c521233673@group-2D885C1E68F8-SegmentedRaftLogWorker was interrupted, exiting. There are 0 tasks remaining in the queue.
2021-09-28 01:16:18,444 [Listener at 127.0.0.1/13700] INFO  segmented.SegmentedRaftLogWorker (SegmentedRaftLogWorker.java:close(237)) - 682f795c-fd6e-4513-96f4-ff699a8baeca@group-0C6976726A89-SegmentedRaftLogWorker close()
2021-09-28 01:16:18,444 [ForkJoinPool.commonPool-worker-1] INFO  segmented.SegmentedRaftLogWorker (SegmentedRaftLogWorker.java:close(237)) - a68edfa1-dc1a-41e9-a365-15c521233673@group-2D885C1E68F8-SegmentedRaftLogWorker close()
2021-09-28 01:16:18,444 [Listener at 127.0.0.1/13700] INFO  server.RaftServer$Division (RaftServerImpl.java:lambda$close$4(407)) - 682f795c-fd6e-4513-96f4-ff699a8baeca@group-31DA78918DF0: shutdown
2021-09-28 01:16:18,450 [Listener at 127.0.0.1/13700] INFO  util.JmxRegister (JmxRegister.java:unregister(73)) - Successfully un-registered JMX Bean with object name Ratis:service=RaftServer,group=group-31DA78918DF0,id=682f795c-fd6e-4513-96f4-ff699a8baeca
2021-09-28 01:16:18,450 [Listener at 127.0.0.1/13700] INFO  impl.RoleInfo (RoleInfo.java:shutdownLeaderState(91)) - 682f795c-fd6e-4513-96f4-ff699a8baeca: shutdown 682f795c-fd6e-4513-96f4-ff699a8baeca@group-31DA78918DF0-LeaderStateImpl
2021-09-28 01:16:18,450 [Listener at 127.0.0.1/13700] INFO  impl.PendingRequests (PendingRequests.java:sendNotLeaderResponses(282)) - 682f795c-fd6e-4513-96f4-ff699a8baeca@group-31DA78918DF0-PendingRequests: sendNotLeaderResponses
2021-09-28 01:16:18,451 [Listener at 127.0.0.1/13700] INFO  impl.StateMachineUpdater (StateMachineUpdater.java:stopAndJoin(149)) - 682f795c-fd6e-4513-96f4-ff699a8baeca@group-31DA78918DF0-StateMachineUpdater: set stopIndex = 0
2021-09-28 01:16:18,451 [682f795c-fd6e-4513-96f4-ff699a8baeca@group-31DA78918DF0-StateMachineUpdater] INFO  ratis.ContainerStateMachine (ContainerStateMachine.java:takeSnapshot(292)) - group-31DA78918DF0: Taking a snapshot at:(t:1, i:0) file /home/runner/work/ozone/ozone/hadoop-ozone/integration-test/target/test-dir/MiniOzoneClusterImpl-4882f729-1751-4fe5-a7fb-8e9138349e05/datanode-1/data/ratis/b654463b-433c-4d61-a756-31da78918df0/sm/snapshot.1_0
2021-09-28 01:16:18,455 [ForkJoinPool.commonPool-worker-1] INFO  server.RaftServer$Division (RaftServerImpl.java:lambda$close$4(407)) - a68edfa1-dc1a-41e9-a365-15c521233673@group-0C6976726A89: shutdown
2021-09-28 01:16:18,455 [ForkJoinPool.commonPool-worker-1] INFO  util.JmxRegister (JmxRegister.java:unregister(73)) - Successfully un-registered JMX Bean with object name Ratis:service=RaftServer,group=group-0C6976726A89,id=a68edfa1-dc1a-41e9-a365-15c521233673
2021-09-28 01:16:18,455 [682f795c-fd6e-4513-96f4-ff699a8baeca@group-31DA78918DF0-StateMachineUpdater] INFO  ratis.ContainerStateMachine (ContainerStateMachine.java:takeSnapshot(303)) - group-31DA78918DF0: Finished taking a snapshot at:(t:1, i:0) file:/home/runner/work/ozone/ozone/hadoop-ozone/integration-test/target/test-dir/MiniOzoneClusterImpl-4882f729-1751-4fe5-a7fb-8e9138349e05/datanode-1/data/ratis/b654463b-433c-4d61-a756-31da78918df0/sm/snapshot.1_0 took: 4 ms
2021-09-28 01:16:18,455 [ForkJoinPool.commonPool-worker-1] INFO  impl.RoleInfo (RoleInfo.java:shutdownFollowerState(108)) - a68edfa1-dc1a-41e9-a365-15c521233673: shutdown a68edfa1-dc1a-41e9-a365-15c521233673@group-0C6976726A89-FollowerState
2021-09-28 01:16:18,455 [682f795c-fd6e-4513-96f4-ff699a8baeca@group-31DA78918DF0-StateMachineUpdater] INFO  impl.StateMachineUpdater (StateMachineUpdater.java:takeSnapshot(281)) - 682f795c-fd6e-4513-96f4-ff699a8baeca@group-31DA78918DF0-StateMachineUpdater: Took a snapshot at index 0
2021-09-28 01:16:18,455 [a68edfa1-dc1a-41e9-a365-15c521233673@group-0C6976726A89-FollowerState] INFO  impl.FollowerState (FollowerState.java:run(143)) - a68edfa1-dc1a-41e9-a365-15c521233673@group-0C6976726A89-FollowerState was interrupted: {}
java.lang.InterruptedException: sleep interrupted
	at java.lang.Thread.sleep(Native Method)
	at java.lang.Thread.sleep(Thread.java:340)
	at java.util.concurrent.TimeUnit.sleep(TimeUnit.java:386)
	at org.apache.ratis.util.TimeDuration.sleep(TimeDuration.java:324)
	at org.apache.ratis.util.TimeDuration.sleep(TimeDuration.java:309)
	at org.apache.ratis.server.impl.FollowerState.run(FollowerState.java:118)
2021-09-28 01:16:18,455 [682f795c-fd6e-4513-96f4-ff699a8baeca@group-31DA78918DF0-StateMachineUpdater] INFO  impl.StateMachineUpdater (StateMachineUpdater.java:lambda$new$0(89)) - 682f795c-fd6e-4513-96f4-ff699a8baeca@group-31DA78918DF0-StateMachineUpdater: snapshotIndex: updateIncreasingly -1 -> 0
2021-09-28 01:16:18,456 [Listener at 127.0.0.1/13700] INFO  server.RaftServer$Division (ServerState.java:close(419)) - 682f795c-fd6e-4513-96f4-ff699a8baeca@group-31DA78918DF0: closes. applyIndex: 0
2021-09-28 01:16:18,462 [682f795c-fd6e-4513-96f4-ff699a8baeca@group-31DA78918DF0-SegmentedRaftLogWorker] INFO  segmented.SegmentedRaftLogWorker (SegmentedRaftLogWorker.java:run(327)) - 682f795c-fd6e-4513-96f4-ff699a8baeca@group-31DA78918DF0-SegmentedRaftLogWorker was interrupted, exiting. There are 0 tasks remaining in the queue.
2021-09-28 01:16:18,462 [ForkJoinPool.commonPool-worker-1] INFO  impl.StateMachineUpdater (StateMachineUpdater.java:stopAndJoin(149)) - a68edfa1-dc1a-41e9-a365-15c521233673@group-0C6976726A89-StateMachineUpdater: set stopIndex = 0
2021-09-28 01:16:18,462 [a68edfa1-dc1a-41e9-a365-15c521233673@group-0C6976726A89-StateMachineUpdater] INFO  ratis.ContainerStateMachine (ContainerStateMachine.java:takeSnapshot(292)) - group-0C6976726A89: Taking a snapshot at:(t:4, i:0) file /home/runner/work/ozone/ozone/hadoop-ozone/integration-test/target/test-dir/MiniOzoneClusterImpl-4882f729-1751-4fe5-a7fb-8e9138349e05/datanode-0/data/ratis/079304ac-6366-4ac1-b056-0c6976726a89/sm/snapshot.4_0
2021-09-28 01:16:18,466 [a68edfa1-dc1a-41e9-a365-15c521233673@group-0C6976726A89-StateMachineUpdater] INFO  ratis.ContainerStateMachine (ContainerStateMachine.java:takeSnapshot(303)) - group-0C6976726A89: Finished taking a snapshot at:(t:4, i:0) file:/home/runner/work/ozone/ozone/hadoop-ozone/integration-test/target/test-dir/MiniOzoneClusterImpl-4882f729-1751-4fe5-a7fb-8e9138349e05/datanode-0/data/ratis/079304ac-6366-4ac1-b056-0c6976726a89/sm/snapshot.4_0 took: 3 ms
2021-09-28 01:16:18,466 [a68edfa1-dc1a-41e9-a365-15c521233673@group-0C6976726A89-StateMachineUpdater] INFO  impl.StateMachineUpdater (StateMachineUpdater.java:takeSnapshot(281)) - a68edfa1-dc1a-41e9-a365-15c521233673@group-0C6976726A89-StateMachineUpdater: Took a snapshot at index 0
2021-09-28 01:16:18,466 [a68edfa1-dc1a-41e9-a365-15c521233673@group-0C6976726A89-StateMachineUpdater] INFO  impl.StateMachineUpdater (StateMachineUpdater.java:lambda$new$0(89)) - a68edfa1-dc1a-41e9-a365-15c521233673@group-0C6976726A89-StateMachineUpdater: snapshotIndex: updateIncreasingly -1 -> 0
2021-09-28 01:16:18,466 [ForkJoinPool.commonPool-worker-1] INFO  server.RaftServer$Division (ServerState.java:close(419)) - a68edfa1-dc1a-41e9-a365-15c521233673@group-0C6976726A89: closes. applyIndex: 0
2021-09-28 01:16:18,466 [a68edfa1-dc1a-41e9-a365-15c521233673@group-0C6976726A89-SegmentedRaftLogWorker] INFO  segmented.SegmentedRaftLogWorker (SegmentedRaftLogWorker.java:run(327)) - a68edfa1-dc1a-41e9-a365-15c521233673@group-0C6976726A89-SegmentedRaftLogWorker was interrupted, exiting. There are 0 tasks remaining in the queue.
2021-09-28 01:16:18,473 [Listener at 127.0.0.1/13700] INFO  segmented.SegmentedRaftLogWorker (SegmentedRaftLogWorker.java:close(237)) - 682f795c-fd6e-4513-96f4-ff699a8baeca@group-31DA78918DF0-SegmentedRaftLogWorker close()
2021-09-28 01:16:18,473 [ForkJoinPool.commonPool-worker-1] INFO  segmented.SegmentedRaftLogWorker (SegmentedRaftLogWorker.java:close(237)) - a68edfa1-dc1a-41e9-a365-15c521233673@group-0C6976726A89-SegmentedRaftLogWorker close()
2021-09-28 01:16:18,474 [Listener at 127.0.0.1/13700] INFO  server.GrpcService (GrpcService.java:closeImpl(262)) - 682f795c-fd6e-4513-96f4-ff699a8baeca: shutdown server with port 41003 now
2021-09-28 01:16:18,475 [ForkJoinPool.commonPool-worker-1] INFO  server.GrpcService (GrpcService.java:closeImpl(262)) - a68edfa1-dc1a-41e9-a365-15c521233673: shutdown server with port 40889 now
2021-09-28 01:16:18,478 [grpc-default-executor-1] WARN  server.GrpcServerProtocolService (LogUtils.java:warn(122)) - 682f795c-fd6e-4513-96f4-ff699a8baeca: installSnapshot onError, lastRequest: aff66e22-6e70-443d-9eb4-a88275d3a955->682f795c-fd6e-4513-96f4-ff699a8baeca#1-t4,previous=(t:0, i:0),leaderCommit=-1,initializing? true,entries: size=1, first=(t:4, i:0), CONFIGURATIONENTRY: org.apache.ratis.thirdparty.io.grpc.StatusRuntimeException: CANCELLED: client cancelled
2021-09-28 01:16:18,478 [grpc-default-executor-1] WARN  server.GrpcLogAppender (LogUtils.java:warn(122)) - aff66e22-6e70-443d-9eb4-a88275d3a955@group-0C6976726A89->682f795c-fd6e-4513-96f4-ff699a8baeca-AppendLogResponseHandler: Failed appendEntries: org.apache.ratis.thirdparty.io.grpc.StatusRuntimeException: CANCELLED: HTTP/2 error code: CANCEL
Received Rst Stream
2021-09-28 01:16:18,479 [grpc-default-executor-1] WARN  server.GrpcLogAppender (GrpcLogAppender.java:resetClient(111)) - aff66e22-6e70-443d-9eb4-a88275d3a955@group-0C6976726A89->682f795c-fd6e-4513-96f4-ff699a8baeca-GrpcLogAppender: Leader has not got in touch with Follower aff66e22-6e70-443d-9eb4-a88275d3a955@group-0C6976726A89->682f795c-fd6e-4513-96f4-ff699a8baeca(c0,m0,n1, attendVote=true, lastRpcSendTime=1718, lastRpcResponseTime=1707) yet, just keep nextIndex unchanged and retry.
2021-09-28 01:16:18,480 [grpc-default-executor-2] WARN  server.GrpcServerProtocolService (LogUtils.java:warn(122)) - a68edfa1-dc1a-41e9-a365-15c521233673: installSnapshot onError, lastRequest: aff66e22-6e70-443d-9eb4-a88275d3a955->a68edfa1-dc1a-41e9-a365-15c521233673#1-t4,previous=(t:0, i:0),leaderCommit=-1,initializing? true,entries: size=1, first=(t:4, i:0), CONFIGURATIONENTRY: org.apache.ratis.thirdparty.io.grpc.StatusRuntimeException: CANCELLED: client cancelled
2021-09-28 01:16:18,482 [ForkJoinPool.commonPool-worker-1] INFO  server.GrpcService (GrpcService.java:closeImpl(271)) - a68edfa1-dc1a-41e9-a365-15c521233673: shutdown server with port 40889 successfully
2021-09-28 01:16:18,483 [org.apache.ratis.util.JvmPauseMonitor$$Lambda$499/1893987183@2ccf928e] INFO  util.JvmPauseMonitor (JvmPauseMonitor.java:run(109)) - JvmPauseMonitor-a68edfa1-dc1a-41e9-a365-15c521233673: Stopped
2021-09-28 01:16:18,483 [grpc-default-executor-2] WARN  server.GrpcLogAppender (LogUtils.java:warn(122)) - aff66e22-6e70-443d-9eb4-a88275d3a955@group-0C6976726A89->a68edfa1-dc1a-41e9-a365-15c521233673-AppendLogResponseHandler: Failed appendEntries: org.apache.ratis.thirdparty.io.grpc.StatusRuntimeException: CANCELLED: HTTP/2 error code: CANCEL
Received Rst Stream
2021-09-28 01:16:18,483 [grpc-default-executor-2] WARN  server.GrpcLogAppender (GrpcLogAppender.java:resetClient(111)) - aff66e22-6e70-443d-9eb4-a88275d3a955@group-0C6976726A89->a68edfa1-dc1a-41e9-a365-15c521233673-GrpcLogAppender: Leader has not got in touch with Follower aff66e22-6e70-443d-9eb4-a88275d3a955@group-0C6976726A89->a68edfa1-dc1a-41e9-a365-15c521233673(c0,m0,n1, attendVote=true, lastRpcSendTime=1756, lastRpcResponseTime=1748) yet, just keep nextIndex unchanged and retry.
2021-09-28 01:16:18,487 [Listener at 127.0.0.1/13700] INFO  server.GrpcService (GrpcService.java:closeImpl(271)) - 682f795c-fd6e-4513-96f4-ff699a8baeca: shutdown server with port 41003 successfully
2021-09-28 01:16:18,487 [org.apache.ratis.util.JvmPauseMonitor$$Lambda$499/1893987183@2d5958ca] INFO  util.JvmPauseMonitor (JvmPauseMonitor.java:run(109)) - JvmPauseMonitor-682f795c-fd6e-4513-96f4-ff699a8baeca: Stopped
2021-09-28 01:16:18,488 [Listener at 127.0.0.1/13700] INFO  utils.BackgroundService (BackgroundService.java:shutdown(132)) - Shutting down service BlockDeletingService
2021-09-28 01:16:18,519 [ForkJoinPool.commonPool-worker-1] INFO  utils.BackgroundService (BackgroundService.java:shutdown(132)) - Shutting down service BlockDeletingService
2021-09-28 01:16:18,570 [EndpointStateMachine task thread for /127.0.0.1:15977 - 0 ] INFO  ipc.Client (Client.java:handleConnectionFailure(977)) - Retrying connect to server: localhost/127.0.0.1:15977. Already tried 7 time(s); retry policy is RetryUpToMaximumCountWithFixedSleep(maxRetries=15, sleepTime=1000 MILLISECONDS)
2021-09-28 01:16:18,619 [EndpointStateMachine task thread for /127.0.0.1:14235 - 0 ] INFO  ipc.Client (Client.java:handleConnectionFailure(977)) - Retrying connect to server: localhost/127.0.0.1:14235. Already tried 5 time(s); retry policy is RetryUpToMaximumCountWithFixedSleep(maxRetries=15, sleepTime=1000 MILLISECONDS)
2021-09-28 01:16:18,622 [EndpointStateMachine task thread for /127.0.0.1:14225 - 0 ] INFO  ipc.Client (Client.java:handleConnectionFailure(977)) - Retrying connect to server: localhost/127.0.0.1:14225. Already tried 5 time(s); retry policy is RetryUpToMaximumCountWithFixedSleep(maxRetries=15, sleepTime=1000 MILLISECONDS)
2021-09-28 01:16:18,793 [EndpointStateMachine task thread for /127.0.0.1:15967 - 0 ] INFO  ipc.Client (Client.java:handleConnectionFailure(977)) - Retrying connect to server: localhost/127.0.0.1:15967. Already tried 7 time(s); retry policy is RetryUpToMaximumCountWithFixedSleep(maxRetries=15, sleepTime=1000 MILLISECONDS)
2021-09-28 01:16:19,122 [EndpointStateMachine task thread for /127.0.0.1:14245 - 0 ] INFO  ipc.Client (Client.java:handleConnectionFailure(977)) - Retrying connect to server: localhost/127.0.0.1:14245. Already tried 6 time(s); retry policy is RetryUpToMaximumCountWithFixedSleep(maxRetries=15, sleepTime=1000 MILLISECONDS)
2021-09-28 01:16:19,256 [grpc-default-executor-2] WARN  server.GrpcLogAppender (LogUtils.java:warn(122)) - aff66e22-6e70-443d-9eb4-a88275d3a955@group-0C6976726A89->a68edfa1-dc1a-41e9-a365-15c521233673-AppendLogResponseHandler: Failed appendEntries: org.apache.ratis.thirdparty.io.grpc.StatusRuntimeException: UNAVAILABLE: io exception
2021-09-28 01:16:19,257 [grpc-default-executor-2] WARN  server.GrpcLogAppender (GrpcLogAppender.java:resetClient(111)) - aff66e22-6e70-443d-9eb4-a88275d3a955@group-0C6976726A89->a68edfa1-dc1a-41e9-a365-15c521233673-GrpcLogAppender: Leader has not got in touch with Follower aff66e22-6e70-443d-9eb4-a88275d3a955@group-0C6976726A89->a68edfa1-dc1a-41e9-a365-15c521233673(c0,m0,n1, attendVote=true, lastRpcSendTime=0, lastRpcResponseTime=2522) yet, just keep nextIndex unchanged and retry.
2021-09-28 01:16:19,289 [grpc-default-executor-2] WARN  server.GrpcLogAppender (LogUtils.java:warn(122)) - aff66e22-6e70-443d-9eb4-a88275d3a955@group-0C6976726A89->682f795c-fd6e-4513-96f4-ff699a8baeca-AppendLogResponseHandler: Failed appendEntries: org.apache.ratis.thirdparty.io.grpc.StatusRuntimeException: UNAVAILABLE: io exception
2021-09-28 01:16:19,290 [grpc-default-executor-2] WARN  server.GrpcLogAppender (GrpcLogAppender.java:resetClient(111)) - aff66e22-6e70-443d-9eb4-a88275d3a955@group-0C6976726A89->682f795c-fd6e-4513-96f4-ff699a8baeca-GrpcLogAppender: Leader has not got in touch with Follower aff66e22-6e70-443d-9eb4-a88275d3a955@group-0C6976726A89->682f795c-fd6e-4513-96f4-ff699a8baeca(c0,m0,n1, attendVote=true, lastRpcSendTime=0, lastRpcResponseTime=2518) yet, just keep nextIndex unchanged and retry.
2021-09-28 01:16:19,408 [EndpointStateMachine task thread for /127.0.0.1:15957 - 0 ] INFO  ipc.Client (Client.java:handleConnectionFailure(977)) - Retrying connect to server: localhost/127.0.0.1:15957. Already tried 7 time(s); retry policy is RetryUpToMaximumCountWithFixedSleep(maxRetries=15, sleepTime=1000 MILLISECONDS)
2021-09-28 01:16:19,571 [EndpointStateMachine task thread for /127.0.0.1:15977 - 0 ] INFO  ipc.Client (Client.java:handleConnectionFailure(977)) - Retrying connect to server: localhost/127.0.0.1:15977. Already tried 8 time(s); retry policy is RetryUpToMaximumCountWithFixedSleep(maxRetries=15, sleepTime=1000 MILLISECONDS)
2021-09-28 01:16:19,619 [EndpointStateMachine task thread for /127.0.0.1:14235 - 0 ] INFO  ipc.Client (Client.java:handleConnectionFailure(977)) - Retrying connect to server: localhost/127.0.0.1:14235. Already tried 6 time(s); retry policy is RetryUpToMaximumCountWithFixedSleep(maxRetries=15, sleepTime=1000 MILLISECONDS)
2021-09-28 01:16:19,622 [EndpointStateMachine task thread for /127.0.0.1:14225 - 0 ] INFO  ipc.Client (Client.java:handleConnectionFailure(977)) - Retrying connect to server: localhost/127.0.0.1:14225. Already tried 6 time(s); retry policy is RetryUpToMaximumCountWithFixedSleep(maxRetries=15, sleepTime=1000 MILLISECONDS)
2021-09-28 01:16:19,793 [EndpointStateMachine task thread for /127.0.0.1:15967 - 0 ] INFO  ipc.Client (Client.java:handleConnectionFailure(977)) - Retrying connect to server: localhost/127.0.0.1:15967. Already tried 8 time(s); retry policy is RetryUpToMaximumCountWithFixedSleep(maxRetries=15, sleepTime=1000 MILLISECONDS)
2021-09-28 01:16:20,130 [EndpointStateMachine task thread for /127.0.0.1:14245 - 0 ] INFO  ipc.Client (Client.java:handleConnectionFailure(977)) - Retrying connect to server: localhost/127.0.0.1:14245. Already tried 7 time(s); retry policy is RetryUpToMaximumCountWithFixedSleep(maxRetries=15, sleepTime=1000 MILLISECONDS)
2021-09-28 01:16:20,418 [EndpointStateMachine task thread for /127.0.0.1:15957 - 0 ] INFO  ipc.Client (Client.java:handleConnectionFailure(977)) - Retrying connect to server: localhost/127.0.0.1:15957. Already tried 8 time(s); retry policy is RetryUpToMaximumCountWithFixedSleep(maxRetries=15, sleepTime=1000 MILLISECONDS)
2021-09-28 01:16:20,571 [EndpointStateMachine task thread for /127.0.0.1:15977 - 0 ] INFO  ipc.Client (Client.java:handleConnectionFailure(977)) - Retrying connect to server: localhost/127.0.0.1:15977. Already tried 9 time(s); retry policy is RetryUpToMaximumCountWithFixedSleep(maxRetries=15, sleepTime=1000 MILLISECONDS)
2021-09-28 01:16:20,620 [EndpointStateMachine task thread for /127.0.0.1:14235 - 0 ] INFO  ipc.Client (Client.java:handleConnectionFailure(977)) - Retrying connect to server: localhost/127.0.0.1:14235. Already tried 7 time(s); retry policy is RetryUpToMaximumCountWithFixedSleep(maxRetries=15, sleepTime=1000 MILLISECONDS)
2021-09-28 01:16:20,626 [EndpointStateMachine task thread for /127.0.0.1:14225 - 0 ] INFO  ipc.Client (Client.java:handleConnectionFailure(977)) - Retrying connect to server: localhost/127.0.0.1:14225. Already tried 7 time(s); retry policy is RetryUpToMaximumCountWithFixedSleep(maxRetries=15, sleepTime=1000 MILLISECONDS)
2021-09-28 01:16:20,794 [EndpointStateMachine task thread for /127.0.0.1:15967 - 0 ] INFO  ipc.Client (Client.java:handleConnectionFailure(977)) - Retrying connect to server: localhost/127.0.0.1:15967. Already tried 9 time(s); retry policy is RetryUpToMaximumCountWithFixedSleep(maxRetries=15, sleepTime=1000 MILLISECONDS)
2021-09-28 01:16:21,130 [EndpointStateMachine task thread for /127.0.0.1:14245 - 0 ] INFO  ipc.Client (Client.java:handleConnectionFailure(977)) - Retrying connect to server: localhost/127.0.0.1:14245. Already tried 8 time(s); retry policy is RetryUpToMaximumCountWithFixedSleep(maxRetries=15, sleepTime=1000 MILLISECONDS)
2021-09-28 01:16:21,418 [EndpointStateMachine task thread for /127.0.0.1:15957 - 0 ] INFO  ipc.Client (Client.java:handleConnectionFailure(977)) - Retrying connect to server: localhost/127.0.0.1:15957. Already tried 9 time(s); retry policy is RetryUpToMaximumCountWithFixedSleep(maxRetries=15, sleepTime=1000 MILLISECONDS)
2021-09-28 01:16:21,519 [Listener at 127.0.0.1/13700] INFO  statemachine.DatanodeStateMachine (DatanodeStateMachine.java:stopDaemon(515)) - Ozone container server stopped.
2021-09-28 01:16:21,520 [Listener at 127.0.0.1/13700] INFO  handler.ContextHandler (ContextHandler.java:doStop(1153)) - Stopped o.e.j.w.WebAppContext@423692e1{hddsDatanode,/,null,STOPPED}{jar:file:/home/runner/.m2/repository/org/apache/ozone/hdds-container-service/1.2.0-SNAPSHOT/hdds-container-service-1.2.0-SNAPSHOT.jar!/webapps/hddsDatanode}
2021-09-28 01:16:21,521 [Listener at 127.0.0.1/13700] INFO  server.AbstractConnector (AbstractConnector.java:doStop(381)) - Stopped ServerConnector@14a97e7a{HTTP/1.1, (http/1.1)}{0.0.0.0:0}
2021-09-28 01:16:21,521 [Listener at 127.0.0.1/13700] INFO  server.session (HouseKeeper.java:stopScavenging(149)) - node0 Stopped scavenging
2021-09-28 01:16:21,521 [Listener at 127.0.0.1/13700] INFO  handler.ContextHandler (ContextHandler.java:doStop(1153)) - Stopped o.e.j.s.ServletContextHandler@91ea12{static,/static,jar:file:/home/runner/.m2/repository/org/apache/ozone/hdds-container-service/1.2.0-SNAPSHOT/hdds-container-service-1.2.0-SNAPSHOT.jar!/webapps/static,STOPPED}
2021-09-28 01:16:21,521 [Listener at 127.0.0.1/13700] INFO  handler.ContextHandler (ContextHandler.java:doStop(1153)) - Stopped o.e.j.s.ServletContextHandler@68997634{logs,/logs,file:///home/runner/work/ozone/ozone/hadoop-ozone/integration-test/target/log,STOPPED}
2021-09-28 01:16:21,550 [ForkJoinPool.commonPool-worker-1] INFO  statemachine.DatanodeStateMachine (DatanodeStateMachine.java:stopDaemon(515)) - Ozone container server stopped.
2021-09-28 01:16:21,558 [ForkJoinPool.commonPool-worker-1] INFO  handler.ContextHandler (ContextHandler.java:doStop(1153)) - Stopped o.e.j.w.WebAppContext@779406fe{hddsDatanode,/,null,STOPPED}{jar:file:/home/runner/.m2/repository/org/apache/ozone/hdds-container-service/1.2.0-SNAPSHOT/hdds-container-service-1.2.0-SNAPSHOT.jar!/webapps/hddsDatanode}
2021-09-28 01:16:21,558 [ForkJoinPool.commonPool-worker-1] INFO  server.AbstractConnector (AbstractConnector.java:doStop(381)) - Stopped ServerConnector@4de73fd2{HTTP/1.1, (http/1.1)}{0.0.0.0:0}
2021-09-28 01:16:21,558 [ForkJoinPool.commonPool-worker-1] INFO  server.session (HouseKeeper.java:stopScavenging(149)) - node0 Stopped scavenging
2021-09-28 01:16:21,562 [ForkJoinPool.commonPool-worker-1] INFO  handler.ContextHandler (ContextHandler.java:doStop(1153)) - Stopped o.e.j.s.ServletContextHandler@41919e19{static,/static,jar:file:/home/runner/.m2/repository/org/apache/ozone/hdds-container-service/1.2.0-SNAPSHOT/hdds-container-service-1.2.0-SNAPSHOT.jar!/webapps/static,STOPPED}
2021-09-28 01:16:21,562 [ForkJoinPool.commonPool-worker-1] INFO  handler.ContextHandler (ContextHandler.java:doStop(1153)) - Stopped o.e.j.s.ServletContextHandler@5da39ad8{logs,/logs,file:///home/runner/work/ozone/ozone/hadoop-ozone/integration-test/target/log,STOPPED}
2021-09-28 01:16:21,572 [EndpointStateMachine task thread for /127.0.0.1:15977 - 0 ] INFO  ipc.Client (Client.java:handleConnectionFailure(977)) - Retrying connect to server: localhost/127.0.0.1:15977. Already tried 10 time(s); retry policy is RetryUpToMaximumCountWithFixedSleep(maxRetries=15, sleepTime=1000 MILLISECONDS)
2021-09-28 01:16:21,621 [EndpointStateMachine task thread for /127.0.0.1:14235 - 0 ] INFO  ipc.Client (Client.java:handleConnectionFailure(977)) - Retrying connect to server: localhost/127.0.0.1:14235. Already tried 8 time(s); retry policy is RetryUpToMaximumCountWithFixedSleep(maxRetries=15, sleepTime=1000 MILLISECONDS)
2021-09-28 01:16:21,630 [aff66e22-6e70-443d-9eb4-a88275d3a955@group-2D885C1E68F8-FollowerState] INFO  impl.FollowerState (FollowerState.java:run(134)) - aff66e22-6e70-443d-9eb4-a88275d3a955@group-2D885C1E68F8-FollowerState: change to CANDIDATE, lastRpcElapsedTime:5367602343ns, electionTimeout:5145ms
2021-09-28 01:16:21,630 [aff66e22-6e70-443d-9eb4-a88275d3a955@group-2D885C1E68F8-FollowerState] INFO  impl.RoleInfo (RoleInfo.java:shutdownFollowerState(108)) - aff66e22-6e70-443d-9eb4-a88275d3a955: shutdown aff66e22-6e70-443d-9eb4-a88275d3a955@group-2D885C1E68F8-FollowerState
2021-09-28 01:16:21,630 [aff66e22-6e70-443d-9eb4-a88275d3a955@group-2D885C1E68F8-FollowerState] INFO  server.RaftServer$Division (RaftServerImpl.java:setRole(285)) - aff66e22-6e70-443d-9eb4-a88275d3a955@group-2D885C1E68F8: changes role from  FOLLOWER to CANDIDATE at term 3 for changeToCandidate
2021-09-28 01:16:21,630 [aff66e22-6e70-443d-9eb4-a88275d3a955@group-2D885C1E68F8-FollowerState] INFO  server.RaftServerConfigKeys (ConfUtils.java:logGet(44)) - raft.server.leaderelection.pre-vote = false (custom)
2021-09-28 01:16:21,630 [aff66e22-6e70-443d-9eb4-a88275d3a955@group-2D885C1E68F8-FollowerState] INFO  impl.RoleInfo (RoleInfo.java:updateAndGet(130)) - aff66e22-6e70-443d-9eb4-a88275d3a955: start aff66e22-6e70-443d-9eb4-a88275d3a955@group-2D885C1E68F8-LeaderElection28
2021-09-28 01:16:21,630 [Datanode State Machine Thread - 0] WARN  statemachine.StateContext (StateContext.java:setState(246)) - Ignore disallowed transition from SHUTDOWN to RUNNING
2021-09-28 01:16:21,630 [EndpointStateMachine task thread for /127.0.0.1:14225 - 0 ] INFO  ipc.Client (Client.java:handleConnectionFailure(977)) - Retrying connect to server: localhost/127.0.0.1:14225. Already tried 8 time(s); retry policy is RetryUpToMaximumCountWithFixedSleep(maxRetries=15, sleepTime=1000 MILLISECONDS)
2021-09-28 01:16:21,642 [aff66e22-6e70-443d-9eb4-a88275d3a955@group-2D885C1E68F8-LeaderElection28] INFO  server.RaftServer$Division (ServerState.java:setLeader(285)) - aff66e22-6e70-443d-9eb4-a88275d3a955@group-2D885C1E68F8: change Leader from 682f795c-fd6e-4513-96f4-ff699a8baeca to null at term 3 for ELECTION
2021-09-28 01:16:21,654 [aff66e22-6e70-443d-9eb4-a88275d3a955@group-2D885C1E68F8-LeaderElection28] INFO  impl.LeaderElection (LeaderElection.java:askForVotes(306)) - aff66e22-6e70-443d-9eb4-a88275d3a955@group-2D885C1E68F8-LeaderElection28 ELECTION round 0: submit vote requests at term 4 for 0: [a68edfa1-dc1a-41e9-a365-15c521233673|rpc:127.0.0.1:40889|dataStream:|priority:0, 682f795c-fd6e-4513-96f4-ff699a8baeca|rpc:127.0.0.1:41003|dataStream:|priority:1, aff66e22-6e70-443d-9eb4-a88275d3a955|rpc:127.0.0.1:45375|dataStream:|priority:0], old=null
2021-09-28 01:16:21,670 [aff66e22-6e70-443d-9eb4-a88275d3a955@group-2D885C1E68F8-LeaderElection28] INFO  impl.LeaderElection (LogUtils.java:infoOrTrace(137)) - aff66e22-6e70-443d-9eb4-a88275d3a955@group-2D885C1E68F8-LeaderElection28 got exception when requesting votes: java.util.concurrent.ExecutionException: org.apache.ratis.thirdparty.io.grpc.StatusRuntimeException: UNAVAILABLE: io exception
2021-09-28 01:16:21,670 [aff66e22-6e70-443d-9eb4-a88275d3a955@group-2D885C1E68F8-LeaderElection28] INFO  impl.LeaderElection (LogUtils.java:infoOrTrace(137)) - aff66e22-6e70-443d-9eb4-a88275d3a955@group-2D885C1E68F8-LeaderElection28 got exception when requesting votes: java.util.concurrent.ExecutionException: org.apache.ratis.thirdparty.io.grpc.StatusRuntimeException: UNAVAILABLE: io exception
2021-09-28 01:16:21,670 [aff66e22-6e70-443d-9eb4-a88275d3a955@group-2D885C1E68F8-LeaderElection28] INFO  impl.LeaderElection (LeaderElection.java:logAndReturn(89)) - aff66e22-6e70-443d-9eb4-a88275d3a955@group-2D885C1E68F8-LeaderElection28: ELECTION REJECTED received 0 response(s) and 2 exception(s):
2021-09-28 01:16:21,670 [aff66e22-6e70-443d-9eb4-a88275d3a955@group-2D885C1E68F8-LeaderElection28] INFO  impl.LeaderElection (LogUtils.java:infoOrTrace(137)) -   Exception 0: java.util.concurrent.ExecutionException: org.apache.ratis.thirdparty.io.grpc.StatusRuntimeException: UNAVAILABLE: io exception
2021-09-28 01:16:21,670 [aff66e22-6e70-443d-9eb4-a88275d3a955@group-2D885C1E68F8-LeaderElection28] INFO  impl.LeaderElection (LogUtils.java:infoOrTrace(137)) -   Exception 1: java.util.concurrent.ExecutionException: org.apache.ratis.thirdparty.io.grpc.StatusRuntimeException: UNAVAILABLE: io exception
2021-09-28 01:16:21,670 [aff66e22-6e70-443d-9eb4-a88275d3a955@group-2D885C1E68F8-LeaderElection28] INFO  impl.LeaderElection (LeaderElection.java:askForVotes(308)) - aff66e22-6e70-443d-9eb4-a88275d3a955@group-2D885C1E68F8-LeaderElection28 ELECTION round 0: result REJECTED
2021-09-28 01:16:21,670 [aff66e22-6e70-443d-9eb4-a88275d3a955@group-2D885C1E68F8-LeaderElection28] INFO  server.RaftServer$Division (RaftServerImpl.java:setRole(285)) - aff66e22-6e70-443d-9eb4-a88275d3a955@group-2D885C1E68F8: changes role from CANDIDATE to FOLLOWER at term 4 for REJECTED
2021-09-28 01:16:21,670 [aff66e22-6e70-443d-9eb4-a88275d3a955@group-2D885C1E68F8-LeaderElection28] INFO  impl.RoleInfo (RoleInfo.java:shutdownLeaderElection(121)) - aff66e22-6e70-443d-9eb4-a88275d3a955: shutdown aff66e22-6e70-443d-9eb4-a88275d3a955@group-2D885C1E68F8-LeaderElection28
2021-09-28 01:16:21,670 [aff66e22-6e70-443d-9eb4-a88275d3a955@group-2D885C1E68F8-LeaderElection28] INFO  impl.RoleInfo (RoleInfo.java:updateAndGet(130)) - aff66e22-6e70-443d-9eb4-a88275d3a955: start aff66e22-6e70-443d-9eb4-a88275d3a955@group-2D885C1E68F8-FollowerState
2021-09-28 01:16:21,766 [grpc-default-executor-2] WARN  server.GrpcLogAppender (LogUtils.java:warn(122)) - aff66e22-6e70-443d-9eb4-a88275d3a955@group-0C6976726A89->a68edfa1-dc1a-41e9-a365-15c521233673-AppendLogResponseHandler: Failed appendEntries: org.apache.ratis.thirdparty.io.grpc.StatusRuntimeException: UNAVAILABLE: io exception
2021-09-28 01:16:21,766 [grpc-default-executor-2] WARN  server.GrpcLogAppender (GrpcLogAppender.java:resetClient(111)) - aff66e22-6e70-443d-9eb4-a88275d3a955@group-0C6976726A89->a68edfa1-dc1a-41e9-a365-15c521233673-GrpcLogAppender: Leader has not got in touch with Follower aff66e22-6e70-443d-9eb4-a88275d3a955@group-0C6976726A89->a68edfa1-dc1a-41e9-a365-15c521233673(c0,m0,n1, attendVote=true, lastRpcSendTime=2510, lastRpcResponseTime=5032) yet, just keep nextIndex unchanged and retry.
2021-09-28 01:16:21,790 [grpc-default-executor-2] WARN  server.GrpcLogAppender (LogUtils.java:warn(122)) - aff66e22-6e70-443d-9eb4-a88275d3a955@group-0C6976726A89->682f795c-fd6e-4513-96f4-ff699a8baeca-AppendLogResponseHandler: Failed appendEntries: org.apache.ratis.thirdparty.io.grpc.StatusRuntimeException: UNAVAILABLE: io exception
2021-09-28 01:16:21,794 [grpc-default-executor-2] WARN  server.GrpcLogAppender (GrpcLogAppender.java:resetClient(111)) - aff66e22-6e70-443d-9eb4-a88275d3a955@group-0C6976726A89->682f795c-fd6e-4513-96f4-ff699a8baeca-GrpcLogAppender: Leader has not got in touch with Follower aff66e22-6e70-443d-9eb4-a88275d3a955@group-0C6976726A89->682f795c-fd6e-4513-96f4-ff699a8baeca(c0,m0,n1, attendVote=true, lastRpcSendTime=2504, lastRpcResponseTime=5023) yet, just keep nextIndex unchanged and retry.
2021-09-28 01:16:21,795 [EndpointStateMachine task thread for /127.0.0.1:15967 - 0 ] INFO  ipc.Client (Client.java:handleConnectionFailure(977)) - Retrying connect to server: localhost/127.0.0.1:15967. Already tried 10 time(s); retry policy is RetryUpToMaximumCountWithFixedSleep(maxRetries=15, sleepTime=1000 MILLISECONDS)
2021-09-28 01:16:22,075 [aff66e22-6e70-443d-9eb4-a88275d3a955@group-0C6976726A89-LeaderStateImpl] WARN  server.RaftServer$Division (LeaderStateImpl.java:checkLeadership(944)) - aff66e22-6e70-443d-9eb4-a88275d3a955@group-0C6976726A89-LeaderStateImpl: Lost leadership on term: 4. Election timeout: 5200ms. In charge for: 10461ms. Conf: 0: [a68edfa1-dc1a-41e9-a365-15c521233673|rpc:127.0.0.1:40889|dataStream:|priority:0, 682f795c-fd6e-4513-96f4-ff699a8baeca|rpc:127.0.0.1:41003|dataStream:|priority:0, aff66e22-6e70-443d-9eb4-a88275d3a955|rpc:127.0.0.1:45375|dataStream:|priority:1], old=null
2021-09-28 01:16:22,075 [aff66e22-6e70-443d-9eb4-a88275d3a955@group-0C6976726A89-LeaderStateImpl] WARN  server.RaftServer$Division (LeaderStateImpl.java:lambda$checkLeadership$15(948)) - Follower aff66e22-6e70-443d-9eb4-a88275d3a955@group-0C6976726A89->a68edfa1-dc1a-41e9-a365-15c521233673(c0,m0,n1, attendVote=true, lastRpcSendTime=307, lastRpcResponseTime=5341)
2021-09-28 01:16:22,076 [aff66e22-6e70-443d-9eb4-a88275d3a955@group-0C6976726A89-LeaderStateImpl] WARN  server.RaftServer$Division (LeaderStateImpl.java:lambda$checkLeadership$15(948)) - Follower aff66e22-6e70-443d-9eb4-a88275d3a955@group-0C6976726A89->682f795c-fd6e-4513-96f4-ff699a8baeca(c0,m0,n1, attendVote=true, lastRpcSendTime=280, lastRpcResponseTime=5304)
2021-09-28 01:16:22,076 [aff66e22-6e70-443d-9eb4-a88275d3a955@group-0C6976726A89-LeaderStateImpl] INFO  server.RaftServer$Division (RaftServerImpl.java:setRole(285)) - aff66e22-6e70-443d-9eb4-a88275d3a955@group-0C6976726A89: changes role from    LEADER to FOLLOWER at term 4 for StepDownReason:LOST_MAJORITY_HEARTBEATS
2021-09-28 01:16:22,076 [aff66e22-6e70-443d-9eb4-a88275d3a955@group-0C6976726A89-LeaderStateImpl] INFO  impl.RoleInfo (RoleInfo.java:shutdownLeaderState(91)) - aff66e22-6e70-443d-9eb4-a88275d3a955: shutdown aff66e22-6e70-443d-9eb4-a88275d3a955@group-0C6976726A89-LeaderStateImpl
2021-09-28 01:16:22,076 [aff66e22-6e70-443d-9eb4-a88275d3a955@group-0C6976726A89-LeaderStateImpl] INFO  impl.PendingRequests (PendingRequests.java:sendNotLeaderResponses(282)) - aff66e22-6e70-443d-9eb4-a88275d3a955@group-0C6976726A89-PendingRequests: sendNotLeaderResponses
2021-09-28 01:16:22,076 [aff66e22-6e70-443d-9eb4-a88275d3a955@group-0C6976726A89-LeaderStateImpl] INFO  impl.RoleInfo (RoleInfo.java:updateAndGet(130)) - aff66e22-6e70-443d-9eb4-a88275d3a955: start aff66e22-6e70-443d-9eb4-a88275d3a955@group-0C6976726A89-FollowerState
2021-09-28 01:16:22,131 [EndpointStateMachine task thread for /127.0.0.1:14245 - 0 ] INFO  ipc.Client (Client.java:handleConnectionFailure(977)) - Retrying connect to server: localhost/127.0.0.1:14245. Already tried 9 time(s); retry policy is RetryUpToMaximumCountWithFixedSleep(maxRetries=15, sleepTime=1000 MILLISECONDS)
2021-09-28 01:16:22,419 [EndpointStateMachine task thread for /127.0.0.1:15957 - 0 ] INFO  ipc.Client (Client.java:handleConnectionFailure(977)) - Retrying connect to server: localhost/127.0.0.1:15957. Already tried 10 time(s); retry policy is RetryUpToMaximumCountWithFixedSleep(maxRetries=15, sleepTime=1000 MILLISECONDS)
2021-09-28 01:16:22,573 [EndpointStateMachine task thread for /127.0.0.1:15977 - 0 ] INFO  ipc.Client (Client.java:handleConnectionFailure(977)) - Retrying connect to server: localhost/127.0.0.1:15977. Already tried 11 time(s); retry policy is RetryUpToMaximumCountWithFixedSleep(maxRetries=15, sleepTime=1000 MILLISECONDS)
2021-09-28 01:16:22,621 [EndpointStateMachine task thread for /127.0.0.1:14235 - 0 ] INFO  ipc.Client (Client.java:handleConnectionFailure(977)) - Retrying connect to server: localhost/127.0.0.1:14235. Already tried 9 time(s); retry policy is RetryUpToMaximumCountWithFixedSleep(maxRetries=15, sleepTime=1000 MILLISECONDS)
2021-09-28 01:16:22,631 [EndpointStateMachine task thread for /127.0.0.1:14225 - 0 ] INFO  ipc.Client (Client.java:handleConnectionFailure(977)) - Retrying connect to server: localhost/127.0.0.1:14225. Already tried 9 time(s); retry policy is RetryUpToMaximumCountWithFixedSleep(maxRetries=15, sleepTime=1000 MILLISECONDS)
2021-09-28 01:16:22,795 [EndpointStateMachine task thread for /127.0.0.1:15967 - 0 ] INFO  ipc.Client (Client.java:handleConnectionFailure(977)) - Retrying connect to server: localhost/127.0.0.1:15967. Already tried 11 time(s); retry policy is RetryUpToMaximumCountWithFixedSleep(maxRetries=15, sleepTime=1000 MILLISECONDS)
2021-09-28 01:16:23,132 [EndpointStateMachine task thread for /127.0.0.1:14245 - 0 ] INFO  ipc.Client (Client.java:handleConnectionFailure(977)) - Retrying connect to server: localhost/127.0.0.1:14245. Already tried 10 time(s); retry policy is RetryUpToMaximumCountWithFixedSleep(maxRetries=15, sleepTime=1000 MILLISECONDS)
2021-09-28 01:16:23,420 [EndpointStateMachine task thread for /127.0.0.1:15957 - 0 ] INFO  ipc.Client (Client.java:handleConnectionFailure(977)) - Retrying connect to server: localhost/127.0.0.1:15957. Already tried 11 time(s); retry policy is RetryUpToMaximumCountWithFixedSleep(maxRetries=15, sleepTime=1000 MILLISECONDS)
2021-09-28 01:16:23,574 [EndpointStateMachine task thread for /127.0.0.1:15977 - 0 ] INFO  ipc.Client (Client.java:handleConnectionFailure(977)) - Retrying connect to server: localhost/127.0.0.1:15977. Already tried 12 time(s); retry policy is RetryUpToMaximumCountWithFixedSleep(maxRetries=15, sleepTime=1000 MILLISECONDS)
2021-09-28 01:16:23,622 [EndpointStateMachine task thread for /127.0.0.1:14235 - 0 ] INFO  ipc.Client (Client.java:handleConnectionFailure(977)) - Retrying connect to server: localhost/127.0.0.1:14235. Already tried 10 time(s); retry policy is RetryUpToMaximumCountWithFixedSleep(maxRetries=15, sleepTime=1000 MILLISECONDS)
2021-09-28 01:16:23,631 [EndpointStateMachine task thread for /127.0.0.1:14225 - 0 ] INFO  ipc.Client (Client.java:handleConnectionFailure(977)) - Retrying connect to server: localhost/127.0.0.1:14225. Already tried 10 time(s); retry policy is RetryUpToMaximumCountWithFixedSleep(maxRetries=15, sleepTime=1000 MILLISECONDS)
2021-09-28 01:16:23,796 [EndpointStateMachine task thread for /127.0.0.1:15967 - 0 ] INFO  ipc.Client (Client.java:handleConnectionFailure(977)) - Retrying connect to server: localhost/127.0.0.1:15967. Already tried 12 time(s); retry policy is RetryUpToMaximumCountWithFixedSleep(maxRetries=15, sleepTime=1000 MILLISECONDS)
2021-09-28 01:16:24,133 [EndpointStateMachine task thread for /127.0.0.1:14245 - 0 ] INFO  ipc.Client (Client.java:handleConnectionFailure(977)) - Retrying connect to server: localhost/127.0.0.1:14245. Already tried 11 time(s); retry policy is RetryUpToMaximumCountWithFixedSleep(maxRetries=15, sleepTime=1000 MILLISECONDS)
2021-09-28 01:16:24,420 [EndpointStateMachine task thread for /127.0.0.1:15957 - 0 ] INFO  ipc.Client (Client.java:handleConnectionFailure(977)) - Retrying connect to server: localhost/127.0.0.1:15957. Already tried 12 time(s); retry policy is RetryUpToMaximumCountWithFixedSleep(maxRetries=15, sleepTime=1000 MILLISECONDS)
2021-09-28 01:16:24,574 [EndpointStateMachine task thread for /127.0.0.1:15977 - 0 ] INFO  ipc.Client (Client.java:handleConnectionFailure(977)) - Retrying connect to server: localhost/127.0.0.1:15977. Already tried 13 time(s); retry policy is RetryUpToMaximumCountWithFixedSleep(maxRetries=15, sleepTime=1000 MILLISECONDS)
2021-09-28 01:16:24,622 [EndpointStateMachine task thread for /127.0.0.1:14235 - 0 ] INFO  ipc.Client (Client.java:handleConnectionFailure(977)) - Retrying connect to server: localhost/127.0.0.1:14235. Already tried 11 time(s); retry policy is RetryUpToMaximumCountWithFixedSleep(maxRetries=15, sleepTime=1000 MILLISECONDS)
2021-09-28 01:16:24,631 [EndpointStateMachine task thread for /127.0.0.1:14225 - 0 ] INFO  ipc.Client (Client.java:handleConnectionFailure(977)) - Retrying connect to server: localhost/127.0.0.1:14225. Already tried 11 time(s); retry policy is RetryUpToMaximumCountWithFixedSleep(maxRetries=15, sleepTime=1000 MILLISECONDS)
2021-09-28 01:16:24,796 [EndpointStateMachine task thread for /127.0.0.1:15967 - 0 ] INFO  ipc.Client (Client.java:handleConnectionFailure(977)) - Retrying connect to server: localhost/127.0.0.1:15967. Already tried 13 time(s); retry policy is RetryUpToMaximumCountWithFixedSleep(maxRetries=15, sleepTime=1000 MILLISECONDS)
2021-09-28 01:16:25,134 [EndpointStateMachine task thread for /127.0.0.1:14245 - 0 ] INFO  ipc.Client (Client.java:handleConnectionFailure(977)) - Retrying connect to server: localhost/127.0.0.1:14245. Already tried 12 time(s); retry policy is RetryUpToMaximumCountWithFixedSleep(maxRetries=15, sleepTime=1000 MILLISECONDS)
2021-09-28 01:16:25,421 [EndpointStateMachine task thread for /127.0.0.1:15957 - 0 ] INFO  ipc.Client (Client.java:handleConnectionFailure(977)) - Retrying connect to server: localhost/127.0.0.1:15957. Already tried 13 time(s); retry policy is RetryUpToMaximumCountWithFixedSleep(maxRetries=15, sleepTime=1000 MILLISECONDS)
2021-09-28 01:16:25,575 [EndpointStateMachine task thread for /127.0.0.1:15977 - 0 ] INFO  ipc.Client (Client.java:handleConnectionFailure(977)) - Retrying connect to server: localhost/127.0.0.1:15977. Already tried 14 time(s); retry policy is RetryUpToMaximumCountWithFixedSleep(maxRetries=15, sleepTime=1000 MILLISECONDS)
2021-09-28 01:16:25,623 [EndpointStateMachine task thread for /127.0.0.1:14235 - 0 ] INFO  ipc.Client (Client.java:handleConnectionFailure(977)) - Retrying connect to server: localhost/127.0.0.1:14235. Already tried 12 time(s); retry policy is RetryUpToMaximumCountWithFixedSleep(maxRetries=15, sleepTime=1000 MILLISECONDS)
2021-09-28 01:16:25,632 [EndpointStateMachine task thread for /127.0.0.1:14225 - 0 ] INFO  ipc.Client (Client.java:handleConnectionFailure(977)) - Retrying connect to server: localhost/127.0.0.1:14225. Already tried 12 time(s); retry policy is RetryUpToMaximumCountWithFixedSleep(maxRetries=15, sleepTime=1000 MILLISECONDS)
2021-09-28 01:16:25,797 [EndpointStateMachine task thread for /127.0.0.1:15967 - 0 ] INFO  ipc.Client (Client.java:handleConnectionFailure(977)) - Retrying connect to server: localhost/127.0.0.1:15967. Already tried 14 time(s); retry policy is RetryUpToMaximumCountWithFixedSleep(maxRetries=15, sleepTime=1000 MILLISECONDS)
2021-09-28 01:16:26,135 [EndpointStateMachine task thread for /127.0.0.1:14245 - 0 ] INFO  ipc.Client (Client.java:handleConnectionFailure(977)) - Retrying connect to server: localhost/127.0.0.1:14245. Already tried 13 time(s); retry policy is RetryUpToMaximumCountWithFixedSleep(maxRetries=15, sleepTime=1000 MILLISECONDS)
2021-09-28 01:16:26,422 [EndpointStateMachine task thread for /127.0.0.1:15957 - 0 ] INFO  ipc.Client (Client.java:handleConnectionFailure(977)) - Retrying connect to server: localhost/127.0.0.1:15957. Already tried 14 time(s); retry policy is RetryUpToMaximumCountWithFixedSleep(maxRetries=15, sleepTime=1000 MILLISECONDS)
2021-09-28 01:16:26,531 [Listener at 127.0.0.1/13700] INFO  ozoneimpl.OzoneContainer (OzoneContainer.java:stop(325)) - Attempting to stop container services.
2021-09-28 01:16:26,532 [Listener at 127.0.0.1/13700] INFO  server.RaftServer (RaftServerProxy.java:lambda$close$6(391)) - aff66e22-6e70-443d-9eb4-a88275d3a955: close
2021-09-28 01:16:26,538 [Listener at 127.0.0.1/13700] INFO  server.RaftServer$Division (RaftServerImpl.java:lambda$close$4(407)) - aff66e22-6e70-443d-9eb4-a88275d3a955@group-2D885C1E68F8: shutdown
2021-09-28 01:16:26,538 [Listener at 127.0.0.1/13700] INFO  util.JmxRegister (JmxRegister.java:unregister(73)) - Successfully un-registered JMX Bean with object name Ratis:service=RaftServer,group=group-2D885C1E68F8,id=aff66e22-6e70-443d-9eb4-a88275d3a955
2021-09-28 01:16:26,539 [Listener at 127.0.0.1/13700] INFO  impl.RoleInfo (RoleInfo.java:shutdownFollowerState(108)) - aff66e22-6e70-443d-9eb4-a88275d3a955: shutdown aff66e22-6e70-443d-9eb4-a88275d3a955@group-2D885C1E68F8-FollowerState
2021-09-28 01:16:26,539 [Listener at 127.0.0.1/13700] INFO  impl.StateMachineUpdater (StateMachineUpdater.java:stopAndJoin(149)) - aff66e22-6e70-443d-9eb4-a88275d3a955@group-2D885C1E68F8-StateMachineUpdater: set stopIndex = 0
2021-09-28 01:16:26,539 [aff66e22-6e70-443d-9eb4-a88275d3a955@group-2D885C1E68F8-StateMachineUpdater] INFO  ratis.ContainerStateMachine (ContainerStateMachine.java:takeSnapshot(292)) - group-2D885C1E68F8: Taking a snapshot at:(t:3, i:0) file /home/runner/work/ozone/ozone/hadoop-ozone/integration-test/target/test-dir/MiniOzoneClusterImpl-4882f729-1751-4fe5-a7fb-8e9138349e05/datanode-2/data/ratis/9ad2b109-4306-4293-a84a-2d885c1e68f8/sm/snapshot.3_0
2021-09-28 01:16:26,539 [aff66e22-6e70-443d-9eb4-a88275d3a955@group-2D885C1E68F8-FollowerState] INFO  impl.FollowerState (FollowerState.java:run(143)) - aff66e22-6e70-443d-9eb4-a88275d3a955@group-2D885C1E68F8-FollowerState was interrupted: {}
java.lang.InterruptedException: sleep interrupted
	at java.lang.Thread.sleep(Native Method)
	at java.lang.Thread.sleep(Thread.java:340)
	at java.util.concurrent.TimeUnit.sleep(TimeUnit.java:386)
	at org.apache.ratis.util.TimeDuration.sleep(TimeDuration.java:324)
	at org.apache.ratis.util.TimeDuration.sleep(TimeDuration.java:309)
	at org.apache.ratis.server.impl.FollowerState.run(FollowerState.java:118)
2021-09-28 01:16:26,540 [aff66e22-6e70-443d-9eb4-a88275d3a955@group-2D885C1E68F8-StateMachineUpdater] INFO  ratis.ContainerStateMachine (ContainerStateMachine.java:takeSnapshot(303)) - group-2D885C1E68F8: Finished taking a snapshot at:(t:3, i:0) file:/home/runner/work/ozone/ozone/hadoop-ozone/integration-test/target/test-dir/MiniOzoneClusterImpl-4882f729-1751-4fe5-a7fb-8e9138349e05/datanode-2/data/ratis/9ad2b109-4306-4293-a84a-2d885c1e68f8/sm/snapshot.3_0 took: 1 ms
2021-09-28 01:16:26,540 [aff66e22-6e70-443d-9eb4-a88275d3a955@group-2D885C1E68F8-StateMachineUpdater] INFO  impl.StateMachineUpdater (StateMachineUpdater.java:takeSnapshot(281)) - aff66e22-6e70-443d-9eb4-a88275d3a955@group-2D885C1E68F8-StateMachineUpdater: Took a snapshot at index 0
2021-09-28 01:16:26,540 [aff66e22-6e70-443d-9eb4-a88275d3a955@group-2D885C1E68F8-StateMachineUpdater] INFO  impl.StateMachineUpdater (StateMachineUpdater.java:lambda$new$0(89)) - aff66e22-6e70-443d-9eb4-a88275d3a955@group-2D885C1E68F8-StateMachineUpdater: snapshotIndex: updateIncreasingly -1 -> 0
2021-09-28 01:16:26,542 [Listener at 127.0.0.1/13700] INFO  server.RaftServer$Division (ServerState.java:close(419)) - aff66e22-6e70-443d-9eb4-a88275d3a955@group-2D885C1E68F8: closes. applyIndex: 0
2021-09-28 01:16:26,542 [aff66e22-6e70-443d-9eb4-a88275d3a955@group-2D885C1E68F8-SegmentedRaftLogWorker] INFO  segmented.SegmentedRaftLogWorker (SegmentedRaftLogWorker.java:run(327)) - aff66e22-6e70-443d-9eb4-a88275d3a955@group-2D885C1E68F8-SegmentedRaftLogWorker was interrupted, exiting. There are 0 tasks remaining in the queue.
2021-09-28 01:16:26,545 [Listener at 127.0.0.1/13700] INFO  segmented.SegmentedRaftLogWorker (SegmentedRaftLogWorker.java:close(237)) - aff66e22-6e70-443d-9eb4-a88275d3a955@group-2D885C1E68F8-SegmentedRaftLogWorker close()
2021-09-28 01:16:26,545 [Listener at 127.0.0.1/13700] INFO  server.RaftServer$Division (RaftServerImpl.java:lambda$close$4(407)) - aff66e22-6e70-443d-9eb4-a88275d3a955@group-F550AEE6B5D1: shutdown
2021-09-28 01:16:26,546 [Listener at 127.0.0.1/13700] INFO  util.JmxRegister (JmxRegister.java:unregister(73)) - Successfully un-registered JMX Bean with object name Ratis:service=RaftServer,group=group-F550AEE6B5D1,id=aff66e22-6e70-443d-9eb4-a88275d3a955
2021-09-28 01:16:26,546 [Listener at 127.0.0.1/13700] INFO  impl.RoleInfo (RoleInfo.java:shutdownLeaderState(91)) - aff66e22-6e70-443d-9eb4-a88275d3a955: shutdown aff66e22-6e70-443d-9eb4-a88275d3a955@group-F550AEE6B5D1-LeaderStateImpl
2021-09-28 01:16:26,546 [Listener at 127.0.0.1/13700] INFO  impl.PendingRequests (PendingRequests.java:sendNotLeaderResponses(282)) - aff66e22-6e70-443d-9eb4-a88275d3a955@group-F550AEE6B5D1-PendingRequests: sendNotLeaderResponses
2021-09-28 01:16:26,547 [Listener at 127.0.0.1/13700] INFO  impl.StateMachineUpdater (StateMachineUpdater.java:stopAndJoin(149)) - aff66e22-6e70-443d-9eb4-a88275d3a955@group-F550AEE6B5D1-StateMachineUpdater: set stopIndex = 0
2021-09-28 01:16:26,547 [aff66e22-6e70-443d-9eb4-a88275d3a955@group-F550AEE6B5D1-StateMachineUpdater] INFO  ratis.ContainerStateMachine (ContainerStateMachine.java:takeSnapshot(292)) - group-F550AEE6B5D1: Taking a snapshot at:(t:1, i:0) file /home/runner/work/ozone/ozone/hadoop-ozone/integration-test/target/test-dir/MiniOzoneClusterImpl-4882f729-1751-4fe5-a7fb-8e9138349e05/datanode-2/data/ratis/e8b8b981-ef12-48e1-a9e6-f550aee6b5d1/sm/snapshot.1_0
2021-09-28 01:16:26,548 [aff66e22-6e70-443d-9eb4-a88275d3a955@group-F550AEE6B5D1-StateMachineUpdater] INFO  ratis.ContainerStateMachine (ContainerStateMachine.java:takeSnapshot(303)) - group-F550AEE6B5D1: Finished taking a snapshot at:(t:1, i:0) file:/home/runner/work/ozone/ozone/hadoop-ozone/integration-test/target/test-dir/MiniOzoneClusterImpl-4882f729-1751-4fe5-a7fb-8e9138349e05/datanode-2/data/ratis/e8b8b981-ef12-48e1-a9e6-f550aee6b5d1/sm/snapshot.1_0 took: 1 ms
2021-09-28 01:16:26,548 [aff66e22-6e70-443d-9eb4-a88275d3a955@group-F550AEE6B5D1-StateMachineUpdater] INFO  impl.StateMachineUpdater (StateMachineUpdater.java:takeSnapshot(281)) - aff66e22-6e70-443d-9eb4-a88275d3a955@group-F550AEE6B5D1-StateMachineUpdater: Took a snapshot at index 0
2021-09-28 01:16:26,549 [aff66e22-6e70-443d-9eb4-a88275d3a955@group-F550AEE6B5D1-StateMachineUpdater] INFO  impl.StateMachineUpdater (StateMachineUpdater.java:lambda$new$0(89)) - aff66e22-6e70-443d-9eb4-a88275d3a955@group-F550AEE6B5D1-StateMachineUpdater: snapshotIndex: updateIncreasingly -1 -> 0
2021-09-28 01:16:26,550 [Listener at 127.0.0.1/13700] INFO  server.RaftServer$Division (ServerState.java:close(419)) - aff66e22-6e70-443d-9eb4-a88275d3a955@group-F550AEE6B5D1: closes. applyIndex: 0
2021-09-28 01:16:26,551 [aff66e22-6e70-443d-9eb4-a88275d3a955@group-F550AEE6B5D1-SegmentedRaftLogWorker] INFO  segmented.SegmentedRaftLogWorker (SegmentedRaftLogWorker.java:run(327)) - aff66e22-6e70-443d-9eb4-a88275d3a955@group-F550AEE6B5D1-SegmentedRaftLogWorker was interrupted, exiting. There are 0 tasks remaining in the queue.
2021-09-28 01:16:26,551 [Listener at 127.0.0.1/13700] INFO  segmented.SegmentedRaftLogWorker (SegmentedRaftLogWorker.java:close(237)) - aff66e22-6e70-443d-9eb4-a88275d3a955@group-F550AEE6B5D1-SegmentedRaftLogWorker close()
2021-09-28 01:16:26,555 [Listener at 127.0.0.1/13700] INFO  server.RaftServer$Division (RaftServerImpl.java:lambda$close$4(407)) - aff66e22-6e70-443d-9eb4-a88275d3a955@group-0C6976726A89: shutdown
2021-09-28 01:16:26,558 [Listener at 127.0.0.1/13700] INFO  util.JmxRegister (JmxRegister.java:unregister(73)) - Successfully un-registered JMX Bean with object name Ratis:service=RaftServer,group=group-0C6976726A89,id=aff66e22-6e70-443d-9eb4-a88275d3a955
2021-09-28 01:16:26,562 [Listener at 127.0.0.1/13700] INFO  impl.RoleInfo (RoleInfo.java:shutdownFollowerState(108)) - aff66e22-6e70-443d-9eb4-a88275d3a955: shutdown aff66e22-6e70-443d-9eb4-a88275d3a955@group-0C6976726A89-FollowerState
2021-09-28 01:16:26,562 [aff66e22-6e70-443d-9eb4-a88275d3a955@group-0C6976726A89-FollowerState] INFO  impl.FollowerState (FollowerState.java:run(143)) - aff66e22-6e70-443d-9eb4-a88275d3a955@group-0C6976726A89-FollowerState was interrupted: {}
java.lang.InterruptedException: sleep interrupted
	at java.lang.Thread.sleep(Native Method)
	at java.lang.Thread.sleep(Thread.java:340)
	at java.util.concurrent.TimeUnit.sleep(TimeUnit.java:386)
	at org.apache.ratis.util.TimeDuration.sleep(TimeDuration.java:324)
	at org.apache.ratis.util.TimeDuration.sleep(TimeDuration.java:309)
	at org.apache.ratis.server.impl.FollowerState.run(FollowerState.java:118)
2021-09-28 01:16:26,573 [Listener at 127.0.0.1/13700] INFO  impl.StateMachineUpdater (StateMachineUpdater.java:stopAndJoin(149)) - aff66e22-6e70-443d-9eb4-a88275d3a955@group-0C6976726A89-StateMachineUpdater: set stopIndex = 0
2021-09-28 01:16:26,573 [aff66e22-6e70-443d-9eb4-a88275d3a955@group-0C6976726A89-StateMachineUpdater] INFO  ratis.ContainerStateMachine (ContainerStateMachine.java:takeSnapshot(292)) - group-0C6976726A89: Taking a snapshot at:(t:4, i:0) file /home/runner/work/ozone/ozone/hadoop-ozone/integration-test/target/test-dir/MiniOzoneClusterImpl-4882f729-1751-4fe5-a7fb-8e9138349e05/datanode-2/data/ratis/079304ac-6366-4ac1-b056-0c6976726a89/sm/snapshot.4_0
2021-09-28 01:16:26,576 [EndpointStateMachine task thread for /127.0.0.1:15977 - 0 ] INFO  ipc.Client (Client.java:handleConnectionFailure(977)) - Retrying connect to server: localhost/127.0.0.1:15977. Already tried 0 time(s); retry policy is RetryUpToMaximumCountWithFixedSleep(maxRetries=15, sleepTime=1000 MILLISECONDS)
2021-09-28 01:16:26,576 [aff66e22-6e70-443d-9eb4-a88275d3a955@group-0C6976726A89-StateMachineUpdater] INFO  ratis.ContainerStateMachine (ContainerStateMachine.java:takeSnapshot(303)) - group-0C6976726A89: Finished taking a snapshot at:(t:4, i:0) file:/home/runner/work/ozone/ozone/hadoop-ozone/integration-test/target/test-dir/MiniOzoneClusterImpl-4882f729-1751-4fe5-a7fb-8e9138349e05/datanode-2/data/ratis/079304ac-6366-4ac1-b056-0c6976726a89/sm/snapshot.4_0 took: 3 ms
2021-09-28 01:16:26,576 [aff66e22-6e70-443d-9eb4-a88275d3a955@group-0C6976726A89-StateMachineUpdater] INFO  impl.StateMachineUpdater (StateMachineUpdater.java:takeSnapshot(281)) - aff66e22-6e70-443d-9eb4-a88275d3a955@group-0C6976726A89-StateMachineUpdater: Took a snapshot at index 0
2021-09-28 01:16:26,576 [aff66e22-6e70-443d-9eb4-a88275d3a955@group-0C6976726A89-StateMachineUpdater] INFO  impl.StateMachineUpdater (StateMachineUpdater.java:lambda$new$0(89)) - aff66e22-6e70-443d-9eb4-a88275d3a955@group-0C6976726A89-StateMachineUpdater: snapshotIndex: updateIncreasingly -1 -> 0
2021-09-28 01:16:26,577 [Listener at 127.0.0.1/13700] INFO  server.RaftServer$Division (ServerState.java:close(419)) - aff66e22-6e70-443d-9eb4-a88275d3a955@group-0C6976726A89: closes. applyIndex: 0
2021-09-28 01:16:26,577 [aff66e22-6e70-443d-9eb4-a88275d3a955@group-0C6976726A89-SegmentedRaftLogWorker] INFO  segmented.SegmentedRaftLogWorker (SegmentedRaftLogWorker.java:run(327)) - aff66e22-6e70-443d-9eb4-a88275d3a955@group-0C6976726A89-SegmentedRaftLogWorker was interrupted, exiting. There are 0 tasks remaining in the queue.
2021-09-28 01:16:26,577 [Listener at 127.0.0.1/13700] INFO  segmented.SegmentedRaftLogWorker (SegmentedRaftLogWorker.java:close(237)) - aff66e22-6e70-443d-9eb4-a88275d3a955@group-0C6976726A89-SegmentedRaftLogWorker close()
2021-09-28 01:16:26,578 [Listener at 127.0.0.1/13700] INFO  server.GrpcService (GrpcService.java:closeImpl(262)) - aff66e22-6e70-443d-9eb4-a88275d3a955: shutdown server with port 45375 now
2021-09-28 01:16:26,579 [Listener at 127.0.0.1/13700] INFO  server.GrpcService (GrpcService.java:closeImpl(271)) - aff66e22-6e70-443d-9eb4-a88275d3a955: shutdown server with port 45375 successfully
2021-09-28 01:16:26,579 [org.apache.ratis.util.JvmPauseMonitor$$Lambda$499/1893987183@56713b9] INFO  util.JvmPauseMonitor (JvmPauseMonitor.java:run(109)) - JvmPauseMonitor-aff66e22-6e70-443d-9eb4-a88275d3a955: Stopped
2021-09-28 01:16:26,580 [Listener at 127.0.0.1/13700] INFO  utils.BackgroundService (BackgroundService.java:shutdown(132)) - Shutting down service BlockDeletingService
2021-09-28 01:16:26,623 [EndpointStateMachine task thread for /127.0.0.1:14235 - 0 ] INFO  ipc.Client (Client.java:handleConnectionFailure(977)) - Retrying connect to server: localhost/127.0.0.1:14235. Already tried 13 time(s); retry policy is RetryUpToMaximumCountWithFixedSleep(maxRetries=15, sleepTime=1000 MILLISECONDS)
2021-09-28 01:16:26,632 [EndpointStateMachine task thread for /127.0.0.1:14225 - 0 ] INFO  ipc.Client (Client.java:handleConnectionFailure(977)) - Retrying connect to server: localhost/127.0.0.1:14225. Already tried 13 time(s); retry policy is RetryUpToMaximumCountWithFixedSleep(maxRetries=15, sleepTime=1000 MILLISECONDS)
2021-09-28 01:16:26,800 [EndpointStateMachine task thread for /127.0.0.1:15967 - 0 ] INFO  ipc.Client (Client.java:handleConnectionFailure(977)) - Retrying connect to server: localhost/127.0.0.1:15967. Already tried 0 time(s); retry policy is RetryUpToMaximumCountWithFixedSleep(maxRetries=15, sleepTime=1000 MILLISECONDS)
2021-09-28 01:16:27,135 [EndpointStateMachine task thread for /127.0.0.1:14245 - 0 ] INFO  ipc.Client (Client.java:handleConnectionFailure(977)) - Retrying connect to server: localhost/127.0.0.1:14245. Already tried 14 time(s); retry policy is RetryUpToMaximumCountWithFixedSleep(maxRetries=15, sleepTime=1000 MILLISECONDS)
2021-09-28 01:16:27,136 [EndpointStateMachine task thread for /127.0.0.1:14245 - 0 ] WARN  statemachine.EndpointStateMachine (EndpointStateMachine.java:logIfNeeded(236)) - Unable to communicate to SCM server at localhost:14245 for past 0 seconds.
java.net.ConnectException: Call From fv-az50-883/10.1.0.25 to localhost:14245 failed on connection exception: java.net.ConnectException: Connection refused; For more details see:  http://wiki.apache.org/hadoop/ConnectionRefused
	at sun.reflect.GeneratedConstructorAccessor44.newInstance(Unknown Source)
	at sun.reflect.DelegatingConstructorAccessorImpl.newInstance(DelegatingConstructorAccessorImpl.java:45)
	at java.lang.reflect.Constructor.newInstance(Constructor.java:423)
	at org.apache.hadoop.net.NetUtils.wrapWithMessage(NetUtils.java:913)
	at org.apache.hadoop.net.NetUtils.wrapException(NetUtils.java:828)
	at org.apache.hadoop.ipc.Client.getRpcResponse(Client.java:1577)
	at org.apache.hadoop.ipc.Client.call(Client.java:1519)
	at org.apache.hadoop.ipc.Client.call(Client.java:1416)
	at org.apache.hadoop.ipc.ProtobufRpcEngine$Invoker.invoke(ProtobufRpcEngine.java:236)
	at org.apache.hadoop.ipc.ProtobufRpcEngine$Invoker.invoke(ProtobufRpcEngine.java:123)
	at com.sun.proxy.$Proxy48.submitRequest(Unknown Source)
	at org.apache.hadoop.ozone.protocolPB.StorageContainerDatanodeProtocolClientSideTranslatorPB.submitRequest(StorageContainerDatanodeProtocolClientSideTranslatorPB.java:117)
	at org.apache.hadoop.ozone.protocolPB.StorageContainerDatanodeProtocolClientSideTranslatorPB.register(StorageContainerDatanodeProtocolClientSideTranslatorPB.java:180)
	at org.apache.hadoop.ozone.container.common.states.endpoint.RegisterEndpointTask.call(RegisterEndpointTask.java:158)
	at org.apache.hadoop.ozone.container.common.states.endpoint.RegisterEndpointTask.call(RegisterEndpointTask.java:52)
	at java.util.concurrent.FutureTask.run(FutureTask.java:266)
	at java.util.concurrent.ThreadPoolExecutor.runWorker(ThreadPoolExecutor.java:1149)
	at java.util.concurrent.ThreadPoolExecutor$Worker.run(ThreadPoolExecutor.java:624)
	at java.lang.Thread.run(Thread.java:748)
Caused by: java.net.ConnectException: Connection refused
	at sun.nio.ch.SocketChannelImpl.checkConnect(Native Method)
	at sun.nio.ch.SocketChannelImpl.finishConnect(SocketChannelImpl.java:716)
	at org.apache.hadoop.net.SocketIOWithTimeout.connect(SocketIOWithTimeout.java:206)
	at org.apache.hadoop.net.NetUtils.connect(NetUtils.java:586)
	at org.apache.hadoop.ipc.Client$Connection.setupConnection(Client.java:701)
	at org.apache.hadoop.ipc.Client$Connection.setupIOstreams(Client.java:822)
	at org.apache.hadoop.ipc.Client$Connection.access$3800(Client.java:414)
	at org.apache.hadoop.ipc.Client.getConnection(Client.java:1647)
	at org.apache.hadoop.ipc.Client.call(Client.java:1463)
	... 12 more
2021-09-28 01:16:27,423 [EndpointStateMachine task thread for /127.0.0.1:15957 - 0 ] INFO  ipc.Client (Client.java:handleConnectionFailure(977)) - Retrying connect to server: localhost/127.0.0.1:15957. Already tried 0 time(s); retry policy is RetryUpToMaximumCountWithFixedSleep(maxRetries=15, sleepTime=1000 MILLISECONDS)
2021-09-28 01:16:27,577 [EndpointStateMachine task thread for /127.0.0.1:15977 - 0 ] INFO  ipc.Client (Client.java:handleConnectionFailure(977)) - Retrying connect to server: localhost/127.0.0.1:15977. Already tried 1 time(s); retry policy is RetryUpToMaximumCountWithFixedSleep(maxRetries=15, sleepTime=1000 MILLISECONDS)
2021-09-28 01:16:27,624 [EndpointStateMachine task thread for /127.0.0.1:14235 - 0 ] INFO  ipc.Client (Client.java:handleConnectionFailure(977)) - Retrying connect to server: localhost/127.0.0.1:14235. Already tried 14 time(s); retry policy is RetryUpToMaximumCountWithFixedSleep(maxRetries=15, sleepTime=1000 MILLISECONDS)
2021-09-28 01:16:27,624 [EndpointStateMachine task thread for /127.0.0.1:14235 - 0 ] WARN  statemachine.EndpointStateMachine (EndpointStateMachine.java:logIfNeeded(236)) - Unable to communicate to SCM server at localhost:14235 for past 0 seconds.
java.net.ConnectException: Call From fv-az50-883/10.1.0.25 to localhost:14235 failed on connection exception: java.net.ConnectException: Connection refused; For more details see:  http://wiki.apache.org/hadoop/ConnectionRefused
	at sun.reflect.GeneratedConstructorAccessor44.newInstance(Unknown Source)
	at sun.reflect.DelegatingConstructorAccessorImpl.newInstance(DelegatingConstructorAccessorImpl.java:45)
	at java.lang.reflect.Constructor.newInstance(Constructor.java:423)
	at org.apache.hadoop.net.NetUtils.wrapWithMessage(NetUtils.java:913)
	at org.apache.hadoop.net.NetUtils.wrapException(NetUtils.java:828)
	at org.apache.hadoop.ipc.Client.getRpcResponse(Client.java:1577)
	at org.apache.hadoop.ipc.Client.call(Client.java:1519)
	at org.apache.hadoop.ipc.Client.call(Client.java:1416)
	at org.apache.hadoop.ipc.ProtobufRpcEngine$Invoker.invoke(ProtobufRpcEngine.java:236)
	at org.apache.hadoop.ipc.ProtobufRpcEngine$Invoker.invoke(ProtobufRpcEngine.java:123)
	at com.sun.proxy.$Proxy48.submitRequest(Unknown Source)
	at org.apache.hadoop.ozone.protocolPB.StorageContainerDatanodeProtocolClientSideTranslatorPB.submitRequest(StorageContainerDatanodeProtocolClientSideTranslatorPB.java:117)
	at org.apache.hadoop.ozone.protocolPB.StorageContainerDatanodeProtocolClientSideTranslatorPB.sendHeartbeat(StorageContainerDatanodeProtocolClientSideTranslatorPB.java:149)
	at org.apache.hadoop.ozone.container.common.states.endpoint.HeartbeatEndpointTask.call(HeartbeatEndpointTask.java:179)
	at org.apache.hadoop.ozone.container.common.states.endpoint.HeartbeatEndpointTask.call(HeartbeatEndpointTask.java:82)
	at java.util.concurrent.FutureTask.run(FutureTask.java:266)
	at java.util.concurrent.ThreadPoolExecutor.runWorker(ThreadPoolExecutor.java:1149)
	at java.util.concurrent.ThreadPoolExecutor$Worker.run(ThreadPoolExecutor.java:624)
	at java.lang.Thread.run(Thread.java:748)
Caused by: java.net.ConnectException: Connection refused
	at sun.nio.ch.SocketChannelImpl.checkConnect(Native Method)
	at sun.nio.ch.SocketChannelImpl.finishConnect(SocketChannelImpl.java:716)
	at org.apache.hadoop.net.SocketIOWithTimeout.connect(SocketIOWithTimeout.java:206)
	at org.apache.hadoop.net.NetUtils.connect(NetUtils.java:586)
	at org.apache.hadoop.ipc.Client$Connection.setupConnection(Client.java:701)
	at org.apache.hadoop.ipc.Client$Connection.setupIOstreams(Client.java:822)
	at org.apache.hadoop.ipc.Client$Connection.access$3800(Client.java:414)
	at org.apache.hadoop.ipc.Client.getConnection(Client.java:1647)
	at org.apache.hadoop.ipc.Client.call(Client.java:1463)
	... 12 more
2021-09-28 01:16:27,632 [EndpointStateMachine task thread for /127.0.0.1:14225 - 0 ] INFO  ipc.Client (Client.java:handleConnectionFailure(977)) - Retrying connect to server: localhost/127.0.0.1:14225. Already tried 14 time(s); retry policy is RetryUpToMaximumCountWithFixedSleep(maxRetries=15, sleepTime=1000 MILLISECONDS)
2021-09-28 01:16:27,633 [EndpointStateMachine task thread for /127.0.0.1:14225 - 0 ] WARN  statemachine.EndpointStateMachine (EndpointStateMachine.java:logIfNeeded(236)) - Unable to communicate to SCM server at localhost:14225 for past 0 seconds.
java.net.ConnectException: Call From fv-az50-883/10.1.0.25 to localhost:14225 failed on connection exception: java.net.ConnectException: Connection refused; For more details see:  http://wiki.apache.org/hadoop/ConnectionRefused
	at sun.reflect.GeneratedConstructorAccessor44.newInstance(Unknown Source)
	at sun.reflect.DelegatingConstructorAccessorImpl.newInstance(DelegatingConstructorAccessorImpl.java:45)
	at java.lang.reflect.Constructor.newInstance(Constructor.java:423)
	at org.apache.hadoop.net.NetUtils.wrapWithMessage(NetUtils.java:913)
	at org.apache.hadoop.net.NetUtils.wrapException(NetUtils.java:828)
	at org.apache.hadoop.ipc.Client.getRpcResponse(Client.java:1577)
	at org.apache.hadoop.ipc.Client.call(Client.java:1519)
	at org.apache.hadoop.ipc.Client.call(Client.java:1416)
	at org.apache.hadoop.ipc.ProtobufRpcEngine$Invoker.invoke(ProtobufRpcEngine.java:236)
	at org.apache.hadoop.ipc.ProtobufRpcEngine$Invoker.invoke(ProtobufRpcEngine.java:123)
	at com.sun.proxy.$Proxy48.submitRequest(Unknown Source)
	at org.apache.hadoop.ozone.protocolPB.StorageContainerDatanodeProtocolClientSideTranslatorPB.submitRequest(StorageContainerDatanodeProtocolClientSideTranslatorPB.java:117)
	at org.apache.hadoop.ozone.protocolPB.StorageContainerDatanodeProtocolClientSideTranslatorPB.sendHeartbeat(StorageContainerDatanodeProtocolClientSideTranslatorPB.java:149)
	at org.apache.hadoop.ozone.container.common.states.endpoint.HeartbeatEndpointTask.call(HeartbeatEndpointTask.java:179)
	at org.apache.hadoop.ozone.container.common.states.endpoint.HeartbeatEndpointTask.call(HeartbeatEndpointTask.java:82)
	at java.util.concurrent.FutureTask.run(FutureTask.java:266)
	at java.util.concurrent.ThreadPoolExecutor.runWorker(ThreadPoolExecutor.java:1149)
	at java.util.concurrent.ThreadPoolExecutor$Worker.run(ThreadPoolExecutor.java:624)
	at java.lang.Thread.run(Thread.java:748)
Caused by: java.net.ConnectException: Connection refused
	at sun.nio.ch.SocketChannelImpl.checkConnect(Native Method)
	at sun.nio.ch.SocketChannelImpl.finishConnect(SocketChannelImpl.java:716)
	at org.apache.hadoop.net.SocketIOWithTimeout.connect(SocketIOWithTimeout.java:206)
	at org.apache.hadoop.net.NetUtils.connect(NetUtils.java:586)
	at org.apache.hadoop.ipc.Client$Connection.setupConnection(Client.java:701)
	at org.apache.hadoop.ipc.Client$Connection.setupIOstreams(Client.java:822)
	at org.apache.hadoop.ipc.Client$Connection.access$3800(Client.java:414)
	at org.apache.hadoop.ipc.Client.getConnection(Client.java:1647)
	at org.apache.hadoop.ipc.Client.call(Client.java:1463)
	... 12 more
2021-09-28 01:16:27,800 [EndpointStateMachine task thread for /127.0.0.1:15967 - 0 ] INFO  ipc.Client (Client.java:handleConnectionFailure(977)) - Retrying connect to server: localhost/127.0.0.1:15967. Already tried 1 time(s); retry policy is RetryUpToMaximumCountWithFixedSleep(maxRetries=15, sleepTime=1000 MILLISECONDS)
2021-09-28 01:16:28,137 [EndpointStateMachine task thread for /127.0.0.1:14245 - 0 ] INFO  ipc.Client (Client.java:handleConnectionFailure(977)) - Retrying connect to server: localhost/127.0.0.1:14245. Already tried 0 time(s); retry policy is RetryUpToMaximumCountWithFixedSleep(maxRetries=15, sleepTime=1000 MILLISECONDS)
2021-09-28 01:16:28,423 [EndpointStateMachine task thread for /127.0.0.1:15957 - 0 ] INFO  ipc.Client (Client.java:handleConnectionFailure(977)) - Retrying connect to server: localhost/127.0.0.1:15957. Already tried 1 time(s); retry policy is RetryUpToMaximumCountWithFixedSleep(maxRetries=15, sleepTime=1000 MILLISECONDS)
2021-09-28 01:16:28,577 [EndpointStateMachine task thread for /127.0.0.1:15977 - 0 ] INFO  ipc.Client (Client.java:handleConnectionFailure(977)) - Retrying connect to server: localhost/127.0.0.1:15977. Already tried 2 time(s); retry policy is RetryUpToMaximumCountWithFixedSleep(maxRetries=15, sleepTime=1000 MILLISECONDS)
2021-09-28 01:16:28,632 [EndpointStateMachine task thread for /127.0.0.1:14235 - 0 ] INFO  ipc.Client (Client.java:handleConnectionFailure(977)) - Retrying connect to server: localhost/127.0.0.1:14235. Already tried 0 time(s); retry policy is RetryUpToMaximumCountWithFixedSleep(maxRetries=15, sleepTime=1000 MILLISECONDS)
2021-09-28 01:16:28,633 [EndpointStateMachine task thread for /127.0.0.1:14225 - 0 ] INFO  ipc.Client (Client.java:handleConnectionFailure(977)) - Retrying connect to server: localhost/127.0.0.1:14225. Already tried 0 time(s); retry policy is RetryUpToMaximumCountWithFixedSleep(maxRetries=15, sleepTime=1000 MILLISECONDS)
2021-09-28 01:16:28,801 [EndpointStateMachine task thread for /127.0.0.1:15967 - 0 ] INFO  ipc.Client (Client.java:handleConnectionFailure(977)) - Retrying connect to server: localhost/127.0.0.1:15967. Already tried 2 time(s); retry policy is RetryUpToMaximumCountWithFixedSleep(maxRetries=15, sleepTime=1000 MILLISECONDS)
2021-09-28 01:16:29,138 [EndpointStateMachine task thread for /127.0.0.1:14245 - 0 ] INFO  ipc.Client (Client.java:handleConnectionFailure(977)) - Retrying connect to server: localhost/127.0.0.1:14245. Already tried 1 time(s); retry policy is RetryUpToMaximumCountWithFixedSleep(maxRetries=15, sleepTime=1000 MILLISECONDS)
2021-09-28 01:16:29,424 [EndpointStateMachine task thread for /127.0.0.1:15957 - 0 ] INFO  ipc.Client (Client.java:handleConnectionFailure(977)) - Retrying connect to server: localhost/127.0.0.1:15957. Already tried 2 time(s); retry policy is RetryUpToMaximumCountWithFixedSleep(maxRetries=15, sleepTime=1000 MILLISECONDS)
2021-09-28 01:16:29,578 [EndpointStateMachine task thread for /127.0.0.1:15977 - 0 ] INFO  ipc.Client (Client.java:handleConnectionFailure(977)) - Retrying connect to server: localhost/127.0.0.1:15977. Already tried 3 time(s); retry policy is RetryUpToMaximumCountWithFixedSleep(maxRetries=15, sleepTime=1000 MILLISECONDS)
2021-09-28 01:16:29,582 [Listener at 127.0.0.1/13700] INFO  statemachine.DatanodeStateMachine (DatanodeStateMachine.java:stopDaemon(515)) - Ozone container server stopped.
2021-09-28 01:16:29,583 [Listener at 127.0.0.1/13700] INFO  handler.ContextHandler (ContextHandler.java:doStop(1153)) - Stopped o.e.j.w.WebAppContext@4088f5f3{hddsDatanode,/,null,STOPPED}{jar:file:/home/runner/.m2/repository/org/apache/ozone/hdds-container-service/1.2.0-SNAPSHOT/hdds-container-service-1.2.0-SNAPSHOT.jar!/webapps/hddsDatanode}
2021-09-28 01:16:29,583 [Listener at 127.0.0.1/13700] INFO  server.AbstractConnector (AbstractConnector.java:doStop(381)) - Stopped ServerConnector@6ae9b2f0{HTTP/1.1, (http/1.1)}{0.0.0.0:0}
2021-09-28 01:16:29,584 [Listener at 127.0.0.1/13700] INFO  server.session (HouseKeeper.java:stopScavenging(149)) - node0 Stopped scavenging
2021-09-28 01:16:29,584 [Listener at 127.0.0.1/13700] INFO  handler.ContextHandler (ContextHandler.java:doStop(1153)) - Stopped o.e.j.s.ServletContextHandler@221ae367{static,/static,jar:file:/home/runner/.m2/repository/org/apache/ozone/hdds-container-service/1.2.0-SNAPSHOT/hdds-container-service-1.2.0-SNAPSHOT.jar!/webapps/static,STOPPED}
2021-09-28 01:16:29,584 [Listener at 127.0.0.1/13700] INFO  handler.ContextHandler (ContextHandler.java:doStop(1153)) - Stopped o.e.j.s.ServletContextHandler@383fc873{logs,/logs,file:///home/runner/work/ozone/ozone/hadoop-ozone/integration-test/target/log,STOPPED}
2021-09-28 01:16:29,632 [EndpointStateMachine task thread for /127.0.0.1:14235 - 0 ] INFO  ipc.Client (Client.java:handleConnectionFailure(977)) - Retrying connect to server: localhost/127.0.0.1:14235. Already tried 1 time(s); retry policy is RetryUpToMaximumCountWithFixedSleep(maxRetries=15, sleepTime=1000 MILLISECONDS)
2021-09-28 01:16:29,634 [EndpointStateMachine task thread for /127.0.0.1:14225 - 0 ] INFO  ipc.Client (Client.java:handleConnectionFailure(977)) - Retrying connect to server: localhost/127.0.0.1:14225. Already tried 1 time(s); retry policy is RetryUpToMaximumCountWithFixedSleep(maxRetries=15, sleepTime=1000 MILLISECONDS)
]]></system-out>
  </testcase>
  <testcase name="testInstallCorruptedCheckpointFailure" classname="org.apache.hadoop.ozone.scm.TestSCMInstallSnapshotWithHA" time="53.112"/>
</testsuite>